<?xml version="1.0" encoding="UTF-8"?>
<testsuite xmlns:xsi="http://www.w3.org/2001/XMLSchema-instance" xsi:noNamespaceSchemaLocation="https://maven.apache.org/surefire/maven-surefire-plugin/xsd/surefire-test-report-3.0.xsd" version="3.0" name="org.apache.hadoop.ozone.client.rpc.TestContainerStateMachineFailures" time="187.793" tests="7" errors="1" skipped="0" failures="0">
  <properties>
    <property name="java.specification.version" value="21"/>
    <property name="sun.jnu.encoding" value="UTF-8"/>
    <property name="java.class.path" value="/home/runner/work/ozone/ozone/hadoop-ozone/integration-test/target/test-classes:/home/runner/work/ozone/ozone/hadoop-ozone/integration-test/target/classes:/home/runner/work/ozone/ozone/hadoop-ozone/common/target/ozone-common-2.0.0-SNAPSHOT.jar:/home/runner/.m2/repository/io/grpc/grpc-netty/1.58.0/grpc-netty-1.58.0.jar:/home/runner/.m2/repository/io/grpc/grpc-core/1.58.0/grpc-core-1.58.0.jar:/home/runner/.m2/repository/com/google/android/annotations/4.1.1.4/annotations-4.1.1.4.jar:/home/runner/.m2/repository/org/codehaus/mojo/animal-sniffer-annotations/1.23/animal-sniffer-annotations-1.23.jar:/home/runner/.m2/repository/io/grpc/grpc-context/1.58.0/grpc-context-1.58.0.jar:/home/runner/.m2/repository/io/grpc/grpc-util/1.58.0/grpc-util-1.58.0.jar:/home/runner/.m2/repository/com/google/errorprone/error_prone_annotations/2.29.2/error_prone_annotations-2.29.2.jar:/home/runner/.m2/repository/io/perfmark/perfmark-api/0.26.0/perfmark-api-0.26.0.jar:/home/runner/.m2/repository/io/netty/netty-codec-http2/4.1.109.Final/netty-codec-http2-4.1.109.Final.jar:/home/runner/.m2/repository/io/netty/netty-codec-http/4.1.109.Final/netty-codec-http-4.1.109.Final.jar:/home/runner/.m2/repository/io/netty/netty-handler-proxy/4.1.109.Final/netty-handler-proxy-4.1.109.Final.jar:/home/runner/.m2/repository/io/netty/netty-codec-socks/4.1.109.Final/netty-codec-socks-4.1.109.Final.jar:/home/runner/.m2/repository/io/netty/netty-tcnative-boringssl-static/2.0.65.Final/netty-tcnative-boringssl-static-2.0.65.Final.jar:/home/runner/.m2/repository/io/netty/netty-tcnative-classes/2.0.65.Final/netty-tcnative-classes-2.0.65.Final.jar:/home/runner/.m2/repository/io/netty/netty-tcnative-boringssl-static/2.0.65.Final/netty-tcnative-boringssl-static-2.0.65.Final-linux-x86_64.jar:/home/runner/.m2/repository/io/netty/netty-tcnative-boringssl-static/2.0.65.Final/netty-tcnative-boringssl-static-2.0.65.Final-linux-aarch_64.jar:/home/runner/.m2/repository/io/netty/netty-tcnative-boringssl-static/2.0.65.Final/netty-tcnative-boringssl-static-2.0.65.Final-osx-x86_64.jar:/home/runner/.m2/repository/io/netty/netty-tcnative-boringssl-static/2.0.65.Final/netty-tcnative-boringssl-static-2.0.65.Final-osx-aarch_64.jar:/home/runner/.m2/repository/io/netty/netty-tcnative-boringssl-static/2.0.65.Final/netty-tcnative-boringssl-static-2.0.65.Final-windows-x86_64.jar:/home/runner/.m2/repository/org/apache/commons/commons-compress/1.27.1/commons-compress-1.27.1.jar:/home/runner/work/ozone/ozone/hadoop-hdds/common/target/hdds-common-2.0.0-SNAPSHOT.jar:/home/runner/work/ozone/ozone/hadoop-hdds/client/target/hdds-client-2.0.0-SNAPSHOT.jar:/home/runner/work/ozone/ozone/hadoop-hdds/config/target/hdds-config-2.0.0-SNAPSHOT.jar:/home/runner/work/ozone/ozone/hadoop-hdds/interface-client/target/hdds-interface-client-2.0.0-SNAPSHOT.jar:/home/runner/.m2/repository/org/apache/hadoop/thirdparty/hadoop-shaded-protobuf_3_25/1.3.0/hadoop-shaded-protobuf_3_25-1.3.0.jar:/home/runner/work/ozone/ozone/hadoop-ozone/interface-client/target/ozone-interface-client-2.0.0-SNAPSHOT.jar:/home/runner/.m2/repository/org/apache/hadoop/hadoop-hdfs-client/3.4.1/hadoop-hdfs-client-3.4.1.jar:/home/runner/.m2/repository/org/apache/httpcomponents/httpclient/4.5.14/httpclient-4.5.14.jar:/home/runner/.m2/repository/org/apache/httpcomponents/httpcore/4.4.16/httpcore-4.4.16.jar:/home/runner/.m2/repository/org/apache/ratis/ratis-common/3.1.2/ratis-common-3.1.2.jar:/home/runner/.m2/repository/org/apache/ratis/ratis-proto/3.1.2/ratis-proto-3.1.2.jar:/home/runner/.m2/repository/org/apache/ratis/ratis-thirdparty-misc/1.0.6/ratis-thirdparty-misc-1.0.6.jar:/home/runner/.m2/repository/org/slf4j/slf4j-api/2.0.16/slf4j-api-2.0.16.jar:/home/runner/.m2/repository/com/fasterxml/jackson/core/jackson-annotations/2.16.2/jackson-annotations-2.16.2.jar:/home/runner/.m2/repository/com/fasterxml/jackson/core/jackson-databind/2.16.2/jackson-databind-2.16.2.jar:/home/runner/.m2/repository/com/github/stephenc/jcip/jcip-annotations/1.0-1/jcip-annotations-1.0-1.jar:/home/runner/.m2/repository/com/google/guava/guava/32.1.3-jre/guava-32.1.3-jre.jar:/home/runner/.m2/repository/com/google/guava/failureaccess/1.0.1/failureaccess-1.0.1.jar:/home/runner/.m2/repository/com/google/guava/listenablefuture/9999.0-empty-to-avoid-conflict-with-guava/listenablefuture-9999.0-empty-to-avoid-conflict-with-guava.jar:/home/runner/.m2/repository/org/checkerframework/checker-qual/3.37.0/checker-qual-3.37.0.jar:/home/runner/.m2/repository/com/google/j2objc/j2objc-annotations/2.8/j2objc-annotations-2.8.jar:/home/runner/.m2/repository/com/google/protobuf/protobuf-java/2.5.0/protobuf-java-2.5.0.jar:/home/runner/.m2/repository/io/grpc/grpc-api/1.58.0/grpc-api-1.58.0.jar:/home/runner/.m2/repository/io/grpc/grpc-stub/1.58.0/grpc-stub-1.58.0.jar:/home/runner/.m2/repository/io/netty/netty-common/4.1.109.Final/netty-common-4.1.109.Final.jar:/home/runner/.m2/repository/io/netty/netty-handler/4.1.109.Final/netty-handler-4.1.109.Final.jar:/home/runner/.m2/repository/io/netty/netty-resolver/4.1.109.Final/netty-resolver-4.1.109.Final.jar:/home/runner/.m2/repository/jakarta/annotation/jakarta.annotation-api/2.1.1/jakarta.annotation-api-2.1.1.jar:/home/runner/work/ozone/ozone/hadoop-hdds/test-utils/target/hdds-test-utils-2.0.0-SNAPSHOT.jar:/home/runner/.m2/repository/commons-io/commons-io/2.18.0/commons-io-2.18.0.jar:/home/runner/.m2/repository/commons-logging/commons-logging/1.2/commons-logging-1.2.jar:/home/runner/.m2/repository/org/junit/jupiter/junit-jupiter-api/5.11.4/junit-jupiter-api-5.11.4.jar:/home/runner/.m2/repository/org/opentest4j/opentest4j/1.3.0/opentest4j-1.3.0.jar:/home/runner/.m2/repository/org/junit/platform/junit-platform-commons/1.11.4/junit-platform-commons-1.11.4.jar:/home/runner/.m2/repository/ch/qos/reload4j/reload4j/1.2.26/reload4j-1.2.26.jar:/home/runner/.m2/repository/org/apache/logging/log4j/log4j-api/2.24.2/log4j-api-2.24.2.jar:/home/runner/work/ozone/ozone/hadoop-hdds/server-scm/target/hdds-server-scm-2.0.0-SNAPSHOT.jar:/home/runner/work/ozone/ozone/hadoop-hdds/container-service/target/hdds-container-service-2.0.0-SNAPSHOT.jar:/home/runner/work/ozone/ozone/hadoop-hdds/hadoop-dependency-server/target/hdds-hadoop-dependency-server-2.0.0-SNAPSHOT.jar:/home/runner/.m2/repository/com/nimbusds/nimbus-jose-jwt/9.40/nimbus-jose-jwt-9.40.jar:/home/runner/.m2/repository/org/apache/hadoop/hadoop-hdfs/3.4.1/hadoop-hdfs-3.4.1.jar:/home/runner/.m2/repository/commons-daemon/commons-daemon/1.4.0/commons-daemon-1.4.0.jar:/home/runner/.m2/repository/org/apache/kerby/kerb-core/1.0.1/kerb-core-1.0.1.jar:/home/runner/.m2/repository/org/apache/kerby/kerby-pkix/1.0.1/kerby-pkix-1.0.1.jar:/home/runner/.m2/repository/org/apache/kerby/kerby-asn1/1.0.1/kerby-asn1-1.0.1.jar:/home/runner/.m2/repository/org/apache/kerby/kerb-util/1.0.1/kerb-util-1.0.1.jar:/home/runner/.m2/repository/org/apache/kerby/kerby-config/1.0.1/kerby-config-1.0.1.jar:/home/runner/.m2/repository/org/apache/kerby/kerb-crypto/1.0.1/kerb-crypto-1.0.1.jar:/home/runner/.m2/repository/org/xerial/snappy/snappy-java/1.1.10.7/snappy-java-1.1.10.7.jar:/home/runner/work/ozone/ozone/hadoop-hdds/interface-admin/target/hdds-interface-admin-2.0.0-SNAPSHOT.jar:/home/runner/work/ozone/ozone/hadoop-hdds/interface-server/target/hdds-interface-server-2.0.0-SNAPSHOT.jar:/home/runner/work/ozone/ozone/hadoop-hdds/framework/target/hdds-server-framework-2.0.0-SNAPSHOT.jar:/home/runner/.m2/repository/org/apache/ratis/ratis-client/3.1.2/ratis-client-3.1.2.jar:/home/runner/.m2/repository/org/apache/ratis/ratis-grpc/3.1.2/ratis-grpc-3.1.2.jar:/home/runner/.m2/repository/org/apache/ratis/ratis-netty/3.1.2/ratis-netty-3.1.2.jar:/home/runner/.m2/repository/org/apache/ratis/ratis-server-api/3.1.2/ratis-server-api-3.1.2.jar:/home/runner/.m2/repository/org/bouncycastle/bcpkix-jdk18on/1.79/bcpkix-jdk18on-1.79.jar:/home/runner/.m2/repository/org/bouncycastle/bcprov-jdk18on/1.79/bcprov-jdk18on-1.79.jar:/home/runner/.m2/repository/io/dropwizard/metrics/metrics-core/3.2.6/metrics-core-3.2.6.jar:/home/runner/.m2/repository/org/apache/commons/commons-text/1.12.0/commons-text-1.12.0.jar:/home/runner/.m2/repository/org/eclipse/jetty/jetty-webapp/9.4.57.v20241219/jetty-webapp-9.4.57.v20241219.jar:/home/runner/.m2/repository/org/eclipse/jetty/jetty-xml/9.4.57.v20241219/jetty-xml-9.4.57.v20241219.jar:/home/runner/.m2/repository/com/fasterxml/jackson/core/jackson-core/2.16.2/jackson-core-2.16.2.jar:/home/runner/.m2/repository/info/picocli/picocli/4.7.5/picocli-4.7.5.jar:/home/runner/.m2/repository/javax/servlet/javax.servlet-api/3.1.0/javax.servlet-api-3.1.0.jar:/home/runner/.m2/repository/commons-collections/commons-collections/3.2.2/commons-collections-3.2.2.jar:/home/runner/work/ozone/ozone/hadoop-hdds/framework/target/hdds-server-framework-2.0.0-SNAPSHOT-tests.jar:/home/runner/.m2/repository/com/fasterxml/jackson/datatype/jackson-datatype-jsr310/2.16.2/jackson-datatype-jsr310-2.16.2.jar:/home/runner/.m2/repository/com/github/jnr/jnr-constants/0.10.4/jnr-constants-0.10.4.jar:/home/runner/.m2/repository/com/github/jnr/jnr-posix/3.1.20/jnr-posix-3.1.20.jar:/home/runner/.m2/repository/com/github/jnr/jnr-ffi/2.2.17/jnr-ffi-2.2.17.jar:/home/runner/.m2/repository/com/github/jnr/jffi/1.3.13/jffi-1.3.13.jar:/home/runner/.m2/repository/com/github/jnr/jffi/1.3.13/jffi-1.3.13-native.jar:/home/runner/.m2/repository/org/ow2/asm/asm/9.7.1/asm-9.7.1.jar:/home/runner/.m2/repository/org/ow2/asm/asm-commons/9.7.1/asm-commons-9.7.1.jar:/home/runner/.m2/repository/org/ow2/asm/asm-analysis/9.7.1/asm-analysis-9.7.1.jar:/home/runner/.m2/repository/org/ow2/asm/asm-tree/9.7.1/asm-tree-9.7.1.jar:/home/runner/.m2/repository/org/ow2/asm/asm-util/9.7.1/asm-util-9.7.1.jar:/home/runner/.m2/repository/com/github/jnr/jnr-a64asm/1.0.0/jnr-a64asm-1.0.0.jar:/home/runner/.m2/repository/com/github/jnr/jnr-x86asm/1.0.2/jnr-x86asm-1.0.2.jar:/home/runner/.m2/repository/com/google/code/gson/gson/2.10.1/gson-2.10.1.jar:/home/runner/.m2/repository/commons-codec/commons-codec/1.17.1/commons-codec-1.17.1.jar:/home/runner/.m2/repository/commons-fileupload/commons-fileupload/1.5/commons-fileupload-1.5.jar:/home/runner/.m2/repository/commons-validator/commons-validator/1.6/commons-validator-1.6.jar:/home/runner/.m2/repository/commons-beanutils/commons-beanutils/1.9.4/commons-beanutils-1.9.4.jar:/home/runner/.m2/repository/commons-digester/commons-digester/1.8.1/commons-digester-1.8.1.jar:/home/runner/.m2/repository/io/opentracing/opentracing-api/0.33.0/opentracing-api-0.33.0.jar:/home/runner/.m2/repository/io/prometheus/simpleclient/0.16.0/simpleclient-0.16.0.jar:/home/runner/.m2/repository/io/prometheus/simpleclient_common/0.16.0/simpleclient_common-0.16.0.jar:/home/runner/.m2/repository/io/prometheus/simpleclient_dropwizard/0.16.0/simpleclient_dropwizard-0.16.0.jar:/home/runner/.m2/repository/jakarta/ws/rs/jakarta.ws.rs-api/2.1.6/jakarta.ws.rs-api-2.1.6.jar:/home/runner/.m2/repository/org/apache/commons/commons-configuration2/2.11.0/commons-configuration2-2.11.0.jar:/home/runner/.m2/repository/org/apache/logging/log4j/log4j-core/2.24.2/log4j-core-2.24.2.jar:/home/runner/work/ozone/ozone/hadoop-hdds/managed-rocksdb/target/hdds-managed-rocksdb-2.0.0-SNAPSHOT.jar:/home/runner/work/ozone/ozone/hadoop-hdds/rocksdb-checkpoint-differ/target/rocksdb-checkpoint-differ-2.0.0-SNAPSHOT.jar:/home/runner/.m2/repository/org/jgrapht/jgrapht-core/1.4.0/jgrapht-core-1.4.0.jar:/home/runner/.m2/repository/org/jheaps/jheaps/0.11/jheaps-0.11.jar:/home/runner/.m2/repository/org/jgrapht/jgrapht-ext/1.4.0/jgrapht-ext-1.4.0.jar:/home/runner/.m2/repository/com/github/vlsi/mxgraph/jgraphx/3.9.12/jgraphx-3.9.12.jar:/home/runner/.m2/repository/org/apache/ratis/ratis-metrics-api/3.1.2/ratis-metrics-api-3.1.2.jar:/home/runner/.m2/repository/org/apache/ratis/ratis-metrics-dropwizard3/3.1.2/ratis-metrics-dropwizard3-3.1.2.jar:/home/runner/.m2/repository/org/eclipse/jetty/jetty-http/9.4.57.v20241219/jetty-http-9.4.57.v20241219.jar:/home/runner/.m2/repository/org/eclipse/jetty/jetty-io/9.4.57.v20241219/jetty-io-9.4.57.v20241219.jar:/home/runner/.m2/repository/org/eclipse/jetty/jetty-server/9.4.57.v20241219/jetty-server-9.4.57.v20241219.jar:/home/runner/.m2/repository/org/eclipse/jetty/jetty-servlet/9.4.57.v20241219/jetty-servlet-9.4.57.v20241219.jar:/home/runner/.m2/repository/org/eclipse/jetty/jetty-security/9.4.57.v20241219/jetty-security-9.4.57.v20241219.jar:/home/runner/.m2/repository/org/eclipse/jetty/jetty-util-ajax/9.4.57.v20241219/jetty-util-ajax-9.4.57.v20241219.jar:/home/runner/.m2/repository/org/eclipse/jetty/jetty-util/9.4.57.v20241219/jetty-util-9.4.57.v20241219.jar:/home/runner/.m2/repository/org/glassfish/jersey/containers/jersey-container-servlet-core/2.46/jersey-container-servlet-core-2.46.jar:/home/runner/.m2/repository/org/glassfish/jersey/core/jersey-server/2.46/jersey-server-2.46.jar:/home/runner/.m2/repository/org/glassfish/jersey/core/jersey-client/2.46/jersey-client-2.46.jar:/home/runner/.m2/repository/org/rocksdb/rocksdbjni/7.7.3/rocksdbjni-7.7.3.jar:/home/runner/.m2/repository/org/slf4j/slf4j-reload4j/2.0.16/slf4j-reload4j-2.0.16.jar:/home/runner/.m2/repository/com/lmax/disruptor/3.4.4/disruptor-3.4.4.jar:/home/runner/work/ozone/ozone/hadoop-ozone/ozone-manager/target/ozone-manager-2.0.0-SNAPSHOT.jar:/home/runner/.m2/repository/org/aspectj/aspectjrt/1.9.7/aspectjrt-1.9.7.jar:/home/runner/.m2/repository/org/aspectj/aspectjweaver/1.9.7/aspectjweaver-1.9.7.jar:/home/runner/work/ozone/ozone/hadoop-ozone/interface-storage/target/ozone-interface-storage-2.0.0-SNAPSHOT.jar:/home/runner/.m2/repository/org/apache/kerby/kerby-util/1.0.1/kerby-util-1.0.1.jar:/home/runner/.m2/repository/io/netty/netty-transport/4.1.109.Final/netty-transport-4.1.109.Final.jar:/home/runner/.m2/repository/org/reflections/reflections/0.10.2/reflections-0.10.2.jar:/home/runner/.m2/repository/com/sun/jersey/jersey-client/1.19.4/jersey-client-1.19.4.jar:/home/runner/.m2/repository/jakarta/xml/bind/jakarta.xml.bind-api/2.3.3/jakarta.xml.bind-api-2.3.3.jar:/home/runner/.m2/repository/org/codehaus/jackson/jackson-core-asl/1.9.13/jackson-core-asl-1.9.13.jar:/home/runner/.m2/repository/org/codehaus/jackson/jackson-mapper-asl/1.9.13/jackson-mapper-asl-1.9.13.jar:/home/runner/.m2/repository/org/codehaus/jackson/jackson-jaxrs/1.9.13/jackson-jaxrs-1.9.13.jar:/home/runner/.m2/repository/org/apache/ranger/ranger-plugins-common/2.3.0/ranger-plugins-common-2.3.0.jar:/home/runner/.m2/repository/commons-lang/commons-lang/2.6/commons-lang-2.6.jar:/home/runner/.m2/repository/org/apache/ranger/ranger-plugins-cred/2.3.0/ranger-plugins-cred-2.3.0.jar:/home/runner/.m2/repository/org/apache/ranger/ranger-plugins-audit/2.3.0/ranger-plugins-audit-2.3.0.jar:/home/runner/.m2/repository/org/eclipse/jetty/jetty-client/9.4.57.v20241219/jetty-client-9.4.57.v20241219.jar:/home/runner/.m2/repository/org/apache/httpcomponents/httpmime/4.5.6/httpmime-4.5.6.jar:/home/runner/.m2/repository/org/apache/httpcomponents/httpcore-nio/4.4.16/httpcore-nio-4.4.16.jar:/home/runner/.m2/repository/org/apache/httpcomponents/httpasyncclient/4.1.3/httpasyncclient-4.1.3.jar:/home/runner/.m2/repository/com/carrotsearch/hppc/0.8.0/hppc-0.8.0.jar:/home/runner/.m2/repository/org/apache/orc/orc-core/1.5.8/orc-core-1.5.8.jar:/home/runner/.m2/repository/net/java/dev/jna/jna/5.2.0/jna-5.2.0.jar:/home/runner/.m2/repository/net/java/dev/jna/jna-platform/5.2.0/jna-platform-5.2.0.jar:/home/runner/.m2/repository/com/kstruct/gethostname4j/0.0.2/gethostname4j-0.0.2.jar:/home/runner/.m2/repository/org/apache/ranger/ranger-plugin-classloader/2.3.0/ranger-plugin-classloader-2.3.0.jar:/home/runner/.m2/repository/org/apache/ranger/ranger-intg/2.3.0/ranger-intg-2.3.0.jar:/home/runner/work/ozone/ozone/hadoop-hdds/rocks-native/target/hdds-rocks-native-2.0.0-SNAPSHOT.jar:/home/runner/.m2/repository/org/apache/hadoop/hadoop-minikdc/3.4.1/hadoop-minikdc-3.4.1.jar:/home/runner/.m2/repository/org/apache/kerby/kerb-simplekdc/2.0.3/kerb-simplekdc-2.0.3.jar:/home/runner/.m2/repository/org/apache/kerby/kerb-client/2.0.3/kerb-client-2.0.3.jar:/home/runner/.m2/repository/org/apache/kerby/kerb-common/2.0.3/kerb-common-2.0.3.jar:/home/runner/.m2/repository/org/apache/kerby/token-provider/2.0.3/token-provider-2.0.3.jar:/home/runner/.m2/repository/org/apache/kerby/kerb-admin/2.0.3/kerb-admin-2.0.3.jar:/home/runner/.m2/repository/org/apache/kerby/kerb-server/2.0.3/kerb-server-2.0.3.jar:/home/runner/.m2/repository/org/apache/kerby/kerb-identity/2.0.3/kerb-identity-2.0.3.jar:/home/runner/.m2/repository/org/apache/kerby/kerby-xdr/2.0.3/kerby-xdr-2.0.3.jar:/home/runner/.m2/repository/junit/junit/4.13.2/junit-4.13.2.jar:/home/runner/.m2/repository/org/hamcrest/hamcrest-core/1.3/hamcrest-core-1.3.jar:/home/runner/work/ozone/ozone/hadoop-ozone/s3gateway/target/ozone-s3gateway-2.0.0-SNAPSHOT.jar:/home/runner/.m2/repository/org/javassist/javassist/3.30.2-GA/javassist-3.30.2-GA.jar:/home/runner/.m2/repository/org/jboss/weld/servlet/weld-servlet-shaded/3.1.9.Final/weld-servlet-shaded-3.1.9.Final.jar:/home/runner/.m2/repository/org/glassfish/jersey/core/jersey-common/2.46/jersey-common-2.46.jar:/home/runner/.m2/repository/org/glassfish/hk2/osgi-resource-locator/1.0.3/osgi-resource-locator-1.0.3.jar:/home/runner/.m2/repository/org/glassfish/jersey/ext/cdi/jersey-cdi1x/2.46/jersey-cdi1x-2.46.jar:/home/runner/.m2/repository/org/glassfish/jersey/inject/jersey-hk2/2.46/jersey-hk2-2.46.jar:/home/runner/.m2/repository/org/glassfish/hk2/hk2-locator/2.6.1/hk2-locator-2.6.1.jar:/home/runner/.m2/repository/org/glassfish/jersey/media/jersey-media-jaxb/2.46/jersey-media-jaxb-2.46.jar:/home/runner/.m2/repository/org/glassfish/hk2/hk2-api/2.6.1/hk2-api-2.6.1.jar:/home/runner/.m2/repository/org/glassfish/hk2/hk2-utils/2.6.1/hk2-utils-2.6.1.jar:/home/runner/.m2/repository/org/glassfish/hk2/external/aopalliance-repackaged/2.6.1/aopalliance-repackaged-2.6.1.jar:/home/runner/.m2/repository/com/fasterxml/jackson/dataformat/jackson-dataformat-xml/2.16.2/jackson-dataformat-xml-2.16.2.jar:/home/runner/.m2/repository/org/codehaus/woodstox/stax2-api/4.2.2/stax2-api-4.2.2.jar:/home/runner/.m2/repository/com/fasterxml/woodstox/woodstox-core/5.4.0/woodstox-core-5.4.0.jar:/home/runner/.m2/repository/com/fasterxml/jackson/module/jackson-module-jaxb-annotations/2.16.2/jackson-module-jaxb-annotations-2.16.2.jar:/home/runner/.m2/repository/javax/annotation/javax.annotation-api/1.3.2/javax.annotation-api-1.3.2.jar:/home/runner/.m2/repository/javax/enterprise/cdi-api/2.0/cdi-api-2.0.jar:/home/runner/.m2/repository/javax/el/javax.el-api/3.0.0/javax.el-api-3.0.0.jar:/home/runner/.m2/repository/javax/interceptor/javax.interceptor-api/1.2/javax.interceptor-api-1.2.jar:/home/runner/.m2/repository/org/glassfish/jaxb/jaxb-runtime/2.3.9/jaxb-runtime-2.3.9.jar:/home/runner/.m2/repository/org/glassfish/jaxb/txw2/2.3.9/txw2-2.3.9.jar:/home/runner/.m2/repository/com/sun/istack/istack-commons-runtime/3.0.12/istack-commons-runtime-3.0.12.jar:/home/runner/.m2/repository/com/sun/activation/jakarta.activation/1.2.2/jakarta.activation-1.2.2.jar:/home/runner/.m2/repository/jakarta/activation/jakarta.activation-api/1.2.2/jakarta.activation-api-1.2.2.jar:/home/runner/.m2/repository/io/grpc/grpc-protobuf/1.58.0/grpc-protobuf-1.58.0.jar:/home/runner/.m2/repository/com/google/api/grpc/proto-google-common-protos/2.22.0/proto-google-common-protos-2.22.0.jar:/home/runner/.m2/repository/io/grpc/grpc-protobuf-lite/1.58.0/grpc-protobuf-lite-1.58.0.jar:/home/runner/.m2/repository/io/opentracing/opentracing-noop/0.33.0/opentracing-noop-0.33.0.jar:/home/runner/.m2/repository/io/opentracing/opentracing-util/0.33.0/opentracing-util-0.33.0.jar:/home/runner/work/ozone/ozone/hadoop-ozone/csi/target/ozone-csi-2.0.0-SNAPSHOT.jar:/home/runner/.m2/repository/com/google/protobuf/protobuf-java-util/3.19.6/protobuf-java-util-3.19.6.jar:/home/runner/.m2/repository/io/netty/netty-transport-classes-epoll/4.1.109.Final/netty-transport-classes-epoll-4.1.109.Final.jar:/home/runner/.m2/repository/io/netty/netty-transport-native-epoll/4.1.109.Final/netty-transport-native-epoll-4.1.109.Final-linux-x86_64.jar:/home/runner/.m2/repository/io/netty/netty-transport-native-unix-common/4.1.109.Final/netty-transport-native-unix-common-4.1.109.Final.jar:/home/runner/work/ozone/ozone/hadoop-ozone/recon/target/ozone-recon-2.0.0-SNAPSHOT.jar:/home/runner/work/ozone/ozone/hadoop-ozone/recon-codegen/target/ozone-reconcodegen-2.0.0-SNAPSHOT.jar:/home/runner/.m2/repository/aopalliance/aopalliance/1.0/aopalliance-1.0.jar:/home/runner/.m2/repository/com/google/inject/guice/6.0.0/guice-6.0.0.jar:/home/runner/.m2/repository/jakarta/inject/jakarta.inject-api/2.0.1/jakarta.inject-api-2.0.1.jar:/home/runner/.m2/repository/com/google/inject/extensions/guice-assistedinject/6.0.0/guice-assistedinject-6.0.0.jar:/home/runner/.m2/repository/com/google/inject/extensions/guice-servlet/6.0.0/guice-servlet-6.0.0.jar:/home/runner/.m2/repository/org/glassfish/jersey/containers/jersey-container-servlet/2.46/jersey-container-servlet-2.46.jar:/home/runner/.m2/repository/org/glassfish/hk2/guice-bridge/2.6.1/guice-bridge-2.6.1.jar:/home/runner/.m2/repository/org/glassfish/hk2/external/jakarta.inject/2.6.1/jakarta.inject-2.6.1.jar:/home/runner/.m2/repository/org/glassfish/jersey/media/jersey-media-json-jackson/2.46/jersey-media-json-jackson-2.46.jar:/home/runner/.m2/repository/org/glassfish/jersey/ext/jersey-entity-filtering/2.46/jersey-entity-filtering-2.46.jar:/home/runner/.m2/repository/org/jooq/jooq/3.11.10/jooq-3.11.10.jar:/home/runner/.m2/repository/org/jooq/jooq-meta/3.11.10/jooq-meta-3.11.10.jar:/home/runner/.m2/repository/org/jooq/jooq-codegen/3.11.10/jooq-codegen-3.11.10.jar:/home/runner/.m2/repository/com/jolbox/bonecp/0.8.0.RELEASE/bonecp-0.8.0.RELEASE.jar:/home/runner/.m2/repository/org/apache/derby/derby/10.14.2.0/derby-10.14.2.0.jar:/home/runner/.m2/repository/org/xerial/sqlite-jdbc/3.47.2.0/sqlite-jdbc-3.47.2.0.jar:/home/runner/.m2/repository/org/springframework/spring-core/5.3.39/spring-core-5.3.39.jar:/home/runner/.m2/repository/org/springframework/spring-jdbc/5.3.39/spring-jdbc-5.3.39.jar:/home/runner/.m2/repository/org/springframework/spring-beans/5.3.39/spring-beans-5.3.39.jar:/home/runner/.m2/repository/org/springframework/spring-tx/5.3.39/spring-tx-5.3.39.jar:/home/runner/.m2/repository/jakarta/validation/jakarta.validation-api/2.0.2/jakarta.validation-api-2.0.2.jar:/home/runner/.m2/repository/javax/inject/javax.inject/1/javax.inject-1.jar:/home/runner/work/ozone/ozone/hadoop-ozone/client/target/ozone-client-2.0.0-SNAPSHOT.jar:/home/runner/work/ozone/ozone/hadoop-hdds/erasurecode/target/hdds-erasurecode-2.0.0-SNAPSHOT.jar:/home/runner/work/ozone/ozone/hadoop-ozone/ozonefs/target/ozone-filesystem-2.0.0-SNAPSHOT.jar:/home/runner/work/ozone/ozone/hadoop-ozone/ozonefs-common/target/ozone-filesystem-common-2.0.0-SNAPSHOT.jar:/home/runner/work/ozone/ozone/hadoop-ozone/tools/target/ozone-tools-2.0.0-SNAPSHOT.jar:/home/runner/.m2/repository/org/apache/ratis/ratis-tools/3.1.2/ratis-tools-3.1.2.jar:/home/runner/.m2/repository/org/apache/ratis/ratis-shell/3.1.2/ratis-shell-3.1.2.jar:/home/runner/.m2/repository/info/picocli/picocli-shell-jline3/4.7.5/picocli-shell-jline3-4.7.5.jar:/home/runner/.m2/repository/org/jline/jline/3.28.0/jline-3.28.0.jar:/home/runner/.m2/repository/com/amazonaws/aws-java-sdk-core/1.12.661/aws-java-sdk-core-1.12.661.jar:/home/runner/.m2/repository/com/fasterxml/jackson/dataformat/jackson-dataformat-cbor/2.16.2/jackson-dataformat-cbor-2.16.2.jar:/home/runner/.m2/repository/joda-time/joda-time/2.12.7/joda-time-2.12.7.jar:/home/runner/.m2/repository/com/amazonaws/aws-java-sdk-s3/1.12.661/aws-java-sdk-s3-1.12.661.jar:/home/runner/.m2/repository/com/amazonaws/aws-java-sdk-kms/1.12.661/aws-java-sdk-kms-1.12.661.jar:/home/runner/.m2/repository/com/amazonaws/jmespath-java/1.12.661/jmespath-java-1.12.661.jar:/home/runner/.m2/repository/org/kohsuke/metainf-services/metainf-services/1.11/metainf-services-1.11.jar:/home/runner/work/ozone/ozone/hadoop-hdds/tools/target/hdds-tools-2.0.0-SNAPSHOT.jar:/home/runner/.m2/repository/commons-cli/commons-cli/1.8.0/commons-cli-1.8.0.jar:/home/runner/.m2/repository/org/apache/commons/commons-lang3/3.17.0/commons-lang3-3.17.0.jar:/home/runner/work/ozone/ozone/hadoop-ozone/ozone-manager/target/ozone-manager-2.0.0-SNAPSHOT-tests.jar:/home/runner/work/ozone/ozone/hadoop-hdds/common/target/hdds-common-2.0.0-SNAPSHOT-tests.jar:/home/runner/.m2/repository/io/jaegertracing/jaeger-client/1.8.1/jaeger-client-1.8.1.jar:/home/runner/.m2/repository/io/jaegertracing/jaeger-thrift/1.8.1/jaeger-thrift-1.8.1.jar:/home/runner/.m2/repository/org/apache/thrift/libthrift/0.15.0/libthrift-0.15.0.jar:/home/runner/.m2/repository/com/squareup/okhttp3/okhttp/4.12.0/okhttp-4.12.0.jar:/home/runner/.m2/repository/com/squareup/okio/okio/3.6.0/okio-3.6.0.jar:/home/runner/.m2/repository/com/squareup/okio/okio-jvm/3.6.0/okio-jvm-3.6.0.jar:/home/runner/.m2/repository/org/jetbrains/kotlin/kotlin-stdlib-common/1.9.25/kotlin-stdlib-common-1.9.25.jar:/home/runner/.m2/repository/org/jetbrains/kotlin/kotlin-stdlib-jdk8/1.9.25/kotlin-stdlib-jdk8-1.9.25.jar:/home/runner/.m2/repository/org/jetbrains/kotlin/kotlin-stdlib-jdk7/1.9.25/kotlin-stdlib-jdk7-1.9.25.jar:/home/runner/.m2/repository/io/jaegertracing/jaeger-tracerresolver/1.8.1/jaeger-tracerresolver-1.8.1.jar:/home/runner/.m2/repository/io/opentracing/contrib/opentracing-tracerresolver/0.1.8/opentracing-tracerresolver-0.1.8.jar:/home/runner/.m2/repository/io/jaegertracing/jaeger-core/1.8.1/jaeger-core-1.8.1.jar:/home/runner/work/ozone/ozone/hadoop-hdds/annotations/target/hdds-annotation-processing-2.0.0-SNAPSHOT.jar:/home/runner/work/ozone/ozone/hadoop-hdds/hadoop-dependency-client/target/hdds-hadoop-dependency-client-2.0.0-SNAPSHOT.jar:/home/runner/.m2/repository/org/bouncycastle/bcutil-jdk18on/1.79/bcutil-jdk18on-1.79.jar:/home/runner/.m2/repository/org/jetbrains/kotlin/kotlin-stdlib/1.9.25/kotlin-stdlib-1.9.25.jar:/home/runner/.m2/repository/org/jetbrains/annotations/13.0/annotations-13.0.jar:/home/runner/.m2/repository/org/yaml/snakeyaml/2.0/snakeyaml-2.0.jar:/home/runner/.m2/repository/org/junit/platform/junit-platform-launcher/1.11.4/junit-platform-launcher-1.11.4.jar:/home/runner/.m2/repository/org/junit/platform/junit-platform-engine/1.11.4/junit-platform-engine-1.11.4.jar:/home/runner/.m2/repository/org/apiguardian/apiguardian-api/1.1.2/apiguardian-api-1.1.2.jar:/home/runner/.m2/repository/org/apache/hadoop/hadoop-kms/3.4.1/hadoop-kms-3.4.1.jar:/home/runner/.m2/repository/org/apache/hadoop/hadoop-auth/3.4.1/hadoop-auth-3.4.1.jar:/home/runner/.m2/repository/org/apache/zookeeper/zookeeper/3.8.4/zookeeper-3.8.4.jar:/home/runner/.m2/repository/org/apache/zookeeper/zookeeper-jute/3.8.4/zookeeper-jute-3.8.4.jar:/home/runner/.m2/repository/org/apache/yetus/audience-annotations/0.12.0/audience-annotations-0.12.0.jar:/home/runner/.m2/repository/org/apache/curator/curator-framework/4.2.0/curator-framework-4.2.0.jar:/home/runner/.m2/repository/org/apache/hadoop/thirdparty/hadoop-shaded-guava/1.3.0/hadoop-shaded-guava-1.3.0.jar:/home/runner/.m2/repository/com/sun/jersey/jersey-core/1.19.4/jersey-core-1.19.4.jar:/home/runner/.m2/repository/javax/ws/rs/jsr311-api/1.1.1/jsr311-api-1.1.1.jar:/home/runner/.m2/repository/com/sun/jersey/jersey-server/1.19.4/jersey-server-1.19.4.jar:/home/runner/.m2/repository/org/apache/hadoop/hadoop-common/3.4.1/hadoop-common-3.4.1.jar:/home/runner/.m2/repository/org/apache/commons/commons-math3/3.6.1/commons-math3-3.6.1.jar:/home/runner/.m2/repository/commons-net/commons-net/3.11.1/commons-net-3.11.1.jar:/home/runner/.m2/repository/com/github/pjfanning/jersey-json/1.22.0/jersey-json-1.22.0.jar:/home/runner/.m2/repository/com/sun/xml/bind/jaxb-impl/2.2.3-1/jaxb-impl-2.2.3-1.jar:/home/runner/.m2/repository/org/codehaus/jettison/jettison/1.5.4/jettison-1.5.4.jar:/home/runner/.m2/repository/com/google/re2j/re2j/1.7/re2j-1.7.jar:/home/runner/.m2/repository/com/jcraft/jsch/0.1.55/jsch-0.1.55.jar:/home/runner/.m2/repository/org/apache/curator/curator-client/4.2.0/curator-client-4.2.0.jar:/home/runner/.m2/repository/org/apache/curator/curator-recipes/5.2.0/curator-recipes-5.2.0.jar:/home/runner/.m2/repository/com/google/code/findbugs/jsr305/3.0.2/jsr305-3.0.2.jar:/home/runner/.m2/repository/io/netty/netty-transport-native-epoll/4.1.109.Final/netty-transport-native-epoll-4.1.109.Final.jar:/home/runner/.m2/repository/dnsjava/dnsjava/3.6.1/dnsjava-3.6.1.jar:/home/runner/.m2/repository/org/apache/hadoop/hadoop-kms/3.4.1/hadoop-kms-3.4.1-tests.jar:/home/runner/work/ozone/ozone/hadoop-hdds/server-scm/target/hdds-server-scm-2.0.0-SNAPSHOT-tests.jar:/home/runner/work/ozone/ozone/hadoop-hdds/container-service/target/hdds-container-service-2.0.0-SNAPSHOT-tests.jar:/home/runner/.m2/repository/com/github/luben/zstd-jni/1.5.6-9/zstd-jni-1.5.6-9.jar:/home/runner/.m2/repository/io/netty/netty-buffer/4.1.109.Final/netty-buffer-4.1.109.Final.jar:/home/runner/.m2/repository/io/netty/netty-codec/4.1.109.Final/netty-codec-4.1.109.Final.jar:/home/runner/work/ozone/ozone/hadoop-hdds/hadoop-dependency-test/target/hdds-hadoop-dependency-test-2.0.0-SNAPSHOT.jar:/home/runner/.m2/repository/org/apache/hadoop/hadoop-common/3.4.1/hadoop-common-3.4.1-tests.jar:/home/runner/.m2/repository/org/apache/hadoop/hadoop-hdfs/3.4.1/hadoop-hdfs-3.4.1-tests.jar:/home/runner/.m2/repository/org/junit/jupiter/junit-jupiter-engine/5.11.4/junit-jupiter-engine-5.11.4.jar:/home/runner/.m2/repository/org/junit/jupiter/junit-jupiter-params/5.11.4/junit-jupiter-params-5.11.4.jar:/home/runner/.m2/repository/org/mockito/mockito-core/4.11.0/mockito-core-4.11.0.jar:/home/runner/.m2/repository/net/bytebuddy/byte-buddy-agent/1.12.19/byte-buddy-agent-1.12.19.jar:/home/runner/.m2/repository/org/objenesis/objenesis/3.3/objenesis-3.3.jar:/home/runner/.m2/repository/org/mockito/mockito-inline/4.11.0/mockito-inline-4.11.0.jar:/home/runner/.m2/repository/org/mockito/mockito-junit-jupiter/4.11.0/mockito-junit-jupiter-4.11.0.jar:/home/runner/.m2/repository/org/apache/hadoop/hadoop-distcp/3.4.1/hadoop-distcp-3.4.1.jar:/home/runner/.m2/repository/org/apache/hadoop/hadoop-mapreduce-client-jobclient/3.4.1/hadoop-mapreduce-client-jobclient-3.4.1.jar:/home/runner/.m2/repository/org/apache/hadoop/hadoop-mapreduce-client-common/3.4.1/hadoop-mapreduce-client-common-3.4.1.jar:/home/runner/.m2/repository/org/apache/hadoop/hadoop-yarn-common/3.4.1/hadoop-yarn-common-3.4.1.jar:/home/runner/.m2/repository/org/apache/hadoop/hadoop-yarn-api/3.4.1/hadoop-yarn-api-3.4.1.jar:/home/runner/.m2/repository/javax/xml/bind/jaxb-api/2.2.11/jaxb-api-2.2.11.jar:/home/runner/.m2/repository/com/sun/jersey/contribs/jersey-guice/1.19.4/jersey-guice-1.19.4.jar:/home/runner/.m2/repository/com/fasterxml/jackson/jaxrs/jackson-jaxrs-json-provider/2.16.2/jackson-jaxrs-json-provider-2.16.2.jar:/home/runner/.m2/repository/com/fasterxml/jackson/jaxrs/jackson-jaxrs-base/2.16.2/jackson-jaxrs-base-2.16.2.jar:/home/runner/.m2/repository/org/apache/hadoop/hadoop-yarn-client/3.4.1/hadoop-yarn-client-3.4.1.jar:/home/runner/.m2/repository/org/eclipse/jetty/websocket/websocket-client/9.4.53.v20231009/websocket-client-9.4.53.v20231009.jar:/home/runner/.m2/repository/org/eclipse/jetty/websocket/websocket-common/9.4.53.v20231009/websocket-common-9.4.53.v20231009.jar:/home/runner/.m2/repository/org/eclipse/jetty/websocket/websocket-api/9.4.53.v20231009/websocket-api-9.4.53.v20231009.jar:/home/runner/.m2/repository/org/apache/hadoop/hadoop-mapreduce-client-core/3.4.1/hadoop-mapreduce-client-core-3.4.1.jar:/home/runner/.m2/repository/org/apache/avro/avro/1.9.2/avro-1.9.2.jar:/home/runner/.m2/repository/org/apache/hadoop/hadoop-annotations/3.4.1/hadoop-annotations-3.4.1.jar:/home/runner/.m2/repository/io/netty/netty-all/4.1.109.Final/netty-all-4.1.109.Final.jar:/home/runner/.m2/repository/io/netty/netty-codec-dns/4.1.109.Final/netty-codec-dns-4.1.109.Final.jar:/home/runner/.m2/repository/io/netty/netty-codec-haproxy/4.1.109.Final/netty-codec-haproxy-4.1.109.Final.jar:/home/runner/.m2/repository/io/netty/netty-codec-memcache/4.1.109.Final/netty-codec-memcache-4.1.109.Final.jar:/home/runner/.m2/repository/io/netty/netty-codec-mqtt/4.1.109.Final/netty-codec-mqtt-4.1.109.Final.jar:/home/runner/.m2/repository/io/netty/netty-codec-redis/4.1.109.Final/netty-codec-redis-4.1.109.Final.jar:/home/runner/.m2/repository/io/netty/netty-codec-smtp/4.1.109.Final/netty-codec-smtp-4.1.109.Final.jar:/home/runner/.m2/repository/io/netty/netty-codec-stomp/4.1.109.Final/netty-codec-stomp-4.1.109.Final.jar:/home/runner/.m2/repository/io/netty/netty-codec-xml/4.1.109.Final/netty-codec-xml-4.1.109.Final.jar:/home/runner/.m2/repository/io/netty/netty-handler-ssl-ocsp/4.1.109.Final/netty-handler-ssl-ocsp-4.1.109.Final.jar:/home/runner/.m2/repository/io/netty/netty-resolver-dns/4.1.109.Final/netty-resolver-dns-4.1.109.Final.jar:/home/runner/.m2/repository/io/netty/netty-transport-rxtx/4.1.109.Final/netty-transport-rxtx-4.1.109.Final.jar:/home/runner/.m2/repository/io/netty/netty-transport-sctp/4.1.109.Final/netty-transport-sctp-4.1.109.Final.jar:/home/runner/.m2/repository/io/netty/netty-transport-udt/4.1.109.Final/netty-transport-udt-4.1.109.Final.jar:/home/runner/.m2/repository/io/netty/netty-transport-classes-kqueue/4.1.109.Final/netty-transport-classes-kqueue-4.1.109.Final.jar:/home/runner/.m2/repository/io/netty/netty-resolver-dns-classes-macos/4.1.109.Final/netty-resolver-dns-classes-macos-4.1.109.Final.jar:/home/runner/.m2/repository/io/netty/netty-transport-native-epoll/4.1.109.Final/netty-transport-native-epoll-4.1.109.Final-linux-aarch_64.jar:/home/runner/.m2/repository/io/netty/netty-transport-native-epoll/4.1.109.Final/netty-transport-native-epoll-4.1.109.Final-linux-riscv64.jar:/home/runner/.m2/repository/io/netty/netty-transport-native-kqueue/4.1.109.Final/netty-transport-native-kqueue-4.1.109.Final-osx-x86_64.jar:/home/runner/.m2/repository/io/netty/netty-transport-native-kqueue/4.1.109.Final/netty-transport-native-kqueue-4.1.109.Final-osx-aarch_64.jar:/home/runner/.m2/repository/io/netty/netty-resolver-dns-native-macos/4.1.109.Final/netty-resolver-dns-native-macos-4.1.109.Final-osx-x86_64.jar:/home/runner/.m2/repository/io/netty/netty-resolver-dns-native-macos/4.1.109.Final/netty-resolver-dns-native-macos-4.1.109.Final-osx-aarch_64.jar:/home/runner/.m2/repository/org/apache/hadoop/hadoop-distcp/3.4.1/hadoop-distcp-3.4.1-tests.jar:/home/runner/.m2/repository/org/apache/ratis/ratis-server/3.1.2/ratis-server-3.1.2.jar:/home/runner/.m2/repository/org/hamcrest/hamcrest/2.2/hamcrest-2.2.jar:/home/runner/.m2/repository/org/slf4j/jul-to-slf4j/2.0.16/jul-to-slf4j-2.0.16.jar:/home/runner/.m2/repository/org/assertj/assertj-core/3.27.2/assertj-core-3.27.2.jar:/home/runner/.m2/repository/net/bytebuddy/byte-buddy/1.15.11/byte-buddy-1.15.11.jar:/home/runner/work/ozone/ozone/hadoop-ozone/integration-test/target/gradle-enterprise/test-listeners.jar:"/>
    <property name="java.vm.vendor" value="Eclipse Adoptium"/>
    <property name="sun.arch.data.model" value="64"/>
    <property name="test.build.dir" value="/home/runner/work/ozone/ozone/hadoop-ozone/integration-test/target/test-dir"/>
    <property name="test.cache.data" value=""/>
    <property name="java.vendor.url" value="https://adoptium.net/"/>
    <property name="user.timezone" value="Etc/UTC"/>
    <property name="maven-surefire-plugin.argLineAccessArgs" value=" --add-opens java.management/com.sun.jmx.mbeanserver=ALL-UNNAMED --add-exports java.management/com.sun.jmx.mbeanserver=ALL-UNNAMED --add-opens java.base/java.nio=ALL-UNNAMED --add-opens java.base/java.lang=ALL-UNNAMED --add-opens java.base/java.lang.reflect=ALL-UNNAMED"/>
    <property name="os.name" value="Linux"/>
    <property name="java.vm.specification.version" value="21"/>
    <property name="test.build.data" value="/home/runner/work/ozone/ozone/hadoop-ozone/integration-test/target/test-dir"/>
    <property name="sun.java.launcher" value="SUN_STANDARD"/>
    <property name="sun.boot.library.path" value="/usr/lib/jvm/temurin-21-jdk-amd64/lib"/>
    <property name="sun.java.command" value="/home/runner/work/ozone/ozone/hadoop-ozone/integration-test/target/surefire/surefirebooter8220473970225290677.jar /home/runner/work/ozone/ozone/hadoop-ozone/integration-test/target/surefire 2025-01-11T14-51-47_019-jvmRun1 surefire14571449760288977012tmp surefire_362775007205680133232tmp"/>
    <property name="jdk.debug" value="release"/>
    <property name="native.lib.tmp.dir" value="/tmp"/>
    <property name="surefire.test.class.path" value="/home/runner/work/ozone/ozone/hadoop-ozone/integration-test/target/test-classes:/home/runner/work/ozone/ozone/hadoop-ozone/integration-test/target/classes:/home/runner/work/ozone/ozone/hadoop-ozone/common/target/ozone-common-2.0.0-SNAPSHOT.jar:/home/runner/.m2/repository/io/grpc/grpc-netty/1.58.0/grpc-netty-1.58.0.jar:/home/runner/.m2/repository/io/grpc/grpc-core/1.58.0/grpc-core-1.58.0.jar:/home/runner/.m2/repository/com/google/android/annotations/4.1.1.4/annotations-4.1.1.4.jar:/home/runner/.m2/repository/org/codehaus/mojo/animal-sniffer-annotations/1.23/animal-sniffer-annotations-1.23.jar:/home/runner/.m2/repository/io/grpc/grpc-context/1.58.0/grpc-context-1.58.0.jar:/home/runner/.m2/repository/io/grpc/grpc-util/1.58.0/grpc-util-1.58.0.jar:/home/runner/.m2/repository/com/google/errorprone/error_prone_annotations/2.29.2/error_prone_annotations-2.29.2.jar:/home/runner/.m2/repository/io/perfmark/perfmark-api/0.26.0/perfmark-api-0.26.0.jar:/home/runner/.m2/repository/io/netty/netty-codec-http2/4.1.109.Final/netty-codec-http2-4.1.109.Final.jar:/home/runner/.m2/repository/io/netty/netty-codec-http/4.1.109.Final/netty-codec-http-4.1.109.Final.jar:/home/runner/.m2/repository/io/netty/netty-handler-proxy/4.1.109.Final/netty-handler-proxy-4.1.109.Final.jar:/home/runner/.m2/repository/io/netty/netty-codec-socks/4.1.109.Final/netty-codec-socks-4.1.109.Final.jar:/home/runner/.m2/repository/io/netty/netty-tcnative-boringssl-static/2.0.65.Final/netty-tcnative-boringssl-static-2.0.65.Final.jar:/home/runner/.m2/repository/io/netty/netty-tcnative-classes/2.0.65.Final/netty-tcnative-classes-2.0.65.Final.jar:/home/runner/.m2/repository/io/netty/netty-tcnative-boringssl-static/2.0.65.Final/netty-tcnative-boringssl-static-2.0.65.Final-linux-x86_64.jar:/home/runner/.m2/repository/io/netty/netty-tcnative-boringssl-static/2.0.65.Final/netty-tcnative-boringssl-static-2.0.65.Final-linux-aarch_64.jar:/home/runner/.m2/repository/io/netty/netty-tcnative-boringssl-static/2.0.65.Final/netty-tcnative-boringssl-static-2.0.65.Final-osx-x86_64.jar:/home/runner/.m2/repository/io/netty/netty-tcnative-boringssl-static/2.0.65.Final/netty-tcnative-boringssl-static-2.0.65.Final-osx-aarch_64.jar:/home/runner/.m2/repository/io/netty/netty-tcnative-boringssl-static/2.0.65.Final/netty-tcnative-boringssl-static-2.0.65.Final-windows-x86_64.jar:/home/runner/.m2/repository/org/apache/commons/commons-compress/1.27.1/commons-compress-1.27.1.jar:/home/runner/work/ozone/ozone/hadoop-hdds/common/target/hdds-common-2.0.0-SNAPSHOT.jar:/home/runner/work/ozone/ozone/hadoop-hdds/client/target/hdds-client-2.0.0-SNAPSHOT.jar:/home/runner/work/ozone/ozone/hadoop-hdds/config/target/hdds-config-2.0.0-SNAPSHOT.jar:/home/runner/work/ozone/ozone/hadoop-hdds/interface-client/target/hdds-interface-client-2.0.0-SNAPSHOT.jar:/home/runner/.m2/repository/org/apache/hadoop/thirdparty/hadoop-shaded-protobuf_3_25/1.3.0/hadoop-shaded-protobuf_3_25-1.3.0.jar:/home/runner/work/ozone/ozone/hadoop-ozone/interface-client/target/ozone-interface-client-2.0.0-SNAPSHOT.jar:/home/runner/.m2/repository/org/apache/hadoop/hadoop-hdfs-client/3.4.1/hadoop-hdfs-client-3.4.1.jar:/home/runner/.m2/repository/org/apache/httpcomponents/httpclient/4.5.14/httpclient-4.5.14.jar:/home/runner/.m2/repository/org/apache/httpcomponents/httpcore/4.4.16/httpcore-4.4.16.jar:/home/runner/.m2/repository/org/apache/ratis/ratis-common/3.1.2/ratis-common-3.1.2.jar:/home/runner/.m2/repository/org/apache/ratis/ratis-proto/3.1.2/ratis-proto-3.1.2.jar:/home/runner/.m2/repository/org/apache/ratis/ratis-thirdparty-misc/1.0.6/ratis-thirdparty-misc-1.0.6.jar:/home/runner/.m2/repository/org/slf4j/slf4j-api/2.0.16/slf4j-api-2.0.16.jar:/home/runner/.m2/repository/com/fasterxml/jackson/core/jackson-annotations/2.16.2/jackson-annotations-2.16.2.jar:/home/runner/.m2/repository/com/fasterxml/jackson/core/jackson-databind/2.16.2/jackson-databind-2.16.2.jar:/home/runner/.m2/repository/com/github/stephenc/jcip/jcip-annotations/1.0-1/jcip-annotations-1.0-1.jar:/home/runner/.m2/repository/com/google/guava/guava/32.1.3-jre/guava-32.1.3-jre.jar:/home/runner/.m2/repository/com/google/guava/failureaccess/1.0.1/failureaccess-1.0.1.jar:/home/runner/.m2/repository/com/google/guava/listenablefuture/9999.0-empty-to-avoid-conflict-with-guava/listenablefuture-9999.0-empty-to-avoid-conflict-with-guava.jar:/home/runner/.m2/repository/org/checkerframework/checker-qual/3.37.0/checker-qual-3.37.0.jar:/home/runner/.m2/repository/com/google/j2objc/j2objc-annotations/2.8/j2objc-annotations-2.8.jar:/home/runner/.m2/repository/com/google/protobuf/protobuf-java/2.5.0/protobuf-java-2.5.0.jar:/home/runner/.m2/repository/io/grpc/grpc-api/1.58.0/grpc-api-1.58.0.jar:/home/runner/.m2/repository/io/grpc/grpc-stub/1.58.0/grpc-stub-1.58.0.jar:/home/runner/.m2/repository/io/netty/netty-common/4.1.109.Final/netty-common-4.1.109.Final.jar:/home/runner/.m2/repository/io/netty/netty-handler/4.1.109.Final/netty-handler-4.1.109.Final.jar:/home/runner/.m2/repository/io/netty/netty-resolver/4.1.109.Final/netty-resolver-4.1.109.Final.jar:/home/runner/.m2/repository/jakarta/annotation/jakarta.annotation-api/2.1.1/jakarta.annotation-api-2.1.1.jar:/home/runner/work/ozone/ozone/hadoop-hdds/test-utils/target/hdds-test-utils-2.0.0-SNAPSHOT.jar:/home/runner/.m2/repository/commons-io/commons-io/2.18.0/commons-io-2.18.0.jar:/home/runner/.m2/repository/commons-logging/commons-logging/1.2/commons-logging-1.2.jar:/home/runner/.m2/repository/org/junit/jupiter/junit-jupiter-api/5.11.4/junit-jupiter-api-5.11.4.jar:/home/runner/.m2/repository/org/opentest4j/opentest4j/1.3.0/opentest4j-1.3.0.jar:/home/runner/.m2/repository/org/junit/platform/junit-platform-commons/1.11.4/junit-platform-commons-1.11.4.jar:/home/runner/.m2/repository/ch/qos/reload4j/reload4j/1.2.26/reload4j-1.2.26.jar:/home/runner/.m2/repository/org/apache/logging/log4j/log4j-api/2.24.2/log4j-api-2.24.2.jar:/home/runner/work/ozone/ozone/hadoop-hdds/server-scm/target/hdds-server-scm-2.0.0-SNAPSHOT.jar:/home/runner/work/ozone/ozone/hadoop-hdds/container-service/target/hdds-container-service-2.0.0-SNAPSHOT.jar:/home/runner/work/ozone/ozone/hadoop-hdds/hadoop-dependency-server/target/hdds-hadoop-dependency-server-2.0.0-SNAPSHOT.jar:/home/runner/.m2/repository/com/nimbusds/nimbus-jose-jwt/9.40/nimbus-jose-jwt-9.40.jar:/home/runner/.m2/repository/org/apache/hadoop/hadoop-hdfs/3.4.1/hadoop-hdfs-3.4.1.jar:/home/runner/.m2/repository/commons-daemon/commons-daemon/1.4.0/commons-daemon-1.4.0.jar:/home/runner/.m2/repository/org/apache/kerby/kerb-core/1.0.1/kerb-core-1.0.1.jar:/home/runner/.m2/repository/org/apache/kerby/kerby-pkix/1.0.1/kerby-pkix-1.0.1.jar:/home/runner/.m2/repository/org/apache/kerby/kerby-asn1/1.0.1/kerby-asn1-1.0.1.jar:/home/runner/.m2/repository/org/apache/kerby/kerb-util/1.0.1/kerb-util-1.0.1.jar:/home/runner/.m2/repository/org/apache/kerby/kerby-config/1.0.1/kerby-config-1.0.1.jar:/home/runner/.m2/repository/org/apache/kerby/kerb-crypto/1.0.1/kerb-crypto-1.0.1.jar:/home/runner/.m2/repository/org/xerial/snappy/snappy-java/1.1.10.7/snappy-java-1.1.10.7.jar:/home/runner/work/ozone/ozone/hadoop-hdds/interface-admin/target/hdds-interface-admin-2.0.0-SNAPSHOT.jar:/home/runner/work/ozone/ozone/hadoop-hdds/interface-server/target/hdds-interface-server-2.0.0-SNAPSHOT.jar:/home/runner/work/ozone/ozone/hadoop-hdds/framework/target/hdds-server-framework-2.0.0-SNAPSHOT.jar:/home/runner/.m2/repository/org/apache/ratis/ratis-client/3.1.2/ratis-client-3.1.2.jar:/home/runner/.m2/repository/org/apache/ratis/ratis-grpc/3.1.2/ratis-grpc-3.1.2.jar:/home/runner/.m2/repository/org/apache/ratis/ratis-netty/3.1.2/ratis-netty-3.1.2.jar:/home/runner/.m2/repository/org/apache/ratis/ratis-server-api/3.1.2/ratis-server-api-3.1.2.jar:/home/runner/.m2/repository/org/bouncycastle/bcpkix-jdk18on/1.79/bcpkix-jdk18on-1.79.jar:/home/runner/.m2/repository/org/bouncycastle/bcprov-jdk18on/1.79/bcprov-jdk18on-1.79.jar:/home/runner/.m2/repository/io/dropwizard/metrics/metrics-core/3.2.6/metrics-core-3.2.6.jar:/home/runner/.m2/repository/org/apache/commons/commons-text/1.12.0/commons-text-1.12.0.jar:/home/runner/.m2/repository/org/eclipse/jetty/jetty-webapp/9.4.57.v20241219/jetty-webapp-9.4.57.v20241219.jar:/home/runner/.m2/repository/org/eclipse/jetty/jetty-xml/9.4.57.v20241219/jetty-xml-9.4.57.v20241219.jar:/home/runner/.m2/repository/com/fasterxml/jackson/core/jackson-core/2.16.2/jackson-core-2.16.2.jar:/home/runner/.m2/repository/info/picocli/picocli/4.7.5/picocli-4.7.5.jar:/home/runner/.m2/repository/javax/servlet/javax.servlet-api/3.1.0/javax.servlet-api-3.1.0.jar:/home/runner/.m2/repository/commons-collections/commons-collections/3.2.2/commons-collections-3.2.2.jar:/home/runner/work/ozone/ozone/hadoop-hdds/framework/target/hdds-server-framework-2.0.0-SNAPSHOT-tests.jar:/home/runner/.m2/repository/com/fasterxml/jackson/datatype/jackson-datatype-jsr310/2.16.2/jackson-datatype-jsr310-2.16.2.jar:/home/runner/.m2/repository/com/github/jnr/jnr-constants/0.10.4/jnr-constants-0.10.4.jar:/home/runner/.m2/repository/com/github/jnr/jnr-posix/3.1.20/jnr-posix-3.1.20.jar:/home/runner/.m2/repository/com/github/jnr/jnr-ffi/2.2.17/jnr-ffi-2.2.17.jar:/home/runner/.m2/repository/com/github/jnr/jffi/1.3.13/jffi-1.3.13.jar:/home/runner/.m2/repository/com/github/jnr/jffi/1.3.13/jffi-1.3.13-native.jar:/home/runner/.m2/repository/org/ow2/asm/asm/9.7.1/asm-9.7.1.jar:/home/runner/.m2/repository/org/ow2/asm/asm-commons/9.7.1/asm-commons-9.7.1.jar:/home/runner/.m2/repository/org/ow2/asm/asm-analysis/9.7.1/asm-analysis-9.7.1.jar:/home/runner/.m2/repository/org/ow2/asm/asm-tree/9.7.1/asm-tree-9.7.1.jar:/home/runner/.m2/repository/org/ow2/asm/asm-util/9.7.1/asm-util-9.7.1.jar:/home/runner/.m2/repository/com/github/jnr/jnr-a64asm/1.0.0/jnr-a64asm-1.0.0.jar:/home/runner/.m2/repository/com/github/jnr/jnr-x86asm/1.0.2/jnr-x86asm-1.0.2.jar:/home/runner/.m2/repository/com/google/code/gson/gson/2.10.1/gson-2.10.1.jar:/home/runner/.m2/repository/commons-codec/commons-codec/1.17.1/commons-codec-1.17.1.jar:/home/runner/.m2/repository/commons-fileupload/commons-fileupload/1.5/commons-fileupload-1.5.jar:/home/runner/.m2/repository/commons-validator/commons-validator/1.6/commons-validator-1.6.jar:/home/runner/.m2/repository/commons-beanutils/commons-beanutils/1.9.4/commons-beanutils-1.9.4.jar:/home/runner/.m2/repository/commons-digester/commons-digester/1.8.1/commons-digester-1.8.1.jar:/home/runner/.m2/repository/io/opentracing/opentracing-api/0.33.0/opentracing-api-0.33.0.jar:/home/runner/.m2/repository/io/prometheus/simpleclient/0.16.0/simpleclient-0.16.0.jar:/home/runner/.m2/repository/io/prometheus/simpleclient_common/0.16.0/simpleclient_common-0.16.0.jar:/home/runner/.m2/repository/io/prometheus/simpleclient_dropwizard/0.16.0/simpleclient_dropwizard-0.16.0.jar:/home/runner/.m2/repository/jakarta/ws/rs/jakarta.ws.rs-api/2.1.6/jakarta.ws.rs-api-2.1.6.jar:/home/runner/.m2/repository/org/apache/commons/commons-configuration2/2.11.0/commons-configuration2-2.11.0.jar:/home/runner/.m2/repository/org/apache/logging/log4j/log4j-core/2.24.2/log4j-core-2.24.2.jar:/home/runner/work/ozone/ozone/hadoop-hdds/managed-rocksdb/target/hdds-managed-rocksdb-2.0.0-SNAPSHOT.jar:/home/runner/work/ozone/ozone/hadoop-hdds/rocksdb-checkpoint-differ/target/rocksdb-checkpoint-differ-2.0.0-SNAPSHOT.jar:/home/runner/.m2/repository/org/jgrapht/jgrapht-core/1.4.0/jgrapht-core-1.4.0.jar:/home/runner/.m2/repository/org/jheaps/jheaps/0.11/jheaps-0.11.jar:/home/runner/.m2/repository/org/jgrapht/jgrapht-ext/1.4.0/jgrapht-ext-1.4.0.jar:/home/runner/.m2/repository/com/github/vlsi/mxgraph/jgraphx/3.9.12/jgraphx-3.9.12.jar:/home/runner/.m2/repository/org/apache/ratis/ratis-metrics-api/3.1.2/ratis-metrics-api-3.1.2.jar:/home/runner/.m2/repository/org/apache/ratis/ratis-metrics-dropwizard3/3.1.2/ratis-metrics-dropwizard3-3.1.2.jar:/home/runner/.m2/repository/org/eclipse/jetty/jetty-http/9.4.57.v20241219/jetty-http-9.4.57.v20241219.jar:/home/runner/.m2/repository/org/eclipse/jetty/jetty-io/9.4.57.v20241219/jetty-io-9.4.57.v20241219.jar:/home/runner/.m2/repository/org/eclipse/jetty/jetty-server/9.4.57.v20241219/jetty-server-9.4.57.v20241219.jar:/home/runner/.m2/repository/org/eclipse/jetty/jetty-servlet/9.4.57.v20241219/jetty-servlet-9.4.57.v20241219.jar:/home/runner/.m2/repository/org/eclipse/jetty/jetty-security/9.4.57.v20241219/jetty-security-9.4.57.v20241219.jar:/home/runner/.m2/repository/org/eclipse/jetty/jetty-util-ajax/9.4.57.v20241219/jetty-util-ajax-9.4.57.v20241219.jar:/home/runner/.m2/repository/org/eclipse/jetty/jetty-util/9.4.57.v20241219/jetty-util-9.4.57.v20241219.jar:/home/runner/.m2/repository/org/glassfish/jersey/containers/jersey-container-servlet-core/2.46/jersey-container-servlet-core-2.46.jar:/home/runner/.m2/repository/org/glassfish/jersey/core/jersey-server/2.46/jersey-server-2.46.jar:/home/runner/.m2/repository/org/glassfish/jersey/core/jersey-client/2.46/jersey-client-2.46.jar:/home/runner/.m2/repository/org/rocksdb/rocksdbjni/7.7.3/rocksdbjni-7.7.3.jar:/home/runner/.m2/repository/org/slf4j/slf4j-reload4j/2.0.16/slf4j-reload4j-2.0.16.jar:/home/runner/.m2/repository/com/lmax/disruptor/3.4.4/disruptor-3.4.4.jar:/home/runner/work/ozone/ozone/hadoop-ozone/ozone-manager/target/ozone-manager-2.0.0-SNAPSHOT.jar:/home/runner/.m2/repository/org/aspectj/aspectjrt/1.9.7/aspectjrt-1.9.7.jar:/home/runner/.m2/repository/org/aspectj/aspectjweaver/1.9.7/aspectjweaver-1.9.7.jar:/home/runner/work/ozone/ozone/hadoop-ozone/interface-storage/target/ozone-interface-storage-2.0.0-SNAPSHOT.jar:/home/runner/.m2/repository/org/apache/kerby/kerby-util/1.0.1/kerby-util-1.0.1.jar:/home/runner/.m2/repository/io/netty/netty-transport/4.1.109.Final/netty-transport-4.1.109.Final.jar:/home/runner/.m2/repository/org/reflections/reflections/0.10.2/reflections-0.10.2.jar:/home/runner/.m2/repository/com/sun/jersey/jersey-client/1.19.4/jersey-client-1.19.4.jar:/home/runner/.m2/repository/jakarta/xml/bind/jakarta.xml.bind-api/2.3.3/jakarta.xml.bind-api-2.3.3.jar:/home/runner/.m2/repository/org/codehaus/jackson/jackson-core-asl/1.9.13/jackson-core-asl-1.9.13.jar:/home/runner/.m2/repository/org/codehaus/jackson/jackson-mapper-asl/1.9.13/jackson-mapper-asl-1.9.13.jar:/home/runner/.m2/repository/org/codehaus/jackson/jackson-jaxrs/1.9.13/jackson-jaxrs-1.9.13.jar:/home/runner/.m2/repository/org/apache/ranger/ranger-plugins-common/2.3.0/ranger-plugins-common-2.3.0.jar:/home/runner/.m2/repository/commons-lang/commons-lang/2.6/commons-lang-2.6.jar:/home/runner/.m2/repository/org/apache/ranger/ranger-plugins-cred/2.3.0/ranger-plugins-cred-2.3.0.jar:/home/runner/.m2/repository/org/apache/ranger/ranger-plugins-audit/2.3.0/ranger-plugins-audit-2.3.0.jar:/home/runner/.m2/repository/org/eclipse/jetty/jetty-client/9.4.57.v20241219/jetty-client-9.4.57.v20241219.jar:/home/runner/.m2/repository/org/apache/httpcomponents/httpmime/4.5.6/httpmime-4.5.6.jar:/home/runner/.m2/repository/org/apache/httpcomponents/httpcore-nio/4.4.16/httpcore-nio-4.4.16.jar:/home/runner/.m2/repository/org/apache/httpcomponents/httpasyncclient/4.1.3/httpasyncclient-4.1.3.jar:/home/runner/.m2/repository/com/carrotsearch/hppc/0.8.0/hppc-0.8.0.jar:/home/runner/.m2/repository/org/apache/orc/orc-core/1.5.8/orc-core-1.5.8.jar:/home/runner/.m2/repository/net/java/dev/jna/jna/5.2.0/jna-5.2.0.jar:/home/runner/.m2/repository/net/java/dev/jna/jna-platform/5.2.0/jna-platform-5.2.0.jar:/home/runner/.m2/repository/com/kstruct/gethostname4j/0.0.2/gethostname4j-0.0.2.jar:/home/runner/.m2/repository/org/apache/ranger/ranger-plugin-classloader/2.3.0/ranger-plugin-classloader-2.3.0.jar:/home/runner/.m2/repository/org/apache/ranger/ranger-intg/2.3.0/ranger-intg-2.3.0.jar:/home/runner/work/ozone/ozone/hadoop-hdds/rocks-native/target/hdds-rocks-native-2.0.0-SNAPSHOT.jar:/home/runner/.m2/repository/org/apache/hadoop/hadoop-minikdc/3.4.1/hadoop-minikdc-3.4.1.jar:/home/runner/.m2/repository/org/apache/kerby/kerb-simplekdc/2.0.3/kerb-simplekdc-2.0.3.jar:/home/runner/.m2/repository/org/apache/kerby/kerb-client/2.0.3/kerb-client-2.0.3.jar:/home/runner/.m2/repository/org/apache/kerby/kerb-common/2.0.3/kerb-common-2.0.3.jar:/home/runner/.m2/repository/org/apache/kerby/token-provider/2.0.3/token-provider-2.0.3.jar:/home/runner/.m2/repository/org/apache/kerby/kerb-admin/2.0.3/kerb-admin-2.0.3.jar:/home/runner/.m2/repository/org/apache/kerby/kerb-server/2.0.3/kerb-server-2.0.3.jar:/home/runner/.m2/repository/org/apache/kerby/kerb-identity/2.0.3/kerb-identity-2.0.3.jar:/home/runner/.m2/repository/org/apache/kerby/kerby-xdr/2.0.3/kerby-xdr-2.0.3.jar:/home/runner/.m2/repository/junit/junit/4.13.2/junit-4.13.2.jar:/home/runner/.m2/repository/org/hamcrest/hamcrest-core/1.3/hamcrest-core-1.3.jar:/home/runner/work/ozone/ozone/hadoop-ozone/s3gateway/target/ozone-s3gateway-2.0.0-SNAPSHOT.jar:/home/runner/.m2/repository/org/javassist/javassist/3.30.2-GA/javassist-3.30.2-GA.jar:/home/runner/.m2/repository/org/jboss/weld/servlet/weld-servlet-shaded/3.1.9.Final/weld-servlet-shaded-3.1.9.Final.jar:/home/runner/.m2/repository/org/glassfish/jersey/core/jersey-common/2.46/jersey-common-2.46.jar:/home/runner/.m2/repository/org/glassfish/hk2/osgi-resource-locator/1.0.3/osgi-resource-locator-1.0.3.jar:/home/runner/.m2/repository/org/glassfish/jersey/ext/cdi/jersey-cdi1x/2.46/jersey-cdi1x-2.46.jar:/home/runner/.m2/repository/org/glassfish/jersey/inject/jersey-hk2/2.46/jersey-hk2-2.46.jar:/home/runner/.m2/repository/org/glassfish/hk2/hk2-locator/2.6.1/hk2-locator-2.6.1.jar:/home/runner/.m2/repository/org/glassfish/jersey/media/jersey-media-jaxb/2.46/jersey-media-jaxb-2.46.jar:/home/runner/.m2/repository/org/glassfish/hk2/hk2-api/2.6.1/hk2-api-2.6.1.jar:/home/runner/.m2/repository/org/glassfish/hk2/hk2-utils/2.6.1/hk2-utils-2.6.1.jar:/home/runner/.m2/repository/org/glassfish/hk2/external/aopalliance-repackaged/2.6.1/aopalliance-repackaged-2.6.1.jar:/home/runner/.m2/repository/com/fasterxml/jackson/dataformat/jackson-dataformat-xml/2.16.2/jackson-dataformat-xml-2.16.2.jar:/home/runner/.m2/repository/org/codehaus/woodstox/stax2-api/4.2.2/stax2-api-4.2.2.jar:/home/runner/.m2/repository/com/fasterxml/woodstox/woodstox-core/5.4.0/woodstox-core-5.4.0.jar:/home/runner/.m2/repository/com/fasterxml/jackson/module/jackson-module-jaxb-annotations/2.16.2/jackson-module-jaxb-annotations-2.16.2.jar:/home/runner/.m2/repository/javax/annotation/javax.annotation-api/1.3.2/javax.annotation-api-1.3.2.jar:/home/runner/.m2/repository/javax/enterprise/cdi-api/2.0/cdi-api-2.0.jar:/home/runner/.m2/repository/javax/el/javax.el-api/3.0.0/javax.el-api-3.0.0.jar:/home/runner/.m2/repository/javax/interceptor/javax.interceptor-api/1.2/javax.interceptor-api-1.2.jar:/home/runner/.m2/repository/org/glassfish/jaxb/jaxb-runtime/2.3.9/jaxb-runtime-2.3.9.jar:/home/runner/.m2/repository/org/glassfish/jaxb/txw2/2.3.9/txw2-2.3.9.jar:/home/runner/.m2/repository/com/sun/istack/istack-commons-runtime/3.0.12/istack-commons-runtime-3.0.12.jar:/home/runner/.m2/repository/com/sun/activation/jakarta.activation/1.2.2/jakarta.activation-1.2.2.jar:/home/runner/.m2/repository/jakarta/activation/jakarta.activation-api/1.2.2/jakarta.activation-api-1.2.2.jar:/home/runner/.m2/repository/io/grpc/grpc-protobuf/1.58.0/grpc-protobuf-1.58.0.jar:/home/runner/.m2/repository/com/google/api/grpc/proto-google-common-protos/2.22.0/proto-google-common-protos-2.22.0.jar:/home/runner/.m2/repository/io/grpc/grpc-protobuf-lite/1.58.0/grpc-protobuf-lite-1.58.0.jar:/home/runner/.m2/repository/io/opentracing/opentracing-noop/0.33.0/opentracing-noop-0.33.0.jar:/home/runner/.m2/repository/io/opentracing/opentracing-util/0.33.0/opentracing-util-0.33.0.jar:/home/runner/work/ozone/ozone/hadoop-ozone/csi/target/ozone-csi-2.0.0-SNAPSHOT.jar:/home/runner/.m2/repository/com/google/protobuf/protobuf-java-util/3.19.6/protobuf-java-util-3.19.6.jar:/home/runner/.m2/repository/io/netty/netty-transport-classes-epoll/4.1.109.Final/netty-transport-classes-epoll-4.1.109.Final.jar:/home/runner/.m2/repository/io/netty/netty-transport-native-epoll/4.1.109.Final/netty-transport-native-epoll-4.1.109.Final-linux-x86_64.jar:/home/runner/.m2/repository/io/netty/netty-transport-native-unix-common/4.1.109.Final/netty-transport-native-unix-common-4.1.109.Final.jar:/home/runner/work/ozone/ozone/hadoop-ozone/recon/target/ozone-recon-2.0.0-SNAPSHOT.jar:/home/runner/work/ozone/ozone/hadoop-ozone/recon-codegen/target/ozone-reconcodegen-2.0.0-SNAPSHOT.jar:/home/runner/.m2/repository/aopalliance/aopalliance/1.0/aopalliance-1.0.jar:/home/runner/.m2/repository/com/google/inject/guice/6.0.0/guice-6.0.0.jar:/home/runner/.m2/repository/jakarta/inject/jakarta.inject-api/2.0.1/jakarta.inject-api-2.0.1.jar:/home/runner/.m2/repository/com/google/inject/extensions/guice-assistedinject/6.0.0/guice-assistedinject-6.0.0.jar:/home/runner/.m2/repository/com/google/inject/extensions/guice-servlet/6.0.0/guice-servlet-6.0.0.jar:/home/runner/.m2/repository/org/glassfish/jersey/containers/jersey-container-servlet/2.46/jersey-container-servlet-2.46.jar:/home/runner/.m2/repository/org/glassfish/hk2/guice-bridge/2.6.1/guice-bridge-2.6.1.jar:/home/runner/.m2/repository/org/glassfish/hk2/external/jakarta.inject/2.6.1/jakarta.inject-2.6.1.jar:/home/runner/.m2/repository/org/glassfish/jersey/media/jersey-media-json-jackson/2.46/jersey-media-json-jackson-2.46.jar:/home/runner/.m2/repository/org/glassfish/jersey/ext/jersey-entity-filtering/2.46/jersey-entity-filtering-2.46.jar:/home/runner/.m2/repository/org/jooq/jooq/3.11.10/jooq-3.11.10.jar:/home/runner/.m2/repository/org/jooq/jooq-meta/3.11.10/jooq-meta-3.11.10.jar:/home/runner/.m2/repository/org/jooq/jooq-codegen/3.11.10/jooq-codegen-3.11.10.jar:/home/runner/.m2/repository/com/jolbox/bonecp/0.8.0.RELEASE/bonecp-0.8.0.RELEASE.jar:/home/runner/.m2/repository/org/apache/derby/derby/10.14.2.0/derby-10.14.2.0.jar:/home/runner/.m2/repository/org/xerial/sqlite-jdbc/3.47.2.0/sqlite-jdbc-3.47.2.0.jar:/home/runner/.m2/repository/org/springframework/spring-core/5.3.39/spring-core-5.3.39.jar:/home/runner/.m2/repository/org/springframework/spring-jdbc/5.3.39/spring-jdbc-5.3.39.jar:/home/runner/.m2/repository/org/springframework/spring-beans/5.3.39/spring-beans-5.3.39.jar:/home/runner/.m2/repository/org/springframework/spring-tx/5.3.39/spring-tx-5.3.39.jar:/home/runner/.m2/repository/jakarta/validation/jakarta.validation-api/2.0.2/jakarta.validation-api-2.0.2.jar:/home/runner/.m2/repository/javax/inject/javax.inject/1/javax.inject-1.jar:/home/runner/work/ozone/ozone/hadoop-ozone/client/target/ozone-client-2.0.0-SNAPSHOT.jar:/home/runner/work/ozone/ozone/hadoop-hdds/erasurecode/target/hdds-erasurecode-2.0.0-SNAPSHOT.jar:/home/runner/work/ozone/ozone/hadoop-ozone/ozonefs/target/ozone-filesystem-2.0.0-SNAPSHOT.jar:/home/runner/work/ozone/ozone/hadoop-ozone/ozonefs-common/target/ozone-filesystem-common-2.0.0-SNAPSHOT.jar:/home/runner/work/ozone/ozone/hadoop-ozone/tools/target/ozone-tools-2.0.0-SNAPSHOT.jar:/home/runner/.m2/repository/org/apache/ratis/ratis-tools/3.1.2/ratis-tools-3.1.2.jar:/home/runner/.m2/repository/org/apache/ratis/ratis-shell/3.1.2/ratis-shell-3.1.2.jar:/home/runner/.m2/repository/info/picocli/picocli-shell-jline3/4.7.5/picocli-shell-jline3-4.7.5.jar:/home/runner/.m2/repository/org/jline/jline/3.28.0/jline-3.28.0.jar:/home/runner/.m2/repository/com/amazonaws/aws-java-sdk-core/1.12.661/aws-java-sdk-core-1.12.661.jar:/home/runner/.m2/repository/com/fasterxml/jackson/dataformat/jackson-dataformat-cbor/2.16.2/jackson-dataformat-cbor-2.16.2.jar:/home/runner/.m2/repository/joda-time/joda-time/2.12.7/joda-time-2.12.7.jar:/home/runner/.m2/repository/com/amazonaws/aws-java-sdk-s3/1.12.661/aws-java-sdk-s3-1.12.661.jar:/home/runner/.m2/repository/com/amazonaws/aws-java-sdk-kms/1.12.661/aws-java-sdk-kms-1.12.661.jar:/home/runner/.m2/repository/com/amazonaws/jmespath-java/1.12.661/jmespath-java-1.12.661.jar:/home/runner/.m2/repository/org/kohsuke/metainf-services/metainf-services/1.11/metainf-services-1.11.jar:/home/runner/work/ozone/ozone/hadoop-hdds/tools/target/hdds-tools-2.0.0-SNAPSHOT.jar:/home/runner/.m2/repository/commons-cli/commons-cli/1.8.0/commons-cli-1.8.0.jar:/home/runner/.m2/repository/org/apache/commons/commons-lang3/3.17.0/commons-lang3-3.17.0.jar:/home/runner/work/ozone/ozone/hadoop-ozone/ozone-manager/target/ozone-manager-2.0.0-SNAPSHOT-tests.jar:/home/runner/work/ozone/ozone/hadoop-hdds/common/target/hdds-common-2.0.0-SNAPSHOT-tests.jar:/home/runner/.m2/repository/io/jaegertracing/jaeger-client/1.8.1/jaeger-client-1.8.1.jar:/home/runner/.m2/repository/io/jaegertracing/jaeger-thrift/1.8.1/jaeger-thrift-1.8.1.jar:/home/runner/.m2/repository/org/apache/thrift/libthrift/0.15.0/libthrift-0.15.0.jar:/home/runner/.m2/repository/com/squareup/okhttp3/okhttp/4.12.0/okhttp-4.12.0.jar:/home/runner/.m2/repository/com/squareup/okio/okio/3.6.0/okio-3.6.0.jar:/home/runner/.m2/repository/com/squareup/okio/okio-jvm/3.6.0/okio-jvm-3.6.0.jar:/home/runner/.m2/repository/org/jetbrains/kotlin/kotlin-stdlib-common/1.9.25/kotlin-stdlib-common-1.9.25.jar:/home/runner/.m2/repository/org/jetbrains/kotlin/kotlin-stdlib-jdk8/1.9.25/kotlin-stdlib-jdk8-1.9.25.jar:/home/runner/.m2/repository/org/jetbrains/kotlin/kotlin-stdlib-jdk7/1.9.25/kotlin-stdlib-jdk7-1.9.25.jar:/home/runner/.m2/repository/io/jaegertracing/jaeger-tracerresolver/1.8.1/jaeger-tracerresolver-1.8.1.jar:/home/runner/.m2/repository/io/opentracing/contrib/opentracing-tracerresolver/0.1.8/opentracing-tracerresolver-0.1.8.jar:/home/runner/.m2/repository/io/jaegertracing/jaeger-core/1.8.1/jaeger-core-1.8.1.jar:/home/runner/work/ozone/ozone/hadoop-hdds/annotations/target/hdds-annotation-processing-2.0.0-SNAPSHOT.jar:/home/runner/work/ozone/ozone/hadoop-hdds/hadoop-dependency-client/target/hdds-hadoop-dependency-client-2.0.0-SNAPSHOT.jar:/home/runner/.m2/repository/org/bouncycastle/bcutil-jdk18on/1.79/bcutil-jdk18on-1.79.jar:/home/runner/.m2/repository/org/jetbrains/kotlin/kotlin-stdlib/1.9.25/kotlin-stdlib-1.9.25.jar:/home/runner/.m2/repository/org/jetbrains/annotations/13.0/annotations-13.0.jar:/home/runner/.m2/repository/org/yaml/snakeyaml/2.0/snakeyaml-2.0.jar:/home/runner/.m2/repository/org/junit/platform/junit-platform-launcher/1.11.4/junit-platform-launcher-1.11.4.jar:/home/runner/.m2/repository/org/junit/platform/junit-platform-engine/1.11.4/junit-platform-engine-1.11.4.jar:/home/runner/.m2/repository/org/apiguardian/apiguardian-api/1.1.2/apiguardian-api-1.1.2.jar:/home/runner/.m2/repository/org/apache/hadoop/hadoop-kms/3.4.1/hadoop-kms-3.4.1.jar:/home/runner/.m2/repository/org/apache/hadoop/hadoop-auth/3.4.1/hadoop-auth-3.4.1.jar:/home/runner/.m2/repository/org/apache/zookeeper/zookeeper/3.8.4/zookeeper-3.8.4.jar:/home/runner/.m2/repository/org/apache/zookeeper/zookeeper-jute/3.8.4/zookeeper-jute-3.8.4.jar:/home/runner/.m2/repository/org/apache/yetus/audience-annotations/0.12.0/audience-annotations-0.12.0.jar:/home/runner/.m2/repository/org/apache/curator/curator-framework/4.2.0/curator-framework-4.2.0.jar:/home/runner/.m2/repository/org/apache/hadoop/thirdparty/hadoop-shaded-guava/1.3.0/hadoop-shaded-guava-1.3.0.jar:/home/runner/.m2/repository/com/sun/jersey/jersey-core/1.19.4/jersey-core-1.19.4.jar:/home/runner/.m2/repository/javax/ws/rs/jsr311-api/1.1.1/jsr311-api-1.1.1.jar:/home/runner/.m2/repository/com/sun/jersey/jersey-server/1.19.4/jersey-server-1.19.4.jar:/home/runner/.m2/repository/org/apache/hadoop/hadoop-common/3.4.1/hadoop-common-3.4.1.jar:/home/runner/.m2/repository/org/apache/commons/commons-math3/3.6.1/commons-math3-3.6.1.jar:/home/runner/.m2/repository/commons-net/commons-net/3.11.1/commons-net-3.11.1.jar:/home/runner/.m2/repository/com/github/pjfanning/jersey-json/1.22.0/jersey-json-1.22.0.jar:/home/runner/.m2/repository/com/sun/xml/bind/jaxb-impl/2.2.3-1/jaxb-impl-2.2.3-1.jar:/home/runner/.m2/repository/org/codehaus/jettison/jettison/1.5.4/jettison-1.5.4.jar:/home/runner/.m2/repository/com/google/re2j/re2j/1.7/re2j-1.7.jar:/home/runner/.m2/repository/com/jcraft/jsch/0.1.55/jsch-0.1.55.jar:/home/runner/.m2/repository/org/apache/curator/curator-client/4.2.0/curator-client-4.2.0.jar:/home/runner/.m2/repository/org/apache/curator/curator-recipes/5.2.0/curator-recipes-5.2.0.jar:/home/runner/.m2/repository/com/google/code/findbugs/jsr305/3.0.2/jsr305-3.0.2.jar:/home/runner/.m2/repository/io/netty/netty-transport-native-epoll/4.1.109.Final/netty-transport-native-epoll-4.1.109.Final.jar:/home/runner/.m2/repository/dnsjava/dnsjava/3.6.1/dnsjava-3.6.1.jar:/home/runner/.m2/repository/org/apache/hadoop/hadoop-kms/3.4.1/hadoop-kms-3.4.1-tests.jar:/home/runner/work/ozone/ozone/hadoop-hdds/server-scm/target/hdds-server-scm-2.0.0-SNAPSHOT-tests.jar:/home/runner/work/ozone/ozone/hadoop-hdds/container-service/target/hdds-container-service-2.0.0-SNAPSHOT-tests.jar:/home/runner/.m2/repository/com/github/luben/zstd-jni/1.5.6-9/zstd-jni-1.5.6-9.jar:/home/runner/.m2/repository/io/netty/netty-buffer/4.1.109.Final/netty-buffer-4.1.109.Final.jar:/home/runner/.m2/repository/io/netty/netty-codec/4.1.109.Final/netty-codec-4.1.109.Final.jar:/home/runner/work/ozone/ozone/hadoop-hdds/hadoop-dependency-test/target/hdds-hadoop-dependency-test-2.0.0-SNAPSHOT.jar:/home/runner/.m2/repository/org/apache/hadoop/hadoop-common/3.4.1/hadoop-common-3.4.1-tests.jar:/home/runner/.m2/repository/org/apache/hadoop/hadoop-hdfs/3.4.1/hadoop-hdfs-3.4.1-tests.jar:/home/runner/.m2/repository/org/junit/jupiter/junit-jupiter-engine/5.11.4/junit-jupiter-engine-5.11.4.jar:/home/runner/.m2/repository/org/junit/jupiter/junit-jupiter-params/5.11.4/junit-jupiter-params-5.11.4.jar:/home/runner/.m2/repository/org/mockito/mockito-core/4.11.0/mockito-core-4.11.0.jar:/home/runner/.m2/repository/net/bytebuddy/byte-buddy-agent/1.12.19/byte-buddy-agent-1.12.19.jar:/home/runner/.m2/repository/org/objenesis/objenesis/3.3/objenesis-3.3.jar:/home/runner/.m2/repository/org/mockito/mockito-inline/4.11.0/mockito-inline-4.11.0.jar:/home/runner/.m2/repository/org/mockito/mockito-junit-jupiter/4.11.0/mockito-junit-jupiter-4.11.0.jar:/home/runner/.m2/repository/org/apache/hadoop/hadoop-distcp/3.4.1/hadoop-distcp-3.4.1.jar:/home/runner/.m2/repository/org/apache/hadoop/hadoop-mapreduce-client-jobclient/3.4.1/hadoop-mapreduce-client-jobclient-3.4.1.jar:/home/runner/.m2/repository/org/apache/hadoop/hadoop-mapreduce-client-common/3.4.1/hadoop-mapreduce-client-common-3.4.1.jar:/home/runner/.m2/repository/org/apache/hadoop/hadoop-yarn-common/3.4.1/hadoop-yarn-common-3.4.1.jar:/home/runner/.m2/repository/org/apache/hadoop/hadoop-yarn-api/3.4.1/hadoop-yarn-api-3.4.1.jar:/home/runner/.m2/repository/javax/xml/bind/jaxb-api/2.2.11/jaxb-api-2.2.11.jar:/home/runner/.m2/repository/com/sun/jersey/contribs/jersey-guice/1.19.4/jersey-guice-1.19.4.jar:/home/runner/.m2/repository/com/fasterxml/jackson/jaxrs/jackson-jaxrs-json-provider/2.16.2/jackson-jaxrs-json-provider-2.16.2.jar:/home/runner/.m2/repository/com/fasterxml/jackson/jaxrs/jackson-jaxrs-base/2.16.2/jackson-jaxrs-base-2.16.2.jar:/home/runner/.m2/repository/org/apache/hadoop/hadoop-yarn-client/3.4.1/hadoop-yarn-client-3.4.1.jar:/home/runner/.m2/repository/org/eclipse/jetty/websocket/websocket-client/9.4.53.v20231009/websocket-client-9.4.53.v20231009.jar:/home/runner/.m2/repository/org/eclipse/jetty/websocket/websocket-common/9.4.53.v20231009/websocket-common-9.4.53.v20231009.jar:/home/runner/.m2/repository/org/eclipse/jetty/websocket/websocket-api/9.4.53.v20231009/websocket-api-9.4.53.v20231009.jar:/home/runner/.m2/repository/org/apache/hadoop/hadoop-mapreduce-client-core/3.4.1/hadoop-mapreduce-client-core-3.4.1.jar:/home/runner/.m2/repository/org/apache/avro/avro/1.9.2/avro-1.9.2.jar:/home/runner/.m2/repository/org/apache/hadoop/hadoop-annotations/3.4.1/hadoop-annotations-3.4.1.jar:/home/runner/.m2/repository/io/netty/netty-all/4.1.109.Final/netty-all-4.1.109.Final.jar:/home/runner/.m2/repository/io/netty/netty-codec-dns/4.1.109.Final/netty-codec-dns-4.1.109.Final.jar:/home/runner/.m2/repository/io/netty/netty-codec-haproxy/4.1.109.Final/netty-codec-haproxy-4.1.109.Final.jar:/home/runner/.m2/repository/io/netty/netty-codec-memcache/4.1.109.Final/netty-codec-memcache-4.1.109.Final.jar:/home/runner/.m2/repository/io/netty/netty-codec-mqtt/4.1.109.Final/netty-codec-mqtt-4.1.109.Final.jar:/home/runner/.m2/repository/io/netty/netty-codec-redis/4.1.109.Final/netty-codec-redis-4.1.109.Final.jar:/home/runner/.m2/repository/io/netty/netty-codec-smtp/4.1.109.Final/netty-codec-smtp-4.1.109.Final.jar:/home/runner/.m2/repository/io/netty/netty-codec-stomp/4.1.109.Final/netty-codec-stomp-4.1.109.Final.jar:/home/runner/.m2/repository/io/netty/netty-codec-xml/4.1.109.Final/netty-codec-xml-4.1.109.Final.jar:/home/runner/.m2/repository/io/netty/netty-handler-ssl-ocsp/4.1.109.Final/netty-handler-ssl-ocsp-4.1.109.Final.jar:/home/runner/.m2/repository/io/netty/netty-resolver-dns/4.1.109.Final/netty-resolver-dns-4.1.109.Final.jar:/home/runner/.m2/repository/io/netty/netty-transport-rxtx/4.1.109.Final/netty-transport-rxtx-4.1.109.Final.jar:/home/runner/.m2/repository/io/netty/netty-transport-sctp/4.1.109.Final/netty-transport-sctp-4.1.109.Final.jar:/home/runner/.m2/repository/io/netty/netty-transport-udt/4.1.109.Final/netty-transport-udt-4.1.109.Final.jar:/home/runner/.m2/repository/io/netty/netty-transport-classes-kqueue/4.1.109.Final/netty-transport-classes-kqueue-4.1.109.Final.jar:/home/runner/.m2/repository/io/netty/netty-resolver-dns-classes-macos/4.1.109.Final/netty-resolver-dns-classes-macos-4.1.109.Final.jar:/home/runner/.m2/repository/io/netty/netty-transport-native-epoll/4.1.109.Final/netty-transport-native-epoll-4.1.109.Final-linux-aarch_64.jar:/home/runner/.m2/repository/io/netty/netty-transport-native-epoll/4.1.109.Final/netty-transport-native-epoll-4.1.109.Final-linux-riscv64.jar:/home/runner/.m2/repository/io/netty/netty-transport-native-kqueue/4.1.109.Final/netty-transport-native-kqueue-4.1.109.Final-osx-x86_64.jar:/home/runner/.m2/repository/io/netty/netty-transport-native-kqueue/4.1.109.Final/netty-transport-native-kqueue-4.1.109.Final-osx-aarch_64.jar:/home/runner/.m2/repository/io/netty/netty-resolver-dns-native-macos/4.1.109.Final/netty-resolver-dns-native-macos-4.1.109.Final-osx-x86_64.jar:/home/runner/.m2/repository/io/netty/netty-resolver-dns-native-macos/4.1.109.Final/netty-resolver-dns-native-macos-4.1.109.Final-osx-aarch_64.jar:/home/runner/.m2/repository/org/apache/hadoop/hadoop-distcp/3.4.1/hadoop-distcp-3.4.1-tests.jar:/home/runner/.m2/repository/org/apache/ratis/ratis-server/3.1.2/ratis-server-3.1.2.jar:/home/runner/.m2/repository/org/hamcrest/hamcrest/2.2/hamcrest-2.2.jar:/home/runner/.m2/repository/org/slf4j/jul-to-slf4j/2.0.16/jul-to-slf4j-2.0.16.jar:/home/runner/.m2/repository/org/assertj/assertj-core/3.27.2/assertj-core-3.27.2.jar:/home/runner/.m2/repository/net/bytebuddy/byte-buddy/1.15.11/byte-buddy-1.15.11.jar:/home/runner/work/ozone/ozone/hadoop-ozone/integration-test/target/gradle-enterprise/test-listeners.jar:"/>
    <property name="sun.cpu.endian" value="little"/>
    <property name="user.home" value="/home/runner"/>
    <property name="user.language" value="en"/>
    <property name="java.specification.vendor" value="Oracle Corporation"/>
    <property name="skipRecon" value="true"/>
    <property name="java.version.date" value="2024-10-15"/>
    <property name="java.home" value="/usr/lib/jvm/temurin-21-jdk-amd64"/>
    <property name="java.security.krb5.conf" value="/home/runner/work/ozone/ozone/hadoop-ozone/integration-test/target/test-classes/krb5.conf"/>
    <property name="file.separator" value="/"/>
    <property name="basedir" value="/home/runner/work/ozone/ozone/hadoop-ozone/integration-test"/>
    <property name="java.vm.compressedOopsMode" value="Zero based"/>
    <property name="line.separator" value="&#10;"/>
    <property name="java.vm.specification.vendor" value="Oracle Corporation"/>
    <property name="java.specification.name" value="Java Platform API Specification"/>
    <property name="surefire.real.class.path" value="/home/runner/work/ozone/ozone/hadoop-ozone/integration-test/target/surefire/surefirebooter8220473970225290677.jar"/>
    <property name="hadoop.log.dir" value="/home/runner/work/ozone/ozone/hadoop-ozone/integration-test/target/log"/>
    <property name="sun.management.compiler" value="HotSpot 64-Bit Tiered Compilers"/>
    <property name="skipShade" value="true"/>
    <property name="java.runtime.version" value="21.0.5+11-LTS"/>
    <property name="user.name" value="runner"/>
    <property name="java.net.preferIPv4Stack" value="true"/>
    <property name="stdout.encoding" value="UTF-8"/>
    <property name="path.separator" value=":"/>
    <property name="java.security.egd" value="file:///dev/urandom"/>
    <property name="os.version" value="5.15.0-1074-azure"/>
    <property name="java.runtime.name" value="OpenJDK Runtime Environment"/>
    <property name="com.gradle.maven.scan.extension.test.listener.junitplatform.NestedExecutionSafeDelegatingTestExecutionListener" value="19b843ba"/>
    <property name="file.encoding" value="UTF-8"/>
    <property name="java.vm.name" value="OpenJDK 64-Bit Server VM"/>
    <property name="java.vendor.version" value="Temurin-21.0.5+11"/>
    <property name="test.build.webapps" value=""/>
    <property name="develocity.listener.surefire.forkId" value="1"/>
    <property name="localRepository" value="/home/runner/.m2/repository"/>
    <property name="java.vendor.url.bug" value="https://github.com/adoptium/adoptium-support/issues"/>
    <property name="jetty.git.hash" value="df524e6b29271c2e09ba9aea83c18dc9db464a31"/>
    <property name="java.io.tmpdir" value="/tmp"/>
    <property name="require.test.libhadoop" value=""/>
    <property name="java.version" value="21.0.5"/>
    <property name="user.dir" value="/home/runner/work/ozone/ozone/hadoop-ozone/integration-test"/>
    <property name="os.arch" value="amd64"/>
    <property name="java.vm.specification.name" value="Java Virtual Machine Specification"/>
    <property name="test.build.classes" value="/home/runner/work/ozone/ozone/hadoop-ozone/integration-test/target/test-classes"/>
    <property name="org.apache.ratis.thirdparty.io.netty.allocator.useCacheForAllThreads" value="false"/>
    <property name="native.encoding" value="UTF-8"/>
    <property name="hadoop.tmp.dir" value="/home/runner/work/ozone/ozone/hadoop-ozone/integration-test/target/tmp"/>
    <property name="java.library.path" value="/usr/java/packages/lib:/usr/lib64:/lib64:/lib:/usr/lib"/>
    <property name="java.vm.info" value="mixed mode, sharing"/>
    <property name="stderr.encoding" value="UTF-8"/>
    <property name="java.vendor" value="Eclipse Adoptium"/>
    <property name="java.vm.version" value="21.0.5+11-LTS"/>
    <property name="sun.io.unicode.encoding" value="UnicodeLittle"/>
    <property name="develocity.listener.port" value="35543"/>
    <property name="java.class.version" value="65.0"/>
  </properties>
  <testcase name="testContainerStateMachineCloseOnMissingPipeline" classname="org.apache.hadoop.ozone.client.rpc.TestContainerStateMachineFailures" time="1.488"/>
  <testcase name="testContainerStateMachineSingleFailureRetry" classname="org.apache.hadoop.ozone.client.rpc.TestContainerStateMachineFailures" time="9.638"/>
  <testcase name="testWriteStateMachineDataIdempotencyWithClosedContainer" classname="org.apache.hadoop.ozone.client.rpc.TestContainerStateMachineFailures" time="0.326"/>
  <testcase name="testContainerStateMachineFailures" classname="org.apache.hadoop.ozone.client.rpc.TestContainerStateMachineFailures" time="23.733"/>
  <testcase name="testUnhealthyContainer" classname="org.apache.hadoop.ozone.client.rpc.TestContainerStateMachineFailures" time="53.028"/>
  <testcase name="testContainerStateMachineDualFailureRetry" classname="org.apache.hadoop.ozone.client.rpc.TestContainerStateMachineFailures" time="10.36"/>
  <testcase name="testContainerStateMachineRestartWithDNChangePipeline" classname="org.apache.hadoop.ozone.client.rpc.TestContainerStateMachineFailures" time="49.916">
    <error type="java.util.concurrent.TimeoutException"><![CDATA[java.util.concurrent.TimeoutException: 
Timed out waiting for condition. Thread diagnostics:
Timestamp: 2025-01-11 03:27:47,547

"ExpiredContainerReplicaOpScrubber" daemon prio=5 tid=56 timed_waiting
java.lang.Thread.State: TIMED_WAITING
        at java.base@21.0.5/java.lang.Object.wait0(Native Method)
        at java.base@21.0.5/java.lang.Object.wait(Object.java:366)
        at app//org.apache.hadoop.hdds.scm.ha.BackgroundSCMService.run(BackgroundSCMService.java:107)
        at app//org.apache.hadoop.hdds.scm.ha.BackgroundSCMService$$Lambda/0x00007fcfe04abbf8.run(Unknown Source)
        at java.base@21.0.5/java.lang.Thread.runWith(Thread.java:1596)
        at java.base@21.0.5/java.lang.Thread.run(Thread.java:1583)
"91d0dafb-6cb7-42e5-b129-660fdc1902ba-server-thread1" daemon prio=5 tid=2243 timed_waiting
java.lang.Thread.State: TIMED_WAITING
        at java.base@21.0.5/jdk.internal.misc.Unsafe.park(Native Method)
        at java.base@21.0.5/java.util.concurrent.locks.LockSupport.parkNanos(LockSupport.java:410)
        at java.base@21.0.5/java.util.concurrent.LinkedTransferQueue$DualNode.await(LinkedTransferQueue.java:452)
        at java.base@21.0.5/java.util.concurrent.SynchronousQueue$Transferer.xferLifo(SynchronousQueue.java:194)
        at java.base@21.0.5/java.util.concurrent.SynchronousQueue.xfer(SynchronousQueue.java:235)
        at java.base@21.0.5/java.util.concurrent.SynchronousQueue.poll(SynchronousQueue.java:338)
        at java.base@21.0.5/java.util.concurrent.ThreadPoolExecutor.getTask(ThreadPoolExecutor.java:1069)
        at java.base@21.0.5/java.util.concurrent.ThreadPoolExecutor.runWorker(ThreadPoolExecutor.java:1130)
        at java.base@21.0.5/java.util.concurrent.ThreadPoolExecutor$Worker.run(ThreadPoolExecutor.java:642)
        at java.base@21.0.5/java.lang.Thread.runWith(Thread.java:1596)
        at java.base@21.0.5/java.lang.Thread.run(Thread.java:1583)
"84b435bb-d41b-4758-bf48-ce9052c81d4a-NettyServerStreamRpc-bossGroup--thread1"  prio=5 tid=753 runnable
java.lang.Thread.State: RUNNABLE
        at app//org.apache.ratis.thirdparty.io.netty.channel.epoll.Native.epollWait(Native Method)
        at app//org.apache.ratis.thirdparty.io.netty.channel.epoll.Native.epollWait(Native.java:220)
        at app//org.apache.ratis.thirdparty.io.netty.channel.epoll.Native.epollWait(Native.java:213)
        at app//org.apache.ratis.thirdparty.io.netty.channel.epoll.EpollEventLoop.epollWaitNoTimerChange(EpollEventLoop.java:308)
        at app//org.apache.ratis.thirdparty.io.netty.channel.epoll.EpollEventLoop.run(EpollEventLoop.java:365)
        at app//org.apache.ratis.thirdparty.io.netty.util.concurrent.SingleThreadEventExecutor$4.run(SingleThreadEventExecutor.java:997)
        at app//org.apache.ratis.thirdparty.io.netty.util.internal.ThreadExecutorMap$2.run(ThreadExecutorMap.java:74)
        at java.base@21.0.5/java.lang.Thread.runWith(Thread.java:1596)
        at java.base@21.0.5/java.lang.Thread.run(Thread.java:1583)
"7c84fc52-fa7b-40d9-a19c-d4e4c83c5fa3-DatanodeStateMachineTaskThread-1"  prio=5 tid=914 in Object.wait()
java.lang.Thread.State: WAITING (on object monitor)
        at java.base@21.0.5/jdk.internal.misc.Unsafe.park(Native Method)
        at java.base@21.0.5/java.util.concurrent.locks.LockSupport.park(LockSupport.java:371)
        at java.base@21.0.5/java.util.concurrent.locks.AbstractQueuedSynchronizer$ConditionNode.block(AbstractQueuedSynchronizer.java:519)
        at java.base@21.0.5/java.util.concurrent.ForkJoinPool.unmanagedBlock(ForkJoinPool.java:3780)
        at java.base@21.0.5/java.util.concurrent.ForkJoinPool.managedBlock(ForkJoinPool.java:3725)
        at java.base@21.0.5/java.util.concurrent.locks.AbstractQueuedSynchronizer$ConditionObject.await(AbstractQueuedSynchronizer.java:1712)
        at java.base@21.0.5/java.util.concurrent.LinkedBlockingQueue.take(LinkedBlockingQueue.java:435)
        at java.base@21.0.5/java.util.concurrent.ThreadPoolExecutor.getTask(ThreadPoolExecutor.java:1070)
        at java.base@21.0.5/java.util.concurrent.ThreadPoolExecutor.runWorker(ThreadPoolExecutor.java:1130)
        at java.base@21.0.5/java.util.concurrent.ThreadPoolExecutor$Worker.run(ThreadPoolExecutor.java:642)
        at java.base@21.0.5/java.lang.Thread.runWith(Thread.java:1596)
        at java.base@21.0.5/java.lang.Thread.run(Thread.java:1583)
"Socket Reader #10 for port 15012"  prio=5 tid=544 runnable
java.lang.Thread.State: RUNNABLE
        at java.base@21.0.5/sun.nio.ch.EPoll.wait(Native Method)
        at java.base@21.0.5/sun.nio.ch.EPollSelectorImpl.doSelect(EPollSelectorImpl.java:121)
        at java.base@21.0.5/sun.nio.ch.SelectorImpl.lockAndDoSelect(SelectorImpl.java:130)
        at java.base@21.0.5/sun.nio.ch.SelectorImpl.select(SelectorImpl.java:147)
        at app//org.apache.hadoop.ipc.Server$Listener$Reader.doRunLoop(Server.java:1497)
        at app//org.apache.hadoop.ipc.Server$Listener$Reader.run(Server.java:1476)
"IPC Server handler 31 on default port 15001" daemon prio=5 tid=252 timed_waiting
java.lang.Thread.State: TIMED_WAITING
        at java.base@21.0.5/jdk.internal.misc.Unsafe.park(Native Method)
        at java.base@21.0.5/java.util.concurrent.locks.LockSupport.parkNanos(LockSupport.java:269)
        at java.base@21.0.5/java.util.concurrent.locks.AbstractQueuedSynchronizer$ConditionObject.awaitNanos(AbstractQueuedSynchronizer.java:1763)
        at java.base@21.0.5/java.util.concurrent.LinkedBlockingQueue.poll(LinkedBlockingQueue.java:460)
        at app//org.apache.hadoop.ipc.CallQueueManager.take(CallQueueManager.java:370)
        at app//org.apache.hadoop.ipc.Server$Handler.run(Server.java:3165)
"SCMBlockDeletingService#0" daemon prio=5 tid=321 timed_waiting
java.lang.Thread.State: TIMED_WAITING
        at java.base@21.0.5/jdk.internal.misc.Unsafe.park(Native Method)
        at java.base@21.0.5/java.util.concurrent.locks.LockSupport.parkNanos(LockSupport.java:269)
        at java.base@21.0.5/java.util.concurrent.locks.AbstractQueuedSynchronizer$ConditionObject.awaitNanos(AbstractQueuedSynchronizer.java:1763)
        at java.base@21.0.5/java.util.concurrent.ScheduledThreadPoolExecutor$DelayedWorkQueue.take(ScheduledThreadPoolExecutor.java:1182)
        at java.base@21.0.5/java.util.concurrent.ScheduledThreadPoolExecutor$DelayedWorkQueue.take(ScheduledThreadPoolExecutor.java:899)
        at java.base@21.0.5/java.util.concurrent.ThreadPoolExecutor.getTask(ThreadPoolExecutor.java:1070)
        at java.base@21.0.5/java.util.concurrent.ThreadPoolExecutor.runWorker(ThreadPoolExecutor.java:1130)
        at java.base@21.0.5/java.util.concurrent.ThreadPoolExecutor$Worker.run(ThreadPoolExecutor.java:642)
        at java.base@21.0.5/java.lang.Thread.runWith(Thread.java:1596)
        at java.base@21.0.5/java.lang.Thread.run(Thread.java:1583)
"ac5cad44-c19c-4f65-867f-c0009d6f555c@group-54F1CF531B92-cacheEviction-AwaitToRun" daemon prio=5 tid=1173 in Object.wait()
java.lang.Thread.State: WAITING (on object monitor)
        at java.base@21.0.5/jdk.internal.misc.Unsafe.park(Native Method)
        at java.base@21.0.5/java.util.concurrent.locks.LockSupport.park(LockSupport.java:371)
        at java.base@21.0.5/java.util.concurrent.locks.AbstractQueuedSynchronizer$ConditionNode.block(AbstractQueuedSynchronizer.java:519)
        at java.base@21.0.5/java.util.concurrent.ForkJoinPool.unmanagedBlock(ForkJoinPool.java:3780)
        at java.base@21.0.5/java.util.concurrent.ForkJoinPool.managedBlock(ForkJoinPool.java:3725)
        at java.base@21.0.5/java.util.concurrent.locks.AbstractQueuedSynchronizer$ConditionObject.await(AbstractQueuedSynchronizer.java:1712)
        at app//org.apache.ratis.util.AwaitForSignal.await(AwaitForSignal.java:48)
        at app//org.apache.ratis.util.AwaitToRun$RunnableImpl.run(AwaitToRun.java:47)
        at java.base@21.0.5/java.lang.Thread.runWith(Thread.java:1596)
        at java.base@21.0.5/java.lang.Thread.run(Thread.java:1583)
"84b435bb-d41b-4758-bf48-ce9052c81d4a-ContainerOp-8ef3bc64-5854-4584-910e-a7184706d343-9"  prio=5 tid=2184 in Object.wait()
java.lang.Thread.State: WAITING (on object monitor)
        at java.base@21.0.5/jdk.internal.misc.Unsafe.park(Native Method)
        at java.base@21.0.5/java.util.concurrent.locks.LockSupport.park(LockSupport.java:371)
        at java.base@21.0.5/java.util.concurrent.locks.AbstractQueuedSynchronizer$ConditionNode.block(AbstractQueuedSynchronizer.java:519)
        at java.base@21.0.5/java.util.concurrent.ForkJoinPool.unmanagedBlock(ForkJoinPool.java:3780)
        at java.base@21.0.5/java.util.concurrent.ForkJoinPool.managedBlock(ForkJoinPool.java:3725)
        at java.base@21.0.5/java.util.concurrent.locks.AbstractQueuedSynchronizer$ConditionObject.await(AbstractQueuedSynchronizer.java:1712)
        at java.base@21.0.5/java.util.concurrent.LinkedBlockingQueue.take(LinkedBlockingQueue.java:435)
        at java.base@21.0.5/java.util.concurrent.ThreadPoolExecutor.getTask(ThreadPoolExecutor.java:1070)
        at java.base@21.0.5/java.util.concurrent.ThreadPoolExecutor.runWorker(ThreadPoolExecutor.java:1130)
        at java.base@21.0.5/java.util.concurrent.ThreadPoolExecutor$Worker.run(ThreadPoolExecutor.java:642)
        at java.base@21.0.5/java.lang.Thread.runWith(Thread.java:1596)
        at java.base@21.0.5/java.lang.Thread.run(Thread.java:1583)
"IPC Server handler 7 on default port 15084" daemon prio=5 tid=963 timed_waiting
java.lang.Thread.State: TIMED_WAITING
        at java.base@21.0.5/jdk.internal.misc.Unsafe.park(Native Method)
        at java.base@21.0.5/java.util.concurrent.locks.LockSupport.parkNanos(LockSupport.java:269)
        at java.base@21.0.5/java.util.concurrent.locks.AbstractQueuedSynchronizer$ConditionObject.awaitNanos(AbstractQueuedSynchronizer.java:1763)
        at java.base@21.0.5/java.util.concurrent.LinkedBlockingQueue.poll(LinkedBlockingQueue.java:460)
        at app//org.apache.hadoop.ipc.CallQueueManager.take(CallQueueManager.java:370)
        at app//org.apache.hadoop.ipc.Server$Handler.run(Server.java:3165)
"IPC Server handler 2 on default port 15030" daemon prio=5 tid=1925 timed_waiting
java.lang.Thread.State: TIMED_WAITING
        at java.base@21.0.5/jdk.internal.misc.Unsafe.park(Native Method)
        at java.base@21.0.5/java.util.concurrent.locks.LockSupport.parkNanos(LockSupport.java:269)
        at java.base@21.0.5/java.util.concurrent.locks.AbstractQueuedSynchronizer$ConditionObject.awaitNanos(AbstractQueuedSynchronizer.java:1763)
        at java.base@21.0.5/java.util.concurrent.LinkedBlockingQueue.poll(LinkedBlockingQueue.java:460)
        at app//org.apache.hadoop.ipc.CallQueueManager.take(CallQueueManager.java:370)
        at app//org.apache.hadoop.ipc.Server$Handler.run(Server.java:3165)
"IPC Server handler 52 on default port 15002" daemon prio=5 tid=391 timed_waiting
java.lang.Thread.State: TIMED_WAITING
        at java.base@21.0.5/jdk.internal.misc.Unsafe.park(Native Method)
        at java.base@21.0.5/java.util.concurrent.locks.LockSupport.parkNanos(LockSupport.java:269)
        at java.base@21.0.5/java.util.concurrent.locks.AbstractQueuedSynchronizer$ConditionObject.awaitNanos(AbstractQueuedSynchronizer.java:1763)
        at java.base@21.0.5/java.util.concurrent.LinkedBlockingQueue.poll(LinkedBlockingQueue.java:460)
        at app//org.apache.hadoop.ipc.CallQueueManager.take(CallQueueManager.java:370)
        at app//org.apache.hadoop.ipc.Server$Handler.run(Server.java:3165)
"grpc-default-executor-8" daemon prio=5 tid=1852 timed_waiting
java.lang.Thread.State: TIMED_WAITING
        at java.base@21.0.5/jdk.internal.misc.Unsafe.park(Native Method)
        at java.base@21.0.5/java.util.concurrent.locks.LockSupport.parkNanos(LockSupport.java:410)
        at java.base@21.0.5/java.util.concurrent.LinkedTransferQueue$DualNode.await(LinkedTransferQueue.java:452)
        at java.base@21.0.5/java.util.concurrent.SynchronousQueue$Transferer.xferLifo(SynchronousQueue.java:194)
        at java.base@21.0.5/java.util.concurrent.SynchronousQueue.xfer(SynchronousQueue.java:235)
        at java.base@21.0.5/java.util.concurrent.SynchronousQueue.poll(SynchronousQueue.java:338)
        at java.base@21.0.5/java.util.concurrent.ThreadPoolExecutor.getTask(ThreadPoolExecutor.java:1069)
        at java.base@21.0.5/java.util.concurrent.ThreadPoolExecutor.runWorker(ThreadPoolExecutor.java:1130)
        at java.base@21.0.5/java.util.concurrent.ThreadPoolExecutor$Worker.run(ThreadPoolExecutor.java:642)
        at java.base@21.0.5/java.lang.Thread.runWith(Thread.java:1596)
        at java.base@21.0.5/java.lang.Thread.run(Thread.java:1583)
"qtp775920937-851" daemon prio=5 tid=851 runnable
java.lang.Thread.State: RUNNABLE
        at java.base@21.0.5/sun.nio.ch.EPoll.wait(Native Method)
        at java.base@21.0.5/sun.nio.ch.EPollSelectorImpl.doSelect(EPollSelectorImpl.java:121)
        at java.base@21.0.5/sun.nio.ch.SelectorImpl.lockAndDoSelect(SelectorImpl.java:130)
        at java.base@21.0.5/sun.nio.ch.SelectorImpl.select(SelectorImpl.java:147)
        at app//org.eclipse.jetty.io.ManagedSelector.nioSelect(ManagedSelector.java:183)
        at app//org.eclipse.jetty.io.ManagedSelector.select(ManagedSelector.java:190)
        at app//org.eclipse.jetty.io.ManagedSelector$SelectorProducer.select(ManagedSelector.java:606)
        at app//org.eclipse.jetty.io.ManagedSelector$SelectorProducer.produce(ManagedSelector.java:543)
        at app//org.eclipse.jetty.util.thread.strategy.EatWhatYouKill.produceTask(EatWhatYouKill.java:362)
        at app//org.eclipse.jetty.util.thread.strategy.EatWhatYouKill.doProduce(EatWhatYouKill.java:186)
        at app//org.eclipse.jetty.util.thread.strategy.EatWhatYouKill.tryProduce(EatWhatYouKill.java:173)
        at app//org.eclipse.jetty.util.thread.strategy.EatWhatYouKill.produce(EatWhatYouKill.java:137)
        at app//org.eclipse.jetty.io.ManagedSelector$$Lambda/0x00007fcfe0662730.run(Unknown Source)
        at app//org.eclipse.jetty.util.thread.QueuedThreadPool.runJob(QueuedThreadPool.java:883)
        at app//org.eclipse.jetty.util.thread.QueuedThreadPool$Runner.run(QueuedThreadPool.java:1034)
        at java.base@21.0.5/java.lang.Thread.runWith(Thread.java:1596)
        at java.base@21.0.5/java.lang.Thread.run(Thread.java:1583)
"Socket Reader #5 for port 15021"  prio=5 tid=585 runnable
java.lang.Thread.State: RUNNABLE
        at java.base@21.0.5/sun.nio.ch.EPoll.wait(Native Method)
        at java.base@21.0.5/sun.nio.ch.EPollSelectorImpl.doSelect(EPollSelectorImpl.java:121)
        at java.base@21.0.5/sun.nio.ch.SelectorImpl.lockAndDoSelect(SelectorImpl.java:130)
        at java.base@21.0.5/sun.nio.ch.SelectorImpl.select(SelectorImpl.java:147)
        at app//org.apache.hadoop.ipc.Server$Listener$Reader.doRunLoop(Server.java:1497)
        at app//org.apache.hadoop.ipc.Server$Listener$Reader.run(Server.java:1476)
"Socket Reader #1 for port 15066"  prio=5 tid=813 runnable
java.lang.Thread.State: RUNNABLE
        at java.base@21.0.5/sun.nio.ch.EPoll.wait(Native Method)
        at java.base@21.0.5/sun.nio.ch.EPollSelectorImpl.doSelect(EPollSelectorImpl.java:121)
        at java.base@21.0.5/sun.nio.ch.SelectorImpl.lockAndDoSelect(SelectorImpl.java:130)
        at java.base@21.0.5/sun.nio.ch.SelectorImpl.select(SelectorImpl.java:147)
        at app//org.apache.hadoop.ipc.Server$Listener$Reader.doRunLoop(Server.java:1497)
        at app//org.apache.hadoop.ipc.Server$Listener$Reader.run(Server.java:1476)
"84b435bb-d41b-4758-bf48-ce9052c81d4a-CloseContainerThread-0"  prio=5 tid=1485 in Object.wait()
java.lang.Thread.State: WAITING (on object monitor)
        at java.base@21.0.5/jdk.internal.misc.Unsafe.park(Native Method)
        at java.base@21.0.5/java.util.concurrent.locks.LockSupport.park(LockSupport.java:371)
        at java.base@21.0.5/java.util.concurrent.locks.AbstractQueuedSynchronizer$ConditionNode.block(AbstractQueuedSynchronizer.java:519)
        at java.base@21.0.5/java.util.concurrent.ForkJoinPool.unmanagedBlock(ForkJoinPool.java:3780)
        at java.base@21.0.5/java.util.concurrent.ForkJoinPool.managedBlock(ForkJoinPool.java:3725)
        at java.base@21.0.5/java.util.concurrent.locks.AbstractQueuedSynchronizer$ConditionObject.await(AbstractQueuedSynchronizer.java:1712)
        at java.base@21.0.5/java.util.concurrent.LinkedBlockingQueue.take(LinkedBlockingQueue.java:435)
        at java.base@21.0.5/java.util.concurrent.ThreadPoolExecutor.getTask(ThreadPoolExecutor.java:1070)
        at java.base@21.0.5/java.util.concurrent.ThreadPoolExecutor.runWorker(ThreadPoolExecutor.java:1130)
        at java.base@21.0.5/java.util.concurrent.ThreadPoolExecutor$Worker.run(ThreadPoolExecutor.java:642)
        at java.base@21.0.5/java.lang.Thread.runWith(Thread.java:1596)
        at java.base@21.0.5/java.lang.Thread.run(Thread.java:1583)
"IPC Server handler 13 on default port 15006" daemon prio=5 tid=511 timed_waiting
java.lang.Thread.State: TIMED_WAITING
        at java.base@21.0.5/jdk.internal.misc.Unsafe.park(Native Method)
        at java.base@21.0.5/java.util.concurrent.locks.LockSupport.parkNanos(LockSupport.java:269)
        at java.base@21.0.5/java.util.concurrent.locks.AbstractQueuedSynchronizer$ConditionObject.awaitNanos(AbstractQueuedSynchronizer.java:1763)
        at java.base@21.0.5/java.util.concurrent.LinkedBlockingQueue.poll(LinkedBlockingQueue.java:460)
        at app//org.apache.hadoop.ipc.CallQueueManager.take(CallQueueManager.java:370)
        at app//org.apache.hadoop.ipc.Server$Handler.run(Server.java:3165)
"ac5cad44-c19c-4f65-867f-c0009d6f555c@group-DEECD8B278EF-FollowerState" daemon prio=5 tid=2238 timed_waiting
java.lang.Thread.State: TIMED_WAITING
        at java.base@21.0.5/java.lang.Thread.sleep0(Native Method)
        at java.base@21.0.5/java.lang.Thread.sleep(Thread.java:558)
        at java.base@21.0.5/java.util.concurrent.TimeUnit.sleep(TimeUnit.java:446)
        at app//org.apache.ratis.util.TimeDuration.sleep(TimeDuration.java:353)
        at app//org.apache.ratis.util.TimeDuration.sleep(TimeDuration.java:338)
        at app//org.apache.ratis.server.impl.FollowerState.runImpl(FollowerState.java:149)
        at app//org.apache.ratis.server.impl.FollowerState.run(FollowerState.java:130)
"ContainerDataScanner(/home/runner/work/ozone/ozone/hadoop-ozone/integration-test/target/test-dir/MiniOzoneClusterImpl-7d8e89df-ef81-4ba3-8c0c-8d2bb8f5309d/ozone-meta/datanode-7/data-0/hdds)" daemon prio=5 tid=1098 timed_waiting
java.lang.Thread.State: TIMED_WAITING
        at java.base@21.0.5/java.lang.Thread.sleep0(Native Method)
        at java.base@21.0.5/java.lang.Thread.sleep(Thread.java:509)
        at app//org.apache.hadoop.ozone.container.ozoneimpl.AbstractBackgroundContainerScanner.handleRemainingSleep(AbstractBackgroundContainerScanner.java:131)
        at app//org.apache.hadoop.ozone.container.ozoneimpl.AbstractBackgroundContainerScanner.runIteration(AbstractBackgroundContainerScanner.java:98)
        at app//org.apache.hadoop.ozone.container.ozoneimpl.AbstractBackgroundContainerScanner.run(AbstractBackgroundContainerScanner.java:57)
"EventQueue-DatanodeCommandForSCMNodeManager"  prio=5 tid=1114 in Object.wait()
java.lang.Thread.State: WAITING (on object monitor)
        at java.base@21.0.5/jdk.internal.misc.Unsafe.park(Native Method)
        at java.base@21.0.5/java.util.concurrent.locks.LockSupport.park(LockSupport.java:371)
        at java.base@21.0.5/java.util.concurrent.locks.AbstractQueuedSynchronizer$ConditionNode.block(AbstractQueuedSynchronizer.java:519)
        at java.base@21.0.5/java.util.concurrent.ForkJoinPool.unmanagedBlock(ForkJoinPool.java:3780)
        at java.base@21.0.5/java.util.concurrent.ForkJoinPool.managedBlock(ForkJoinPool.java:3725)
        at java.base@21.0.5/java.util.concurrent.locks.AbstractQueuedSynchronizer$ConditionObject.await(AbstractQueuedSynchronizer.java:1712)
        at java.base@21.0.5/java.util.concurrent.LinkedBlockingQueue.take(LinkedBlockingQueue.java:435)
        at java.base@21.0.5/java.util.concurrent.ThreadPoolExecutor.getTask(ThreadPoolExecutor.java:1070)
        at java.base@21.0.5/java.util.concurrent.ThreadPoolExecutor.runWorker(ThreadPoolExecutor.java:1130)
        at java.base@21.0.5/java.util.concurrent.ThreadPoolExecutor$Worker.run(ThreadPoolExecutor.java:642)
        at java.base@21.0.5/java.lang.Thread.runWith(Thread.java:1596)
        at java.base@21.0.5/java.lang.Thread.run(Thread.java:1583)
"qtp1883684513-759-acceptor-0@4a528d55-ServerConnector@116d3f22{HTTP/1.1, (http/1.1)}{0.0.0.0:15056}" daemon prio=3 tid=759 runnable
java.lang.Thread.State: RUNNABLE
        at java.base@21.0.5/sun.nio.ch.Net.accept(Native Method)
        at java.base@21.0.5/sun.nio.ch.ServerSocketChannelImpl.implAccept(ServerSocketChannelImpl.java:433)
        at java.base@21.0.5/sun.nio.ch.ServerSocketChannelImpl.accept(ServerSocketChannelImpl.java:399)
        at app//org.eclipse.jetty.server.ServerConnector.accept(ServerConnector.java:388)
        at app//org.eclipse.jetty.server.AbstractConnector$Acceptor.run(AbstractConnector.java:704)
        at app//org.eclipse.jetty.util.thread.QueuedThreadPool.runJob(QueuedThreadPool.java:883)
        at app//org.eclipse.jetty.util.thread.QueuedThreadPool$Runner.run(QueuedThreadPool.java:1034)
        at java.base@21.0.5/java.lang.Thread.runWith(Thread.java:1596)
        at java.base@21.0.5/java.lang.Thread.run(Thread.java:1583)
"9c1aee78-f037-4e17-b985-0daab5eaf154-EndpointStateMachineTaskThread-/0.0.0.0:15002-0 "  prio=5 tid=1092 in Object.wait()
java.lang.Thread.State: WAITING (on object monitor)
        at java.base@21.0.5/jdk.internal.misc.Unsafe.park(Native Method)
        at java.base@21.0.5/java.util.concurrent.locks.LockSupport.park(LockSupport.java:371)
        at java.base@21.0.5/java.util.concurrent.locks.AbstractQueuedSynchronizer$ConditionNode.block(AbstractQueuedSynchronizer.java:519)
        at java.base@21.0.5/java.util.concurrent.ForkJoinPool.unmanagedBlock(ForkJoinPool.java:3780)
        at java.base@21.0.5/java.util.concurrent.ForkJoinPool.managedBlock(ForkJoinPool.java:3725)
        at java.base@21.0.5/java.util.concurrent.locks.AbstractQueuedSynchronizer$ConditionObject.await(AbstractQueuedSynchronizer.java:1712)
        at java.base@21.0.5/java.util.concurrent.LinkedBlockingQueue.take(LinkedBlockingQueue.java:435)
        at java.base@21.0.5/java.util.concurrent.ThreadPoolExecutor.getTask(ThreadPoolExecutor.java:1070)
        at java.base@21.0.5/java.util.concurrent.ThreadPoolExecutor.runWorker(ThreadPoolExecutor.java:1130)
        at java.base@21.0.5/java.util.concurrent.ThreadPoolExecutor$Worker.run(ThreadPoolExecutor.java:642)
        at java.base@21.0.5/java.lang.Thread.runWith(Thread.java:1596)
        at java.base@21.0.5/java.lang.Thread.run(Thread.java:1583)
"pool-168-thread-1" daemon prio=5 tid=1060 timed_waiting
java.lang.Thread.State: TIMED_WAITING
        at java.base@21.0.5/jdk.internal.misc.Unsafe.park(Native Method)
        at java.base@21.0.5/java.util.concurrent.locks.LockSupport.parkNanos(LockSupport.java:269)
        at java.base@21.0.5/java.util.concurrent.locks.AbstractQueuedSynchronizer$ConditionObject.awaitNanos(AbstractQueuedSynchronizer.java:1763)
        at java.base@21.0.5/java.util.concurrent.ScheduledThreadPoolExecutor$DelayedWorkQueue.take(ScheduledThreadPoolExecutor.java:1182)
        at java.base@21.0.5/java.util.concurrent.ScheduledThreadPoolExecutor$DelayedWorkQueue.take(ScheduledThreadPoolExecutor.java:899)
        at java.base@21.0.5/java.util.concurrent.ThreadPoolExecutor.getTask(ThreadPoolExecutor.java:1070)
        at java.base@21.0.5/java.util.concurrent.ThreadPoolExecutor.runWorker(ThreadPoolExecutor.java:1130)
        at java.base@21.0.5/java.util.concurrent.ThreadPoolExecutor$Worker.run(ThreadPoolExecutor.java:642)
        at java.base@21.0.5/java.lang.Thread.runWith(Thread.java:1596)
        at java.base@21.0.5/java.lang.Thread.run(Thread.java:1583)
"ac5cad44-c19c-4f65-867f-c0009d6f555c-server-thread3" daemon prio=5 tid=2035 timed_waiting
java.lang.Thread.State: TIMED_WAITING
        at java.base@21.0.5/jdk.internal.misc.Unsafe.park(Native Method)
        at java.base@21.0.5/java.util.concurrent.locks.LockSupport.parkNanos(LockSupport.java:410)
        at java.base@21.0.5/java.util.concurrent.LinkedTransferQueue$DualNode.await(LinkedTransferQueue.java:452)
        at java.base@21.0.5/java.util.concurrent.SynchronousQueue$Transferer.xferLifo(SynchronousQueue.java:194)
        at java.base@21.0.5/java.util.concurrent.SynchronousQueue.xfer(SynchronousQueue.java:235)
        at java.base@21.0.5/java.util.concurrent.SynchronousQueue.poll(SynchronousQueue.java:338)
        at java.base@21.0.5/java.util.concurrent.ThreadPoolExecutor.getTask(ThreadPoolExecutor.java:1069)
        at java.base@21.0.5/java.util.concurrent.ThreadPoolExecutor.runWorker(ThreadPoolExecutor.java:1130)
        at java.base@21.0.5/java.util.concurrent.ThreadPoolExecutor$Worker.run(ThreadPoolExecutor.java:642)
        at java.base@21.0.5/java.lang.Thread.runWith(Thread.java:1596)
        at java.base@21.0.5/java.lang.Thread.run(Thread.java:1583)
"JvmPauseMonitor7" daemon prio=5 tid=1067 timed_waiting
java.lang.Thread.State: TIMED_WAITING
        at java.base@21.0.5/java.lang.Thread.sleep0(Native Method)
        at java.base@21.0.5/java.lang.Thread.sleep(Thread.java:558)
        at java.base@21.0.5/java.util.concurrent.TimeUnit.sleep(TimeUnit.java:446)
        at app//org.apache.ratis.util.TimeDuration.sleep(TimeDuration.java:353)
        at app//org.apache.ratis.util.TimeDuration.sleep(TimeDuration.java:338)
        at app//org.apache.ratis.util.JvmPauseMonitor.detectPause(JvmPauseMonitor.java:160)
        at app//org.apache.ratis.util.JvmPauseMonitor.run(JvmPauseMonitor.java:149)
        at app//org.apache.ratis.util.JvmPauseMonitor$$Lambda/0x00007fcfe0390000.run(Unknown Source)
        at java.base@21.0.5/java.lang.Thread.runWith(Thread.java:1596)
        at java.base@21.0.5/java.lang.Thread.run(Thread.java:1583)
"SCMHeartbeatProcessor-0" daemon prio=5 tid=53 timed_waiting
java.lang.Thread.State: TIMED_WAITING
        at java.base@21.0.5/jdk.internal.misc.Unsafe.park(Native Method)
        at java.base@21.0.5/java.util.concurrent.locks.LockSupport.parkNanos(LockSupport.java:269)
        at java.base@21.0.5/java.util.concurrent.locks.AbstractQueuedSynchronizer$ConditionObject.awaitNanos(AbstractQueuedSynchronizer.java:1763)
        at java.base@21.0.5/java.util.concurrent.ScheduledThreadPoolExecutor$DelayedWorkQueue.take(ScheduledThreadPoolExecutor.java:1182)
        at java.base@21.0.5/java.util.concurrent.ScheduledThreadPoolExecutor$DelayedWorkQueue.take(ScheduledThreadPoolExecutor.java:899)
        at java.base@21.0.5/java.util.concurrent.ThreadPoolExecutor.getTask(ThreadPoolExecutor.java:1070)
        at java.base@21.0.5/java.util.concurrent.ThreadPoolExecutor.runWorker(ThreadPoolExecutor.java:1130)
        at java.base@21.0.5/java.util.concurrent.ThreadPoolExecutor$Worker.run(ThreadPoolExecutor.java:642)
        at java.base@21.0.5/java.lang.Thread.runWith(Thread.java:1596)
        at java.base@21.0.5/java.lang.Thread.run(Thread.java:1583)
"IPC Server handler 51 on default port 15002" daemon prio=5 tid=390 timed_waiting
java.lang.Thread.State: TIMED_WAITING
        at java.base@21.0.5/jdk.internal.misc.Unsafe.park(Native Method)
        at java.base@21.0.5/java.util.concurrent.locks.LockSupport.parkNanos(LockSupport.java:269)
        at java.base@21.0.5/java.util.concurrent.locks.AbstractQueuedSynchronizer$ConditionObject.awaitNanos(AbstractQueuedSynchronizer.java:1763)
        at java.base@21.0.5/java.util.concurrent.LinkedBlockingQueue.poll(LinkedBlockingQueue.java:460)
        at app//org.apache.hadoop.ipc.CallQueueManager.take(CallQueueManager.java:370)
        at app//org.apache.hadoop.ipc.Server$Handler.run(Server.java:3165)
"Socket Reader #3 for port 15030"  prio=5 tid=1912 runnable
java.lang.Thread.State: RUNNABLE
        at java.base@21.0.5/sun.nio.ch.EPoll.wait(Native Method)
        at java.base@21.0.5/sun.nio.ch.EPollSelectorImpl.doSelect(EPollSelectorImpl.java:121)
        at java.base@21.0.5/sun.nio.ch.SelectorImpl.lockAndDoSelect(SelectorImpl.java:130)
        at java.base@21.0.5/sun.nio.ch.SelectorImpl.select(SelectorImpl.java:147)
        at app//org.apache.hadoop.ipc.Server$Listener$Reader.doRunLoop(Server.java:1497)
        at app//org.apache.hadoop.ipc.Server$Listener$Reader.run(Server.java:1476)
"84b435bb-d41b-4758-bf48-ce9052c81d4a@group-B7A299DC54EF-cacheEviction-AwaitToRun" daemon prio=5 tid=1281 in Object.wait()
java.lang.Thread.State: WAITING (on object monitor)
        at java.base@21.0.5/jdk.internal.misc.Unsafe.park(Native Method)
        at java.base@21.0.5/java.util.concurrent.locks.LockSupport.park(LockSupport.java:371)
        at java.base@21.0.5/java.util.concurrent.locks.AbstractQueuedSynchronizer$ConditionNode.block(AbstractQueuedSynchronizer.java:519)
        at java.base@21.0.5/java.util.concurrent.ForkJoinPool.unmanagedBlock(ForkJoinPool.java:3780)
        at java.base@21.0.5/java.util.concurrent.ForkJoinPool.managedBlock(ForkJoinPool.java:3725)
        at java.base@21.0.5/java.util.concurrent.locks.AbstractQueuedSynchronizer$ConditionObject.await(AbstractQueuedSynchronizer.java:1712)
        at app//org.apache.ratis.util.AwaitForSignal.await(AwaitForSignal.java:48)
        at app//org.apache.ratis.util.AwaitToRun$RunnableImpl.run(AwaitToRun.java:47)
        at java.base@21.0.5/java.lang.Thread.runWith(Thread.java:1596)
        at java.base@21.0.5/java.lang.Thread.run(Thread.java:1583)
"Socket Reader #2 for port 15001"  prio=5 tid=77 runnable
java.lang.Thread.State: RUNNABLE
        at java.base@21.0.5/sun.nio.ch.EPoll.wait(Native Method)
        at java.base@21.0.5/sun.nio.ch.EPollSelectorImpl.doSelect(EPollSelectorImpl.java:121)
        at java.base@21.0.5/sun.nio.ch.SelectorImpl.lockAndDoSelect(SelectorImpl.java:130)
        at java.base@21.0.5/sun.nio.ch.SelectorImpl.select(SelectorImpl.java:147)
        at app//org.apache.hadoop.ipc.Server$Listener$Reader.doRunLoop(Server.java:1497)
        at app//org.apache.hadoop.ipc.Server$Listener$Reader.run(Server.java:1476)
"Socket Reader #6 for port 15084"  prio=5 tid=948 runnable
java.lang.Thread.State: RUNNABLE
        at java.base@21.0.5/sun.nio.ch.EPoll.wait(Native Method)
        at java.base@21.0.5/sun.nio.ch.EPollSelectorImpl.doSelect(EPollSelectorImpl.java:121)
        at java.base@21.0.5/sun.nio.ch.SelectorImpl.lockAndDoSelect(SelectorImpl.java:130)
        at java.base@21.0.5/sun.nio.ch.SelectorImpl.select(SelectorImpl.java:147)
        at app//org.apache.hadoop.ipc.Server$Listener$Reader.doRunLoop(Server.java:1497)
        at app//org.apache.hadoop.ipc.Server$Listener$Reader.run(Server.java:1476)
"org.apache.hadoop.ozone.container.common.statemachine.commandhandler.DeleteBlocksCommandHandler$DeleteCmdWorker@71c523c6" daemon prio=5 tid=1898 timed_waiting
java.lang.Thread.State: TIMED_WAITING
        at java.base@21.0.5/java.lang.Thread.sleep0(Native Method)
        at java.base@21.0.5/java.lang.Thread.sleep(Thread.java:509)
        at app//org.apache.hadoop.ozone.container.common.statemachine.commandhandler.DeleteBlocksCommandHandler$DeleteCmdWorker.run(DeleteBlocksCommandHandler.java:264)
        at java.base@21.0.5/java.lang.Thread.runWith(Thread.java:1596)
        at java.base@21.0.5/java.lang.Thread.run(Thread.java:1583)
"ContainerMetadataScanner" daemon prio=5 tid=2191 timed_waiting
java.lang.Thread.State: TIMED_WAITING
        at java.base@21.0.5/java.lang.Thread.sleep0(Native Method)
        at java.base@21.0.5/java.lang.Thread.sleep(Thread.java:509)
        at app//org.apache.hadoop.ozone.container.ozoneimpl.AbstractBackgroundContainerScanner.handleRemainingSleep(AbstractBackgroundContainerScanner.java:131)
        at app//org.apache.hadoop.ozone.container.ozoneimpl.AbstractBackgroundContainerScanner.runIteration(AbstractBackgroundContainerScanner.java:98)
        at app//org.apache.hadoop.ozone.container.ozoneimpl.AbstractBackgroundContainerScanner.run(AbstractBackgroundContainerScanner.java:57)
"StaleRecoveringContainerScrubbingService#0" daemon prio=5 tid=1070 timed_waiting
java.lang.Thread.State: TIMED_WAITING
        at java.base@21.0.5/jdk.internal.misc.Unsafe.park(Native Method)
        at java.base@21.0.5/java.util.concurrent.locks.LockSupport.parkNanos(LockSupport.java:269)
        at java.base@21.0.5/java.util.concurrent.locks.AbstractQueuedSynchronizer$ConditionObject.awaitNanos(AbstractQueuedSynchronizer.java:1763)
        at java.base@21.0.5/java.util.concurrent.ScheduledThreadPoolExecutor$DelayedWorkQueue.take(ScheduledThreadPoolExecutor.java:1182)
        at java.base@21.0.5/java.util.concurrent.ScheduledThreadPoolExecutor$DelayedWorkQueue.take(ScheduledThreadPoolExecutor.java:899)
        at java.base@21.0.5/java.util.concurrent.ThreadPoolExecutor.getTask(ThreadPoolExecutor.java:1070)
        at java.base@21.0.5/java.util.concurrent.ThreadPoolExecutor.runWorker(ThreadPoolExecutor.java:1130)
        at java.base@21.0.5/java.util.concurrent.ThreadPoolExecutor$Worker.run(ThreadPoolExecutor.java:642)
        at java.base@21.0.5/java.lang.Thread.runWith(Thread.java:1596)
        at java.base@21.0.5/java.lang.Thread.run(Thread.java:1583)
"17963aff-71fe-4a8f-bd2e-c405ff93174f-server-thread2" daemon prio=5 tid=1497 timed_waiting
java.lang.Thread.State: TIMED_WAITING
        at java.base@21.0.5/jdk.internal.misc.Unsafe.park(Native Method)
        at java.base@21.0.5/java.util.concurrent.locks.LockSupport.parkNanos(LockSupport.java:410)
        at java.base@21.0.5/java.util.concurrent.LinkedTransferQueue$DualNode.await(LinkedTransferQueue.java:452)
        at java.base@21.0.5/java.util.concurrent.SynchronousQueue$Transferer.xferLifo(SynchronousQueue.java:194)
        at java.base@21.0.5/java.util.concurrent.SynchronousQueue.xfer(SynchronousQueue.java:235)
        at java.base@21.0.5/java.util.concurrent.SynchronousQueue.poll(SynchronousQueue.java:338)
        at java.base@21.0.5/java.util.concurrent.ThreadPoolExecutor.getTask(ThreadPoolExecutor.java:1069)
        at java.base@21.0.5/java.util.concurrent.ThreadPoolExecutor.runWorker(ThreadPoolExecutor.java:1130)
        at java.base@21.0.5/java.util.concurrent.ThreadPoolExecutor$Worker.run(ThreadPoolExecutor.java:642)
        at java.base@21.0.5/java.lang.Thread.runWith(Thread.java:1596)
        at java.base@21.0.5/java.lang.Thread.run(Thread.java:1583)
"qtp775920937-854" daemon prio=5 tid=854 timed_waiting
java.lang.Thread.State: TIMED_WAITING
        at java.base@21.0.5/jdk.internal.misc.Unsafe.park(Native Method)
        at java.base@21.0.5/java.util.concurrent.locks.LockSupport.parkNanos(LockSupport.java:269)
        at java.base@21.0.5/java.util.concurrent.locks.AbstractQueuedSynchronizer$ConditionObject.awaitNanos(AbstractQueuedSynchronizer.java:1763)
        at app//org.eclipse.jetty.util.BlockingArrayQueue.poll(BlockingArrayQueue.java:382)
        at app//org.eclipse.jetty.util.thread.QueuedThreadPool$Runner.idleJobPoll(QueuedThreadPool.java:974)
        at app//org.eclipse.jetty.util.thread.QueuedThreadPool$Runner.run(QueuedThreadPool.java:1018)
        at java.base@21.0.5/java.lang.Thread.runWith(Thread.java:1596)
        at java.base@21.0.5/java.lang.Thread.run(Thread.java:1583)
"IPC Server handler 76 on default port 15001" daemon prio=5 tid=297 timed_waiting
java.lang.Thread.State: TIMED_WAITING
        at java.base@21.0.5/jdk.internal.misc.Unsafe.park(Native Method)
        at java.base@21.0.5/java.util.concurrent.locks.LockSupport.parkNanos(LockSupport.java:269)
        at java.base@21.0.5/java.util.concurrent.locks.AbstractQueuedSynchronizer$ConditionObject.awaitNanos(AbstractQueuedSynchronizer.java:1763)
        at java.base@21.0.5/java.util.concurrent.LinkedBlockingQueue.poll(LinkedBlockingQueue.java:460)
        at app//org.apache.hadoop.ipc.CallQueueManager.take(CallQueueManager.java:370)
        at app//org.apache.hadoop.ipc.Server$Handler.run(Server.java:3165)
"IPC Server handler 73 on default port 15001" daemon prio=5 tid=294 timed_waiting
java.lang.Thread.State: TIMED_WAITING
        at java.base@21.0.5/jdk.internal.misc.Unsafe.park(Native Method)
        at java.base@21.0.5/java.util.concurrent.locks.LockSupport.parkNanos(LockSupport.java:269)
        at java.base@21.0.5/java.util.concurrent.locks.AbstractQueuedSynchronizer$ConditionObject.awaitNanos(AbstractQueuedSynchronizer.java:1763)
        at java.base@21.0.5/java.util.concurrent.LinkedBlockingQueue.poll(LinkedBlockingQueue.java:460)
        at app//org.apache.hadoop.ipc.CallQueueManager.take(CallQueueManager.java:370)
        at app//org.apache.hadoop.ipc.Server$Handler.run(Server.java:3165)
"9c1aee78-f037-4e17-b985-0daab5eaf154-ChunkWriter-2-0" daemon prio=5 tid=1101 in Object.wait()
java.lang.Thread.State: WAITING (on object monitor)
        at java.base@21.0.5/jdk.internal.misc.Unsafe.park(Native Method)
        at java.base@21.0.5/java.util.concurrent.locks.LockSupport.park(LockSupport.java:371)
        at java.base@21.0.5/java.util.concurrent.locks.AbstractQueuedSynchronizer$ConditionNode.block(AbstractQueuedSynchronizer.java:519)
        at java.base@21.0.5/java.util.concurrent.ForkJoinPool.unmanagedBlock(ForkJoinPool.java:3780)
        at java.base@21.0.5/java.util.concurrent.ForkJoinPool.managedBlock(ForkJoinPool.java:3725)
        at java.base@21.0.5/java.util.concurrent.locks.AbstractQueuedSynchronizer$ConditionObject.await(AbstractQueuedSynchronizer.java:1712)
        at java.base@21.0.5/java.util.concurrent.LinkedBlockingDeque.takeFirst(LinkedBlockingDeque.java:485)
        at java.base@21.0.5/java.util.concurrent.LinkedBlockingDeque.take(LinkedBlockingDeque.java:673)
        at java.base@21.0.5/java.util.concurrent.ThreadPoolExecutor.getTask(ThreadPoolExecutor.java:1070)
        at java.base@21.0.5/java.util.concurrent.ThreadPoolExecutor.runWorker(ThreadPoolExecutor.java:1130)
        at java.base@21.0.5/java.util.concurrent.ThreadPoolExecutor$Worker.run(ThreadPoolExecutor.java:642)
        at java.base@21.0.5/java.lang.Thread.runWith(Thread.java:1596)
        at java.base@21.0.5/java.lang.Thread.run(Thread.java:1583)
"IPC Server handler 22 on default port 15000" daemon prio=5 tid=143 timed_waiting
java.lang.Thread.State: TIMED_WAITING
        at java.base@21.0.5/jdk.internal.misc.Unsafe.park(Native Method)
        at java.base@21.0.5/java.util.concurrent.locks.LockSupport.parkNanos(LockSupport.java:269)
        at java.base@21.0.5/java.util.concurrent.locks.AbstractQueuedSynchronizer$ConditionObject.awaitNanos(AbstractQueuedSynchronizer.java:1763)
        at java.base@21.0.5/java.util.concurrent.LinkedBlockingQueue.poll(LinkedBlockingQueue.java:460)
        at app//org.apache.hadoop.ipc.CallQueueManager.take(CallQueueManager.java:370)
        at app//org.apache.hadoop.ipc.Server$Handler.run(Server.java:3165)
"IPC Server handler 80 on default port 15001" daemon prio=5 tid=301 timed_waiting
java.lang.Thread.State: TIMED_WAITING
        at java.base@21.0.5/jdk.internal.misc.Unsafe.park(Native Method)
        at java.base@21.0.5/java.util.concurrent.locks.LockSupport.parkNanos(LockSupport.java:269)
        at java.base@21.0.5/java.util.concurrent.locks.AbstractQueuedSynchronizer$ConditionObject.awaitNanos(AbstractQueuedSynchronizer.java:1763)
        at java.base@21.0.5/java.util.concurrent.LinkedBlockingQueue.poll(LinkedBlockingQueue.java:460)
        at app//org.apache.hadoop.ipc.CallQueueManager.take(CallQueueManager.java:370)
        at app//org.apache.hadoop.ipc.Server$Handler.run(Server.java:3165)
"IPC Server handler 37 on default port 15002" daemon prio=5 tid=376 timed_waiting
java.lang.Thread.State: TIMED_WAITING
        at java.base@21.0.5/jdk.internal.misc.Unsafe.park(Native Method)
        at java.base@21.0.5/java.util.concurrent.locks.LockSupport.parkNanos(LockSupport.java:269)
        at java.base@21.0.5/java.util.concurrent.locks.AbstractQueuedSynchronizer$ConditionObject.awaitNanos(AbstractQueuedSynchronizer.java:1763)
        at java.base@21.0.5/java.util.concurrent.LinkedBlockingQueue.poll(LinkedBlockingQueue.java:460)
        at app//org.apache.hadoop.ipc.CallQueueManager.take(CallQueueManager.java:370)
        at app//org.apache.hadoop.ipc.Server$Handler.run(Server.java:3165)
"IPC Server handler 96 on default port 15001" daemon prio=5 tid=317 timed_waiting
java.lang.Thread.State: TIMED_WAITING
        at java.base@21.0.5/jdk.internal.misc.Unsafe.park(Native Method)
        at java.base@21.0.5/java.util.concurrent.locks.LockSupport.parkNanos(LockSupport.java:269)
        at java.base@21.0.5/java.util.concurrent.locks.AbstractQueuedSynchronizer$ConditionObject.awaitNanos(AbstractQueuedSynchronizer.java:1763)
        at java.base@21.0.5/java.util.concurrent.LinkedBlockingQueue.poll(LinkedBlockingQueue.java:460)
        at app//org.apache.hadoop.ipc.CallQueueManager.take(CallQueueManager.java:370)
        at app//org.apache.hadoop.ipc.Server$Handler.run(Server.java:3165)
"Socket Reader #1 for port 15000"  prio=5 tid=90 runnable
java.lang.Thread.State: RUNNABLE
        at java.base@21.0.5/sun.nio.ch.EPoll.wait(Native Method)
        at java.base@21.0.5/sun.nio.ch.EPollSelectorImpl.doSelect(EPollSelectorImpl.java:121)
        at java.base@21.0.5/sun.nio.ch.SelectorImpl.lockAndDoSelect(SelectorImpl.java:130)
        at java.base@21.0.5/sun.nio.ch.SelectorImpl.select(SelectorImpl.java:147)
        at app//org.apache.hadoop.ipc.Server$Listener$Reader.doRunLoop(Server.java:1497)
        at app//org.apache.hadoop.ipc.Server$Listener$Reader.run(Server.java:1476)
"IPC Server handler 0 on default port 15021" daemon prio=5 tid=594 timed_waiting
java.lang.Thread.State: TIMED_WAITING
        at java.base@21.0.5/jdk.internal.misc.Unsafe.park(Native Method)
        at java.base@21.0.5/java.util.concurrent.locks.LockSupport.parkNanos(LockSupport.java:269)
        at java.base@21.0.5/java.util.concurrent.locks.AbstractQueuedSynchronizer$ConditionObject.awaitNanos(AbstractQueuedSynchronizer.java:1763)
        at java.base@21.0.5/java.util.concurrent.LinkedBlockingQueue.poll(LinkedBlockingQueue.java:460)
        at app//org.apache.hadoop.ipc.CallQueueManager.take(CallQueueManager.java:370)
        at app//org.apache.hadoop.ipc.Server$Handler.run(Server.java:3165)
"fc60e07f-496f-42fe-ae82-620152583f87@group-A7184706D343-SegmentedRaftLogWorker" daemon prio=5 tid=1243 timed_waiting
java.lang.Thread.State: TIMED_WAITING
        at java.base@21.0.5/jdk.internal.misc.Unsafe.park(Native Method)
        at java.base@21.0.5/java.util.concurrent.locks.LockSupport.parkNanos(LockSupport.java:269)
        at java.base@21.0.5/java.util.concurrent.locks.AbstractQueuedSynchronizer$ConditionObject.awaitNanos(AbstractQueuedSynchronizer.java:1763)
        at app//org.apache.ratis.util.DataBlockingQueue.poll(DataBlockingQueue.java:148)
        at app//org.apache.ratis.server.raftlog.segmented.SegmentedRaftLogWorker.run(SegmentedRaftLogWorker.java:307)
        at app//org.apache.ratis.server.raftlog.segmented.SegmentedRaftLogWorker$$Lambda/0x00007fcfe03376d0.run(Unknown Source)
        at java.base@21.0.5/java.util.concurrent.Executors$RunnableAdapter.call(Executors.java:572)
        at java.base@21.0.5/java.util.concurrent.FutureTask.run(FutureTask.java:317)
        at java.base@21.0.5/java.util.concurrent.ThreadPoolExecutor.runWorker(ThreadPoolExecutor.java:1144)
        at java.base@21.0.5/java.util.concurrent.ThreadPoolExecutor$Worker.run(ThreadPoolExecutor.java:642)
        at java.base@21.0.5/java.lang.Thread.runWith(Thread.java:1596)
        at java.base@21.0.5/java.lang.Thread.run(Thread.java:1583)
"org.apache.hadoop.ozone.container.common.statemachine.commandhandler.DeleteBlocksCommandHandler$DeleteCmdWorker@75d426e0" daemon prio=5 tid=2141 timed_waiting
java.lang.Thread.State: TIMED_WAITING
        at java.base@21.0.5/java.lang.Thread.sleep0(Native Method)
        at java.base@21.0.5/java.lang.Thread.sleep(Thread.java:509)
        at app//org.apache.hadoop.ozone.container.common.statemachine.commandhandler.DeleteBlocksCommandHandler$DeleteCmdWorker.run(DeleteBlocksCommandHandler.java:264)
        at java.base@21.0.5/java.lang.Thread.runWith(Thread.java:1596)
        at java.base@21.0.5/java.lang.Thread.run(Thread.java:1583)
"FixedThreadPoolWithAffinityExecutor-8-0" daemon prio=5 tid=111 timed_waiting
java.lang.Thread.State: TIMED_WAITING
        at java.base@21.0.5/jdk.internal.misc.Unsafe.park(Native Method)
        at java.base@21.0.5/java.util.concurrent.locks.LockSupport.parkNanos(LockSupport.java:269)
        at java.base@21.0.5/java.util.concurrent.locks.AbstractQueuedSynchronizer$ConditionObject.awaitNanos(AbstractQueuedSynchronizer.java:1763)
        at java.base@21.0.5/java.util.concurrent.LinkedBlockingQueue.poll(LinkedBlockingQueue.java:460)
        at app//org.apache.hadoop.hdds.scm.server.ContainerReportQueue.poll(ContainerReportQueue.java:269)
        at app//org.apache.hadoop.hdds.scm.server.ContainerReportQueue.poll(ContainerReportQueue.java:42)
        at app//org.apache.hadoop.hdds.server.events.FixedThreadPoolWithAffinityExecutor$ContainerReportProcessTask.run(FixedThreadPoolWithAffinityExecutor.java:253)
        at java.base@21.0.5/java.util.concurrent.Executors$RunnableAdapter.call(Executors.java:572)
        at java.base@21.0.5/java.util.concurrent.FutureTask.run(FutureTask.java:317)
        at java.base@21.0.5/java.util.concurrent.ThreadPoolExecutor.runWorker(ThreadPoolExecutor.java:1144)
        at java.base@21.0.5/java.util.concurrent.ThreadPoolExecutor$Worker.run(ThreadPoolExecutor.java:642)
        at java.base@21.0.5/java.lang.Thread.runWith(Thread.java:1596)
        at java.base@21.0.5/java.lang.Thread.run(Thread.java:1583)
"7c84fc52-fa7b-40d9-a19c-d4e4c83c5fa3-server-thread2" daemon prio=5 tid=2036 timed_waiting
java.lang.Thread.State: TIMED_WAITING
        at java.base@21.0.5/jdk.internal.misc.Unsafe.park(Native Method)
        at java.base@21.0.5/java.util.concurrent.locks.LockSupport.parkNanos(LockSupport.java:410)
        at java.base@21.0.5/java.util.concurrent.LinkedTransferQueue$DualNode.await(LinkedTransferQueue.java:452)
        at java.base@21.0.5/java.util.concurrent.SynchronousQueue$Transferer.xferLifo(SynchronousQueue.java:194)
        at java.base@21.0.5/java.util.concurrent.SynchronousQueue.xfer(SynchronousQueue.java:235)
        at java.base@21.0.5/java.util.concurrent.SynchronousQueue.poll(SynchronousQueue.java:338)
        at java.base@21.0.5/java.util.concurrent.ThreadPoolExecutor.getTask(ThreadPoolExecutor.java:1069)
        at java.base@21.0.5/java.util.concurrent.ThreadPoolExecutor.runWorker(ThreadPoolExecutor.java:1130)
        at java.base@21.0.5/java.util.concurrent.ThreadPoolExecutor$Worker.run(ThreadPoolExecutor.java:642)
        at java.base@21.0.5/java.lang.Thread.runWith(Thread.java:1596)
        at java.base@21.0.5/java.lang.Thread.run(Thread.java:1583)
"ForkJoinPool.commonPool-worker-3" daemon prio=5 tid=448 in Object.wait()
java.lang.Thread.State: WAITING (on object monitor)
        at java.base@21.0.5/jdk.internal.misc.Unsafe.park(Native Method)
        at java.base@21.0.5/java.util.concurrent.locks.LockSupport.park(LockSupport.java:371)
        at java.base@21.0.5/java.util.concurrent.ForkJoinPool.awaitWork(ForkJoinPool.java:1893)
        at java.base@21.0.5/java.util.concurrent.ForkJoinPool.runWorker(ForkJoinPool.java:1809)
        at java.base@21.0.5/java.util.concurrent.ForkJoinWorkerThread.run(ForkJoinWorkerThread.java:188)
"IPC Server handler 28 on default port 15002" daemon prio=5 tid=367 timed_waiting
java.lang.Thread.State: TIMED_WAITING
        at java.base@21.0.5/jdk.internal.misc.Unsafe.park(Native Method)
        at java.base@21.0.5/java.util.concurrent.locks.LockSupport.parkNanos(LockSupport.java:269)
        at java.base@21.0.5/java.util.concurrent.locks.AbstractQueuedSynchronizer$ConditionObject.awaitNanos(AbstractQueuedSynchronizer.java:1763)
        at java.base@21.0.5/java.util.concurrent.LinkedBlockingQueue.poll(LinkedBlockingQueue.java:460)
        at app//org.apache.hadoop.ipc.CallQueueManager.take(CallQueueManager.java:370)
        at app//org.apache.hadoop.ipc.Server$Handler.run(Server.java:3165)
"IPC Server Responder" daemon prio=5 tid=2164 runnable
java.lang.Thread.State: RUNNABLE
        at java.base@21.0.5/sun.nio.ch.EPoll.wait(Native Method)
        at java.base@21.0.5/sun.nio.ch.EPollSelectorImpl.doSelect(EPollSelectorImpl.java:121)
        at java.base@21.0.5/sun.nio.ch.SelectorImpl.lockAndDoSelect(SelectorImpl.java:130)
        at java.base@21.0.5/sun.nio.ch.SelectorImpl.select(SelectorImpl.java:142)
        at app//org.apache.hadoop.ipc.Server$Responder.doRunLoop(Server.java:1733)
        at app//org.apache.hadoop.ipc.Server$Responder.run(Server.java:1716)
"IPC Server handler 40 on default port 15000" daemon prio=5 tid=161 timed_waiting
java.lang.Thread.State: TIMED_WAITING
        at java.base@21.0.5/jdk.internal.misc.Unsafe.park(Native Method)
        at java.base@21.0.5/java.util.concurrent.locks.LockSupport.parkNanos(LockSupport.java:269)
        at java.base@21.0.5/java.util.concurrent.locks.AbstractQueuedSynchronizer$ConditionObject.awaitNanos(AbstractQueuedSynchronizer.java:1763)
        at java.base@21.0.5/java.util.concurrent.LinkedBlockingQueue.poll(LinkedBlockingQueue.java:460)
        at app//org.apache.hadoop.ipc.CallQueueManager.take(CallQueueManager.java:370)
        at app//org.apache.hadoop.ipc.Server$Handler.run(Server.java:3165)
"a14cd1ab-7861-42f9-8639-15260a7193f0-DatanodeReportManager-3" daemon prio=5 tid=2180 in Object.wait()
java.lang.Thread.State: WAITING (on object monitor)
        at java.base@21.0.5/jdk.internal.misc.Unsafe.park(Native Method)
        at java.base@21.0.5/java.util.concurrent.locks.LockSupport.park(LockSupport.java:371)
        at java.base@21.0.5/java.util.concurrent.locks.AbstractQueuedSynchronizer$ConditionNode.block(AbstractQueuedSynchronizer.java:519)
        at java.base@21.0.5/java.util.concurrent.ForkJoinPool.unmanagedBlock(ForkJoinPool.java:3780)
        at java.base@21.0.5/java.util.concurrent.ForkJoinPool.managedBlock(ForkJoinPool.java:3725)
        at java.base@21.0.5/java.util.concurrent.locks.AbstractQueuedSynchronizer$ConditionObject.await(AbstractQueuedSynchronizer.java:1712)
        at java.base@21.0.5/java.util.concurrent.ScheduledThreadPoolExecutor$DelayedWorkQueue.take(ScheduledThreadPoolExecutor.java:1177)
        at java.base@21.0.5/java.util.concurrent.ScheduledThreadPoolExecutor$DelayedWorkQueue.take(ScheduledThreadPoolExecutor.java:899)
        at java.base@21.0.5/java.util.concurrent.ThreadPoolExecutor.getTask(ThreadPoolExecutor.java:1070)
        at java.base@21.0.5/java.util.concurrent.ThreadPoolExecutor.runWorker(ThreadPoolExecutor.java:1130)
        at java.base@21.0.5/java.util.concurrent.ThreadPoolExecutor$Worker.run(ThreadPoolExecutor.java:642)
        at java.base@21.0.5/java.lang.Thread.runWith(Thread.java:1596)
        at java.base@21.0.5/java.lang.Thread.run(Thread.java:1583)
"fc60e07f-496f-42fe-ae82-620152583f87-ContainerOp-4474378b-bdfd-48f7-8c6c-13713b6c3e02-1"  prio=5 tid=1840 in Object.wait()
java.lang.Thread.State: WAITING (on object monitor)
        at java.base@21.0.5/jdk.internal.misc.Unsafe.park(Native Method)
        at java.base@21.0.5/java.util.concurrent.locks.LockSupport.park(LockSupport.java:371)
        at java.base@21.0.5/java.util.concurrent.locks.AbstractQueuedSynchronizer$ConditionNode.block(AbstractQueuedSynchronizer.java:519)
        at java.base@21.0.5/java.util.concurrent.ForkJoinPool.unmanagedBlock(ForkJoinPool.java:3780)
        at java.base@21.0.5/java.util.concurrent.ForkJoinPool.managedBlock(ForkJoinPool.java:3725)
        at java.base@21.0.5/java.util.concurrent.locks.AbstractQueuedSynchronizer$ConditionObject.await(AbstractQueuedSynchronizer.java:1712)
        at java.base@21.0.5/java.util.concurrent.LinkedBlockingQueue.take(LinkedBlockingQueue.java:435)
        at java.base@21.0.5/java.util.concurrent.ThreadPoolExecutor.getTask(ThreadPoolExecutor.java:1070)
        at java.base@21.0.5/java.util.concurrent.ThreadPoolExecutor.runWorker(ThreadPoolExecutor.java:1130)
        at java.base@21.0.5/java.util.concurrent.ThreadPoolExecutor$Worker.run(ThreadPoolExecutor.java:642)
        at java.base@21.0.5/java.lang.Thread.runWith(Thread.java:1596)
        at java.base@21.0.5/java.lang.Thread.run(Thread.java:1583)
"Hadoop-Metrics-Updater-0" daemon prio=5 tid=955 timed_waiting
java.lang.Thread.State: TIMED_WAITING
        at java.base@21.0.5/jdk.internal.misc.Unsafe.park(Native Method)
        at java.base@21.0.5/java.util.concurrent.locks.LockSupport.parkNanos(LockSupport.java:269)
        at java.base@21.0.5/java.util.concurrent.locks.AbstractQueuedSynchronizer$ConditionObject.awaitNanos(AbstractQueuedSynchronizer.java:1763)
        at java.base@21.0.5/java.util.concurrent.ScheduledThreadPoolExecutor$DelayedWorkQueue.take(ScheduledThreadPoolExecutor.java:1182)
        at java.base@21.0.5/java.util.concurrent.ScheduledThreadPoolExecutor$DelayedWorkQueue.take(ScheduledThreadPoolExecutor.java:899)
        at java.base@21.0.5/java.util.concurrent.ThreadPoolExecutor.getTask(ThreadPoolExecutor.java:1070)
        at java.base@21.0.5/java.util.concurrent.ThreadPoolExecutor.runWorker(ThreadPoolExecutor.java:1130)
        at java.base@21.0.5/java.util.concurrent.ThreadPoolExecutor$Worker.run(ThreadPoolExecutor.java:642)
        at java.base@21.0.5/java.lang.Thread.runWith(Thread.java:1596)
        at java.base@21.0.5/java.lang.Thread.run(Thread.java:1583)
"grpc-default-worker-ELG-5-2" daemon prio=5 tid=1184 runnable
java.lang.Thread.State: RUNNABLE
        at app//org.apache.ratis.thirdparty.io.netty.channel.epoll.Native.epollWait0(Native Method)
        at app//org.apache.ratis.thirdparty.io.netty.channel.epoll.Native.epollWait(Native.java:193)
        at app//org.apache.ratis.thirdparty.io.netty.channel.epoll.EpollEventLoop.epollWait(EpollEventLoop.java:304)
        at app//org.apache.ratis.thirdparty.io.netty.channel.epoll.EpollEventLoop.run(EpollEventLoop.java:368)
        at app//org.apache.ratis.thirdparty.io.netty.util.concurrent.SingleThreadEventExecutor$4.run(SingleThreadEventExecutor.java:997)
        at app//org.apache.ratis.thirdparty.io.netty.util.internal.ThreadExecutorMap$2.run(ThreadExecutorMap.java:74)
        at app//org.apache.ratis.thirdparty.io.netty.util.concurrent.FastThreadLocalRunnable.run(FastThreadLocalRunnable.java:30)
        at java.base@21.0.5/java.lang.Thread.runWith(Thread.java:1596)
        at java.base@21.0.5/java.lang.Thread.run(Thread.java:1583)
"ac5cad44-c19c-4f65-867f-c0009d6f555c-DatanodeReportManager-2" daemon prio=5 tid=561 in Object.wait()
java.lang.Thread.State: WAITING (on object monitor)
        at java.base@21.0.5/jdk.internal.misc.Unsafe.park(Native Method)
        at java.base@21.0.5/java.util.concurrent.locks.LockSupport.park(LockSupport.java:371)
        at java.base@21.0.5/java.util.concurrent.locks.AbstractQueuedSynchronizer$ConditionNode.block(AbstractQueuedSynchronizer.java:519)
        at java.base@21.0.5/java.util.concurrent.ForkJoinPool.unmanagedBlock(ForkJoinPool.java:3780)
        at java.base@21.0.5/java.util.concurrent.ForkJoinPool.managedBlock(ForkJoinPool.java:3725)
        at java.base@21.0.5/java.util.concurrent.locks.AbstractQueuedSynchronizer$ConditionObject.await(AbstractQueuedSynchronizer.java:1712)
        at java.base@21.0.5/java.util.concurrent.ScheduledThreadPoolExecutor$DelayedWorkQueue.take(ScheduledThreadPoolExecutor.java:1177)
        at java.base@21.0.5/java.util.concurrent.ScheduledThreadPoolExecutor$DelayedWorkQueue.take(ScheduledThreadPoolExecutor.java:899)
        at java.base@21.0.5/java.util.concurrent.ThreadPoolExecutor.getTask(ThreadPoolExecutor.java:1070)
        at java.base@21.0.5/java.util.concurrent.ThreadPoolExecutor.runWorker(ThreadPoolExecutor.java:1130)
        at java.base@21.0.5/java.util.concurrent.ThreadPoolExecutor$Worker.run(ThreadPoolExecutor.java:642)
        at java.base@21.0.5/java.lang.Thread.runWith(Thread.java:1596)
        at java.base@21.0.5/java.lang.Thread.run(Thread.java:1583)
"fc60e07f-496f-42fe-ae82-620152583f87-NettyServerStreamRpc-bossGroup--thread1"  prio=5 tid=707 runnable
java.lang.Thread.State: RUNNABLE
        at app//org.apache.ratis.thirdparty.io.netty.channel.epoll.Native.epollWait(Native Method)
        at app//org.apache.ratis.thirdparty.io.netty.channel.epoll.Native.epollWait(Native.java:220)
        at app//org.apache.ratis.thirdparty.io.netty.channel.epoll.Native.epollWait(Native.java:213)
        at app//org.apache.ratis.thirdparty.io.netty.channel.epoll.EpollEventLoop.epollWaitNoTimerChange(EpollEventLoop.java:308)
        at app//org.apache.ratis.thirdparty.io.netty.channel.epoll.EpollEventLoop.run(EpollEventLoop.java:365)
        at app//org.apache.ratis.thirdparty.io.netty.util.concurrent.SingleThreadEventExecutor$4.run(SingleThreadEventExecutor.java:997)
        at app//org.apache.ratis.thirdparty.io.netty.util.internal.ThreadExecutorMap$2.run(ThreadExecutorMap.java:74)
        at java.base@21.0.5/java.lang.Thread.runWith(Thread.java:1596)
        at java.base@21.0.5/java.lang.Thread.run(Thread.java:1583)
"IPC Server handler 65 on default port 15002" daemon prio=5 tid=404 timed_waiting
java.lang.Thread.State: TIMED_WAITING
        at java.base@21.0.5/jdk.internal.misc.Unsafe.park(Native Method)
        at java.base@21.0.5/java.util.concurrent.locks.LockSupport.parkNanos(LockSupport.java:269)
        at java.base@21.0.5/java.util.concurrent.locks.AbstractQueuedSynchronizer$ConditionObject.awaitNanos(AbstractQueuedSynchronizer.java:1763)
        at java.base@21.0.5/java.util.concurrent.LinkedBlockingQueue.poll(LinkedBlockingQueue.java:460)
        at app//org.apache.hadoop.ipc.CallQueueManager.take(CallQueueManager.java:370)
        at app//org.apache.hadoop.ipc.Server$Handler.run(Server.java:3165)
"IPC Server handler 19 on default port 15001" daemon prio=5 tid=240 timed_waiting
java.lang.Thread.State: TIMED_WAITING
        at java.base@21.0.5/jdk.internal.misc.Unsafe.park(Native Method)
        at java.base@21.0.5/java.util.concurrent.locks.LockSupport.parkNanos(LockSupport.java:269)
        at java.base@21.0.5/java.util.concurrent.locks.AbstractQueuedSynchronizer$ConditionObject.awaitNanos(AbstractQueuedSynchronizer.java:1763)
        at java.base@21.0.5/java.util.concurrent.LinkedBlockingQueue.poll(LinkedBlockingQueue.java:460)
        at app//org.apache.hadoop.ipc.CallQueueManager.take(CallQueueManager.java:370)
        at app//org.apache.hadoop.ipc.Server$Handler.run(Server.java:3165)
"IPC Server handler 2 on default port 15048" daemon prio=5 tid=736 timed_waiting
java.lang.Thread.State: TIMED_WAITING
        at java.base@21.0.5/jdk.internal.misc.Unsafe.park(Native Method)
        at java.base@21.0.5/java.util.concurrent.locks.LockSupport.parkNanos(LockSupport.java:269)
        at java.base@21.0.5/java.util.concurrent.locks.AbstractQueuedSynchronizer$ConditionObject.awaitNanos(AbstractQueuedSynchronizer.java:1763)
        at java.base@21.0.5/java.util.concurrent.LinkedBlockingQueue.poll(LinkedBlockingQueue.java:460)
        at app//org.apache.hadoop.ipc.CallQueueManager.take(CallQueueManager.java:370)
        at app//org.apache.hadoop.ipc.Server$Handler.run(Server.java:3165)
"Socket Reader #8 for port 15057"  prio=5 tid=774 runnable
java.lang.Thread.State: RUNNABLE
        at java.base@21.0.5/sun.nio.ch.EPoll.wait(Native Method)
        at java.base@21.0.5/sun.nio.ch.EPollSelectorImpl.doSelect(EPollSelectorImpl.java:121)
        at java.base@21.0.5/sun.nio.ch.SelectorImpl.lockAndDoSelect(SelectorImpl.java:130)
        at java.base@21.0.5/sun.nio.ch.SelectorImpl.select(SelectorImpl.java:147)
        at app//org.apache.hadoop.ipc.Server$Listener$Reader.doRunLoop(Server.java:1497)
        at app//org.apache.hadoop.ipc.Server$Listener$Reader.run(Server.java:1476)
"91d0dafb-6cb7-42e5-b129-660fdc1902ba-ChunkWriter-0-0" daemon prio=5 tid=1160 in Object.wait()
java.lang.Thread.State: WAITING (on object monitor)
        at java.base@21.0.5/jdk.internal.misc.Unsafe.park(Native Method)
        at java.base@21.0.5/java.util.concurrent.locks.LockSupport.park(LockSupport.java:371)
        at java.base@21.0.5/java.util.concurrent.locks.AbstractQueuedSynchronizer$ConditionNode.block(AbstractQueuedSynchronizer.java:519)
        at java.base@21.0.5/java.util.concurrent.ForkJoinPool.unmanagedBlock(ForkJoinPool.java:3780)
        at java.base@21.0.5/java.util.concurrent.ForkJoinPool.managedBlock(ForkJoinPool.java:3725)
        at java.base@21.0.5/java.util.concurrent.locks.AbstractQueuedSynchronizer$ConditionObject.await(AbstractQueuedSynchronizer.java:1712)
        at java.base@21.0.5/java.util.concurrent.LinkedBlockingDeque.takeFirst(LinkedBlockingDeque.java:485)
        at java.base@21.0.5/java.util.concurrent.LinkedBlockingDeque.take(LinkedBlockingDeque.java:673)
        at java.base@21.0.5/java.util.concurrent.ThreadPoolExecutor.getTask(ThreadPoolExecutor.java:1070)
        at java.base@21.0.5/java.util.concurrent.ThreadPoolExecutor.runWorker(ThreadPoolExecutor.java:1130)
        at java.base@21.0.5/java.util.concurrent.ThreadPoolExecutor$Worker.run(ThreadPoolExecutor.java:642)
        at java.base@21.0.5/java.lang.Thread.runWith(Thread.java:1596)
        at java.base@21.0.5/java.lang.Thread.run(Thread.java:1583)
"qtp1570121683-572" daemon prio=5 tid=572 timed_waiting
java.lang.Thread.State: TIMED_WAITING
        at java.base@21.0.5/jdk.internal.misc.Unsafe.park(Native Method)
        at java.base@21.0.5/java.util.concurrent.locks.LockSupport.parkNanos(LockSupport.java:269)
        at java.base@21.0.5/java.util.concurrent.locks.AbstractQueuedSynchronizer$ConditionObject.awaitNanos(AbstractQueuedSynchronizer.java:1763)
        at app//org.eclipse.jetty.util.BlockingArrayQueue.poll(BlockingArrayQueue.java:382)
        at app//org.eclipse.jetty.util.thread.QueuedThreadPool$Runner.idleJobPoll(QueuedThreadPool.java:974)
        at app//org.eclipse.jetty.util.thread.QueuedThreadPool$Runner.run(QueuedThreadPool.java:1018)
        at java.base@21.0.5/java.lang.Thread.runWith(Thread.java:1596)
        at java.base@21.0.5/java.lang.Thread.run(Thread.java:1583)
"d1093f6a-6992-456d-ac47-966fa1bbc12e-DatanodeReportManager-0" daemon prio=5 tid=1934 in Object.wait()
java.lang.Thread.State: WAITING (on object monitor)
        at java.base@21.0.5/jdk.internal.misc.Unsafe.park(Native Method)
        at java.base@21.0.5/java.util.concurrent.locks.LockSupport.park(LockSupport.java:371)
        at java.base@21.0.5/java.util.concurrent.locks.AbstractQueuedSynchronizer$ConditionNode.block(AbstractQueuedSynchronizer.java:519)
        at java.base@21.0.5/java.util.concurrent.ForkJoinPool.unmanagedBlock(ForkJoinPool.java:3780)
        at java.base@21.0.5/java.util.concurrent.ForkJoinPool.managedBlock(ForkJoinPool.java:3725)
        at java.base@21.0.5/java.util.concurrent.locks.AbstractQueuedSynchronizer$ConditionObject.await(AbstractQueuedSynchronizer.java:1712)
        at java.base@21.0.5/java.util.concurrent.ScheduledThreadPoolExecutor$DelayedWorkQueue.take(ScheduledThreadPoolExecutor.java:1177)
        at java.base@21.0.5/java.util.concurrent.ScheduledThreadPoolExecutor$DelayedWorkQueue.take(ScheduledThreadPoolExecutor.java:899)
        at java.base@21.0.5/java.util.concurrent.ThreadPoolExecutor.getTask(ThreadPoolExecutor.java:1070)
        at java.base@21.0.5/java.util.concurrent.ThreadPoolExecutor.runWorker(ThreadPoolExecutor.java:1130)
        at java.base@21.0.5/java.util.concurrent.ThreadPoolExecutor$Worker.run(ThreadPoolExecutor.java:642)
        at java.base@21.0.5/java.lang.Thread.runWith(Thread.java:1596)
        at java.base@21.0.5/java.lang.Thread.run(Thread.java:1583)
"IPC Server handler 93 on default port 15001" daemon prio=5 tid=314 timed_waiting
java.lang.Thread.State: TIMED_WAITING
        at java.base@21.0.5/jdk.internal.misc.Unsafe.park(Native Method)
        at java.base@21.0.5/java.util.concurrent.locks.LockSupport.parkNanos(LockSupport.java:269)
        at java.base@21.0.5/java.util.concurrent.locks.AbstractQueuedSynchronizer$ConditionObject.awaitNanos(AbstractQueuedSynchronizer.java:1763)
        at java.base@21.0.5/java.util.concurrent.LinkedBlockingQueue.poll(LinkedBlockingQueue.java:460)
        at app//org.apache.hadoop.ipc.CallQueueManager.take(CallQueueManager.java:370)
        at app//org.apache.hadoop.ipc.Server$Handler.run(Server.java:3165)
"StaleRecoveringContainerScrubbingService#2" daemon prio=5 tid=2258 in Object.wait()
java.lang.Thread.State: WAITING (on object monitor)
        at java.base@21.0.5/jdk.internal.misc.Unsafe.park(Native Method)
        at java.base@21.0.5/java.util.concurrent.locks.LockSupport.park(LockSupport.java:371)
        at java.base@21.0.5/java.util.concurrent.locks.AbstractQueuedSynchronizer$ConditionNode.block(AbstractQueuedSynchronizer.java:519)
        at java.base@21.0.5/java.util.concurrent.ForkJoinPool.unmanagedBlock(ForkJoinPool.java:3780)
        at java.base@21.0.5/java.util.concurrent.ForkJoinPool.managedBlock(ForkJoinPool.java:3725)
        at java.base@21.0.5/java.util.concurrent.locks.AbstractQueuedSynchronizer$ConditionObject.await(AbstractQueuedSynchronizer.java:1712)
        at java.base@21.0.5/java.util.concurrent.ScheduledThreadPoolExecutor$DelayedWorkQueue.take(ScheduledThreadPoolExecutor.java:1177)
        at java.base@21.0.5/java.util.concurrent.ScheduledThreadPoolExecutor$DelayedWorkQueue.take(ScheduledThreadPoolExecutor.java:899)
        at java.base@21.0.5/java.util.concurrent.ThreadPoolExecutor.getTask(ThreadPoolExecutor.java:1070)
        at java.base@21.0.5/java.util.concurrent.ThreadPoolExecutor.runWorker(ThreadPoolExecutor.java:1130)
        at java.base@21.0.5/java.util.concurrent.ThreadPoolExecutor$Worker.run(ThreadPoolExecutor.java:642)
        at java.base@21.0.5/java.lang.Thread.runWith(Thread.java:1596)
        at java.base@21.0.5/java.lang.Thread.run(Thread.java:1583)
"IPC Server handler 57 on default port 15001" daemon prio=5 tid=278 timed_waiting
java.lang.Thread.State: TIMED_WAITING
        at java.base@21.0.5/jdk.internal.misc.Unsafe.park(Native Method)
        at java.base@21.0.5/java.util.concurrent.locks.LockSupport.parkNanos(LockSupport.java:269)
        at java.base@21.0.5/java.util.concurrent.locks.AbstractQueuedSynchronizer$ConditionObject.awaitNanos(AbstractQueuedSynchronizer.java:1763)
        at java.base@21.0.5/java.util.concurrent.LinkedBlockingQueue.poll(LinkedBlockingQueue.java:460)
        at app//org.apache.hadoop.ipc.CallQueueManager.take(CallQueueManager.java:370)
        at app//org.apache.hadoop.ipc.Server$Handler.run(Server.java:3165)
"Hadoop-Metrics-Updater-0" daemon prio=5 tid=593 timed_waiting
java.lang.Thread.State: TIMED_WAITING
        at java.base@21.0.5/jdk.internal.misc.Unsafe.park(Native Method)
        at java.base@21.0.5/java.util.concurrent.locks.LockSupport.parkNanos(LockSupport.java:269)
        at java.base@21.0.5/java.util.concurrent.locks.AbstractQueuedSynchronizer$ConditionObject.awaitNanos(AbstractQueuedSynchronizer.java:1763)
        at java.base@21.0.5/java.util.concurrent.ScheduledThreadPoolExecutor$DelayedWorkQueue.take(ScheduledThreadPoolExecutor.java:1182)
        at java.base@21.0.5/java.util.concurrent.ScheduledThreadPoolExecutor$DelayedWorkQueue.take(ScheduledThreadPoolExecutor.java:899)
        at java.base@21.0.5/java.util.concurrent.ThreadPoolExecutor.getTask(ThreadPoolExecutor.java:1070)
        at java.base@21.0.5/java.util.concurrent.ThreadPoolExecutor.runWorker(ThreadPoolExecutor.java:1130)
        at java.base@21.0.5/java.util.concurrent.ThreadPoolExecutor$Worker.run(ThreadPoolExecutor.java:642)
        at java.base@21.0.5/java.lang.Thread.runWith(Thread.java:1596)
        at java.base@21.0.5/java.lang.Thread.run(Thread.java:1583)
"qtp1676534432-325" daemon prio=5 tid=325 runnable
java.lang.Thread.State: RUNNABLE
        at java.base@21.0.5/sun.nio.ch.EPoll.wait(Native Method)
        at java.base@21.0.5/sun.nio.ch.EPollSelectorImpl.doSelect(EPollSelectorImpl.java:121)
        at java.base@21.0.5/sun.nio.ch.SelectorImpl.lockAndDoSelect(SelectorImpl.java:130)
        at java.base@21.0.5/sun.nio.ch.SelectorImpl.select(SelectorImpl.java:147)
        at app//org.eclipse.jetty.io.ManagedSelector.nioSelect(ManagedSelector.java:183)
        at app//org.eclipse.jetty.io.ManagedSelector.select(ManagedSelector.java:190)
        at app//org.eclipse.jetty.io.ManagedSelector$SelectorProducer.select(ManagedSelector.java:606)
        at app//org.eclipse.jetty.io.ManagedSelector$SelectorProducer.produce(ManagedSelector.java:543)
        at app//org.eclipse.jetty.util.thread.strategy.EatWhatYouKill.produceTask(EatWhatYouKill.java:362)
        at app//org.eclipse.jetty.util.thread.strategy.EatWhatYouKill.doProduce(EatWhatYouKill.java:186)
        at app//org.eclipse.jetty.util.thread.strategy.EatWhatYouKill.tryProduce(EatWhatYouKill.java:173)
        at app//org.eclipse.jetty.util.thread.strategy.EatWhatYouKill.produce(EatWhatYouKill.java:137)
        at app//org.eclipse.jetty.io.ManagedSelector$$Lambda/0x00007fcfe0662730.run(Unknown Source)
        at app//org.eclipse.jetty.util.thread.QueuedThreadPool.runJob(QueuedThreadPool.java:883)
        at app//org.eclipse.jetty.util.thread.QueuedThreadPool$Runner.run(QueuedThreadPool.java:1034)
        at java.base@21.0.5/java.lang.Thread.runWith(Thread.java:1596)
        at java.base@21.0.5/java.lang.Thread.run(Thread.java:1583)
"IPC Server handler 50 on default port 15001" daemon prio=5 tid=271 timed_waiting
java.lang.Thread.State: TIMED_WAITING
        at java.base@21.0.5/jdk.internal.misc.Unsafe.park(Native Method)
        at java.base@21.0.5/java.util.concurrent.locks.LockSupport.parkNanos(LockSupport.java:269)
        at java.base@21.0.5/java.util.concurrent.locks.AbstractQueuedSynchronizer$ConditionObject.awaitNanos(AbstractQueuedSynchronizer.java:1763)
        at java.base@21.0.5/java.util.concurrent.LinkedBlockingQueue.poll(LinkedBlockingQueue.java:460)
        at app//org.apache.hadoop.ipc.CallQueueManager.take(CallQueueManager.java:370)
        at app//org.apache.hadoop.ipc.Server$Handler.run(Server.java:3165)
"69390d8a-021c-44b7-9fe5-c9855a0c5aa1@group-A12619F85C89-StateMachineUpdater" daemon prio=5 tid=1333 timed_waiting
java.lang.Thread.State: TIMED_WAITING
        at java.base@21.0.5/jdk.internal.misc.Unsafe.park(Native Method)
        at java.base@21.0.5/java.util.concurrent.locks.LockSupport.parkNanos(LockSupport.java:269)
        at java.base@21.0.5/java.util.concurrent.locks.AbstractQueuedSynchronizer$ConditionObject.await(AbstractQueuedSynchronizer.java:1852)
        at app//org.apache.ratis.util.AwaitForSignal.await(AwaitForSignal.java:65)
        at app//org.apache.ratis.server.impl.StateMachineUpdater.waitForCommit(StateMachineUpdater.java:219)
        at app//org.apache.ratis.server.impl.StateMachineUpdater.run(StateMachineUpdater.java:187)
        at java.base@21.0.5/java.lang.Thread.runWith(Thread.java:1596)
        at java.base@21.0.5/java.lang.Thread.run(Thread.java:1583)
"IPC Server idle connection scanner for port 15084" daemon prio=5 tid=953 timed_waiting
java.lang.Thread.State: TIMED_WAITING
        at java.base@21.0.5/java.lang.Object.wait0(Native Method)
        at java.base@21.0.5/java.lang.Object.wait(Object.java:366)
        at java.base@21.0.5/java.util.TimerThread.mainLoop(Timer.java:563)
        at java.base@21.0.5/java.util.TimerThread.run(Timer.java:516)
"IPC Server handler 80 on default port 15002" daemon prio=5 tid=419 timed_waiting
java.lang.Thread.State: TIMED_WAITING
        at java.base@21.0.5/jdk.internal.misc.Unsafe.park(Native Method)
        at java.base@21.0.5/java.util.concurrent.locks.LockSupport.parkNanos(LockSupport.java:269)
        at java.base@21.0.5/java.util.concurrent.locks.AbstractQueuedSynchronizer$ConditionObject.awaitNanos(AbstractQueuedSynchronizer.java:1763)
        at java.base@21.0.5/java.util.concurrent.LinkedBlockingQueue.poll(LinkedBlockingQueue.java:460)
        at app//org.apache.hadoop.ipc.CallQueueManager.take(CallQueueManager.java:370)
        at app//org.apache.hadoop.ipc.Server$Handler.run(Server.java:3165)
"IPC Server listener on 15012" daemon prio=5 tid=534 runnable
java.lang.Thread.State: RUNNABLE
        at java.base@21.0.5/sun.nio.ch.EPoll.wait(Native Method)
        at java.base@21.0.5/sun.nio.ch.EPollSelectorImpl.doSelect(EPollSelectorImpl.java:121)
        at java.base@21.0.5/sun.nio.ch.SelectorImpl.lockAndDoSelect(SelectorImpl.java:130)
        at java.base@21.0.5/sun.nio.ch.SelectorImpl.select(SelectorImpl.java:147)
        at app//org.apache.hadoop.ipc.Server$Listener.run(Server.java:1559)
"IPC Server handler 47 on default port 15000" daemon prio=5 tid=168 timed_waiting
java.lang.Thread.State: TIMED_WAITING
        at java.base@21.0.5/jdk.internal.misc.Unsafe.park(Native Method)
        at java.base@21.0.5/java.util.concurrent.locks.LockSupport.parkNanos(LockSupport.java:269)
        at java.base@21.0.5/java.util.concurrent.locks.AbstractQueuedSynchronizer$ConditionObject.awaitNanos(AbstractQueuedSynchronizer.java:1763)
        at java.base@21.0.5/java.util.concurrent.LinkedBlockingQueue.poll(LinkedBlockingQueue.java:460)
        at app//org.apache.hadoop.ipc.CallQueueManager.take(CallQueueManager.java:370)
        at app//org.apache.hadoop.ipc.Server$Handler.run(Server.java:3165)
"EventQueue-PipelineReportForOneReplicaPipelineSafeModeRule" daemon prio=5 tid=1113 in Object.wait()
java.lang.Thread.State: WAITING (on object monitor)
        at java.base@21.0.5/jdk.internal.misc.Unsafe.park(Native Method)
        at java.base@21.0.5/java.util.concurrent.locks.LockSupport.park(LockSupport.java:371)
        at java.base@21.0.5/java.util.concurrent.locks.AbstractQueuedSynchronizer$ConditionNode.block(AbstractQueuedSynchronizer.java:519)
        at java.base@21.0.5/java.util.concurrent.ForkJoinPool.unmanagedBlock(ForkJoinPool.java:3780)
        at java.base@21.0.5/java.util.concurrent.ForkJoinPool.managedBlock(ForkJoinPool.java:3725)
        at java.base@21.0.5/java.util.concurrent.locks.AbstractQueuedSynchronizer$ConditionObject.await(AbstractQueuedSynchronizer.java:1712)
        at java.base@21.0.5/java.util.concurrent.LinkedBlockingQueue.take(LinkedBlockingQueue.java:435)
        at java.base@21.0.5/java.util.concurrent.ThreadPoolExecutor.getTask(ThreadPoolExecutor.java:1070)
        at java.base@21.0.5/java.util.concurrent.ThreadPoolExecutor.runWorker(ThreadPoolExecutor.java:1130)
        at java.base@21.0.5/java.util.concurrent.ThreadPoolExecutor$Worker.run(ThreadPoolExecutor.java:642)
        at java.base@21.0.5/java.lang.Thread.runWith(Thread.java:1596)
        at java.base@21.0.5/java.lang.Thread.run(Thread.java:1583)
"Socket Reader #5 for port 15084"  prio=5 tid=947 runnable
java.lang.Thread.State: RUNNABLE
        at java.base@21.0.5/sun.nio.ch.EPoll.wait(Native Method)
        at java.base@21.0.5/sun.nio.ch.EPollSelectorImpl.doSelect(EPollSelectorImpl.java:121)
        at java.base@21.0.5/sun.nio.ch.SelectorImpl.lockAndDoSelect(SelectorImpl.java:130)
        at java.base@21.0.5/sun.nio.ch.SelectorImpl.select(SelectorImpl.java:147)
        at app//org.apache.hadoop.ipc.Server$Listener$Reader.doRunLoop(Server.java:1497)
        at app//org.apache.hadoop.ipc.Server$Listener$Reader.run(Server.java:1476)
"9c1aee78-f037-4e17-b985-0daab5eaf154@group-9167B95FD813-SegmentedRaftLogWorker"  prio=5 tid=1292 timed_waiting
java.lang.Thread.State: TIMED_WAITING
        at java.base@21.0.5/jdk.internal.misc.Unsafe.park(Native Method)
        at java.base@21.0.5/java.util.concurrent.locks.LockSupport.parkNanos(LockSupport.java:269)
        at java.base@21.0.5/java.util.concurrent.locks.AbstractQueuedSynchronizer$ConditionObject.awaitNanos(AbstractQueuedSynchronizer.java:1763)
        at app//org.apache.ratis.util.DataBlockingQueue.poll(DataBlockingQueue.java:148)
        at app//org.apache.ratis.server.raftlog.segmented.SegmentedRaftLogWorker.run(SegmentedRaftLogWorker.java:307)
        at app//org.apache.ratis.server.raftlog.segmented.SegmentedRaftLogWorker$$Lambda/0x00007fcfe03376d0.run(Unknown Source)
        at java.base@21.0.5/java.util.concurrent.Executors$RunnableAdapter.call(Executors.java:572)
        at java.base@21.0.5/java.util.concurrent.FutureTask.run(FutureTask.java:317)
        at java.base@21.0.5/java.util.concurrent.ThreadPoolExecutor.runWorker(ThreadPoolExecutor.java:1144)
        at java.base@21.0.5/java.util.concurrent.ThreadPoolExecutor$Worker.run(ThreadPoolExecutor.java:642)
        at java.base@21.0.5/java.lang.Thread.runWith(Thread.java:1596)
        at java.base@21.0.5/java.lang.Thread.run(Thread.java:1583)
"org.apache.hadoop.ozone.container.common.statemachine.commandhandler.DeleteBlocksCommandHandler$DeleteCmdWorker@2a01bf0e" daemon prio=5 tid=913 timed_waiting
java.lang.Thread.State: TIMED_WAITING
        at java.base@21.0.5/java.lang.Thread.sleep0(Native Method)
        at java.base@21.0.5/java.lang.Thread.sleep(Thread.java:509)
        at app//org.apache.hadoop.ozone.container.common.statemachine.commandhandler.DeleteBlocksCommandHandler$DeleteCmdWorker.run(DeleteBlocksCommandHandler.java:264)
        at java.base@21.0.5/java.lang.Thread.runWith(Thread.java:1596)
        at java.base@21.0.5/java.lang.Thread.run(Thread.java:1583)
"IPC Server handler 5 on default port 15093" daemon prio=5 tid=1025 timed_waiting
java.lang.Thread.State: TIMED_WAITING
        at java.base@21.0.5/jdk.internal.misc.Unsafe.park(Native Method)
        at java.base@21.0.5/java.util.concurrent.locks.LockSupport.parkNanos(LockSupport.java:269)
        at java.base@21.0.5/java.util.concurrent.locks.AbstractQueuedSynchronizer$ConditionObject.awaitNanos(AbstractQueuedSynchronizer.java:1763)
        at java.base@21.0.5/java.util.concurrent.LinkedBlockingQueue.poll(LinkedBlockingQueue.java:460)
        at app//org.apache.hadoop.ipc.CallQueueManager.take(CallQueueManager.java:370)
        at app//org.apache.hadoop.ipc.Server$Handler.run(Server.java:3165)
"d1093f6a-6992-456d-ac47-966fa1bbc12e@group-D9B980D230C1-StateMachineUpdater" daemon prio=5 tid=1968 timed_waiting
java.lang.Thread.State: TIMED_WAITING
        at java.base@21.0.5/jdk.internal.misc.Unsafe.park(Native Method)
        at java.base@21.0.5/java.util.concurrent.locks.LockSupport.parkNanos(LockSupport.java:269)
        at java.base@21.0.5/java.util.concurrent.locks.AbstractQueuedSynchronizer$ConditionObject.await(AbstractQueuedSynchronizer.java:1852)
        at app//org.apache.ratis.util.AwaitForSignal.await(AwaitForSignal.java:65)
        at app//org.apache.ratis.server.impl.StateMachineUpdater.waitForCommit(StateMachineUpdater.java:219)
        at app//org.apache.ratis.server.impl.StateMachineUpdater.run(StateMachineUpdater.java:187)
        at java.base@21.0.5/java.lang.Thread.runWith(Thread.java:1596)
        at java.base@21.0.5/java.lang.Thread.run(Thread.java:1583)
"Socket Reader #7 for port 15002"  prio=5 tid=68 runnable
java.lang.Thread.State: RUNNABLE
        at java.base@21.0.5/sun.nio.ch.EPoll.wait(Native Method)
        at java.base@21.0.5/sun.nio.ch.EPollSelectorImpl.doSelect(EPollSelectorImpl.java:121)
        at java.base@21.0.5/sun.nio.ch.SelectorImpl.lockAndDoSelect(SelectorImpl.java:130)
        at java.base@21.0.5/sun.nio.ch.SelectorImpl.select(SelectorImpl.java:147)
        at app//org.apache.hadoop.ipc.Server$Listener$Reader.doRunLoop(Server.java:1497)
        at app//org.apache.hadoop.ipc.Server$Listener$Reader.run(Server.java:1476)
"9c1aee78-f037-4e17-b985-0daab5eaf154@group-9167B95FD813-StateMachineUpdater" daemon prio=5 tid=1294 timed_waiting
java.lang.Thread.State: TIMED_WAITING
        at java.base@21.0.5/jdk.internal.misc.Unsafe.park(Native Method)
        at java.base@21.0.5/java.util.concurrent.locks.LockSupport.parkNanos(LockSupport.java:269)
        at java.base@21.0.5/java.util.concurrent.locks.AbstractQueuedSynchronizer$ConditionObject.await(AbstractQueuedSynchronizer.java:1852)
        at app//org.apache.ratis.util.AwaitForSignal.await(AwaitForSignal.java:65)
        at app//org.apache.ratis.server.impl.StateMachineUpdater.waitForCommit(StateMachineUpdater.java:219)
        at app//org.apache.ratis.server.impl.StateMachineUpdater.run(StateMachineUpdater.java:187)
        at java.base@21.0.5/java.lang.Thread.runWith(Thread.java:1596)
        at java.base@21.0.5/java.lang.Thread.run(Thread.java:1583)
"IPC Server handler 40 on default port 15001" daemon prio=5 tid=261 timed_waiting
java.lang.Thread.State: TIMED_WAITING
        at java.base@21.0.5/jdk.internal.misc.Unsafe.park(Native Method)
        at java.base@21.0.5/java.util.concurrent.locks.LockSupport.parkNanos(LockSupport.java:269)
        at java.base@21.0.5/java.util.concurrent.locks.AbstractQueuedSynchronizer$ConditionObject.awaitNanos(AbstractQueuedSynchronizer.java:1763)
        at java.base@21.0.5/java.util.concurrent.LinkedBlockingQueue.poll(LinkedBlockingQueue.java:460)
        at app//org.apache.hadoop.ipc.CallQueueManager.take(CallQueueManager.java:370)
        at app//org.apache.hadoop.ipc.Server$Handler.run(Server.java:3165)
"IPC Server handler 7 on default port 15000" daemon prio=5 tid=128 timed_waiting
java.lang.Thread.State: TIMED_WAITING
        at java.base@21.0.5/jdk.internal.misc.Unsafe.park(Native Method)
        at java.base@21.0.5/java.util.concurrent.locks.LockSupport.parkNanos(LockSupport.java:269)
        at java.base@21.0.5/java.util.concurrent.locks.AbstractQueuedSynchronizer$ConditionObject.awaitNanos(AbstractQueuedSynchronizer.java:1763)
        at java.base@21.0.5/java.util.concurrent.LinkedBlockingQueue.poll(LinkedBlockingQueue.java:460)
        at app//org.apache.hadoop.ipc.CallQueueManager.take(CallQueueManager.java:370)
        at app//org.apache.hadoop.ipc.Server$Handler.run(Server.java:3165)
"IPC Server handler 77 on default port 15000" daemon prio=5 tid=198 timed_waiting
java.lang.Thread.State: TIMED_WAITING
        at java.base@21.0.5/jdk.internal.misc.Unsafe.park(Native Method)
        at java.base@21.0.5/java.util.concurrent.locks.LockSupport.parkNanos(LockSupport.java:269)
        at java.base@21.0.5/java.util.concurrent.locks.AbstractQueuedSynchronizer$ConditionObject.awaitNanos(AbstractQueuedSynchronizer.java:1763)
        at java.base@21.0.5/java.util.concurrent.LinkedBlockingQueue.poll(LinkedBlockingQueue.java:460)
        at app//org.apache.hadoop.ipc.CallQueueManager.take(CallQueueManager.java:370)
        at app//org.apache.hadoop.ipc.Server$Handler.run(Server.java:3165)
"17963aff-71fe-4a8f-bd2e-c405ff93174f-DatanodeStateMachineTaskThread-1"  prio=5 tid=1134 in Object.wait()
java.lang.Thread.State: WAITING (on object monitor)
        at java.base@21.0.5/jdk.internal.misc.Unsafe.park(Native Method)
        at java.base@21.0.5/java.util.concurrent.locks.LockSupport.park(LockSupport.java:371)
        at java.base@21.0.5/java.util.concurrent.locks.AbstractQueuedSynchronizer$ConditionNode.block(AbstractQueuedSynchronizer.java:519)
        at java.base@21.0.5/java.util.concurrent.ForkJoinPool.unmanagedBlock(ForkJoinPool.java:3780)
        at java.base@21.0.5/java.util.concurrent.ForkJoinPool.managedBlock(ForkJoinPool.java:3725)
        at java.base@21.0.5/java.util.concurrent.locks.AbstractQueuedSynchronizer$ConditionObject.await(AbstractQueuedSynchronizer.java:1712)
        at java.base@21.0.5/java.util.concurrent.LinkedBlockingQueue.take(LinkedBlockingQueue.java:435)
        at java.base@21.0.5/java.util.concurrent.ThreadPoolExecutor.getTask(ThreadPoolExecutor.java:1070)
        at java.base@21.0.5/java.util.concurrent.ThreadPoolExecutor.runWorker(ThreadPoolExecutor.java:1130)
        at java.base@21.0.5/java.util.concurrent.ThreadPoolExecutor$Worker.run(ThreadPoolExecutor.java:642)
        at java.base@21.0.5/java.lang.Thread.runWith(Thread.java:1596)
        at java.base@21.0.5/java.lang.Thread.run(Thread.java:1583)
"fc60e07f-496f-42fe-ae82-620152583f87-PipelineCommandHandlerThread-0"  prio=5 tid=1261 in Object.wait()
java.lang.Thread.State: WAITING (on object monitor)
        at java.base@21.0.5/jdk.internal.misc.Unsafe.park(Native Method)
        at java.base@21.0.5/java.util.concurrent.locks.LockSupport.park(LockSupport.java:371)
        at java.base@21.0.5/java.util.concurrent.locks.AbstractQueuedSynchronizer$ConditionNode.block(AbstractQueuedSynchronizer.java:519)
        at java.base@21.0.5/java.util.concurrent.ForkJoinPool.unmanagedBlock(ForkJoinPool.java:3780)
        at java.base@21.0.5/java.util.concurrent.ForkJoinPool.managedBlock(ForkJoinPool.java:3725)
        at java.base@21.0.5/java.util.concurrent.locks.AbstractQueuedSynchronizer$ConditionObject.await(AbstractQueuedSynchronizer.java:1712)
        at java.base@21.0.5/java.util.concurrent.LinkedBlockingQueue.take(LinkedBlockingQueue.java:435)
        at java.base@21.0.5/java.util.concurrent.ThreadPoolExecutor.getTask(ThreadPoolExecutor.java:1070)
        at java.base@21.0.5/java.util.concurrent.ThreadPoolExecutor.runWorker(ThreadPoolExecutor.java:1130)
        at java.base@21.0.5/java.util.concurrent.ThreadPoolExecutor$Worker.run(ThreadPoolExecutor.java:642)
        at java.base@21.0.5/java.lang.Thread.runWith(Thread.java:1596)
        at java.base@21.0.5/java.lang.Thread.run(Thread.java:1583)
"IPC Server handler 74 on default port 15000" daemon prio=5 tid=195 timed_waiting
java.lang.Thread.State: TIMED_WAITING
        at java.base@21.0.5/jdk.internal.misc.Unsafe.park(Native Method)
        at java.base@21.0.5/java.util.concurrent.locks.LockSupport.parkNanos(LockSupport.java:269)
        at java.base@21.0.5/java.util.concurrent.locks.AbstractQueuedSynchronizer$ConditionObject.awaitNanos(AbstractQueuedSynchronizer.java:1763)
        at java.base@21.0.5/java.util.concurrent.LinkedBlockingQueue.poll(LinkedBlockingQueue.java:460)
        at app//org.apache.hadoop.ipc.CallQueueManager.take(CallQueueManager.java:370)
        at app//org.apache.hadoop.ipc.Server$Handler.run(Server.java:3165)
"IPC Server handler 56 on default port 15002" daemon prio=5 tid=395 timed_waiting
java.lang.Thread.State: TIMED_WAITING
        at java.base@21.0.5/jdk.internal.misc.Unsafe.park(Native Method)
        at java.base@21.0.5/java.util.concurrent.locks.LockSupport.parkNanos(LockSupport.java:269)
        at java.base@21.0.5/java.util.concurrent.locks.AbstractQueuedSynchronizer$ConditionObject.awaitNanos(AbstractQueuedSynchronizer.java:1763)
        at java.base@21.0.5/java.util.concurrent.LinkedBlockingQueue.poll(LinkedBlockingQueue.java:460)
        at app//org.apache.hadoop.ipc.CallQueueManager.take(CallQueueManager.java:370)
        at app//org.apache.hadoop.ipc.Server$Handler.run(Server.java:3165)
"IPC Server handler 4 on default port 15075" daemon prio=5 tid=896 timed_waiting
java.lang.Thread.State: TIMED_WAITING
        at java.base@21.0.5/jdk.internal.misc.Unsafe.park(Native Method)
        at java.base@21.0.5/java.util.concurrent.locks.LockSupport.parkNanos(LockSupport.java:269)
        at java.base@21.0.5/java.util.concurrent.locks.AbstractQueuedSynchronizer$ConditionObject.awaitNanos(AbstractQueuedSynchronizer.java:1763)
        at java.base@21.0.5/java.util.concurrent.LinkedBlockingQueue.poll(LinkedBlockingQueue.java:460)
        at app//org.apache.hadoop.ipc.CallQueueManager.take(CallQueueManager.java:370)
        at app//org.apache.hadoop.ipc.Server$Handler.run(Server.java:3165)
"IPC Server handler 16 on default port 15002" daemon prio=5 tid=355 timed_waiting
java.lang.Thread.State: TIMED_WAITING
        at java.base@21.0.5/jdk.internal.misc.Unsafe.park(Native Method)
        at java.base@21.0.5/java.util.concurrent.locks.LockSupport.parkNanos(LockSupport.java:269)
        at java.base@21.0.5/java.util.concurrent.locks.AbstractQueuedSynchronizer$ConditionObject.awaitNanos(AbstractQueuedSynchronizer.java:1763)
        at java.base@21.0.5/java.util.concurrent.LinkedBlockingQueue.poll(LinkedBlockingQueue.java:460)
        at app//org.apache.hadoop.ipc.CallQueueManager.take(CallQueueManager.java:370)
        at app//org.apache.hadoop.ipc.Server$Handler.run(Server.java:3165)
"qtp1883684513-762" daemon prio=5 tid=762 timed_waiting
java.lang.Thread.State: TIMED_WAITING
        at java.base@21.0.5/jdk.internal.misc.Unsafe.park(Native Method)
        at java.base@21.0.5/java.util.concurrent.locks.LockSupport.parkNanos(LockSupport.java:269)
        at java.base@21.0.5/java.util.concurrent.locks.AbstractQueuedSynchronizer$ConditionObject.awaitNanos(AbstractQueuedSynchronizer.java:1763)
        at app//org.eclipse.jetty.util.BlockingArrayQueue.poll(BlockingArrayQueue.java:382)
        at app//org.eclipse.jetty.util.thread.QueuedThreadPool$Runner.idleJobPoll(QueuedThreadPool.java:974)
        at app//org.eclipse.jetty.util.thread.QueuedThreadPool$Runner.run(QueuedThreadPool.java:1018)
        at java.base@21.0.5/java.lang.Thread.runWith(Thread.java:1596)
        at java.base@21.0.5/java.lang.Thread.run(Thread.java:1583)
"9c1aee78-f037-4e17-b985-0daab5eaf154-DatanodeReportManager-3" daemon prio=5 tid=840 in Object.wait()
java.lang.Thread.State: WAITING (on object monitor)
        at java.base@21.0.5/jdk.internal.misc.Unsafe.park(Native Method)
        at java.base@21.0.5/java.util.concurrent.locks.LockSupport.park(LockSupport.java:371)
        at java.base@21.0.5/java.util.concurrent.locks.AbstractQueuedSynchronizer$ConditionNode.block(AbstractQueuedSynchronizer.java:519)
        at java.base@21.0.5/java.util.concurrent.ForkJoinPool.unmanagedBlock(ForkJoinPool.java:3780)
        at java.base@21.0.5/java.util.concurrent.ForkJoinPool.managedBlock(ForkJoinPool.java:3725)
        at java.base@21.0.5/java.util.concurrent.locks.AbstractQueuedSynchronizer$ConditionObject.await(AbstractQueuedSynchronizer.java:1712)
        at java.base@21.0.5/java.util.concurrent.ScheduledThreadPoolExecutor$DelayedWorkQueue.take(ScheduledThreadPoolExecutor.java:1177)
        at java.base@21.0.5/java.util.concurrent.ScheduledThreadPoolExecutor$DelayedWorkQueue.take(ScheduledThreadPoolExecutor.java:899)
        at java.base@21.0.5/java.util.concurrent.ThreadPoolExecutor.getTask(ThreadPoolExecutor.java:1070)
        at java.base@21.0.5/java.util.concurrent.ThreadPoolExecutor.runWorker(ThreadPoolExecutor.java:1130)
        at java.base@21.0.5/java.util.concurrent.ThreadPoolExecutor$Worker.run(ThreadPoolExecutor.java:642)
        at java.base@21.0.5/java.lang.Thread.runWith(Thread.java:1596)
        at java.base@21.0.5/java.lang.Thread.run(Thread.java:1583)
"Socket Reader #6 for port 15039"  prio=5 tid=2158 runnable
java.lang.Thread.State: RUNNABLE
        at java.base@21.0.5/sun.nio.ch.EPoll.wait(Native Method)
        at java.base@21.0.5/sun.nio.ch.EPollSelectorImpl.doSelect(EPollSelectorImpl.java:121)
        at java.base@21.0.5/sun.nio.ch.SelectorImpl.lockAndDoSelect(SelectorImpl.java:130)
        at java.base@21.0.5/sun.nio.ch.SelectorImpl.select(SelectorImpl.java:147)
        at app//org.apache.hadoop.ipc.Server$Listener$Reader.doRunLoop(Server.java:1497)
        at app//org.apache.hadoop.ipc.Server$Listener$Reader.run(Server.java:1476)
"IPC Server handler 36 on default port 15001" daemon prio=5 tid=257 timed_waiting
java.lang.Thread.State: TIMED_WAITING
        at java.base@21.0.5/jdk.internal.misc.Unsafe.park(Native Method)
        at java.base@21.0.5/java.util.concurrent.locks.LockSupport.parkNanos(LockSupport.java:269)
        at java.base@21.0.5/java.util.concurrent.locks.AbstractQueuedSynchronizer$ConditionObject.awaitNanos(AbstractQueuedSynchronizer.java:1763)
        at java.base@21.0.5/java.util.concurrent.LinkedBlockingQueue.poll(LinkedBlockingQueue.java:460)
        at app//org.apache.hadoop.ipc.CallQueueManager.take(CallQueueManager.java:370)
        at app//org.apache.hadoop.ipc.Server$Handler.run(Server.java:3165)
"IPC Server Responder" daemon prio=5 tid=546 runnable
java.lang.Thread.State: RUNNABLE
        at java.base@21.0.5/sun.nio.ch.EPoll.wait(Native Method)
        at java.base@21.0.5/sun.nio.ch.EPollSelectorImpl.doSelect(EPollSelectorImpl.java:121)
        at java.base@21.0.5/sun.nio.ch.SelectorImpl.lockAndDoSelect(SelectorImpl.java:130)
        at java.base@21.0.5/sun.nio.ch.SelectorImpl.select(SelectorImpl.java:142)
        at app//org.apache.hadoop.ipc.Server$Responder.doRunLoop(Server.java:1733)
        at app//org.apache.hadoop.ipc.Server$Responder.run(Server.java:1716)
"IPC Server handler 3 on default port 15000" daemon prio=5 tid=124 timed_waiting
java.lang.Thread.State: TIMED_WAITING
        at java.base@21.0.5/jdk.internal.misc.Unsafe.park(Native Method)
        at java.base@21.0.5/java.util.concurrent.locks.LockSupport.parkNanos(LockSupport.java:269)
        at java.base@21.0.5/java.util.concurrent.locks.AbstractQueuedSynchronizer$ConditionObject.awaitNanos(AbstractQueuedSynchronizer.java:1763)
        at java.base@21.0.5/java.util.concurrent.LinkedBlockingQueue.poll(LinkedBlockingQueue.java:460)
        at app//org.apache.hadoop.ipc.CallQueueManager.take(CallQueueManager.java:370)
        at app//org.apache.hadoop.ipc.Server$Handler.run(Server.java:3165)
"Session-HouseKeeper-386bd8f3-1"  prio=5 tid=859 timed_waiting
java.lang.Thread.State: TIMED_WAITING
        at java.base@21.0.5/jdk.internal.misc.Unsafe.park(Native Method)
        at java.base@21.0.5/java.util.concurrent.locks.LockSupport.parkNanos(LockSupport.java:269)
        at java.base@21.0.5/java.util.concurrent.locks.AbstractQueuedSynchronizer$ConditionObject.awaitNanos(AbstractQueuedSynchronizer.java:1763)
        at java.base@21.0.5/java.util.concurrent.ScheduledThreadPoolExecutor$DelayedWorkQueue.take(ScheduledThreadPoolExecutor.java:1182)
        at java.base@21.0.5/java.util.concurrent.ScheduledThreadPoolExecutor$DelayedWorkQueue.take(ScheduledThreadPoolExecutor.java:899)
        at java.base@21.0.5/java.util.concurrent.ThreadPoolExecutor.getTask(ThreadPoolExecutor.java:1070)
        at java.base@21.0.5/java.util.concurrent.ThreadPoolExecutor.runWorker(ThreadPoolExecutor.java:1130)
        at java.base@21.0.5/java.util.concurrent.ThreadPoolExecutor$Worker.run(ThreadPoolExecutor.java:642)
        at java.base@21.0.5/java.lang.Thread.runWith(Thread.java:1596)
        at java.base@21.0.5/java.lang.Thread.run(Thread.java:1583)
"IPC Server handler 96 on default port 15002" daemon prio=5 tid=435 timed_waiting
java.lang.Thread.State: TIMED_WAITING
        at java.base@21.0.5/jdk.internal.misc.Unsafe.park(Native Method)
        at java.base@21.0.5/java.util.concurrent.locks.LockSupport.parkNanos(LockSupport.java:269)
        at java.base@21.0.5/java.util.concurrent.locks.AbstractQueuedSynchronizer$ConditionObject.awaitNanos(AbstractQueuedSynchronizer.java:1763)
        at java.base@21.0.5/java.util.concurrent.LinkedBlockingQueue.poll(LinkedBlockingQueue.java:460)
        at app//org.apache.hadoop.ipc.CallQueueManager.take(CallQueueManager.java:370)
        at app//org.apache.hadoop.ipc.Server$Handler.run(Server.java:3165)
"Session-HouseKeeper-1c03be27-1"  prio=5 tid=987 timed_waiting
java.lang.Thread.State: TIMED_WAITING
        at java.base@21.0.5/jdk.internal.misc.Unsafe.park(Native Method)
        at java.base@21.0.5/java.util.concurrent.locks.LockSupport.parkNanos(LockSupport.java:269)
        at java.base@21.0.5/java.util.concurrent.locks.AbstractQueuedSynchronizer$ConditionObject.awaitNanos(AbstractQueuedSynchronizer.java:1763)
        at java.base@21.0.5/java.util.concurrent.ScheduledThreadPoolExecutor$DelayedWorkQueue.take(ScheduledThreadPoolExecutor.java:1182)
        at java.base@21.0.5/java.util.concurrent.ScheduledThreadPoolExecutor$DelayedWorkQueue.take(ScheduledThreadPoolExecutor.java:899)
        at java.base@21.0.5/java.util.concurrent.ThreadPoolExecutor.getTask(ThreadPoolExecutor.java:1070)
        at java.base@21.0.5/java.util.concurrent.ThreadPoolExecutor.runWorker(ThreadPoolExecutor.java:1130)
        at java.base@21.0.5/java.util.concurrent.ThreadPoolExecutor$Worker.run(ThreadPoolExecutor.java:642)
        at java.base@21.0.5/java.lang.Thread.runWith(Thread.java:1596)
        at java.base@21.0.5/java.lang.Thread.run(Thread.java:1583)
"17963aff-71fe-4a8f-bd2e-c405ff93174f@group-31157D531563-SegmentedRaftLogWorker" daemon prio=5 tid=1316 timed_waiting
java.lang.Thread.State: TIMED_WAITING
        at java.base@21.0.5/jdk.internal.misc.Unsafe.park(Native Method)
        at java.base@21.0.5/java.util.concurrent.locks.LockSupport.parkNanos(LockSupport.java:269)
        at java.base@21.0.5/java.util.concurrent.locks.AbstractQueuedSynchronizer$ConditionObject.awaitNanos(AbstractQueuedSynchronizer.java:1763)
        at app//org.apache.ratis.util.DataBlockingQueue.poll(DataBlockingQueue.java:148)
        at app//org.apache.ratis.server.raftlog.segmented.SegmentedRaftLogWorker.run(SegmentedRaftLogWorker.java:307)
        at app//org.apache.ratis.server.raftlog.segmented.SegmentedRaftLogWorker$$Lambda/0x00007fcfe03376d0.run(Unknown Source)
        at java.base@21.0.5/java.util.concurrent.Executors$RunnableAdapter.call(Executors.java:572)
        at java.base@21.0.5/java.util.concurrent.FutureTask.run(FutureTask.java:317)
        at java.base@21.0.5/java.util.concurrent.ThreadPoolExecutor.runWorker(ThreadPoolExecutor.java:1144)
        at java.base@21.0.5/java.util.concurrent.ThreadPoolExecutor$Worker.run(ThreadPoolExecutor.java:642)
        at java.base@21.0.5/java.lang.Thread.runWith(Thread.java:1596)
        at java.base@21.0.5/java.lang.Thread.run(Thread.java:1583)
"org.apache.hadoop.ozone.container.common.statemachine.commandhandler.DeleteBlocksCommandHandler$DeleteCmdWorker@63369b91" daemon prio=5 tid=847 timed_waiting
java.lang.Thread.State: TIMED_WAITING
        at java.base@21.0.5/java.lang.Thread.sleep0(Native Method)
        at java.base@21.0.5/java.lang.Thread.sleep(Thread.java:509)
        at app//org.apache.hadoop.ozone.container.common.statemachine.commandhandler.DeleteBlocksCommandHandler$DeleteCmdWorker.run(DeleteBlocksCommandHandler.java:264)
        at java.base@21.0.5/java.lang.Thread.runWith(Thread.java:1596)
        at java.base@21.0.5/java.lang.Thread.run(Thread.java:1583)
"Socket Reader #8 for port 15021"  prio=5 tid=588 runnable
java.lang.Thread.State: RUNNABLE
        at java.base@21.0.5/sun.nio.ch.EPoll.wait(Native Method)
        at java.base@21.0.5/sun.nio.ch.EPollSelectorImpl.doSelect(EPollSelectorImpl.java:121)
        at java.base@21.0.5/sun.nio.ch.SelectorImpl.lockAndDoSelect(SelectorImpl.java:130)
        at java.base@21.0.5/sun.nio.ch.SelectorImpl.select(SelectorImpl.java:147)
        at app//org.apache.hadoop.ipc.Server$Listener$Reader.doRunLoop(Server.java:1497)
        at app//org.apache.hadoop.ipc.Server$Listener$Reader.run(Server.java:1476)
"pool-237-thread-1"  prio=5 tid=802 timed_waiting
java.lang.Thread.State: TIMED_WAITING
        at java.base@21.0.5/jdk.internal.misc.Unsafe.park(Native Method)
        at java.base@21.0.5/java.util.concurrent.locks.LockSupport.parkNanos(LockSupport.java:269)
        at java.base@21.0.5/java.util.concurrent.locks.AbstractQueuedSynchronizer$ConditionObject.awaitNanos(AbstractQueuedSynchronizer.java:1763)
        at java.base@21.0.5/java.util.concurrent.ScheduledThreadPoolExecutor$DelayedWorkQueue.take(ScheduledThreadPoolExecutor.java:1182)
        at java.base@21.0.5/java.util.concurrent.ScheduledThreadPoolExecutor$DelayedWorkQueue.take(ScheduledThreadPoolExecutor.java:899)
        at java.base@21.0.5/java.util.concurrent.ThreadPoolExecutor.getTask(ThreadPoolExecutor.java:1070)
        at java.base@21.0.5/java.util.concurrent.ThreadPoolExecutor.runWorker(ThreadPoolExecutor.java:1130)
        at java.base@21.0.5/java.util.concurrent.ThreadPoolExecutor$Worker.run(ThreadPoolExecutor.java:642)
        at java.base@21.0.5/java.lang.Thread.runWith(Thread.java:1596)
        at java.base@21.0.5/java.lang.Thread.run(Thread.java:1583)
"IPC Server handler 47 on default port 15001" daemon prio=5 tid=268 timed_waiting
java.lang.Thread.State: TIMED_WAITING
        at java.base@21.0.5/jdk.internal.misc.Unsafe.park(Native Method)
        at java.base@21.0.5/java.util.concurrent.locks.LockSupport.parkNanos(LockSupport.java:269)
        at java.base@21.0.5/java.util.concurrent.locks.AbstractQueuedSynchronizer$ConditionObject.awaitNanos(AbstractQueuedSynchronizer.java:1763)
        at java.base@21.0.5/java.util.concurrent.LinkedBlockingQueue.poll(LinkedBlockingQueue.java:460)
        at app//org.apache.hadoop.ipc.CallQueueManager.take(CallQueueManager.java:370)
        at app//org.apache.hadoop.ipc.Server$Handler.run(Server.java:3165)
"IPC Server handler 9 on default port 15075" daemon prio=5 tid=901 timed_waiting
java.lang.Thread.State: TIMED_WAITING
        at java.base@21.0.5/jdk.internal.misc.Unsafe.park(Native Method)
        at java.base@21.0.5/java.util.concurrent.locks.LockSupport.parkNanos(LockSupport.java:269)
        at java.base@21.0.5/java.util.concurrent.locks.AbstractQueuedSynchronizer$ConditionObject.awaitNanos(AbstractQueuedSynchronizer.java:1763)
        at java.base@21.0.5/java.util.concurrent.LinkedBlockingQueue.poll(LinkedBlockingQueue.java:460)
        at app//org.apache.hadoop.ipc.CallQueueManager.take(CallQueueManager.java:370)
        at app//org.apache.hadoop.ipc.Server$Handler.run(Server.java:3165)
"pool-306-thread-1" daemon prio=5 tid=1157 timed_waiting
java.lang.Thread.State: TIMED_WAITING
        at java.base@21.0.5/jdk.internal.misc.Unsafe.park(Native Method)
        at java.base@21.0.5/java.util.concurrent.locks.LockSupport.parkNanos(LockSupport.java:269)
        at java.base@21.0.5/java.util.concurrent.locks.AbstractQueuedSynchronizer$ConditionObject.awaitNanos(AbstractQueuedSynchronizer.java:1763)
        at java.base@21.0.5/java.util.concurrent.ScheduledThreadPoolExecutor$DelayedWorkQueue.take(ScheduledThreadPoolExecutor.java:1182)
        at java.base@21.0.5/java.util.concurrent.ScheduledThreadPoolExecutor$DelayedWorkQueue.take(ScheduledThreadPoolExecutor.java:899)
        at java.base@21.0.5/java.util.concurrent.ThreadPoolExecutor.getTask(ThreadPoolExecutor.java:1070)
        at java.base@21.0.5/java.util.concurrent.ThreadPoolExecutor.runWorker(ThreadPoolExecutor.java:1130)
        at java.base@21.0.5/java.util.concurrent.ThreadPoolExecutor$Worker.run(ThreadPoolExecutor.java:642)
        at java.base@21.0.5/java.lang.Thread.runWith(Thread.java:1596)
        at java.base@21.0.5/java.lang.Thread.run(Thread.java:1583)
"a14cd1ab-7861-42f9-8639-15260a7193f0@group-D14C45472CDA-StateMachineUpdater" daemon prio=5 tid=2228 timed_waiting
java.lang.Thread.State: TIMED_WAITING
        at java.base@21.0.5/jdk.internal.misc.Unsafe.park(Native Method)
        at java.base@21.0.5/java.util.concurrent.locks.LockSupport.parkNanos(LockSupport.java:269)
        at java.base@21.0.5/java.util.concurrent.locks.AbstractQueuedSynchronizer$ConditionObject.await(AbstractQueuedSynchronizer.java:1852)
        at app//org.apache.ratis.util.AwaitForSignal.await(AwaitForSignal.java:65)
        at app//org.apache.ratis.server.impl.StateMachineUpdater.waitForCommit(StateMachineUpdater.java:219)
        at app//org.apache.ratis.server.impl.StateMachineUpdater.run(StateMachineUpdater.java:187)
        at java.base@21.0.5/java.lang.Thread.runWith(Thread.java:1596)
        at java.base@21.0.5/java.lang.Thread.run(Thread.java:1583)
"IPC Server handler 85 on default port 15002" daemon prio=5 tid=424 timed_waiting
java.lang.Thread.State: TIMED_WAITING
        at java.base@21.0.5/jdk.internal.misc.Unsafe.park(Native Method)
        at java.base@21.0.5/java.util.concurrent.locks.LockSupport.parkNanos(LockSupport.java:269)
        at java.base@21.0.5/java.util.concurrent.locks.AbstractQueuedSynchronizer$ConditionObject.awaitNanos(AbstractQueuedSynchronizer.java:1763)
        at java.base@21.0.5/java.util.concurrent.LinkedBlockingQueue.poll(LinkedBlockingQueue.java:460)
        at app//org.apache.hadoop.ipc.CallQueueManager.take(CallQueueManager.java:370)
        at app//org.apache.hadoop.ipc.Server$Handler.run(Server.java:3165)
"Socket Reader #3 for port 15006"  prio=5 tid=452 runnable
java.lang.Thread.State: RUNNABLE
        at java.base@21.0.5/sun.nio.ch.EPoll.wait(Native Method)
        at java.base@21.0.5/sun.nio.ch.EPollSelectorImpl.doSelect(EPollSelectorImpl.java:121)
        at java.base@21.0.5/sun.nio.ch.SelectorImpl.lockAndDoSelect(SelectorImpl.java:130)
        at java.base@21.0.5/sun.nio.ch.SelectorImpl.select(SelectorImpl.java:147)
        at app//org.apache.hadoop.ipc.Server$Listener$Reader.doRunLoop(Server.java:1497)
        at app//org.apache.hadoop.ipc.Server$Listener$Reader.run(Server.java:1476)
"qtp1698217345-2146" daemon prio=5 tid=2146 timed_waiting
java.lang.Thread.State: TIMED_WAITING
        at java.base@21.0.5/jdk.internal.misc.Unsafe.park(Native Method)
        at java.base@21.0.5/java.util.concurrent.locks.LockSupport.parkNanos(LockSupport.java:269)
        at java.base@21.0.5/java.util.concurrent.locks.AbstractQueuedSynchronizer$ConditionObject.awaitNanos(AbstractQueuedSynchronizer.java:1763)
        at app//org.eclipse.jetty.util.BlockingArrayQueue.poll(BlockingArrayQueue.java:382)
        at app//org.eclipse.jetty.util.thread.QueuedThreadPool$Runner.idleJobPoll(QueuedThreadPool.java:974)
        at app//org.eclipse.jetty.util.thread.QueuedThreadPool$Runner.run(QueuedThreadPool.java:1018)
        at java.base@21.0.5/java.lang.Thread.runWith(Thread.java:1596)
        at java.base@21.0.5/java.lang.Thread.run(Thread.java:1583)
"IPC Server handler 34 on default port 15001" daemon prio=5 tid=255 timed_waiting
java.lang.Thread.State: TIMED_WAITING
        at java.base@21.0.5/jdk.internal.misc.Unsafe.park(Native Method)
        at java.base@21.0.5/java.util.concurrent.locks.LockSupport.parkNanos(LockSupport.java:269)
        at java.base@21.0.5/java.util.concurrent.locks.AbstractQueuedSynchronizer$ConditionObject.awaitNanos(AbstractQueuedSynchronizer.java:1763)
        at java.base@21.0.5/java.util.concurrent.LinkedBlockingQueue.poll(LinkedBlockingQueue.java:460)
        at app//org.apache.hadoop.ipc.CallQueueManager.take(CallQueueManager.java:370)
        at app//org.apache.hadoop.ipc.Server$Handler.run(Server.java:3165)
"9c1aee78-f037-4e17-b985-0daab5eaf154-ChunkReader-ELG-0" daemon prio=5 tid=1104 runnable
java.lang.Thread.State: RUNNABLE
        at app//org.apache.ratis.thirdparty.io.netty.channel.epoll.Native.epollWait(Native Method)
        at app//org.apache.ratis.thirdparty.io.netty.channel.epoll.Native.epollWait(Native.java:220)
        at app//org.apache.ratis.thirdparty.io.netty.channel.epoll.Native.epollWait(Native.java:213)
        at app//org.apache.ratis.thirdparty.io.netty.channel.epoll.EpollEventLoop.epollWaitNoTimerChange(EpollEventLoop.java:308)
        at app//org.apache.ratis.thirdparty.io.netty.channel.epoll.EpollEventLoop.run(EpollEventLoop.java:365)
        at app//org.apache.ratis.thirdparty.io.netty.util.concurrent.SingleThreadEventExecutor$4.run(SingleThreadEventExecutor.java:997)
        at app//org.apache.ratis.thirdparty.io.netty.util.internal.ThreadExecutorMap$2.run(ThreadExecutorMap.java:74)
        at java.base@21.0.5/java.lang.Thread.runWith(Thread.java:1596)
        at java.base@21.0.5/java.lang.Thread.run(Thread.java:1583)
"9c1aee78-f037-4e17-b985-0daab5eaf154@group-31157D531563-FollowerState" daemon prio=5 tid=1492 timed_waiting
java.lang.Thread.State: TIMED_WAITING
        at java.base@21.0.5/java.lang.Thread.sleep0(Native Method)
        at java.base@21.0.5/java.lang.Thread.sleep(Thread.java:558)
        at java.base@21.0.5/java.util.concurrent.TimeUnit.sleep(TimeUnit.java:446)
        at app//org.apache.ratis.util.TimeDuration.sleep(TimeDuration.java:353)
        at app//org.apache.ratis.util.TimeDuration.sleep(TimeDuration.java:338)
        at app//org.apache.ratis.server.impl.FollowerState.runImpl(FollowerState.java:149)
        at app//org.apache.ratis.server.impl.FollowerState.run(FollowerState.java:130)
"IPC Server Responder" daemon prio=5 tid=101 runnable
java.lang.Thread.State: RUNNABLE
        at java.base@21.0.5/sun.nio.ch.EPoll.wait(Native Method)
        at java.base@21.0.5/sun.nio.ch.EPollSelectorImpl.doSelect(EPollSelectorImpl.java:121)
        at java.base@21.0.5/sun.nio.ch.SelectorImpl.lockAndDoSelect(SelectorImpl.java:130)
        at java.base@21.0.5/sun.nio.ch.SelectorImpl.select(SelectorImpl.java:142)
        at app//org.apache.hadoop.ipc.Server$Responder.doRunLoop(Server.java:1733)
        at app//org.apache.hadoop.ipc.Server$Responder.run(Server.java:1716)
"qtp1676534432-330" daemon prio=5 tid=330 timed_waiting
java.lang.Thread.State: TIMED_WAITING
        at java.base@21.0.5/jdk.internal.misc.Unsafe.park(Native Method)
        at java.base@21.0.5/java.util.concurrent.locks.LockSupport.parkNanos(LockSupport.java:269)
        at java.base@21.0.5/java.util.concurrent.locks.AbstractQueuedSynchronizer$ConditionObject.awaitNanos(AbstractQueuedSynchronizer.java:1763)
        at app//org.eclipse.jetty.util.BlockingArrayQueue.poll(BlockingArrayQueue.java:382)
        at app//org.eclipse.jetty.util.thread.QueuedThreadPool$Runner.idleJobPoll(QueuedThreadPool.java:974)
        at app//org.eclipse.jetty.util.thread.QueuedThreadPool$Runner.run(QueuedThreadPool.java:1018)
        at java.base@21.0.5/java.lang.Thread.runWith(Thread.java:1596)
        at java.base@21.0.5/java.lang.Thread.run(Thread.java:1583)
"d1093f6a-6992-456d-ac47-966fa1bbc12e-server-thread2" daemon prio=5 tid=2049 timed_waiting
java.lang.Thread.State: TIMED_WAITING
        at java.base@21.0.5/jdk.internal.misc.Unsafe.park(Native Method)
        at java.base@21.0.5/java.util.concurrent.locks.LockSupport.parkNanos(LockSupport.java:410)
        at java.base@21.0.5/java.util.concurrent.LinkedTransferQueue$DualNode.await(LinkedTransferQueue.java:452)
        at java.base@21.0.5/java.util.concurrent.SynchronousQueue$Transferer.xferLifo(SynchronousQueue.java:194)
        at java.base@21.0.5/java.util.concurrent.SynchronousQueue.xfer(SynchronousQueue.java:235)
        at java.base@21.0.5/java.util.concurrent.SynchronousQueue.poll(SynchronousQueue.java:338)
        at java.base@21.0.5/java.util.concurrent.ThreadPoolExecutor.getTask(ThreadPoolExecutor.java:1069)
        at java.base@21.0.5/java.util.concurrent.ThreadPoolExecutor.runWorker(ThreadPoolExecutor.java:1130)
        at java.base@21.0.5/java.util.concurrent.ThreadPoolExecutor$Worker.run(ThreadPoolExecutor.java:642)
        at java.base@21.0.5/java.lang.Thread.runWith(Thread.java:1596)
        at java.base@21.0.5/java.lang.Thread.run(Thread.java:1583)
"69390d8a-021c-44b7-9fe5-c9855a0c5aa1-DatanodeReportManager-1" daemon prio=5 tid=904 timed_waiting
java.lang.Thread.State: TIMED_WAITING
        at java.base@21.0.5/jdk.internal.misc.Unsafe.park(Native Method)
        at java.base@21.0.5/java.util.concurrent.locks.LockSupport.parkNanos(LockSupport.java:269)
        at java.base@21.0.5/java.util.concurrent.locks.AbstractQueuedSynchronizer$ConditionObject.awaitNanos(AbstractQueuedSynchronizer.java:1763)
        at java.base@21.0.5/java.util.concurrent.ScheduledThreadPoolExecutor$DelayedWorkQueue.take(ScheduledThreadPoolExecutor.java:1182)
        at java.base@21.0.5/java.util.concurrent.ScheduledThreadPoolExecutor$DelayedWorkQueue.take(ScheduledThreadPoolExecutor.java:899)
        at java.base@21.0.5/java.util.concurrent.ThreadPoolExecutor.getTask(ThreadPoolExecutor.java:1070)
        at java.base@21.0.5/java.util.concurrent.ThreadPoolExecutor.runWorker(ThreadPoolExecutor.java:1130)
        at java.base@21.0.5/java.util.concurrent.ThreadPoolExecutor$Worker.run(ThreadPoolExecutor.java:642)
        at java.base@21.0.5/java.lang.Thread.runWith(Thread.java:1596)
        at java.base@21.0.5/java.lang.Thread.run(Thread.java:1583)
"qtp957126305-918-acceptor-0@152d2e1d-ServerConnector@622a4589{HTTP/1.1, (http/1.1)}{0.0.0.0:15083}" daemon prio=3 tid=918 runnable
java.lang.Thread.State: RUNNABLE
        at java.base@21.0.5/sun.nio.ch.Net.accept(Native Method)
        at java.base@21.0.5/sun.nio.ch.ServerSocketChannelImpl.implAccept(ServerSocketChannelImpl.java:433)
        at java.base@21.0.5/sun.nio.ch.ServerSocketChannelImpl.accept(ServerSocketChannelImpl.java:399)
        at app//org.eclipse.jetty.server.ServerConnector.accept(ServerConnector.java:388)
        at app//org.eclipse.jetty.server.AbstractConnector$Acceptor.run(AbstractConnector.java:704)
        at app//org.eclipse.jetty.util.thread.QueuedThreadPool.runJob(QueuedThreadPool.java:883)
        at app//org.eclipse.jetty.util.thread.QueuedThreadPool$Runner.run(QueuedThreadPool.java:1034)
        at java.base@21.0.5/java.lang.Thread.runWith(Thread.java:1596)
        at java.base@21.0.5/java.lang.Thread.run(Thread.java:1583)
"IPC Server handler 6 on default port 15039" daemon prio=5 tid=2172 timed_waiting
java.lang.Thread.State: TIMED_WAITING
        at java.base@21.0.5/jdk.internal.misc.Unsafe.park(Native Method)
        at java.base@21.0.5/java.util.concurrent.locks.LockSupport.parkNanos(LockSupport.java:269)
        at java.base@21.0.5/java.util.concurrent.locks.AbstractQueuedSynchronizer$ConditionObject.awaitNanos(AbstractQueuedSynchronizer.java:1763)
        at java.base@21.0.5/java.util.concurrent.LinkedBlockingQueue.poll(LinkedBlockingQueue.java:460)
        at app//org.apache.hadoop.ipc.CallQueueManager.take(CallQueueManager.java:370)
        at app//org.apache.hadoop.ipc.Server$Handler.run(Server.java:3165)
"IPC Server handler 1 on default port 15006" daemon prio=5 tid=499 timed_waiting
java.lang.Thread.State: TIMED_WAITING
        at java.base@21.0.5/jdk.internal.misc.Unsafe.park(Native Method)
        at java.base@21.0.5/java.util.concurrent.locks.LockSupport.parkNanos(LockSupport.java:269)
        at java.base@21.0.5/java.util.concurrent.locks.AbstractQueuedSynchronizer$ConditionObject.awaitNanos(AbstractQueuedSynchronizer.java:1763)
        at java.base@21.0.5/java.util.concurrent.LinkedBlockingQueue.poll(LinkedBlockingQueue.java:460)
        at app//org.apache.hadoop.ipc.CallQueueManager.take(CallQueueManager.java:370)
        at app//org.apache.hadoop.ipc.Server$Handler.run(Server.java:3165)
"ac5cad44-c19c-4f65-867f-c0009d6f555c-DatanodeStateMachineDaemonThread" daemon prio=5 tid=558 timed_waiting
java.lang.Thread.State: TIMED_WAITING
        at java.base@21.0.5/java.lang.Thread.sleep0(Native Method)
        at java.base@21.0.5/java.lang.Thread.sleep(Thread.java:509)
        at app//org.apache.hadoop.ozone.container.common.statemachine.DatanodeStateMachine.startStateMachineThread(DatanodeStateMachine.java:358)
        at app//org.apache.hadoop.ozone.container.common.statemachine.DatanodeStateMachine.lambda$startDaemon$1(DatanodeStateMachine.java:544)
        at app//org.apache.hadoop.ozone.container.common.statemachine.DatanodeStateMachine$$Lambda/0x00007fcfe07d8a68.run(Unknown Source)
        at java.base@21.0.5/java.lang.Thread.runWith(Thread.java:1596)
        at java.base@21.0.5/java.lang.Thread.run(Thread.java:1583)
"IPC Server Responder" daemon prio=5 tid=778 runnable
java.lang.Thread.State: RUNNABLE
        at java.base@21.0.5/sun.nio.ch.EPoll.wait(Native Method)
        at java.base@21.0.5/sun.nio.ch.EPollSelectorImpl.doSelect(EPollSelectorImpl.java:121)
        at java.base@21.0.5/sun.nio.ch.SelectorImpl.lockAndDoSelect(SelectorImpl.java:130)
        at java.base@21.0.5/sun.nio.ch.SelectorImpl.select(SelectorImpl.java:142)
        at app//org.apache.hadoop.ipc.Server$Responder.doRunLoop(Server.java:1733)
        at app//org.apache.hadoop.ipc.Server$Responder.run(Server.java:1716)
"Socket Reader #5 for port 15012"  prio=5 tid=539 runnable
java.lang.Thread.State: RUNNABLE
        at java.base@21.0.5/sun.nio.ch.EPoll.wait(Native Method)
        at java.base@21.0.5/sun.nio.ch.EPollSelectorImpl.doSelect(EPollSelectorImpl.java:121)
        at java.base@21.0.5/sun.nio.ch.SelectorImpl.lockAndDoSelect(SelectorImpl.java:130)
        at java.base@21.0.5/sun.nio.ch.SelectorImpl.select(SelectorImpl.java:147)
        at app//org.apache.hadoop.ipc.Server$Listener$Reader.doRunLoop(Server.java:1497)
        at app//org.apache.hadoop.ipc.Server$Listener$Reader.run(Server.java:1476)
"LeaseManager#LeaseMonitor" daemon prio=5 tid=322 timed_waiting
java.lang.Thread.State: TIMED_WAITING
        at java.base@21.0.5/jdk.internal.misc.Unsafe.park(Native Method)
        at java.base@21.0.5/java.util.concurrent.locks.LockSupport.parkNanos(LockSupport.java:269)
        at java.base@21.0.5/java.util.concurrent.locks.AbstractQueuedSynchronizer.acquire(AbstractQueuedSynchronizer.java:756)
        at java.base@21.0.5/java.util.concurrent.locks.AbstractQueuedSynchronizer.tryAcquireSharedNanos(AbstractQueuedSynchronizer.java:1126)
        at java.base@21.0.5/java.util.concurrent.Semaphore.tryAcquire(Semaphore.java:415)
        at app//org.apache.hadoop.ozone.lease.LeaseManager$LeaseMonitor.run(LeaseManager.java:284)
        at java.base@21.0.5/java.lang.Thread.runWith(Thread.java:1596)
        at java.base@21.0.5/java.lang.Thread.run(Thread.java:1583)
"fc60e07f-496f-42fe-ae82-620152583f87-DatanodeReportManager-2" daemon prio=5 tid=747 timed_waiting
java.lang.Thread.State: TIMED_WAITING
        at java.base@21.0.5/jdk.internal.misc.Unsafe.park(Native Method)
        at java.base@21.0.5/java.util.concurrent.locks.LockSupport.parkNanos(LockSupport.java:269)
        at java.base@21.0.5/java.util.concurrent.locks.AbstractQueuedSynchronizer$ConditionObject.awaitNanos(AbstractQueuedSynchronizer.java:1763)
        at java.base@21.0.5/java.util.concurrent.ScheduledThreadPoolExecutor$DelayedWorkQueue.take(ScheduledThreadPoolExecutor.java:1182)
        at java.base@21.0.5/java.util.concurrent.ScheduledThreadPoolExecutor$DelayedWorkQueue.take(ScheduledThreadPoolExecutor.java:899)
        at java.base@21.0.5/java.util.concurrent.ThreadPoolExecutor.getTask(ThreadPoolExecutor.java:1070)
        at java.base@21.0.5/java.util.concurrent.ThreadPoolExecutor.runWorker(ThreadPoolExecutor.java:1130)
        at java.base@21.0.5/java.util.concurrent.ThreadPoolExecutor$Worker.run(ThreadPoolExecutor.java:642)
        at java.base@21.0.5/java.lang.Thread.runWith(Thread.java:1596)
        at java.base@21.0.5/java.lang.Thread.run(Thread.java:1583)
"Hadoop-Metrics-Updater-0" daemon prio=5 tid=779 timed_waiting
java.lang.Thread.State: TIMED_WAITING
        at java.base@21.0.5/jdk.internal.misc.Unsafe.park(Native Method)
        at java.base@21.0.5/java.util.concurrent.locks.LockSupport.parkNanos(LockSupport.java:269)
        at java.base@21.0.5/java.util.concurrent.locks.AbstractQueuedSynchronizer$ConditionObject.awaitNanos(AbstractQueuedSynchronizer.java:1763)
        at java.base@21.0.5/java.util.concurrent.ScheduledThreadPoolExecutor$DelayedWorkQueue.take(ScheduledThreadPoolExecutor.java:1182)
        at java.base@21.0.5/java.util.concurrent.ScheduledThreadPoolExecutor$DelayedWorkQueue.take(ScheduledThreadPoolExecutor.java:899)
        at java.base@21.0.5/java.util.concurrent.ThreadPoolExecutor.getTask(ThreadPoolExecutor.java:1070)
        at java.base@21.0.5/java.util.concurrent.ThreadPoolExecutor.runWorker(ThreadPoolExecutor.java:1130)
        at java.base@21.0.5/java.util.concurrent.ThreadPoolExecutor$Worker.run(ThreadPoolExecutor.java:642)
        at java.base@21.0.5/java.lang.Thread.runWith(Thread.java:1596)
        at java.base@21.0.5/java.lang.Thread.run(Thread.java:1583)
"ac5cad44-c19c-4f65-867f-c0009d6f555c@group-D9B980D230C1-SegmentedRaftLogWorker"  prio=5 tid=1973 timed_waiting
java.lang.Thread.State: TIMED_WAITING
        at java.base@21.0.5/jdk.internal.misc.Unsafe.park(Native Method)
        at java.base@21.0.5/java.util.concurrent.locks.LockSupport.parkNanos(LockSupport.java:269)
        at java.base@21.0.5/java.util.concurrent.locks.AbstractQueuedSynchronizer$ConditionObject.awaitNanos(AbstractQueuedSynchronizer.java:1763)
        at app//org.apache.ratis.util.DataBlockingQueue.poll(DataBlockingQueue.java:148)
        at app//org.apache.ratis.server.raftlog.segmented.SegmentedRaftLogWorker.run(SegmentedRaftLogWorker.java:307)
        at app//org.apache.ratis.server.raftlog.segmented.SegmentedRaftLogWorker$$Lambda/0x00007fcfe03376d0.run(Unknown Source)
        at java.base@21.0.5/java.util.concurrent.Executors$RunnableAdapter.call(Executors.java:572)
        at java.base@21.0.5/java.util.concurrent.FutureTask.run(FutureTask.java:317)
        at java.base@21.0.5/java.util.concurrent.ThreadPoolExecutor.runWorker(ThreadPoolExecutor.java:1144)
        at java.base@21.0.5/java.util.concurrent.ThreadPoolExecutor$Worker.run(ThreadPoolExecutor.java:642)
        at java.base@21.0.5/java.lang.Thread.runWith(Thread.java:1596)
        at java.base@21.0.5/java.lang.Thread.run(Thread.java:1583)
"69390d8a-021c-44b7-9fe5-c9855a0c5aa1-DatanodeReportManager-0" daemon prio=5 tid=903 in Object.wait()
java.lang.Thread.State: WAITING (on object monitor)
        at java.base@21.0.5/jdk.internal.misc.Unsafe.park(Native Method)
        at java.base@21.0.5/java.util.concurrent.locks.LockSupport.park(LockSupport.java:371)
        at java.base@21.0.5/java.util.concurrent.locks.AbstractQueuedSynchronizer$ConditionNode.block(AbstractQueuedSynchronizer.java:519)
        at java.base@21.0.5/java.util.concurrent.ForkJoinPool.unmanagedBlock(ForkJoinPool.java:3780)
        at java.base@21.0.5/java.util.concurrent.ForkJoinPool.managedBlock(ForkJoinPool.java:3725)
        at java.base@21.0.5/java.util.concurrent.locks.AbstractQueuedSynchronizer$ConditionObject.await(AbstractQueuedSynchronizer.java:1712)
        at java.base@21.0.5/java.util.concurrent.ScheduledThreadPoolExecutor$DelayedWorkQueue.take(ScheduledThreadPoolExecutor.java:1177)
        at java.base@21.0.5/java.util.concurrent.ScheduledThreadPoolExecutor$DelayedWorkQueue.take(ScheduledThreadPoolExecutor.java:899)
        at java.base@21.0.5/java.util.concurrent.ThreadPoolExecutor.getTask(ThreadPoolExecutor.java:1070)
        at java.base@21.0.5/java.util.concurrent.ThreadPoolExecutor.runWorker(ThreadPoolExecutor.java:1130)
        at java.base@21.0.5/java.util.concurrent.ThreadPoolExecutor$Worker.run(ThreadPoolExecutor.java:642)
        at java.base@21.0.5/java.lang.Thread.runWith(Thread.java:1596)
        at java.base@21.0.5/java.lang.Thread.run(Thread.java:1583)
"fc60e07f-496f-42fe-ae82-620152583f87-ContainerOp-8ef3bc64-5854-4584-910e-a7184706d343-6"  prio=5 tid=1551 in Object.wait()
java.lang.Thread.State: WAITING (on object monitor)
        at java.base@21.0.5/jdk.internal.misc.Unsafe.park(Native Method)
        at java.base@21.0.5/java.util.concurrent.locks.LockSupport.park(LockSupport.java:371)
        at java.base@21.0.5/java.util.concurrent.locks.AbstractQueuedSynchronizer$ConditionNode.block(AbstractQueuedSynchronizer.java:519)
        at java.base@21.0.5/java.util.concurrent.ForkJoinPool.unmanagedBlock(ForkJoinPool.java:3780)
        at java.base@21.0.5/java.util.concurrent.ForkJoinPool.managedBlock(ForkJoinPool.java:3725)
        at java.base@21.0.5/java.util.concurrent.locks.AbstractQueuedSynchronizer$ConditionObject.await(AbstractQueuedSynchronizer.java:1712)
        at java.base@21.0.5/java.util.concurrent.LinkedBlockingQueue.take(LinkedBlockingQueue.java:435)
        at java.base@21.0.5/java.util.concurrent.ThreadPoolExecutor.getTask(ThreadPoolExecutor.java:1070)
        at java.base@21.0.5/java.util.concurrent.ThreadPoolExecutor.runWorker(ThreadPoolExecutor.java:1130)
        at java.base@21.0.5/java.util.concurrent.ThreadPoolExecutor$Worker.run(ThreadPoolExecutor.java:642)
        at java.base@21.0.5/java.lang.Thread.runWith(Thread.java:1596)
        at java.base@21.0.5/java.lang.Thread.run(Thread.java:1583)
"17963aff-71fe-4a8f-bd2e-c405ff93174f-DatanodeReportManager-3" daemon prio=5 tid=970 in Object.wait()
java.lang.Thread.State: WAITING (on object monitor)
        at java.base@21.0.5/jdk.internal.misc.Unsafe.park(Native Method)
        at java.base@21.0.5/java.util.concurrent.locks.LockSupport.park(LockSupport.java:371)
        at java.base@21.0.5/java.util.concurrent.locks.AbstractQueuedSynchronizer$ConditionNode.block(AbstractQueuedSynchronizer.java:519)
        at java.base@21.0.5/java.util.concurrent.ForkJoinPool.unmanagedBlock(ForkJoinPool.java:3780)
        at java.base@21.0.5/java.util.concurrent.ForkJoinPool.managedBlock(ForkJoinPool.java:3725)
        at java.base@21.0.5/java.util.concurrent.locks.AbstractQueuedSynchronizer$ConditionObject.await(AbstractQueuedSynchronizer.java:1712)
        at java.base@21.0.5/java.util.concurrent.ScheduledThreadPoolExecutor$DelayedWorkQueue.take(ScheduledThreadPoolExecutor.java:1177)
        at java.base@21.0.5/java.util.concurrent.ScheduledThreadPoolExecutor$DelayedWorkQueue.take(ScheduledThreadPoolExecutor.java:899)
        at java.base@21.0.5/java.util.concurrent.ThreadPoolExecutor.getTask(ThreadPoolExecutor.java:1070)
        at java.base@21.0.5/java.util.concurrent.ThreadPoolExecutor.runWorker(ThreadPoolExecutor.java:1130)
        at java.base@21.0.5/java.util.concurrent.ThreadPoolExecutor$Worker.run(ThreadPoolExecutor.java:642)
        at java.base@21.0.5/java.lang.Thread.runWith(Thread.java:1596)
        at java.base@21.0.5/java.lang.Thread.run(Thread.java:1583)
"IPC Server handler 46 on default port 15001" daemon prio=5 tid=267 timed_waiting
java.lang.Thread.State: TIMED_WAITING
        at java.base@21.0.5/jdk.internal.misc.Unsafe.park(Native Method)
        at java.base@21.0.5/java.util.concurrent.locks.LockSupport.parkNanos(LockSupport.java:269)
        at java.base@21.0.5/java.util.concurrent.locks.AbstractQueuedSynchronizer$ConditionObject.awaitNanos(AbstractQueuedSynchronizer.java:1763)
        at java.base@21.0.5/java.util.concurrent.LinkedBlockingQueue.poll(LinkedBlockingQueue.java:460)
        at app//org.apache.hadoop.ipc.CallQueueManager.take(CallQueueManager.java:370)
        at app//org.apache.hadoop.ipc.Server$Handler.run(Server.java:3165)
"IPC Server handler 8 on default port 15002" daemon prio=5 tid=347 timed_waiting
java.lang.Thread.State: TIMED_WAITING
        at java.base@21.0.5/jdk.internal.misc.Unsafe.park(Native Method)
        at java.base@21.0.5/java.util.concurrent.locks.LockSupport.parkNanos(LockSupport.java:269)
        at java.base@21.0.5/java.util.concurrent.locks.AbstractQueuedSynchronizer$ConditionObject.awaitNanos(AbstractQueuedSynchronizer.java:1763)
        at java.base@21.0.5/java.util.concurrent.LinkedBlockingQueue.poll(LinkedBlockingQueue.java:460)
        at app//org.apache.hadoop.ipc.CallQueueManager.take(CallQueueManager.java:370)
        at app//org.apache.hadoop.ipc.Server$Handler.run(Server.java:3165)
"69390d8a-021c-44b7-9fe5-c9855a0c5aa1@group-31157D531563-cacheEviction-AwaitToRun" daemon prio=5 tid=1322 in Object.wait()
java.lang.Thread.State: WAITING (on object monitor)
        at java.base@21.0.5/jdk.internal.misc.Unsafe.park(Native Method)
        at java.base@21.0.5/java.util.concurrent.locks.LockSupport.park(LockSupport.java:371)
        at java.base@21.0.5/java.util.concurrent.locks.AbstractQueuedSynchronizer$ConditionNode.block(AbstractQueuedSynchronizer.java:519)
        at java.base@21.0.5/java.util.concurrent.ForkJoinPool.unmanagedBlock(ForkJoinPool.java:3780)
        at java.base@21.0.5/java.util.concurrent.ForkJoinPool.managedBlock(ForkJoinPool.java:3725)
        at java.base@21.0.5/java.util.concurrent.locks.AbstractQueuedSynchronizer$ConditionObject.await(AbstractQueuedSynchronizer.java:1712)
        at app//org.apache.ratis.util.AwaitForSignal.await(AwaitForSignal.java:48)
        at app//org.apache.ratis.util.AwaitToRun$RunnableImpl.run(AwaitToRun.java:47)
        at java.base@21.0.5/java.lang.Thread.runWith(Thread.java:1596)
        at java.base@21.0.5/java.lang.Thread.run(Thread.java:1583)
"IPC Server handler 25 on default port 15000" daemon prio=5 tid=146 timed_waiting
java.lang.Thread.State: TIMED_WAITING
        at java.base@21.0.5/jdk.internal.misc.Unsafe.park(Native Method)
        at java.base@21.0.5/java.util.concurrent.locks.LockSupport.parkNanos(LockSupport.java:269)
        at java.base@21.0.5/java.util.concurrent.locks.AbstractQueuedSynchronizer$ConditionObject.awaitNanos(AbstractQueuedSynchronizer.java:1763)
        at java.base@21.0.5/java.util.concurrent.LinkedBlockingQueue.poll(LinkedBlockingQueue.java:460)
        at app//org.apache.hadoop.ipc.CallQueueManager.take(CallQueueManager.java:370)
        at app//org.apache.hadoop.ipc.Server$Handler.run(Server.java:3165)
"IPC Server handler 12 on default port 15002" daemon prio=5 tid=351 timed_waiting
java.lang.Thread.State: TIMED_WAITING
        at java.base@21.0.5/jdk.internal.misc.Unsafe.park(Native Method)
        at java.base@21.0.5/java.util.concurrent.locks.LockSupport.parkNanos(LockSupport.java:269)
        at java.base@21.0.5/java.util.concurrent.locks.AbstractQueuedSynchronizer$ConditionObject.awaitNanos(AbstractQueuedSynchronizer.java:1763)
        at java.base@21.0.5/java.util.concurrent.LinkedBlockingQueue.poll(LinkedBlockingQueue.java:460)
        at app//org.apache.hadoop.ipc.CallQueueManager.take(CallQueueManager.java:370)
        at app//org.apache.hadoop.ipc.Server$Handler.run(Server.java:3165)
"ForkJoinPool.commonPool-worker-1" daemon prio=5 tid=30 in Object.wait()
java.lang.Thread.State: WAITING (on object monitor)
        at java.base@21.0.5/jdk.internal.misc.Unsafe.park(Native Method)
        at java.base@21.0.5/java.util.concurrent.locks.LockSupport.park(LockSupport.java:371)
        at java.base@21.0.5/java.util.concurrent.ForkJoinPool.awaitWork(ForkJoinPool.java:1893)
        at java.base@21.0.5/java.util.concurrent.ForkJoinPool.runWorker(ForkJoinPool.java:1809)
        at java.base@21.0.5/java.util.concurrent.ForkJoinWorkerThread.run(ForkJoinWorkerThread.java:188)
"IPC Server handler 4 on default port 15084" daemon prio=5 tid=960 timed_waiting
java.lang.Thread.State: TIMED_WAITING
        at java.base@21.0.5/jdk.internal.misc.Unsafe.park(Native Method)
        at java.base@21.0.5/java.util.concurrent.locks.LockSupport.parkNanos(LockSupport.java:269)
        at java.base@21.0.5/java.util.concurrent.locks.AbstractQueuedSynchronizer$ConditionObject.awaitNanos(AbstractQueuedSynchronizer.java:1763)
        at java.base@21.0.5/java.util.concurrent.LinkedBlockingQueue.poll(LinkedBlockingQueue.java:460)
        at app//org.apache.hadoop.ipc.CallQueueManager.take(CallQueueManager.java:370)
        at app//org.apache.hadoop.ipc.Server$Handler.run(Server.java:3165)
"qtp957126305-917" daemon prio=5 tid=917 runnable
java.lang.Thread.State: RUNNABLE
        at java.base@21.0.5/sun.nio.ch.EPoll.wait(Native Method)
        at java.base@21.0.5/sun.nio.ch.EPollSelectorImpl.doSelect(EPollSelectorImpl.java:121)
        at java.base@21.0.5/sun.nio.ch.SelectorImpl.lockAndDoSelect(SelectorImpl.java:130)
        at java.base@21.0.5/sun.nio.ch.SelectorImpl.select(SelectorImpl.java:147)
        at app//org.eclipse.jetty.io.ManagedSelector.nioSelect(ManagedSelector.java:183)
        at app//org.eclipse.jetty.io.ManagedSelector.select(ManagedSelector.java:190)
        at app//org.eclipse.jetty.io.ManagedSelector$SelectorProducer.select(ManagedSelector.java:606)
        at app//org.eclipse.jetty.io.ManagedSelector$SelectorProducer.produce(ManagedSelector.java:543)
        at app//org.eclipse.jetty.util.thread.strategy.EatWhatYouKill.produceTask(EatWhatYouKill.java:362)
        at app//org.eclipse.jetty.util.thread.strategy.EatWhatYouKill.doProduce(EatWhatYouKill.java:186)
        at app//org.eclipse.jetty.util.thread.strategy.EatWhatYouKill.tryProduce(EatWhatYouKill.java:173)
        at app//org.eclipse.jetty.util.thread.strategy.EatWhatYouKill.produce(EatWhatYouKill.java:137)
        at app//org.eclipse.jetty.io.ManagedSelector$$Lambda/0x00007fcfe0662730.run(Unknown Source)
        at app//org.eclipse.jetty.util.thread.QueuedThreadPool.runJob(QueuedThreadPool.java:883)
        at app//org.eclipse.jetty.util.thread.QueuedThreadPool$Runner.run(QueuedThreadPool.java:1034)
        at java.base@21.0.5/java.lang.Thread.runWith(Thread.java:1596)
        at java.base@21.0.5/java.lang.Thread.run(Thread.java:1583)
"qtp119512187-1901" daemon prio=5 tid=1901 runnable
java.lang.Thread.State: RUNNABLE
        at java.base@21.0.5/sun.nio.ch.EPoll.wait(Native Method)
        at java.base@21.0.5/sun.nio.ch.EPollSelectorImpl.doSelect(EPollSelectorImpl.java:121)
        at java.base@21.0.5/sun.nio.ch.SelectorImpl.lockAndDoSelect(SelectorImpl.java:130)
        at java.base@21.0.5/sun.nio.ch.SelectorImpl.select(SelectorImpl.java:147)
        at app//org.eclipse.jetty.io.ManagedSelector.nioSelect(ManagedSelector.java:183)
        at app//org.eclipse.jetty.io.ManagedSelector.select(ManagedSelector.java:190)
        at app//org.eclipse.jetty.io.ManagedSelector$SelectorProducer.select(ManagedSelector.java:606)
        at app//org.eclipse.jetty.io.ManagedSelector$SelectorProducer.produce(ManagedSelector.java:543)
        at app//org.eclipse.jetty.util.thread.strategy.EatWhatYouKill.produceTask(EatWhatYouKill.java:362)
        at app//org.eclipse.jetty.util.thread.strategy.EatWhatYouKill.doProduce(EatWhatYouKill.java:186)
        at app//org.eclipse.jetty.util.thread.strategy.EatWhatYouKill.tryProduce(EatWhatYouKill.java:173)
        at app//org.eclipse.jetty.util.thread.strategy.EatWhatYouKill.produce(EatWhatYouKill.java:137)
        at app//org.eclipse.jetty.io.ManagedSelector$$Lambda/0x00007fcfe0662730.run(Unknown Source)
        at app//org.eclipse.jetty.util.thread.QueuedThreadPool.runJob(QueuedThreadPool.java:883)
        at app//org.eclipse.jetty.util.thread.QueuedThreadPool$Runner.run(QueuedThreadPool.java:1034)
        at java.base@21.0.5/java.lang.Thread.runWith(Thread.java:1596)
        at java.base@21.0.5/java.lang.Thread.run(Thread.java:1583)
"d1093f6a-6992-456d-ac47-966fa1bbc12e-CommandProcessorThread" daemon prio=5 tid=1938 timed_waiting
java.lang.Thread.State: TIMED_WAITING
        at java.base@21.0.5/java.lang.Thread.sleep0(Native Method)
        at java.base@21.0.5/java.lang.Thread.sleep(Thread.java:509)
        at app//org.apache.hadoop.ozone.container.common.statemachine.DatanodeStateMachine.lambda$initCommandHandlerThread$4(DatanodeStateMachine.java:670)
        at app//org.apache.hadoop.ozone.container.common.statemachine.DatanodeStateMachine$$Lambda/0x00007fcfe07d9b78.run(Unknown Source)
        at java.base@21.0.5/java.lang.Thread.runWith(Thread.java:1596)
        at java.base@21.0.5/java.lang.Thread.run(Thread.java:1583)
"91d0dafb-6cb7-42e5-b129-660fdc1902ba@group-B8383FC2DAB2-StateMachineUpdater" daemon prio=5 tid=1993 timed_waiting
java.lang.Thread.State: TIMED_WAITING
        at java.base@21.0.5/jdk.internal.misc.Unsafe.park(Native Method)
        at java.base@21.0.5/java.util.concurrent.locks.LockSupport.parkNanos(LockSupport.java:269)
        at java.base@21.0.5/java.util.concurrent.locks.AbstractQueuedSynchronizer$ConditionObject.await(AbstractQueuedSynchronizer.java:1852)
        at app//org.apache.ratis.util.AwaitForSignal.await(AwaitForSignal.java:65)
        at app//org.apache.ratis.server.impl.StateMachineUpdater.waitForCommit(StateMachineUpdater.java:219)
        at app//org.apache.ratis.server.impl.StateMachineUpdater.run(StateMachineUpdater.java:187)
        at java.base@21.0.5/java.lang.Thread.runWith(Thread.java:1596)
        at java.base@21.0.5/java.lang.Thread.run(Thread.java:1583)
"IPC Server handler 54 on default port 15001" daemon prio=5 tid=275 timed_waiting
java.lang.Thread.State: TIMED_WAITING
        at java.base@21.0.5/jdk.internal.misc.Unsafe.park(Native Method)
        at java.base@21.0.5/java.util.concurrent.locks.LockSupport.parkNanos(LockSupport.java:269)
        at java.base@21.0.5/java.util.concurrent.locks.AbstractQueuedSynchronizer$ConditionObject.awaitNanos(AbstractQueuedSynchronizer.java:1763)
        at java.base@21.0.5/java.util.concurrent.LinkedBlockingQueue.poll(LinkedBlockingQueue.java:460)
        at app//org.apache.hadoop.ipc.CallQueueManager.take(CallQueueManager.java:370)
        at app//org.apache.hadoop.ipc.Server$Handler.run(Server.java:3165)
"91d0dafb-6cb7-42e5-b129-660fdc1902ba@group-0394EB5B4624-SegmentedRaftLogWorker"  prio=5 tid=1342 timed_waiting
java.lang.Thread.State: TIMED_WAITING
        at java.base@21.0.5/jdk.internal.misc.Unsafe.park(Native Method)
        at java.base@21.0.5/java.util.concurrent.locks.LockSupport.parkNanos(LockSupport.java:269)
        at java.base@21.0.5/java.util.concurrent.locks.AbstractQueuedSynchronizer$ConditionObject.awaitNanos(AbstractQueuedSynchronizer.java:1763)
        at app//org.apache.ratis.util.DataBlockingQueue.poll(DataBlockingQueue.java:148)
        at app//org.apache.ratis.server.raftlog.segmented.SegmentedRaftLogWorker.run(SegmentedRaftLogWorker.java:307)
        at app//org.apache.ratis.server.raftlog.segmented.SegmentedRaftLogWorker$$Lambda/0x00007fcfe03376d0.run(Unknown Source)
        at java.base@21.0.5/java.util.concurrent.Executors$RunnableAdapter.call(Executors.java:572)
        at java.base@21.0.5/java.util.concurrent.FutureTask.run(FutureTask.java:317)
        at java.base@21.0.5/java.util.concurrent.ThreadPoolExecutor.runWorker(ThreadPoolExecutor.java:1144)
        at java.base@21.0.5/java.util.concurrent.ThreadPoolExecutor$Worker.run(ThreadPoolExecutor.java:642)
        at java.base@21.0.5/java.lang.Thread.runWith(Thread.java:1596)
        at java.base@21.0.5/java.lang.Thread.run(Thread.java:1583)
"a14cd1ab-7861-42f9-8639-15260a7193f0-PipelineCommandHandlerThread-0"  prio=5 tid=2224 in Object.wait()
java.lang.Thread.State: WAITING (on object monitor)
        at java.base@21.0.5/jdk.internal.misc.Unsafe.park(Native Method)
        at java.base@21.0.5/java.util.concurrent.locks.LockSupport.park(LockSupport.java:371)
        at java.base@21.0.5/java.util.concurrent.locks.AbstractQueuedSynchronizer$ConditionNode.block(AbstractQueuedSynchronizer.java:519)
        at java.base@21.0.5/java.util.concurrent.ForkJoinPool.unmanagedBlock(ForkJoinPool.java:3780)
        at java.base@21.0.5/java.util.concurrent.ForkJoinPool.managedBlock(ForkJoinPool.java:3725)
        at java.base@21.0.5/java.util.concurrent.locks.AbstractQueuedSynchronizer$ConditionObject.await(AbstractQueuedSynchronizer.java:1712)
        at java.base@21.0.5/java.util.concurrent.LinkedBlockingQueue.take(LinkedBlockingQueue.java:435)
        at java.base@21.0.5/java.util.concurrent.ThreadPoolExecutor.getTask(ThreadPoolExecutor.java:1070)
        at java.base@21.0.5/java.util.concurrent.ThreadPoolExecutor.runWorker(ThreadPoolExecutor.java:1130)
        at java.base@21.0.5/java.util.concurrent.ThreadPoolExecutor$Worker.run(ThreadPoolExecutor.java:642)
        at java.base@21.0.5/java.lang.Thread.runWith(Thread.java:1596)
        at java.base@21.0.5/java.lang.Thread.run(Thread.java:1583)
"IPC Server handler 49 on default port 15001" daemon prio=5 tid=270 timed_waiting
java.lang.Thread.State: TIMED_WAITING
        at java.base@21.0.5/jdk.internal.misc.Unsafe.park(Native Method)
        at java.base@21.0.5/java.util.concurrent.locks.LockSupport.parkNanos(LockSupport.java:269)
        at java.base@21.0.5/java.util.concurrent.locks.AbstractQueuedSynchronizer$ConditionObject.awaitNanos(AbstractQueuedSynchronizer.java:1763)
        at java.base@21.0.5/java.util.concurrent.LinkedBlockingQueue.poll(LinkedBlockingQueue.java:460)
        at app//org.apache.hadoop.ipc.CallQueueManager.take(CallQueueManager.java:370)
        at app//org.apache.hadoop.ipc.Server$Handler.run(Server.java:3165)
"ac5cad44-c19c-4f65-867f-c0009d6f555c@group-DEECD8B278EF-SegmentedRaftLogWorker"  prio=5 tid=2211 timed_waiting
java.lang.Thread.State: TIMED_WAITING
        at java.base@21.0.5/jdk.internal.misc.Unsafe.park(Native Method)
        at java.base@21.0.5/java.util.concurrent.locks.LockSupport.parkNanos(LockSupport.java:269)
        at java.base@21.0.5/java.util.concurrent.locks.AbstractQueuedSynchronizer$ConditionObject.awaitNanos(AbstractQueuedSynchronizer.java:1763)
        at app//org.apache.ratis.util.DataBlockingQueue.poll(DataBlockingQueue.java:148)
        at app//org.apache.ratis.server.raftlog.segmented.SegmentedRaftLogWorker.run(SegmentedRaftLogWorker.java:307)
        at app//org.apache.ratis.server.raftlog.segmented.SegmentedRaftLogWorker$$Lambda/0x00007fcfe03376d0.run(Unknown Source)
        at java.base@21.0.5/java.util.concurrent.Executors$RunnableAdapter.call(Executors.java:572)
        at java.base@21.0.5/java.util.concurrent.FutureTask.run(FutureTask.java:317)
        at java.base@21.0.5/java.util.concurrent.ThreadPoolExecutor.runWorker(ThreadPoolExecutor.java:1144)
        at java.base@21.0.5/java.util.concurrent.ThreadPoolExecutor$Worker.run(ThreadPoolExecutor.java:642)
        at java.base@21.0.5/java.lang.Thread.runWith(Thread.java:1596)
        at java.base@21.0.5/java.lang.Thread.run(Thread.java:1583)
"7c84fc52-fa7b-40d9-a19c-d4e4c83c5fa3@group-DC6777C4EFF8-StateMachineUpdater" daemon prio=5 tid=1199 timed_waiting
java.lang.Thread.State: TIMED_WAITING
        at java.base@21.0.5/jdk.internal.misc.Unsafe.park(Native Method)
        at java.base@21.0.5/java.util.concurrent.locks.LockSupport.parkNanos(LockSupport.java:269)
        at java.base@21.0.5/java.util.concurrent.locks.AbstractQueuedSynchronizer$ConditionObject.await(AbstractQueuedSynchronizer.java:1852)
        at app//org.apache.ratis.util.AwaitForSignal.await(AwaitForSignal.java:65)
        at app//org.apache.ratis.server.impl.StateMachineUpdater.waitForCommit(StateMachineUpdater.java:219)
        at app//org.apache.ratis.server.impl.StateMachineUpdater.run(StateMachineUpdater.java:187)
        at java.base@21.0.5/java.lang.Thread.runWith(Thread.java:1596)
        at java.base@21.0.5/java.lang.Thread.run(Thread.java:1583)
"Socket Reader #2 for port 15006"  prio=5 tid=451 runnable
java.lang.Thread.State: RUNNABLE
        at java.base@21.0.5/sun.nio.ch.EPoll.wait(Native Method)
        at java.base@21.0.5/sun.nio.ch.EPollSelectorImpl.doSelect(EPollSelectorImpl.java:121)
        at java.base@21.0.5/sun.nio.ch.SelectorImpl.lockAndDoSelect(SelectorImpl.java:130)
        at java.base@21.0.5/sun.nio.ch.SelectorImpl.select(SelectorImpl.java:147)
        at app//org.apache.hadoop.ipc.Server$Listener$Reader.doRunLoop(Server.java:1497)
        at app//org.apache.hadoop.ipc.Server$Listener$Reader.run(Server.java:1476)
"Socket Reader #7 for port 15084"  prio=5 tid=949 runnable
java.lang.Thread.State: RUNNABLE
        at java.base@21.0.5/sun.nio.ch.EPoll.wait(Native Method)
        at java.base@21.0.5/sun.nio.ch.EPollSelectorImpl.doSelect(EPollSelectorImpl.java:121)
        at java.base@21.0.5/sun.nio.ch.SelectorImpl.lockAndDoSelect(SelectorImpl.java:130)
        at java.base@21.0.5/sun.nio.ch.SelectorImpl.select(SelectorImpl.java:147)
        at app//org.apache.hadoop.ipc.Server$Listener$Reader.doRunLoop(Server.java:1497)
        at app//org.apache.hadoop.ipc.Server$Listener$Reader.run(Server.java:1476)
"IPC Server handler 8 on default port 15048" daemon prio=5 tid=742 timed_waiting
java.lang.Thread.State: TIMED_WAITING
        at java.base@21.0.5/jdk.internal.misc.Unsafe.park(Native Method)
        at java.base@21.0.5/java.util.concurrent.locks.LockSupport.parkNanos(LockSupport.java:269)
        at java.base@21.0.5/java.util.concurrent.locks.AbstractQueuedSynchronizer$ConditionObject.awaitNanos(AbstractQueuedSynchronizer.java:1763)
        at java.base@21.0.5/java.util.concurrent.LinkedBlockingQueue.poll(LinkedBlockingQueue.java:460)
        at app//org.apache.hadoop.ipc.CallQueueManager.take(CallQueueManager.java:370)
        at app//org.apache.hadoop.ipc.Server$Handler.run(Server.java:3165)
"Socket Reader #7 for port 15006"  prio=5 tid=456 runnable
java.lang.Thread.State: RUNNABLE
        at java.base@21.0.5/sun.nio.ch.EPoll.wait(Native Method)
        at java.base@21.0.5/sun.nio.ch.EPollSelectorImpl.doSelect(EPollSelectorImpl.java:121)
        at java.base@21.0.5/sun.nio.ch.SelectorImpl.lockAndDoSelect(SelectorImpl.java:130)
        at java.base@21.0.5/sun.nio.ch.SelectorImpl.select(SelectorImpl.java:147)
        at app//org.apache.hadoop.ipc.Server$Listener$Reader.doRunLoop(Server.java:1497)
        at app//org.apache.hadoop.ipc.Server$Listener$Reader.run(Server.java:1476)
"IPC Server handler 17 on default port 15000" daemon prio=5 tid=138 timed_waiting
java.lang.Thread.State: TIMED_WAITING
        at java.base@21.0.5/jdk.internal.misc.Unsafe.park(Native Method)
        at java.base@21.0.5/java.util.concurrent.locks.LockSupport.parkNanos(LockSupport.java:269)
        at java.base@21.0.5/java.util.concurrent.locks.AbstractQueuedSynchronizer$ConditionObject.awaitNanos(AbstractQueuedSynchronizer.java:1763)
        at java.base@21.0.5/java.util.concurrent.LinkedBlockingQueue.poll(LinkedBlockingQueue.java:460)
        at app//org.apache.hadoop.ipc.CallQueueManager.take(CallQueueManager.java:370)
        at app//org.apache.hadoop.ipc.Server$Handler.run(Server.java:3165)
"timer3" daemon prio=5 tid=1369 timed_waiting
java.lang.Thread.State: TIMED_WAITING
        at java.base@21.0.5/java.lang.Object.wait0(Native Method)
        at java.base@21.0.5/java.lang.Object.wait(Object.java:366)
        at java.base@21.0.5/java.util.TimerThread.mainLoop(Timer.java:563)
        at java.base@21.0.5/java.util.TimerThread.run(Timer.java:516)
"IPC Server handler 32 on default port 15001" daemon prio=5 tid=253 timed_waiting
java.lang.Thread.State: TIMED_WAITING
        at java.base@21.0.5/jdk.internal.misc.Unsafe.park(Native Method)
        at java.base@21.0.5/java.util.concurrent.locks.LockSupport.parkNanos(LockSupport.java:269)
        at java.base@21.0.5/java.util.concurrent.locks.AbstractQueuedSynchronizer$ConditionObject.awaitNanos(AbstractQueuedSynchronizer.java:1763)
        at java.base@21.0.5/java.util.concurrent.LinkedBlockingQueue.poll(LinkedBlockingQueue.java:460)
        at app//org.apache.hadoop.ipc.CallQueueManager.take(CallQueueManager.java:370)
        at app//org.apache.hadoop.ipc.Server$Handler.run(Server.java:3165)
"IPC Server handler 44 on default port 15002" daemon prio=5 tid=383 timed_waiting
java.lang.Thread.State: TIMED_WAITING
        at java.base@21.0.5/jdk.internal.misc.Unsafe.park(Native Method)
        at java.base@21.0.5/java.util.concurrent.locks.LockSupport.parkNanos(LockSupport.java:269)
        at java.base@21.0.5/java.util.concurrent.locks.AbstractQueuedSynchronizer$ConditionObject.awaitNanos(AbstractQueuedSynchronizer.java:1763)
        at java.base@21.0.5/java.util.concurrent.LinkedBlockingQueue.poll(LinkedBlockingQueue.java:460)
        at app//org.apache.hadoop.ipc.CallQueueManager.take(CallQueueManager.java:370)
        at app//org.apache.hadoop.ipc.Server$Handler.run(Server.java:3165)
"17963aff-71fe-4a8f-bd2e-c405ff93174f-ContainerOp-08c595dc-7439-4937-89ff-28d9fdbbc208-0"  prio=5 tid=1703 in Object.wait()
java.lang.Thread.State: WAITING (on object monitor)
        at java.base@21.0.5/jdk.internal.misc.Unsafe.park(Native Method)
        at java.base@21.0.5/java.util.concurrent.locks.LockSupport.park(LockSupport.java:371)
        at java.base@21.0.5/java.util.concurrent.locks.AbstractQueuedSynchronizer$ConditionNode.block(AbstractQueuedSynchronizer.java:519)
        at java.base@21.0.5/java.util.concurrent.ForkJoinPool.unmanagedBlock(ForkJoinPool.java:3780)
        at java.base@21.0.5/java.util.concurrent.ForkJoinPool.managedBlock(ForkJoinPool.java:3725)
        at java.base@21.0.5/java.util.concurrent.locks.AbstractQueuedSynchronizer$ConditionObject.await(AbstractQueuedSynchronizer.java:1712)
        at java.base@21.0.5/java.util.concurrent.LinkedBlockingQueue.take(LinkedBlockingQueue.java:435)
        at java.base@21.0.5/java.util.concurrent.ThreadPoolExecutor.getTask(ThreadPoolExecutor.java:1070)
        at java.base@21.0.5/java.util.concurrent.ThreadPoolExecutor.runWorker(ThreadPoolExecutor.java:1130)
        at java.base@21.0.5/java.util.concurrent.ThreadPoolExecutor$Worker.run(ThreadPoolExecutor.java:642)
        at java.base@21.0.5/java.lang.Thread.runWith(Thread.java:1596)
        at java.base@21.0.5/java.lang.Thread.run(Thread.java:1583)
"Timer for 'StorageContainerManager' metrics system" daemon prio=5 tid=120 timed_waiting
java.lang.Thread.State: TIMED_WAITING
        at java.base@21.0.5/java.lang.Object.wait0(Native Method)
        at java.base@21.0.5/java.lang.Object.wait(Object.java:366)
        at java.base@21.0.5/java.util.TimerThread.mainLoop(Timer.java:563)
        at java.base@21.0.5/java.util.TimerThread.run(Timer.java:516)
"Socket Reader #5 for port 15039"  prio=5 tid=2157 runnable
java.lang.Thread.State: RUNNABLE
        at java.base@21.0.5/sun.nio.ch.EPoll.wait(Native Method)
        at java.base@21.0.5/sun.nio.ch.EPollSelectorImpl.doSelect(EPollSelectorImpl.java:121)
        at java.base@21.0.5/sun.nio.ch.SelectorImpl.lockAndDoSelect(SelectorImpl.java:130)
        at java.base@21.0.5/sun.nio.ch.SelectorImpl.select(SelectorImpl.java:147)
        at app//org.apache.hadoop.ipc.Server$Listener$Reader.doRunLoop(Server.java:1497)
        at app//org.apache.hadoop.ipc.Server$Listener$Reader.run(Server.java:1476)
"fc60e07f-496f-42fe-ae82-620152583f87-client-thread2" daemon prio=5 tid=2091 timed_waiting
java.lang.Thread.State: TIMED_WAITING
        at java.base@21.0.5/jdk.internal.misc.Unsafe.park(Native Method)
        at java.base@21.0.5/java.util.concurrent.locks.LockSupport.parkNanos(LockSupport.java:410)
        at java.base@21.0.5/java.util.concurrent.LinkedTransferQueue$DualNode.await(LinkedTransferQueue.java:452)
        at java.base@21.0.5/java.util.concurrent.SynchronousQueue$Transferer.xferLifo(SynchronousQueue.java:194)
        at java.base@21.0.5/java.util.concurrent.SynchronousQueue.xfer(SynchronousQueue.java:235)
        at java.base@21.0.5/java.util.concurrent.SynchronousQueue.poll(SynchronousQueue.java:338)
        at java.base@21.0.5/java.util.concurrent.ThreadPoolExecutor.getTask(ThreadPoolExecutor.java:1069)
        at java.base@21.0.5/java.util.concurrent.ThreadPoolExecutor.runWorker(ThreadPoolExecutor.java:1130)
        at java.base@21.0.5/java.util.concurrent.ThreadPoolExecutor$Worker.run(ThreadPoolExecutor.java:642)
        at java.base@21.0.5/java.lang.Thread.runWith(Thread.java:1596)
        at java.base@21.0.5/java.lang.Thread.run(Thread.java:1583)
"grpc-default-worker-ELG-5-4" daemon prio=5 tid=1186 runnable
java.lang.Thread.State: RUNNABLE
        at app//org.apache.ratis.thirdparty.io.netty.channel.epoll.Native.epollWait0(Native Method)
        at app//org.apache.ratis.thirdparty.io.netty.channel.epoll.Native.epollWait(Native.java:193)
        at app//org.apache.ratis.thirdparty.io.netty.channel.epoll.EpollEventLoop.epollWait(EpollEventLoop.java:304)
        at app//org.apache.ratis.thirdparty.io.netty.channel.epoll.EpollEventLoop.run(EpollEventLoop.java:368)
        at app//org.apache.ratis.thirdparty.io.netty.util.concurrent.SingleThreadEventExecutor$4.run(SingleThreadEventExecutor.java:997)
        at app//org.apache.ratis.thirdparty.io.netty.util.internal.ThreadExecutorMap$2.run(ThreadExecutorMap.java:74)
        at app//org.apache.ratis.thirdparty.io.netty.util.concurrent.FastThreadLocalRunnable.run(FastThreadLocalRunnable.java:30)
        at java.base@21.0.5/java.lang.Thread.runWith(Thread.java:1596)
        at java.base@21.0.5/java.lang.Thread.run(Thread.java:1583)
"om1@group-C5BA1605619E-cacheEviction-AwaitToRun" daemon prio=5 tid=464 in Object.wait()
java.lang.Thread.State: WAITING (on object monitor)
        at java.base@21.0.5/jdk.internal.misc.Unsafe.park(Native Method)
        at java.base@21.0.5/java.util.concurrent.locks.LockSupport.park(LockSupport.java:371)
        at java.base@21.0.5/java.util.concurrent.locks.AbstractQueuedSynchronizer$ConditionNode.block(AbstractQueuedSynchronizer.java:519)
        at java.base@21.0.5/java.util.concurrent.ForkJoinPool.unmanagedBlock(ForkJoinPool.java:3780)
        at java.base@21.0.5/java.util.concurrent.ForkJoinPool.managedBlock(ForkJoinPool.java:3725)
        at java.base@21.0.5/java.util.concurrent.locks.AbstractQueuedSynchronizer$ConditionObject.await(AbstractQueuedSynchronizer.java:1712)
        at app//org.apache.ratis.util.AwaitForSignal.await(AwaitForSignal.java:48)
        at app//org.apache.ratis.util.AwaitToRun$RunnableImpl.run(AwaitToRun.java:47)
        at java.base@21.0.5/java.lang.Thread.runWith(Thread.java:1596)
        at java.base@21.0.5/java.lang.Thread.run(Thread.java:1583)
"Socket Reader #9 for port 15006"  prio=5 tid=458 runnable
java.lang.Thread.State: RUNNABLE
        at java.base@21.0.5/sun.nio.ch.EPoll.wait(Native Method)
        at java.base@21.0.5/sun.nio.ch.EPollSelectorImpl.doSelect(EPollSelectorImpl.java:121)
        at java.base@21.0.5/sun.nio.ch.SelectorImpl.lockAndDoSelect(SelectorImpl.java:130)
        at java.base@21.0.5/sun.nio.ch.SelectorImpl.select(SelectorImpl.java:147)
        at app//org.apache.hadoop.ipc.Server$Listener$Reader.doRunLoop(Server.java:1497)
        at app//org.apache.hadoop.ipc.Server$Listener$Reader.run(Server.java:1476)
"91d0dafb-6cb7-42e5-b129-660fdc1902ba-server-thread3" daemon prio=5 tid=2247 timed_waiting
java.lang.Thread.State: TIMED_WAITING
        at java.base@21.0.5/jdk.internal.misc.Unsafe.park(Native Method)
        at java.base@21.0.5/java.util.concurrent.locks.LockSupport.parkNanos(LockSupport.java:410)
        at java.base@21.0.5/java.util.concurrent.LinkedTransferQueue$DualNode.await(LinkedTransferQueue.java:452)
        at java.base@21.0.5/java.util.concurrent.SynchronousQueue$Transferer.xferLifo(SynchronousQueue.java:194)
        at java.base@21.0.5/java.util.concurrent.SynchronousQueue.xfer(SynchronousQueue.java:235)
        at java.base@21.0.5/java.util.concurrent.SynchronousQueue.poll(SynchronousQueue.java:338)
        at java.base@21.0.5/java.util.concurrent.ThreadPoolExecutor.getTask(ThreadPoolExecutor.java:1069)
        at java.base@21.0.5/java.util.concurrent.ThreadPoolExecutor.runWorker(ThreadPoolExecutor.java:1130)
        at java.base@21.0.5/java.util.concurrent.ThreadPoolExecutor$Worker.run(ThreadPoolExecutor.java:642)
        at java.base@21.0.5/java.lang.Thread.runWith(Thread.java:1596)
        at java.base@21.0.5/java.lang.Thread.run(Thread.java:1583)
"IPC Server handler 63 on default port 15001" daemon prio=5 tid=284 timed_waiting
java.lang.Thread.State: TIMED_WAITING
        at java.base@21.0.5/jdk.internal.misc.Unsafe.park(Native Method)
        at java.base@21.0.5/java.util.concurrent.locks.LockSupport.parkNanos(LockSupport.java:269)
        at java.base@21.0.5/java.util.concurrent.locks.AbstractQueuedSynchronizer$ConditionObject.awaitNanos(AbstractQueuedSynchronizer.java:1763)
        at java.base@21.0.5/java.util.concurrent.LinkedBlockingQueue.poll(LinkedBlockingQueue.java:460)
        at app//org.apache.hadoop.ipc.CallQueueManager.take(CallQueueManager.java:370)
        at app//org.apache.hadoop.ipc.Server$Handler.run(Server.java:3165)
"69390d8a-021c-44b7-9fe5-c9855a0c5aa1@group-31157D531563-SegmentedRaftLogWorker" daemon prio=5 tid=1323 timed_waiting
java.lang.Thread.State: TIMED_WAITING
        at java.base@21.0.5/jdk.internal.misc.Unsafe.park(Native Method)
        at java.base@21.0.5/java.util.concurrent.locks.LockSupport.parkNanos(LockSupport.java:269)
        at java.base@21.0.5/java.util.concurrent.locks.AbstractQueuedSynchronizer$ConditionObject.awaitNanos(AbstractQueuedSynchronizer.java:1763)
        at app//org.apache.ratis.util.DataBlockingQueue.poll(DataBlockingQueue.java:148)
        at app//org.apache.ratis.server.raftlog.segmented.SegmentedRaftLogWorker.run(SegmentedRaftLogWorker.java:307)
        at app//org.apache.ratis.server.raftlog.segmented.SegmentedRaftLogWorker$$Lambda/0x00007fcfe03376d0.run(Unknown Source)
        at java.base@21.0.5/java.util.concurrent.Executors$RunnableAdapter.call(Executors.java:572)
        at java.base@21.0.5/java.util.concurrent.FutureTask.run(FutureTask.java:317)
        at java.base@21.0.5/java.util.concurrent.ThreadPoolExecutor.runWorker(ThreadPoolExecutor.java:1144)
        at java.base@21.0.5/java.util.concurrent.ThreadPoolExecutor$Worker.run(ThreadPoolExecutor.java:642)
        at java.base@21.0.5/java.lang.Thread.runWith(Thread.java:1596)
        at java.base@21.0.5/java.lang.Thread.run(Thread.java:1583)
"Hadoop-Metrics-Updater-0" daemon prio=5 tid=74 timed_waiting
java.lang.Thread.State: TIMED_WAITING
        at java.base@21.0.5/jdk.internal.misc.Unsafe.park(Native Method)
        at java.base@21.0.5/java.util.concurrent.locks.LockSupport.parkNanos(LockSupport.java:269)
        at java.base@21.0.5/java.util.concurrent.locks.AbstractQueuedSynchronizer$ConditionObject.awaitNanos(AbstractQueuedSynchronizer.java:1763)
        at java.base@21.0.5/java.util.concurrent.ScheduledThreadPoolExecutor$DelayedWorkQueue.take(ScheduledThreadPoolExecutor.java:1182)
        at java.base@21.0.5/java.util.concurrent.ScheduledThreadPoolExecutor$DelayedWorkQueue.take(ScheduledThreadPoolExecutor.java:899)
        at java.base@21.0.5/java.util.concurrent.ThreadPoolExecutor.getTask(ThreadPoolExecutor.java:1070)
        at java.base@21.0.5/java.util.concurrent.ThreadPoolExecutor.runWorker(ThreadPoolExecutor.java:1130)
        at java.base@21.0.5/java.util.concurrent.ThreadPoolExecutor$Worker.run(ThreadPoolExecutor.java:642)
        at java.base@21.0.5/java.lang.Thread.runWith(Thread.java:1596)
        at java.base@21.0.5/java.lang.Thread.run(Thread.java:1583)
"Socket Reader #2 for port 15012"  prio=5 tid=536 runnable
java.lang.Thread.State: RUNNABLE
        at java.base@21.0.5/sun.nio.ch.EPoll.wait(Native Method)
        at java.base@21.0.5/sun.nio.ch.EPollSelectorImpl.doSelect(EPollSelectorImpl.java:121)
        at java.base@21.0.5/sun.nio.ch.SelectorImpl.lockAndDoSelect(SelectorImpl.java:130)
        at java.base@21.0.5/sun.nio.ch.SelectorImpl.select(SelectorImpl.java:147)
        at app//org.apache.hadoop.ipc.Server$Listener$Reader.doRunLoop(Server.java:1497)
        at app//org.apache.hadoop.ipc.Server$Listener$Reader.run(Server.java:1476)
"IPC Server handler 86 on default port 15000" daemon prio=5 tid=207 timed_waiting
java.lang.Thread.State: TIMED_WAITING
        at java.base@21.0.5/jdk.internal.misc.Unsafe.park(Native Method)
        at java.base@21.0.5/java.util.concurrent.locks.LockSupport.parkNanos(LockSupport.java:269)
        at java.base@21.0.5/java.util.concurrent.locks.AbstractQueuedSynchronizer$ConditionObject.awaitNanos(AbstractQueuedSynchronizer.java:1763)
        at java.base@21.0.5/java.util.concurrent.LinkedBlockingQueue.poll(LinkedBlockingQueue.java:460)
        at app//org.apache.hadoop.ipc.CallQueueManager.take(CallQueueManager.java:370)
        at app//org.apache.hadoop.ipc.Server$Handler.run(Server.java:3165)
"Socket Reader #6 for port 15012"  prio=5 tid=540 runnable
java.lang.Thread.State: RUNNABLE
        at java.base@21.0.5/sun.nio.ch.EPoll.wait(Native Method)
        at java.base@21.0.5/sun.nio.ch.EPollSelectorImpl.doSelect(EPollSelectorImpl.java:121)
        at java.base@21.0.5/sun.nio.ch.SelectorImpl.lockAndDoSelect(SelectorImpl.java:130)
        at java.base@21.0.5/sun.nio.ch.SelectorImpl.select(SelectorImpl.java:147)
        at app//org.apache.hadoop.ipc.Server$Listener$Reader.doRunLoop(Server.java:1497)
        at app//org.apache.hadoop.ipc.Server$Listener$Reader.run(Server.java:1476)
"17963aff-71fe-4a8f-bd2e-c405ff93174f-server-thread3" daemon prio=5 tid=1502 timed_waiting
java.lang.Thread.State: TIMED_WAITING
        at java.base@21.0.5/jdk.internal.misc.Unsafe.park(Native Method)
        at java.base@21.0.5/java.util.concurrent.locks.LockSupport.parkNanos(LockSupport.java:410)
        at java.base@21.0.5/java.util.concurrent.LinkedTransferQueue$DualNode.await(LinkedTransferQueue.java:452)
        at java.base@21.0.5/java.util.concurrent.SynchronousQueue$Transferer.xferLifo(SynchronousQueue.java:194)
        at java.base@21.0.5/java.util.concurrent.SynchronousQueue.xfer(SynchronousQueue.java:235)
        at java.base@21.0.5/java.util.concurrent.SynchronousQueue.poll(SynchronousQueue.java:338)
        at java.base@21.0.5/java.util.concurrent.ThreadPoolExecutor.getTask(ThreadPoolExecutor.java:1069)
        at java.base@21.0.5/java.util.concurrent.ThreadPoolExecutor.runWorker(ThreadPoolExecutor.java:1130)
        at java.base@21.0.5/java.util.concurrent.ThreadPoolExecutor$Worker.run(ThreadPoolExecutor.java:642)
        at java.base@21.0.5/java.lang.Thread.runWith(Thread.java:1596)
        at java.base@21.0.5/java.lang.Thread.run(Thread.java:1583)
"17963aff-71fe-4a8f-bd2e-c405ff93174f-ChunkWriter-1-0" daemon prio=5 tid=1143 in Object.wait()
java.lang.Thread.State: WAITING (on object monitor)
        at java.base@21.0.5/jdk.internal.misc.Unsafe.park(Native Method)
        at java.base@21.0.5/java.util.concurrent.locks.LockSupport.park(LockSupport.java:371)
        at java.base@21.0.5/java.util.concurrent.locks.AbstractQueuedSynchronizer$ConditionNode.block(AbstractQueuedSynchronizer.java:519)
        at java.base@21.0.5/java.util.concurrent.ForkJoinPool.unmanagedBlock(ForkJoinPool.java:3780)
        at java.base@21.0.5/java.util.concurrent.ForkJoinPool.managedBlock(ForkJoinPool.java:3725)
        at java.base@21.0.5/java.util.concurrent.locks.AbstractQueuedSynchronizer$ConditionObject.await(AbstractQueuedSynchronizer.java:1712)
        at java.base@21.0.5/java.util.concurrent.LinkedBlockingDeque.takeFirst(LinkedBlockingDeque.java:485)
        at java.base@21.0.5/java.util.concurrent.LinkedBlockingDeque.take(LinkedBlockingDeque.java:673)
        at java.base@21.0.5/java.util.concurrent.ThreadPoolExecutor.getTask(ThreadPoolExecutor.java:1070)
        at java.base@21.0.5/java.util.concurrent.ThreadPoolExecutor.runWorker(ThreadPoolExecutor.java:1130)
        at java.base@21.0.5/java.util.concurrent.ThreadPoolExecutor$Worker.run(ThreadPoolExecutor.java:642)
        at java.base@21.0.5/java.lang.Thread.runWith(Thread.java:1596)
        at java.base@21.0.5/java.lang.Thread.run(Thread.java:1583)
"Socket Reader #9 for port 15075"  prio=5 tid=887 runnable
java.lang.Thread.State: RUNNABLE
        at java.base@21.0.5/sun.nio.ch.EPoll.wait(Native Method)
        at java.base@21.0.5/sun.nio.ch.EPollSelectorImpl.doSelect(EPollSelectorImpl.java:121)
        at java.base@21.0.5/sun.nio.ch.SelectorImpl.lockAndDoSelect(SelectorImpl.java:130)
        at java.base@21.0.5/sun.nio.ch.SelectorImpl.select(SelectorImpl.java:147)
        at app//org.apache.hadoop.ipc.Server$Listener$Reader.doRunLoop(Server.java:1497)
        at app//org.apache.hadoop.ipc.Server$Listener$Reader.run(Server.java:1476)
"timer5" daemon prio=5 tid=1384 timed_waiting
java.lang.Thread.State: TIMED_WAITING
        at java.base@21.0.5/java.lang.Object.wait0(Native Method)
        at java.base@21.0.5/java.lang.Object.wait(Object.java:366)
        at java.base@21.0.5/java.util.TimerThread.mainLoop(Timer.java:563)
        at java.base@21.0.5/java.util.TimerThread.run(Timer.java:516)
"IPC Server idle connection scanner for port 15002" daemon prio=5 tid=72 timed_waiting
java.lang.Thread.State: TIMED_WAITING
        at java.base@21.0.5/java.lang.Object.wait0(Native Method)
        at java.base@21.0.5/java.lang.Object.wait(Object.java:366)
        at java.base@21.0.5/java.util.TimerThread.mainLoop(Timer.java:563)
        at java.base@21.0.5/java.util.TimerThread.run(Timer.java:516)
"IPC Server handler 66 on default port 15002" daemon prio=5 tid=405 timed_waiting
java.lang.Thread.State: TIMED_WAITING
        at java.base@21.0.5/jdk.internal.misc.Unsafe.park(Native Method)
        at java.base@21.0.5/java.util.concurrent.locks.LockSupport.parkNanos(LockSupport.java:269)
        at java.base@21.0.5/java.util.concurrent.locks.AbstractQueuedSynchronizer$ConditionObject.awaitNanos(AbstractQueuedSynchronizer.java:1763)
        at java.base@21.0.5/java.util.concurrent.LinkedBlockingQueue.poll(LinkedBlockingQueue.java:460)
        at app//org.apache.hadoop.ipc.CallQueueManager.take(CallQueueManager.java:370)
        at app//org.apache.hadoop.ipc.Server$Handler.run(Server.java:3165)
"IPC Server handler 1 on default port 15075" daemon prio=5 tid=893 timed_waiting
java.lang.Thread.State: TIMED_WAITING
        at java.base@21.0.5/jdk.internal.misc.Unsafe.park(Native Method)
        at java.base@21.0.5/java.util.concurrent.locks.LockSupport.parkNanos(LockSupport.java:269)
        at java.base@21.0.5/java.util.concurrent.locks.AbstractQueuedSynchronizer$ConditionObject.awaitNanos(AbstractQueuedSynchronizer.java:1763)
        at java.base@21.0.5/java.util.concurrent.LinkedBlockingQueue.poll(LinkedBlockingQueue.java:460)
        at app//org.apache.hadoop.ipc.CallQueueManager.take(CallQueueManager.java:370)
        at app//org.apache.hadoop.ipc.Server$Handler.run(Server.java:3165)
"StaleRecoveringContainerScrubbingService#1" daemon prio=5 tid=2204 in Object.wait()
java.lang.Thread.State: WAITING (on object monitor)
        at java.base@21.0.5/jdk.internal.misc.Unsafe.park(Native Method)
        at java.base@21.0.5/java.util.concurrent.locks.LockSupport.park(LockSupport.java:371)
        at java.base@21.0.5/java.util.concurrent.locks.AbstractQueuedSynchronizer$ConditionNode.block(AbstractQueuedSynchronizer.java:519)
        at java.base@21.0.5/java.util.concurrent.ForkJoinPool.unmanagedBlock(ForkJoinPool.java:3780)
        at java.base@21.0.5/java.util.concurrent.ForkJoinPool.managedBlock(ForkJoinPool.java:3725)
        at java.base@21.0.5/java.util.concurrent.locks.AbstractQueuedSynchronizer$ConditionObject.await(AbstractQueuedSynchronizer.java:1712)
        at java.base@21.0.5/java.util.concurrent.ScheduledThreadPoolExecutor$DelayedWorkQueue.take(ScheduledThreadPoolExecutor.java:1177)
        at java.base@21.0.5/java.util.concurrent.ScheduledThreadPoolExecutor$DelayedWorkQueue.take(ScheduledThreadPoolExecutor.java:899)
        at java.base@21.0.5/java.util.concurrent.ThreadPoolExecutor.getTask(ThreadPoolExecutor.java:1070)
        at java.base@21.0.5/java.util.concurrent.ThreadPoolExecutor.runWorker(ThreadPoolExecutor.java:1130)
        at java.base@21.0.5/java.util.concurrent.ThreadPoolExecutor$Worker.run(ThreadPoolExecutor.java:642)
        at java.base@21.0.5/java.lang.Thread.runWith(Thread.java:1596)
        at java.base@21.0.5/java.lang.Thread.run(Thread.java:1583)
"9c1aee78-f037-4e17-b985-0daab5eaf154-ChunkWriter-1-0" daemon prio=5 tid=1100 in Object.wait()
java.lang.Thread.State: WAITING (on object monitor)
        at java.base@21.0.5/jdk.internal.misc.Unsafe.park(Native Method)
        at java.base@21.0.5/java.util.concurrent.locks.LockSupport.park(LockSupport.java:371)
        at java.base@21.0.5/java.util.concurrent.locks.AbstractQueuedSynchronizer$ConditionNode.block(AbstractQueuedSynchronizer.java:519)
        at java.base@21.0.5/java.util.concurrent.ForkJoinPool.unmanagedBlock(ForkJoinPool.java:3780)
        at java.base@21.0.5/java.util.concurrent.ForkJoinPool.managedBlock(ForkJoinPool.java:3725)
        at java.base@21.0.5/java.util.concurrent.locks.AbstractQueuedSynchronizer$ConditionObject.await(AbstractQueuedSynchronizer.java:1712)
        at java.base@21.0.5/java.util.concurrent.LinkedBlockingDeque.takeFirst(LinkedBlockingDeque.java:485)
        at java.base@21.0.5/java.util.concurrent.LinkedBlockingDeque.take(LinkedBlockingDeque.java:673)
        at java.base@21.0.5/java.util.concurrent.ThreadPoolExecutor.getTask(ThreadPoolExecutor.java:1070)
        at java.base@21.0.5/java.util.concurrent.ThreadPoolExecutor.runWorker(ThreadPoolExecutor.java:1130)
        at java.base@21.0.5/java.util.concurrent.ThreadPoolExecutor$Worker.run(ThreadPoolExecutor.java:642)
        at java.base@21.0.5/java.lang.Thread.runWith(Thread.java:1596)
        at java.base@21.0.5/java.lang.Thread.run(Thread.java:1583)
"d1093f6a-6992-456d-ac47-966fa1bbc12e@group-D9B980D230C1->7c84fc52-fa7b-40d9-a19c-d4e4c83c5fa3-GrpcLogAppender-LogAppenderDaemon" daemon prio=5 tid=2030 timed_waiting
java.lang.Thread.State: TIMED_WAITING
        at java.base@21.0.5/jdk.internal.misc.Unsafe.park(Native Method)
        at java.base@21.0.5/java.util.concurrent.locks.LockSupport.parkNanos(LockSupport.java:269)
        at java.base@21.0.5/java.util.concurrent.locks.AbstractQueuedSynchronizer$ConditionObject.await(AbstractQueuedSynchronizer.java:1852)
        at app//org.apache.ratis.util.AwaitForSignal.await(AwaitForSignal.java:65)
        at app//org.apache.ratis.grpc.server.GrpcLogAppender.mayWait(GrpcLogAppender.java:290)
        at app//org.apache.ratis.grpc.server.GrpcLogAppender.run(GrpcLogAppender.java:258)
        at app//org.apache.ratis.server.leader.LogAppenderDaemon.run(LogAppenderDaemon.java:80)
        at app//org.apache.ratis.server.leader.LogAppenderDaemon$$Lambda/0x00007fcfe093e000.run(Unknown Source)
        at java.base@21.0.5/java.lang.Thread.runWith(Thread.java:1596)
        at java.base@21.0.5/java.lang.Thread.run(Thread.java:1583)
"IPC Server handler 98 on default port 15001" daemon prio=5 tid=319 timed_waiting
java.lang.Thread.State: TIMED_WAITING
        at java.base@21.0.5/jdk.internal.misc.Unsafe.park(Native Method)
        at java.base@21.0.5/java.util.concurrent.locks.LockSupport.parkNanos(LockSupport.java:269)
        at java.base@21.0.5/java.util.concurrent.locks.AbstractQueuedSynchronizer$ConditionObject.awaitNanos(AbstractQueuedSynchronizer.java:1763)
        at java.base@21.0.5/java.util.concurrent.LinkedBlockingQueue.poll(LinkedBlockingQueue.java:460)
        at app//org.apache.hadoop.ipc.CallQueueManager.take(CallQueueManager.java:370)
        at app//org.apache.hadoop.ipc.Server$Handler.run(Server.java:3165)
"IPC Server handler 6 on default port 15093" daemon prio=5 tid=1026 timed_waiting
java.lang.Thread.State: TIMED_WAITING
        at java.base@21.0.5/jdk.internal.misc.Unsafe.park(Native Method)
        at java.base@21.0.5/java.util.concurrent.locks.LockSupport.parkNanos(LockSupport.java:269)
        at java.base@21.0.5/java.util.concurrent.locks.AbstractQueuedSynchronizer$ConditionObject.awaitNanos(AbstractQueuedSynchronizer.java:1763)
        at java.base@21.0.5/java.util.concurrent.LinkedBlockingQueue.poll(LinkedBlockingQueue.java:460)
        at app//org.apache.hadoop.ipc.CallQueueManager.take(CallQueueManager.java:370)
        at app//org.apache.hadoop.ipc.Server$Handler.run(Server.java:3165)
"grpc-default-executor-3" daemon prio=5 tid=1392 timed_waiting
java.lang.Thread.State: TIMED_WAITING
        at java.base@21.0.5/jdk.internal.misc.Unsafe.park(Native Method)
        at java.base@21.0.5/java.util.concurrent.locks.LockSupport.parkNanos(LockSupport.java:410)
        at java.base@21.0.5/java.util.concurrent.LinkedTransferQueue$DualNode.await(LinkedTransferQueue.java:452)
        at java.base@21.0.5/java.util.concurrent.SynchronousQueue$Transferer.xferLifo(SynchronousQueue.java:194)
        at java.base@21.0.5/java.util.concurrent.SynchronousQueue.xfer(SynchronousQueue.java:235)
        at java.base@21.0.5/java.util.concurrent.SynchronousQueue.poll(SynchronousQueue.java:338)
        at java.base@21.0.5/java.util.concurrent.ThreadPoolExecutor.getTask(ThreadPoolExecutor.java:1069)
        at java.base@21.0.5/java.util.concurrent.ThreadPoolExecutor.runWorker(ThreadPoolExecutor.java:1130)
        at java.base@21.0.5/java.util.concurrent.ThreadPoolExecutor$Worker.run(ThreadPoolExecutor.java:642)
        at java.base@21.0.5/java.lang.Thread.runWith(Thread.java:1596)
        at java.base@21.0.5/java.lang.Thread.run(Thread.java:1583)
"91d0dafb-6cb7-42e5-b129-660fdc1902ba-BlockDeletingService#3" daemon prio=5 tid=2133 in Object.wait()
java.lang.Thread.State: WAITING (on object monitor)
        at java.base@21.0.5/jdk.internal.misc.Unsafe.park(Native Method)
        at java.base@21.0.5/java.util.concurrent.locks.LockSupport.park(LockSupport.java:371)
        at java.base@21.0.5/java.util.concurrent.locks.AbstractQueuedSynchronizer$ConditionNode.block(AbstractQueuedSynchronizer.java:519)
        at java.base@21.0.5/java.util.concurrent.ForkJoinPool.unmanagedBlock(ForkJoinPool.java:3780)
        at java.base@21.0.5/java.util.concurrent.ForkJoinPool.managedBlock(ForkJoinPool.java:3725)
        at java.base@21.0.5/java.util.concurrent.locks.AbstractQueuedSynchronizer$ConditionObject.await(AbstractQueuedSynchronizer.java:1712)
        at java.base@21.0.5/java.util.concurrent.ScheduledThreadPoolExecutor$DelayedWorkQueue.take(ScheduledThreadPoolExecutor.java:1177)
        at java.base@21.0.5/java.util.concurrent.ScheduledThreadPoolExecutor$DelayedWorkQueue.take(ScheduledThreadPoolExecutor.java:899)
        at java.base@21.0.5/java.util.concurrent.ThreadPoolExecutor.getTask(ThreadPoolExecutor.java:1070)
        at java.base@21.0.5/java.util.concurrent.ThreadPoolExecutor.runWorker(ThreadPoolExecutor.java:1130)
        at java.base@21.0.5/java.util.concurrent.ThreadPoolExecutor$Worker.run(ThreadPoolExecutor.java:642)
        at java.base@21.0.5/java.lang.Thread.runWith(Thread.java:1596)
        at java.base@21.0.5/java.lang.Thread.run(Thread.java:1583)
"IPC Server handler 35 on default port 15000" daemon prio=5 tid=156 timed_waiting
java.lang.Thread.State: TIMED_WAITING
        at java.base@21.0.5/jdk.internal.misc.Unsafe.park(Native Method)
        at java.base@21.0.5/java.util.concurrent.locks.LockSupport.parkNanos(LockSupport.java:269)
        at java.base@21.0.5/java.util.concurrent.locks.AbstractQueuedSynchronizer$ConditionObject.awaitNanos(AbstractQueuedSynchronizer.java:1763)
        at java.base@21.0.5/java.util.concurrent.LinkedBlockingQueue.poll(LinkedBlockingQueue.java:460)
        at app//org.apache.hadoop.ipc.CallQueueManager.take(CallQueueManager.java:370)
        at app//org.apache.hadoop.ipc.Server$Handler.run(Server.java:3165)
"69390d8a-021c-44b7-9fe5-c9855a0c5aa1-RocksDBCompactionThread-0"  prio=5 tid=844 timed_waiting
java.lang.Thread.State: TIMED_WAITING
        at java.base@21.0.5/jdk.internal.misc.Unsafe.park(Native Method)
        at java.base@21.0.5/java.util.concurrent.locks.LockSupport.parkNanos(LockSupport.java:269)
        at java.base@21.0.5/java.util.concurrent.locks.AbstractQueuedSynchronizer$ConditionObject.awaitNanos(AbstractQueuedSynchronizer.java:1763)
        at java.base@21.0.5/java.util.concurrent.ScheduledThreadPoolExecutor$DelayedWorkQueue.take(ScheduledThreadPoolExecutor.java:1182)
        at java.base@21.0.5/java.util.concurrent.ScheduledThreadPoolExecutor$DelayedWorkQueue.take(ScheduledThreadPoolExecutor.java:899)
        at java.base@21.0.5/java.util.concurrent.ThreadPoolExecutor.getTask(ThreadPoolExecutor.java:1070)
        at java.base@21.0.5/java.util.concurrent.ThreadPoolExecutor.runWorker(ThreadPoolExecutor.java:1130)
        at java.base@21.0.5/java.util.concurrent.ThreadPoolExecutor$Worker.run(ThreadPoolExecutor.java:642)
        at java.base@21.0.5/java.lang.Thread.runWith(Thread.java:1596)
        at java.base@21.0.5/java.lang.Thread.run(Thread.java:1583)
"IPC Server handler 10 on default port 15006" daemon prio=5 tid=508 timed_waiting
java.lang.Thread.State: TIMED_WAITING
        at java.base@21.0.5/jdk.internal.misc.Unsafe.park(Native Method)
        at java.base@21.0.5/java.util.concurrent.locks.LockSupport.parkNanos(LockSupport.java:269)
        at java.base@21.0.5/java.util.concurrent.locks.AbstractQueuedSynchronizer$ConditionObject.awaitNanos(AbstractQueuedSynchronizer.java:1763)
        at java.base@21.0.5/java.util.concurrent.LinkedBlockingQueue.poll(LinkedBlockingQueue.java:460)
        at app//org.apache.hadoop.ipc.CallQueueManager.take(CallQueueManager.java:370)
        at app//org.apache.hadoop.ipc.Server$Handler.run(Server.java:3165)
"LeakDetector-OzoneClientObject1" daemon prio=5 tid=1397 in Object.wait()
java.lang.Thread.State: WAITING (on object monitor)
        at java.base@21.0.5/jdk.internal.misc.Unsafe.park(Native Method)
        at java.base@21.0.5/java.util.concurrent.locks.LockSupport.park(LockSupport.java:371)
        at java.base@21.0.5/java.util.concurrent.locks.AbstractQueuedSynchronizer$ConditionNode.block(AbstractQueuedSynchronizer.java:519)
        at java.base@21.0.5/java.util.concurrent.ForkJoinPool.unmanagedBlock(ForkJoinPool.java:3780)
        at java.base@21.0.5/java.util.concurrent.ForkJoinPool.managedBlock(ForkJoinPool.java:3725)
        at java.base@21.0.5/java.util.concurrent.locks.AbstractQueuedSynchronizer$ConditionObject.await(AbstractQueuedSynchronizer.java:1712)
        at java.base@21.0.5/java.lang.ref.ReferenceQueue.await(ReferenceQueue.java:67)
        at java.base@21.0.5/java.lang.ref.ReferenceQueue.remove0(ReferenceQueue.java:158)
        at java.base@21.0.5/java.lang.ref.ReferenceQueue.remove(ReferenceQueue.java:234)
        at app//org.apache.hadoop.hdds.utils.LeakDetector.run(LeakDetector.java:81)
        at app//org.apache.hadoop.hdds.utils.LeakDetector$$Lambda/0x00007fcfe041be50.run(Unknown Source)
        at java.base@21.0.5/java.lang.Thread.runWith(Thread.java:1596)
        at java.base@21.0.5/java.lang.Thread.run(Thread.java:1583)
"Socket Reader #10 for port 15093"  prio=5 tid=1016 runnable
java.lang.Thread.State: RUNNABLE
        at java.base@21.0.5/sun.nio.ch.EPoll.wait(Native Method)
        at java.base@21.0.5/sun.nio.ch.EPollSelectorImpl.doSelect(EPollSelectorImpl.java:121)
        at java.base@21.0.5/sun.nio.ch.SelectorImpl.lockAndDoSelect(SelectorImpl.java:130)
        at java.base@21.0.5/sun.nio.ch.SelectorImpl.select(SelectorImpl.java:147)
        at app//org.apache.hadoop.ipc.Server$Listener$Reader.doRunLoop(Server.java:1497)
        at app//org.apache.hadoop.ipc.Server$Listener$Reader.run(Server.java:1476)
"fc60e07f-496f-42fe-ae82-620152583f87-CommandProcessorThread" daemon prio=5 tid=749 timed_waiting
java.lang.Thread.State: TIMED_WAITING
        at java.base@21.0.5/java.lang.Thread.sleep0(Native Method)
        at java.base@21.0.5/java.lang.Thread.sleep(Thread.java:509)
        at app//org.apache.hadoop.ozone.container.common.statemachine.DatanodeStateMachine.lambda$initCommandHandlerThread$4(DatanodeStateMachine.java:670)
        at app//org.apache.hadoop.ozone.container.common.statemachine.DatanodeStateMachine$$Lambda/0x00007fcfe07d9b78.run(Unknown Source)
        at java.base@21.0.5/java.lang.Thread.runWith(Thread.java:1596)
        at java.base@21.0.5/java.lang.Thread.run(Thread.java:1583)
"84b435bb-d41b-4758-bf48-ce9052c81d4a-DatanodeStateMachineTaskThread-1"  prio=5 tid=1073 in Object.wait()
java.lang.Thread.State: WAITING (on object monitor)
        at java.base@21.0.5/jdk.internal.misc.Unsafe.park(Native Method)
        at java.base@21.0.5/java.util.concurrent.locks.LockSupport.park(LockSupport.java:371)
        at java.base@21.0.5/java.util.concurrent.locks.AbstractQueuedSynchronizer$ConditionNode.block(AbstractQueuedSynchronizer.java:519)
        at java.base@21.0.5/java.util.concurrent.ForkJoinPool.unmanagedBlock(ForkJoinPool.java:3780)
        at java.base@21.0.5/java.util.concurrent.ForkJoinPool.managedBlock(ForkJoinPool.java:3725)
        at java.base@21.0.5/java.util.concurrent.locks.AbstractQueuedSynchronizer$ConditionObject.await(AbstractQueuedSynchronizer.java:1712)
        at java.base@21.0.5/java.util.concurrent.LinkedBlockingQueue.take(LinkedBlockingQueue.java:435)
        at java.base@21.0.5/java.util.concurrent.ThreadPoolExecutor.getTask(ThreadPoolExecutor.java:1070)
        at java.base@21.0.5/java.util.concurrent.ThreadPoolExecutor.runWorker(ThreadPoolExecutor.java:1130)
        at java.base@21.0.5/java.util.concurrent.ThreadPoolExecutor$Worker.run(ThreadPoolExecutor.java:642)
        at java.base@21.0.5/java.lang.Thread.runWith(Thread.java:1596)
        at java.base@21.0.5/java.lang.Thread.run(Thread.java:1583)
"qtp1997197808-808" daemon prio=5 tid=808 timed_waiting
java.lang.Thread.State: TIMED_WAITING
        at java.base@21.0.5/jdk.internal.misc.Unsafe.park(Native Method)
        at java.base@21.0.5/java.util.concurrent.locks.LockSupport.parkNanos(LockSupport.java:269)
        at java.base@21.0.5/java.util.concurrent.locks.AbstractQueuedSynchronizer$ConditionObject.awaitNanos(AbstractQueuedSynchronizer.java:1763)
        at app//org.eclipse.jetty.util.BlockingArrayQueue.poll(BlockingArrayQueue.java:382)
        at app//org.eclipse.jetty.util.thread.QueuedThreadPool$Runner.idleJobPoll(QueuedThreadPool.java:974)
        at app//org.eclipse.jetty.util.thread.QueuedThreadPool$Runner.run(QueuedThreadPool.java:1018)
        at java.base@21.0.5/java.lang.Thread.runWith(Thread.java:1596)
        at java.base@21.0.5/java.lang.Thread.run(Thread.java:1583)
"pool-92-thread-1" daemon prio=5 tid=929 timed_waiting
java.lang.Thread.State: TIMED_WAITING
        at java.base@21.0.5/jdk.internal.misc.Unsafe.park(Native Method)
        at java.base@21.0.5/java.util.concurrent.locks.LockSupport.parkNanos(LockSupport.java:269)
        at java.base@21.0.5/java.util.concurrent.locks.AbstractQueuedSynchronizer$ConditionObject.awaitNanos(AbstractQueuedSynchronizer.java:1763)
        at java.base@21.0.5/java.util.concurrent.ScheduledThreadPoolExecutor$DelayedWorkQueue.take(ScheduledThreadPoolExecutor.java:1182)
        at java.base@21.0.5/java.util.concurrent.ScheduledThreadPoolExecutor$DelayedWorkQueue.take(ScheduledThreadPoolExecutor.java:899)
        at java.base@21.0.5/java.util.concurrent.ThreadPoolExecutor.getTask(ThreadPoolExecutor.java:1070)
        at java.base@21.0.5/java.util.concurrent.ThreadPoolExecutor.runWorker(ThreadPoolExecutor.java:1130)
        at java.base@21.0.5/java.util.concurrent.ThreadPoolExecutor$Worker.run(ThreadPoolExecutor.java:642)
        at java.base@21.0.5/java.lang.Thread.runWith(Thread.java:1596)
        at java.base@21.0.5/java.lang.Thread.run(Thread.java:1583)
"qtp223830602-493" daemon prio=5 tid=493 timed_waiting
java.lang.Thread.State: TIMED_WAITING
        at java.base@21.0.5/jdk.internal.misc.Unsafe.park(Native Method)
        at java.base@21.0.5/java.util.concurrent.locks.LockSupport.parkNanos(LockSupport.java:269)
        at java.base@21.0.5/java.util.concurrent.locks.AbstractQueuedSynchronizer$ConditionObject.awaitNanos(AbstractQueuedSynchronizer.java:1763)
        at app//org.eclipse.jetty.util.BlockingArrayQueue.poll(BlockingArrayQueue.java:382)
        at app//org.eclipse.jetty.util.thread.QueuedThreadPool$Runner.idleJobPoll(QueuedThreadPool.java:974)
        at app//org.eclipse.jetty.util.thread.QueuedThreadPool$Runner.run(QueuedThreadPool.java:1018)
        at java.base@21.0.5/java.lang.Thread.runWith(Thread.java:1596)
        at java.base@21.0.5/java.lang.Thread.run(Thread.java:1583)
"IPC Server handler 61 on default port 15002" daemon prio=5 tid=400 timed_waiting
java.lang.Thread.State: TIMED_WAITING
        at java.base@21.0.5/jdk.internal.misc.Unsafe.park(Native Method)
        at java.base@21.0.5/java.util.concurrent.locks.LockSupport.parkNanos(LockSupport.java:269)
        at java.base@21.0.5/java.util.concurrent.locks.AbstractQueuedSynchronizer$ConditionObject.awaitNanos(AbstractQueuedSynchronizer.java:1763)
        at java.base@21.0.5/java.util.concurrent.LinkedBlockingQueue.poll(LinkedBlockingQueue.java:460)
        at app//org.apache.hadoop.ipc.CallQueueManager.take(CallQueueManager.java:370)
        at app//org.apache.hadoop.ipc.Server$Handler.run(Server.java:3165)
"org.apache.hadoop.ozone.container.common.statemachine.commandhandler.DeleteBlocksCommandHandler$DeleteCmdWorker@710f4a91" daemon prio=5 tid=801 timed_waiting
java.lang.Thread.State: TIMED_WAITING
        at java.base@21.0.5/java.lang.Thread.sleep0(Native Method)
        at java.base@21.0.5/java.lang.Thread.sleep(Thread.java:509)
        at app//org.apache.hadoop.ozone.container.common.statemachine.commandhandler.DeleteBlocksCommandHandler$DeleteCmdWorker.run(DeleteBlocksCommandHandler.java:264)
        at java.base@21.0.5/java.lang.Thread.runWith(Thread.java:1596)
        at java.base@21.0.5/java.lang.Thread.run(Thread.java:1583)
"EventQueue-ContainerActionsForContainerActionsHandler" daemon prio=5 tid=1518 in Object.wait()
java.lang.Thread.State: WAITING (on object monitor)
        at java.base@21.0.5/jdk.internal.misc.Unsafe.park(Native Method)
        at java.base@21.0.5/java.util.concurrent.locks.LockSupport.park(LockSupport.java:371)
        at java.base@21.0.5/java.util.concurrent.locks.AbstractQueuedSynchronizer$ConditionNode.block(AbstractQueuedSynchronizer.java:519)
        at java.base@21.0.5/java.util.concurrent.ForkJoinPool.unmanagedBlock(ForkJoinPool.java:3780)
        at java.base@21.0.5/java.util.concurrent.ForkJoinPool.managedBlock(ForkJoinPool.java:3725)
        at java.base@21.0.5/java.util.concurrent.locks.AbstractQueuedSynchronizer$ConditionObject.await(AbstractQueuedSynchronizer.java:1712)
        at java.base@21.0.5/java.util.concurrent.LinkedBlockingQueue.take(LinkedBlockingQueue.java:435)
        at java.base@21.0.5/java.util.concurrent.ThreadPoolExecutor.getTask(ThreadPoolExecutor.java:1070)
        at java.base@21.0.5/java.util.concurrent.ThreadPoolExecutor.runWorker(ThreadPoolExecutor.java:1130)
        at java.base@21.0.5/java.util.concurrent.ThreadPoolExecutor$Worker.run(ThreadPoolExecutor.java:642)
        at java.base@21.0.5/java.lang.Thread.runWith(Thread.java:1596)
        at java.base@21.0.5/java.lang.Thread.run(Thread.java:1583)
"process reaper" daemon prio=10 tid=25 timed_waiting
java.lang.Thread.State: TIMED_WAITING
        at java.base@21.0.5/jdk.internal.misc.Unsafe.park(Native Method)
        at java.base@21.0.5/java.util.concurrent.locks.LockSupport.parkNanos(LockSupport.java:410)
        at java.base@21.0.5/java.util.concurrent.LinkedTransferQueue$DualNode.await(LinkedTransferQueue.java:452)
        at java.base@21.0.5/java.util.concurrent.SynchronousQueue$Transferer.xferLifo(SynchronousQueue.java:194)
        at java.base@21.0.5/java.util.concurrent.SynchronousQueue.xfer(SynchronousQueue.java:235)
        at java.base@21.0.5/java.util.concurrent.SynchronousQueue.poll(SynchronousQueue.java:338)
        at java.base@21.0.5/java.util.concurrent.ThreadPoolExecutor.getTask(ThreadPoolExecutor.java:1069)
        at java.base@21.0.5/java.util.concurrent.ThreadPoolExecutor.runWorker(ThreadPoolExecutor.java:1130)
        at java.base@21.0.5/java.util.concurrent.ThreadPoolExecutor$Worker.run(ThreadPoolExecutor.java:642)
        at java.base@21.0.5/java.lang.Thread.runWith(Thread.java:1596)
        at java.base@21.0.5/java.lang.Thread.run(Thread.java:1583)
        at java.base@21.0.5/jdk.internal.misc.InnocuousThread.run(InnocuousThread.java:186)
"OverReplicatedProcessor" daemon prio=5 tid=59 timed_waiting
java.lang.Thread.State: TIMED_WAITING
        at java.base@21.0.5/java.lang.Object.wait0(Native Method)
        at java.base@21.0.5/java.lang.Object.wait(Object.java:366)
        at app//org.apache.hadoop.hdds.scm.container.replication.UnhealthyReplicationProcessor.run(UnhealthyReplicationProcessor.java:174)
        at java.base@21.0.5/java.lang.Thread.runWith(Thread.java:1596)
        at java.base@21.0.5/java.lang.Thread.run(Thread.java:1583)
"IPC Server Responder" daemon prio=5 tid=732 runnable
java.lang.Thread.State: RUNNABLE
        at java.base@21.0.5/sun.nio.ch.EPoll.wait(Native Method)
        at java.base@21.0.5/sun.nio.ch.EPollSelectorImpl.doSelect(EPollSelectorImpl.java:121)
        at java.base@21.0.5/sun.nio.ch.SelectorImpl.lockAndDoSelect(SelectorImpl.java:130)
        at java.base@21.0.5/sun.nio.ch.SelectorImpl.select(SelectorImpl.java:142)
        at app//org.apache.hadoop.ipc.Server$Responder.doRunLoop(Server.java:1733)
        at app//org.apache.hadoop.ipc.Server$Responder.run(Server.java:1716)
"Socket Reader #8 for port 15048"  prio=5 tid=728 runnable
java.lang.Thread.State: RUNNABLE
        at java.base@21.0.5/sun.nio.ch.EPoll.wait(Native Method)
        at java.base@21.0.5/sun.nio.ch.EPollSelectorImpl.doSelect(EPollSelectorImpl.java:121)
        at java.base@21.0.5/sun.nio.ch.SelectorImpl.lockAndDoSelect(SelectorImpl.java:130)
        at java.base@21.0.5/sun.nio.ch.SelectorImpl.select(SelectorImpl.java:147)
        at app//org.apache.hadoop.ipc.Server$Listener$Reader.doRunLoop(Server.java:1497)
        at app//org.apache.hadoop.ipc.Server$Listener$Reader.run(Server.java:1476)
"a14cd1ab-7861-42f9-8639-15260a7193f0-groupManagement"  prio=5 tid=2140 in Object.wait()
java.lang.Thread.State: WAITING (on object monitor)
        at java.base@21.0.5/jdk.internal.misc.Unsafe.park(Native Method)
        at java.base@21.0.5/java.util.concurrent.locks.LockSupport.park(LockSupport.java:371)
        at java.base@21.0.5/java.util.concurrent.locks.AbstractQueuedSynchronizer$ConditionNode.block(AbstractQueuedSynchronizer.java:519)
        at java.base@21.0.5/java.util.concurrent.ForkJoinPool.unmanagedBlock(ForkJoinPool.java:3780)
        at java.base@21.0.5/java.util.concurrent.ForkJoinPool.managedBlock(ForkJoinPool.java:3725)
        at java.base@21.0.5/java.util.concurrent.locks.AbstractQueuedSynchronizer$ConditionObject.await(AbstractQueuedSynchronizer.java:1712)
        at java.base@21.0.5/java.util.concurrent.LinkedBlockingQueue.take(LinkedBlockingQueue.java:435)
        at java.base@21.0.5/java.util.concurrent.ThreadPoolExecutor.getTask(ThreadPoolExecutor.java:1070)
        at java.base@21.0.5/java.util.concurrent.ThreadPoolExecutor.runWorker(ThreadPoolExecutor.java:1130)
        at java.base@21.0.5/java.util.concurrent.ThreadPoolExecutor$Worker.run(ThreadPoolExecutor.java:642)
        at java.base@21.0.5/java.lang.Thread.runWith(Thread.java:1596)
        at java.base@21.0.5/java.lang.Thread.run(Thread.java:1583)
"IPC Server handler 8 on default port 15000" daemon prio=5 tid=129 timed_waiting
java.lang.Thread.State: TIMED_WAITING
        at java.base@21.0.5/jdk.internal.misc.Unsafe.park(Native Method)
        at java.base@21.0.5/java.util.concurrent.locks.LockSupport.parkNanos(LockSupport.java:269)
        at java.base@21.0.5/java.util.concurrent.locks.AbstractQueuedSynchronizer$ConditionObject.awaitNanos(AbstractQueuedSynchronizer.java:1763)
        at java.base@21.0.5/java.util.concurrent.LinkedBlockingQueue.poll(LinkedBlockingQueue.java:460)
        at app//org.apache.hadoop.ipc.CallQueueManager.take(CallQueueManager.java:370)
        at app//org.apache.hadoop.ipc.Server$Handler.run(Server.java:3165)
"IPC Server handler 30 on default port 15001" daemon prio=5 tid=251 timed_waiting
java.lang.Thread.State: TIMED_WAITING
        at java.base@21.0.5/jdk.internal.misc.Unsafe.park(Native Method)
        at java.base@21.0.5/java.util.concurrent.locks.LockSupport.parkNanos(LockSupport.java:269)
        at java.base@21.0.5/java.util.concurrent.locks.AbstractQueuedSynchronizer$ConditionObject.awaitNanos(AbstractQueuedSynchronizer.java:1763)
        at java.base@21.0.5/java.util.concurrent.LinkedBlockingQueue.poll(LinkedBlockingQueue.java:460)
        at app//org.apache.hadoop.ipc.CallQueueManager.take(CallQueueManager.java:370)
        at app//org.apache.hadoop.ipc.Server$Handler.run(Server.java:3165)
"Session-HouseKeeper-700df0dd-1"  prio=5 tid=765 timed_waiting
java.lang.Thread.State: TIMED_WAITING
        at java.base@21.0.5/jdk.internal.misc.Unsafe.park(Native Method)
        at java.base@21.0.5/java.util.concurrent.locks.LockSupport.parkNanos(LockSupport.java:269)
        at java.base@21.0.5/java.util.concurrent.locks.AbstractQueuedSynchronizer$ConditionObject.awaitNanos(AbstractQueuedSynchronizer.java:1763)
        at java.base@21.0.5/java.util.concurrent.ScheduledThreadPoolExecutor$DelayedWorkQueue.take(ScheduledThreadPoolExecutor.java:1182)
        at java.base@21.0.5/java.util.concurrent.ScheduledThreadPoolExecutor$DelayedWorkQueue.take(ScheduledThreadPoolExecutor.java:899)
        at java.base@21.0.5/java.util.concurrent.ThreadPoolExecutor.getTask(ThreadPoolExecutor.java:1070)
        at java.base@21.0.5/java.util.concurrent.ThreadPoolExecutor.runWorker(ThreadPoolExecutor.java:1130)
        at java.base@21.0.5/java.util.concurrent.ThreadPoolExecutor$Worker.run(ThreadPoolExecutor.java:642)
        at java.base@21.0.5/java.lang.Thread.runWith(Thread.java:1596)
        at java.base@21.0.5/java.lang.Thread.run(Thread.java:1583)
"IPC Server handler 89 on default port 15002" daemon prio=5 tid=428 timed_waiting
java.lang.Thread.State: TIMED_WAITING
        at java.base@21.0.5/jdk.internal.misc.Unsafe.park(Native Method)
        at java.base@21.0.5/java.util.concurrent.locks.LockSupport.parkNanos(LockSupport.java:269)
        at java.base@21.0.5/java.util.concurrent.locks.AbstractQueuedSynchronizer$ConditionObject.awaitNanos(AbstractQueuedSynchronizer.java:1763)
        at java.base@21.0.5/java.util.concurrent.LinkedBlockingQueue.poll(LinkedBlockingQueue.java:460)
        at app//org.apache.hadoop.ipc.CallQueueManager.take(CallQueueManager.java:370)
        at app//org.apache.hadoop.ipc.Server$Handler.run(Server.java:3165)
"ac5cad44-c19c-4f65-867f-c0009d6f555c-ChunkReader-4" daemon prio=5 tid=2075 in Object.wait()
java.lang.Thread.State: WAITING (on object monitor)
        at java.base@21.0.5/jdk.internal.misc.Unsafe.park(Native Method)
        at java.base@21.0.5/java.util.concurrent.locks.LockSupport.park(LockSupport.java:371)
        at java.base@21.0.5/java.util.concurrent.locks.AbstractQueuedSynchronizer$ConditionNode.block(AbstractQueuedSynchronizer.java:519)
        at java.base@21.0.5/java.util.concurrent.ForkJoinPool.unmanagedBlock(ForkJoinPool.java:3780)
        at java.base@21.0.5/java.util.concurrent.ForkJoinPool.managedBlock(ForkJoinPool.java:3725)
        at java.base@21.0.5/java.util.concurrent.locks.AbstractQueuedSynchronizer$ConditionObject.await(AbstractQueuedSynchronizer.java:1712)
        at java.base@21.0.5/java.util.concurrent.LinkedBlockingQueue.take(LinkedBlockingQueue.java:435)
        at java.base@21.0.5/java.util.concurrent.ThreadPoolExecutor.getTask(ThreadPoolExecutor.java:1070)
        at java.base@21.0.5/java.util.concurrent.ThreadPoolExecutor.runWorker(ThreadPoolExecutor.java:1130)
        at java.base@21.0.5/java.util.concurrent.ThreadPoolExecutor$Worker.run(ThreadPoolExecutor.java:642)
        at java.base@21.0.5/java.lang.Thread.runWith(Thread.java:1596)
        at java.base@21.0.5/java.lang.Thread.run(Thread.java:1583)
"surefire-forkedjvm-ping-30s" daemon prio=5 tid=24 timed_waiting
java.lang.Thread.State: TIMED_WAITING
        at java.base@21.0.5/jdk.internal.misc.Unsafe.park(Native Method)
        at java.base@21.0.5/java.util.concurrent.locks.LockSupport.parkNanos(LockSupport.java:269)
        at java.base@21.0.5/java.util.concurrent.locks.AbstractQueuedSynchronizer$ConditionObject.awaitNanos(AbstractQueuedSynchronizer.java:1763)
        at java.base@21.0.5/java.util.concurrent.ScheduledThreadPoolExecutor$DelayedWorkQueue.take(ScheduledThreadPoolExecutor.java:1182)
        at java.base@21.0.5/java.util.concurrent.ScheduledThreadPoolExecutor$DelayedWorkQueue.take(ScheduledThreadPoolExecutor.java:899)
        at java.base@21.0.5/java.util.concurrent.ThreadPoolExecutor.getTask(ThreadPoolExecutor.java:1070)
        at java.base@21.0.5/java.util.concurrent.ThreadPoolExecutor.runWorker(ThreadPoolExecutor.java:1130)
        at java.base@21.0.5/java.util.concurrent.ThreadPoolExecutor$Worker.run(ThreadPoolExecutor.java:642)
        at java.base@21.0.5/java.lang.Thread.runWith(Thread.java:1596)
        at java.base@21.0.5/java.lang.Thread.run(Thread.java:1583)
"Socket Reader #9 for port 15000"  prio=5 tid=98 runnable
java.lang.Thread.State: RUNNABLE
        at java.base@21.0.5/sun.nio.ch.EPoll.wait(Native Method)
        at java.base@21.0.5/sun.nio.ch.EPollSelectorImpl.doSelect(EPollSelectorImpl.java:121)
        at java.base@21.0.5/sun.nio.ch.SelectorImpl.lockAndDoSelect(SelectorImpl.java:130)
        at java.base@21.0.5/sun.nio.ch.SelectorImpl.select(SelectorImpl.java:147)
        at app//org.apache.hadoop.ipc.Server$Listener$Reader.doRunLoop(Server.java:1497)
        at app//org.apache.hadoop.ipc.Server$Listener$Reader.run(Server.java:1476)
"org.apache.hadoop.ozone.container.common.statemachine.commandhandler.DeleteBlocksCommandHandler$DeleteCmdWorker@74f47eab" daemon prio=5 tid=523 timed_waiting
java.lang.Thread.State: TIMED_WAITING
        at java.base@21.0.5/java.lang.Thread.sleep0(Native Method)
        at java.base@21.0.5/java.lang.Thread.sleep(Thread.java:509)
        at app//org.apache.hadoop.ozone.container.common.statemachine.commandhandler.DeleteBlocksCommandHandler$DeleteCmdWorker.run(DeleteBlocksCommandHandler.java:264)
        at java.base@21.0.5/java.lang.Thread.runWith(Thread.java:1596)
        at java.base@21.0.5/java.lang.Thread.run(Thread.java:1583)
"om1-OMStateMachineApplyTransactionThread - 0" daemon prio=5 tid=1415 in Object.wait()
java.lang.Thread.State: WAITING (on object monitor)
        at java.base@21.0.5/jdk.internal.misc.Unsafe.park(Native Method)
        at java.base@21.0.5/java.util.concurrent.locks.LockSupport.park(LockSupport.java:371)
        at java.base@21.0.5/java.util.concurrent.locks.AbstractQueuedSynchronizer$ConditionNode.block(AbstractQueuedSynchronizer.java:519)
        at java.base@21.0.5/java.util.concurrent.ForkJoinPool.unmanagedBlock(ForkJoinPool.java:3780)
        at java.base@21.0.5/java.util.concurrent.ForkJoinPool.managedBlock(ForkJoinPool.java:3725)
        at java.base@21.0.5/java.util.concurrent.locks.AbstractQueuedSynchronizer$ConditionObject.await(AbstractQueuedSynchronizer.java:1712)
        at java.base@21.0.5/java.util.concurrent.LinkedBlockingQueue.take(LinkedBlockingQueue.java:435)
        at java.base@21.0.5/java.util.concurrent.ThreadPoolExecutor.getTask(ThreadPoolExecutor.java:1070)
        at java.base@21.0.5/java.util.concurrent.ThreadPoolExecutor.runWorker(ThreadPoolExecutor.java:1130)
        at java.base@21.0.5/java.util.concurrent.ThreadPoolExecutor$Worker.run(ThreadPoolExecutor.java:642)
        at java.base@21.0.5/java.lang.Thread.runWith(Thread.java:1596)
        at java.base@21.0.5/java.lang.Thread.run(Thread.java:1583)
"qtp1676534432-329" daemon prio=5 tid=329 timed_waiting
java.lang.Thread.State: TIMED_WAITING
        at java.base@21.0.5/jdk.internal.misc.Unsafe.park(Native Method)
        at java.base@21.0.5/java.util.concurrent.locks.LockSupport.parkNanos(LockSupport.java:269)
        at java.base@21.0.5/java.util.concurrent.locks.AbstractQueuedSynchronizer$ConditionObject.awaitNanos(AbstractQueuedSynchronizer.java:1763)
        at app//org.eclipse.jetty.util.BlockingArrayQueue.poll(BlockingArrayQueue.java:382)
        at app//org.eclipse.jetty.util.thread.QueuedThreadPool$Runner.idleJobPoll(QueuedThreadPool.java:974)
        at app//org.eclipse.jetty.util.thread.QueuedThreadPool$Runner.run(QueuedThreadPool.java:1018)
        at java.base@21.0.5/java.lang.Thread.runWith(Thread.java:1596)
        at java.base@21.0.5/java.lang.Thread.run(Thread.java:1583)
"Socket Reader #5 for port 15048"  prio=5 tid=725 runnable
java.lang.Thread.State: RUNNABLE
        at java.base@21.0.5/sun.nio.ch.EPoll.wait(Native Method)
        at java.base@21.0.5/sun.nio.ch.EPollSelectorImpl.doSelect(EPollSelectorImpl.java:121)
        at java.base@21.0.5/sun.nio.ch.SelectorImpl.lockAndDoSelect(SelectorImpl.java:130)
        at java.base@21.0.5/sun.nio.ch.SelectorImpl.select(SelectorImpl.java:147)
        at app//org.apache.hadoop.ipc.Server$Listener$Reader.doRunLoop(Server.java:1497)
        at app//org.apache.hadoop.ipc.Server$Listener$Reader.run(Server.java:1476)
"IPC Server handler 7 on default port 15001" daemon prio=5 tid=228 timed_waiting
java.lang.Thread.State: TIMED_WAITING
        at java.base@21.0.5/jdk.internal.misc.Unsafe.park(Native Method)
        at java.base@21.0.5/java.util.concurrent.locks.LockSupport.parkNanos(LockSupport.java:269)
        at java.base@21.0.5/java.util.concurrent.locks.AbstractQueuedSynchronizer$ConditionObject.awaitNanos(AbstractQueuedSynchronizer.java:1763)
        at java.base@21.0.5/java.util.concurrent.LinkedBlockingQueue.poll(LinkedBlockingQueue.java:460)
        at app//org.apache.hadoop.ipc.CallQueueManager.take(CallQueueManager.java:370)
        at app//org.apache.hadoop.ipc.Server$Handler.run(Server.java:3165)
"IPC Server handler 27 on default port 15002" daemon prio=5 tid=366 timed_waiting
java.lang.Thread.State: TIMED_WAITING
        at java.base@21.0.5/jdk.internal.misc.Unsafe.park(Native Method)
        at java.base@21.0.5/java.util.concurrent.locks.LockSupport.parkNanos(LockSupport.java:269)
        at java.base@21.0.5/java.util.concurrent.locks.AbstractQueuedSynchronizer$ConditionObject.awaitNanos(AbstractQueuedSynchronizer.java:1763)
        at java.base@21.0.5/java.util.concurrent.LinkedBlockingQueue.poll(LinkedBlockingQueue.java:460)
        at app//org.apache.hadoop.ipc.CallQueueManager.take(CallQueueManager.java:370)
        at app//org.apache.hadoop.ipc.Server$Handler.run(Server.java:3165)
"Socket Reader #1 for port 15048"  prio=5 tid=721 runnable
java.lang.Thread.State: RUNNABLE
        at java.base@21.0.5/sun.nio.ch.EPoll.wait(Native Method)
        at java.base@21.0.5/sun.nio.ch.EPollSelectorImpl.doSelect(EPollSelectorImpl.java:121)
        at java.base@21.0.5/sun.nio.ch.SelectorImpl.lockAndDoSelect(SelectorImpl.java:130)
        at java.base@21.0.5/sun.nio.ch.SelectorImpl.select(SelectorImpl.java:147)
        at app//org.apache.hadoop.ipc.Server$Listener$Reader.doRunLoop(Server.java:1497)
        at app//org.apache.hadoop.ipc.Server$Listener$Reader.run(Server.java:1476)
"grpc-default-executor-2" daemon prio=5 tid=1362 timed_waiting
java.lang.Thread.State: TIMED_WAITING
        at java.base@21.0.5/jdk.internal.misc.Unsafe.park(Native Method)
        at java.base@21.0.5/java.util.concurrent.locks.LockSupport.parkNanos(LockSupport.java:410)
        at java.base@21.0.5/java.util.concurrent.LinkedTransferQueue$DualNode.await(LinkedTransferQueue.java:452)
        at java.base@21.0.5/java.util.concurrent.SynchronousQueue$Transferer.xferLifo(SynchronousQueue.java:194)
        at java.base@21.0.5/java.util.concurrent.SynchronousQueue.xfer(SynchronousQueue.java:235)
        at java.base@21.0.5/java.util.concurrent.SynchronousQueue.poll(SynchronousQueue.java:338)
        at java.base@21.0.5/java.util.concurrent.ThreadPoolExecutor.getTask(ThreadPoolExecutor.java:1069)
        at java.base@21.0.5/java.util.concurrent.ThreadPoolExecutor.runWorker(ThreadPoolExecutor.java:1130)
        at java.base@21.0.5/java.util.concurrent.ThreadPoolExecutor$Worker.run(ThreadPoolExecutor.java:642)
        at java.base@21.0.5/java.lang.Thread.runWith(Thread.java:1596)
        at java.base@21.0.5/java.lang.Thread.run(Thread.java:1583)
"84b435bb-d41b-4758-bf48-ce9052c81d4a-ChunkWriter-2-0" daemon prio=5 tid=1083 in Object.wait()
java.lang.Thread.State: WAITING (on object monitor)
        at java.base@21.0.5/jdk.internal.misc.Unsafe.park(Native Method)
        at java.base@21.0.5/java.util.concurrent.locks.LockSupport.park(LockSupport.java:371)
        at java.base@21.0.5/java.util.concurrent.locks.AbstractQueuedSynchronizer$ConditionNode.block(AbstractQueuedSynchronizer.java:519)
        at java.base@21.0.5/java.util.concurrent.ForkJoinPool.unmanagedBlock(ForkJoinPool.java:3780)
        at java.base@21.0.5/java.util.concurrent.ForkJoinPool.managedBlock(ForkJoinPool.java:3725)
        at java.base@21.0.5/java.util.concurrent.locks.AbstractQueuedSynchronizer$ConditionObject.await(AbstractQueuedSynchronizer.java:1712)
        at java.base@21.0.5/java.util.concurrent.LinkedBlockingDeque.takeFirst(LinkedBlockingDeque.java:485)
        at java.base@21.0.5/java.util.concurrent.LinkedBlockingDeque.take(LinkedBlockingDeque.java:673)
        at java.base@21.0.5/java.util.concurrent.ThreadPoolExecutor.getTask(ThreadPoolExecutor.java:1070)
        at java.base@21.0.5/java.util.concurrent.ThreadPoolExecutor.runWorker(ThreadPoolExecutor.java:1130)
        at java.base@21.0.5/java.util.concurrent.ThreadPoolExecutor$Worker.run(ThreadPoolExecutor.java:642)
        at java.base@21.0.5/java.lang.Thread.runWith(Thread.java:1596)
        at java.base@21.0.5/java.lang.Thread.run(Thread.java:1583)
"17963aff-71fe-4a8f-bd2e-c405ff93174f@group-9167B95FD813-StateMachineUpdater" daemon prio=5 tid=1299 timed_waiting
java.lang.Thread.State: TIMED_WAITING
        at java.base@21.0.5/jdk.internal.misc.Unsafe.park(Native Method)
        at java.base@21.0.5/java.util.concurrent.locks.LockSupport.parkNanos(LockSupport.java:269)
        at java.base@21.0.5/java.util.concurrent.locks.AbstractQueuedSynchronizer$ConditionObject.await(AbstractQueuedSynchronizer.java:1852)
        at app//org.apache.ratis.util.AwaitForSignal.await(AwaitForSignal.java:65)
        at app//org.apache.ratis.server.impl.StateMachineUpdater.waitForCommit(StateMachineUpdater.java:219)
        at app//org.apache.ratis.server.impl.StateMachineUpdater.run(StateMachineUpdater.java:187)
        at java.base@21.0.5/java.lang.Thread.runWith(Thread.java:1596)
        at java.base@21.0.5/java.lang.Thread.run(Thread.java:1583)
"IPC Server handler 68 on default port 15000" daemon prio=5 tid=189 timed_waiting
java.lang.Thread.State: TIMED_WAITING
        at java.base@21.0.5/jdk.internal.misc.Unsafe.park(Native Method)
        at java.base@21.0.5/java.util.concurrent.locks.LockSupport.parkNanos(LockSupport.java:269)
        at java.base@21.0.5/java.util.concurrent.locks.AbstractQueuedSynchronizer$ConditionObject.awaitNanos(AbstractQueuedSynchronizer.java:1763)
        at java.base@21.0.5/java.util.concurrent.LinkedBlockingQueue.poll(LinkedBlockingQueue.java:460)
        at app//org.apache.hadoop.ipc.CallQueueManager.take(CallQueueManager.java:370)
        at app//org.apache.hadoop.ipc.Server$Handler.run(Server.java:3165)
"fc60e07f-496f-42fe-ae82-620152583f87-EndpointStateMachineTaskThread-/0.0.0.0:15002-0 "  prio=5 tid=1056 in Object.wait()
java.lang.Thread.State: WAITING (on object monitor)
        at java.base@21.0.5/jdk.internal.misc.Unsafe.park(Native Method)
        at java.base@21.0.5/java.util.concurrent.locks.LockSupport.park(LockSupport.java:371)
        at java.base@21.0.5/java.util.concurrent.locks.AbstractQueuedSynchronizer$ConditionNode.block(AbstractQueuedSynchronizer.java:519)
        at java.base@21.0.5/java.util.concurrent.ForkJoinPool.unmanagedBlock(ForkJoinPool.java:3780)
        at java.base@21.0.5/java.util.concurrent.ForkJoinPool.managedBlock(ForkJoinPool.java:3725)
        at java.base@21.0.5/java.util.concurrent.locks.AbstractQueuedSynchronizer$ConditionObject.await(AbstractQueuedSynchronizer.java:1712)
        at java.base@21.0.5/java.util.concurrent.LinkedBlockingQueue.take(LinkedBlockingQueue.java:435)
        at java.base@21.0.5/java.util.concurrent.ThreadPoolExecutor.getTask(ThreadPoolExecutor.java:1070)
        at java.base@21.0.5/java.util.concurrent.ThreadPoolExecutor.runWorker(ThreadPoolExecutor.java:1130)
        at java.base@21.0.5/java.util.concurrent.ThreadPoolExecutor$Worker.run(ThreadPoolExecutor.java:642)
        at java.base@21.0.5/java.lang.Thread.runWith(Thread.java:1596)
        at java.base@21.0.5/java.lang.Thread.run(Thread.java:1583)
"StaleRecoveringContainerScrubbingService#1" daemon prio=5 tid=1072 in Object.wait()
java.lang.Thread.State: WAITING (on object monitor)
        at java.base@21.0.5/jdk.internal.misc.Unsafe.park(Native Method)
        at java.base@21.0.5/java.util.concurrent.locks.LockSupport.park(LockSupport.java:371)
        at java.base@21.0.5/java.util.concurrent.locks.AbstractQueuedSynchronizer$ConditionNode.block(AbstractQueuedSynchronizer.java:519)
        at java.base@21.0.5/java.util.concurrent.ForkJoinPool.unmanagedBlock(ForkJoinPool.java:3780)
        at java.base@21.0.5/java.util.concurrent.ForkJoinPool.managedBlock(ForkJoinPool.java:3725)
        at java.base@21.0.5/java.util.concurrent.locks.AbstractQueuedSynchronizer$ConditionObject.await(AbstractQueuedSynchronizer.java:1712)
        at java.base@21.0.5/java.util.concurrent.ScheduledThreadPoolExecutor$DelayedWorkQueue.take(ScheduledThreadPoolExecutor.java:1177)
        at java.base@21.0.5/java.util.concurrent.ScheduledThreadPoolExecutor$DelayedWorkQueue.take(ScheduledThreadPoolExecutor.java:899)
        at java.base@21.0.5/java.util.concurrent.ThreadPoolExecutor.getTask(ThreadPoolExecutor.java:1070)
        at java.base@21.0.5/java.util.concurrent.ThreadPoolExecutor.runWorker(ThreadPoolExecutor.java:1130)
        at java.base@21.0.5/java.util.concurrent.ThreadPoolExecutor$Worker.run(ThreadPoolExecutor.java:642)
        at java.base@21.0.5/java.lang.Thread.runWith(Thread.java:1596)
        at java.base@21.0.5/java.lang.Thread.run(Thread.java:1583)
"91d0dafb-6cb7-42e5-b129-660fdc1902ba-ChunkWriter-2-0" daemon prio=5 tid=1162 in Object.wait()
java.lang.Thread.State: WAITING (on object monitor)
        at java.base@21.0.5/jdk.internal.misc.Unsafe.park(Native Method)
        at java.base@21.0.5/java.util.concurrent.locks.LockSupport.park(LockSupport.java:371)
        at java.base@21.0.5/java.util.concurrent.locks.AbstractQueuedSynchronizer$ConditionNode.block(AbstractQueuedSynchronizer.java:519)
        at java.base@21.0.5/java.util.concurrent.ForkJoinPool.unmanagedBlock(ForkJoinPool.java:3780)
        at java.base@21.0.5/java.util.concurrent.ForkJoinPool.managedBlock(ForkJoinPool.java:3725)
        at java.base@21.0.5/java.util.concurrent.locks.AbstractQueuedSynchronizer$ConditionObject.await(AbstractQueuedSynchronizer.java:1712)
        at java.base@21.0.5/java.util.concurrent.LinkedBlockingDeque.takeFirst(LinkedBlockingDeque.java:485)
        at java.base@21.0.5/java.util.concurrent.LinkedBlockingDeque.take(LinkedBlockingDeque.java:673)
        at java.base@21.0.5/java.util.concurrent.ThreadPoolExecutor.getTask(ThreadPoolExecutor.java:1070)
        at java.base@21.0.5/java.util.concurrent.ThreadPoolExecutor.runWorker(ThreadPoolExecutor.java:1130)
        at java.base@21.0.5/java.util.concurrent.ThreadPoolExecutor$Worker.run(ThreadPoolExecutor.java:642)
        at java.base@21.0.5/java.lang.Thread.runWith(Thread.java:1596)
        at java.base@21.0.5/java.lang.Thread.run(Thread.java:1583)
"IPC Server handler 62 on default port 15000" daemon prio=5 tid=183 timed_waiting
java.lang.Thread.State: TIMED_WAITING
        at java.base@21.0.5/jdk.internal.misc.Unsafe.park(Native Method)
        at java.base@21.0.5/java.util.concurrent.locks.LockSupport.parkNanos(LockSupport.java:269)
        at java.base@21.0.5/java.util.concurrent.locks.AbstractQueuedSynchronizer$ConditionObject.awaitNanos(AbstractQueuedSynchronizer.java:1763)
        at java.base@21.0.5/java.util.concurrent.LinkedBlockingQueue.poll(LinkedBlockingQueue.java:460)
        at app//org.apache.hadoop.ipc.CallQueueManager.take(CallQueueManager.java:370)
        at app//org.apache.hadoop.ipc.Server$Handler.run(Server.java:3165)
"Socket Reader #6 for port 15093"  prio=5 tid=1012 runnable
java.lang.Thread.State: RUNNABLE
        at java.base@21.0.5/sun.nio.ch.EPoll.wait(Native Method)
        at java.base@21.0.5/sun.nio.ch.EPollSelectorImpl.doSelect(EPollSelectorImpl.java:121)
        at java.base@21.0.5/sun.nio.ch.SelectorImpl.lockAndDoSelect(SelectorImpl.java:130)
        at java.base@21.0.5/sun.nio.ch.SelectorImpl.select(SelectorImpl.java:147)
        at app//org.apache.hadoop.ipc.Server$Listener$Reader.doRunLoop(Server.java:1497)
        at app//org.apache.hadoop.ipc.Server$Listener$Reader.run(Server.java:1476)
"69390d8a-021c-44b7-9fe5-c9855a0c5aa1-ChunkReader-ELG-0" daemon prio=5 tid=1129 runnable
java.lang.Thread.State: RUNNABLE
        at app//org.apache.ratis.thirdparty.io.netty.channel.epoll.Native.epollWait(Native Method)
        at app//org.apache.ratis.thirdparty.io.netty.channel.epoll.Native.epollWait(Native.java:220)
        at app//org.apache.ratis.thirdparty.io.netty.channel.epoll.Native.epollWait(Native.java:213)
        at app//org.apache.ratis.thirdparty.io.netty.channel.epoll.EpollEventLoop.epollWaitNoTimerChange(EpollEventLoop.java:308)
        at app//org.apache.ratis.thirdparty.io.netty.channel.epoll.EpollEventLoop.run(EpollEventLoop.java:365)
        at app//org.apache.ratis.thirdparty.io.netty.util.concurrent.SingleThreadEventExecutor$4.run(SingleThreadEventExecutor.java:997)
        at app//org.apache.ratis.thirdparty.io.netty.util.internal.ThreadExecutorMap$2.run(ThreadExecutorMap.java:74)
        at java.base@21.0.5/java.lang.Thread.runWith(Thread.java:1596)
        at java.base@21.0.5/java.lang.Thread.run(Thread.java:1583)
"IPC Server handler 90 on default port 15002" daemon prio=5 tid=429 timed_waiting
java.lang.Thread.State: TIMED_WAITING
        at java.base@21.0.5/jdk.internal.misc.Unsafe.park(Native Method)
        at java.base@21.0.5/java.util.concurrent.locks.LockSupport.parkNanos(LockSupport.java:269)
        at java.base@21.0.5/java.util.concurrent.locks.AbstractQueuedSynchronizer$ConditionObject.awaitNanos(AbstractQueuedSynchronizer.java:1763)
        at java.base@21.0.5/java.util.concurrent.LinkedBlockingQueue.poll(LinkedBlockingQueue.java:460)
        at app//org.apache.hadoop.ipc.CallQueueManager.take(CallQueueManager.java:370)
        at app//org.apache.hadoop.ipc.Server$Handler.run(Server.java:3165)
"9c1aee78-f037-4e17-b985-0daab5eaf154-DatanodeReportManager-2" daemon prio=5 tid=839 timed_waiting
java.lang.Thread.State: TIMED_WAITING
        at java.base@21.0.5/jdk.internal.misc.Unsafe.park(Native Method)
        at java.base@21.0.5/java.util.concurrent.locks.LockSupport.parkNanos(LockSupport.java:269)
        at java.base@21.0.5/java.util.concurrent.locks.AbstractQueuedSynchronizer$ConditionObject.awaitNanos(AbstractQueuedSynchronizer.java:1763)
        at java.base@21.0.5/java.util.concurrent.ScheduledThreadPoolExecutor$DelayedWorkQueue.take(ScheduledThreadPoolExecutor.java:1182)
        at java.base@21.0.5/java.util.concurrent.ScheduledThreadPoolExecutor$DelayedWorkQueue.take(ScheduledThreadPoolExecutor.java:899)
        at java.base@21.0.5/java.util.concurrent.ThreadPoolExecutor.getTask(ThreadPoolExecutor.java:1070)
        at java.base@21.0.5/java.util.concurrent.ThreadPoolExecutor.runWorker(ThreadPoolExecutor.java:1130)
        at java.base@21.0.5/java.util.concurrent.ThreadPoolExecutor$Worker.run(ThreadPoolExecutor.java:642)
        at java.base@21.0.5/java.lang.Thread.runWith(Thread.java:1596)
        at java.base@21.0.5/java.lang.Thread.run(Thread.java:1583)
"Socket Reader #9 for port 15021"  prio=5 tid=589 runnable
java.lang.Thread.State: RUNNABLE
        at java.base@21.0.5/sun.nio.ch.EPoll.wait(Native Method)
        at java.base@21.0.5/sun.nio.ch.EPollSelectorImpl.doSelect(EPollSelectorImpl.java:121)
        at java.base@21.0.5/sun.nio.ch.SelectorImpl.lockAndDoSelect(SelectorImpl.java:130)
        at java.base@21.0.5/sun.nio.ch.SelectorImpl.select(SelectorImpl.java:147)
        at app//org.apache.hadoop.ipc.Server$Listener$Reader.doRunLoop(Server.java:1497)
        at app//org.apache.hadoop.ipc.Server$Listener$Reader.run(Server.java:1476)
"IPC Server handler 9 on default port 15030" daemon prio=5 tid=1932 timed_waiting
java.lang.Thread.State: TIMED_WAITING
        at java.base@21.0.5/jdk.internal.misc.Unsafe.park(Native Method)
        at java.base@21.0.5/java.util.concurrent.locks.LockSupport.parkNanos(LockSupport.java:269)
        at java.base@21.0.5/java.util.concurrent.locks.AbstractQueuedSynchronizer$ConditionObject.awaitNanos(AbstractQueuedSynchronizer.java:1763)
        at java.base@21.0.5/java.util.concurrent.LinkedBlockingQueue.poll(LinkedBlockingQueue.java:460)
        at app//org.apache.hadoop.ipc.CallQueueManager.take(CallQueueManager.java:370)
        at app//org.apache.hadoop.ipc.Server$Handler.run(Server.java:3165)
"IPC Server handler 39 on default port 15002" daemon prio=5 tid=378 timed_waiting
java.lang.Thread.State: TIMED_WAITING
        at java.base@21.0.5/jdk.internal.misc.Unsafe.park(Native Method)
        at java.base@21.0.5/java.util.concurrent.locks.LockSupport.parkNanos(LockSupport.java:269)
        at java.base@21.0.5/java.util.concurrent.locks.AbstractQueuedSynchronizer$ConditionObject.awaitNanos(AbstractQueuedSynchronizer.java:1763)
        at java.base@21.0.5/java.util.concurrent.LinkedBlockingQueue.poll(LinkedBlockingQueue.java:460)
        at app//org.apache.hadoop.ipc.CallQueueManager.take(CallQueueManager.java:370)
        at app//org.apache.hadoop.ipc.Server$Handler.run(Server.java:3165)
"qtp1997197808-807" daemon prio=5 tid=807 timed_waiting
java.lang.Thread.State: TIMED_WAITING
        at java.base@21.0.5/jdk.internal.misc.Unsafe.park(Native Method)
        at java.base@21.0.5/java.util.concurrent.locks.LockSupport.parkNanos(LockSupport.java:269)
        at java.base@21.0.5/java.util.concurrent.locks.AbstractQueuedSynchronizer$ConditionObject.awaitNanos(AbstractQueuedSynchronizer.java:1763)
        at app//org.eclipse.jetty.util.BlockingArrayQueue.poll(BlockingArrayQueue.java:382)
        at app//org.eclipse.jetty.util.thread.QueuedThreadPool$Runner.idleJobPoll(QueuedThreadPool.java:974)
        at app//org.eclipse.jetty.util.thread.QueuedThreadPool$Runner.run(QueuedThreadPool.java:1018)
        at java.base@21.0.5/java.lang.Thread.runWith(Thread.java:1596)
        at java.base@21.0.5/java.lang.Thread.run(Thread.java:1583)
"IPC Server handler 6 on default port 15012" daemon prio=5 tid=554 timed_waiting
java.lang.Thread.State: TIMED_WAITING
        at java.base@21.0.5/jdk.internal.misc.Unsafe.park(Native Method)
        at java.base@21.0.5/java.util.concurrent.locks.LockSupport.parkNanos(LockSupport.java:269)
        at java.base@21.0.5/java.util.concurrent.locks.AbstractQueuedSynchronizer$ConditionObject.awaitNanos(AbstractQueuedSynchronizer.java:1763)
        at java.base@21.0.5/java.util.concurrent.LinkedBlockingQueue.poll(LinkedBlockingQueue.java:460)
        at app//org.apache.hadoop.ipc.CallQueueManager.take(CallQueueManager.java:370)
        at app//org.apache.hadoop.ipc.Server$Handler.run(Server.java:3165)
"PartialTableCache-Cleanup-0" daemon prio=5 tid=1445 in Object.wait()
java.lang.Thread.State: WAITING (on object monitor)
        at java.base@21.0.5/jdk.internal.misc.Unsafe.park(Native Method)
        at java.base@21.0.5/java.util.concurrent.locks.LockSupport.park(LockSupport.java:371)
        at java.base@21.0.5/java.util.concurrent.locks.AbstractQueuedSynchronizer$ConditionNode.block(AbstractQueuedSynchronizer.java:519)
        at java.base@21.0.5/java.util.concurrent.ForkJoinPool.unmanagedBlock(ForkJoinPool.java:3780)
        at java.base@21.0.5/java.util.concurrent.ForkJoinPool.managedBlock(ForkJoinPool.java:3725)
        at java.base@21.0.5/java.util.concurrent.locks.AbstractQueuedSynchronizer$ConditionObject.await(AbstractQueuedSynchronizer.java:1712)
        at java.base@21.0.5/java.util.concurrent.LinkedBlockingQueue.take(LinkedBlockingQueue.java:435)
        at java.base@21.0.5/java.util.concurrent.ThreadPoolExecutor.getTask(ThreadPoolExecutor.java:1070)
        at java.base@21.0.5/java.util.concurrent.ThreadPoolExecutor.runWorker(ThreadPoolExecutor.java:1130)
        at java.base@21.0.5/java.util.concurrent.ThreadPoolExecutor$Worker.run(ThreadPoolExecutor.java:642)
        at java.base@21.0.5/java.lang.Thread.runWith(Thread.java:1596)
        at java.base@21.0.5/java.lang.Thread.run(Thread.java:1583)
"a14cd1ab-7861-42f9-8639-15260a7193f0@group-DEECD8B278EF-StateMachineUpdater" daemon prio=5 tid=2220 timed_waiting
java.lang.Thread.State: TIMED_WAITING
        at java.base@21.0.5/jdk.internal.misc.Unsafe.park(Native Method)
        at java.base@21.0.5/java.util.concurrent.locks.LockSupport.parkNanos(LockSupport.java:269)
        at java.base@21.0.5/java.util.concurrent.locks.AbstractQueuedSynchronizer$ConditionObject.await(AbstractQueuedSynchronizer.java:1852)
        at app//org.apache.ratis.util.AwaitForSignal.await(AwaitForSignal.java:65)
        at app//org.apache.ratis.server.impl.StateMachineUpdater.waitForCommit(StateMachineUpdater.java:219)
        at app//org.apache.ratis.server.impl.StateMachineUpdater.run(StateMachineUpdater.java:187)
        at java.base@21.0.5/java.lang.Thread.runWith(Thread.java:1596)
        at java.base@21.0.5/java.lang.Thread.run(Thread.java:1583)
"fc60e07f-496f-42fe-ae82-620152583f87@group-A7184706D343-LeaderStateImpl" daemon prio=5 tid=1414 timed_waiting
java.lang.Thread.State: TIMED_WAITING
        at java.base@21.0.5/jdk.internal.misc.Unsafe.park(Native Method)
        at java.base@21.0.5/java.util.concurrent.locks.LockSupport.parkNanos(LockSupport.java:269)
        at java.base@21.0.5/java.util.concurrent.locks.AbstractQueuedSynchronizer$ConditionObject.awaitNanos(AbstractQueuedSynchronizer.java:1763)
        at java.base@21.0.5/java.util.concurrent.ArrayBlockingQueue.poll(ArrayBlockingQueue.java:435)
        at app//org.apache.ratis.server.impl.LeaderStateImpl$EventQueue.poll(LeaderStateImpl.java:164)
        at app//org.apache.ratis.server.impl.LeaderStateImpl$EventProcessor.run(LeaderStateImpl.java:763)
"9c1aee78-f037-4e17-b985-0daab5eaf154@group-F17B56B9071C-SegmentedRaftLogWorker"  prio=5 tid=1288 timed_waiting
java.lang.Thread.State: TIMED_WAITING
        at java.base@21.0.5/jdk.internal.misc.Unsafe.park(Native Method)
        at java.base@21.0.5/java.util.concurrent.locks.LockSupport.parkNanos(LockSupport.java:269)
        at java.base@21.0.5/java.util.concurrent.locks.AbstractQueuedSynchronizer$ConditionObject.awaitNanos(AbstractQueuedSynchronizer.java:1763)
        at app//org.apache.ratis.util.DataBlockingQueue.poll(DataBlockingQueue.java:148)
        at app//org.apache.ratis.server.raftlog.segmented.SegmentedRaftLogWorker.run(SegmentedRaftLogWorker.java:307)
        at app//org.apache.ratis.server.raftlog.segmented.SegmentedRaftLogWorker$$Lambda/0x00007fcfe03376d0.run(Unknown Source)
        at java.base@21.0.5/java.util.concurrent.Executors$RunnableAdapter.call(Executors.java:572)
        at java.base@21.0.5/java.util.concurrent.FutureTask.run(FutureTask.java:317)
        at java.base@21.0.5/java.util.concurrent.ThreadPoolExecutor.runWorker(ThreadPoolExecutor.java:1144)
        at java.base@21.0.5/java.util.concurrent.ThreadPoolExecutor$Worker.run(ThreadPoolExecutor.java:642)
        at java.base@21.0.5/java.lang.Thread.runWith(Thread.java:1596)
        at java.base@21.0.5/java.lang.Thread.run(Thread.java:1583)
"9c1aee78-f037-4e17-b985-0daab5eaf154-RocksDBCompactionThread-0"  prio=5 tid=798 timed_waiting
java.lang.Thread.State: TIMED_WAITING
        at java.base@21.0.5/jdk.internal.misc.Unsafe.park(Native Method)
        at java.base@21.0.5/java.util.concurrent.locks.LockSupport.parkNanos(LockSupport.java:269)
        at java.base@21.0.5/java.util.concurrent.locks.AbstractQueuedSynchronizer$ConditionObject.awaitNanos(AbstractQueuedSynchronizer.java:1763)
        at java.base@21.0.5/java.util.concurrent.ScheduledThreadPoolExecutor$DelayedWorkQueue.take(ScheduledThreadPoolExecutor.java:1182)
        at java.base@21.0.5/java.util.concurrent.ScheduledThreadPoolExecutor$DelayedWorkQueue.take(ScheduledThreadPoolExecutor.java:899)
        at java.base@21.0.5/java.util.concurrent.ThreadPoolExecutor.getTask(ThreadPoolExecutor.java:1070)
        at java.base@21.0.5/java.util.concurrent.ThreadPoolExecutor.runWorker(ThreadPoolExecutor.java:1130)
        at java.base@21.0.5/java.util.concurrent.ThreadPoolExecutor$Worker.run(ThreadPoolExecutor.java:642)
        at java.base@21.0.5/java.lang.Thread.runWith(Thread.java:1596)
        at java.base@21.0.5/java.lang.Thread.run(Thread.java:1583)
"IPC Server handler 84 on default port 15001" daemon prio=5 tid=305 timed_waiting
java.lang.Thread.State: TIMED_WAITING
        at java.base@21.0.5/jdk.internal.misc.Unsafe.park(Native Method)
        at java.base@21.0.5/java.util.concurrent.locks.LockSupport.parkNanos(LockSupport.java:269)
        at java.base@21.0.5/java.util.concurrent.locks.AbstractQueuedSynchronizer$ConditionObject.awaitNanos(AbstractQueuedSynchronizer.java:1763)
        at java.base@21.0.5/java.util.concurrent.LinkedBlockingQueue.poll(LinkedBlockingQueue.java:460)
        at app//org.apache.hadoop.ipc.CallQueueManager.take(CallQueueManager.java:370)
        at app//org.apache.hadoop.ipc.Server$Handler.run(Server.java:3165)
"pool-193-thread-1" daemon prio=5 tid=1078 timed_waiting
java.lang.Thread.State: TIMED_WAITING
        at java.base@21.0.5/jdk.internal.misc.Unsafe.park(Native Method)
        at java.base@21.0.5/java.util.concurrent.locks.LockSupport.parkNanos(LockSupport.java:269)
        at java.base@21.0.5/java.util.concurrent.locks.AbstractQueuedSynchronizer$ConditionObject.awaitNanos(AbstractQueuedSynchronizer.java:1763)
        at java.base@21.0.5/java.util.concurrent.ScheduledThreadPoolExecutor$DelayedWorkQueue.take(ScheduledThreadPoolExecutor.java:1182)
        at java.base@21.0.5/java.util.concurrent.ScheduledThreadPoolExecutor$DelayedWorkQueue.take(ScheduledThreadPoolExecutor.java:899)
        at java.base@21.0.5/java.util.concurrent.ThreadPoolExecutor.getTask(ThreadPoolExecutor.java:1070)
        at java.base@21.0.5/java.util.concurrent.ThreadPoolExecutor.runWorker(ThreadPoolExecutor.java:1130)
        at java.base@21.0.5/java.util.concurrent.ThreadPoolExecutor$Worker.run(ThreadPoolExecutor.java:642)
        at java.base@21.0.5/java.lang.Thread.runWith(Thread.java:1596)
        at java.base@21.0.5/java.lang.Thread.run(Thread.java:1583)
"IPC Server handler 93 on default port 15002" daemon prio=5 tid=432 timed_waiting
java.lang.Thread.State: TIMED_WAITING
        at java.base@21.0.5/jdk.internal.misc.Unsafe.park(Native Method)
        at java.base@21.0.5/java.util.concurrent.locks.LockSupport.parkNanos(LockSupport.java:269)
        at java.base@21.0.5/java.util.concurrent.locks.AbstractQueuedSynchronizer$ConditionObject.awaitNanos(AbstractQueuedSynchronizer.java:1763)
        at java.base@21.0.5/java.util.concurrent.LinkedBlockingQueue.poll(LinkedBlockingQueue.java:460)
        at app//org.apache.hadoop.ipc.CallQueueManager.take(CallQueueManager.java:370)
        at app//org.apache.hadoop.ipc.Server$Handler.run(Server.java:3165)
"StaleRecoveringContainerScrubbingService#3" daemon prio=5 tid=2124 in Object.wait()
java.lang.Thread.State: WAITING (on object monitor)
        at java.base@21.0.5/jdk.internal.misc.Unsafe.park(Native Method)
        at java.base@21.0.5/java.util.concurrent.locks.LockSupport.park(LockSupport.java:371)
        at java.base@21.0.5/java.util.concurrent.locks.AbstractQueuedSynchronizer$ConditionNode.block(AbstractQueuedSynchronizer.java:519)
        at java.base@21.0.5/java.util.concurrent.ForkJoinPool.unmanagedBlock(ForkJoinPool.java:3780)
        at java.base@21.0.5/java.util.concurrent.ForkJoinPool.managedBlock(ForkJoinPool.java:3725)
        at java.base@21.0.5/java.util.concurrent.locks.AbstractQueuedSynchronizer$ConditionObject.await(AbstractQueuedSynchronizer.java:1712)
        at java.base@21.0.5/java.util.concurrent.ScheduledThreadPoolExecutor$DelayedWorkQueue.take(ScheduledThreadPoolExecutor.java:1177)
        at java.base@21.0.5/java.util.concurrent.ScheduledThreadPoolExecutor$DelayedWorkQueue.take(ScheduledThreadPoolExecutor.java:899)
        at java.base@21.0.5/java.util.concurrent.ThreadPoolExecutor.getTask(ThreadPoolExecutor.java:1070)
        at java.base@21.0.5/java.util.concurrent.ThreadPoolExecutor.runWorker(ThreadPoolExecutor.java:1130)
        at java.base@21.0.5/java.util.concurrent.ThreadPoolExecutor$Worker.run(ThreadPoolExecutor.java:642)
        at java.base@21.0.5/java.lang.Thread.runWith(Thread.java:1596)
        at java.base@21.0.5/java.lang.Thread.run(Thread.java:1583)
"qtp1883684513-760" daemon prio=5 tid=760 timed_waiting
java.lang.Thread.State: TIMED_WAITING
        at java.base@21.0.5/jdk.internal.misc.Unsafe.park(Native Method)
        at java.base@21.0.5/java.util.concurrent.locks.LockSupport.parkNanos(LockSupport.java:269)
        at java.base@21.0.5/java.util.concurrent.locks.AbstractQueuedSynchronizer$ConditionObject.awaitNanos(AbstractQueuedSynchronizer.java:1763)
        at app//org.eclipse.jetty.util.BlockingArrayQueue.poll(BlockingArrayQueue.java:382)
        at app//org.eclipse.jetty.util.thread.QueuedThreadPool$Runner.idleJobPoll(QueuedThreadPool.java:974)
        at app//org.eclipse.jetty.util.thread.QueuedThreadPool$Runner.run(QueuedThreadPool.java:1018)
        at java.base@21.0.5/java.lang.Thread.runWith(Thread.java:1596)
        at java.base@21.0.5/java.lang.Thread.run(Thread.java:1583)
"Socket Reader #2 for port 15066"  prio=5 tid=814 runnable
java.lang.Thread.State: RUNNABLE
        at java.base@21.0.5/sun.nio.ch.EPoll.wait(Native Method)
        at java.base@21.0.5/sun.nio.ch.EPollSelectorImpl.doSelect(EPollSelectorImpl.java:121)
        at java.base@21.0.5/sun.nio.ch.SelectorImpl.lockAndDoSelect(SelectorImpl.java:130)
        at java.base@21.0.5/sun.nio.ch.SelectorImpl.select(SelectorImpl.java:147)
        at app//org.apache.hadoop.ipc.Server$Listener$Reader.doRunLoop(Server.java:1497)
        at app//org.apache.hadoop.ipc.Server$Listener$Reader.run(Server.java:1476)
"Hadoop-Metrics-Updater-0" daemon prio=5 tid=1019 timed_waiting
java.lang.Thread.State: TIMED_WAITING
        at java.base@21.0.5/jdk.internal.misc.Unsafe.park(Native Method)
        at java.base@21.0.5/java.util.concurrent.locks.LockSupport.parkNanos(LockSupport.java:269)
        at java.base@21.0.5/java.util.concurrent.locks.AbstractQueuedSynchronizer$ConditionObject.awaitNanos(AbstractQueuedSynchronizer.java:1763)
        at java.base@21.0.5/java.util.concurrent.ScheduledThreadPoolExecutor$DelayedWorkQueue.take(ScheduledThreadPoolExecutor.java:1182)
        at java.base@21.0.5/java.util.concurrent.ScheduledThreadPoolExecutor$DelayedWorkQueue.take(ScheduledThreadPoolExecutor.java:899)
        at java.base@21.0.5/java.util.concurrent.ThreadPoolExecutor.getTask(ThreadPoolExecutor.java:1070)
        at java.base@21.0.5/java.util.concurrent.ThreadPoolExecutor.runWorker(ThreadPoolExecutor.java:1130)
        at java.base@21.0.5/java.util.concurrent.ThreadPoolExecutor$Worker.run(ThreadPoolExecutor.java:642)
        at java.base@21.0.5/java.lang.Thread.runWith(Thread.java:1596)
        at java.base@21.0.5/java.lang.Thread.run(Thread.java:1583)
"IPC Server handler 85 on default port 15000" daemon prio=5 tid=206 timed_waiting
java.lang.Thread.State: TIMED_WAITING
        at java.base@21.0.5/jdk.internal.misc.Unsafe.park(Native Method)
        at java.base@21.0.5/java.util.concurrent.locks.LockSupport.parkNanos(LockSupport.java:269)
        at java.base@21.0.5/java.util.concurrent.locks.AbstractQueuedSynchronizer$ConditionObject.awaitNanos(AbstractQueuedSynchronizer.java:1763)
        at java.base@21.0.5/java.util.concurrent.LinkedBlockingQueue.poll(LinkedBlockingQueue.java:460)
        at app//org.apache.hadoop.ipc.CallQueueManager.take(CallQueueManager.java:370)
        at app//org.apache.hadoop.ipc.Server$Handler.run(Server.java:3165)
"fc60e07f-496f-42fe-ae82-620152583f87-ContainerOp-8ef3bc64-5854-4584-910e-a7184706d343-7"  prio=5 tid=2093 in Object.wait()
java.lang.Thread.State: WAITING (on object monitor)
        at java.base@21.0.5/jdk.internal.misc.Unsafe.park(Native Method)
        at java.base@21.0.5/java.util.concurrent.locks.LockSupport.park(LockSupport.java:371)
        at java.base@21.0.5/java.util.concurrent.locks.AbstractQueuedSynchronizer$ConditionNode.block(AbstractQueuedSynchronizer.java:519)
        at java.base@21.0.5/java.util.concurrent.ForkJoinPool.unmanagedBlock(ForkJoinPool.java:3780)
        at java.base@21.0.5/java.util.concurrent.ForkJoinPool.managedBlock(ForkJoinPool.java:3725)
        at java.base@21.0.5/java.util.concurrent.locks.AbstractQueuedSynchronizer$ConditionObject.await(AbstractQueuedSynchronizer.java:1712)
        at java.base@21.0.5/java.util.concurrent.LinkedBlockingQueue.take(LinkedBlockingQueue.java:435)
        at java.base@21.0.5/java.util.concurrent.ThreadPoolExecutor.getTask(ThreadPoolExecutor.java:1070)
        at java.base@21.0.5/java.util.concurrent.ThreadPoolExecutor.runWorker(ThreadPoolExecutor.java:1130)
        at java.base@21.0.5/java.util.concurrent.ThreadPoolExecutor$Worker.run(ThreadPoolExecutor.java:642)
        at java.base@21.0.5/java.lang.Thread.runWith(Thread.java:1596)
        at java.base@21.0.5/java.lang.Thread.run(Thread.java:1583)
"fc60e07f-496f-42fe-ae82-620152583f87-DatanodeReportManager-3" daemon prio=5 tid=748 in Object.wait()
java.lang.Thread.State: WAITING (on object monitor)
        at java.base@21.0.5/jdk.internal.misc.Unsafe.park(Native Method)
        at java.base@21.0.5/java.util.concurrent.locks.LockSupport.park(LockSupport.java:371)
        at java.base@21.0.5/java.util.concurrent.locks.AbstractQueuedSynchronizer$ConditionNode.block(AbstractQueuedSynchronizer.java:519)
        at java.base@21.0.5/java.util.concurrent.ForkJoinPool.unmanagedBlock(ForkJoinPool.java:3780)
        at java.base@21.0.5/java.util.concurrent.ForkJoinPool.managedBlock(ForkJoinPool.java:3725)
        at java.base@21.0.5/java.util.concurrent.locks.AbstractQueuedSynchronizer$ConditionObject.await(AbstractQueuedSynchronizer.java:1712)
        at java.base@21.0.5/java.util.concurrent.ScheduledThreadPoolExecutor$DelayedWorkQueue.take(ScheduledThreadPoolExecutor.java:1177)
        at java.base@21.0.5/java.util.concurrent.ScheduledThreadPoolExecutor$DelayedWorkQueue.take(ScheduledThreadPoolExecutor.java:899)
        at java.base@21.0.5/java.util.concurrent.ThreadPoolExecutor.getTask(ThreadPoolExecutor.java:1070)
        at java.base@21.0.5/java.util.concurrent.ThreadPoolExecutor.runWorker(ThreadPoolExecutor.java:1130)
        at java.base@21.0.5/java.util.concurrent.ThreadPoolExecutor$Worker.run(ThreadPoolExecutor.java:642)
        at java.base@21.0.5/java.lang.Thread.runWith(Thread.java:1596)
        at java.base@21.0.5/java.lang.Thread.run(Thread.java:1583)
"a14cd1ab-7861-42f9-8639-15260a7193f0@group-D14C45472CDA-LeaderStateImpl" daemon prio=5 tid=2250 timed_waiting
java.lang.Thread.State: TIMED_WAITING
        at java.base@21.0.5/jdk.internal.misc.Unsafe.park(Native Method)
        at java.base@21.0.5/java.util.concurrent.locks.LockSupport.parkNanos(LockSupport.java:269)
        at java.base@21.0.5/java.util.concurrent.locks.AbstractQueuedSynchronizer$ConditionObject.awaitNanos(AbstractQueuedSynchronizer.java:1763)
        at java.base@21.0.5/java.util.concurrent.ArrayBlockingQueue.poll(ArrayBlockingQueue.java:435)
        at app//org.apache.ratis.server.impl.LeaderStateImpl$EventQueue.poll(LeaderStateImpl.java:164)
        at app//org.apache.ratis.server.impl.LeaderStateImpl$EventProcessor.run(LeaderStateImpl.java:763)
"FixedThreadPoolWithAffinityExecutor-7-0" daemon prio=5 tid=110 timed_waiting
java.lang.Thread.State: TIMED_WAITING
        at java.base@21.0.5/jdk.internal.misc.Unsafe.park(Native Method)
        at java.base@21.0.5/java.util.concurrent.locks.LockSupport.parkNanos(LockSupport.java:269)
        at java.base@21.0.5/java.util.concurrent.locks.AbstractQueuedSynchronizer$ConditionObject.awaitNanos(AbstractQueuedSynchronizer.java:1763)
        at java.base@21.0.5/java.util.concurrent.LinkedBlockingQueue.poll(LinkedBlockingQueue.java:460)
        at app//org.apache.hadoop.hdds.scm.server.ContainerReportQueue.poll(ContainerReportQueue.java:269)
        at app//org.apache.hadoop.hdds.scm.server.ContainerReportQueue.poll(ContainerReportQueue.java:42)
        at app//org.apache.hadoop.hdds.server.events.FixedThreadPoolWithAffinityExecutor$ContainerReportProcessTask.run(FixedThreadPoolWithAffinityExecutor.java:253)
        at java.base@21.0.5/java.util.concurrent.Executors$RunnableAdapter.call(Executors.java:572)
        at java.base@21.0.5/java.util.concurrent.FutureTask.run(FutureTask.java:317)
        at java.base@21.0.5/java.util.concurrent.ThreadPoolExecutor.runWorker(ThreadPoolExecutor.java:1144)
        at java.base@21.0.5/java.util.concurrent.ThreadPoolExecutor$Worker.run(ThreadPoolExecutor.java:642)
        at java.base@21.0.5/java.lang.Thread.runWith(Thread.java:1596)
        at java.base@21.0.5/java.lang.Thread.run(Thread.java:1583)
"IPC Server handler 60 on default port 15000" daemon prio=5 tid=181 timed_waiting
java.lang.Thread.State: TIMED_WAITING
        at java.base@21.0.5/jdk.internal.misc.Unsafe.park(Native Method)
        at java.base@21.0.5/java.util.concurrent.locks.LockSupport.parkNanos(LockSupport.java:269)
        at java.base@21.0.5/java.util.concurrent.locks.AbstractQueuedSynchronizer$ConditionObject.awaitNanos(AbstractQueuedSynchronizer.java:1763)
        at java.base@21.0.5/java.util.concurrent.LinkedBlockingQueue.poll(LinkedBlockingQueue.java:460)
        at app//org.apache.hadoop.ipc.CallQueueManager.take(CallQueueManager.java:370)
        at app//org.apache.hadoop.ipc.Server$Handler.run(Server.java:3165)
"IPC Server listener on 15084" daemon prio=5 tid=942 runnable
java.lang.Thread.State: RUNNABLE
        at java.base@21.0.5/sun.nio.ch.EPoll.wait(Native Method)
        at java.base@21.0.5/sun.nio.ch.EPollSelectorImpl.doSelect(EPollSelectorImpl.java:121)
        at java.base@21.0.5/sun.nio.ch.SelectorImpl.lockAndDoSelect(SelectorImpl.java:130)
        at java.base@21.0.5/sun.nio.ch.SelectorImpl.select(SelectorImpl.java:147)
        at app//org.apache.hadoop.ipc.Server$Listener.run(Server.java:1559)
"7c84fc52-fa7b-40d9-a19c-d4e4c83c5fa3@group-B8383FC2DAB2-LeaderStateImpl" daemon prio=5 tid=2045 timed_waiting
java.lang.Thread.State: TIMED_WAITING
        at java.base@21.0.5/jdk.internal.misc.Unsafe.park(Native Method)
        at java.base@21.0.5/java.util.concurrent.locks.LockSupport.parkNanos(LockSupport.java:269)
        at java.base@21.0.5/java.util.concurrent.locks.AbstractQueuedSynchronizer$ConditionObject.awaitNanos(AbstractQueuedSynchronizer.java:1763)
        at java.base@21.0.5/java.util.concurrent.ArrayBlockingQueue.poll(ArrayBlockingQueue.java:435)
        at app//org.apache.ratis.server.impl.LeaderStateImpl$EventQueue.poll(LeaderStateImpl.java:164)
        at app//org.apache.ratis.server.impl.LeaderStateImpl$EventProcessor.run(LeaderStateImpl.java:763)
"17963aff-71fe-4a8f-bd2e-c405ff93174f-groupManagement" daemon prio=5 tid=1295 in Object.wait()
java.lang.Thread.State: WAITING (on object monitor)
        at java.base@21.0.5/jdk.internal.misc.Unsafe.park(Native Method)
        at java.base@21.0.5/java.util.concurrent.locks.LockSupport.park(LockSupport.java:371)
        at java.base@21.0.5/java.util.concurrent.locks.AbstractQueuedSynchronizer$ConditionNode.block(AbstractQueuedSynchronizer.java:519)
        at java.base@21.0.5/java.util.concurrent.ForkJoinPool.unmanagedBlock(ForkJoinPool.java:3780)
        at java.base@21.0.5/java.util.concurrent.ForkJoinPool.managedBlock(ForkJoinPool.java:3725)
        at java.base@21.0.5/java.util.concurrent.locks.AbstractQueuedSynchronizer$ConditionObject.await(AbstractQueuedSynchronizer.java:1712)
        at java.base@21.0.5/java.util.concurrent.LinkedBlockingQueue.take(LinkedBlockingQueue.java:435)
        at java.base@21.0.5/java.util.concurrent.ThreadPoolExecutor.getTask(ThreadPoolExecutor.java:1070)
        at java.base@21.0.5/java.util.concurrent.ThreadPoolExecutor.runWorker(ThreadPoolExecutor.java:1130)
        at java.base@21.0.5/java.util.concurrent.ThreadPoolExecutor$Worker.run(ThreadPoolExecutor.java:642)
        at java.base@21.0.5/java.lang.Thread.runWith(Thread.java:1596)
        at java.base@21.0.5/java.lang.Thread.run(Thread.java:1583)
"Socket Reader #3 for port 15066"  prio=5 tid=815 runnable
java.lang.Thread.State: RUNNABLE
        at java.base@21.0.5/sun.nio.ch.EPoll.wait(Native Method)
        at java.base@21.0.5/sun.nio.ch.EPollSelectorImpl.doSelect(EPollSelectorImpl.java:121)
        at java.base@21.0.5/sun.nio.ch.SelectorImpl.lockAndDoSelect(SelectorImpl.java:130)
        at java.base@21.0.5/sun.nio.ch.SelectorImpl.select(SelectorImpl.java:147)
        at app//org.apache.hadoop.ipc.Server$Listener$Reader.doRunLoop(Server.java:1497)
        at app//org.apache.hadoop.ipc.Server$Listener$Reader.run(Server.java:1476)
"Socket Reader #1 for port 15001"  prio=5 tid=76 runnable
java.lang.Thread.State: RUNNABLE
        at java.base@21.0.5/sun.nio.ch.EPoll.wait(Native Method)
        at java.base@21.0.5/sun.nio.ch.EPollSelectorImpl.doSelect(EPollSelectorImpl.java:121)
        at java.base@21.0.5/sun.nio.ch.SelectorImpl.lockAndDoSelect(SelectorImpl.java:130)
        at java.base@21.0.5/sun.nio.ch.SelectorImpl.select(SelectorImpl.java:147)
        at app//org.apache.hadoop.ipc.Server$Listener$Reader.doRunLoop(Server.java:1497)
        at app//org.apache.hadoop.ipc.Server$Listener$Reader.run(Server.java:1476)
"IPC Server listener on 15066" daemon prio=5 tid=812 runnable
java.lang.Thread.State: RUNNABLE
        at java.base@21.0.5/sun.nio.ch.EPoll.wait(Native Method)
        at java.base@21.0.5/sun.nio.ch.EPollSelectorImpl.doSelect(EPollSelectorImpl.java:121)
        at java.base@21.0.5/sun.nio.ch.SelectorImpl.lockAndDoSelect(SelectorImpl.java:130)
        at java.base@21.0.5/sun.nio.ch.SelectorImpl.select(SelectorImpl.java:147)
        at app//org.apache.hadoop.ipc.Server$Listener.run(Server.java:1559)
"qtp775920937-850" daemon prio=5 tid=850 runnable
java.lang.Thread.State: RUNNABLE
        at java.base@21.0.5/sun.nio.ch.EPoll.wait(Native Method)
        at java.base@21.0.5/sun.nio.ch.EPollSelectorImpl.doSelect(EPollSelectorImpl.java:121)
        at java.base@21.0.5/sun.nio.ch.SelectorImpl.lockAndDoSelect(SelectorImpl.java:130)
        at java.base@21.0.5/sun.nio.ch.SelectorImpl.select(SelectorImpl.java:147)
        at app//org.eclipse.jetty.io.ManagedSelector.nioSelect(ManagedSelector.java:183)
        at app//org.eclipse.jetty.io.ManagedSelector.select(ManagedSelector.java:190)
        at app//org.eclipse.jetty.io.ManagedSelector$SelectorProducer.select(ManagedSelector.java:606)
        at app//org.eclipse.jetty.io.ManagedSelector$SelectorProducer.produce(ManagedSelector.java:543)
        at app//org.eclipse.jetty.util.thread.strategy.EatWhatYouKill.produceTask(EatWhatYouKill.java:362)
        at app//org.eclipse.jetty.util.thread.strategy.EatWhatYouKill.doProduce(EatWhatYouKill.java:186)
        at app//org.eclipse.jetty.util.thread.strategy.EatWhatYouKill.tryProduce(EatWhatYouKill.java:173)
        at app//org.eclipse.jetty.util.thread.strategy.EatWhatYouKill.produce(EatWhatYouKill.java:137)
        at app//org.eclipse.jetty.io.ManagedSelector$$Lambda/0x00007fcfe0662730.run(Unknown Source)
        at app//org.eclipse.jetty.util.thread.QueuedThreadPool.runJob(QueuedThreadPool.java:883)
        at app//org.eclipse.jetty.util.thread.QueuedThreadPool$Runner.run(QueuedThreadPool.java:1034)
        at java.base@21.0.5/java.lang.Thread.runWith(Thread.java:1596)
        at java.base@21.0.5/java.lang.Thread.run(Thread.java:1583)
"IPC Server handler 9 on default port 15066" daemon prio=5 tid=835 timed_waiting
java.lang.Thread.State: TIMED_WAITING
        at java.base@21.0.5/jdk.internal.misc.Unsafe.park(Native Method)
        at java.base@21.0.5/java.util.concurrent.locks.LockSupport.parkNanos(LockSupport.java:269)
        at java.base@21.0.5/java.util.concurrent.locks.AbstractQueuedSynchronizer$ConditionObject.awaitNanos(AbstractQueuedSynchronizer.java:1763)
        at java.base@21.0.5/java.util.concurrent.LinkedBlockingQueue.poll(LinkedBlockingQueue.java:460)
        at app//org.apache.hadoop.ipc.CallQueueManager.take(CallQueueManager.java:370)
        at app//org.apache.hadoop.ipc.Server$Handler.run(Server.java:3165)
"StaleRecoveringContainerScrubbingService#2" daemon prio=5 tid=1821 in Object.wait()
java.lang.Thread.State: WAITING (on object monitor)
        at java.base@21.0.5/jdk.internal.misc.Unsafe.park(Native Method)
        at java.base@21.0.5/java.util.concurrent.locks.LockSupport.park(LockSupport.java:371)
        at java.base@21.0.5/java.util.concurrent.locks.AbstractQueuedSynchronizer$ConditionNode.block(AbstractQueuedSynchronizer.java:519)
        at java.base@21.0.5/java.util.concurrent.ForkJoinPool.unmanagedBlock(ForkJoinPool.java:3780)
        at java.base@21.0.5/java.util.concurrent.ForkJoinPool.managedBlock(ForkJoinPool.java:3725)
        at java.base@21.0.5/java.util.concurrent.locks.AbstractQueuedSynchronizer$ConditionObject.await(AbstractQueuedSynchronizer.java:1712)
        at java.base@21.0.5/java.util.concurrent.ScheduledThreadPoolExecutor$DelayedWorkQueue.take(ScheduledThreadPoolExecutor.java:1177)
        at java.base@21.0.5/java.util.concurrent.ScheduledThreadPoolExecutor$DelayedWorkQueue.take(ScheduledThreadPoolExecutor.java:899)
        at java.base@21.0.5/java.util.concurrent.ThreadPoolExecutor.getTask(ThreadPoolExecutor.java:1070)
        at java.base@21.0.5/java.util.concurrent.ThreadPoolExecutor.runWorker(ThreadPoolExecutor.java:1130)
        at java.base@21.0.5/java.util.concurrent.ThreadPoolExecutor$Worker.run(ThreadPoolExecutor.java:642)
        at java.base@21.0.5/java.lang.Thread.runWith(Thread.java:1596)
        at java.base@21.0.5/java.lang.Thread.run(Thread.java:1583)
"IPC Server handler 9 on default port 15048" daemon prio=5 tid=743 timed_waiting
java.lang.Thread.State: TIMED_WAITING
        at java.base@21.0.5/jdk.internal.misc.Unsafe.park(Native Method)
        at java.base@21.0.5/java.util.concurrent.locks.LockSupport.parkNanos(LockSupport.java:269)
        at java.base@21.0.5/java.util.concurrent.locks.AbstractQueuedSynchronizer$ConditionObject.awaitNanos(AbstractQueuedSynchronizer.java:1763)
        at java.base@21.0.5/java.util.concurrent.LinkedBlockingQueue.poll(LinkedBlockingQueue.java:460)
        at app//org.apache.hadoop.ipc.CallQueueManager.take(CallQueueManager.java:370)
        at app//org.apache.hadoop.ipc.Server$Handler.run(Server.java:3165)
"IPC Server handler 38 on default port 15001" daemon prio=5 tid=259 timed_waiting
java.lang.Thread.State: TIMED_WAITING
        at java.base@21.0.5/jdk.internal.misc.Unsafe.park(Native Method)
        at java.base@21.0.5/java.util.concurrent.locks.LockSupport.parkNanos(LockSupport.java:269)
        at java.base@21.0.5/java.util.concurrent.locks.AbstractQueuedSynchronizer$ConditionObject.awaitNanos(AbstractQueuedSynchronizer.java:1763)
        at java.base@21.0.5/java.util.concurrent.LinkedBlockingQueue.poll(LinkedBlockingQueue.java:460)
        at app//org.apache.hadoop.ipc.CallQueueManager.take(CallQueueManager.java:370)
        at app//org.apache.hadoop.ipc.Server$Handler.run(Server.java:3165)
"ContainerMetadataScanner" daemon prio=5 tid=930 timed_waiting
java.lang.Thread.State: TIMED_WAITING
        at java.base@21.0.5/java.lang.Thread.sleep0(Native Method)
        at java.base@21.0.5/java.lang.Thread.sleep(Thread.java:509)
        at app//org.apache.hadoop.ozone.container.ozoneimpl.AbstractBackgroundContainerScanner.handleRemainingSleep(AbstractBackgroundContainerScanner.java:131)
        at app//org.apache.hadoop.ozone.container.ozoneimpl.AbstractBackgroundContainerScanner.runIteration(AbstractBackgroundContainerScanner.java:98)
        at app//org.apache.hadoop.ozone.container.ozoneimpl.AbstractBackgroundContainerScanner.run(AbstractBackgroundContainerScanner.java:57)
"Socket Reader #1 for port 15021"  prio=5 tid=581 runnable
java.lang.Thread.State: RUNNABLE
        at java.base@21.0.5/sun.nio.ch.EPoll.wait(Native Method)
        at java.base@21.0.5/sun.nio.ch.EPollSelectorImpl.doSelect(EPollSelectorImpl.java:121)
        at java.base@21.0.5/sun.nio.ch.SelectorImpl.lockAndDoSelect(SelectorImpl.java:130)
        at java.base@21.0.5/sun.nio.ch.SelectorImpl.select(SelectorImpl.java:147)
        at app//org.apache.hadoop.ipc.Server$Listener$Reader.doRunLoop(Server.java:1497)
        at app//org.apache.hadoop.ipc.Server$Listener$Reader.run(Server.java:1476)
"7c84fc52-fa7b-40d9-a19c-d4e4c83c5fa3-server-thread3" daemon prio=5 tid=2037 timed_waiting
java.lang.Thread.State: TIMED_WAITING
        at java.base@21.0.5/jdk.internal.misc.Unsafe.park(Native Method)
        at java.base@21.0.5/java.util.concurrent.locks.LockSupport.parkNanos(LockSupport.java:410)
        at java.base@21.0.5/java.util.concurrent.LinkedTransferQueue$DualNode.await(LinkedTransferQueue.java:452)
        at java.base@21.0.5/java.util.concurrent.SynchronousQueue$Transferer.xferLifo(SynchronousQueue.java:194)
        at java.base@21.0.5/java.util.concurrent.SynchronousQueue.xfer(SynchronousQueue.java:235)
        at java.base@21.0.5/java.util.concurrent.SynchronousQueue.poll(SynchronousQueue.java:338)
        at java.base@21.0.5/java.util.concurrent.ThreadPoolExecutor.getTask(ThreadPoolExecutor.java:1069)
        at java.base@21.0.5/java.util.concurrent.ThreadPoolExecutor.runWorker(ThreadPoolExecutor.java:1130)
        at java.base@21.0.5/java.util.concurrent.ThreadPoolExecutor$Worker.run(ThreadPoolExecutor.java:642)
        at java.base@21.0.5/java.lang.Thread.runWith(Thread.java:1596)
        at java.base@21.0.5/java.lang.Thread.run(Thread.java:1583)
"qtp1811005420-985" daemon prio=5 tid=985 timed_waiting
java.lang.Thread.State: TIMED_WAITING
        at java.base@21.0.5/jdk.internal.misc.Unsafe.park(Native Method)
        at java.base@21.0.5/java.util.concurrent.locks.LockSupport.parkNanos(LockSupport.java:269)
        at java.base@21.0.5/java.util.concurrent.locks.AbstractQueuedSynchronizer$ConditionObject.awaitNanos(AbstractQueuedSynchronizer.java:1763)
        at app//org.eclipse.jetty.util.BlockingArrayQueue.poll(BlockingArrayQueue.java:382)
        at app//org.eclipse.jetty.util.thread.QueuedThreadPool$Runner.idleJobPoll(QueuedThreadPool.java:974)
        at app//org.eclipse.jetty.util.thread.QueuedThreadPool$Runner.run(QueuedThreadPool.java:1018)
        at java.base@21.0.5/java.lang.Thread.runWith(Thread.java:1596)
        at java.base@21.0.5/java.lang.Thread.run(Thread.java:1583)
"IPC Server handler 9 on default port 15002" daemon prio=5 tid=348 timed_waiting
java.lang.Thread.State: TIMED_WAITING
        at java.base@21.0.5/jdk.internal.misc.Unsafe.park(Native Method)
        at java.base@21.0.5/java.util.concurrent.locks.LockSupport.parkNanos(LockSupport.java:269)
        at java.base@21.0.5/java.util.concurrent.locks.AbstractQueuedSynchronizer$ConditionObject.awaitNanos(AbstractQueuedSynchronizer.java:1763)
        at java.base@21.0.5/java.util.concurrent.LinkedBlockingQueue.poll(LinkedBlockingQueue.java:460)
        at app//org.apache.hadoop.ipc.CallQueueManager.take(CallQueueManager.java:370)
        at app//org.apache.hadoop.ipc.Server$Handler.run(Server.java:3165)
"IPC Server handler 92 on default port 15002" daemon prio=5 tid=431 timed_waiting
java.lang.Thread.State: TIMED_WAITING
        at java.base@21.0.5/jdk.internal.misc.Unsafe.park(Native Method)
        at java.base@21.0.5/java.util.concurrent.locks.LockSupport.parkNanos(LockSupport.java:269)
        at java.base@21.0.5/java.util.concurrent.locks.AbstractQueuedSynchronizer$ConditionObject.awaitNanos(AbstractQueuedSynchronizer.java:1763)
        at java.base@21.0.5/java.util.concurrent.LinkedBlockingQueue.poll(LinkedBlockingQueue.java:460)
        at app//org.apache.hadoop.ipc.CallQueueManager.take(CallQueueManager.java:370)
        at app//org.apache.hadoop.ipc.Server$Handler.run(Server.java:3165)
"IPC Server handler 5 on default port 15084" daemon prio=5 tid=961 timed_waiting
java.lang.Thread.State: TIMED_WAITING
        at java.base@21.0.5/jdk.internal.misc.Unsafe.park(Native Method)
        at java.base@21.0.5/java.util.concurrent.locks.LockSupport.parkNanos(LockSupport.java:269)
        at java.base@21.0.5/java.util.concurrent.locks.AbstractQueuedSynchronizer$ConditionObject.awaitNanos(AbstractQueuedSynchronizer.java:1763)
        at java.base@21.0.5/java.util.concurrent.LinkedBlockingQueue.poll(LinkedBlockingQueue.java:460)
        at app//org.apache.hadoop.ipc.CallQueueManager.take(CallQueueManager.java:370)
        at app//org.apache.hadoop.ipc.Server$Handler.run(Server.java:3165)
"d1093f6a-6992-456d-ac47-966fa1bbc12e-ChunkWriter-3-0" daemon prio=5 tid=1951 in Object.wait()
java.lang.Thread.State: WAITING (on object monitor)
        at java.base@21.0.5/jdk.internal.misc.Unsafe.park(Native Method)
        at java.base@21.0.5/java.util.concurrent.locks.LockSupport.park(LockSupport.java:371)
        at java.base@21.0.5/java.util.concurrent.locks.AbstractQueuedSynchronizer$ConditionNode.block(AbstractQueuedSynchronizer.java:519)
        at java.base@21.0.5/java.util.concurrent.ForkJoinPool.unmanagedBlock(ForkJoinPool.java:3780)
        at java.base@21.0.5/java.util.concurrent.ForkJoinPool.managedBlock(ForkJoinPool.java:3725)
        at java.base@21.0.5/java.util.concurrent.locks.AbstractQueuedSynchronizer$ConditionObject.await(AbstractQueuedSynchronizer.java:1712)
        at java.base@21.0.5/java.util.concurrent.LinkedBlockingDeque.takeFirst(LinkedBlockingDeque.java:485)
        at java.base@21.0.5/java.util.concurrent.LinkedBlockingDeque.take(LinkedBlockingDeque.java:673)
        at java.base@21.0.5/java.util.concurrent.ThreadPoolExecutor.getTask(ThreadPoolExecutor.java:1070)
        at java.base@21.0.5/java.util.concurrent.ThreadPoolExecutor.runWorker(ThreadPoolExecutor.java:1130)
        at java.base@21.0.5/java.util.concurrent.ThreadPoolExecutor$Worker.run(ThreadPoolExecutor.java:642)
        at java.base@21.0.5/java.lang.Thread.runWith(Thread.java:1596)
        at java.base@21.0.5/java.lang.Thread.run(Thread.java:1583)
"IPC Server handler 87 on default port 15000" daemon prio=5 tid=208 timed_waiting
java.lang.Thread.State: TIMED_WAITING
        at java.base@21.0.5/jdk.internal.misc.Unsafe.park(Native Method)
        at java.base@21.0.5/java.util.concurrent.locks.LockSupport.parkNanos(LockSupport.java:269)
        at java.base@21.0.5/java.util.concurrent.locks.AbstractQueuedSynchronizer$ConditionObject.awaitNanos(AbstractQueuedSynchronizer.java:1763)
        at java.base@21.0.5/java.util.concurrent.LinkedBlockingQueue.poll(LinkedBlockingQueue.java:460)
        at app//org.apache.hadoop.ipc.CallQueueManager.take(CallQueueManager.java:370)
        at app//org.apache.hadoop.ipc.Server$Handler.run(Server.java:3165)
"JvmPauseMonitor8" daemon prio=5 tid=1085 timed_waiting
java.lang.Thread.State: TIMED_WAITING
        at java.base@21.0.5/java.lang.Thread.sleep0(Native Method)
        at java.base@21.0.5/java.lang.Thread.sleep(Thread.java:558)
        at java.base@21.0.5/java.util.concurrent.TimeUnit.sleep(TimeUnit.java:446)
        at app//org.apache.ratis.util.TimeDuration.sleep(TimeDuration.java:353)
        at app//org.apache.ratis.util.TimeDuration.sleep(TimeDuration.java:338)
        at app//org.apache.ratis.util.JvmPauseMonitor.detectPause(JvmPauseMonitor.java:160)
        at app//org.apache.ratis.util.JvmPauseMonitor.run(JvmPauseMonitor.java:149)
        at app//org.apache.ratis.util.JvmPauseMonitor$$Lambda/0x00007fcfe0390000.run(Unknown Source)
        at java.base@21.0.5/java.lang.Thread.runWith(Thread.java:1596)
        at java.base@21.0.5/java.lang.Thread.run(Thread.java:1583)
"SCMHATransactionMonitor" daemon prio=5 tid=119 timed_waiting
java.lang.Thread.State: TIMED_WAITING
        at java.base@21.0.5/java.lang.Object.wait0(Native Method)
        at java.base@21.0.5/java.lang.Object.wait(Object.java:366)
        at app//org.apache.hadoop.hdds.scm.ha.BackgroundSCMService.run(BackgroundSCMService.java:107)
        at app//org.apache.hadoop.hdds.scm.ha.BackgroundSCMService$$Lambda/0x00007fcfe04abbf8.run(Unknown Source)
        at java.base@21.0.5/java.lang.Thread.runWith(Thread.java:1596)
        at java.base@21.0.5/java.lang.Thread.run(Thread.java:1583)
"Hadoop-Metrics-Updater-0" daemon prio=5 tid=1922 timed_waiting
java.lang.Thread.State: TIMED_WAITING
        at java.base@21.0.5/jdk.internal.misc.Unsafe.park(Native Method)
        at java.base@21.0.5/java.util.concurrent.locks.LockSupport.parkNanos(LockSupport.java:269)
        at java.base@21.0.5/java.util.concurrent.locks.AbstractQueuedSynchronizer$ConditionObject.awaitNanos(AbstractQueuedSynchronizer.java:1763)
        at java.base@21.0.5/java.util.concurrent.ScheduledThreadPoolExecutor$DelayedWorkQueue.take(ScheduledThreadPoolExecutor.java:1182)
        at java.base@21.0.5/java.util.concurrent.ScheduledThreadPoolExecutor$DelayedWorkQueue.take(ScheduledThreadPoolExecutor.java:899)
        at java.base@21.0.5/java.util.concurrent.ThreadPoolExecutor.getTask(ThreadPoolExecutor.java:1070)
        at java.base@21.0.5/java.util.concurrent.ThreadPoolExecutor.runWorker(ThreadPoolExecutor.java:1130)
        at java.base@21.0.5/java.util.concurrent.ThreadPoolExecutor$Worker.run(ThreadPoolExecutor.java:642)
        at java.base@21.0.5/java.lang.Thread.runWith(Thread.java:1596)
        at java.base@21.0.5/java.lang.Thread.run(Thread.java:1583)
"Socket Reader #8 for port 15084"  prio=5 tid=950 runnable
java.lang.Thread.State: RUNNABLE
        at java.base@21.0.5/sun.nio.ch.EPoll.wait(Native Method)
        at java.base@21.0.5/sun.nio.ch.EPollSelectorImpl.doSelect(EPollSelectorImpl.java:121)
        at java.base@21.0.5/sun.nio.ch.SelectorImpl.lockAndDoSelect(SelectorImpl.java:130)
        at java.base@21.0.5/sun.nio.ch.SelectorImpl.select(SelectorImpl.java:147)
        at app//org.apache.hadoop.ipc.Server$Listener$Reader.doRunLoop(Server.java:1497)
        at app//org.apache.hadoop.ipc.Server$Listener$Reader.run(Server.java:1476)
"IPC Server handler 33 on default port 15000" daemon prio=5 tid=154 timed_waiting
java.lang.Thread.State: TIMED_WAITING
        at java.base@21.0.5/jdk.internal.misc.Unsafe.park(Native Method)
        at java.base@21.0.5/java.util.concurrent.locks.LockSupport.parkNanos(LockSupport.java:269)
        at java.base@21.0.5/java.util.concurrent.locks.AbstractQueuedSynchronizer$ConditionObject.awaitNanos(AbstractQueuedSynchronizer.java:1763)
        at java.base@21.0.5/java.util.concurrent.LinkedBlockingQueue.poll(LinkedBlockingQueue.java:460)
        at app//org.apache.hadoop.ipc.CallQueueManager.take(CallQueueManager.java:370)
        at app//org.apache.hadoop.ipc.Server$Handler.run(Server.java:3165)
"IPC Server handler 39 on default port 15001" daemon prio=5 tid=260 timed_waiting
java.lang.Thread.State: TIMED_WAITING
        at java.base@21.0.5/jdk.internal.misc.Unsafe.park(Native Method)
        at java.base@21.0.5/java.util.concurrent.locks.LockSupport.parkNanos(LockSupport.java:269)
        at java.base@21.0.5/java.util.concurrent.locks.AbstractQueuedSynchronizer$ConditionObject.awaitNanos(AbstractQueuedSynchronizer.java:1763)
        at java.base@21.0.5/java.util.concurrent.LinkedBlockingQueue.poll(LinkedBlockingQueue.java:460)
        at app//org.apache.hadoop.ipc.CallQueueManager.take(CallQueueManager.java:370)
        at app//org.apache.hadoop.ipc.Server$Handler.run(Server.java:3165)
"IPC Server handler 60 on default port 15001" daemon prio=5 tid=281 timed_waiting
java.lang.Thread.State: TIMED_WAITING
        at java.base@21.0.5/jdk.internal.misc.Unsafe.park(Native Method)
        at java.base@21.0.5/java.util.concurrent.locks.LockSupport.parkNanos(LockSupport.java:269)
        at java.base@21.0.5/java.util.concurrent.locks.AbstractQueuedSynchronizer$ConditionObject.awaitNanos(AbstractQueuedSynchronizer.java:1763)
        at java.base@21.0.5/java.util.concurrent.LinkedBlockingQueue.poll(LinkedBlockingQueue.java:460)
        at app//org.apache.hadoop.ipc.CallQueueManager.take(CallQueueManager.java:370)
        at app//org.apache.hadoop.ipc.Server$Handler.run(Server.java:3165)
"a14cd1ab-7861-42f9-8639-15260a7193f0-NettyServerStreamRpc-bossGroup--thread1"  prio=5 tid=2138 runnable
java.lang.Thread.State: RUNNABLE
        at app//org.apache.ratis.thirdparty.io.netty.channel.epoll.Native.epollWait(Native Method)
        at app//org.apache.ratis.thirdparty.io.netty.channel.epoll.Native.epollWait(Native.java:220)
        at app//org.apache.ratis.thirdparty.io.netty.channel.epoll.Native.epollWait(Native.java:213)
        at app//org.apache.ratis.thirdparty.io.netty.channel.epoll.EpollEventLoop.epollWaitNoTimerChange(EpollEventLoop.java:308)
        at app//org.apache.ratis.thirdparty.io.netty.channel.epoll.EpollEventLoop.run(EpollEventLoop.java:365)
        at app//org.apache.ratis.thirdparty.io.netty.util.concurrent.SingleThreadEventExecutor$4.run(SingleThreadEventExecutor.java:997)
        at app//org.apache.ratis.thirdparty.io.netty.util.internal.ThreadExecutorMap$2.run(ThreadExecutorMap.java:74)
        at java.base@21.0.5/java.lang.Thread.runWith(Thread.java:1596)
        at java.base@21.0.5/java.lang.Thread.run(Thread.java:1583)
"fc60e07f-496f-42fe-ae82-620152583f87-ChunkReader-ELG-0" daemon prio=5 tid=1068 runnable
java.lang.Thread.State: RUNNABLE
        at app//org.apache.ratis.thirdparty.io.netty.channel.epoll.Native.epollWait0(Native Method)
        at app//org.apache.ratis.thirdparty.io.netty.channel.epoll.Native.epollWait(Native.java:193)
        at app//org.apache.ratis.thirdparty.io.netty.channel.epoll.EpollEventLoop.epollWait(EpollEventLoop.java:304)
        at app//org.apache.ratis.thirdparty.io.netty.channel.epoll.EpollEventLoop.run(EpollEventLoop.java:368)
        at app//org.apache.ratis.thirdparty.io.netty.util.concurrent.SingleThreadEventExecutor$4.run(SingleThreadEventExecutor.java:997)
        at app//org.apache.ratis.thirdparty.io.netty.util.internal.ThreadExecutorMap$2.run(ThreadExecutorMap.java:74)
        at java.base@21.0.5/java.lang.Thread.runWith(Thread.java:1596)
        at java.base@21.0.5/java.lang.Thread.run(Thread.java:1583)
"Socket Reader #1 for port 15075"  prio=5 tid=879 runnable
java.lang.Thread.State: RUNNABLE
        at java.base@21.0.5/sun.nio.ch.EPoll.wait(Native Method)
        at java.base@21.0.5/sun.nio.ch.EPollSelectorImpl.doSelect(EPollSelectorImpl.java:121)
        at java.base@21.0.5/sun.nio.ch.SelectorImpl.lockAndDoSelect(SelectorImpl.java:130)
        at java.base@21.0.5/sun.nio.ch.SelectorImpl.select(SelectorImpl.java:147)
        at app//org.apache.hadoop.ipc.Server$Listener$Reader.doRunLoop(Server.java:1497)
        at app//org.apache.hadoop.ipc.Server$Listener$Reader.run(Server.java:1476)
"om1-groupManagement"  prio=5 tid=447 in Object.wait()
java.lang.Thread.State: WAITING (on object monitor)
        at java.base@21.0.5/jdk.internal.misc.Unsafe.park(Native Method)
        at java.base@21.0.5/java.util.concurrent.locks.LockSupport.park(LockSupport.java:371)
        at java.base@21.0.5/java.util.concurrent.locks.AbstractQueuedSynchronizer$ConditionNode.block(AbstractQueuedSynchronizer.java:519)
        at java.base@21.0.5/java.util.concurrent.ForkJoinPool.unmanagedBlock(ForkJoinPool.java:3780)
        at java.base@21.0.5/java.util.concurrent.ForkJoinPool.managedBlock(ForkJoinPool.java:3725)
        at java.base@21.0.5/java.util.concurrent.locks.AbstractQueuedSynchronizer$ConditionObject.await(AbstractQueuedSynchronizer.java:1712)
        at java.base@21.0.5/java.util.concurrent.LinkedBlockingQueue.take(LinkedBlockingQueue.java:435)
        at java.base@21.0.5/java.util.concurrent.ThreadPoolExecutor.getTask(ThreadPoolExecutor.java:1070)
        at java.base@21.0.5/java.util.concurrent.ThreadPoolExecutor.runWorker(ThreadPoolExecutor.java:1130)
        at java.base@21.0.5/java.util.concurrent.ThreadPoolExecutor$Worker.run(ThreadPoolExecutor.java:642)
        at java.base@21.0.5/java.lang.Thread.runWith(Thread.java:1596)
        at java.base@21.0.5/java.lang.Thread.run(Thread.java:1583)
"69390d8a-021c-44b7-9fe5-c9855a0c5aa1@group-31157D531563-LeaderStateImpl" daemon prio=5 tid=1493 timed_waiting
java.lang.Thread.State: TIMED_WAITING
        at java.base@21.0.5/jdk.internal.misc.Unsafe.park(Native Method)
        at java.base@21.0.5/java.util.concurrent.locks.LockSupport.parkNanos(LockSupport.java:269)
        at java.base@21.0.5/java.util.concurrent.locks.AbstractQueuedSynchronizer$ConditionObject.awaitNanos(AbstractQueuedSynchronizer.java:1763)
        at java.base@21.0.5/java.util.concurrent.ArrayBlockingQueue.poll(ArrayBlockingQueue.java:435)
        at app//org.apache.ratis.server.impl.LeaderStateImpl$EventQueue.poll(LeaderStateImpl.java:164)
        at app//org.apache.ratis.server.impl.LeaderStateImpl$EventProcessor.run(LeaderStateImpl.java:763)
"qtp775920937-858" daemon prio=5 tid=858 timed_waiting
java.lang.Thread.State: TIMED_WAITING
        at java.base@21.0.5/jdk.internal.misc.Unsafe.park(Native Method)
        at java.base@21.0.5/java.util.concurrent.locks.LockSupport.parkNanos(LockSupport.java:269)
        at java.base@21.0.5/java.util.concurrent.locks.AbstractQueuedSynchronizer$ConditionObject.awaitNanos(AbstractQueuedSynchronizer.java:1763)
        at app//org.eclipse.jetty.util.BlockingArrayQueue.poll(BlockingArrayQueue.java:382)
        at app//org.eclipse.jetty.util.thread.QueuedThreadPool$Runner.idleJobPoll(QueuedThreadPool.java:974)
        at app//org.eclipse.jetty.util.thread.QueuedThreadPool$Runner.run(QueuedThreadPool.java:1018)
        at java.base@21.0.5/java.lang.Thread.runWith(Thread.java:1596)
        at java.base@21.0.5/java.lang.Thread.run(Thread.java:1583)
"qtp1622563402-530" daemon prio=5 tid=530 timed_waiting
java.lang.Thread.State: TIMED_WAITING
        at java.base@21.0.5/jdk.internal.misc.Unsafe.park(Native Method)
        at java.base@21.0.5/java.util.concurrent.locks.LockSupport.parkNanos(LockSupport.java:269)
        at java.base@21.0.5/java.util.concurrent.locks.AbstractQueuedSynchronizer$ConditionObject.awaitNanos(AbstractQueuedSynchronizer.java:1763)
        at app//org.eclipse.jetty.util.BlockingArrayQueue.poll(BlockingArrayQueue.java:382)
        at app//org.eclipse.jetty.util.thread.QueuedThreadPool$Runner.idleJobPoll(QueuedThreadPool.java:974)
        at app//org.eclipse.jetty.util.thread.QueuedThreadPool$Runner.run(QueuedThreadPool.java:1018)
        at java.base@21.0.5/java.lang.Thread.runWith(Thread.java:1596)
        at java.base@21.0.5/java.lang.Thread.run(Thread.java:1583)
"9c1aee78-f037-4e17-b985-0daab5eaf154-PeriodicHDDSVolumeChecker" daemon prio=5 tid=1094 timed_waiting
java.lang.Thread.State: TIMED_WAITING
        at java.base@21.0.5/jdk.internal.misc.Unsafe.park(Native Method)
        at java.base@21.0.5/java.util.concurrent.locks.LockSupport.parkNanos(LockSupport.java:269)
        at java.base@21.0.5/java.util.concurrent.locks.AbstractQueuedSynchronizer$ConditionObject.awaitNanos(AbstractQueuedSynchronizer.java:1763)
        at java.base@21.0.5/java.util.concurrent.ScheduledThreadPoolExecutor$DelayedWorkQueue.take(ScheduledThreadPoolExecutor.java:1182)
        at java.base@21.0.5/java.util.concurrent.ScheduledThreadPoolExecutor$DelayedWorkQueue.take(ScheduledThreadPoolExecutor.java:899)
        at java.base@21.0.5/java.util.concurrent.ThreadPoolExecutor.getTask(ThreadPoolExecutor.java:1070)
        at java.base@21.0.5/java.util.concurrent.ThreadPoolExecutor.runWorker(ThreadPoolExecutor.java:1130)
        at java.base@21.0.5/java.util.concurrent.ThreadPoolExecutor$Worker.run(ThreadPoolExecutor.java:642)
        at java.base@21.0.5/java.lang.Thread.runWith(Thread.java:1596)
        at java.base@21.0.5/java.lang.Thread.run(Thread.java:1583)
"d1093f6a-6992-456d-ac47-966fa1bbc12e-DatanodeReportManager-1" daemon prio=5 tid=1935 timed_waiting
java.lang.Thread.State: TIMED_WAITING
        at java.base@21.0.5/jdk.internal.misc.Unsafe.park(Native Method)
        at java.base@21.0.5/java.util.concurrent.locks.LockSupport.parkNanos(LockSupport.java:269)
        at java.base@21.0.5/java.util.concurrent.locks.AbstractQueuedSynchronizer$ConditionObject.awaitNanos(AbstractQueuedSynchronizer.java:1763)
        at java.base@21.0.5/java.util.concurrent.ScheduledThreadPoolExecutor$DelayedWorkQueue.take(ScheduledThreadPoolExecutor.java:1182)
        at java.base@21.0.5/java.util.concurrent.ScheduledThreadPoolExecutor$DelayedWorkQueue.take(ScheduledThreadPoolExecutor.java:899)
        at java.base@21.0.5/java.util.concurrent.ThreadPoolExecutor.getTask(ThreadPoolExecutor.java:1070)
        at java.base@21.0.5/java.util.concurrent.ThreadPoolExecutor.runWorker(ThreadPoolExecutor.java:1130)
        at java.base@21.0.5/java.util.concurrent.ThreadPoolExecutor$Worker.run(ThreadPoolExecutor.java:642)
        at java.base@21.0.5/java.lang.Thread.runWith(Thread.java:1596)
        at java.base@21.0.5/java.lang.Thread.run(Thread.java:1583)
"IPC Server handler 87 on default port 15001" daemon prio=5 tid=308 timed_waiting
java.lang.Thread.State: TIMED_WAITING
        at java.base@21.0.5/jdk.internal.misc.Unsafe.park(Native Method)
        at java.base@21.0.5/java.util.concurrent.locks.LockSupport.parkNanos(LockSupport.java:269)
        at java.base@21.0.5/java.util.concurrent.locks.AbstractQueuedSynchronizer$ConditionObject.awaitNanos(AbstractQueuedSynchronizer.java:1763)
        at java.base@21.0.5/java.util.concurrent.LinkedBlockingQueue.poll(LinkedBlockingQueue.java:460)
        at app//org.apache.hadoop.ipc.CallQueueManager.take(CallQueueManager.java:370)
        at app//org.apache.hadoop.ipc.Server$Handler.run(Server.java:3165)
"fc60e07f-496f-42fe-ae82-620152583f87@group-A7184706D343-cacheEviction-AwaitToRun" daemon prio=5 tid=1242 in Object.wait()
java.lang.Thread.State: WAITING (on object monitor)
        at java.base@21.0.5/jdk.internal.misc.Unsafe.park(Native Method)
        at java.base@21.0.5/java.util.concurrent.locks.LockSupport.park(LockSupport.java:371)
        at java.base@21.0.5/java.util.concurrent.locks.AbstractQueuedSynchronizer$ConditionNode.block(AbstractQueuedSynchronizer.java:519)
        at java.base@21.0.5/java.util.concurrent.ForkJoinPool.unmanagedBlock(ForkJoinPool.java:3780)
        at java.base@21.0.5/java.util.concurrent.ForkJoinPool.managedBlock(ForkJoinPool.java:3725)
        at java.base@21.0.5/java.util.concurrent.locks.AbstractQueuedSynchronizer$ConditionObject.await(AbstractQueuedSynchronizer.java:1712)
        at app//org.apache.ratis.util.AwaitForSignal.await(AwaitForSignal.java:48)
        at app//org.apache.ratis.util.AwaitToRun$RunnableImpl.run(AwaitToRun.java:47)
        at java.base@21.0.5/java.lang.Thread.runWith(Thread.java:1596)
        at java.base@21.0.5/java.lang.Thread.run(Thread.java:1583)
"om1-DirectoryDeletingService#5" daemon prio=5 tid=483 timed_waiting
java.lang.Thread.State: TIMED_WAITING
        at java.base@21.0.5/jdk.internal.misc.Unsafe.park(Native Method)
        at java.base@21.0.5/java.util.concurrent.locks.LockSupport.parkNanos(LockSupport.java:269)
        at java.base@21.0.5/java.util.concurrent.locks.AbstractQueuedSynchronizer$ConditionObject.awaitNanos(AbstractQueuedSynchronizer.java:1763)
        at java.base@21.0.5/java.util.concurrent.ScheduledThreadPoolExecutor$DelayedWorkQueue.take(ScheduledThreadPoolExecutor.java:1182)
        at java.base@21.0.5/java.util.concurrent.ScheduledThreadPoolExecutor$DelayedWorkQueue.take(ScheduledThreadPoolExecutor.java:899)
        at java.base@21.0.5/java.util.concurrent.ThreadPoolExecutor.getTask(ThreadPoolExecutor.java:1070)
        at java.base@21.0.5/java.util.concurrent.ThreadPoolExecutor.runWorker(ThreadPoolExecutor.java:1130)
        at java.base@21.0.5/java.util.concurrent.ThreadPoolExecutor$Worker.run(ThreadPoolExecutor.java:642)
        at java.base@21.0.5/java.lang.Thread.runWith(Thread.java:1596)
        at java.base@21.0.5/java.lang.Thread.run(Thread.java:1583)
"grpc-default-executor-6" daemon prio=5 tid=1501 timed_waiting
java.lang.Thread.State: TIMED_WAITING
        at java.base@21.0.5/jdk.internal.misc.Unsafe.park(Native Method)
        at java.base@21.0.5/java.util.concurrent.locks.LockSupport.parkNanos(LockSupport.java:410)
        at java.base@21.0.5/java.util.concurrent.LinkedTransferQueue$DualNode.await(LinkedTransferQueue.java:452)
        at java.base@21.0.5/java.util.concurrent.SynchronousQueue$Transferer.xferLifo(SynchronousQueue.java:194)
        at java.base@21.0.5/java.util.concurrent.SynchronousQueue.xfer(SynchronousQueue.java:235)
        at java.base@21.0.5/java.util.concurrent.SynchronousQueue.poll(SynchronousQueue.java:338)
        at java.base@21.0.5/java.util.concurrent.ThreadPoolExecutor.getTask(ThreadPoolExecutor.java:1069)
        at java.base@21.0.5/java.util.concurrent.ThreadPoolExecutor.runWorker(ThreadPoolExecutor.java:1130)
        at java.base@21.0.5/java.util.concurrent.ThreadPoolExecutor$Worker.run(ThreadPoolExecutor.java:642)
        at java.base@21.0.5/java.lang.Thread.runWith(Thread.java:1596)
        at java.base@21.0.5/java.lang.Thread.run(Thread.java:1583)
"7c84fc52-fa7b-40d9-a19c-d4e4c83c5fa3@group-B8383FC2DAB2-SegmentedRaftLogWorker" daemon prio=5 tid=1980 timed_waiting
java.lang.Thread.State: TIMED_WAITING
        at java.base@21.0.5/jdk.internal.misc.Unsafe.park(Native Method)
        at java.base@21.0.5/java.util.concurrent.locks.LockSupport.parkNanos(LockSupport.java:269)
        at java.base@21.0.5/java.util.concurrent.locks.AbstractQueuedSynchronizer$ConditionObject.awaitNanos(AbstractQueuedSynchronizer.java:1763)
        at app//org.apache.ratis.util.DataBlockingQueue.poll(DataBlockingQueue.java:148)
        at app//org.apache.ratis.server.raftlog.segmented.SegmentedRaftLogWorker.run(SegmentedRaftLogWorker.java:307)
        at app//org.apache.ratis.server.raftlog.segmented.SegmentedRaftLogWorker$$Lambda/0x00007fcfe03376d0.run(Unknown Source)
        at java.base@21.0.5/java.util.concurrent.Executors$RunnableAdapter.call(Executors.java:572)
        at java.base@21.0.5/java.util.concurrent.FutureTask.run(FutureTask.java:317)
        at java.base@21.0.5/java.util.concurrent.ThreadPoolExecutor.runWorker(ThreadPoolExecutor.java:1144)
        at java.base@21.0.5/java.util.concurrent.ThreadPoolExecutor$Worker.run(ThreadPoolExecutor.java:642)
        at java.base@21.0.5/java.lang.Thread.runWith(Thread.java:1596)
        at java.base@21.0.5/java.lang.Thread.run(Thread.java:1583)
"17963aff-71fe-4a8f-bd2e-c405ff93174f-ChunkWriter-3-0" daemon prio=5 tid=1145 in Object.wait()
java.lang.Thread.State: WAITING (on object monitor)
        at java.base@21.0.5/jdk.internal.misc.Unsafe.park(Native Method)
        at java.base@21.0.5/java.util.concurrent.locks.LockSupport.park(LockSupport.java:371)
        at java.base@21.0.5/java.util.concurrent.locks.AbstractQueuedSynchronizer$ConditionNode.block(AbstractQueuedSynchronizer.java:519)
        at java.base@21.0.5/java.util.concurrent.ForkJoinPool.unmanagedBlock(ForkJoinPool.java:3780)
        at java.base@21.0.5/java.util.concurrent.ForkJoinPool.managedBlock(ForkJoinPool.java:3725)
        at java.base@21.0.5/java.util.concurrent.locks.AbstractQueuedSynchronizer$ConditionObject.await(AbstractQueuedSynchronizer.java:1712)
        at java.base@21.0.5/java.util.concurrent.LinkedBlockingDeque.takeFirst(LinkedBlockingDeque.java:485)
        at java.base@21.0.5/java.util.concurrent.LinkedBlockingDeque.take(LinkedBlockingDeque.java:673)
        at java.base@21.0.5/java.util.concurrent.ThreadPoolExecutor.getTask(ThreadPoolExecutor.java:1070)
        at java.base@21.0.5/java.util.concurrent.ThreadPoolExecutor.runWorker(ThreadPoolExecutor.java:1130)
        at java.base@21.0.5/java.util.concurrent.ThreadPoolExecutor$Worker.run(ThreadPoolExecutor.java:642)
        at java.base@21.0.5/java.lang.Thread.runWith(Thread.java:1596)
        at java.base@21.0.5/java.lang.Thread.run(Thread.java:1583)
"d1093f6a-6992-456d-ac47-966fa1bbc12e-server-thread1" daemon prio=5 tid=2048 timed_waiting
java.lang.Thread.State: TIMED_WAITING
        at java.base@21.0.5/jdk.internal.misc.Unsafe.park(Native Method)
        at java.base@21.0.5/java.util.concurrent.locks.LockSupport.parkNanos(LockSupport.java:410)
        at java.base@21.0.5/java.util.concurrent.LinkedTransferQueue$DualNode.await(LinkedTransferQueue.java:452)
        at java.base@21.0.5/java.util.concurrent.SynchronousQueue$Transferer.xferLifo(SynchronousQueue.java:194)
        at java.base@21.0.5/java.util.concurrent.SynchronousQueue.xfer(SynchronousQueue.java:235)
        at java.base@21.0.5/java.util.concurrent.SynchronousQueue.poll(SynchronousQueue.java:338)
        at java.base@21.0.5/java.util.concurrent.ThreadPoolExecutor.getTask(ThreadPoolExecutor.java:1069)
        at java.base@21.0.5/java.util.concurrent.ThreadPoolExecutor.runWorker(ThreadPoolExecutor.java:1130)
        at java.base@21.0.5/java.util.concurrent.ThreadPoolExecutor$Worker.run(ThreadPoolExecutor.java:642)
        at java.base@21.0.5/java.lang.Thread.runWith(Thread.java:1596)
        at java.base@21.0.5/java.lang.Thread.run(Thread.java:1583)
"qtp1997197808-803" daemon prio=5 tid=803 runnable
java.lang.Thread.State: RUNNABLE
        at java.base@21.0.5/sun.nio.ch.EPoll.wait(Native Method)
        at java.base@21.0.5/sun.nio.ch.EPollSelectorImpl.doSelect(EPollSelectorImpl.java:121)
        at java.base@21.0.5/sun.nio.ch.SelectorImpl.lockAndDoSelect(SelectorImpl.java:130)
        at java.base@21.0.5/sun.nio.ch.SelectorImpl.select(SelectorImpl.java:147)
        at app//org.eclipse.jetty.io.ManagedSelector.nioSelect(ManagedSelector.java:183)
        at app//org.eclipse.jetty.io.ManagedSelector.select(ManagedSelector.java:190)
        at app//org.eclipse.jetty.io.ManagedSelector$SelectorProducer.select(ManagedSelector.java:606)
        at app//org.eclipse.jetty.io.ManagedSelector$SelectorProducer.produce(ManagedSelector.java:543)
        at app//org.eclipse.jetty.util.thread.strategy.EatWhatYouKill.produceTask(EatWhatYouKill.java:362)
        at app//org.eclipse.jetty.util.thread.strategy.EatWhatYouKill.doProduce(EatWhatYouKill.java:186)
        at app//org.eclipse.jetty.util.thread.strategy.EatWhatYouKill.tryProduce(EatWhatYouKill.java:173)
        at app//org.eclipse.jetty.util.thread.strategy.EatWhatYouKill.produce(EatWhatYouKill.java:137)
        at app//org.eclipse.jetty.io.ManagedSelector$$Lambda/0x00007fcfe0662730.run(Unknown Source)
        at app//org.eclipse.jetty.util.thread.QueuedThreadPool.runJob(QueuedThreadPool.java:883)
        at app//org.eclipse.jetty.util.thread.QueuedThreadPool$Runner.run(QueuedThreadPool.java:1034)
        at java.base@21.0.5/java.lang.Thread.runWith(Thread.java:1596)
        at java.base@21.0.5/java.lang.Thread.run(Thread.java:1583)
"StaleRecoveringContainerScrubbingService#0" daemon prio=5 tid=1149 timed_waiting
java.lang.Thread.State: TIMED_WAITING
        at java.base@21.0.5/jdk.internal.misc.Unsafe.park(Native Method)
        at java.base@21.0.5/java.util.concurrent.locks.LockSupport.parkNanos(LockSupport.java:269)
        at java.base@21.0.5/java.util.concurrent.locks.AbstractQueuedSynchronizer$ConditionObject.awaitNanos(AbstractQueuedSynchronizer.java:1763)
        at java.base@21.0.5/java.util.concurrent.ScheduledThreadPoolExecutor$DelayedWorkQueue.take(ScheduledThreadPoolExecutor.java:1182)
        at java.base@21.0.5/java.util.concurrent.ScheduledThreadPoolExecutor$DelayedWorkQueue.take(ScheduledThreadPoolExecutor.java:899)
        at java.base@21.0.5/java.util.concurrent.ThreadPoolExecutor.getTask(ThreadPoolExecutor.java:1070)
        at java.base@21.0.5/java.util.concurrent.ThreadPoolExecutor.runWorker(ThreadPoolExecutor.java:1130)
        at java.base@21.0.5/java.util.concurrent.ThreadPoolExecutor$Worker.run(ThreadPoolExecutor.java:642)
        at java.base@21.0.5/java.lang.Thread.runWith(Thread.java:1596)
        at java.base@21.0.5/java.lang.Thread.run(Thread.java:1583)
"IPC Server handler 2 on default port 15002" daemon prio=5 tid=341 timed_waiting
java.lang.Thread.State: TIMED_WAITING
        at java.base@21.0.5/jdk.internal.misc.Unsafe.park(Native Method)
        at java.base@21.0.5/java.util.concurrent.locks.LockSupport.parkNanos(LockSupport.java:269)
        at java.base@21.0.5/java.util.concurrent.locks.AbstractQueuedSynchronizer$ConditionObject.awaitNanos(AbstractQueuedSynchronizer.java:1763)
        at java.base@21.0.5/java.util.concurrent.LinkedBlockingQueue.poll(LinkedBlockingQueue.java:460)
        at app//org.apache.hadoop.ipc.CallQueueManager.take(CallQueueManager.java:370)
        at app//org.apache.hadoop.ipc.Server$Handler.run(Server.java:3165)
"FixedThreadPoolWithAffinityExecutor-6-0" daemon prio=5 tid=109 timed_waiting
java.lang.Thread.State: TIMED_WAITING
        at java.base@21.0.5/jdk.internal.misc.Unsafe.park(Native Method)
        at java.base@21.0.5/java.util.concurrent.locks.LockSupport.parkNanos(LockSupport.java:269)
        at java.base@21.0.5/java.util.concurrent.locks.AbstractQueuedSynchronizer$ConditionObject.awaitNanos(AbstractQueuedSynchronizer.java:1763)
        at java.base@21.0.5/java.util.concurrent.LinkedBlockingQueue.poll(LinkedBlockingQueue.java:460)
        at app//org.apache.hadoop.hdds.scm.server.ContainerReportQueue.poll(ContainerReportQueue.java:269)
        at app//org.apache.hadoop.hdds.scm.server.ContainerReportQueue.poll(ContainerReportQueue.java:42)
        at app//org.apache.hadoop.hdds.server.events.FixedThreadPoolWithAffinityExecutor$ContainerReportProcessTask.run(FixedThreadPoolWithAffinityExecutor.java:253)
        at java.base@21.0.5/java.util.concurrent.Executors$RunnableAdapter.call(Executors.java:572)
        at java.base@21.0.5/java.util.concurrent.FutureTask.run(FutureTask.java:317)
        at java.base@21.0.5/java.util.concurrent.ThreadPoolExecutor.runWorker(ThreadPoolExecutor.java:1144)
        at java.base@21.0.5/java.util.concurrent.ThreadPoolExecutor$Worker.run(ThreadPoolExecutor.java:642)
        at java.base@21.0.5/java.lang.Thread.runWith(Thread.java:1596)
        at java.base@21.0.5/java.lang.Thread.run(Thread.java:1583)
"qtp1997197808-806-acceptor-0@757faeb0-ServerConnector@17a027a7{HTTP/1.1, (http/1.1)}{0.0.0.0:15065}" daemon prio=3 tid=806 runnable
java.lang.Thread.State: RUNNABLE
        at java.base@21.0.5/sun.nio.ch.Net.accept(Native Method)
        at java.base@21.0.5/sun.nio.ch.ServerSocketChannelImpl.implAccept(ServerSocketChannelImpl.java:433)
        at java.base@21.0.5/sun.nio.ch.ServerSocketChannelImpl.accept(ServerSocketChannelImpl.java:399)
        at app//org.eclipse.jetty.server.ServerConnector.accept(ServerConnector.java:388)
        at app//org.eclipse.jetty.server.AbstractConnector$Acceptor.run(AbstractConnector.java:704)
        at app//org.eclipse.jetty.util.thread.QueuedThreadPool.runJob(QueuedThreadPool.java:883)
        at app//org.eclipse.jetty.util.thread.QueuedThreadPool$Runner.run(QueuedThreadPool.java:1034)
        at java.base@21.0.5/java.lang.Thread.runWith(Thread.java:1596)
        at java.base@21.0.5/java.lang.Thread.run(Thread.java:1583)
"IPC Server handler 59 on default port 15001" daemon prio=5 tid=280 timed_waiting
java.lang.Thread.State: TIMED_WAITING
        at java.base@21.0.5/jdk.internal.misc.Unsafe.park(Native Method)
        at java.base@21.0.5/java.util.concurrent.locks.LockSupport.parkNanos(LockSupport.java:269)
        at java.base@21.0.5/java.util.concurrent.locks.AbstractQueuedSynchronizer$ConditionObject.awaitNanos(AbstractQueuedSynchronizer.java:1763)
        at java.base@21.0.5/java.util.concurrent.LinkedBlockingQueue.poll(LinkedBlockingQueue.java:460)
        at app//org.apache.hadoop.ipc.CallQueueManager.take(CallQueueManager.java:370)
        at app//org.apache.hadoop.ipc.Server$Handler.run(Server.java:3165)
"91d0dafb-6cb7-42e5-b129-660fdc1902ba@group-B8383FC2DAB2-cacheEviction-AwaitToRun" daemon prio=5 tid=1990 in Object.wait()
java.lang.Thread.State: WAITING (on object monitor)
        at java.base@21.0.5/jdk.internal.misc.Unsafe.park(Native Method)
        at java.base@21.0.5/java.util.concurrent.locks.LockSupport.park(LockSupport.java:371)
        at java.base@21.0.5/java.util.concurrent.locks.AbstractQueuedSynchronizer$ConditionNode.block(AbstractQueuedSynchronizer.java:519)
        at java.base@21.0.5/java.util.concurrent.ForkJoinPool.unmanagedBlock(ForkJoinPool.java:3780)
        at java.base@21.0.5/java.util.concurrent.ForkJoinPool.managedBlock(ForkJoinPool.java:3725)
        at java.base@21.0.5/java.util.concurrent.locks.AbstractQueuedSynchronizer$ConditionObject.await(AbstractQueuedSynchronizer.java:1712)
        at app//org.apache.ratis.util.AwaitForSignal.await(AwaitForSignal.java:48)
        at app//org.apache.ratis.util.AwaitToRun$RunnableImpl.run(AwaitToRun.java:47)
        at java.base@21.0.5/java.lang.Thread.runWith(Thread.java:1596)
        at java.base@21.0.5/java.lang.Thread.run(Thread.java:1583)
"IPC Server handler 70 on default port 15000" daemon prio=5 tid=191 timed_waiting
java.lang.Thread.State: TIMED_WAITING
        at java.base@21.0.5/jdk.internal.misc.Unsafe.park(Native Method)
        at java.base@21.0.5/java.util.concurrent.locks.LockSupport.parkNanos(LockSupport.java:269)
        at java.base@21.0.5/java.util.concurrent.locks.AbstractQueuedSynchronizer$ConditionObject.awaitNanos(AbstractQueuedSynchronizer.java:1763)
        at java.base@21.0.5/java.util.concurrent.LinkedBlockingQueue.poll(LinkedBlockingQueue.java:460)
        at app//org.apache.hadoop.ipc.CallQueueManager.take(CallQueueManager.java:370)
        at app//org.apache.hadoop.ipc.Server$Handler.run(Server.java:3165)
"Hadoop-Metrics-Updater-0" daemon prio=5 tid=547 timed_waiting
java.lang.Thread.State: TIMED_WAITING
        at java.base@21.0.5/jdk.internal.misc.Unsafe.park(Native Method)
        at java.base@21.0.5/java.util.concurrent.locks.LockSupport.parkNanos(LockSupport.java:269)
        at java.base@21.0.5/java.util.concurrent.locks.AbstractQueuedSynchronizer$ConditionObject.awaitNanos(AbstractQueuedSynchronizer.java:1763)
        at java.base@21.0.5/java.util.concurrent.ScheduledThreadPoolExecutor$DelayedWorkQueue.take(ScheduledThreadPoolExecutor.java:1182)
        at java.base@21.0.5/java.util.concurrent.ScheduledThreadPoolExecutor$DelayedWorkQueue.take(ScheduledThreadPoolExecutor.java:899)
        at java.base@21.0.5/java.util.concurrent.ThreadPoolExecutor.getTask(ThreadPoolExecutor.java:1070)
        at java.base@21.0.5/java.util.concurrent.ThreadPoolExecutor.runWorker(ThreadPoolExecutor.java:1130)
        at java.base@21.0.5/java.util.concurrent.ThreadPoolExecutor$Worker.run(ThreadPoolExecutor.java:642)
        at java.base@21.0.5/java.lang.Thread.runWith(Thread.java:1596)
        at java.base@21.0.5/java.lang.Thread.run(Thread.java:1583)
"IPC Server handler 17 on default port 15002" daemon prio=5 tid=356 timed_waiting
java.lang.Thread.State: TIMED_WAITING
        at java.base@21.0.5/jdk.internal.misc.Unsafe.park(Native Method)
        at java.base@21.0.5/java.util.concurrent.locks.LockSupport.parkNanos(LockSupport.java:269)
        at java.base@21.0.5/java.util.concurrent.locks.AbstractQueuedSynchronizer$ConditionObject.awaitNanos(AbstractQueuedSynchronizer.java:1763)
        at java.base@21.0.5/java.util.concurrent.LinkedBlockingQueue.poll(LinkedBlockingQueue.java:460)
        at app//org.apache.hadoop.ipc.CallQueueManager.take(CallQueueManager.java:370)
        at app//org.apache.hadoop.ipc.Server$Handler.run(Server.java:3165)
"IPC Server handler 7 on default port 15093" daemon prio=5 tid=1027 timed_waiting
java.lang.Thread.State: TIMED_WAITING
        at java.base@21.0.5/jdk.internal.misc.Unsafe.park(Native Method)
        at java.base@21.0.5/java.util.concurrent.locks.LockSupport.parkNanos(LockSupport.java:269)
        at java.base@21.0.5/java.util.concurrent.locks.AbstractQueuedSynchronizer$ConditionObject.awaitNanos(AbstractQueuedSynchronizer.java:1763)
        at java.base@21.0.5/java.util.concurrent.LinkedBlockingQueue.poll(LinkedBlockingQueue.java:460)
        at app//org.apache.hadoop.ipc.CallQueueManager.take(CallQueueManager.java:370)
        at app//org.apache.hadoop.ipc.Server$Handler.run(Server.java:3165)
"Socket Reader #7 for port 15039"  prio=5 tid=2159 runnable
java.lang.Thread.State: RUNNABLE
        at java.base@21.0.5/sun.nio.ch.EPoll.wait(Native Method)
        at java.base@21.0.5/sun.nio.ch.EPollSelectorImpl.doSelect(EPollSelectorImpl.java:121)
        at java.base@21.0.5/sun.nio.ch.SelectorImpl.lockAndDoSelect(SelectorImpl.java:130)
        at java.base@21.0.5/sun.nio.ch.SelectorImpl.select(SelectorImpl.java:147)
        at app//org.apache.hadoop.ipc.Server$Listener$Reader.doRunLoop(Server.java:1497)
        at app//org.apache.hadoop.ipc.Server$Listener$Reader.run(Server.java:1476)
"17963aff-71fe-4a8f-bd2e-c405ff93174f-ContainerOp-08c595dc-7439-4937-89ff-28d9fdbbc208-2"  prio=5 tid=1705 in Object.wait()
java.lang.Thread.State: WAITING (on object monitor)
        at java.base@21.0.5/jdk.internal.misc.Unsafe.park(Native Method)
        at java.base@21.0.5/java.util.concurrent.locks.LockSupport.park(LockSupport.java:371)
        at java.base@21.0.5/java.util.concurrent.locks.AbstractQueuedSynchronizer$ConditionNode.block(AbstractQueuedSynchronizer.java:519)
        at java.base@21.0.5/java.util.concurrent.ForkJoinPool.unmanagedBlock(ForkJoinPool.java:3780)
        at java.base@21.0.5/java.util.concurrent.ForkJoinPool.managedBlock(ForkJoinPool.java:3725)
        at java.base@21.0.5/java.util.concurrent.locks.AbstractQueuedSynchronizer$ConditionObject.await(AbstractQueuedSynchronizer.java:1712)
        at java.base@21.0.5/java.util.concurrent.LinkedBlockingQueue.take(LinkedBlockingQueue.java:435)
        at java.base@21.0.5/java.util.concurrent.ThreadPoolExecutor.getTask(ThreadPoolExecutor.java:1070)
        at java.base@21.0.5/java.util.concurrent.ThreadPoolExecutor.runWorker(ThreadPoolExecutor.java:1130)
        at java.base@21.0.5/java.util.concurrent.ThreadPoolExecutor$Worker.run(ThreadPoolExecutor.java:642)
        at java.base@21.0.5/java.lang.Thread.runWith(Thread.java:1596)
        at java.base@21.0.5/java.lang.Thread.run(Thread.java:1583)
"Hadoop-Metrics-Updater-0" daemon prio=5 tid=825 timed_waiting
java.lang.Thread.State: TIMED_WAITING
        at java.base@21.0.5/jdk.internal.misc.Unsafe.park(Native Method)
        at java.base@21.0.5/java.util.concurrent.locks.LockSupport.parkNanos(LockSupport.java:269)
        at java.base@21.0.5/java.util.concurrent.locks.AbstractQueuedSynchronizer$ConditionObject.awaitNanos(AbstractQueuedSynchronizer.java:1763)
        at java.base@21.0.5/java.util.concurrent.ScheduledThreadPoolExecutor$DelayedWorkQueue.take(ScheduledThreadPoolExecutor.java:1182)
        at java.base@21.0.5/java.util.concurrent.ScheduledThreadPoolExecutor$DelayedWorkQueue.take(ScheduledThreadPoolExecutor.java:899)
        at java.base@21.0.5/java.util.concurrent.ThreadPoolExecutor.getTask(ThreadPoolExecutor.java:1070)
        at java.base@21.0.5/java.util.concurrent.ThreadPoolExecutor.runWorker(ThreadPoolExecutor.java:1130)
        at java.base@21.0.5/java.util.concurrent.ThreadPoolExecutor$Worker.run(ThreadPoolExecutor.java:642)
        at java.base@21.0.5/java.lang.Thread.runWith(Thread.java:1596)
        at java.base@21.0.5/java.lang.Thread.run(Thread.java:1583)
"IPC Server handler 96 on default port 15000" daemon prio=5 tid=217 timed_waiting
java.lang.Thread.State: TIMED_WAITING
        at java.base@21.0.5/jdk.internal.misc.Unsafe.park(Native Method)
        at java.base@21.0.5/java.util.concurrent.locks.LockSupport.parkNanos(LockSupport.java:269)
        at java.base@21.0.5/java.util.concurrent.locks.AbstractQueuedSynchronizer$ConditionObject.awaitNanos(AbstractQueuedSynchronizer.java:1763)
        at java.base@21.0.5/java.util.concurrent.LinkedBlockingQueue.poll(LinkedBlockingQueue.java:460)
        at app//org.apache.hadoop.ipc.CallQueueManager.take(CallQueueManager.java:370)
        at app//org.apache.hadoop.ipc.Server$Handler.run(Server.java:3165)
"om1-DirectoryDeletingService#2" daemon prio=5 tid=479 in Object.wait()
java.lang.Thread.State: WAITING (on object monitor)
        at java.base@21.0.5/jdk.internal.misc.Unsafe.park(Native Method)
        at java.base@21.0.5/java.util.concurrent.locks.LockSupport.park(LockSupport.java:371)
        at java.base@21.0.5/java.util.concurrent.locks.AbstractQueuedSynchronizer$ConditionNode.block(AbstractQueuedSynchronizer.java:519)
        at java.base@21.0.5/java.util.concurrent.ForkJoinPool.unmanagedBlock(ForkJoinPool.java:3780)
        at java.base@21.0.5/java.util.concurrent.ForkJoinPool.managedBlock(ForkJoinPool.java:3725)
        at java.base@21.0.5/java.util.concurrent.locks.AbstractQueuedSynchronizer$ConditionObject.await(AbstractQueuedSynchronizer.java:1712)
        at java.base@21.0.5/java.util.concurrent.ScheduledThreadPoolExecutor$DelayedWorkQueue.take(ScheduledThreadPoolExecutor.java:1177)
        at java.base@21.0.5/java.util.concurrent.ScheduledThreadPoolExecutor$DelayedWorkQueue.take(ScheduledThreadPoolExecutor.java:899)
        at java.base@21.0.5/java.util.concurrent.ThreadPoolExecutor.getTask(ThreadPoolExecutor.java:1070)
        at java.base@21.0.5/java.util.concurrent.ThreadPoolExecutor.runWorker(ThreadPoolExecutor.java:1130)
        at java.base@21.0.5/java.util.concurrent.ThreadPoolExecutor$Worker.run(ThreadPoolExecutor.java:642)
        at java.base@21.0.5/java.lang.Thread.runWith(Thread.java:1596)
        at java.base@21.0.5/java.lang.Thread.run(Thread.java:1583)
"Socket Reader #7 for port 15021"  prio=5 tid=587 runnable
java.lang.Thread.State: RUNNABLE
        at java.base@21.0.5/sun.nio.ch.EPoll.wait(Native Method)
        at java.base@21.0.5/sun.nio.ch.EPollSelectorImpl.doSelect(EPollSelectorImpl.java:121)
        at java.base@21.0.5/sun.nio.ch.SelectorImpl.lockAndDoSelect(SelectorImpl.java:130)
        at java.base@21.0.5/sun.nio.ch.SelectorImpl.select(SelectorImpl.java:147)
        at app//org.apache.hadoop.ipc.Server$Listener$Reader.doRunLoop(Server.java:1497)
        at app//org.apache.hadoop.ipc.Server$Listener$Reader.run(Server.java:1476)
"84b435bb-d41b-4758-bf48-ce9052c81d4a-DatanodeReportManager-1" daemon prio=5 tid=792 in Object.wait()
java.lang.Thread.State: WAITING (on object monitor)
        at java.base@21.0.5/jdk.internal.misc.Unsafe.park(Native Method)
        at java.base@21.0.5/java.util.concurrent.locks.LockSupport.park(LockSupport.java:371)
        at java.base@21.0.5/java.util.concurrent.locks.AbstractQueuedSynchronizer$ConditionNode.block(AbstractQueuedSynchronizer.java:519)
        at java.base@21.0.5/java.util.concurrent.ForkJoinPool.unmanagedBlock(ForkJoinPool.java:3780)
        at java.base@21.0.5/java.util.concurrent.ForkJoinPool.managedBlock(ForkJoinPool.java:3725)
        at java.base@21.0.5/java.util.concurrent.locks.AbstractQueuedSynchronizer$ConditionObject.await(AbstractQueuedSynchronizer.java:1712)
        at java.base@21.0.5/java.util.concurrent.ScheduledThreadPoolExecutor$DelayedWorkQueue.take(ScheduledThreadPoolExecutor.java:1177)
        at java.base@21.0.5/java.util.concurrent.ScheduledThreadPoolExecutor$DelayedWorkQueue.take(ScheduledThreadPoolExecutor.java:899)
        at java.base@21.0.5/java.util.concurrent.ThreadPoolExecutor.getTask(ThreadPoolExecutor.java:1070)
        at java.base@21.0.5/java.util.concurrent.ThreadPoolExecutor.runWorker(ThreadPoolExecutor.java:1130)
        at java.base@21.0.5/java.util.concurrent.ThreadPoolExecutor$Worker.run(ThreadPoolExecutor.java:642)
        at java.base@21.0.5/java.lang.Thread.runWith(Thread.java:1596)
        at java.base@21.0.5/java.lang.Thread.run(Thread.java:1583)
"qtp119512187-1906" daemon prio=5 tid=1906 timed_waiting
java.lang.Thread.State: TIMED_WAITING
        at java.base@21.0.5/jdk.internal.misc.Unsafe.park(Native Method)
        at java.base@21.0.5/java.util.concurrent.locks.LockSupport.parkNanos(LockSupport.java:269)
        at java.base@21.0.5/java.util.concurrent.locks.AbstractQueuedSynchronizer$ConditionObject.awaitNanos(AbstractQueuedSynchronizer.java:1763)
        at app//org.eclipse.jetty.util.BlockingArrayQueue.poll(BlockingArrayQueue.java:382)
        at app//org.eclipse.jetty.util.thread.QueuedThreadPool$Runner.idleJobPoll(QueuedThreadPool.java:974)
        at app//org.eclipse.jetty.util.thread.QueuedThreadPool$Runner.run(QueuedThreadPool.java:1018)
        at java.base@21.0.5/java.lang.Thread.runWith(Thread.java:1596)
        at java.base@21.0.5/java.lang.Thread.run(Thread.java:1583)
"JvmPauseMonitor2" daemon prio=5 tid=468 timed_waiting
java.lang.Thread.State: TIMED_WAITING
        at java.base@21.0.5/java.lang.Thread.sleep0(Native Method)
        at java.base@21.0.5/java.lang.Thread.sleep(Thread.java:558)
        at java.base@21.0.5/java.util.concurrent.TimeUnit.sleep(TimeUnit.java:446)
        at app//org.apache.ratis.util.TimeDuration.sleep(TimeDuration.java:353)
        at app//org.apache.ratis.util.TimeDuration.sleep(TimeDuration.java:338)
        at app//org.apache.ratis.util.JvmPauseMonitor.detectPause(JvmPauseMonitor.java:160)
        at app//org.apache.ratis.util.JvmPauseMonitor.run(JvmPauseMonitor.java:149)
        at app//org.apache.ratis.util.JvmPauseMonitor$$Lambda/0x00007fcfe0390000.run(Unknown Source)
        at java.base@21.0.5/java.lang.Thread.runWith(Thread.java:1596)
        at java.base@21.0.5/java.lang.Thread.run(Thread.java:1583)
"IPC Server handler 0 on default port 15075" daemon prio=5 tid=892 timed_waiting
java.lang.Thread.State: TIMED_WAITING
        at java.base@21.0.5/jdk.internal.misc.Unsafe.park(Native Method)
        at java.base@21.0.5/java.util.concurrent.locks.LockSupport.parkNanos(LockSupport.java:269)
        at java.base@21.0.5/java.util.concurrent.locks.AbstractQueuedSynchronizer$ConditionObject.awaitNanos(AbstractQueuedSynchronizer.java:1763)
        at java.base@21.0.5/java.util.concurrent.LinkedBlockingQueue.poll(LinkedBlockingQueue.java:460)
        at app//org.apache.hadoop.ipc.CallQueueManager.take(CallQueueManager.java:370)
        at app//org.apache.hadoop.ipc.Server$Handler.run(Server.java:3165)
"Socket Reader #9 for port 15057"  prio=5 tid=775 runnable
java.lang.Thread.State: RUNNABLE
        at java.base@21.0.5/sun.nio.ch.EPoll.wait(Native Method)
        at java.base@21.0.5/sun.nio.ch.EPollSelectorImpl.doSelect(EPollSelectorImpl.java:121)
        at java.base@21.0.5/sun.nio.ch.SelectorImpl.lockAndDoSelect(SelectorImpl.java:130)
        at java.base@21.0.5/sun.nio.ch.SelectorImpl.select(SelectorImpl.java:147)
        at app//org.apache.hadoop.ipc.Server$Listener$Reader.doRunLoop(Server.java:1497)
        at app//org.apache.hadoop.ipc.Server$Listener$Reader.run(Server.java:1476)
"fc60e07f-496f-42fe-ae82-620152583f87-ChunkReader-1" daemon prio=5 tid=1571 in Object.wait()
java.lang.Thread.State: WAITING (on object monitor)
        at java.base@21.0.5/jdk.internal.misc.Unsafe.park(Native Method)
        at java.base@21.0.5/java.util.concurrent.locks.LockSupport.park(LockSupport.java:371)
        at java.base@21.0.5/java.util.concurrent.locks.AbstractQueuedSynchronizer$ConditionNode.block(AbstractQueuedSynchronizer.java:519)
        at java.base@21.0.5/java.util.concurrent.ForkJoinPool.unmanagedBlock(ForkJoinPool.java:3780)
        at java.base@21.0.5/java.util.concurrent.ForkJoinPool.managedBlock(ForkJoinPool.java:3725)
        at java.base@21.0.5/java.util.concurrent.locks.AbstractQueuedSynchronizer$ConditionObject.await(AbstractQueuedSynchronizer.java:1712)
        at java.base@21.0.5/java.util.concurrent.LinkedBlockingQueue.take(LinkedBlockingQueue.java:435)
        at java.base@21.0.5/java.util.concurrent.ThreadPoolExecutor.getTask(ThreadPoolExecutor.java:1070)
        at java.base@21.0.5/java.util.concurrent.ThreadPoolExecutor.runWorker(ThreadPoolExecutor.java:1130)
        at java.base@21.0.5/java.util.concurrent.ThreadPoolExecutor$Worker.run(ThreadPoolExecutor.java:642)
        at java.base@21.0.5/java.lang.Thread.runWith(Thread.java:1596)
        at java.base@21.0.5/java.lang.Thread.run(Thread.java:1583)
"IPC Server handler 26 on default port 15001" daemon prio=5 tid=247 timed_waiting
java.lang.Thread.State: TIMED_WAITING
        at java.base@21.0.5/jdk.internal.misc.Unsafe.park(Native Method)
        at java.base@21.0.5/java.util.concurrent.locks.LockSupport.parkNanos(LockSupport.java:269)
        at java.base@21.0.5/java.util.concurrent.locks.AbstractQueuedSynchronizer$ConditionObject.awaitNanos(AbstractQueuedSynchronizer.java:1763)
        at java.base@21.0.5/java.util.concurrent.LinkedBlockingQueue.poll(LinkedBlockingQueue.java:460)
        at app//org.apache.hadoop.ipc.CallQueueManager.take(CallQueueManager.java:370)
        at app//org.apache.hadoop.ipc.Server$Handler.run(Server.java:3165)
"ac5cad44-c19c-4f65-867f-c0009d6f555c@group-54F1CF531B92-StateMachineUpdater" daemon prio=5 tid=1177 timed_waiting
java.lang.Thread.State: TIMED_WAITING
        at java.base@21.0.5/jdk.internal.misc.Unsafe.park(Native Method)
        at java.base@21.0.5/java.util.concurrent.locks.LockSupport.parkNanos(LockSupport.java:269)
        at java.base@21.0.5/java.util.concurrent.locks.AbstractQueuedSynchronizer$ConditionObject.await(AbstractQueuedSynchronizer.java:1852)
        at app//org.apache.ratis.util.AwaitForSignal.await(AwaitForSignal.java:65)
        at app//org.apache.ratis.server.impl.StateMachineUpdater.waitForCommit(StateMachineUpdater.java:219)
        at app//org.apache.ratis.server.impl.StateMachineUpdater.run(StateMachineUpdater.java:187)
        at java.base@21.0.5/java.lang.Thread.runWith(Thread.java:1596)
        at java.base@21.0.5/java.lang.Thread.run(Thread.java:1583)
"main"  prio=5 tid=1 runnable
java.lang.Thread.State: RUNNABLE
        at java.base@21.0.5/java.lang.Thread.dumpThreads(Native Method)
        at java.base@21.0.5/java.lang.Thread.getAllStackTraces(Thread.java:2522)
        at app//org.apache.ozone.test.TimedOutTestsListener.buildThreadDump(TimedOutTestsListener.java:83)
        at app//org.apache.ozone.test.TimedOutTestsListener.buildThreadDiagnosticString(TimedOutTestsListener.java:69)
        at app//org.apache.ozone.test.GenericTestUtils.waitFor(GenericTestUtils.java:224)
        at app//org.apache.hadoop.ozone.client.rpc.TestContainerStateMachineFailures.testContainerStateMachineRestartWithDNChangePipeline(TestContainerStateMachineFailures.java:310)
        at java.base@21.0.5/java.lang.invoke.LambdaForm$DMH/0x00007fcfe0124400.invokeVirtual(LambdaForm$DMH)
        at java.base@21.0.5/java.lang.invoke.LambdaForm$MH/0x00007fcfe0187000.invoke(LambdaForm$MH)
        at java.base@21.0.5/java.lang.invoke.Invokers$Holder.invokeExact_MT(Invokers$Holder)
        at java.base@21.0.5/jdk.internal.reflect.DirectMethodHandleAccessor.invokeImpl(DirectMethodHandleAccessor.java:153)
        at java.base@21.0.5/jdk.internal.reflect.DirectMethodHandleAccessor.invoke(DirectMethodHandleAccessor.java:103)
        at java.base@21.0.5/java.lang.reflect.Method.invoke(Method.java:580)
        at app//org.junit.platform.commons.util.ReflectionUtils.invokeMethod(ReflectionUtils.java:767)
        at app//org.junit.jupiter.engine.execution.MethodInvocation.proceed(MethodInvocation.java:60)
        at app//org.junit.jupiter.engine.execution.InvocationInterceptorChain$ValidatingInvocation.proceed(InvocationInterceptorChain.java:131)
        at app//org.junit.jupiter.engine.extension.TimeoutExtension.intercept(TimeoutExtension.java:156)
        at app//org.junit.jupiter.engine.extension.TimeoutExtension.interceptTestableMethod(TimeoutExtension.java:147)
        at app//org.junit.jupiter.engine.extension.TimeoutExtension.interceptTestMethod(TimeoutExtension.java:86)
        at app//org.junit.jupiter.engine.descriptor.TestMethodTestDescriptor$$Lambda/0x00007fcfe00b61f0.apply(Unknown Source)
        at app//org.junit.jupiter.engine.execution.InterceptingExecutableInvoker$ReflectiveInterceptorCall.lambda$ofVoidMethod$0(InterceptingExecutableInvoker.java:103)
        at app//org.junit.jupiter.engine.execution.InterceptingExecutableInvoker$ReflectiveInterceptorCall$$Lambda/0x00007fcfe00b65f0.apply(Unknown Source)
        at app//org.junit.jupiter.engine.execution.InterceptingExecutableInvoker.lambda$invoke$0(InterceptingExecutableInvoker.java:93)
        at app//org.junit.jupiter.engine.execution.InterceptingExecutableInvoker$$Lambda/0x00007fcfe013cc08.apply(Unknown Source)
        at app//org.junit.jupiter.engine.execution.InvocationInterceptorChain$InterceptedInvocation.proceed(InvocationInterceptorChain.java:106)
        at app//org.junit.jupiter.engine.execution.InvocationInterceptorChain.proceed(InvocationInterceptorChain.java:64)
        at app//org.junit.jupiter.engine.execution.InvocationInterceptorChain.chainAndInvoke(InvocationInterceptorChain.java:45)
        at app//org.junit.jupiter.engine.execution.InvocationInterceptorChain.invoke(InvocationInterceptorChain.java:37)
        at app//org.junit.jupiter.engine.execution.InterceptingExecutableInvoker.invoke(InterceptingExecutableInvoker.java:92)
        at app//org.junit.jupiter.engine.execution.InterceptingExecutableInvoker.invoke(InterceptingExecutableInvoker.java:86)
        at app//org.junit.jupiter.engine.descriptor.TestMethodTestDescriptor.lambda$invokeTestMethod$8(TestMethodTestDescriptor.java:217)
        at app//org.junit.jupiter.engine.descriptor.TestMethodTestDescriptor$$Lambda/0x00007fcfe09db348.execute(Unknown Source)
        at app//org.junit.platform.engine.support.hierarchical.ThrowableCollector.execute(ThrowableCollector.java:73)
        at app//org.junit.jupiter.engine.descriptor.TestMethodTestDescriptor.invokeTestMethod(TestMethodTestDescriptor.java:213)
        at app//org.junit.jupiter.engine.descriptor.TestMethodTestDescriptor.execute(TestMethodTestDescriptor.java:138)
        at app//org.junit.jupiter.engine.descriptor.TestMethodTestDescriptor.execute(TestMethodTestDescriptor.java:68)
        at app//org.junit.platform.engine.support.hierarchical.NodeTestTask.lambda$executeRecursively$6(NodeTestTask.java:156)
        at app//org.junit.platform.engine.support.hierarchical.NodeTestTask$$Lambda/0x00007fcfe012d750.execute(Unknown Source)
        at app//org.junit.platform.engine.support.hierarchical.ThrowableCollector.execute(ThrowableCollector.java:73)
        at app//org.junit.platform.engine.support.hierarchical.NodeTestTask.lambda$executeRecursively$8(NodeTestTask.java:146)
        at app//org.junit.platform.engine.support.hierarchical.NodeTestTask$$Lambda/0x00007fcfe012d538.invoke(Unknown Source)
        at app//org.junit.platform.engine.support.hierarchical.Node.around(Node.java:137)
        at app//org.junit.platform.engine.support.hierarchical.NodeTestTask.lambda$executeRecursively$9(NodeTestTask.java:144)
        at app//org.junit.platform.engine.support.hierarchical.NodeTestTask$$Lambda/0x00007fcfe012d130.execute(Unknown Source)
        at app//org.junit.platform.engine.support.hierarchical.ThrowableCollector.execute(ThrowableCollector.java:73)
        at app//org.junit.platform.engine.support.hierarchical.NodeTestTask.executeRecursively(NodeTestTask.java:143)
        at app//org.junit.platform.engine.support.hierarchical.NodeTestTask.execute(NodeTestTask.java:100)
        at app//org.junit.platform.engine.support.hierarchical.SameThreadHierarchicalTestExecutorService$$Lambda/0x00007fcfe012e688.accept(Unknown Source)
        at java.base@21.0.5/java.util.ArrayList.forEach(ArrayList.java:1596)
        at app//org.junit.platform.engine.support.hierarchical.SameThreadHierarchicalTestExecutorService.invokeAll(SameThreadHierarchicalTestExecutorService.java:41)
        at app//org.junit.platform.engine.support.hierarchical.NodeTestTask.lambda$executeRecursively$6(NodeTestTask.java:160)
        at app//org.junit.platform.engine.support.hierarchical.NodeTestTask$$Lambda/0x00007fcfe012d750.execute(Unknown Source)
        at app//org.junit.platform.engine.support.hierarchical.ThrowableCollector.execute(ThrowableCollector.java:73)
        at app//org.junit.platform.engine.support.hierarchical.NodeTestTask.lambda$executeRecursively$8(NodeTestTask.java:146)
        at app//org.junit.platform.engine.support.hierarchical.NodeTestTask$$Lambda/0x00007fcfe012d538.invoke(Unknown Source)
        at app//org.junit.platform.engine.support.hierarchical.Node.around(Node.java:137)
        at app//org.junit.platform.engine.support.hierarchical.NodeTestTask.lambda$executeRecursively$9(NodeTestTask.java:144)
        at app//org.junit.platform.engine.support.hierarchical.NodeTestTask$$Lambda/0x00007fcfe012d130.execute(Unknown Source)
        at app//org.junit.platform.engine.support.hierarchical.ThrowableCollector.execute(ThrowableCollector.java:73)
        at app//org.junit.platform.engine.support.hierarchical.NodeTestTask.executeRecursively(NodeTestTask.java:143)
        at app//org.junit.platform.engine.support.hierarchical.NodeTestTask.execute(NodeTestTask.java:100)
        at app//org.junit.platform.engine.support.hierarchical.SameThreadHierarchicalTestExecutorService$$Lambda/0x00007fcfe012e688.accept(Unknown Source)
        at java.base@21.0.5/java.util.ArrayList.forEach(ArrayList.java:1596)
        at app//org.junit.platform.engine.support.hierarchical.SameThreadHierarchicalTestExecutorService.invokeAll(SameThreadHierarchicalTestExecutorService.java:41)
        at app//org.junit.platform.engine.support.hierarchical.NodeTestTask.lambda$executeRecursively$6(NodeTestTask.java:160)
        at app//org.junit.platform.engine.support.hierarchical.NodeTestTask$$Lambda/0x00007fcfe012d750.execute(Unknown Source)
        at app//org.junit.platform.engine.support.hierarchical.ThrowableCollector.execute(ThrowableCollector.java:73)
        at app//org.junit.platform.engine.support.hierarchical.NodeTestTask.lambda$executeRecursively$8(NodeTestTask.java:146)
        at app//org.junit.platform.engine.support.hierarchical.NodeTestTask$$Lambda/0x00007fcfe012d538.invoke(Unknown Source)
        at app//org.junit.platform.engine.support.hierarchical.Node.around(Node.java:137)
        at app//org.junit.platform.engine.support.hierarchical.NodeTestTask.lambda$executeRecursively$9(NodeTestTask.java:144)
        at app//org.junit.platform.engine.support.hierarchical.NodeTestTask$$Lambda/0x00007fcfe012d130.execute(Unknown Source)
        at app//org.junit.platform.engine.support.hierarchical.ThrowableCollector.execute(ThrowableCollector.java:73)
        at app//org.junit.platform.engine.support.hierarchical.NodeTestTask.executeRecursively(NodeTestTask.java:143)
        at app//org.junit.platform.engine.support.hierarchical.NodeTestTask.execute(NodeTestTask.java:100)
        at app//org.junit.platform.engine.support.hierarchical.SameThreadHierarchicalTestExecutorService.submit(SameThreadHierarchicalTestExecutorService.java:35)
        at app//org.junit.platform.engine.support.hierarchical.HierarchicalTestExecutor.execute(HierarchicalTestExecutor.java:57)
        at app//org.junit.platform.engine.support.hierarchical.HierarchicalTestEngine.execute(HierarchicalTestEngine.java:54)
        at app//org.junit.platform.launcher.core.EngineExecutionOrchestrator.execute(EngineExecutionOrchestrator.java:198)
        at app//org.junit.platform.launcher.core.EngineExecutionOrchestrator.execute(EngineExecutionOrchestrator.java:169)
        at app//org.junit.platform.launcher.core.EngineExecutionOrchestrator.execute(EngineExecutionOrchestrator.java:93)
        at app//org.junit.platform.launcher.core.EngineExecutionOrchestrator.lambda$execute$0(EngineExecutionOrchestrator.java:58)
        at app//org.junit.platform.launcher.core.EngineExecutionOrchestrator$$Lambda/0x00007fcfe0105118.accept(Unknown Source)
        at app//org.junit.platform.launcher.core.EngineExecutionOrchestrator.withInterceptedStreams(EngineExecutionOrchestrator.java:141)
        at app//org.junit.platform.launcher.core.EngineExecutionOrchestrator.execute(EngineExecutionOrchestrator.java:57)
        at app//org.junit.platform.launcher.core.DefaultLauncher.execute(DefaultLauncher.java:103)
        at app//org.junit.platform.launcher.core.DefaultLauncher.execute(DefaultLauncher.java:85)
        at app//org.junit.platform.launcher.core.DelegatingLauncher.execute(DelegatingLauncher.java:47)
        at app//org.junit.platform.launcher.core.SessionPerRequestLauncher.execute(SessionPerRequestLauncher.java:63)
        at app//org.apache.maven.surefire.junitplatform.JUnitPlatformProvider.invokeAllTests(JUnitPlatformProvider.java:154)
        at app//org.apache.maven.surefire.junitplatform.JUnitPlatformProvider.invoke(JUnitPlatformProvider.java:123)
        at app//org.apache.maven.surefire.booter.ForkedBooter.runSuitesInProcess(ForkedBooter.java:377)
        at app//org.apache.maven.surefire.booter.ForkedBooter.execute(ForkedBooter.java:138)
        at app//org.apache.maven.surefire.booter.ForkedBooter.run(ForkedBooter.java:465)
        at app//org.apache.maven.surefire.booter.ForkedBooter.main(ForkedBooter.java:451)
"om1@group-C5BA1605619E-StateMachineUpdater" daemon prio=5 tid=467 timed_waiting
java.lang.Thread.State: TIMED_WAITING
        at java.base@21.0.5/jdk.internal.misc.Unsafe.park(Native Method)
        at java.base@21.0.5/java.util.concurrent.locks.LockSupport.parkNanos(LockSupport.java:269)
        at java.base@21.0.5/java.util.concurrent.locks.AbstractQueuedSynchronizer$ConditionObject.await(AbstractQueuedSynchronizer.java:1852)
        at app//org.apache.ratis.util.AwaitForSignal.await(AwaitForSignal.java:65)
        at app//org.apache.ratis.server.impl.StateMachineUpdater.waitForCommit(StateMachineUpdater.java:219)
        at app//org.apache.ratis.server.impl.StateMachineUpdater.run(StateMachineUpdater.java:187)
        at java.base@21.0.5/java.lang.Thread.runWith(Thread.java:1596)
        at java.base@21.0.5/java.lang.Thread.run(Thread.java:1583)
"IPC Server handler 2 on default port 15066" daemon prio=5 tid=828 timed_waiting
java.lang.Thread.State: TIMED_WAITING
        at java.base@21.0.5/jdk.internal.misc.Unsafe.park(Native Method)
        at java.base@21.0.5/java.util.concurrent.locks.LockSupport.parkNanos(LockSupport.java:269)
        at java.base@21.0.5/java.util.concurrent.locks.AbstractQueuedSynchronizer$ConditionObject.awaitNanos(AbstractQueuedSynchronizer.java:1763)
        at java.base@21.0.5/java.util.concurrent.LinkedBlockingQueue.poll(LinkedBlockingQueue.java:460)
        at app//org.apache.hadoop.ipc.CallQueueManager.take(CallQueueManager.java:370)
        at app//org.apache.hadoop.ipc.Server$Handler.run(Server.java:3165)
"d1093f6a-6992-456d-ac47-966fa1bbc12e-DatanodeStateMachineDaemonThread" daemon prio=5 tid=1933 timed_waiting
java.lang.Thread.State: TIMED_WAITING
        at java.base@21.0.5/java.lang.Thread.sleep0(Native Method)
        at java.base@21.0.5/java.lang.Thread.sleep(Thread.java:509)
        at app//org.apache.hadoop.ozone.container.common.statemachine.DatanodeStateMachine.startStateMachineThread(DatanodeStateMachine.java:358)
        at app//org.apache.hadoop.ozone.container.common.statemachine.DatanodeStateMachine.lambda$startDaemon$1(DatanodeStateMachine.java:544)
        at app//org.apache.hadoop.ozone.container.common.statemachine.DatanodeStateMachine$$Lambda/0x00007fcfe07d8a68.run(Unknown Source)
        at java.base@21.0.5/java.lang.Thread.runWith(Thread.java:1596)
        at java.base@21.0.5/java.lang.Thread.run(Thread.java:1583)
"IPC Server handler 94 on default port 15002" daemon prio=5 tid=433 timed_waiting
java.lang.Thread.State: TIMED_WAITING
        at java.base@21.0.5/jdk.internal.misc.Unsafe.park(Native Method)
        at java.base@21.0.5/java.util.concurrent.locks.LockSupport.parkNanos(LockSupport.java:269)
        at java.base@21.0.5/java.util.concurrent.locks.AbstractQueuedSynchronizer$ConditionObject.awaitNanos(AbstractQueuedSynchronizer.java:1763)
        at java.base@21.0.5/java.util.concurrent.LinkedBlockingQueue.poll(LinkedBlockingQueue.java:460)
        at app//org.apache.hadoop.ipc.CallQueueManager.take(CallQueueManager.java:370)
        at app//org.apache.hadoop.ipc.Server$Handler.run(Server.java:3165)
"ac5cad44-c19c-4f65-867f-c0009d6f555c-ChunkReader-0" daemon prio=5 tid=1559 in Object.wait()
java.lang.Thread.State: WAITING (on object monitor)
        at java.base@21.0.5/jdk.internal.misc.Unsafe.park(Native Method)
        at java.base@21.0.5/java.util.concurrent.locks.LockSupport.park(LockSupport.java:371)
        at java.base@21.0.5/java.util.concurrent.locks.AbstractQueuedSynchronizer$ConditionNode.block(AbstractQueuedSynchronizer.java:519)
        at java.base@21.0.5/java.util.concurrent.ForkJoinPool.unmanagedBlock(ForkJoinPool.java:3780)
        at java.base@21.0.5/java.util.concurrent.ForkJoinPool.managedBlock(ForkJoinPool.java:3725)
        at java.base@21.0.5/java.util.concurrent.locks.AbstractQueuedSynchronizer$ConditionObject.await(AbstractQueuedSynchronizer.java:1712)
        at java.base@21.0.5/java.util.concurrent.LinkedBlockingQueue.take(LinkedBlockingQueue.java:435)
        at java.base@21.0.5/java.util.concurrent.ThreadPoolExecutor.getTask(ThreadPoolExecutor.java:1070)
        at java.base@21.0.5/java.util.concurrent.ThreadPoolExecutor.runWorker(ThreadPoolExecutor.java:1130)
        at java.base@21.0.5/java.util.concurrent.ThreadPoolExecutor$Worker.run(ThreadPoolExecutor.java:642)
        at java.base@21.0.5/java.lang.Thread.runWith(Thread.java:1596)
        at java.base@21.0.5/java.lang.Thread.run(Thread.java:1583)
"pool-275-thread-1" daemon prio=5 tid=1139 timed_waiting
java.lang.Thread.State: TIMED_WAITING
        at java.base@21.0.5/jdk.internal.misc.Unsafe.park(Native Method)
        at java.base@21.0.5/java.util.concurrent.locks.LockSupport.parkNanos(LockSupport.java:269)
        at java.base@21.0.5/java.util.concurrent.locks.AbstractQueuedSynchronizer$ConditionObject.awaitNanos(AbstractQueuedSynchronizer.java:1763)
        at java.base@21.0.5/java.util.concurrent.ScheduledThreadPoolExecutor$DelayedWorkQueue.take(ScheduledThreadPoolExecutor.java:1182)
        at java.base@21.0.5/java.util.concurrent.ScheduledThreadPoolExecutor$DelayedWorkQueue.take(ScheduledThreadPoolExecutor.java:899)
        at java.base@21.0.5/java.util.concurrent.ThreadPoolExecutor.getTask(ThreadPoolExecutor.java:1070)
        at java.base@21.0.5/java.util.concurrent.ThreadPoolExecutor.runWorker(ThreadPoolExecutor.java:1130)
        at java.base@21.0.5/java.util.concurrent.ThreadPoolExecutor$Worker.run(ThreadPoolExecutor.java:642)
        at java.base@21.0.5/java.lang.Thread.runWith(Thread.java:1596)
        at java.base@21.0.5/java.lang.Thread.run(Thread.java:1583)
"IPC Server handler 9 on default port 15084" daemon prio=5 tid=965 timed_waiting
java.lang.Thread.State: TIMED_WAITING
        at java.base@21.0.5/jdk.internal.misc.Unsafe.park(Native Method)
        at java.base@21.0.5/java.util.concurrent.locks.LockSupport.parkNanos(LockSupport.java:269)
        at java.base@21.0.5/java.util.concurrent.locks.AbstractQueuedSynchronizer$ConditionObject.awaitNanos(AbstractQueuedSynchronizer.java:1763)
        at java.base@21.0.5/java.util.concurrent.LinkedBlockingQueue.poll(LinkedBlockingQueue.java:460)
        at app//org.apache.hadoop.ipc.CallQueueManager.take(CallQueueManager.java:370)
        at app//org.apache.hadoop.ipc.Server$Handler.run(Server.java:3165)
"9c1aee78-f037-4e17-b985-0daab5eaf154@group-9167B95FD813->17963aff-71fe-4a8f-bd2e-c405ff93174f-GrpcLogAppender-LogAppenderDaemon" daemon prio=5 tid=1479 timed_waiting
java.lang.Thread.State: TIMED_WAITING
        at java.base@21.0.5/jdk.internal.misc.Unsafe.park(Native Method)
        at java.base@21.0.5/java.util.concurrent.locks.LockSupport.parkNanos(LockSupport.java:269)
        at java.base@21.0.5/java.util.concurrent.locks.AbstractQueuedSynchronizer$ConditionObject.await(AbstractQueuedSynchronizer.java:1852)
        at app//org.apache.ratis.util.AwaitForSignal.await(AwaitForSignal.java:65)
        at app//org.apache.ratis.grpc.server.GrpcLogAppender.mayWait(GrpcLogAppender.java:290)
        at app//org.apache.ratis.grpc.server.GrpcLogAppender.run(GrpcLogAppender.java:258)
        at app//org.apache.ratis.server.leader.LogAppenderDaemon.run(LogAppenderDaemon.java:80)
        at app//org.apache.ratis.server.leader.LogAppenderDaemon$$Lambda/0x00007fcfe093e000.run(Unknown Source)
        at java.base@21.0.5/java.lang.Thread.runWith(Thread.java:1596)
        at java.base@21.0.5/java.lang.Thread.run(Thread.java:1583)
"7c84fc52-fa7b-40d9-a19c-d4e4c83c5fa3-ChunkWriter-0-0" daemon prio=5 tid=932 in Object.wait()
java.lang.Thread.State: WAITING (on object monitor)
        at java.base@21.0.5/jdk.internal.misc.Unsafe.park(Native Method)
        at java.base@21.0.5/java.util.concurrent.locks.LockSupport.park(LockSupport.java:371)
        at java.base@21.0.5/java.util.concurrent.locks.AbstractQueuedSynchronizer$ConditionNode.block(AbstractQueuedSynchronizer.java:519)
        at java.base@21.0.5/java.util.concurrent.ForkJoinPool.unmanagedBlock(ForkJoinPool.java:3780)
        at java.base@21.0.5/java.util.concurrent.ForkJoinPool.managedBlock(ForkJoinPool.java:3725)
        at java.base@21.0.5/java.util.concurrent.locks.AbstractQueuedSynchronizer$ConditionObject.await(AbstractQueuedSynchronizer.java:1712)
        at java.base@21.0.5/java.util.concurrent.LinkedBlockingDeque.takeFirst(LinkedBlockingDeque.java:485)
        at java.base@21.0.5/java.util.concurrent.LinkedBlockingDeque.take(LinkedBlockingDeque.java:673)
        at java.base@21.0.5/java.util.concurrent.ThreadPoolExecutor.getTask(ThreadPoolExecutor.java:1070)
        at java.base@21.0.5/java.util.concurrent.ThreadPoolExecutor.runWorker(ThreadPoolExecutor.java:1130)
        at java.base@21.0.5/java.util.concurrent.ThreadPoolExecutor$Worker.run(ThreadPoolExecutor.java:642)
        at java.base@21.0.5/java.lang.Thread.runWith(Thread.java:1596)
        at java.base@21.0.5/java.lang.Thread.run(Thread.java:1583)
"IPC Server handler 24 on default port 15000" daemon prio=5 tid=145 timed_waiting
java.lang.Thread.State: TIMED_WAITING
        at java.base@21.0.5/jdk.internal.misc.Unsafe.park(Native Method)
        at java.base@21.0.5/java.util.concurrent.locks.LockSupport.parkNanos(LockSupport.java:269)
        at java.base@21.0.5/java.util.concurrent.locks.AbstractQueuedSynchronizer$ConditionObject.awaitNanos(AbstractQueuedSynchronizer.java:1763)
        at java.base@21.0.5/java.util.concurrent.LinkedBlockingQueue.poll(LinkedBlockingQueue.java:460)
        at app//org.apache.hadoop.ipc.CallQueueManager.take(CallQueueManager.java:370)
        at app//org.apache.hadoop.ipc.Server$Handler.run(Server.java:3165)
"om1-DirectoryDeletingService#7" daemon prio=5 tid=485 in Object.wait()
java.lang.Thread.State: WAITING (on object monitor)
        at java.base@21.0.5/jdk.internal.misc.Unsafe.park(Native Method)
        at java.base@21.0.5/java.util.concurrent.locks.LockSupport.park(LockSupport.java:371)
        at java.base@21.0.5/java.util.concurrent.locks.AbstractQueuedSynchronizer$ConditionNode.block(AbstractQueuedSynchronizer.java:519)
        at java.base@21.0.5/java.util.concurrent.ForkJoinPool.unmanagedBlock(ForkJoinPool.java:3780)
        at java.base@21.0.5/java.util.concurrent.ForkJoinPool.managedBlock(ForkJoinPool.java:3725)
        at java.base@21.0.5/java.util.concurrent.locks.AbstractQueuedSynchronizer$ConditionObject.await(AbstractQueuedSynchronizer.java:1712)
        at java.base@21.0.5/java.util.concurrent.ScheduledThreadPoolExecutor$DelayedWorkQueue.take(ScheduledThreadPoolExecutor.java:1177)
        at java.base@21.0.5/java.util.concurrent.ScheduledThreadPoolExecutor$DelayedWorkQueue.take(ScheduledThreadPoolExecutor.java:899)
        at java.base@21.0.5/java.util.concurrent.ThreadPoolExecutor.getTask(ThreadPoolExecutor.java:1070)
        at java.base@21.0.5/java.util.concurrent.ThreadPoolExecutor.runWorker(ThreadPoolExecutor.java:1130)
        at java.base@21.0.5/java.util.concurrent.ThreadPoolExecutor$Worker.run(ThreadPoolExecutor.java:642)
        at java.base@21.0.5/java.lang.Thread.runWith(Thread.java:1596)
        at java.base@21.0.5/java.lang.Thread.run(Thread.java:1583)
"69390d8a-021c-44b7-9fe5-c9855a0c5aa1-ChunkWriter-3-0" daemon prio=5 tid=1127 in Object.wait()
java.lang.Thread.State: WAITING (on object monitor)
        at java.base@21.0.5/jdk.internal.misc.Unsafe.park(Native Method)
        at java.base@21.0.5/java.util.concurrent.locks.LockSupport.park(LockSupport.java:371)
        at java.base@21.0.5/java.util.concurrent.locks.AbstractQueuedSynchronizer$ConditionNode.block(AbstractQueuedSynchronizer.java:519)
        at java.base@21.0.5/java.util.concurrent.ForkJoinPool.unmanagedBlock(ForkJoinPool.java:3780)
        at java.base@21.0.5/java.util.concurrent.ForkJoinPool.managedBlock(ForkJoinPool.java:3725)
        at java.base@21.0.5/java.util.concurrent.locks.AbstractQueuedSynchronizer$ConditionObject.await(AbstractQueuedSynchronizer.java:1712)
        at java.base@21.0.5/java.util.concurrent.LinkedBlockingDeque.takeFirst(LinkedBlockingDeque.java:485)
        at java.base@21.0.5/java.util.concurrent.LinkedBlockingDeque.take(LinkedBlockingDeque.java:673)
        at java.base@21.0.5/java.util.concurrent.ThreadPoolExecutor.getTask(ThreadPoolExecutor.java:1070)
        at java.base@21.0.5/java.util.concurrent.ThreadPoolExecutor.runWorker(ThreadPoolExecutor.java:1130)
        at java.base@21.0.5/java.util.concurrent.ThreadPoolExecutor$Worker.run(ThreadPoolExecutor.java:642)
        at java.base@21.0.5/java.lang.Thread.runWith(Thread.java:1596)
        at java.base@21.0.5/java.lang.Thread.run(Thread.java:1583)
"d1093f6a-6992-456d-ac47-966fa1bbc12e@group-B8383FC2DAB2-cacheEviction-AwaitToRun" daemon prio=5 tid=1983 in Object.wait()
java.lang.Thread.State: WAITING (on object monitor)
        at java.base@21.0.5/jdk.internal.misc.Unsafe.park(Native Method)
        at java.base@21.0.5/java.util.concurrent.locks.LockSupport.park(LockSupport.java:371)
        at java.base@21.0.5/java.util.concurrent.locks.AbstractQueuedSynchronizer$ConditionNode.block(AbstractQueuedSynchronizer.java:519)
        at java.base@21.0.5/java.util.concurrent.ForkJoinPool.unmanagedBlock(ForkJoinPool.java:3780)
        at java.base@21.0.5/java.util.concurrent.ForkJoinPool.managedBlock(ForkJoinPool.java:3725)
        at java.base@21.0.5/java.util.concurrent.locks.AbstractQueuedSynchronizer$ConditionObject.await(AbstractQueuedSynchronizer.java:1712)
        at app//org.apache.ratis.util.AwaitForSignal.await(AwaitForSignal.java:48)
        at app//org.apache.ratis.util.AwaitToRun$RunnableImpl.run(AwaitToRun.java:47)
        at java.base@21.0.5/java.lang.Thread.runWith(Thread.java:1596)
        at java.base@21.0.5/java.lang.Thread.run(Thread.java:1583)
"ac5cad44-c19c-4f65-867f-c0009d6f555c-server-thread1" daemon prio=5 tid=2245 timed_waiting
java.lang.Thread.State: TIMED_WAITING
        at java.base@21.0.5/jdk.internal.misc.Unsafe.park(Native Method)
        at java.base@21.0.5/java.util.concurrent.locks.LockSupport.parkNanos(LockSupport.java:410)
        at java.base@21.0.5/java.util.concurrent.LinkedTransferQueue$DualNode.await(LinkedTransferQueue.java:452)
        at java.base@21.0.5/java.util.concurrent.SynchronousQueue$Transferer.xferLifo(SynchronousQueue.java:194)
        at java.base@21.0.5/java.util.concurrent.SynchronousQueue.xfer(SynchronousQueue.java:235)
        at java.base@21.0.5/java.util.concurrent.SynchronousQueue.poll(SynchronousQueue.java:338)
        at java.base@21.0.5/java.util.concurrent.ThreadPoolExecutor.getTask(ThreadPoolExecutor.java:1069)
        at java.base@21.0.5/java.util.concurrent.ThreadPoolExecutor.runWorker(ThreadPoolExecutor.java:1130)
        at java.base@21.0.5/java.util.concurrent.ThreadPoolExecutor$Worker.run(ThreadPoolExecutor.java:642)
        at java.base@21.0.5/java.lang.Thread.runWith(Thread.java:1596)
        at java.base@21.0.5/java.lang.Thread.run(Thread.java:1583)
"IPC Server handler 71 on default port 15001" daemon prio=5 tid=292 timed_waiting
java.lang.Thread.State: TIMED_WAITING
        at java.base@21.0.5/jdk.internal.misc.Unsafe.park(Native Method)
        at java.base@21.0.5/java.util.concurrent.locks.LockSupport.parkNanos(LockSupport.java:269)
        at java.base@21.0.5/java.util.concurrent.locks.AbstractQueuedSynchronizer$ConditionObject.awaitNanos(AbstractQueuedSynchronizer.java:1763)
        at java.base@21.0.5/java.util.concurrent.LinkedBlockingQueue.poll(LinkedBlockingQueue.java:460)
        at app//org.apache.hadoop.ipc.CallQueueManager.take(CallQueueManager.java:370)
        at app//org.apache.hadoop.ipc.Server$Handler.run(Server.java:3165)
"qtp1676534432-327-acceptor-0@5440b7-ServerConnector@ebbbe20{HTTP/1.1, (http/1.1)}{0.0.0.0:15003}" daemon prio=3 tid=327 runnable
java.lang.Thread.State: RUNNABLE
        at java.base@21.0.5/sun.nio.ch.Net.accept(Native Method)
        at java.base@21.0.5/sun.nio.ch.ServerSocketChannelImpl.implAccept(ServerSocketChannelImpl.java:433)
        at java.base@21.0.5/sun.nio.ch.ServerSocketChannelImpl.accept(ServerSocketChannelImpl.java:399)
        at app//org.eclipse.jetty.server.ServerConnector.accept(ServerConnector.java:388)
        at app//org.eclipse.jetty.server.AbstractConnector$Acceptor.run(AbstractConnector.java:704)
        at app//org.eclipse.jetty.util.thread.QueuedThreadPool.runJob(QueuedThreadPool.java:883)
        at app//org.eclipse.jetty.util.thread.QueuedThreadPool$Runner.run(QueuedThreadPool.java:1034)
        at java.base@21.0.5/java.lang.Thread.runWith(Thread.java:1596)
        at java.base@21.0.5/java.lang.Thread.run(Thread.java:1583)
"IPC Server handler 5 on default port 15021" daemon prio=5 tid=599 timed_waiting
java.lang.Thread.State: TIMED_WAITING
        at java.base@21.0.5/jdk.internal.misc.Unsafe.park(Native Method)
        at java.base@21.0.5/java.util.concurrent.locks.LockSupport.parkNanos(LockSupport.java:269)
        at java.base@21.0.5/java.util.concurrent.locks.AbstractQueuedSynchronizer$ConditionObject.awaitNanos(AbstractQueuedSynchronizer.java:1763)
        at java.base@21.0.5/java.util.concurrent.LinkedBlockingQueue.poll(LinkedBlockingQueue.java:460)
        at app//org.apache.hadoop.ipc.CallQueueManager.take(CallQueueManager.java:370)
        at app//org.apache.hadoop.ipc.Server$Handler.run(Server.java:3165)
"IPC Server listener on 15057" daemon prio=5 tid=766 runnable
java.lang.Thread.State: RUNNABLE
        at java.base@21.0.5/sun.nio.ch.EPoll.wait(Native Method)
        at java.base@21.0.5/sun.nio.ch.EPollSelectorImpl.doSelect(EPollSelectorImpl.java:121)
        at java.base@21.0.5/sun.nio.ch.SelectorImpl.lockAndDoSelect(SelectorImpl.java:130)
        at java.base@21.0.5/sun.nio.ch.SelectorImpl.select(SelectorImpl.java:147)
        at app//org.apache.hadoop.ipc.Server$Listener.run(Server.java:1559)
"IPC Server handler 39 on default port 15000" daemon prio=5 tid=160 timed_waiting
java.lang.Thread.State: TIMED_WAITING
        at java.base@21.0.5/jdk.internal.misc.Unsafe.park(Native Method)
        at java.base@21.0.5/java.util.concurrent.locks.LockSupport.parkNanos(LockSupport.java:269)
        at java.base@21.0.5/java.util.concurrent.locks.AbstractQueuedSynchronizer$ConditionObject.awaitNanos(AbstractQueuedSynchronizer.java:1763)
        at java.base@21.0.5/java.util.concurrent.LinkedBlockingQueue.poll(LinkedBlockingQueue.java:460)
        at app//org.apache.hadoop.ipc.CallQueueManager.take(CallQueueManager.java:370)
        at app//org.apache.hadoop.ipc.Server$Handler.run(Server.java:3165)
"IPC Server handler 6 on default port 15002" daemon prio=5 tid=345 timed_waiting
java.lang.Thread.State: TIMED_WAITING
        at java.base@21.0.5/jdk.internal.misc.Unsafe.park(Native Method)
        at java.base@21.0.5/java.util.concurrent.locks.LockSupport.parkNanos(LockSupport.java:269)
        at java.base@21.0.5/java.util.concurrent.locks.AbstractQueuedSynchronizer$ConditionObject.awaitNanos(AbstractQueuedSynchronizer.java:1763)
        at java.base@21.0.5/java.util.concurrent.LinkedBlockingQueue.poll(LinkedBlockingQueue.java:460)
        at app//org.apache.hadoop.ipc.CallQueueManager.take(CallQueueManager.java:370)
        at app//org.apache.hadoop.ipc.Server$Handler.run(Server.java:3165)
"IPC Server handler 1 on default port 15084" daemon prio=5 tid=957 timed_waiting
java.lang.Thread.State: TIMED_WAITING
        at java.base@21.0.5/jdk.internal.misc.Unsafe.park(Native Method)
        at java.base@21.0.5/java.util.concurrent.locks.LockSupport.parkNanos(LockSupport.java:269)
        at java.base@21.0.5/java.util.concurrent.locks.AbstractQueuedSynchronizer$ConditionObject.awaitNanos(AbstractQueuedSynchronizer.java:1763)
        at java.base@21.0.5/java.util.concurrent.LinkedBlockingQueue.poll(LinkedBlockingQueue.java:460)
        at app//org.apache.hadoop.ipc.CallQueueManager.take(CallQueueManager.java:370)
        at app//org.apache.hadoop.ipc.Server$Handler.run(Server.java:3165)
"Session-HouseKeeper-40f923da-1"  prio=5 tid=579 timed_waiting
java.lang.Thread.State: TIMED_WAITING
        at java.base@21.0.5/jdk.internal.misc.Unsafe.park(Native Method)
        at java.base@21.0.5/java.util.concurrent.locks.LockSupport.parkNanos(LockSupport.java:269)
        at java.base@21.0.5/java.util.concurrent.locks.AbstractQueuedSynchronizer$ConditionObject.awaitNanos(AbstractQueuedSynchronizer.java:1763)
        at java.base@21.0.5/java.util.concurrent.ScheduledThreadPoolExecutor$DelayedWorkQueue.take(ScheduledThreadPoolExecutor.java:1182)
        at java.base@21.0.5/java.util.concurrent.ScheduledThreadPoolExecutor$DelayedWorkQueue.take(ScheduledThreadPoolExecutor.java:899)
        at java.base@21.0.5/java.util.concurrent.ThreadPoolExecutor.getTask(ThreadPoolExecutor.java:1070)
        at java.base@21.0.5/java.util.concurrent.ThreadPoolExecutor.runWorker(ThreadPoolExecutor.java:1130)
        at java.base@21.0.5/java.util.concurrent.ThreadPoolExecutor$Worker.run(ThreadPoolExecutor.java:642)
        at java.base@21.0.5/java.lang.Thread.runWith(Thread.java:1596)
        at java.base@21.0.5/java.lang.Thread.run(Thread.java:1583)
"StaleRecoveringContainerScrubbingService#3" daemon prio=5 tid=2101 in Object.wait()
java.lang.Thread.State: WAITING (on object monitor)
        at java.base@21.0.5/jdk.internal.misc.Unsafe.park(Native Method)
        at java.base@21.0.5/java.util.concurrent.locks.LockSupport.park(LockSupport.java:371)
        at java.base@21.0.5/java.util.concurrent.locks.AbstractQueuedSynchronizer$ConditionNode.block(AbstractQueuedSynchronizer.java:519)
        at java.base@21.0.5/java.util.concurrent.ForkJoinPool.unmanagedBlock(ForkJoinPool.java:3780)
        at java.base@21.0.5/java.util.concurrent.ForkJoinPool.managedBlock(ForkJoinPool.java:3725)
        at java.base@21.0.5/java.util.concurrent.locks.AbstractQueuedSynchronizer$ConditionObject.await(AbstractQueuedSynchronizer.java:1712)
        at java.base@21.0.5/java.util.concurrent.ScheduledThreadPoolExecutor$DelayedWorkQueue.take(ScheduledThreadPoolExecutor.java:1177)
        at java.base@21.0.5/java.util.concurrent.ScheduledThreadPoolExecutor$DelayedWorkQueue.take(ScheduledThreadPoolExecutor.java:899)
        at java.base@21.0.5/java.util.concurrent.ThreadPoolExecutor.getTask(ThreadPoolExecutor.java:1070)
        at java.base@21.0.5/java.util.concurrent.ThreadPoolExecutor.runWorker(ThreadPoolExecutor.java:1130)
        at java.base@21.0.5/java.util.concurrent.ThreadPoolExecutor$Worker.run(ThreadPoolExecutor.java:642)
        at java.base@21.0.5/java.lang.Thread.runWith(Thread.java:1596)
        at java.base@21.0.5/java.lang.Thread.run(Thread.java:1583)
"IPC Server handler 15 on default port 15006" daemon prio=5 tid=513 timed_waiting
java.lang.Thread.State: TIMED_WAITING
        at java.base@21.0.5/jdk.internal.misc.Unsafe.park(Native Method)
        at java.base@21.0.5/java.util.concurrent.locks.LockSupport.parkNanos(LockSupport.java:269)
        at java.base@21.0.5/java.util.concurrent.locks.AbstractQueuedSynchronizer$ConditionObject.awaitNanos(AbstractQueuedSynchronizer.java:1763)
        at java.base@21.0.5/java.util.concurrent.LinkedBlockingQueue.poll(LinkedBlockingQueue.java:460)
        at app//org.apache.hadoop.ipc.CallQueueManager.take(CallQueueManager.java:370)
        at app//org.apache.hadoop.ipc.Server$Handler.run(Server.java:3165)
"IPC Server handler 7 on default port 15030" daemon prio=5 tid=1930 timed_waiting
java.lang.Thread.State: TIMED_WAITING
        at java.base@21.0.5/jdk.internal.misc.Unsafe.park(Native Method)
        at java.base@21.0.5/java.util.concurrent.locks.LockSupport.parkNanos(LockSupport.java:269)
        at java.base@21.0.5/java.util.concurrent.locks.AbstractQueuedSynchronizer$ConditionObject.awaitNanos(AbstractQueuedSynchronizer.java:1763)
        at java.base@21.0.5/java.util.concurrent.LinkedBlockingQueue.poll(LinkedBlockingQueue.java:460)
        at app//org.apache.hadoop.ipc.CallQueueManager.take(CallQueueManager.java:370)
        at app//org.apache.hadoop.ipc.Server$Handler.run(Server.java:3165)
"IPC Server handler 2 on default port 15075" daemon prio=5 tid=894 timed_waiting
java.lang.Thread.State: TIMED_WAITING
        at java.base@21.0.5/jdk.internal.misc.Unsafe.park(Native Method)
        at java.base@21.0.5/java.util.concurrent.locks.LockSupport.parkNanos(LockSupport.java:269)
        at java.base@21.0.5/java.util.concurrent.locks.AbstractQueuedSynchronizer$ConditionObject.awaitNanos(AbstractQueuedSynchronizer.java:1763)
        at java.base@21.0.5/java.util.concurrent.LinkedBlockingQueue.poll(LinkedBlockingQueue.java:460)
        at app//org.apache.hadoop.ipc.CallQueueManager.take(CallQueueManager.java:370)
        at app//org.apache.hadoop.ipc.Server$Handler.run(Server.java:3165)
"84b435bb-d41b-4758-bf48-ce9052c81d4a@group-B7A299DC54EF-LeaderStateImpl" daemon prio=5 tid=1458 timed_waiting
java.lang.Thread.State: TIMED_WAITING
        at java.base@21.0.5/jdk.internal.misc.Unsafe.park(Native Method)
        at java.base@21.0.5/java.util.concurrent.locks.LockSupport.parkNanos(LockSupport.java:269)
        at java.base@21.0.5/java.util.concurrent.locks.AbstractQueuedSynchronizer$ConditionObject.awaitNanos(AbstractQueuedSynchronizer.java:1763)
        at java.base@21.0.5/java.util.concurrent.ArrayBlockingQueue.poll(ArrayBlockingQueue.java:435)
        at app//org.apache.ratis.server.impl.LeaderStateImpl$EventQueue.poll(LeaderStateImpl.java:164)
        at app//org.apache.ratis.server.impl.LeaderStateImpl$EventProcessor.run(LeaderStateImpl.java:763)
"IPC Server handler 4 on default port 15012" daemon prio=5 tid=552 timed_waiting
java.lang.Thread.State: TIMED_WAITING
        at java.base@21.0.5/jdk.internal.misc.Unsafe.park(Native Method)
        at java.base@21.0.5/java.util.concurrent.locks.LockSupport.parkNanos(LockSupport.java:269)
        at java.base@21.0.5/java.util.concurrent.locks.AbstractQueuedSynchronizer$ConditionObject.awaitNanos(AbstractQueuedSynchronizer.java:1763)
        at java.base@21.0.5/java.util.concurrent.LinkedBlockingQueue.poll(LinkedBlockingQueue.java:460)
        at app//org.apache.hadoop.ipc.CallQueueManager.take(CallQueueManager.java:370)
        at app//org.apache.hadoop.ipc.Server$Handler.run(Server.java:3165)
"fc60e07f-496f-42fe-ae82-620152583f87-BlockDeletingService#2" daemon prio=5 tid=1827 in Object.wait()
java.lang.Thread.State: WAITING (on object monitor)
        at java.base@21.0.5/jdk.internal.misc.Unsafe.park(Native Method)
        at java.base@21.0.5/java.util.concurrent.locks.LockSupport.park(LockSupport.java:371)
        at java.base@21.0.5/java.util.concurrent.locks.AbstractQueuedSynchronizer$ConditionNode.block(AbstractQueuedSynchronizer.java:519)
        at java.base@21.0.5/java.util.concurrent.ForkJoinPool.unmanagedBlock(ForkJoinPool.java:3780)
        at java.base@21.0.5/java.util.concurrent.ForkJoinPool.managedBlock(ForkJoinPool.java:3725)
        at java.base@21.0.5/java.util.concurrent.locks.AbstractQueuedSynchronizer$ConditionObject.await(AbstractQueuedSynchronizer.java:1712)
        at java.base@21.0.5/java.util.concurrent.ScheduledThreadPoolExecutor$DelayedWorkQueue.take(ScheduledThreadPoolExecutor.java:1177)
        at java.base@21.0.5/java.util.concurrent.ScheduledThreadPoolExecutor$DelayedWorkQueue.take(ScheduledThreadPoolExecutor.java:899)
        at java.base@21.0.5/java.util.concurrent.ThreadPoolExecutor.getTask(ThreadPoolExecutor.java:1070)
        at java.base@21.0.5/java.util.concurrent.ThreadPoolExecutor.runWorker(ThreadPoolExecutor.java:1130)
        at java.base@21.0.5/java.util.concurrent.ThreadPoolExecutor$Worker.run(ThreadPoolExecutor.java:642)
        at java.base@21.0.5/java.lang.Thread.runWith(Thread.java:1596)
        at java.base@21.0.5/java.lang.Thread.run(Thread.java:1583)
"qtp957126305-924" daemon prio=5 tid=924 timed_waiting
java.lang.Thread.State: TIMED_WAITING
        at java.base@21.0.5/jdk.internal.misc.Unsafe.park(Native Method)
        at java.base@21.0.5/java.util.concurrent.locks.LockSupport.parkNanos(LockSupport.java:269)
        at java.base@21.0.5/java.util.concurrent.locks.AbstractQueuedSynchronizer$ConditionObject.awaitNanos(AbstractQueuedSynchronizer.java:1763)
        at app//org.eclipse.jetty.util.BlockingArrayQueue.poll(BlockingArrayQueue.java:382)
        at app//org.eclipse.jetty.util.thread.QueuedThreadPool$Runner.idleJobPoll(QueuedThreadPool.java:974)
        at app//org.eclipse.jetty.util.thread.QueuedThreadPool$Runner.run(QueuedThreadPool.java:1018)
        at java.base@21.0.5/java.lang.Thread.runWith(Thread.java:1596)
        at java.base@21.0.5/java.lang.Thread.run(Thread.java:1583)
"qtp1676534432-326" daemon prio=5 tid=326 timed_waiting
java.lang.Thread.State: TIMED_WAITING
        at java.base@21.0.5/jdk.internal.misc.Unsafe.park(Native Method)
        at java.base@21.0.5/java.util.concurrent.locks.LockSupport.parkNanos(LockSupport.java:269)
        at java.base@21.0.5/java.util.concurrent.locks.AbstractQueuedSynchronizer$ConditionObject.awaitNanos(AbstractQueuedSynchronizer.java:1763)
        at app//org.eclipse.jetty.util.BlockingArrayQueue.poll(BlockingArrayQueue.java:382)
        at app//org.eclipse.jetty.util.thread.QueuedThreadPool$Runner.idleJobPoll(QueuedThreadPool.java:974)
        at app//org.eclipse.jetty.util.thread.QueuedThreadPool$Runner.run(QueuedThreadPool.java:1018)
        at java.base@21.0.5/java.lang.Thread.runWith(Thread.java:1596)
        at java.base@21.0.5/java.lang.Thread.run(Thread.java:1583)
"IPC Server handler 2 on default port 15039" daemon prio=5 tid=2168 timed_waiting
java.lang.Thread.State: TIMED_WAITING
        at java.base@21.0.5/jdk.internal.misc.Unsafe.park(Native Method)
        at java.base@21.0.5/java.util.concurrent.locks.LockSupport.parkNanos(LockSupport.java:269)
        at java.base@21.0.5/java.util.concurrent.locks.AbstractQueuedSynchronizer$ConditionObject.awaitNanos(AbstractQueuedSynchronizer.java:1763)
        at java.base@21.0.5/java.util.concurrent.LinkedBlockingQueue.poll(LinkedBlockingQueue.java:460)
        at app//org.apache.hadoop.ipc.CallQueueManager.take(CallQueueManager.java:370)
        at app//org.apache.hadoop.ipc.Server$Handler.run(Server.java:3165)
"IPC Server handler 91 on default port 15000" daemon prio=5 tid=212 timed_waiting
java.lang.Thread.State: TIMED_WAITING
        at java.base@21.0.5/jdk.internal.misc.Unsafe.park(Native Method)
        at java.base@21.0.5/java.util.concurrent.locks.LockSupport.parkNanos(LockSupport.java:269)
        at java.base@21.0.5/java.util.concurrent.locks.AbstractQueuedSynchronizer$ConditionObject.awaitNanos(AbstractQueuedSynchronizer.java:1763)
        at java.base@21.0.5/java.util.concurrent.LinkedBlockingQueue.poll(LinkedBlockingQueue.java:460)
        at app//org.apache.hadoop.ipc.CallQueueManager.take(CallQueueManager.java:370)
        at app//org.apache.hadoop.ipc.Server$Handler.run(Server.java:3165)
"84b435bb-d41b-4758-bf48-ce9052c81d4a-CommandProcessorThread" daemon prio=5 tid=795 timed_waiting
java.lang.Thread.State: TIMED_WAITING
        at java.base@21.0.5/java.lang.Thread.sleep0(Native Method)
        at java.base@21.0.5/java.lang.Thread.sleep(Thread.java:509)
        at app//org.apache.hadoop.ozone.container.common.statemachine.DatanodeStateMachine.lambda$initCommandHandlerThread$4(DatanodeStateMachine.java:670)
        at app//org.apache.hadoop.ozone.container.common.statemachine.DatanodeStateMachine$$Lambda/0x00007fcfe07d9b78.run(Unknown Source)
        at java.base@21.0.5/java.lang.Thread.runWith(Thread.java:1596)
        at java.base@21.0.5/java.lang.Thread.run(Thread.java:1583)
"null-request--thread1" daemon prio=5 tid=1449 timed_waiting
java.lang.Thread.State: TIMED_WAITING
        at java.base@21.0.5/jdk.internal.misc.Unsafe.park(Native Method)
        at java.base@21.0.5/java.util.concurrent.locks.LockSupport.parkNanos(LockSupport.java:269)
        at java.base@21.0.5/java.util.concurrent.locks.AbstractQueuedSynchronizer$ConditionObject.awaitNanos(AbstractQueuedSynchronizer.java:1763)
        at java.base@21.0.5/java.util.concurrent.LinkedBlockingQueue.poll(LinkedBlockingQueue.java:460)
        at java.base@21.0.5/java.util.concurrent.ThreadPoolExecutor.getTask(ThreadPoolExecutor.java:1069)
        at java.base@21.0.5/java.util.concurrent.ThreadPoolExecutor.runWorker(ThreadPoolExecutor.java:1130)
        at java.base@21.0.5/java.util.concurrent.ThreadPoolExecutor$Worker.run(ThreadPoolExecutor.java:642)
        at java.base@21.0.5/java.lang.Thread.runWith(Thread.java:1596)
        at java.base@21.0.5/java.lang.Thread.run(Thread.java:1583)
"qtp1570121683-574-acceptor-0@1b840177-ServerConnector@5e139f7f{HTTP/1.1, (http/1.1)}{0.0.0.0:15020}" daemon prio=3 tid=574 runnable
java.lang.Thread.State: RUNNABLE
        at java.base@21.0.5/sun.nio.ch.Net.accept(Native Method)
        at java.base@21.0.5/sun.nio.ch.ServerSocketChannelImpl.implAccept(ServerSocketChannelImpl.java:433)
        at java.base@21.0.5/sun.nio.ch.ServerSocketChannelImpl.accept(ServerSocketChannelImpl.java:399)
        at app//org.eclipse.jetty.server.ServerConnector.accept(ServerConnector.java:388)
        at app//org.eclipse.jetty.server.AbstractConnector$Acceptor.run(AbstractConnector.java:704)
        at app//org.eclipse.jetty.util.thread.QueuedThreadPool.runJob(QueuedThreadPool.java:883)
        at app//org.eclipse.jetty.util.thread.QueuedThreadPool$Runner.run(QueuedThreadPool.java:1034)
        at java.base@21.0.5/java.lang.Thread.runWith(Thread.java:1596)
        at java.base@21.0.5/java.lang.Thread.run(Thread.java:1583)
"IPC Server handler 89 on default port 15000" daemon prio=5 tid=210 timed_waiting
java.lang.Thread.State: TIMED_WAITING
        at java.base@21.0.5/jdk.internal.misc.Unsafe.park(Native Method)
        at java.base@21.0.5/java.util.concurrent.locks.LockSupport.parkNanos(LockSupport.java:269)
        at java.base@21.0.5/java.util.concurrent.locks.AbstractQueuedSynchronizer$ConditionObject.awaitNanos(AbstractQueuedSynchronizer.java:1763)
        at java.base@21.0.5/java.util.concurrent.LinkedBlockingQueue.poll(LinkedBlockingQueue.java:460)
        at app//org.apache.hadoop.ipc.CallQueueManager.take(CallQueueManager.java:370)
        at app//org.apache.hadoop.ipc.Server$Handler.run(Server.java:3165)
"IPC Server handler 82 on default port 15001" daemon prio=5 tid=303 timed_waiting
java.lang.Thread.State: TIMED_WAITING
        at java.base@21.0.5/jdk.internal.misc.Unsafe.park(Native Method)
        at java.base@21.0.5/java.util.concurrent.locks.LockSupport.parkNanos(LockSupport.java:269)
        at java.base@21.0.5/java.util.concurrent.locks.AbstractQueuedSynchronizer$ConditionObject.awaitNanos(AbstractQueuedSynchronizer.java:1763)
        at java.base@21.0.5/java.util.concurrent.LinkedBlockingQueue.poll(LinkedBlockingQueue.java:460)
        at app//org.apache.hadoop.ipc.CallQueueManager.take(CallQueueManager.java:370)
        at app//org.apache.hadoop.ipc.Server$Handler.run(Server.java:3165)
"fc60e07f-496f-42fe-ae82-620152583f87-ChunkWriter-1-0" daemon prio=5 tid=1064 in Object.wait()
java.lang.Thread.State: WAITING (on object monitor)
        at java.base@21.0.5/jdk.internal.misc.Unsafe.park(Native Method)
        at java.base@21.0.5/java.util.concurrent.locks.LockSupport.park(LockSupport.java:371)
        at java.base@21.0.5/java.util.concurrent.locks.AbstractQueuedSynchronizer$ConditionNode.block(AbstractQueuedSynchronizer.java:519)
        at java.base@21.0.5/java.util.concurrent.ForkJoinPool.unmanagedBlock(ForkJoinPool.java:3780)
        at java.base@21.0.5/java.util.concurrent.ForkJoinPool.managedBlock(ForkJoinPool.java:3725)
        at java.base@21.0.5/java.util.concurrent.locks.AbstractQueuedSynchronizer$ConditionObject.await(AbstractQueuedSynchronizer.java:1712)
        at java.base@21.0.5/java.util.concurrent.LinkedBlockingDeque.takeFirst(LinkedBlockingDeque.java:485)
        at java.base@21.0.5/java.util.concurrent.LinkedBlockingDeque.take(LinkedBlockingDeque.java:673)
        at java.base@21.0.5/java.util.concurrent.ThreadPoolExecutor.getTask(ThreadPoolExecutor.java:1070)
        at java.base@21.0.5/java.util.concurrent.ThreadPoolExecutor.runWorker(ThreadPoolExecutor.java:1130)
        at java.base@21.0.5/java.util.concurrent.ThreadPoolExecutor$Worker.run(ThreadPoolExecutor.java:642)
        at java.base@21.0.5/java.lang.Thread.runWith(Thread.java:1596)
        at java.base@21.0.5/java.lang.Thread.run(Thread.java:1583)
"Socket Reader #5 for port 15030"  prio=5 tid=1914 runnable
java.lang.Thread.State: RUNNABLE
        at java.base@21.0.5/sun.nio.ch.EPoll.wait(Native Method)
        at java.base@21.0.5/sun.nio.ch.EPollSelectorImpl.doSelect(EPollSelectorImpl.java:121)
        at java.base@21.0.5/sun.nio.ch.SelectorImpl.lockAndDoSelect(SelectorImpl.java:130)
        at java.base@21.0.5/sun.nio.ch.SelectorImpl.select(SelectorImpl.java:147)
        at app//org.apache.hadoop.ipc.Server$Listener$Reader.doRunLoop(Server.java:1497)
        at app//org.apache.hadoop.ipc.Server$Listener$Reader.run(Server.java:1476)
"qtp223830602-494" daemon prio=5 tid=494 timed_waiting
java.lang.Thread.State: TIMED_WAITING
        at java.base@21.0.5/jdk.internal.misc.Unsafe.park(Native Method)
        at java.base@21.0.5/java.util.concurrent.locks.LockSupport.parkNanos(LockSupport.java:269)
        at java.base@21.0.5/java.util.concurrent.locks.AbstractQueuedSynchronizer$ConditionObject.awaitNanos(AbstractQueuedSynchronizer.java:1763)
        at app//org.eclipse.jetty.util.BlockingArrayQueue.poll(BlockingArrayQueue.java:382)
        at app//org.eclipse.jetty.util.thread.QueuedThreadPool$Runner.idleJobPoll(QueuedThreadPool.java:974)
        at app//org.eclipse.jetty.util.thread.QueuedThreadPool$Runner.run(QueuedThreadPool.java:1018)
        at java.base@21.0.5/java.lang.Thread.runWith(Thread.java:1596)
        at java.base@21.0.5/java.lang.Thread.run(Thread.java:1583)
"7c84fc52-fa7b-40d9-a19c-d4e4c83c5fa3-ChunkReader-5" daemon prio=5 tid=2073 in Object.wait()
java.lang.Thread.State: WAITING (on object monitor)
        at java.base@21.0.5/jdk.internal.misc.Unsafe.park(Native Method)
        at java.base@21.0.5/java.util.concurrent.locks.LockSupport.park(LockSupport.java:371)
        at java.base@21.0.5/java.util.concurrent.locks.AbstractQueuedSynchronizer$ConditionNode.block(AbstractQueuedSynchronizer.java:519)
        at java.base@21.0.5/java.util.concurrent.ForkJoinPool.unmanagedBlock(ForkJoinPool.java:3780)
        at java.base@21.0.5/java.util.concurrent.ForkJoinPool.managedBlock(ForkJoinPool.java:3725)
        at java.base@21.0.5/java.util.concurrent.locks.AbstractQueuedSynchronizer$ConditionObject.await(AbstractQueuedSynchronizer.java:1712)
        at java.base@21.0.5/java.util.concurrent.LinkedBlockingQueue.take(LinkedBlockingQueue.java:435)
        at java.base@21.0.5/java.util.concurrent.ThreadPoolExecutor.getTask(ThreadPoolExecutor.java:1070)
        at java.base@21.0.5/java.util.concurrent.ThreadPoolExecutor.runWorker(ThreadPoolExecutor.java:1130)
        at java.base@21.0.5/java.util.concurrent.ThreadPoolExecutor$Worker.run(ThreadPoolExecutor.java:642)
        at java.base@21.0.5/java.lang.Thread.runWith(Thread.java:1596)
        at java.base@21.0.5/java.lang.Thread.run(Thread.java:1583)
"ac5cad44-c19c-4f65-867f-c0009d6f555c-ChunkReader-ELG-0" daemon prio=5 tid=873 runnable
java.lang.Thread.State: RUNNABLE
        at app//org.apache.ratis.thirdparty.io.netty.channel.epoll.Native.epollWait0(Native Method)
        at app//org.apache.ratis.thirdparty.io.netty.channel.epoll.Native.epollWait(Native.java:193)
        at app//org.apache.ratis.thirdparty.io.netty.channel.epoll.EpollEventLoop.epollWait(EpollEventLoop.java:304)
        at app//org.apache.ratis.thirdparty.io.netty.channel.epoll.EpollEventLoop.run(EpollEventLoop.java:368)
        at app//org.apache.ratis.thirdparty.io.netty.util.concurrent.SingleThreadEventExecutor$4.run(SingleThreadEventExecutor.java:997)
        at app//org.apache.ratis.thirdparty.io.netty.util.internal.ThreadExecutorMap$2.run(ThreadExecutorMap.java:74)
        at java.base@21.0.5/java.lang.Thread.runWith(Thread.java:1596)
        at java.base@21.0.5/java.lang.Thread.run(Thread.java:1583)
"IPC Server handler 50 on default port 15000" daemon prio=5 tid=171 timed_waiting
java.lang.Thread.State: TIMED_WAITING
        at java.base@21.0.5/jdk.internal.misc.Unsafe.park(Native Method)
        at java.base@21.0.5/java.util.concurrent.locks.LockSupport.parkNanos(LockSupport.java:269)
        at java.base@21.0.5/java.util.concurrent.locks.AbstractQueuedSynchronizer$ConditionObject.awaitNanos(AbstractQueuedSynchronizer.java:1763)
        at java.base@21.0.5/java.util.concurrent.LinkedBlockingQueue.poll(LinkedBlockingQueue.java:460)
        at app//org.apache.hadoop.ipc.CallQueueManager.take(CallQueueManager.java:370)
        at app//org.apache.hadoop.ipc.Server$Handler.run(Server.java:3165)
"IPC Server handler 24 on default port 15002" daemon prio=5 tid=363 timed_waiting
java.lang.Thread.State: TIMED_WAITING
        at java.base@21.0.5/jdk.internal.misc.Unsafe.park(Native Method)
        at java.base@21.0.5/java.util.concurrent.locks.LockSupport.parkNanos(LockSupport.java:269)
        at java.base@21.0.5/java.util.concurrent.locks.AbstractQueuedSynchronizer$ConditionObject.awaitNanos(AbstractQueuedSynchronizer.java:1763)
        at java.base@21.0.5/java.util.concurrent.LinkedBlockingQueue.poll(LinkedBlockingQueue.java:460)
        at app//org.apache.hadoop.ipc.CallQueueManager.take(CallQueueManager.java:370)
        at app//org.apache.hadoop.ipc.Server$Handler.run(Server.java:3165)
"IPC Server handler 91 on default port 15001" daemon prio=5 tid=312 timed_waiting
java.lang.Thread.State: TIMED_WAITING
        at java.base@21.0.5/jdk.internal.misc.Unsafe.park(Native Method)
        at java.base@21.0.5/java.util.concurrent.locks.LockSupport.parkNanos(LockSupport.java:269)
        at java.base@21.0.5/java.util.concurrent.locks.AbstractQueuedSynchronizer$ConditionObject.awaitNanos(AbstractQueuedSynchronizer.java:1763)
        at java.base@21.0.5/java.util.concurrent.LinkedBlockingQueue.poll(LinkedBlockingQueue.java:460)
        at app//org.apache.hadoop.ipc.CallQueueManager.take(CallQueueManager.java:370)
        at app//org.apache.hadoop.ipc.Server$Handler.run(Server.java:3165)
"IPC Server handler 68 on default port 15002" daemon prio=5 tid=407 timed_waiting
java.lang.Thread.State: TIMED_WAITING
        at java.base@21.0.5/jdk.internal.misc.Unsafe.park(Native Method)
        at java.base@21.0.5/java.util.concurrent.locks.LockSupport.parkNanos(LockSupport.java:269)
        at java.base@21.0.5/java.util.concurrent.locks.AbstractQueuedSynchronizer$ConditionObject.awaitNanos(AbstractQueuedSynchronizer.java:1763)
        at java.base@21.0.5/java.util.concurrent.LinkedBlockingQueue.poll(LinkedBlockingQueue.java:460)
        at app//org.apache.hadoop.ipc.CallQueueManager.take(CallQueueManager.java:370)
        at app//org.apache.hadoop.ipc.Server$Handler.run(Server.java:3165)
"IPC Server handler 70 on default port 15002" daemon prio=5 tid=409 timed_waiting
java.lang.Thread.State: TIMED_WAITING
        at java.base@21.0.5/jdk.internal.misc.Unsafe.park(Native Method)
        at java.base@21.0.5/java.util.concurrent.locks.LockSupport.parkNanos(LockSupport.java:269)
        at java.base@21.0.5/java.util.concurrent.locks.AbstractQueuedSynchronizer$ConditionObject.awaitNanos(AbstractQueuedSynchronizer.java:1763)
        at java.base@21.0.5/java.util.concurrent.LinkedBlockingQueue.poll(LinkedBlockingQueue.java:460)
        at app//org.apache.hadoop.ipc.CallQueueManager.take(CallQueueManager.java:370)
        at app//org.apache.hadoop.ipc.Server$Handler.run(Server.java:3165)
"Session-HouseKeeper-66bd32b1-1"  prio=5 tid=811 timed_waiting
java.lang.Thread.State: TIMED_WAITING
        at java.base@21.0.5/jdk.internal.misc.Unsafe.park(Native Method)
        at java.base@21.0.5/java.util.concurrent.locks.LockSupport.parkNanos(LockSupport.java:269)
        at java.base@21.0.5/java.util.concurrent.locks.AbstractQueuedSynchronizer$ConditionObject.awaitNanos(AbstractQueuedSynchronizer.java:1763)
        at java.base@21.0.5/java.util.concurrent.ScheduledThreadPoolExecutor$DelayedWorkQueue.take(ScheduledThreadPoolExecutor.java:1182)
        at java.base@21.0.5/java.util.concurrent.ScheduledThreadPoolExecutor$DelayedWorkQueue.take(ScheduledThreadPoolExecutor.java:899)
        at java.base@21.0.5/java.util.concurrent.ThreadPoolExecutor.getTask(ThreadPoolExecutor.java:1070)
        at java.base@21.0.5/java.util.concurrent.ThreadPoolExecutor.runWorker(ThreadPoolExecutor.java:1130)
        at java.base@21.0.5/java.util.concurrent.ThreadPoolExecutor$Worker.run(ThreadPoolExecutor.java:642)
        at java.base@21.0.5/java.lang.Thread.runWith(Thread.java:1596)
        at java.base@21.0.5/java.lang.Thread.run(Thread.java:1583)
"ac5cad44-c19c-4f65-867f-c0009d6f555c-DatanodeStateMachineTaskThread-0"  prio=5 tid=564 in Object.wait()
java.lang.Thread.State: WAITING (on object monitor)
        at java.base@21.0.5/jdk.internal.misc.Unsafe.park(Native Method)
        at java.base@21.0.5/java.util.concurrent.locks.LockSupport.park(LockSupport.java:371)
        at java.base@21.0.5/java.util.concurrent.locks.AbstractQueuedSynchronizer$ConditionNode.block(AbstractQueuedSynchronizer.java:519)
        at java.base@21.0.5/java.util.concurrent.ForkJoinPool.unmanagedBlock(ForkJoinPool.java:3780)
        at java.base@21.0.5/java.util.concurrent.ForkJoinPool.managedBlock(ForkJoinPool.java:3725)
        at java.base@21.0.5/java.util.concurrent.locks.AbstractQueuedSynchronizer$ConditionObject.await(AbstractQueuedSynchronizer.java:1712)
        at java.base@21.0.5/java.util.concurrent.LinkedBlockingQueue.take(LinkedBlockingQueue.java:435)
        at java.base@21.0.5/java.util.concurrent.ThreadPoolExecutor.getTask(ThreadPoolExecutor.java:1070)
        at java.base@21.0.5/java.util.concurrent.ThreadPoolExecutor.runWorker(ThreadPoolExecutor.java:1130)
        at java.base@21.0.5/java.util.concurrent.ThreadPoolExecutor$Worker.run(ThreadPoolExecutor.java:642)
        at java.base@21.0.5/java.lang.Thread.runWith(Thread.java:1596)
        at java.base@21.0.5/java.lang.Thread.run(Thread.java:1583)
"IPC Server handler 78 on default port 15001" daemon prio=5 tid=299 timed_waiting
java.lang.Thread.State: TIMED_WAITING
        at java.base@21.0.5/jdk.internal.misc.Unsafe.park(Native Method)
        at java.base@21.0.5/java.util.concurrent.locks.LockSupport.parkNanos(LockSupport.java:269)
        at java.base@21.0.5/java.util.concurrent.locks.AbstractQueuedSynchronizer$ConditionObject.awaitNanos(AbstractQueuedSynchronizer.java:1763)
        at java.base@21.0.5/java.util.concurrent.LinkedBlockingQueue.poll(LinkedBlockingQueue.java:460)
        at app//org.apache.hadoop.ipc.CallQueueManager.take(CallQueueManager.java:370)
        at app//org.apache.hadoop.ipc.Server$Handler.run(Server.java:3165)
"91d0dafb-6cb7-42e5-b129-660fdc1902ba-BlockDeletingService#2" daemon prio=5 tid=1850 in Object.wait()
java.lang.Thread.State: WAITING (on object monitor)
        at java.base@21.0.5/jdk.internal.misc.Unsafe.park(Native Method)
        at java.base@21.0.5/java.util.concurrent.locks.LockSupport.park(LockSupport.java:371)
        at java.base@21.0.5/java.util.concurrent.locks.AbstractQueuedSynchronizer$ConditionNode.block(AbstractQueuedSynchronizer.java:519)
        at java.base@21.0.5/java.util.concurrent.ForkJoinPool.unmanagedBlock(ForkJoinPool.java:3780)
        at java.base@21.0.5/java.util.concurrent.ForkJoinPool.managedBlock(ForkJoinPool.java:3725)
        at java.base@21.0.5/java.util.concurrent.locks.AbstractQueuedSynchronizer$ConditionObject.await(AbstractQueuedSynchronizer.java:1712)
        at java.base@21.0.5/java.util.concurrent.ScheduledThreadPoolExecutor$DelayedWorkQueue.take(ScheduledThreadPoolExecutor.java:1177)
        at java.base@21.0.5/java.util.concurrent.ScheduledThreadPoolExecutor$DelayedWorkQueue.take(ScheduledThreadPoolExecutor.java:899)
        at java.base@21.0.5/java.util.concurrent.ThreadPoolExecutor.getTask(ThreadPoolExecutor.java:1070)
        at java.base@21.0.5/java.util.concurrent.ThreadPoolExecutor.runWorker(ThreadPoolExecutor.java:1130)
        at java.base@21.0.5/java.util.concurrent.ThreadPoolExecutor$Worker.run(ThreadPoolExecutor.java:642)
        at java.base@21.0.5/java.lang.Thread.runWith(Thread.java:1596)
        at java.base@21.0.5/java.lang.Thread.run(Thread.java:1583)
"84b435bb-d41b-4758-bf48-ce9052c81d4a-ContainerOp-8ef3bc64-5854-4584-910e-a7184706d343-1"  prio=5 tid=1453 in Object.wait()
java.lang.Thread.State: WAITING (on object monitor)
        at java.base@21.0.5/jdk.internal.misc.Unsafe.park(Native Method)
        at java.base@21.0.5/java.util.concurrent.locks.LockSupport.park(LockSupport.java:371)
        at java.base@21.0.5/java.util.concurrent.locks.AbstractQueuedSynchronizer$ConditionNode.block(AbstractQueuedSynchronizer.java:519)
        at java.base@21.0.5/java.util.concurrent.ForkJoinPool.unmanagedBlock(ForkJoinPool.java:3780)
        at java.base@21.0.5/java.util.concurrent.ForkJoinPool.managedBlock(ForkJoinPool.java:3725)
        at java.base@21.0.5/java.util.concurrent.locks.AbstractQueuedSynchronizer$ConditionObject.await(AbstractQueuedSynchronizer.java:1712)
        at java.base@21.0.5/java.util.concurrent.LinkedBlockingQueue.take(LinkedBlockingQueue.java:435)
        at java.base@21.0.5/java.util.concurrent.ThreadPoolExecutor.getTask(ThreadPoolExecutor.java:1070)
        at java.base@21.0.5/java.util.concurrent.ThreadPoolExecutor.runWorker(ThreadPoolExecutor.java:1130)
        at java.base@21.0.5/java.util.concurrent.ThreadPoolExecutor$Worker.run(ThreadPoolExecutor.java:642)
        at java.base@21.0.5/java.lang.Thread.runWith(Thread.java:1596)
        at java.base@21.0.5/java.lang.Thread.run(Thread.java:1583)
"ac5cad44-c19c-4f65-867f-c0009d6f555c-ChunkWriter-0-0" daemon prio=5 tid=868 in Object.wait()
java.lang.Thread.State: WAITING (on object monitor)
        at java.base@21.0.5/jdk.internal.misc.Unsafe.park(Native Method)
        at java.base@21.0.5/java.util.concurrent.locks.LockSupport.park(LockSupport.java:371)
        at java.base@21.0.5/java.util.concurrent.locks.AbstractQueuedSynchronizer$ConditionNode.block(AbstractQueuedSynchronizer.java:519)
        at java.base@21.0.5/java.util.concurrent.ForkJoinPool.unmanagedBlock(ForkJoinPool.java:3780)
        at java.base@21.0.5/java.util.concurrent.ForkJoinPool.managedBlock(ForkJoinPool.java:3725)
        at java.base@21.0.5/java.util.concurrent.locks.AbstractQueuedSynchronizer$ConditionObject.await(AbstractQueuedSynchronizer.java:1712)
        at java.base@21.0.5/java.util.concurrent.LinkedBlockingDeque.takeFirst(LinkedBlockingDeque.java:485)
        at java.base@21.0.5/java.util.concurrent.LinkedBlockingDeque.take(LinkedBlockingDeque.java:673)
        at java.base@21.0.5/java.util.concurrent.ThreadPoolExecutor.getTask(ThreadPoolExecutor.java:1070)
        at java.base@21.0.5/java.util.concurrent.ThreadPoolExecutor.runWorker(ThreadPoolExecutor.java:1130)
        at java.base@21.0.5/java.util.concurrent.ThreadPoolExecutor$Worker.run(ThreadPoolExecutor.java:642)
        at java.base@21.0.5/java.lang.Thread.runWith(Thread.java:1596)
        at java.base@21.0.5/java.lang.Thread.run(Thread.java:1583)
"fc60e07f-496f-42fe-ae82-620152583f87-ContainerOp-8ef3bc64-5854-4584-910e-a7184706d343-5"  prio=5 tid=1547 in Object.wait()
java.lang.Thread.State: WAITING (on object monitor)
        at java.base@21.0.5/jdk.internal.misc.Unsafe.park(Native Method)
        at java.base@21.0.5/java.util.concurrent.locks.LockSupport.park(LockSupport.java:371)
        at java.base@21.0.5/java.util.concurrent.locks.AbstractQueuedSynchronizer$ConditionNode.block(AbstractQueuedSynchronizer.java:519)
        at java.base@21.0.5/java.util.concurrent.ForkJoinPool.unmanagedBlock(ForkJoinPool.java:3780)
        at java.base@21.0.5/java.util.concurrent.ForkJoinPool.managedBlock(ForkJoinPool.java:3725)
        at java.base@21.0.5/java.util.concurrent.locks.AbstractQueuedSynchronizer$ConditionObject.await(AbstractQueuedSynchronizer.java:1712)
        at java.base@21.0.5/java.util.concurrent.LinkedBlockingQueue.take(LinkedBlockingQueue.java:435)
        at java.base@21.0.5/java.util.concurrent.ThreadPoolExecutor.getTask(ThreadPoolExecutor.java:1070)
        at java.base@21.0.5/java.util.concurrent.ThreadPoolExecutor.runWorker(ThreadPoolExecutor.java:1130)
        at java.base@21.0.5/java.util.concurrent.ThreadPoolExecutor$Worker.run(ThreadPoolExecutor.java:642)
        at java.base@21.0.5/java.lang.Thread.runWith(Thread.java:1596)
        at java.base@21.0.5/java.lang.Thread.run(Thread.java:1583)
"fc60e07f-496f-42fe-ae82-620152583f87-ContainerOp-8ef3bc64-5854-4584-910e-a7184706d343-0"  prio=5 tid=1450 in Object.wait()
java.lang.Thread.State: WAITING (on object monitor)
        at java.base@21.0.5/jdk.internal.misc.Unsafe.park(Native Method)
        at java.base@21.0.5/java.util.concurrent.locks.LockSupport.park(LockSupport.java:371)
        at java.base@21.0.5/java.util.concurrent.locks.AbstractQueuedSynchronizer$ConditionNode.block(AbstractQueuedSynchronizer.java:519)
        at java.base@21.0.5/java.util.concurrent.ForkJoinPool.unmanagedBlock(ForkJoinPool.java:3780)
        at java.base@21.0.5/java.util.concurrent.ForkJoinPool.managedBlock(ForkJoinPool.java:3725)
        at java.base@21.0.5/java.util.concurrent.locks.AbstractQueuedSynchronizer$ConditionObject.await(AbstractQueuedSynchronizer.java:1712)
        at java.base@21.0.5/java.util.concurrent.LinkedBlockingQueue.take(LinkedBlockingQueue.java:435)
        at java.base@21.0.5/java.util.concurrent.ThreadPoolExecutor.getTask(ThreadPoolExecutor.java:1070)
        at java.base@21.0.5/java.util.concurrent.ThreadPoolExecutor.runWorker(ThreadPoolExecutor.java:1130)
        at java.base@21.0.5/java.util.concurrent.ThreadPoolExecutor$Worker.run(ThreadPoolExecutor.java:642)
        at java.base@21.0.5/java.lang.Thread.runWith(Thread.java:1596)
        at java.base@21.0.5/java.lang.Thread.run(Thread.java:1583)
"IPC Server handler 99 on default port 15000" daemon prio=5 tid=220 timed_waiting
java.lang.Thread.State: TIMED_WAITING
        at java.base@21.0.5/jdk.internal.misc.Unsafe.park(Native Method)
        at java.base@21.0.5/java.util.concurrent.locks.LockSupport.parkNanos(LockSupport.java:269)
        at java.base@21.0.5/java.util.concurrent.locks.AbstractQueuedSynchronizer$ConditionObject.awaitNanos(AbstractQueuedSynchronizer.java:1763)
        at java.base@21.0.5/java.util.concurrent.LinkedBlockingQueue.poll(LinkedBlockingQueue.java:460)
        at app//org.apache.hadoop.ipc.CallQueueManager.take(CallQueueManager.java:370)
        at app//org.apache.hadoop.ipc.Server$Handler.run(Server.java:3165)
"fc60e07f-496f-42fe-ae82-620152583f87-ChunkWriter-3-0" daemon prio=5 tid=1066 in Object.wait()
java.lang.Thread.State: WAITING (on object monitor)
        at java.base@21.0.5/jdk.internal.misc.Unsafe.park(Native Method)
        at java.base@21.0.5/java.util.concurrent.locks.LockSupport.park(LockSupport.java:371)
        at java.base@21.0.5/java.util.concurrent.locks.AbstractQueuedSynchronizer$ConditionNode.block(AbstractQueuedSynchronizer.java:519)
        at java.base@21.0.5/java.util.concurrent.ForkJoinPool.unmanagedBlock(ForkJoinPool.java:3780)
        at java.base@21.0.5/java.util.concurrent.ForkJoinPool.managedBlock(ForkJoinPool.java:3725)
        at java.base@21.0.5/java.util.concurrent.locks.AbstractQueuedSynchronizer$ConditionObject.await(AbstractQueuedSynchronizer.java:1712)
        at java.base@21.0.5/java.util.concurrent.LinkedBlockingDeque.takeFirst(LinkedBlockingDeque.java:485)
        at java.base@21.0.5/java.util.concurrent.LinkedBlockingDeque.take(LinkedBlockingDeque.java:673)
        at java.base@21.0.5/java.util.concurrent.ThreadPoolExecutor.getTask(ThreadPoolExecutor.java:1070)
        at java.base@21.0.5/java.util.concurrent.ThreadPoolExecutor.runWorker(ThreadPoolExecutor.java:1130)
        at java.base@21.0.5/java.util.concurrent.ThreadPoolExecutor$Worker.run(ThreadPoolExecutor.java:642)
        at java.base@21.0.5/java.lang.Thread.runWith(Thread.java:1596)
        at java.base@21.0.5/java.lang.Thread.run(Thread.java:1583)
"IPC Server handler 32 on default port 15000" daemon prio=5 tid=153 timed_waiting
java.lang.Thread.State: TIMED_WAITING
        at java.base@21.0.5/jdk.internal.misc.Unsafe.park(Native Method)
        at java.base@21.0.5/java.util.concurrent.locks.LockSupport.parkNanos(LockSupport.java:269)
        at java.base@21.0.5/java.util.concurrent.locks.AbstractQueuedSynchronizer$ConditionObject.awaitNanos(AbstractQueuedSynchronizer.java:1763)
        at java.base@21.0.5/java.util.concurrent.LinkedBlockingQueue.poll(LinkedBlockingQueue.java:460)
        at app//org.apache.hadoop.ipc.CallQueueManager.take(CallQueueManager.java:370)
        at app//org.apache.hadoop.ipc.Server$Handler.run(Server.java:3165)
"qtp1365184588-715" daemon prio=5 tid=715 timed_waiting
java.lang.Thread.State: TIMED_WAITING
        at java.base@21.0.5/jdk.internal.misc.Unsafe.park(Native Method)
        at java.base@21.0.5/java.util.concurrent.locks.LockSupport.parkNanos(LockSupport.java:269)
        at java.base@21.0.5/java.util.concurrent.locks.AbstractQueuedSynchronizer$ConditionObject.awaitNanos(AbstractQueuedSynchronizer.java:1763)
        at app//org.eclipse.jetty.util.BlockingArrayQueue.poll(BlockingArrayQueue.java:382)
        at app//org.eclipse.jetty.util.thread.QueuedThreadPool$Runner.idleJobPoll(QueuedThreadPool.java:974)
        at app//org.eclipse.jetty.util.thread.QueuedThreadPool$Runner.run(QueuedThreadPool.java:1018)
        at java.base@21.0.5/java.lang.Thread.runWith(Thread.java:1596)
        at java.base@21.0.5/java.lang.Thread.run(Thread.java:1583)
"fc60e07f-496f-42fe-ae82-620152583f87@group-A7184706D343->84b435bb-d41b-4758-bf48-ce9052c81d4a-GrpcLogAppender-LogAppenderDaemon" daemon prio=5 tid=1417 timed_waiting
java.lang.Thread.State: TIMED_WAITING
        at java.base@21.0.5/jdk.internal.misc.Unsafe.park(Native Method)
        at java.base@21.0.5/java.util.concurrent.locks.LockSupport.parkNanos(LockSupport.java:269)
        at java.base@21.0.5/java.util.concurrent.locks.AbstractQueuedSynchronizer$ConditionObject.await(AbstractQueuedSynchronizer.java:1852)
        at app//org.apache.ratis.util.AwaitForSignal.await(AwaitForSignal.java:65)
        at app//org.apache.ratis.grpc.server.GrpcLogAppender.mayWait(GrpcLogAppender.java:290)
        at app//org.apache.ratis.grpc.server.GrpcLogAppender.run(GrpcLogAppender.java:258)
        at app//org.apache.ratis.server.leader.LogAppenderDaemon.run(LogAppenderDaemon.java:80)
        at app//org.apache.ratis.server.leader.LogAppenderDaemon$$Lambda/0x00007fcfe093e000.run(Unknown Source)
        at java.base@21.0.5/java.lang.Thread.runWith(Thread.java:1596)
        at java.base@21.0.5/java.lang.Thread.run(Thread.java:1583)
"IPC Server Responder" daemon prio=5 tid=73 runnable
java.lang.Thread.State: RUNNABLE
        at java.base@21.0.5/sun.nio.ch.EPoll.wait(Native Method)
        at java.base@21.0.5/sun.nio.ch.EPollSelectorImpl.doSelect(EPollSelectorImpl.java:121)
        at java.base@21.0.5/sun.nio.ch.SelectorImpl.lockAndDoSelect(SelectorImpl.java:130)
        at java.base@21.0.5/sun.nio.ch.SelectorImpl.select(SelectorImpl.java:142)
        at app//org.apache.hadoop.ipc.Server$Responder.doRunLoop(Server.java:1733)
        at app//org.apache.hadoop.ipc.Server$Responder.run(Server.java:1716)
"qtp775920937-853-acceptor-0@48fc5dc6-ServerConnector@5ec30886{HTTP/1.1, (http/1.1)}{0.0.0.0:15074}" daemon prio=3 tid=853 runnable
java.lang.Thread.State: RUNNABLE
        at java.base@21.0.5/sun.nio.ch.Net.accept(Native Method)
        at java.base@21.0.5/sun.nio.ch.ServerSocketChannelImpl.implAccept(ServerSocketChannelImpl.java:433)
        at java.base@21.0.5/sun.nio.ch.ServerSocketChannelImpl.accept(ServerSocketChannelImpl.java:399)
        at app//org.eclipse.jetty.server.ServerConnector.accept(ServerConnector.java:388)
        at app//org.eclipse.jetty.server.AbstractConnector$Acceptor.run(AbstractConnector.java:704)
        at app//org.eclipse.jetty.util.thread.QueuedThreadPool.runJob(QueuedThreadPool.java:883)
        at app//org.eclipse.jetty.util.thread.QueuedThreadPool$Runner.run(QueuedThreadPool.java:1034)
        at java.base@21.0.5/java.lang.Thread.runWith(Thread.java:1596)
        at java.base@21.0.5/java.lang.Thread.run(Thread.java:1583)
"IPC Server handler 7 on default port 15039" daemon prio=5 tid=2173 timed_waiting
java.lang.Thread.State: TIMED_WAITING
        at java.base@21.0.5/jdk.internal.misc.Unsafe.park(Native Method)
        at java.base@21.0.5/java.util.concurrent.locks.LockSupport.parkNanos(LockSupport.java:269)
        at java.base@21.0.5/java.util.concurrent.locks.AbstractQueuedSynchronizer$ConditionObject.awaitNanos(AbstractQueuedSynchronizer.java:1763)
        at java.base@21.0.5/java.util.concurrent.LinkedBlockingQueue.poll(LinkedBlockingQueue.java:460)
        at app//org.apache.hadoop.ipc.CallQueueManager.take(CallQueueManager.java:370)
        at app//org.apache.hadoop.ipc.Server$Handler.run(Server.java:3165)
"9c1aee78-f037-4e17-b985-0daab5eaf154@group-F17B56B9071C-LeaderStateImpl" daemon prio=5 tid=1463 timed_waiting
java.lang.Thread.State: TIMED_WAITING
        at java.base@21.0.5/jdk.internal.misc.Unsafe.park(Native Method)
        at java.base@21.0.5/java.util.concurrent.locks.LockSupport.parkNanos(LockSupport.java:269)
        at java.base@21.0.5/java.util.concurrent.locks.AbstractQueuedSynchronizer$ConditionObject.awaitNanos(AbstractQueuedSynchronizer.java:1763)
        at java.base@21.0.5/java.util.concurrent.ArrayBlockingQueue.poll(ArrayBlockingQueue.java:435)
        at app//org.apache.ratis.server.impl.LeaderStateImpl$EventQueue.poll(LeaderStateImpl.java:164)
        at app//org.apache.ratis.server.impl.LeaderStateImpl$EventProcessor.run(LeaderStateImpl.java:763)
"EventQueue-CloseContainerForCloseContainerEventHandler" daemon prio=5 tid=1519 in Object.wait()
java.lang.Thread.State: WAITING (on object monitor)
        at java.base@21.0.5/jdk.internal.misc.Unsafe.park(Native Method)
        at java.base@21.0.5/java.util.concurrent.locks.LockSupport.park(LockSupport.java:371)
        at java.base@21.0.5/java.util.concurrent.locks.AbstractQueuedSynchronizer$ConditionNode.block(AbstractQueuedSynchronizer.java:519)
        at java.base@21.0.5/java.util.concurrent.ForkJoinPool.unmanagedBlock(ForkJoinPool.java:3780)
        at java.base@21.0.5/java.util.concurrent.ForkJoinPool.managedBlock(ForkJoinPool.java:3725)
        at java.base@21.0.5/java.util.concurrent.locks.AbstractQueuedSynchronizer$ConditionObject.await(AbstractQueuedSynchronizer.java:1712)
        at java.base@21.0.5/java.util.concurrent.LinkedBlockingQueue.take(LinkedBlockingQueue.java:435)
        at java.base@21.0.5/java.util.concurrent.ThreadPoolExecutor.getTask(ThreadPoolExecutor.java:1070)
        at java.base@21.0.5/java.util.concurrent.ThreadPoolExecutor.runWorker(ThreadPoolExecutor.java:1130)
        at java.base@21.0.5/java.util.concurrent.ThreadPoolExecutor$Worker.run(ThreadPoolExecutor.java:642)
        at java.base@21.0.5/java.lang.Thread.runWith(Thread.java:1596)
        at java.base@21.0.5/java.lang.Thread.run(Thread.java:1583)
"grpc-default-worker-ELG-5-3" daemon prio=5 tid=1185 runnable
java.lang.Thread.State: RUNNABLE
        at app//org.apache.ratis.thirdparty.io.netty.channel.epoll.Native.epollWait0(Native Method)
        at app//org.apache.ratis.thirdparty.io.netty.channel.epoll.Native.epollWait(Native.java:193)
        at app//org.apache.ratis.thirdparty.io.netty.channel.epoll.EpollEventLoop.epollWait(EpollEventLoop.java:304)
        at app//org.apache.ratis.thirdparty.io.netty.channel.epoll.EpollEventLoop.run(EpollEventLoop.java:368)
        at app//org.apache.ratis.thirdparty.io.netty.util.concurrent.SingleThreadEventExecutor$4.run(SingleThreadEventExecutor.java:997)
        at app//org.apache.ratis.thirdparty.io.netty.util.internal.ThreadExecutorMap$2.run(ThreadExecutorMap.java:74)
        at app//org.apache.ratis.thirdparty.io.netty.util.concurrent.FastThreadLocalRunnable.run(FastThreadLocalRunnable.java:30)
        at java.base@21.0.5/java.lang.Thread.runWith(Thread.java:1596)
        at java.base@21.0.5/java.lang.Thread.run(Thread.java:1583)
"IPC Server handler 3 on default port 15075" daemon prio=5 tid=895 timed_waiting
java.lang.Thread.State: TIMED_WAITING
        at java.base@21.0.5/jdk.internal.misc.Unsafe.park(Native Method)
        at java.base@21.0.5/java.util.concurrent.locks.LockSupport.parkNanos(LockSupport.java:269)
        at java.base@21.0.5/java.util.concurrent.locks.AbstractQueuedSynchronizer$ConditionObject.awaitNanos(AbstractQueuedSynchronizer.java:1763)
        at java.base@21.0.5/java.util.concurrent.LinkedBlockingQueue.poll(LinkedBlockingQueue.java:460)
        at app//org.apache.hadoop.ipc.CallQueueManager.take(CallQueueManager.java:370)
        at app//org.apache.hadoop.ipc.Server$Handler.run(Server.java:3165)
"IPC Server Responder" daemon prio=5 tid=1018 runnable
java.lang.Thread.State: RUNNABLE
        at java.base@21.0.5/sun.nio.ch.EPoll.wait(Native Method)
        at java.base@21.0.5/sun.nio.ch.EPollSelectorImpl.doSelect(EPollSelectorImpl.java:121)
        at java.base@21.0.5/sun.nio.ch.SelectorImpl.lockAndDoSelect(SelectorImpl.java:130)
        at java.base@21.0.5/sun.nio.ch.SelectorImpl.select(SelectorImpl.java:142)
        at app//org.apache.hadoop.ipc.Server$Responder.doRunLoop(Server.java:1733)
        at app//org.apache.hadoop.ipc.Server$Responder.run(Server.java:1716)
"IPC Server handler 85 on default port 15001" daemon prio=5 tid=306 timed_waiting
java.lang.Thread.State: TIMED_WAITING
        at java.base@21.0.5/jdk.internal.misc.Unsafe.park(Native Method)
        at java.base@21.0.5/java.util.concurrent.locks.LockSupport.parkNanos(LockSupport.java:269)
        at java.base@21.0.5/java.util.concurrent.locks.AbstractQueuedSynchronizer$ConditionObject.awaitNanos(AbstractQueuedSynchronizer.java:1763)
        at java.base@21.0.5/java.util.concurrent.LinkedBlockingQueue.poll(LinkedBlockingQueue.java:460)
        at app//org.apache.hadoop.ipc.CallQueueManager.take(CallQueueManager.java:370)
        at app//org.apache.hadoop.ipc.Server$Handler.run(Server.java:3165)
"IPC Server handler 38 on default port 15002" daemon prio=5 tid=377 timed_waiting
java.lang.Thread.State: TIMED_WAITING
        at java.base@21.0.5/jdk.internal.misc.Unsafe.park(Native Method)
        at java.base@21.0.5/java.util.concurrent.locks.LockSupport.parkNanos(LockSupport.java:269)
        at java.base@21.0.5/java.util.concurrent.locks.AbstractQueuedSynchronizer$ConditionObject.awaitNanos(AbstractQueuedSynchronizer.java:1763)
        at java.base@21.0.5/java.util.concurrent.LinkedBlockingQueue.poll(LinkedBlockingQueue.java:460)
        at app//org.apache.hadoop.ipc.CallQueueManager.take(CallQueueManager.java:370)
        at app//org.apache.hadoop.ipc.Server$Handler.run(Server.java:3165)
"d1093f6a-6992-456d-ac47-966fa1bbc12e-ChunkReader-1" daemon prio=5 tid=2078 in Object.wait()
java.lang.Thread.State: WAITING (on object monitor)
        at java.base@21.0.5/jdk.internal.misc.Unsafe.park(Native Method)
        at java.base@21.0.5/java.util.concurrent.locks.LockSupport.park(LockSupport.java:371)
        at java.base@21.0.5/java.util.concurrent.locks.AbstractQueuedSynchronizer$ConditionNode.block(AbstractQueuedSynchronizer.java:519)
        at java.base@21.0.5/java.util.concurrent.ForkJoinPool.unmanagedBlock(ForkJoinPool.java:3780)
        at java.base@21.0.5/java.util.concurrent.ForkJoinPool.managedBlock(ForkJoinPool.java:3725)
        at java.base@21.0.5/java.util.concurrent.locks.AbstractQueuedSynchronizer$ConditionObject.await(AbstractQueuedSynchronizer.java:1712)
        at java.base@21.0.5/java.util.concurrent.LinkedBlockingQueue.take(LinkedBlockingQueue.java:435)
        at java.base@21.0.5/java.util.concurrent.ThreadPoolExecutor.getTask(ThreadPoolExecutor.java:1070)
        at java.base@21.0.5/java.util.concurrent.ThreadPoolExecutor.runWorker(ThreadPoolExecutor.java:1130)
        at java.base@21.0.5/java.util.concurrent.ThreadPoolExecutor$Worker.run(ThreadPoolExecutor.java:642)
        at java.base@21.0.5/java.lang.Thread.runWith(Thread.java:1596)
        at java.base@21.0.5/java.lang.Thread.run(Thread.java:1583)
"Socket Reader #9 for port 15002"  prio=5 tid=70 runnable
java.lang.Thread.State: RUNNABLE
        at java.base@21.0.5/sun.nio.ch.EPoll.wait(Native Method)
        at java.base@21.0.5/sun.nio.ch.EPollSelectorImpl.doSelect(EPollSelectorImpl.java:121)
        at java.base@21.0.5/sun.nio.ch.SelectorImpl.lockAndDoSelect(SelectorImpl.java:130)
        at java.base@21.0.5/sun.nio.ch.SelectorImpl.select(SelectorImpl.java:147)
        at app//org.apache.hadoop.ipc.Server$Listener$Reader.doRunLoop(Server.java:1497)
        at app//org.apache.hadoop.ipc.Server$Listener$Reader.run(Server.java:1476)
"IPC Server listener on 15039" daemon prio=5 tid=2152 runnable
java.lang.Thread.State: RUNNABLE
        at java.base@21.0.5/sun.nio.ch.EPoll.wait(Native Method)
        at java.base@21.0.5/sun.nio.ch.EPollSelectorImpl.doSelect(EPollSelectorImpl.java:121)
        at java.base@21.0.5/sun.nio.ch.SelectorImpl.lockAndDoSelect(SelectorImpl.java:130)
        at java.base@21.0.5/sun.nio.ch.SelectorImpl.select(SelectorImpl.java:147)
        at app//org.apache.hadoop.ipc.Server$Listener.run(Server.java:1559)
"om1-DirectoryDeletingService#0" daemon prio=5 tid=474 in Object.wait()
java.lang.Thread.State: WAITING (on object monitor)
        at java.base@21.0.5/jdk.internal.misc.Unsafe.park(Native Method)
        at java.base@21.0.5/java.util.concurrent.locks.LockSupport.park(LockSupport.java:371)
        at java.base@21.0.5/java.util.concurrent.locks.AbstractQueuedSynchronizer$ConditionNode.block(AbstractQueuedSynchronizer.java:519)
        at java.base@21.0.5/java.util.concurrent.ForkJoinPool.unmanagedBlock(ForkJoinPool.java:3780)
        at java.base@21.0.5/java.util.concurrent.ForkJoinPool.managedBlock(ForkJoinPool.java:3725)
        at java.base@21.0.5/java.util.concurrent.locks.AbstractQueuedSynchronizer$ConditionObject.await(AbstractQueuedSynchronizer.java:1712)
        at java.base@21.0.5/java.util.concurrent.ScheduledThreadPoolExecutor$DelayedWorkQueue.take(ScheduledThreadPoolExecutor.java:1177)
        at java.base@21.0.5/java.util.concurrent.ScheduledThreadPoolExecutor$DelayedWorkQueue.take(ScheduledThreadPoolExecutor.java:899)
        at java.base@21.0.5/java.util.concurrent.ThreadPoolExecutor.getTask(ThreadPoolExecutor.java:1070)
        at java.base@21.0.5/java.util.concurrent.ThreadPoolExecutor.runWorker(ThreadPoolExecutor.java:1130)
        at java.base@21.0.5/java.util.concurrent.ThreadPoolExecutor$Worker.run(ThreadPoolExecutor.java:642)
        at java.base@21.0.5/java.lang.Thread.runWith(Thread.java:1596)
        at java.base@21.0.5/java.lang.Thread.run(Thread.java:1583)
"om1-SnapshotDeletingService#0" daemon prio=5 tid=478 timed_waiting
java.lang.Thread.State: TIMED_WAITING
        at java.base@21.0.5/jdk.internal.misc.Unsafe.park(Native Method)
        at java.base@21.0.5/java.util.concurrent.locks.LockSupport.parkNanos(LockSupport.java:269)
        at java.base@21.0.5/java.util.concurrent.locks.AbstractQueuedSynchronizer$ConditionObject.awaitNanos(AbstractQueuedSynchronizer.java:1763)
        at java.base@21.0.5/java.util.concurrent.ScheduledThreadPoolExecutor$DelayedWorkQueue.take(ScheduledThreadPoolExecutor.java:1182)
        at java.base@21.0.5/java.util.concurrent.ScheduledThreadPoolExecutor$DelayedWorkQueue.take(ScheduledThreadPoolExecutor.java:899)
        at java.base@21.0.5/java.util.concurrent.ThreadPoolExecutor.getTask(ThreadPoolExecutor.java:1070)
        at java.base@21.0.5/java.util.concurrent.ThreadPoolExecutor.runWorker(ThreadPoolExecutor.java:1130)
        at java.base@21.0.5/java.util.concurrent.ThreadPoolExecutor$Worker.run(ThreadPoolExecutor.java:642)
        at java.base@21.0.5/java.lang.Thread.runWith(Thread.java:1596)
        at java.base@21.0.5/java.lang.Thread.run(Thread.java:1583)
"Session-HouseKeeper-32c50b97-1"  prio=5 tid=719 timed_waiting
java.lang.Thread.State: TIMED_WAITING
        at java.base@21.0.5/jdk.internal.misc.Unsafe.park(Native Method)
        at java.base@21.0.5/java.util.concurrent.locks.LockSupport.parkNanos(LockSupport.java:269)
        at java.base@21.0.5/java.util.concurrent.locks.AbstractQueuedSynchronizer$ConditionObject.awaitNanos(AbstractQueuedSynchronizer.java:1763)
        at java.base@21.0.5/java.util.concurrent.ScheduledThreadPoolExecutor$DelayedWorkQueue.take(ScheduledThreadPoolExecutor.java:1182)
        at java.base@21.0.5/java.util.concurrent.ScheduledThreadPoolExecutor$DelayedWorkQueue.take(ScheduledThreadPoolExecutor.java:899)
        at java.base@21.0.5/java.util.concurrent.ThreadPoolExecutor.getTask(ThreadPoolExecutor.java:1070)
        at java.base@21.0.5/java.util.concurrent.ThreadPoolExecutor.runWorker(ThreadPoolExecutor.java:1130)
        at java.base@21.0.5/java.util.concurrent.ThreadPoolExecutor$Worker.run(ThreadPoolExecutor.java:642)
        at java.base@21.0.5/java.lang.Thread.runWith(Thread.java:1596)
        at java.base@21.0.5/java.lang.Thread.run(Thread.java:1583)
"fc60e07f-496f-42fe-ae82-620152583f87-PeriodicHDDSVolumeChecker" daemon prio=5 tid=1058 timed_waiting
java.lang.Thread.State: TIMED_WAITING
        at java.base@21.0.5/jdk.internal.misc.Unsafe.park(Native Method)
        at java.base@21.0.5/java.util.concurrent.locks.LockSupport.parkNanos(LockSupport.java:269)
        at java.base@21.0.5/java.util.concurrent.locks.AbstractQueuedSynchronizer$ConditionObject.awaitNanos(AbstractQueuedSynchronizer.java:1763)
        at java.base@21.0.5/java.util.concurrent.ScheduledThreadPoolExecutor$DelayedWorkQueue.take(ScheduledThreadPoolExecutor.java:1182)
        at java.base@21.0.5/java.util.concurrent.ScheduledThreadPoolExecutor$DelayedWorkQueue.take(ScheduledThreadPoolExecutor.java:899)
        at java.base@21.0.5/java.util.concurrent.ThreadPoolExecutor.getTask(ThreadPoolExecutor.java:1070)
        at java.base@21.0.5/java.util.concurrent.ThreadPoolExecutor.runWorker(ThreadPoolExecutor.java:1130)
        at java.base@21.0.5/java.util.concurrent.ThreadPoolExecutor$Worker.run(ThreadPoolExecutor.java:642)
        at java.base@21.0.5/java.lang.Thread.runWith(Thread.java:1596)
        at java.base@21.0.5/java.lang.Thread.run(Thread.java:1583)
"b5e8fa21-b7a1-4c36-a12e-fa069f9a009b-groupManagement"  prio=5 tid=52 in Object.wait()
java.lang.Thread.State: WAITING (on object monitor)
        at java.base@21.0.5/jdk.internal.misc.Unsafe.park(Native Method)
        at java.base@21.0.5/java.util.concurrent.locks.LockSupport.park(LockSupport.java:371)
        at java.base@21.0.5/java.util.concurrent.locks.AbstractQueuedSynchronizer$ConditionNode.block(AbstractQueuedSynchronizer.java:519)
        at java.base@21.0.5/java.util.concurrent.ForkJoinPool.unmanagedBlock(ForkJoinPool.java:3780)
        at java.base@21.0.5/java.util.concurrent.ForkJoinPool.managedBlock(ForkJoinPool.java:3725)
        at java.base@21.0.5/java.util.concurrent.locks.AbstractQueuedSynchronizer$ConditionObject.await(AbstractQueuedSynchronizer.java:1712)
        at java.base@21.0.5/java.util.concurrent.LinkedBlockingQueue.take(LinkedBlockingQueue.java:435)
        at java.base@21.0.5/java.util.concurrent.ThreadPoolExecutor.getTask(ThreadPoolExecutor.java:1070)
        at java.base@21.0.5/java.util.concurrent.ThreadPoolExecutor.runWorker(ThreadPoolExecutor.java:1130)
        at java.base@21.0.5/java.util.concurrent.ThreadPoolExecutor$Worker.run(ThreadPoolExecutor.java:642)
        at java.base@21.0.5/java.lang.Thread.runWith(Thread.java:1596)
        at java.base@21.0.5/java.lang.Thread.run(Thread.java:1583)
"IPC Server handler 45 on default port 15002" daemon prio=5 tid=384 timed_waiting
java.lang.Thread.State: TIMED_WAITING
        at java.base@21.0.5/jdk.internal.misc.Unsafe.park(Native Method)
        at java.base@21.0.5/java.util.concurrent.locks.LockSupport.parkNanos(LockSupport.java:269)
        at java.base@21.0.5/java.util.concurrent.locks.AbstractQueuedSynchronizer$ConditionObject.awaitNanos(AbstractQueuedSynchronizer.java:1763)
        at java.base@21.0.5/java.util.concurrent.LinkedBlockingQueue.poll(LinkedBlockingQueue.java:460)
        at app//org.apache.hadoop.ipc.CallQueueManager.take(CallQueueManager.java:370)
        at app//org.apache.hadoop.ipc.Server$Handler.run(Server.java:3165)
"9c1aee78-f037-4e17-b985-0daab5eaf154-NettyServerStreamRpc-bossGroup--thread1"  prio=5 tid=799 runnable
java.lang.Thread.State: RUNNABLE
        at app//org.apache.ratis.thirdparty.io.netty.channel.epoll.Native.epollWait(Native Method)
        at app//org.apache.ratis.thirdparty.io.netty.channel.epoll.Native.epollWait(Native.java:220)
        at app//org.apache.ratis.thirdparty.io.netty.channel.epoll.Native.epollWait(Native.java:213)
        at app//org.apache.ratis.thirdparty.io.netty.channel.epoll.EpollEventLoop.epollWaitNoTimerChange(EpollEventLoop.java:308)
        at app//org.apache.ratis.thirdparty.io.netty.channel.epoll.EpollEventLoop.run(EpollEventLoop.java:365)
        at app//org.apache.ratis.thirdparty.io.netty.util.concurrent.SingleThreadEventExecutor$4.run(SingleThreadEventExecutor.java:997)
        at app//org.apache.ratis.thirdparty.io.netty.util.internal.ThreadExecutorMap$2.run(ThreadExecutorMap.java:74)
        at java.base@21.0.5/java.lang.Thread.runWith(Thread.java:1596)
        at java.base@21.0.5/java.lang.Thread.run(Thread.java:1583)
"a14cd1ab-7861-42f9-8639-15260a7193f0-BlockDeletingService#1" daemon prio=5 tid=2205 in Object.wait()
java.lang.Thread.State: WAITING (on object monitor)
        at java.base@21.0.5/jdk.internal.misc.Unsafe.park(Native Method)
        at java.base@21.0.5/java.util.concurrent.locks.LockSupport.park(LockSupport.java:371)
        at java.base@21.0.5/java.util.concurrent.locks.AbstractQueuedSynchronizer$ConditionNode.block(AbstractQueuedSynchronizer.java:519)
        at java.base@21.0.5/java.util.concurrent.ForkJoinPool.unmanagedBlock(ForkJoinPool.java:3780)
        at java.base@21.0.5/java.util.concurrent.ForkJoinPool.managedBlock(ForkJoinPool.java:3725)
        at java.base@21.0.5/java.util.concurrent.locks.AbstractQueuedSynchronizer$ConditionObject.await(AbstractQueuedSynchronizer.java:1712)
        at java.base@21.0.5/java.util.concurrent.ScheduledThreadPoolExecutor$DelayedWorkQueue.take(ScheduledThreadPoolExecutor.java:1177)
        at java.base@21.0.5/java.util.concurrent.ScheduledThreadPoolExecutor$DelayedWorkQueue.take(ScheduledThreadPoolExecutor.java:899)
        at java.base@21.0.5/java.util.concurrent.ThreadPoolExecutor.getTask(ThreadPoolExecutor.java:1070)
        at java.base@21.0.5/java.util.concurrent.ThreadPoolExecutor.runWorker(ThreadPoolExecutor.java:1130)
        at java.base@21.0.5/java.util.concurrent.ThreadPoolExecutor$Worker.run(ThreadPoolExecutor.java:642)
        at java.base@21.0.5/java.lang.Thread.runWith(Thread.java:1596)
        at java.base@21.0.5/java.lang.Thread.run(Thread.java:1583)
"qtp1883684513-764" daemon prio=5 tid=764 timed_waiting
java.lang.Thread.State: TIMED_WAITING
        at java.base@21.0.5/jdk.internal.misc.Unsafe.park(Native Method)
        at java.base@21.0.5/java.util.concurrent.locks.LockSupport.parkNanos(LockSupport.java:269)
        at java.base@21.0.5/java.util.concurrent.locks.AbstractQueuedSynchronizer$ConditionObject.awaitNanos(AbstractQueuedSynchronizer.java:1763)
        at app//org.eclipse.jetty.util.BlockingArrayQueue.poll(BlockingArrayQueue.java:382)
        at app//org.eclipse.jetty.util.thread.QueuedThreadPool$Runner.idleJobPoll(QueuedThreadPool.java:974)
        at app//org.eclipse.jetty.util.thread.QueuedThreadPool$Runner.run(QueuedThreadPool.java:1018)
        at java.base@21.0.5/java.lang.Thread.runWith(Thread.java:1596)
        at java.base@21.0.5/java.lang.Thread.run(Thread.java:1583)
"17963aff-71fe-4a8f-bd2e-c405ff93174f@group-9167B95FD813-cacheEviction-AwaitToRun" daemon prio=5 tid=1296 in Object.wait()
java.lang.Thread.State: WAITING (on object monitor)
        at java.base@21.0.5/jdk.internal.misc.Unsafe.park(Native Method)
        at java.base@21.0.5/java.util.concurrent.locks.LockSupport.park(LockSupport.java:371)
        at java.base@21.0.5/java.util.concurrent.locks.AbstractQueuedSynchronizer$ConditionNode.block(AbstractQueuedSynchronizer.java:519)
        at java.base@21.0.5/java.util.concurrent.ForkJoinPool.unmanagedBlock(ForkJoinPool.java:3780)
        at java.base@21.0.5/java.util.concurrent.ForkJoinPool.managedBlock(ForkJoinPool.java:3725)
        at java.base@21.0.5/java.util.concurrent.locks.AbstractQueuedSynchronizer$ConditionObject.await(AbstractQueuedSynchronizer.java:1712)
        at app//org.apache.ratis.util.AwaitForSignal.await(AwaitForSignal.java:48)
        at app//org.apache.ratis.util.AwaitToRun$RunnableImpl.run(AwaitToRun.java:47)
        at java.base@21.0.5/java.lang.Thread.runWith(Thread.java:1596)
        at java.base@21.0.5/java.lang.Thread.run(Thread.java:1583)
"d1093f6a-6992-456d-ac47-966fa1bbc12e-ChunkWriter-1-0" daemon prio=5 tid=1949 in Object.wait()
java.lang.Thread.State: WAITING (on object monitor)
        at java.base@21.0.5/jdk.internal.misc.Unsafe.park(Native Method)
        at java.base@21.0.5/java.util.concurrent.locks.LockSupport.park(LockSupport.java:371)
        at java.base@21.0.5/java.util.concurrent.locks.AbstractQueuedSynchronizer$ConditionNode.block(AbstractQueuedSynchronizer.java:519)
        at java.base@21.0.5/java.util.concurrent.ForkJoinPool.unmanagedBlock(ForkJoinPool.java:3780)
        at java.base@21.0.5/java.util.concurrent.ForkJoinPool.managedBlock(ForkJoinPool.java:3725)
        at java.base@21.0.5/java.util.concurrent.locks.AbstractQueuedSynchronizer$ConditionObject.await(AbstractQueuedSynchronizer.java:1712)
        at java.base@21.0.5/java.util.concurrent.LinkedBlockingDeque.takeFirst(LinkedBlockingDeque.java:485)
        at java.base@21.0.5/java.util.concurrent.LinkedBlockingDeque.take(LinkedBlockingDeque.java:673)
        at java.base@21.0.5/java.util.concurrent.ThreadPoolExecutor.getTask(ThreadPoolExecutor.java:1070)
        at java.base@21.0.5/java.util.concurrent.ThreadPoolExecutor.runWorker(ThreadPoolExecutor.java:1130)
        at java.base@21.0.5/java.util.concurrent.ThreadPoolExecutor$Worker.run(ThreadPoolExecutor.java:642)
        at java.base@21.0.5/java.lang.Thread.runWith(Thread.java:1596)
        at java.base@21.0.5/java.lang.Thread.run(Thread.java:1583)
"7c84fc52-fa7b-40d9-a19c-d4e4c83c5fa3@group-B8383FC2DAB2-cacheEviction-AwaitToRun" daemon prio=5 tid=1979 in Object.wait()
java.lang.Thread.State: WAITING (on object monitor)
        at java.base@21.0.5/jdk.internal.misc.Unsafe.park(Native Method)
        at java.base@21.0.5/java.util.concurrent.locks.LockSupport.park(LockSupport.java:371)
        at java.base@21.0.5/java.util.concurrent.locks.AbstractQueuedSynchronizer$ConditionNode.block(AbstractQueuedSynchronizer.java:519)
        at java.base@21.0.5/java.util.concurrent.ForkJoinPool.unmanagedBlock(ForkJoinPool.java:3780)
        at java.base@21.0.5/java.util.concurrent.ForkJoinPool.managedBlock(ForkJoinPool.java:3725)
        at java.base@21.0.5/java.util.concurrent.locks.AbstractQueuedSynchronizer$ConditionObject.await(AbstractQueuedSynchronizer.java:1712)
        at app//org.apache.ratis.util.AwaitForSignal.await(AwaitForSignal.java:48)
        at app//org.apache.ratis.util.AwaitToRun$RunnableImpl.run(AwaitToRun.java:47)
        at java.base@21.0.5/java.lang.Thread.runWith(Thread.java:1596)
        at java.base@21.0.5/java.lang.Thread.run(Thread.java:1583)
"7c84fc52-fa7b-40d9-a19c-d4e4c83c5fa3-BlockDeletingService#0" daemon prio=5 tid=938 timed_waiting
java.lang.Thread.State: TIMED_WAITING
        at java.base@21.0.5/jdk.internal.misc.Unsafe.park(Native Method)
        at java.base@21.0.5/java.util.concurrent.locks.LockSupport.parkNanos(LockSupport.java:269)
        at java.base@21.0.5/java.util.concurrent.locks.AbstractQueuedSynchronizer$ConditionObject.awaitNanos(AbstractQueuedSynchronizer.java:1763)
        at java.base@21.0.5/java.util.concurrent.ScheduledThreadPoolExecutor$DelayedWorkQueue.take(ScheduledThreadPoolExecutor.java:1182)
        at java.base@21.0.5/java.util.concurrent.ScheduledThreadPoolExecutor$DelayedWorkQueue.take(ScheduledThreadPoolExecutor.java:899)
        at java.base@21.0.5/java.util.concurrent.ThreadPoolExecutor.getTask(ThreadPoolExecutor.java:1070)
        at java.base@21.0.5/java.util.concurrent.ThreadPoolExecutor.runWorker(ThreadPoolExecutor.java:1130)
        at java.base@21.0.5/java.util.concurrent.ThreadPoolExecutor$Worker.run(ThreadPoolExecutor.java:642)
        at java.base@21.0.5/java.lang.Thread.runWith(Thread.java:1596)
        at java.base@21.0.5/java.lang.Thread.run(Thread.java:1583)
"IPC Server handler 51 on default port 15001" daemon prio=5 tid=272 timed_waiting
java.lang.Thread.State: TIMED_WAITING
        at java.base@21.0.5/jdk.internal.misc.Unsafe.park(Native Method)
        at java.base@21.0.5/java.util.concurrent.locks.LockSupport.parkNanos(LockSupport.java:269)
        at java.base@21.0.5/java.util.concurrent.locks.AbstractQueuedSynchronizer$ConditionObject.awaitNanos(AbstractQueuedSynchronizer.java:1763)
        at java.base@21.0.5/java.util.concurrent.LinkedBlockingQueue.poll(LinkedBlockingQueue.java:460)
        at app//org.apache.hadoop.ipc.CallQueueManager.take(CallQueueManager.java:370)
        at app//org.apache.hadoop.ipc.Server$Handler.run(Server.java:3165)
"Socket Reader #7 for port 15093"  prio=5 tid=1013 runnable
java.lang.Thread.State: RUNNABLE
        at java.base@21.0.5/sun.nio.ch.EPoll.wait(Native Method)
        at java.base@21.0.5/sun.nio.ch.EPollSelectorImpl.doSelect(EPollSelectorImpl.java:121)
        at java.base@21.0.5/sun.nio.ch.SelectorImpl.lockAndDoSelect(SelectorImpl.java:130)
        at java.base@21.0.5/sun.nio.ch.SelectorImpl.select(SelectorImpl.java:147)
        at app//org.apache.hadoop.ipc.Server$Listener$Reader.doRunLoop(Server.java:1497)
        at app//org.apache.hadoop.ipc.Server$Listener$Reader.run(Server.java:1476)
"17963aff-71fe-4a8f-bd2e-c405ff93174f-ContainerOp-08c595dc-7439-4937-89ff-28d9fdbbc208-1"  prio=5 tid=1704 in Object.wait()
java.lang.Thread.State: WAITING (on object monitor)
        at java.base@21.0.5/jdk.internal.misc.Unsafe.park(Native Method)
        at java.base@21.0.5/java.util.concurrent.locks.LockSupport.park(LockSupport.java:371)
        at java.base@21.0.5/java.util.concurrent.locks.AbstractQueuedSynchronizer$ConditionNode.block(AbstractQueuedSynchronizer.java:519)
        at java.base@21.0.5/java.util.concurrent.ForkJoinPool.unmanagedBlock(ForkJoinPool.java:3780)
        at java.base@21.0.5/java.util.concurrent.ForkJoinPool.managedBlock(ForkJoinPool.java:3725)
        at java.base@21.0.5/java.util.concurrent.locks.AbstractQueuedSynchronizer$ConditionObject.await(AbstractQueuedSynchronizer.java:1712)
        at java.base@21.0.5/java.util.concurrent.LinkedBlockingQueue.take(LinkedBlockingQueue.java:435)
        at java.base@21.0.5/java.util.concurrent.ThreadPoolExecutor.getTask(ThreadPoolExecutor.java:1070)
        at java.base@21.0.5/java.util.concurrent.ThreadPoolExecutor.runWorker(ThreadPoolExecutor.java:1130)
        at java.base@21.0.5/java.util.concurrent.ThreadPoolExecutor$Worker.run(ThreadPoolExecutor.java:642)
        at java.base@21.0.5/java.lang.Thread.runWith(Thread.java:1596)
        at java.base@21.0.5/java.lang.Thread.run(Thread.java:1583)
"IPC Server handler 3 on default port 15066" daemon prio=5 tid=829 timed_waiting
java.lang.Thread.State: TIMED_WAITING
        at java.base@21.0.5/jdk.internal.misc.Unsafe.park(Native Method)
        at java.base@21.0.5/java.util.concurrent.locks.LockSupport.parkNanos(LockSupport.java:269)
        at java.base@21.0.5/java.util.concurrent.locks.AbstractQueuedSynchronizer$ConditionObject.awaitNanos(AbstractQueuedSynchronizer.java:1763)
        at java.base@21.0.5/java.util.concurrent.LinkedBlockingQueue.poll(LinkedBlockingQueue.java:460)
        at app//org.apache.hadoop.ipc.CallQueueManager.take(CallQueueManager.java:370)
        at app//org.apache.hadoop.ipc.Server$Handler.run(Server.java:3165)
"d1093f6a-6992-456d-ac47-966fa1bbc12e@group-D9B980D230C1-SegmentedRaftLogWorker" daemon prio=5 tid=1966 timed_waiting
java.lang.Thread.State: TIMED_WAITING
        at java.base@21.0.5/jdk.internal.misc.Unsafe.park(Native Method)
        at java.base@21.0.5/java.util.concurrent.locks.LockSupport.parkNanos(LockSupport.java:269)
        at java.base@21.0.5/java.util.concurrent.locks.AbstractQueuedSynchronizer$ConditionObject.awaitNanos(AbstractQueuedSynchronizer.java:1763)
        at app//org.apache.ratis.util.DataBlockingQueue.poll(DataBlockingQueue.java:148)
        at app//org.apache.ratis.server.raftlog.segmented.SegmentedRaftLogWorker.run(SegmentedRaftLogWorker.java:307)
        at app//org.apache.ratis.server.raftlog.segmented.SegmentedRaftLogWorker$$Lambda/0x00007fcfe03376d0.run(Unknown Source)
        at java.base@21.0.5/java.util.concurrent.Executors$RunnableAdapter.call(Executors.java:572)
        at java.base@21.0.5/java.util.concurrent.FutureTask.run(FutureTask.java:317)
        at java.base@21.0.5/java.util.concurrent.ThreadPoolExecutor.runWorker(ThreadPoolExecutor.java:1144)
        at java.base@21.0.5/java.util.concurrent.ThreadPoolExecutor$Worker.run(ThreadPoolExecutor.java:642)
        at java.base@21.0.5/java.lang.Thread.runWith(Thread.java:1596)
        at java.base@21.0.5/java.lang.Thread.run(Thread.java:1583)
"Socket Reader #7 for port 15066"  prio=5 tid=819 runnable
java.lang.Thread.State: RUNNABLE
        at java.base@21.0.5/sun.nio.ch.EPoll.wait(Native Method)
        at java.base@21.0.5/sun.nio.ch.EPollSelectorImpl.doSelect(EPollSelectorImpl.java:121)
        at java.base@21.0.5/sun.nio.ch.SelectorImpl.lockAndDoSelect(SelectorImpl.java:130)
        at java.base@21.0.5/sun.nio.ch.SelectorImpl.select(SelectorImpl.java:147)
        at app//org.apache.hadoop.ipc.Server$Listener$Reader.doRunLoop(Server.java:1497)
        at app//org.apache.hadoop.ipc.Server$Listener$Reader.run(Server.java:1476)
"IPC Server idle connection scanner for port 15093" daemon prio=5 tid=1017 timed_waiting
java.lang.Thread.State: TIMED_WAITING
        at java.base@21.0.5/java.lang.Object.wait0(Native Method)
        at java.base@21.0.5/java.lang.Object.wait(Object.java:366)
        at java.base@21.0.5/java.util.TimerThread.mainLoop(Timer.java:563)
        at java.base@21.0.5/java.util.TimerThread.run(Timer.java:516)
"7c84fc52-fa7b-40d9-a19c-d4e4c83c5fa3-DatanodeReportManager-3" daemon prio=5 tid=608 in Object.wait()
java.lang.Thread.State: WAITING (on object monitor)
        at java.base@21.0.5/jdk.internal.misc.Unsafe.park(Native Method)
        at java.base@21.0.5/java.util.concurrent.locks.LockSupport.park(LockSupport.java:371)
        at java.base@21.0.5/java.util.concurrent.locks.AbstractQueuedSynchronizer$ConditionNode.block(AbstractQueuedSynchronizer.java:519)
        at java.base@21.0.5/java.util.concurrent.ForkJoinPool.unmanagedBlock(ForkJoinPool.java:3780)
        at java.base@21.0.5/java.util.concurrent.ForkJoinPool.managedBlock(ForkJoinPool.java:3725)
        at java.base@21.0.5/java.util.concurrent.locks.AbstractQueuedSynchronizer$ConditionObject.await(AbstractQueuedSynchronizer.java:1712)
        at java.base@21.0.5/java.util.concurrent.ScheduledThreadPoolExecutor$DelayedWorkQueue.take(ScheduledThreadPoolExecutor.java:1177)
        at java.base@21.0.5/java.util.concurrent.ScheduledThreadPoolExecutor$DelayedWorkQueue.take(ScheduledThreadPoolExecutor.java:899)
        at java.base@21.0.5/java.util.concurrent.ThreadPoolExecutor.getTask(ThreadPoolExecutor.java:1070)
        at java.base@21.0.5/java.util.concurrent.ThreadPoolExecutor.runWorker(ThreadPoolExecutor.java:1130)
        at java.base@21.0.5/java.util.concurrent.ThreadPoolExecutor$Worker.run(ThreadPoolExecutor.java:642)
        at java.base@21.0.5/java.lang.Thread.runWith(Thread.java:1596)
        at java.base@21.0.5/java.lang.Thread.run(Thread.java:1583)
"pool-218-thread-1" daemon prio=5 tid=1096 timed_waiting
java.lang.Thread.State: TIMED_WAITING
        at java.base@21.0.5/jdk.internal.misc.Unsafe.park(Native Method)
        at java.base@21.0.5/java.util.concurrent.locks.LockSupport.parkNanos(LockSupport.java:269)
        at java.base@21.0.5/java.util.concurrent.locks.AbstractQueuedSynchronizer$ConditionObject.awaitNanos(AbstractQueuedSynchronizer.java:1763)
        at java.base@21.0.5/java.util.concurrent.ScheduledThreadPoolExecutor$DelayedWorkQueue.take(ScheduledThreadPoolExecutor.java:1182)
        at java.base@21.0.5/java.util.concurrent.ScheduledThreadPoolExecutor$DelayedWorkQueue.take(ScheduledThreadPoolExecutor.java:899)
        at java.base@21.0.5/java.util.concurrent.ThreadPoolExecutor.getTask(ThreadPoolExecutor.java:1070)
        at java.base@21.0.5/java.util.concurrent.ThreadPoolExecutor.runWorker(ThreadPoolExecutor.java:1130)
        at java.base@21.0.5/java.util.concurrent.ThreadPoolExecutor$Worker.run(ThreadPoolExecutor.java:642)
        at java.base@21.0.5/java.lang.Thread.runWith(Thread.java:1596)
        at java.base@21.0.5/java.lang.Thread.run(Thread.java:1583)
"d1093f6a-6992-456d-ac47-966fa1bbc12e-PipelineCommandHandlerThread-0"  prio=5 tid=1999 in Object.wait()
java.lang.Thread.State: WAITING (on object monitor)
        at java.base@21.0.5/jdk.internal.misc.Unsafe.park(Native Method)
        at java.base@21.0.5/java.util.concurrent.locks.LockSupport.park(LockSupport.java:371)
        at java.base@21.0.5/java.util.concurrent.locks.AbstractQueuedSynchronizer$ConditionNode.block(AbstractQueuedSynchronizer.java:519)
        at java.base@21.0.5/java.util.concurrent.ForkJoinPool.unmanagedBlock(ForkJoinPool.java:3780)
        at java.base@21.0.5/java.util.concurrent.ForkJoinPool.managedBlock(ForkJoinPool.java:3725)
        at java.base@21.0.5/java.util.concurrent.locks.AbstractQueuedSynchronizer$ConditionObject.await(AbstractQueuedSynchronizer.java:1712)
        at java.base@21.0.5/java.util.concurrent.LinkedBlockingQueue.take(LinkedBlockingQueue.java:435)
        at java.base@21.0.5/java.util.concurrent.ThreadPoolExecutor.getTask(ThreadPoolExecutor.java:1070)
        at java.base@21.0.5/java.util.concurrent.ThreadPoolExecutor.runWorker(ThreadPoolExecutor.java:1130)
        at java.base@21.0.5/java.util.concurrent.ThreadPoolExecutor$Worker.run(ThreadPoolExecutor.java:642)
        at java.base@21.0.5/java.lang.Thread.runWith(Thread.java:1596)
        at java.base@21.0.5/java.lang.Thread.run(Thread.java:1583)
"d1093f6a-6992-456d-ac47-966fa1bbc12e@group-D08BFE67CBB9-LeaderStateImpl" daemon prio=5 tid=2054 timed_waiting
java.lang.Thread.State: TIMED_WAITING
        at java.base@21.0.5/jdk.internal.misc.Unsafe.park(Native Method)
        at java.base@21.0.5/java.util.concurrent.locks.LockSupport.parkNanos(LockSupport.java:269)
        at java.base@21.0.5/java.util.concurrent.locks.AbstractQueuedSynchronizer$ConditionObject.awaitNanos(AbstractQueuedSynchronizer.java:1763)
        at java.base@21.0.5/java.util.concurrent.ArrayBlockingQueue.poll(ArrayBlockingQueue.java:435)
        at app//org.apache.ratis.server.impl.LeaderStateImpl$EventQueue.poll(LeaderStateImpl.java:164)
        at app//org.apache.ratis.server.impl.LeaderStateImpl$EventProcessor.run(LeaderStateImpl.java:763)
"IPC Server handler 16 on default port 15006" daemon prio=5 tid=514 timed_waiting
java.lang.Thread.State: TIMED_WAITING
        at java.base@21.0.5/jdk.internal.misc.Unsafe.park(Native Method)
        at java.base@21.0.5/java.util.concurrent.locks.LockSupport.parkNanos(LockSupport.java:269)
        at java.base@21.0.5/java.util.concurrent.locks.AbstractQueuedSynchronizer$ConditionObject.awaitNanos(AbstractQueuedSynchronizer.java:1763)
        at java.base@21.0.5/java.util.concurrent.LinkedBlockingQueue.poll(LinkedBlockingQueue.java:460)
        at app//org.apache.hadoop.ipc.CallQueueManager.take(CallQueueManager.java:370)
        at app//org.apache.hadoop.ipc.Server$Handler.run(Server.java:3165)
"69390d8a-021c-44b7-9fe5-c9855a0c5aa1@group-A12619F85C89-SegmentedRaftLogWorker" daemon prio=5 tid=1331 timed_waiting
java.lang.Thread.State: TIMED_WAITING
        at java.base@21.0.5/jdk.internal.misc.Unsafe.park(Native Method)
        at java.base@21.0.5/java.util.concurrent.locks.LockSupport.parkNanos(LockSupport.java:269)
        at java.base@21.0.5/java.util.concurrent.locks.AbstractQueuedSynchronizer$ConditionObject.awaitNanos(AbstractQueuedSynchronizer.java:1763)
        at app//org.apache.ratis.util.DataBlockingQueue.poll(DataBlockingQueue.java:148)
        at app//org.apache.ratis.server.raftlog.segmented.SegmentedRaftLogWorker.run(SegmentedRaftLogWorker.java:307)
        at app//org.apache.ratis.server.raftlog.segmented.SegmentedRaftLogWorker$$Lambda/0x00007fcfe03376d0.run(Unknown Source)
        at java.base@21.0.5/java.util.concurrent.Executors$RunnableAdapter.call(Executors.java:572)
        at java.base@21.0.5/java.util.concurrent.FutureTask.run(FutureTask.java:317)
        at java.base@21.0.5/java.util.concurrent.ThreadPoolExecutor.runWorker(ThreadPoolExecutor.java:1144)
        at java.base@21.0.5/java.util.concurrent.ThreadPoolExecutor$Worker.run(ThreadPoolExecutor.java:642)
        at java.base@21.0.5/java.lang.Thread.runWith(Thread.java:1596)
        at java.base@21.0.5/java.lang.Thread.run(Thread.java:1583)
"IPC Server handler 65 on default port 15001" daemon prio=5 tid=286 timed_waiting
java.lang.Thread.State: TIMED_WAITING
        at java.base@21.0.5/jdk.internal.misc.Unsafe.park(Native Method)
        at java.base@21.0.5/java.util.concurrent.locks.LockSupport.parkNanos(LockSupport.java:269)
        at java.base@21.0.5/java.util.concurrent.locks.AbstractQueuedSynchronizer$ConditionObject.awaitNanos(AbstractQueuedSynchronizer.java:1763)
        at java.base@21.0.5/java.util.concurrent.LinkedBlockingQueue.poll(LinkedBlockingQueue.java:460)
        at app//org.apache.hadoop.ipc.CallQueueManager.take(CallQueueManager.java:370)
        at app//org.apache.hadoop.ipc.Server$Handler.run(Server.java:3165)
"Socket Reader #5 for port 15000"  prio=5 tid=94 runnable
java.lang.Thread.State: RUNNABLE
        at java.base@21.0.5/sun.nio.ch.EPoll.wait(Native Method)
        at java.base@21.0.5/sun.nio.ch.EPollSelectorImpl.doSelect(EPollSelectorImpl.java:121)
        at java.base@21.0.5/sun.nio.ch.SelectorImpl.lockAndDoSelect(SelectorImpl.java:130)
        at java.base@21.0.5/sun.nio.ch.SelectorImpl.select(SelectorImpl.java:147)
        at app//org.apache.hadoop.ipc.Server$Listener$Reader.doRunLoop(Server.java:1497)
        at app//org.apache.hadoop.ipc.Server$Listener$Reader.run(Server.java:1476)
"IPC Server handler 6 on default port 15048" daemon prio=5 tid=740 timed_waiting
java.lang.Thread.State: TIMED_WAITING
        at java.base@21.0.5/jdk.internal.misc.Unsafe.park(Native Method)
        at java.base@21.0.5/java.util.concurrent.locks.LockSupport.parkNanos(LockSupport.java:269)
        at java.base@21.0.5/java.util.concurrent.locks.AbstractQueuedSynchronizer$ConditionObject.awaitNanos(AbstractQueuedSynchronizer.java:1763)
        at java.base@21.0.5/java.util.concurrent.LinkedBlockingQueue.poll(LinkedBlockingQueue.java:460)
        at app//org.apache.hadoop.ipc.CallQueueManager.take(CallQueueManager.java:370)
        at app//org.apache.hadoop.ipc.Server$Handler.run(Server.java:3165)
"grpc-default-worker-ELG-5-1" daemon prio=5 tid=1182 runnable
java.lang.Thread.State: RUNNABLE
        at app//org.apache.ratis.thirdparty.io.netty.channel.epoll.Native.epollWait0(Native Method)
        at app//org.apache.ratis.thirdparty.io.netty.channel.epoll.Native.epollWait(Native.java:193)
        at app//org.apache.ratis.thirdparty.io.netty.channel.epoll.EpollEventLoop.epollWait(EpollEventLoop.java:304)
        at app//org.apache.ratis.thirdparty.io.netty.channel.epoll.EpollEventLoop.run(EpollEventLoop.java:368)
        at app//org.apache.ratis.thirdparty.io.netty.util.concurrent.SingleThreadEventExecutor$4.run(SingleThreadEventExecutor.java:997)
        at app//org.apache.ratis.thirdparty.io.netty.util.internal.ThreadExecutorMap$2.run(ThreadExecutorMap.java:74)
        at app//org.apache.ratis.thirdparty.io.netty.util.concurrent.FastThreadLocalRunnable.run(FastThreadLocalRunnable.java:30)
        at java.base@21.0.5/java.lang.Thread.runWith(Thread.java:1596)
        at java.base@21.0.5/java.lang.Thread.run(Thread.java:1583)
"91d0dafb-6cb7-42e5-b129-660fdc1902ba-server-thread2" daemon prio=5 tid=2244 timed_waiting
java.lang.Thread.State: TIMED_WAITING
        at java.base@21.0.5/jdk.internal.misc.Unsafe.park(Native Method)
        at java.base@21.0.5/java.util.concurrent.locks.LockSupport.parkNanos(LockSupport.java:410)
        at java.base@21.0.5/java.util.concurrent.LinkedTransferQueue$DualNode.await(LinkedTransferQueue.java:452)
        at java.base@21.0.5/java.util.concurrent.SynchronousQueue$Transferer.xferLifo(SynchronousQueue.java:194)
        at java.base@21.0.5/java.util.concurrent.SynchronousQueue.xfer(SynchronousQueue.java:235)
        at java.base@21.0.5/java.util.concurrent.SynchronousQueue.poll(SynchronousQueue.java:338)
        at java.base@21.0.5/java.util.concurrent.ThreadPoolExecutor.getTask(ThreadPoolExecutor.java:1069)
        at java.base@21.0.5/java.util.concurrent.ThreadPoolExecutor.runWorker(ThreadPoolExecutor.java:1130)
        at java.base@21.0.5/java.util.concurrent.ThreadPoolExecutor$Worker.run(ThreadPoolExecutor.java:642)
        at java.base@21.0.5/java.lang.Thread.runWith(Thread.java:1596)
        at java.base@21.0.5/java.lang.Thread.run(Thread.java:1583)
"7c84fc52-fa7b-40d9-a19c-d4e4c83c5fa3-EndpointStateMachineTaskThread-/0.0.0.0:15002-0 "  prio=5 tid=915 in Object.wait()
java.lang.Thread.State: WAITING (on object monitor)
        at java.base@21.0.5/jdk.internal.misc.Unsafe.park(Native Method)
        at java.base@21.0.5/java.util.concurrent.locks.LockSupport.park(LockSupport.java:371)
        at java.base@21.0.5/java.util.concurrent.locks.AbstractQueuedSynchronizer$ConditionNode.block(AbstractQueuedSynchronizer.java:519)
        at java.base@21.0.5/java.util.concurrent.ForkJoinPool.unmanagedBlock(ForkJoinPool.java:3780)
        at java.base@21.0.5/java.util.concurrent.ForkJoinPool.managedBlock(ForkJoinPool.java:3725)
        at java.base@21.0.5/java.util.concurrent.locks.AbstractQueuedSynchronizer$ConditionObject.await(AbstractQueuedSynchronizer.java:1712)
        at java.base@21.0.5/java.util.concurrent.LinkedBlockingQueue.take(LinkedBlockingQueue.java:435)
        at java.base@21.0.5/java.util.concurrent.ThreadPoolExecutor.getTask(ThreadPoolExecutor.java:1070)
        at java.base@21.0.5/java.util.concurrent.ThreadPoolExecutor.runWorker(ThreadPoolExecutor.java:1130)
        at java.base@21.0.5/java.util.concurrent.ThreadPoolExecutor$Worker.run(ThreadPoolExecutor.java:642)
        at java.base@21.0.5/java.lang.Thread.runWith(Thread.java:1596)
        at java.base@21.0.5/java.lang.Thread.run(Thread.java:1583)
"d1093f6a-6992-456d-ac47-966fa1bbc12e@group-D9B980D230C1-LeaderStateImpl" daemon prio=5 tid=2029 timed_waiting
java.lang.Thread.State: TIMED_WAITING
        at java.base@21.0.5/jdk.internal.misc.Unsafe.park(Native Method)
        at java.base@21.0.5/java.util.concurrent.locks.LockSupport.parkNanos(LockSupport.java:269)
        at java.base@21.0.5/java.util.concurrent.locks.AbstractQueuedSynchronizer$ConditionObject.awaitNanos(AbstractQueuedSynchronizer.java:1763)
        at java.base@21.0.5/java.util.concurrent.ArrayBlockingQueue.poll(ArrayBlockingQueue.java:435)
        at app//org.apache.ratis.server.impl.LeaderStateImpl$EventQueue.poll(LeaderStateImpl.java:164)
        at app//org.apache.ratis.server.impl.LeaderStateImpl$EventProcessor.run(LeaderStateImpl.java:763)
"9c1aee78-f037-4e17-b985-0daab5eaf154-DatanodeReportManager-1" daemon prio=5 tid=838 in Object.wait()
java.lang.Thread.State: WAITING (on object monitor)
        at java.base@21.0.5/jdk.internal.misc.Unsafe.park(Native Method)
        at java.base@21.0.5/java.util.concurrent.locks.LockSupport.park(LockSupport.java:371)
        at java.base@21.0.5/java.util.concurrent.locks.AbstractQueuedSynchronizer$ConditionNode.block(AbstractQueuedSynchronizer.java:519)
        at java.base@21.0.5/java.util.concurrent.ForkJoinPool.unmanagedBlock(ForkJoinPool.java:3780)
        at java.base@21.0.5/java.util.concurrent.ForkJoinPool.managedBlock(ForkJoinPool.java:3725)
        at java.base@21.0.5/java.util.concurrent.locks.AbstractQueuedSynchronizer$ConditionObject.await(AbstractQueuedSynchronizer.java:1712)
        at java.base@21.0.5/java.util.concurrent.ScheduledThreadPoolExecutor$DelayedWorkQueue.take(ScheduledThreadPoolExecutor.java:1177)
        at java.base@21.0.5/java.util.concurrent.ScheduledThreadPoolExecutor$DelayedWorkQueue.take(ScheduledThreadPoolExecutor.java:899)
        at java.base@21.0.5/java.util.concurrent.ThreadPoolExecutor.getTask(ThreadPoolExecutor.java:1070)
        at java.base@21.0.5/java.util.concurrent.ThreadPoolExecutor.runWorker(ThreadPoolExecutor.java:1130)
        at java.base@21.0.5/java.util.concurrent.ThreadPoolExecutor$Worker.run(ThreadPoolExecutor.java:642)
        at java.base@21.0.5/java.lang.Thread.runWith(Thread.java:1596)
        at java.base@21.0.5/java.lang.Thread.run(Thread.java:1583)
"FixedThreadPoolWithAffinityExecutor-1-0" daemon prio=5 tid=104 timed_waiting
java.lang.Thread.State: TIMED_WAITING
        at java.base@21.0.5/jdk.internal.misc.Unsafe.park(Native Method)
        at java.base@21.0.5/java.util.concurrent.locks.LockSupport.parkNanos(LockSupport.java:269)
        at java.base@21.0.5/java.util.concurrent.locks.AbstractQueuedSynchronizer$ConditionObject.awaitNanos(AbstractQueuedSynchronizer.java:1763)
        at java.base@21.0.5/java.util.concurrent.LinkedBlockingQueue.poll(LinkedBlockingQueue.java:460)
        at app//org.apache.hadoop.hdds.scm.server.ContainerReportQueue.poll(ContainerReportQueue.java:269)
        at app//org.apache.hadoop.hdds.scm.server.ContainerReportQueue.poll(ContainerReportQueue.java:42)
        at app//org.apache.hadoop.hdds.server.events.FixedThreadPoolWithAffinityExecutor$ContainerReportProcessTask.run(FixedThreadPoolWithAffinityExecutor.java:253)
        at java.base@21.0.5/java.util.concurrent.Executors$RunnableAdapter.call(Executors.java:572)
        at java.base@21.0.5/java.util.concurrent.FutureTask.run(FutureTask.java:317)
        at java.base@21.0.5/java.util.concurrent.ThreadPoolExecutor.runWorker(ThreadPoolExecutor.java:1144)
        at java.base@21.0.5/java.util.concurrent.ThreadPoolExecutor$Worker.run(ThreadPoolExecutor.java:642)
        at java.base@21.0.5/java.lang.Thread.runWith(Thread.java:1596)
        at java.base@21.0.5/java.lang.Thread.run(Thread.java:1583)
"IPC Server handler 83 on default port 15002" daemon prio=5 tid=422 timed_waiting
java.lang.Thread.State: TIMED_WAITING
        at java.base@21.0.5/jdk.internal.misc.Unsafe.park(Native Method)
        at java.base@21.0.5/java.util.concurrent.locks.LockSupport.parkNanos(LockSupport.java:269)
        at java.base@21.0.5/java.util.concurrent.locks.AbstractQueuedSynchronizer$ConditionObject.awaitNanos(AbstractQueuedSynchronizer.java:1763)
        at java.base@21.0.5/java.util.concurrent.LinkedBlockingQueue.poll(LinkedBlockingQueue.java:460)
        at app//org.apache.hadoop.ipc.CallQueueManager.take(CallQueueManager.java:370)
        at app//org.apache.hadoop.ipc.Server$Handler.run(Server.java:3165)
"Socket Reader #3 for port 15093"  prio=5 tid=1009 runnable
java.lang.Thread.State: RUNNABLE
        at java.base@21.0.5/sun.nio.ch.EPoll.wait(Native Method)
        at java.base@21.0.5/sun.nio.ch.EPollSelectorImpl.doSelect(EPollSelectorImpl.java:121)
        at java.base@21.0.5/sun.nio.ch.SelectorImpl.lockAndDoSelect(SelectorImpl.java:130)
        at java.base@21.0.5/sun.nio.ch.SelectorImpl.select(SelectorImpl.java:147)
        at app//org.apache.hadoop.ipc.Server$Listener$Reader.doRunLoop(Server.java:1497)
        at app//org.apache.hadoop.ipc.Server$Listener$Reader.run(Server.java:1476)
"91d0dafb-6cb7-42e5-b129-660fdc1902ba@group-DEECD8B278EF-FollowerState" daemon prio=5 tid=2239 timed_waiting
java.lang.Thread.State: TIMED_WAITING
        at java.base@21.0.5/java.lang.Thread.sleep0(Native Method)
        at java.base@21.0.5/java.lang.Thread.sleep(Thread.java:558)
        at java.base@21.0.5/java.util.concurrent.TimeUnit.sleep(TimeUnit.java:446)
        at app//org.apache.ratis.util.TimeDuration.sleep(TimeDuration.java:353)
        at app//org.apache.ratis.util.TimeDuration.sleep(TimeDuration.java:338)
        at app//org.apache.ratis.server.impl.FollowerState.runImpl(FollowerState.java:149)
        at app//org.apache.ratis.server.impl.FollowerState.run(FollowerState.java:130)
"qtp1676534432-331" daemon prio=5 tid=331 timed_waiting
java.lang.Thread.State: TIMED_WAITING
        at java.base@21.0.5/jdk.internal.misc.Unsafe.park(Native Method)
        at java.base@21.0.5/java.util.concurrent.locks.LockSupport.parkNanos(LockSupport.java:269)
        at java.base@21.0.5/java.util.concurrent.locks.AbstractQueuedSynchronizer$ConditionObject.awaitNanos(AbstractQueuedSynchronizer.java:1763)
        at app//org.eclipse.jetty.util.BlockingArrayQueue.poll(BlockingArrayQueue.java:382)
        at app//org.eclipse.jetty.util.thread.QueuedThreadPool$Runner.idleJobPoll(QueuedThreadPool.java:974)
        at app//org.eclipse.jetty.util.thread.QueuedThreadPool$Runner.run(QueuedThreadPool.java:1018)
        at java.base@21.0.5/java.lang.Thread.runWith(Thread.java:1596)
        at java.base@21.0.5/java.lang.Thread.run(Thread.java:1583)
"91d0dafb-6cb7-42e5-b129-660fdc1902ba@group-B8383FC2DAB2-SegmentedRaftLogWorker"  prio=5 tid=1991 timed_waiting
java.lang.Thread.State: TIMED_WAITING
        at java.base@21.0.5/jdk.internal.misc.Unsafe.park(Native Method)
        at java.base@21.0.5/java.util.concurrent.locks.LockSupport.parkNanos(LockSupport.java:269)
        at java.base@21.0.5/java.util.concurrent.locks.AbstractQueuedSynchronizer$ConditionObject.awaitNanos(AbstractQueuedSynchronizer.java:1763)
        at app//org.apache.ratis.util.DataBlockingQueue.poll(DataBlockingQueue.java:148)
        at app//org.apache.ratis.server.raftlog.segmented.SegmentedRaftLogWorker.run(SegmentedRaftLogWorker.java:307)
        at app//org.apache.ratis.server.raftlog.segmented.SegmentedRaftLogWorker$$Lambda/0x00007fcfe03376d0.run(Unknown Source)
        at java.base@21.0.5/java.util.concurrent.Executors$RunnableAdapter.call(Executors.java:572)
        at java.base@21.0.5/java.util.concurrent.FutureTask.run(FutureTask.java:317)
        at java.base@21.0.5/java.util.concurrent.ThreadPoolExecutor.runWorker(ThreadPoolExecutor.java:1144)
        at java.base@21.0.5/java.util.concurrent.ThreadPoolExecutor$Worker.run(ThreadPoolExecutor.java:642)
        at java.base@21.0.5/java.lang.Thread.runWith(Thread.java:1596)
        at java.base@21.0.5/java.lang.Thread.run(Thread.java:1583)
"69390d8a-021c-44b7-9fe5-c9855a0c5aa1-PeriodicHDDSVolumeChecker" daemon prio=5 tid=1119 timed_waiting
java.lang.Thread.State: TIMED_WAITING
        at java.base@21.0.5/jdk.internal.misc.Unsafe.park(Native Method)
        at java.base@21.0.5/java.util.concurrent.locks.LockSupport.parkNanos(LockSupport.java:269)
        at java.base@21.0.5/java.util.concurrent.locks.AbstractQueuedSynchronizer$ConditionObject.awaitNanos(AbstractQueuedSynchronizer.java:1763)
        at java.base@21.0.5/java.util.concurrent.ScheduledThreadPoolExecutor$DelayedWorkQueue.take(ScheduledThreadPoolExecutor.java:1182)
        at java.base@21.0.5/java.util.concurrent.ScheduledThreadPoolExecutor$DelayedWorkQueue.take(ScheduledThreadPoolExecutor.java:899)
        at java.base@21.0.5/java.util.concurrent.ThreadPoolExecutor.getTask(ThreadPoolExecutor.java:1070)
        at java.base@21.0.5/java.util.concurrent.ThreadPoolExecutor.runWorker(ThreadPoolExecutor.java:1130)
        at java.base@21.0.5/java.util.concurrent.ThreadPoolExecutor$Worker.run(ThreadPoolExecutor.java:642)
        at java.base@21.0.5/java.lang.Thread.runWith(Thread.java:1596)
        at java.base@21.0.5/java.lang.Thread.run(Thread.java:1583)
"IPC Server handler 18 on default port 15000" daemon prio=5 tid=139 timed_waiting
java.lang.Thread.State: TIMED_WAITING
        at java.base@21.0.5/jdk.internal.misc.Unsafe.park(Native Method)
        at java.base@21.0.5/java.util.concurrent.locks.LockSupport.parkNanos(LockSupport.java:269)
        at java.base@21.0.5/java.util.concurrent.locks.AbstractQueuedSynchronizer$ConditionObject.awaitNanos(AbstractQueuedSynchronizer.java:1763)
        at java.base@21.0.5/java.util.concurrent.LinkedBlockingQueue.poll(LinkedBlockingQueue.java:460)
        at app//org.apache.hadoop.ipc.CallQueueManager.take(CallQueueManager.java:370)
        at app//org.apache.hadoop.ipc.Server$Handler.run(Server.java:3165)
"IPC Server handler 98 on default port 15000" daemon prio=5 tid=219 timed_waiting
java.lang.Thread.State: TIMED_WAITING
        at java.base@21.0.5/jdk.internal.misc.Unsafe.park(Native Method)
        at java.base@21.0.5/java.util.concurrent.locks.LockSupport.parkNanos(LockSupport.java:269)
        at java.base@21.0.5/java.util.concurrent.locks.AbstractQueuedSynchronizer$ConditionObject.awaitNanos(AbstractQueuedSynchronizer.java:1763)
        at java.base@21.0.5/java.util.concurrent.LinkedBlockingQueue.poll(LinkedBlockingQueue.java:460)
        at app//org.apache.hadoop.ipc.CallQueueManager.take(CallQueueManager.java:370)
        at app//org.apache.hadoop.ipc.Server$Handler.run(Server.java:3165)
"FixedThreadPoolWithAffinityExecutor-5-0" daemon prio=5 tid=108 timed_waiting
java.lang.Thread.State: TIMED_WAITING
        at java.base@21.0.5/jdk.internal.misc.Unsafe.park(Native Method)
        at java.base@21.0.5/java.util.concurrent.locks.LockSupport.parkNanos(LockSupport.java:269)
        at java.base@21.0.5/java.util.concurrent.locks.AbstractQueuedSynchronizer$ConditionObject.awaitNanos(AbstractQueuedSynchronizer.java:1763)
        at java.base@21.0.5/java.util.concurrent.LinkedBlockingQueue.poll(LinkedBlockingQueue.java:460)
        at app//org.apache.hadoop.hdds.scm.server.ContainerReportQueue.poll(ContainerReportQueue.java:269)
        at app//org.apache.hadoop.hdds.scm.server.ContainerReportQueue.poll(ContainerReportQueue.java:42)
        at app//org.apache.hadoop.hdds.server.events.FixedThreadPoolWithAffinityExecutor$ContainerReportProcessTask.run(FixedThreadPoolWithAffinityExecutor.java:253)
        at java.base@21.0.5/java.util.concurrent.Executors$RunnableAdapter.call(Executors.java:572)
        at java.base@21.0.5/java.util.concurrent.FutureTask.run(FutureTask.java:317)
        at java.base@21.0.5/java.util.concurrent.ThreadPoolExecutor.runWorker(ThreadPoolExecutor.java:1144)
        at java.base@21.0.5/java.util.concurrent.ThreadPoolExecutor$Worker.run(ThreadPoolExecutor.java:642)
        at java.base@21.0.5/java.lang.Thread.runWith(Thread.java:1596)
        at java.base@21.0.5/java.lang.Thread.run(Thread.java:1583)
"ContainerDataScanner(/home/runner/work/ozone/ozone/hadoop-ozone/integration-test/target/test-dir/MiniOzoneClusterImpl-7d8e89df-ef81-4ba3-8c0c-8d2bb8f5309d/ozone-meta/datanode-1/data-0/hdds)" daemon prio=5 tid=867 timed_waiting
java.lang.Thread.State: TIMED_WAITING
        at java.base@21.0.5/java.lang.Thread.sleep0(Native Method)
        at java.base@21.0.5/java.lang.Thread.sleep(Thread.java:509)
        at app//org.apache.hadoop.ozone.container.ozoneimpl.AbstractBackgroundContainerScanner.handleRemainingSleep(AbstractBackgroundContainerScanner.java:131)
        at app//org.apache.hadoop.ozone.container.ozoneimpl.AbstractBackgroundContainerScanner.runIteration(AbstractBackgroundContainerScanner.java:98)
        at app//org.apache.hadoop.ozone.container.ozoneimpl.AbstractBackgroundContainerScanner.run(AbstractBackgroundContainerScanner.java:57)
"qtp119512187-1907" daemon prio=5 tid=1907 timed_waiting
java.lang.Thread.State: TIMED_WAITING
        at java.base@21.0.5/jdk.internal.misc.Unsafe.park(Native Method)
        at java.base@21.0.5/java.util.concurrent.locks.LockSupport.parkNanos(LockSupport.java:269)
        at java.base@21.0.5/java.util.concurrent.locks.AbstractQueuedSynchronizer$ConditionObject.awaitNanos(AbstractQueuedSynchronizer.java:1763)
        at app//org.eclipse.jetty.util.BlockingArrayQueue.poll(BlockingArrayQueue.java:382)
        at app//org.eclipse.jetty.util.thread.QueuedThreadPool$Runner.idleJobPoll(QueuedThreadPool.java:974)
        at app//org.eclipse.jetty.util.thread.QueuedThreadPool$Runner.run(QueuedThreadPool.java:1018)
        at java.base@21.0.5/java.lang.Thread.runWith(Thread.java:1596)
        at java.base@21.0.5/java.lang.Thread.run(Thread.java:1583)
"IPC Server handler 42 on default port 15000" daemon prio=5 tid=163 timed_waiting
java.lang.Thread.State: TIMED_WAITING
        at java.base@21.0.5/jdk.internal.misc.Unsafe.park(Native Method)
        at java.base@21.0.5/java.util.concurrent.locks.LockSupport.parkNanos(LockSupport.java:269)
        at java.base@21.0.5/java.util.concurrent.locks.AbstractQueuedSynchronizer$ConditionObject.awaitNanos(AbstractQueuedSynchronizer.java:1763)
        at java.base@21.0.5/java.util.concurrent.LinkedBlockingQueue.poll(LinkedBlockingQueue.java:460)
        at app//org.apache.hadoop.ipc.CallQueueManager.take(CallQueueManager.java:370)
        at app//org.apache.hadoop.ipc.Server$Handler.run(Server.java:3165)
"IPC Server handler 73 on default port 15002" daemon prio=5 tid=412 timed_waiting
java.lang.Thread.State: TIMED_WAITING
        at java.base@21.0.5/jdk.internal.misc.Unsafe.park(Native Method)
        at java.base@21.0.5/java.util.concurrent.locks.LockSupport.parkNanos(LockSupport.java:269)
        at java.base@21.0.5/java.util.concurrent.locks.AbstractQueuedSynchronizer$ConditionObject.awaitNanos(AbstractQueuedSynchronizer.java:1763)
        at java.base@21.0.5/java.util.concurrent.LinkedBlockingQueue.poll(LinkedBlockingQueue.java:460)
        at app//org.apache.hadoop.ipc.CallQueueManager.take(CallQueueManager.java:370)
        at app//org.apache.hadoop.ipc.Server$Handler.run(Server.java:3165)
"d1093f6a-6992-456d-ac47-966fa1bbc12e@group-D08BFE67CBB9-SegmentedRaftLogWorker" daemon prio=5 tid=2003 timed_waiting
java.lang.Thread.State: TIMED_WAITING
        at java.base@21.0.5/jdk.internal.misc.Unsafe.park(Native Method)
        at java.base@21.0.5/java.util.concurrent.locks.LockSupport.parkNanos(LockSupport.java:269)
        at java.base@21.0.5/java.util.concurrent.locks.AbstractQueuedSynchronizer$ConditionObject.awaitNanos(AbstractQueuedSynchronizer.java:1763)
        at app//org.apache.ratis.util.DataBlockingQueue.poll(DataBlockingQueue.java:148)
        at app//org.apache.ratis.server.raftlog.segmented.SegmentedRaftLogWorker.run(SegmentedRaftLogWorker.java:307)
        at app//org.apache.ratis.server.raftlog.segmented.SegmentedRaftLogWorker$$Lambda/0x00007fcfe03376d0.run(Unknown Source)
        at java.base@21.0.5/java.util.concurrent.Executors$RunnableAdapter.call(Executors.java:572)
        at java.base@21.0.5/java.util.concurrent.FutureTask.run(FutureTask.java:317)
        at java.base@21.0.5/java.util.concurrent.ThreadPoolExecutor.runWorker(ThreadPoolExecutor.java:1144)
        at java.base@21.0.5/java.util.concurrent.ThreadPoolExecutor$Worker.run(ThreadPoolExecutor.java:642)
        at java.base@21.0.5/java.lang.Thread.runWith(Thread.java:1596)
        at java.base@21.0.5/java.lang.Thread.run(Thread.java:1583)
"d1093f6a-6992-456d-ac47-966fa1bbc12e-ChunkReader-ELG-0" daemon prio=5 tid=1953 runnable
java.lang.Thread.State: RUNNABLE
        at app//org.apache.ratis.thirdparty.io.netty.channel.epoll.Native.epollWait0(Native Method)
        at app//org.apache.ratis.thirdparty.io.netty.channel.epoll.Native.epollWait(Native.java:193)
        at app//org.apache.ratis.thirdparty.io.netty.channel.epoll.EpollEventLoop.epollWait(EpollEventLoop.java:304)
        at app//org.apache.ratis.thirdparty.io.netty.channel.epoll.EpollEventLoop.run(EpollEventLoop.java:368)
        at app//org.apache.ratis.thirdparty.io.netty.util.concurrent.SingleThreadEventExecutor$4.run(SingleThreadEventExecutor.java:997)
        at app//org.apache.ratis.thirdparty.io.netty.util.internal.ThreadExecutorMap$2.run(ThreadExecutorMap.java:74)
        at java.base@21.0.5/java.lang.Thread.runWith(Thread.java:1596)
        at java.base@21.0.5/java.lang.Thread.run(Thread.java:1583)
"IPC Server handler 95 on default port 15000" daemon prio=5 tid=216 timed_waiting
java.lang.Thread.State: TIMED_WAITING
        at java.base@21.0.5/jdk.internal.misc.Unsafe.park(Native Method)
        at java.base@21.0.5/java.util.concurrent.locks.LockSupport.parkNanos(LockSupport.java:269)
        at java.base@21.0.5/java.util.concurrent.locks.AbstractQueuedSynchronizer$ConditionObject.awaitNanos(AbstractQueuedSynchronizer.java:1763)
        at java.base@21.0.5/java.util.concurrent.LinkedBlockingQueue.poll(LinkedBlockingQueue.java:460)
        at app//org.apache.hadoop.ipc.CallQueueManager.take(CallQueueManager.java:370)
        at app//org.apache.hadoop.ipc.Server$Handler.run(Server.java:3165)
"qtp1365184588-717" daemon prio=5 tid=717 timed_waiting
java.lang.Thread.State: TIMED_WAITING
        at java.base@21.0.5/jdk.internal.misc.Unsafe.park(Native Method)
        at java.base@21.0.5/java.util.concurrent.locks.LockSupport.parkNanos(LockSupport.java:269)
        at java.base@21.0.5/java.util.concurrent.locks.AbstractQueuedSynchronizer$ConditionObject.awaitNanos(AbstractQueuedSynchronizer.java:1763)
        at app//org.eclipse.jetty.util.BlockingArrayQueue.poll(BlockingArrayQueue.java:382)
        at app//org.eclipse.jetty.util.thread.QueuedThreadPool$Runner.idleJobPoll(QueuedThreadPool.java:974)
        at app//org.eclipse.jetty.util.thread.QueuedThreadPool$Runner.run(QueuedThreadPool.java:1018)
        at java.base@21.0.5/java.lang.Thread.runWith(Thread.java:1596)
        at java.base@21.0.5/java.lang.Thread.run(Thread.java:1583)
"Socket Reader #6 for port 15006"  prio=5 tid=455 runnable
java.lang.Thread.State: RUNNABLE
        at java.base@21.0.5/sun.nio.ch.EPoll.wait(Native Method)
        at java.base@21.0.5/sun.nio.ch.EPollSelectorImpl.doSelect(EPollSelectorImpl.java:121)
        at java.base@21.0.5/sun.nio.ch.SelectorImpl.lockAndDoSelect(SelectorImpl.java:130)
        at java.base@21.0.5/sun.nio.ch.SelectorImpl.select(SelectorImpl.java:147)
        at app//org.apache.hadoop.ipc.Server$Listener$Reader.doRunLoop(Server.java:1497)
        at app//org.apache.hadoop.ipc.Server$Listener$Reader.run(Server.java:1476)
"IPC Server handler 9 on default port 15021" daemon prio=5 tid=603 timed_waiting
java.lang.Thread.State: TIMED_WAITING
        at java.base@21.0.5/jdk.internal.misc.Unsafe.park(Native Method)
        at java.base@21.0.5/java.util.concurrent.locks.LockSupport.parkNanos(LockSupport.java:269)
        at java.base@21.0.5/java.util.concurrent.locks.AbstractQueuedSynchronizer$ConditionObject.awaitNanos(AbstractQueuedSynchronizer.java:1763)
        at java.base@21.0.5/java.util.concurrent.LinkedBlockingQueue.poll(LinkedBlockingQueue.java:460)
        at app//org.apache.hadoop.ipc.CallQueueManager.take(CallQueueManager.java:370)
        at app//org.apache.hadoop.ipc.Server$Handler.run(Server.java:3165)
"StaleRecoveringContainerScrubbingService#2" daemon prio=5 tid=1824 in Object.wait()
java.lang.Thread.State: WAITING (on object monitor)
        at java.base@21.0.5/jdk.internal.misc.Unsafe.park(Native Method)
        at java.base@21.0.5/java.util.concurrent.locks.LockSupport.park(LockSupport.java:371)
        at java.base@21.0.5/java.util.concurrent.locks.AbstractQueuedSynchronizer$ConditionNode.block(AbstractQueuedSynchronizer.java:519)
        at java.base@21.0.5/java.util.concurrent.ForkJoinPool.unmanagedBlock(ForkJoinPool.java:3780)
        at java.base@21.0.5/java.util.concurrent.ForkJoinPool.managedBlock(ForkJoinPool.java:3725)
        at java.base@21.0.5/java.util.concurrent.locks.AbstractQueuedSynchronizer$ConditionObject.await(AbstractQueuedSynchronizer.java:1712)
        at java.base@21.0.5/java.util.concurrent.ScheduledThreadPoolExecutor$DelayedWorkQueue.take(ScheduledThreadPoolExecutor.java:1177)
        at java.base@21.0.5/java.util.concurrent.ScheduledThreadPoolExecutor$DelayedWorkQueue.take(ScheduledThreadPoolExecutor.java:899)
        at java.base@21.0.5/java.util.concurrent.ThreadPoolExecutor.getTask(ThreadPoolExecutor.java:1070)
        at java.base@21.0.5/java.util.concurrent.ThreadPoolExecutor.runWorker(ThreadPoolExecutor.java:1130)
        at java.base@21.0.5/java.util.concurrent.ThreadPoolExecutor$Worker.run(ThreadPoolExecutor.java:642)
        at java.base@21.0.5/java.lang.Thread.runWith(Thread.java:1596)
        at java.base@21.0.5/java.lang.Thread.run(Thread.java:1583)
"IPC Server handler 68 on default port 15001" daemon prio=5 tid=289 timed_waiting
java.lang.Thread.State: TIMED_WAITING
        at java.base@21.0.5/jdk.internal.misc.Unsafe.park(Native Method)
        at java.base@21.0.5/java.util.concurrent.locks.LockSupport.parkNanos(LockSupport.java:269)
        at java.base@21.0.5/java.util.concurrent.locks.AbstractQueuedSynchronizer$ConditionObject.awaitNanos(AbstractQueuedSynchronizer.java:1763)
        at java.base@21.0.5/java.util.concurrent.LinkedBlockingQueue.poll(LinkedBlockingQueue.java:460)
        at app//org.apache.hadoop.ipc.CallQueueManager.take(CallQueueManager.java:370)
        at app//org.apache.hadoop.ipc.Server$Handler.run(Server.java:3165)
"a14cd1ab-7861-42f9-8639-15260a7193f0-CommandProcessorThread" daemon prio=5 tid=2181 timed_waiting
java.lang.Thread.State: TIMED_WAITING
        at java.base@21.0.5/java.lang.Thread.sleep0(Native Method)
        at java.base@21.0.5/java.lang.Thread.sleep(Thread.java:509)
        at app//org.apache.hadoop.ozone.container.common.statemachine.DatanodeStateMachine.lambda$initCommandHandlerThread$4(DatanodeStateMachine.java:670)
        at app//org.apache.hadoop.ozone.container.common.statemachine.DatanodeStateMachine$$Lambda/0x00007fcfe07d9b78.run(Unknown Source)
        at java.base@21.0.5/java.lang.Thread.runWith(Thread.java:1596)
        at java.base@21.0.5/java.lang.Thread.run(Thread.java:1583)
"17963aff-71fe-4a8f-bd2e-c405ff93174f-DatanodeReportManager-0" daemon prio=5 tid=967 timed_waiting
java.lang.Thread.State: TIMED_WAITING
        at java.base@21.0.5/jdk.internal.misc.Unsafe.park(Native Method)
        at java.base@21.0.5/java.util.concurrent.locks.LockSupport.parkNanos(LockSupport.java:269)
        at java.base@21.0.5/java.util.concurrent.locks.AbstractQueuedSynchronizer$ConditionObject.awaitNanos(AbstractQueuedSynchronizer.java:1763)
        at java.base@21.0.5/java.util.concurrent.ScheduledThreadPoolExecutor$DelayedWorkQueue.take(ScheduledThreadPoolExecutor.java:1182)
        at java.base@21.0.5/java.util.concurrent.ScheduledThreadPoolExecutor$DelayedWorkQueue.take(ScheduledThreadPoolExecutor.java:899)
        at java.base@21.0.5/java.util.concurrent.ThreadPoolExecutor.getTask(ThreadPoolExecutor.java:1070)
        at java.base@21.0.5/java.util.concurrent.ThreadPoolExecutor.runWorker(ThreadPoolExecutor.java:1130)
        at java.base@21.0.5/java.util.concurrent.ThreadPoolExecutor$Worker.run(ThreadPoolExecutor.java:642)
        at java.base@21.0.5/java.lang.Thread.runWith(Thread.java:1596)
        at java.base@21.0.5/java.lang.Thread.run(Thread.java:1583)
"Socket Reader #8 for port 15039"  prio=5 tid=2160 runnable
java.lang.Thread.State: RUNNABLE
        at java.base@21.0.5/sun.nio.ch.EPoll.wait(Native Method)
        at java.base@21.0.5/sun.nio.ch.EPollSelectorImpl.doSelect(EPollSelectorImpl.java:121)
        at java.base@21.0.5/sun.nio.ch.SelectorImpl.lockAndDoSelect(SelectorImpl.java:130)
        at java.base@21.0.5/sun.nio.ch.SelectorImpl.select(SelectorImpl.java:147)
        at app//org.apache.hadoop.ipc.Server$Listener$Reader.doRunLoop(Server.java:1497)
        at app//org.apache.hadoop.ipc.Server$Listener$Reader.run(Server.java:1476)
"Socket Reader #6 for port 15030"  prio=5 tid=1915 runnable
java.lang.Thread.State: RUNNABLE
        at java.base@21.0.5/sun.nio.ch.EPoll.wait(Native Method)
        at java.base@21.0.5/sun.nio.ch.EPollSelectorImpl.doSelect(EPollSelectorImpl.java:121)
        at java.base@21.0.5/sun.nio.ch.SelectorImpl.lockAndDoSelect(SelectorImpl.java:130)
        at java.base@21.0.5/sun.nio.ch.SelectorImpl.select(SelectorImpl.java:147)
        at app//org.apache.hadoop.ipc.Server$Listener$Reader.doRunLoop(Server.java:1497)
        at app//org.apache.hadoop.ipc.Server$Listener$Reader.run(Server.java:1476)
"91d0dafb-6cb7-42e5-b129-660fdc1902ba@group-DEECD8B278EF-cacheEviction-AwaitToRun" daemon prio=5 tid=2206 in Object.wait()
java.lang.Thread.State: WAITING (on object monitor)
        at java.base@21.0.5/jdk.internal.misc.Unsafe.park(Native Method)
        at java.base@21.0.5/java.util.concurrent.locks.LockSupport.park(LockSupport.java:371)
        at java.base@21.0.5/java.util.concurrent.locks.AbstractQueuedSynchronizer$ConditionNode.block(AbstractQueuedSynchronizer.java:519)
        at java.base@21.0.5/java.util.concurrent.ForkJoinPool.unmanagedBlock(ForkJoinPool.java:3780)
        at java.base@21.0.5/java.util.concurrent.ForkJoinPool.managedBlock(ForkJoinPool.java:3725)
        at java.base@21.0.5/java.util.concurrent.locks.AbstractQueuedSynchronizer$ConditionObject.await(AbstractQueuedSynchronizer.java:1712)
        at app//org.apache.ratis.util.AwaitForSignal.await(AwaitForSignal.java:48)
        at app//org.apache.ratis.util.AwaitToRun$RunnableImpl.run(AwaitToRun.java:47)
        at java.base@21.0.5/java.lang.Thread.runWith(Thread.java:1596)
        at java.base@21.0.5/java.lang.Thread.run(Thread.java:1583)
"d1093f6a-6992-456d-ac47-966fa1bbc12e-DatanodeReportManager-3" daemon prio=5 tid=1937 in Object.wait()
java.lang.Thread.State: WAITING (on object monitor)
        at java.base@21.0.5/jdk.internal.misc.Unsafe.park(Native Method)
        at java.base@21.0.5/java.util.concurrent.locks.LockSupport.park(LockSupport.java:371)
        at java.base@21.0.5/java.util.concurrent.locks.AbstractQueuedSynchronizer$ConditionNode.block(AbstractQueuedSynchronizer.java:519)
        at java.base@21.0.5/java.util.concurrent.ForkJoinPool.unmanagedBlock(ForkJoinPool.java:3780)
        at java.base@21.0.5/java.util.concurrent.ForkJoinPool.managedBlock(ForkJoinPool.java:3725)
        at java.base@21.0.5/java.util.concurrent.locks.AbstractQueuedSynchronizer$ConditionObject.await(AbstractQueuedSynchronizer.java:1712)
        at java.base@21.0.5/java.util.concurrent.ScheduledThreadPoolExecutor$DelayedWorkQueue.take(ScheduledThreadPoolExecutor.java:1177)
        at java.base@21.0.5/java.util.concurrent.ScheduledThreadPoolExecutor$DelayedWorkQueue.take(ScheduledThreadPoolExecutor.java:899)
        at java.base@21.0.5/java.util.concurrent.ThreadPoolExecutor.getTask(ThreadPoolExecutor.java:1070)
        at java.base@21.0.5/java.util.concurrent.ThreadPoolExecutor.runWorker(ThreadPoolExecutor.java:1130)
        at java.base@21.0.5/java.util.concurrent.ThreadPoolExecutor$Worker.run(ThreadPoolExecutor.java:642)
        at java.base@21.0.5/java.lang.Thread.runWith(Thread.java:1596)
        at java.base@21.0.5/java.lang.Thread.run(Thread.java:1583)
"grpc-default-executor-9" daemon prio=5 tid=1854 timed_waiting
java.lang.Thread.State: TIMED_WAITING
        at java.base@21.0.5/jdk.internal.misc.Unsafe.park(Native Method)
        at java.base@21.0.5/java.util.concurrent.locks.LockSupport.parkNanos(LockSupport.java:410)
        at java.base@21.0.5/java.util.concurrent.LinkedTransferQueue$DualNode.await(LinkedTransferQueue.java:452)
        at java.base@21.0.5/java.util.concurrent.SynchronousQueue$Transferer.xferLifo(SynchronousQueue.java:194)
        at java.base@21.0.5/java.util.concurrent.SynchronousQueue.xfer(SynchronousQueue.java:235)
        at java.base@21.0.5/java.util.concurrent.SynchronousQueue.poll(SynchronousQueue.java:338)
        at java.base@21.0.5/java.util.concurrent.ThreadPoolExecutor.getTask(ThreadPoolExecutor.java:1069)
        at java.base@21.0.5/java.util.concurrent.ThreadPoolExecutor.runWorker(ThreadPoolExecutor.java:1130)
        at java.base@21.0.5/java.util.concurrent.ThreadPoolExecutor$Worker.run(ThreadPoolExecutor.java:642)
        at java.base@21.0.5/java.lang.Thread.runWith(Thread.java:1596)
        at java.base@21.0.5/java.lang.Thread.run(Thread.java:1583)
"17963aff-71fe-4a8f-bd2e-c405ff93174f-ChunkWriter-2-0" daemon prio=5 tid=1144 in Object.wait()
java.lang.Thread.State: WAITING (on object monitor)
        at java.base@21.0.5/jdk.internal.misc.Unsafe.park(Native Method)
        at java.base@21.0.5/java.util.concurrent.locks.LockSupport.park(LockSupport.java:371)
        at java.base@21.0.5/java.util.concurrent.locks.AbstractQueuedSynchronizer$ConditionNode.block(AbstractQueuedSynchronizer.java:519)
        at java.base@21.0.5/java.util.concurrent.ForkJoinPool.unmanagedBlock(ForkJoinPool.java:3780)
        at java.base@21.0.5/java.util.concurrent.ForkJoinPool.managedBlock(ForkJoinPool.java:3725)
        at java.base@21.0.5/java.util.concurrent.locks.AbstractQueuedSynchronizer$ConditionObject.await(AbstractQueuedSynchronizer.java:1712)
        at java.base@21.0.5/java.util.concurrent.LinkedBlockingDeque.takeFirst(LinkedBlockingDeque.java:485)
        at java.base@21.0.5/java.util.concurrent.LinkedBlockingDeque.take(LinkedBlockingDeque.java:673)
        at java.base@21.0.5/java.util.concurrent.ThreadPoolExecutor.getTask(ThreadPoolExecutor.java:1070)
        at java.base@21.0.5/java.util.concurrent.ThreadPoolExecutor.runWorker(ThreadPoolExecutor.java:1130)
        at java.base@21.0.5/java.util.concurrent.ThreadPoolExecutor$Worker.run(ThreadPoolExecutor.java:642)
        at java.base@21.0.5/java.lang.Thread.runWith(Thread.java:1596)
        at java.base@21.0.5/java.lang.Thread.run(Thread.java:1583)
"Timer-0"  prio=5 tid=469 timed_waiting
java.lang.Thread.State: TIMED_WAITING
        at java.base@21.0.5/java.lang.Object.wait0(Native Method)
        at java.base@21.0.5/java.lang.Object.wait(Object.java:366)
        at java.base@21.0.5/java.util.TimerThread.mainLoop(Timer.java:563)
        at java.base@21.0.5/java.util.TimerThread.run(Timer.java:516)
"IPC Server handler 2 on default port 15021" daemon prio=5 tid=596 timed_waiting
java.lang.Thread.State: TIMED_WAITING
        at java.base@21.0.5/jdk.internal.misc.Unsafe.park(Native Method)
        at java.base@21.0.5/java.util.concurrent.locks.LockSupport.parkNanos(LockSupport.java:269)
        at java.base@21.0.5/java.util.concurrent.locks.AbstractQueuedSynchronizer$ConditionObject.awaitNanos(AbstractQueuedSynchronizer.java:1763)
        at java.base@21.0.5/java.util.concurrent.LinkedBlockingQueue.poll(LinkedBlockingQueue.java:460)
        at app//org.apache.hadoop.ipc.CallQueueManager.take(CallQueueManager.java:370)
        at app//org.apache.hadoop.ipc.Server$Handler.run(Server.java:3165)
"IPC Client (2072843575) connection to 0.0.0.0/0.0.0.0:15002 from runner" daemon prio=5 tid=860 timed_waiting
java.lang.Thread.State: TIMED_WAITING
        at java.base@21.0.5/java.lang.Object.wait0(Native Method)
        at java.base@21.0.5/java.lang.Object.wait(Object.java:366)
        at app//org.apache.hadoop.ipc.Client$Connection.waitForWork(Client.java:1042)
        at app//org.apache.hadoop.ipc.Client$Connection.run(Client.java:1093)
"a14cd1ab-7861-42f9-8639-15260a7193f0@group-DEECD8B278EF-SegmentedRaftLogWorker"  prio=5 tid=2218 timed_waiting
java.lang.Thread.State: TIMED_WAITING
        at java.base@21.0.5/jdk.internal.misc.Unsafe.park(Native Method)
        at java.base@21.0.5/java.util.concurrent.locks.LockSupport.parkNanos(LockSupport.java:269)
        at java.base@21.0.5/java.util.concurrent.locks.AbstractQueuedSynchronizer$ConditionObject.awaitNanos(AbstractQueuedSynchronizer.java:1763)
        at app//org.apache.ratis.util.DataBlockingQueue.poll(DataBlockingQueue.java:148)
        at app//org.apache.ratis.server.raftlog.segmented.SegmentedRaftLogWorker.run(SegmentedRaftLogWorker.java:307)
        at app//org.apache.ratis.server.raftlog.segmented.SegmentedRaftLogWorker$$Lambda/0x00007fcfe03376d0.run(Unknown Source)
        at java.base@21.0.5/java.util.concurrent.Executors$RunnableAdapter.call(Executors.java:572)
        at java.base@21.0.5/java.util.concurrent.FutureTask.run(FutureTask.java:317)
        at java.base@21.0.5/java.util.concurrent.ThreadPoolExecutor.runWorker(ThreadPoolExecutor.java:1144)
        at java.base@21.0.5/java.util.concurrent.ThreadPoolExecutor$Worker.run(ThreadPoolExecutor.java:642)
        at java.base@21.0.5/java.lang.Thread.runWith(Thread.java:1596)
        at java.base@21.0.5/java.lang.Thread.run(Thread.java:1583)
"IPC Server listener on 15006" daemon prio=5 tid=449 runnable
java.lang.Thread.State: RUNNABLE
        at java.base@21.0.5/sun.nio.ch.EPoll.wait(Native Method)
        at java.base@21.0.5/sun.nio.ch.EPollSelectorImpl.doSelect(EPollSelectorImpl.java:121)
        at java.base@21.0.5/sun.nio.ch.SelectorImpl.lockAndDoSelect(SelectorImpl.java:130)
        at java.base@21.0.5/sun.nio.ch.SelectorImpl.select(SelectorImpl.java:147)
        at app//org.apache.hadoop.ipc.Server$Listener.run(Server.java:1559)
"IPC Server handler 43 on default port 15001" daemon prio=5 tid=264 timed_waiting
java.lang.Thread.State: TIMED_WAITING
        at java.base@21.0.5/jdk.internal.misc.Unsafe.park(Native Method)
        at java.base@21.0.5/java.util.concurrent.locks.LockSupport.parkNanos(LockSupport.java:269)
        at java.base@21.0.5/java.util.concurrent.locks.AbstractQueuedSynchronizer$ConditionObject.awaitNanos(AbstractQueuedSynchronizer.java:1763)
        at java.base@21.0.5/java.util.concurrent.LinkedBlockingQueue.poll(LinkedBlockingQueue.java:460)
        at app//org.apache.hadoop.ipc.CallQueueManager.take(CallQueueManager.java:370)
        at app//org.apache.hadoop.ipc.Server$Handler.run(Server.java:3165)
"IPC Server handler 1 on default port 15030" daemon prio=5 tid=1924 timed_waiting
java.lang.Thread.State: TIMED_WAITING
        at java.base@21.0.5/jdk.internal.misc.Unsafe.park(Native Method)
        at java.base@21.0.5/java.util.concurrent.locks.LockSupport.parkNanos(LockSupport.java:269)
        at java.base@21.0.5/java.util.concurrent.locks.AbstractQueuedSynchronizer$ConditionObject.awaitNanos(AbstractQueuedSynchronizer.java:1763)
        at java.base@21.0.5/java.util.concurrent.LinkedBlockingQueue.poll(LinkedBlockingQueue.java:460)
        at app//org.apache.hadoop.ipc.CallQueueManager.take(CallQueueManager.java:370)
        at app//org.apache.hadoop.ipc.Server$Handler.run(Server.java:3165)
"IPC Server handler 3 on default port 15021" daemon prio=5 tid=597 timed_waiting
java.lang.Thread.State: TIMED_WAITING
        at java.base@21.0.5/jdk.internal.misc.Unsafe.park(Native Method)
        at java.base@21.0.5/java.util.concurrent.locks.LockSupport.parkNanos(LockSupport.java:269)
        at java.base@21.0.5/java.util.concurrent.locks.AbstractQueuedSynchronizer$ConditionObject.awaitNanos(AbstractQueuedSynchronizer.java:1763)
        at java.base@21.0.5/java.util.concurrent.LinkedBlockingQueue.poll(LinkedBlockingQueue.java:460)
        at app//org.apache.hadoop.ipc.CallQueueManager.take(CallQueueManager.java:370)
        at app//org.apache.hadoop.ipc.Server$Handler.run(Server.java:3165)
"84b435bb-d41b-4758-bf48-ce9052c81d4a-EndpointStateMachineTaskThread-/0.0.0.0:15002-0 "  prio=5 tid=1074 in Object.wait()
java.lang.Thread.State: WAITING (on object monitor)
        at java.base@21.0.5/jdk.internal.misc.Unsafe.park(Native Method)
        at java.base@21.0.5/java.util.concurrent.locks.LockSupport.park(LockSupport.java:371)
        at java.base@21.0.5/java.util.concurrent.locks.AbstractQueuedSynchronizer$ConditionNode.block(AbstractQueuedSynchronizer.java:519)
        at java.base@21.0.5/java.util.concurrent.ForkJoinPool.unmanagedBlock(ForkJoinPool.java:3780)
        at java.base@21.0.5/java.util.concurrent.ForkJoinPool.managedBlock(ForkJoinPool.java:3725)
        at java.base@21.0.5/java.util.concurrent.locks.AbstractQueuedSynchronizer$ConditionObject.await(AbstractQueuedSynchronizer.java:1712)
        at java.base@21.0.5/java.util.concurrent.LinkedBlockingQueue.take(LinkedBlockingQueue.java:435)
        at java.base@21.0.5/java.util.concurrent.ThreadPoolExecutor.getTask(ThreadPoolExecutor.java:1070)
        at java.base@21.0.5/java.util.concurrent.ThreadPoolExecutor.runWorker(ThreadPoolExecutor.java:1130)
        at java.base@21.0.5/java.util.concurrent.ThreadPoolExecutor$Worker.run(ThreadPoolExecutor.java:642)
        at java.base@21.0.5/java.lang.Thread.runWith(Thread.java:1596)
        at java.base@21.0.5/java.lang.Thread.run(Thread.java:1583)
"pool-35-thread-1"  prio=5 tid=323 timed_waiting
java.lang.Thread.State: TIMED_WAITING
        at java.base@21.0.5/jdk.internal.misc.Unsafe.park(Native Method)
        at java.base@21.0.5/java.util.concurrent.locks.LockSupport.parkNanos(LockSupport.java:269)
        at java.base@21.0.5/java.util.concurrent.locks.AbstractQueuedSynchronizer$ConditionObject.awaitNanos(AbstractQueuedSynchronizer.java:1763)
        at java.base@21.0.5/java.util.concurrent.ScheduledThreadPoolExecutor$DelayedWorkQueue.take(ScheduledThreadPoolExecutor.java:1182)
        at java.base@21.0.5/java.util.concurrent.ScheduledThreadPoolExecutor$DelayedWorkQueue.take(ScheduledThreadPoolExecutor.java:899)
        at java.base@21.0.5/java.util.concurrent.ThreadPoolExecutor.getTask(ThreadPoolExecutor.java:1070)
        at java.base@21.0.5/java.util.concurrent.ThreadPoolExecutor.runWorker(ThreadPoolExecutor.java:1130)
        at java.base@21.0.5/java.util.concurrent.ThreadPoolExecutor$Worker.run(ThreadPoolExecutor.java:642)
        at java.base@21.0.5/java.lang.Thread.runWith(Thread.java:1596)
        at java.base@21.0.5/java.lang.Thread.run(Thread.java:1583)
"IPC Server handler 8 on default port 15075" daemon prio=5 tid=900 timed_waiting
java.lang.Thread.State: TIMED_WAITING
        at java.base@21.0.5/jdk.internal.misc.Unsafe.park(Native Method)
        at java.base@21.0.5/java.util.concurrent.locks.LockSupport.parkNanos(LockSupport.java:269)
        at java.base@21.0.5/java.util.concurrent.locks.AbstractQueuedSynchronizer$ConditionObject.awaitNanos(AbstractQueuedSynchronizer.java:1763)
        at java.base@21.0.5/java.util.concurrent.LinkedBlockingQueue.poll(LinkedBlockingQueue.java:460)
        at app//org.apache.hadoop.ipc.CallQueueManager.take(CallQueueManager.java:370)
        at app//org.apache.hadoop.ipc.Server$Handler.run(Server.java:3165)
"IPC Server handler 48 on default port 15001" daemon prio=5 tid=269 timed_waiting
java.lang.Thread.State: TIMED_WAITING
        at java.base@21.0.5/jdk.internal.misc.Unsafe.park(Native Method)
        at java.base@21.0.5/java.util.concurrent.locks.LockSupport.parkNanos(LockSupport.java:269)
        at java.base@21.0.5/java.util.concurrent.locks.AbstractQueuedSynchronizer$ConditionObject.awaitNanos(AbstractQueuedSynchronizer.java:1763)
        at java.base@21.0.5/java.util.concurrent.LinkedBlockingQueue.poll(LinkedBlockingQueue.java:460)
        at app//org.apache.hadoop.ipc.CallQueueManager.take(CallQueueManager.java:370)
        at app//org.apache.hadoop.ipc.Server$Handler.run(Server.java:3165)
"ContainerDataScanner(/home/runner/work/ozone/ozone/hadoop-ozone/integration-test/target/test-dir/MiniOzoneClusterImpl-7d8e89df-ef81-4ba3-8c0c-8d2bb8f5309d/ozone-meta/datanode-2/data-0/hdds)" daemon prio=5 tid=931 timed_waiting
java.lang.Thread.State: TIMED_WAITING
        at java.base@21.0.5/java.lang.Thread.sleep0(Native Method)
        at java.base@21.0.5/java.lang.Thread.sleep(Thread.java:509)
        at app//org.apache.hadoop.ozone.container.ozoneimpl.AbstractBackgroundContainerScanner.handleRemainingSleep(AbstractBackgroundContainerScanner.java:131)
        at app//org.apache.hadoop.ozone.container.ozoneimpl.AbstractBackgroundContainerScanner.runIteration(AbstractBackgroundContainerScanner.java:98)
        at app//org.apache.hadoop.ozone.container.ozoneimpl.AbstractBackgroundContainerScanner.run(AbstractBackgroundContainerScanner.java:57)
"Hadoop-Metrics-Updater-0" daemon prio=5 tid=733 timed_waiting
java.lang.Thread.State: TIMED_WAITING
        at java.base@21.0.5/jdk.internal.misc.Unsafe.park(Native Method)
        at java.base@21.0.5/java.util.concurrent.locks.LockSupport.parkNanos(LockSupport.java:269)
        at java.base@21.0.5/java.util.concurrent.locks.AbstractQueuedSynchronizer$ConditionObject.awaitNanos(AbstractQueuedSynchronizer.java:1763)
        at java.base@21.0.5/java.util.concurrent.ScheduledThreadPoolExecutor$DelayedWorkQueue.take(ScheduledThreadPoolExecutor.java:1182)
        at java.base@21.0.5/java.util.concurrent.ScheduledThreadPoolExecutor$DelayedWorkQueue.take(ScheduledThreadPoolExecutor.java:899)
        at java.base@21.0.5/java.util.concurrent.ThreadPoolExecutor.getTask(ThreadPoolExecutor.java:1070)
        at java.base@21.0.5/java.util.concurrent.ThreadPoolExecutor.runWorker(ThreadPoolExecutor.java:1130)
        at java.base@21.0.5/java.util.concurrent.ThreadPoolExecutor$Worker.run(ThreadPoolExecutor.java:642)
        at java.base@21.0.5/java.lang.Thread.runWith(Thread.java:1596)
        at java.base@21.0.5/java.lang.Thread.run(Thread.java:1583)
"17963aff-71fe-4a8f-bd2e-c405ff93174f@group-31157D531563-StateMachineUpdater" daemon prio=5 tid=1318 timed_waiting
java.lang.Thread.State: TIMED_WAITING
        at java.base@21.0.5/jdk.internal.misc.Unsafe.park(Native Method)
        at java.base@21.0.5/java.util.concurrent.locks.LockSupport.parkNanos(LockSupport.java:269)
        at java.base@21.0.5/java.util.concurrent.locks.AbstractQueuedSynchronizer$ConditionObject.await(AbstractQueuedSynchronizer.java:1852)
        at app//org.apache.ratis.util.AwaitForSignal.await(AwaitForSignal.java:65)
        at app//org.apache.ratis.server.impl.StateMachineUpdater.waitForCommit(StateMachineUpdater.java:219)
        at app//org.apache.ratis.server.impl.StateMachineUpdater.run(StateMachineUpdater.java:187)
        at java.base@21.0.5/java.lang.Thread.runWith(Thread.java:1596)
        at java.base@21.0.5/java.lang.Thread.run(Thread.java:1583)
"IPC Server handler 64 on default port 15000" daemon prio=5 tid=185 timed_waiting
java.lang.Thread.State: TIMED_WAITING
        at java.base@21.0.5/jdk.internal.misc.Unsafe.park(Native Method)
        at java.base@21.0.5/java.util.concurrent.locks.LockSupport.parkNanos(LockSupport.java:269)
        at java.base@21.0.5/java.util.concurrent.locks.AbstractQueuedSynchronizer$ConditionObject.awaitNanos(AbstractQueuedSynchronizer.java:1763)
        at java.base@21.0.5/java.util.concurrent.LinkedBlockingQueue.poll(LinkedBlockingQueue.java:460)
        at app//org.apache.hadoop.ipc.CallQueueManager.take(CallQueueManager.java:370)
        at app//org.apache.hadoop.ipc.Server$Handler.run(Server.java:3165)
"JvmPauseMonitor1" daemon prio=5 tid=118 timed_waiting
java.lang.Thread.State: TIMED_WAITING
        at java.base@21.0.5/java.lang.Thread.sleep0(Native Method)
        at java.base@21.0.5/java.lang.Thread.sleep(Thread.java:558)
        at java.base@21.0.5/java.util.concurrent.TimeUnit.sleep(TimeUnit.java:446)
        at app//org.apache.ratis.util.TimeDuration.sleep(TimeDuration.java:353)
        at app//org.apache.ratis.util.TimeDuration.sleep(TimeDuration.java:338)
        at app//org.apache.ratis.util.JvmPauseMonitor.detectPause(JvmPauseMonitor.java:160)
        at app//org.apache.ratis.util.JvmPauseMonitor.run(JvmPauseMonitor.java:149)
        at app//org.apache.ratis.util.JvmPauseMonitor$$Lambda/0x00007fcfe0390000.run(Unknown Source)
        at java.base@21.0.5/java.lang.Thread.runWith(Thread.java:1596)
        at java.base@21.0.5/java.lang.Thread.run(Thread.java:1583)
"IPC Server handler 2 on default port 15012" daemon prio=5 tid=550 timed_waiting
java.lang.Thread.State: TIMED_WAITING
        at java.base@21.0.5/jdk.internal.misc.Unsafe.park(Native Method)
        at java.base@21.0.5/java.util.concurrent.locks.LockSupport.parkNanos(LockSupport.java:269)
        at java.base@21.0.5/java.util.concurrent.locks.AbstractQueuedSynchronizer$ConditionObject.awaitNanos(AbstractQueuedSynchronizer.java:1763)
        at java.base@21.0.5/java.util.concurrent.LinkedBlockingQueue.poll(LinkedBlockingQueue.java:460)
        at app//org.apache.hadoop.ipc.CallQueueManager.take(CallQueueManager.java:370)
        at app//org.apache.hadoop.ipc.Server$Handler.run(Server.java:3165)
"SnapshotCacheCleanupService" daemon prio=5 tid=442 timed_waiting
java.lang.Thread.State: TIMED_WAITING
        at java.base@21.0.5/jdk.internal.misc.Unsafe.park(Native Method)
        at java.base@21.0.5/java.util.concurrent.locks.LockSupport.parkNanos(LockSupport.java:269)
        at java.base@21.0.5/java.util.concurrent.locks.AbstractQueuedSynchronizer$ConditionObject.awaitNanos(AbstractQueuedSynchronizer.java:1763)
        at java.base@21.0.5/java.util.concurrent.ScheduledThreadPoolExecutor$DelayedWorkQueue.take(ScheduledThreadPoolExecutor.java:1182)
        at java.base@21.0.5/java.util.concurrent.ScheduledThreadPoolExecutor$DelayedWorkQueue.take(ScheduledThreadPoolExecutor.java:899)
        at java.base@21.0.5/java.util.concurrent.ThreadPoolExecutor.getTask(ThreadPoolExecutor.java:1070)
        at java.base@21.0.5/java.util.concurrent.ThreadPoolExecutor.runWorker(ThreadPoolExecutor.java:1130)
        at java.base@21.0.5/java.util.concurrent.ThreadPoolExecutor$Worker.run(ThreadPoolExecutor.java:642)
        at java.base@21.0.5/java.lang.Thread.runWith(Thread.java:1596)
        at java.base@21.0.5/java.lang.Thread.run(Thread.java:1583)
"84b435bb-d41b-4758-bf48-ce9052c81d4a-DatanodeReportManager-0" daemon prio=5 tid=791 in Object.wait()
java.lang.Thread.State: WAITING (on object monitor)
        at java.base@21.0.5/jdk.internal.misc.Unsafe.park(Native Method)
        at java.base@21.0.5/java.util.concurrent.locks.LockSupport.park(LockSupport.java:371)
        at java.base@21.0.5/java.util.concurrent.locks.AbstractQueuedSynchronizer$ConditionNode.block(AbstractQueuedSynchronizer.java:519)
        at java.base@21.0.5/java.util.concurrent.ForkJoinPool.unmanagedBlock(ForkJoinPool.java:3780)
        at java.base@21.0.5/java.util.concurrent.ForkJoinPool.managedBlock(ForkJoinPool.java:3725)
        at java.base@21.0.5/java.util.concurrent.locks.AbstractQueuedSynchronizer$ConditionObject.await(AbstractQueuedSynchronizer.java:1712)
        at java.base@21.0.5/java.util.concurrent.ScheduledThreadPoolExecutor$DelayedWorkQueue.take(ScheduledThreadPoolExecutor.java:1177)
        at java.base@21.0.5/java.util.concurrent.ScheduledThreadPoolExecutor$DelayedWorkQueue.take(ScheduledThreadPoolExecutor.java:899)
        at java.base@21.0.5/java.util.concurrent.ThreadPoolExecutor.getTask(ThreadPoolExecutor.java:1070)
        at java.base@21.0.5/java.util.concurrent.ThreadPoolExecutor.runWorker(ThreadPoolExecutor.java:1130)
        at java.base@21.0.5/java.util.concurrent.ThreadPoolExecutor$Worker.run(ThreadPoolExecutor.java:642)
        at java.base@21.0.5/java.lang.Thread.runWith(Thread.java:1596)
        at java.base@21.0.5/java.lang.Thread.run(Thread.java:1583)
"IPC Server handler 53 on default port 15000" daemon prio=5 tid=174 timed_waiting
java.lang.Thread.State: TIMED_WAITING
        at java.base@21.0.5/jdk.internal.misc.Unsafe.park(Native Method)
        at java.base@21.0.5/java.util.concurrent.locks.LockSupport.parkNanos(LockSupport.java:269)
        at java.base@21.0.5/java.util.concurrent.locks.AbstractQueuedSynchronizer$ConditionObject.awaitNanos(AbstractQueuedSynchronizer.java:1763)
        at java.base@21.0.5/java.util.concurrent.LinkedBlockingQueue.poll(LinkedBlockingQueue.java:460)
        at app//org.apache.hadoop.ipc.CallQueueManager.take(CallQueueManager.java:370)
        at app//org.apache.hadoop.ipc.Server$Handler.run(Server.java:3165)
"fc60e07f-496f-42fe-ae82-620152583f87@group-13713B6C3E02-LeaderStateImpl" daemon prio=5 tid=1447 timed_waiting
java.lang.Thread.State: TIMED_WAITING
        at java.base@21.0.5/jdk.internal.misc.Unsafe.park(Native Method)
        at java.base@21.0.5/java.util.concurrent.locks.LockSupport.parkNanos(LockSupport.java:269)
        at java.base@21.0.5/java.util.concurrent.locks.AbstractQueuedSynchronizer$ConditionObject.awaitNanos(AbstractQueuedSynchronizer.java:1763)
        at java.base@21.0.5/java.util.concurrent.ArrayBlockingQueue.poll(ArrayBlockingQueue.java:435)
        at app//org.apache.ratis.server.impl.LeaderStateImpl$EventQueue.poll(LeaderStateImpl.java:164)
        at app//org.apache.ratis.server.impl.LeaderStateImpl$EventProcessor.run(LeaderStateImpl.java:763)
"Socket Reader #4 for port 15039"  prio=5 tid=2156 runnable
java.lang.Thread.State: RUNNABLE
        at java.base@21.0.5/sun.nio.ch.EPoll.wait(Native Method)
        at java.base@21.0.5/sun.nio.ch.EPollSelectorImpl.doSelect(EPollSelectorImpl.java:121)
        at java.base@21.0.5/sun.nio.ch.SelectorImpl.lockAndDoSelect(SelectorImpl.java:130)
        at java.base@21.0.5/sun.nio.ch.SelectorImpl.select(SelectorImpl.java:147)
        at app//org.apache.hadoop.ipc.Server$Listener$Reader.doRunLoop(Server.java:1497)
        at app//org.apache.hadoop.ipc.Server$Listener$Reader.run(Server.java:1476)
"IPC Server handler 1 on default port 15021" daemon prio=5 tid=595 timed_waiting
java.lang.Thread.State: TIMED_WAITING
        at java.base@21.0.5/jdk.internal.misc.Unsafe.park(Native Method)
        at java.base@21.0.5/java.util.concurrent.locks.LockSupport.parkNanos(LockSupport.java:269)
        at java.base@21.0.5/java.util.concurrent.locks.AbstractQueuedSynchronizer$ConditionObject.awaitNanos(AbstractQueuedSynchronizer.java:1763)
        at java.base@21.0.5/java.util.concurrent.LinkedBlockingQueue.poll(LinkedBlockingQueue.java:460)
        at app//org.apache.hadoop.ipc.CallQueueManager.take(CallQueueManager.java:370)
        at app//org.apache.hadoop.ipc.Server$Handler.run(Server.java:3165)
"IPC Server handler 11 on default port 15002" daemon prio=5 tid=350 timed_waiting
java.lang.Thread.State: TIMED_WAITING
        at java.base@21.0.5/jdk.internal.misc.Unsafe.park(Native Method)
        at java.base@21.0.5/java.util.concurrent.locks.LockSupport.parkNanos(LockSupport.java:269)
        at java.base@21.0.5/java.util.concurrent.locks.AbstractQueuedSynchronizer$ConditionObject.awaitNanos(AbstractQueuedSynchronizer.java:1763)
        at java.base@21.0.5/java.util.concurrent.LinkedBlockingQueue.poll(LinkedBlockingQueue.java:460)
        at app//org.apache.hadoop.ipc.CallQueueManager.take(CallQueueManager.java:370)
        at app//org.apache.hadoop.ipc.Server$Handler.run(Server.java:3165)
"StaleRecoveringContainerScrubbingService#1" daemon prio=5 tid=1108 in Object.wait()
java.lang.Thread.State: WAITING (on object monitor)
        at java.base@21.0.5/jdk.internal.misc.Unsafe.park(Native Method)
        at java.base@21.0.5/java.util.concurrent.locks.LockSupport.park(LockSupport.java:371)
        at java.base@21.0.5/java.util.concurrent.locks.AbstractQueuedSynchronizer$ConditionNode.block(AbstractQueuedSynchronizer.java:519)
        at java.base@21.0.5/java.util.concurrent.ForkJoinPool.unmanagedBlock(ForkJoinPool.java:3780)
        at java.base@21.0.5/java.util.concurrent.ForkJoinPool.managedBlock(ForkJoinPool.java:3725)
        at java.base@21.0.5/java.util.concurrent.locks.AbstractQueuedSynchronizer$ConditionObject.await(AbstractQueuedSynchronizer.java:1712)
        at java.base@21.0.5/java.util.concurrent.ScheduledThreadPoolExecutor$DelayedWorkQueue.take(ScheduledThreadPoolExecutor.java:1177)
        at java.base@21.0.5/java.util.concurrent.ScheduledThreadPoolExecutor$DelayedWorkQueue.take(ScheduledThreadPoolExecutor.java:899)
        at java.base@21.0.5/java.util.concurrent.ThreadPoolExecutor.getTask(ThreadPoolExecutor.java:1070)
        at java.base@21.0.5/java.util.concurrent.ThreadPoolExecutor.runWorker(ThreadPoolExecutor.java:1130)
        at java.base@21.0.5/java.util.concurrent.ThreadPoolExecutor$Worker.run(ThreadPoolExecutor.java:642)
        at java.base@21.0.5/java.lang.Thread.runWith(Thread.java:1596)
        at java.base@21.0.5/java.lang.Thread.run(Thread.java:1583)
"ac5cad44-c19c-4f65-867f-c0009d6f555c-BlockDeletingService#3" daemon prio=5 tid=2099 in Object.wait()
java.lang.Thread.State: WAITING (on object monitor)
        at java.base@21.0.5/jdk.internal.misc.Unsafe.park(Native Method)
        at java.base@21.0.5/java.util.concurrent.locks.LockSupport.park(LockSupport.java:371)
        at java.base@21.0.5/java.util.concurrent.locks.AbstractQueuedSynchronizer$ConditionNode.block(AbstractQueuedSynchronizer.java:519)
        at java.base@21.0.5/java.util.concurrent.ForkJoinPool.unmanagedBlock(ForkJoinPool.java:3780)
        at java.base@21.0.5/java.util.concurrent.ForkJoinPool.managedBlock(ForkJoinPool.java:3725)
        at java.base@21.0.5/java.util.concurrent.locks.AbstractQueuedSynchronizer$ConditionObject.await(AbstractQueuedSynchronizer.java:1712)
        at java.base@21.0.5/java.util.concurrent.ScheduledThreadPoolExecutor$DelayedWorkQueue.take(ScheduledThreadPoolExecutor.java:1177)
        at java.base@21.0.5/java.util.concurrent.ScheduledThreadPoolExecutor$DelayedWorkQueue.take(ScheduledThreadPoolExecutor.java:899)
        at java.base@21.0.5/java.util.concurrent.ThreadPoolExecutor.getTask(ThreadPoolExecutor.java:1070)
        at java.base@21.0.5/java.util.concurrent.ThreadPoolExecutor.runWorker(ThreadPoolExecutor.java:1130)
        at java.base@21.0.5/java.util.concurrent.ThreadPoolExecutor$Worker.run(ThreadPoolExecutor.java:642)
        at java.base@21.0.5/java.lang.Thread.runWith(Thread.java:1596)
        at java.base@21.0.5/java.lang.Thread.run(Thread.java:1583)
"pool-212-thread-1"  prio=5 tid=756 timed_waiting
java.lang.Thread.State: TIMED_WAITING
        at java.base@21.0.5/jdk.internal.misc.Unsafe.park(Native Method)
        at java.base@21.0.5/java.util.concurrent.locks.LockSupport.parkNanos(LockSupport.java:269)
        at java.base@21.0.5/java.util.concurrent.locks.AbstractQueuedSynchronizer$ConditionObject.awaitNanos(AbstractQueuedSynchronizer.java:1763)
        at java.base@21.0.5/java.util.concurrent.ScheduledThreadPoolExecutor$DelayedWorkQueue.take(ScheduledThreadPoolExecutor.java:1182)
        at java.base@21.0.5/java.util.concurrent.ScheduledThreadPoolExecutor$DelayedWorkQueue.take(ScheduledThreadPoolExecutor.java:899)
        at java.base@21.0.5/java.util.concurrent.ThreadPoolExecutor.getTask(ThreadPoolExecutor.java:1070)
        at java.base@21.0.5/java.util.concurrent.ThreadPoolExecutor.runWorker(ThreadPoolExecutor.java:1130)
        at java.base@21.0.5/java.util.concurrent.ThreadPoolExecutor$Worker.run(ThreadPoolExecutor.java:642)
        at java.base@21.0.5/java.lang.Thread.runWith(Thread.java:1596)
        at java.base@21.0.5/java.lang.Thread.run(Thread.java:1583)
"17963aff-71fe-4a8f-bd2e-c405ff93174f@group-28D9FDBBC208-SegmentedRaftLogWorker" daemon prio=5 tid=1336 timed_waiting
java.lang.Thread.State: TIMED_WAITING
        at java.base@21.0.5/jdk.internal.misc.Unsafe.park(Native Method)
        at java.base@21.0.5/java.util.concurrent.locks.LockSupport.parkNanos(LockSupport.java:269)
        at java.base@21.0.5/java.util.concurrent.locks.AbstractQueuedSynchronizer$ConditionObject.awaitNanos(AbstractQueuedSynchronizer.java:1763)
        at app//org.apache.ratis.util.DataBlockingQueue.poll(DataBlockingQueue.java:148)
        at app//org.apache.ratis.server.raftlog.segmented.SegmentedRaftLogWorker.run(SegmentedRaftLogWorker.java:307)
        at app//org.apache.ratis.server.raftlog.segmented.SegmentedRaftLogWorker$$Lambda/0x00007fcfe03376d0.run(Unknown Source)
        at java.base@21.0.5/java.util.concurrent.Executors$RunnableAdapter.call(Executors.java:572)
        at java.base@21.0.5/java.util.concurrent.FutureTask.run(FutureTask.java:317)
        at java.base@21.0.5/java.util.concurrent.ThreadPoolExecutor.runWorker(ThreadPoolExecutor.java:1144)
        at java.base@21.0.5/java.util.concurrent.ThreadPoolExecutor$Worker.run(ThreadPoolExecutor.java:642)
        at java.base@21.0.5/java.lang.Thread.runWith(Thread.java:1596)
        at java.base@21.0.5/java.lang.Thread.run(Thread.java:1583)
"IPC Server handler 31 on default port 15000" daemon prio=5 tid=152 timed_waiting
java.lang.Thread.State: TIMED_WAITING
        at java.base@21.0.5/jdk.internal.misc.Unsafe.park(Native Method)
        at java.base@21.0.5/java.util.concurrent.locks.LockSupport.parkNanos(LockSupport.java:269)
        at java.base@21.0.5/java.util.concurrent.locks.AbstractQueuedSynchronizer$ConditionObject.awaitNanos(AbstractQueuedSynchronizer.java:1763)
        at java.base@21.0.5/java.util.concurrent.LinkedBlockingQueue.poll(LinkedBlockingQueue.java:460)
        at app//org.apache.hadoop.ipc.CallQueueManager.take(CallQueueManager.java:370)
        at app//org.apache.hadoop.ipc.Server$Handler.run(Server.java:3165)
"IPC Server handler 63 on default port 15000" daemon prio=5 tid=184 timed_waiting
java.lang.Thread.State: TIMED_WAITING
        at java.base@21.0.5/jdk.internal.misc.Unsafe.park(Native Method)
        at java.base@21.0.5/java.util.concurrent.locks.LockSupport.parkNanos(LockSupport.java:269)
        at java.base@21.0.5/java.util.concurrent.locks.AbstractQueuedSynchronizer$ConditionObject.awaitNanos(AbstractQueuedSynchronizer.java:1763)
        at java.base@21.0.5/java.util.concurrent.LinkedBlockingQueue.poll(LinkedBlockingQueue.java:460)
        at app//org.apache.hadoop.ipc.CallQueueManager.take(CallQueueManager.java:370)
        at app//org.apache.hadoop.ipc.Server$Handler.run(Server.java:3165)
"IPC Server idle connection scanner for port 15006" daemon prio=5 tid=460 timed_waiting
java.lang.Thread.State: TIMED_WAITING
        at java.base@21.0.5/java.lang.Object.wait0(Native Method)
        at java.base@21.0.5/java.lang.Object.wait(Object.java:366)
        at java.base@21.0.5/java.util.TimerThread.mainLoop(Timer.java:563)
        at java.base@21.0.5/java.util.TimerThread.run(Timer.java:516)
"pool-187-thread-1"  prio=5 tid=710 timed_waiting
java.lang.Thread.State: TIMED_WAITING
        at java.base@21.0.5/jdk.internal.misc.Unsafe.park(Native Method)
        at java.base@21.0.5/java.util.concurrent.locks.LockSupport.parkNanos(LockSupport.java:269)
        at java.base@21.0.5/java.util.concurrent.locks.AbstractQueuedSynchronizer$ConditionObject.awaitNanos(AbstractQueuedSynchronizer.java:1763)
        at java.base@21.0.5/java.util.concurrent.ScheduledThreadPoolExecutor$DelayedWorkQueue.take(ScheduledThreadPoolExecutor.java:1182)
        at java.base@21.0.5/java.util.concurrent.ScheduledThreadPoolExecutor$DelayedWorkQueue.take(ScheduledThreadPoolExecutor.java:899)
        at java.base@21.0.5/java.util.concurrent.ThreadPoolExecutor.getTask(ThreadPoolExecutor.java:1070)
        at java.base@21.0.5/java.util.concurrent.ThreadPoolExecutor.runWorker(ThreadPoolExecutor.java:1130)
        at java.base@21.0.5/java.util.concurrent.ThreadPoolExecutor$Worker.run(ThreadPoolExecutor.java:642)
        at java.base@21.0.5/java.lang.Thread.runWith(Thread.java:1596)
        at java.base@21.0.5/java.lang.Thread.run(Thread.java:1583)
"Hadoop-Metrics-Updater-0" daemon prio=5 tid=2165 timed_waiting
java.lang.Thread.State: TIMED_WAITING
        at java.base@21.0.5/jdk.internal.misc.Unsafe.park(Native Method)
        at java.base@21.0.5/java.util.concurrent.locks.LockSupport.parkNanos(LockSupport.java:269)
        at java.base@21.0.5/java.util.concurrent.locks.AbstractQueuedSynchronizer$ConditionObject.awaitNanos(AbstractQueuedSynchronizer.java:1763)
        at java.base@21.0.5/java.util.concurrent.ScheduledThreadPoolExecutor$DelayedWorkQueue.take(ScheduledThreadPoolExecutor.java:1182)
        at java.base@21.0.5/java.util.concurrent.ScheduledThreadPoolExecutor$DelayedWorkQueue.take(ScheduledThreadPoolExecutor.java:899)
        at java.base@21.0.5/java.util.concurrent.ThreadPoolExecutor.getTask(ThreadPoolExecutor.java:1070)
        at java.base@21.0.5/java.util.concurrent.ThreadPoolExecutor.runWorker(ThreadPoolExecutor.java:1130)
        at java.base@21.0.5/java.util.concurrent.ThreadPoolExecutor$Worker.run(ThreadPoolExecutor.java:642)
        at java.base@21.0.5/java.lang.Thread.runWith(Thread.java:1596)
        at java.base@21.0.5/java.lang.Thread.run(Thread.java:1583)
"IPC Server handler 5 on default port 15039" daemon prio=5 tid=2171 timed_waiting
java.lang.Thread.State: TIMED_WAITING
        at java.base@21.0.5/jdk.internal.misc.Unsafe.park(Native Method)
        at java.base@21.0.5/java.util.concurrent.locks.LockSupport.parkNanos(LockSupport.java:269)
        at java.base@21.0.5/java.util.concurrent.locks.AbstractQueuedSynchronizer$ConditionObject.awaitNanos(AbstractQueuedSynchronizer.java:1763)
        at java.base@21.0.5/java.util.concurrent.LinkedBlockingQueue.poll(LinkedBlockingQueue.java:460)
        at app//org.apache.hadoop.ipc.CallQueueManager.take(CallQueueManager.java:370)
        at app//org.apache.hadoop.ipc.Server$Handler.run(Server.java:3165)
"qtp1811005420-982" daemon prio=5 tid=982 timed_waiting
java.lang.Thread.State: TIMED_WAITING
        at java.base@21.0.5/jdk.internal.misc.Unsafe.park(Native Method)
        at java.base@21.0.5/java.util.concurrent.locks.LockSupport.parkNanos(LockSupport.java:269)
        at java.base@21.0.5/java.util.concurrent.locks.AbstractQueuedSynchronizer$ConditionObject.awaitNanos(AbstractQueuedSynchronizer.java:1763)
        at app//org.eclipse.jetty.util.BlockingArrayQueue.poll(BlockingArrayQueue.java:382)
        at app//org.eclipse.jetty.util.thread.QueuedThreadPool$Runner.idleJobPoll(QueuedThreadPool.java:974)
        at app//org.eclipse.jetty.util.thread.QueuedThreadPool$Runner.run(QueuedThreadPool.java:1018)
        at java.base@21.0.5/java.lang.Thread.runWith(Thread.java:1596)
        at java.base@21.0.5/java.lang.Thread.run(Thread.java:1583)
"JvmPauseMonitor9" daemon prio=5 tid=1103 timed_waiting
java.lang.Thread.State: TIMED_WAITING
        at java.base@21.0.5/java.lang.Thread.sleep0(Native Method)
        at java.base@21.0.5/java.lang.Thread.sleep(Thread.java:558)
        at java.base@21.0.5/java.util.concurrent.TimeUnit.sleep(TimeUnit.java:446)
        at app//org.apache.ratis.util.TimeDuration.sleep(TimeDuration.java:353)
        at app//org.apache.ratis.util.TimeDuration.sleep(TimeDuration.java:338)
        at app//org.apache.ratis.util.JvmPauseMonitor.detectPause(JvmPauseMonitor.java:160)
        at app//org.apache.ratis.util.JvmPauseMonitor.run(JvmPauseMonitor.java:149)
        at app//org.apache.ratis.util.JvmPauseMonitor$$Lambda/0x00007fcfe0390000.run(Unknown Source)
        at java.base@21.0.5/java.lang.Thread.runWith(Thread.java:1596)
        at java.base@21.0.5/java.lang.Thread.run(Thread.java:1583)
"Signal Dispatcher" daemon prio=9 tid=11 runnable
java.lang.Thread.State: RUNNABLE
"IPC Server handler 8 on default port 15084" daemon prio=5 tid=964 timed_waiting
java.lang.Thread.State: TIMED_WAITING
        at java.base@21.0.5/jdk.internal.misc.Unsafe.park(Native Method)
        at java.base@21.0.5/java.util.concurrent.locks.LockSupport.parkNanos(LockSupport.java:269)
        at java.base@21.0.5/java.util.concurrent.locks.AbstractQueuedSynchronizer$ConditionObject.awaitNanos(AbstractQueuedSynchronizer.java:1763)
        at java.base@21.0.5/java.util.concurrent.LinkedBlockingQueue.poll(LinkedBlockingQueue.java:460)
        at app//org.apache.hadoop.ipc.CallQueueManager.take(CallQueueManager.java:370)
        at app//org.apache.hadoop.ipc.Server$Handler.run(Server.java:3165)
"pool-87-thread-1"  prio=5 tid=524 timed_waiting
java.lang.Thread.State: TIMED_WAITING
        at java.base@21.0.5/jdk.internal.misc.Unsafe.park(Native Method)
        at java.base@21.0.5/java.util.concurrent.locks.LockSupport.parkNanos(LockSupport.java:269)
        at java.base@21.0.5/java.util.concurrent.locks.AbstractQueuedSynchronizer$ConditionObject.awaitNanos(AbstractQueuedSynchronizer.java:1763)
        at java.base@21.0.5/java.util.concurrent.ScheduledThreadPoolExecutor$DelayedWorkQueue.take(ScheduledThreadPoolExecutor.java:1182)
        at java.base@21.0.5/java.util.concurrent.ScheduledThreadPoolExecutor$DelayedWorkQueue.take(ScheduledThreadPoolExecutor.java:899)
        at java.base@21.0.5/java.util.concurrent.ThreadPoolExecutor.getTask(ThreadPoolExecutor.java:1070)
        at java.base@21.0.5/java.util.concurrent.ThreadPoolExecutor.runWorker(ThreadPoolExecutor.java:1130)
        at java.base@21.0.5/java.util.concurrent.ThreadPoolExecutor$Worker.run(ThreadPoolExecutor.java:642)
        at java.base@21.0.5/java.lang.Thread.runWith(Thread.java:1596)
        at java.base@21.0.5/java.lang.Thread.run(Thread.java:1583)
"7c84fc52-fa7b-40d9-a19c-d4e4c83c5fa3@group-DC6777C4EFF8-LeaderStateImpl" daemon prio=5 tid=1380 timed_waiting
java.lang.Thread.State: TIMED_WAITING
        at java.base@21.0.5/jdk.internal.misc.Unsafe.park(Native Method)
        at java.base@21.0.5/java.util.concurrent.locks.LockSupport.parkNanos(LockSupport.java:269)
        at java.base@21.0.5/java.util.concurrent.locks.AbstractQueuedSynchronizer$ConditionObject.awaitNanos(AbstractQueuedSynchronizer.java:1763)
        at java.base@21.0.5/java.util.concurrent.ArrayBlockingQueue.poll(ArrayBlockingQueue.java:435)
        at app//org.apache.ratis.server.impl.LeaderStateImpl$EventQueue.poll(LeaderStateImpl.java:164)
        at app//org.apache.ratis.server.impl.LeaderStateImpl$EventProcessor.run(LeaderStateImpl.java:763)
"9c1aee78-f037-4e17-b985-0daab5eaf154-DatanodeStateMachineTaskThread-1"  prio=5 tid=1091 in Object.wait()
java.lang.Thread.State: WAITING (on object monitor)
        at java.base@21.0.5/jdk.internal.misc.Unsafe.park(Native Method)
        at java.base@21.0.5/java.util.concurrent.locks.LockSupport.park(LockSupport.java:371)
        at java.base@21.0.5/java.util.concurrent.locks.AbstractQueuedSynchronizer$ConditionNode.block(AbstractQueuedSynchronizer.java:519)
        at java.base@21.0.5/java.util.concurrent.ForkJoinPool.unmanagedBlock(ForkJoinPool.java:3780)
        at java.base@21.0.5/java.util.concurrent.ForkJoinPool.managedBlock(ForkJoinPool.java:3725)
        at java.base@21.0.5/java.util.concurrent.locks.AbstractQueuedSynchronizer$ConditionObject.await(AbstractQueuedSynchronizer.java:1712)
        at java.base@21.0.5/java.util.concurrent.LinkedBlockingQueue.take(LinkedBlockingQueue.java:435)
        at java.base@21.0.5/java.util.concurrent.ThreadPoolExecutor.getTask(ThreadPoolExecutor.java:1070)
        at java.base@21.0.5/java.util.concurrent.ThreadPoolExecutor.runWorker(ThreadPoolExecutor.java:1130)
        at java.base@21.0.5/java.util.concurrent.ThreadPoolExecutor$Worker.run(ThreadPoolExecutor.java:642)
        at java.base@21.0.5/java.lang.Thread.runWith(Thread.java:1596)
        at java.base@21.0.5/java.lang.Thread.run(Thread.java:1583)
"om1-DirectoryDeletingService#9" daemon prio=5 tid=487 in Object.wait()
java.lang.Thread.State: WAITING (on object monitor)
        at java.base@21.0.5/jdk.internal.misc.Unsafe.park(Native Method)
        at java.base@21.0.5/java.util.concurrent.locks.LockSupport.park(LockSupport.java:371)
        at java.base@21.0.5/java.util.concurrent.locks.AbstractQueuedSynchronizer$ConditionNode.block(AbstractQueuedSynchronizer.java:519)
        at java.base@21.0.5/java.util.concurrent.ForkJoinPool.unmanagedBlock(ForkJoinPool.java:3780)
        at java.base@21.0.5/java.util.concurrent.ForkJoinPool.managedBlock(ForkJoinPool.java:3725)
        at java.base@21.0.5/java.util.concurrent.locks.AbstractQueuedSynchronizer$ConditionObject.await(AbstractQueuedSynchronizer.java:1712)
        at java.base@21.0.5/java.util.concurrent.ScheduledThreadPoolExecutor$DelayedWorkQueue.take(ScheduledThreadPoolExecutor.java:1177)
        at java.base@21.0.5/java.util.concurrent.ScheduledThreadPoolExecutor$DelayedWorkQueue.take(ScheduledThreadPoolExecutor.java:899)
        at java.base@21.0.5/java.util.concurrent.ThreadPoolExecutor.getTask(ThreadPoolExecutor.java:1070)
        at java.base@21.0.5/java.util.concurrent.ThreadPoolExecutor.runWorker(ThreadPoolExecutor.java:1130)
        at java.base@21.0.5/java.util.concurrent.ThreadPoolExecutor$Worker.run(ThreadPoolExecutor.java:642)
        at java.base@21.0.5/java.lang.Thread.runWith(Thread.java:1596)
        at java.base@21.0.5/java.lang.Thread.run(Thread.java:1583)
"d1093f6a-6992-456d-ac47-966fa1bbc12e-CloseContainerThread-1"  prio=5 tid=1819 in Object.wait()
java.lang.Thread.State: WAITING (on object monitor)
        at java.base@21.0.5/jdk.internal.misc.Unsafe.park(Native Method)
        at java.base@21.0.5/java.util.concurrent.locks.LockSupport.park(LockSupport.java:371)
        at java.base@21.0.5/java.util.concurrent.locks.AbstractQueuedSynchronizer$ConditionNode.block(AbstractQueuedSynchronizer.java:519)
        at java.base@21.0.5/java.util.concurrent.ForkJoinPool.unmanagedBlock(ForkJoinPool.java:3780)
        at java.base@21.0.5/java.util.concurrent.ForkJoinPool.managedBlock(ForkJoinPool.java:3725)
        at java.base@21.0.5/java.util.concurrent.locks.AbstractQueuedSynchronizer$ConditionObject.await(AbstractQueuedSynchronizer.java:1712)
        at java.base@21.0.5/java.util.concurrent.LinkedBlockingQueue.take(LinkedBlockingQueue.java:435)
        at java.base@21.0.5/java.util.concurrent.ThreadPoolExecutor.getTask(ThreadPoolExecutor.java:1070)
        at java.base@21.0.5/java.util.concurrent.ThreadPoolExecutor.runWorker(ThreadPoolExecutor.java:1130)
        at java.base@21.0.5/java.util.concurrent.ThreadPoolExecutor$Worker.run(ThreadPoolExecutor.java:642)
        at java.base@21.0.5/java.lang.Thread.runWith(Thread.java:1596)
        at java.base@21.0.5/java.lang.Thread.run(Thread.java:1583)
"69390d8a-021c-44b7-9fe5-c9855a0c5aa1-BlockDeletingService#1" daemon prio=5 tid=1133 in Object.wait()
java.lang.Thread.State: WAITING (on object monitor)
        at java.base@21.0.5/jdk.internal.misc.Unsafe.park(Native Method)
        at java.base@21.0.5/java.util.concurrent.locks.LockSupport.park(LockSupport.java:371)
        at java.base@21.0.5/java.util.concurrent.locks.AbstractQueuedSynchronizer$ConditionNode.block(AbstractQueuedSynchronizer.java:519)
        at java.base@21.0.5/java.util.concurrent.ForkJoinPool.unmanagedBlock(ForkJoinPool.java:3780)
        at java.base@21.0.5/java.util.concurrent.ForkJoinPool.managedBlock(ForkJoinPool.java:3725)
        at java.base@21.0.5/java.util.concurrent.locks.AbstractQueuedSynchronizer$ConditionObject.await(AbstractQueuedSynchronizer.java:1712)
        at java.base@21.0.5/java.util.concurrent.ScheduledThreadPoolExecutor$DelayedWorkQueue.take(ScheduledThreadPoolExecutor.java:1177)
        at java.base@21.0.5/java.util.concurrent.ScheduledThreadPoolExecutor$DelayedWorkQueue.take(ScheduledThreadPoolExecutor.java:899)
        at java.base@21.0.5/java.util.concurrent.ThreadPoolExecutor.getTask(ThreadPoolExecutor.java:1070)
        at java.base@21.0.5/java.util.concurrent.ThreadPoolExecutor.runWorker(ThreadPoolExecutor.java:1130)
        at java.base@21.0.5/java.util.concurrent.ThreadPoolExecutor$Worker.run(ThreadPoolExecutor.java:642)
        at java.base@21.0.5/java.lang.Thread.runWith(Thread.java:1596)
        at java.base@21.0.5/java.lang.Thread.run(Thread.java:1583)
"FixedThreadPoolWithAffinityExecutor-4-0" daemon prio=5 tid=107 timed_waiting
java.lang.Thread.State: TIMED_WAITING
        at java.base@21.0.5/jdk.internal.misc.Unsafe.park(Native Method)
        at java.base@21.0.5/java.util.concurrent.locks.LockSupport.parkNanos(LockSupport.java:269)
        at java.base@21.0.5/java.util.concurrent.locks.AbstractQueuedSynchronizer$ConditionObject.awaitNanos(AbstractQueuedSynchronizer.java:1763)
        at java.base@21.0.5/java.util.concurrent.LinkedBlockingQueue.poll(LinkedBlockingQueue.java:460)
        at app//org.apache.hadoop.hdds.scm.server.ContainerReportQueue.poll(ContainerReportQueue.java:269)
        at app//org.apache.hadoop.hdds.scm.server.ContainerReportQueue.poll(ContainerReportQueue.java:42)
        at app//org.apache.hadoop.hdds.server.events.FixedThreadPoolWithAffinityExecutor$ContainerReportProcessTask.run(FixedThreadPoolWithAffinityExecutor.java:253)
        at java.base@21.0.5/java.util.concurrent.Executors$RunnableAdapter.call(Executors.java:572)
        at java.base@21.0.5/java.util.concurrent.FutureTask.run(FutureTask.java:317)
        at java.base@21.0.5/java.util.concurrent.ThreadPoolExecutor.runWorker(ThreadPoolExecutor.java:1144)
        at java.base@21.0.5/java.util.concurrent.ThreadPoolExecutor$Worker.run(ThreadPoolExecutor.java:642)
        at java.base@21.0.5/java.lang.Thread.runWith(Thread.java:1596)
        at java.base@21.0.5/java.lang.Thread.run(Thread.java:1583)
"om1-client-thread1" daemon prio=5 tid=1413 timed_waiting
java.lang.Thread.State: TIMED_WAITING
        at java.base@21.0.5/jdk.internal.misc.Unsafe.park(Native Method)
        at java.base@21.0.5/java.util.concurrent.locks.LockSupport.parkNanos(LockSupport.java:410)
        at java.base@21.0.5/java.util.concurrent.LinkedTransferQueue$DualNode.await(LinkedTransferQueue.java:452)
        at java.base@21.0.5/java.util.concurrent.SynchronousQueue$Transferer.xferLifo(SynchronousQueue.java:194)
        at java.base@21.0.5/java.util.concurrent.SynchronousQueue.xfer(SynchronousQueue.java:235)
        at java.base@21.0.5/java.util.concurrent.SynchronousQueue.poll(SynchronousQueue.java:338)
        at java.base@21.0.5/java.util.concurrent.ThreadPoolExecutor.getTask(ThreadPoolExecutor.java:1069)
        at java.base@21.0.5/java.util.concurrent.ThreadPoolExecutor.runWorker(ThreadPoolExecutor.java:1130)
        at java.base@21.0.5/java.util.concurrent.ThreadPoolExecutor$Worker.run(ThreadPoolExecutor.java:642)
        at java.base@21.0.5/java.lang.Thread.runWith(Thread.java:1596)
        at java.base@21.0.5/java.lang.Thread.run(Thread.java:1583)
"84b435bb-d41b-4758-bf48-ce9052c81d4a-CloseContainerThread-1"  prio=5 tid=2253 in Object.wait()
java.lang.Thread.State: WAITING (on object monitor)
        at java.base@21.0.5/jdk.internal.misc.Unsafe.park(Native Method)
        at java.base@21.0.5/java.util.concurrent.locks.LockSupport.park(LockSupport.java:371)
        at java.base@21.0.5/java.util.concurrent.locks.AbstractQueuedSynchronizer$ConditionNode.block(AbstractQueuedSynchronizer.java:519)
        at java.base@21.0.5/java.util.concurrent.ForkJoinPool.unmanagedBlock(ForkJoinPool.java:3780)
        at java.base@21.0.5/java.util.concurrent.ForkJoinPool.managedBlock(ForkJoinPool.java:3725)
        at java.base@21.0.5/java.util.concurrent.locks.AbstractQueuedSynchronizer$ConditionObject.await(AbstractQueuedSynchronizer.java:1712)
        at java.base@21.0.5/java.util.concurrent.LinkedBlockingQueue.take(LinkedBlockingQueue.java:435)
        at java.base@21.0.5/java.util.concurrent.ThreadPoolExecutor.getTask(ThreadPoolExecutor.java:1070)
        at java.base@21.0.5/java.util.concurrent.ThreadPoolExecutor.runWorker(ThreadPoolExecutor.java:1130)
        at java.base@21.0.5/java.util.concurrent.ThreadPoolExecutor$Worker.run(ThreadPoolExecutor.java:642)
        at java.base@21.0.5/java.lang.Thread.runWith(Thread.java:1596)
        at java.base@21.0.5/java.lang.Thread.run(Thread.java:1583)
"timer2" daemon prio=5 tid=1366 timed_waiting
java.lang.Thread.State: TIMED_WAITING
        at java.base@21.0.5/java.lang.Object.wait0(Native Method)
        at java.base@21.0.5/java.lang.Object.wait(Object.java:366)
        at java.base@21.0.5/java.util.TimerThread.mainLoop(Timer.java:563)
        at java.base@21.0.5/java.util.TimerThread.run(Timer.java:516)
"IPC Server handler 35 on default port 15002" daemon prio=5 tid=374 timed_waiting
java.lang.Thread.State: TIMED_WAITING
        at java.base@21.0.5/jdk.internal.misc.Unsafe.park(Native Method)
        at java.base@21.0.5/java.util.concurrent.locks.LockSupport.parkNanos(LockSupport.java:269)
        at java.base@21.0.5/java.util.concurrent.locks.AbstractQueuedSynchronizer$ConditionObject.awaitNanos(AbstractQueuedSynchronizer.java:1763)
        at java.base@21.0.5/java.util.concurrent.LinkedBlockingQueue.poll(LinkedBlockingQueue.java:460)
        at app//org.apache.hadoop.ipc.CallQueueManager.take(CallQueueManager.java:370)
        at app//org.apache.hadoop.ipc.Server$Handler.run(Server.java:3165)
"IPC Server handler 9 on default port 15012" daemon prio=5 tid=557 timed_waiting
java.lang.Thread.State: TIMED_WAITING
        at java.base@21.0.5/jdk.internal.misc.Unsafe.park(Native Method)
        at java.base@21.0.5/java.util.concurrent.locks.LockSupport.parkNanos(LockSupport.java:269)
        at java.base@21.0.5/java.util.concurrent.locks.AbstractQueuedSynchronizer$ConditionObject.awaitNanos(AbstractQueuedSynchronizer.java:1763)
        at java.base@21.0.5/java.util.concurrent.LinkedBlockingQueue.poll(LinkedBlockingQueue.java:460)
        at app//org.apache.hadoop.ipc.CallQueueManager.take(CallQueueManager.java:370)
        at app//org.apache.hadoop.ipc.Server$Handler.run(Server.java:3165)
"fc60e07f-496f-42fe-ae82-620152583f87@group-13713B6C3E02-SegmentedRaftLogWorker" daemon prio=5 tid=1270 timed_waiting
java.lang.Thread.State: TIMED_WAITING
        at java.base@21.0.5/jdk.internal.misc.Unsafe.park(Native Method)
        at java.base@21.0.5/java.util.concurrent.locks.LockSupport.parkNanos(LockSupport.java:269)
        at java.base@21.0.5/java.util.concurrent.locks.AbstractQueuedSynchronizer$ConditionObject.awaitNanos(AbstractQueuedSynchronizer.java:1763)
        at app//org.apache.ratis.util.DataBlockingQueue.poll(DataBlockingQueue.java:148)
        at app//org.apache.ratis.server.raftlog.segmented.SegmentedRaftLogWorker.run(SegmentedRaftLogWorker.java:307)
        at app//org.apache.ratis.server.raftlog.segmented.SegmentedRaftLogWorker$$Lambda/0x00007fcfe03376d0.run(Unknown Source)
        at java.base@21.0.5/java.util.concurrent.Executors$RunnableAdapter.call(Executors.java:572)
        at java.base@21.0.5/java.util.concurrent.FutureTask.run(FutureTask.java:317)
        at java.base@21.0.5/java.util.concurrent.ThreadPoolExecutor.runWorker(ThreadPoolExecutor.java:1144)
        at java.base@21.0.5/java.util.concurrent.ThreadPoolExecutor$Worker.run(ThreadPoolExecutor.java:642)
        at java.base@21.0.5/java.lang.Thread.runWith(Thread.java:1596)
        at java.base@21.0.5/java.lang.Thread.run(Thread.java:1583)
"IPC Server handler 67 on default port 15002" daemon prio=5 tid=406 timed_waiting
java.lang.Thread.State: TIMED_WAITING
        at java.base@21.0.5/jdk.internal.misc.Unsafe.park(Native Method)
        at java.base@21.0.5/java.util.concurrent.locks.LockSupport.parkNanos(LockSupport.java:269)
        at java.base@21.0.5/java.util.concurrent.locks.AbstractQueuedSynchronizer$ConditionObject.awaitNanos(AbstractQueuedSynchronizer.java:1763)
        at java.base@21.0.5/java.util.concurrent.LinkedBlockingQueue.poll(LinkedBlockingQueue.java:460)
        at app//org.apache.hadoop.ipc.CallQueueManager.take(CallQueueManager.java:370)
        at app//org.apache.hadoop.ipc.Server$Handler.run(Server.java:3165)
"7c84fc52-fa7b-40d9-a19c-d4e4c83c5fa3-PipelineCommandHandlerThread-0"  prio=5 tid=1188 in Object.wait()
java.lang.Thread.State: WAITING (on object monitor)
        at java.base@21.0.5/jdk.internal.misc.Unsafe.park(Native Method)
        at java.base@21.0.5/java.util.concurrent.locks.LockSupport.park(LockSupport.java:371)
        at java.base@21.0.5/java.util.concurrent.locks.AbstractQueuedSynchronizer$ConditionNode.block(AbstractQueuedSynchronizer.java:519)
        at java.base@21.0.5/java.util.concurrent.ForkJoinPool.unmanagedBlock(ForkJoinPool.java:3780)
        at java.base@21.0.5/java.util.concurrent.ForkJoinPool.managedBlock(ForkJoinPool.java:3725)
        at java.base@21.0.5/java.util.concurrent.locks.AbstractQueuedSynchronizer$ConditionObject.await(AbstractQueuedSynchronizer.java:1712)
        at java.base@21.0.5/java.util.concurrent.LinkedBlockingQueue.take(LinkedBlockingQueue.java:435)
        at java.base@21.0.5/java.util.concurrent.ThreadPoolExecutor.getTask(ThreadPoolExecutor.java:1070)
        at java.base@21.0.5/java.util.concurrent.ThreadPoolExecutor.runWorker(ThreadPoolExecutor.java:1130)
        at java.base@21.0.5/java.util.concurrent.ThreadPoolExecutor$Worker.run(ThreadPoolExecutor.java:642)
        at java.base@21.0.5/java.lang.Thread.runWith(Thread.java:1596)
        at java.base@21.0.5/java.lang.Thread.run(Thread.java:1583)
"IPC Server handler 19 on default port 15000" daemon prio=5 tid=140 timed_waiting
java.lang.Thread.State: TIMED_WAITING
        at java.base@21.0.5/jdk.internal.misc.Unsafe.park(Native Method)
        at java.base@21.0.5/java.util.concurrent.locks.LockSupport.parkNanos(LockSupport.java:269)
        at java.base@21.0.5/java.util.concurrent.locks.AbstractQueuedSynchronizer$ConditionObject.awaitNanos(AbstractQueuedSynchronizer.java:1763)
        at java.base@21.0.5/java.util.concurrent.LinkedBlockingQueue.poll(LinkedBlockingQueue.java:460)
        at app//org.apache.hadoop.ipc.CallQueueManager.take(CallQueueManager.java:370)
        at app//org.apache.hadoop.ipc.Server$Handler.run(Server.java:3165)
"ContainerMetadataScanner" daemon prio=5 tid=1122 timed_waiting
java.lang.Thread.State: TIMED_WAITING
        at java.base@21.0.5/java.lang.Thread.sleep0(Native Method)
        at java.base@21.0.5/java.lang.Thread.sleep(Thread.java:509)
        at app//org.apache.hadoop.ozone.container.ozoneimpl.AbstractBackgroundContainerScanner.handleRemainingSleep(AbstractBackgroundContainerScanner.java:131)
        at app//org.apache.hadoop.ozone.container.ozoneimpl.AbstractBackgroundContainerScanner.runIteration(AbstractBackgroundContainerScanner.java:98)
        at app//org.apache.hadoop.ozone.container.ozoneimpl.AbstractBackgroundContainerScanner.run(AbstractBackgroundContainerScanner.java:57)
"IPC Server handler 34 on default port 15002" daemon prio=5 tid=373 timed_waiting
java.lang.Thread.State: TIMED_WAITING
        at java.base@21.0.5/jdk.internal.misc.Unsafe.park(Native Method)
        at java.base@21.0.5/java.util.concurrent.locks.LockSupport.parkNanos(LockSupport.java:269)
        at java.base@21.0.5/java.util.concurrent.locks.AbstractQueuedSynchronizer$ConditionObject.awaitNanos(AbstractQueuedSynchronizer.java:1763)
        at java.base@21.0.5/java.util.concurrent.LinkedBlockingQueue.poll(LinkedBlockingQueue.java:460)
        at app//org.apache.hadoop.ipc.CallQueueManager.take(CallQueueManager.java:370)
        at app//org.apache.hadoop.ipc.Server$Handler.run(Server.java:3165)
"9c1aee78-f037-4e17-b985-0daab5eaf154@group-9167B95FD813->69390d8a-021c-44b7-9fe5-c9855a0c5aa1-GrpcLogAppender-LogAppenderDaemon" daemon prio=5 tid=1478 timed_waiting
java.lang.Thread.State: TIMED_WAITING
        at java.base@21.0.5/jdk.internal.misc.Unsafe.park(Native Method)
        at java.base@21.0.5/java.util.concurrent.locks.LockSupport.parkNanos(LockSupport.java:269)
        at java.base@21.0.5/java.util.concurrent.locks.AbstractQueuedSynchronizer$ConditionObject.await(AbstractQueuedSynchronizer.java:1852)
        at app//org.apache.ratis.util.AwaitForSignal.await(AwaitForSignal.java:65)
        at app//org.apache.ratis.grpc.server.GrpcLogAppender.mayWait(GrpcLogAppender.java:290)
        at app//org.apache.ratis.grpc.server.GrpcLogAppender.run(GrpcLogAppender.java:258)
        at app//org.apache.ratis.server.leader.LogAppenderDaemon.run(LogAppenderDaemon.java:80)
        at app//org.apache.ratis.server.leader.LogAppenderDaemon$$Lambda/0x00007fcfe093e000.run(Unknown Source)
        at java.base@21.0.5/java.lang.Thread.runWith(Thread.java:1596)
        at java.base@21.0.5/java.lang.Thread.run(Thread.java:1583)
"pool-294-thread-1"  prio=5 tid=916 timed_waiting
java.lang.Thread.State: TIMED_WAITING
        at java.base@21.0.5/jdk.internal.misc.Unsafe.park(Native Method)
        at java.base@21.0.5/java.util.concurrent.locks.LockSupport.parkNanos(LockSupport.java:269)
        at java.base@21.0.5/java.util.concurrent.locks.AbstractQueuedSynchronizer$ConditionObject.awaitNanos(AbstractQueuedSynchronizer.java:1763)
        at java.base@21.0.5/java.util.concurrent.ScheduledThreadPoolExecutor$DelayedWorkQueue.take(ScheduledThreadPoolExecutor.java:1182)
        at java.base@21.0.5/java.util.concurrent.ScheduledThreadPoolExecutor$DelayedWorkQueue.take(ScheduledThreadPoolExecutor.java:899)
        at java.base@21.0.5/java.util.concurrent.ThreadPoolExecutor.getTask(ThreadPoolExecutor.java:1070)
        at java.base@21.0.5/java.util.concurrent.ThreadPoolExecutor.runWorker(ThreadPoolExecutor.java:1130)
        at java.base@21.0.5/java.util.concurrent.ThreadPoolExecutor$Worker.run(ThreadPoolExecutor.java:642)
        at java.base@21.0.5/java.lang.Thread.runWith(Thread.java:1596)
        at java.base@21.0.5/java.lang.Thread.run(Thread.java:1583)
"84b435bb-d41b-4758-bf48-ce9052c81d4a@group-B7A299DC54EF-SegmentedRaftLogWorker" daemon prio=5 tid=1282 timed_waiting
java.lang.Thread.State: TIMED_WAITING
        at java.base@21.0.5/jdk.internal.misc.Unsafe.park(Native Method)
        at java.base@21.0.5/java.util.concurrent.locks.LockSupport.parkNanos(LockSupport.java:269)
        at java.base@21.0.5/java.util.concurrent.locks.AbstractQueuedSynchronizer$ConditionObject.awaitNanos(AbstractQueuedSynchronizer.java:1763)
        at app//org.apache.ratis.util.DataBlockingQueue.poll(DataBlockingQueue.java:148)
        at app//org.apache.ratis.server.raftlog.segmented.SegmentedRaftLogWorker.run(SegmentedRaftLogWorker.java:307)
        at app//org.apache.ratis.server.raftlog.segmented.SegmentedRaftLogWorker$$Lambda/0x00007fcfe03376d0.run(Unknown Source)
        at java.base@21.0.5/java.util.concurrent.Executors$RunnableAdapter.call(Executors.java:572)
        at java.base@21.0.5/java.util.concurrent.FutureTask.run(FutureTask.java:317)
        at java.base@21.0.5/java.util.concurrent.ThreadPoolExecutor.runWorker(ThreadPoolExecutor.java:1144)
        at java.base@21.0.5/java.util.concurrent.ThreadPoolExecutor$Worker.run(ThreadPoolExecutor.java:642)
        at java.base@21.0.5/java.lang.Thread.runWith(Thread.java:1596)
        at java.base@21.0.5/java.lang.Thread.run(Thread.java:1583)
"d1093f6a-6992-456d-ac47-966fa1bbc12e-BlockDeletingService#1" daemon prio=5 tid=1957 timed_waiting
java.lang.Thread.State: TIMED_WAITING
        at java.base@21.0.5/jdk.internal.misc.Unsafe.park(Native Method)
        at java.base@21.0.5/java.util.concurrent.locks.LockSupport.parkNanos(LockSupport.java:269)
        at java.base@21.0.5/java.util.concurrent.locks.AbstractQueuedSynchronizer$ConditionObject.awaitNanos(AbstractQueuedSynchronizer.java:1763)
        at java.base@21.0.5/java.util.concurrent.ScheduledThreadPoolExecutor$DelayedWorkQueue.take(ScheduledThreadPoolExecutor.java:1182)
        at java.base@21.0.5/java.util.concurrent.ScheduledThreadPoolExecutor$DelayedWorkQueue.take(ScheduledThreadPoolExecutor.java:899)
        at java.base@21.0.5/java.util.concurrent.ThreadPoolExecutor.getTask(ThreadPoolExecutor.java:1070)
        at java.base@21.0.5/java.util.concurrent.ThreadPoolExecutor.runWorker(ThreadPoolExecutor.java:1130)
        at java.base@21.0.5/java.util.concurrent.ThreadPoolExecutor$Worker.run(ThreadPoolExecutor.java:642)
        at java.base@21.0.5/java.lang.Thread.runWith(Thread.java:1596)
        at java.base@21.0.5/java.lang.Thread.run(Thread.java:1583)
"84b435bb-d41b-4758-bf48-ce9052c81d4a-ContainerOp-8ef3bc64-5854-4584-910e-a7184706d343-0"  prio=5 tid=1451 in Object.wait()
java.lang.Thread.State: WAITING (on object monitor)
        at java.base@21.0.5/jdk.internal.misc.Unsafe.park(Native Method)
        at java.base@21.0.5/java.util.concurrent.locks.LockSupport.park(LockSupport.java:371)
        at java.base@21.0.5/java.util.concurrent.locks.AbstractQueuedSynchronizer$ConditionNode.block(AbstractQueuedSynchronizer.java:519)
        at java.base@21.0.5/java.util.concurrent.ForkJoinPool.unmanagedBlock(ForkJoinPool.java:3780)
        at java.base@21.0.5/java.util.concurrent.ForkJoinPool.managedBlock(ForkJoinPool.java:3725)
        at java.base@21.0.5/java.util.concurrent.locks.AbstractQueuedSynchronizer$ConditionObject.await(AbstractQueuedSynchronizer.java:1712)
        at java.base@21.0.5/java.util.concurrent.LinkedBlockingQueue.take(LinkedBlockingQueue.java:435)
        at java.base@21.0.5/java.util.concurrent.ThreadPoolExecutor.getTask(ThreadPoolExecutor.java:1070)
        at java.base@21.0.5/java.util.concurrent.ThreadPoolExecutor.runWorker(ThreadPoolExecutor.java:1130)
        at java.base@21.0.5/java.util.concurrent.ThreadPoolExecutor$Worker.run(ThreadPoolExecutor.java:642)
        at java.base@21.0.5/java.lang.Thread.runWith(Thread.java:1596)
        at java.base@21.0.5/java.lang.Thread.run(Thread.java:1583)
"84b435bb-d41b-4758-bf48-ce9052c81d4a@group-A7184706D343-SegmentedRaftLogWorker" daemon prio=5 tid=1251 timed_waiting
java.lang.Thread.State: TIMED_WAITING
        at java.base@21.0.5/jdk.internal.misc.Unsafe.park(Native Method)
        at java.base@21.0.5/java.util.concurrent.locks.LockSupport.parkNanos(LockSupport.java:269)
        at java.base@21.0.5/java.util.concurrent.locks.AbstractQueuedSynchronizer$ConditionObject.awaitNanos(AbstractQueuedSynchronizer.java:1763)
        at app//org.apache.ratis.util.DataBlockingQueue.poll(DataBlockingQueue.java:148)
        at app//org.apache.ratis.server.raftlog.segmented.SegmentedRaftLogWorker.run(SegmentedRaftLogWorker.java:307)
        at app//org.apache.ratis.server.raftlog.segmented.SegmentedRaftLogWorker$$Lambda/0x00007fcfe03376d0.run(Unknown Source)
        at java.base@21.0.5/java.util.concurrent.Executors$RunnableAdapter.call(Executors.java:572)
        at java.base@21.0.5/java.util.concurrent.FutureTask.run(FutureTask.java:317)
        at java.base@21.0.5/java.util.concurrent.ThreadPoolExecutor.runWorker(ThreadPoolExecutor.java:1144)
        at java.base@21.0.5/java.util.concurrent.ThreadPoolExecutor$Worker.run(ThreadPoolExecutor.java:642)
        at java.base@21.0.5/java.lang.Thread.runWith(Thread.java:1596)
        at java.base@21.0.5/java.lang.Thread.run(Thread.java:1583)
"qtp1676534432-328" daemon prio=5 tid=328 timed_waiting
java.lang.Thread.State: TIMED_WAITING
        at java.base@21.0.5/jdk.internal.misc.Unsafe.park(Native Method)
        at java.base@21.0.5/java.util.concurrent.locks.LockSupport.parkNanos(LockSupport.java:269)
        at java.base@21.0.5/java.util.concurrent.locks.AbstractQueuedSynchronizer$ConditionObject.awaitNanos(AbstractQueuedSynchronizer.java:1763)
        at app//org.eclipse.jetty.util.BlockingArrayQueue.poll(BlockingArrayQueue.java:382)
        at app//org.eclipse.jetty.util.thread.QueuedThreadPool$Runner.idleJobPoll(QueuedThreadPool.java:974)
        at app//org.eclipse.jetty.util.thread.QueuedThreadPool$Runner.run(QueuedThreadPool.java:1018)
        at java.base@21.0.5/java.lang.Thread.runWith(Thread.java:1596)
        at java.base@21.0.5/java.lang.Thread.run(Thread.java:1583)
"StaleRecoveringContainerScrubbingService#2" daemon prio=5 tid=1831 in Object.wait()
java.lang.Thread.State: WAITING (on object monitor)
        at java.base@21.0.5/jdk.internal.misc.Unsafe.park(Native Method)
        at java.base@21.0.5/java.util.concurrent.locks.LockSupport.park(LockSupport.java:371)
        at java.base@21.0.5/java.util.concurrent.locks.AbstractQueuedSynchronizer$ConditionNode.block(AbstractQueuedSynchronizer.java:519)
        at java.base@21.0.5/java.util.concurrent.ForkJoinPool.unmanagedBlock(ForkJoinPool.java:3780)
        at java.base@21.0.5/java.util.concurrent.ForkJoinPool.managedBlock(ForkJoinPool.java:3725)
        at java.base@21.0.5/java.util.concurrent.locks.AbstractQueuedSynchronizer$ConditionObject.await(AbstractQueuedSynchronizer.java:1712)
        at java.base@21.0.5/java.util.concurrent.ScheduledThreadPoolExecutor$DelayedWorkQueue.take(ScheduledThreadPoolExecutor.java:1177)
        at java.base@21.0.5/java.util.concurrent.ScheduledThreadPoolExecutor$DelayedWorkQueue.take(ScheduledThreadPoolExecutor.java:899)
        at java.base@21.0.5/java.util.concurrent.ThreadPoolExecutor.getTask(ThreadPoolExecutor.java:1070)
        at java.base@21.0.5/java.util.concurrent.ThreadPoolExecutor.runWorker(ThreadPoolExecutor.java:1130)
        at java.base@21.0.5/java.util.concurrent.ThreadPoolExecutor$Worker.run(ThreadPoolExecutor.java:642)
        at java.base@21.0.5/java.lang.Thread.runWith(Thread.java:1596)
        at java.base@21.0.5/java.lang.Thread.run(Thread.java:1583)
"IPC Server handler 13 on default port 15002" daemon prio=5 tid=352 timed_waiting
java.lang.Thread.State: TIMED_WAITING
        at java.base@21.0.5/jdk.internal.misc.Unsafe.park(Native Method)
        at java.base@21.0.5/java.util.concurrent.locks.LockSupport.parkNanos(LockSupport.java:269)
        at java.base@21.0.5/java.util.concurrent.locks.AbstractQueuedSynchronizer$ConditionObject.awaitNanos(AbstractQueuedSynchronizer.java:1763)
        at java.base@21.0.5/java.util.concurrent.LinkedBlockingQueue.poll(LinkedBlockingQueue.java:460)
        at app//org.apache.hadoop.ipc.CallQueueManager.take(CallQueueManager.java:370)
        at app//org.apache.hadoop.ipc.Server$Handler.run(Server.java:3165)
"Socket Reader #9 for port 15039"  prio=5 tid=2161 runnable
java.lang.Thread.State: RUNNABLE
        at java.base@21.0.5/sun.nio.ch.EPoll.wait(Native Method)
        at java.base@21.0.5/sun.nio.ch.EPollSelectorImpl.doSelect(EPollSelectorImpl.java:121)
        at java.base@21.0.5/sun.nio.ch.SelectorImpl.lockAndDoSelect(SelectorImpl.java:130)
        at java.base@21.0.5/sun.nio.ch.SelectorImpl.select(SelectorImpl.java:147)
        at app//org.apache.hadoop.ipc.Server$Listener$Reader.doRunLoop(Server.java:1497)
        at app//org.apache.hadoop.ipc.Server$Listener$Reader.run(Server.java:1476)
"Session-HouseKeeper-49172e03-1"  prio=5 tid=1908 timed_waiting
java.lang.Thread.State: TIMED_WAITING
        at java.base@21.0.5/jdk.internal.misc.Unsafe.park(Native Method)
        at java.base@21.0.5/java.util.concurrent.locks.LockSupport.parkNanos(LockSupport.java:269)
        at java.base@21.0.5/java.util.concurrent.locks.AbstractQueuedSynchronizer$ConditionObject.awaitNanos(AbstractQueuedSynchronizer.java:1763)
        at java.base@21.0.5/java.util.concurrent.ScheduledThreadPoolExecutor$DelayedWorkQueue.take(ScheduledThreadPoolExecutor.java:1182)
        at java.base@21.0.5/java.util.concurrent.ScheduledThreadPoolExecutor$DelayedWorkQueue.take(ScheduledThreadPoolExecutor.java:899)
        at java.base@21.0.5/java.util.concurrent.ThreadPoolExecutor.getTask(ThreadPoolExecutor.java:1070)
        at java.base@21.0.5/java.util.concurrent.ThreadPoolExecutor.runWorker(ThreadPoolExecutor.java:1130)
        at java.base@21.0.5/java.util.concurrent.ThreadPoolExecutor$Worker.run(ThreadPoolExecutor.java:642)
        at java.base@21.0.5/java.lang.Thread.runWith(Thread.java:1596)
        at java.base@21.0.5/java.lang.Thread.run(Thread.java:1583)
"IPC Server handler 60 on default port 15002" daemon prio=5 tid=399 timed_waiting
java.lang.Thread.State: TIMED_WAITING
        at java.base@21.0.5/jdk.internal.misc.Unsafe.park(Native Method)
        at java.base@21.0.5/java.util.concurrent.locks.LockSupport.parkNanos(LockSupport.java:269)
        at java.base@21.0.5/java.util.concurrent.locks.AbstractQueuedSynchronizer$ConditionObject.awaitNanos(AbstractQueuedSynchronizer.java:1763)
        at java.base@21.0.5/java.util.concurrent.LinkedBlockingQueue.poll(LinkedBlockingQueue.java:460)
        at app//org.apache.hadoop.ipc.CallQueueManager.take(CallQueueManager.java:370)
        at app//org.apache.hadoop.ipc.Server$Handler.run(Server.java:3165)
"17963aff-71fe-4a8f-bd2e-c405ff93174f@group-28D9FDBBC208-cacheEviction-AwaitToRun" daemon prio=5 tid=1335 in Object.wait()
java.lang.Thread.State: WAITING (on object monitor)
        at java.base@21.0.5/jdk.internal.misc.Unsafe.park(Native Method)
        at java.base@21.0.5/java.util.concurrent.locks.LockSupport.park(LockSupport.java:371)
        at java.base@21.0.5/java.util.concurrent.locks.AbstractQueuedSynchronizer$ConditionNode.block(AbstractQueuedSynchronizer.java:519)
        at java.base@21.0.5/java.util.concurrent.ForkJoinPool.unmanagedBlock(ForkJoinPool.java:3780)
        at java.base@21.0.5/java.util.concurrent.ForkJoinPool.managedBlock(ForkJoinPool.java:3725)
        at java.base@21.0.5/java.util.concurrent.locks.AbstractQueuedSynchronizer$ConditionObject.await(AbstractQueuedSynchronizer.java:1712)
        at app//org.apache.ratis.util.AwaitForSignal.await(AwaitForSignal.java:48)
        at app//org.apache.ratis.util.AwaitToRun$RunnableImpl.run(AwaitToRun.java:47)
        at java.base@21.0.5/java.lang.Thread.runWith(Thread.java:1596)
        at java.base@21.0.5/java.lang.Thread.run(Thread.java:1583)
"IPC Server handler 36 on default port 15000" daemon prio=5 tid=157 timed_waiting
java.lang.Thread.State: TIMED_WAITING
        at java.base@21.0.5/jdk.internal.misc.Unsafe.park(Native Method)
        at java.base@21.0.5/java.util.concurrent.locks.LockSupport.parkNanos(LockSupport.java:269)
        at java.base@21.0.5/java.util.concurrent.locks.AbstractQueuedSynchronizer$ConditionObject.awaitNanos(AbstractQueuedSynchronizer.java:1763)
        at java.base@21.0.5/java.util.concurrent.LinkedBlockingQueue.poll(LinkedBlockingQueue.java:460)
        at app//org.apache.hadoop.ipc.CallQueueManager.take(CallQueueManager.java:370)
        at app//org.apache.hadoop.ipc.Server$Handler.run(Server.java:3165)
"91d0dafb-6cb7-42e5-b129-660fdc1902ba@group-DEECD8B278EF-SegmentedRaftLogWorker"  prio=5 tid=2207 timed_waiting
java.lang.Thread.State: TIMED_WAITING
        at java.base@21.0.5/jdk.internal.misc.Unsafe.park(Native Method)
        at java.base@21.0.5/java.util.concurrent.locks.LockSupport.parkNanos(LockSupport.java:269)
        at java.base@21.0.5/java.util.concurrent.locks.AbstractQueuedSynchronizer$ConditionObject.awaitNanos(AbstractQueuedSynchronizer.java:1763)
        at app//org.apache.ratis.util.DataBlockingQueue.poll(DataBlockingQueue.java:148)
        at app//org.apache.ratis.server.raftlog.segmented.SegmentedRaftLogWorker.run(SegmentedRaftLogWorker.java:307)
        at app//org.apache.ratis.server.raftlog.segmented.SegmentedRaftLogWorker$$Lambda/0x00007fcfe03376d0.run(Unknown Source)
        at java.base@21.0.5/java.util.concurrent.Executors$RunnableAdapter.call(Executors.java:572)
        at java.base@21.0.5/java.util.concurrent.FutureTask.run(FutureTask.java:317)
        at java.base@21.0.5/java.util.concurrent.ThreadPoolExecutor.runWorker(ThreadPoolExecutor.java:1144)
        at java.base@21.0.5/java.util.concurrent.ThreadPoolExecutor$Worker.run(ThreadPoolExecutor.java:642)
        at java.base@21.0.5/java.lang.Thread.runWith(Thread.java:1596)
        at java.base@21.0.5/java.lang.Thread.run(Thread.java:1583)
"IPC Server handler 59 on default port 15002" daemon prio=5 tid=398 timed_waiting
java.lang.Thread.State: TIMED_WAITING
        at java.base@21.0.5/jdk.internal.misc.Unsafe.park(Native Method)
        at java.base@21.0.5/java.util.concurrent.locks.LockSupport.parkNanos(LockSupport.java:269)
        at java.base@21.0.5/java.util.concurrent.locks.AbstractQueuedSynchronizer$ConditionObject.awaitNanos(AbstractQueuedSynchronizer.java:1763)
        at java.base@21.0.5/java.util.concurrent.LinkedBlockingQueue.poll(LinkedBlockingQueue.java:460)
        at app//org.apache.hadoop.ipc.CallQueueManager.take(CallQueueManager.java:370)
        at app//org.apache.hadoop.ipc.Server$Handler.run(Server.java:3165)
"IPC Server handler 4 on default port 15021" daemon prio=5 tid=598 timed_waiting
java.lang.Thread.State: TIMED_WAITING
        at java.base@21.0.5/jdk.internal.misc.Unsafe.park(Native Method)
        at java.base@21.0.5/java.util.concurrent.locks.LockSupport.parkNanos(LockSupport.java:269)
        at java.base@21.0.5/java.util.concurrent.locks.AbstractQueuedSynchronizer$ConditionObject.awaitNanos(AbstractQueuedSynchronizer.java:1763)
        at java.base@21.0.5/java.util.concurrent.LinkedBlockingQueue.poll(LinkedBlockingQueue.java:460)
        at app//org.apache.hadoop.ipc.CallQueueManager.take(CallQueueManager.java:370)
        at app//org.apache.hadoop.ipc.Server$Handler.run(Server.java:3165)
"IPC Server handler 1 on default port 15093" daemon prio=5 tid=1021 timed_waiting
java.lang.Thread.State: TIMED_WAITING
        at java.base@21.0.5/jdk.internal.misc.Unsafe.park(Native Method)
        at java.base@21.0.5/java.util.concurrent.locks.LockSupport.parkNanos(LockSupport.java:269)
        at java.base@21.0.5/java.util.concurrent.locks.AbstractQueuedSynchronizer$ConditionObject.awaitNanos(AbstractQueuedSynchronizer.java:1763)
        at java.base@21.0.5/java.util.concurrent.LinkedBlockingQueue.poll(LinkedBlockingQueue.java:460)
        at app//org.apache.hadoop.ipc.CallQueueManager.take(CallQueueManager.java:370)
        at app//org.apache.hadoop.ipc.Server$Handler.run(Server.java:3165)
"IPC Server handler 53 on default port 15002" daemon prio=5 tid=392 timed_waiting
java.lang.Thread.State: TIMED_WAITING
        at java.base@21.0.5/jdk.internal.misc.Unsafe.park(Native Method)
        at java.base@21.0.5/java.util.concurrent.locks.LockSupport.parkNanos(LockSupport.java:269)
        at java.base@21.0.5/java.util.concurrent.locks.AbstractQueuedSynchronizer$ConditionObject.awaitNanos(AbstractQueuedSynchronizer.java:1763)
        at java.base@21.0.5/java.util.concurrent.LinkedBlockingQueue.poll(LinkedBlockingQueue.java:460)
        at app//org.apache.hadoop.ipc.CallQueueManager.take(CallQueueManager.java:370)
        at app//org.apache.hadoop.ipc.Server$Handler.run(Server.java:3165)
"Socket Reader #4 for port 15093"  prio=5 tid=1010 runnable
java.lang.Thread.State: RUNNABLE
        at java.base@21.0.5/sun.nio.ch.EPoll.wait(Native Method)
        at java.base@21.0.5/sun.nio.ch.EPollSelectorImpl.doSelect(EPollSelectorImpl.java:121)
        at java.base@21.0.5/sun.nio.ch.SelectorImpl.lockAndDoSelect(SelectorImpl.java:130)
        at java.base@21.0.5/sun.nio.ch.SelectorImpl.select(SelectorImpl.java:147)
        at app//org.apache.hadoop.ipc.Server$Listener$Reader.doRunLoop(Server.java:1497)
        at app//org.apache.hadoop.ipc.Server$Listener$Reader.run(Server.java:1476)
"qtp1883684513-761" daemon prio=5 tid=761 timed_waiting
java.lang.Thread.State: TIMED_WAITING
        at java.base@21.0.5/jdk.internal.misc.Unsafe.park(Native Method)
        at java.base@21.0.5/java.util.concurrent.locks.LockSupport.parkNanos(LockSupport.java:269)
        at java.base@21.0.5/java.util.concurrent.locks.AbstractQueuedSynchronizer$ConditionObject.awaitNanos(AbstractQueuedSynchronizer.java:1763)
        at app//org.eclipse.jetty.util.BlockingArrayQueue.poll(BlockingArrayQueue.java:382)
        at app//org.eclipse.jetty.util.thread.QueuedThreadPool$Runner.idleJobPoll(QueuedThreadPool.java:974)
        at app//org.eclipse.jetty.util.thread.QueuedThreadPool$Runner.run(QueuedThreadPool.java:1018)
        at java.base@21.0.5/java.lang.Thread.runWith(Thread.java:1596)
        at java.base@21.0.5/java.lang.Thread.run(Thread.java:1583)
"84b435bb-d41b-4758-bf48-ce9052c81d4a-ChunkWriter-1-0" daemon prio=5 tid=1082 in Object.wait()
java.lang.Thread.State: WAITING (on object monitor)
        at java.base@21.0.5/jdk.internal.misc.Unsafe.park(Native Method)
        at java.base@21.0.5/java.util.concurrent.locks.LockSupport.park(LockSupport.java:371)
        at java.base@21.0.5/java.util.concurrent.locks.AbstractQueuedSynchronizer$ConditionNode.block(AbstractQueuedSynchronizer.java:519)
        at java.base@21.0.5/java.util.concurrent.ForkJoinPool.unmanagedBlock(ForkJoinPool.java:3780)
        at java.base@21.0.5/java.util.concurrent.ForkJoinPool.managedBlock(ForkJoinPool.java:3725)
        at java.base@21.0.5/java.util.concurrent.locks.AbstractQueuedSynchronizer$ConditionObject.await(AbstractQueuedSynchronizer.java:1712)
        at java.base@21.0.5/java.util.concurrent.LinkedBlockingDeque.takeFirst(LinkedBlockingDeque.java:485)
        at java.base@21.0.5/java.util.concurrent.LinkedBlockingDeque.take(LinkedBlockingDeque.java:673)
        at java.base@21.0.5/java.util.concurrent.ThreadPoolExecutor.getTask(ThreadPoolExecutor.java:1070)
        at java.base@21.0.5/java.util.concurrent.ThreadPoolExecutor.runWorker(ThreadPoolExecutor.java:1130)
        at java.base@21.0.5/java.util.concurrent.ThreadPoolExecutor$Worker.run(ThreadPoolExecutor.java:642)
        at java.base@21.0.5/java.lang.Thread.runWith(Thread.java:1596)
        at java.base@21.0.5/java.lang.Thread.run(Thread.java:1583)
"a14cd1ab-7861-42f9-8639-15260a7193f0-DatanodeStateMachineDaemonThread" daemon prio=5 tid=2176 timed_waiting
java.lang.Thread.State: TIMED_WAITING
        at java.base@21.0.5/java.lang.Thread.sleep0(Native Method)
        at java.base@21.0.5/java.lang.Thread.sleep(Thread.java:509)
        at app//org.apache.hadoop.ozone.container.common.statemachine.DatanodeStateMachine.startStateMachineThread(DatanodeStateMachine.java:358)
        at app//org.apache.hadoop.ozone.container.common.statemachine.DatanodeStateMachine.lambda$startDaemon$1(DatanodeStateMachine.java:544)
        at app//org.apache.hadoop.ozone.container.common.statemachine.DatanodeStateMachine$$Lambda/0x00007fcfe07d8a68.run(Unknown Source)
        at java.base@21.0.5/java.lang.Thread.runWith(Thread.java:1596)
        at java.base@21.0.5/java.lang.Thread.run(Thread.java:1583)
"IPC Server handler 57 on default port 15002" daemon prio=5 tid=396 timed_waiting
java.lang.Thread.State: TIMED_WAITING
        at java.base@21.0.5/jdk.internal.misc.Unsafe.park(Native Method)
        at java.base@21.0.5/java.util.concurrent.locks.LockSupport.parkNanos(LockSupport.java:269)
        at java.base@21.0.5/java.util.concurrent.locks.AbstractQueuedSynchronizer$ConditionObject.awaitNanos(AbstractQueuedSynchronizer.java:1763)
        at java.base@21.0.5/java.util.concurrent.LinkedBlockingQueue.poll(LinkedBlockingQueue.java:460)
        at app//org.apache.hadoop.ipc.CallQueueManager.take(CallQueueManager.java:370)
        at app//org.apache.hadoop.ipc.Server$Handler.run(Server.java:3165)
"IPC Server handler 48 on default port 15002" daemon prio=5 tid=387 timed_waiting
java.lang.Thread.State: TIMED_WAITING
        at java.base@21.0.5/jdk.internal.misc.Unsafe.park(Native Method)
        at java.base@21.0.5/java.util.concurrent.locks.LockSupport.parkNanos(LockSupport.java:269)
        at java.base@21.0.5/java.util.concurrent.locks.AbstractQueuedSynchronizer$ConditionObject.awaitNanos(AbstractQueuedSynchronizer.java:1763)
        at java.base@21.0.5/java.util.concurrent.LinkedBlockingQueue.poll(LinkedBlockingQueue.java:460)
        at app//org.apache.hadoop.ipc.CallQueueManager.take(CallQueueManager.java:370)
        at app//org.apache.hadoop.ipc.Server$Handler.run(Server.java:3165)
"IPC Server handler 6 on default port 15075" daemon prio=5 tid=898 timed_waiting
java.lang.Thread.State: TIMED_WAITING
        at java.base@21.0.5/jdk.internal.misc.Unsafe.park(Native Method)
        at java.base@21.0.5/java.util.concurrent.locks.LockSupport.parkNanos(LockSupport.java:269)
        at java.base@21.0.5/java.util.concurrent.locks.AbstractQueuedSynchronizer$ConditionObject.awaitNanos(AbstractQueuedSynchronizer.java:1763)
        at java.base@21.0.5/java.util.concurrent.LinkedBlockingQueue.poll(LinkedBlockingQueue.java:460)
        at app//org.apache.hadoop.ipc.CallQueueManager.take(CallQueueManager.java:370)
        at app//org.apache.hadoop.ipc.Server$Handler.run(Server.java:3165)
"om1-DirectoryDeletingService#8" daemon prio=5 tid=486 in Object.wait()
java.lang.Thread.State: WAITING (on object monitor)
        at java.base@21.0.5/jdk.internal.misc.Unsafe.park(Native Method)
        at java.base@21.0.5/java.util.concurrent.locks.LockSupport.park(LockSupport.java:371)
        at java.base@21.0.5/java.util.concurrent.locks.AbstractQueuedSynchronizer$ConditionNode.block(AbstractQueuedSynchronizer.java:519)
        at java.base@21.0.5/java.util.concurrent.ForkJoinPool.unmanagedBlock(ForkJoinPool.java:3780)
        at java.base@21.0.5/java.util.concurrent.ForkJoinPool.managedBlock(ForkJoinPool.java:3725)
        at java.base@21.0.5/java.util.concurrent.locks.AbstractQueuedSynchronizer$ConditionObject.await(AbstractQueuedSynchronizer.java:1712)
        at java.base@21.0.5/java.util.concurrent.ScheduledThreadPoolExecutor$DelayedWorkQueue.take(ScheduledThreadPoolExecutor.java:1177)
        at java.base@21.0.5/java.util.concurrent.ScheduledThreadPoolExecutor$DelayedWorkQueue.take(ScheduledThreadPoolExecutor.java:899)
        at java.base@21.0.5/java.util.concurrent.ThreadPoolExecutor.getTask(ThreadPoolExecutor.java:1070)
        at java.base@21.0.5/java.util.concurrent.ThreadPoolExecutor.runWorker(ThreadPoolExecutor.java:1130)
        at java.base@21.0.5/java.util.concurrent.ThreadPoolExecutor$Worker.run(ThreadPoolExecutor.java:642)
        at java.base@21.0.5/java.lang.Thread.runWith(Thread.java:1596)
        at java.base@21.0.5/java.lang.Thread.run(Thread.java:1583)
"Socket Reader #5 for port 15006"  prio=5 tid=454 runnable
java.lang.Thread.State: RUNNABLE
        at java.base@21.0.5/sun.nio.ch.EPoll.wait(Native Method)
        at java.base@21.0.5/sun.nio.ch.EPollSelectorImpl.doSelect(EPollSelectorImpl.java:121)
        at java.base@21.0.5/sun.nio.ch.SelectorImpl.lockAndDoSelect(SelectorImpl.java:130)
        at java.base@21.0.5/sun.nio.ch.SelectorImpl.select(SelectorImpl.java:147)
        at app//org.apache.hadoop.ipc.Server$Listener$Reader.doRunLoop(Server.java:1497)
        at app//org.apache.hadoop.ipc.Server$Listener$Reader.run(Server.java:1476)
"IPC Server handler 6 on default port 15066" daemon prio=5 tid=832 timed_waiting
java.lang.Thread.State: TIMED_WAITING
        at java.base@21.0.5/jdk.internal.misc.Unsafe.park(Native Method)
        at java.base@21.0.5/java.util.concurrent.locks.LockSupport.parkNanos(LockSupport.java:269)
        at java.base@21.0.5/java.util.concurrent.locks.AbstractQueuedSynchronizer$ConditionObject.awaitNanos(AbstractQueuedSynchronizer.java:1763)
        at java.base@21.0.5/java.util.concurrent.LinkedBlockingQueue.poll(LinkedBlockingQueue.java:460)
        at app//org.apache.hadoop.ipc.CallQueueManager.take(CallQueueManager.java:370)
        at app//org.apache.hadoop.ipc.Server$Handler.run(Server.java:3165)
"qtp1698217345-2150" daemon prio=5 tid=2150 timed_waiting
java.lang.Thread.State: TIMED_WAITING
        at java.base@21.0.5/jdk.internal.misc.Unsafe.park(Native Method)
        at java.base@21.0.5/java.util.concurrent.locks.LockSupport.parkNanos(LockSupport.java:269)
        at java.base@21.0.5/java.util.concurrent.locks.AbstractQueuedSynchronizer$ConditionObject.awaitNanos(AbstractQueuedSynchronizer.java:1763)
        at app//org.eclipse.jetty.util.BlockingArrayQueue.poll(BlockingArrayQueue.java:382)
        at app//org.eclipse.jetty.util.thread.QueuedThreadPool$Runner.idleJobPoll(QueuedThreadPool.java:974)
        at app//org.eclipse.jetty.util.thread.QueuedThreadPool$Runner.run(QueuedThreadPool.java:1018)
        at java.base@21.0.5/java.lang.Thread.runWith(Thread.java:1596)
        at java.base@21.0.5/java.lang.Thread.run(Thread.java:1583)
"PartialTableCache-Cleanup-0" daemon prio=5 tid=1444 in Object.wait()
java.lang.Thread.State: WAITING (on object monitor)
        at java.base@21.0.5/jdk.internal.misc.Unsafe.park(Native Method)
        at java.base@21.0.5/java.util.concurrent.locks.LockSupport.park(LockSupport.java:371)
        at java.base@21.0.5/java.util.concurrent.locks.AbstractQueuedSynchronizer$ConditionNode.block(AbstractQueuedSynchronizer.java:519)
        at java.base@21.0.5/java.util.concurrent.ForkJoinPool.unmanagedBlock(ForkJoinPool.java:3780)
        at java.base@21.0.5/java.util.concurrent.ForkJoinPool.managedBlock(ForkJoinPool.java:3725)
        at java.base@21.0.5/java.util.concurrent.locks.AbstractQueuedSynchronizer$ConditionObject.await(AbstractQueuedSynchronizer.java:1712)
        at java.base@21.0.5/java.util.concurrent.LinkedBlockingQueue.take(LinkedBlockingQueue.java:435)
        at java.base@21.0.5/java.util.concurrent.ThreadPoolExecutor.getTask(ThreadPoolExecutor.java:1070)
        at java.base@21.0.5/java.util.concurrent.ThreadPoolExecutor.runWorker(ThreadPoolExecutor.java:1130)
        at java.base@21.0.5/java.util.concurrent.ThreadPoolExecutor$Worker.run(ThreadPoolExecutor.java:642)
        at java.base@21.0.5/java.lang.Thread.runWith(Thread.java:1596)
        at java.base@21.0.5/java.lang.Thread.run(Thread.java:1583)
"qtp1365184588-716" daemon prio=5 tid=716 timed_waiting
java.lang.Thread.State: TIMED_WAITING
        at java.base@21.0.5/jdk.internal.misc.Unsafe.park(Native Method)
        at java.base@21.0.5/java.util.concurrent.locks.LockSupport.parkNanos(LockSupport.java:269)
        at java.base@21.0.5/java.util.concurrent.locks.AbstractQueuedSynchronizer$ConditionObject.awaitNanos(AbstractQueuedSynchronizer.java:1763)
        at app//org.eclipse.jetty.util.BlockingArrayQueue.poll(BlockingArrayQueue.java:382)
        at app//org.eclipse.jetty.util.thread.QueuedThreadPool$Runner.idleJobPoll(QueuedThreadPool.java:974)
        at app//org.eclipse.jetty.util.thread.QueuedThreadPool$Runner.run(QueuedThreadPool.java:1018)
        at java.base@21.0.5/java.lang.Thread.runWith(Thread.java:1596)
        at java.base@21.0.5/java.lang.Thread.run(Thread.java:1583)
"69390d8a-021c-44b7-9fe5-c9855a0c5aa1-server-thread2" daemon prio=5 tid=1484 timed_waiting
java.lang.Thread.State: TIMED_WAITING
        at java.base@21.0.5/jdk.internal.misc.Unsafe.park(Native Method)
        at java.base@21.0.5/java.util.concurrent.locks.LockSupport.parkNanos(LockSupport.java:410)
        at java.base@21.0.5/java.util.concurrent.LinkedTransferQueue$DualNode.await(LinkedTransferQueue.java:452)
        at java.base@21.0.5/java.util.concurrent.SynchronousQueue$Transferer.xferLifo(SynchronousQueue.java:194)
        at java.base@21.0.5/java.util.concurrent.SynchronousQueue.xfer(SynchronousQueue.java:235)
        at java.base@21.0.5/java.util.concurrent.SynchronousQueue.poll(SynchronousQueue.java:338)
        at java.base@21.0.5/java.util.concurrent.ThreadPoolExecutor.getTask(ThreadPoolExecutor.java:1069)
        at java.base@21.0.5/java.util.concurrent.ThreadPoolExecutor.runWorker(ThreadPoolExecutor.java:1130)
        at java.base@21.0.5/java.util.concurrent.ThreadPoolExecutor$Worker.run(ThreadPoolExecutor.java:642)
        at java.base@21.0.5/java.lang.Thread.runWith(Thread.java:1596)
        at java.base@21.0.5/java.lang.Thread.run(Thread.java:1583)
"IPC Server handler 1 on default port 15048" daemon prio=5 tid=735 timed_waiting
java.lang.Thread.State: TIMED_WAITING
        at java.base@21.0.5/jdk.internal.misc.Unsafe.park(Native Method)
        at java.base@21.0.5/java.util.concurrent.locks.LockSupport.parkNanos(LockSupport.java:269)
        at java.base@21.0.5/java.util.concurrent.locks.AbstractQueuedSynchronizer$ConditionObject.awaitNanos(AbstractQueuedSynchronizer.java:1763)
        at java.base@21.0.5/java.util.concurrent.LinkedBlockingQueue.poll(LinkedBlockingQueue.java:460)
        at app//org.apache.hadoop.ipc.CallQueueManager.take(CallQueueManager.java:370)
        at app//org.apache.hadoop.ipc.Server$Handler.run(Server.java:3165)
"StaleRecoveringContainerScrubbingService#0" daemon prio=5 tid=1106 timed_waiting
java.lang.Thread.State: TIMED_WAITING
        at java.base@21.0.5/jdk.internal.misc.Unsafe.park(Native Method)
        at java.base@21.0.5/java.util.concurrent.locks.LockSupport.parkNanos(LockSupport.java:269)
        at java.base@21.0.5/java.util.concurrent.locks.AbstractQueuedSynchronizer$ConditionObject.awaitNanos(AbstractQueuedSynchronizer.java:1763)
        at java.base@21.0.5/java.util.concurrent.ScheduledThreadPoolExecutor$DelayedWorkQueue.take(ScheduledThreadPoolExecutor.java:1182)
        at java.base@21.0.5/java.util.concurrent.ScheduledThreadPoolExecutor$DelayedWorkQueue.take(ScheduledThreadPoolExecutor.java:899)
        at java.base@21.0.5/java.util.concurrent.ThreadPoolExecutor.getTask(ThreadPoolExecutor.java:1070)
        at java.base@21.0.5/java.util.concurrent.ThreadPoolExecutor.runWorker(ThreadPoolExecutor.java:1130)
        at java.base@21.0.5/java.util.concurrent.ThreadPoolExecutor$Worker.run(ThreadPoolExecutor.java:642)
        at java.base@21.0.5/java.lang.Thread.runWith(Thread.java:1596)
        at java.base@21.0.5/java.lang.Thread.run(Thread.java:1583)
"Socket Reader #8 for port 15012"  prio=5 tid=542 runnable
java.lang.Thread.State: RUNNABLE
        at java.base@21.0.5/sun.nio.ch.EPoll.wait(Native Method)
        at java.base@21.0.5/sun.nio.ch.EPollSelectorImpl.doSelect(EPollSelectorImpl.java:121)
        at java.base@21.0.5/sun.nio.ch.SelectorImpl.lockAndDoSelect(SelectorImpl.java:130)
        at java.base@21.0.5/sun.nio.ch.SelectorImpl.select(SelectorImpl.java:147)
        at app//org.apache.hadoop.ipc.Server$Listener$Reader.doRunLoop(Server.java:1497)
        at app//org.apache.hadoop.ipc.Server$Listener$Reader.run(Server.java:1476)
"qtp223830602-491-acceptor-0@347ed6de-ServerConnector@e6522bd{HTTP/1.1, (http/1.1)}{0.0.0.0:15007}" daemon prio=3 tid=491 runnable
java.lang.Thread.State: RUNNABLE
        at java.base@21.0.5/sun.nio.ch.Net.accept(Native Method)
        at java.base@21.0.5/sun.nio.ch.ServerSocketChannelImpl.implAccept(ServerSocketChannelImpl.java:433)
        at java.base@21.0.5/sun.nio.ch.ServerSocketChannelImpl.accept(ServerSocketChannelImpl.java:399)
        at app//org.eclipse.jetty.server.ServerConnector.accept(ServerConnector.java:388)
        at app//org.eclipse.jetty.server.AbstractConnector$Acceptor.run(AbstractConnector.java:704)
        at app//org.eclipse.jetty.util.thread.QueuedThreadPool.runJob(QueuedThreadPool.java:883)
        at app//org.eclipse.jetty.util.thread.QueuedThreadPool$Runner.run(QueuedThreadPool.java:1034)
        at java.base@21.0.5/java.lang.Thread.runWith(Thread.java:1596)
        at java.base@21.0.5/java.lang.Thread.run(Thread.java:1583)
"IPC Server handler 8 on default port 15021" daemon prio=5 tid=602 timed_waiting
java.lang.Thread.State: TIMED_WAITING
        at java.base@21.0.5/jdk.internal.misc.Unsafe.park(Native Method)
        at java.base@21.0.5/java.util.concurrent.locks.LockSupport.parkNanos(LockSupport.java:269)
        at java.base@21.0.5/java.util.concurrent.locks.AbstractQueuedSynchronizer$ConditionObject.awaitNanos(AbstractQueuedSynchronizer.java:1763)
        at java.base@21.0.5/java.util.concurrent.LinkedBlockingQueue.poll(LinkedBlockingQueue.java:460)
        at app//org.apache.hadoop.ipc.CallQueueManager.take(CallQueueManager.java:370)
        at app//org.apache.hadoop.ipc.Server$Handler.run(Server.java:3165)
"IPC Server handler 31 on default port 15002" daemon prio=5 tid=370 timed_waiting
java.lang.Thread.State: TIMED_WAITING
        at java.base@21.0.5/jdk.internal.misc.Unsafe.park(Native Method)
        at java.base@21.0.5/java.util.concurrent.locks.LockSupport.parkNanos(LockSupport.java:269)
        at java.base@21.0.5/java.util.concurrent.locks.AbstractQueuedSynchronizer$ConditionObject.awaitNanos(AbstractQueuedSynchronizer.java:1763)
        at java.base@21.0.5/java.util.concurrent.LinkedBlockingQueue.poll(LinkedBlockingQueue.java:460)
        at app//org.apache.hadoop.ipc.CallQueueManager.take(CallQueueManager.java:370)
        at app//org.apache.hadoop.ipc.Server$Handler.run(Server.java:3165)
"Socket Reader #3 for port 15084"  prio=5 tid=945 runnable
java.lang.Thread.State: RUNNABLE
        at java.base@21.0.5/sun.nio.ch.EPoll.wait(Native Method)
        at java.base@21.0.5/sun.nio.ch.EPollSelectorImpl.doSelect(EPollSelectorImpl.java:121)
        at java.base@21.0.5/sun.nio.ch.SelectorImpl.lockAndDoSelect(SelectorImpl.java:130)
        at java.base@21.0.5/sun.nio.ch.SelectorImpl.select(SelectorImpl.java:147)
        at app//org.apache.hadoop.ipc.Server$Listener$Reader.doRunLoop(Server.java:1497)
        at app//org.apache.hadoop.ipc.Server$Listener$Reader.run(Server.java:1476)
"IPC Server handler 3 on default port 15039" daemon prio=5 tid=2169 timed_waiting
java.lang.Thread.State: TIMED_WAITING
        at java.base@21.0.5/jdk.internal.misc.Unsafe.park(Native Method)
        at java.base@21.0.5/java.util.concurrent.locks.LockSupport.parkNanos(LockSupport.java:269)
        at java.base@21.0.5/java.util.concurrent.locks.AbstractQueuedSynchronizer$ConditionObject.awaitNanos(AbstractQueuedSynchronizer.java:1763)
        at java.base@21.0.5/java.util.concurrent.LinkedBlockingQueue.poll(LinkedBlockingQueue.java:460)
        at app//org.apache.hadoop.ipc.CallQueueManager.take(CallQueueManager.java:370)
        at app//org.apache.hadoop.ipc.Server$Handler.run(Server.java:3165)
"IPC Server handler 9 on default port 15057" daemon prio=5 tid=789 timed_waiting
java.lang.Thread.State: TIMED_WAITING
        at java.base@21.0.5/jdk.internal.misc.Unsafe.park(Native Method)
        at java.base@21.0.5/java.util.concurrent.locks.LockSupport.parkNanos(LockSupport.java:269)
        at java.base@21.0.5/java.util.concurrent.locks.AbstractQueuedSynchronizer$ConditionObject.awaitNanos(AbstractQueuedSynchronizer.java:1763)
        at java.base@21.0.5/java.util.concurrent.LinkedBlockingQueue.poll(LinkedBlockingQueue.java:460)
        at app//org.apache.hadoop.ipc.CallQueueManager.take(CallQueueManager.java:370)
        at app//org.apache.hadoop.ipc.Server$Handler.run(Server.java:3165)
"fc60e07f-496f-42fe-ae82-620152583f87-ContainerOp-8ef3bc64-5854-4584-910e-a7184706d343-8"  prio=5 tid=2095 in Object.wait()
java.lang.Thread.State: WAITING (on object monitor)
        at java.base@21.0.5/jdk.internal.misc.Unsafe.park(Native Method)
        at java.base@21.0.5/java.util.concurrent.locks.LockSupport.park(LockSupport.java:371)
        at java.base@21.0.5/java.util.concurrent.locks.AbstractQueuedSynchronizer$ConditionNode.block(AbstractQueuedSynchronizer.java:519)
        at java.base@21.0.5/java.util.concurrent.ForkJoinPool.unmanagedBlock(ForkJoinPool.java:3780)
        at java.base@21.0.5/java.util.concurrent.ForkJoinPool.managedBlock(ForkJoinPool.java:3725)
        at java.base@21.0.5/java.util.concurrent.locks.AbstractQueuedSynchronizer$ConditionObject.await(AbstractQueuedSynchronizer.java:1712)
        at java.base@21.0.5/java.util.concurrent.LinkedBlockingQueue.take(LinkedBlockingQueue.java:435)
        at java.base@21.0.5/java.util.concurrent.ThreadPoolExecutor.getTask(ThreadPoolExecutor.java:1070)
        at java.base@21.0.5/java.util.concurrent.ThreadPoolExecutor.runWorker(ThreadPoolExecutor.java:1130)
        at java.base@21.0.5/java.util.concurrent.ThreadPoolExecutor$Worker.run(ThreadPoolExecutor.java:642)
        at java.base@21.0.5/java.lang.Thread.runWith(Thread.java:1596)
        at java.base@21.0.5/java.lang.Thread.run(Thread.java:1583)
"IPC Server handler 8 on default port 15012" daemon prio=5 tid=556 timed_waiting
java.lang.Thread.State: TIMED_WAITING
        at java.base@21.0.5/jdk.internal.misc.Unsafe.park(Native Method)
        at java.base@21.0.5/java.util.concurrent.locks.LockSupport.parkNanos(LockSupport.java:269)
        at java.base@21.0.5/java.util.concurrent.locks.AbstractQueuedSynchronizer$ConditionObject.awaitNanos(AbstractQueuedSynchronizer.java:1763)
        at java.base@21.0.5/java.util.concurrent.LinkedBlockingQueue.poll(LinkedBlockingQueue.java:460)
        at app//org.apache.hadoop.ipc.CallQueueManager.take(CallQueueManager.java:370)
        at app//org.apache.hadoop.ipc.Server$Handler.run(Server.java:3165)
"qtp1570121683-575" daemon prio=5 tid=575 timed_waiting
java.lang.Thread.State: TIMED_WAITING
        at java.base@21.0.5/jdk.internal.misc.Unsafe.park(Native Method)
        at java.base@21.0.5/java.util.concurrent.locks.LockSupport.parkNanos(LockSupport.java:269)
        at java.base@21.0.5/java.util.concurrent.locks.AbstractQueuedSynchronizer$ConditionObject.awaitNanos(AbstractQueuedSynchronizer.java:1763)
        at app//org.eclipse.jetty.util.BlockingArrayQueue.poll(BlockingArrayQueue.java:382)
        at app//org.eclipse.jetty.util.thread.QueuedThreadPool$Runner.idleJobPoll(QueuedThreadPool.java:974)
        at app//org.eclipse.jetty.util.thread.QueuedThreadPool$Runner.run(QueuedThreadPool.java:1018)
        at java.base@21.0.5/java.lang.Thread.runWith(Thread.java:1596)
        at java.base@21.0.5/java.lang.Thread.run(Thread.java:1583)
"17963aff-71fe-4a8f-bd2e-c405ff93174f@group-28D9FDBBC208-StateMachineUpdater" daemon prio=5 tid=1338 timed_waiting
java.lang.Thread.State: TIMED_WAITING
        at java.base@21.0.5/jdk.internal.misc.Unsafe.park(Native Method)
        at java.base@21.0.5/java.util.concurrent.locks.LockSupport.parkNanos(LockSupport.java:269)
        at java.base@21.0.5/java.util.concurrent.locks.AbstractQueuedSynchronizer$ConditionObject.await(AbstractQueuedSynchronizer.java:1852)
        at app//org.apache.ratis.util.AwaitForSignal.await(AwaitForSignal.java:65)
        at app//org.apache.ratis.server.impl.StateMachineUpdater.waitForCommit(StateMachineUpdater.java:219)
        at app//org.apache.ratis.server.impl.StateMachineUpdater.run(StateMachineUpdater.java:187)
        at java.base@21.0.5/java.lang.Thread.runWith(Thread.java:1596)
        at java.base@21.0.5/java.lang.Thread.run(Thread.java:1583)
"fc60e07f-496f-42fe-ae82-620152583f87-RocksDBCompactionThread-0"  prio=5 tid=706 timed_waiting
java.lang.Thread.State: TIMED_WAITING
        at java.base@21.0.5/jdk.internal.misc.Unsafe.park(Native Method)
        at java.base@21.0.5/java.util.concurrent.locks.LockSupport.parkNanos(LockSupport.java:269)
        at java.base@21.0.5/java.util.concurrent.locks.AbstractQueuedSynchronizer$ConditionObject.awaitNanos(AbstractQueuedSynchronizer.java:1763)
        at java.base@21.0.5/java.util.concurrent.ScheduledThreadPoolExecutor$DelayedWorkQueue.take(ScheduledThreadPoolExecutor.java:1182)
        at java.base@21.0.5/java.util.concurrent.ScheduledThreadPoolExecutor$DelayedWorkQueue.take(ScheduledThreadPoolExecutor.java:899)
        at java.base@21.0.5/java.util.concurrent.ThreadPoolExecutor.getTask(ThreadPoolExecutor.java:1070)
        at java.base@21.0.5/java.util.concurrent.ThreadPoolExecutor.runWorker(ThreadPoolExecutor.java:1130)
        at java.base@21.0.5/java.util.concurrent.ThreadPoolExecutor$Worker.run(ThreadPoolExecutor.java:642)
        at java.base@21.0.5/java.lang.Thread.runWith(Thread.java:1596)
        at java.base@21.0.5/java.lang.Thread.run(Thread.java:1583)
"a14cd1ab-7861-42f9-8639-15260a7193f0-DatanodeStateMachineTaskThread-1"  prio=5 tid=2185 in Object.wait()
java.lang.Thread.State: WAITING (on object monitor)
        at java.base@21.0.5/jdk.internal.misc.Unsafe.park(Native Method)
        at java.base@21.0.5/java.util.concurrent.locks.LockSupport.park(LockSupport.java:371)
        at java.base@21.0.5/java.util.concurrent.locks.AbstractQueuedSynchronizer$ConditionNode.block(AbstractQueuedSynchronizer.java:519)
        at java.base@21.0.5/java.util.concurrent.ForkJoinPool.unmanagedBlock(ForkJoinPool.java:3780)
        at java.base@21.0.5/java.util.concurrent.ForkJoinPool.managedBlock(ForkJoinPool.java:3725)
        at java.base@21.0.5/java.util.concurrent.locks.AbstractQueuedSynchronizer$ConditionObject.await(AbstractQueuedSynchronizer.java:1712)
        at java.base@21.0.5/java.util.concurrent.LinkedBlockingQueue.take(LinkedBlockingQueue.java:435)
        at java.base@21.0.5/java.util.concurrent.ThreadPoolExecutor.getTask(ThreadPoolExecutor.java:1070)
        at java.base@21.0.5/java.util.concurrent.ThreadPoolExecutor.runWorker(ThreadPoolExecutor.java:1130)
        at java.base@21.0.5/java.util.concurrent.ThreadPoolExecutor$Worker.run(ThreadPoolExecutor.java:642)
        at java.base@21.0.5/java.lang.Thread.runWith(Thread.java:1596)
        at java.base@21.0.5/java.lang.Thread.run(Thread.java:1583)
"7c84fc52-fa7b-40d9-a19c-d4e4c83c5fa3-ChunkReader-4" daemon prio=5 tid=1566 in Object.wait()
java.lang.Thread.State: WAITING (on object monitor)
        at java.base@21.0.5/jdk.internal.misc.Unsafe.park(Native Method)
        at java.base@21.0.5/java.util.concurrent.locks.LockSupport.park(LockSupport.java:371)
        at java.base@21.0.5/java.util.concurrent.locks.AbstractQueuedSynchronizer$ConditionNode.block(AbstractQueuedSynchronizer.java:519)
        at java.base@21.0.5/java.util.concurrent.ForkJoinPool.unmanagedBlock(ForkJoinPool.java:3780)
        at java.base@21.0.5/java.util.concurrent.ForkJoinPool.managedBlock(ForkJoinPool.java:3725)
        at java.base@21.0.5/java.util.concurrent.locks.AbstractQueuedSynchronizer$ConditionObject.await(AbstractQueuedSynchronizer.java:1712)
        at java.base@21.0.5/java.util.concurrent.LinkedBlockingQueue.take(LinkedBlockingQueue.java:435)
        at java.base@21.0.5/java.util.concurrent.ThreadPoolExecutor.getTask(ThreadPoolExecutor.java:1070)
        at java.base@21.0.5/java.util.concurrent.ThreadPoolExecutor.runWorker(ThreadPoolExecutor.java:1130)
        at java.base@21.0.5/java.util.concurrent.ThreadPoolExecutor$Worker.run(ThreadPoolExecutor.java:642)
        at java.base@21.0.5/java.lang.Thread.runWith(Thread.java:1596)
        at java.base@21.0.5/java.lang.Thread.run(Thread.java:1583)
"b5e8fa21-b7a1-4c36-a12e-fa069f9a009b-client-thread2" daemon prio=5 tid=1800 timed_waiting
java.lang.Thread.State: TIMED_WAITING
        at java.base@21.0.5/jdk.internal.misc.Unsafe.park(Native Method)
        at java.base@21.0.5/java.util.concurrent.locks.LockSupport.parkNanos(LockSupport.java:410)
        at java.base@21.0.5/java.util.concurrent.LinkedTransferQueue$DualNode.await(LinkedTransferQueue.java:452)
        at java.base@21.0.5/java.util.concurrent.SynchronousQueue$Transferer.xferLifo(SynchronousQueue.java:194)
        at java.base@21.0.5/java.util.concurrent.SynchronousQueue.xfer(SynchronousQueue.java:235)
        at java.base@21.0.5/java.util.concurrent.SynchronousQueue.poll(SynchronousQueue.java:338)
        at java.base@21.0.5/java.util.concurrent.ThreadPoolExecutor.getTask(ThreadPoolExecutor.java:1069)
        at java.base@21.0.5/java.util.concurrent.ThreadPoolExecutor.runWorker(ThreadPoolExecutor.java:1130)
        at java.base@21.0.5/java.util.concurrent.ThreadPoolExecutor$Worker.run(ThreadPoolExecutor.java:642)
        at java.base@21.0.5/java.lang.Thread.runWith(Thread.java:1596)
        at java.base@21.0.5/java.lang.Thread.run(Thread.java:1583)
"Socket Reader #6 for port 15057"  prio=5 tid=772 runnable
java.lang.Thread.State: RUNNABLE
        at java.base@21.0.5/sun.nio.ch.EPoll.wait(Native Method)
        at java.base@21.0.5/sun.nio.ch.EPollSelectorImpl.doSelect(EPollSelectorImpl.java:121)
        at java.base@21.0.5/sun.nio.ch.SelectorImpl.lockAndDoSelect(SelectorImpl.java:130)
        at java.base@21.0.5/sun.nio.ch.SelectorImpl.select(SelectorImpl.java:147)
        at app//org.apache.hadoop.ipc.Server$Listener$Reader.doRunLoop(Server.java:1497)
        at app//org.apache.hadoop.ipc.Server$Listener$Reader.run(Server.java:1476)
"IPC Server handler 43 on default port 15000" daemon prio=5 tid=164 timed_waiting
java.lang.Thread.State: TIMED_WAITING
        at java.base@21.0.5/jdk.internal.misc.Unsafe.park(Native Method)
        at java.base@21.0.5/java.util.concurrent.locks.LockSupport.parkNanos(LockSupport.java:269)
        at java.base@21.0.5/java.util.concurrent.locks.AbstractQueuedSynchronizer$ConditionObject.awaitNanos(AbstractQueuedSynchronizer.java:1763)
        at java.base@21.0.5/java.util.concurrent.LinkedBlockingQueue.poll(LinkedBlockingQueue.java:460)
        at app//org.apache.hadoop.ipc.CallQueueManager.take(CallQueueManager.java:370)
        at app//org.apache.hadoop.ipc.Server$Handler.run(Server.java:3165)
"ForkJoinPool.commonPool-worker-2" daemon prio=5 tid=31 timed_waiting
java.lang.Thread.State: TIMED_WAITING
        at java.base@21.0.5/jdk.internal.misc.Unsafe.park(Native Method)
        at java.base@21.0.5/java.util.concurrent.locks.LockSupport.parkUntil(LockSupport.java:449)
        at java.base@21.0.5/java.util.concurrent.ForkJoinPool.awaitWork(ForkJoinPool.java:1891)
        at java.base@21.0.5/java.util.concurrent.ForkJoinPool.runWorker(ForkJoinPool.java:1809)
        at java.base@21.0.5/java.util.concurrent.ForkJoinWorkerThread.run(ForkJoinWorkerThread.java:188)
"84b435bb-d41b-4758-bf48-ce9052c81d4a-ContainerOp-8ef3bc64-5854-4584-910e-a7184706d343-2"  prio=5 tid=1541 in Object.wait()
java.lang.Thread.State: WAITING (on object monitor)
        at java.base@21.0.5/jdk.internal.misc.Unsafe.park(Native Method)
        at java.base@21.0.5/java.util.concurrent.locks.LockSupport.park(LockSupport.java:371)
        at java.base@21.0.5/java.util.concurrent.locks.AbstractQueuedSynchronizer$ConditionNode.block(AbstractQueuedSynchronizer.java:519)
        at java.base@21.0.5/java.util.concurrent.ForkJoinPool.unmanagedBlock(ForkJoinPool.java:3780)
        at java.base@21.0.5/java.util.concurrent.ForkJoinPool.managedBlock(ForkJoinPool.java:3725)
        at java.base@21.0.5/java.util.concurrent.locks.AbstractQueuedSynchronizer$ConditionObject.await(AbstractQueuedSynchronizer.java:1712)
        at java.base@21.0.5/java.util.concurrent.LinkedBlockingQueue.take(LinkedBlockingQueue.java:435)
        at java.base@21.0.5/java.util.concurrent.ThreadPoolExecutor.getTask(ThreadPoolExecutor.java:1070)
        at java.base@21.0.5/java.util.concurrent.ThreadPoolExecutor.runWorker(ThreadPoolExecutor.java:1130)
        at java.base@21.0.5/java.util.concurrent.ThreadPoolExecutor$Worker.run(ThreadPoolExecutor.java:642)
        at java.base@21.0.5/java.lang.Thread.runWith(Thread.java:1596)
        at java.base@21.0.5/java.lang.Thread.run(Thread.java:1583)
"IPC Server idle connection scanner for port 15048" daemon prio=5 tid=731 timed_waiting
java.lang.Thread.State: TIMED_WAITING
        at java.base@21.0.5/java.lang.Object.wait0(Native Method)
        at java.base@21.0.5/java.lang.Object.wait(Object.java:366)
        at java.base@21.0.5/java.util.TimerThread.mainLoop(Timer.java:563)
        at java.base@21.0.5/java.util.TimerThread.run(Timer.java:516)
"IPC Server handler 2 on default port 15000" daemon prio=5 tid=123 timed_waiting
java.lang.Thread.State: TIMED_WAITING
        at java.base@21.0.5/jdk.internal.misc.Unsafe.park(Native Method)
        at java.base@21.0.5/java.util.concurrent.locks.LockSupport.parkNanos(LockSupport.java:269)
        at java.base@21.0.5/java.util.concurrent.locks.AbstractQueuedSynchronizer$ConditionObject.awaitNanos(AbstractQueuedSynchronizer.java:1763)
        at java.base@21.0.5/java.util.concurrent.LinkedBlockingQueue.poll(LinkedBlockingQueue.java:460)
        at app//org.apache.hadoop.ipc.CallQueueManager.take(CallQueueManager.java:370)
        at app//org.apache.hadoop.ipc.Server$Handler.run(Server.java:3165)
"IPC Server handler 13 on default port 15001" daemon prio=5 tid=234 timed_waiting
java.lang.Thread.State: TIMED_WAITING
        at java.base@21.0.5/jdk.internal.misc.Unsafe.park(Native Method)
        at java.base@21.0.5/java.util.concurrent.locks.LockSupport.parkNanos(LockSupport.java:269)
        at java.base@21.0.5/java.util.concurrent.locks.AbstractQueuedSynchronizer$ConditionObject.awaitNanos(AbstractQueuedSynchronizer.java:1763)
        at java.base@21.0.5/java.util.concurrent.LinkedBlockingQueue.poll(LinkedBlockingQueue.java:460)
        at app//org.apache.hadoop.ipc.CallQueueManager.take(CallQueueManager.java:370)
        at app//org.apache.hadoop.ipc.Server$Handler.run(Server.java:3165)
"qtp1997197808-805" daemon prio=5 tid=805 timed_waiting
java.lang.Thread.State: TIMED_WAITING
        at java.base@21.0.5/jdk.internal.misc.Unsafe.park(Native Method)
        at java.base@21.0.5/java.util.concurrent.locks.LockSupport.parkNanos(LockSupport.java:269)
        at java.base@21.0.5/java.util.concurrent.locks.AbstractQueuedSynchronizer$ConditionObject.awaitNanos(AbstractQueuedSynchronizer.java:1763)
        at app//org.eclipse.jetty.util.BlockingArrayQueue.poll(BlockingArrayQueue.java:382)
        at app//org.eclipse.jetty.util.thread.QueuedThreadPool$Runner.idleJobPoll(QueuedThreadPool.java:974)
        at app//org.eclipse.jetty.util.thread.QueuedThreadPool$Runner.run(QueuedThreadPool.java:1018)
        at java.base@21.0.5/java.lang.Thread.runWith(Thread.java:1596)
        at java.base@21.0.5/java.lang.Thread.run(Thread.java:1583)
"a14cd1ab-7861-42f9-8639-15260a7193f0@group-DEECD8B278EF->ac5cad44-c19c-4f65-867f-c0009d6f555c-GrpcLogAppender-LogAppenderDaemon" daemon prio=5 tid=2242 timed_waiting
java.lang.Thread.State: TIMED_WAITING
        at java.base@21.0.5/jdk.internal.misc.Unsafe.park(Native Method)
        at java.base@21.0.5/java.util.concurrent.locks.LockSupport.parkNanos(LockSupport.java:269)
        at java.base@21.0.5/java.util.concurrent.locks.AbstractQueuedSynchronizer$ConditionObject.await(AbstractQueuedSynchronizer.java:1852)
        at app//org.apache.ratis.util.AwaitForSignal.await(AwaitForSignal.java:65)
        at app//org.apache.ratis.grpc.server.GrpcLogAppender.mayWait(GrpcLogAppender.java:290)
        at app//org.apache.ratis.grpc.server.GrpcLogAppender.run(GrpcLogAppender.java:258)
        at app//org.apache.ratis.server.leader.LogAppenderDaemon.run(LogAppenderDaemon.java:80)
        at app//org.apache.ratis.server.leader.LogAppenderDaemon$$Lambda/0x00007fcfe093e000.run(Unknown Source)
        at java.base@21.0.5/java.lang.Thread.runWith(Thread.java:1596)
        at java.base@21.0.5/java.lang.Thread.run(Thread.java:1583)
"IPC Server handler 34 on default port 15000" daemon prio=5 tid=155 timed_waiting
java.lang.Thread.State: TIMED_WAITING
        at java.base@21.0.5/jdk.internal.misc.Unsafe.park(Native Method)
        at java.base@21.0.5/java.util.concurrent.locks.LockSupport.parkNanos(LockSupport.java:269)
        at java.base@21.0.5/java.util.concurrent.locks.AbstractQueuedSynchronizer$ConditionObject.awaitNanos(AbstractQueuedSynchronizer.java:1763)
        at java.base@21.0.5/java.util.concurrent.LinkedBlockingQueue.poll(LinkedBlockingQueue.java:460)
        at app//org.apache.hadoop.ipc.CallQueueManager.take(CallQueueManager.java:370)
        at app//org.apache.hadoop.ipc.Server$Handler.run(Server.java:3165)
"IPC Server handler 64 on default port 15001" daemon prio=5 tid=285 timed_waiting
java.lang.Thread.State: TIMED_WAITING
        at java.base@21.0.5/jdk.internal.misc.Unsafe.park(Native Method)
        at java.base@21.0.5/java.util.concurrent.locks.LockSupport.parkNanos(LockSupport.java:269)
        at java.base@21.0.5/java.util.concurrent.locks.AbstractQueuedSynchronizer$ConditionObject.awaitNanos(AbstractQueuedSynchronizer.java:1763)
        at java.base@21.0.5/java.util.concurrent.LinkedBlockingQueue.poll(LinkedBlockingQueue.java:460)
        at app//org.apache.hadoop.ipc.CallQueueManager.take(CallQueueManager.java:370)
        at app//org.apache.hadoop.ipc.Server$Handler.run(Server.java:3165)
"qtp1622563402-528" daemon prio=5 tid=528 timed_waiting
java.lang.Thread.State: TIMED_WAITING
        at java.base@21.0.5/jdk.internal.misc.Unsafe.park(Native Method)
        at java.base@21.0.5/java.util.concurrent.locks.LockSupport.parkNanos(LockSupport.java:269)
        at java.base@21.0.5/java.util.concurrent.locks.AbstractQueuedSynchronizer$ConditionObject.awaitNanos(AbstractQueuedSynchronizer.java:1763)
        at app//org.eclipse.jetty.util.BlockingArrayQueue.poll(BlockingArrayQueue.java:382)
        at app//org.eclipse.jetty.util.thread.QueuedThreadPool$Runner.idleJobPoll(QueuedThreadPool.java:974)
        at app//org.eclipse.jetty.util.thread.QueuedThreadPool$Runner.run(QueuedThreadPool.java:1018)
        at java.base@21.0.5/java.lang.Thread.runWith(Thread.java:1596)
        at java.base@21.0.5/java.lang.Thread.run(Thread.java:1583)
"ContainerMetadataScanner" daemon prio=5 tid=1097 timed_waiting
java.lang.Thread.State: TIMED_WAITING
        at java.base@21.0.5/java.lang.Thread.sleep0(Native Method)
        at java.base@21.0.5/java.lang.Thread.sleep(Thread.java:509)
        at app//org.apache.hadoop.ozone.container.ozoneimpl.AbstractBackgroundContainerScanner.handleRemainingSleep(AbstractBackgroundContainerScanner.java:131)
        at app//org.apache.hadoop.ozone.container.ozoneimpl.AbstractBackgroundContainerScanner.runIteration(AbstractBackgroundContainerScanner.java:98)
        at app//org.apache.hadoop.ozone.container.ozoneimpl.AbstractBackgroundContainerScanner.run(AbstractBackgroundContainerScanner.java:57)
"9c1aee78-f037-4e17-b985-0daab5eaf154@group-9167B95FD813-cacheEviction-AwaitToRun" daemon prio=5 tid=1291 in Object.wait()
java.lang.Thread.State: WAITING (on object monitor)
        at java.base@21.0.5/jdk.internal.misc.Unsafe.park(Native Method)
        at java.base@21.0.5/java.util.concurrent.locks.LockSupport.park(LockSupport.java:371)
        at java.base@21.0.5/java.util.concurrent.locks.AbstractQueuedSynchronizer$ConditionNode.block(AbstractQueuedSynchronizer.java:519)
        at java.base@21.0.5/java.util.concurrent.ForkJoinPool.unmanagedBlock(ForkJoinPool.java:3780)
        at java.base@21.0.5/java.util.concurrent.ForkJoinPool.managedBlock(ForkJoinPool.java:3725)
        at java.base@21.0.5/java.util.concurrent.locks.AbstractQueuedSynchronizer$ConditionObject.await(AbstractQueuedSynchronizer.java:1712)
        at app//org.apache.ratis.util.AwaitForSignal.await(AwaitForSignal.java:48)
        at app//org.apache.ratis.util.AwaitToRun$RunnableImpl.run(AwaitToRun.java:47)
        at java.base@21.0.5/java.lang.Thread.runWith(Thread.java:1596)
        at java.base@21.0.5/java.lang.Thread.run(Thread.java:1583)
"17963aff-71fe-4a8f-bd2e-c405ff93174f-DatanodeStateMachineDaemonThread" daemon prio=5 tid=966 timed_waiting
java.lang.Thread.State: TIMED_WAITING
        at java.base@21.0.5/java.lang.Thread.sleep0(Native Method)
        at java.base@21.0.5/java.lang.Thread.sleep(Thread.java:509)
        at app//org.apache.hadoop.ozone.container.common.statemachine.DatanodeStateMachine.startStateMachineThread(DatanodeStateMachine.java:358)
        at app//org.apache.hadoop.ozone.container.common.statemachine.DatanodeStateMachine.lambda$startDaemon$1(DatanodeStateMachine.java:544)
        at app//org.apache.hadoop.ozone.container.common.statemachine.DatanodeStateMachine$$Lambda/0x00007fcfe07d8a68.run(Unknown Source)
        at java.base@21.0.5/java.lang.Thread.runWith(Thread.java:1596)
        at java.base@21.0.5/java.lang.Thread.run(Thread.java:1583)
"IPC Server handler 71 on default port 15000" daemon prio=5 tid=192 timed_waiting
java.lang.Thread.State: TIMED_WAITING
        at java.base@21.0.5/jdk.internal.misc.Unsafe.park(Native Method)
        at java.base@21.0.5/java.util.concurrent.locks.LockSupport.parkNanos(LockSupport.java:269)
        at java.base@21.0.5/java.util.concurrent.locks.AbstractQueuedSynchronizer$ConditionObject.awaitNanos(AbstractQueuedSynchronizer.java:1763)
        at java.base@21.0.5/java.util.concurrent.LinkedBlockingQueue.poll(LinkedBlockingQueue.java:460)
        at app//org.apache.hadoop.ipc.CallQueueManager.take(CallQueueManager.java:370)
        at app//org.apache.hadoop.ipc.Server$Handler.run(Server.java:3165)
"IPC Server handler 50 on default port 15002" daemon prio=5 tid=389 timed_waiting
java.lang.Thread.State: TIMED_WAITING
        at java.base@21.0.5/jdk.internal.misc.Unsafe.park(Native Method)
        at java.base@21.0.5/java.util.concurrent.locks.LockSupport.parkNanos(LockSupport.java:269)
        at java.base@21.0.5/java.util.concurrent.locks.AbstractQueuedSynchronizer$ConditionObject.awaitNanos(AbstractQueuedSynchronizer.java:1763)
        at java.base@21.0.5/java.util.concurrent.LinkedBlockingQueue.poll(LinkedBlockingQueue.java:460)
        at app//org.apache.hadoop.ipc.CallQueueManager.take(CallQueueManager.java:370)
        at app//org.apache.hadoop.ipc.Server$Handler.run(Server.java:3165)
"IPC Server handler 74 on default port 15002" daemon prio=5 tid=413 timed_waiting
java.lang.Thread.State: TIMED_WAITING
        at java.base@21.0.5/jdk.internal.misc.Unsafe.park(Native Method)
        at java.base@21.0.5/java.util.concurrent.locks.LockSupport.parkNanos(LockSupport.java:269)
        at java.base@21.0.5/java.util.concurrent.locks.AbstractQueuedSynchronizer$ConditionObject.awaitNanos(AbstractQueuedSynchronizer.java:1763)
        at java.base@21.0.5/java.util.concurrent.LinkedBlockingQueue.poll(LinkedBlockingQueue.java:460)
        at app//org.apache.hadoop.ipc.CallQueueManager.take(CallQueueManager.java:370)
        at app//org.apache.hadoop.ipc.Server$Handler.run(Server.java:3165)
"org.apache.hadoop.ozone.container.common.statemachine.commandhandler.DeleteBlocksCommandHandler$DeleteCmdWorker@5621a9eb" daemon prio=5 tid=569 timed_waiting
java.lang.Thread.State: TIMED_WAITING
        at java.base@21.0.5/java.lang.Thread.sleep0(Native Method)
        at java.base@21.0.5/java.lang.Thread.sleep(Thread.java:509)
        at app//org.apache.hadoop.ozone.container.common.statemachine.commandhandler.DeleteBlocksCommandHandler$DeleteCmdWorker.run(DeleteBlocksCommandHandler.java:264)
        at java.base@21.0.5/java.lang.Thread.runWith(Thread.java:1596)
        at java.base@21.0.5/java.lang.Thread.run(Thread.java:1583)
"om1-KeyDeletingService#0" daemon prio=5 tid=473 timed_waiting
java.lang.Thread.State: TIMED_WAITING
        at java.base@21.0.5/jdk.internal.misc.Unsafe.park(Native Method)
        at java.base@21.0.5/java.util.concurrent.locks.LockSupport.parkNanos(LockSupport.java:269)
        at java.base@21.0.5/java.util.concurrent.locks.AbstractQueuedSynchronizer$ConditionObject.awaitNanos(AbstractQueuedSynchronizer.java:1763)
        at java.base@21.0.5/java.util.concurrent.ScheduledThreadPoolExecutor$DelayedWorkQueue.take(ScheduledThreadPoolExecutor.java:1182)
        at java.base@21.0.5/java.util.concurrent.ScheduledThreadPoolExecutor$DelayedWorkQueue.take(ScheduledThreadPoolExecutor.java:899)
        at java.base@21.0.5/java.util.concurrent.ThreadPoolExecutor.getTask(ThreadPoolExecutor.java:1070)
        at java.base@21.0.5/java.util.concurrent.ThreadPoolExecutor.runWorker(ThreadPoolExecutor.java:1130)
        at java.base@21.0.5/java.util.concurrent.ThreadPoolExecutor$Worker.run(ThreadPoolExecutor.java:642)
        at java.base@21.0.5/java.lang.Thread.runWith(Thread.java:1596)
        at java.base@21.0.5/java.lang.Thread.run(Thread.java:1583)
"Socket Reader #9 for port 15048"  prio=5 tid=729 runnable
java.lang.Thread.State: RUNNABLE
        at java.base@21.0.5/sun.nio.ch.EPoll.wait(Native Method)
        at java.base@21.0.5/sun.nio.ch.EPollSelectorImpl.doSelect(EPollSelectorImpl.java:121)
        at java.base@21.0.5/sun.nio.ch.SelectorImpl.lockAndDoSelect(SelectorImpl.java:130)
        at java.base@21.0.5/sun.nio.ch.SelectorImpl.select(SelectorImpl.java:147)
        at app//org.apache.hadoop.ipc.Server$Listener$Reader.doRunLoop(Server.java:1497)
        at app//org.apache.hadoop.ipc.Server$Listener$Reader.run(Server.java:1476)
"IPC Server handler 7 on default port 15057" daemon prio=5 tid=787 timed_waiting
java.lang.Thread.State: TIMED_WAITING
        at java.base@21.0.5/jdk.internal.misc.Unsafe.park(Native Method)
        at java.base@21.0.5/java.util.concurrent.locks.LockSupport.parkNanos(LockSupport.java:269)
        at java.base@21.0.5/java.util.concurrent.locks.AbstractQueuedSynchronizer$ConditionObject.awaitNanos(AbstractQueuedSynchronizer.java:1763)
        at java.base@21.0.5/java.util.concurrent.LinkedBlockingQueue.poll(LinkedBlockingQueue.java:460)
        at app//org.apache.hadoop.ipc.CallQueueManager.take(CallQueueManager.java:370)
        at app//org.apache.hadoop.ipc.Server$Handler.run(Server.java:3165)
"84b435bb-d41b-4758-bf48-ce9052c81d4a@group-A7184706D343-cacheEviction-AwaitToRun" daemon prio=5 tid=1250 in Object.wait()
java.lang.Thread.State: WAITING (on object monitor)
        at java.base@21.0.5/jdk.internal.misc.Unsafe.park(Native Method)
        at java.base@21.0.5/java.util.concurrent.locks.LockSupport.park(LockSupport.java:371)
        at java.base@21.0.5/java.util.concurrent.locks.AbstractQueuedSynchronizer$ConditionNode.block(AbstractQueuedSynchronizer.java:519)
        at java.base@21.0.5/java.util.concurrent.ForkJoinPool.unmanagedBlock(ForkJoinPool.java:3780)
        at java.base@21.0.5/java.util.concurrent.ForkJoinPool.managedBlock(ForkJoinPool.java:3725)
        at java.base@21.0.5/java.util.concurrent.locks.AbstractQueuedSynchronizer$ConditionObject.await(AbstractQueuedSynchronizer.java:1712)
        at app//org.apache.ratis.util.AwaitForSignal.await(AwaitForSignal.java:48)
        at app//org.apache.ratis.util.AwaitToRun$RunnableImpl.run(AwaitToRun.java:47)
        at java.base@21.0.5/java.lang.Thread.runWith(Thread.java:1596)
        at java.base@21.0.5/java.lang.Thread.run(Thread.java:1583)
"IPC Server handler 41 on default port 15002" daemon prio=5 tid=380 timed_waiting
java.lang.Thread.State: TIMED_WAITING
        at java.base@21.0.5/jdk.internal.misc.Unsafe.park(Native Method)
        at java.base@21.0.5/java.util.concurrent.locks.LockSupport.parkNanos(LockSupport.java:269)
        at java.base@21.0.5/java.util.concurrent.locks.AbstractQueuedSynchronizer$ConditionObject.awaitNanos(AbstractQueuedSynchronizer.java:1763)
        at java.base@21.0.5/java.util.concurrent.LinkedBlockingQueue.poll(LinkedBlockingQueue.java:460)
        at app//org.apache.hadoop.ipc.CallQueueManager.take(CallQueueManager.java:370)
        at app//org.apache.hadoop.ipc.Server$Handler.run(Server.java:3165)
"IPC Server Responder" daemon prio=5 tid=824 runnable
java.lang.Thread.State: RUNNABLE
        at java.base@21.0.5/sun.nio.ch.EPoll.wait(Native Method)
        at java.base@21.0.5/sun.nio.ch.EPollSelectorImpl.doSelect(EPollSelectorImpl.java:121)
        at java.base@21.0.5/sun.nio.ch.SelectorImpl.lockAndDoSelect(SelectorImpl.java:130)
        at java.base@21.0.5/sun.nio.ch.SelectorImpl.select(SelectorImpl.java:142)
        at app//org.apache.hadoop.ipc.Server$Responder.doRunLoop(Server.java:1733)
        at app//org.apache.hadoop.ipc.Server$Responder.run(Server.java:1716)
"org.apache.hadoop.ozone.container.common.statemachine.commandhandler.DeleteBlocksCommandHandler$DeleteCmdWorker@61650e2d" daemon prio=5 tid=977 timed_waiting
java.lang.Thread.State: TIMED_WAITING
        at java.base@21.0.5/java.lang.Thread.sleep0(Native Method)
        at java.base@21.0.5/java.lang.Thread.sleep(Thread.java:509)
        at app//org.apache.hadoop.ozone.container.common.statemachine.commandhandler.DeleteBlocksCommandHandler$DeleteCmdWorker.run(DeleteBlocksCommandHandler.java:264)
        at java.base@21.0.5/java.lang.Thread.runWith(Thread.java:1596)
        at java.base@21.0.5/java.lang.Thread.run(Thread.java:1583)
"7c84fc52-fa7b-40d9-a19c-d4e4c83c5fa3@group-D9B980D230C1-cacheEviction-AwaitToRun" daemon prio=5 tid=1960 in Object.wait()
java.lang.Thread.State: WAITING (on object monitor)
        at java.base@21.0.5/jdk.internal.misc.Unsafe.park(Native Method)
        at java.base@21.0.5/java.util.concurrent.locks.LockSupport.park(LockSupport.java:371)
        at java.base@21.0.5/java.util.concurrent.locks.AbstractQueuedSynchronizer$ConditionNode.block(AbstractQueuedSynchronizer.java:519)
        at java.base@21.0.5/java.util.concurrent.ForkJoinPool.unmanagedBlock(ForkJoinPool.java:3780)
        at java.base@21.0.5/java.util.concurrent.ForkJoinPool.managedBlock(ForkJoinPool.java:3725)
        at java.base@21.0.5/java.util.concurrent.locks.AbstractQueuedSynchronizer$ConditionObject.await(AbstractQueuedSynchronizer.java:1712)
        at app//org.apache.ratis.util.AwaitForSignal.await(AwaitForSignal.java:48)
        at app//org.apache.ratis.util.AwaitToRun$RunnableImpl.run(AwaitToRun.java:47)
        at java.base@21.0.5/java.lang.Thread.runWith(Thread.java:1596)
        at java.base@21.0.5/java.lang.Thread.run(Thread.java:1583)
"timer7" daemon prio=5 tid=1389 timed_waiting
java.lang.Thread.State: TIMED_WAITING
        at java.base@21.0.5/java.lang.Object.wait0(Native Method)
        at java.base@21.0.5/java.lang.Object.wait(Object.java:366)
        at java.base@21.0.5/java.util.TimerThread.mainLoop(Timer.java:563)
        at java.base@21.0.5/java.util.TimerThread.run(Timer.java:516)
"pool-34-thread-1"  prio=5 tid=1524 timed_waiting
java.lang.Thread.State: TIMED_WAITING
        at java.base@21.0.5/jdk.internal.misc.Unsafe.park(Native Method)
        at java.base@21.0.5/java.util.concurrent.locks.LockSupport.parkNanos(LockSupport.java:410)
        at java.base@21.0.5/java.util.concurrent.LinkedTransferQueue$DualNode.await(LinkedTransferQueue.java:452)
        at java.base@21.0.5/java.util.concurrent.SynchronousQueue$Transferer.xferLifo(SynchronousQueue.java:194)
        at java.base@21.0.5/java.util.concurrent.SynchronousQueue.xfer(SynchronousQueue.java:235)
        at java.base@21.0.5/java.util.concurrent.SynchronousQueue.poll(SynchronousQueue.java:338)
        at java.base@21.0.5/java.util.concurrent.ThreadPoolExecutor.getTask(ThreadPoolExecutor.java:1069)
        at java.base@21.0.5/java.util.concurrent.ThreadPoolExecutor.runWorker(ThreadPoolExecutor.java:1130)
        at java.base@21.0.5/java.util.concurrent.ThreadPoolExecutor$Worker.run(ThreadPoolExecutor.java:642)
        at java.base@21.0.5/java.lang.Thread.runWith(Thread.java:1596)
        at java.base@21.0.5/java.lang.Thread.run(Thread.java:1583)
"Socket Reader #1 for port 15012"  prio=5 tid=535 runnable
java.lang.Thread.State: RUNNABLE
        at java.base@21.0.5/sun.nio.ch.EPoll.wait(Native Method)
        at java.base@21.0.5/sun.nio.ch.EPollSelectorImpl.doSelect(EPollSelectorImpl.java:121)
        at java.base@21.0.5/sun.nio.ch.SelectorImpl.lockAndDoSelect(SelectorImpl.java:130)
        at java.base@21.0.5/sun.nio.ch.SelectorImpl.select(SelectorImpl.java:147)
        at app//org.apache.hadoop.ipc.Server$Listener$Reader.doRunLoop(Server.java:1497)
        at app//org.apache.hadoop.ipc.Server$Listener$Reader.run(Server.java:1476)
"EventQueue-ContainerRegistrationReportForContainerSafeModeRule" daemon prio=5 tid=1111 in Object.wait()
java.lang.Thread.State: WAITING (on object monitor)
        at java.base@21.0.5/jdk.internal.misc.Unsafe.park(Native Method)
        at java.base@21.0.5/java.util.concurrent.locks.LockSupport.park(LockSupport.java:371)
        at java.base@21.0.5/java.util.concurrent.locks.AbstractQueuedSynchronizer$ConditionNode.block(AbstractQueuedSynchronizer.java:519)
        at java.base@21.0.5/java.util.concurrent.ForkJoinPool.unmanagedBlock(ForkJoinPool.java:3780)
        at java.base@21.0.5/java.util.concurrent.ForkJoinPool.managedBlock(ForkJoinPool.java:3725)
        at java.base@21.0.5/java.util.concurrent.locks.AbstractQueuedSynchronizer$ConditionObject.await(AbstractQueuedSynchronizer.java:1712)
        at java.base@21.0.5/java.util.concurrent.LinkedBlockingQueue.take(LinkedBlockingQueue.java:435)
        at java.base@21.0.5/java.util.concurrent.ThreadPoolExecutor.getTask(ThreadPoolExecutor.java:1070)
        at java.base@21.0.5/java.util.concurrent.ThreadPoolExecutor.runWorker(ThreadPoolExecutor.java:1130)
        at java.base@21.0.5/java.util.concurrent.ThreadPoolExecutor$Worker.run(ThreadPoolExecutor.java:642)
        at java.base@21.0.5/java.lang.Thread.runWith(Thread.java:1596)
        at java.base@21.0.5/java.lang.Thread.run(Thread.java:1583)
"ContainerDataScanner(/home/runner/work/ozone/ozone/hadoop-ozone/integration-test/target/test-dir/MiniOzoneClusterImpl-7d8e89df-ef81-4ba3-8c0c-8d2bb8f5309d/ozone-meta/datanode-10/data-0/hdds)" daemon prio=5 tid=1159 timed_waiting
java.lang.Thread.State: TIMED_WAITING
        at java.base@21.0.5/java.lang.Thread.sleep0(Native Method)
        at java.base@21.0.5/java.lang.Thread.sleep(Thread.java:509)
        at app//org.apache.hadoop.ozone.container.ozoneimpl.AbstractBackgroundContainerScanner.handleRemainingSleep(AbstractBackgroundContainerScanner.java:131)
        at app//org.apache.hadoop.ozone.container.ozoneimpl.AbstractBackgroundContainerScanner.runIteration(AbstractBackgroundContainerScanner.java:98)
        at app//org.apache.hadoop.ozone.container.ozoneimpl.AbstractBackgroundContainerScanner.run(AbstractBackgroundContainerScanner.java:57)
"IPC Server handler 95 on default port 15002" daemon prio=5 tid=434 timed_waiting
java.lang.Thread.State: TIMED_WAITING
        at java.base@21.0.5/jdk.internal.misc.Unsafe.park(Native Method)
        at java.base@21.0.5/java.util.concurrent.locks.LockSupport.parkNanos(LockSupport.java:269)
        at java.base@21.0.5/java.util.concurrent.locks.AbstractQueuedSynchronizer$ConditionObject.awaitNanos(AbstractQueuedSynchronizer.java:1763)
        at java.base@21.0.5/java.util.concurrent.LinkedBlockingQueue.poll(LinkedBlockingQueue.java:460)
        at app//org.apache.hadoop.ipc.CallQueueManager.take(CallQueueManager.java:370)
        at app//org.apache.hadoop.ipc.Server$Handler.run(Server.java:3165)
"9c1aee78-f037-4e17-b985-0daab5eaf154-ChunkWriter-3-0" daemon prio=5 tid=1102 in Object.wait()
java.lang.Thread.State: WAITING (on object monitor)
        at java.base@21.0.5/jdk.internal.misc.Unsafe.park(Native Method)
        at java.base@21.0.5/java.util.concurrent.locks.LockSupport.park(LockSupport.java:371)
        at java.base@21.0.5/java.util.concurrent.locks.AbstractQueuedSynchronizer$ConditionNode.block(AbstractQueuedSynchronizer.java:519)
        at java.base@21.0.5/java.util.concurrent.ForkJoinPool.unmanagedBlock(ForkJoinPool.java:3780)
        at java.base@21.0.5/java.util.concurrent.ForkJoinPool.managedBlock(ForkJoinPool.java:3725)
        at java.base@21.0.5/java.util.concurrent.locks.AbstractQueuedSynchronizer$ConditionObject.await(AbstractQueuedSynchronizer.java:1712)
        at java.base@21.0.5/java.util.concurrent.LinkedBlockingDeque.takeFirst(LinkedBlockingDeque.java:485)
        at java.base@21.0.5/java.util.concurrent.LinkedBlockingDeque.take(LinkedBlockingDeque.java:673)
        at java.base@21.0.5/java.util.concurrent.ThreadPoolExecutor.getTask(ThreadPoolExecutor.java:1070)
        at java.base@21.0.5/java.util.concurrent.ThreadPoolExecutor.runWorker(ThreadPoolExecutor.java:1130)
        at java.base@21.0.5/java.util.concurrent.ThreadPoolExecutor$Worker.run(ThreadPoolExecutor.java:642)
        at java.base@21.0.5/java.lang.Thread.runWith(Thread.java:1596)
        at java.base@21.0.5/java.lang.Thread.run(Thread.java:1583)
"IPC Server handler 10 on default port 15001" daemon prio=5 tid=231 timed_waiting
java.lang.Thread.State: TIMED_WAITING
        at java.base@21.0.5/jdk.internal.misc.Unsafe.park(Native Method)
        at java.base@21.0.5/java.util.concurrent.locks.LockSupport.parkNanos(LockSupport.java:269)
        at java.base@21.0.5/java.util.concurrent.locks.AbstractQueuedSynchronizer$ConditionObject.awaitNanos(AbstractQueuedSynchronizer.java:1763)
        at java.base@21.0.5/java.util.concurrent.LinkedBlockingQueue.poll(LinkedBlockingQueue.java:460)
        at app//org.apache.hadoop.ipc.CallQueueManager.take(CallQueueManager.java:370)
        at app//org.apache.hadoop.ipc.Server$Handler.run(Server.java:3165)
"d1093f6a-6992-456d-ac47-966fa1bbc12e-BlockDeletingService#0" daemon prio=5 tid=1954 in Object.wait()
java.lang.Thread.State: WAITING (on object monitor)
        at java.base@21.0.5/jdk.internal.misc.Unsafe.park(Native Method)
        at java.base@21.0.5/java.util.concurrent.locks.LockSupport.park(LockSupport.java:371)
        at java.base@21.0.5/java.util.concurrent.locks.AbstractQueuedSynchronizer$ConditionNode.block(AbstractQueuedSynchronizer.java:519)
        at java.base@21.0.5/java.util.concurrent.ForkJoinPool.unmanagedBlock(ForkJoinPool.java:3780)
        at java.base@21.0.5/java.util.concurrent.ForkJoinPool.managedBlock(ForkJoinPool.java:3725)
        at java.base@21.0.5/java.util.concurrent.locks.AbstractQueuedSynchronizer$ConditionObject.await(AbstractQueuedSynchronizer.java:1712)
        at java.base@21.0.5/java.util.concurrent.ScheduledThreadPoolExecutor$DelayedWorkQueue.take(ScheduledThreadPoolExecutor.java:1177)
        at java.base@21.0.5/java.util.concurrent.ScheduledThreadPoolExecutor$DelayedWorkQueue.take(ScheduledThreadPoolExecutor.java:899)
        at java.base@21.0.5/java.util.concurrent.ThreadPoolExecutor.getTask(ThreadPoolExecutor.java:1070)
        at java.base@21.0.5/java.util.concurrent.ThreadPoolExecutor.runWorker(ThreadPoolExecutor.java:1130)
        at java.base@21.0.5/java.util.concurrent.ThreadPoolExecutor$Worker.run(ThreadPoolExecutor.java:642)
        at java.base@21.0.5/java.lang.Thread.runWith(Thread.java:1596)
        at java.base@21.0.5/java.lang.Thread.run(Thread.java:1583)
"qtp223830602-496" daemon prio=5 tid=496 timed_waiting
java.lang.Thread.State: TIMED_WAITING
        at java.base@21.0.5/jdk.internal.misc.Unsafe.park(Native Method)
        at java.base@21.0.5/java.util.concurrent.locks.LockSupport.parkNanos(LockSupport.java:269)
        at java.base@21.0.5/java.util.concurrent.locks.AbstractQueuedSynchronizer$ConditionObject.awaitNanos(AbstractQueuedSynchronizer.java:1763)
        at app//org.eclipse.jetty.util.BlockingArrayQueue.poll(BlockingArrayQueue.java:382)
        at app//org.eclipse.jetty.util.thread.QueuedThreadPool$Runner.idleJobPoll(QueuedThreadPool.java:974)
        at app//org.eclipse.jetty.util.thread.QueuedThreadPool$Runner.run(QueuedThreadPool.java:1018)
        at java.base@21.0.5/java.lang.Thread.runWith(Thread.java:1596)
        at java.base@21.0.5/java.lang.Thread.run(Thread.java:1583)
"qtp1570121683-577" daemon prio=5 tid=577 timed_waiting
java.lang.Thread.State: TIMED_WAITING
        at java.base@21.0.5/jdk.internal.misc.Unsafe.park(Native Method)
        at java.base@21.0.5/java.util.concurrent.locks.LockSupport.parkNanos(LockSupport.java:269)
        at java.base@21.0.5/java.util.concurrent.locks.AbstractQueuedSynchronizer$ConditionObject.awaitNanos(AbstractQueuedSynchronizer.java:1763)
        at app//org.eclipse.jetty.util.BlockingArrayQueue.poll(BlockingArrayQueue.java:382)
        at app//org.eclipse.jetty.util.thread.QueuedThreadPool$Runner.idleJobPoll(QueuedThreadPool.java:974)
        at app//org.eclipse.jetty.util.thread.QueuedThreadPool$Runner.run(QueuedThreadPool.java:1018)
        at java.base@21.0.5/java.lang.Thread.runWith(Thread.java:1596)
        at java.base@21.0.5/java.lang.Thread.run(Thread.java:1583)
"fc60e07f-496f-42fe-ae82-620152583f87-ContainerOp-4474378b-bdfd-48f7-8c6c-13713b6c3e02-2"  prio=5 tid=1841 in Object.wait()
java.lang.Thread.State: WAITING (on object monitor)
        at java.base@21.0.5/jdk.internal.misc.Unsafe.park(Native Method)
        at java.base@21.0.5/java.util.concurrent.locks.LockSupport.park(LockSupport.java:371)
        at java.base@21.0.5/java.util.concurrent.locks.AbstractQueuedSynchronizer$ConditionNode.block(AbstractQueuedSynchronizer.java:519)
        at java.base@21.0.5/java.util.concurrent.ForkJoinPool.unmanagedBlock(ForkJoinPool.java:3780)
        at java.base@21.0.5/java.util.concurrent.ForkJoinPool.managedBlock(ForkJoinPool.java:3725)
        at java.base@21.0.5/java.util.concurrent.locks.AbstractQueuedSynchronizer$ConditionObject.await(AbstractQueuedSynchronizer.java:1712)
        at java.base@21.0.5/java.util.concurrent.LinkedBlockingQueue.take(LinkedBlockingQueue.java:435)
        at java.base@21.0.5/java.util.concurrent.ThreadPoolExecutor.getTask(ThreadPoolExecutor.java:1070)
        at java.base@21.0.5/java.util.concurrent.ThreadPoolExecutor.runWorker(ThreadPoolExecutor.java:1130)
        at java.base@21.0.5/java.util.concurrent.ThreadPoolExecutor$Worker.run(ThreadPoolExecutor.java:642)
        at java.base@21.0.5/java.lang.Thread.runWith(Thread.java:1596)
        at java.base@21.0.5/java.lang.Thread.run(Thread.java:1583)
"IPC Server handler 66 on default port 15000" daemon prio=5 tid=187 timed_waiting
java.lang.Thread.State: TIMED_WAITING
        at java.base@21.0.5/jdk.internal.misc.Unsafe.park(Native Method)
        at java.base@21.0.5/java.util.concurrent.locks.LockSupport.parkNanos(LockSupport.java:269)
        at java.base@21.0.5/java.util.concurrent.locks.AbstractQueuedSynchronizer$ConditionObject.awaitNanos(AbstractQueuedSynchronizer.java:1763)
        at java.base@21.0.5/java.util.concurrent.LinkedBlockingQueue.poll(LinkedBlockingQueue.java:460)
        at app//org.apache.hadoop.ipc.CallQueueManager.take(CallQueueManager.java:370)
        at app//org.apache.hadoop.ipc.Server$Handler.run(Server.java:3165)
"qtp223830602-495" daemon prio=5 tid=495 timed_waiting
java.lang.Thread.State: TIMED_WAITING
        at java.base@21.0.5/jdk.internal.misc.Unsafe.park(Native Method)
        at java.base@21.0.5/java.util.concurrent.locks.LockSupport.parkNanos(LockSupport.java:269)
        at java.base@21.0.5/java.util.concurrent.locks.AbstractQueuedSynchronizer$ConditionObject.awaitNanos(AbstractQueuedSynchronizer.java:1763)
        at app//org.eclipse.jetty.util.BlockingArrayQueue.poll(BlockingArrayQueue.java:382)
        at app//org.eclipse.jetty.util.thread.QueuedThreadPool$Runner.idleJobPoll(QueuedThreadPool.java:974)
        at app//org.eclipse.jetty.util.thread.QueuedThreadPool$Runner.run(QueuedThreadPool.java:1018)
        at java.base@21.0.5/java.lang.Thread.runWith(Thread.java:1596)
        at java.base@21.0.5/java.lang.Thread.run(Thread.java:1583)
"IPC Server handler 4 on default port 15048" daemon prio=5 tid=738 timed_waiting
java.lang.Thread.State: TIMED_WAITING
        at java.base@21.0.5/jdk.internal.misc.Unsafe.park(Native Method)
        at java.base@21.0.5/java.util.concurrent.locks.LockSupport.parkNanos(LockSupport.java:269)
        at java.base@21.0.5/java.util.concurrent.locks.AbstractQueuedSynchronizer$ConditionObject.awaitNanos(AbstractQueuedSynchronizer.java:1763)
        at java.base@21.0.5/java.util.concurrent.LinkedBlockingQueue.poll(LinkedBlockingQueue.java:460)
        at app//org.apache.hadoop.ipc.CallQueueManager.take(CallQueueManager.java:370)
        at app//org.apache.hadoop.ipc.Server$Handler.run(Server.java:3165)
"StaleRecoveringContainerScrubbingService#0" daemon prio=5 tid=1131 timed_waiting
java.lang.Thread.State: TIMED_WAITING
        at java.base@21.0.5/jdk.internal.misc.Unsafe.park(Native Method)
        at java.base@21.0.5/java.util.concurrent.locks.LockSupport.parkNanos(LockSupport.java:269)
        at java.base@21.0.5/java.util.concurrent.locks.AbstractQueuedSynchronizer$ConditionObject.awaitNanos(AbstractQueuedSynchronizer.java:1763)
        at java.base@21.0.5/java.util.concurrent.ScheduledThreadPoolExecutor$DelayedWorkQueue.take(ScheduledThreadPoolExecutor.java:1182)
        at java.base@21.0.5/java.util.concurrent.ScheduledThreadPoolExecutor$DelayedWorkQueue.take(ScheduledThreadPoolExecutor.java:899)
        at java.base@21.0.5/java.util.concurrent.ThreadPoolExecutor.getTask(ThreadPoolExecutor.java:1070)
        at java.base@21.0.5/java.util.concurrent.ThreadPoolExecutor.runWorker(ThreadPoolExecutor.java:1130)
        at java.base@21.0.5/java.util.concurrent.ThreadPoolExecutor$Worker.run(ThreadPoolExecutor.java:642)
        at java.base@21.0.5/java.lang.Thread.runWith(Thread.java:1596)
        at java.base@21.0.5/java.lang.Thread.run(Thread.java:1583)
"IPC Server handler 58 on default port 15001" daemon prio=5 tid=279 timed_waiting
java.lang.Thread.State: TIMED_WAITING
        at java.base@21.0.5/jdk.internal.misc.Unsafe.park(Native Method)
        at java.base@21.0.5/java.util.concurrent.locks.LockSupport.parkNanos(LockSupport.java:269)
        at java.base@21.0.5/java.util.concurrent.locks.AbstractQueuedSynchronizer$ConditionObject.awaitNanos(AbstractQueuedSynchronizer.java:1763)
        at java.base@21.0.5/java.util.concurrent.LinkedBlockingQueue.poll(LinkedBlockingQueue.java:460)
        at app//org.apache.hadoop.ipc.CallQueueManager.take(CallQueueManager.java:370)
        at app//org.apache.hadoop.ipc.Server$Handler.run(Server.java:3165)
"IPC Server handler 97 on default port 15000" daemon prio=5 tid=218 timed_waiting
java.lang.Thread.State: TIMED_WAITING
        at java.base@21.0.5/jdk.internal.misc.Unsafe.park(Native Method)
        at java.base@21.0.5/java.util.concurrent.locks.LockSupport.parkNanos(LockSupport.java:269)
        at java.base@21.0.5/java.util.concurrent.locks.AbstractQueuedSynchronizer$ConditionObject.awaitNanos(AbstractQueuedSynchronizer.java:1763)
        at java.base@21.0.5/java.util.concurrent.LinkedBlockingQueue.poll(LinkedBlockingQueue.java:460)
        at app//org.apache.hadoop.ipc.CallQueueManager.take(CallQueueManager.java:370)
        at app//org.apache.hadoop.ipc.Server$Handler.run(Server.java:3165)
"qtp1698217345-2145" daemon prio=5 tid=2145 runnable
java.lang.Thread.State: RUNNABLE
        at java.base@21.0.5/sun.nio.ch.EPoll.wait(Native Method)
        at java.base@21.0.5/sun.nio.ch.EPollSelectorImpl.doSelect(EPollSelectorImpl.java:121)
        at java.base@21.0.5/sun.nio.ch.SelectorImpl.lockAndDoSelect(SelectorImpl.java:130)
        at java.base@21.0.5/sun.nio.ch.SelectorImpl.select(SelectorImpl.java:147)
        at app//org.eclipse.jetty.io.ManagedSelector.nioSelect(ManagedSelector.java:183)
        at app//org.eclipse.jetty.io.ManagedSelector.select(ManagedSelector.java:190)
        at app//org.eclipse.jetty.io.ManagedSelector$SelectorProducer.select(ManagedSelector.java:606)
        at app//org.eclipse.jetty.io.ManagedSelector$SelectorProducer.produce(ManagedSelector.java:543)
        at app//org.eclipse.jetty.util.thread.strategy.EatWhatYouKill.produceTask(EatWhatYouKill.java:362)
        at app//org.eclipse.jetty.util.thread.strategy.EatWhatYouKill.doProduce(EatWhatYouKill.java:186)
        at app//org.eclipse.jetty.util.thread.strategy.EatWhatYouKill.tryProduce(EatWhatYouKill.java:173)
        at app//org.eclipse.jetty.util.thread.strategy.EatWhatYouKill.produce(EatWhatYouKill.java:137)
        at app//org.eclipse.jetty.io.ManagedSelector$$Lambda/0x00007fcfe0662730.run(Unknown Source)
        at app//org.eclipse.jetty.util.thread.QueuedThreadPool.runJob(QueuedThreadPool.java:883)
        at app//org.eclipse.jetty.util.thread.QueuedThreadPool$Runner.run(QueuedThreadPool.java:1034)
        at java.base@21.0.5/java.lang.Thread.runWith(Thread.java:1596)
        at java.base@21.0.5/java.lang.Thread.run(Thread.java:1583)
"IPC Server handler 95 on default port 15001" daemon prio=5 tid=316 timed_waiting
java.lang.Thread.State: TIMED_WAITING
        at java.base@21.0.5/jdk.internal.misc.Unsafe.park(Native Method)
        at java.base@21.0.5/java.util.concurrent.locks.LockSupport.parkNanos(LockSupport.java:269)
        at java.base@21.0.5/java.util.concurrent.locks.AbstractQueuedSynchronizer$ConditionObject.awaitNanos(AbstractQueuedSynchronizer.java:1763)
        at java.base@21.0.5/java.util.concurrent.LinkedBlockingQueue.poll(LinkedBlockingQueue.java:460)
        at app//org.apache.hadoop.ipc.CallQueueManager.take(CallQueueManager.java:370)
        at app//org.apache.hadoop.ipc.Server$Handler.run(Server.java:3165)
"fc60e07f-496f-42fe-ae82-620152583f87-ContainerOp-8ef3bc64-5854-4584-910e-a7184706d343-3"  prio=5 tid=1542 in Object.wait()
java.lang.Thread.State: WAITING (on object monitor)
        at java.base@21.0.5/jdk.internal.misc.Unsafe.park(Native Method)
        at java.base@21.0.5/java.util.concurrent.locks.LockSupport.park(LockSupport.java:371)
        at java.base@21.0.5/java.util.concurrent.locks.AbstractQueuedSynchronizer$ConditionNode.block(AbstractQueuedSynchronizer.java:519)
        at java.base@21.0.5/java.util.concurrent.ForkJoinPool.unmanagedBlock(ForkJoinPool.java:3780)
        at java.base@21.0.5/java.util.concurrent.ForkJoinPool.managedBlock(ForkJoinPool.java:3725)
        at java.base@21.0.5/java.util.concurrent.locks.AbstractQueuedSynchronizer$ConditionObject.await(AbstractQueuedSynchronizer.java:1712)
        at java.base@21.0.5/java.util.concurrent.LinkedBlockingQueue.take(LinkedBlockingQueue.java:435)
        at java.base@21.0.5/java.util.concurrent.ThreadPoolExecutor.getTask(ThreadPoolExecutor.java:1070)
        at java.base@21.0.5/java.util.concurrent.ThreadPoolExecutor.runWorker(ThreadPoolExecutor.java:1130)
        at java.base@21.0.5/java.util.concurrent.ThreadPoolExecutor$Worker.run(ThreadPoolExecutor.java:642)
        at java.base@21.0.5/java.lang.Thread.runWith(Thread.java:1596)
        at java.base@21.0.5/java.lang.Thread.run(Thread.java:1583)
"Socket Reader #9 for port 15084"  prio=5 tid=951 runnable
java.lang.Thread.State: RUNNABLE
        at java.base@21.0.5/sun.nio.ch.EPoll.wait(Native Method)
        at java.base@21.0.5/sun.nio.ch.EPollSelectorImpl.doSelect(EPollSelectorImpl.java:121)
        at java.base@21.0.5/sun.nio.ch.SelectorImpl.lockAndDoSelect(SelectorImpl.java:130)
        at java.base@21.0.5/sun.nio.ch.SelectorImpl.select(SelectorImpl.java:147)
        at app//org.apache.hadoop.ipc.Server$Listener$Reader.doRunLoop(Server.java:1497)
        at app//org.apache.hadoop.ipc.Server$Listener$Reader.run(Server.java:1476)
"Socket Reader #1 for port 15039"  prio=5 tid=2153 runnable
java.lang.Thread.State: RUNNABLE
        at java.base@21.0.5/sun.nio.ch.EPoll.wait(Native Method)
        at java.base@21.0.5/sun.nio.ch.EPollSelectorImpl.doSelect(EPollSelectorImpl.java:121)
        at java.base@21.0.5/sun.nio.ch.SelectorImpl.lockAndDoSelect(SelectorImpl.java:130)
        at java.base@21.0.5/sun.nio.ch.SelectorImpl.select(SelectorImpl.java:147)
        at app//org.apache.hadoop.ipc.Server$Listener$Reader.doRunLoop(Server.java:1497)
        at app//org.apache.hadoop.ipc.Server$Listener$Reader.run(Server.java:1476)
"Socket Reader #4 for port 15012"  prio=5 tid=538 runnable
java.lang.Thread.State: RUNNABLE
        at java.base@21.0.5/sun.nio.ch.EPoll.wait(Native Method)
        at java.base@21.0.5/sun.nio.ch.EPollSelectorImpl.doSelect(EPollSelectorImpl.java:121)
        at java.base@21.0.5/sun.nio.ch.SelectorImpl.lockAndDoSelect(SelectorImpl.java:130)
        at java.base@21.0.5/sun.nio.ch.SelectorImpl.select(SelectorImpl.java:147)
        at app//org.apache.hadoop.ipc.Server$Listener$Reader.doRunLoop(Server.java:1497)
        at app//org.apache.hadoop.ipc.Server$Listener$Reader.run(Server.java:1476)
"17963aff-71fe-4a8f-bd2e-c405ff93174f@group-9167B95FD813-FollowerState" daemon prio=5 tid=1468 timed_waiting
java.lang.Thread.State: TIMED_WAITING
        at java.base@21.0.5/java.lang.Thread.sleep0(Native Method)
        at java.base@21.0.5/java.lang.Thread.sleep(Thread.java:558)
        at java.base@21.0.5/java.util.concurrent.TimeUnit.sleep(TimeUnit.java:446)
        at app//org.apache.ratis.util.TimeDuration.sleep(TimeDuration.java:353)
        at app//org.apache.ratis.util.TimeDuration.sleep(TimeDuration.java:338)
        at app//org.apache.ratis.server.impl.FollowerState.runImpl(FollowerState.java:149)
        at app//org.apache.ratis.server.impl.FollowerState.run(FollowerState.java:130)
"a14cd1ab-7861-42f9-8639-15260a7193f0-impl-thread1"  prio=5 tid=2139 timed_waiting
java.lang.Thread.State: TIMED_WAITING
        at java.base@21.0.5/jdk.internal.misc.Unsafe.park(Native Method)
        at java.base@21.0.5/java.util.concurrent.locks.LockSupport.parkNanos(LockSupport.java:410)
        at java.base@21.0.5/java.util.concurrent.LinkedTransferQueue$DualNode.await(LinkedTransferQueue.java:452)
        at java.base@21.0.5/java.util.concurrent.SynchronousQueue$Transferer.xferLifo(SynchronousQueue.java:194)
        at java.base@21.0.5/java.util.concurrent.SynchronousQueue.xfer(SynchronousQueue.java:235)
        at java.base@21.0.5/java.util.concurrent.SynchronousQueue.poll(SynchronousQueue.java:338)
        at java.base@21.0.5/java.util.concurrent.ThreadPoolExecutor.getTask(ThreadPoolExecutor.java:1069)
        at java.base@21.0.5/java.util.concurrent.ThreadPoolExecutor.runWorker(ThreadPoolExecutor.java:1130)
        at java.base@21.0.5/java.util.concurrent.ThreadPoolExecutor$Worker.run(ThreadPoolExecutor.java:642)
        at java.base@21.0.5/java.lang.Thread.runWith(Thread.java:1596)
        at java.base@21.0.5/java.lang.Thread.run(Thread.java:1583)
"om1@group-C5BA1605619E-SegmentedRaftLogWorker"  prio=5 tid=465 timed_waiting
java.lang.Thread.State: TIMED_WAITING
        at java.base@21.0.5/jdk.internal.misc.Unsafe.park(Native Method)
        at java.base@21.0.5/java.util.concurrent.locks.LockSupport.parkNanos(LockSupport.java:269)
        at java.base@21.0.5/java.util.concurrent.locks.AbstractQueuedSynchronizer$ConditionObject.awaitNanos(AbstractQueuedSynchronizer.java:1763)
        at app//org.apache.ratis.util.DataBlockingQueue.poll(DataBlockingQueue.java:148)
        at app//org.apache.ratis.server.raftlog.segmented.SegmentedRaftLogWorker.run(SegmentedRaftLogWorker.java:307)
        at app//org.apache.ratis.server.raftlog.segmented.SegmentedRaftLogWorker$$Lambda/0x00007fcfe03376d0.run(Unknown Source)
        at java.base@21.0.5/java.util.concurrent.Executors$RunnableAdapter.call(Executors.java:572)
        at java.base@21.0.5/java.util.concurrent.FutureTask.run(FutureTask.java:317)
        at java.base@21.0.5/java.util.concurrent.ThreadPoolExecutor.runWorker(ThreadPoolExecutor.java:1144)
        at java.base@21.0.5/java.util.concurrent.ThreadPoolExecutor$Worker.run(ThreadPoolExecutor.java:642)
        at java.base@21.0.5/java.lang.Thread.runWith(Thread.java:1596)
        at java.base@21.0.5/java.lang.Thread.run(Thread.java:1583)
"IPC Server handler 12 on default port 15006" daemon prio=5 tid=510 timed_waiting
java.lang.Thread.State: TIMED_WAITING
        at java.base@21.0.5/jdk.internal.misc.Unsafe.park(Native Method)
        at java.base@21.0.5/java.util.concurrent.locks.LockSupport.parkNanos(LockSupport.java:269)
        at java.base@21.0.5/java.util.concurrent.locks.AbstractQueuedSynchronizer$ConditionObject.awaitNanos(AbstractQueuedSynchronizer.java:1763)
        at java.base@21.0.5/java.util.concurrent.LinkedBlockingQueue.poll(LinkedBlockingQueue.java:460)
        at app//org.apache.hadoop.ipc.CallQueueManager.take(CallQueueManager.java:370)
        at app//org.apache.hadoop.ipc.Server$Handler.run(Server.java:3165)
"7c84fc52-fa7b-40d9-a19c-d4e4c83c5fa3-DatanodeReportManager-0" daemon prio=5 tid=605 timed_waiting
java.lang.Thread.State: TIMED_WAITING
        at java.base@21.0.5/jdk.internal.misc.Unsafe.park(Native Method)
        at java.base@21.0.5/java.util.concurrent.locks.LockSupport.parkNanos(LockSupport.java:269)
        at java.base@21.0.5/java.util.concurrent.locks.AbstractQueuedSynchronizer$ConditionObject.awaitNanos(AbstractQueuedSynchronizer.java:1763)
        at java.base@21.0.5/java.util.concurrent.ScheduledThreadPoolExecutor$DelayedWorkQueue.take(ScheduledThreadPoolExecutor.java:1182)
        at java.base@21.0.5/java.util.concurrent.ScheduledThreadPoolExecutor$DelayedWorkQueue.take(ScheduledThreadPoolExecutor.java:899)
        at java.base@21.0.5/java.util.concurrent.ThreadPoolExecutor.getTask(ThreadPoolExecutor.java:1070)
        at java.base@21.0.5/java.util.concurrent.ThreadPoolExecutor.runWorker(ThreadPoolExecutor.java:1130)
        at java.base@21.0.5/java.util.concurrent.ThreadPoolExecutor$Worker.run(ThreadPoolExecutor.java:642)
        at java.base@21.0.5/java.lang.Thread.runWith(Thread.java:1596)
        at java.base@21.0.5/java.lang.Thread.run(Thread.java:1583)
"Socket Reader #4 for port 15030"  prio=5 tid=1913 runnable
java.lang.Thread.State: RUNNABLE
        at java.base@21.0.5/sun.nio.ch.EPoll.wait(Native Method)
        at java.base@21.0.5/sun.nio.ch.EPollSelectorImpl.doSelect(EPollSelectorImpl.java:121)
        at java.base@21.0.5/sun.nio.ch.SelectorImpl.lockAndDoSelect(SelectorImpl.java:130)
        at java.base@21.0.5/sun.nio.ch.SelectorImpl.select(SelectorImpl.java:147)
        at app//org.apache.hadoop.ipc.Server$Listener$Reader.doRunLoop(Server.java:1497)
        at app//org.apache.hadoop.ipc.Server$Listener$Reader.run(Server.java:1476)
"IPC Server handler 20 on default port 15000" daemon prio=5 tid=141 timed_waiting
java.lang.Thread.State: TIMED_WAITING
        at java.base@21.0.5/jdk.internal.misc.Unsafe.park(Native Method)
        at java.base@21.0.5/java.util.concurrent.locks.LockSupport.parkNanos(LockSupport.java:269)
        at java.base@21.0.5/java.util.concurrent.locks.AbstractQueuedSynchronizer$ConditionObject.awaitNanos(AbstractQueuedSynchronizer.java:1763)
        at java.base@21.0.5/java.util.concurrent.LinkedBlockingQueue.poll(LinkedBlockingQueue.java:460)
        at app//org.apache.hadoop.ipc.CallQueueManager.take(CallQueueManager.java:370)
        at app//org.apache.hadoop.ipc.Server$Handler.run(Server.java:3165)
"grpc-default-executor-11" daemon prio=5 tid=2104 timed_waiting
java.lang.Thread.State: TIMED_WAITING
        at java.base@21.0.5/jdk.internal.misc.Unsafe.park(Native Method)
        at java.base@21.0.5/java.util.concurrent.locks.LockSupport.parkNanos(LockSupport.java:410)
        at java.base@21.0.5/java.util.concurrent.LinkedTransferQueue$DualNode.await(LinkedTransferQueue.java:452)
        at java.base@21.0.5/java.util.concurrent.SynchronousQueue$Transferer.xferLifo(SynchronousQueue.java:194)
        at java.base@21.0.5/java.util.concurrent.SynchronousQueue.xfer(SynchronousQueue.java:235)
        at java.base@21.0.5/java.util.concurrent.SynchronousQueue.poll(SynchronousQueue.java:338)
        at java.base@21.0.5/java.util.concurrent.ThreadPoolExecutor.getTask(ThreadPoolExecutor.java:1069)
        at java.base@21.0.5/java.util.concurrent.ThreadPoolExecutor.runWorker(ThreadPoolExecutor.java:1130)
        at java.base@21.0.5/java.util.concurrent.ThreadPoolExecutor$Worker.run(ThreadPoolExecutor.java:642)
        at java.base@21.0.5/java.lang.Thread.runWith(Thread.java:1596)
        at java.base@21.0.5/java.lang.Thread.run(Thread.java:1583)
"IPC Server handler 49 on default port 15002" daemon prio=5 tid=388 timed_waiting
java.lang.Thread.State: TIMED_WAITING
        at java.base@21.0.5/jdk.internal.misc.Unsafe.park(Native Method)
        at java.base@21.0.5/java.util.concurrent.locks.LockSupport.parkNanos(LockSupport.java:269)
        at java.base@21.0.5/java.util.concurrent.locks.AbstractQueuedSynchronizer$ConditionObject.awaitNanos(AbstractQueuedSynchronizer.java:1763)
        at java.base@21.0.5/java.util.concurrent.LinkedBlockingQueue.poll(LinkedBlockingQueue.java:460)
        at app//org.apache.hadoop.ipc.CallQueueManager.take(CallQueueManager.java:370)
        at app//org.apache.hadoop.ipc.Server$Handler.run(Server.java:3165)
"qtp119512187-1904" daemon prio=5 tid=1904 timed_waiting
java.lang.Thread.State: TIMED_WAITING
        at java.base@21.0.5/jdk.internal.misc.Unsafe.park(Native Method)
        at java.base@21.0.5/java.util.concurrent.locks.LockSupport.parkNanos(LockSupport.java:269)
        at java.base@21.0.5/java.util.concurrent.locks.AbstractQueuedSynchronizer$ConditionObject.awaitNanos(AbstractQueuedSynchronizer.java:1763)
        at app//org.eclipse.jetty.util.BlockingArrayQueue.poll(BlockingArrayQueue.java:382)
        at app//org.eclipse.jetty.util.thread.QueuedThreadPool$Runner.idleJobPoll(QueuedThreadPool.java:974)
        at app//org.eclipse.jetty.util.thread.QueuedThreadPool$Runner.run(QueuedThreadPool.java:1018)
        at java.base@21.0.5/java.lang.Thread.runWith(Thread.java:1596)
        at java.base@21.0.5/java.lang.Thread.run(Thread.java:1583)
"Socket Reader #6 for port 15000"  prio=5 tid=95 runnable
java.lang.Thread.State: RUNNABLE
        at java.base@21.0.5/sun.nio.ch.EPoll.wait(Native Method)
        at java.base@21.0.5/sun.nio.ch.EPollSelectorImpl.doSelect(EPollSelectorImpl.java:121)
        at java.base@21.0.5/sun.nio.ch.SelectorImpl.lockAndDoSelect(SelectorImpl.java:130)
        at java.base@21.0.5/sun.nio.ch.SelectorImpl.select(SelectorImpl.java:147)
        at app//org.apache.hadoop.ipc.Server$Listener$Reader.doRunLoop(Server.java:1497)
        at app//org.apache.hadoop.ipc.Server$Listener$Reader.run(Server.java:1476)
"84b435bb-d41b-4758-bf48-ce9052c81d4a-BlockDeletingService#1" daemon prio=5 tid=1090 in Object.wait()
java.lang.Thread.State: WAITING (on object monitor)
        at java.base@21.0.5/jdk.internal.misc.Unsafe.park(Native Method)
        at java.base@21.0.5/java.util.concurrent.locks.LockSupport.park(LockSupport.java:371)
        at java.base@21.0.5/java.util.concurrent.locks.AbstractQueuedSynchronizer$ConditionNode.block(AbstractQueuedSynchronizer.java:519)
        at java.base@21.0.5/java.util.concurrent.ForkJoinPool.unmanagedBlock(ForkJoinPool.java:3780)
        at java.base@21.0.5/java.util.concurrent.ForkJoinPool.managedBlock(ForkJoinPool.java:3725)
        at java.base@21.0.5/java.util.concurrent.locks.AbstractQueuedSynchronizer$ConditionObject.await(AbstractQueuedSynchronizer.java:1712)
        at java.base@21.0.5/java.util.concurrent.ScheduledThreadPoolExecutor$DelayedWorkQueue.take(ScheduledThreadPoolExecutor.java:1177)
        at java.base@21.0.5/java.util.concurrent.ScheduledThreadPoolExecutor$DelayedWorkQueue.take(ScheduledThreadPoolExecutor.java:899)
        at java.base@21.0.5/java.util.concurrent.ThreadPoolExecutor.getTask(ThreadPoolExecutor.java:1070)
        at java.base@21.0.5/java.util.concurrent.ThreadPoolExecutor.runWorker(ThreadPoolExecutor.java:1130)
        at java.base@21.0.5/java.util.concurrent.ThreadPoolExecutor$Worker.run(ThreadPoolExecutor.java:642)
        at java.base@21.0.5/java.lang.Thread.runWith(Thread.java:1596)
        at java.base@21.0.5/java.lang.Thread.run(Thread.java:1583)
"7c84fc52-fa7b-40d9-a19c-d4e4c83c5fa3@group-D9B980D230C1-SegmentedRaftLogWorker" daemon prio=5 tid=1961 timed_waiting
java.lang.Thread.State: TIMED_WAITING
        at java.base@21.0.5/jdk.internal.misc.Unsafe.park(Native Method)
        at java.base@21.0.5/java.util.concurrent.locks.LockSupport.parkNanos(LockSupport.java:269)
        at java.base@21.0.5/java.util.concurrent.locks.AbstractQueuedSynchronizer$ConditionObject.awaitNanos(AbstractQueuedSynchronizer.java:1763)
        at app//org.apache.ratis.util.DataBlockingQueue.poll(DataBlockingQueue.java:148)
        at app//org.apache.ratis.server.raftlog.segmented.SegmentedRaftLogWorker.run(SegmentedRaftLogWorker.java:307)
        at app//org.apache.ratis.server.raftlog.segmented.SegmentedRaftLogWorker$$Lambda/0x00007fcfe03376d0.run(Unknown Source)
        at java.base@21.0.5/java.util.concurrent.Executors$RunnableAdapter.call(Executors.java:572)
        at java.base@21.0.5/java.util.concurrent.FutureTask.run(FutureTask.java:317)
        at java.base@21.0.5/java.util.concurrent.ThreadPoolExecutor.runWorker(ThreadPoolExecutor.java:1144)
        at java.base@21.0.5/java.util.concurrent.ThreadPoolExecutor$Worker.run(ThreadPoolExecutor.java:642)
        at java.base@21.0.5/java.lang.Thread.runWith(Thread.java:1596)
        at java.base@21.0.5/java.lang.Thread.run(Thread.java:1583)
"Socket Reader #4 for port 15001"  prio=5 tid=79 runnable
java.lang.Thread.State: RUNNABLE
        at java.base@21.0.5/sun.nio.ch.EPoll.wait(Native Method)
        at java.base@21.0.5/sun.nio.ch.EPollSelectorImpl.doSelect(EPollSelectorImpl.java:121)
        at java.base@21.0.5/sun.nio.ch.SelectorImpl.lockAndDoSelect(SelectorImpl.java:130)
        at java.base@21.0.5/sun.nio.ch.SelectorImpl.select(SelectorImpl.java:147)
        at app//org.apache.hadoop.ipc.Server$Listener$Reader.doRunLoop(Server.java:1497)
        at app//org.apache.hadoop.ipc.Server$Listener$Reader.run(Server.java:1476)
"IPC Server handler 4 on default port 15001" daemon prio=5 tid=225 timed_waiting
java.lang.Thread.State: TIMED_WAITING
        at java.base@21.0.5/jdk.internal.misc.Unsafe.park(Native Method)
        at java.base@21.0.5/java.util.concurrent.locks.LockSupport.parkNanos(LockSupport.java:269)
        at java.base@21.0.5/java.util.concurrent.locks.AbstractQueuedSynchronizer$ConditionObject.awaitNanos(AbstractQueuedSynchronizer.java:1763)
        at java.base@21.0.5/java.util.concurrent.LinkedBlockingQueue.poll(LinkedBlockingQueue.java:460)
        at app//org.apache.hadoop.ipc.CallQueueManager.take(CallQueueManager.java:370)
        at app//org.apache.hadoop.ipc.Server$Handler.run(Server.java:3165)
"EventQueue-StaleNodeForStaleNodeHandler" daemon prio=5 tid=1893 in Object.wait()
java.lang.Thread.State: WAITING (on object monitor)
        at java.base@21.0.5/jdk.internal.misc.Unsafe.park(Native Method)
        at java.base@21.0.5/java.util.concurrent.locks.LockSupport.park(LockSupport.java:371)
        at java.base@21.0.5/java.util.concurrent.locks.AbstractQueuedSynchronizer$ConditionNode.block(AbstractQueuedSynchronizer.java:519)
        at java.base@21.0.5/java.util.concurrent.ForkJoinPool.unmanagedBlock(ForkJoinPool.java:3780)
        at java.base@21.0.5/java.util.concurrent.ForkJoinPool.managedBlock(ForkJoinPool.java:3725)
        at java.base@21.0.5/java.util.concurrent.locks.AbstractQueuedSynchronizer$ConditionObject.await(AbstractQueuedSynchronizer.java:1712)
        at java.base@21.0.5/java.util.concurrent.LinkedBlockingQueue.take(LinkedBlockingQueue.java:435)
        at java.base@21.0.5/java.util.concurrent.ThreadPoolExecutor.getTask(ThreadPoolExecutor.java:1070)
        at java.base@21.0.5/java.util.concurrent.ThreadPoolExecutor.runWorker(ThreadPoolExecutor.java:1130)
        at java.base@21.0.5/java.util.concurrent.ThreadPoolExecutor$Worker.run(ThreadPoolExecutor.java:642)
        at java.base@21.0.5/java.lang.Thread.runWith(Thread.java:1596)
        at java.base@21.0.5/java.lang.Thread.run(Thread.java:1583)
"Socket Reader #5 for port 15001"  prio=5 tid=80 runnable
java.lang.Thread.State: RUNNABLE
        at java.base@21.0.5/sun.nio.ch.EPoll.wait(Native Method)
        at java.base@21.0.5/sun.nio.ch.EPollSelectorImpl.doSelect(EPollSelectorImpl.java:121)
        at java.base@21.0.5/sun.nio.ch.SelectorImpl.lockAndDoSelect(SelectorImpl.java:130)
        at java.base@21.0.5/sun.nio.ch.SelectorImpl.select(SelectorImpl.java:147)
        at app//org.apache.hadoop.ipc.Server$Listener$Reader.doRunLoop(Server.java:1497)
        at app//org.apache.hadoop.ipc.Server$Listener$Reader.run(Server.java:1476)
"IPC Server handler 21 on default port 15000" daemon prio=5 tid=142 timed_waiting
java.lang.Thread.State: TIMED_WAITING
        at java.base@21.0.5/jdk.internal.misc.Unsafe.park(Native Method)
        at java.base@21.0.5/java.util.concurrent.locks.LockSupport.parkNanos(LockSupport.java:269)
        at java.base@21.0.5/java.util.concurrent.locks.AbstractQueuedSynchronizer$ConditionObject.awaitNanos(AbstractQueuedSynchronizer.java:1763)
        at java.base@21.0.5/java.util.concurrent.LinkedBlockingQueue.poll(LinkedBlockingQueue.java:460)
        at app//org.apache.hadoop.ipc.CallQueueManager.take(CallQueueManager.java:370)
        at app//org.apache.hadoop.ipc.Server$Handler.run(Server.java:3165)
"qtp1365184588-712" daemon prio=5 tid=712 runnable
java.lang.Thread.State: RUNNABLE
        at java.base@21.0.5/sun.nio.ch.EPoll.wait(Native Method)
        at java.base@21.0.5/sun.nio.ch.EPollSelectorImpl.doSelect(EPollSelectorImpl.java:121)
        at java.base@21.0.5/sun.nio.ch.SelectorImpl.lockAndDoSelect(SelectorImpl.java:130)
        at java.base@21.0.5/sun.nio.ch.SelectorImpl.select(SelectorImpl.java:147)
        at app//org.eclipse.jetty.io.ManagedSelector.nioSelect(ManagedSelector.java:183)
        at app//org.eclipse.jetty.io.ManagedSelector.select(ManagedSelector.java:190)
        at app//org.eclipse.jetty.io.ManagedSelector$SelectorProducer.select(ManagedSelector.java:606)
        at app//org.eclipse.jetty.io.ManagedSelector$SelectorProducer.produce(ManagedSelector.java:543)
        at app//org.eclipse.jetty.util.thread.strategy.EatWhatYouKill.produceTask(EatWhatYouKill.java:362)
        at app//org.eclipse.jetty.util.thread.strategy.EatWhatYouKill.doProduce(EatWhatYouKill.java:186)
        at app//org.eclipse.jetty.util.thread.strategy.EatWhatYouKill.tryProduce(EatWhatYouKill.java:173)
        at app//org.eclipse.jetty.util.thread.strategy.EatWhatYouKill.produce(EatWhatYouKill.java:137)
        at app//org.eclipse.jetty.io.ManagedSelector$$Lambda/0x00007fcfe0662730.run(Unknown Source)
        at app//org.eclipse.jetty.util.thread.QueuedThreadPool.runJob(QueuedThreadPool.java:883)
        at app//org.eclipse.jetty.util.thread.QueuedThreadPool$Runner.run(QueuedThreadPool.java:1034)
        at java.base@21.0.5/java.lang.Thread.runWith(Thread.java:1596)
        at java.base@21.0.5/java.lang.Thread.run(Thread.java:1583)
"69390d8a-021c-44b7-9fe5-c9855a0c5aa1-NettyServerStreamRpc-bossGroup--thread1"  prio=5 tid=845 runnable
java.lang.Thread.State: RUNNABLE
        at app//org.apache.ratis.thirdparty.io.netty.channel.epoll.Native.epollWait(Native Method)
        at app//org.apache.ratis.thirdparty.io.netty.channel.epoll.Native.epollWait(Native.java:220)
        at app//org.apache.ratis.thirdparty.io.netty.channel.epoll.Native.epollWait(Native.java:213)
        at app//org.apache.ratis.thirdparty.io.netty.channel.epoll.EpollEventLoop.epollWaitNoTimerChange(EpollEventLoop.java:308)
        at app//org.apache.ratis.thirdparty.io.netty.channel.epoll.EpollEventLoop.run(EpollEventLoop.java:365)
        at app//org.apache.ratis.thirdparty.io.netty.util.concurrent.SingleThreadEventExecutor$4.run(SingleThreadEventExecutor.java:997)
        at app//org.apache.ratis.thirdparty.io.netty.util.internal.ThreadExecutorMap$2.run(ThreadExecutorMap.java:74)
        at java.base@21.0.5/java.lang.Thread.runWith(Thread.java:1596)
        at java.base@21.0.5/java.lang.Thread.run(Thread.java:1583)
"ac5cad44-c19c-4f65-867f-c0009d6f555c-DatanodeStateMachineTaskThread-1"  prio=5 tid=849 in Object.wait()
java.lang.Thread.State: WAITING (on object monitor)
        at java.base@21.0.5/jdk.internal.misc.Unsafe.park(Native Method)
        at java.base@21.0.5/java.util.concurrent.locks.LockSupport.park(LockSupport.java:371)
        at java.base@21.0.5/java.util.concurrent.locks.AbstractQueuedSynchronizer$ConditionNode.block(AbstractQueuedSynchronizer.java:519)
        at java.base@21.0.5/java.util.concurrent.ForkJoinPool.unmanagedBlock(ForkJoinPool.java:3780)
        at java.base@21.0.5/java.util.concurrent.ForkJoinPool.managedBlock(ForkJoinPool.java:3725)
        at java.base@21.0.5/java.util.concurrent.locks.AbstractQueuedSynchronizer$ConditionObject.await(AbstractQueuedSynchronizer.java:1712)
        at java.base@21.0.5/java.util.concurrent.LinkedBlockingQueue.take(LinkedBlockingQueue.java:435)
        at java.base@21.0.5/java.util.concurrent.ThreadPoolExecutor.getTask(ThreadPoolExecutor.java:1070)
        at java.base@21.0.5/java.util.concurrent.ThreadPoolExecutor.runWorker(ThreadPoolExecutor.java:1130)
        at java.base@21.0.5/java.util.concurrent.ThreadPoolExecutor$Worker.run(ThreadPoolExecutor.java:642)
        at java.base@21.0.5/java.lang.Thread.runWith(Thread.java:1596)
        at java.base@21.0.5/java.lang.Thread.run(Thread.java:1583)
"StaleRecoveringContainerScrubbingService#0" daemon prio=5 tid=1167 timed_waiting
java.lang.Thread.State: TIMED_WAITING
        at java.base@21.0.5/jdk.internal.misc.Unsafe.park(Native Method)
        at java.base@21.0.5/java.util.concurrent.locks.LockSupport.parkNanos(LockSupport.java:269)
        at java.base@21.0.5/java.util.concurrent.locks.AbstractQueuedSynchronizer$ConditionObject.awaitNanos(AbstractQueuedSynchronizer.java:1763)
        at java.base@21.0.5/java.util.concurrent.ScheduledThreadPoolExecutor$DelayedWorkQueue.take(ScheduledThreadPoolExecutor.java:1182)
        at java.base@21.0.5/java.util.concurrent.ScheduledThreadPoolExecutor$DelayedWorkQueue.take(ScheduledThreadPoolExecutor.java:899)
        at java.base@21.0.5/java.util.concurrent.ThreadPoolExecutor.getTask(ThreadPoolExecutor.java:1070)
        at java.base@21.0.5/java.util.concurrent.ThreadPoolExecutor.runWorker(ThreadPoolExecutor.java:1130)
        at java.base@21.0.5/java.util.concurrent.ThreadPoolExecutor$Worker.run(ThreadPoolExecutor.java:642)
        at java.base@21.0.5/java.lang.Thread.runWith(Thread.java:1596)
        at java.base@21.0.5/java.lang.Thread.run(Thread.java:1583)
"Session-HouseKeeper-572a3331-1"  prio=5 tid=2151 timed_waiting
java.lang.Thread.State: TIMED_WAITING
        at java.base@21.0.5/jdk.internal.misc.Unsafe.park(Native Method)
        at java.base@21.0.5/java.util.concurrent.locks.LockSupport.parkNanos(LockSupport.java:269)
        at java.base@21.0.5/java.util.concurrent.locks.AbstractQueuedSynchronizer$ConditionObject.awaitNanos(AbstractQueuedSynchronizer.java:1763)
        at java.base@21.0.5/java.util.concurrent.ScheduledThreadPoolExecutor$DelayedWorkQueue.take(ScheduledThreadPoolExecutor.java:1182)
        at java.base@21.0.5/java.util.concurrent.ScheduledThreadPoolExecutor$DelayedWorkQueue.take(ScheduledThreadPoolExecutor.java:899)
        at java.base@21.0.5/java.util.concurrent.ThreadPoolExecutor.getTask(ThreadPoolExecutor.java:1070)
        at java.base@21.0.5/java.util.concurrent.ThreadPoolExecutor.runWorker(ThreadPoolExecutor.java:1130)
        at java.base@21.0.5/java.util.concurrent.ThreadPoolExecutor$Worker.run(ThreadPoolExecutor.java:642)
        at java.base@21.0.5/java.lang.Thread.runWith(Thread.java:1596)
        at java.base@21.0.5/java.lang.Thread.run(Thread.java:1583)
"JvmPauseMonitor4" daemon prio=5 tid=936 timed_waiting
java.lang.Thread.State: TIMED_WAITING
        at java.base@21.0.5/java.lang.Thread.sleep0(Native Method)
        at java.base@21.0.5/java.lang.Thread.sleep(Thread.java:558)
        at java.base@21.0.5/java.util.concurrent.TimeUnit.sleep(TimeUnit.java:446)
        at app//org.apache.ratis.util.TimeDuration.sleep(TimeDuration.java:353)
        at app//org.apache.ratis.util.TimeDuration.sleep(TimeDuration.java:338)
        at app//org.apache.ratis.util.JvmPauseMonitor.detectPause(JvmPauseMonitor.java:160)
        at app//org.apache.ratis.util.JvmPauseMonitor.run(JvmPauseMonitor.java:149)
        at app//org.apache.ratis.util.JvmPauseMonitor$$Lambda/0x00007fcfe0390000.run(Unknown Source)
        at java.base@21.0.5/java.lang.Thread.runWith(Thread.java:1596)
        at java.base@21.0.5/java.lang.Thread.run(Thread.java:1583)
"IPC Server handler 92 on default port 15001" daemon prio=5 tid=313 timed_waiting
java.lang.Thread.State: TIMED_WAITING
        at java.base@21.0.5/jdk.internal.misc.Unsafe.park(Native Method)
        at java.base@21.0.5/java.util.concurrent.locks.LockSupport.parkNanos(LockSupport.java:269)
        at java.base@21.0.5/java.util.concurrent.locks.AbstractQueuedSynchronizer$ConditionObject.awaitNanos(AbstractQueuedSynchronizer.java:1763)
        at java.base@21.0.5/java.util.concurrent.LinkedBlockingQueue.poll(LinkedBlockingQueue.java:460)
        at app//org.apache.hadoop.ipc.CallQueueManager.take(CallQueueManager.java:370)
        at app//org.apache.hadoop.ipc.Server$Handler.run(Server.java:3165)
"fc60e07f-496f-42fe-ae82-620152583f87-DatanodeReportManager-1" daemon prio=5 tid=746 in Object.wait()
java.lang.Thread.State: WAITING (on object monitor)
        at java.base@21.0.5/jdk.internal.misc.Unsafe.park(Native Method)
        at java.base@21.0.5/java.util.concurrent.locks.LockSupport.park(LockSupport.java:371)
        at java.base@21.0.5/java.util.concurrent.locks.AbstractQueuedSynchronizer$ConditionNode.block(AbstractQueuedSynchronizer.java:519)
        at java.base@21.0.5/java.util.concurrent.ForkJoinPool.unmanagedBlock(ForkJoinPool.java:3780)
        at java.base@21.0.5/java.util.concurrent.ForkJoinPool.managedBlock(ForkJoinPool.java:3725)
        at java.base@21.0.5/java.util.concurrent.locks.AbstractQueuedSynchronizer$ConditionObject.await(AbstractQueuedSynchronizer.java:1712)
        at java.base@21.0.5/java.util.concurrent.ScheduledThreadPoolExecutor$DelayedWorkQueue.take(ScheduledThreadPoolExecutor.java:1177)
        at java.base@21.0.5/java.util.concurrent.ScheduledThreadPoolExecutor$DelayedWorkQueue.take(ScheduledThreadPoolExecutor.java:899)
        at java.base@21.0.5/java.util.concurrent.ThreadPoolExecutor.getTask(ThreadPoolExecutor.java:1070)
        at java.base@21.0.5/java.util.concurrent.ThreadPoolExecutor.runWorker(ThreadPoolExecutor.java:1130)
        at java.base@21.0.5/java.util.concurrent.ThreadPoolExecutor$Worker.run(ThreadPoolExecutor.java:642)
        at java.base@21.0.5/java.lang.Thread.runWith(Thread.java:1596)
        at java.base@21.0.5/java.lang.Thread.run(Thread.java:1583)
"fc60e07f-496f-42fe-ae82-620152583f87-ChunkReader-0" daemon prio=5 tid=1570 in Object.wait()
java.lang.Thread.State: WAITING (on object monitor)
        at java.base@21.0.5/jdk.internal.misc.Unsafe.park(Native Method)
        at java.base@21.0.5/java.util.concurrent.locks.LockSupport.park(LockSupport.java:371)
        at java.base@21.0.5/java.util.concurrent.locks.AbstractQueuedSynchronizer$ConditionNode.block(AbstractQueuedSynchronizer.java:519)
        at java.base@21.0.5/java.util.concurrent.ForkJoinPool.unmanagedBlock(ForkJoinPool.java:3780)
        at java.base@21.0.5/java.util.concurrent.ForkJoinPool.managedBlock(ForkJoinPool.java:3725)
        at java.base@21.0.5/java.util.concurrent.locks.AbstractQueuedSynchronizer$ConditionObject.await(AbstractQueuedSynchronizer.java:1712)
        at java.base@21.0.5/java.util.concurrent.LinkedBlockingQueue.take(LinkedBlockingQueue.java:435)
        at java.base@21.0.5/java.util.concurrent.ThreadPoolExecutor.getTask(ThreadPoolExecutor.java:1070)
        at java.base@21.0.5/java.util.concurrent.ThreadPoolExecutor.runWorker(ThreadPoolExecutor.java:1130)
        at java.base@21.0.5/java.util.concurrent.ThreadPoolExecutor$Worker.run(ThreadPoolExecutor.java:642)
        at java.base@21.0.5/java.lang.Thread.runWith(Thread.java:1596)
        at java.base@21.0.5/java.lang.Thread.run(Thread.java:1583)
"69390d8a-021c-44b7-9fe5-c9855a0c5aa1@group-31157D531563->9c1aee78-f037-4e17-b985-0daab5eaf154-GrpcLogAppender-LogAppenderDaemon" daemon prio=5 tid=1495 timed_waiting
java.lang.Thread.State: TIMED_WAITING
        at java.base@21.0.5/jdk.internal.misc.Unsafe.park(Native Method)
        at java.base@21.0.5/java.util.concurrent.locks.LockSupport.parkNanos(LockSupport.java:269)
        at java.base@21.0.5/java.util.concurrent.locks.AbstractQueuedSynchronizer$ConditionObject.await(AbstractQueuedSynchronizer.java:1852)
        at app//org.apache.ratis.util.AwaitForSignal.await(AwaitForSignal.java:65)
        at app//org.apache.ratis.grpc.server.GrpcLogAppender.mayWait(GrpcLogAppender.java:290)
        at app//org.apache.ratis.grpc.server.GrpcLogAppender.run(GrpcLogAppender.java:258)
        at app//org.apache.ratis.server.leader.LogAppenderDaemon.run(LogAppenderDaemon.java:80)
        at app//org.apache.ratis.server.leader.LogAppenderDaemon$$Lambda/0x00007fcfe093e000.run(Unknown Source)
        at java.base@21.0.5/java.lang.Thread.runWith(Thread.java:1596)
        at java.base@21.0.5/java.lang.Thread.run(Thread.java:1583)
"ac5cad44-c19c-4f65-867f-c0009d6f555c-DatanodeReportManager-3" daemon prio=5 tid=562 in Object.wait()
java.lang.Thread.State: WAITING (on object monitor)
        at java.base@21.0.5/jdk.internal.misc.Unsafe.park(Native Method)
        at java.base@21.0.5/java.util.concurrent.locks.LockSupport.park(LockSupport.java:371)
        at java.base@21.0.5/java.util.concurrent.locks.AbstractQueuedSynchronizer$ConditionNode.block(AbstractQueuedSynchronizer.java:519)
        at java.base@21.0.5/java.util.concurrent.ForkJoinPool.unmanagedBlock(ForkJoinPool.java:3780)
        at java.base@21.0.5/java.util.concurrent.ForkJoinPool.managedBlock(ForkJoinPool.java:3725)
        at java.base@21.0.5/java.util.concurrent.locks.AbstractQueuedSynchronizer$ConditionObject.await(AbstractQueuedSynchronizer.java:1712)
        at java.base@21.0.5/java.util.concurrent.ScheduledThreadPoolExecutor$DelayedWorkQueue.take(ScheduledThreadPoolExecutor.java:1177)
        at java.base@21.0.5/java.util.concurrent.ScheduledThreadPoolExecutor$DelayedWorkQueue.take(ScheduledThreadPoolExecutor.java:899)
        at java.base@21.0.5/java.util.concurrent.ThreadPoolExecutor.getTask(ThreadPoolExecutor.java:1070)
        at java.base@21.0.5/java.util.concurrent.ThreadPoolExecutor.runWorker(ThreadPoolExecutor.java:1130)
        at java.base@21.0.5/java.util.concurrent.ThreadPoolExecutor$Worker.run(ThreadPoolExecutor.java:642)
        at java.base@21.0.5/java.lang.Thread.runWith(Thread.java:1596)
        at java.base@21.0.5/java.lang.Thread.run(Thread.java:1583)
"Socket Reader #2 for port 15000"  prio=5 tid=91 runnable
java.lang.Thread.State: RUNNABLE
        at java.base@21.0.5/sun.nio.ch.EPoll.wait(Native Method)
        at java.base@21.0.5/sun.nio.ch.EPollSelectorImpl.doSelect(EPollSelectorImpl.java:121)
        at java.base@21.0.5/sun.nio.ch.SelectorImpl.lockAndDoSelect(SelectorImpl.java:130)
        at java.base@21.0.5/sun.nio.ch.SelectorImpl.select(SelectorImpl.java:147)
        at app//org.apache.hadoop.ipc.Server$Listener$Reader.doRunLoop(Server.java:1497)
        at app//org.apache.hadoop.ipc.Server$Listener$Reader.run(Server.java:1476)
"fc60e07f-496f-42fe-ae82-620152583f87-BlockDeletingService#3" daemon prio=5 tid=2123 in Object.wait()
java.lang.Thread.State: WAITING (on object monitor)
        at java.base@21.0.5/jdk.internal.misc.Unsafe.park(Native Method)
        at java.base@21.0.5/java.util.concurrent.locks.LockSupport.park(LockSupport.java:371)
        at java.base@21.0.5/java.util.concurrent.locks.AbstractQueuedSynchronizer$ConditionNode.block(AbstractQueuedSynchronizer.java:519)
        at java.base@21.0.5/java.util.concurrent.ForkJoinPool.unmanagedBlock(ForkJoinPool.java:3780)
        at java.base@21.0.5/java.util.concurrent.ForkJoinPool.managedBlock(ForkJoinPool.java:3725)
        at java.base@21.0.5/java.util.concurrent.locks.AbstractQueuedSynchronizer$ConditionObject.await(AbstractQueuedSynchronizer.java:1712)
        at java.base@21.0.5/java.util.concurrent.ScheduledThreadPoolExecutor$DelayedWorkQueue.take(ScheduledThreadPoolExecutor.java:1177)
        at java.base@21.0.5/java.util.concurrent.ScheduledThreadPoolExecutor$DelayedWorkQueue.take(ScheduledThreadPoolExecutor.java:899)
        at java.base@21.0.5/java.util.concurrent.ThreadPoolExecutor.getTask(ThreadPoolExecutor.java:1070)
        at java.base@21.0.5/java.util.concurrent.ThreadPoolExecutor.runWorker(ThreadPoolExecutor.java:1130)
        at java.base@21.0.5/java.util.concurrent.ThreadPoolExecutor$Worker.run(ThreadPoolExecutor.java:642)
        at java.base@21.0.5/java.lang.Thread.runWith(Thread.java:1596)
        at java.base@21.0.5/java.lang.Thread.run(Thread.java:1583)
"84b435bb-d41b-4758-bf48-ce9052c81d4a-ChunkWriter-0-0" daemon prio=5 tid=1081 in Object.wait()
java.lang.Thread.State: WAITING (on object monitor)
        at java.base@21.0.5/jdk.internal.misc.Unsafe.park(Native Method)
        at java.base@21.0.5/java.util.concurrent.locks.LockSupport.park(LockSupport.java:371)
        at java.base@21.0.5/java.util.concurrent.locks.AbstractQueuedSynchronizer$ConditionNode.block(AbstractQueuedSynchronizer.java:519)
        at java.base@21.0.5/java.util.concurrent.ForkJoinPool.unmanagedBlock(ForkJoinPool.java:3780)
        at java.base@21.0.5/java.util.concurrent.ForkJoinPool.managedBlock(ForkJoinPool.java:3725)
        at java.base@21.0.5/java.util.concurrent.locks.AbstractQueuedSynchronizer$ConditionObject.await(AbstractQueuedSynchronizer.java:1712)
        at java.base@21.0.5/java.util.concurrent.LinkedBlockingDeque.takeFirst(LinkedBlockingDeque.java:485)
        at java.base@21.0.5/java.util.concurrent.LinkedBlockingDeque.take(LinkedBlockingDeque.java:673)
        at java.base@21.0.5/java.util.concurrent.ThreadPoolExecutor.getTask(ThreadPoolExecutor.java:1070)
        at java.base@21.0.5/java.util.concurrent.ThreadPoolExecutor.runWorker(ThreadPoolExecutor.java:1130)
        at java.base@21.0.5/java.util.concurrent.ThreadPoolExecutor$Worker.run(ThreadPoolExecutor.java:642)
        at java.base@21.0.5/java.lang.Thread.runWith(Thread.java:1596)
        at java.base@21.0.5/java.lang.Thread.run(Thread.java:1583)
"fc60e07f-496f-42fe-ae82-620152583f87-ContainerOp-8ef3bc64-5854-4584-910e-a7184706d343-4"  prio=5 tid=1545 in Object.wait()
java.lang.Thread.State: WAITING (on object monitor)
        at java.base@21.0.5/jdk.internal.misc.Unsafe.park(Native Method)
        at java.base@21.0.5/java.util.concurrent.locks.LockSupport.park(LockSupport.java:371)
        at java.base@21.0.5/java.util.concurrent.locks.AbstractQueuedSynchronizer$ConditionNode.block(AbstractQueuedSynchronizer.java:519)
        at java.base@21.0.5/java.util.concurrent.ForkJoinPool.unmanagedBlock(ForkJoinPool.java:3780)
        at java.base@21.0.5/java.util.concurrent.ForkJoinPool.managedBlock(ForkJoinPool.java:3725)
        at java.base@21.0.5/java.util.concurrent.locks.AbstractQueuedSynchronizer$ConditionObject.await(AbstractQueuedSynchronizer.java:1712)
        at java.base@21.0.5/java.util.concurrent.LinkedBlockingQueue.take(LinkedBlockingQueue.java:435)
        at java.base@21.0.5/java.util.concurrent.ThreadPoolExecutor.getTask(ThreadPoolExecutor.java:1070)
        at java.base@21.0.5/java.util.concurrent.ThreadPoolExecutor.runWorker(ThreadPoolExecutor.java:1130)
        at java.base@21.0.5/java.util.concurrent.ThreadPoolExecutor$Worker.run(ThreadPoolExecutor.java:642)
        at java.base@21.0.5/java.lang.Thread.runWith(Thread.java:1596)
        at java.base@21.0.5/java.lang.Thread.run(Thread.java:1583)
"IPC Server handler 17 on default port 15001" daemon prio=5 tid=238 timed_waiting
java.lang.Thread.State: TIMED_WAITING
        at java.base@21.0.5/jdk.internal.misc.Unsafe.park(Native Method)
        at java.base@21.0.5/java.util.concurrent.locks.LockSupport.parkNanos(LockSupport.java:269)
        at java.base@21.0.5/java.util.concurrent.locks.AbstractQueuedSynchronizer$ConditionObject.awaitNanos(AbstractQueuedSynchronizer.java:1763)
        at java.base@21.0.5/java.util.concurrent.LinkedBlockingQueue.poll(LinkedBlockingQueue.java:460)
        at app//org.apache.hadoop.ipc.CallQueueManager.take(CallQueueManager.java:370)
        at app//org.apache.hadoop.ipc.Server$Handler.run(Server.java:3165)
"IPC Server handler 11 on default port 15006" daemon prio=5 tid=509 timed_waiting
java.lang.Thread.State: TIMED_WAITING
        at java.base@21.0.5/jdk.internal.misc.Unsafe.park(Native Method)
        at java.base@21.0.5/java.util.concurrent.locks.LockSupport.parkNanos(LockSupport.java:269)
        at java.base@21.0.5/java.util.concurrent.locks.AbstractQueuedSynchronizer$ConditionObject.awaitNanos(AbstractQueuedSynchronizer.java:1763)
        at java.base@21.0.5/java.util.concurrent.LinkedBlockingQueue.poll(LinkedBlockingQueue.java:460)
        at app//org.apache.hadoop.ipc.CallQueueManager.take(CallQueueManager.java:370)
        at app//org.apache.hadoop.ipc.Server$Handler.run(Server.java:3165)
"IPC Server handler 8 on default port 15093" daemon prio=5 tid=1028 timed_waiting
java.lang.Thread.State: TIMED_WAITING
        at java.base@21.0.5/jdk.internal.misc.Unsafe.park(Native Method)
        at java.base@21.0.5/java.util.concurrent.locks.LockSupport.parkNanos(LockSupport.java:269)
        at java.base@21.0.5/java.util.concurrent.locks.AbstractQueuedSynchronizer$ConditionObject.awaitNanos(AbstractQueuedSynchronizer.java:1763)
        at java.base@21.0.5/java.util.concurrent.LinkedBlockingQueue.poll(LinkedBlockingQueue.java:460)
        at app//org.apache.hadoop.ipc.CallQueueManager.take(CallQueueManager.java:370)
        at app//org.apache.hadoop.ipc.Server$Handler.run(Server.java:3165)
"84b435bb-d41b-4758-bf48-ce9052c81d4a-RocksDBCompactionThread-0"  prio=5 tid=752 timed_waiting
java.lang.Thread.State: TIMED_WAITING
        at java.base@21.0.5/jdk.internal.misc.Unsafe.park(Native Method)
        at java.base@21.0.5/java.util.concurrent.locks.LockSupport.parkNanos(LockSupport.java:269)
        at java.base@21.0.5/java.util.concurrent.locks.AbstractQueuedSynchronizer$ConditionObject.awaitNanos(AbstractQueuedSynchronizer.java:1763)
        at java.base@21.0.5/java.util.concurrent.ScheduledThreadPoolExecutor$DelayedWorkQueue.take(ScheduledThreadPoolExecutor.java:1182)
        at java.base@21.0.5/java.util.concurrent.ScheduledThreadPoolExecutor$DelayedWorkQueue.take(ScheduledThreadPoolExecutor.java:899)
        at java.base@21.0.5/java.util.concurrent.ThreadPoolExecutor.getTask(ThreadPoolExecutor.java:1070)
        at java.base@21.0.5/java.util.concurrent.ThreadPoolExecutor.runWorker(ThreadPoolExecutor.java:1130)
        at java.base@21.0.5/java.util.concurrent.ThreadPoolExecutor$Worker.run(ThreadPoolExecutor.java:642)
        at java.base@21.0.5/java.lang.Thread.runWith(Thread.java:1596)
        at java.base@21.0.5/java.lang.Thread.run(Thread.java:1583)
"Socket Reader #4 for port 15002"  prio=5 tid=65 runnable
java.lang.Thread.State: RUNNABLE
        at java.base@21.0.5/sun.nio.ch.EPoll.wait(Native Method)
        at java.base@21.0.5/sun.nio.ch.EPollSelectorImpl.doSelect(EPollSelectorImpl.java:121)
        at java.base@21.0.5/sun.nio.ch.SelectorImpl.lockAndDoSelect(SelectorImpl.java:130)
        at java.base@21.0.5/sun.nio.ch.SelectorImpl.select(SelectorImpl.java:147)
        at app//org.apache.hadoop.ipc.Server$Listener$Reader.doRunLoop(Server.java:1497)
        at app//org.apache.hadoop.ipc.Server$Listener$Reader.run(Server.java:1476)
"Socket Reader #4 for port 15075"  prio=5 tid=882 runnable
java.lang.Thread.State: RUNNABLE
        at java.base@21.0.5/sun.nio.ch.EPoll.wait(Native Method)
        at java.base@21.0.5/sun.nio.ch.EPollSelectorImpl.doSelect(EPollSelectorImpl.java:121)
        at java.base@21.0.5/sun.nio.ch.SelectorImpl.lockAndDoSelect(SelectorImpl.java:130)
        at java.base@21.0.5/sun.nio.ch.SelectorImpl.select(SelectorImpl.java:147)
        at app//org.apache.hadoop.ipc.Server$Listener$Reader.doRunLoop(Server.java:1497)
        at app//org.apache.hadoop.ipc.Server$Listener$Reader.run(Server.java:1476)
"StaleRecoveringContainerScrubbingService#3" daemon prio=5 tid=2098 in Object.wait()
java.lang.Thread.State: WAITING (on object monitor)
        at java.base@21.0.5/jdk.internal.misc.Unsafe.park(Native Method)
        at java.base@21.0.5/java.util.concurrent.locks.LockSupport.park(LockSupport.java:371)
        at java.base@21.0.5/java.util.concurrent.locks.AbstractQueuedSynchronizer$ConditionNode.block(AbstractQueuedSynchronizer.java:519)
        at java.base@21.0.5/java.util.concurrent.ForkJoinPool.unmanagedBlock(ForkJoinPool.java:3780)
        at java.base@21.0.5/java.util.concurrent.ForkJoinPool.managedBlock(ForkJoinPool.java:3725)
        at java.base@21.0.5/java.util.concurrent.locks.AbstractQueuedSynchronizer$ConditionObject.await(AbstractQueuedSynchronizer.java:1712)
        at java.base@21.0.5/java.util.concurrent.ScheduledThreadPoolExecutor$DelayedWorkQueue.take(ScheduledThreadPoolExecutor.java:1177)
        at java.base@21.0.5/java.util.concurrent.ScheduledThreadPoolExecutor$DelayedWorkQueue.take(ScheduledThreadPoolExecutor.java:899)
        at java.base@21.0.5/java.util.concurrent.ThreadPoolExecutor.getTask(ThreadPoolExecutor.java:1070)
        at java.base@21.0.5/java.util.concurrent.ThreadPoolExecutor.runWorker(ThreadPoolExecutor.java:1130)
        at java.base@21.0.5/java.util.concurrent.ThreadPoolExecutor$Worker.run(ThreadPoolExecutor.java:642)
        at java.base@21.0.5/java.lang.Thread.runWith(Thread.java:1596)
        at java.base@21.0.5/java.lang.Thread.run(Thread.java:1583)
"Socket Reader #8 for port 15006"  prio=5 tid=457 runnable
java.lang.Thread.State: RUNNABLE
        at java.base@21.0.5/sun.nio.ch.EPoll.wait(Native Method)
        at java.base@21.0.5/sun.nio.ch.EPollSelectorImpl.doSelect(EPollSelectorImpl.java:121)
        at java.base@21.0.5/sun.nio.ch.SelectorImpl.lockAndDoSelect(SelectorImpl.java:130)
        at java.base@21.0.5/sun.nio.ch.SelectorImpl.select(SelectorImpl.java:147)
        at app//org.apache.hadoop.ipc.Server$Listener$Reader.doRunLoop(Server.java:1497)
        at app//org.apache.hadoop.ipc.Server$Listener$Reader.run(Server.java:1476)
"IPC Server handler 81 on default port 15000" daemon prio=5 tid=202 timed_waiting
java.lang.Thread.State: TIMED_WAITING
        at java.base@21.0.5/jdk.internal.misc.Unsafe.park(Native Method)
        at java.base@21.0.5/java.util.concurrent.locks.LockSupport.parkNanos(LockSupport.java:269)
        at java.base@21.0.5/java.util.concurrent.locks.AbstractQueuedSynchronizer$ConditionObject.awaitNanos(AbstractQueuedSynchronizer.java:1763)
        at java.base@21.0.5/java.util.concurrent.LinkedBlockingQueue.poll(LinkedBlockingQueue.java:460)
        at app//org.apache.hadoop.ipc.CallQueueManager.take(CallQueueManager.java:370)
        at app//org.apache.hadoop.ipc.Server$Handler.run(Server.java:3165)
"IPC Server handler 16 on default port 15000" daemon prio=5 tid=137 timed_waiting
java.lang.Thread.State: TIMED_WAITING
        at java.base@21.0.5/jdk.internal.misc.Unsafe.park(Native Method)
        at java.base@21.0.5/java.util.concurrent.locks.LockSupport.parkNanos(LockSupport.java:269)
        at java.base@21.0.5/java.util.concurrent.locks.AbstractQueuedSynchronizer$ConditionObject.awaitNanos(AbstractQueuedSynchronizer.java:1763)
        at java.base@21.0.5/java.util.concurrent.LinkedBlockingQueue.poll(LinkedBlockingQueue.java:460)
        at app//org.apache.hadoop.ipc.CallQueueManager.take(CallQueueManager.java:370)
        at app//org.apache.hadoop.ipc.Server$Handler.run(Server.java:3165)
"84b435bb-d41b-4758-bf48-ce9052c81d4a-PeriodicHDDSVolumeChecker" daemon prio=5 tid=1076 timed_waiting
java.lang.Thread.State: TIMED_WAITING
        at java.base@21.0.5/jdk.internal.misc.Unsafe.park(Native Method)
        at java.base@21.0.5/java.util.concurrent.locks.LockSupport.parkNanos(LockSupport.java:269)
        at java.base@21.0.5/java.util.concurrent.locks.AbstractQueuedSynchronizer$ConditionObject.awaitNanos(AbstractQueuedSynchronizer.java:1763)
        at java.base@21.0.5/java.util.concurrent.ScheduledThreadPoolExecutor$DelayedWorkQueue.take(ScheduledThreadPoolExecutor.java:1182)
        at java.base@21.0.5/java.util.concurrent.ScheduledThreadPoolExecutor$DelayedWorkQueue.take(ScheduledThreadPoolExecutor.java:899)
        at java.base@21.0.5/java.util.concurrent.ThreadPoolExecutor.getTask(ThreadPoolExecutor.java:1070)
        at java.base@21.0.5/java.util.concurrent.ThreadPoolExecutor.runWorker(ThreadPoolExecutor.java:1130)
        at java.base@21.0.5/java.util.concurrent.ThreadPoolExecutor$Worker.run(ThreadPoolExecutor.java:642)
        at java.base@21.0.5/java.lang.Thread.runWith(Thread.java:1596)
        at java.base@21.0.5/java.lang.Thread.run(Thread.java:1583)
"Socket Reader #3 for port 15001"  prio=5 tid=78 runnable
java.lang.Thread.State: RUNNABLE
        at java.base@21.0.5/sun.nio.ch.EPoll.wait(Native Method)
        at java.base@21.0.5/sun.nio.ch.EPollSelectorImpl.doSelect(EPollSelectorImpl.java:121)
        at java.base@21.0.5/sun.nio.ch.SelectorImpl.lockAndDoSelect(SelectorImpl.java:130)
        at java.base@21.0.5/sun.nio.ch.SelectorImpl.select(SelectorImpl.java:147)
        at app//org.apache.hadoop.ipc.Server$Listener$Reader.doRunLoop(Server.java:1497)
        at app//org.apache.hadoop.ipc.Server$Listener$Reader.run(Server.java:1476)
"IPC Server handler 26 on default port 15000" daemon prio=5 tid=147 timed_waiting
java.lang.Thread.State: TIMED_WAITING
        at java.base@21.0.5/jdk.internal.misc.Unsafe.park(Native Method)
        at java.base@21.0.5/java.util.concurrent.locks.LockSupport.parkNanos(LockSupport.java:269)
        at java.base@21.0.5/java.util.concurrent.locks.AbstractQueuedSynchronizer$ConditionObject.awaitNanos(AbstractQueuedSynchronizer.java:1763)
        at java.base@21.0.5/java.util.concurrent.LinkedBlockingQueue.poll(LinkedBlockingQueue.java:460)
        at app//org.apache.hadoop.ipc.CallQueueManager.take(CallQueueManager.java:370)
        at app//org.apache.hadoop.ipc.Server$Handler.run(Server.java:3165)
"91d0dafb-6cb7-42e5-b129-660fdc1902ba-DatanodeStateMachineTaskThread-1"  prio=5 tid=1152 in Object.wait()
java.lang.Thread.State: WAITING (on object monitor)
        at java.base@21.0.5/jdk.internal.misc.Unsafe.park(Native Method)
        at java.base@21.0.5/java.util.concurrent.locks.LockSupport.park(LockSupport.java:371)
        at java.base@21.0.5/java.util.concurrent.locks.AbstractQueuedSynchronizer$ConditionNode.block(AbstractQueuedSynchronizer.java:519)
        at java.base@21.0.5/java.util.concurrent.ForkJoinPool.unmanagedBlock(ForkJoinPool.java:3780)
        at java.base@21.0.5/java.util.concurrent.ForkJoinPool.managedBlock(ForkJoinPool.java:3725)
        at java.base@21.0.5/java.util.concurrent.locks.AbstractQueuedSynchronizer$ConditionObject.await(AbstractQueuedSynchronizer.java:1712)
        at java.base@21.0.5/java.util.concurrent.LinkedBlockingQueue.take(LinkedBlockingQueue.java:435)
        at java.base@21.0.5/java.util.concurrent.ThreadPoolExecutor.getTask(ThreadPoolExecutor.java:1070)
        at java.base@21.0.5/java.util.concurrent.ThreadPoolExecutor.runWorker(ThreadPoolExecutor.java:1130)
        at java.base@21.0.5/java.util.concurrent.ThreadPoolExecutor$Worker.run(ThreadPoolExecutor.java:642)
        at java.base@21.0.5/java.lang.Thread.runWith(Thread.java:1596)
        at java.base@21.0.5/java.lang.Thread.run(Thread.java:1583)
"a14cd1ab-7861-42f9-8639-15260a7193f0@group-DEECD8B278EF-cacheEviction-AwaitToRun" daemon prio=5 tid=2217 in Object.wait()
java.lang.Thread.State: WAITING (on object monitor)
        at java.base@21.0.5/jdk.internal.misc.Unsafe.park(Native Method)
        at java.base@21.0.5/java.util.concurrent.locks.LockSupport.park(LockSupport.java:371)
        at java.base@21.0.5/java.util.concurrent.locks.AbstractQueuedSynchronizer$ConditionNode.block(AbstractQueuedSynchronizer.java:519)
        at java.base@21.0.5/java.util.concurrent.ForkJoinPool.unmanagedBlock(ForkJoinPool.java:3780)
        at java.base@21.0.5/java.util.concurrent.ForkJoinPool.managedBlock(ForkJoinPool.java:3725)
        at java.base@21.0.5/java.util.concurrent.locks.AbstractQueuedSynchronizer$ConditionObject.await(AbstractQueuedSynchronizer.java:1712)
        at app//org.apache.ratis.util.AwaitForSignal.await(AwaitForSignal.java:48)
        at app//org.apache.ratis.util.AwaitToRun$RunnableImpl.run(AwaitToRun.java:47)
        at java.base@21.0.5/java.lang.Thread.runWith(Thread.java:1596)
        at java.base@21.0.5/java.lang.Thread.run(Thread.java:1583)
"IPC Server handler 9 on default port 15006" daemon prio=5 tid=507 timed_waiting
java.lang.Thread.State: TIMED_WAITING
        at java.base@21.0.5/jdk.internal.misc.Unsafe.park(Native Method)
        at java.base@21.0.5/java.util.concurrent.locks.LockSupport.parkNanos(LockSupport.java:269)
        at java.base@21.0.5/java.util.concurrent.locks.AbstractQueuedSynchronizer$ConditionObject.awaitNanos(AbstractQueuedSynchronizer.java:1763)
        at java.base@21.0.5/java.util.concurrent.LinkedBlockingQueue.poll(LinkedBlockingQueue.java:460)
        at app//org.apache.hadoop.ipc.CallQueueManager.take(CallQueueManager.java:370)
        at app//org.apache.hadoop.ipc.Server$Handler.run(Server.java:3165)
"qtp1811005420-981-acceptor-0@9574331-ServerConnector@32472631{HTTP/1.1, (http/1.1)}{0.0.0.0:15092}" daemon prio=3 tid=981 runnable
java.lang.Thread.State: RUNNABLE
        at java.base@21.0.5/sun.nio.ch.Net.accept(Native Method)
        at java.base@21.0.5/sun.nio.ch.ServerSocketChannelImpl.implAccept(ServerSocketChannelImpl.java:433)
        at java.base@21.0.5/sun.nio.ch.ServerSocketChannelImpl.accept(ServerSocketChannelImpl.java:399)
        at app//org.eclipse.jetty.server.ServerConnector.accept(ServerConnector.java:388)
        at app//org.eclipse.jetty.server.AbstractConnector$Acceptor.run(AbstractConnector.java:704)
        at app//org.eclipse.jetty.util.thread.QueuedThreadPool.runJob(QueuedThreadPool.java:883)
        at app//org.eclipse.jetty.util.thread.QueuedThreadPool$Runner.run(QueuedThreadPool.java:1034)
        at java.base@21.0.5/java.lang.Thread.runWith(Thread.java:1596)
        at java.base@21.0.5/java.lang.Thread.run(Thread.java:1583)
"IPC Server handler 61 on default port 15000" daemon prio=5 tid=182 timed_waiting
java.lang.Thread.State: TIMED_WAITING
        at java.base@21.0.5/jdk.internal.misc.Unsafe.park(Native Method)
        at java.base@21.0.5/java.util.concurrent.locks.LockSupport.parkNanos(LockSupport.java:269)
        at java.base@21.0.5/java.util.concurrent.locks.AbstractQueuedSynchronizer$ConditionObject.awaitNanos(AbstractQueuedSynchronizer.java:1763)
        at java.base@21.0.5/java.util.concurrent.LinkedBlockingQueue.poll(LinkedBlockingQueue.java:460)
        at app//org.apache.hadoop.ipc.CallQueueManager.take(CallQueueManager.java:370)
        at app//org.apache.hadoop.ipc.Server$Handler.run(Server.java:3165)
"qtp1570121683-576" daemon prio=5 tid=576 timed_waiting
java.lang.Thread.State: TIMED_WAITING
        at java.base@21.0.5/jdk.internal.misc.Unsafe.park(Native Method)
        at java.base@21.0.5/java.util.concurrent.locks.LockSupport.parkNanos(LockSupport.java:269)
        at java.base@21.0.5/java.util.concurrent.locks.AbstractQueuedSynchronizer$ConditionObject.awaitNanos(AbstractQueuedSynchronizer.java:1763)
        at app//org.eclipse.jetty.util.BlockingArrayQueue.poll(BlockingArrayQueue.java:382)
        at app//org.eclipse.jetty.util.thread.QueuedThreadPool$Runner.idleJobPoll(QueuedThreadPool.java:974)
        at app//org.eclipse.jetty.util.thread.QueuedThreadPool$Runner.run(QueuedThreadPool.java:1018)
        at java.base@21.0.5/java.lang.Thread.runWith(Thread.java:1596)
        at java.base@21.0.5/java.lang.Thread.run(Thread.java:1583)
"69390d8a-021c-44b7-9fe5-c9855a0c5aa1-DatanodeStateMachineDaemonThread" daemon prio=5 tid=902 timed_waiting
java.lang.Thread.State: TIMED_WAITING
        at java.base@21.0.5/java.lang.Thread.sleep0(Native Method)
        at java.base@21.0.5/java.lang.Thread.sleep(Thread.java:509)
        at app//org.apache.hadoop.ozone.container.common.statemachine.DatanodeStateMachine.startStateMachineThread(DatanodeStateMachine.java:358)
        at app//org.apache.hadoop.ozone.container.common.statemachine.DatanodeStateMachine.lambda$startDaemon$1(DatanodeStateMachine.java:544)
        at app//org.apache.hadoop.ozone.container.common.statemachine.DatanodeStateMachine$$Lambda/0x00007fcfe07d8a68.run(Unknown Source)
        at java.base@21.0.5/java.lang.Thread.runWith(Thread.java:1596)
        at java.base@21.0.5/java.lang.Thread.run(Thread.java:1583)
"b5e8fa21-b7a1-4c36-a12e-fa069f9a009b@group-8D2BB8F5309D-SegmentedRaftLogWorker"  prio=5 tid=114 timed_waiting
java.lang.Thread.State: TIMED_WAITING
        at java.base@21.0.5/jdk.internal.misc.Unsafe.park(Native Method)
        at java.base@21.0.5/java.util.concurrent.locks.LockSupport.parkNanos(LockSupport.java:269)
        at java.base@21.0.5/java.util.concurrent.locks.AbstractQueuedSynchronizer$ConditionObject.awaitNanos(AbstractQueuedSynchronizer.java:1763)
        at app//org.apache.ratis.util.DataBlockingQueue.poll(DataBlockingQueue.java:148)
        at app//org.apache.ratis.server.raftlog.segmented.SegmentedRaftLogWorker.run(SegmentedRaftLogWorker.java:307)
        at app//org.apache.ratis.server.raftlog.segmented.SegmentedRaftLogWorker$$Lambda/0x00007fcfe03376d0.run(Unknown Source)
        at java.base@21.0.5/java.util.concurrent.Executors$RunnableAdapter.call(Executors.java:572)
        at java.base@21.0.5/java.util.concurrent.FutureTask.run(FutureTask.java:317)
        at java.base@21.0.5/java.util.concurrent.ThreadPoolExecutor.runWorker(ThreadPoolExecutor.java:1144)
        at java.base@21.0.5/java.util.concurrent.ThreadPoolExecutor$Worker.run(ThreadPoolExecutor.java:642)
        at java.base@21.0.5/java.lang.Thread.runWith(Thread.java:1596)
        at java.base@21.0.5/java.lang.Thread.run(Thread.java:1583)
"91d0dafb-6cb7-42e5-b129-660fdc1902ba@group-B8383FC2DAB2-FollowerState" daemon prio=5 tid=2043 timed_waiting
java.lang.Thread.State: TIMED_WAITING
        at java.base@21.0.5/java.lang.Thread.sleep0(Native Method)
        at java.base@21.0.5/java.lang.Thread.sleep(Thread.java:558)
        at java.base@21.0.5/java.util.concurrent.TimeUnit.sleep(TimeUnit.java:446)
        at app//org.apache.ratis.util.TimeDuration.sleep(TimeDuration.java:353)
        at app//org.apache.ratis.util.TimeDuration.sleep(TimeDuration.java:338)
        at app//org.apache.ratis.server.impl.FollowerState.runImpl(FollowerState.java:149)
        at app//org.apache.ratis.server.impl.FollowerState.run(FollowerState.java:130)
"IPC Server handler 73 on default port 15000" daemon prio=5 tid=194 timed_waiting
java.lang.Thread.State: TIMED_WAITING
        at java.base@21.0.5/jdk.internal.misc.Unsafe.park(Native Method)
        at java.base@21.0.5/java.util.concurrent.locks.LockSupport.parkNanos(LockSupport.java:269)
        at java.base@21.0.5/java.util.concurrent.locks.AbstractQueuedSynchronizer$ConditionObject.awaitNanos(AbstractQueuedSynchronizer.java:1763)
        at java.base@21.0.5/java.util.concurrent.LinkedBlockingQueue.poll(LinkedBlockingQueue.java:460)
        at app//org.apache.hadoop.ipc.CallQueueManager.take(CallQueueManager.java:370)
        at app//org.apache.hadoop.ipc.Server$Handler.run(Server.java:3165)
"om1-DirectoryDeletingService#3" daemon prio=5 tid=480 in Object.wait()
java.lang.Thread.State: WAITING (on object monitor)
        at java.base@21.0.5/jdk.internal.misc.Unsafe.park(Native Method)
        at java.base@21.0.5/java.util.concurrent.locks.LockSupport.park(LockSupport.java:371)
        at java.base@21.0.5/java.util.concurrent.locks.AbstractQueuedSynchronizer$ConditionNode.block(AbstractQueuedSynchronizer.java:519)
        at java.base@21.0.5/java.util.concurrent.ForkJoinPool.unmanagedBlock(ForkJoinPool.java:3780)
        at java.base@21.0.5/java.util.concurrent.ForkJoinPool.managedBlock(ForkJoinPool.java:3725)
        at java.base@21.0.5/java.util.concurrent.locks.AbstractQueuedSynchronizer$ConditionObject.await(AbstractQueuedSynchronizer.java:1712)
        at java.base@21.0.5/java.util.concurrent.ScheduledThreadPoolExecutor$DelayedWorkQueue.take(ScheduledThreadPoolExecutor.java:1177)
        at java.base@21.0.5/java.util.concurrent.ScheduledThreadPoolExecutor$DelayedWorkQueue.take(ScheduledThreadPoolExecutor.java:899)
        at java.base@21.0.5/java.util.concurrent.ThreadPoolExecutor.getTask(ThreadPoolExecutor.java:1070)
        at java.base@21.0.5/java.util.concurrent.ThreadPoolExecutor.runWorker(ThreadPoolExecutor.java:1130)
        at java.base@21.0.5/java.util.concurrent.ThreadPoolExecutor$Worker.run(ThreadPoolExecutor.java:642)
        at java.base@21.0.5/java.lang.Thread.runWith(Thread.java:1596)
        at java.base@21.0.5/java.lang.Thread.run(Thread.java:1583)
"IPC Server handler 29 on default port 15000" daemon prio=5 tid=150 timed_waiting
java.lang.Thread.State: TIMED_WAITING
        at java.base@21.0.5/jdk.internal.misc.Unsafe.park(Native Method)
        at java.base@21.0.5/java.util.concurrent.locks.LockSupport.parkNanos(LockSupport.java:269)
        at java.base@21.0.5/java.util.concurrent.locks.AbstractQueuedSynchronizer$ConditionObject.awaitNanos(AbstractQueuedSynchronizer.java:1763)
        at java.base@21.0.5/java.util.concurrent.LinkedBlockingQueue.poll(LinkedBlockingQueue.java:460)
        at app//org.apache.hadoop.ipc.CallQueueManager.take(CallQueueManager.java:370)
        at app//org.apache.hadoop.ipc.Server$Handler.run(Server.java:3165)
"69390d8a-021c-44b7-9fe5-c9855a0c5aa1-BlockDeletingService#2" daemon prio=5 tid=1847 in Object.wait()
java.lang.Thread.State: WAITING (on object monitor)
        at java.base@21.0.5/jdk.internal.misc.Unsafe.park(Native Method)
        at java.base@21.0.5/java.util.concurrent.locks.LockSupport.park(LockSupport.java:371)
        at java.base@21.0.5/java.util.concurrent.locks.AbstractQueuedSynchronizer$ConditionNode.block(AbstractQueuedSynchronizer.java:519)
        at java.base@21.0.5/java.util.concurrent.ForkJoinPool.unmanagedBlock(ForkJoinPool.java:3780)
        at java.base@21.0.5/java.util.concurrent.ForkJoinPool.managedBlock(ForkJoinPool.java:3725)
        at java.base@21.0.5/java.util.concurrent.locks.AbstractQueuedSynchronizer$ConditionObject.await(AbstractQueuedSynchronizer.java:1712)
        at java.base@21.0.5/java.util.concurrent.ScheduledThreadPoolExecutor$DelayedWorkQueue.take(ScheduledThreadPoolExecutor.java:1177)
        at java.base@21.0.5/java.util.concurrent.ScheduledThreadPoolExecutor$DelayedWorkQueue.take(ScheduledThreadPoolExecutor.java:899)
        at java.base@21.0.5/java.util.concurrent.ThreadPoolExecutor.getTask(ThreadPoolExecutor.java:1070)
        at java.base@21.0.5/java.util.concurrent.ThreadPoolExecutor.runWorker(ThreadPoolExecutor.java:1130)
        at java.base@21.0.5/java.util.concurrent.ThreadPoolExecutor$Worker.run(ThreadPoolExecutor.java:642)
        at java.base@21.0.5/java.lang.Thread.runWith(Thread.java:1596)
        at java.base@21.0.5/java.lang.Thread.run(Thread.java:1583)
"fc60e07f-496f-42fe-ae82-620152583f87-DatanodeStateMachineDaemonThread" daemon prio=5 tid=744 timed_waiting
java.lang.Thread.State: TIMED_WAITING
        at java.base@21.0.5/java.lang.Thread.sleep0(Native Method)
        at java.base@21.0.5/java.lang.Thread.sleep(Thread.java:509)
        at app//org.apache.hadoop.ozone.container.common.statemachine.DatanodeStateMachine.startStateMachineThread(DatanodeStateMachine.java:358)
        at app//org.apache.hadoop.ozone.container.common.statemachine.DatanodeStateMachine.lambda$startDaemon$1(DatanodeStateMachine.java:544)
        at app//org.apache.hadoop.ozone.container.common.statemachine.DatanodeStateMachine$$Lambda/0x00007fcfe07d8a68.run(Unknown Source)
        at java.base@21.0.5/java.lang.Thread.runWith(Thread.java:1596)
        at java.base@21.0.5/java.lang.Thread.run(Thread.java:1583)
"qtp775920937-855" daemon prio=5 tid=855 timed_waiting
java.lang.Thread.State: TIMED_WAITING
        at java.base@21.0.5/jdk.internal.misc.Unsafe.park(Native Method)
        at java.base@21.0.5/java.util.concurrent.locks.LockSupport.parkNanos(LockSupport.java:269)
        at java.base@21.0.5/java.util.concurrent.locks.AbstractQueuedSynchronizer$ConditionObject.awaitNanos(AbstractQueuedSynchronizer.java:1763)
        at app//org.eclipse.jetty.util.BlockingArrayQueue.poll(BlockingArrayQueue.java:382)
        at app//org.eclipse.jetty.util.thread.QueuedThreadPool$Runner.idleJobPoll(QueuedThreadPool.java:974)
        at app//org.eclipse.jetty.util.thread.QueuedThreadPool$Runner.run(QueuedThreadPool.java:1018)
        at java.base@21.0.5/java.lang.Thread.runWith(Thread.java:1596)
        at java.base@21.0.5/java.lang.Thread.run(Thread.java:1583)
"IPC Server handler 5 on default port 15075" daemon prio=5 tid=897 timed_waiting
java.lang.Thread.State: TIMED_WAITING
        at java.base@21.0.5/jdk.internal.misc.Unsafe.park(Native Method)
        at java.base@21.0.5/java.util.concurrent.locks.LockSupport.parkNanos(LockSupport.java:269)
        at java.base@21.0.5/java.util.concurrent.locks.AbstractQueuedSynchronizer$ConditionObject.awaitNanos(AbstractQueuedSynchronizer.java:1763)
        at java.base@21.0.5/java.util.concurrent.LinkedBlockingQueue.poll(LinkedBlockingQueue.java:460)
        at app//org.apache.hadoop.ipc.CallQueueManager.take(CallQueueManager.java:370)
        at app//org.apache.hadoop.ipc.Server$Handler.run(Server.java:3165)
"17963aff-71fe-4a8f-bd2e-c405ff93174f-PeriodicHDDSVolumeChecker" daemon prio=5 tid=1137 timed_waiting
java.lang.Thread.State: TIMED_WAITING
        at java.base@21.0.5/jdk.internal.misc.Unsafe.park(Native Method)
        at java.base@21.0.5/java.util.concurrent.locks.LockSupport.parkNanos(LockSupport.java:269)
        at java.base@21.0.5/java.util.concurrent.locks.AbstractQueuedSynchronizer$ConditionObject.awaitNanos(AbstractQueuedSynchronizer.java:1763)
        at java.base@21.0.5/java.util.concurrent.ScheduledThreadPoolExecutor$DelayedWorkQueue.take(ScheduledThreadPoolExecutor.java:1182)
        at java.base@21.0.5/java.util.concurrent.ScheduledThreadPoolExecutor$DelayedWorkQueue.take(ScheduledThreadPoolExecutor.java:899)
        at java.base@21.0.5/java.util.concurrent.ThreadPoolExecutor.getTask(ThreadPoolExecutor.java:1070)
        at java.base@21.0.5/java.util.concurrent.ThreadPoolExecutor.runWorker(ThreadPoolExecutor.java:1130)
        at java.base@21.0.5/java.util.concurrent.ThreadPoolExecutor$Worker.run(ThreadPoolExecutor.java:642)
        at java.base@21.0.5/java.lang.Thread.runWith(Thread.java:1596)
        at java.base@21.0.5/java.lang.Thread.run(Thread.java:1583)
"17963aff-71fe-4a8f-bd2e-c405ff93174f-BlockDeletingService#2" daemon prio=5 tid=1849 in Object.wait()
java.lang.Thread.State: WAITING (on object monitor)
        at java.base@21.0.5/jdk.internal.misc.Unsafe.park(Native Method)
        at java.base@21.0.5/java.util.concurrent.locks.LockSupport.park(LockSupport.java:371)
        at java.base@21.0.5/java.util.concurrent.locks.AbstractQueuedSynchronizer$ConditionNode.block(AbstractQueuedSynchronizer.java:519)
        at java.base@21.0.5/java.util.concurrent.ForkJoinPool.unmanagedBlock(ForkJoinPool.java:3780)
        at java.base@21.0.5/java.util.concurrent.ForkJoinPool.managedBlock(ForkJoinPool.java:3725)
        at java.base@21.0.5/java.util.concurrent.locks.AbstractQueuedSynchronizer$ConditionObject.await(AbstractQueuedSynchronizer.java:1712)
        at java.base@21.0.5/java.util.concurrent.ScheduledThreadPoolExecutor$DelayedWorkQueue.take(ScheduledThreadPoolExecutor.java:1177)
        at java.base@21.0.5/java.util.concurrent.ScheduledThreadPoolExecutor$DelayedWorkQueue.take(ScheduledThreadPoolExecutor.java:899)
        at java.base@21.0.5/java.util.concurrent.ThreadPoolExecutor.getTask(ThreadPoolExecutor.java:1070)
        at java.base@21.0.5/java.util.concurrent.ThreadPoolExecutor.runWorker(ThreadPoolExecutor.java:1130)
        at java.base@21.0.5/java.util.concurrent.ThreadPoolExecutor$Worker.run(ThreadPoolExecutor.java:642)
        at java.base@21.0.5/java.lang.Thread.runWith(Thread.java:1596)
        at java.base@21.0.5/java.lang.Thread.run(Thread.java:1583)
"d1093f6a-6992-456d-ac47-966fa1bbc12e-NettyServerStreamRpc-bossGroup--thread1"  prio=5 tid=1896 runnable
java.lang.Thread.State: RUNNABLE
        at app//org.apache.ratis.thirdparty.io.netty.channel.epoll.Native.epollWait(Native Method)
        at app//org.apache.ratis.thirdparty.io.netty.channel.epoll.Native.epollWait(Native.java:220)
        at app//org.apache.ratis.thirdparty.io.netty.channel.epoll.Native.epollWait(Native.java:213)
        at app//org.apache.ratis.thirdparty.io.netty.channel.epoll.EpollEventLoop.epollWaitNoTimerChange(EpollEventLoop.java:308)
        at app//org.apache.ratis.thirdparty.io.netty.channel.epoll.EpollEventLoop.run(EpollEventLoop.java:365)
        at app//org.apache.ratis.thirdparty.io.netty.util.concurrent.SingleThreadEventExecutor$4.run(SingleThreadEventExecutor.java:997)
        at app//org.apache.ratis.thirdparty.io.netty.util.internal.ThreadExecutorMap$2.run(ThreadExecutorMap.java:74)
        at java.base@21.0.5/java.lang.Thread.runWith(Thread.java:1596)
        at java.base@21.0.5/java.lang.Thread.run(Thread.java:1583)
"Socket Reader #10 for port 15021"  prio=5 tid=590 runnable
java.lang.Thread.State: RUNNABLE
        at java.base@21.0.5/sun.nio.ch.EPoll.wait(Native Method)
        at java.base@21.0.5/sun.nio.ch.EPollSelectorImpl.doSelect(EPollSelectorImpl.java:121)
        at java.base@21.0.5/sun.nio.ch.SelectorImpl.lockAndDoSelect(SelectorImpl.java:130)
        at java.base@21.0.5/sun.nio.ch.SelectorImpl.select(SelectorImpl.java:147)
        at app//org.apache.hadoop.ipc.Server$Listener$Reader.doRunLoop(Server.java:1497)
        at app//org.apache.hadoop.ipc.Server$Listener$Reader.run(Server.java:1476)
"ac5cad44-c19c-4f65-867f-c0009d6f555c@group-54F1CF531B92-SegmentedRaftLogWorker"  prio=5 tid=1174 timed_waiting
java.lang.Thread.State: TIMED_WAITING
        at java.base@21.0.5/jdk.internal.misc.Unsafe.park(Native Method)
        at java.base@21.0.5/java.util.concurrent.locks.LockSupport.parkNanos(LockSupport.java:269)
        at java.base@21.0.5/java.util.concurrent.locks.AbstractQueuedSynchronizer$ConditionObject.awaitNanos(AbstractQueuedSynchronizer.java:1763)
        at app//org.apache.ratis.util.DataBlockingQueue.poll(DataBlockingQueue.java:148)
        at app//org.apache.ratis.server.raftlog.segmented.SegmentedRaftLogWorker.run(SegmentedRaftLogWorker.java:307)
        at app//org.apache.ratis.server.raftlog.segmented.SegmentedRaftLogWorker$$Lambda/0x00007fcfe03376d0.run(Unknown Source)
        at java.base@21.0.5/java.util.concurrent.Executors$RunnableAdapter.call(Executors.java:572)
        at java.base@21.0.5/java.util.concurrent.FutureTask.run(FutureTask.java:317)
        at java.base@21.0.5/java.util.concurrent.ThreadPoolExecutor.runWorker(ThreadPoolExecutor.java:1144)
        at java.base@21.0.5/java.util.concurrent.ThreadPoolExecutor$Worker.run(ThreadPoolExecutor.java:642)
        at java.base@21.0.5/java.lang.Thread.runWith(Thread.java:1596)
        at java.base@21.0.5/java.lang.Thread.run(Thread.java:1583)
"IPC Server handler 99 on default port 15001" daemon prio=5 tid=320 timed_waiting
java.lang.Thread.State: TIMED_WAITING
        at java.base@21.0.5/jdk.internal.misc.Unsafe.park(Native Method)
        at java.base@21.0.5/java.util.concurrent.locks.LockSupport.parkNanos(LockSupport.java:269)
        at java.base@21.0.5/java.util.concurrent.locks.AbstractQueuedSynchronizer$ConditionObject.awaitNanos(AbstractQueuedSynchronizer.java:1763)
        at java.base@21.0.5/java.util.concurrent.LinkedBlockingQueue.poll(LinkedBlockingQueue.java:460)
        at app//org.apache.hadoop.ipc.CallQueueManager.take(CallQueueManager.java:370)
        at app//org.apache.hadoop.ipc.Server$Handler.run(Server.java:3165)
"ac5cad44-c19c-4f65-867f-c0009d6f555c-PipelineCommandHandlerThread-0"  prio=5 tid=1171 in Object.wait()
java.lang.Thread.State: WAITING (on object monitor)
        at java.base@21.0.5/jdk.internal.misc.Unsafe.park(Native Method)
        at java.base@21.0.5/java.util.concurrent.locks.LockSupport.park(LockSupport.java:371)
        at java.base@21.0.5/java.util.concurrent.locks.AbstractQueuedSynchronizer$ConditionNode.block(AbstractQueuedSynchronizer.java:519)
        at java.base@21.0.5/java.util.concurrent.ForkJoinPool.unmanagedBlock(ForkJoinPool.java:3780)
        at java.base@21.0.5/java.util.concurrent.ForkJoinPool.managedBlock(ForkJoinPool.java:3725)
        at java.base@21.0.5/java.util.concurrent.locks.AbstractQueuedSynchronizer$ConditionObject.await(AbstractQueuedSynchronizer.java:1712)
        at java.base@21.0.5/java.util.concurrent.LinkedBlockingQueue.take(LinkedBlockingQueue.java:435)
        at java.base@21.0.5/java.util.concurrent.ThreadPoolExecutor.getTask(ThreadPoolExecutor.java:1070)
        at java.base@21.0.5/java.util.concurrent.ThreadPoolExecutor.runWorker(ThreadPoolExecutor.java:1130)
        at java.base@21.0.5/java.util.concurrent.ThreadPoolExecutor$Worker.run(ThreadPoolExecutor.java:642)
        at java.base@21.0.5/java.lang.Thread.runWith(Thread.java:1596)
        at java.base@21.0.5/java.lang.Thread.run(Thread.java:1583)
"qtp1698217345-2143" daemon prio=5 tid=2143 runnable
java.lang.Thread.State: RUNNABLE
        at java.base@21.0.5/sun.nio.ch.EPoll.wait(Native Method)
        at java.base@21.0.5/sun.nio.ch.EPollSelectorImpl.doSelect(EPollSelectorImpl.java:121)
        at java.base@21.0.5/sun.nio.ch.SelectorImpl.lockAndDoSelect(SelectorImpl.java:130)
        at java.base@21.0.5/sun.nio.ch.SelectorImpl.select(SelectorImpl.java:147)
        at app//org.eclipse.jetty.io.ManagedSelector.nioSelect(ManagedSelector.java:183)
        at app//org.eclipse.jetty.io.ManagedSelector.select(ManagedSelector.java:190)
        at app//org.eclipse.jetty.io.ManagedSelector$SelectorProducer.select(ManagedSelector.java:606)
        at app//org.eclipse.jetty.io.ManagedSelector$SelectorProducer.produce(ManagedSelector.java:543)
        at app//org.eclipse.jetty.util.thread.strategy.EatWhatYouKill.produceTask(EatWhatYouKill.java:362)
        at app//org.eclipse.jetty.util.thread.strategy.EatWhatYouKill.doProduce(EatWhatYouKill.java:186)
        at app//org.eclipse.jetty.util.thread.strategy.EatWhatYouKill.tryProduce(EatWhatYouKill.java:173)
        at app//org.eclipse.jetty.util.thread.strategy.EatWhatYouKill.produce(EatWhatYouKill.java:137)
        at app//org.eclipse.jetty.io.ManagedSelector$$Lambda/0x00007fcfe0662730.run(Unknown Source)
        at app//org.eclipse.jetty.util.thread.QueuedThreadPool.runJob(QueuedThreadPool.java:883)
        at app//org.eclipse.jetty.util.thread.QueuedThreadPool$Runner.run(QueuedThreadPool.java:1034)
        at java.base@21.0.5/java.lang.Thread.runWith(Thread.java:1596)
        at java.base@21.0.5/java.lang.Thread.run(Thread.java:1583)
"7c84fc52-fa7b-40d9-a19c-d4e4c83c5fa3-CloseContainerThread-0"  prio=5 tid=1525 in Object.wait()
java.lang.Thread.State: WAITING (on object monitor)
        at java.base@21.0.5/jdk.internal.misc.Unsafe.park(Native Method)
        at java.base@21.0.5/java.util.concurrent.locks.LockSupport.park(LockSupport.java:371)
        at java.base@21.0.5/java.util.concurrent.locks.AbstractQueuedSynchronizer$ConditionNode.block(AbstractQueuedSynchronizer.java:519)
        at java.base@21.0.5/java.util.concurrent.ForkJoinPool.unmanagedBlock(ForkJoinPool.java:3780)
        at java.base@21.0.5/java.util.concurrent.ForkJoinPool.managedBlock(ForkJoinPool.java:3725)
        at java.base@21.0.5/java.util.concurrent.locks.AbstractQueuedSynchronizer$ConditionObject.await(AbstractQueuedSynchronizer.java:1712)
        at java.base@21.0.5/java.util.concurrent.LinkedBlockingQueue.take(LinkedBlockingQueue.java:435)
        at java.base@21.0.5/java.util.concurrent.ThreadPoolExecutor.getTask(ThreadPoolExecutor.java:1070)
        at java.base@21.0.5/java.util.concurrent.ThreadPoolExecutor.runWorker(ThreadPoolExecutor.java:1130)
        at java.base@21.0.5/java.util.concurrent.ThreadPoolExecutor$Worker.run(ThreadPoolExecutor.java:642)
        at java.base@21.0.5/java.lang.Thread.runWith(Thread.java:1596)
        at java.base@21.0.5/java.lang.Thread.run(Thread.java:1583)
"prometheus" daemon prio=5 tid=333 in Object.wait()
java.lang.Thread.State: WAITING (on object monitor)
        at java.base@21.0.5/java.lang.Object.wait0(Native Method)
        at java.base@21.0.5/java.lang.Object.wait(Object.java:366)
        at java.base@21.0.5/java.lang.Object.wait(Object.java:339)
        at app//org.apache.hadoop.metrics2.impl.SinkQueue.waitForData(SinkQueue.java:114)
        at app//org.apache.hadoop.metrics2.impl.SinkQueue.consumeAll(SinkQueue.java:83)
        at app//org.apache.hadoop.metrics2.impl.MetricsSinkAdapter.publishMetricsFromQueue(MetricsSinkAdapter.java:135)
        at app//org.apache.hadoop.metrics2.impl.MetricsSinkAdapter$1.run(MetricsSinkAdapter.java:89)
"17963aff-71fe-4a8f-bd2e-c405ff93174f-ChunkWriter-0-0" daemon prio=5 tid=1142 in Object.wait()
java.lang.Thread.State: WAITING (on object monitor)
        at java.base@21.0.5/jdk.internal.misc.Unsafe.park(Native Method)
        at java.base@21.0.5/java.util.concurrent.locks.LockSupport.park(LockSupport.java:371)
        at java.base@21.0.5/java.util.concurrent.locks.AbstractQueuedSynchronizer$ConditionNode.block(AbstractQueuedSynchronizer.java:519)
        at java.base@21.0.5/java.util.concurrent.ForkJoinPool.unmanagedBlock(ForkJoinPool.java:3780)
        at java.base@21.0.5/java.util.concurrent.ForkJoinPool.managedBlock(ForkJoinPool.java:3725)
        at java.base@21.0.5/java.util.concurrent.locks.AbstractQueuedSynchronizer$ConditionObject.await(AbstractQueuedSynchronizer.java:1712)
        at java.base@21.0.5/java.util.concurrent.LinkedBlockingDeque.takeFirst(LinkedBlockingDeque.java:485)
        at java.base@21.0.5/java.util.concurrent.LinkedBlockingDeque.take(LinkedBlockingDeque.java:673)
        at java.base@21.0.5/java.util.concurrent.ThreadPoolExecutor.getTask(ThreadPoolExecutor.java:1070)
        at java.base@21.0.5/java.util.concurrent.ThreadPoolExecutor.runWorker(ThreadPoolExecutor.java:1130)
        at java.base@21.0.5/java.util.concurrent.ThreadPoolExecutor$Worker.run(ThreadPoolExecutor.java:642)
        at java.base@21.0.5/java.lang.Thread.runWith(Thread.java:1596)
        at java.base@21.0.5/java.lang.Thread.run(Thread.java:1583)
"IPC Server handler 63 on default port 15002" daemon prio=5 tid=402 timed_waiting
java.lang.Thread.State: TIMED_WAITING
        at java.base@21.0.5/jdk.internal.misc.Unsafe.park(Native Method)
        at java.base@21.0.5/java.util.concurrent.locks.LockSupport.parkNanos(LockSupport.java:269)
        at java.base@21.0.5/java.util.concurrent.locks.AbstractQueuedSynchronizer$ConditionObject.awaitNanos(AbstractQueuedSynchronizer.java:1763)
        at java.base@21.0.5/java.util.concurrent.LinkedBlockingQueue.poll(LinkedBlockingQueue.java:460)
        at app//org.apache.hadoop.ipc.CallQueueManager.take(CallQueueManager.java:370)
        at app//org.apache.hadoop.ipc.Server$Handler.run(Server.java:3165)
"IPC Server idle connection scanner for port 15030" daemon prio=5 tid=1920 timed_waiting
java.lang.Thread.State: TIMED_WAITING
        at java.base@21.0.5/java.lang.Object.wait0(Native Method)
        at java.base@21.0.5/java.lang.Object.wait(Object.java:366)
        at java.base@21.0.5/java.util.TimerThread.mainLoop(Timer.java:563)
        at java.base@21.0.5/java.util.TimerThread.run(Timer.java:516)
"91d0dafb-6cb7-42e5-b129-660fdc1902ba-DatanodeReportManager-3" daemon prio=5 tid=1034 in Object.wait()
java.lang.Thread.State: WAITING (on object monitor)
        at java.base@21.0.5/jdk.internal.misc.Unsafe.park(Native Method)
        at java.base@21.0.5/java.util.concurrent.locks.LockSupport.park(LockSupport.java:371)
        at java.base@21.0.5/java.util.concurrent.locks.AbstractQueuedSynchronizer$ConditionNode.block(AbstractQueuedSynchronizer.java:519)
        at java.base@21.0.5/java.util.concurrent.ForkJoinPool.unmanagedBlock(ForkJoinPool.java:3780)
        at java.base@21.0.5/java.util.concurrent.ForkJoinPool.managedBlock(ForkJoinPool.java:3725)
        at java.base@21.0.5/java.util.concurrent.locks.AbstractQueuedSynchronizer$ConditionObject.await(AbstractQueuedSynchronizer.java:1712)
        at java.base@21.0.5/java.util.concurrent.ScheduledThreadPoolExecutor$DelayedWorkQueue.take(ScheduledThreadPoolExecutor.java:1177)
        at java.base@21.0.5/java.util.concurrent.ScheduledThreadPoolExecutor$DelayedWorkQueue.take(ScheduledThreadPoolExecutor.java:899)
        at java.base@21.0.5/java.util.concurrent.ThreadPoolExecutor.getTask(ThreadPoolExecutor.java:1070)
        at java.base@21.0.5/java.util.concurrent.ThreadPoolExecutor.runWorker(ThreadPoolExecutor.java:1130)
        at java.base@21.0.5/java.util.concurrent.ThreadPoolExecutor$Worker.run(ThreadPoolExecutor.java:642)
        at java.base@21.0.5/java.lang.Thread.runWith(Thread.java:1596)
        at java.base@21.0.5/java.lang.Thread.run(Thread.java:1583)
"IPC Server handler 4 on default port 15057" daemon prio=5 tid=784 timed_waiting
java.lang.Thread.State: TIMED_WAITING
        at java.base@21.0.5/jdk.internal.misc.Unsafe.park(Native Method)
        at java.base@21.0.5/java.util.concurrent.locks.LockSupport.parkNanos(LockSupport.java:269)
        at java.base@21.0.5/java.util.concurrent.locks.AbstractQueuedSynchronizer$ConditionObject.awaitNanos(AbstractQueuedSynchronizer.java:1763)
        at java.base@21.0.5/java.util.concurrent.LinkedBlockingQueue.poll(LinkedBlockingQueue.java:460)
        at app//org.apache.hadoop.ipc.CallQueueManager.take(CallQueueManager.java:370)
        at app//org.apache.hadoop.ipc.Server$Handler.run(Server.java:3165)
"IPC Server handler 25 on default port 15002" daemon prio=5 tid=364 timed_waiting
java.lang.Thread.State: TIMED_WAITING
        at java.base@21.0.5/jdk.internal.misc.Unsafe.park(Native Method)
        at java.base@21.0.5/java.util.concurrent.locks.LockSupport.parkNanos(LockSupport.java:269)
        at java.base@21.0.5/java.util.concurrent.locks.AbstractQueuedSynchronizer$ConditionObject.awaitNanos(AbstractQueuedSynchronizer.java:1763)
        at java.base@21.0.5/java.util.concurrent.LinkedBlockingQueue.poll(LinkedBlockingQueue.java:460)
        at app//org.apache.hadoop.ipc.CallQueueManager.take(CallQueueManager.java:370)
        at app//org.apache.hadoop.ipc.Server$Handler.run(Server.java:3165)
"Socket Reader #10 for port 15039"  prio=5 tid=2162 runnable
java.lang.Thread.State: RUNNABLE
        at java.base@21.0.5/sun.nio.ch.EPoll.wait(Native Method)
        at java.base@21.0.5/sun.nio.ch.EPollSelectorImpl.doSelect(EPollSelectorImpl.java:121)
        at java.base@21.0.5/sun.nio.ch.SelectorImpl.lockAndDoSelect(SelectorImpl.java:130)
        at java.base@21.0.5/sun.nio.ch.SelectorImpl.select(SelectorImpl.java:147)
        at app//org.apache.hadoop.ipc.Server$Listener$Reader.doRunLoop(Server.java:1497)
        at app//org.apache.hadoop.ipc.Server$Listener$Reader.run(Server.java:1476)
"IPC Server handler 55 on default port 15002" daemon prio=5 tid=394 timed_waiting
java.lang.Thread.State: TIMED_WAITING
        at java.base@21.0.5/jdk.internal.misc.Unsafe.park(Native Method)
        at java.base@21.0.5/java.util.concurrent.locks.LockSupport.parkNanos(LockSupport.java:269)
        at java.base@21.0.5/java.util.concurrent.locks.AbstractQueuedSynchronizer$ConditionObject.awaitNanos(AbstractQueuedSynchronizer.java:1763)
        at java.base@21.0.5/java.util.concurrent.LinkedBlockingQueue.poll(LinkedBlockingQueue.java:460)
        at app//org.apache.hadoop.ipc.CallQueueManager.take(CallQueueManager.java:370)
        at app//org.apache.hadoop.ipc.Server$Handler.run(Server.java:3165)
"qtp119512187-1900" daemon prio=5 tid=1900 runnable
java.lang.Thread.State: RUNNABLE
        at java.base@21.0.5/sun.nio.ch.EPoll.wait(Native Method)
        at java.base@21.0.5/sun.nio.ch.EPollSelectorImpl.doSelect(EPollSelectorImpl.java:121)
        at java.base@21.0.5/sun.nio.ch.SelectorImpl.lockAndDoSelect(SelectorImpl.java:130)
        at java.base@21.0.5/sun.nio.ch.SelectorImpl.select(SelectorImpl.java:147)
        at app//org.eclipse.jetty.io.ManagedSelector.nioSelect(ManagedSelector.java:183)
        at app//org.eclipse.jetty.io.ManagedSelector.select(ManagedSelector.java:190)
        at app//org.eclipse.jetty.io.ManagedSelector$SelectorProducer.select(ManagedSelector.java:606)
        at app//org.eclipse.jetty.io.ManagedSelector$SelectorProducer.produce(ManagedSelector.java:543)
        at app//org.eclipse.jetty.util.thread.strategy.EatWhatYouKill.produceTask(EatWhatYouKill.java:362)
        at app//org.eclipse.jetty.util.thread.strategy.EatWhatYouKill.doProduce(EatWhatYouKill.java:186)
        at app//org.eclipse.jetty.util.thread.strategy.EatWhatYouKill.tryProduce(EatWhatYouKill.java:173)
        at app//org.eclipse.jetty.util.thread.strategy.EatWhatYouKill.produce(EatWhatYouKill.java:137)
        at app//org.eclipse.jetty.io.ManagedSelector$$Lambda/0x00007fcfe0662730.run(Unknown Source)
        at app//org.eclipse.jetty.util.thread.QueuedThreadPool.runJob(QueuedThreadPool.java:883)
        at app//org.eclipse.jetty.util.thread.QueuedThreadPool$Runner.run(QueuedThreadPool.java:1034)
        at java.base@21.0.5/java.lang.Thread.runWith(Thread.java:1596)
        at java.base@21.0.5/java.lang.Thread.run(Thread.java:1583)
"IPC Server handler 9 on default port 15001" daemon prio=5 tid=230 timed_waiting
java.lang.Thread.State: TIMED_WAITING
        at java.base@21.0.5/jdk.internal.misc.Unsafe.park(Native Method)
        at java.base@21.0.5/java.util.concurrent.locks.LockSupport.parkNanos(LockSupport.java:269)
        at java.base@21.0.5/java.util.concurrent.locks.AbstractQueuedSynchronizer$ConditionObject.awaitNanos(AbstractQueuedSynchronizer.java:1763)
        at java.base@21.0.5/java.util.concurrent.LinkedBlockingQueue.poll(LinkedBlockingQueue.java:460)
        at app//org.apache.hadoop.ipc.CallQueueManager.take(CallQueueManager.java:370)
        at app//org.apache.hadoop.ipc.Server$Handler.run(Server.java:3165)
"ac5cad44-c19c-4f65-867f-c0009d6f555c-EndpointStateMachineTaskThread-/0.0.0.0:15002-0 "  prio=5 tid=852 in Object.wait()
java.lang.Thread.State: WAITING (on object monitor)
        at java.base@21.0.5/jdk.internal.misc.Unsafe.park(Native Method)
        at java.base@21.0.5/java.util.concurrent.locks.LockSupport.park(LockSupport.java:371)
        at java.base@21.0.5/java.util.concurrent.locks.AbstractQueuedSynchronizer$ConditionNode.block(AbstractQueuedSynchronizer.java:519)
        at java.base@21.0.5/java.util.concurrent.ForkJoinPool.unmanagedBlock(ForkJoinPool.java:3780)
        at java.base@21.0.5/java.util.concurrent.ForkJoinPool.managedBlock(ForkJoinPool.java:3725)
        at java.base@21.0.5/java.util.concurrent.locks.AbstractQueuedSynchronizer$ConditionObject.await(AbstractQueuedSynchronizer.java:1712)
        at java.base@21.0.5/java.util.concurrent.LinkedBlockingQueue.take(LinkedBlockingQueue.java:435)
        at java.base@21.0.5/java.util.concurrent.ThreadPoolExecutor.getTask(ThreadPoolExecutor.java:1070)
        at java.base@21.0.5/java.util.concurrent.ThreadPoolExecutor.runWorker(ThreadPoolExecutor.java:1130)
        at java.base@21.0.5/java.util.concurrent.ThreadPoolExecutor$Worker.run(ThreadPoolExecutor.java:642)
        at java.base@21.0.5/java.lang.Thread.runWith(Thread.java:1596)
        at java.base@21.0.5/java.lang.Thread.run(Thread.java:1583)
"Reference Handler" daemon prio=10 tid=9 runnable
java.lang.Thread.State: RUNNABLE
        at java.base@21.0.5/java.lang.ref.Reference.waitForReferencePendingList(Native Method)
        at java.base@21.0.5/java.lang.ref.Reference.processPendingReferences(Reference.java:246)
        at java.base@21.0.5/java.lang.ref.Reference$ReferenceHandler.run(Reference.java:208)
"Socket Reader #10 for port 15084"  prio=5 tid=952 runnable
java.lang.Thread.State: RUNNABLE
        at java.base@21.0.5/sun.nio.ch.EPoll.wait(Native Method)
        at java.base@21.0.5/sun.nio.ch.EPollSelectorImpl.doSelect(EPollSelectorImpl.java:121)
        at java.base@21.0.5/sun.nio.ch.SelectorImpl.lockAndDoSelect(SelectorImpl.java:130)
        at java.base@21.0.5/sun.nio.ch.SelectorImpl.select(SelectorImpl.java:147)
        at app//org.apache.hadoop.ipc.Server$Listener$Reader.doRunLoop(Server.java:1497)
        at app//org.apache.hadoop.ipc.Server$Listener$Reader.run(Server.java:1476)
"StaleRecoveringContainerScrubbingService#2" daemon prio=5 tid=1828 in Object.wait()
java.lang.Thread.State: WAITING (on object monitor)
        at java.base@21.0.5/jdk.internal.misc.Unsafe.park(Native Method)
        at java.base@21.0.5/java.util.concurrent.locks.LockSupport.park(LockSupport.java:371)
        at java.base@21.0.5/java.util.concurrent.locks.AbstractQueuedSynchronizer$ConditionNode.block(AbstractQueuedSynchronizer.java:519)
        at java.base@21.0.5/java.util.concurrent.ForkJoinPool.unmanagedBlock(ForkJoinPool.java:3780)
        at java.base@21.0.5/java.util.concurrent.ForkJoinPool.managedBlock(ForkJoinPool.java:3725)
        at java.base@21.0.5/java.util.concurrent.locks.AbstractQueuedSynchronizer$ConditionObject.await(AbstractQueuedSynchronizer.java:1712)
        at java.base@21.0.5/java.util.concurrent.ScheduledThreadPoolExecutor$DelayedWorkQueue.take(ScheduledThreadPoolExecutor.java:1177)
        at java.base@21.0.5/java.util.concurrent.ScheduledThreadPoolExecutor$DelayedWorkQueue.take(ScheduledThreadPoolExecutor.java:899)
        at java.base@21.0.5/java.util.concurrent.ThreadPoolExecutor.getTask(ThreadPoolExecutor.java:1070)
        at java.base@21.0.5/java.util.concurrent.ThreadPoolExecutor.runWorker(ThreadPoolExecutor.java:1130)
        at java.base@21.0.5/java.util.concurrent.ThreadPoolExecutor$Worker.run(ThreadPoolExecutor.java:642)
        at java.base@21.0.5/java.lang.Thread.runWith(Thread.java:1596)
        at java.base@21.0.5/java.lang.Thread.run(Thread.java:1583)
"IPC Server handler 5 on default port 15048" daemon prio=5 tid=739 timed_waiting
java.lang.Thread.State: TIMED_WAITING
        at java.base@21.0.5/jdk.internal.misc.Unsafe.park(Native Method)
        at java.base@21.0.5/java.util.concurrent.locks.LockSupport.parkNanos(LockSupport.java:269)
        at java.base@21.0.5/java.util.concurrent.locks.AbstractQueuedSynchronizer$ConditionObject.awaitNanos(AbstractQueuedSynchronizer.java:1763)
        at java.base@21.0.5/java.util.concurrent.LinkedBlockingQueue.poll(LinkedBlockingQueue.java:460)
        at app//org.apache.hadoop.ipc.CallQueueManager.take(CallQueueManager.java:370)
        at app//org.apache.hadoop.ipc.Server$Handler.run(Server.java:3165)
"84b435bb-d41b-4758-bf48-ce9052c81d4a-DatanodeReportManager-3" daemon prio=5 tid=794 in Object.wait()
java.lang.Thread.State: WAITING (on object monitor)
        at java.base@21.0.5/jdk.internal.misc.Unsafe.park(Native Method)
        at java.base@21.0.5/java.util.concurrent.locks.LockSupport.park(LockSupport.java:371)
        at java.base@21.0.5/java.util.concurrent.locks.AbstractQueuedSynchronizer$ConditionNode.block(AbstractQueuedSynchronizer.java:519)
        at java.base@21.0.5/java.util.concurrent.ForkJoinPool.unmanagedBlock(ForkJoinPool.java:3780)
        at java.base@21.0.5/java.util.concurrent.ForkJoinPool.managedBlock(ForkJoinPool.java:3725)
        at java.base@21.0.5/java.util.concurrent.locks.AbstractQueuedSynchronizer$ConditionObject.await(AbstractQueuedSynchronizer.java:1712)
        at java.base@21.0.5/java.util.concurrent.ScheduledThreadPoolExecutor$DelayedWorkQueue.take(ScheduledThreadPoolExecutor.java:1177)
        at java.base@21.0.5/java.util.concurrent.ScheduledThreadPoolExecutor$DelayedWorkQueue.take(ScheduledThreadPoolExecutor.java:899)
        at java.base@21.0.5/java.util.concurrent.ThreadPoolExecutor.getTask(ThreadPoolExecutor.java:1070)
        at java.base@21.0.5/java.util.concurrent.ThreadPoolExecutor.runWorker(ThreadPoolExecutor.java:1130)
        at java.base@21.0.5/java.util.concurrent.ThreadPoolExecutor$Worker.run(ThreadPoolExecutor.java:642)
        at java.base@21.0.5/java.lang.Thread.runWith(Thread.java:1596)
        at java.base@21.0.5/java.lang.Thread.run(Thread.java:1583)
"91d0dafb-6cb7-42e5-b129-660fdc1902ba-DatanodeReportManager-2" daemon prio=5 tid=1033 in Object.wait()
java.lang.Thread.State: WAITING (on object monitor)
        at java.base@21.0.5/jdk.internal.misc.Unsafe.park(Native Method)
        at java.base@21.0.5/java.util.concurrent.locks.LockSupport.park(LockSupport.java:371)
        at java.base@21.0.5/java.util.concurrent.locks.AbstractQueuedSynchronizer$ConditionNode.block(AbstractQueuedSynchronizer.java:519)
        at java.base@21.0.5/java.util.concurrent.ForkJoinPool.unmanagedBlock(ForkJoinPool.java:3780)
        at java.base@21.0.5/java.util.concurrent.ForkJoinPool.managedBlock(ForkJoinPool.java:3725)
        at java.base@21.0.5/java.util.concurrent.locks.AbstractQueuedSynchronizer$ConditionObject.await(AbstractQueuedSynchronizer.java:1712)
        at java.base@21.0.5/java.util.concurrent.ScheduledThreadPoolExecutor$DelayedWorkQueue.take(ScheduledThreadPoolExecutor.java:1177)
        at java.base@21.0.5/java.util.concurrent.ScheduledThreadPoolExecutor$DelayedWorkQueue.take(ScheduledThreadPoolExecutor.java:899)
        at java.base@21.0.5/java.util.concurrent.ThreadPoolExecutor.getTask(ThreadPoolExecutor.java:1070)
        at java.base@21.0.5/java.util.concurrent.ThreadPoolExecutor.runWorker(ThreadPoolExecutor.java:1130)
        at java.base@21.0.5/java.util.concurrent.ThreadPoolExecutor$Worker.run(ThreadPoolExecutor.java:642)
        at java.base@21.0.5/java.lang.Thread.runWith(Thread.java:1596)
        at java.base@21.0.5/java.lang.Thread.run(Thread.java:1583)
"7c84fc52-fa7b-40d9-a19c-d4e4c83c5fa3-RocksDBCompactionThread-0"  prio=5 tid=566 timed_waiting
java.lang.Thread.State: TIMED_WAITING
        at java.base@21.0.5/jdk.internal.misc.Unsafe.park(Native Method)
        at java.base@21.0.5/java.util.concurrent.locks.LockSupport.parkNanos(LockSupport.java:269)
        at java.base@21.0.5/java.util.concurrent.locks.AbstractQueuedSynchronizer$ConditionObject.awaitNanos(AbstractQueuedSynchronizer.java:1763)
        at java.base@21.0.5/java.util.concurrent.ScheduledThreadPoolExecutor$DelayedWorkQueue.take(ScheduledThreadPoolExecutor.java:1182)
        at java.base@21.0.5/java.util.concurrent.ScheduledThreadPoolExecutor$DelayedWorkQueue.take(ScheduledThreadPoolExecutor.java:899)
        at java.base@21.0.5/java.util.concurrent.ThreadPoolExecutor.getTask(ThreadPoolExecutor.java:1070)
        at java.base@21.0.5/java.util.concurrent.ThreadPoolExecutor.runWorker(ThreadPoolExecutor.java:1130)
        at java.base@21.0.5/java.util.concurrent.ThreadPoolExecutor$Worker.run(ThreadPoolExecutor.java:642)
        at java.base@21.0.5/java.lang.Thread.runWith(Thread.java:1596)
        at java.base@21.0.5/java.lang.Thread.run(Thread.java:1583)
"d1093f6a-6992-456d-ac47-966fa1bbc12e-RocksDBCompactionThread-0"  prio=5 tid=1895 timed_waiting
java.lang.Thread.State: TIMED_WAITING
        at java.base@21.0.5/jdk.internal.misc.Unsafe.park(Native Method)
        at java.base@21.0.5/java.util.concurrent.locks.LockSupport.parkNanos(LockSupport.java:269)
        at java.base@21.0.5/java.util.concurrent.locks.AbstractQueuedSynchronizer$ConditionObject.awaitNanos(AbstractQueuedSynchronizer.java:1763)
        at java.base@21.0.5/java.util.concurrent.ScheduledThreadPoolExecutor$DelayedWorkQueue.take(ScheduledThreadPoolExecutor.java:1182)
        at java.base@21.0.5/java.util.concurrent.ScheduledThreadPoolExecutor$DelayedWorkQueue.take(ScheduledThreadPoolExecutor.java:899)
        at java.base@21.0.5/java.util.concurrent.ThreadPoolExecutor.getTask(ThreadPoolExecutor.java:1070)
        at java.base@21.0.5/java.util.concurrent.ThreadPoolExecutor.runWorker(ThreadPoolExecutor.java:1130)
        at java.base@21.0.5/java.util.concurrent.ThreadPoolExecutor$Worker.run(ThreadPoolExecutor.java:642)
        at java.base@21.0.5/java.lang.Thread.runWith(Thread.java:1596)
        at java.base@21.0.5/java.lang.Thread.run(Thread.java:1583)
"IPC Server handler 84 on default port 15002" daemon prio=5 tid=423 timed_waiting
java.lang.Thread.State: TIMED_WAITING
        at java.base@21.0.5/jdk.internal.misc.Unsafe.park(Native Method)
        at java.base@21.0.5/java.util.concurrent.locks.LockSupport.parkNanos(LockSupport.java:269)
        at java.base@21.0.5/java.util.concurrent.locks.AbstractQueuedSynchronizer$ConditionObject.awaitNanos(AbstractQueuedSynchronizer.java:1763)
        at java.base@21.0.5/java.util.concurrent.LinkedBlockingQueue.poll(LinkedBlockingQueue.java:460)
        at app//org.apache.hadoop.ipc.CallQueueManager.take(CallQueueManager.java:370)
        at app//org.apache.hadoop.ipc.Server$Handler.run(Server.java:3165)
"IPC Server handler 3 on default port 15057" daemon prio=5 tid=783 timed_waiting
java.lang.Thread.State: TIMED_WAITING
        at java.base@21.0.5/jdk.internal.misc.Unsafe.park(Native Method)
        at java.base@21.0.5/java.util.concurrent.locks.LockSupport.parkNanos(LockSupport.java:269)
        at java.base@21.0.5/java.util.concurrent.locks.AbstractQueuedSynchronizer$ConditionObject.awaitNanos(AbstractQueuedSynchronizer.java:1763)
        at java.base@21.0.5/java.util.concurrent.LinkedBlockingQueue.poll(LinkedBlockingQueue.java:460)
        at app//org.apache.hadoop.ipc.CallQueueManager.take(CallQueueManager.java:370)
        at app//org.apache.hadoop.ipc.Server$Handler.run(Server.java:3165)
"Socket Reader #5 for port 15075"  prio=5 tid=883 runnable
java.lang.Thread.State: RUNNABLE
        at java.base@21.0.5/sun.nio.ch.EPoll.wait(Native Method)
        at java.base@21.0.5/sun.nio.ch.EPollSelectorImpl.doSelect(EPollSelectorImpl.java:121)
        at java.base@21.0.5/sun.nio.ch.SelectorImpl.lockAndDoSelect(SelectorImpl.java:130)
        at java.base@21.0.5/sun.nio.ch.SelectorImpl.select(SelectorImpl.java:147)
        at app//org.apache.hadoop.ipc.Server$Listener$Reader.doRunLoop(Server.java:1497)
        at app//org.apache.hadoop.ipc.Server$Listener$Reader.run(Server.java:1476)
"timer6" daemon prio=5 tid=1386 in Object.wait()
java.lang.Thread.State: WAITING (on object monitor)
        at java.base@21.0.5/java.lang.Object.wait0(Native Method)
        at java.base@21.0.5/java.lang.Object.wait(Object.java:366)
        at java.base@21.0.5/java.lang.Object.wait(Object.java:339)
        at java.base@21.0.5/java.util.TimerThread.mainLoop(Timer.java:537)
        at java.base@21.0.5/java.util.TimerThread.run(Timer.java:516)
"StaleRecoveringContainerScrubbingService#3" daemon prio=5 tid=2129 in Object.wait()
java.lang.Thread.State: WAITING (on object monitor)
        at java.base@21.0.5/jdk.internal.misc.Unsafe.park(Native Method)
        at java.base@21.0.5/java.util.concurrent.locks.LockSupport.park(LockSupport.java:371)
        at java.base@21.0.5/java.util.concurrent.locks.AbstractQueuedSynchronizer$ConditionNode.block(AbstractQueuedSynchronizer.java:519)
        at java.base@21.0.5/java.util.concurrent.ForkJoinPool.unmanagedBlock(ForkJoinPool.java:3780)
        at java.base@21.0.5/java.util.concurrent.ForkJoinPool.managedBlock(ForkJoinPool.java:3725)
        at java.base@21.0.5/java.util.concurrent.locks.AbstractQueuedSynchronizer$ConditionObject.await(AbstractQueuedSynchronizer.java:1712)
        at java.base@21.0.5/java.util.concurrent.ScheduledThreadPoolExecutor$DelayedWorkQueue.take(ScheduledThreadPoolExecutor.java:1177)
        at java.base@21.0.5/java.util.concurrent.ScheduledThreadPoolExecutor$DelayedWorkQueue.take(ScheduledThreadPoolExecutor.java:899)
        at java.base@21.0.5/java.util.concurrent.ThreadPoolExecutor.getTask(ThreadPoolExecutor.java:1070)
        at java.base@21.0.5/java.util.concurrent.ThreadPoolExecutor.runWorker(ThreadPoolExecutor.java:1130)
        at java.base@21.0.5/java.util.concurrent.ThreadPoolExecutor$Worker.run(ThreadPoolExecutor.java:642)
        at java.base@21.0.5/java.lang.Thread.runWith(Thread.java:1596)
        at java.base@21.0.5/java.lang.Thread.run(Thread.java:1583)
"IPC Server handler 11 on default port 15000" daemon prio=5 tid=132 timed_waiting
java.lang.Thread.State: TIMED_WAITING
        at java.base@21.0.5/jdk.internal.misc.Unsafe.park(Native Method)
        at java.base@21.0.5/java.util.concurrent.locks.LockSupport.parkNanos(LockSupport.java:269)
        at java.base@21.0.5/java.util.concurrent.locks.AbstractQueuedSynchronizer$ConditionObject.awaitNanos(AbstractQueuedSynchronizer.java:1763)
        at java.base@21.0.5/java.util.concurrent.LinkedBlockingQueue.poll(LinkedBlockingQueue.java:460)
        at app//org.apache.hadoop.ipc.CallQueueManager.take(CallQueueManager.java:370)
        at app//org.apache.hadoop.ipc.Server$Handler.run(Server.java:3165)
"FixedThreadPoolWithAffinityExecutor-9-0" daemon prio=5 tid=112 timed_waiting
java.lang.Thread.State: TIMED_WAITING
        at java.base@21.0.5/jdk.internal.misc.Unsafe.park(Native Method)
        at java.base@21.0.5/java.util.concurrent.locks.LockSupport.parkNanos(LockSupport.java:269)
        at java.base@21.0.5/java.util.concurrent.locks.AbstractQueuedSynchronizer$ConditionObject.awaitNanos(AbstractQueuedSynchronizer.java:1763)
        at java.base@21.0.5/java.util.concurrent.LinkedBlockingQueue.poll(LinkedBlockingQueue.java:460)
        at app//org.apache.hadoop.hdds.scm.server.ContainerReportQueue.poll(ContainerReportQueue.java:269)
        at app//org.apache.hadoop.hdds.scm.server.ContainerReportQueue.poll(ContainerReportQueue.java:42)
        at app//org.apache.hadoop.hdds.server.events.FixedThreadPoolWithAffinityExecutor$ContainerReportProcessTask.run(FixedThreadPoolWithAffinityExecutor.java:253)
        at java.base@21.0.5/java.util.concurrent.Executors$RunnableAdapter.call(Executors.java:572)
        at java.base@21.0.5/java.util.concurrent.FutureTask.run(FutureTask.java:317)
        at java.base@21.0.5/java.util.concurrent.ThreadPoolExecutor.runWorker(ThreadPoolExecutor.java:1144)
        at java.base@21.0.5/java.util.concurrent.ThreadPoolExecutor$Worker.run(ThreadPoolExecutor.java:642)
        at java.base@21.0.5/java.lang.Thread.runWith(Thread.java:1596)
        at java.base@21.0.5/java.lang.Thread.run(Thread.java:1583)
"IPC Server handler 3 on default port 15093" daemon prio=5 tid=1023 timed_waiting
java.lang.Thread.State: TIMED_WAITING
        at java.base@21.0.5/jdk.internal.misc.Unsafe.park(Native Method)
        at java.base@21.0.5/java.util.concurrent.locks.LockSupport.parkNanos(LockSupport.java:269)
        at java.base@21.0.5/java.util.concurrent.locks.AbstractQueuedSynchronizer$ConditionObject.awaitNanos(AbstractQueuedSynchronizer.java:1763)
        at java.base@21.0.5/java.util.concurrent.LinkedBlockingQueue.poll(LinkedBlockingQueue.java:460)
        at app//org.apache.hadoop.ipc.CallQueueManager.take(CallQueueManager.java:370)
        at app//org.apache.hadoop.ipc.Server$Handler.run(Server.java:3165)
"IPC Server handler 86 on default port 15001" daemon prio=5 tid=307 timed_waiting
java.lang.Thread.State: TIMED_WAITING
        at java.base@21.0.5/jdk.internal.misc.Unsafe.park(Native Method)
        at java.base@21.0.5/java.util.concurrent.locks.LockSupport.parkNanos(LockSupport.java:269)
        at java.base@21.0.5/java.util.concurrent.locks.AbstractQueuedSynchronizer$ConditionObject.awaitNanos(AbstractQueuedSynchronizer.java:1763)
        at java.base@21.0.5/java.util.concurrent.LinkedBlockingQueue.poll(LinkedBlockingQueue.java:460)
        at app//org.apache.hadoop.ipc.CallQueueManager.take(CallQueueManager.java:370)
        at app//org.apache.hadoop.ipc.Server$Handler.run(Server.java:3165)
"IPC Server handler 58 on default port 15002" daemon prio=5 tid=397 timed_waiting
java.lang.Thread.State: TIMED_WAITING
        at java.base@21.0.5/jdk.internal.misc.Unsafe.park(Native Method)
        at java.base@21.0.5/java.util.concurrent.locks.LockSupport.parkNanos(LockSupport.java:269)
        at java.base@21.0.5/java.util.concurrent.locks.AbstractQueuedSynchronizer$ConditionObject.awaitNanos(AbstractQueuedSynchronizer.java:1763)
        at java.base@21.0.5/java.util.concurrent.LinkedBlockingQueue.poll(LinkedBlockingQueue.java:460)
        at app//org.apache.hadoop.ipc.CallQueueManager.take(CallQueueManager.java:370)
        at app//org.apache.hadoop.ipc.Server$Handler.run(Server.java:3165)
"IPC Server handler 1 on default port 15002" daemon prio=5 tid=340 timed_waiting
java.lang.Thread.State: TIMED_WAITING
        at java.base@21.0.5/jdk.internal.misc.Unsafe.park(Native Method)
        at java.base@21.0.5/java.util.concurrent.locks.LockSupport.parkNanos(LockSupport.java:269)
        at java.base@21.0.5/java.util.concurrent.locks.AbstractQueuedSynchronizer$ConditionObject.awaitNanos(AbstractQueuedSynchronizer.java:1763)
        at java.base@21.0.5/java.util.concurrent.LinkedBlockingQueue.poll(LinkedBlockingQueue.java:460)
        at app//org.apache.hadoop.ipc.CallQueueManager.take(CallQueueManager.java:370)
        at app//org.apache.hadoop.ipc.Server$Handler.run(Server.java:3165)
"IPC Server handler 19 on default port 15006" daemon prio=5 tid=517 timed_waiting
java.lang.Thread.State: TIMED_WAITING
        at java.base@21.0.5/jdk.internal.misc.Unsafe.park(Native Method)
        at java.base@21.0.5/java.util.concurrent.locks.LockSupport.parkNanos(LockSupport.java:269)
        at java.base@21.0.5/java.util.concurrent.locks.AbstractQueuedSynchronizer$ConditionObject.awaitNanos(AbstractQueuedSynchronizer.java:1763)
        at java.base@21.0.5/java.util.concurrent.LinkedBlockingQueue.poll(LinkedBlockingQueue.java:460)
        at app//org.apache.hadoop.ipc.CallQueueManager.take(CallQueueManager.java:370)
        at app//org.apache.hadoop.ipc.Server$Handler.run(Server.java:3165)
"ContainerMetadataScanner" daemon prio=5 tid=1079 timed_waiting
java.lang.Thread.State: TIMED_WAITING
        at java.base@21.0.5/java.lang.Thread.sleep0(Native Method)
        at java.base@21.0.5/java.lang.Thread.sleep(Thread.java:509)
        at app//org.apache.hadoop.ozone.container.ozoneimpl.AbstractBackgroundContainerScanner.handleRemainingSleep(AbstractBackgroundContainerScanner.java:131)
        at app//org.apache.hadoop.ozone.container.ozoneimpl.AbstractBackgroundContainerScanner.runIteration(AbstractBackgroundContainerScanner.java:98)
        at app//org.apache.hadoop.ozone.container.ozoneimpl.AbstractBackgroundContainerScanner.run(AbstractBackgroundContainerScanner.java:57)
"84b435bb-d41b-4758-bf48-ce9052c81d4a-ContainerOp-8ef3bc64-5854-4584-910e-a7184706d343-3"  prio=5 tid=1544 in Object.wait()
java.lang.Thread.State: WAITING (on object monitor)
        at java.base@21.0.5/jdk.internal.misc.Unsafe.park(Native Method)
        at java.base@21.0.5/java.util.concurrent.locks.LockSupport.park(LockSupport.java:371)
        at java.base@21.0.5/java.util.concurrent.locks.AbstractQueuedSynchronizer$ConditionNode.block(AbstractQueuedSynchronizer.java:519)
        at java.base@21.0.5/java.util.concurrent.ForkJoinPool.unmanagedBlock(ForkJoinPool.java:3780)
        at java.base@21.0.5/java.util.concurrent.ForkJoinPool.managedBlock(ForkJoinPool.java:3725)
        at java.base@21.0.5/java.util.concurrent.locks.AbstractQueuedSynchronizer$ConditionObject.await(AbstractQueuedSynchronizer.java:1712)
        at java.base@21.0.5/java.util.concurrent.LinkedBlockingQueue.take(LinkedBlockingQueue.java:435)
        at java.base@21.0.5/java.util.concurrent.ThreadPoolExecutor.getTask(ThreadPoolExecutor.java:1070)
        at java.base@21.0.5/java.util.concurrent.ThreadPoolExecutor.runWorker(ThreadPoolExecutor.java:1130)
        at java.base@21.0.5/java.util.concurrent.ThreadPoolExecutor$Worker.run(ThreadPoolExecutor.java:642)
        at java.base@21.0.5/java.lang.Thread.runWith(Thread.java:1596)
        at java.base@21.0.5/java.lang.Thread.run(Thread.java:1583)
"84b435bb-d41b-4758-bf48-ce9052c81d4a-ContainerOp-8ef3bc64-5854-4584-910e-a7184706d343-7"  prio=5 tid=2094 in Object.wait()
java.lang.Thread.State: WAITING (on object monitor)
        at java.base@21.0.5/jdk.internal.misc.Unsafe.park(Native Method)
        at java.base@21.0.5/java.util.concurrent.locks.LockSupport.park(LockSupport.java:371)
        at java.base@21.0.5/java.util.concurrent.locks.AbstractQueuedSynchronizer$ConditionNode.block(AbstractQueuedSynchronizer.java:519)
        at java.base@21.0.5/java.util.concurrent.ForkJoinPool.unmanagedBlock(ForkJoinPool.java:3780)
        at java.base@21.0.5/java.util.concurrent.ForkJoinPool.managedBlock(ForkJoinPool.java:3725)
        at java.base@21.0.5/java.util.concurrent.locks.AbstractQueuedSynchronizer$ConditionObject.await(AbstractQueuedSynchronizer.java:1712)
        at java.base@21.0.5/java.util.concurrent.LinkedBlockingQueue.take(LinkedBlockingQueue.java:435)
        at java.base@21.0.5/java.util.concurrent.ThreadPoolExecutor.getTask(ThreadPoolExecutor.java:1070)
        at java.base@21.0.5/java.util.concurrent.ThreadPoolExecutor.runWorker(ThreadPoolExecutor.java:1130)
        at java.base@21.0.5/java.util.concurrent.ThreadPoolExecutor$Worker.run(ThreadPoolExecutor.java:642)
        at java.base@21.0.5/java.lang.Thread.runWith(Thread.java:1596)
        at java.base@21.0.5/java.lang.Thread.run(Thread.java:1583)
"Hadoop-Metrics-Updater-0" daemon prio=5 tid=102 timed_waiting
java.lang.Thread.State: TIMED_WAITING
        at java.base@21.0.5/jdk.internal.misc.Unsafe.park(Native Method)
        at java.base@21.0.5/java.util.concurrent.locks.LockSupport.parkNanos(LockSupport.java:269)
        at java.base@21.0.5/java.util.concurrent.locks.AbstractQueuedSynchronizer$ConditionObject.awaitNanos(AbstractQueuedSynchronizer.java:1763)
        at java.base@21.0.5/java.util.concurrent.ScheduledThreadPoolExecutor$DelayedWorkQueue.take(ScheduledThreadPoolExecutor.java:1182)
        at java.base@21.0.5/java.util.concurrent.ScheduledThreadPoolExecutor$DelayedWorkQueue.take(ScheduledThreadPoolExecutor.java:899)
        at java.base@21.0.5/java.util.concurrent.ThreadPoolExecutor.getTask(ThreadPoolExecutor.java:1070)
        at java.base@21.0.5/java.util.concurrent.ThreadPoolExecutor.runWorker(ThreadPoolExecutor.java:1130)
        at java.base@21.0.5/java.util.concurrent.ThreadPoolExecutor$Worker.run(ThreadPoolExecutor.java:642)
        at java.base@21.0.5/java.lang.Thread.runWith(Thread.java:1596)
        at java.base@21.0.5/java.lang.Thread.run(Thread.java:1583)
"4ba790b6-f5d5-4c4e-97f5-f1f66fb5d3d4-CloseContainerThread-1"  prio=5 tid=1696 in Object.wait()
java.lang.Thread.State: WAITING (on object monitor)
        at java.base@21.0.5/jdk.internal.misc.Unsafe.park(Native Method)
        at java.base@21.0.5/java.util.concurrent.locks.LockSupport.park(LockSupport.java:371)
        at java.base@21.0.5/java.util.concurrent.locks.AbstractQueuedSynchronizer$ConditionNode.block(AbstractQueuedSynchronizer.java:519)
        at java.base@21.0.5/java.util.concurrent.ForkJoinPool.unmanagedBlock(ForkJoinPool.java:3780)
        at java.base@21.0.5/java.util.concurrent.ForkJoinPool.managedBlock(ForkJoinPool.java:3725)
        at java.base@21.0.5/java.util.concurrent.locks.AbstractQueuedSynchronizer$ConditionObject.await(AbstractQueuedSynchronizer.java:1712)
        at java.base@21.0.5/java.util.concurrent.LinkedBlockingQueue.take(LinkedBlockingQueue.java:435)
        at java.base@21.0.5/java.util.concurrent.ThreadPoolExecutor.getTask(ThreadPoolExecutor.java:1070)
        at java.base@21.0.5/java.util.concurrent.ThreadPoolExecutor.runWorker(ThreadPoolExecutor.java:1130)
        at java.base@21.0.5/java.util.concurrent.ThreadPoolExecutor$Worker.run(ThreadPoolExecutor.java:642)
        at java.base@21.0.5/java.lang.Thread.runWith(Thread.java:1596)
        at java.base@21.0.5/java.lang.Thread.run(Thread.java:1583)
"IPC Server listener on 15093" daemon prio=5 tid=1006 runnable
java.lang.Thread.State: RUNNABLE
        at java.base@21.0.5/sun.nio.ch.EPoll.wait(Native Method)
        at java.base@21.0.5/sun.nio.ch.EPollSelectorImpl.doSelect(EPollSelectorImpl.java:121)
        at java.base@21.0.5/sun.nio.ch.SelectorImpl.lockAndDoSelect(SelectorImpl.java:130)
        at java.base@21.0.5/sun.nio.ch.SelectorImpl.select(SelectorImpl.java:147)
        at app//org.apache.hadoop.ipc.Server$Listener.run(Server.java:1559)
"IPC Server handler 16 on default port 15001" daemon prio=5 tid=237 timed_waiting
java.lang.Thread.State: TIMED_WAITING
        at java.base@21.0.5/jdk.internal.misc.Unsafe.park(Native Method)
        at java.base@21.0.5/java.util.concurrent.locks.LockSupport.parkNanos(LockSupport.java:269)
        at java.base@21.0.5/java.util.concurrent.locks.AbstractQueuedSynchronizer$ConditionObject.awaitNanos(AbstractQueuedSynchronizer.java:1763)
        at java.base@21.0.5/java.util.concurrent.LinkedBlockingQueue.poll(LinkedBlockingQueue.java:460)
        at app//org.apache.hadoop.ipc.CallQueueManager.take(CallQueueManager.java:370)
        at app//org.apache.hadoop.ipc.Server$Handler.run(Server.java:3165)
"IPC Server handler 94 on default port 15001" daemon prio=5 tid=315 timed_waiting
java.lang.Thread.State: TIMED_WAITING
        at java.base@21.0.5/jdk.internal.misc.Unsafe.park(Native Method)
        at java.base@21.0.5/java.util.concurrent.locks.LockSupport.parkNanos(LockSupport.java:269)
        at java.base@21.0.5/java.util.concurrent.locks.AbstractQueuedSynchronizer$ConditionObject.awaitNanos(AbstractQueuedSynchronizer.java:1763)
        at java.base@21.0.5/java.util.concurrent.LinkedBlockingQueue.poll(LinkedBlockingQueue.java:460)
        at app//org.apache.hadoop.ipc.CallQueueManager.take(CallQueueManager.java:370)
        at app//org.apache.hadoop.ipc.Server$Handler.run(Server.java:3165)
"17963aff-71fe-4a8f-bd2e-c405ff93174f-DatanodeReportManager-1" daemon prio=5 tid=968 in Object.wait()
java.lang.Thread.State: WAITING (on object monitor)
        at java.base@21.0.5/jdk.internal.misc.Unsafe.park(Native Method)
        at java.base@21.0.5/java.util.concurrent.locks.LockSupport.park(LockSupport.java:371)
        at java.base@21.0.5/java.util.concurrent.locks.AbstractQueuedSynchronizer$ConditionNode.block(AbstractQueuedSynchronizer.java:519)
        at java.base@21.0.5/java.util.concurrent.ForkJoinPool.unmanagedBlock(ForkJoinPool.java:3780)
        at java.base@21.0.5/java.util.concurrent.ForkJoinPool.managedBlock(ForkJoinPool.java:3725)
        at java.base@21.0.5/java.util.concurrent.locks.AbstractQueuedSynchronizer$ConditionObject.await(AbstractQueuedSynchronizer.java:1712)
        at java.base@21.0.5/java.util.concurrent.ScheduledThreadPoolExecutor$DelayedWorkQueue.take(ScheduledThreadPoolExecutor.java:1177)
        at java.base@21.0.5/java.util.concurrent.ScheduledThreadPoolExecutor$DelayedWorkQueue.take(ScheduledThreadPoolExecutor.java:899)
        at java.base@21.0.5/java.util.concurrent.ThreadPoolExecutor.getTask(ThreadPoolExecutor.java:1070)
        at java.base@21.0.5/java.util.concurrent.ThreadPoolExecutor.runWorker(ThreadPoolExecutor.java:1130)
        at java.base@21.0.5/java.util.concurrent.ThreadPoolExecutor$Worker.run(ThreadPoolExecutor.java:642)
        at java.base@21.0.5/java.lang.Thread.runWith(Thread.java:1596)
        at java.base@21.0.5/java.lang.Thread.run(Thread.java:1583)
"IPC Server handler 5 on default port 15000" daemon prio=5 tid=126 timed_waiting
java.lang.Thread.State: TIMED_WAITING
        at java.base@21.0.5/jdk.internal.misc.Unsafe.park(Native Method)
        at java.base@21.0.5/java.util.concurrent.locks.LockSupport.parkNanos(LockSupport.java:269)
        at java.base@21.0.5/java.util.concurrent.locks.AbstractQueuedSynchronizer$ConditionObject.awaitNanos(AbstractQueuedSynchronizer.java:1763)
        at java.base@21.0.5/java.util.concurrent.LinkedBlockingQueue.poll(LinkedBlockingQueue.java:460)
        at app//org.apache.hadoop.ipc.CallQueueManager.take(CallQueueManager.java:370)
        at app//org.apache.hadoop.ipc.Server$Handler.run(Server.java:3165)
"Finalizer" daemon prio=8 tid=10 in Object.wait()
java.lang.Thread.State: WAITING (on object monitor)
        at java.base@21.0.5/java.lang.Object.wait0(Native Method)
        at java.base@21.0.5/java.lang.Object.wait(Object.java:366)
        at java.base@21.0.5/java.lang.Object.wait(Object.java:339)
        at java.base@21.0.5/java.lang.ref.NativeReferenceQueue.await(NativeReferenceQueue.java:48)
        at java.base@21.0.5/java.lang.ref.ReferenceQueue.remove0(ReferenceQueue.java:158)
        at java.base@21.0.5/java.lang.ref.NativeReferenceQueue.remove(NativeReferenceQueue.java:89)
        at java.base@21.0.5/java.lang.ref.Finalizer$FinalizerThread.run(Finalizer.java:173)
"Session-HouseKeeper-29a1c0b7-1"  prio=5 tid=925 timed_waiting
java.lang.Thread.State: TIMED_WAITING
        at java.base@21.0.5/jdk.internal.misc.Unsafe.park(Native Method)
        at java.base@21.0.5/java.util.concurrent.locks.LockSupport.parkNanos(LockSupport.java:269)
        at java.base@21.0.5/java.util.concurrent.locks.AbstractQueuedSynchronizer$ConditionObject.awaitNanos(AbstractQueuedSynchronizer.java:1763)
        at java.base@21.0.5/java.util.concurrent.ScheduledThreadPoolExecutor$DelayedWorkQueue.take(ScheduledThreadPoolExecutor.java:1182)
        at java.base@21.0.5/java.util.concurrent.ScheduledThreadPoolExecutor$DelayedWorkQueue.take(ScheduledThreadPoolExecutor.java:899)
        at java.base@21.0.5/java.util.concurrent.ThreadPoolExecutor.getTask(ThreadPoolExecutor.java:1070)
        at java.base@21.0.5/java.util.concurrent.ThreadPoolExecutor.runWorker(ThreadPoolExecutor.java:1130)
        at java.base@21.0.5/java.util.concurrent.ThreadPoolExecutor$Worker.run(ThreadPoolExecutor.java:642)
        at java.base@21.0.5/java.lang.Thread.runWith(Thread.java:1596)
        at java.base@21.0.5/java.lang.Thread.run(Thread.java:1583)
"IPC Server handler 3 on default port 15001" daemon prio=5 tid=224 timed_waiting
java.lang.Thread.State: TIMED_WAITING
        at java.base@21.0.5/jdk.internal.misc.Unsafe.park(Native Method)
        at java.base@21.0.5/java.util.concurrent.locks.LockSupport.parkNanos(LockSupport.java:269)
        at java.base@21.0.5/java.util.concurrent.locks.AbstractQueuedSynchronizer$ConditionObject.awaitNanos(AbstractQueuedSynchronizer.java:1763)
        at java.base@21.0.5/java.util.concurrent.LinkedBlockingQueue.poll(LinkedBlockingQueue.java:460)
        at app//org.apache.hadoop.ipc.CallQueueManager.take(CallQueueManager.java:370)
        at app//org.apache.hadoop.ipc.Server$Handler.run(Server.java:3165)
"ContainerMetadataScanner" daemon prio=5 tid=1061 timed_waiting
java.lang.Thread.State: TIMED_WAITING
        at java.base@21.0.5/java.lang.Thread.sleep0(Native Method)
        at java.base@21.0.5/java.lang.Thread.sleep(Thread.java:509)
        at app//org.apache.hadoop.ozone.container.ozoneimpl.AbstractBackgroundContainerScanner.handleRemainingSleep(AbstractBackgroundContainerScanner.java:131)
        at app//org.apache.hadoop.ozone.container.ozoneimpl.AbstractBackgroundContainerScanner.runIteration(AbstractBackgroundContainerScanner.java:98)
        at app//org.apache.hadoop.ozone.container.ozoneimpl.AbstractBackgroundContainerScanner.run(AbstractBackgroundContainerScanner.java:57)
"IPC Server handler 72 on default port 15002" daemon prio=5 tid=411 timed_waiting
java.lang.Thread.State: TIMED_WAITING
        at java.base@21.0.5/jdk.internal.misc.Unsafe.park(Native Method)
        at java.base@21.0.5/java.util.concurrent.locks.LockSupport.parkNanos(LockSupport.java:269)
        at java.base@21.0.5/java.util.concurrent.locks.AbstractQueuedSynchronizer$ConditionObject.awaitNanos(AbstractQueuedSynchronizer.java:1763)
        at java.base@21.0.5/java.util.concurrent.LinkedBlockingQueue.poll(LinkedBlockingQueue.java:460)
        at app//org.apache.hadoop.ipc.CallQueueManager.take(CallQueueManager.java:370)
        at app//org.apache.hadoop.ipc.Server$Handler.run(Server.java:3165)
"pool-325-thread-1"  prio=5 tid=978 timed_waiting
java.lang.Thread.State: TIMED_WAITING
        at java.base@21.0.5/jdk.internal.misc.Unsafe.park(Native Method)
        at java.base@21.0.5/java.util.concurrent.locks.LockSupport.parkNanos(LockSupport.java:269)
        at java.base@21.0.5/java.util.concurrent.locks.AbstractQueuedSynchronizer$ConditionObject.awaitNanos(AbstractQueuedSynchronizer.java:1763)
        at java.base@21.0.5/java.util.concurrent.ScheduledThreadPoolExecutor$DelayedWorkQueue.take(ScheduledThreadPoolExecutor.java:1182)
        at java.base@21.0.5/java.util.concurrent.ScheduledThreadPoolExecutor$DelayedWorkQueue.take(ScheduledThreadPoolExecutor.java:899)
        at java.base@21.0.5/java.util.concurrent.ThreadPoolExecutor.getTask(ThreadPoolExecutor.java:1070)
        at java.base@21.0.5/java.util.concurrent.ThreadPoolExecutor.runWorker(ThreadPoolExecutor.java:1130)
        at java.base@21.0.5/java.util.concurrent.ThreadPoolExecutor$Worker.run(ThreadPoolExecutor.java:642)
        at java.base@21.0.5/java.lang.Thread.runWith(Thread.java:1596)
        at java.base@21.0.5/java.lang.Thread.run(Thread.java:1583)
"gradle-enterprise-test-client-gradle-enterprise-test-listener"  prio=5 tid=27 in Object.wait()
java.lang.Thread.State: WAITING (on object monitor)
        at java.base@21.0.5/jdk.internal.misc.Unsafe.park(Native Method)
        at java.base@21.0.5/java.util.concurrent.locks.LockSupport.park(LockSupport.java:371)
        at java.base@21.0.5/java.util.concurrent.locks.AbstractQueuedSynchronizer$ConditionNode.block(AbstractQueuedSynchronizer.java:519)
        at java.base@21.0.5/java.util.concurrent.ForkJoinPool.unmanagedBlock(ForkJoinPool.java:3780)
        at java.base@21.0.5/java.util.concurrent.ForkJoinPool.managedBlock(ForkJoinPool.java:3725)
        at java.base@21.0.5/java.util.concurrent.locks.AbstractQueuedSynchronizer$ConditionObject.await(AbstractQueuedSynchronizer.java:1712)
        at java.base@21.0.5/java.util.concurrent.ArrayBlockingQueue.take(ArrayBlockingQueue.java:420)
        at app//com.gradle.maven.scan.extension.test.listener.obfuscated.k.a.a(SourceFile:130)
        at app//com.gradle.maven.scan.extension.test.listener.obfuscated.k.a.b(SourceFile:93)
        at app//com.gradle.maven.scan.extension.test.listener.obfuscated.k.a$$Lambda/0x00007fcfe010e7a8.run(Unknown Source)
        at java.base@21.0.5/java.util.concurrent.Executors$RunnableAdapter.call(Executors.java:572)
        at java.base@21.0.5/java.util.concurrent.FutureTask.run(FutureTask.java:317)
        at java.base@21.0.5/java.util.concurrent.ThreadPoolExecutor.runWorker(ThreadPoolExecutor.java:1144)
        at java.base@21.0.5/java.util.concurrent.ThreadPoolExecutor$Worker.run(ThreadPoolExecutor.java:642)
        at java.base@21.0.5/java.lang.Thread.runWith(Thread.java:1596)
        at java.base@21.0.5/java.lang.Thread.run(Thread.java:1583)
"IPC Server handler 80 on default port 15000" daemon prio=5 tid=201 timed_waiting
java.lang.Thread.State: TIMED_WAITING
        at java.base@21.0.5/jdk.internal.misc.Unsafe.park(Native Method)
        at java.base@21.0.5/java.util.concurrent.locks.LockSupport.parkNanos(LockSupport.java:269)
        at java.base@21.0.5/java.util.concurrent.locks.AbstractQueuedSynchronizer$ConditionObject.awaitNanos(AbstractQueuedSynchronizer.java:1763)
        at java.base@21.0.5/java.util.concurrent.LinkedBlockingQueue.poll(LinkedBlockingQueue.java:460)
        at app//org.apache.hadoop.ipc.CallQueueManager.take(CallQueueManager.java:370)
        at app//org.apache.hadoop.ipc.Server$Handler.run(Server.java:3165)
"StaleRecoveringContainerScrubbingService#0" daemon prio=5 tid=939 timed_waiting
java.lang.Thread.State: TIMED_WAITING
        at java.base@21.0.5/jdk.internal.misc.Unsafe.park(Native Method)
        at java.base@21.0.5/java.util.concurrent.locks.LockSupport.parkNanos(LockSupport.java:269)
        at java.base@21.0.5/java.util.concurrent.locks.AbstractQueuedSynchronizer$ConditionObject.awaitNanos(AbstractQueuedSynchronizer.java:1763)
        at java.base@21.0.5/java.util.concurrent.ScheduledThreadPoolExecutor$DelayedWorkQueue.take(ScheduledThreadPoolExecutor.java:1182)
        at java.base@21.0.5/java.util.concurrent.ScheduledThreadPoolExecutor$DelayedWorkQueue.take(ScheduledThreadPoolExecutor.java:899)
        at java.base@21.0.5/java.util.concurrent.ThreadPoolExecutor.getTask(ThreadPoolExecutor.java:1070)
        at java.base@21.0.5/java.util.concurrent.ThreadPoolExecutor.runWorker(ThreadPoolExecutor.java:1130)
        at java.base@21.0.5/java.util.concurrent.ThreadPoolExecutor$Worker.run(ThreadPoolExecutor.java:642)
        at java.base@21.0.5/java.lang.Thread.runWith(Thread.java:1596)
        at java.base@21.0.5/java.lang.Thread.run(Thread.java:1583)
"a14cd1ab-7861-42f9-8639-15260a7193f0-ChunkWriter-2-0" daemon prio=5 tid=2195 in Object.wait()
java.lang.Thread.State: WAITING (on object monitor)
        at java.base@21.0.5/jdk.internal.misc.Unsafe.park(Native Method)
        at java.base@21.0.5/java.util.concurrent.locks.LockSupport.park(LockSupport.java:371)
        at java.base@21.0.5/java.util.concurrent.locks.AbstractQueuedSynchronizer$ConditionNode.block(AbstractQueuedSynchronizer.java:519)
        at java.base@21.0.5/java.util.concurrent.ForkJoinPool.unmanagedBlock(ForkJoinPool.java:3780)
        at java.base@21.0.5/java.util.concurrent.ForkJoinPool.managedBlock(ForkJoinPool.java:3725)
        at java.base@21.0.5/java.util.concurrent.locks.AbstractQueuedSynchronizer$ConditionObject.await(AbstractQueuedSynchronizer.java:1712)
        at java.base@21.0.5/java.util.concurrent.LinkedBlockingDeque.takeFirst(LinkedBlockingDeque.java:485)
        at java.base@21.0.5/java.util.concurrent.LinkedBlockingDeque.take(LinkedBlockingDeque.java:673)
        at java.base@21.0.5/java.util.concurrent.ThreadPoolExecutor.getTask(ThreadPoolExecutor.java:1070)
        at java.base@21.0.5/java.util.concurrent.ThreadPoolExecutor.runWorker(ThreadPoolExecutor.java:1130)
        at java.base@21.0.5/java.util.concurrent.ThreadPoolExecutor$Worker.run(ThreadPoolExecutor.java:642)
        at java.base@21.0.5/java.lang.Thread.runWith(Thread.java:1596)
        at java.base@21.0.5/java.lang.Thread.run(Thread.java:1583)
"Socket Reader #1 for port 15006"  prio=5 tid=450 runnable
java.lang.Thread.State: RUNNABLE
        at java.base@21.0.5/sun.nio.ch.EPoll.wait(Native Method)
        at java.base@21.0.5/sun.nio.ch.EPollSelectorImpl.doSelect(EPollSelectorImpl.java:121)
        at java.base@21.0.5/sun.nio.ch.SelectorImpl.lockAndDoSelect(SelectorImpl.java:130)
        at java.base@21.0.5/sun.nio.ch.SelectorImpl.select(SelectorImpl.java:147)
        at app//org.apache.hadoop.ipc.Server$Listener$Reader.doRunLoop(Server.java:1497)
        at app//org.apache.hadoop.ipc.Server$Listener$Reader.run(Server.java:1476)
"IPC Server handler 7 on default port 15048" daemon prio=5 tid=741 timed_waiting
java.lang.Thread.State: TIMED_WAITING
        at java.base@21.0.5/jdk.internal.misc.Unsafe.park(Native Method)
        at java.base@21.0.5/java.util.concurrent.locks.LockSupport.parkNanos(LockSupport.java:269)
        at java.base@21.0.5/java.util.concurrent.locks.AbstractQueuedSynchronizer$ConditionObject.awaitNanos(AbstractQueuedSynchronizer.java:1763)
        at java.base@21.0.5/java.util.concurrent.LinkedBlockingQueue.poll(LinkedBlockingQueue.java:460)
        at app//org.apache.hadoop.ipc.CallQueueManager.take(CallQueueManager.java:370)
        at app//org.apache.hadoop.ipc.Server$Handler.run(Server.java:3165)
"84b435bb-d41b-4758-bf48-ce9052c81d4a-BlockDeletingService#2" daemon prio=5 tid=1830 in Object.wait()
java.lang.Thread.State: WAITING (on object monitor)
        at java.base@21.0.5/jdk.internal.misc.Unsafe.park(Native Method)
        at java.base@21.0.5/java.util.concurrent.locks.LockSupport.park(LockSupport.java:371)
        at java.base@21.0.5/java.util.concurrent.locks.AbstractQueuedSynchronizer$ConditionNode.block(AbstractQueuedSynchronizer.java:519)
        at java.base@21.0.5/java.util.concurrent.ForkJoinPool.unmanagedBlock(ForkJoinPool.java:3780)
        at java.base@21.0.5/java.util.concurrent.ForkJoinPool.managedBlock(ForkJoinPool.java:3725)
        at java.base@21.0.5/java.util.concurrent.locks.AbstractQueuedSynchronizer$ConditionObject.await(AbstractQueuedSynchronizer.java:1712)
        at java.base@21.0.5/java.util.concurrent.ScheduledThreadPoolExecutor$DelayedWorkQueue.take(ScheduledThreadPoolExecutor.java:1177)
        at java.base@21.0.5/java.util.concurrent.ScheduledThreadPoolExecutor$DelayedWorkQueue.take(ScheduledThreadPoolExecutor.java:899)
        at java.base@21.0.5/java.util.concurrent.ThreadPoolExecutor.getTask(ThreadPoolExecutor.java:1070)
        at java.base@21.0.5/java.util.concurrent.ThreadPoolExecutor.runWorker(ThreadPoolExecutor.java:1130)
        at java.base@21.0.5/java.util.concurrent.ThreadPoolExecutor$Worker.run(ThreadPoolExecutor.java:642)
        at java.base@21.0.5/java.lang.Thread.runWith(Thread.java:1596)
        at java.base@21.0.5/java.lang.Thread.run(Thread.java:1583)
"IPC Server handler 6 on default port 15000" daemon prio=5 tid=127 timed_waiting
java.lang.Thread.State: TIMED_WAITING
        at java.base@21.0.5/jdk.internal.misc.Unsafe.park(Native Method)
        at java.base@21.0.5/java.util.concurrent.locks.LockSupport.parkNanos(LockSupport.java:269)
        at java.base@21.0.5/java.util.concurrent.locks.AbstractQueuedSynchronizer$ConditionObject.awaitNanos(AbstractQueuedSynchronizer.java:1763)
        at java.base@21.0.5/java.util.concurrent.LinkedBlockingQueue.poll(LinkedBlockingQueue.java:460)
        at app//org.apache.hadoop.ipc.CallQueueManager.take(CallQueueManager.java:370)
        at app//org.apache.hadoop.ipc.Server$Handler.run(Server.java:3165)
"IPC Server handler 84 on default port 15000" daemon prio=5 tid=205 timed_waiting
java.lang.Thread.State: TIMED_WAITING
        at java.base@21.0.5/jdk.internal.misc.Unsafe.park(Native Method)
        at java.base@21.0.5/java.util.concurrent.locks.LockSupport.parkNanos(LockSupport.java:269)
        at java.base@21.0.5/java.util.concurrent.locks.AbstractQueuedSynchronizer$ConditionObject.awaitNanos(AbstractQueuedSynchronizer.java:1763)
        at java.base@21.0.5/java.util.concurrent.LinkedBlockingQueue.poll(LinkedBlockingQueue.java:460)
        at app//org.apache.hadoop.ipc.CallQueueManager.take(CallQueueManager.java:370)
        at app//org.apache.hadoop.ipc.Server$Handler.run(Server.java:3165)
"Socket Reader #6 for port 15066"  prio=5 tid=818 runnable
java.lang.Thread.State: RUNNABLE
        at java.base@21.0.5/sun.nio.ch.EPoll.wait(Native Method)
        at java.base@21.0.5/sun.nio.ch.EPollSelectorImpl.doSelect(EPollSelectorImpl.java:121)
        at java.base@21.0.5/sun.nio.ch.SelectorImpl.lockAndDoSelect(SelectorImpl.java:130)
        at java.base@21.0.5/sun.nio.ch.SelectorImpl.select(SelectorImpl.java:147)
        at app//org.apache.hadoop.ipc.Server$Listener$Reader.doRunLoop(Server.java:1497)
        at app//org.apache.hadoop.ipc.Server$Listener$Reader.run(Server.java:1476)
"9c1aee78-f037-4e17-b985-0daab5eaf154-BlockDeletingService#2" daemon prio=5 tid=1832 in Object.wait()
java.lang.Thread.State: WAITING (on object monitor)
        at java.base@21.0.5/jdk.internal.misc.Unsafe.park(Native Method)
        at java.base@21.0.5/java.util.concurrent.locks.LockSupport.park(LockSupport.java:371)
        at java.base@21.0.5/java.util.concurrent.locks.AbstractQueuedSynchronizer$ConditionNode.block(AbstractQueuedSynchronizer.java:519)
        at java.base@21.0.5/java.util.concurrent.ForkJoinPool.unmanagedBlock(ForkJoinPool.java:3780)
        at java.base@21.0.5/java.util.concurrent.ForkJoinPool.managedBlock(ForkJoinPool.java:3725)
        at java.base@21.0.5/java.util.concurrent.locks.AbstractQueuedSynchronizer$ConditionObject.await(AbstractQueuedSynchronizer.java:1712)
        at java.base@21.0.5/java.util.concurrent.ScheduledThreadPoolExecutor$DelayedWorkQueue.take(ScheduledThreadPoolExecutor.java:1177)
        at java.base@21.0.5/java.util.concurrent.ScheduledThreadPoolExecutor$DelayedWorkQueue.take(ScheduledThreadPoolExecutor.java:899)
        at java.base@21.0.5/java.util.concurrent.ThreadPoolExecutor.getTask(ThreadPoolExecutor.java:1070)
        at java.base@21.0.5/java.util.concurrent.ThreadPoolExecutor.runWorker(ThreadPoolExecutor.java:1130)
        at java.base@21.0.5/java.util.concurrent.ThreadPoolExecutor$Worker.run(ThreadPoolExecutor.java:642)
        at java.base@21.0.5/java.lang.Thread.runWith(Thread.java:1596)
        at java.base@21.0.5/java.lang.Thread.run(Thread.java:1583)
"ac5cad44-c19c-4f65-867f-c0009d6f555c-ChunkWriter-1-0" daemon prio=5 tid=869 in Object.wait()
java.lang.Thread.State: WAITING (on object monitor)
        at java.base@21.0.5/jdk.internal.misc.Unsafe.park(Native Method)
        at java.base@21.0.5/java.util.concurrent.locks.LockSupport.park(LockSupport.java:371)
        at java.base@21.0.5/java.util.concurrent.locks.AbstractQueuedSynchronizer$ConditionNode.block(AbstractQueuedSynchronizer.java:519)
        at java.base@21.0.5/java.util.concurrent.ForkJoinPool.unmanagedBlock(ForkJoinPool.java:3780)
        at java.base@21.0.5/java.util.concurrent.ForkJoinPool.managedBlock(ForkJoinPool.java:3725)
        at java.base@21.0.5/java.util.concurrent.locks.AbstractQueuedSynchronizer$ConditionObject.await(AbstractQueuedSynchronizer.java:1712)
        at java.base@21.0.5/java.util.concurrent.LinkedBlockingDeque.takeFirst(LinkedBlockingDeque.java:485)
        at java.base@21.0.5/java.util.concurrent.LinkedBlockingDeque.take(LinkedBlockingDeque.java:673)
        at java.base@21.0.5/java.util.concurrent.ThreadPoolExecutor.getTask(ThreadPoolExecutor.java:1070)
        at java.base@21.0.5/java.util.concurrent.ThreadPoolExecutor.runWorker(ThreadPoolExecutor.java:1130)
        at java.base@21.0.5/java.util.concurrent.ThreadPoolExecutor$Worker.run(ThreadPoolExecutor.java:642)
        at java.base@21.0.5/java.lang.Thread.runWith(Thread.java:1596)
        at java.base@21.0.5/java.lang.Thread.run(Thread.java:1583)
"69390d8a-021c-44b7-9fe5-c9855a0c5aa1-BlockDeletingService#0" daemon prio=5 tid=1130 timed_waiting
java.lang.Thread.State: TIMED_WAITING
        at java.base@21.0.5/jdk.internal.misc.Unsafe.park(Native Method)
        at java.base@21.0.5/java.util.concurrent.locks.LockSupport.parkNanos(LockSupport.java:269)
        at java.base@21.0.5/java.util.concurrent.locks.AbstractQueuedSynchronizer$ConditionObject.awaitNanos(AbstractQueuedSynchronizer.java:1763)
        at java.base@21.0.5/java.util.concurrent.ScheduledThreadPoolExecutor$DelayedWorkQueue.take(ScheduledThreadPoolExecutor.java:1182)
        at java.base@21.0.5/java.util.concurrent.ScheduledThreadPoolExecutor$DelayedWorkQueue.take(ScheduledThreadPoolExecutor.java:899)
        at java.base@21.0.5/java.util.concurrent.ThreadPoolExecutor.getTask(ThreadPoolExecutor.java:1070)
        at java.base@21.0.5/java.util.concurrent.ThreadPoolExecutor.runWorker(ThreadPoolExecutor.java:1130)
        at java.base@21.0.5/java.util.concurrent.ThreadPoolExecutor$Worker.run(ThreadPoolExecutor.java:642)
        at java.base@21.0.5/java.lang.Thread.runWith(Thread.java:1596)
        at java.base@21.0.5/java.lang.Thread.run(Thread.java:1583)
"IPC Server handler 62 on default port 15001" daemon prio=5 tid=283 timed_waiting
java.lang.Thread.State: TIMED_WAITING
        at java.base@21.0.5/jdk.internal.misc.Unsafe.park(Native Method)
        at java.base@21.0.5/java.util.concurrent.locks.LockSupport.parkNanos(LockSupport.java:269)
        at java.base@21.0.5/java.util.concurrent.locks.AbstractQueuedSynchronizer$ConditionObject.awaitNanos(AbstractQueuedSynchronizer.java:1763)
        at java.base@21.0.5/java.util.concurrent.LinkedBlockingQueue.poll(LinkedBlockingQueue.java:460)
        at app//org.apache.hadoop.ipc.CallQueueManager.take(CallQueueManager.java:370)
        at app//org.apache.hadoop.ipc.Server$Handler.run(Server.java:3165)
"IPC Server handler 62 on default port 15002" daemon prio=5 tid=401 timed_waiting
java.lang.Thread.State: TIMED_WAITING
        at java.base@21.0.5/jdk.internal.misc.Unsafe.park(Native Method)
        at java.base@21.0.5/java.util.concurrent.locks.LockSupport.parkNanos(LockSupport.java:269)
        at java.base@21.0.5/java.util.concurrent.locks.AbstractQueuedSynchronizer$ConditionObject.awaitNanos(AbstractQueuedSynchronizer.java:1763)
        at java.base@21.0.5/java.util.concurrent.LinkedBlockingQueue.poll(LinkedBlockingQueue.java:460)
        at app//org.apache.hadoop.ipc.CallQueueManager.take(CallQueueManager.java:370)
        at app//org.apache.hadoop.ipc.Server$Handler.run(Server.java:3165)
"IPC Server handler 7 on default port 15002" daemon prio=5 tid=346 timed_waiting
java.lang.Thread.State: TIMED_WAITING
        at java.base@21.0.5/jdk.internal.misc.Unsafe.park(Native Method)
        at java.base@21.0.5/java.util.concurrent.locks.LockSupport.parkNanos(LockSupport.java:269)
        at java.base@21.0.5/java.util.concurrent.locks.AbstractQueuedSynchronizer$ConditionObject.awaitNanos(AbstractQueuedSynchronizer.java:1763)
        at java.base@21.0.5/java.util.concurrent.LinkedBlockingQueue.poll(LinkedBlockingQueue.java:460)
        at app//org.apache.hadoop.ipc.CallQueueManager.take(CallQueueManager.java:370)
        at app//org.apache.hadoop.ipc.Server$Handler.run(Server.java:3165)
"IPC Server handler 46 on default port 15000" daemon prio=5 tid=167 timed_waiting
java.lang.Thread.State: TIMED_WAITING
        at java.base@21.0.5/jdk.internal.misc.Unsafe.park(Native Method)
        at java.base@21.0.5/java.util.concurrent.locks.LockSupport.parkNanos(LockSupport.java:269)
        at java.base@21.0.5/java.util.concurrent.locks.AbstractQueuedSynchronizer$ConditionObject.awaitNanos(AbstractQueuedSynchronizer.java:1763)
        at java.base@21.0.5/java.util.concurrent.LinkedBlockingQueue.poll(LinkedBlockingQueue.java:460)
        at app//org.apache.hadoop.ipc.CallQueueManager.take(CallQueueManager.java:370)
        at app//org.apache.hadoop.ipc.Server$Handler.run(Server.java:3165)
"grpc-default-executor-4" daemon prio=5 tid=1498 timed_waiting
java.lang.Thread.State: TIMED_WAITING
        at java.base@21.0.5/jdk.internal.misc.Unsafe.park(Native Method)
        at java.base@21.0.5/java.util.concurrent.locks.LockSupport.parkNanos(LockSupport.java:410)
        at java.base@21.0.5/java.util.concurrent.LinkedTransferQueue$DualNode.await(LinkedTransferQueue.java:452)
        at java.base@21.0.5/java.util.concurrent.SynchronousQueue$Transferer.xferLifo(SynchronousQueue.java:194)
        at java.base@21.0.5/java.util.concurrent.SynchronousQueue.xfer(SynchronousQueue.java:235)
        at java.base@21.0.5/java.util.concurrent.SynchronousQueue.poll(SynchronousQueue.java:338)
        at java.base@21.0.5/java.util.concurrent.ThreadPoolExecutor.getTask(ThreadPoolExecutor.java:1069)
        at java.base@21.0.5/java.util.concurrent.ThreadPoolExecutor.runWorker(ThreadPoolExecutor.java:1130)
        at java.base@21.0.5/java.util.concurrent.ThreadPoolExecutor$Worker.run(ThreadPoolExecutor.java:642)
        at java.base@21.0.5/java.lang.Thread.runWith(Thread.java:1596)
        at java.base@21.0.5/java.lang.Thread.run(Thread.java:1583)
"Socket Reader #8 for port 15075"  prio=5 tid=886 runnable
java.lang.Thread.State: RUNNABLE
        at java.base@21.0.5/sun.nio.ch.EPoll.wait(Native Method)
        at java.base@21.0.5/sun.nio.ch.EPollSelectorImpl.doSelect(EPollSelectorImpl.java:121)
        at java.base@21.0.5/sun.nio.ch.SelectorImpl.lockAndDoSelect(SelectorImpl.java:130)
        at java.base@21.0.5/sun.nio.ch.SelectorImpl.select(SelectorImpl.java:147)
        at app//org.apache.hadoop.ipc.Server$Listener$Reader.doRunLoop(Server.java:1497)
        at app//org.apache.hadoop.ipc.Server$Listener$Reader.run(Server.java:1476)
"7c84fc52-fa7b-40d9-a19c-d4e4c83c5fa3-ChunkReader-ELG-0" daemon prio=5 tid=937 runnable
java.lang.Thread.State: RUNNABLE
        at app//org.apache.ratis.thirdparty.io.netty.channel.epoll.Native.epollWait0(Native Method)
        at app//org.apache.ratis.thirdparty.io.netty.channel.epoll.Native.epollWait(Native.java:193)
        at app//org.apache.ratis.thirdparty.io.netty.channel.epoll.EpollEventLoop.epollWait(EpollEventLoop.java:304)
        at app//org.apache.ratis.thirdparty.io.netty.channel.epoll.EpollEventLoop.run(EpollEventLoop.java:368)
        at app//org.apache.ratis.thirdparty.io.netty.util.concurrent.SingleThreadEventExecutor$4.run(SingleThreadEventExecutor.java:997)
        at app//org.apache.ratis.thirdparty.io.netty.util.internal.ThreadExecutorMap$2.run(ThreadExecutorMap.java:74)
        at java.base@21.0.5/java.lang.Thread.runWith(Thread.java:1596)
        at java.base@21.0.5/java.lang.Thread.run(Thread.java:1583)
"IPC Server handler 28 on default port 15000" daemon prio=5 tid=149 timed_waiting
java.lang.Thread.State: TIMED_WAITING
        at java.base@21.0.5/jdk.internal.misc.Unsafe.park(Native Method)
        at java.base@21.0.5/java.util.concurrent.locks.LockSupport.parkNanos(LockSupport.java:269)
        at java.base@21.0.5/java.util.concurrent.locks.AbstractQueuedSynchronizer$ConditionObject.awaitNanos(AbstractQueuedSynchronizer.java:1763)
        at java.base@21.0.5/java.util.concurrent.LinkedBlockingQueue.poll(LinkedBlockingQueue.java:460)
        at app//org.apache.hadoop.ipc.CallQueueManager.take(CallQueueManager.java:370)
        at app//org.apache.hadoop.ipc.Server$Handler.run(Server.java:3165)
"Socket Reader #7 for port 15048"  prio=5 tid=727 runnable
java.lang.Thread.State: RUNNABLE
        at java.base@21.0.5/sun.nio.ch.EPoll.wait(Native Method)
        at java.base@21.0.5/sun.nio.ch.EPollSelectorImpl.doSelect(EPollSelectorImpl.java:121)
        at java.base@21.0.5/sun.nio.ch.SelectorImpl.lockAndDoSelect(SelectorImpl.java:130)
        at java.base@21.0.5/sun.nio.ch.SelectorImpl.select(SelectorImpl.java:147)
        at app//org.apache.hadoop.ipc.Server$Listener$Reader.doRunLoop(Server.java:1497)
        at app//org.apache.hadoop.ipc.Server$Listener$Reader.run(Server.java:1476)
"fc60e07f-496f-42fe-ae82-620152583f87-ContainerOp-8ef3bc64-5854-4584-910e-a7184706d343-2"  prio=5 tid=1539 in Object.wait()
java.lang.Thread.State: WAITING (on object monitor)
        at java.base@21.0.5/jdk.internal.misc.Unsafe.park(Native Method)
        at java.base@21.0.5/java.util.concurrent.locks.LockSupport.park(LockSupport.java:371)
        at java.base@21.0.5/java.util.concurrent.locks.AbstractQueuedSynchronizer$ConditionNode.block(AbstractQueuedSynchronizer.java:519)
        at java.base@21.0.5/java.util.concurrent.ForkJoinPool.unmanagedBlock(ForkJoinPool.java:3780)
        at java.base@21.0.5/java.util.concurrent.ForkJoinPool.managedBlock(ForkJoinPool.java:3725)
        at java.base@21.0.5/java.util.concurrent.locks.AbstractQueuedSynchronizer$ConditionObject.await(AbstractQueuedSynchronizer.java:1712)
        at java.base@21.0.5/java.util.concurrent.LinkedBlockingQueue.take(LinkedBlockingQueue.java:435)
        at java.base@21.0.5/java.util.concurrent.ThreadPoolExecutor.getTask(ThreadPoolExecutor.java:1070)
        at java.base@21.0.5/java.util.concurrent.ThreadPoolExecutor.runWorker(ThreadPoolExecutor.java:1130)
        at java.base@21.0.5/java.util.concurrent.ThreadPoolExecutor$Worker.run(ThreadPoolExecutor.java:642)
        at java.base@21.0.5/java.lang.Thread.runWith(Thread.java:1596)
        at java.base@21.0.5/java.lang.Thread.run(Thread.java:1583)
"91d0dafb-6cb7-42e5-b129-660fdc1902ba-DatanodeStateMachineDaemonThread" daemon prio=5 tid=1030 timed_waiting
java.lang.Thread.State: TIMED_WAITING
        at java.base@21.0.5/java.lang.Thread.sleep0(Native Method)
        at java.base@21.0.5/java.lang.Thread.sleep(Thread.java:509)
        at app//org.apache.hadoop.ozone.container.common.statemachine.DatanodeStateMachine.startStateMachineThread(DatanodeStateMachine.java:358)
        at app//org.apache.hadoop.ozone.container.common.statemachine.DatanodeStateMachine.lambda$startDaemon$1(DatanodeStateMachine.java:544)
        at app//org.apache.hadoop.ozone.container.common.statemachine.DatanodeStateMachine$$Lambda/0x00007fcfe07d8a68.run(Unknown Source)
        at java.base@21.0.5/java.lang.Thread.runWith(Thread.java:1596)
        at java.base@21.0.5/java.lang.Thread.run(Thread.java:1583)
"IPC Server handler 8 on default port 15057" daemon prio=5 tid=788 timed_waiting
java.lang.Thread.State: TIMED_WAITING
        at java.base@21.0.5/jdk.internal.misc.Unsafe.park(Native Method)
        at java.base@21.0.5/java.util.concurrent.locks.LockSupport.parkNanos(LockSupport.java:269)
        at java.base@21.0.5/java.util.concurrent.locks.AbstractQueuedSynchronizer$ConditionObject.awaitNanos(AbstractQueuedSynchronizer.java:1763)
        at java.base@21.0.5/java.util.concurrent.LinkedBlockingQueue.poll(LinkedBlockingQueue.java:460)
        at app//org.apache.hadoop.ipc.CallQueueManager.take(CallQueueManager.java:370)
        at app//org.apache.hadoop.ipc.Server$Handler.run(Server.java:3165)
"Socket Reader #2 for port 15093"  prio=5 tid=1008 runnable
java.lang.Thread.State: RUNNABLE
        at java.base@21.0.5/sun.nio.ch.EPoll.wait(Native Method)
        at java.base@21.0.5/sun.nio.ch.EPollSelectorImpl.doSelect(EPollSelectorImpl.java:121)
        at java.base@21.0.5/sun.nio.ch.SelectorImpl.lockAndDoSelect(SelectorImpl.java:130)
        at java.base@21.0.5/sun.nio.ch.SelectorImpl.select(SelectorImpl.java:147)
        at app//org.apache.hadoop.ipc.Server$Listener$Reader.doRunLoop(Server.java:1497)
        at app//org.apache.hadoop.ipc.Server$Listener$Reader.run(Server.java:1476)
"qtp1676534432-324" daemon prio=5 tid=324 runnable
java.lang.Thread.State: RUNNABLE
        at java.base@21.0.5/sun.nio.ch.EPoll.wait(Native Method)
        at java.base@21.0.5/sun.nio.ch.EPollSelectorImpl.doSelect(EPollSelectorImpl.java:121)
        at java.base@21.0.5/sun.nio.ch.SelectorImpl.lockAndDoSelect(SelectorImpl.java:130)
        at java.base@21.0.5/sun.nio.ch.SelectorImpl.select(SelectorImpl.java:147)
        at app//org.eclipse.jetty.io.ManagedSelector.nioSelect(ManagedSelector.java:183)
        at app//org.eclipse.jetty.io.ManagedSelector.select(ManagedSelector.java:190)
        at app//org.eclipse.jetty.io.ManagedSelector$SelectorProducer.select(ManagedSelector.java:606)
        at app//org.eclipse.jetty.io.ManagedSelector$SelectorProducer.produce(ManagedSelector.java:543)
        at app//org.eclipse.jetty.util.thread.strategy.EatWhatYouKill.produceTask(EatWhatYouKill.java:362)
        at app//org.eclipse.jetty.util.thread.strategy.EatWhatYouKill.doProduce(EatWhatYouKill.java:186)
        at app//org.eclipse.jetty.util.thread.strategy.EatWhatYouKill.tryProduce(EatWhatYouKill.java:173)
        at app//org.eclipse.jetty.util.thread.strategy.EatWhatYouKill.produce(EatWhatYouKill.java:137)
        at app//org.eclipse.jetty.io.ManagedSelector$$Lambda/0x00007fcfe0662730.run(Unknown Source)
        at app//org.eclipse.jetty.util.thread.QueuedThreadPool.runJob(QueuedThreadPool.java:883)
        at app//org.eclipse.jetty.util.thread.QueuedThreadPool$Runner.run(QueuedThreadPool.java:1034)
        at java.base@21.0.5/java.lang.Thread.runWith(Thread.java:1596)
        at java.base@21.0.5/java.lang.Thread.run(Thread.java:1583)
"IPC Server handler 15 on default port 15000" daemon prio=5 tid=136 timed_waiting
java.lang.Thread.State: TIMED_WAITING
        at java.base@21.0.5/jdk.internal.misc.Unsafe.park(Native Method)
        at java.base@21.0.5/java.util.concurrent.locks.LockSupport.parkNanos(LockSupport.java:269)
        at java.base@21.0.5/java.util.concurrent.locks.AbstractQueuedSynchronizer$ConditionObject.awaitNanos(AbstractQueuedSynchronizer.java:1763)
        at java.base@21.0.5/java.util.concurrent.LinkedBlockingQueue.poll(LinkedBlockingQueue.java:460)
        at app//org.apache.hadoop.ipc.CallQueueManager.take(CallQueueManager.java:370)
        at app//org.apache.hadoop.ipc.Server$Handler.run(Server.java:3165)
"om1-DirectoryDeletingService#6" daemon prio=5 tid=484 in Object.wait()
java.lang.Thread.State: WAITING (on object monitor)
        at java.base@21.0.5/jdk.internal.misc.Unsafe.park(Native Method)
        at java.base@21.0.5/java.util.concurrent.locks.LockSupport.park(LockSupport.java:371)
        at java.base@21.0.5/java.util.concurrent.locks.AbstractQueuedSynchronizer$ConditionNode.block(AbstractQueuedSynchronizer.java:519)
        at java.base@21.0.5/java.util.concurrent.ForkJoinPool.unmanagedBlock(ForkJoinPool.java:3780)
        at java.base@21.0.5/java.util.concurrent.ForkJoinPool.managedBlock(ForkJoinPool.java:3725)
        at java.base@21.0.5/java.util.concurrent.locks.AbstractQueuedSynchronizer$ConditionObject.await(AbstractQueuedSynchronizer.java:1712)
        at java.base@21.0.5/java.util.concurrent.ScheduledThreadPoolExecutor$DelayedWorkQueue.take(ScheduledThreadPoolExecutor.java:1177)
        at java.base@21.0.5/java.util.concurrent.ScheduledThreadPoolExecutor$DelayedWorkQueue.take(ScheduledThreadPoolExecutor.java:899)
        at java.base@21.0.5/java.util.concurrent.ThreadPoolExecutor.getTask(ThreadPoolExecutor.java:1070)
        at java.base@21.0.5/java.util.concurrent.ThreadPoolExecutor.runWorker(ThreadPoolExecutor.java:1130)
        at java.base@21.0.5/java.util.concurrent.ThreadPoolExecutor$Worker.run(ThreadPoolExecutor.java:642)
        at java.base@21.0.5/java.lang.Thread.runWith(Thread.java:1596)
        at java.base@21.0.5/java.lang.Thread.run(Thread.java:1583)
"qtp119512187-1902-acceptor-0@12c7387a-ServerConnector@519565a5{HTTP/1.1, (http/1.1)}{0.0.0.0:15029}" daemon prio=3 tid=1902 runnable
java.lang.Thread.State: RUNNABLE
        at java.base@21.0.5/sun.nio.ch.Net.accept(Native Method)
        at java.base@21.0.5/sun.nio.ch.ServerSocketChannelImpl.implAccept(ServerSocketChannelImpl.java:433)
        at java.base@21.0.5/sun.nio.ch.ServerSocketChannelImpl.accept(ServerSocketChannelImpl.java:399)
        at app//org.eclipse.jetty.server.ServerConnector.accept(ServerConnector.java:388)
        at app//org.eclipse.jetty.server.AbstractConnector$Acceptor.run(AbstractConnector.java:704)
        at app//org.eclipse.jetty.util.thread.QueuedThreadPool.runJob(QueuedThreadPool.java:883)
        at app//org.eclipse.jetty.util.thread.QueuedThreadPool$Runner.run(QueuedThreadPool.java:1034)
        at java.base@21.0.5/java.lang.Thread.runWith(Thread.java:1596)
        at java.base@21.0.5/java.lang.Thread.run(Thread.java:1583)
"IPC Server handler 11 on default port 15001" daemon prio=5 tid=232 timed_waiting
java.lang.Thread.State: TIMED_WAITING
        at java.base@21.0.5/jdk.internal.misc.Unsafe.park(Native Method)
        at java.base@21.0.5/java.util.concurrent.locks.LockSupport.parkNanos(LockSupport.java:269)
        at java.base@21.0.5/java.util.concurrent.locks.AbstractQueuedSynchronizer$ConditionObject.awaitNanos(AbstractQueuedSynchronizer.java:1763)
        at java.base@21.0.5/java.util.concurrent.LinkedBlockingQueue.poll(LinkedBlockingQueue.java:460)
        at app//org.apache.hadoop.ipc.CallQueueManager.take(CallQueueManager.java:370)
        at app//org.apache.hadoop.ipc.Server$Handler.run(Server.java:3165)
"qtp957126305-920" daemon prio=5 tid=920 timed_waiting
java.lang.Thread.State: TIMED_WAITING
        at java.base@21.0.5/jdk.internal.misc.Unsafe.park(Native Method)
        at java.base@21.0.5/java.util.concurrent.locks.LockSupport.parkNanos(LockSupport.java:269)
        at java.base@21.0.5/java.util.concurrent.locks.AbstractQueuedSynchronizer$ConditionObject.awaitNanos(AbstractQueuedSynchronizer.java:1763)
        at app//org.eclipse.jetty.util.BlockingArrayQueue.poll(BlockingArrayQueue.java:382)
        at app//org.eclipse.jetty.util.thread.QueuedThreadPool$Runner.idleJobPoll(QueuedThreadPool.java:974)
        at app//org.eclipse.jetty.util.thread.QueuedThreadPool$Runner.run(QueuedThreadPool.java:1018)
        at java.base@21.0.5/java.lang.Thread.runWith(Thread.java:1596)
        at java.base@21.0.5/java.lang.Thread.run(Thread.java:1583)
"IPC Server handler 6 on default port 15001" daemon prio=5 tid=227 timed_waiting
java.lang.Thread.State: TIMED_WAITING
        at java.base@21.0.5/jdk.internal.misc.Unsafe.park(Native Method)
        at java.base@21.0.5/java.util.concurrent.locks.LockSupport.parkNanos(LockSupport.java:269)
        at java.base@21.0.5/java.util.concurrent.locks.AbstractQueuedSynchronizer$ConditionObject.awaitNanos(AbstractQueuedSynchronizer.java:1763)
        at java.base@21.0.5/java.util.concurrent.LinkedBlockingQueue.poll(LinkedBlockingQueue.java:460)
        at app//org.apache.hadoop.ipc.CallQueueManager.take(CallQueueManager.java:370)
        at app//org.apache.hadoop.ipc.Server$Handler.run(Server.java:3165)
"fc60e07f-496f-42fe-ae82-620152583f87-BlockDeletingService#0" daemon prio=5 tid=1069 timed_waiting
java.lang.Thread.State: TIMED_WAITING
        at java.base@21.0.5/jdk.internal.misc.Unsafe.park(Native Method)
        at java.base@21.0.5/java.util.concurrent.locks.LockSupport.parkNanos(LockSupport.java:269)
        at java.base@21.0.5/java.util.concurrent.locks.AbstractQueuedSynchronizer$ConditionObject.awaitNanos(AbstractQueuedSynchronizer.java:1763)
        at java.base@21.0.5/java.util.concurrent.ScheduledThreadPoolExecutor$DelayedWorkQueue.take(ScheduledThreadPoolExecutor.java:1182)
        at java.base@21.0.5/java.util.concurrent.ScheduledThreadPoolExecutor$DelayedWorkQueue.take(ScheduledThreadPoolExecutor.java:899)
        at java.base@21.0.5/java.util.concurrent.ThreadPoolExecutor.getTask(ThreadPoolExecutor.java:1070)
        at java.base@21.0.5/java.util.concurrent.ThreadPoolExecutor.runWorker(ThreadPoolExecutor.java:1130)
        at java.base@21.0.5/java.util.concurrent.ThreadPoolExecutor$Worker.run(ThreadPoolExecutor.java:642)
        at java.base@21.0.5/java.lang.Thread.runWith(Thread.java:1596)
        at java.base@21.0.5/java.lang.Thread.run(Thread.java:1583)
"BackgroundPipelineScrubber" daemon prio=5 tid=55 timed_waiting
java.lang.Thread.State: TIMED_WAITING
        at java.base@21.0.5/java.lang.Object.wait0(Native Method)
        at java.base@21.0.5/java.lang.Object.wait(Object.java:366)
        at app//org.apache.hadoop.hdds.scm.ha.BackgroundSCMService.run(BackgroundSCMService.java:107)
        at app//org.apache.hadoop.hdds.scm.ha.BackgroundSCMService$$Lambda/0x00007fcfe04abbf8.run(Unknown Source)
        at java.base@21.0.5/java.lang.Thread.runWith(Thread.java:1596)
        at java.base@21.0.5/java.lang.Thread.run(Thread.java:1583)
"IPC Server handler 65 on default port 15000" daemon prio=5 tid=186 timed_waiting
java.lang.Thread.State: TIMED_WAITING
        at java.base@21.0.5/jdk.internal.misc.Unsafe.park(Native Method)
        at java.base@21.0.5/java.util.concurrent.locks.LockSupport.parkNanos(LockSupport.java:269)
        at java.base@21.0.5/java.util.concurrent.locks.AbstractQueuedSynchronizer$ConditionObject.awaitNanos(AbstractQueuedSynchronizer.java:1763)
        at java.base@21.0.5/java.util.concurrent.LinkedBlockingQueue.poll(LinkedBlockingQueue.java:460)
        at app//org.apache.hadoop.ipc.CallQueueManager.take(CallQueueManager.java:370)
        at app//org.apache.hadoop.ipc.Server$Handler.run(Server.java:3165)
"IPC Server handler 4 on default port 15006" daemon prio=5 tid=502 timed_waiting
java.lang.Thread.State: TIMED_WAITING
        at java.base@21.0.5/jdk.internal.misc.Unsafe.park(Native Method)
        at java.base@21.0.5/java.util.concurrent.locks.LockSupport.parkNanos(LockSupport.java:269)
        at java.base@21.0.5/java.util.concurrent.locks.AbstractQueuedSynchronizer$ConditionObject.awaitNanos(AbstractQueuedSynchronizer.java:1763)
        at java.base@21.0.5/java.util.concurrent.LinkedBlockingQueue.poll(LinkedBlockingQueue.java:460)
        at app//org.apache.hadoop.ipc.CallQueueManager.take(CallQueueManager.java:370)
        at app//org.apache.hadoop.ipc.Server$Handler.run(Server.java:3165)
"b5e8fa21-b7a1-4c36-a12e-fa069f9a009b@group-8D2BB8F5309D-LeaderStateImpl" daemon prio=5 tid=337 timed_waiting
java.lang.Thread.State: TIMED_WAITING
        at java.base@21.0.5/jdk.internal.misc.Unsafe.park(Native Method)
        at java.base@21.0.5/java.util.concurrent.locks.LockSupport.parkNanos(LockSupport.java:269)
        at java.base@21.0.5/java.util.concurrent.locks.AbstractQueuedSynchronizer$ConditionObject.awaitNanos(AbstractQueuedSynchronizer.java:1763)
        at java.base@21.0.5/java.util.concurrent.ArrayBlockingQueue.poll(ArrayBlockingQueue.java:435)
        at app//org.apache.ratis.server.impl.LeaderStateImpl$EventQueue.poll(LeaderStateImpl.java:164)
        at app//org.apache.ratis.server.impl.LeaderStateImpl$EventProcessor.run(LeaderStateImpl.java:763)
"Socket Reader #9 for port 15001"  prio=5 tid=84 runnable
java.lang.Thread.State: RUNNABLE
        at java.base@21.0.5/sun.nio.ch.EPoll.wait(Native Method)
        at java.base@21.0.5/sun.nio.ch.EPollSelectorImpl.doSelect(EPollSelectorImpl.java:121)
        at java.base@21.0.5/sun.nio.ch.SelectorImpl.lockAndDoSelect(SelectorImpl.java:130)
        at java.base@21.0.5/sun.nio.ch.SelectorImpl.select(SelectorImpl.java:147)
        at app//org.apache.hadoop.ipc.Server$Listener$Reader.doRunLoop(Server.java:1497)
        at app//org.apache.hadoop.ipc.Server$Listener$Reader.run(Server.java:1476)
"StaleRecoveringContainerScrubbingService#1" daemon prio=5 tid=1150 in Object.wait()
java.lang.Thread.State: WAITING (on object monitor)
        at java.base@21.0.5/jdk.internal.misc.Unsafe.park(Native Method)
        at java.base@21.0.5/java.util.concurrent.locks.LockSupport.park(LockSupport.java:371)
        at java.base@21.0.5/java.util.concurrent.locks.AbstractQueuedSynchronizer$ConditionNode.block(AbstractQueuedSynchronizer.java:519)
        at java.base@21.0.5/java.util.concurrent.ForkJoinPool.unmanagedBlock(ForkJoinPool.java:3780)
        at java.base@21.0.5/java.util.concurrent.ForkJoinPool.managedBlock(ForkJoinPool.java:3725)
        at java.base@21.0.5/java.util.concurrent.locks.AbstractQueuedSynchronizer$ConditionObject.await(AbstractQueuedSynchronizer.java:1712)
        at java.base@21.0.5/java.util.concurrent.ScheduledThreadPoolExecutor$DelayedWorkQueue.take(ScheduledThreadPoolExecutor.java:1177)
        at java.base@21.0.5/java.util.concurrent.ScheduledThreadPoolExecutor$DelayedWorkQueue.take(ScheduledThreadPoolExecutor.java:899)
        at java.base@21.0.5/java.util.concurrent.ThreadPoolExecutor.getTask(ThreadPoolExecutor.java:1070)
        at java.base@21.0.5/java.util.concurrent.ThreadPoolExecutor.runWorker(ThreadPoolExecutor.java:1130)
        at java.base@21.0.5/java.util.concurrent.ThreadPoolExecutor$Worker.run(ThreadPoolExecutor.java:642)
        at java.base@21.0.5/java.lang.Thread.runWith(Thread.java:1596)
        at java.base@21.0.5/java.lang.Thread.run(Thread.java:1583)
"IPC Server handler 3 on default port 15006" daemon prio=5 tid=501 timed_waiting
java.lang.Thread.State: TIMED_WAITING
        at java.base@21.0.5/jdk.internal.misc.Unsafe.park(Native Method)
        at java.base@21.0.5/java.util.concurrent.locks.LockSupport.parkNanos(LockSupport.java:269)
        at java.base@21.0.5/java.util.concurrent.locks.AbstractQueuedSynchronizer$ConditionObject.awaitNanos(AbstractQueuedSynchronizer.java:1763)
        at java.base@21.0.5/java.util.concurrent.LinkedBlockingQueue.poll(LinkedBlockingQueue.java:460)
        at app//org.apache.hadoop.ipc.CallQueueManager.take(CallQueueManager.java:370)
        at app//org.apache.hadoop.ipc.Server$Handler.run(Server.java:3165)
"IPC Server handler 4 on default port 15066" daemon prio=5 tid=830 timed_waiting
java.lang.Thread.State: TIMED_WAITING
        at java.base@21.0.5/jdk.internal.misc.Unsafe.park(Native Method)
        at java.base@21.0.5/java.util.concurrent.locks.LockSupport.parkNanos(LockSupport.java:269)
        at java.base@21.0.5/java.util.concurrent.locks.AbstractQueuedSynchronizer$ConditionObject.awaitNanos(AbstractQueuedSynchronizer.java:1763)
        at java.base@21.0.5/java.util.concurrent.LinkedBlockingQueue.poll(LinkedBlockingQueue.java:460)
        at app//org.apache.hadoop.ipc.CallQueueManager.take(CallQueueManager.java:370)
        at app//org.apache.hadoop.ipc.Server$Handler.run(Server.java:3165)
"9c1aee78-f037-4e17-b985-0daab5eaf154-BlockDeletingService#1" daemon prio=5 tid=1107 in Object.wait()
java.lang.Thread.State: WAITING (on object monitor)
        at java.base@21.0.5/jdk.internal.misc.Unsafe.park(Native Method)
        at java.base@21.0.5/java.util.concurrent.locks.LockSupport.park(LockSupport.java:371)
        at java.base@21.0.5/java.util.concurrent.locks.AbstractQueuedSynchronizer$ConditionNode.block(AbstractQueuedSynchronizer.java:519)
        at java.base@21.0.5/java.util.concurrent.ForkJoinPool.unmanagedBlock(ForkJoinPool.java:3780)
        at java.base@21.0.5/java.util.concurrent.ForkJoinPool.managedBlock(ForkJoinPool.java:3725)
        at java.base@21.0.5/java.util.concurrent.locks.AbstractQueuedSynchronizer$ConditionObject.await(AbstractQueuedSynchronizer.java:1712)
        at java.base@21.0.5/java.util.concurrent.ScheduledThreadPoolExecutor$DelayedWorkQueue.take(ScheduledThreadPoolExecutor.java:1177)
        at java.base@21.0.5/java.util.concurrent.ScheduledThreadPoolExecutor$DelayedWorkQueue.take(ScheduledThreadPoolExecutor.java:899)
        at java.base@21.0.5/java.util.concurrent.ThreadPoolExecutor.getTask(ThreadPoolExecutor.java:1070)
        at java.base@21.0.5/java.util.concurrent.ThreadPoolExecutor.runWorker(ThreadPoolExecutor.java:1130)
        at java.base@21.0.5/java.util.concurrent.ThreadPoolExecutor$Worker.run(ThreadPoolExecutor.java:642)
        at java.base@21.0.5/java.lang.Thread.runWith(Thread.java:1596)
        at java.base@21.0.5/java.lang.Thread.run(Thread.java:1583)
"IPC Server handler 0 on default port 15001" daemon prio=5 tid=221 timed_waiting
java.lang.Thread.State: TIMED_WAITING
        at java.base@21.0.5/jdk.internal.misc.Unsafe.park(Native Method)
        at java.base@21.0.5/java.util.concurrent.locks.LockSupport.parkNanos(LockSupport.java:269)
        at java.base@21.0.5/java.util.concurrent.locks.AbstractQueuedSynchronizer$ConditionObject.awaitNanos(AbstractQueuedSynchronizer.java:1763)
        at java.base@21.0.5/java.util.concurrent.LinkedBlockingQueue.poll(LinkedBlockingQueue.java:460)
        at app//org.apache.hadoop.ipc.CallQueueManager.take(CallQueueManager.java:370)
        at app//org.apache.hadoop.ipc.Server$Handler.run(Server.java:3165)
"ac5cad44-c19c-4f65-867f-c0009d6f555c@group-54F1CF531B92-LeaderStateImpl" daemon prio=5 tid=1346 timed_waiting
java.lang.Thread.State: TIMED_WAITING
        at java.base@21.0.5/jdk.internal.misc.Unsafe.park(Native Method)
        at java.base@21.0.5/java.util.concurrent.locks.LockSupport.parkNanos(LockSupport.java:269)
        at java.base@21.0.5/java.util.concurrent.locks.AbstractQueuedSynchronizer$ConditionObject.awaitNanos(AbstractQueuedSynchronizer.java:1763)
        at java.base@21.0.5/java.util.concurrent.ArrayBlockingQueue.poll(ArrayBlockingQueue.java:435)
        at app//org.apache.ratis.server.impl.LeaderStateImpl$EventQueue.poll(LeaderStateImpl.java:164)
        at app//org.apache.ratis.server.impl.LeaderStateImpl$EventProcessor.run(LeaderStateImpl.java:763)
"grpc-default-executor-7" daemon prio=5 tid=1853 timed_waiting
java.lang.Thread.State: TIMED_WAITING
        at java.base@21.0.5/jdk.internal.misc.Unsafe.park(Native Method)
        at java.base@21.0.5/java.util.concurrent.locks.LockSupport.parkNanos(LockSupport.java:410)
        at java.base@21.0.5/java.util.concurrent.LinkedTransferQueue$DualNode.await(LinkedTransferQueue.java:452)
        at java.base@21.0.5/java.util.concurrent.SynchronousQueue$Transferer.xferLifo(SynchronousQueue.java:194)
        at java.base@21.0.5/java.util.concurrent.SynchronousQueue.xfer(SynchronousQueue.java:235)
        at java.base@21.0.5/java.util.concurrent.SynchronousQueue.poll(SynchronousQueue.java:338)
        at java.base@21.0.5/java.util.concurrent.ThreadPoolExecutor.getTask(ThreadPoolExecutor.java:1069)
        at java.base@21.0.5/java.util.concurrent.ThreadPoolExecutor.runWorker(ThreadPoolExecutor.java:1130)
        at java.base@21.0.5/java.util.concurrent.ThreadPoolExecutor$Worker.run(ThreadPoolExecutor.java:642)
        at java.base@21.0.5/java.lang.Thread.runWith(Thread.java:1596)
        at java.base@21.0.5/java.lang.Thread.run(Thread.java:1583)
"StaleRecoveringContainerScrubbingService#0" daemon prio=5 tid=1088 timed_waiting
java.lang.Thread.State: TIMED_WAITING
        at java.base@21.0.5/jdk.internal.misc.Unsafe.park(Native Method)
        at java.base@21.0.5/java.util.concurrent.locks.LockSupport.parkNanos(LockSupport.java:269)
        at java.base@21.0.5/java.util.concurrent.locks.AbstractQueuedSynchronizer$ConditionObject.awaitNanos(AbstractQueuedSynchronizer.java:1763)
        at java.base@21.0.5/java.util.concurrent.ScheduledThreadPoolExecutor$DelayedWorkQueue.take(ScheduledThreadPoolExecutor.java:1182)
        at java.base@21.0.5/java.util.concurrent.ScheduledThreadPoolExecutor$DelayedWorkQueue.take(ScheduledThreadPoolExecutor.java:899)
        at java.base@21.0.5/java.util.concurrent.ThreadPoolExecutor.getTask(ThreadPoolExecutor.java:1070)
        at java.base@21.0.5/java.util.concurrent.ThreadPoolExecutor.runWorker(ThreadPoolExecutor.java:1130)
        at java.base@21.0.5/java.util.concurrent.ThreadPoolExecutor$Worker.run(ThreadPoolExecutor.java:642)
        at java.base@21.0.5/java.lang.Thread.runWith(Thread.java:1596)
        at java.base@21.0.5/java.lang.Thread.run(Thread.java:1583)
"om1-OMDoubleBufferFlushThread" daemon prio=5 tid=445 timed_waiting
java.lang.Thread.State: TIMED_WAITING
        at java.base@21.0.5/java.lang.Object.wait0(Native Method)
        at java.base@21.0.5/java.lang.Object.wait(Object.java:366)
        at app//org.apache.hadoop.ozone.om.ratis.OzoneManagerDoubleBuffer.canFlush(OzoneManagerDoubleBuffer.java:578)
        at app//org.apache.hadoop.ozone.om.ratis.OzoneManagerDoubleBuffer.flushTransactions(OzoneManagerDoubleBuffer.java:294)
        at app//org.apache.hadoop.ozone.om.ratis.OzoneManagerDoubleBuffer$$Lambda/0x00007fcfe072caf0.run(Unknown Source)
        at java.base@21.0.5/java.lang.Thread.runWith(Thread.java:1596)
        at java.base@21.0.5/java.lang.Thread.run(Thread.java:1583)
"91d0dafb-6cb7-42e5-b129-660fdc1902ba-CommandProcessorThread" daemon prio=5 tid=1035 timed_waiting
java.lang.Thread.State: TIMED_WAITING
        at java.base@21.0.5/java.lang.Thread.sleep0(Native Method)
        at java.base@21.0.5/java.lang.Thread.sleep(Thread.java:509)
        at app//org.apache.hadoop.ozone.container.common.statemachine.DatanodeStateMachine.lambda$initCommandHandlerThread$4(DatanodeStateMachine.java:670)
        at app//org.apache.hadoop.ozone.container.common.statemachine.DatanodeStateMachine$$Lambda/0x00007fcfe07d9b78.run(Unknown Source)
        at java.base@21.0.5/java.lang.Thread.runWith(Thread.java:1596)
        at java.base@21.0.5/java.lang.Thread.run(Thread.java:1583)
"IPC Server handler 69 on default port 15002" daemon prio=5 tid=408 timed_waiting
java.lang.Thread.State: TIMED_WAITING
        at java.base@21.0.5/jdk.internal.misc.Unsafe.park(Native Method)
        at java.base@21.0.5/java.util.concurrent.locks.LockSupport.parkNanos(LockSupport.java:269)
        at java.base@21.0.5/java.util.concurrent.locks.AbstractQueuedSynchronizer$ConditionObject.awaitNanos(AbstractQueuedSynchronizer.java:1763)
        at java.base@21.0.5/java.util.concurrent.LinkedBlockingQueue.poll(LinkedBlockingQueue.java:460)
        at app//org.apache.hadoop.ipc.CallQueueManager.take(CallQueueManager.java:370)
        at app//org.apache.hadoop.ipc.Server$Handler.run(Server.java:3165)
"IPC Server handler 44 on default port 15001" daemon prio=5 tid=265 timed_waiting
java.lang.Thread.State: TIMED_WAITING
        at java.base@21.0.5/jdk.internal.misc.Unsafe.park(Native Method)
        at java.base@21.0.5/java.util.concurrent.locks.LockSupport.parkNanos(LockSupport.java:269)
        at java.base@21.0.5/java.util.concurrent.locks.AbstractQueuedSynchronizer$ConditionObject.awaitNanos(AbstractQueuedSynchronizer.java:1763)
        at java.base@21.0.5/java.util.concurrent.LinkedBlockingQueue.poll(LinkedBlockingQueue.java:460)
        at app//org.apache.hadoop.ipc.CallQueueManager.take(CallQueueManager.java:370)
        at app//org.apache.hadoop.ipc.Server$Handler.run(Server.java:3165)
"ac5cad44-c19c-4f65-867f-c0009d6f555c-DatanodeReportManager-1" daemon prio=5 tid=560 timed_waiting
java.lang.Thread.State: TIMED_WAITING
        at java.base@21.0.5/jdk.internal.misc.Unsafe.park(Native Method)
        at java.base@21.0.5/java.util.concurrent.locks.LockSupport.parkNanos(LockSupport.java:269)
        at java.base@21.0.5/java.util.concurrent.locks.AbstractQueuedSynchronizer$ConditionObject.awaitNanos(AbstractQueuedSynchronizer.java:1763)
        at java.base@21.0.5/java.util.concurrent.ScheduledThreadPoolExecutor$DelayedWorkQueue.take(ScheduledThreadPoolExecutor.java:1182)
        at java.base@21.0.5/java.util.concurrent.ScheduledThreadPoolExecutor$DelayedWorkQueue.take(ScheduledThreadPoolExecutor.java:899)
        at java.base@21.0.5/java.util.concurrent.ThreadPoolExecutor.getTask(ThreadPoolExecutor.java:1070)
        at java.base@21.0.5/java.util.concurrent.ThreadPoolExecutor.runWorker(ThreadPoolExecutor.java:1130)
        at java.base@21.0.5/java.util.concurrent.ThreadPoolExecutor$Worker.run(ThreadPoolExecutor.java:642)
        at java.base@21.0.5/java.lang.Thread.runWith(Thread.java:1596)
        at java.base@21.0.5/java.lang.Thread.run(Thread.java:1583)
"7c84fc52-fa7b-40d9-a19c-d4e4c83c5fa3-DatanodeStateMachineTaskThread-0"  prio=5 tid=610 in Object.wait()
java.lang.Thread.State: WAITING (on object monitor)
        at java.base@21.0.5/jdk.internal.misc.Unsafe.park(Native Method)
        at java.base@21.0.5/java.util.concurrent.locks.LockSupport.park(LockSupport.java:371)
        at java.base@21.0.5/java.util.concurrent.locks.AbstractQueuedSynchronizer$ConditionNode.block(AbstractQueuedSynchronizer.java:519)
        at java.base@21.0.5/java.util.concurrent.ForkJoinPool.unmanagedBlock(ForkJoinPool.java:3780)
        at java.base@21.0.5/java.util.concurrent.ForkJoinPool.managedBlock(ForkJoinPool.java:3725)
        at java.base@21.0.5/java.util.concurrent.locks.AbstractQueuedSynchronizer$ConditionObject.await(AbstractQueuedSynchronizer.java:1712)
        at java.base@21.0.5/java.util.concurrent.LinkedBlockingQueue.take(LinkedBlockingQueue.java:435)
        at java.base@21.0.5/java.util.concurrent.ThreadPoolExecutor.getTask(ThreadPoolExecutor.java:1070)
        at java.base@21.0.5/java.util.concurrent.ThreadPoolExecutor.runWorker(ThreadPoolExecutor.java:1130)
        at java.base@21.0.5/java.util.concurrent.ThreadPoolExecutor$Worker.run(ThreadPoolExecutor.java:642)
        at java.base@21.0.5/java.lang.Thread.runWith(Thread.java:1596)
        at java.base@21.0.5/java.lang.Thread.run(Thread.java:1583)
"IPC Server Responder" daemon prio=5 tid=87 runnable
java.lang.Thread.State: RUNNABLE
        at java.base@21.0.5/sun.nio.ch.EPoll.wait(Native Method)
        at java.base@21.0.5/sun.nio.ch.EPollSelectorImpl.doSelect(EPollSelectorImpl.java:121)
        at java.base@21.0.5/sun.nio.ch.SelectorImpl.lockAndDoSelect(SelectorImpl.java:130)
        at java.base@21.0.5/sun.nio.ch.SelectorImpl.select(SelectorImpl.java:142)
        at app//org.apache.hadoop.ipc.Server$Responder.doRunLoop(Server.java:1733)
        at app//org.apache.hadoop.ipc.Server$Responder.run(Server.java:1716)
"IPC Server handler 91 on default port 15002" daemon prio=5 tid=430 timed_waiting
java.lang.Thread.State: TIMED_WAITING
        at java.base@21.0.5/jdk.internal.misc.Unsafe.park(Native Method)
        at java.base@21.0.5/java.util.concurrent.locks.LockSupport.parkNanos(LockSupport.java:269)
        at java.base@21.0.5/java.util.concurrent.locks.AbstractQueuedSynchronizer$ConditionObject.awaitNanos(AbstractQueuedSynchronizer.java:1763)
        at java.base@21.0.5/java.util.concurrent.LinkedBlockingQueue.poll(LinkedBlockingQueue.java:460)
        at app//org.apache.hadoop.ipc.CallQueueManager.take(CallQueueManager.java:370)
        at app//org.apache.hadoop.ipc.Server$Handler.run(Server.java:3165)
"qtp1883684513-758" daemon prio=5 tid=758 runnable
java.lang.Thread.State: RUNNABLE
        at java.base@21.0.5/sun.nio.ch.EPoll.wait(Native Method)
        at java.base@21.0.5/sun.nio.ch.EPollSelectorImpl.doSelect(EPollSelectorImpl.java:121)
        at java.base@21.0.5/sun.nio.ch.SelectorImpl.lockAndDoSelect(SelectorImpl.java:130)
        at java.base@21.0.5/sun.nio.ch.SelectorImpl.select(SelectorImpl.java:147)
        at app//org.eclipse.jetty.io.ManagedSelector.nioSelect(ManagedSelector.java:183)
        at app//org.eclipse.jetty.io.ManagedSelector.select(ManagedSelector.java:190)
        at app//org.eclipse.jetty.io.ManagedSelector$SelectorProducer.select(ManagedSelector.java:606)
        at app//org.eclipse.jetty.io.ManagedSelector$SelectorProducer.produce(ManagedSelector.java:543)
        at app//org.eclipse.jetty.util.thread.strategy.EatWhatYouKill.produceTask(EatWhatYouKill.java:362)
        at app//org.eclipse.jetty.util.thread.strategy.EatWhatYouKill.doProduce(EatWhatYouKill.java:186)
        at app//org.eclipse.jetty.util.thread.strategy.EatWhatYouKill.tryProduce(EatWhatYouKill.java:173)
        at app//org.eclipse.jetty.util.thread.strategy.EatWhatYouKill.produce(EatWhatYouKill.java:137)
        at app//org.eclipse.jetty.io.ManagedSelector$$Lambda/0x00007fcfe0662730.run(Unknown Source)
        at app//org.eclipse.jetty.util.thread.QueuedThreadPool.runJob(QueuedThreadPool.java:883)
        at app//org.eclipse.jetty.util.thread.QueuedThreadPool$Runner.run(QueuedThreadPool.java:1034)
        at java.base@21.0.5/java.lang.Thread.runWith(Thread.java:1596)
        at java.base@21.0.5/java.lang.Thread.run(Thread.java:1583)
"IPC Server listener on 15075" daemon prio=5 tid=878 runnable
java.lang.Thread.State: RUNNABLE
        at java.base@21.0.5/sun.nio.ch.EPoll.wait(Native Method)
        at java.base@21.0.5/sun.nio.ch.EPollSelectorImpl.doSelect(EPollSelectorImpl.java:121)
        at java.base@21.0.5/sun.nio.ch.SelectorImpl.lockAndDoSelect(SelectorImpl.java:130)
        at java.base@21.0.5/sun.nio.ch.SelectorImpl.select(SelectorImpl.java:147)
        at app//org.apache.hadoop.ipc.Server$Listener.run(Server.java:1559)
"fc60e07f-496f-42fe-ae82-620152583f87-CloseContainerThread-2"  prio=5 tid=2252 in Object.wait()
java.lang.Thread.State: WAITING (on object monitor)
        at java.base@21.0.5/jdk.internal.misc.Unsafe.park(Native Method)
        at java.base@21.0.5/java.util.concurrent.locks.LockSupport.park(LockSupport.java:371)
        at java.base@21.0.5/java.util.concurrent.locks.AbstractQueuedSynchronizer$ConditionNode.block(AbstractQueuedSynchronizer.java:519)
        at java.base@21.0.5/java.util.concurrent.ForkJoinPool.unmanagedBlock(ForkJoinPool.java:3780)
        at java.base@21.0.5/java.util.concurrent.ForkJoinPool.managedBlock(ForkJoinPool.java:3725)
        at java.base@21.0.5/java.util.concurrent.locks.AbstractQueuedSynchronizer$ConditionObject.await(AbstractQueuedSynchronizer.java:1712)
        at java.base@21.0.5/java.util.concurrent.LinkedBlockingQueue.take(LinkedBlockingQueue.java:435)
        at java.base@21.0.5/java.util.concurrent.ThreadPoolExecutor.getTask(ThreadPoolExecutor.java:1070)
        at java.base@21.0.5/java.util.concurrent.ThreadPoolExecutor.runWorker(ThreadPoolExecutor.java:1130)
        at java.base@21.0.5/java.util.concurrent.ThreadPoolExecutor$Worker.run(ThreadPoolExecutor.java:642)
        at java.base@21.0.5/java.lang.Thread.runWith(Thread.java:1596)
        at java.base@21.0.5/java.lang.Thread.run(Thread.java:1583)
"7c84fc52-fa7b-40d9-a19c-d4e4c83c5fa3@group-DC6777C4EFF8-cacheEviction-AwaitToRun" daemon prio=5 tid=1196 in Object.wait()
java.lang.Thread.State: WAITING (on object monitor)
        at java.base@21.0.5/jdk.internal.misc.Unsafe.park(Native Method)
        at java.base@21.0.5/java.util.concurrent.locks.LockSupport.park(LockSupport.java:371)
        at java.base@21.0.5/java.util.concurrent.locks.AbstractQueuedSynchronizer$ConditionNode.block(AbstractQueuedSynchronizer.java:519)
        at java.base@21.0.5/java.util.concurrent.ForkJoinPool.unmanagedBlock(ForkJoinPool.java:3780)
        at java.base@21.0.5/java.util.concurrent.ForkJoinPool.managedBlock(ForkJoinPool.java:3725)
        at java.base@21.0.5/java.util.concurrent.locks.AbstractQueuedSynchronizer$ConditionObject.await(AbstractQueuedSynchronizer.java:1712)
        at app//org.apache.ratis.util.AwaitForSignal.await(AwaitForSignal.java:48)
        at app//org.apache.ratis.util.AwaitToRun$RunnableImpl.run(AwaitToRun.java:47)
        at java.base@21.0.5/java.lang.Thread.runWith(Thread.java:1596)
        at java.base@21.0.5/java.lang.Thread.run(Thread.java:1583)
"IPC Server handler 38 on default port 15000" daemon prio=5 tid=159 timed_waiting
java.lang.Thread.State: TIMED_WAITING
        at java.base@21.0.5/jdk.internal.misc.Unsafe.park(Native Method)
        at java.base@21.0.5/java.util.concurrent.locks.LockSupport.parkNanos(LockSupport.java:269)
        at java.base@21.0.5/java.util.concurrent.locks.AbstractQueuedSynchronizer$ConditionObject.awaitNanos(AbstractQueuedSynchronizer.java:1763)
        at java.base@21.0.5/java.util.concurrent.LinkedBlockingQueue.poll(LinkedBlockingQueue.java:460)
        at app//org.apache.hadoop.ipc.CallQueueManager.take(CallQueueManager.java:370)
        at app//org.apache.hadoop.ipc.Server$Handler.run(Server.java:3165)
"StaleRecoveringContainerScrubbingService#0" daemon prio=5 tid=2203 timed_waiting
java.lang.Thread.State: TIMED_WAITING
        at java.base@21.0.5/jdk.internal.misc.Unsafe.park(Native Method)
        at java.base@21.0.5/java.util.concurrent.locks.LockSupport.parkNanos(LockSupport.java:269)
        at java.base@21.0.5/java.util.concurrent.locks.AbstractQueuedSynchronizer$ConditionObject.awaitNanos(AbstractQueuedSynchronizer.java:1763)
        at java.base@21.0.5/java.util.concurrent.ScheduledThreadPoolExecutor$DelayedWorkQueue.take(ScheduledThreadPoolExecutor.java:1182)
        at java.base@21.0.5/java.util.concurrent.ScheduledThreadPoolExecutor$DelayedWorkQueue.take(ScheduledThreadPoolExecutor.java:899)
        at java.base@21.0.5/java.util.concurrent.ThreadPoolExecutor.getTask(ThreadPoolExecutor.java:1070)
        at java.base@21.0.5/java.util.concurrent.ThreadPoolExecutor.runWorker(ThreadPoolExecutor.java:1130)
        at java.base@21.0.5/java.util.concurrent.ThreadPoolExecutor$Worker.run(ThreadPoolExecutor.java:642)
        at java.base@21.0.5/java.lang.Thread.runWith(Thread.java:1596)
        at java.base@21.0.5/java.lang.Thread.run(Thread.java:1583)
"Hadoop-Metrics-Updater-0" daemon prio=5 tid=891 timed_waiting
java.lang.Thread.State: TIMED_WAITING
        at java.base@21.0.5/jdk.internal.misc.Unsafe.park(Native Method)
        at java.base@21.0.5/java.util.concurrent.locks.LockSupport.parkNanos(LockSupport.java:269)
        at java.base@21.0.5/java.util.concurrent.locks.AbstractQueuedSynchronizer$ConditionObject.awaitNanos(AbstractQueuedSynchronizer.java:1763)
        at java.base@21.0.5/java.util.concurrent.ScheduledThreadPoolExecutor$DelayedWorkQueue.take(ScheduledThreadPoolExecutor.java:1182)
        at java.base@21.0.5/java.util.concurrent.ScheduledThreadPoolExecutor$DelayedWorkQueue.take(ScheduledThreadPoolExecutor.java:899)
        at java.base@21.0.5/java.util.concurrent.ThreadPoolExecutor.getTask(ThreadPoolExecutor.java:1070)
        at java.base@21.0.5/java.util.concurrent.ThreadPoolExecutor.runWorker(ThreadPoolExecutor.java:1130)
        at java.base@21.0.5/java.util.concurrent.ThreadPoolExecutor$Worker.run(ThreadPoolExecutor.java:642)
        at java.base@21.0.5/java.lang.Thread.runWith(Thread.java:1596)
        at java.base@21.0.5/java.lang.Thread.run(Thread.java:1583)
"84b435bb-d41b-4758-bf48-ce9052c81d4a-BlockDeletingService#0" daemon prio=5 tid=1087 timed_waiting
java.lang.Thread.State: TIMED_WAITING
        at java.base@21.0.5/jdk.internal.misc.Unsafe.park(Native Method)
        at java.base@21.0.5/java.util.concurrent.locks.LockSupport.parkNanos(LockSupport.java:269)
        at java.base@21.0.5/java.util.concurrent.locks.AbstractQueuedSynchronizer$ConditionObject.awaitNanos(AbstractQueuedSynchronizer.java:1763)
        at java.base@21.0.5/java.util.concurrent.ScheduledThreadPoolExecutor$DelayedWorkQueue.take(ScheduledThreadPoolExecutor.java:1182)
        at java.base@21.0.5/java.util.concurrent.ScheduledThreadPoolExecutor$DelayedWorkQueue.take(ScheduledThreadPoolExecutor.java:899)
        at java.base@21.0.5/java.util.concurrent.ThreadPoolExecutor.getTask(ThreadPoolExecutor.java:1070)
        at java.base@21.0.5/java.util.concurrent.ThreadPoolExecutor.runWorker(ThreadPoolExecutor.java:1130)
        at java.base@21.0.5/java.util.concurrent.ThreadPoolExecutor$Worker.run(ThreadPoolExecutor.java:642)
        at java.base@21.0.5/java.lang.Thread.runWith(Thread.java:1596)
        at java.base@21.0.5/java.lang.Thread.run(Thread.java:1583)
"84b435bb-d41b-4758-bf48-ce9052c81d4a-ContainerOp-8ef3bc64-5854-4584-910e-a7184706d343-5"  prio=5 tid=1550 in Object.wait()
java.lang.Thread.State: WAITING (on object monitor)
        at java.base@21.0.5/jdk.internal.misc.Unsafe.park(Native Method)
        at java.base@21.0.5/java.util.concurrent.locks.LockSupport.park(LockSupport.java:371)
        at java.base@21.0.5/java.util.concurrent.locks.AbstractQueuedSynchronizer$ConditionNode.block(AbstractQueuedSynchronizer.java:519)
        at java.base@21.0.5/java.util.concurrent.ForkJoinPool.unmanagedBlock(ForkJoinPool.java:3780)
        at java.base@21.0.5/java.util.concurrent.ForkJoinPool.managedBlock(ForkJoinPool.java:3725)
        at java.base@21.0.5/java.util.concurrent.locks.AbstractQueuedSynchronizer$ConditionObject.await(AbstractQueuedSynchronizer.java:1712)
        at java.base@21.0.5/java.util.concurrent.LinkedBlockingQueue.take(LinkedBlockingQueue.java:435)
        at java.base@21.0.5/java.util.concurrent.ThreadPoolExecutor.getTask(ThreadPoolExecutor.java:1070)
        at java.base@21.0.5/java.util.concurrent.ThreadPoolExecutor.runWorker(ThreadPoolExecutor.java:1130)
        at java.base@21.0.5/java.util.concurrent.ThreadPoolExecutor$Worker.run(ThreadPoolExecutor.java:642)
        at java.base@21.0.5/java.lang.Thread.runWith(Thread.java:1596)
        at java.base@21.0.5/java.lang.Thread.run(Thread.java:1583)
"om1-DirectoryDeletingService#1" daemon prio=5 tid=477 in Object.wait()
java.lang.Thread.State: WAITING (on object monitor)
        at java.base@21.0.5/jdk.internal.misc.Unsafe.park(Native Method)
        at java.base@21.0.5/java.util.concurrent.locks.LockSupport.park(LockSupport.java:371)
        at java.base@21.0.5/java.util.concurrent.locks.AbstractQueuedSynchronizer$ConditionNode.block(AbstractQueuedSynchronizer.java:519)
        at java.base@21.0.5/java.util.concurrent.ForkJoinPool.unmanagedBlock(ForkJoinPool.java:3780)
        at java.base@21.0.5/java.util.concurrent.ForkJoinPool.managedBlock(ForkJoinPool.java:3725)
        at java.base@21.0.5/java.util.concurrent.locks.AbstractQueuedSynchronizer$ConditionObject.await(AbstractQueuedSynchronizer.java:1712)
        at java.base@21.0.5/java.util.concurrent.ScheduledThreadPoolExecutor$DelayedWorkQueue.take(ScheduledThreadPoolExecutor.java:1177)
        at java.base@21.0.5/java.util.concurrent.ScheduledThreadPoolExecutor$DelayedWorkQueue.take(ScheduledThreadPoolExecutor.java:899)
        at java.base@21.0.5/java.util.concurrent.ThreadPoolExecutor.getTask(ThreadPoolExecutor.java:1070)
        at java.base@21.0.5/java.util.concurrent.ThreadPoolExecutor.runWorker(ThreadPoolExecutor.java:1130)
        at java.base@21.0.5/java.util.concurrent.ThreadPoolExecutor$Worker.run(ThreadPoolExecutor.java:642)
        at java.base@21.0.5/java.lang.Thread.runWith(Thread.java:1596)
        at java.base@21.0.5/java.lang.Thread.run(Thread.java:1583)
"IPC Server handler 55 on default port 15001" daemon prio=5 tid=276 timed_waiting
java.lang.Thread.State: TIMED_WAITING
        at java.base@21.0.5/jdk.internal.misc.Unsafe.park(Native Method)
        at java.base@21.0.5/java.util.concurrent.locks.LockSupport.parkNanos(LockSupport.java:269)
        at java.base@21.0.5/java.util.concurrent.locks.AbstractQueuedSynchronizer$ConditionObject.awaitNanos(AbstractQueuedSynchronizer.java:1763)
        at java.base@21.0.5/java.util.concurrent.LinkedBlockingQueue.poll(LinkedBlockingQueue.java:460)
        at app//org.apache.hadoop.ipc.CallQueueManager.take(CallQueueManager.java:370)
        at app//org.apache.hadoop.ipc.Server$Handler.run(Server.java:3165)
"IPC Server handler 79 on default port 15002" daemon prio=5 tid=418 timed_waiting
java.lang.Thread.State: TIMED_WAITING
        at java.base@21.0.5/jdk.internal.misc.Unsafe.park(Native Method)
        at java.base@21.0.5/java.util.concurrent.locks.LockSupport.parkNanos(LockSupport.java:269)
        at java.base@21.0.5/java.util.concurrent.locks.AbstractQueuedSynchronizer$ConditionObject.awaitNanos(AbstractQueuedSynchronizer.java:1763)
        at java.base@21.0.5/java.util.concurrent.LinkedBlockingQueue.poll(LinkedBlockingQueue.java:460)
        at app//org.apache.hadoop.ipc.CallQueueManager.take(CallQueueManager.java:370)
        at app//org.apache.hadoop.ipc.Server$Handler.run(Server.java:3165)
"7c84fc52-fa7b-40d9-a19c-d4e4c83c5fa3-DatanodeReportManager-1" daemon prio=5 tid=606 in Object.wait()
java.lang.Thread.State: WAITING (on object monitor)
        at java.base@21.0.5/jdk.internal.misc.Unsafe.park(Native Method)
        at java.base@21.0.5/java.util.concurrent.locks.LockSupport.park(LockSupport.java:371)
        at java.base@21.0.5/java.util.concurrent.locks.AbstractQueuedSynchronizer$ConditionNode.block(AbstractQueuedSynchronizer.java:519)
        at java.base@21.0.5/java.util.concurrent.ForkJoinPool.unmanagedBlock(ForkJoinPool.java:3780)
        at java.base@21.0.5/java.util.concurrent.ForkJoinPool.managedBlock(ForkJoinPool.java:3725)
        at java.base@21.0.5/java.util.concurrent.locks.AbstractQueuedSynchronizer$ConditionObject.await(AbstractQueuedSynchronizer.java:1712)
        at java.base@21.0.5/java.util.concurrent.ScheduledThreadPoolExecutor$DelayedWorkQueue.take(ScheduledThreadPoolExecutor.java:1177)
        at java.base@21.0.5/java.util.concurrent.ScheduledThreadPoolExecutor$DelayedWorkQueue.take(ScheduledThreadPoolExecutor.java:899)
        at java.base@21.0.5/java.util.concurrent.ThreadPoolExecutor.getTask(ThreadPoolExecutor.java:1070)
        at java.base@21.0.5/java.util.concurrent.ThreadPoolExecutor.runWorker(ThreadPoolExecutor.java:1130)
        at java.base@21.0.5/java.util.concurrent.ThreadPoolExecutor$Worker.run(ThreadPoolExecutor.java:642)
        at java.base@21.0.5/java.lang.Thread.runWith(Thread.java:1596)
        at java.base@21.0.5/java.lang.Thread.run(Thread.java:1583)
"IPC Server handler 29 on default port 15002" daemon prio=5 tid=368 timed_waiting
java.lang.Thread.State: TIMED_WAITING
        at java.base@21.0.5/jdk.internal.misc.Unsafe.park(Native Method)
        at java.base@21.0.5/java.util.concurrent.locks.LockSupport.parkNanos(LockSupport.java:269)
        at java.base@21.0.5/java.util.concurrent.locks.AbstractQueuedSynchronizer$ConditionObject.awaitNanos(AbstractQueuedSynchronizer.java:1763)
        at java.base@21.0.5/java.util.concurrent.LinkedBlockingQueue.poll(LinkedBlockingQueue.java:460)
        at app//org.apache.hadoop.ipc.CallQueueManager.take(CallQueueManager.java:370)
        at app//org.apache.hadoop.ipc.Server$Handler.run(Server.java:3165)
"ContainerMetadataScanner" daemon prio=5 tid=1140 timed_waiting
java.lang.Thread.State: TIMED_WAITING
        at java.base@21.0.5/java.lang.Thread.sleep0(Native Method)
        at java.base@21.0.5/java.lang.Thread.sleep(Thread.java:509)
        at app//org.apache.hadoop.ozone.container.ozoneimpl.AbstractBackgroundContainerScanner.handleRemainingSleep(AbstractBackgroundContainerScanner.java:131)
        at app//org.apache.hadoop.ozone.container.ozoneimpl.AbstractBackgroundContainerScanner.runIteration(AbstractBackgroundContainerScanner.java:98)
        at app//org.apache.hadoop.ozone.container.ozoneimpl.AbstractBackgroundContainerScanner.run(AbstractBackgroundContainerScanner.java:57)
"IPC Server handler 79 on default port 15001" daemon prio=5 tid=300 timed_waiting
java.lang.Thread.State: TIMED_WAITING
        at java.base@21.0.5/jdk.internal.misc.Unsafe.park(Native Method)
        at java.base@21.0.5/java.util.concurrent.locks.LockSupport.parkNanos(LockSupport.java:269)
        at java.base@21.0.5/java.util.concurrent.locks.AbstractQueuedSynchronizer$ConditionObject.awaitNanos(AbstractQueuedSynchronizer.java:1763)
        at java.base@21.0.5/java.util.concurrent.LinkedBlockingQueue.poll(LinkedBlockingQueue.java:460)
        at app//org.apache.hadoop.ipc.CallQueueManager.take(CallQueueManager.java:370)
        at app//org.apache.hadoop.ipc.Server$Handler.run(Server.java:3165)
"qtp1997197808-804" daemon prio=5 tid=804 runnable
java.lang.Thread.State: RUNNABLE
        at java.base@21.0.5/sun.nio.ch.EPoll.wait(Native Method)
        at java.base@21.0.5/sun.nio.ch.EPollSelectorImpl.doSelect(EPollSelectorImpl.java:121)
        at java.base@21.0.5/sun.nio.ch.SelectorImpl.lockAndDoSelect(SelectorImpl.java:130)
        at java.base@21.0.5/sun.nio.ch.SelectorImpl.select(SelectorImpl.java:147)
        at app//org.eclipse.jetty.io.ManagedSelector.nioSelect(ManagedSelector.java:183)
        at app//org.eclipse.jetty.io.ManagedSelector.select(ManagedSelector.java:190)
        at app//org.eclipse.jetty.io.ManagedSelector$SelectorProducer.select(ManagedSelector.java:606)
        at app//org.eclipse.jetty.io.ManagedSelector$SelectorProducer.produce(ManagedSelector.java:543)
        at app//org.eclipse.jetty.util.thread.strategy.EatWhatYouKill.produceTask(EatWhatYouKill.java:362)
        at app//org.eclipse.jetty.util.thread.strategy.EatWhatYouKill.doProduce(EatWhatYouKill.java:186)
        at app//org.eclipse.jetty.util.thread.strategy.EatWhatYouKill.tryProduce(EatWhatYouKill.java:173)
        at app//org.eclipse.jetty.util.thread.strategy.EatWhatYouKill.produce(EatWhatYouKill.java:137)
        at app//org.eclipse.jetty.io.ManagedSelector$$Lambda/0x00007fcfe0662730.run(Unknown Source)
        at app//org.eclipse.jetty.util.thread.QueuedThreadPool.runJob(QueuedThreadPool.java:883)
        at app//org.eclipse.jetty.util.thread.QueuedThreadPool$Runner.run(QueuedThreadPool.java:1034)
        at java.base@21.0.5/java.lang.Thread.runWith(Thread.java:1596)
        at java.base@21.0.5/java.lang.Thread.run(Thread.java:1583)
"IPC Server handler 5 on default port 15030" daemon prio=5 tid=1928 timed_waiting
java.lang.Thread.State: TIMED_WAITING
        at java.base@21.0.5/jdk.internal.misc.Unsafe.park(Native Method)
        at java.base@21.0.5/java.util.concurrent.locks.LockSupport.parkNanos(LockSupport.java:269)
        at java.base@21.0.5/java.util.concurrent.locks.AbstractQueuedSynchronizer$ConditionObject.awaitNanos(AbstractQueuedSynchronizer.java:1763)
        at java.base@21.0.5/java.util.concurrent.LinkedBlockingQueue.poll(LinkedBlockingQueue.java:460)
        at app//org.apache.hadoop.ipc.CallQueueManager.take(CallQueueManager.java:370)
        at app//org.apache.hadoop.ipc.Server$Handler.run(Server.java:3165)
"IPC Server handler 20 on default port 15002" daemon prio=5 tid=359 timed_waiting
java.lang.Thread.State: TIMED_WAITING
        at java.base@21.0.5/jdk.internal.misc.Unsafe.park(Native Method)
        at java.base@21.0.5/java.util.concurrent.locks.LockSupport.parkNanos(LockSupport.java:269)
        at java.base@21.0.5/java.util.concurrent.locks.AbstractQueuedSynchronizer$ConditionObject.awaitNanos(AbstractQueuedSynchronizer.java:1763)
        at java.base@21.0.5/java.util.concurrent.LinkedBlockingQueue.poll(LinkedBlockingQueue.java:460)
        at app//org.apache.hadoop.ipc.CallQueueManager.take(CallQueueManager.java:370)
        at app//org.apache.hadoop.ipc.Server$Handler.run(Server.java:3165)
"fc60e07f-496f-42fe-ae82-620152583f87@group-13713B6C3E02-StateMachineUpdater" daemon prio=5 tid=1272 timed_waiting
java.lang.Thread.State: TIMED_WAITING
        at java.base@21.0.5/jdk.internal.misc.Unsafe.park(Native Method)
        at java.base@21.0.5/java.util.concurrent.locks.LockSupport.parkNanos(LockSupport.java:269)
        at java.base@21.0.5/java.util.concurrent.locks.AbstractQueuedSynchronizer$ConditionObject.await(AbstractQueuedSynchronizer.java:1852)
        at app//org.apache.ratis.util.AwaitForSignal.await(AwaitForSignal.java:65)
        at app//org.apache.ratis.server.impl.StateMachineUpdater.waitForCommit(StateMachineUpdater.java:219)
        at app//org.apache.ratis.server.impl.StateMachineUpdater.run(StateMachineUpdater.java:187)
        at java.base@21.0.5/java.lang.Thread.runWith(Thread.java:1596)
        at java.base@21.0.5/java.lang.Thread.run(Thread.java:1583)
"IPC Server handler 23 on default port 15000" daemon prio=5 tid=144 timed_waiting
java.lang.Thread.State: TIMED_WAITING
        at java.base@21.0.5/jdk.internal.misc.Unsafe.park(Native Method)
        at java.base@21.0.5/java.util.concurrent.locks.LockSupport.parkNanos(LockSupport.java:269)
        at java.base@21.0.5/java.util.concurrent.locks.AbstractQueuedSynchronizer$ConditionObject.awaitNanos(AbstractQueuedSynchronizer.java:1763)
        at java.base@21.0.5/java.util.concurrent.LinkedBlockingQueue.poll(LinkedBlockingQueue.java:460)
        at app//org.apache.hadoop.ipc.CallQueueManager.take(CallQueueManager.java:370)
        at app//org.apache.hadoop.ipc.Server$Handler.run(Server.java:3165)
"RatisPipelineUtilsThread-0"  prio=5 tid=54 timed_waiting
java.lang.Thread.State: TIMED_WAITING
        at java.base@21.0.5/java.lang.Object.wait0(Native Method)
        at java.base@21.0.5/java.lang.Object.wait(Object.java:366)
        at app//org.apache.hadoop.hdds.scm.pipeline.BackgroundPipelineCreator.run(BackgroundPipelineCreator.java:179)
        at app//org.apache.hadoop.hdds.scm.pipeline.BackgroundPipelineCreator$$Lambda/0x00007fcfe04ab340.run(Unknown Source)
        at java.base@21.0.5/java.lang.Thread.runWith(Thread.java:1596)
        at java.base@21.0.5/java.lang.Thread.run(Thread.java:1583)
"grpc-default-boss-ELG-4-1" daemon prio=5 tid=117 runnable
java.lang.Thread.State: RUNNABLE
        at app//org.apache.ratis.thirdparty.io.netty.channel.epoll.Native.epollWait(Native Method)
        at app//org.apache.ratis.thirdparty.io.netty.channel.epoll.Native.epollWait(Native.java:220)
        at app//org.apache.ratis.thirdparty.io.netty.channel.epoll.Native.epollWait(Native.java:213)
        at app//org.apache.ratis.thirdparty.io.netty.channel.epoll.EpollEventLoop.epollWaitNoTimerChange(EpollEventLoop.java:308)
        at app//org.apache.ratis.thirdparty.io.netty.channel.epoll.EpollEventLoop.run(EpollEventLoop.java:365)
        at app//org.apache.ratis.thirdparty.io.netty.util.concurrent.SingleThreadEventExecutor$4.run(SingleThreadEventExecutor.java:997)
        at app//org.apache.ratis.thirdparty.io.netty.util.internal.ThreadExecutorMap$2.run(ThreadExecutorMap.java:74)
        at app//org.apache.ratis.thirdparty.io.netty.util.concurrent.FastThreadLocalRunnable.run(FastThreadLocalRunnable.java:30)
        at java.base@21.0.5/java.lang.Thread.runWith(Thread.java:1596)
        at java.base@21.0.5/java.lang.Thread.run(Thread.java:1583)
"IPC Server handler 9 on default port 15093" daemon prio=5 tid=1029 timed_waiting
java.lang.Thread.State: TIMED_WAITING
        at java.base@21.0.5/jdk.internal.misc.Unsafe.park(Native Method)
        at java.base@21.0.5/java.util.concurrent.locks.LockSupport.parkNanos(LockSupport.java:269)
        at java.base@21.0.5/java.util.concurrent.locks.AbstractQueuedSynchronizer$ConditionObject.awaitNanos(AbstractQueuedSynchronizer.java:1763)
        at java.base@21.0.5/java.util.concurrent.LinkedBlockingQueue.poll(LinkedBlockingQueue.java:460)
        at app//org.apache.hadoop.ipc.CallQueueManager.take(CallQueueManager.java:370)
        at app//org.apache.hadoop.ipc.Server$Handler.run(Server.java:3165)
"NetworkTopologyPoller" daemon prio=5 tid=472 timed_waiting
java.lang.Thread.State: TIMED_WAITING
        at java.base@21.0.5/jdk.internal.misc.Unsafe.park(Native Method)
        at java.base@21.0.5/java.util.concurrent.locks.LockSupport.parkNanos(LockSupport.java:269)
        at java.base@21.0.5/java.util.concurrent.locks.AbstractQueuedSynchronizer$ConditionObject.awaitNanos(AbstractQueuedSynchronizer.java:1763)
        at java.base@21.0.5/java.util.concurrent.ScheduledThreadPoolExecutor$DelayedWorkQueue.take(ScheduledThreadPoolExecutor.java:1182)
        at java.base@21.0.5/java.util.concurrent.ScheduledThreadPoolExecutor$DelayedWorkQueue.take(ScheduledThreadPoolExecutor.java:899)
        at java.base@21.0.5/java.util.concurrent.ThreadPoolExecutor.getTask(ThreadPoolExecutor.java:1070)
        at java.base@21.0.5/java.util.concurrent.ThreadPoolExecutor.runWorker(ThreadPoolExecutor.java:1130)
        at java.base@21.0.5/java.util.concurrent.ThreadPoolExecutor$Worker.run(ThreadPoolExecutor.java:642)
        at java.base@21.0.5/java.lang.Thread.runWith(Thread.java:1596)
        at java.base@21.0.5/java.lang.Thread.run(Thread.java:1583)
"EventQueue-PipelineReportForPipelineReportHandler" daemon prio=5 tid=1112 in Object.wait()
java.lang.Thread.State: WAITING (on object monitor)
        at java.base@21.0.5/jdk.internal.misc.Unsafe.park(Native Method)
        at java.base@21.0.5/java.util.concurrent.locks.LockSupport.park(LockSupport.java:371)
        at java.base@21.0.5/java.util.concurrent.locks.AbstractQueuedSynchronizer$ConditionNode.block(AbstractQueuedSynchronizer.java:519)
        at java.base@21.0.5/java.util.concurrent.ForkJoinPool.unmanagedBlock(ForkJoinPool.java:3780)
        at java.base@21.0.5/java.util.concurrent.ForkJoinPool.managedBlock(ForkJoinPool.java:3725)
        at java.base@21.0.5/java.util.concurrent.locks.AbstractQueuedSynchronizer$ConditionObject.await(AbstractQueuedSynchronizer.java:1712)
        at java.base@21.0.5/java.util.concurrent.LinkedBlockingQueue.take(LinkedBlockingQueue.java:435)
        at java.base@21.0.5/java.util.concurrent.ThreadPoolExecutor.getTask(ThreadPoolExecutor.java:1070)
        at java.base@21.0.5/java.util.concurrent.ThreadPoolExecutor.runWorker(ThreadPoolExecutor.java:1130)
        at java.base@21.0.5/java.util.concurrent.ThreadPoolExecutor$Worker.run(ThreadPoolExecutor.java:642)
        at java.base@21.0.5/java.lang.Thread.runWith(Thread.java:1596)
        at java.base@21.0.5/java.lang.Thread.run(Thread.java:1583)
"d1093f6a-6992-456d-ac47-966fa1bbc12e-PeriodicHDDSVolumeChecker" daemon prio=5 tid=1943 timed_waiting
java.lang.Thread.State: TIMED_WAITING
        at java.base@21.0.5/jdk.internal.misc.Unsafe.park(Native Method)
        at java.base@21.0.5/java.util.concurrent.locks.LockSupport.parkNanos(LockSupport.java:269)
        at java.base@21.0.5/java.util.concurrent.locks.AbstractQueuedSynchronizer$ConditionObject.awaitNanos(AbstractQueuedSynchronizer.java:1763)
        at java.base@21.0.5/java.util.concurrent.ScheduledThreadPoolExecutor$DelayedWorkQueue.take(ScheduledThreadPoolExecutor.java:1182)
        at java.base@21.0.5/java.util.concurrent.ScheduledThreadPoolExecutor$DelayedWorkQueue.take(ScheduledThreadPoolExecutor.java:899)
        at java.base@21.0.5/java.util.concurrent.ThreadPoolExecutor.getTask(ThreadPoolExecutor.java:1070)
        at java.base@21.0.5/java.util.concurrent.ThreadPoolExecutor.runWorker(ThreadPoolExecutor.java:1130)
        at java.base@21.0.5/java.util.concurrent.ThreadPoolExecutor$Worker.run(ThreadPoolExecutor.java:642)
        at java.base@21.0.5/java.lang.Thread.runWith(Thread.java:1596)
        at java.base@21.0.5/java.lang.Thread.run(Thread.java:1583)
"d1093f6a-6992-456d-ac47-966fa1bbc12e-ChunkWriter-0-0" daemon prio=5 tid=1948 in Object.wait()
java.lang.Thread.State: WAITING (on object monitor)
        at java.base@21.0.5/jdk.internal.misc.Unsafe.park(Native Method)
        at java.base@21.0.5/java.util.concurrent.locks.LockSupport.park(LockSupport.java:371)
        at java.base@21.0.5/java.util.concurrent.locks.AbstractQueuedSynchronizer$ConditionNode.block(AbstractQueuedSynchronizer.java:519)
        at java.base@21.0.5/java.util.concurrent.ForkJoinPool.unmanagedBlock(ForkJoinPool.java:3780)
        at java.base@21.0.5/java.util.concurrent.ForkJoinPool.managedBlock(ForkJoinPool.java:3725)
        at java.base@21.0.5/java.util.concurrent.locks.AbstractQueuedSynchronizer$ConditionObject.await(AbstractQueuedSynchronizer.java:1712)
        at java.base@21.0.5/java.util.concurrent.LinkedBlockingDeque.takeFirst(LinkedBlockingDeque.java:485)
        at java.base@21.0.5/java.util.concurrent.LinkedBlockingDeque.take(LinkedBlockingDeque.java:673)
        at java.base@21.0.5/java.util.concurrent.ThreadPoolExecutor.getTask(ThreadPoolExecutor.java:1070)
        at java.base@21.0.5/java.util.concurrent.ThreadPoolExecutor.runWorker(ThreadPoolExecutor.java:1130)
        at java.base@21.0.5/java.util.concurrent.ThreadPoolExecutor$Worker.run(ThreadPoolExecutor.java:642)
        at java.base@21.0.5/java.lang.Thread.runWith(Thread.java:1596)
        at java.base@21.0.5/java.lang.Thread.run(Thread.java:1583)
"7c84fc52-fa7b-40d9-a19c-d4e4c83c5fa3@group-B8383FC2DAB2->91d0dafb-6cb7-42e5-b129-660fdc1902ba-GrpcLogAppender-LogAppenderDaemon" daemon prio=5 tid=2046 timed_waiting
java.lang.Thread.State: TIMED_WAITING
        at java.base@21.0.5/jdk.internal.misc.Unsafe.park(Native Method)
        at java.base@21.0.5/java.util.concurrent.locks.LockSupport.parkNanos(LockSupport.java:269)
        at java.base@21.0.5/java.util.concurrent.locks.AbstractQueuedSynchronizer$ConditionObject.await(AbstractQueuedSynchronizer.java:1852)
        at app//org.apache.ratis.util.AwaitForSignal.await(AwaitForSignal.java:65)
        at app//org.apache.ratis.grpc.server.GrpcLogAppender.mayWait(GrpcLogAppender.java:290)
        at app//org.apache.ratis.grpc.server.GrpcLogAppender.run(GrpcLogAppender.java:258)
        at app//org.apache.ratis.server.leader.LogAppenderDaemon.run(LogAppenderDaemon.java:80)
        at app//org.apache.ratis.server.leader.LogAppenderDaemon$$Lambda/0x00007fcfe093e000.run(Unknown Source)
        at java.base@21.0.5/java.lang.Thread.runWith(Thread.java:1596)
        at java.base@21.0.5/java.lang.Thread.run(Thread.java:1583)
"Socket Reader #8 for port 15001"  prio=5 tid=83 runnable
java.lang.Thread.State: RUNNABLE
        at java.base@21.0.5/sun.nio.ch.EPoll.wait(Native Method)
        at java.base@21.0.5/sun.nio.ch.EPollSelectorImpl.doSelect(EPollSelectorImpl.java:121)
        at java.base@21.0.5/sun.nio.ch.SelectorImpl.lockAndDoSelect(SelectorImpl.java:130)
        at java.base@21.0.5/sun.nio.ch.SelectorImpl.select(SelectorImpl.java:147)
        at app//org.apache.hadoop.ipc.Server$Listener$Reader.doRunLoop(Server.java:1497)
        at app//org.apache.hadoop.ipc.Server$Listener$Reader.run(Server.java:1476)
"IPC Server handler 98 on default port 15002" daemon prio=5 tid=437 timed_waiting
java.lang.Thread.State: TIMED_WAITING
        at java.base@21.0.5/jdk.internal.misc.Unsafe.park(Native Method)
        at java.base@21.0.5/java.util.concurrent.locks.LockSupport.parkNanos(LockSupport.java:269)
        at java.base@21.0.5/java.util.concurrent.locks.AbstractQueuedSynchronizer$ConditionObject.awaitNanos(AbstractQueuedSynchronizer.java:1763)
        at java.base@21.0.5/java.util.concurrent.LinkedBlockingQueue.poll(LinkedBlockingQueue.java:460)
        at app//org.apache.hadoop.ipc.CallQueueManager.take(CallQueueManager.java:370)
        at app//org.apache.hadoop.ipc.Server$Handler.run(Server.java:3165)
"IPC Server handler 2 on default port 15057" daemon prio=5 tid=782 timed_waiting
java.lang.Thread.State: TIMED_WAITING
        at java.base@21.0.5/jdk.internal.misc.Unsafe.park(Native Method)
        at java.base@21.0.5/java.util.concurrent.locks.LockSupport.parkNanos(LockSupport.java:269)
        at java.base@21.0.5/java.util.concurrent.locks.AbstractQueuedSynchronizer$ConditionObject.awaitNanos(AbstractQueuedSynchronizer.java:1763)
        at java.base@21.0.5/java.util.concurrent.LinkedBlockingQueue.poll(LinkedBlockingQueue.java:460)
        at app//org.apache.hadoop.ipc.CallQueueManager.take(CallQueueManager.java:370)
        at app//org.apache.hadoop.ipc.Server$Handler.run(Server.java:3165)
"MutableQuantiles-0" daemon prio=5 tid=519 timed_waiting
java.lang.Thread.State: TIMED_WAITING
        at java.base@21.0.5/jdk.internal.misc.Unsafe.park(Native Method)
        at java.base@21.0.5/java.util.concurrent.locks.LockSupport.parkNanos(LockSupport.java:269)
        at java.base@21.0.5/java.util.concurrent.locks.AbstractQueuedSynchronizer$ConditionObject.awaitNanos(AbstractQueuedSynchronizer.java:1763)
        at java.base@21.0.5/java.util.concurrent.ScheduledThreadPoolExecutor$DelayedWorkQueue.take(ScheduledThreadPoolExecutor.java:1182)
        at java.base@21.0.5/java.util.concurrent.ScheduledThreadPoolExecutor$DelayedWorkQueue.take(ScheduledThreadPoolExecutor.java:899)
        at java.base@21.0.5/java.util.concurrent.ThreadPoolExecutor.getTask(ThreadPoolExecutor.java:1070)
        at java.base@21.0.5/java.util.concurrent.ThreadPoolExecutor.runWorker(ThreadPoolExecutor.java:1130)
        at java.base@21.0.5/java.util.concurrent.ThreadPoolExecutor$Worker.run(ThreadPoolExecutor.java:642)
        at java.base@21.0.5/java.lang.Thread.runWith(Thread.java:1596)
        at java.base@21.0.5/java.lang.Thread.run(Thread.java:1583)
"IPC Server handler 3 on default port 15012" daemon prio=5 tid=551 timed_waiting
java.lang.Thread.State: TIMED_WAITING
        at java.base@21.0.5/jdk.internal.misc.Unsafe.park(Native Method)
        at java.base@21.0.5/java.util.concurrent.locks.LockSupport.parkNanos(LockSupport.java:269)
        at java.base@21.0.5/java.util.concurrent.locks.AbstractQueuedSynchronizer$ConditionObject.awaitNanos(AbstractQueuedSynchronizer.java:1763)
        at java.base@21.0.5/java.util.concurrent.LinkedBlockingQueue.poll(LinkedBlockingQueue.java:460)
        at app//org.apache.hadoop.ipc.CallQueueManager.take(CallQueueManager.java:370)
        at app//org.apache.hadoop.ipc.Server$Handler.run(Server.java:3165)
"fc60e07f-496f-42fe-ae82-620152583f87-ContainerOp-4474378b-bdfd-48f7-8c6c-13713b6c3e02-0"  prio=5 tid=1839 in Object.wait()
java.lang.Thread.State: WAITING (on object monitor)
        at java.base@21.0.5/jdk.internal.misc.Unsafe.park(Native Method)
        at java.base@21.0.5/java.util.concurrent.locks.LockSupport.park(LockSupport.java:371)
        at java.base@21.0.5/java.util.concurrent.locks.AbstractQueuedSynchronizer$ConditionNode.block(AbstractQueuedSynchronizer.java:519)
        at java.base@21.0.5/java.util.concurrent.ForkJoinPool.unmanagedBlock(ForkJoinPool.java:3780)
        at java.base@21.0.5/java.util.concurrent.ForkJoinPool.managedBlock(ForkJoinPool.java:3725)
        at java.base@21.0.5/java.util.concurrent.locks.AbstractQueuedSynchronizer$ConditionObject.await(AbstractQueuedSynchronizer.java:1712)
        at java.base@21.0.5/java.util.concurrent.LinkedBlockingQueue.take(LinkedBlockingQueue.java:435)
        at java.base@21.0.5/java.util.concurrent.ThreadPoolExecutor.getTask(ThreadPoolExecutor.java:1070)
        at java.base@21.0.5/java.util.concurrent.ThreadPoolExecutor.runWorker(ThreadPoolExecutor.java:1130)
        at java.base@21.0.5/java.util.concurrent.ThreadPoolExecutor$Worker.run(ThreadPoolExecutor.java:642)
        at java.base@21.0.5/java.lang.Thread.runWith(Thread.java:1596)
        at java.base@21.0.5/java.lang.Thread.run(Thread.java:1583)
"IPC Server handler 7 on default port 15021" daemon prio=5 tid=601 timed_waiting
java.lang.Thread.State: TIMED_WAITING
        at java.base@21.0.5/jdk.internal.misc.Unsafe.park(Native Method)
        at java.base@21.0.5/java.util.concurrent.locks.LockSupport.parkNanos(LockSupport.java:269)
        at java.base@21.0.5/java.util.concurrent.locks.AbstractQueuedSynchronizer$ConditionObject.awaitNanos(AbstractQueuedSynchronizer.java:1763)
        at java.base@21.0.5/java.util.concurrent.LinkedBlockingQueue.poll(LinkedBlockingQueue.java:460)
        at app//org.apache.hadoop.ipc.CallQueueManager.take(CallQueueManager.java:370)
        at app//org.apache.hadoop.ipc.Server$Handler.run(Server.java:3165)
"9c1aee78-f037-4e17-b985-0daab5eaf154-PipelineCommandHandlerThread-0"  prio=5 tid=1285 in Object.wait()
java.lang.Thread.State: WAITING (on object monitor)
        at java.base@21.0.5/jdk.internal.misc.Unsafe.park(Native Method)
        at java.base@21.0.5/java.util.concurrent.locks.LockSupport.park(LockSupport.java:371)
        at java.base@21.0.5/java.util.concurrent.locks.AbstractQueuedSynchronizer$ConditionNode.block(AbstractQueuedSynchronizer.java:519)
        at java.base@21.0.5/java.util.concurrent.ForkJoinPool.unmanagedBlock(ForkJoinPool.java:3780)
        at java.base@21.0.5/java.util.concurrent.ForkJoinPool.managedBlock(ForkJoinPool.java:3725)
        at java.base@21.0.5/java.util.concurrent.locks.AbstractQueuedSynchronizer$ConditionObject.await(AbstractQueuedSynchronizer.java:1712)
        at java.base@21.0.5/java.util.concurrent.LinkedBlockingQueue.take(LinkedBlockingQueue.java:435)
        at java.base@21.0.5/java.util.concurrent.ThreadPoolExecutor.getTask(ThreadPoolExecutor.java:1070)
        at java.base@21.0.5/java.util.concurrent.ThreadPoolExecutor.runWorker(ThreadPoolExecutor.java:1130)
        at java.base@21.0.5/java.util.concurrent.ThreadPoolExecutor$Worker.run(ThreadPoolExecutor.java:642)
        at java.base@21.0.5/java.lang.Thread.runWith(Thread.java:1596)
        at java.base@21.0.5/java.lang.Thread.run(Thread.java:1583)
"Socket Reader #2 for port 15048"  prio=5 tid=722 runnable
java.lang.Thread.State: RUNNABLE
        at java.base@21.0.5/sun.nio.ch.EPoll.wait(Native Method)
        at java.base@21.0.5/sun.nio.ch.EPollSelectorImpl.doSelect(EPollSelectorImpl.java:121)
        at java.base@21.0.5/sun.nio.ch.SelectorImpl.lockAndDoSelect(SelectorImpl.java:130)
        at java.base@21.0.5/sun.nio.ch.SelectorImpl.select(SelectorImpl.java:147)
        at app//org.apache.hadoop.ipc.Server$Listener$Reader.doRunLoop(Server.java:1497)
        at app//org.apache.hadoop.ipc.Server$Listener$Reader.run(Server.java:1476)
"d1093f6a-6992-456d-ac47-966fa1bbc12e-EndpointStateMachineTaskThread-/0.0.0.0:15002-0 "  prio=5 tid=1941 in Object.wait()
java.lang.Thread.State: WAITING (on object monitor)
        at java.base@21.0.5/jdk.internal.misc.Unsafe.park(Native Method)
        at java.base@21.0.5/java.util.concurrent.locks.LockSupport.park(LockSupport.java:371)
        at java.base@21.0.5/java.util.concurrent.locks.AbstractQueuedSynchronizer$ConditionNode.block(AbstractQueuedSynchronizer.java:519)
        at java.base@21.0.5/java.util.concurrent.ForkJoinPool.unmanagedBlock(ForkJoinPool.java:3780)
        at java.base@21.0.5/java.util.concurrent.ForkJoinPool.managedBlock(ForkJoinPool.java:3725)
        at java.base@21.0.5/java.util.concurrent.locks.AbstractQueuedSynchronizer$ConditionObject.await(AbstractQueuedSynchronizer.java:1712)
        at java.base@21.0.5/java.util.concurrent.LinkedBlockingQueue.take(LinkedBlockingQueue.java:435)
        at java.base@21.0.5/java.util.concurrent.ThreadPoolExecutor.getTask(ThreadPoolExecutor.java:1070)
        at java.base@21.0.5/java.util.concurrent.ThreadPoolExecutor.runWorker(ThreadPoolExecutor.java:1130)
        at java.base@21.0.5/java.util.concurrent.ThreadPoolExecutor$Worker.run(ThreadPoolExecutor.java:642)
        at java.base@21.0.5/java.lang.Thread.runWith(Thread.java:1596)
        at java.base@21.0.5/java.lang.Thread.run(Thread.java:1583)
"pool-243-thread-1" daemon prio=5 tid=1121 timed_waiting
java.lang.Thread.State: TIMED_WAITING
        at java.base@21.0.5/jdk.internal.misc.Unsafe.park(Native Method)
        at java.base@21.0.5/java.util.concurrent.locks.LockSupport.parkNanos(LockSupport.java:269)
        at java.base@21.0.5/java.util.concurrent.locks.AbstractQueuedSynchronizer$ConditionObject.awaitNanos(AbstractQueuedSynchronizer.java:1763)
        at java.base@21.0.5/java.util.concurrent.ScheduledThreadPoolExecutor$DelayedWorkQueue.take(ScheduledThreadPoolExecutor.java:1182)
        at java.base@21.0.5/java.util.concurrent.ScheduledThreadPoolExecutor$DelayedWorkQueue.take(ScheduledThreadPoolExecutor.java:899)
        at java.base@21.0.5/java.util.concurrent.ThreadPoolExecutor.getTask(ThreadPoolExecutor.java:1070)
        at java.base@21.0.5/java.util.concurrent.ThreadPoolExecutor.runWorker(ThreadPoolExecutor.java:1130)
        at java.base@21.0.5/java.util.concurrent.ThreadPoolExecutor$Worker.run(ThreadPoolExecutor.java:642)
        at java.base@21.0.5/java.lang.Thread.runWith(Thread.java:1596)
        at java.base@21.0.5/java.lang.Thread.run(Thread.java:1583)
"69390d8a-021c-44b7-9fe5-c9855a0c5aa1@group-9167B95FD813-SegmentedRaftLogWorker" daemon prio=5 tid=1305 timed_waiting
java.lang.Thread.State: TIMED_WAITING
        at java.base@21.0.5/jdk.internal.misc.Unsafe.park(Native Method)
        at java.base@21.0.5/java.util.concurrent.locks.LockSupport.parkNanos(LockSupport.java:269)
        at java.base@21.0.5/java.util.concurrent.locks.AbstractQueuedSynchronizer$ConditionObject.awaitNanos(AbstractQueuedSynchronizer.java:1763)
        at app//org.apache.ratis.util.DataBlockingQueue.poll(DataBlockingQueue.java:148)
        at app//org.apache.ratis.server.raftlog.segmented.SegmentedRaftLogWorker.run(SegmentedRaftLogWorker.java:307)
        at app//org.apache.ratis.server.raftlog.segmented.SegmentedRaftLogWorker$$Lambda/0x00007fcfe03376d0.run(Unknown Source)
        at java.base@21.0.5/java.util.concurrent.Executors$RunnableAdapter.call(Executors.java:572)
        at java.base@21.0.5/java.util.concurrent.FutureTask.run(FutureTask.java:317)
        at java.base@21.0.5/java.util.concurrent.ThreadPoolExecutor.runWorker(ThreadPoolExecutor.java:1144)
        at java.base@21.0.5/java.util.concurrent.ThreadPoolExecutor$Worker.run(ThreadPoolExecutor.java:642)
        at java.base@21.0.5/java.lang.Thread.runWith(Thread.java:1596)
        at java.base@21.0.5/java.lang.Thread.run(Thread.java:1583)
"EventQueue-HealthyReadonlyToHealthyNodeForReadOnlyHealthyToHealthyNodeHandler" daemon prio=5 tid=1959 in Object.wait()
java.lang.Thread.State: WAITING (on object monitor)
        at java.base@21.0.5/jdk.internal.misc.Unsafe.park(Native Method)
        at java.base@21.0.5/java.util.concurrent.locks.LockSupport.park(LockSupport.java:371)
        at java.base@21.0.5/java.util.concurrent.locks.AbstractQueuedSynchronizer$ConditionNode.block(AbstractQueuedSynchronizer.java:519)
        at java.base@21.0.5/java.util.concurrent.ForkJoinPool.unmanagedBlock(ForkJoinPool.java:3780)
        at java.base@21.0.5/java.util.concurrent.ForkJoinPool.managedBlock(ForkJoinPool.java:3725)
        at java.base@21.0.5/java.util.concurrent.locks.AbstractQueuedSynchronizer$ConditionObject.await(AbstractQueuedSynchronizer.java:1712)
        at java.base@21.0.5/java.util.concurrent.LinkedBlockingQueue.take(LinkedBlockingQueue.java:435)
        at java.base@21.0.5/java.util.concurrent.ThreadPoolExecutor.getTask(ThreadPoolExecutor.java:1070)
        at java.base@21.0.5/java.util.concurrent.ThreadPoolExecutor.runWorker(ThreadPoolExecutor.java:1130)
        at java.base@21.0.5/java.util.concurrent.ThreadPoolExecutor$Worker.run(ThreadPoolExecutor.java:642)
        at java.base@21.0.5/java.lang.Thread.runWith(Thread.java:1596)
        at java.base@21.0.5/java.lang.Thread.run(Thread.java:1583)
"IPC Server handler 27 on default port 15000" daemon prio=5 tid=148 timed_waiting
java.lang.Thread.State: TIMED_WAITING
        at java.base@21.0.5/jdk.internal.misc.Unsafe.park(Native Method)
        at java.base@21.0.5/java.util.concurrent.locks.LockSupport.parkNanos(LockSupport.java:269)
        at java.base@21.0.5/java.util.concurrent.locks.AbstractQueuedSynchronizer$ConditionObject.awaitNanos(AbstractQueuedSynchronizer.java:1763)
        at java.base@21.0.5/java.util.concurrent.LinkedBlockingQueue.poll(LinkedBlockingQueue.java:460)
        at app//org.apache.hadoop.ipc.CallQueueManager.take(CallQueueManager.java:370)
        at app//org.apache.hadoop.ipc.Server$Handler.run(Server.java:3165)
"JvmPauseMonitor10" daemon prio=5 tid=1128 timed_waiting
java.lang.Thread.State: TIMED_WAITING
        at java.base@21.0.5/java.lang.Thread.sleep0(Native Method)
        at java.base@21.0.5/java.lang.Thread.sleep(Thread.java:558)
        at java.base@21.0.5/java.util.concurrent.TimeUnit.sleep(TimeUnit.java:446)
        at app//org.apache.ratis.util.TimeDuration.sleep(TimeDuration.java:353)
        at app//org.apache.ratis.util.TimeDuration.sleep(TimeDuration.java:338)
        at app//org.apache.ratis.util.JvmPauseMonitor.detectPause(JvmPauseMonitor.java:160)
        at app//org.apache.ratis.util.JvmPauseMonitor.run(JvmPauseMonitor.java:149)
        at app//org.apache.ratis.util.JvmPauseMonitor$$Lambda/0x00007fcfe0390000.run(Unknown Source)
        at java.base@21.0.5/java.lang.Thread.runWith(Thread.java:1596)
        at java.base@21.0.5/java.lang.Thread.run(Thread.java:1583)
"qtp1811005420-984" daemon prio=5 tid=984 timed_waiting
java.lang.Thread.State: TIMED_WAITING
        at java.base@21.0.5/jdk.internal.misc.Unsafe.park(Native Method)
        at java.base@21.0.5/java.util.concurrent.locks.LockSupport.parkNanos(LockSupport.java:269)
        at java.base@21.0.5/java.util.concurrent.locks.AbstractQueuedSynchronizer$ConditionObject.awaitNanos(AbstractQueuedSynchronizer.java:1763)
        at app//org.eclipse.jetty.util.BlockingArrayQueue.poll(BlockingArrayQueue.java:382)
        at app//org.eclipse.jetty.util.thread.QueuedThreadPool$Runner.idleJobPoll(QueuedThreadPool.java:974)
        at app//org.eclipse.jetty.util.thread.QueuedThreadPool$Runner.run(QueuedThreadPool.java:1018)
        at java.base@21.0.5/java.lang.Thread.runWith(Thread.java:1596)
        at java.base@21.0.5/java.lang.Thread.run(Thread.java:1583)
"Socket Reader #2 for port 15030"  prio=5 tid=1911 runnable
java.lang.Thread.State: RUNNABLE
        at java.base@21.0.5/sun.nio.ch.EPoll.wait(Native Method)
        at java.base@21.0.5/sun.nio.ch.EPollSelectorImpl.doSelect(EPollSelectorImpl.java:121)
        at java.base@21.0.5/sun.nio.ch.SelectorImpl.lockAndDoSelect(SelectorImpl.java:130)
        at java.base@21.0.5/sun.nio.ch.SelectorImpl.select(SelectorImpl.java:147)
        at app//org.apache.hadoop.ipc.Server$Listener$Reader.doRunLoop(Server.java:1497)
        at app//org.apache.hadoop.ipc.Server$Listener$Reader.run(Server.java:1476)
"IPC Server handler 90 on default port 15000" daemon prio=5 tid=211 timed_waiting
java.lang.Thread.State: TIMED_WAITING
        at java.base@21.0.5/jdk.internal.misc.Unsafe.park(Native Method)
        at java.base@21.0.5/java.util.concurrent.locks.LockSupport.parkNanos(LockSupport.java:269)
        at java.base@21.0.5/java.util.concurrent.locks.AbstractQueuedSynchronizer$ConditionObject.awaitNanos(AbstractQueuedSynchronizer.java:1763)
        at java.base@21.0.5/java.util.concurrent.LinkedBlockingQueue.poll(LinkedBlockingQueue.java:460)
        at app//org.apache.hadoop.ipc.CallQueueManager.take(CallQueueManager.java:370)
        at app//org.apache.hadoop.ipc.Server$Handler.run(Server.java:3165)
"IPC Server handler 5 on default port 15057" daemon prio=5 tid=785 timed_waiting
java.lang.Thread.State: TIMED_WAITING
        at java.base@21.0.5/jdk.internal.misc.Unsafe.park(Native Method)
        at java.base@21.0.5/java.util.concurrent.locks.LockSupport.parkNanos(LockSupport.java:269)
        at java.base@21.0.5/java.util.concurrent.locks.AbstractQueuedSynchronizer$ConditionObject.awaitNanos(AbstractQueuedSynchronizer.java:1763)
        at java.base@21.0.5/java.util.concurrent.LinkedBlockingQueue.poll(LinkedBlockingQueue.java:460)
        at app//org.apache.hadoop.ipc.CallQueueManager.take(CallQueueManager.java:370)
        at app//org.apache.hadoop.ipc.Server$Handler.run(Server.java:3165)
"fc60e07f-496f-42fe-ae82-620152583f87-ChunkReader-2" daemon prio=5 tid=1572 in Object.wait()
java.lang.Thread.State: WAITING (on object monitor)
        at java.base@21.0.5/jdk.internal.misc.Unsafe.park(Native Method)
        at java.base@21.0.5/java.util.concurrent.locks.LockSupport.park(LockSupport.java:371)
        at java.base@21.0.5/java.util.concurrent.locks.AbstractQueuedSynchronizer$ConditionNode.block(AbstractQueuedSynchronizer.java:519)
        at java.base@21.0.5/java.util.concurrent.ForkJoinPool.unmanagedBlock(ForkJoinPool.java:3780)
        at java.base@21.0.5/java.util.concurrent.ForkJoinPool.managedBlock(ForkJoinPool.java:3725)
        at java.base@21.0.5/java.util.concurrent.locks.AbstractQueuedSynchronizer$ConditionObject.await(AbstractQueuedSynchronizer.java:1712)
        at java.base@21.0.5/java.util.concurrent.LinkedBlockingQueue.take(LinkedBlockingQueue.java:435)
        at java.base@21.0.5/java.util.concurrent.ThreadPoolExecutor.getTask(ThreadPoolExecutor.java:1070)
        at java.base@21.0.5/java.util.concurrent.ThreadPoolExecutor.runWorker(ThreadPoolExecutor.java:1130)
        at java.base@21.0.5/java.util.concurrent.ThreadPoolExecutor$Worker.run(ThreadPoolExecutor.java:642)
        at java.base@21.0.5/java.lang.Thread.runWith(Thread.java:1596)
        at java.base@21.0.5/java.lang.Thread.run(Thread.java:1583)
"IPC Server handler 79 on default port 15000" daemon prio=5 tid=200 timed_waiting
java.lang.Thread.State: TIMED_WAITING
        at java.base@21.0.5/jdk.internal.misc.Unsafe.park(Native Method)
        at java.base@21.0.5/java.util.concurrent.locks.LockSupport.parkNanos(LockSupport.java:269)
        at java.base@21.0.5/java.util.concurrent.locks.AbstractQueuedSynchronizer$ConditionObject.awaitNanos(AbstractQueuedSynchronizer.java:1763)
        at java.base@21.0.5/java.util.concurrent.LinkedBlockingQueue.poll(LinkedBlockingQueue.java:460)
        at app//org.apache.hadoop.ipc.CallQueueManager.take(CallQueueManager.java:370)
        at app//org.apache.hadoop.ipc.Server$Handler.run(Server.java:3165)
"ContainerDataScanner(/home/runner/work/ozone/ozone/hadoop-ozone/integration-test/target/test-dir/MiniOzoneClusterImpl-7d8e89df-ef81-4ba3-8c0c-8d2bb8f5309d/ozone-meta/datanode-5/data-0/hdds)" daemon prio=5 tid=1062 timed_waiting
java.lang.Thread.State: TIMED_WAITING
        at java.base@21.0.5/java.lang.Thread.sleep0(Native Method)
        at java.base@21.0.5/java.lang.Thread.sleep(Thread.java:509)
        at app//org.apache.hadoop.ozone.container.ozoneimpl.AbstractBackgroundContainerScanner.handleRemainingSleep(AbstractBackgroundContainerScanner.java:131)
        at app//org.apache.hadoop.ozone.container.ozoneimpl.AbstractBackgroundContainerScanner.runIteration(AbstractBackgroundContainerScanner.java:98)
        at app//org.apache.hadoop.ozone.container.ozoneimpl.AbstractBackgroundContainerScanner.run(AbstractBackgroundContainerScanner.java:57)
"69390d8a-021c-44b7-9fe5-c9855a0c5aa1-ChunkWriter-0-0" daemon prio=5 tid=1124 in Object.wait()
java.lang.Thread.State: WAITING (on object monitor)
        at java.base@21.0.5/jdk.internal.misc.Unsafe.park(Native Method)
        at java.base@21.0.5/java.util.concurrent.locks.LockSupport.park(LockSupport.java:371)
        at java.base@21.0.5/java.util.concurrent.locks.AbstractQueuedSynchronizer$ConditionNode.block(AbstractQueuedSynchronizer.java:519)
        at java.base@21.0.5/java.util.concurrent.ForkJoinPool.unmanagedBlock(ForkJoinPool.java:3780)
        at java.base@21.0.5/java.util.concurrent.ForkJoinPool.managedBlock(ForkJoinPool.java:3725)
        at java.base@21.0.5/java.util.concurrent.locks.AbstractQueuedSynchronizer$ConditionObject.await(AbstractQueuedSynchronizer.java:1712)
        at java.base@21.0.5/java.util.concurrent.LinkedBlockingDeque.takeFirst(LinkedBlockingDeque.java:485)
        at java.base@21.0.5/java.util.concurrent.LinkedBlockingDeque.take(LinkedBlockingDeque.java:673)
        at java.base@21.0.5/java.util.concurrent.ThreadPoolExecutor.getTask(ThreadPoolExecutor.java:1070)
        at java.base@21.0.5/java.util.concurrent.ThreadPoolExecutor.runWorker(ThreadPoolExecutor.java:1130)
        at java.base@21.0.5/java.util.concurrent.ThreadPoolExecutor$Worker.run(ThreadPoolExecutor.java:642)
        at java.base@21.0.5/java.lang.Thread.runWith(Thread.java:1596)
        at java.base@21.0.5/java.lang.Thread.run(Thread.java:1583)
"IPC Server idle connection scanner for port 15039" daemon prio=5 tid=2163 timed_waiting
java.lang.Thread.State: TIMED_WAITING
        at java.base@21.0.5/java.lang.Object.wait0(Native Method)
        at java.base@21.0.5/java.lang.Object.wait(Object.java:366)
        at java.base@21.0.5/java.util.TimerThread.mainLoop(Timer.java:563)
        at java.base@21.0.5/java.util.TimerThread.run(Timer.java:516)
"LeakDetector-ManagedRocksObject0" daemon prio=5 tid=44 in Object.wait()
java.lang.Thread.State: WAITING (on object monitor)
        at java.base@21.0.5/jdk.internal.misc.Unsafe.park(Native Method)
        at java.base@21.0.5/java.util.concurrent.locks.LockSupport.park(LockSupport.java:371)
        at java.base@21.0.5/java.util.concurrent.locks.AbstractQueuedSynchronizer$ConditionNode.block(AbstractQueuedSynchronizer.java:519)
        at java.base@21.0.5/java.util.concurrent.ForkJoinPool.unmanagedBlock(ForkJoinPool.java:3780)
        at java.base@21.0.5/java.util.concurrent.ForkJoinPool.managedBlock(ForkJoinPool.java:3725)
        at java.base@21.0.5/java.util.concurrent.locks.AbstractQueuedSynchronizer$ConditionObject.await(AbstractQueuedSynchronizer.java:1712)
        at java.base@21.0.5/java.lang.ref.ReferenceQueue.await(ReferenceQueue.java:67)
        at java.base@21.0.5/java.lang.ref.ReferenceQueue.remove0(ReferenceQueue.java:158)
        at java.base@21.0.5/java.lang.ref.ReferenceQueue.remove(ReferenceQueue.java:234)
        at app//org.apache.hadoop.hdds.utils.LeakDetector.run(LeakDetector.java:81)
        at app//org.apache.hadoop.hdds.utils.LeakDetector$$Lambda/0x00007fcfe041be50.run(Unknown Source)
        at java.base@21.0.5/java.lang.Thread.runWith(Thread.java:1596)
        at java.base@21.0.5/java.lang.Thread.run(Thread.java:1583)
"69390d8a-021c-44b7-9fe5-c9855a0c5aa1-DatanodeReportManager-3" daemon prio=5 tid=906 in Object.wait()
java.lang.Thread.State: WAITING (on object monitor)
        at java.base@21.0.5/jdk.internal.misc.Unsafe.park(Native Method)
        at java.base@21.0.5/java.util.concurrent.locks.LockSupport.park(LockSupport.java:371)
        at java.base@21.0.5/java.util.concurrent.locks.AbstractQueuedSynchronizer$ConditionNode.block(AbstractQueuedSynchronizer.java:519)
        at java.base@21.0.5/java.util.concurrent.ForkJoinPool.unmanagedBlock(ForkJoinPool.java:3780)
        at java.base@21.0.5/java.util.concurrent.ForkJoinPool.managedBlock(ForkJoinPool.java:3725)
        at java.base@21.0.5/java.util.concurrent.locks.AbstractQueuedSynchronizer$ConditionObject.await(AbstractQueuedSynchronizer.java:1712)
        at java.base@21.0.5/java.util.concurrent.ScheduledThreadPoolExecutor$DelayedWorkQueue.take(ScheduledThreadPoolExecutor.java:1177)
        at java.base@21.0.5/java.util.concurrent.ScheduledThreadPoolExecutor$DelayedWorkQueue.take(ScheduledThreadPoolExecutor.java:899)
        at java.base@21.0.5/java.util.concurrent.ThreadPoolExecutor.getTask(ThreadPoolExecutor.java:1070)
        at java.base@21.0.5/java.util.concurrent.ThreadPoolExecutor.runWorker(ThreadPoolExecutor.java:1130)
        at java.base@21.0.5/java.util.concurrent.ThreadPoolExecutor$Worker.run(ThreadPoolExecutor.java:642)
        at java.base@21.0.5/java.lang.Thread.runWith(Thread.java:1596)
        at java.base@21.0.5/java.lang.Thread.run(Thread.java:1583)
"fc60e07f-496f-42fe-ae82-620152583f87@group-A7184706D343-StateMachineUpdater" daemon prio=5 tid=1245 timed_waiting
java.lang.Thread.State: TIMED_WAITING
        at java.base@21.0.5/jdk.internal.misc.Unsafe.park(Native Method)
        at java.base@21.0.5/java.util.concurrent.locks.LockSupport.parkNanos(LockSupport.java:269)
        at java.base@21.0.5/java.util.concurrent.locks.AbstractQueuedSynchronizer$ConditionObject.await(AbstractQueuedSynchronizer.java:1852)
        at app//org.apache.ratis.util.AwaitForSignal.await(AwaitForSignal.java:65)
        at app//org.apache.ratis.server.impl.StateMachineUpdater.waitForCommit(StateMachineUpdater.java:219)
        at app//org.apache.ratis.server.impl.StateMachineUpdater.run(StateMachineUpdater.java:187)
        at java.base@21.0.5/java.lang.Thread.runWith(Thread.java:1596)
        at java.base@21.0.5/java.lang.Thread.run(Thread.java:1583)
"EventQueue-NodeReportForNodeReportHandler" daemon prio=5 tid=1820 in Object.wait()
java.lang.Thread.State: WAITING (on object monitor)
        at java.base@21.0.5/jdk.internal.misc.Unsafe.park(Native Method)
        at java.base@21.0.5/java.util.concurrent.locks.LockSupport.park(LockSupport.java:371)
        at java.base@21.0.5/java.util.concurrent.locks.AbstractQueuedSynchronizer$ConditionNode.block(AbstractQueuedSynchronizer.java:519)
        at java.base@21.0.5/java.util.concurrent.ForkJoinPool.unmanagedBlock(ForkJoinPool.java:3780)
        at java.base@21.0.5/java.util.concurrent.ForkJoinPool.managedBlock(ForkJoinPool.java:3725)
        at java.base@21.0.5/java.util.concurrent.locks.AbstractQueuedSynchronizer$ConditionObject.await(AbstractQueuedSynchronizer.java:1712)
        at java.base@21.0.5/java.util.concurrent.LinkedBlockingQueue.take(LinkedBlockingQueue.java:435)
        at java.base@21.0.5/java.util.concurrent.ThreadPoolExecutor.getTask(ThreadPoolExecutor.java:1070)
        at java.base@21.0.5/java.util.concurrent.ThreadPoolExecutor.runWorker(ThreadPoolExecutor.java:1130)
        at java.base@21.0.5/java.util.concurrent.ThreadPoolExecutor$Worker.run(ThreadPoolExecutor.java:642)
        at java.base@21.0.5/java.lang.Thread.runWith(Thread.java:1596)
        at java.base@21.0.5/java.lang.Thread.run(Thread.java:1583)
"StaleRecoveringContainerScrubbingService#3" daemon prio=5 tid=2134 in Object.wait()
java.lang.Thread.State: WAITING (on object monitor)
        at java.base@21.0.5/jdk.internal.misc.Unsafe.park(Native Method)
        at java.base@21.0.5/java.util.concurrent.locks.LockSupport.park(LockSupport.java:371)
        at java.base@21.0.5/java.util.concurrent.locks.AbstractQueuedSynchronizer$ConditionNode.block(AbstractQueuedSynchronizer.java:519)
        at java.base@21.0.5/java.util.concurrent.ForkJoinPool.unmanagedBlock(ForkJoinPool.java:3780)
        at java.base@21.0.5/java.util.concurrent.ForkJoinPool.managedBlock(ForkJoinPool.java:3725)
        at java.base@21.0.5/java.util.concurrent.locks.AbstractQueuedSynchronizer$ConditionObject.await(AbstractQueuedSynchronizer.java:1712)
        at java.base@21.0.5/java.util.concurrent.ScheduledThreadPoolExecutor$DelayedWorkQueue.take(ScheduledThreadPoolExecutor.java:1177)
        at java.base@21.0.5/java.util.concurrent.ScheduledThreadPoolExecutor$DelayedWorkQueue.take(ScheduledThreadPoolExecutor.java:899)
        at java.base@21.0.5/java.util.concurrent.ThreadPoolExecutor.getTask(ThreadPoolExecutor.java:1070)
        at java.base@21.0.5/java.util.concurrent.ThreadPoolExecutor.runWorker(ThreadPoolExecutor.java:1130)
        at java.base@21.0.5/java.util.concurrent.ThreadPoolExecutor$Worker.run(ThreadPoolExecutor.java:642)
        at java.base@21.0.5/java.lang.Thread.runWith(Thread.java:1596)
        at java.base@21.0.5/java.lang.Thread.run(Thread.java:1583)
"ac5cad44-c19c-4f65-867f-c0009d6f555c-ChunkReader-6" daemon prio=5 tid=2081 in Object.wait()
java.lang.Thread.State: WAITING (on object monitor)
        at java.base@21.0.5/jdk.internal.misc.Unsafe.park(Native Method)
        at java.base@21.0.5/java.util.concurrent.locks.LockSupport.park(LockSupport.java:371)
        at java.base@21.0.5/java.util.concurrent.locks.AbstractQueuedSynchronizer$ConditionNode.block(AbstractQueuedSynchronizer.java:519)
        at java.base@21.0.5/java.util.concurrent.ForkJoinPool.unmanagedBlock(ForkJoinPool.java:3780)
        at java.base@21.0.5/java.util.concurrent.ForkJoinPool.managedBlock(ForkJoinPool.java:3725)
        at java.base@21.0.5/java.util.concurrent.locks.AbstractQueuedSynchronizer$ConditionObject.await(AbstractQueuedSynchronizer.java:1712)
        at java.base@21.0.5/java.util.concurrent.LinkedBlockingQueue.take(LinkedBlockingQueue.java:435)
        at java.base@21.0.5/java.util.concurrent.ThreadPoolExecutor.getTask(ThreadPoolExecutor.java:1070)
        at java.base@21.0.5/java.util.concurrent.ThreadPoolExecutor.runWorker(ThreadPoolExecutor.java:1130)
        at java.base@21.0.5/java.util.concurrent.ThreadPoolExecutor$Worker.run(ThreadPoolExecutor.java:642)
        at java.base@21.0.5/java.lang.Thread.runWith(Thread.java:1596)
        at java.base@21.0.5/java.lang.Thread.run(Thread.java:1583)
"Socket Reader #2 for port 15002"  prio=5 tid=63 runnable
java.lang.Thread.State: RUNNABLE
        at java.base@21.0.5/sun.nio.ch.EPoll.wait(Native Method)
        at java.base@21.0.5/sun.nio.ch.EPollSelectorImpl.doSelect(EPollSelectorImpl.java:121)
        at java.base@21.0.5/sun.nio.ch.SelectorImpl.lockAndDoSelect(SelectorImpl.java:130)
        at java.base@21.0.5/sun.nio.ch.SelectorImpl.select(SelectorImpl.java:147)
        at app//org.apache.hadoop.ipc.Server$Listener$Reader.doRunLoop(Server.java:1497)
        at app//org.apache.hadoop.ipc.Server$Listener$Reader.run(Server.java:1476)
"IPC Server handler 14 on default port 15002" daemon prio=5 tid=353 timed_waiting
java.lang.Thread.State: TIMED_WAITING
        at java.base@21.0.5/jdk.internal.misc.Unsafe.park(Native Method)
        at java.base@21.0.5/java.util.concurrent.locks.LockSupport.parkNanos(LockSupport.java:269)
        at java.base@21.0.5/java.util.concurrent.locks.AbstractQueuedSynchronizer$ConditionObject.awaitNanos(AbstractQueuedSynchronizer.java:1763)
        at java.base@21.0.5/java.util.concurrent.LinkedBlockingQueue.poll(LinkedBlockingQueue.java:460)
        at app//org.apache.hadoop.ipc.CallQueueManager.take(CallQueueManager.java:370)
        at app//org.apache.hadoop.ipc.Server$Handler.run(Server.java:3165)
"91d0dafb-6cb7-42e5-b129-660fdc1902ba-NettyServerStreamRpc-bossGroup--thread1"  prio=5 tid=975 runnable
java.lang.Thread.State: RUNNABLE
        at app//org.apache.ratis.thirdparty.io.netty.channel.epoll.Native.epollWait(Native Method)
        at app//org.apache.ratis.thirdparty.io.netty.channel.epoll.Native.epollWait(Native.java:220)
        at app//org.apache.ratis.thirdparty.io.netty.channel.epoll.Native.epollWait(Native.java:213)
        at app//org.apache.ratis.thirdparty.io.netty.channel.epoll.EpollEventLoop.epollWaitNoTimerChange(EpollEventLoop.java:308)
        at app//org.apache.ratis.thirdparty.io.netty.channel.epoll.EpollEventLoop.run(EpollEventLoop.java:365)
        at app//org.apache.ratis.thirdparty.io.netty.util.concurrent.SingleThreadEventExecutor$4.run(SingleThreadEventExecutor.java:997)
        at app//org.apache.ratis.thirdparty.io.netty.util.internal.ThreadExecutorMap$2.run(ThreadExecutorMap.java:74)
        at java.base@21.0.5/java.lang.Thread.runWith(Thread.java:1596)
        at java.base@21.0.5/java.lang.Thread.run(Thread.java:1583)
"17963aff-71fe-4a8f-bd2e-c405ff93174f-BlockDeletingService#0" daemon prio=5 tid=1148 timed_waiting
java.lang.Thread.State: TIMED_WAITING
        at java.base@21.0.5/jdk.internal.misc.Unsafe.park(Native Method)
        at java.base@21.0.5/java.util.concurrent.locks.LockSupport.parkNanos(LockSupport.java:269)
        at java.base@21.0.5/java.util.concurrent.locks.AbstractQueuedSynchronizer$ConditionObject.awaitNanos(AbstractQueuedSynchronizer.java:1763)
        at java.base@21.0.5/java.util.concurrent.ScheduledThreadPoolExecutor$DelayedWorkQueue.take(ScheduledThreadPoolExecutor.java:1182)
        at java.base@21.0.5/java.util.concurrent.ScheduledThreadPoolExecutor$DelayedWorkQueue.take(ScheduledThreadPoolExecutor.java:899)
        at java.base@21.0.5/java.util.concurrent.ThreadPoolExecutor.getTask(ThreadPoolExecutor.java:1070)
        at java.base@21.0.5/java.util.concurrent.ThreadPoolExecutor.runWorker(ThreadPoolExecutor.java:1130)
        at java.base@21.0.5/java.util.concurrent.ThreadPoolExecutor$Worker.run(ThreadPoolExecutor.java:642)
        at java.base@21.0.5/java.lang.Thread.runWith(Thread.java:1596)
        at java.base@21.0.5/java.lang.Thread.run(Thread.java:1583)
"fc60e07f-496f-42fe-ae82-620152583f87-ChunkReader-3" daemon prio=5 tid=2084 in Object.wait()
java.lang.Thread.State: WAITING (on object monitor)
        at java.base@21.0.5/jdk.internal.misc.Unsafe.park(Native Method)
        at java.base@21.0.5/java.util.concurrent.locks.LockSupport.park(LockSupport.java:371)
        at java.base@21.0.5/java.util.concurrent.locks.AbstractQueuedSynchronizer$ConditionNode.block(AbstractQueuedSynchronizer.java:519)
        at java.base@21.0.5/java.util.concurrent.ForkJoinPool.unmanagedBlock(ForkJoinPool.java:3780)
        at java.base@21.0.5/java.util.concurrent.ForkJoinPool.managedBlock(ForkJoinPool.java:3725)
        at java.base@21.0.5/java.util.concurrent.locks.AbstractQueuedSynchronizer$ConditionObject.await(AbstractQueuedSynchronizer.java:1712)
        at java.base@21.0.5/java.util.concurrent.LinkedBlockingQueue.take(LinkedBlockingQueue.java:435)
        at java.base@21.0.5/java.util.concurrent.ThreadPoolExecutor.getTask(ThreadPoolExecutor.java:1070)
        at java.base@21.0.5/java.util.concurrent.ThreadPoolExecutor.runWorker(ThreadPoolExecutor.java:1130)
        at java.base@21.0.5/java.util.concurrent.ThreadPoolExecutor$Worker.run(ThreadPoolExecutor.java:642)
        at java.base@21.0.5/java.lang.Thread.runWith(Thread.java:1596)
        at java.base@21.0.5/java.lang.Thread.run(Thread.java:1583)
"a14cd1ab-7861-42f9-8639-15260a7193f0-PeriodicHDDSVolumeChecker" daemon prio=5 tid=2188 timed_waiting
java.lang.Thread.State: TIMED_WAITING
        at java.base@21.0.5/jdk.internal.misc.Unsafe.park(Native Method)
        at java.base@21.0.5/java.util.concurrent.locks.LockSupport.parkNanos(LockSupport.java:269)
        at java.base@21.0.5/java.util.concurrent.locks.AbstractQueuedSynchronizer$ConditionObject.awaitNanos(AbstractQueuedSynchronizer.java:1763)
        at java.base@21.0.5/java.util.concurrent.ScheduledThreadPoolExecutor$DelayedWorkQueue.take(ScheduledThreadPoolExecutor.java:1182)
        at java.base@21.0.5/java.util.concurrent.ScheduledThreadPoolExecutor$DelayedWorkQueue.take(ScheduledThreadPoolExecutor.java:899)
        at java.base@21.0.5/java.util.concurrent.ThreadPoolExecutor.getTask(ThreadPoolExecutor.java:1070)
        at java.base@21.0.5/java.util.concurrent.ThreadPoolExecutor.runWorker(ThreadPoolExecutor.java:1130)
        at java.base@21.0.5/java.util.concurrent.ThreadPoolExecutor$Worker.run(ThreadPoolExecutor.java:642)
        at java.base@21.0.5/java.lang.Thread.runWith(Thread.java:1596)
        at java.base@21.0.5/java.lang.Thread.run(Thread.java:1583)
"IPC Server handler 26 on default port 15002" daemon prio=5 tid=365 timed_waiting
java.lang.Thread.State: TIMED_WAITING
        at java.base@21.0.5/jdk.internal.misc.Unsafe.park(Native Method)
        at java.base@21.0.5/java.util.concurrent.locks.LockSupport.parkNanos(LockSupport.java:269)
        at java.base@21.0.5/java.util.concurrent.locks.AbstractQueuedSynchronizer$ConditionObject.awaitNanos(AbstractQueuedSynchronizer.java:1763)
        at java.base@21.0.5/java.util.concurrent.LinkedBlockingQueue.poll(LinkedBlockingQueue.java:460)
        at app//org.apache.hadoop.ipc.CallQueueManager.take(CallQueueManager.java:370)
        at app//org.apache.hadoop.ipc.Server$Handler.run(Server.java:3165)
"fc60e07f-496f-42fe-ae82-620152583f87-DatanodeStateMachineTaskThread-0"  prio=5 tid=750 in Object.wait()
java.lang.Thread.State: WAITING (on object monitor)
        at java.base@21.0.5/jdk.internal.misc.Unsafe.park(Native Method)
        at java.base@21.0.5/java.util.concurrent.locks.LockSupport.park(LockSupport.java:371)
        at java.base@21.0.5/java.util.concurrent.locks.AbstractQueuedSynchronizer$ConditionNode.block(AbstractQueuedSynchronizer.java:519)
        at java.base@21.0.5/java.util.concurrent.ForkJoinPool.unmanagedBlock(ForkJoinPool.java:3780)
        at java.base@21.0.5/java.util.concurrent.ForkJoinPool.managedBlock(ForkJoinPool.java:3725)
        at java.base@21.0.5/java.util.concurrent.locks.AbstractQueuedSynchronizer$ConditionObject.await(AbstractQueuedSynchronizer.java:1712)
        at java.base@21.0.5/java.util.concurrent.LinkedBlockingQueue.take(LinkedBlockingQueue.java:435)
        at java.base@21.0.5/java.util.concurrent.ThreadPoolExecutor.getTask(ThreadPoolExecutor.java:1070)
        at java.base@21.0.5/java.util.concurrent.ThreadPoolExecutor.runWorker(ThreadPoolExecutor.java:1130)
        at java.base@21.0.5/java.util.concurrent.ThreadPoolExecutor$Worker.run(ThreadPoolExecutor.java:642)
        at java.base@21.0.5/java.lang.Thread.runWith(Thread.java:1596)
        at java.base@21.0.5/java.lang.Thread.run(Thread.java:1583)
"IPC Server handler 8 on default port 15066" daemon prio=5 tid=834 timed_waiting
java.lang.Thread.State: TIMED_WAITING
        at java.base@21.0.5/jdk.internal.misc.Unsafe.park(Native Method)
        at java.base@21.0.5/java.util.concurrent.locks.LockSupport.parkNanos(LockSupport.java:269)
        at java.base@21.0.5/java.util.concurrent.locks.AbstractQueuedSynchronizer$ConditionObject.awaitNanos(AbstractQueuedSynchronizer.java:1763)
        at java.base@21.0.5/java.util.concurrent.LinkedBlockingQueue.poll(LinkedBlockingQueue.java:460)
        at app//org.apache.hadoop.ipc.CallQueueManager.take(CallQueueManager.java:370)
        at app//org.apache.hadoop.ipc.Server$Handler.run(Server.java:3165)
"IPC Server handler 43 on default port 15002" daemon prio=5 tid=382 timed_waiting
java.lang.Thread.State: TIMED_WAITING
        at java.base@21.0.5/jdk.internal.misc.Unsafe.park(Native Method)
        at java.base@21.0.5/java.util.concurrent.locks.LockSupport.parkNanos(LockSupport.java:269)
        at java.base@21.0.5/java.util.concurrent.locks.AbstractQueuedSynchronizer$ConditionObject.awaitNanos(AbstractQueuedSynchronizer.java:1763)
        at java.base@21.0.5/java.util.concurrent.LinkedBlockingQueue.poll(LinkedBlockingQueue.java:460)
        at app//org.apache.hadoop.ipc.CallQueueManager.take(CallQueueManager.java:370)
        at app//org.apache.hadoop.ipc.Server$Handler.run(Server.java:3165)
"Hadoop-Metrics-Updater-0" daemon prio=5 tid=462 timed_waiting
java.lang.Thread.State: TIMED_WAITING
        at java.base@21.0.5/jdk.internal.misc.Unsafe.park(Native Method)
        at java.base@21.0.5/java.util.concurrent.locks.LockSupport.parkNanos(LockSupport.java:269)
        at java.base@21.0.5/java.util.concurrent.locks.AbstractQueuedSynchronizer$ConditionObject.awaitNanos(AbstractQueuedSynchronizer.java:1763)
        at java.base@21.0.5/java.util.concurrent.ScheduledThreadPoolExecutor$DelayedWorkQueue.take(ScheduledThreadPoolExecutor.java:1182)
        at java.base@21.0.5/java.util.concurrent.ScheduledThreadPoolExecutor$DelayedWorkQueue.take(ScheduledThreadPoolExecutor.java:899)
        at java.base@21.0.5/java.util.concurrent.ThreadPoolExecutor.getTask(ThreadPoolExecutor.java:1070)
        at java.base@21.0.5/java.util.concurrent.ThreadPoolExecutor.runWorker(ThreadPoolExecutor.java:1130)
        at java.base@21.0.5/java.util.concurrent.ThreadPoolExecutor$Worker.run(ThreadPoolExecutor.java:642)
        at java.base@21.0.5/java.lang.Thread.runWith(Thread.java:1596)
        at java.base@21.0.5/java.lang.Thread.run(Thread.java:1583)
"qtp1698217345-2147" daemon prio=5 tid=2147 timed_waiting
java.lang.Thread.State: TIMED_WAITING
        at java.base@21.0.5/jdk.internal.misc.Unsafe.park(Native Method)
        at java.base@21.0.5/java.util.concurrent.locks.LockSupport.parkNanos(LockSupport.java:269)
        at java.base@21.0.5/java.util.concurrent.locks.AbstractQueuedSynchronizer$ConditionObject.awaitNanos(AbstractQueuedSynchronizer.java:1763)
        at app//org.eclipse.jetty.util.BlockingArrayQueue.poll(BlockingArrayQueue.java:382)
        at app//org.eclipse.jetty.util.thread.QueuedThreadPool$Runner.idleJobPoll(QueuedThreadPool.java:974)
        at app//org.eclipse.jetty.util.thread.QueuedThreadPool$Runner.run(QueuedThreadPool.java:1018)
        at java.base@21.0.5/java.lang.Thread.runWith(Thread.java:1596)
        at java.base@21.0.5/java.lang.Thread.run(Thread.java:1583)
"69390d8a-021c-44b7-9fe5-c9855a0c5aa1-ChunkWriter-2-0" daemon prio=5 tid=1126 in Object.wait()
java.lang.Thread.State: WAITING (on object monitor)
        at java.base@21.0.5/jdk.internal.misc.Unsafe.park(Native Method)
        at java.base@21.0.5/java.util.concurrent.locks.LockSupport.park(LockSupport.java:371)
        at java.base@21.0.5/java.util.concurrent.locks.AbstractQueuedSynchronizer$ConditionNode.block(AbstractQueuedSynchronizer.java:519)
        at java.base@21.0.5/java.util.concurrent.ForkJoinPool.unmanagedBlock(ForkJoinPool.java:3780)
        at java.base@21.0.5/java.util.concurrent.ForkJoinPool.managedBlock(ForkJoinPool.java:3725)
        at java.base@21.0.5/java.util.concurrent.locks.AbstractQueuedSynchronizer$ConditionObject.await(AbstractQueuedSynchronizer.java:1712)
        at java.base@21.0.5/java.util.concurrent.LinkedBlockingDeque.takeFirst(LinkedBlockingDeque.java:485)
        at java.base@21.0.5/java.util.concurrent.LinkedBlockingDeque.take(LinkedBlockingDeque.java:673)
        at java.base@21.0.5/java.util.concurrent.ThreadPoolExecutor.getTask(ThreadPoolExecutor.java:1070)
        at java.base@21.0.5/java.util.concurrent.ThreadPoolExecutor.runWorker(ThreadPoolExecutor.java:1130)
        at java.base@21.0.5/java.util.concurrent.ThreadPoolExecutor$Worker.run(ThreadPoolExecutor.java:642)
        at java.base@21.0.5/java.lang.Thread.runWith(Thread.java:1596)
        at java.base@21.0.5/java.lang.Thread.run(Thread.java:1583)
"84b435bb-d41b-4758-bf48-ce9052c81d4a@group-A7184706D343-FollowerState" daemon prio=5 tid=1412 timed_waiting
java.lang.Thread.State: TIMED_WAITING
        at java.base@21.0.5/java.lang.Thread.sleep0(Native Method)
        at java.base@21.0.5/java.lang.Thread.sleep(Thread.java:558)
        at java.base@21.0.5/java.util.concurrent.TimeUnit.sleep(TimeUnit.java:446)
        at app//org.apache.ratis.util.TimeDuration.sleep(TimeDuration.java:353)
        at app//org.apache.ratis.util.TimeDuration.sleep(TimeDuration.java:338)
        at app//org.apache.ratis.server.impl.FollowerState.runImpl(FollowerState.java:149)
        at app//org.apache.ratis.server.impl.FollowerState.run(FollowerState.java:130)
"qtp1698217345-2144-acceptor-0@46b62d1e-ServerConnector@3d850252{HTTP/1.1, (http/1.1)}{0.0.0.0:15038}" daemon prio=3 tid=2144 runnable
java.lang.Thread.State: RUNNABLE
        at java.base@21.0.5/sun.nio.ch.Net.accept(Native Method)
        at java.base@21.0.5/sun.nio.ch.ServerSocketChannelImpl.implAccept(ServerSocketChannelImpl.java:433)
        at java.base@21.0.5/sun.nio.ch.ServerSocketChannelImpl.accept(ServerSocketChannelImpl.java:399)
        at app//org.eclipse.jetty.server.ServerConnector.accept(ServerConnector.java:388)
        at app//org.eclipse.jetty.server.AbstractConnector$Acceptor.run(AbstractConnector.java:704)
        at app//org.eclipse.jetty.util.thread.QueuedThreadPool.runJob(QueuedThreadPool.java:883)
        at app//org.eclipse.jetty.util.thread.QueuedThreadPool$Runner.run(QueuedThreadPool.java:1034)
        at java.base@21.0.5/java.lang.Thread.runWith(Thread.java:1596)
        at java.base@21.0.5/java.lang.Thread.run(Thread.java:1583)
"Socket Reader #9 for port 15012"  prio=5 tid=543 runnable
java.lang.Thread.State: RUNNABLE
        at java.base@21.0.5/sun.nio.ch.EPoll.wait(Native Method)
        at java.base@21.0.5/sun.nio.ch.EPollSelectorImpl.doSelect(EPollSelectorImpl.java:121)
        at java.base@21.0.5/sun.nio.ch.SelectorImpl.lockAndDoSelect(SelectorImpl.java:130)
        at java.base@21.0.5/sun.nio.ch.SelectorImpl.select(SelectorImpl.java:147)
        at app//org.apache.hadoop.ipc.Server$Listener$Reader.doRunLoop(Server.java:1497)
        at app//org.apache.hadoop.ipc.Server$Listener$Reader.run(Server.java:1476)
"17963aff-71fe-4a8f-bd2e-c405ff93174f@group-9167B95FD813-SegmentedRaftLogWorker" daemon prio=5 tid=1297 timed_waiting
java.lang.Thread.State: TIMED_WAITING
        at java.base@21.0.5/jdk.internal.misc.Unsafe.park(Native Method)
        at java.base@21.0.5/java.util.concurrent.locks.LockSupport.parkNanos(LockSupport.java:269)
        at java.base@21.0.5/java.util.concurrent.locks.AbstractQueuedSynchronizer$ConditionObject.awaitNanos(AbstractQueuedSynchronizer.java:1763)
        at app//org.apache.ratis.util.DataBlockingQueue.poll(DataBlockingQueue.java:148)
        at app//org.apache.ratis.server.raftlog.segmented.SegmentedRaftLogWorker.run(SegmentedRaftLogWorker.java:307)
        at app//org.apache.ratis.server.raftlog.segmented.SegmentedRaftLogWorker$$Lambda/0x00007fcfe03376d0.run(Unknown Source)
        at java.base@21.0.5/java.util.concurrent.Executors$RunnableAdapter.call(Executors.java:572)
        at java.base@21.0.5/java.util.concurrent.FutureTask.run(FutureTask.java:317)
        at java.base@21.0.5/java.util.concurrent.ThreadPoolExecutor.runWorker(ThreadPoolExecutor.java:1144)
        at java.base@21.0.5/java.util.concurrent.ThreadPoolExecutor$Worker.run(ThreadPoolExecutor.java:642)
        at java.base@21.0.5/java.lang.Thread.runWith(Thread.java:1596)
        at java.base@21.0.5/java.lang.Thread.run(Thread.java:1583)
"91d0dafb-6cb7-42e5-b129-660fdc1902ba@group-0394EB5B4624-LeaderStateImpl" daemon prio=5 tid=1523 timed_waiting
java.lang.Thread.State: TIMED_WAITING
        at java.base@21.0.5/jdk.internal.misc.Unsafe.park(Native Method)
        at java.base@21.0.5/java.util.concurrent.locks.LockSupport.parkNanos(LockSupport.java:269)
        at java.base@21.0.5/java.util.concurrent.locks.AbstractQueuedSynchronizer$ConditionObject.awaitNanos(AbstractQueuedSynchronizer.java:1763)
        at java.base@21.0.5/java.util.concurrent.ArrayBlockingQueue.poll(ArrayBlockingQueue.java:435)
        at app//org.apache.ratis.server.impl.LeaderStateImpl$EventQueue.poll(LeaderStateImpl.java:164)
        at app//org.apache.ratis.server.impl.LeaderStateImpl$EventProcessor.run(LeaderStateImpl.java:763)
"Session-HouseKeeper-2ac50ab0-1"  prio=5 tid=497 timed_waiting
java.lang.Thread.State: TIMED_WAITING
        at java.base@21.0.5/jdk.internal.misc.Unsafe.park(Native Method)
        at java.base@21.0.5/java.util.concurrent.locks.LockSupport.parkNanos(LockSupport.java:269)
        at java.base@21.0.5/java.util.concurrent.locks.AbstractQueuedSynchronizer$ConditionObject.awaitNanos(AbstractQueuedSynchronizer.java:1763)
        at java.base@21.0.5/java.util.concurrent.ScheduledThreadPoolExecutor$DelayedWorkQueue.take(ScheduledThreadPoolExecutor.java:1182)
        at java.base@21.0.5/java.util.concurrent.ScheduledThreadPoolExecutor$DelayedWorkQueue.take(ScheduledThreadPoolExecutor.java:899)
        at java.base@21.0.5/java.util.concurrent.ThreadPoolExecutor.getTask(ThreadPoolExecutor.java:1070)
        at java.base@21.0.5/java.util.concurrent.ThreadPoolExecutor.runWorker(ThreadPoolExecutor.java:1130)
        at java.base@21.0.5/java.util.concurrent.ThreadPoolExecutor$Worker.run(ThreadPoolExecutor.java:642)
        at java.base@21.0.5/java.lang.Thread.runWith(Thread.java:1596)
        at java.base@21.0.5/java.lang.Thread.run(Thread.java:1583)
"IPC Server handler 5 on default port 15006" daemon prio=5 tid=503 timed_waiting
java.lang.Thread.State: TIMED_WAITING
        at java.base@21.0.5/jdk.internal.misc.Unsafe.park(Native Method)
        at java.base@21.0.5/java.util.concurrent.locks.LockSupport.parkNanos(LockSupport.java:269)
        at java.base@21.0.5/java.util.concurrent.locks.AbstractQueuedSynchronizer$ConditionObject.awaitNanos(AbstractQueuedSynchronizer.java:1763)
        at java.base@21.0.5/java.util.concurrent.LinkedBlockingQueue.poll(LinkedBlockingQueue.java:460)
        at app//org.apache.hadoop.ipc.CallQueueManager.take(CallQueueManager.java:370)
        at app//org.apache.hadoop.ipc.Server$Handler.run(Server.java:3165)
"84b435bb-d41b-4758-bf48-ce9052c81d4a-DatanodeStateMachineDaemonThread" daemon prio=5 tid=790 timed_waiting
java.lang.Thread.State: TIMED_WAITING
        at java.base@21.0.5/java.lang.Thread.sleep0(Native Method)
        at java.base@21.0.5/java.lang.Thread.sleep(Thread.java:509)
        at app//org.apache.hadoop.ozone.container.common.statemachine.DatanodeStateMachine.startStateMachineThread(DatanodeStateMachine.java:358)
        at app//org.apache.hadoop.ozone.container.common.statemachine.DatanodeStateMachine.lambda$startDaemon$1(DatanodeStateMachine.java:544)
        at app//org.apache.hadoop.ozone.container.common.statemachine.DatanodeStateMachine$$Lambda/0x00007fcfe07d8a68.run(Unknown Source)
        at java.base@21.0.5/java.lang.Thread.runWith(Thread.java:1596)
        at java.base@21.0.5/java.lang.Thread.run(Thread.java:1583)
"91d0dafb-6cb7-42e5-b129-660fdc1902ba-server-thread3" daemon prio=5 tid=2052 timed_waiting
java.lang.Thread.State: TIMED_WAITING
        at java.base@21.0.5/jdk.internal.misc.Unsafe.park(Native Method)
        at java.base@21.0.5/java.util.concurrent.locks.LockSupport.parkNanos(LockSupport.java:410)
        at java.base@21.0.5/java.util.concurrent.LinkedTransferQueue$DualNode.await(LinkedTransferQueue.java:452)
        at java.base@21.0.5/java.util.concurrent.SynchronousQueue$Transferer.xferLifo(SynchronousQueue.java:194)
        at java.base@21.0.5/java.util.concurrent.SynchronousQueue.xfer(SynchronousQueue.java:235)
        at java.base@21.0.5/java.util.concurrent.SynchronousQueue.poll(SynchronousQueue.java:338)
        at java.base@21.0.5/java.util.concurrent.ThreadPoolExecutor.getTask(ThreadPoolExecutor.java:1069)
        at java.base@21.0.5/java.util.concurrent.ThreadPoolExecutor.runWorker(ThreadPoolExecutor.java:1130)
        at java.base@21.0.5/java.util.concurrent.ThreadPoolExecutor$Worker.run(ThreadPoolExecutor.java:642)
        at java.base@21.0.5/java.lang.Thread.runWith(Thread.java:1596)
        at java.base@21.0.5/java.lang.Thread.run(Thread.java:1583)
"qtp957126305-921" daemon prio=5 tid=921 timed_waiting
java.lang.Thread.State: TIMED_WAITING
        at java.base@21.0.5/jdk.internal.misc.Unsafe.park(Native Method)
        at java.base@21.0.5/java.util.concurrent.locks.LockSupport.parkNanos(LockSupport.java:269)
        at java.base@21.0.5/java.util.concurrent.locks.AbstractQueuedSynchronizer$ConditionObject.awaitNanos(AbstractQueuedSynchronizer.java:1763)
        at app//org.eclipse.jetty.util.BlockingArrayQueue.poll(BlockingArrayQueue.java:382)
        at app//org.eclipse.jetty.util.thread.QueuedThreadPool$Runner.idleJobPoll(QueuedThreadPool.java:974)
        at app//org.eclipse.jetty.util.thread.QueuedThreadPool$Runner.run(QueuedThreadPool.java:1018)
        at java.base@21.0.5/java.lang.Thread.runWith(Thread.java:1596)
        at java.base@21.0.5/java.lang.Thread.run(Thread.java:1583)
"IPC Server handler 15 on default port 15002" daemon prio=5 tid=354 timed_waiting
java.lang.Thread.State: TIMED_WAITING
        at java.base@21.0.5/jdk.internal.misc.Unsafe.park(Native Method)
        at java.base@21.0.5/java.util.concurrent.locks.LockSupport.parkNanos(LockSupport.java:269)
        at java.base@21.0.5/java.util.concurrent.locks.AbstractQueuedSynchronizer$ConditionObject.awaitNanos(AbstractQueuedSynchronizer.java:1763)
        at java.base@21.0.5/java.util.concurrent.LinkedBlockingQueue.poll(LinkedBlockingQueue.java:460)
        at app//org.apache.hadoop.ipc.CallQueueManager.take(CallQueueManager.java:370)
        at app//org.apache.hadoop.ipc.Server$Handler.run(Server.java:3165)
"Socket Reader #10 for port 15048"  prio=5 tid=730 runnable
java.lang.Thread.State: RUNNABLE
        at java.base@21.0.5/sun.nio.ch.EPoll.wait(Native Method)
        at java.base@21.0.5/sun.nio.ch.EPollSelectorImpl.doSelect(EPollSelectorImpl.java:121)
        at java.base@21.0.5/sun.nio.ch.SelectorImpl.lockAndDoSelect(SelectorImpl.java:130)
        at java.base@21.0.5/sun.nio.ch.SelectorImpl.select(SelectorImpl.java:147)
        at app//org.apache.hadoop.ipc.Server$Listener$Reader.doRunLoop(Server.java:1497)
        at app//org.apache.hadoop.ipc.Server$Listener$Reader.run(Server.java:1476)
"d1093f6a-6992-456d-ac47-966fa1bbc12e@group-B8383FC2DAB2-SegmentedRaftLogWorker" daemon prio=5 tid=1984 timed_waiting
java.lang.Thread.State: TIMED_WAITING
        at java.base@21.0.5/jdk.internal.misc.Unsafe.park(Native Method)
        at java.base@21.0.5/java.util.concurrent.locks.LockSupport.parkNanos(LockSupport.java:269)
        at java.base@21.0.5/java.util.concurrent.locks.AbstractQueuedSynchronizer$ConditionObject.awaitNanos(AbstractQueuedSynchronizer.java:1763)
        at app//org.apache.ratis.util.DataBlockingQueue.poll(DataBlockingQueue.java:148)
        at app//org.apache.ratis.server.raftlog.segmented.SegmentedRaftLogWorker.run(SegmentedRaftLogWorker.java:307)
        at app//org.apache.ratis.server.raftlog.segmented.SegmentedRaftLogWorker$$Lambda/0x00007fcfe03376d0.run(Unknown Source)
        at java.base@21.0.5/java.util.concurrent.Executors$RunnableAdapter.call(Executors.java:572)
        at java.base@21.0.5/java.util.concurrent.FutureTask.run(FutureTask.java:317)
        at java.base@21.0.5/java.util.concurrent.ThreadPoolExecutor.runWorker(ThreadPoolExecutor.java:1144)
        at java.base@21.0.5/java.util.concurrent.ThreadPoolExecutor$Worker.run(ThreadPoolExecutor.java:642)
        at java.base@21.0.5/java.lang.Thread.runWith(Thread.java:1596)
        at java.base@21.0.5/java.lang.Thread.run(Thread.java:1583)
"84b435bb-d41b-4758-bf48-ce9052c81d4a-DatanodeReportManager-2" daemon prio=5 tid=793 timed_waiting
java.lang.Thread.State: TIMED_WAITING
        at java.base@21.0.5/jdk.internal.misc.Unsafe.park(Native Method)
        at java.base@21.0.5/java.util.concurrent.locks.LockSupport.parkNanos(LockSupport.java:269)
        at java.base@21.0.5/java.util.concurrent.locks.AbstractQueuedSynchronizer$ConditionObject.awaitNanos(AbstractQueuedSynchronizer.java:1763)
        at java.base@21.0.5/java.util.concurrent.ScheduledThreadPoolExecutor$DelayedWorkQueue.take(ScheduledThreadPoolExecutor.java:1182)
        at java.base@21.0.5/java.util.concurrent.ScheduledThreadPoolExecutor$DelayedWorkQueue.take(ScheduledThreadPoolExecutor.java:899)
        at java.base@21.0.5/java.util.concurrent.ThreadPoolExecutor.getTask(ThreadPoolExecutor.java:1070)
        at java.base@21.0.5/java.util.concurrent.ThreadPoolExecutor.runWorker(ThreadPoolExecutor.java:1130)
        at java.base@21.0.5/java.util.concurrent.ThreadPoolExecutor$Worker.run(ThreadPoolExecutor.java:642)
        at java.base@21.0.5/java.lang.Thread.runWith(Thread.java:1596)
        at java.base@21.0.5/java.lang.Thread.run(Thread.java:1583)
"om1-DirectoryDeletingService#4" daemon prio=5 tid=481 in Object.wait()
java.lang.Thread.State: WAITING (on object monitor)
        at java.base@21.0.5/jdk.internal.misc.Unsafe.park(Native Method)
        at java.base@21.0.5/java.util.concurrent.locks.LockSupport.park(LockSupport.java:371)
        at java.base@21.0.5/java.util.concurrent.locks.AbstractQueuedSynchronizer$ConditionNode.block(AbstractQueuedSynchronizer.java:519)
        at java.base@21.0.5/java.util.concurrent.ForkJoinPool.unmanagedBlock(ForkJoinPool.java:3780)
        at java.base@21.0.5/java.util.concurrent.ForkJoinPool.managedBlock(ForkJoinPool.java:3725)
        at java.base@21.0.5/java.util.concurrent.locks.AbstractQueuedSynchronizer$ConditionObject.await(AbstractQueuedSynchronizer.java:1712)
        at java.base@21.0.5/java.util.concurrent.ScheduledThreadPoolExecutor$DelayedWorkQueue.take(ScheduledThreadPoolExecutor.java:1177)
        at java.base@21.0.5/java.util.concurrent.ScheduledThreadPoolExecutor$DelayedWorkQueue.take(ScheduledThreadPoolExecutor.java:899)
        at java.base@21.0.5/java.util.concurrent.ThreadPoolExecutor.getTask(ThreadPoolExecutor.java:1070)
        at java.base@21.0.5/java.util.concurrent.ThreadPoolExecutor.runWorker(ThreadPoolExecutor.java:1130)
        at java.base@21.0.5/java.util.concurrent.ThreadPoolExecutor$Worker.run(ThreadPoolExecutor.java:642)
        at java.base@21.0.5/java.lang.Thread.runWith(Thread.java:1596)
        at java.base@21.0.5/java.lang.Thread.run(Thread.java:1583)
"d1093f6a-6992-456d-ac47-966fa1bbc12e-BlockDeletingService#2" daemon prio=5 tid=2259 in Object.wait()
java.lang.Thread.State: WAITING (on object monitor)
        at java.base@21.0.5/jdk.internal.misc.Unsafe.park(Native Method)
        at java.base@21.0.5/java.util.concurrent.locks.LockSupport.park(LockSupport.java:371)
        at java.base@21.0.5/java.util.concurrent.locks.AbstractQueuedSynchronizer$ConditionNode.block(AbstractQueuedSynchronizer.java:519)
        at java.base@21.0.5/java.util.concurrent.ForkJoinPool.unmanagedBlock(ForkJoinPool.java:3780)
        at java.base@21.0.5/java.util.concurrent.ForkJoinPool.managedBlock(ForkJoinPool.java:3725)
        at java.base@21.0.5/java.util.concurrent.locks.AbstractQueuedSynchronizer$ConditionObject.await(AbstractQueuedSynchronizer.java:1712)
        at java.base@21.0.5/java.util.concurrent.ScheduledThreadPoolExecutor$DelayedWorkQueue.take(ScheduledThreadPoolExecutor.java:1177)
        at java.base@21.0.5/java.util.concurrent.ScheduledThreadPoolExecutor$DelayedWorkQueue.take(ScheduledThreadPoolExecutor.java:899)
        at java.base@21.0.5/java.util.concurrent.ThreadPoolExecutor.getTask(ThreadPoolExecutor.java:1070)
        at java.base@21.0.5/java.util.concurrent.ThreadPoolExecutor.runWorker(ThreadPoolExecutor.java:1130)
        at java.base@21.0.5/java.util.concurrent.ThreadPoolExecutor$Worker.run(ThreadPoolExecutor.java:642)
        at java.base@21.0.5/java.lang.Thread.runWith(Thread.java:1596)
        at java.base@21.0.5/java.lang.Thread.run(Thread.java:1583)
"91d0dafb-6cb7-42e5-b129-660fdc1902ba-PipelineCommandHandlerThread-0"  prio=5 tid=1339 in Object.wait()
java.lang.Thread.State: WAITING (on object monitor)
        at java.base@21.0.5/jdk.internal.misc.Unsafe.park(Native Method)
        at java.base@21.0.5/java.util.concurrent.locks.LockSupport.park(LockSupport.java:371)
        at java.base@21.0.5/java.util.concurrent.locks.AbstractQueuedSynchronizer$ConditionNode.block(AbstractQueuedSynchronizer.java:519)
        at java.base@21.0.5/java.util.concurrent.ForkJoinPool.unmanagedBlock(ForkJoinPool.java:3780)
        at java.base@21.0.5/java.util.concurrent.ForkJoinPool.managedBlock(ForkJoinPool.java:3725)
        at java.base@21.0.5/java.util.concurrent.locks.AbstractQueuedSynchronizer$ConditionObject.await(AbstractQueuedSynchronizer.java:1712)
        at java.base@21.0.5/java.util.concurrent.LinkedBlockingQueue.take(LinkedBlockingQueue.java:435)
        at java.base@21.0.5/java.util.concurrent.ThreadPoolExecutor.getTask(ThreadPoolExecutor.java:1070)
        at java.base@21.0.5/java.util.concurrent.ThreadPoolExecutor.runWorker(ThreadPoolExecutor.java:1130)
        at java.base@21.0.5/java.util.concurrent.ThreadPoolExecutor$Worker.run(ThreadPoolExecutor.java:642)
        at java.base@21.0.5/java.lang.Thread.runWith(Thread.java:1596)
        at java.base@21.0.5/java.lang.Thread.run(Thread.java:1583)
"a14cd1ab-7861-42f9-8639-15260a7193f0-DatanodeReportManager-1" daemon prio=5 tid=2178 in Object.wait()
java.lang.Thread.State: WAITING (on object monitor)
        at java.base@21.0.5/jdk.internal.misc.Unsafe.park(Native Method)
        at java.base@21.0.5/java.util.concurrent.locks.LockSupport.park(LockSupport.java:371)
        at java.base@21.0.5/java.util.concurrent.locks.AbstractQueuedSynchronizer$ConditionNode.block(AbstractQueuedSynchronizer.java:519)
        at java.base@21.0.5/java.util.concurrent.ForkJoinPool.unmanagedBlock(ForkJoinPool.java:3780)
        at java.base@21.0.5/java.util.concurrent.ForkJoinPool.managedBlock(ForkJoinPool.java:3725)
        at java.base@21.0.5/java.util.concurrent.locks.AbstractQueuedSynchronizer$ConditionObject.await(AbstractQueuedSynchronizer.java:1712)
        at java.base@21.0.5/java.util.concurrent.ScheduledThreadPoolExecutor$DelayedWorkQueue.take(ScheduledThreadPoolExecutor.java:1177)
        at java.base@21.0.5/java.util.concurrent.ScheduledThreadPoolExecutor$DelayedWorkQueue.take(ScheduledThreadPoolExecutor.java:899)
        at java.base@21.0.5/java.util.concurrent.ThreadPoolExecutor.getTask(ThreadPoolExecutor.java:1070)
        at java.base@21.0.5/java.util.concurrent.ThreadPoolExecutor.runWorker(ThreadPoolExecutor.java:1130)
        at java.base@21.0.5/java.util.concurrent.ThreadPoolExecutor$Worker.run(ThreadPoolExecutor.java:642)
        at java.base@21.0.5/java.lang.Thread.runWith(Thread.java:1596)
        at java.base@21.0.5/java.lang.Thread.run(Thread.java:1583)
"FixedThreadPoolWithAffinityExecutor-3-0" daemon prio=5 tid=106 timed_waiting
java.lang.Thread.State: TIMED_WAITING
        at java.base@21.0.5/jdk.internal.misc.Unsafe.park(Native Method)
        at java.base@21.0.5/java.util.concurrent.locks.LockSupport.parkNanos(LockSupport.java:269)
        at java.base@21.0.5/java.util.concurrent.locks.AbstractQueuedSynchronizer$ConditionObject.awaitNanos(AbstractQueuedSynchronizer.java:1763)
        at java.base@21.0.5/java.util.concurrent.LinkedBlockingQueue.poll(LinkedBlockingQueue.java:460)
        at app//org.apache.hadoop.hdds.scm.server.ContainerReportQueue.poll(ContainerReportQueue.java:269)
        at app//org.apache.hadoop.hdds.scm.server.ContainerReportQueue.poll(ContainerReportQueue.java:42)
        at app//org.apache.hadoop.hdds.server.events.FixedThreadPoolWithAffinityExecutor$ContainerReportProcessTask.run(FixedThreadPoolWithAffinityExecutor.java:253)
        at java.base@21.0.5/java.util.concurrent.Executors$RunnableAdapter.call(Executors.java:572)
        at java.base@21.0.5/java.util.concurrent.FutureTask.run(FutureTask.java:317)
        at java.base@21.0.5/java.util.concurrent.ThreadPoolExecutor.runWorker(ThreadPoolExecutor.java:1144)
        at java.base@21.0.5/java.util.concurrent.ThreadPoolExecutor$Worker.run(ThreadPoolExecutor.java:642)
        at java.base@21.0.5/java.lang.Thread.runWith(Thread.java:1596)
        at java.base@21.0.5/java.lang.Thread.run(Thread.java:1583)
"7c84fc52-fa7b-40d9-a19c-d4e4c83c5fa3-BlockDeletingService#1" daemon prio=5 tid=940 in Object.wait()
java.lang.Thread.State: WAITING (on object monitor)
        at java.base@21.0.5/jdk.internal.misc.Unsafe.park(Native Method)
        at java.base@21.0.5/java.util.concurrent.locks.LockSupport.park(LockSupport.java:371)
        at java.base@21.0.5/java.util.concurrent.locks.AbstractQueuedSynchronizer$ConditionNode.block(AbstractQueuedSynchronizer.java:519)
        at java.base@21.0.5/java.util.concurrent.ForkJoinPool.unmanagedBlock(ForkJoinPool.java:3780)
        at java.base@21.0.5/java.util.concurrent.ForkJoinPool.managedBlock(ForkJoinPool.java:3725)
        at java.base@21.0.5/java.util.concurrent.locks.AbstractQueuedSynchronizer$ConditionObject.await(AbstractQueuedSynchronizer.java:1712)
        at java.base@21.0.5/java.util.concurrent.ScheduledThreadPoolExecutor$DelayedWorkQueue.take(ScheduledThreadPoolExecutor.java:1177)
        at java.base@21.0.5/java.util.concurrent.ScheduledThreadPoolExecutor$DelayedWorkQueue.take(ScheduledThreadPoolExecutor.java:899)
        at java.base@21.0.5/java.util.concurrent.ThreadPoolExecutor.getTask(ThreadPoolExecutor.java:1070)
        at java.base@21.0.5/java.util.concurrent.ThreadPoolExecutor.runWorker(ThreadPoolExecutor.java:1130)
        at java.base@21.0.5/java.util.concurrent.ThreadPoolExecutor$Worker.run(ThreadPoolExecutor.java:642)
        at java.base@21.0.5/java.lang.Thread.runWith(Thread.java:1596)
        at java.base@21.0.5/java.lang.Thread.run(Thread.java:1583)
"EventQueue-NewNodeForNewNodeHandler" daemon prio=5 tid=1109 in Object.wait()
java.lang.Thread.State: WAITING (on object monitor)
        at java.base@21.0.5/jdk.internal.misc.Unsafe.park(Native Method)
        at java.base@21.0.5/java.util.concurrent.locks.LockSupport.park(LockSupport.java:371)
        at java.base@21.0.5/java.util.concurrent.locks.AbstractQueuedSynchronizer$ConditionNode.block(AbstractQueuedSynchronizer.java:519)
        at java.base@21.0.5/java.util.concurrent.ForkJoinPool.unmanagedBlock(ForkJoinPool.java:3780)
        at java.base@21.0.5/java.util.concurrent.ForkJoinPool.managedBlock(ForkJoinPool.java:3725)
        at java.base@21.0.5/java.util.concurrent.locks.AbstractQueuedSynchronizer$ConditionObject.await(AbstractQueuedSynchronizer.java:1712)
        at java.base@21.0.5/java.util.concurrent.LinkedBlockingQueue.take(LinkedBlockingQueue.java:435)
        at java.base@21.0.5/java.util.concurrent.ThreadPoolExecutor.getTask(ThreadPoolExecutor.java:1070)
        at java.base@21.0.5/java.util.concurrent.ThreadPoolExecutor.runWorker(ThreadPoolExecutor.java:1130)
        at java.base@21.0.5/java.util.concurrent.ThreadPoolExecutor$Worker.run(ThreadPoolExecutor.java:642)
        at java.base@21.0.5/java.lang.Thread.runWith(Thread.java:1596)
        at java.base@21.0.5/java.lang.Thread.run(Thread.java:1583)
"IPC Server handler 6 on default port 15006" daemon prio=5 tid=504 timed_waiting
java.lang.Thread.State: TIMED_WAITING
        at java.base@21.0.5/jdk.internal.misc.Unsafe.park(Native Method)
        at java.base@21.0.5/java.util.concurrent.locks.LockSupport.parkNanos(LockSupport.java:269)
        at java.base@21.0.5/java.util.concurrent.locks.AbstractQueuedSynchronizer$ConditionObject.awaitNanos(AbstractQueuedSynchronizer.java:1763)
        at java.base@21.0.5/java.util.concurrent.LinkedBlockingQueue.poll(LinkedBlockingQueue.java:460)
        at app//org.apache.hadoop.ipc.CallQueueManager.take(CallQueueManager.java:370)
        at app//org.apache.hadoop.ipc.Server$Handler.run(Server.java:3165)
"IPC Server handler 0 on default port 15093" daemon prio=5 tid=1020 timed_waiting
java.lang.Thread.State: TIMED_WAITING
        at java.base@21.0.5/jdk.internal.misc.Unsafe.park(Native Method)
        at java.base@21.0.5/java.util.concurrent.locks.LockSupport.parkNanos(LockSupport.java:269)
        at java.base@21.0.5/java.util.concurrent.locks.AbstractQueuedSynchronizer$ConditionObject.awaitNanos(AbstractQueuedSynchronizer.java:1763)
        at java.base@21.0.5/java.util.concurrent.LinkedBlockingQueue.poll(LinkedBlockingQueue.java:460)
        at app//org.apache.hadoop.ipc.CallQueueManager.take(CallQueueManager.java:370)
        at app//org.apache.hadoop.ipc.Server$Handler.run(Server.java:3165)
"d1093f6a-6992-456d-ac47-966fa1bbc12e@group-D9B980D230C1->ac5cad44-c19c-4f65-867f-c0009d6f555c-GrpcLogAppender-LogAppenderDaemon" daemon prio=5 tid=2031 timed_waiting
java.lang.Thread.State: TIMED_WAITING
        at java.base@21.0.5/jdk.internal.misc.Unsafe.park(Native Method)
        at java.base@21.0.5/java.util.concurrent.locks.LockSupport.parkNanos(LockSupport.java:269)
        at java.base@21.0.5/java.util.concurrent.locks.AbstractQueuedSynchronizer$ConditionObject.await(AbstractQueuedSynchronizer.java:1852)
        at app//org.apache.ratis.util.AwaitForSignal.await(AwaitForSignal.java:65)
        at app//org.apache.ratis.grpc.server.GrpcLogAppender.mayWait(GrpcLogAppender.java:290)
        at app//org.apache.ratis.grpc.server.GrpcLogAppender.run(GrpcLogAppender.java:258)
        at app//org.apache.ratis.server.leader.LogAppenderDaemon.run(LogAppenderDaemon.java:80)
        at app//org.apache.ratis.server.leader.LogAppenderDaemon$$Lambda/0x00007fcfe093e000.run(Unknown Source)
        at java.base@21.0.5/java.lang.Thread.runWith(Thread.java:1596)
        at java.base@21.0.5/java.lang.Thread.run(Thread.java:1583)
"qtp223830602-490" daemon prio=5 tid=490 runnable
java.lang.Thread.State: RUNNABLE
        at java.base@21.0.5/sun.nio.ch.EPoll.wait(Native Method)
        at java.base@21.0.5/sun.nio.ch.EPollSelectorImpl.doSelect(EPollSelectorImpl.java:121)
        at java.base@21.0.5/sun.nio.ch.SelectorImpl.lockAndDoSelect(SelectorImpl.java:130)
        at java.base@21.0.5/sun.nio.ch.SelectorImpl.select(SelectorImpl.java:147)
        at app//org.eclipse.jetty.io.ManagedSelector.nioSelect(ManagedSelector.java:183)
        at app//org.eclipse.jetty.io.ManagedSelector.select(ManagedSelector.java:190)
        at app//org.eclipse.jetty.io.ManagedSelector$SelectorProducer.select(ManagedSelector.java:606)
        at app//org.eclipse.jetty.io.ManagedSelector$SelectorProducer.produce(ManagedSelector.java:543)
        at app//org.eclipse.jetty.util.thread.strategy.EatWhatYouKill.produceTask(EatWhatYouKill.java:362)
        at app//org.eclipse.jetty.util.thread.strategy.EatWhatYouKill.doProduce(EatWhatYouKill.java:186)
        at app//org.eclipse.jetty.util.thread.strategy.EatWhatYouKill.tryProduce(EatWhatYouKill.java:173)
        at app//org.eclipse.jetty.util.thread.strategy.EatWhatYouKill.produce(EatWhatYouKill.java:137)
        at app//org.eclipse.jetty.io.ManagedSelector$$Lambda/0x00007fcfe0662730.run(Unknown Source)
        at app//org.eclipse.jetty.util.thread.QueuedThreadPool.runJob(QueuedThreadPool.java:883)
        at app//org.eclipse.jetty.util.thread.QueuedThreadPool$Runner.run(QueuedThreadPool.java:1034)
        at java.base@21.0.5/java.lang.Thread.runWith(Thread.java:1596)
        at java.base@21.0.5/java.lang.Thread.run(Thread.java:1583)
"IPC Parameter Sending Thread for 0.0.0.0/0.0.0.0:15002" daemon prio=5 tid=861 timed_waiting
java.lang.Thread.State: TIMED_WAITING
        at java.base@21.0.5/jdk.internal.misc.Unsafe.park(Native Method)
        at java.base@21.0.5/java.util.concurrent.locks.LockSupport.parkNanos(LockSupport.java:410)
        at java.base@21.0.5/java.util.concurrent.LinkedTransferQueue$DualNode.await(LinkedTransferQueue.java:452)
        at java.base@21.0.5/java.util.concurrent.LinkedTransferQueue.xfer(LinkedTransferQueue.java:613)
        at java.base@21.0.5/java.util.concurrent.SynchronousQueue.xfer(SynchronousQueue.java:235)
        at java.base@21.0.5/java.util.concurrent.SynchronousQueue.poll(SynchronousQueue.java:338)
        at app//org.apache.hadoop.ipc.Client$Connection$RpcRequestSender.run(Client.java:1121)
        at java.base@21.0.5/java.lang.Thread.runWith(Thread.java:1596)
        at java.base@21.0.5/java.lang.Thread.run(Thread.java:1583)
"IPC Server idle connection scanner for port 15000" daemon prio=5 tid=100 timed_waiting
java.lang.Thread.State: TIMED_WAITING
        at java.base@21.0.5/java.lang.Object.wait0(Native Method)
        at java.base@21.0.5/java.lang.Object.wait(Object.java:366)
        at java.base@21.0.5/java.util.TimerThread.mainLoop(Timer.java:563)
        at java.base@21.0.5/java.util.TimerThread.run(Timer.java:516)
"IPC Server handler 51 on default port 15000" daemon prio=5 tid=172 timed_waiting
java.lang.Thread.State: TIMED_WAITING
        at java.base@21.0.5/jdk.internal.misc.Unsafe.park(Native Method)
        at java.base@21.0.5/java.util.concurrent.locks.LockSupport.parkNanos(LockSupport.java:269)
        at java.base@21.0.5/java.util.concurrent.locks.AbstractQueuedSynchronizer$ConditionObject.awaitNanos(AbstractQueuedSynchronizer.java:1763)
        at java.base@21.0.5/java.util.concurrent.LinkedBlockingQueue.poll(LinkedBlockingQueue.java:460)
        at app//org.apache.hadoop.ipc.CallQueueManager.take(CallQueueManager.java:370)
        at app//org.apache.hadoop.ipc.Server$Handler.run(Server.java:3165)
"IPC Server handler 40 on default port 15002" daemon prio=5 tid=379 timed_waiting
java.lang.Thread.State: TIMED_WAITING
        at java.base@21.0.5/jdk.internal.misc.Unsafe.park(Native Method)
        at java.base@21.0.5/java.util.concurrent.locks.LockSupport.parkNanos(LockSupport.java:269)
        at java.base@21.0.5/java.util.concurrent.locks.AbstractQueuedSynchronizer$ConditionObject.awaitNanos(AbstractQueuedSynchronizer.java:1763)
        at java.base@21.0.5/java.util.concurrent.LinkedBlockingQueue.poll(LinkedBlockingQueue.java:460)
        at app//org.apache.hadoop.ipc.CallQueueManager.take(CallQueueManager.java:370)
        at app//org.apache.hadoop.ipc.Server$Handler.run(Server.java:3165)
"9c1aee78-f037-4e17-b985-0daab5eaf154-BlockDeletingService#0" daemon prio=5 tid=1105 timed_waiting
java.lang.Thread.State: TIMED_WAITING
        at java.base@21.0.5/jdk.internal.misc.Unsafe.park(Native Method)
        at java.base@21.0.5/java.util.concurrent.locks.LockSupport.parkNanos(LockSupport.java:269)
        at java.base@21.0.5/java.util.concurrent.locks.AbstractQueuedSynchronizer$ConditionObject.awaitNanos(AbstractQueuedSynchronizer.java:1763)
        at java.base@21.0.5/java.util.concurrent.ScheduledThreadPoolExecutor$DelayedWorkQueue.take(ScheduledThreadPoolExecutor.java:1182)
        at java.base@21.0.5/java.util.concurrent.ScheduledThreadPoolExecutor$DelayedWorkQueue.take(ScheduledThreadPoolExecutor.java:899)
        at java.base@21.0.5/java.util.concurrent.ThreadPoolExecutor.getTask(ThreadPoolExecutor.java:1070)
        at java.base@21.0.5/java.util.concurrent.ThreadPoolExecutor.runWorker(ThreadPoolExecutor.java:1130)
        at java.base@21.0.5/java.util.concurrent.ThreadPoolExecutor$Worker.run(ThreadPoolExecutor.java:642)
        at java.base@21.0.5/java.lang.Thread.runWith(Thread.java:1596)
        at java.base@21.0.5/java.lang.Thread.run(Thread.java:1583)
"qtp119512187-1903" daemon prio=5 tid=1903 timed_waiting
java.lang.Thread.State: TIMED_WAITING
        at java.base@21.0.5/jdk.internal.misc.Unsafe.park(Native Method)
        at java.base@21.0.5/java.util.concurrent.locks.LockSupport.parkNanos(LockSupport.java:269)
        at java.base@21.0.5/java.util.concurrent.locks.AbstractQueuedSynchronizer$ConditionObject.awaitNanos(AbstractQueuedSynchronizer.java:1763)
        at app//org.eclipse.jetty.util.BlockingArrayQueue.poll(BlockingArrayQueue.java:382)
        at app//org.eclipse.jetty.util.thread.QueuedThreadPool$Runner.idleJobPoll(QueuedThreadPool.java:974)
        at app//org.eclipse.jetty.util.thread.QueuedThreadPool$Runner.run(QueuedThreadPool.java:1018)
        at java.base@21.0.5/java.lang.Thread.runWith(Thread.java:1596)
        at java.base@21.0.5/java.lang.Thread.run(Thread.java:1583)
"om1-SnapshotDiffCleanupService#0" daemon prio=5 tid=443 timed_waiting
java.lang.Thread.State: TIMED_WAITING
        at java.base@21.0.5/jdk.internal.misc.Unsafe.park(Native Method)
        at java.base@21.0.5/java.util.concurrent.locks.LockSupport.parkNanos(LockSupport.java:269)
        at java.base@21.0.5/java.util.concurrent.locks.AbstractQueuedSynchronizer$ConditionObject.awaitNanos(AbstractQueuedSynchronizer.java:1763)
        at java.base@21.0.5/java.util.concurrent.ScheduledThreadPoolExecutor$DelayedWorkQueue.take(ScheduledThreadPoolExecutor.java:1182)
        at java.base@21.0.5/java.util.concurrent.ScheduledThreadPoolExecutor$DelayedWorkQueue.take(ScheduledThreadPoolExecutor.java:899)
        at java.base@21.0.5/java.util.concurrent.ThreadPoolExecutor.getTask(ThreadPoolExecutor.java:1070)
        at java.base@21.0.5/java.util.concurrent.ThreadPoolExecutor.runWorker(ThreadPoolExecutor.java:1130)
        at java.base@21.0.5/java.util.concurrent.ThreadPoolExecutor$Worker.run(ThreadPoolExecutor.java:642)
        at java.base@21.0.5/java.lang.Thread.runWith(Thread.java:1596)
        at java.base@21.0.5/java.lang.Thread.run(Thread.java:1583)
"fc60e07f-496f-42fe-ae82-620152583f87-ChunkWriter-2-0" daemon prio=5 tid=1065 in Object.wait()
java.lang.Thread.State: WAITING (on object monitor)
        at java.base@21.0.5/jdk.internal.misc.Unsafe.park(Native Method)
        at java.base@21.0.5/java.util.concurrent.locks.LockSupport.park(LockSupport.java:371)
        at java.base@21.0.5/java.util.concurrent.locks.AbstractQueuedSynchronizer$ConditionNode.block(AbstractQueuedSynchronizer.java:519)
        at java.base@21.0.5/java.util.concurrent.ForkJoinPool.unmanagedBlock(ForkJoinPool.java:3780)
        at java.base@21.0.5/java.util.concurrent.ForkJoinPool.managedBlock(ForkJoinPool.java:3725)
        at java.base@21.0.5/java.util.concurrent.locks.AbstractQueuedSynchronizer$ConditionObject.await(AbstractQueuedSynchronizer.java:1712)
        at java.base@21.0.5/java.util.concurrent.LinkedBlockingDeque.takeFirst(LinkedBlockingDeque.java:485)
        at java.base@21.0.5/java.util.concurrent.LinkedBlockingDeque.take(LinkedBlockingDeque.java:673)
        at java.base@21.0.5/java.util.concurrent.ThreadPoolExecutor.getTask(ThreadPoolExecutor.java:1070)
        at java.base@21.0.5/java.util.concurrent.ThreadPoolExecutor.runWorker(ThreadPoolExecutor.java:1130)
        at java.base@21.0.5/java.util.concurrent.ThreadPoolExecutor$Worker.run(ThreadPoolExecutor.java:642)
        at java.base@21.0.5/java.lang.Thread.runWith(Thread.java:1596)
        at java.base@21.0.5/java.lang.Thread.run(Thread.java:1583)
"ac5cad44-c19c-4f65-867f-c0009d6f555c-BlockDeletingService#0" daemon prio=5 tid=874 timed_waiting
java.lang.Thread.State: TIMED_WAITING
        at java.base@21.0.5/jdk.internal.misc.Unsafe.park(Native Method)
        at java.base@21.0.5/java.util.concurrent.locks.LockSupport.parkNanos(LockSupport.java:269)
        at java.base@21.0.5/java.util.concurrent.locks.AbstractQueuedSynchronizer$ConditionObject.awaitNanos(AbstractQueuedSynchronizer.java:1763)
        at java.base@21.0.5/java.util.concurrent.ScheduledThreadPoolExecutor$DelayedWorkQueue.take(ScheduledThreadPoolExecutor.java:1182)
        at java.base@21.0.5/java.util.concurrent.ScheduledThreadPoolExecutor$DelayedWorkQueue.take(ScheduledThreadPoolExecutor.java:899)
        at java.base@21.0.5/java.util.concurrent.ThreadPoolExecutor.getTask(ThreadPoolExecutor.java:1070)
        at java.base@21.0.5/java.util.concurrent.ThreadPoolExecutor.runWorker(ThreadPoolExecutor.java:1130)
        at java.base@21.0.5/java.util.concurrent.ThreadPoolExecutor$Worker.run(ThreadPoolExecutor.java:642)
        at java.base@21.0.5/java.lang.Thread.runWith(Thread.java:1596)
        at java.base@21.0.5/java.lang.Thread.run(Thread.java:1583)
"Socket Reader #6 for port 15075"  prio=5 tid=884 runnable
java.lang.Thread.State: RUNNABLE
        at java.base@21.0.5/sun.nio.ch.EPoll.wait(Native Method)
        at java.base@21.0.5/sun.nio.ch.EPollSelectorImpl.doSelect(EPollSelectorImpl.java:121)
        at java.base@21.0.5/sun.nio.ch.SelectorImpl.lockAndDoSelect(SelectorImpl.java:130)
        at java.base@21.0.5/sun.nio.ch.SelectorImpl.select(SelectorImpl.java:147)
        at app//org.apache.hadoop.ipc.Server$Listener$Reader.doRunLoop(Server.java:1497)
        at app//org.apache.hadoop.ipc.Server$Listener$Reader.run(Server.java:1476)
"IPC Server handler 20 on default port 15001" daemon prio=5 tid=241 timed_waiting
java.lang.Thread.State: TIMED_WAITING
        at java.base@21.0.5/jdk.internal.misc.Unsafe.park(Native Method)
        at java.base@21.0.5/java.util.concurrent.locks.LockSupport.parkNanos(LockSupport.java:269)
        at java.base@21.0.5/java.util.concurrent.locks.AbstractQueuedSynchronizer$ConditionObject.awaitNanos(AbstractQueuedSynchronizer.java:1763)
        at java.base@21.0.5/java.util.concurrent.LinkedBlockingQueue.poll(LinkedBlockingQueue.java:460)
        at app//org.apache.hadoop.ipc.CallQueueManager.take(CallQueueManager.java:370)
        at app//org.apache.hadoop.ipc.Server$Handler.run(Server.java:3165)
"9c1aee78-f037-4e17-b985-0daab5eaf154@group-9167B95FD813-LeaderStateImpl" daemon prio=5 tid=1477 timed_waiting
java.lang.Thread.State: TIMED_WAITING
        at java.base@21.0.5/jdk.internal.misc.Unsafe.park(Native Method)
        at java.base@21.0.5/java.util.concurrent.locks.LockSupport.parkNanos(LockSupport.java:269)
        at java.base@21.0.5/java.util.concurrent.locks.AbstractQueuedSynchronizer$ConditionObject.awaitNanos(AbstractQueuedSynchronizer.java:1763)
        at java.base@21.0.5/java.util.concurrent.ArrayBlockingQueue.poll(ArrayBlockingQueue.java:435)
        at app//org.apache.ratis.server.impl.LeaderStateImpl$EventQueue.poll(LeaderStateImpl.java:164)
        at app//org.apache.ratis.server.impl.LeaderStateImpl$EventProcessor.run(LeaderStateImpl.java:763)
"grpc-default-executor-0" daemon prio=5 tid=1183 timed_waiting
java.lang.Thread.State: TIMED_WAITING
        at java.base@21.0.5/jdk.internal.misc.Unsafe.park(Native Method)
        at java.base@21.0.5/java.util.concurrent.locks.LockSupport.parkNanos(LockSupport.java:410)
        at java.base@21.0.5/java.util.concurrent.LinkedTransferQueue$DualNode.await(LinkedTransferQueue.java:452)
        at java.base@21.0.5/java.util.concurrent.SynchronousQueue$Transferer.xferLifo(SynchronousQueue.java:194)
        at java.base@21.0.5/java.util.concurrent.SynchronousQueue.xfer(SynchronousQueue.java:235)
        at java.base@21.0.5/java.util.concurrent.SynchronousQueue.poll(SynchronousQueue.java:338)
        at java.base@21.0.5/java.util.concurrent.ThreadPoolExecutor.getTask(ThreadPoolExecutor.java:1069)
        at java.base@21.0.5/java.util.concurrent.ThreadPoolExecutor.runWorker(ThreadPoolExecutor.java:1130)
        at java.base@21.0.5/java.util.concurrent.ThreadPoolExecutor$Worker.run(ThreadPoolExecutor.java:642)
        at java.base@21.0.5/java.lang.Thread.runWith(Thread.java:1596)
        at java.base@21.0.5/java.lang.Thread.run(Thread.java:1583)
"IPC Server handler 23 on default port 15002" daemon prio=5 tid=362 timed_waiting
java.lang.Thread.State: TIMED_WAITING
        at java.base@21.0.5/jdk.internal.misc.Unsafe.park(Native Method)
        at java.base@21.0.5/java.util.concurrent.locks.LockSupport.parkNanos(LockSupport.java:269)
        at java.base@21.0.5/java.util.concurrent.locks.AbstractQueuedSynchronizer$ConditionObject.awaitNanos(AbstractQueuedSynchronizer.java:1763)
        at java.base@21.0.5/java.util.concurrent.LinkedBlockingQueue.poll(LinkedBlockingQueue.java:460)
        at app//org.apache.hadoop.ipc.CallQueueManager.take(CallQueueManager.java:370)
        at app//org.apache.hadoop.ipc.Server$Handler.run(Server.java:3165)
"FullTableCache-Cleanup-0" daemon prio=5 tid=441 timed_waiting
java.lang.Thread.State: TIMED_WAITING
        at java.base@21.0.5/jdk.internal.misc.Unsafe.park(Native Method)
        at java.base@21.0.5/java.util.concurrent.locks.LockSupport.parkNanos(LockSupport.java:269)
        at java.base@21.0.5/java.util.concurrent.locks.AbstractQueuedSynchronizer$ConditionObject.awaitNanos(AbstractQueuedSynchronizer.java:1763)
        at java.base@21.0.5/java.util.concurrent.ScheduledThreadPoolExecutor$DelayedWorkQueue.take(ScheduledThreadPoolExecutor.java:1182)
        at java.base@21.0.5/java.util.concurrent.ScheduledThreadPoolExecutor$DelayedWorkQueue.take(ScheduledThreadPoolExecutor.java:899)
        at java.base@21.0.5/java.util.concurrent.ThreadPoolExecutor.getTask(ThreadPoolExecutor.java:1070)
        at java.base@21.0.5/java.util.concurrent.ThreadPoolExecutor.runWorker(ThreadPoolExecutor.java:1130)
        at java.base@21.0.5/java.util.concurrent.ThreadPoolExecutor$Worker.run(ThreadPoolExecutor.java:642)
        at java.base@21.0.5/java.lang.Thread.runWith(Thread.java:1596)
        at java.base@21.0.5/java.lang.Thread.run(Thread.java:1583)
"EventQueue-PipelineActionsForPipelineActionHandler" daemon prio=5 tid=1521 in Object.wait()
java.lang.Thread.State: WAITING (on object monitor)
        at java.base@21.0.5/jdk.internal.misc.Unsafe.park(Native Method)
        at java.base@21.0.5/java.util.concurrent.locks.LockSupport.park(LockSupport.java:371)
        at java.base@21.0.5/java.util.concurrent.locks.AbstractQueuedSynchronizer$ConditionNode.block(AbstractQueuedSynchronizer.java:519)
        at java.base@21.0.5/java.util.concurrent.ForkJoinPool.unmanagedBlock(ForkJoinPool.java:3780)
        at java.base@21.0.5/java.util.concurrent.ForkJoinPool.managedBlock(ForkJoinPool.java:3725)
        at java.base@21.0.5/java.util.concurrent.locks.AbstractQueuedSynchronizer$ConditionObject.await(AbstractQueuedSynchronizer.java:1712)
        at java.base@21.0.5/java.util.concurrent.LinkedBlockingQueue.take(LinkedBlockingQueue.java:435)
        at java.base@21.0.5/java.util.concurrent.ThreadPoolExecutor.getTask(ThreadPoolExecutor.java:1070)
        at java.base@21.0.5/java.util.concurrent.ThreadPoolExecutor.runWorker(ThreadPoolExecutor.java:1130)
        at java.base@21.0.5/java.util.concurrent.ThreadPoolExecutor$Worker.run(ThreadPoolExecutor.java:642)
        at java.base@21.0.5/java.lang.Thread.runWith(Thread.java:1596)
        at java.base@21.0.5/java.lang.Thread.run(Thread.java:1583)
"Socket Reader #10 for port 15006"  prio=5 tid=459 runnable
java.lang.Thread.State: RUNNABLE
        at java.base@21.0.5/sun.nio.ch.EPoll.wait(Native Method)
        at java.base@21.0.5/sun.nio.ch.EPollSelectorImpl.doSelect(EPollSelectorImpl.java:121)
        at java.base@21.0.5/sun.nio.ch.SelectorImpl.lockAndDoSelect(SelectorImpl.java:130)
        at java.base@21.0.5/sun.nio.ch.SelectorImpl.select(SelectorImpl.java:147)
        at app//org.apache.hadoop.ipc.Server$Listener$Reader.doRunLoop(Server.java:1497)
        at app//org.apache.hadoop.ipc.Server$Listener$Reader.run(Server.java:1476)
"IPC Server handler 6 on default port 15030" daemon prio=5 tid=1929 timed_waiting
java.lang.Thread.State: TIMED_WAITING
        at java.base@21.0.5/jdk.internal.misc.Unsafe.park(Native Method)
        at java.base@21.0.5/java.util.concurrent.locks.LockSupport.parkNanos(LockSupport.java:269)
        at java.base@21.0.5/java.util.concurrent.locks.AbstractQueuedSynchronizer$ConditionObject.awaitNanos(AbstractQueuedSynchronizer.java:1763)
        at java.base@21.0.5/java.util.concurrent.LinkedBlockingQueue.poll(LinkedBlockingQueue.java:460)
        at app//org.apache.hadoop.ipc.CallQueueManager.take(CallQueueManager.java:370)
        at app//org.apache.hadoop.ipc.Server$Handler.run(Server.java:3165)
"IPC Server idle connection scanner for port 15066" daemon prio=5 tid=823 timed_waiting
java.lang.Thread.State: TIMED_WAITING
        at java.base@21.0.5/java.lang.Object.wait0(Native Method)
        at java.base@21.0.5/java.lang.Object.wait(Object.java:366)
        at java.base@21.0.5/java.util.TimerThread.mainLoop(Timer.java:563)
        at java.base@21.0.5/java.util.TimerThread.run(Timer.java:516)
"StaleRecoveringContainerScrubbingService#0" daemon prio=5 tid=1955 in Object.wait()
java.lang.Thread.State: WAITING (on object monitor)
        at java.base@21.0.5/jdk.internal.misc.Unsafe.park(Native Method)
        at java.base@21.0.5/java.util.concurrent.locks.LockSupport.park(LockSupport.java:371)
        at java.base@21.0.5/java.util.concurrent.locks.AbstractQueuedSynchronizer$ConditionNode.block(AbstractQueuedSynchronizer.java:519)
        at java.base@21.0.5/java.util.concurrent.ForkJoinPool.unmanagedBlock(ForkJoinPool.java:3780)
        at java.base@21.0.5/java.util.concurrent.ForkJoinPool.managedBlock(ForkJoinPool.java:3725)
        at java.base@21.0.5/java.util.concurrent.locks.AbstractQueuedSynchronizer$ConditionObject.await(AbstractQueuedSynchronizer.java:1712)
        at java.base@21.0.5/java.util.concurrent.ScheduledThreadPoolExecutor$DelayedWorkQueue.take(ScheduledThreadPoolExecutor.java:1177)
        at java.base@21.0.5/java.util.concurrent.ScheduledThreadPoolExecutor$DelayedWorkQueue.take(ScheduledThreadPoolExecutor.java:899)
        at java.base@21.0.5/java.util.concurrent.ThreadPoolExecutor.getTask(ThreadPoolExecutor.java:1070)
        at java.base@21.0.5/java.util.concurrent.ThreadPoolExecutor.runWorker(ThreadPoolExecutor.java:1130)
        at java.base@21.0.5/java.util.concurrent.ThreadPoolExecutor$Worker.run(ThreadPoolExecutor.java:642)
        at java.base@21.0.5/java.lang.Thread.runWith(Thread.java:1596)
        at java.base@21.0.5/java.lang.Thread.run(Thread.java:1583)
"qtp1883684513-763" daemon prio=5 tid=763 timed_waiting
java.lang.Thread.State: TIMED_WAITING
        at java.base@21.0.5/jdk.internal.misc.Unsafe.park(Native Method)
        at java.base@21.0.5/java.util.concurrent.locks.LockSupport.parkNanos(LockSupport.java:269)
        at java.base@21.0.5/java.util.concurrent.locks.AbstractQueuedSynchronizer$ConditionObject.awaitNanos(AbstractQueuedSynchronizer.java:1763)
        at app//org.eclipse.jetty.util.BlockingArrayQueue.poll(BlockingArrayQueue.java:382)
        at app//org.eclipse.jetty.util.thread.QueuedThreadPool$Runner.idleJobPoll(QueuedThreadPool.java:974)
        at app//org.eclipse.jetty.util.thread.QueuedThreadPool$Runner.run(QueuedThreadPool.java:1018)
        at java.base@21.0.5/java.lang.Thread.runWith(Thread.java:1596)
        at java.base@21.0.5/java.lang.Thread.run(Thread.java:1583)
"null-request--thread1" daemon prio=5 tid=2010 timed_waiting
java.lang.Thread.State: TIMED_WAITING
        at java.base@21.0.5/jdk.internal.misc.Unsafe.park(Native Method)
        at java.base@21.0.5/java.util.concurrent.locks.LockSupport.parkNanos(LockSupport.java:269)
        at java.base@21.0.5/java.util.concurrent.locks.AbstractQueuedSynchronizer$ConditionObject.awaitNanos(AbstractQueuedSynchronizer.java:1763)
        at java.base@21.0.5/java.util.concurrent.LinkedBlockingQueue.poll(LinkedBlockingQueue.java:460)
        at java.base@21.0.5/java.util.concurrent.ThreadPoolExecutor.getTask(ThreadPoolExecutor.java:1069)
        at java.base@21.0.5/java.util.concurrent.ThreadPoolExecutor.runWorker(ThreadPoolExecutor.java:1130)
        at java.base@21.0.5/java.util.concurrent.ThreadPoolExecutor$Worker.run(ThreadPoolExecutor.java:642)
        at java.base@21.0.5/java.lang.Thread.runWith(Thread.java:1596)
        at java.base@21.0.5/java.lang.Thread.run(Thread.java:1583)
"69390d8a-021c-44b7-9fe5-c9855a0c5aa1@group-9167B95FD813-StateMachineUpdater" daemon prio=5 tid=1307 timed_waiting
java.lang.Thread.State: TIMED_WAITING
        at java.base@21.0.5/jdk.internal.misc.Unsafe.park(Native Method)
        at java.base@21.0.5/java.util.concurrent.locks.LockSupport.parkNanos(LockSupport.java:269)
        at java.base@21.0.5/java.util.concurrent.locks.AbstractQueuedSynchronizer$ConditionObject.await(AbstractQueuedSynchronizer.java:1852)
        at app//org.apache.ratis.util.AwaitForSignal.await(AwaitForSignal.java:65)
        at app//org.apache.ratis.server.impl.StateMachineUpdater.waitForCommit(StateMachineUpdater.java:219)
        at app//org.apache.ratis.server.impl.StateMachineUpdater.run(StateMachineUpdater.java:187)
        at java.base@21.0.5/java.lang.Thread.runWith(Thread.java:1596)
        at java.base@21.0.5/java.lang.Thread.run(Thread.java:1583)
"IPC Server handler 76 on default port 15002" daemon prio=5 tid=415 timed_waiting
java.lang.Thread.State: TIMED_WAITING
        at java.base@21.0.5/jdk.internal.misc.Unsafe.park(Native Method)
        at java.base@21.0.5/java.util.concurrent.locks.LockSupport.parkNanos(LockSupport.java:269)
        at java.base@21.0.5/java.util.concurrent.locks.AbstractQueuedSynchronizer$ConditionObject.awaitNanos(AbstractQueuedSynchronizer.java:1763)
        at java.base@21.0.5/java.util.concurrent.LinkedBlockingQueue.poll(LinkedBlockingQueue.java:460)
        at app//org.apache.hadoop.ipc.CallQueueManager.take(CallQueueManager.java:370)
        at app//org.apache.hadoop.ipc.Server$Handler.run(Server.java:3165)
"a14cd1ab-7861-42f9-8639-15260a7193f0-DatanodeReportManager-0" daemon prio=5 tid=2177 timed_waiting
java.lang.Thread.State: TIMED_WAITING
        at java.base@21.0.5/jdk.internal.misc.Unsafe.park(Native Method)
        at java.base@21.0.5/java.util.concurrent.locks.LockSupport.parkNanos(LockSupport.java:269)
        at java.base@21.0.5/java.util.concurrent.locks.AbstractQueuedSynchronizer$ConditionObject.awaitNanos(AbstractQueuedSynchronizer.java:1763)
        at java.base@21.0.5/java.util.concurrent.ScheduledThreadPoolExecutor$DelayedWorkQueue.take(ScheduledThreadPoolExecutor.java:1182)
        at java.base@21.0.5/java.util.concurrent.ScheduledThreadPoolExecutor$DelayedWorkQueue.take(ScheduledThreadPoolExecutor.java:899)
        at java.base@21.0.5/java.util.concurrent.ThreadPoolExecutor.getTask(ThreadPoolExecutor.java:1070)
        at java.base@21.0.5/java.util.concurrent.ThreadPoolExecutor.runWorker(ThreadPoolExecutor.java:1130)
        at java.base@21.0.5/java.util.concurrent.ThreadPoolExecutor$Worker.run(ThreadPoolExecutor.java:642)
        at java.base@21.0.5/java.lang.Thread.runWith(Thread.java:1596)
        at java.base@21.0.5/java.lang.Thread.run(Thread.java:1583)
"IPC Server handler 49 on default port 15000" daemon prio=5 tid=170 timed_waiting
java.lang.Thread.State: TIMED_WAITING
        at java.base@21.0.5/jdk.internal.misc.Unsafe.park(Native Method)
        at java.base@21.0.5/java.util.concurrent.locks.LockSupport.parkNanos(LockSupport.java:269)
        at java.base@21.0.5/java.util.concurrent.locks.AbstractQueuedSynchronizer$ConditionObject.awaitNanos(AbstractQueuedSynchronizer.java:1763)
        at java.base@21.0.5/java.util.concurrent.LinkedBlockingQueue.poll(LinkedBlockingQueue.java:460)
        at app//org.apache.hadoop.ipc.CallQueueManager.take(CallQueueManager.java:370)
        at app//org.apache.hadoop.ipc.Server$Handler.run(Server.java:3165)
"IPC Server idle connection scanner for port 15001" daemon prio=5 tid=86 timed_waiting
java.lang.Thread.State: TIMED_WAITING
        at java.base@21.0.5/java.lang.Object.wait0(Native Method)
        at java.base@21.0.5/java.lang.Object.wait(Object.java:366)
        at java.base@21.0.5/java.util.TimerThread.mainLoop(Timer.java:563)
        at java.base@21.0.5/java.util.TimerThread.run(Timer.java:516)
"IPC Server handler 2 on default port 15093" daemon prio=5 tid=1022 timed_waiting
java.lang.Thread.State: TIMED_WAITING
        at java.base@21.0.5/jdk.internal.misc.Unsafe.park(Native Method)
        at java.base@21.0.5/java.util.concurrent.locks.LockSupport.parkNanos(LockSupport.java:269)
        at java.base@21.0.5/java.util.concurrent.locks.AbstractQueuedSynchronizer$ConditionObject.awaitNanos(AbstractQueuedSynchronizer.java:1763)
        at java.base@21.0.5/java.util.concurrent.LinkedBlockingQueue.poll(LinkedBlockingQueue.java:460)
        at app//org.apache.hadoop.ipc.CallQueueManager.take(CallQueueManager.java:370)
        at app//org.apache.hadoop.ipc.Server$Handler.run(Server.java:3165)
"grpc-default-executor-10" daemon prio=5 tid=1855 timed_waiting
java.lang.Thread.State: TIMED_WAITING
        at java.base@21.0.5/jdk.internal.misc.Unsafe.park(Native Method)
        at java.base@21.0.5/java.util.concurrent.locks.LockSupport.parkNanos(LockSupport.java:410)
        at java.base@21.0.5/java.util.concurrent.LinkedTransferQueue$DualNode.await(LinkedTransferQueue.java:452)
        at java.base@21.0.5/java.util.concurrent.SynchronousQueue$Transferer.xferLifo(SynchronousQueue.java:194)
        at java.base@21.0.5/java.util.concurrent.SynchronousQueue.xfer(SynchronousQueue.java:235)
        at java.base@21.0.5/java.util.concurrent.SynchronousQueue.poll(SynchronousQueue.java:338)
        at java.base@21.0.5/java.util.concurrent.ThreadPoolExecutor.getTask(ThreadPoolExecutor.java:1069)
        at java.base@21.0.5/java.util.concurrent.ThreadPoolExecutor.runWorker(ThreadPoolExecutor.java:1130)
        at java.base@21.0.5/java.util.concurrent.ThreadPoolExecutor$Worker.run(ThreadPoolExecutor.java:642)
        at java.base@21.0.5/java.lang.Thread.runWith(Thread.java:1596)
        at java.base@21.0.5/java.lang.Thread.run(Thread.java:1583)
"StaleRecoveringContainerScrubbingService#2" daemon prio=5 tid=1846 in Object.wait()
java.lang.Thread.State: WAITING (on object monitor)
        at java.base@21.0.5/jdk.internal.misc.Unsafe.park(Native Method)
        at java.base@21.0.5/java.util.concurrent.locks.LockSupport.park(LockSupport.java:371)
        at java.base@21.0.5/java.util.concurrent.locks.AbstractQueuedSynchronizer$ConditionNode.block(AbstractQueuedSynchronizer.java:519)
        at java.base@21.0.5/java.util.concurrent.ForkJoinPool.unmanagedBlock(ForkJoinPool.java:3780)
        at java.base@21.0.5/java.util.concurrent.ForkJoinPool.managedBlock(ForkJoinPool.java:3725)
        at java.base@21.0.5/java.util.concurrent.locks.AbstractQueuedSynchronizer$ConditionObject.await(AbstractQueuedSynchronizer.java:1712)
        at java.base@21.0.5/java.util.concurrent.ScheduledThreadPoolExecutor$DelayedWorkQueue.take(ScheduledThreadPoolExecutor.java:1177)
        at java.base@21.0.5/java.util.concurrent.ScheduledThreadPoolExecutor$DelayedWorkQueue.take(ScheduledThreadPoolExecutor.java:899)
        at java.base@21.0.5/java.util.concurrent.ThreadPoolExecutor.getTask(ThreadPoolExecutor.java:1070)
        at java.base@21.0.5/java.util.concurrent.ThreadPoolExecutor.runWorker(ThreadPoolExecutor.java:1130)
        at java.base@21.0.5/java.util.concurrent.ThreadPoolExecutor$Worker.run(ThreadPoolExecutor.java:642)
        at java.base@21.0.5/java.lang.Thread.runWith(Thread.java:1596)
        at java.base@21.0.5/java.lang.Thread.run(Thread.java:1583)
"pool-500-thread-1"  prio=5 tid=2142 timed_waiting
java.lang.Thread.State: TIMED_WAITING
        at java.base@21.0.5/jdk.internal.misc.Unsafe.park(Native Method)
        at java.base@21.0.5/java.util.concurrent.locks.LockSupport.parkNanos(LockSupport.java:269)
        at java.base@21.0.5/java.util.concurrent.locks.AbstractQueuedSynchronizer$ConditionObject.awaitNanos(AbstractQueuedSynchronizer.java:1763)
        at java.base@21.0.5/java.util.concurrent.ScheduledThreadPoolExecutor$DelayedWorkQueue.take(ScheduledThreadPoolExecutor.java:1182)
        at java.base@21.0.5/java.util.concurrent.ScheduledThreadPoolExecutor$DelayedWorkQueue.take(ScheduledThreadPoolExecutor.java:899)
        at java.base@21.0.5/java.util.concurrent.ThreadPoolExecutor.getTask(ThreadPoolExecutor.java:1070)
        at java.base@21.0.5/java.util.concurrent.ThreadPoolExecutor.runWorker(ThreadPoolExecutor.java:1130)
        at java.base@21.0.5/java.util.concurrent.ThreadPoolExecutor$Worker.run(ThreadPoolExecutor.java:642)
        at java.base@21.0.5/java.lang.Thread.runWith(Thread.java:1596)
        at java.base@21.0.5/java.lang.Thread.run(Thread.java:1583)
"a14cd1ab-7861-42f9-8639-15260a7193f0-BlockDeletingService#0" daemon prio=5 tid=2202 timed_waiting
java.lang.Thread.State: TIMED_WAITING
        at java.base@21.0.5/jdk.internal.misc.Unsafe.park(Native Method)
        at java.base@21.0.5/java.util.concurrent.locks.LockSupport.parkNanos(LockSupport.java:269)
        at java.base@21.0.5/java.util.concurrent.locks.AbstractQueuedSynchronizer$ConditionObject.awaitNanos(AbstractQueuedSynchronizer.java:1763)
        at java.base@21.0.5/java.util.concurrent.ScheduledThreadPoolExecutor$DelayedWorkQueue.take(ScheduledThreadPoolExecutor.java:1182)
        at java.base@21.0.5/java.util.concurrent.ScheduledThreadPoolExecutor$DelayedWorkQueue.take(ScheduledThreadPoolExecutor.java:899)
        at java.base@21.0.5/java.util.concurrent.ThreadPoolExecutor.getTask(ThreadPoolExecutor.java:1070)
        at java.base@21.0.5/java.util.concurrent.ThreadPoolExecutor.runWorker(ThreadPoolExecutor.java:1130)
        at java.base@21.0.5/java.util.concurrent.ThreadPoolExecutor$Worker.run(ThreadPoolExecutor.java:642)
        at java.base@21.0.5/java.lang.Thread.runWith(Thread.java:1596)
        at java.base@21.0.5/java.lang.Thread.run(Thread.java:1583)
"fc60e07f-496f-42fe-ae82-620152583f87-DatanodeStateMachineTaskThread-1"  prio=5 tid=1055 in Object.wait()
java.lang.Thread.State: WAITING (on object monitor)
        at java.base@21.0.5/jdk.internal.misc.Unsafe.park(Native Method)
        at java.base@21.0.5/java.util.concurrent.locks.LockSupport.park(LockSupport.java:371)
        at java.base@21.0.5/java.util.concurrent.locks.AbstractQueuedSynchronizer$ConditionNode.block(AbstractQueuedSynchronizer.java:519)
        at java.base@21.0.5/java.util.concurrent.ForkJoinPool.unmanagedBlock(ForkJoinPool.java:3780)
        at java.base@21.0.5/java.util.concurrent.ForkJoinPool.managedBlock(ForkJoinPool.java:3725)
        at java.base@21.0.5/java.util.concurrent.locks.AbstractQueuedSynchronizer$ConditionObject.await(AbstractQueuedSynchronizer.java:1712)
        at java.base@21.0.5/java.util.concurrent.LinkedBlockingQueue.take(LinkedBlockingQueue.java:435)
        at java.base@21.0.5/java.util.concurrent.ThreadPoolExecutor.getTask(ThreadPoolExecutor.java:1070)
        at java.base@21.0.5/java.util.concurrent.ThreadPoolExecutor.runWorker(ThreadPoolExecutor.java:1130)
        at java.base@21.0.5/java.util.concurrent.ThreadPoolExecutor$Worker.run(ThreadPoolExecutor.java:642)
        at java.base@21.0.5/java.lang.Thread.runWith(Thread.java:1596)
        at java.base@21.0.5/java.lang.Thread.run(Thread.java:1583)
"IPC Server handler 70 on default port 15001" daemon prio=5 tid=291 timed_waiting
java.lang.Thread.State: TIMED_WAITING
        at java.base@21.0.5/jdk.internal.misc.Unsafe.park(Native Method)
        at java.base@21.0.5/java.util.concurrent.locks.LockSupport.parkNanos(LockSupport.java:269)
        at java.base@21.0.5/java.util.concurrent.locks.AbstractQueuedSynchronizer$ConditionObject.awaitNanos(AbstractQueuedSynchronizer.java:1763)
        at java.base@21.0.5/java.util.concurrent.LinkedBlockingQueue.poll(LinkedBlockingQueue.java:460)
        at app//org.apache.hadoop.ipc.CallQueueManager.take(CallQueueManager.java:370)
        at app//org.apache.hadoop.ipc.Server$Handler.run(Server.java:3165)
"Socket Reader #4 for port 15057"  prio=5 tid=770 runnable
java.lang.Thread.State: RUNNABLE
        at java.base@21.0.5/sun.nio.ch.EPoll.wait(Native Method)
        at java.base@21.0.5/sun.nio.ch.EPollSelectorImpl.doSelect(EPollSelectorImpl.java:121)
        at java.base@21.0.5/sun.nio.ch.SelectorImpl.lockAndDoSelect(SelectorImpl.java:130)
        at java.base@21.0.5/sun.nio.ch.SelectorImpl.select(SelectorImpl.java:147)
        at app//org.apache.hadoop.ipc.Server$Listener$Reader.doRunLoop(Server.java:1497)
        at app//org.apache.hadoop.ipc.Server$Listener$Reader.run(Server.java:1476)
"IPC Server handler 83 on default port 15001" daemon prio=5 tid=304 timed_waiting
java.lang.Thread.State: TIMED_WAITING
        at java.base@21.0.5/jdk.internal.misc.Unsafe.park(Native Method)
        at java.base@21.0.5/java.util.concurrent.locks.LockSupport.parkNanos(LockSupport.java:269)
        at java.base@21.0.5/java.util.concurrent.locks.AbstractQueuedSynchronizer$ConditionObject.awaitNanos(AbstractQueuedSynchronizer.java:1763)
        at java.base@21.0.5/java.util.concurrent.LinkedBlockingQueue.poll(LinkedBlockingQueue.java:460)
        at app//org.apache.hadoop.ipc.CallQueueManager.take(CallQueueManager.java:370)
        at app//org.apache.hadoop.ipc.Server$Handler.run(Server.java:3165)
"7c84fc52-fa7b-40d9-a19c-d4e4c83c5fa3@group-B8383FC2DAB2-StateMachineUpdater" daemon prio=5 tid=1982 timed_waiting
java.lang.Thread.State: TIMED_WAITING
        at java.base@21.0.5/jdk.internal.misc.Unsafe.park(Native Method)
        at java.base@21.0.5/java.util.concurrent.locks.LockSupport.parkNanos(LockSupport.java:269)
        at java.base@21.0.5/java.util.concurrent.locks.AbstractQueuedSynchronizer$ConditionObject.await(AbstractQueuedSynchronizer.java:1852)
        at app//org.apache.ratis.util.AwaitForSignal.await(AwaitForSignal.java:65)
        at app//org.apache.ratis.server.impl.StateMachineUpdater.waitForCommit(StateMachineUpdater.java:219)
        at app//org.apache.ratis.server.impl.StateMachineUpdater.run(StateMachineUpdater.java:187)
        at java.base@21.0.5/java.lang.Thread.runWith(Thread.java:1596)
        at java.base@21.0.5/java.lang.Thread.run(Thread.java:1583)
"ContainerDataScanner(/home/runner/work/ozone/ozone/hadoop-ozone/integration-test/target/test-dir/MiniOzoneClusterImpl-7d8e89df-ef81-4ba3-8c0c-8d2bb8f5309d/ozone-meta/datanode-8/data-0/hdds)" daemon prio=5 tid=1123 timed_waiting
java.lang.Thread.State: TIMED_WAITING
        at java.base@21.0.5/java.lang.Thread.sleep0(Native Method)
        at java.base@21.0.5/java.lang.Thread.sleep(Thread.java:509)
        at app//org.apache.hadoop.ozone.container.ozoneimpl.AbstractBackgroundContainerScanner.handleRemainingSleep(AbstractBackgroundContainerScanner.java:131)
        at app//org.apache.hadoop.ozone.container.ozoneimpl.AbstractBackgroundContainerScanner.runIteration(AbstractBackgroundContainerScanner.java:98)
        at app//org.apache.hadoop.ozone.container.ozoneimpl.AbstractBackgroundContainerScanner.run(AbstractBackgroundContainerScanner.java:57)
"9c1aee78-f037-4e17-b985-0daab5eaf154-DatanodeReportManager-0" daemon prio=5 tid=837 in Object.wait()
java.lang.Thread.State: WAITING (on object monitor)
        at java.base@21.0.5/jdk.internal.misc.Unsafe.park(Native Method)
        at java.base@21.0.5/java.util.concurrent.locks.LockSupport.park(LockSupport.java:371)
        at java.base@21.0.5/java.util.concurrent.locks.AbstractQueuedSynchronizer$ConditionNode.block(AbstractQueuedSynchronizer.java:519)
        at java.base@21.0.5/java.util.concurrent.ForkJoinPool.unmanagedBlock(ForkJoinPool.java:3780)
        at java.base@21.0.5/java.util.concurrent.ForkJoinPool.managedBlock(ForkJoinPool.java:3725)
        at java.base@21.0.5/java.util.concurrent.locks.AbstractQueuedSynchronizer$ConditionObject.await(AbstractQueuedSynchronizer.java:1712)
        at java.base@21.0.5/java.util.concurrent.ScheduledThreadPoolExecutor$DelayedWorkQueue.take(ScheduledThreadPoolExecutor.java:1177)
        at java.base@21.0.5/java.util.concurrent.ScheduledThreadPoolExecutor$DelayedWorkQueue.take(ScheduledThreadPoolExecutor.java:899)
        at java.base@21.0.5/java.util.concurrent.ThreadPoolExecutor.getTask(ThreadPoolExecutor.java:1070)
        at java.base@21.0.5/java.util.concurrent.ThreadPoolExecutor.runWorker(ThreadPoolExecutor.java:1130)
        at java.base@21.0.5/java.util.concurrent.ThreadPoolExecutor$Worker.run(ThreadPoolExecutor.java:642)
        at java.base@21.0.5/java.lang.Thread.runWith(Thread.java:1596)
        at java.base@21.0.5/java.lang.Thread.run(Thread.java:1583)
"StaleRecoveringContainerScrubbingService#3" daemon prio=5 tid=2127 in Object.wait()
java.lang.Thread.State: WAITING (on object monitor)
        at java.base@21.0.5/jdk.internal.misc.Unsafe.park(Native Method)
        at java.base@21.0.5/java.util.concurrent.locks.LockSupport.park(LockSupport.java:371)
        at java.base@21.0.5/java.util.concurrent.locks.AbstractQueuedSynchronizer$ConditionNode.block(AbstractQueuedSynchronizer.java:519)
        at java.base@21.0.5/java.util.concurrent.ForkJoinPool.unmanagedBlock(ForkJoinPool.java:3780)
        at java.base@21.0.5/java.util.concurrent.ForkJoinPool.managedBlock(ForkJoinPool.java:3725)
        at java.base@21.0.5/java.util.concurrent.locks.AbstractQueuedSynchronizer$ConditionObject.await(AbstractQueuedSynchronizer.java:1712)
        at java.base@21.0.5/java.util.concurrent.ScheduledThreadPoolExecutor$DelayedWorkQueue.take(ScheduledThreadPoolExecutor.java:1177)
        at java.base@21.0.5/java.util.concurrent.ScheduledThreadPoolExecutor$DelayedWorkQueue.take(ScheduledThreadPoolExecutor.java:899)
        at java.base@21.0.5/java.util.concurrent.ThreadPoolExecutor.getTask(ThreadPoolExecutor.java:1070)
        at java.base@21.0.5/java.util.concurrent.ThreadPoolExecutor.runWorker(ThreadPoolExecutor.java:1130)
        at java.base@21.0.5/java.util.concurrent.ThreadPoolExecutor$Worker.run(ThreadPoolExecutor.java:642)
        at java.base@21.0.5/java.lang.Thread.runWith(Thread.java:1596)
        at java.base@21.0.5/java.lang.Thread.run(Thread.java:1583)
"IPC Server handler 42 on default port 15002" daemon prio=5 tid=381 timed_waiting
java.lang.Thread.State: TIMED_WAITING
        at java.base@21.0.5/jdk.internal.misc.Unsafe.park(Native Method)
        at java.base@21.0.5/java.util.concurrent.locks.LockSupport.parkNanos(LockSupport.java:269)
        at java.base@21.0.5/java.util.concurrent.locks.AbstractQueuedSynchronizer$ConditionObject.awaitNanos(AbstractQueuedSynchronizer.java:1763)
        at java.base@21.0.5/java.util.concurrent.LinkedBlockingQueue.poll(LinkedBlockingQueue.java:460)
        at app//org.apache.hadoop.ipc.CallQueueManager.take(CallQueueManager.java:370)
        at app//org.apache.hadoop.ipc.Server$Handler.run(Server.java:3165)
"9c1aee78-f037-4e17-b985-0daab5eaf154@group-F17B56B9071C-cacheEviction-AwaitToRun" daemon prio=5 tid=1287 in Object.wait()
java.lang.Thread.State: WAITING (on object monitor)
        at java.base@21.0.5/jdk.internal.misc.Unsafe.park(Native Method)
        at java.base@21.0.5/java.util.concurrent.locks.LockSupport.park(LockSupport.java:371)
        at java.base@21.0.5/java.util.concurrent.locks.AbstractQueuedSynchronizer$ConditionNode.block(AbstractQueuedSynchronizer.java:519)
        at java.base@21.0.5/java.util.concurrent.ForkJoinPool.unmanagedBlock(ForkJoinPool.java:3780)
        at java.base@21.0.5/java.util.concurrent.ForkJoinPool.managedBlock(ForkJoinPool.java:3725)
        at java.base@21.0.5/java.util.concurrent.locks.AbstractQueuedSynchronizer$ConditionObject.await(AbstractQueuedSynchronizer.java:1712)
        at app//org.apache.ratis.util.AwaitForSignal.await(AwaitForSignal.java:48)
        at app//org.apache.ratis.util.AwaitToRun$RunnableImpl.run(AwaitToRun.java:47)
        at java.base@21.0.5/java.lang.Thread.runWith(Thread.java:1596)
        at java.base@21.0.5/java.lang.Thread.run(Thread.java:1583)
"Socket Reader #3 for port 15021"  prio=5 tid=583 runnable
java.lang.Thread.State: RUNNABLE
        at java.base@21.0.5/sun.nio.ch.EPoll.wait(Native Method)
        at java.base@21.0.5/sun.nio.ch.EPollSelectorImpl.doSelect(EPollSelectorImpl.java:121)
        at java.base@21.0.5/sun.nio.ch.SelectorImpl.lockAndDoSelect(SelectorImpl.java:130)
        at java.base@21.0.5/sun.nio.ch.SelectorImpl.select(SelectorImpl.java:147)
        at app//org.apache.hadoop.ipc.Server$Listener$Reader.doRunLoop(Server.java:1497)
        at app//org.apache.hadoop.ipc.Server$Listener$Reader.run(Server.java:1476)
"EventQueue-DatanodeCommandQueueUpdatedForDatanodeCommandCountUpdatedHandler" daemon prio=5 tid=1170 in Object.wait()
java.lang.Thread.State: WAITING (on object monitor)
        at java.base@21.0.5/jdk.internal.misc.Unsafe.park(Native Method)
        at java.base@21.0.5/java.util.concurrent.locks.LockSupport.park(LockSupport.java:371)
        at java.base@21.0.5/java.util.concurrent.locks.AbstractQueuedSynchronizer$ConditionNode.block(AbstractQueuedSynchronizer.java:519)
        at java.base@21.0.5/java.util.concurrent.ForkJoinPool.unmanagedBlock(ForkJoinPool.java:3780)
        at java.base@21.0.5/java.util.concurrent.ForkJoinPool.managedBlock(ForkJoinPool.java:3725)
        at java.base@21.0.5/java.util.concurrent.locks.AbstractQueuedSynchronizer$ConditionObject.await(AbstractQueuedSynchronizer.java:1712)
        at java.base@21.0.5/java.util.concurrent.LinkedBlockingQueue.take(LinkedBlockingQueue.java:435)
        at java.base@21.0.5/java.util.concurrent.ThreadPoolExecutor.getTask(ThreadPoolExecutor.java:1070)
        at java.base@21.0.5/java.util.concurrent.ThreadPoolExecutor.runWorker(ThreadPoolExecutor.java:1130)
        at java.base@21.0.5/java.util.concurrent.ThreadPoolExecutor$Worker.run(ThreadPoolExecutor.java:642)
        at java.base@21.0.5/java.lang.Thread.runWith(Thread.java:1596)
        at java.base@21.0.5/java.lang.Thread.run(Thread.java:1583)
"IPC Server Responder" daemon prio=5 tid=592 runnable
java.lang.Thread.State: RUNNABLE
        at java.base@21.0.5/sun.nio.ch.EPoll.wait(Native Method)
        at java.base@21.0.5/sun.nio.ch.EPollSelectorImpl.doSelect(EPollSelectorImpl.java:121)
        at java.base@21.0.5/sun.nio.ch.SelectorImpl.lockAndDoSelect(SelectorImpl.java:130)
        at java.base@21.0.5/sun.nio.ch.SelectorImpl.select(SelectorImpl.java:142)
        at app//org.apache.hadoop.ipc.Server$Responder.doRunLoop(Server.java:1733)
        at app//org.apache.hadoop.ipc.Server$Responder.run(Server.java:1716)
"Socket Reader #10 for port 15000"  prio=5 tid=99 runnable
java.lang.Thread.State: RUNNABLE
        at java.base@21.0.5/sun.nio.ch.EPoll.wait(Native Method)
        at java.base@21.0.5/sun.nio.ch.EPollSelectorImpl.doSelect(EPollSelectorImpl.java:121)
        at java.base@21.0.5/sun.nio.ch.SelectorImpl.lockAndDoSelect(SelectorImpl.java:130)
        at java.base@21.0.5/sun.nio.ch.SelectorImpl.select(SelectorImpl.java:147)
        at app//org.apache.hadoop.ipc.Server$Listener$Reader.doRunLoop(Server.java:1497)
        at app//org.apache.hadoop.ipc.Server$Listener$Reader.run(Server.java:1476)
"69390d8a-021c-44b7-9fe5-c9855a0c5aa1-CommandProcessorThread" daemon prio=5 tid=907 timed_waiting
java.lang.Thread.State: TIMED_WAITING
        at java.base@21.0.5/java.lang.Thread.sleep0(Native Method)
        at java.base@21.0.5/java.lang.Thread.sleep(Thread.java:509)
        at app//org.apache.hadoop.ozone.container.common.statemachine.DatanodeStateMachine.lambda$initCommandHandlerThread$4(DatanodeStateMachine.java:670)
        at app//org.apache.hadoop.ozone.container.common.statemachine.DatanodeStateMachine$$Lambda/0x00007fcfe07d9b78.run(Unknown Source)
        at java.base@21.0.5/java.lang.Thread.runWith(Thread.java:1596)
        at java.base@21.0.5/java.lang.Thread.run(Thread.java:1583)
"91d0dafb-6cb7-42e5-b129-660fdc1902ba@group-DEECD8B278EF-StateMachineUpdater" daemon prio=5 tid=2209 timed_waiting
java.lang.Thread.State: TIMED_WAITING
        at java.base@21.0.5/jdk.internal.misc.Unsafe.park(Native Method)
        at java.base@21.0.5/java.util.concurrent.locks.LockSupport.parkNanos(LockSupport.java:269)
        at java.base@21.0.5/java.util.concurrent.locks.AbstractQueuedSynchronizer$ConditionObject.await(AbstractQueuedSynchronizer.java:1852)
        at app//org.apache.ratis.util.AwaitForSignal.await(AwaitForSignal.java:65)
        at app//org.apache.ratis.server.impl.StateMachineUpdater.waitForCommit(StateMachineUpdater.java:219)
        at app//org.apache.ratis.server.impl.StateMachineUpdater.run(StateMachineUpdater.java:187)
        at java.base@21.0.5/java.lang.Thread.runWith(Thread.java:1596)
        at java.base@21.0.5/java.lang.Thread.run(Thread.java:1583)
"b5e8fa21-b7a1-4c36-a12e-fa069f9a009b@group-8D2BB8F5309D-StateMachineUpdater" daemon prio=5 tid=116 timed_waiting
java.lang.Thread.State: TIMED_WAITING
        at java.base@21.0.5/jdk.internal.misc.Unsafe.park(Native Method)
        at java.base@21.0.5/java.util.concurrent.locks.LockSupport.parkNanos(LockSupport.java:269)
        at java.base@21.0.5/java.util.concurrent.locks.AbstractQueuedSynchronizer$ConditionObject.await(AbstractQueuedSynchronizer.java:1852)
        at app//org.apache.ratis.util.AwaitForSignal.await(AwaitForSignal.java:65)
        at app//org.apache.ratis.server.impl.StateMachineUpdater.waitForCommit(StateMachineUpdater.java:219)
        at app//org.apache.ratis.server.impl.StateMachineUpdater.run(StateMachineUpdater.java:187)
        at java.base@21.0.5/java.lang.Thread.runWith(Thread.java:1596)
        at java.base@21.0.5/java.lang.Thread.run(Thread.java:1583)
"7c84fc52-fa7b-40d9-a19c-d4e4c83c5fa3@group-DC6777C4EFF8-SegmentedRaftLogWorker" daemon prio=5 tid=1197 timed_waiting
java.lang.Thread.State: TIMED_WAITING
        at java.base@21.0.5/jdk.internal.misc.Unsafe.park(Native Method)
        at java.base@21.0.5/java.util.concurrent.locks.LockSupport.parkNanos(LockSupport.java:269)
        at java.base@21.0.5/java.util.concurrent.locks.AbstractQueuedSynchronizer$ConditionObject.awaitNanos(AbstractQueuedSynchronizer.java:1763)
        at app//org.apache.ratis.util.DataBlockingQueue.poll(DataBlockingQueue.java:148)
        at app//org.apache.ratis.server.raftlog.segmented.SegmentedRaftLogWorker.run(SegmentedRaftLogWorker.java:307)
        at app//org.apache.ratis.server.raftlog.segmented.SegmentedRaftLogWorker$$Lambda/0x00007fcfe03376d0.run(Unknown Source)
        at java.base@21.0.5/java.util.concurrent.Executors$RunnableAdapter.call(Executors.java:572)
        at java.base@21.0.5/java.util.concurrent.FutureTask.run(FutureTask.java:317)
        at java.base@21.0.5/java.util.concurrent.ThreadPoolExecutor.runWorker(ThreadPoolExecutor.java:1144)
        at java.base@21.0.5/java.util.concurrent.ThreadPoolExecutor$Worker.run(ThreadPoolExecutor.java:642)
        at java.base@21.0.5/java.lang.Thread.runWith(Thread.java:1596)
        at java.base@21.0.5/java.lang.Thread.run(Thread.java:1583)
"IPC Server handler 41 on default port 15000" daemon prio=5 tid=162 timed_waiting
java.lang.Thread.State: TIMED_WAITING
        at java.base@21.0.5/jdk.internal.misc.Unsafe.park(Native Method)
        at java.base@21.0.5/java.util.concurrent.locks.LockSupport.parkNanos(LockSupport.java:269)
        at java.base@21.0.5/java.util.concurrent.locks.AbstractQueuedSynchronizer$ConditionObject.awaitNanos(AbstractQueuedSynchronizer.java:1763)
        at java.base@21.0.5/java.util.concurrent.LinkedBlockingQueue.poll(LinkedBlockingQueue.java:460)
        at app//org.apache.hadoop.ipc.CallQueueManager.take(CallQueueManager.java:370)
        at app//org.apache.hadoop.ipc.Server$Handler.run(Server.java:3165)
"91d0dafb-6cb7-42e5-b129-660fdc1902ba-server-thread2" daemon prio=5 tid=2051 timed_waiting
java.lang.Thread.State: TIMED_WAITING
        at java.base@21.0.5/jdk.internal.misc.Unsafe.park(Native Method)
        at java.base@21.0.5/java.util.concurrent.locks.LockSupport.parkNanos(LockSupport.java:410)
        at java.base@21.0.5/java.util.concurrent.LinkedTransferQueue$DualNode.await(LinkedTransferQueue.java:452)
        at java.base@21.0.5/java.util.concurrent.SynchronousQueue$Transferer.xferLifo(SynchronousQueue.java:194)
        at java.base@21.0.5/java.util.concurrent.SynchronousQueue.xfer(SynchronousQueue.java:235)
        at java.base@21.0.5/java.util.concurrent.SynchronousQueue.poll(SynchronousQueue.java:338)
        at java.base@21.0.5/java.util.concurrent.ThreadPoolExecutor.getTask(ThreadPoolExecutor.java:1069)
        at java.base@21.0.5/java.util.concurrent.ThreadPoolExecutor.runWorker(ThreadPoolExecutor.java:1130)
        at java.base@21.0.5/java.util.concurrent.ThreadPoolExecutor$Worker.run(ThreadPoolExecutor.java:642)
        at java.base@21.0.5/java.lang.Thread.runWith(Thread.java:1596)
        at java.base@21.0.5/java.lang.Thread.run(Thread.java:1583)
"ac5cad44-c19c-4f65-867f-c0009d6f555c-ChunkReader-3" daemon prio=5 tid=2074 in Object.wait()
java.lang.Thread.State: WAITING (on object monitor)
        at java.base@21.0.5/jdk.internal.misc.Unsafe.park(Native Method)
        at java.base@21.0.5/java.util.concurrent.locks.LockSupport.park(LockSupport.java:371)
        at java.base@21.0.5/java.util.concurrent.locks.AbstractQueuedSynchronizer$ConditionNode.block(AbstractQueuedSynchronizer.java:519)
        at java.base@21.0.5/java.util.concurrent.ForkJoinPool.unmanagedBlock(ForkJoinPool.java:3780)
        at java.base@21.0.5/java.util.concurrent.ForkJoinPool.managedBlock(ForkJoinPool.java:3725)
        at java.base@21.0.5/java.util.concurrent.locks.AbstractQueuedSynchronizer$ConditionObject.await(AbstractQueuedSynchronizer.java:1712)
        at java.base@21.0.5/java.util.concurrent.LinkedBlockingQueue.take(LinkedBlockingQueue.java:435)
        at java.base@21.0.5/java.util.concurrent.ThreadPoolExecutor.getTask(ThreadPoolExecutor.java:1070)
        at java.base@21.0.5/java.util.concurrent.ThreadPoolExecutor.runWorker(ThreadPoolExecutor.java:1130)
        at java.base@21.0.5/java.util.concurrent.ThreadPoolExecutor$Worker.run(ThreadPoolExecutor.java:642)
        at java.base@21.0.5/java.lang.Thread.runWith(Thread.java:1596)
        at java.base@21.0.5/java.lang.Thread.run(Thread.java:1583)
"9c1aee78-f037-4e17-b985-0daab5eaf154-DatanodeStateMachineTaskThread-0"  prio=5 tid=842 in Object.wait()
java.lang.Thread.State: WAITING (on object monitor)
        at java.base@21.0.5/jdk.internal.misc.Unsafe.park(Native Method)
        at java.base@21.0.5/java.util.concurrent.locks.LockSupport.park(LockSupport.java:371)
        at java.base@21.0.5/java.util.concurrent.locks.AbstractQueuedSynchronizer$ConditionNode.block(AbstractQueuedSynchronizer.java:519)
        at java.base@21.0.5/java.util.concurrent.ForkJoinPool.unmanagedBlock(ForkJoinPool.java:3780)
        at java.base@21.0.5/java.util.concurrent.ForkJoinPool.managedBlock(ForkJoinPool.java:3725)
        at java.base@21.0.5/java.util.concurrent.locks.AbstractQueuedSynchronizer$ConditionObject.await(AbstractQueuedSynchronizer.java:1712)
        at java.base@21.0.5/java.util.concurrent.LinkedBlockingQueue.take(LinkedBlockingQueue.java:435)
        at java.base@21.0.5/java.util.concurrent.ThreadPoolExecutor.getTask(ThreadPoolExecutor.java:1070)
        at java.base@21.0.5/java.util.concurrent.ThreadPoolExecutor.runWorker(ThreadPoolExecutor.java:1130)
        at java.base@21.0.5/java.util.concurrent.ThreadPoolExecutor$Worker.run(ThreadPoolExecutor.java:642)
        at java.base@21.0.5/java.lang.Thread.runWith(Thread.java:1596)
        at java.base@21.0.5/java.lang.Thread.run(Thread.java:1583)
"qtp1811005420-979" daemon prio=5 tid=979 runnable
java.lang.Thread.State: RUNNABLE
        at java.base@21.0.5/sun.nio.ch.EPoll.wait(Native Method)
        at java.base@21.0.5/sun.nio.ch.EPollSelectorImpl.doSelect(EPollSelectorImpl.java:121)
        at java.base@21.0.5/sun.nio.ch.SelectorImpl.lockAndDoSelect(SelectorImpl.java:130)
        at java.base@21.0.5/sun.nio.ch.SelectorImpl.select(SelectorImpl.java:147)
        at app//org.eclipse.jetty.io.ManagedSelector.nioSelect(ManagedSelector.java:183)
        at app//org.eclipse.jetty.io.ManagedSelector.select(ManagedSelector.java:190)
        at app//org.eclipse.jetty.io.ManagedSelector$SelectorProducer.select(ManagedSelector.java:606)
        at app//org.eclipse.jetty.io.ManagedSelector$SelectorProducer.produce(ManagedSelector.java:543)
        at app//org.eclipse.jetty.util.thread.strategy.EatWhatYouKill.produceTask(EatWhatYouKill.java:362)
        at app//org.eclipse.jetty.util.thread.strategy.EatWhatYouKill.doProduce(EatWhatYouKill.java:186)
        at app//org.eclipse.jetty.util.thread.strategy.EatWhatYouKill.tryProduce(EatWhatYouKill.java:173)
        at app//org.eclipse.jetty.util.thread.strategy.EatWhatYouKill.produce(EatWhatYouKill.java:137)
        at app//org.eclipse.jetty.io.ManagedSelector$$Lambda/0x00007fcfe0662730.run(Unknown Source)
        at app//org.eclipse.jetty.util.thread.QueuedThreadPool.runJob(QueuedThreadPool.java:883)
        at app//org.eclipse.jetty.util.thread.QueuedThreadPool$Runner.run(QueuedThreadPool.java:1034)
        at java.base@21.0.5/java.lang.Thread.runWith(Thread.java:1596)
        at java.base@21.0.5/java.lang.Thread.run(Thread.java:1583)
"a14cd1ab-7861-42f9-8639-15260a7193f0@group-D14C45472CDA-cacheEviction-AwaitToRun" daemon prio=5 tid=2225 in Object.wait()
java.lang.Thread.State: WAITING (on object monitor)
        at java.base@21.0.5/jdk.internal.misc.Unsafe.park(Native Method)
        at java.base@21.0.5/java.util.concurrent.locks.LockSupport.park(LockSupport.java:371)
        at java.base@21.0.5/java.util.concurrent.locks.AbstractQueuedSynchronizer$ConditionNode.block(AbstractQueuedSynchronizer.java:519)
        at java.base@21.0.5/java.util.concurrent.ForkJoinPool.unmanagedBlock(ForkJoinPool.java:3780)
        at java.base@21.0.5/java.util.concurrent.ForkJoinPool.managedBlock(ForkJoinPool.java:3725)
        at java.base@21.0.5/java.util.concurrent.locks.AbstractQueuedSynchronizer$ConditionObject.await(AbstractQueuedSynchronizer.java:1712)
        at app//org.apache.ratis.util.AwaitForSignal.await(AwaitForSignal.java:48)
        at app//org.apache.ratis.util.AwaitToRun$RunnableImpl.run(AwaitToRun.java:47)
        at java.base@21.0.5/java.lang.Thread.runWith(Thread.java:1596)
        at java.base@21.0.5/java.lang.Thread.run(Thread.java:1583)
"IPC Server handler 52 on default port 15000" daemon prio=5 tid=173 timed_waiting
java.lang.Thread.State: TIMED_WAITING
        at java.base@21.0.5/jdk.internal.misc.Unsafe.park(Native Method)
        at java.base@21.0.5/java.util.concurrent.locks.LockSupport.parkNanos(LockSupport.java:269)
        at java.base@21.0.5/java.util.concurrent.locks.AbstractQueuedSynchronizer$ConditionObject.awaitNanos(AbstractQueuedSynchronizer.java:1763)
        at java.base@21.0.5/java.util.concurrent.LinkedBlockingQueue.poll(LinkedBlockingQueue.java:460)
        at app//org.apache.hadoop.ipc.CallQueueManager.take(CallQueueManager.java:370)
        at app//org.apache.hadoop.ipc.Server$Handler.run(Server.java:3165)
"IPC Server handler 12 on default port 15001" daemon prio=5 tid=233 timed_waiting
java.lang.Thread.State: TIMED_WAITING
        at java.base@21.0.5/jdk.internal.misc.Unsafe.park(Native Method)
        at java.base@21.0.5/java.util.concurrent.locks.LockSupport.parkNanos(LockSupport.java:269)
        at java.base@21.0.5/java.util.concurrent.locks.AbstractQueuedSynchronizer$ConditionObject.awaitNanos(AbstractQueuedSynchronizer.java:1763)
        at java.base@21.0.5/java.util.concurrent.LinkedBlockingQueue.poll(LinkedBlockingQueue.java:460)
        at app//org.apache.hadoop.ipc.CallQueueManager.take(CallQueueManager.java:370)
        at app//org.apache.hadoop.ipc.Server$Handler.run(Server.java:3165)
"qtp1622563402-531" daemon prio=5 tid=531 timed_waiting
java.lang.Thread.State: TIMED_WAITING
        at java.base@21.0.5/jdk.internal.misc.Unsafe.park(Native Method)
        at java.base@21.0.5/java.util.concurrent.locks.LockSupport.parkNanos(LockSupport.java:269)
        at java.base@21.0.5/java.util.concurrent.locks.AbstractQueuedSynchronizer$ConditionObject.awaitNanos(AbstractQueuedSynchronizer.java:1763)
        at app//org.eclipse.jetty.util.BlockingArrayQueue.poll(BlockingArrayQueue.java:382)
        at app//org.eclipse.jetty.util.thread.QueuedThreadPool$Runner.idleJobPoll(QueuedThreadPool.java:974)
        at app//org.eclipse.jetty.util.thread.QueuedThreadPool$Runner.run(QueuedThreadPool.java:1018)
        at java.base@21.0.5/java.lang.Thread.runWith(Thread.java:1596)
        at java.base@21.0.5/java.lang.Thread.run(Thread.java:1583)
"Notification Thread" daemon prio=9 tid=22 runnable
java.lang.Thread.State: RUNNABLE
"Common-Cleaner" daemon prio=8 tid=17 timed_waiting
java.lang.Thread.State: TIMED_WAITING
        at java.base@21.0.5/jdk.internal.misc.Unsafe.park(Native Method)
        at java.base@21.0.5/java.util.concurrent.locks.LockSupport.parkNanos(LockSupport.java:269)
        at java.base@21.0.5/java.util.concurrent.locks.AbstractQueuedSynchronizer$ConditionObject.await(AbstractQueuedSynchronizer.java:1852)
        at java.base@21.0.5/java.lang.ref.ReferenceQueue.await(ReferenceQueue.java:71)
        at java.base@21.0.5/java.lang.ref.ReferenceQueue.remove0(ReferenceQueue.java:143)
        at java.base@21.0.5/java.lang.ref.ReferenceQueue.remove(ReferenceQueue.java:218)
        at java.base@21.0.5/jdk.internal.ref.CleanerImpl.run(CleanerImpl.java:140)
        at java.base@21.0.5/java.lang.Thread.runWith(Thread.java:1596)
        at java.base@21.0.5/java.lang.Thread.run(Thread.java:1583)
        at java.base@21.0.5/jdk.internal.misc.InnocuousThread.run(InnocuousThread.java:186)
"Session-HouseKeeper-2784145d-1"  prio=5 tid=332 timed_waiting
java.lang.Thread.State: TIMED_WAITING
        at java.base@21.0.5/jdk.internal.misc.Unsafe.park(Native Method)
        at java.base@21.0.5/java.util.concurrent.locks.LockSupport.parkNanos(LockSupport.java:269)
        at java.base@21.0.5/java.util.concurrent.locks.AbstractQueuedSynchronizer$ConditionObject.awaitNanos(AbstractQueuedSynchronizer.java:1763)
        at java.base@21.0.5/java.util.concurrent.ScheduledThreadPoolExecutor$DelayedWorkQueue.take(ScheduledThreadPoolExecutor.java:1182)
        at java.base@21.0.5/java.util.concurrent.ScheduledThreadPoolExecutor$DelayedWorkQueue.take(ScheduledThreadPoolExecutor.java:899)
        at java.base@21.0.5/java.util.concurrent.ThreadPoolExecutor.getTask(ThreadPoolExecutor.java:1070)
        at java.base@21.0.5/java.util.concurrent.ThreadPoolExecutor.runWorker(ThreadPoolExecutor.java:1130)
        at java.base@21.0.5/java.util.concurrent.ThreadPoolExecutor$Worker.run(ThreadPoolExecutor.java:642)
        at java.base@21.0.5/java.lang.Thread.runWith(Thread.java:1596)
        at java.base@21.0.5/java.lang.Thread.run(Thread.java:1583)
"IPC Server handler 0 on default port 15084" daemon prio=5 tid=956 timed_waiting
java.lang.Thread.State: TIMED_WAITING
        at java.base@21.0.5/jdk.internal.misc.Unsafe.park(Native Method)
        at java.base@21.0.5/java.util.concurrent.locks.LockSupport.parkNanos(LockSupport.java:269)
        at java.base@21.0.5/java.util.concurrent.locks.AbstractQueuedSynchronizer$ConditionObject.awaitNanos(AbstractQueuedSynchronizer.java:1763)
        at java.base@21.0.5/java.util.concurrent.LinkedBlockingQueue.poll(LinkedBlockingQueue.java:460)
        at app//org.apache.hadoop.ipc.CallQueueManager.take(CallQueueManager.java:370)
        at app//org.apache.hadoop.ipc.Server$Handler.run(Server.java:3165)
"84b435bb-d41b-4758-bf48-ce9052c81d4a-server-thread2" daemon prio=5 tid=1420 timed_waiting
java.lang.Thread.State: TIMED_WAITING
        at java.base@21.0.5/jdk.internal.misc.Unsafe.park(Native Method)
        at java.base@21.0.5/java.util.concurrent.locks.LockSupport.parkNanos(LockSupport.java:410)
        at java.base@21.0.5/java.util.concurrent.LinkedTransferQueue$DualNode.await(LinkedTransferQueue.java:452)
        at java.base@21.0.5/java.util.concurrent.SynchronousQueue$Transferer.xferLifo(SynchronousQueue.java:194)
        at java.base@21.0.5/java.util.concurrent.SynchronousQueue.xfer(SynchronousQueue.java:235)
        at java.base@21.0.5/java.util.concurrent.SynchronousQueue.poll(SynchronousQueue.java:338)
        at java.base@21.0.5/java.util.concurrent.ThreadPoolExecutor.getTask(ThreadPoolExecutor.java:1069)
        at java.base@21.0.5/java.util.concurrent.ThreadPoolExecutor.runWorker(ThreadPoolExecutor.java:1130)
        at java.base@21.0.5/java.util.concurrent.ThreadPoolExecutor$Worker.run(ThreadPoolExecutor.java:642)
        at java.base@21.0.5/java.lang.Thread.runWith(Thread.java:1596)
        at java.base@21.0.5/java.lang.Thread.run(Thread.java:1583)
"69390d8a-021c-44b7-9fe5-c9855a0c5aa1@group-A12619F85C89-cacheEviction-AwaitToRun" daemon prio=5 tid=1330 in Object.wait()
java.lang.Thread.State: WAITING (on object monitor)
        at java.base@21.0.5/jdk.internal.misc.Unsafe.park(Native Method)
        at java.base@21.0.5/java.util.concurrent.locks.LockSupport.park(LockSupport.java:371)
        at java.base@21.0.5/java.util.concurrent.locks.AbstractQueuedSynchronizer$ConditionNode.block(AbstractQueuedSynchronizer.java:519)
        at java.base@21.0.5/java.util.concurrent.ForkJoinPool.unmanagedBlock(ForkJoinPool.java:3780)
        at java.base@21.0.5/java.util.concurrent.ForkJoinPool.managedBlock(ForkJoinPool.java:3725)
        at java.base@21.0.5/java.util.concurrent.locks.AbstractQueuedSynchronizer$ConditionObject.await(AbstractQueuedSynchronizer.java:1712)
        at app//org.apache.ratis.util.AwaitForSignal.await(AwaitForSignal.java:48)
        at app//org.apache.ratis.util.AwaitToRun$RunnableImpl.run(AwaitToRun.java:47)
        at java.base@21.0.5/java.lang.Thread.runWith(Thread.java:1596)
        at java.base@21.0.5/java.lang.Thread.run(Thread.java:1583)
"ac5cad44-c19c-4f65-867f-c0009d6f555c-ChunkReader-5" daemon prio=5 tid=2076 in Object.wait()
java.lang.Thread.State: WAITING (on object monitor)
        at java.base@21.0.5/jdk.internal.misc.Unsafe.park(Native Method)
        at java.base@21.0.5/java.util.concurrent.locks.LockSupport.park(LockSupport.java:371)
        at java.base@21.0.5/java.util.concurrent.locks.AbstractQueuedSynchronizer$ConditionNode.block(AbstractQueuedSynchronizer.java:519)
        at java.base@21.0.5/java.util.concurrent.ForkJoinPool.unmanagedBlock(ForkJoinPool.java:3780)
        at java.base@21.0.5/java.util.concurrent.ForkJoinPool.managedBlock(ForkJoinPool.java:3725)
        at java.base@21.0.5/java.util.concurrent.locks.AbstractQueuedSynchronizer$ConditionObject.await(AbstractQueuedSynchronizer.java:1712)
        at java.base@21.0.5/java.util.concurrent.LinkedBlockingQueue.take(LinkedBlockingQueue.java:435)
        at java.base@21.0.5/java.util.concurrent.ThreadPoolExecutor.getTask(ThreadPoolExecutor.java:1070)
        at java.base@21.0.5/java.util.concurrent.ThreadPoolExecutor.runWorker(ThreadPoolExecutor.java:1130)
        at java.base@21.0.5/java.util.concurrent.ThreadPoolExecutor$Worker.run(ThreadPoolExecutor.java:642)
        at java.base@21.0.5/java.lang.Thread.runWith(Thread.java:1596)
        at java.base@21.0.5/java.lang.Thread.run(Thread.java:1583)
"Socket Reader #2 for port 15039"  prio=5 tid=2154 runnable
java.lang.Thread.State: RUNNABLE
        at java.base@21.0.5/sun.nio.ch.EPoll.wait(Native Method)
        at java.base@21.0.5/sun.nio.ch.EPollSelectorImpl.doSelect(EPollSelectorImpl.java:121)
        at java.base@21.0.5/sun.nio.ch.SelectorImpl.lockAndDoSelect(SelectorImpl.java:130)
        at java.base@21.0.5/sun.nio.ch.SelectorImpl.select(SelectorImpl.java:147)
        at app//org.apache.hadoop.ipc.Server$Listener$Reader.doRunLoop(Server.java:1497)
        at app//org.apache.hadoop.ipc.Server$Listener$Reader.run(Server.java:1476)
"IPC Server handler 6 on default port 15084" daemon prio=5 tid=962 timed_waiting
java.lang.Thread.State: TIMED_WAITING
        at java.base@21.0.5/jdk.internal.misc.Unsafe.park(Native Method)
        at java.base@21.0.5/java.util.concurrent.locks.LockSupport.parkNanos(LockSupport.java:269)
        at java.base@21.0.5/java.util.concurrent.locks.AbstractQueuedSynchronizer$ConditionObject.awaitNanos(AbstractQueuedSynchronizer.java:1763)
        at java.base@21.0.5/java.util.concurrent.LinkedBlockingQueue.poll(LinkedBlockingQueue.java:460)
        at app//org.apache.hadoop.ipc.CallQueueManager.take(CallQueueManager.java:370)
        at app//org.apache.hadoop.ipc.Server$Handler.run(Server.java:3165)
"IPC Server handler 0 on default port 15066" daemon prio=5 tid=826 timed_waiting
java.lang.Thread.State: TIMED_WAITING
        at java.base@21.0.5/jdk.internal.misc.Unsafe.park(Native Method)
        at java.base@21.0.5/java.util.concurrent.locks.LockSupport.parkNanos(LockSupport.java:269)
        at java.base@21.0.5/java.util.concurrent.locks.AbstractQueuedSynchronizer$ConditionObject.awaitNanos(AbstractQueuedSynchronizer.java:1763)
        at java.base@21.0.5/java.util.concurrent.LinkedBlockingQueue.poll(LinkedBlockingQueue.java:460)
        at app//org.apache.hadoop.ipc.CallQueueManager.take(CallQueueManager.java:370)
        at app//org.apache.hadoop.ipc.Server$Handler.run(Server.java:3165)
"69390d8a-021c-44b7-9fe5-c9855a0c5aa1-server-thread1" daemon prio=5 tid=1483 timed_waiting
java.lang.Thread.State: TIMED_WAITING
        at java.base@21.0.5/jdk.internal.misc.Unsafe.park(Native Method)
        at java.base@21.0.5/java.util.concurrent.locks.LockSupport.parkNanos(LockSupport.java:410)
        at java.base@21.0.5/java.util.concurrent.LinkedTransferQueue$DualNode.await(LinkedTransferQueue.java:452)
        at java.base@21.0.5/java.util.concurrent.SynchronousQueue$Transferer.xferLifo(SynchronousQueue.java:194)
        at java.base@21.0.5/java.util.concurrent.SynchronousQueue.xfer(SynchronousQueue.java:235)
        at java.base@21.0.5/java.util.concurrent.SynchronousQueue.poll(SynchronousQueue.java:338)
        at java.base@21.0.5/java.util.concurrent.ThreadPoolExecutor.getTask(ThreadPoolExecutor.java:1069)
        at java.base@21.0.5/java.util.concurrent.ThreadPoolExecutor.runWorker(ThreadPoolExecutor.java:1130)
        at java.base@21.0.5/java.util.concurrent.ThreadPoolExecutor$Worker.run(ThreadPoolExecutor.java:642)
        at java.base@21.0.5/java.lang.Thread.runWith(Thread.java:1596)
        at java.base@21.0.5/java.lang.Thread.run(Thread.java:1583)
"StaleRecoveringContainerScrubbingService#0" daemon prio=5 tid=875 timed_waiting
java.lang.Thread.State: TIMED_WAITING
        at java.base@21.0.5/jdk.internal.misc.Unsafe.park(Native Method)
        at java.base@21.0.5/java.util.concurrent.locks.LockSupport.parkNanos(LockSupport.java:269)
        at java.base@21.0.5/java.util.concurrent.locks.AbstractQueuedSynchronizer$ConditionObject.awaitNanos(AbstractQueuedSynchronizer.java:1763)
        at java.base@21.0.5/java.util.concurrent.ScheduledThreadPoolExecutor$DelayedWorkQueue.take(ScheduledThreadPoolExecutor.java:1182)
        at java.base@21.0.5/java.util.concurrent.ScheduledThreadPoolExecutor$DelayedWorkQueue.take(ScheduledThreadPoolExecutor.java:899)
        at java.base@21.0.5/java.util.concurrent.ThreadPoolExecutor.getTask(ThreadPoolExecutor.java:1070)
        at java.base@21.0.5/java.util.concurrent.ThreadPoolExecutor.runWorker(ThreadPoolExecutor.java:1130)
        at java.base@21.0.5/java.util.concurrent.ThreadPoolExecutor$Worker.run(ThreadPoolExecutor.java:642)
        at java.base@21.0.5/java.lang.Thread.runWith(Thread.java:1596)
        at java.base@21.0.5/java.lang.Thread.run(Thread.java:1583)
"91d0dafb-6cb7-42e5-b129-660fdc1902ba-EndpointStateMachineTaskThread-/0.0.0.0:15002-0 "  prio=5 tid=1153 in Object.wait()
java.lang.Thread.State: WAITING (on object monitor)
        at java.base@21.0.5/jdk.internal.misc.Unsafe.park(Native Method)
        at java.base@21.0.5/java.util.concurrent.locks.LockSupport.park(LockSupport.java:371)
        at java.base@21.0.5/java.util.concurrent.locks.AbstractQueuedSynchronizer$ConditionNode.block(AbstractQueuedSynchronizer.java:519)
        at java.base@21.0.5/java.util.concurrent.ForkJoinPool.unmanagedBlock(ForkJoinPool.java:3780)
        at java.base@21.0.5/java.util.concurrent.ForkJoinPool.managedBlock(ForkJoinPool.java:3725)
        at java.base@21.0.5/java.util.concurrent.locks.AbstractQueuedSynchronizer$ConditionObject.await(AbstractQueuedSynchronizer.java:1712)
        at java.base@21.0.5/java.util.concurrent.LinkedBlockingQueue.take(LinkedBlockingQueue.java:435)
        at java.base@21.0.5/java.util.concurrent.ThreadPoolExecutor.getTask(ThreadPoolExecutor.java:1070)
        at java.base@21.0.5/java.util.concurrent.ThreadPoolExecutor.runWorker(ThreadPoolExecutor.java:1130)
        at java.base@21.0.5/java.util.concurrent.ThreadPoolExecutor$Worker.run(ThreadPoolExecutor.java:642)
        at java.base@21.0.5/java.lang.Thread.runWith(Thread.java:1596)
        at java.base@21.0.5/java.lang.Thread.run(Thread.java:1583)
"IPC Server handler 69 on default port 15001" daemon prio=5 tid=290 timed_waiting
java.lang.Thread.State: TIMED_WAITING
        at java.base@21.0.5/jdk.internal.misc.Unsafe.park(Native Method)
        at java.base@21.0.5/java.util.concurrent.locks.LockSupport.parkNanos(LockSupport.java:269)
        at java.base@21.0.5/java.util.concurrent.locks.AbstractQueuedSynchronizer$ConditionObject.awaitNanos(AbstractQueuedSynchronizer.java:1763)
        at java.base@21.0.5/java.util.concurrent.LinkedBlockingQueue.poll(LinkedBlockingQueue.java:460)
        at app//org.apache.hadoop.ipc.CallQueueManager.take(CallQueueManager.java:370)
        at app//org.apache.hadoop.ipc.Server$Handler.run(Server.java:3165)
"IPC Server handler 0 on default port 15006" daemon prio=5 tid=498 timed_waiting
java.lang.Thread.State: TIMED_WAITING
        at java.base@21.0.5/jdk.internal.misc.Unsafe.park(Native Method)
        at java.base@21.0.5/java.util.concurrent.locks.LockSupport.parkNanos(LockSupport.java:269)
        at java.base@21.0.5/java.util.concurrent.locks.AbstractQueuedSynchronizer$ConditionObject.awaitNanos(AbstractQueuedSynchronizer.java:1763)
        at java.base@21.0.5/java.util.concurrent.LinkedBlockingQueue.poll(LinkedBlockingQueue.java:460)
        at app//org.apache.hadoop.ipc.CallQueueManager.take(CallQueueManager.java:370)
        at app//org.apache.hadoop.ipc.Server$Handler.run(Server.java:3165)
"IPC Server handler 2 on default port 15006" daemon prio=5 tid=500 timed_waiting
java.lang.Thread.State: TIMED_WAITING
        at java.base@21.0.5/jdk.internal.misc.Unsafe.park(Native Method)
        at java.base@21.0.5/java.util.concurrent.locks.LockSupport.parkNanos(LockSupport.java:269)
        at java.base@21.0.5/java.util.concurrent.locks.AbstractQueuedSynchronizer$ConditionObject.awaitNanos(AbstractQueuedSynchronizer.java:1763)
        at java.base@21.0.5/java.util.concurrent.LinkedBlockingQueue.poll(LinkedBlockingQueue.java:460)
        at app//org.apache.hadoop.ipc.CallQueueManager.take(CallQueueManager.java:370)
        at app//org.apache.hadoop.ipc.Server$Handler.run(Server.java:3165)
"JvmPauseMonitor15" daemon prio=5 tid=2200 timed_waiting
java.lang.Thread.State: TIMED_WAITING
        at java.base@21.0.5/java.lang.Thread.sleep0(Native Method)
        at java.base@21.0.5/java.lang.Thread.sleep(Thread.java:558)
        at java.base@21.0.5/java.util.concurrent.TimeUnit.sleep(TimeUnit.java:446)
        at app//org.apache.ratis.util.TimeDuration.sleep(TimeDuration.java:353)
        at app//org.apache.ratis.util.TimeDuration.sleep(TimeDuration.java:338)
        at app//org.apache.ratis.util.JvmPauseMonitor.detectPause(JvmPauseMonitor.java:160)
        at app//org.apache.ratis.util.JvmPauseMonitor.run(JvmPauseMonitor.java:149)
        at app//org.apache.ratis.util.JvmPauseMonitor$$Lambda/0x00007fcfe0390000.run(Unknown Source)
        at java.base@21.0.5/java.lang.Thread.runWith(Thread.java:1596)
        at java.base@21.0.5/java.lang.Thread.run(Thread.java:1583)
"9c1aee78-f037-4e17-b985-0daab5eaf154@group-31157D531563-SegmentedRaftLogWorker"  prio=5 tid=1312 timed_waiting
java.lang.Thread.State: TIMED_WAITING
        at java.base@21.0.5/jdk.internal.misc.Unsafe.park(Native Method)
        at java.base@21.0.5/java.util.concurrent.locks.LockSupport.parkNanos(LockSupport.java:269)
        at java.base@21.0.5/java.util.concurrent.locks.AbstractQueuedSynchronizer$ConditionObject.awaitNanos(AbstractQueuedSynchronizer.java:1763)
        at app//org.apache.ratis.util.DataBlockingQueue.poll(DataBlockingQueue.java:148)
        at app//org.apache.ratis.server.raftlog.segmented.SegmentedRaftLogWorker.run(SegmentedRaftLogWorker.java:307)
        at app//org.apache.ratis.server.raftlog.segmented.SegmentedRaftLogWorker$$Lambda/0x00007fcfe03376d0.run(Unknown Source)
        at java.base@21.0.5/java.util.concurrent.Executors$RunnableAdapter.call(Executors.java:572)
        at java.base@21.0.5/java.util.concurrent.FutureTask.run(FutureTask.java:317)
        at java.base@21.0.5/java.util.concurrent.ThreadPoolExecutor.runWorker(ThreadPoolExecutor.java:1144)
        at java.base@21.0.5/java.util.concurrent.ThreadPoolExecutor$Worker.run(ThreadPoolExecutor.java:642)
        at java.base@21.0.5/java.lang.Thread.runWith(Thread.java:1596)
        at java.base@21.0.5/java.lang.Thread.run(Thread.java:1583)
"84b435bb-d41b-4758-bf48-ce9052c81d4a-DatanodeStateMachineTaskThread-0"  prio=5 tid=796 in Object.wait()
java.lang.Thread.State: WAITING (on object monitor)
        at java.base@21.0.5/jdk.internal.misc.Unsafe.park(Native Method)
        at java.base@21.0.5/java.util.concurrent.locks.LockSupport.park(LockSupport.java:371)
        at java.base@21.0.5/java.util.concurrent.locks.AbstractQueuedSynchronizer$ConditionNode.block(AbstractQueuedSynchronizer.java:519)
        at java.base@21.0.5/java.util.concurrent.ForkJoinPool.unmanagedBlock(ForkJoinPool.java:3780)
        at java.base@21.0.5/java.util.concurrent.ForkJoinPool.managedBlock(ForkJoinPool.java:3725)
        at java.base@21.0.5/java.util.concurrent.locks.AbstractQueuedSynchronizer$ConditionObject.await(AbstractQueuedSynchronizer.java:1712)
        at java.base@21.0.5/java.util.concurrent.LinkedBlockingQueue.take(LinkedBlockingQueue.java:435)
        at java.base@21.0.5/java.util.concurrent.ThreadPoolExecutor.getTask(ThreadPoolExecutor.java:1070)
        at java.base@21.0.5/java.util.concurrent.ThreadPoolExecutor.runWorker(ThreadPoolExecutor.java:1130)
        at java.base@21.0.5/java.util.concurrent.ThreadPoolExecutor$Worker.run(ThreadPoolExecutor.java:642)
        at java.base@21.0.5/java.lang.Thread.runWith(Thread.java:1596)
        at java.base@21.0.5/java.lang.Thread.run(Thread.java:1583)
"StaleRecoveringContainerScrubbingService#1" daemon prio=5 tid=1169 in Object.wait()
java.lang.Thread.State: WAITING (on object monitor)
        at java.base@21.0.5/jdk.internal.misc.Unsafe.park(Native Method)
        at java.base@21.0.5/java.util.concurrent.locks.LockSupport.park(LockSupport.java:371)
        at java.base@21.0.5/java.util.concurrent.locks.AbstractQueuedSynchronizer$ConditionNode.block(AbstractQueuedSynchronizer.java:519)
        at java.base@21.0.5/java.util.concurrent.ForkJoinPool.unmanagedBlock(ForkJoinPool.java:3780)
        at java.base@21.0.5/java.util.concurrent.ForkJoinPool.managedBlock(ForkJoinPool.java:3725)
        at java.base@21.0.5/java.util.concurrent.locks.AbstractQueuedSynchronizer$ConditionObject.await(AbstractQueuedSynchronizer.java:1712)
        at java.base@21.0.5/java.util.concurrent.ScheduledThreadPoolExecutor$DelayedWorkQueue.take(ScheduledThreadPoolExecutor.java:1177)
        at java.base@21.0.5/java.util.concurrent.ScheduledThreadPoolExecutor$DelayedWorkQueue.take(ScheduledThreadPoolExecutor.java:899)
        at java.base@21.0.5/java.util.concurrent.ThreadPoolExecutor.getTask(ThreadPoolExecutor.java:1070)
        at java.base@21.0.5/java.util.concurrent.ThreadPoolExecutor.runWorker(ThreadPoolExecutor.java:1130)
        at java.base@21.0.5/java.util.concurrent.ThreadPoolExecutor$Worker.run(ThreadPoolExecutor.java:642)
        at java.base@21.0.5/java.lang.Thread.runWith(Thread.java:1596)
        at java.base@21.0.5/java.lang.Thread.run(Thread.java:1583)
"IPC Server handler 6 on default port 15057" daemon prio=5 tid=786 timed_waiting
java.lang.Thread.State: TIMED_WAITING
        at java.base@21.0.5/jdk.internal.misc.Unsafe.park(Native Method)
        at java.base@21.0.5/java.util.concurrent.locks.LockSupport.parkNanos(LockSupport.java:269)
        at java.base@21.0.5/java.util.concurrent.locks.AbstractQueuedSynchronizer$ConditionObject.awaitNanos(AbstractQueuedSynchronizer.java:1763)
        at java.base@21.0.5/java.util.concurrent.LinkedBlockingQueue.poll(LinkedBlockingQueue.java:460)
        at app//org.apache.hadoop.ipc.CallQueueManager.take(CallQueueManager.java:370)
        at app//org.apache.hadoop.ipc.Server$Handler.run(Server.java:3165)
"91d0dafb-6cb7-42e5-b129-660fdc1902ba-RocksDBCompactionThread-0"  prio=5 tid=974 timed_waiting
java.lang.Thread.State: TIMED_WAITING
        at java.base@21.0.5/jdk.internal.misc.Unsafe.park(Native Method)
        at java.base@21.0.5/java.util.concurrent.locks.LockSupport.parkNanos(LockSupport.java:269)
        at java.base@21.0.5/java.util.concurrent.locks.AbstractQueuedSynchronizer$ConditionObject.awaitNanos(AbstractQueuedSynchronizer.java:1763)
        at java.base@21.0.5/java.util.concurrent.ScheduledThreadPoolExecutor$DelayedWorkQueue.take(ScheduledThreadPoolExecutor.java:1182)
        at java.base@21.0.5/java.util.concurrent.ScheduledThreadPoolExecutor$DelayedWorkQueue.take(ScheduledThreadPoolExecutor.java:899)
        at java.base@21.0.5/java.util.concurrent.ThreadPoolExecutor.getTask(ThreadPoolExecutor.java:1070)
        at java.base@21.0.5/java.util.concurrent.ThreadPoolExecutor.runWorker(ThreadPoolExecutor.java:1130)
        at java.base@21.0.5/java.util.concurrent.ThreadPoolExecutor$Worker.run(ThreadPoolExecutor.java:642)
        at java.base@21.0.5/java.lang.Thread.runWith(Thread.java:1596)
        at java.base@21.0.5/java.lang.Thread.run(Thread.java:1583)
"7c84fc52-fa7b-40d9-a19c-d4e4c83c5fa3-BlockDeletingService#3" daemon prio=5 tid=2100 in Object.wait()
java.lang.Thread.State: WAITING (on object monitor)
        at java.base@21.0.5/jdk.internal.misc.Unsafe.park(Native Method)
        at java.base@21.0.5/java.util.concurrent.locks.LockSupport.park(LockSupport.java:371)
        at java.base@21.0.5/java.util.concurrent.locks.AbstractQueuedSynchronizer$ConditionNode.block(AbstractQueuedSynchronizer.java:519)
        at java.base@21.0.5/java.util.concurrent.ForkJoinPool.unmanagedBlock(ForkJoinPool.java:3780)
        at java.base@21.0.5/java.util.concurrent.ForkJoinPool.managedBlock(ForkJoinPool.java:3725)
        at java.base@21.0.5/java.util.concurrent.locks.AbstractQueuedSynchronizer$ConditionObject.await(AbstractQueuedSynchronizer.java:1712)
        at java.base@21.0.5/java.util.concurrent.ScheduledThreadPoolExecutor$DelayedWorkQueue.take(ScheduledThreadPoolExecutor.java:1177)
        at java.base@21.0.5/java.util.concurrent.ScheduledThreadPoolExecutor$DelayedWorkQueue.take(ScheduledThreadPoolExecutor.java:899)
        at java.base@21.0.5/java.util.concurrent.ThreadPoolExecutor.getTask(ThreadPoolExecutor.java:1070)
        at java.base@21.0.5/java.util.concurrent.ThreadPoolExecutor.runWorker(ThreadPoolExecutor.java:1130)
        at java.base@21.0.5/java.util.concurrent.ThreadPoolExecutor$Worker.run(ThreadPoolExecutor.java:642)
        at java.base@21.0.5/java.lang.Thread.runWith(Thread.java:1596)
        at java.base@21.0.5/java.lang.Thread.run(Thread.java:1583)
"ac5cad44-c19c-4f65-867f-c0009d6f555c@group-D9B980D230C1-StateMachineUpdater" daemon prio=5 tid=1975 timed_waiting
java.lang.Thread.State: TIMED_WAITING
        at java.base@21.0.5/jdk.internal.misc.Unsafe.park(Native Method)
        at java.base@21.0.5/java.util.concurrent.locks.LockSupport.parkNanos(LockSupport.java:269)
        at java.base@21.0.5/java.util.concurrent.locks.AbstractQueuedSynchronizer$ConditionObject.await(AbstractQueuedSynchronizer.java:1852)
        at app//org.apache.ratis.util.AwaitForSignal.await(AwaitForSignal.java:65)
        at app//org.apache.ratis.server.impl.StateMachineUpdater.waitForCommit(StateMachineUpdater.java:219)
        at app//org.apache.ratis.server.impl.StateMachineUpdater.run(StateMachineUpdater.java:187)
        at java.base@21.0.5/java.lang.Thread.runWith(Thread.java:1596)
        at java.base@21.0.5/java.lang.Thread.run(Thread.java:1583)
"91d0dafb-6cb7-42e5-b129-660fdc1902ba-DatanodeReportManager-0" daemon prio=5 tid=1031 timed_waiting
java.lang.Thread.State: TIMED_WAITING
        at java.base@21.0.5/jdk.internal.misc.Unsafe.park(Native Method)
        at java.base@21.0.5/java.util.concurrent.locks.LockSupport.parkNanos(LockSupport.java:269)
        at java.base@21.0.5/java.util.concurrent.locks.AbstractQueuedSynchronizer$ConditionObject.awaitNanos(AbstractQueuedSynchronizer.java:1763)
        at java.base@21.0.5/java.util.concurrent.ScheduledThreadPoolExecutor$DelayedWorkQueue.take(ScheduledThreadPoolExecutor.java:1182)
        at java.base@21.0.5/java.util.concurrent.ScheduledThreadPoolExecutor$DelayedWorkQueue.take(ScheduledThreadPoolExecutor.java:899)
        at java.base@21.0.5/java.util.concurrent.ThreadPoolExecutor.getTask(ThreadPoolExecutor.java:1070)
        at java.base@21.0.5/java.util.concurrent.ThreadPoolExecutor.runWorker(ThreadPoolExecutor.java:1130)
        at java.base@21.0.5/java.util.concurrent.ThreadPoolExecutor$Worker.run(ThreadPoolExecutor.java:642)
        at java.base@21.0.5/java.lang.Thread.runWith(Thread.java:1596)
        at java.base@21.0.5/java.lang.Thread.run(Thread.java:1583)
"ac5cad44-c19c-4f65-867f-c0009d6f555c@group-DEECD8B278EF-cacheEviction-AwaitToRun" daemon prio=5 tid=2210 in Object.wait()
java.lang.Thread.State: WAITING (on object monitor)
        at java.base@21.0.5/jdk.internal.misc.Unsafe.park(Native Method)
        at java.base@21.0.5/java.util.concurrent.locks.LockSupport.park(LockSupport.java:371)
        at java.base@21.0.5/java.util.concurrent.locks.AbstractQueuedSynchronizer$ConditionNode.block(AbstractQueuedSynchronizer.java:519)
        at java.base@21.0.5/java.util.concurrent.ForkJoinPool.unmanagedBlock(ForkJoinPool.java:3780)
        at java.base@21.0.5/java.util.concurrent.ForkJoinPool.managedBlock(ForkJoinPool.java:3725)
        at java.base@21.0.5/java.util.concurrent.locks.AbstractQueuedSynchronizer$ConditionObject.await(AbstractQueuedSynchronizer.java:1712)
        at app//org.apache.ratis.util.AwaitForSignal.await(AwaitForSignal.java:48)
        at app//org.apache.ratis.util.AwaitToRun$RunnableImpl.run(AwaitToRun.java:47)
        at java.base@21.0.5/java.lang.Thread.runWith(Thread.java:1596)
        at java.base@21.0.5/java.lang.Thread.run(Thread.java:1583)
"ReplicationMonitor" daemon prio=5 tid=57 timed_waiting
java.lang.Thread.State: TIMED_WAITING
        at java.base@21.0.5/java.lang.Object.wait0(Native Method)
        at java.base@21.0.5/java.lang.Object.wait(Object.java:366)
        at app//org.apache.hadoop.hdds.scm.container.replication.ReplicationManager.run(ReplicationManager.java:911)
        at app//org.apache.hadoop.hdds.scm.container.replication.ReplicationManager$$Lambda/0x00007fcfe04c3ac0.run(Unknown Source)
        at java.base@21.0.5/java.lang.Thread.runWith(Thread.java:1596)
        at java.base@21.0.5/java.lang.Thread.run(Thread.java:1583)
"IPC Server handler 18 on default port 15002" daemon prio=5 tid=357 timed_waiting
java.lang.Thread.State: TIMED_WAITING
        at java.base@21.0.5/jdk.internal.misc.Unsafe.park(Native Method)
        at java.base@21.0.5/java.util.concurrent.locks.LockSupport.parkNanos(LockSupport.java:269)
        at java.base@21.0.5/java.util.concurrent.locks.AbstractQueuedSynchronizer$ConditionObject.awaitNanos(AbstractQueuedSynchronizer.java:1763)
        at java.base@21.0.5/java.util.concurrent.LinkedBlockingQueue.poll(LinkedBlockingQueue.java:460)
        at app//org.apache.hadoop.ipc.CallQueueManager.take(CallQueueManager.java:370)
        at app//org.apache.hadoop.ipc.Server$Handler.run(Server.java:3165)
"9c1aee78-f037-4e17-b985-0daab5eaf154@group-31157D531563-StateMachineUpdater" daemon prio=5 tid=1314 timed_waiting
java.lang.Thread.State: TIMED_WAITING
        at java.base@21.0.5/jdk.internal.misc.Unsafe.park(Native Method)
        at java.base@21.0.5/java.util.concurrent.locks.LockSupport.parkNanos(LockSupport.java:269)
        at java.base@21.0.5/java.util.concurrent.locks.AbstractQueuedSynchronizer$ConditionObject.await(AbstractQueuedSynchronizer.java:1852)
        at app//org.apache.ratis.util.AwaitForSignal.await(AwaitForSignal.java:65)
        at app//org.apache.ratis.server.impl.StateMachineUpdater.waitForCommit(StateMachineUpdater.java:219)
        at app//org.apache.ratis.server.impl.StateMachineUpdater.run(StateMachineUpdater.java:187)
        at java.base@21.0.5/java.lang.Thread.runWith(Thread.java:1596)
        at java.base@21.0.5/java.lang.Thread.run(Thread.java:1583)
"grpc-default-executor-5" daemon prio=5 tid=1500 timed_waiting
java.lang.Thread.State: TIMED_WAITING
        at java.base@21.0.5/jdk.internal.misc.Unsafe.park(Native Method)
        at java.base@21.0.5/java.util.concurrent.locks.LockSupport.parkNanos(LockSupport.java:410)
        at java.base@21.0.5/java.util.concurrent.LinkedTransferQueue$DualNode.await(LinkedTransferQueue.java:452)
        at java.base@21.0.5/java.util.concurrent.SynchronousQueue$Transferer.xferLifo(SynchronousQueue.java:194)
        at java.base@21.0.5/java.util.concurrent.SynchronousQueue.xfer(SynchronousQueue.java:235)
        at java.base@21.0.5/java.util.concurrent.SynchronousQueue.poll(SynchronousQueue.java:338)
        at java.base@21.0.5/java.util.concurrent.ThreadPoolExecutor.getTask(ThreadPoolExecutor.java:1069)
        at java.base@21.0.5/java.util.concurrent.ThreadPoolExecutor.runWorker(ThreadPoolExecutor.java:1130)
        at java.base@21.0.5/java.util.concurrent.ThreadPoolExecutor$Worker.run(ThreadPoolExecutor.java:642)
        at java.base@21.0.5/java.lang.Thread.runWith(Thread.java:1596)
        at java.base@21.0.5/java.lang.Thread.run(Thread.java:1583)
"om1-OpenKeyCleanupService#0" daemon prio=5 tid=475 timed_waiting
java.lang.Thread.State: TIMED_WAITING
        at java.base@21.0.5/jdk.internal.misc.Unsafe.park(Native Method)
        at java.base@21.0.5/java.util.concurrent.locks.LockSupport.parkNanos(LockSupport.java:269)
        at java.base@21.0.5/java.util.concurrent.locks.AbstractQueuedSynchronizer$ConditionObject.awaitNanos(AbstractQueuedSynchronizer.java:1763)
        at java.base@21.0.5/java.util.concurrent.ScheduledThreadPoolExecutor$DelayedWorkQueue.take(ScheduledThreadPoolExecutor.java:1182)
        at java.base@21.0.5/java.util.concurrent.ScheduledThreadPoolExecutor$DelayedWorkQueue.take(ScheduledThreadPoolExecutor.java:899)
        at java.base@21.0.5/java.util.concurrent.ThreadPoolExecutor.getTask(ThreadPoolExecutor.java:1070)
        at java.base@21.0.5/java.util.concurrent.ThreadPoolExecutor.runWorker(ThreadPoolExecutor.java:1130)
        at java.base@21.0.5/java.util.concurrent.ThreadPoolExecutor$Worker.run(ThreadPoolExecutor.java:642)
        at java.base@21.0.5/java.lang.Thread.runWith(Thread.java:1596)
        at java.base@21.0.5/java.lang.Thread.run(Thread.java:1583)
"IPC Server handler 37 on default port 15000" daemon prio=5 tid=158 timed_waiting
java.lang.Thread.State: TIMED_WAITING
        at java.base@21.0.5/jdk.internal.misc.Unsafe.park(Native Method)
        at java.base@21.0.5/java.util.concurrent.locks.LockSupport.parkNanos(LockSupport.java:269)
        at java.base@21.0.5/java.util.concurrent.locks.AbstractQueuedSynchronizer$ConditionObject.awaitNanos(AbstractQueuedSynchronizer.java:1763)
        at java.base@21.0.5/java.util.concurrent.LinkedBlockingQueue.poll(LinkedBlockingQueue.java:460)
        at app//org.apache.hadoop.ipc.CallQueueManager.take(CallQueueManager.java:370)
        at app//org.apache.hadoop.ipc.Server$Handler.run(Server.java:3165)
"Socket Reader #8 for port 15066"  prio=5 tid=820 runnable
java.lang.Thread.State: RUNNABLE
        at java.base@21.0.5/sun.nio.ch.EPoll.wait(Native Method)
        at java.base@21.0.5/sun.nio.ch.EPollSelectorImpl.doSelect(EPollSelectorImpl.java:121)
        at java.base@21.0.5/sun.nio.ch.SelectorImpl.lockAndDoSelect(SelectorImpl.java:130)
        at java.base@21.0.5/sun.nio.ch.SelectorImpl.select(SelectorImpl.java:147)
        at app//org.apache.hadoop.ipc.Server$Listener$Reader.doRunLoop(Server.java:1497)
        at app//org.apache.hadoop.ipc.Server$Listener$Reader.run(Server.java:1476)
"Socket Reader #9 for port 15093"  prio=5 tid=1015 runnable
java.lang.Thread.State: RUNNABLE
        at java.base@21.0.5/sun.nio.ch.EPoll.wait(Native Method)
        at java.base@21.0.5/sun.nio.ch.EPollSelectorImpl.doSelect(EPollSelectorImpl.java:121)
        at java.base@21.0.5/sun.nio.ch.SelectorImpl.lockAndDoSelect(SelectorImpl.java:130)
        at java.base@21.0.5/sun.nio.ch.SelectorImpl.select(SelectorImpl.java:147)
        at app//org.apache.hadoop.ipc.Server$Listener$Reader.doRunLoop(Server.java:1497)
        at app//org.apache.hadoop.ipc.Server$Listener$Reader.run(Server.java:1476)
"69390d8a-021c-44b7-9fe5-c9855a0c5aa1-BlockDeletingService#3" daemon prio=5 tid=2130 in Object.wait()
java.lang.Thread.State: WAITING (on object monitor)
        at java.base@21.0.5/jdk.internal.misc.Unsafe.park(Native Method)
        at java.base@21.0.5/java.util.concurrent.locks.LockSupport.park(LockSupport.java:371)
        at java.base@21.0.5/java.util.concurrent.locks.AbstractQueuedSynchronizer$ConditionNode.block(AbstractQueuedSynchronizer.java:519)
        at java.base@21.0.5/java.util.concurrent.ForkJoinPool.unmanagedBlock(ForkJoinPool.java:3780)
        at java.base@21.0.5/java.util.concurrent.ForkJoinPool.managedBlock(ForkJoinPool.java:3725)
        at java.base@21.0.5/java.util.concurrent.locks.AbstractQueuedSynchronizer$ConditionObject.await(AbstractQueuedSynchronizer.java:1712)
        at java.base@21.0.5/java.util.concurrent.ScheduledThreadPoolExecutor$DelayedWorkQueue.take(ScheduledThreadPoolExecutor.java:1177)
        at java.base@21.0.5/java.util.concurrent.ScheduledThreadPoolExecutor$DelayedWorkQueue.take(ScheduledThreadPoolExecutor.java:899)
        at java.base@21.0.5/java.util.concurrent.ThreadPoolExecutor.getTask(ThreadPoolExecutor.java:1070)
        at java.base@21.0.5/java.util.concurrent.ThreadPoolExecutor.runWorker(ThreadPoolExecutor.java:1130)
        at java.base@21.0.5/java.util.concurrent.ThreadPoolExecutor$Worker.run(ThreadPoolExecutor.java:642)
        at java.base@21.0.5/java.lang.Thread.runWith(Thread.java:1596)
        at java.base@21.0.5/java.lang.Thread.run(Thread.java:1583)
"IPC Server handler 78 on default port 15000" daemon prio=5 tid=199 timed_waiting
java.lang.Thread.State: TIMED_WAITING
        at java.base@21.0.5/jdk.internal.misc.Unsafe.park(Native Method)
        at java.base@21.0.5/java.util.concurrent.locks.LockSupport.parkNanos(LockSupport.java:269)
        at java.base@21.0.5/java.util.concurrent.locks.AbstractQueuedSynchronizer$ConditionObject.awaitNanos(AbstractQueuedSynchronizer.java:1763)
        at java.base@21.0.5/java.util.concurrent.LinkedBlockingQueue.poll(LinkedBlockingQueue.java:460)
        at app//org.apache.hadoop.ipc.CallQueueManager.take(CallQueueManager.java:370)
        at app//org.apache.hadoop.ipc.Server$Handler.run(Server.java:3165)
"17963aff-71fe-4a8f-bd2e-c405ff93174f-CommandProcessorThread" daemon prio=5 tid=971 timed_waiting
java.lang.Thread.State: TIMED_WAITING
        at java.base@21.0.5/java.lang.Thread.sleep0(Native Method)
        at java.base@21.0.5/java.lang.Thread.sleep(Thread.java:509)
        at app//org.apache.hadoop.ozone.container.common.statemachine.DatanodeStateMachine.lambda$initCommandHandlerThread$4(DatanodeStateMachine.java:670)
        at app//org.apache.hadoop.ozone.container.common.statemachine.DatanodeStateMachine$$Lambda/0x00007fcfe07d9b78.run(Unknown Source)
        at java.base@21.0.5/java.lang.Thread.runWith(Thread.java:1596)
        at java.base@21.0.5/java.lang.Thread.run(Thread.java:1583)
"7c84fc52-fa7b-40d9-a19c-d4e4c83c5fa3-server-thread1" daemon prio=5 tid=2033 timed_waiting
java.lang.Thread.State: TIMED_WAITING
        at java.base@21.0.5/jdk.internal.misc.Unsafe.park(Native Method)
        at java.base@21.0.5/java.util.concurrent.locks.LockSupport.parkNanos(LockSupport.java:410)
        at java.base@21.0.5/java.util.concurrent.LinkedTransferQueue$DualNode.await(LinkedTransferQueue.java:452)
        at java.base@21.0.5/java.util.concurrent.SynchronousQueue$Transferer.xferLifo(SynchronousQueue.java:194)
        at java.base@21.0.5/java.util.concurrent.SynchronousQueue.xfer(SynchronousQueue.java:235)
        at java.base@21.0.5/java.util.concurrent.SynchronousQueue.poll(SynchronousQueue.java:338)
        at java.base@21.0.5/java.util.concurrent.ThreadPoolExecutor.getTask(ThreadPoolExecutor.java:1069)
        at java.base@21.0.5/java.util.concurrent.ThreadPoolExecutor.runWorker(ThreadPoolExecutor.java:1130)
        at java.base@21.0.5/java.util.concurrent.ThreadPoolExecutor$Worker.run(ThreadPoolExecutor.java:642)
        at java.base@21.0.5/java.lang.Thread.runWith(Thread.java:1596)
        at java.base@21.0.5/java.lang.Thread.run(Thread.java:1583)
"IPC Server listener on 15000" daemon prio=5 tid=89 runnable
java.lang.Thread.State: RUNNABLE
        at java.base@21.0.5/sun.nio.ch.EPoll.wait(Native Method)
        at java.base@21.0.5/sun.nio.ch.EPollSelectorImpl.doSelect(EPollSelectorImpl.java:121)
        at java.base@21.0.5/sun.nio.ch.SelectorImpl.lockAndDoSelect(SelectorImpl.java:130)
        at java.base@21.0.5/sun.nio.ch.SelectorImpl.select(SelectorImpl.java:147)
        at app//org.apache.hadoop.ipc.Server$Listener.run(Server.java:1559)
"a14cd1ab-7861-42f9-8639-15260a7193f0@group-DEECD8B278EF->91d0dafb-6cb7-42e5-b129-660fdc1902ba-GrpcLogAppender-LogAppenderDaemon" daemon prio=5 tid=2241 timed_waiting
java.lang.Thread.State: TIMED_WAITING
        at java.base@21.0.5/jdk.internal.misc.Unsafe.park(Native Method)
        at java.base@21.0.5/java.util.concurrent.locks.LockSupport.parkNanos(LockSupport.java:269)
        at java.base@21.0.5/java.util.concurrent.locks.AbstractQueuedSynchronizer$ConditionObject.await(AbstractQueuedSynchronizer.java:1852)
        at app//org.apache.ratis.util.AwaitForSignal.await(AwaitForSignal.java:65)
        at app//org.apache.ratis.grpc.server.GrpcLogAppender.mayWait(GrpcLogAppender.java:290)
        at app//org.apache.ratis.grpc.server.GrpcLogAppender.run(GrpcLogAppender.java:258)
        at app//org.apache.ratis.server.leader.LogAppenderDaemon.run(LogAppenderDaemon.java:80)
        at app//org.apache.ratis.server.leader.LogAppenderDaemon$$Lambda/0x00007fcfe093e000.run(Unknown Source)
        at java.base@21.0.5/java.lang.Thread.runWith(Thread.java:1596)
        at java.base@21.0.5/java.lang.Thread.run(Thread.java:1583)
"IPC Server handler 30 on default port 15002" daemon prio=5 tid=369 timed_waiting
java.lang.Thread.State: TIMED_WAITING
        at java.base@21.0.5/jdk.internal.misc.Unsafe.park(Native Method)
        at java.base@21.0.5/java.util.concurrent.locks.LockSupport.parkNanos(LockSupport.java:269)
        at java.base@21.0.5/java.util.concurrent.locks.AbstractQueuedSynchronizer$ConditionObject.awaitNanos(AbstractQueuedSynchronizer.java:1763)
        at java.base@21.0.5/java.util.concurrent.LinkedBlockingQueue.poll(LinkedBlockingQueue.java:460)
        at app//org.apache.hadoop.ipc.CallQueueManager.take(CallQueueManager.java:370)
        at app//org.apache.hadoop.ipc.Server$Handler.run(Server.java:3165)
"IPC Server handler 8 on default port 15030" daemon prio=5 tid=1931 timed_waiting
java.lang.Thread.State: TIMED_WAITING
        at java.base@21.0.5/jdk.internal.misc.Unsafe.park(Native Method)
        at java.base@21.0.5/java.util.concurrent.locks.LockSupport.parkNanos(LockSupport.java:269)
        at java.base@21.0.5/java.util.concurrent.locks.AbstractQueuedSynchronizer$ConditionObject.awaitNanos(AbstractQueuedSynchronizer.java:1763)
        at java.base@21.0.5/java.util.concurrent.LinkedBlockingQueue.poll(LinkedBlockingQueue.java:460)
        at app//org.apache.hadoop.ipc.CallQueueManager.take(CallQueueManager.java:370)
        at app//org.apache.hadoop.ipc.Server$Handler.run(Server.java:3165)
"IPC Server idle connection scanner for port 15057" daemon prio=5 tid=777 timed_waiting
java.lang.Thread.State: TIMED_WAITING
        at java.base@21.0.5/java.lang.Object.wait0(Native Method)
        at java.base@21.0.5/java.lang.Object.wait(Object.java:366)
        at java.base@21.0.5/java.util.TimerThread.mainLoop(Timer.java:563)
        at java.base@21.0.5/java.util.TimerThread.run(Timer.java:516)
"d1093f6a-6992-456d-ac47-966fa1bbc12e@group-B8383FC2DAB2-FollowerState" daemon prio=5 tid=2044 timed_waiting
java.lang.Thread.State: TIMED_WAITING
        at java.base@21.0.5/java.lang.Thread.sleep0(Native Method)
        at java.base@21.0.5/java.lang.Thread.sleep(Thread.java:558)
        at java.base@21.0.5/java.util.concurrent.TimeUnit.sleep(TimeUnit.java:446)
        at app//org.apache.ratis.util.TimeDuration.sleep(TimeDuration.java:353)
        at app//org.apache.ratis.util.TimeDuration.sleep(TimeDuration.java:338)
        at app//org.apache.ratis.server.impl.FollowerState.runImpl(FollowerState.java:149)
        at app//org.apache.ratis.server.impl.FollowerState.run(FollowerState.java:130)
"Socket Reader #1 for port 15084"  prio=5 tid=943 runnable
java.lang.Thread.State: RUNNABLE
        at java.base@21.0.5/sun.nio.ch.EPoll.wait(Native Method)
        at java.base@21.0.5/sun.nio.ch.EPollSelectorImpl.doSelect(EPollSelectorImpl.java:121)
        at java.base@21.0.5/sun.nio.ch.SelectorImpl.lockAndDoSelect(SelectorImpl.java:130)
        at java.base@21.0.5/sun.nio.ch.SelectorImpl.select(SelectorImpl.java:147)
        at app//org.apache.hadoop.ipc.Server$Listener$Reader.doRunLoop(Server.java:1497)
        at app//org.apache.hadoop.ipc.Server$Listener$Reader.run(Server.java:1476)
"qtp223830602-489" daemon prio=5 tid=489 runnable
java.lang.Thread.State: RUNNABLE
        at java.base@21.0.5/sun.nio.ch.EPoll.wait(Native Method)
        at java.base@21.0.5/sun.nio.ch.EPollSelectorImpl.doSelect(EPollSelectorImpl.java:121)
        at java.base@21.0.5/sun.nio.ch.SelectorImpl.lockAndDoSelect(SelectorImpl.java:130)
        at java.base@21.0.5/sun.nio.ch.SelectorImpl.select(SelectorImpl.java:147)
        at app//org.eclipse.jetty.io.ManagedSelector.nioSelect(ManagedSelector.java:183)
        at app//org.eclipse.jetty.io.ManagedSelector.select(ManagedSelector.java:190)
        at app//org.eclipse.jetty.io.ManagedSelector$SelectorProducer.select(ManagedSelector.java:606)
        at app//org.eclipse.jetty.io.ManagedSelector$SelectorProducer.produce(ManagedSelector.java:543)
        at app//org.eclipse.jetty.util.thread.strategy.EatWhatYouKill.produceTask(EatWhatYouKill.java:362)
        at app//org.eclipse.jetty.util.thread.strategy.EatWhatYouKill.doProduce(EatWhatYouKill.java:186)
        at app//org.eclipse.jetty.util.thread.strategy.EatWhatYouKill.tryProduce(EatWhatYouKill.java:173)
        at app//org.eclipse.jetty.util.thread.strategy.EatWhatYouKill.produce(EatWhatYouKill.java:137)
        at app//org.eclipse.jetty.io.ManagedSelector$$Lambda/0x00007fcfe0662730.run(Unknown Source)
        at app//org.eclipse.jetty.util.thread.QueuedThreadPool.runJob(QueuedThreadPool.java:883)
        at app//org.eclipse.jetty.util.thread.QueuedThreadPool$Runner.run(QueuedThreadPool.java:1034)
        at java.base@21.0.5/java.lang.Thread.runWith(Thread.java:1596)
        at java.base@21.0.5/java.lang.Thread.run(Thread.java:1583)
"84b435bb-d41b-4758-bf48-ce9052c81d4a-ChunkWriter-3-0" daemon prio=5 tid=1084 in Object.wait()
java.lang.Thread.State: WAITING (on object monitor)
        at java.base@21.0.5/jdk.internal.misc.Unsafe.park(Native Method)
        at java.base@21.0.5/java.util.concurrent.locks.LockSupport.park(LockSupport.java:371)
        at java.base@21.0.5/java.util.concurrent.locks.AbstractQueuedSynchronizer$ConditionNode.block(AbstractQueuedSynchronizer.java:519)
        at java.base@21.0.5/java.util.concurrent.ForkJoinPool.unmanagedBlock(ForkJoinPool.java:3780)
        at java.base@21.0.5/java.util.concurrent.ForkJoinPool.managedBlock(ForkJoinPool.java:3725)
        at java.base@21.0.5/java.util.concurrent.locks.AbstractQueuedSynchronizer$ConditionObject.await(AbstractQueuedSynchronizer.java:1712)
        at java.base@21.0.5/java.util.concurrent.LinkedBlockingDeque.takeFirst(LinkedBlockingDeque.java:485)
        at java.base@21.0.5/java.util.concurrent.LinkedBlockingDeque.take(LinkedBlockingDeque.java:673)
        at java.base@21.0.5/java.util.concurrent.ThreadPoolExecutor.getTask(ThreadPoolExecutor.java:1070)
        at java.base@21.0.5/java.util.concurrent.ThreadPoolExecutor.runWorker(ThreadPoolExecutor.java:1130)
        at java.base@21.0.5/java.util.concurrent.ThreadPoolExecutor$Worker.run(ThreadPoolExecutor.java:642)
        at java.base@21.0.5/java.lang.Thread.runWith(Thread.java:1596)
        at java.base@21.0.5/java.lang.Thread.run(Thread.java:1583)
"84b435bb-d41b-4758-bf48-ce9052c81d4a-server-thread3" daemon prio=5 tid=1421 timed_waiting
java.lang.Thread.State: TIMED_WAITING
        at java.base@21.0.5/jdk.internal.misc.Unsafe.park(Native Method)
        at java.base@21.0.5/java.util.concurrent.locks.LockSupport.parkNanos(LockSupport.java:410)
        at java.base@21.0.5/java.util.concurrent.LinkedTransferQueue$DualNode.await(LinkedTransferQueue.java:452)
        at java.base@21.0.5/java.util.concurrent.SynchronousQueue$Transferer.xferLifo(SynchronousQueue.java:194)
        at java.base@21.0.5/java.util.concurrent.SynchronousQueue.xfer(SynchronousQueue.java:235)
        at java.base@21.0.5/java.util.concurrent.SynchronousQueue.poll(SynchronousQueue.java:338)
        at java.base@21.0.5/java.util.concurrent.ThreadPoolExecutor.getTask(ThreadPoolExecutor.java:1069)
        at java.base@21.0.5/java.util.concurrent.ThreadPoolExecutor.runWorker(ThreadPoolExecutor.java:1130)
        at java.base@21.0.5/java.util.concurrent.ThreadPoolExecutor$Worker.run(ThreadPoolExecutor.java:642)
        at java.base@21.0.5/java.lang.Thread.runWith(Thread.java:1596)
        at java.base@21.0.5/java.lang.Thread.run(Thread.java:1583)
"IPC Server handler 27 on default port 15001" daemon prio=5 tid=248 timed_waiting
java.lang.Thread.State: TIMED_WAITING
        at java.base@21.0.5/jdk.internal.misc.Unsafe.park(Native Method)
        at java.base@21.0.5/java.util.concurrent.locks.LockSupport.parkNanos(LockSupport.java:269)
        at java.base@21.0.5/java.util.concurrent.locks.AbstractQueuedSynchronizer$ConditionObject.awaitNanos(AbstractQueuedSynchronizer.java:1763)
        at java.base@21.0.5/java.util.concurrent.LinkedBlockingQueue.poll(LinkedBlockingQueue.java:460)
        at app//org.apache.hadoop.ipc.CallQueueManager.take(CallQueueManager.java:370)
        at app//org.apache.hadoop.ipc.Server$Handler.run(Server.java:3165)
"IPC Server Responder" daemon prio=5 tid=1921 runnable
java.lang.Thread.State: RUNNABLE
        at java.base@21.0.5/sun.nio.ch.EPoll.wait(Native Method)
        at java.base@21.0.5/sun.nio.ch.EPollSelectorImpl.doSelect(EPollSelectorImpl.java:121)
        at java.base@21.0.5/sun.nio.ch.SelectorImpl.lockAndDoSelect(SelectorImpl.java:130)
        at java.base@21.0.5/sun.nio.ch.SelectorImpl.select(SelectorImpl.java:142)
        at app//org.apache.hadoop.ipc.Server$Responder.doRunLoop(Server.java:1733)
        at app//org.apache.hadoop.ipc.Server$Responder.run(Server.java:1716)
"qtp1365184588-711" daemon prio=5 tid=711 runnable
java.lang.Thread.State: RUNNABLE
        at java.base@21.0.5/sun.nio.ch.EPoll.wait(Native Method)
        at java.base@21.0.5/sun.nio.ch.EPollSelectorImpl.doSelect(EPollSelectorImpl.java:121)
        at java.base@21.0.5/sun.nio.ch.SelectorImpl.lockAndDoSelect(SelectorImpl.java:130)
        at java.base@21.0.5/sun.nio.ch.SelectorImpl.select(SelectorImpl.java:147)
        at app//org.eclipse.jetty.io.ManagedSelector.nioSelect(ManagedSelector.java:183)
        at app//org.eclipse.jetty.io.ManagedSelector.select(ManagedSelector.java:190)
        at app//org.eclipse.jetty.io.ManagedSelector$SelectorProducer.select(ManagedSelector.java:606)
        at app//org.eclipse.jetty.io.ManagedSelector$SelectorProducer.produce(ManagedSelector.java:543)
        at app//org.eclipse.jetty.util.thread.strategy.EatWhatYouKill.produceTask(EatWhatYouKill.java:362)
        at app//org.eclipse.jetty.util.thread.strategy.EatWhatYouKill.doProduce(EatWhatYouKill.java:186)
        at app//org.eclipse.jetty.util.thread.strategy.EatWhatYouKill.tryProduce(EatWhatYouKill.java:173)
        at app//org.eclipse.jetty.util.thread.strategy.EatWhatYouKill.produce(EatWhatYouKill.java:137)
        at app//org.eclipse.jetty.io.ManagedSelector$$Lambda/0x00007fcfe0662730.run(Unknown Source)
        at app//org.eclipse.jetty.util.thread.QueuedThreadPool.runJob(QueuedThreadPool.java:883)
        at app//org.eclipse.jetty.util.thread.QueuedThreadPool$Runner.run(QueuedThreadPool.java:1034)
        at java.base@21.0.5/java.lang.Thread.runWith(Thread.java:1596)
        at java.base@21.0.5/java.lang.Thread.run(Thread.java:1583)
"IPC Server handler 5 on default port 15066" daemon prio=5 tid=831 timed_waiting
java.lang.Thread.State: TIMED_WAITING
        at java.base@21.0.5/jdk.internal.misc.Unsafe.park(Native Method)
        at java.base@21.0.5/java.util.concurrent.locks.LockSupport.parkNanos(LockSupport.java:269)
        at java.base@21.0.5/java.util.concurrent.locks.AbstractQueuedSynchronizer$ConditionObject.awaitNanos(AbstractQueuedSynchronizer.java:1763)
        at java.base@21.0.5/java.util.concurrent.LinkedBlockingQueue.poll(LinkedBlockingQueue.java:460)
        at app//org.apache.hadoop.ipc.CallQueueManager.take(CallQueueManager.java:370)
        at app//org.apache.hadoop.ipc.Server$Handler.run(Server.java:3165)
"7c84fc52-fa7b-40d9-a19c-d4e4c83c5fa3-NettyServerStreamRpc-bossGroup--thread1"  prio=5 tid=567 runnable
java.lang.Thread.State: RUNNABLE
        at app//org.apache.ratis.thirdparty.io.netty.channel.epoll.Native.epollWait(Native Method)
        at app//org.apache.ratis.thirdparty.io.netty.channel.epoll.Native.epollWait(Native.java:220)
        at app//org.apache.ratis.thirdparty.io.netty.channel.epoll.Native.epollWait(Native.java:213)
        at app//org.apache.ratis.thirdparty.io.netty.channel.epoll.EpollEventLoop.epollWaitNoTimerChange(EpollEventLoop.java:308)
        at app//org.apache.ratis.thirdparty.io.netty.channel.epoll.EpollEventLoop.run(EpollEventLoop.java:365)
        at app//org.apache.ratis.thirdparty.io.netty.util.concurrent.SingleThreadEventExecutor$4.run(SingleThreadEventExecutor.java:997)
        at app//org.apache.ratis.thirdparty.io.netty.util.internal.ThreadExecutorMap$2.run(ThreadExecutorMap.java:74)
        at java.base@21.0.5/java.lang.Thread.runWith(Thread.java:1596)
        at java.base@21.0.5/java.lang.Thread.run(Thread.java:1583)
"fc60e07f-496f-42fe-ae82-620152583f87-CloseContainerThread-1"  prio=5 tid=2251 in Object.wait()
java.lang.Thread.State: WAITING (on object monitor)
        at java.base@21.0.5/jdk.internal.misc.Unsafe.park(Native Method)
        at java.base@21.0.5/java.util.concurrent.locks.LockSupport.park(LockSupport.java:371)
        at java.base@21.0.5/java.util.concurrent.locks.AbstractQueuedSynchronizer$ConditionNode.block(AbstractQueuedSynchronizer.java:519)
        at java.base@21.0.5/java.util.concurrent.ForkJoinPool.unmanagedBlock(ForkJoinPool.java:3780)
        at java.base@21.0.5/java.util.concurrent.ForkJoinPool.managedBlock(ForkJoinPool.java:3725)
        at java.base@21.0.5/java.util.concurrent.locks.AbstractQueuedSynchronizer$ConditionObject.await(AbstractQueuedSynchronizer.java:1712)
        at java.base@21.0.5/java.util.concurrent.LinkedBlockingQueue.take(LinkedBlockingQueue.java:435)
        at java.base@21.0.5/java.util.concurrent.ThreadPoolExecutor.getTask(ThreadPoolExecutor.java:1070)
        at java.base@21.0.5/java.util.concurrent.ThreadPoolExecutor.runWorker(ThreadPoolExecutor.java:1130)
        at java.base@21.0.5/java.util.concurrent.ThreadPoolExecutor$Worker.run(ThreadPoolExecutor.java:642)
        at java.base@21.0.5/java.lang.Thread.runWith(Thread.java:1596)
        at java.base@21.0.5/java.lang.Thread.run(Thread.java:1583)
"EventQueue-OpenPipelineForHealthyPipelineSafeModeRule" daemon prio=5 tid=1176 in Object.wait()
java.lang.Thread.State: WAITING (on object monitor)
        at java.base@21.0.5/jdk.internal.misc.Unsafe.park(Native Method)
        at java.base@21.0.5/java.util.concurrent.locks.LockSupport.park(LockSupport.java:371)
        at java.base@21.0.5/java.util.concurrent.locks.AbstractQueuedSynchronizer$ConditionNode.block(AbstractQueuedSynchronizer.java:519)
        at java.base@21.0.5/java.util.concurrent.ForkJoinPool.unmanagedBlock(ForkJoinPool.java:3780)
        at java.base@21.0.5/java.util.concurrent.ForkJoinPool.managedBlock(ForkJoinPool.java:3725)
        at java.base@21.0.5/java.util.concurrent.locks.AbstractQueuedSynchronizer$ConditionObject.await(AbstractQueuedSynchronizer.java:1712)
        at java.base@21.0.5/java.util.concurrent.LinkedBlockingQueue.take(LinkedBlockingQueue.java:435)
        at java.base@21.0.5/java.util.concurrent.ThreadPoolExecutor.getTask(ThreadPoolExecutor.java:1070)
        at java.base@21.0.5/java.util.concurrent.ThreadPoolExecutor.runWorker(ThreadPoolExecutor.java:1130)
        at java.base@21.0.5/java.util.concurrent.ThreadPoolExecutor$Worker.run(ThreadPoolExecutor.java:642)
        at java.base@21.0.5/java.lang.Thread.runWith(Thread.java:1596)
        at java.base@21.0.5/java.lang.Thread.run(Thread.java:1583)
"7c84fc52-fa7b-40d9-a19c-d4e4c83c5fa3-ChunkReader-1" daemon prio=5 tid=1557 in Object.wait()
java.lang.Thread.State: WAITING (on object monitor)
        at java.base@21.0.5/jdk.internal.misc.Unsafe.park(Native Method)
        at java.base@21.0.5/java.util.concurrent.locks.LockSupport.park(LockSupport.java:371)
        at java.base@21.0.5/java.util.concurrent.locks.AbstractQueuedSynchronizer$ConditionNode.block(AbstractQueuedSynchronizer.java:519)
        at java.base@21.0.5/java.util.concurrent.ForkJoinPool.unmanagedBlock(ForkJoinPool.java:3780)
        at java.base@21.0.5/java.util.concurrent.ForkJoinPool.managedBlock(ForkJoinPool.java:3725)
        at java.base@21.0.5/java.util.concurrent.locks.AbstractQueuedSynchronizer$ConditionObject.await(AbstractQueuedSynchronizer.java:1712)
        at java.base@21.0.5/java.util.concurrent.LinkedBlockingQueue.take(LinkedBlockingQueue.java:435)
        at java.base@21.0.5/java.util.concurrent.ThreadPoolExecutor.getTask(ThreadPoolExecutor.java:1070)
        at java.base@21.0.5/java.util.concurrent.ThreadPoolExecutor.runWorker(ThreadPoolExecutor.java:1130)
        at java.base@21.0.5/java.util.concurrent.ThreadPoolExecutor$Worker.run(ThreadPoolExecutor.java:642)
        at java.base@21.0.5/java.lang.Thread.runWith(Thread.java:1596)
        at java.base@21.0.5/java.lang.Thread.run(Thread.java:1583)
"IPC Server handler 1 on default port 15012" daemon prio=5 tid=549 timed_waiting
java.lang.Thread.State: TIMED_WAITING
        at java.base@21.0.5/jdk.internal.misc.Unsafe.park(Native Method)
        at java.base@21.0.5/java.util.concurrent.locks.LockSupport.parkNanos(LockSupport.java:269)
        at java.base@21.0.5/java.util.concurrent.locks.AbstractQueuedSynchronizer$ConditionObject.awaitNanos(AbstractQueuedSynchronizer.java:1763)
        at java.base@21.0.5/java.util.concurrent.LinkedBlockingQueue.poll(LinkedBlockingQueue.java:460)
        at app//org.apache.hadoop.ipc.CallQueueManager.take(CallQueueManager.java:370)
        at app//org.apache.hadoop.ipc.Server$Handler.run(Server.java:3165)
"qtp1811005420-983" daemon prio=5 tid=983 timed_waiting
java.lang.Thread.State: TIMED_WAITING
        at java.base@21.0.5/jdk.internal.misc.Unsafe.park(Native Method)
        at java.base@21.0.5/java.util.concurrent.locks.LockSupport.parkNanos(LockSupport.java:269)
        at java.base@21.0.5/java.util.concurrent.locks.AbstractQueuedSynchronizer$ConditionObject.awaitNanos(AbstractQueuedSynchronizer.java:1763)
        at app//org.eclipse.jetty.util.BlockingArrayQueue.poll(BlockingArrayQueue.java:382)
        at app//org.eclipse.jetty.util.thread.QueuedThreadPool$Runner.idleJobPoll(QueuedThreadPool.java:974)
        at app//org.eclipse.jetty.util.thread.QueuedThreadPool$Runner.run(QueuedThreadPool.java:1018)
        at java.base@21.0.5/java.lang.Thread.runWith(Thread.java:1596)
        at java.base@21.0.5/java.lang.Thread.run(Thread.java:1583)
"IPC Server listener on 15048" daemon prio=5 tid=720 runnable
java.lang.Thread.State: RUNNABLE
        at java.base@21.0.5/sun.nio.ch.EPoll.wait(Native Method)
        at java.base@21.0.5/sun.nio.ch.EPollSelectorImpl.doSelect(EPollSelectorImpl.java:121)
        at java.base@21.0.5/sun.nio.ch.SelectorImpl.lockAndDoSelect(SelectorImpl.java:130)
        at java.base@21.0.5/sun.nio.ch.SelectorImpl.select(SelectorImpl.java:147)
        at app//org.apache.hadoop.ipc.Server$Listener.run(Server.java:1559)
"a14cd1ab-7861-42f9-8639-15260a7193f0@group-DEECD8B278EF-LeaderStateImpl" daemon prio=5 tid=2240 timed_waiting
java.lang.Thread.State: TIMED_WAITING
        at java.base@21.0.5/jdk.internal.misc.Unsafe.park(Native Method)
        at java.base@21.0.5/java.util.concurrent.locks.LockSupport.parkNanos(LockSupport.java:269)
        at java.base@21.0.5/java.util.concurrent.locks.AbstractQueuedSynchronizer$ConditionObject.awaitNanos(AbstractQueuedSynchronizer.java:1763)
        at java.base@21.0.5/java.util.concurrent.ArrayBlockingQueue.poll(ArrayBlockingQueue.java:435)
        at app//org.apache.ratis.server.impl.LeaderStateImpl$EventQueue.poll(LeaderStateImpl.java:164)
        at app//org.apache.ratis.server.impl.LeaderStateImpl$EventProcessor.run(LeaderStateImpl.java:763)
"Socket Reader #3 for port 15012"  prio=5 tid=537 runnable
java.lang.Thread.State: RUNNABLE
        at java.base@21.0.5/sun.nio.ch.EPoll.wait(Native Method)
        at java.base@21.0.5/sun.nio.ch.EPollSelectorImpl.doSelect(EPollSelectorImpl.java:121)
        at java.base@21.0.5/sun.nio.ch.SelectorImpl.lockAndDoSelect(SelectorImpl.java:130)
        at java.base@21.0.5/sun.nio.ch.SelectorImpl.select(SelectorImpl.java:147)
        at app//org.apache.hadoop.ipc.Server$Listener$Reader.doRunLoop(Server.java:1497)
        at app//org.apache.hadoop.ipc.Server$Listener$Reader.run(Server.java:1476)
"IPC Server handler 5 on default port 15002" daemon prio=5 tid=344 timed_waiting
java.lang.Thread.State: TIMED_WAITING
        at java.base@21.0.5/jdk.internal.misc.Unsafe.park(Native Method)
        at java.base@21.0.5/java.util.concurrent.locks.LockSupport.parkNanos(LockSupport.java:269)
        at java.base@21.0.5/java.util.concurrent.locks.AbstractQueuedSynchronizer$ConditionObject.awaitNanos(AbstractQueuedSynchronizer.java:1763)
        at java.base@21.0.5/java.util.concurrent.LinkedBlockingQueue.poll(LinkedBlockingQueue.java:460)
        at app//org.apache.hadoop.ipc.CallQueueManager.take(CallQueueManager.java:370)
        at app//org.apache.hadoop.ipc.Server$Handler.run(Server.java:3165)
"IPC Server handler 36 on default port 15002" daemon prio=5 tid=375 timed_waiting
java.lang.Thread.State: TIMED_WAITING
        at java.base@21.0.5/jdk.internal.misc.Unsafe.park(Native Method)
        at java.base@21.0.5/java.util.concurrent.locks.LockSupport.parkNanos(LockSupport.java:269)
        at java.base@21.0.5/java.util.concurrent.locks.AbstractQueuedSynchronizer$ConditionObject.awaitNanos(AbstractQueuedSynchronizer.java:1763)
        at java.base@21.0.5/java.util.concurrent.LinkedBlockingQueue.poll(LinkedBlockingQueue.java:460)
        at app//org.apache.hadoop.ipc.CallQueueManager.take(CallQueueManager.java:370)
        at app//org.apache.hadoop.ipc.Server$Handler.run(Server.java:3165)
"69390d8a-021c-44b7-9fe5-c9855a0c5aa1-DatanodeStateMachineTaskThread-0"  prio=5 tid=908 in Object.wait()
java.lang.Thread.State: WAITING (on object monitor)
        at java.base@21.0.5/jdk.internal.misc.Unsafe.park(Native Method)
        at java.base@21.0.5/java.util.concurrent.locks.LockSupport.park(LockSupport.java:371)
        at java.base@21.0.5/java.util.concurrent.locks.AbstractQueuedSynchronizer$ConditionNode.block(AbstractQueuedSynchronizer.java:519)
        at java.base@21.0.5/java.util.concurrent.ForkJoinPool.unmanagedBlock(ForkJoinPool.java:3780)
        at java.base@21.0.5/java.util.concurrent.ForkJoinPool.managedBlock(ForkJoinPool.java:3725)
        at java.base@21.0.5/java.util.concurrent.locks.AbstractQueuedSynchronizer$ConditionObject.await(AbstractQueuedSynchronizer.java:1712)
        at java.base@21.0.5/java.util.concurrent.LinkedBlockingQueue.take(LinkedBlockingQueue.java:435)
        at java.base@21.0.5/java.util.concurrent.ThreadPoolExecutor.getTask(ThreadPoolExecutor.java:1070)
        at java.base@21.0.5/java.util.concurrent.ThreadPoolExecutor.runWorker(ThreadPoolExecutor.java:1130)
        at java.base@21.0.5/java.util.concurrent.ThreadPoolExecutor$Worker.run(ThreadPoolExecutor.java:642)
        at java.base@21.0.5/java.lang.Thread.runWith(Thread.java:1596)
        at java.base@21.0.5/java.lang.Thread.run(Thread.java:1583)
"pool-440-thread-1" daemon prio=5 tid=1945 timed_waiting
java.lang.Thread.State: TIMED_WAITING
        at java.base@21.0.5/jdk.internal.misc.Unsafe.park(Native Method)
        at java.base@21.0.5/java.util.concurrent.locks.LockSupport.parkNanos(LockSupport.java:269)
        at java.base@21.0.5/java.util.concurrent.locks.AbstractQueuedSynchronizer$ConditionObject.awaitNanos(AbstractQueuedSynchronizer.java:1763)
        at java.base@21.0.5/java.util.concurrent.ScheduledThreadPoolExecutor$DelayedWorkQueue.take(ScheduledThreadPoolExecutor.java:1182)
        at java.base@21.0.5/java.util.concurrent.ScheduledThreadPoolExecutor$DelayedWorkQueue.take(ScheduledThreadPoolExecutor.java:899)
        at java.base@21.0.5/java.util.concurrent.ThreadPoolExecutor.getTask(ThreadPoolExecutor.java:1070)
        at java.base@21.0.5/java.util.concurrent.ThreadPoolExecutor.runWorker(ThreadPoolExecutor.java:1130)
        at java.base@21.0.5/java.util.concurrent.ThreadPoolExecutor$Worker.run(ThreadPoolExecutor.java:642)
        at java.base@21.0.5/java.lang.Thread.runWith(Thread.java:1596)
        at java.base@21.0.5/java.lang.Thread.run(Thread.java:1583)
"IPC Server handler 23 on default port 15001" daemon prio=5 tid=244 timed_waiting
java.lang.Thread.State: TIMED_WAITING
        at java.base@21.0.5/jdk.internal.misc.Unsafe.park(Native Method)
        at java.base@21.0.5/java.util.concurrent.locks.LockSupport.parkNanos(LockSupport.java:269)
        at java.base@21.0.5/java.util.concurrent.locks.AbstractQueuedSynchronizer$ConditionObject.awaitNanos(AbstractQueuedSynchronizer.java:1763)
        at java.base@21.0.5/java.util.concurrent.LinkedBlockingQueue.poll(LinkedBlockingQueue.java:460)
        at app//org.apache.hadoop.ipc.CallQueueManager.take(CallQueueManager.java:370)
        at app//org.apache.hadoop.ipc.Server$Handler.run(Server.java:3165)
"d1093f6a-6992-456d-ac47-966fa1bbc12e-DatanodeReportManager-2" daemon prio=5 tid=1936 in Object.wait()
java.lang.Thread.State: WAITING (on object monitor)
        at java.base@21.0.5/jdk.internal.misc.Unsafe.park(Native Method)
        at java.base@21.0.5/java.util.concurrent.locks.LockSupport.park(LockSupport.java:371)
        at java.base@21.0.5/java.util.concurrent.locks.AbstractQueuedSynchronizer$ConditionNode.block(AbstractQueuedSynchronizer.java:519)
        at java.base@21.0.5/java.util.concurrent.ForkJoinPool.unmanagedBlock(ForkJoinPool.java:3780)
        at java.base@21.0.5/java.util.concurrent.ForkJoinPool.managedBlock(ForkJoinPool.java:3725)
        at java.base@21.0.5/java.util.concurrent.locks.AbstractQueuedSynchronizer$ConditionObject.await(AbstractQueuedSynchronizer.java:1712)
        at java.base@21.0.5/java.util.concurrent.ScheduledThreadPoolExecutor$DelayedWorkQueue.take(ScheduledThreadPoolExecutor.java:1177)
        at java.base@21.0.5/java.util.concurrent.ScheduledThreadPoolExecutor$DelayedWorkQueue.take(ScheduledThreadPoolExecutor.java:899)
        at java.base@21.0.5/java.util.concurrent.ThreadPoolExecutor.getTask(ThreadPoolExecutor.java:1070)
        at java.base@21.0.5/java.util.concurrent.ThreadPoolExecutor.runWorker(ThreadPoolExecutor.java:1130)
        at java.base@21.0.5/java.util.concurrent.ThreadPoolExecutor$Worker.run(ThreadPoolExecutor.java:642)
        at java.base@21.0.5/java.lang.Thread.runWith(Thread.java:1596)
        at java.base@21.0.5/java.lang.Thread.run(Thread.java:1583)
"a14cd1ab-7861-42f9-8639-15260a7193f0@group-D14C45472CDA-SegmentedRaftLogWorker"  prio=5 tid=2226 timed_waiting
java.lang.Thread.State: TIMED_WAITING
        at java.base@21.0.5/jdk.internal.misc.Unsafe.park(Native Method)
        at java.base@21.0.5/java.util.concurrent.locks.LockSupport.parkNanos(LockSupport.java:269)
        at java.base@21.0.5/java.util.concurrent.locks.AbstractQueuedSynchronizer$ConditionObject.awaitNanos(AbstractQueuedSynchronizer.java:1763)
        at app//org.apache.ratis.util.DataBlockingQueue.poll(DataBlockingQueue.java:148)
        at app//org.apache.ratis.server.raftlog.segmented.SegmentedRaftLogWorker.run(SegmentedRaftLogWorker.java:307)
        at app//org.apache.ratis.server.raftlog.segmented.SegmentedRaftLogWorker$$Lambda/0x00007fcfe03376d0.run(Unknown Source)
        at java.base@21.0.5/java.util.concurrent.Executors$RunnableAdapter.call(Executors.java:572)
        at java.base@21.0.5/java.util.concurrent.FutureTask.run(FutureTask.java:317)
        at java.base@21.0.5/java.util.concurrent.ThreadPoolExecutor.runWorker(ThreadPoolExecutor.java:1144)
        at java.base@21.0.5/java.util.concurrent.ThreadPoolExecutor$Worker.run(ThreadPoolExecutor.java:642)
        at java.base@21.0.5/java.lang.Thread.runWith(Thread.java:1596)
        at java.base@21.0.5/java.lang.Thread.run(Thread.java:1583)
"IPC Server handler 72 on default port 15001" daemon prio=5 tid=293 timed_waiting
java.lang.Thread.State: TIMED_WAITING
        at java.base@21.0.5/jdk.internal.misc.Unsafe.park(Native Method)
        at java.base@21.0.5/java.util.concurrent.locks.LockSupport.parkNanos(LockSupport.java:269)
        at java.base@21.0.5/java.util.concurrent.locks.AbstractQueuedSynchronizer$ConditionObject.awaitNanos(AbstractQueuedSynchronizer.java:1763)
        at java.base@21.0.5/java.util.concurrent.LinkedBlockingQueue.poll(LinkedBlockingQueue.java:460)
        at app//org.apache.hadoop.ipc.CallQueueManager.take(CallQueueManager.java:370)
        at app//org.apache.hadoop.ipc.Server$Handler.run(Server.java:3165)
"Socket Reader #2 for port 15084"  prio=5 tid=944 runnable
java.lang.Thread.State: RUNNABLE
        at java.base@21.0.5/sun.nio.ch.EPoll.wait(Native Method)
        at java.base@21.0.5/sun.nio.ch.EPollSelectorImpl.doSelect(EPollSelectorImpl.java:121)
        at java.base@21.0.5/sun.nio.ch.SelectorImpl.lockAndDoSelect(SelectorImpl.java:130)
        at java.base@21.0.5/sun.nio.ch.SelectorImpl.select(SelectorImpl.java:147)
        at app//org.apache.hadoop.ipc.Server$Listener$Reader.doRunLoop(Server.java:1497)
        at app//org.apache.hadoop.ipc.Server$Listener$Reader.run(Server.java:1476)
"d1093f6a-6992-456d-ac47-966fa1bbc12e-groupManagement" daemon prio=5 tid=1964 in Object.wait()
java.lang.Thread.State: WAITING (on object monitor)
        at java.base@21.0.5/jdk.internal.misc.Unsafe.park(Native Method)
        at java.base@21.0.5/java.util.concurrent.locks.LockSupport.park(LockSupport.java:371)
        at java.base@21.0.5/java.util.concurrent.locks.AbstractQueuedSynchronizer$ConditionNode.block(AbstractQueuedSynchronizer.java:519)
        at java.base@21.0.5/java.util.concurrent.ForkJoinPool.unmanagedBlock(ForkJoinPool.java:3780)
        at java.base@21.0.5/java.util.concurrent.ForkJoinPool.managedBlock(ForkJoinPool.java:3725)
        at java.base@21.0.5/java.util.concurrent.locks.AbstractQueuedSynchronizer$ConditionObject.await(AbstractQueuedSynchronizer.java:1712)
        at java.base@21.0.5/java.util.concurrent.LinkedBlockingQueue.take(LinkedBlockingQueue.java:435)
        at java.base@21.0.5/java.util.concurrent.ThreadPoolExecutor.getTask(ThreadPoolExecutor.java:1070)
        at java.base@21.0.5/java.util.concurrent.ThreadPoolExecutor.runWorker(ThreadPoolExecutor.java:1130)
        at java.base@21.0.5/java.util.concurrent.ThreadPoolExecutor$Worker.run(ThreadPoolExecutor.java:642)
        at java.base@21.0.5/java.lang.Thread.runWith(Thread.java:1596)
        at java.base@21.0.5/java.lang.Thread.run(Thread.java:1583)
"IPC Server handler 42 on default port 15001" daemon prio=5 tid=263 timed_waiting
java.lang.Thread.State: TIMED_WAITING
        at java.base@21.0.5/jdk.internal.misc.Unsafe.park(Native Method)
        at java.base@21.0.5/java.util.concurrent.locks.LockSupport.parkNanos(LockSupport.java:269)
        at java.base@21.0.5/java.util.concurrent.locks.AbstractQueuedSynchronizer$ConditionObject.awaitNanos(AbstractQueuedSynchronizer.java:1763)
        at java.base@21.0.5/java.util.concurrent.LinkedBlockingQueue.poll(LinkedBlockingQueue.java:460)
        at app//org.apache.hadoop.ipc.CallQueueManager.take(CallQueueManager.java:370)
        at app//org.apache.hadoop.ipc.Server$Handler.run(Server.java:3165)
"7c84fc52-fa7b-40d9-a19c-d4e4c83c5fa3-PeriodicHDDSVolumeChecker" daemon prio=5 tid=927 timed_waiting
java.lang.Thread.State: TIMED_WAITING
        at java.base@21.0.5/jdk.internal.misc.Unsafe.park(Native Method)
        at java.base@21.0.5/java.util.concurrent.locks.LockSupport.parkNanos(LockSupport.java:269)
        at java.base@21.0.5/java.util.concurrent.locks.AbstractQueuedSynchronizer$ConditionObject.awaitNanos(AbstractQueuedSynchronizer.java:1763)
        at java.base@21.0.5/java.util.concurrent.ScheduledThreadPoolExecutor$DelayedWorkQueue.take(ScheduledThreadPoolExecutor.java:1182)
        at java.base@21.0.5/java.util.concurrent.ScheduledThreadPoolExecutor$DelayedWorkQueue.take(ScheduledThreadPoolExecutor.java:899)
        at java.base@21.0.5/java.util.concurrent.ThreadPoolExecutor.getTask(ThreadPoolExecutor.java:1070)
        at java.base@21.0.5/java.util.concurrent.ThreadPoolExecutor.runWorker(ThreadPoolExecutor.java:1130)
        at java.base@21.0.5/java.util.concurrent.ThreadPoolExecutor$Worker.run(ThreadPoolExecutor.java:642)
        at java.base@21.0.5/java.lang.Thread.runWith(Thread.java:1596)
        at java.base@21.0.5/java.lang.Thread.run(Thread.java:1583)
"Socket Reader #8 for port 15000"  prio=5 tid=97 runnable
java.lang.Thread.State: RUNNABLE
        at java.base@21.0.5/sun.nio.ch.EPoll.wait(Native Method)
        at java.base@21.0.5/sun.nio.ch.EPollSelectorImpl.doSelect(EPollSelectorImpl.java:121)
        at java.base@21.0.5/sun.nio.ch.SelectorImpl.lockAndDoSelect(SelectorImpl.java:130)
        at java.base@21.0.5/sun.nio.ch.SelectorImpl.select(SelectorImpl.java:147)
        at app//org.apache.hadoop.ipc.Server$Listener$Reader.doRunLoop(Server.java:1497)
        at app//org.apache.hadoop.ipc.Server$Listener$Reader.run(Server.java:1476)
"qtp1811005420-980" daemon prio=5 tid=980 runnable
java.lang.Thread.State: RUNNABLE
        at java.base@21.0.5/sun.nio.ch.EPoll.wait(Native Method)
        at java.base@21.0.5/sun.nio.ch.EPollSelectorImpl.doSelect(EPollSelectorImpl.java:121)
        at java.base@21.0.5/sun.nio.ch.SelectorImpl.lockAndDoSelect(SelectorImpl.java:130)
        at java.base@21.0.5/sun.nio.ch.SelectorImpl.select(SelectorImpl.java:147)
        at app//org.eclipse.jetty.io.ManagedSelector.nioSelect(ManagedSelector.java:183)
        at app//org.eclipse.jetty.io.ManagedSelector.select(ManagedSelector.java:190)
        at app//org.eclipse.jetty.io.ManagedSelector$SelectorProducer.select(ManagedSelector.java:606)
        at app//org.eclipse.jetty.io.ManagedSelector$SelectorProducer.produce(ManagedSelector.java:543)
        at app//org.eclipse.jetty.util.thread.strategy.EatWhatYouKill.produceTask(EatWhatYouKill.java:362)
        at app//org.eclipse.jetty.util.thread.strategy.EatWhatYouKill.doProduce(EatWhatYouKill.java:186)
        at app//org.eclipse.jetty.util.thread.strategy.EatWhatYouKill.tryProduce(EatWhatYouKill.java:173)
        at app//org.eclipse.jetty.util.thread.strategy.EatWhatYouKill.produce(EatWhatYouKill.java:137)
        at app//org.eclipse.jetty.io.ManagedSelector$$Lambda/0x00007fcfe0662730.run(Unknown Source)
        at app//org.eclipse.jetty.util.thread.QueuedThreadPool.runJob(QueuedThreadPool.java:883)
        at app//org.eclipse.jetty.util.thread.QueuedThreadPool$Runner.run(QueuedThreadPool.java:1034)
        at java.base@21.0.5/java.lang.Thread.runWith(Thread.java:1596)
        at java.base@21.0.5/java.lang.Thread.run(Thread.java:1583)
"ac5cad44-c19c-4f65-867f-c0009d6f555c-PeriodicHDDSVolumeChecker" daemon prio=5 tid=863 timed_waiting
java.lang.Thread.State: TIMED_WAITING
        at java.base@21.0.5/jdk.internal.misc.Unsafe.park(Native Method)
        at java.base@21.0.5/java.util.concurrent.locks.LockSupport.parkNanos(LockSupport.java:269)
        at java.base@21.0.5/java.util.concurrent.locks.AbstractQueuedSynchronizer$ConditionObject.awaitNanos(AbstractQueuedSynchronizer.java:1763)
        at java.base@21.0.5/java.util.concurrent.ScheduledThreadPoolExecutor$DelayedWorkQueue.take(ScheduledThreadPoolExecutor.java:1182)
        at java.base@21.0.5/java.util.concurrent.ScheduledThreadPoolExecutor$DelayedWorkQueue.take(ScheduledThreadPoolExecutor.java:899)
        at java.base@21.0.5/java.util.concurrent.ThreadPoolExecutor.getTask(ThreadPoolExecutor.java:1070)
        at java.base@21.0.5/java.util.concurrent.ThreadPoolExecutor.runWorker(ThreadPoolExecutor.java:1130)
        at java.base@21.0.5/java.util.concurrent.ThreadPoolExecutor$Worker.run(ThreadPoolExecutor.java:642)
        at java.base@21.0.5/java.lang.Thread.runWith(Thread.java:1596)
        at java.base@21.0.5/java.lang.Thread.run(Thread.java:1583)
"Socket Reader #8 for port 15030"  prio=5 tid=1917 runnable
java.lang.Thread.State: RUNNABLE
        at java.base@21.0.5/sun.nio.ch.EPoll.wait(Native Method)
        at java.base@21.0.5/sun.nio.ch.EPollSelectorImpl.doSelect(EPollSelectorImpl.java:121)
        at java.base@21.0.5/sun.nio.ch.SelectorImpl.lockAndDoSelect(SelectorImpl.java:130)
        at java.base@21.0.5/sun.nio.ch.SelectorImpl.select(SelectorImpl.java:147)
        at app//org.apache.hadoop.ipc.Server$Listener$Reader.doRunLoop(Server.java:1497)
        at app//org.apache.hadoop.ipc.Server$Listener$Reader.run(Server.java:1476)
"Socket Reader #10 for port 15030"  prio=5 tid=1919 runnable
java.lang.Thread.State: RUNNABLE
        at java.base@21.0.5/sun.nio.ch.EPoll.wait(Native Method)
        at java.base@21.0.5/sun.nio.ch.EPollSelectorImpl.doSelect(EPollSelectorImpl.java:121)
        at java.base@21.0.5/sun.nio.ch.SelectorImpl.lockAndDoSelect(SelectorImpl.java:130)
        at java.base@21.0.5/sun.nio.ch.SelectorImpl.select(SelectorImpl.java:147)
        at app//org.apache.hadoop.ipc.Server$Listener$Reader.doRunLoop(Server.java:1497)
        at app//org.apache.hadoop.ipc.Server$Listener$Reader.run(Server.java:1476)
"StaleRecoveringContainerScrubbingService#1" daemon prio=5 tid=1956 timed_waiting
java.lang.Thread.State: TIMED_WAITING
        at java.base@21.0.5/jdk.internal.misc.Unsafe.park(Native Method)
        at java.base@21.0.5/java.util.concurrent.locks.LockSupport.parkNanos(LockSupport.java:269)
        at java.base@21.0.5/java.util.concurrent.locks.AbstractQueuedSynchronizer$ConditionObject.awaitNanos(AbstractQueuedSynchronizer.java:1763)
        at java.base@21.0.5/java.util.concurrent.ScheduledThreadPoolExecutor$DelayedWorkQueue.take(ScheduledThreadPoolExecutor.java:1182)
        at java.base@21.0.5/java.util.concurrent.ScheduledThreadPoolExecutor$DelayedWorkQueue.take(ScheduledThreadPoolExecutor.java:899)
        at java.base@21.0.5/java.util.concurrent.ThreadPoolExecutor.getTask(ThreadPoolExecutor.java:1070)
        at java.base@21.0.5/java.util.concurrent.ThreadPoolExecutor.runWorker(ThreadPoolExecutor.java:1130)
        at java.base@21.0.5/java.util.concurrent.ThreadPoolExecutor$Worker.run(ThreadPoolExecutor.java:642)
        at java.base@21.0.5/java.lang.Thread.runWith(Thread.java:1596)
        at java.base@21.0.5/java.lang.Thread.run(Thread.java:1583)
"91d0dafb-6cb7-42e5-b129-660fdc1902ba-server-thread1" daemon prio=5 tid=2050 timed_waiting
java.lang.Thread.State: TIMED_WAITING
        at java.base@21.0.5/jdk.internal.misc.Unsafe.park(Native Method)
        at java.base@21.0.5/java.util.concurrent.locks.LockSupport.parkNanos(LockSupport.java:410)
        at java.base@21.0.5/java.util.concurrent.LinkedTransferQueue$DualNode.await(LinkedTransferQueue.java:452)
        at java.base@21.0.5/java.util.concurrent.SynchronousQueue$Transferer.xferLifo(SynchronousQueue.java:194)
        at java.base@21.0.5/java.util.concurrent.SynchronousQueue.xfer(SynchronousQueue.java:235)
        at java.base@21.0.5/java.util.concurrent.SynchronousQueue.poll(SynchronousQueue.java:338)
        at java.base@21.0.5/java.util.concurrent.ThreadPoolExecutor.getTask(ThreadPoolExecutor.java:1069)
        at java.base@21.0.5/java.util.concurrent.ThreadPoolExecutor.runWorker(ThreadPoolExecutor.java:1130)
        at java.base@21.0.5/java.util.concurrent.ThreadPoolExecutor$Worker.run(ThreadPoolExecutor.java:642)
        at java.base@21.0.5/java.lang.Thread.runWith(Thread.java:1596)
        at java.base@21.0.5/java.lang.Thread.run(Thread.java:1583)
"qtp1570121683-573" daemon prio=5 tid=573 runnable
java.lang.Thread.State: RUNNABLE
        at java.base@21.0.5/sun.nio.ch.EPoll.wait(Native Method)
        at java.base@21.0.5/sun.nio.ch.EPollSelectorImpl.doSelect(EPollSelectorImpl.java:121)
        at java.base@21.0.5/sun.nio.ch.SelectorImpl.lockAndDoSelect(SelectorImpl.java:130)
        at java.base@21.0.5/sun.nio.ch.SelectorImpl.select(SelectorImpl.java:147)
        at app//org.eclipse.jetty.io.ManagedSelector.nioSelect(ManagedSelector.java:183)
        at app//org.eclipse.jetty.io.ManagedSelector.select(ManagedSelector.java:190)
        at app//org.eclipse.jetty.io.ManagedSelector$SelectorProducer.select(ManagedSelector.java:606)
        at app//org.eclipse.jetty.io.ManagedSelector$SelectorProducer.produce(ManagedSelector.java:543)
        at app//org.eclipse.jetty.util.thread.strategy.EatWhatYouKill.produceTask(EatWhatYouKill.java:362)
        at app//org.eclipse.jetty.util.thread.strategy.EatWhatYouKill.doProduce(EatWhatYouKill.java:186)
        at app//org.eclipse.jetty.util.thread.strategy.EatWhatYouKill.tryProduce(EatWhatYouKill.java:173)
        at app//org.eclipse.jetty.util.thread.strategy.EatWhatYouKill.produce(EatWhatYouKill.java:137)
        at app//org.eclipse.jetty.io.ManagedSelector$$Lambda/0x00007fcfe0662730.run(Unknown Source)
        at app//org.eclipse.jetty.util.thread.QueuedThreadPool.runJob(QueuedThreadPool.java:883)
        at app//org.eclipse.jetty.util.thread.QueuedThreadPool$Runner.run(QueuedThreadPool.java:1034)
        at java.base@21.0.5/java.lang.Thread.runWith(Thread.java:1596)
        at java.base@21.0.5/java.lang.Thread.run(Thread.java:1583)
"client-write-TID-0" daemon prio=5 tid=1456 in Object.wait()
java.lang.Thread.State: WAITING (on object monitor)
        at java.base@21.0.5/jdk.internal.misc.Unsafe.park(Native Method)
        at java.base@21.0.5/java.util.concurrent.locks.LockSupport.park(LockSupport.java:371)
        at java.base@21.0.5/java.util.concurrent.LinkedTransferQueue$DualNode.await(LinkedTransferQueue.java:458)
        at java.base@21.0.5/java.util.concurrent.SynchronousQueue$Transferer.xferLifo(SynchronousQueue.java:194)
        at java.base@21.0.5/java.util.concurrent.SynchronousQueue.xfer(SynchronousQueue.java:235)
        at java.base@21.0.5/java.util.concurrent.SynchronousQueue.take(SynchronousQueue.java:318)
        at java.base@21.0.5/java.util.concurrent.ThreadPoolExecutor.getTask(ThreadPoolExecutor.java:1070)
        at java.base@21.0.5/java.util.concurrent.ThreadPoolExecutor.runWorker(ThreadPoolExecutor.java:1130)
        at java.base@21.0.5/java.util.concurrent.ThreadPoolExecutor$Worker.run(ThreadPoolExecutor.java:642)
        at java.base@21.0.5/java.lang.Thread.runWith(Thread.java:1596)
        at java.base@21.0.5/java.lang.Thread.run(Thread.java:1583)
"Socket Reader #10 for port 15002"  prio=5 tid=71 runnable
java.lang.Thread.State: RUNNABLE
        at java.base@21.0.5/sun.nio.ch.EPoll.wait(Native Method)
        at java.base@21.0.5/sun.nio.ch.EPollSelectorImpl.doSelect(EPollSelectorImpl.java:121)
        at java.base@21.0.5/sun.nio.ch.SelectorImpl.lockAndDoSelect(SelectorImpl.java:130)
        at java.base@21.0.5/sun.nio.ch.SelectorImpl.select(SelectorImpl.java:147)
        at app//org.apache.hadoop.ipc.Server$Listener$Reader.doRunLoop(Server.java:1497)
        at app//org.apache.hadoop.ipc.Server$Listener$Reader.run(Server.java:1476)
"JvmPauseMonitor14" daemon prio=5 tid=1952 timed_waiting
java.lang.Thread.State: TIMED_WAITING
        at java.base@21.0.5/java.lang.Thread.sleep0(Native Method)
        at java.base@21.0.5/java.lang.Thread.sleep(Thread.java:558)
        at java.base@21.0.5/java.util.concurrent.TimeUnit.sleep(TimeUnit.java:446)
        at app//org.apache.ratis.util.TimeDuration.sleep(TimeDuration.java:353)
        at app//org.apache.ratis.util.TimeDuration.sleep(TimeDuration.java:338)
        at app//org.apache.ratis.util.JvmPauseMonitor.detectPause(JvmPauseMonitor.java:160)
        at app//org.apache.ratis.util.JvmPauseMonitor.run(JvmPauseMonitor.java:149)
        at app//org.apache.ratis.util.JvmPauseMonitor$$Lambda/0x00007fcfe0390000.run(Unknown Source)
        at java.base@21.0.5/java.lang.Thread.runWith(Thread.java:1596)
        at java.base@21.0.5/java.lang.Thread.run(Thread.java:1583)
"69390d8a-021c-44b7-9fe5-c9855a0c5aa1@group-9167B95FD813-cacheEviction-AwaitToRun" daemon prio=5 tid=1304 in Object.wait()
java.lang.Thread.State: WAITING (on object monitor)
        at java.base@21.0.5/jdk.internal.misc.Unsafe.park(Native Method)
        at java.base@21.0.5/java.util.concurrent.locks.LockSupport.park(LockSupport.java:371)
        at java.base@21.0.5/java.util.concurrent.locks.AbstractQueuedSynchronizer$ConditionNode.block(AbstractQueuedSynchronizer.java:519)
        at java.base@21.0.5/java.util.concurrent.ForkJoinPool.unmanagedBlock(ForkJoinPool.java:3780)
        at java.base@21.0.5/java.util.concurrent.ForkJoinPool.managedBlock(ForkJoinPool.java:3725)
        at java.base@21.0.5/java.util.concurrent.locks.AbstractQueuedSynchronizer$ConditionObject.await(AbstractQueuedSynchronizer.java:1712)
        at app//org.apache.ratis.util.AwaitForSignal.await(AwaitForSignal.java:48)
        at app//org.apache.ratis.util.AwaitToRun$RunnableImpl.run(AwaitToRun.java:47)
        at java.base@21.0.5/java.lang.Thread.runWith(Thread.java:1596)
        at java.base@21.0.5/java.lang.Thread.run(Thread.java:1583)
"Socket Reader #3 for port 15002"  prio=5 tid=64 runnable
java.lang.Thread.State: RUNNABLE
        at java.base@21.0.5/sun.nio.ch.EPoll.wait(Native Method)
        at java.base@21.0.5/sun.nio.ch.EPollSelectorImpl.doSelect(EPollSelectorImpl.java:121)
        at java.base@21.0.5/sun.nio.ch.SelectorImpl.lockAndDoSelect(SelectorImpl.java:130)
        at java.base@21.0.5/sun.nio.ch.SelectorImpl.select(SelectorImpl.java:147)
        at app//org.apache.hadoop.ipc.Server$Listener$Reader.doRunLoop(Server.java:1497)
        at app//org.apache.hadoop.ipc.Server$Listener$Reader.run(Server.java:1476)
"IPC Server handler 54 on default port 15002" daemon prio=5 tid=393 timed_waiting
java.lang.Thread.State: TIMED_WAITING
        at java.base@21.0.5/jdk.internal.misc.Unsafe.park(Native Method)
        at java.base@21.0.5/java.util.concurrent.locks.LockSupport.parkNanos(LockSupport.java:269)
        at java.base@21.0.5/java.util.concurrent.locks.AbstractQueuedSynchronizer$ConditionObject.awaitNanos(AbstractQueuedSynchronizer.java:1763)
        at java.base@21.0.5/java.util.concurrent.LinkedBlockingQueue.poll(LinkedBlockingQueue.java:460)
        at app//org.apache.hadoop.ipc.CallQueueManager.take(CallQueueManager.java:370)
        at app//org.apache.hadoop.ipc.Server$Handler.run(Server.java:3165)
"EventQueue-HealthyReadonlyNodeForHealthyReadOnlyNodeHandler" daemon prio=5 tid=1958 in Object.wait()
java.lang.Thread.State: WAITING (on object monitor)
        at java.base@21.0.5/jdk.internal.misc.Unsafe.park(Native Method)
        at java.base@21.0.5/java.util.concurrent.locks.LockSupport.park(LockSupport.java:371)
        at java.base@21.0.5/java.util.concurrent.locks.AbstractQueuedSynchronizer$ConditionNode.block(AbstractQueuedSynchronizer.java:519)
        at java.base@21.0.5/java.util.concurrent.ForkJoinPool.unmanagedBlock(ForkJoinPool.java:3780)
        at java.base@21.0.5/java.util.concurrent.ForkJoinPool.managedBlock(ForkJoinPool.java:3725)
        at java.base@21.0.5/java.util.concurrent.locks.AbstractQueuedSynchronizer$ConditionObject.await(AbstractQueuedSynchronizer.java:1712)
        at java.base@21.0.5/java.util.concurrent.LinkedBlockingQueue.take(LinkedBlockingQueue.java:435)
        at java.base@21.0.5/java.util.concurrent.ThreadPoolExecutor.getTask(ThreadPoolExecutor.java:1070)
        at java.base@21.0.5/java.util.concurrent.ThreadPoolExecutor.runWorker(ThreadPoolExecutor.java:1130)
        at java.base@21.0.5/java.util.concurrent.ThreadPoolExecutor$Worker.run(ThreadPoolExecutor.java:642)
        at java.base@21.0.5/java.lang.Thread.runWith(Thread.java:1596)
        at java.base@21.0.5/java.lang.Thread.run(Thread.java:1583)
"Socket Reader #2 for port 15057"  prio=5 tid=768 runnable
java.lang.Thread.State: RUNNABLE
        at java.base@21.0.5/sun.nio.ch.EPoll.wait(Native Method)
        at java.base@21.0.5/sun.nio.ch.EPollSelectorImpl.doSelect(EPollSelectorImpl.java:121)
        at java.base@21.0.5/sun.nio.ch.SelectorImpl.lockAndDoSelect(SelectorImpl.java:130)
        at java.base@21.0.5/sun.nio.ch.SelectorImpl.select(SelectorImpl.java:147)
        at app//org.apache.hadoop.ipc.Server$Listener$Reader.doRunLoop(Server.java:1497)
        at app//org.apache.hadoop.ipc.Server$Listener$Reader.run(Server.java:1476)
"qtp775920937-856" daemon prio=5 tid=856 timed_waiting
java.lang.Thread.State: TIMED_WAITING
        at java.base@21.0.5/jdk.internal.misc.Unsafe.park(Native Method)
        at java.base@21.0.5/java.util.concurrent.locks.LockSupport.parkNanos(LockSupport.java:269)
        at java.base@21.0.5/java.util.concurrent.locks.AbstractQueuedSynchronizer$ConditionObject.awaitNanos(AbstractQueuedSynchronizer.java:1763)
        at app//org.eclipse.jetty.util.BlockingArrayQueue.poll(BlockingArrayQueue.java:382)
        at app//org.eclipse.jetty.util.thread.QueuedThreadPool$Runner.idleJobPoll(QueuedThreadPool.java:974)
        at app//org.eclipse.jetty.util.thread.QueuedThreadPool$Runner.run(QueuedThreadPool.java:1018)
        at java.base@21.0.5/java.lang.Thread.runWith(Thread.java:1596)
        at java.base@21.0.5/java.lang.Thread.run(Thread.java:1583)
"17963aff-71fe-4a8f-bd2e-c405ff93174f-ChunkReader-ELG-0" daemon prio=5 tid=1147 runnable
java.lang.Thread.State: RUNNABLE
        at app//org.apache.ratis.thirdparty.io.netty.channel.epoll.Native.epollWait(Native Method)
        at app//org.apache.ratis.thirdparty.io.netty.channel.epoll.Native.epollWait(Native.java:220)
        at app//org.apache.ratis.thirdparty.io.netty.channel.epoll.Native.epollWait(Native.java:213)
        at app//org.apache.ratis.thirdparty.io.netty.channel.epoll.EpollEventLoop.epollWaitNoTimerChange(EpollEventLoop.java:308)
        at app//org.apache.ratis.thirdparty.io.netty.channel.epoll.EpollEventLoop.run(EpollEventLoop.java:365)
        at app//org.apache.ratis.thirdparty.io.netty.util.concurrent.SingleThreadEventExecutor$4.run(SingleThreadEventExecutor.java:997)
        at app//org.apache.ratis.thirdparty.io.netty.util.internal.ThreadExecutorMap$2.run(ThreadExecutorMap.java:74)
        at java.base@21.0.5/java.lang.Thread.runWith(Thread.java:1596)
        at java.base@21.0.5/java.lang.Thread.run(Thread.java:1583)
"d1093f6a-6992-456d-ac47-966fa1bbc12e@group-D08BFE67CBB9-cacheEviction-AwaitToRun" daemon prio=5 tid=2002 in Object.wait()
java.lang.Thread.State: WAITING (on object monitor)
        at java.base@21.0.5/jdk.internal.misc.Unsafe.park(Native Method)
        at java.base@21.0.5/java.util.concurrent.locks.LockSupport.park(LockSupport.java:371)
        at java.base@21.0.5/java.util.concurrent.locks.AbstractQueuedSynchronizer$ConditionNode.block(AbstractQueuedSynchronizer.java:519)
        at java.base@21.0.5/java.util.concurrent.ForkJoinPool.unmanagedBlock(ForkJoinPool.java:3780)
        at java.base@21.0.5/java.util.concurrent.ForkJoinPool.managedBlock(ForkJoinPool.java:3725)
        at java.base@21.0.5/java.util.concurrent.locks.AbstractQueuedSynchronizer$ConditionObject.await(AbstractQueuedSynchronizer.java:1712)
        at app//org.apache.ratis.util.AwaitForSignal.await(AwaitForSignal.java:48)
        at app//org.apache.ratis.util.AwaitToRun$RunnableImpl.run(AwaitToRun.java:47)
        at java.base@21.0.5/java.lang.Thread.runWith(Thread.java:1596)
        at java.base@21.0.5/java.lang.Thread.run(Thread.java:1583)
"IPC Server handler 55 on default port 15000" daemon prio=5 tid=176 timed_waiting
java.lang.Thread.State: TIMED_WAITING
        at java.base@21.0.5/jdk.internal.misc.Unsafe.park(Native Method)
        at java.base@21.0.5/java.util.concurrent.locks.LockSupport.parkNanos(LockSupport.java:269)
        at java.base@21.0.5/java.util.concurrent.locks.AbstractQueuedSynchronizer$ConditionObject.awaitNanos(AbstractQueuedSynchronizer.java:1763)
        at java.base@21.0.5/java.util.concurrent.LinkedBlockingQueue.poll(LinkedBlockingQueue.java:460)
        at app//org.apache.hadoop.ipc.CallQueueManager.take(CallQueueManager.java:370)
        at app//org.apache.hadoop.ipc.Server$Handler.run(Server.java:3165)
"IPC Server handler 56 on default port 15001" daemon prio=5 tid=277 timed_waiting
java.lang.Thread.State: TIMED_WAITING
        at java.base@21.0.5/jdk.internal.misc.Unsafe.park(Native Method)
        at java.base@21.0.5/java.util.concurrent.locks.LockSupport.parkNanos(LockSupport.java:269)
        at java.base@21.0.5/java.util.concurrent.locks.AbstractQueuedSynchronizer$ConditionObject.awaitNanos(AbstractQueuedSynchronizer.java:1763)
        at java.base@21.0.5/java.util.concurrent.LinkedBlockingQueue.poll(LinkedBlockingQueue.java:460)
        at app//org.apache.hadoop.ipc.CallQueueManager.take(CallQueueManager.java:370)
        at app//org.apache.hadoop.ipc.Server$Handler.run(Server.java:3165)
"91d0dafb-6cb7-42e5-b129-660fdc1902ba-DatanodeReportManager-1" daemon prio=5 tid=1032 in Object.wait()
java.lang.Thread.State: WAITING (on object monitor)
        at java.base@21.0.5/jdk.internal.misc.Unsafe.park(Native Method)
        at java.base@21.0.5/java.util.concurrent.locks.LockSupport.park(LockSupport.java:371)
        at java.base@21.0.5/java.util.concurrent.locks.AbstractQueuedSynchronizer$ConditionNode.block(AbstractQueuedSynchronizer.java:519)
        at java.base@21.0.5/java.util.concurrent.ForkJoinPool.unmanagedBlock(ForkJoinPool.java:3780)
        at java.base@21.0.5/java.util.concurrent.ForkJoinPool.managedBlock(ForkJoinPool.java:3725)
        at java.base@21.0.5/java.util.concurrent.locks.AbstractQueuedSynchronizer$ConditionObject.await(AbstractQueuedSynchronizer.java:1712)
        at java.base@21.0.5/java.util.concurrent.ScheduledThreadPoolExecutor$DelayedWorkQueue.take(ScheduledThreadPoolExecutor.java:1177)
        at java.base@21.0.5/java.util.concurrent.ScheduledThreadPoolExecutor$DelayedWorkQueue.take(ScheduledThreadPoolExecutor.java:899)
        at java.base@21.0.5/java.util.concurrent.ThreadPoolExecutor.getTask(ThreadPoolExecutor.java:1070)
        at java.base@21.0.5/java.util.concurrent.ThreadPoolExecutor.runWorker(ThreadPoolExecutor.java:1130)
        at java.base@21.0.5/java.util.concurrent.ThreadPoolExecutor$Worker.run(ThreadPoolExecutor.java:642)
        at java.base@21.0.5/java.lang.Thread.runWith(Thread.java:1596)
        at java.base@21.0.5/java.lang.Thread.run(Thread.java:1583)
"9c1aee78-f037-4e17-b985-0daab5eaf154-server-thread3" daemon prio=5 tid=1505 timed_waiting
java.lang.Thread.State: TIMED_WAITING
        at java.base@21.0.5/jdk.internal.misc.Unsafe.park(Native Method)
        at java.base@21.0.5/java.util.concurrent.locks.LockSupport.parkNanos(LockSupport.java:410)
        at java.base@21.0.5/java.util.concurrent.LinkedTransferQueue$DualNode.await(LinkedTransferQueue.java:452)
        at java.base@21.0.5/java.util.concurrent.SynchronousQueue$Transferer.xferLifo(SynchronousQueue.java:194)
        at java.base@21.0.5/java.util.concurrent.SynchronousQueue.xfer(SynchronousQueue.java:235)
        at java.base@21.0.5/java.util.concurrent.SynchronousQueue.poll(SynchronousQueue.java:338)
        at java.base@21.0.5/java.util.concurrent.ThreadPoolExecutor.getTask(ThreadPoolExecutor.java:1069)
        at java.base@21.0.5/java.util.concurrent.ThreadPoolExecutor.runWorker(ThreadPoolExecutor.java:1130)
        at java.base@21.0.5/java.util.concurrent.ThreadPoolExecutor$Worker.run(ThreadPoolExecutor.java:642)
        at java.base@21.0.5/java.lang.Thread.runWith(Thread.java:1596)
        at java.base@21.0.5/java.lang.Thread.run(Thread.java:1583)
"qtp775920937-857" daemon prio=5 tid=857 timed_waiting
java.lang.Thread.State: TIMED_WAITING
        at java.base@21.0.5/jdk.internal.misc.Unsafe.park(Native Method)
        at java.base@21.0.5/java.util.concurrent.locks.LockSupport.parkNanos(LockSupport.java:269)
        at java.base@21.0.5/java.util.concurrent.locks.AbstractQueuedSynchronizer$ConditionObject.awaitNanos(AbstractQueuedSynchronizer.java:1763)
        at app//org.eclipse.jetty.util.BlockingArrayQueue.poll(BlockingArrayQueue.java:382)
        at app//org.eclipse.jetty.util.thread.QueuedThreadPool$Runner.idleJobPoll(QueuedThreadPool.java:974)
        at app//org.eclipse.jetty.util.thread.QueuedThreadPool$Runner.run(QueuedThreadPool.java:1018)
        at java.base@21.0.5/java.lang.Thread.runWith(Thread.java:1596)
        at java.base@21.0.5/java.lang.Thread.run(Thread.java:1583)
"Socket Reader #7 for port 15000"  prio=5 tid=96 runnable
java.lang.Thread.State: RUNNABLE
        at java.base@21.0.5/sun.nio.ch.EPoll.wait(Native Method)
        at java.base@21.0.5/sun.nio.ch.EPollSelectorImpl.doSelect(EPollSelectorImpl.java:121)
        at java.base@21.0.5/sun.nio.ch.SelectorImpl.lockAndDoSelect(SelectorImpl.java:130)
        at java.base@21.0.5/sun.nio.ch.SelectorImpl.select(SelectorImpl.java:147)
        at app//org.apache.hadoop.ipc.Server$Listener$Reader.doRunLoop(Server.java:1497)
        at app//org.apache.hadoop.ipc.Server$Listener$Reader.run(Server.java:1476)
"84b435bb-d41b-4758-bf48-ce9052c81d4a-ContainerOp-8ef3bc64-5854-4584-910e-a7184706d343-4"  prio=5 tid=1548 in Object.wait()
java.lang.Thread.State: WAITING (on object monitor)
        at java.base@21.0.5/jdk.internal.misc.Unsafe.park(Native Method)
        at java.base@21.0.5/java.util.concurrent.locks.LockSupport.park(LockSupport.java:371)
        at java.base@21.0.5/java.util.concurrent.locks.AbstractQueuedSynchronizer$ConditionNode.block(AbstractQueuedSynchronizer.java:519)
        at java.base@21.0.5/java.util.concurrent.ForkJoinPool.unmanagedBlock(ForkJoinPool.java:3780)
        at java.base@21.0.5/java.util.concurrent.ForkJoinPool.managedBlock(ForkJoinPool.java:3725)
        at java.base@21.0.5/java.util.concurrent.locks.AbstractQueuedSynchronizer$ConditionObject.await(AbstractQueuedSynchronizer.java:1712)
        at java.base@21.0.5/java.util.concurrent.LinkedBlockingQueue.take(LinkedBlockingQueue.java:435)
        at java.base@21.0.5/java.util.concurrent.ThreadPoolExecutor.getTask(ThreadPoolExecutor.java:1070)
        at java.base@21.0.5/java.util.concurrent.ThreadPoolExecutor.runWorker(ThreadPoolExecutor.java:1130)
        at java.base@21.0.5/java.util.concurrent.ThreadPoolExecutor$Worker.run(ThreadPoolExecutor.java:642)
        at java.base@21.0.5/java.lang.Thread.runWith(Thread.java:1596)
        at java.base@21.0.5/java.lang.Thread.run(Thread.java:1583)
"StaleRecoveringContainerScrubbingService#1" daemon prio=5 tid=941 in Object.wait()
java.lang.Thread.State: WAITING (on object monitor)
        at java.base@21.0.5/jdk.internal.misc.Unsafe.park(Native Method)
        at java.base@21.0.5/java.util.concurrent.locks.LockSupport.park(LockSupport.java:371)
        at java.base@21.0.5/java.util.concurrent.locks.AbstractQueuedSynchronizer$ConditionNode.block(AbstractQueuedSynchronizer.java:519)
        at java.base@21.0.5/java.util.concurrent.ForkJoinPool.unmanagedBlock(ForkJoinPool.java:3780)
        at java.base@21.0.5/java.util.concurrent.ForkJoinPool.managedBlock(ForkJoinPool.java:3725)
        at java.base@21.0.5/java.util.concurrent.locks.AbstractQueuedSynchronizer$ConditionObject.await(AbstractQueuedSynchronizer.java:1712)
        at java.base@21.0.5/java.util.concurrent.ScheduledThreadPoolExecutor$DelayedWorkQueue.take(ScheduledThreadPoolExecutor.java:1177)
        at java.base@21.0.5/java.util.concurrent.ScheduledThreadPoolExecutor$DelayedWorkQueue.take(ScheduledThreadPoolExecutor.java:899)
        at java.base@21.0.5/java.util.concurrent.ThreadPoolExecutor.getTask(ThreadPoolExecutor.java:1070)
        at java.base@21.0.5/java.util.concurrent.ThreadPoolExecutor.runWorker(ThreadPoolExecutor.java:1130)
        at java.base@21.0.5/java.util.concurrent.ThreadPoolExecutor$Worker.run(ThreadPoolExecutor.java:642)
        at java.base@21.0.5/java.lang.Thread.runWith(Thread.java:1596)
        at java.base@21.0.5/java.lang.Thread.run(Thread.java:1583)
"IPC Server handler 9 on default port 15039" daemon prio=5 tid=2175 timed_waiting
java.lang.Thread.State: TIMED_WAITING
        at java.base@21.0.5/jdk.internal.misc.Unsafe.park(Native Method)
        at java.base@21.0.5/java.util.concurrent.locks.LockSupport.parkNanos(LockSupport.java:269)
        at java.base@21.0.5/java.util.concurrent.locks.AbstractQueuedSynchronizer$ConditionObject.awaitNanos(AbstractQueuedSynchronizer.java:1763)
        at java.base@21.0.5/java.util.concurrent.LinkedBlockingQueue.poll(LinkedBlockingQueue.java:460)
        at app//org.apache.hadoop.ipc.CallQueueManager.take(CallQueueManager.java:370)
        at app//org.apache.hadoop.ipc.Server$Handler.run(Server.java:3165)
"IPC Server handler 82 on default port 15002" daemon prio=5 tid=421 timed_waiting
java.lang.Thread.State: TIMED_WAITING
        at java.base@21.0.5/jdk.internal.misc.Unsafe.park(Native Method)
        at java.base@21.0.5/java.util.concurrent.locks.LockSupport.parkNanos(LockSupport.java:269)
        at java.base@21.0.5/java.util.concurrent.locks.AbstractQueuedSynchronizer$ConditionObject.awaitNanos(AbstractQueuedSynchronizer.java:1763)
        at java.base@21.0.5/java.util.concurrent.LinkedBlockingQueue.poll(LinkedBlockingQueue.java:460)
        at app//org.apache.hadoop.ipc.CallQueueManager.take(CallQueueManager.java:370)
        at app//org.apache.hadoop.ipc.Server$Handler.run(Server.java:3165)
"Socket Reader #1 for port 15057"  prio=5 tid=767 runnable
java.lang.Thread.State: RUNNABLE
        at java.base@21.0.5/sun.nio.ch.EPoll.wait(Native Method)
        at java.base@21.0.5/sun.nio.ch.EPollSelectorImpl.doSelect(EPollSelectorImpl.java:121)
        at java.base@21.0.5/sun.nio.ch.SelectorImpl.lockAndDoSelect(SelectorImpl.java:130)
        at java.base@21.0.5/sun.nio.ch.SelectorImpl.select(SelectorImpl.java:147)
        at app//org.apache.hadoop.ipc.Server$Listener$Reader.doRunLoop(Server.java:1497)
        at app//org.apache.hadoop.ipc.Server$Listener$Reader.run(Server.java:1476)
"Socket Reader #4 for port 15084"  prio=5 tid=946 runnable
java.lang.Thread.State: RUNNABLE
        at java.base@21.0.5/sun.nio.ch.EPoll.wait(Native Method)
        at java.base@21.0.5/sun.nio.ch.EPollSelectorImpl.doSelect(EPollSelectorImpl.java:121)
        at java.base@21.0.5/sun.nio.ch.SelectorImpl.lockAndDoSelect(SelectorImpl.java:130)
        at java.base@21.0.5/sun.nio.ch.SelectorImpl.select(SelectorImpl.java:147)
        at app//org.apache.hadoop.ipc.Server$Listener$Reader.doRunLoop(Server.java:1497)
        at app//org.apache.hadoop.ipc.Server$Listener$Reader.run(Server.java:1476)
"IPC Server handler 14 on default port 15000" daemon prio=5 tid=135 timed_waiting
java.lang.Thread.State: TIMED_WAITING
        at java.base@21.0.5/jdk.internal.misc.Unsafe.park(Native Method)
        at java.base@21.0.5/java.util.concurrent.locks.LockSupport.parkNanos(LockSupport.java:269)
        at java.base@21.0.5/java.util.concurrent.locks.AbstractQueuedSynchronizer$ConditionObject.awaitNanos(AbstractQueuedSynchronizer.java:1763)
        at java.base@21.0.5/java.util.concurrent.LinkedBlockingQueue.poll(LinkedBlockingQueue.java:460)
        at app//org.apache.hadoop.ipc.CallQueueManager.take(CallQueueManager.java:370)
        at app//org.apache.hadoop.ipc.Server$Handler.run(Server.java:3165)
"69390d8a-021c-44b7-9fe5-c9855a0c5aa1@group-31157D531563-StateMachineUpdater" daemon prio=5 tid=1325 timed_waiting
java.lang.Thread.State: TIMED_WAITING
        at java.base@21.0.5/jdk.internal.misc.Unsafe.park(Native Method)
        at java.base@21.0.5/java.util.concurrent.locks.LockSupport.parkNanos(LockSupport.java:269)
        at java.base@21.0.5/java.util.concurrent.locks.AbstractQueuedSynchronizer$ConditionObject.await(AbstractQueuedSynchronizer.java:1852)
        at app//org.apache.ratis.util.AwaitForSignal.await(AwaitForSignal.java:65)
        at app//org.apache.ratis.server.impl.StateMachineUpdater.waitForCommit(StateMachineUpdater.java:219)
        at app//org.apache.ratis.server.impl.StateMachineUpdater.run(StateMachineUpdater.java:187)
        at java.base@21.0.5/java.lang.Thread.runWith(Thread.java:1596)
        at java.base@21.0.5/java.lang.Thread.run(Thread.java:1583)
"69390d8a-021c-44b7-9fe5-c9855a0c5aa1-ChunkWriter-1-0" daemon prio=5 tid=1125 in Object.wait()
java.lang.Thread.State: WAITING (on object monitor)
        at java.base@21.0.5/jdk.internal.misc.Unsafe.park(Native Method)
        at java.base@21.0.5/java.util.concurrent.locks.LockSupport.park(LockSupport.java:371)
        at java.base@21.0.5/java.util.concurrent.locks.AbstractQueuedSynchronizer$ConditionNode.block(AbstractQueuedSynchronizer.java:519)
        at java.base@21.0.5/java.util.concurrent.ForkJoinPool.unmanagedBlock(ForkJoinPool.java:3780)
        at java.base@21.0.5/java.util.concurrent.ForkJoinPool.managedBlock(ForkJoinPool.java:3725)
        at java.base@21.0.5/java.util.concurrent.locks.AbstractQueuedSynchronizer$ConditionObject.await(AbstractQueuedSynchronizer.java:1712)
        at java.base@21.0.5/java.util.concurrent.LinkedBlockingDeque.takeFirst(LinkedBlockingDeque.java:485)
        at java.base@21.0.5/java.util.concurrent.LinkedBlockingDeque.take(LinkedBlockingDeque.java:673)
        at java.base@21.0.5/java.util.concurrent.ThreadPoolExecutor.getTask(ThreadPoolExecutor.java:1070)
        at java.base@21.0.5/java.util.concurrent.ThreadPoolExecutor.runWorker(ThreadPoolExecutor.java:1130)
        at java.base@21.0.5/java.util.concurrent.ThreadPoolExecutor$Worker.run(ThreadPoolExecutor.java:642)
        at java.base@21.0.5/java.lang.Thread.runWith(Thread.java:1596)
        at java.base@21.0.5/java.lang.Thread.run(Thread.java:1583)
"JvmPauseMonitor11" daemon prio=5 tid=1146 timed_waiting
java.lang.Thread.State: TIMED_WAITING
        at java.base@21.0.5/java.lang.Thread.sleep0(Native Method)
        at java.base@21.0.5/java.lang.Thread.sleep(Thread.java:558)
        at java.base@21.0.5/java.util.concurrent.TimeUnit.sleep(TimeUnit.java:446)
        at app//org.apache.ratis.util.TimeDuration.sleep(TimeDuration.java:353)
        at app//org.apache.ratis.util.TimeDuration.sleep(TimeDuration.java:338)
        at app//org.apache.ratis.util.JvmPauseMonitor.detectPause(JvmPauseMonitor.java:160)
        at app//org.apache.ratis.util.JvmPauseMonitor.run(JvmPauseMonitor.java:149)
        at app//org.apache.ratis.util.JvmPauseMonitor$$Lambda/0x00007fcfe0390000.run(Unknown Source)
        at java.base@21.0.5/java.lang.Thread.runWith(Thread.java:1596)
        at java.base@21.0.5/java.lang.Thread.run(Thread.java:1583)
"IPC Server handler 97 on default port 15001" daemon prio=5 tid=318 timed_waiting
java.lang.Thread.State: TIMED_WAITING
        at java.base@21.0.5/jdk.internal.misc.Unsafe.park(Native Method)
        at java.base@21.0.5/java.util.concurrent.locks.LockSupport.parkNanos(LockSupport.java:269)
        at java.base@21.0.5/java.util.concurrent.locks.AbstractQueuedSynchronizer$ConditionObject.awaitNanos(AbstractQueuedSynchronizer.java:1763)
        at java.base@21.0.5/java.util.concurrent.LinkedBlockingQueue.poll(LinkedBlockingQueue.java:460)
        at app//org.apache.hadoop.ipc.CallQueueManager.take(CallQueueManager.java:370)
        at app//org.apache.hadoop.ipc.Server$Handler.run(Server.java:3165)
"ContainerMetadataScanner" daemon prio=5 tid=1946 timed_waiting
java.lang.Thread.State: TIMED_WAITING
        at java.base@21.0.5/java.lang.Thread.sleep0(Native Method)
        at java.base@21.0.5/java.lang.Thread.sleep(Thread.java:509)
        at app//org.apache.hadoop.ozone.container.ozoneimpl.AbstractBackgroundContainerScanner.handleRemainingSleep(AbstractBackgroundContainerScanner.java:131)
        at app//org.apache.hadoop.ozone.container.ozoneimpl.AbstractBackgroundContainerScanner.runIteration(AbstractBackgroundContainerScanner.java:98)
        at app//org.apache.hadoop.ozone.container.ozoneimpl.AbstractBackgroundContainerScanner.run(AbstractBackgroundContainerScanner.java:57)
"IPC Server handler 15 on default port 15001" daemon prio=5 tid=236 timed_waiting
java.lang.Thread.State: TIMED_WAITING
        at java.base@21.0.5/jdk.internal.misc.Unsafe.park(Native Method)
        at java.base@21.0.5/java.util.concurrent.locks.LockSupport.parkNanos(LockSupport.java:269)
        at java.base@21.0.5/java.util.concurrent.locks.AbstractQueuedSynchronizer$ConditionObject.awaitNanos(AbstractQueuedSynchronizer.java:1763)
        at java.base@21.0.5/java.util.concurrent.LinkedBlockingQueue.poll(LinkedBlockingQueue.java:460)
        at app//org.apache.hadoop.ipc.CallQueueManager.take(CallQueueManager.java:370)
        at app//org.apache.hadoop.ipc.Server$Handler.run(Server.java:3165)
"IPC Server handler 97 on default port 15002" daemon prio=5 tid=436 timed_waiting
java.lang.Thread.State: TIMED_WAITING
        at java.base@21.0.5/jdk.internal.misc.Unsafe.park(Native Method)
        at java.base@21.0.5/java.util.concurrent.locks.LockSupport.parkNanos(LockSupport.java:269)
        at java.base@21.0.5/java.util.concurrent.locks.AbstractQueuedSynchronizer$ConditionObject.awaitNanos(AbstractQueuedSynchronizer.java:1763)
        at java.base@21.0.5/java.util.concurrent.LinkedBlockingQueue.poll(LinkedBlockingQueue.java:460)
        at app//org.apache.hadoop.ipc.CallQueueManager.take(CallQueueManager.java:370)
        at app//org.apache.hadoop.ipc.Server$Handler.run(Server.java:3165)
"17963aff-71fe-4a8f-bd2e-c405ff93174f-PipelineCommandHandlerThread-0"  prio=5 tid=1334 in Object.wait()
java.lang.Thread.State: WAITING (on object monitor)
        at java.base@21.0.5/jdk.internal.misc.Unsafe.park(Native Method)
        at java.base@21.0.5/java.util.concurrent.locks.LockSupport.park(LockSupport.java:371)
        at java.base@21.0.5/java.util.concurrent.locks.AbstractQueuedSynchronizer$ConditionNode.block(AbstractQueuedSynchronizer.java:519)
        at java.base@21.0.5/java.util.concurrent.ForkJoinPool.unmanagedBlock(ForkJoinPool.java:3780)
        at java.base@21.0.5/java.util.concurrent.ForkJoinPool.managedBlock(ForkJoinPool.java:3725)
        at java.base@21.0.5/java.util.concurrent.locks.AbstractQueuedSynchronizer$ConditionObject.await(AbstractQueuedSynchronizer.java:1712)
        at java.base@21.0.5/java.util.concurrent.LinkedBlockingQueue.take(LinkedBlockingQueue.java:435)
        at java.base@21.0.5/java.util.concurrent.ThreadPoolExecutor.getTask(ThreadPoolExecutor.java:1070)
        at java.base@21.0.5/java.util.concurrent.ThreadPoolExecutor.runWorker(ThreadPoolExecutor.java:1130)
        at java.base@21.0.5/java.util.concurrent.ThreadPoolExecutor$Worker.run(ThreadPoolExecutor.java:642)
        at java.base@21.0.5/java.lang.Thread.runWith(Thread.java:1596)
        at java.base@21.0.5/java.lang.Thread.run(Thread.java:1583)
"Socket Reader #5 for port 15057"  prio=5 tid=771 runnable
java.lang.Thread.State: RUNNABLE
        at java.base@21.0.5/sun.nio.ch.EPoll.wait(Native Method)
        at java.base@21.0.5/sun.nio.ch.EPollSelectorImpl.doSelect(EPollSelectorImpl.java:121)
        at java.base@21.0.5/sun.nio.ch.SelectorImpl.lockAndDoSelect(SelectorImpl.java:130)
        at java.base@21.0.5/sun.nio.ch.SelectorImpl.select(SelectorImpl.java:147)
        at app//org.apache.hadoop.ipc.Server$Listener$Reader.doRunLoop(Server.java:1497)
        at app//org.apache.hadoop.ipc.Server$Listener$Reader.run(Server.java:1476)
"84b435bb-d41b-4758-bf48-ce9052c81d4a-ChunkReader-ELG-0" daemon prio=5 tid=1086 runnable
java.lang.Thread.State: RUNNABLE
        at app//org.apache.ratis.thirdparty.io.netty.channel.epoll.Native.epollWait(Native Method)
        at app//org.apache.ratis.thirdparty.io.netty.channel.epoll.Native.epollWait(Native.java:220)
        at app//org.apache.ratis.thirdparty.io.netty.channel.epoll.Native.epollWait(Native.java:213)
        at app//org.apache.ratis.thirdparty.io.netty.channel.epoll.EpollEventLoop.epollWaitNoTimerChange(EpollEventLoop.java:308)
        at app//org.apache.ratis.thirdparty.io.netty.channel.epoll.EpollEventLoop.run(EpollEventLoop.java:365)
        at app//org.apache.ratis.thirdparty.io.netty.util.concurrent.SingleThreadEventExecutor$4.run(SingleThreadEventExecutor.java:997)
        at app//org.apache.ratis.thirdparty.io.netty.util.internal.ThreadExecutorMap$2.run(ThreadExecutorMap.java:74)
        at java.base@21.0.5/java.lang.Thread.runWith(Thread.java:1596)
        at java.base@21.0.5/java.lang.Thread.run(Thread.java:1583)
"IPC Server handler 45 on default port 15000" daemon prio=5 tid=166 timed_waiting
java.lang.Thread.State: TIMED_WAITING
        at java.base@21.0.5/jdk.internal.misc.Unsafe.park(Native Method)
        at java.base@21.0.5/java.util.concurrent.locks.LockSupport.parkNanos(LockSupport.java:269)
        at java.base@21.0.5/java.util.concurrent.locks.AbstractQueuedSynchronizer$ConditionObject.awaitNanos(AbstractQueuedSynchronizer.java:1763)
        at java.base@21.0.5/java.util.concurrent.LinkedBlockingQueue.poll(LinkedBlockingQueue.java:460)
        at app//org.apache.hadoop.ipc.CallQueueManager.take(CallQueueManager.java:370)
        at app//org.apache.hadoop.ipc.Server$Handler.run(Server.java:3165)
"IPC Server handler 22 on default port 15001" daemon prio=5 tid=243 timed_waiting
java.lang.Thread.State: TIMED_WAITING
        at java.base@21.0.5/jdk.internal.misc.Unsafe.park(Native Method)
        at java.base@21.0.5/java.util.concurrent.locks.LockSupport.parkNanos(LockSupport.java:269)
        at java.base@21.0.5/java.util.concurrent.locks.AbstractQueuedSynchronizer$ConditionObject.awaitNanos(AbstractQueuedSynchronizer.java:1763)
        at java.base@21.0.5/java.util.concurrent.LinkedBlockingQueue.poll(LinkedBlockingQueue.java:460)
        at app//org.apache.hadoop.ipc.CallQueueManager.take(CallQueueManager.java:370)
        at app//org.apache.hadoop.ipc.Server$Handler.run(Server.java:3165)
"Socket Reader #1 for port 15030"  prio=5 tid=1910 runnable
java.lang.Thread.State: RUNNABLE
        at java.base@21.0.5/sun.nio.ch.EPoll.wait(Native Method)
        at java.base@21.0.5/sun.nio.ch.EPollSelectorImpl.doSelect(EPollSelectorImpl.java:121)
        at java.base@21.0.5/sun.nio.ch.SelectorImpl.lockAndDoSelect(SelectorImpl.java:130)
        at java.base@21.0.5/sun.nio.ch.SelectorImpl.select(SelectorImpl.java:147)
        at app//org.apache.hadoop.ipc.Server$Listener$Reader.doRunLoop(Server.java:1497)
        at app//org.apache.hadoop.ipc.Server$Listener$Reader.run(Server.java:1476)
"Socket Reader #5 for port 15093"  prio=5 tid=1011 runnable
java.lang.Thread.State: RUNNABLE
        at java.base@21.0.5/sun.nio.ch.EPoll.wait(Native Method)
        at java.base@21.0.5/sun.nio.ch.EPollSelectorImpl.doSelect(EPollSelectorImpl.java:121)
        at java.base@21.0.5/sun.nio.ch.SelectorImpl.lockAndDoSelect(SelectorImpl.java:130)
        at java.base@21.0.5/sun.nio.ch.SelectorImpl.select(SelectorImpl.java:147)
        at app//org.apache.hadoop.ipc.Server$Listener$Reader.doRunLoop(Server.java:1497)
        at app//org.apache.hadoop.ipc.Server$Listener$Reader.run(Server.java:1476)
"fc60e07f-496f-42fe-ae82-620152583f87-BlockDeletingService#1" daemon prio=5 tid=1071 in Object.wait()
java.lang.Thread.State: WAITING (on object monitor)
        at java.base@21.0.5/jdk.internal.misc.Unsafe.park(Native Method)
        at java.base@21.0.5/java.util.concurrent.locks.LockSupport.park(LockSupport.java:371)
        at java.base@21.0.5/java.util.concurrent.locks.AbstractQueuedSynchronizer$ConditionNode.block(AbstractQueuedSynchronizer.java:519)
        at java.base@21.0.5/java.util.concurrent.ForkJoinPool.unmanagedBlock(ForkJoinPool.java:3780)
        at java.base@21.0.5/java.util.concurrent.ForkJoinPool.managedBlock(ForkJoinPool.java:3725)
        at java.base@21.0.5/java.util.concurrent.locks.AbstractQueuedSynchronizer$ConditionObject.await(AbstractQueuedSynchronizer.java:1712)
        at java.base@21.0.5/java.util.concurrent.ScheduledThreadPoolExecutor$DelayedWorkQueue.take(ScheduledThreadPoolExecutor.java:1177)
        at java.base@21.0.5/java.util.concurrent.ScheduledThreadPoolExecutor$DelayedWorkQueue.take(ScheduledThreadPoolExecutor.java:899)
        at java.base@21.0.5/java.util.concurrent.ThreadPoolExecutor.getTask(ThreadPoolExecutor.java:1070)
        at java.base@21.0.5/java.util.concurrent.ThreadPoolExecutor.runWorker(ThreadPoolExecutor.java:1130)
        at java.base@21.0.5/java.util.concurrent.ThreadPoolExecutor$Worker.run(ThreadPoolExecutor.java:642)
        at java.base@21.0.5/java.lang.Thread.runWith(Thread.java:1596)
        at java.base@21.0.5/java.lang.Thread.run(Thread.java:1583)
"d1093f6a-6992-456d-ac47-966fa1bbc12e-CloseContainerThread-0"  prio=5 tid=2021 in Object.wait()
java.lang.Thread.State: WAITING (on object monitor)
        at java.base@21.0.5/jdk.internal.misc.Unsafe.park(Native Method)
        at java.base@21.0.5/java.util.concurrent.locks.LockSupport.park(LockSupport.java:371)
        at java.base@21.0.5/java.util.concurrent.locks.AbstractQueuedSynchronizer$ConditionNode.block(AbstractQueuedSynchronizer.java:519)
        at java.base@21.0.5/java.util.concurrent.ForkJoinPool.unmanagedBlock(ForkJoinPool.java:3780)
        at java.base@21.0.5/java.util.concurrent.ForkJoinPool.managedBlock(ForkJoinPool.java:3725)
        at java.base@21.0.5/java.util.concurrent.locks.AbstractQueuedSynchronizer$ConditionObject.await(AbstractQueuedSynchronizer.java:1712)
        at java.base@21.0.5/java.util.concurrent.LinkedBlockingQueue.take(LinkedBlockingQueue.java:435)
        at java.base@21.0.5/java.util.concurrent.ThreadPoolExecutor.getTask(ThreadPoolExecutor.java:1070)
        at java.base@21.0.5/java.util.concurrent.ThreadPoolExecutor.runWorker(ThreadPoolExecutor.java:1130)
        at java.base@21.0.5/java.util.concurrent.ThreadPoolExecutor$Worker.run(ThreadPoolExecutor.java:642)
        at java.base@21.0.5/java.lang.Thread.runWith(Thread.java:1596)
        at java.base@21.0.5/java.lang.Thread.run(Thread.java:1583)
"pool-112-thread-1"  prio=5 tid=570 timed_waiting
java.lang.Thread.State: TIMED_WAITING
        at java.base@21.0.5/jdk.internal.misc.Unsafe.park(Native Method)
        at java.base@21.0.5/java.util.concurrent.locks.LockSupport.parkNanos(LockSupport.java:269)
        at java.base@21.0.5/java.util.concurrent.locks.AbstractQueuedSynchronizer$ConditionObject.awaitNanos(AbstractQueuedSynchronizer.java:1763)
        at java.base@21.0.5/java.util.concurrent.ScheduledThreadPoolExecutor$DelayedWorkQueue.take(ScheduledThreadPoolExecutor.java:1182)
        at java.base@21.0.5/java.util.concurrent.ScheduledThreadPoolExecutor$DelayedWorkQueue.take(ScheduledThreadPoolExecutor.java:899)
        at java.base@21.0.5/java.util.concurrent.ThreadPoolExecutor.getTask(ThreadPoolExecutor.java:1070)
        at java.base@21.0.5/java.util.concurrent.ThreadPoolExecutor.runWorker(ThreadPoolExecutor.java:1130)
        at java.base@21.0.5/java.util.concurrent.ThreadPoolExecutor$Worker.run(ThreadPoolExecutor.java:642)
        at java.base@21.0.5/java.lang.Thread.runWith(Thread.java:1596)
        at java.base@21.0.5/java.lang.Thread.run(Thread.java:1583)
"84b435bb-d41b-4758-bf48-ce9052c81d4a@group-A7184706D343-StateMachineUpdater" daemon prio=5 tid=1253 timed_waiting
java.lang.Thread.State: TIMED_WAITING
        at java.base@21.0.5/jdk.internal.misc.Unsafe.park(Native Method)
        at java.base@21.0.5/java.util.concurrent.locks.LockSupport.parkNanos(LockSupport.java:269)
        at java.base@21.0.5/java.util.concurrent.locks.AbstractQueuedSynchronizer$ConditionObject.await(AbstractQueuedSynchronizer.java:1852)
        at app//org.apache.ratis.util.AwaitForSignal.await(AwaitForSignal.java:65)
        at app//org.apache.ratis.server.impl.StateMachineUpdater.waitForCommit(StateMachineUpdater.java:219)
        at app//org.apache.ratis.server.impl.StateMachineUpdater.run(StateMachineUpdater.java:187)
        at java.base@21.0.5/java.lang.Thread.runWith(Thread.java:1596)
        at java.base@21.0.5/java.lang.Thread.run(Thread.java:1583)
"IPC Server handler 76 on default port 15000" daemon prio=5 tid=197 timed_waiting
java.lang.Thread.State: TIMED_WAITING
        at java.base@21.0.5/jdk.internal.misc.Unsafe.park(Native Method)
        at java.base@21.0.5/java.util.concurrent.locks.LockSupport.parkNanos(LockSupport.java:269)
        at java.base@21.0.5/java.util.concurrent.locks.AbstractQueuedSynchronizer$ConditionObject.awaitNanos(AbstractQueuedSynchronizer.java:1763)
        at java.base@21.0.5/java.util.concurrent.LinkedBlockingQueue.poll(LinkedBlockingQueue.java:460)
        at app//org.apache.hadoop.ipc.CallQueueManager.take(CallQueueManager.java:370)
        at app//org.apache.hadoop.ipc.Server$Handler.run(Server.java:3165)
"ac5cad44-c19c-4f65-867f-c0009d6f555c-ChunkReader-1" daemon prio=5 tid=1560 in Object.wait()
java.lang.Thread.State: WAITING (on object monitor)
        at java.base@21.0.5/jdk.internal.misc.Unsafe.park(Native Method)
        at java.base@21.0.5/java.util.concurrent.locks.LockSupport.park(LockSupport.java:371)
        at java.base@21.0.5/java.util.concurrent.locks.AbstractQueuedSynchronizer$ConditionNode.block(AbstractQueuedSynchronizer.java:519)
        at java.base@21.0.5/java.util.concurrent.ForkJoinPool.unmanagedBlock(ForkJoinPool.java:3780)
        at java.base@21.0.5/java.util.concurrent.ForkJoinPool.managedBlock(ForkJoinPool.java:3725)
        at java.base@21.0.5/java.util.concurrent.locks.AbstractQueuedSynchronizer$ConditionObject.await(AbstractQueuedSynchronizer.java:1712)
        at java.base@21.0.5/java.util.concurrent.LinkedBlockingQueue.take(LinkedBlockingQueue.java:435)
        at java.base@21.0.5/java.util.concurrent.ThreadPoolExecutor.getTask(ThreadPoolExecutor.java:1070)
        at java.base@21.0.5/java.util.concurrent.ThreadPoolExecutor.runWorker(ThreadPoolExecutor.java:1130)
        at java.base@21.0.5/java.util.concurrent.ThreadPoolExecutor$Worker.run(ThreadPoolExecutor.java:642)
        at java.base@21.0.5/java.lang.Thread.runWith(Thread.java:1596)
        at java.base@21.0.5/java.lang.Thread.run(Thread.java:1583)
"qtp957126305-919" daemon prio=5 tid=919 runnable
java.lang.Thread.State: RUNNABLE
        at java.base@21.0.5/sun.nio.ch.EPoll.wait(Native Method)
        at java.base@21.0.5/sun.nio.ch.EPollSelectorImpl.doSelect(EPollSelectorImpl.java:121)
        at java.base@21.0.5/sun.nio.ch.SelectorImpl.lockAndDoSelect(SelectorImpl.java:130)
        at java.base@21.0.5/sun.nio.ch.SelectorImpl.select(SelectorImpl.java:147)
        at app//org.eclipse.jetty.io.ManagedSelector.nioSelect(ManagedSelector.java:183)
        at app//org.eclipse.jetty.io.ManagedSelector.select(ManagedSelector.java:190)
        at app//org.eclipse.jetty.io.ManagedSelector$SelectorProducer.select(ManagedSelector.java:606)
        at app//org.eclipse.jetty.io.ManagedSelector$SelectorProducer.produce(ManagedSelector.java:543)
        at app//org.eclipse.jetty.util.thread.strategy.EatWhatYouKill.produceTask(EatWhatYouKill.java:362)
        at app//org.eclipse.jetty.util.thread.strategy.EatWhatYouKill.doProduce(EatWhatYouKill.java:186)
        at app//org.eclipse.jetty.util.thread.strategy.EatWhatYouKill.tryProduce(EatWhatYouKill.java:173)
        at app//org.eclipse.jetty.util.thread.strategy.EatWhatYouKill.produce(EatWhatYouKill.java:137)
        at app//org.eclipse.jetty.io.ManagedSelector$$Lambda/0x00007fcfe0662730.run(Unknown Source)
        at app//org.eclipse.jetty.util.thread.QueuedThreadPool.runJob(QueuedThreadPool.java:883)
        at app//org.eclipse.jetty.util.thread.QueuedThreadPool$Runner.run(QueuedThreadPool.java:1034)
        at java.base@21.0.5/java.lang.Thread.runWith(Thread.java:1596)
        at java.base@21.0.5/java.lang.Thread.run(Thread.java:1583)
"JvmPauseMonitor12" daemon prio=5 tid=1164 timed_waiting
java.lang.Thread.State: TIMED_WAITING
        at java.base@21.0.5/java.lang.Thread.sleep0(Native Method)
        at java.base@21.0.5/java.lang.Thread.sleep(Thread.java:558)
        at java.base@21.0.5/java.util.concurrent.TimeUnit.sleep(TimeUnit.java:446)
        at app//org.apache.ratis.util.TimeDuration.sleep(TimeDuration.java:353)
        at app//org.apache.ratis.util.TimeDuration.sleep(TimeDuration.java:338)
        at app//org.apache.ratis.util.JvmPauseMonitor.detectPause(JvmPauseMonitor.java:160)
        at app//org.apache.ratis.util.JvmPauseMonitor.run(JvmPauseMonitor.java:149)
        at app//org.apache.ratis.util.JvmPauseMonitor$$Lambda/0x00007fcfe0390000.run(Unknown Source)
        at java.base@21.0.5/java.lang.Thread.runWith(Thread.java:1596)
        at java.base@21.0.5/java.lang.Thread.run(Thread.java:1583)
"84b435bb-d41b-4758-bf48-ce9052c81d4a-PipelineCommandHandlerThread-0"  prio=5 tid=1280 in Object.wait()
java.lang.Thread.State: WAITING (on object monitor)
        at java.base@21.0.5/jdk.internal.misc.Unsafe.park(Native Method)
        at java.base@21.0.5/java.util.concurrent.locks.LockSupport.park(LockSupport.java:371)
        at java.base@21.0.5/java.util.concurrent.locks.AbstractQueuedSynchronizer$ConditionNode.block(AbstractQueuedSynchronizer.java:519)
        at java.base@21.0.5/java.util.concurrent.ForkJoinPool.unmanagedBlock(ForkJoinPool.java:3780)
        at java.base@21.0.5/java.util.concurrent.ForkJoinPool.managedBlock(ForkJoinPool.java:3725)
        at java.base@21.0.5/java.util.concurrent.locks.AbstractQueuedSynchronizer$ConditionObject.await(AbstractQueuedSynchronizer.java:1712)
        at java.base@21.0.5/java.util.concurrent.LinkedBlockingQueue.take(LinkedBlockingQueue.java:435)
        at java.base@21.0.5/java.util.concurrent.ThreadPoolExecutor.getTask(ThreadPoolExecutor.java:1070)
        at java.base@21.0.5/java.util.concurrent.ThreadPoolExecutor.runWorker(ThreadPoolExecutor.java:1130)
        at java.base@21.0.5/java.util.concurrent.ThreadPoolExecutor$Worker.run(ThreadPoolExecutor.java:642)
        at java.base@21.0.5/java.lang.Thread.runWith(Thread.java:1596)
        at java.base@21.0.5/java.lang.Thread.run(Thread.java:1583)
"84b435bb-d41b-4758-bf48-ce9052c81d4a-ContainerOp-8ef3bc64-5854-4584-910e-a7184706d343-6"  prio=5 tid=1553 in Object.wait()
java.lang.Thread.State: WAITING (on object monitor)
        at java.base@21.0.5/jdk.internal.misc.Unsafe.park(Native Method)
        at java.base@21.0.5/java.util.concurrent.locks.LockSupport.park(LockSupport.java:371)
        at java.base@21.0.5/java.util.concurrent.locks.AbstractQueuedSynchronizer$ConditionNode.block(AbstractQueuedSynchronizer.java:519)
        at java.base@21.0.5/java.util.concurrent.ForkJoinPool.unmanagedBlock(ForkJoinPool.java:3780)
        at java.base@21.0.5/java.util.concurrent.ForkJoinPool.managedBlock(ForkJoinPool.java:3725)
        at java.base@21.0.5/java.util.concurrent.locks.AbstractQueuedSynchronizer$ConditionObject.await(AbstractQueuedSynchronizer.java:1712)
        at java.base@21.0.5/java.util.concurrent.LinkedBlockingQueue.take(LinkedBlockingQueue.java:435)
        at java.base@21.0.5/java.util.concurrent.ThreadPoolExecutor.getTask(ThreadPoolExecutor.java:1070)
        at java.base@21.0.5/java.util.concurrent.ThreadPoolExecutor.runWorker(ThreadPoolExecutor.java:1130)
        at java.base@21.0.5/java.util.concurrent.ThreadPoolExecutor$Worker.run(ThreadPoolExecutor.java:642)
        at java.base@21.0.5/java.lang.Thread.runWith(Thread.java:1596)
        at java.base@21.0.5/java.lang.Thread.run(Thread.java:1583)
"StaleRecoveringContainerScrubbingService#1" daemon prio=5 tid=1132 in Object.wait()
java.lang.Thread.State: WAITING (on object monitor)
        at java.base@21.0.5/jdk.internal.misc.Unsafe.park(Native Method)
        at java.base@21.0.5/java.util.concurrent.locks.LockSupport.park(LockSupport.java:371)
        at java.base@21.0.5/java.util.concurrent.locks.AbstractQueuedSynchronizer$ConditionNode.block(AbstractQueuedSynchronizer.java:519)
        at java.base@21.0.5/java.util.concurrent.ForkJoinPool.unmanagedBlock(ForkJoinPool.java:3780)
        at java.base@21.0.5/java.util.concurrent.ForkJoinPool.managedBlock(ForkJoinPool.java:3725)
        at java.base@21.0.5/java.util.concurrent.locks.AbstractQueuedSynchronizer$ConditionObject.await(AbstractQueuedSynchronizer.java:1712)
        at java.base@21.0.5/java.util.concurrent.ScheduledThreadPoolExecutor$DelayedWorkQueue.take(ScheduledThreadPoolExecutor.java:1177)
        at java.base@21.0.5/java.util.concurrent.ScheduledThreadPoolExecutor$DelayedWorkQueue.take(ScheduledThreadPoolExecutor.java:899)
        at java.base@21.0.5/java.util.concurrent.ThreadPoolExecutor.getTask(ThreadPoolExecutor.java:1070)
        at java.base@21.0.5/java.util.concurrent.ThreadPoolExecutor.runWorker(ThreadPoolExecutor.java:1130)
        at java.base@21.0.5/java.util.concurrent.ThreadPoolExecutor$Worker.run(ThreadPoolExecutor.java:642)
        at java.base@21.0.5/java.lang.Thread.runWith(Thread.java:1596)
        at java.base@21.0.5/java.lang.Thread.run(Thread.java:1583)
"7c84fc52-fa7b-40d9-a19c-d4e4c83c5fa3-groupManagement" daemon prio=5 tid=1187 in Object.wait()
java.lang.Thread.State: WAITING (on object monitor)
        at java.base@21.0.5/jdk.internal.misc.Unsafe.park(Native Method)
        at java.base@21.0.5/java.util.concurrent.locks.LockSupport.park(LockSupport.java:371)
        at java.base@21.0.5/java.util.concurrent.locks.AbstractQueuedSynchronizer$ConditionNode.block(AbstractQueuedSynchronizer.java:519)
        at java.base@21.0.5/java.util.concurrent.ForkJoinPool.unmanagedBlock(ForkJoinPool.java:3780)
        at java.base@21.0.5/java.util.concurrent.ForkJoinPool.managedBlock(ForkJoinPool.java:3725)
        at java.base@21.0.5/java.util.concurrent.locks.AbstractQueuedSynchronizer$ConditionObject.await(AbstractQueuedSynchronizer.java:1712)
        at java.base@21.0.5/java.util.concurrent.LinkedBlockingQueue.take(LinkedBlockingQueue.java:435)
        at java.base@21.0.5/java.util.concurrent.ThreadPoolExecutor.getTask(ThreadPoolExecutor.java:1070)
        at java.base@21.0.5/java.util.concurrent.ThreadPoolExecutor.runWorker(ThreadPoolExecutor.java:1130)
        at java.base@21.0.5/java.util.concurrent.ThreadPoolExecutor$Worker.run(ThreadPoolExecutor.java:642)
        at java.base@21.0.5/java.lang.Thread.runWith(Thread.java:1596)
        at java.base@21.0.5/java.lang.Thread.run(Thread.java:1583)
"IPC Server Responder" daemon prio=5 tid=461 runnable
java.lang.Thread.State: RUNNABLE
        at java.base@21.0.5/sun.nio.ch.EPoll.wait(Native Method)
        at java.base@21.0.5/sun.nio.ch.EPollSelectorImpl.doSelect(EPollSelectorImpl.java:121)
        at java.base@21.0.5/sun.nio.ch.SelectorImpl.lockAndDoSelect(SelectorImpl.java:130)
        at java.base@21.0.5/sun.nio.ch.SelectorImpl.select(SelectorImpl.java:142)
        at app//org.apache.hadoop.ipc.Server$Responder.doRunLoop(Server.java:1733)
        at app//org.apache.hadoop.ipc.Server$Responder.run(Server.java:1716)
"IPC Server handler 0 on default port 15048" daemon prio=5 tid=734 timed_waiting
java.lang.Thread.State: TIMED_WAITING
        at java.base@21.0.5/jdk.internal.misc.Unsafe.park(Native Method)
        at java.base@21.0.5/java.util.concurrent.locks.LockSupport.parkNanos(LockSupport.java:269)
        at java.base@21.0.5/java.util.concurrent.locks.AbstractQueuedSynchronizer$ConditionObject.awaitNanos(AbstractQueuedSynchronizer.java:1763)
        at java.base@21.0.5/java.util.concurrent.LinkedBlockingQueue.poll(LinkedBlockingQueue.java:460)
        at app//org.apache.hadoop.ipc.CallQueueManager.take(CallQueueManager.java:370)
        at app//org.apache.hadoop.ipc.Server$Handler.run(Server.java:3165)
"Socket Reader #7 for port 15012"  prio=5 tid=541 runnable
java.lang.Thread.State: RUNNABLE
        at java.base@21.0.5/sun.nio.ch.EPoll.wait(Native Method)
        at java.base@21.0.5/sun.nio.ch.EPollSelectorImpl.doSelect(EPollSelectorImpl.java:121)
        at java.base@21.0.5/sun.nio.ch.SelectorImpl.lockAndDoSelect(SelectorImpl.java:130)
        at java.base@21.0.5/sun.nio.ch.SelectorImpl.select(SelectorImpl.java:147)
        at app//org.apache.hadoop.ipc.Server$Listener$Reader.doRunLoop(Server.java:1497)
        at app//org.apache.hadoop.ipc.Server$Listener$Reader.run(Server.java:1476)
"69390d8a-021c-44b7-9fe5-c9855a0c5aa1-groupManagement" daemon prio=5 tid=1303 in Object.wait()
java.lang.Thread.State: WAITING (on object monitor)
        at java.base@21.0.5/jdk.internal.misc.Unsafe.park(Native Method)
        at java.base@21.0.5/java.util.concurrent.locks.LockSupport.park(LockSupport.java:371)
        at java.base@21.0.5/java.util.concurrent.locks.AbstractQueuedSynchronizer$ConditionNode.block(AbstractQueuedSynchronizer.java:519)
        at java.base@21.0.5/java.util.concurrent.ForkJoinPool.unmanagedBlock(ForkJoinPool.java:3780)
        at java.base@21.0.5/java.util.concurrent.ForkJoinPool.managedBlock(ForkJoinPool.java:3725)
        at java.base@21.0.5/java.util.concurrent.locks.AbstractQueuedSynchronizer$ConditionObject.await(AbstractQueuedSynchronizer.java:1712)
        at java.base@21.0.5/java.util.concurrent.LinkedBlockingQueue.take(LinkedBlockingQueue.java:435)
        at java.base@21.0.5/java.util.concurrent.ThreadPoolExecutor.getTask(ThreadPoolExecutor.java:1070)
        at java.base@21.0.5/java.util.concurrent.ThreadPoolExecutor.runWorker(ThreadPoolExecutor.java:1130)
        at java.base@21.0.5/java.util.concurrent.ThreadPoolExecutor$Worker.run(ThreadPoolExecutor.java:642)
        at java.base@21.0.5/java.lang.Thread.runWith(Thread.java:1596)
        at java.base@21.0.5/java.lang.Thread.run(Thread.java:1583)
"qtp1365184588-718" daemon prio=5 tid=718 timed_waiting
java.lang.Thread.State: TIMED_WAITING
        at java.base@21.0.5/jdk.internal.misc.Unsafe.park(Native Method)
        at java.base@21.0.5/java.util.concurrent.locks.LockSupport.parkNanos(LockSupport.java:269)
        at java.base@21.0.5/java.util.concurrent.locks.AbstractQueuedSynchronizer$ConditionObject.awaitNanos(AbstractQueuedSynchronizer.java:1763)
        at app//org.eclipse.jetty.util.BlockingArrayQueue.poll(BlockingArrayQueue.java:382)
        at app//org.eclipse.jetty.util.thread.QueuedThreadPool$Runner.idleJobPoll(QueuedThreadPool.java:974)
        at app//org.eclipse.jetty.util.thread.QueuedThreadPool$Runner.run(QueuedThreadPool.java:1018)
        at java.base@21.0.5/java.lang.Thread.runWith(Thread.java:1596)
        at java.base@21.0.5/java.lang.Thread.run(Thread.java:1583)
"IPC Server handler 7 on default port 15066" daemon prio=5 tid=833 timed_waiting
java.lang.Thread.State: TIMED_WAITING
        at java.base@21.0.5/jdk.internal.misc.Unsafe.park(Native Method)
        at java.base@21.0.5/java.util.concurrent.locks.LockSupport.parkNanos(LockSupport.java:269)
        at java.base@21.0.5/java.util.concurrent.locks.AbstractQueuedSynchronizer$ConditionObject.awaitNanos(AbstractQueuedSynchronizer.java:1763)
        at java.base@21.0.5/java.util.concurrent.LinkedBlockingQueue.poll(LinkedBlockingQueue.java:460)
        at app//org.apache.hadoop.ipc.CallQueueManager.take(CallQueueManager.java:370)
        at app//org.apache.hadoop.ipc.Server$Handler.run(Server.java:3165)
"7c84fc52-fa7b-40d9-a19c-d4e4c83c5fa3-ChunkReader-2" daemon prio=5 tid=1558 in Object.wait()
java.lang.Thread.State: WAITING (on object monitor)
        at java.base@21.0.5/jdk.internal.misc.Unsafe.park(Native Method)
        at java.base@21.0.5/java.util.concurrent.locks.LockSupport.park(LockSupport.java:371)
        at java.base@21.0.5/java.util.concurrent.locks.AbstractQueuedSynchronizer$ConditionNode.block(AbstractQueuedSynchronizer.java:519)
        at java.base@21.0.5/java.util.concurrent.ForkJoinPool.unmanagedBlock(ForkJoinPool.java:3780)
        at java.base@21.0.5/java.util.concurrent.ForkJoinPool.managedBlock(ForkJoinPool.java:3725)
        at java.base@21.0.5/java.util.concurrent.locks.AbstractQueuedSynchronizer$ConditionObject.await(AbstractQueuedSynchronizer.java:1712)
        at java.base@21.0.5/java.util.concurrent.LinkedBlockingQueue.take(LinkedBlockingQueue.java:435)
        at java.base@21.0.5/java.util.concurrent.ThreadPoolExecutor.getTask(ThreadPoolExecutor.java:1070)
        at java.base@21.0.5/java.util.concurrent.ThreadPoolExecutor.runWorker(ThreadPoolExecutor.java:1130)
        at java.base@21.0.5/java.util.concurrent.ThreadPoolExecutor$Worker.run(ThreadPoolExecutor.java:642)
        at java.base@21.0.5/java.lang.Thread.runWith(Thread.java:1596)
        at java.base@21.0.5/java.lang.Thread.run(Thread.java:1583)
"Socket Reader #4 for port 15048"  prio=5 tid=724 runnable
java.lang.Thread.State: RUNNABLE
        at java.base@21.0.5/sun.nio.ch.EPoll.wait(Native Method)
        at java.base@21.0.5/sun.nio.ch.EPollSelectorImpl.doSelect(EPollSelectorImpl.java:121)
        at java.base@21.0.5/sun.nio.ch.SelectorImpl.lockAndDoSelect(SelectorImpl.java:130)
        at java.base@21.0.5/sun.nio.ch.SelectorImpl.select(SelectorImpl.java:147)
        at app//org.apache.hadoop.ipc.Server$Listener$Reader.doRunLoop(Server.java:1497)
        at app//org.apache.hadoop.ipc.Server$Listener$Reader.run(Server.java:1476)
"17963aff-71fe-4a8f-bd2e-c405ff93174f-DatanodeReportManager-2" daemon prio=5 tid=969 in Object.wait()
java.lang.Thread.State: WAITING (on object monitor)
        at java.base@21.0.5/jdk.internal.misc.Unsafe.park(Native Method)
        at java.base@21.0.5/java.util.concurrent.locks.LockSupport.park(LockSupport.java:371)
        at java.base@21.0.5/java.util.concurrent.locks.AbstractQueuedSynchronizer$ConditionNode.block(AbstractQueuedSynchronizer.java:519)
        at java.base@21.0.5/java.util.concurrent.ForkJoinPool.unmanagedBlock(ForkJoinPool.java:3780)
        at java.base@21.0.5/java.util.concurrent.ForkJoinPool.managedBlock(ForkJoinPool.java:3725)
        at java.base@21.0.5/java.util.concurrent.locks.AbstractQueuedSynchronizer$ConditionObject.await(AbstractQueuedSynchronizer.java:1712)
        at java.base@21.0.5/java.util.concurrent.ScheduledThreadPoolExecutor$DelayedWorkQueue.take(ScheduledThreadPoolExecutor.java:1177)
        at java.base@21.0.5/java.util.concurrent.ScheduledThreadPoolExecutor$DelayedWorkQueue.take(ScheduledThreadPoolExecutor.java:899)
        at java.base@21.0.5/java.util.concurrent.ThreadPoolExecutor.getTask(ThreadPoolExecutor.java:1070)
        at java.base@21.0.5/java.util.concurrent.ThreadPoolExecutor.runWorker(ThreadPoolExecutor.java:1130)
        at java.base@21.0.5/java.util.concurrent.ThreadPoolExecutor$Worker.run(ThreadPoolExecutor.java:642)
        at java.base@21.0.5/java.lang.Thread.runWith(Thread.java:1596)
        at java.base@21.0.5/java.lang.Thread.run(Thread.java:1583)
"IPC Server handler 32 on default port 15002" daemon prio=5 tid=371 timed_waiting
java.lang.Thread.State: TIMED_WAITING
        at java.base@21.0.5/jdk.internal.misc.Unsafe.park(Native Method)
        at java.base@21.0.5/java.util.concurrent.locks.LockSupport.parkNanos(LockSupport.java:269)
        at java.base@21.0.5/java.util.concurrent.locks.AbstractQueuedSynchronizer$ConditionObject.awaitNanos(AbstractQueuedSynchronizer.java:1763)
        at java.base@21.0.5/java.util.concurrent.LinkedBlockingQueue.poll(LinkedBlockingQueue.java:460)
        at app//org.apache.hadoop.ipc.CallQueueManager.take(CallQueueManager.java:370)
        at app//org.apache.hadoop.ipc.Server$Handler.run(Server.java:3165)
"IPC Server handler 18 on default port 15006" daemon prio=5 tid=516 timed_waiting
java.lang.Thread.State: TIMED_WAITING
        at java.base@21.0.5/jdk.internal.misc.Unsafe.park(Native Method)
        at java.base@21.0.5/java.util.concurrent.locks.LockSupport.parkNanos(LockSupport.java:269)
        at java.base@21.0.5/java.util.concurrent.locks.AbstractQueuedSynchronizer$ConditionObject.awaitNanos(AbstractQueuedSynchronizer.java:1763)
        at java.base@21.0.5/java.util.concurrent.LinkedBlockingQueue.poll(LinkedBlockingQueue.java:460)
        at app//org.apache.hadoop.ipc.CallQueueManager.take(CallQueueManager.java:370)
        at app//org.apache.hadoop.ipc.Server$Handler.run(Server.java:3165)
"qtp957126305-923" daemon prio=5 tid=923 timed_waiting
java.lang.Thread.State: TIMED_WAITING
        at java.base@21.0.5/jdk.internal.misc.Unsafe.park(Native Method)
        at java.base@21.0.5/java.util.concurrent.locks.LockSupport.parkNanos(LockSupport.java:269)
        at java.base@21.0.5/java.util.concurrent.locks.AbstractQueuedSynchronizer$ConditionObject.awaitNanos(AbstractQueuedSynchronizer.java:1763)
        at app//org.eclipse.jetty.util.BlockingArrayQueue.poll(BlockingArrayQueue.java:382)
        at app//org.eclipse.jetty.util.thread.QueuedThreadPool$Runner.idleJobPoll(QueuedThreadPool.java:974)
        at app//org.eclipse.jetty.util.thread.QueuedThreadPool$Runner.run(QueuedThreadPool.java:1018)
        at java.base@21.0.5/java.lang.Thread.runWith(Thread.java:1596)
        at java.base@21.0.5/java.lang.Thread.run(Thread.java:1583)
"ac5cad44-c19c-4f65-867f-c0009d6f555c@group-D9B980D230C1-FollowerState" daemon prio=5 tid=2028 timed_waiting
java.lang.Thread.State: TIMED_WAITING
        at java.base@21.0.5/java.lang.Thread.sleep0(Native Method)
        at java.base@21.0.5/java.lang.Thread.sleep(Thread.java:558)
        at java.base@21.0.5/java.util.concurrent.TimeUnit.sleep(TimeUnit.java:446)
        at app//org.apache.ratis.util.TimeDuration.sleep(TimeDuration.java:353)
        at app//org.apache.ratis.util.TimeDuration.sleep(TimeDuration.java:338)
        at app//org.apache.ratis.server.impl.FollowerState.runImpl(FollowerState.java:149)
        at app//org.apache.ratis.server.impl.FollowerState.run(FollowerState.java:130)
"69390d8a-021c-44b7-9fe5-c9855a0c5aa1@group-31157D531563->17963aff-71fe-4a8f-bd2e-c405ff93174f-GrpcLogAppender-LogAppenderDaemon" daemon prio=5 tid=1494 timed_waiting
java.lang.Thread.State: TIMED_WAITING
        at java.base@21.0.5/jdk.internal.misc.Unsafe.park(Native Method)
        at java.base@21.0.5/java.util.concurrent.locks.LockSupport.parkNanos(LockSupport.java:269)
        at java.base@21.0.5/java.util.concurrent.locks.AbstractQueuedSynchronizer$ConditionObject.await(AbstractQueuedSynchronizer.java:1852)
        at app//org.apache.ratis.util.AwaitForSignal.await(AwaitForSignal.java:65)
        at app//org.apache.ratis.grpc.server.GrpcLogAppender.mayWait(GrpcLogAppender.java:290)
        at app//org.apache.ratis.grpc.server.GrpcLogAppender.run(GrpcLogAppender.java:258)
        at app//org.apache.ratis.server.leader.LogAppenderDaemon.run(LogAppenderDaemon.java:80)
        at app//org.apache.ratis.server.leader.LogAppenderDaemon$$Lambda/0x00007fcfe093e000.run(Unknown Source)
        at java.base@21.0.5/java.lang.Thread.runWith(Thread.java:1596)
        at java.base@21.0.5/java.lang.Thread.run(Thread.java:1583)
"d1093f6a-6992-456d-ac47-966fa1bbc12e-DatanodeStateMachineTaskThread-1"  prio=5 tid=1940 in Object.wait()
java.lang.Thread.State: WAITING (on object monitor)
        at java.base@21.0.5/jdk.internal.misc.Unsafe.park(Native Method)
        at java.base@21.0.5/java.util.concurrent.locks.LockSupport.park(LockSupport.java:371)
        at java.base@21.0.5/java.util.concurrent.locks.AbstractQueuedSynchronizer$ConditionNode.block(AbstractQueuedSynchronizer.java:519)
        at java.base@21.0.5/java.util.concurrent.ForkJoinPool.unmanagedBlock(ForkJoinPool.java:3780)
        at java.base@21.0.5/java.util.concurrent.ForkJoinPool.managedBlock(ForkJoinPool.java:3725)
        at java.base@21.0.5/java.util.concurrent.locks.AbstractQueuedSynchronizer$ConditionObject.await(AbstractQueuedSynchronizer.java:1712)
        at java.base@21.0.5/java.util.concurrent.LinkedBlockingQueue.take(LinkedBlockingQueue.java:435)
        at java.base@21.0.5/java.util.concurrent.ThreadPoolExecutor.getTask(ThreadPoolExecutor.java:1070)
        at java.base@21.0.5/java.util.concurrent.ThreadPoolExecutor.runWorker(ThreadPoolExecutor.java:1130)
        at java.base@21.0.5/java.util.concurrent.ThreadPoolExecutor$Worker.run(ThreadPoolExecutor.java:642)
        at java.base@21.0.5/java.lang.Thread.runWith(Thread.java:1596)
        at java.base@21.0.5/java.lang.Thread.run(Thread.java:1583)
"IPC Server handler 0 on default port 15030" daemon prio=5 tid=1923 timed_waiting
java.lang.Thread.State: TIMED_WAITING
        at java.base@21.0.5/jdk.internal.misc.Unsafe.park(Native Method)
        at java.base@21.0.5/java.util.concurrent.locks.LockSupport.parkNanos(LockSupport.java:269)
        at java.base@21.0.5/java.util.concurrent.locks.AbstractQueuedSynchronizer$ConditionObject.awaitNanos(AbstractQueuedSynchronizer.java:1763)
        at java.base@21.0.5/java.util.concurrent.LinkedBlockingQueue.poll(LinkedBlockingQueue.java:460)
        at app//org.apache.hadoop.ipc.CallQueueManager.take(CallQueueManager.java:370)
        at app//org.apache.hadoop.ipc.Server$Handler.run(Server.java:3165)
"7c84fc52-fa7b-40d9-a19c-d4e4c83c5fa3-DatanodeReportManager-2" daemon prio=5 tid=607 in Object.wait()
java.lang.Thread.State: WAITING (on object monitor)
        at java.base@21.0.5/jdk.internal.misc.Unsafe.park(Native Method)
        at java.base@21.0.5/java.util.concurrent.locks.LockSupport.park(LockSupport.java:371)
        at java.base@21.0.5/java.util.concurrent.locks.AbstractQueuedSynchronizer$ConditionNode.block(AbstractQueuedSynchronizer.java:519)
        at java.base@21.0.5/java.util.concurrent.ForkJoinPool.unmanagedBlock(ForkJoinPool.java:3780)
        at java.base@21.0.5/java.util.concurrent.ForkJoinPool.managedBlock(ForkJoinPool.java:3725)
        at java.base@21.0.5/java.util.concurrent.locks.AbstractQueuedSynchronizer$ConditionObject.await(AbstractQueuedSynchronizer.java:1712)
        at java.base@21.0.5/java.util.concurrent.ScheduledThreadPoolExecutor$DelayedWorkQueue.take(ScheduledThreadPoolExecutor.java:1177)
        at java.base@21.0.5/java.util.concurrent.ScheduledThreadPoolExecutor$DelayedWorkQueue.take(ScheduledThreadPoolExecutor.java:899)
        at java.base@21.0.5/java.util.concurrent.ThreadPoolExecutor.getTask(ThreadPoolExecutor.java:1070)
        at java.base@21.0.5/java.util.concurrent.ThreadPoolExecutor.runWorker(ThreadPoolExecutor.java:1130)
        at java.base@21.0.5/java.util.concurrent.ThreadPoolExecutor$Worker.run(ThreadPoolExecutor.java:642)
        at java.base@21.0.5/java.lang.Thread.runWith(Thread.java:1596)
        at java.base@21.0.5/java.lang.Thread.run(Thread.java:1583)
"17963aff-71fe-4a8f-bd2e-c405ff93174f-RocksDBCompactionThread-0"  prio=5 tid=910 timed_waiting
java.lang.Thread.State: TIMED_WAITING
        at java.base@21.0.5/jdk.internal.misc.Unsafe.park(Native Method)
        at java.base@21.0.5/java.util.concurrent.locks.LockSupport.parkNanos(LockSupport.java:269)
        at java.base@21.0.5/java.util.concurrent.locks.AbstractQueuedSynchronizer$ConditionObject.awaitNanos(AbstractQueuedSynchronizer.java:1763)
        at java.base@21.0.5/java.util.concurrent.ScheduledThreadPoolExecutor$DelayedWorkQueue.take(ScheduledThreadPoolExecutor.java:1182)
        at java.base@21.0.5/java.util.concurrent.ScheduledThreadPoolExecutor$DelayedWorkQueue.take(ScheduledThreadPoolExecutor.java:899)
        at java.base@21.0.5/java.util.concurrent.ThreadPoolExecutor.getTask(ThreadPoolExecutor.java:1070)
        at java.base@21.0.5/java.util.concurrent.ThreadPoolExecutor.runWorker(ThreadPoolExecutor.java:1130)
        at java.base@21.0.5/java.util.concurrent.ThreadPoolExecutor$Worker.run(ThreadPoolExecutor.java:642)
        at java.base@21.0.5/java.lang.Thread.runWith(Thread.java:1596)
        at java.base@21.0.5/java.lang.Thread.run(Thread.java:1583)
"ContainerMetadataScanner" daemon prio=5 tid=1158 timed_waiting
java.lang.Thread.State: TIMED_WAITING
        at java.base@21.0.5/java.lang.Thread.sleep0(Native Method)
        at java.base@21.0.5/java.lang.Thread.sleep(Thread.java:509)
        at app//org.apache.hadoop.ozone.container.ozoneimpl.AbstractBackgroundContainerScanner.handleRemainingSleep(AbstractBackgroundContainerScanner.java:131)
        at app//org.apache.hadoop.ozone.container.ozoneimpl.AbstractBackgroundContainerScanner.runIteration(AbstractBackgroundContainerScanner.java:98)
        at app//org.apache.hadoop.ozone.container.ozoneimpl.AbstractBackgroundContainerScanner.run(AbstractBackgroundContainerScanner.java:57)
"IPC Server handler 93 on default port 15000" daemon prio=5 tid=214 timed_waiting
java.lang.Thread.State: TIMED_WAITING
        at java.base@21.0.5/jdk.internal.misc.Unsafe.park(Native Method)
        at java.base@21.0.5/java.util.concurrent.locks.LockSupport.parkNanos(LockSupport.java:269)
        at java.base@21.0.5/java.util.concurrent.locks.AbstractQueuedSynchronizer$ConditionObject.awaitNanos(AbstractQueuedSynchronizer.java:1763)
        at java.base@21.0.5/java.util.concurrent.LinkedBlockingQueue.poll(LinkedBlockingQueue.java:460)
        at app//org.apache.hadoop.ipc.CallQueueManager.take(CallQueueManager.java:370)
        at app//org.apache.hadoop.ipc.Server$Handler.run(Server.java:3165)
"IPC Server handler 77 on default port 15001" daemon prio=5 tid=298 timed_waiting
java.lang.Thread.State: TIMED_WAITING
        at java.base@21.0.5/jdk.internal.misc.Unsafe.park(Native Method)
        at java.base@21.0.5/java.util.concurrent.locks.LockSupport.parkNanos(LockSupport.java:269)
        at java.base@21.0.5/java.util.concurrent.locks.AbstractQueuedSynchronizer$ConditionObject.awaitNanos(AbstractQueuedSynchronizer.java:1763)
        at java.base@21.0.5/java.util.concurrent.LinkedBlockingQueue.poll(LinkedBlockingQueue.java:460)
        at app//org.apache.hadoop.ipc.CallQueueManager.take(CallQueueManager.java:370)
        at app//org.apache.hadoop.ipc.Server$Handler.run(Server.java:3165)
"9c1aee78-f037-4e17-b985-0daab5eaf154@group-31157D531563-cacheEviction-AwaitToRun" daemon prio=5 tid=1311 in Object.wait()
java.lang.Thread.State: WAITING (on object monitor)
        at java.base@21.0.5/jdk.internal.misc.Unsafe.park(Native Method)
        at java.base@21.0.5/java.util.concurrent.locks.LockSupport.park(LockSupport.java:371)
        at java.base@21.0.5/java.util.concurrent.locks.AbstractQueuedSynchronizer$ConditionNode.block(AbstractQueuedSynchronizer.java:519)
        at java.base@21.0.5/java.util.concurrent.ForkJoinPool.unmanagedBlock(ForkJoinPool.java:3780)
        at java.base@21.0.5/java.util.concurrent.ForkJoinPool.managedBlock(ForkJoinPool.java:3725)
        at java.base@21.0.5/java.util.concurrent.locks.AbstractQueuedSynchronizer$ConditionObject.await(AbstractQueuedSynchronizer.java:1712)
        at app//org.apache.ratis.util.AwaitForSignal.await(AwaitForSignal.java:48)
        at app//org.apache.ratis.util.AwaitToRun$RunnableImpl.run(AwaitToRun.java:47)
        at java.base@21.0.5/java.lang.Thread.runWith(Thread.java:1596)
        at java.base@21.0.5/java.lang.Thread.run(Thread.java:1583)
"qtp119512187-1905" daemon prio=5 tid=1905 timed_waiting
java.lang.Thread.State: TIMED_WAITING
        at java.base@21.0.5/jdk.internal.misc.Unsafe.park(Native Method)
        at java.base@21.0.5/java.util.concurrent.locks.LockSupport.parkNanos(LockSupport.java:269)
        at java.base@21.0.5/java.util.concurrent.locks.AbstractQueuedSynchronizer$ConditionObject.awaitNanos(AbstractQueuedSynchronizer.java:1763)
        at app//org.eclipse.jetty.util.BlockingArrayQueue.poll(BlockingArrayQueue.java:382)
        at app//org.eclipse.jetty.util.thread.QueuedThreadPool$Runner.idleJobPoll(QueuedThreadPool.java:974)
        at app//org.eclipse.jetty.util.thread.QueuedThreadPool$Runner.run(QueuedThreadPool.java:1018)
        at java.base@21.0.5/java.lang.Thread.runWith(Thread.java:1596)
        at java.base@21.0.5/java.lang.Thread.run(Thread.java:1583)
"IPC Server handler 3 on default port 15030" daemon prio=5 tid=1926 timed_waiting
java.lang.Thread.State: TIMED_WAITING
        at java.base@21.0.5/jdk.internal.misc.Unsafe.park(Native Method)
        at java.base@21.0.5/java.util.concurrent.locks.LockSupport.parkNanos(LockSupport.java:269)
        at java.base@21.0.5/java.util.concurrent.locks.AbstractQueuedSynchronizer$ConditionObject.awaitNanos(AbstractQueuedSynchronizer.java:1763)
        at java.base@21.0.5/java.util.concurrent.LinkedBlockingQueue.poll(LinkedBlockingQueue.java:460)
        at app//org.apache.hadoop.ipc.CallQueueManager.take(CallQueueManager.java:370)
        at app//org.apache.hadoop.ipc.Server$Handler.run(Server.java:3165)
"d1093f6a-6992-456d-ac47-966fa1bbc12e-ChunkReader-3" daemon prio=5 tid=2082 in Object.wait()
java.lang.Thread.State: WAITING (on object monitor)
        at java.base@21.0.5/jdk.internal.misc.Unsafe.park(Native Method)
        at java.base@21.0.5/java.util.concurrent.locks.LockSupport.park(LockSupport.java:371)
        at java.base@21.0.5/java.util.concurrent.locks.AbstractQueuedSynchronizer$ConditionNode.block(AbstractQueuedSynchronizer.java:519)
        at java.base@21.0.5/java.util.concurrent.ForkJoinPool.unmanagedBlock(ForkJoinPool.java:3780)
        at java.base@21.0.5/java.util.concurrent.ForkJoinPool.managedBlock(ForkJoinPool.java:3725)
        at java.base@21.0.5/java.util.concurrent.locks.AbstractQueuedSynchronizer$ConditionObject.await(AbstractQueuedSynchronizer.java:1712)
        at java.base@21.0.5/java.util.concurrent.LinkedBlockingQueue.take(LinkedBlockingQueue.java:435)
        at java.base@21.0.5/java.util.concurrent.ThreadPoolExecutor.getTask(ThreadPoolExecutor.java:1070)
        at java.base@21.0.5/java.util.concurrent.ThreadPoolExecutor.runWorker(ThreadPoolExecutor.java:1130)
        at java.base@21.0.5/java.util.concurrent.ThreadPoolExecutor$Worker.run(ThreadPoolExecutor.java:642)
        at java.base@21.0.5/java.lang.Thread.runWith(Thread.java:1596)
        at java.base@21.0.5/java.lang.Thread.run(Thread.java:1583)
"Socket Reader #7 for port 15057"  prio=5 tid=773 runnable
java.lang.Thread.State: RUNNABLE
        at java.base@21.0.5/sun.nio.ch.EPoll.wait(Native Method)
        at java.base@21.0.5/sun.nio.ch.EPollSelectorImpl.doSelect(EPollSelectorImpl.java:121)
        at java.base@21.0.5/sun.nio.ch.SelectorImpl.lockAndDoSelect(SelectorImpl.java:130)
        at java.base@21.0.5/sun.nio.ch.SelectorImpl.select(SelectorImpl.java:147)
        at app//org.apache.hadoop.ipc.Server$Listener$Reader.doRunLoop(Server.java:1497)
        at app//org.apache.hadoop.ipc.Server$Listener$Reader.run(Server.java:1476)
"IPC Server handler 3 on default port 15048" daemon prio=5 tid=737 timed_waiting
java.lang.Thread.State: TIMED_WAITING
        at java.base@21.0.5/jdk.internal.misc.Unsafe.park(Native Method)
        at java.base@21.0.5/java.util.concurrent.locks.LockSupport.parkNanos(LockSupport.java:269)
        at java.base@21.0.5/java.util.concurrent.locks.AbstractQueuedSynchronizer$ConditionObject.awaitNanos(AbstractQueuedSynchronizer.java:1763)
        at java.base@21.0.5/java.util.concurrent.LinkedBlockingQueue.poll(LinkedBlockingQueue.java:460)
        at app//org.apache.hadoop.ipc.CallQueueManager.take(CallQueueManager.java:370)
        at app//org.apache.hadoop.ipc.Server$Handler.run(Server.java:3165)
"IPC Server handler 4 on default port 15039" daemon prio=5 tid=2170 timed_waiting
java.lang.Thread.State: TIMED_WAITING
        at java.base@21.0.5/jdk.internal.misc.Unsafe.park(Native Method)
        at java.base@21.0.5/java.util.concurrent.locks.LockSupport.parkNanos(LockSupport.java:269)
        at java.base@21.0.5/java.util.concurrent.locks.AbstractQueuedSynchronizer$ConditionObject.awaitNanos(AbstractQueuedSynchronizer.java:1763)
        at java.base@21.0.5/java.util.concurrent.LinkedBlockingQueue.poll(LinkedBlockingQueue.java:460)
        at app//org.apache.hadoop.ipc.CallQueueManager.take(CallQueueManager.java:370)
        at app//org.apache.hadoop.ipc.Server$Handler.run(Server.java:3165)
"IPC Server handler 69 on default port 15000" daemon prio=5 tid=190 timed_waiting
java.lang.Thread.State: TIMED_WAITING
        at java.base@21.0.5/jdk.internal.misc.Unsafe.park(Native Method)
        at java.base@21.0.5/java.util.concurrent.locks.LockSupport.parkNanos(LockSupport.java:269)
        at java.base@21.0.5/java.util.concurrent.locks.AbstractQueuedSynchronizer$ConditionObject.awaitNanos(AbstractQueuedSynchronizer.java:1763)
        at java.base@21.0.5/java.util.concurrent.LinkedBlockingQueue.poll(LinkedBlockingQueue.java:460)
        at app//org.apache.hadoop.ipc.CallQueueManager.take(CallQueueManager.java:370)
        at app//org.apache.hadoop.ipc.Server$Handler.run(Server.java:3165)
"PartialTableCache-Cleanup-0" daemon prio=5 tid=1509 in Object.wait()
java.lang.Thread.State: WAITING (on object monitor)
        at java.base@21.0.5/jdk.internal.misc.Unsafe.park(Native Method)
        at java.base@21.0.5/java.util.concurrent.locks.LockSupport.park(LockSupport.java:371)
        at java.base@21.0.5/java.util.concurrent.locks.AbstractQueuedSynchronizer$ConditionNode.block(AbstractQueuedSynchronizer.java:519)
        at java.base@21.0.5/java.util.concurrent.ForkJoinPool.unmanagedBlock(ForkJoinPool.java:3780)
        at java.base@21.0.5/java.util.concurrent.ForkJoinPool.managedBlock(ForkJoinPool.java:3725)
        at java.base@21.0.5/java.util.concurrent.locks.AbstractQueuedSynchronizer$ConditionObject.await(AbstractQueuedSynchronizer.java:1712)
        at java.base@21.0.5/java.util.concurrent.LinkedBlockingQueue.take(LinkedBlockingQueue.java:435)
        at java.base@21.0.5/java.util.concurrent.ThreadPoolExecutor.getTask(ThreadPoolExecutor.java:1070)
        at java.base@21.0.5/java.util.concurrent.ThreadPoolExecutor.runWorker(ThreadPoolExecutor.java:1130)
        at java.base@21.0.5/java.util.concurrent.ThreadPoolExecutor$Worker.run(ThreadPoolExecutor.java:642)
        at java.base@21.0.5/java.lang.Thread.runWith(Thread.java:1596)
        at java.base@21.0.5/java.lang.Thread.run(Thread.java:1583)
"IPC Server handler 67 on default port 15000" daemon prio=5 tid=188 timed_waiting
java.lang.Thread.State: TIMED_WAITING
        at java.base@21.0.5/jdk.internal.misc.Unsafe.park(Native Method)
        at java.base@21.0.5/java.util.concurrent.locks.LockSupport.parkNanos(LockSupport.java:269)
        at java.base@21.0.5/java.util.concurrent.locks.AbstractQueuedSynchronizer$ConditionObject.awaitNanos(AbstractQueuedSynchronizer.java:1763)
        at java.base@21.0.5/java.util.concurrent.LinkedBlockingQueue.poll(LinkedBlockingQueue.java:460)
        at app//org.apache.hadoop.ipc.CallQueueManager.take(CallQueueManager.java:370)
        at app//org.apache.hadoop.ipc.Server$Handler.run(Server.java:3165)
"pool-480-thread-1" daemon prio=5 tid=2190 timed_waiting
java.lang.Thread.State: TIMED_WAITING
        at java.base@21.0.5/jdk.internal.misc.Unsafe.park(Native Method)
        at java.base@21.0.5/java.util.concurrent.locks.LockSupport.parkNanos(LockSupport.java:269)
        at java.base@21.0.5/java.util.concurrent.locks.AbstractQueuedSynchronizer$ConditionObject.awaitNanos(AbstractQueuedSynchronizer.java:1763)
        at java.base@21.0.5/java.util.concurrent.ScheduledThreadPoolExecutor$DelayedWorkQueue.take(ScheduledThreadPoolExecutor.java:1182)
        at java.base@21.0.5/java.util.concurrent.ScheduledThreadPoolExecutor$DelayedWorkQueue.take(ScheduledThreadPoolExecutor.java:899)
        at java.base@21.0.5/java.util.concurrent.ThreadPoolExecutor.getTask(ThreadPoolExecutor.java:1070)
        at java.base@21.0.5/java.util.concurrent.ThreadPoolExecutor.runWorker(ThreadPoolExecutor.java:1130)
        at java.base@21.0.5/java.util.concurrent.ThreadPoolExecutor$Worker.run(ThreadPoolExecutor.java:642)
        at java.base@21.0.5/java.lang.Thread.runWith(Thread.java:1596)
        at java.base@21.0.5/java.lang.Thread.run(Thread.java:1583)
"qtp1365184588-714" daemon prio=5 tid=714 timed_waiting
java.lang.Thread.State: TIMED_WAITING
        at java.base@21.0.5/jdk.internal.misc.Unsafe.park(Native Method)
        at java.base@21.0.5/java.util.concurrent.locks.LockSupport.parkNanos(LockSupport.java:269)
        at java.base@21.0.5/java.util.concurrent.locks.AbstractQueuedSynchronizer$ConditionObject.awaitNanos(AbstractQueuedSynchronizer.java:1763)
        at app//org.eclipse.jetty.util.BlockingArrayQueue.poll(BlockingArrayQueue.java:382)
        at app//org.eclipse.jetty.util.thread.QueuedThreadPool$Runner.idleJobPoll(QueuedThreadPool.java:974)
        at app//org.eclipse.jetty.util.thread.QueuedThreadPool$Runner.run(QueuedThreadPool.java:1018)
        at java.base@21.0.5/java.lang.Thread.runWith(Thread.java:1596)
        at java.base@21.0.5/java.lang.Thread.run(Thread.java:1583)
"ac5cad44-c19c-4f65-867f-c0009d6f555c@group-D9B980D230C1-cacheEviction-AwaitToRun" daemon prio=5 tid=1972 in Object.wait()
java.lang.Thread.State: WAITING (on object monitor)
        at java.base@21.0.5/jdk.internal.misc.Unsafe.park(Native Method)
        at java.base@21.0.5/java.util.concurrent.locks.LockSupport.park(LockSupport.java:371)
        at java.base@21.0.5/java.util.concurrent.locks.AbstractQueuedSynchronizer$ConditionNode.block(AbstractQueuedSynchronizer.java:519)
        at java.base@21.0.5/java.util.concurrent.ForkJoinPool.unmanagedBlock(ForkJoinPool.java:3780)
        at java.base@21.0.5/java.util.concurrent.ForkJoinPool.managedBlock(ForkJoinPool.java:3725)
        at java.base@21.0.5/java.util.concurrent.locks.AbstractQueuedSynchronizer$ConditionObject.await(AbstractQueuedSynchronizer.java:1712)
        at app//org.apache.ratis.util.AwaitForSignal.await(AwaitForSignal.java:48)
        at app//org.apache.ratis.util.AwaitToRun$RunnableImpl.run(AwaitToRun.java:47)
        at java.base@21.0.5/java.lang.Thread.runWith(Thread.java:1596)
        at java.base@21.0.5/java.lang.Thread.run(Thread.java:1583)
"qtp1883684513-757" daemon prio=5 tid=757 runnable
java.lang.Thread.State: RUNNABLE
        at java.base@21.0.5/sun.nio.ch.EPoll.wait(Native Method)
        at java.base@21.0.5/sun.nio.ch.EPollSelectorImpl.doSelect(EPollSelectorImpl.java:121)
        at java.base@21.0.5/sun.nio.ch.SelectorImpl.lockAndDoSelect(SelectorImpl.java:130)
        at java.base@21.0.5/sun.nio.ch.SelectorImpl.select(SelectorImpl.java:147)
        at app//org.eclipse.jetty.io.ManagedSelector.nioSelect(ManagedSelector.java:183)
        at app//org.eclipse.jetty.io.ManagedSelector.select(ManagedSelector.java:190)
        at app//org.eclipse.jetty.io.ManagedSelector$SelectorProducer.select(ManagedSelector.java:606)
        at app//org.eclipse.jetty.io.ManagedSelector$SelectorProducer.produce(ManagedSelector.java:543)
        at app//org.eclipse.jetty.util.thread.strategy.EatWhatYouKill.produceTask(EatWhatYouKill.java:362)
        at app//org.eclipse.jetty.util.thread.strategy.EatWhatYouKill.doProduce(EatWhatYouKill.java:186)
        at app//org.eclipse.jetty.util.thread.strategy.EatWhatYouKill.tryProduce(EatWhatYouKill.java:173)
        at app//org.eclipse.jetty.util.thread.strategy.EatWhatYouKill.produce(EatWhatYouKill.java:137)
        at app//org.eclipse.jetty.io.ManagedSelector$$Lambda/0x00007fcfe0662730.run(Unknown Source)
        at app//org.eclipse.jetty.util.thread.QueuedThreadPool.runJob(QueuedThreadPool.java:883)
        at app//org.eclipse.jetty.util.thread.QueuedThreadPool$Runner.run(QueuedThreadPool.java:1034)
        at java.base@21.0.5/java.lang.Thread.runWith(Thread.java:1596)
        at java.base@21.0.5/java.lang.Thread.run(Thread.java:1583)
"ContainerDataScanner(/home/runner/work/ozone/ozone/hadoop-ozone/integration-test/target/test-dir/MiniOzoneClusterImpl-7d8e89df-ef81-4ba3-8c0c-8d2bb8f5309d/ozone-meta/datanode-6/data-0/hdds)" daemon prio=5 tid=1080 timed_waiting
java.lang.Thread.State: TIMED_WAITING
        at java.base@21.0.5/java.lang.Thread.sleep0(Native Method)
        at java.base@21.0.5/java.lang.Thread.sleep(Thread.java:509)
        at app//org.apache.hadoop.ozone.container.ozoneimpl.AbstractBackgroundContainerScanner.handleRemainingSleep(AbstractBackgroundContainerScanner.java:131)
        at app//org.apache.hadoop.ozone.container.ozoneimpl.AbstractBackgroundContainerScanner.runIteration(AbstractBackgroundContainerScanner.java:98)
        at app//org.apache.hadoop.ozone.container.ozoneimpl.AbstractBackgroundContainerScanner.run(AbstractBackgroundContainerScanner.java:57)
"84b435bb-d41b-4758-bf48-ce9052c81d4a-CloseContainerThread-2"  prio=5 tid=2254 in Object.wait()
java.lang.Thread.State: WAITING (on object monitor)
        at java.base@21.0.5/jdk.internal.misc.Unsafe.park(Native Method)
        at java.base@21.0.5/java.util.concurrent.locks.LockSupport.park(LockSupport.java:371)
        at java.base@21.0.5/java.util.concurrent.locks.AbstractQueuedSynchronizer$ConditionNode.block(AbstractQueuedSynchronizer.java:519)
        at java.base@21.0.5/java.util.concurrent.ForkJoinPool.unmanagedBlock(ForkJoinPool.java:3780)
        at java.base@21.0.5/java.util.concurrent.ForkJoinPool.managedBlock(ForkJoinPool.java:3725)
        at java.base@21.0.5/java.util.concurrent.locks.AbstractQueuedSynchronizer$ConditionObject.await(AbstractQueuedSynchronizer.java:1712)
        at java.base@21.0.5/java.util.concurrent.LinkedBlockingQueue.take(LinkedBlockingQueue.java:435)
        at java.base@21.0.5/java.util.concurrent.ThreadPoolExecutor.getTask(ThreadPoolExecutor.java:1070)
        at java.base@21.0.5/java.util.concurrent.ThreadPoolExecutor.runWorker(ThreadPoolExecutor.java:1130)
        at java.base@21.0.5/java.util.concurrent.ThreadPoolExecutor$Worker.run(ThreadPoolExecutor.java:642)
        at java.base@21.0.5/java.lang.Thread.runWith(Thread.java:1596)
        at java.base@21.0.5/java.lang.Thread.run(Thread.java:1583)
"a14cd1ab-7861-42f9-8639-15260a7193f0-EndpointStateMachineTaskThread-/0.0.0.0:15002-0 "  prio=5 tid=2186 in Object.wait()
java.lang.Thread.State: WAITING (on object monitor)
        at java.base@21.0.5/jdk.internal.misc.Unsafe.park(Native Method)
        at java.base@21.0.5/java.util.concurrent.locks.LockSupport.park(LockSupport.java:371)
        at java.base@21.0.5/java.util.concurrent.locks.AbstractQueuedSynchronizer$ConditionNode.block(AbstractQueuedSynchronizer.java:519)
        at java.base@21.0.5/java.util.concurrent.ForkJoinPool.unmanagedBlock(ForkJoinPool.java:3780)
        at java.base@21.0.5/java.util.concurrent.ForkJoinPool.managedBlock(ForkJoinPool.java:3725)
        at java.base@21.0.5/java.util.concurrent.locks.AbstractQueuedSynchronizer$ConditionObject.await(AbstractQueuedSynchronizer.java:1712)
        at java.base@21.0.5/java.util.concurrent.LinkedBlockingQueue.take(LinkedBlockingQueue.java:435)
        at java.base@21.0.5/java.util.concurrent.ThreadPoolExecutor.getTask(ThreadPoolExecutor.java:1070)
        at java.base@21.0.5/java.util.concurrent.ThreadPoolExecutor.runWorker(ThreadPoolExecutor.java:1130)
        at java.base@21.0.5/java.util.concurrent.ThreadPoolExecutor$Worker.run(ThreadPoolExecutor.java:642)
        at java.base@21.0.5/java.lang.Thread.runWith(Thread.java:1596)
        at java.base@21.0.5/java.lang.Thread.run(Thread.java:1583)
"IPC Server handler 0 on default port 15057" daemon prio=5 tid=780 timed_waiting
java.lang.Thread.State: TIMED_WAITING
        at java.base@21.0.5/jdk.internal.misc.Unsafe.park(Native Method)
        at java.base@21.0.5/java.util.concurrent.locks.LockSupport.parkNanos(LockSupport.java:269)
        at java.base@21.0.5/java.util.concurrent.locks.AbstractQueuedSynchronizer$ConditionObject.awaitNanos(AbstractQueuedSynchronizer.java:1763)
        at java.base@21.0.5/java.util.concurrent.LinkedBlockingQueue.poll(LinkedBlockingQueue.java:460)
        at app//org.apache.hadoop.ipc.CallQueueManager.take(CallQueueManager.java:370)
        at app//org.apache.hadoop.ipc.Server$Handler.run(Server.java:3165)
"IPC Server handler 99 on default port 15002" daemon prio=5 tid=438 timed_waiting
java.lang.Thread.State: TIMED_WAITING
        at java.base@21.0.5/jdk.internal.misc.Unsafe.park(Native Method)
        at java.base@21.0.5/java.util.concurrent.locks.LockSupport.parkNanos(LockSupport.java:269)
        at java.base@21.0.5/java.util.concurrent.locks.AbstractQueuedSynchronizer$ConditionObject.awaitNanos(AbstractQueuedSynchronizer.java:1763)
        at java.base@21.0.5/java.util.concurrent.LinkedBlockingQueue.poll(LinkedBlockingQueue.java:460)
        at app//org.apache.hadoop.ipc.CallQueueManager.take(CallQueueManager.java:370)
        at app//org.apache.hadoop.ipc.Server$Handler.run(Server.java:3165)
"Socket Reader #8 for port 15093"  prio=5 tid=1014 runnable
java.lang.Thread.State: RUNNABLE
        at java.base@21.0.5/sun.nio.ch.EPoll.wait(Native Method)
        at java.base@21.0.5/sun.nio.ch.EPollSelectorImpl.doSelect(EPollSelectorImpl.java:121)
        at java.base@21.0.5/sun.nio.ch.SelectorImpl.lockAndDoSelect(SelectorImpl.java:130)
        at java.base@21.0.5/sun.nio.ch.SelectorImpl.select(SelectorImpl.java:147)
        at app//org.apache.hadoop.ipc.Server$Listener$Reader.doRunLoop(Server.java:1497)
        at app//org.apache.hadoop.ipc.Server$Listener$Reader.run(Server.java:1476)
"91d0dafb-6cb7-42e5-b129-660fdc1902ba-groupManagement"  prio=5 tid=1340 in Object.wait()
java.lang.Thread.State: WAITING (on object monitor)
        at java.base@21.0.5/jdk.internal.misc.Unsafe.park(Native Method)
        at java.base@21.0.5/java.util.concurrent.locks.LockSupport.park(LockSupport.java:371)
        at java.base@21.0.5/java.util.concurrent.locks.AbstractQueuedSynchronizer$ConditionNode.block(AbstractQueuedSynchronizer.java:519)
        at java.base@21.0.5/java.util.concurrent.ForkJoinPool.unmanagedBlock(ForkJoinPool.java:3780)
        at java.base@21.0.5/java.util.concurrent.ForkJoinPool.managedBlock(ForkJoinPool.java:3725)
        at java.base@21.0.5/java.util.concurrent.locks.AbstractQueuedSynchronizer$ConditionObject.await(AbstractQueuedSynchronizer.java:1712)
        at java.base@21.0.5/java.util.concurrent.LinkedBlockingQueue.take(LinkedBlockingQueue.java:435)
        at java.base@21.0.5/java.util.concurrent.ThreadPoolExecutor.getTask(ThreadPoolExecutor.java:1070)
        at java.base@21.0.5/java.util.concurrent.ThreadPoolExecutor.runWorker(ThreadPoolExecutor.java:1130)
        at java.base@21.0.5/java.util.concurrent.ThreadPoolExecutor$Worker.run(ThreadPoolExecutor.java:642)
        at java.base@21.0.5/java.lang.Thread.runWith(Thread.java:1596)
        at java.base@21.0.5/java.lang.Thread.run(Thread.java:1583)
"IPC Server handler 71 on default port 15002" daemon prio=5 tid=410 timed_waiting
java.lang.Thread.State: TIMED_WAITING
        at java.base@21.0.5/jdk.internal.misc.Unsafe.park(Native Method)
        at java.base@21.0.5/java.util.concurrent.locks.LockSupport.parkNanos(LockSupport.java:269)
        at java.base@21.0.5/java.util.concurrent.locks.AbstractQueuedSynchronizer$ConditionObject.awaitNanos(AbstractQueuedSynchronizer.java:1763)
        at java.base@21.0.5/java.util.concurrent.LinkedBlockingQueue.poll(LinkedBlockingQueue.java:460)
        at app//org.apache.hadoop.ipc.CallQueueManager.take(CallQueueManager.java:370)
        at app//org.apache.hadoop.ipc.Server$Handler.run(Server.java:3165)
"ac5cad44-c19c-4f65-867f-c0009d6f555c-BlockDeletingService#2" daemon prio=5 tid=1822 in Object.wait()
java.lang.Thread.State: WAITING (on object monitor)
        at java.base@21.0.5/jdk.internal.misc.Unsafe.park(Native Method)
        at java.base@21.0.5/java.util.concurrent.locks.LockSupport.park(LockSupport.java:371)
        at java.base@21.0.5/java.util.concurrent.locks.AbstractQueuedSynchronizer$ConditionNode.block(AbstractQueuedSynchronizer.java:519)
        at java.base@21.0.5/java.util.concurrent.ForkJoinPool.unmanagedBlock(ForkJoinPool.java:3780)
        at java.base@21.0.5/java.util.concurrent.ForkJoinPool.managedBlock(ForkJoinPool.java:3725)
        at java.base@21.0.5/java.util.concurrent.locks.AbstractQueuedSynchronizer$ConditionObject.await(AbstractQueuedSynchronizer.java:1712)
        at java.base@21.0.5/java.util.concurrent.ScheduledThreadPoolExecutor$DelayedWorkQueue.take(ScheduledThreadPoolExecutor.java:1177)
        at java.base@21.0.5/java.util.concurrent.ScheduledThreadPoolExecutor$DelayedWorkQueue.take(ScheduledThreadPoolExecutor.java:899)
        at java.base@21.0.5/java.util.concurrent.ThreadPoolExecutor.getTask(ThreadPoolExecutor.java:1070)
        at java.base@21.0.5/java.util.concurrent.ThreadPoolExecutor.runWorker(ThreadPoolExecutor.java:1130)
        at java.base@21.0.5/java.util.concurrent.ThreadPoolExecutor$Worker.run(ThreadPoolExecutor.java:642)
        at java.base@21.0.5/java.lang.Thread.runWith(Thread.java:1596)
        at java.base@21.0.5/java.lang.Thread.run(Thread.java:1583)
"IPC Server Responder" daemon prio=5 tid=890 runnable
java.lang.Thread.State: RUNNABLE
        at java.base@21.0.5/sun.nio.ch.EPoll.wait(Native Method)
        at java.base@21.0.5/sun.nio.ch.EPollSelectorImpl.doSelect(EPollSelectorImpl.java:121)
        at java.base@21.0.5/sun.nio.ch.SelectorImpl.lockAndDoSelect(SelectorImpl.java:130)
        at java.base@21.0.5/sun.nio.ch.SelectorImpl.select(SelectorImpl.java:142)
        at app//org.apache.hadoop.ipc.Server$Responder.doRunLoop(Server.java:1733)
        at app//org.apache.hadoop.ipc.Server$Responder.run(Server.java:1716)
"7c84fc52-fa7b-40d9-a19c-d4e4c83c5fa3-ChunkReader-3" daemon prio=5 tid=1565 in Object.wait()
java.lang.Thread.State: WAITING (on object monitor)
        at java.base@21.0.5/jdk.internal.misc.Unsafe.park(Native Method)
        at java.base@21.0.5/java.util.concurrent.locks.LockSupport.park(LockSupport.java:371)
        at java.base@21.0.5/java.util.concurrent.locks.AbstractQueuedSynchronizer$ConditionNode.block(AbstractQueuedSynchronizer.java:519)
        at java.base@21.0.5/java.util.concurrent.ForkJoinPool.unmanagedBlock(ForkJoinPool.java:3780)
        at java.base@21.0.5/java.util.concurrent.ForkJoinPool.managedBlock(ForkJoinPool.java:3725)
        at java.base@21.0.5/java.util.concurrent.locks.AbstractQueuedSynchronizer$ConditionObject.await(AbstractQueuedSynchronizer.java:1712)
        at java.base@21.0.5/java.util.concurrent.LinkedBlockingQueue.take(LinkedBlockingQueue.java:435)
        at java.base@21.0.5/java.util.concurrent.ThreadPoolExecutor.getTask(ThreadPoolExecutor.java:1070)
        at java.base@21.0.5/java.util.concurrent.ThreadPoolExecutor.runWorker(ThreadPoolExecutor.java:1130)
        at java.base@21.0.5/java.util.concurrent.ThreadPoolExecutor$Worker.run(ThreadPoolExecutor.java:642)
        at java.base@21.0.5/java.lang.Thread.runWith(Thread.java:1596)
        at java.base@21.0.5/java.lang.Thread.run(Thread.java:1583)
"IPC Server handler 46 on default port 15002" daemon prio=5 tid=385 timed_waiting
java.lang.Thread.State: TIMED_WAITING
        at java.base@21.0.5/jdk.internal.misc.Unsafe.park(Native Method)
        at java.base@21.0.5/java.util.concurrent.locks.LockSupport.parkNanos(LockSupport.java:269)
        at java.base@21.0.5/java.util.concurrent.locks.AbstractQueuedSynchronizer$ConditionObject.awaitNanos(AbstractQueuedSynchronizer.java:1763)
        at java.base@21.0.5/java.util.concurrent.LinkedBlockingQueue.poll(LinkedBlockingQueue.java:460)
        at app//org.apache.hadoop.ipc.CallQueueManager.take(CallQueueManager.java:370)
        at app//org.apache.hadoop.ipc.Server$Handler.run(Server.java:3165)
"d1093f6a-6992-456d-ac47-966fa1bbc12e-DatanodeStateMachineTaskThread-0"  prio=5 tid=1939 in Object.wait()
java.lang.Thread.State: WAITING (on object monitor)
        at java.base@21.0.5/jdk.internal.misc.Unsafe.park(Native Method)
        at java.base@21.0.5/java.util.concurrent.locks.LockSupport.park(LockSupport.java:371)
        at java.base@21.0.5/java.util.concurrent.locks.AbstractQueuedSynchronizer$ConditionNode.block(AbstractQueuedSynchronizer.java:519)
        at java.base@21.0.5/java.util.concurrent.ForkJoinPool.unmanagedBlock(ForkJoinPool.java:3780)
        at java.base@21.0.5/java.util.concurrent.ForkJoinPool.managedBlock(ForkJoinPool.java:3725)
        at java.base@21.0.5/java.util.concurrent.locks.AbstractQueuedSynchronizer$ConditionObject.await(AbstractQueuedSynchronizer.java:1712)
        at java.base@21.0.5/java.util.concurrent.LinkedBlockingQueue.take(LinkedBlockingQueue.java:435)
        at java.base@21.0.5/java.util.concurrent.ThreadPoolExecutor.getTask(ThreadPoolExecutor.java:1070)
        at java.base@21.0.5/java.util.concurrent.ThreadPoolExecutor.runWorker(ThreadPoolExecutor.java:1130)
        at java.base@21.0.5/java.util.concurrent.ThreadPoolExecutor$Worker.run(ThreadPoolExecutor.java:642)
        at java.base@21.0.5/java.lang.Thread.runWith(Thread.java:1596)
        at java.base@21.0.5/java.lang.Thread.run(Thread.java:1583)
"IPC Server handler 37 on default port 15001" daemon prio=5 tid=258 timed_waiting
java.lang.Thread.State: TIMED_WAITING
        at java.base@21.0.5/jdk.internal.misc.Unsafe.park(Native Method)
        at java.base@21.0.5/java.util.concurrent.locks.LockSupport.parkNanos(LockSupport.java:269)
        at java.base@21.0.5/java.util.concurrent.locks.AbstractQueuedSynchronizer$ConditionObject.awaitNanos(AbstractQueuedSynchronizer.java:1763)
        at java.base@21.0.5/java.util.concurrent.LinkedBlockingQueue.poll(LinkedBlockingQueue.java:460)
        at app//org.apache.hadoop.ipc.CallQueueManager.take(CallQueueManager.java:370)
        at app//org.apache.hadoop.ipc.Server$Handler.run(Server.java:3165)
"ContainerDataScanner(/home/runner/work/ozone/ozone/hadoop-ozone/integration-test/target/test-dir/MiniOzoneClusterImpl-7d8e89df-ef81-4ba3-8c0c-8d2bb8f5309d/ozone-meta/datanode-4/data-0/hdds)" daemon prio=5 tid=2192 timed_waiting
java.lang.Thread.State: TIMED_WAITING
        at java.base@21.0.5/java.lang.Thread.sleep0(Native Method)
        at java.base@21.0.5/java.lang.Thread.sleep(Thread.java:509)
        at app//org.apache.hadoop.ozone.container.ozoneimpl.AbstractBackgroundContainerScanner.handleRemainingSleep(AbstractBackgroundContainerScanner.java:131)
        at app//org.apache.hadoop.ozone.container.ozoneimpl.AbstractBackgroundContainerScanner.runIteration(AbstractBackgroundContainerScanner.java:98)
        at app//org.apache.hadoop.ozone.container.ozoneimpl.AbstractBackgroundContainerScanner.run(AbstractBackgroundContainerScanner.java:57)
"d1093f6a-6992-456d-ac47-966fa1bbc12e-CloseContainerThread-0"  prio=5 tid=1528 in Object.wait()
java.lang.Thread.State: WAITING (on object monitor)
        at java.base@21.0.5/jdk.internal.misc.Unsafe.park(Native Method)
        at java.base@21.0.5/java.util.concurrent.locks.LockSupport.park(LockSupport.java:371)
        at java.base@21.0.5/java.util.concurrent.locks.AbstractQueuedSynchronizer$ConditionNode.block(AbstractQueuedSynchronizer.java:519)
        at java.base@21.0.5/java.util.concurrent.ForkJoinPool.unmanagedBlock(ForkJoinPool.java:3780)
        at java.base@21.0.5/java.util.concurrent.ForkJoinPool.managedBlock(ForkJoinPool.java:3725)
        at java.base@21.0.5/java.util.concurrent.locks.AbstractQueuedSynchronizer$ConditionObject.await(AbstractQueuedSynchronizer.java:1712)
        at java.base@21.0.5/java.util.concurrent.LinkedBlockingQueue.take(LinkedBlockingQueue.java:435)
        at java.base@21.0.5/java.util.concurrent.ThreadPoolExecutor.getTask(ThreadPoolExecutor.java:1070)
        at java.base@21.0.5/java.util.concurrent.ThreadPoolExecutor.runWorker(ThreadPoolExecutor.java:1130)
        at java.base@21.0.5/java.util.concurrent.ThreadPoolExecutor$Worker.run(ThreadPoolExecutor.java:642)
        at java.base@21.0.5/java.lang.Thread.runWith(Thread.java:1596)
        at java.base@21.0.5/java.lang.Thread.run(Thread.java:1583)
"EventQueue-NodeRegistrationContainerReportForDataNodeSafeModeRule" daemon prio=5 tid=1110 in Object.wait()
java.lang.Thread.State: WAITING (on object monitor)
        at java.base@21.0.5/jdk.internal.misc.Unsafe.park(Native Method)
        at java.base@21.0.5/java.util.concurrent.locks.LockSupport.park(LockSupport.java:371)
        at java.base@21.0.5/java.util.concurrent.locks.AbstractQueuedSynchronizer$ConditionNode.block(AbstractQueuedSynchronizer.java:519)
        at java.base@21.0.5/java.util.concurrent.ForkJoinPool.unmanagedBlock(ForkJoinPool.java:3780)
        at java.base@21.0.5/java.util.concurrent.ForkJoinPool.managedBlock(ForkJoinPool.java:3725)
        at java.base@21.0.5/java.util.concurrent.locks.AbstractQueuedSynchronizer$ConditionObject.await(AbstractQueuedSynchronizer.java:1712)
        at java.base@21.0.5/java.util.concurrent.LinkedBlockingQueue.take(LinkedBlockingQueue.java:435)
        at java.base@21.0.5/java.util.concurrent.ThreadPoolExecutor.getTask(ThreadPoolExecutor.java:1070)
        at java.base@21.0.5/java.util.concurrent.ThreadPoolExecutor.runWorker(ThreadPoolExecutor.java:1130)
        at java.base@21.0.5/java.util.concurrent.ThreadPoolExecutor$Worker.run(ThreadPoolExecutor.java:642)
        at java.base@21.0.5/java.lang.Thread.runWith(Thread.java:1596)
        at java.base@21.0.5/java.lang.Thread.run(Thread.java:1583)
"qtp1365184588-713-acceptor-0@52cd5f10-ServerConnector@4599f10c{HTTP/1.1, (http/1.1)}{0.0.0.0:15047}" daemon prio=3 tid=713 runnable
java.lang.Thread.State: RUNNABLE
        at java.base@21.0.5/sun.nio.ch.Net.accept(Native Method)
        at java.base@21.0.5/sun.nio.ch.ServerSocketChannelImpl.implAccept(ServerSocketChannelImpl.java:433)
        at java.base@21.0.5/sun.nio.ch.ServerSocketChannelImpl.accept(ServerSocketChannelImpl.java:399)
        at app//org.eclipse.jetty.server.ServerConnector.accept(ServerConnector.java:388)
        at app//org.eclipse.jetty.server.AbstractConnector$Acceptor.run(AbstractConnector.java:704)
        at app//org.eclipse.jetty.util.thread.QueuedThreadPool.runJob(QueuedThreadPool.java:883)
        at app//org.eclipse.jetty.util.thread.QueuedThreadPool$Runner.run(QueuedThreadPool.java:1034)
        at java.base@21.0.5/java.lang.Thread.runWith(Thread.java:1596)
        at java.base@21.0.5/java.lang.Thread.run(Thread.java:1583)
"ac5cad44-c19c-4f65-867f-c0009d6f555c-server-thread2" daemon prio=5 tid=2034 timed_waiting
java.lang.Thread.State: TIMED_WAITING
        at java.base@21.0.5/jdk.internal.misc.Unsafe.park(Native Method)
        at java.base@21.0.5/java.util.concurrent.locks.LockSupport.parkNanos(LockSupport.java:410)
        at java.base@21.0.5/java.util.concurrent.LinkedTransferQueue$DualNode.await(LinkedTransferQueue.java:452)
        at java.base@21.0.5/java.util.concurrent.SynchronousQueue$Transferer.xferLifo(SynchronousQueue.java:194)
        at java.base@21.0.5/java.util.concurrent.SynchronousQueue.xfer(SynchronousQueue.java:235)
        at java.base@21.0.5/java.util.concurrent.SynchronousQueue.poll(SynchronousQueue.java:338)
        at java.base@21.0.5/java.util.concurrent.ThreadPoolExecutor.getTask(ThreadPoolExecutor.java:1069)
        at java.base@21.0.5/java.util.concurrent.ThreadPoolExecutor.runWorker(ThreadPoolExecutor.java:1130)
        at java.base@21.0.5/java.util.concurrent.ThreadPoolExecutor$Worker.run(ThreadPoolExecutor.java:642)
        at java.base@21.0.5/java.lang.Thread.runWith(Thread.java:1596)
        at java.base@21.0.5/java.lang.Thread.run(Thread.java:1583)
"Socket Reader #7 for port 15075"  prio=5 tid=885 runnable
java.lang.Thread.State: RUNNABLE
        at java.base@21.0.5/sun.nio.ch.EPoll.wait(Native Method)
        at java.base@21.0.5/sun.nio.ch.EPollSelectorImpl.doSelect(EPollSelectorImpl.java:121)
        at java.base@21.0.5/sun.nio.ch.SelectorImpl.lockAndDoSelect(SelectorImpl.java:130)
        at java.base@21.0.5/sun.nio.ch.SelectorImpl.select(SelectorImpl.java:147)
        at app//org.apache.hadoop.ipc.Server$Listener$Reader.doRunLoop(Server.java:1497)
        at app//org.apache.hadoop.ipc.Server$Listener$Reader.run(Server.java:1476)
"StaleRecoveringContainerScrubbingService#1" daemon prio=5 tid=1089 in Object.wait()
java.lang.Thread.State: WAITING (on object monitor)
        at java.base@21.0.5/jdk.internal.misc.Unsafe.park(Native Method)
        at java.base@21.0.5/java.util.concurrent.locks.LockSupport.park(LockSupport.java:371)
        at java.base@21.0.5/java.util.concurrent.locks.AbstractQueuedSynchronizer$ConditionNode.block(AbstractQueuedSynchronizer.java:519)
        at java.base@21.0.5/java.util.concurrent.ForkJoinPool.unmanagedBlock(ForkJoinPool.java:3780)
        at java.base@21.0.5/java.util.concurrent.ForkJoinPool.managedBlock(ForkJoinPool.java:3725)
        at java.base@21.0.5/java.util.concurrent.locks.AbstractQueuedSynchronizer$ConditionObject.await(AbstractQueuedSynchronizer.java:1712)
        at java.base@21.0.5/java.util.concurrent.ScheduledThreadPoolExecutor$DelayedWorkQueue.take(ScheduledThreadPoolExecutor.java:1177)
        at java.base@21.0.5/java.util.concurrent.ScheduledThreadPoolExecutor$DelayedWorkQueue.take(ScheduledThreadPoolExecutor.java:899)
        at java.base@21.0.5/java.util.concurrent.ThreadPoolExecutor.getTask(ThreadPoolExecutor.java:1070)
        at java.base@21.0.5/java.util.concurrent.ThreadPoolExecutor.runWorker(ThreadPoolExecutor.java:1130)
        at java.base@21.0.5/java.util.concurrent.ThreadPoolExecutor$Worker.run(ThreadPoolExecutor.java:642)
        at java.base@21.0.5/java.lang.Thread.runWith(Thread.java:1596)
        at java.base@21.0.5/java.lang.Thread.run(Thread.java:1583)
"IPC Server handler 47 on default port 15002" daemon prio=5 tid=386 timed_waiting
java.lang.Thread.State: TIMED_WAITING
        at java.base@21.0.5/jdk.internal.misc.Unsafe.park(Native Method)
        at java.base@21.0.5/java.util.concurrent.locks.LockSupport.parkNanos(LockSupport.java:269)
        at java.base@21.0.5/java.util.concurrent.locks.AbstractQueuedSynchronizer$ConditionObject.awaitNanos(AbstractQueuedSynchronizer.java:1763)
        at java.base@21.0.5/java.util.concurrent.LinkedBlockingQueue.poll(LinkedBlockingQueue.java:460)
        at app//org.apache.hadoop.ipc.CallQueueManager.take(CallQueueManager.java:370)
        at app//org.apache.hadoop.ipc.Server$Handler.run(Server.java:3165)
"org.apache.hadoop.ozone.container.common.statemachine.commandhandler.DeleteBlocksCommandHandler$DeleteCmdWorker@54db2ab9" daemon prio=5 tid=709 timed_waiting
java.lang.Thread.State: TIMED_WAITING
        at java.base@21.0.5/java.lang.Thread.sleep0(Native Method)
        at java.base@21.0.5/java.lang.Thread.sleep(Thread.java:509)
        at app//org.apache.hadoop.ozone.container.common.statemachine.commandhandler.DeleteBlocksCommandHandler$DeleteCmdWorker.run(DeleteBlocksCommandHandler.java:264)
        at java.base@21.0.5/java.lang.Thread.runWith(Thread.java:1596)
        at java.base@21.0.5/java.lang.Thread.run(Thread.java:1583)
"84b435bb-d41b-4758-bf48-ce9052c81d4a-BlockDeletingService#3" daemon prio=5 tid=2126 in Object.wait()
java.lang.Thread.State: WAITING (on object monitor)
        at java.base@21.0.5/jdk.internal.misc.Unsafe.park(Native Method)
        at java.base@21.0.5/java.util.concurrent.locks.LockSupport.park(LockSupport.java:371)
        at java.base@21.0.5/java.util.concurrent.locks.AbstractQueuedSynchronizer$ConditionNode.block(AbstractQueuedSynchronizer.java:519)
        at java.base@21.0.5/java.util.concurrent.ForkJoinPool.unmanagedBlock(ForkJoinPool.java:3780)
        at java.base@21.0.5/java.util.concurrent.ForkJoinPool.managedBlock(ForkJoinPool.java:3725)
        at java.base@21.0.5/java.util.concurrent.locks.AbstractQueuedSynchronizer$ConditionObject.await(AbstractQueuedSynchronizer.java:1712)
        at java.base@21.0.5/java.util.concurrent.ScheduledThreadPoolExecutor$DelayedWorkQueue.take(ScheduledThreadPoolExecutor.java:1177)
        at java.base@21.0.5/java.util.concurrent.ScheduledThreadPoolExecutor$DelayedWorkQueue.take(ScheduledThreadPoolExecutor.java:899)
        at java.base@21.0.5/java.util.concurrent.ThreadPoolExecutor.getTask(ThreadPoolExecutor.java:1070)
        at java.base@21.0.5/java.util.concurrent.ThreadPoolExecutor.runWorker(ThreadPoolExecutor.java:1130)
        at java.base@21.0.5/java.util.concurrent.ThreadPoolExecutor$Worker.run(ThreadPoolExecutor.java:642)
        at java.base@21.0.5/java.lang.Thread.runWith(Thread.java:1596)
        at java.base@21.0.5/java.lang.Thread.run(Thread.java:1583)
"9c1aee78-f037-4e17-b985-0daab5eaf154-groupManagement"  prio=5 tid=1286 in Object.wait()
java.lang.Thread.State: WAITING (on object monitor)
        at java.base@21.0.5/jdk.internal.misc.Unsafe.park(Native Method)
        at java.base@21.0.5/java.util.concurrent.locks.LockSupport.park(LockSupport.java:371)
        at java.base@21.0.5/java.util.concurrent.locks.AbstractQueuedSynchronizer$ConditionNode.block(AbstractQueuedSynchronizer.java:519)
        at java.base@21.0.5/java.util.concurrent.ForkJoinPool.unmanagedBlock(ForkJoinPool.java:3780)
        at java.base@21.0.5/java.util.concurrent.ForkJoinPool.managedBlock(ForkJoinPool.java:3725)
        at java.base@21.0.5/java.util.concurrent.locks.AbstractQueuedSynchronizer$ConditionObject.await(AbstractQueuedSynchronizer.java:1712)
        at java.base@21.0.5/java.util.concurrent.LinkedBlockingQueue.take(LinkedBlockingQueue.java:435)
        at java.base@21.0.5/java.util.concurrent.ThreadPoolExecutor.getTask(ThreadPoolExecutor.java:1070)
        at java.base@21.0.5/java.util.concurrent.ThreadPoolExecutor.runWorker(ThreadPoolExecutor.java:1130)
        at java.base@21.0.5/java.util.concurrent.ThreadPoolExecutor$Worker.run(ThreadPoolExecutor.java:642)
        at java.base@21.0.5/java.lang.Thread.runWith(Thread.java:1596)
        at java.base@21.0.5/java.lang.Thread.run(Thread.java:1583)
"IPC Server handler 88 on default port 15002" daemon prio=5 tid=427 timed_waiting
java.lang.Thread.State: TIMED_WAITING
        at java.base@21.0.5/jdk.internal.misc.Unsafe.park(Native Method)
        at java.base@21.0.5/java.util.concurrent.locks.LockSupport.parkNanos(LockSupport.java:269)
        at java.base@21.0.5/java.util.concurrent.locks.AbstractQueuedSynchronizer$ConditionObject.awaitNanos(AbstractQueuedSynchronizer.java:1763)
        at java.base@21.0.5/java.util.concurrent.LinkedBlockingQueue.poll(LinkedBlockingQueue.java:460)
        at app//org.apache.hadoop.ipc.CallQueueManager.take(CallQueueManager.java:370)
        at app//org.apache.hadoop.ipc.Server$Handler.run(Server.java:3165)
"IPC Server handler 7 on default port 15012" daemon prio=5 tid=555 timed_waiting
java.lang.Thread.State: TIMED_WAITING
        at java.base@21.0.5/jdk.internal.misc.Unsafe.park(Native Method)
        at java.base@21.0.5/java.util.concurrent.locks.LockSupport.parkNanos(LockSupport.java:269)
        at java.base@21.0.5/java.util.concurrent.locks.AbstractQueuedSynchronizer$ConditionObject.awaitNanos(AbstractQueuedSynchronizer.java:1763)
        at java.base@21.0.5/java.util.concurrent.LinkedBlockingQueue.poll(LinkedBlockingQueue.java:460)
        at app//org.apache.hadoop.ipc.CallQueueManager.take(CallQueueManager.java:370)
        at app//org.apache.hadoop.ipc.Server$Handler.run(Server.java:3165)
"org.apache.hadoop.ozone.container.common.statemachine.commandhandler.DeleteBlocksCommandHandler$DeleteCmdWorker@6312c241" daemon prio=5 tid=755 timed_waiting
java.lang.Thread.State: TIMED_WAITING
        at java.base@21.0.5/java.lang.Thread.sleep0(Native Method)
        at java.base@21.0.5/java.lang.Thread.sleep(Thread.java:509)
        at app//org.apache.hadoop.ozone.container.common.statemachine.commandhandler.DeleteBlocksCommandHandler$DeleteCmdWorker.run(DeleteBlocksCommandHandler.java:264)
        at java.base@21.0.5/java.lang.Thread.runWith(Thread.java:1596)
        at java.base@21.0.5/java.lang.Thread.run(Thread.java:1583)
"IPC Server listener on 15001" daemon prio=5 tid=75 runnable
java.lang.Thread.State: RUNNABLE
        at java.base@21.0.5/sun.nio.ch.EPoll.wait(Native Method)
        at java.base@21.0.5/sun.nio.ch.EPollSelectorImpl.doSelect(EPollSelectorImpl.java:121)
        at java.base@21.0.5/sun.nio.ch.SelectorImpl.lockAndDoSelect(SelectorImpl.java:130)
        at java.base@21.0.5/sun.nio.ch.SelectorImpl.select(SelectorImpl.java:147)
        at app//org.apache.hadoop.ipc.Server$Listener.run(Server.java:1559)
"69390d8a-021c-44b7-9fe5-c9855a0c5aa1-DatanodeReportManager-2" daemon prio=5 tid=905 in Object.wait()
java.lang.Thread.State: WAITING (on object monitor)
        at java.base@21.0.5/jdk.internal.misc.Unsafe.park(Native Method)
        at java.base@21.0.5/java.util.concurrent.locks.LockSupport.park(LockSupport.java:371)
        at java.base@21.0.5/java.util.concurrent.locks.AbstractQueuedSynchronizer$ConditionNode.block(AbstractQueuedSynchronizer.java:519)
        at java.base@21.0.5/java.util.concurrent.ForkJoinPool.unmanagedBlock(ForkJoinPool.java:3780)
        at java.base@21.0.5/java.util.concurrent.ForkJoinPool.managedBlock(ForkJoinPool.java:3725)
        at java.base@21.0.5/java.util.concurrent.locks.AbstractQueuedSynchronizer$ConditionObject.await(AbstractQueuedSynchronizer.java:1712)
        at java.base@21.0.5/java.util.concurrent.ScheduledThreadPoolExecutor$DelayedWorkQueue.take(ScheduledThreadPoolExecutor.java:1177)
        at java.base@21.0.5/java.util.concurrent.ScheduledThreadPoolExecutor$DelayedWorkQueue.take(ScheduledThreadPoolExecutor.java:899)
        at java.base@21.0.5/java.util.concurrent.ThreadPoolExecutor.getTask(ThreadPoolExecutor.java:1070)
        at java.base@21.0.5/java.util.concurrent.ThreadPoolExecutor.runWorker(ThreadPoolExecutor.java:1130)
        at java.base@21.0.5/java.util.concurrent.ThreadPoolExecutor$Worker.run(ThreadPoolExecutor.java:642)
        at java.base@21.0.5/java.lang.Thread.runWith(Thread.java:1596)
        at java.base@21.0.5/java.lang.Thread.run(Thread.java:1583)
"IPC Server handler 1 on default port 15066" daemon prio=5 tid=827 timed_waiting
java.lang.Thread.State: TIMED_WAITING
        at java.base@21.0.5/jdk.internal.misc.Unsafe.park(Native Method)
        at java.base@21.0.5/java.util.concurrent.locks.LockSupport.parkNanos(LockSupport.java:269)
        at java.base@21.0.5/java.util.concurrent.locks.AbstractQueuedSynchronizer$ConditionObject.awaitNanos(AbstractQueuedSynchronizer.java:1763)
        at java.base@21.0.5/java.util.concurrent.LinkedBlockingQueue.poll(LinkedBlockingQueue.java:460)
        at app//org.apache.hadoop.ipc.CallQueueManager.take(CallQueueManager.java:370)
        at app//org.apache.hadoop.ipc.Server$Handler.run(Server.java:3165)
"a14cd1ab-7861-42f9-8639-15260a7193f0-ChunkWriter-0-0" daemon prio=5 tid=2193 in Object.wait()
java.lang.Thread.State: WAITING (on object monitor)
        at java.base@21.0.5/jdk.internal.misc.Unsafe.park(Native Method)
        at java.base@21.0.5/java.util.concurrent.locks.LockSupport.park(LockSupport.java:371)
        at java.base@21.0.5/java.util.concurrent.locks.AbstractQueuedSynchronizer$ConditionNode.block(AbstractQueuedSynchronizer.java:519)
        at java.base@21.0.5/java.util.concurrent.ForkJoinPool.unmanagedBlock(ForkJoinPool.java:3780)
        at java.base@21.0.5/java.util.concurrent.ForkJoinPool.managedBlock(ForkJoinPool.java:3725)
        at java.base@21.0.5/java.util.concurrent.locks.AbstractQueuedSynchronizer$ConditionObject.await(AbstractQueuedSynchronizer.java:1712)
        at java.base@21.0.5/java.util.concurrent.LinkedBlockingDeque.takeFirst(LinkedBlockingDeque.java:485)
        at java.base@21.0.5/java.util.concurrent.LinkedBlockingDeque.take(LinkedBlockingDeque.java:673)
        at java.base@21.0.5/java.util.concurrent.ThreadPoolExecutor.getTask(ThreadPoolExecutor.java:1070)
        at java.base@21.0.5/java.util.concurrent.ThreadPoolExecutor.runWorker(ThreadPoolExecutor.java:1130)
        at java.base@21.0.5/java.util.concurrent.ThreadPoolExecutor$Worker.run(ThreadPoolExecutor.java:642)
        at java.base@21.0.5/java.lang.Thread.runWith(Thread.java:1596)
        at java.base@21.0.5/java.lang.Thread.run(Thread.java:1583)
"ac5cad44-c19c-4f65-867f-c0009d6f555c-ChunkWriter-2-0" daemon prio=5 tid=870 in Object.wait()
java.lang.Thread.State: WAITING (on object monitor)
        at java.base@21.0.5/jdk.internal.misc.Unsafe.park(Native Method)
        at java.base@21.0.5/java.util.concurrent.locks.LockSupport.park(LockSupport.java:371)
        at java.base@21.0.5/java.util.concurrent.locks.AbstractQueuedSynchronizer$ConditionNode.block(AbstractQueuedSynchronizer.java:519)
        at java.base@21.0.5/java.util.concurrent.ForkJoinPool.unmanagedBlock(ForkJoinPool.java:3780)
        at java.base@21.0.5/java.util.concurrent.ForkJoinPool.managedBlock(ForkJoinPool.java:3725)
        at java.base@21.0.5/java.util.concurrent.locks.AbstractQueuedSynchronizer$ConditionObject.await(AbstractQueuedSynchronizer.java:1712)
        at java.base@21.0.5/java.util.concurrent.LinkedBlockingDeque.takeFirst(LinkedBlockingDeque.java:485)
        at java.base@21.0.5/java.util.concurrent.LinkedBlockingDeque.take(LinkedBlockingDeque.java:673)
        at java.base@21.0.5/java.util.concurrent.ThreadPoolExecutor.getTask(ThreadPoolExecutor.java:1070)
        at java.base@21.0.5/java.util.concurrent.ThreadPoolExecutor.runWorker(ThreadPoolExecutor.java:1130)
        at java.base@21.0.5/java.util.concurrent.ThreadPoolExecutor$Worker.run(ThreadPoolExecutor.java:642)
        at java.base@21.0.5/java.lang.Thread.runWith(Thread.java:1596)
        at java.base@21.0.5/java.lang.Thread.run(Thread.java:1583)
"Socket Reader #10 for port 15075"  prio=5 tid=888 runnable
java.lang.Thread.State: RUNNABLE
        at java.base@21.0.5/sun.nio.ch.EPoll.wait(Native Method)
        at java.base@21.0.5/sun.nio.ch.EPollSelectorImpl.doSelect(EPollSelectorImpl.java:121)
        at java.base@21.0.5/sun.nio.ch.SelectorImpl.lockAndDoSelect(SelectorImpl.java:130)
        at java.base@21.0.5/sun.nio.ch.SelectorImpl.select(SelectorImpl.java:147)
        at app//org.apache.hadoop.ipc.Server$Listener$Reader.doRunLoop(Server.java:1497)
        at app//org.apache.hadoop.ipc.Server$Listener$Reader.run(Server.java:1476)
"IPC Server handler 82 on default port 15000" daemon prio=5 tid=203 timed_waiting
java.lang.Thread.State: TIMED_WAITING
        at java.base@21.0.5/jdk.internal.misc.Unsafe.park(Native Method)
        at java.base@21.0.5/java.util.concurrent.locks.LockSupport.parkNanos(LockSupport.java:269)
        at java.base@21.0.5/java.util.concurrent.locks.AbstractQueuedSynchronizer$ConditionObject.awaitNanos(AbstractQueuedSynchronizer.java:1763)
        at java.base@21.0.5/java.util.concurrent.LinkedBlockingQueue.poll(LinkedBlockingQueue.java:460)
        at app//org.apache.hadoop.ipc.CallQueueManager.take(CallQueueManager.java:370)
        at app//org.apache.hadoop.ipc.Server$Handler.run(Server.java:3165)
"Socket Reader #7 for port 15030"  prio=5 tid=1916 runnable
java.lang.Thread.State: RUNNABLE
        at java.base@21.0.5/sun.nio.ch.EPoll.wait(Native Method)
        at java.base@21.0.5/sun.nio.ch.EPollSelectorImpl.doSelect(EPollSelectorImpl.java:121)
        at java.base@21.0.5/sun.nio.ch.SelectorImpl.lockAndDoSelect(SelectorImpl.java:130)
        at java.base@21.0.5/sun.nio.ch.SelectorImpl.select(SelectorImpl.java:147)
        at app//org.apache.hadoop.ipc.Server$Listener$Reader.doRunLoop(Server.java:1497)
        at app//org.apache.hadoop.ipc.Server$Listener$Reader.run(Server.java:1476)
"IPC Server handler 6 on default port 15021" daemon prio=5 tid=600 timed_waiting
java.lang.Thread.State: TIMED_WAITING
        at java.base@21.0.5/jdk.internal.misc.Unsafe.park(Native Method)
        at java.base@21.0.5/java.util.concurrent.locks.LockSupport.parkNanos(LockSupport.java:269)
        at java.base@21.0.5/java.util.concurrent.locks.AbstractQueuedSynchronizer$ConditionObject.awaitNanos(AbstractQueuedSynchronizer.java:1763)
        at java.base@21.0.5/java.util.concurrent.LinkedBlockingQueue.poll(LinkedBlockingQueue.java:460)
        at app//org.apache.hadoop.ipc.CallQueueManager.take(CallQueueManager.java:370)
        at app//org.apache.hadoop.ipc.Server$Handler.run(Server.java:3165)
"IPC Server handler 12 on default port 15000" daemon prio=5 tid=133 timed_waiting
java.lang.Thread.State: TIMED_WAITING
        at java.base@21.0.5/jdk.internal.misc.Unsafe.park(Native Method)
        at java.base@21.0.5/java.util.concurrent.locks.LockSupport.parkNanos(LockSupport.java:269)
        at java.base@21.0.5/java.util.concurrent.locks.AbstractQueuedSynchronizer$ConditionObject.awaitNanos(AbstractQueuedSynchronizer.java:1763)
        at java.base@21.0.5/java.util.concurrent.LinkedBlockingQueue.poll(LinkedBlockingQueue.java:460)
        at app//org.apache.hadoop.ipc.CallQueueManager.take(CallQueueManager.java:370)
        at app//org.apache.hadoop.ipc.Server$Handler.run(Server.java:3165)
"pool-67-thread-1" daemon prio=5 tid=865 timed_waiting
java.lang.Thread.State: TIMED_WAITING
        at java.base@21.0.5/jdk.internal.misc.Unsafe.park(Native Method)
        at java.base@21.0.5/java.util.concurrent.locks.LockSupport.parkNanos(LockSupport.java:269)
        at java.base@21.0.5/java.util.concurrent.locks.AbstractQueuedSynchronizer$ConditionObject.awaitNanos(AbstractQueuedSynchronizer.java:1763)
        at java.base@21.0.5/java.util.concurrent.ScheduledThreadPoolExecutor$DelayedWorkQueue.take(ScheduledThreadPoolExecutor.java:1182)
        at java.base@21.0.5/java.util.concurrent.ScheduledThreadPoolExecutor$DelayedWorkQueue.take(ScheduledThreadPoolExecutor.java:899)
        at java.base@21.0.5/java.util.concurrent.ThreadPoolExecutor.getTask(ThreadPoolExecutor.java:1070)
        at java.base@21.0.5/java.util.concurrent.ThreadPoolExecutor.runWorker(ThreadPoolExecutor.java:1130)
        at java.base@21.0.5/java.util.concurrent.ThreadPoolExecutor$Worker.run(ThreadPoolExecutor.java:642)
        at java.base@21.0.5/java.lang.Thread.runWith(Thread.java:1596)
        at java.base@21.0.5/java.lang.Thread.run(Thread.java:1583)
"fc60e07f-496f-42fe-ae82-620152583f87-client-thread3" daemon prio=5 tid=2092 timed_waiting
java.lang.Thread.State: TIMED_WAITING
        at java.base@21.0.5/jdk.internal.misc.Unsafe.park(Native Method)
        at java.base@21.0.5/java.util.concurrent.locks.LockSupport.parkNanos(LockSupport.java:410)
        at java.base@21.0.5/java.util.concurrent.LinkedTransferQueue$DualNode.await(LinkedTransferQueue.java:452)
        at java.base@21.0.5/java.util.concurrent.SynchronousQueue$Transferer.xferLifo(SynchronousQueue.java:194)
        at java.base@21.0.5/java.util.concurrent.SynchronousQueue.xfer(SynchronousQueue.java:235)
        at java.base@21.0.5/java.util.concurrent.SynchronousQueue.poll(SynchronousQueue.java:338)
        at java.base@21.0.5/java.util.concurrent.ThreadPoolExecutor.getTask(ThreadPoolExecutor.java:1069)
        at java.base@21.0.5/java.util.concurrent.ThreadPoolExecutor.runWorker(ThreadPoolExecutor.java:1130)
        at java.base@21.0.5/java.util.concurrent.ThreadPoolExecutor$Worker.run(ThreadPoolExecutor.java:642)
        at java.base@21.0.5/java.lang.Thread.runWith(Thread.java:1596)
        at java.base@21.0.5/java.lang.Thread.run(Thread.java:1583)
"IPC Server handler 19 on default port 15002" daemon prio=5 tid=358 timed_waiting
java.lang.Thread.State: TIMED_WAITING
        at java.base@21.0.5/jdk.internal.misc.Unsafe.park(Native Method)
        at java.base@21.0.5/java.util.concurrent.locks.LockSupport.parkNanos(LockSupport.java:269)
        at java.base@21.0.5/java.util.concurrent.locks.AbstractQueuedSynchronizer$ConditionObject.awaitNanos(AbstractQueuedSynchronizer.java:1763)
        at java.base@21.0.5/java.util.concurrent.LinkedBlockingQueue.poll(LinkedBlockingQueue.java:460)
        at app//org.apache.hadoop.ipc.CallQueueManager.take(CallQueueManager.java:370)
        at app//org.apache.hadoop.ipc.Server$Handler.run(Server.java:3165)
"StaleRecoveringContainerScrubbingService#2" daemon prio=5 tid=1851 in Object.wait()
java.lang.Thread.State: WAITING (on object monitor)
        at java.base@21.0.5/jdk.internal.misc.Unsafe.park(Native Method)
        at java.base@21.0.5/java.util.concurrent.locks.LockSupport.park(LockSupport.java:371)
        at java.base@21.0.5/java.util.concurrent.locks.AbstractQueuedSynchronizer$ConditionNode.block(AbstractQueuedSynchronizer.java:519)
        at java.base@21.0.5/java.util.concurrent.ForkJoinPool.unmanagedBlock(ForkJoinPool.java:3780)
        at java.base@21.0.5/java.util.concurrent.ForkJoinPool.managedBlock(ForkJoinPool.java:3725)
        at java.base@21.0.5/java.util.concurrent.locks.AbstractQueuedSynchronizer$ConditionObject.await(AbstractQueuedSynchronizer.java:1712)
        at java.base@21.0.5/java.util.concurrent.ScheduledThreadPoolExecutor$DelayedWorkQueue.take(ScheduledThreadPoolExecutor.java:1177)
        at java.base@21.0.5/java.util.concurrent.ScheduledThreadPoolExecutor$DelayedWorkQueue.take(ScheduledThreadPoolExecutor.java:899)
        at java.base@21.0.5/java.util.concurrent.ThreadPoolExecutor.getTask(ThreadPoolExecutor.java:1070)
        at java.base@21.0.5/java.util.concurrent.ThreadPoolExecutor.runWorker(ThreadPoolExecutor.java:1130)
        at java.base@21.0.5/java.util.concurrent.ThreadPoolExecutor$Worker.run(ThreadPoolExecutor.java:642)
        at java.base@21.0.5/java.lang.Thread.runWith(Thread.java:1596)
        at java.base@21.0.5/java.lang.Thread.run(Thread.java:1583)
"IPC Server handler 87 on default port 15002" daemon prio=5 tid=426 timed_waiting
java.lang.Thread.State: TIMED_WAITING
        at java.base@21.0.5/jdk.internal.misc.Unsafe.park(Native Method)
        at java.base@21.0.5/java.util.concurrent.locks.LockSupport.parkNanos(LockSupport.java:269)
        at java.base@21.0.5/java.util.concurrent.locks.AbstractQueuedSynchronizer$ConditionObject.awaitNanos(AbstractQueuedSynchronizer.java:1763)
        at java.base@21.0.5/java.util.concurrent.LinkedBlockingQueue.poll(LinkedBlockingQueue.java:460)
        at app//org.apache.hadoop.ipc.CallQueueManager.take(CallQueueManager.java:370)
        at app//org.apache.hadoop.ipc.Server$Handler.run(Server.java:3165)
"69390d8a-021c-44b7-9fe5-c9855a0c5aa1@group-A12619F85C89-LeaderStateImpl" daemon prio=5 tid=1506 timed_waiting
java.lang.Thread.State: TIMED_WAITING
        at java.base@21.0.5/jdk.internal.misc.Unsafe.park(Native Method)
        at java.base@21.0.5/java.util.concurrent.locks.LockSupport.parkNanos(LockSupport.java:269)
        at java.base@21.0.5/java.util.concurrent.locks.AbstractQueuedSynchronizer$ConditionObject.awaitNanos(AbstractQueuedSynchronizer.java:1763)
        at java.base@21.0.5/java.util.concurrent.ArrayBlockingQueue.poll(ArrayBlockingQueue.java:435)
        at app//org.apache.ratis.server.impl.LeaderStateImpl$EventQueue.poll(LeaderStateImpl.java:164)
        at app//org.apache.ratis.server.impl.LeaderStateImpl$EventProcessor.run(LeaderStateImpl.java:763)
"ac5cad44-c19c-4f65-867f-c0009d6f555c-DatanodeReportManager-0" daemon prio=5 tid=559 in Object.wait()
java.lang.Thread.State: WAITING (on object monitor)
        at java.base@21.0.5/jdk.internal.misc.Unsafe.park(Native Method)
        at java.base@21.0.5/java.util.concurrent.locks.LockSupport.park(LockSupport.java:371)
        at java.base@21.0.5/java.util.concurrent.locks.AbstractQueuedSynchronizer$ConditionNode.block(AbstractQueuedSynchronizer.java:519)
        at java.base@21.0.5/java.util.concurrent.ForkJoinPool.unmanagedBlock(ForkJoinPool.java:3780)
        at java.base@21.0.5/java.util.concurrent.ForkJoinPool.managedBlock(ForkJoinPool.java:3725)
        at java.base@21.0.5/java.util.concurrent.locks.AbstractQueuedSynchronizer$ConditionObject.await(AbstractQueuedSynchronizer.java:1712)
        at java.base@21.0.5/java.util.concurrent.ScheduledThreadPoolExecutor$DelayedWorkQueue.take(ScheduledThreadPoolExecutor.java:1177)
        at java.base@21.0.5/java.util.concurrent.ScheduledThreadPoolExecutor$DelayedWorkQueue.take(ScheduledThreadPoolExecutor.java:899)
        at java.base@21.0.5/java.util.concurrent.ThreadPoolExecutor.getTask(ThreadPoolExecutor.java:1070)
        at java.base@21.0.5/java.util.concurrent.ThreadPoolExecutor.runWorker(ThreadPoolExecutor.java:1130)
        at java.base@21.0.5/java.util.concurrent.ThreadPoolExecutor$Worker.run(ThreadPoolExecutor.java:642)
        at java.base@21.0.5/java.lang.Thread.runWith(Thread.java:1596)
        at java.base@21.0.5/java.lang.Thread.run(Thread.java:1583)
"Socket Reader #2 for port 15075"  prio=5 tid=880 runnable
java.lang.Thread.State: RUNNABLE
        at java.base@21.0.5/sun.nio.ch.EPoll.wait(Native Method)
        at java.base@21.0.5/sun.nio.ch.EPollSelectorImpl.doSelect(EPollSelectorImpl.java:121)
        at java.base@21.0.5/sun.nio.ch.SelectorImpl.lockAndDoSelect(SelectorImpl.java:130)
        at java.base@21.0.5/sun.nio.ch.SelectorImpl.select(SelectorImpl.java:147)
        at app//org.apache.hadoop.ipc.Server$Listener$Reader.doRunLoop(Server.java:1497)
        at app//org.apache.hadoop.ipc.Server$Listener$Reader.run(Server.java:1476)
"IPC Server handler 25 on default port 15001" daemon prio=5 tid=246 timed_waiting
java.lang.Thread.State: TIMED_WAITING
        at java.base@21.0.5/jdk.internal.misc.Unsafe.park(Native Method)
        at java.base@21.0.5/java.util.concurrent.locks.LockSupport.parkNanos(LockSupport.java:269)
        at java.base@21.0.5/java.util.concurrent.locks.AbstractQueuedSynchronizer$ConditionObject.awaitNanos(AbstractQueuedSynchronizer.java:1763)
        at java.base@21.0.5/java.util.concurrent.LinkedBlockingQueue.poll(LinkedBlockingQueue.java:460)
        at app//org.apache.hadoop.ipc.CallQueueManager.take(CallQueueManager.java:370)
        at app//org.apache.hadoop.ipc.Server$Handler.run(Server.java:3165)
"IPC Server handler 57 on default port 15000" daemon prio=5 tid=178 timed_waiting
java.lang.Thread.State: TIMED_WAITING
        at java.base@21.0.5/jdk.internal.misc.Unsafe.park(Native Method)
        at java.base@21.0.5/java.util.concurrent.locks.LockSupport.parkNanos(LockSupport.java:269)
        at java.base@21.0.5/java.util.concurrent.locks.AbstractQueuedSynchronizer$ConditionObject.awaitNanos(AbstractQueuedSynchronizer.java:1763)
        at java.base@21.0.5/java.util.concurrent.LinkedBlockingQueue.poll(LinkedBlockingQueue.java:460)
        at app//org.apache.hadoop.ipc.CallQueueManager.take(CallQueueManager.java:370)
        at app//org.apache.hadoop.ipc.Server$Handler.run(Server.java:3165)
"qtp1811005420-986" daemon prio=5 tid=986 timed_waiting
java.lang.Thread.State: TIMED_WAITING
        at java.base@21.0.5/jdk.internal.misc.Unsafe.park(Native Method)
        at java.base@21.0.5/java.util.concurrent.locks.LockSupport.parkNanos(LockSupport.java:269)
        at java.base@21.0.5/java.util.concurrent.locks.AbstractQueuedSynchronizer$ConditionObject.awaitNanos(AbstractQueuedSynchronizer.java:1763)
        at app//org.eclipse.jetty.util.BlockingArrayQueue.poll(BlockingArrayQueue.java:382)
        at app//org.eclipse.jetty.util.thread.QueuedThreadPool$Runner.idleJobPoll(QueuedThreadPool.java:974)
        at app//org.eclipse.jetty.util.thread.QueuedThreadPool$Runner.run(QueuedThreadPool.java:1018)
        at java.base@21.0.5/java.lang.Thread.runWith(Thread.java:1596)
        at java.base@21.0.5/java.lang.Thread.run(Thread.java:1583)
"17963aff-71fe-4a8f-bd2e-c405ff93174f-BlockDeletingService#1" daemon prio=5 tid=1151 in Object.wait()
java.lang.Thread.State: WAITING (on object monitor)
        at java.base@21.0.5/jdk.internal.misc.Unsafe.park(Native Method)
        at java.base@21.0.5/java.util.concurrent.locks.LockSupport.park(LockSupport.java:371)
        at java.base@21.0.5/java.util.concurrent.locks.AbstractQueuedSynchronizer$ConditionNode.block(AbstractQueuedSynchronizer.java:519)
        at java.base@21.0.5/java.util.concurrent.ForkJoinPool.unmanagedBlock(ForkJoinPool.java:3780)
        at java.base@21.0.5/java.util.concurrent.ForkJoinPool.managedBlock(ForkJoinPool.java:3725)
        at java.base@21.0.5/java.util.concurrent.locks.AbstractQueuedSynchronizer$ConditionObject.await(AbstractQueuedSynchronizer.java:1712)
        at java.base@21.0.5/java.util.concurrent.ScheduledThreadPoolExecutor$DelayedWorkQueue.take(ScheduledThreadPoolExecutor.java:1177)
        at java.base@21.0.5/java.util.concurrent.ScheduledThreadPoolExecutor$DelayedWorkQueue.take(ScheduledThreadPoolExecutor.java:899)
        at java.base@21.0.5/java.util.concurrent.ThreadPoolExecutor.getTask(ThreadPoolExecutor.java:1070)
        at java.base@21.0.5/java.util.concurrent.ThreadPoolExecutor.runWorker(ThreadPoolExecutor.java:1130)
        at java.base@21.0.5/java.util.concurrent.ThreadPoolExecutor$Worker.run(ThreadPoolExecutor.java:642)
        at java.base@21.0.5/java.lang.Thread.runWith(Thread.java:1596)
        at java.base@21.0.5/java.lang.Thread.run(Thread.java:1583)
"69390d8a-021c-44b7-9fe5-c9855a0c5aa1-PipelineCommandHandlerThread-0"  prio=5 tid=1329 in Object.wait()
java.lang.Thread.State: WAITING (on object monitor)
        at java.base@21.0.5/jdk.internal.misc.Unsafe.park(Native Method)
        at java.base@21.0.5/java.util.concurrent.locks.LockSupport.park(LockSupport.java:371)
        at java.base@21.0.5/java.util.concurrent.locks.AbstractQueuedSynchronizer$ConditionNode.block(AbstractQueuedSynchronizer.java:519)
        at java.base@21.0.5/java.util.concurrent.ForkJoinPool.unmanagedBlock(ForkJoinPool.java:3780)
        at java.base@21.0.5/java.util.concurrent.ForkJoinPool.managedBlock(ForkJoinPool.java:3725)
        at java.base@21.0.5/java.util.concurrent.locks.AbstractQueuedSynchronizer$ConditionObject.await(AbstractQueuedSynchronizer.java:1712)
        at java.base@21.0.5/java.util.concurrent.LinkedBlockingQueue.take(LinkedBlockingQueue.java:435)
        at java.base@21.0.5/java.util.concurrent.ThreadPoolExecutor.getTask(ThreadPoolExecutor.java:1070)
        at java.base@21.0.5/java.util.concurrent.ThreadPoolExecutor.runWorker(ThreadPoolExecutor.java:1130)
        at java.base@21.0.5/java.util.concurrent.ThreadPoolExecutor$Worker.run(ThreadPoolExecutor.java:642)
        at java.base@21.0.5/java.lang.Thread.runWith(Thread.java:1596)
        at java.base@21.0.5/java.lang.Thread.run(Thread.java:1583)
"a14cd1ab-7861-42f9-8639-15260a7193f0-ChunkWriter-3-0" daemon prio=5 tid=2196 in Object.wait()
java.lang.Thread.State: WAITING (on object monitor)
        at java.base@21.0.5/jdk.internal.misc.Unsafe.park(Native Method)
        at java.base@21.0.5/java.util.concurrent.locks.LockSupport.park(LockSupport.java:371)
        at java.base@21.0.5/java.util.concurrent.locks.AbstractQueuedSynchronizer$ConditionNode.block(AbstractQueuedSynchronizer.java:519)
        at java.base@21.0.5/java.util.concurrent.ForkJoinPool.unmanagedBlock(ForkJoinPool.java:3780)
        at java.base@21.0.5/java.util.concurrent.ForkJoinPool.managedBlock(ForkJoinPool.java:3725)
        at java.base@21.0.5/java.util.concurrent.locks.AbstractQueuedSynchronizer$ConditionObject.await(AbstractQueuedSynchronizer.java:1712)
        at java.base@21.0.5/java.util.concurrent.LinkedBlockingDeque.takeFirst(LinkedBlockingDeque.java:485)
        at java.base@21.0.5/java.util.concurrent.LinkedBlockingDeque.take(LinkedBlockingDeque.java:673)
        at java.base@21.0.5/java.util.concurrent.ThreadPoolExecutor.getTask(ThreadPoolExecutor.java:1070)
        at java.base@21.0.5/java.util.concurrent.ThreadPoolExecutor.runWorker(ThreadPoolExecutor.java:1130)
        at java.base@21.0.5/java.util.concurrent.ThreadPoolExecutor$Worker.run(ThreadPoolExecutor.java:642)
        at java.base@21.0.5/java.lang.Thread.runWith(Thread.java:1596)
        at java.base@21.0.5/java.lang.Thread.run(Thread.java:1583)
"84b435bb-d41b-4758-bf48-ce9052c81d4a@group-B7A299DC54EF-StateMachineUpdater" daemon prio=5 tid=1284 timed_waiting
java.lang.Thread.State: TIMED_WAITING
        at java.base@21.0.5/jdk.internal.misc.Unsafe.park(Native Method)
        at java.base@21.0.5/java.util.concurrent.locks.LockSupport.parkNanos(LockSupport.java:269)
        at java.base@21.0.5/java.util.concurrent.locks.AbstractQueuedSynchronizer$ConditionObject.await(AbstractQueuedSynchronizer.java:1852)
        at app//org.apache.ratis.util.AwaitForSignal.await(AwaitForSignal.java:65)
        at app//org.apache.ratis.server.impl.StateMachineUpdater.waitForCommit(StateMachineUpdater.java:219)
        at app//org.apache.ratis.server.impl.StateMachineUpdater.run(StateMachineUpdater.java:187)
        at java.base@21.0.5/java.lang.Thread.runWith(Thread.java:1596)
        at java.base@21.0.5/java.lang.Thread.run(Thread.java:1583)
"IPC Server handler 83 on default port 15000" daemon prio=5 tid=204 timed_waiting
java.lang.Thread.State: TIMED_WAITING
        at java.base@21.0.5/jdk.internal.misc.Unsafe.park(Native Method)
        at java.base@21.0.5/java.util.concurrent.locks.LockSupport.parkNanos(LockSupport.java:269)
        at java.base@21.0.5/java.util.concurrent.locks.AbstractQueuedSynchronizer$ConditionObject.awaitNanos(AbstractQueuedSynchronizer.java:1763)
        at java.base@21.0.5/java.util.concurrent.LinkedBlockingQueue.poll(LinkedBlockingQueue.java:460)
        at app//org.apache.hadoop.ipc.CallQueueManager.take(CallQueueManager.java:370)
        at app//org.apache.hadoop.ipc.Server$Handler.run(Server.java:3165)
"17963aff-71fe-4a8f-bd2e-c405ff93174f-EndpointStateMachineTaskThread-/0.0.0.0:15002-0 "  prio=5 tid=1135 in Object.wait()
java.lang.Thread.State: WAITING (on object monitor)
        at java.base@21.0.5/jdk.internal.misc.Unsafe.park(Native Method)
        at java.base@21.0.5/java.util.concurrent.locks.LockSupport.park(LockSupport.java:371)
        at java.base@21.0.5/java.util.concurrent.locks.AbstractQueuedSynchronizer$ConditionNode.block(AbstractQueuedSynchronizer.java:519)
        at java.base@21.0.5/java.util.concurrent.ForkJoinPool.unmanagedBlock(ForkJoinPool.java:3780)
        at java.base@21.0.5/java.util.concurrent.ForkJoinPool.managedBlock(ForkJoinPool.java:3725)
        at java.base@21.0.5/java.util.concurrent.locks.AbstractQueuedSynchronizer$ConditionObject.await(AbstractQueuedSynchronizer.java:1712)
        at java.base@21.0.5/java.util.concurrent.LinkedBlockingQueue.take(LinkedBlockingQueue.java:435)
        at java.base@21.0.5/java.util.concurrent.ThreadPoolExecutor.getTask(ThreadPoolExecutor.java:1070)
        at java.base@21.0.5/java.util.concurrent.ThreadPoolExecutor.runWorker(ThreadPoolExecutor.java:1130)
        at java.base@21.0.5/java.util.concurrent.ThreadPoolExecutor$Worker.run(ThreadPoolExecutor.java:642)
        at java.base@21.0.5/java.lang.Thread.runWith(Thread.java:1596)
        at java.base@21.0.5/java.lang.Thread.run(Thread.java:1583)
"timer4" daemon prio=5 tid=1370 timed_waiting
java.lang.Thread.State: TIMED_WAITING
        at java.base@21.0.5/java.lang.Object.wait0(Native Method)
        at java.base@21.0.5/java.lang.Object.wait(Object.java:366)
        at java.base@21.0.5/java.util.TimerThread.mainLoop(Timer.java:563)
        at java.base@21.0.5/java.util.TimerThread.run(Timer.java:516)
"IPC Server handler 29 on default port 15001" daemon prio=5 tid=250 timed_waiting
java.lang.Thread.State: TIMED_WAITING
        at java.base@21.0.5/jdk.internal.misc.Unsafe.park(Native Method)
        at java.base@21.0.5/java.util.concurrent.locks.LockSupport.parkNanos(LockSupport.java:269)
        at java.base@21.0.5/java.util.concurrent.locks.AbstractQueuedSynchronizer$ConditionObject.awaitNanos(AbstractQueuedSynchronizer.java:1763)
        at java.base@21.0.5/java.util.concurrent.LinkedBlockingQueue.poll(LinkedBlockingQueue.java:460)
        at app//org.apache.hadoop.ipc.CallQueueManager.take(CallQueueManager.java:370)
        at app//org.apache.hadoop.ipc.Server$Handler.run(Server.java:3165)
"IPC Server idle connection scanner for port 15075" daemon prio=5 tid=889 timed_waiting
java.lang.Thread.State: TIMED_WAITING
        at java.base@21.0.5/java.lang.Object.wait0(Native Method)
        at java.base@21.0.5/java.lang.Object.wait(Object.java:366)
        at java.base@21.0.5/java.util.TimerThread.mainLoop(Timer.java:563)
        at java.base@21.0.5/java.util.TimerThread.run(Timer.java:516)
"StaleRecoveringContainerScrubbingService#3" daemon prio=5 tid=2131 in Object.wait()
java.lang.Thread.State: WAITING (on object monitor)
        at java.base@21.0.5/jdk.internal.misc.Unsafe.park(Native Method)
        at java.base@21.0.5/java.util.concurrent.locks.LockSupport.park(LockSupport.java:371)
        at java.base@21.0.5/java.util.concurrent.locks.AbstractQueuedSynchronizer$ConditionNode.block(AbstractQueuedSynchronizer.java:519)
        at java.base@21.0.5/java.util.concurrent.ForkJoinPool.unmanagedBlock(ForkJoinPool.java:3780)
        at java.base@21.0.5/java.util.concurrent.ForkJoinPool.managedBlock(ForkJoinPool.java:3725)
        at java.base@21.0.5/java.util.concurrent.locks.AbstractQueuedSynchronizer$ConditionObject.await(AbstractQueuedSynchronizer.java:1712)
        at java.base@21.0.5/java.util.concurrent.ScheduledThreadPoolExecutor$DelayedWorkQueue.take(ScheduledThreadPoolExecutor.java:1177)
        at java.base@21.0.5/java.util.concurrent.ScheduledThreadPoolExecutor$DelayedWorkQueue.take(ScheduledThreadPoolExecutor.java:899)
        at java.base@21.0.5/java.util.concurrent.ThreadPoolExecutor.getTask(ThreadPoolExecutor.java:1070)
        at java.base@21.0.5/java.util.concurrent.ThreadPoolExecutor.runWorker(ThreadPoolExecutor.java:1130)
        at java.base@21.0.5/java.util.concurrent.ThreadPoolExecutor$Worker.run(ThreadPoolExecutor.java:642)
        at java.base@21.0.5/java.lang.Thread.runWith(Thread.java:1596)
        at java.base@21.0.5/java.lang.Thread.run(Thread.java:1583)
"IPC Server handler 22 on default port 15002" daemon prio=5 tid=361 timed_waiting
java.lang.Thread.State: TIMED_WAITING
        at java.base@21.0.5/jdk.internal.misc.Unsafe.park(Native Method)
        at java.base@21.0.5/java.util.concurrent.locks.LockSupport.parkNanos(LockSupport.java:269)
        at java.base@21.0.5/java.util.concurrent.locks.AbstractQueuedSynchronizer$ConditionObject.awaitNanos(AbstractQueuedSynchronizer.java:1763)
        at java.base@21.0.5/java.util.concurrent.LinkedBlockingQueue.poll(LinkedBlockingQueue.java:460)
        at app//org.apache.hadoop.ipc.CallQueueManager.take(CallQueueManager.java:370)
        at app//org.apache.hadoop.ipc.Server$Handler.run(Server.java:3165)
"17963aff-71fe-4a8f-bd2e-c405ff93174f-DatanodeStateMachineTaskThread-0"  prio=5 tid=972 in Object.wait()
java.lang.Thread.State: WAITING (on object monitor)
        at java.base@21.0.5/jdk.internal.misc.Unsafe.park(Native Method)
        at java.base@21.0.5/java.util.concurrent.locks.LockSupport.park(LockSupport.java:371)
        at java.base@21.0.5/java.util.concurrent.locks.AbstractQueuedSynchronizer$ConditionNode.block(AbstractQueuedSynchronizer.java:519)
        at java.base@21.0.5/java.util.concurrent.ForkJoinPool.unmanagedBlock(ForkJoinPool.java:3780)
        at java.base@21.0.5/java.util.concurrent.ForkJoinPool.managedBlock(ForkJoinPool.java:3725)
        at java.base@21.0.5/java.util.concurrent.locks.AbstractQueuedSynchronizer$ConditionObject.await(AbstractQueuedSynchronizer.java:1712)
        at java.base@21.0.5/java.util.concurrent.LinkedBlockingQueue.take(LinkedBlockingQueue.java:435)
        at java.base@21.0.5/java.util.concurrent.ThreadPoolExecutor.getTask(ThreadPoolExecutor.java:1070)
        at java.base@21.0.5/java.util.concurrent.ThreadPoolExecutor.runWorker(ThreadPoolExecutor.java:1130)
        at java.base@21.0.5/java.util.concurrent.ThreadPoolExecutor$Worker.run(ThreadPoolExecutor.java:642)
        at java.base@21.0.5/java.lang.Thread.runWith(Thread.java:1596)
        at java.base@21.0.5/java.lang.Thread.run(Thread.java:1583)
"ac5cad44-c19c-4f65-867f-c0009d6f555c-RocksDBCompactionThread-0"  prio=5 tid=520 timed_waiting
java.lang.Thread.State: TIMED_WAITING
        at java.base@21.0.5/jdk.internal.misc.Unsafe.park(Native Method)
        at java.base@21.0.5/java.util.concurrent.locks.LockSupport.parkNanos(LockSupport.java:269)
        at java.base@21.0.5/java.util.concurrent.locks.AbstractQueuedSynchronizer$ConditionObject.awaitNanos(AbstractQueuedSynchronizer.java:1763)
        at java.base@21.0.5/java.util.concurrent.ScheduledThreadPoolExecutor$DelayedWorkQueue.take(ScheduledThreadPoolExecutor.java:1182)
        at java.base@21.0.5/java.util.concurrent.ScheduledThreadPoolExecutor$DelayedWorkQueue.take(ScheduledThreadPoolExecutor.java:899)
        at java.base@21.0.5/java.util.concurrent.ThreadPoolExecutor.getTask(ThreadPoolExecutor.java:1070)
        at java.base@21.0.5/java.util.concurrent.ThreadPoolExecutor.runWorker(ThreadPoolExecutor.java:1130)
        at java.base@21.0.5/java.util.concurrent.ThreadPoolExecutor$Worker.run(ThreadPoolExecutor.java:642)
        at java.base@21.0.5/java.lang.Thread.runWith(Thread.java:1596)
        at java.base@21.0.5/java.lang.Thread.run(Thread.java:1583)
"7c84fc52-fa7b-40d9-a19c-d4e4c83c5fa3-BlockDeletingService#2" daemon prio=5 tid=1823 in Object.wait()
java.lang.Thread.State: WAITING (on object monitor)
        at java.base@21.0.5/jdk.internal.misc.Unsafe.park(Native Method)
        at java.base@21.0.5/java.util.concurrent.locks.LockSupport.park(LockSupport.java:371)
        at java.base@21.0.5/java.util.concurrent.locks.AbstractQueuedSynchronizer$ConditionNode.block(AbstractQueuedSynchronizer.java:519)
        at java.base@21.0.5/java.util.concurrent.ForkJoinPool.unmanagedBlock(ForkJoinPool.java:3780)
        at java.base@21.0.5/java.util.concurrent.ForkJoinPool.managedBlock(ForkJoinPool.java:3725)
        at java.base@21.0.5/java.util.concurrent.locks.AbstractQueuedSynchronizer$ConditionObject.await(AbstractQueuedSynchronizer.java:1712)
        at java.base@21.0.5/java.util.concurrent.ScheduledThreadPoolExecutor$DelayedWorkQueue.take(ScheduledThreadPoolExecutor.java:1177)
        at java.base@21.0.5/java.util.concurrent.ScheduledThreadPoolExecutor$DelayedWorkQueue.take(ScheduledThreadPoolExecutor.java:899)
        at java.base@21.0.5/java.util.concurrent.ThreadPoolExecutor.getTask(ThreadPoolExecutor.java:1070)
        at java.base@21.0.5/java.util.concurrent.ThreadPoolExecutor.runWorker(ThreadPoolExecutor.java:1130)
        at java.base@21.0.5/java.util.concurrent.ThreadPoolExecutor$Worker.run(ThreadPoolExecutor.java:642)
        at java.base@21.0.5/java.lang.Thread.runWith(Thread.java:1596)
        at java.base@21.0.5/java.lang.Thread.run(Thread.java:1583)
"17963aff-71fe-4a8f-bd2e-c405ff93174f-NettyServerStreamRpc-bossGroup--thread1"  prio=5 tid=911 runnable
java.lang.Thread.State: RUNNABLE
        at app//org.apache.ratis.thirdparty.io.netty.channel.epoll.Native.epollWait(Native Method)
        at app//org.apache.ratis.thirdparty.io.netty.channel.epoll.Native.epollWait(Native.java:220)
        at app//org.apache.ratis.thirdparty.io.netty.channel.epoll.Native.epollWait(Native.java:213)
        at app//org.apache.ratis.thirdparty.io.netty.channel.epoll.EpollEventLoop.epollWaitNoTimerChange(EpollEventLoop.java:308)
        at app//org.apache.ratis.thirdparty.io.netty.channel.epoll.EpollEventLoop.run(EpollEventLoop.java:365)
        at app//org.apache.ratis.thirdparty.io.netty.util.concurrent.SingleThreadEventExecutor$4.run(SingleThreadEventExecutor.java:997)
        at app//org.apache.ratis.thirdparty.io.netty.util.internal.ThreadExecutorMap$2.run(ThreadExecutorMap.java:74)
        at java.base@21.0.5/java.lang.Thread.runWith(Thread.java:1596)
        at java.base@21.0.5/java.lang.Thread.run(Thread.java:1583)
"surefire-forkedjvm-command-thread" daemon prio=5 tid=23 runnable
java.lang.Thread.State: RUNNABLE
        at java.base@21.0.5/java.io.FileInputStream.readBytes(Native Method)
        at java.base@21.0.5/java.io.FileInputStream.read(FileInputStream.java:287)
        at java.base@21.0.5/java.io.BufferedInputStream.fill(BufferedInputStream.java:291)
        at java.base@21.0.5/java.io.BufferedInputStream.read1(BufferedInputStream.java:347)
        at java.base@21.0.5/java.io.BufferedInputStream.implRead(BufferedInputStream.java:420)
        at java.base@21.0.5/java.io.BufferedInputStream.read(BufferedInputStream.java:399)
        at java.base@21.0.5/java.io.DataInputStream.readFully(DataInputStream.java:208)
        at java.base@21.0.5/java.io.DataInputStream.readInt(DataInputStream.java:385)
        at app//org.apache.maven.surefire.booter.MasterProcessCommand.decode(MasterProcessCommand.java:113)
        at app//org.apache.maven.surefire.booter.CommandReader$CommandRunnable.run(CommandReader.java:383)
        at java.base@21.0.5/java.lang.Thread.runWith(Thread.java:1596)
        at java.base@21.0.5/java.lang.Thread.run(Thread.java:1583)
"a14cd1ab-7861-42f9-8639-15260a7193f0-DatanodeReportManager-2" daemon prio=5 tid=2179 in Object.wait()
java.lang.Thread.State: WAITING (on object monitor)
        at java.base@21.0.5/jdk.internal.misc.Unsafe.park(Native Method)
        at java.base@21.0.5/java.util.concurrent.locks.LockSupport.park(LockSupport.java:371)
        at java.base@21.0.5/java.util.concurrent.locks.AbstractQueuedSynchronizer$ConditionNode.block(AbstractQueuedSynchronizer.java:519)
        at java.base@21.0.5/java.util.concurrent.ForkJoinPool.unmanagedBlock(ForkJoinPool.java:3780)
        at java.base@21.0.5/java.util.concurrent.ForkJoinPool.managedBlock(ForkJoinPool.java:3725)
        at java.base@21.0.5/java.util.concurrent.locks.AbstractQueuedSynchronizer$ConditionObject.await(AbstractQueuedSynchronizer.java:1712)
        at java.base@21.0.5/java.util.concurrent.ScheduledThreadPoolExecutor$DelayedWorkQueue.take(ScheduledThreadPoolExecutor.java:1177)
        at java.base@21.0.5/java.util.concurrent.ScheduledThreadPoolExecutor$DelayedWorkQueue.take(ScheduledThreadPoolExecutor.java:899)
        at java.base@21.0.5/java.util.concurrent.ThreadPoolExecutor.getTask(ThreadPoolExecutor.java:1070)
        at java.base@21.0.5/java.util.concurrent.ThreadPoolExecutor.runWorker(ThreadPoolExecutor.java:1130)
        at java.base@21.0.5/java.util.concurrent.ThreadPoolExecutor$Worker.run(ThreadPoolExecutor.java:642)
        at java.base@21.0.5/java.lang.Thread.runWith(Thread.java:1596)
        at java.base@21.0.5/java.lang.Thread.run(Thread.java:1583)
"IPC Server handler 88 on default port 15000" daemon prio=5 tid=209 timed_waiting
java.lang.Thread.State: TIMED_WAITING
        at java.base@21.0.5/jdk.internal.misc.Unsafe.park(Native Method)
        at java.base@21.0.5/java.util.concurrent.locks.LockSupport.parkNanos(LockSupport.java:269)
        at java.base@21.0.5/java.util.concurrent.locks.AbstractQueuedSynchronizer$ConditionObject.awaitNanos(AbstractQueuedSynchronizer.java:1763)
        at java.base@21.0.5/java.util.concurrent.LinkedBlockingQueue.poll(LinkedBlockingQueue.java:460)
        at app//org.apache.hadoop.ipc.CallQueueManager.take(CallQueueManager.java:370)
        at app//org.apache.hadoop.ipc.Server$Handler.run(Server.java:3165)
"IPC Server handler 72 on default port 15000" daemon prio=5 tid=193 timed_waiting
java.lang.Thread.State: TIMED_WAITING
        at java.base@21.0.5/jdk.internal.misc.Unsafe.park(Native Method)
        at java.base@21.0.5/java.util.concurrent.locks.LockSupport.parkNanos(LockSupport.java:269)
        at java.base@21.0.5/java.util.concurrent.locks.AbstractQueuedSynchronizer$ConditionObject.awaitNanos(AbstractQueuedSynchronizer.java:1763)
        at java.base@21.0.5/java.util.concurrent.LinkedBlockingQueue.poll(LinkedBlockingQueue.java:460)
        at app//org.apache.hadoop.ipc.CallQueueManager.take(CallQueueManager.java:370)
        at app//org.apache.hadoop.ipc.Server$Handler.run(Server.java:3165)
"ac5cad44-c19c-4f65-867f-c0009d6f555c-NettyServerStreamRpc-bossGroup--thread1"  prio=5 tid=521 runnable
java.lang.Thread.State: RUNNABLE
        at app//org.apache.ratis.thirdparty.io.netty.channel.epoll.Native.epollWait(Native Method)
        at app//org.apache.ratis.thirdparty.io.netty.channel.epoll.Native.epollWait(Native.java:220)
        at app//org.apache.ratis.thirdparty.io.netty.channel.epoll.Native.epollWait(Native.java:213)
        at app//org.apache.ratis.thirdparty.io.netty.channel.epoll.EpollEventLoop.epollWaitNoTimerChange(EpollEventLoop.java:308)
        at app//org.apache.ratis.thirdparty.io.netty.channel.epoll.EpollEventLoop.run(EpollEventLoop.java:365)
        at app//org.apache.ratis.thirdparty.io.netty.util.concurrent.SingleThreadEventExecutor$4.run(SingleThreadEventExecutor.java:997)
        at app//org.apache.ratis.thirdparty.io.netty.util.internal.ThreadExecutorMap$2.run(ThreadExecutorMap.java:74)
        at java.base@21.0.5/java.lang.Thread.runWith(Thread.java:1596)
        at java.base@21.0.5/java.lang.Thread.run(Thread.java:1583)
"IPC Server handler 4 on default port 15030" daemon prio=5 tid=1927 timed_waiting
java.lang.Thread.State: TIMED_WAITING
        at java.base@21.0.5/jdk.internal.misc.Unsafe.park(Native Method)
        at java.base@21.0.5/java.util.concurrent.locks.LockSupport.parkNanos(LockSupport.java:269)
        at java.base@21.0.5/java.util.concurrent.locks.AbstractQueuedSynchronizer$ConditionObject.awaitNanos(AbstractQueuedSynchronizer.java:1763)
        at java.base@21.0.5/java.util.concurrent.LinkedBlockingQueue.poll(LinkedBlockingQueue.java:460)
        at app//org.apache.hadoop.ipc.CallQueueManager.take(CallQueueManager.java:370)
        at app//org.apache.hadoop.ipc.Server$Handler.run(Server.java:3165)
"IPC Server handler 75 on default port 15002" daemon prio=5 tid=414 timed_waiting
java.lang.Thread.State: TIMED_WAITING
        at java.base@21.0.5/jdk.internal.misc.Unsafe.park(Native Method)
        at java.base@21.0.5/java.util.concurrent.locks.LockSupport.parkNanos(LockSupport.java:269)
        at java.base@21.0.5/java.util.concurrent.locks.AbstractQueuedSynchronizer$ConditionObject.awaitNanos(AbstractQueuedSynchronizer.java:1763)
        at java.base@21.0.5/java.util.concurrent.LinkedBlockingQueue.poll(LinkedBlockingQueue.java:460)
        at app//org.apache.hadoop.ipc.CallQueueManager.take(CallQueueManager.java:370)
        at app//org.apache.hadoop.ipc.Server$Handler.run(Server.java:3165)
"qtp1997197808-809" daemon prio=5 tid=809 timed_waiting
java.lang.Thread.State: TIMED_WAITING
        at java.base@21.0.5/jdk.internal.misc.Unsafe.park(Native Method)
        at java.base@21.0.5/java.util.concurrent.locks.LockSupport.parkNanos(LockSupport.java:269)
        at java.base@21.0.5/java.util.concurrent.locks.AbstractQueuedSynchronizer$ConditionObject.awaitNanos(AbstractQueuedSynchronizer.java:1763)
        at app//org.eclipse.jetty.util.BlockingArrayQueue.poll(BlockingArrayQueue.java:382)
        at app//org.eclipse.jetty.util.thread.QueuedThreadPool$Runner.idleJobPoll(QueuedThreadPool.java:974)
        at app//org.eclipse.jetty.util.thread.QueuedThreadPool$Runner.run(QueuedThreadPool.java:1018)
        at java.base@21.0.5/java.lang.Thread.runWith(Thread.java:1596)
        at java.base@21.0.5/java.lang.Thread.run(Thread.java:1583)
"9c1aee78-f037-4e17-b985-0daab5eaf154-ChunkWriter-0-0" daemon prio=5 tid=1099 in Object.wait()
java.lang.Thread.State: WAITING (on object monitor)
        at java.base@21.0.5/jdk.internal.misc.Unsafe.park(Native Method)
        at java.base@21.0.5/java.util.concurrent.locks.LockSupport.park(LockSupport.java:371)
        at java.base@21.0.5/java.util.concurrent.locks.AbstractQueuedSynchronizer$ConditionNode.block(AbstractQueuedSynchronizer.java:519)
        at java.base@21.0.5/java.util.concurrent.ForkJoinPool.unmanagedBlock(ForkJoinPool.java:3780)
        at java.base@21.0.5/java.util.concurrent.ForkJoinPool.managedBlock(ForkJoinPool.java:3725)
        at java.base@21.0.5/java.util.concurrent.locks.AbstractQueuedSynchronizer$ConditionObject.await(AbstractQueuedSynchronizer.java:1712)
        at java.base@21.0.5/java.util.concurrent.LinkedBlockingDeque.takeFirst(LinkedBlockingDeque.java:485)
        at java.base@21.0.5/java.util.concurrent.LinkedBlockingDeque.take(LinkedBlockingDeque.java:673)
        at java.base@21.0.5/java.util.concurrent.ThreadPoolExecutor.getTask(ThreadPoolExecutor.java:1070)
        at java.base@21.0.5/java.util.concurrent.ThreadPoolExecutor.runWorker(ThreadPoolExecutor.java:1130)
        at java.base@21.0.5/java.util.concurrent.ThreadPoolExecutor$Worker.run(ThreadPoolExecutor.java:642)
        at java.base@21.0.5/java.lang.Thread.runWith(Thread.java:1596)
        at java.base@21.0.5/java.lang.Thread.run(Thread.java:1583)
"IPC Server handler 2 on default port 15001" daemon prio=5 tid=223 timed_waiting
java.lang.Thread.State: TIMED_WAITING
        at java.base@21.0.5/jdk.internal.misc.Unsafe.park(Native Method)
        at java.base@21.0.5/java.util.concurrent.locks.LockSupport.parkNanos(LockSupport.java:269)
        at java.base@21.0.5/java.util.concurrent.locks.AbstractQueuedSynchronizer$ConditionObject.awaitNanos(AbstractQueuedSynchronizer.java:1763)
        at java.base@21.0.5/java.util.concurrent.LinkedBlockingQueue.poll(LinkedBlockingQueue.java:460)
        at app//org.apache.hadoop.ipc.CallQueueManager.take(CallQueueManager.java:370)
        at app//org.apache.hadoop.ipc.Server$Handler.run(Server.java:3165)
"fc60e07f-496f-42fe-ae82-620152583f87-CloseContainerThread-0"  prio=5 tid=1460 in Object.wait()
java.lang.Thread.State: WAITING (on object monitor)
        at java.base@21.0.5/jdk.internal.misc.Unsafe.park(Native Method)
        at java.base@21.0.5/java.util.concurrent.locks.LockSupport.park(LockSupport.java:371)
        at java.base@21.0.5/java.util.concurrent.locks.AbstractQueuedSynchronizer$ConditionNode.block(AbstractQueuedSynchronizer.java:519)
        at java.base@21.0.5/java.util.concurrent.ForkJoinPool.unmanagedBlock(ForkJoinPool.java:3780)
        at java.base@21.0.5/java.util.concurrent.ForkJoinPool.managedBlock(ForkJoinPool.java:3725)
        at java.base@21.0.5/java.util.concurrent.locks.AbstractQueuedSynchronizer$ConditionObject.await(AbstractQueuedSynchronizer.java:1712)
        at java.base@21.0.5/java.util.concurrent.LinkedBlockingQueue.take(LinkedBlockingQueue.java:435)
        at java.base@21.0.5/java.util.concurrent.ThreadPoolExecutor.getTask(ThreadPoolExecutor.java:1070)
        at java.base@21.0.5/java.util.concurrent.ThreadPoolExecutor.runWorker(ThreadPoolExecutor.java:1130)
        at java.base@21.0.5/java.util.concurrent.ThreadPoolExecutor$Worker.run(ThreadPoolExecutor.java:642)
        at java.base@21.0.5/java.lang.Thread.runWith(Thread.java:1596)
        at java.base@21.0.5/java.lang.Thread.run(Thread.java:1583)
"om1@group-C5BA1605619E-LeaderStateImpl" daemon prio=5 tid=616 timed_waiting
java.lang.Thread.State: TIMED_WAITING
        at java.base@21.0.5/jdk.internal.misc.Unsafe.park(Native Method)
        at java.base@21.0.5/java.util.concurrent.locks.LockSupport.parkNanos(LockSupport.java:269)
        at java.base@21.0.5/java.util.concurrent.locks.AbstractQueuedSynchronizer$ConditionObject.awaitNanos(AbstractQueuedSynchronizer.java:1763)
        at java.base@21.0.5/java.util.concurrent.ArrayBlockingQueue.poll(ArrayBlockingQueue.java:435)
        at app//org.apache.ratis.server.impl.LeaderStateImpl$EventQueue.poll(LeaderStateImpl.java:164)
        at app//org.apache.ratis.server.impl.LeaderStateImpl$EventProcessor.run(LeaderStateImpl.java:763)
"UnderReplicatedProcessor" daemon prio=5 tid=58 timed_waiting
java.lang.Thread.State: TIMED_WAITING
        at java.base@21.0.5/java.lang.Object.wait0(Native Method)
        at java.base@21.0.5/java.lang.Object.wait(Object.java:366)
        at app//org.apache.hadoop.hdds.scm.container.replication.UnhealthyReplicationProcessor.run(UnhealthyReplicationProcessor.java:174)
        at java.base@21.0.5/java.lang.Thread.runWith(Thread.java:1596)
        at java.base@21.0.5/java.lang.Thread.run(Thread.java:1583)
"FixedThreadPoolWithAffinityExecutor-0-0" daemon prio=5 tid=103 timed_waiting
java.lang.Thread.State: TIMED_WAITING
        at java.base@21.0.5/jdk.internal.misc.Unsafe.park(Native Method)
        at java.base@21.0.5/java.util.concurrent.locks.LockSupport.parkNanos(LockSupport.java:269)
        at java.base@21.0.5/java.util.concurrent.locks.AbstractQueuedSynchronizer$ConditionObject.awaitNanos(AbstractQueuedSynchronizer.java:1763)
        at java.base@21.0.5/java.util.concurrent.LinkedBlockingQueue.poll(LinkedBlockingQueue.java:460)
        at app//org.apache.hadoop.hdds.scm.server.ContainerReportQueue.poll(ContainerReportQueue.java:269)
        at app//org.apache.hadoop.hdds.scm.server.ContainerReportQueue.poll(ContainerReportQueue.java:42)
        at app//org.apache.hadoop.hdds.server.events.FixedThreadPoolWithAffinityExecutor$ContainerReportProcessTask.run(FixedThreadPoolWithAffinityExecutor.java:253)
        at java.base@21.0.5/java.util.concurrent.Executors$RunnableAdapter.call(Executors.java:572)
        at java.base@21.0.5/java.util.concurrent.FutureTask.run(FutureTask.java:317)
        at java.base@21.0.5/java.util.concurrent.ThreadPoolExecutor.runWorker(ThreadPoolExecutor.java:1144)
        at java.base@21.0.5/java.util.concurrent.ThreadPoolExecutor$Worker.run(ThreadPoolExecutor.java:642)
        at java.base@21.0.5/java.lang.Thread.runWith(Thread.java:1596)
        at java.base@21.0.5/java.lang.Thread.run(Thread.java:1583)
"IPC Server handler 94 on default port 15000" daemon prio=5 tid=215 timed_waiting
java.lang.Thread.State: TIMED_WAITING
        at java.base@21.0.5/jdk.internal.misc.Unsafe.park(Native Method)
        at java.base@21.0.5/java.util.concurrent.locks.LockSupport.parkNanos(LockSupport.java:269)
        at java.base@21.0.5/java.util.concurrent.locks.AbstractQueuedSynchronizer$ConditionObject.awaitNanos(AbstractQueuedSynchronizer.java:1763)
        at java.base@21.0.5/java.util.concurrent.LinkedBlockingQueue.poll(LinkedBlockingQueue.java:460)
        at app//org.apache.hadoop.ipc.CallQueueManager.take(CallQueueManager.java:370)
        at app//org.apache.hadoop.ipc.Server$Handler.run(Server.java:3165)
"b5e8fa21-b7a1-4c36-a12e-fa069f9a009b@group-8D2BB8F5309D-cacheEviction-AwaitToRun" daemon prio=5 tid=113 in Object.wait()
java.lang.Thread.State: WAITING (on object monitor)
        at java.base@21.0.5/jdk.internal.misc.Unsafe.park(Native Method)
        at java.base@21.0.5/java.util.concurrent.locks.LockSupport.park(LockSupport.java:371)
        at java.base@21.0.5/java.util.concurrent.locks.AbstractQueuedSynchronizer$ConditionNode.block(AbstractQueuedSynchronizer.java:519)
        at java.base@21.0.5/java.util.concurrent.ForkJoinPool.unmanagedBlock(ForkJoinPool.java:3780)
        at java.base@21.0.5/java.util.concurrent.ForkJoinPool.managedBlock(ForkJoinPool.java:3725)
        at java.base@21.0.5/java.util.concurrent.locks.AbstractQueuedSynchronizer$ConditionObject.await(AbstractQueuedSynchronizer.java:1712)
        at app//org.apache.ratis.util.AwaitForSignal.await(AwaitForSignal.java:48)
        at app//org.apache.ratis.util.AwaitToRun$RunnableImpl.run(AwaitToRun.java:47)
        at java.base@21.0.5/java.lang.Thread.runWith(Thread.java:1596)
        at java.base@21.0.5/java.lang.Thread.run(Thread.java:1583)
"IPC Server handler 21 on default port 15002" daemon prio=5 tid=360 timed_waiting
java.lang.Thread.State: TIMED_WAITING
        at java.base@21.0.5/jdk.internal.misc.Unsafe.park(Native Method)
        at java.base@21.0.5/java.util.concurrent.locks.LockSupport.parkNanos(LockSupport.java:269)
        at java.base@21.0.5/java.util.concurrent.locks.AbstractQueuedSynchronizer$ConditionObject.awaitNanos(AbstractQueuedSynchronizer.java:1763)
        at java.base@21.0.5/java.util.concurrent.LinkedBlockingQueue.poll(LinkedBlockingQueue.java:460)
        at app//org.apache.hadoop.ipc.CallQueueManager.take(CallQueueManager.java:370)
        at app//org.apache.hadoop.ipc.Server$Handler.run(Server.java:3165)
"IPC Server handler 53 on default port 15001" daemon prio=5 tid=274 timed_waiting
java.lang.Thread.State: TIMED_WAITING
        at java.base@21.0.5/jdk.internal.misc.Unsafe.park(Native Method)
        at java.base@21.0.5/java.util.concurrent.locks.LockSupport.parkNanos(LockSupport.java:269)
        at java.base@21.0.5/java.util.concurrent.locks.AbstractQueuedSynchronizer$ConditionObject.awaitNanos(AbstractQueuedSynchronizer.java:1763)
        at java.base@21.0.5/java.util.concurrent.LinkedBlockingQueue.poll(LinkedBlockingQueue.java:460)
        at app//org.apache.hadoop.ipc.CallQueueManager.take(CallQueueManager.java:370)
        at app//org.apache.hadoop.ipc.Server$Handler.run(Server.java:3165)
"qtp1997197808-810" daemon prio=5 tid=810 timed_waiting
java.lang.Thread.State: TIMED_WAITING
        at java.base@21.0.5/jdk.internal.misc.Unsafe.park(Native Method)
        at java.base@21.0.5/java.util.concurrent.locks.LockSupport.parkNanos(LockSupport.java:269)
        at java.base@21.0.5/java.util.concurrent.locks.AbstractQueuedSynchronizer$ConditionObject.awaitNanos(AbstractQueuedSynchronizer.java:1763)
        at app//org.eclipse.jetty.util.BlockingArrayQueue.poll(BlockingArrayQueue.java:382)
        at app//org.eclipse.jetty.util.thread.QueuedThreadPool$Runner.idleJobPoll(QueuedThreadPool.java:974)
        at app//org.eclipse.jetty.util.thread.QueuedThreadPool$Runner.run(QueuedThreadPool.java:1018)
        at java.base@21.0.5/java.lang.Thread.runWith(Thread.java:1596)
        at java.base@21.0.5/java.lang.Thread.run(Thread.java:1583)
"17963aff-71fe-4a8f-bd2e-c405ff93174f@group-28D9FDBBC208-LeaderStateImpl" daemon prio=5 tid=1508 timed_waiting
java.lang.Thread.State: TIMED_WAITING
        at java.base@21.0.5/jdk.internal.misc.Unsafe.park(Native Method)
        at java.base@21.0.5/java.util.concurrent.locks.LockSupport.parkNanos(LockSupport.java:269)
        at java.base@21.0.5/java.util.concurrent.locks.AbstractQueuedSynchronizer$ConditionObject.awaitNanos(AbstractQueuedSynchronizer.java:1763)
        at java.base@21.0.5/java.util.concurrent.ArrayBlockingQueue.poll(ArrayBlockingQueue.java:435)
        at app//org.apache.ratis.server.impl.LeaderStateImpl$EventQueue.poll(LeaderStateImpl.java:164)
        at app//org.apache.ratis.server.impl.LeaderStateImpl$EventProcessor.run(LeaderStateImpl.java:763)
"Socket Reader #4 for port 15066"  prio=5 tid=816 runnable
java.lang.Thread.State: RUNNABLE
        at java.base@21.0.5/sun.nio.ch.EPoll.wait(Native Method)
        at java.base@21.0.5/sun.nio.ch.EPollSelectorImpl.doSelect(EPollSelectorImpl.java:121)
        at java.base@21.0.5/sun.nio.ch.SelectorImpl.lockAndDoSelect(SelectorImpl.java:130)
        at java.base@21.0.5/sun.nio.ch.SelectorImpl.select(SelectorImpl.java:147)
        at app//org.apache.hadoop.ipc.Server$Listener$Reader.doRunLoop(Server.java:1497)
        at app//org.apache.hadoop.ipc.Server$Listener$Reader.run(Server.java:1476)
"qtp1698217345-2149" daemon prio=5 tid=2149 timed_waiting
java.lang.Thread.State: TIMED_WAITING
        at java.base@21.0.5/jdk.internal.misc.Unsafe.park(Native Method)
        at java.base@21.0.5/java.util.concurrent.locks.LockSupport.parkNanos(LockSupport.java:269)
        at java.base@21.0.5/java.util.concurrent.locks.AbstractQueuedSynchronizer$ConditionObject.awaitNanos(AbstractQueuedSynchronizer.java:1763)
        at app//org.eclipse.jetty.util.BlockingArrayQueue.poll(BlockingArrayQueue.java:382)
        at app//org.eclipse.jetty.util.thread.QueuedThreadPool$Runner.idleJobPoll(QueuedThreadPool.java:974)
        at app//org.eclipse.jetty.util.thread.QueuedThreadPool$Runner.run(QueuedThreadPool.java:1018)
        at java.base@21.0.5/java.lang.Thread.runWith(Thread.java:1596)
        at java.base@21.0.5/java.lang.Thread.run(Thread.java:1583)
"StaleRecoveringContainerScrubbingService#2" daemon prio=5 tid=1829 in Object.wait()
java.lang.Thread.State: WAITING (on object monitor)
        at java.base@21.0.5/jdk.internal.misc.Unsafe.park(Native Method)
        at java.base@21.0.5/java.util.concurrent.locks.LockSupport.park(LockSupport.java:371)
        at java.base@21.0.5/java.util.concurrent.locks.AbstractQueuedSynchronizer$ConditionNode.block(AbstractQueuedSynchronizer.java:519)
        at java.base@21.0.5/java.util.concurrent.ForkJoinPool.unmanagedBlock(ForkJoinPool.java:3780)
        at java.base@21.0.5/java.util.concurrent.ForkJoinPool.managedBlock(ForkJoinPool.java:3725)
        at java.base@21.0.5/java.util.concurrent.locks.AbstractQueuedSynchronizer$ConditionObject.await(AbstractQueuedSynchronizer.java:1712)
        at java.base@21.0.5/java.util.concurrent.ScheduledThreadPoolExecutor$DelayedWorkQueue.take(ScheduledThreadPoolExecutor.java:1177)
        at java.base@21.0.5/java.util.concurrent.ScheduledThreadPoolExecutor$DelayedWorkQueue.take(ScheduledThreadPoolExecutor.java:899)
        at java.base@21.0.5/java.util.concurrent.ThreadPoolExecutor.getTask(ThreadPoolExecutor.java:1070)
        at java.base@21.0.5/java.util.concurrent.ThreadPoolExecutor.runWorker(ThreadPoolExecutor.java:1130)
        at java.base@21.0.5/java.util.concurrent.ThreadPoolExecutor$Worker.run(ThreadPoolExecutor.java:642)
        at java.base@21.0.5/java.lang.Thread.runWith(Thread.java:1596)
        at java.base@21.0.5/java.lang.Thread.run(Thread.java:1583)
"IPC Server handler 10 on default port 15000" daemon prio=5 tid=131 timed_waiting
java.lang.Thread.State: TIMED_WAITING
        at java.base@21.0.5/jdk.internal.misc.Unsafe.park(Native Method)
        at java.base@21.0.5/java.util.concurrent.locks.LockSupport.parkNanos(LockSupport.java:269)
        at java.base@21.0.5/java.util.concurrent.locks.AbstractQueuedSynchronizer$ConditionObject.awaitNanos(AbstractQueuedSynchronizer.java:1763)
        at java.base@21.0.5/java.util.concurrent.LinkedBlockingQueue.poll(LinkedBlockingQueue.java:460)
        at app//org.apache.hadoop.ipc.CallQueueManager.take(CallQueueManager.java:370)
        at app//org.apache.hadoop.ipc.Server$Handler.run(Server.java:3165)
"IPC Server handler 8 on default port 15001" daemon prio=5 tid=229 timed_waiting
java.lang.Thread.State: TIMED_WAITING
        at java.base@21.0.5/jdk.internal.misc.Unsafe.park(Native Method)
        at java.base@21.0.5/java.util.concurrent.locks.LockSupport.parkNanos(LockSupport.java:269)
        at java.base@21.0.5/java.util.concurrent.locks.AbstractQueuedSynchronizer$ConditionObject.awaitNanos(AbstractQueuedSynchronizer.java:1763)
        at java.base@21.0.5/java.util.concurrent.LinkedBlockingQueue.poll(LinkedBlockingQueue.java:460)
        at app//org.apache.hadoop.ipc.CallQueueManager.take(CallQueueManager.java:370)
        at app//org.apache.hadoop.ipc.Server$Handler.run(Server.java:3165)
"IPC Server handler 0 on default port 15012" daemon prio=5 tid=548 timed_waiting
java.lang.Thread.State: TIMED_WAITING
        at java.base@21.0.5/jdk.internal.misc.Unsafe.park(Native Method)
        at java.base@21.0.5/java.util.concurrent.locks.LockSupport.parkNanos(LockSupport.java:269)
        at java.base@21.0.5/java.util.concurrent.locks.AbstractQueuedSynchronizer$ConditionObject.awaitNanos(AbstractQueuedSynchronizer.java:1763)
        at java.base@21.0.5/java.util.concurrent.LinkedBlockingQueue.poll(LinkedBlockingQueue.java:460)
        at app//org.apache.hadoop.ipc.CallQueueManager.take(CallQueueManager.java:370)
        at app//org.apache.hadoop.ipc.Server$Handler.run(Server.java:3165)
"Socket Reader #9 for port 15030"  prio=5 tid=1918 runnable
java.lang.Thread.State: RUNNABLE
        at java.base@21.0.5/sun.nio.ch.EPoll.wait(Native Method)
        at java.base@21.0.5/sun.nio.ch.EPollSelectorImpl.doSelect(EPollSelectorImpl.java:121)
        at java.base@21.0.5/sun.nio.ch.SelectorImpl.lockAndDoSelect(SelectorImpl.java:130)
        at java.base@21.0.5/sun.nio.ch.SelectorImpl.select(SelectorImpl.java:147)
        at app//org.apache.hadoop.ipc.Server$Listener$Reader.doRunLoop(Server.java:1497)
        at app//org.apache.hadoop.ipc.Server$Listener$Reader.run(Server.java:1476)
"IPC Server handler 0 on default port 15002" daemon prio=5 tid=339 timed_waiting
java.lang.Thread.State: TIMED_WAITING
        at java.base@21.0.5/jdk.internal.misc.Unsafe.park(Native Method)
        at java.base@21.0.5/java.util.concurrent.locks.LockSupport.parkNanos(LockSupport.java:269)
        at java.base@21.0.5/java.util.concurrent.locks.AbstractQueuedSynchronizer$ConditionObject.awaitNanos(AbstractQueuedSynchronizer.java:1763)
        at java.base@21.0.5/java.util.concurrent.LinkedBlockingQueue.poll(LinkedBlockingQueue.java:460)
        at app//org.apache.hadoop.ipc.CallQueueManager.take(CallQueueManager.java:370)
        at app//org.apache.hadoop.ipc.Server$Handler.run(Server.java:3165)
"IPC Server handler 2 on default port 15084" daemon prio=5 tid=958 timed_waiting
java.lang.Thread.State: TIMED_WAITING
        at java.base@21.0.5/jdk.internal.misc.Unsafe.park(Native Method)
        at java.base@21.0.5/java.util.concurrent.locks.LockSupport.parkNanos(LockSupport.java:269)
        at java.base@21.0.5/java.util.concurrent.locks.AbstractQueuedSynchronizer$ConditionObject.awaitNanos(AbstractQueuedSynchronizer.java:1763)
        at java.base@21.0.5/java.util.concurrent.LinkedBlockingQueue.poll(LinkedBlockingQueue.java:460)
        at app//org.apache.hadoop.ipc.CallQueueManager.take(CallQueueManager.java:370)
        at app//org.apache.hadoop.ipc.Server$Handler.run(Server.java:3165)
"69390d8a-021c-44b7-9fe5-c9855a0c5aa1-DatanodeStateMachineTaskThread-1"  prio=5 tid=1116 in Object.wait()
java.lang.Thread.State: WAITING (on object monitor)
        at java.base@21.0.5/jdk.internal.misc.Unsafe.park(Native Method)
        at java.base@21.0.5/java.util.concurrent.locks.LockSupport.park(LockSupport.java:371)
        at java.base@21.0.5/java.util.concurrent.locks.AbstractQueuedSynchronizer$ConditionNode.block(AbstractQueuedSynchronizer.java:519)
        at java.base@21.0.5/java.util.concurrent.ForkJoinPool.unmanagedBlock(ForkJoinPool.java:3780)
        at java.base@21.0.5/java.util.concurrent.ForkJoinPool.managedBlock(ForkJoinPool.java:3725)
        at java.base@21.0.5/java.util.concurrent.locks.AbstractQueuedSynchronizer$ConditionObject.await(AbstractQueuedSynchronizer.java:1712)
        at java.base@21.0.5/java.util.concurrent.LinkedBlockingQueue.take(LinkedBlockingQueue.java:435)
        at java.base@21.0.5/java.util.concurrent.ThreadPoolExecutor.getTask(ThreadPoolExecutor.java:1070)
        at java.base@21.0.5/java.util.concurrent.ThreadPoolExecutor.runWorker(ThreadPoolExecutor.java:1130)
        at java.base@21.0.5/java.util.concurrent.ThreadPoolExecutor$Worker.run(ThreadPoolExecutor.java:642)
        at java.base@21.0.5/java.lang.Thread.runWith(Thread.java:1596)
        at java.base@21.0.5/java.lang.Thread.run(Thread.java:1583)
"d1093f6a-6992-456d-ac47-966fa1bbc12e@group-D08BFE67CBB9-StateMachineUpdater" daemon prio=5 tid=2007 timed_waiting
java.lang.Thread.State: TIMED_WAITING
        at java.base@21.0.5/jdk.internal.misc.Unsafe.park(Native Method)
        at java.base@21.0.5/java.util.concurrent.locks.LockSupport.parkNanos(LockSupport.java:269)
        at java.base@21.0.5/java.util.concurrent.locks.AbstractQueuedSynchronizer$ConditionObject.await(AbstractQueuedSynchronizer.java:1852)
        at app//org.apache.ratis.util.AwaitForSignal.await(AwaitForSignal.java:65)
        at app//org.apache.ratis.server.impl.StateMachineUpdater.waitForCommit(StateMachineUpdater.java:219)
        at app//org.apache.ratis.server.impl.StateMachineUpdater.run(StateMachineUpdater.java:187)
        at java.base@21.0.5/java.lang.Thread.runWith(Thread.java:1596)
        at java.base@21.0.5/java.lang.Thread.run(Thread.java:1583)
"ac5cad44-c19c-4f65-867f-c0009d6f555c@group-DEECD8B278EF-StateMachineUpdater" daemon prio=5 tid=2213 timed_waiting
java.lang.Thread.State: TIMED_WAITING
        at java.base@21.0.5/jdk.internal.misc.Unsafe.park(Native Method)
        at java.base@21.0.5/java.util.concurrent.locks.LockSupport.parkNanos(LockSupport.java:269)
        at java.base@21.0.5/java.util.concurrent.locks.AbstractQueuedSynchronizer$ConditionObject.await(AbstractQueuedSynchronizer.java:1852)
        at app//org.apache.ratis.util.AwaitForSignal.await(AwaitForSignal.java:65)
        at app//org.apache.ratis.server.impl.StateMachineUpdater.waitForCommit(StateMachineUpdater.java:219)
        at app//org.apache.ratis.server.impl.StateMachineUpdater.run(StateMachineUpdater.java:187)
        at java.base@21.0.5/java.lang.Thread.runWith(Thread.java:1596)
        at java.base@21.0.5/java.lang.Thread.run(Thread.java:1583)
"9c1aee78-f037-4e17-b985-0daab5eaf154-DatanodeStateMachineDaemonThread" daemon prio=5 tid=836 timed_waiting
java.lang.Thread.State: TIMED_WAITING
        at java.base@21.0.5/java.lang.Thread.sleep0(Native Method)
        at java.base@21.0.5/java.lang.Thread.sleep(Thread.java:509)
        at app//org.apache.hadoop.ozone.container.common.statemachine.DatanodeStateMachine.startStateMachineThread(DatanodeStateMachine.java:358)
        at app//org.apache.hadoop.ozone.container.common.statemachine.DatanodeStateMachine.lambda$startDaemon$1(DatanodeStateMachine.java:544)
        at app//org.apache.hadoop.ozone.container.common.statemachine.DatanodeStateMachine$$Lambda/0x00007fcfe07d8a68.run(Unknown Source)
        at java.base@21.0.5/java.lang.Thread.runWith(Thread.java:1596)
        at java.base@21.0.5/java.lang.Thread.run(Thread.java:1583)
"9c1aee78-f037-4e17-b985-0daab5eaf154-server-thread2" daemon prio=5 tid=1504 timed_waiting
java.lang.Thread.State: TIMED_WAITING
        at java.base@21.0.5/jdk.internal.misc.Unsafe.park(Native Method)
        at java.base@21.0.5/java.util.concurrent.locks.LockSupport.parkNanos(LockSupport.java:410)
        at java.base@21.0.5/java.util.concurrent.LinkedTransferQueue$DualNode.await(LinkedTransferQueue.java:452)
        at java.base@21.0.5/java.util.concurrent.SynchronousQueue$Transferer.xferLifo(SynchronousQueue.java:194)
        at java.base@21.0.5/java.util.concurrent.SynchronousQueue.xfer(SynchronousQueue.java:235)
        at java.base@21.0.5/java.util.concurrent.SynchronousQueue.poll(SynchronousQueue.java:338)
        at java.base@21.0.5/java.util.concurrent.ThreadPoolExecutor.getTask(ThreadPoolExecutor.java:1069)
        at java.base@21.0.5/java.util.concurrent.ThreadPoolExecutor.runWorker(ThreadPoolExecutor.java:1130)
        at java.base@21.0.5/java.util.concurrent.ThreadPoolExecutor$Worker.run(ThreadPoolExecutor.java:642)
        at java.base@21.0.5/java.lang.Thread.runWith(Thread.java:1596)
        at java.base@21.0.5/java.lang.Thread.run(Thread.java:1583)
"IPC Server handler 0 on default port 15039" daemon prio=5 tid=2166 timed_waiting
java.lang.Thread.State: TIMED_WAITING
        at java.base@21.0.5/jdk.internal.misc.Unsafe.park(Native Method)
        at java.base@21.0.5/java.util.concurrent.locks.LockSupport.parkNanos(LockSupport.java:269)
        at java.base@21.0.5/java.util.concurrent.locks.AbstractQueuedSynchronizer$ConditionObject.awaitNanos(AbstractQueuedSynchronizer.java:1763)
        at java.base@21.0.5/java.util.concurrent.LinkedBlockingQueue.poll(LinkedBlockingQueue.java:460)
        at app//org.apache.hadoop.ipc.CallQueueManager.take(CallQueueManager.java:370)
        at app//org.apache.hadoop.ipc.Server$Handler.run(Server.java:3165)
"JvmPauseMonitor3" daemon prio=5 tid=872 timed_waiting
java.lang.Thread.State: TIMED_WAITING
        at java.base@21.0.5/java.lang.Thread.sleep0(Native Method)
        at java.base@21.0.5/java.lang.Thread.sleep(Thread.java:558)
        at java.base@21.0.5/java.util.concurrent.TimeUnit.sleep(TimeUnit.java:446)
        at app//org.apache.ratis.util.TimeDuration.sleep(TimeDuration.java:353)
        at app//org.apache.ratis.util.TimeDuration.sleep(TimeDuration.java:338)
        at app//org.apache.ratis.util.JvmPauseMonitor.detectPause(JvmPauseMonitor.java:160)
        at app//org.apache.ratis.util.JvmPauseMonitor.run(JvmPauseMonitor.java:149)
        at app//org.apache.ratis.util.JvmPauseMonitor$$Lambda/0x00007fcfe0390000.run(Unknown Source)
        at java.base@21.0.5/java.lang.Thread.runWith(Thread.java:1596)
        at java.base@21.0.5/java.lang.Thread.run(Thread.java:1583)
"7c84fc52-fa7b-40d9-a19c-d4e4c83c5fa3@group-D9B980D230C1-FollowerState" daemon prio=5 tid=2027 timed_waiting
java.lang.Thread.State: TIMED_WAITING
        at java.base@21.0.5/java.lang.Thread.sleep0(Native Method)
        at java.base@21.0.5/java.lang.Thread.sleep(Thread.java:558)
        at java.base@21.0.5/java.util.concurrent.TimeUnit.sleep(TimeUnit.java:446)
        at app//org.apache.ratis.util.TimeDuration.sleep(TimeDuration.java:353)
        at app//org.apache.ratis.util.TimeDuration.sleep(TimeDuration.java:338)
        at app//org.apache.ratis.server.impl.FollowerState.runImpl(FollowerState.java:149)
        at app//org.apache.ratis.server.impl.FollowerState.run(FollowerState.java:130)
"fc60e07f-496f-42fe-ae82-620152583f87-DatanodeReportManager-0" daemon prio=5 tid=745 in Object.wait()
java.lang.Thread.State: WAITING (on object monitor)
        at java.base@21.0.5/jdk.internal.misc.Unsafe.park(Native Method)
        at java.base@21.0.5/java.util.concurrent.locks.LockSupport.park(LockSupport.java:371)
        at java.base@21.0.5/java.util.concurrent.locks.AbstractQueuedSynchronizer$ConditionNode.block(AbstractQueuedSynchronizer.java:519)
        at java.base@21.0.5/java.util.concurrent.ForkJoinPool.unmanagedBlock(ForkJoinPool.java:3780)
        at java.base@21.0.5/java.util.concurrent.ForkJoinPool.managedBlock(ForkJoinPool.java:3725)
        at java.base@21.0.5/java.util.concurrent.locks.AbstractQueuedSynchronizer$ConditionObject.await(AbstractQueuedSynchronizer.java:1712)
        at java.base@21.0.5/java.util.concurrent.ScheduledThreadPoolExecutor$DelayedWorkQueue.take(ScheduledThreadPoolExecutor.java:1177)
        at java.base@21.0.5/java.util.concurrent.ScheduledThreadPoolExecutor$DelayedWorkQueue.take(ScheduledThreadPoolExecutor.java:899)
        at java.base@21.0.5/java.util.concurrent.ThreadPoolExecutor.getTask(ThreadPoolExecutor.java:1070)
        at java.base@21.0.5/java.util.concurrent.ThreadPoolExecutor.runWorker(ThreadPoolExecutor.java:1130)
        at java.base@21.0.5/java.util.concurrent.ThreadPoolExecutor$Worker.run(ThreadPoolExecutor.java:642)
        at java.base@21.0.5/java.lang.Thread.runWith(Thread.java:1596)
        at java.base@21.0.5/java.lang.Thread.run(Thread.java:1583)
"IPC Server handler 86 on default port 15002" daemon prio=5 tid=425 timed_waiting
java.lang.Thread.State: TIMED_WAITING
        at java.base@21.0.5/jdk.internal.misc.Unsafe.park(Native Method)
        at java.base@21.0.5/java.util.concurrent.locks.LockSupport.parkNanos(LockSupport.java:269)
        at java.base@21.0.5/java.util.concurrent.locks.AbstractQueuedSynchronizer$ConditionObject.awaitNanos(AbstractQueuedSynchronizer.java:1763)
        at java.base@21.0.5/java.util.concurrent.LinkedBlockingQueue.poll(LinkedBlockingQueue.java:460)
        at app//org.apache.hadoop.ipc.CallQueueManager.take(CallQueueManager.java:370)
        at app//org.apache.hadoop.ipc.Server$Handler.run(Server.java:3165)
"IPC Server handler 8 on default port 15006" daemon prio=5 tid=506 timed_waiting
java.lang.Thread.State: TIMED_WAITING
        at java.base@21.0.5/jdk.internal.misc.Unsafe.park(Native Method)
        at java.base@21.0.5/java.util.concurrent.locks.LockSupport.parkNanos(LockSupport.java:269)
        at java.base@21.0.5/java.util.concurrent.locks.AbstractQueuedSynchronizer$ConditionObject.awaitNanos(AbstractQueuedSynchronizer.java:1763)
        at java.base@21.0.5/java.util.concurrent.LinkedBlockingQueue.poll(LinkedBlockingQueue.java:460)
        at app//org.apache.hadoop.ipc.CallQueueManager.take(CallQueueManager.java:370)
        at app//org.apache.hadoop.ipc.Server$Handler.run(Server.java:3165)
"Socket Reader #3 for port 15075"  prio=5 tid=881 runnable
java.lang.Thread.State: RUNNABLE
        at java.base@21.0.5/sun.nio.ch.EPoll.wait(Native Method)
        at java.base@21.0.5/sun.nio.ch.EPollSelectorImpl.doSelect(EPollSelectorImpl.java:121)
        at java.base@21.0.5/sun.nio.ch.SelectorImpl.lockAndDoSelect(SelectorImpl.java:130)
        at java.base@21.0.5/sun.nio.ch.SelectorImpl.select(SelectorImpl.java:147)
        at app//org.apache.hadoop.ipc.Server$Listener$Reader.doRunLoop(Server.java:1497)
        at app//org.apache.hadoop.ipc.Server$Listener$Reader.run(Server.java:1476)
"ac5cad44-c19c-4f65-867f-c0009d6f555c-CloseContainerThread-0"  prio=5 tid=1529 in Object.wait()
java.lang.Thread.State: WAITING (on object monitor)
        at java.base@21.0.5/jdk.internal.misc.Unsafe.park(Native Method)
        at java.base@21.0.5/java.util.concurrent.locks.LockSupport.park(LockSupport.java:371)
        at java.base@21.0.5/java.util.concurrent.locks.AbstractQueuedSynchronizer$ConditionNode.block(AbstractQueuedSynchronizer.java:519)
        at java.base@21.0.5/java.util.concurrent.ForkJoinPool.unmanagedBlock(ForkJoinPool.java:3780)
        at java.base@21.0.5/java.util.concurrent.ForkJoinPool.managedBlock(ForkJoinPool.java:3725)
        at java.base@21.0.5/java.util.concurrent.locks.AbstractQueuedSynchronizer$ConditionObject.await(AbstractQueuedSynchronizer.java:1712)
        at java.base@21.0.5/java.util.concurrent.LinkedBlockingQueue.take(LinkedBlockingQueue.java:435)
        at java.base@21.0.5/java.util.concurrent.ThreadPoolExecutor.getTask(ThreadPoolExecutor.java:1070)
        at java.base@21.0.5/java.util.concurrent.ThreadPoolExecutor.runWorker(ThreadPoolExecutor.java:1130)
        at java.base@21.0.5/java.util.concurrent.ThreadPoolExecutor$Worker.run(ThreadPoolExecutor.java:642)
        at java.base@21.0.5/java.lang.Thread.runWith(Thread.java:1596)
        at java.base@21.0.5/java.lang.Thread.run(Thread.java:1583)
"IPC Server handler 78 on default port 15002" daemon prio=5 tid=417 timed_waiting
java.lang.Thread.State: TIMED_WAITING
        at java.base@21.0.5/jdk.internal.misc.Unsafe.park(Native Method)
        at java.base@21.0.5/java.util.concurrent.locks.LockSupport.parkNanos(LockSupport.java:269)
        at java.base@21.0.5/java.util.concurrent.locks.AbstractQueuedSynchronizer$ConditionObject.awaitNanos(AbstractQueuedSynchronizer.java:1763)
        at java.base@21.0.5/java.util.concurrent.LinkedBlockingQueue.poll(LinkedBlockingQueue.java:460)
        at app//org.apache.hadoop.ipc.CallQueueManager.take(CallQueueManager.java:370)
        at app//org.apache.hadoop.ipc.Server$Handler.run(Server.java:3165)
"IPC Server handler 8 on default port 15039" daemon prio=5 tid=2174 timed_waiting
java.lang.Thread.State: TIMED_WAITING
        at java.base@21.0.5/jdk.internal.misc.Unsafe.park(Native Method)
        at java.base@21.0.5/java.util.concurrent.locks.LockSupport.parkNanos(LockSupport.java:269)
        at java.base@21.0.5/java.util.concurrent.locks.AbstractQueuedSynchronizer$ConditionObject.awaitNanos(AbstractQueuedSynchronizer.java:1763)
        at java.base@21.0.5/java.util.concurrent.LinkedBlockingQueue.poll(LinkedBlockingQueue.java:460)
        at app//org.apache.hadoop.ipc.CallQueueManager.take(CallQueueManager.java:370)
        at app//org.apache.hadoop.ipc.Server$Handler.run(Server.java:3165)
"IPC Server handler 44 on default port 15000" daemon prio=5 tid=165 timed_waiting
java.lang.Thread.State: TIMED_WAITING
        at java.base@21.0.5/jdk.internal.misc.Unsafe.park(Native Method)
        at java.base@21.0.5/java.util.concurrent.locks.LockSupport.parkNanos(LockSupport.java:269)
        at java.base@21.0.5/java.util.concurrent.locks.AbstractQueuedSynchronizer$ConditionObject.awaitNanos(AbstractQueuedSynchronizer.java:1763)
        at java.base@21.0.5/java.util.concurrent.LinkedBlockingQueue.poll(LinkedBlockingQueue.java:460)
        at app//org.apache.hadoop.ipc.CallQueueManager.take(CallQueueManager.java:370)
        at app//org.apache.hadoop.ipc.Server$Handler.run(Server.java:3165)
"IPC Server Responder" daemon prio=5 tid=954 runnable
java.lang.Thread.State: RUNNABLE
        at java.base@21.0.5/sun.nio.ch.EPoll.wait(Native Method)
        at java.base@21.0.5/sun.nio.ch.EPollSelectorImpl.doSelect(EPollSelectorImpl.java:121)
        at java.base@21.0.5/sun.nio.ch.SelectorImpl.lockAndDoSelect(SelectorImpl.java:130)
        at java.base@21.0.5/sun.nio.ch.SelectorImpl.select(SelectorImpl.java:142)
        at app//org.apache.hadoop.ipc.Server$Responder.doRunLoop(Server.java:1733)
        at app//org.apache.hadoop.ipc.Server$Responder.run(Server.java:1716)
"qtp1622563402-532" daemon prio=5 tid=532 timed_waiting
java.lang.Thread.State: TIMED_WAITING
        at java.base@21.0.5/jdk.internal.misc.Unsafe.park(Native Method)
        at java.base@21.0.5/java.util.concurrent.locks.LockSupport.parkNanos(LockSupport.java:269)
        at java.base@21.0.5/java.util.concurrent.locks.AbstractQueuedSynchronizer$ConditionObject.awaitNanos(AbstractQueuedSynchronizer.java:1763)
        at app//org.eclipse.jetty.util.BlockingArrayQueue.poll(BlockingArrayQueue.java:382)
        at app//org.eclipse.jetty.util.thread.QueuedThreadPool$Runner.idleJobPoll(QueuedThreadPool.java:974)
        at app//org.eclipse.jetty.util.thread.QueuedThreadPool$Runner.run(QueuedThreadPool.java:1018)
        at java.base@21.0.5/java.lang.Thread.runWith(Thread.java:1596)
        at java.base@21.0.5/java.lang.Thread.run(Thread.java:1583)
"StaleRecoveringContainerScrubbingService#2" daemon prio=5 tid=1848 in Object.wait()
java.lang.Thread.State: WAITING (on object monitor)
        at java.base@21.0.5/jdk.internal.misc.Unsafe.park(Native Method)
        at java.base@21.0.5/java.util.concurrent.locks.LockSupport.park(LockSupport.java:371)
        at java.base@21.0.5/java.util.concurrent.locks.AbstractQueuedSynchronizer$ConditionNode.block(AbstractQueuedSynchronizer.java:519)
        at java.base@21.0.5/java.util.concurrent.ForkJoinPool.unmanagedBlock(ForkJoinPool.java:3780)
        at java.base@21.0.5/java.util.concurrent.ForkJoinPool.managedBlock(ForkJoinPool.java:3725)
        at java.base@21.0.5/java.util.concurrent.locks.AbstractQueuedSynchronizer$ConditionObject.await(AbstractQueuedSynchronizer.java:1712)
        at java.base@21.0.5/java.util.concurrent.ScheduledThreadPoolExecutor$DelayedWorkQueue.take(ScheduledThreadPoolExecutor.java:1177)
        at java.base@21.0.5/java.util.concurrent.ScheduledThreadPoolExecutor$DelayedWorkQueue.take(ScheduledThreadPoolExecutor.java:899)
        at java.base@21.0.5/java.util.concurrent.ThreadPoolExecutor.getTask(ThreadPoolExecutor.java:1070)
        at java.base@21.0.5/java.util.concurrent.ThreadPoolExecutor.runWorker(ThreadPoolExecutor.java:1130)
        at java.base@21.0.5/java.util.concurrent.ThreadPoolExecutor$Worker.run(ThreadPoolExecutor.java:642)
        at java.base@21.0.5/java.lang.Thread.runWith(Thread.java:1596)
        at java.base@21.0.5/java.lang.Thread.run(Thread.java:1583)
"IPC Server handler 21 on default port 15001" daemon prio=5 tid=242 timed_waiting
java.lang.Thread.State: TIMED_WAITING
        at java.base@21.0.5/jdk.internal.misc.Unsafe.park(Native Method)
        at java.base@21.0.5/java.util.concurrent.locks.LockSupport.parkNanos(LockSupport.java:269)
        at java.base@21.0.5/java.util.concurrent.locks.AbstractQueuedSynchronizer$ConditionObject.awaitNanos(AbstractQueuedSynchronizer.java:1763)
        at java.base@21.0.5/java.util.concurrent.LinkedBlockingQueue.poll(LinkedBlockingQueue.java:460)
        at app//org.apache.hadoop.ipc.CallQueueManager.take(CallQueueManager.java:370)
        at app//org.apache.hadoop.ipc.Server$Handler.run(Server.java:3165)
"Socket Reader #1 for port 15093"  prio=5 tid=1007 runnable
java.lang.Thread.State: RUNNABLE
        at java.base@21.0.5/sun.nio.ch.EPoll.wait(Native Method)
        at java.base@21.0.5/sun.nio.ch.EPollSelectorImpl.doSelect(EPollSelectorImpl.java:121)
        at java.base@21.0.5/sun.nio.ch.SelectorImpl.lockAndDoSelect(SelectorImpl.java:130)
        at java.base@21.0.5/sun.nio.ch.SelectorImpl.select(SelectorImpl.java:147)
        at app//org.apache.hadoop.ipc.Server$Listener$Reader.doRunLoop(Server.java:1497)
        at app//org.apache.hadoop.ipc.Server$Listener$Reader.run(Server.java:1476)
"timer1" daemon prio=5 tid=1363 timed_waiting
java.lang.Thread.State: TIMED_WAITING
        at java.base@21.0.5/java.lang.Object.wait0(Native Method)
        at java.base@21.0.5/java.lang.Object.wait(Object.java:366)
        at java.base@21.0.5/java.util.TimerThread.mainLoop(Timer.java:563)
        at java.base@21.0.5/java.util.TimerThread.run(Timer.java:516)
"qtp1622563402-526" daemon prio=5 tid=526 runnable
java.lang.Thread.State: RUNNABLE
        at java.base@21.0.5/sun.nio.ch.EPoll.wait(Native Method)
        at java.base@21.0.5/sun.nio.ch.EPollSelectorImpl.doSelect(EPollSelectorImpl.java:121)
        at java.base@21.0.5/sun.nio.ch.SelectorImpl.lockAndDoSelect(SelectorImpl.java:130)
        at java.base@21.0.5/sun.nio.ch.SelectorImpl.select(SelectorImpl.java:147)
        at app//org.eclipse.jetty.io.ManagedSelector.nioSelect(ManagedSelector.java:183)
        at app//org.eclipse.jetty.io.ManagedSelector.select(ManagedSelector.java:190)
        at app//org.eclipse.jetty.io.ManagedSelector$SelectorProducer.select(ManagedSelector.java:606)
        at app//org.eclipse.jetty.io.ManagedSelector$SelectorProducer.produce(ManagedSelector.java:543)
        at app//org.eclipse.jetty.util.thread.strategy.EatWhatYouKill.produceTask(EatWhatYouKill.java:362)
        at app//org.eclipse.jetty.util.thread.strategy.EatWhatYouKill.doProduce(EatWhatYouKill.java:186)
        at app//org.eclipse.jetty.util.thread.strategy.EatWhatYouKill.tryProduce(EatWhatYouKill.java:173)
        at app//org.eclipse.jetty.util.thread.strategy.EatWhatYouKill.produce(EatWhatYouKill.java:137)
        at app//org.eclipse.jetty.io.ManagedSelector$$Lambda/0x00007fcfe0662730.run(Unknown Source)
        at app//org.eclipse.jetty.util.thread.QueuedThreadPool.runJob(QueuedThreadPool.java:883)
        at app//org.eclipse.jetty.util.thread.QueuedThreadPool$Runner.run(QueuedThreadPool.java:1034)
        at java.base@21.0.5/java.lang.Thread.runWith(Thread.java:1596)
        at java.base@21.0.5/java.lang.Thread.run(Thread.java:1583)
"Socket Reader #3 for port 15039"  prio=5 tid=2155 runnable
java.lang.Thread.State: RUNNABLE
        at java.base@21.0.5/sun.nio.ch.EPoll.wait(Native Method)
        at java.base@21.0.5/sun.nio.ch.EPollSelectorImpl.doSelect(EPollSelectorImpl.java:121)
        at java.base@21.0.5/sun.nio.ch.SelectorImpl.lockAndDoSelect(SelectorImpl.java:130)
        at java.base@21.0.5/sun.nio.ch.SelectorImpl.select(SelectorImpl.java:147)
        at app//org.apache.hadoop.ipc.Server$Listener$Reader.doRunLoop(Server.java:1497)
        at app//org.apache.hadoop.ipc.Server$Listener$Reader.run(Server.java:1476)
"IPC Server handler 88 on default port 15001" daemon prio=5 tid=309 timed_waiting
java.lang.Thread.State: TIMED_WAITING
        at java.base@21.0.5/jdk.internal.misc.Unsafe.park(Native Method)
        at java.base@21.0.5/java.util.concurrent.locks.LockSupport.parkNanos(LockSupport.java:269)
        at java.base@21.0.5/java.util.concurrent.locks.AbstractQueuedSynchronizer$ConditionObject.awaitNanos(AbstractQueuedSynchronizer.java:1763)
        at java.base@21.0.5/java.util.concurrent.LinkedBlockingQueue.poll(LinkedBlockingQueue.java:460)
        at app//org.apache.hadoop.ipc.CallQueueManager.take(CallQueueManager.java:370)
        at app//org.apache.hadoop.ipc.Server$Handler.run(Server.java:3165)
"IPC Server handler 14 on default port 15006" daemon prio=5 tid=512 timed_waiting
java.lang.Thread.State: TIMED_WAITING
        at java.base@21.0.5/jdk.internal.misc.Unsafe.park(Native Method)
        at java.base@21.0.5/java.util.concurrent.locks.LockSupport.parkNanos(LockSupport.java:269)
        at java.base@21.0.5/java.util.concurrent.locks.AbstractQueuedSynchronizer$ConditionObject.awaitNanos(AbstractQueuedSynchronizer.java:1763)
        at java.base@21.0.5/java.util.concurrent.LinkedBlockingQueue.poll(LinkedBlockingQueue.java:460)
        at app//org.apache.hadoop.ipc.CallQueueManager.take(CallQueueManager.java:370)
        at app//org.apache.hadoop.ipc.Server$Handler.run(Server.java:3165)
"IPC Server handler 30 on default port 15000" daemon prio=5 tid=151 timed_waiting
java.lang.Thread.State: TIMED_WAITING
        at java.base@21.0.5/jdk.internal.misc.Unsafe.park(Native Method)
        at java.base@21.0.5/java.util.concurrent.locks.LockSupport.parkNanos(LockSupport.java:269)
        at java.base@21.0.5/java.util.concurrent.locks.AbstractQueuedSynchronizer$ConditionObject.awaitNanos(AbstractQueuedSynchronizer.java:1763)
        at java.base@21.0.5/java.util.concurrent.LinkedBlockingQueue.poll(LinkedBlockingQueue.java:460)
        at app//org.apache.hadoop.ipc.CallQueueManager.take(CallQueueManager.java:370)
        at app//org.apache.hadoop.ipc.Server$Handler.run(Server.java:3165)
"IPC Server handler 33 on default port 15002" daemon prio=5 tid=372 timed_waiting
java.lang.Thread.State: TIMED_WAITING
        at java.base@21.0.5/jdk.internal.misc.Unsafe.park(Native Method)
        at java.base@21.0.5/java.util.concurrent.locks.LockSupport.parkNanos(LockSupport.java:269)
        at java.base@21.0.5/java.util.concurrent.locks.AbstractQueuedSynchronizer$ConditionObject.awaitNanos(AbstractQueuedSynchronizer.java:1763)
        at java.base@21.0.5/java.util.concurrent.LinkedBlockingQueue.poll(LinkedBlockingQueue.java:460)
        at app//org.apache.hadoop.ipc.CallQueueManager.take(CallQueueManager.java:370)
        at app//org.apache.hadoop.ipc.Server$Handler.run(Server.java:3165)
"Socket Reader #4 for port 15000"  prio=5 tid=93 runnable
java.lang.Thread.State: RUNNABLE
        at java.base@21.0.5/sun.nio.ch.EPoll.wait(Native Method)
        at java.base@21.0.5/sun.nio.ch.EPollSelectorImpl.doSelect(EPollSelectorImpl.java:121)
        at java.base@21.0.5/sun.nio.ch.SelectorImpl.lockAndDoSelect(SelectorImpl.java:130)
        at java.base@21.0.5/sun.nio.ch.SelectorImpl.select(SelectorImpl.java:147)
        at app//org.apache.hadoop.ipc.Server$Listener$Reader.doRunLoop(Server.java:1497)
        at app//org.apache.hadoop.ipc.Server$Listener$Reader.run(Server.java:1476)
"IPC Server handler 52 on default port 15001" daemon prio=5 tid=273 timed_waiting
java.lang.Thread.State: TIMED_WAITING
        at java.base@21.0.5/jdk.internal.misc.Unsafe.park(Native Method)
        at java.base@21.0.5/java.util.concurrent.locks.LockSupport.parkNanos(LockSupport.java:269)
        at java.base@21.0.5/java.util.concurrent.locks.AbstractQueuedSynchronizer$ConditionObject.awaitNanos(AbstractQueuedSynchronizer.java:1763)
        at java.base@21.0.5/java.util.concurrent.LinkedBlockingQueue.poll(LinkedBlockingQueue.java:460)
        at app//org.apache.hadoop.ipc.CallQueueManager.take(CallQueueManager.java:370)
        at app//org.apache.hadoop.ipc.Server$Handler.run(Server.java:3165)
"IPC Server handler 17 on default port 15006" daemon prio=5 tid=515 timed_waiting
java.lang.Thread.State: TIMED_WAITING
        at java.base@21.0.5/jdk.internal.misc.Unsafe.park(Native Method)
        at java.base@21.0.5/java.util.concurrent.locks.LockSupport.parkNanos(LockSupport.java:269)
        at java.base@21.0.5/java.util.concurrent.locks.AbstractQueuedSynchronizer$ConditionObject.awaitNanos(AbstractQueuedSynchronizer.java:1763)
        at java.base@21.0.5/java.util.concurrent.LinkedBlockingQueue.poll(LinkedBlockingQueue.java:460)
        at app//org.apache.hadoop.ipc.CallQueueManager.take(CallQueueManager.java:370)
        at app//org.apache.hadoop.ipc.Server$Handler.run(Server.java:3165)
"grpc-default-executor-1" daemon prio=5 tid=1350 timed_waiting
java.lang.Thread.State: TIMED_WAITING
        at java.base@21.0.5/jdk.internal.misc.Unsafe.park(Native Method)
        at java.base@21.0.5/java.util.concurrent.locks.LockSupport.parkNanos(LockSupport.java:410)
        at java.base@21.0.5/java.util.concurrent.LinkedTransferQueue$DualNode.await(LinkedTransferQueue.java:452)
        at java.base@21.0.5/java.util.concurrent.SynchronousQueue$Transferer.xferLifo(SynchronousQueue.java:194)
        at java.base@21.0.5/java.util.concurrent.SynchronousQueue.xfer(SynchronousQueue.java:235)
        at java.base@21.0.5/java.util.concurrent.SynchronousQueue.poll(SynchronousQueue.java:338)
        at java.base@21.0.5/java.util.concurrent.ThreadPoolExecutor.getTask(ThreadPoolExecutor.java:1069)
        at java.base@21.0.5/java.util.concurrent.ThreadPoolExecutor.runWorker(ThreadPoolExecutor.java:1130)
        at java.base@21.0.5/java.util.concurrent.ThreadPoolExecutor$Worker.run(ThreadPoolExecutor.java:642)
        at java.base@21.0.5/java.lang.Thread.runWith(Thread.java:1596)
        at java.base@21.0.5/java.lang.Thread.run(Thread.java:1583)
"IPC Server handler 10 on default port 15002" daemon prio=5 tid=349 timed_waiting
java.lang.Thread.State: TIMED_WAITING
        at java.base@21.0.5/jdk.internal.misc.Unsafe.park(Native Method)
        at java.base@21.0.5/java.util.concurrent.locks.LockSupport.parkNanos(LockSupport.java:269)
        at java.base@21.0.5/java.util.concurrent.locks.AbstractQueuedSynchronizer$ConditionObject.awaitNanos(AbstractQueuedSynchronizer.java:1763)
        at java.base@21.0.5/java.util.concurrent.LinkedBlockingQueue.poll(LinkedBlockingQueue.java:460)
        at app//org.apache.hadoop.ipc.CallQueueManager.take(CallQueueManager.java:370)
        at app//org.apache.hadoop.ipc.Server$Handler.run(Server.java:3165)
"IPC Server handler 24 on default port 15001" daemon prio=5 tid=245 timed_waiting
java.lang.Thread.State: TIMED_WAITING
        at java.base@21.0.5/jdk.internal.misc.Unsafe.park(Native Method)
        at java.base@21.0.5/java.util.concurrent.locks.LockSupport.parkNanos(LockSupport.java:269)
        at java.base@21.0.5/java.util.concurrent.locks.AbstractQueuedSynchronizer$ConditionObject.awaitNanos(AbstractQueuedSynchronizer.java:1763)
        at java.base@21.0.5/java.util.concurrent.LinkedBlockingQueue.poll(LinkedBlockingQueue.java:460)
        at app//org.apache.hadoop.ipc.CallQueueManager.take(CallQueueManager.java:370)
        at app//org.apache.hadoop.ipc.Server$Handler.run(Server.java:3165)
"IPC Server handler 74 on default port 15001" daemon prio=5 tid=295 timed_waiting
java.lang.Thread.State: TIMED_WAITING
        at java.base@21.0.5/jdk.internal.misc.Unsafe.park(Native Method)
        at java.base@21.0.5/java.util.concurrent.locks.LockSupport.parkNanos(LockSupport.java:269)
        at java.base@21.0.5/java.util.concurrent.locks.AbstractQueuedSynchronizer$ConditionObject.awaitNanos(AbstractQueuedSynchronizer.java:1763)
        at java.base@21.0.5/java.util.concurrent.LinkedBlockingQueue.poll(LinkedBlockingQueue.java:460)
        at app//org.apache.hadoop.ipc.CallQueueManager.take(CallQueueManager.java:370)
        at app//org.apache.hadoop.ipc.Server$Handler.run(Server.java:3165)
"9c1aee78-f037-4e17-b985-0daab5eaf154-CommandProcessorThread" daemon prio=5 tid=841 timed_waiting
java.lang.Thread.State: TIMED_WAITING
        at java.base@21.0.5/java.lang.Thread.sleep0(Native Method)
        at java.base@21.0.5/java.lang.Thread.sleep(Thread.java:509)
        at app//org.apache.hadoop.ozone.container.common.statemachine.DatanodeStateMachine.lambda$initCommandHandlerThread$4(DatanodeStateMachine.java:670)
        at app//org.apache.hadoop.ozone.container.common.statemachine.DatanodeStateMachine$$Lambda/0x00007fcfe07d9b78.run(Unknown Source)
        at java.base@21.0.5/java.lang.Thread.runWith(Thread.java:1596)
        at java.base@21.0.5/java.lang.Thread.run(Thread.java:1583)
"IPC Server handler 64 on default port 15002" daemon prio=5 tid=403 timed_waiting
java.lang.Thread.State: TIMED_WAITING
        at java.base@21.0.5/jdk.internal.misc.Unsafe.park(Native Method)
        at java.base@21.0.5/java.util.concurrent.locks.LockSupport.parkNanos(LockSupport.java:269)
        at java.base@21.0.5/java.util.concurrent.locks.AbstractQueuedSynchronizer$ConditionObject.awaitNanos(AbstractQueuedSynchronizer.java:1763)
        at java.base@21.0.5/java.util.concurrent.LinkedBlockingQueue.poll(LinkedBlockingQueue.java:460)
        at app//org.apache.hadoop.ipc.CallQueueManager.take(CallQueueManager.java:370)
        at app//org.apache.hadoop.ipc.Server$Handler.run(Server.java:3165)
"fc60e07f-496f-42fe-ae82-620152583f87-ContainerOp-8ef3bc64-5854-4584-910e-a7184706d343-9"  prio=5 tid=2183 in Object.wait()
java.lang.Thread.State: WAITING (on object monitor)
        at java.base@21.0.5/jdk.internal.misc.Unsafe.park(Native Method)
        at java.base@21.0.5/java.util.concurrent.locks.LockSupport.park(LockSupport.java:371)
        at java.base@21.0.5/java.util.concurrent.locks.AbstractQueuedSynchronizer$ConditionNode.block(AbstractQueuedSynchronizer.java:519)
        at java.base@21.0.5/java.util.concurrent.ForkJoinPool.unmanagedBlock(ForkJoinPool.java:3780)
        at java.base@21.0.5/java.util.concurrent.ForkJoinPool.managedBlock(ForkJoinPool.java:3725)
        at java.base@21.0.5/java.util.concurrent.locks.AbstractQueuedSynchronizer$ConditionObject.await(AbstractQueuedSynchronizer.java:1712)
        at java.base@21.0.5/java.util.concurrent.LinkedBlockingQueue.take(LinkedBlockingQueue.java:435)
        at java.base@21.0.5/java.util.concurrent.ThreadPoolExecutor.getTask(ThreadPoolExecutor.java:1070)
        at java.base@21.0.5/java.util.concurrent.ThreadPoolExecutor.runWorker(ThreadPoolExecutor.java:1130)
        at java.base@21.0.5/java.util.concurrent.ThreadPoolExecutor$Worker.run(ThreadPoolExecutor.java:642)
        at java.base@21.0.5/java.lang.Thread.runWith(Thread.java:1596)
        at java.base@21.0.5/java.lang.Thread.run(Thread.java:1583)
"IPC Server handler 75 on default port 15000" daemon prio=5 tid=196 timed_waiting
java.lang.Thread.State: TIMED_WAITING
        at java.base@21.0.5/jdk.internal.misc.Unsafe.park(Native Method)
        at java.base@21.0.5/java.util.concurrent.locks.LockSupport.parkNanos(LockSupport.java:269)
        at java.base@21.0.5/java.util.concurrent.locks.AbstractQueuedSynchronizer$ConditionObject.awaitNanos(AbstractQueuedSynchronizer.java:1763)
        at java.base@21.0.5/java.util.concurrent.LinkedBlockingQueue.poll(LinkedBlockingQueue.java:460)
        at app//org.apache.hadoop.ipc.CallQueueManager.take(CallQueueManager.java:370)
        at app//org.apache.hadoop.ipc.Server$Handler.run(Server.java:3165)
"IPC Server handler 33 on default port 15001" daemon prio=5 tid=254 timed_waiting
java.lang.Thread.State: TIMED_WAITING
        at java.base@21.0.5/jdk.internal.misc.Unsafe.park(Native Method)
        at java.base@21.0.5/java.util.concurrent.locks.LockSupport.parkNanos(LockSupport.java:269)
        at java.base@21.0.5/java.util.concurrent.locks.AbstractQueuedSynchronizer$ConditionObject.awaitNanos(AbstractQueuedSynchronizer.java:1763)
        at java.base@21.0.5/java.util.concurrent.LinkedBlockingQueue.poll(LinkedBlockingQueue.java:460)
        at app//org.apache.hadoop.ipc.CallQueueManager.take(CallQueueManager.java:370)
        at app//org.apache.hadoop.ipc.Server$Handler.run(Server.java:3165)
"7c84fc52-fa7b-40d9-a19c-d4e4c83c5fa3@group-D9B980D230C1-StateMachineUpdater" daemon prio=5 tid=1963 timed_waiting
java.lang.Thread.State: TIMED_WAITING
        at java.base@21.0.5/jdk.internal.misc.Unsafe.park(Native Method)
        at java.base@21.0.5/java.util.concurrent.locks.LockSupport.parkNanos(LockSupport.java:269)
        at java.base@21.0.5/java.util.concurrent.locks.AbstractQueuedSynchronizer$ConditionObject.await(AbstractQueuedSynchronizer.java:1852)
        at app//org.apache.ratis.util.AwaitForSignal.await(AwaitForSignal.java:65)
        at app//org.apache.ratis.server.impl.StateMachineUpdater.waitForCommit(StateMachineUpdater.java:219)
        at app//org.apache.ratis.server.impl.StateMachineUpdater.run(StateMachineUpdater.java:187)
        at java.base@21.0.5/java.lang.Thread.runWith(Thread.java:1596)
        at java.base@21.0.5/java.lang.Thread.run(Thread.java:1583)
"Socket Reader #5 for port 15002"  prio=5 tid=66 runnable
java.lang.Thread.State: RUNNABLE
        at java.base@21.0.5/sun.nio.ch.EPoll.wait(Native Method)
        at java.base@21.0.5/sun.nio.ch.EPollSelectorImpl.doSelect(EPollSelectorImpl.java:121)
        at java.base@21.0.5/sun.nio.ch.SelectorImpl.lockAndDoSelect(SelectorImpl.java:130)
        at java.base@21.0.5/sun.nio.ch.SelectorImpl.select(SelectorImpl.java:147)
        at app//org.apache.hadoop.ipc.Server$Listener$Reader.doRunLoop(Server.java:1497)
        at app//org.apache.hadoop.ipc.Server$Listener$Reader.run(Server.java:1476)
"IPC Server handler 7 on default port 15006" daemon prio=5 tid=505 timed_waiting
java.lang.Thread.State: TIMED_WAITING
        at java.base@21.0.5/jdk.internal.misc.Unsafe.park(Native Method)
        at java.base@21.0.5/java.util.concurrent.locks.LockSupport.parkNanos(LockSupport.java:269)
        at java.base@21.0.5/java.util.concurrent.locks.AbstractQueuedSynchronizer$ConditionObject.awaitNanos(AbstractQueuedSynchronizer.java:1763)
        at java.base@21.0.5/java.util.concurrent.LinkedBlockingQueue.poll(LinkedBlockingQueue.java:460)
        at app//org.apache.hadoop.ipc.CallQueueManager.take(CallQueueManager.java:370)
        at app//org.apache.hadoop.ipc.Server$Handler.run(Server.java:3165)
"fc60e07f-496f-42fe-ae82-620152583f87@group-A7184706D343->4ba790b6-f5d5-4c4e-97f5-f1f66fb5d3d4-GrpcLogAppender-LogAppenderDaemon" daemon prio=5 tid=1416 timed_waiting
java.lang.Thread.State: TIMED_WAITING
        at java.base@21.0.5/jdk.internal.misc.Unsafe.park(Native Method)
        at java.base@21.0.5/java.util.concurrent.locks.LockSupport.parkNanos(LockSupport.java:269)
        at java.base@21.0.5/java.util.concurrent.locks.AbstractQueuedSynchronizer$ConditionObject.await(AbstractQueuedSynchronizer.java:1852)
        at app//org.apache.ratis.util.AwaitForSignal.await(AwaitForSignal.java:65)
        at app//org.apache.ratis.grpc.server.GrpcLogAppender.mayWait(GrpcLogAppender.java:290)
        at app//org.apache.ratis.grpc.server.GrpcLogAppender.run(GrpcLogAppender.java:258)
        at app//org.apache.ratis.server.leader.LogAppenderDaemon.run(LogAppenderDaemon.java:80)
        at app//org.apache.ratis.server.leader.LogAppenderDaemon$$Lambda/0x00007fcfe093e000.run(Unknown Source)
        at java.base@21.0.5/java.lang.Thread.runWith(Thread.java:1596)
        at java.base@21.0.5/java.lang.Thread.run(Thread.java:1583)
"91d0dafb-6cb7-42e5-b129-660fdc1902ba-BlockDeletingService#0" daemon prio=5 tid=1166 timed_waiting
java.lang.Thread.State: TIMED_WAITING
        at java.base@21.0.5/jdk.internal.misc.Unsafe.park(Native Method)
        at java.base@21.0.5/java.util.concurrent.locks.LockSupport.parkNanos(LockSupport.java:269)
        at java.base@21.0.5/java.util.concurrent.locks.AbstractQueuedSynchronizer$ConditionObject.awaitNanos(AbstractQueuedSynchronizer.java:1763)
        at java.base@21.0.5/java.util.concurrent.ScheduledThreadPoolExecutor$DelayedWorkQueue.take(ScheduledThreadPoolExecutor.java:1182)
        at java.base@21.0.5/java.util.concurrent.ScheduledThreadPoolExecutor$DelayedWorkQueue.take(ScheduledThreadPoolExecutor.java:899)
        at java.base@21.0.5/java.util.concurrent.ThreadPoolExecutor.getTask(ThreadPoolExecutor.java:1070)
        at java.base@21.0.5/java.util.concurrent.ThreadPoolExecutor.runWorker(ThreadPoolExecutor.java:1130)
        at java.base@21.0.5/java.util.concurrent.ThreadPoolExecutor$Worker.run(ThreadPoolExecutor.java:642)
        at java.base@21.0.5/java.lang.Thread.runWith(Thread.java:1596)
        at java.base@21.0.5/java.lang.Thread.run(Thread.java:1583)
"d1093f6a-6992-456d-ac47-966fa1bbc12e-ChunkWriter-2-0" daemon prio=5 tid=1950 in Object.wait()
java.lang.Thread.State: WAITING (on object monitor)
        at java.base@21.0.5/jdk.internal.misc.Unsafe.park(Native Method)
        at java.base@21.0.5/java.util.concurrent.locks.LockSupport.park(LockSupport.java:371)
        at java.base@21.0.5/java.util.concurrent.locks.AbstractQueuedSynchronizer$ConditionNode.block(AbstractQueuedSynchronizer.java:519)
        at java.base@21.0.5/java.util.concurrent.ForkJoinPool.unmanagedBlock(ForkJoinPool.java:3780)
        at java.base@21.0.5/java.util.concurrent.ForkJoinPool.managedBlock(ForkJoinPool.java:3725)
        at java.base@21.0.5/java.util.concurrent.locks.AbstractQueuedSynchronizer$ConditionObject.await(AbstractQueuedSynchronizer.java:1712)
        at java.base@21.0.5/java.util.concurrent.LinkedBlockingDeque.takeFirst(LinkedBlockingDeque.java:485)
        at java.base@21.0.5/java.util.concurrent.LinkedBlockingDeque.take(LinkedBlockingDeque.java:673)
        at java.base@21.0.5/java.util.concurrent.ThreadPoolExecutor.getTask(ThreadPoolExecutor.java:1070)
        at java.base@21.0.5/java.util.concurrent.ThreadPoolExecutor.runWorker(ThreadPoolExecutor.java:1130)
        at java.base@21.0.5/java.util.concurrent.ThreadPoolExecutor$Worker.run(ThreadPoolExecutor.java:642)
        at java.base@21.0.5/java.lang.Thread.runWith(Thread.java:1596)
        at java.base@21.0.5/java.lang.Thread.run(Thread.java:1583)
"StaleRecoveringContainerScrubbingService#1" daemon prio=5 tid=876 in Object.wait()
java.lang.Thread.State: WAITING (on object monitor)
        at java.base@21.0.5/jdk.internal.misc.Unsafe.park(Native Method)
        at java.base@21.0.5/java.util.concurrent.locks.LockSupport.park(LockSupport.java:371)
        at java.base@21.0.5/java.util.concurrent.locks.AbstractQueuedSynchronizer$ConditionNode.block(AbstractQueuedSynchronizer.java:519)
        at java.base@21.0.5/java.util.concurrent.ForkJoinPool.unmanagedBlock(ForkJoinPool.java:3780)
        at java.base@21.0.5/java.util.concurrent.ForkJoinPool.managedBlock(ForkJoinPool.java:3725)
        at java.base@21.0.5/java.util.concurrent.locks.AbstractQueuedSynchronizer$ConditionObject.await(AbstractQueuedSynchronizer.java:1712)
        at java.base@21.0.5/java.util.concurrent.ScheduledThreadPoolExecutor$DelayedWorkQueue.take(ScheduledThreadPoolExecutor.java:1177)
        at java.base@21.0.5/java.util.concurrent.ScheduledThreadPoolExecutor$DelayedWorkQueue.take(ScheduledThreadPoolExecutor.java:899)
        at java.base@21.0.5/java.util.concurrent.ThreadPoolExecutor.getTask(ThreadPoolExecutor.java:1070)
        at java.base@21.0.5/java.util.concurrent.ThreadPoolExecutor.runWorker(ThreadPoolExecutor.java:1130)
        at java.base@21.0.5/java.util.concurrent.ThreadPoolExecutor$Worker.run(ThreadPoolExecutor.java:642)
        at java.base@21.0.5/java.lang.Thread.runWith(Thread.java:1596)
        at java.base@21.0.5/java.lang.Thread.run(Thread.java:1583)
"91d0dafb-6cb7-42e5-b129-660fdc1902ba-BlockDeletingService#1" daemon prio=5 tid=1168 in Object.wait()
java.lang.Thread.State: WAITING (on object monitor)
        at java.base@21.0.5/jdk.internal.misc.Unsafe.park(Native Method)
        at java.base@21.0.5/java.util.concurrent.locks.LockSupport.park(LockSupport.java:371)
        at java.base@21.0.5/java.util.concurrent.locks.AbstractQueuedSynchronizer$ConditionNode.block(AbstractQueuedSynchronizer.java:519)
        at java.base@21.0.5/java.util.concurrent.ForkJoinPool.unmanagedBlock(ForkJoinPool.java:3780)
        at java.base@21.0.5/java.util.concurrent.ForkJoinPool.managedBlock(ForkJoinPool.java:3725)
        at java.base@21.0.5/java.util.concurrent.locks.AbstractQueuedSynchronizer$ConditionObject.await(AbstractQueuedSynchronizer.java:1712)
        at java.base@21.0.5/java.util.concurrent.ScheduledThreadPoolExecutor$DelayedWorkQueue.take(ScheduledThreadPoolExecutor.java:1177)
        at java.base@21.0.5/java.util.concurrent.ScheduledThreadPoolExecutor$DelayedWorkQueue.take(ScheduledThreadPoolExecutor.java:899)
        at java.base@21.0.5/java.util.concurrent.ThreadPoolExecutor.getTask(ThreadPoolExecutor.java:1070)
        at java.base@21.0.5/java.util.concurrent.ThreadPoolExecutor.runWorker(ThreadPoolExecutor.java:1130)
        at java.base@21.0.5/java.util.concurrent.ThreadPoolExecutor$Worker.run(ThreadPoolExecutor.java:642)
        at java.base@21.0.5/java.lang.Thread.runWith(Thread.java:1596)
        at java.base@21.0.5/java.lang.Thread.run(Thread.java:1583)
"DatanodeAdminManager-0" daemon prio=5 tid=60 timed_waiting
java.lang.Thread.State: TIMED_WAITING
        at java.base@21.0.5/jdk.internal.misc.Unsafe.park(Native Method)
        at java.base@21.0.5/java.util.concurrent.locks.LockSupport.parkNanos(LockSupport.java:269)
        at java.base@21.0.5/java.util.concurrent.locks.AbstractQueuedSynchronizer$ConditionObject.awaitNanos(AbstractQueuedSynchronizer.java:1763)
        at java.base@21.0.5/java.util.concurrent.ScheduledThreadPoolExecutor$DelayedWorkQueue.take(ScheduledThreadPoolExecutor.java:1182)
        at java.base@21.0.5/java.util.concurrent.ScheduledThreadPoolExecutor$DelayedWorkQueue.take(ScheduledThreadPoolExecutor.java:899)
        at java.base@21.0.5/java.util.concurrent.ThreadPoolExecutor.getTask(ThreadPoolExecutor.java:1070)
        at java.base@21.0.5/java.util.concurrent.ThreadPoolExecutor.runWorker(ThreadPoolExecutor.java:1130)
        at java.base@21.0.5/java.util.concurrent.ThreadPoolExecutor$Worker.run(ThreadPoolExecutor.java:642)
        at java.base@21.0.5/java.lang.Thread.runWith(Thread.java:1596)
        at java.base@21.0.5/java.lang.Thread.run(Thread.java:1583)
"fc60e07f-496f-42fe-ae82-620152583f87-groupManagement" daemon prio=5 tid=1241 in Object.wait()
java.lang.Thread.State: WAITING (on object monitor)
        at java.base@21.0.5/jdk.internal.misc.Unsafe.park(Native Method)
        at java.base@21.0.5/java.util.concurrent.locks.LockSupport.park(LockSupport.java:371)
        at java.base@21.0.5/java.util.concurrent.locks.AbstractQueuedSynchronizer$ConditionNode.block(AbstractQueuedSynchronizer.java:519)
        at java.base@21.0.5/java.util.concurrent.ForkJoinPool.unmanagedBlock(ForkJoinPool.java:3780)
        at java.base@21.0.5/java.util.concurrent.ForkJoinPool.managedBlock(ForkJoinPool.java:3725)
        at java.base@21.0.5/java.util.concurrent.locks.AbstractQueuedSynchronizer$ConditionObject.await(AbstractQueuedSynchronizer.java:1712)
        at java.base@21.0.5/java.util.concurrent.LinkedBlockingQueue.take(LinkedBlockingQueue.java:435)
        at java.base@21.0.5/java.util.concurrent.ThreadPoolExecutor.getTask(ThreadPoolExecutor.java:1070)
        at java.base@21.0.5/java.util.concurrent.ThreadPoolExecutor.runWorker(ThreadPoolExecutor.java:1130)
        at java.base@21.0.5/java.util.concurrent.ThreadPoolExecutor$Worker.run(ThreadPoolExecutor.java:642)
        at java.base@21.0.5/java.lang.Thread.runWith(Thread.java:1596)
        at java.base@21.0.5/java.lang.Thread.run(Thread.java:1583)
"7c84fc52-fa7b-40d9-a19c-d4e4c83c5fa3-CommandProcessorThread" daemon prio=5 tid=609 timed_waiting
java.lang.Thread.State: TIMED_WAITING
        at java.base@21.0.5/java.lang.Thread.sleep0(Native Method)
        at java.base@21.0.5/java.lang.Thread.sleep(Thread.java:509)
        at app//org.apache.hadoop.ozone.container.common.statemachine.DatanodeStateMachine.lambda$initCommandHandlerThread$4(DatanodeStateMachine.java:670)
        at app//org.apache.hadoop.ozone.container.common.statemachine.DatanodeStateMachine$$Lambda/0x00007fcfe07d9b78.run(Unknown Source)
        at java.base@21.0.5/java.lang.Thread.runWith(Thread.java:1596)
        at java.base@21.0.5/java.lang.Thread.run(Thread.java:1583)
"ac5cad44-c19c-4f65-867f-c0009d6f555c-CommandProcessorThread" daemon prio=5 tid=563 timed_waiting
java.lang.Thread.State: TIMED_WAITING
        at java.base@21.0.5/java.lang.Thread.sleep0(Native Method)
        at java.base@21.0.5/java.lang.Thread.sleep(Thread.java:509)
        at app//org.apache.hadoop.ozone.container.common.statemachine.DatanodeStateMachine.lambda$initCommandHandlerThread$4(DatanodeStateMachine.java:670)
        at app//org.apache.hadoop.ozone.container.common.statemachine.DatanodeStateMachine$$Lambda/0x00007fcfe07d9b78.run(Unknown Source)
        at java.base@21.0.5/java.lang.Thread.runWith(Thread.java:1596)
        at java.base@21.0.5/java.lang.Thread.run(Thread.java:1583)
"ac5cad44-c19c-4f65-867f-c0009d6f555c-groupManagement"  prio=5 tid=1172 in Object.wait()
java.lang.Thread.State: WAITING (on object monitor)
        at java.base@21.0.5/jdk.internal.misc.Unsafe.park(Native Method)
        at java.base@21.0.5/java.util.concurrent.locks.LockSupport.park(LockSupport.java:371)
        at java.base@21.0.5/java.util.concurrent.locks.AbstractQueuedSynchronizer$ConditionNode.block(AbstractQueuedSynchronizer.java:519)
        at java.base@21.0.5/java.util.concurrent.ForkJoinPool.unmanagedBlock(ForkJoinPool.java:3780)
        at java.base@21.0.5/java.util.concurrent.ForkJoinPool.managedBlock(ForkJoinPool.java:3725)
        at java.base@21.0.5/java.util.concurrent.locks.AbstractQueuedSynchronizer$ConditionObject.await(AbstractQueuedSynchronizer.java:1712)
        at java.base@21.0.5/java.util.concurrent.LinkedBlockingQueue.take(LinkedBlockingQueue.java:435)
        at java.base@21.0.5/java.util.concurrent.ThreadPoolExecutor.getTask(ThreadPoolExecutor.java:1070)
        at java.base@21.0.5/java.util.concurrent.ThreadPoolExecutor.runWorker(ThreadPoolExecutor.java:1130)
        at java.base@21.0.5/java.util.concurrent.ThreadPoolExecutor$Worker.run(ThreadPoolExecutor.java:642)
        at java.base@21.0.5/java.lang.Thread.runWith(Thread.java:1596)
        at java.base@21.0.5/java.lang.Thread.run(Thread.java:1583)
"ac5cad44-c19c-4f65-867f-c0009d6f555c-BlockDeletingService#1" daemon prio=5 tid=877 in Object.wait()
java.lang.Thread.State: WAITING (on object monitor)
        at java.base@21.0.5/jdk.internal.misc.Unsafe.park(Native Method)
        at java.base@21.0.5/java.util.concurrent.locks.LockSupport.park(LockSupport.java:371)
        at java.base@21.0.5/java.util.concurrent.locks.AbstractQueuedSynchronizer$ConditionNode.block(AbstractQueuedSynchronizer.java:519)
        at java.base@21.0.5/java.util.concurrent.ForkJoinPool.unmanagedBlock(ForkJoinPool.java:3780)
        at java.base@21.0.5/java.util.concurrent.ForkJoinPool.managedBlock(ForkJoinPool.java:3725)
        at java.base@21.0.5/java.util.concurrent.locks.AbstractQueuedSynchronizer$ConditionObject.await(AbstractQueuedSynchronizer.java:1712)
        at java.base@21.0.5/java.util.concurrent.ScheduledThreadPoolExecutor$DelayedWorkQueue.take(ScheduledThreadPoolExecutor.java:1177)
        at java.base@21.0.5/java.util.concurrent.ScheduledThreadPoolExecutor$DelayedWorkQueue.take(ScheduledThreadPoolExecutor.java:899)
        at java.base@21.0.5/java.util.concurrent.ThreadPoolExecutor.getTask(ThreadPoolExecutor.java:1070)
        at java.base@21.0.5/java.util.concurrent.ThreadPoolExecutor.runWorker(ThreadPoolExecutor.java:1130)
        at java.base@21.0.5/java.util.concurrent.ThreadPoolExecutor$Worker.run(ThreadPoolExecutor.java:642)
        at java.base@21.0.5/java.lang.Thread.runWith(Thread.java:1596)
        at java.base@21.0.5/java.lang.Thread.run(Thread.java:1583)
"timer0" daemon prio=5 tid=1391 timed_waiting
java.lang.Thread.State: TIMED_WAITING
        at java.base@21.0.5/java.lang.Object.wait0(Native Method)
        at java.base@21.0.5/java.lang.Object.wait(Object.java:366)
        at java.base@21.0.5/java.util.TimerThread.mainLoop(Timer.java:563)
        at java.base@21.0.5/java.util.TimerThread.run(Timer.java:516)
"qtp1570121683-578" daemon prio=5 tid=578 timed_waiting
java.lang.Thread.State: TIMED_WAITING
        at java.base@21.0.5/jdk.internal.misc.Unsafe.park(Native Method)
        at java.base@21.0.5/java.util.concurrent.locks.LockSupport.parkNanos(LockSupport.java:269)
        at java.base@21.0.5/java.util.concurrent.locks.AbstractQueuedSynchronizer$ConditionObject.awaitNanos(AbstractQueuedSynchronizer.java:1763)
        at app//org.eclipse.jetty.util.BlockingArrayQueue.poll(BlockingArrayQueue.java:382)
        at app//org.eclipse.jetty.util.thread.QueuedThreadPool$Runner.idleJobPoll(QueuedThreadPool.java:974)
        at app//org.eclipse.jetty.util.thread.QueuedThreadPool$Runner.run(QueuedThreadPool.java:1018)
        at java.base@21.0.5/java.lang.Thread.runWith(Thread.java:1596)
        at java.base@21.0.5/java.lang.Thread.run(Thread.java:1583)
"17963aff-71fe-4a8f-bd2e-c405ff93174f@group-31157D531563-FollowerState" daemon prio=5 tid=1491 timed_waiting
java.lang.Thread.State: TIMED_WAITING
        at java.base@21.0.5/java.lang.Thread.sleep0(Native Method)
        at java.base@21.0.5/java.lang.Thread.sleep(Thread.java:558)
        at java.base@21.0.5/java.util.concurrent.TimeUnit.sleep(TimeUnit.java:446)
        at app//org.apache.ratis.util.TimeDuration.sleep(TimeDuration.java:353)
        at app//org.apache.ratis.util.TimeDuration.sleep(TimeDuration.java:338)
        at app//org.apache.ratis.server.impl.FollowerState.runImpl(FollowerState.java:149)
        at app//org.apache.ratis.server.impl.FollowerState.run(FollowerState.java:130)
"om1-SstFilteringService#0" daemon prio=5 tid=476 timed_waiting
java.lang.Thread.State: TIMED_WAITING
        at java.base@21.0.5/jdk.internal.misc.Unsafe.park(Native Method)
        at java.base@21.0.5/java.util.concurrent.locks.LockSupport.parkNanos(LockSupport.java:269)
        at java.base@21.0.5/java.util.concurrent.locks.AbstractQueuedSynchronizer$ConditionObject.awaitNanos(AbstractQueuedSynchronizer.java:1763)
        at java.base@21.0.5/java.util.concurrent.ScheduledThreadPoolExecutor$DelayedWorkQueue.take(ScheduledThreadPoolExecutor.java:1182)
        at java.base@21.0.5/java.util.concurrent.ScheduledThreadPoolExecutor$DelayedWorkQueue.take(ScheduledThreadPoolExecutor.java:899)
        at java.base@21.0.5/java.util.concurrent.ThreadPoolExecutor.getTask(ThreadPoolExecutor.java:1070)
        at java.base@21.0.5/java.util.concurrent.ThreadPoolExecutor.runWorker(ThreadPoolExecutor.java:1130)
        at java.base@21.0.5/java.util.concurrent.ThreadPoolExecutor$Worker.run(ThreadPoolExecutor.java:642)
        at java.base@21.0.5/java.lang.Thread.runWith(Thread.java:1596)
        at java.base@21.0.5/java.lang.Thread.run(Thread.java:1583)
"7c84fc52-fa7b-40d9-a19c-d4e4c83c5fa3-ChunkReader-0" daemon prio=5 tid=1556 in Object.wait()
java.lang.Thread.State: WAITING (on object monitor)
        at java.base@21.0.5/jdk.internal.misc.Unsafe.park(Native Method)
        at java.base@21.0.5/java.util.concurrent.locks.LockSupport.park(LockSupport.java:371)
        at java.base@21.0.5/java.util.concurrent.locks.AbstractQueuedSynchronizer$ConditionNode.block(AbstractQueuedSynchronizer.java:519)
        at java.base@21.0.5/java.util.concurrent.ForkJoinPool.unmanagedBlock(ForkJoinPool.java:3780)
        at java.base@21.0.5/java.util.concurrent.ForkJoinPool.managedBlock(ForkJoinPool.java:3725)
        at java.base@21.0.5/java.util.concurrent.locks.AbstractQueuedSynchronizer$ConditionObject.await(AbstractQueuedSynchronizer.java:1712)
        at java.base@21.0.5/java.util.concurrent.LinkedBlockingQueue.take(LinkedBlockingQueue.java:435)
        at java.base@21.0.5/java.util.concurrent.ThreadPoolExecutor.getTask(ThreadPoolExecutor.java:1070)
        at java.base@21.0.5/java.util.concurrent.ThreadPoolExecutor.runWorker(ThreadPoolExecutor.java:1130)
        at java.base@21.0.5/java.util.concurrent.ThreadPoolExecutor$Worker.run(ThreadPoolExecutor.java:642)
        at java.base@21.0.5/java.lang.Thread.runWith(Thread.java:1596)
        at java.base@21.0.5/java.lang.Thread.run(Thread.java:1583)
"Socket Reader #6 for port 15001"  prio=5 tid=81 runnable
java.lang.Thread.State: RUNNABLE
        at java.base@21.0.5/sun.nio.ch.EPoll.wait(Native Method)
        at java.base@21.0.5/sun.nio.ch.EPollSelectorImpl.doSelect(EPollSelectorImpl.java:121)
        at java.base@21.0.5/sun.nio.ch.SelectorImpl.lockAndDoSelect(SelectorImpl.java:130)
        at java.base@21.0.5/sun.nio.ch.SelectorImpl.select(SelectorImpl.java:147)
        at app//org.apache.hadoop.ipc.Server$Listener$Reader.doRunLoop(Server.java:1497)
        at app//org.apache.hadoop.ipc.Server$Listener$Reader.run(Server.java:1476)
"IPC Server handler 4 on default port 15000" daemon prio=5 tid=125 timed_waiting
java.lang.Thread.State: TIMED_WAITING
        at java.base@21.0.5/jdk.internal.misc.Unsafe.park(Native Method)
        at java.base@21.0.5/java.util.concurrent.locks.LockSupport.parkNanos(LockSupport.java:269)
        at java.base@21.0.5/java.util.concurrent.locks.AbstractQueuedSynchronizer$ConditionObject.awaitNanos(AbstractQueuedSynchronizer.java:1763)
        at java.base@21.0.5/java.util.concurrent.LinkedBlockingQueue.poll(LinkedBlockingQueue.java:460)
        at app//org.apache.hadoop.ipc.CallQueueManager.take(CallQueueManager.java:370)
        at app//org.apache.hadoop.ipc.Server$Handler.run(Server.java:3165)
"91d0dafb-6cb7-42e5-b129-660fdc1902ba-ChunkWriter-1-0" daemon prio=5 tid=1161 in Object.wait()
java.lang.Thread.State: WAITING (on object monitor)
        at java.base@21.0.5/jdk.internal.misc.Unsafe.park(Native Method)
        at java.base@21.0.5/java.util.concurrent.locks.LockSupport.park(LockSupport.java:371)
        at java.base@21.0.5/java.util.concurrent.locks.AbstractQueuedSynchronizer$ConditionNode.block(AbstractQueuedSynchronizer.java:519)
        at java.base@21.0.5/java.util.concurrent.ForkJoinPool.unmanagedBlock(ForkJoinPool.java:3780)
        at java.base@21.0.5/java.util.concurrent.ForkJoinPool.managedBlock(ForkJoinPool.java:3725)
        at java.base@21.0.5/java.util.concurrent.locks.AbstractQueuedSynchronizer$ConditionObject.await(AbstractQueuedSynchronizer.java:1712)
        at java.base@21.0.5/java.util.concurrent.LinkedBlockingDeque.takeFirst(LinkedBlockingDeque.java:485)
        at java.base@21.0.5/java.util.concurrent.LinkedBlockingDeque.take(LinkedBlockingDeque.java:673)
        at java.base@21.0.5/java.util.concurrent.ThreadPoolExecutor.getTask(ThreadPoolExecutor.java:1070)
        at java.base@21.0.5/java.util.concurrent.ThreadPoolExecutor.runWorker(ThreadPoolExecutor.java:1130)
        at java.base@21.0.5/java.util.concurrent.ThreadPoolExecutor$Worker.run(ThreadPoolExecutor.java:642)
        at java.base@21.0.5/java.lang.Thread.runWith(Thread.java:1596)
        at java.base@21.0.5/java.lang.Thread.run(Thread.java:1583)
"Socket Reader #6 for port 15002"  prio=5 tid=67 runnable
java.lang.Thread.State: RUNNABLE
        at java.base@21.0.5/sun.nio.ch.EPoll.wait(Native Method)
        at java.base@21.0.5/sun.nio.ch.EPollSelectorImpl.doSelect(EPollSelectorImpl.java:121)
        at java.base@21.0.5/sun.nio.ch.SelectorImpl.lockAndDoSelect(SelectorImpl.java:130)
        at java.base@21.0.5/sun.nio.ch.SelectorImpl.select(SelectorImpl.java:147)
        at app//org.apache.hadoop.ipc.Server$Listener$Reader.doRunLoop(Server.java:1497)
        at app//org.apache.hadoop.ipc.Server$Listener$Reader.run(Server.java:1476)
"IPC Server handler 41 on default port 15001" daemon prio=5 tid=262 timed_waiting
java.lang.Thread.State: TIMED_WAITING
        at java.base@21.0.5/jdk.internal.misc.Unsafe.park(Native Method)
        at java.base@21.0.5/java.util.concurrent.locks.LockSupport.parkNanos(LockSupport.java:269)
        at java.base@21.0.5/java.util.concurrent.locks.AbstractQueuedSynchronizer$ConditionObject.awaitNanos(AbstractQueuedSynchronizer.java:1763)
        at java.base@21.0.5/java.util.concurrent.LinkedBlockingQueue.poll(LinkedBlockingQueue.java:460)
        at app//org.apache.hadoop.ipc.CallQueueManager.take(CallQueueManager.java:370)
        at app//org.apache.hadoop.ipc.Server$Handler.run(Server.java:3165)
"qtp223830602-492" daemon prio=5 tid=492 timed_waiting
java.lang.Thread.State: TIMED_WAITING
        at java.base@21.0.5/jdk.internal.misc.Unsafe.park(Native Method)
        at java.base@21.0.5/java.util.concurrent.locks.LockSupport.parkNanos(LockSupport.java:269)
        at java.base@21.0.5/java.util.concurrent.locks.AbstractQueuedSynchronizer$ConditionObject.awaitNanos(AbstractQueuedSynchronizer.java:1763)
        at app//org.eclipse.jetty.util.BlockingArrayQueue.poll(BlockingArrayQueue.java:382)
        at app//org.eclipse.jetty.util.thread.QueuedThreadPool$Runner.idleJobPoll(QueuedThreadPool.java:974)
        at app//org.eclipse.jetty.util.thread.QueuedThreadPool$Runner.run(QueuedThreadPool.java:1018)
        at java.base@21.0.5/java.lang.Thread.runWith(Thread.java:1596)
        at java.base@21.0.5/java.lang.Thread.run(Thread.java:1583)
"IPC Server handler 5 on default port 15012" daemon prio=5 tid=553 timed_waiting
java.lang.Thread.State: TIMED_WAITING
        at java.base@21.0.5/jdk.internal.misc.Unsafe.park(Native Method)
        at java.base@21.0.5/java.util.concurrent.locks.LockSupport.parkNanos(LockSupport.java:269)
        at java.base@21.0.5/java.util.concurrent.locks.AbstractQueuedSynchronizer$ConditionObject.awaitNanos(AbstractQueuedSynchronizer.java:1763)
        at java.base@21.0.5/java.util.concurrent.LinkedBlockingQueue.poll(LinkedBlockingQueue.java:460)
        at app//org.apache.hadoop.ipc.CallQueueManager.take(CallQueueManager.java:370)
        at app//org.apache.hadoop.ipc.Server$Handler.run(Server.java:3165)
"Socket Reader #7 for port 15001"  prio=5 tid=82 runnable
java.lang.Thread.State: RUNNABLE
        at java.base@21.0.5/sun.nio.ch.EPoll.wait(Native Method)
        at java.base@21.0.5/sun.nio.ch.EPollSelectorImpl.doSelect(EPollSelectorImpl.java:121)
        at java.base@21.0.5/sun.nio.ch.SelectorImpl.lockAndDoSelect(SelectorImpl.java:130)
        at java.base@21.0.5/sun.nio.ch.SelectorImpl.select(SelectorImpl.java:147)
        at app//org.apache.hadoop.ipc.Server$Listener$Reader.doRunLoop(Server.java:1497)
        at app//org.apache.hadoop.ipc.Server$Listener$Reader.run(Server.java:1476)
"7c84fc52-fa7b-40d9-a19c-d4e4c83c5fa3-ChunkWriter-2-0" daemon prio=5 tid=934 in Object.wait()
java.lang.Thread.State: WAITING (on object monitor)
        at java.base@21.0.5/jdk.internal.misc.Unsafe.park(Native Method)
        at java.base@21.0.5/java.util.concurrent.locks.LockSupport.park(LockSupport.java:371)
        at java.base@21.0.5/java.util.concurrent.locks.AbstractQueuedSynchronizer$ConditionNode.block(AbstractQueuedSynchronizer.java:519)
        at java.base@21.0.5/java.util.concurrent.ForkJoinPool.unmanagedBlock(ForkJoinPool.java:3780)
        at java.base@21.0.5/java.util.concurrent.ForkJoinPool.managedBlock(ForkJoinPool.java:3725)
        at java.base@21.0.5/java.util.concurrent.locks.AbstractQueuedSynchronizer$ConditionObject.await(AbstractQueuedSynchronizer.java:1712)
        at java.base@21.0.5/java.util.concurrent.LinkedBlockingDeque.takeFirst(LinkedBlockingDeque.java:485)
        at java.base@21.0.5/java.util.concurrent.LinkedBlockingDeque.take(LinkedBlockingDeque.java:673)
        at java.base@21.0.5/java.util.concurrent.ThreadPoolExecutor.getTask(ThreadPoolExecutor.java:1070)
        at java.base@21.0.5/java.util.concurrent.ThreadPoolExecutor.runWorker(ThreadPoolExecutor.java:1130)
        at java.base@21.0.5/java.util.concurrent.ThreadPoolExecutor$Worker.run(ThreadPoolExecutor.java:642)
        at java.base@21.0.5/java.lang.Thread.runWith(Thread.java:1596)
        at java.base@21.0.5/java.lang.Thread.run(Thread.java:1583)
"17963aff-71fe-4a8f-bd2e-c405ff93174f-server-thread2" daemon prio=5 tid=1481 timed_waiting
java.lang.Thread.State: TIMED_WAITING
        at java.base@21.0.5/jdk.internal.misc.Unsafe.park(Native Method)
        at java.base@21.0.5/java.util.concurrent.locks.LockSupport.parkNanos(LockSupport.java:410)
        at java.base@21.0.5/java.util.concurrent.LinkedTransferQueue$DualNode.await(LinkedTransferQueue.java:452)
        at java.base@21.0.5/java.util.concurrent.SynchronousQueue$Transferer.xferLifo(SynchronousQueue.java:194)
        at java.base@21.0.5/java.util.concurrent.SynchronousQueue.xfer(SynchronousQueue.java:235)
        at java.base@21.0.5/java.util.concurrent.SynchronousQueue.poll(SynchronousQueue.java:338)
        at java.base@21.0.5/java.util.concurrent.ThreadPoolExecutor.getTask(ThreadPoolExecutor.java:1069)
        at java.base@21.0.5/java.util.concurrent.ThreadPoolExecutor.runWorker(ThreadPoolExecutor.java:1130)
        at java.base@21.0.5/java.util.concurrent.ThreadPoolExecutor$Worker.run(ThreadPoolExecutor.java:642)
        at java.base@21.0.5/java.lang.Thread.runWith(Thread.java:1596)
        at java.base@21.0.5/java.lang.Thread.run(Thread.java:1583)
"91d0dafb-6cb7-42e5-b129-660fdc1902ba@group-0394EB5B4624-StateMachineUpdater" daemon prio=5 tid=1344 timed_waiting
java.lang.Thread.State: TIMED_WAITING
        at java.base@21.0.5/jdk.internal.misc.Unsafe.park(Native Method)
        at java.base@21.0.5/java.util.concurrent.locks.LockSupport.parkNanos(LockSupport.java:269)
        at java.base@21.0.5/java.util.concurrent.locks.AbstractQueuedSynchronizer$ConditionObject.await(AbstractQueuedSynchronizer.java:1852)
        at app//org.apache.ratis.util.AwaitForSignal.await(AwaitForSignal.java:65)
        at app//org.apache.ratis.server.impl.StateMachineUpdater.waitForCommit(StateMachineUpdater.java:219)
        at app//org.apache.ratis.server.impl.StateMachineUpdater.run(StateMachineUpdater.java:187)
        at java.base@21.0.5/java.lang.Thread.runWith(Thread.java:1596)
        at java.base@21.0.5/java.lang.Thread.run(Thread.java:1583)
"IPC Server handler 92 on default port 15000" daemon prio=5 tid=213 timed_waiting
java.lang.Thread.State: TIMED_WAITING
        at java.base@21.0.5/jdk.internal.misc.Unsafe.park(Native Method)
        at java.base@21.0.5/java.util.concurrent.locks.LockSupport.parkNanos(LockSupport.java:269)
        at java.base@21.0.5/java.util.concurrent.locks.AbstractQueuedSynchronizer$ConditionObject.awaitNanos(AbstractQueuedSynchronizer.java:1763)
        at java.base@21.0.5/java.util.concurrent.LinkedBlockingQueue.poll(LinkedBlockingQueue.java:460)
        at app//org.apache.hadoop.ipc.CallQueueManager.take(CallQueueManager.java:370)
        at app//org.apache.hadoop.ipc.Server$Handler.run(Server.java:3165)
"IPC Server handler 18 on default port 15001" daemon prio=5 tid=239 timed_waiting
java.lang.Thread.State: TIMED_WAITING
        at java.base@21.0.5/jdk.internal.misc.Unsafe.park(Native Method)
        at java.base@21.0.5/java.util.concurrent.locks.LockSupport.parkNanos(LockSupport.java:269)
        at java.base@21.0.5/java.util.concurrent.locks.AbstractQueuedSynchronizer$ConditionObject.awaitNanos(AbstractQueuedSynchronizer.java:1763)
        at java.base@21.0.5/java.util.concurrent.LinkedBlockingQueue.poll(LinkedBlockingQueue.java:460)
        at app//org.apache.hadoop.ipc.CallQueueManager.take(CallQueueManager.java:370)
        at app//org.apache.hadoop.ipc.Server$Handler.run(Server.java:3165)
"Socket Reader #2 for port 15021"  prio=5 tid=582 runnable
java.lang.Thread.State: RUNNABLE
        at java.base@21.0.5/sun.nio.ch.EPoll.wait(Native Method)
        at java.base@21.0.5/sun.nio.ch.EPollSelectorImpl.doSelect(EPollSelectorImpl.java:121)
        at java.base@21.0.5/sun.nio.ch.SelectorImpl.lockAndDoSelect(SelectorImpl.java:130)
        at java.base@21.0.5/sun.nio.ch.SelectorImpl.select(SelectorImpl.java:147)
        at app//org.apache.hadoop.ipc.Server$Listener$Reader.doRunLoop(Server.java:1497)
        at app//org.apache.hadoop.ipc.Server$Listener$Reader.run(Server.java:1476)
"ContainerDataScanner(/home/runner/work/ozone/ozone/hadoop-ozone/integration-test/target/test-dir/MiniOzoneClusterImpl-7d8e89df-ef81-4ba3-8c0c-8d2bb8f5309d/ozone-meta/datanode-3/data-0/hdds)" daemon prio=5 tid=1947 timed_waiting
java.lang.Thread.State: TIMED_WAITING
        at java.base@21.0.5/java.lang.Thread.sleep0(Native Method)
        at java.base@21.0.5/java.lang.Thread.sleep(Thread.java:509)
        at app//org.apache.hadoop.ozone.container.ozoneimpl.AbstractBackgroundContainerScanner.handleRemainingSleep(AbstractBackgroundContainerScanner.java:131)
        at app//org.apache.hadoop.ozone.container.ozoneimpl.AbstractBackgroundContainerScanner.runIteration(AbstractBackgroundContainerScanner.java:98)
        at app//org.apache.hadoop.ozone.container.ozoneimpl.AbstractBackgroundContainerScanner.run(AbstractBackgroundContainerScanner.java:57)
"4ba790b6-f5d5-4c4e-97f5-f1f66fb5d3d4-CloseContainerThread-0"  prio=5 tid=1459 in Object.wait()
java.lang.Thread.State: WAITING (on object monitor)
        at java.base@21.0.5/jdk.internal.misc.Unsafe.park(Native Method)
        at java.base@21.0.5/java.util.concurrent.locks.LockSupport.park(LockSupport.java:371)
        at java.base@21.0.5/java.util.concurrent.locks.AbstractQueuedSynchronizer$ConditionNode.block(AbstractQueuedSynchronizer.java:519)
        at java.base@21.0.5/java.util.concurrent.ForkJoinPool.unmanagedBlock(ForkJoinPool.java:3780)
        at java.base@21.0.5/java.util.concurrent.ForkJoinPool.managedBlock(ForkJoinPool.java:3725)
        at java.base@21.0.5/java.util.concurrent.locks.AbstractQueuedSynchronizer$ConditionObject.await(AbstractQueuedSynchronizer.java:1712)
        at java.base@21.0.5/java.util.concurrent.LinkedBlockingQueue.take(LinkedBlockingQueue.java:435)
        at java.base@21.0.5/java.util.concurrent.ThreadPoolExecutor.getTask(ThreadPoolExecutor.java:1070)
        at java.base@21.0.5/java.util.concurrent.ThreadPoolExecutor.runWorker(ThreadPoolExecutor.java:1130)
        at java.base@21.0.5/java.util.concurrent.ThreadPoolExecutor$Worker.run(ThreadPoolExecutor.java:642)
        at java.base@21.0.5/java.lang.Thread.runWith(Thread.java:1596)
        at java.base@21.0.5/java.lang.Thread.run(Thread.java:1583)
"om1-MultipartUploadCleanupService#0" daemon prio=5 tid=482 timed_waiting
java.lang.Thread.State: TIMED_WAITING
        at java.base@21.0.5/jdk.internal.misc.Unsafe.park(Native Method)
        at java.base@21.0.5/java.util.concurrent.locks.LockSupport.parkNanos(LockSupport.java:269)
        at java.base@21.0.5/java.util.concurrent.locks.AbstractQueuedSynchronizer$ConditionObject.awaitNanos(AbstractQueuedSynchronizer.java:1763)
        at java.base@21.0.5/java.util.concurrent.ScheduledThreadPoolExecutor$DelayedWorkQueue.take(ScheduledThreadPoolExecutor.java:1182)
        at java.base@21.0.5/java.util.concurrent.ScheduledThreadPoolExecutor$DelayedWorkQueue.take(ScheduledThreadPoolExecutor.java:899)
        at java.base@21.0.5/java.util.concurrent.ThreadPoolExecutor.getTask(ThreadPoolExecutor.java:1070)
        at java.base@21.0.5/java.util.concurrent.ThreadPoolExecutor.runWorker(ThreadPoolExecutor.java:1130)
        at java.base@21.0.5/java.util.concurrent.ThreadPoolExecutor$Worker.run(ThreadPoolExecutor.java:642)
        at java.base@21.0.5/java.lang.Thread.runWith(Thread.java:1596)
        at java.base@21.0.5/java.lang.Thread.run(Thread.java:1583)
"ac5cad44-c19c-4f65-867f-c0009d6f555c-server-thread2" daemon prio=5 tid=2246 timed_waiting
java.lang.Thread.State: TIMED_WAITING
        at java.base@21.0.5/jdk.internal.misc.Unsafe.park(Native Method)
        at java.base@21.0.5/java.util.concurrent.locks.LockSupport.parkNanos(LockSupport.java:410)
        at java.base@21.0.5/java.util.concurrent.LinkedTransferQueue$DualNode.await(LinkedTransferQueue.java:452)
        at java.base@21.0.5/java.util.concurrent.SynchronousQueue$Transferer.xferLifo(SynchronousQueue.java:194)
        at java.base@21.0.5/java.util.concurrent.SynchronousQueue.xfer(SynchronousQueue.java:235)
        at java.base@21.0.5/java.util.concurrent.SynchronousQueue.poll(SynchronousQueue.java:338)
        at java.base@21.0.5/java.util.concurrent.ThreadPoolExecutor.getTask(ThreadPoolExecutor.java:1069)
        at java.base@21.0.5/java.util.concurrent.ThreadPoolExecutor.runWorker(ThreadPoolExecutor.java:1130)
        at java.base@21.0.5/java.util.concurrent.ThreadPoolExecutor$Worker.run(ThreadPoolExecutor.java:642)
        at java.base@21.0.5/java.lang.Thread.runWith(Thread.java:1596)
        at java.base@21.0.5/java.lang.Thread.run(Thread.java:1583)
"Socket Reader #8 for port 15002"  prio=5 tid=69 runnable
java.lang.Thread.State: RUNNABLE
        at java.base@21.0.5/sun.nio.ch.EPoll.wait(Native Method)
        at java.base@21.0.5/sun.nio.ch.EPollSelectorImpl.doSelect(EPollSelectorImpl.java:121)
        at java.base@21.0.5/sun.nio.ch.SelectorImpl.lockAndDoSelect(SelectorImpl.java:130)
        at java.base@21.0.5/sun.nio.ch.SelectorImpl.select(SelectorImpl.java:147)
        at app//org.apache.hadoop.ipc.Server$Listener$Reader.doRunLoop(Server.java:1497)
        at app//org.apache.hadoop.ipc.Server$Listener$Reader.run(Server.java:1476)
"IPC Server idle connection scanner for port 15021" daemon prio=5 tid=591 timed_waiting
java.lang.Thread.State: TIMED_WAITING
        at java.base@21.0.5/java.lang.Object.wait0(Native Method)
        at java.base@21.0.5/java.lang.Object.wait(Object.java:366)
        at java.base@21.0.5/java.util.TimerThread.mainLoop(Timer.java:563)
        at java.base@21.0.5/java.util.TimerThread.run(Timer.java:516)
"Socket Reader #6 for port 15021"  prio=5 tid=586 runnable
java.lang.Thread.State: RUNNABLE
        at java.base@21.0.5/sun.nio.ch.EPoll.wait(Native Method)
        at java.base@21.0.5/sun.nio.ch.EPollSelectorImpl.doSelect(EPollSelectorImpl.java:121)
        at java.base@21.0.5/sun.nio.ch.SelectorImpl.lockAndDoSelect(SelectorImpl.java:130)
        at java.base@21.0.5/sun.nio.ch.SelectorImpl.select(SelectorImpl.java:147)
        at app//org.apache.hadoop.ipc.Server$Listener$Reader.doRunLoop(Server.java:1497)
        at app//org.apache.hadoop.ipc.Server$Listener$Reader.run(Server.java:1476)
"IPC Server handler 1 on default port 15000" daemon prio=5 tid=122 timed_waiting
java.lang.Thread.State: TIMED_WAITING
        at java.base@21.0.5/jdk.internal.misc.Unsafe.park(Native Method)
        at java.base@21.0.5/java.util.concurrent.locks.LockSupport.parkNanos(LockSupport.java:269)
        at java.base@21.0.5/java.util.concurrent.locks.AbstractQueuedSynchronizer$ConditionObject.awaitNanos(AbstractQueuedSynchronizer.java:1763)
        at java.base@21.0.5/java.util.concurrent.LinkedBlockingQueue.poll(LinkedBlockingQueue.java:460)
        at app//org.apache.hadoop.ipc.CallQueueManager.take(CallQueueManager.java:370)
        at app//org.apache.hadoop.ipc.Server$Handler.run(Server.java:3165)
"IPC Server handler 14 on default port 15001" daemon prio=5 tid=235 timed_waiting
java.lang.Thread.State: TIMED_WAITING
        at java.base@21.0.5/jdk.internal.misc.Unsafe.park(Native Method)
        at java.base@21.0.5/java.util.concurrent.locks.LockSupport.parkNanos(LockSupport.java:269)
        at java.base@21.0.5/java.util.concurrent.locks.AbstractQueuedSynchronizer$ConditionObject.awaitNanos(AbstractQueuedSynchronizer.java:1763)
        at java.base@21.0.5/java.util.concurrent.LinkedBlockingQueue.poll(LinkedBlockingQueue.java:460)
        at app//org.apache.hadoop.ipc.CallQueueManager.take(CallQueueManager.java:370)
        at app//org.apache.hadoop.ipc.Server$Handler.run(Server.java:3165)
"pool-64-thread-1"  prio=5 tid=488 timed_waiting
java.lang.Thread.State: TIMED_WAITING
        at java.base@21.0.5/jdk.internal.misc.Unsafe.park(Native Method)
        at java.base@21.0.5/java.util.concurrent.locks.LockSupport.parkNanos(LockSupport.java:269)
        at java.base@21.0.5/java.util.concurrent.locks.AbstractQueuedSynchronizer$ConditionObject.awaitNanos(AbstractQueuedSynchronizer.java:1763)
        at java.base@21.0.5/java.util.concurrent.ScheduledThreadPoolExecutor$DelayedWorkQueue.take(ScheduledThreadPoolExecutor.java:1182)
        at java.base@21.0.5/java.util.concurrent.ScheduledThreadPoolExecutor$DelayedWorkQueue.take(ScheduledThreadPoolExecutor.java:899)
        at java.base@21.0.5/java.util.concurrent.ThreadPoolExecutor.getTask(ThreadPoolExecutor.java:1070)
        at java.base@21.0.5/java.util.concurrent.ThreadPoolExecutor.runWorker(ThreadPoolExecutor.java:1130)
        at java.base@21.0.5/java.util.concurrent.ThreadPoolExecutor$Worker.run(ThreadPoolExecutor.java:642)
        at java.base@21.0.5/java.lang.Thread.runWith(Thread.java:1596)
        at java.base@21.0.5/java.lang.Thread.run(Thread.java:1583)
"FixedThreadPoolWithAffinityExecutor-2-0" daemon prio=5 tid=105 timed_waiting
java.lang.Thread.State: TIMED_WAITING
        at java.base@21.0.5/jdk.internal.misc.Unsafe.park(Native Method)
        at java.base@21.0.5/java.util.concurrent.locks.LockSupport.parkNanos(LockSupport.java:269)
        at java.base@21.0.5/java.util.concurrent.locks.AbstractQueuedSynchronizer$ConditionObject.awaitNanos(AbstractQueuedSynchronizer.java:1763)
        at java.base@21.0.5/java.util.concurrent.LinkedBlockingQueue.poll(LinkedBlockingQueue.java:460)
        at app//org.apache.hadoop.hdds.scm.server.ContainerReportQueue.poll(ContainerReportQueue.java:269)
        at app//org.apache.hadoop.hdds.scm.server.ContainerReportQueue.poll(ContainerReportQueue.java:42)
        at app//org.apache.hadoop.hdds.server.events.FixedThreadPoolWithAffinityExecutor$ContainerReportProcessTask.run(FixedThreadPoolWithAffinityExecutor.java:253)
        at java.base@21.0.5/java.util.concurrent.Executors$RunnableAdapter.call(Executors.java:572)
        at java.base@21.0.5/java.util.concurrent.FutureTask.run(FutureTask.java:317)
        at java.base@21.0.5/java.util.concurrent.ThreadPoolExecutor.runWorker(ThreadPoolExecutor.java:1144)
        at java.base@21.0.5/java.util.concurrent.ThreadPoolExecutor$Worker.run(ThreadPoolExecutor.java:642)
        at java.base@21.0.5/java.lang.Thread.runWith(Thread.java:1596)
        at java.base@21.0.5/java.lang.Thread.run(Thread.java:1583)
"IPC Server handler 1 on default port 15039" daemon prio=5 tid=2167 timed_waiting
java.lang.Thread.State: TIMED_WAITING
        at java.base@21.0.5/jdk.internal.misc.Unsafe.park(Native Method)
        at java.base@21.0.5/java.util.concurrent.locks.LockSupport.parkNanos(LockSupport.java:269)
        at java.base@21.0.5/java.util.concurrent.locks.AbstractQueuedSynchronizer$ConditionObject.awaitNanos(AbstractQueuedSynchronizer.java:1763)
        at java.base@21.0.5/java.util.concurrent.LinkedBlockingQueue.poll(LinkedBlockingQueue.java:460)
        at app//org.apache.hadoop.ipc.CallQueueManager.take(CallQueueManager.java:370)
        at app//org.apache.hadoop.ipc.Server$Handler.run(Server.java:3165)
"IPC Server handler 90 on default port 15001" daemon prio=5 tid=311 timed_waiting
java.lang.Thread.State: TIMED_WAITING
        at java.base@21.0.5/jdk.internal.misc.Unsafe.park(Native Method)
        at java.base@21.0.5/java.util.concurrent.locks.LockSupport.parkNanos(LockSupport.java:269)
        at java.base@21.0.5/java.util.concurrent.locks.AbstractQueuedSynchronizer$ConditionObject.awaitNanos(AbstractQueuedSynchronizer.java:1763)
        at java.base@21.0.5/java.util.concurrent.LinkedBlockingQueue.poll(LinkedBlockingQueue.java:460)
        at app//org.apache.hadoop.ipc.CallQueueManager.take(CallQueueManager.java:370)
        at app//org.apache.hadoop.ipc.Server$Handler.run(Server.java:3165)
"IPC Server listener on 15021" daemon prio=5 tid=580 runnable
java.lang.Thread.State: RUNNABLE
        at java.base@21.0.5/sun.nio.ch.EPoll.wait(Native Method)
        at java.base@21.0.5/sun.nio.ch.EPollSelectorImpl.doSelect(EPollSelectorImpl.java:121)
        at java.base@21.0.5/sun.nio.ch.SelectorImpl.lockAndDoSelect(SelectorImpl.java:130)
        at java.base@21.0.5/sun.nio.ch.SelectorImpl.select(SelectorImpl.java:147)
        at app//org.apache.hadoop.ipc.Server$Listener.run(Server.java:1559)
"ContainerDataScanner(/home/runner/work/ozone/ozone/hadoop-ozone/integration-test/target/test-dir/MiniOzoneClusterImpl-7d8e89df-ef81-4ba3-8c0c-8d2bb8f5309d/ozone-meta/datanode-9/data-0/hdds)" daemon prio=5 tid=1141 timed_waiting
java.lang.Thread.State: TIMED_WAITING
        at java.base@21.0.5/java.lang.Thread.sleep0(Native Method)
        at java.base@21.0.5/java.lang.Thread.sleep(Thread.java:509)
        at app//org.apache.hadoop.ozone.container.ozoneimpl.AbstractBackgroundContainerScanner.handleRemainingSleep(AbstractBackgroundContainerScanner.java:131)
        at app//org.apache.hadoop.ozone.container.ozoneimpl.AbstractBackgroundContainerScanner.runIteration(AbstractBackgroundContainerScanner.java:98)
        at app//org.apache.hadoop.ozone.container.ozoneimpl.AbstractBackgroundContainerScanner.run(AbstractBackgroundContainerScanner.java:57)
"ac5cad44-c19c-4f65-867f-c0009d6f555c-server-thread1" daemon prio=5 tid=2032 timed_waiting
java.lang.Thread.State: TIMED_WAITING
        at java.base@21.0.5/jdk.internal.misc.Unsafe.park(Native Method)
        at java.base@21.0.5/java.util.concurrent.locks.LockSupport.parkNanos(LockSupport.java:410)
        at java.base@21.0.5/java.util.concurrent.LinkedTransferQueue$DualNode.await(LinkedTransferQueue.java:452)
        at java.base@21.0.5/java.util.concurrent.SynchronousQueue$Transferer.xferLifo(SynchronousQueue.java:194)
        at java.base@21.0.5/java.util.concurrent.SynchronousQueue.xfer(SynchronousQueue.java:235)
        at java.base@21.0.5/java.util.concurrent.SynchronousQueue.poll(SynchronousQueue.java:338)
        at java.base@21.0.5/java.util.concurrent.ThreadPoolExecutor.getTask(ThreadPoolExecutor.java:1069)
        at java.base@21.0.5/java.util.concurrent.ThreadPoolExecutor.runWorker(ThreadPoolExecutor.java:1130)
        at java.base@21.0.5/java.util.concurrent.ThreadPoolExecutor$Worker.run(ThreadPoolExecutor.java:642)
        at java.base@21.0.5/java.lang.Thread.runWith(Thread.java:1596)
        at java.base@21.0.5/java.lang.Thread.run(Thread.java:1583)
"IPC Server handler 7 on default port 15075" daemon prio=5 tid=899 timed_waiting
java.lang.Thread.State: TIMED_WAITING
        at java.base@21.0.5/jdk.internal.misc.Unsafe.park(Native Method)
        at java.base@21.0.5/java.util.concurrent.locks.LockSupport.parkNanos(LockSupport.java:269)
        at java.base@21.0.5/java.util.concurrent.locks.AbstractQueuedSynchronizer$ConditionObject.awaitNanos(AbstractQueuedSynchronizer.java:1763)
        at java.base@21.0.5/java.util.concurrent.LinkedBlockingQueue.poll(LinkedBlockingQueue.java:460)
        at app//org.apache.hadoop.ipc.CallQueueManager.take(CallQueueManager.java:370)
        at app//org.apache.hadoop.ipc.Server$Handler.run(Server.java:3165)
"ac5cad44-c19c-4f65-867f-c0009d6f555c-ChunkReader-2" daemon prio=5 tid=1561 in Object.wait()
java.lang.Thread.State: WAITING (on object monitor)
        at java.base@21.0.5/jdk.internal.misc.Unsafe.park(Native Method)
        at java.base@21.0.5/java.util.concurrent.locks.LockSupport.park(LockSupport.java:371)
        at java.base@21.0.5/java.util.concurrent.locks.AbstractQueuedSynchronizer$ConditionNode.block(AbstractQueuedSynchronizer.java:519)
        at java.base@21.0.5/java.util.concurrent.ForkJoinPool.unmanagedBlock(ForkJoinPool.java:3780)
        at java.base@21.0.5/java.util.concurrent.ForkJoinPool.managedBlock(ForkJoinPool.java:3725)
        at java.base@21.0.5/java.util.concurrent.locks.AbstractQueuedSynchronizer$ConditionObject.await(AbstractQueuedSynchronizer.java:1712)
        at java.base@21.0.5/java.util.concurrent.LinkedBlockingQueue.take(LinkedBlockingQueue.java:435)
        at java.base@21.0.5/java.util.concurrent.ThreadPoolExecutor.getTask(ThreadPoolExecutor.java:1070)
        at java.base@21.0.5/java.util.concurrent.ThreadPoolExecutor.runWorker(ThreadPoolExecutor.java:1130)
        at java.base@21.0.5/java.util.concurrent.ThreadPoolExecutor$Worker.run(ThreadPoolExecutor.java:642)
        at java.base@21.0.5/java.lang.Thread.runWith(Thread.java:1596)
        at java.base@21.0.5/java.lang.Thread.run(Thread.java:1583)
"IPC Server handler 0 on default port 15000" daemon prio=5 tid=121 timed_waiting
java.lang.Thread.State: TIMED_WAITING
        at java.base@21.0.5/jdk.internal.misc.Unsafe.park(Native Method)
        at java.base@21.0.5/java.util.concurrent.locks.LockSupport.parkNanos(LockSupport.java:269)
        at java.base@21.0.5/java.util.concurrent.locks.AbstractQueuedSynchronizer$ConditionObject.awaitNanos(AbstractQueuedSynchronizer.java:1763)
        at java.base@21.0.5/java.util.concurrent.LinkedBlockingQueue.poll(LinkedBlockingQueue.java:460)
        at app//org.apache.hadoop.ipc.CallQueueManager.take(CallQueueManager.java:370)
        at app//org.apache.hadoop.ipc.Server$Handler.run(Server.java:3165)
"IPC Server handler 54 on default port 15000" daemon prio=5 tid=175 timed_waiting
java.lang.Thread.State: TIMED_WAITING
        at java.base@21.0.5/jdk.internal.misc.Unsafe.park(Native Method)
        at java.base@21.0.5/java.util.concurrent.locks.LockSupport.parkNanos(LockSupport.java:269)
        at java.base@21.0.5/java.util.concurrent.locks.AbstractQueuedSynchronizer$ConditionObject.awaitNanos(AbstractQueuedSynchronizer.java:1763)
        at java.base@21.0.5/java.util.concurrent.LinkedBlockingQueue.poll(LinkedBlockingQueue.java:460)
        at app//org.apache.hadoop.ipc.CallQueueManager.take(CallQueueManager.java:370)
        at app//org.apache.hadoop.ipc.Server$Handler.run(Server.java:3165)
"PartialTableCache-Cleanup-0" daemon prio=5 tid=2097 in Object.wait()
java.lang.Thread.State: WAITING (on object monitor)
        at java.base@21.0.5/jdk.internal.misc.Unsafe.park(Native Method)
        at java.base@21.0.5/java.util.concurrent.locks.LockSupport.park(LockSupport.java:371)
        at java.base@21.0.5/java.util.concurrent.locks.AbstractQueuedSynchronizer$ConditionNode.block(AbstractQueuedSynchronizer.java:519)
        at java.base@21.0.5/java.util.concurrent.ForkJoinPool.unmanagedBlock(ForkJoinPool.java:3780)
        at java.base@21.0.5/java.util.concurrent.ForkJoinPool.managedBlock(ForkJoinPool.java:3725)
        at java.base@21.0.5/java.util.concurrent.locks.AbstractQueuedSynchronizer$ConditionObject.await(AbstractQueuedSynchronizer.java:1712)
        at java.base@21.0.5/java.util.concurrent.LinkedBlockingQueue.take(LinkedBlockingQueue.java:435)
        at java.base@21.0.5/java.util.concurrent.ThreadPoolExecutor.getTask(ThreadPoolExecutor.java:1070)
        at java.base@21.0.5/java.util.concurrent.ThreadPoolExecutor.runWorker(ThreadPoolExecutor.java:1130)
        at java.base@21.0.5/java.util.concurrent.ThreadPoolExecutor$Worker.run(ThreadPoolExecutor.java:642)
        at java.base@21.0.5/java.lang.Thread.runWith(Thread.java:1596)
        at java.base@21.0.5/java.lang.Thread.run(Thread.java:1583)
"IPC Server handler 66 on default port 15001" daemon prio=5 tid=287 timed_waiting
java.lang.Thread.State: TIMED_WAITING
        at java.base@21.0.5/jdk.internal.misc.Unsafe.park(Native Method)
        at java.base@21.0.5/java.util.concurrent.locks.LockSupport.parkNanos(LockSupport.java:269)
        at java.base@21.0.5/java.util.concurrent.locks.AbstractQueuedSynchronizer$ConditionObject.awaitNanos(AbstractQueuedSynchronizer.java:1763)
        at java.base@21.0.5/java.util.concurrent.LinkedBlockingQueue.poll(LinkedBlockingQueue.java:460)
        at app//org.apache.hadoop.ipc.CallQueueManager.take(CallQueueManager.java:370)
        at app//org.apache.hadoop.ipc.Server$Handler.run(Server.java:3165)
"Socket Reader #4 for port 15006"  prio=5 tid=453 runnable
java.lang.Thread.State: RUNNABLE
        at java.base@21.0.5/sun.nio.ch.EPoll.wait(Native Method)
        at java.base@21.0.5/sun.nio.ch.EPollSelectorImpl.doSelect(EPollSelectorImpl.java:121)
        at java.base@21.0.5/sun.nio.ch.SelectorImpl.lockAndDoSelect(SelectorImpl.java:130)
        at java.base@21.0.5/sun.nio.ch.SelectorImpl.select(SelectorImpl.java:147)
        at app//org.apache.hadoop.ipc.Server$Listener$Reader.doRunLoop(Server.java:1497)
        at app//org.apache.hadoop.ipc.Server$Listener$Reader.run(Server.java:1476)
"IPC Server handler 28 on default port 15001" daemon prio=5 tid=249 timed_waiting
java.lang.Thread.State: TIMED_WAITING
        at java.base@21.0.5/jdk.internal.misc.Unsafe.park(Native Method)
        at java.base@21.0.5/java.util.concurrent.locks.LockSupport.parkNanos(LockSupport.java:269)
        at java.base@21.0.5/java.util.concurrent.locks.AbstractQueuedSynchronizer$ConditionObject.awaitNanos(AbstractQueuedSynchronizer.java:1763)
        at java.base@21.0.5/java.util.concurrent.LinkedBlockingQueue.poll(LinkedBlockingQueue.java:460)
        at app//org.apache.hadoop.ipc.CallQueueManager.take(CallQueueManager.java:370)
        at app//org.apache.hadoop.ipc.Server$Handler.run(Server.java:3165)
"Socket Reader #9 for port 15066"  prio=5 tid=821 runnable
java.lang.Thread.State: RUNNABLE
        at java.base@21.0.5/sun.nio.ch.EPoll.wait(Native Method)
        at java.base@21.0.5/sun.nio.ch.EPollSelectorImpl.doSelect(EPollSelectorImpl.java:121)
        at java.base@21.0.5/sun.nio.ch.SelectorImpl.lockAndDoSelect(SelectorImpl.java:130)
        at java.base@21.0.5/sun.nio.ch.SelectorImpl.select(SelectorImpl.java:147)
        at app//org.apache.hadoop.ipc.Server$Listener$Reader.doRunLoop(Server.java:1497)
        at app//org.apache.hadoop.ipc.Server$Listener$Reader.run(Server.java:1476)
"ac5cad44-c19c-4f65-867f-c0009d6f555c-ChunkWriter-3-0" daemon prio=5 tid=871 in Object.wait()
java.lang.Thread.State: WAITING (on object monitor)
        at java.base@21.0.5/jdk.internal.misc.Unsafe.park(Native Method)
        at java.base@21.0.5/java.util.concurrent.locks.LockSupport.park(LockSupport.java:371)
        at java.base@21.0.5/java.util.concurrent.locks.AbstractQueuedSynchronizer$ConditionNode.block(AbstractQueuedSynchronizer.java:519)
        at java.base@21.0.5/java.util.concurrent.ForkJoinPool.unmanagedBlock(ForkJoinPool.java:3780)
        at java.base@21.0.5/java.util.concurrent.ForkJoinPool.managedBlock(ForkJoinPool.java:3725)
        at java.base@21.0.5/java.util.concurrent.locks.AbstractQueuedSynchronizer$ConditionObject.await(AbstractQueuedSynchronizer.java:1712)
        at java.base@21.0.5/java.util.concurrent.LinkedBlockingDeque.takeFirst(LinkedBlockingDeque.java:485)
        at java.base@21.0.5/java.util.concurrent.LinkedBlockingDeque.take(LinkedBlockingDeque.java:673)
        at java.base@21.0.5/java.util.concurrent.ThreadPoolExecutor.getTask(ThreadPoolExecutor.java:1070)
        at java.base@21.0.5/java.util.concurrent.ThreadPoolExecutor.runWorker(ThreadPoolExecutor.java:1130)
        at java.base@21.0.5/java.util.concurrent.ThreadPoolExecutor$Worker.run(ThreadPoolExecutor.java:642)
        at java.base@21.0.5/java.lang.Thread.runWith(Thread.java:1596)
        at java.base@21.0.5/java.lang.Thread.run(Thread.java:1583)
"Socket Reader #3 for port 15000"  prio=5 tid=92 runnable
java.lang.Thread.State: RUNNABLE
        at java.base@21.0.5/sun.nio.ch.EPoll.wait(Native Method)
        at java.base@21.0.5/sun.nio.ch.EPollSelectorImpl.doSelect(EPollSelectorImpl.java:121)
        at java.base@21.0.5/sun.nio.ch.SelectorImpl.lockAndDoSelect(SelectorImpl.java:130)
        at java.base@21.0.5/sun.nio.ch.SelectorImpl.select(SelectorImpl.java:147)
        at app//org.apache.hadoop.ipc.Server$Listener$Reader.doRunLoop(Server.java:1497)
        at app//org.apache.hadoop.ipc.Server$Listener$Reader.run(Server.java:1476)
"qtp1622563402-529" daemon prio=5 tid=529 timed_waiting
java.lang.Thread.State: TIMED_WAITING
        at java.base@21.0.5/jdk.internal.misc.Unsafe.park(Native Method)
        at java.base@21.0.5/java.util.concurrent.locks.LockSupport.parkNanos(LockSupport.java:269)
        at java.base@21.0.5/java.util.concurrent.locks.AbstractQueuedSynchronizer$ConditionObject.awaitNanos(AbstractQueuedSynchronizer.java:1763)
        at app//org.eclipse.jetty.util.BlockingArrayQueue.poll(BlockingArrayQueue.java:382)
        at app//org.eclipse.jetty.util.thread.QueuedThreadPool$Runner.idleJobPoll(QueuedThreadPool.java:974)
        at app//org.eclipse.jetty.util.thread.QueuedThreadPool$Runner.run(QueuedThreadPool.java:1018)
        at java.base@21.0.5/java.lang.Thread.runWith(Thread.java:1596)
        at java.base@21.0.5/java.lang.Thread.run(Thread.java:1583)
"Socket Reader #10 for port 15057"  prio=5 tid=776 runnable
java.lang.Thread.State: RUNNABLE
        at java.base@21.0.5/sun.nio.ch.EPoll.wait(Native Method)
        at java.base@21.0.5/sun.nio.ch.EPollSelectorImpl.doSelect(EPollSelectorImpl.java:121)
        at java.base@21.0.5/sun.nio.ch.SelectorImpl.lockAndDoSelect(SelectorImpl.java:130)
        at java.base@21.0.5/sun.nio.ch.SelectorImpl.select(SelectorImpl.java:147)
        at app//org.apache.hadoop.ipc.Server$Listener$Reader.doRunLoop(Server.java:1497)
        at app//org.apache.hadoop.ipc.Server$Listener$Reader.run(Server.java:1476)
"IPC Server handler 3 on default port 15084" daemon prio=5 tid=959 timed_waiting
java.lang.Thread.State: TIMED_WAITING
        at java.base@21.0.5/jdk.internal.misc.Unsafe.park(Native Method)
        at java.base@21.0.5/java.util.concurrent.locks.LockSupport.parkNanos(LockSupport.java:269)
        at java.base@21.0.5/java.util.concurrent.locks.AbstractQueuedSynchronizer$ConditionObject.awaitNanos(AbstractQueuedSynchronizer.java:1763)
        at java.base@21.0.5/java.util.concurrent.LinkedBlockingQueue.poll(LinkedBlockingQueue.java:460)
        at app//org.apache.hadoop.ipc.CallQueueManager.take(CallQueueManager.java:370)
        at app//org.apache.hadoop.ipc.Server$Handler.run(Server.java:3165)
"Socket Reader #10 for port 15066"  prio=5 tid=822 runnable
java.lang.Thread.State: RUNNABLE
        at java.base@21.0.5/sun.nio.ch.EPoll.wait(Native Method)
        at java.base@21.0.5/sun.nio.ch.EPollSelectorImpl.doSelect(EPollSelectorImpl.java:121)
        at java.base@21.0.5/sun.nio.ch.SelectorImpl.lockAndDoSelect(SelectorImpl.java:130)
        at java.base@21.0.5/sun.nio.ch.SelectorImpl.select(SelectorImpl.java:147)
        at app//org.apache.hadoop.ipc.Server$Listener$Reader.doRunLoop(Server.java:1497)
        at app//org.apache.hadoop.ipc.Server$Listener$Reader.run(Server.java:1476)
"84b435bb-d41b-4758-bf48-ce9052c81d4a-ContainerOp-8ef3bc64-5854-4584-910e-a7184706d343-8"  prio=5 tid=2096 in Object.wait()
java.lang.Thread.State: WAITING (on object monitor)
        at java.base@21.0.5/jdk.internal.misc.Unsafe.park(Native Method)
        at java.base@21.0.5/java.util.concurrent.locks.LockSupport.park(LockSupport.java:371)
        at java.base@21.0.5/java.util.concurrent.locks.AbstractQueuedSynchronizer$ConditionNode.block(AbstractQueuedSynchronizer.java:519)
        at java.base@21.0.5/java.util.concurrent.ForkJoinPool.unmanagedBlock(ForkJoinPool.java:3780)
        at java.base@21.0.5/java.util.concurrent.ForkJoinPool.managedBlock(ForkJoinPool.java:3725)
        at java.base@21.0.5/java.util.concurrent.locks.AbstractQueuedSynchronizer$ConditionObject.await(AbstractQueuedSynchronizer.java:1712)
        at java.base@21.0.5/java.util.concurrent.LinkedBlockingQueue.take(LinkedBlockingQueue.java:435)
        at java.base@21.0.5/java.util.concurrent.ThreadPoolExecutor.getTask(ThreadPoolExecutor.java:1070)
        at java.base@21.0.5/java.util.concurrent.ThreadPoolExecutor.runWorker(ThreadPoolExecutor.java:1130)
        at java.base@21.0.5/java.util.concurrent.ThreadPoolExecutor$Worker.run(ThreadPoolExecutor.java:642)
        at java.base@21.0.5/java.lang.Thread.runWith(Thread.java:1596)
        at java.base@21.0.5/java.lang.Thread.run(Thread.java:1583)
"IPC Server handler 81 on default port 15002" daemon prio=5 tid=420 timed_waiting
java.lang.Thread.State: TIMED_WAITING
        at java.base@21.0.5/jdk.internal.misc.Unsafe.park(Native Method)
        at java.base@21.0.5/java.util.concurrent.locks.LockSupport.parkNanos(LockSupport.java:269)
        at java.base@21.0.5/java.util.concurrent.locks.AbstractQueuedSynchronizer$ConditionObject.awaitNanos(AbstractQueuedSynchronizer.java:1763)
        at java.base@21.0.5/java.util.concurrent.LinkedBlockingQueue.poll(LinkedBlockingQueue.java:460)
        at app//org.apache.hadoop.ipc.CallQueueManager.take(CallQueueManager.java:370)
        at app//org.apache.hadoop.ipc.Server$Handler.run(Server.java:3165)
"IPC Server handler 13 on default port 15000" daemon prio=5 tid=134 timed_waiting
java.lang.Thread.State: TIMED_WAITING
        at java.base@21.0.5/jdk.internal.misc.Unsafe.park(Native Method)
        at java.base@21.0.5/java.util.concurrent.locks.LockSupport.parkNanos(LockSupport.java:269)
        at java.base@21.0.5/java.util.concurrent.locks.AbstractQueuedSynchronizer$ConditionObject.awaitNanos(AbstractQueuedSynchronizer.java:1763)
        at java.base@21.0.5/java.util.concurrent.LinkedBlockingQueue.poll(LinkedBlockingQueue.java:460)
        at app//org.apache.hadoop.ipc.CallQueueManager.take(CallQueueManager.java:370)
        at app//org.apache.hadoop.ipc.Server$Handler.run(Server.java:3165)
"IPC Server handler 4 on default port 15002" daemon prio=5 tid=343 timed_waiting
java.lang.Thread.State: TIMED_WAITING
        at java.base@21.0.5/jdk.internal.misc.Unsafe.park(Native Method)
        at java.base@21.0.5/java.util.concurrent.locks.LockSupport.parkNanos(LockSupport.java:269)
        at java.base@21.0.5/java.util.concurrent.locks.AbstractQueuedSynchronizer$ConditionObject.awaitNanos(AbstractQueuedSynchronizer.java:1763)
        at java.base@21.0.5/java.util.concurrent.LinkedBlockingQueue.poll(LinkedBlockingQueue.java:460)
        at app//org.apache.hadoop.ipc.CallQueueManager.take(CallQueueManager.java:370)
        at app//org.apache.hadoop.ipc.Server$Handler.run(Server.java:3165)
"IPC Server handler 35 on default port 15001" daemon prio=5 tid=256 timed_waiting
java.lang.Thread.State: TIMED_WAITING
        at java.base@21.0.5/jdk.internal.misc.Unsafe.park(Native Method)
        at java.base@21.0.5/java.util.concurrent.locks.LockSupport.parkNanos(LockSupport.java:269)
        at java.base@21.0.5/java.util.concurrent.locks.AbstractQueuedSynchronizer$ConditionObject.awaitNanos(AbstractQueuedSynchronizer.java:1763)
        at java.base@21.0.5/java.util.concurrent.LinkedBlockingQueue.poll(LinkedBlockingQueue.java:460)
        at app//org.apache.hadoop.ipc.CallQueueManager.take(CallQueueManager.java:370)
        at app//org.apache.hadoop.ipc.Server$Handler.run(Server.java:3165)
"Hadoop-Metrics-Updater-0" daemon prio=5 tid=88 timed_waiting
java.lang.Thread.State: TIMED_WAITING
        at java.base@21.0.5/jdk.internal.misc.Unsafe.park(Native Method)
        at java.base@21.0.5/java.util.concurrent.locks.LockSupport.parkNanos(LockSupport.java:269)
        at java.base@21.0.5/java.util.concurrent.locks.AbstractQueuedSynchronizer$ConditionObject.awaitNanos(AbstractQueuedSynchronizer.java:1763)
        at java.base@21.0.5/java.util.concurrent.ScheduledThreadPoolExecutor$DelayedWorkQueue.take(ScheduledThreadPoolExecutor.java:1182)
        at java.base@21.0.5/java.util.concurrent.ScheduledThreadPoolExecutor$DelayedWorkQueue.take(ScheduledThreadPoolExecutor.java:899)
        at java.base@21.0.5/java.util.concurrent.ThreadPoolExecutor.getTask(ThreadPoolExecutor.java:1070)
        at java.base@21.0.5/java.util.concurrent.ThreadPoolExecutor.runWorker(ThreadPoolExecutor.java:1130)
        at java.base@21.0.5/java.util.concurrent.ThreadPoolExecutor$Worker.run(ThreadPoolExecutor.java:642)
        at java.base@21.0.5/java.lang.Thread.runWith(Thread.java:1596)
        at java.base@21.0.5/java.lang.Thread.run(Thread.java:1583)
"IPC Server handler 5 on default port 15001" daemon prio=5 tid=226 timed_waiting
java.lang.Thread.State: TIMED_WAITING
        at java.base@21.0.5/jdk.internal.misc.Unsafe.park(Native Method)
        at java.base@21.0.5/java.util.concurrent.locks.LockSupport.parkNanos(LockSupport.java:269)
        at java.base@21.0.5/java.util.concurrent.locks.AbstractQueuedSynchronizer$ConditionObject.awaitNanos(AbstractQueuedSynchronizer.java:1763)
        at java.base@21.0.5/java.util.concurrent.LinkedBlockingQueue.poll(LinkedBlockingQueue.java:460)
        at app//org.apache.hadoop.ipc.CallQueueManager.take(CallQueueManager.java:370)
        at app//org.apache.hadoop.ipc.Server$Handler.run(Server.java:3165)
"qtp1622563402-525" daemon prio=5 tid=525 runnable
java.lang.Thread.State: RUNNABLE
        at java.base@21.0.5/sun.nio.ch.EPoll.wait(Native Method)
        at java.base@21.0.5/sun.nio.ch.EPollSelectorImpl.doSelect(EPollSelectorImpl.java:121)
        at java.base@21.0.5/sun.nio.ch.SelectorImpl.lockAndDoSelect(SelectorImpl.java:130)
        at java.base@21.0.5/sun.nio.ch.SelectorImpl.select(SelectorImpl.java:147)
        at app//org.eclipse.jetty.io.ManagedSelector.nioSelect(ManagedSelector.java:183)
        at app//org.eclipse.jetty.io.ManagedSelector.select(ManagedSelector.java:190)
        at app//org.eclipse.jetty.io.ManagedSelector$SelectorProducer.select(ManagedSelector.java:606)
        at app//org.eclipse.jetty.io.ManagedSelector$SelectorProducer.produce(ManagedSelector.java:543)
        at app//org.eclipse.jetty.util.thread.strategy.EatWhatYouKill.produceTask(EatWhatYouKill.java:362)
        at app//org.eclipse.jetty.util.thread.strategy.EatWhatYouKill.doProduce(EatWhatYouKill.java:186)
        at app//org.eclipse.jetty.util.thread.strategy.EatWhatYouKill.tryProduce(EatWhatYouKill.java:173)
        at app//org.eclipse.jetty.util.thread.strategy.EatWhatYouKill.produce(EatWhatYouKill.java:137)
        at app//org.eclipse.jetty.io.ManagedSelector$$Lambda/0x00007fcfe0662730.run(Unknown Source)
        at app//org.eclipse.jetty.util.thread.QueuedThreadPool.runJob(QueuedThreadPool.java:883)
        at app//org.eclipse.jetty.util.thread.QueuedThreadPool$Runner.run(QueuedThreadPool.java:1034)
        at java.base@21.0.5/java.lang.Thread.runWith(Thread.java:1596)
        at java.base@21.0.5/java.lang.Thread.run(Thread.java:1583)
"Socket Reader #3 for port 15048"  prio=5 tid=723 runnable
java.lang.Thread.State: RUNNABLE
        at java.base@21.0.5/sun.nio.ch.EPoll.wait(Native Method)
        at java.base@21.0.5/sun.nio.ch.EPollSelectorImpl.doSelect(EPollSelectorImpl.java:121)
        at java.base@21.0.5/sun.nio.ch.SelectorImpl.lockAndDoSelect(SelectorImpl.java:130)
        at java.base@21.0.5/sun.nio.ch.SelectorImpl.select(SelectorImpl.java:147)
        at app//org.apache.hadoop.ipc.Server$Listener$Reader.doRunLoop(Server.java:1497)
        at app//org.apache.hadoop.ipc.Server$Listener$Reader.run(Server.java:1476)
"IPC Server listener on 15030" daemon prio=5 tid=1909 runnable
java.lang.Thread.State: RUNNABLE
        at java.base@21.0.5/sun.nio.ch.EPoll.wait(Native Method)
        at java.base@21.0.5/sun.nio.ch.EPollSelectorImpl.doSelect(EPollSelectorImpl.java:121)
        at java.base@21.0.5/sun.nio.ch.SelectorImpl.lockAndDoSelect(SelectorImpl.java:130)
        at java.base@21.0.5/sun.nio.ch.SelectorImpl.select(SelectorImpl.java:147)
        at app//org.apache.hadoop.ipc.Server$Listener.run(Server.java:1559)
"a14cd1ab-7861-42f9-8639-15260a7193f0-DatanodeStateMachineTaskThread-0"  prio=5 tid=2182 in Object.wait()
java.lang.Thread.State: WAITING (on object monitor)
        at java.base@21.0.5/jdk.internal.misc.Unsafe.park(Native Method)
        at java.base@21.0.5/java.util.concurrent.locks.LockSupport.park(LockSupport.java:371)
        at java.base@21.0.5/java.util.concurrent.locks.AbstractQueuedSynchronizer$ConditionNode.block(AbstractQueuedSynchronizer.java:519)
        at java.base@21.0.5/java.util.concurrent.ForkJoinPool.unmanagedBlock(ForkJoinPool.java:3780)
        at java.base@21.0.5/java.util.concurrent.ForkJoinPool.managedBlock(ForkJoinPool.java:3725)
        at java.base@21.0.5/java.util.concurrent.locks.AbstractQueuedSynchronizer$ConditionObject.await(AbstractQueuedSynchronizer.java:1712)
        at java.base@21.0.5/java.util.concurrent.LinkedBlockingQueue.take(LinkedBlockingQueue.java:435)
        at java.base@21.0.5/java.util.concurrent.ThreadPoolExecutor.getTask(ThreadPoolExecutor.java:1070)
        at java.base@21.0.5/java.util.concurrent.ThreadPoolExecutor.runWorker(ThreadPoolExecutor.java:1130)
        at java.base@21.0.5/java.util.concurrent.ThreadPoolExecutor$Worker.run(ThreadPoolExecutor.java:642)
        at java.base@21.0.5/java.lang.Thread.runWith(Thread.java:1596)
        at java.base@21.0.5/java.lang.Thread.run(Thread.java:1583)
"IPC Server handler 58 on default port 15000" daemon prio=5 tid=179 timed_waiting
java.lang.Thread.State: TIMED_WAITING
        at java.base@21.0.5/jdk.internal.misc.Unsafe.park(Native Method)
        at java.base@21.0.5/java.util.concurrent.locks.LockSupport.parkNanos(LockSupport.java:269)
        at java.base@21.0.5/java.util.concurrent.locks.AbstractQueuedSynchronizer$ConditionObject.awaitNanos(AbstractQueuedSynchronizer.java:1763)
        at java.base@21.0.5/java.util.concurrent.LinkedBlockingQueue.poll(LinkedBlockingQueue.java:460)
        at app//org.apache.hadoop.ipc.CallQueueManager.take(CallQueueManager.java:370)
        at app//org.apache.hadoop.ipc.Server$Handler.run(Server.java:3165)
"Socket Reader #6 for port 15048"  prio=5 tid=726 runnable
java.lang.Thread.State: RUNNABLE
        at java.base@21.0.5/sun.nio.ch.EPoll.wait(Native Method)
        at java.base@21.0.5/sun.nio.ch.EPollSelectorImpl.doSelect(EPollSelectorImpl.java:121)
        at java.base@21.0.5/sun.nio.ch.SelectorImpl.lockAndDoSelect(SelectorImpl.java:130)
        at java.base@21.0.5/sun.nio.ch.SelectorImpl.select(SelectorImpl.java:147)
        at app//org.apache.hadoop.ipc.Server$Listener$Reader.doRunLoop(Server.java:1497)
        at app//org.apache.hadoop.ipc.Server$Listener$Reader.run(Server.java:1476)
"pool-262-thread-1"  prio=5 tid=848 timed_waiting
java.lang.Thread.State: TIMED_WAITING
        at java.base@21.0.5/jdk.internal.misc.Unsafe.park(Native Method)
        at java.base@21.0.5/java.util.concurrent.locks.LockSupport.parkNanos(LockSupport.java:269)
        at java.base@21.0.5/java.util.concurrent.locks.AbstractQueuedSynchronizer$ConditionObject.awaitNanos(AbstractQueuedSynchronizer.java:1763)
        at java.base@21.0.5/java.util.concurrent.ScheduledThreadPoolExecutor$DelayedWorkQueue.take(ScheduledThreadPoolExecutor.java:1182)
        at java.base@21.0.5/java.util.concurrent.ScheduledThreadPoolExecutor$DelayedWorkQueue.take(ScheduledThreadPoolExecutor.java:899)
        at java.base@21.0.5/java.util.concurrent.ThreadPoolExecutor.getTask(ThreadPoolExecutor.java:1070)
        at java.base@21.0.5/java.util.concurrent.ThreadPoolExecutor.runWorker(ThreadPoolExecutor.java:1130)
        at java.base@21.0.5/java.util.concurrent.ThreadPoolExecutor$Worker.run(ThreadPoolExecutor.java:642)
        at java.base@21.0.5/java.lang.Thread.runWith(Thread.java:1596)
        at java.base@21.0.5/java.lang.Thread.run(Thread.java:1583)
"Socket Reader #1 for port 15002"  prio=5 tid=62 runnable
java.lang.Thread.State: RUNNABLE
        at java.base@21.0.5/sun.nio.ch.EPoll.wait(Native Method)
        at java.base@21.0.5/sun.nio.ch.EPollSelectorImpl.doSelect(EPollSelectorImpl.java:121)
        at java.base@21.0.5/sun.nio.ch.SelectorImpl.lockAndDoSelect(SelectorImpl.java:130)
        at java.base@21.0.5/sun.nio.ch.SelectorImpl.select(SelectorImpl.java:147)
        at app//org.apache.hadoop.ipc.Server$Listener$Reader.doRunLoop(Server.java:1497)
        at app//org.apache.hadoop.ipc.Server$Listener$Reader.run(Server.java:1476)
"d1093f6a-6992-456d-ac47-966fa1bbc12e@group-D9B980D230C1-cacheEviction-AwaitToRun" daemon prio=5 tid=1965 in Object.wait()
java.lang.Thread.State: WAITING (on object monitor)
        at java.base@21.0.5/jdk.internal.misc.Unsafe.park(Native Method)
        at java.base@21.0.5/java.util.concurrent.locks.LockSupport.park(LockSupport.java:371)
        at java.base@21.0.5/java.util.concurrent.locks.AbstractQueuedSynchronizer$ConditionNode.block(AbstractQueuedSynchronizer.java:519)
        at java.base@21.0.5/java.util.concurrent.ForkJoinPool.unmanagedBlock(ForkJoinPool.java:3780)
        at java.base@21.0.5/java.util.concurrent.ForkJoinPool.managedBlock(ForkJoinPool.java:3725)
        at java.base@21.0.5/java.util.concurrent.locks.AbstractQueuedSynchronizer$ConditionObject.await(AbstractQueuedSynchronizer.java:1712)
        at app//org.apache.ratis.util.AwaitForSignal.await(AwaitForSignal.java:48)
        at app//org.apache.ratis.util.AwaitToRun$RunnableImpl.run(AwaitToRun.java:47)
        at java.base@21.0.5/java.lang.Thread.runWith(Thread.java:1596)
        at java.base@21.0.5/java.lang.Thread.run(Thread.java:1583)
"7c84fc52-fa7b-40d9-a19c-d4e4c83c5fa3-ChunkReader-6" daemon prio=5 tid=2080 in Object.wait()
java.lang.Thread.State: WAITING (on object monitor)
        at java.base@21.0.5/jdk.internal.misc.Unsafe.park(Native Method)
        at java.base@21.0.5/java.util.concurrent.locks.LockSupport.park(LockSupport.java:371)
        at java.base@21.0.5/java.util.concurrent.locks.AbstractQueuedSynchronizer$ConditionNode.block(AbstractQueuedSynchronizer.java:519)
        at java.base@21.0.5/java.util.concurrent.ForkJoinPool.unmanagedBlock(ForkJoinPool.java:3780)
        at java.base@21.0.5/java.util.concurrent.ForkJoinPool.managedBlock(ForkJoinPool.java:3725)
        at java.base@21.0.5/java.util.concurrent.locks.AbstractQueuedSynchronizer$ConditionObject.await(AbstractQueuedSynchronizer.java:1712)
        at java.base@21.0.5/java.util.concurrent.LinkedBlockingQueue.take(LinkedBlockingQueue.java:435)
        at java.base@21.0.5/java.util.concurrent.ThreadPoolExecutor.getTask(ThreadPoolExecutor.java:1070)
        at java.base@21.0.5/java.util.concurrent.ThreadPoolExecutor.runWorker(ThreadPoolExecutor.java:1130)
        at java.base@21.0.5/java.util.concurrent.ThreadPoolExecutor$Worker.run(ThreadPoolExecutor.java:642)
        at java.base@21.0.5/java.lang.Thread.runWith(Thread.java:1596)
        at java.base@21.0.5/java.lang.Thread.run(Thread.java:1583)
"IPC Server handler 9 on default port 15000" daemon prio=5 tid=130 timed_waiting
java.lang.Thread.State: TIMED_WAITING
        at java.base@21.0.5/jdk.internal.misc.Unsafe.park(Native Method)
        at java.base@21.0.5/java.util.concurrent.locks.LockSupport.parkNanos(LockSupport.java:269)
        at java.base@21.0.5/java.util.concurrent.locks.AbstractQueuedSynchronizer$ConditionObject.awaitNanos(AbstractQueuedSynchronizer.java:1763)
        at java.base@21.0.5/java.util.concurrent.LinkedBlockingQueue.poll(LinkedBlockingQueue.java:460)
        at app//org.apache.hadoop.ipc.CallQueueManager.take(CallQueueManager.java:370)
        at app//org.apache.hadoop.ipc.Server$Handler.run(Server.java:3165)
"qtp1622563402-527-acceptor-0@553bcd33-ServerConnector@7514e658{HTTP/1.1, (http/1.1)}{0.0.0.0:15011}" daemon prio=3 tid=527 runnable
java.lang.Thread.State: RUNNABLE
        at java.base@21.0.5/sun.nio.ch.Net.accept(Native Method)
        at java.base@21.0.5/sun.nio.ch.ServerSocketChannelImpl.implAccept(ServerSocketChannelImpl.java:433)
        at java.base@21.0.5/sun.nio.ch.ServerSocketChannelImpl.accept(ServerSocketChannelImpl.java:399)
        at app//org.eclipse.jetty.server.ServerConnector.accept(ServerConnector.java:388)
        at app//org.eclipse.jetty.server.AbstractConnector$Acceptor.run(AbstractConnector.java:704)
        at app//org.eclipse.jetty.util.thread.QueuedThreadPool.runJob(QueuedThreadPool.java:883)
        at app//org.eclipse.jetty.util.thread.QueuedThreadPool$Runner.run(QueuedThreadPool.java:1034)
        at java.base@21.0.5/java.lang.Thread.runWith(Thread.java:1596)
        at java.base@21.0.5/java.lang.Thread.run(Thread.java:1583)
"91d0dafb-6cb7-42e5-b129-660fdc1902ba-ChunkReader-ELG-0" daemon prio=5 tid=1165 runnable
java.lang.Thread.State: RUNNABLE
        at app//org.apache.ratis.thirdparty.io.netty.channel.epoll.Native.epollWait(Native Method)
        at app//org.apache.ratis.thirdparty.io.netty.channel.epoll.Native.epollWait(Native.java:220)
        at app//org.apache.ratis.thirdparty.io.netty.channel.epoll.Native.epollWait(Native.java:213)
        at app//org.apache.ratis.thirdparty.io.netty.channel.epoll.EpollEventLoop.epollWaitNoTimerChange(EpollEventLoop.java:308)
        at app//org.apache.ratis.thirdparty.io.netty.channel.epoll.EpollEventLoop.run(EpollEventLoop.java:365)
        at app//org.apache.ratis.thirdparty.io.netty.util.concurrent.SingleThreadEventExecutor$4.run(SingleThreadEventExecutor.java:997)
        at app//org.apache.ratis.thirdparty.io.netty.util.internal.ThreadExecutorMap$2.run(ThreadExecutorMap.java:74)
        at java.base@21.0.5/java.lang.Thread.runWith(Thread.java:1596)
        at java.base@21.0.5/java.lang.Thread.run(Thread.java:1583)
"9c1aee78-f037-4e17-b985-0daab5eaf154@group-F17B56B9071C-StateMachineUpdater" daemon prio=5 tid=1290 timed_waiting
java.lang.Thread.State: TIMED_WAITING
        at java.base@21.0.5/jdk.internal.misc.Unsafe.park(Native Method)
        at java.base@21.0.5/java.util.concurrent.locks.LockSupport.parkNanos(LockSupport.java:269)
        at java.base@21.0.5/java.util.concurrent.locks.AbstractQueuedSynchronizer$ConditionObject.await(AbstractQueuedSynchronizer.java:1852)
        at app//org.apache.ratis.util.AwaitForSignal.await(AwaitForSignal.java:65)
        at app//org.apache.ratis.server.impl.StateMachineUpdater.waitForCommit(StateMachineUpdater.java:219)
        at app//org.apache.ratis.server.impl.StateMachineUpdater.run(StateMachineUpdater.java:187)
        at java.base@21.0.5/java.lang.Thread.runWith(Thread.java:1596)
        at java.base@21.0.5/java.lang.Thread.run(Thread.java:1583)
"PartialTableCache-Cleanup-0" daemon prio=5 tid=1510 in Object.wait()
java.lang.Thread.State: WAITING (on object monitor)
        at java.base@21.0.5/jdk.internal.misc.Unsafe.park(Native Method)
        at java.base@21.0.5/java.util.concurrent.locks.LockSupport.park(LockSupport.java:371)
        at java.base@21.0.5/java.util.concurrent.locks.AbstractQueuedSynchronizer$ConditionNode.block(AbstractQueuedSynchronizer.java:519)
        at java.base@21.0.5/java.util.concurrent.ForkJoinPool.unmanagedBlock(ForkJoinPool.java:3780)
        at java.base@21.0.5/java.util.concurrent.ForkJoinPool.managedBlock(ForkJoinPool.java:3725)
        at java.base@21.0.5/java.util.concurrent.locks.AbstractQueuedSynchronizer$ConditionObject.await(AbstractQueuedSynchronizer.java:1712)
        at java.base@21.0.5/java.util.concurrent.LinkedBlockingQueue.take(LinkedBlockingQueue.java:435)
        at java.base@21.0.5/java.util.concurrent.ThreadPoolExecutor.getTask(ThreadPoolExecutor.java:1070)
        at java.base@21.0.5/java.util.concurrent.ThreadPoolExecutor.runWorker(ThreadPoolExecutor.java:1130)
        at java.base@21.0.5/java.util.concurrent.ThreadPoolExecutor$Worker.run(ThreadPoolExecutor.java:642)
        at java.base@21.0.5/java.lang.Thread.runWith(Thread.java:1596)
        at java.base@21.0.5/java.lang.Thread.run(Thread.java:1583)
"ac5cad44-c19c-4f65-867f-c0009d6f555c-server-thread3" daemon prio=5 tid=2248 timed_waiting
java.lang.Thread.State: TIMED_WAITING
        at java.base@21.0.5/jdk.internal.misc.Unsafe.park(Native Method)
        at java.base@21.0.5/java.util.concurrent.locks.LockSupport.parkNanos(LockSupport.java:410)
        at java.base@21.0.5/java.util.concurrent.LinkedTransferQueue$DualNode.await(LinkedTransferQueue.java:452)
        at java.base@21.0.5/java.util.concurrent.SynchronousQueue$Transferer.xferLifo(SynchronousQueue.java:194)
        at java.base@21.0.5/java.util.concurrent.SynchronousQueue.xfer(SynchronousQueue.java:235)
        at java.base@21.0.5/java.util.concurrent.SynchronousQueue.poll(SynchronousQueue.java:338)
        at java.base@21.0.5/java.util.concurrent.ThreadPoolExecutor.getTask(ThreadPoolExecutor.java:1069)
        at java.base@21.0.5/java.util.concurrent.ThreadPoolExecutor.runWorker(ThreadPoolExecutor.java:1130)
        at java.base@21.0.5/java.util.concurrent.ThreadPoolExecutor$Worker.run(ThreadPoolExecutor.java:642)
        at java.base@21.0.5/java.lang.Thread.runWith(Thread.java:1596)
        at java.base@21.0.5/java.lang.Thread.run(Thread.java:1583)
"IPC Server handler 89 on default port 15001" daemon prio=5 tid=310 timed_waiting
java.lang.Thread.State: TIMED_WAITING
        at java.base@21.0.5/jdk.internal.misc.Unsafe.park(Native Method)
        at java.base@21.0.5/java.util.concurrent.locks.LockSupport.parkNanos(LockSupport.java:269)
        at java.base@21.0.5/java.util.concurrent.locks.AbstractQueuedSynchronizer$ConditionObject.awaitNanos(AbstractQueuedSynchronizer.java:1763)
        at java.base@21.0.5/java.util.concurrent.LinkedBlockingQueue.poll(LinkedBlockingQueue.java:460)
        at app//org.apache.hadoop.ipc.CallQueueManager.take(CallQueueManager.java:370)
        at app//org.apache.hadoop.ipc.Server$Handler.run(Server.java:3165)
"d1093f6a-6992-456d-ac47-966fa1bbc12e@group-B8383FC2DAB2-StateMachineUpdater" daemon prio=5 tid=1986 timed_waiting
java.lang.Thread.State: TIMED_WAITING
        at java.base@21.0.5/jdk.internal.misc.Unsafe.park(Native Method)
        at java.base@21.0.5/java.util.concurrent.locks.LockSupport.parkNanos(LockSupport.java:269)
        at java.base@21.0.5/java.util.concurrent.locks.AbstractQueuedSynchronizer$ConditionObject.await(AbstractQueuedSynchronizer.java:1852)
        at app//org.apache.ratis.util.AwaitForSignal.await(AwaitForSignal.java:65)
        at app//org.apache.ratis.server.impl.StateMachineUpdater.waitForCommit(StateMachineUpdater.java:219)
        at app//org.apache.ratis.server.impl.StateMachineUpdater.run(StateMachineUpdater.java:187)
        at java.base@21.0.5/java.lang.Thread.runWith(Thread.java:1596)
        at java.base@21.0.5/java.lang.Thread.run(Thread.java:1583)
"91d0dafb-6cb7-42e5-b129-660fdc1902ba-PeriodicHDDSVolumeChecker" daemon prio=5 tid=1155 timed_waiting
java.lang.Thread.State: TIMED_WAITING
        at java.base@21.0.5/jdk.internal.misc.Unsafe.park(Native Method)
        at java.base@21.0.5/java.util.concurrent.locks.LockSupport.parkNanos(LockSupport.java:269)
        at java.base@21.0.5/java.util.concurrent.locks.AbstractQueuedSynchronizer$ConditionObject.awaitNanos(AbstractQueuedSynchronizer.java:1763)
        at java.base@21.0.5/java.util.concurrent.ScheduledThreadPoolExecutor$DelayedWorkQueue.take(ScheduledThreadPoolExecutor.java:1182)
        at java.base@21.0.5/java.util.concurrent.ScheduledThreadPoolExecutor$DelayedWorkQueue.take(ScheduledThreadPoolExecutor.java:899)
        at java.base@21.0.5/java.util.concurrent.ThreadPoolExecutor.getTask(ThreadPoolExecutor.java:1070)
        at java.base@21.0.5/java.util.concurrent.ThreadPoolExecutor.runWorker(ThreadPoolExecutor.java:1130)
        at java.base@21.0.5/java.util.concurrent.ThreadPoolExecutor$Worker.run(ThreadPoolExecutor.java:642)
        at java.base@21.0.5/java.lang.Thread.runWith(Thread.java:1596)
        at java.base@21.0.5/java.lang.Thread.run(Thread.java:1583)
"9c1aee78-f037-4e17-b985-0daab5eaf154-BlockDeletingService#3" daemon prio=5 tid=2128 in Object.wait()
java.lang.Thread.State: WAITING (on object monitor)
        at java.base@21.0.5/jdk.internal.misc.Unsafe.park(Native Method)
        at java.base@21.0.5/java.util.concurrent.locks.LockSupport.park(LockSupport.java:371)
        at java.base@21.0.5/java.util.concurrent.locks.AbstractQueuedSynchronizer$ConditionNode.block(AbstractQueuedSynchronizer.java:519)
        at java.base@21.0.5/java.util.concurrent.ForkJoinPool.unmanagedBlock(ForkJoinPool.java:3780)
        at java.base@21.0.5/java.util.concurrent.ForkJoinPool.managedBlock(ForkJoinPool.java:3725)
        at java.base@21.0.5/java.util.concurrent.locks.AbstractQueuedSynchronizer$ConditionObject.await(AbstractQueuedSynchronizer.java:1712)
        at java.base@21.0.5/java.util.concurrent.ScheduledThreadPoolExecutor$DelayedWorkQueue.take(ScheduledThreadPoolExecutor.java:1177)
        at java.base@21.0.5/java.util.concurrent.ScheduledThreadPoolExecutor$DelayedWorkQueue.take(ScheduledThreadPoolExecutor.java:899)
        at java.base@21.0.5/java.util.concurrent.ThreadPoolExecutor.getTask(ThreadPoolExecutor.java:1070)
        at java.base@21.0.5/java.util.concurrent.ThreadPoolExecutor.runWorker(ThreadPoolExecutor.java:1130)
        at java.base@21.0.5/java.util.concurrent.ThreadPoolExecutor$Worker.run(ThreadPoolExecutor.java:642)
        at java.base@21.0.5/java.lang.Thread.runWith(Thread.java:1596)
        at java.base@21.0.5/java.lang.Thread.run(Thread.java:1583)
"IPC Server handler 3 on default port 15002" daemon prio=5 tid=342 timed_waiting
java.lang.Thread.State: TIMED_WAITING
        at java.base@21.0.5/jdk.internal.misc.Unsafe.park(Native Method)
        at java.base@21.0.5/java.util.concurrent.locks.LockSupport.parkNanos(LockSupport.java:269)
        at java.base@21.0.5/java.util.concurrent.locks.AbstractQueuedSynchronizer$ConditionObject.awaitNanos(AbstractQueuedSynchronizer.java:1763)
        at java.base@21.0.5/java.util.concurrent.LinkedBlockingQueue.poll(LinkedBlockingQueue.java:460)
        at app//org.apache.hadoop.ipc.CallQueueManager.take(CallQueueManager.java:370)
        at app//org.apache.hadoop.ipc.Server$Handler.run(Server.java:3165)
"FullTableCache-Cleanup-0" daemon prio=5 tid=440 timed_waiting
java.lang.Thread.State: TIMED_WAITING
        at java.base@21.0.5/jdk.internal.misc.Unsafe.park(Native Method)
        at java.base@21.0.5/java.util.concurrent.locks.LockSupport.parkNanos(LockSupport.java:269)
        at java.base@21.0.5/java.util.concurrent.locks.AbstractQueuedSynchronizer$ConditionObject.awaitNanos(AbstractQueuedSynchronizer.java:1763)
        at java.base@21.0.5/java.util.concurrent.ScheduledThreadPoolExecutor$DelayedWorkQueue.take(ScheduledThreadPoolExecutor.java:1182)
        at java.base@21.0.5/java.util.concurrent.ScheduledThreadPoolExecutor$DelayedWorkQueue.take(ScheduledThreadPoolExecutor.java:899)
        at java.base@21.0.5/java.util.concurrent.ThreadPoolExecutor.getTask(ThreadPoolExecutor.java:1070)
        at java.base@21.0.5/java.util.concurrent.ThreadPoolExecutor.runWorker(ThreadPoolExecutor.java:1130)
        at java.base@21.0.5/java.util.concurrent.ThreadPoolExecutor$Worker.run(ThreadPoolExecutor.java:642)
        at java.base@21.0.5/java.lang.Thread.runWith(Thread.java:1596)
        at java.base@21.0.5/java.lang.Thread.run(Thread.java:1583)
"a14cd1ab-7861-42f9-8639-15260a7193f0-DataNodeDiskCheckerThread-0" daemon prio=5 tid=2189 timed_waiting
java.lang.Thread.State: TIMED_WAITING
        at java.base@21.0.5/jdk.internal.misc.Unsafe.park(Native Method)
        at java.base@21.0.5/java.util.concurrent.locks.LockSupport.parkNanos(LockSupport.java:410)
        at java.base@21.0.5/java.util.concurrent.LinkedTransferQueue$DualNode.await(LinkedTransferQueue.java:452)
        at java.base@21.0.5/java.util.concurrent.SynchronousQueue$Transferer.xferLifo(SynchronousQueue.java:194)
        at java.base@21.0.5/java.util.concurrent.SynchronousQueue.xfer(SynchronousQueue.java:235)
        at java.base@21.0.5/java.util.concurrent.SynchronousQueue.poll(SynchronousQueue.java:338)
        at java.base@21.0.5/java.util.concurrent.ThreadPoolExecutor.getTask(ThreadPoolExecutor.java:1069)
        at java.base@21.0.5/java.util.concurrent.ThreadPoolExecutor.runWorker(ThreadPoolExecutor.java:1130)
        at java.base@21.0.5/java.util.concurrent.ThreadPoolExecutor$Worker.run(ThreadPoolExecutor.java:642)
        at java.base@21.0.5/java.lang.Thread.runWith(Thread.java:1596)
        at java.base@21.0.5/java.lang.Thread.run(Thread.java:1583)
"IPC Server handler 59 on default port 15000" daemon prio=5 tid=180 timed_waiting
java.lang.Thread.State: TIMED_WAITING
        at java.base@21.0.5/jdk.internal.misc.Unsafe.park(Native Method)
        at java.base@21.0.5/java.util.concurrent.locks.LockSupport.parkNanos(LockSupport.java:269)
        at java.base@21.0.5/java.util.concurrent.locks.AbstractQueuedSynchronizer$ConditionObject.awaitNanos(AbstractQueuedSynchronizer.java:1763)
        at java.base@21.0.5/java.util.concurrent.LinkedBlockingQueue.poll(LinkedBlockingQueue.java:460)
        at app//org.apache.hadoop.ipc.CallQueueManager.take(CallQueueManager.java:370)
        at app//org.apache.hadoop.ipc.Server$Handler.run(Server.java:3165)
"grpc-default-executor-12" daemon prio=5 tid=2105 timed_waiting
java.lang.Thread.State: TIMED_WAITING
        at java.base@21.0.5/jdk.internal.misc.Unsafe.park(Native Method)
        at java.base@21.0.5/java.util.concurrent.locks.LockSupport.parkNanos(LockSupport.java:410)
        at java.base@21.0.5/java.util.concurrent.LinkedTransferQueue$DualNode.await(LinkedTransferQueue.java:452)
        at java.base@21.0.5/java.util.concurrent.SynchronousQueue$Transferer.xferLifo(SynchronousQueue.java:194)
        at java.base@21.0.5/java.util.concurrent.SynchronousQueue.xfer(SynchronousQueue.java:235)
        at java.base@21.0.5/java.util.concurrent.SynchronousQueue.poll(SynchronousQueue.java:338)
        at java.base@21.0.5/java.util.concurrent.ThreadPoolExecutor.getTask(ThreadPoolExecutor.java:1069)
        at java.base@21.0.5/java.util.concurrent.ThreadPoolExecutor.runWorker(ThreadPoolExecutor.java:1130)
        at java.base@21.0.5/java.util.concurrent.ThreadPoolExecutor$Worker.run(ThreadPoolExecutor.java:642)
        at java.base@21.0.5/java.lang.Thread.runWith(Thread.java:1596)
        at java.base@21.0.5/java.lang.Thread.run(Thread.java:1583)
"ContainerMetadataScanner" daemon prio=5 tid=866 timed_waiting
java.lang.Thread.State: TIMED_WAITING
        at java.base@21.0.5/java.lang.Thread.sleep0(Native Method)
        at java.base@21.0.5/java.lang.Thread.sleep(Thread.java:509)
        at app//org.apache.hadoop.ozone.container.ozoneimpl.AbstractBackgroundContainerScanner.handleRemainingSleep(AbstractBackgroundContainerScanner.java:131)
        at app//org.apache.hadoop.ozone.container.ozoneimpl.AbstractBackgroundContainerScanner.runIteration(AbstractBackgroundContainerScanner.java:98)
        at app//org.apache.hadoop.ozone.container.ozoneimpl.AbstractBackgroundContainerScanner.run(AbstractBackgroundContainerScanner.java:57)
"69390d8a-021c-44b7-9fe5-c9855a0c5aa1-EndpointStateMachineTaskThread-/0.0.0.0:15002-0 "  prio=5 tid=1117 in Object.wait()
java.lang.Thread.State: WAITING (on object monitor)
        at java.base@21.0.5/jdk.internal.misc.Unsafe.park(Native Method)
        at java.base@21.0.5/java.util.concurrent.locks.LockSupport.park(LockSupport.java:371)
        at java.base@21.0.5/java.util.concurrent.locks.AbstractQueuedSynchronizer$ConditionNode.block(AbstractQueuedSynchronizer.java:519)
        at java.base@21.0.5/java.util.concurrent.ForkJoinPool.unmanagedBlock(ForkJoinPool.java:3780)
        at java.base@21.0.5/java.util.concurrent.ForkJoinPool.managedBlock(ForkJoinPool.java:3725)
        at java.base@21.0.5/java.util.concurrent.locks.AbstractQueuedSynchronizer$ConditionObject.await(AbstractQueuedSynchronizer.java:1712)
        at java.base@21.0.5/java.util.concurrent.LinkedBlockingQueue.take(LinkedBlockingQueue.java:435)
        at java.base@21.0.5/java.util.concurrent.ThreadPoolExecutor.getTask(ThreadPoolExecutor.java:1070)
        at java.base@21.0.5/java.util.concurrent.ThreadPoolExecutor.runWorker(ThreadPoolExecutor.java:1130)
        at java.base@21.0.5/java.util.concurrent.ThreadPoolExecutor$Worker.run(ThreadPoolExecutor.java:642)
        at java.base@21.0.5/java.lang.Thread.runWith(Thread.java:1596)
        at java.base@21.0.5/java.lang.Thread.run(Thread.java:1583)
"17963aff-71fe-4a8f-bd2e-c405ff93174f-BlockDeletingService#3" daemon prio=5 tid=2132 in Object.wait()
java.lang.Thread.State: WAITING (on object monitor)
        at java.base@21.0.5/jdk.internal.misc.Unsafe.park(Native Method)
        at java.base@21.0.5/java.util.concurrent.locks.LockSupport.park(LockSupport.java:371)
        at java.base@21.0.5/java.util.concurrent.locks.AbstractQueuedSynchronizer$ConditionNode.block(AbstractQueuedSynchronizer.java:519)
        at java.base@21.0.5/java.util.concurrent.ForkJoinPool.unmanagedBlock(ForkJoinPool.java:3780)
        at java.base@21.0.5/java.util.concurrent.ForkJoinPool.managedBlock(ForkJoinPool.java:3725)
        at java.base@21.0.5/java.util.concurrent.locks.AbstractQueuedSynchronizer$ConditionObject.await(AbstractQueuedSynchronizer.java:1712)
        at java.base@21.0.5/java.util.concurrent.ScheduledThreadPoolExecutor$DelayedWorkQueue.take(ScheduledThreadPoolExecutor.java:1177)
        at java.base@21.0.5/java.util.concurrent.ScheduledThreadPoolExecutor$DelayedWorkQueue.take(ScheduledThreadPoolExecutor.java:899)
        at java.base@21.0.5/java.util.concurrent.ThreadPoolExecutor.getTask(ThreadPoolExecutor.java:1070)
        at java.base@21.0.5/java.util.concurrent.ThreadPoolExecutor.runWorker(ThreadPoolExecutor.java:1130)
        at java.base@21.0.5/java.util.concurrent.ThreadPoolExecutor$Worker.run(ThreadPoolExecutor.java:642)
        at java.base@21.0.5/java.lang.Thread.runWith(Thread.java:1596)
        at java.base@21.0.5/java.lang.Thread.run(Thread.java:1583)
"qtp1698217345-2148" daemon prio=5 tid=2148 timed_waiting
java.lang.Thread.State: TIMED_WAITING
        at java.base@21.0.5/jdk.internal.misc.Unsafe.park(Native Method)
        at java.base@21.0.5/java.util.concurrent.locks.LockSupport.parkNanos(LockSupport.java:269)
        at java.base@21.0.5/java.util.concurrent.locks.AbstractQueuedSynchronizer$ConditionObject.awaitNanos(AbstractQueuedSynchronizer.java:1763)
        at app//org.eclipse.jetty.util.BlockingArrayQueue.poll(BlockingArrayQueue.java:382)
        at app//org.eclipse.jetty.util.thread.QueuedThreadPool$Runner.idleJobPoll(QueuedThreadPool.java:974)
        at app//org.eclipse.jetty.util.thread.QueuedThreadPool$Runner.run(QueuedThreadPool.java:1018)
        at java.base@21.0.5/java.lang.Thread.runWith(Thread.java:1596)
        at java.base@21.0.5/java.lang.Thread.run(Thread.java:1583)
"91d0dafb-6cb7-42e5-b129-660fdc1902ba@group-0394EB5B4624-cacheEviction-AwaitToRun" daemon prio=5 tid=1341 in Object.wait()
java.lang.Thread.State: WAITING (on object monitor)
        at java.base@21.0.5/jdk.internal.misc.Unsafe.park(Native Method)
        at java.base@21.0.5/java.util.concurrent.locks.LockSupport.park(LockSupport.java:371)
        at java.base@21.0.5/java.util.concurrent.locks.AbstractQueuedSynchronizer$ConditionNode.block(AbstractQueuedSynchronizer.java:519)
        at java.base@21.0.5/java.util.concurrent.ForkJoinPool.unmanagedBlock(ForkJoinPool.java:3780)
        at java.base@21.0.5/java.util.concurrent.ForkJoinPool.managedBlock(ForkJoinPool.java:3725)
        at java.base@21.0.5/java.util.concurrent.locks.AbstractQueuedSynchronizer$ConditionObject.await(AbstractQueuedSynchronizer.java:1712)
        at app//org.apache.ratis.util.AwaitForSignal.await(AwaitForSignal.java:48)
        at app//org.apache.ratis.util.AwaitToRun$RunnableImpl.run(AwaitToRun.java:47)
        at java.base@21.0.5/java.lang.Thread.runWith(Thread.java:1596)
        at java.base@21.0.5/java.lang.Thread.run(Thread.java:1583)
"17963aff-71fe-4a8f-bd2e-c405ff93174f-server-thread3" daemon prio=5 tid=1482 timed_waiting
java.lang.Thread.State: TIMED_WAITING
        at java.base@21.0.5/jdk.internal.misc.Unsafe.park(Native Method)
        at java.base@21.0.5/java.util.concurrent.locks.LockSupport.parkNanos(LockSupport.java:410)
        at java.base@21.0.5/java.util.concurrent.LinkedTransferQueue$DualNode.await(LinkedTransferQueue.java:452)
        at java.base@21.0.5/java.util.concurrent.SynchronousQueue$Transferer.xferLifo(SynchronousQueue.java:194)
        at java.base@21.0.5/java.util.concurrent.SynchronousQueue.xfer(SynchronousQueue.java:235)
        at java.base@21.0.5/java.util.concurrent.SynchronousQueue.poll(SynchronousQueue.java:338)
        at java.base@21.0.5/java.util.concurrent.ThreadPoolExecutor.getTask(ThreadPoolExecutor.java:1069)
        at java.base@21.0.5/java.util.concurrent.ThreadPoolExecutor.runWorker(ThreadPoolExecutor.java:1130)
        at java.base@21.0.5/java.util.concurrent.ThreadPoolExecutor$Worker.run(ThreadPoolExecutor.java:642)
        at java.base@21.0.5/java.lang.Thread.runWith(Thread.java:1596)
        at java.base@21.0.5/java.lang.Thread.run(Thread.java:1583)
"7c84fc52-fa7b-40d9-a19c-d4e4c83c5fa3-ChunkWriter-1-0" daemon prio=5 tid=933 in Object.wait()
java.lang.Thread.State: WAITING (on object monitor)
        at java.base@21.0.5/jdk.internal.misc.Unsafe.park(Native Method)
        at java.base@21.0.5/java.util.concurrent.locks.LockSupport.park(LockSupport.java:371)
        at java.base@21.0.5/java.util.concurrent.locks.AbstractQueuedSynchronizer$ConditionNode.block(AbstractQueuedSynchronizer.java:519)
        at java.base@21.0.5/java.util.concurrent.ForkJoinPool.unmanagedBlock(ForkJoinPool.java:3780)
        at java.base@21.0.5/java.util.concurrent.ForkJoinPool.managedBlock(ForkJoinPool.java:3725)
        at java.base@21.0.5/java.util.concurrent.locks.AbstractQueuedSynchronizer$ConditionObject.await(AbstractQueuedSynchronizer.java:1712)
        at java.base@21.0.5/java.util.concurrent.LinkedBlockingDeque.takeFirst(LinkedBlockingDeque.java:485)
        at java.base@21.0.5/java.util.concurrent.LinkedBlockingDeque.take(LinkedBlockingDeque.java:673)
        at java.base@21.0.5/java.util.concurrent.ThreadPoolExecutor.getTask(ThreadPoolExecutor.java:1070)
        at java.base@21.0.5/java.util.concurrent.ThreadPoolExecutor.runWorker(ThreadPoolExecutor.java:1130)
        at java.base@21.0.5/java.util.concurrent.ThreadPoolExecutor$Worker.run(ThreadPoolExecutor.java:642)
        at java.base@21.0.5/java.lang.Thread.runWith(Thread.java:1596)
        at java.base@21.0.5/java.lang.Thread.run(Thread.java:1583)
"7c84fc52-fa7b-40d9-a19c-d4e4c83c5fa3@group-B8383FC2DAB2->d1093f6a-6992-456d-ac47-966fa1bbc12e-GrpcLogAppender-LogAppenderDaemon" daemon prio=5 tid=2047 timed_waiting
java.lang.Thread.State: TIMED_WAITING
        at java.base@21.0.5/jdk.internal.misc.Unsafe.park(Native Method)
        at java.base@21.0.5/java.util.concurrent.locks.LockSupport.parkNanos(LockSupport.java:269)
        at java.base@21.0.5/java.util.concurrent.locks.AbstractQueuedSynchronizer$ConditionObject.await(AbstractQueuedSynchronizer.java:1852)
        at app//org.apache.ratis.util.AwaitForSignal.await(AwaitForSignal.java:65)
        at app//org.apache.ratis.grpc.server.GrpcLogAppender.mayWait(GrpcLogAppender.java:290)
        at app//org.apache.ratis.grpc.server.GrpcLogAppender.run(GrpcLogAppender.java:258)
        at app//org.apache.ratis.server.leader.LogAppenderDaemon.run(LogAppenderDaemon.java:80)
        at app//org.apache.ratis.server.leader.LogAppenderDaemon$$Lambda/0x00007fcfe093e000.run(Unknown Source)
        at java.base@21.0.5/java.lang.Thread.runWith(Thread.java:1596)
        at java.base@21.0.5/java.lang.Thread.run(Thread.java:1583)
"d1093f6a-6992-456d-ac47-966fa1bbc12e-ChunkReader-0" daemon prio=5 tid=2077 in Object.wait()
java.lang.Thread.State: WAITING (on object monitor)
        at java.base@21.0.5/jdk.internal.misc.Unsafe.park(Native Method)
        at java.base@21.0.5/java.util.concurrent.locks.LockSupport.park(LockSupport.java:371)
        at java.base@21.0.5/java.util.concurrent.locks.AbstractQueuedSynchronizer$ConditionNode.block(AbstractQueuedSynchronizer.java:519)
        at java.base@21.0.5/java.util.concurrent.ForkJoinPool.unmanagedBlock(ForkJoinPool.java:3780)
        at java.base@21.0.5/java.util.concurrent.ForkJoinPool.managedBlock(ForkJoinPool.java:3725)
        at java.base@21.0.5/java.util.concurrent.locks.AbstractQueuedSynchronizer$ConditionObject.await(AbstractQueuedSynchronizer.java:1712)
        at java.base@21.0.5/java.util.concurrent.LinkedBlockingQueue.take(LinkedBlockingQueue.java:435)
        at java.base@21.0.5/java.util.concurrent.ThreadPoolExecutor.getTask(ThreadPoolExecutor.java:1070)
        at java.base@21.0.5/java.util.concurrent.ThreadPoolExecutor.runWorker(ThreadPoolExecutor.java:1130)
        at java.base@21.0.5/java.util.concurrent.ThreadPoolExecutor$Worker.run(ThreadPoolExecutor.java:642)
        at java.base@21.0.5/java.lang.Thread.runWith(Thread.java:1596)
        at java.base@21.0.5/java.lang.Thread.run(Thread.java:1583)
"91d0dafb-6cb7-42e5-b129-660fdc1902ba-DatanodeStateMachineTaskThread-0"  prio=5 tid=1036 in Object.wait()
java.lang.Thread.State: WAITING (on object monitor)
        at java.base@21.0.5/jdk.internal.misc.Unsafe.park(Native Method)
        at java.base@21.0.5/java.util.concurrent.locks.LockSupport.park(LockSupport.java:371)
        at java.base@21.0.5/java.util.concurrent.locks.AbstractQueuedSynchronizer$ConditionNode.block(AbstractQueuedSynchronizer.java:519)
        at java.base@21.0.5/java.util.concurrent.ForkJoinPool.unmanagedBlock(ForkJoinPool.java:3780)
        at java.base@21.0.5/java.util.concurrent.ForkJoinPool.managedBlock(ForkJoinPool.java:3725)
        at java.base@21.0.5/java.util.concurrent.locks.AbstractQueuedSynchronizer$ConditionObject.await(AbstractQueuedSynchronizer.java:1712)
        at java.base@21.0.5/java.util.concurrent.LinkedBlockingQueue.take(LinkedBlockingQueue.java:435)
        at java.base@21.0.5/java.util.concurrent.ThreadPoolExecutor.getTask(ThreadPoolExecutor.java:1070)
        at java.base@21.0.5/java.util.concurrent.ThreadPoolExecutor.runWorker(ThreadPoolExecutor.java:1130)
        at java.base@21.0.5/java.util.concurrent.ThreadPoolExecutor$Worker.run(ThreadPoolExecutor.java:642)
        at java.base@21.0.5/java.lang.Thread.runWith(Thread.java:1596)
        at java.base@21.0.5/java.lang.Thread.run(Thread.java:1583)
"fc60e07f-496f-42fe-ae82-620152583f87-ContainerOp-8ef3bc64-5854-4584-910e-a7184706d343-1"  prio=5 tid=1454 in Object.wait()
java.lang.Thread.State: WAITING (on object monitor)
        at java.base@21.0.5/jdk.internal.misc.Unsafe.park(Native Method)
        at java.base@21.0.5/java.util.concurrent.locks.LockSupport.park(LockSupport.java:371)
        at java.base@21.0.5/java.util.concurrent.locks.AbstractQueuedSynchronizer$ConditionNode.block(AbstractQueuedSynchronizer.java:519)
        at java.base@21.0.5/java.util.concurrent.ForkJoinPool.unmanagedBlock(ForkJoinPool.java:3780)
        at java.base@21.0.5/java.util.concurrent.ForkJoinPool.managedBlock(ForkJoinPool.java:3725)
        at java.base@21.0.5/java.util.concurrent.locks.AbstractQueuedSynchronizer$ConditionObject.await(AbstractQueuedSynchronizer.java:1712)
        at java.base@21.0.5/java.util.concurrent.LinkedBlockingQueue.take(LinkedBlockingQueue.java:435)
        at java.base@21.0.5/java.util.concurrent.ThreadPoolExecutor.getTask(ThreadPoolExecutor.java:1070)
        at java.base@21.0.5/java.util.concurrent.ThreadPoolExecutor.runWorker(ThreadPoolExecutor.java:1130)
        at java.base@21.0.5/java.util.concurrent.ThreadPoolExecutor$Worker.run(ThreadPoolExecutor.java:642)
        at java.base@21.0.5/java.lang.Thread.runWith(Thread.java:1596)
        at java.base@21.0.5/java.lang.Thread.run(Thread.java:1583)
"17963aff-71fe-4a8f-bd2e-c405ff93174f@group-31157D531563-cacheEviction-AwaitToRun" daemon prio=5 tid=1315 in Object.wait()
java.lang.Thread.State: WAITING (on object monitor)
        at java.base@21.0.5/jdk.internal.misc.Unsafe.park(Native Method)
        at java.base@21.0.5/java.util.concurrent.locks.LockSupport.park(LockSupport.java:371)
        at java.base@21.0.5/java.util.concurrent.locks.AbstractQueuedSynchronizer$ConditionNode.block(AbstractQueuedSynchronizer.java:519)
        at java.base@21.0.5/java.util.concurrent.ForkJoinPool.unmanagedBlock(ForkJoinPool.java:3780)
        at java.base@21.0.5/java.util.concurrent.ForkJoinPool.managedBlock(ForkJoinPool.java:3725)
        at java.base@21.0.5/java.util.concurrent.locks.AbstractQueuedSynchronizer$ConditionObject.await(AbstractQueuedSynchronizer.java:1712)
        at app//org.apache.ratis.util.AwaitForSignal.await(AwaitForSignal.java:48)
        at app//org.apache.ratis.util.AwaitToRun$RunnableImpl.run(AwaitToRun.java:47)
        at java.base@21.0.5/java.lang.Thread.runWith(Thread.java:1596)
        at java.base@21.0.5/java.lang.Thread.run(Thread.java:1583)
"Socket Reader #4 for port 15021"  prio=5 tid=584 runnable
java.lang.Thread.State: RUNNABLE
        at java.base@21.0.5/sun.nio.ch.EPoll.wait(Native Method)
        at java.base@21.0.5/sun.nio.ch.EPollSelectorImpl.doSelect(EPollSelectorImpl.java:121)
        at java.base@21.0.5/sun.nio.ch.SelectorImpl.lockAndDoSelect(SelectorImpl.java:130)
        at java.base@21.0.5/sun.nio.ch.SelectorImpl.select(SelectorImpl.java:147)
        at app//org.apache.hadoop.ipc.Server$Listener$Reader.doRunLoop(Server.java:1497)
        at app//org.apache.hadoop.ipc.Server$Listener$Reader.run(Server.java:1476)
"69390d8a-021c-44b7-9fe5-c9855a0c5aa1@group-9167B95FD813-FollowerState" daemon prio=5 tid=1473 timed_waiting
java.lang.Thread.State: TIMED_WAITING
        at java.base@21.0.5/java.lang.Thread.sleep0(Native Method)
        at java.base@21.0.5/java.lang.Thread.sleep(Thread.java:558)
        at java.base@21.0.5/java.util.concurrent.TimeUnit.sleep(TimeUnit.java:446)
        at app//org.apache.ratis.util.TimeDuration.sleep(TimeDuration.java:353)
        at app//org.apache.ratis.util.TimeDuration.sleep(TimeDuration.java:338)
        at app//org.apache.ratis.server.impl.FollowerState.runImpl(FollowerState.java:149)
        at app//org.apache.ratis.server.impl.FollowerState.run(FollowerState.java:130)
"IPC Server idle connection scanner for port 15012" daemon prio=5 tid=545 timed_waiting
java.lang.Thread.State: TIMED_WAITING
        at java.base@21.0.5/java.lang.Object.wait0(Native Method)
        at java.base@21.0.5/java.lang.Object.wait(Object.java:366)
        at java.base@21.0.5/java.util.TimerThread.mainLoop(Timer.java:563)
        at java.base@21.0.5/java.util.TimerThread.run(Timer.java:516)
"IPC Server handler 1 on default port 15057" daemon prio=5 tid=781 timed_waiting
java.lang.Thread.State: TIMED_WAITING
        at java.base@21.0.5/jdk.internal.misc.Unsafe.park(Native Method)
        at java.base@21.0.5/java.util.concurrent.locks.LockSupport.parkNanos(LockSupport.java:269)
        at java.base@21.0.5/java.util.concurrent.locks.AbstractQueuedSynchronizer$ConditionObject.awaitNanos(AbstractQueuedSynchronizer.java:1763)
        at java.base@21.0.5/java.util.concurrent.LinkedBlockingQueue.poll(LinkedBlockingQueue.java:460)
        at app//org.apache.hadoop.ipc.CallQueueManager.take(CallQueueManager.java:370)
        at app//org.apache.hadoop.ipc.Server$Handler.run(Server.java:3165)
"StaleRecoveringContainerScrubbingService#3" daemon prio=5 tid=2125 in Object.wait()
java.lang.Thread.State: WAITING (on object monitor)
        at java.base@21.0.5/jdk.internal.misc.Unsafe.park(Native Method)
        at java.base@21.0.5/java.util.concurrent.locks.LockSupport.park(LockSupport.java:371)
        at java.base@21.0.5/java.util.concurrent.locks.AbstractQueuedSynchronizer$ConditionNode.block(AbstractQueuedSynchronizer.java:519)
        at java.base@21.0.5/java.util.concurrent.ForkJoinPool.unmanagedBlock(ForkJoinPool.java:3780)
        at java.base@21.0.5/java.util.concurrent.ForkJoinPool.managedBlock(ForkJoinPool.java:3725)
        at java.base@21.0.5/java.util.concurrent.locks.AbstractQueuedSynchronizer$ConditionObject.await(AbstractQueuedSynchronizer.java:1712)
        at java.base@21.0.5/java.util.concurrent.ScheduledThreadPoolExecutor$DelayedWorkQueue.take(ScheduledThreadPoolExecutor.java:1177)
        at java.base@21.0.5/java.util.concurrent.ScheduledThreadPoolExecutor$DelayedWorkQueue.take(ScheduledThreadPoolExecutor.java:899)
        at java.base@21.0.5/java.util.concurrent.ThreadPoolExecutor.getTask(ThreadPoolExecutor.java:1070)
        at java.base@21.0.5/java.util.concurrent.ThreadPoolExecutor.runWorker(ThreadPoolExecutor.java:1130)
        at java.base@21.0.5/java.util.concurrent.ThreadPoolExecutor$Worker.run(ThreadPoolExecutor.java:642)
        at java.base@21.0.5/java.lang.Thread.runWith(Thread.java:1596)
        at java.base@21.0.5/java.lang.Thread.run(Thread.java:1583)
"IPC Server handler 75 on default port 15001" daemon prio=5 tid=296 timed_waiting
java.lang.Thread.State: TIMED_WAITING
        at java.base@21.0.5/jdk.internal.misc.Unsafe.park(Native Method)
        at java.base@21.0.5/java.util.concurrent.locks.LockSupport.parkNanos(LockSupport.java:269)
        at java.base@21.0.5/java.util.concurrent.locks.AbstractQueuedSynchronizer$ConditionObject.awaitNanos(AbstractQueuedSynchronizer.java:1763)
        at java.base@21.0.5/java.util.concurrent.LinkedBlockingQueue.poll(LinkedBlockingQueue.java:460)
        at app//org.apache.hadoop.ipc.CallQueueManager.take(CallQueueManager.java:370)
        at app//org.apache.hadoop.ipc.Server$Handler.run(Server.java:3165)
"IPC Server handler 4 on default port 15093" daemon prio=5 tid=1024 timed_waiting
java.lang.Thread.State: TIMED_WAITING
        at java.base@21.0.5/jdk.internal.misc.Unsafe.park(Native Method)
        at java.base@21.0.5/java.util.concurrent.locks.LockSupport.parkNanos(LockSupport.java:269)
        at java.base@21.0.5/java.util.concurrent.locks.AbstractQueuedSynchronizer$ConditionObject.awaitNanos(AbstractQueuedSynchronizer.java:1763)
        at java.base@21.0.5/java.util.concurrent.LinkedBlockingQueue.poll(LinkedBlockingQueue.java:460)
        at app//org.apache.hadoop.ipc.CallQueueManager.take(CallQueueManager.java:370)
        at app//org.apache.hadoop.ipc.Server$Handler.run(Server.java:3165)
"fc60e07f-496f-42fe-ae82-620152583f87-ChunkWriter-0-0" daemon prio=5 tid=1063 in Object.wait()
java.lang.Thread.State: WAITING (on object monitor)
        at java.base@21.0.5/jdk.internal.misc.Unsafe.park(Native Method)
        at java.base@21.0.5/java.util.concurrent.locks.LockSupport.park(LockSupport.java:371)
        at java.base@21.0.5/java.util.concurrent.locks.AbstractQueuedSynchronizer$ConditionNode.block(AbstractQueuedSynchronizer.java:519)
        at java.base@21.0.5/java.util.concurrent.ForkJoinPool.unmanagedBlock(ForkJoinPool.java:3780)
        at java.base@21.0.5/java.util.concurrent.ForkJoinPool.managedBlock(ForkJoinPool.java:3725)
        at java.base@21.0.5/java.util.concurrent.locks.AbstractQueuedSynchronizer$ConditionObject.await(AbstractQueuedSynchronizer.java:1712)
        at java.base@21.0.5/java.util.concurrent.LinkedBlockingDeque.takeFirst(LinkedBlockingDeque.java:485)
        at java.base@21.0.5/java.util.concurrent.LinkedBlockingDeque.take(LinkedBlockingDeque.java:673)
        at java.base@21.0.5/java.util.concurrent.ThreadPoolExecutor.getTask(ThreadPoolExecutor.java:1070)
        at java.base@21.0.5/java.util.concurrent.ThreadPoolExecutor.runWorker(ThreadPoolExecutor.java:1130)
        at java.base@21.0.5/java.util.concurrent.ThreadPoolExecutor$Worker.run(ThreadPoolExecutor.java:642)
        at java.base@21.0.5/java.lang.Thread.runWith(Thread.java:1596)
        at java.base@21.0.5/java.lang.Thread.run(Thread.java:1583)
"IPC Server handler 56 on default port 15000" daemon prio=5 tid=177 timed_waiting
java.lang.Thread.State: TIMED_WAITING
        at java.base@21.0.5/jdk.internal.misc.Unsafe.park(Native Method)
        at java.base@21.0.5/java.util.concurrent.locks.LockSupport.parkNanos(LockSupport.java:269)
        at java.base@21.0.5/java.util.concurrent.locks.AbstractQueuedSynchronizer$ConditionObject.awaitNanos(AbstractQueuedSynchronizer.java:1763)
        at java.base@21.0.5/java.util.concurrent.LinkedBlockingQueue.poll(LinkedBlockingQueue.java:460)
        at app//org.apache.hadoop.ipc.CallQueueManager.take(CallQueueManager.java:370)
        at app//org.apache.hadoop.ipc.Server$Handler.run(Server.java:3165)
"IPC Server handler 48 on default port 15000" daemon prio=5 tid=169 timed_waiting
java.lang.Thread.State: TIMED_WAITING
        at java.base@21.0.5/jdk.internal.misc.Unsafe.park(Native Method)
        at java.base@21.0.5/java.util.concurrent.locks.LockSupport.parkNanos(LockSupport.java:269)
        at java.base@21.0.5/java.util.concurrent.locks.AbstractQueuedSynchronizer$ConditionObject.awaitNanos(AbstractQueuedSynchronizer.java:1763)
        at java.base@21.0.5/java.util.concurrent.LinkedBlockingQueue.poll(LinkedBlockingQueue.java:460)
        at app//org.apache.hadoop.ipc.CallQueueManager.take(CallQueueManager.java:370)
        at app//org.apache.hadoop.ipc.Server$Handler.run(Server.java:3165)
"84b435bb-d41b-4758-bf48-ce9052c81d4a-groupManagement" daemon prio=5 tid=1249 in Object.wait()
java.lang.Thread.State: WAITING (on object monitor)
        at java.base@21.0.5/jdk.internal.misc.Unsafe.park(Native Method)
        at java.base@21.0.5/java.util.concurrent.locks.LockSupport.park(LockSupport.java:371)
        at java.base@21.0.5/java.util.concurrent.locks.AbstractQueuedSynchronizer$ConditionNode.block(AbstractQueuedSynchronizer.java:519)
        at java.base@21.0.5/java.util.concurrent.ForkJoinPool.unmanagedBlock(ForkJoinPool.java:3780)
        at java.base@21.0.5/java.util.concurrent.ForkJoinPool.managedBlock(ForkJoinPool.java:3725)
        at java.base@21.0.5/java.util.concurrent.locks.AbstractQueuedSynchronizer$ConditionObject.await(AbstractQueuedSynchronizer.java:1712)
        at java.base@21.0.5/java.util.concurrent.LinkedBlockingQueue.take(LinkedBlockingQueue.java:435)
        at java.base@21.0.5/java.util.concurrent.ThreadPoolExecutor.getTask(ThreadPoolExecutor.java:1070)
        at java.base@21.0.5/java.util.concurrent.ThreadPoolExecutor.runWorker(ThreadPoolExecutor.java:1130)
        at java.base@21.0.5/java.util.concurrent.ThreadPoolExecutor$Worker.run(ThreadPoolExecutor.java:642)
        at java.base@21.0.5/java.lang.Thread.runWith(Thread.java:1596)
        at java.base@21.0.5/java.lang.Thread.run(Thread.java:1583)
"IPC Server handler 45 on default port 15001" daemon prio=5 tid=266 timed_waiting
java.lang.Thread.State: TIMED_WAITING
        at java.base@21.0.5/jdk.internal.misc.Unsafe.park(Native Method)
        at java.base@21.0.5/java.util.concurrent.locks.LockSupport.parkNanos(LockSupport.java:269)
        at java.base@21.0.5/java.util.concurrent.locks.AbstractQueuedSynchronizer$ConditionObject.awaitNanos(AbstractQueuedSynchronizer.java:1763)
        at java.base@21.0.5/java.util.concurrent.LinkedBlockingQueue.poll(LinkedBlockingQueue.java:460)
        at app//org.apache.hadoop.ipc.CallQueueManager.take(CallQueueManager.java:370)
        at app//org.apache.hadoop.ipc.Server$Handler.run(Server.java:3165)
"pool-464-thread-1"  prio=5 tid=1899 timed_waiting
java.lang.Thread.State: TIMED_WAITING
        at java.base@21.0.5/jdk.internal.misc.Unsafe.park(Native Method)
        at java.base@21.0.5/java.util.concurrent.locks.LockSupport.parkNanos(LockSupport.java:269)
        at java.base@21.0.5/java.util.concurrent.locks.AbstractQueuedSynchronizer$ConditionObject.awaitNanos(AbstractQueuedSynchronizer.java:1763)
        at java.base@21.0.5/java.util.concurrent.ScheduledThreadPoolExecutor$DelayedWorkQueue.take(ScheduledThreadPoolExecutor.java:1182)
        at java.base@21.0.5/java.util.concurrent.ScheduledThreadPoolExecutor$DelayedWorkQueue.take(ScheduledThreadPoolExecutor.java:899)
        at java.base@21.0.5/java.util.concurrent.ThreadPoolExecutor.getTask(ThreadPoolExecutor.java:1070)
        at java.base@21.0.5/java.util.concurrent.ThreadPoolExecutor.runWorker(ThreadPoolExecutor.java:1130)
        at java.base@21.0.5/java.util.concurrent.ThreadPoolExecutor$Worker.run(ThreadPoolExecutor.java:642)
        at java.base@21.0.5/java.lang.Thread.runWith(Thread.java:1596)
        at java.base@21.0.5/java.lang.Thread.run(Thread.java:1583)
"a14cd1ab-7861-42f9-8639-15260a7193f0-RocksDBCompactionThread-0"  prio=5 tid=2137 timed_waiting
java.lang.Thread.State: TIMED_WAITING
        at java.base@21.0.5/jdk.internal.misc.Unsafe.park(Native Method)
        at java.base@21.0.5/java.util.concurrent.locks.LockSupport.parkNanos(LockSupport.java:269)
        at java.base@21.0.5/java.util.concurrent.locks.AbstractQueuedSynchronizer$ConditionObject.awaitNanos(AbstractQueuedSynchronizer.java:1763)
        at java.base@21.0.5/java.util.concurrent.ScheduledThreadPoolExecutor$DelayedWorkQueue.take(ScheduledThreadPoolExecutor.java:1182)
        at java.base@21.0.5/java.util.concurrent.ScheduledThreadPoolExecutor$DelayedWorkQueue.take(ScheduledThreadPoolExecutor.java:899)
        at java.base@21.0.5/java.util.concurrent.ThreadPoolExecutor.getTask(ThreadPoolExecutor.java:1070)
        at java.base@21.0.5/java.util.concurrent.ThreadPoolExecutor.runWorker(ThreadPoolExecutor.java:1130)
        at java.base@21.0.5/java.util.concurrent.ThreadPoolExecutor$Worker.run(ThreadPoolExecutor.java:642)
        at java.base@21.0.5/java.lang.Thread.runWith(Thread.java:1596)
        at java.base@21.0.5/java.lang.Thread.run(Thread.java:1583)
"Socket Reader #5 for port 15066"  prio=5 tid=817 runnable
java.lang.Thread.State: RUNNABLE
        at java.base@21.0.5/sun.nio.ch.EPoll.wait(Native Method)
        at java.base@21.0.5/sun.nio.ch.EPollSelectorImpl.doSelect(EPollSelectorImpl.java:121)
        at java.base@21.0.5/sun.nio.ch.SelectorImpl.lockAndDoSelect(SelectorImpl.java:130)
        at java.base@21.0.5/sun.nio.ch.SelectorImpl.select(SelectorImpl.java:147)
        at app//org.apache.hadoop.ipc.Server$Listener$Reader.doRunLoop(Server.java:1497)
        at app//org.apache.hadoop.ipc.Server$Listener$Reader.run(Server.java:1476)
"a14cd1ab-7861-42f9-8639-15260a7193f0-ChunkWriter-1-0" daemon prio=5 tid=2194 in Object.wait()
java.lang.Thread.State: WAITING (on object monitor)
        at java.base@21.0.5/jdk.internal.misc.Unsafe.park(Native Method)
        at java.base@21.0.5/java.util.concurrent.locks.LockSupport.park(LockSupport.java:371)
        at java.base@21.0.5/java.util.concurrent.locks.AbstractQueuedSynchronizer$ConditionNode.block(AbstractQueuedSynchronizer.java:519)
        at java.base@21.0.5/java.util.concurrent.ForkJoinPool.unmanagedBlock(ForkJoinPool.java:3780)
        at java.base@21.0.5/java.util.concurrent.ForkJoinPool.managedBlock(ForkJoinPool.java:3725)
        at java.base@21.0.5/java.util.concurrent.locks.AbstractQueuedSynchronizer$ConditionObject.await(AbstractQueuedSynchronizer.java:1712)
        at java.base@21.0.5/java.util.concurrent.LinkedBlockingDeque.takeFirst(LinkedBlockingDeque.java:485)
        at java.base@21.0.5/java.util.concurrent.LinkedBlockingDeque.take(LinkedBlockingDeque.java:673)
        at java.base@21.0.5/java.util.concurrent.ThreadPoolExecutor.getTask(ThreadPoolExecutor.java:1070)
        at java.base@21.0.5/java.util.concurrent.ThreadPoolExecutor.runWorker(ThreadPoolExecutor.java:1130)
        at java.base@21.0.5/java.util.concurrent.ThreadPoolExecutor$Worker.run(ThreadPoolExecutor.java:642)
        at java.base@21.0.5/java.lang.Thread.runWith(Thread.java:1596)
        at java.base@21.0.5/java.lang.Thread.run(Thread.java:1583)
"Socket Reader #10 for port 15001"  prio=5 tid=85 runnable
java.lang.Thread.State: RUNNABLE
        at java.base@21.0.5/sun.nio.ch.EPoll.wait(Native Method)
        at java.base@21.0.5/sun.nio.ch.EPollSelectorImpl.doSelect(EPollSelectorImpl.java:121)
        at java.base@21.0.5/sun.nio.ch.SelectorImpl.lockAndDoSelect(SelectorImpl.java:130)
        at java.base@21.0.5/sun.nio.ch.SelectorImpl.select(SelectorImpl.java:147)
        at app//org.apache.hadoop.ipc.Server$Listener$Reader.doRunLoop(Server.java:1497)
        at app//org.apache.hadoop.ipc.Server$Listener$Reader.run(Server.java:1476)
"IPC Server handler 1 on default port 15001" daemon prio=5 tid=222 timed_waiting
java.lang.Thread.State: TIMED_WAITING
        at java.base@21.0.5/jdk.internal.misc.Unsafe.park(Native Method)
        at java.base@21.0.5/java.util.concurrent.locks.LockSupport.parkNanos(LockSupport.java:269)
        at java.base@21.0.5/java.util.concurrent.locks.AbstractQueuedSynchronizer$ConditionObject.awaitNanos(AbstractQueuedSynchronizer.java:1763)
        at java.base@21.0.5/java.util.concurrent.LinkedBlockingQueue.poll(LinkedBlockingQueue.java:460)
        at app//org.apache.hadoop.ipc.CallQueueManager.take(CallQueueManager.java:370)
        at app//org.apache.hadoop.ipc.Server$Handler.run(Server.java:3165)
"CompactionDagPruningService" daemon prio=5 tid=439 timed_waiting
java.lang.Thread.State: TIMED_WAITING
        at java.base@21.0.5/jdk.internal.misc.Unsafe.park(Native Method)
        at java.base@21.0.5/java.util.concurrent.locks.LockSupport.parkNanos(LockSupport.java:269)
        at java.base@21.0.5/java.util.concurrent.locks.AbstractQueuedSynchronizer$ConditionObject.awaitNanos(AbstractQueuedSynchronizer.java:1763)
        at java.base@21.0.5/java.util.concurrent.ScheduledThreadPoolExecutor$DelayedWorkQueue.take(ScheduledThreadPoolExecutor.java:1182)
        at java.base@21.0.5/java.util.concurrent.ScheduledThreadPoolExecutor$DelayedWorkQueue.take(ScheduledThreadPoolExecutor.java:899)
        at java.base@21.0.5/java.util.concurrent.ThreadPoolExecutor.getTask(ThreadPoolExecutor.java:1070)
        at java.base@21.0.5/java.util.concurrent.ThreadPoolExecutor.runWorker(ThreadPoolExecutor.java:1130)
        at java.base@21.0.5/java.util.concurrent.ThreadPoolExecutor$Worker.run(ThreadPoolExecutor.java:642)
        at java.base@21.0.5/java.lang.Thread.runWith(Thread.java:1596)
        at java.base@21.0.5/java.lang.Thread.run(Thread.java:1583)
"7c84fc52-fa7b-40d9-a19c-d4e4c83c5fa3-DatanodeStateMachineDaemonThread" daemon prio=5 tid=604 timed_waiting
java.lang.Thread.State: TIMED_WAITING
        at java.base@21.0.5/java.lang.Thread.sleep0(Native Method)
        at java.base@21.0.5/java.lang.Thread.sleep(Thread.java:509)
        at app//org.apache.hadoop.ozone.container.common.statemachine.DatanodeStateMachine.startStateMachineThread(DatanodeStateMachine.java:358)
        at app//org.apache.hadoop.ozone.container.common.statemachine.DatanodeStateMachine.lambda$startDaemon$1(DatanodeStateMachine.java:544)
        at app//org.apache.hadoop.ozone.container.common.statemachine.DatanodeStateMachine$$Lambda/0x00007fcfe07d8a68.run(Unknown Source)
        at java.base@21.0.5/java.lang.Thread.runWith(Thread.java:1596)
        at java.base@21.0.5/java.lang.Thread.run(Thread.java:1583)
"IPC Server handler 67 on default port 15001" daemon prio=5 tid=288 timed_waiting
java.lang.Thread.State: TIMED_WAITING
        at java.base@21.0.5/jdk.internal.misc.Unsafe.park(Native Method)
        at java.base@21.0.5/java.util.concurrent.locks.LockSupport.parkNanos(LockSupport.java:269)
        at java.base@21.0.5/java.util.concurrent.locks.AbstractQueuedSynchronizer$ConditionObject.awaitNanos(AbstractQueuedSynchronizer.java:1763)
        at java.base@21.0.5/java.util.concurrent.LinkedBlockingQueue.poll(LinkedBlockingQueue.java:460)
        at app//org.apache.hadoop.ipc.CallQueueManager.take(CallQueueManager.java:370)
        at app//org.apache.hadoop.ipc.Server$Handler.run(Server.java:3165)
"qtp1570121683-571" daemon prio=5 tid=571 runnable
java.lang.Thread.State: RUNNABLE
        at java.base@21.0.5/sun.nio.ch.EPoll.wait(Native Method)
        at java.base@21.0.5/sun.nio.ch.EPollSelectorImpl.doSelect(EPollSelectorImpl.java:121)
        at java.base@21.0.5/sun.nio.ch.SelectorImpl.lockAndDoSelect(SelectorImpl.java:130)
        at java.base@21.0.5/sun.nio.ch.SelectorImpl.select(SelectorImpl.java:147)
        at app//org.eclipse.jetty.io.ManagedSelector.nioSelect(ManagedSelector.java:183)
        at app//org.eclipse.jetty.io.ManagedSelector.select(ManagedSelector.java:190)
        at app//org.eclipse.jetty.io.ManagedSelector$SelectorProducer.select(ManagedSelector.java:606)
        at app//org.eclipse.jetty.io.ManagedSelector$SelectorProducer.produce(ManagedSelector.java:543)
        at app//org.eclipse.jetty.util.thread.strategy.EatWhatYouKill.produceTask(EatWhatYouKill.java:362)
        at app//org.eclipse.jetty.util.thread.strategy.EatWhatYouKill.doProduce(EatWhatYouKill.java:186)
        at app//org.eclipse.jetty.util.thread.strategy.EatWhatYouKill.tryProduce(EatWhatYouKill.java:173)
        at app//org.eclipse.jetty.util.thread.strategy.EatWhatYouKill.produce(EatWhatYouKill.java:137)
        at app//org.eclipse.jetty.io.ManagedSelector$$Lambda/0x00007fcfe0662730.run(Unknown Source)
        at app//org.eclipse.jetty.util.thread.QueuedThreadPool.runJob(QueuedThreadPool.java:883)
        at app//org.eclipse.jetty.util.thread.QueuedThreadPool$Runner.run(QueuedThreadPool.java:1034)
        at java.base@21.0.5/java.lang.Thread.runWith(Thread.java:1596)
        at java.base@21.0.5/java.lang.Thread.run(Thread.java:1583)
"qtp957126305-922" daemon prio=5 tid=922 timed_waiting
java.lang.Thread.State: TIMED_WAITING
        at java.base@21.0.5/jdk.internal.misc.Unsafe.park(Native Method)
        at java.base@21.0.5/java.util.concurrent.locks.LockSupport.parkNanos(LockSupport.java:269)
        at java.base@21.0.5/java.util.concurrent.locks.AbstractQueuedSynchronizer$ConditionObject.awaitNanos(AbstractQueuedSynchronizer.java:1763)
        at app//org.eclipse.jetty.util.BlockingArrayQueue.poll(BlockingArrayQueue.java:382)
        at app//org.eclipse.jetty.util.thread.QueuedThreadPool$Runner.idleJobPoll(QueuedThreadPool.java:974)
        at app//org.eclipse.jetty.util.thread.QueuedThreadPool$Runner.run(QueuedThreadPool.java:1018)
        at java.base@21.0.5/java.lang.Thread.runWith(Thread.java:1596)
        at java.base@21.0.5/java.lang.Thread.run(Thread.java:1583)
"IPC Server handler 61 on default port 15001" daemon prio=5 tid=282 timed_waiting
java.lang.Thread.State: TIMED_WAITING
        at java.base@21.0.5/jdk.internal.misc.Unsafe.park(Native Method)
        at java.base@21.0.5/java.util.concurrent.locks.LockSupport.parkNanos(LockSupport.java:269)
        at java.base@21.0.5/java.util.concurrent.locks.AbstractQueuedSynchronizer$ConditionObject.awaitNanos(AbstractQueuedSynchronizer.java:1763)
        at java.base@21.0.5/java.util.concurrent.LinkedBlockingQueue.poll(LinkedBlockingQueue.java:460)
        at app//org.apache.hadoop.ipc.CallQueueManager.take(CallQueueManager.java:370)
        at app//org.apache.hadoop.ipc.Server$Handler.run(Server.java:3165)
"IPC Server handler 81 on default port 15001" daemon prio=5 tid=302 timed_waiting
java.lang.Thread.State: TIMED_WAITING
        at java.base@21.0.5/jdk.internal.misc.Unsafe.park(Native Method)
        at java.base@21.0.5/java.util.concurrent.locks.LockSupport.parkNanos(LockSupport.java:269)
        at java.base@21.0.5/java.util.concurrent.locks.AbstractQueuedSynchronizer$ConditionObject.awaitNanos(AbstractQueuedSynchronizer.java:1763)
        at java.base@21.0.5/java.util.concurrent.LinkedBlockingQueue.poll(LinkedBlockingQueue.java:460)
        at app//org.apache.hadoop.ipc.CallQueueManager.take(CallQueueManager.java:370)
        at app//org.apache.hadoop.ipc.Server$Handler.run(Server.java:3165)
"IPC Server handler 77 on default port 15002" daemon prio=5 tid=416 timed_waiting
java.lang.Thread.State: TIMED_WAITING
        at java.base@21.0.5/jdk.internal.misc.Unsafe.park(Native Method)
        at java.base@21.0.5/java.util.concurrent.locks.LockSupport.parkNanos(LockSupport.java:269)
        at java.base@21.0.5/java.util.concurrent.locks.AbstractQueuedSynchronizer$ConditionObject.awaitNanos(AbstractQueuedSynchronizer.java:1763)
        at java.base@21.0.5/java.util.concurrent.LinkedBlockingQueue.poll(LinkedBlockingQueue.java:460)
        at app//org.apache.hadoop.ipc.CallQueueManager.take(CallQueueManager.java:370)
        at app//org.apache.hadoop.ipc.Server$Handler.run(Server.java:3165)
"91d0dafb-6cb7-42e5-b129-660fdc1902ba-ChunkWriter-3-0" daemon prio=5 tid=1163 in Object.wait()
java.lang.Thread.State: WAITING (on object monitor)
        at java.base@21.0.5/jdk.internal.misc.Unsafe.park(Native Method)
        at java.base@21.0.5/java.util.concurrent.locks.LockSupport.park(LockSupport.java:371)
        at java.base@21.0.5/java.util.concurrent.locks.AbstractQueuedSynchronizer$ConditionNode.block(AbstractQueuedSynchronizer.java:519)
        at java.base@21.0.5/java.util.concurrent.ForkJoinPool.unmanagedBlock(ForkJoinPool.java:3780)
        at java.base@21.0.5/java.util.concurrent.ForkJoinPool.managedBlock(ForkJoinPool.java:3725)
        at java.base@21.0.5/java.util.concurrent.locks.AbstractQueuedSynchronizer$ConditionObject.await(AbstractQueuedSynchronizer.java:1712)
        at java.base@21.0.5/java.util.concurrent.LinkedBlockingDeque.takeFirst(LinkedBlockingDeque.java:485)
        at java.base@21.0.5/java.util.concurrent.LinkedBlockingDeque.take(LinkedBlockingDeque.java:673)
        at java.base@21.0.5/java.util.concurrent.ThreadPoolExecutor.getTask(ThreadPoolExecutor.java:1070)
        at java.base@21.0.5/java.util.concurrent.ThreadPoolExecutor.runWorker(ThreadPoolExecutor.java:1130)
        at java.base@21.0.5/java.util.concurrent.ThreadPoolExecutor$Worker.run(ThreadPoolExecutor.java:642)
        at java.base@21.0.5/java.lang.Thread.runWith(Thread.java:1596)
        at java.base@21.0.5/java.lang.Thread.run(Thread.java:1583)
"d1093f6a-6992-456d-ac47-966fa1bbc12e-ChunkReader-2" daemon prio=5 tid=2079 in Object.wait()
java.lang.Thread.State: WAITING (on object monitor)
        at java.base@21.0.5/jdk.internal.misc.Unsafe.park(Native Method)
        at java.base@21.0.5/java.util.concurrent.locks.LockSupport.park(LockSupport.java:371)
        at java.base@21.0.5/java.util.concurrent.locks.AbstractQueuedSynchronizer$ConditionNode.block(AbstractQueuedSynchronizer.java:519)
        at java.base@21.0.5/java.util.concurrent.ForkJoinPool.unmanagedBlock(ForkJoinPool.java:3780)
        at java.base@21.0.5/java.util.concurrent.ForkJoinPool.managedBlock(ForkJoinPool.java:3725)
        at java.base@21.0.5/java.util.concurrent.locks.AbstractQueuedSynchronizer$ConditionObject.await(AbstractQueuedSynchronizer.java:1712)
        at java.base@21.0.5/java.util.concurrent.LinkedBlockingQueue.take(LinkedBlockingQueue.java:435)
        at java.base@21.0.5/java.util.concurrent.ThreadPoolExecutor.getTask(ThreadPoolExecutor.java:1070)
        at java.base@21.0.5/java.util.concurrent.ThreadPoolExecutor.runWorker(ThreadPoolExecutor.java:1130)
        at java.base@21.0.5/java.util.concurrent.ThreadPoolExecutor$Worker.run(ThreadPoolExecutor.java:642)
        at java.base@21.0.5/java.lang.Thread.runWith(Thread.java:1596)
        at java.base@21.0.5/java.lang.Thread.run(Thread.java:1583)
"Socket Reader #3 for port 15057"  prio=5 tid=769 runnable
java.lang.Thread.State: RUNNABLE
        at java.base@21.0.5/sun.nio.ch.EPoll.wait(Native Method)
        at java.base@21.0.5/sun.nio.ch.EPollSelectorImpl.doSelect(EPollSelectorImpl.java:121)
        at java.base@21.0.5/sun.nio.ch.SelectorImpl.lockAndDoSelect(SelectorImpl.java:130)
        at java.base@21.0.5/sun.nio.ch.SelectorImpl.select(SelectorImpl.java:147)
        at app//org.apache.hadoop.ipc.Server$Listener$Reader.doRunLoop(Server.java:1497)
        at app//org.apache.hadoop.ipc.Server$Listener$Reader.run(Server.java:1476)
"fc60e07f-496f-42fe-ae82-620152583f87@group-13713B6C3E02-cacheEviction-AwaitToRun" daemon prio=5 tid=1263 in Object.wait()
java.lang.Thread.State: WAITING (on object monitor)
        at java.base@21.0.5/jdk.internal.misc.Unsafe.park(Native Method)
        at java.base@21.0.5/java.util.concurrent.locks.LockSupport.park(LockSupport.java:371)
        at java.base@21.0.5/java.util.concurrent.locks.AbstractQueuedSynchronizer$ConditionNode.block(AbstractQueuedSynchronizer.java:519)
        at java.base@21.0.5/java.util.concurrent.ForkJoinPool.unmanagedBlock(ForkJoinPool.java:3780)
        at java.base@21.0.5/java.util.concurrent.ForkJoinPool.managedBlock(ForkJoinPool.java:3725)
        at java.base@21.0.5/java.util.concurrent.locks.AbstractQueuedSynchronizer$ConditionObject.await(AbstractQueuedSynchronizer.java:1712)
        at app//org.apache.ratis.util.AwaitForSignal.await(AwaitForSignal.java:48)
        at app//org.apache.ratis.util.AwaitToRun$RunnableImpl.run(AwaitToRun.java:47)
        at java.base@21.0.5/java.lang.Thread.runWith(Thread.java:1596)
        at java.base@21.0.5/java.lang.Thread.run(Thread.java:1583)
"IPC Server listener on 15002" daemon prio=5 tid=61 runnable
java.lang.Thread.State: RUNNABLE
        at java.base@21.0.5/sun.nio.ch.EPoll.wait(Native Method)
        at java.base@21.0.5/sun.nio.ch.EPollSelectorImpl.doSelect(EPollSelectorImpl.java:121)
        at java.base@21.0.5/sun.nio.ch.SelectorImpl.lockAndDoSelect(SelectorImpl.java:130)
        at java.base@21.0.5/sun.nio.ch.SelectorImpl.select(SelectorImpl.java:147)
        at app//org.apache.hadoop.ipc.Server$Listener.run(Server.java:1559)
"Session-HouseKeeper-46e052e5-1"  prio=5 tid=533 timed_waiting
java.lang.Thread.State: TIMED_WAITING
        at java.base@21.0.5/jdk.internal.misc.Unsafe.park(Native Method)
        at java.base@21.0.5/java.util.concurrent.locks.LockSupport.parkNanos(LockSupport.java:269)
        at java.base@21.0.5/java.util.concurrent.locks.AbstractQueuedSynchronizer$ConditionObject.awaitNanos(AbstractQueuedSynchronizer.java:1763)
        at java.base@21.0.5/java.util.concurrent.ScheduledThreadPoolExecutor$DelayedWorkQueue.take(ScheduledThreadPoolExecutor.java:1182)
        at java.base@21.0.5/java.util.concurrent.ScheduledThreadPoolExecutor$DelayedWorkQueue.take(ScheduledThreadPoolExecutor.java:899)
        at java.base@21.0.5/java.util.concurrent.ThreadPoolExecutor.getTask(ThreadPoolExecutor.java:1070)
        at java.base@21.0.5/java.util.concurrent.ThreadPoolExecutor.runWorker(ThreadPoolExecutor.java:1130)
        at java.base@21.0.5/java.util.concurrent.ThreadPoolExecutor$Worker.run(ThreadPoolExecutor.java:642)
        at java.base@21.0.5/java.lang.Thread.runWith(Thread.java:1596)
        at java.base@21.0.5/java.lang.Thread.run(Thread.java:1583)
"7c84fc52-fa7b-40d9-a19c-d4e4c83c5fa3-ChunkWriter-3-0" daemon prio=5 tid=935 in Object.wait()
java.lang.Thread.State: WAITING (on object monitor)
        at java.base@21.0.5/jdk.internal.misc.Unsafe.park(Native Method)
        at java.base@21.0.5/java.util.concurrent.locks.LockSupport.park(LockSupport.java:371)
        at java.base@21.0.5/java.util.concurrent.locks.AbstractQueuedSynchronizer$ConditionNode.block(AbstractQueuedSynchronizer.java:519)
        at java.base@21.0.5/java.util.concurrent.ForkJoinPool.unmanagedBlock(ForkJoinPool.java:3780)
        at java.base@21.0.5/java.util.concurrent.ForkJoinPool.managedBlock(ForkJoinPool.java:3725)
        at java.base@21.0.5/java.util.concurrent.locks.AbstractQueuedSynchronizer$ConditionObject.await(AbstractQueuedSynchronizer.java:1712)
        at java.base@21.0.5/java.util.concurrent.LinkedBlockingDeque.takeFirst(LinkedBlockingDeque.java:485)
        at java.base@21.0.5/java.util.concurrent.LinkedBlockingDeque.take(LinkedBlockingDeque.java:673)
        at java.base@21.0.5/java.util.concurrent.ThreadPoolExecutor.getTask(ThreadPoolExecutor.java:1070)
        at java.base@21.0.5/java.util.concurrent.ThreadPoolExecutor.runWorker(ThreadPoolExecutor.java:1130)
        at java.base@21.0.5/java.util.concurrent.ThreadPoolExecutor$Worker.run(ThreadPoolExecutor.java:642)
        at java.base@21.0.5/java.lang.Thread.runWith(Thread.java:1596)
        at java.base@21.0.5/java.lang.Thread.run(Thread.java:1583)
"a14cd1ab-7861-42f9-8639-15260a7193f0-ChunkReader-ELG-0" daemon prio=5 tid=2201 runnable
java.lang.Thread.State: RUNNABLE
        at app//org.apache.ratis.thirdparty.io.netty.channel.epoll.Native.epollWait(Native Method)
        at app//org.apache.ratis.thirdparty.io.netty.channel.epoll.Native.epollWait(Native.java:220)
        at app//org.apache.ratis.thirdparty.io.netty.channel.epoll.Native.epollWait(Native.java:213)
        at app//org.apache.ratis.thirdparty.io.netty.channel.epoll.EpollEventLoop.epollWaitNoTimerChange(EpollEventLoop.java:308)
        at app//org.apache.ratis.thirdparty.io.netty.channel.epoll.EpollEventLoop.run(EpollEventLoop.java:365)
        at app//org.apache.ratis.thirdparty.io.netty.util.concurrent.SingleThreadEventExecutor$4.run(SingleThreadEventExecutor.java:997)
        at app//org.apache.ratis.thirdparty.io.netty.util.internal.ThreadExecutorMap$2.run(ThreadExecutorMap.java:74)
        at java.base@21.0.5/java.lang.Thread.runWith(Thread.java:1596)
        at java.base@21.0.5/java.lang.Thread.run(Thread.java:1583)


	at org.apache.ozone.test.GenericTestUtils.waitFor(GenericTestUtils.java:224)
	at org.apache.hadoop.ozone.client.rpc.TestContainerStateMachineFailures.testContainerStateMachineRestartWithDNChangePipeline(TestContainerStateMachineFailures.java:310)
	at java.base/java.lang.reflect.Method.invoke(Method.java:580)
	at java.base/java.util.ArrayList.forEach(ArrayList.java:1596)
	at java.base/java.util.ArrayList.forEach(ArrayList.java:1596)
]]></error>
    <system-out><![CDATA[2025-01-11 15:26:57,713 [grpc-default-executor-2] WARN  server.GrpcServerProtocolService (LogUtils.java:warn(123)) - 4ba790b6-f5d5-4c4e-97f5-f1f66fb5d3d4: Failed APPEND_ENTRIES request fc60e07f-496f-42fe-ae82-620152583f87->4ba790b6-f5d5-4c4e-97f5-f1f66fb5d3d4#9418-t1,previous=(t:1, i:13),leaderCommit=14,initializing? false,entries: size=2, first=(t:1, i:14), STATEMACHINELOGENTRY, WRITE: logData.size=154, stateMachineData.size=5, logEntryProtoSerializedSize=0
java.util.concurrent.CompletionException: org.apache.ratis.protocol.exceptions.GroupMismatchException: 4ba790b6-f5d5-4c4e-97f5-f1f66fb5d3d4: group-A7184706D343 not found.
	at java.base/java.util.concurrent.CompletableFuture.encodeThrowable(CompletableFuture.java:332)
	at java.base/java.util.concurrent.CompletableFuture.uniComposeStage(CompletableFuture.java:1177)
	at java.base/java.util.concurrent.CompletableFuture.thenCompose(CompletableFuture.java:2341)
	at org.apache.ratis.server.impl.RaftServerProxy.appendEntriesAsync(RaftServerProxy.java:645)
	at org.apache.ratis.grpc.server.GrpcServerProtocolService$1.process(GrpcServerProtocolService.java:229)
	at org.apache.ratis.grpc.server.GrpcServerProtocolService$1.process(GrpcServerProtocolService.java:226)
	at org.apache.ratis.grpc.server.GrpcServerProtocolService$ServerRequestStreamObserver.onNext(GrpcServerProtocolService.java:137)
	at org.apache.ratis.thirdparty.io.grpc.stub.ServerCalls$StreamingServerCallHandler$StreamingServerCallListener.onMessage(ServerCalls.java:262)
	at org.apache.ratis.thirdparty.io.grpc.internal.ServerCallImpl$ServerStreamListenerImpl.messagesAvailableInternal(ServerCallImpl.java:329)
	at org.apache.ratis.thirdparty.io.grpc.internal.ServerCallImpl$ServerStreamListenerImpl.messagesAvailable(ServerCallImpl.java:314)
	at org.apache.ratis.thirdparty.io.grpc.internal.ServerImpl$JumpToApplicationThreadServerStreamListener$1MessagesAvailable.runInContext(ServerImpl.java:833)
	at org.apache.ratis.thirdparty.io.grpc.internal.ContextRunnable.run(ContextRunnable.java:37)
	at org.apache.ratis.thirdparty.io.grpc.internal.SerializingExecutor.run(SerializingExecutor.java:133)
	at java.base/java.util.concurrent.ThreadPoolExecutor.runWorker(ThreadPoolExecutor.java:1144)
	at java.base/java.util.concurrent.ThreadPoolExecutor$Worker.run(ThreadPoolExecutor.java:642)
	at java.base/java.lang.Thread.run(Thread.java:1583)
Caused by: org.apache.ratis.protocol.exceptions.GroupMismatchException: 4ba790b6-f5d5-4c4e-97f5-f1f66fb5d3d4: group-A7184706D343 not found.
	at org.apache.ratis.server.impl.RaftServerProxy$ImplMap.get(RaftServerProxy.java:155)
	at org.apache.ratis.server.impl.RaftServerProxy.getImplFuture(RaftServerProxy.java:365)
	at org.apache.ratis.server.impl.RaftServerProxy.appendEntriesAsync(RaftServerProxy.java:644)
	... 12 more
2025-01-11 15:26:57,716 [grpc-default-executor-10] WARN  server.GrpcLogAppender (LogUtils.java:warn(123)) - fc60e07f-496f-42fe-ae82-620152583f87@group-A7184706D343->4ba790b6-f5d5-4c4e-97f5-f1f66fb5d3d4-AppendLogResponseHandler: Failed appendEntries
org.apache.ratis.protocol.exceptions.GroupMismatchException: 4ba790b6-f5d5-4c4e-97f5-f1f66fb5d3d4: group-A7184706D343 not found.
	at org.apache.ratis.server.impl.RaftServerProxy$ImplMap.get(RaftServerProxy.java:155)
	at org.apache.ratis.server.impl.RaftServerProxy.getImplFuture(RaftServerProxy.java:365)
	at org.apache.ratis.server.impl.RaftServerProxy.appendEntriesAsync(RaftServerProxy.java:644)
	at org.apache.ratis.grpc.server.GrpcServerProtocolService$1.process(GrpcServerProtocolService.java:229)
	at org.apache.ratis.grpc.server.GrpcServerProtocolService$1.process(GrpcServerProtocolService.java:226)
	at org.apache.ratis.grpc.server.GrpcServerProtocolService$ServerRequestStreamObserver.onNext(GrpcServerProtocolService.java:137)
	at org.apache.ratis.thirdparty.io.grpc.stub.ServerCalls$StreamingServerCallHandler$StreamingServerCallListener.onMessage(ServerCalls.java:262)
	at org.apache.ratis.thirdparty.io.grpc.internal.ServerCallImpl$ServerStreamListenerImpl.messagesAvailableInternal(ServerCallImpl.java:329)
	at org.apache.ratis.thirdparty.io.grpc.internal.ServerCallImpl$ServerStreamListenerImpl.messagesAvailable(ServerCallImpl.java:314)
	at org.apache.ratis.thirdparty.io.grpc.internal.ServerImpl$JumpToApplicationThreadServerStreamListener$1MessagesAvailable.runInContext(ServerImpl.java:833)
	at org.apache.ratis.thirdparty.io.grpc.internal.ContextRunnable.run(ContextRunnable.java:37)
	at org.apache.ratis.thirdparty.io.grpc.internal.SerializingExecutor.run(SerializingExecutor.java:133)
	at java.base/java.util.concurrent.ThreadPoolExecutor.runWorker(ThreadPoolExecutor.java:1144)
	at java.base/java.util.concurrent.ThreadPoolExecutor$Worker.run(ThreadPoolExecutor.java:642)
	at java.base/java.lang.Thread.run(Thread.java:1583)
2025-01-11 15:26:57,716 [grpc-default-executor-10] INFO  leader.LogAppender (LogAppenderBase.java:lambda$getNextIndexForError$0(215)) - Decrease nextIndex to 14
2025-01-11 15:26:57,717 [grpc-default-executor-10] INFO  leader.LogAppender (LogAppenderBase.java:lambda$getNextIndexForError$0(215)) - Decrease nextIndex to 14
2025-01-11 15:26:57,717 [grpc-default-executor-10] INFO  leader.FollowerInfo (FollowerInfoImpl.java:info(70)) - fc60e07f-496f-42fe-ae82-620152583f87@group-A7184706D343->4ba790b6-f5d5-4c4e-97f5-f1f66fb5d3d4: computeNextIndex nextIndex: updateUnconditionally 16 -> 14
2025-01-11 15:26:57,719 [fc60e07f-496f-42fe-ae82-620152583f87@group-A7184706D343-StateMachineUpdater] INFO  ratis.ContainerStateMachine (ContainerStateMachine.java:takeSnapshot(378)) - group-A7184706D343: Taking a snapshot at:(t:1, i:13) file /home/runner/work/ozone/ozone/hadoop-ozone/integration-test/target/test-dir/MiniOzoneClusterImpl-7d8e89df-ef81-4ba3-8c0c-8d2bb8f5309d/ozone-meta/datanode-5/ratis/8ef3bc64-5854-4584-910e-a7184706d343/sm/snapshot.1_13
2025-01-11 15:26:57,720 [fc60e07f-496f-42fe-ae82-620152583f87@group-A7184706D343-StateMachineUpdater] INFO  ratis.ContainerStateMachine (ContainerStateMachine.java:takeSnapshot(389)) - group-A7184706D343: Finished taking a snapshot at:(t:1, i:13) file:/home/runner/work/ozone/ozone/hadoop-ozone/integration-test/target/test-dir/MiniOzoneClusterImpl-7d8e89df-ef81-4ba3-8c0c-8d2bb8f5309d/ozone-meta/datanode-5/ratis/8ef3bc64-5854-4584-910e-a7184706d343/sm/snapshot.1_13 took: 1 ms
2025-01-11 15:26:57,721 [fc60e07f-496f-42fe-ae82-620152583f87@group-A7184706D343-StateMachineUpdater] INFO  impl.SimpleStateMachineStorage (SimpleStateMachineStorage.java:lambda$cleanupOldSnapshots$1(126)) - Deleting old snapshot at /home/runner/work/ozone/ozone/hadoop-ozone/integration-test/target/test-dir/MiniOzoneClusterImpl-7d8e89df-ef81-4ba3-8c0c-8d2bb8f5309d/ozone-meta/datanode-5/ratis/8ef3bc64-5854-4584-910e-a7184706d343/sm/snapshot.1_0
2025-01-11 15:26:57,721 [fc60e07f-496f-42fe-ae82-620152583f87@group-A7184706D343-StateMachineUpdater] INFO  impl.StateMachineUpdater (StateMachineUpdater.java:takeSnapshot(303)) - fc60e07f-496f-42fe-ae82-620152583f87@group-A7184706D343-StateMachineUpdater: Took a snapshot at index 13
2025-01-11 15:26:57,721 [fc60e07f-496f-42fe-ae82-620152583f87@group-A7184706D343-StateMachineUpdater] INFO  impl.StateMachineUpdater (StateMachineUpdater.java:lambda$new$0(102)) - fc60e07f-496f-42fe-ae82-620152583f87@group-A7184706D343-StateMachineUpdater: snapshotIndex: updateIncreasingly 11 -> 13
2025-01-11 15:26:57,721 [fc60e07f-496f-42fe-ae82-620152583f87@group-A7184706D343-StateMachineUpdater] INFO  ratis.ContainerStateMachine (ContainerStateMachine.java:takeSnapshot(378)) - group-A7184706D343: Taking a snapshot at:(t:1, i:15) file /home/runner/work/ozone/ozone/hadoop-ozone/integration-test/target/test-dir/MiniOzoneClusterImpl-7d8e89df-ef81-4ba3-8c0c-8d2bb8f5309d/ozone-meta/datanode-5/ratis/8ef3bc64-5854-4584-910e-a7184706d343/sm/snapshot.1_15
2025-01-11 15:26:57,722 [fc60e07f-496f-42fe-ae82-620152583f87@group-A7184706D343-StateMachineUpdater] INFO  ratis.ContainerStateMachine (ContainerStateMachine.java:takeSnapshot(389)) - group-A7184706D343: Finished taking a snapshot at:(t:1, i:15) file:/home/runner/work/ozone/ozone/hadoop-ozone/integration-test/target/test-dir/MiniOzoneClusterImpl-7d8e89df-ef81-4ba3-8c0c-8d2bb8f5309d/ozone-meta/datanode-5/ratis/8ef3bc64-5854-4584-910e-a7184706d343/sm/snapshot.1_15 took: 0 ms
2025-01-11 15:26:57,723 [fc60e07f-496f-42fe-ae82-620152583f87@group-A7184706D343-StateMachineUpdater] INFO  impl.SimpleStateMachineStorage (SimpleStateMachineStorage.java:lambda$cleanupOldSnapshots$1(126)) - Deleting old snapshot at /home/runner/work/ozone/ozone/hadoop-ozone/integration-test/target/test-dir/MiniOzoneClusterImpl-7d8e89df-ef81-4ba3-8c0c-8d2bb8f5309d/ozone-meta/datanode-5/ratis/8ef3bc64-5854-4584-910e-a7184706d343/sm/snapshot.1_5
2025-01-11 15:26:57,723 [fc60e07f-496f-42fe-ae82-620152583f87@group-A7184706D343-StateMachineUpdater] INFO  impl.StateMachineUpdater (StateMachineUpdater.java:takeSnapshot(303)) - fc60e07f-496f-42fe-ae82-620152583f87@group-A7184706D343-StateMachineUpdater: Took a snapshot at index 15
2025-01-11 15:26:57,723 [fc60e07f-496f-42fe-ae82-620152583f87@group-A7184706D343-StateMachineUpdater] INFO  impl.StateMachineUpdater (StateMachineUpdater.java:lambda$new$0(102)) - fc60e07f-496f-42fe-ae82-620152583f87@group-A7184706D343-StateMachineUpdater: snapshotIndex: updateIncreasingly 13 -> 15
2025-01-11 15:26:57,724 [grpc-default-executor-2] WARN  server.GrpcServerProtocolService (LogUtils.java:warn(123)) - 4ba790b6-f5d5-4c4e-97f5-f1f66fb5d3d4: Failed APPEND_ENTRIES request fc60e07f-496f-42fe-ae82-620152583f87->4ba790b6-f5d5-4c4e-97f5-f1f66fb5d3d4#9419-t1,previous=(t:1, i:13),leaderCommit=15,initializing? false,entries: size=2, first=(t:1, i:14), STATEMACHINELOGENTRY, WRITE: logData.size=154, stateMachineData.size=5, logEntryProtoSerializedSize=0
java.util.concurrent.CompletionException: org.apache.ratis.protocol.exceptions.GroupMismatchException: 4ba790b6-f5d5-4c4e-97f5-f1f66fb5d3d4: group-A7184706D343 not found.
	at java.base/java.util.concurrent.CompletableFuture.encodeThrowable(CompletableFuture.java:332)
	at java.base/java.util.concurrent.CompletableFuture.uniComposeStage(CompletableFuture.java:1177)
	at java.base/java.util.concurrent.CompletableFuture.thenCompose(CompletableFuture.java:2341)
	at org.apache.ratis.server.impl.RaftServerProxy.appendEntriesAsync(RaftServerProxy.java:645)
	at org.apache.ratis.grpc.server.GrpcServerProtocolService$1.process(GrpcServerProtocolService.java:229)
	at org.apache.ratis.grpc.server.GrpcServerProtocolService$1.process(GrpcServerProtocolService.java:226)
	at org.apache.ratis.grpc.server.GrpcServerProtocolService$ServerRequestStreamObserver.onNext(GrpcServerProtocolService.java:137)
	at org.apache.ratis.thirdparty.io.grpc.stub.ServerCalls$StreamingServerCallHandler$StreamingServerCallListener.onMessage(ServerCalls.java:262)
	at org.apache.ratis.thirdparty.io.grpc.internal.ServerCallImpl$ServerStreamListenerImpl.messagesAvailableInternal(ServerCallImpl.java:329)
	at org.apache.ratis.thirdparty.io.grpc.internal.ServerCallImpl$ServerStreamListenerImpl.messagesAvailable(ServerCallImpl.java:314)
	at org.apache.ratis.thirdparty.io.grpc.internal.ServerImpl$JumpToApplicationThreadServerStreamListener$1MessagesAvailable.runInContext(ServerImpl.java:833)
	at org.apache.ratis.thirdparty.io.grpc.internal.ContextRunnable.run(ContextRunnable.java:37)
	at org.apache.ratis.thirdparty.io.grpc.internal.SerializingExecutor.run(SerializingExecutor.java:133)
	at java.base/java.util.concurrent.ThreadPoolExecutor.runWorker(ThreadPoolExecutor.java:1144)
	at java.base/java.util.concurrent.ThreadPoolExecutor$Worker.run(ThreadPoolExecutor.java:642)
	at java.base/java.lang.Thread.run(Thread.java:1583)
Caused by: org.apache.ratis.protocol.exceptions.GroupMismatchException: 4ba790b6-f5d5-4c4e-97f5-f1f66fb5d3d4: group-A7184706D343 not found.
	at org.apache.ratis.server.impl.RaftServerProxy$ImplMap.get(RaftServerProxy.java:155)
	at org.apache.ratis.server.impl.RaftServerProxy.getImplFuture(RaftServerProxy.java:365)
	at org.apache.ratis.server.impl.RaftServerProxy.appendEntriesAsync(RaftServerProxy.java:644)
	... 12 more
2025-01-11 15:26:57,730 [grpc-default-executor-9] INFO  leader.LogAppender (LogAppenderBase.java:lambda$getNextIndexForError$0(215)) - Decrease nextIndex to 14
2025-01-11 15:26:57,730 [grpc-default-executor-9] INFO  leader.LogAppender (LogAppenderBase.java:lambda$getNextIndexForError$0(215)) - Decrease nextIndex to 14
2025-01-11 15:26:57,730 [grpc-default-executor-9] INFO  leader.FollowerInfo (FollowerInfoImpl.java:info(70)) - fc60e07f-496f-42fe-ae82-620152583f87@group-A7184706D343->4ba790b6-f5d5-4c4e-97f5-f1f66fb5d3d4: computeNextIndex nextIndex: updateUnconditionally 16 -> 14
2025-01-11 15:26:57,734 [84b435bb-d41b-4758-bf48-ce9052c81d4a@group-A7184706D343-StateMachineUpdater] INFO  ratis.ContainerStateMachine (ContainerStateMachine.java:takeSnapshot(378)) - group-A7184706D343: Taking a snapshot at:(t:1, i:15) file /home/runner/work/ozone/ozone/hadoop-ozone/integration-test/target/test-dir/MiniOzoneClusterImpl-7d8e89df-ef81-4ba3-8c0c-8d2bb8f5309d/ozone-meta/datanode-6/ratis/8ef3bc64-5854-4584-910e-a7184706d343/sm/snapshot.1_15
2025-01-11 15:26:57,736 [84b435bb-d41b-4758-bf48-ce9052c81d4a@group-A7184706D343-StateMachineUpdater] INFO  ratis.ContainerStateMachine (ContainerStateMachine.java:takeSnapshot(389)) - group-A7184706D343: Finished taking a snapshot at:(t:1, i:15) file:/home/runner/work/ozone/ozone/hadoop-ozone/integration-test/target/test-dir/MiniOzoneClusterImpl-7d8e89df-ef81-4ba3-8c0c-8d2bb8f5309d/ozone-meta/datanode-6/ratis/8ef3bc64-5854-4584-910e-a7184706d343/sm/snapshot.1_15 took: 2 ms
2025-01-11 15:26:57,736 [84b435bb-d41b-4758-bf48-ce9052c81d4a@group-A7184706D343-StateMachineUpdater] INFO  impl.SimpleStateMachineStorage (SimpleStateMachineStorage.java:lambda$cleanupOldSnapshots$1(126)) - Deleting old snapshot at /home/runner/work/ozone/ozone/hadoop-ozone/integration-test/target/test-dir/MiniOzoneClusterImpl-7d8e89df-ef81-4ba3-8c0c-8d2bb8f5309d/ozone-meta/datanode-6/ratis/8ef3bc64-5854-4584-910e-a7184706d343/sm/snapshot.1_4
2025-01-11 15:26:57,736 [84b435bb-d41b-4758-bf48-ce9052c81d4a@group-A7184706D343-StateMachineUpdater] INFO  impl.StateMachineUpdater (StateMachineUpdater.java:takeSnapshot(303)) - 84b435bb-d41b-4758-bf48-ce9052c81d4a@group-A7184706D343-StateMachineUpdater: Took a snapshot at index 15
2025-01-11 15:26:57,736 [84b435bb-d41b-4758-bf48-ce9052c81d4a@group-A7184706D343-StateMachineUpdater] INFO  impl.StateMachineUpdater (StateMachineUpdater.java:lambda$new$0(102)) - 84b435bb-d41b-4758-bf48-ce9052c81d4a@group-A7184706D343-StateMachineUpdater: snapshotIndex: updateIncreasingly 13 -> 15
2025-01-11 15:27:00,085 [fc60e07f-496f-42fe-ae82-620152583f87@group-B0CD692FEFE8-StateMachineUpdater] INFO  ratis.ContainerStateMachine (ContainerStateMachine.java:takeSnapshot(378)) - group-B0CD692FEFE8: Taking a snapshot at:(t:1, i:14) file /home/runner/work/ozone/ozone/hadoop-ozone/integration-test/target/test-dir/MiniOzoneClusterImpl-7d8e89df-ef81-4ba3-8c0c-8d2bb8f5309d/ozone-meta/datanode-5/ratis/28558f4e-315c-45f0-bb78-b0cd692fefe8/sm/snapshot.1_14
2025-01-11 15:27:00,086 [fc60e07f-496f-42fe-ae82-620152583f87@group-B0CD692FEFE8-StateMachineUpdater] INFO  ratis.ContainerStateMachine (ContainerStateMachine.java:takeSnapshot(389)) - group-B0CD692FEFE8: Finished taking a snapshot at:(t:1, i:14) file:/home/runner/work/ozone/ozone/hadoop-ozone/integration-test/target/test-dir/MiniOzoneClusterImpl-7d8e89df-ef81-4ba3-8c0c-8d2bb8f5309d/ozone-meta/datanode-5/ratis/28558f4e-315c-45f0-bb78-b0cd692fefe8/sm/snapshot.1_14 took: 2 ms
2025-01-11 15:27:00,086 [fc60e07f-496f-42fe-ae82-620152583f87@group-B0CD692FEFE8-StateMachineUpdater] INFO  impl.SimpleStateMachineStorage (SimpleStateMachineStorage.java:lambda$cleanupOldSnapshots$1(126)) - Deleting old snapshot at /home/runner/work/ozone/ozone/hadoop-ozone/integration-test/target/test-dir/MiniOzoneClusterImpl-7d8e89df-ef81-4ba3-8c0c-8d2bb8f5309d/ozone-meta/datanode-5/ratis/28558f4e-315c-45f0-bb78-b0cd692fefe8/sm/snapshot.1_4
2025-01-11 15:27:00,087 [fc60e07f-496f-42fe-ae82-620152583f87@group-B0CD692FEFE8-StateMachineUpdater] INFO  impl.StateMachineUpdater (StateMachineUpdater.java:takeSnapshot(303)) - fc60e07f-496f-42fe-ae82-620152583f87@group-B0CD692FEFE8-StateMachineUpdater: Took a snapshot at index 14
2025-01-11 15:27:00,087 [fc60e07f-496f-42fe-ae82-620152583f87@group-B0CD692FEFE8-StateMachineUpdater] INFO  impl.StateMachineUpdater (StateMachineUpdater.java:lambda$new$0(102)) - fc60e07f-496f-42fe-ae82-620152583f87@group-B0CD692FEFE8-StateMachineUpdater: snapshotIndex: updateIncreasingly 13 -> 14
2025-01-11 15:27:00,230 [84b435bb-d41b-4758-bf48-ce9052c81d4a@group-A7184706D343-StateMachineUpdater] INFO  ratis.ContainerStateMachine (ContainerStateMachine.java:takeSnapshot(378)) - group-A7184706D343: Taking a snapshot at:(t:1, i:17) file /home/runner/work/ozone/ozone/hadoop-ozone/integration-test/target/test-dir/MiniOzoneClusterImpl-7d8e89df-ef81-4ba3-8c0c-8d2bb8f5309d/ozone-meta/datanode-6/ratis/8ef3bc64-5854-4584-910e-a7184706d343/sm/snapshot.1_17
2025-01-11 15:27:00,232 [84b435bb-d41b-4758-bf48-ce9052c81d4a@group-A7184706D343-StateMachineUpdater] INFO  ratis.ContainerStateMachine (ContainerStateMachine.java:takeSnapshot(389)) - group-A7184706D343: Finished taking a snapshot at:(t:1, i:17) file:/home/runner/work/ozone/ozone/hadoop-ozone/integration-test/target/test-dir/MiniOzoneClusterImpl-7d8e89df-ef81-4ba3-8c0c-8d2bb8f5309d/ozone-meta/datanode-6/ratis/8ef3bc64-5854-4584-910e-a7184706d343/sm/snapshot.1_17 took: 1 ms
2025-01-11 15:27:00,232 [84b435bb-d41b-4758-bf48-ce9052c81d4a@group-A7184706D343-StateMachineUpdater] INFO  impl.SimpleStateMachineStorage (SimpleStateMachineStorage.java:lambda$cleanupOldSnapshots$1(126)) - Deleting old snapshot at /home/runner/work/ozone/ozone/hadoop-ozone/integration-test/target/test-dir/MiniOzoneClusterImpl-7d8e89df-ef81-4ba3-8c0c-8d2bb8f5309d/ozone-meta/datanode-6/ratis/8ef3bc64-5854-4584-910e-a7184706d343/sm/snapshot.1_8
2025-01-11 15:27:00,232 [84b435bb-d41b-4758-bf48-ce9052c81d4a@group-A7184706D343-StateMachineUpdater] INFO  impl.StateMachineUpdater (StateMachineUpdater.java:takeSnapshot(303)) - 84b435bb-d41b-4758-bf48-ce9052c81d4a@group-A7184706D343-StateMachineUpdater: Took a snapshot at index 17
2025-01-11 15:27:00,232 [84b435bb-d41b-4758-bf48-ce9052c81d4a@group-A7184706D343-StateMachineUpdater] INFO  impl.StateMachineUpdater (StateMachineUpdater.java:lambda$new$0(102)) - 84b435bb-d41b-4758-bf48-ce9052c81d4a@group-A7184706D343-StateMachineUpdater: snapshotIndex: updateIncreasingly 15 -> 17
2025-01-11 15:27:02,564 [timer4] WARN  server.GrpcLogAppender (LogUtils.java:warn(123)) - 84b435bb-d41b-4758-bf48-ce9052c81d4a@group-B0CD692FEFE8->4ba790b6-f5d5-4c4e-97f5-f1f66fb5d3d4-AppendLogResponseHandler: Failed appendEntries (Repeated 5 times in the last 5.001s)
org.apache.ratis.protocol.exceptions.GroupMismatchException: 4ba790b6-f5d5-4c4e-97f5-f1f66fb5d3d4: group-B0CD692FEFE8 not found.
	at org.apache.ratis.server.impl.RaftServerProxy$ImplMap.get(RaftServerProxy.java:155)
	at org.apache.ratis.server.impl.RaftServerProxy.getImplFuture(RaftServerProxy.java:365)
	at org.apache.ratis.server.impl.RaftServerProxy.appendEntriesAsync(RaftServerProxy.java:644)
	at org.apache.ratis.grpc.server.GrpcServerProtocolService$1.process(GrpcServerProtocolService.java:229)
	at org.apache.ratis.grpc.server.GrpcServerProtocolService$1.process(GrpcServerProtocolService.java:226)
	at org.apache.ratis.grpc.server.GrpcServerProtocolService$ServerRequestStreamObserver.onNext(GrpcServerProtocolService.java:137)
	at org.apache.ratis.thirdparty.io.grpc.stub.ServerCalls$StreamingServerCallHandler$StreamingServerCallListener.onMessage(ServerCalls.java:262)
	at org.apache.ratis.thirdparty.io.grpc.internal.ServerCallImpl$ServerStreamListenerImpl.messagesAvailableInternal(ServerCallImpl.java:329)
	at org.apache.ratis.thirdparty.io.grpc.internal.ServerCallImpl$ServerStreamListenerImpl.messagesAvailable(ServerCallImpl.java:314)
	at org.apache.ratis.thirdparty.io.grpc.internal.ServerImpl$JumpToApplicationThreadServerStreamListener$1MessagesAvailable.runInContext(ServerImpl.java:833)
	at org.apache.ratis.thirdparty.io.grpc.internal.ContextRunnable.run(ContextRunnable.java:37)
	at org.apache.ratis.thirdparty.io.grpc.internal.SerializingExecutor.run(SerializingExecutor.java:133)
	at java.base/java.util.concurrent.ThreadPoolExecutor.runWorker(ThreadPoolExecutor.java:1144)
	at java.base/java.util.concurrent.ThreadPoolExecutor$Worker.run(ThreadPoolExecutor.java:642)
	at java.base/java.lang.Thread.run(Thread.java:1583)
2025-01-11 15:27:02,717 [timer4] WARN  server.GrpcLogAppender (LogUtils.java:warn(123)) - fc60e07f-496f-42fe-ae82-620152583f87@group-A7184706D343->4ba790b6-f5d5-4c4e-97f5-f1f66fb5d3d4-AppendLogResponseHandler: Failed appendEntries (Repeated 2 times in the last 5.001s)
org.apache.ratis.protocol.exceptions.GroupMismatchException: 4ba790b6-f5d5-4c4e-97f5-f1f66fb5d3d4: group-A7184706D343 not found.
	at org.apache.ratis.server.impl.RaftServerProxy$ImplMap.get(RaftServerProxy.java:155)
	at org.apache.ratis.server.impl.RaftServerProxy.getImplFuture(RaftServerProxy.java:365)
	at org.apache.ratis.server.impl.RaftServerProxy.appendEntriesAsync(RaftServerProxy.java:644)
	at org.apache.ratis.grpc.server.GrpcServerProtocolService$1.process(GrpcServerProtocolService.java:229)
	at org.apache.ratis.grpc.server.GrpcServerProtocolService$1.process(GrpcServerProtocolService.java:226)
	at org.apache.ratis.grpc.server.GrpcServerProtocolService$ServerRequestStreamObserver.onNext(GrpcServerProtocolService.java:137)
	at org.apache.ratis.thirdparty.io.grpc.stub.ServerCalls$StreamingServerCallHandler$StreamingServerCallListener.onMessage(ServerCalls.java:262)
	at org.apache.ratis.thirdparty.io.grpc.internal.ServerCallImpl$ServerStreamListenerImpl.messagesAvailableInternal(ServerCallImpl.java:329)
	at org.apache.ratis.thirdparty.io.grpc.internal.ServerCallImpl$ServerStreamListenerImpl.messagesAvailable(ServerCallImpl.java:314)
	at org.apache.ratis.thirdparty.io.grpc.internal.ServerImpl$JumpToApplicationThreadServerStreamListener$1MessagesAvailable.runInContext(ServerImpl.java:833)
	at org.apache.ratis.thirdparty.io.grpc.internal.ContextRunnable.run(ContextRunnable.java:37)
	at org.apache.ratis.thirdparty.io.grpc.internal.SerializingExecutor.run(SerializingExecutor.java:133)
	at java.base/java.util.concurrent.ThreadPoolExecutor.runWorker(ThreadPoolExecutor.java:1144)
	at java.base/java.util.concurrent.ThreadPoolExecutor$Worker.run(ThreadPoolExecutor.java:642)
	at java.base/java.lang.Thread.run(Thread.java:1583)
2025-01-11 15:27:03,087 [timer3] WARN  server.GrpcLogAppender (GrpcLogAppender.java:timeoutAppendRequest(441)) - 84b435bb-d41b-4758-bf48-ce9052c81d4a@group-B0CD692FEFE8->4ba790b6-f5d5-4c4e-97f5-f1f66fb5d3d4-GrpcLogAppender: Timed out HEARTBEAT appendEntries, errorCount=42, request=AppendEntriesRequest:cid=9321,entriesCount=0
2025-01-11 15:27:03,232 [timer7] WARN  server.GrpcLogAppender (GrpcLogAppender.java:timeoutAppendRequest(441)) - fc60e07f-496f-42fe-ae82-620152583f87@group-A7184706D343->4ba790b6-f5d5-4c4e-97f5-f1f66fb5d3d4-GrpcLogAppender: Timed out HEARTBEAT appendEntries, errorCount=37, request=AppendEntriesRequest:cid=9424,entriesCount=0
2025-01-11 15:27:05,033 [om1-KeyDeletingService#0] INFO  utils.BackgroundService (AbstractKeyDeletingService.java:processKeyDeletes(115)) - Send 1 key(s) to SCM, first 1 keys: [BlockGroup[groupID='/testcontainerstatemachinefailures/testcontainerstatemachinefailures/ratis/-9223372036854768384', blockIDs=[conID: 5 locID: 115816896921600005 bcsId: 0 replicaIndex: null, conID: 6 locID: 115816896921600006 bcsId: 0 replicaIndex: null]]]
2025-01-11 15:27:05,042 [IPC Server handler 1 on default port 15001] INFO  ha.SequenceIdGenerator (SequenceIdGenerator.java:getNextId(144)) - Allocate a batch for delTxnId, change lastId from 0 to 1000.
2025-01-11 15:27:05,055 [om1-KeyDeletingService#0] INFO  utils.BackgroundService (AbstractKeyDeletingService.java:processKeyDeletes(120)) - 1 BlockGroup deletion are acked by SCM in 23 ms
2025-01-11 15:27:05,064 [om1-KeyDeletingService#0] INFO  utils.BackgroundService (AbstractKeyDeletingService.java:processKeyDeletes(135)) - Blocks for 1 (out of 1) keys are deleted from DB in 8 ms. Limit per task is 20000.
2025-01-11 15:27:05,983 [timer0] WARN  server.GrpcLogAppender (GrpcLogAppender.java:timeoutAppendRequest(441)) - fc60e07f-496f-42fe-ae82-620152583f87@group-A7184706D343->4ba790b6-f5d5-4c4e-97f5-f1f66fb5d3d4-GrpcLogAppender: Timed out HEARTBEAT appendEntries, errorCount=38, request=AppendEntriesRequest:cid=9425,entriesCount=0
2025-01-11 15:27:07,915 [ac5cad44-c19c-4f65-867f-c0009d6f555c-BlockDeletingService#1] INFO  interfaces.ContainerDeletionChoosingPolicyTemplate (ContainerDeletionChoosingPolicyTemplate.java:chooseContainerForBlockDeletion(85)) - Chosen 0/5000 blocks from 0 candidate containers.
2025-01-11 15:27:08,021 [timer1] WARN  server.GrpcLogAppender (GrpcLogAppender.java:timeoutAppendRequest(441)) - 84b435bb-d41b-4758-bf48-ce9052c81d4a@group-B0CD692FEFE8->4ba790b6-f5d5-4c4e-97f5-f1f66fb5d3d4-GrpcLogAppender: Timed out HEARTBEAT appendEntries, errorCount=43, request=AppendEntriesRequest:cid=9322,entriesCount=0
2025-01-11 15:27:08,142 [7c84fc52-fa7b-40d9-a19c-d4e4c83c5fa3-BlockDeletingService#1] INFO  interfaces.ContainerDeletionChoosingPolicyTemplate (ContainerDeletionChoosingPolicyTemplate.java:chooseContainerForBlockDeletion(85)) - Chosen 0/5000 blocks from 0 candidate containers.
2025-01-11 15:27:08,545 [null-request--thread1] INFO  server.GrpcClientProtocolService (GrpcClientProtocolService.java:lambda$processClientRequest$0(284)) - Failed RaftClientRequest:client-0799EAE74CF0->fc60e07f-496f-42fe-ae82-620152583f87@group-A7184706D343, cid=174, seq=null, Watch-ALL_COMMITTED(16), Message:<EMPTY>, reply=RaftClientReply:client-0799EAE74CF0->fc60e07f-496f-42fe-ae82-620152583f87@group-A7184706D343, cid=174, FAILED org.apache.ratis.protocol.exceptions.NotReplicatedException: Request with call Id 174 and log index 16 is not yet replicated to ALL_COMMITTED, logIndex=16, commits[fc60e07f-496f-42fe-ae82-620152583f87:c17, 4ba790b6-f5d5-4c4e-97f5-f1f66fb5d3d4:c13, 84b435bb-d41b-4758-bf48-ce9052c81d4a:c17]
2025-01-11 15:27:08,546 [ForkJoinPool.commonPool-worker-2] WARN  scm.XceiverClientRatis (XceiverClientRatis.java:lambda$watchForCommit$6(317)) - ALL_COMMITTED way commit failed on pipeline Pipeline[ Id: 8ef3bc64-5854-4584-910e-a7184706d343, Nodes: 4ba790b6-f5d5-4c4e-97f5-f1f66fb5d3d4(localhost/127.0.0.1) ReplicaIndex: 0fc60e07f-496f-42fe-ae82-620152583f87(localhost/127.0.0.1) ReplicaIndex: 084b435bb-d41b-4758-bf48-ce9052c81d4a(localhost/127.0.0.1) ReplicaIndex: 0, ReplicationConfig: RATIS/THREE, State:OPEN, leaderId:fc60e07f-496f-42fe-ae82-620152583f87, CreationTimestamp2025-01-11T15:25:11.429Z[Etc/UTC]]
java.util.concurrent.CompletionException: org.apache.ratis.protocol.exceptions.NotReplicatedException: Request with call Id 174 and log index 16 is not yet replicated to ALL_COMMITTED
	at org.apache.ratis.client.impl.RaftClientImpl.handleRaftException(RaftClientImpl.java:373)
	at org.apache.ratis.client.impl.UnorderedAsync.lambda$send$1(UnorderedAsync.java:67)
	at java.base/java.util.concurrent.CompletableFuture$UniApply.tryFire(CompletableFuture.java:646)
	at java.base/java.util.concurrent.CompletableFuture.postComplete(CompletableFuture.java:510)
	at java.base/java.util.concurrent.CompletableFuture.complete(CompletableFuture.java:2179)
	at org.apache.ratis.client.impl.UnorderedAsync.lambda$sendRequestWithRetry$4(UnorderedAsync.java:88)
	at java.base/java.util.concurrent.CompletableFuture.uniWhenComplete(CompletableFuture.java:863)
	at java.base/java.util.concurrent.CompletableFuture$UniWhenComplete.tryFire(CompletableFuture.java:841)
	at java.base/java.util.concurrent.CompletableFuture$Completion.exec(CompletableFuture.java:483)
	at java.base/java.util.concurrent.ForkJoinTask.doExec(ForkJoinTask.java:387)
	at java.base/java.util.concurrent.ForkJoinPool$WorkQueue.topLevelExec(ForkJoinPool.java:1312)
	at java.base/java.util.concurrent.ForkJoinPool.scan(ForkJoinPool.java:1843)
	at java.base/java.util.concurrent.ForkJoinPool.runWorker(ForkJoinPool.java:1808)
	at java.base/java.util.concurrent.ForkJoinWorkerThread.run(ForkJoinWorkerThread.java:188)
Caused by: org.apache.ratis.protocol.exceptions.NotReplicatedException: Request with call Id 174 and log index 16 is not yet replicated to ALL_COMMITTED
	at org.apache.ratis.client.impl.ClientProtoUtils.toRaftClientReply(ClientProtoUtils.java:406)
	at org.apache.ratis.grpc.client.GrpcClientProtocolClient$AsyncStreamObservers$1.onNext(GrpcClientProtocolClient.java:313)
	at org.apache.ratis.grpc.client.GrpcClientProtocolClient$AsyncStreamObservers$1.onNext(GrpcClientProtocolClient.java:308)
	at org.apache.ratis.thirdparty.io.grpc.stub.ClientCalls$StreamObserverToCallListenerAdapter.onMessage(ClientCalls.java:468)
	at org.apache.ratis.thirdparty.io.grpc.ForwardingClientCallListener.onMessage(ForwardingClientCallListener.java:33)
	at org.apache.ratis.thirdparty.io.grpc.internal.ClientCallImpl$ClientStreamListenerImpl$1MessagesAvailable.runInternal(ClientCallImpl.java:660)
	at org.apache.ratis.thirdparty.io.grpc.internal.ClientCallImpl$ClientStreamListenerImpl$1MessagesAvailable.runInContext(ClientCallImpl.java:647)
	at org.apache.ratis.thirdparty.io.grpc.internal.ContextRunnable.run(ContextRunnable.java:37)
	at org.apache.ratis.thirdparty.io.grpc.internal.SerializingExecutor.run(SerializingExecutor.java:133)
	at java.base/java.util.concurrent.ThreadPoolExecutor.runWorker(ThreadPoolExecutor.java:1144)
	at java.base/java.util.concurrent.ThreadPoolExecutor$Worker.run(ThreadPoolExecutor.java:642)
	at java.base/java.lang.Thread.run(Thread.java:1583)
2025-01-11 15:27:08,547 [ForkJoinPool.commonPool-worker-2] INFO  scm.XceiverClientRatis (XceiverClientRatis.java:lambda$handleFailedAllCommit$8(352)) - Could not commit index 16 on pipeline Pipeline[ Id: 8ef3bc64-5854-4584-910e-a7184706d343, Nodes: 4ba790b6-f5d5-4c4e-97f5-f1f66fb5d3d4(localhost/127.0.0.1) ReplicaIndex: 0fc60e07f-496f-42fe-ae82-620152583f87(localhost/127.0.0.1) ReplicaIndex: 084b435bb-d41b-4758-bf48-ce9052c81d4a(localhost/127.0.0.1) ReplicaIndex: 0, ReplicationConfig: RATIS/THREE, State:OPEN, leaderId:fc60e07f-496f-42fe-ae82-620152583f87, CreationTimestamp2025-01-11T15:25:11.429Z[Etc/UTC]] to all the nodes. Server 4ba790b6-f5d5-4c4e-97f5-f1f66fb5d3d4 has failed. Committed by majority.
2025-01-11 15:27:08,547 [ForkJoinPool.commonPool-worker-2] WARN  storage.BlockOutputStream (BlockOutputStream.java:checkReply(559)) - Failed to commit BlockId conID: 10 locID: 115816896921600010 bcsId: 16 replicaIndex: null on Pipeline[ Id: 8ef3bc64-5854-4584-910e-a7184706d343, Nodes: 4ba790b6-f5d5-4c4e-97f5-f1f66fb5d3d4(localhost/127.0.0.1) ReplicaIndex: 0fc60e07f-496f-42fe-ae82-620152583f87(localhost/127.0.0.1) ReplicaIndex: 084b435bb-d41b-4758-bf48-ce9052c81d4a(localhost/127.0.0.1) ReplicaIndex: 0, ReplicationConfig: RATIS/THREE, State:OPEN, leaderId:fc60e07f-496f-42fe-ae82-620152583f87, CreationTimestamp2025-01-11T15:25:11.429Z[Etc/UTC]]. Failed nodes: [4ba790b6-f5d5-4c4e-97f5-f1f66fb5d3d4(null/null)]
2025-01-11 15:27:08,560 [main] INFO  ozoneimpl.OzoneContainer (OzoneContainer.java:stop(526)) - Attempting to stop container services.
2025-01-11 15:27:08,560 [ContainerMetadataScanner] WARN  ozoneimpl.AbstractBackgroundContainerScanner (AbstractBackgroundContainerScanner.java:handleRemainingSleep(134)) - Background container scan was interrupted.
2025-01-11 15:27:08,560 [ContainerMetadataScanner] INFO  ozoneimpl.AbstractBackgroundContainerScanner (AbstractBackgroundContainerScanner.java:run(61)) - Thread[#1807,ContainerMetadataScanner,5,main] exiting.
2025-01-11 15:27:08,561 [main] INFO  ozoneimpl.BackgroundContainerDataScanner (BackgroundContainerDataScanner.java:shutdown(142)) - ContainerDataScanner(/home/runner/work/ozone/ozone/hadoop-ozone/integration-test/target/test-dir/MiniOzoneClusterImpl-7d8e89df-ef81-4ba3-8c0c-8d2bb8f5309d/ozone-meta/datanode-4/data-0/hdds) is shutting down. 
2025-01-11 15:27:08,561 [ContainerDataScanner(/home/runner/work/ozone/ozone/hadoop-ozone/integration-test/target/test-dir/MiniOzoneClusterImpl-7d8e89df-ef81-4ba3-8c0c-8d2bb8f5309d/ozone-meta/datanode-4/data-0/hdds)] WARN  ozoneimpl.AbstractBackgroundContainerScanner (AbstractBackgroundContainerScanner.java:handleRemainingSleep(134)) - Background container scan was interrupted.
2025-01-11 15:27:08,561 [ContainerDataScanner(/home/runner/work/ozone/ozone/hadoop-ozone/integration-test/target/test-dir/MiniOzoneClusterImpl-7d8e89df-ef81-4ba3-8c0c-8d2bb8f5309d/ozone-meta/datanode-4/data-0/hdds)] INFO  ozoneimpl.AbstractBackgroundContainerScanner (AbstractBackgroundContainerScanner.java:run(61)) - ContainerDataScanner(/home/runner/work/ozone/ozone/hadoop-ozone/integration-test/target/test-dir/MiniOzoneClusterImpl-7d8e89df-ef81-4ba3-8c0c-8d2bb8f5309d/ozone-meta/datanode-4/data-0/hdds, DS-1d2b3445-3399-4065-93ae-257737c46165) exiting.
2025-01-11 15:27:08,561 [main] INFO  ozoneimpl.OnDemandContainerDataScanner (OnDemandContainerDataScanner.java:shutdownScanner(209)) - On-demand container scanner is shutting down.
2025-01-11 15:27:08,561 [main] INFO  ratis.XceiverServerRatis (XceiverServerRatis.java:stop(596)) - Closing XceiverServerRatis(4ba790b6-f5d5-4c4e-97f5-f1f66fb5d3d4)
2025-01-11 15:27:08,561 [main] INFO  server.RaftServer (RaftServerProxy.java:lambda$close$9(417)) - 4ba790b6-f5d5-4c4e-97f5-f1f66fb5d3d4: close
2025-01-11 15:27:08,562 [main] INFO  server.GrpcService (GrpcService.java:closeImpl(343)) - 4ba790b6-f5d5-4c4e-97f5-f1f66fb5d3d4: shutdown server org.apache.ratis.grpc.server.GrpcClientProtocolService now
2025-01-11 15:27:08,562 [4ba790b6-f5d5-4c4e-97f5-f1f66fb5d3d4-impl-thread2] INFO  server.RaftServer$Division (RaftServerImpl.java:lambda$close$1(513)) - 4ba790b6-f5d5-4c4e-97f5-f1f66fb5d3d4@group-A9CCCC3D9481: shutdown
2025-01-11 15:27:08,562 [4ba790b6-f5d5-4c4e-97f5-f1f66fb5d3d4-impl-thread2] INFO  util.JmxRegister (JmxRegister.java:unregister(74)) - Successfully un-registered JMX Bean with object name Ratis:service=RaftServer,group=group-A9CCCC3D9481,id=4ba790b6-f5d5-4c4e-97f5-f1f66fb5d3d4
2025-01-11 15:27:08,562 [4ba790b6-f5d5-4c4e-97f5-f1f66fb5d3d4-impl-thread2] INFO  impl.RoleInfo (RoleInfo.java:shutdownLeaderState(103)) - 4ba790b6-f5d5-4c4e-97f5-f1f66fb5d3d4: shutdown 4ba790b6-f5d5-4c4e-97f5-f1f66fb5d3d4@group-A9CCCC3D9481-LeaderStateImpl
2025-01-11 15:27:08,562 [4ba790b6-f5d5-4c4e-97f5-f1f66fb5d3d4-impl-thread2] INFO  impl.PendingRequests (PendingRequests.java:sendNotLeaderResponses(287)) - 4ba790b6-f5d5-4c4e-97f5-f1f66fb5d3d4@group-A9CCCC3D9481-PendingRequests: sendNotLeaderResponses
2025-01-11 15:27:08,563 [main] INFO  server.GrpcService (GrpcService.java:closeImpl(352)) - 4ba790b6-f5d5-4c4e-97f5-f1f66fb5d3d4: shutdown server org.apache.ratis.grpc.server.GrpcClientProtocolService successfully
2025-01-11 15:27:08,563 [main] INFO  server.GrpcService (GrpcService.java:closeImpl(343)) - 4ba790b6-f5d5-4c4e-97f5-f1f66fb5d3d4: shutdown server GrpcServerProtocolService now
2025-01-11 15:27:08,564 [4ba790b6-f5d5-4c4e-97f5-f1f66fb5d3d4-impl-thread2] INFO  impl.StateMachineUpdater (StateMachineUpdater.java:stopAndJoin(164)) - 4ba790b6-f5d5-4c4e-97f5-f1f66fb5d3d4@group-A9CCCC3D9481-StateMachineUpdater: set stopIndex = 0
2025-01-11 15:27:08,564 [4ba790b6-f5d5-4c4e-97f5-f1f66fb5d3d4@group-A9CCCC3D9481-StateMachineUpdater] INFO  impl.StateMachineUpdater (StateMachineUpdater.java:stop(141)) - 4ba790b6-f5d5-4c4e-97f5-f1f66fb5d3d4@group-A9CCCC3D9481-StateMachineUpdater: closing ContainerStateMachine, lastApplied=(t:1, i:0)
2025-01-11 15:27:08,565 [4ba790b6-f5d5-4c4e-97f5-f1f66fb5d3d4@group-A9CCCC3D9481-cacheEviction-AwaitToRun] INFO  util.AwaitToRun (AwaitToRun.java:run(49)) - 4ba790b6-f5d5-4c4e-97f5-f1f66fb5d3d4@group-A9CCCC3D9481-cacheEviction-AwaitToRun-AwaitForSignal is interrupted
2025-01-11 15:27:08,565 [grpc-default-executor-8] WARN  server.GrpcServerProtocolService (LogUtils.java:warn(121)) - 4ba790b6-f5d5-4c4e-97f5-f1f66fb5d3d4: APPEND_ENTRIES onError, lastRequest: null: org.apache.ratis.thirdparty.io.grpc.StatusRuntimeException: CANCELLED: client cancelled
2025-01-11 15:27:08,565 [grpc-default-executor-2] WARN  server.GrpcServerProtocolService (LogUtils.java:warn(121)) - 4ba790b6-f5d5-4c4e-97f5-f1f66fb5d3d4: APPEND_ENTRIES onError, lastRequest: null: org.apache.ratis.thirdparty.io.grpc.StatusRuntimeException: CANCELLED: client cancelled
2025-01-11 15:27:08,566 [grpc-default-executor-1] WARN  server.GrpcLogAppender (LogUtils.java:warn(121)) - fc60e07f-496f-42fe-ae82-620152583f87@group-A7184706D343->4ba790b6-f5d5-4c4e-97f5-f1f66fb5d3d4-AppendLogResponseHandler: Failed appendEntries: org.apache.ratis.thirdparty.io.grpc.StatusRuntimeException: CANCELLED: RST_STREAM closed stream. HTTP/2 error code: CANCEL
2025-01-11 15:27:08,566 [grpc-default-executor-10] WARN  server.GrpcServerProtocolService (LogUtils.java:warn(121)) - 4ba790b6-f5d5-4c4e-97f5-f1f66fb5d3d4: APPEND_ENTRIES onError, lastRequest: null: org.apache.ratis.thirdparty.io.grpc.StatusRuntimeException: CANCELLED: client cancelled
2025-01-11 15:27:08,566 [grpc-default-executor-3] WARN  server.GrpcServerProtocolService (LogUtils.java:warn(121)) - 4ba790b6-f5d5-4c4e-97f5-f1f66fb5d3d4: APPEND_ENTRIES onError, lastRequest: null: org.apache.ratis.thirdparty.io.grpc.StatusRuntimeException: CANCELLED: client cancelled
2025-01-11 15:27:08,566 [grpc-default-executor-7] WARN  server.GrpcServerProtocolService (LogUtils.java:warn(121)) - 4ba790b6-f5d5-4c4e-97f5-f1f66fb5d3d4: APPEND_ENTRIES onError, lastRequest: null: org.apache.ratis.thirdparty.io.grpc.StatusRuntimeException: CANCELLED: client cancelled
2025-01-11 15:27:08,566 [grpc-default-executor-1] WARN  server.GrpcLogAppender (GrpcLogAppender.java:lambda$resetClient$1(221)) - fc60e07f-496f-42fe-ae82-620152583f87@group-A7184706D343->4ba790b6-f5d5-4c4e-97f5-f1f66fb5d3d4-GrpcLogAppender: Follower failed (request=null, errorCount=39); keep nextIndex (14) unchanged and retry.
2025-01-11 15:27:08,566 [grpc-default-executor-3] WARN  server.GrpcServerProtocolService (LogUtils.java:warn(121)) - 4ba790b6-f5d5-4c4e-97f5-f1f66fb5d3d4: APPEND_ENTRIES onError, lastRequest: null: org.apache.ratis.thirdparty.io.grpc.StatusRuntimeException: CANCELLED: client cancelled
2025-01-11 15:27:08,566 [grpc-default-executor-10] WARN  server.GrpcServerProtocolService (LogUtils.java:warn(121)) - 4ba790b6-f5d5-4c4e-97f5-f1f66fb5d3d4: APPEND_ENTRIES onError, lastRequest: null: org.apache.ratis.thirdparty.io.grpc.StatusRuntimeException: CANCELLED: client cancelled
2025-01-11 15:27:08,566 [grpc-default-executor-8] WARN  server.GrpcServerProtocolService (LogUtils.java:warn(121)) - 4ba790b6-f5d5-4c4e-97f5-f1f66fb5d3d4: APPEND_ENTRIES onError, lastRequest: null: org.apache.ratis.thirdparty.io.grpc.StatusRuntimeException: CANCELLED: client cancelled
2025-01-11 15:27:08,566 [grpc-default-executor-12] WARN  server.GrpcServerProtocolService (LogUtils.java:warn(121)) - 4ba790b6-f5d5-4c4e-97f5-f1f66fb5d3d4: APPEND_ENTRIES onError, lastRequest: null: org.apache.ratis.thirdparty.io.grpc.StatusRuntimeException: CANCELLED: client cancelled
2025-01-11 15:27:08,566 [grpc-default-executor-4] WARN  server.GrpcLogAppender (LogUtils.java:warn(121)) - 84b435bb-d41b-4758-bf48-ce9052c81d4a@group-B0CD692FEFE8->4ba790b6-f5d5-4c4e-97f5-f1f66fb5d3d4-AppendLogResponseHandler: Failed appendEntries: org.apache.ratis.thirdparty.io.grpc.StatusRuntimeException: CANCELLED: RST_STREAM closed stream. HTTP/2 error code: CANCEL
2025-01-11 15:27:08,567 [grpc-default-executor-8] WARN  server.GrpcServerProtocolService (LogUtils.java:warn(121)) - 4ba790b6-f5d5-4c4e-97f5-f1f66fb5d3d4: APPEND_ENTRIES onError, lastRequest: null: org.apache.ratis.thirdparty.io.grpc.StatusRuntimeException: CANCELLED: client cancelled
2025-01-11 15:27:08,566 [grpc-default-executor-9] WARN  server.GrpcServerProtocolService (LogUtils.java:warn(121)) - 4ba790b6-f5d5-4c4e-97f5-f1f66fb5d3d4: APPEND_ENTRIES onError, lastRequest: null: org.apache.ratis.thirdparty.io.grpc.StatusRuntimeException: CANCELLED: client cancelled
2025-01-11 15:27:08,567 [grpc-default-executor-4] WARN  server.GrpcLogAppender (GrpcLogAppender.java:lambda$resetClient$1(221)) - 84b435bb-d41b-4758-bf48-ce9052c81d4a@group-B0CD692FEFE8->4ba790b6-f5d5-4c4e-97f5-f1f66fb5d3d4-GrpcLogAppender: Follower failed (request=null, errorCount=44); keep nextIndex (1) unchanged and retry.
2025-01-11 15:27:08,567 [grpc-default-executor-3] WARN  server.GrpcServerProtocolService (LogUtils.java:warn(121)) - 4ba790b6-f5d5-4c4e-97f5-f1f66fb5d3d4: APPEND_ENTRIES onError, lastRequest: null: org.apache.ratis.thirdparty.io.grpc.StatusRuntimeException: CANCELLED: client cancelled
2025-01-11 15:27:08,567 [grpc-default-executor-10] WARN  server.GrpcServerProtocolService (LogUtils.java:warn(121)) - 4ba790b6-f5d5-4c4e-97f5-f1f66fb5d3d4: APPEND_ENTRIES onError, lastRequest: null: org.apache.ratis.thirdparty.io.grpc.StatusRuntimeException: CANCELLED: client cancelled
2025-01-11 15:27:08,568 [main] INFO  server.GrpcService (GrpcService.java:closeImpl(352)) - 4ba790b6-f5d5-4c4e-97f5-f1f66fb5d3d4: shutdown server GrpcServerProtocolService successfully
2025-01-11 15:27:08,568 [main] INFO  server.GrpcService (GrpcService.java:closeImpl(343)) - 4ba790b6-f5d5-4c4e-97f5-f1f66fb5d3d4: shutdown server org.apache.ratis.grpc.server.GrpcAdminProtocolService now
2025-01-11 15:27:08,568 [main] INFO  server.GrpcService (GrpcService.java:closeImpl(352)) - 4ba790b6-f5d5-4c4e-97f5-f1f66fb5d3d4: shutdown server org.apache.ratis.grpc.server.GrpcAdminProtocolService successfully
2025-01-11 15:27:08,569 [4ba790b6-f5d5-4c4e-97f5-f1f66fb5d3d4-NettyServerStreamRpc-bossGroup--thread1] INFO  logging.LoggingHandler (AbstractInternalLogger.java:log(148)) - [id: 0x6429c1ae, L:/0.0.0.0:15044] CLOSE
2025-01-11 15:27:08,569 [4ba790b6-f5d5-4c4e-97f5-f1f66fb5d3d4-NettyServerStreamRpc-bossGroup--thread1] INFO  logging.LoggingHandler (AbstractInternalLogger.java:log(148)) - [id: 0x6429c1ae, L:/0.0.0.0:15044] INACTIVE
2025-01-11 15:27:08,569 [4ba790b6-f5d5-4c4e-97f5-f1f66fb5d3d4-NettyServerStreamRpc-bossGroup--thread1] INFO  logging.LoggingHandler (AbstractInternalLogger.java:log(148)) - [id: 0x6429c1ae, L:/0.0.0.0:15044] UNREGISTERED
2025-01-11 15:27:08,986 [4ba790b6-f5d5-4c4e-97f5-f1f66fb5d3d4-impl-thread2] INFO  segmented.SegmentedRaftLogWorker (SegmentedRaftLogWorker.java:close(252)) - 4ba790b6-f5d5-4c4e-97f5-f1f66fb5d3d4@group-A9CCCC3D9481-SegmentedRaftLogWorker close()
2025-01-11 15:27:08,986 [4ba790b6-f5d5-4c4e-97f5-f1f66fb5d3d4-impl-thread2] INFO  ratis.ContainerStateMachine (ContainerStateMachine.java:notifyServerShutdown(934)) - group-A9CCCC3D9481 is closed by HddsDatanodeService
2025-01-11 15:27:08,986 [JvmPauseMonitor13] INFO  util.JvmPauseMonitor (JvmPauseMonitor.java:run(152)) - JvmPauseMonitor-4ba790b6-f5d5-4c4e-97f5-f1f66fb5d3d4: Stopped
2025-01-11 15:27:09,151 [fc60e07f-496f-42fe-ae82-620152583f87-BlockDeletingService#1] INFO  interfaces.ContainerDeletionChoosingPolicyTemplate (ContainerDeletionChoosingPolicyTemplate.java:chooseContainerForBlockDeletion(85)) - Chosen 0/5000 blocks from 0 candidate containers.
2025-01-11 15:27:09,468 [84b435bb-d41b-4758-bf48-ce9052c81d4a-BlockDeletingService#1] INFO  interfaces.ContainerDeletionChoosingPolicyTemplate (ContainerDeletionChoosingPolicyTemplate.java:chooseContainerForBlockDeletion(85)) - Chosen 0/5000 blocks from 0 candidate containers.
2025-01-11 15:27:09,754 [9c1aee78-f037-4e17-b985-0daab5eaf154-BlockDeletingService#1] INFO  interfaces.ContainerDeletionChoosingPolicyTemplate (ContainerDeletionChoosingPolicyTemplate.java:chooseContainerForBlockDeletion(85)) - Chosen 0/5000 blocks from 0 candidate containers.
2025-01-11 15:27:10,087 [69390d8a-021c-44b7-9fe5-c9855a0c5aa1-BlockDeletingService#1] INFO  interfaces.ContainerDeletionChoosingPolicyTemplate (ContainerDeletionChoosingPolicyTemplate.java:chooseContainerForBlockDeletion(85)) - Chosen 0/5000 blocks from 0 candidate containers.
2025-01-11 15:27:10,387 [17963aff-71fe-4a8f-bd2e-c405ff93174f-BlockDeletingService#1] INFO  interfaces.ContainerDeletionChoosingPolicyTemplate (ContainerDeletionChoosingPolicyTemplate.java:chooseContainerForBlockDeletion(85)) - Chosen 0/5000 blocks from 0 candidate containers.
2025-01-11 15:27:10,678 [91d0dafb-6cb7-42e5-b129-660fdc1902ba-BlockDeletingService#1] INFO  interfaces.ContainerDeletionChoosingPolicyTemplate (ContainerDeletionChoosingPolicyTemplate.java:chooseContainerForBlockDeletion(85)) - Chosen 0/5000 blocks from 0 candidate containers.
2025-01-11 15:27:10,990 [main] INFO  utils.DatanodeStoreCache (DatanodeStoreCache.java:shutdownCache(116)) - Skip clearing cache in mini cluster mode. Entries left: [/home/runner/work/ozone/ozone/hadoop-ozone/integration-test/target/test-dir/MiniOzoneClusterImpl-7d8e89df-ef81-4ba3-8c0c-8d2bb8f5309d/ozone-meta/datanode-1/data-0/hdds/7d8e89df-ef81-4ba3-8c0c-8d2bb8f5309d/DS-c7381c04-6b5f-4473-8664-b0e01cc47088/container.db, /home/runner/work/ozone/ozone/hadoop-ozone/integration-test/target/test-dir/MiniOzoneClusterImpl-7d8e89df-ef81-4ba3-8c0c-8d2bb8f5309d/ozone-meta/datanode-10/data-0/hdds/7d8e89df-ef81-4ba3-8c0c-8d2bb8f5309d/DS-31be1bcf-d078-49bc-9d5e-cdac12c274aa/container.db, /home/runner/work/ozone/ozone/hadoop-ozone/integration-test/target/test-dir/MiniOzoneClusterImpl-7d8e89df-ef81-4ba3-8c0c-8d2bb8f5309d/ozone-meta/datanode-2/data-0/hdds/7d8e89df-ef81-4ba3-8c0c-8d2bb8f5309d/DS-340abcff-51f8-4e02-ba6c-95dfcf58b755/container.db, /home/runner/work/ozone/ozone/hadoop-ozone/integration-test/target/test-dir/MiniOzoneClusterImpl-7d8e89df-ef81-4ba3-8c0c-8d2bb8f5309d/ozone-meta/datanode-3/data-0/hdds/7d8e89df-ef81-4ba3-8c0c-8d2bb8f5309d/DS-2cc03c93-c417-4a20-aef6-71fb6966ba2c/container.db, /home/runner/work/ozone/ozone/hadoop-ozone/integration-test/target/test-dir/MiniOzoneClusterImpl-7d8e89df-ef81-4ba3-8c0c-8d2bb8f5309d/ozone-meta/datanode-4/data-0/hdds/7d8e89df-ef81-4ba3-8c0c-8d2bb8f5309d/DS-1d2b3445-3399-4065-93ae-257737c46165/container.db, /home/runner/work/ozone/ozone/hadoop-ozone/integration-test/target/test-dir/MiniOzoneClusterImpl-7d8e89df-ef81-4ba3-8c0c-8d2bb8f5309d/ozone-meta/datanode-5/data-0/hdds/7d8e89df-ef81-4ba3-8c0c-8d2bb8f5309d/DS-9a76679c-80dc-4317-8268-9b5c1a021d86/container.db, /home/runner/work/ozone/ozone/hadoop-ozone/integration-test/target/test-dir/MiniOzoneClusterImpl-7d8e89df-ef81-4ba3-8c0c-8d2bb8f5309d/ozone-meta/datanode-6/data-0/hdds/7d8e89df-ef81-4ba3-8c0c-8d2bb8f5309d/DS-615ebb0a-9230-428c-869c-561b7ad124aa/container.db, /home/runner/work/ozone/ozone/hadoop-ozone/integration-test/target/test-dir/MiniOzoneClusterImpl-7d8e89df-ef81-4ba3-8c0c-8d2bb8f5309d/ozone-meta/datanode-7/data-0/hdds/7d8e89df-ef81-4ba3-8c0c-8d2bb8f5309d/DS-e158e4be-5d50-4135-99c2-fdfd1ce55b11/container.db, /home/runner/work/ozone/ozone/hadoop-ozone/integration-test/target/test-dir/MiniOzoneClusterImpl-7d8e89df-ef81-4ba3-8c0c-8d2bb8f5309d/ozone-meta/datanode-8/data-0/hdds/7d8e89df-ef81-4ba3-8c0c-8d2bb8f5309d/DS-dad62e9a-5a3b-4c8f-b305-ca8da4ec3c62/container.db, /home/runner/work/ozone/ozone/hadoop-ozone/integration-test/target/test-dir/MiniOzoneClusterImpl-7d8e89df-ef81-4ba3-8c0c-8d2bb8f5309d/ozone-meta/datanode-9/data-0/hdds/7d8e89df-ef81-4ba3-8c0c-8d2bb8f5309d/DS-d86c955b-1206-4615-963c-ad987b5d6215/container.db]
2025-01-11 15:27:10,991 [main] WARN  volume.StorageVolume (StorageVolume.java:cleanTmpDiskCheckDir(571)) - Unable to clear disk check files from /home/runner/work/ozone/ozone/hadoop-ozone/integration-test/target/test-dir/MiniOzoneClusterImpl-7d8e89df-ef81-4ba3-8c0c-8d2bb8f5309d/ozone-meta/datanode-4/data-0/hdds/7d8e89df-ef81-4ba3-8c0c-8d2bb8f5309d/tmp/disk-check. Directory does not exist.
2025-01-11 15:27:10,991 [main] INFO  utils.DatanodeStoreCache (DatanodeStoreCache.java:removeDB(110)) - Removed db /home/runner/work/ozone/ozone/hadoop-ozone/integration-test/target/test-dir/MiniOzoneClusterImpl-7d8e89df-ef81-4ba3-8c0c-8d2bb8f5309d/ozone-meta/datanode-4/data-0/hdds/7d8e89df-ef81-4ba3-8c0c-8d2bb8f5309d/DS-1d2b3445-3399-4065-93ae-257737c46165/container.db from cache
2025-01-11 15:27:10,991 [main] INFO  volume.HddsVolume (HddsVolume.java:closeDbStore(480)) - SchemaV3 db is stopped at /home/runner/work/ozone/ozone/hadoop-ozone/integration-test/target/test-dir/MiniOzoneClusterImpl-7d8e89df-ef81-4ba3-8c0c-8d2bb8f5309d/ozone-meta/datanode-4/data-0/hdds/7d8e89df-ef81-4ba3-8c0c-8d2bb8f5309d/DS-1d2b3445-3399-4065-93ae-257737c46165/container.db for volume DS-1d2b3445-3399-4065-93ae-257737c46165
2025-01-11 15:27:10,992 [main] WARN  volume.HddsVolume (HddsVolume.java:cleanDeletedContainerDir(222)) - Unable to clear deleted containers from /home/runner/work/ozone/ozone/hadoop-ozone/integration-test/target/test-dir/MiniOzoneClusterImpl-7d8e89df-ef81-4ba3-8c0c-8d2bb8f5309d/ozone-meta/datanode-4/data-0/hdds/7d8e89df-ef81-4ba3-8c0c-8d2bb8f5309d/tmp/deleted-containers. Directory does not exist.
2025-01-11 15:27:10,992 [main] INFO  utils.BackgroundService (BackgroundService.java:shutdown(163)) - Shutting down service BlockDeletingService
2025-01-11 15:27:10,993 [main] INFO  utils.BackgroundService (BackgroundService.java:shutdown(163)) - Shutting down service StaleRecoveringContainerScrubbingService
2025-01-11 15:27:10,994 [main] INFO  statemachine.DatanodeStateMachine (DatanodeStateMachine.java:stopDaemon(626)) - Ozone container server stopped.
2025-01-11 15:27:11,008 [main] INFO  handler.ContextHandler (ContextHandler.java:doStop(1159)) - Stopped o.e.j.w.WebAppContext@4f1f569a{hddsDatanode,/,null,STOPPED}{jar:file:/home/runner/work/ozone/ozone/hadoop-hdds/container-service/target/hdds-container-service-2.0.0-SNAPSHOT.jar!/webapps/hddsDatanode}
2025-01-11 15:27:11,008 [main] INFO  server.AbstractConnector (AbstractConnector.java:doStop(383)) - Stopped ServerConnector@489541f8{HTTP/1.1, (http/1.1)}{0.0.0.0:15038}
2025-01-11 15:27:11,008 [main] INFO  server.session (HouseKeeper.java:stopScavenging(149)) - node0 Stopped scavenging
2025-01-11 15:27:11,009 [main] INFO  handler.ContextHandler (ContextHandler.java:doStop(1159)) - Stopped o.e.j.s.ServletContextHandler@3d425217{static,/static,jar:file:/home/runner/work/ozone/ozone/hadoop-hdds/container-service/target/hdds-container-service-2.0.0-SNAPSHOT.jar!/webapps/static,STOPPED}
2025-01-11 15:27:11,009 [main] INFO  handler.ContextHandler (ContextHandler.java:doStop(1159)) - Stopped o.e.j.s.ServletContextHandler@381d7867{logs,/logs,file:///home/runner/work/ozone/ozone/hadoop-ozone/integration-test/target/log,STOPPED}
2025-01-11 15:27:11,009 [main] INFO  ozone.HddsDatanodeClientProtocolServer (HddsDatanodeClientProtocolServer.java:stop(85)) - Stopping the RPC server for Client Protocol
2025-01-11 15:27:11,010 [main] INFO  ipc.Server (Server.java:stop(3697)) - Stopping server on 15039
2025-01-11 15:27:11,011 [IPC Server listener on 15039] INFO  ipc.Server (Server.java:run(1585)) - Stopping IPC Server listener on 15039
2025-01-11 15:27:11,011 [IPC Server Responder] INFO  ipc.Server (Server.java:run(1718)) - Stopping IPC Server Responder
2025-01-11 15:27:11,014 [main] INFO  impl.MetricsSystemImpl (MetricsSystemImpl.java:init(158)) - HddsDatanode metrics system started (again)
2025-01-11 15:27:11,028 [main] INFO  ozone.HddsDatanodeService (HddsDatanodeService.java:start(245)) - HddsDatanodeService host:fv-az656-205.q3gvbftgmgnebgjgx4sa3we2za.dx.internal.cloudapp.net ip:10.1.0.100
2025-01-11 15:27:11,029 [main] INFO  upgrade.AbstractLayoutVersionManager (AbstractLayoutVersionManager.java:init(83)) - Initializing Layout version manager with metadata layout = HBASE_SUPPORT (version = 8), software layout = HBASE_SUPPORT (version = 8)
2025-01-11 15:27:11,030 [main] INFO  statemachine.DatanodeStateMachine (DatanodeStateMachine.java:getEndPointTaskThreadPoolSize(294)) - Datanode State Machine Task Thread Pool size 2
2025-01-11 15:27:11,031 [main] INFO  volume.HddsVolume (HddsVolume.java:<init>(134)) - Creating HddsVolume: /home/runner/work/ozone/ozone/hadoop-ozone/integration-test/target/test-dir/MiniOzoneClusterImpl-7d8e89df-ef81-4ba3-8c0c-8d2bb8f5309d/ozone-meta/datanode-4/data-0/hdds of storage type : DISK capacity : 9222449699674390527
2025-01-11 15:27:11,031 [main] INFO  volume.MutableVolumeSet (MutableVolumeSet.java:initializeVolumeSet(174)) - Added Volume : /home/runner/work/ozone/ozone/hadoop-ozone/integration-test/target/test-dir/MiniOzoneClusterImpl-7d8e89df-ef81-4ba3-8c0c-8d2bb8f5309d/ozone-meta/datanode-4/data-0/hdds to VolumeSet
2025-01-11 15:27:11,032 [main] INFO  volume.MutableVolumeSet (MutableVolumeSet.java:initializeVolumeSet(174)) - Added Volume : /home/runner/work/ozone/ozone/hadoop-ozone/integration-test/target/test-dir/MiniOzoneClusterImpl-7d8e89df-ef81-4ba3-8c0c-8d2bb8f5309d/ozone-meta/datanode-4/ratisd27174d0-35af-4999-b359-9a099c85422c to VolumeSet
2025-01-11 15:27:11,032 [main] INFO  ozoneimpl.OzoneContainer (HddsVolumeUtil.java:loadAllHddsVolumeDbStore(103)) - Load 1 volumes DbStore cost: 0ms
2025-01-11 15:27:11,032 [main] WARN  db.DBStoreBuilder (DBStoreBuilder.java:getDBDirPath(172)) - ozone.scm.datanode.id.dir is not configured. We recommend adding this setting. Falling back to ozone.metadata.dirs instead.
2025-01-11 15:27:11,033 [main] WARN  db.DBStoreBuilder (DBStoreBuilder.java:getDBDirPath(172)) - ozone.scm.datanode.id.dir is not configured. We recommend adding this setting. Falling back to ozone.metadata.dirs instead.
2025-01-11 15:27:11,044 [main] INFO  impl.FilePerChunkStrategy (FilePerChunkStrategy.java:<init>(87)) - ozone.chunk.read.mapped.buffer.max.count is load with 0
2025-01-11 15:27:11,044 [main] INFO  impl.FilePerBlockStrategy (FilePerBlockStrategy.java:<init>(94)) - ozone.chunk.read.mapped.buffer.max.count is load with 0
2025-01-11 15:27:11,044 [main] INFO  server.RaftServerConfigKeys (ConfUtils.java:logGet(46)) - raft.server.log.appender.buffer.byte-limit = 33554432 (custom)
2025-01-11 15:27:11,045 [main] INFO  server.RaftServer (ConfUtils.java:logGet(46)) - raft.rpc.type = GRPC (default)
2025-01-11 15:27:11,046 [main] INFO  grpc.GrpcConfigKeys (ConfUtils.java:logFallback(53)) - raft.grpc.admin.host = null (fallback to raft.grpc.server.host)
2025-01-11 15:27:11,046 [main] INFO  grpc.GrpcConfigKeys (ConfUtils.java:logGet(46)) - raft.grpc.admin.port = 15042 (custom)
2025-01-11 15:27:11,046 [main] INFO  grpc.GrpcConfigKeys (ConfUtils.java:logFallback(53)) - raft.grpc.client.host = null (fallback to raft.grpc.server.host)
2025-01-11 15:27:11,046 [main] INFO  grpc.GrpcConfigKeys (ConfUtils.java:logGet(46)) - raft.grpc.client.port = 15041 (custom)
2025-01-11 15:27:11,046 [main] INFO  grpc.GrpcConfigKeys (ConfUtils.java:logGet(46)) - raft.grpc.server.host = null (default)
2025-01-11 15:27:11,046 [main] INFO  grpc.GrpcConfigKeys (ConfUtils.java:logGet(46)) - raft.grpc.server.port = 15043 (custom)
2025-01-11 15:27:11,046 [main] INFO  server.GrpcService (ConfUtils.java:logGet(46)) - raft.grpc.message.size.max = 34603008 (custom)
2025-01-11 15:27:11,046 [main] INFO  server.GrpcService (ConfUtils.java:logGet(46)) - raft.grpc.flow.control.window = 5MB (=5242880) (custom)
2025-01-11 15:27:11,046 [main] INFO  server.RaftServerConfigKeys (ConfUtils.java:logGet(46)) - raft.server.rpc.request.timeout = 3000ms (default)
2025-01-11 15:27:11,047 [main] INFO  grpc.GrpcConfigKeys (ConfUtils.java:logGet(46)) - raft.grpc.server.heartbeat.channel = true (default)
2025-01-11 15:27:11,047 [main] INFO  server.RaftServerConfigKeys (ConfUtils.java:logGet(46)) - raft.server.log.appender.buffer.byte-limit = 33554432 (custom)
2025-01-11 15:27:11,047 [main] INFO  grpc.GrpcConfigKeys (ConfUtils.java:logGet(46)) - raft.grpc.server.async.request.thread.pool.cached = true (default)
2025-01-11 15:27:11,047 [main] INFO  grpc.GrpcConfigKeys (ConfUtils.java:logGet(46)) - raft.grpc.server.async.request.thread.pool.size = 32 (default)
2025-01-11 15:27:11,048 [main] INFO  impl.DataStreamServerImpl (ConfUtils.java:logGet(46)) - raft.datastream.type = NETTY (custom)
2025-01-11 15:27:11,048 [main] INFO  server.RaftServerConfigKeys (ConfUtils.java:logGet(46)) - raft.server.data-stream.async.request.thread.pool.cached = false (default)
2025-01-11 15:27:11,049 [main] INFO  server.RaftServerConfigKeys (ConfUtils.java:logGet(46)) - raft.server.data-stream.async.request.thread.pool.size = 20 (custom)
2025-01-11 15:27:11,049 [main] INFO  server.RaftServerConfigKeys (ConfUtils.java:logGet(46)) - raft.server.data-stream.async.write.thread.pool.size = 16 (default)
2025-01-11 15:27:11,049 [main] INFO  netty.NettyConfigKeys$DataStream (ConfUtils.java:logGet(46)) - raft.netty.dataStream.server.channel.inactive.grace-period = 10min (default)
2025-01-11 15:27:11,049 [main] INFO  server.RaftServerConfigKeys (ConfUtils.java:logGet(46)) - raft.server.data-stream.client.pool.size = 10 (default)
2025-01-11 15:27:11,049 [main] INFO  netty.NettyConfigKeys$DataStream (ConfUtils.java:logGet(46)) - raft.netty.dataStream.server.use-epoll = true (default)
2025-01-11 15:27:11,049 [main] INFO  netty.NettyConfigKeys$DataStream (ConfUtils.java:logGet(46)) - raft.netty.dataStream.server.boss-group.size = 0 (default)
2025-01-11 15:27:11,049 [main] INFO  netty.NettyUtils (NettyUtils.java:newEventLoopGroup(74)) - Create EpollEventLoopGroup for a14cd1ab-7861-42f9-8639-15260a7193f0-NettyServerStreamRpc-bossGroup; Thread size is 0.
2025-01-11 15:27:11,050 [main] INFO  netty.NettyConfigKeys$DataStream (ConfUtils.java:logGet(46)) - raft.netty.dataStream.server.worker-group.size = 0 (default)
2025-01-11 15:27:11,050 [main] INFO  netty.NettyUtils (NettyUtils.java:newEventLoopGroup(74)) - Create EpollEventLoopGroup for a14cd1ab-7861-42f9-8639-15260a7193f0-NettyServerStreamRpc-workerGroup; Thread size is 0.
2025-01-11 15:27:11,050 [main] INFO  netty.NettyConfigKeys$DataStream (ConfUtils.java:logGet(46)) - raft.netty.dataStream.server.tls.conf = null (default)
2025-01-11 15:27:11,050 [main] INFO  netty.NettyConfigKeys$DataStream (ConfUtils.java:logGet(46)) - raft.netty.dataStream.host = null (default)
2025-01-11 15:27:11,050 [main] INFO  netty.NettyConfigKeys$DataStream (ConfUtils.java:logGet(46)) - raft.netty.dataStream.port = 15044 (custom)
2025-01-11 15:27:11,051 [main] INFO  server.RaftServerConfigKeys (ConfUtils.java:logGet(46)) - raft.server.sleep.deviation.threshold = 300ms (default)
2025-01-11 15:27:11,051 [main] INFO  server.RaftServerConfigKeys (ConfUtils.java:logGet(46)) - raft.server.close.threshold = 60s (default)
2025-01-11 15:27:11,051 [main] INFO  server.RaftServerConfigKeys (ConfUtils.java:logGet(46)) - raft.server.leaderelection.leader.step-down.wait-time = 10s (default)
2025-01-11 15:27:11,051 [main] INFO  server.RaftServerConfigKeys (ConfUtils.java:logGet(46)) - raft.server.storage.dir = [/home/runner/work/ozone/ozone/hadoop-ozone/integration-test/target/test-dir/MiniOzoneClusterImpl-7d8e89df-ef81-4ba3-8c0c-8d2bb8f5309d/ozone-meta/datanode-4/ratisd27174d0-35af-4999-b359-9a099c85422c] (custom)
2025-01-11 15:27:11,052 [main] INFO  server.RaftServerConfigKeys (ConfUtils.java:logGet(46)) - raft.server.threadpool.proxy.cached = true (default)
2025-01-11 15:27:11,052 [main] INFO  server.RaftServerConfigKeys (ConfUtils.java:logGet(46)) - raft.server.threadpool.proxy.size = 0 (default)
2025-01-11 15:27:11,052 [a14cd1ab-7861-42f9-8639-15260a7193f0-NettyServerStreamRpc-bossGroup--thread1] INFO  logging.LoggingHandler (AbstractInternalLogger.java:log(148)) - [id: 0xe515e1a3] REGISTERED
2025-01-11 15:27:11,052 [a14cd1ab-7861-42f9-8639-15260a7193f0-NettyServerStreamRpc-bossGroup--thread1] INFO  logging.LoggingHandler (AbstractInternalLogger.java:log(148)) - [id: 0xe515e1a3] BIND: 0.0.0.0/0.0.0.0:15044
2025-01-11 15:27:11,052 [a14cd1ab-7861-42f9-8639-15260a7193f0-NettyServerStreamRpc-bossGroup--thread1] INFO  logging.LoggingHandler (AbstractInternalLogger.java:log(148)) - [id: 0xe515e1a3, L:/0.0.0.0:15044] ACTIVE
2025-01-11 15:27:11,053 [a14cd1ab-7861-42f9-8639-15260a7193f0-impl-thread1] INFO  server.RaftServer (RaftServerProxy.java:initGroupDir(265)) - a14cd1ab-7861-42f9-8639-15260a7193f0: found a subdirectory /home/runner/work/ozone/ozone/hadoop-ozone/integration-test/target/test-dir/MiniOzoneClusterImpl-7d8e89df-ef81-4ba3-8c0c-8d2bb8f5309d/ozone-meta/datanode-4/ratisd27174d0-35af-4999-b359-9a099c85422c/tmp
2025-01-11 15:27:11,053 [a14cd1ab-7861-42f9-8639-15260a7193f0-impl-thread1] INFO  server.RaftServer (RaftServerProxy.java:initGroupDir(270)) - a14cd1ab-7861-42f9-8639-15260a7193f0: The directory /home/runner/work/ozone/ozone/hadoop-ozone/integration-test/target/test-dir/MiniOzoneClusterImpl-7d8e89df-ef81-4ba3-8c0c-8d2bb8f5309d/ozone-meta/datanode-4/ratisd27174d0-35af-4999-b359-9a099c85422c/tmp is not a group directory; ignoring it. 
2025-01-11 15:27:11,053 [a14cd1ab-7861-42f9-8639-15260a7193f0-impl-thread1] INFO  server.RaftServer (RaftServerProxy.java:initGroupDir(265)) - a14cd1ab-7861-42f9-8639-15260a7193f0: found a subdirectory /home/runner/work/ozone/ozone/hadoop-ozone/integration-test/target/test-dir/MiniOzoneClusterImpl-7d8e89df-ef81-4ba3-8c0c-8d2bb8f5309d/ozone-meta/datanode-4/ratisd27174d0-35af-4999-b359-9a099c85422c/45cc3e2a-c500-4acc-a03a-a9cccc3d9481
2025-01-11 15:27:11,054 [a14cd1ab-7861-42f9-8639-15260a7193f0-impl-thread1] INFO  server.RaftServer (RaftServerProxy.java:addNew(100)) - a14cd1ab-7861-42f9-8639-15260a7193f0: addNew group-A9CCCC3D9481:[] returns group-A9CCCC3D9481:java.util.concurrent.CompletableFuture@43113e0a[Not completed]
2025-01-11 15:27:11,054 [main] INFO  replication.ReplicationServer (ReplicationServer.java:<init>(86)) - Initializing replication server with thread count = 10 queue length = 4096
2025-01-11 15:27:11,055 [main] INFO  server.XceiverServerGrpc (XceiverServerGrpc.java:<init>(135)) - GrpcServer channel type EpollServerSocketChannel
2025-01-11 15:27:11,055 [a14cd1ab-7861-42f9-8639-15260a7193f0-groupManagement] INFO  server.RaftServer$Division (RaftServerImpl.java:<init>(255)) - a14cd1ab-7861-42f9-8639-15260a7193f0: new RaftServerImpl for group-A9CCCC3D9481:[] with ContainerStateMachine:uninitialized
2025-01-11 15:27:11,055 [a14cd1ab-7861-42f9-8639-15260a7193f0-groupManagement] INFO  server.RaftServerConfigKeys (ConfUtils.java:logGet(46)) - raft.server.rpc.timeout.min = 5s (custom)
2025-01-11 15:27:11,056 [a14cd1ab-7861-42f9-8639-15260a7193f0-groupManagement] INFO  server.RaftServerConfigKeys (ConfUtils.java:logGet(46)) - raft.server.rpc.timeout.max = 5200ms (custom)
2025-01-11 15:27:11,056 [a14cd1ab-7861-42f9-8639-15260a7193f0-groupManagement] INFO  server.RaftServerConfigKeys (ConfUtils.java:logGet(46)) - raft.server.rpc.sleep.time = 25ms (default)
2025-01-11 15:27:11,056 [a14cd1ab-7861-42f9-8639-15260a7193f0-groupManagement] INFO  server.RaftServerConfigKeys (ConfUtils.java:logGet(46)) - raft.server.rpc.slowness.timeout = 300000ms (custom)
2025-01-11 15:27:11,056 [a14cd1ab-7861-42f9-8639-15260a7193f0-groupManagement] INFO  server.RaftServerConfigKeys (ConfUtils.java:logGet(46)) - raft.server.leaderelection.leader.step-down.wait-time = 10s (default)
2025-01-11 15:27:11,056 [a14cd1ab-7861-42f9-8639-15260a7193f0-groupManagement] INFO  server.RaftServerConfigKeys (ConfUtils.java:logGet(46)) - raft.server.leaderelection.member.majority-add = false (default)
2025-01-11 15:27:11,069 [a14cd1ab-7861-42f9-8639-15260a7193f0-groupManagement] INFO  server.RaftServerConfigKeys (ConfUtils.java:logGet(46)) - raft.server.sleep.deviation.threshold = 300ms (default)
2025-01-11 15:27:11,070 [a14cd1ab-7861-42f9-8639-15260a7193f0-groupManagement] INFO  server.RaftServer$Division (ServerState.java:<init>(114)) - a14cd1ab-7861-42f9-8639-15260a7193f0@group-A9CCCC3D9481: ConfigurationManager, init=conf: {index: -1, cur=peers:[]|listeners:[], old=null}, confs=<EMPTY_MAP>
2025-01-11 15:27:11,070 [a14cd1ab-7861-42f9-8639-15260a7193f0-groupManagement] INFO  server.RaftServerConfigKeys (ConfUtils.java:logGet(46)) - raft.server.notification.no-leader.timeout = 300000ms (custom)
2025-01-11 15:27:11,070 [a14cd1ab-7861-42f9-8639-15260a7193f0-groupManagement] INFO  server.RaftServerConfigKeys (ConfUtils.java:logGet(46)) - raft.server.read.timeout = 10s (default)
2025-01-11 15:27:11,070 [a14cd1ab-7861-42f9-8639-15260a7193f0-groupManagement] INFO  server.RaftServerConfigKeys (ConfUtils.java:logGet(46)) - raft.server.retrycache.expirytime = 600000ms (custom)
2025-01-11 15:27:11,070 [a14cd1ab-7861-42f9-8639-15260a7193f0-groupManagement] INFO  server.RaftServerConfigKeys (ConfUtils.java:logGet(46)) - raft.server.retrycache.statistics.expirytime = 100ms (default)
2025-01-11 15:27:11,056 [main] INFO  replication.ReplicationSupervisor (ReplicationSupervisor.java:build(171)) - Initializing replication supervisor with thread count = 10
2025-01-11 15:27:11,070 [main] INFO  replication.ReplicationSupervisor (ReplicationSupervisor.java:nodeStateUpdated(348)) - Node state updated to IN_SERVICE, scaling executor pool size to 10
2025-01-11 15:27:11,070 [a14cd1ab-7861-42f9-8639-15260a7193f0-groupManagement] INFO  server.RaftServerConfigKeys (ConfUtils.java:logGet(46)) - raft.server.read.option = DEFAULT (default)
2025-01-11 15:27:11,070 [a14cd1ab-7861-42f9-8639-15260a7193f0-groupManagement] INFO  server.RaftServerConfigKeys (ConfUtils.java:logGet(46)) - raft.server.read.read-after-write-consistent.write-index-cache.expiry-time = 60s (default)
2025-01-11 15:27:11,074 [a14cd1ab-7861-42f9-8639-15260a7193f0-groupManagement] INFO  server.RaftServerConfigKeys (ConfUtils.java:logGet(46)) - raft.server.rpc.request.timeout = 3000ms (default)
2025-01-11 15:27:11,074 [a14cd1ab-7861-42f9-8639-15260a7193f0-groupManagement] INFO  server.RaftServerConfigKeys (ConfUtils.java:logGet(46)) - raft.server.log.appender.install.snapshot.enabled = false (custom)
2025-01-11 15:27:11,074 [a14cd1ab-7861-42f9-8639-15260a7193f0-groupManagement] INFO  server.RaftServerConfigKeys (ConfUtils.java:logGet(46)) - raft.server.threadpool.server.cached = true (default)
2025-01-11 15:27:11,074 [a14cd1ab-7861-42f9-8639-15260a7193f0-groupManagement] INFO  server.RaftServerConfigKeys (ConfUtils.java:logGet(46)) - raft.server.threadpool.server.size = 0 (default)
2025-01-11 15:27:11,074 [a14cd1ab-7861-42f9-8639-15260a7193f0-groupManagement] INFO  server.RaftServerConfigKeys (ConfUtils.java:logGet(46)) - raft.server.threadpool.client.cached = true (default)
2025-01-11 15:27:11,074 [a14cd1ab-7861-42f9-8639-15260a7193f0-groupManagement] INFO  server.RaftServerConfigKeys (ConfUtils.java:logGet(46)) - raft.server.threadpool.client.size = 0 (default)
2025-01-11 15:27:11,079 [main] INFO  http.BaseHttpServer (BaseHttpServer.java:newHttpServer2BuilderForOzone(232)) - Starting Web-server for hddsDatanode at: http://0.0.0.0:15038
2025-01-11 15:27:11,079 [main] INFO  http.BaseHttpServer (BaseHttpServer.java:<init>(110)) - Hadoop Security Enabled: false Ozone Security Enabled: false Ozone HTTP Security Enabled: false 
2025-01-11 15:27:11,080 [main] WARN  server.AuthenticationFilter (AuthenticationFilter.java:constructSecretProvider(240)) - Unable to initialize FileSignerSecretProvider, falling back to use random secrets. Reason: Could not read signature secret file: /home/runner/hadoop-http-auth-signature-secret
2025-01-11 15:27:11,081 [main] INFO  http.HttpRequestLog (HttpRequestLog.java:getRequestLog(86)) - Http request log for http.requests.hddsDatanode is not defined
2025-01-11 15:27:11,082 [main] INFO  http.HttpServer2 (HttpServer2.java:addGlobalFilter(1040)) - Added global filter 'safety' (class=org.apache.hadoop.hdds.server.http.HttpServer2$QuotingInputFilter)
2025-01-11 15:27:11,082 [main] INFO  http.HttpServer2 (HttpServer2.java:addFilter(1016)) - Added filter static_user_filter (class=org.apache.hadoop.http.lib.StaticUserWebFilter$StaticUserFilter) to context hddsDatanode
2025-01-11 15:27:11,083 [main] INFO  http.HttpServer2 (HttpServer2.java:addFilter(1024)) - Added filter static_user_filter (class=org.apache.hadoop.http.lib.StaticUserWebFilter$StaticUserFilter) to context logs
2025-01-11 15:27:11,083 [main] INFO  http.HttpServer2 (HttpServer2.java:addFilter(1024)) - Added filter static_user_filter (class=org.apache.hadoop.http.lib.StaticUserWebFilter$StaticUserFilter) to context static
2025-01-11 15:27:11,083 [main] INFO  http.BaseHttpServer (BaseHttpServer.java:<init>(198)) - HTTP server of hddsDatanode uses base directory /home/runner/work/ozone/ozone/hadoop-ozone/integration-test/target/test-dir/MiniOzoneClusterImpl-7d8e89df-ef81-4ba3-8c0c-8d2bb8f5309d/ozone-meta/datanode-4/meta/webserver
2025-01-11 15:27:11,083 [main] INFO  http.HttpServer2 (HttpServer2.java:bindListener(1240)) - Jetty bound to port 15038
2025-01-11 15:27:11,084 [main] INFO  server.Server (Server.java:doStart(375)) - jetty-9.4.57.v20241219; built: 2025-01-08T21:24:30.412Z; git: df524e6b29271c2e09ba9aea83c18dc9db464a31; jvm 21.0.5+11-LTS
2025-01-11 15:27:11,089 [main] INFO  server.session (DefaultSessionIdManager.java:doStart(334)) - DefaultSessionIdManager workerName=node0
2025-01-11 15:27:11,089 [main] INFO  server.session (DefaultSessionIdManager.java:doStart(339)) - No SessionScavenger set, using defaults
2025-01-11 15:27:11,089 [main] INFO  server.session (HouseKeeper.java:startScavenging(132)) - node0 Scavenging every 600000ms
2025-01-11 15:27:11,090 [main] INFO  handler.ContextHandler (ContextHandler.java:doStart(921)) - Started o.e.j.s.ServletContextHandler@7589371f{logs,/logs,file:///home/runner/work/ozone/ozone/hadoop-ozone/integration-test/target/log,AVAILABLE}
2025-01-11 15:27:11,090 [main] INFO  handler.ContextHandler (ContextHandler.java:doStart(921)) - Started o.e.j.s.ServletContextHandler@6953f5fc{static,/static,jar:file:/home/runner/work/ozone/ozone/hadoop-hdds/container-service/target/hdds-container-service-2.0.0-SNAPSHOT.jar!/webapps/static,AVAILABLE}
2025-01-11 15:27:11,281 [main] INFO  handler.ContextHandler (ContextHandler.java:doStart(921)) - Started o.e.j.w.WebAppContext@4130052{hddsDatanode,/,file:///home/runner/work/ozone/ozone/hadoop-ozone/integration-test/target/test-dir/MiniOzoneClusterImpl-7d8e89df-ef81-4ba3-8c0c-8d2bb8f5309d/ozone-meta/datanode-4/meta/webserver/jetty-0_0_0_0-15038-hdds-container-service-2_0_0-SNAPSHOT_jar-_-any-7370435406915368517/webapp/,AVAILABLE}{jar:file:/home/runner/work/ozone/ozone/hadoop-hdds/container-service/target/hdds-container-service-2.0.0-SNAPSHOT.jar!/webapps/hddsDatanode}
2025-01-11 15:27:11,283 [main] INFO  server.AbstractConnector (AbstractConnector.java:doStart(333)) - Started ServerConnector@3d850252{HTTP/1.1, (http/1.1)}{0.0.0.0:15038}
2025-01-11 15:27:11,283 [main] INFO  server.Server (Server.java:doStart(415)) - Started @145123ms
2025-01-11 15:27:11,283 [main] WARN  impl.MetricsSystemImpl (MetricsSystemImpl.java:register(279)) - Sink prometheus already exists!
2025-01-11 15:27:11,284 [main] INFO  http.BaseHttpServer (BaseHttpServer.java:updateConnectorAddress(363)) - HTTP server of hddsDatanode listening at http://0.0.0.0:15038
2025-01-11 15:27:11,284 [main] INFO  ipc.CallQueueManager (CallQueueManager.java:<init>(93)) - Using callQueue: class java.util.concurrent.LinkedBlockingQueue, queueCapacity: 1000, scheduler: class org.apache.hadoop.ipc.DefaultRpcScheduler, ipcBackoff: false, ipcFailOver: false.
2025-01-11 15:27:11,285 [main] INFO  ipc.Server (Server.java:<init>(1438)) - Listener at 0.0.0.0:15039
2025-01-11 15:27:11,285 [Socket Reader #1 for port 15039] INFO  ipc.Server (Server.java:run(1474)) - Starting Socket Reader #1 for port 15039
2025-01-11 15:27:11,285 [Socket Reader #2 for port 15039] INFO  ipc.Server (Server.java:run(1474)) - Starting Socket Reader #2 for port 15039
2025-01-11 15:27:11,286 [Socket Reader #3 for port 15039] INFO  ipc.Server (Server.java:run(1474)) - Starting Socket Reader #3 for port 15039
2025-01-11 15:27:11,286 [Socket Reader #4 for port 15039] INFO  ipc.Server (Server.java:run(1474)) - Starting Socket Reader #4 for port 15039
2025-01-11 15:27:11,286 [Socket Reader #5 for port 15039] INFO  ipc.Server (Server.java:run(1474)) - Starting Socket Reader #5 for port 15039
2025-01-11 15:27:11,289 [Socket Reader #6 for port 15039] INFO  ipc.Server (Server.java:run(1474)) - Starting Socket Reader #6 for port 15039
2025-01-11 15:27:11,289 [Socket Reader #8 for port 15039] INFO  ipc.Server (Server.java:run(1474)) - Starting Socket Reader #8 for port 15039
2025-01-11 15:27:11,290 [Socket Reader #7 for port 15039] INFO  ipc.Server (Server.java:run(1474)) - Starting Socket Reader #7 for port 15039
2025-01-11 15:27:11,293 [Socket Reader #9 for port 15039] INFO  ipc.Server (Server.java:run(1474)) - Starting Socket Reader #9 for port 15039
2025-01-11 15:27:11,297 [Socket Reader #10 for port 15039] INFO  ipc.Server (Server.java:run(1474)) - Starting Socket Reader #10 for port 15039
2025-01-11 15:27:11,301 [main] INFO  ozone.HddsDatanodeService (HddsDatanodeService.java:start(336)) - Datanode start with admins: [runner]
2025-01-11 15:27:11,301 [main] INFO  ozone.HddsDatanodeClientProtocolServer (HddsDatanodeClientProtocolServer.java:start(79)) - RPC server for Client /0.0.0.0:15039
2025-01-11 15:27:11,302 [IPC Server Responder] INFO  ipc.Server (Server.java:run(1713)) - IPC Server Responder: starting
2025-01-11 15:27:11,302 [IPC Server listener on 15039] INFO  ipc.Server (Server.java:run(1553)) - IPC Server listener on 15039: starting
2025-01-11 15:27:11,309 [a14cd1ab-7861-42f9-8639-15260a7193f0-DatanodeStateMachineDaemonThread] INFO  statemachine.DatanodeStateMachine (DatanodeStateMachine.java:startStateMachineThread(337)) - Ozone container server started.
2025-01-11 15:27:11,312 [a14cd1ab-7861-42f9-8639-15260a7193f0-DatanodeStateMachineTaskThread-0] INFO  datanode.InitDatanodeState (InitDatanodeState.java:persistContainerDatanodeDetails(139)) - DatanodeDetails is persisted to /home/runner/work/ozone/ozone/hadoop-ozone/integration-test/target/test-dir/MiniOzoneClusterImpl-7d8e89df-ef81-4ba3-8c0c-8d2bb8f5309d/ozone-meta/datanode-4/meta/datanode.id
2025-01-11 15:27:11,315 [grpc-default-executor-12] WARN  server.GrpcLogAppender (GrpcLogAppender.java:lambda$resetClient$1(221)) - fc60e07f-496f-42fe-ae82-620152583f87@group-A7184706D343->4ba790b6-f5d5-4c4e-97f5-f1f66fb5d3d4-GrpcLogAppender: Follower failed (request=null, errorCount=45); keep nextIndex (19) unchanged and retry.
2025-01-11 15:27:11,319 [grpc-default-executor-11] WARN  server.GrpcLogAppender (GrpcLogAppender.java:lambda$resetClient$1(221)) - fc60e07f-496f-42fe-ae82-620152583f87@group-A7184706D343->4ba790b6-f5d5-4c4e-97f5-f1f66fb5d3d4-GrpcLogAppender: Follower failed (request=null, errorCount=47); keep nextIndex (21) unchanged and retry.
2025-01-11 15:27:11,323 [grpc-default-executor-7] WARN  server.GrpcLogAppender (GrpcLogAppender.java:lambda$resetClient$1(221)) - fc60e07f-496f-42fe-ae82-620152583f87@group-A7184706D343->4ba790b6-f5d5-4c4e-97f5-f1f66fb5d3d4-GrpcLogAppender: Follower failed (request=null, errorCount=49); keep nextIndex (22) unchanged and retry.
2025-01-11 15:27:11,326 [fc60e07f-496f-42fe-ae82-620152583f87@group-A7184706D343-StateMachineUpdater] INFO  ratis.ContainerStateMachine (ContainerStateMachine.java:takeSnapshot(378)) - group-A7184706D343: Taking a snapshot at:(t:1, i:17) file /home/runner/work/ozone/ozone/hadoop-ozone/integration-test/target/test-dir/MiniOzoneClusterImpl-7d8e89df-ef81-4ba3-8c0c-8d2bb8f5309d/ozone-meta/datanode-5/ratis/8ef3bc64-5854-4584-910e-a7184706d343/sm/snapshot.1_17
2025-01-11 15:27:11,327 [fc60e07f-496f-42fe-ae82-620152583f87@group-A7184706D343-StateMachineUpdater] INFO  ratis.ContainerStateMachine (ContainerStateMachine.java:takeSnapshot(389)) - group-A7184706D343: Finished taking a snapshot at:(t:1, i:17) file:/home/runner/work/ozone/ozone/hadoop-ozone/integration-test/target/test-dir/MiniOzoneClusterImpl-7d8e89df-ef81-4ba3-8c0c-8d2bb8f5309d/ozone-meta/datanode-5/ratis/8ef3bc64-5854-4584-910e-a7184706d343/sm/snapshot.1_17 took: 2 ms
2025-01-11 15:27:11,328 [fc60e07f-496f-42fe-ae82-620152583f87@group-A7184706D343-StateMachineUpdater] INFO  impl.SimpleStateMachineStorage (SimpleStateMachineStorage.java:lambda$cleanupOldSnapshots$1(126)) - Deleting old snapshot at /home/runner/work/ozone/ozone/hadoop-ozone/integration-test/target/test-dir/MiniOzoneClusterImpl-7d8e89df-ef81-4ba3-8c0c-8d2bb8f5309d/ozone-meta/datanode-5/ratis/8ef3bc64-5854-4584-910e-a7184706d343/sm/snapshot.1_7
2025-01-11 15:27:11,328 [fc60e07f-496f-42fe-ae82-620152583f87@group-A7184706D343-StateMachineUpdater] INFO  impl.StateMachineUpdater (StateMachineUpdater.java:takeSnapshot(303)) - fc60e07f-496f-42fe-ae82-620152583f87@group-A7184706D343-StateMachineUpdater: Took a snapshot at index 17
2025-01-11 15:27:11,328 [fc60e07f-496f-42fe-ae82-620152583f87@group-A7184706D343-StateMachineUpdater] INFO  impl.StateMachineUpdater (StateMachineUpdater.java:lambda$new$0(102)) - fc60e07f-496f-42fe-ae82-620152583f87@group-A7184706D343-StateMachineUpdater: snapshotIndex: updateIncreasingly 15 -> 17
2025-01-11 15:27:11,329 [fc60e07f-496f-42fe-ae82-620152583f87@group-A7184706D343-StateMachineUpdater] INFO  ratis.ContainerStateMachine (ContainerStateMachine.java:takeSnapshot(378)) - group-A7184706D343: Taking a snapshot at:(t:1, i:21) file /home/runner/work/ozone/ozone/hadoop-ozone/integration-test/target/test-dir/MiniOzoneClusterImpl-7d8e89df-ef81-4ba3-8c0c-8d2bb8f5309d/ozone-meta/datanode-5/ratis/8ef3bc64-5854-4584-910e-a7184706d343/sm/snapshot.1_21
2025-01-11 15:27:11,331 [fc60e07f-496f-42fe-ae82-620152583f87@group-A7184706D343-StateMachineUpdater] INFO  ratis.ContainerStateMachine (ContainerStateMachine.java:takeSnapshot(389)) - group-A7184706D343: Finished taking a snapshot at:(t:1, i:21) file:/home/runner/work/ozone/ozone/hadoop-ozone/integration-test/target/test-dir/MiniOzoneClusterImpl-7d8e89df-ef81-4ba3-8c0c-8d2bb8f5309d/ozone-meta/datanode-5/ratis/8ef3bc64-5854-4584-910e-a7184706d343/sm/snapshot.1_21 took: 1 ms
2025-01-11 15:27:11,331 [fc60e07f-496f-42fe-ae82-620152583f87@group-A7184706D343-StateMachineUpdater] INFO  impl.SimpleStateMachineStorage (SimpleStateMachineStorage.java:lambda$cleanupOldSnapshots$1(126)) - Deleting old snapshot at /home/runner/work/ozone/ozone/hadoop-ozone/integration-test/target/test-dir/MiniOzoneClusterImpl-7d8e89df-ef81-4ba3-8c0c-8d2bb8f5309d/ozone-meta/datanode-5/ratis/8ef3bc64-5854-4584-910e-a7184706d343/sm/snapshot.1_9
2025-01-11 15:27:11,331 [fc60e07f-496f-42fe-ae82-620152583f87@group-A7184706D343-StateMachineUpdater] INFO  impl.StateMachineUpdater (StateMachineUpdater.java:takeSnapshot(303)) - fc60e07f-496f-42fe-ae82-620152583f87@group-A7184706D343-StateMachineUpdater: Took a snapshot at index 21
2025-01-11 15:27:11,331 [fc60e07f-496f-42fe-ae82-620152583f87@group-A7184706D343-StateMachineUpdater] INFO  impl.StateMachineUpdater (StateMachineUpdater.java:lambda$new$0(102)) - fc60e07f-496f-42fe-ae82-620152583f87@group-A7184706D343-StateMachineUpdater: snapshotIndex: updateIncreasingly 17 -> 21
2025-01-11 15:27:12,335 [84b435bb-d41b-4758-bf48-ce9052c81d4a@group-A7184706D343-StateMachineUpdater] INFO  ratis.ContainerStateMachine (ContainerStateMachine.java:takeSnapshot(378)) - group-A7184706D343: Taking a snapshot at:(t:1, i:21) file /home/runner/work/ozone/ozone/hadoop-ozone/integration-test/target/test-dir/MiniOzoneClusterImpl-7d8e89df-ef81-4ba3-8c0c-8d2bb8f5309d/ozone-meta/datanode-6/ratis/8ef3bc64-5854-4584-910e-a7184706d343/sm/snapshot.1_21
2025-01-11 15:27:12,336 [84b435bb-d41b-4758-bf48-ce9052c81d4a@group-A7184706D343-StateMachineUpdater] INFO  ratis.ContainerStateMachine (ContainerStateMachine.java:takeSnapshot(389)) - group-A7184706D343: Finished taking a snapshot at:(t:1, i:21) file:/home/runner/work/ozone/ozone/hadoop-ozone/integration-test/target/test-dir/MiniOzoneClusterImpl-7d8e89df-ef81-4ba3-8c0c-8d2bb8f5309d/ozone-meta/datanode-6/ratis/8ef3bc64-5854-4584-910e-a7184706d343/sm/snapshot.1_21 took: 2 ms
2025-01-11 15:27:12,337 [84b435bb-d41b-4758-bf48-ce9052c81d4a@group-A7184706D343-StateMachineUpdater] INFO  impl.SimpleStateMachineStorage (SimpleStateMachineStorage.java:lambda$cleanupOldSnapshots$1(126)) - Deleting old snapshot at /home/runner/work/ozone/ozone/hadoop-ozone/integration-test/target/test-dir/MiniOzoneClusterImpl-7d8e89df-ef81-4ba3-8c0c-8d2bb8f5309d/ozone-meta/datanode-6/ratis/8ef3bc64-5854-4584-910e-a7184706d343/sm/snapshot.1_9
2025-01-11 15:27:12,337 [84b435bb-d41b-4758-bf48-ce9052c81d4a@group-A7184706D343-StateMachineUpdater] INFO  impl.StateMachineUpdater (StateMachineUpdater.java:takeSnapshot(303)) - 84b435bb-d41b-4758-bf48-ce9052c81d4a@group-A7184706D343-StateMachineUpdater: Took a snapshot at index 21
2025-01-11 15:27:12,337 [84b435bb-d41b-4758-bf48-ce9052c81d4a@group-A7184706D343-StateMachineUpdater] INFO  impl.StateMachineUpdater (StateMachineUpdater.java:lambda$new$0(102)) - 84b435bb-d41b-4758-bf48-ce9052c81d4a@group-A7184706D343-StateMachineUpdater: snapshotIndex: updateIncreasingly 17 -> 21
2025-01-11 15:27:12,338 [fc60e07f-496f-42fe-ae82-620152583f87@group-A7184706D343-StateMachineUpdater] INFO  ratis.ContainerStateMachine (ContainerStateMachine.java:takeSnapshot(378)) - group-A7184706D343: Taking a snapshot at:(t:1, i:23) file /home/runner/work/ozone/ozone/hadoop-ozone/integration-test/target/test-dir/MiniOzoneClusterImpl-7d8e89df-ef81-4ba3-8c0c-8d2bb8f5309d/ozone-meta/datanode-5/ratis/8ef3bc64-5854-4584-910e-a7184706d343/sm/snapshot.1_23
2025-01-11 15:27:12,339 [fc60e07f-496f-42fe-ae82-620152583f87@group-A7184706D343-StateMachineUpdater] INFO  ratis.ContainerStateMachine (ContainerStateMachine.java:takeSnapshot(389)) - group-A7184706D343: Finished taking a snapshot at:(t:1, i:23) file:/home/runner/work/ozone/ozone/hadoop-ozone/integration-test/target/test-dir/MiniOzoneClusterImpl-7d8e89df-ef81-4ba3-8c0c-8d2bb8f5309d/ozone-meta/datanode-5/ratis/8ef3bc64-5854-4584-910e-a7184706d343/sm/snapshot.1_23 took: 0 ms
2025-01-11 15:27:12,339 [grpc-default-executor-12] WARN  server.GrpcLogAppender (GrpcLogAppender.java:lambda$resetClient$1(221)) - fc60e07f-496f-42fe-ae82-620152583f87@group-A7184706D343->4ba790b6-f5d5-4c4e-97f5-f1f66fb5d3d4-GrpcLogAppender: Follower failed (request=null, errorCount=53); keep nextIndex (24) unchanged and retry.
2025-01-11 15:27:12,340 [grpc-default-executor-1] WARN  server.GrpcLogAppender (GrpcLogAppender.java:lambda$resetClient$1(221)) - fc60e07f-496f-42fe-ae82-620152583f87@group-A7184706D343->4ba790b6-f5d5-4c4e-97f5-f1f66fb5d3d4-GrpcLogAppender: Follower failed (request=null, errorCount=55); keep nextIndex (26) unchanged and retry.
2025-01-11 15:27:12,339 [fc60e07f-496f-42fe-ae82-620152583f87@group-A7184706D343-StateMachineUpdater] INFO  impl.SimpleStateMachineStorage (SimpleStateMachineStorage.java:lambda$cleanupOldSnapshots$1(126)) - Deleting old snapshot at /home/runner/work/ozone/ozone/hadoop-ozone/integration-test/target/test-dir/MiniOzoneClusterImpl-7d8e89df-ef81-4ba3-8c0c-8d2bb8f5309d/ozone-meta/datanode-5/ratis/8ef3bc64-5854-4584-910e-a7184706d343/sm/snapshot.1_11
2025-01-11 15:27:12,340 [fc60e07f-496f-42fe-ae82-620152583f87@group-A7184706D343-StateMachineUpdater] INFO  impl.StateMachineUpdater (StateMachineUpdater.java:takeSnapshot(303)) - fc60e07f-496f-42fe-ae82-620152583f87@group-A7184706D343-StateMachineUpdater: Took a snapshot at index 23
2025-01-11 15:27:12,340 [fc60e07f-496f-42fe-ae82-620152583f87@group-A7184706D343-StateMachineUpdater] INFO  impl.StateMachineUpdater (StateMachineUpdater.java:lambda$new$0(102)) - fc60e07f-496f-42fe-ae82-620152583f87@group-A7184706D343-StateMachineUpdater: snapshotIndex: updateIncreasingly 21 -> 23
2025-01-11 15:27:12,340 [fc60e07f-496f-42fe-ae82-620152583f87@group-A7184706D343-StateMachineUpdater] INFO  ratis.ContainerStateMachine (ContainerStateMachine.java:takeSnapshot(378)) - group-A7184706D343: Taking a snapshot at:(t:1, i:24) file /home/runner/work/ozone/ozone/hadoop-ozone/integration-test/target/test-dir/MiniOzoneClusterImpl-7d8e89df-ef81-4ba3-8c0c-8d2bb8f5309d/ozone-meta/datanode-5/ratis/8ef3bc64-5854-4584-910e-a7184706d343/sm/snapshot.1_24
2025-01-11 15:27:12,341 [84b435bb-d41b-4758-bf48-ce9052c81d4a@group-A7184706D343-StateMachineUpdater] INFO  ratis.ContainerStateMachine (ContainerStateMachine.java:takeSnapshot(378)) - group-A7184706D343: Taking a snapshot at:(t:1, i:24) file /home/runner/work/ozone/ozone/hadoop-ozone/integration-test/target/test-dir/MiniOzoneClusterImpl-7d8e89df-ef81-4ba3-8c0c-8d2bb8f5309d/ozone-meta/datanode-6/ratis/8ef3bc64-5854-4584-910e-a7184706d343/sm/snapshot.1_24
2025-01-11 15:27:12,342 [fc60e07f-496f-42fe-ae82-620152583f87@group-A7184706D343-StateMachineUpdater] INFO  ratis.ContainerStateMachine (ContainerStateMachine.java:takeSnapshot(389)) - group-A7184706D343: Finished taking a snapshot at:(t:1, i:24) file:/home/runner/work/ozone/ozone/hadoop-ozone/integration-test/target/test-dir/MiniOzoneClusterImpl-7d8e89df-ef81-4ba3-8c0c-8d2bb8f5309d/ozone-meta/datanode-5/ratis/8ef3bc64-5854-4584-910e-a7184706d343/sm/snapshot.1_24 took: 1 ms
2025-01-11 15:27:12,342 [fc60e07f-496f-42fe-ae82-620152583f87@group-A7184706D343-StateMachineUpdater] INFO  impl.SimpleStateMachineStorage (SimpleStateMachineStorage.java:lambda$cleanupOldSnapshots$1(126)) - Deleting old snapshot at /home/runner/work/ozone/ozone/hadoop-ozone/integration-test/target/test-dir/MiniOzoneClusterImpl-7d8e89df-ef81-4ba3-8c0c-8d2bb8f5309d/ozone-meta/datanode-5/ratis/8ef3bc64-5854-4584-910e-a7184706d343/sm/snapshot.1_13
2025-01-11 15:27:12,342 [84b435bb-d41b-4758-bf48-ce9052c81d4a@group-A7184706D343-StateMachineUpdater] INFO  ratis.ContainerStateMachine (ContainerStateMachine.java:takeSnapshot(389)) - group-A7184706D343: Finished taking a snapshot at:(t:1, i:24) file:/home/runner/work/ozone/ozone/hadoop-ozone/integration-test/target/test-dir/MiniOzoneClusterImpl-7d8e89df-ef81-4ba3-8c0c-8d2bb8f5309d/ozone-meta/datanode-6/ratis/8ef3bc64-5854-4584-910e-a7184706d343/sm/snapshot.1_24 took: 0 ms
2025-01-11 15:27:12,342 [84b435bb-d41b-4758-bf48-ce9052c81d4a@group-A7184706D343-StateMachineUpdater] INFO  impl.SimpleStateMachineStorage (SimpleStateMachineStorage.java:lambda$cleanupOldSnapshots$1(126)) - Deleting old snapshot at /home/runner/work/ozone/ozone/hadoop-ozone/integration-test/target/test-dir/MiniOzoneClusterImpl-7d8e89df-ef81-4ba3-8c0c-8d2bb8f5309d/ozone-meta/datanode-6/ratis/8ef3bc64-5854-4584-910e-a7184706d343/sm/snapshot.1_11
2025-01-11 15:27:12,343 [84b435bb-d41b-4758-bf48-ce9052c81d4a@group-A7184706D343-StateMachineUpdater] INFO  impl.StateMachineUpdater (StateMachineUpdater.java:takeSnapshot(303)) - 84b435bb-d41b-4758-bf48-ce9052c81d4a@group-A7184706D343-StateMachineUpdater: Took a snapshot at index 24
2025-01-11 15:27:12,343 [84b435bb-d41b-4758-bf48-ce9052c81d4a@group-A7184706D343-StateMachineUpdater] INFO  impl.StateMachineUpdater (StateMachineUpdater.java:lambda$new$0(102)) - 84b435bb-d41b-4758-bf48-ce9052c81d4a@group-A7184706D343-StateMachineUpdater: snapshotIndex: updateIncreasingly 21 -> 24
2025-01-11 15:27:12,342 [fc60e07f-496f-42fe-ae82-620152583f87@group-A7184706D343-StateMachineUpdater] INFO  impl.StateMachineUpdater (StateMachineUpdater.java:takeSnapshot(303)) - fc60e07f-496f-42fe-ae82-620152583f87@group-A7184706D343-StateMachineUpdater: Took a snapshot at index 24
2025-01-11 15:27:12,343 [fc60e07f-496f-42fe-ae82-620152583f87@group-A7184706D343-StateMachineUpdater] INFO  impl.StateMachineUpdater (StateMachineUpdater.java:lambda$new$0(102)) - fc60e07f-496f-42fe-ae82-620152583f87@group-A7184706D343-StateMachineUpdater: snapshotIndex: updateIncreasingly 23 -> 24
2025-01-11 15:27:12,343 [fc60e07f-496f-42fe-ae82-620152583f87@group-A7184706D343-StateMachineUpdater] INFO  ratis.ContainerStateMachine (ContainerStateMachine.java:takeSnapshot(378)) - group-A7184706D343: Taking a snapshot at:(t:1, i:25) file /home/runner/work/ozone/ozone/hadoop-ozone/integration-test/target/test-dir/MiniOzoneClusterImpl-7d8e89df-ef81-4ba3-8c0c-8d2bb8f5309d/ozone-meta/datanode-5/ratis/8ef3bc64-5854-4584-910e-a7184706d343/sm/snapshot.1_25
2025-01-11 15:27:12,344 [fc60e07f-496f-42fe-ae82-620152583f87@group-A7184706D343-StateMachineUpdater] INFO  ratis.ContainerStateMachine (ContainerStateMachine.java:takeSnapshot(389)) - group-A7184706D343: Finished taking a snapshot at:(t:1, i:25) file:/home/runner/work/ozone/ozone/hadoop-ozone/integration-test/target/test-dir/MiniOzoneClusterImpl-7d8e89df-ef81-4ba3-8c0c-8d2bb8f5309d/ozone-meta/datanode-5/ratis/8ef3bc64-5854-4584-910e-a7184706d343/sm/snapshot.1_25 took: 1 ms
2025-01-11 15:27:12,344 [fc60e07f-496f-42fe-ae82-620152583f87@group-A7184706D343-StateMachineUpdater] INFO  impl.SimpleStateMachineStorage (SimpleStateMachineStorage.java:lambda$cleanupOldSnapshots$1(126)) - Deleting old snapshot at /home/runner/work/ozone/ozone/hadoop-ozone/integration-test/target/test-dir/MiniOzoneClusterImpl-7d8e89df-ef81-4ba3-8c0c-8d2bb8f5309d/ozone-meta/datanode-5/ratis/8ef3bc64-5854-4584-910e-a7184706d343/sm/snapshot.1_15
2025-01-11 15:27:12,344 [fc60e07f-496f-42fe-ae82-620152583f87@group-A7184706D343-StateMachineUpdater] INFO  impl.StateMachineUpdater (StateMachineUpdater.java:takeSnapshot(303)) - fc60e07f-496f-42fe-ae82-620152583f87@group-A7184706D343-StateMachineUpdater: Took a snapshot at index 25
2025-01-11 15:27:12,344 [fc60e07f-496f-42fe-ae82-620152583f87@group-A7184706D343-StateMachineUpdater] INFO  impl.StateMachineUpdater (StateMachineUpdater.java:lambda$new$0(102)) - fc60e07f-496f-42fe-ae82-620152583f87@group-A7184706D343-StateMachineUpdater: snapshotIndex: updateIncreasingly 24 -> 25
2025-01-11 15:27:13,341 [a14cd1ab-7861-42f9-8639-15260a7193f0-EndpointStateMachineTaskThread-/0.0.0.0:15002-0 ] INFO  utils.DatanodeStoreCache (DatanodeStoreCache.java:addDB(72)) - Added db /home/runner/work/ozone/ozone/hadoop-ozone/integration-test/target/test-dir/MiniOzoneClusterImpl-7d8e89df-ef81-4ba3-8c0c-8d2bb8f5309d/ozone-meta/datanode-4/data-0/hdds/7d8e89df-ef81-4ba3-8c0c-8d2bb8f5309d/DS-7cb477ef-e020-4792-bbc2-2c68b2646e21/container.db to cache
2025-01-11 15:27:13,341 [a14cd1ab-7861-42f9-8639-15260a7193f0-EndpointStateMachineTaskThread-/0.0.0.0:15002-0 ] INFO  volume.HddsVolume (HddsVolume.java:createDbStore(447)) - SchemaV3 db is created and loaded at /home/runner/work/ozone/ozone/hadoop-ozone/integration-test/target/test-dir/MiniOzoneClusterImpl-7d8e89df-ef81-4ba3-8c0c-8d2bb8f5309d/ozone-meta/datanode-4/data-0/hdds/7d8e89df-ef81-4ba3-8c0c-8d2bb8f5309d/DS-7cb477ef-e020-4792-bbc2-2c68b2646e21/container.db for volume DS-7cb477ef-e020-4792-bbc2-2c68b2646e21
2025-01-11 15:27:13,343 [a14cd1ab-7861-42f9-8639-15260a7193f0-ContainerReader-0] INFO  ozoneimpl.ContainerReader (ContainerReader.java:readVolume(148)) - Start to verify containers on volume /home/runner/work/ozone/ozone/hadoop-ozone/integration-test/target/test-dir/MiniOzoneClusterImpl-7d8e89df-ef81-4ba3-8c0c-8d2bb8f5309d/ozone-meta/datanode-4/data-0/hdds
2025-01-11 15:27:13,343 [a14cd1ab-7861-42f9-8639-15260a7193f0-ContainerReader-0] INFO  ozoneimpl.ContainerReader (ContainerReader.java:readVolume(178)) - Finish verifying containers on volume /home/runner/work/ozone/ozone/hadoop-ozone/integration-test/target/test-dir/MiniOzoneClusterImpl-7d8e89df-ef81-4ba3-8c0c-8d2bb8f5309d/ozone-meta/datanode-4/data-0/hdds
2025-01-11 15:27:13,344 [a14cd1ab-7861-42f9-8639-15260a7193f0-EndpointStateMachineTaskThread-/0.0.0.0:15002-0 ] WARN  impl.ContainerSet (ContainerSet.java:lambda$buildMissingContainerSetAndValidate$2(492)) - Adding container 4 to missing container set.
2025-01-11 15:27:13,344 [ForkJoinPool.commonPool-worker-3] WARN  impl.ContainerSet (ContainerSet.java:lambda$buildMissingContainerSetAndValidate$2(492)) - Adding container 1 to missing container set.
2025-01-11 15:27:13,344 [ForkJoinPool.commonPool-worker-3] WARN  impl.ContainerSet (ContainerSet.java:lambda$buildMissingContainerSetAndValidate$2(492)) - Adding container 3 to missing container set.
2025-01-11 15:27:13,344 [a14cd1ab-7861-42f9-8639-15260a7193f0-EndpointStateMachineTaskThread-/0.0.0.0:15002-0 ] WARN  impl.ContainerSet (ContainerSet.java:lambda$buildMissingContainerSetAndValidate$2(492)) - Adding container 5 to missing container set.
2025-01-11 15:27:13,344 [a14cd1ab-7861-42f9-8639-15260a7193f0-EndpointStateMachineTaskThread-/0.0.0.0:15002-0 ] INFO  ozoneimpl.OzoneContainer (OzoneContainer.java:buildContainerSet(359)) - Build ContainerSet costs 0s
2025-01-11 15:27:13,344 [a14cd1ab-7861-42f9-8639-15260a7193f0-EndpointStateMachineTaskThread-/0.0.0.0:15002-0 ] INFO  volume.ThrottledAsyncChecker (ThrottledAsyncChecker.java:schedule(141)) - Scheduling a check for /home/runner/work/ozone/ozone/hadoop-ozone/integration-test/target/test-dir/MiniOzoneClusterImpl-7d8e89df-ef81-4ba3-8c0c-8d2bb8f5309d/ozone-meta/datanode-4/data-0/hdds
2025-01-11 15:27:13,345 [a14cd1ab-7861-42f9-8639-15260a7193f0-EndpointStateMachineTaskThread-/0.0.0.0:15002-0 ] INFO  volume.StorageVolumeChecker (StorageVolumeChecker.java:checkAllVolumes(218)) - Scheduled health check for volume /home/runner/work/ozone/ozone/hadoop-ozone/integration-test/target/test-dir/MiniOzoneClusterImpl-7d8e89df-ef81-4ba3-8c0c-8d2bb8f5309d/ozone-meta/datanode-4/data-0/hdds
2025-01-11 15:27:13,346 [a14cd1ab-7861-42f9-8639-15260a7193f0-EndpointStateMachineTaskThread-/0.0.0.0:15002-0 ] INFO  volume.ThrottledAsyncChecker (ThrottledAsyncChecker.java:schedule(141)) - Scheduling a check for /home/runner/work/ozone/ozone/hadoop-ozone/integration-test/target/test-dir/MiniOzoneClusterImpl-7d8e89df-ef81-4ba3-8c0c-8d2bb8f5309d/ozone-meta/datanode-4/ratisd27174d0-35af-4999-b359-9a099c85422c
2025-01-11 15:27:13,346 [a14cd1ab-7861-42f9-8639-15260a7193f0-EndpointStateMachineTaskThread-/0.0.0.0:15002-0 ] INFO  volume.StorageVolumeChecker (StorageVolumeChecker.java:checkAllVolumes(218)) - Scheduled health check for volume /home/runner/work/ozone/ozone/hadoop-ozone/integration-test/target/test-dir/MiniOzoneClusterImpl-7d8e89df-ef81-4ba3-8c0c-8d2bb8f5309d/ozone-meta/datanode-4/ratisd27174d0-35af-4999-b359-9a099c85422c
2025-01-11 15:27:13,346 [a14cd1ab-7861-42f9-8639-15260a7193f0-EndpointStateMachineTaskThread-/0.0.0.0:15002-0 ] INFO  ozoneimpl.OzoneContainer (OzoneContainer.java:start(502)) - Attempting to start container services.
2025-01-11 15:27:13,347 [ContainerMetadataScanner] INFO  ozoneimpl.AbstractBackgroundContainerScanner (AbstractBackgroundContainerScanner.java:runIteration(87)) - Completed an iteration in 0 minutes. Number of iterations (since the data-node restart) : 1, Number of containers scanned in this iteration : 0, Number of unhealthy containers found in this iteration : 0
2025-01-11 15:27:13,348 [ContainerDataScanner(/home/runner/work/ozone/ozone/hadoop-ozone/integration-test/target/test-dir/MiniOzoneClusterImpl-7d8e89df-ef81-4ba3-8c0c-8d2bb8f5309d/ozone-meta/datanode-4/data-0/hdds)] INFO  ozoneimpl.AbstractBackgroundContainerScanner (AbstractBackgroundContainerScanner.java:runIteration(87)) - Completed an iteration in 0 minutes. Number of iterations (since the data-node restart) : 1, Number of containers scanned in this iteration : 0, Number of unhealthy containers found in this iteration : 0
2025-01-11 15:27:13,349 [a14cd1ab-7861-42f9-8639-15260a7193f0-EndpointStateMachineTaskThread-/0.0.0.0:15002-0 ] INFO  replication.ReplicationServer (ReplicationServer.java:start(139)) - ReplicationServer is started using port 15045
2025-01-11 15:27:13,350 [a14cd1ab-7861-42f9-8639-15260a7193f0-EndpointStateMachineTaskThread-/0.0.0.0:15002-0 ] INFO  ratis.XceiverServerRatis (XceiverServerRatis.java:start(561)) - Starting XceiverServerRatis(a14cd1ab-7861-42f9-8639-15260a7193f0)
2025-01-11 15:27:13,350 [a14cd1ab-7861-42f9-8639-15260a7193f0-impl-thread1] INFO  server.RaftServerConfigKeys (ConfUtils.java:logGet(46)) - raft.server.storage.free-space.min = 0MB (=0) (default)
2025-01-11 15:27:13,350 [a14cd1ab-7861-42f9-8639-15260a7193f0-impl-thread1] INFO  server.RaftServerConfigKeys (ConfUtils.java:logGet(46)) - raft.server.log.corruption.policy = EXCEPTION (default)
2025-01-11 15:27:13,350 [a14cd1ab-7861-42f9-8639-15260a7193f0-impl-thread1] INFO  server.RaftServerConfigKeys (ConfUtils.java:logGet(46)) - raft.server.storage.dir = [/home/runner/work/ozone/ozone/hadoop-ozone/integration-test/target/test-dir/MiniOzoneClusterImpl-7d8e89df-ef81-4ba3-8c0c-8d2bb8f5309d/ozone-meta/datanode-4/ratisd27174d0-35af-4999-b359-9a099c85422c] (custom)
2025-01-11 15:27:13,351 [a14cd1ab-7861-42f9-8639-15260a7193f0-impl-thread1] INFO  storage.RaftStorageDirectory (RaftStorageDirectoryImpl.java:tryLock(229)) - Lock on /home/runner/work/ozone/ozone/hadoop-ozone/integration-test/target/test-dir/MiniOzoneClusterImpl-7d8e89df-ef81-4ba3-8c0c-8d2bb8f5309d/ozone-meta/datanode-4/ratisd27174d0-35af-4999-b359-9a099c85422c/45cc3e2a-c500-4acc-a03a-a9cccc3d9481/in_use.lock acquired by nodename 65165@fv-az656-205
2025-01-11 15:27:13,352 [a14cd1ab-7861-42f9-8639-15260a7193f0-impl-thread1] INFO  storage.RaftStorage (RaftStorageImpl.java:analyzeAndRecoverStorage(118)) - Read RaftStorageMetadata{term=1, votedFor=4ba790b6-f5d5-4c4e-97f5-f1f66fb5d3d4} from /home/runner/work/ozone/ozone/hadoop-ozone/integration-test/target/test-dir/MiniOzoneClusterImpl-7d8e89df-ef81-4ba3-8c0c-8d2bb8f5309d/ozone-meta/datanode-4/ratisd27174d0-35af-4999-b359-9a099c85422c/45cc3e2a-c500-4acc-a03a-a9cccc3d9481/current/raft-meta
2025-01-11 15:27:13,352 [a14cd1ab-7861-42f9-8639-15260a7193f0-impl-thread1] INFO  server.RaftServer$Division (ServerState.java:setRaftConf(386)) - a14cd1ab-7861-42f9-8639-15260a7193f0@group-A9CCCC3D9481: set configuration conf: {index: 0, cur=peers:[4ba790b6-f5d5-4c4e-97f5-f1f66fb5d3d4|127.0.0.1:15043]|listeners:[], old=null}
2025-01-11 15:27:13,352 [a14cd1ab-7861-42f9-8639-15260a7193f0-impl-thread1] INFO  ratis.ContainerStateMachine (ContainerStateMachine.java:initialize(302)) - a14cd1ab-7861-42f9-8639-15260a7193f0: initialize group-A9CCCC3D9481
2025-01-11 15:27:13,352 [a14cd1ab-7861-42f9-8639-15260a7193f0-impl-thread1] INFO  ratis.ContainerStateMachine (ContainerStateMachine.java:loadSnapshot(319)) - group-A9CCCC3D9481: Setting the last applied index to (t:1, i:0)
2025-01-11 15:27:13,352 [a14cd1ab-7861-42f9-8639-15260a7193f0-impl-thread1] INFO  server.RaftServerConfigKeys (ConfUtils.java:logGet(46)) - raft.server.log.use.memory = false (default)
2025-01-11 15:27:13,353 [a14cd1ab-7861-42f9-8639-15260a7193f0-impl-thread1] INFO  server.RaftServerConfigKeys (ConfUtils.java:logGet(46)) - raft.server.log.purge.gap = 1000000 (custom)
2025-01-11 15:27:13,353 [a14cd1ab-7861-42f9-8639-15260a7193f0-impl-thread1] INFO  server.RaftServerConfigKeys (ConfUtils.java:logGet(46)) - raft.server.log.appender.buffer.byte-limit = 33554432 (custom)
2025-01-11 15:27:13,353 [a14cd1ab-7861-42f9-8639-15260a7193f0-impl-thread1] INFO  server.RaftServerConfigKeys (ConfUtils.java:logGet(46)) - raft.server.log.statemachine.data.read.timeout = 1000ms (default)
2025-01-11 15:27:13,353 [a14cd1ab-7861-42f9-8639-15260a7193f0-impl-thread1] INFO  server.RaftServerConfigKeys (ConfUtils.java:logGet(46)) - raft.server.log.purge.preservation.log.num = 0 (default)
2025-01-11 15:27:13,355 [a14cd1ab-7861-42f9-8639-15260a7193f0-impl-thread1] INFO  server.RaftServerConfigKeys (ConfUtils.java:logGet(46)) - raft.server.log.segment.size.max = 67108864 (custom)
2025-01-11 15:27:13,355 [a14cd1ab-7861-42f9-8639-15260a7193f0-impl-thread1] INFO  server.RaftServerConfigKeys (ConfUtils.java:logGet(46)) - raft.server.log.segment.cache.num.max = 2 (custom)
2025-01-11 15:27:13,355 [a14cd1ab-7861-42f9-8639-15260a7193f0-impl-thread1] INFO  server.RaftServerConfigKeys (ConfUtils.java:logGet(46)) - raft.server.log.segment.cache.size.max = 200MB (=209715200) (default)
2025-01-11 15:27:13,355 [a14cd1ab-7861-42f9-8639-15260a7193f0-impl-thread1] INFO  server.RaftServerConfigKeys (ConfUtils.java:logGet(46)) - raft.server.log.appender.buffer.byte-limit = 33554432 (custom)
2025-01-11 15:27:13,355 [a14cd1ab-7861-42f9-8639-15260a7193f0-impl-thread1] INFO  util.AwaitToRun (AwaitToRun.java:start(81)) - Thread[#2197,a14cd1ab-7861-42f9-8639-15260a7193f0@group-A9CCCC3D9481-cacheEviction-AwaitToRun,5,main] started
2025-01-11 15:27:13,356 [a14cd1ab-7861-42f9-8639-15260a7193f0-impl-thread1] INFO  segmented.SegmentedRaftLogWorker (SegmentedRaftLogWorker.java:<init>(188)) - new a14cd1ab-7861-42f9-8639-15260a7193f0@group-A9CCCC3D9481-SegmentedRaftLogWorker for RaftStorageImpl:Storage Directory /home/runner/work/ozone/ozone/hadoop-ozone/integration-test/target/test-dir/MiniOzoneClusterImpl-7d8e89df-ef81-4ba3-8c0c-8d2bb8f5309d/ozone-meta/datanode-4/ratisd27174d0-35af-4999-b359-9a099c85422c/45cc3e2a-c500-4acc-a03a-a9cccc3d9481
2025-01-11 15:27:13,356 [a14cd1ab-7861-42f9-8639-15260a7193f0-impl-thread1] INFO  server.RaftServerConfigKeys (ConfUtils.java:logGet(46)) - raft.server.log.queue.byte-limit = 4294967296 (custom)
2025-01-11 15:27:13,356 [a14cd1ab-7861-42f9-8639-15260a7193f0-impl-thread1] INFO  server.RaftServerConfigKeys (ConfUtils.java:logGet(46)) - raft.server.log.queue.element-limit = 1024 (custom)
2025-01-11 15:27:13,356 [a14cd1ab-7861-42f9-8639-15260a7193f0-impl-thread1] INFO  server.RaftServerConfigKeys (ConfUtils.java:logGet(46)) - raft.server.log.segment.size.max = 67108864 (custom)
2025-01-11 15:27:13,356 [a14cd1ab-7861-42f9-8639-15260a7193f0-impl-thread1] INFO  server.RaftServerConfigKeys (ConfUtils.java:logGet(46)) - raft.server.log.preallocated.size = 4194304 (custom)
2025-01-11 15:27:13,356 [a14cd1ab-7861-42f9-8639-15260a7193f0-impl-thread1] INFO  server.RaftServerConfigKeys (ConfUtils.java:logGet(46)) - raft.server.log.force.sync.num = 128 (default)
2025-01-11 15:27:13,356 [a14cd1ab-7861-42f9-8639-15260a7193f0-impl-thread1] INFO  server.RaftServerConfigKeys (ConfUtils.java:logGet(46)) - raft.server.log.statemachine.data.sync = true (default)
2025-01-11 15:27:13,356 [a14cd1ab-7861-42f9-8639-15260a7193f0-impl-thread1] INFO  server.RaftServerConfigKeys (ConfUtils.java:logGet(46)) - raft.server.log.statemachine.data.sync.timeout = 10s (default)
2025-01-11 15:27:13,356 [a14cd1ab-7861-42f9-8639-15260a7193f0-impl-thread1] INFO  server.RaftServerConfigKeys (ConfUtils.java:logGet(46)) - raft.server.log.statemachine.data.sync.timeout.retry = 30 (custom)
2025-01-11 15:27:13,356 [a14cd1ab-7861-42f9-8639-15260a7193f0-impl-thread1] INFO  server.RaftServerConfigKeys (ConfUtils.java:logGet(46)) - raft.server.log.write.buffer.size = 33554440 (custom)
2025-01-11 15:27:13,361 [a14cd1ab-7861-42f9-8639-15260a7193f0-impl-thread1] INFO  server.RaftServerConfigKeys (ConfUtils.java:logGet(46)) - raft.server.log.appender.buffer.byte-limit = 33554432 (custom)
2025-01-11 15:27:13,361 [a14cd1ab-7861-42f9-8639-15260a7193f0-impl-thread1] INFO  server.RaftServerConfigKeys (ConfUtils.java:logGet(46)) - raft.server.log.unsafe-flush.enabled = false (default)
2025-01-11 15:27:13,361 [a14cd1ab-7861-42f9-8639-15260a7193f0-impl-thread1] INFO  server.RaftServerConfigKeys (ConfUtils.java:logGet(46)) - raft.server.log.async-flush.enabled = false (default)
2025-01-11 15:27:13,361 [a14cd1ab-7861-42f9-8639-15260a7193f0-impl-thread1] INFO  server.RaftServerConfigKeys (ConfUtils.java:logGet(46)) - raft.server.log.statemachine.data.caching.enabled = true (custom)
2025-01-11 15:27:13,361 [a14cd1ab-7861-42f9-8639-15260a7193f0-impl-thread1] INFO  server.RaftServer$Division (ServerState.java:setRaftConf(386)) - a14cd1ab-7861-42f9-8639-15260a7193f0@group-A9CCCC3D9481: set configuration conf: {index: 0, cur=peers:[4ba790b6-f5d5-4c4e-97f5-f1f66fb5d3d4|127.0.0.1:15043]|listeners:[], old=null}
2025-01-11 15:27:13,362 [a14cd1ab-7861-42f9-8639-15260a7193f0-impl-thread1] INFO  segmented.LogSegment (LogSegment.java:loadSegment(171)) - Successfully read 1 entries from segment file /home/runner/work/ozone/ozone/hadoop-ozone/integration-test/target/test-dir/MiniOzoneClusterImpl-7d8e89df-ef81-4ba3-8c0c-8d2bb8f5309d/ozone-meta/datanode-4/ratisd27174d0-35af-4999-b359-9a099c85422c/45cc3e2a-c500-4acc-a03a-a9cccc3d9481/current/log_inprogress_0
2025-01-11 15:27:13,362 [a14cd1ab-7861-42f9-8639-15260a7193f0-impl-thread1] INFO  segmented.SegmentedRaftLogWorker (SegmentedRaftLogWorker.java:lambda$new$0(139)) - a14cd1ab-7861-42f9-8639-15260a7193f0@group-A9CCCC3D9481-SegmentedRaftLogWorker: safeCacheEvictIndex: setUnconditionally 0 -> -1
2025-01-11 15:27:13,362 [a14cd1ab-7861-42f9-8639-15260a7193f0-impl-thread1] INFO  segmented.BufferedWriteChannel (BufferedWriteChannel.java:open(61)) - open log_inprogress_0 (append) at position 129
2025-01-11 15:27:13,363 [a14cd1ab-7861-42f9-8639-15260a7193f0-impl-thread1] INFO  server.RaftServer$Division (RaftServerImpl.java:start(397)) - a14cd1ab-7861-42f9-8639-15260a7193f0@group-A9CCCC3D9481: start with initializing state, conf=conf: {index: 0, cur=peers:[4ba790b6-f5d5-4c4e-97f5-f1f66fb5d3d4|127.0.0.1:15043]|listeners:[], old=null}
2025-01-11 15:27:13,363 [a14cd1ab-7861-42f9-8639-15260a7193f0-impl-thread1] INFO  server.RaftServer$Division (RaftServerImpl.java:setRole(378)) - a14cd1ab-7861-42f9-8639-15260a7193f0@group-A9CCCC3D9481: changes role from      null to FOLLOWER at term 1 for start
2025-01-11 15:27:13,363 [a14cd1ab-7861-42f9-8639-15260a7193f0-impl-thread1] INFO  util.JmxRegister (JmxRegister.java:tryRegister(44)) - Successfully registered JMX Bean with object name Ratis:service=RaftServer,group=group-A9CCCC3D9481,id=a14cd1ab-7861-42f9-8639-15260a7193f0
2025-01-11 15:27:13,363 [a14cd1ab-7861-42f9-8639-15260a7193f0-impl-thread1] INFO  util.JmxRegister (JmxRegister.java:register(58)) - register mxBean class org.apache.ratis.server.impl.RaftServerJmxAdapter as Ratis:service=RaftServer,group=group-A9CCCC3D9481,id=a14cd1ab-7861-42f9-8639-15260a7193f0
2025-01-11 15:27:13,363 [a14cd1ab-7861-42f9-8639-15260a7193f0-impl-thread1] INFO  server.RaftServerConfigKeys (ConfUtils.java:logGet(46)) - raft.server.snapshot.trigger-when-stop.enabled = true (default)
2025-01-11 15:27:13,364 [a14cd1ab-7861-42f9-8639-15260a7193f0-impl-thread1] INFO  server.RaftServerConfigKeys (ConfUtils.java:logGet(46)) - raft.server.snapshot.trigger-when-remove.enabled = true (default)
2025-01-11 15:27:13,364 [a14cd1ab-7861-42f9-8639-15260a7193f0-impl-thread1] INFO  server.RaftServerConfigKeys (ConfUtils.java:logGet(46)) - raft.server.snapshot.auto.trigger.enabled = true (custom)
2025-01-11 15:27:13,364 [a14cd1ab-7861-42f9-8639-15260a7193f0-impl-thread1] INFO  server.RaftServerConfigKeys (ConfUtils.java:logGet(46)) - raft.server.snapshot.auto.trigger.threshold = 1 (custom)
2025-01-11 15:27:13,364 [a14cd1ab-7861-42f9-8639-15260a7193f0-impl-thread1] INFO  server.RaftServerConfigKeys (ConfUtils.java:logGet(46)) - raft.server.snapshot.retention.file.num = 5 (custom)
2025-01-11 15:27:13,364 [a14cd1ab-7861-42f9-8639-15260a7193f0-impl-thread1] INFO  server.RaftServerConfigKeys (ConfUtils.java:logGet(46)) - raft.server.log.purge.upto.snapshot.index = false (default)
2025-01-11 15:27:13,365 [a14cd1ab-7861-42f9-8639-15260a7193f0-impl-thread1] INFO  server.RaftServer$Division (RaftServerImpl.java:start(405)) - a14cd1ab-7861-42f9-8639-15260a7193f0@group-A9CCCC3D9481: Successfully started.
2025-01-11 15:27:13,365 [a14cd1ab-7861-42f9-8639-15260a7193f0-EndpointStateMachineTaskThread-/0.0.0.0:15002-0 ] INFO  server.RaftServer (RaftServerProxy.java:startImpl(407)) - a14cd1ab-7861-42f9-8639-15260a7193f0: start RPC server
2025-01-11 15:27:13,365 [a14cd1ab-7861-42f9-8639-15260a7193f0-EndpointStateMachineTaskThread-/0.0.0.0:15002-0 ] INFO  server.GrpcService (GrpcService.java:startImpl(334)) - a14cd1ab-7861-42f9-8639-15260a7193f0: GrpcService started, listening on 15041
2025-01-11 15:27:13,366 [a14cd1ab-7861-42f9-8639-15260a7193f0-EndpointStateMachineTaskThread-/0.0.0.0:15002-0 ] INFO  server.GrpcService (GrpcService.java:startImpl(334)) - a14cd1ab-7861-42f9-8639-15260a7193f0: GrpcService started, listening on 15043
2025-01-11 15:27:13,366 [a14cd1ab-7861-42f9-8639-15260a7193f0-EndpointStateMachineTaskThread-/0.0.0.0:15002-0 ] INFO  server.GrpcService (GrpcService.java:startImpl(334)) - a14cd1ab-7861-42f9-8639-15260a7193f0: GrpcService started, listening on 15042
2025-01-11 15:27:13,366 [a14cd1ab-7861-42f9-8639-15260a7193f0-EndpointStateMachineTaskThread-/0.0.0.0:15002-0 ] INFO  ratis.XceiverServerRatis (XceiverServerRatis.java:getRealPort(588)) - XceiverServerRatis(a14cd1ab-7861-42f9-8639-15260a7193f0) is started using port RATIS=15041
2025-01-11 15:27:13,366 [JvmPauseMonitor15] INFO  util.JvmPauseMonitor (JvmPauseMonitor.java:run(146)) - JvmPauseMonitor-a14cd1ab-7861-42f9-8639-15260a7193f0: Started
2025-01-11 15:27:13,367 [a14cd1ab-7861-42f9-8639-15260a7193f0-EndpointStateMachineTaskThread-/0.0.0.0:15002-0 ] INFO  ratis.XceiverServerRatis (XceiverServerRatis.java:getRealPort(588)) - XceiverServerRatis(a14cd1ab-7861-42f9-8639-15260a7193f0) is started using port RATIS_ADMIN=15042
2025-01-11 15:27:13,367 [a14cd1ab-7861-42f9-8639-15260a7193f0-EndpointStateMachineTaskThread-/0.0.0.0:15002-0 ] INFO  ratis.XceiverServerRatis (XceiverServerRatis.java:getRealPort(588)) - XceiverServerRatis(a14cd1ab-7861-42f9-8639-15260a7193f0) is started using port RATIS_SERVER=15043
2025-01-11 15:27:13,367 [a14cd1ab-7861-42f9-8639-15260a7193f0-EndpointStateMachineTaskThread-/0.0.0.0:15002-0 ] INFO  ratis.XceiverServerRatis (XceiverServerRatis.java:getRealPort(588)) - XceiverServerRatis(a14cd1ab-7861-42f9-8639-15260a7193f0) is started using port RATIS_DATASTREAM=15044
2025-01-11 15:27:13,368 [a14cd1ab-7861-42f9-8639-15260a7193f0-BlockDeletingService#0] INFO  interfaces.ContainerDeletionChoosingPolicyTemplate (ContainerDeletionChoosingPolicyTemplate.java:chooseContainerForBlockDeletion(85)) - Chosen 0/5000 blocks from 0 candidate containers.
2025-01-11 15:27:13,566 [timer7] WARN  server.GrpcLogAppender (GrpcLogAppender.java:lambda$resetClient$1(221)) - fc60e07f-496f-42fe-ae82-620152583f87@group-A7184706D343->4ba790b6-f5d5-4c4e-97f5-f1f66fb5d3d4-GrpcLogAppender: Follower failed (request=null, errorCount=44); keep nextIndex (14) unchanged and retry. (Repeated 6 times in the last 5.000s)
2025-01-11 15:27:13,566 [timer6] WARN  server.GrpcLogAppender (LogUtils.java:warn(121)) - fc60e07f-496f-42fe-ae82-620152583f87@group-A7184706D343->4ba790b6-f5d5-4c4e-97f5-f1f66fb5d3d4-AppendLogResponseHandler: Failed appendEntries (Repeated 18 times in the last 5.000s): org.apache.ratis.thirdparty.io.grpc.StatusRuntimeException: UNAVAILABLE: io exception
2025-01-11 15:27:13,567 [timer1] WARN  server.GrpcLogAppender (GrpcLogAppender.java:lambda$resetClient$1(221)) - 84b435bb-d41b-4758-bf48-ce9052c81d4a@group-B0CD692FEFE8->4ba790b6-f5d5-4c4e-97f5-f1f66fb5d3d4-GrpcLogAppender: Follower failed (request=null, errorCount=54); keep nextIndex (1) unchanged and retry. (Repeated 11 times in the last 5.000s)
2025-01-11 15:27:13,567 [timer0] WARN  server.GrpcLogAppender (LogUtils.java:warn(121)) - 84b435bb-d41b-4758-bf48-ce9052c81d4a@group-B0CD692FEFE8->4ba790b6-f5d5-4c4e-97f5-f1f66fb5d3d4-AppendLogResponseHandler: Failed appendEntries (Repeated 11 times in the last 5.001s): org.apache.ratis.thirdparty.io.grpc.StatusRuntimeException: UNAVAILABLE: io exception
2025-01-11 15:27:14,843 [84b435bb-d41b-4758-bf48-ce9052c81d4a@group-A7184706D343-StateMachineUpdater] INFO  ratis.ContainerStateMachine (ContainerStateMachine.java:takeSnapshot(378)) - group-A7184706D343: Taking a snapshot at:(t:1, i:25) file /home/runner/work/ozone/ozone/hadoop-ozone/integration-test/target/test-dir/MiniOzoneClusterImpl-7d8e89df-ef81-4ba3-8c0c-8d2bb8f5309d/ozone-meta/datanode-6/ratis/8ef3bc64-5854-4584-910e-a7184706d343/sm/snapshot.1_25
2025-01-11 15:27:14,844 [grpc-default-executor-11] WARN  server.GrpcLogAppender (LogUtils.java:warn(121)) - fc60e07f-496f-42fe-ae82-620152583f87@group-A7184706D343->4ba790b6-f5d5-4c4e-97f5-f1f66fb5d3d4-AppendLogResponseHandler: Failed appendEntries: org.apache.ratis.thirdparty.io.grpc.StatusRuntimeException: UNAVAILABLE: io exception
2025-01-11 15:27:14,845 [84b435bb-d41b-4758-bf48-ce9052c81d4a@group-A7184706D343-StateMachineUpdater] INFO  ratis.ContainerStateMachine (ContainerStateMachine.java:takeSnapshot(389)) - group-A7184706D343: Finished taking a snapshot at:(t:1, i:25) file:/home/runner/work/ozone/ozone/hadoop-ozone/integration-test/target/test-dir/MiniOzoneClusterImpl-7d8e89df-ef81-4ba3-8c0c-8d2bb8f5309d/ozone-meta/datanode-6/ratis/8ef3bc64-5854-4584-910e-a7184706d343/sm/snapshot.1_25 took: 2 ms
2025-01-11 15:27:14,845 [84b435bb-d41b-4758-bf48-ce9052c81d4a@group-A7184706D343-StateMachineUpdater] INFO  impl.SimpleStateMachineStorage (SimpleStateMachineStorage.java:lambda$cleanupOldSnapshots$1(126)) - Deleting old snapshot at /home/runner/work/ozone/ozone/hadoop-ozone/integration-test/target/test-dir/MiniOzoneClusterImpl-7d8e89df-ef81-4ba3-8c0c-8d2bb8f5309d/ozone-meta/datanode-6/ratis/8ef3bc64-5854-4584-910e-a7184706d343/sm/snapshot.1_13
2025-01-11 15:27:14,846 [84b435bb-d41b-4758-bf48-ce9052c81d4a@group-A7184706D343-StateMachineUpdater] INFO  impl.StateMachineUpdater (StateMachineUpdater.java:takeSnapshot(303)) - 84b435bb-d41b-4758-bf48-ce9052c81d4a@group-A7184706D343-StateMachineUpdater: Took a snapshot at index 25
2025-01-11 15:27:14,846 [84b435bb-d41b-4758-bf48-ce9052c81d4a@group-A7184706D343-StateMachineUpdater] INFO  impl.StateMachineUpdater (StateMachineUpdater.java:lambda$new$0(102)) - 84b435bb-d41b-4758-bf48-ce9052c81d4a@group-A7184706D343-StateMachineUpdater: snapshotIndex: updateIncreasingly 24 -> 25
2025-01-11 15:27:15,354 [IPC Server handler 68 on default port 15002] INFO  net.NetworkTopologyImpl (NetworkTopologyImpl.java:add(134)) - Added a new node: /default-rack/a14cd1ab-7861-42f9-8639-15260a7193f0
2025-01-11 15:27:15,354 [IPC Server handler 68 on default port 15002] INFO  node.SCMNodeManager (SCMNodeManager.java:register(424)) - Registered datanode: a14cd1ab-7861-42f9-8639-15260a7193f0{ip: 127.0.0.1, host: localhost, ports: [HTTP=15038, CLIENT_RPC=15039, REPLICATION=15045, RATIS=15041, RATIS_ADMIN=15042, RATIS_SERVER=15043, RATIS_DATASTREAM=15044, STANDALONE=15040], networkLocation: /default-rack, certSerialId: null, persistedOpState: null, persistedOpStateExpiryEpochSec: 0}
2025-01-11 15:27:15,355 [EventQueue-NewNodeForNewNodeHandler] INFO  pipeline.BackgroundPipelineCreator (BackgroundPipelineCreator.java:notifyEventTriggered(280)) - trigger a one-shot run on RatisPipelineUtilsThread.
2025-01-11 15:27:15,355 [RatisPipelineUtilsThread-0] INFO  pipeline.RatisPipelineProvider (RatisPipelineProvider.java:lambda$create$0(205)) - Sending CreatePipelineCommand for pipeline:PipelineID=6b0e9990-273b-424c-8773-d14c45472cda to datanode:a14cd1ab-7861-42f9-8639-15260a7193f0
2025-01-11 15:27:15,356 [EventQueue-PipelineReportForPipelineReportHandler] ERROR pipeline.PipelineReportHandler (PipelineReportHandler.java:onMessage(101)) - Could not process pipeline report=pipelineID {
  id: "45cc3e2a-c500-4acc-a03a-a9cccc3d9481"
  uuid128 {
    mostSigBits: 5029463237280680652
    leastSigBits: -6901016781926853503
  }
}
isLeader: false
bytesWritten: 0
 from dn=a14cd1ab-7861-42f9-8639-15260a7193f0(localhost/127.0.0.1).
java.io.IOException: Datanode=a14cd1ab-7861-42f9-8639-15260a7193f0(localhost/127.0.0.1) not part of pipeline=PipelineID=45cc3e2a-c500-4acc-a03a-a9cccc3d9481
	at org.apache.hadoop.hdds.scm.pipeline.Pipeline.reportDatanode(Pipeline.java:339)
	at org.apache.hadoop.hdds.scm.pipeline.PipelineReportHandler.setReportedDatanode(PipelineReportHandler.java:160)
	at org.apache.hadoop.hdds.scm.pipeline.PipelineReportHandler.processPipelineReport(PipelineReportHandler.java:135)
	at org.apache.hadoop.hdds.scm.pipeline.PipelineReportHandler.onMessage(PipelineReportHandler.java:94)
	at org.apache.hadoop.hdds.scm.pipeline.PipelineReportHandler.onMessage(PipelineReportHandler.java:53)
	at org.apache.hadoop.hdds.server.events.SingleThreadExecutor.lambda$onMessage$1(SingleThreadExecutor.java:86)
	at java.base/java.util.concurrent.ThreadPoolExecutor.runWorker(ThreadPoolExecutor.java:1144)
	at java.base/java.util.concurrent.ThreadPoolExecutor$Worker.run(ThreadPoolExecutor.java:642)
	at java.base/java.lang.Thread.run(Thread.java:1583)
2025-01-11 15:27:15,357 [RatisPipelineUtilsThread-0] INFO  pipeline.BackgroundPipelineCreator (BackgroundPipelineCreator.java:createPipelines(236)) - Created new pipeline Pipeline[ Id: 6b0e9990-273b-424c-8773-d14c45472cda, Nodes: a14cd1ab-7861-42f9-8639-15260a7193f0(localhost/127.0.0.1) ReplicaIndex: 0, ReplicationConfig: RATIS/ONE, State:ALLOCATED, leaderId:, CreationTimestamp2025-01-11T15:27:15.355596608Z[Etc/UTC]]
2025-01-11 15:27:15,358 [RatisPipelineUtilsThread-0] INFO  pipeline.RatisPipelineProvider (RatisPipelineProvider.java:lambda$create$0(205)) - Sending CreatePipelineCommand for pipeline:PipelineID=0893ea06-592c-4c5c-b987-deecd8b278ef to datanode:ac5cad44-c19c-4f65-867f-c0009d6f555c
2025-01-11 15:27:15,358 [RatisPipelineUtilsThread-0] INFO  pipeline.RatisPipelineProvider (RatisPipelineProvider.java:lambda$create$0(205)) - Sending CreatePipelineCommand for pipeline:PipelineID=0893ea06-592c-4c5c-b987-deecd8b278ef to datanode:a14cd1ab-7861-42f9-8639-15260a7193f0
2025-01-11 15:27:15,358 [RatisPipelineUtilsThread-0] INFO  pipeline.RatisPipelineProvider (RatisPipelineProvider.java:lambda$create$0(205)) - Sending CreatePipelineCommand for pipeline:PipelineID=0893ea06-592c-4c5c-b987-deecd8b278ef to datanode:91d0dafb-6cb7-42e5-b129-660fdc1902ba
2025-01-11 15:27:15,360 [RatisPipelineUtilsThread-0] INFO  pipeline.BackgroundPipelineCreator (BackgroundPipelineCreator.java:createPipelines(236)) - Created new pipeline Pipeline[ Id: 0893ea06-592c-4c5c-b987-deecd8b278ef, Nodes: ac5cad44-c19c-4f65-867f-c0009d6f555c(localhost/127.0.0.1) ReplicaIndex: 0a14cd1ab-7861-42f9-8639-15260a7193f0(localhost/127.0.0.1) ReplicaIndex: 091d0dafb-6cb7-42e5-b129-660fdc1902ba(localhost/127.0.0.1) ReplicaIndex: 0, ReplicationConfig: RATIS/THREE, State:ALLOCATED, leaderId:, CreationTimestamp2025-01-11T15:27:15.358439294Z[Etc/UTC]]
2025-01-11 15:27:15,715 [91d0dafb-6cb7-42e5-b129-660fdc1902ba-PipelineCommandHandlerThread-0] INFO  server.RaftServer (RaftServerProxy.java:addNew(100)) - 91d0dafb-6cb7-42e5-b129-660fdc1902ba: addNew group-DEECD8B278EF:[91d0dafb-6cb7-42e5-b129-660fdc1902ba|127.0.0.1:15097, ac5cad44-c19c-4f65-867f-c0009d6f555c|127.0.0.1:15016, a14cd1ab-7861-42f9-8639-15260a7193f0|127.0.0.1:15043] returns group-DEECD8B278EF:java.util.concurrent.CompletableFuture@48baf6a5[Not completed]
2025-01-11 15:27:15,716 [91d0dafb-6cb7-42e5-b129-660fdc1902ba-groupManagement] INFO  server.RaftServer$Division (RaftServerImpl.java:<init>(255)) - 91d0dafb-6cb7-42e5-b129-660fdc1902ba: new RaftServerImpl for group-DEECD8B278EF:[91d0dafb-6cb7-42e5-b129-660fdc1902ba|127.0.0.1:15097, ac5cad44-c19c-4f65-867f-c0009d6f555c|127.0.0.1:15016, a14cd1ab-7861-42f9-8639-15260a7193f0|127.0.0.1:15043] with ContainerStateMachine:uninitialized
2025-01-11 15:27:15,716 [91d0dafb-6cb7-42e5-b129-660fdc1902ba-groupManagement] INFO  server.RaftServerConfigKeys (ConfUtils.java:logGet(46)) - raft.server.rpc.timeout.min = 5s (custom)
2025-01-11 15:27:15,716 [91d0dafb-6cb7-42e5-b129-660fdc1902ba-groupManagement] INFO  server.RaftServerConfigKeys (ConfUtils.java:logGet(46)) - raft.server.rpc.timeout.max = 5200ms (custom)
2025-01-11 15:27:15,716 [91d0dafb-6cb7-42e5-b129-660fdc1902ba-groupManagement] INFO  server.RaftServerConfigKeys (ConfUtils.java:logGet(46)) - raft.server.rpc.sleep.time = 25ms (default)
2025-01-11 15:27:15,716 [91d0dafb-6cb7-42e5-b129-660fdc1902ba-groupManagement] INFO  server.RaftServerConfigKeys (ConfUtils.java:logGet(46)) - raft.server.rpc.slowness.timeout = 300000ms (custom)
2025-01-11 15:27:15,717 [91d0dafb-6cb7-42e5-b129-660fdc1902ba-groupManagement] INFO  server.RaftServerConfigKeys (ConfUtils.java:logGet(46)) - raft.server.leaderelection.leader.step-down.wait-time = 10s (default)
2025-01-11 15:27:15,717 [91d0dafb-6cb7-42e5-b129-660fdc1902ba-groupManagement] INFO  server.RaftServerConfigKeys (ConfUtils.java:logGet(46)) - raft.server.leaderelection.member.majority-add = false (default)
2025-01-11 15:27:15,717 [91d0dafb-6cb7-42e5-b129-660fdc1902ba-groupManagement] INFO  server.RaftServerConfigKeys (ConfUtils.java:logGet(46)) - raft.server.sleep.deviation.threshold = 300ms (default)
2025-01-11 15:27:15,717 [91d0dafb-6cb7-42e5-b129-660fdc1902ba-groupManagement] INFO  server.RaftServer$Division (ServerState.java:<init>(114)) - 91d0dafb-6cb7-42e5-b129-660fdc1902ba@group-DEECD8B278EF: ConfigurationManager, init=conf: {index: -1, cur=peers:[91d0dafb-6cb7-42e5-b129-660fdc1902ba|127.0.0.1:15097, ac5cad44-c19c-4f65-867f-c0009d6f555c|127.0.0.1:15016, a14cd1ab-7861-42f9-8639-15260a7193f0|127.0.0.1:15043]|listeners:[], old=null}, confs=<EMPTY_MAP>
2025-01-11 15:27:15,717 [91d0dafb-6cb7-42e5-b129-660fdc1902ba-groupManagement] INFO  server.RaftServerConfigKeys (ConfUtils.java:logGet(46)) - raft.server.notification.no-leader.timeout = 300000ms (custom)
2025-01-11 15:27:15,717 [91d0dafb-6cb7-42e5-b129-660fdc1902ba-groupManagement] INFO  server.RaftServerConfigKeys (ConfUtils.java:logGet(46)) - raft.server.read.timeout = 10s (default)
2025-01-11 15:27:15,717 [91d0dafb-6cb7-42e5-b129-660fdc1902ba-groupManagement] INFO  server.RaftServerConfigKeys (ConfUtils.java:logGet(46)) - raft.server.retrycache.expirytime = 600000ms (custom)
2025-01-11 15:27:15,717 [91d0dafb-6cb7-42e5-b129-660fdc1902ba-groupManagement] INFO  server.RaftServerConfigKeys (ConfUtils.java:logGet(46)) - raft.server.retrycache.statistics.expirytime = 100ms (default)
2025-01-11 15:27:15,717 [91d0dafb-6cb7-42e5-b129-660fdc1902ba-groupManagement] INFO  server.RaftServerConfigKeys (ConfUtils.java:logGet(46)) - raft.server.read.option = DEFAULT (default)
2025-01-11 15:27:15,717 [91d0dafb-6cb7-42e5-b129-660fdc1902ba-groupManagement] INFO  server.RaftServerConfigKeys (ConfUtils.java:logGet(46)) - raft.server.read.read-after-write-consistent.write-index-cache.expiry-time = 60s (default)
2025-01-11 15:27:15,720 [91d0dafb-6cb7-42e5-b129-660fdc1902ba-groupManagement] INFO  server.RaftServerConfigKeys (ConfUtils.java:logGet(46)) - raft.server.rpc.request.timeout = 3000ms (default)
2025-01-11 15:27:15,721 [91d0dafb-6cb7-42e5-b129-660fdc1902ba-groupManagement] INFO  server.RaftServerConfigKeys (ConfUtils.java:logGet(46)) - raft.server.log.appender.install.snapshot.enabled = false (custom)
2025-01-11 15:27:15,721 [91d0dafb-6cb7-42e5-b129-660fdc1902ba-groupManagement] INFO  server.RaftServerConfigKeys (ConfUtils.java:logGet(46)) - raft.server.threadpool.server.cached = true (default)
2025-01-11 15:27:15,721 [91d0dafb-6cb7-42e5-b129-660fdc1902ba-groupManagement] INFO  server.RaftServerConfigKeys (ConfUtils.java:logGet(46)) - raft.server.threadpool.server.size = 0 (default)
2025-01-11 15:27:15,721 [91d0dafb-6cb7-42e5-b129-660fdc1902ba-groupManagement] INFO  server.RaftServerConfigKeys (ConfUtils.java:logGet(46)) - raft.server.threadpool.client.cached = true (default)
2025-01-11 15:27:15,721 [91d0dafb-6cb7-42e5-b129-660fdc1902ba-groupManagement] INFO  server.RaftServerConfigKeys (ConfUtils.java:logGet(46)) - raft.server.threadpool.client.size = 0 (default)
2025-01-11 15:27:15,721 [91d0dafb-6cb7-42e5-b129-660fdc1902ba-groupManagement] INFO  server.RaftServerConfigKeys (ConfUtils.java:logGet(46)) - raft.server.storage.free-space.min = 0MB (=0) (default)
2025-01-11 15:27:15,721 [91d0dafb-6cb7-42e5-b129-660fdc1902ba-groupManagement] INFO  server.RaftServerConfigKeys (ConfUtils.java:logGet(46)) - raft.server.log.corruption.policy = EXCEPTION (default)
2025-01-11 15:27:15,721 [91d0dafb-6cb7-42e5-b129-660fdc1902ba-groupManagement] INFO  server.RaftServerConfigKeys (ConfUtils.java:logGet(46)) - raft.server.storage.dir = [/home/runner/work/ozone/ozone/hadoop-ozone/integration-test/target/test-dir/MiniOzoneClusterImpl-7d8e89df-ef81-4ba3-8c0c-8d2bb8f5309d/ozone-meta/datanode-10/ratis] (custom)
2025-01-11 15:27:15,721 [91d0dafb-6cb7-42e5-b129-660fdc1902ba-groupManagement] INFO  storage.RaftStorageDirectory (RaftStorageDirectoryImpl.java:analyzeStorage(138)) - The storage directory /home/runner/work/ozone/ozone/hadoop-ozone/integration-test/target/test-dir/MiniOzoneClusterImpl-7d8e89df-ef81-4ba3-8c0c-8d2bb8f5309d/ozone-meta/datanode-10/ratis/0893ea06-592c-4c5c-b987-deecd8b278ef does not exist. Creating ...
2025-01-11 15:27:15,722 [91d0dafb-6cb7-42e5-b129-660fdc1902ba-groupManagement] INFO  storage.RaftStorageDirectory (RaftStorageDirectoryImpl.java:tryLock(229)) - Lock on /home/runner/work/ozone/ozone/hadoop-ozone/integration-test/target/test-dir/MiniOzoneClusterImpl-7d8e89df-ef81-4ba3-8c0c-8d2bb8f5309d/ozone-meta/datanode-10/ratis/0893ea06-592c-4c5c-b987-deecd8b278ef/in_use.lock acquired by nodename 65165@fv-az656-205
2025-01-11 15:27:15,723 [91d0dafb-6cb7-42e5-b129-660fdc1902ba-groupManagement] INFO  storage.RaftStorage (RaftStorageImpl.java:format(98)) - Storage directory /home/runner/work/ozone/ozone/hadoop-ozone/integration-test/target/test-dir/MiniOzoneClusterImpl-7d8e89df-ef81-4ba3-8c0c-8d2bb8f5309d/ozone-meta/datanode-10/ratis/0893ea06-592c-4c5c-b987-deecd8b278ef has been successfully formatted.
2025-01-11 15:27:15,723 [91d0dafb-6cb7-42e5-b129-660fdc1902ba-groupManagement] INFO  ratis.ContainerStateMachine (ContainerStateMachine.java:initialize(302)) - 91d0dafb-6cb7-42e5-b129-660fdc1902ba: initialize group-DEECD8B278EF
2025-01-11 15:27:15,723 [91d0dafb-6cb7-42e5-b129-660fdc1902ba-groupManagement] INFO  ratis.ContainerStateMachine (ContainerStateMachine.java:loadSnapshot(310)) - group-DEECD8B278EF: The snapshot info is null. Setting the last applied index to:(t:0, i:~)
2025-01-11 15:27:15,724 [91d0dafb-6cb7-42e5-b129-660fdc1902ba-groupManagement] INFO  server.RaftServerConfigKeys (ConfUtils.java:logGet(46)) - raft.server.log.use.memory = false (default)
2025-01-11 15:27:15,724 [91d0dafb-6cb7-42e5-b129-660fdc1902ba-groupManagement] INFO  server.RaftServerConfigKeys (ConfUtils.java:logGet(46)) - raft.server.log.purge.gap = 1000000 (custom)
2025-01-11 15:27:15,724 [91d0dafb-6cb7-42e5-b129-660fdc1902ba-groupManagement] INFO  server.RaftServerConfigKeys (ConfUtils.java:logGet(46)) - raft.server.log.appender.buffer.byte-limit = 33554432 (custom)
2025-01-11 15:27:15,724 [91d0dafb-6cb7-42e5-b129-660fdc1902ba-groupManagement] INFO  server.RaftServerConfigKeys (ConfUtils.java:logGet(46)) - raft.server.log.statemachine.data.read.timeout = 1000ms (default)
2025-01-11 15:27:15,724 [91d0dafb-6cb7-42e5-b129-660fdc1902ba-groupManagement] INFO  server.RaftServerConfigKeys (ConfUtils.java:logGet(46)) - raft.server.log.purge.preservation.log.num = 0 (default)
2025-01-11 15:27:15,725 [91d0dafb-6cb7-42e5-b129-660fdc1902ba-groupManagement] INFO  server.RaftServerConfigKeys (ConfUtils.java:logGet(46)) - raft.server.log.segment.size.max = 67108864 (custom)
2025-01-11 15:27:15,726 [91d0dafb-6cb7-42e5-b129-660fdc1902ba-groupManagement] INFO  server.RaftServerConfigKeys (ConfUtils.java:logGet(46)) - raft.server.log.segment.cache.num.max = 2 (custom)
2025-01-11 15:27:15,726 [91d0dafb-6cb7-42e5-b129-660fdc1902ba-groupManagement] INFO  server.RaftServerConfigKeys (ConfUtils.java:logGet(46)) - raft.server.log.segment.cache.size.max = 200MB (=209715200) (default)
2025-01-11 15:27:15,726 [91d0dafb-6cb7-42e5-b129-660fdc1902ba-groupManagement] INFO  server.RaftServerConfigKeys (ConfUtils.java:logGet(46)) - raft.server.log.appender.buffer.byte-limit = 33554432 (custom)
2025-01-11 15:27:15,726 [91d0dafb-6cb7-42e5-b129-660fdc1902ba-groupManagement] INFO  util.AwaitToRun (AwaitToRun.java:start(81)) - Thread[#2206,91d0dafb-6cb7-42e5-b129-660fdc1902ba@group-DEECD8B278EF-cacheEviction-AwaitToRun,5,main] started
2025-01-11 15:27:15,726 [91d0dafb-6cb7-42e5-b129-660fdc1902ba-groupManagement] INFO  segmented.SegmentedRaftLogWorker (SegmentedRaftLogWorker.java:<init>(188)) - new 91d0dafb-6cb7-42e5-b129-660fdc1902ba@group-DEECD8B278EF-SegmentedRaftLogWorker for RaftStorageImpl:Storage Directory /home/runner/work/ozone/ozone/hadoop-ozone/integration-test/target/test-dir/MiniOzoneClusterImpl-7d8e89df-ef81-4ba3-8c0c-8d2bb8f5309d/ozone-meta/datanode-10/ratis/0893ea06-592c-4c5c-b987-deecd8b278ef
2025-01-11 15:27:15,726 [91d0dafb-6cb7-42e5-b129-660fdc1902ba-groupManagement] INFO  server.RaftServerConfigKeys (ConfUtils.java:logGet(46)) - raft.server.log.queue.byte-limit = 4294967296 (custom)
2025-01-11 15:27:15,726 [91d0dafb-6cb7-42e5-b129-660fdc1902ba-groupManagement] INFO  server.RaftServerConfigKeys (ConfUtils.java:logGet(46)) - raft.server.log.queue.element-limit = 1024 (custom)
2025-01-11 15:27:15,726 [91d0dafb-6cb7-42e5-b129-660fdc1902ba-groupManagement] INFO  server.RaftServerConfigKeys (ConfUtils.java:logGet(46)) - raft.server.log.segment.size.max = 67108864 (custom)
2025-01-11 15:27:15,726 [91d0dafb-6cb7-42e5-b129-660fdc1902ba-groupManagement] INFO  server.RaftServerConfigKeys (ConfUtils.java:logGet(46)) - raft.server.log.preallocated.size = 4194304 (custom)
2025-01-11 15:27:15,726 [91d0dafb-6cb7-42e5-b129-660fdc1902ba-groupManagement] INFO  server.RaftServerConfigKeys (ConfUtils.java:logGet(46)) - raft.server.log.force.sync.num = 128 (default)
2025-01-11 15:27:15,727 [91d0dafb-6cb7-42e5-b129-660fdc1902ba-groupManagement] INFO  server.RaftServerConfigKeys (ConfUtils.java:logGet(46)) - raft.server.log.statemachine.data.sync = true (default)
2025-01-11 15:27:15,727 [91d0dafb-6cb7-42e5-b129-660fdc1902ba-groupManagement] INFO  server.RaftServerConfigKeys (ConfUtils.java:logGet(46)) - raft.server.log.statemachine.data.sync.timeout = 10s (default)
2025-01-11 15:27:15,727 [91d0dafb-6cb7-42e5-b129-660fdc1902ba-groupManagement] INFO  server.RaftServerConfigKeys (ConfUtils.java:logGet(46)) - raft.server.log.statemachine.data.sync.timeout.retry = 30 (custom)
2025-01-11 15:27:15,727 [91d0dafb-6cb7-42e5-b129-660fdc1902ba-groupManagement] INFO  server.RaftServerConfigKeys (ConfUtils.java:logGet(46)) - raft.server.log.write.buffer.size = 33554440 (custom)
2025-01-11 15:27:15,731 [91d0dafb-6cb7-42e5-b129-660fdc1902ba-groupManagement] INFO  server.RaftServerConfigKeys (ConfUtils.java:logGet(46)) - raft.server.log.appender.buffer.byte-limit = 33554432 (custom)
2025-01-11 15:27:15,731 [91d0dafb-6cb7-42e5-b129-660fdc1902ba-groupManagement] INFO  server.RaftServerConfigKeys (ConfUtils.java:logGet(46)) - raft.server.log.unsafe-flush.enabled = false (default)
2025-01-11 15:27:15,732 [91d0dafb-6cb7-42e5-b129-660fdc1902ba-groupManagement] INFO  server.RaftServerConfigKeys (ConfUtils.java:logGet(46)) - raft.server.log.async-flush.enabled = false (default)
2025-01-11 15:27:15,732 [91d0dafb-6cb7-42e5-b129-660fdc1902ba-groupManagement] INFO  server.RaftServerConfigKeys (ConfUtils.java:logGet(46)) - raft.server.log.statemachine.data.caching.enabled = true (custom)
2025-01-11 15:27:15,732 [91d0dafb-6cb7-42e5-b129-660fdc1902ba-groupManagement] INFO  segmented.SegmentedRaftLogWorker (SegmentedRaftLogWorker.java:lambda$new$0(139)) - 91d0dafb-6cb7-42e5-b129-660fdc1902ba@group-DEECD8B278EF-SegmentedRaftLogWorker: flushIndex: setUnconditionally 0 -> -1
2025-01-11 15:27:15,732 [91d0dafb-6cb7-42e5-b129-660fdc1902ba-groupManagement] INFO  segmented.SegmentedRaftLogWorker (SegmentedRaftLogWorker.java:lambda$new$0(139)) - 91d0dafb-6cb7-42e5-b129-660fdc1902ba@group-DEECD8B278EF-SegmentedRaftLogWorker: safeCacheEvictIndex: setUnconditionally 0 -> -1
2025-01-11 15:27:15,732 [91d0dafb-6cb7-42e5-b129-660fdc1902ba-groupManagement] INFO  server.RaftServer$Division (RaftServerImpl.java:start(391)) - 91d0dafb-6cb7-42e5-b129-660fdc1902ba@group-DEECD8B278EF: start as a follower, conf=conf: {index: -1, cur=peers:[91d0dafb-6cb7-42e5-b129-660fdc1902ba|127.0.0.1:15097, ac5cad44-c19c-4f65-867f-c0009d6f555c|127.0.0.1:15016, a14cd1ab-7861-42f9-8639-15260a7193f0|127.0.0.1:15043]|listeners:[], old=null}
2025-01-11 15:27:15,732 [91d0dafb-6cb7-42e5-b129-660fdc1902ba-groupManagement] INFO  server.RaftServer$Division (RaftServerImpl.java:setRole(378)) - 91d0dafb-6cb7-42e5-b129-660fdc1902ba@group-DEECD8B278EF: changes role from      null to FOLLOWER at term 0 for startAsFollower
2025-01-11 15:27:15,732 [91d0dafb-6cb7-42e5-b129-660fdc1902ba-groupManagement] INFO  impl.RoleInfo (RoleInfo.java:updateAndGet(148)) - 91d0dafb-6cb7-42e5-b129-660fdc1902ba: start 91d0dafb-6cb7-42e5-b129-660fdc1902ba@group-DEECD8B278EF-FollowerState
2025-01-11 15:27:15,733 [91d0dafb-6cb7-42e5-b129-660fdc1902ba@group-DEECD8B278EF-FollowerState] INFO  server.RaftServerConfigKeys (ConfUtils.java:logFallback(53)) - raft.server.rpc.first-election.timeout.min = 5s (fallback to raft.server.rpc.timeout.min)
2025-01-11 15:27:15,733 [91d0dafb-6cb7-42e5-b129-660fdc1902ba-groupManagement] INFO  util.JmxRegister (JmxRegister.java:tryRegister(44)) - Successfully registered JMX Bean with object name Ratis:service=RaftServer,group=group-DEECD8B278EF,id=91d0dafb-6cb7-42e5-b129-660fdc1902ba
2025-01-11 15:27:15,733 [91d0dafb-6cb7-42e5-b129-660fdc1902ba-groupManagement] INFO  util.JmxRegister (JmxRegister.java:register(58)) - register mxBean class org.apache.ratis.server.impl.RaftServerJmxAdapter as Ratis:service=RaftServer,group=group-DEECD8B278EF,id=91d0dafb-6cb7-42e5-b129-660fdc1902ba
2025-01-11 15:27:15,733 [91d0dafb-6cb7-42e5-b129-660fdc1902ba@group-DEECD8B278EF-FollowerState] INFO  server.RaftServerConfigKeys (ConfUtils.java:logFallback(53)) - raft.server.rpc.first-election.timeout.max = 5200ms (fallback to raft.server.rpc.timeout.max)
2025-01-11 15:27:15,733 [91d0dafb-6cb7-42e5-b129-660fdc1902ba-groupManagement] INFO  server.RaftServerConfigKeys (ConfUtils.java:logGet(46)) - raft.server.snapshot.trigger-when-stop.enabled = true (default)
2025-01-11 15:27:15,733 [91d0dafb-6cb7-42e5-b129-660fdc1902ba-groupManagement] INFO  server.RaftServerConfigKeys (ConfUtils.java:logGet(46)) - raft.server.snapshot.trigger-when-remove.enabled = true (default)
2025-01-11 15:27:15,733 [91d0dafb-6cb7-42e5-b129-660fdc1902ba-groupManagement] INFO  server.RaftServerConfigKeys (ConfUtils.java:logGet(46)) - raft.server.snapshot.auto.trigger.enabled = true (custom)
2025-01-11 15:27:15,733 [91d0dafb-6cb7-42e5-b129-660fdc1902ba-groupManagement] INFO  server.RaftServerConfigKeys (ConfUtils.java:logGet(46)) - raft.server.snapshot.auto.trigger.threshold = 1 (custom)
2025-01-11 15:27:15,733 [91d0dafb-6cb7-42e5-b129-660fdc1902ba-groupManagement] INFO  server.RaftServerConfigKeys (ConfUtils.java:logGet(46)) - raft.server.snapshot.retention.file.num = 5 (custom)
2025-01-11 15:27:15,733 [91d0dafb-6cb7-42e5-b129-660fdc1902ba-groupManagement] INFO  server.RaftServerConfigKeys (ConfUtils.java:logGet(46)) - raft.server.log.purge.upto.snapshot.index = false (default)
2025-01-11 15:27:15,734 [91d0dafb-6cb7-42e5-b129-660fdc1902ba-groupManagement] INFO  server.RaftServer$Division (RaftServerImpl.java:start(405)) - 91d0dafb-6cb7-42e5-b129-660fdc1902ba@group-DEECD8B278EF: Successfully started.
2025-01-11 15:27:15,734 [91d0dafb-6cb7-42e5-b129-660fdc1902ba-PipelineCommandHandlerThread-0] INFO  ratis.XceiverServerRatis (XceiverServerRatis.java:addGroup(844)) - Created group PipelineID=0893ea06-592c-4c5c-b987-deecd8b278ef
2025-01-11 15:27:15,739 [grpc-default-executor-12] INFO  server.RaftServer (RaftServerProxy.java:addNew(100)) - ac5cad44-c19c-4f65-867f-c0009d6f555c: addNew group-DEECD8B278EF:[91d0dafb-6cb7-42e5-b129-660fdc1902ba|127.0.0.1:15097, ac5cad44-c19c-4f65-867f-c0009d6f555c|127.0.0.1:15016, a14cd1ab-7861-42f9-8639-15260a7193f0|127.0.0.1:15043] returns group-DEECD8B278EF:java.util.concurrent.CompletableFuture@67708185[Not completed]
2025-01-11 15:27:15,740 [ac5cad44-c19c-4f65-867f-c0009d6f555c-groupManagement] INFO  server.RaftServer$Division (RaftServerImpl.java:<init>(255)) - ac5cad44-c19c-4f65-867f-c0009d6f555c: new RaftServerImpl for group-DEECD8B278EF:[91d0dafb-6cb7-42e5-b129-660fdc1902ba|127.0.0.1:15097, ac5cad44-c19c-4f65-867f-c0009d6f555c|127.0.0.1:15016, a14cd1ab-7861-42f9-8639-15260a7193f0|127.0.0.1:15043] with ContainerStateMachine:uninitialized
2025-01-11 15:27:15,740 [ac5cad44-c19c-4f65-867f-c0009d6f555c-groupManagement] INFO  server.RaftServerConfigKeys (ConfUtils.java:logGet(46)) - raft.server.rpc.timeout.min = 5s (custom)
2025-01-11 15:27:15,740 [ac5cad44-c19c-4f65-867f-c0009d6f555c-groupManagement] INFO  server.RaftServerConfigKeys (ConfUtils.java:logGet(46)) - raft.server.rpc.timeout.max = 5200ms (custom)
2025-01-11 15:27:15,740 [ac5cad44-c19c-4f65-867f-c0009d6f555c-groupManagement] INFO  server.RaftServerConfigKeys (ConfUtils.java:logGet(46)) - raft.server.rpc.sleep.time = 25ms (default)
2025-01-11 15:27:15,740 [ac5cad44-c19c-4f65-867f-c0009d6f555c-groupManagement] INFO  server.RaftServerConfigKeys (ConfUtils.java:logGet(46)) - raft.server.rpc.slowness.timeout = 300000ms (custom)
2025-01-11 15:27:15,740 [ac5cad44-c19c-4f65-867f-c0009d6f555c-groupManagement] INFO  server.RaftServerConfigKeys (ConfUtils.java:logGet(46)) - raft.server.leaderelection.leader.step-down.wait-time = 10s (default)
2025-01-11 15:27:15,740 [ac5cad44-c19c-4f65-867f-c0009d6f555c-groupManagement] INFO  server.RaftServerConfigKeys (ConfUtils.java:logGet(46)) - raft.server.leaderelection.member.majority-add = false (default)
2025-01-11 15:27:15,740 [ac5cad44-c19c-4f65-867f-c0009d6f555c-groupManagement] INFO  server.RaftServerConfigKeys (ConfUtils.java:logGet(46)) - raft.server.sleep.deviation.threshold = 300ms (default)
2025-01-11 15:27:15,740 [ac5cad44-c19c-4f65-867f-c0009d6f555c-groupManagement] INFO  server.RaftServer$Division (ServerState.java:<init>(114)) - ac5cad44-c19c-4f65-867f-c0009d6f555c@group-DEECD8B278EF: ConfigurationManager, init=conf: {index: -1, cur=peers:[91d0dafb-6cb7-42e5-b129-660fdc1902ba|127.0.0.1:15097, ac5cad44-c19c-4f65-867f-c0009d6f555c|127.0.0.1:15016, a14cd1ab-7861-42f9-8639-15260a7193f0|127.0.0.1:15043]|listeners:[], old=null}, confs=<EMPTY_MAP>
2025-01-11 15:27:15,740 [ac5cad44-c19c-4f65-867f-c0009d6f555c-groupManagement] INFO  server.RaftServerConfigKeys (ConfUtils.java:logGet(46)) - raft.server.notification.no-leader.timeout = 300000ms (custom)
2025-01-11 15:27:15,740 [ac5cad44-c19c-4f65-867f-c0009d6f555c-groupManagement] INFO  server.RaftServerConfigKeys (ConfUtils.java:logGet(46)) - raft.server.read.timeout = 10s (default)
2025-01-11 15:27:15,741 [ac5cad44-c19c-4f65-867f-c0009d6f555c-groupManagement] INFO  server.RaftServerConfigKeys (ConfUtils.java:logGet(46)) - raft.server.retrycache.expirytime = 600000ms (custom)
2025-01-11 15:27:15,741 [ac5cad44-c19c-4f65-867f-c0009d6f555c-groupManagement] INFO  server.RaftServerConfigKeys (ConfUtils.java:logGet(46)) - raft.server.retrycache.statistics.expirytime = 100ms (default)
2025-01-11 15:27:15,741 [ac5cad44-c19c-4f65-867f-c0009d6f555c-groupManagement] INFO  server.RaftServerConfigKeys (ConfUtils.java:logGet(46)) - raft.server.read.option = DEFAULT (default)
2025-01-11 15:27:15,741 [ac5cad44-c19c-4f65-867f-c0009d6f555c-groupManagement] INFO  server.RaftServerConfigKeys (ConfUtils.java:logGet(46)) - raft.server.read.read-after-write-consistent.write-index-cache.expiry-time = 60s (default)
2025-01-11 15:27:15,744 [ac5cad44-c19c-4f65-867f-c0009d6f555c-groupManagement] INFO  server.RaftServerConfigKeys (ConfUtils.java:logGet(46)) - raft.server.rpc.request.timeout = 3000ms (default)
2025-01-11 15:27:15,744 [ac5cad44-c19c-4f65-867f-c0009d6f555c-groupManagement] INFO  server.RaftServerConfigKeys (ConfUtils.java:logGet(46)) - raft.server.log.appender.install.snapshot.enabled = false (custom)
2025-01-11 15:27:15,744 [ac5cad44-c19c-4f65-867f-c0009d6f555c-groupManagement] INFO  server.RaftServerConfigKeys (ConfUtils.java:logGet(46)) - raft.server.threadpool.server.cached = true (default)
2025-01-11 15:27:15,744 [ac5cad44-c19c-4f65-867f-c0009d6f555c-groupManagement] INFO  server.RaftServerConfigKeys (ConfUtils.java:logGet(46)) - raft.server.threadpool.server.size = 0 (default)
2025-01-11 15:27:15,744 [ac5cad44-c19c-4f65-867f-c0009d6f555c-groupManagement] INFO  server.RaftServerConfigKeys (ConfUtils.java:logGet(46)) - raft.server.threadpool.client.cached = true (default)
2025-01-11 15:27:15,744 [ac5cad44-c19c-4f65-867f-c0009d6f555c-groupManagement] INFO  server.RaftServerConfigKeys (ConfUtils.java:logGet(46)) - raft.server.threadpool.client.size = 0 (default)
2025-01-11 15:27:15,744 [ac5cad44-c19c-4f65-867f-c0009d6f555c-groupManagement] INFO  server.RaftServerConfigKeys (ConfUtils.java:logGet(46)) - raft.server.storage.free-space.min = 0MB (=0) (default)
2025-01-11 15:27:15,744 [ac5cad44-c19c-4f65-867f-c0009d6f555c-groupManagement] INFO  server.RaftServerConfigKeys (ConfUtils.java:logGet(46)) - raft.server.log.corruption.policy = EXCEPTION (default)
2025-01-11 15:27:15,744 [ac5cad44-c19c-4f65-867f-c0009d6f555c-groupManagement] INFO  server.RaftServerConfigKeys (ConfUtils.java:logGet(46)) - raft.server.storage.dir = [/home/runner/work/ozone/ozone/hadoop-ozone/integration-test/target/test-dir/MiniOzoneClusterImpl-7d8e89df-ef81-4ba3-8c0c-8d2bb8f5309d/ozone-meta/datanode-1/ratis] (custom)
2025-01-11 15:27:15,745 [ac5cad44-c19c-4f65-867f-c0009d6f555c-groupManagement] INFO  storage.RaftStorageDirectory (RaftStorageDirectoryImpl.java:analyzeStorage(138)) - The storage directory /home/runner/work/ozone/ozone/hadoop-ozone/integration-test/target/test-dir/MiniOzoneClusterImpl-7d8e89df-ef81-4ba3-8c0c-8d2bb8f5309d/ozone-meta/datanode-1/ratis/0893ea06-592c-4c5c-b987-deecd8b278ef does not exist. Creating ...
2025-01-11 15:27:15,746 [ac5cad44-c19c-4f65-867f-c0009d6f555c-groupManagement] INFO  storage.RaftStorageDirectory (RaftStorageDirectoryImpl.java:tryLock(229)) - Lock on /home/runner/work/ozone/ozone/hadoop-ozone/integration-test/target/test-dir/MiniOzoneClusterImpl-7d8e89df-ef81-4ba3-8c0c-8d2bb8f5309d/ozone-meta/datanode-1/ratis/0893ea06-592c-4c5c-b987-deecd8b278ef/in_use.lock acquired by nodename 65165@fv-az656-205
2025-01-11 15:27:15,747 [ac5cad44-c19c-4f65-867f-c0009d6f555c-groupManagement] INFO  storage.RaftStorage (RaftStorageImpl.java:format(98)) - Storage directory /home/runner/work/ozone/ozone/hadoop-ozone/integration-test/target/test-dir/MiniOzoneClusterImpl-7d8e89df-ef81-4ba3-8c0c-8d2bb8f5309d/ozone-meta/datanode-1/ratis/0893ea06-592c-4c5c-b987-deecd8b278ef has been successfully formatted.
2025-01-11 15:27:15,747 [ac5cad44-c19c-4f65-867f-c0009d6f555c-groupManagement] INFO  ratis.ContainerStateMachine (ContainerStateMachine.java:initialize(302)) - ac5cad44-c19c-4f65-867f-c0009d6f555c: initialize group-DEECD8B278EF
2025-01-11 15:27:15,747 [ac5cad44-c19c-4f65-867f-c0009d6f555c-groupManagement] INFO  ratis.ContainerStateMachine (ContainerStateMachine.java:loadSnapshot(310)) - group-DEECD8B278EF: The snapshot info is null. Setting the last applied index to:(t:0, i:~)
2025-01-11 15:27:15,747 [ac5cad44-c19c-4f65-867f-c0009d6f555c-groupManagement] INFO  server.RaftServerConfigKeys (ConfUtils.java:logGet(46)) - raft.server.log.use.memory = false (default)
2025-01-11 15:27:15,747 [ac5cad44-c19c-4f65-867f-c0009d6f555c-groupManagement] INFO  server.RaftServerConfigKeys (ConfUtils.java:logGet(46)) - raft.server.log.purge.gap = 1000000 (custom)
2025-01-11 15:27:15,747 [ac5cad44-c19c-4f65-867f-c0009d6f555c-groupManagement] INFO  server.RaftServerConfigKeys (ConfUtils.java:logGet(46)) - raft.server.log.appender.buffer.byte-limit = 33554432 (custom)
2025-01-11 15:27:15,748 [ac5cad44-c19c-4f65-867f-c0009d6f555c-groupManagement] INFO  server.RaftServerConfigKeys (ConfUtils.java:logGet(46)) - raft.server.log.statemachine.data.read.timeout = 1000ms (default)
2025-01-11 15:27:15,748 [ac5cad44-c19c-4f65-867f-c0009d6f555c-groupManagement] INFO  server.RaftServerConfigKeys (ConfUtils.java:logGet(46)) - raft.server.log.purge.preservation.log.num = 0 (default)
2025-01-11 15:27:15,749 [ac5cad44-c19c-4f65-867f-c0009d6f555c-groupManagement] INFO  server.RaftServerConfigKeys (ConfUtils.java:logGet(46)) - raft.server.log.segment.size.max = 67108864 (custom)
2025-01-11 15:27:15,750 [ac5cad44-c19c-4f65-867f-c0009d6f555c-groupManagement] INFO  server.RaftServerConfigKeys (ConfUtils.java:logGet(46)) - raft.server.log.segment.cache.num.max = 2 (custom)
2025-01-11 15:27:15,750 [ac5cad44-c19c-4f65-867f-c0009d6f555c-groupManagement] INFO  server.RaftServerConfigKeys (ConfUtils.java:logGet(46)) - raft.server.log.segment.cache.size.max = 200MB (=209715200) (default)
2025-01-11 15:27:15,750 [ac5cad44-c19c-4f65-867f-c0009d6f555c-groupManagement] INFO  server.RaftServerConfigKeys (ConfUtils.java:logGet(46)) - raft.server.log.appender.buffer.byte-limit = 33554432 (custom)
2025-01-11 15:27:15,750 [ac5cad44-c19c-4f65-867f-c0009d6f555c-groupManagement] INFO  util.AwaitToRun (AwaitToRun.java:start(81)) - Thread[#2210,ac5cad44-c19c-4f65-867f-c0009d6f555c@group-DEECD8B278EF-cacheEviction-AwaitToRun,5,main] started
2025-01-11 15:27:15,750 [ac5cad44-c19c-4f65-867f-c0009d6f555c-groupManagement] INFO  segmented.SegmentedRaftLogWorker (SegmentedRaftLogWorker.java:<init>(188)) - new ac5cad44-c19c-4f65-867f-c0009d6f555c@group-DEECD8B278EF-SegmentedRaftLogWorker for RaftStorageImpl:Storage Directory /home/runner/work/ozone/ozone/hadoop-ozone/integration-test/target/test-dir/MiniOzoneClusterImpl-7d8e89df-ef81-4ba3-8c0c-8d2bb8f5309d/ozone-meta/datanode-1/ratis/0893ea06-592c-4c5c-b987-deecd8b278ef
2025-01-11 15:27:15,750 [ac5cad44-c19c-4f65-867f-c0009d6f555c-groupManagement] INFO  server.RaftServerConfigKeys (ConfUtils.java:logGet(46)) - raft.server.log.queue.byte-limit = 4294967296 (custom)
2025-01-11 15:27:15,750 [ac5cad44-c19c-4f65-867f-c0009d6f555c-groupManagement] INFO  server.RaftServerConfigKeys (ConfUtils.java:logGet(46)) - raft.server.log.queue.element-limit = 1024 (custom)
2025-01-11 15:27:15,750 [ac5cad44-c19c-4f65-867f-c0009d6f555c-groupManagement] INFO  server.RaftServerConfigKeys (ConfUtils.java:logGet(46)) - raft.server.log.segment.size.max = 67108864 (custom)
2025-01-11 15:27:15,750 [ac5cad44-c19c-4f65-867f-c0009d6f555c-groupManagement] INFO  server.RaftServerConfigKeys (ConfUtils.java:logGet(46)) - raft.server.log.preallocated.size = 4194304 (custom)
2025-01-11 15:27:15,750 [ac5cad44-c19c-4f65-867f-c0009d6f555c-groupManagement] INFO  server.RaftServerConfigKeys (ConfUtils.java:logGet(46)) - raft.server.log.force.sync.num = 128 (default)
2025-01-11 15:27:15,750 [ac5cad44-c19c-4f65-867f-c0009d6f555c-groupManagement] INFO  server.RaftServerConfigKeys (ConfUtils.java:logGet(46)) - raft.server.log.statemachine.data.sync = true (default)
2025-01-11 15:27:15,750 [ac5cad44-c19c-4f65-867f-c0009d6f555c-groupManagement] INFO  server.RaftServerConfigKeys (ConfUtils.java:logGet(46)) - raft.server.log.statemachine.data.sync.timeout = 10s (default)
2025-01-11 15:27:15,750 [ac5cad44-c19c-4f65-867f-c0009d6f555c-groupManagement] INFO  server.RaftServerConfigKeys (ConfUtils.java:logGet(46)) - raft.server.log.statemachine.data.sync.timeout.retry = 30 (custom)
2025-01-11 15:27:15,751 [ac5cad44-c19c-4f65-867f-c0009d6f555c-groupManagement] INFO  server.RaftServerConfigKeys (ConfUtils.java:logGet(46)) - raft.server.log.write.buffer.size = 33554440 (custom)
2025-01-11 15:27:15,756 [ac5cad44-c19c-4f65-867f-c0009d6f555c-groupManagement] INFO  server.RaftServerConfigKeys (ConfUtils.java:logGet(46)) - raft.server.log.appender.buffer.byte-limit = 33554432 (custom)
2025-01-11 15:27:15,756 [ac5cad44-c19c-4f65-867f-c0009d6f555c-groupManagement] INFO  server.RaftServerConfigKeys (ConfUtils.java:logGet(46)) - raft.server.log.unsafe-flush.enabled = false (default)
2025-01-11 15:27:15,756 [ac5cad44-c19c-4f65-867f-c0009d6f555c-groupManagement] INFO  server.RaftServerConfigKeys (ConfUtils.java:logGet(46)) - raft.server.log.async-flush.enabled = false (default)
2025-01-11 15:27:15,756 [ac5cad44-c19c-4f65-867f-c0009d6f555c-groupManagement] INFO  server.RaftServerConfigKeys (ConfUtils.java:logGet(46)) - raft.server.log.statemachine.data.caching.enabled = true (custom)
2025-01-11 15:27:15,756 [ac5cad44-c19c-4f65-867f-c0009d6f555c-groupManagement] INFO  segmented.SegmentedRaftLogWorker (SegmentedRaftLogWorker.java:lambda$new$0(139)) - ac5cad44-c19c-4f65-867f-c0009d6f555c@group-DEECD8B278EF-SegmentedRaftLogWorker: flushIndex: setUnconditionally 0 -> -1
2025-01-11 15:27:15,756 [ac5cad44-c19c-4f65-867f-c0009d6f555c-groupManagement] INFO  segmented.SegmentedRaftLogWorker (SegmentedRaftLogWorker.java:lambda$new$0(139)) - ac5cad44-c19c-4f65-867f-c0009d6f555c@group-DEECD8B278EF-SegmentedRaftLogWorker: safeCacheEvictIndex: setUnconditionally 0 -> -1
2025-01-11 15:27:15,756 [ac5cad44-c19c-4f65-867f-c0009d6f555c-groupManagement] INFO  server.RaftServer$Division (RaftServerImpl.java:start(391)) - ac5cad44-c19c-4f65-867f-c0009d6f555c@group-DEECD8B278EF: start as a follower, conf=conf: {index: -1, cur=peers:[91d0dafb-6cb7-42e5-b129-660fdc1902ba|127.0.0.1:15097, ac5cad44-c19c-4f65-867f-c0009d6f555c|127.0.0.1:15016, a14cd1ab-7861-42f9-8639-15260a7193f0|127.0.0.1:15043]|listeners:[], old=null}
2025-01-11 15:27:15,756 [ac5cad44-c19c-4f65-867f-c0009d6f555c-groupManagement] INFO  server.RaftServer$Division (RaftServerImpl.java:setRole(378)) - ac5cad44-c19c-4f65-867f-c0009d6f555c@group-DEECD8B278EF: changes role from      null to FOLLOWER at term 0 for startAsFollower
2025-01-11 15:27:15,757 [ac5cad44-c19c-4f65-867f-c0009d6f555c-groupManagement] INFO  impl.RoleInfo (RoleInfo.java:updateAndGet(148)) - ac5cad44-c19c-4f65-867f-c0009d6f555c: start ac5cad44-c19c-4f65-867f-c0009d6f555c@group-DEECD8B278EF-FollowerState
2025-01-11 15:27:15,757 [ac5cad44-c19c-4f65-867f-c0009d6f555c@group-DEECD8B278EF-FollowerState] INFO  server.RaftServerConfigKeys (ConfUtils.java:logFallback(53)) - raft.server.rpc.first-election.timeout.min = 5s (fallback to raft.server.rpc.timeout.min)
2025-01-11 15:27:15,757 [ac5cad44-c19c-4f65-867f-c0009d6f555c@group-DEECD8B278EF-FollowerState] INFO  server.RaftServerConfigKeys (ConfUtils.java:logFallback(53)) - raft.server.rpc.first-election.timeout.max = 5200ms (fallback to raft.server.rpc.timeout.max)
2025-01-11 15:27:15,757 [ac5cad44-c19c-4f65-867f-c0009d6f555c-groupManagement] INFO  util.JmxRegister (JmxRegister.java:tryRegister(44)) - Successfully registered JMX Bean with object name Ratis:service=RaftServer,group=group-DEECD8B278EF,id=ac5cad44-c19c-4f65-867f-c0009d6f555c
2025-01-11 15:27:15,757 [ac5cad44-c19c-4f65-867f-c0009d6f555c-groupManagement] INFO  util.JmxRegister (JmxRegister.java:register(58)) - register mxBean class org.apache.ratis.server.impl.RaftServerJmxAdapter as Ratis:service=RaftServer,group=group-DEECD8B278EF,id=ac5cad44-c19c-4f65-867f-c0009d6f555c
2025-01-11 15:27:15,757 [ac5cad44-c19c-4f65-867f-c0009d6f555c-groupManagement] INFO  server.RaftServerConfigKeys (ConfUtils.java:logGet(46)) - raft.server.snapshot.trigger-when-stop.enabled = true (default)
2025-01-11 15:27:15,757 [ac5cad44-c19c-4f65-867f-c0009d6f555c-groupManagement] INFO  server.RaftServerConfigKeys (ConfUtils.java:logGet(46)) - raft.server.snapshot.trigger-when-remove.enabled = true (default)
2025-01-11 15:27:15,757 [ac5cad44-c19c-4f65-867f-c0009d6f555c-groupManagement] INFO  server.RaftServerConfigKeys (ConfUtils.java:logGet(46)) - raft.server.snapshot.auto.trigger.enabled = true (custom)
2025-01-11 15:27:15,758 [ac5cad44-c19c-4f65-867f-c0009d6f555c-groupManagement] INFO  server.RaftServerConfigKeys (ConfUtils.java:logGet(46)) - raft.server.snapshot.auto.trigger.threshold = 1 (custom)
2025-01-11 15:27:15,758 [ac5cad44-c19c-4f65-867f-c0009d6f555c-groupManagement] INFO  server.RaftServerConfigKeys (ConfUtils.java:logGet(46)) - raft.server.snapshot.retention.file.num = 5 (custom)
2025-01-11 15:27:15,758 [ac5cad44-c19c-4f65-867f-c0009d6f555c-groupManagement] INFO  server.RaftServerConfigKeys (ConfUtils.java:logGet(46)) - raft.server.log.purge.upto.snapshot.index = false (default)
2025-01-11 15:27:15,758 [ac5cad44-c19c-4f65-867f-c0009d6f555c-groupManagement] INFO  server.RaftServer$Division (RaftServerImpl.java:start(405)) - ac5cad44-c19c-4f65-867f-c0009d6f555c@group-DEECD8B278EF: Successfully started.
2025-01-11 15:27:15,766 [grpc-default-executor-12] INFO  server.RaftServer (RaftServerProxy.java:addNew(100)) - a14cd1ab-7861-42f9-8639-15260a7193f0: addNew group-DEECD8B278EF:[91d0dafb-6cb7-42e5-b129-660fdc1902ba|127.0.0.1:15097, ac5cad44-c19c-4f65-867f-c0009d6f555c|127.0.0.1:15016, a14cd1ab-7861-42f9-8639-15260a7193f0|127.0.0.1:15043] returns group-DEECD8B278EF:java.util.concurrent.CompletableFuture@69b7631b[Not completed]
2025-01-11 15:27:15,767 [a14cd1ab-7861-42f9-8639-15260a7193f0-groupManagement] INFO  server.RaftServer$Division (RaftServerImpl.java:<init>(255)) - a14cd1ab-7861-42f9-8639-15260a7193f0: new RaftServerImpl for group-DEECD8B278EF:[91d0dafb-6cb7-42e5-b129-660fdc1902ba|127.0.0.1:15097, ac5cad44-c19c-4f65-867f-c0009d6f555c|127.0.0.1:15016, a14cd1ab-7861-42f9-8639-15260a7193f0|127.0.0.1:15043] with ContainerStateMachine:uninitialized
2025-01-11 15:27:15,767 [a14cd1ab-7861-42f9-8639-15260a7193f0-groupManagement] INFO  server.RaftServerConfigKeys (ConfUtils.java:logGet(46)) - raft.server.rpc.timeout.min = 5s (custom)
2025-01-11 15:27:15,767 [a14cd1ab-7861-42f9-8639-15260a7193f0-groupManagement] INFO  server.RaftServerConfigKeys (ConfUtils.java:logGet(46)) - raft.server.rpc.timeout.max = 5200ms (custom)
2025-01-11 15:27:15,767 [a14cd1ab-7861-42f9-8639-15260a7193f0-groupManagement] INFO  server.RaftServerConfigKeys (ConfUtils.java:logGet(46)) - raft.server.rpc.sleep.time = 25ms (default)
2025-01-11 15:27:15,767 [a14cd1ab-7861-42f9-8639-15260a7193f0-groupManagement] INFO  server.RaftServerConfigKeys (ConfUtils.java:logGet(46)) - raft.server.rpc.slowness.timeout = 300000ms (custom)
2025-01-11 15:27:15,767 [a14cd1ab-7861-42f9-8639-15260a7193f0-groupManagement] INFO  server.RaftServerConfigKeys (ConfUtils.java:logGet(46)) - raft.server.leaderelection.leader.step-down.wait-time = 10s (default)
2025-01-11 15:27:15,767 [a14cd1ab-7861-42f9-8639-15260a7193f0-groupManagement] INFO  server.RaftServerConfigKeys (ConfUtils.java:logGet(46)) - raft.server.leaderelection.member.majority-add = false (default)
2025-01-11 15:27:15,767 [a14cd1ab-7861-42f9-8639-15260a7193f0-groupManagement] INFO  server.RaftServerConfigKeys (ConfUtils.java:logGet(46)) - raft.server.sleep.deviation.threshold = 300ms (default)
2025-01-11 15:27:15,767 [a14cd1ab-7861-42f9-8639-15260a7193f0-groupManagement] INFO  server.RaftServer$Division (ServerState.java:<init>(114)) - a14cd1ab-7861-42f9-8639-15260a7193f0@group-DEECD8B278EF: ConfigurationManager, init=conf: {index: -1, cur=peers:[91d0dafb-6cb7-42e5-b129-660fdc1902ba|127.0.0.1:15097, ac5cad44-c19c-4f65-867f-c0009d6f555c|127.0.0.1:15016, a14cd1ab-7861-42f9-8639-15260a7193f0|127.0.0.1:15043]|listeners:[], old=null}, confs=<EMPTY_MAP>
2025-01-11 15:27:15,767 [a14cd1ab-7861-42f9-8639-15260a7193f0-groupManagement] INFO  server.RaftServerConfigKeys (ConfUtils.java:logGet(46)) - raft.server.notification.no-leader.timeout = 300000ms (custom)
2025-01-11 15:27:15,767 [a14cd1ab-7861-42f9-8639-15260a7193f0-groupManagement] INFO  server.RaftServerConfigKeys (ConfUtils.java:logGet(46)) - raft.server.read.timeout = 10s (default)
2025-01-11 15:27:15,768 [a14cd1ab-7861-42f9-8639-15260a7193f0-groupManagement] INFO  server.RaftServerConfigKeys (ConfUtils.java:logGet(46)) - raft.server.retrycache.expirytime = 600000ms (custom)
2025-01-11 15:27:15,768 [a14cd1ab-7861-42f9-8639-15260a7193f0-groupManagement] INFO  server.RaftServerConfigKeys (ConfUtils.java:logGet(46)) - raft.server.retrycache.statistics.expirytime = 100ms (default)
2025-01-11 15:27:15,768 [a14cd1ab-7861-42f9-8639-15260a7193f0-groupManagement] INFO  server.RaftServerConfigKeys (ConfUtils.java:logGet(46)) - raft.server.read.option = DEFAULT (default)
2025-01-11 15:27:15,768 [a14cd1ab-7861-42f9-8639-15260a7193f0-groupManagement] INFO  server.RaftServerConfigKeys (ConfUtils.java:logGet(46)) - raft.server.read.read-after-write-consistent.write-index-cache.expiry-time = 60s (default)
2025-01-11 15:27:15,783 [a14cd1ab-7861-42f9-8639-15260a7193f0-groupManagement] INFO  server.RaftServerConfigKeys (ConfUtils.java:logGet(46)) - raft.server.rpc.request.timeout = 3000ms (default)
2025-01-11 15:27:15,783 [a14cd1ab-7861-42f9-8639-15260a7193f0-groupManagement] INFO  server.RaftServerConfigKeys (ConfUtils.java:logGet(46)) - raft.server.log.appender.install.snapshot.enabled = false (custom)
2025-01-11 15:27:15,784 [a14cd1ab-7861-42f9-8639-15260a7193f0-groupManagement] INFO  server.RaftServerConfigKeys (ConfUtils.java:logGet(46)) - raft.server.threadpool.server.cached = true (default)
2025-01-11 15:27:15,784 [a14cd1ab-7861-42f9-8639-15260a7193f0-groupManagement] INFO  server.RaftServerConfigKeys (ConfUtils.java:logGet(46)) - raft.server.threadpool.server.size = 0 (default)
2025-01-11 15:27:15,784 [a14cd1ab-7861-42f9-8639-15260a7193f0-groupManagement] INFO  server.RaftServerConfigKeys (ConfUtils.java:logGet(46)) - raft.server.threadpool.client.cached = true (default)
2025-01-11 15:27:15,784 [a14cd1ab-7861-42f9-8639-15260a7193f0-groupManagement] INFO  server.RaftServerConfigKeys (ConfUtils.java:logGet(46)) - raft.server.threadpool.client.size = 0 (default)
2025-01-11 15:27:15,784 [a14cd1ab-7861-42f9-8639-15260a7193f0-groupManagement] INFO  server.RaftServerConfigKeys (ConfUtils.java:logGet(46)) - raft.server.storage.free-space.min = 0MB (=0) (default)
2025-01-11 15:27:15,784 [a14cd1ab-7861-42f9-8639-15260a7193f0-groupManagement] INFO  server.RaftServerConfigKeys (ConfUtils.java:logGet(46)) - raft.server.log.corruption.policy = EXCEPTION (default)
2025-01-11 15:27:15,785 [a14cd1ab-7861-42f9-8639-15260a7193f0-groupManagement] INFO  server.RaftServerConfigKeys (ConfUtils.java:logGet(46)) - raft.server.storage.dir = [/home/runner/work/ozone/ozone/hadoop-ozone/integration-test/target/test-dir/MiniOzoneClusterImpl-7d8e89df-ef81-4ba3-8c0c-8d2bb8f5309d/ozone-meta/datanode-4/ratisd27174d0-35af-4999-b359-9a099c85422c] (custom)
2025-01-11 15:27:15,785 [a14cd1ab-7861-42f9-8639-15260a7193f0-groupManagement] INFO  storage.RaftStorageDirectory (RaftStorageDirectoryImpl.java:analyzeStorage(138)) - The storage directory /home/runner/work/ozone/ozone/hadoop-ozone/integration-test/target/test-dir/MiniOzoneClusterImpl-7d8e89df-ef81-4ba3-8c0c-8d2bb8f5309d/ozone-meta/datanode-4/ratisd27174d0-35af-4999-b359-9a099c85422c/0893ea06-592c-4c5c-b987-deecd8b278ef does not exist. Creating ...
2025-01-11 15:27:15,786 [a14cd1ab-7861-42f9-8639-15260a7193f0-groupManagement] INFO  storage.RaftStorageDirectory (RaftStorageDirectoryImpl.java:tryLock(229)) - Lock on /home/runner/work/ozone/ozone/hadoop-ozone/integration-test/target/test-dir/MiniOzoneClusterImpl-7d8e89df-ef81-4ba3-8c0c-8d2bb8f5309d/ozone-meta/datanode-4/ratisd27174d0-35af-4999-b359-9a099c85422c/0893ea06-592c-4c5c-b987-deecd8b278ef/in_use.lock acquired by nodename 65165@fv-az656-205
2025-01-11 15:27:15,788 [a14cd1ab-7861-42f9-8639-15260a7193f0-groupManagement] INFO  storage.RaftStorage (RaftStorageImpl.java:format(98)) - Storage directory /home/runner/work/ozone/ozone/hadoop-ozone/integration-test/target/test-dir/MiniOzoneClusterImpl-7d8e89df-ef81-4ba3-8c0c-8d2bb8f5309d/ozone-meta/datanode-4/ratisd27174d0-35af-4999-b359-9a099c85422c/0893ea06-592c-4c5c-b987-deecd8b278ef has been successfully formatted.
2025-01-11 15:27:15,788 [a14cd1ab-7861-42f9-8639-15260a7193f0-groupManagement] INFO  ratis.ContainerStateMachine (ContainerStateMachine.java:initialize(302)) - a14cd1ab-7861-42f9-8639-15260a7193f0: initialize group-DEECD8B278EF
2025-01-11 15:27:15,788 [a14cd1ab-7861-42f9-8639-15260a7193f0-groupManagement] INFO  ratis.ContainerStateMachine (ContainerStateMachine.java:loadSnapshot(310)) - group-DEECD8B278EF: The snapshot info is null. Setting the last applied index to:(t:0, i:~)
2025-01-11 15:27:15,789 [a14cd1ab-7861-42f9-8639-15260a7193f0-groupManagement] INFO  server.RaftServerConfigKeys (ConfUtils.java:logGet(46)) - raft.server.log.use.memory = false (default)
2025-01-11 15:27:15,789 [a14cd1ab-7861-42f9-8639-15260a7193f0-groupManagement] INFO  server.RaftServerConfigKeys (ConfUtils.java:logGet(46)) - raft.server.log.purge.gap = 1000000 (custom)
2025-01-11 15:27:15,789 [a14cd1ab-7861-42f9-8639-15260a7193f0-groupManagement] INFO  server.RaftServerConfigKeys (ConfUtils.java:logGet(46)) - raft.server.log.appender.buffer.byte-limit = 33554432 (custom)
2025-01-11 15:27:15,789 [a14cd1ab-7861-42f9-8639-15260a7193f0-groupManagement] INFO  server.RaftServerConfigKeys (ConfUtils.java:logGet(46)) - raft.server.log.statemachine.data.read.timeout = 1000ms (default)
2025-01-11 15:27:15,789 [a14cd1ab-7861-42f9-8639-15260a7193f0-groupManagement] INFO  server.RaftServerConfigKeys (ConfUtils.java:logGet(46)) - raft.server.log.purge.preservation.log.num = 0 (default)
2025-01-11 15:27:15,790 [EventQueue-PipelineReportForPipelineReportHandler] ERROR pipeline.PipelineReportHandler (PipelineReportHandler.java:onMessage(101)) - Could not process pipeline report=pipelineID {
  id: "45cc3e2a-c500-4acc-a03a-a9cccc3d9481"
  uuid128 {
    mostSigBits: 5029463237280680652
    leastSigBits: -6901016781926853503
  }
}
isLeader: false
bytesWritten: 0
 from dn=a14cd1ab-7861-42f9-8639-15260a7193f0(localhost/127.0.0.1).
java.io.IOException: Datanode=a14cd1ab-7861-42f9-8639-15260a7193f0(localhost/127.0.0.1) not part of pipeline=PipelineID=45cc3e2a-c500-4acc-a03a-a9cccc3d9481
	at org.apache.hadoop.hdds.scm.pipeline.Pipeline.reportDatanode(Pipeline.java:339)
	at org.apache.hadoop.hdds.scm.pipeline.PipelineReportHandler.setReportedDatanode(PipelineReportHandler.java:160)
	at org.apache.hadoop.hdds.scm.pipeline.PipelineReportHandler.processPipelineReport(PipelineReportHandler.java:135)
	at org.apache.hadoop.hdds.scm.pipeline.PipelineReportHandler.onMessage(PipelineReportHandler.java:94)
	at org.apache.hadoop.hdds.scm.pipeline.PipelineReportHandler.onMessage(PipelineReportHandler.java:53)
	at org.apache.hadoop.hdds.server.events.SingleThreadExecutor.lambda$onMessage$1(SingleThreadExecutor.java:86)
	at java.base/java.util.concurrent.ThreadPoolExecutor.runWorker(ThreadPoolExecutor.java:1144)
	at java.base/java.util.concurrent.ThreadPoolExecutor$Worker.run(ThreadPoolExecutor.java:642)
	at java.base/java.lang.Thread.run(Thread.java:1583)
2025-01-11 15:27:15,791 [a14cd1ab-7861-42f9-8639-15260a7193f0-groupManagement] INFO  server.RaftServerConfigKeys (ConfUtils.java:logGet(46)) - raft.server.log.segment.size.max = 67108864 (custom)
2025-01-11 15:27:15,792 [a14cd1ab-7861-42f9-8639-15260a7193f0-groupManagement] INFO  server.RaftServerConfigKeys (ConfUtils.java:logGet(46)) - raft.server.log.segment.cache.num.max = 2 (custom)
2025-01-11 15:27:15,792 [a14cd1ab-7861-42f9-8639-15260a7193f0-groupManagement] INFO  server.RaftServerConfigKeys (ConfUtils.java:logGet(46)) - raft.server.log.segment.cache.size.max = 200MB (=209715200) (default)
2025-01-11 15:27:15,792 [a14cd1ab-7861-42f9-8639-15260a7193f0-groupManagement] INFO  server.RaftServerConfigKeys (ConfUtils.java:logGet(46)) - raft.server.log.appender.buffer.byte-limit = 33554432 (custom)
2025-01-11 15:27:15,792 [a14cd1ab-7861-42f9-8639-15260a7193f0-groupManagement] INFO  util.AwaitToRun (AwaitToRun.java:start(81)) - Thread[#2217,a14cd1ab-7861-42f9-8639-15260a7193f0@group-DEECD8B278EF-cacheEviction-AwaitToRun,5,main] started
2025-01-11 15:27:15,792 [a14cd1ab-7861-42f9-8639-15260a7193f0-groupManagement] INFO  segmented.SegmentedRaftLogWorker (SegmentedRaftLogWorker.java:<init>(188)) - new a14cd1ab-7861-42f9-8639-15260a7193f0@group-DEECD8B278EF-SegmentedRaftLogWorker for RaftStorageImpl:Storage Directory /home/runner/work/ozone/ozone/hadoop-ozone/integration-test/target/test-dir/MiniOzoneClusterImpl-7d8e89df-ef81-4ba3-8c0c-8d2bb8f5309d/ozone-meta/datanode-4/ratisd27174d0-35af-4999-b359-9a099c85422c/0893ea06-592c-4c5c-b987-deecd8b278ef
2025-01-11 15:27:15,792 [a14cd1ab-7861-42f9-8639-15260a7193f0-groupManagement] INFO  server.RaftServerConfigKeys (ConfUtils.java:logGet(46)) - raft.server.log.queue.byte-limit = 4294967296 (custom)
2025-01-11 15:27:15,793 [a14cd1ab-7861-42f9-8639-15260a7193f0-groupManagement] INFO  server.RaftServerConfigKeys (ConfUtils.java:logGet(46)) - raft.server.log.queue.element-limit = 1024 (custom)
2025-01-11 15:27:15,793 [a14cd1ab-7861-42f9-8639-15260a7193f0-groupManagement] INFO  server.RaftServerConfigKeys (ConfUtils.java:logGet(46)) - raft.server.log.segment.size.max = 67108864 (custom)
2025-01-11 15:27:15,793 [a14cd1ab-7861-42f9-8639-15260a7193f0-groupManagement] INFO  server.RaftServerConfigKeys (ConfUtils.java:logGet(46)) - raft.server.log.preallocated.size = 4194304 (custom)
2025-01-11 15:27:15,793 [a14cd1ab-7861-42f9-8639-15260a7193f0-groupManagement] INFO  server.RaftServerConfigKeys (ConfUtils.java:logGet(46)) - raft.server.log.force.sync.num = 128 (default)
2025-01-11 15:27:15,793 [a14cd1ab-7861-42f9-8639-15260a7193f0-groupManagement] INFO  server.RaftServerConfigKeys (ConfUtils.java:logGet(46)) - raft.server.log.statemachine.data.sync = true (default)
2025-01-11 15:27:15,793 [a14cd1ab-7861-42f9-8639-15260a7193f0-groupManagement] INFO  server.RaftServerConfigKeys (ConfUtils.java:logGet(46)) - raft.server.log.statemachine.data.sync.timeout = 10s (default)
2025-01-11 15:27:15,793 [a14cd1ab-7861-42f9-8639-15260a7193f0-groupManagement] INFO  server.RaftServerConfigKeys (ConfUtils.java:logGet(46)) - raft.server.log.statemachine.data.sync.timeout.retry = 30 (custom)
2025-01-11 15:27:15,794 [a14cd1ab-7861-42f9-8639-15260a7193f0-groupManagement] INFO  server.RaftServerConfigKeys (ConfUtils.java:logGet(46)) - raft.server.log.write.buffer.size = 33554440 (custom)
2025-01-11 15:27:15,799 [a14cd1ab-7861-42f9-8639-15260a7193f0-groupManagement] INFO  server.RaftServerConfigKeys (ConfUtils.java:logGet(46)) - raft.server.log.appender.buffer.byte-limit = 33554432 (custom)
2025-01-11 15:27:15,799 [a14cd1ab-7861-42f9-8639-15260a7193f0-groupManagement] INFO  server.RaftServerConfigKeys (ConfUtils.java:logGet(46)) - raft.server.log.unsafe-flush.enabled = false (default)
2025-01-11 15:27:15,799 [a14cd1ab-7861-42f9-8639-15260a7193f0-groupManagement] INFO  server.RaftServerConfigKeys (ConfUtils.java:logGet(46)) - raft.server.log.async-flush.enabled = false (default)
2025-01-11 15:27:15,799 [a14cd1ab-7861-42f9-8639-15260a7193f0-groupManagement] INFO  server.RaftServerConfigKeys (ConfUtils.java:logGet(46)) - raft.server.log.statemachine.data.caching.enabled = true (custom)
2025-01-11 15:27:15,800 [a14cd1ab-7861-42f9-8639-15260a7193f0-groupManagement] INFO  segmented.SegmentedRaftLogWorker (SegmentedRaftLogWorker.java:lambda$new$0(139)) - a14cd1ab-7861-42f9-8639-15260a7193f0@group-DEECD8B278EF-SegmentedRaftLogWorker: flushIndex: setUnconditionally 0 -> -1
2025-01-11 15:27:15,800 [a14cd1ab-7861-42f9-8639-15260a7193f0-groupManagement] INFO  segmented.SegmentedRaftLogWorker (SegmentedRaftLogWorker.java:lambda$new$0(139)) - a14cd1ab-7861-42f9-8639-15260a7193f0@group-DEECD8B278EF-SegmentedRaftLogWorker: safeCacheEvictIndex: setUnconditionally 0 -> -1
2025-01-11 15:27:15,800 [a14cd1ab-7861-42f9-8639-15260a7193f0-groupManagement] INFO  server.RaftServer$Division (RaftServerImpl.java:start(391)) - a14cd1ab-7861-42f9-8639-15260a7193f0@group-DEECD8B278EF: start as a follower, conf=conf: {index: -1, cur=peers:[91d0dafb-6cb7-42e5-b129-660fdc1902ba|127.0.0.1:15097, ac5cad44-c19c-4f65-867f-c0009d6f555c|127.0.0.1:15016, a14cd1ab-7861-42f9-8639-15260a7193f0|127.0.0.1:15043]|listeners:[], old=null}
2025-01-11 15:27:15,800 [a14cd1ab-7861-42f9-8639-15260a7193f0-groupManagement] INFO  server.RaftServer$Division (RaftServerImpl.java:setRole(378)) - a14cd1ab-7861-42f9-8639-15260a7193f0@group-DEECD8B278EF: changes role from      null to FOLLOWER at term 0 for startAsFollower
2025-01-11 15:27:15,801 [a14cd1ab-7861-42f9-8639-15260a7193f0-groupManagement] INFO  impl.RoleInfo (RoleInfo.java:updateAndGet(148)) - a14cd1ab-7861-42f9-8639-15260a7193f0: start a14cd1ab-7861-42f9-8639-15260a7193f0@group-DEECD8B278EF-FollowerState
2025-01-11 15:27:15,801 [a14cd1ab-7861-42f9-8639-15260a7193f0-groupManagement] INFO  util.JmxRegister (JmxRegister.java:tryRegister(44)) - Successfully registered JMX Bean with object name Ratis:service=RaftServer,group=group-DEECD8B278EF,id=a14cd1ab-7861-42f9-8639-15260a7193f0
2025-01-11 15:27:15,801 [a14cd1ab-7861-42f9-8639-15260a7193f0-groupManagement] INFO  util.JmxRegister (JmxRegister.java:register(58)) - register mxBean class org.apache.ratis.server.impl.RaftServerJmxAdapter as Ratis:service=RaftServer,group=group-DEECD8B278EF,id=a14cd1ab-7861-42f9-8639-15260a7193f0
2025-01-11 15:27:15,802 [a14cd1ab-7861-42f9-8639-15260a7193f0-groupManagement] INFO  server.RaftServerConfigKeys (ConfUtils.java:logGet(46)) - raft.server.snapshot.trigger-when-stop.enabled = true (default)
2025-01-11 15:27:15,802 [a14cd1ab-7861-42f9-8639-15260a7193f0-groupManagement] INFO  server.RaftServerConfigKeys (ConfUtils.java:logGet(46)) - raft.server.snapshot.trigger-when-remove.enabled = true (default)
2025-01-11 15:27:15,802 [a14cd1ab-7861-42f9-8639-15260a7193f0-groupManagement] INFO  server.RaftServerConfigKeys (ConfUtils.java:logGet(46)) - raft.server.snapshot.auto.trigger.enabled = true (custom)
2025-01-11 15:27:15,802 [a14cd1ab-7861-42f9-8639-15260a7193f0-groupManagement] INFO  server.RaftServerConfigKeys (ConfUtils.java:logGet(46)) - raft.server.snapshot.auto.trigger.threshold = 1 (custom)
2025-01-11 15:27:15,802 [a14cd1ab-7861-42f9-8639-15260a7193f0-groupManagement] INFO  server.RaftServerConfigKeys (ConfUtils.java:logGet(46)) - raft.server.snapshot.retention.file.num = 5 (custom)
2025-01-11 15:27:15,802 [a14cd1ab-7861-42f9-8639-15260a7193f0-groupManagement] INFO  server.RaftServerConfigKeys (ConfUtils.java:logGet(46)) - raft.server.log.purge.upto.snapshot.index = false (default)
2025-01-11 15:27:15,803 [a14cd1ab-7861-42f9-8639-15260a7193f0@group-DEECD8B278EF-FollowerState] INFO  server.RaftServerConfigKeys (ConfUtils.java:logFallback(53)) - raft.server.rpc.first-election.timeout.min = 5s (fallback to raft.server.rpc.timeout.min)
2025-01-11 15:27:15,803 [a14cd1ab-7861-42f9-8639-15260a7193f0@group-DEECD8B278EF-FollowerState] INFO  server.RaftServerConfigKeys (ConfUtils.java:logFallback(53)) - raft.server.rpc.first-election.timeout.max = 5200ms (fallback to raft.server.rpc.timeout.max)
2025-01-11 15:27:15,803 [a14cd1ab-7861-42f9-8639-15260a7193f0-groupManagement] INFO  server.RaftServer$Division (RaftServerImpl.java:start(405)) - a14cd1ab-7861-42f9-8639-15260a7193f0@group-DEECD8B278EF: Successfully started.
2025-01-11 15:27:15,814 [91d0dafb-6cb7-42e5-b129-660fdc1902ba-PipelineCommandHandlerThread-0] INFO  commandhandler.CreatePipelineCommandHandler (CreatePipelineCommandHandler.java:lambda$handle$2(129)) - Created Pipeline RATIS THREE PipelineID=0893ea06-592c-4c5c-b987-deecd8b278ef.
2025-01-11 15:27:15,989 [EventQueue-PipelineReportForPipelineReportHandler] ERROR pipeline.PipelineReportHandler (PipelineReportHandler.java:onMessage(101)) - Could not process pipeline report=pipelineID {
  id: "45cc3e2a-c500-4acc-a03a-a9cccc3d9481"
  uuid128 {
    mostSigBits: 5029463237280680652
    leastSigBits: -6901016781926853503
  }
}
isLeader: false
bytesWritten: 0
 from dn=a14cd1ab-7861-42f9-8639-15260a7193f0(localhost/127.0.0.1).
java.io.IOException: Datanode=a14cd1ab-7861-42f9-8639-15260a7193f0(localhost/127.0.0.1) not part of pipeline=PipelineID=45cc3e2a-c500-4acc-a03a-a9cccc3d9481
	at org.apache.hadoop.hdds.scm.pipeline.Pipeline.reportDatanode(Pipeline.java:339)
	at org.apache.hadoop.hdds.scm.pipeline.PipelineReportHandler.setReportedDatanode(PipelineReportHandler.java:160)
	at org.apache.hadoop.hdds.scm.pipeline.PipelineReportHandler.processPipelineReport(PipelineReportHandler.java:135)
	at org.apache.hadoop.hdds.scm.pipeline.PipelineReportHandler.onMessage(PipelineReportHandler.java:94)
	at org.apache.hadoop.hdds.scm.pipeline.PipelineReportHandler.onMessage(PipelineReportHandler.java:53)
	at org.apache.hadoop.hdds.server.events.SingleThreadExecutor.lambda$onMessage$1(SingleThreadExecutor.java:86)
	at java.base/java.util.concurrent.ThreadPoolExecutor.runWorker(ThreadPoolExecutor.java:1144)
	at java.base/java.util.concurrent.ThreadPoolExecutor$Worker.run(ThreadPoolExecutor.java:642)
	at java.base/java.lang.Thread.run(Thread.java:1583)
2025-01-11 15:27:16,189 [EventQueue-PipelineReportForPipelineReportHandler] ERROR pipeline.PipelineReportHandler (PipelineReportHandler.java:onMessage(101)) - Could not process pipeline report=pipelineID {
  id: "45cc3e2a-c500-4acc-a03a-a9cccc3d9481"
  uuid128 {
    mostSigBits: 5029463237280680652
    leastSigBits: -6901016781926853503
  }
}
isLeader: false
bytesWritten: 0
 from dn=a14cd1ab-7861-42f9-8639-15260a7193f0(localhost/127.0.0.1).
java.io.IOException: Datanode=a14cd1ab-7861-42f9-8639-15260a7193f0(localhost/127.0.0.1) not part of pipeline=PipelineID=45cc3e2a-c500-4acc-a03a-a9cccc3d9481
	at org.apache.hadoop.hdds.scm.pipeline.Pipeline.reportDatanode(Pipeline.java:339)
	at org.apache.hadoop.hdds.scm.pipeline.PipelineReportHandler.setReportedDatanode(PipelineReportHandler.java:160)
	at org.apache.hadoop.hdds.scm.pipeline.PipelineReportHandler.processPipelineReport(PipelineReportHandler.java:135)
	at org.apache.hadoop.hdds.scm.pipeline.PipelineReportHandler.onMessage(PipelineReportHandler.java:94)
	at org.apache.hadoop.hdds.scm.pipeline.PipelineReportHandler.onMessage(PipelineReportHandler.java:53)
	at org.apache.hadoop.hdds.server.events.SingleThreadExecutor.lambda$onMessage$1(SingleThreadExecutor.java:86)
	at java.base/java.util.concurrent.ThreadPoolExecutor.runWorker(ThreadPoolExecutor.java:1144)
	at java.base/java.util.concurrent.ThreadPoolExecutor$Worker.run(ThreadPoolExecutor.java:642)
	at java.base/java.lang.Thread.run(Thread.java:1583)
2025-01-11 15:27:16,316 [timer7] WARN  server.GrpcLogAppender (GrpcLogAppender.java:lambda$resetClient$1(221)) - fc60e07f-496f-42fe-ae82-620152583f87@group-A7184706D343->4ba790b6-f5d5-4c4e-97f5-f1f66fb5d3d4-GrpcLogAppender: Follower failed (request=null, errorCount=46); keep nextIndex (19) unchanged and retry. (Repeated 2 times in the last 5.001s)
2025-01-11 15:27:16,319 [timer2] WARN  server.GrpcLogAppender (GrpcLogAppender.java:lambda$resetClient$1(221)) - fc60e07f-496f-42fe-ae82-620152583f87@group-A7184706D343->4ba790b6-f5d5-4c4e-97f5-f1f66fb5d3d4-GrpcLogAppender: Follower failed (request=null, errorCount=48); keep nextIndex (21) unchanged and retry. (Repeated 2 times in the last 5.000s)
2025-01-11 15:27:16,323 [timer5] WARN  server.GrpcLogAppender (GrpcLogAppender.java:lambda$resetClient$1(221)) - fc60e07f-496f-42fe-ae82-620152583f87@group-A7184706D343->4ba790b6-f5d5-4c4e-97f5-f1f66fb5d3d4-GrpcLogAppender: Follower failed (request=null, errorCount=52); keep nextIndex (22) unchanged and retry. (Repeated 4 times in the last 5.000s)
2025-01-11 15:27:16,354 [a14cd1ab-7861-42f9-8639-15260a7193f0-PipelineCommandHandlerThread-0] INFO  server.RaftServer (RaftServerProxy.java:addNew(100)) - a14cd1ab-7861-42f9-8639-15260a7193f0: addNew group-D14C45472CDA:[a14cd1ab-7861-42f9-8639-15260a7193f0|127.0.0.1:15043] returns group-D14C45472CDA:java.util.concurrent.CompletableFuture@5626782a[Not completed]
2025-01-11 15:27:16,356 [a14cd1ab-7861-42f9-8639-15260a7193f0-groupManagement] INFO  server.RaftServer$Division (RaftServerImpl.java:<init>(255)) - a14cd1ab-7861-42f9-8639-15260a7193f0: new RaftServerImpl for group-D14C45472CDA:[a14cd1ab-7861-42f9-8639-15260a7193f0|127.0.0.1:15043] with ContainerStateMachine:uninitialized
2025-01-11 15:27:16,356 [a14cd1ab-7861-42f9-8639-15260a7193f0-groupManagement] INFO  server.RaftServerConfigKeys (ConfUtils.java:logGet(46)) - raft.server.rpc.timeout.min = 5s (custom)
2025-01-11 15:27:16,356 [a14cd1ab-7861-42f9-8639-15260a7193f0-groupManagement] INFO  server.RaftServerConfigKeys (ConfUtils.java:logGet(46)) - raft.server.rpc.timeout.max = 5200ms (custom)
2025-01-11 15:27:16,356 [a14cd1ab-7861-42f9-8639-15260a7193f0-groupManagement] INFO  server.RaftServerConfigKeys (ConfUtils.java:logGet(46)) - raft.server.rpc.sleep.time = 25ms (default)
2025-01-11 15:27:16,356 [a14cd1ab-7861-42f9-8639-15260a7193f0-groupManagement] INFO  server.RaftServerConfigKeys (ConfUtils.java:logGet(46)) - raft.server.rpc.slowness.timeout = 300000ms (custom)
2025-01-11 15:27:16,356 [a14cd1ab-7861-42f9-8639-15260a7193f0-groupManagement] INFO  server.RaftServerConfigKeys (ConfUtils.java:logGet(46)) - raft.server.leaderelection.leader.step-down.wait-time = 10s (default)
2025-01-11 15:27:16,356 [a14cd1ab-7861-42f9-8639-15260a7193f0-groupManagement] INFO  server.RaftServerConfigKeys (ConfUtils.java:logGet(46)) - raft.server.leaderelection.member.majority-add = false (default)
2025-01-11 15:27:16,356 [a14cd1ab-7861-42f9-8639-15260a7193f0-groupManagement] INFO  server.RaftServerConfigKeys (ConfUtils.java:logGet(46)) - raft.server.sleep.deviation.threshold = 300ms (default)
2025-01-11 15:27:16,357 [a14cd1ab-7861-42f9-8639-15260a7193f0-groupManagement] INFO  server.RaftServer$Division (ServerState.java:<init>(114)) - a14cd1ab-7861-42f9-8639-15260a7193f0@group-D14C45472CDA: ConfigurationManager, init=conf: {index: -1, cur=peers:[a14cd1ab-7861-42f9-8639-15260a7193f0|127.0.0.1:15043]|listeners:[], old=null}, confs=<EMPTY_MAP>
2025-01-11 15:27:16,357 [a14cd1ab-7861-42f9-8639-15260a7193f0-groupManagement] INFO  server.RaftServerConfigKeys (ConfUtils.java:logGet(46)) - raft.server.notification.no-leader.timeout = 300000ms (custom)
2025-01-11 15:27:16,357 [a14cd1ab-7861-42f9-8639-15260a7193f0-groupManagement] INFO  server.RaftServerConfigKeys (ConfUtils.java:logGet(46)) - raft.server.read.timeout = 10s (default)
2025-01-11 15:27:16,357 [a14cd1ab-7861-42f9-8639-15260a7193f0-groupManagement] INFO  server.RaftServerConfigKeys (ConfUtils.java:logGet(46)) - raft.server.retrycache.expirytime = 600000ms (custom)
2025-01-11 15:27:16,357 [a14cd1ab-7861-42f9-8639-15260a7193f0-groupManagement] INFO  server.RaftServerConfigKeys (ConfUtils.java:logGet(46)) - raft.server.retrycache.statistics.expirytime = 100ms (default)
2025-01-11 15:27:16,357 [a14cd1ab-7861-42f9-8639-15260a7193f0-groupManagement] INFO  server.RaftServerConfigKeys (ConfUtils.java:logGet(46)) - raft.server.read.option = DEFAULT (default)
2025-01-11 15:27:16,357 [a14cd1ab-7861-42f9-8639-15260a7193f0-groupManagement] INFO  server.RaftServerConfigKeys (ConfUtils.java:logGet(46)) - raft.server.read.read-after-write-consistent.write-index-cache.expiry-time = 60s (default)
2025-01-11 15:27:16,360 [a14cd1ab-7861-42f9-8639-15260a7193f0-groupManagement] INFO  server.RaftServerConfigKeys (ConfUtils.java:logGet(46)) - raft.server.rpc.request.timeout = 3000ms (default)
2025-01-11 15:27:16,360 [a14cd1ab-7861-42f9-8639-15260a7193f0-groupManagement] INFO  server.RaftServerConfigKeys (ConfUtils.java:logGet(46)) - raft.server.log.appender.install.snapshot.enabled = false (custom)
2025-01-11 15:27:16,360 [a14cd1ab-7861-42f9-8639-15260a7193f0-groupManagement] INFO  server.RaftServerConfigKeys (ConfUtils.java:logGet(46)) - raft.server.threadpool.server.cached = true (default)
2025-01-11 15:27:16,360 [a14cd1ab-7861-42f9-8639-15260a7193f0-groupManagement] INFO  server.RaftServerConfigKeys (ConfUtils.java:logGet(46)) - raft.server.threadpool.server.size = 0 (default)
2025-01-11 15:27:16,360 [a14cd1ab-7861-42f9-8639-15260a7193f0-groupManagement] INFO  server.RaftServerConfigKeys (ConfUtils.java:logGet(46)) - raft.server.threadpool.client.cached = true (default)
2025-01-11 15:27:16,360 [a14cd1ab-7861-42f9-8639-15260a7193f0-groupManagement] INFO  server.RaftServerConfigKeys (ConfUtils.java:logGet(46)) - raft.server.threadpool.client.size = 0 (default)
2025-01-11 15:27:16,360 [a14cd1ab-7861-42f9-8639-15260a7193f0-groupManagement] INFO  server.RaftServerConfigKeys (ConfUtils.java:logGet(46)) - raft.server.storage.free-space.min = 0MB (=0) (default)
2025-01-11 15:27:16,360 [a14cd1ab-7861-42f9-8639-15260a7193f0-groupManagement] INFO  server.RaftServerConfigKeys (ConfUtils.java:logGet(46)) - raft.server.log.corruption.policy = EXCEPTION (default)
2025-01-11 15:27:16,360 [a14cd1ab-7861-42f9-8639-15260a7193f0-groupManagement] INFO  server.RaftServerConfigKeys (ConfUtils.java:logGet(46)) - raft.server.storage.dir = [/home/runner/work/ozone/ozone/hadoop-ozone/integration-test/target/test-dir/MiniOzoneClusterImpl-7d8e89df-ef81-4ba3-8c0c-8d2bb8f5309d/ozone-meta/datanode-4/ratisd27174d0-35af-4999-b359-9a099c85422c] (custom)
2025-01-11 15:27:16,361 [a14cd1ab-7861-42f9-8639-15260a7193f0-groupManagement] INFO  storage.RaftStorageDirectory (RaftStorageDirectoryImpl.java:analyzeStorage(138)) - The storage directory /home/runner/work/ozone/ozone/hadoop-ozone/integration-test/target/test-dir/MiniOzoneClusterImpl-7d8e89df-ef81-4ba3-8c0c-8d2bb8f5309d/ozone-meta/datanode-4/ratisd27174d0-35af-4999-b359-9a099c85422c/6b0e9990-273b-424c-8773-d14c45472cda does not exist. Creating ...
2025-01-11 15:27:16,362 [a14cd1ab-7861-42f9-8639-15260a7193f0-groupManagement] INFO  storage.RaftStorageDirectory (RaftStorageDirectoryImpl.java:tryLock(229)) - Lock on /home/runner/work/ozone/ozone/hadoop-ozone/integration-test/target/test-dir/MiniOzoneClusterImpl-7d8e89df-ef81-4ba3-8c0c-8d2bb8f5309d/ozone-meta/datanode-4/ratisd27174d0-35af-4999-b359-9a099c85422c/6b0e9990-273b-424c-8773-d14c45472cda/in_use.lock acquired by nodename 65165@fv-az656-205
2025-01-11 15:27:16,363 [a14cd1ab-7861-42f9-8639-15260a7193f0-groupManagement] INFO  storage.RaftStorage (RaftStorageImpl.java:format(98)) - Storage directory /home/runner/work/ozone/ozone/hadoop-ozone/integration-test/target/test-dir/MiniOzoneClusterImpl-7d8e89df-ef81-4ba3-8c0c-8d2bb8f5309d/ozone-meta/datanode-4/ratisd27174d0-35af-4999-b359-9a099c85422c/6b0e9990-273b-424c-8773-d14c45472cda has been successfully formatted.
2025-01-11 15:27:16,363 [a14cd1ab-7861-42f9-8639-15260a7193f0-groupManagement] INFO  ratis.ContainerStateMachine (ContainerStateMachine.java:initialize(302)) - a14cd1ab-7861-42f9-8639-15260a7193f0: initialize group-D14C45472CDA
2025-01-11 15:27:16,363 [a14cd1ab-7861-42f9-8639-15260a7193f0-groupManagement] INFO  ratis.ContainerStateMachine (ContainerStateMachine.java:loadSnapshot(310)) - group-D14C45472CDA: The snapshot info is null. Setting the last applied index to:(t:0, i:~)
2025-01-11 15:27:16,363 [a14cd1ab-7861-42f9-8639-15260a7193f0-groupManagement] INFO  server.RaftServerConfigKeys (ConfUtils.java:logGet(46)) - raft.server.log.use.memory = false (default)
2025-01-11 15:27:16,364 [a14cd1ab-7861-42f9-8639-15260a7193f0-groupManagement] INFO  server.RaftServerConfigKeys (ConfUtils.java:logGet(46)) - raft.server.log.purge.gap = 1000000 (custom)
2025-01-11 15:27:16,364 [a14cd1ab-7861-42f9-8639-15260a7193f0-groupManagement] INFO  server.RaftServerConfigKeys (ConfUtils.java:logGet(46)) - raft.server.log.appender.buffer.byte-limit = 33554432 (custom)
2025-01-11 15:27:16,364 [a14cd1ab-7861-42f9-8639-15260a7193f0-groupManagement] INFO  server.RaftServerConfigKeys (ConfUtils.java:logGet(46)) - raft.server.log.statemachine.data.read.timeout = 1000ms (default)
2025-01-11 15:27:16,364 [a14cd1ab-7861-42f9-8639-15260a7193f0-groupManagement] INFO  server.RaftServerConfigKeys (ConfUtils.java:logGet(46)) - raft.server.log.purge.preservation.log.num = 0 (default)
2025-01-11 15:27:16,364 [EventQueue-PipelineReportForPipelineReportHandler] ERROR pipeline.PipelineReportHandler (PipelineReportHandler.java:onMessage(101)) - Could not process pipeline report=pipelineID {
  id: "45cc3e2a-c500-4acc-a03a-a9cccc3d9481"
  uuid128 {
    mostSigBits: 5029463237280680652
    leastSigBits: -6901016781926853503
  }
}
isLeader: false
bytesWritten: 0
 from dn=a14cd1ab-7861-42f9-8639-15260a7193f0(localhost/127.0.0.1).
java.io.IOException: Datanode=a14cd1ab-7861-42f9-8639-15260a7193f0(localhost/127.0.0.1) not part of pipeline=PipelineID=45cc3e2a-c500-4acc-a03a-a9cccc3d9481
	at org.apache.hadoop.hdds.scm.pipeline.Pipeline.reportDatanode(Pipeline.java:339)
	at org.apache.hadoop.hdds.scm.pipeline.PipelineReportHandler.setReportedDatanode(PipelineReportHandler.java:160)
	at org.apache.hadoop.hdds.scm.pipeline.PipelineReportHandler.processPipelineReport(PipelineReportHandler.java:135)
	at org.apache.hadoop.hdds.scm.pipeline.PipelineReportHandler.onMessage(PipelineReportHandler.java:94)
	at org.apache.hadoop.hdds.scm.pipeline.PipelineReportHandler.onMessage(PipelineReportHandler.java:53)
	at org.apache.hadoop.hdds.server.events.SingleThreadExecutor.lambda$onMessage$1(SingleThreadExecutor.java:86)
	at java.base/java.util.concurrent.ThreadPoolExecutor.runWorker(ThreadPoolExecutor.java:1144)
	at java.base/java.util.concurrent.ThreadPoolExecutor$Worker.run(ThreadPoolExecutor.java:642)
	at java.base/java.lang.Thread.run(Thread.java:1583)
2025-01-11 15:27:16,365 [a14cd1ab-7861-42f9-8639-15260a7193f0-groupManagement] INFO  server.RaftServerConfigKeys (ConfUtils.java:logGet(46)) - raft.server.log.segment.size.max = 67108864 (custom)
2025-01-11 15:27:16,366 [a14cd1ab-7861-42f9-8639-15260a7193f0-groupManagement] INFO  server.RaftServerConfigKeys (ConfUtils.java:logGet(46)) - raft.server.log.segment.cache.num.max = 2 (custom)
2025-01-11 15:27:16,366 [a14cd1ab-7861-42f9-8639-15260a7193f0-groupManagement] INFO  server.RaftServerConfigKeys (ConfUtils.java:logGet(46)) - raft.server.log.segment.cache.size.max = 200MB (=209715200) (default)
2025-01-11 15:27:16,366 [a14cd1ab-7861-42f9-8639-15260a7193f0-groupManagement] INFO  server.RaftServerConfigKeys (ConfUtils.java:logGet(46)) - raft.server.log.appender.buffer.byte-limit = 33554432 (custom)
2025-01-11 15:27:16,366 [a14cd1ab-7861-42f9-8639-15260a7193f0-groupManagement] INFO  util.AwaitToRun (AwaitToRun.java:start(81)) - Thread[#2225,a14cd1ab-7861-42f9-8639-15260a7193f0@group-D14C45472CDA-cacheEviction-AwaitToRun,5,main] started
2025-01-11 15:27:16,366 [a14cd1ab-7861-42f9-8639-15260a7193f0-groupManagement] INFO  segmented.SegmentedRaftLogWorker (SegmentedRaftLogWorker.java:<init>(188)) - new a14cd1ab-7861-42f9-8639-15260a7193f0@group-D14C45472CDA-SegmentedRaftLogWorker for RaftStorageImpl:Storage Directory /home/runner/work/ozone/ozone/hadoop-ozone/integration-test/target/test-dir/MiniOzoneClusterImpl-7d8e89df-ef81-4ba3-8c0c-8d2bb8f5309d/ozone-meta/datanode-4/ratisd27174d0-35af-4999-b359-9a099c85422c/6b0e9990-273b-424c-8773-d14c45472cda
2025-01-11 15:27:16,367 [a14cd1ab-7861-42f9-8639-15260a7193f0-groupManagement] INFO  server.RaftServerConfigKeys (ConfUtils.java:logGet(46)) - raft.server.log.queue.byte-limit = 4294967296 (custom)
2025-01-11 15:27:16,367 [a14cd1ab-7861-42f9-8639-15260a7193f0-groupManagement] INFO  server.RaftServerConfigKeys (ConfUtils.java:logGet(46)) - raft.server.log.queue.element-limit = 1024 (custom)
2025-01-11 15:27:16,367 [a14cd1ab-7861-42f9-8639-15260a7193f0-groupManagement] INFO  server.RaftServerConfigKeys (ConfUtils.java:logGet(46)) - raft.server.log.segment.size.max = 67108864 (custom)
2025-01-11 15:27:16,367 [a14cd1ab-7861-42f9-8639-15260a7193f0-groupManagement] INFO  server.RaftServerConfigKeys (ConfUtils.java:logGet(46)) - raft.server.log.preallocated.size = 4194304 (custom)
2025-01-11 15:27:16,367 [a14cd1ab-7861-42f9-8639-15260a7193f0-groupManagement] INFO  server.RaftServerConfigKeys (ConfUtils.java:logGet(46)) - raft.server.log.force.sync.num = 128 (default)
2025-01-11 15:27:16,367 [a14cd1ab-7861-42f9-8639-15260a7193f0-groupManagement] INFO  server.RaftServerConfigKeys (ConfUtils.java:logGet(46)) - raft.server.log.statemachine.data.sync = true (default)
2025-01-11 15:27:16,367 [a14cd1ab-7861-42f9-8639-15260a7193f0-groupManagement] INFO  server.RaftServerConfigKeys (ConfUtils.java:logGet(46)) - raft.server.log.statemachine.data.sync.timeout = 10s (default)
2025-01-11 15:27:16,367 [a14cd1ab-7861-42f9-8639-15260a7193f0-groupManagement] INFO  server.RaftServerConfigKeys (ConfUtils.java:logGet(46)) - raft.server.log.statemachine.data.sync.timeout.retry = 30 (custom)
2025-01-11 15:27:16,368 [EventQueue-PipelineReportForPipelineReportHandler] INFO  pipeline.PipelineReportHandler (PipelineReportHandler.java:processPipelineReport(147)) - Opened pipeline PipelineID=6b0e9990-273b-424c-8773-d14c45472cda
2025-01-11 15:27:16,368 [a14cd1ab-7861-42f9-8639-15260a7193f0-groupManagement] INFO  server.RaftServerConfigKeys (ConfUtils.java:logGet(46)) - raft.server.log.write.buffer.size = 33554440 (custom)
2025-01-11 15:27:16,372 [a14cd1ab-7861-42f9-8639-15260a7193f0-groupManagement] INFO  server.RaftServerConfigKeys (ConfUtils.java:logGet(46)) - raft.server.log.appender.buffer.byte-limit = 33554432 (custom)
2025-01-11 15:27:16,373 [a14cd1ab-7861-42f9-8639-15260a7193f0-groupManagement] INFO  server.RaftServerConfigKeys (ConfUtils.java:logGet(46)) - raft.server.log.unsafe-flush.enabled = false (default)
2025-01-11 15:27:16,373 [a14cd1ab-7861-42f9-8639-15260a7193f0-groupManagement] INFO  server.RaftServerConfigKeys (ConfUtils.java:logGet(46)) - raft.server.log.async-flush.enabled = false (default)
2025-01-11 15:27:16,373 [a14cd1ab-7861-42f9-8639-15260a7193f0-groupManagement] INFO  server.RaftServerConfigKeys (ConfUtils.java:logGet(46)) - raft.server.log.statemachine.data.caching.enabled = true (custom)
2025-01-11 15:27:16,373 [a14cd1ab-7861-42f9-8639-15260a7193f0-groupManagement] INFO  segmented.SegmentedRaftLogWorker (SegmentedRaftLogWorker.java:lambda$new$0(139)) - a14cd1ab-7861-42f9-8639-15260a7193f0@group-D14C45472CDA-SegmentedRaftLogWorker: flushIndex: setUnconditionally 0 -> -1
2025-01-11 15:27:16,373 [a14cd1ab-7861-42f9-8639-15260a7193f0-groupManagement] INFO  segmented.SegmentedRaftLogWorker (SegmentedRaftLogWorker.java:lambda$new$0(139)) - a14cd1ab-7861-42f9-8639-15260a7193f0@group-D14C45472CDA-SegmentedRaftLogWorker: safeCacheEvictIndex: setUnconditionally 0 -> -1
2025-01-11 15:27:16,373 [a14cd1ab-7861-42f9-8639-15260a7193f0-groupManagement] INFO  server.RaftServer$Division (RaftServerImpl.java:start(391)) - a14cd1ab-7861-42f9-8639-15260a7193f0@group-D14C45472CDA: start as a follower, conf=conf: {index: -1, cur=peers:[a14cd1ab-7861-42f9-8639-15260a7193f0|127.0.0.1:15043]|listeners:[], old=null}
2025-01-11 15:27:16,373 [a14cd1ab-7861-42f9-8639-15260a7193f0-groupManagement] INFO  server.RaftServer$Division (RaftServerImpl.java:setRole(378)) - a14cd1ab-7861-42f9-8639-15260a7193f0@group-D14C45472CDA: changes role from      null to FOLLOWER at term 0 for startAsFollower
2025-01-11 15:27:16,373 [a14cd1ab-7861-42f9-8639-15260a7193f0-groupManagement] INFO  impl.RoleInfo (RoleInfo.java:updateAndGet(148)) - a14cd1ab-7861-42f9-8639-15260a7193f0: start a14cd1ab-7861-42f9-8639-15260a7193f0@group-D14C45472CDA-FollowerState
2025-01-11 15:27:16,374 [a14cd1ab-7861-42f9-8639-15260a7193f0@group-D14C45472CDA-FollowerState] INFO  server.RaftServerConfigKeys (ConfUtils.java:logFallback(53)) - raft.server.rpc.first-election.timeout.min = 5s (fallback to raft.server.rpc.timeout.min)
2025-01-11 15:27:16,374 [a14cd1ab-7861-42f9-8639-15260a7193f0-groupManagement] INFO  util.JmxRegister (JmxRegister.java:tryRegister(44)) - Successfully registered JMX Bean with object name Ratis:service=RaftServer,group=group-D14C45472CDA,id=a14cd1ab-7861-42f9-8639-15260a7193f0
2025-01-11 15:27:16,374 [a14cd1ab-7861-42f9-8639-15260a7193f0-groupManagement] INFO  util.JmxRegister (JmxRegister.java:register(58)) - register mxBean class org.apache.ratis.server.impl.RaftServerJmxAdapter as Ratis:service=RaftServer,group=group-D14C45472CDA,id=a14cd1ab-7861-42f9-8639-15260a7193f0
2025-01-11 15:27:16,374 [a14cd1ab-7861-42f9-8639-15260a7193f0@group-D14C45472CDA-FollowerState] INFO  server.RaftServerConfigKeys (ConfUtils.java:logFallback(53)) - raft.server.rpc.first-election.timeout.max = 5200ms (fallback to raft.server.rpc.timeout.max)
2025-01-11 15:27:16,374 [a14cd1ab-7861-42f9-8639-15260a7193f0-groupManagement] INFO  server.RaftServerConfigKeys (ConfUtils.java:logGet(46)) - raft.server.snapshot.trigger-when-stop.enabled = true (default)
2025-01-11 15:27:16,374 [a14cd1ab-7861-42f9-8639-15260a7193f0-groupManagement] INFO  server.RaftServerConfigKeys (ConfUtils.java:logGet(46)) - raft.server.snapshot.trigger-when-remove.enabled = true (default)
2025-01-11 15:27:16,374 [a14cd1ab-7861-42f9-8639-15260a7193f0-groupManagement] INFO  server.RaftServerConfigKeys (ConfUtils.java:logGet(46)) - raft.server.snapshot.auto.trigger.enabled = true (custom)
2025-01-11 15:27:16,374 [a14cd1ab-7861-42f9-8639-15260a7193f0-groupManagement] INFO  server.RaftServerConfigKeys (ConfUtils.java:logGet(46)) - raft.server.snapshot.auto.trigger.threshold = 1 (custom)
2025-01-11 15:27:16,374 [a14cd1ab-7861-42f9-8639-15260a7193f0-groupManagement] INFO  server.RaftServerConfigKeys (ConfUtils.java:logGet(46)) - raft.server.snapshot.retention.file.num = 5 (custom)
2025-01-11 15:27:16,374 [a14cd1ab-7861-42f9-8639-15260a7193f0-groupManagement] INFO  server.RaftServerConfigKeys (ConfUtils.java:logGet(46)) - raft.server.log.purge.upto.snapshot.index = false (default)
2025-01-11 15:27:16,375 [a14cd1ab-7861-42f9-8639-15260a7193f0-groupManagement] INFO  server.RaftServer$Division (RaftServerImpl.java:start(405)) - a14cd1ab-7861-42f9-8639-15260a7193f0@group-D14C45472CDA: Successfully started.
2025-01-11 15:27:16,375 [a14cd1ab-7861-42f9-8639-15260a7193f0-PipelineCommandHandlerThread-0] INFO  ratis.XceiverServerRatis (XceiverServerRatis.java:addGroup(844)) - Created group PipelineID=6b0e9990-273b-424c-8773-d14c45472cda
2025-01-11 15:27:16,375 [a14cd1ab-7861-42f9-8639-15260a7193f0-PipelineCommandHandlerThread-0] INFO  commandhandler.CreatePipelineCommandHandler (CreatePipelineCommandHandler.java:lambda$handle$2(129)) - Created Pipeline RATIS ONE PipelineID=6b0e9990-273b-424c-8773-d14c45472cda.
2025-01-11 15:27:16,564 [EventQueue-PipelineReportForPipelineReportHandler] ERROR pipeline.PipelineReportHandler (PipelineReportHandler.java:onMessage(101)) - Could not process pipeline report=pipelineID {
  id: "45cc3e2a-c500-4acc-a03a-a9cccc3d9481"
  uuid128 {
    mostSigBits: 5029463237280680652
    leastSigBits: -6901016781926853503
  }
}
isLeader: false
bytesWritten: 0
 from dn=a14cd1ab-7861-42f9-8639-15260a7193f0(localhost/127.0.0.1).
java.io.IOException: Datanode=a14cd1ab-7861-42f9-8639-15260a7193f0(localhost/127.0.0.1) not part of pipeline=PipelineID=45cc3e2a-c500-4acc-a03a-a9cccc3d9481
	at org.apache.hadoop.hdds.scm.pipeline.Pipeline.reportDatanode(Pipeline.java:339)
	at org.apache.hadoop.hdds.scm.pipeline.PipelineReportHandler.setReportedDatanode(PipelineReportHandler.java:160)
	at org.apache.hadoop.hdds.scm.pipeline.PipelineReportHandler.processPipelineReport(PipelineReportHandler.java:135)
	at org.apache.hadoop.hdds.scm.pipeline.PipelineReportHandler.onMessage(PipelineReportHandler.java:94)
	at org.apache.hadoop.hdds.scm.pipeline.PipelineReportHandler.onMessage(PipelineReportHandler.java:53)
	at org.apache.hadoop.hdds.server.events.SingleThreadExecutor.lambda$onMessage$1(SingleThreadExecutor.java:86)
	at java.base/java.util.concurrent.ThreadPoolExecutor.runWorker(ThreadPoolExecutor.java:1144)
	at java.base/java.util.concurrent.ThreadPoolExecutor$Worker.run(ThreadPoolExecutor.java:642)
	at java.base/java.lang.Thread.run(Thread.java:1583)
2025-01-11 15:27:16,764 [EventQueue-PipelineReportForPipelineReportHandler] ERROR pipeline.PipelineReportHandler (PipelineReportHandler.java:onMessage(101)) - Could not process pipeline report=pipelineID {
  id: "45cc3e2a-c500-4acc-a03a-a9cccc3d9481"
  uuid128 {
    mostSigBits: 5029463237280680652
    leastSigBits: -6901016781926853503
  }
}
isLeader: false
bytesWritten: 0
 from dn=a14cd1ab-7861-42f9-8639-15260a7193f0(localhost/127.0.0.1).
java.io.IOException: Datanode=a14cd1ab-7861-42f9-8639-15260a7193f0(localhost/127.0.0.1) not part of pipeline=PipelineID=45cc3e2a-c500-4acc-a03a-a9cccc3d9481
	at org.apache.hadoop.hdds.scm.pipeline.Pipeline.reportDatanode(Pipeline.java:339)
	at org.apache.hadoop.hdds.scm.pipeline.PipelineReportHandler.setReportedDatanode(PipelineReportHandler.java:160)
	at org.apache.hadoop.hdds.scm.pipeline.PipelineReportHandler.processPipelineReport(PipelineReportHandler.java:135)
	at org.apache.hadoop.hdds.scm.pipeline.PipelineReportHandler.onMessage(PipelineReportHandler.java:94)
	at org.apache.hadoop.hdds.scm.pipeline.PipelineReportHandler.onMessage(PipelineReportHandler.java:53)
	at org.apache.hadoop.hdds.server.events.SingleThreadExecutor.lambda$onMessage$1(SingleThreadExecutor.java:86)
	at java.base/java.util.concurrent.ThreadPoolExecutor.runWorker(ThreadPoolExecutor.java:1144)
	at java.base/java.util.concurrent.ThreadPoolExecutor$Worker.run(ThreadPoolExecutor.java:642)
	at java.base/java.lang.Thread.run(Thread.java:1583)
2025-01-11 15:27:16,965 [EventQueue-PipelineReportForPipelineReportHandler] ERROR pipeline.PipelineReportHandler (PipelineReportHandler.java:onMessage(101)) - Could not process pipeline report=pipelineID {
  id: "45cc3e2a-c500-4acc-a03a-a9cccc3d9481"
  uuid128 {
    mostSigBits: 5029463237280680652
    leastSigBits: -6901016781926853503
  }
}
isLeader: false
bytesWritten: 0
 from dn=a14cd1ab-7861-42f9-8639-15260a7193f0(localhost/127.0.0.1).
java.io.IOException: Datanode=a14cd1ab-7861-42f9-8639-15260a7193f0(localhost/127.0.0.1) not part of pipeline=PipelineID=45cc3e2a-c500-4acc-a03a-a9cccc3d9481
	at org.apache.hadoop.hdds.scm.pipeline.Pipeline.reportDatanode(Pipeline.java:339)
	at org.apache.hadoop.hdds.scm.pipeline.PipelineReportHandler.setReportedDatanode(PipelineReportHandler.java:160)
	at org.apache.hadoop.hdds.scm.pipeline.PipelineReportHandler.processPipelineReport(PipelineReportHandler.java:135)
	at org.apache.hadoop.hdds.scm.pipeline.PipelineReportHandler.onMessage(PipelineReportHandler.java:94)
	at org.apache.hadoop.hdds.scm.pipeline.PipelineReportHandler.onMessage(PipelineReportHandler.java:53)
	at org.apache.hadoop.hdds.server.events.SingleThreadExecutor.lambda$onMessage$1(SingleThreadExecutor.java:86)
	at java.base/java.util.concurrent.ThreadPoolExecutor.runWorker(ThreadPoolExecutor.java:1144)
	at java.base/java.util.concurrent.ThreadPoolExecutor$Worker.run(ThreadPoolExecutor.java:642)
	at java.base/java.lang.Thread.run(Thread.java:1583)
2025-01-11 15:27:17,165 [EventQueue-PipelineReportForPipelineReportHandler] ERROR pipeline.PipelineReportHandler (PipelineReportHandler.java:onMessage(101)) - Could not process pipeline report=pipelineID {
  id: "45cc3e2a-c500-4acc-a03a-a9cccc3d9481"
  uuid128 {
    mostSigBits: 5029463237280680652
    leastSigBits: -6901016781926853503
  }
}
isLeader: false
bytesWritten: 0
 from dn=a14cd1ab-7861-42f9-8639-15260a7193f0(localhost/127.0.0.1).
java.io.IOException: Datanode=a14cd1ab-7861-42f9-8639-15260a7193f0(localhost/127.0.0.1) not part of pipeline=PipelineID=45cc3e2a-c500-4acc-a03a-a9cccc3d9481
	at org.apache.hadoop.hdds.scm.pipeline.Pipeline.reportDatanode(Pipeline.java:339)
	at org.apache.hadoop.hdds.scm.pipeline.PipelineReportHandler.setReportedDatanode(PipelineReportHandler.java:160)
	at org.apache.hadoop.hdds.scm.pipeline.PipelineReportHandler.processPipelineReport(PipelineReportHandler.java:135)
	at org.apache.hadoop.hdds.scm.pipeline.PipelineReportHandler.onMessage(PipelineReportHandler.java:94)
	at org.apache.hadoop.hdds.scm.pipeline.PipelineReportHandler.onMessage(PipelineReportHandler.java:53)
	at org.apache.hadoop.hdds.server.events.SingleThreadExecutor.lambda$onMessage$1(SingleThreadExecutor.java:86)
	at java.base/java.util.concurrent.ThreadPoolExecutor.runWorker(ThreadPoolExecutor.java:1144)
	at java.base/java.util.concurrent.ThreadPoolExecutor$Worker.run(ThreadPoolExecutor.java:642)
	at java.base/java.lang.Thread.run(Thread.java:1583)
2025-01-11 15:27:17,340 [timer4] WARN  server.GrpcLogAppender (GrpcLogAppender.java:lambda$resetClient$1(221)) - fc60e07f-496f-42fe-ae82-620152583f87@group-A7184706D343->4ba790b6-f5d5-4c4e-97f5-f1f66fb5d3d4-GrpcLogAppender: Follower failed (request=null, errorCount=54); keep nextIndex (24) unchanged and retry. (Repeated 2 times in the last 5.004s)
2025-01-11 15:27:17,340 [timer6] WARN  server.GrpcLogAppender (GrpcLogAppender.java:lambda$resetClient$1(221)) - fc60e07f-496f-42fe-ae82-620152583f87@group-A7184706D343->4ba790b6-f5d5-4c4e-97f5-f1f66fb5d3d4-GrpcLogAppender: Follower failed (request=null, errorCount=57); keep nextIndex (26) unchanged and retry. (Repeated 3 times in the last 5.000s)
2025-01-11 15:27:17,365 [EventQueue-PipelineReportForPipelineReportHandler] ERROR pipeline.PipelineReportHandler (PipelineReportHandler.java:onMessage(101)) - Could not process pipeline report=pipelineID {
  id: "45cc3e2a-c500-4acc-a03a-a9cccc3d9481"
  uuid128 {
    mostSigBits: 5029463237280680652
    leastSigBits: -6901016781926853503
  }
}
isLeader: false
bytesWritten: 0
 from dn=a14cd1ab-7861-42f9-8639-15260a7193f0(localhost/127.0.0.1).
java.io.IOException: Datanode=a14cd1ab-7861-42f9-8639-15260a7193f0(localhost/127.0.0.1) not part of pipeline=PipelineID=45cc3e2a-c500-4acc-a03a-a9cccc3d9481
	at org.apache.hadoop.hdds.scm.pipeline.Pipeline.reportDatanode(Pipeline.java:339)
	at org.apache.hadoop.hdds.scm.pipeline.PipelineReportHandler.setReportedDatanode(PipelineReportHandler.java:160)
	at org.apache.hadoop.hdds.scm.pipeline.PipelineReportHandler.processPipelineReport(PipelineReportHandler.java:135)
	at org.apache.hadoop.hdds.scm.pipeline.PipelineReportHandler.onMessage(PipelineReportHandler.java:94)
	at org.apache.hadoop.hdds.scm.pipeline.PipelineReportHandler.onMessage(PipelineReportHandler.java:53)
	at org.apache.hadoop.hdds.server.events.SingleThreadExecutor.lambda$onMessage$1(SingleThreadExecutor.java:86)
	at java.base/java.util.concurrent.ThreadPoolExecutor.runWorker(ThreadPoolExecutor.java:1144)
	at java.base/java.util.concurrent.ThreadPoolExecutor$Worker.run(ThreadPoolExecutor.java:642)
	at java.base/java.lang.Thread.run(Thread.java:1583)
2025-01-11 15:27:17,565 [EventQueue-PipelineReportForPipelineReportHandler] ERROR pipeline.PipelineReportHandler (PipelineReportHandler.java:onMessage(101)) - Could not process pipeline report=pipelineID {
  id: "45cc3e2a-c500-4acc-a03a-a9cccc3d9481"
  uuid128 {
    mostSigBits: 5029463237280680652
    leastSigBits: -6901016781926853503
  }
}
isLeader: false
bytesWritten: 0
 from dn=a14cd1ab-7861-42f9-8639-15260a7193f0(localhost/127.0.0.1).
java.io.IOException: Datanode=a14cd1ab-7861-42f9-8639-15260a7193f0(localhost/127.0.0.1) not part of pipeline=PipelineID=45cc3e2a-c500-4acc-a03a-a9cccc3d9481
	at org.apache.hadoop.hdds.scm.pipeline.Pipeline.reportDatanode(Pipeline.java:339)
	at org.apache.hadoop.hdds.scm.pipeline.PipelineReportHandler.setReportedDatanode(PipelineReportHandler.java:160)
	at org.apache.hadoop.hdds.scm.pipeline.PipelineReportHandler.processPipelineReport(PipelineReportHandler.java:135)
	at org.apache.hadoop.hdds.scm.pipeline.PipelineReportHandler.onMessage(PipelineReportHandler.java:94)
	at org.apache.hadoop.hdds.scm.pipeline.PipelineReportHandler.onMessage(PipelineReportHandler.java:53)
	at org.apache.hadoop.hdds.server.events.SingleThreadExecutor.lambda$onMessage$1(SingleThreadExecutor.java:86)
	at java.base/java.util.concurrent.ThreadPoolExecutor.runWorker(ThreadPoolExecutor.java:1144)
	at java.base/java.util.concurrent.ThreadPoolExecutor$Worker.run(ThreadPoolExecutor.java:642)
	at java.base/java.lang.Thread.run(Thread.java:1583)
2025-01-11 15:27:17,765 [EventQueue-PipelineReportForPipelineReportHandler] ERROR pipeline.PipelineReportHandler (PipelineReportHandler.java:onMessage(101)) - Could not process pipeline report=pipelineID {
  id: "45cc3e2a-c500-4acc-a03a-a9cccc3d9481"
  uuid128 {
    mostSigBits: 5029463237280680652
    leastSigBits: -6901016781926853503
  }
}
isLeader: false
bytesWritten: 0
 from dn=a14cd1ab-7861-42f9-8639-15260a7193f0(localhost/127.0.0.1).
java.io.IOException: Datanode=a14cd1ab-7861-42f9-8639-15260a7193f0(localhost/127.0.0.1) not part of pipeline=PipelineID=45cc3e2a-c500-4acc-a03a-a9cccc3d9481
	at org.apache.hadoop.hdds.scm.pipeline.Pipeline.reportDatanode(Pipeline.java:339)
	at org.apache.hadoop.hdds.scm.pipeline.PipelineReportHandler.setReportedDatanode(PipelineReportHandler.java:160)
	at org.apache.hadoop.hdds.scm.pipeline.PipelineReportHandler.processPipelineReport(PipelineReportHandler.java:135)
	at org.apache.hadoop.hdds.scm.pipeline.PipelineReportHandler.onMessage(PipelineReportHandler.java:94)
	at org.apache.hadoop.hdds.scm.pipeline.PipelineReportHandler.onMessage(PipelineReportHandler.java:53)
	at org.apache.hadoop.hdds.server.events.SingleThreadExecutor.lambda$onMessage$1(SingleThreadExecutor.java:86)
	at java.base/java.util.concurrent.ThreadPoolExecutor.runWorker(ThreadPoolExecutor.java:1144)
	at java.base/java.util.concurrent.ThreadPoolExecutor$Worker.run(ThreadPoolExecutor.java:642)
	at java.base/java.lang.Thread.run(Thread.java:1583)
2025-01-11 15:27:17,965 [EventQueue-PipelineReportForPipelineReportHandler] ERROR pipeline.PipelineReportHandler (PipelineReportHandler.java:onMessage(101)) - Could not process pipeline report=pipelineID {
  id: "45cc3e2a-c500-4acc-a03a-a9cccc3d9481"
  uuid128 {
    mostSigBits: 5029463237280680652
    leastSigBits: -6901016781926853503
  }
}
isLeader: false
bytesWritten: 0
 from dn=a14cd1ab-7861-42f9-8639-15260a7193f0(localhost/127.0.0.1).
java.io.IOException: Datanode=a14cd1ab-7861-42f9-8639-15260a7193f0(localhost/127.0.0.1) not part of pipeline=PipelineID=45cc3e2a-c500-4acc-a03a-a9cccc3d9481
	at org.apache.hadoop.hdds.scm.pipeline.Pipeline.reportDatanode(Pipeline.java:339)
	at org.apache.hadoop.hdds.scm.pipeline.PipelineReportHandler.setReportedDatanode(PipelineReportHandler.java:160)
	at org.apache.hadoop.hdds.scm.pipeline.PipelineReportHandler.processPipelineReport(PipelineReportHandler.java:135)
	at org.apache.hadoop.hdds.scm.pipeline.PipelineReportHandler.onMessage(PipelineReportHandler.java:94)
	at org.apache.hadoop.hdds.scm.pipeline.PipelineReportHandler.onMessage(PipelineReportHandler.java:53)
	at org.apache.hadoop.hdds.server.events.SingleThreadExecutor.lambda$onMessage$1(SingleThreadExecutor.java:86)
	at java.base/java.util.concurrent.ThreadPoolExecutor.runWorker(ThreadPoolExecutor.java:1144)
	at java.base/java.util.concurrent.ThreadPoolExecutor$Worker.run(ThreadPoolExecutor.java:642)
	at java.base/java.lang.Thread.run(Thread.java:1583)
2025-01-11 15:27:18,365 [EventQueue-PipelineReportForPipelineReportHandler] ERROR pipeline.PipelineReportHandler (PipelineReportHandler.java:onMessage(101)) - Could not process pipeline report=pipelineID {
  id: "45cc3e2a-c500-4acc-a03a-a9cccc3d9481"
  uuid128 {
    mostSigBits: 5029463237280680652
    leastSigBits: -6901016781926853503
  }
}
isLeader: false
bytesWritten: 0
 from dn=a14cd1ab-7861-42f9-8639-15260a7193f0(localhost/127.0.0.1).
java.io.IOException: Datanode=a14cd1ab-7861-42f9-8639-15260a7193f0(localhost/127.0.0.1) not part of pipeline=PipelineID=45cc3e2a-c500-4acc-a03a-a9cccc3d9481
	at org.apache.hadoop.hdds.scm.pipeline.Pipeline.reportDatanode(Pipeline.java:339)
	at org.apache.hadoop.hdds.scm.pipeline.PipelineReportHandler.setReportedDatanode(PipelineReportHandler.java:160)
	at org.apache.hadoop.hdds.scm.pipeline.PipelineReportHandler.processPipelineReport(PipelineReportHandler.java:135)
	at org.apache.hadoop.hdds.scm.pipeline.PipelineReportHandler.onMessage(PipelineReportHandler.java:94)
	at org.apache.hadoop.hdds.scm.pipeline.PipelineReportHandler.onMessage(PipelineReportHandler.java:53)
	at org.apache.hadoop.hdds.server.events.SingleThreadExecutor.lambda$onMessage$1(SingleThreadExecutor.java:86)
	at java.base/java.util.concurrent.ThreadPoolExecutor.runWorker(ThreadPoolExecutor.java:1144)
	at java.base/java.util.concurrent.ThreadPoolExecutor$Worker.run(ThreadPoolExecutor.java:642)
	at java.base/java.lang.Thread.run(Thread.java:1583)
2025-01-11 15:27:18,426 [timer3] WARN  server.GrpcLogAppender (GrpcLogAppender.java:timeoutAppendRequest(441)) - 84b435bb-d41b-4758-bf48-ce9052c81d4a@group-B0CD692FEFE8->4ba790b6-f5d5-4c4e-97f5-f1f66fb5d3d4-GrpcLogAppender: Timed out HEARTBEAT appendEntries, errorCount=55, request=AppendEntriesRequest:cid=9324,entriesCount=0
2025-01-11 15:27:18,565 [EventQueue-PipelineReportForPipelineReportHandler] ERROR pipeline.PipelineReportHandler (PipelineReportHandler.java:onMessage(101)) - Could not process pipeline report=pipelineID {
  id: "45cc3e2a-c500-4acc-a03a-a9cccc3d9481"
  uuid128 {
    mostSigBits: 5029463237280680652
    leastSigBits: -6901016781926853503
  }
}
isLeader: false
bytesWritten: 0
 from dn=a14cd1ab-7861-42f9-8639-15260a7193f0(localhost/127.0.0.1).
java.io.IOException: Datanode=a14cd1ab-7861-42f9-8639-15260a7193f0(localhost/127.0.0.1) not part of pipeline=PipelineID=45cc3e2a-c500-4acc-a03a-a9cccc3d9481
	at org.apache.hadoop.hdds.scm.pipeline.Pipeline.reportDatanode(Pipeline.java:339)
	at org.apache.hadoop.hdds.scm.pipeline.PipelineReportHandler.setReportedDatanode(PipelineReportHandler.java:160)
	at org.apache.hadoop.hdds.scm.pipeline.PipelineReportHandler.processPipelineReport(PipelineReportHandler.java:135)
	at org.apache.hadoop.hdds.scm.pipeline.PipelineReportHandler.onMessage(PipelineReportHandler.java:94)
	at org.apache.hadoop.hdds.scm.pipeline.PipelineReportHandler.onMessage(PipelineReportHandler.java:53)
	at org.apache.hadoop.hdds.server.events.SingleThreadExecutor.lambda$onMessage$1(SingleThreadExecutor.java:86)
	at java.base/java.util.concurrent.ThreadPoolExecutor.runWorker(ThreadPoolExecutor.java:1144)
	at java.base/java.util.concurrent.ThreadPoolExecutor$Worker.run(ThreadPoolExecutor.java:642)
	at java.base/java.lang.Thread.run(Thread.java:1583)
2025-01-11 15:27:18,765 [EventQueue-PipelineReportForPipelineReportHandler] ERROR pipeline.PipelineReportHandler (PipelineReportHandler.java:onMessage(101)) - Could not process pipeline report=pipelineID {
  id: "45cc3e2a-c500-4acc-a03a-a9cccc3d9481"
  uuid128 {
    mostSigBits: 5029463237280680652
    leastSigBits: -6901016781926853503
  }
}
isLeader: false
bytesWritten: 0
 from dn=a14cd1ab-7861-42f9-8639-15260a7193f0(localhost/127.0.0.1).
java.io.IOException: Datanode=a14cd1ab-7861-42f9-8639-15260a7193f0(localhost/127.0.0.1) not part of pipeline=PipelineID=45cc3e2a-c500-4acc-a03a-a9cccc3d9481
	at org.apache.hadoop.hdds.scm.pipeline.Pipeline.reportDatanode(Pipeline.java:339)
	at org.apache.hadoop.hdds.scm.pipeline.PipelineReportHandler.setReportedDatanode(PipelineReportHandler.java:160)
	at org.apache.hadoop.hdds.scm.pipeline.PipelineReportHandler.processPipelineReport(PipelineReportHandler.java:135)
	at org.apache.hadoop.hdds.scm.pipeline.PipelineReportHandler.onMessage(PipelineReportHandler.java:94)
	at org.apache.hadoop.hdds.scm.pipeline.PipelineReportHandler.onMessage(PipelineReportHandler.java:53)
	at org.apache.hadoop.hdds.server.events.SingleThreadExecutor.lambda$onMessage$1(SingleThreadExecutor.java:86)
	at java.base/java.util.concurrent.ThreadPoolExecutor.runWorker(ThreadPoolExecutor.java:1144)
	at java.base/java.util.concurrent.ThreadPoolExecutor$Worker.run(ThreadPoolExecutor.java:642)
	at java.base/java.lang.Thread.run(Thread.java:1583)
2025-01-11 15:27:18,965 [EventQueue-PipelineReportForPipelineReportHandler] ERROR pipeline.PipelineReportHandler (PipelineReportHandler.java:onMessage(101)) - Could not process pipeline report=pipelineID {
  id: "45cc3e2a-c500-4acc-a03a-a9cccc3d9481"
  uuid128 {
    mostSigBits: 5029463237280680652
    leastSigBits: -6901016781926853503
  }
}
isLeader: false
bytesWritten: 0
 from dn=a14cd1ab-7861-42f9-8639-15260a7193f0(localhost/127.0.0.1).
java.io.IOException: Datanode=a14cd1ab-7861-42f9-8639-15260a7193f0(localhost/127.0.0.1) not part of pipeline=PipelineID=45cc3e2a-c500-4acc-a03a-a9cccc3d9481
	at org.apache.hadoop.hdds.scm.pipeline.Pipeline.reportDatanode(Pipeline.java:339)
	at org.apache.hadoop.hdds.scm.pipeline.PipelineReportHandler.setReportedDatanode(PipelineReportHandler.java:160)
	at org.apache.hadoop.hdds.scm.pipeline.PipelineReportHandler.processPipelineReport(PipelineReportHandler.java:135)
	at org.apache.hadoop.hdds.scm.pipeline.PipelineReportHandler.onMessage(PipelineReportHandler.java:94)
	at org.apache.hadoop.hdds.scm.pipeline.PipelineReportHandler.onMessage(PipelineReportHandler.java:53)
	at org.apache.hadoop.hdds.server.events.SingleThreadExecutor.lambda$onMessage$1(SingleThreadExecutor.java:86)
	at java.base/java.util.concurrent.ThreadPoolExecutor.runWorker(ThreadPoolExecutor.java:1144)
	at java.base/java.util.concurrent.ThreadPoolExecutor$Worker.run(ThreadPoolExecutor.java:642)
	at java.base/java.lang.Thread.run(Thread.java:1583)
2025-01-11 15:27:19,165 [EventQueue-PipelineReportForPipelineReportHandler] ERROR pipeline.PipelineReportHandler (PipelineReportHandler.java:onMessage(101)) - Could not process pipeline report=pipelineID {
  id: "45cc3e2a-c500-4acc-a03a-a9cccc3d9481"
  uuid128 {
    mostSigBits: 5029463237280680652
    leastSigBits: -6901016781926853503
  }
}
isLeader: false
bytesWritten: 0
 from dn=a14cd1ab-7861-42f9-8639-15260a7193f0(localhost/127.0.0.1).
java.io.IOException: Datanode=a14cd1ab-7861-42f9-8639-15260a7193f0(localhost/127.0.0.1) not part of pipeline=PipelineID=45cc3e2a-c500-4acc-a03a-a9cccc3d9481
	at org.apache.hadoop.hdds.scm.pipeline.Pipeline.reportDatanode(Pipeline.java:339)
	at org.apache.hadoop.hdds.scm.pipeline.PipelineReportHandler.setReportedDatanode(PipelineReportHandler.java:160)
	at org.apache.hadoop.hdds.scm.pipeline.PipelineReportHandler.processPipelineReport(PipelineReportHandler.java:135)
	at org.apache.hadoop.hdds.scm.pipeline.PipelineReportHandler.onMessage(PipelineReportHandler.java:94)
	at org.apache.hadoop.hdds.scm.pipeline.PipelineReportHandler.onMessage(PipelineReportHandler.java:53)
	at org.apache.hadoop.hdds.server.events.SingleThreadExecutor.lambda$onMessage$1(SingleThreadExecutor.java:86)
	at java.base/java.util.concurrent.ThreadPoolExecutor.runWorker(ThreadPoolExecutor.java:1144)
	at java.base/java.util.concurrent.ThreadPoolExecutor$Worker.run(ThreadPoolExecutor.java:642)
	at java.base/java.lang.Thread.run(Thread.java:1583)
2025-01-11 15:27:19,366 [EventQueue-PipelineReportForPipelineReportHandler] ERROR pipeline.PipelineReportHandler (PipelineReportHandler.java:onMessage(101)) - Could not process pipeline report=pipelineID {
  id: "45cc3e2a-c500-4acc-a03a-a9cccc3d9481"
  uuid128 {
    mostSigBits: 5029463237280680652
    leastSigBits: -6901016781926853503
  }
}
isLeader: false
bytesWritten: 0
 from dn=a14cd1ab-7861-42f9-8639-15260a7193f0(localhost/127.0.0.1).
java.io.IOException: Datanode=a14cd1ab-7861-42f9-8639-15260a7193f0(localhost/127.0.0.1) not part of pipeline=PipelineID=45cc3e2a-c500-4acc-a03a-a9cccc3d9481
	at org.apache.hadoop.hdds.scm.pipeline.Pipeline.reportDatanode(Pipeline.java:339)
	at org.apache.hadoop.hdds.scm.pipeline.PipelineReportHandler.setReportedDatanode(PipelineReportHandler.java:160)
	at org.apache.hadoop.hdds.scm.pipeline.PipelineReportHandler.processPipelineReport(PipelineReportHandler.java:135)
	at org.apache.hadoop.hdds.scm.pipeline.PipelineReportHandler.onMessage(PipelineReportHandler.java:94)
	at org.apache.hadoop.hdds.scm.pipeline.PipelineReportHandler.onMessage(PipelineReportHandler.java:53)
	at org.apache.hadoop.hdds.server.events.SingleThreadExecutor.lambda$onMessage$1(SingleThreadExecutor.java:86)
	at java.base/java.util.concurrent.ThreadPoolExecutor.runWorker(ThreadPoolExecutor.java:1144)
	at java.base/java.util.concurrent.ThreadPoolExecutor$Worker.run(ThreadPoolExecutor.java:642)
	at java.base/java.lang.Thread.run(Thread.java:1583)
2025-01-11 15:27:19,566 [EventQueue-PipelineReportForPipelineReportHandler] ERROR pipeline.PipelineReportHandler (PipelineReportHandler.java:onMessage(101)) - Could not process pipeline report=pipelineID {
  id: "45cc3e2a-c500-4acc-a03a-a9cccc3d9481"
  uuid128 {
    mostSigBits: 5029463237280680652
    leastSigBits: -6901016781926853503
  }
}
isLeader: false
bytesWritten: 0
 from dn=a14cd1ab-7861-42f9-8639-15260a7193f0(localhost/127.0.0.1).
java.io.IOException: Datanode=a14cd1ab-7861-42f9-8639-15260a7193f0(localhost/127.0.0.1) not part of pipeline=PipelineID=45cc3e2a-c500-4acc-a03a-a9cccc3d9481
	at org.apache.hadoop.hdds.scm.pipeline.Pipeline.reportDatanode(Pipeline.java:339)
	at org.apache.hadoop.hdds.scm.pipeline.PipelineReportHandler.setReportedDatanode(PipelineReportHandler.java:160)
	at org.apache.hadoop.hdds.scm.pipeline.PipelineReportHandler.processPipelineReport(PipelineReportHandler.java:135)
	at org.apache.hadoop.hdds.scm.pipeline.PipelineReportHandler.onMessage(PipelineReportHandler.java:94)
	at org.apache.hadoop.hdds.scm.pipeline.PipelineReportHandler.onMessage(PipelineReportHandler.java:53)
	at org.apache.hadoop.hdds.server.events.SingleThreadExecutor.lambda$onMessage$1(SingleThreadExecutor.java:86)
	at java.base/java.util.concurrent.ThreadPoolExecutor.runWorker(ThreadPoolExecutor.java:1144)
	at java.base/java.util.concurrent.ThreadPoolExecutor$Worker.run(ThreadPoolExecutor.java:642)
	at java.base/java.lang.Thread.run(Thread.java:1583)
2025-01-11 15:27:19,766 [EventQueue-PipelineReportForPipelineReportHandler] ERROR pipeline.PipelineReportHandler (PipelineReportHandler.java:onMessage(101)) - Could not process pipeline report=pipelineID {
  id: "45cc3e2a-c500-4acc-a03a-a9cccc3d9481"
  uuid128 {
    mostSigBits: 5029463237280680652
    leastSigBits: -6901016781926853503
  }
}
isLeader: false
bytesWritten: 0
 from dn=a14cd1ab-7861-42f9-8639-15260a7193f0(localhost/127.0.0.1).
java.io.IOException: Datanode=a14cd1ab-7861-42f9-8639-15260a7193f0(localhost/127.0.0.1) not part of pipeline=PipelineID=45cc3e2a-c500-4acc-a03a-a9cccc3d9481
	at org.apache.hadoop.hdds.scm.pipeline.Pipeline.reportDatanode(Pipeline.java:339)
	at org.apache.hadoop.hdds.scm.pipeline.PipelineReportHandler.setReportedDatanode(PipelineReportHandler.java:160)
	at org.apache.hadoop.hdds.scm.pipeline.PipelineReportHandler.processPipelineReport(PipelineReportHandler.java:135)
	at org.apache.hadoop.hdds.scm.pipeline.PipelineReportHandler.onMessage(PipelineReportHandler.java:94)
	at org.apache.hadoop.hdds.scm.pipeline.PipelineReportHandler.onMessage(PipelineReportHandler.java:53)
	at org.apache.hadoop.hdds.server.events.SingleThreadExecutor.lambda$onMessage$1(SingleThreadExecutor.java:86)
	at java.base/java.util.concurrent.ThreadPoolExecutor.runWorker(ThreadPoolExecutor.java:1144)
	at java.base/java.util.concurrent.ThreadPoolExecutor$Worker.run(ThreadPoolExecutor.java:642)
	at java.base/java.lang.Thread.run(Thread.java:1583)
2025-01-11 15:27:19,966 [EventQueue-PipelineReportForPipelineReportHandler] ERROR pipeline.PipelineReportHandler (PipelineReportHandler.java:onMessage(101)) - Could not process pipeline report=pipelineID {
  id: "45cc3e2a-c500-4acc-a03a-a9cccc3d9481"
  uuid128 {
    mostSigBits: 5029463237280680652
    leastSigBits: -6901016781926853503
  }
}
isLeader: false
bytesWritten: 0
 from dn=a14cd1ab-7861-42f9-8639-15260a7193f0(localhost/127.0.0.1).
java.io.IOException: Datanode=a14cd1ab-7861-42f9-8639-15260a7193f0(localhost/127.0.0.1) not part of pipeline=PipelineID=45cc3e2a-c500-4acc-a03a-a9cccc3d9481
	at org.apache.hadoop.hdds.scm.pipeline.Pipeline.reportDatanode(Pipeline.java:339)
	at org.apache.hadoop.hdds.scm.pipeline.PipelineReportHandler.setReportedDatanode(PipelineReportHandler.java:160)
	at org.apache.hadoop.hdds.scm.pipeline.PipelineReportHandler.processPipelineReport(PipelineReportHandler.java:135)
	at org.apache.hadoop.hdds.scm.pipeline.PipelineReportHandler.onMessage(PipelineReportHandler.java:94)
	at org.apache.hadoop.hdds.scm.pipeline.PipelineReportHandler.onMessage(PipelineReportHandler.java:53)
	at org.apache.hadoop.hdds.server.events.SingleThreadExecutor.lambda$onMessage$1(SingleThreadExecutor.java:86)
	at java.base/java.util.concurrent.ThreadPoolExecutor.runWorker(ThreadPoolExecutor.java:1144)
	at java.base/java.util.concurrent.ThreadPoolExecutor$Worker.run(ThreadPoolExecutor.java:642)
	at java.base/java.lang.Thread.run(Thread.java:1583)
2025-01-11 15:27:20,166 [EventQueue-PipelineReportForPipelineReportHandler] ERROR pipeline.PipelineReportHandler (PipelineReportHandler.java:onMessage(101)) - Could not process pipeline report=pipelineID {
  id: "45cc3e2a-c500-4acc-a03a-a9cccc3d9481"
  uuid128 {
    mostSigBits: 5029463237280680652
    leastSigBits: -6901016781926853503
  }
}
isLeader: false
bytesWritten: 0
 from dn=a14cd1ab-7861-42f9-8639-15260a7193f0(localhost/127.0.0.1).
java.io.IOException: Datanode=a14cd1ab-7861-42f9-8639-15260a7193f0(localhost/127.0.0.1) not part of pipeline=PipelineID=45cc3e2a-c500-4acc-a03a-a9cccc3d9481
	at org.apache.hadoop.hdds.scm.pipeline.Pipeline.reportDatanode(Pipeline.java:339)
	at org.apache.hadoop.hdds.scm.pipeline.PipelineReportHandler.setReportedDatanode(PipelineReportHandler.java:160)
	at org.apache.hadoop.hdds.scm.pipeline.PipelineReportHandler.processPipelineReport(PipelineReportHandler.java:135)
	at org.apache.hadoop.hdds.scm.pipeline.PipelineReportHandler.onMessage(PipelineReportHandler.java:94)
	at org.apache.hadoop.hdds.scm.pipeline.PipelineReportHandler.onMessage(PipelineReportHandler.java:53)
	at org.apache.hadoop.hdds.server.events.SingleThreadExecutor.lambda$onMessage$1(SingleThreadExecutor.java:86)
	at java.base/java.util.concurrent.ThreadPoolExecutor.runWorker(ThreadPoolExecutor.java:1144)
	at java.base/java.util.concurrent.ThreadPoolExecutor$Worker.run(ThreadPoolExecutor.java:642)
	at java.base/java.lang.Thread.run(Thread.java:1583)
2025-01-11 15:27:20,366 [EventQueue-PipelineReportForPipelineReportHandler] ERROR pipeline.PipelineReportHandler (PipelineReportHandler.java:onMessage(101)) - Could not process pipeline report=pipelineID {
  id: "45cc3e2a-c500-4acc-a03a-a9cccc3d9481"
  uuid128 {
    mostSigBits: 5029463237280680652
    leastSigBits: -6901016781926853503
  }
}
isLeader: false
bytesWritten: 0
 from dn=a14cd1ab-7861-42f9-8639-15260a7193f0(localhost/127.0.0.1).
java.io.IOException: Datanode=a14cd1ab-7861-42f9-8639-15260a7193f0(localhost/127.0.0.1) not part of pipeline=PipelineID=45cc3e2a-c500-4acc-a03a-a9cccc3d9481
	at org.apache.hadoop.hdds.scm.pipeline.Pipeline.reportDatanode(Pipeline.java:339)
	at org.apache.hadoop.hdds.scm.pipeline.PipelineReportHandler.setReportedDatanode(PipelineReportHandler.java:160)
	at org.apache.hadoop.hdds.scm.pipeline.PipelineReportHandler.processPipelineReport(PipelineReportHandler.java:135)
	at org.apache.hadoop.hdds.scm.pipeline.PipelineReportHandler.onMessage(PipelineReportHandler.java:94)
	at org.apache.hadoop.hdds.scm.pipeline.PipelineReportHandler.onMessage(PipelineReportHandler.java:53)
	at org.apache.hadoop.hdds.server.events.SingleThreadExecutor.lambda$onMessage$1(SingleThreadExecutor.java:86)
	at java.base/java.util.concurrent.ThreadPoolExecutor.runWorker(ThreadPoolExecutor.java:1144)
	at java.base/java.util.concurrent.ThreadPoolExecutor$Worker.run(ThreadPoolExecutor.java:642)
	at java.base/java.lang.Thread.run(Thread.java:1583)
2025-01-11 15:27:20,566 [EventQueue-PipelineReportForPipelineReportHandler] ERROR pipeline.PipelineReportHandler (PipelineReportHandler.java:onMessage(101)) - Could not process pipeline report=pipelineID {
  id: "45cc3e2a-c500-4acc-a03a-a9cccc3d9481"
  uuid128 {
    mostSigBits: 5029463237280680652
    leastSigBits: -6901016781926853503
  }
}
isLeader: false
bytesWritten: 0
 from dn=a14cd1ab-7861-42f9-8639-15260a7193f0(localhost/127.0.0.1).
java.io.IOException: Datanode=a14cd1ab-7861-42f9-8639-15260a7193f0(localhost/127.0.0.1) not part of pipeline=PipelineID=45cc3e2a-c500-4acc-a03a-a9cccc3d9481
	at org.apache.hadoop.hdds.scm.pipeline.Pipeline.reportDatanode(Pipeline.java:339)
	at org.apache.hadoop.hdds.scm.pipeline.PipelineReportHandler.setReportedDatanode(PipelineReportHandler.java:160)
	at org.apache.hadoop.hdds.scm.pipeline.PipelineReportHandler.processPipelineReport(PipelineReportHandler.java:135)
	at org.apache.hadoop.hdds.scm.pipeline.PipelineReportHandler.onMessage(PipelineReportHandler.java:94)
	at org.apache.hadoop.hdds.scm.pipeline.PipelineReportHandler.onMessage(PipelineReportHandler.java:53)
	at org.apache.hadoop.hdds.server.events.SingleThreadExecutor.lambda$onMessage$1(SingleThreadExecutor.java:86)
	at java.base/java.util.concurrent.ThreadPoolExecutor.runWorker(ThreadPoolExecutor.java:1144)
	at java.base/java.util.concurrent.ThreadPoolExecutor$Worker.run(ThreadPoolExecutor.java:642)
	at java.base/java.lang.Thread.run(Thread.java:1583)
2025-01-11 15:27:20,765 [EventQueue-PipelineReportForPipelineReportHandler] ERROR pipeline.PipelineReportHandler (PipelineReportHandler.java:onMessage(101)) - Could not process pipeline report=pipelineID {
  id: "45cc3e2a-c500-4acc-a03a-a9cccc3d9481"
  uuid128 {
    mostSigBits: 5029463237280680652
    leastSigBits: -6901016781926853503
  }
}
isLeader: false
bytesWritten: 0
 from dn=a14cd1ab-7861-42f9-8639-15260a7193f0(localhost/127.0.0.1).
java.io.IOException: Datanode=a14cd1ab-7861-42f9-8639-15260a7193f0(localhost/127.0.0.1) not part of pipeline=PipelineID=45cc3e2a-c500-4acc-a03a-a9cccc3d9481
	at org.apache.hadoop.hdds.scm.pipeline.Pipeline.reportDatanode(Pipeline.java:339)
	at org.apache.hadoop.hdds.scm.pipeline.PipelineReportHandler.setReportedDatanode(PipelineReportHandler.java:160)
	at org.apache.hadoop.hdds.scm.pipeline.PipelineReportHandler.processPipelineReport(PipelineReportHandler.java:135)
	at org.apache.hadoop.hdds.scm.pipeline.PipelineReportHandler.onMessage(PipelineReportHandler.java:94)
	at org.apache.hadoop.hdds.scm.pipeline.PipelineReportHandler.onMessage(PipelineReportHandler.java:53)
	at org.apache.hadoop.hdds.server.events.SingleThreadExecutor.lambda$onMessage$1(SingleThreadExecutor.java:86)
	at java.base/java.util.concurrent.ThreadPoolExecutor.runWorker(ThreadPoolExecutor.java:1144)
	at java.base/java.util.concurrent.ThreadPoolExecutor$Worker.run(ThreadPoolExecutor.java:642)
	at java.base/java.lang.Thread.run(Thread.java:1583)
2025-01-11 15:27:20,826 [91d0dafb-6cb7-42e5-b129-660fdc1902ba@group-DEECD8B278EF-FollowerState] INFO  impl.FollowerState (FollowerState.java:runImpl(161)) - 91d0dafb-6cb7-42e5-b129-660fdc1902ba@group-DEECD8B278EF-FollowerState: change to CANDIDATE, lastRpcElapsedTime:5093788022ns, electionTimeout:5093ms
2025-01-11 15:27:20,826 [91d0dafb-6cb7-42e5-b129-660fdc1902ba@group-DEECD8B278EF-FollowerState] INFO  impl.RoleInfo (RoleInfo.java:shutdownFollowerState(121)) - 91d0dafb-6cb7-42e5-b129-660fdc1902ba: shutdown 91d0dafb-6cb7-42e5-b129-660fdc1902ba@group-DEECD8B278EF-FollowerState
2025-01-11 15:27:20,826 [91d0dafb-6cb7-42e5-b129-660fdc1902ba@group-DEECD8B278EF-FollowerState] INFO  server.RaftServer$Division (RaftServerImpl.java:setRole(378)) - 91d0dafb-6cb7-42e5-b129-660fdc1902ba@group-DEECD8B278EF: changes role from  FOLLOWER to CANDIDATE at term 0 for changeToCandidate
2025-01-11 15:27:20,827 [91d0dafb-6cb7-42e5-b129-660fdc1902ba@group-DEECD8B278EF-FollowerState] INFO  server.RaftServerConfigKeys (ConfUtils.java:logGet(46)) - raft.server.leaderelection.pre-vote = true (default)
2025-01-11 15:27:20,827 [91d0dafb-6cb7-42e5-b129-660fdc1902ba@group-DEECD8B278EF-FollowerState] INFO  impl.RoleInfo (RoleInfo.java:updateAndGet(148)) - 91d0dafb-6cb7-42e5-b129-660fdc1902ba: start 91d0dafb-6cb7-42e5-b129-660fdc1902ba@group-DEECD8B278EF-LeaderElection29
2025-01-11 15:27:20,827 [91d0dafb-6cb7-42e5-b129-660fdc1902ba@group-DEECD8B278EF-LeaderElection29] INFO  impl.LeaderElection (LeaderElection.java:askForVotes(332)) - 91d0dafb-6cb7-42e5-b129-660fdc1902ba@group-DEECD8B278EF-LeaderElection29 PRE_VOTE round 0: submit vote requests at term 0 for conf: {index: -1, cur=peers:[91d0dafb-6cb7-42e5-b129-660fdc1902ba|127.0.0.1:15097, ac5cad44-c19c-4f65-867f-c0009d6f555c|127.0.0.1:15016, a14cd1ab-7861-42f9-8639-15260a7193f0|127.0.0.1:15043]|listeners:[], old=null}
2025-01-11 15:27:20,828 [91d0dafb-6cb7-42e5-b129-660fdc1902ba@group-DEECD8B278EF-LeaderElection29-1] INFO  server.GrpcServerProtocolClient (GrpcServerProtocolClient.java:<init>(65)) - Build channel for ac5cad44-c19c-4f65-867f-c0009d6f555c|127.0.0.1:15016
2025-01-11 15:27:20,828 [91d0dafb-6cb7-42e5-b129-660fdc1902ba@group-DEECD8B278EF-LeaderElection29-2] INFO  server.GrpcServerProtocolClient (GrpcServerProtocolClient.java:<init>(65)) - Build channel for a14cd1ab-7861-42f9-8639-15260a7193f0|127.0.0.1:15043
2025-01-11 15:27:20,828 [91d0dafb-6cb7-42e5-b129-660fdc1902ba@group-DEECD8B278EF-LeaderElection29] INFO  server.RaftServerConfigKeys (ConfUtils.java:logFallback(53)) - raft.server.rpc.first-election.timeout.min = 5s (fallback to raft.server.rpc.timeout.min)
2025-01-11 15:27:20,828 [91d0dafb-6cb7-42e5-b129-660fdc1902ba@group-DEECD8B278EF-LeaderElection29] INFO  server.RaftServerConfigKeys (ConfUtils.java:logFallback(53)) - raft.server.rpc.first-election.timeout.max = 5200ms (fallback to raft.server.rpc.timeout.max)
2025-01-11 15:27:20,832 [grpc-default-executor-12] INFO  server.RaftServer$Division (RaftServerImpl.java:requestVote(1407)) - ac5cad44-c19c-4f65-867f-c0009d6f555c@group-DEECD8B278EF: receive requestVote(PRE_VOTE, 91d0dafb-6cb7-42e5-b129-660fdc1902ba, group-DEECD8B278EF, 0, (t:0, i:0))
2025-01-11 15:27:20,832 [grpc-default-executor-12] INFO  impl.VoteContext (VoteContext.java:log(49)) - ac5cad44-c19c-4f65-867f-c0009d6f555c@group-DEECD8B278EF-FOLLOWER: accept PRE_VOTE from 91d0dafb-6cb7-42e5-b129-660fdc1902ba: our priority 0 <= candidate's priority 0
2025-01-11 15:27:20,832 [grpc-default-executor-12] INFO  server.RaftServer$Division (RaftServerImpl.java:requestVote(1441)) - ac5cad44-c19c-4f65-867f-c0009d6f555c@group-DEECD8B278EF replies to PRE_VOTE vote request: 91d0dafb-6cb7-42e5-b129-660fdc1902ba<-ac5cad44-c19c-4f65-867f-c0009d6f555c#0:OK-t0. Peer's state: ac5cad44-c19c-4f65-867f-c0009d6f555c@group-DEECD8B278EF:t0, leader=null, voted=, raftlog=Memoized:ac5cad44-c19c-4f65-867f-c0009d6f555c@group-DEECD8B278EF-SegmentedRaftLog:OPENED:c-1:lastnull, conf=conf: {index: -1, cur=peers:[91d0dafb-6cb7-42e5-b129-660fdc1902ba|127.0.0.1:15097, ac5cad44-c19c-4f65-867f-c0009d6f555c|127.0.0.1:15016, a14cd1ab-7861-42f9-8639-15260a7193f0|127.0.0.1:15043]|listeners:[], old=null}
2025-01-11 15:27:20,833 [grpc-default-executor-11] INFO  server.RaftServer$Division (RaftServerImpl.java:requestVote(1407)) - a14cd1ab-7861-42f9-8639-15260a7193f0@group-DEECD8B278EF: receive requestVote(PRE_VOTE, 91d0dafb-6cb7-42e5-b129-660fdc1902ba, group-DEECD8B278EF, 0, (t:0, i:0))
2025-01-11 15:27:20,833 [grpc-default-executor-11] INFO  impl.VoteContext (VoteContext.java:log(49)) - a14cd1ab-7861-42f9-8639-15260a7193f0@group-DEECD8B278EF-FOLLOWER: reject PRE_VOTE from 91d0dafb-6cb7-42e5-b129-660fdc1902ba: our priority 1 > candidate's priority 0
2025-01-11 15:27:20,833 [grpc-default-executor-11] INFO  server.RaftServer$Division (RaftServerImpl.java:requestVote(1441)) - a14cd1ab-7861-42f9-8639-15260a7193f0@group-DEECD8B278EF replies to PRE_VOTE vote request: 91d0dafb-6cb7-42e5-b129-660fdc1902ba<-a14cd1ab-7861-42f9-8639-15260a7193f0#0:FAIL-t0. Peer's state: a14cd1ab-7861-42f9-8639-15260a7193f0@group-DEECD8B278EF:t0, leader=null, voted=, raftlog=Memoized:a14cd1ab-7861-42f9-8639-15260a7193f0@group-DEECD8B278EF-SegmentedRaftLog:OPENED:c-1:lastnull, conf=conf: {index: -1, cur=peers:[91d0dafb-6cb7-42e5-b129-660fdc1902ba|127.0.0.1:15097, ac5cad44-c19c-4f65-867f-c0009d6f555c|127.0.0.1:15016, a14cd1ab-7861-42f9-8639-15260a7193f0|127.0.0.1:15043]|listeners:[], old=null}
2025-01-11 15:27:20,833 [91d0dafb-6cb7-42e5-b129-660fdc1902ba@group-DEECD8B278EF-LeaderElection29] INFO  impl.LeaderElection (LeaderElection.java:logAndReturn(90)) - 91d0dafb-6cb7-42e5-b129-660fdc1902ba@group-DEECD8B278EF-LeaderElection29: PRE_VOTE REJECTED received 2 response(s) and 0 exception(s):
2025-01-11 15:27:20,833 [91d0dafb-6cb7-42e5-b129-660fdc1902ba@group-DEECD8B278EF-LeaderElection29] INFO  impl.LeaderElection (LeaderElection.java:logAndReturn(94)) -   Response 0: 91d0dafb-6cb7-42e5-b129-660fdc1902ba<-ac5cad44-c19c-4f65-867f-c0009d6f555c#0:OK-t0
2025-01-11 15:27:20,833 [91d0dafb-6cb7-42e5-b129-660fdc1902ba@group-DEECD8B278EF-LeaderElection29] INFO  impl.LeaderElection (LeaderElection.java:logAndReturn(94)) -   Response 1: 91d0dafb-6cb7-42e5-b129-660fdc1902ba<-a14cd1ab-7861-42f9-8639-15260a7193f0#0:FAIL-t0
2025-01-11 15:27:20,834 [91d0dafb-6cb7-42e5-b129-660fdc1902ba@group-DEECD8B278EF-LeaderElection29] INFO  impl.LeaderElection (LeaderElection.java:askForVotes(334)) - 91d0dafb-6cb7-42e5-b129-660fdc1902ba@group-DEECD8B278EF-LeaderElection29 PRE_VOTE round 0: result REJECTED
2025-01-11 15:27:20,834 [91d0dafb-6cb7-42e5-b129-660fdc1902ba@group-DEECD8B278EF-LeaderElection29] INFO  server.RaftServer$Division (RaftServerImpl.java:setRole(378)) - 91d0dafb-6cb7-42e5-b129-660fdc1902ba@group-DEECD8B278EF: changes role from CANDIDATE to FOLLOWER at term 0 for REJECTED
2025-01-11 15:27:20,834 [91d0dafb-6cb7-42e5-b129-660fdc1902ba@group-DEECD8B278EF-LeaderElection29] INFO  impl.RoleInfo (RoleInfo.java:shutdownLeaderElection(141)) - 91d0dafb-6cb7-42e5-b129-660fdc1902ba: shutdown 91d0dafb-6cb7-42e5-b129-660fdc1902ba@group-DEECD8B278EF-LeaderElection29
2025-01-11 15:27:20,834 [91d0dafb-6cb7-42e5-b129-660fdc1902ba@group-DEECD8B278EF-LeaderElection29] INFO  impl.RoleInfo (RoleInfo.java:updateAndGet(148)) - 91d0dafb-6cb7-42e5-b129-660fdc1902ba: start 91d0dafb-6cb7-42e5-b129-660fdc1902ba@group-DEECD8B278EF-FollowerState
2025-01-11 15:27:20,834 [91d0dafb-6cb7-42e5-b129-660fdc1902ba@group-DEECD8B278EF-LeaderElection29] INFO  server.RaftServer$Division (RaftServerImpl.java:setFirstElection(562)) - 91d0dafb-6cb7-42e5-b129-660fdc1902ba@group-DEECD8B278EF: set firstElectionSinceStartup to false for REJECTED
2025-01-11 15:27:20,843 [a14cd1ab-7861-42f9-8639-15260a7193f0@group-DEECD8B278EF-FollowerState] INFO  impl.FollowerState (FollowerState.java:runImpl(161)) - a14cd1ab-7861-42f9-8639-15260a7193f0@group-DEECD8B278EF-FollowerState: change to CANDIDATE, lastRpcElapsedTime:5042464758ns, electionTimeout:5040ms
2025-01-11 15:27:20,843 [a14cd1ab-7861-42f9-8639-15260a7193f0@group-DEECD8B278EF-FollowerState] INFO  impl.RoleInfo (RoleInfo.java:shutdownFollowerState(121)) - a14cd1ab-7861-42f9-8639-15260a7193f0: shutdown a14cd1ab-7861-42f9-8639-15260a7193f0@group-DEECD8B278EF-FollowerState
2025-01-11 15:27:20,843 [a14cd1ab-7861-42f9-8639-15260a7193f0@group-DEECD8B278EF-FollowerState] INFO  server.RaftServer$Division (RaftServerImpl.java:setRole(378)) - a14cd1ab-7861-42f9-8639-15260a7193f0@group-DEECD8B278EF: changes role from  FOLLOWER to CANDIDATE at term 0 for changeToCandidate
2025-01-11 15:27:20,843 [a14cd1ab-7861-42f9-8639-15260a7193f0@group-DEECD8B278EF-FollowerState] INFO  server.RaftServerConfigKeys (ConfUtils.java:logGet(46)) - raft.server.leaderelection.pre-vote = true (default)
2025-01-11 15:27:20,843 [a14cd1ab-7861-42f9-8639-15260a7193f0@group-DEECD8B278EF-FollowerState] INFO  impl.RoleInfo (RoleInfo.java:updateAndGet(148)) - a14cd1ab-7861-42f9-8639-15260a7193f0: start a14cd1ab-7861-42f9-8639-15260a7193f0@group-DEECD8B278EF-LeaderElection30
2025-01-11 15:27:20,844 [a14cd1ab-7861-42f9-8639-15260a7193f0@group-DEECD8B278EF-LeaderElection30] INFO  impl.LeaderElection (LeaderElection.java:askForVotes(332)) - a14cd1ab-7861-42f9-8639-15260a7193f0@group-DEECD8B278EF-LeaderElection30 PRE_VOTE round 0: submit vote requests at term 0 for conf: {index: -1, cur=peers:[91d0dafb-6cb7-42e5-b129-660fdc1902ba|127.0.0.1:15097, ac5cad44-c19c-4f65-867f-c0009d6f555c|127.0.0.1:15016, a14cd1ab-7861-42f9-8639-15260a7193f0|127.0.0.1:15043]|listeners:[], old=null}
2025-01-11 15:27:20,845 [a14cd1ab-7861-42f9-8639-15260a7193f0@group-DEECD8B278EF-LeaderElection30-1] INFO  server.GrpcServerProtocolClient (GrpcServerProtocolClient.java:<init>(65)) - Build channel for 91d0dafb-6cb7-42e5-b129-660fdc1902ba|127.0.0.1:15097
2025-01-11 15:27:20,845 [a14cd1ab-7861-42f9-8639-15260a7193f0@group-DEECD8B278EF-LeaderElection30-2] INFO  server.GrpcServerProtocolClient (GrpcServerProtocolClient.java:<init>(65)) - Build channel for ac5cad44-c19c-4f65-867f-c0009d6f555c|127.0.0.1:15016
2025-01-11 15:27:20,845 [a14cd1ab-7861-42f9-8639-15260a7193f0@group-DEECD8B278EF-LeaderElection30] INFO  server.RaftServerConfigKeys (ConfUtils.java:logFallback(53)) - raft.server.rpc.first-election.timeout.min = 5s (fallback to raft.server.rpc.timeout.min)
2025-01-11 15:27:20,845 [a14cd1ab-7861-42f9-8639-15260a7193f0@group-DEECD8B278EF-LeaderElection30] INFO  server.RaftServerConfigKeys (ConfUtils.java:logFallback(53)) - raft.server.rpc.first-election.timeout.max = 5200ms (fallback to raft.server.rpc.timeout.max)
2025-01-11 15:27:20,847 [grpc-default-executor-12] INFO  server.RaftServer$Division (RaftServerImpl.java:requestVote(1407)) - ac5cad44-c19c-4f65-867f-c0009d6f555c@group-DEECD8B278EF: receive requestVote(PRE_VOTE, a14cd1ab-7861-42f9-8639-15260a7193f0, group-DEECD8B278EF, 0, (t:0, i:0))
2025-01-11 15:27:20,847 [grpc-default-executor-12] INFO  impl.VoteContext (VoteContext.java:log(49)) - ac5cad44-c19c-4f65-867f-c0009d6f555c@group-DEECD8B278EF-FOLLOWER: accept PRE_VOTE from a14cd1ab-7861-42f9-8639-15260a7193f0: our priority 0 <= candidate's priority 1
2025-01-11 15:27:20,847 [grpc-default-executor-12] INFO  server.RaftServer$Division (RaftServerImpl.java:requestVote(1441)) - ac5cad44-c19c-4f65-867f-c0009d6f555c@group-DEECD8B278EF replies to PRE_VOTE vote request: a14cd1ab-7861-42f9-8639-15260a7193f0<-ac5cad44-c19c-4f65-867f-c0009d6f555c#0:OK-t0. Peer's state: ac5cad44-c19c-4f65-867f-c0009d6f555c@group-DEECD8B278EF:t0, leader=null, voted=, raftlog=Memoized:ac5cad44-c19c-4f65-867f-c0009d6f555c@group-DEECD8B278EF-SegmentedRaftLog:OPENED:c-1:lastnull, conf=conf: {index: -1, cur=peers:[91d0dafb-6cb7-42e5-b129-660fdc1902ba|127.0.0.1:15097, ac5cad44-c19c-4f65-867f-c0009d6f555c|127.0.0.1:15016, a14cd1ab-7861-42f9-8639-15260a7193f0|127.0.0.1:15043]|listeners:[], old=null}
2025-01-11 15:27:20,848 [grpc-default-executor-12] INFO  server.RaftServer$Division (RaftServerImpl.java:requestVote(1407)) - 91d0dafb-6cb7-42e5-b129-660fdc1902ba@group-DEECD8B278EF: receive requestVote(PRE_VOTE, a14cd1ab-7861-42f9-8639-15260a7193f0, group-DEECD8B278EF, 0, (t:0, i:0))
2025-01-11 15:27:20,848 [grpc-default-executor-12] INFO  impl.VoteContext (VoteContext.java:log(49)) - 91d0dafb-6cb7-42e5-b129-660fdc1902ba@group-DEECD8B278EF-FOLLOWER: accept PRE_VOTE from a14cd1ab-7861-42f9-8639-15260a7193f0: our priority 0 <= candidate's priority 1
2025-01-11 15:27:20,848 [grpc-default-executor-12] INFO  server.RaftServer$Division (RaftServerImpl.java:requestVote(1441)) - 91d0dafb-6cb7-42e5-b129-660fdc1902ba@group-DEECD8B278EF replies to PRE_VOTE vote request: a14cd1ab-7861-42f9-8639-15260a7193f0<-91d0dafb-6cb7-42e5-b129-660fdc1902ba#0:OK-t0. Peer's state: 91d0dafb-6cb7-42e5-b129-660fdc1902ba@group-DEECD8B278EF:t0, leader=null, voted=, raftlog=Memoized:91d0dafb-6cb7-42e5-b129-660fdc1902ba@group-DEECD8B278EF-SegmentedRaftLog:OPENED:c-1:lastnull, conf=conf: {index: -1, cur=peers:[91d0dafb-6cb7-42e5-b129-660fdc1902ba|127.0.0.1:15097, ac5cad44-c19c-4f65-867f-c0009d6f555c|127.0.0.1:15016, a14cd1ab-7861-42f9-8639-15260a7193f0|127.0.0.1:15043]|listeners:[], old=null}
2025-01-11 15:27:20,848 [a14cd1ab-7861-42f9-8639-15260a7193f0@group-DEECD8B278EF-LeaderElection30] INFO  impl.LeaderElection (LeaderElection.java:logAndReturn(90)) - a14cd1ab-7861-42f9-8639-15260a7193f0@group-DEECD8B278EF-LeaderElection30: PRE_VOTE PASSED received 1 response(s) and 0 exception(s):
2025-01-11 15:27:20,848 [a14cd1ab-7861-42f9-8639-15260a7193f0@group-DEECD8B278EF-LeaderElection30] INFO  impl.LeaderElection (LeaderElection.java:logAndReturn(94)) -   Response 0: a14cd1ab-7861-42f9-8639-15260a7193f0<-91d0dafb-6cb7-42e5-b129-660fdc1902ba#0:OK-t0
2025-01-11 15:27:20,849 [a14cd1ab-7861-42f9-8639-15260a7193f0@group-DEECD8B278EF-LeaderElection30] INFO  impl.LeaderElection (LeaderElection.java:askForVotes(334)) - a14cd1ab-7861-42f9-8639-15260a7193f0@group-DEECD8B278EF-LeaderElection30 PRE_VOTE round 0: result PASSED
2025-01-11 15:27:20,850 [a14cd1ab-7861-42f9-8639-15260a7193f0@group-DEECD8B278EF-LeaderElection30] INFO  impl.LeaderElection (LeaderElection.java:askForVotes(332)) - a14cd1ab-7861-42f9-8639-15260a7193f0@group-DEECD8B278EF-LeaderElection30 ELECTION round 0: submit vote requests at term 1 for conf: {index: -1, cur=peers:[91d0dafb-6cb7-42e5-b129-660fdc1902ba|127.0.0.1:15097, ac5cad44-c19c-4f65-867f-c0009d6f555c|127.0.0.1:15016, a14cd1ab-7861-42f9-8639-15260a7193f0|127.0.0.1:15043]|listeners:[], old=null}
2025-01-11 15:27:20,850 [a14cd1ab-7861-42f9-8639-15260a7193f0@group-DEECD8B278EF-LeaderElection30] INFO  server.RaftServerConfigKeys (ConfUtils.java:logFallback(53)) - raft.server.rpc.first-election.timeout.min = 5s (fallback to raft.server.rpc.timeout.min)
2025-01-11 15:27:20,850 [a14cd1ab-7861-42f9-8639-15260a7193f0@group-DEECD8B278EF-LeaderElection30] INFO  server.RaftServerConfigKeys (ConfUtils.java:logFallback(53)) - raft.server.rpc.first-election.timeout.max = 5200ms (fallback to raft.server.rpc.timeout.max)
2025-01-11 15:27:20,851 [grpc-default-executor-12] INFO  server.RaftServer$Division (RaftServerImpl.java:requestVote(1407)) - 91d0dafb-6cb7-42e5-b129-660fdc1902ba@group-DEECD8B278EF: receive requestVote(ELECTION, a14cd1ab-7861-42f9-8639-15260a7193f0, group-DEECD8B278EF, 1, (t:0, i:0))
2025-01-11 15:27:20,851 [grpc-default-executor-11] INFO  server.RaftServer$Division (RaftServerImpl.java:requestVote(1407)) - ac5cad44-c19c-4f65-867f-c0009d6f555c@group-DEECD8B278EF: receive requestVote(ELECTION, a14cd1ab-7861-42f9-8639-15260a7193f0, group-DEECD8B278EF, 1, (t:0, i:0))
2025-01-11 15:27:20,851 [grpc-default-executor-12] INFO  impl.VoteContext (VoteContext.java:log(49)) - 91d0dafb-6cb7-42e5-b129-660fdc1902ba@group-DEECD8B278EF-FOLLOWER: accept ELECTION from a14cd1ab-7861-42f9-8639-15260a7193f0: our priority 0 <= candidate's priority 1
2025-01-11 15:27:20,851 [grpc-default-executor-11] INFO  impl.VoteContext (VoteContext.java:log(49)) - ac5cad44-c19c-4f65-867f-c0009d6f555c@group-DEECD8B278EF-FOLLOWER: accept ELECTION from a14cd1ab-7861-42f9-8639-15260a7193f0: our priority 0 <= candidate's priority 1
2025-01-11 15:27:20,851 [grpc-default-executor-11] INFO  server.RaftServer$Division (RaftServerImpl.java:setRole(378)) - ac5cad44-c19c-4f65-867f-c0009d6f555c@group-DEECD8B278EF: changes role from  FOLLOWER to FOLLOWER at term 0 for candidate:a14cd1ab-7861-42f9-8639-15260a7193f0
2025-01-11 15:27:20,851 [grpc-default-executor-11] INFO  impl.RoleInfo (RoleInfo.java:shutdownFollowerState(121)) - ac5cad44-c19c-4f65-867f-c0009d6f555c: shutdown ac5cad44-c19c-4f65-867f-c0009d6f555c@group-DEECD8B278EF-FollowerState
2025-01-11 15:27:20,851 [grpc-default-executor-11] INFO  impl.RoleInfo (RoleInfo.java:updateAndGet(148)) - ac5cad44-c19c-4f65-867f-c0009d6f555c: start ac5cad44-c19c-4f65-867f-c0009d6f555c@group-DEECD8B278EF-FollowerState
2025-01-11 15:27:20,851 [grpc-default-executor-12] INFO  server.RaftServer$Division (RaftServerImpl.java:setRole(378)) - 91d0dafb-6cb7-42e5-b129-660fdc1902ba@group-DEECD8B278EF: changes role from  FOLLOWER to FOLLOWER at term 0 for candidate:a14cd1ab-7861-42f9-8639-15260a7193f0
2025-01-11 15:27:20,852 [grpc-default-executor-12] INFO  impl.RoleInfo (RoleInfo.java:shutdownFollowerState(121)) - 91d0dafb-6cb7-42e5-b129-660fdc1902ba: shutdown 91d0dafb-6cb7-42e5-b129-660fdc1902ba@group-DEECD8B278EF-FollowerState
2025-01-11 15:27:20,852 [grpc-default-executor-12] INFO  impl.RoleInfo (RoleInfo.java:updateAndGet(148)) - 91d0dafb-6cb7-42e5-b129-660fdc1902ba: start 91d0dafb-6cb7-42e5-b129-660fdc1902ba@group-DEECD8B278EF-FollowerState
2025-01-11 15:27:20,852 [grpc-default-executor-11] INFO  server.RaftServer$Division (RaftServerImpl.java:setFirstElection(562)) - ac5cad44-c19c-4f65-867f-c0009d6f555c@group-DEECD8B278EF: set firstElectionSinceStartup to false for candidate:a14cd1ab-7861-42f9-8639-15260a7193f0
2025-01-11 15:27:20,852 [91d0dafb-6cb7-42e5-b129-660fdc1902ba@group-DEECD8B278EF-FollowerState] INFO  impl.FollowerState (FollowerState.java:runImpl(170)) - 91d0dafb-6cb7-42e5-b129-660fdc1902ba@group-DEECD8B278EF-FollowerState was interrupted
2025-01-11 15:27:20,853 [grpc-default-executor-11] INFO  server.RaftServer$Division (RaftServerImpl.java:requestVote(1441)) - ac5cad44-c19c-4f65-867f-c0009d6f555c@group-DEECD8B278EF replies to ELECTION vote request: a14cd1ab-7861-42f9-8639-15260a7193f0<-ac5cad44-c19c-4f65-867f-c0009d6f555c#0:OK-t1. Peer's state: ac5cad44-c19c-4f65-867f-c0009d6f555c@group-DEECD8B278EF:t1, leader=null, voted=a14cd1ab-7861-42f9-8639-15260a7193f0, raftlog=Memoized:ac5cad44-c19c-4f65-867f-c0009d6f555c@group-DEECD8B278EF-SegmentedRaftLog:OPENED:c-1:lastnull, conf=conf: {index: -1, cur=peers:[91d0dafb-6cb7-42e5-b129-660fdc1902ba|127.0.0.1:15097, ac5cad44-c19c-4f65-867f-c0009d6f555c|127.0.0.1:15016, a14cd1ab-7861-42f9-8639-15260a7193f0|127.0.0.1:15043]|listeners:[], old=null}
2025-01-11 15:27:20,854 [grpc-default-executor-12] INFO  server.RaftServer$Division (RaftServerImpl.java:requestVote(1441)) - 91d0dafb-6cb7-42e5-b129-660fdc1902ba@group-DEECD8B278EF replies to ELECTION vote request: a14cd1ab-7861-42f9-8639-15260a7193f0<-91d0dafb-6cb7-42e5-b129-660fdc1902ba#0:OK-t1. Peer's state: 91d0dafb-6cb7-42e5-b129-660fdc1902ba@group-DEECD8B278EF:t1, leader=null, voted=a14cd1ab-7861-42f9-8639-15260a7193f0, raftlog=Memoized:91d0dafb-6cb7-42e5-b129-660fdc1902ba@group-DEECD8B278EF-SegmentedRaftLog:OPENED:c-1:lastnull, conf=conf: {index: -1, cur=peers:[91d0dafb-6cb7-42e5-b129-660fdc1902ba|127.0.0.1:15097, ac5cad44-c19c-4f65-867f-c0009d6f555c|127.0.0.1:15016, a14cd1ab-7861-42f9-8639-15260a7193f0|127.0.0.1:15043]|listeners:[], old=null}
2025-01-11 15:27:20,856 [ac5cad44-c19c-4f65-867f-c0009d6f555c@group-DEECD8B278EF-FollowerState] INFO  impl.FollowerState (FollowerState.java:runImpl(170)) - ac5cad44-c19c-4f65-867f-c0009d6f555c@group-DEECD8B278EF-FollowerState was interrupted
2025-01-11 15:27:20,856 [a14cd1ab-7861-42f9-8639-15260a7193f0@group-DEECD8B278EF-LeaderElection30] INFO  impl.LeaderElection (LeaderElection.java:logAndReturn(90)) - a14cd1ab-7861-42f9-8639-15260a7193f0@group-DEECD8B278EF-LeaderElection30: ELECTION PASSED received 1 response(s) and 0 exception(s):
2025-01-11 15:27:20,856 [a14cd1ab-7861-42f9-8639-15260a7193f0@group-DEECD8B278EF-LeaderElection30] INFO  impl.LeaderElection (LeaderElection.java:logAndReturn(94)) -   Response 0: a14cd1ab-7861-42f9-8639-15260a7193f0<-91d0dafb-6cb7-42e5-b129-660fdc1902ba#0:OK-t1
2025-01-11 15:27:20,857 [a14cd1ab-7861-42f9-8639-15260a7193f0@group-DEECD8B278EF-LeaderElection30] INFO  impl.LeaderElection (LeaderElection.java:askForVotes(334)) - a14cd1ab-7861-42f9-8639-15260a7193f0@group-DEECD8B278EF-LeaderElection30 ELECTION round 0: result PASSED
2025-01-11 15:27:20,857 [a14cd1ab-7861-42f9-8639-15260a7193f0@group-DEECD8B278EF-LeaderElection30] INFO  impl.RoleInfo (RoleInfo.java:shutdownLeaderElection(141)) - a14cd1ab-7861-42f9-8639-15260a7193f0: shutdown a14cd1ab-7861-42f9-8639-15260a7193f0@group-DEECD8B278EF-LeaderElection30
2025-01-11 15:27:20,857 [a14cd1ab-7861-42f9-8639-15260a7193f0@group-DEECD8B278EF-LeaderElection30] INFO  server.RaftServer$Division (RaftServerImpl.java:setRole(378)) - a14cd1ab-7861-42f9-8639-15260a7193f0@group-DEECD8B278EF: changes role from CANDIDATE to LEADER at term 1 for changeToLeader
2025-01-11 15:27:20,857 [a14cd1ab-7861-42f9-8639-15260a7193f0@group-DEECD8B278EF-LeaderElection30] INFO  server.RaftServerConfigKeys (ConfUtils.java:logGet(46)) - raft.server.staging.catchup.gap = 1000 (default)
2025-01-11 15:27:20,857 [a14cd1ab-7861-42f9-8639-15260a7193f0@group-DEECD8B278EF-LeaderElection30] INFO  server.RaftServerConfigKeys (ConfUtils.java:logGet(46)) - raft.server.write.element-limit = 1024 (custom)
2025-01-11 15:27:20,857 [a14cd1ab-7861-42f9-8639-15260a7193f0@group-DEECD8B278EF-LeaderElection30] INFO  server.RaftServerConfigKeys (ConfUtils.java:logGet(46)) - raft.server.write.byte-limit = 1024 M (=1073741824) (custom)
2025-01-11 15:27:20,857 [a14cd1ab-7861-42f9-8639-15260a7193f0@group-DEECD8B278EF-LeaderElection30] INFO  server.RaftServerConfigKeys (ConfUtils.java:logGet(46)) - raft.server.watch.timeout = 10000ms (default)
2025-01-11 15:27:20,857 [a14cd1ab-7861-42f9-8639-15260a7193f0@group-DEECD8B278EF-LeaderElection30] INFO  server.RaftServerConfigKeys (ConfUtils.java:logGet(46)) - raft.server.watch.timeout.denomination = 1s (default)
2025-01-11 15:27:20,858 [a14cd1ab-7861-42f9-8639-15260a7193f0@group-DEECD8B278EF-LeaderElection30] INFO  server.RaftServerConfigKeys (ConfUtils.java:logGet(46)) - raft.server.watch.element-limit = 65536 (default)
2025-01-11 15:27:20,858 [a14cd1ab-7861-42f9-8639-15260a7193f0@group-DEECD8B278EF-LeaderElection30] INFO  server.RaftServerConfigKeys (ConfUtils.java:logGet(46)) - raft.server.read.leader.lease.enabled = false (default)
2025-01-11 15:27:20,858 [a14cd1ab-7861-42f9-8639-15260a7193f0@group-DEECD8B278EF-LeaderElection30] INFO  server.RaftServerConfigKeys (ConfUtils.java:logGet(46)) - raft.server.read.leader.lease.timeout.ratio = 0.9 (default)
2025-01-11 15:27:20,858 [a14cd1ab-7861-42f9-8639-15260a7193f0@group-DEECD8B278EF-LeaderElection30] INFO  server.RaftServerConfigKeys (ConfUtils.java:logGet(46)) - raft.server.rpc.timeout.min = 5s (custom)
2025-01-11 15:27:20,858 [a14cd1ab-7861-42f9-8639-15260a7193f0@group-DEECD8B278EF-LeaderElection30] INFO  server.RaftServerConfigKeys (ConfUtils.java:logGet(46)) - raft.server.log.log-metadata.enabled = true (default)
2025-01-11 15:27:20,858 [a14cd1ab-7861-42f9-8639-15260a7193f0@group-DEECD8B278EF-LeaderElection30] INFO  server.RaftServerConfigKeys (ConfUtils.java:logGet(46)) - raft.server.write.element-limit = 1024 (custom)
2025-01-11 15:27:20,858 [a14cd1ab-7861-42f9-8639-15260a7193f0@group-DEECD8B278EF-LeaderElection30] INFO  server.RaftServerConfigKeys (ConfUtils.java:logGet(46)) - raft.server.write.follower.gap.ratio.max = -1.0 (default)
2025-01-11 15:27:20,859 [a14cd1ab-7861-42f9-8639-15260a7193f0@group-DEECD8B278EF-LeaderElection30] INFO  server.RaftServerConfigKeys (ConfUtils.java:logGet(46)) - raft.server.log.appender.snapshot.chunk.size.max = 16MB (=16777216) (default)
2025-01-11 15:27:20,859 [a14cd1ab-7861-42f9-8639-15260a7193f0@group-DEECD8B278EF-LeaderElection30] INFO  server.RaftServerConfigKeys (ConfUtils.java:logGet(46)) - raft.server.log.appender.buffer.byte-limit = 33554432 (custom)
2025-01-11 15:27:20,859 [a14cd1ab-7861-42f9-8639-15260a7193f0@group-DEECD8B278EF-LeaderElection30] INFO  server.RaftServerConfigKeys (ConfUtils.java:logGet(46)) - raft.server.log.appender.buffer.element-limit = 1024 (custom)
2025-01-11 15:27:20,859 [a14cd1ab-7861-42f9-8639-15260a7193f0@group-DEECD8B278EF-LeaderElection30] INFO  server.RaftServerConfigKeys (ConfUtils.java:logGet(46)) - raft.server.log.appender.wait-time.min = 0ms (custom)
2025-01-11 15:27:20,859 [a14cd1ab-7861-42f9-8639-15260a7193f0@group-DEECD8B278EF-LeaderElection30] INFO  grpc.GrpcConfigKeys (ConfUtils.java:logGet(46)) - raft.grpc.server.leader.outstanding.appends.max = 8 (default)
2025-01-11 15:27:20,859 [a14cd1ab-7861-42f9-8639-15260a7193f0@group-DEECD8B278EF-LeaderElection30] INFO  server.RaftServerConfigKeys (ConfUtils.java:logGet(46)) - raft.server.rpc.request.timeout = 3000ms (default)
2025-01-11 15:27:20,859 [a14cd1ab-7861-42f9-8639-15260a7193f0@group-DEECD8B278EF-LeaderElection30] INFO  grpc.GrpcConfigKeys (ConfUtils.java:logGet(46)) - raft.grpc.server.install_snapshot.request.element-limit = 8 (default)
2025-01-11 15:27:20,859 [a14cd1ab-7861-42f9-8639-15260a7193f0@group-DEECD8B278EF-LeaderElection30] INFO  grpc.GrpcConfigKeys (ConfUtils.java:logGet(46)) - raft.grpc.server.install_snapshot.request.timeout = 3000ms (default)
2025-01-11 15:27:20,859 [a14cd1ab-7861-42f9-8639-15260a7193f0@group-DEECD8B278EF-LeaderElection30] INFO  grpc.GrpcConfigKeys (ConfUtils.java:logGet(46)) - raft.grpc.server.log-message.batch.duration = 5s (default)
2025-01-11 15:27:20,859 [a14cd1ab-7861-42f9-8639-15260a7193f0@group-DEECD8B278EF-LeaderElection30] INFO  server.RaftServerConfigKeys (ConfUtils.java:logGet(46)) - raft.server.log.appender.install.snapshot.enabled = false (custom)
2025-01-11 15:27:20,860 [a14cd1ab-7861-42f9-8639-15260a7193f0@group-DEECD8B278EF-LeaderElection30] INFO  grpc.GrpcConfigKeys (ConfUtils.java:logGet(46)) - raft.grpc.server.heartbeat.channel = true (default)
2025-01-11 15:27:20,860 [a14cd1ab-7861-42f9-8639-15260a7193f0@group-DEECD8B278EF-LeaderElection30] INFO  server.RaftServerConfigKeys (ConfUtils.java:logGet(46)) - raft.server.log.appender.snapshot.chunk.size.max = 16MB (=16777216) (default)
2025-01-11 15:27:20,860 [a14cd1ab-7861-42f9-8639-15260a7193f0@group-DEECD8B278EF-LeaderElection30] INFO  server.RaftServerConfigKeys (ConfUtils.java:logGet(46)) - raft.server.log.appender.buffer.byte-limit = 33554432 (custom)
2025-01-11 15:27:20,860 [a14cd1ab-7861-42f9-8639-15260a7193f0@group-DEECD8B278EF-LeaderElection30] INFO  server.RaftServerConfigKeys (ConfUtils.java:logGet(46)) - raft.server.log.appender.buffer.element-limit = 1024 (custom)
2025-01-11 15:27:20,861 [a14cd1ab-7861-42f9-8639-15260a7193f0@group-DEECD8B278EF-LeaderElection30] INFO  server.RaftServerConfigKeys (ConfUtils.java:logGet(46)) - raft.server.log.appender.wait-time.min = 0ms (custom)
2025-01-11 15:27:20,861 [a14cd1ab-7861-42f9-8639-15260a7193f0@group-DEECD8B278EF-LeaderElection30] INFO  grpc.GrpcConfigKeys (ConfUtils.java:logGet(46)) - raft.grpc.server.leader.outstanding.appends.max = 8 (default)
2025-01-11 15:27:20,861 [a14cd1ab-7861-42f9-8639-15260a7193f0@group-DEECD8B278EF-LeaderElection30] INFO  server.RaftServerConfigKeys (ConfUtils.java:logGet(46)) - raft.server.rpc.request.timeout = 3000ms (default)
2025-01-11 15:27:20,861 [a14cd1ab-7861-42f9-8639-15260a7193f0@group-DEECD8B278EF-LeaderElection30] INFO  grpc.GrpcConfigKeys (ConfUtils.java:logGet(46)) - raft.grpc.server.install_snapshot.request.element-limit = 8 (default)
2025-01-11 15:27:20,861 [a14cd1ab-7861-42f9-8639-15260a7193f0@group-DEECD8B278EF-LeaderElection30] INFO  grpc.GrpcConfigKeys (ConfUtils.java:logGet(46)) - raft.grpc.server.install_snapshot.request.timeout = 3000ms (default)
2025-01-11 15:27:20,861 [a14cd1ab-7861-42f9-8639-15260a7193f0@group-DEECD8B278EF-LeaderElection30] INFO  grpc.GrpcConfigKeys (ConfUtils.java:logGet(46)) - raft.grpc.server.log-message.batch.duration = 5s (default)
2025-01-11 15:27:20,861 [a14cd1ab-7861-42f9-8639-15260a7193f0@group-DEECD8B278EF-LeaderElection30] INFO  server.RaftServerConfigKeys (ConfUtils.java:logGet(46)) - raft.server.log.appender.install.snapshot.enabled = false (custom)
2025-01-11 15:27:20,861 [a14cd1ab-7861-42f9-8639-15260a7193f0@group-DEECD8B278EF-LeaderElection30] INFO  grpc.GrpcConfigKeys (ConfUtils.java:logGet(46)) - raft.grpc.server.heartbeat.channel = true (default)
2025-01-11 15:27:20,861 [a14cd1ab-7861-42f9-8639-15260a7193f0@group-DEECD8B278EF-LeaderElection30] INFO  impl.RoleInfo (RoleInfo.java:updateAndGet(148)) - a14cd1ab-7861-42f9-8639-15260a7193f0: start a14cd1ab-7861-42f9-8639-15260a7193f0@group-DEECD8B278EF-LeaderStateImpl
2025-01-11 15:27:20,861 [a14cd1ab-7861-42f9-8639-15260a7193f0@group-DEECD8B278EF-LeaderElection30] INFO  server.RaftServer$Division (RaftServerImpl.java:setFirstElection(562)) - a14cd1ab-7861-42f9-8639-15260a7193f0@group-DEECD8B278EF: set firstElectionSinceStartup to false for becomeLeader
2025-01-11 15:27:20,861 [a14cd1ab-7861-42f9-8639-15260a7193f0@group-DEECD8B278EF-LeaderElection30] INFO  ratis.XceiverServerRatis (XceiverServerRatis.java:handleLeaderChangedNotification(944)) - Leader change notification received for group: group-DEECD8B278EF with new leaderId: a14cd1ab-7861-42f9-8639-15260a7193f0
2025-01-11 15:27:20,861 [a14cd1ab-7861-42f9-8639-15260a7193f0@group-DEECD8B278EF-LeaderElection30] INFO  server.RaftServer$Division (ServerState.java:setLeader(272)) - a14cd1ab-7861-42f9-8639-15260a7193f0@group-DEECD8B278EF: change Leader from null to a14cd1ab-7861-42f9-8639-15260a7193f0 at term 1 for becomeLeader, leader elected after 5093ms
2025-01-11 15:27:20,862 [a14cd1ab-7861-42f9-8639-15260a7193f0@group-DEECD8B278EF-LeaderElection30] INFO  segmented.SegmentedRaftLogWorker (SegmentedRaftLogWorker.java:startLogSegment(438)) - a14cd1ab-7861-42f9-8639-15260a7193f0@group-DEECD8B278EF-SegmentedRaftLogWorker: Starting segment from index:0
2025-01-11 15:27:20,862 [a14cd1ab-7861-42f9-8639-15260a7193f0@group-DEECD8B278EF-LeaderElection30] INFO  server.RaftServer$Division (ServerState.java:setRaftConf(386)) - a14cd1ab-7861-42f9-8639-15260a7193f0@group-DEECD8B278EF: set configuration conf: {index: 0, cur=peers:[91d0dafb-6cb7-42e5-b129-660fdc1902ba|127.0.0.1:15097, ac5cad44-c19c-4f65-867f-c0009d6f555c|127.0.0.1:15016, a14cd1ab-7861-42f9-8639-15260a7193f0|127.0.0.1:15043]|listeners:[], old=null}
2025-01-11 15:27:20,862 [a14cd1ab-7861-42f9-8639-15260a7193f0@group-DEECD8B278EF-SegmentedRaftLogWorker] INFO  segmented.BufferedWriteChannel (BufferedWriteChannel.java:open(61)) - open log_inprogress_0 at position 0
2025-01-11 15:27:20,863 [EventQueue-PipelineReportForPipelineReportHandler] ERROR pipeline.PipelineReportHandler (PipelineReportHandler.java:onMessage(101)) - Could not process pipeline report=pipelineID {
  id: "45cc3e2a-c500-4acc-a03a-a9cccc3d9481"
  uuid128 {
    mostSigBits: 5029463237280680652
    leastSigBits: -6901016781926853503
  }
}
isLeader: false
bytesWritten: 0
 from dn=a14cd1ab-7861-42f9-8639-15260a7193f0(localhost/127.0.0.1).
java.io.IOException: Datanode=a14cd1ab-7861-42f9-8639-15260a7193f0(localhost/127.0.0.1) not part of pipeline=PipelineID=45cc3e2a-c500-4acc-a03a-a9cccc3d9481
	at org.apache.hadoop.hdds.scm.pipeline.Pipeline.reportDatanode(Pipeline.java:339)
	at org.apache.hadoop.hdds.scm.pipeline.PipelineReportHandler.setReportedDatanode(PipelineReportHandler.java:160)
	at org.apache.hadoop.hdds.scm.pipeline.PipelineReportHandler.processPipelineReport(PipelineReportHandler.java:135)
	at org.apache.hadoop.hdds.scm.pipeline.PipelineReportHandler.onMessage(PipelineReportHandler.java:94)
	at org.apache.hadoop.hdds.scm.pipeline.PipelineReportHandler.onMessage(PipelineReportHandler.java:53)
	at org.apache.hadoop.hdds.server.events.SingleThreadExecutor.lambda$onMessage$1(SingleThreadExecutor.java:86)
	at java.base/java.util.concurrent.ThreadPoolExecutor.runWorker(ThreadPoolExecutor.java:1144)
	at java.base/java.util.concurrent.ThreadPoolExecutor$Worker.run(ThreadPoolExecutor.java:642)
	at java.base/java.lang.Thread.run(Thread.java:1583)
2025-01-11 15:27:20,866 [EventQueue-PipelineReportForPipelineReportHandler] INFO  pipeline.PipelineReportHandler (PipelineReportHandler.java:processPipelineReport(147)) - Opened pipeline PipelineID=0893ea06-592c-4c5c-b987-deecd8b278ef
2025-01-11 15:27:20,870 [91d0dafb-6cb7-42e5-b129-660fdc1902ba-server-thread1] INFO  ratis.XceiverServerRatis (XceiverServerRatis.java:handleLeaderChangedNotification(944)) - Leader change notification received for group: group-DEECD8B278EF with new leaderId: a14cd1ab-7861-42f9-8639-15260a7193f0
2025-01-11 15:27:20,871 [91d0dafb-6cb7-42e5-b129-660fdc1902ba-server-thread1] INFO  server.RaftServer$Division (ServerState.java:setLeader(272)) - 91d0dafb-6cb7-42e5-b129-660fdc1902ba@group-DEECD8B278EF: change Leader from null to a14cd1ab-7861-42f9-8639-15260a7193f0 at term 1 for appendEntries, leader elected after 5153ms
2025-01-11 15:27:20,873 [ac5cad44-c19c-4f65-867f-c0009d6f555c-server-thread1] INFO  ratis.XceiverServerRatis (XceiverServerRatis.java:handleLeaderChangedNotification(944)) - Leader change notification received for group: group-DEECD8B278EF with new leaderId: a14cd1ab-7861-42f9-8639-15260a7193f0
2025-01-11 15:27:20,873 [ac5cad44-c19c-4f65-867f-c0009d6f555c-server-thread1] INFO  server.RaftServer$Division (ServerState.java:setLeader(272)) - ac5cad44-c19c-4f65-867f-c0009d6f555c@group-DEECD8B278EF: change Leader from null to a14cd1ab-7861-42f9-8639-15260a7193f0 at term 1 for appendEntries, leader elected after 5132ms
2025-01-11 15:27:20,873 [91d0dafb-6cb7-42e5-b129-660fdc1902ba-server-thread2] INFO  server.RaftServer$Division (ServerState.java:setRaftConf(386)) - 91d0dafb-6cb7-42e5-b129-660fdc1902ba@group-DEECD8B278EF: set configuration conf: {index: 0, cur=peers:[91d0dafb-6cb7-42e5-b129-660fdc1902ba|127.0.0.1:15097, ac5cad44-c19c-4f65-867f-c0009d6f555c|127.0.0.1:15016, a14cd1ab-7861-42f9-8639-15260a7193f0|127.0.0.1:15043]|listeners:[], old=null}
2025-01-11 15:27:20,873 [ac5cad44-c19c-4f65-867f-c0009d6f555c-server-thread2] INFO  server.RaftServer$Division (ServerState.java:setRaftConf(386)) - ac5cad44-c19c-4f65-867f-c0009d6f555c@group-DEECD8B278EF: set configuration conf: {index: 0, cur=peers:[91d0dafb-6cb7-42e5-b129-660fdc1902ba|127.0.0.1:15097, ac5cad44-c19c-4f65-867f-c0009d6f555c|127.0.0.1:15016, a14cd1ab-7861-42f9-8639-15260a7193f0|127.0.0.1:15043]|listeners:[], old=null}
2025-01-11 15:27:20,874 [ac5cad44-c19c-4f65-867f-c0009d6f555c-server-thread2] INFO  segmented.SegmentedRaftLogWorker (SegmentedRaftLogWorker.java:startLogSegment(438)) - ac5cad44-c19c-4f65-867f-c0009d6f555c@group-DEECD8B278EF-SegmentedRaftLogWorker: Starting segment from index:0
2025-01-11 15:27:20,874 [91d0dafb-6cb7-42e5-b129-660fdc1902ba-server-thread2] INFO  segmented.SegmentedRaftLogWorker (SegmentedRaftLogWorker.java:startLogSegment(438)) - 91d0dafb-6cb7-42e5-b129-660fdc1902ba@group-DEECD8B278EF-SegmentedRaftLogWorker: Starting segment from index:0
2025-01-11 15:27:20,874 [ac5cad44-c19c-4f65-867f-c0009d6f555c@group-DEECD8B278EF-SegmentedRaftLogWorker] INFO  segmented.BufferedWriteChannel (BufferedWriteChannel.java:open(61)) - open log_inprogress_0 at position 0
2025-01-11 15:27:20,874 [91d0dafb-6cb7-42e5-b129-660fdc1902ba@group-DEECD8B278EF-SegmentedRaftLogWorker] INFO  segmented.BufferedWriteChannel (BufferedWriteChannel.java:open(61)) - open log_inprogress_0 at position 0
2025-01-11 15:27:20,887 [a14cd1ab-7861-42f9-8639-15260a7193f0@group-DEECD8B278EF-SegmentedRaftLogWorker] INFO  segmented.SegmentedRaftLogWorker (SegmentedRaftLogWorker.java:execute(644)) - a14cd1ab-7861-42f9-8639-15260a7193f0@group-DEECD8B278EF-SegmentedRaftLogWorker: created new log segment /home/runner/work/ozone/ozone/hadoop-ozone/integration-test/target/test-dir/MiniOzoneClusterImpl-7d8e89df-ef81-4ba3-8c0c-8d2bb8f5309d/ozone-meta/datanode-4/ratisd27174d0-35af-4999-b359-9a099c85422c/0893ea06-592c-4c5c-b987-deecd8b278ef/current/log_inprogress_0
2025-01-11 15:27:20,888 [91d0dafb-6cb7-42e5-b129-660fdc1902ba@group-DEECD8B278EF-SegmentedRaftLogWorker] INFO  segmented.SegmentedRaftLogWorker (SegmentedRaftLogWorker.java:execute(644)) - 91d0dafb-6cb7-42e5-b129-660fdc1902ba@group-DEECD8B278EF-SegmentedRaftLogWorker: created new log segment /home/runner/work/ozone/ozone/hadoop-ozone/integration-test/target/test-dir/MiniOzoneClusterImpl-7d8e89df-ef81-4ba3-8c0c-8d2bb8f5309d/ozone-meta/datanode-10/ratis/0893ea06-592c-4c5c-b987-deecd8b278ef/current/log_inprogress_0
2025-01-11 15:27:20,888 [ac5cad44-c19c-4f65-867f-c0009d6f555c@group-DEECD8B278EF-SegmentedRaftLogWorker] INFO  segmented.SegmentedRaftLogWorker (SegmentedRaftLogWorker.java:execute(644)) - ac5cad44-c19c-4f65-867f-c0009d6f555c@group-DEECD8B278EF-SegmentedRaftLogWorker: created new log segment /home/runner/work/ozone/ozone/hadoop-ozone/integration-test/target/test-dir/MiniOzoneClusterImpl-7d8e89df-ef81-4ba3-8c0c-8d2bb8f5309d/ozone-meta/datanode-1/ratis/0893ea06-592c-4c5c-b987-deecd8b278ef/current/log_inprogress_0
2025-01-11 15:27:20,890 [a14cd1ab-7861-42f9-8639-15260a7193f0@group-DEECD8B278EF-StateMachineUpdater] INFO  server.RaftServer$Division (LeaderStateImpl.java:checkStartIndex(313)) - Leader a14cd1ab-7861-42f9-8639-15260a7193f0@group-DEECD8B278EF-LeaderStateImpl is ready since appliedIndex == startIndex == 0
2025-01-11 15:27:20,890 [a14cd1ab-7861-42f9-8639-15260a7193f0@group-DEECD8B278EF-StateMachineUpdater] INFO  ratis.ContainerStateMachine (ContainerStateMachine.java:takeSnapshot(378)) - group-DEECD8B278EF: Taking a snapshot at:(t:1, i:0) file /home/runner/work/ozone/ozone/hadoop-ozone/integration-test/target/test-dir/MiniOzoneClusterImpl-7d8e89df-ef81-4ba3-8c0c-8d2bb8f5309d/ozone-meta/datanode-4/ratisd27174d0-35af-4999-b359-9a099c85422c/0893ea06-592c-4c5c-b987-deecd8b278ef/sm/snapshot.1_0
2025-01-11 15:27:20,891 [a14cd1ab-7861-42f9-8639-15260a7193f0@group-DEECD8B278EF-StateMachineUpdater] INFO  ratis.ContainerStateMachine (ContainerStateMachine.java:takeSnapshot(389)) - group-DEECD8B278EF: Finished taking a snapshot at:(t:1, i:0) file:/home/runner/work/ozone/ozone/hadoop-ozone/integration-test/target/test-dir/MiniOzoneClusterImpl-7d8e89df-ef81-4ba3-8c0c-8d2bb8f5309d/ozone-meta/datanode-4/ratisd27174d0-35af-4999-b359-9a099c85422c/0893ea06-592c-4c5c-b987-deecd8b278ef/sm/snapshot.1_0 took: 1 ms
2025-01-11 15:27:20,891 [a14cd1ab-7861-42f9-8639-15260a7193f0@group-DEECD8B278EF-StateMachineUpdater] INFO  impl.StateMachineUpdater (StateMachineUpdater.java:takeSnapshot(303)) - a14cd1ab-7861-42f9-8639-15260a7193f0@group-DEECD8B278EF-StateMachineUpdater: Took a snapshot at index 0
2025-01-11 15:27:20,891 [a14cd1ab-7861-42f9-8639-15260a7193f0@group-DEECD8B278EF-StateMachineUpdater] INFO  impl.StateMachineUpdater (StateMachineUpdater.java:lambda$new$0(102)) - a14cd1ab-7861-42f9-8639-15260a7193f0@group-DEECD8B278EF-StateMachineUpdater: snapshotIndex: updateIncreasingly -1 -> 0
2025-01-11 15:27:21,062 [EventQueue-PipelineReportForPipelineReportHandler] ERROR pipeline.PipelineReportHandler (PipelineReportHandler.java:onMessage(101)) - Could not process pipeline report=pipelineID {
  id: "45cc3e2a-c500-4acc-a03a-a9cccc3d9481"
  uuid128 {
    mostSigBits: 5029463237280680652
    leastSigBits: -6901016781926853503
  }
}
isLeader: false
bytesWritten: 0
 from dn=a14cd1ab-7861-42f9-8639-15260a7193f0(localhost/127.0.0.1).
java.io.IOException: Datanode=a14cd1ab-7861-42f9-8639-15260a7193f0(localhost/127.0.0.1) not part of pipeline=PipelineID=45cc3e2a-c500-4acc-a03a-a9cccc3d9481
	at org.apache.hadoop.hdds.scm.pipeline.Pipeline.reportDatanode(Pipeline.java:339)
	at org.apache.hadoop.hdds.scm.pipeline.PipelineReportHandler.setReportedDatanode(PipelineReportHandler.java:160)
	at org.apache.hadoop.hdds.scm.pipeline.PipelineReportHandler.processPipelineReport(PipelineReportHandler.java:135)
	at org.apache.hadoop.hdds.scm.pipeline.PipelineReportHandler.onMessage(PipelineReportHandler.java:94)
	at org.apache.hadoop.hdds.scm.pipeline.PipelineReportHandler.onMessage(PipelineReportHandler.java:53)
	at org.apache.hadoop.hdds.server.events.SingleThreadExecutor.lambda$onMessage$1(SingleThreadExecutor.java:86)
	at java.base/java.util.concurrent.ThreadPoolExecutor.runWorker(ThreadPoolExecutor.java:1144)
	at java.base/java.util.concurrent.ThreadPoolExecutor$Worker.run(ThreadPoolExecutor.java:642)
	at java.base/java.lang.Thread.run(Thread.java:1583)
2025-01-11 15:27:21,262 [EventQueue-PipelineReportForPipelineReportHandler] ERROR pipeline.PipelineReportHandler (PipelineReportHandler.java:onMessage(101)) - Could not process pipeline report=pipelineID {
  id: "45cc3e2a-c500-4acc-a03a-a9cccc3d9481"
  uuid128 {
    mostSigBits: 5029463237280680652
    leastSigBits: -6901016781926853503
  }
}
isLeader: false
bytesWritten: 0
 from dn=a14cd1ab-7861-42f9-8639-15260a7193f0(localhost/127.0.0.1).
java.io.IOException: Datanode=a14cd1ab-7861-42f9-8639-15260a7193f0(localhost/127.0.0.1) not part of pipeline=PipelineID=45cc3e2a-c500-4acc-a03a-a9cccc3d9481
	at org.apache.hadoop.hdds.scm.pipeline.Pipeline.reportDatanode(Pipeline.java:339)
	at org.apache.hadoop.hdds.scm.pipeline.PipelineReportHandler.setReportedDatanode(PipelineReportHandler.java:160)
	at org.apache.hadoop.hdds.scm.pipeline.PipelineReportHandler.processPipelineReport(PipelineReportHandler.java:135)
	at org.apache.hadoop.hdds.scm.pipeline.PipelineReportHandler.onMessage(PipelineReportHandler.java:94)
	at org.apache.hadoop.hdds.scm.pipeline.PipelineReportHandler.onMessage(PipelineReportHandler.java:53)
	at org.apache.hadoop.hdds.server.events.SingleThreadExecutor.lambda$onMessage$1(SingleThreadExecutor.java:86)
	at java.base/java.util.concurrent.ThreadPoolExecutor.runWorker(ThreadPoolExecutor.java:1144)
	at java.base/java.util.concurrent.ThreadPoolExecutor$Worker.run(ThreadPoolExecutor.java:642)
	at java.base/java.lang.Thread.run(Thread.java:1583)
2025-01-11 15:27:21,285 [timer7] WARN  server.GrpcLogAppender (GrpcLogAppender.java:timeoutAppendRequest(441)) - fc60e07f-496f-42fe-ae82-620152583f87@group-A7184706D343->4ba790b6-f5d5-4c4e-97f5-f1f66fb5d3d4-GrpcLogAppender: Timed out HEARTBEAT appendEntries, errorCount=58, request=AppendEntriesRequest:cid=9436,entriesCount=0
2025-01-11 15:27:21,462 [EventQueue-PipelineReportForPipelineReportHandler] ERROR pipeline.PipelineReportHandler (PipelineReportHandler.java:onMessage(101)) - Could not process pipeline report=pipelineID {
  id: "45cc3e2a-c500-4acc-a03a-a9cccc3d9481"
  uuid128 {
    mostSigBits: 5029463237280680652
    leastSigBits: -6901016781926853503
  }
}
isLeader: false
bytesWritten: 0
 from dn=a14cd1ab-7861-42f9-8639-15260a7193f0(localhost/127.0.0.1).
java.io.IOException: Datanode=a14cd1ab-7861-42f9-8639-15260a7193f0(localhost/127.0.0.1) not part of pipeline=PipelineID=45cc3e2a-c500-4acc-a03a-a9cccc3d9481
	at org.apache.hadoop.hdds.scm.pipeline.Pipeline.reportDatanode(Pipeline.java:339)
	at org.apache.hadoop.hdds.scm.pipeline.PipelineReportHandler.setReportedDatanode(PipelineReportHandler.java:160)
	at org.apache.hadoop.hdds.scm.pipeline.PipelineReportHandler.processPipelineReport(PipelineReportHandler.java:135)
	at org.apache.hadoop.hdds.scm.pipeline.PipelineReportHandler.onMessage(PipelineReportHandler.java:94)
	at org.apache.hadoop.hdds.scm.pipeline.PipelineReportHandler.onMessage(PipelineReportHandler.java:53)
	at org.apache.hadoop.hdds.server.events.SingleThreadExecutor.lambda$onMessage$1(SingleThreadExecutor.java:86)
	at java.base/java.util.concurrent.ThreadPoolExecutor.runWorker(ThreadPoolExecutor.java:1144)
	at java.base/java.util.concurrent.ThreadPoolExecutor$Worker.run(ThreadPoolExecutor.java:642)
	at java.base/java.lang.Thread.run(Thread.java:1583)
2025-01-11 15:27:21,563 [a14cd1ab-7861-42f9-8639-15260a7193f0@group-D14C45472CDA-FollowerState] INFO  impl.FollowerState (FollowerState.java:runImpl(161)) - a14cd1ab-7861-42f9-8639-15260a7193f0@group-D14C45472CDA-FollowerState: change to CANDIDATE, lastRpcElapsedTime:5189650348ns, electionTimeout:5189ms
2025-01-11 15:27:21,563 [a14cd1ab-7861-42f9-8639-15260a7193f0@group-D14C45472CDA-FollowerState] INFO  impl.RoleInfo (RoleInfo.java:shutdownFollowerState(121)) - a14cd1ab-7861-42f9-8639-15260a7193f0: shutdown a14cd1ab-7861-42f9-8639-15260a7193f0@group-D14C45472CDA-FollowerState
2025-01-11 15:27:21,563 [a14cd1ab-7861-42f9-8639-15260a7193f0@group-D14C45472CDA-FollowerState] INFO  server.RaftServer$Division (RaftServerImpl.java:setRole(378)) - a14cd1ab-7861-42f9-8639-15260a7193f0@group-D14C45472CDA: changes role from  FOLLOWER to CANDIDATE at term 0 for changeToCandidate
2025-01-11 15:27:21,563 [a14cd1ab-7861-42f9-8639-15260a7193f0@group-D14C45472CDA-FollowerState] INFO  server.RaftServerConfigKeys (ConfUtils.java:logGet(46)) - raft.server.leaderelection.pre-vote = true (default)
2025-01-11 15:27:21,563 [a14cd1ab-7861-42f9-8639-15260a7193f0@group-D14C45472CDA-FollowerState] INFO  impl.RoleInfo (RoleInfo.java:updateAndGet(148)) - a14cd1ab-7861-42f9-8639-15260a7193f0: start a14cd1ab-7861-42f9-8639-15260a7193f0@group-D14C45472CDA-LeaderElection31
2025-01-11 15:27:21,564 [a14cd1ab-7861-42f9-8639-15260a7193f0@group-D14C45472CDA-LeaderElection31] INFO  impl.LeaderElection (LeaderElection.java:askForVotes(332)) - a14cd1ab-7861-42f9-8639-15260a7193f0@group-D14C45472CDA-LeaderElection31 PRE_VOTE round 0: submit vote requests at term 0 for conf: {index: -1, cur=peers:[a14cd1ab-7861-42f9-8639-15260a7193f0|127.0.0.1:15043]|listeners:[], old=null}
2025-01-11 15:27:21,564 [a14cd1ab-7861-42f9-8639-15260a7193f0@group-D14C45472CDA-LeaderElection31] INFO  impl.LeaderElection (LeaderElection.java:askForVotes(334)) - a14cd1ab-7861-42f9-8639-15260a7193f0@group-D14C45472CDA-LeaderElection31 PRE_VOTE round 0: result PASSED (term=0)
2025-01-11 15:27:21,565 [a14cd1ab-7861-42f9-8639-15260a7193f0@group-D14C45472CDA-LeaderElection31] INFO  impl.LeaderElection (LeaderElection.java:askForVotes(332)) - a14cd1ab-7861-42f9-8639-15260a7193f0@group-D14C45472CDA-LeaderElection31 ELECTION round 0: submit vote requests at term 1 for conf: {index: -1, cur=peers:[a14cd1ab-7861-42f9-8639-15260a7193f0|127.0.0.1:15043]|listeners:[], old=null}
2025-01-11 15:27:21,565 [a14cd1ab-7861-42f9-8639-15260a7193f0@group-D14C45472CDA-LeaderElection31] INFO  impl.LeaderElection (LeaderElection.java:askForVotes(334)) - a14cd1ab-7861-42f9-8639-15260a7193f0@group-D14C45472CDA-LeaderElection31 ELECTION round 0: result PASSED (term=1)
2025-01-11 15:27:21,565 [a14cd1ab-7861-42f9-8639-15260a7193f0@group-D14C45472CDA-LeaderElection31] INFO  impl.RoleInfo (RoleInfo.java:shutdownLeaderElection(141)) - a14cd1ab-7861-42f9-8639-15260a7193f0: shutdown a14cd1ab-7861-42f9-8639-15260a7193f0@group-D14C45472CDA-LeaderElection31
2025-01-11 15:27:21,565 [a14cd1ab-7861-42f9-8639-15260a7193f0@group-D14C45472CDA-LeaderElection31] INFO  server.RaftServer$Division (RaftServerImpl.java:setRole(378)) - a14cd1ab-7861-42f9-8639-15260a7193f0@group-D14C45472CDA: changes role from CANDIDATE to LEADER at term 1 for changeToLeader
2025-01-11 15:27:21,565 [a14cd1ab-7861-42f9-8639-15260a7193f0@group-D14C45472CDA-LeaderElection31] INFO  server.RaftServerConfigKeys (ConfUtils.java:logGet(46)) - raft.server.staging.catchup.gap = 1000 (default)
2025-01-11 15:27:21,565 [a14cd1ab-7861-42f9-8639-15260a7193f0@group-D14C45472CDA-LeaderElection31] INFO  server.RaftServerConfigKeys (ConfUtils.java:logGet(46)) - raft.server.write.element-limit = 1024 (custom)
2025-01-11 15:27:21,566 [a14cd1ab-7861-42f9-8639-15260a7193f0@group-D14C45472CDA-LeaderElection31] INFO  server.RaftServerConfigKeys (ConfUtils.java:logGet(46)) - raft.server.write.byte-limit = 1024 M (=1073741824) (custom)
2025-01-11 15:27:21,566 [a14cd1ab-7861-42f9-8639-15260a7193f0@group-D14C45472CDA-LeaderElection31] INFO  server.RaftServerConfigKeys (ConfUtils.java:logGet(46)) - raft.server.watch.timeout = 10000ms (default)
2025-01-11 15:27:21,566 [a14cd1ab-7861-42f9-8639-15260a7193f0@group-D14C45472CDA-LeaderElection31] INFO  server.RaftServerConfigKeys (ConfUtils.java:logGet(46)) - raft.server.watch.timeout.denomination = 1s (default)
2025-01-11 15:27:21,566 [a14cd1ab-7861-42f9-8639-15260a7193f0@group-D14C45472CDA-LeaderElection31] INFO  server.RaftServerConfigKeys (ConfUtils.java:logGet(46)) - raft.server.watch.element-limit = 65536 (default)
2025-01-11 15:27:21,566 [a14cd1ab-7861-42f9-8639-15260a7193f0@group-D14C45472CDA-LeaderElection31] INFO  server.RaftServerConfigKeys (ConfUtils.java:logGet(46)) - raft.server.read.leader.lease.enabled = false (default)
2025-01-11 15:27:21,566 [a14cd1ab-7861-42f9-8639-15260a7193f0@group-D14C45472CDA-LeaderElection31] INFO  server.RaftServerConfigKeys (ConfUtils.java:logGet(46)) - raft.server.read.leader.lease.timeout.ratio = 0.9 (default)
2025-01-11 15:27:21,566 [a14cd1ab-7861-42f9-8639-15260a7193f0@group-D14C45472CDA-LeaderElection31] INFO  server.RaftServerConfigKeys (ConfUtils.java:logGet(46)) - raft.server.rpc.timeout.min = 5s (custom)
2025-01-11 15:27:21,566 [a14cd1ab-7861-42f9-8639-15260a7193f0@group-D14C45472CDA-LeaderElection31] INFO  server.RaftServerConfigKeys (ConfUtils.java:logGet(46)) - raft.server.log.log-metadata.enabled = true (default)
2025-01-11 15:27:21,566 [a14cd1ab-7861-42f9-8639-15260a7193f0@group-D14C45472CDA-LeaderElection31] INFO  server.RaftServerConfigKeys (ConfUtils.java:logGet(46)) - raft.server.write.element-limit = 1024 (custom)
2025-01-11 15:27:21,567 [a14cd1ab-7861-42f9-8639-15260a7193f0@group-D14C45472CDA-LeaderElection31] INFO  server.RaftServerConfigKeys (ConfUtils.java:logGet(46)) - raft.server.write.follower.gap.ratio.max = -1.0 (default)
2025-01-11 15:27:21,567 [a14cd1ab-7861-42f9-8639-15260a7193f0@group-D14C45472CDA-LeaderElection31] INFO  impl.RoleInfo (RoleInfo.java:updateAndGet(148)) - a14cd1ab-7861-42f9-8639-15260a7193f0: start a14cd1ab-7861-42f9-8639-15260a7193f0@group-D14C45472CDA-LeaderStateImpl
2025-01-11 15:27:21,567 [a14cd1ab-7861-42f9-8639-15260a7193f0@group-D14C45472CDA-LeaderElection31] INFO  server.RaftServer$Division (RaftServerImpl.java:setFirstElection(562)) - a14cd1ab-7861-42f9-8639-15260a7193f0@group-D14C45472CDA: set firstElectionSinceStartup to false for becomeLeader
2025-01-11 15:27:21,567 [a14cd1ab-7861-42f9-8639-15260a7193f0@group-D14C45472CDA-LeaderElection31] INFO  ratis.XceiverServerRatis (XceiverServerRatis.java:handleLeaderChangedNotification(944)) - Leader change notification received for group: group-D14C45472CDA with new leaderId: a14cd1ab-7861-42f9-8639-15260a7193f0
2025-01-11 15:27:21,567 [a14cd1ab-7861-42f9-8639-15260a7193f0@group-D14C45472CDA-LeaderElection31] INFO  server.RaftServer$Division (ServerState.java:setLeader(272)) - a14cd1ab-7861-42f9-8639-15260a7193f0@group-D14C45472CDA: change Leader from null to a14cd1ab-7861-42f9-8639-15260a7193f0 at term 1 for becomeLeader, leader elected after 5210ms
2025-01-11 15:27:21,567 [a14cd1ab-7861-42f9-8639-15260a7193f0@group-D14C45472CDA-LeaderElection31] INFO  segmented.SegmentedRaftLogWorker (SegmentedRaftLogWorker.java:startLogSegment(438)) - a14cd1ab-7861-42f9-8639-15260a7193f0@group-D14C45472CDA-SegmentedRaftLogWorker: Starting segment from index:0
2025-01-11 15:27:21,567 [a14cd1ab-7861-42f9-8639-15260a7193f0@group-D14C45472CDA-LeaderElection31] INFO  server.RaftServer$Division (ServerState.java:setRaftConf(386)) - a14cd1ab-7861-42f9-8639-15260a7193f0@group-D14C45472CDA: set configuration conf: {index: 0, cur=peers:[a14cd1ab-7861-42f9-8639-15260a7193f0|127.0.0.1:15043]|listeners:[], old=null}
2025-01-11 15:27:21,567 [a14cd1ab-7861-42f9-8639-15260a7193f0@group-D14C45472CDA-SegmentedRaftLogWorker] INFO  segmented.BufferedWriteChannel (BufferedWriteChannel.java:open(61)) - open log_inprogress_0 at position 0
2025-01-11 15:27:21,573 [EventQueue-PipelineReportForPipelineReportHandler] ERROR pipeline.PipelineReportHandler (PipelineReportHandler.java:onMessage(101)) - Could not process pipeline report=pipelineID {
  id: "45cc3e2a-c500-4acc-a03a-a9cccc3d9481"
  uuid128 {
    mostSigBits: 5029463237280680652
    leastSigBits: -6901016781926853503
  }
}
isLeader: false
bytesWritten: 0
 from dn=a14cd1ab-7861-42f9-8639-15260a7193f0(localhost/127.0.0.1).
java.io.IOException: Datanode=a14cd1ab-7861-42f9-8639-15260a7193f0(localhost/127.0.0.1) not part of pipeline=PipelineID=45cc3e2a-c500-4acc-a03a-a9cccc3d9481
	at org.apache.hadoop.hdds.scm.pipeline.Pipeline.reportDatanode(Pipeline.java:339)
	at org.apache.hadoop.hdds.scm.pipeline.PipelineReportHandler.setReportedDatanode(PipelineReportHandler.java:160)
	at org.apache.hadoop.hdds.scm.pipeline.PipelineReportHandler.processPipelineReport(PipelineReportHandler.java:135)
	at org.apache.hadoop.hdds.scm.pipeline.PipelineReportHandler.onMessage(PipelineReportHandler.java:94)
	at org.apache.hadoop.hdds.scm.pipeline.PipelineReportHandler.onMessage(PipelineReportHandler.java:53)
	at org.apache.hadoop.hdds.server.events.SingleThreadExecutor.lambda$onMessage$1(SingleThreadExecutor.java:86)
	at java.base/java.util.concurrent.ThreadPoolExecutor.runWorker(ThreadPoolExecutor.java:1144)
	at java.base/java.util.concurrent.ThreadPoolExecutor$Worker.run(ThreadPoolExecutor.java:642)
	at java.base/java.lang.Thread.run(Thread.java:1583)
2025-01-11 15:27:21,577 [a14cd1ab-7861-42f9-8639-15260a7193f0@group-D14C45472CDA-SegmentedRaftLogWorker] INFO  segmented.SegmentedRaftLogWorker (SegmentedRaftLogWorker.java:execute(644)) - a14cd1ab-7861-42f9-8639-15260a7193f0@group-D14C45472CDA-SegmentedRaftLogWorker: created new log segment /home/runner/work/ozone/ozone/hadoop-ozone/integration-test/target/test-dir/MiniOzoneClusterImpl-7d8e89df-ef81-4ba3-8c0c-8d2bb8f5309d/ozone-meta/datanode-4/ratisd27174d0-35af-4999-b359-9a099c85422c/6b0e9990-273b-424c-8773-d14c45472cda/current/log_inprogress_0
2025-01-11 15:27:21,578 [a14cd1ab-7861-42f9-8639-15260a7193f0@group-D14C45472CDA-StateMachineUpdater] INFO  server.RaftServer$Division (LeaderStateImpl.java:checkStartIndex(313)) - Leader a14cd1ab-7861-42f9-8639-15260a7193f0@group-D14C45472CDA-LeaderStateImpl is ready since appliedIndex == startIndex == 0
2025-01-11 15:27:21,578 [a14cd1ab-7861-42f9-8639-15260a7193f0@group-D14C45472CDA-StateMachineUpdater] INFO  ratis.ContainerStateMachine (ContainerStateMachine.java:takeSnapshot(378)) - group-D14C45472CDA: Taking a snapshot at:(t:1, i:0) file /home/runner/work/ozone/ozone/hadoop-ozone/integration-test/target/test-dir/MiniOzoneClusterImpl-7d8e89df-ef81-4ba3-8c0c-8d2bb8f5309d/ozone-meta/datanode-4/ratisd27174d0-35af-4999-b359-9a099c85422c/6b0e9990-273b-424c-8773-d14c45472cda/sm/snapshot.1_0
2025-01-11 15:27:21,579 [a14cd1ab-7861-42f9-8639-15260a7193f0@group-D14C45472CDA-StateMachineUpdater] INFO  ratis.ContainerStateMachine (ContainerStateMachine.java:takeSnapshot(389)) - group-D14C45472CDA: Finished taking a snapshot at:(t:1, i:0) file:/home/runner/work/ozone/ozone/hadoop-ozone/integration-test/target/test-dir/MiniOzoneClusterImpl-7d8e89df-ef81-4ba3-8c0c-8d2bb8f5309d/ozone-meta/datanode-4/ratisd27174d0-35af-4999-b359-9a099c85422c/6b0e9990-273b-424c-8773-d14c45472cda/sm/snapshot.1_0 took: 0 ms
2025-01-11 15:27:21,579 [a14cd1ab-7861-42f9-8639-15260a7193f0@group-D14C45472CDA-StateMachineUpdater] INFO  impl.StateMachineUpdater (StateMachineUpdater.java:takeSnapshot(303)) - a14cd1ab-7861-42f9-8639-15260a7193f0@group-D14C45472CDA-StateMachineUpdater: Took a snapshot at index 0
2025-01-11 15:27:21,579 [a14cd1ab-7861-42f9-8639-15260a7193f0@group-D14C45472CDA-StateMachineUpdater] INFO  impl.StateMachineUpdater (StateMachineUpdater.java:lambda$new$0(102)) - a14cd1ab-7861-42f9-8639-15260a7193f0@group-D14C45472CDA-StateMachineUpdater: snapshotIndex: updateIncreasingly -1 -> 0
2025-01-11 15:27:21,767 [EventQueue-PipelineReportForPipelineReportHandler] ERROR pipeline.PipelineReportHandler (PipelineReportHandler.java:onMessage(101)) - Could not process pipeline report=pipelineID {
  id: "45cc3e2a-c500-4acc-a03a-a9cccc3d9481"
  uuid128 {
    mostSigBits: 5029463237280680652
    leastSigBits: -6901016781926853503
  }
}
isLeader: false
bytesWritten: 0
 from dn=a14cd1ab-7861-42f9-8639-15260a7193f0(localhost/127.0.0.1).
java.io.IOException: Datanode=a14cd1ab-7861-42f9-8639-15260a7193f0(localhost/127.0.0.1) not part of pipeline=PipelineID=45cc3e2a-c500-4acc-a03a-a9cccc3d9481
	at org.apache.hadoop.hdds.scm.pipeline.Pipeline.reportDatanode(Pipeline.java:339)
	at org.apache.hadoop.hdds.scm.pipeline.PipelineReportHandler.setReportedDatanode(PipelineReportHandler.java:160)
	at org.apache.hadoop.hdds.scm.pipeline.PipelineReportHandler.processPipelineReport(PipelineReportHandler.java:135)
	at org.apache.hadoop.hdds.scm.pipeline.PipelineReportHandler.onMessage(PipelineReportHandler.java:94)
	at org.apache.hadoop.hdds.scm.pipeline.PipelineReportHandler.onMessage(PipelineReportHandler.java:53)
	at org.apache.hadoop.hdds.server.events.SingleThreadExecutor.lambda$onMessage$1(SingleThreadExecutor.java:86)
	at java.base/java.util.concurrent.ThreadPoolExecutor.runWorker(ThreadPoolExecutor.java:1144)
	at java.base/java.util.concurrent.ThreadPoolExecutor$Worker.run(ThreadPoolExecutor.java:642)
	at java.base/java.lang.Thread.run(Thread.java:1583)
2025-01-11 15:27:21,967 [EventQueue-PipelineReportForPipelineReportHandler] ERROR pipeline.PipelineReportHandler (PipelineReportHandler.java:onMessage(101)) - Could not process pipeline report=pipelineID {
  id: "45cc3e2a-c500-4acc-a03a-a9cccc3d9481"
  uuid128 {
    mostSigBits: 5029463237280680652
    leastSigBits: -6901016781926853503
  }
}
isLeader: false
bytesWritten: 0
 from dn=a14cd1ab-7861-42f9-8639-15260a7193f0(localhost/127.0.0.1).
java.io.IOException: Datanode=a14cd1ab-7861-42f9-8639-15260a7193f0(localhost/127.0.0.1) not part of pipeline=PipelineID=45cc3e2a-c500-4acc-a03a-a9cccc3d9481
	at org.apache.hadoop.hdds.scm.pipeline.Pipeline.reportDatanode(Pipeline.java:339)
	at org.apache.hadoop.hdds.scm.pipeline.PipelineReportHandler.setReportedDatanode(PipelineReportHandler.java:160)
	at org.apache.hadoop.hdds.scm.pipeline.PipelineReportHandler.processPipelineReport(PipelineReportHandler.java:135)
	at org.apache.hadoop.hdds.scm.pipeline.PipelineReportHandler.onMessage(PipelineReportHandler.java:94)
	at org.apache.hadoop.hdds.scm.pipeline.PipelineReportHandler.onMessage(PipelineReportHandler.java:53)
	at org.apache.hadoop.hdds.server.events.SingleThreadExecutor.lambda$onMessage$1(SingleThreadExecutor.java:86)
	at java.base/java.util.concurrent.ThreadPoolExecutor.runWorker(ThreadPoolExecutor.java:1144)
	at java.base/java.util.concurrent.ThreadPoolExecutor$Worker.run(ThreadPoolExecutor.java:642)
	at java.base/java.lang.Thread.run(Thread.java:1583)
2025-01-11 15:27:22,167 [EventQueue-PipelineReportForPipelineReportHandler] ERROR pipeline.PipelineReportHandler (PipelineReportHandler.java:onMessage(101)) - Could not process pipeline report=pipelineID {
  id: "45cc3e2a-c500-4acc-a03a-a9cccc3d9481"
  uuid128 {
    mostSigBits: 5029463237280680652
    leastSigBits: -6901016781926853503
  }
}
isLeader: false
bytesWritten: 0
 from dn=a14cd1ab-7861-42f9-8639-15260a7193f0(localhost/127.0.0.1).
java.io.IOException: Datanode=a14cd1ab-7861-42f9-8639-15260a7193f0(localhost/127.0.0.1) not part of pipeline=PipelineID=45cc3e2a-c500-4acc-a03a-a9cccc3d9481
	at org.apache.hadoop.hdds.scm.pipeline.Pipeline.reportDatanode(Pipeline.java:339)
	at org.apache.hadoop.hdds.scm.pipeline.PipelineReportHandler.setReportedDatanode(PipelineReportHandler.java:160)
	at org.apache.hadoop.hdds.scm.pipeline.PipelineReportHandler.processPipelineReport(PipelineReportHandler.java:135)
	at org.apache.hadoop.hdds.scm.pipeline.PipelineReportHandler.onMessage(PipelineReportHandler.java:94)
	at org.apache.hadoop.hdds.scm.pipeline.PipelineReportHandler.onMessage(PipelineReportHandler.java:53)
	at org.apache.hadoop.hdds.server.events.SingleThreadExecutor.lambda$onMessage$1(SingleThreadExecutor.java:86)
	at java.base/java.util.concurrent.ThreadPoolExecutor.runWorker(ThreadPoolExecutor.java:1144)
	at java.base/java.util.concurrent.ThreadPoolExecutor$Worker.run(ThreadPoolExecutor.java:642)
	at java.base/java.lang.Thread.run(Thread.java:1583)
2025-01-11 15:27:22,367 [EventQueue-PipelineReportForPipelineReportHandler] ERROR pipeline.PipelineReportHandler (PipelineReportHandler.java:onMessage(101)) - Could not process pipeline report=pipelineID {
  id: "45cc3e2a-c500-4acc-a03a-a9cccc3d9481"
  uuid128 {
    mostSigBits: 5029463237280680652
    leastSigBits: -6901016781926853503
  }
}
isLeader: false
bytesWritten: 0
 from dn=a14cd1ab-7861-42f9-8639-15260a7193f0(localhost/127.0.0.1).
java.io.IOException: Datanode=a14cd1ab-7861-42f9-8639-15260a7193f0(localhost/127.0.0.1) not part of pipeline=PipelineID=45cc3e2a-c500-4acc-a03a-a9cccc3d9481
	at org.apache.hadoop.hdds.scm.pipeline.Pipeline.reportDatanode(Pipeline.java:339)
	at org.apache.hadoop.hdds.scm.pipeline.PipelineReportHandler.setReportedDatanode(PipelineReportHandler.java:160)
	at org.apache.hadoop.hdds.scm.pipeline.PipelineReportHandler.processPipelineReport(PipelineReportHandler.java:135)
	at org.apache.hadoop.hdds.scm.pipeline.PipelineReportHandler.onMessage(PipelineReportHandler.java:94)
	at org.apache.hadoop.hdds.scm.pipeline.PipelineReportHandler.onMessage(PipelineReportHandler.java:53)
	at org.apache.hadoop.hdds.server.events.SingleThreadExecutor.lambda$onMessage$1(SingleThreadExecutor.java:86)
	at java.base/java.util.concurrent.ThreadPoolExecutor.runWorker(ThreadPoolExecutor.java:1144)
	at java.base/java.util.concurrent.ThreadPoolExecutor$Worker.run(ThreadPoolExecutor.java:642)
	at java.base/java.lang.Thread.run(Thread.java:1583)
2025-01-11 15:27:22,545 [null-request--thread1] INFO  server.GrpcClientProtocolService (GrpcClientProtocolService.java:lambda$processClientRequest$0(284)) - Failed RaftClientRequest:client-0799EAE74CF0->fc60e07f-496f-42fe-ae82-620152583f87@group-A7184706D343, cid=179, seq=null, Watch-ALL_COMMITTED(23), Message:<EMPTY>, reply=RaftClientReply:client-0799EAE74CF0->fc60e07f-496f-42fe-ae82-620152583f87@group-A7184706D343, cid=179, FAILED org.apache.ratis.protocol.exceptions.NotReplicatedException: Request with call Id 179 and log index 23 is not yet replicated to ALL_COMMITTED, logIndex=23, commits[fc60e07f-496f-42fe-ae82-620152583f87:c25, 4ba790b6-f5d5-4c4e-97f5-f1f66fb5d3d4:c13, 84b435bb-d41b-4758-bf48-ce9052c81d4a:c25]
2025-01-11 15:27:22,546 [ForkJoinPool.commonPool-worker-2] WARN  scm.XceiverClientRatis (XceiverClientRatis.java:lambda$watchForCommit$6(317)) - ALL_COMMITTED way commit failed on pipeline Pipeline[ Id: 8ef3bc64-5854-4584-910e-a7184706d343, Nodes: 4ba790b6-f5d5-4c4e-97f5-f1f66fb5d3d4(localhost/127.0.0.1) ReplicaIndex: 0fc60e07f-496f-42fe-ae82-620152583f87(localhost/127.0.0.1) ReplicaIndex: 084b435bb-d41b-4758-bf48-ce9052c81d4a(localhost/127.0.0.1) ReplicaIndex: 0, ReplicationConfig: RATIS/THREE, State:OPEN, leaderId:fc60e07f-496f-42fe-ae82-620152583f87, CreationTimestamp2025-01-11T15:25:11.429Z[Etc/UTC]]
java.util.concurrent.CompletionException: org.apache.ratis.protocol.exceptions.NotReplicatedException: Request with call Id 179 and log index 23 is not yet replicated to ALL_COMMITTED
	at org.apache.ratis.client.impl.RaftClientImpl.handleRaftException(RaftClientImpl.java:373)
	at org.apache.ratis.client.impl.UnorderedAsync.lambda$send$1(UnorderedAsync.java:67)
	at java.base/java.util.concurrent.CompletableFuture$UniApply.tryFire(CompletableFuture.java:646)
	at java.base/java.util.concurrent.CompletableFuture.postComplete(CompletableFuture.java:510)
	at java.base/java.util.concurrent.CompletableFuture.complete(CompletableFuture.java:2179)
	at org.apache.ratis.client.impl.UnorderedAsync.lambda$sendRequestWithRetry$4(UnorderedAsync.java:88)
	at java.base/java.util.concurrent.CompletableFuture.uniWhenComplete(CompletableFuture.java:863)
	at java.base/java.util.concurrent.CompletableFuture$UniWhenComplete.tryFire(CompletableFuture.java:841)
	at java.base/java.util.concurrent.CompletableFuture$Completion.exec(CompletableFuture.java:483)
	at java.base/java.util.concurrent.ForkJoinTask.doExec(ForkJoinTask.java:387)
	at java.base/java.util.concurrent.ForkJoinPool$WorkQueue.topLevelExec(ForkJoinPool.java:1312)
	at java.base/java.util.concurrent.ForkJoinPool.scan(ForkJoinPool.java:1843)
	at java.base/java.util.concurrent.ForkJoinPool.runWorker(ForkJoinPool.java:1808)
	at java.base/java.util.concurrent.ForkJoinWorkerThread.run(ForkJoinWorkerThread.java:188)
Caused by: org.apache.ratis.protocol.exceptions.NotReplicatedException: Request with call Id 179 and log index 23 is not yet replicated to ALL_COMMITTED
	at org.apache.ratis.client.impl.ClientProtoUtils.toRaftClientReply(ClientProtoUtils.java:406)
	at org.apache.ratis.grpc.client.GrpcClientProtocolClient$AsyncStreamObservers$1.onNext(GrpcClientProtocolClient.java:313)
	at org.apache.ratis.grpc.client.GrpcClientProtocolClient$AsyncStreamObservers$1.onNext(GrpcClientProtocolClient.java:308)
	at org.apache.ratis.thirdparty.io.grpc.stub.ClientCalls$StreamObserverToCallListenerAdapter.onMessage(ClientCalls.java:468)
	at org.apache.ratis.thirdparty.io.grpc.ForwardingClientCallListener.onMessage(ForwardingClientCallListener.java:33)
	at org.apache.ratis.thirdparty.io.grpc.internal.ClientCallImpl$ClientStreamListenerImpl$1MessagesAvailable.runInternal(ClientCallImpl.java:660)
	at org.apache.ratis.thirdparty.io.grpc.internal.ClientCallImpl$ClientStreamListenerImpl$1MessagesAvailable.runInContext(ClientCallImpl.java:647)
	at org.apache.ratis.thirdparty.io.grpc.internal.ContextRunnable.run(ContextRunnable.java:37)
	at org.apache.ratis.thirdparty.io.grpc.internal.SerializingExecutor.run(SerializingExecutor.java:133)
	at java.base/java.util.concurrent.ThreadPoolExecutor.runWorker(ThreadPoolExecutor.java:1144)
	at java.base/java.util.concurrent.ThreadPoolExecutor$Worker.run(ThreadPoolExecutor.java:642)
	at java.base/java.lang.Thread.run(Thread.java:1583)
2025-01-11 15:27:22,546 [ForkJoinPool.commonPool-worker-2] INFO  scm.XceiverClientRatis (XceiverClientRatis.java:lambda$handleFailedAllCommit$8(352)) - Could not commit index 23 on pipeline Pipeline[ Id: 8ef3bc64-5854-4584-910e-a7184706d343, Nodes: 4ba790b6-f5d5-4c4e-97f5-f1f66fb5d3d4(localhost/127.0.0.1) ReplicaIndex: 0fc60e07f-496f-42fe-ae82-620152583f87(localhost/127.0.0.1) ReplicaIndex: 084b435bb-d41b-4758-bf48-ce9052c81d4a(localhost/127.0.0.1) ReplicaIndex: 0, ReplicationConfig: RATIS/THREE, State:OPEN, leaderId:fc60e07f-496f-42fe-ae82-620152583f87, CreationTimestamp2025-01-11T15:25:11.429Z[Etc/UTC]] to all the nodes. Server 4ba790b6-f5d5-4c4e-97f5-f1f66fb5d3d4 has failed. Committed by majority.
2025-01-11 15:27:22,546 [ForkJoinPool.commonPool-worker-2] WARN  storage.BlockOutputStream (BlockOutputStream.java:checkReply(559)) - Failed to commit BlockId conID: 10 locID: 115816896921600010 bcsId: 23 replicaIndex: null on Pipeline[ Id: 8ef3bc64-5854-4584-910e-a7184706d343, Nodes: 4ba790b6-f5d5-4c4e-97f5-f1f66fb5d3d4(localhost/127.0.0.1) ReplicaIndex: 0fc60e07f-496f-42fe-ae82-620152583f87(localhost/127.0.0.1) ReplicaIndex: 084b435bb-d41b-4758-bf48-ce9052c81d4a(localhost/127.0.0.1) ReplicaIndex: 0, ReplicationConfig: RATIS/THREE, State:OPEN, leaderId:fc60e07f-496f-42fe-ae82-620152583f87, CreationTimestamp2025-01-11T15:25:11.429Z[Etc/UTC]]. Failed nodes: [4ba790b6-f5d5-4c4e-97f5-f1f66fb5d3d4(null/null)]
2025-01-11 15:27:22,567 [EventQueue-PipelineReportForPipelineReportHandler] ERROR pipeline.PipelineReportHandler (PipelineReportHandler.java:onMessage(101)) - Could not process pipeline report=pipelineID {
  id: "45cc3e2a-c500-4acc-a03a-a9cccc3d9481"
  uuid128 {
    mostSigBits: 5029463237280680652
    leastSigBits: -6901016781926853503
  }
}
isLeader: false
bytesWritten: 0
 from dn=a14cd1ab-7861-42f9-8639-15260a7193f0(localhost/127.0.0.1).
java.io.IOException: Datanode=a14cd1ab-7861-42f9-8639-15260a7193f0(localhost/127.0.0.1) not part of pipeline=PipelineID=45cc3e2a-c500-4acc-a03a-a9cccc3d9481
	at org.apache.hadoop.hdds.scm.pipeline.Pipeline.reportDatanode(Pipeline.java:339)
	at org.apache.hadoop.hdds.scm.pipeline.PipelineReportHandler.setReportedDatanode(PipelineReportHandler.java:160)
	at org.apache.hadoop.hdds.scm.pipeline.PipelineReportHandler.processPipelineReport(PipelineReportHandler.java:135)
	at org.apache.hadoop.hdds.scm.pipeline.PipelineReportHandler.onMessage(PipelineReportHandler.java:94)
	at org.apache.hadoop.hdds.scm.pipeline.PipelineReportHandler.onMessage(PipelineReportHandler.java:53)
	at org.apache.hadoop.hdds.server.events.SingleThreadExecutor.lambda$onMessage$1(SingleThreadExecutor.java:86)
	at java.base/java.util.concurrent.ThreadPoolExecutor.runWorker(ThreadPoolExecutor.java:1144)
	at java.base/java.util.concurrent.ThreadPoolExecutor$Worker.run(ThreadPoolExecutor.java:642)
	at java.base/java.lang.Thread.run(Thread.java:1583)
2025-01-11 15:27:22,637 [timer3] WARN  server.GrpcLogAppender (GrpcLogAppender.java:timeoutAppendRequest(441)) - 84b435bb-d41b-4758-bf48-ce9052c81d4a@group-B0CD692FEFE8->4ba790b6-f5d5-4c4e-97f5-f1f66fb5d3d4-GrpcLogAppender: Timed out HEARTBEAT appendEntries, errorCount=56, request=AppendEntriesRequest:cid=9325,entriesCount=0
2025-01-11 15:27:22,767 [EventQueue-PipelineReportForPipelineReportHandler] ERROR pipeline.PipelineReportHandler (PipelineReportHandler.java:onMessage(101)) - Could not process pipeline report=pipelineID {
  id: "45cc3e2a-c500-4acc-a03a-a9cccc3d9481"
  uuid128 {
    mostSigBits: 5029463237280680652
    leastSigBits: -6901016781926853503
  }
}
isLeader: false
bytesWritten: 0
 from dn=a14cd1ab-7861-42f9-8639-15260a7193f0(localhost/127.0.0.1).
java.io.IOException: Datanode=a14cd1ab-7861-42f9-8639-15260a7193f0(localhost/127.0.0.1) not part of pipeline=PipelineID=45cc3e2a-c500-4acc-a03a-a9cccc3d9481
	at org.apache.hadoop.hdds.scm.pipeline.Pipeline.reportDatanode(Pipeline.java:339)
	at org.apache.hadoop.hdds.scm.pipeline.PipelineReportHandler.setReportedDatanode(PipelineReportHandler.java:160)
	at org.apache.hadoop.hdds.scm.pipeline.PipelineReportHandler.processPipelineReport(PipelineReportHandler.java:135)
	at org.apache.hadoop.hdds.scm.pipeline.PipelineReportHandler.onMessage(PipelineReportHandler.java:94)
	at org.apache.hadoop.hdds.scm.pipeline.PipelineReportHandler.onMessage(PipelineReportHandler.java:53)
	at org.apache.hadoop.hdds.server.events.SingleThreadExecutor.lambda$onMessage$1(SingleThreadExecutor.java:86)
	at java.base/java.util.concurrent.ThreadPoolExecutor.runWorker(ThreadPoolExecutor.java:1144)
	at java.base/java.util.concurrent.ThreadPoolExecutor$Worker.run(ThreadPoolExecutor.java:642)
	at java.base/java.lang.Thread.run(Thread.java:1583)
2025-01-11 15:27:22,967 [EventQueue-PipelineReportForPipelineReportHandler] ERROR pipeline.PipelineReportHandler (PipelineReportHandler.java:onMessage(101)) - Could not process pipeline report=pipelineID {
  id: "45cc3e2a-c500-4acc-a03a-a9cccc3d9481"
  uuid128 {
    mostSigBits: 5029463237280680652
    leastSigBits: -6901016781926853503
  }
}
isLeader: false
bytesWritten: 0
 from dn=a14cd1ab-7861-42f9-8639-15260a7193f0(localhost/127.0.0.1).
java.io.IOException: Datanode=a14cd1ab-7861-42f9-8639-15260a7193f0(localhost/127.0.0.1) not part of pipeline=PipelineID=45cc3e2a-c500-4acc-a03a-a9cccc3d9481
	at org.apache.hadoop.hdds.scm.pipeline.Pipeline.reportDatanode(Pipeline.java:339)
	at org.apache.hadoop.hdds.scm.pipeline.PipelineReportHandler.setReportedDatanode(PipelineReportHandler.java:160)
	at org.apache.hadoop.hdds.scm.pipeline.PipelineReportHandler.processPipelineReport(PipelineReportHandler.java:135)
	at org.apache.hadoop.hdds.scm.pipeline.PipelineReportHandler.onMessage(PipelineReportHandler.java:94)
	at org.apache.hadoop.hdds.scm.pipeline.PipelineReportHandler.onMessage(PipelineReportHandler.java:53)
	at org.apache.hadoop.hdds.server.events.SingleThreadExecutor.lambda$onMessage$1(SingleThreadExecutor.java:86)
	at java.base/java.util.concurrent.ThreadPoolExecutor.runWorker(ThreadPoolExecutor.java:1144)
	at java.base/java.util.concurrent.ThreadPoolExecutor$Worker.run(ThreadPoolExecutor.java:642)
	at java.base/java.lang.Thread.run(Thread.java:1583)
2025-01-11 15:27:23,167 [EventQueue-PipelineReportForPipelineReportHandler] ERROR pipeline.PipelineReportHandler (PipelineReportHandler.java:onMessage(101)) - Could not process pipeline report=pipelineID {
  id: "45cc3e2a-c500-4acc-a03a-a9cccc3d9481"
  uuid128 {
    mostSigBits: 5029463237280680652
    leastSigBits: -6901016781926853503
  }
}
isLeader: false
bytesWritten: 0
 from dn=a14cd1ab-7861-42f9-8639-15260a7193f0(localhost/127.0.0.1).
java.io.IOException: Datanode=a14cd1ab-7861-42f9-8639-15260a7193f0(localhost/127.0.0.1) not part of pipeline=PipelineID=45cc3e2a-c500-4acc-a03a-a9cccc3d9481
	at org.apache.hadoop.hdds.scm.pipeline.Pipeline.reportDatanode(Pipeline.java:339)
	at org.apache.hadoop.hdds.scm.pipeline.PipelineReportHandler.setReportedDatanode(PipelineReportHandler.java:160)
	at org.apache.hadoop.hdds.scm.pipeline.PipelineReportHandler.processPipelineReport(PipelineReportHandler.java:135)
	at org.apache.hadoop.hdds.scm.pipeline.PipelineReportHandler.onMessage(PipelineReportHandler.java:94)
	at org.apache.hadoop.hdds.scm.pipeline.PipelineReportHandler.onMessage(PipelineReportHandler.java:53)
	at org.apache.hadoop.hdds.server.events.SingleThreadExecutor.lambda$onMessage$1(SingleThreadExecutor.java:86)
	at java.base/java.util.concurrent.ThreadPoolExecutor.runWorker(ThreadPoolExecutor.java:1144)
	at java.base/java.util.concurrent.ThreadPoolExecutor$Worker.run(ThreadPoolExecutor.java:642)
	at java.base/java.lang.Thread.run(Thread.java:1583)
2025-01-11 15:27:23,367 [EventQueue-PipelineReportForPipelineReportHandler] ERROR pipeline.PipelineReportHandler (PipelineReportHandler.java:onMessage(101)) - Could not process pipeline report=pipelineID {
  id: "45cc3e2a-c500-4acc-a03a-a9cccc3d9481"
  uuid128 {
    mostSigBits: 5029463237280680652
    leastSigBits: -6901016781926853503
  }
}
isLeader: false
bytesWritten: 0
 from dn=a14cd1ab-7861-42f9-8639-15260a7193f0(localhost/127.0.0.1).
java.io.IOException: Datanode=a14cd1ab-7861-42f9-8639-15260a7193f0(localhost/127.0.0.1) not part of pipeline=PipelineID=45cc3e2a-c500-4acc-a03a-a9cccc3d9481
	at org.apache.hadoop.hdds.scm.pipeline.Pipeline.reportDatanode(Pipeline.java:339)
	at org.apache.hadoop.hdds.scm.pipeline.PipelineReportHandler.setReportedDatanode(PipelineReportHandler.java:160)
	at org.apache.hadoop.hdds.scm.pipeline.PipelineReportHandler.processPipelineReport(PipelineReportHandler.java:135)
	at org.apache.hadoop.hdds.scm.pipeline.PipelineReportHandler.onMessage(PipelineReportHandler.java:94)
	at org.apache.hadoop.hdds.scm.pipeline.PipelineReportHandler.onMessage(PipelineReportHandler.java:53)
	at org.apache.hadoop.hdds.server.events.SingleThreadExecutor.lambda$onMessage$1(SingleThreadExecutor.java:86)
	at java.base/java.util.concurrent.ThreadPoolExecutor.runWorker(ThreadPoolExecutor.java:1144)
	at java.base/java.util.concurrent.ThreadPoolExecutor$Worker.run(ThreadPoolExecutor.java:642)
	at java.base/java.lang.Thread.run(Thread.java:1583)
2025-01-11 15:27:23,392 [91d0dafb-6cb7-42e5-b129-660fdc1902ba@group-DEECD8B278EF-StateMachineUpdater] INFO  ratis.ContainerStateMachine (ContainerStateMachine.java:takeSnapshot(378)) - group-DEECD8B278EF: Taking a snapshot at:(t:1, i:0) file /home/runner/work/ozone/ozone/hadoop-ozone/integration-test/target/test-dir/MiniOzoneClusterImpl-7d8e89df-ef81-4ba3-8c0c-8d2bb8f5309d/ozone-meta/datanode-10/ratis/0893ea06-592c-4c5c-b987-deecd8b278ef/sm/snapshot.1_0
2025-01-11 15:27:23,392 [ac5cad44-c19c-4f65-867f-c0009d6f555c@group-DEECD8B278EF-StateMachineUpdater] INFO  ratis.ContainerStateMachine (ContainerStateMachine.java:takeSnapshot(378)) - group-DEECD8B278EF: Taking a snapshot at:(t:1, i:0) file /home/runner/work/ozone/ozone/hadoop-ozone/integration-test/target/test-dir/MiniOzoneClusterImpl-7d8e89df-ef81-4ba3-8c0c-8d2bb8f5309d/ozone-meta/datanode-1/ratis/0893ea06-592c-4c5c-b987-deecd8b278ef/sm/snapshot.1_0
2025-01-11 15:27:23,393 [ac5cad44-c19c-4f65-867f-c0009d6f555c@group-DEECD8B278EF-StateMachineUpdater] INFO  ratis.ContainerStateMachine (ContainerStateMachine.java:takeSnapshot(389)) - group-DEECD8B278EF: Finished taking a snapshot at:(t:1, i:0) file:/home/runner/work/ozone/ozone/hadoop-ozone/integration-test/target/test-dir/MiniOzoneClusterImpl-7d8e89df-ef81-4ba3-8c0c-8d2bb8f5309d/ozone-meta/datanode-1/ratis/0893ea06-592c-4c5c-b987-deecd8b278ef/sm/snapshot.1_0 took: 1 ms
2025-01-11 15:27:23,393 [91d0dafb-6cb7-42e5-b129-660fdc1902ba@group-DEECD8B278EF-StateMachineUpdater] INFO  ratis.ContainerStateMachine (ContainerStateMachine.java:takeSnapshot(389)) - group-DEECD8B278EF: Finished taking a snapshot at:(t:1, i:0) file:/home/runner/work/ozone/ozone/hadoop-ozone/integration-test/target/test-dir/MiniOzoneClusterImpl-7d8e89df-ef81-4ba3-8c0c-8d2bb8f5309d/ozone-meta/datanode-10/ratis/0893ea06-592c-4c5c-b987-deecd8b278ef/sm/snapshot.1_0 took: 1 ms
2025-01-11 15:27:23,393 [ac5cad44-c19c-4f65-867f-c0009d6f555c@group-DEECD8B278EF-StateMachineUpdater] INFO  impl.StateMachineUpdater (StateMachineUpdater.java:takeSnapshot(303)) - ac5cad44-c19c-4f65-867f-c0009d6f555c@group-DEECD8B278EF-StateMachineUpdater: Took a snapshot at index 0
2025-01-11 15:27:23,393 [91d0dafb-6cb7-42e5-b129-660fdc1902ba@group-DEECD8B278EF-StateMachineUpdater] INFO  impl.StateMachineUpdater (StateMachineUpdater.java:takeSnapshot(303)) - 91d0dafb-6cb7-42e5-b129-660fdc1902ba@group-DEECD8B278EF-StateMachineUpdater: Took a snapshot at index 0
2025-01-11 15:27:23,393 [91d0dafb-6cb7-42e5-b129-660fdc1902ba@group-DEECD8B278EF-StateMachineUpdater] INFO  impl.StateMachineUpdater (StateMachineUpdater.java:lambda$new$0(102)) - 91d0dafb-6cb7-42e5-b129-660fdc1902ba@group-DEECD8B278EF-StateMachineUpdater: snapshotIndex: updateIncreasingly -1 -> 0
2025-01-11 15:27:23,393 [ac5cad44-c19c-4f65-867f-c0009d6f555c@group-DEECD8B278EF-StateMachineUpdater] INFO  impl.StateMachineUpdater (StateMachineUpdater.java:lambda$new$0(102)) - ac5cad44-c19c-4f65-867f-c0009d6f555c@group-DEECD8B278EF-StateMachineUpdater: snapshotIndex: updateIncreasingly -1 -> 0
2025-01-11 15:27:23,552 [grpc-default-executor-12] WARN  server.GrpcServerProtocolService (LogUtils.java:warn(123)) - a14cd1ab-7861-42f9-8639-15260a7193f0: Failed APPEND_ENTRIES request fc60e07f-496f-42fe-ae82-620152583f87->4ba790b6-f5d5-4c4e-97f5-f1f66fb5d3d4#9438-t1,previous=(t:1, i:25),leaderCommit=26,initializing? false,entries: size=2, first=(t:1, i:26), STATEMACHINELOGENTRY, WRITE: logData.size=154, stateMachineData.size=5, logEntryProtoSerializedSize=0
java.util.concurrent.CompletionException: org.apache.ratis.protocol.exceptions.GroupMismatchException: a14cd1ab-7861-42f9-8639-15260a7193f0: group-A7184706D343 not found.
	at java.base/java.util.concurrent.CompletableFuture.encodeThrowable(CompletableFuture.java:332)
	at java.base/java.util.concurrent.CompletableFuture.uniComposeStage(CompletableFuture.java:1177)
	at java.base/java.util.concurrent.CompletableFuture.thenCompose(CompletableFuture.java:2341)
	at org.apache.ratis.server.impl.RaftServerProxy.appendEntriesAsync(RaftServerProxy.java:645)
	at org.apache.ratis.grpc.server.GrpcServerProtocolService$1.process(GrpcServerProtocolService.java:229)
	at org.apache.ratis.grpc.server.GrpcServerProtocolService$1.process(GrpcServerProtocolService.java:226)
	at org.apache.ratis.grpc.server.GrpcServerProtocolService$ServerRequestStreamObserver.onNext(GrpcServerProtocolService.java:137)
	at org.apache.ratis.thirdparty.io.grpc.stub.ServerCalls$StreamingServerCallHandler$StreamingServerCallListener.onMessage(ServerCalls.java:262)
	at org.apache.ratis.thirdparty.io.grpc.internal.ServerCallImpl$ServerStreamListenerImpl.messagesAvailableInternal(ServerCallImpl.java:329)
	at org.apache.ratis.thirdparty.io.grpc.internal.ServerCallImpl$ServerStreamListenerImpl.messagesAvailable(ServerCallImpl.java:314)
	at org.apache.ratis.thirdparty.io.grpc.internal.ServerImpl$JumpToApplicationThreadServerStreamListener$1MessagesAvailable.runInContext(ServerImpl.java:833)
	at org.apache.ratis.thirdparty.io.grpc.internal.ContextRunnable.run(ContextRunnable.java:37)
	at org.apache.ratis.thirdparty.io.grpc.internal.SerializingExecutor.run(SerializingExecutor.java:133)
	at java.base/java.util.concurrent.ThreadPoolExecutor.runWorker(ThreadPoolExecutor.java:1144)
	at java.base/java.util.concurrent.ThreadPoolExecutor$Worker.run(ThreadPoolExecutor.java:642)
	at java.base/java.lang.Thread.run(Thread.java:1583)
Caused by: org.apache.ratis.protocol.exceptions.GroupMismatchException: a14cd1ab-7861-42f9-8639-15260a7193f0: group-A7184706D343 not found.
	at org.apache.ratis.server.impl.RaftServerProxy$ImplMap.get(RaftServerProxy.java:155)
	at org.apache.ratis.server.impl.RaftServerProxy.getImplFuture(RaftServerProxy.java:365)
	at org.apache.ratis.server.impl.RaftServerProxy.appendEntriesAsync(RaftServerProxy.java:644)
	... 12 more
2025-01-11 15:27:23,555 [grpc-default-executor-1] WARN  server.GrpcLogAppender (LogUtils.java:warn(123)) - fc60e07f-496f-42fe-ae82-620152583f87@group-A7184706D343->4ba790b6-f5d5-4c4e-97f5-f1f66fb5d3d4-AppendLogResponseHandler: Failed appendEntries
org.apache.ratis.protocol.exceptions.GroupMismatchException: a14cd1ab-7861-42f9-8639-15260a7193f0: group-A7184706D343 not found.
	at org.apache.ratis.server.impl.RaftServerProxy$ImplMap.get(RaftServerProxy.java:155)
	at org.apache.ratis.server.impl.RaftServerProxy.getImplFuture(RaftServerProxy.java:365)
	at org.apache.ratis.server.impl.RaftServerProxy.appendEntriesAsync(RaftServerProxy.java:644)
	at org.apache.ratis.grpc.server.GrpcServerProtocolService$1.process(GrpcServerProtocolService.java:229)
	at org.apache.ratis.grpc.server.GrpcServerProtocolService$1.process(GrpcServerProtocolService.java:226)
	at org.apache.ratis.grpc.server.GrpcServerProtocolService$ServerRequestStreamObserver.onNext(GrpcServerProtocolService.java:137)
	at org.apache.ratis.thirdparty.io.grpc.stub.ServerCalls$StreamingServerCallHandler$StreamingServerCallListener.onMessage(ServerCalls.java:262)
	at org.apache.ratis.thirdparty.io.grpc.internal.ServerCallImpl$ServerStreamListenerImpl.messagesAvailableInternal(ServerCallImpl.java:329)
	at org.apache.ratis.thirdparty.io.grpc.internal.ServerCallImpl$ServerStreamListenerImpl.messagesAvailable(ServerCallImpl.java:314)
	at org.apache.ratis.thirdparty.io.grpc.internal.ServerImpl$JumpToApplicationThreadServerStreamListener$1MessagesAvailable.runInContext(ServerImpl.java:833)
	at org.apache.ratis.thirdparty.io.grpc.internal.ContextRunnable.run(ContextRunnable.java:37)
	at org.apache.ratis.thirdparty.io.grpc.internal.SerializingExecutor.run(SerializingExecutor.java:133)
	at java.base/java.util.concurrent.ThreadPoolExecutor.runWorker(ThreadPoolExecutor.java:1144)
	at java.base/java.util.concurrent.ThreadPoolExecutor$Worker.run(ThreadPoolExecutor.java:642)
	at java.base/java.lang.Thread.run(Thread.java:1583)
2025-01-11 15:27:23,555 [grpc-default-executor-1] INFO  leader.LogAppender (LogAppenderBase.java:lambda$getNextIndexForError$0(215)) - Decrease nextIndex to 26
2025-01-11 15:27:23,555 [grpc-default-executor-1] INFO  leader.LogAppender (LogAppenderBase.java:lambda$getNextIndexForError$0(215)) - Decrease nextIndex to 26
2025-01-11 15:27:23,555 [grpc-default-executor-1] INFO  leader.FollowerInfo (FollowerInfoImpl.java:info(70)) - fc60e07f-496f-42fe-ae82-620152583f87@group-A7184706D343->4ba790b6-f5d5-4c4e-97f5-f1f66fb5d3d4: computeNextIndex nextIndex: updateUnconditionally 28 -> 26
2025-01-11 15:27:23,558 [84b435bb-d41b-4758-bf48-ce9052c81d4a@group-A7184706D343-StateMachineUpdater] INFO  ratis.ContainerStateMachine (ContainerStateMachine.java:takeSnapshot(378)) - group-A7184706D343: Taking a snapshot at:(t:1, i:28) file /home/runner/work/ozone/ozone/hadoop-ozone/integration-test/target/test-dir/MiniOzoneClusterImpl-7d8e89df-ef81-4ba3-8c0c-8d2bb8f5309d/ozone-meta/datanode-6/ratis/8ef3bc64-5854-4584-910e-a7184706d343/sm/snapshot.1_28
2025-01-11 15:27:23,558 [fc60e07f-496f-42fe-ae82-620152583f87@group-A7184706D343-StateMachineUpdater] INFO  ratis.ContainerStateMachine (ContainerStateMachine.java:takeSnapshot(378)) - group-A7184706D343: Taking a snapshot at:(t:1, i:27) file /home/runner/work/ozone/ozone/hadoop-ozone/integration-test/target/test-dir/MiniOzoneClusterImpl-7d8e89df-ef81-4ba3-8c0c-8d2bb8f5309d/ozone-meta/datanode-5/ratis/8ef3bc64-5854-4584-910e-a7184706d343/sm/snapshot.1_27
2025-01-11 15:27:23,559 [grpc-default-executor-11] WARN  server.GrpcServerProtocolService (LogUtils.java:warn(123)) - a14cd1ab-7861-42f9-8639-15260a7193f0: Failed APPEND_ENTRIES request fc60e07f-496f-42fe-ae82-620152583f87->4ba790b6-f5d5-4c4e-97f5-f1f66fb5d3d4#9439-t1,previous=(t:1, i:25),leaderCommit=28,initializing? false,entries: size=4, first=(t:1, i:26), STATEMACHINELOGENTRY, WRITE: logData.size=154, stateMachineData.size=5, logEntryProtoSerializedSize=0
java.util.concurrent.CompletionException: org.apache.ratis.protocol.exceptions.GroupMismatchException: a14cd1ab-7861-42f9-8639-15260a7193f0: group-A7184706D343 not found.
	at java.base/java.util.concurrent.CompletableFuture.encodeThrowable(CompletableFuture.java:332)
	at java.base/java.util.concurrent.CompletableFuture.uniComposeStage(CompletableFuture.java:1177)
	at java.base/java.util.concurrent.CompletableFuture.thenCompose(CompletableFuture.java:2341)
	at org.apache.ratis.server.impl.RaftServerProxy.appendEntriesAsync(RaftServerProxy.java:645)
	at org.apache.ratis.grpc.server.GrpcServerProtocolService$1.process(GrpcServerProtocolService.java:229)
	at org.apache.ratis.grpc.server.GrpcServerProtocolService$1.process(GrpcServerProtocolService.java:226)
	at org.apache.ratis.grpc.server.GrpcServerProtocolService$ServerRequestStreamObserver.onNext(GrpcServerProtocolService.java:137)
	at org.apache.ratis.thirdparty.io.grpc.stub.ServerCalls$StreamingServerCallHandler$StreamingServerCallListener.onMessage(ServerCalls.java:262)
	at org.apache.ratis.thirdparty.io.grpc.internal.ServerCallImpl$ServerStreamListenerImpl.messagesAvailableInternal(ServerCallImpl.java:329)
	at org.apache.ratis.thirdparty.io.grpc.internal.ServerCallImpl$ServerStreamListenerImpl.messagesAvailable(ServerCallImpl.java:314)
	at org.apache.ratis.thirdparty.io.grpc.internal.ServerImpl$JumpToApplicationThreadServerStreamListener$1MessagesAvailable.runInContext(ServerImpl.java:833)
	at org.apache.ratis.thirdparty.io.grpc.internal.ContextRunnable.run(ContextRunnable.java:37)
	at org.apache.ratis.thirdparty.io.grpc.internal.SerializingExecutor.run(SerializingExecutor.java:133)
	at java.base/java.util.concurrent.ThreadPoolExecutor.runWorker(ThreadPoolExecutor.java:1144)
	at java.base/java.util.concurrent.ThreadPoolExecutor$Worker.run(ThreadPoolExecutor.java:642)
	at java.base/java.lang.Thread.run(Thread.java:1583)
Caused by: org.apache.ratis.protocol.exceptions.GroupMismatchException: a14cd1ab-7861-42f9-8639-15260a7193f0: group-A7184706D343 not found.
	at org.apache.ratis.server.impl.RaftServerProxy$ImplMap.get(RaftServerProxy.java:155)
	at org.apache.ratis.server.impl.RaftServerProxy.getImplFuture(RaftServerProxy.java:365)
	at org.apache.ratis.server.impl.RaftServerProxy.appendEntriesAsync(RaftServerProxy.java:644)
	... 12 more
2025-01-11 15:27:23,559 [fc60e07f-496f-42fe-ae82-620152583f87@group-A7184706D343-StateMachineUpdater] INFO  ratis.ContainerStateMachine (ContainerStateMachine.java:takeSnapshot(389)) - group-A7184706D343: Finished taking a snapshot at:(t:1, i:27) file:/home/runner/work/ozone/ozone/hadoop-ozone/integration-test/target/test-dir/MiniOzoneClusterImpl-7d8e89df-ef81-4ba3-8c0c-8d2bb8f5309d/ozone-meta/datanode-5/ratis/8ef3bc64-5854-4584-910e-a7184706d343/sm/snapshot.1_27 took: 2 ms
2025-01-11 15:27:23,559 [84b435bb-d41b-4758-bf48-ce9052c81d4a@group-A7184706D343-StateMachineUpdater] INFO  ratis.ContainerStateMachine (ContainerStateMachine.java:takeSnapshot(389)) - group-A7184706D343: Finished taking a snapshot at:(t:1, i:28) file:/home/runner/work/ozone/ozone/hadoop-ozone/integration-test/target/test-dir/MiniOzoneClusterImpl-7d8e89df-ef81-4ba3-8c0c-8d2bb8f5309d/ozone-meta/datanode-6/ratis/8ef3bc64-5854-4584-910e-a7184706d343/sm/snapshot.1_28 took: 2 ms
2025-01-11 15:27:23,560 [fc60e07f-496f-42fe-ae82-620152583f87@group-A7184706D343-StateMachineUpdater] INFO  impl.SimpleStateMachineStorage (SimpleStateMachineStorage.java:lambda$cleanupOldSnapshots$1(126)) - Deleting old snapshot at /home/runner/work/ozone/ozone/hadoop-ozone/integration-test/target/test-dir/MiniOzoneClusterImpl-7d8e89df-ef81-4ba3-8c0c-8d2bb8f5309d/ozone-meta/datanode-5/ratis/8ef3bc64-5854-4584-910e-a7184706d343/sm/snapshot.1_17
2025-01-11 15:27:23,560 [84b435bb-d41b-4758-bf48-ce9052c81d4a@group-A7184706D343-StateMachineUpdater] INFO  impl.SimpleStateMachineStorage (SimpleStateMachineStorage.java:lambda$cleanupOldSnapshots$1(126)) - Deleting old snapshot at /home/runner/work/ozone/ozone/hadoop-ozone/integration-test/target/test-dir/MiniOzoneClusterImpl-7d8e89df-ef81-4ba3-8c0c-8d2bb8f5309d/ozone-meta/datanode-6/ratis/8ef3bc64-5854-4584-910e-a7184706d343/sm/snapshot.1_15
2025-01-11 15:27:23,560 [84b435bb-d41b-4758-bf48-ce9052c81d4a@group-A7184706D343-StateMachineUpdater] INFO  impl.StateMachineUpdater (StateMachineUpdater.java:takeSnapshot(303)) - 84b435bb-d41b-4758-bf48-ce9052c81d4a@group-A7184706D343-StateMachineUpdater: Took a snapshot at index 28
2025-01-11 15:27:23,560 [84b435bb-d41b-4758-bf48-ce9052c81d4a@group-A7184706D343-StateMachineUpdater] INFO  impl.StateMachineUpdater (StateMachineUpdater.java:lambda$new$0(102)) - 84b435bb-d41b-4758-bf48-ce9052c81d4a@group-A7184706D343-StateMachineUpdater: snapshotIndex: updateIncreasingly 25 -> 28
2025-01-11 15:27:23,560 [fc60e07f-496f-42fe-ae82-620152583f87@group-A7184706D343-StateMachineUpdater] INFO  impl.StateMachineUpdater (StateMachineUpdater.java:takeSnapshot(303)) - fc60e07f-496f-42fe-ae82-620152583f87@group-A7184706D343-StateMachineUpdater: Took a snapshot at index 27
2025-01-11 15:27:23,560 [fc60e07f-496f-42fe-ae82-620152583f87@group-A7184706D343-StateMachineUpdater] INFO  impl.StateMachineUpdater (StateMachineUpdater.java:lambda$new$0(102)) - fc60e07f-496f-42fe-ae82-620152583f87@group-A7184706D343-StateMachineUpdater: snapshotIndex: updateIncreasingly 25 -> 27
2025-01-11 15:27:23,560 [fc60e07f-496f-42fe-ae82-620152583f87@group-A7184706D343-StateMachineUpdater] INFO  ratis.ContainerStateMachine (ContainerStateMachine.java:takeSnapshot(378)) - group-A7184706D343: Taking a snapshot at:(t:1, i:29) file /home/runner/work/ozone/ozone/hadoop-ozone/integration-test/target/test-dir/MiniOzoneClusterImpl-7d8e89df-ef81-4ba3-8c0c-8d2bb8f5309d/ozone-meta/datanode-5/ratis/8ef3bc64-5854-4584-910e-a7184706d343/sm/snapshot.1_29
2025-01-11 15:27:23,561 [fc60e07f-496f-42fe-ae82-620152583f87@group-A7184706D343-StateMachineUpdater] INFO  ratis.ContainerStateMachine (ContainerStateMachine.java:takeSnapshot(389)) - group-A7184706D343: Finished taking a snapshot at:(t:1, i:29) file:/home/runner/work/ozone/ozone/hadoop-ozone/integration-test/target/test-dir/MiniOzoneClusterImpl-7d8e89df-ef81-4ba3-8c0c-8d2bb8f5309d/ozone-meta/datanode-5/ratis/8ef3bc64-5854-4584-910e-a7184706d343/sm/snapshot.1_29 took: 1 ms
2025-01-11 15:27:23,561 [grpc-default-executor-11] INFO  leader.LogAppender (LogAppenderBase.java:lambda$getNextIndexForError$0(215)) - Decrease nextIndex to 26
2025-01-11 15:27:23,561 [grpc-default-executor-11] INFO  leader.LogAppender (LogAppenderBase.java:lambda$getNextIndexForError$0(215)) - Decrease nextIndex to 26
2025-01-11 15:27:23,561 [grpc-default-executor-11] INFO  leader.FollowerInfo (FollowerInfoImpl.java:info(70)) - fc60e07f-496f-42fe-ae82-620152583f87@group-A7184706D343->4ba790b6-f5d5-4c4e-97f5-f1f66fb5d3d4: computeNextIndex nextIndex: updateUnconditionally 30 -> 26
2025-01-11 15:27:23,561 [fc60e07f-496f-42fe-ae82-620152583f87@group-A7184706D343-StateMachineUpdater] INFO  impl.SimpleStateMachineStorage (SimpleStateMachineStorage.java:lambda$cleanupOldSnapshots$1(126)) - Deleting old snapshot at /home/runner/work/ozone/ozone/hadoop-ozone/integration-test/target/test-dir/MiniOzoneClusterImpl-7d8e89df-ef81-4ba3-8c0c-8d2bb8f5309d/ozone-meta/datanode-5/ratis/8ef3bc64-5854-4584-910e-a7184706d343/sm/snapshot.1_21
2025-01-11 15:27:23,562 [fc60e07f-496f-42fe-ae82-620152583f87@group-A7184706D343-StateMachineUpdater] INFO  impl.StateMachineUpdater (StateMachineUpdater.java:takeSnapshot(303)) - fc60e07f-496f-42fe-ae82-620152583f87@group-A7184706D343-StateMachineUpdater: Took a snapshot at index 29
2025-01-11 15:27:23,562 [fc60e07f-496f-42fe-ae82-620152583f87@group-A7184706D343-StateMachineUpdater] INFO  impl.StateMachineUpdater (StateMachineUpdater.java:lambda$new$0(102)) - fc60e07f-496f-42fe-ae82-620152583f87@group-A7184706D343-StateMachineUpdater: snapshotIndex: updateIncreasingly 27 -> 29
2025-01-11 15:27:23,568 [EventQueue-PipelineReportForPipelineReportHandler] ERROR pipeline.PipelineReportHandler (PipelineReportHandler.java:onMessage(101)) - Could not process pipeline report=pipelineID {
  id: "45cc3e2a-c500-4acc-a03a-a9cccc3d9481"
  uuid128 {
    mostSigBits: 5029463237280680652
    leastSigBits: -6901016781926853503
  }
}
isLeader: false
bytesWritten: 0
 from dn=a14cd1ab-7861-42f9-8639-15260a7193f0(localhost/127.0.0.1).
java.io.IOException: Datanode=a14cd1ab-7861-42f9-8639-15260a7193f0(localhost/127.0.0.1) not part of pipeline=PipelineID=45cc3e2a-c500-4acc-a03a-a9cccc3d9481
	at org.apache.hadoop.hdds.scm.pipeline.Pipeline.reportDatanode(Pipeline.java:339)
	at org.apache.hadoop.hdds.scm.pipeline.PipelineReportHandler.setReportedDatanode(PipelineReportHandler.java:160)
	at org.apache.hadoop.hdds.scm.pipeline.PipelineReportHandler.processPipelineReport(PipelineReportHandler.java:135)
	at org.apache.hadoop.hdds.scm.pipeline.PipelineReportHandler.onMessage(PipelineReportHandler.java:94)
	at org.apache.hadoop.hdds.scm.pipeline.PipelineReportHandler.onMessage(PipelineReportHandler.java:53)
	at org.apache.hadoop.hdds.server.events.SingleThreadExecutor.lambda$onMessage$1(SingleThreadExecutor.java:86)
	at java.base/java.util.concurrent.ThreadPoolExecutor.runWorker(ThreadPoolExecutor.java:1144)
	at java.base/java.util.concurrent.ThreadPoolExecutor$Worker.run(ThreadPoolExecutor.java:642)
	at java.base/java.lang.Thread.run(Thread.java:1583)
2025-01-11 15:27:23,969 [EventQueue-PipelineReportForPipelineReportHandler] ERROR pipeline.PipelineReportHandler (PipelineReportHandler.java:onMessage(101)) - Could not process pipeline report=pipelineID {
  id: "45cc3e2a-c500-4acc-a03a-a9cccc3d9481"
  uuid128 {
    mostSigBits: 5029463237280680652
    leastSigBits: -6901016781926853503
  }
}
isLeader: false
bytesWritten: 0
 from dn=a14cd1ab-7861-42f9-8639-15260a7193f0(localhost/127.0.0.1).
java.io.IOException: Datanode=a14cd1ab-7861-42f9-8639-15260a7193f0(localhost/127.0.0.1) not part of pipeline=PipelineID=45cc3e2a-c500-4acc-a03a-a9cccc3d9481
	at org.apache.hadoop.hdds.scm.pipeline.Pipeline.reportDatanode(Pipeline.java:339)
	at org.apache.hadoop.hdds.scm.pipeline.PipelineReportHandler.setReportedDatanode(PipelineReportHandler.java:160)
	at org.apache.hadoop.hdds.scm.pipeline.PipelineReportHandler.processPipelineReport(PipelineReportHandler.java:135)
	at org.apache.hadoop.hdds.scm.pipeline.PipelineReportHandler.onMessage(PipelineReportHandler.java:94)
	at org.apache.hadoop.hdds.scm.pipeline.PipelineReportHandler.onMessage(PipelineReportHandler.java:53)
	at org.apache.hadoop.hdds.server.events.SingleThreadExecutor.lambda$onMessage$1(SingleThreadExecutor.java:86)
	at java.base/java.util.concurrent.ThreadPoolExecutor.runWorker(ThreadPoolExecutor.java:1144)
	at java.base/java.util.concurrent.ThreadPoolExecutor$Worker.run(ThreadPoolExecutor.java:642)
	at java.base/java.lang.Thread.run(Thread.java:1583)
2025-01-11 15:27:24,169 [EventQueue-PipelineReportForPipelineReportHandler] ERROR pipeline.PipelineReportHandler (PipelineReportHandler.java:onMessage(101)) - Could not process pipeline report=pipelineID {
  id: "45cc3e2a-c500-4acc-a03a-a9cccc3d9481"
  uuid128 {
    mostSigBits: 5029463237280680652
    leastSigBits: -6901016781926853503
  }
}
isLeader: false
bytesWritten: 0
 from dn=a14cd1ab-7861-42f9-8639-15260a7193f0(localhost/127.0.0.1).
java.io.IOException: Datanode=a14cd1ab-7861-42f9-8639-15260a7193f0(localhost/127.0.0.1) not part of pipeline=PipelineID=45cc3e2a-c500-4acc-a03a-a9cccc3d9481
	at org.apache.hadoop.hdds.scm.pipeline.Pipeline.reportDatanode(Pipeline.java:339)
	at org.apache.hadoop.hdds.scm.pipeline.PipelineReportHandler.setReportedDatanode(PipelineReportHandler.java:160)
	at org.apache.hadoop.hdds.scm.pipeline.PipelineReportHandler.processPipelineReport(PipelineReportHandler.java:135)
	at org.apache.hadoop.hdds.scm.pipeline.PipelineReportHandler.onMessage(PipelineReportHandler.java:94)
	at org.apache.hadoop.hdds.scm.pipeline.PipelineReportHandler.onMessage(PipelineReportHandler.java:53)
	at org.apache.hadoop.hdds.server.events.SingleThreadExecutor.lambda$onMessage$1(SingleThreadExecutor.java:86)
	at java.base/java.util.concurrent.ThreadPoolExecutor.runWorker(ThreadPoolExecutor.java:1144)
	at java.base/java.util.concurrent.ThreadPoolExecutor$Worker.run(ThreadPoolExecutor.java:642)
	at java.base/java.lang.Thread.run(Thread.java:1583)
2025-01-11 15:27:24,369 [EventQueue-PipelineReportForPipelineReportHandler] ERROR pipeline.PipelineReportHandler (PipelineReportHandler.java:onMessage(101)) - Could not process pipeline report=pipelineID {
  id: "45cc3e2a-c500-4acc-a03a-a9cccc3d9481"
  uuid128 {
    mostSigBits: 5029463237280680652
    leastSigBits: -6901016781926853503
  }
}
isLeader: false
bytesWritten: 0
 from dn=a14cd1ab-7861-42f9-8639-15260a7193f0(localhost/127.0.0.1).
java.io.IOException: Datanode=a14cd1ab-7861-42f9-8639-15260a7193f0(localhost/127.0.0.1) not part of pipeline=PipelineID=45cc3e2a-c500-4acc-a03a-a9cccc3d9481
	at org.apache.hadoop.hdds.scm.pipeline.Pipeline.reportDatanode(Pipeline.java:339)
	at org.apache.hadoop.hdds.scm.pipeline.PipelineReportHandler.setReportedDatanode(PipelineReportHandler.java:160)
	at org.apache.hadoop.hdds.scm.pipeline.PipelineReportHandler.processPipelineReport(PipelineReportHandler.java:135)
	at org.apache.hadoop.hdds.scm.pipeline.PipelineReportHandler.onMessage(PipelineReportHandler.java:94)
	at org.apache.hadoop.hdds.scm.pipeline.PipelineReportHandler.onMessage(PipelineReportHandler.java:53)
	at org.apache.hadoop.hdds.server.events.SingleThreadExecutor.lambda$onMessage$1(SingleThreadExecutor.java:86)
	at java.base/java.util.concurrent.ThreadPoolExecutor.runWorker(ThreadPoolExecutor.java:1144)
	at java.base/java.util.concurrent.ThreadPoolExecutor$Worker.run(ThreadPoolExecutor.java:642)
	at java.base/java.lang.Thread.run(Thread.java:1583)
2025-01-11 15:27:24,569 [EventQueue-PipelineReportForPipelineReportHandler] ERROR pipeline.PipelineReportHandler (PipelineReportHandler.java:onMessage(101)) - Could not process pipeline report=pipelineID {
  id: "45cc3e2a-c500-4acc-a03a-a9cccc3d9481"
  uuid128 {
    mostSigBits: 5029463237280680652
    leastSigBits: -6901016781926853503
  }
}
isLeader: false
bytesWritten: 0
 from dn=a14cd1ab-7861-42f9-8639-15260a7193f0(localhost/127.0.0.1).
java.io.IOException: Datanode=a14cd1ab-7861-42f9-8639-15260a7193f0(localhost/127.0.0.1) not part of pipeline=PipelineID=45cc3e2a-c500-4acc-a03a-a9cccc3d9481
	at org.apache.hadoop.hdds.scm.pipeline.Pipeline.reportDatanode(Pipeline.java:339)
	at org.apache.hadoop.hdds.scm.pipeline.PipelineReportHandler.setReportedDatanode(PipelineReportHandler.java:160)
	at org.apache.hadoop.hdds.scm.pipeline.PipelineReportHandler.processPipelineReport(PipelineReportHandler.java:135)
	at org.apache.hadoop.hdds.scm.pipeline.PipelineReportHandler.onMessage(PipelineReportHandler.java:94)
	at org.apache.hadoop.hdds.scm.pipeline.PipelineReportHandler.onMessage(PipelineReportHandler.java:53)
	at org.apache.hadoop.hdds.server.events.SingleThreadExecutor.lambda$onMessage$1(SingleThreadExecutor.java:86)
	at java.base/java.util.concurrent.ThreadPoolExecutor.runWorker(ThreadPoolExecutor.java:1144)
	at java.base/java.util.concurrent.ThreadPoolExecutor$Worker.run(ThreadPoolExecutor.java:642)
	at java.base/java.lang.Thread.run(Thread.java:1583)
2025-01-11 15:27:24,769 [EventQueue-PipelineReportForPipelineReportHandler] ERROR pipeline.PipelineReportHandler (PipelineReportHandler.java:onMessage(101)) - Could not process pipeline report=pipelineID {
  id: "45cc3e2a-c500-4acc-a03a-a9cccc3d9481"
  uuid128 {
    mostSigBits: 5029463237280680652
    leastSigBits: -6901016781926853503
  }
}
isLeader: false
bytesWritten: 0
 from dn=a14cd1ab-7861-42f9-8639-15260a7193f0(localhost/127.0.0.1).
java.io.IOException: Datanode=a14cd1ab-7861-42f9-8639-15260a7193f0(localhost/127.0.0.1) not part of pipeline=PipelineID=45cc3e2a-c500-4acc-a03a-a9cccc3d9481
	at org.apache.hadoop.hdds.scm.pipeline.Pipeline.reportDatanode(Pipeline.java:339)
	at org.apache.hadoop.hdds.scm.pipeline.PipelineReportHandler.setReportedDatanode(PipelineReportHandler.java:160)
	at org.apache.hadoop.hdds.scm.pipeline.PipelineReportHandler.processPipelineReport(PipelineReportHandler.java:135)
	at org.apache.hadoop.hdds.scm.pipeline.PipelineReportHandler.onMessage(PipelineReportHandler.java:94)
	at org.apache.hadoop.hdds.scm.pipeline.PipelineReportHandler.onMessage(PipelineReportHandler.java:53)
	at org.apache.hadoop.hdds.server.events.SingleThreadExecutor.lambda$onMessage$1(SingleThreadExecutor.java:86)
	at java.base/java.util.concurrent.ThreadPoolExecutor.runWorker(ThreadPoolExecutor.java:1144)
	at java.base/java.util.concurrent.ThreadPoolExecutor$Worker.run(ThreadPoolExecutor.java:642)
	at java.base/java.lang.Thread.run(Thread.java:1583)
2025-01-11 15:27:24,970 [EventQueue-PipelineReportForPipelineReportHandler] ERROR pipeline.PipelineReportHandler (PipelineReportHandler.java:onMessage(101)) - Could not process pipeline report=pipelineID {
  id: "45cc3e2a-c500-4acc-a03a-a9cccc3d9481"
  uuid128 {
    mostSigBits: 5029463237280680652
    leastSigBits: -6901016781926853503
  }
}
isLeader: false
bytesWritten: 0
 from dn=a14cd1ab-7861-42f9-8639-15260a7193f0(localhost/127.0.0.1).
java.io.IOException: Datanode=a14cd1ab-7861-42f9-8639-15260a7193f0(localhost/127.0.0.1) not part of pipeline=PipelineID=45cc3e2a-c500-4acc-a03a-a9cccc3d9481
	at org.apache.hadoop.hdds.scm.pipeline.Pipeline.reportDatanode(Pipeline.java:339)
	at org.apache.hadoop.hdds.scm.pipeline.PipelineReportHandler.setReportedDatanode(PipelineReportHandler.java:160)
	at org.apache.hadoop.hdds.scm.pipeline.PipelineReportHandler.processPipelineReport(PipelineReportHandler.java:135)
	at org.apache.hadoop.hdds.scm.pipeline.PipelineReportHandler.onMessage(PipelineReportHandler.java:94)
	at org.apache.hadoop.hdds.scm.pipeline.PipelineReportHandler.onMessage(PipelineReportHandler.java:53)
	at org.apache.hadoop.hdds.server.events.SingleThreadExecutor.lambda$onMessage$1(SingleThreadExecutor.java:86)
	at java.base/java.util.concurrent.ThreadPoolExecutor.runWorker(ThreadPoolExecutor.java:1144)
	at java.base/java.util.concurrent.ThreadPoolExecutor$Worker.run(ThreadPoolExecutor.java:642)
	at java.base/java.lang.Thread.run(Thread.java:1583)
2025-01-11 15:27:25,170 [EventQueue-PipelineReportForPipelineReportHandler] ERROR pipeline.PipelineReportHandler (PipelineReportHandler.java:onMessage(101)) - Could not process pipeline report=pipelineID {
  id: "45cc3e2a-c500-4acc-a03a-a9cccc3d9481"
  uuid128 {
    mostSigBits: 5029463237280680652
    leastSigBits: -6901016781926853503
  }
}
isLeader: false
bytesWritten: 0
 from dn=a14cd1ab-7861-42f9-8639-15260a7193f0(localhost/127.0.0.1).
java.io.IOException: Datanode=a14cd1ab-7861-42f9-8639-15260a7193f0(localhost/127.0.0.1) not part of pipeline=PipelineID=45cc3e2a-c500-4acc-a03a-a9cccc3d9481
	at org.apache.hadoop.hdds.scm.pipeline.Pipeline.reportDatanode(Pipeline.java:339)
	at org.apache.hadoop.hdds.scm.pipeline.PipelineReportHandler.setReportedDatanode(PipelineReportHandler.java:160)
	at org.apache.hadoop.hdds.scm.pipeline.PipelineReportHandler.processPipelineReport(PipelineReportHandler.java:135)
	at org.apache.hadoop.hdds.scm.pipeline.PipelineReportHandler.onMessage(PipelineReportHandler.java:94)
	at org.apache.hadoop.hdds.scm.pipeline.PipelineReportHandler.onMessage(PipelineReportHandler.java:53)
	at org.apache.hadoop.hdds.server.events.SingleThreadExecutor.lambda$onMessage$1(SingleThreadExecutor.java:86)
	at java.base/java.util.concurrent.ThreadPoolExecutor.runWorker(ThreadPoolExecutor.java:1144)
	at java.base/java.util.concurrent.ThreadPoolExecutor$Worker.run(ThreadPoolExecutor.java:642)
	at java.base/java.lang.Thread.run(Thread.java:1583)
2025-01-11 15:27:25,370 [EventQueue-PipelineReportForPipelineReportHandler] ERROR pipeline.PipelineReportHandler (PipelineReportHandler.java:onMessage(101)) - Could not process pipeline report=pipelineID {
  id: "45cc3e2a-c500-4acc-a03a-a9cccc3d9481"
  uuid128 {
    mostSigBits: 5029463237280680652
    leastSigBits: -6901016781926853503
  }
}
isLeader: false
bytesWritten: 0
 from dn=a14cd1ab-7861-42f9-8639-15260a7193f0(localhost/127.0.0.1).
java.io.IOException: Datanode=a14cd1ab-7861-42f9-8639-15260a7193f0(localhost/127.0.0.1) not part of pipeline=PipelineID=45cc3e2a-c500-4acc-a03a-a9cccc3d9481
	at org.apache.hadoop.hdds.scm.pipeline.Pipeline.reportDatanode(Pipeline.java:339)
	at org.apache.hadoop.hdds.scm.pipeline.PipelineReportHandler.setReportedDatanode(PipelineReportHandler.java:160)
	at org.apache.hadoop.hdds.scm.pipeline.PipelineReportHandler.processPipelineReport(PipelineReportHandler.java:135)
	at org.apache.hadoop.hdds.scm.pipeline.PipelineReportHandler.onMessage(PipelineReportHandler.java:94)
	at org.apache.hadoop.hdds.scm.pipeline.PipelineReportHandler.onMessage(PipelineReportHandler.java:53)
	at org.apache.hadoop.hdds.server.events.SingleThreadExecutor.lambda$onMessage$1(SingleThreadExecutor.java:86)
	at java.base/java.util.concurrent.ThreadPoolExecutor.runWorker(ThreadPoolExecutor.java:1144)
	at java.base/java.util.concurrent.ThreadPoolExecutor$Worker.run(ThreadPoolExecutor.java:642)
	at java.base/java.lang.Thread.run(Thread.java:1583)
2025-01-11 15:27:25,570 [EventQueue-PipelineReportForPipelineReportHandler] ERROR pipeline.PipelineReportHandler (PipelineReportHandler.java:onMessage(101)) - Could not process pipeline report=pipelineID {
  id: "45cc3e2a-c500-4acc-a03a-a9cccc3d9481"
  uuid128 {
    mostSigBits: 5029463237280680652
    leastSigBits: -6901016781926853503
  }
}
isLeader: false
bytesWritten: 0
 from dn=a14cd1ab-7861-42f9-8639-15260a7193f0(localhost/127.0.0.1).
java.io.IOException: Datanode=a14cd1ab-7861-42f9-8639-15260a7193f0(localhost/127.0.0.1) not part of pipeline=PipelineID=45cc3e2a-c500-4acc-a03a-a9cccc3d9481
	at org.apache.hadoop.hdds.scm.pipeline.Pipeline.reportDatanode(Pipeline.java:339)
	at org.apache.hadoop.hdds.scm.pipeline.PipelineReportHandler.setReportedDatanode(PipelineReportHandler.java:160)
	at org.apache.hadoop.hdds.scm.pipeline.PipelineReportHandler.processPipelineReport(PipelineReportHandler.java:135)
	at org.apache.hadoop.hdds.scm.pipeline.PipelineReportHandler.onMessage(PipelineReportHandler.java:94)
	at org.apache.hadoop.hdds.scm.pipeline.PipelineReportHandler.onMessage(PipelineReportHandler.java:53)
	at org.apache.hadoop.hdds.server.events.SingleThreadExecutor.lambda$onMessage$1(SingleThreadExecutor.java:86)
	at java.base/java.util.concurrent.ThreadPoolExecutor.runWorker(ThreadPoolExecutor.java:1144)
	at java.base/java.util.concurrent.ThreadPoolExecutor$Worker.run(ThreadPoolExecutor.java:642)
	at java.base/java.lang.Thread.run(Thread.java:1583)
2025-01-11 15:27:25,770 [EventQueue-PipelineReportForPipelineReportHandler] ERROR pipeline.PipelineReportHandler (PipelineReportHandler.java:onMessage(101)) - Could not process pipeline report=pipelineID {
  id: "45cc3e2a-c500-4acc-a03a-a9cccc3d9481"
  uuid128 {
    mostSigBits: 5029463237280680652
    leastSigBits: -6901016781926853503
  }
}
isLeader: false
bytesWritten: 0
 from dn=a14cd1ab-7861-42f9-8639-15260a7193f0(localhost/127.0.0.1).
java.io.IOException: Datanode=a14cd1ab-7861-42f9-8639-15260a7193f0(localhost/127.0.0.1) not part of pipeline=PipelineID=45cc3e2a-c500-4acc-a03a-a9cccc3d9481
	at org.apache.hadoop.hdds.scm.pipeline.Pipeline.reportDatanode(Pipeline.java:339)
	at org.apache.hadoop.hdds.scm.pipeline.PipelineReportHandler.setReportedDatanode(PipelineReportHandler.java:160)
	at org.apache.hadoop.hdds.scm.pipeline.PipelineReportHandler.processPipelineReport(PipelineReportHandler.java:135)
	at org.apache.hadoop.hdds.scm.pipeline.PipelineReportHandler.onMessage(PipelineReportHandler.java:94)
	at org.apache.hadoop.hdds.scm.pipeline.PipelineReportHandler.onMessage(PipelineReportHandler.java:53)
	at org.apache.hadoop.hdds.server.events.SingleThreadExecutor.lambda$onMessage$1(SingleThreadExecutor.java:86)
	at java.base/java.util.concurrent.ThreadPoolExecutor.runWorker(ThreadPoolExecutor.java:1144)
	at java.base/java.util.concurrent.ThreadPoolExecutor$Worker.run(ThreadPoolExecutor.java:642)
	at java.base/java.lang.Thread.run(Thread.java:1583)
2025-01-11 15:27:25,970 [EventQueue-PipelineReportForPipelineReportHandler] ERROR pipeline.PipelineReportHandler (PipelineReportHandler.java:onMessage(101)) - Could not process pipeline report=pipelineID {
  id: "45cc3e2a-c500-4acc-a03a-a9cccc3d9481"
  uuid128 {
    mostSigBits: 5029463237280680652
    leastSigBits: -6901016781926853503
  }
}
isLeader: false
bytesWritten: 0
 from dn=a14cd1ab-7861-42f9-8639-15260a7193f0(localhost/127.0.0.1).
java.io.IOException: Datanode=a14cd1ab-7861-42f9-8639-15260a7193f0(localhost/127.0.0.1) not part of pipeline=PipelineID=45cc3e2a-c500-4acc-a03a-a9cccc3d9481
	at org.apache.hadoop.hdds.scm.pipeline.Pipeline.reportDatanode(Pipeline.java:339)
	at org.apache.hadoop.hdds.scm.pipeline.PipelineReportHandler.setReportedDatanode(PipelineReportHandler.java:160)
	at org.apache.hadoop.hdds.scm.pipeline.PipelineReportHandler.processPipelineReport(PipelineReportHandler.java:135)
	at org.apache.hadoop.hdds.scm.pipeline.PipelineReportHandler.onMessage(PipelineReportHandler.java:94)
	at org.apache.hadoop.hdds.scm.pipeline.PipelineReportHandler.onMessage(PipelineReportHandler.java:53)
	at org.apache.hadoop.hdds.server.events.SingleThreadExecutor.lambda$onMessage$1(SingleThreadExecutor.java:86)
	at java.base/java.util.concurrent.ThreadPoolExecutor.runWorker(ThreadPoolExecutor.java:1144)
	at java.base/java.util.concurrent.ThreadPoolExecutor$Worker.run(ThreadPoolExecutor.java:642)
	at java.base/java.lang.Thread.run(Thread.java:1583)
2025-01-11 15:27:26,059 [84b435bb-d41b-4758-bf48-ce9052c81d4a@group-A7184706D343-StateMachineUpdater] INFO  ratis.ContainerStateMachine (ContainerStateMachine.java:takeSnapshot(378)) - group-A7184706D343: Taking a snapshot at:(t:1, i:29) file /home/runner/work/ozone/ozone/hadoop-ozone/integration-test/target/test-dir/MiniOzoneClusterImpl-7d8e89df-ef81-4ba3-8c0c-8d2bb8f5309d/ozone-meta/datanode-6/ratis/8ef3bc64-5854-4584-910e-a7184706d343/sm/snapshot.1_29
2025-01-11 15:27:26,060 [84b435bb-d41b-4758-bf48-ce9052c81d4a@group-A7184706D343-StateMachineUpdater] INFO  ratis.ContainerStateMachine (ContainerStateMachine.java:takeSnapshot(389)) - group-A7184706D343: Finished taking a snapshot at:(t:1, i:29) file:/home/runner/work/ozone/ozone/hadoop-ozone/integration-test/target/test-dir/MiniOzoneClusterImpl-7d8e89df-ef81-4ba3-8c0c-8d2bb8f5309d/ozone-meta/datanode-6/ratis/8ef3bc64-5854-4584-910e-a7184706d343/sm/snapshot.1_29 took: 1 ms
2025-01-11 15:27:26,061 [84b435bb-d41b-4758-bf48-ce9052c81d4a@group-A7184706D343-StateMachineUpdater] INFO  impl.SimpleStateMachineStorage (SimpleStateMachineStorage.java:lambda$cleanupOldSnapshots$1(126)) - Deleting old snapshot at /home/runner/work/ozone/ozone/hadoop-ozone/integration-test/target/test-dir/MiniOzoneClusterImpl-7d8e89df-ef81-4ba3-8c0c-8d2bb8f5309d/ozone-meta/datanode-6/ratis/8ef3bc64-5854-4584-910e-a7184706d343/sm/snapshot.1_17
2025-01-11 15:27:26,061 [84b435bb-d41b-4758-bf48-ce9052c81d4a@group-A7184706D343-StateMachineUpdater] INFO  impl.StateMachineUpdater (StateMachineUpdater.java:takeSnapshot(303)) - 84b435bb-d41b-4758-bf48-ce9052c81d4a@group-A7184706D343-StateMachineUpdater: Took a snapshot at index 29
2025-01-11 15:27:26,061 [84b435bb-d41b-4758-bf48-ce9052c81d4a@group-A7184706D343-StateMachineUpdater] INFO  impl.StateMachineUpdater (StateMachineUpdater.java:lambda$new$0(102)) - 84b435bb-d41b-4758-bf48-ce9052c81d4a@group-A7184706D343-StateMachineUpdater: snapshotIndex: updateIncreasingly 28 -> 29
2025-01-11 15:27:26,170 [EventQueue-PipelineReportForPipelineReportHandler] ERROR pipeline.PipelineReportHandler (PipelineReportHandler.java:onMessage(101)) - Could not process pipeline report=pipelineID {
  id: "45cc3e2a-c500-4acc-a03a-a9cccc3d9481"
  uuid128 {
    mostSigBits: 5029463237280680652
    leastSigBits: -6901016781926853503
  }
}
isLeader: false
bytesWritten: 0
 from dn=a14cd1ab-7861-42f9-8639-15260a7193f0(localhost/127.0.0.1).
java.io.IOException: Datanode=a14cd1ab-7861-42f9-8639-15260a7193f0(localhost/127.0.0.1) not part of pipeline=PipelineID=45cc3e2a-c500-4acc-a03a-a9cccc3d9481
	at org.apache.hadoop.hdds.scm.pipeline.Pipeline.reportDatanode(Pipeline.java:339)
	at org.apache.hadoop.hdds.scm.pipeline.PipelineReportHandler.setReportedDatanode(PipelineReportHandler.java:160)
	at org.apache.hadoop.hdds.scm.pipeline.PipelineReportHandler.processPipelineReport(PipelineReportHandler.java:135)
	at org.apache.hadoop.hdds.scm.pipeline.PipelineReportHandler.onMessage(PipelineReportHandler.java:94)
	at org.apache.hadoop.hdds.scm.pipeline.PipelineReportHandler.onMessage(PipelineReportHandler.java:53)
	at org.apache.hadoop.hdds.server.events.SingleThreadExecutor.lambda$onMessage$1(SingleThreadExecutor.java:86)
	at java.base/java.util.concurrent.ThreadPoolExecutor.runWorker(ThreadPoolExecutor.java:1144)
	at java.base/java.util.concurrent.ThreadPoolExecutor$Worker.run(ThreadPoolExecutor.java:642)
	at java.base/java.lang.Thread.run(Thread.java:1583)
2025-01-11 15:27:26,571 [EventQueue-PipelineReportForPipelineReportHandler] ERROR pipeline.PipelineReportHandler (PipelineReportHandler.java:onMessage(101)) - Could not process pipeline report=pipelineID {
  id: "45cc3e2a-c500-4acc-a03a-a9cccc3d9481"
  uuid128 {
    mostSigBits: 5029463237280680652
    leastSigBits: -6901016781926853503
  }
}
isLeader: false
bytesWritten: 0
 from dn=a14cd1ab-7861-42f9-8639-15260a7193f0(localhost/127.0.0.1).
java.io.IOException: Datanode=a14cd1ab-7861-42f9-8639-15260a7193f0(localhost/127.0.0.1) not part of pipeline=PipelineID=45cc3e2a-c500-4acc-a03a-a9cccc3d9481
	at org.apache.hadoop.hdds.scm.pipeline.Pipeline.reportDatanode(Pipeline.java:339)
	at org.apache.hadoop.hdds.scm.pipeline.PipelineReportHandler.setReportedDatanode(PipelineReportHandler.java:160)
	at org.apache.hadoop.hdds.scm.pipeline.PipelineReportHandler.processPipelineReport(PipelineReportHandler.java:135)
	at org.apache.hadoop.hdds.scm.pipeline.PipelineReportHandler.onMessage(PipelineReportHandler.java:94)
	at org.apache.hadoop.hdds.scm.pipeline.PipelineReportHandler.onMessage(PipelineReportHandler.java:53)
	at org.apache.hadoop.hdds.server.events.SingleThreadExecutor.lambda$onMessage$1(SingleThreadExecutor.java:86)
	at java.base/java.util.concurrent.ThreadPoolExecutor.runWorker(ThreadPoolExecutor.java:1144)
	at java.base/java.util.concurrent.ThreadPoolExecutor$Worker.run(ThreadPoolExecutor.java:642)
	at java.base/java.lang.Thread.run(Thread.java:1583)
2025-01-11 15:27:26,771 [EventQueue-PipelineReportForPipelineReportHandler] ERROR pipeline.PipelineReportHandler (PipelineReportHandler.java:onMessage(101)) - Could not process pipeline report=pipelineID {
  id: "45cc3e2a-c500-4acc-a03a-a9cccc3d9481"
  uuid128 {
    mostSigBits: 5029463237280680652
    leastSigBits: -6901016781926853503
  }
}
isLeader: false
bytesWritten: 0
 from dn=a14cd1ab-7861-42f9-8639-15260a7193f0(localhost/127.0.0.1).
java.io.IOException: Datanode=a14cd1ab-7861-42f9-8639-15260a7193f0(localhost/127.0.0.1) not part of pipeline=PipelineID=45cc3e2a-c500-4acc-a03a-a9cccc3d9481
	at org.apache.hadoop.hdds.scm.pipeline.Pipeline.reportDatanode(Pipeline.java:339)
	at org.apache.hadoop.hdds.scm.pipeline.PipelineReportHandler.setReportedDatanode(PipelineReportHandler.java:160)
	at org.apache.hadoop.hdds.scm.pipeline.PipelineReportHandler.processPipelineReport(PipelineReportHandler.java:135)
	at org.apache.hadoop.hdds.scm.pipeline.PipelineReportHandler.onMessage(PipelineReportHandler.java:94)
	at org.apache.hadoop.hdds.scm.pipeline.PipelineReportHandler.onMessage(PipelineReportHandler.java:53)
	at org.apache.hadoop.hdds.server.events.SingleThreadExecutor.lambda$onMessage$1(SingleThreadExecutor.java:86)
	at java.base/java.util.concurrent.ThreadPoolExecutor.runWorker(ThreadPoolExecutor.java:1144)
	at java.base/java.util.concurrent.ThreadPoolExecutor$Worker.run(ThreadPoolExecutor.java:642)
	at java.base/java.lang.Thread.run(Thread.java:1583)
2025-01-11 15:27:26,971 [EventQueue-PipelineReportForPipelineReportHandler] ERROR pipeline.PipelineReportHandler (PipelineReportHandler.java:onMessage(101)) - Could not process pipeline report=pipelineID {
  id: "45cc3e2a-c500-4acc-a03a-a9cccc3d9481"
  uuid128 {
    mostSigBits: 5029463237280680652
    leastSigBits: -6901016781926853503
  }
}
isLeader: false
bytesWritten: 0
 from dn=a14cd1ab-7861-42f9-8639-15260a7193f0(localhost/127.0.0.1).
java.io.IOException: Datanode=a14cd1ab-7861-42f9-8639-15260a7193f0(localhost/127.0.0.1) not part of pipeline=PipelineID=45cc3e2a-c500-4acc-a03a-a9cccc3d9481
	at org.apache.hadoop.hdds.scm.pipeline.Pipeline.reportDatanode(Pipeline.java:339)
	at org.apache.hadoop.hdds.scm.pipeline.PipelineReportHandler.setReportedDatanode(PipelineReportHandler.java:160)
	at org.apache.hadoop.hdds.scm.pipeline.PipelineReportHandler.processPipelineReport(PipelineReportHandler.java:135)
	at org.apache.hadoop.hdds.scm.pipeline.PipelineReportHandler.onMessage(PipelineReportHandler.java:94)
	at org.apache.hadoop.hdds.scm.pipeline.PipelineReportHandler.onMessage(PipelineReportHandler.java:53)
	at org.apache.hadoop.hdds.server.events.SingleThreadExecutor.lambda$onMessage$1(SingleThreadExecutor.java:86)
	at java.base/java.util.concurrent.ThreadPoolExecutor.runWorker(ThreadPoolExecutor.java:1144)
	at java.base/java.util.concurrent.ThreadPoolExecutor$Worker.run(ThreadPoolExecutor.java:642)
	at java.base/java.lang.Thread.run(Thread.java:1583)
2025-01-11 15:27:27,171 [EventQueue-PipelineReportForPipelineReportHandler] ERROR pipeline.PipelineReportHandler (PipelineReportHandler.java:onMessage(101)) - Could not process pipeline report=pipelineID {
  id: "45cc3e2a-c500-4acc-a03a-a9cccc3d9481"
  uuid128 {
    mostSigBits: 5029463237280680652
    leastSigBits: -6901016781926853503
  }
}
isLeader: false
bytesWritten: 0
 from dn=a14cd1ab-7861-42f9-8639-15260a7193f0(localhost/127.0.0.1).
java.io.IOException: Datanode=a14cd1ab-7861-42f9-8639-15260a7193f0(localhost/127.0.0.1) not part of pipeline=PipelineID=45cc3e2a-c500-4acc-a03a-a9cccc3d9481
	at org.apache.hadoop.hdds.scm.pipeline.Pipeline.reportDatanode(Pipeline.java:339)
	at org.apache.hadoop.hdds.scm.pipeline.PipelineReportHandler.setReportedDatanode(PipelineReportHandler.java:160)
	at org.apache.hadoop.hdds.scm.pipeline.PipelineReportHandler.processPipelineReport(PipelineReportHandler.java:135)
	at org.apache.hadoop.hdds.scm.pipeline.PipelineReportHandler.onMessage(PipelineReportHandler.java:94)
	at org.apache.hadoop.hdds.scm.pipeline.PipelineReportHandler.onMessage(PipelineReportHandler.java:53)
	at org.apache.hadoop.hdds.server.events.SingleThreadExecutor.lambda$onMessage$1(SingleThreadExecutor.java:86)
	at java.base/java.util.concurrent.ThreadPoolExecutor.runWorker(ThreadPoolExecutor.java:1144)
	at java.base/java.util.concurrent.ThreadPoolExecutor$Worker.run(ThreadPoolExecutor.java:642)
	at java.base/java.lang.Thread.run(Thread.java:1583)
2025-01-11 15:27:27,371 [EventQueue-PipelineReportForPipelineReportHandler] ERROR pipeline.PipelineReportHandler (PipelineReportHandler.java:onMessage(101)) - Could not process pipeline report=pipelineID {
  id: "45cc3e2a-c500-4acc-a03a-a9cccc3d9481"
  uuid128 {
    mostSigBits: 5029463237280680652
    leastSigBits: -6901016781926853503
  }
}
isLeader: false
bytesWritten: 0
 from dn=a14cd1ab-7861-42f9-8639-15260a7193f0(localhost/127.0.0.1).
java.io.IOException: Datanode=a14cd1ab-7861-42f9-8639-15260a7193f0(localhost/127.0.0.1) not part of pipeline=PipelineID=45cc3e2a-c500-4acc-a03a-a9cccc3d9481
	at org.apache.hadoop.hdds.scm.pipeline.Pipeline.reportDatanode(Pipeline.java:339)
	at org.apache.hadoop.hdds.scm.pipeline.PipelineReportHandler.setReportedDatanode(PipelineReportHandler.java:160)
	at org.apache.hadoop.hdds.scm.pipeline.PipelineReportHandler.processPipelineReport(PipelineReportHandler.java:135)
	at org.apache.hadoop.hdds.scm.pipeline.PipelineReportHandler.onMessage(PipelineReportHandler.java:94)
	at org.apache.hadoop.hdds.scm.pipeline.PipelineReportHandler.onMessage(PipelineReportHandler.java:53)
	at org.apache.hadoop.hdds.server.events.SingleThreadExecutor.lambda$onMessage$1(SingleThreadExecutor.java:86)
	at java.base/java.util.concurrent.ThreadPoolExecutor.runWorker(ThreadPoolExecutor.java:1144)
	at java.base/java.util.concurrent.ThreadPoolExecutor$Worker.run(ThreadPoolExecutor.java:642)
	at java.base/java.lang.Thread.run(Thread.java:1583)
2025-01-11 15:27:27,480 [timer6] WARN  server.GrpcLogAppender (GrpcLogAppender.java:timeoutAppendRequest(441)) - 84b435bb-d41b-4758-bf48-ce9052c81d4a@group-B0CD692FEFE8->4ba790b6-f5d5-4c4e-97f5-f1f66fb5d3d4-GrpcLogAppender: Timed out HEARTBEAT appendEntries, errorCount=57, request=AppendEntriesRequest:cid=9326,entriesCount=0
2025-01-11 15:27:27,571 [EventQueue-PipelineReportForPipelineReportHandler] ERROR pipeline.PipelineReportHandler (PipelineReportHandler.java:onMessage(101)) - Could not process pipeline report=pipelineID {
  id: "45cc3e2a-c500-4acc-a03a-a9cccc3d9481"
  uuid128 {
    mostSigBits: 5029463237280680652
    leastSigBits: -6901016781926853503
  }
}
isLeader: false
bytesWritten: 0
 from dn=a14cd1ab-7861-42f9-8639-15260a7193f0(localhost/127.0.0.1).
java.io.IOException: Datanode=a14cd1ab-7861-42f9-8639-15260a7193f0(localhost/127.0.0.1) not part of pipeline=PipelineID=45cc3e2a-c500-4acc-a03a-a9cccc3d9481
	at org.apache.hadoop.hdds.scm.pipeline.Pipeline.reportDatanode(Pipeline.java:339)
	at org.apache.hadoop.hdds.scm.pipeline.PipelineReportHandler.setReportedDatanode(PipelineReportHandler.java:160)
	at org.apache.hadoop.hdds.scm.pipeline.PipelineReportHandler.processPipelineReport(PipelineReportHandler.java:135)
	at org.apache.hadoop.hdds.scm.pipeline.PipelineReportHandler.onMessage(PipelineReportHandler.java:94)
	at org.apache.hadoop.hdds.scm.pipeline.PipelineReportHandler.onMessage(PipelineReportHandler.java:53)
	at org.apache.hadoop.hdds.server.events.SingleThreadExecutor.lambda$onMessage$1(SingleThreadExecutor.java:86)
	at java.base/java.util.concurrent.ThreadPoolExecutor.runWorker(ThreadPoolExecutor.java:1144)
	at java.base/java.util.concurrent.ThreadPoolExecutor$Worker.run(ThreadPoolExecutor.java:642)
	at java.base/java.lang.Thread.run(Thread.java:1583)
2025-01-11 15:27:27,772 [EventQueue-PipelineReportForPipelineReportHandler] ERROR pipeline.PipelineReportHandler (PipelineReportHandler.java:onMessage(101)) - Could not process pipeline report=pipelineID {
  id: "45cc3e2a-c500-4acc-a03a-a9cccc3d9481"
  uuid128 {
    mostSigBits: 5029463237280680652
    leastSigBits: -6901016781926853503
  }
}
isLeader: false
bytesWritten: 0
 from dn=a14cd1ab-7861-42f9-8639-15260a7193f0(localhost/127.0.0.1).
java.io.IOException: Datanode=a14cd1ab-7861-42f9-8639-15260a7193f0(localhost/127.0.0.1) not part of pipeline=PipelineID=45cc3e2a-c500-4acc-a03a-a9cccc3d9481
	at org.apache.hadoop.hdds.scm.pipeline.Pipeline.reportDatanode(Pipeline.java:339)
	at org.apache.hadoop.hdds.scm.pipeline.PipelineReportHandler.setReportedDatanode(PipelineReportHandler.java:160)
	at org.apache.hadoop.hdds.scm.pipeline.PipelineReportHandler.processPipelineReport(PipelineReportHandler.java:135)
	at org.apache.hadoop.hdds.scm.pipeline.PipelineReportHandler.onMessage(PipelineReportHandler.java:94)
	at org.apache.hadoop.hdds.scm.pipeline.PipelineReportHandler.onMessage(PipelineReportHandler.java:53)
	at org.apache.hadoop.hdds.server.events.SingleThreadExecutor.lambda$onMessage$1(SingleThreadExecutor.java:86)
	at java.base/java.util.concurrent.ThreadPoolExecutor.runWorker(ThreadPoolExecutor.java:1144)
	at java.base/java.util.concurrent.ThreadPoolExecutor$Worker.run(ThreadPoolExecutor.java:642)
	at java.base/java.lang.Thread.run(Thread.java:1583)
2025-01-11 15:27:27,972 [EventQueue-PipelineReportForPipelineReportHandler] ERROR pipeline.PipelineReportHandler (PipelineReportHandler.java:onMessage(101)) - Could not process pipeline report=pipelineID {
  id: "45cc3e2a-c500-4acc-a03a-a9cccc3d9481"
  uuid128 {
    mostSigBits: 5029463237280680652
    leastSigBits: -6901016781926853503
  }
}
isLeader: false
bytesWritten: 0
 from dn=a14cd1ab-7861-42f9-8639-15260a7193f0(localhost/127.0.0.1).
java.io.IOException: Datanode=a14cd1ab-7861-42f9-8639-15260a7193f0(localhost/127.0.0.1) not part of pipeline=PipelineID=45cc3e2a-c500-4acc-a03a-a9cccc3d9481
	at org.apache.hadoop.hdds.scm.pipeline.Pipeline.reportDatanode(Pipeline.java:339)
	at org.apache.hadoop.hdds.scm.pipeline.PipelineReportHandler.setReportedDatanode(PipelineReportHandler.java:160)
	at org.apache.hadoop.hdds.scm.pipeline.PipelineReportHandler.processPipelineReport(PipelineReportHandler.java:135)
	at org.apache.hadoop.hdds.scm.pipeline.PipelineReportHandler.onMessage(PipelineReportHandler.java:94)
	at org.apache.hadoop.hdds.scm.pipeline.PipelineReportHandler.onMessage(PipelineReportHandler.java:53)
	at org.apache.hadoop.hdds.server.events.SingleThreadExecutor.lambda$onMessage$1(SingleThreadExecutor.java:86)
	at java.base/java.util.concurrent.ThreadPoolExecutor.runWorker(ThreadPoolExecutor.java:1144)
	at java.base/java.util.concurrent.ThreadPoolExecutor$Worker.run(ThreadPoolExecutor.java:642)
	at java.base/java.lang.Thread.run(Thread.java:1583)
2025-01-11 15:27:28,172 [EventQueue-PipelineReportForPipelineReportHandler] ERROR pipeline.PipelineReportHandler (PipelineReportHandler.java:onMessage(101)) - Could not process pipeline report=pipelineID {
  id: "45cc3e2a-c500-4acc-a03a-a9cccc3d9481"
  uuid128 {
    mostSigBits: 5029463237280680652
    leastSigBits: -6901016781926853503
  }
}
isLeader: false
bytesWritten: 0
 from dn=a14cd1ab-7861-42f9-8639-15260a7193f0(localhost/127.0.0.1).
java.io.IOException: Datanode=a14cd1ab-7861-42f9-8639-15260a7193f0(localhost/127.0.0.1) not part of pipeline=PipelineID=45cc3e2a-c500-4acc-a03a-a9cccc3d9481
	at org.apache.hadoop.hdds.scm.pipeline.Pipeline.reportDatanode(Pipeline.java:339)
	at org.apache.hadoop.hdds.scm.pipeline.PipelineReportHandler.setReportedDatanode(PipelineReportHandler.java:160)
	at org.apache.hadoop.hdds.scm.pipeline.PipelineReportHandler.processPipelineReport(PipelineReportHandler.java:135)
	at org.apache.hadoop.hdds.scm.pipeline.PipelineReportHandler.onMessage(PipelineReportHandler.java:94)
	at org.apache.hadoop.hdds.scm.pipeline.PipelineReportHandler.onMessage(PipelineReportHandler.java:53)
	at org.apache.hadoop.hdds.server.events.SingleThreadExecutor.lambda$onMessage$1(SingleThreadExecutor.java:86)
	at java.base/java.util.concurrent.ThreadPoolExecutor.runWorker(ThreadPoolExecutor.java:1144)
	at java.base/java.util.concurrent.ThreadPoolExecutor$Worker.run(ThreadPoolExecutor.java:642)
	at java.base/java.lang.Thread.run(Thread.java:1583)
2025-01-11 15:27:28,372 [EventQueue-PipelineReportForPipelineReportHandler] ERROR pipeline.PipelineReportHandler (PipelineReportHandler.java:onMessage(101)) - Could not process pipeline report=pipelineID {
  id: "45cc3e2a-c500-4acc-a03a-a9cccc3d9481"
  uuid128 {
    mostSigBits: 5029463237280680652
    leastSigBits: -6901016781926853503
  }
}
isLeader: false
bytesWritten: 0
 from dn=a14cd1ab-7861-42f9-8639-15260a7193f0(localhost/127.0.0.1).
java.io.IOException: Datanode=a14cd1ab-7861-42f9-8639-15260a7193f0(localhost/127.0.0.1) not part of pipeline=PipelineID=45cc3e2a-c500-4acc-a03a-a9cccc3d9481
	at org.apache.hadoop.hdds.scm.pipeline.Pipeline.reportDatanode(Pipeline.java:339)
	at org.apache.hadoop.hdds.scm.pipeline.PipelineReportHandler.setReportedDatanode(PipelineReportHandler.java:160)
	at org.apache.hadoop.hdds.scm.pipeline.PipelineReportHandler.processPipelineReport(PipelineReportHandler.java:135)
	at org.apache.hadoop.hdds.scm.pipeline.PipelineReportHandler.onMessage(PipelineReportHandler.java:94)
	at org.apache.hadoop.hdds.scm.pipeline.PipelineReportHandler.onMessage(PipelineReportHandler.java:53)
	at org.apache.hadoop.hdds.server.events.SingleThreadExecutor.lambda$onMessage$1(SingleThreadExecutor.java:86)
	at java.base/java.util.concurrent.ThreadPoolExecutor.runWorker(ThreadPoolExecutor.java:1144)
	at java.base/java.util.concurrent.ThreadPoolExecutor$Worker.run(ThreadPoolExecutor.java:642)
	at java.base/java.lang.Thread.run(Thread.java:1583)
2025-01-11 15:27:28,555 [timer1] WARN  server.GrpcLogAppender (LogUtils.java:warn(123)) - fc60e07f-496f-42fe-ae82-620152583f87@group-A7184706D343->4ba790b6-f5d5-4c4e-97f5-f1f66fb5d3d4-AppendLogResponseHandler: Failed appendEntries (Repeated 2 times in the last 5.001s)
org.apache.ratis.protocol.exceptions.GroupMismatchException: a14cd1ab-7861-42f9-8639-15260a7193f0: group-A7184706D343 not found.
	at org.apache.ratis.server.impl.RaftServerProxy$ImplMap.get(RaftServerProxy.java:155)
	at org.apache.ratis.server.impl.RaftServerProxy.getImplFuture(RaftServerProxy.java:365)
	at org.apache.ratis.server.impl.RaftServerProxy.appendEntriesAsync(RaftServerProxy.java:644)
	at org.apache.ratis.grpc.server.GrpcServerProtocolService$1.process(GrpcServerProtocolService.java:229)
	at org.apache.ratis.grpc.server.GrpcServerProtocolService$1.process(GrpcServerProtocolService.java:226)
	at org.apache.ratis.grpc.server.GrpcServerProtocolService$ServerRequestStreamObserver.onNext(GrpcServerProtocolService.java:137)
	at org.apache.ratis.thirdparty.io.grpc.stub.ServerCalls$StreamingServerCallHandler$StreamingServerCallListener.onMessage(ServerCalls.java:262)
	at org.apache.ratis.thirdparty.io.grpc.internal.ServerCallImpl$ServerStreamListenerImpl.messagesAvailableInternal(ServerCallImpl.java:329)
	at org.apache.ratis.thirdparty.io.grpc.internal.ServerCallImpl$ServerStreamListenerImpl.messagesAvailable(ServerCallImpl.java:314)
	at org.apache.ratis.thirdparty.io.grpc.internal.ServerImpl$JumpToApplicationThreadServerStreamListener$1MessagesAvailable.runInContext(ServerImpl.java:833)
	at org.apache.ratis.thirdparty.io.grpc.internal.ContextRunnable.run(ContextRunnable.java:37)
	at org.apache.ratis.thirdparty.io.grpc.internal.SerializingExecutor.run(SerializingExecutor.java:133)
	at java.base/java.util.concurrent.ThreadPoolExecutor.runWorker(ThreadPoolExecutor.java:1144)
	at java.base/java.util.concurrent.ThreadPoolExecutor$Worker.run(ThreadPoolExecutor.java:642)
	at java.base/java.lang.Thread.run(Thread.java:1583)
2025-01-11 15:27:28,572 [EventQueue-PipelineReportForPipelineReportHandler] ERROR pipeline.PipelineReportHandler (PipelineReportHandler.java:onMessage(101)) - Could not process pipeline report=pipelineID {
  id: "45cc3e2a-c500-4acc-a03a-a9cccc3d9481"
  uuid128 {
    mostSigBits: 5029463237280680652
    leastSigBits: -6901016781926853503
  }
}
isLeader: false
bytesWritten: 0
 from dn=a14cd1ab-7861-42f9-8639-15260a7193f0(localhost/127.0.0.1).
java.io.IOException: Datanode=a14cd1ab-7861-42f9-8639-15260a7193f0(localhost/127.0.0.1) not part of pipeline=PipelineID=45cc3e2a-c500-4acc-a03a-a9cccc3d9481
	at org.apache.hadoop.hdds.scm.pipeline.Pipeline.reportDatanode(Pipeline.java:339)
	at org.apache.hadoop.hdds.scm.pipeline.PipelineReportHandler.setReportedDatanode(PipelineReportHandler.java:160)
	at org.apache.hadoop.hdds.scm.pipeline.PipelineReportHandler.processPipelineReport(PipelineReportHandler.java:135)
	at org.apache.hadoop.hdds.scm.pipeline.PipelineReportHandler.onMessage(PipelineReportHandler.java:94)
	at org.apache.hadoop.hdds.scm.pipeline.PipelineReportHandler.onMessage(PipelineReportHandler.java:53)
	at org.apache.hadoop.hdds.server.events.SingleThreadExecutor.lambda$onMessage$1(SingleThreadExecutor.java:86)
	at java.base/java.util.concurrent.ThreadPoolExecutor.runWorker(ThreadPoolExecutor.java:1144)
	at java.base/java.util.concurrent.ThreadPoolExecutor$Worker.run(ThreadPoolExecutor.java:642)
	at java.base/java.lang.Thread.run(Thread.java:1583)
2025-01-11 15:27:28,772 [EventQueue-PipelineReportForPipelineReportHandler] ERROR pipeline.PipelineReportHandler (PipelineReportHandler.java:onMessage(101)) - Could not process pipeline report=pipelineID {
  id: "45cc3e2a-c500-4acc-a03a-a9cccc3d9481"
  uuid128 {
    mostSigBits: 5029463237280680652
    leastSigBits: -6901016781926853503
  }
}
isLeader: false
bytesWritten: 0
 from dn=a14cd1ab-7861-42f9-8639-15260a7193f0(localhost/127.0.0.1).
java.io.IOException: Datanode=a14cd1ab-7861-42f9-8639-15260a7193f0(localhost/127.0.0.1) not part of pipeline=PipelineID=45cc3e2a-c500-4acc-a03a-a9cccc3d9481
	at org.apache.hadoop.hdds.scm.pipeline.Pipeline.reportDatanode(Pipeline.java:339)
	at org.apache.hadoop.hdds.scm.pipeline.PipelineReportHandler.setReportedDatanode(PipelineReportHandler.java:160)
	at org.apache.hadoop.hdds.scm.pipeline.PipelineReportHandler.processPipelineReport(PipelineReportHandler.java:135)
	at org.apache.hadoop.hdds.scm.pipeline.PipelineReportHandler.onMessage(PipelineReportHandler.java:94)
	at org.apache.hadoop.hdds.scm.pipeline.PipelineReportHandler.onMessage(PipelineReportHandler.java:53)
	at org.apache.hadoop.hdds.server.events.SingleThreadExecutor.lambda$onMessage$1(SingleThreadExecutor.java:86)
	at java.base/java.util.concurrent.ThreadPoolExecutor.runWorker(ThreadPoolExecutor.java:1144)
	at java.base/java.util.concurrent.ThreadPoolExecutor$Worker.run(ThreadPoolExecutor.java:642)
	at java.base/java.lang.Thread.run(Thread.java:1583)
2025-01-11 15:27:28,972 [EventQueue-PipelineReportForPipelineReportHandler] ERROR pipeline.PipelineReportHandler (PipelineReportHandler.java:onMessage(101)) - Could not process pipeline report=pipelineID {
  id: "45cc3e2a-c500-4acc-a03a-a9cccc3d9481"
  uuid128 {
    mostSigBits: 5029463237280680652
    leastSigBits: -6901016781926853503
  }
}
isLeader: false
bytesWritten: 0
 from dn=a14cd1ab-7861-42f9-8639-15260a7193f0(localhost/127.0.0.1).
java.io.IOException: Datanode=a14cd1ab-7861-42f9-8639-15260a7193f0(localhost/127.0.0.1) not part of pipeline=PipelineID=45cc3e2a-c500-4acc-a03a-a9cccc3d9481
	at org.apache.hadoop.hdds.scm.pipeline.Pipeline.reportDatanode(Pipeline.java:339)
	at org.apache.hadoop.hdds.scm.pipeline.PipelineReportHandler.setReportedDatanode(PipelineReportHandler.java:160)
	at org.apache.hadoop.hdds.scm.pipeline.PipelineReportHandler.processPipelineReport(PipelineReportHandler.java:135)
	at org.apache.hadoop.hdds.scm.pipeline.PipelineReportHandler.onMessage(PipelineReportHandler.java:94)
	at org.apache.hadoop.hdds.scm.pipeline.PipelineReportHandler.onMessage(PipelineReportHandler.java:53)
	at org.apache.hadoop.hdds.server.events.SingleThreadExecutor.lambda$onMessage$1(SingleThreadExecutor.java:86)
	at java.base/java.util.concurrent.ThreadPoolExecutor.runWorker(ThreadPoolExecutor.java:1144)
	at java.base/java.util.concurrent.ThreadPoolExecutor$Worker.run(ThreadPoolExecutor.java:642)
	at java.base/java.lang.Thread.run(Thread.java:1583)
2025-01-11 15:27:29,061 [timer5] WARN  server.GrpcLogAppender (GrpcLogAppender.java:timeoutAppendRequest(441)) - fc60e07f-496f-42fe-ae82-620152583f87@group-A7184706D343->4ba790b6-f5d5-4c4e-97f5-f1f66fb5d3d4-GrpcLogAppender: Timed out HEARTBEAT appendEntries, errorCount=61, request=AppendEntriesRequest:cid=9440,entriesCount=0
2025-01-11 15:27:29,372 [EventQueue-PipelineReportForPipelineReportHandler] ERROR pipeline.PipelineReportHandler (PipelineReportHandler.java:onMessage(101)) - Could not process pipeline report=pipelineID {
  id: "45cc3e2a-c500-4acc-a03a-a9cccc3d9481"
  uuid128 {
    mostSigBits: 5029463237280680652
    leastSigBits: -6901016781926853503
  }
}
isLeader: false
bytesWritten: 0
 from dn=a14cd1ab-7861-42f9-8639-15260a7193f0(localhost/127.0.0.1).
java.io.IOException: Datanode=a14cd1ab-7861-42f9-8639-15260a7193f0(localhost/127.0.0.1) not part of pipeline=PipelineID=45cc3e2a-c500-4acc-a03a-a9cccc3d9481
	at org.apache.hadoop.hdds.scm.pipeline.Pipeline.reportDatanode(Pipeline.java:339)
	at org.apache.hadoop.hdds.scm.pipeline.PipelineReportHandler.setReportedDatanode(PipelineReportHandler.java:160)
	at org.apache.hadoop.hdds.scm.pipeline.PipelineReportHandler.processPipelineReport(PipelineReportHandler.java:135)
	at org.apache.hadoop.hdds.scm.pipeline.PipelineReportHandler.onMessage(PipelineReportHandler.java:94)
	at org.apache.hadoop.hdds.scm.pipeline.PipelineReportHandler.onMessage(PipelineReportHandler.java:53)
	at org.apache.hadoop.hdds.server.events.SingleThreadExecutor.lambda$onMessage$1(SingleThreadExecutor.java:86)
	at java.base/java.util.concurrent.ThreadPoolExecutor.runWorker(ThreadPoolExecutor.java:1144)
	at java.base/java.util.concurrent.ThreadPoolExecutor$Worker.run(ThreadPoolExecutor.java:642)
	at java.base/java.lang.Thread.run(Thread.java:1583)
2025-01-11 15:27:29,572 [EventQueue-PipelineReportForPipelineReportHandler] ERROR pipeline.PipelineReportHandler (PipelineReportHandler.java:onMessage(101)) - Could not process pipeline report=pipelineID {
  id: "45cc3e2a-c500-4acc-a03a-a9cccc3d9481"
  uuid128 {
    mostSigBits: 5029463237280680652
    leastSigBits: -6901016781926853503
  }
}
isLeader: false
bytesWritten: 0
 from dn=a14cd1ab-7861-42f9-8639-15260a7193f0(localhost/127.0.0.1).
java.io.IOException: Datanode=a14cd1ab-7861-42f9-8639-15260a7193f0(localhost/127.0.0.1) not part of pipeline=PipelineID=45cc3e2a-c500-4acc-a03a-a9cccc3d9481
	at org.apache.hadoop.hdds.scm.pipeline.Pipeline.reportDatanode(Pipeline.java:339)
	at org.apache.hadoop.hdds.scm.pipeline.PipelineReportHandler.setReportedDatanode(PipelineReportHandler.java:160)
	at org.apache.hadoop.hdds.scm.pipeline.PipelineReportHandler.processPipelineReport(PipelineReportHandler.java:135)
	at org.apache.hadoop.hdds.scm.pipeline.PipelineReportHandler.onMessage(PipelineReportHandler.java:94)
	at org.apache.hadoop.hdds.scm.pipeline.PipelineReportHandler.onMessage(PipelineReportHandler.java:53)
	at org.apache.hadoop.hdds.server.events.SingleThreadExecutor.lambda$onMessage$1(SingleThreadExecutor.java:86)
	at java.base/java.util.concurrent.ThreadPoolExecutor.runWorker(ThreadPoolExecutor.java:1144)
	at java.base/java.util.concurrent.ThreadPoolExecutor$Worker.run(ThreadPoolExecutor.java:642)
	at java.base/java.lang.Thread.run(Thread.java:1583)
2025-01-11 15:27:29,772 [EventQueue-PipelineReportForPipelineReportHandler] ERROR pipeline.PipelineReportHandler (PipelineReportHandler.java:onMessage(101)) - Could not process pipeline report=pipelineID {
  id: "45cc3e2a-c500-4acc-a03a-a9cccc3d9481"
  uuid128 {
    mostSigBits: 5029463237280680652
    leastSigBits: -6901016781926853503
  }
}
isLeader: false
bytesWritten: 0
 from dn=a14cd1ab-7861-42f9-8639-15260a7193f0(localhost/127.0.0.1).
java.io.IOException: Datanode=a14cd1ab-7861-42f9-8639-15260a7193f0(localhost/127.0.0.1) not part of pipeline=PipelineID=45cc3e2a-c500-4acc-a03a-a9cccc3d9481
	at org.apache.hadoop.hdds.scm.pipeline.Pipeline.reportDatanode(Pipeline.java:339)
	at org.apache.hadoop.hdds.scm.pipeline.PipelineReportHandler.setReportedDatanode(PipelineReportHandler.java:160)
	at org.apache.hadoop.hdds.scm.pipeline.PipelineReportHandler.processPipelineReport(PipelineReportHandler.java:135)
	at org.apache.hadoop.hdds.scm.pipeline.PipelineReportHandler.onMessage(PipelineReportHandler.java:94)
	at org.apache.hadoop.hdds.scm.pipeline.PipelineReportHandler.onMessage(PipelineReportHandler.java:53)
	at org.apache.hadoop.hdds.server.events.SingleThreadExecutor.lambda$onMessage$1(SingleThreadExecutor.java:86)
	at java.base/java.util.concurrent.ThreadPoolExecutor.runWorker(ThreadPoolExecutor.java:1144)
	at java.base/java.util.concurrent.ThreadPoolExecutor$Worker.run(ThreadPoolExecutor.java:642)
	at java.base/java.lang.Thread.run(Thread.java:1583)
2025-01-11 15:27:29,972 [EventQueue-PipelineReportForPipelineReportHandler] ERROR pipeline.PipelineReportHandler (PipelineReportHandler.java:onMessage(101)) - Could not process pipeline report=pipelineID {
  id: "45cc3e2a-c500-4acc-a03a-a9cccc3d9481"
  uuid128 {
    mostSigBits: 5029463237280680652
    leastSigBits: -6901016781926853503
  }
}
isLeader: false
bytesWritten: 0
 from dn=a14cd1ab-7861-42f9-8639-15260a7193f0(localhost/127.0.0.1).
java.io.IOException: Datanode=a14cd1ab-7861-42f9-8639-15260a7193f0(localhost/127.0.0.1) not part of pipeline=PipelineID=45cc3e2a-c500-4acc-a03a-a9cccc3d9481
	at org.apache.hadoop.hdds.scm.pipeline.Pipeline.reportDatanode(Pipeline.java:339)
	at org.apache.hadoop.hdds.scm.pipeline.PipelineReportHandler.setReportedDatanode(PipelineReportHandler.java:160)
	at org.apache.hadoop.hdds.scm.pipeline.PipelineReportHandler.processPipelineReport(PipelineReportHandler.java:135)
	at org.apache.hadoop.hdds.scm.pipeline.PipelineReportHandler.onMessage(PipelineReportHandler.java:94)
	at org.apache.hadoop.hdds.scm.pipeline.PipelineReportHandler.onMessage(PipelineReportHandler.java:53)
	at org.apache.hadoop.hdds.server.events.SingleThreadExecutor.lambda$onMessage$1(SingleThreadExecutor.java:86)
	at java.base/java.util.concurrent.ThreadPoolExecutor.runWorker(ThreadPoolExecutor.java:1144)
	at java.base/java.util.concurrent.ThreadPoolExecutor$Worker.run(ThreadPoolExecutor.java:642)
	at java.base/java.lang.Thread.run(Thread.java:1583)
2025-01-11 15:27:30,173 [EventQueue-PipelineReportForPipelineReportHandler] ERROR pipeline.PipelineReportHandler (PipelineReportHandler.java:onMessage(101)) - Could not process pipeline report=pipelineID {
  id: "45cc3e2a-c500-4acc-a03a-a9cccc3d9481"
  uuid128 {
    mostSigBits: 5029463237280680652
    leastSigBits: -6901016781926853503
  }
}
isLeader: false
bytesWritten: 0
 from dn=a14cd1ab-7861-42f9-8639-15260a7193f0(localhost/127.0.0.1).
java.io.IOException: Datanode=a14cd1ab-7861-42f9-8639-15260a7193f0(localhost/127.0.0.1) not part of pipeline=PipelineID=45cc3e2a-c500-4acc-a03a-a9cccc3d9481
	at org.apache.hadoop.hdds.scm.pipeline.Pipeline.reportDatanode(Pipeline.java:339)
	at org.apache.hadoop.hdds.scm.pipeline.PipelineReportHandler.setReportedDatanode(PipelineReportHandler.java:160)
	at org.apache.hadoop.hdds.scm.pipeline.PipelineReportHandler.processPipelineReport(PipelineReportHandler.java:135)
	at org.apache.hadoop.hdds.scm.pipeline.PipelineReportHandler.onMessage(PipelineReportHandler.java:94)
	at org.apache.hadoop.hdds.scm.pipeline.PipelineReportHandler.onMessage(PipelineReportHandler.java:53)
	at org.apache.hadoop.hdds.server.events.SingleThreadExecutor.lambda$onMessage$1(SingleThreadExecutor.java:86)
	at java.base/java.util.concurrent.ThreadPoolExecutor.runWorker(ThreadPoolExecutor.java:1144)
	at java.base/java.util.concurrent.ThreadPoolExecutor$Worker.run(ThreadPoolExecutor.java:642)
	at java.base/java.lang.Thread.run(Thread.java:1583)
2025-01-11 15:27:30,373 [EventQueue-PipelineReportForPipelineReportHandler] ERROR pipeline.PipelineReportHandler (PipelineReportHandler.java:onMessage(101)) - Could not process pipeline report=pipelineID {
  id: "45cc3e2a-c500-4acc-a03a-a9cccc3d9481"
  uuid128 {
    mostSigBits: 5029463237280680652
    leastSigBits: -6901016781926853503
  }
}
isLeader: false
bytesWritten: 0
 from dn=a14cd1ab-7861-42f9-8639-15260a7193f0(localhost/127.0.0.1).
java.io.IOException: Datanode=a14cd1ab-7861-42f9-8639-15260a7193f0(localhost/127.0.0.1) not part of pipeline=PipelineID=45cc3e2a-c500-4acc-a03a-a9cccc3d9481
	at org.apache.hadoop.hdds.scm.pipeline.Pipeline.reportDatanode(Pipeline.java:339)
	at org.apache.hadoop.hdds.scm.pipeline.PipelineReportHandler.setReportedDatanode(PipelineReportHandler.java:160)
	at org.apache.hadoop.hdds.scm.pipeline.PipelineReportHandler.processPipelineReport(PipelineReportHandler.java:135)
	at org.apache.hadoop.hdds.scm.pipeline.PipelineReportHandler.onMessage(PipelineReportHandler.java:94)
	at org.apache.hadoop.hdds.scm.pipeline.PipelineReportHandler.onMessage(PipelineReportHandler.java:53)
	at org.apache.hadoop.hdds.server.events.SingleThreadExecutor.lambda$onMessage$1(SingleThreadExecutor.java:86)
	at java.base/java.util.concurrent.ThreadPoolExecutor.runWorker(ThreadPoolExecutor.java:1144)
	at java.base/java.util.concurrent.ThreadPoolExecutor$Worker.run(ThreadPoolExecutor.java:642)
	at java.base/java.lang.Thread.run(Thread.java:1583)
2025-01-11 15:27:30,573 [EventQueue-PipelineReportForPipelineReportHandler] ERROR pipeline.PipelineReportHandler (PipelineReportHandler.java:onMessage(101)) - Could not process pipeline report=pipelineID {
  id: "45cc3e2a-c500-4acc-a03a-a9cccc3d9481"
  uuid128 {
    mostSigBits: 5029463237280680652
    leastSigBits: -6901016781926853503
  }
}
isLeader: false
bytesWritten: 0
 from dn=a14cd1ab-7861-42f9-8639-15260a7193f0(localhost/127.0.0.1).
java.io.IOException: Datanode=a14cd1ab-7861-42f9-8639-15260a7193f0(localhost/127.0.0.1) not part of pipeline=PipelineID=45cc3e2a-c500-4acc-a03a-a9cccc3d9481
	at org.apache.hadoop.hdds.scm.pipeline.Pipeline.reportDatanode(Pipeline.java:339)
	at org.apache.hadoop.hdds.scm.pipeline.PipelineReportHandler.setReportedDatanode(PipelineReportHandler.java:160)
	at org.apache.hadoop.hdds.scm.pipeline.PipelineReportHandler.processPipelineReport(PipelineReportHandler.java:135)
	at org.apache.hadoop.hdds.scm.pipeline.PipelineReportHandler.onMessage(PipelineReportHandler.java:94)
	at org.apache.hadoop.hdds.scm.pipeline.PipelineReportHandler.onMessage(PipelineReportHandler.java:53)
	at org.apache.hadoop.hdds.server.events.SingleThreadExecutor.lambda$onMessage$1(SingleThreadExecutor.java:86)
	at java.base/java.util.concurrent.ThreadPoolExecutor.runWorker(ThreadPoolExecutor.java:1144)
	at java.base/java.util.concurrent.ThreadPoolExecutor$Worker.run(ThreadPoolExecutor.java:642)
	at java.base/java.lang.Thread.run(Thread.java:1583)
2025-01-11 15:27:30,773 [EventQueue-PipelineReportForPipelineReportHandler] ERROR pipeline.PipelineReportHandler (PipelineReportHandler.java:onMessage(101)) - Could not process pipeline report=pipelineID {
  id: "45cc3e2a-c500-4acc-a03a-a9cccc3d9481"
  uuid128 {
    mostSigBits: 5029463237280680652
    leastSigBits: -6901016781926853503
  }
}
isLeader: false
bytesWritten: 0
 from dn=a14cd1ab-7861-42f9-8639-15260a7193f0(localhost/127.0.0.1).
java.io.IOException: Datanode=a14cd1ab-7861-42f9-8639-15260a7193f0(localhost/127.0.0.1) not part of pipeline=PipelineID=45cc3e2a-c500-4acc-a03a-a9cccc3d9481
	at org.apache.hadoop.hdds.scm.pipeline.Pipeline.reportDatanode(Pipeline.java:339)
	at org.apache.hadoop.hdds.scm.pipeline.PipelineReportHandler.setReportedDatanode(PipelineReportHandler.java:160)
	at org.apache.hadoop.hdds.scm.pipeline.PipelineReportHandler.processPipelineReport(PipelineReportHandler.java:135)
	at org.apache.hadoop.hdds.scm.pipeline.PipelineReportHandler.onMessage(PipelineReportHandler.java:94)
	at org.apache.hadoop.hdds.scm.pipeline.PipelineReportHandler.onMessage(PipelineReportHandler.java:53)
	at org.apache.hadoop.hdds.server.events.SingleThreadExecutor.lambda$onMessage$1(SingleThreadExecutor.java:86)
	at java.base/java.util.concurrent.ThreadPoolExecutor.runWorker(ThreadPoolExecutor.java:1144)
	at java.base/java.util.concurrent.ThreadPoolExecutor$Worker.run(ThreadPoolExecutor.java:642)
	at java.base/java.lang.Thread.run(Thread.java:1583)
2025-01-11 15:27:30,972 [EventQueue-PipelineReportForPipelineReportHandler] ERROR pipeline.PipelineReportHandler (PipelineReportHandler.java:onMessage(101)) - Could not process pipeline report=pipelineID {
  id: "45cc3e2a-c500-4acc-a03a-a9cccc3d9481"
  uuid128 {
    mostSigBits: 5029463237280680652
    leastSigBits: -6901016781926853503
  }
}
isLeader: false
bytesWritten: 0
 from dn=a14cd1ab-7861-42f9-8639-15260a7193f0(localhost/127.0.0.1).
java.io.IOException: Datanode=a14cd1ab-7861-42f9-8639-15260a7193f0(localhost/127.0.0.1) not part of pipeline=PipelineID=45cc3e2a-c500-4acc-a03a-a9cccc3d9481
	at org.apache.hadoop.hdds.scm.pipeline.Pipeline.reportDatanode(Pipeline.java:339)
	at org.apache.hadoop.hdds.scm.pipeline.PipelineReportHandler.setReportedDatanode(PipelineReportHandler.java:160)
	at org.apache.hadoop.hdds.scm.pipeline.PipelineReportHandler.processPipelineReport(PipelineReportHandler.java:135)
	at org.apache.hadoop.hdds.scm.pipeline.PipelineReportHandler.onMessage(PipelineReportHandler.java:94)
	at org.apache.hadoop.hdds.scm.pipeline.PipelineReportHandler.onMessage(PipelineReportHandler.java:53)
	at org.apache.hadoop.hdds.server.events.SingleThreadExecutor.lambda$onMessage$1(SingleThreadExecutor.java:86)
	at java.base/java.util.concurrent.ThreadPoolExecutor.runWorker(ThreadPoolExecutor.java:1144)
	at java.base/java.util.concurrent.ThreadPoolExecutor$Worker.run(ThreadPoolExecutor.java:642)
	at java.base/java.lang.Thread.run(Thread.java:1583)
2025-01-11 15:27:31,173 [EventQueue-PipelineReportForPipelineReportHandler] ERROR pipeline.PipelineReportHandler (PipelineReportHandler.java:onMessage(101)) - Could not process pipeline report=pipelineID {
  id: "45cc3e2a-c500-4acc-a03a-a9cccc3d9481"
  uuid128 {
    mostSigBits: 5029463237280680652
    leastSigBits: -6901016781926853503
  }
}
isLeader: false
bytesWritten: 0
 from dn=a14cd1ab-7861-42f9-8639-15260a7193f0(localhost/127.0.0.1).
java.io.IOException: Datanode=a14cd1ab-7861-42f9-8639-15260a7193f0(localhost/127.0.0.1) not part of pipeline=PipelineID=45cc3e2a-c500-4acc-a03a-a9cccc3d9481
	at org.apache.hadoop.hdds.scm.pipeline.Pipeline.reportDatanode(Pipeline.java:339)
	at org.apache.hadoop.hdds.scm.pipeline.PipelineReportHandler.setReportedDatanode(PipelineReportHandler.java:160)
	at org.apache.hadoop.hdds.scm.pipeline.PipelineReportHandler.processPipelineReport(PipelineReportHandler.java:135)
	at org.apache.hadoop.hdds.scm.pipeline.PipelineReportHandler.onMessage(PipelineReportHandler.java:94)
	at org.apache.hadoop.hdds.scm.pipeline.PipelineReportHandler.onMessage(PipelineReportHandler.java:53)
	at org.apache.hadoop.hdds.server.events.SingleThreadExecutor.lambda$onMessage$1(SingleThreadExecutor.java:86)
	at java.base/java.util.concurrent.ThreadPoolExecutor.runWorker(ThreadPoolExecutor.java:1144)
	at java.base/java.util.concurrent.ThreadPoolExecutor$Worker.run(ThreadPoolExecutor.java:642)
	at java.base/java.lang.Thread.run(Thread.java:1583)
2025-01-11 15:27:31,373 [EventQueue-PipelineReportForPipelineReportHandler] ERROR pipeline.PipelineReportHandler (PipelineReportHandler.java:onMessage(101)) - Could not process pipeline report=pipelineID {
  id: "45cc3e2a-c500-4acc-a03a-a9cccc3d9481"
  uuid128 {
    mostSigBits: 5029463237280680652
    leastSigBits: -6901016781926853503
  }
}
isLeader: false
bytesWritten: 0
 from dn=a14cd1ab-7861-42f9-8639-15260a7193f0(localhost/127.0.0.1).
java.io.IOException: Datanode=a14cd1ab-7861-42f9-8639-15260a7193f0(localhost/127.0.0.1) not part of pipeline=PipelineID=45cc3e2a-c500-4acc-a03a-a9cccc3d9481
	at org.apache.hadoop.hdds.scm.pipeline.Pipeline.reportDatanode(Pipeline.java:339)
	at org.apache.hadoop.hdds.scm.pipeline.PipelineReportHandler.setReportedDatanode(PipelineReportHandler.java:160)
	at org.apache.hadoop.hdds.scm.pipeline.PipelineReportHandler.processPipelineReport(PipelineReportHandler.java:135)
	at org.apache.hadoop.hdds.scm.pipeline.PipelineReportHandler.onMessage(PipelineReportHandler.java:94)
	at org.apache.hadoop.hdds.scm.pipeline.PipelineReportHandler.onMessage(PipelineReportHandler.java:53)
	at org.apache.hadoop.hdds.server.events.SingleThreadExecutor.lambda$onMessage$1(SingleThreadExecutor.java:86)
	at java.base/java.util.concurrent.ThreadPoolExecutor.runWorker(ThreadPoolExecutor.java:1144)
	at java.base/java.util.concurrent.ThreadPoolExecutor$Worker.run(ThreadPoolExecutor.java:642)
	at java.base/java.lang.Thread.run(Thread.java:1583)
2025-01-11 15:27:31,572 [EventQueue-PipelineReportForPipelineReportHandler] ERROR pipeline.PipelineReportHandler (PipelineReportHandler.java:onMessage(101)) - Could not process pipeline report=pipelineID {
  id: "45cc3e2a-c500-4acc-a03a-a9cccc3d9481"
  uuid128 {
    mostSigBits: 5029463237280680652
    leastSigBits: -6901016781926853503
  }
}
isLeader: false
bytesWritten: 0
 from dn=a14cd1ab-7861-42f9-8639-15260a7193f0(localhost/127.0.0.1).
java.io.IOException: Datanode=a14cd1ab-7861-42f9-8639-15260a7193f0(localhost/127.0.0.1) not part of pipeline=PipelineID=45cc3e2a-c500-4acc-a03a-a9cccc3d9481
	at org.apache.hadoop.hdds.scm.pipeline.Pipeline.reportDatanode(Pipeline.java:339)
	at org.apache.hadoop.hdds.scm.pipeline.PipelineReportHandler.setReportedDatanode(PipelineReportHandler.java:160)
	at org.apache.hadoop.hdds.scm.pipeline.PipelineReportHandler.processPipelineReport(PipelineReportHandler.java:135)
	at org.apache.hadoop.hdds.scm.pipeline.PipelineReportHandler.onMessage(PipelineReportHandler.java:94)
	at org.apache.hadoop.hdds.scm.pipeline.PipelineReportHandler.onMessage(PipelineReportHandler.java:53)
	at org.apache.hadoop.hdds.server.events.SingleThreadExecutor.lambda$onMessage$1(SingleThreadExecutor.java:86)
	at java.base/java.util.concurrent.ThreadPoolExecutor.runWorker(ThreadPoolExecutor.java:1144)
	at java.base/java.util.concurrent.ThreadPoolExecutor$Worker.run(ThreadPoolExecutor.java:642)
	at java.base/java.lang.Thread.run(Thread.java:1583)
2025-01-11 15:27:31,973 [EventQueue-PipelineReportForPipelineReportHandler] ERROR pipeline.PipelineReportHandler (PipelineReportHandler.java:onMessage(101)) - Could not process pipeline report=pipelineID {
  id: "45cc3e2a-c500-4acc-a03a-a9cccc3d9481"
  uuid128 {
    mostSigBits: 5029463237280680652
    leastSigBits: -6901016781926853503
  }
}
isLeader: false
bytesWritten: 0
 from dn=a14cd1ab-7861-42f9-8639-15260a7193f0(localhost/127.0.0.1).
java.io.IOException: Datanode=a14cd1ab-7861-42f9-8639-15260a7193f0(localhost/127.0.0.1) not part of pipeline=PipelineID=45cc3e2a-c500-4acc-a03a-a9cccc3d9481
	at org.apache.hadoop.hdds.scm.pipeline.Pipeline.reportDatanode(Pipeline.java:339)
	at org.apache.hadoop.hdds.scm.pipeline.PipelineReportHandler.setReportedDatanode(PipelineReportHandler.java:160)
	at org.apache.hadoop.hdds.scm.pipeline.PipelineReportHandler.processPipelineReport(PipelineReportHandler.java:135)
	at org.apache.hadoop.hdds.scm.pipeline.PipelineReportHandler.onMessage(PipelineReportHandler.java:94)
	at org.apache.hadoop.hdds.scm.pipeline.PipelineReportHandler.onMessage(PipelineReportHandler.java:53)
	at org.apache.hadoop.hdds.server.events.SingleThreadExecutor.lambda$onMessage$1(SingleThreadExecutor.java:86)
	at java.base/java.util.concurrent.ThreadPoolExecutor.runWorker(ThreadPoolExecutor.java:1144)
	at java.base/java.util.concurrent.ThreadPoolExecutor$Worker.run(ThreadPoolExecutor.java:642)
	at java.base/java.lang.Thread.run(Thread.java:1583)
2025-01-11 15:27:32,173 [EventQueue-PipelineReportForPipelineReportHandler] ERROR pipeline.PipelineReportHandler (PipelineReportHandler.java:onMessage(101)) - Could not process pipeline report=pipelineID {
  id: "45cc3e2a-c500-4acc-a03a-a9cccc3d9481"
  uuid128 {
    mostSigBits: 5029463237280680652
    leastSigBits: -6901016781926853503
  }
}
isLeader: false
bytesWritten: 0
 from dn=a14cd1ab-7861-42f9-8639-15260a7193f0(localhost/127.0.0.1).
java.io.IOException: Datanode=a14cd1ab-7861-42f9-8639-15260a7193f0(localhost/127.0.0.1) not part of pipeline=PipelineID=45cc3e2a-c500-4acc-a03a-a9cccc3d9481
	at org.apache.hadoop.hdds.scm.pipeline.Pipeline.reportDatanode(Pipeline.java:339)
	at org.apache.hadoop.hdds.scm.pipeline.PipelineReportHandler.setReportedDatanode(PipelineReportHandler.java:160)
	at org.apache.hadoop.hdds.scm.pipeline.PipelineReportHandler.processPipelineReport(PipelineReportHandler.java:135)
	at org.apache.hadoop.hdds.scm.pipeline.PipelineReportHandler.onMessage(PipelineReportHandler.java:94)
	at org.apache.hadoop.hdds.scm.pipeline.PipelineReportHandler.onMessage(PipelineReportHandler.java:53)
	at org.apache.hadoop.hdds.server.events.SingleThreadExecutor.lambda$onMessage$1(SingleThreadExecutor.java:86)
	at java.base/java.util.concurrent.ThreadPoolExecutor.runWorker(ThreadPoolExecutor.java:1144)
	at java.base/java.util.concurrent.ThreadPoolExecutor$Worker.run(ThreadPoolExecutor.java:642)
	at java.base/java.lang.Thread.run(Thread.java:1583)
2025-01-11 15:27:32,373 [EventQueue-PipelineReportForPipelineReportHandler] ERROR pipeline.PipelineReportHandler (PipelineReportHandler.java:onMessage(101)) - Could not process pipeline report=pipelineID {
  id: "45cc3e2a-c500-4acc-a03a-a9cccc3d9481"
  uuid128 {
    mostSigBits: 5029463237280680652
    leastSigBits: -6901016781926853503
  }
}
isLeader: false
bytesWritten: 0
 from dn=a14cd1ab-7861-42f9-8639-15260a7193f0(localhost/127.0.0.1).
java.io.IOException: Datanode=a14cd1ab-7861-42f9-8639-15260a7193f0(localhost/127.0.0.1) not part of pipeline=PipelineID=45cc3e2a-c500-4acc-a03a-a9cccc3d9481
	at org.apache.hadoop.hdds.scm.pipeline.Pipeline.reportDatanode(Pipeline.java:339)
	at org.apache.hadoop.hdds.scm.pipeline.PipelineReportHandler.setReportedDatanode(PipelineReportHandler.java:160)
	at org.apache.hadoop.hdds.scm.pipeline.PipelineReportHandler.processPipelineReport(PipelineReportHandler.java:135)
	at org.apache.hadoop.hdds.scm.pipeline.PipelineReportHandler.onMessage(PipelineReportHandler.java:94)
	at org.apache.hadoop.hdds.scm.pipeline.PipelineReportHandler.onMessage(PipelineReportHandler.java:53)
	at org.apache.hadoop.hdds.server.events.SingleThreadExecutor.lambda$onMessage$1(SingleThreadExecutor.java:86)
	at java.base/java.util.concurrent.ThreadPoolExecutor.runWorker(ThreadPoolExecutor.java:1144)
	at java.base/java.util.concurrent.ThreadPoolExecutor$Worker.run(ThreadPoolExecutor.java:642)
	at java.base/java.lang.Thread.run(Thread.java:1583)
2025-01-11 15:27:32,572 [EventQueue-PipelineReportForPipelineReportHandler] ERROR pipeline.PipelineReportHandler (PipelineReportHandler.java:onMessage(101)) - Could not process pipeline report=pipelineID {
  id: "45cc3e2a-c500-4acc-a03a-a9cccc3d9481"
  uuid128 {
    mostSigBits: 5029463237280680652
    leastSigBits: -6901016781926853503
  }
}
isLeader: false
bytesWritten: 0
 from dn=a14cd1ab-7861-42f9-8639-15260a7193f0(localhost/127.0.0.1).
java.io.IOException: Datanode=a14cd1ab-7861-42f9-8639-15260a7193f0(localhost/127.0.0.1) not part of pipeline=PipelineID=45cc3e2a-c500-4acc-a03a-a9cccc3d9481
	at org.apache.hadoop.hdds.scm.pipeline.Pipeline.reportDatanode(Pipeline.java:339)
	at org.apache.hadoop.hdds.scm.pipeline.PipelineReportHandler.setReportedDatanode(PipelineReportHandler.java:160)
	at org.apache.hadoop.hdds.scm.pipeline.PipelineReportHandler.processPipelineReport(PipelineReportHandler.java:135)
	at org.apache.hadoop.hdds.scm.pipeline.PipelineReportHandler.onMessage(PipelineReportHandler.java:94)
	at org.apache.hadoop.hdds.scm.pipeline.PipelineReportHandler.onMessage(PipelineReportHandler.java:53)
	at org.apache.hadoop.hdds.server.events.SingleThreadExecutor.lambda$onMessage$1(SingleThreadExecutor.java:86)
	at java.base/java.util.concurrent.ThreadPoolExecutor.runWorker(ThreadPoolExecutor.java:1144)
	at java.base/java.util.concurrent.ThreadPoolExecutor$Worker.run(ThreadPoolExecutor.java:642)
	at java.base/java.lang.Thread.run(Thread.java:1583)
2025-01-11 15:27:32,773 [EventQueue-PipelineReportForPipelineReportHandler] ERROR pipeline.PipelineReportHandler (PipelineReportHandler.java:onMessage(101)) - Could not process pipeline report=pipelineID {
  id: "45cc3e2a-c500-4acc-a03a-a9cccc3d9481"
  uuid128 {
    mostSigBits: 5029463237280680652
    leastSigBits: -6901016781926853503
  }
}
isLeader: false
bytesWritten: 0
 from dn=a14cd1ab-7861-42f9-8639-15260a7193f0(localhost/127.0.0.1).
java.io.IOException: Datanode=a14cd1ab-7861-42f9-8639-15260a7193f0(localhost/127.0.0.1) not part of pipeline=PipelineID=45cc3e2a-c500-4acc-a03a-a9cccc3d9481
	at org.apache.hadoop.hdds.scm.pipeline.Pipeline.reportDatanode(Pipeline.java:339)
	at org.apache.hadoop.hdds.scm.pipeline.PipelineReportHandler.setReportedDatanode(PipelineReportHandler.java:160)
	at org.apache.hadoop.hdds.scm.pipeline.PipelineReportHandler.processPipelineReport(PipelineReportHandler.java:135)
	at org.apache.hadoop.hdds.scm.pipeline.PipelineReportHandler.onMessage(PipelineReportHandler.java:94)
	at org.apache.hadoop.hdds.scm.pipeline.PipelineReportHandler.onMessage(PipelineReportHandler.java:53)
	at org.apache.hadoop.hdds.server.events.SingleThreadExecutor.lambda$onMessage$1(SingleThreadExecutor.java:86)
	at java.base/java.util.concurrent.ThreadPoolExecutor.runWorker(ThreadPoolExecutor.java:1144)
	at java.base/java.util.concurrent.ThreadPoolExecutor$Worker.run(ThreadPoolExecutor.java:642)
	at java.base/java.lang.Thread.run(Thread.java:1583)
2025-01-11 15:27:32,899 [timer2] WARN  server.GrpcLogAppender (GrpcLogAppender.java:timeoutAppendRequest(441)) - 84b435bb-d41b-4758-bf48-ce9052c81d4a@group-B0CD692FEFE8->4ba790b6-f5d5-4c4e-97f5-f1f66fb5d3d4-GrpcLogAppender: Timed out HEARTBEAT appendEntries, errorCount=58, request=AppendEntriesRequest:cid=9327,entriesCount=0
2025-01-11 15:27:32,973 [EventQueue-PipelineReportForPipelineReportHandler] ERROR pipeline.PipelineReportHandler (PipelineReportHandler.java:onMessage(101)) - Could not process pipeline report=pipelineID {
  id: "45cc3e2a-c500-4acc-a03a-a9cccc3d9481"
  uuid128 {
    mostSigBits: 5029463237280680652
    leastSigBits: -6901016781926853503
  }
}
isLeader: false
bytesWritten: 0
 from dn=a14cd1ab-7861-42f9-8639-15260a7193f0(localhost/127.0.0.1).
java.io.IOException: Datanode=a14cd1ab-7861-42f9-8639-15260a7193f0(localhost/127.0.0.1) not part of pipeline=PipelineID=45cc3e2a-c500-4acc-a03a-a9cccc3d9481
	at org.apache.hadoop.hdds.scm.pipeline.Pipeline.reportDatanode(Pipeline.java:339)
	at org.apache.hadoop.hdds.scm.pipeline.PipelineReportHandler.setReportedDatanode(PipelineReportHandler.java:160)
	at org.apache.hadoop.hdds.scm.pipeline.PipelineReportHandler.processPipelineReport(PipelineReportHandler.java:135)
	at org.apache.hadoop.hdds.scm.pipeline.PipelineReportHandler.onMessage(PipelineReportHandler.java:94)
	at org.apache.hadoop.hdds.scm.pipeline.PipelineReportHandler.onMessage(PipelineReportHandler.java:53)
	at org.apache.hadoop.hdds.server.events.SingleThreadExecutor.lambda$onMessage$1(SingleThreadExecutor.java:86)
	at java.base/java.util.concurrent.ThreadPoolExecutor.runWorker(ThreadPoolExecutor.java:1144)
	at java.base/java.util.concurrent.ThreadPoolExecutor$Worker.run(ThreadPoolExecutor.java:642)
	at java.base/java.lang.Thread.run(Thread.java:1583)
2025-01-11 15:27:33,173 [EventQueue-PipelineReportForPipelineReportHandler] ERROR pipeline.PipelineReportHandler (PipelineReportHandler.java:onMessage(101)) - Could not process pipeline report=pipelineID {
  id: "45cc3e2a-c500-4acc-a03a-a9cccc3d9481"
  uuid128 {
    mostSigBits: 5029463237280680652
    leastSigBits: -6901016781926853503
  }
}
isLeader: false
bytesWritten: 0
 from dn=a14cd1ab-7861-42f9-8639-15260a7193f0(localhost/127.0.0.1).
java.io.IOException: Datanode=a14cd1ab-7861-42f9-8639-15260a7193f0(localhost/127.0.0.1) not part of pipeline=PipelineID=45cc3e2a-c500-4acc-a03a-a9cccc3d9481
	at org.apache.hadoop.hdds.scm.pipeline.Pipeline.reportDatanode(Pipeline.java:339)
	at org.apache.hadoop.hdds.scm.pipeline.PipelineReportHandler.setReportedDatanode(PipelineReportHandler.java:160)
	at org.apache.hadoop.hdds.scm.pipeline.PipelineReportHandler.processPipelineReport(PipelineReportHandler.java:135)
	at org.apache.hadoop.hdds.scm.pipeline.PipelineReportHandler.onMessage(PipelineReportHandler.java:94)
	at org.apache.hadoop.hdds.scm.pipeline.PipelineReportHandler.onMessage(PipelineReportHandler.java:53)
	at org.apache.hadoop.hdds.server.events.SingleThreadExecutor.lambda$onMessage$1(SingleThreadExecutor.java:86)
	at java.base/java.util.concurrent.ThreadPoolExecutor.runWorker(ThreadPoolExecutor.java:1144)
	at java.base/java.util.concurrent.ThreadPoolExecutor$Worker.run(ThreadPoolExecutor.java:642)
	at java.base/java.lang.Thread.run(Thread.java:1583)
2025-01-11 15:27:33,373 [EventQueue-PipelineReportForPipelineReportHandler] ERROR pipeline.PipelineReportHandler (PipelineReportHandler.java:onMessage(101)) - Could not process pipeline report=pipelineID {
  id: "45cc3e2a-c500-4acc-a03a-a9cccc3d9481"
  uuid128 {
    mostSigBits: 5029463237280680652
    leastSigBits: -6901016781926853503
  }
}
isLeader: false
bytesWritten: 0
 from dn=a14cd1ab-7861-42f9-8639-15260a7193f0(localhost/127.0.0.1).
java.io.IOException: Datanode=a14cd1ab-7861-42f9-8639-15260a7193f0(localhost/127.0.0.1) not part of pipeline=PipelineID=45cc3e2a-c500-4acc-a03a-a9cccc3d9481
	at org.apache.hadoop.hdds.scm.pipeline.Pipeline.reportDatanode(Pipeline.java:339)
	at org.apache.hadoop.hdds.scm.pipeline.PipelineReportHandler.setReportedDatanode(PipelineReportHandler.java:160)
	at org.apache.hadoop.hdds.scm.pipeline.PipelineReportHandler.processPipelineReport(PipelineReportHandler.java:135)
	at org.apache.hadoop.hdds.scm.pipeline.PipelineReportHandler.onMessage(PipelineReportHandler.java:94)
	at org.apache.hadoop.hdds.scm.pipeline.PipelineReportHandler.onMessage(PipelineReportHandler.java:53)
	at org.apache.hadoop.hdds.server.events.SingleThreadExecutor.lambda$onMessage$1(SingleThreadExecutor.java:86)
	at java.base/java.util.concurrent.ThreadPoolExecutor.runWorker(ThreadPoolExecutor.java:1144)
	at java.base/java.util.concurrent.ThreadPoolExecutor$Worker.run(ThreadPoolExecutor.java:642)
	at java.base/java.lang.Thread.run(Thread.java:1583)
2025-01-11 15:27:33,573 [EventQueue-PipelineReportForPipelineReportHandler] ERROR pipeline.PipelineReportHandler (PipelineReportHandler.java:onMessage(101)) - Could not process pipeline report=pipelineID {
  id: "45cc3e2a-c500-4acc-a03a-a9cccc3d9481"
  uuid128 {
    mostSigBits: 5029463237280680652
    leastSigBits: -6901016781926853503
  }
}
isLeader: false
bytesWritten: 0
 from dn=a14cd1ab-7861-42f9-8639-15260a7193f0(localhost/127.0.0.1).
java.io.IOException: Datanode=a14cd1ab-7861-42f9-8639-15260a7193f0(localhost/127.0.0.1) not part of pipeline=PipelineID=45cc3e2a-c500-4acc-a03a-a9cccc3d9481
	at org.apache.hadoop.hdds.scm.pipeline.Pipeline.reportDatanode(Pipeline.java:339)
	at org.apache.hadoop.hdds.scm.pipeline.PipelineReportHandler.setReportedDatanode(PipelineReportHandler.java:160)
	at org.apache.hadoop.hdds.scm.pipeline.PipelineReportHandler.processPipelineReport(PipelineReportHandler.java:135)
	at org.apache.hadoop.hdds.scm.pipeline.PipelineReportHandler.onMessage(PipelineReportHandler.java:94)
	at org.apache.hadoop.hdds.scm.pipeline.PipelineReportHandler.onMessage(PipelineReportHandler.java:53)
	at org.apache.hadoop.hdds.server.events.SingleThreadExecutor.lambda$onMessage$1(SingleThreadExecutor.java:86)
	at java.base/java.util.concurrent.ThreadPoolExecutor.runWorker(ThreadPoolExecutor.java:1144)
	at java.base/java.util.concurrent.ThreadPoolExecutor$Worker.run(ThreadPoolExecutor.java:642)
	at java.base/java.lang.Thread.run(Thread.java:1583)
2025-01-11 15:27:33,774 [EventQueue-PipelineReportForPipelineReportHandler] ERROR pipeline.PipelineReportHandler (PipelineReportHandler.java:onMessage(101)) - Could not process pipeline report=pipelineID {
  id: "45cc3e2a-c500-4acc-a03a-a9cccc3d9481"
  uuid128 {
    mostSigBits: 5029463237280680652
    leastSigBits: -6901016781926853503
  }
}
isLeader: false
bytesWritten: 0
 from dn=a14cd1ab-7861-42f9-8639-15260a7193f0(localhost/127.0.0.1).
java.io.IOException: Datanode=a14cd1ab-7861-42f9-8639-15260a7193f0(localhost/127.0.0.1) not part of pipeline=PipelineID=45cc3e2a-c500-4acc-a03a-a9cccc3d9481
	at org.apache.hadoop.hdds.scm.pipeline.Pipeline.reportDatanode(Pipeline.java:339)
	at org.apache.hadoop.hdds.scm.pipeline.PipelineReportHandler.setReportedDatanode(PipelineReportHandler.java:160)
	at org.apache.hadoop.hdds.scm.pipeline.PipelineReportHandler.processPipelineReport(PipelineReportHandler.java:135)
	at org.apache.hadoop.hdds.scm.pipeline.PipelineReportHandler.onMessage(PipelineReportHandler.java:94)
	at org.apache.hadoop.hdds.scm.pipeline.PipelineReportHandler.onMessage(PipelineReportHandler.java:53)
	at org.apache.hadoop.hdds.server.events.SingleThreadExecutor.lambda$onMessage$1(SingleThreadExecutor.java:86)
	at java.base/java.util.concurrent.ThreadPoolExecutor.runWorker(ThreadPoolExecutor.java:1144)
	at java.base/java.util.concurrent.ThreadPoolExecutor$Worker.run(ThreadPoolExecutor.java:642)
	at java.base/java.lang.Thread.run(Thread.java:1583)
2025-01-11 15:27:33,974 [EventQueue-PipelineReportForPipelineReportHandler] ERROR pipeline.PipelineReportHandler (PipelineReportHandler.java:onMessage(101)) - Could not process pipeline report=pipelineID {
  id: "45cc3e2a-c500-4acc-a03a-a9cccc3d9481"
  uuid128 {
    mostSigBits: 5029463237280680652
    leastSigBits: -6901016781926853503
  }
}
isLeader: false
bytesWritten: 0
 from dn=a14cd1ab-7861-42f9-8639-15260a7193f0(localhost/127.0.0.1).
java.io.IOException: Datanode=a14cd1ab-7861-42f9-8639-15260a7193f0(localhost/127.0.0.1) not part of pipeline=PipelineID=45cc3e2a-c500-4acc-a03a-a9cccc3d9481
	at org.apache.hadoop.hdds.scm.pipeline.Pipeline.reportDatanode(Pipeline.java:339)
	at org.apache.hadoop.hdds.scm.pipeline.PipelineReportHandler.setReportedDatanode(PipelineReportHandler.java:160)
	at org.apache.hadoop.hdds.scm.pipeline.PipelineReportHandler.processPipelineReport(PipelineReportHandler.java:135)
	at org.apache.hadoop.hdds.scm.pipeline.PipelineReportHandler.onMessage(PipelineReportHandler.java:94)
	at org.apache.hadoop.hdds.scm.pipeline.PipelineReportHandler.onMessage(PipelineReportHandler.java:53)
	at org.apache.hadoop.hdds.server.events.SingleThreadExecutor.lambda$onMessage$1(SingleThreadExecutor.java:86)
	at java.base/java.util.concurrent.ThreadPoolExecutor.runWorker(ThreadPoolExecutor.java:1144)
	at java.base/java.util.concurrent.ThreadPoolExecutor$Worker.run(ThreadPoolExecutor.java:642)
	at java.base/java.lang.Thread.run(Thread.java:1583)
2025-01-11 15:27:34,088 [timer4] WARN  server.GrpcLogAppender (GrpcLogAppender.java:timeoutAppendRequest(441)) - fc60e07f-496f-42fe-ae82-620152583f87@group-A7184706D343->4ba790b6-f5d5-4c4e-97f5-f1f66fb5d3d4-GrpcLogAppender: Timed out HEARTBEAT appendEntries, errorCount=62, request=AppendEntriesRequest:cid=9441,entriesCount=0
2025-01-11 15:27:34,173 [EventQueue-PipelineReportForPipelineReportHandler] ERROR pipeline.PipelineReportHandler (PipelineReportHandler.java:onMessage(101)) - Could not process pipeline report=pipelineID {
  id: "45cc3e2a-c500-4acc-a03a-a9cccc3d9481"
  uuid128 {
    mostSigBits: 5029463237280680652
    leastSigBits: -6901016781926853503
  }
}
isLeader: false
bytesWritten: 0
 from dn=a14cd1ab-7861-42f9-8639-15260a7193f0(localhost/127.0.0.1).
java.io.IOException: Datanode=a14cd1ab-7861-42f9-8639-15260a7193f0(localhost/127.0.0.1) not part of pipeline=PipelineID=45cc3e2a-c500-4acc-a03a-a9cccc3d9481
	at org.apache.hadoop.hdds.scm.pipeline.Pipeline.reportDatanode(Pipeline.java:339)
	at org.apache.hadoop.hdds.scm.pipeline.PipelineReportHandler.setReportedDatanode(PipelineReportHandler.java:160)
	at org.apache.hadoop.hdds.scm.pipeline.PipelineReportHandler.processPipelineReport(PipelineReportHandler.java:135)
	at org.apache.hadoop.hdds.scm.pipeline.PipelineReportHandler.onMessage(PipelineReportHandler.java:94)
	at org.apache.hadoop.hdds.scm.pipeline.PipelineReportHandler.onMessage(PipelineReportHandler.java:53)
	at org.apache.hadoop.hdds.server.events.SingleThreadExecutor.lambda$onMessage$1(SingleThreadExecutor.java:86)
	at java.base/java.util.concurrent.ThreadPoolExecutor.runWorker(ThreadPoolExecutor.java:1144)
	at java.base/java.util.concurrent.ThreadPoolExecutor$Worker.run(ThreadPoolExecutor.java:642)
	at java.base/java.lang.Thread.run(Thread.java:1583)
2025-01-11 15:27:34,374 [EventQueue-PipelineReportForPipelineReportHandler] ERROR pipeline.PipelineReportHandler (PipelineReportHandler.java:onMessage(101)) - Could not process pipeline report=pipelineID {
  id: "45cc3e2a-c500-4acc-a03a-a9cccc3d9481"
  uuid128 {
    mostSigBits: 5029463237280680652
    leastSigBits: -6901016781926853503
  }
}
isLeader: false
bytesWritten: 0
 from dn=a14cd1ab-7861-42f9-8639-15260a7193f0(localhost/127.0.0.1).
java.io.IOException: Datanode=a14cd1ab-7861-42f9-8639-15260a7193f0(localhost/127.0.0.1) not part of pipeline=PipelineID=45cc3e2a-c500-4acc-a03a-a9cccc3d9481
	at org.apache.hadoop.hdds.scm.pipeline.Pipeline.reportDatanode(Pipeline.java:339)
	at org.apache.hadoop.hdds.scm.pipeline.PipelineReportHandler.setReportedDatanode(PipelineReportHandler.java:160)
	at org.apache.hadoop.hdds.scm.pipeline.PipelineReportHandler.processPipelineReport(PipelineReportHandler.java:135)
	at org.apache.hadoop.hdds.scm.pipeline.PipelineReportHandler.onMessage(PipelineReportHandler.java:94)
	at org.apache.hadoop.hdds.scm.pipeline.PipelineReportHandler.onMessage(PipelineReportHandler.java:53)
	at org.apache.hadoop.hdds.server.events.SingleThreadExecutor.lambda$onMessage$1(SingleThreadExecutor.java:86)
	at java.base/java.util.concurrent.ThreadPoolExecutor.runWorker(ThreadPoolExecutor.java:1144)
	at java.base/java.util.concurrent.ThreadPoolExecutor$Worker.run(ThreadPoolExecutor.java:642)
	at java.base/java.lang.Thread.run(Thread.java:1583)
2025-01-11 15:27:34,544 [null-request--thread1] INFO  server.GrpcClientProtocolService (GrpcClientProtocolService.java:lambda$processClientRequest$0(284)) - Failed RaftClientRequest:client-0799EAE74CF0->fc60e07f-496f-42fe-ae82-620152583f87@group-A7184706D343, cid=184, seq=null, Watch-ALL_COMMITTED(27), Message:<EMPTY>, reply=RaftClientReply:client-0799EAE74CF0->fc60e07f-496f-42fe-ae82-620152583f87@group-A7184706D343, cid=184, FAILED org.apache.ratis.protocol.exceptions.NotReplicatedException: Request with call Id 184 and log index 27 is not yet replicated to ALL_COMMITTED, logIndex=27, commits[fc60e07f-496f-42fe-ae82-620152583f87:c29, 4ba790b6-f5d5-4c4e-97f5-f1f66fb5d3d4:c13, 84b435bb-d41b-4758-bf48-ce9052c81d4a:c29]
2025-01-11 15:27:34,544 [ForkJoinPool.commonPool-worker-2] WARN  scm.XceiverClientRatis (XceiverClientRatis.java:lambda$watchForCommit$6(317)) - ALL_COMMITTED way commit failed on pipeline Pipeline[ Id: 8ef3bc64-5854-4584-910e-a7184706d343, Nodes: 4ba790b6-f5d5-4c4e-97f5-f1f66fb5d3d4(localhost/127.0.0.1) ReplicaIndex: 0fc60e07f-496f-42fe-ae82-620152583f87(localhost/127.0.0.1) ReplicaIndex: 084b435bb-d41b-4758-bf48-ce9052c81d4a(localhost/127.0.0.1) ReplicaIndex: 0, ReplicationConfig: RATIS/THREE, State:OPEN, leaderId:fc60e07f-496f-42fe-ae82-620152583f87, CreationTimestamp2025-01-11T15:25:11.429Z[Etc/UTC]]
java.util.concurrent.CompletionException: org.apache.ratis.protocol.exceptions.NotReplicatedException: Request with call Id 184 and log index 27 is not yet replicated to ALL_COMMITTED
	at org.apache.ratis.client.impl.RaftClientImpl.handleRaftException(RaftClientImpl.java:373)
	at org.apache.ratis.client.impl.UnorderedAsync.lambda$send$1(UnorderedAsync.java:67)
	at java.base/java.util.concurrent.CompletableFuture$UniApply.tryFire(CompletableFuture.java:646)
	at java.base/java.util.concurrent.CompletableFuture.postComplete(CompletableFuture.java:510)
	at java.base/java.util.concurrent.CompletableFuture.complete(CompletableFuture.java:2179)
	at org.apache.ratis.client.impl.UnorderedAsync.lambda$sendRequestWithRetry$4(UnorderedAsync.java:88)
	at java.base/java.util.concurrent.CompletableFuture.uniWhenComplete(CompletableFuture.java:863)
	at java.base/java.util.concurrent.CompletableFuture$UniWhenComplete.tryFire(CompletableFuture.java:841)
	at java.base/java.util.concurrent.CompletableFuture$Completion.exec(CompletableFuture.java:483)
	at java.base/java.util.concurrent.ForkJoinTask.doExec(ForkJoinTask.java:387)
	at java.base/java.util.concurrent.ForkJoinPool$WorkQueue.topLevelExec(ForkJoinPool.java:1312)
	at java.base/java.util.concurrent.ForkJoinPool.scan(ForkJoinPool.java:1843)
	at java.base/java.util.concurrent.ForkJoinPool.runWorker(ForkJoinPool.java:1808)
	at java.base/java.util.concurrent.ForkJoinWorkerThread.run(ForkJoinWorkerThread.java:188)
Caused by: org.apache.ratis.protocol.exceptions.NotReplicatedException: Request with call Id 184 and log index 27 is not yet replicated to ALL_COMMITTED
	at org.apache.ratis.client.impl.ClientProtoUtils.toRaftClientReply(ClientProtoUtils.java:406)
	at org.apache.ratis.grpc.client.GrpcClientProtocolClient$AsyncStreamObservers$1.onNext(GrpcClientProtocolClient.java:313)
	at org.apache.ratis.grpc.client.GrpcClientProtocolClient$AsyncStreamObservers$1.onNext(GrpcClientProtocolClient.java:308)
	at org.apache.ratis.thirdparty.io.grpc.stub.ClientCalls$StreamObserverToCallListenerAdapter.onMessage(ClientCalls.java:468)
	at org.apache.ratis.thirdparty.io.grpc.ForwardingClientCallListener.onMessage(ForwardingClientCallListener.java:33)
	at org.apache.ratis.thirdparty.io.grpc.internal.ClientCallImpl$ClientStreamListenerImpl$1MessagesAvailable.runInternal(ClientCallImpl.java:660)
	at org.apache.ratis.thirdparty.io.grpc.internal.ClientCallImpl$ClientStreamListenerImpl$1MessagesAvailable.runInContext(ClientCallImpl.java:647)
	at org.apache.ratis.thirdparty.io.grpc.internal.ContextRunnable.run(ContextRunnable.java:37)
	at org.apache.ratis.thirdparty.io.grpc.internal.SerializingExecutor.run(SerializingExecutor.java:133)
	at java.base/java.util.concurrent.ThreadPoolExecutor.runWorker(ThreadPoolExecutor.java:1144)
	at java.base/java.util.concurrent.ThreadPoolExecutor$Worker.run(ThreadPoolExecutor.java:642)
	at java.base/java.lang.Thread.run(Thread.java:1583)
2025-01-11 15:27:34,545 [ForkJoinPool.commonPool-worker-2] INFO  scm.XceiverClientRatis (XceiverClientRatis.java:lambda$handleFailedAllCommit$8(352)) - Could not commit index 27 on pipeline Pipeline[ Id: 8ef3bc64-5854-4584-910e-a7184706d343, Nodes: 4ba790b6-f5d5-4c4e-97f5-f1f66fb5d3d4(localhost/127.0.0.1) ReplicaIndex: 0fc60e07f-496f-42fe-ae82-620152583f87(localhost/127.0.0.1) ReplicaIndex: 084b435bb-d41b-4758-bf48-ce9052c81d4a(localhost/127.0.0.1) ReplicaIndex: 0, ReplicationConfig: RATIS/THREE, State:OPEN, leaderId:fc60e07f-496f-42fe-ae82-620152583f87, CreationTimestamp2025-01-11T15:25:11.429Z[Etc/UTC]] to all the nodes. Server 4ba790b6-f5d5-4c4e-97f5-f1f66fb5d3d4 has failed. Committed by majority.
2025-01-11 15:27:34,545 [ForkJoinPool.commonPool-worker-2] WARN  storage.BlockOutputStream (BlockOutputStream.java:checkReply(559)) - Failed to commit BlockId conID: 10 locID: 115816896921600010 bcsId: 27 replicaIndex: null on Pipeline[ Id: 8ef3bc64-5854-4584-910e-a7184706d343, Nodes: 4ba790b6-f5d5-4c4e-97f5-f1f66fb5d3d4(localhost/127.0.0.1) ReplicaIndex: 0fc60e07f-496f-42fe-ae82-620152583f87(localhost/127.0.0.1) ReplicaIndex: 084b435bb-d41b-4758-bf48-ce9052c81d4a(localhost/127.0.0.1) ReplicaIndex: 0, ReplicationConfig: RATIS/THREE, State:OPEN, leaderId:fc60e07f-496f-42fe-ae82-620152583f87, CreationTimestamp2025-01-11T15:25:11.429Z[Etc/UTC]]. Failed nodes: [4ba790b6-f5d5-4c4e-97f5-f1f66fb5d3d4(null/null)]
2025-01-11 15:27:34,774 [EventQueue-PipelineReportForPipelineReportHandler] ERROR pipeline.PipelineReportHandler (PipelineReportHandler.java:onMessage(101)) - Could not process pipeline report=pipelineID {
  id: "45cc3e2a-c500-4acc-a03a-a9cccc3d9481"
  uuid128 {
    mostSigBits: 5029463237280680652
    leastSigBits: -6901016781926853503
  }
}
isLeader: false
bytesWritten: 0
 from dn=a14cd1ab-7861-42f9-8639-15260a7193f0(localhost/127.0.0.1).
java.io.IOException: Datanode=a14cd1ab-7861-42f9-8639-15260a7193f0(localhost/127.0.0.1) not part of pipeline=PipelineID=45cc3e2a-c500-4acc-a03a-a9cccc3d9481
	at org.apache.hadoop.hdds.scm.pipeline.Pipeline.reportDatanode(Pipeline.java:339)
	at org.apache.hadoop.hdds.scm.pipeline.PipelineReportHandler.setReportedDatanode(PipelineReportHandler.java:160)
	at org.apache.hadoop.hdds.scm.pipeline.PipelineReportHandler.processPipelineReport(PipelineReportHandler.java:135)
	at org.apache.hadoop.hdds.scm.pipeline.PipelineReportHandler.onMessage(PipelineReportHandler.java:94)
	at org.apache.hadoop.hdds.scm.pipeline.PipelineReportHandler.onMessage(PipelineReportHandler.java:53)
	at org.apache.hadoop.hdds.server.events.SingleThreadExecutor.lambda$onMessage$1(SingleThreadExecutor.java:86)
	at java.base/java.util.concurrent.ThreadPoolExecutor.runWorker(ThreadPoolExecutor.java:1144)
	at java.base/java.util.concurrent.ThreadPoolExecutor$Worker.run(ThreadPoolExecutor.java:642)
	at java.base/java.lang.Thread.run(Thread.java:1583)
2025-01-11 15:27:34,974 [EventQueue-PipelineReportForPipelineReportHandler] ERROR pipeline.PipelineReportHandler (PipelineReportHandler.java:onMessage(101)) - Could not process pipeline report=pipelineID {
  id: "45cc3e2a-c500-4acc-a03a-a9cccc3d9481"
  uuid128 {
    mostSigBits: 5029463237280680652
    leastSigBits: -6901016781926853503
  }
}
isLeader: false
bytesWritten: 0
 from dn=a14cd1ab-7861-42f9-8639-15260a7193f0(localhost/127.0.0.1).
java.io.IOException: Datanode=a14cd1ab-7861-42f9-8639-15260a7193f0(localhost/127.0.0.1) not part of pipeline=PipelineID=45cc3e2a-c500-4acc-a03a-a9cccc3d9481
	at org.apache.hadoop.hdds.scm.pipeline.Pipeline.reportDatanode(Pipeline.java:339)
	at org.apache.hadoop.hdds.scm.pipeline.PipelineReportHandler.setReportedDatanode(PipelineReportHandler.java:160)
	at org.apache.hadoop.hdds.scm.pipeline.PipelineReportHandler.processPipelineReport(PipelineReportHandler.java:135)
	at org.apache.hadoop.hdds.scm.pipeline.PipelineReportHandler.onMessage(PipelineReportHandler.java:94)
	at org.apache.hadoop.hdds.scm.pipeline.PipelineReportHandler.onMessage(PipelineReportHandler.java:53)
	at org.apache.hadoop.hdds.server.events.SingleThreadExecutor.lambda$onMessage$1(SingleThreadExecutor.java:86)
	at java.base/java.util.concurrent.ThreadPoolExecutor.runWorker(ThreadPoolExecutor.java:1144)
	at java.base/java.util.concurrent.ThreadPoolExecutor$Worker.run(ThreadPoolExecutor.java:642)
	at java.base/java.lang.Thread.run(Thread.java:1583)
2025-01-11 15:27:35,174 [EventQueue-PipelineReportForPipelineReportHandler] ERROR pipeline.PipelineReportHandler (PipelineReportHandler.java:onMessage(101)) - Could not process pipeline report=pipelineID {
  id: "45cc3e2a-c500-4acc-a03a-a9cccc3d9481"
  uuid128 {
    mostSigBits: 5029463237280680652
    leastSigBits: -6901016781926853503
  }
}
isLeader: false
bytesWritten: 0
 from dn=a14cd1ab-7861-42f9-8639-15260a7193f0(localhost/127.0.0.1).
java.io.IOException: Datanode=a14cd1ab-7861-42f9-8639-15260a7193f0(localhost/127.0.0.1) not part of pipeline=PipelineID=45cc3e2a-c500-4acc-a03a-a9cccc3d9481
	at org.apache.hadoop.hdds.scm.pipeline.Pipeline.reportDatanode(Pipeline.java:339)
	at org.apache.hadoop.hdds.scm.pipeline.PipelineReportHandler.setReportedDatanode(PipelineReportHandler.java:160)
	at org.apache.hadoop.hdds.scm.pipeline.PipelineReportHandler.processPipelineReport(PipelineReportHandler.java:135)
	at org.apache.hadoop.hdds.scm.pipeline.PipelineReportHandler.onMessage(PipelineReportHandler.java:94)
	at org.apache.hadoop.hdds.scm.pipeline.PipelineReportHandler.onMessage(PipelineReportHandler.java:53)
	at org.apache.hadoop.hdds.server.events.SingleThreadExecutor.lambda$onMessage$1(SingleThreadExecutor.java:86)
	at java.base/java.util.concurrent.ThreadPoolExecutor.runWorker(ThreadPoolExecutor.java:1144)
	at java.base/java.util.concurrent.ThreadPoolExecutor$Worker.run(ThreadPoolExecutor.java:642)
	at java.base/java.lang.Thread.run(Thread.java:1583)
2025-01-11 15:27:35,375 [EventQueue-PipelineReportForPipelineReportHandler] ERROR pipeline.PipelineReportHandler (PipelineReportHandler.java:onMessage(101)) - Could not process pipeline report=pipelineID {
  id: "45cc3e2a-c500-4acc-a03a-a9cccc3d9481"
  uuid128 {
    mostSigBits: 5029463237280680652
    leastSigBits: -6901016781926853503
  }
}
isLeader: false
bytesWritten: 0
 from dn=a14cd1ab-7861-42f9-8639-15260a7193f0(localhost/127.0.0.1).
java.io.IOException: Datanode=a14cd1ab-7861-42f9-8639-15260a7193f0(localhost/127.0.0.1) not part of pipeline=PipelineID=45cc3e2a-c500-4acc-a03a-a9cccc3d9481
	at org.apache.hadoop.hdds.scm.pipeline.Pipeline.reportDatanode(Pipeline.java:339)
	at org.apache.hadoop.hdds.scm.pipeline.PipelineReportHandler.setReportedDatanode(PipelineReportHandler.java:160)
	at org.apache.hadoop.hdds.scm.pipeline.PipelineReportHandler.processPipelineReport(PipelineReportHandler.java:135)
	at org.apache.hadoop.hdds.scm.pipeline.PipelineReportHandler.onMessage(PipelineReportHandler.java:94)
	at org.apache.hadoop.hdds.scm.pipeline.PipelineReportHandler.onMessage(PipelineReportHandler.java:53)
	at org.apache.hadoop.hdds.server.events.SingleThreadExecutor.lambda$onMessage$1(SingleThreadExecutor.java:86)
	at java.base/java.util.concurrent.ThreadPoolExecutor.runWorker(ThreadPoolExecutor.java:1144)
	at java.base/java.util.concurrent.ThreadPoolExecutor$Worker.run(ThreadPoolExecutor.java:642)
	at java.base/java.lang.Thread.run(Thread.java:1583)
2025-01-11 15:27:35,549 [grpc-default-executor-11] WARN  server.GrpcServerProtocolService (LogUtils.java:warn(123)) - a14cd1ab-7861-42f9-8639-15260a7193f0: Failed APPEND_ENTRIES request fc60e07f-496f-42fe-ae82-620152583f87->4ba790b6-f5d5-4c4e-97f5-f1f66fb5d3d4#9443-t1,previous=(t:1, i:25),leaderCommit=29,initializing? false,entries: size=6, first=(t:1, i:26), STATEMACHINELOGENTRY, WRITE: logData.size=154, stateMachineData.size=5, logEntryProtoSerializedSize=0
java.util.concurrent.CompletionException: org.apache.ratis.protocol.exceptions.GroupMismatchException: a14cd1ab-7861-42f9-8639-15260a7193f0: group-A7184706D343 not found.
	at java.base/java.util.concurrent.CompletableFuture.encodeThrowable(CompletableFuture.java:332)
	at java.base/java.util.concurrent.CompletableFuture.uniComposeStage(CompletableFuture.java:1177)
	at java.base/java.util.concurrent.CompletableFuture.thenCompose(CompletableFuture.java:2341)
	at org.apache.ratis.server.impl.RaftServerProxy.appendEntriesAsync(RaftServerProxy.java:645)
	at org.apache.ratis.grpc.server.GrpcServerProtocolService$1.process(GrpcServerProtocolService.java:229)
	at org.apache.ratis.grpc.server.GrpcServerProtocolService$1.process(GrpcServerProtocolService.java:226)
	at org.apache.ratis.grpc.server.GrpcServerProtocolService$ServerRequestStreamObserver.onNext(GrpcServerProtocolService.java:137)
	at org.apache.ratis.thirdparty.io.grpc.stub.ServerCalls$StreamingServerCallHandler$StreamingServerCallListener.onMessage(ServerCalls.java:262)
	at org.apache.ratis.thirdparty.io.grpc.internal.ServerCallImpl$ServerStreamListenerImpl.messagesAvailableInternal(ServerCallImpl.java:329)
	at org.apache.ratis.thirdparty.io.grpc.internal.ServerCallImpl$ServerStreamListenerImpl.messagesAvailable(ServerCallImpl.java:314)
	at org.apache.ratis.thirdparty.io.grpc.internal.ServerImpl$JumpToApplicationThreadServerStreamListener$1MessagesAvailable.runInContext(ServerImpl.java:833)
	at org.apache.ratis.thirdparty.io.grpc.internal.ContextRunnable.run(ContextRunnable.java:37)
	at org.apache.ratis.thirdparty.io.grpc.internal.SerializingExecutor.run(SerializingExecutor.java:133)
	at java.base/java.util.concurrent.ThreadPoolExecutor.runWorker(ThreadPoolExecutor.java:1144)
	at java.base/java.util.concurrent.ThreadPoolExecutor$Worker.run(ThreadPoolExecutor.java:642)
	at java.base/java.lang.Thread.run(Thread.java:1583)
Caused by: org.apache.ratis.protocol.exceptions.GroupMismatchException: a14cd1ab-7861-42f9-8639-15260a7193f0: group-A7184706D343 not found.
	at org.apache.ratis.server.impl.RaftServerProxy$ImplMap.get(RaftServerProxy.java:155)
	at org.apache.ratis.server.impl.RaftServerProxy.getImplFuture(RaftServerProxy.java:365)
	at org.apache.ratis.server.impl.RaftServerProxy.appendEntriesAsync(RaftServerProxy.java:644)
	... 12 more
2025-01-11 15:27:35,551 [grpc-default-executor-11] WARN  server.GrpcLogAppender (LogUtils.java:warn(123)) - fc60e07f-496f-42fe-ae82-620152583f87@group-A7184706D343->4ba790b6-f5d5-4c4e-97f5-f1f66fb5d3d4-AppendLogResponseHandler: Failed appendEntries
org.apache.ratis.protocol.exceptions.GroupMismatchException: a14cd1ab-7861-42f9-8639-15260a7193f0: group-A7184706D343 not found.
	at org.apache.ratis.server.impl.RaftServerProxy$ImplMap.get(RaftServerProxy.java:155)
	at org.apache.ratis.server.impl.RaftServerProxy.getImplFuture(RaftServerProxy.java:365)
	at org.apache.ratis.server.impl.RaftServerProxy.appendEntriesAsync(RaftServerProxy.java:644)
	at org.apache.ratis.grpc.server.GrpcServerProtocolService$1.process(GrpcServerProtocolService.java:229)
	at org.apache.ratis.grpc.server.GrpcServerProtocolService$1.process(GrpcServerProtocolService.java:226)
	at org.apache.ratis.grpc.server.GrpcServerProtocolService$ServerRequestStreamObserver.onNext(GrpcServerProtocolService.java:137)
	at org.apache.ratis.thirdparty.io.grpc.stub.ServerCalls$StreamingServerCallHandler$StreamingServerCallListener.onMessage(ServerCalls.java:262)
	at org.apache.ratis.thirdparty.io.grpc.internal.ServerCallImpl$ServerStreamListenerImpl.messagesAvailableInternal(ServerCallImpl.java:329)
	at org.apache.ratis.thirdparty.io.grpc.internal.ServerCallImpl$ServerStreamListenerImpl.messagesAvailable(ServerCallImpl.java:314)
	at org.apache.ratis.thirdparty.io.grpc.internal.ServerImpl$JumpToApplicationThreadServerStreamListener$1MessagesAvailable.runInContext(ServerImpl.java:833)
	at org.apache.ratis.thirdparty.io.grpc.internal.ContextRunnable.run(ContextRunnable.java:37)
	at org.apache.ratis.thirdparty.io.grpc.internal.SerializingExecutor.run(SerializingExecutor.java:133)
	at java.base/java.util.concurrent.ThreadPoolExecutor.runWorker(ThreadPoolExecutor.java:1144)
	at java.base/java.util.concurrent.ThreadPoolExecutor$Worker.run(ThreadPoolExecutor.java:642)
	at java.base/java.lang.Thread.run(Thread.java:1583)
2025-01-11 15:27:35,551 [grpc-default-executor-11] INFO  leader.LogAppender (LogAppenderBase.java:lambda$getNextIndexForError$0(215)) - Decrease nextIndex to 26
2025-01-11 15:27:35,551 [grpc-default-executor-11] INFO  leader.LogAppender (LogAppenderBase.java:lambda$getNextIndexForError$0(215)) - Decrease nextIndex to 26
2025-01-11 15:27:35,551 [grpc-default-executor-11] INFO  leader.FollowerInfo (FollowerInfoImpl.java:info(70)) - fc60e07f-496f-42fe-ae82-620152583f87@group-A7184706D343->4ba790b6-f5d5-4c4e-97f5-f1f66fb5d3d4: computeNextIndex nextIndex: updateUnconditionally 32 -> 26
2025-01-11 15:27:35,551 [fc60e07f-496f-42fe-ae82-620152583f87@group-A7184706D343-StateMachineUpdater] INFO  ratis.ContainerStateMachine (ContainerStateMachine.java:takeSnapshot(378)) - group-A7184706D343: Taking a snapshot at:(t:1, i:31) file /home/runner/work/ozone/ozone/hadoop-ozone/integration-test/target/test-dir/MiniOzoneClusterImpl-7d8e89df-ef81-4ba3-8c0c-8d2bb8f5309d/ozone-meta/datanode-5/ratis/8ef3bc64-5854-4584-910e-a7184706d343/sm/snapshot.1_31
2025-01-11 15:27:35,553 [fc60e07f-496f-42fe-ae82-620152583f87@group-A7184706D343-StateMachineUpdater] INFO  ratis.ContainerStateMachine (ContainerStateMachine.java:takeSnapshot(389)) - group-A7184706D343: Finished taking a snapshot at:(t:1, i:31) file:/home/runner/work/ozone/ozone/hadoop-ozone/integration-test/target/test-dir/MiniOzoneClusterImpl-7d8e89df-ef81-4ba3-8c0c-8d2bb8f5309d/ozone-meta/datanode-5/ratis/8ef3bc64-5854-4584-910e-a7184706d343/sm/snapshot.1_31 took: 2 ms
2025-01-11 15:27:35,553 [fc60e07f-496f-42fe-ae82-620152583f87@group-A7184706D343-StateMachineUpdater] INFO  impl.SimpleStateMachineStorage (SimpleStateMachineStorage.java:lambda$cleanupOldSnapshots$1(126)) - Deleting old snapshot at /home/runner/work/ozone/ozone/hadoop-ozone/integration-test/target/test-dir/MiniOzoneClusterImpl-7d8e89df-ef81-4ba3-8c0c-8d2bb8f5309d/ozone-meta/datanode-5/ratis/8ef3bc64-5854-4584-910e-a7184706d343/sm/snapshot.1_23
2025-01-11 15:27:35,554 [fc60e07f-496f-42fe-ae82-620152583f87@group-A7184706D343-StateMachineUpdater] INFO  impl.StateMachineUpdater (StateMachineUpdater.java:takeSnapshot(303)) - fc60e07f-496f-42fe-ae82-620152583f87@group-A7184706D343-StateMachineUpdater: Took a snapshot at index 31
2025-01-11 15:27:35,554 [fc60e07f-496f-42fe-ae82-620152583f87@group-A7184706D343-StateMachineUpdater] INFO  impl.StateMachineUpdater (StateMachineUpdater.java:lambda$new$0(102)) - fc60e07f-496f-42fe-ae82-620152583f87@group-A7184706D343-StateMachineUpdater: snapshotIndex: updateIncreasingly 29 -> 31
2025-01-11 15:27:35,554 [fc60e07f-496f-42fe-ae82-620152583f87@group-A7184706D343-StateMachineUpdater] INFO  ratis.ContainerStateMachine (ContainerStateMachine.java:takeSnapshot(378)) - group-A7184706D343: Taking a snapshot at:(t:1, i:33) file /home/runner/work/ozone/ozone/hadoop-ozone/integration-test/target/test-dir/MiniOzoneClusterImpl-7d8e89df-ef81-4ba3-8c0c-8d2bb8f5309d/ozone-meta/datanode-5/ratis/8ef3bc64-5854-4584-910e-a7184706d343/sm/snapshot.1_33
2025-01-11 15:27:35,555 [fc60e07f-496f-42fe-ae82-620152583f87@group-A7184706D343-StateMachineUpdater] INFO  ratis.ContainerStateMachine (ContainerStateMachine.java:takeSnapshot(389)) - group-A7184706D343: Finished taking a snapshot at:(t:1, i:33) file:/home/runner/work/ozone/ozone/hadoop-ozone/integration-test/target/test-dir/MiniOzoneClusterImpl-7d8e89df-ef81-4ba3-8c0c-8d2bb8f5309d/ozone-meta/datanode-5/ratis/8ef3bc64-5854-4584-910e-a7184706d343/sm/snapshot.1_33 took: 1 ms
2025-01-11 15:27:35,555 [fc60e07f-496f-42fe-ae82-620152583f87@group-A7184706D343-StateMachineUpdater] INFO  impl.SimpleStateMachineStorage (SimpleStateMachineStorage.java:lambda$cleanupOldSnapshots$1(126)) - Deleting old snapshot at /home/runner/work/ozone/ozone/hadoop-ozone/integration-test/target/test-dir/MiniOzoneClusterImpl-7d8e89df-ef81-4ba3-8c0c-8d2bb8f5309d/ozone-meta/datanode-5/ratis/8ef3bc64-5854-4584-910e-a7184706d343/sm/snapshot.1_24
2025-01-11 15:27:35,555 [fc60e07f-496f-42fe-ae82-620152583f87@group-A7184706D343-StateMachineUpdater] INFO  impl.StateMachineUpdater (StateMachineUpdater.java:takeSnapshot(303)) - fc60e07f-496f-42fe-ae82-620152583f87@group-A7184706D343-StateMachineUpdater: Took a snapshot at index 33
2025-01-11 15:27:35,555 [fc60e07f-496f-42fe-ae82-620152583f87@group-A7184706D343-StateMachineUpdater] INFO  impl.StateMachineUpdater (StateMachineUpdater.java:lambda$new$0(102)) - fc60e07f-496f-42fe-ae82-620152583f87@group-A7184706D343-StateMachineUpdater: snapshotIndex: updateIncreasingly 31 -> 33
2025-01-11 15:27:35,556 [grpc-default-executor-1] WARN  server.GrpcServerProtocolService (LogUtils.java:warn(123)) - a14cd1ab-7861-42f9-8639-15260a7193f0: Failed APPEND_ENTRIES request fc60e07f-496f-42fe-ae82-620152583f87->4ba790b6-f5d5-4c4e-97f5-f1f66fb5d3d4#9444-t1,previous=(t:1, i:25),leaderCommit=33,initializing? false,entries: size=8, first=(t:1, i:26), STATEMACHINELOGENTRY, WRITE: logData.size=154, stateMachineData.size=5, logEntryProtoSerializedSize=0
java.util.concurrent.CompletionException: org.apache.ratis.protocol.exceptions.GroupMismatchException: a14cd1ab-7861-42f9-8639-15260a7193f0: group-A7184706D343 not found.
	at java.base/java.util.concurrent.CompletableFuture.encodeThrowable(CompletableFuture.java:332)
	at java.base/java.util.concurrent.CompletableFuture.uniComposeStage(CompletableFuture.java:1177)
	at java.base/java.util.concurrent.CompletableFuture.thenCompose(CompletableFuture.java:2341)
	at org.apache.ratis.server.impl.RaftServerProxy.appendEntriesAsync(RaftServerProxy.java:645)
	at org.apache.ratis.grpc.server.GrpcServerProtocolService$1.process(GrpcServerProtocolService.java:229)
	at org.apache.ratis.grpc.server.GrpcServerProtocolService$1.process(GrpcServerProtocolService.java:226)
	at org.apache.ratis.grpc.server.GrpcServerProtocolService$ServerRequestStreamObserver.onNext(GrpcServerProtocolService.java:137)
	at org.apache.ratis.thirdparty.io.grpc.stub.ServerCalls$StreamingServerCallHandler$StreamingServerCallListener.onMessage(ServerCalls.java:262)
	at org.apache.ratis.thirdparty.io.grpc.internal.ServerCallImpl$ServerStreamListenerImpl.messagesAvailableInternal(ServerCallImpl.java:329)
	at org.apache.ratis.thirdparty.io.grpc.internal.ServerCallImpl$ServerStreamListenerImpl.messagesAvailable(ServerCallImpl.java:314)
	at org.apache.ratis.thirdparty.io.grpc.internal.ServerImpl$JumpToApplicationThreadServerStreamListener$1MessagesAvailable.runInContext(ServerImpl.java:833)
	at org.apache.ratis.thirdparty.io.grpc.internal.ContextRunnable.run(ContextRunnable.java:37)
	at org.apache.ratis.thirdparty.io.grpc.internal.SerializingExecutor.run(SerializingExecutor.java:133)
	at java.base/java.util.concurrent.ThreadPoolExecutor.runWorker(ThreadPoolExecutor.java:1144)
	at java.base/java.util.concurrent.ThreadPoolExecutor$Worker.run(ThreadPoolExecutor.java:642)
	at java.base/java.lang.Thread.run(Thread.java:1583)
Caused by: org.apache.ratis.protocol.exceptions.GroupMismatchException: a14cd1ab-7861-42f9-8639-15260a7193f0: group-A7184706D343 not found.
	at org.apache.ratis.server.impl.RaftServerProxy$ImplMap.get(RaftServerProxy.java:155)
	at org.apache.ratis.server.impl.RaftServerProxy.getImplFuture(RaftServerProxy.java:365)
	at org.apache.ratis.server.impl.RaftServerProxy.appendEntriesAsync(RaftServerProxy.java:644)
	... 12 more
2025-01-11 15:27:35,557 [grpc-default-executor-1] INFO  leader.LogAppender (LogAppenderBase.java:lambda$getNextIndexForError$0(215)) - Decrease nextIndex to 26
2025-01-11 15:27:35,557 [grpc-default-executor-1] INFO  leader.LogAppender (LogAppenderBase.java:lambda$getNextIndexForError$0(215)) - Decrease nextIndex to 26
2025-01-11 15:27:35,557 [grpc-default-executor-1] INFO  leader.FollowerInfo (FollowerInfoImpl.java:info(70)) - fc60e07f-496f-42fe-ae82-620152583f87@group-A7184706D343->4ba790b6-f5d5-4c4e-97f5-f1f66fb5d3d4: computeNextIndex nextIndex: updateUnconditionally 34 -> 26
2025-01-11 15:27:35,575 [EventQueue-PipelineReportForPipelineReportHandler] ERROR pipeline.PipelineReportHandler (PipelineReportHandler.java:onMessage(101)) - Could not process pipeline report=pipelineID {
  id: "45cc3e2a-c500-4acc-a03a-a9cccc3d9481"
  uuid128 {
    mostSigBits: 5029463237280680652
    leastSigBits: -6901016781926853503
  }
}
isLeader: false
bytesWritten: 0
 from dn=a14cd1ab-7861-42f9-8639-15260a7193f0(localhost/127.0.0.1).
java.io.IOException: Datanode=a14cd1ab-7861-42f9-8639-15260a7193f0(localhost/127.0.0.1) not part of pipeline=PipelineID=45cc3e2a-c500-4acc-a03a-a9cccc3d9481
	at org.apache.hadoop.hdds.scm.pipeline.Pipeline.reportDatanode(Pipeline.java:339)
	at org.apache.hadoop.hdds.scm.pipeline.PipelineReportHandler.setReportedDatanode(PipelineReportHandler.java:160)
	at org.apache.hadoop.hdds.scm.pipeline.PipelineReportHandler.processPipelineReport(PipelineReportHandler.java:135)
	at org.apache.hadoop.hdds.scm.pipeline.PipelineReportHandler.onMessage(PipelineReportHandler.java:94)
	at org.apache.hadoop.hdds.scm.pipeline.PipelineReportHandler.onMessage(PipelineReportHandler.java:53)
	at org.apache.hadoop.hdds.server.events.SingleThreadExecutor.lambda$onMessage$1(SingleThreadExecutor.java:86)
	at java.base/java.util.concurrent.ThreadPoolExecutor.runWorker(ThreadPoolExecutor.java:1144)
	at java.base/java.util.concurrent.ThreadPoolExecutor$Worker.run(ThreadPoolExecutor.java:642)
	at java.base/java.lang.Thread.run(Thread.java:1583)
2025-01-11 15:27:35,775 [EventQueue-PipelineReportForPipelineReportHandler] ERROR pipeline.PipelineReportHandler (PipelineReportHandler.java:onMessage(101)) - Could not process pipeline report=pipelineID {
  id: "45cc3e2a-c500-4acc-a03a-a9cccc3d9481"
  uuid128 {
    mostSigBits: 5029463237280680652
    leastSigBits: -6901016781926853503
  }
}
isLeader: false
bytesWritten: 0
 from dn=a14cd1ab-7861-42f9-8639-15260a7193f0(localhost/127.0.0.1).
java.io.IOException: Datanode=a14cd1ab-7861-42f9-8639-15260a7193f0(localhost/127.0.0.1) not part of pipeline=PipelineID=45cc3e2a-c500-4acc-a03a-a9cccc3d9481
	at org.apache.hadoop.hdds.scm.pipeline.Pipeline.reportDatanode(Pipeline.java:339)
	at org.apache.hadoop.hdds.scm.pipeline.PipelineReportHandler.setReportedDatanode(PipelineReportHandler.java:160)
	at org.apache.hadoop.hdds.scm.pipeline.PipelineReportHandler.processPipelineReport(PipelineReportHandler.java:135)
	at org.apache.hadoop.hdds.scm.pipeline.PipelineReportHandler.onMessage(PipelineReportHandler.java:94)
	at org.apache.hadoop.hdds.scm.pipeline.PipelineReportHandler.onMessage(PipelineReportHandler.java:53)
	at org.apache.hadoop.hdds.server.events.SingleThreadExecutor.lambda$onMessage$1(SingleThreadExecutor.java:86)
	at java.base/java.util.concurrent.ThreadPoolExecutor.runWorker(ThreadPoolExecutor.java:1144)
	at java.base/java.util.concurrent.ThreadPoolExecutor$Worker.run(ThreadPoolExecutor.java:642)
	at java.base/java.lang.Thread.run(Thread.java:1583)
2025-01-11 15:27:35,975 [EventQueue-PipelineReportForPipelineReportHandler] ERROR pipeline.PipelineReportHandler (PipelineReportHandler.java:onMessage(101)) - Could not process pipeline report=pipelineID {
  id: "45cc3e2a-c500-4acc-a03a-a9cccc3d9481"
  uuid128 {
    mostSigBits: 5029463237280680652
    leastSigBits: -6901016781926853503
  }
}
isLeader: false
bytesWritten: 0
 from dn=a14cd1ab-7861-42f9-8639-15260a7193f0(localhost/127.0.0.1).
java.io.IOException: Datanode=a14cd1ab-7861-42f9-8639-15260a7193f0(localhost/127.0.0.1) not part of pipeline=PipelineID=45cc3e2a-c500-4acc-a03a-a9cccc3d9481
	at org.apache.hadoop.hdds.scm.pipeline.Pipeline.reportDatanode(Pipeline.java:339)
	at org.apache.hadoop.hdds.scm.pipeline.PipelineReportHandler.setReportedDatanode(PipelineReportHandler.java:160)
	at org.apache.hadoop.hdds.scm.pipeline.PipelineReportHandler.processPipelineReport(PipelineReportHandler.java:135)
	at org.apache.hadoop.hdds.scm.pipeline.PipelineReportHandler.onMessage(PipelineReportHandler.java:94)
	at org.apache.hadoop.hdds.scm.pipeline.PipelineReportHandler.onMessage(PipelineReportHandler.java:53)
	at org.apache.hadoop.hdds.server.events.SingleThreadExecutor.lambda$onMessage$1(SingleThreadExecutor.java:86)
	at java.base/java.util.concurrent.ThreadPoolExecutor.runWorker(ThreadPoolExecutor.java:1144)
	at java.base/java.util.concurrent.ThreadPoolExecutor$Worker.run(ThreadPoolExecutor.java:642)
	at java.base/java.lang.Thread.run(Thread.java:1583)
2025-01-11 15:27:36,175 [EventQueue-PipelineReportForPipelineReportHandler] ERROR pipeline.PipelineReportHandler (PipelineReportHandler.java:onMessage(101)) - Could not process pipeline report=pipelineID {
  id: "45cc3e2a-c500-4acc-a03a-a9cccc3d9481"
  uuid128 {
    mostSigBits: 5029463237280680652
    leastSigBits: -6901016781926853503
  }
}
isLeader: false
bytesWritten: 0
 from dn=a14cd1ab-7861-42f9-8639-15260a7193f0(localhost/127.0.0.1).
java.io.IOException: Datanode=a14cd1ab-7861-42f9-8639-15260a7193f0(localhost/127.0.0.1) not part of pipeline=PipelineID=45cc3e2a-c500-4acc-a03a-a9cccc3d9481
	at org.apache.hadoop.hdds.scm.pipeline.Pipeline.reportDatanode(Pipeline.java:339)
	at org.apache.hadoop.hdds.scm.pipeline.PipelineReportHandler.setReportedDatanode(PipelineReportHandler.java:160)
	at org.apache.hadoop.hdds.scm.pipeline.PipelineReportHandler.processPipelineReport(PipelineReportHandler.java:135)
	at org.apache.hadoop.hdds.scm.pipeline.PipelineReportHandler.onMessage(PipelineReportHandler.java:94)
	at org.apache.hadoop.hdds.scm.pipeline.PipelineReportHandler.onMessage(PipelineReportHandler.java:53)
	at org.apache.hadoop.hdds.server.events.SingleThreadExecutor.lambda$onMessage$1(SingleThreadExecutor.java:86)
	at java.base/java.util.concurrent.ThreadPoolExecutor.runWorker(ThreadPoolExecutor.java:1144)
	at java.base/java.util.concurrent.ThreadPoolExecutor$Worker.run(ThreadPoolExecutor.java:642)
	at java.base/java.lang.Thread.run(Thread.java:1583)
2025-01-11 15:27:36,375 [EventQueue-PipelineReportForPipelineReportHandler] ERROR pipeline.PipelineReportHandler (PipelineReportHandler.java:onMessage(101)) - Could not process pipeline report=pipelineID {
  id: "45cc3e2a-c500-4acc-a03a-a9cccc3d9481"
  uuid128 {
    mostSigBits: 5029463237280680652
    leastSigBits: -6901016781926853503
  }
}
isLeader: false
bytesWritten: 0
 from dn=a14cd1ab-7861-42f9-8639-15260a7193f0(localhost/127.0.0.1).
java.io.IOException: Datanode=a14cd1ab-7861-42f9-8639-15260a7193f0(localhost/127.0.0.1) not part of pipeline=PipelineID=45cc3e2a-c500-4acc-a03a-a9cccc3d9481
	at org.apache.hadoop.hdds.scm.pipeline.Pipeline.reportDatanode(Pipeline.java:339)
	at org.apache.hadoop.hdds.scm.pipeline.PipelineReportHandler.setReportedDatanode(PipelineReportHandler.java:160)
	at org.apache.hadoop.hdds.scm.pipeline.PipelineReportHandler.processPipelineReport(PipelineReportHandler.java:135)
	at org.apache.hadoop.hdds.scm.pipeline.PipelineReportHandler.onMessage(PipelineReportHandler.java:94)
	at org.apache.hadoop.hdds.scm.pipeline.PipelineReportHandler.onMessage(PipelineReportHandler.java:53)
	at org.apache.hadoop.hdds.server.events.SingleThreadExecutor.lambda$onMessage$1(SingleThreadExecutor.java:86)
	at java.base/java.util.concurrent.ThreadPoolExecutor.runWorker(ThreadPoolExecutor.java:1144)
	at java.base/java.util.concurrent.ThreadPoolExecutor$Worker.run(ThreadPoolExecutor.java:642)
	at java.base/java.lang.Thread.run(Thread.java:1583)
2025-01-11 15:27:36,564 [grpc-default-executor-11] WARN  server.GrpcServerProtocolService (LogUtils.java:warn(123)) - a14cd1ab-7861-42f9-8639-15260a7193f0: Failed APPEND_ENTRIES request fc60e07f-496f-42fe-ae82-620152583f87->4ba790b6-f5d5-4c4e-97f5-f1f66fb5d3d4#9445-t1,previous=(t:1, i:25),leaderCommit=33,initializing? false,entries: size=9, first=(t:1, i:26), STATEMACHINELOGENTRY, WRITE: logData.size=154, stateMachineData.size=5, logEntryProtoSerializedSize=0
java.util.concurrent.CompletionException: org.apache.ratis.protocol.exceptions.GroupMismatchException: a14cd1ab-7861-42f9-8639-15260a7193f0: group-A7184706D343 not found.
	at java.base/java.util.concurrent.CompletableFuture.encodeThrowable(CompletableFuture.java:332)
	at java.base/java.util.concurrent.CompletableFuture.uniComposeStage(CompletableFuture.java:1177)
	at java.base/java.util.concurrent.CompletableFuture.thenCompose(CompletableFuture.java:2341)
	at org.apache.ratis.server.impl.RaftServerProxy.appendEntriesAsync(RaftServerProxy.java:645)
	at org.apache.ratis.grpc.server.GrpcServerProtocolService$1.process(GrpcServerProtocolService.java:229)
	at org.apache.ratis.grpc.server.GrpcServerProtocolService$1.process(GrpcServerProtocolService.java:226)
	at org.apache.ratis.grpc.server.GrpcServerProtocolService$ServerRequestStreamObserver.onNext(GrpcServerProtocolService.java:137)
	at org.apache.ratis.thirdparty.io.grpc.stub.ServerCalls$StreamingServerCallHandler$StreamingServerCallListener.onMessage(ServerCalls.java:262)
	at org.apache.ratis.thirdparty.io.grpc.internal.ServerCallImpl$ServerStreamListenerImpl.messagesAvailableInternal(ServerCallImpl.java:329)
	at org.apache.ratis.thirdparty.io.grpc.internal.ServerCallImpl$ServerStreamListenerImpl.messagesAvailable(ServerCallImpl.java:314)
	at org.apache.ratis.thirdparty.io.grpc.internal.ServerImpl$JumpToApplicationThreadServerStreamListener$1MessagesAvailable.runInContext(ServerImpl.java:833)
	at org.apache.ratis.thirdparty.io.grpc.internal.ContextRunnable.run(ContextRunnable.java:37)
	at org.apache.ratis.thirdparty.io.grpc.internal.SerializingExecutor.run(SerializingExecutor.java:133)
	at java.base/java.util.concurrent.ThreadPoolExecutor.runWorker(ThreadPoolExecutor.java:1144)
	at java.base/java.util.concurrent.ThreadPoolExecutor$Worker.run(ThreadPoolExecutor.java:642)
	at java.base/java.lang.Thread.run(Thread.java:1583)
Caused by: org.apache.ratis.protocol.exceptions.GroupMismatchException: a14cd1ab-7861-42f9-8639-15260a7193f0: group-A7184706D343 not found.
	at org.apache.ratis.server.impl.RaftServerProxy$ImplMap.get(RaftServerProxy.java:155)
	at org.apache.ratis.server.impl.RaftServerProxy.getImplFuture(RaftServerProxy.java:365)
	at org.apache.ratis.server.impl.RaftServerProxy.appendEntriesAsync(RaftServerProxy.java:644)
	... 12 more
2025-01-11 15:27:36,564 [84b435bb-d41b-4758-bf48-ce9052c81d4a@group-A7184706D343-StateMachineUpdater] INFO  ratis.ContainerStateMachine (ContainerStateMachine.java:takeSnapshot(378)) - group-A7184706D343: Taking a snapshot at:(t:1, i:33) file /home/runner/work/ozone/ozone/hadoop-ozone/integration-test/target/test-dir/MiniOzoneClusterImpl-7d8e89df-ef81-4ba3-8c0c-8d2bb8f5309d/ozone-meta/datanode-6/ratis/8ef3bc64-5854-4584-910e-a7184706d343/sm/snapshot.1_33
2025-01-11 15:27:36,565 [84b435bb-d41b-4758-bf48-ce9052c81d4a@group-A7184706D343-StateMachineUpdater] INFO  ratis.ContainerStateMachine (ContainerStateMachine.java:takeSnapshot(389)) - group-A7184706D343: Finished taking a snapshot at:(t:1, i:33) file:/home/runner/work/ozone/ozone/hadoop-ozone/integration-test/target/test-dir/MiniOzoneClusterImpl-7d8e89df-ef81-4ba3-8c0c-8d2bb8f5309d/ozone-meta/datanode-6/ratis/8ef3bc64-5854-4584-910e-a7184706d343/sm/snapshot.1_33 took: 2 ms
2025-01-11 15:27:36,566 [84b435bb-d41b-4758-bf48-ce9052c81d4a@group-A7184706D343-StateMachineUpdater] INFO  impl.SimpleStateMachineStorage (SimpleStateMachineStorage.java:lambda$cleanupOldSnapshots$1(126)) - Deleting old snapshot at /home/runner/work/ozone/ozone/hadoop-ozone/integration-test/target/test-dir/MiniOzoneClusterImpl-7d8e89df-ef81-4ba3-8c0c-8d2bb8f5309d/ozone-meta/datanode-6/ratis/8ef3bc64-5854-4584-910e-a7184706d343/sm/snapshot.1_21
2025-01-11 15:27:36,566 [grpc-default-executor-1] INFO  leader.LogAppender (LogAppenderBase.java:lambda$getNextIndexForError$0(215)) - Decrease nextIndex to 26
2025-01-11 15:27:36,566 [grpc-default-executor-1] INFO  leader.LogAppender (LogAppenderBase.java:lambda$getNextIndexForError$0(215)) - Decrease nextIndex to 26
2025-01-11 15:27:36,566 [84b435bb-d41b-4758-bf48-ce9052c81d4a@group-A7184706D343-StateMachineUpdater] INFO  impl.StateMachineUpdater (StateMachineUpdater.java:takeSnapshot(303)) - 84b435bb-d41b-4758-bf48-ce9052c81d4a@group-A7184706D343-StateMachineUpdater: Took a snapshot at index 33
2025-01-11 15:27:36,566 [84b435bb-d41b-4758-bf48-ce9052c81d4a@group-A7184706D343-StateMachineUpdater] INFO  impl.StateMachineUpdater (StateMachineUpdater.java:lambda$new$0(102)) - 84b435bb-d41b-4758-bf48-ce9052c81d4a@group-A7184706D343-StateMachineUpdater: snapshotIndex: updateIncreasingly 29 -> 33
2025-01-11 15:27:36,566 [grpc-default-executor-1] INFO  leader.FollowerInfo (FollowerInfoImpl.java:info(70)) - fc60e07f-496f-42fe-ae82-620152583f87@group-A7184706D343->4ba790b6-f5d5-4c4e-97f5-f1f66fb5d3d4: computeNextIndex nextIndex: updateUnconditionally 35 -> 26
2025-01-11 15:27:36,570 [fc60e07f-496f-42fe-ae82-620152583f87@group-A7184706D343-StateMachineUpdater] INFO  ratis.ContainerStateMachine (ContainerStateMachine.java:takeSnapshot(378)) - group-A7184706D343: Taking a snapshot at:(t:1, i:36) file /home/runner/work/ozone/ozone/hadoop-ozone/integration-test/target/test-dir/MiniOzoneClusterImpl-7d8e89df-ef81-4ba3-8c0c-8d2bb8f5309d/ozone-meta/datanode-5/ratis/8ef3bc64-5854-4584-910e-a7184706d343/sm/snapshot.1_36
2025-01-11 15:27:36,571 [fc60e07f-496f-42fe-ae82-620152583f87@group-A7184706D343-StateMachineUpdater] INFO  ratis.ContainerStateMachine (ContainerStateMachine.java:takeSnapshot(389)) - group-A7184706D343: Finished taking a snapshot at:(t:1, i:36) file:/home/runner/work/ozone/ozone/hadoop-ozone/integration-test/target/test-dir/MiniOzoneClusterImpl-7d8e89df-ef81-4ba3-8c0c-8d2bb8f5309d/ozone-meta/datanode-5/ratis/8ef3bc64-5854-4584-910e-a7184706d343/sm/snapshot.1_36 took: 0 ms
2025-01-11 15:27:36,571 [fc60e07f-496f-42fe-ae82-620152583f87@group-A7184706D343-StateMachineUpdater] INFO  impl.SimpleStateMachineStorage (SimpleStateMachineStorage.java:lambda$cleanupOldSnapshots$1(126)) - Deleting old snapshot at /home/runner/work/ozone/ozone/hadoop-ozone/integration-test/target/test-dir/MiniOzoneClusterImpl-7d8e89df-ef81-4ba3-8c0c-8d2bb8f5309d/ozone-meta/datanode-5/ratis/8ef3bc64-5854-4584-910e-a7184706d343/sm/snapshot.1_25
2025-01-11 15:27:36,571 [fc60e07f-496f-42fe-ae82-620152583f87@group-A7184706D343-StateMachineUpdater] INFO  impl.StateMachineUpdater (StateMachineUpdater.java:takeSnapshot(303)) - fc60e07f-496f-42fe-ae82-620152583f87@group-A7184706D343-StateMachineUpdater: Took a snapshot at index 36
2025-01-11 15:27:36,571 [fc60e07f-496f-42fe-ae82-620152583f87@group-A7184706D343-StateMachineUpdater] INFO  impl.StateMachineUpdater (StateMachineUpdater.java:lambda$new$0(102)) - fc60e07f-496f-42fe-ae82-620152583f87@group-A7184706D343-StateMachineUpdater: snapshotIndex: updateIncreasingly 33 -> 36
2025-01-11 15:27:36,572 [fc60e07f-496f-42fe-ae82-620152583f87@group-A7184706D343-StateMachineUpdater] INFO  ratis.ContainerStateMachine (ContainerStateMachine.java:takeSnapshot(378)) - group-A7184706D343: Taking a snapshot at:(t:1, i:37) file /home/runner/work/ozone/ozone/hadoop-ozone/integration-test/target/test-dir/MiniOzoneClusterImpl-7d8e89df-ef81-4ba3-8c0c-8d2bb8f5309d/ozone-meta/datanode-5/ratis/8ef3bc64-5854-4584-910e-a7184706d343/sm/snapshot.1_37
2025-01-11 15:27:36,574 [84b435bb-d41b-4758-bf48-ce9052c81d4a@group-A7184706D343-StateMachineUpdater] INFO  ratis.ContainerStateMachine (ContainerStateMachine.java:takeSnapshot(378)) - group-A7184706D343: Taking a snapshot at:(t:1, i:36) file /home/runner/work/ozone/ozone/hadoop-ozone/integration-test/target/test-dir/MiniOzoneClusterImpl-7d8e89df-ef81-4ba3-8c0c-8d2bb8f5309d/ozone-meta/datanode-6/ratis/8ef3bc64-5854-4584-910e-a7184706d343/sm/snapshot.1_36
2025-01-11 15:27:36,574 [grpc-default-executor-12] WARN  server.GrpcServerProtocolService (LogUtils.java:warn(123)) - a14cd1ab-7861-42f9-8639-15260a7193f0: Failed APPEND_ENTRIES request fc60e07f-496f-42fe-ae82-620152583f87->4ba790b6-f5d5-4c4e-97f5-f1f66fb5d3d4#9448-t1,previous=(t:1, i:25),leaderCommit=36,initializing? false,entries: size=11, first=(t:1, i:26), STATEMACHINELOGENTRY, WRITE: logData.size=154, stateMachineData.size=5, logEntryProtoSerializedSize=0
java.util.concurrent.CompletionException: org.apache.ratis.protocol.exceptions.GroupMismatchException: a14cd1ab-7861-42f9-8639-15260a7193f0: group-A7184706D343 not found.
	at java.base/java.util.concurrent.CompletableFuture.encodeThrowable(CompletableFuture.java:332)
	at java.base/java.util.concurrent.CompletableFuture.uniComposeStage(CompletableFuture.java:1177)
	at java.base/java.util.concurrent.CompletableFuture.thenCompose(CompletableFuture.java:2341)
	at org.apache.ratis.server.impl.RaftServerProxy.appendEntriesAsync(RaftServerProxy.java:645)
	at org.apache.ratis.grpc.server.GrpcServerProtocolService$1.process(GrpcServerProtocolService.java:229)
	at org.apache.ratis.grpc.server.GrpcServerProtocolService$1.process(GrpcServerProtocolService.java:226)
	at org.apache.ratis.grpc.server.GrpcServerProtocolService$ServerRequestStreamObserver.onNext(GrpcServerProtocolService.java:137)
	at org.apache.ratis.thirdparty.io.grpc.stub.ServerCalls$StreamingServerCallHandler$StreamingServerCallListener.onMessage(ServerCalls.java:262)
	at org.apache.ratis.thirdparty.io.grpc.internal.ServerCallImpl$ServerStreamListenerImpl.messagesAvailableInternal(ServerCallImpl.java:329)
	at org.apache.ratis.thirdparty.io.grpc.internal.ServerCallImpl$ServerStreamListenerImpl.messagesAvailable(ServerCallImpl.java:314)
	at org.apache.ratis.thirdparty.io.grpc.internal.ServerImpl$JumpToApplicationThreadServerStreamListener$1MessagesAvailable.runInContext(ServerImpl.java:833)
	at org.apache.ratis.thirdparty.io.grpc.internal.ContextRunnable.run(ContextRunnable.java:37)
	at org.apache.ratis.thirdparty.io.grpc.internal.SerializingExecutor.run(SerializingExecutor.java:133)
	at java.base/java.util.concurrent.ThreadPoolExecutor.runWorker(ThreadPoolExecutor.java:1144)
	at java.base/java.util.concurrent.ThreadPoolExecutor$Worker.run(ThreadPoolExecutor.java:642)
	at java.base/java.lang.Thread.run(Thread.java:1583)
Caused by: org.apache.ratis.protocol.exceptions.GroupMismatchException: a14cd1ab-7861-42f9-8639-15260a7193f0: group-A7184706D343 not found.
	at org.apache.ratis.server.impl.RaftServerProxy$ImplMap.get(RaftServerProxy.java:155)
	at org.apache.ratis.server.impl.RaftServerProxy.getImplFuture(RaftServerProxy.java:365)
	at org.apache.ratis.server.impl.RaftServerProxy.appendEntriesAsync(RaftServerProxy.java:644)
	... 12 more
2025-01-11 15:27:36,575 [84b435bb-d41b-4758-bf48-ce9052c81d4a@group-A7184706D343-StateMachineUpdater] INFO  ratis.ContainerStateMachine (ContainerStateMachine.java:takeSnapshot(389)) - group-A7184706D343: Finished taking a snapshot at:(t:1, i:36) file:/home/runner/work/ozone/ozone/hadoop-ozone/integration-test/target/test-dir/MiniOzoneClusterImpl-7d8e89df-ef81-4ba3-8c0c-8d2bb8f5309d/ozone-meta/datanode-6/ratis/8ef3bc64-5854-4584-910e-a7184706d343/sm/snapshot.1_36 took: 1 ms
2025-01-11 15:27:36,575 [fc60e07f-496f-42fe-ae82-620152583f87@group-A7184706D343-StateMachineUpdater] INFO  ratis.ContainerStateMachine (ContainerStateMachine.java:takeSnapshot(389)) - group-A7184706D343: Finished taking a snapshot at:(t:1, i:37) file:/home/runner/work/ozone/ozone/hadoop-ozone/integration-test/target/test-dir/MiniOzoneClusterImpl-7d8e89df-ef81-4ba3-8c0c-8d2bb8f5309d/ozone-meta/datanode-5/ratis/8ef3bc64-5854-4584-910e-a7184706d343/sm/snapshot.1_37 took: 2 ms
2025-01-11 15:27:36,575 [84b435bb-d41b-4758-bf48-ce9052c81d4a@group-A7184706D343-StateMachineUpdater] INFO  impl.SimpleStateMachineStorage (SimpleStateMachineStorage.java:lambda$cleanupOldSnapshots$1(126)) - Deleting old snapshot at /home/runner/work/ozone/ozone/hadoop-ozone/integration-test/target/test-dir/MiniOzoneClusterImpl-7d8e89df-ef81-4ba3-8c0c-8d2bb8f5309d/ozone-meta/datanode-6/ratis/8ef3bc64-5854-4584-910e-a7184706d343/sm/snapshot.1_24
2025-01-11 15:27:36,575 [fc60e07f-496f-42fe-ae82-620152583f87@group-A7184706D343-StateMachineUpdater] INFO  impl.SimpleStateMachineStorage (SimpleStateMachineStorage.java:lambda$cleanupOldSnapshots$1(126)) - Deleting old snapshot at /home/runner/work/ozone/ozone/hadoop-ozone/integration-test/target/test-dir/MiniOzoneClusterImpl-7d8e89df-ef81-4ba3-8c0c-8d2bb8f5309d/ozone-meta/datanode-5/ratis/8ef3bc64-5854-4584-910e-a7184706d343/sm/snapshot.1_27
2025-01-11 15:27:36,575 [84b435bb-d41b-4758-bf48-ce9052c81d4a@group-A7184706D343-StateMachineUpdater] INFO  impl.StateMachineUpdater (StateMachineUpdater.java:takeSnapshot(303)) - 84b435bb-d41b-4758-bf48-ce9052c81d4a@group-A7184706D343-StateMachineUpdater: Took a snapshot at index 36
2025-01-11 15:27:36,575 [fc60e07f-496f-42fe-ae82-620152583f87@group-A7184706D343-StateMachineUpdater] INFO  impl.StateMachineUpdater (StateMachineUpdater.java:takeSnapshot(303)) - fc60e07f-496f-42fe-ae82-620152583f87@group-A7184706D343-StateMachineUpdater: Took a snapshot at index 37
2025-01-11 15:27:36,575 [fc60e07f-496f-42fe-ae82-620152583f87@group-A7184706D343-StateMachineUpdater] INFO  impl.StateMachineUpdater (StateMachineUpdater.java:lambda$new$0(102)) - fc60e07f-496f-42fe-ae82-620152583f87@group-A7184706D343-StateMachineUpdater: snapshotIndex: updateIncreasingly 36 -> 37
2025-01-11 15:27:36,575 [84b435bb-d41b-4758-bf48-ce9052c81d4a@group-A7184706D343-StateMachineUpdater] INFO  impl.StateMachineUpdater (StateMachineUpdater.java:lambda$new$0(102)) - 84b435bb-d41b-4758-bf48-ce9052c81d4a@group-A7184706D343-StateMachineUpdater: snapshotIndex: updateIncreasingly 33 -> 36
2025-01-11 15:27:36,576 [EventQueue-PipelineReportForPipelineReportHandler] ERROR pipeline.PipelineReportHandler (PipelineReportHandler.java:onMessage(101)) - Could not process pipeline report=pipelineID {
  id: "45cc3e2a-c500-4acc-a03a-a9cccc3d9481"
  uuid128 {
    mostSigBits: 5029463237280680652
    leastSigBits: -6901016781926853503
  }
}
isLeader: false
bytesWritten: 0
 from dn=a14cd1ab-7861-42f9-8639-15260a7193f0(localhost/127.0.0.1).
java.io.IOException: Datanode=a14cd1ab-7861-42f9-8639-15260a7193f0(localhost/127.0.0.1) not part of pipeline=PipelineID=45cc3e2a-c500-4acc-a03a-a9cccc3d9481
	at org.apache.hadoop.hdds.scm.pipeline.Pipeline.reportDatanode(Pipeline.java:339)
	at org.apache.hadoop.hdds.scm.pipeline.PipelineReportHandler.setReportedDatanode(PipelineReportHandler.java:160)
	at org.apache.hadoop.hdds.scm.pipeline.PipelineReportHandler.processPipelineReport(PipelineReportHandler.java:135)
	at org.apache.hadoop.hdds.scm.pipeline.PipelineReportHandler.onMessage(PipelineReportHandler.java:94)
	at org.apache.hadoop.hdds.scm.pipeline.PipelineReportHandler.onMessage(PipelineReportHandler.java:53)
	at org.apache.hadoop.hdds.server.events.SingleThreadExecutor.lambda$onMessage$1(SingleThreadExecutor.java:86)
	at java.base/java.util.concurrent.ThreadPoolExecutor.runWorker(ThreadPoolExecutor.java:1144)
	at java.base/java.util.concurrent.ThreadPoolExecutor$Worker.run(ThreadPoolExecutor.java:642)
	at java.base/java.lang.Thread.run(Thread.java:1583)
2025-01-11 15:27:36,576 [grpc-default-executor-11] INFO  leader.LogAppender (LogAppenderBase.java:lambda$getNextIndexForError$0(215)) - Decrease nextIndex to 26
2025-01-11 15:27:36,576 [grpc-default-executor-11] INFO  leader.LogAppender (LogAppenderBase.java:lambda$getNextIndexForError$0(215)) - Decrease nextIndex to 26
2025-01-11 15:27:36,577 [grpc-default-executor-11] INFO  leader.FollowerInfo (FollowerInfoImpl.java:info(70)) - fc60e07f-496f-42fe-ae82-620152583f87@group-A7184706D343->4ba790b6-f5d5-4c4e-97f5-f1f66fb5d3d4: computeNextIndex nextIndex: updateUnconditionally 37 -> 26
2025-01-11 15:27:36,699 [timer3] WARN  server.GrpcLogAppender (GrpcLogAppender.java:timeoutAppendRequest(441)) - 84b435bb-d41b-4758-bf48-ce9052c81d4a@group-B0CD692FEFE8->4ba790b6-f5d5-4c4e-97f5-f1f66fb5d3d4-GrpcLogAppender: Timed out HEARTBEAT appendEntries, errorCount=59, request=AppendEntriesRequest:cid=9328,entriesCount=0
2025-01-11 15:27:36,776 [EventQueue-PipelineReportForPipelineReportHandler] ERROR pipeline.PipelineReportHandler (PipelineReportHandler.java:onMessage(101)) - Could not process pipeline report=pipelineID {
  id: "45cc3e2a-c500-4acc-a03a-a9cccc3d9481"
  uuid128 {
    mostSigBits: 5029463237280680652
    leastSigBits: -6901016781926853503
  }
}
isLeader: false
bytesWritten: 0
 from dn=a14cd1ab-7861-42f9-8639-15260a7193f0(localhost/127.0.0.1).
java.io.IOException: Datanode=a14cd1ab-7861-42f9-8639-15260a7193f0(localhost/127.0.0.1) not part of pipeline=PipelineID=45cc3e2a-c500-4acc-a03a-a9cccc3d9481
	at org.apache.hadoop.hdds.scm.pipeline.Pipeline.reportDatanode(Pipeline.java:339)
	at org.apache.hadoop.hdds.scm.pipeline.PipelineReportHandler.setReportedDatanode(PipelineReportHandler.java:160)
	at org.apache.hadoop.hdds.scm.pipeline.PipelineReportHandler.processPipelineReport(PipelineReportHandler.java:135)
	at org.apache.hadoop.hdds.scm.pipeline.PipelineReportHandler.onMessage(PipelineReportHandler.java:94)
	at org.apache.hadoop.hdds.scm.pipeline.PipelineReportHandler.onMessage(PipelineReportHandler.java:53)
	at org.apache.hadoop.hdds.server.events.SingleThreadExecutor.lambda$onMessage$1(SingleThreadExecutor.java:86)
	at java.base/java.util.concurrent.ThreadPoolExecutor.runWorker(ThreadPoolExecutor.java:1144)
	at java.base/java.util.concurrent.ThreadPoolExecutor$Worker.run(ThreadPoolExecutor.java:642)
	at java.base/java.lang.Thread.run(Thread.java:1583)
2025-01-11 15:27:36,976 [EventQueue-PipelineReportForPipelineReportHandler] ERROR pipeline.PipelineReportHandler (PipelineReportHandler.java:onMessage(101)) - Could not process pipeline report=pipelineID {
  id: "45cc3e2a-c500-4acc-a03a-a9cccc3d9481"
  uuid128 {
    mostSigBits: 5029463237280680652
    leastSigBits: -6901016781926853503
  }
}
isLeader: false
bytesWritten: 0
 from dn=a14cd1ab-7861-42f9-8639-15260a7193f0(localhost/127.0.0.1).
java.io.IOException: Datanode=a14cd1ab-7861-42f9-8639-15260a7193f0(localhost/127.0.0.1) not part of pipeline=PipelineID=45cc3e2a-c500-4acc-a03a-a9cccc3d9481
	at org.apache.hadoop.hdds.scm.pipeline.Pipeline.reportDatanode(Pipeline.java:339)
	at org.apache.hadoop.hdds.scm.pipeline.PipelineReportHandler.setReportedDatanode(PipelineReportHandler.java:160)
	at org.apache.hadoop.hdds.scm.pipeline.PipelineReportHandler.processPipelineReport(PipelineReportHandler.java:135)
	at org.apache.hadoop.hdds.scm.pipeline.PipelineReportHandler.onMessage(PipelineReportHandler.java:94)
	at org.apache.hadoop.hdds.scm.pipeline.PipelineReportHandler.onMessage(PipelineReportHandler.java:53)
	at org.apache.hadoop.hdds.server.events.SingleThreadExecutor.lambda$onMessage$1(SingleThreadExecutor.java:86)
	at java.base/java.util.concurrent.ThreadPoolExecutor.runWorker(ThreadPoolExecutor.java:1144)
	at java.base/java.util.concurrent.ThreadPoolExecutor$Worker.run(ThreadPoolExecutor.java:642)
	at java.base/java.lang.Thread.run(Thread.java:1583)
2025-01-11 15:27:37,176 [EventQueue-PipelineReportForPipelineReportHandler] ERROR pipeline.PipelineReportHandler (PipelineReportHandler.java:onMessage(101)) - Could not process pipeline report=pipelineID {
  id: "45cc3e2a-c500-4acc-a03a-a9cccc3d9481"
  uuid128 {
    mostSigBits: 5029463237280680652
    leastSigBits: -6901016781926853503
  }
}
isLeader: false
bytesWritten: 0
 from dn=a14cd1ab-7861-42f9-8639-15260a7193f0(localhost/127.0.0.1).
java.io.IOException: Datanode=a14cd1ab-7861-42f9-8639-15260a7193f0(localhost/127.0.0.1) not part of pipeline=PipelineID=45cc3e2a-c500-4acc-a03a-a9cccc3d9481
	at org.apache.hadoop.hdds.scm.pipeline.Pipeline.reportDatanode(Pipeline.java:339)
	at org.apache.hadoop.hdds.scm.pipeline.PipelineReportHandler.setReportedDatanode(PipelineReportHandler.java:160)
	at org.apache.hadoop.hdds.scm.pipeline.PipelineReportHandler.processPipelineReport(PipelineReportHandler.java:135)
	at org.apache.hadoop.hdds.scm.pipeline.PipelineReportHandler.onMessage(PipelineReportHandler.java:94)
	at org.apache.hadoop.hdds.scm.pipeline.PipelineReportHandler.onMessage(PipelineReportHandler.java:53)
	at org.apache.hadoop.hdds.server.events.SingleThreadExecutor.lambda$onMessage$1(SingleThreadExecutor.java:86)
	at java.base/java.util.concurrent.ThreadPoolExecutor.runWorker(ThreadPoolExecutor.java:1144)
	at java.base/java.util.concurrent.ThreadPoolExecutor$Worker.run(ThreadPoolExecutor.java:642)
	at java.base/java.lang.Thread.run(Thread.java:1583)
2025-01-11 15:27:37,575 [EventQueue-PipelineReportForPipelineReportHandler] ERROR pipeline.PipelineReportHandler (PipelineReportHandler.java:onMessage(101)) - Could not process pipeline report=pipelineID {
  id: "45cc3e2a-c500-4acc-a03a-a9cccc3d9481"
  uuid128 {
    mostSigBits: 5029463237280680652
    leastSigBits: -6901016781926853503
  }
}
isLeader: false
bytesWritten: 0
 from dn=a14cd1ab-7861-42f9-8639-15260a7193f0(localhost/127.0.0.1).
java.io.IOException: Datanode=a14cd1ab-7861-42f9-8639-15260a7193f0(localhost/127.0.0.1) not part of pipeline=PipelineID=45cc3e2a-c500-4acc-a03a-a9cccc3d9481
	at org.apache.hadoop.hdds.scm.pipeline.Pipeline.reportDatanode(Pipeline.java:339)
	at org.apache.hadoop.hdds.scm.pipeline.PipelineReportHandler.setReportedDatanode(PipelineReportHandler.java:160)
	at org.apache.hadoop.hdds.scm.pipeline.PipelineReportHandler.processPipelineReport(PipelineReportHandler.java:135)
	at org.apache.hadoop.hdds.scm.pipeline.PipelineReportHandler.onMessage(PipelineReportHandler.java:94)
	at org.apache.hadoop.hdds.scm.pipeline.PipelineReportHandler.onMessage(PipelineReportHandler.java:53)
	at org.apache.hadoop.hdds.server.events.SingleThreadExecutor.lambda$onMessage$1(SingleThreadExecutor.java:86)
	at java.base/java.util.concurrent.ThreadPoolExecutor.runWorker(ThreadPoolExecutor.java:1144)
	at java.base/java.util.concurrent.ThreadPoolExecutor$Worker.run(ThreadPoolExecutor.java:642)
	at java.base/java.lang.Thread.run(Thread.java:1583)
2025-01-11 15:27:37,776 [EventQueue-PipelineReportForPipelineReportHandler] ERROR pipeline.PipelineReportHandler (PipelineReportHandler.java:onMessage(101)) - Could not process pipeline report=pipelineID {
  id: "45cc3e2a-c500-4acc-a03a-a9cccc3d9481"
  uuid128 {
    mostSigBits: 5029463237280680652
    leastSigBits: -6901016781926853503
  }
}
isLeader: false
bytesWritten: 0
 from dn=a14cd1ab-7861-42f9-8639-15260a7193f0(localhost/127.0.0.1).
java.io.IOException: Datanode=a14cd1ab-7861-42f9-8639-15260a7193f0(localhost/127.0.0.1) not part of pipeline=PipelineID=45cc3e2a-c500-4acc-a03a-a9cccc3d9481
	at org.apache.hadoop.hdds.scm.pipeline.Pipeline.reportDatanode(Pipeline.java:339)
	at org.apache.hadoop.hdds.scm.pipeline.PipelineReportHandler.setReportedDatanode(PipelineReportHandler.java:160)
	at org.apache.hadoop.hdds.scm.pipeline.PipelineReportHandler.processPipelineReport(PipelineReportHandler.java:135)
	at org.apache.hadoop.hdds.scm.pipeline.PipelineReportHandler.onMessage(PipelineReportHandler.java:94)
	at org.apache.hadoop.hdds.scm.pipeline.PipelineReportHandler.onMessage(PipelineReportHandler.java:53)
	at org.apache.hadoop.hdds.server.events.SingleThreadExecutor.lambda$onMessage$1(SingleThreadExecutor.java:86)
	at java.base/java.util.concurrent.ThreadPoolExecutor.runWorker(ThreadPoolExecutor.java:1144)
	at java.base/java.util.concurrent.ThreadPoolExecutor$Worker.run(ThreadPoolExecutor.java:642)
	at java.base/java.lang.Thread.run(Thread.java:1583)
2025-01-11 15:27:37,976 [EventQueue-PipelineReportForPipelineReportHandler] ERROR pipeline.PipelineReportHandler (PipelineReportHandler.java:onMessage(101)) - Could not process pipeline report=pipelineID {
  id: "45cc3e2a-c500-4acc-a03a-a9cccc3d9481"
  uuid128 {
    mostSigBits: 5029463237280680652
    leastSigBits: -6901016781926853503
  }
}
isLeader: false
bytesWritten: 0
 from dn=a14cd1ab-7861-42f9-8639-15260a7193f0(localhost/127.0.0.1).
java.io.IOException: Datanode=a14cd1ab-7861-42f9-8639-15260a7193f0(localhost/127.0.0.1) not part of pipeline=PipelineID=45cc3e2a-c500-4acc-a03a-a9cccc3d9481
	at org.apache.hadoop.hdds.scm.pipeline.Pipeline.reportDatanode(Pipeline.java:339)
	at org.apache.hadoop.hdds.scm.pipeline.PipelineReportHandler.setReportedDatanode(PipelineReportHandler.java:160)
	at org.apache.hadoop.hdds.scm.pipeline.PipelineReportHandler.processPipelineReport(PipelineReportHandler.java:135)
	at org.apache.hadoop.hdds.scm.pipeline.PipelineReportHandler.onMessage(PipelineReportHandler.java:94)
	at org.apache.hadoop.hdds.scm.pipeline.PipelineReportHandler.onMessage(PipelineReportHandler.java:53)
	at org.apache.hadoop.hdds.server.events.SingleThreadExecutor.lambda$onMessage$1(SingleThreadExecutor.java:86)
	at java.base/java.util.concurrent.ThreadPoolExecutor.runWorker(ThreadPoolExecutor.java:1144)
	at java.base/java.util.concurrent.ThreadPoolExecutor$Worker.run(ThreadPoolExecutor.java:642)
	at java.base/java.lang.Thread.run(Thread.java:1583)
2025-01-11 15:27:38,176 [EventQueue-PipelineReportForPipelineReportHandler] ERROR pipeline.PipelineReportHandler (PipelineReportHandler.java:onMessage(101)) - Could not process pipeline report=pipelineID {
  id: "45cc3e2a-c500-4acc-a03a-a9cccc3d9481"
  uuid128 {
    mostSigBits: 5029463237280680652
    leastSigBits: -6901016781926853503
  }
}
isLeader: false
bytesWritten: 0
 from dn=a14cd1ab-7861-42f9-8639-15260a7193f0(localhost/127.0.0.1).
java.io.IOException: Datanode=a14cd1ab-7861-42f9-8639-15260a7193f0(localhost/127.0.0.1) not part of pipeline=PipelineID=45cc3e2a-c500-4acc-a03a-a9cccc3d9481
	at org.apache.hadoop.hdds.scm.pipeline.Pipeline.reportDatanode(Pipeline.java:339)
	at org.apache.hadoop.hdds.scm.pipeline.PipelineReportHandler.setReportedDatanode(PipelineReportHandler.java:160)
	at org.apache.hadoop.hdds.scm.pipeline.PipelineReportHandler.processPipelineReport(PipelineReportHandler.java:135)
	at org.apache.hadoop.hdds.scm.pipeline.PipelineReportHandler.onMessage(PipelineReportHandler.java:94)
	at org.apache.hadoop.hdds.scm.pipeline.PipelineReportHandler.onMessage(PipelineReportHandler.java:53)
	at org.apache.hadoop.hdds.server.events.SingleThreadExecutor.lambda$onMessage$1(SingleThreadExecutor.java:86)
	at java.base/java.util.concurrent.ThreadPoolExecutor.runWorker(ThreadPoolExecutor.java:1144)
	at java.base/java.util.concurrent.ThreadPoolExecutor$Worker.run(ThreadPoolExecutor.java:642)
	at java.base/java.lang.Thread.run(Thread.java:1583)
2025-01-11 15:27:38,376 [EventQueue-PipelineReportForPipelineReportHandler] ERROR pipeline.PipelineReportHandler (PipelineReportHandler.java:onMessage(101)) - Could not process pipeline report=pipelineID {
  id: "45cc3e2a-c500-4acc-a03a-a9cccc3d9481"
  uuid128 {
    mostSigBits: 5029463237280680652
    leastSigBits: -6901016781926853503
  }
}
isLeader: false
bytesWritten: 0
 from dn=a14cd1ab-7861-42f9-8639-15260a7193f0(localhost/127.0.0.1).
java.io.IOException: Datanode=a14cd1ab-7861-42f9-8639-15260a7193f0(localhost/127.0.0.1) not part of pipeline=PipelineID=45cc3e2a-c500-4acc-a03a-a9cccc3d9481
	at org.apache.hadoop.hdds.scm.pipeline.Pipeline.reportDatanode(Pipeline.java:339)
	at org.apache.hadoop.hdds.scm.pipeline.PipelineReportHandler.setReportedDatanode(PipelineReportHandler.java:160)
	at org.apache.hadoop.hdds.scm.pipeline.PipelineReportHandler.processPipelineReport(PipelineReportHandler.java:135)
	at org.apache.hadoop.hdds.scm.pipeline.PipelineReportHandler.onMessage(PipelineReportHandler.java:94)
	at org.apache.hadoop.hdds.scm.pipeline.PipelineReportHandler.onMessage(PipelineReportHandler.java:53)
	at org.apache.hadoop.hdds.server.events.SingleThreadExecutor.lambda$onMessage$1(SingleThreadExecutor.java:86)
	at java.base/java.util.concurrent.ThreadPoolExecutor.runWorker(ThreadPoolExecutor.java:1144)
	at java.base/java.util.concurrent.ThreadPoolExecutor$Worker.run(ThreadPoolExecutor.java:642)
	at java.base/java.lang.Thread.run(Thread.java:1583)
2025-01-11 15:27:38,475 [EventQueue-StaleNodeForStaleNodeHandler] INFO  node.StaleNodeHandler (StaleNodeHandler.java:onMessage(57)) - Datanode 4ba790b6-f5d5-4c4e-97f5-f1f66fb5d3d4(localhost/127.0.0.1) moved to stale state. Finalizing its pipelines [PipelineID=45cc3e2a-c500-4acc-a03a-a9cccc3d9481, PipelineID=8ef3bc64-5854-4584-910e-a7184706d343, PipelineID=28558f4e-315c-45f0-bb78-b0cd692fefe8]
2025-01-11 15:27:38,477 [EventQueue-StaleNodeForStaleNodeHandler] INFO  pipeline.PipelineManagerImpl (PipelineManagerImpl.java:closePipeline(518)) - Pipeline PipelineID=45cc3e2a-c500-4acc-a03a-a9cccc3d9481 moved to CLOSED state
2025-01-11 15:27:38,478 [EventQueue-StaleNodeForStaleNodeHandler] INFO  pipeline.PipelineManagerImpl (PipelineManagerImpl.java:closeContainersForPipeline(484)) - Container #3 closed for pipeline=PipelineID=8ef3bc64-5854-4584-910e-a7184706d343
2025-01-11 15:27:38,478 [EventQueue-CloseContainerForCloseContainerEventHandler] INFO  container.CloseContainerEventHandler (CloseContainerEventHandler.java:onMessage(88)) - Close container Event triggered for container : #3, current state: CLOSING
2025-01-11 15:27:38,480 [EventQueue-StaleNodeForStaleNodeHandler] INFO  pipeline.PipelineManagerImpl (PipelineManagerImpl.java:closeContainersForPipeline(484)) - Container #10 closed for pipeline=PipelineID=8ef3bc64-5854-4584-910e-a7184706d343
2025-01-11 15:27:38,480 [EventQueue-CloseContainerForCloseContainerEventHandler] INFO  container.CloseContainerEventHandler (CloseContainerEventHandler.java:onMessage(88)) - Close container Event triggered for container : #10, current state: CLOSING
2025-01-11 15:27:38,481 [EventQueue-StaleNodeForStaleNodeHandler] INFO  pipeline.PipelineManagerImpl (PipelineManagerImpl.java:closePipeline(518)) - Pipeline PipelineID=8ef3bc64-5854-4584-910e-a7184706d343 moved to CLOSED state
2025-01-11 15:27:38,481 [EventQueue-StaleNodeForStaleNodeHandler] INFO  pipeline.PipelineManagerImpl (PipelineManagerImpl.java:closeContainersForPipeline(484)) - Container #9 closed for pipeline=PipelineID=28558f4e-315c-45f0-bb78-b0cd692fefe8
2025-01-11 15:27:38,481 [EventQueue-CloseContainerForCloseContainerEventHandler] INFO  container.CloseContainerEventHandler (CloseContainerEventHandler.java:onMessage(88)) - Close container Event triggered for container : #9, current state: CLOSING
2025-01-11 15:27:38,483 [EventQueue-StaleNodeForStaleNodeHandler] INFO  pipeline.PipelineManagerImpl (PipelineManagerImpl.java:closePipeline(518)) - Pipeline PipelineID=28558f4e-315c-45f0-bb78-b0cd692fefe8 moved to CLOSED state
2025-01-11 15:27:38,575 [EventQueue-PipelineReportForPipelineReportHandler] ERROR pipeline.PipelineReportHandler (PipelineReportHandler.java:onMessage(101)) - Could not process pipeline report=pipelineID {
  id: "45cc3e2a-c500-4acc-a03a-a9cccc3d9481"
  uuid128 {
    mostSigBits: 5029463237280680652
    leastSigBits: -6901016781926853503
  }
}
isLeader: false
bytesWritten: 0
 from dn=a14cd1ab-7861-42f9-8639-15260a7193f0(localhost/127.0.0.1).
java.io.IOException: Datanode=a14cd1ab-7861-42f9-8639-15260a7193f0(localhost/127.0.0.1) not part of pipeline=PipelineID=45cc3e2a-c500-4acc-a03a-a9cccc3d9481
	at org.apache.hadoop.hdds.scm.pipeline.Pipeline.reportDatanode(Pipeline.java:339)
	at org.apache.hadoop.hdds.scm.pipeline.PipelineReportHandler.setReportedDatanode(PipelineReportHandler.java:160)
	at org.apache.hadoop.hdds.scm.pipeline.PipelineReportHandler.processPipelineReport(PipelineReportHandler.java:135)
	at org.apache.hadoop.hdds.scm.pipeline.PipelineReportHandler.onMessage(PipelineReportHandler.java:94)
	at org.apache.hadoop.hdds.scm.pipeline.PipelineReportHandler.onMessage(PipelineReportHandler.java:53)
	at org.apache.hadoop.hdds.server.events.SingleThreadExecutor.lambda$onMessage$1(SingleThreadExecutor.java:86)
	at java.base/java.util.concurrent.ThreadPoolExecutor.runWorker(ThreadPoolExecutor.java:1144)
	at java.base/java.util.concurrent.ThreadPoolExecutor$Worker.run(ThreadPoolExecutor.java:642)
	at java.base/java.lang.Thread.run(Thread.java:1583)
2025-01-11 15:27:38,776 [EventQueue-PipelineReportForPipelineReportHandler] ERROR pipeline.PipelineReportHandler (PipelineReportHandler.java:onMessage(101)) - Could not process pipeline report=pipelineID {
  id: "45cc3e2a-c500-4acc-a03a-a9cccc3d9481"
  uuid128 {
    mostSigBits: 5029463237280680652
    leastSigBits: -6901016781926853503
  }
}
isLeader: false
bytesWritten: 0
 from dn=a14cd1ab-7861-42f9-8639-15260a7193f0(localhost/127.0.0.1).
java.io.IOException: Datanode=a14cd1ab-7861-42f9-8639-15260a7193f0(localhost/127.0.0.1) not part of pipeline=PipelineID=45cc3e2a-c500-4acc-a03a-a9cccc3d9481
	at org.apache.hadoop.hdds.scm.pipeline.Pipeline.reportDatanode(Pipeline.java:339)
	at org.apache.hadoop.hdds.scm.pipeline.PipelineReportHandler.setReportedDatanode(PipelineReportHandler.java:160)
	at org.apache.hadoop.hdds.scm.pipeline.PipelineReportHandler.processPipelineReport(PipelineReportHandler.java:135)
	at org.apache.hadoop.hdds.scm.pipeline.PipelineReportHandler.onMessage(PipelineReportHandler.java:94)
	at org.apache.hadoop.hdds.scm.pipeline.PipelineReportHandler.onMessage(PipelineReportHandler.java:53)
	at org.apache.hadoop.hdds.server.events.SingleThreadExecutor.lambda$onMessage$1(SingleThreadExecutor.java:86)
	at java.base/java.util.concurrent.ThreadPoolExecutor.runWorker(ThreadPoolExecutor.java:1144)
	at java.base/java.util.concurrent.ThreadPoolExecutor$Worker.run(ThreadPoolExecutor.java:642)
	at java.base/java.lang.Thread.run(Thread.java:1583)
2025-01-11 15:27:38,976 [EventQueue-PipelineReportForPipelineReportHandler] ERROR pipeline.PipelineReportHandler (PipelineReportHandler.java:onMessage(101)) - Could not process pipeline report=pipelineID {
  id: "45cc3e2a-c500-4acc-a03a-a9cccc3d9481"
  uuid128 {
    mostSigBits: 5029463237280680652
    leastSigBits: -6901016781926853503
  }
}
isLeader: false
bytesWritten: 0
 from dn=a14cd1ab-7861-42f9-8639-15260a7193f0(localhost/127.0.0.1).
java.io.IOException: Datanode=a14cd1ab-7861-42f9-8639-15260a7193f0(localhost/127.0.0.1) not part of pipeline=PipelineID=45cc3e2a-c500-4acc-a03a-a9cccc3d9481
	at org.apache.hadoop.hdds.scm.pipeline.Pipeline.reportDatanode(Pipeline.java:339)
	at org.apache.hadoop.hdds.scm.pipeline.PipelineReportHandler.setReportedDatanode(PipelineReportHandler.java:160)
	at org.apache.hadoop.hdds.scm.pipeline.PipelineReportHandler.processPipelineReport(PipelineReportHandler.java:135)
	at org.apache.hadoop.hdds.scm.pipeline.PipelineReportHandler.onMessage(PipelineReportHandler.java:94)
	at org.apache.hadoop.hdds.scm.pipeline.PipelineReportHandler.onMessage(PipelineReportHandler.java:53)
	at org.apache.hadoop.hdds.server.events.SingleThreadExecutor.lambda$onMessage$1(SingleThreadExecutor.java:86)
	at java.base/java.util.concurrent.ThreadPoolExecutor.runWorker(ThreadPoolExecutor.java:1144)
	at java.base/java.util.concurrent.ThreadPoolExecutor$Worker.run(ThreadPoolExecutor.java:642)
	at java.base/java.lang.Thread.run(Thread.java:1583)
2025-01-11 15:27:39,074 [84b435bb-d41b-4758-bf48-ce9052c81d4a@group-A7184706D343-StateMachineUpdater] INFO  ratis.ContainerStateMachine (ContainerStateMachine.java:takeSnapshot(378)) - group-A7184706D343: Taking a snapshot at:(t:1, i:37) file /home/runner/work/ozone/ozone/hadoop-ozone/integration-test/target/test-dir/MiniOzoneClusterImpl-7d8e89df-ef81-4ba3-8c0c-8d2bb8f5309d/ozone-meta/datanode-6/ratis/8ef3bc64-5854-4584-910e-a7184706d343/sm/snapshot.1_37
2025-01-11 15:27:39,075 [84b435bb-d41b-4758-bf48-ce9052c81d4a@group-A7184706D343-StateMachineUpdater] INFO  ratis.ContainerStateMachine (ContainerStateMachine.java:takeSnapshot(389)) - group-A7184706D343: Finished taking a snapshot at:(t:1, i:37) file:/home/runner/work/ozone/ozone/hadoop-ozone/integration-test/target/test-dir/MiniOzoneClusterImpl-7d8e89df-ef81-4ba3-8c0c-8d2bb8f5309d/ozone-meta/datanode-6/ratis/8ef3bc64-5854-4584-910e-a7184706d343/sm/snapshot.1_37 took: 1 ms
2025-01-11 15:27:39,075 [84b435bb-d41b-4758-bf48-ce9052c81d4a@group-A7184706D343-StateMachineUpdater] INFO  impl.SimpleStateMachineStorage (SimpleStateMachineStorage.java:lambda$cleanupOldSnapshots$1(126)) - Deleting old snapshot at /home/runner/work/ozone/ozone/hadoop-ozone/integration-test/target/test-dir/MiniOzoneClusterImpl-7d8e89df-ef81-4ba3-8c0c-8d2bb8f5309d/ozone-meta/datanode-6/ratis/8ef3bc64-5854-4584-910e-a7184706d343/sm/snapshot.1_25
2025-01-11 15:27:39,075 [84b435bb-d41b-4758-bf48-ce9052c81d4a@group-A7184706D343-StateMachineUpdater] INFO  impl.StateMachineUpdater (StateMachineUpdater.java:takeSnapshot(303)) - 84b435bb-d41b-4758-bf48-ce9052c81d4a@group-A7184706D343-StateMachineUpdater: Took a snapshot at index 37
2025-01-11 15:27:39,076 [84b435bb-d41b-4758-bf48-ce9052c81d4a@group-A7184706D343-StateMachineUpdater] INFO  impl.StateMachineUpdater (StateMachineUpdater.java:lambda$new$0(102)) - 84b435bb-d41b-4758-bf48-ce9052c81d4a@group-A7184706D343-StateMachineUpdater: snapshotIndex: updateIncreasingly 36 -> 37
2025-01-11 15:27:39,176 [EventQueue-PipelineReportForPipelineReportHandler] ERROR pipeline.PipelineReportHandler (PipelineReportHandler.java:onMessage(101)) - Could not process pipeline report=pipelineID {
  id: "45cc3e2a-c500-4acc-a03a-a9cccc3d9481"
  uuid128 {
    mostSigBits: 5029463237280680652
    leastSigBits: -6901016781926853503
  }
}
isLeader: false
bytesWritten: 0
 from dn=a14cd1ab-7861-42f9-8639-15260a7193f0(localhost/127.0.0.1).
java.io.IOException: Datanode=a14cd1ab-7861-42f9-8639-15260a7193f0(localhost/127.0.0.1) not part of pipeline=PipelineID=45cc3e2a-c500-4acc-a03a-a9cccc3d9481
	at org.apache.hadoop.hdds.scm.pipeline.Pipeline.reportDatanode(Pipeline.java:339)
	at org.apache.hadoop.hdds.scm.pipeline.PipelineReportHandler.setReportedDatanode(PipelineReportHandler.java:160)
	at org.apache.hadoop.hdds.scm.pipeline.PipelineReportHandler.processPipelineReport(PipelineReportHandler.java:135)
	at org.apache.hadoop.hdds.scm.pipeline.PipelineReportHandler.onMessage(PipelineReportHandler.java:94)
	at org.apache.hadoop.hdds.scm.pipeline.PipelineReportHandler.onMessage(PipelineReportHandler.java:53)
	at org.apache.hadoop.hdds.server.events.SingleThreadExecutor.lambda$onMessage$1(SingleThreadExecutor.java:86)
	at java.base/java.util.concurrent.ThreadPoolExecutor.runWorker(ThreadPoolExecutor.java:1144)
	at java.base/java.util.concurrent.ThreadPoolExecutor$Worker.run(ThreadPoolExecutor.java:642)
	at java.base/java.lang.Thread.run(Thread.java:1583)
2025-01-11 15:27:39,376 [EventQueue-PipelineReportForPipelineReportHandler] ERROR pipeline.PipelineReportHandler (PipelineReportHandler.java:onMessage(101)) - Could not process pipeline report=pipelineID {
  id: "45cc3e2a-c500-4acc-a03a-a9cccc3d9481"
  uuid128 {
    mostSigBits: 5029463237280680652
    leastSigBits: -6901016781926853503
  }
}
isLeader: false
bytesWritten: 0
 from dn=a14cd1ab-7861-42f9-8639-15260a7193f0(localhost/127.0.0.1).
java.io.IOException: Datanode=a14cd1ab-7861-42f9-8639-15260a7193f0(localhost/127.0.0.1) not part of pipeline=PipelineID=45cc3e2a-c500-4acc-a03a-a9cccc3d9481
	at org.apache.hadoop.hdds.scm.pipeline.Pipeline.reportDatanode(Pipeline.java:339)
	at org.apache.hadoop.hdds.scm.pipeline.PipelineReportHandler.setReportedDatanode(PipelineReportHandler.java:160)
	at org.apache.hadoop.hdds.scm.pipeline.PipelineReportHandler.processPipelineReport(PipelineReportHandler.java:135)
	at org.apache.hadoop.hdds.scm.pipeline.PipelineReportHandler.onMessage(PipelineReportHandler.java:94)
	at org.apache.hadoop.hdds.scm.pipeline.PipelineReportHandler.onMessage(PipelineReportHandler.java:53)
	at org.apache.hadoop.hdds.server.events.SingleThreadExecutor.lambda$onMessage$1(SingleThreadExecutor.java:86)
	at java.base/java.util.concurrent.ThreadPoolExecutor.runWorker(ThreadPoolExecutor.java:1144)
	at java.base/java.util.concurrent.ThreadPoolExecutor$Worker.run(ThreadPoolExecutor.java:642)
	at java.base/java.lang.Thread.run(Thread.java:1583)
2025-01-11 15:27:39,576 [EventQueue-PipelineReportForPipelineReportHandler] ERROR pipeline.PipelineReportHandler (PipelineReportHandler.java:onMessage(101)) - Could not process pipeline report=pipelineID {
  id: "45cc3e2a-c500-4acc-a03a-a9cccc3d9481"
  uuid128 {
    mostSigBits: 5029463237280680652
    leastSigBits: -6901016781926853503
  }
}
isLeader: false
bytesWritten: 0
 from dn=a14cd1ab-7861-42f9-8639-15260a7193f0(localhost/127.0.0.1).
java.io.IOException: Datanode=a14cd1ab-7861-42f9-8639-15260a7193f0(localhost/127.0.0.1) not part of pipeline=PipelineID=45cc3e2a-c500-4acc-a03a-a9cccc3d9481
	at org.apache.hadoop.hdds.scm.pipeline.Pipeline.reportDatanode(Pipeline.java:339)
	at org.apache.hadoop.hdds.scm.pipeline.PipelineReportHandler.setReportedDatanode(PipelineReportHandler.java:160)
	at org.apache.hadoop.hdds.scm.pipeline.PipelineReportHandler.processPipelineReport(PipelineReportHandler.java:135)
	at org.apache.hadoop.hdds.scm.pipeline.PipelineReportHandler.onMessage(PipelineReportHandler.java:94)
	at org.apache.hadoop.hdds.scm.pipeline.PipelineReportHandler.onMessage(PipelineReportHandler.java:53)
	at org.apache.hadoop.hdds.server.events.SingleThreadExecutor.lambda$onMessage$1(SingleThreadExecutor.java:86)
	at java.base/java.util.concurrent.ThreadPoolExecutor.runWorker(ThreadPoolExecutor.java:1144)
	at java.base/java.util.concurrent.ThreadPoolExecutor$Worker.run(ThreadPoolExecutor.java:642)
	at java.base/java.lang.Thread.run(Thread.java:1583)
2025-01-11 15:27:39,776 [EventQueue-PipelineReportForPipelineReportHandler] ERROR pipeline.PipelineReportHandler (PipelineReportHandler.java:onMessage(101)) - Could not process pipeline report=pipelineID {
  id: "45cc3e2a-c500-4acc-a03a-a9cccc3d9481"
  uuid128 {
    mostSigBits: 5029463237280680652
    leastSigBits: -6901016781926853503
  }
}
isLeader: false
bytesWritten: 0
 from dn=a14cd1ab-7861-42f9-8639-15260a7193f0(localhost/127.0.0.1).
java.io.IOException: Datanode=a14cd1ab-7861-42f9-8639-15260a7193f0(localhost/127.0.0.1) not part of pipeline=PipelineID=45cc3e2a-c500-4acc-a03a-a9cccc3d9481
	at org.apache.hadoop.hdds.scm.pipeline.Pipeline.reportDatanode(Pipeline.java:339)
	at org.apache.hadoop.hdds.scm.pipeline.PipelineReportHandler.setReportedDatanode(PipelineReportHandler.java:160)
	at org.apache.hadoop.hdds.scm.pipeline.PipelineReportHandler.processPipelineReport(PipelineReportHandler.java:135)
	at org.apache.hadoop.hdds.scm.pipeline.PipelineReportHandler.onMessage(PipelineReportHandler.java:94)
	at org.apache.hadoop.hdds.scm.pipeline.PipelineReportHandler.onMessage(PipelineReportHandler.java:53)
	at org.apache.hadoop.hdds.server.events.SingleThreadExecutor.lambda$onMessage$1(SingleThreadExecutor.java:86)
	at java.base/java.util.concurrent.ThreadPoolExecutor.runWorker(ThreadPoolExecutor.java:1144)
	at java.base/java.util.concurrent.ThreadPoolExecutor$Worker.run(ThreadPoolExecutor.java:642)
	at java.base/java.lang.Thread.run(Thread.java:1583)
2025-01-11 15:27:40,176 [EventQueue-PipelineReportForPipelineReportHandler] ERROR pipeline.PipelineReportHandler (PipelineReportHandler.java:onMessage(101)) - Could not process pipeline report=pipelineID {
  id: "45cc3e2a-c500-4acc-a03a-a9cccc3d9481"
  uuid128 {
    mostSigBits: 5029463237280680652
    leastSigBits: -6901016781926853503
  }
}
isLeader: false
bytesWritten: 0
 from dn=a14cd1ab-7861-42f9-8639-15260a7193f0(localhost/127.0.0.1).
java.io.IOException: Datanode=a14cd1ab-7861-42f9-8639-15260a7193f0(localhost/127.0.0.1) not part of pipeline=PipelineID=45cc3e2a-c500-4acc-a03a-a9cccc3d9481
	at org.apache.hadoop.hdds.scm.pipeline.Pipeline.reportDatanode(Pipeline.java:339)
	at org.apache.hadoop.hdds.scm.pipeline.PipelineReportHandler.setReportedDatanode(PipelineReportHandler.java:160)
	at org.apache.hadoop.hdds.scm.pipeline.PipelineReportHandler.processPipelineReport(PipelineReportHandler.java:135)
	at org.apache.hadoop.hdds.scm.pipeline.PipelineReportHandler.onMessage(PipelineReportHandler.java:94)
	at org.apache.hadoop.hdds.scm.pipeline.PipelineReportHandler.onMessage(PipelineReportHandler.java:53)
	at org.apache.hadoop.hdds.server.events.SingleThreadExecutor.lambda$onMessage$1(SingleThreadExecutor.java:86)
	at java.base/java.util.concurrent.ThreadPoolExecutor.runWorker(ThreadPoolExecutor.java:1144)
	at java.base/java.util.concurrent.ThreadPoolExecutor$Worker.run(ThreadPoolExecutor.java:642)
	at java.base/java.lang.Thread.run(Thread.java:1583)
2025-01-11 15:27:40,376 [EventQueue-PipelineReportForPipelineReportHandler] ERROR pipeline.PipelineReportHandler (PipelineReportHandler.java:onMessage(101)) - Could not process pipeline report=pipelineID {
  id: "45cc3e2a-c500-4acc-a03a-a9cccc3d9481"
  uuid128 {
    mostSigBits: 5029463237280680652
    leastSigBits: -6901016781926853503
  }
}
isLeader: false
bytesWritten: 0
 from dn=a14cd1ab-7861-42f9-8639-15260a7193f0(localhost/127.0.0.1).
java.io.IOException: Datanode=a14cd1ab-7861-42f9-8639-15260a7193f0(localhost/127.0.0.1) not part of pipeline=PipelineID=45cc3e2a-c500-4acc-a03a-a9cccc3d9481
	at org.apache.hadoop.hdds.scm.pipeline.Pipeline.reportDatanode(Pipeline.java:339)
	at org.apache.hadoop.hdds.scm.pipeline.PipelineReportHandler.setReportedDatanode(PipelineReportHandler.java:160)
	at org.apache.hadoop.hdds.scm.pipeline.PipelineReportHandler.processPipelineReport(PipelineReportHandler.java:135)
	at org.apache.hadoop.hdds.scm.pipeline.PipelineReportHandler.onMessage(PipelineReportHandler.java:94)
	at org.apache.hadoop.hdds.scm.pipeline.PipelineReportHandler.onMessage(PipelineReportHandler.java:53)
	at org.apache.hadoop.hdds.server.events.SingleThreadExecutor.lambda$onMessage$1(SingleThreadExecutor.java:86)
	at java.base/java.util.concurrent.ThreadPoolExecutor.runWorker(ThreadPoolExecutor.java:1144)
	at java.base/java.util.concurrent.ThreadPoolExecutor$Worker.run(ThreadPoolExecutor.java:642)
	at java.base/java.lang.Thread.run(Thread.java:1583)
2025-01-11 15:27:40,552 [timer3] WARN  server.GrpcLogAppender (LogUtils.java:warn(123)) - fc60e07f-496f-42fe-ae82-620152583f87@group-A7184706D343->4ba790b6-f5d5-4c4e-97f5-f1f66fb5d3d4-AppendLogResponseHandler: Failed appendEntries (Repeated 4 times in the last 5.000s)
org.apache.ratis.protocol.exceptions.GroupMismatchException: a14cd1ab-7861-42f9-8639-15260a7193f0: group-A7184706D343 not found.
	at org.apache.ratis.server.impl.RaftServerProxy$ImplMap.get(RaftServerProxy.java:155)
	at org.apache.ratis.server.impl.RaftServerProxy.getImplFuture(RaftServerProxy.java:365)
	at org.apache.ratis.server.impl.RaftServerProxy.appendEntriesAsync(RaftServerProxy.java:644)
	at org.apache.ratis.grpc.server.GrpcServerProtocolService$1.process(GrpcServerProtocolService.java:229)
	at org.apache.ratis.grpc.server.GrpcServerProtocolService$1.process(GrpcServerProtocolService.java:226)
	at org.apache.ratis.grpc.server.GrpcServerProtocolService$ServerRequestStreamObserver.onNext(GrpcServerProtocolService.java:137)
	at org.apache.ratis.thirdparty.io.grpc.stub.ServerCalls$StreamingServerCallHandler$StreamingServerCallListener.onMessage(ServerCalls.java:262)
	at org.apache.ratis.thirdparty.io.grpc.internal.ServerCallImpl$ServerStreamListenerImpl.messagesAvailableInternal(ServerCallImpl.java:329)
	at org.apache.ratis.thirdparty.io.grpc.internal.ServerCallImpl$ServerStreamListenerImpl.messagesAvailable(ServerCallImpl.java:314)
	at org.apache.ratis.thirdparty.io.grpc.internal.ServerImpl$JumpToApplicationThreadServerStreamListener$1MessagesAvailable.runInContext(ServerImpl.java:833)
	at org.apache.ratis.thirdparty.io.grpc.internal.ContextRunnable.run(ContextRunnable.java:37)
	at org.apache.ratis.thirdparty.io.grpc.internal.SerializingExecutor.run(SerializingExecutor.java:133)
	at java.base/java.util.concurrent.ThreadPoolExecutor.runWorker(ThreadPoolExecutor.java:1144)
	at java.base/java.util.concurrent.ThreadPoolExecutor$Worker.run(ThreadPoolExecutor.java:642)
	at java.base/java.lang.Thread.run(Thread.java:1583)
2025-01-11 15:27:40,575 [EventQueue-PipelineReportForPipelineReportHandler] ERROR pipeline.PipelineReportHandler (PipelineReportHandler.java:onMessage(101)) - Could not process pipeline report=pipelineID {
  id: "45cc3e2a-c500-4acc-a03a-a9cccc3d9481"
  uuid128 {
    mostSigBits: 5029463237280680652
    leastSigBits: -6901016781926853503
  }
}
isLeader: false
bytesWritten: 0
 from dn=a14cd1ab-7861-42f9-8639-15260a7193f0(localhost/127.0.0.1).
java.io.IOException: Datanode=a14cd1ab-7861-42f9-8639-15260a7193f0(localhost/127.0.0.1) not part of pipeline=PipelineID=45cc3e2a-c500-4acc-a03a-a9cccc3d9481
	at org.apache.hadoop.hdds.scm.pipeline.Pipeline.reportDatanode(Pipeline.java:339)
	at org.apache.hadoop.hdds.scm.pipeline.PipelineReportHandler.setReportedDatanode(PipelineReportHandler.java:160)
	at org.apache.hadoop.hdds.scm.pipeline.PipelineReportHandler.processPipelineReport(PipelineReportHandler.java:135)
	at org.apache.hadoop.hdds.scm.pipeline.PipelineReportHandler.onMessage(PipelineReportHandler.java:94)
	at org.apache.hadoop.hdds.scm.pipeline.PipelineReportHandler.onMessage(PipelineReportHandler.java:53)
	at org.apache.hadoop.hdds.server.events.SingleThreadExecutor.lambda$onMessage$1(SingleThreadExecutor.java:86)
	at java.base/java.util.concurrent.ThreadPoolExecutor.runWorker(ThreadPoolExecutor.java:1144)
	at java.base/java.util.concurrent.ThreadPoolExecutor$Worker.run(ThreadPoolExecutor.java:642)
	at java.base/java.lang.Thread.run(Thread.java:1583)
2025-01-11 15:27:40,776 [EventQueue-PipelineReportForPipelineReportHandler] ERROR pipeline.PipelineReportHandler (PipelineReportHandler.java:onMessage(101)) - Could not process pipeline report=pipelineID {
  id: "45cc3e2a-c500-4acc-a03a-a9cccc3d9481"
  uuid128 {
    mostSigBits: 5029463237280680652
    leastSigBits: -6901016781926853503
  }
}
isLeader: false
bytesWritten: 0
 from dn=a14cd1ab-7861-42f9-8639-15260a7193f0(localhost/127.0.0.1).
java.io.IOException: Datanode=a14cd1ab-7861-42f9-8639-15260a7193f0(localhost/127.0.0.1) not part of pipeline=PipelineID=45cc3e2a-c500-4acc-a03a-a9cccc3d9481
	at org.apache.hadoop.hdds.scm.pipeline.Pipeline.reportDatanode(Pipeline.java:339)
	at org.apache.hadoop.hdds.scm.pipeline.PipelineReportHandler.setReportedDatanode(PipelineReportHandler.java:160)
	at org.apache.hadoop.hdds.scm.pipeline.PipelineReportHandler.processPipelineReport(PipelineReportHandler.java:135)
	at org.apache.hadoop.hdds.scm.pipeline.PipelineReportHandler.onMessage(PipelineReportHandler.java:94)
	at org.apache.hadoop.hdds.scm.pipeline.PipelineReportHandler.onMessage(PipelineReportHandler.java:53)
	at org.apache.hadoop.hdds.server.events.SingleThreadExecutor.lambda$onMessage$1(SingleThreadExecutor.java:86)
	at java.base/java.util.concurrent.ThreadPoolExecutor.runWorker(ThreadPoolExecutor.java:1144)
	at java.base/java.util.concurrent.ThreadPoolExecutor$Worker.run(ThreadPoolExecutor.java:642)
	at java.base/java.lang.Thread.run(Thread.java:1583)
2025-01-11 15:27:40,976 [EventQueue-PipelineReportForPipelineReportHandler] ERROR pipeline.PipelineReportHandler (PipelineReportHandler.java:onMessage(101)) - Could not process pipeline report=pipelineID {
  id: "45cc3e2a-c500-4acc-a03a-a9cccc3d9481"
  uuid128 {
    mostSigBits: 5029463237280680652
    leastSigBits: -6901016781926853503
  }
}
isLeader: false
bytesWritten: 0
 from dn=a14cd1ab-7861-42f9-8639-15260a7193f0(localhost/127.0.0.1).
java.io.IOException: Datanode=a14cd1ab-7861-42f9-8639-15260a7193f0(localhost/127.0.0.1) not part of pipeline=PipelineID=45cc3e2a-c500-4acc-a03a-a9cccc3d9481
	at org.apache.hadoop.hdds.scm.pipeline.Pipeline.reportDatanode(Pipeline.java:339)
	at org.apache.hadoop.hdds.scm.pipeline.PipelineReportHandler.setReportedDatanode(PipelineReportHandler.java:160)
	at org.apache.hadoop.hdds.scm.pipeline.PipelineReportHandler.processPipelineReport(PipelineReportHandler.java:135)
	at org.apache.hadoop.hdds.scm.pipeline.PipelineReportHandler.onMessage(PipelineReportHandler.java:94)
	at org.apache.hadoop.hdds.scm.pipeline.PipelineReportHandler.onMessage(PipelineReportHandler.java:53)
	at org.apache.hadoop.hdds.server.events.SingleThreadExecutor.lambda$onMessage$1(SingleThreadExecutor.java:86)
	at java.base/java.util.concurrent.ThreadPoolExecutor.runWorker(ThreadPoolExecutor.java:1144)
	at java.base/java.util.concurrent.ThreadPoolExecutor$Worker.run(ThreadPoolExecutor.java:642)
	at java.base/java.lang.Thread.run(Thread.java:1583)
2025-01-11 15:27:41,128 [fc60e07f-496f-42fe-ae82-620152583f87-CloseContainerThread-2] INFO  keyvalue.KeyValueContainer (KeyValueContainer.java:flushAndSyncDB(529)) - Container 10 is synced with bcsId 35.
2025-01-11 15:27:41,129 [fc60e07f-496f-42fe-ae82-620152583f87-CloseContainerThread-0] INFO  commandhandler.CloseContainerCommandHandler (CloseContainerCommandHandler.java:lambda$handle$0(158)) - Follower cannot close container #9.
2025-01-11 15:27:41,129 [fc60e07f-496f-42fe-ae82-620152583f87-CloseContainerThread-1] INFO  keyvalue.KeyValueContainer (KeyValueContainer.java:flushAndSyncDB(529)) - Container 3 is synced with bcsId 12.
2025-01-11 15:27:41,129 [fc60e07f-496f-42fe-ae82-620152583f87-CloseContainerThread-2] INFO  keyvalue.KeyValueContainer (KeyValueContainer.java:flushAndSyncDB(529)) - Container 10 is synced with bcsId 35.
2025-01-11 15:27:41,129 [fc60e07f-496f-42fe-ae82-620152583f87-CloseContainerThread-1] INFO  keyvalue.KeyValueContainer (KeyValueContainer.java:flushAndSyncDB(529)) - Container 3 is synced with bcsId 12.
2025-01-11 15:27:41,131 [fc60e07f-496f-42fe-ae82-620152583f87-CloseContainerThread-1] INFO  commandhandler.CloseContainerCommandHandler (CloseContainerCommandHandler.java:lambda$handle$0(139)) - Marking Container 3 quasi closed
2025-01-11 15:27:41,131 [fc60e07f-496f-42fe-ae82-620152583f87-CloseContainerThread-2] INFO  commandhandler.CloseContainerCommandHandler (CloseContainerCommandHandler.java:lambda$handle$0(139)) - Marking Container 10 quasi closed
2025-01-11 15:27:41,133 [84b435bb-d41b-4758-bf48-ce9052c81d4a-CloseContainerThread-1] INFO  keyvalue.KeyValueContainer (KeyValueContainer.java:flushAndSyncDB(529)) - Container 3 is synced with bcsId 12.
2025-01-11 15:27:41,133 [84b435bb-d41b-4758-bf48-ce9052c81d4a-CloseContainerThread-1] INFO  keyvalue.KeyValueContainer (KeyValueContainer.java:flushAndSyncDB(529)) - Container 3 is synced with bcsId 12.
2025-01-11 15:27:41,133 [FixedThreadPoolWithAffinityExecutor-1-0] INFO  container.IncrementalContainerReportHandler (AbstractContainerReportHandler.java:updateContainerState(287)) - Moving container #3 to QUASI_CLOSED state, datanode fc60e07f-496f-42fe-ae82-620152583f87(localhost/127.0.0.1) reported QUASI_CLOSED replica.
2025-01-11 15:27:41,134 [84b435bb-d41b-4758-bf48-ce9052c81d4a-CloseContainerThread-2] INFO  keyvalue.KeyValueContainer (KeyValueContainer.java:flushAndSyncDB(529)) - Container 10 is synced with bcsId 35.
2025-01-11 15:27:41,134 [84b435bb-d41b-4758-bf48-ce9052c81d4a-CloseContainerThread-2] INFO  keyvalue.KeyValueContainer (KeyValueContainer.java:flushAndSyncDB(529)) - Container 10 is synced with bcsId 35.
2025-01-11 15:27:41,135 [FixedThreadPoolWithAffinityExecutor-1-0] INFO  container.IncrementalContainerReportHandler (AbstractContainerReportHandler.java:updateContainerState(287)) - Moving container #10 to QUASI_CLOSED state, datanode fc60e07f-496f-42fe-ae82-620152583f87(localhost/127.0.0.1) reported QUASI_CLOSED replica.
2025-01-11 15:27:41,136 [84b435bb-d41b-4758-bf48-ce9052c81d4a-CloseContainerThread-1] INFO  commandhandler.CloseContainerCommandHandler (CloseContainerCommandHandler.java:lambda$handle$0(139)) - Marking Container 3 quasi closed
2025-01-11 15:27:41,137 [84b435bb-d41b-4758-bf48-ce9052c81d4a-ContainerOp-28558f4e-315c-45f0-bb78-b0cd692fefe8-7] INFO  keyvalue.KeyValueContainer (KeyValueContainer.java:flushAndSyncDB(529)) - Container 9 is synced with bcsId 13.
2025-01-11 15:27:41,138 [84b435bb-d41b-4758-bf48-ce9052c81d4a-ContainerOp-28558f4e-315c-45f0-bb78-b0cd692fefe8-7] INFO  keyvalue.KeyValueContainer (KeyValueContainer.java:flushAndSyncDB(529)) - Container 9 is synced with bcsId 13.
2025-01-11 15:27:41,138 [grpc-default-executor-12] WARN  server.GrpcServerProtocolService (LogUtils.java:warn(123)) - a14cd1ab-7861-42f9-8639-15260a7193f0: Failed APPEND_ENTRIES request 84b435bb-d41b-4758-bf48-ce9052c81d4a->4ba790b6-f5d5-4c4e-97f5-f1f66fb5d3d4#9331-t1,previous=(t:1, i:0),leaderCommit=15,initializing? false,entries: size=16, first=(t:1, i:1), STATEMACHINELOGENTRY, WRITE: logData.size=154, stateMachineData.size=5, logEntryProtoSerializedSize=0
java.util.concurrent.CompletionException: org.apache.ratis.protocol.exceptions.GroupMismatchException: a14cd1ab-7861-42f9-8639-15260a7193f0: group-B0CD692FEFE8 not found.
	at java.base/java.util.concurrent.CompletableFuture.encodeThrowable(CompletableFuture.java:332)
	at java.base/java.util.concurrent.CompletableFuture.uniComposeStage(CompletableFuture.java:1177)
	at java.base/java.util.concurrent.CompletableFuture.thenCompose(CompletableFuture.java:2341)
	at org.apache.ratis.server.impl.RaftServerProxy.appendEntriesAsync(RaftServerProxy.java:645)
	at org.apache.ratis.grpc.server.GrpcServerProtocolService$1.process(GrpcServerProtocolService.java:229)
	at org.apache.ratis.grpc.server.GrpcServerProtocolService$1.process(GrpcServerProtocolService.java:226)
	at org.apache.ratis.grpc.server.GrpcServerProtocolService$ServerRequestStreamObserver.onNext(GrpcServerProtocolService.java:137)
	at org.apache.ratis.thirdparty.io.grpc.stub.ServerCalls$StreamingServerCallHandler$StreamingServerCallListener.onMessage(ServerCalls.java:262)
	at org.apache.ratis.thirdparty.io.grpc.internal.ServerCallImpl$ServerStreamListenerImpl.messagesAvailableInternal(ServerCallImpl.java:329)
	at org.apache.ratis.thirdparty.io.grpc.internal.ServerCallImpl$ServerStreamListenerImpl.messagesAvailable(ServerCallImpl.java:314)
	at org.apache.ratis.thirdparty.io.grpc.internal.ServerImpl$JumpToApplicationThreadServerStreamListener$1MessagesAvailable.runInContext(ServerImpl.java:833)
	at org.apache.ratis.thirdparty.io.grpc.internal.ContextRunnable.run(ContextRunnable.java:37)
	at org.apache.ratis.thirdparty.io.grpc.internal.SerializingExecutor.run(SerializingExecutor.java:133)
	at java.base/java.util.concurrent.ThreadPoolExecutor.runWorker(ThreadPoolExecutor.java:1144)
	at java.base/java.util.concurrent.ThreadPoolExecutor$Worker.run(ThreadPoolExecutor.java:642)
	at java.base/java.lang.Thread.run(Thread.java:1583)
Caused by: org.apache.ratis.protocol.exceptions.GroupMismatchException: a14cd1ab-7861-42f9-8639-15260a7193f0: group-B0CD692FEFE8 not found.
	at org.apache.ratis.server.impl.RaftServerProxy$ImplMap.get(RaftServerProxy.java:155)
	at org.apache.ratis.server.impl.RaftServerProxy.getImplFuture(RaftServerProxy.java:365)
	at org.apache.ratis.server.impl.RaftServerProxy.appendEntriesAsync(RaftServerProxy.java:644)
	... 12 more
2025-01-11 15:27:41,140 [fc60e07f-496f-42fe-ae82-620152583f87-ContainerOp-28558f4e-315c-45f0-bb78-b0cd692fefe8-7] INFO  keyvalue.KeyValueContainer (KeyValueContainer.java:flushAndSyncDB(529)) - Container 9 is synced with bcsId 13.
2025-01-11 15:27:41,141 [fc60e07f-496f-42fe-ae82-620152583f87-ContainerOp-28558f4e-315c-45f0-bb78-b0cd692fefe8-7] INFO  keyvalue.KeyValueContainer (KeyValueContainer.java:flushAndSyncDB(529)) - Container 9 is synced with bcsId 13.
2025-01-11 15:27:41,141 [grpc-default-executor-11] WARN  server.GrpcLogAppender (LogUtils.java:warn(123)) - 84b435bb-d41b-4758-bf48-ce9052c81d4a@group-B0CD692FEFE8->4ba790b6-f5d5-4c4e-97f5-f1f66fb5d3d4-AppendLogResponseHandler: Failed appendEntries
org.apache.ratis.protocol.exceptions.GroupMismatchException: a14cd1ab-7861-42f9-8639-15260a7193f0: group-B0CD692FEFE8 not found.
	at org.apache.ratis.server.impl.RaftServerProxy$ImplMap.get(RaftServerProxy.java:155)
	at org.apache.ratis.server.impl.RaftServerProxy.getImplFuture(RaftServerProxy.java:365)
	at org.apache.ratis.server.impl.RaftServerProxy.appendEntriesAsync(RaftServerProxy.java:644)
	at org.apache.ratis.grpc.server.GrpcServerProtocolService$1.process(GrpcServerProtocolService.java:229)
	at org.apache.ratis.grpc.server.GrpcServerProtocolService$1.process(GrpcServerProtocolService.java:226)
	at org.apache.ratis.grpc.server.GrpcServerProtocolService$ServerRequestStreamObserver.onNext(GrpcServerProtocolService.java:137)
	at org.apache.ratis.thirdparty.io.grpc.stub.ServerCalls$StreamingServerCallHandler$StreamingServerCallListener.onMessage(ServerCalls.java:262)
	at org.apache.ratis.thirdparty.io.grpc.internal.ServerCallImpl$ServerStreamListenerImpl.messagesAvailableInternal(ServerCallImpl.java:329)
	at org.apache.ratis.thirdparty.io.grpc.internal.ServerCallImpl$ServerStreamListenerImpl.messagesAvailable(ServerCallImpl.java:314)
	at org.apache.ratis.thirdparty.io.grpc.internal.ServerImpl$JumpToApplicationThreadServerStreamListener$1MessagesAvailable.runInContext(ServerImpl.java:833)
	at org.apache.ratis.thirdparty.io.grpc.internal.ContextRunnable.run(ContextRunnable.java:37)
	at org.apache.ratis.thirdparty.io.grpc.internal.SerializingExecutor.run(SerializingExecutor.java:133)
	at java.base/java.util.concurrent.ThreadPoolExecutor.runWorker(ThreadPoolExecutor.java:1144)
	at java.base/java.util.concurrent.ThreadPoolExecutor$Worker.run(ThreadPoolExecutor.java:642)
	at java.base/java.lang.Thread.run(Thread.java:1583)
2025-01-11 15:27:41,141 [84b435bb-d41b-4758-bf48-ce9052c81d4a-ContainerOp-28558f4e-315c-45f0-bb78-b0cd692fefe8-7] INFO  keyvalue.KeyValueContainer (KeyValueContainer.java:close(444)) - Container 9 is closed with bcsId 13.
2025-01-11 15:27:41,142 [84b435bb-d41b-4758-bf48-ce9052c81d4a-CloseContainerThread-2] INFO  commandhandler.CloseContainerCommandHandler (CloseContainerCommandHandler.java:lambda$handle$0(139)) - Marking Container 10 quasi closed
2025-01-11 15:27:41,142 [FixedThreadPoolWithAffinityExecutor-9-0] INFO  container.IncrementalContainerReportHandler (AbstractContainerReportHandler.java:updateContainerState(312)) - Moving container #9 to CLOSED state, datanode 84b435bb-d41b-4758-bf48-ce9052c81d4a(localhost/127.0.0.1) reported CLOSED replica with index 0.
2025-01-11 15:27:41,143 [grpc-default-executor-11] INFO  leader.LogAppender (LogAppenderBase.java:lambda$getNextIndexForError$0(215)) - Decrease nextIndex to 1
2025-01-11 15:27:41,143 [grpc-default-executor-11] INFO  leader.LogAppender (LogAppenderBase.java:lambda$getNextIndexForError$0(215)) - Decrease nextIndex to 1
2025-01-11 15:27:41,143 [grpc-default-executor-11] INFO  leader.FollowerInfo (FollowerInfoImpl.java:info(70)) - 84b435bb-d41b-4758-bf48-ce9052c81d4a@group-B0CD692FEFE8->4ba790b6-f5d5-4c4e-97f5-f1f66fb5d3d4: computeNextIndex nextIndex: updateUnconditionally 17 -> 1
2025-01-11 15:27:41,145 [fc60e07f-496f-42fe-ae82-620152583f87-ContainerOp-28558f4e-315c-45f0-bb78-b0cd692fefe8-7] INFO  keyvalue.KeyValueContainer (KeyValueContainer.java:close(444)) - Container 9 is closed with bcsId 13.
2025-01-11 15:27:41,176 [EventQueue-PipelineReportForPipelineReportHandler] ERROR pipeline.PipelineReportHandler (PipelineReportHandler.java:onMessage(101)) - Could not process pipeline report=pipelineID {
  id: "45cc3e2a-c500-4acc-a03a-a9cccc3d9481"
  uuid128 {
    mostSigBits: 5029463237280680652
    leastSigBits: -6901016781926853503
  }
}
isLeader: false
bytesWritten: 0
 from dn=a14cd1ab-7861-42f9-8639-15260a7193f0(localhost/127.0.0.1).
java.io.IOException: Datanode=a14cd1ab-7861-42f9-8639-15260a7193f0(localhost/127.0.0.1) not part of pipeline=PipelineID=45cc3e2a-c500-4acc-a03a-a9cccc3d9481
	at org.apache.hadoop.hdds.scm.pipeline.Pipeline.reportDatanode(Pipeline.java:339)
	at org.apache.hadoop.hdds.scm.pipeline.PipelineReportHandler.setReportedDatanode(PipelineReportHandler.java:160)
	at org.apache.hadoop.hdds.scm.pipeline.PipelineReportHandler.processPipelineReport(PipelineReportHandler.java:135)
	at org.apache.hadoop.hdds.scm.pipeline.PipelineReportHandler.onMessage(PipelineReportHandler.java:94)
	at org.apache.hadoop.hdds.scm.pipeline.PipelineReportHandler.onMessage(PipelineReportHandler.java:53)
	at org.apache.hadoop.hdds.server.events.SingleThreadExecutor.lambda$onMessage$1(SingleThreadExecutor.java:86)
	at java.base/java.util.concurrent.ThreadPoolExecutor.runWorker(ThreadPoolExecutor.java:1144)
	at java.base/java.util.concurrent.ThreadPoolExecutor$Worker.run(ThreadPoolExecutor.java:642)
	at java.base/java.lang.Thread.run(Thread.java:1583)
2025-01-11 15:27:41,376 [EventQueue-PipelineReportForPipelineReportHandler] ERROR pipeline.PipelineReportHandler (PipelineReportHandler.java:onMessage(101)) - Could not process pipeline report=pipelineID {
  id: "45cc3e2a-c500-4acc-a03a-a9cccc3d9481"
  uuid128 {
    mostSigBits: 5029463237280680652
    leastSigBits: -6901016781926853503
  }
}
isLeader: false
bytesWritten: 0
 from dn=a14cd1ab-7861-42f9-8639-15260a7193f0(localhost/127.0.0.1).
java.io.IOException: Datanode=a14cd1ab-7861-42f9-8639-15260a7193f0(localhost/127.0.0.1) not part of pipeline=PipelineID=45cc3e2a-c500-4acc-a03a-a9cccc3d9481
	at org.apache.hadoop.hdds.scm.pipeline.Pipeline.reportDatanode(Pipeline.java:339)
	at org.apache.hadoop.hdds.scm.pipeline.PipelineReportHandler.setReportedDatanode(PipelineReportHandler.java:160)
	at org.apache.hadoop.hdds.scm.pipeline.PipelineReportHandler.processPipelineReport(PipelineReportHandler.java:135)
	at org.apache.hadoop.hdds.scm.pipeline.PipelineReportHandler.onMessage(PipelineReportHandler.java:94)
	at org.apache.hadoop.hdds.scm.pipeline.PipelineReportHandler.onMessage(PipelineReportHandler.java:53)
	at org.apache.hadoop.hdds.server.events.SingleThreadExecutor.lambda$onMessage$1(SingleThreadExecutor.java:86)
	at java.base/java.util.concurrent.ThreadPoolExecutor.runWorker(ThreadPoolExecutor.java:1144)
	at java.base/java.util.concurrent.ThreadPoolExecutor$Worker.run(ThreadPoolExecutor.java:642)
	at java.base/java.lang.Thread.run(Thread.java:1583)
2025-01-11 15:27:41,576 [EventQueue-PipelineReportForPipelineReportHandler] ERROR pipeline.PipelineReportHandler (PipelineReportHandler.java:onMessage(101)) - Could not process pipeline report=pipelineID {
  id: "45cc3e2a-c500-4acc-a03a-a9cccc3d9481"
  uuid128 {
    mostSigBits: 5029463237280680652
    leastSigBits: -6901016781926853503
  }
}
isLeader: false
bytesWritten: 0
 from dn=a14cd1ab-7861-42f9-8639-15260a7193f0(localhost/127.0.0.1).
java.io.IOException: Datanode=a14cd1ab-7861-42f9-8639-15260a7193f0(localhost/127.0.0.1) not part of pipeline=PipelineID=45cc3e2a-c500-4acc-a03a-a9cccc3d9481
	at org.apache.hadoop.hdds.scm.pipeline.Pipeline.reportDatanode(Pipeline.java:339)
	at org.apache.hadoop.hdds.scm.pipeline.PipelineReportHandler.setReportedDatanode(PipelineReportHandler.java:160)
	at org.apache.hadoop.hdds.scm.pipeline.PipelineReportHandler.processPipelineReport(PipelineReportHandler.java:135)
	at org.apache.hadoop.hdds.scm.pipeline.PipelineReportHandler.onMessage(PipelineReportHandler.java:94)
	at org.apache.hadoop.hdds.scm.pipeline.PipelineReportHandler.onMessage(PipelineReportHandler.java:53)
	at org.apache.hadoop.hdds.server.events.SingleThreadExecutor.lambda$onMessage$1(SingleThreadExecutor.java:86)
	at java.base/java.util.concurrent.ThreadPoolExecutor.runWorker(ThreadPoolExecutor.java:1144)
	at java.base/java.util.concurrent.ThreadPoolExecutor$Worker.run(ThreadPoolExecutor.java:642)
	at java.base/java.lang.Thread.run(Thread.java:1583)
2025-01-11 15:27:41,776 [EventQueue-PipelineReportForPipelineReportHandler] ERROR pipeline.PipelineReportHandler (PipelineReportHandler.java:onMessage(101)) - Could not process pipeline report=pipelineID {
  id: "45cc3e2a-c500-4acc-a03a-a9cccc3d9481"
  uuid128 {
    mostSigBits: 5029463237280680652
    leastSigBits: -6901016781926853503
  }
}
isLeader: false
bytesWritten: 0
 from dn=a14cd1ab-7861-42f9-8639-15260a7193f0(localhost/127.0.0.1).
java.io.IOException: Datanode=a14cd1ab-7861-42f9-8639-15260a7193f0(localhost/127.0.0.1) not part of pipeline=PipelineID=45cc3e2a-c500-4acc-a03a-a9cccc3d9481
	at org.apache.hadoop.hdds.scm.pipeline.Pipeline.reportDatanode(Pipeline.java:339)
	at org.apache.hadoop.hdds.scm.pipeline.PipelineReportHandler.setReportedDatanode(PipelineReportHandler.java:160)
	at org.apache.hadoop.hdds.scm.pipeline.PipelineReportHandler.processPipelineReport(PipelineReportHandler.java:135)
	at org.apache.hadoop.hdds.scm.pipeline.PipelineReportHandler.onMessage(PipelineReportHandler.java:94)
	at org.apache.hadoop.hdds.scm.pipeline.PipelineReportHandler.onMessage(PipelineReportHandler.java:53)
	at org.apache.hadoop.hdds.server.events.SingleThreadExecutor.lambda$onMessage$1(SingleThreadExecutor.java:86)
	at java.base/java.util.concurrent.ThreadPoolExecutor.runWorker(ThreadPoolExecutor.java:1144)
	at java.base/java.util.concurrent.ThreadPoolExecutor$Worker.run(ThreadPoolExecutor.java:642)
	at java.base/java.lang.Thread.run(Thread.java:1583)
2025-01-11 15:27:41,976 [EventQueue-PipelineReportForPipelineReportHandler] ERROR pipeline.PipelineReportHandler (PipelineReportHandler.java:onMessage(101)) - Could not process pipeline report=pipelineID {
  id: "45cc3e2a-c500-4acc-a03a-a9cccc3d9481"
  uuid128 {
    mostSigBits: 5029463237280680652
    leastSigBits: -6901016781926853503
  }
}
isLeader: false
bytesWritten: 0
 from dn=a14cd1ab-7861-42f9-8639-15260a7193f0(localhost/127.0.0.1).
java.io.IOException: Datanode=a14cd1ab-7861-42f9-8639-15260a7193f0(localhost/127.0.0.1) not part of pipeline=PipelineID=45cc3e2a-c500-4acc-a03a-a9cccc3d9481
	at org.apache.hadoop.hdds.scm.pipeline.Pipeline.reportDatanode(Pipeline.java:339)
	at org.apache.hadoop.hdds.scm.pipeline.PipelineReportHandler.setReportedDatanode(PipelineReportHandler.java:160)
	at org.apache.hadoop.hdds.scm.pipeline.PipelineReportHandler.processPipelineReport(PipelineReportHandler.java:135)
	at org.apache.hadoop.hdds.scm.pipeline.PipelineReportHandler.onMessage(PipelineReportHandler.java:94)
	at org.apache.hadoop.hdds.scm.pipeline.PipelineReportHandler.onMessage(PipelineReportHandler.java:53)
	at org.apache.hadoop.hdds.server.events.SingleThreadExecutor.lambda$onMessage$1(SingleThreadExecutor.java:86)
	at java.base/java.util.concurrent.ThreadPoolExecutor.runWorker(ThreadPoolExecutor.java:1144)
	at java.base/java.util.concurrent.ThreadPoolExecutor$Worker.run(ThreadPoolExecutor.java:642)
	at java.base/java.lang.Thread.run(Thread.java:1583)
2025-01-11 15:27:42,076 [timer3] WARN  server.GrpcLogAppender (GrpcLogAppender.java:timeoutAppendRequest(441)) - fc60e07f-496f-42fe-ae82-620152583f87@group-A7184706D343->4ba790b6-f5d5-4c4e-97f5-f1f66fb5d3d4-GrpcLogAppender: Timed out HEARTBEAT appendEntries, errorCount=67, request=AppendEntriesRequest:cid=9449,entriesCount=0
2025-01-11 15:27:42,177 [EventQueue-PipelineReportForPipelineReportHandler] ERROR pipeline.PipelineReportHandler (PipelineReportHandler.java:onMessage(101)) - Could not process pipeline report=pipelineID {
  id: "45cc3e2a-c500-4acc-a03a-a9cccc3d9481"
  uuid128 {
    mostSigBits: 5029463237280680652
    leastSigBits: -6901016781926853503
  }
}
isLeader: false
bytesWritten: 0
 from dn=a14cd1ab-7861-42f9-8639-15260a7193f0(localhost/127.0.0.1).
java.io.IOException: Datanode=a14cd1ab-7861-42f9-8639-15260a7193f0(localhost/127.0.0.1) not part of pipeline=PipelineID=45cc3e2a-c500-4acc-a03a-a9cccc3d9481
	at org.apache.hadoop.hdds.scm.pipeline.Pipeline.reportDatanode(Pipeline.java:339)
	at org.apache.hadoop.hdds.scm.pipeline.PipelineReportHandler.setReportedDatanode(PipelineReportHandler.java:160)
	at org.apache.hadoop.hdds.scm.pipeline.PipelineReportHandler.processPipelineReport(PipelineReportHandler.java:135)
	at org.apache.hadoop.hdds.scm.pipeline.PipelineReportHandler.onMessage(PipelineReportHandler.java:94)
	at org.apache.hadoop.hdds.scm.pipeline.PipelineReportHandler.onMessage(PipelineReportHandler.java:53)
	at org.apache.hadoop.hdds.server.events.SingleThreadExecutor.lambda$onMessage$1(SingleThreadExecutor.java:86)
	at java.base/java.util.concurrent.ThreadPoolExecutor.runWorker(ThreadPoolExecutor.java:1144)
	at java.base/java.util.concurrent.ThreadPoolExecutor$Worker.run(ThreadPoolExecutor.java:642)
	at java.base/java.lang.Thread.run(Thread.java:1583)
2025-01-11 15:27:42,329 [d1093f6a-6992-456d-ac47-966fa1bbc12e-BlockDeletingService#0] INFO  interfaces.ContainerDeletionChoosingPolicyTemplate (ContainerDeletionChoosingPolicyTemplate.java:chooseContainerForBlockDeletion(85)) - Chosen 0/5000 blocks from 0 candidate containers.
2025-01-11 15:27:42,378 [EventQueue-PipelineReportForPipelineReportHandler] ERROR pipeline.PipelineReportHandler (PipelineReportHandler.java:onMessage(101)) - Could not process pipeline report=pipelineID {
  id: "45cc3e2a-c500-4acc-a03a-a9cccc3d9481"
  uuid128 {
    mostSigBits: 5029463237280680652
    leastSigBits: -6901016781926853503
  }
}
isLeader: false
bytesWritten: 0
 from dn=a14cd1ab-7861-42f9-8639-15260a7193f0(localhost/127.0.0.1).
java.io.IOException: Datanode=a14cd1ab-7861-42f9-8639-15260a7193f0(localhost/127.0.0.1) not part of pipeline=PipelineID=45cc3e2a-c500-4acc-a03a-a9cccc3d9481
	at org.apache.hadoop.hdds.scm.pipeline.Pipeline.reportDatanode(Pipeline.java:339)
	at org.apache.hadoop.hdds.scm.pipeline.PipelineReportHandler.setReportedDatanode(PipelineReportHandler.java:160)
	at org.apache.hadoop.hdds.scm.pipeline.PipelineReportHandler.processPipelineReport(PipelineReportHandler.java:135)
	at org.apache.hadoop.hdds.scm.pipeline.PipelineReportHandler.onMessage(PipelineReportHandler.java:94)
	at org.apache.hadoop.hdds.scm.pipeline.PipelineReportHandler.onMessage(PipelineReportHandler.java:53)
	at org.apache.hadoop.hdds.server.events.SingleThreadExecutor.lambda$onMessage$1(SingleThreadExecutor.java:86)
	at java.base/java.util.concurrent.ThreadPoolExecutor.runWorker(ThreadPoolExecutor.java:1144)
	at java.base/java.util.concurrent.ThreadPoolExecutor$Worker.run(ThreadPoolExecutor.java:642)
	at java.base/java.lang.Thread.run(Thread.java:1583)
2025-01-11 15:27:42,577 [EventQueue-PipelineReportForPipelineReportHandler] ERROR pipeline.PipelineReportHandler (PipelineReportHandler.java:onMessage(101)) - Could not process pipeline report=pipelineID {
  id: "45cc3e2a-c500-4acc-a03a-a9cccc3d9481"
  uuid128 {
    mostSigBits: 5029463237280680652
    leastSigBits: -6901016781926853503
  }
}
isLeader: false
bytesWritten: 0
 from dn=a14cd1ab-7861-42f9-8639-15260a7193f0(localhost/127.0.0.1).
java.io.IOException: Datanode=a14cd1ab-7861-42f9-8639-15260a7193f0(localhost/127.0.0.1) not part of pipeline=PipelineID=45cc3e2a-c500-4acc-a03a-a9cccc3d9481
	at org.apache.hadoop.hdds.scm.pipeline.Pipeline.reportDatanode(Pipeline.java:339)
	at org.apache.hadoop.hdds.scm.pipeline.PipelineReportHandler.setReportedDatanode(PipelineReportHandler.java:160)
	at org.apache.hadoop.hdds.scm.pipeline.PipelineReportHandler.processPipelineReport(PipelineReportHandler.java:135)
	at org.apache.hadoop.hdds.scm.pipeline.PipelineReportHandler.onMessage(PipelineReportHandler.java:94)
	at org.apache.hadoop.hdds.scm.pipeline.PipelineReportHandler.onMessage(PipelineReportHandler.java:53)
	at org.apache.hadoop.hdds.server.events.SingleThreadExecutor.lambda$onMessage$1(SingleThreadExecutor.java:86)
	at java.base/java.util.concurrent.ThreadPoolExecutor.runWorker(ThreadPoolExecutor.java:1144)
	at java.base/java.util.concurrent.ThreadPoolExecutor$Worker.run(ThreadPoolExecutor.java:642)
	at java.base/java.lang.Thread.run(Thread.java:1583)
2025-01-11 15:27:42,977 [EventQueue-PipelineReportForPipelineReportHandler] ERROR pipeline.PipelineReportHandler (PipelineReportHandler.java:onMessage(101)) - Could not process pipeline report=pipelineID {
  id: "45cc3e2a-c500-4acc-a03a-a9cccc3d9481"
  uuid128 {
    mostSigBits: 5029463237280680652
    leastSigBits: -6901016781926853503
  }
}
isLeader: false
bytesWritten: 0
 from dn=a14cd1ab-7861-42f9-8639-15260a7193f0(localhost/127.0.0.1).
java.io.IOException: Datanode=a14cd1ab-7861-42f9-8639-15260a7193f0(localhost/127.0.0.1) not part of pipeline=PipelineID=45cc3e2a-c500-4acc-a03a-a9cccc3d9481
	at org.apache.hadoop.hdds.scm.pipeline.Pipeline.reportDatanode(Pipeline.java:339)
	at org.apache.hadoop.hdds.scm.pipeline.PipelineReportHandler.setReportedDatanode(PipelineReportHandler.java:160)
	at org.apache.hadoop.hdds.scm.pipeline.PipelineReportHandler.processPipelineReport(PipelineReportHandler.java:135)
	at org.apache.hadoop.hdds.scm.pipeline.PipelineReportHandler.onMessage(PipelineReportHandler.java:94)
	at org.apache.hadoop.hdds.scm.pipeline.PipelineReportHandler.onMessage(PipelineReportHandler.java:53)
	at org.apache.hadoop.hdds.server.events.SingleThreadExecutor.lambda$onMessage$1(SingleThreadExecutor.java:86)
	at java.base/java.util.concurrent.ThreadPoolExecutor.runWorker(ThreadPoolExecutor.java:1144)
	at java.base/java.util.concurrent.ThreadPoolExecutor$Worker.run(ThreadPoolExecutor.java:642)
	at java.base/java.lang.Thread.run(Thread.java:1583)
2025-01-11 15:27:43,177 [EventQueue-PipelineReportForPipelineReportHandler] ERROR pipeline.PipelineReportHandler (PipelineReportHandler.java:onMessage(101)) - Could not process pipeline report=pipelineID {
  id: "45cc3e2a-c500-4acc-a03a-a9cccc3d9481"
  uuid128 {
    mostSigBits: 5029463237280680652
    leastSigBits: -6901016781926853503
  }
}
isLeader: false
bytesWritten: 0
 from dn=a14cd1ab-7861-42f9-8639-15260a7193f0(localhost/127.0.0.1).
java.io.IOException: Datanode=a14cd1ab-7861-42f9-8639-15260a7193f0(localhost/127.0.0.1) not part of pipeline=PipelineID=45cc3e2a-c500-4acc-a03a-a9cccc3d9481
	at org.apache.hadoop.hdds.scm.pipeline.Pipeline.reportDatanode(Pipeline.java:339)
	at org.apache.hadoop.hdds.scm.pipeline.PipelineReportHandler.setReportedDatanode(PipelineReportHandler.java:160)
	at org.apache.hadoop.hdds.scm.pipeline.PipelineReportHandler.processPipelineReport(PipelineReportHandler.java:135)
	at org.apache.hadoop.hdds.scm.pipeline.PipelineReportHandler.onMessage(PipelineReportHandler.java:94)
	at org.apache.hadoop.hdds.scm.pipeline.PipelineReportHandler.onMessage(PipelineReportHandler.java:53)
	at org.apache.hadoop.hdds.server.events.SingleThreadExecutor.lambda$onMessage$1(SingleThreadExecutor.java:86)
	at java.base/java.util.concurrent.ThreadPoolExecutor.runWorker(ThreadPoolExecutor.java:1144)
	at java.base/java.util.concurrent.ThreadPoolExecutor$Worker.run(ThreadPoolExecutor.java:642)
	at java.base/java.lang.Thread.run(Thread.java:1583)
2025-01-11 15:27:43,377 [EventQueue-PipelineReportForPipelineReportHandler] ERROR pipeline.PipelineReportHandler (PipelineReportHandler.java:onMessage(101)) - Could not process pipeline report=pipelineID {
  id: "45cc3e2a-c500-4acc-a03a-a9cccc3d9481"
  uuid128 {
    mostSigBits: 5029463237280680652
    leastSigBits: -6901016781926853503
  }
}
isLeader: false
bytesWritten: 0
 from dn=a14cd1ab-7861-42f9-8639-15260a7193f0(localhost/127.0.0.1).
java.io.IOException: Datanode=a14cd1ab-7861-42f9-8639-15260a7193f0(localhost/127.0.0.1) not part of pipeline=PipelineID=45cc3e2a-c500-4acc-a03a-a9cccc3d9481
	at org.apache.hadoop.hdds.scm.pipeline.Pipeline.reportDatanode(Pipeline.java:339)
	at org.apache.hadoop.hdds.scm.pipeline.PipelineReportHandler.setReportedDatanode(PipelineReportHandler.java:160)
	at org.apache.hadoop.hdds.scm.pipeline.PipelineReportHandler.processPipelineReport(PipelineReportHandler.java:135)
	at org.apache.hadoop.hdds.scm.pipeline.PipelineReportHandler.onMessage(PipelineReportHandler.java:94)
	at org.apache.hadoop.hdds.scm.pipeline.PipelineReportHandler.onMessage(PipelineReportHandler.java:53)
	at org.apache.hadoop.hdds.server.events.SingleThreadExecutor.lambda$onMessage$1(SingleThreadExecutor.java:86)
	at java.base/java.util.concurrent.ThreadPoolExecutor.runWorker(ThreadPoolExecutor.java:1144)
	at java.base/java.util.concurrent.ThreadPoolExecutor$Worker.run(ThreadPoolExecutor.java:642)
	at java.base/java.lang.Thread.run(Thread.java:1583)
2025-01-11 15:27:43,577 [EventQueue-PipelineReportForPipelineReportHandler] ERROR pipeline.PipelineReportHandler (PipelineReportHandler.java:onMessage(101)) - Could not process pipeline report=pipelineID {
  id: "45cc3e2a-c500-4acc-a03a-a9cccc3d9481"
  uuid128 {
    mostSigBits: 5029463237280680652
    leastSigBits: -6901016781926853503
  }
}
isLeader: false
bytesWritten: 0
 from dn=a14cd1ab-7861-42f9-8639-15260a7193f0(localhost/127.0.0.1).
java.io.IOException: Datanode=a14cd1ab-7861-42f9-8639-15260a7193f0(localhost/127.0.0.1) not part of pipeline=PipelineID=45cc3e2a-c500-4acc-a03a-a9cccc3d9481
	at org.apache.hadoop.hdds.scm.pipeline.Pipeline.reportDatanode(Pipeline.java:339)
	at org.apache.hadoop.hdds.scm.pipeline.PipelineReportHandler.setReportedDatanode(PipelineReportHandler.java:160)
	at org.apache.hadoop.hdds.scm.pipeline.PipelineReportHandler.processPipelineReport(PipelineReportHandler.java:135)
	at org.apache.hadoop.hdds.scm.pipeline.PipelineReportHandler.onMessage(PipelineReportHandler.java:94)
	at org.apache.hadoop.hdds.scm.pipeline.PipelineReportHandler.onMessage(PipelineReportHandler.java:53)
	at org.apache.hadoop.hdds.server.events.SingleThreadExecutor.lambda$onMessage$1(SingleThreadExecutor.java:86)
	at java.base/java.util.concurrent.ThreadPoolExecutor.runWorker(ThreadPoolExecutor.java:1144)
	at java.base/java.util.concurrent.ThreadPoolExecutor$Worker.run(ThreadPoolExecutor.java:642)
	at java.base/java.lang.Thread.run(Thread.java:1583)
2025-01-11 15:27:43,641 [fc60e07f-496f-42fe-ae82-620152583f87@group-B0CD692FEFE8-StateMachineUpdater] INFO  ratis.ContainerStateMachine (ContainerStateMachine.java:takeSnapshot(378)) - group-B0CD692FEFE8: Taking a snapshot at:(t:1, i:16) file /home/runner/work/ozone/ozone/hadoop-ozone/integration-test/target/test-dir/MiniOzoneClusterImpl-7d8e89df-ef81-4ba3-8c0c-8d2bb8f5309d/ozone-meta/datanode-5/ratis/28558f4e-315c-45f0-bb78-b0cd692fefe8/sm/snapshot.1_16
2025-01-11 15:27:43,644 [fc60e07f-496f-42fe-ae82-620152583f87@group-B0CD692FEFE8-StateMachineUpdater] INFO  ratis.ContainerStateMachine (ContainerStateMachine.java:takeSnapshot(389)) - group-B0CD692FEFE8: Finished taking a snapshot at:(t:1, i:16) file:/home/runner/work/ozone/ozone/hadoop-ozone/integration-test/target/test-dir/MiniOzoneClusterImpl-7d8e89df-ef81-4ba3-8c0c-8d2bb8f5309d/ozone-meta/datanode-5/ratis/28558f4e-315c-45f0-bb78-b0cd692fefe8/sm/snapshot.1_16 took: 4 ms
2025-01-11 15:27:43,644 [fc60e07f-496f-42fe-ae82-620152583f87@group-B0CD692FEFE8-StateMachineUpdater] INFO  impl.SimpleStateMachineStorage (SimpleStateMachineStorage.java:lambda$cleanupOldSnapshots$1(126)) - Deleting old snapshot at /home/runner/work/ozone/ozone/hadoop-ozone/integration-test/target/test-dir/MiniOzoneClusterImpl-7d8e89df-ef81-4ba3-8c0c-8d2bb8f5309d/ozone-meta/datanode-5/ratis/28558f4e-315c-45f0-bb78-b0cd692fefe8/sm/snapshot.1_5
2025-01-11 15:27:43,645 [fc60e07f-496f-42fe-ae82-620152583f87@group-B0CD692FEFE8-StateMachineUpdater] INFO  impl.StateMachineUpdater (StateMachineUpdater.java:takeSnapshot(303)) - fc60e07f-496f-42fe-ae82-620152583f87@group-B0CD692FEFE8-StateMachineUpdater: Took a snapshot at index 16
2025-01-11 15:27:43,645 [fc60e07f-496f-42fe-ae82-620152583f87@group-B0CD692FEFE8-StateMachineUpdater] INFO  impl.StateMachineUpdater (StateMachineUpdater.java:lambda$new$0(102)) - fc60e07f-496f-42fe-ae82-620152583f87@group-B0CD692FEFE8-StateMachineUpdater: snapshotIndex: updateIncreasingly 14 -> 16
2025-01-11 15:27:43,777 [EventQueue-PipelineReportForPipelineReportHandler] ERROR pipeline.PipelineReportHandler (PipelineReportHandler.java:onMessage(101)) - Could not process pipeline report=pipelineID {
  id: "45cc3e2a-c500-4acc-a03a-a9cccc3d9481"
  uuid128 {
    mostSigBits: 5029463237280680652
    leastSigBits: -6901016781926853503
  }
}
isLeader: false
bytesWritten: 0
 from dn=a14cd1ab-7861-42f9-8639-15260a7193f0(localhost/127.0.0.1).
java.io.IOException: Datanode=a14cd1ab-7861-42f9-8639-15260a7193f0(localhost/127.0.0.1) not part of pipeline=PipelineID=45cc3e2a-c500-4acc-a03a-a9cccc3d9481
	at org.apache.hadoop.hdds.scm.pipeline.Pipeline.reportDatanode(Pipeline.java:339)
	at org.apache.hadoop.hdds.scm.pipeline.PipelineReportHandler.setReportedDatanode(PipelineReportHandler.java:160)
	at org.apache.hadoop.hdds.scm.pipeline.PipelineReportHandler.processPipelineReport(PipelineReportHandler.java:135)
	at org.apache.hadoop.hdds.scm.pipeline.PipelineReportHandler.onMessage(PipelineReportHandler.java:94)
	at org.apache.hadoop.hdds.scm.pipeline.PipelineReportHandler.onMessage(PipelineReportHandler.java:53)
	at org.apache.hadoop.hdds.server.events.SingleThreadExecutor.lambda$onMessage$1(SingleThreadExecutor.java:86)
	at java.base/java.util.concurrent.ThreadPoolExecutor.runWorker(ThreadPoolExecutor.java:1144)
	at java.base/java.util.concurrent.ThreadPoolExecutor$Worker.run(ThreadPoolExecutor.java:642)
	at java.base/java.lang.Thread.run(Thread.java:1583)
2025-01-11 15:27:43,782 [BackgroundPipelineScrubber] INFO  pipeline.PipelineManagerImpl (PipelineManagerImpl.java:scrubPipelines(610)) - Scrubbing pipeline: id: PipelineID=45cc3e2a-c500-4acc-a03a-a9cccc3d9481 since it stays at CLOSED stage.
2025-01-11 15:27:43,782 [BackgroundPipelineScrubber] INFO  pipeline.RatisPipelineProvider (RatisPipelineProvider.java:lambda$close$4(270)) - Send pipeline:PipelineID=45cc3e2a-c500-4acc-a03a-a9cccc3d9481 close command to datanode 4ba790b6-f5d5-4c4e-97f5-f1f66fb5d3d4
2025-01-11 15:27:43,783 [BackgroundPipelineScrubber] INFO  pipeline.PipelineManagerImpl (PipelineManagerImpl.java:removePipeline(459)) - Pipeline Pipeline[ Id: 45cc3e2a-c500-4acc-a03a-a9cccc3d9481, Nodes: 4ba790b6-f5d5-4c4e-97f5-f1f66fb5d3d4(localhost/127.0.0.1) ReplicaIndex: 0, ReplicationConfig: RATIS/ONE, State:CLOSED, leaderId:4ba790b6-f5d5-4c4e-97f5-f1f66fb5d3d4, CreationTimestamp2025-01-11T15:26:46.441Z[Etc/UTC]] removed.
2025-01-11 15:27:43,783 [BackgroundPipelineScrubber] INFO  pipeline.PipelineManagerImpl (PipelineManagerImpl.java:scrubPipelines(610)) - Scrubbing pipeline: id: PipelineID=28558f4e-315c-45f0-bb78-b0cd692fefe8 since it stays at CLOSED stage.
2025-01-11 15:27:43,783 [BackgroundPipelineScrubber] INFO  pipeline.RatisPipelineProvider (RatisPipelineProvider.java:lambda$close$4(270)) - Send pipeline:PipelineID=28558f4e-315c-45f0-bb78-b0cd692fefe8 close command to datanode 4ba790b6-f5d5-4c4e-97f5-f1f66fb5d3d4
2025-01-11 15:27:43,783 [BackgroundPipelineScrubber] INFO  pipeline.RatisPipelineProvider (RatisPipelineProvider.java:lambda$close$4(270)) - Send pipeline:PipelineID=28558f4e-315c-45f0-bb78-b0cd692fefe8 close command to datanode 84b435bb-d41b-4758-bf48-ce9052c81d4a
2025-01-11 15:27:43,783 [BackgroundPipelineScrubber] INFO  pipeline.RatisPipelineProvider (RatisPipelineProvider.java:lambda$close$4(270)) - Send pipeline:PipelineID=28558f4e-315c-45f0-bb78-b0cd692fefe8 close command to datanode fc60e07f-496f-42fe-ae82-620152583f87
2025-01-11 15:27:43,784 [BackgroundPipelineScrubber] INFO  pipeline.PipelineManagerImpl (PipelineManagerImpl.java:removePipeline(459)) - Pipeline Pipeline[ Id: 28558f4e-315c-45f0-bb78-b0cd692fefe8, Nodes: 4ba790b6-f5d5-4c4e-97f5-f1f66fb5d3d4(localhost/127.0.0.1) ReplicaIndex: 084b435bb-d41b-4758-bf48-ce9052c81d4a(localhost/127.0.0.1) ReplicaIndex: 0fc60e07f-496f-42fe-ae82-620152583f87(localhost/127.0.0.1) ReplicaIndex: 0, ReplicationConfig: RATIS/THREE, State:CLOSED, leaderId:84b435bb-d41b-4758-bf48-ce9052c81d4a, CreationTimestamp2025-01-11T15:25:11.433Z[Etc/UTC]] removed.
2025-01-11 15:27:43,785 [BackgroundPipelineScrubber] INFO  pipeline.PipelineManagerImpl (PipelineManagerImpl.java:scrubPipelines(610)) - Scrubbing pipeline: id: PipelineID=8ef3bc64-5854-4584-910e-a7184706d343 since it stays at CLOSED stage.
2025-01-11 15:27:43,785 [BackgroundPipelineScrubber] INFO  pipeline.RatisPipelineProvider (RatisPipelineProvider.java:lambda$close$4(270)) - Send pipeline:PipelineID=8ef3bc64-5854-4584-910e-a7184706d343 close command to datanode 4ba790b6-f5d5-4c4e-97f5-f1f66fb5d3d4
2025-01-11 15:27:43,785 [BackgroundPipelineScrubber] INFO  pipeline.RatisPipelineProvider (RatisPipelineProvider.java:lambda$close$4(270)) - Send pipeline:PipelineID=8ef3bc64-5854-4584-910e-a7184706d343 close command to datanode fc60e07f-496f-42fe-ae82-620152583f87
2025-01-11 15:27:43,785 [BackgroundPipelineScrubber] INFO  pipeline.RatisPipelineProvider (RatisPipelineProvider.java:lambda$close$4(270)) - Send pipeline:PipelineID=8ef3bc64-5854-4584-910e-a7184706d343 close command to datanode 84b435bb-d41b-4758-bf48-ce9052c81d4a
2025-01-11 15:27:43,786 [BackgroundPipelineScrubber] INFO  pipeline.PipelineManagerImpl (PipelineManagerImpl.java:removePipeline(459)) - Pipeline Pipeline[ Id: 8ef3bc64-5854-4584-910e-a7184706d343, Nodes: 4ba790b6-f5d5-4c4e-97f5-f1f66fb5d3d4(localhost/127.0.0.1) ReplicaIndex: 0fc60e07f-496f-42fe-ae82-620152583f87(localhost/127.0.0.1) ReplicaIndex: 084b435bb-d41b-4758-bf48-ce9052c81d4a(localhost/127.0.0.1) ReplicaIndex: 0, ReplicationConfig: RATIS/THREE, State:CLOSED, leaderId:fc60e07f-496f-42fe-ae82-620152583f87, CreationTimestamp2025-01-11T15:25:11.429Z[Etc/UTC]] removed.
2025-01-11 15:27:43,942 [EventQueue-PipelineReportForPipelineReportHandler] INFO  pipeline.PipelineReportHandler (PipelineReportHandler.java:handlePipelineNotFoundException(111)) - Pipeline PipelineID=8ef3bc64-5854-4584-910e-a7184706d343, reported by datanode 84b435bb-d41b-4758-bf48-ce9052c81d4a(localhost/127.0.0.1) is not found.
2025-01-11 15:27:43,942 [EventQueue-PipelineReportForPipelineReportHandler] INFO  pipeline.PipelineReportHandler (PipelineReportHandler.java:handlePipelineNotFoundException(111)) - Pipeline PipelineID=28558f4e-315c-45f0-bb78-b0cd692fefe8, reported by datanode 84b435bb-d41b-4758-bf48-ce9052c81d4a(localhost/127.0.0.1) is not found.
2025-01-11 15:27:43,945 [EventQueue-PipelineReportForPipelineReportHandler] INFO  pipeline.PipelineReportHandler (PipelineReportHandler.java:handlePipelineNotFoundException(111)) - Pipeline PipelineID=8ef3bc64-5854-4584-910e-a7184706d343, reported by datanode fc60e07f-496f-42fe-ae82-620152583f87(localhost/127.0.0.1) is not found.
2025-01-11 15:27:43,945 [EventQueue-PipelineReportForPipelineReportHandler] INFO  pipeline.PipelineReportHandler (PipelineReportHandler.java:handlePipelineNotFoundException(111)) - Pipeline PipelineID=28558f4e-315c-45f0-bb78-b0cd692fefe8, reported by datanode fc60e07f-496f-42fe-ae82-620152583f87(localhost/127.0.0.1) is not found.
2025-01-11 15:27:43,977 [EventQueue-PipelineReportForPipelineReportHandler] INFO  pipeline.PipelineReportHandler (PipelineReportHandler.java:handlePipelineNotFoundException(111)) - Pipeline PipelineID=45cc3e2a-c500-4acc-a03a-a9cccc3d9481, reported by datanode a14cd1ab-7861-42f9-8639-15260a7193f0(localhost/127.0.0.1) is not found.
2025-01-11 15:27:44,142 [EventQueue-PipelineReportForPipelineReportHandler] INFO  pipeline.PipelineReportHandler (PipelineReportHandler.java:handlePipelineNotFoundException(111)) - Pipeline PipelineID=8ef3bc64-5854-4584-910e-a7184706d343, reported by datanode 84b435bb-d41b-4758-bf48-ce9052c81d4a(localhost/127.0.0.1) is not found.
2025-01-11 15:27:44,142 [EventQueue-PipelineReportForPipelineReportHandler] INFO  pipeline.PipelineReportHandler (PipelineReportHandler.java:handlePipelineNotFoundException(111)) - Pipeline PipelineID=28558f4e-315c-45f0-bb78-b0cd692fefe8, reported by datanode 84b435bb-d41b-4758-bf48-ce9052c81d4a(localhost/127.0.0.1) is not found.
2025-01-11 15:27:44,177 [EventQueue-PipelineReportForPipelineReportHandler] INFO  pipeline.PipelineReportHandler (PipelineReportHandler.java:handlePipelineNotFoundException(111)) - Pipeline PipelineID=45cc3e2a-c500-4acc-a03a-a9cccc3d9481, reported by datanode a14cd1ab-7861-42f9-8639-15260a7193f0(localhost/127.0.0.1) is not found.
2025-01-11 15:27:44,342 [EventQueue-PipelineReportForPipelineReportHandler] INFO  pipeline.PipelineReportHandler (PipelineReportHandler.java:handlePipelineNotFoundException(111)) - Pipeline PipelineID=8ef3bc64-5854-4584-910e-a7184706d343, reported by datanode 84b435bb-d41b-4758-bf48-ce9052c81d4a(localhost/127.0.0.1) is not found.
2025-01-11 15:27:44,342 [EventQueue-PipelineReportForPipelineReportHandler] INFO  pipeline.PipelineReportHandler (PipelineReportHandler.java:handlePipelineNotFoundException(111)) - Pipeline PipelineID=28558f4e-315c-45f0-bb78-b0cd692fefe8, reported by datanode 84b435bb-d41b-4758-bf48-ce9052c81d4a(localhost/127.0.0.1) is not found.
2025-01-11 15:27:44,346 [EventQueue-PipelineReportForPipelineReportHandler] INFO  pipeline.PipelineReportHandler (PipelineReportHandler.java:handlePipelineNotFoundException(111)) - Pipeline PipelineID=8ef3bc64-5854-4584-910e-a7184706d343, reported by datanode fc60e07f-496f-42fe-ae82-620152583f87(localhost/127.0.0.1) is not found.
2025-01-11 15:27:44,346 [EventQueue-PipelineReportForPipelineReportHandler] INFO  pipeline.PipelineReportHandler (PipelineReportHandler.java:handlePipelineNotFoundException(111)) - Pipeline PipelineID=28558f4e-315c-45f0-bb78-b0cd692fefe8, reported by datanode fc60e07f-496f-42fe-ae82-620152583f87(localhost/127.0.0.1) is not found.
2025-01-11 15:27:44,378 [EventQueue-PipelineReportForPipelineReportHandler] INFO  pipeline.PipelineReportHandler (PipelineReportHandler.java:handlePipelineNotFoundException(111)) - Pipeline PipelineID=45cc3e2a-c500-4acc-a03a-a9cccc3d9481, reported by datanode a14cd1ab-7861-42f9-8639-15260a7193f0(localhost/127.0.0.1) is not found.
2025-01-11 15:27:44,549 [grpc-default-executor-12] INFO  server.RaftServer (RaftServerProxy.java:remove(111)) - fc60e07f-496f-42fe-ae82-620152583f87: remove  FOLLOWER fc60e07f-496f-42fe-ae82-620152583f87@group-B0CD692FEFE8:t1, leader=84b435bb-d41b-4758-bf48-ce9052c81d4a, voted=84b435bb-d41b-4758-bf48-ce9052c81d4a, raftlog=Memoized:fc60e07f-496f-42fe-ae82-620152583f87@group-B0CD692FEFE8-SegmentedRaftLog:OPENED:c16:last(t:1, i:16), conf=conf: {index: 0, cur=peers:[fc60e07f-496f-42fe-ae82-620152583f87|127.0.0.1:15052, 4ba790b6-f5d5-4c4e-97f5-f1f66fb5d3d4|127.0.0.1:15043, 84b435bb-d41b-4758-bf48-ce9052c81d4a|127.0.0.1:15061]|listeners:[], old=null} RUNNING
2025-01-11 15:27:44,549 [grpc-default-executor-12] INFO  server.RaftServer$Division (RaftServerImpl.java:lambda$close$1(513)) - fc60e07f-496f-42fe-ae82-620152583f87@group-B0CD692FEFE8: shutdown
2025-01-11 15:27:44,550 [grpc-default-executor-12] INFO  util.JmxRegister (JmxRegister.java:unregister(74)) - Successfully un-registered JMX Bean with object name Ratis:service=RaftServer,group=group-B0CD692FEFE8,id=fc60e07f-496f-42fe-ae82-620152583f87
2025-01-11 15:27:44,550 [grpc-default-executor-12] INFO  impl.RoleInfo (RoleInfo.java:shutdownFollowerState(121)) - fc60e07f-496f-42fe-ae82-620152583f87: shutdown fc60e07f-496f-42fe-ae82-620152583f87@group-B0CD692FEFE8-FollowerState
2025-01-11 15:27:44,550 [grpc-default-executor-12] INFO  impl.StateMachineUpdater (StateMachineUpdater.java:stopAndJoin(164)) - fc60e07f-496f-42fe-ae82-620152583f87@group-B0CD692FEFE8-StateMachineUpdater: set stopIndex = 16
2025-01-11 15:27:44,550 [fc60e07f-496f-42fe-ae82-620152583f87@group-B0CD692FEFE8-FollowerState] INFO  impl.FollowerState (FollowerState.java:runImpl(170)) - fc60e07f-496f-42fe-ae82-620152583f87@group-B0CD692FEFE8-FollowerState was interrupted
2025-01-11 15:27:44,550 [fc60e07f-496f-42fe-ae82-620152583f87@group-B0CD692FEFE8-StateMachineUpdater] INFO  impl.StateMachineUpdater (StateMachineUpdater.java:stop(141)) - fc60e07f-496f-42fe-ae82-620152583f87@group-B0CD692FEFE8-StateMachineUpdater: closing ContainerStateMachine, lastApplied=(t:1, i:16)
2025-01-11 15:27:44,551 [EventQueue-PipelineReportForPipelineReportHandler] INFO  pipeline.PipelineReportHandler (PipelineReportHandler.java:handlePipelineNotFoundException(111)) - Pipeline PipelineID=8ef3bc64-5854-4584-910e-a7184706d343, reported by datanode fc60e07f-496f-42fe-ae82-620152583f87(localhost/127.0.0.1) is not found.
2025-01-11 15:27:44,551 [EventQueue-PipelineReportForPipelineReportHandler] INFO  pipeline.PipelineReportHandler (PipelineReportHandler.java:handlePipelineNotFoundException(111)) - Pipeline PipelineID=28558f4e-315c-45f0-bb78-b0cd692fefe8, reported by datanode fc60e07f-496f-42fe-ae82-620152583f87(localhost/127.0.0.1) is not found.
2025-01-11 15:27:44,551 [fc60e07f-496f-42fe-ae82-620152583f87@group-B0CD692FEFE8-cacheEviction-AwaitToRun] INFO  util.AwaitToRun (AwaitToRun.java:run(49)) - fc60e07f-496f-42fe-ae82-620152583f87@group-B0CD692FEFE8-cacheEviction-AwaitToRun-AwaitForSignal is interrupted
2025-01-11 15:27:44,552 [grpc-default-executor-11] WARN  server.RaftServer (RaftServerProxy.java:remove(106)) - a14cd1ab-7861-42f9-8639-15260a7193f0: does not contain group: group-B0CD692FEFE8
2025-01-11 15:27:44,558 [grpc-default-executor-11] INFO  server.RaftServer (RaftServerProxy.java:remove(111)) - 84b435bb-d41b-4758-bf48-ce9052c81d4a: remove    LEADER 84b435bb-d41b-4758-bf48-ce9052c81d4a@group-B0CD692FEFE8:t1, leader=84b435bb-d41b-4758-bf48-ce9052c81d4a, voted=84b435bb-d41b-4758-bf48-ce9052c81d4a, raftlog=Memoized:84b435bb-d41b-4758-bf48-ce9052c81d4a@group-B0CD692FEFE8-SegmentedRaftLog:OPENED:c16:last(t:1, i:16), conf=conf: {index: 0, cur=peers:[fc60e07f-496f-42fe-ae82-620152583f87|127.0.0.1:15052, 4ba790b6-f5d5-4c4e-97f5-f1f66fb5d3d4|127.0.0.1:15043, 84b435bb-d41b-4758-bf48-ce9052c81d4a|127.0.0.1:15061]|listeners:[], old=null} RUNNING
2025-01-11 15:27:44,558 [grpc-default-executor-11] INFO  server.RaftServer$Division (RaftServerImpl.java:lambda$close$1(513)) - 84b435bb-d41b-4758-bf48-ce9052c81d4a@group-B0CD692FEFE8: shutdown
2025-01-11 15:27:44,558 [grpc-default-executor-11] INFO  util.JmxRegister (JmxRegister.java:unregister(74)) - Successfully un-registered JMX Bean with object name Ratis:service=RaftServer,group=group-B0CD692FEFE8,id=84b435bb-d41b-4758-bf48-ce9052c81d4a
2025-01-11 15:27:44,558 [grpc-default-executor-11] INFO  impl.RoleInfo (RoleInfo.java:shutdownLeaderState(103)) - 84b435bb-d41b-4758-bf48-ce9052c81d4a: shutdown 84b435bb-d41b-4758-bf48-ce9052c81d4a@group-B0CD692FEFE8-LeaderStateImpl
2025-01-11 15:27:44,558 [84b435bb-d41b-4758-bf48-ce9052c81d4a@group-B0CD692FEFE8->fc60e07f-496f-42fe-ae82-620152583f87-GrpcLogAppender-LogAppenderDaemon] WARN  server.GrpcLogAppender (GrpcLogAppender.java:mayWait(293)) - 84b435bb-d41b-4758-bf48-ce9052c81d4a@group-B0CD692FEFE8->fc60e07f-496f-42fe-ae82-620152583f87-GrpcLogAppender: Wait interrupted by java.lang.InterruptedException
2025-01-11 15:27:44,558 [84b435bb-d41b-4758-bf48-ce9052c81d4a@group-B0CD692FEFE8->4ba790b6-f5d5-4c4e-97f5-f1f66fb5d3d4-GrpcLogAppender-LogAppenderDaemon] WARN  server.GrpcLogAppender (GrpcLogAppender.java:mayWait(293)) - 84b435bb-d41b-4758-bf48-ce9052c81d4a@group-B0CD692FEFE8->4ba790b6-f5d5-4c4e-97f5-f1f66fb5d3d4-GrpcLogAppender: Wait interrupted by java.lang.InterruptedException
2025-01-11 15:27:44,559 [grpc-default-executor-1] INFO  server.GrpcServerProtocolService (GrpcServerProtocolService.java:onCompleted(157)) - fc60e07f-496f-42fe-ae82-620152583f87: Completed APPEND_ENTRIES, lastRequest: null
2025-01-11 15:27:44,559 [grpc-default-executor-1] INFO  server.GrpcServerProtocolService (GrpcServerProtocolService.java:lambda$onCompleted$5(159)) - fc60e07f-496f-42fe-ae82-620152583f87: Completed APPEND_ENTRIES, lastReply: serverReply {
  requestorId: "84b435bb-d41b-4758-bf48-ce9052c81d4a"
  replyId: "fc60e07f-496f-42fe-ae82-620152583f87"
  raftGroupId {
    id: "(U\217N1\\E\360\273x\260\315i/\357\350"
  }
  callId: 86
  success: true
}
term: 1
nextIndex: 17
followerCommit: 16
matchIndex: 18446744073709551615
isHearbeat: true

2025-01-11 15:27:44,560 [grpc-default-executor-7] INFO  server.GrpcServerProtocolService (GrpcServerProtocolService.java:onCompleted(157)) - a14cd1ab-7861-42f9-8639-15260a7193f0: Completed APPEND_ENTRIES, lastRequest: null
2025-01-11 15:27:44,560 [grpc-default-executor-7] INFO  server.GrpcServerProtocolService (GrpcServerProtocolService.java:lambda$onCompleted$5(159)) - a14cd1ab-7861-42f9-8639-15260a7193f0: Completed APPEND_ENTRIES, lastReply: null
2025-01-11 15:27:44,558 [grpc-default-executor-11] INFO  impl.PendingRequests (PendingRequests.java:sendNotLeaderResponses(287)) - 84b435bb-d41b-4758-bf48-ce9052c81d4a@group-B0CD692FEFE8-PendingRequests: sendNotLeaderResponses
2025-01-11 15:27:44,560 [grpc-default-executor-7] INFO  server.GrpcLogAppender (GrpcLogAppender.java:onCompleted(550)) - 84b435bb-d41b-4758-bf48-ce9052c81d4a@group-B0CD692FEFE8->fc60e07f-496f-42fe-ae82-620152583f87-AppendLogResponseHandler: follower responses appendEntries COMPLETED
2025-01-11 15:27:44,560 [grpc-default-executor-5] INFO  server.GrpcLogAppender (GrpcLogAppender.java:onCompleted(550)) - 84b435bb-d41b-4758-bf48-ce9052c81d4a@group-B0CD692FEFE8->4ba790b6-f5d5-4c4e-97f5-f1f66fb5d3d4-AppendLogResponseHandler: follower responses appendEntries COMPLETED
2025-01-11 15:27:44,562 [grpc-default-executor-11] INFO  impl.StateMachineUpdater (StateMachineUpdater.java:stopAndJoin(164)) - 84b435bb-d41b-4758-bf48-ce9052c81d4a@group-B0CD692FEFE8-StateMachineUpdater: set stopIndex = 16
2025-01-11 15:27:44,562 [84b435bb-d41b-4758-bf48-ce9052c81d4a@group-B0CD692FEFE8-StateMachineUpdater] INFO  ratis.ContainerStateMachine (ContainerStateMachine.java:takeSnapshot(378)) - group-B0CD692FEFE8: Taking a snapshot at:(t:1, i:16) file /home/runner/work/ozone/ozone/hadoop-ozone/integration-test/target/test-dir/MiniOzoneClusterImpl-7d8e89df-ef81-4ba3-8c0c-8d2bb8f5309d/ozone-meta/datanode-6/ratis/28558f4e-315c-45f0-bb78-b0cd692fefe8/sm/snapshot.1_16
2025-01-11 15:27:44,563 [grpc-default-executor-5] INFO  server.GrpcServerProtocolService (GrpcServerProtocolService.java:onCompleted(157)) - fc60e07f-496f-42fe-ae82-620152583f87: Completed APPEND_ENTRIES, lastRequest: 84b435bb-d41b-4758-bf48-ce9052c81d4a->fc60e07f-496f-42fe-ae82-620152583f87#84-t1,previous=(t:1, i:15),leaderCommit=15,initializing? false,entries: size=1, first=(t:1, i:16), METADATAENTRY(c:15)
2025-01-11 15:27:44,563 [grpc-default-executor-5] INFO  server.GrpcServerProtocolService (GrpcServerProtocolService.java:lambda$onCompleted$5(159)) - fc60e07f-496f-42fe-ae82-620152583f87: Completed APPEND_ENTRIES, lastReply: null
2025-01-11 15:27:44,563 [grpc-default-executor-1] INFO  server.GrpcLogAppender (GrpcLogAppender.java:onCompleted(550)) - 84b435bb-d41b-4758-bf48-ce9052c81d4a@group-B0CD692FEFE8->fc60e07f-496f-42fe-ae82-620152583f87-AppendLogResponseHandler: follower responses appendEntries COMPLETED
2025-01-11 15:27:44,563 [grpc-default-executor-1] INFO  server.GrpcServerProtocolService (GrpcServerProtocolService.java:onCompleted(157)) - a14cd1ab-7861-42f9-8639-15260a7193f0: Completed APPEND_ENTRIES, lastRequest: null
2025-01-11 15:27:44,563 [84b435bb-d41b-4758-bf48-ce9052c81d4a@group-B0CD692FEFE8-StateMachineUpdater] INFO  ratis.ContainerStateMachine (ContainerStateMachine.java:takeSnapshot(389)) - group-B0CD692FEFE8: Finished taking a snapshot at:(t:1, i:16) file:/home/runner/work/ozone/ozone/hadoop-ozone/integration-test/target/test-dir/MiniOzoneClusterImpl-7d8e89df-ef81-4ba3-8c0c-8d2bb8f5309d/ozone-meta/datanode-6/ratis/28558f4e-315c-45f0-bb78-b0cd692fefe8/sm/snapshot.1_16 took: 2 ms
2025-01-11 15:27:44,564 [84b435bb-d41b-4758-bf48-ce9052c81d4a@group-B0CD692FEFE8-StateMachineUpdater] INFO  impl.SimpleStateMachineStorage (SimpleStateMachineStorage.java:lambda$cleanupOldSnapshots$1(126)) - Deleting old snapshot at /home/runner/work/ozone/ozone/hadoop-ozone/integration-test/target/test-dir/MiniOzoneClusterImpl-7d8e89df-ef81-4ba3-8c0c-8d2bb8f5309d/ozone-meta/datanode-6/ratis/28558f4e-315c-45f0-bb78-b0cd692fefe8/sm/snapshot.1_4
2025-01-11 15:27:44,564 [84b435bb-d41b-4758-bf48-ce9052c81d4a@group-B0CD692FEFE8-StateMachineUpdater] INFO  impl.StateMachineUpdater (StateMachineUpdater.java:takeSnapshot(303)) - 84b435bb-d41b-4758-bf48-ce9052c81d4a@group-B0CD692FEFE8-StateMachineUpdater: Took a snapshot at index 16
2025-01-11 15:27:44,564 [84b435bb-d41b-4758-bf48-ce9052c81d4a@group-B0CD692FEFE8-StateMachineUpdater] INFO  impl.StateMachineUpdater (StateMachineUpdater.java:lambda$new$0(102)) - 84b435bb-d41b-4758-bf48-ce9052c81d4a@group-B0CD692FEFE8-StateMachineUpdater: snapshotIndex: updateIncreasingly 14 -> 16
2025-01-11 15:27:44,564 [84b435bb-d41b-4758-bf48-ce9052c81d4a@group-B0CD692FEFE8-StateMachineUpdater] INFO  impl.StateMachineUpdater (StateMachineUpdater.java:stop(141)) - 84b435bb-d41b-4758-bf48-ce9052c81d4a@group-B0CD692FEFE8-StateMachineUpdater: closing ContainerStateMachine, lastApplied=(t:1, i:16)
2025-01-11 15:27:44,565 [84b435bb-d41b-4758-bf48-ce9052c81d4a@group-B0CD692FEFE8-cacheEviction-AwaitToRun] INFO  util.AwaitToRun (AwaitToRun.java:run(49)) - 84b435bb-d41b-4758-bf48-ce9052c81d4a@group-B0CD692FEFE8-cacheEviction-AwaitToRun-AwaitForSignal is interrupted
2025-01-11 15:27:44,579 [EventQueue-PipelineReportForPipelineReportHandler] INFO  pipeline.PipelineReportHandler (PipelineReportHandler.java:handlePipelineNotFoundException(111)) - Pipeline PipelineID=45cc3e2a-c500-4acc-a03a-a9cccc3d9481, reported by datanode a14cd1ab-7861-42f9-8639-15260a7193f0(localhost/127.0.0.1) is not found.
2025-01-11 15:27:44,582 [grpc-default-executor-1] INFO  server.RaftServer (RaftServerProxy.java:remove(111)) - a14cd1ab-7861-42f9-8639-15260a7193f0: remove  FOLLOWER a14cd1ab-7861-42f9-8639-15260a7193f0@group-A9CCCC3D9481:t1, leader=null, voted=4ba790b6-f5d5-4c4e-97f5-f1f66fb5d3d4, raftlog=Memoized:a14cd1ab-7861-42f9-8639-15260a7193f0@group-A9CCCC3D9481-SegmentedRaftLog:OPENED:c0:last(t:1, i:0), conf=conf: {index: 0, cur=peers:[4ba790b6-f5d5-4c4e-97f5-f1f66fb5d3d4|127.0.0.1:15043]|listeners:[], old=null} STARTING
2025-01-11 15:27:44,582 [grpc-default-executor-1] INFO  server.RaftServer$Division (RaftServerImpl.java:lambda$close$1(513)) - a14cd1ab-7861-42f9-8639-15260a7193f0@group-A9CCCC3D9481: shutdown
2025-01-11 15:27:44,582 [grpc-default-executor-1] INFO  util.JmxRegister (JmxRegister.java:unregister(74)) - Successfully un-registered JMX Bean with object name Ratis:service=RaftServer,group=group-A9CCCC3D9481,id=a14cd1ab-7861-42f9-8639-15260a7193f0
2025-01-11 15:27:44,582 [grpc-default-executor-1] INFO  impl.StateMachineUpdater (StateMachineUpdater.java:stopAndJoin(164)) - a14cd1ab-7861-42f9-8639-15260a7193f0@group-A9CCCC3D9481-StateMachineUpdater: set stopIndex = 0
2025-01-11 15:27:44,582 [a14cd1ab-7861-42f9-8639-15260a7193f0@group-A9CCCC3D9481-StateMachineUpdater] INFO  impl.StateMachineUpdater (StateMachineUpdater.java:stop(141)) - a14cd1ab-7861-42f9-8639-15260a7193f0@group-A9CCCC3D9481-StateMachineUpdater: closing ContainerStateMachine, lastApplied=(t:1, i:0)
2025-01-11 15:27:44,582 [a14cd1ab-7861-42f9-8639-15260a7193f0@group-A9CCCC3D9481-cacheEviction-AwaitToRun] INFO  util.AwaitToRun (AwaitToRun.java:run(49)) - a14cd1ab-7861-42f9-8639-15260a7193f0@group-A9CCCC3D9481-cacheEviction-AwaitToRun-AwaitForSignal is interrupted
2025-01-11 15:27:44,742 [EventQueue-PipelineReportForPipelineReportHandler] INFO  pipeline.PipelineReportHandler (PipelineReportHandler.java:handlePipelineNotFoundException(111)) - Pipeline PipelineID=8ef3bc64-5854-4584-910e-a7184706d343, reported by datanode 84b435bb-d41b-4758-bf48-ce9052c81d4a(localhost/127.0.0.1) is not found.
2025-01-11 15:27:44,942 [EventQueue-PipelineReportForPipelineReportHandler] INFO  pipeline.PipelineReportHandler (PipelineReportHandler.java:handlePipelineNotFoundException(111)) - Pipeline PipelineID=8ef3bc64-5854-4584-910e-a7184706d343, reported by datanode 84b435bb-d41b-4758-bf48-ce9052c81d4a(localhost/127.0.0.1) is not found.
2025-01-11 15:27:44,953 [EventQueue-PipelineReportForPipelineReportHandler] INFO  pipeline.PipelineReportHandler (PipelineReportHandler.java:handlePipelineNotFoundException(111)) - Pipeline PipelineID=8ef3bc64-5854-4584-910e-a7184706d343, reported by datanode fc60e07f-496f-42fe-ae82-620152583f87(localhost/127.0.0.1) is not found.
2025-01-11 15:27:45,139 [grpc-default-executor-11] INFO  segmented.SegmentedRaftLogWorker (SegmentedRaftLogWorker.java:close(252)) - 84b435bb-d41b-4758-bf48-ce9052c81d4a@group-B0CD692FEFE8-SegmentedRaftLogWorker close()
2025-01-11 15:27:45,140 [grpc-default-executor-12] INFO  segmented.SegmentedRaftLogWorker (SegmentedRaftLogWorker.java:close(252)) - fc60e07f-496f-42fe-ae82-620152583f87@group-B0CD692FEFE8-SegmentedRaftLogWorker close()
2025-01-11 15:27:45,141 [grpc-default-executor-11] INFO  server.RaftServer$Division (RaftServerImpl.java:groupRemove(483)) - 84b435bb-d41b-4758-bf48-ce9052c81d4a@group-B0CD692FEFE8: Succeed to remove RaftStorageDirectory Storage Directory /home/runner/work/ozone/ozone/hadoop-ozone/integration-test/target/test-dir/MiniOzoneClusterImpl-7d8e89df-ef81-4ba3-8c0c-8d2bb8f5309d/ozone-meta/datanode-6/ratis/28558f4e-315c-45f0-bb78-b0cd692fefe8
2025-01-11 15:27:45,142 [grpc-default-executor-12] INFO  server.RaftServer$Division (RaftServerImpl.java:groupRemove(483)) - fc60e07f-496f-42fe-ae82-620152583f87@group-B0CD692FEFE8: Succeed to remove RaftStorageDirectory Storage Directory /home/runner/work/ozone/ozone/hadoop-ozone/integration-test/target/test-dir/MiniOzoneClusterImpl-7d8e89df-ef81-4ba3-8c0c-8d2bb8f5309d/ozone-meta/datanode-5/ratis/28558f4e-315c-45f0-bb78-b0cd692fefe8
2025-01-11 15:27:45,143 [EventQueue-PipelineReportForPipelineReportHandler] INFO  pipeline.PipelineReportHandler (PipelineReportHandler.java:handlePipelineNotFoundException(111)) - Pipeline PipelineID=8ef3bc64-5854-4584-910e-a7184706d343, reported by datanode 84b435bb-d41b-4758-bf48-ce9052c81d4a(localhost/127.0.0.1) is not found.
2025-01-11 15:27:45,143 [fc60e07f-496f-42fe-ae82-620152583f87-PipelineCommandHandlerThread-0] WARN  server.RaftServer (RaftServerProxy.java:remove(106)) - fc60e07f-496f-42fe-ae82-620152583f87: does not contain group: group-B0CD692FEFE8
2025-01-11 15:27:45,148 [grpc-default-executor-12] WARN  server.RaftServer (RaftServerProxy.java:remove(106)) - a14cd1ab-7861-42f9-8639-15260a7193f0: does not contain group: group-B0CD692FEFE8
2025-01-11 15:27:45,150 [EventQueue-PipelineReportForPipelineReportHandler] INFO  pipeline.PipelineReportHandler (PipelineReportHandler.java:handlePipelineNotFoundException(111)) - Pipeline PipelineID=8ef3bc64-5854-4584-910e-a7184706d343, reported by datanode fc60e07f-496f-42fe-ae82-620152583f87(localhost/127.0.0.1) is not found.
2025-01-11 15:27:45,152 [84b435bb-d41b-4758-bf48-ce9052c81d4a-PipelineCommandHandlerThread-0] WARN  server.RaftServer (RaftServerProxy.java:remove(106)) - 84b435bb-d41b-4758-bf48-ce9052c81d4a: does not contain group: group-B0CD692FEFE8
2025-01-11 15:27:45,342 [EventQueue-PipelineReportForPipelineReportHandler] INFO  pipeline.PipelineReportHandler (PipelineReportHandler.java:handlePipelineNotFoundException(111)) - Pipeline PipelineID=8ef3bc64-5854-4584-910e-a7184706d343, reported by datanode 84b435bb-d41b-4758-bf48-ce9052c81d4a(localhost/127.0.0.1) is not found.
2025-01-11 15:27:45,350 [EventQueue-PipelineReportForPipelineReportHandler] INFO  pipeline.PipelineReportHandler (PipelineReportHandler.java:handlePipelineNotFoundException(111)) - Pipeline PipelineID=8ef3bc64-5854-4584-910e-a7184706d343, reported by datanode fc60e07f-496f-42fe-ae82-620152583f87(localhost/127.0.0.1) is not found.
2025-01-11 15:27:45,365 [grpc-default-executor-1] INFO  segmented.SegmentedRaftLogWorker (SegmentedRaftLogWorker.java:close(252)) - a14cd1ab-7861-42f9-8639-15260a7193f0@group-A9CCCC3D9481-SegmentedRaftLogWorker close()
2025-01-11 15:27:45,366 [grpc-default-executor-1] INFO  server.RaftServer$Division (RaftServerImpl.java:groupRemove(483)) - a14cd1ab-7861-42f9-8639-15260a7193f0@group-A9CCCC3D9481: Succeed to remove RaftStorageDirectory Storage Directory /home/runner/work/ozone/ozone/hadoop-ozone/integration-test/target/test-dir/MiniOzoneClusterImpl-7d8e89df-ef81-4ba3-8c0c-8d2bb8f5309d/ozone-meta/datanode-4/ratisd27174d0-35af-4999-b359-9a099c85422c/45cc3e2a-c500-4acc-a03a-a9cccc3d9481
2025-01-11 15:27:45,368 [a14cd1ab-7861-42f9-8639-15260a7193f0-PipelineCommandHandlerThread-0] WARN  server.RaftServer (RaftServerProxy.java:remove(106)) - a14cd1ab-7861-42f9-8639-15260a7193f0: does not contain group: group-A9CCCC3D9481
2025-01-11 15:27:45,542 [EventQueue-PipelineReportForPipelineReportHandler] INFO  pipeline.PipelineReportHandler (PipelineReportHandler.java:handlePipelineNotFoundException(111)) - Pipeline PipelineID=8ef3bc64-5854-4584-910e-a7184706d343, reported by datanode 84b435bb-d41b-4758-bf48-ce9052c81d4a(localhost/127.0.0.1) is not found.
2025-01-11 15:27:45,750 [EventQueue-PipelineReportForPipelineReportHandler] INFO  pipeline.PipelineReportHandler (PipelineReportHandler.java:handlePipelineNotFoundException(111)) - Pipeline PipelineID=8ef3bc64-5854-4584-910e-a7184706d343, reported by datanode fc60e07f-496f-42fe-ae82-620152583f87(localhost/127.0.0.1) is not found.
2025-01-11 15:27:45,941 [EventQueue-PipelineReportForPipelineReportHandler] INFO  pipeline.PipelineReportHandler (PipelineReportHandler.java:handlePipelineNotFoundException(111)) - Pipeline PipelineID=8ef3bc64-5854-4584-910e-a7184706d343, reported by datanode 84b435bb-d41b-4758-bf48-ce9052c81d4a(localhost/127.0.0.1) is not found.
2025-01-11 15:27:45,951 [EventQueue-PipelineReportForPipelineReportHandler] INFO  pipeline.PipelineReportHandler (PipelineReportHandler.java:handlePipelineNotFoundException(111)) - Pipeline PipelineID=8ef3bc64-5854-4584-910e-a7184706d343, reported by datanode fc60e07f-496f-42fe-ae82-620152583f87(localhost/127.0.0.1) is not found.
2025-01-11 15:27:46,142 [EventQueue-PipelineReportForPipelineReportHandler] INFO  pipeline.PipelineReportHandler (PipelineReportHandler.java:handlePipelineNotFoundException(111)) - Pipeline PipelineID=8ef3bc64-5854-4584-910e-a7184706d343, reported by datanode 84b435bb-d41b-4758-bf48-ce9052c81d4a(localhost/127.0.0.1) is not found.
2025-01-11 15:27:46,342 [EventQueue-PipelineReportForPipelineReportHandler] INFO  pipeline.PipelineReportHandler (PipelineReportHandler.java:handlePipelineNotFoundException(111)) - Pipeline PipelineID=8ef3bc64-5854-4584-910e-a7184706d343, reported by datanode 84b435bb-d41b-4758-bf48-ce9052c81d4a(localhost/127.0.0.1) is not found.
2025-01-11 15:27:46,351 [EventQueue-PipelineReportForPipelineReportHandler] INFO  pipeline.PipelineReportHandler (PipelineReportHandler.java:handlePipelineNotFoundException(111)) - Pipeline PipelineID=8ef3bc64-5854-4584-910e-a7184706d343, reported by datanode fc60e07f-496f-42fe-ae82-620152583f87(localhost/127.0.0.1) is not found.
2025-01-11 15:27:46,542 [EventQueue-PipelineReportForPipelineReportHandler] INFO  pipeline.PipelineReportHandler (PipelineReportHandler.java:handlePipelineNotFoundException(111)) - Pipeline PipelineID=8ef3bc64-5854-4584-910e-a7184706d343, reported by datanode 84b435bb-d41b-4758-bf48-ce9052c81d4a(localhost/127.0.0.1) is not found.
2025-01-11 15:27:46,551 [EventQueue-PipelineReportForPipelineReportHandler] INFO  pipeline.PipelineReportHandler (PipelineReportHandler.java:handlePipelineNotFoundException(111)) - Pipeline PipelineID=8ef3bc64-5854-4584-910e-a7184706d343, reported by datanode fc60e07f-496f-42fe-ae82-620152583f87(localhost/127.0.0.1) is not found.
2025-01-11 15:27:46,742 [EventQueue-PipelineReportForPipelineReportHandler] INFO  pipeline.PipelineReportHandler (PipelineReportHandler.java:handlePipelineNotFoundException(111)) - Pipeline PipelineID=8ef3bc64-5854-4584-910e-a7184706d343, reported by datanode 84b435bb-d41b-4758-bf48-ce9052c81d4a(localhost/127.0.0.1) is not found.
2025-01-11 15:27:46,951 [EventQueue-PipelineReportForPipelineReportHandler] INFO  pipeline.PipelineReportHandler (PipelineReportHandler.java:handlePipelineNotFoundException(111)) - Pipeline PipelineID=8ef3bc64-5854-4584-910e-a7184706d343, reported by datanode fc60e07f-496f-42fe-ae82-620152583f87(localhost/127.0.0.1) is not found.
2025-01-11 15:27:47,142 [EventQueue-PipelineReportForPipelineReportHandler] INFO  pipeline.PipelineReportHandler (PipelineReportHandler.java:handlePipelineNotFoundException(111)) - Pipeline PipelineID=8ef3bc64-5854-4584-910e-a7184706d343, reported by datanode 84b435bb-d41b-4758-bf48-ce9052c81d4a(localhost/127.0.0.1) is not found.
2025-01-11 15:27:47,150 [EventQueue-PipelineReportForPipelineReportHandler] INFO  pipeline.PipelineReportHandler (PipelineReportHandler.java:handlePipelineNotFoundException(111)) - Pipeline PipelineID=8ef3bc64-5854-4584-910e-a7184706d343, reported by datanode fc60e07f-496f-42fe-ae82-620152583f87(localhost/127.0.0.1) is not found.
2025-01-11 15:27:47,267 [timer2] WARN  server.GrpcLogAppender (GrpcLogAppender.java:timeoutAppendRequest(441)) - fc60e07f-496f-42fe-ae82-620152583f87@group-A7184706D343->4ba790b6-f5d5-4c4e-97f5-f1f66fb5d3d4-GrpcLogAppender: Timed out HEARTBEAT appendEntries, errorCount=68, request=AppendEntriesRequest:cid=9450,entriesCount=0
2025-01-11 15:27:47,342 [EventQueue-PipelineReportForPipelineReportHandler] INFO  pipeline.PipelineReportHandler (PipelineReportHandler.java:handlePipelineNotFoundException(111)) - Pipeline PipelineID=8ef3bc64-5854-4584-910e-a7184706d343, reported by datanode 84b435bb-d41b-4758-bf48-ce9052c81d4a(localhost/127.0.0.1) is not found.
2025-01-11 15:27:47,351 [EventQueue-PipelineReportForPipelineReportHandler] INFO  pipeline.PipelineReportHandler (PipelineReportHandler.java:handlePipelineNotFoundException(111)) - Pipeline PipelineID=8ef3bc64-5854-4584-910e-a7184706d343, reported by datanode fc60e07f-496f-42fe-ae82-620152583f87(localhost/127.0.0.1) is not found.
2025-01-11 15:27:47,542 [EventQueue-PipelineReportForPipelineReportHandler] INFO  pipeline.PipelineReportHandler (PipelineReportHandler.java:handlePipelineNotFoundException(111)) - Pipeline PipelineID=8ef3bc64-5854-4584-910e-a7184706d343, reported by datanode 84b435bb-d41b-4758-bf48-ce9052c81d4a(localhost/127.0.0.1) is not found.
2025-01-11 15:27:47,545 [null-request--thread1] INFO  server.GrpcClientProtocolService (GrpcClientProtocolService.java:lambda$processClientRequest$0(284)) - Failed RaftClientRequest:client-0799EAE74CF0->fc60e07f-496f-42fe-ae82-620152583f87@group-A7184706D343, cid=189, seq=null, Watch-ALL_COMMITTED(35), Message:<EMPTY>, reply=RaftClientReply:client-0799EAE74CF0->fc60e07f-496f-42fe-ae82-620152583f87@group-A7184706D343, cid=189, FAILED org.apache.ratis.protocol.exceptions.NotReplicatedException: Request with call Id 189 and log index 35 is not yet replicated to ALL_COMMITTED, logIndex=35, commits[fc60e07f-496f-42fe-ae82-620152583f87:c37, 4ba790b6-f5d5-4c4e-97f5-f1f66fb5d3d4:c13, 84b435bb-d41b-4758-bf48-ce9052c81d4a:c37]
2025-01-11 15:27:47,546 [ForkJoinPool.commonPool-worker-2] WARN  scm.XceiverClientRatis (XceiverClientRatis.java:lambda$watchForCommit$6(317)) - ALL_COMMITTED way commit failed on pipeline Pipeline[ Id: 8ef3bc64-5854-4584-910e-a7184706d343, Nodes: 4ba790b6-f5d5-4c4e-97f5-f1f66fb5d3d4(localhost/127.0.0.1) ReplicaIndex: 0fc60e07f-496f-42fe-ae82-620152583f87(localhost/127.0.0.1) ReplicaIndex: 084b435bb-d41b-4758-bf48-ce9052c81d4a(localhost/127.0.0.1) ReplicaIndex: 0, ReplicationConfig: RATIS/THREE, State:OPEN, leaderId:fc60e07f-496f-42fe-ae82-620152583f87, CreationTimestamp2025-01-11T15:25:11.429Z[Etc/UTC]]
java.util.concurrent.CompletionException: org.apache.ratis.protocol.exceptions.NotReplicatedException: Request with call Id 189 and log index 35 is not yet replicated to ALL_COMMITTED
	at org.apache.ratis.client.impl.RaftClientImpl.handleRaftException(RaftClientImpl.java:373)
	at org.apache.ratis.client.impl.UnorderedAsync.lambda$send$1(UnorderedAsync.java:67)
	at java.base/java.util.concurrent.CompletableFuture$UniApply.tryFire(CompletableFuture.java:646)
	at java.base/java.util.concurrent.CompletableFuture.postComplete(CompletableFuture.java:510)
	at java.base/java.util.concurrent.CompletableFuture.complete(CompletableFuture.java:2179)
	at org.apache.ratis.client.impl.UnorderedAsync.lambda$sendRequestWithRetry$4(UnorderedAsync.java:88)
	at java.base/java.util.concurrent.CompletableFuture.uniWhenComplete(CompletableFuture.java:863)
	at java.base/java.util.concurrent.CompletableFuture$UniWhenComplete.tryFire(CompletableFuture.java:841)
	at java.base/java.util.concurrent.CompletableFuture$Completion.exec(CompletableFuture.java:483)
	at java.base/java.util.concurrent.ForkJoinTask.doExec(ForkJoinTask.java:387)
	at java.base/java.util.concurrent.ForkJoinPool$WorkQueue.topLevelExec(ForkJoinPool.java:1312)
	at java.base/java.util.concurrent.ForkJoinPool.scan(ForkJoinPool.java:1843)
	at java.base/java.util.concurrent.ForkJoinPool.runWorker(ForkJoinPool.java:1808)
	at java.base/java.util.concurrent.ForkJoinWorkerThread.run(ForkJoinWorkerThread.java:188)
Caused by: org.apache.ratis.protocol.exceptions.NotReplicatedException: Request with call Id 189 and log index 35 is not yet replicated to ALL_COMMITTED
	at org.apache.ratis.client.impl.ClientProtoUtils.toRaftClientReply(ClientProtoUtils.java:406)
	at org.apache.ratis.grpc.client.GrpcClientProtocolClient$AsyncStreamObservers$1.onNext(GrpcClientProtocolClient.java:313)
	at org.apache.ratis.grpc.client.GrpcClientProtocolClient$AsyncStreamObservers$1.onNext(GrpcClientProtocolClient.java:308)
	at org.apache.ratis.thirdparty.io.grpc.stub.ClientCalls$StreamObserverToCallListenerAdapter.onMessage(ClientCalls.java:468)
	at org.apache.ratis.thirdparty.io.grpc.ForwardingClientCallListener.onMessage(ForwardingClientCallListener.java:33)
	at org.apache.ratis.thirdparty.io.grpc.internal.ClientCallImpl$ClientStreamListenerImpl$1MessagesAvailable.runInternal(ClientCallImpl.java:660)
	at org.apache.ratis.thirdparty.io.grpc.internal.ClientCallImpl$ClientStreamListenerImpl$1MessagesAvailable.runInContext(ClientCallImpl.java:647)
	at org.apache.ratis.thirdparty.io.grpc.internal.ContextRunnable.run(ContextRunnable.java:37)
	at org.apache.ratis.thirdparty.io.grpc.internal.SerializingExecutor.run(SerializingExecutor.java:133)
	at java.base/java.util.concurrent.ThreadPoolExecutor.runWorker(ThreadPoolExecutor.java:1144)
	at java.base/java.util.concurrent.ThreadPoolExecutor$Worker.run(ThreadPoolExecutor.java:642)
	at java.base/java.lang.Thread.run(Thread.java:1583)
2025-01-11 15:27:47,546 [ForkJoinPool.commonPool-worker-2] INFO  scm.XceiverClientRatis (XceiverClientRatis.java:lambda$handleFailedAllCommit$8(352)) - Could not commit index 35 on pipeline Pipeline[ Id: 8ef3bc64-5854-4584-910e-a7184706d343, Nodes: 4ba790b6-f5d5-4c4e-97f5-f1f66fb5d3d4(localhost/127.0.0.1) ReplicaIndex: 0fc60e07f-496f-42fe-ae82-620152583f87(localhost/127.0.0.1) ReplicaIndex: 084b435bb-d41b-4758-bf48-ce9052c81d4a(localhost/127.0.0.1) ReplicaIndex: 0, ReplicationConfig: RATIS/THREE, State:OPEN, leaderId:fc60e07f-496f-42fe-ae82-620152583f87, CreationTimestamp2025-01-11T15:25:11.429Z[Etc/UTC]] to all the nodes. Server 4ba790b6-f5d5-4c4e-97f5-f1f66fb5d3d4 has failed. Committed by majority.
2025-01-11 15:27:47,546 [ForkJoinPool.commonPool-worker-2] WARN  storage.BlockOutputStream (BlockOutputStream.java:checkReply(559)) - Failed to commit BlockId conID: 10 locID: 115816896921600010 bcsId: 35 replicaIndex: null on Pipeline[ Id: 8ef3bc64-5854-4584-910e-a7184706d343, Nodes: 4ba790b6-f5d5-4c4e-97f5-f1f66fb5d3d4(localhost/127.0.0.1) ReplicaIndex: 0fc60e07f-496f-42fe-ae82-620152583f87(localhost/127.0.0.1) ReplicaIndex: 084b435bb-d41b-4758-bf48-ce9052c81d4a(localhost/127.0.0.1) ReplicaIndex: 0, ReplicationConfig: RATIS/THREE, State:OPEN, leaderId:fc60e07f-496f-42fe-ae82-620152583f87, CreationTimestamp2025-01-11T15:25:11.429Z[Etc/UTC]]. Failed nodes: [4ba790b6-f5d5-4c4e-97f5-f1f66fb5d3d4(null/null)]
15:27:47.568 [fc60e07f-496f-42fe-ae82-620152583f87-client-thread3] ERROR DNAudit - user=null | ip=null | op=PUT_BLOCK {blockData=[blockId=conID: 10 locID: 115816896921600010 bcsId: 0 replicaIndex: null, size=30]} | ret=FAILURE
org.apache.hadoop.hdds.scm.container.common.helpers.ContainerNotOpenException: Container 10 in QUASI_CLOSED state
	at org.apache.hadoop.ozone.container.common.impl.HddsDispatcher.validateContainerCommand(HddsDispatcher.java:573) ~[hdds-container-service-2.0.0-SNAPSHOT.jar:?]
	at org.apache.hadoop.ozone.container.common.transport.server.ratis.ContainerStateMachine.startTransaction(ContainerStateMachine.java:441) ~[hdds-container-service-2.0.0-SNAPSHOT.jar:?]
	at org.apache.ratis.server.impl.RaftServerImpl.writeAsyncImpl(RaftServerImpl.java:973) ~[ratis-server-3.1.2.jar:3.1.2]
	at org.apache.ratis.server.impl.RaftServerImpl.writeAsync(RaftServerImpl.java:946) ~[ratis-server-3.1.2.jar:3.1.2]
	at org.apache.ratis.server.impl.RaftServerImpl.replyFuture(RaftServerImpl.java:939) ~[ratis-server-3.1.2.jar:3.1.2]
	at org.apache.ratis.server.impl.RaftServerImpl.submitClientRequestAsync(RaftServerImpl.java:916) ~[ratis-server-3.1.2.jar:3.1.2]
	at org.apache.ratis.server.impl.RaftServerImpl.lambda$null$11(RaftServerImpl.java:905) ~[ratis-server-3.1.2.jar:3.1.2]
	at org.apache.ratis.util.JavaUtils.callAsUnchecked(JavaUtils.java:118) ~[ratis-common-3.1.2.jar:3.1.2]
	at org.apache.ratis.server.impl.RaftServerImpl.lambda$executeSubmitClientRequestAsync$12(RaftServerImpl.java:905) ~[ratis-server-3.1.2.jar:3.1.2]
	at java.base/java.util.concurrent.CompletableFuture$AsyncSupply.run(CompletableFuture.java:1768) ~[?:?]
	at java.base/java.util.concurrent.ThreadPoolExecutor.runWorker(ThreadPoolExecutor.java:1144) ~[?:?]
	at java.base/java.util.concurrent.ThreadPoolExecutor$Worker.run(ThreadPoolExecutor.java:642) ~[?:?]
	at java.base/java.lang.Thread.run(Thread.java:1583) [?:?]
2025-01-11 15:27:47,571 [grpc-default-executor-12] ERROR impl.OrderedAsync (OrderedAsync.java:lambda$send$4(181)) - Failed to send request, message=cmdType: PutBlock
traceID: ""
containerID: 10
datanodeUuid: "4ba790b6-f5d5-4c4e-97f5-f1f66fb5d3d4"
putBlock {
  blockData {
    blockID {
      containerID: 10
      localID: 115816896921600010
      blockCommitSequenceId: 0
    }
    metadata {
      key: "TYPE"
      value: "KEY"
    }
    chunks {
      chunkName: "115816896921600010_chunk_1"
      offset: 0
      len: 5
      checksumData {
        type: CRC32
        bytesPerChecksum: 16384
        checksums: "\350a\3440"
      }
    }
    chunks {
      chunkName: "115816896921600010_chunk_2"
      offset: 5
      len: 5
      checksumData {
        type: CRC32
        bytesPerChecksum: 16384
        checksums: "\350a\3440"
      }
    }
    chunks {
      chunkName: "115816896921600010_chunk_3"
      offset: 10
      len: 5
      checksumData {
        type: CRC32
        bytesPerChecksum: 16384
        checksums: "\350a\3440"
      }
    }
    chunks {
      chunkName: "115816896921600010_chunk_4"
      offset: 15
      len: 5
      checksumData {
        type: CRC32
        bytesPerChecksum: 16384
        checksums: "\350a\3440"
      }
    }
    chunks {
      chunkName: "115816896921600010_chunk_5"
      offset: 20
      len: 5
      checksumData {
        type: CRC32
        bytesPerChecksum: 16384
        checksums: "\350a\3440"
      }
    }
    chunks {
      chunkName: "115816896921600010_chunk_6"
      offset: 25
      len: 5
      checksumData {
        type: CRC32
        bytesPerChecksum: 16384
        checksums: "\350a\3440"
      }
    }
  }
  eof: true
}
version: 3
, data.size=0
java.util.concurrent.CompletionException: org.apache.ratis.protocol.exceptions.StateMachineException: org.apache.hadoop.hdds.scm.container.common.helpers.ContainerNotOpenException from Server fc60e07f-496f-42fe-ae82-620152583f87@group-A7184706D343: Container 10 in QUASI_CLOSED state
	at org.apache.ratis.client.impl.RaftClientImpl.handleRaftException(RaftClientImpl.java:373)
	at org.apache.ratis.client.impl.OrderedAsync.lambda$send$3(OrderedAsync.java:175)
	at java.base/java.util.concurrent.CompletableFuture$UniApply.tryFire(CompletableFuture.java:646)
	at java.base/java.util.concurrent.CompletableFuture.postComplete(CompletableFuture.java:510)
	at java.base/java.util.concurrent.CompletableFuture.complete(CompletableFuture.java:2179)
	at org.apache.ratis.client.impl.OrderedAsync$PendingOrderedRequest.setReply(OrderedAsync.java:105)
	at org.apache.ratis.client.impl.OrderedAsync$PendingOrderedRequest.setReply(OrderedAsync.java:66)
	at org.apache.ratis.util.SlidingWindow$RequestMap.setReply(SlidingWindow.java:147)
	at org.apache.ratis.util.SlidingWindow$Client.receiveReply(SlidingWindow.java:351)
	at org.apache.ratis.client.impl.OrderedAsync.lambda$sendRequestWithRetry$5(OrderedAsync.java:210)
	at java.base/java.util.concurrent.CompletableFuture$UniAccept.tryFire(CompletableFuture.java:718)
	at java.base/java.util.concurrent.CompletableFuture.postComplete(CompletableFuture.java:510)
	at java.base/java.util.concurrent.CompletableFuture.complete(CompletableFuture.java:2179)
	at org.apache.ratis.grpc.client.GrpcClientProtocolClient$AsyncStreamObservers$1.lambda$onNext$0(GrpcClientProtocolClient.java:325)
	at java.base/java.util.Optional.ifPresent(Optional.java:178)
	at org.apache.ratis.grpc.client.GrpcClientProtocolClient$AsyncStreamObservers.handleReplyFuture(GrpcClientProtocolClient.java:381)
	at org.apache.ratis.grpc.client.GrpcClientProtocolClient$AsyncStreamObservers.access$100(GrpcClientProtocolClient.java:303)
	at org.apache.ratis.grpc.client.GrpcClientProtocolClient$AsyncStreamObservers$1.onNext(GrpcClientProtocolClient.java:325)
	at org.apache.ratis.grpc.client.GrpcClientProtocolClient$AsyncStreamObservers$1.onNext(GrpcClientProtocolClient.java:308)
	at org.apache.ratis.thirdparty.io.grpc.stub.ClientCalls$StreamObserverToCallListenerAdapter.onMessage(ClientCalls.java:468)
	at org.apache.ratis.thirdparty.io.grpc.ForwardingClientCallListener.onMessage(ForwardingClientCallListener.java:33)
	at org.apache.ratis.thirdparty.io.grpc.internal.ClientCallImpl$ClientStreamListenerImpl$1MessagesAvailable.runInternal(ClientCallImpl.java:660)
	at org.apache.ratis.thirdparty.io.grpc.internal.ClientCallImpl$ClientStreamListenerImpl$1MessagesAvailable.runInContext(ClientCallImpl.java:647)
	at org.apache.ratis.thirdparty.io.grpc.internal.ContextRunnable.run(ContextRunnable.java:37)
	at org.apache.ratis.thirdparty.io.grpc.internal.SerializingExecutor.run(SerializingExecutor.java:133)
	at java.base/java.util.concurrent.ThreadPoolExecutor.runWorker(ThreadPoolExecutor.java:1144)
	at java.base/java.util.concurrent.ThreadPoolExecutor$Worker.run(ThreadPoolExecutor.java:642)
	at java.base/java.lang.Thread.run(Thread.java:1583)
Caused by: org.apache.ratis.protocol.exceptions.StateMachineException: org.apache.hadoop.hdds.scm.container.common.helpers.ContainerNotOpenException from Server fc60e07f-496f-42fe-ae82-620152583f87@group-A7184706D343: Container 10 in QUASI_CLOSED state
	at org.apache.hadoop.ozone.container.common.impl.HddsDispatcher.validateContainerCommand(HddsDispatcher.java:573)
	at org.apache.hadoop.ozone.container.common.transport.server.ratis.ContainerStateMachine.startTransaction(ContainerStateMachine.java:441)
	at org.apache.ratis.server.impl.RaftServerImpl.writeAsyncImpl(RaftServerImpl.java:973)
	at org.apache.ratis.server.impl.RaftServerImpl.writeAsync(RaftServerImpl.java:946)
	at org.apache.ratis.server.impl.RaftServerImpl.replyFuture(RaftServerImpl.java:939)
	at org.apache.ratis.server.impl.RaftServerImpl.submitClientRequestAsync(RaftServerImpl.java:916)
	at org.apache.ratis.server.impl.RaftServerImpl.lambda$null$11(RaftServerImpl.java:905)
	at org.apache.ratis.util.JavaUtils.callAsUnchecked(JavaUtils.java:118)
	at org.apache.ratis.server.impl.RaftServerImpl.lambda$executeSubmitClientRequestAsync$12(RaftServerImpl.java:905)
	at java.base/java.util.concurrent.CompletableFuture$AsyncSupply.run(CompletableFuture.java:1768)
	... 3 more
Caused by: org.apache.hadoop.hdds.scm.container.common.helpers.ContainerNotOpenException: Container 10 in QUASI_CLOSED state
	at java.base/jdk.internal.reflect.DirectConstructorHandleAccessor.newInstance(DirectConstructorHandleAccessor.java:62)
	at java.base/java.lang.reflect.Constructor.newInstanceWithCaller(Constructor.java:502)
	at java.base/java.lang.reflect.Constructor.newInstance(Constructor.java:486)
	at org.apache.ratis.util.ReflectionUtils.instantiateException(ReflectionUtils.java:259)
	at org.apache.ratis.client.impl.ClientProtoUtils.toStateMachineException(ClientProtoUtils.java:455)
	at org.apache.ratis.client.impl.ClientProtoUtils.toStateMachineException(ClientProtoUtils.java:441)
	at org.apache.ratis.client.impl.ClientProtoUtils.toRaftClientReply(ClientProtoUtils.java:408)
	at org.apache.ratis.grpc.client.GrpcClientProtocolClient$AsyncStreamObservers$1.onNext(GrpcClientProtocolClient.java:313)
	at org.apache.ratis.grpc.client.GrpcClientProtocolClient$AsyncStreamObservers$1.onNext(GrpcClientProtocolClient.java:308)
	at org.apache.ratis.thirdparty.io.grpc.stub.ClientCalls$StreamObserverToCallListenerAdapter.onMessage(ClientCalls.java:468)
	at org.apache.ratis.thirdparty.io.grpc.ForwardingClientCallListener.onMessage(ForwardingClientCallListener.java:33)
	at org.apache.ratis.thirdparty.io.grpc.internal.ClientCallImpl$ClientStreamListenerImpl$1MessagesAvailable.runInternal(ClientCallImpl.java:660)
	at org.apache.ratis.thirdparty.io.grpc.internal.ClientCallImpl$ClientStreamListenerImpl$1MessagesAvailable.runInContext(ClientCallImpl.java:647)
	at org.apache.ratis.thirdparty.io.grpc.internal.ContextRunnable.run(ContextRunnable.java:37)
	at org.apache.ratis.thirdparty.io.grpc.internal.SerializingExecutor.run(SerializingExecutor.java:133)
	... 3 more
2025-01-11 15:27:47,572 [main] INFO  io.BlockOutputStreamEntry (BlockOutputStreamEntry.java:finishRetryHandling(144)) - BlockOutputStreamEntry:testDNRestart conID: 10 locID: 115816896921600010 bcsId: 35 replicaIndex: null: Exiting retry handling mode
]]></system-out>
  </testcase>
</testsuite>