<?xml version="1.0" encoding="UTF-8"?>
<testsuite xmlns:xsi="http://www.w3.org/2001/XMLSchema-instance" xsi:noNamespaceSchemaLocation="https://maven.apache.org/surefire/maven-surefire-plugin/xsd/surefire-test-report.xsd" name="org.apache.hadoop.ozone.client.rpc.TestBlockOutputStreamWithFailures" time="652.566" tests="5" errors="1" skipped="0" failures="0">
  <properties>
    <property name="awt.toolkit" value="sun.awt.X11.XToolkit"/>
    <property name="file.encoding.pkg" value="sun.io"/>
    <property name="java.specification.version" value="1.8"/>
    <property name="sun.cpu.isalist" value=""/>
    <property name="sun.jnu.encoding" value="UTF-8"/>
    <property name="java.class.path" value="/home/runner/work/ozone/ozone/hadoop-ozone/integration-test/target/test-classes:/home/runner/work/ozone/ozone/hadoop-ozone/integration-test/target/classes:/home/runner/.m2/repository/org/apache/ozone/ozone-common/1.2.0-SNAPSHOT/ozone-common-1.2.0-SNAPSHOT.jar:/home/runner/.m2/repository/org/apache/commons/commons-compress/1.20/commons-compress-1.20.jar:/home/runner/.m2/repository/org/apache/ozone/hdds-common/1.2.0-SNAPSHOT/hdds-common-1.2.0-SNAPSHOT.jar:/home/runner/.m2/repository/org/apache/ozone/hdds-client/1.2.0-SNAPSHOT/hdds-client-1.2.0-SNAPSHOT.jar:/home/runner/.m2/repository/org/apache/ozone/ozone-interface-client/1.2.0-SNAPSHOT/ozone-interface-client-1.2.0-SNAPSHOT.jar:/home/runner/.m2/repository/org/apache/ozone/hdds-server-framework/1.2.0-SNAPSHOT/hdds-server-framework-1.2.0-SNAPSHOT.jar:/home/runner/.m2/repository/org/apache/ozone/hdds-interface-server/1.2.0-SNAPSHOT/hdds-interface-server-1.2.0-SNAPSHOT.jar:/home/runner/.m2/repository/org/eclipse/jetty/jetty-servlet/9.4.43.v20210629/jetty-servlet-9.4.43.v20210629.jar:/home/runner/.m2/repository/org/eclipse/jetty/jetty-security/9.4.43.v20210629/jetty-security-9.4.43.v20210629.jar:/home/runner/.m2/repository/org/rocksdb/rocksdbjni/6.20.3/rocksdbjni-6.20.3.jar:/home/runner/.m2/repository/io/prometheus/simpleclient_dropwizard/0.7.0/simpleclient_dropwizard-0.7.0.jar:/home/runner/.m2/repository/io/prometheus/simpleclient/0.7.0/simpleclient-0.7.0.jar:/home/runner/.m2/repository/io/prometheus/simpleclient_common/0.7.0/simpleclient_common-0.7.0.jar:/home/runner/.m2/repository/com/fasterxml/jackson/datatype/jackson-datatype-jsr310/2.12.1/jackson-datatype-jsr310-2.12.1.jar:/home/runner/.m2/repository/org/apache/ozone/hdds-test-utils/1.2.0-SNAPSHOT/hdds-test-utils-1.2.0-SNAPSHOT.jar:/home/runner/.m2/repository/com/google/guava/guava/30.1.1-jre/guava-30.1.1-jre.jar:/home/runner/.m2/repository/com/google/guava/failureaccess/1.0.1/failureaccess-1.0.1.jar:/home/runner/.m2/repository/com/google/guava/listenablefuture/9999.0-empty-to-avoid-conflict-with-guava/listenablefuture-9999.0-empty-to-avoid-conflict-with-guava.jar:/home/runner/.m2/repository/com/google/code/findbugs/jsr305/3.0.0/jsr305-3.0.0.jar:/home/runner/.m2/repository/org/checkerframework/checker-qual/3.8.0/checker-qual-3.8.0.jar:/home/runner/.m2/repository/com/google/errorprone/error_prone_annotations/2.2.0/error_prone_annotations-2.2.0.jar:/home/runner/.m2/repository/com/google/j2objc/j2objc-annotations/1.3/j2objc-annotations-1.3.jar:/home/runner/.m2/repository/commons-io/commons-io/2.11.0/commons-io-2.11.0.jar:/home/runner/.m2/repository/commons-logging/commons-logging/1.2/commons-logging-1.2.jar:/home/runner/.m2/repository/log4j/log4j/1.2.17/log4j-1.2.17.jar:/home/runner/.m2/repository/org/slf4j/slf4j-api/1.7.30/slf4j-api-1.7.30.jar:/home/runner/.m2/repository/org/apache/ozone/hdds-server-scm/1.2.0-SNAPSHOT/hdds-server-scm-1.2.0-SNAPSHOT.jar:/home/runner/.m2/repository/org/apache/ozone/hdds-container-service/1.2.0-SNAPSHOT/hdds-container-service-1.2.0-SNAPSHOT.jar:/home/runner/.m2/repository/org/apache/ozone/hdds-hadoop-dependency-server/1.2.0-SNAPSHOT/hdds-hadoop-dependency-server-1.2.0-SNAPSHOT.jar:/home/runner/.m2/repository/org/apache/hadoop/hadoop-hdfs/3.3.1/hadoop-hdfs-3.3.1.jar:/home/runner/.m2/repository/io/dropwizard/metrics/metrics-core/3.2.4/metrics-core-3.2.4.jar:/home/runner/.m2/repository/org/apache/hadoop/hadoop-hdfs-client/3.3.1/hadoop-hdfs-client-3.3.1.jar:/home/runner/.m2/repository/org/bouncycastle/bcprov-jdk15on/1.67/bcprov-jdk15on-1.67.jar:/home/runner/.m2/repository/com/google/protobuf/protobuf-java/2.5.0/protobuf-java-2.5.0.jar:/home/runner/.m2/repository/org/apache/ozone/ozone-manager/1.2.0-SNAPSHOT/ozone-manager-1.2.0-SNAPSHOT.jar:/home/runner/.m2/repository/org/aspectj/aspectjrt/1.9.7/aspectjrt-1.9.7.jar:/home/runner/.m2/repository/org/aspectj/aspectjweaver/1.9.7/aspectjweaver-1.9.7.jar:/home/runner/.m2/repository/org/apache/ozone/hdds-interface-client/1.2.0-SNAPSHOT/hdds-interface-client-1.2.0-SNAPSHOT.jar:/home/runner/.m2/repository/org/apache/hadoop/thirdparty/hadoop-shaded-protobuf_3_7/1.1.1/hadoop-shaded-protobuf_3_7-1.1.1.jar:/home/runner/.m2/repository/org/apache/ozone/ozone-interface-storage/1.2.0-SNAPSHOT/ozone-interface-storage-1.2.0-SNAPSHOT.jar:/home/runner/.m2/repository/org/reflections/reflections/0.9.11/reflections-0.9.11.jar:/home/runner/.m2/repository/org/apache/hadoop/hadoop-minikdc/3.3.1/hadoop-minikdc-3.3.1.jar:/home/runner/.m2/repository/org/apache/kerby/kerb-simplekdc/1.0.1/kerb-simplekdc-1.0.1.jar:/home/runner/.m2/repository/org/apache/kerby/kerb-client/1.0.1/kerb-client-1.0.1.jar:/home/runner/.m2/repository/org/apache/kerby/kerby-config/1.0.1/kerby-config-1.0.1.jar:/home/runner/.m2/repository/org/apache/kerby/kerb-common/1.0.1/kerb-common-1.0.1.jar:/home/runner/.m2/repository/org/apache/kerby/kerb-crypto/1.0.1/kerb-crypto-1.0.1.jar:/home/runner/.m2/repository/org/apache/kerby/kerb-util/1.0.1/kerb-util-1.0.1.jar:/home/runner/.m2/repository/org/apache/kerby/token-provider/1.0.1/token-provider-1.0.1.jar:/home/runner/.m2/repository/org/apache/kerby/kerb-admin/1.0.1/kerb-admin-1.0.1.jar:/home/runner/.m2/repository/org/apache/kerby/kerb-server/1.0.1/kerb-server-1.0.1.jar:/home/runner/.m2/repository/org/apache/kerby/kerb-identity/1.0.1/kerb-identity-1.0.1.jar:/home/runner/.m2/repository/org/apache/kerby/kerby-xdr/1.0.1/kerby-xdr-1.0.1.jar:/home/runner/.m2/repository/org/slf4j/slf4j-log4j12/1.7.30/slf4j-log4j12-1.7.30.jar:/home/runner/.m2/repository/org/apache/ozone/ozone-s3gateway/1.2.0-SNAPSHOT/ozone-s3gateway-1.2.0-SNAPSHOT.jar:/home/runner/.m2/repository/org/javassist/javassist/3.21.0-GA/javassist-3.21.0-GA.jar:/home/runner/.m2/repository/org/jboss/weld/servlet/weld-servlet/2.4.7.Final/weld-servlet-2.4.7.Final.jar:/home/runner/.m2/repository/org/glassfish/jersey/containers/jersey-container-servlet-core/2.33/jersey-container-servlet-core-2.33.jar:/home/runner/.m2/repository/org/glassfish/hk2/external/jakarta.inject/2.6.1/jakarta.inject-2.6.1.jar:/home/runner/.m2/repository/org/glassfish/jersey/core/jersey-common/2.33/jersey-common-2.33.jar:/home/runner/.m2/repository/jakarta/ws/rs/jakarta.ws.rs-api/2.1.6/jakarta.ws.rs-api-2.1.6.jar:/home/runner/.m2/repository/org/glassfish/jersey/ext/cdi/jersey-cdi1x/2.33/jersey-cdi1x-2.33.jar:/home/runner/.m2/repository/org/glassfish/jersey/inject/jersey-hk2/2.33/jersey-hk2-2.33.jar:/home/runner/.m2/repository/org/glassfish/hk2/hk2-locator/2.6.1/hk2-locator-2.6.1.jar:/home/runner/.m2/repository/org/glassfish/jersey/media/jersey-media-jaxb/2.33/jersey-media-jaxb-2.33.jar:/home/runner/.m2/repository/org/glassfish/hk2/osgi-resource-locator/1.0.3/osgi-resource-locator-1.0.3.jar:/home/runner/.m2/repository/org/glassfish/hk2/hk2-api/2.5.0/hk2-api-2.5.0.jar:/home/runner/.m2/repository/org/glassfish/hk2/hk2-utils/2.5.0/hk2-utils-2.5.0.jar:/home/runner/.m2/repository/org/glassfish/hk2/external/aopalliance-repackaged/2.5.0/aopalliance-repackaged-2.5.0.jar:/home/runner/.m2/repository/com/fasterxml/jackson/dataformat/jackson-dataformat-xml/2.12.1/jackson-dataformat-xml-2.12.1.jar:/home/runner/.m2/repository/com/fasterxml/jackson/core/jackson-core/2.12.1/jackson-core-2.12.1.jar:/home/runner/.m2/repository/com/fasterxml/jackson/module/jackson-module-jaxb-annotations/2.12.1/jackson-module-jaxb-annotations-2.12.1.jar:/home/runner/.m2/repository/jakarta/xml/bind/jakarta.xml.bind-api/2.3.2/jakarta.xml.bind-api-2.3.2.jar:/home/runner/.m2/repository/org/codehaus/woodstox/stax2-api/3.1.4/stax2-api-3.1.4.jar:/home/runner/.m2/repository/com/fasterxml/woodstox/woodstox-core/5.0.3/woodstox-core-5.0.3.jar:/home/runner/.m2/repository/javax/enterprise/cdi-api/1.2/cdi-api-1.2.jar:/home/runner/.m2/repository/javax/el/javax.el-api/3.0.0/javax.el-api-3.0.0.jar:/home/runner/.m2/repository/javax/interceptor/javax.interceptor-api/1.2/javax.interceptor-api-1.2.jar:/home/runner/.m2/repository/javax/inject/javax.inject/1/javax.inject-1.jar:/home/runner/.m2/repository/javax/xml/bind/jaxb-api/2.3.0/jaxb-api-2.3.0.jar:/home/runner/.m2/repository/org/glassfish/jaxb/jaxb-runtime/2.3.0.1/jaxb-runtime-2.3.0.1.jar:/home/runner/.m2/repository/org/glassfish/jaxb/jaxb-core/2.3.0.1/jaxb-core-2.3.0.1.jar:/home/runner/.m2/repository/org/glassfish/jaxb/txw2/2.3.0.1/txw2-2.3.0.1.jar:/home/runner/.m2/repository/com/sun/istack/istack-commons-runtime/3.0.5/istack-commons-runtime-3.0.5.jar:/home/runner/.m2/repository/org/jvnet/staxex/stax-ex/1.7.8/stax-ex-1.7.8.jar:/home/runner/.m2/repository/com/sun/xml/fastinfoset/FastInfoset/1.2.13/FastInfoset-1.2.13.jar:/home/runner/.m2/repository/javax/activation/activation/1.1.1/activation-1.1.1.jar:/home/runner/.m2/repository/org/apache/ozone/ozone-csi/1.2.0-SNAPSHOT/ozone-csi-1.2.0-SNAPSHOT.jar:/home/runner/.m2/repository/com/google/protobuf/protobuf-java-util/3.12.0/protobuf-java-util-3.12.0.jar:/home/runner/.m2/repository/com/google/code/gson/gson/2.2.4/gson-2.2.4.jar:/home/runner/.m2/repository/org/apache/ozone/hdds-config/1.2.0-SNAPSHOT/hdds-config-1.2.0-SNAPSHOT.jar:/home/runner/.m2/repository/io/grpc/grpc-netty/1.33.0/grpc-netty-1.33.0.jar:/home/runner/.m2/repository/io/grpc/grpc-core/1.33.0/grpc-core-1.33.0.jar:/home/runner/.m2/repository/com/google/android/annotations/4.1.1.4/annotations-4.1.1.4.jar:/home/runner/.m2/repository/io/netty/netty-codec-http2/4.1.63.Final/netty-codec-http2-4.1.63.Final.jar:/home/runner/.m2/repository/io/netty/netty-codec-http/4.1.63.Final/netty-codec-http-4.1.63.Final.jar:/home/runner/.m2/repository/io/netty/netty-handler-proxy/4.1.63.Final/netty-handler-proxy-4.1.63.Final.jar:/home/runner/.m2/repository/io/netty/netty-codec-socks/4.1.63.Final/netty-codec-socks-4.1.63.Final.jar:/home/runner/.m2/repository/io/perfmark/perfmark-api/0.19.0/perfmark-api-0.19.0.jar:/home/runner/.m2/repository/org/codehaus/mojo/animal-sniffer-annotations/1.18/animal-sniffer-annotations-1.18.jar:/home/runner/.m2/repository/io/netty/netty-transport-native-epoll/4.1.63.Final/netty-transport-native-epoll-4.1.63.Final.jar:/home/runner/.m2/repository/io/netty/netty-common/4.1.63.Final/netty-common-4.1.63.Final.jar:/home/runner/.m2/repository/io/netty/netty-buffer/4.1.63.Final/netty-buffer-4.1.63.Final.jar:/home/runner/.m2/repository/io/netty/netty-transport-native-unix-common/4.1.63.Final/netty-transport-native-unix-common-4.1.63.Final.jar:/home/runner/.m2/repository/io/grpc/grpc-protobuf/1.33.0/grpc-protobuf-1.33.0.jar:/home/runner/.m2/repository/io/grpc/grpc-api/1.33.0/grpc-api-1.33.0.jar:/home/runner/.m2/repository/io/grpc/grpc-context/1.33.0/grpc-context-1.33.0.jar:/home/runner/.m2/repository/com/google/api/grpc/proto-google-common-protos/1.17.0/proto-google-common-protos-1.17.0.jar:/home/runner/.m2/repository/io/grpc/grpc-protobuf-lite/1.33.0/grpc-protobuf-lite-1.33.0.jar:/home/runner/.m2/repository/io/grpc/grpc-stub/1.33.0/grpc-stub-1.33.0.jar:/home/runner/.m2/repository/org/apache/ozone/ozone-recon/1.2.0-SNAPSHOT/ozone-recon-1.2.0-SNAPSHOT.jar:/home/runner/.m2/repository/org/apache/ozone/ozone-reconcodegen/1.2.0-SNAPSHOT/ozone-reconcodegen-1.2.0-SNAPSHOT.jar:/home/runner/.m2/repository/com/google/inject/extensions/guice-multibindings/4.0/guice-multibindings-4.0.jar:/home/runner/.m2/repository/com/google/inject/guice/4.0/guice-4.0.jar:/home/runner/.m2/repository/aopalliance/aopalliance/1.0/aopalliance-1.0.jar:/home/runner/.m2/repository/com/google/inject/extensions/guice-assistedinject/4.0/guice-assistedinject-4.0.jar:/home/runner/.m2/repository/com/google/inject/extensions/guice-servlet/4.0/guice-servlet-4.0.jar:/home/runner/.m2/repository/org/glassfish/jersey/containers/jersey-container-servlet/2.33/jersey-container-servlet-2.33.jar:/home/runner/.m2/repository/org/glassfish/hk2/guice-bridge/2.5.0/guice-bridge-2.5.0.jar:/home/runner/.m2/repository/org/glassfish/jersey/core/jersey-server/2.33/jersey-server-2.33.jar:/home/runner/.m2/repository/org/glassfish/jersey/core/jersey-client/2.33/jersey-client-2.33.jar:/home/runner/.m2/repository/jakarta/annotation/jakarta.annotation-api/1.3.5/jakarta.annotation-api-1.3.5.jar:/home/runner/.m2/repository/jakarta/validation/jakarta.validation-api/2.0.2/jakarta.validation-api-2.0.2.jar:/home/runner/.m2/repository/org/glassfish/jersey/media/jersey-media-json-jackson/2.33/jersey-media-json-jackson-2.33.jar:/home/runner/.m2/repository/org/glassfish/jersey/ext/jersey-entity-filtering/2.33/jersey-entity-filtering-2.33.jar:/home/runner/.m2/repository/org/jooq/jooq/3.11.10/jooq-3.11.10.jar:/home/runner/.m2/repository/org/jooq/jooq-meta/3.11.10/jooq-meta-3.11.10.jar:/home/runner/.m2/repository/org/jooq/jooq-codegen/3.11.10/jooq-codegen-3.11.10.jar:/home/runner/.m2/repository/com/jolbox/bonecp/0.8.0.RELEASE/bonecp-0.8.0.RELEASE.jar:/home/runner/.m2/repository/org/apache/derby/derby/10.14.2.0/derby-10.14.2.0.jar:/home/runner/.m2/repository/org/xerial/sqlite-jdbc/3.25.2/sqlite-jdbc-3.25.2.jar:/home/runner/.m2/repository/org/springframework/spring-jdbc/5.2.11.RELEASE/spring-jdbc-5.2.11.RELEASE.jar:/home/runner/.m2/repository/org/springframework/spring-beans/5.2.11.RELEASE/spring-beans-5.2.11.RELEASE.jar:/home/runner/.m2/repository/org/springframework/spring-core/5.2.11.RELEASE/spring-core-5.2.11.RELEASE.jar:/home/runner/.m2/repository/org/springframework/spring-jcl/5.2.11.RELEASE/spring-jcl-5.2.11.RELEASE.jar:/home/runner/.m2/repository/org/springframework/spring-tx/5.2.11.RELEASE/spring-tx-5.2.11.RELEASE.jar:/home/runner/.m2/repository/org/apache/ozone/ozone-client/1.2.0-SNAPSHOT/ozone-client-1.2.0-SNAPSHOT.jar:/home/runner/.m2/repository/org/apache/ozone/ozone-filesystem/1.2.0-SNAPSHOT/ozone-filesystem-1.2.0-SNAPSHOT.jar:/home/runner/.m2/repository/org/apache/ozone/ozone-filesystem-common/1.2.0-SNAPSHOT/ozone-filesystem-common-1.2.0-SNAPSHOT.jar:/home/runner/.m2/repository/org/apache/ozone/ozone-tools/1.2.0-SNAPSHOT/ozone-tools-1.2.0-SNAPSHOT.jar:/home/runner/.m2/repository/org/apache/ratis/ratis-tools/2.1.0-03f3b68-SNAPSHOT/ratis-tools-2.1.0-03f3b68-SNAPSHOT.jar:/home/runner/.m2/repository/com/amazonaws/aws-java-sdk-core/1.11.901/aws-java-sdk-core-1.11.901.jar:/home/runner/.m2/repository/org/apache/httpcomponents/httpclient/4.5.13/httpclient-4.5.13.jar:/home/runner/.m2/repository/org/apache/httpcomponents/httpcore/4.4.13/httpcore-4.4.13.jar:/home/runner/.m2/repository/software/amazon/ion/ion-java/1.0.2/ion-java-1.0.2.jar:/home/runner/.m2/repository/com/fasterxml/jackson/dataformat/jackson-dataformat-cbor/2.12.1/jackson-dataformat-cbor-2.12.1.jar:/home/runner/.m2/repository/joda-time/joda-time/2.8.1/joda-time-2.8.1.jar:/home/runner/.m2/repository/com/amazonaws/aws-java-sdk-s3/1.11.901/aws-java-sdk-s3-1.11.901.jar:/home/runner/.m2/repository/com/amazonaws/aws-java-sdk-kms/1.11.901/aws-java-sdk-kms-1.11.901.jar:/home/runner/.m2/repository/com/amazonaws/jmespath-java/1.11.901/jmespath-java-1.11.901.jar:/home/runner/.m2/repository/org/kohsuke/metainf-services/metainf-services/1.8/metainf-services-1.8.jar:/home/runner/.m2/repository/org/apache/ozone/hdds-tools/1.2.0-SNAPSHOT/hdds-tools-1.2.0-SNAPSHOT.jar:/home/runner/.m2/repository/commons-cli/commons-cli/1.2/commons-cli-1.2.jar:/home/runner/.m2/repository/org/apache/commons/commons-lang3/3.7/commons-lang3-3.7.jar:/home/runner/.m2/repository/org/apache/ozone/ozone-manager/1.2.0-SNAPSHOT/ozone-manager-1.2.0-SNAPSHOT-tests.jar:/home/runner/.m2/repository/org/apache/ozone/hdds-common/1.2.0-SNAPSHOT/hdds-common-1.2.0-SNAPSHOT-tests.jar:/home/runner/.m2/repository/org/apache/ozone/hdds-hadoop-dependency-client/1.2.0-SNAPSHOT/hdds-hadoop-dependency-client-1.2.0-SNAPSHOT.jar:/home/runner/.m2/repository/info/picocli/picocli/4.6.1/picocli-4.6.1.jar:/home/runner/.m2/repository/com/fasterxml/jackson/core/jackson-annotations/2.12.1/jackson-annotations-2.12.1.jar:/home/runner/.m2/repository/javax/annotation/javax.annotation-api/1.2/javax.annotation-api-1.2.jar:/home/runner/.m2/repository/org/apache/ratis/ratis-server/2.1.0-03f3b68-SNAPSHOT/ratis-server-2.1.0-03f3b68-SNAPSHOT.jar:/home/runner/.m2/repository/org/apache/ratis/ratis-client/2.1.0-03f3b68-SNAPSHOT/ratis-client-2.1.0-03f3b68-SNAPSHOT.jar:/home/runner/.m2/repository/org/apache/ratis/ratis-server-api/2.1.0-03f3b68-SNAPSHOT/ratis-server-api-2.1.0-03f3b68-SNAPSHOT.jar:/home/runner/.m2/repository/org/apache/ratis/ratis-metrics/2.1.0-03f3b68-SNAPSHOT/ratis-metrics-2.1.0-03f3b68-SNAPSHOT.jar:/home/runner/.m2/repository/org/apache/ratis/ratis-netty/2.1.0-03f3b68-SNAPSHOT/ratis-netty-2.1.0-03f3b68-SNAPSHOT.jar:/home/runner/.m2/repository/org/apache/ratis/ratis-grpc/2.1.0-03f3b68-SNAPSHOT/ratis-grpc-2.1.0-03f3b68-SNAPSHOT.jar:/home/runner/.m2/repository/org/apache/logging/log4j/log4j-api/2.13.3/log4j-api-2.13.3.jar:/home/runner/.m2/repository/org/apache/logging/log4j/log4j-core/2.13.3/log4j-core-2.13.3.jar:/home/runner/.m2/repository/com/lmax/disruptor/3.4.2/disruptor-3.4.2.jar:/home/runner/.m2/repository/org/apache/commons/commons-pool2/2.6.0/commons-pool2-2.6.0.jar:/home/runner/.m2/repository/org/bouncycastle/bcpkix-jdk15on/1.67/bcpkix-jdk15on-1.67.jar:/home/runner/.m2/repository/commons-validator/commons-validator/1.6/commons-validator-1.6.jar:/home/runner/.m2/repository/commons-beanutils/commons-beanutils/1.9.4/commons-beanutils-1.9.4.jar:/home/runner/.m2/repository/commons-digester/commons-digester/1.8.1/commons-digester-1.8.1.jar:/home/runner/.m2/repository/commons-collections/commons-collections/3.2.2/commons-collections-3.2.2.jar:/home/runner/.m2/repository/io/jaegertracing/jaeger-client/1.6.0/jaeger-client-1.6.0.jar:/home/runner/.m2/repository/io/jaegertracing/jaeger-thrift/1.6.0/jaeger-thrift-1.6.0.jar:/home/runner/.m2/repository/org/apache/thrift/libthrift/0.14.1/libthrift-0.14.1.jar:/home/runner/.m2/repository/com/squareup/okhttp3/okhttp/4.9.0/okhttp-4.9.0.jar:/home/runner/.m2/repository/com/squareup/okio/okio/2.8.0/okio-2.8.0.jar:/home/runner/.m2/repository/io/jaegertracing/jaeger-core/1.6.0/jaeger-core-1.6.0.jar:/home/runner/.m2/repository/io/jaegertracing/jaeger-tracerresolver/1.6.0/jaeger-tracerresolver-1.6.0.jar:/home/runner/.m2/repository/io/opentracing/contrib/opentracing-tracerresolver/0.1.8/opentracing-tracerresolver-0.1.8.jar:/home/runner/.m2/repository/org/jetbrains/kotlin/kotlin-stdlib/1.4.31/kotlin-stdlib-1.4.31.jar:/home/runner/.m2/repository/org/jetbrains/kotlin/kotlin-stdlib-common/1.4.31/kotlin-stdlib-common-1.4.31.jar:/home/runner/.m2/repository/org/jetbrains/annotations/13.0/annotations-13.0.jar:/home/runner/.m2/repository/io/opentracing/opentracing-util/0.33.0/opentracing-util-0.33.0.jar:/home/runner/.m2/repository/io/opentracing/opentracing-api/0.33.0/opentracing-api-0.33.0.jar:/home/runner/.m2/repository/io/opentracing/opentracing-noop/0.33.0/opentracing-noop-0.33.0.jar:/home/runner/.m2/repository/org/yaml/snakeyaml/1.26/snakeyaml-1.26.jar:/home/runner/.m2/repository/org/apache/ozone/hdds-interface-admin/1.2.0-SNAPSHOT/hdds-interface-admin-1.2.0-SNAPSHOT.jar:/home/runner/.m2/repository/junit/junit/4.13.1/junit-4.13.1.jar:/home/runner/.m2/repository/org/hamcrest/hamcrest-core/1.3/hamcrest-core-1.3.jar:/home/runner/.m2/repository/org/junit/jupiter/junit-jupiter-api/5.7.0/junit-jupiter-api-5.7.0.jar:/home/runner/.m2/repository/org/apiguardian/apiguardian-api/1.1.0/apiguardian-api-1.1.0.jar:/home/runner/.m2/repository/org/opentest4j/opentest4j/1.2.0/opentest4j-1.2.0.jar:/home/runner/.m2/repository/org/junit/platform/junit-platform-commons/1.7.0/junit-platform-commons-1.7.0.jar:/home/runner/.m2/repository/org/junit/jupiter/junit-jupiter-engine/5.7.0/junit-jupiter-engine-5.7.0.jar:/home/runner/.m2/repository/org/junit/platform/junit-platform-engine/1.7.0/junit-platform-engine-1.7.0.jar:/home/runner/.m2/repository/org/junit/vintage/junit-vintage-engine/5.7.0/junit-vintage-engine-5.7.0.jar:/home/runner/.m2/repository/org/junit/platform/junit-platform-launcher/1.7.0/junit-platform-launcher-1.7.0.jar:/home/runner/.m2/repository/org/openjdk/jmh/jmh-core/1.19/jmh-core-1.19.jar:/home/runner/.m2/repository/net/sf/jopt-simple/jopt-simple/4.6/jopt-simple-4.6.jar:/home/runner/.m2/repository/org/apache/commons/commons-math3/3.1.1/commons-math3-3.1.1.jar:/home/runner/.m2/repository/org/openjdk/jmh/jmh-generator-annprocess/1.19/jmh-generator-annprocess-1.19.jar:/home/runner/.m2/repository/org/mockito/mockito-core/2.28.2/mockito-core-2.28.2.jar:/home/runner/.m2/repository/net/bytebuddy/byte-buddy/1.9.10/byte-buddy-1.9.10.jar:/home/runner/.m2/repository/net/bytebuddy/byte-buddy-agent/1.9.10/byte-buddy-agent-1.9.10.jar:/home/runner/.m2/repository/org/objenesis/objenesis/1.0/objenesis-1.0.jar:/home/runner/.m2/repository/org/apache/hadoop/hadoop-kms/3.3.1/hadoop-kms-3.3.1.jar:/home/runner/.m2/repository/org/apache/hadoop/hadoop-auth/3.3.1/hadoop-auth-3.3.1.jar:/home/runner/.m2/repository/com/nimbusds/nimbus-jose-jwt/7.9/nimbus-jose-jwt-7.9.jar:/home/runner/.m2/repository/com/github/stephenc/jcip/jcip-annotations/1.0-1/jcip-annotations-1.0-1.jar:/home/runner/.m2/repository/net/minidev/json-smart/2.3/json-smart-2.3.jar:/home/runner/.m2/repository/net/minidev/accessors-smart/1.2/accessors-smart-1.2.jar:/home/runner/.m2/repository/org/ow2/asm/asm/5.0.4/asm-5.0.4.jar:/home/runner/.m2/repository/org/apache/zookeeper/zookeeper/3.5.6/zookeeper-3.5.6.jar:/home/runner/.m2/repository/org/apache/zookeeper/zookeeper-jute/3.5.6/zookeeper-jute-3.5.6.jar:/home/runner/.m2/repository/org/apache/yetus/audience-annotations/0.5.0/audience-annotations-0.5.0.jar:/home/runner/.m2/repository/org/apache/curator/curator-framework/4.2.0/curator-framework-4.2.0.jar:/home/runner/.m2/repository/org/apache/hadoop/thirdparty/hadoop-shaded-guava/1.1.1/hadoop-shaded-guava-1.1.1.jar:/home/runner/.m2/repository/com/sun/jersey/jersey-core/1.19/jersey-core-1.19.jar:/home/runner/.m2/repository/javax/ws/rs/jsr311-api/1.1.1/jsr311-api-1.1.1.jar:/home/runner/.m2/repository/com/sun/jersey/jersey-server/1.19/jersey-server-1.19.jar:/home/runner/.m2/repository/javax/servlet/javax.servlet-api/3.1.0/javax.servlet-api-3.1.0.jar:/home/runner/.m2/repository/org/eclipse/jetty/jetty-server/9.4.43.v20210629/jetty-server-9.4.43.v20210629.jar:/home/runner/.m2/repository/org/eclipse/jetty/jetty-http/9.4.43.v20210629/jetty-http-9.4.43.v20210629.jar:/home/runner/.m2/repository/org/eclipse/jetty/jetty-io/9.4.43.v20210629/jetty-io-9.4.43.v20210629.jar:/home/runner/.m2/repository/org/eclipse/jetty/jetty-webapp/9.4.43.v20210629/jetty-webapp-9.4.43.v20210629.jar:/home/runner/.m2/repository/org/eclipse/jetty/jetty-xml/9.4.43.v20210629/jetty-xml-9.4.43.v20210629.jar:/home/runner/.m2/repository/org/apache/hadoop/hadoop-common/3.3.1/hadoop-common-3.3.1.jar:/home/runner/.m2/repository/commons-net/commons-net/3.6/commons-net-3.6.jar:/home/runner/.m2/repository/jakarta/activation/jakarta.activation-api/1.2.1/jakarta.activation-api-1.2.1.jar:/home/runner/.m2/repository/com/sun/jersey/jersey-servlet/1.19/jersey-servlet-1.19.jar:/home/runner/.m2/repository/com/sun/jersey/jersey-json/1.19/jersey-json-1.19.jar:/home/runner/.m2/repository/org/codehaus/jettison/jettison/1.1/jettison-1.1.jar:/home/runner/.m2/repository/com/sun/xml/bind/jaxb-impl/2.2.3-1/jaxb-impl-2.2.3-1.jar:/home/runner/.m2/repository/org/codehaus/jackson/jackson-jaxrs/1.9.2/jackson-jaxrs-1.9.2.jar:/home/runner/.m2/repository/org/codehaus/jackson/jackson-xc/1.9.2/jackson-xc-1.9.2.jar:/home/runner/.m2/repository/org/apache/commons/commons-configuration2/2.1.1/commons-configuration2-2.1.1.jar:/home/runner/.m2/repository/org/apache/commons/commons-text/1.4/commons-text-1.4.jar:/home/runner/.m2/repository/com/google/re2j/re2j/1.1/re2j-1.1.jar:/home/runner/.m2/repository/com/jcraft/jsch/0.1.54/jsch-0.1.54.jar:/home/runner/.m2/repository/org/apache/curator/curator-client/4.2.0/curator-client-4.2.0.jar:/home/runner/.m2/repository/org/apache/curator/curator-recipes/4.2.0/curator-recipes-4.2.0.jar:/home/runner/.m2/repository/org/apache/kerby/kerb-core/1.0.1/kerb-core-1.0.1.jar:/home/runner/.m2/repository/org/apache/kerby/kerby-pkix/1.0.1/kerby-pkix-1.0.1.jar:/home/runner/.m2/repository/org/apache/kerby/kerby-asn1/1.0.1/kerby-asn1-1.0.1.jar:/home/runner/.m2/repository/org/apache/kerby/kerby-util/1.0.1/kerby-util-1.0.1.jar:/home/runner/.m2/repository/dnsjava/dnsjava/2.1.7/dnsjava-2.1.7.jar:/home/runner/.m2/repository/org/xerial/snappy/snappy-java/1.1.8.2/snappy-java-1.1.8.2.jar:/home/runner/.m2/repository/org/slf4j/jul-to-slf4j/1.7.30/jul-to-slf4j-1.7.30.jar:/home/runner/.m2/repository/org/eclipse/jetty/jetty-util/9.4.43.v20210629/jetty-util-9.4.43.v20210629.jar:/home/runner/.m2/repository/com/fasterxml/jackson/core/jackson-databind/2.12.1/jackson-databind-2.12.1.jar:/home/runner/.m2/repository/org/apache/hadoop/hadoop-kms/3.3.1/hadoop-kms-3.3.1-tests.jar:/home/runner/.m2/repository/org/apache/ozone/hdds-server-scm/1.2.0-SNAPSHOT/hdds-server-scm-1.2.0-SNAPSHOT-tests.jar:/home/runner/.m2/repository/org/apache/ozone/hdds-container-service/1.2.0-SNAPSHOT/hdds-container-service-1.2.0-SNAPSHOT-tests.jar:/home/runner/.m2/repository/commons-codec/commons-codec/1.11/commons-codec-1.11.jar:/home/runner/.m2/repository/io/netty/netty-transport/4.1.63.Final/netty-transport-4.1.63.Final.jar:/home/runner/.m2/repository/io/netty/netty-resolver/4.1.63.Final/netty-resolver-4.1.63.Final.jar:/home/runner/.m2/repository/io/netty/netty-codec/4.1.63.Final/netty-codec-4.1.63.Final.jar:/home/runner/.m2/repository/io/netty/netty-handler/4.1.63.Final/netty-handler-4.1.63.Final.jar:/home/runner/.m2/repository/org/apache/ozone/hdds-hadoop-dependency-test/1.2.0-SNAPSHOT/hdds-hadoop-dependency-test-1.2.0-SNAPSHOT.jar:/home/runner/.m2/repository/org/apache/hadoop/hadoop-common/3.3.1/hadoop-common-3.3.1-tests.jar:/home/runner/.m2/repository/org/assertj/assertj-core/3.12.2/assertj-core-3.12.2.jar:/home/runner/.m2/repository/org/apache/hadoop/hadoop-hdfs/3.3.1/hadoop-hdfs-3.3.1-tests.jar:/home/runner/.m2/repository/org/eclipse/jetty/jetty-util-ajax/9.4.43.v20210629/jetty-util-ajax-9.4.43.v20210629.jar:/home/runner/.m2/repository/commons-daemon/commons-daemon/1.0.13/commons-daemon-1.0.13.jar:/home/runner/.m2/repository/io/netty/netty/3.10.6.Final/netty-3.10.6.Final.jar:/home/runner/.m2/repository/io/netty/netty-all/4.1.63.Final/netty-all-4.1.63.Final.jar:/home/runner/.m2/repository/org/apache/htrace/htrace-core4/4.1.0-incubating/htrace-core4-4.1.0-incubating.jar:/home/runner/.m2/repository/org/fusesource/leveldbjni/leveldbjni-all/1.8/leveldbjni-all-1.8.jar:/home/runner/.m2/repository/org/apache/hadoop/hadoop-distcp/3.3.1/hadoop-distcp-3.3.1.jar:/home/runner/.m2/repository/org/apache/hadoop/hadoop-mapreduce-client-jobclient/3.3.1/hadoop-mapreduce-client-jobclient-3.3.1.jar:/home/runner/.m2/repository/org/apache/hadoop/hadoop-mapreduce-client-common/3.3.1/hadoop-mapreduce-client-common-3.3.1.jar:/home/runner/.m2/repository/org/apache/hadoop/hadoop-yarn-common/3.3.1/hadoop-yarn-common-3.3.1.jar:/home/runner/.m2/repository/org/apache/hadoop/hadoop-yarn-api/3.3.1/hadoop-yarn-api-3.3.1.jar:/home/runner/.m2/repository/com/sun/jersey/jersey-client/1.19/jersey-client-1.19.jar:/home/runner/.m2/repository/com/sun/jersey/contribs/jersey-guice/1.19/jersey-guice-1.19.jar:/home/runner/.m2/repository/com/fasterxml/jackson/jaxrs/jackson-jaxrs-json-provider/2.12.1/jackson-jaxrs-json-provider-2.12.1.jar:/home/runner/.m2/repository/com/fasterxml/jackson/jaxrs/jackson-jaxrs-base/2.12.1/jackson-jaxrs-base-2.12.1.jar:/home/runner/.m2/repository/org/apache/hadoop/hadoop-yarn-client/3.3.1/hadoop-yarn-client-3.3.1.jar:/home/runner/.m2/repository/org/eclipse/jetty/websocket/websocket-client/9.4.40.v20210413/websocket-client-9.4.40.v20210413.jar:/home/runner/.m2/repository/org/eclipse/jetty/jetty-client/9.4.40.v20210413/jetty-client-9.4.40.v20210413.jar:/home/runner/.m2/repository/org/eclipse/jetty/websocket/websocket-common/9.4.40.v20210413/websocket-common-9.4.40.v20210413.jar:/home/runner/.m2/repository/org/eclipse/jetty/websocket/websocket-api/9.4.40.v20210413/websocket-api-9.4.40.v20210413.jar:/home/runner/.m2/repository/org/jline/jline/3.9.0/jline-3.9.0.jar:/home/runner/.m2/repository/org/apache/hadoop/hadoop-mapreduce-client-core/3.3.1/hadoop-mapreduce-client-core-3.3.1.jar:/home/runner/.m2/repository/org/apache/avro/avro/1.7.7/avro-1.7.7.jar:/home/runner/.m2/repository/org/codehaus/jackson/jackson-core-asl/1.9.13/jackson-core-asl-1.9.13.jar:/home/runner/.m2/repository/org/codehaus/jackson/jackson-mapper-asl/1.9.13/jackson-mapper-asl-1.9.13.jar:/home/runner/.m2/repository/com/thoughtworks/paranamer/paranamer/2.3/paranamer-2.3.jar:/home/runner/.m2/repository/org/apache/hadoop/hadoop-annotations/3.3.1/hadoop-annotations-3.3.1.jar:/usr/lib/jvm/adoptopenjdk-8-hotspot-amd64/jre/../lib/tools.jar:/home/runner/.m2/repository/org/apache/hadoop/hadoop-distcp/3.3.1/hadoop-distcp-3.3.1-tests.jar:/home/runner/.m2/repository/org/apache/ratis/ratis-common/2.1.0-03f3b68-SNAPSHOT/ratis-common-2.1.0-03f3b68-SNAPSHOT.jar:/home/runner/.m2/repository/org/apache/ratis/ratis-thirdparty-misc/0.7.0/ratis-thirdparty-misc-0.7.0.jar:/home/runner/.m2/repository/org/apache/ratis/ratis-proto/2.1.0-03f3b68-SNAPSHOT/ratis-proto-2.1.0-03f3b68-SNAPSHOT.jar:"/>
    <property name="java.vm.vendor" value="AdoptOpenJDK"/>
    <property name="sun.arch.data.model" value="64"/>
    <property name="test.build.dir" value="/home/runner/work/ozone/ozone/hadoop-ozone/integration-test/target/test-dir"/>
    <property name="test.cache.data" value=""/>
    <property name="java.vendor.url" value="https://adoptopenjdk.net/"/>
    <property name="user.timezone" value=""/>
    <property name="java.vm.specification.version" value="1.8"/>
    <property name="os.name" value="Linux"/>
    <property name="test.build.data" value="/home/runner/work/ozone/ozone/hadoop-ozone/integration-test/target/test-dir"/>
    <property name="sun.java.launcher" value="SUN_STANDARD"/>
    <property name="sun.boot.library.path" value="/usr/lib/jvm/adoptopenjdk-8-hotspot-amd64/jre/lib/amd64"/>
    <property name="sun.java.command" value="/home/runner/work/ozone/ozone/hadoop-ozone/integration-test/target/surefire/surefirebooter4662915930742349262.jar /home/runner/work/ozone/ozone/hadoop-ozone/integration-test/target/surefire 2021-10-10T12-48-19_248-jvmRun1 surefire9027309482705288121tmp surefire_241701358217859766165tmp"/>
    <property name="surefire.test.class.path" value="/home/runner/work/ozone/ozone/hadoop-ozone/integration-test/target/test-classes:/home/runner/work/ozone/ozone/hadoop-ozone/integration-test/target/classes:/home/runner/.m2/repository/org/apache/ozone/ozone-common/1.2.0-SNAPSHOT/ozone-common-1.2.0-SNAPSHOT.jar:/home/runner/.m2/repository/org/apache/commons/commons-compress/1.20/commons-compress-1.20.jar:/home/runner/.m2/repository/org/apache/ozone/hdds-common/1.2.0-SNAPSHOT/hdds-common-1.2.0-SNAPSHOT.jar:/home/runner/.m2/repository/org/apache/ozone/hdds-client/1.2.0-SNAPSHOT/hdds-client-1.2.0-SNAPSHOT.jar:/home/runner/.m2/repository/org/apache/ozone/ozone-interface-client/1.2.0-SNAPSHOT/ozone-interface-client-1.2.0-SNAPSHOT.jar:/home/runner/.m2/repository/org/apache/ozone/hdds-server-framework/1.2.0-SNAPSHOT/hdds-server-framework-1.2.0-SNAPSHOT.jar:/home/runner/.m2/repository/org/apache/ozone/hdds-interface-server/1.2.0-SNAPSHOT/hdds-interface-server-1.2.0-SNAPSHOT.jar:/home/runner/.m2/repository/org/eclipse/jetty/jetty-servlet/9.4.43.v20210629/jetty-servlet-9.4.43.v20210629.jar:/home/runner/.m2/repository/org/eclipse/jetty/jetty-security/9.4.43.v20210629/jetty-security-9.4.43.v20210629.jar:/home/runner/.m2/repository/org/rocksdb/rocksdbjni/6.20.3/rocksdbjni-6.20.3.jar:/home/runner/.m2/repository/io/prometheus/simpleclient_dropwizard/0.7.0/simpleclient_dropwizard-0.7.0.jar:/home/runner/.m2/repository/io/prometheus/simpleclient/0.7.0/simpleclient-0.7.0.jar:/home/runner/.m2/repository/io/prometheus/simpleclient_common/0.7.0/simpleclient_common-0.7.0.jar:/home/runner/.m2/repository/com/fasterxml/jackson/datatype/jackson-datatype-jsr310/2.12.1/jackson-datatype-jsr310-2.12.1.jar:/home/runner/.m2/repository/org/apache/ozone/hdds-test-utils/1.2.0-SNAPSHOT/hdds-test-utils-1.2.0-SNAPSHOT.jar:/home/runner/.m2/repository/com/google/guava/guava/30.1.1-jre/guava-30.1.1-jre.jar:/home/runner/.m2/repository/com/google/guava/failureaccess/1.0.1/failureaccess-1.0.1.jar:/home/runner/.m2/repository/com/google/guava/listenablefuture/9999.0-empty-to-avoid-conflict-with-guava/listenablefuture-9999.0-empty-to-avoid-conflict-with-guava.jar:/home/runner/.m2/repository/com/google/code/findbugs/jsr305/3.0.0/jsr305-3.0.0.jar:/home/runner/.m2/repository/org/checkerframework/checker-qual/3.8.0/checker-qual-3.8.0.jar:/home/runner/.m2/repository/com/google/errorprone/error_prone_annotations/2.2.0/error_prone_annotations-2.2.0.jar:/home/runner/.m2/repository/com/google/j2objc/j2objc-annotations/1.3/j2objc-annotations-1.3.jar:/home/runner/.m2/repository/commons-io/commons-io/2.11.0/commons-io-2.11.0.jar:/home/runner/.m2/repository/commons-logging/commons-logging/1.2/commons-logging-1.2.jar:/home/runner/.m2/repository/log4j/log4j/1.2.17/log4j-1.2.17.jar:/home/runner/.m2/repository/org/slf4j/slf4j-api/1.7.30/slf4j-api-1.7.30.jar:/home/runner/.m2/repository/org/apache/ozone/hdds-server-scm/1.2.0-SNAPSHOT/hdds-server-scm-1.2.0-SNAPSHOT.jar:/home/runner/.m2/repository/org/apache/ozone/hdds-container-service/1.2.0-SNAPSHOT/hdds-container-service-1.2.0-SNAPSHOT.jar:/home/runner/.m2/repository/org/apache/ozone/hdds-hadoop-dependency-server/1.2.0-SNAPSHOT/hdds-hadoop-dependency-server-1.2.0-SNAPSHOT.jar:/home/runner/.m2/repository/org/apache/hadoop/hadoop-hdfs/3.3.1/hadoop-hdfs-3.3.1.jar:/home/runner/.m2/repository/io/dropwizard/metrics/metrics-core/3.2.4/metrics-core-3.2.4.jar:/home/runner/.m2/repository/org/apache/hadoop/hadoop-hdfs-client/3.3.1/hadoop-hdfs-client-3.3.1.jar:/home/runner/.m2/repository/org/bouncycastle/bcprov-jdk15on/1.67/bcprov-jdk15on-1.67.jar:/home/runner/.m2/repository/com/google/protobuf/protobuf-java/2.5.0/protobuf-java-2.5.0.jar:/home/runner/.m2/repository/org/apache/ozone/ozone-manager/1.2.0-SNAPSHOT/ozone-manager-1.2.0-SNAPSHOT.jar:/home/runner/.m2/repository/org/aspectj/aspectjrt/1.9.7/aspectjrt-1.9.7.jar:/home/runner/.m2/repository/org/aspectj/aspectjweaver/1.9.7/aspectjweaver-1.9.7.jar:/home/runner/.m2/repository/org/apache/ozone/hdds-interface-client/1.2.0-SNAPSHOT/hdds-interface-client-1.2.0-SNAPSHOT.jar:/home/runner/.m2/repository/org/apache/hadoop/thirdparty/hadoop-shaded-protobuf_3_7/1.1.1/hadoop-shaded-protobuf_3_7-1.1.1.jar:/home/runner/.m2/repository/org/apache/ozone/ozone-interface-storage/1.2.0-SNAPSHOT/ozone-interface-storage-1.2.0-SNAPSHOT.jar:/home/runner/.m2/repository/org/reflections/reflections/0.9.11/reflections-0.9.11.jar:/home/runner/.m2/repository/org/apache/hadoop/hadoop-minikdc/3.3.1/hadoop-minikdc-3.3.1.jar:/home/runner/.m2/repository/org/apache/kerby/kerb-simplekdc/1.0.1/kerb-simplekdc-1.0.1.jar:/home/runner/.m2/repository/org/apache/kerby/kerb-client/1.0.1/kerb-client-1.0.1.jar:/home/runner/.m2/repository/org/apache/kerby/kerby-config/1.0.1/kerby-config-1.0.1.jar:/home/runner/.m2/repository/org/apache/kerby/kerb-common/1.0.1/kerb-common-1.0.1.jar:/home/runner/.m2/repository/org/apache/kerby/kerb-crypto/1.0.1/kerb-crypto-1.0.1.jar:/home/runner/.m2/repository/org/apache/kerby/kerb-util/1.0.1/kerb-util-1.0.1.jar:/home/runner/.m2/repository/org/apache/kerby/token-provider/1.0.1/token-provider-1.0.1.jar:/home/runner/.m2/repository/org/apache/kerby/kerb-admin/1.0.1/kerb-admin-1.0.1.jar:/home/runner/.m2/repository/org/apache/kerby/kerb-server/1.0.1/kerb-server-1.0.1.jar:/home/runner/.m2/repository/org/apache/kerby/kerb-identity/1.0.1/kerb-identity-1.0.1.jar:/home/runner/.m2/repository/org/apache/kerby/kerby-xdr/1.0.1/kerby-xdr-1.0.1.jar:/home/runner/.m2/repository/org/slf4j/slf4j-log4j12/1.7.30/slf4j-log4j12-1.7.30.jar:/home/runner/.m2/repository/org/apache/ozone/ozone-s3gateway/1.2.0-SNAPSHOT/ozone-s3gateway-1.2.0-SNAPSHOT.jar:/home/runner/.m2/repository/org/javassist/javassist/3.21.0-GA/javassist-3.21.0-GA.jar:/home/runner/.m2/repository/org/jboss/weld/servlet/weld-servlet/2.4.7.Final/weld-servlet-2.4.7.Final.jar:/home/runner/.m2/repository/org/glassfish/jersey/containers/jersey-container-servlet-core/2.33/jersey-container-servlet-core-2.33.jar:/home/runner/.m2/repository/org/glassfish/hk2/external/jakarta.inject/2.6.1/jakarta.inject-2.6.1.jar:/home/runner/.m2/repository/org/glassfish/jersey/core/jersey-common/2.33/jersey-common-2.33.jar:/home/runner/.m2/repository/jakarta/ws/rs/jakarta.ws.rs-api/2.1.6/jakarta.ws.rs-api-2.1.6.jar:/home/runner/.m2/repository/org/glassfish/jersey/ext/cdi/jersey-cdi1x/2.33/jersey-cdi1x-2.33.jar:/home/runner/.m2/repository/org/glassfish/jersey/inject/jersey-hk2/2.33/jersey-hk2-2.33.jar:/home/runner/.m2/repository/org/glassfish/hk2/hk2-locator/2.6.1/hk2-locator-2.6.1.jar:/home/runner/.m2/repository/org/glassfish/jersey/media/jersey-media-jaxb/2.33/jersey-media-jaxb-2.33.jar:/home/runner/.m2/repository/org/glassfish/hk2/osgi-resource-locator/1.0.3/osgi-resource-locator-1.0.3.jar:/home/runner/.m2/repository/org/glassfish/hk2/hk2-api/2.5.0/hk2-api-2.5.0.jar:/home/runner/.m2/repository/org/glassfish/hk2/hk2-utils/2.5.0/hk2-utils-2.5.0.jar:/home/runner/.m2/repository/org/glassfish/hk2/external/aopalliance-repackaged/2.5.0/aopalliance-repackaged-2.5.0.jar:/home/runner/.m2/repository/com/fasterxml/jackson/dataformat/jackson-dataformat-xml/2.12.1/jackson-dataformat-xml-2.12.1.jar:/home/runner/.m2/repository/com/fasterxml/jackson/core/jackson-core/2.12.1/jackson-core-2.12.1.jar:/home/runner/.m2/repository/com/fasterxml/jackson/module/jackson-module-jaxb-annotations/2.12.1/jackson-module-jaxb-annotations-2.12.1.jar:/home/runner/.m2/repository/jakarta/xml/bind/jakarta.xml.bind-api/2.3.2/jakarta.xml.bind-api-2.3.2.jar:/home/runner/.m2/repository/org/codehaus/woodstox/stax2-api/3.1.4/stax2-api-3.1.4.jar:/home/runner/.m2/repository/com/fasterxml/woodstox/woodstox-core/5.0.3/woodstox-core-5.0.3.jar:/home/runner/.m2/repository/javax/enterprise/cdi-api/1.2/cdi-api-1.2.jar:/home/runner/.m2/repository/javax/el/javax.el-api/3.0.0/javax.el-api-3.0.0.jar:/home/runner/.m2/repository/javax/interceptor/javax.interceptor-api/1.2/javax.interceptor-api-1.2.jar:/home/runner/.m2/repository/javax/inject/javax.inject/1/javax.inject-1.jar:/home/runner/.m2/repository/javax/xml/bind/jaxb-api/2.3.0/jaxb-api-2.3.0.jar:/home/runner/.m2/repository/org/glassfish/jaxb/jaxb-runtime/2.3.0.1/jaxb-runtime-2.3.0.1.jar:/home/runner/.m2/repository/org/glassfish/jaxb/jaxb-core/2.3.0.1/jaxb-core-2.3.0.1.jar:/home/runner/.m2/repository/org/glassfish/jaxb/txw2/2.3.0.1/txw2-2.3.0.1.jar:/home/runner/.m2/repository/com/sun/istack/istack-commons-runtime/3.0.5/istack-commons-runtime-3.0.5.jar:/home/runner/.m2/repository/org/jvnet/staxex/stax-ex/1.7.8/stax-ex-1.7.8.jar:/home/runner/.m2/repository/com/sun/xml/fastinfoset/FastInfoset/1.2.13/FastInfoset-1.2.13.jar:/home/runner/.m2/repository/javax/activation/activation/1.1.1/activation-1.1.1.jar:/home/runner/.m2/repository/org/apache/ozone/ozone-csi/1.2.0-SNAPSHOT/ozone-csi-1.2.0-SNAPSHOT.jar:/home/runner/.m2/repository/com/google/protobuf/protobuf-java-util/3.12.0/protobuf-java-util-3.12.0.jar:/home/runner/.m2/repository/com/google/code/gson/gson/2.2.4/gson-2.2.4.jar:/home/runner/.m2/repository/org/apache/ozone/hdds-config/1.2.0-SNAPSHOT/hdds-config-1.2.0-SNAPSHOT.jar:/home/runner/.m2/repository/io/grpc/grpc-netty/1.33.0/grpc-netty-1.33.0.jar:/home/runner/.m2/repository/io/grpc/grpc-core/1.33.0/grpc-core-1.33.0.jar:/home/runner/.m2/repository/com/google/android/annotations/4.1.1.4/annotations-4.1.1.4.jar:/home/runner/.m2/repository/io/netty/netty-codec-http2/4.1.63.Final/netty-codec-http2-4.1.63.Final.jar:/home/runner/.m2/repository/io/netty/netty-codec-http/4.1.63.Final/netty-codec-http-4.1.63.Final.jar:/home/runner/.m2/repository/io/netty/netty-handler-proxy/4.1.63.Final/netty-handler-proxy-4.1.63.Final.jar:/home/runner/.m2/repository/io/netty/netty-codec-socks/4.1.63.Final/netty-codec-socks-4.1.63.Final.jar:/home/runner/.m2/repository/io/perfmark/perfmark-api/0.19.0/perfmark-api-0.19.0.jar:/home/runner/.m2/repository/org/codehaus/mojo/animal-sniffer-annotations/1.18/animal-sniffer-annotations-1.18.jar:/home/runner/.m2/repository/io/netty/netty-transport-native-epoll/4.1.63.Final/netty-transport-native-epoll-4.1.63.Final.jar:/home/runner/.m2/repository/io/netty/netty-common/4.1.63.Final/netty-common-4.1.63.Final.jar:/home/runner/.m2/repository/io/netty/netty-buffer/4.1.63.Final/netty-buffer-4.1.63.Final.jar:/home/runner/.m2/repository/io/netty/netty-transport-native-unix-common/4.1.63.Final/netty-transport-native-unix-common-4.1.63.Final.jar:/home/runner/.m2/repository/io/grpc/grpc-protobuf/1.33.0/grpc-protobuf-1.33.0.jar:/home/runner/.m2/repository/io/grpc/grpc-api/1.33.0/grpc-api-1.33.0.jar:/home/runner/.m2/repository/io/grpc/grpc-context/1.33.0/grpc-context-1.33.0.jar:/home/runner/.m2/repository/com/google/api/grpc/proto-google-common-protos/1.17.0/proto-google-common-protos-1.17.0.jar:/home/runner/.m2/repository/io/grpc/grpc-protobuf-lite/1.33.0/grpc-protobuf-lite-1.33.0.jar:/home/runner/.m2/repository/io/grpc/grpc-stub/1.33.0/grpc-stub-1.33.0.jar:/home/runner/.m2/repository/org/apache/ozone/ozone-recon/1.2.0-SNAPSHOT/ozone-recon-1.2.0-SNAPSHOT.jar:/home/runner/.m2/repository/org/apache/ozone/ozone-reconcodegen/1.2.0-SNAPSHOT/ozone-reconcodegen-1.2.0-SNAPSHOT.jar:/home/runner/.m2/repository/com/google/inject/extensions/guice-multibindings/4.0/guice-multibindings-4.0.jar:/home/runner/.m2/repository/com/google/inject/guice/4.0/guice-4.0.jar:/home/runner/.m2/repository/aopalliance/aopalliance/1.0/aopalliance-1.0.jar:/home/runner/.m2/repository/com/google/inject/extensions/guice-assistedinject/4.0/guice-assistedinject-4.0.jar:/home/runner/.m2/repository/com/google/inject/extensions/guice-servlet/4.0/guice-servlet-4.0.jar:/home/runner/.m2/repository/org/glassfish/jersey/containers/jersey-container-servlet/2.33/jersey-container-servlet-2.33.jar:/home/runner/.m2/repository/org/glassfish/hk2/guice-bridge/2.5.0/guice-bridge-2.5.0.jar:/home/runner/.m2/repository/org/glassfish/jersey/core/jersey-server/2.33/jersey-server-2.33.jar:/home/runner/.m2/repository/org/glassfish/jersey/core/jersey-client/2.33/jersey-client-2.33.jar:/home/runner/.m2/repository/jakarta/annotation/jakarta.annotation-api/1.3.5/jakarta.annotation-api-1.3.5.jar:/home/runner/.m2/repository/jakarta/validation/jakarta.validation-api/2.0.2/jakarta.validation-api-2.0.2.jar:/home/runner/.m2/repository/org/glassfish/jersey/media/jersey-media-json-jackson/2.33/jersey-media-json-jackson-2.33.jar:/home/runner/.m2/repository/org/glassfish/jersey/ext/jersey-entity-filtering/2.33/jersey-entity-filtering-2.33.jar:/home/runner/.m2/repository/org/jooq/jooq/3.11.10/jooq-3.11.10.jar:/home/runner/.m2/repository/org/jooq/jooq-meta/3.11.10/jooq-meta-3.11.10.jar:/home/runner/.m2/repository/org/jooq/jooq-codegen/3.11.10/jooq-codegen-3.11.10.jar:/home/runner/.m2/repository/com/jolbox/bonecp/0.8.0.RELEASE/bonecp-0.8.0.RELEASE.jar:/home/runner/.m2/repository/org/apache/derby/derby/10.14.2.0/derby-10.14.2.0.jar:/home/runner/.m2/repository/org/xerial/sqlite-jdbc/3.25.2/sqlite-jdbc-3.25.2.jar:/home/runner/.m2/repository/org/springframework/spring-jdbc/5.2.11.RELEASE/spring-jdbc-5.2.11.RELEASE.jar:/home/runner/.m2/repository/org/springframework/spring-beans/5.2.11.RELEASE/spring-beans-5.2.11.RELEASE.jar:/home/runner/.m2/repository/org/springframework/spring-core/5.2.11.RELEASE/spring-core-5.2.11.RELEASE.jar:/home/runner/.m2/repository/org/springframework/spring-jcl/5.2.11.RELEASE/spring-jcl-5.2.11.RELEASE.jar:/home/runner/.m2/repository/org/springframework/spring-tx/5.2.11.RELEASE/spring-tx-5.2.11.RELEASE.jar:/home/runner/.m2/repository/org/apache/ozone/ozone-client/1.2.0-SNAPSHOT/ozone-client-1.2.0-SNAPSHOT.jar:/home/runner/.m2/repository/org/apache/ozone/ozone-filesystem/1.2.0-SNAPSHOT/ozone-filesystem-1.2.0-SNAPSHOT.jar:/home/runner/.m2/repository/org/apache/ozone/ozone-filesystem-common/1.2.0-SNAPSHOT/ozone-filesystem-common-1.2.0-SNAPSHOT.jar:/home/runner/.m2/repository/org/apache/ozone/ozone-tools/1.2.0-SNAPSHOT/ozone-tools-1.2.0-SNAPSHOT.jar:/home/runner/.m2/repository/org/apache/ratis/ratis-tools/2.1.0-03f3b68-SNAPSHOT/ratis-tools-2.1.0-03f3b68-SNAPSHOT.jar:/home/runner/.m2/repository/com/amazonaws/aws-java-sdk-core/1.11.901/aws-java-sdk-core-1.11.901.jar:/home/runner/.m2/repository/org/apache/httpcomponents/httpclient/4.5.13/httpclient-4.5.13.jar:/home/runner/.m2/repository/org/apache/httpcomponents/httpcore/4.4.13/httpcore-4.4.13.jar:/home/runner/.m2/repository/software/amazon/ion/ion-java/1.0.2/ion-java-1.0.2.jar:/home/runner/.m2/repository/com/fasterxml/jackson/dataformat/jackson-dataformat-cbor/2.12.1/jackson-dataformat-cbor-2.12.1.jar:/home/runner/.m2/repository/joda-time/joda-time/2.8.1/joda-time-2.8.1.jar:/home/runner/.m2/repository/com/amazonaws/aws-java-sdk-s3/1.11.901/aws-java-sdk-s3-1.11.901.jar:/home/runner/.m2/repository/com/amazonaws/aws-java-sdk-kms/1.11.901/aws-java-sdk-kms-1.11.901.jar:/home/runner/.m2/repository/com/amazonaws/jmespath-java/1.11.901/jmespath-java-1.11.901.jar:/home/runner/.m2/repository/org/kohsuke/metainf-services/metainf-services/1.8/metainf-services-1.8.jar:/home/runner/.m2/repository/org/apache/ozone/hdds-tools/1.2.0-SNAPSHOT/hdds-tools-1.2.0-SNAPSHOT.jar:/home/runner/.m2/repository/commons-cli/commons-cli/1.2/commons-cli-1.2.jar:/home/runner/.m2/repository/org/apache/commons/commons-lang3/3.7/commons-lang3-3.7.jar:/home/runner/.m2/repository/org/apache/ozone/ozone-manager/1.2.0-SNAPSHOT/ozone-manager-1.2.0-SNAPSHOT-tests.jar:/home/runner/.m2/repository/org/apache/ozone/hdds-common/1.2.0-SNAPSHOT/hdds-common-1.2.0-SNAPSHOT-tests.jar:/home/runner/.m2/repository/org/apache/ozone/hdds-hadoop-dependency-client/1.2.0-SNAPSHOT/hdds-hadoop-dependency-client-1.2.0-SNAPSHOT.jar:/home/runner/.m2/repository/info/picocli/picocli/4.6.1/picocli-4.6.1.jar:/home/runner/.m2/repository/com/fasterxml/jackson/core/jackson-annotations/2.12.1/jackson-annotations-2.12.1.jar:/home/runner/.m2/repository/javax/annotation/javax.annotation-api/1.2/javax.annotation-api-1.2.jar:/home/runner/.m2/repository/org/apache/ratis/ratis-server/2.1.0-03f3b68-SNAPSHOT/ratis-server-2.1.0-03f3b68-SNAPSHOT.jar:/home/runner/.m2/repository/org/apache/ratis/ratis-client/2.1.0-03f3b68-SNAPSHOT/ratis-client-2.1.0-03f3b68-SNAPSHOT.jar:/home/runner/.m2/repository/org/apache/ratis/ratis-server-api/2.1.0-03f3b68-SNAPSHOT/ratis-server-api-2.1.0-03f3b68-SNAPSHOT.jar:/home/runner/.m2/repository/org/apache/ratis/ratis-metrics/2.1.0-03f3b68-SNAPSHOT/ratis-metrics-2.1.0-03f3b68-SNAPSHOT.jar:/home/runner/.m2/repository/org/apache/ratis/ratis-netty/2.1.0-03f3b68-SNAPSHOT/ratis-netty-2.1.0-03f3b68-SNAPSHOT.jar:/home/runner/.m2/repository/org/apache/ratis/ratis-grpc/2.1.0-03f3b68-SNAPSHOT/ratis-grpc-2.1.0-03f3b68-SNAPSHOT.jar:/home/runner/.m2/repository/org/apache/logging/log4j/log4j-api/2.13.3/log4j-api-2.13.3.jar:/home/runner/.m2/repository/org/apache/logging/log4j/log4j-core/2.13.3/log4j-core-2.13.3.jar:/home/runner/.m2/repository/com/lmax/disruptor/3.4.2/disruptor-3.4.2.jar:/home/runner/.m2/repository/org/apache/commons/commons-pool2/2.6.0/commons-pool2-2.6.0.jar:/home/runner/.m2/repository/org/bouncycastle/bcpkix-jdk15on/1.67/bcpkix-jdk15on-1.67.jar:/home/runner/.m2/repository/commons-validator/commons-validator/1.6/commons-validator-1.6.jar:/home/runner/.m2/repository/commons-beanutils/commons-beanutils/1.9.4/commons-beanutils-1.9.4.jar:/home/runner/.m2/repository/commons-digester/commons-digester/1.8.1/commons-digester-1.8.1.jar:/home/runner/.m2/repository/commons-collections/commons-collections/3.2.2/commons-collections-3.2.2.jar:/home/runner/.m2/repository/io/jaegertracing/jaeger-client/1.6.0/jaeger-client-1.6.0.jar:/home/runner/.m2/repository/io/jaegertracing/jaeger-thrift/1.6.0/jaeger-thrift-1.6.0.jar:/home/runner/.m2/repository/org/apache/thrift/libthrift/0.14.1/libthrift-0.14.1.jar:/home/runner/.m2/repository/com/squareup/okhttp3/okhttp/4.9.0/okhttp-4.9.0.jar:/home/runner/.m2/repository/com/squareup/okio/okio/2.8.0/okio-2.8.0.jar:/home/runner/.m2/repository/io/jaegertracing/jaeger-core/1.6.0/jaeger-core-1.6.0.jar:/home/runner/.m2/repository/io/jaegertracing/jaeger-tracerresolver/1.6.0/jaeger-tracerresolver-1.6.0.jar:/home/runner/.m2/repository/io/opentracing/contrib/opentracing-tracerresolver/0.1.8/opentracing-tracerresolver-0.1.8.jar:/home/runner/.m2/repository/org/jetbrains/kotlin/kotlin-stdlib/1.4.31/kotlin-stdlib-1.4.31.jar:/home/runner/.m2/repository/org/jetbrains/kotlin/kotlin-stdlib-common/1.4.31/kotlin-stdlib-common-1.4.31.jar:/home/runner/.m2/repository/org/jetbrains/annotations/13.0/annotations-13.0.jar:/home/runner/.m2/repository/io/opentracing/opentracing-util/0.33.0/opentracing-util-0.33.0.jar:/home/runner/.m2/repository/io/opentracing/opentracing-api/0.33.0/opentracing-api-0.33.0.jar:/home/runner/.m2/repository/io/opentracing/opentracing-noop/0.33.0/opentracing-noop-0.33.0.jar:/home/runner/.m2/repository/org/yaml/snakeyaml/1.26/snakeyaml-1.26.jar:/home/runner/.m2/repository/org/apache/ozone/hdds-interface-admin/1.2.0-SNAPSHOT/hdds-interface-admin-1.2.0-SNAPSHOT.jar:/home/runner/.m2/repository/junit/junit/4.13.1/junit-4.13.1.jar:/home/runner/.m2/repository/org/hamcrest/hamcrest-core/1.3/hamcrest-core-1.3.jar:/home/runner/.m2/repository/org/junit/jupiter/junit-jupiter-api/5.7.0/junit-jupiter-api-5.7.0.jar:/home/runner/.m2/repository/org/apiguardian/apiguardian-api/1.1.0/apiguardian-api-1.1.0.jar:/home/runner/.m2/repository/org/opentest4j/opentest4j/1.2.0/opentest4j-1.2.0.jar:/home/runner/.m2/repository/org/junit/platform/junit-platform-commons/1.7.0/junit-platform-commons-1.7.0.jar:/home/runner/.m2/repository/org/junit/jupiter/junit-jupiter-engine/5.7.0/junit-jupiter-engine-5.7.0.jar:/home/runner/.m2/repository/org/junit/platform/junit-platform-engine/1.7.0/junit-platform-engine-1.7.0.jar:/home/runner/.m2/repository/org/junit/vintage/junit-vintage-engine/5.7.0/junit-vintage-engine-5.7.0.jar:/home/runner/.m2/repository/org/junit/platform/junit-platform-launcher/1.7.0/junit-platform-launcher-1.7.0.jar:/home/runner/.m2/repository/org/openjdk/jmh/jmh-core/1.19/jmh-core-1.19.jar:/home/runner/.m2/repository/net/sf/jopt-simple/jopt-simple/4.6/jopt-simple-4.6.jar:/home/runner/.m2/repository/org/apache/commons/commons-math3/3.1.1/commons-math3-3.1.1.jar:/home/runner/.m2/repository/org/openjdk/jmh/jmh-generator-annprocess/1.19/jmh-generator-annprocess-1.19.jar:/home/runner/.m2/repository/org/mockito/mockito-core/2.28.2/mockito-core-2.28.2.jar:/home/runner/.m2/repository/net/bytebuddy/byte-buddy/1.9.10/byte-buddy-1.9.10.jar:/home/runner/.m2/repository/net/bytebuddy/byte-buddy-agent/1.9.10/byte-buddy-agent-1.9.10.jar:/home/runner/.m2/repository/org/objenesis/objenesis/1.0/objenesis-1.0.jar:/home/runner/.m2/repository/org/apache/hadoop/hadoop-kms/3.3.1/hadoop-kms-3.3.1.jar:/home/runner/.m2/repository/org/apache/hadoop/hadoop-auth/3.3.1/hadoop-auth-3.3.1.jar:/home/runner/.m2/repository/com/nimbusds/nimbus-jose-jwt/7.9/nimbus-jose-jwt-7.9.jar:/home/runner/.m2/repository/com/github/stephenc/jcip/jcip-annotations/1.0-1/jcip-annotations-1.0-1.jar:/home/runner/.m2/repository/net/minidev/json-smart/2.3/json-smart-2.3.jar:/home/runner/.m2/repository/net/minidev/accessors-smart/1.2/accessors-smart-1.2.jar:/home/runner/.m2/repository/org/ow2/asm/asm/5.0.4/asm-5.0.4.jar:/home/runner/.m2/repository/org/apache/zookeeper/zookeeper/3.5.6/zookeeper-3.5.6.jar:/home/runner/.m2/repository/org/apache/zookeeper/zookeeper-jute/3.5.6/zookeeper-jute-3.5.6.jar:/home/runner/.m2/repository/org/apache/yetus/audience-annotations/0.5.0/audience-annotations-0.5.0.jar:/home/runner/.m2/repository/org/apache/curator/curator-framework/4.2.0/curator-framework-4.2.0.jar:/home/runner/.m2/repository/org/apache/hadoop/thirdparty/hadoop-shaded-guava/1.1.1/hadoop-shaded-guava-1.1.1.jar:/home/runner/.m2/repository/com/sun/jersey/jersey-core/1.19/jersey-core-1.19.jar:/home/runner/.m2/repository/javax/ws/rs/jsr311-api/1.1.1/jsr311-api-1.1.1.jar:/home/runner/.m2/repository/com/sun/jersey/jersey-server/1.19/jersey-server-1.19.jar:/home/runner/.m2/repository/javax/servlet/javax.servlet-api/3.1.0/javax.servlet-api-3.1.0.jar:/home/runner/.m2/repository/org/eclipse/jetty/jetty-server/9.4.43.v20210629/jetty-server-9.4.43.v20210629.jar:/home/runner/.m2/repository/org/eclipse/jetty/jetty-http/9.4.43.v20210629/jetty-http-9.4.43.v20210629.jar:/home/runner/.m2/repository/org/eclipse/jetty/jetty-io/9.4.43.v20210629/jetty-io-9.4.43.v20210629.jar:/home/runner/.m2/repository/org/eclipse/jetty/jetty-webapp/9.4.43.v20210629/jetty-webapp-9.4.43.v20210629.jar:/home/runner/.m2/repository/org/eclipse/jetty/jetty-xml/9.4.43.v20210629/jetty-xml-9.4.43.v20210629.jar:/home/runner/.m2/repository/org/apache/hadoop/hadoop-common/3.3.1/hadoop-common-3.3.1.jar:/home/runner/.m2/repository/commons-net/commons-net/3.6/commons-net-3.6.jar:/home/runner/.m2/repository/jakarta/activation/jakarta.activation-api/1.2.1/jakarta.activation-api-1.2.1.jar:/home/runner/.m2/repository/com/sun/jersey/jersey-servlet/1.19/jersey-servlet-1.19.jar:/home/runner/.m2/repository/com/sun/jersey/jersey-json/1.19/jersey-json-1.19.jar:/home/runner/.m2/repository/org/codehaus/jettison/jettison/1.1/jettison-1.1.jar:/home/runner/.m2/repository/com/sun/xml/bind/jaxb-impl/2.2.3-1/jaxb-impl-2.2.3-1.jar:/home/runner/.m2/repository/org/codehaus/jackson/jackson-jaxrs/1.9.2/jackson-jaxrs-1.9.2.jar:/home/runner/.m2/repository/org/codehaus/jackson/jackson-xc/1.9.2/jackson-xc-1.9.2.jar:/home/runner/.m2/repository/org/apache/commons/commons-configuration2/2.1.1/commons-configuration2-2.1.1.jar:/home/runner/.m2/repository/org/apache/commons/commons-text/1.4/commons-text-1.4.jar:/home/runner/.m2/repository/com/google/re2j/re2j/1.1/re2j-1.1.jar:/home/runner/.m2/repository/com/jcraft/jsch/0.1.54/jsch-0.1.54.jar:/home/runner/.m2/repository/org/apache/curator/curator-client/4.2.0/curator-client-4.2.0.jar:/home/runner/.m2/repository/org/apache/curator/curator-recipes/4.2.0/curator-recipes-4.2.0.jar:/home/runner/.m2/repository/org/apache/kerby/kerb-core/1.0.1/kerb-core-1.0.1.jar:/home/runner/.m2/repository/org/apache/kerby/kerby-pkix/1.0.1/kerby-pkix-1.0.1.jar:/home/runner/.m2/repository/org/apache/kerby/kerby-asn1/1.0.1/kerby-asn1-1.0.1.jar:/home/runner/.m2/repository/org/apache/kerby/kerby-util/1.0.1/kerby-util-1.0.1.jar:/home/runner/.m2/repository/dnsjava/dnsjava/2.1.7/dnsjava-2.1.7.jar:/home/runner/.m2/repository/org/xerial/snappy/snappy-java/1.1.8.2/snappy-java-1.1.8.2.jar:/home/runner/.m2/repository/org/slf4j/jul-to-slf4j/1.7.30/jul-to-slf4j-1.7.30.jar:/home/runner/.m2/repository/org/eclipse/jetty/jetty-util/9.4.43.v20210629/jetty-util-9.4.43.v20210629.jar:/home/runner/.m2/repository/com/fasterxml/jackson/core/jackson-databind/2.12.1/jackson-databind-2.12.1.jar:/home/runner/.m2/repository/org/apache/hadoop/hadoop-kms/3.3.1/hadoop-kms-3.3.1-tests.jar:/home/runner/.m2/repository/org/apache/ozone/hdds-server-scm/1.2.0-SNAPSHOT/hdds-server-scm-1.2.0-SNAPSHOT-tests.jar:/home/runner/.m2/repository/org/apache/ozone/hdds-container-service/1.2.0-SNAPSHOT/hdds-container-service-1.2.0-SNAPSHOT-tests.jar:/home/runner/.m2/repository/commons-codec/commons-codec/1.11/commons-codec-1.11.jar:/home/runner/.m2/repository/io/netty/netty-transport/4.1.63.Final/netty-transport-4.1.63.Final.jar:/home/runner/.m2/repository/io/netty/netty-resolver/4.1.63.Final/netty-resolver-4.1.63.Final.jar:/home/runner/.m2/repository/io/netty/netty-codec/4.1.63.Final/netty-codec-4.1.63.Final.jar:/home/runner/.m2/repository/io/netty/netty-handler/4.1.63.Final/netty-handler-4.1.63.Final.jar:/home/runner/.m2/repository/org/apache/ozone/hdds-hadoop-dependency-test/1.2.0-SNAPSHOT/hdds-hadoop-dependency-test-1.2.0-SNAPSHOT.jar:/home/runner/.m2/repository/org/apache/hadoop/hadoop-common/3.3.1/hadoop-common-3.3.1-tests.jar:/home/runner/.m2/repository/org/assertj/assertj-core/3.12.2/assertj-core-3.12.2.jar:/home/runner/.m2/repository/org/apache/hadoop/hadoop-hdfs/3.3.1/hadoop-hdfs-3.3.1-tests.jar:/home/runner/.m2/repository/org/eclipse/jetty/jetty-util-ajax/9.4.43.v20210629/jetty-util-ajax-9.4.43.v20210629.jar:/home/runner/.m2/repository/commons-daemon/commons-daemon/1.0.13/commons-daemon-1.0.13.jar:/home/runner/.m2/repository/io/netty/netty/3.10.6.Final/netty-3.10.6.Final.jar:/home/runner/.m2/repository/io/netty/netty-all/4.1.63.Final/netty-all-4.1.63.Final.jar:/home/runner/.m2/repository/org/apache/htrace/htrace-core4/4.1.0-incubating/htrace-core4-4.1.0-incubating.jar:/home/runner/.m2/repository/org/fusesource/leveldbjni/leveldbjni-all/1.8/leveldbjni-all-1.8.jar:/home/runner/.m2/repository/org/apache/hadoop/hadoop-distcp/3.3.1/hadoop-distcp-3.3.1.jar:/home/runner/.m2/repository/org/apache/hadoop/hadoop-mapreduce-client-jobclient/3.3.1/hadoop-mapreduce-client-jobclient-3.3.1.jar:/home/runner/.m2/repository/org/apache/hadoop/hadoop-mapreduce-client-common/3.3.1/hadoop-mapreduce-client-common-3.3.1.jar:/home/runner/.m2/repository/org/apache/hadoop/hadoop-yarn-common/3.3.1/hadoop-yarn-common-3.3.1.jar:/home/runner/.m2/repository/org/apache/hadoop/hadoop-yarn-api/3.3.1/hadoop-yarn-api-3.3.1.jar:/home/runner/.m2/repository/com/sun/jersey/jersey-client/1.19/jersey-client-1.19.jar:/home/runner/.m2/repository/com/sun/jersey/contribs/jersey-guice/1.19/jersey-guice-1.19.jar:/home/runner/.m2/repository/com/fasterxml/jackson/jaxrs/jackson-jaxrs-json-provider/2.12.1/jackson-jaxrs-json-provider-2.12.1.jar:/home/runner/.m2/repository/com/fasterxml/jackson/jaxrs/jackson-jaxrs-base/2.12.1/jackson-jaxrs-base-2.12.1.jar:/home/runner/.m2/repository/org/apache/hadoop/hadoop-yarn-client/3.3.1/hadoop-yarn-client-3.3.1.jar:/home/runner/.m2/repository/org/eclipse/jetty/websocket/websocket-client/9.4.40.v20210413/websocket-client-9.4.40.v20210413.jar:/home/runner/.m2/repository/org/eclipse/jetty/jetty-client/9.4.40.v20210413/jetty-client-9.4.40.v20210413.jar:/home/runner/.m2/repository/org/eclipse/jetty/websocket/websocket-common/9.4.40.v20210413/websocket-common-9.4.40.v20210413.jar:/home/runner/.m2/repository/org/eclipse/jetty/websocket/websocket-api/9.4.40.v20210413/websocket-api-9.4.40.v20210413.jar:/home/runner/.m2/repository/org/jline/jline/3.9.0/jline-3.9.0.jar:/home/runner/.m2/repository/org/apache/hadoop/hadoop-mapreduce-client-core/3.3.1/hadoop-mapreduce-client-core-3.3.1.jar:/home/runner/.m2/repository/org/apache/avro/avro/1.7.7/avro-1.7.7.jar:/home/runner/.m2/repository/org/codehaus/jackson/jackson-core-asl/1.9.13/jackson-core-asl-1.9.13.jar:/home/runner/.m2/repository/org/codehaus/jackson/jackson-mapper-asl/1.9.13/jackson-mapper-asl-1.9.13.jar:/home/runner/.m2/repository/com/thoughtworks/paranamer/paranamer/2.3/paranamer-2.3.jar:/home/runner/.m2/repository/org/apache/hadoop/hadoop-annotations/3.3.1/hadoop-annotations-3.3.1.jar:/usr/lib/jvm/adoptopenjdk-8-hotspot-amd64/jre/../lib/tools.jar:/home/runner/.m2/repository/org/apache/hadoop/hadoop-distcp/3.3.1/hadoop-distcp-3.3.1-tests.jar:/home/runner/.m2/repository/org/apache/ratis/ratis-common/2.1.0-03f3b68-SNAPSHOT/ratis-common-2.1.0-03f3b68-SNAPSHOT.jar:/home/runner/.m2/repository/org/apache/ratis/ratis-thirdparty-misc/0.7.0/ratis-thirdparty-misc-0.7.0.jar:/home/runner/.m2/repository/org/apache/ratis/ratis-proto/2.1.0-03f3b68-SNAPSHOT/ratis-proto-2.1.0-03f3b68-SNAPSHOT.jar:"/>
    <property name="sun.cpu.endian" value="little"/>
    <property name="user.home" value="/home/runner"/>
    <property name="user.language" value="en"/>
    <property name="java.specification.vendor" value="Oracle Corporation"/>
    <property name="java.home" value="/usr/lib/jvm/adoptopenjdk-8-hotspot-amd64/jre"/>
    <property name="java.security.krb5.conf" value="/home/runner/work/ozone/ozone/hadoop-ozone/integration-test/target/test-classes/krb5.conf"/>
    <property name="basedir" value="/home/runner/work/ozone/ozone/hadoop-ozone/integration-test"/>
    <property name="file.separator" value="/"/>
    <property name="line.separator" value="&#10;"/>
    <property name="java.vm.specification.vendor" value="Oracle Corporation"/>
    <property name="java.specification.name" value="Java Platform API Specification"/>
    <property name="java.awt.graphicsenv" value="sun.awt.X11GraphicsEnvironment"/>
    <property name="skip.installnpx" value="true"/>
    <property name="surefire.real.class.path" value="/home/runner/work/ozone/ozone/hadoop-ozone/integration-test/target/surefire/surefirebooter4662915930742349262.jar:/home/runner/.m2/repository/org/jacoco/org.jacoco.agent/0.8.5/org.jacoco.agent-0.8.5-runtime.jar"/>
    <property name="hadoop.log.dir" value="/home/runner/work/ozone/ozone/hadoop-ozone/integration-test/target/log"/>
    <property name="sun.boot.class.path" value="/usr/lib/jvm/adoptopenjdk-8-hotspot-amd64/jre/lib/resources.jar:/usr/lib/jvm/adoptopenjdk-8-hotspot-amd64/jre/lib/rt.jar:/usr/lib/jvm/adoptopenjdk-8-hotspot-amd64/jre/lib/sunrsasign.jar:/usr/lib/jvm/adoptopenjdk-8-hotspot-amd64/jre/lib/jsse.jar:/usr/lib/jvm/adoptopenjdk-8-hotspot-amd64/jre/lib/jce.jar:/usr/lib/jvm/adoptopenjdk-8-hotspot-amd64/jre/lib/charsets.jar:/usr/lib/jvm/adoptopenjdk-8-hotspot-amd64/jre/lib/jfr.jar:/usr/lib/jvm/adoptopenjdk-8-hotspot-amd64/jre/classes"/>
    <property name="sun.management.compiler" value="HotSpot 64-Bit Tiered Compilers"/>
    <property name="skip.npx" value="true"/>
    <property name="java.runtime.version" value="1.8.0_292-b10"/>
    <property name="java.net.preferIPv4Stack" value="true"/>
    <property name="user.name" value="runner"/>
    <property name="path.separator" value=":"/>
    <property name="java.security.egd" value="file:///dev/urandom"/>
    <property name="os.version" value="5.4.0-1059-azure"/>
    <property name="java.endorsed.dirs" value="/usr/lib/jvm/adoptopenjdk-8-hotspot-amd64/jre/lib/endorsed"/>
    <property name="java.runtime.name" value="OpenJDK Runtime Environment"/>
    <property name="file.encoding" value="UTF-8"/>
    <property name="java.vm.name" value="OpenJDK 64-Bit Server VM"/>
    <property name="test.build.webapps" value=""/>
    <property name="localRepository" value="/home/runner/.m2/repository"/>
    <property name="java.vendor.url.bug" value="https://github.com/AdoptOpenJDK/openjdk-support/issues"/>
    <property name="java.io.tmpdir" value="/tmp"/>
    <property name="require.test.libhadoop" value=""/>
    <property name="java.version" value="1.8.0_292"/>
    <property name="user.dir" value="/home/runner/work/ozone/ozone/hadoop-ozone/integration-test"/>
    <property name="os.arch" value="amd64"/>
    <property name="java.vm.specification.name" value="Java Virtual Machine Specification"/>
    <property name="test.build.classes" value="/home/runner/work/ozone/ozone/hadoop-ozone/integration-test/target/test-classes"/>
    <property name="java.awt.printerjob" value="sun.print.PSPrinterJob"/>
    <property name="sun.os.patch.level" value="unknown"/>
    <property name="hadoop.tmp.dir" value="/home/runner/work/ozone/ozone/hadoop-ozone/integration-test/target/tmp"/>
    <property name="java.library.path" value="/usr/java/packages/lib/amd64:/usr/lib64:/lib64:/lib:/usr/lib"/>
    <property name="java.vm.info" value="mixed mode"/>
    <property name="java.vendor" value="AdoptOpenJDK"/>
    <property name="java.vm.version" value="25.292-b10"/>
    <property name="java.ext.dirs" value="/usr/lib/jvm/adoptopenjdk-8-hotspot-amd64/jre/lib/ext:/usr/java/packages/lib/ext"/>
    <property name="sun.io.unicode.encoding" value="UnicodeLittle"/>
    <property name="java.class.version" value="52.0"/>
  </properties>
  <testcase name="test2DatanodesFailure" classname="org.apache.hadoop.ozone.client.rpc.TestBlockOutputStreamWithFailures" time="62.966"/>
  <testcase name="testDatanodeFailureWithPreAllocation" classname="org.apache.hadoop.ozone.client.rpc.TestBlockOutputStreamWithFailures" time="112.24"/>
  <testcase name="testDatanodeFailureWithSingleNodeRatis" classname="org.apache.hadoop.ozone.client.rpc.TestBlockOutputStreamWithFailures" time="300.033">
    <error message="test timed out after 300 seconds" type="org.junit.runners.model.TestTimedOutException">org.junit.runners.model.TestTimedOutException: test timed out after 300 seconds
	at java.lang.Object.wait(Native Method)
	at java.util.concurrent.ForkJoinTask.externalAwaitDone(ForkJoinTask.java:334)
	at java.util.concurrent.ForkJoinTask.doInvoke(ForkJoinTask.java:405)
	at java.util.concurrent.ForkJoinTask.invoke(ForkJoinTask.java:734)
	at java.util.stream.ForEachOps$ForEachOp.evaluateParallel(ForEachOps.java:159)
	at java.util.stream.ForEachOps$ForEachOp$OfRef.evaluateParallel(ForEachOps.java:173)
	at java.util.stream.AbstractPipeline.evaluate(AbstractPipeline.java:233)
	at java.util.stream.ReferencePipeline.forEach(ReferencePipeline.java:485)
	at java.util.stream.ReferencePipeline$Head.forEach(ReferencePipeline.java:650)
	at org.apache.hadoop.ozone.MiniOzoneClusterImpl.stopDatanodes(MiniOzoneClusterImpl.java:529)
	at org.apache.hadoop.ozone.MiniOzoneClusterImpl.stop(MiniOzoneClusterImpl.java:470)
	at org.apache.hadoop.ozone.MiniOzoneClusterImpl.shutdown(MiniOzoneClusterImpl.java:457)
	at org.apache.hadoop.ozone.client.rpc.TestBlockOutputStreamWithFailures.shutdown(TestBlockOutputStreamWithFailures.java:159)
	at sun.reflect.NativeMethodAccessorImpl.invoke0(Native Method)
	at sun.reflect.NativeMethodAccessorImpl.invoke(NativeMethodAccessorImpl.java:62)
	at sun.reflect.DelegatingMethodAccessorImpl.invoke(DelegatingMethodAccessorImpl.java:43)
	at java.lang.reflect.Method.invoke(Method.java:498)
	at org.junit.runners.model.FrameworkMethod$1.runReflectiveCall(FrameworkMethod.java:59)
	at org.junit.internal.runners.model.ReflectiveCallable.run(ReflectiveCallable.java:12)
	at org.junit.runners.model.FrameworkMethod.invokeExplosively(FrameworkMethod.java:56)
	at org.junit.internal.runners.statements.RunAfters.invokeMethod(RunAfters.java:46)
	at org.junit.internal.runners.statements.RunAfters.evaluate(RunAfters.java:33)
	at org.junit.internal.runners.statements.FailOnTimeout$CallableStatement.call(FailOnTimeout.java:288)
	at org.junit.internal.runners.statements.FailOnTimeout$CallableStatement.call(FailOnTimeout.java:282)
	at java.util.concurrent.FutureTask.run(FutureTask.java:266)
	at java.lang.Thread.run(Thread.java:748)
</error>
    <system-out><![CDATA[2021-10-10 13:46:09,487 [Time-limited test] WARN  server.ServerUtils (ServerUtils.java:getScmDbDir(148)) - ozone.scm.db.dirs is not configured. We recommend adding this setting. Falling back to ozone.metadata.dirs instead.
2021-10-10 13:46:09,504 [Time-limited test] INFO  ha.SCMHANodeDetails (SCMHANodeDetails.java:loadSCMHAConfig(157)) - ServiceID for StorageContainerManager is null
2021-10-10 13:46:09,504 [Time-limited test] INFO  ha.SCMHANodeDetails (SCMHANodeDetails.java:loadSCMHAConfig(162)) - ozone.scm.default.service.id is not defined, falling back to ozone.scm.service.ids to find serviceID for StorageContainerManager if it is HA enabled cluster
2021-10-10 13:46:09,516 [Time-limited test] WARN  server.ServerUtils (ServerUtils.java:getScmDbDir(148)) - ozone.scm.db.dirs is not configured. We recommend adding this setting. Falling back to ozone.metadata.dirs instead.
2021-10-10 13:46:09,516 [Time-limited test] INFO  upgrade.AbstractLayoutVersionManager (AbstractLayoutVersionManager.java:init(79)) - Initializing Layout version manager with metadata layout = SCM_HA (version = 2), software layout = SCM_HA (version = 2)
2021-10-10 13:46:09,602 [Time-limited test] INFO  reflections.Reflections (Reflections.java:scan(232)) - Reflections took 84 ms to scan 7 urls, producing 119 keys and 278 values 
2021-10-10 13:46:09,606 [Time-limited test] WARN  utils.HAUtils (HAUtils.java:getMetaDir(342)) - ozone.scm.db.dirs is not configured. We recommend adding this setting. Falling back to ozone.metadata.dirs instead.
2021-10-10 13:46:09,607 [Time-limited test] WARN  db.DBStoreBuilder (DBStoreBuilder.java:applyDBDefinition(145)) - ozone.scm.db.dirs is not configured. We recommend adding this setting. Falling back to ozone.metadata.dirs instead.
2021-10-10 13:46:09,792 [Time-limited test] INFO  net.NodeSchemaLoader (NodeSchemaLoader.java:loadSchemaFromFile(129)) - Loading schema from [jar:file:/home/runner/.m2/repository/org/apache/ozone/hdds-common/1.2.0-SNAPSHOT/hdds-common-1.2.0-SNAPSHOT.jar!/network-topology-default.xml]
2021-10-10 13:46:09,793 [Time-limited test] INFO  net.NodeSchemaLoader (NodeSchemaLoader.java:loadSchema(176)) - Loading network topology layer schema file
2021-10-10 13:46:09,818 [Time-limited test] WARN  impl.MetricRegistriesImpl (MetricRegistriesImpl.java:addReporterRegistration(111)) - New reporters are added after registries were created. Some metrics will be missing from the reporter. Please add reporter before adding any new registry.
2021-10-10 13:46:09,819 [Time-limited test] WARN  impl.MetricRegistriesImpl (MetricRegistriesImpl.java:addReporterRegistration(111)) - New reporters are added after registries were created. Some metrics will be missing from the reporter. Please add reporter before adding any new registry.
2021-10-10 13:46:09,820 [Time-limited test] INFO  ha.SequenceIdGenerator (SequenceIdGenerator.java:upgradeToSequenceId(347)) - upgrade localId to 107544261427200000
2021-10-10 13:46:09,820 [Time-limited test] INFO  ha.SequenceIdGenerator (SequenceIdGenerator.java:upgradeToSequenceId(357)) - upgrade delTxnId to 0
2021-10-10 13:46:09,820 [Time-limited test] INFO  ha.SequenceIdGenerator (SequenceIdGenerator.java:upgradeToSequenceId(371)) - upgrade containerId to 0
2021-10-10 13:46:09,821 [Time-limited test] INFO  ha.SequenceIdGenerator (SequenceIdGenerator.java:<init>(218)) - Init the HA SequenceIdGenerator.
2021-10-10 13:46:09,822 [Time-limited test] WARN  server.ServerUtils (ServerUtils.java:sanitizeUserArgs(67)) - ozone.scm.dead.node.interval value = 10000 is smaller than min = 20000 based on the key value of ozone.scm.stale.node.interval, reset to the min value 20000.
2021-10-10 13:46:09,829 [Time-limited test] INFO  node.SCMNodeManager (SCMNodeManager.java:<init>(144)) - Entering startup safe mode.
2021-10-10 13:46:09,829 [Time-limited test] INFO  algorithms.ContainerPlacementPolicyFactory (ContainerPlacementPolicyFactory.java:getPolicy(60)) - Create container placement policy of type org.apache.hadoop.hdds.scm.container.placement.algorithms.SCMContainerPlacementRandom
2021-10-10 13:46:09,829 [Time-limited test] INFO  pipeline.PipelineStateManagerImpl (PipelineStateManagerImpl.java:initialize(78)) - No pipeline exists in current db
2021-10-10 13:46:09,831 [Time-limited test] INFO  algorithms.LeaderChoosePolicyFactory (LeaderChoosePolicyFactory.java:getPolicy(57)) - Create leader choose policy of type org.apache.hadoop.hdds.scm.pipeline.leader.choose.algorithms.MinLeaderCountChoosePolicy
2021-10-10 13:46:09,831 [Time-limited test] INFO  ha.SCMServiceManager (SCMServiceManager.java:register(43)) - Registering service BackgroundPipelineCreator.
2021-10-10 13:46:09,831 [Time-limited test] INFO  pipeline.BackgroundPipelineCreator (BackgroundPipelineCreator.java:start(130)) - Starting RatisPipelineUtilsThread.
2021-10-10 13:46:09,832 [Time-limited test] INFO  algorithms.PipelineChoosePolicyFactory (PipelineChoosePolicyFactory.java:createPipelineChoosePolicyFromClass(73)) - Create pipeline choose policy of type org.apache.hadoop.hdds.scm.pipeline.choose.algorithms.RandomPipelineChoosePolicy
2021-10-10 13:46:09,832 [Time-limited test] INFO  ha.SCMServiceManager (SCMServiceManager.java:register(43)) - Registering service SCMBlockDeletingService.
2021-10-10 13:46:09,832 [Time-limited test] INFO  ha.SCMServiceManager (SCMServiceManager.java:register(43)) - Registering service ReplicationManager.
2021-10-10 13:46:09,832 [Time-limited test] INFO  container.ReplicationManager (ReplicationManager.java:start(319)) - Starting Replication Monitor Thread.
2021-10-10 13:46:09,833 [Time-limited test] INFO  safemode.ContainerSafeModeRule (ContainerSafeModeRule.java:<init>(89)) - containers with one replica threshold count 0
2021-10-10 13:46:09,833 [Time-limited test] INFO  safemode.HealthyPipelineSafeModeRule (HealthyPipelineSafeModeRule.java:initializeRule(156)) - Total pipeline count is 0, healthy pipeline threshold count is 1
2021-10-10 13:46:09,834 [Time-limited test] INFO  safemode.OneReplicaPipelineSafeModeRule (OneReplicaPipelineSafeModeRule.java:initializeRule(180)) - Total pipeline count is 0, pipeline's with at least one datanode reported threshold count is 0
2021-10-10 13:46:09,835 [Time-limited test] INFO  ipc.CallQueueManager (CallQueueManager.java:<init>(90)) - Using callQueue: class java.util.concurrent.LinkedBlockingQueue, queueCapacity: 2000, scheduler: class org.apache.hadoop.ipc.DefaultRpcScheduler, ipcBackoff: false.
2021-10-10 13:46:09,851 [Socket Reader #1 for port 0] INFO  ipc.Server (Server.java:run(1265)) - Starting Socket Reader #1 for port 0
2021-10-10 13:46:09,852 [Listener at 0.0.0.0/36165] INFO  ipc.CallQueueManager (CallQueueManager.java:<init>(90)) - Using callQueue: class java.util.concurrent.LinkedBlockingQueue, queueCapacity: 2000, scheduler: class org.apache.hadoop.ipc.DefaultRpcScheduler, ipcBackoff: false.
2021-10-10 13:46:09,858 [Socket Reader #1 for port 0] INFO  ipc.Server (Server.java:run(1265)) - Starting Socket Reader #1 for port 0
2021-10-10 13:46:09,860 [Listener at 0.0.0.0/39465] INFO  ipc.CallQueueManager (CallQueueManager.java:<init>(90)) - Using callQueue: class java.util.concurrent.LinkedBlockingQueue, queueCapacity: 2000, scheduler: class org.apache.hadoop.ipc.DefaultRpcScheduler, ipcBackoff: false.
2021-10-10 13:46:09,865 [Socket Reader #1 for port 0] INFO  ipc.Server (Server.java:run(1265)) - Starting Socket Reader #1 for port 0
2021-10-10 13:46:09,877 [ReplicationMonitor] INFO  container.ReplicationManager (ReplicationManager.java:processAll(371)) - Replication Monitor Thread took 0 milliseconds for processing 0 containers.
2021-10-10 13:46:09,910 [Listener at 0.0.0.0/36311] INFO  algorithms.ContainerPlacementPolicyFactory (ContainerPlacementPolicyFactory.java:getPolicy(60)) - Create container placement policy of type org.apache.hadoop.hdds.scm.container.placement.algorithms.SCMContainerPlacementRandom
2021-10-10 13:46:09,910 [Listener at 0.0.0.0/36311] INFO  server.StorageContainerManager (StorageContainerManager.java:<init>(388)) - 
Container Balancer status:
Key                            Value
Running                        false
Container Balancer Configuration values:
Key                                                Value
Threshold                                          0.1
Max Datanodes to Involve per Iteration(ratio)      0.2
Max Size to Move per Iteration                     32212254720B

2021-10-10 13:46:09,911 [Listener at 0.0.0.0/36311] WARN  events.EventQueue (EventQueue.java:fireEvent(194)) - No event handler registered for event TypedEvent{payloadType=SafeModeStatus, name='Safe mode status'}
2021-10-10 13:46:09,911 [Listener at 0.0.0.0/36311] INFO  ha.SCMContext (SCMContext.java:updateSafeModeStatus(205)) - Update SafeModeStatus from SafeModeStatus{safeModeStatus=true, preCheckPassed=false} to SafeModeStatus{safeModeStatus=true, preCheckPassed=false}.
2021-10-10 13:46:09,911 [Listener at 0.0.0.0/36311] INFO  server.StorageContainerManager (StorageContainerManager.java:start(1303)) - StorageContainerLocationProtocol RPC server is listening at /0.0.0.0:36311
2021-10-10 13:46:09,912 [Listener at 0.0.0.0/36311] WARN  impl.MetricsConfig (MetricsConfig.java:loadFirst(136)) - Cannot locate configuration: tried hadoop-metrics2-storagecontainermanager.properties,hadoop-metrics2.properties
2021-10-10 13:46:09,913 [Listener at 0.0.0.0/36311] INFO  impl.MetricsSystemImpl (MetricsSystemImpl.java:startTimer(378)) - Scheduled Metric snapshot period at 10 second(s).
2021-10-10 13:46:09,913 [Listener at 0.0.0.0/36311] INFO  impl.MetricsSystemImpl (MetricsSystemImpl.java:start(191)) - StorageContainerManager metrics system started
2021-10-10 13:46:09,941 [Listener at 0.0.0.0/36311] INFO  impl.MetricsSinkAdapter (MetricsSinkAdapter.java:start(204)) - Sink prometheus started
2021-10-10 13:46:09,942 [Listener at 0.0.0.0/36311] INFO  impl.MetricsSystemImpl (MetricsSystemImpl.java:registerSink(305)) - Registered sink prometheus
2021-10-10 13:46:09,956 [Listener at 0.0.0.0/36311] INFO  server.SCMClientProtocolServer (SCMClientProtocolServer.java:start(164)) - RPC server for Client  is listening at /0.0.0.0:36311
2021-10-10 13:46:09,957 [IPC Server Responder] INFO  ipc.Server (Server.java:run(1507)) - IPC Server Responder: starting
2021-10-10 13:46:09,957 [IPC Server listener on 0] INFO  ipc.Server (Server.java:run(1344)) - IPC Server listener on 0: starting
2021-10-10 13:46:09,965 [Listener at 0.0.0.0/36311] INFO  server.StorageContainerManager (StorageContainerManager.java:start(1318)) - ScmBlockLocationProtocol RPC server is listening at /0.0.0.0:39465
2021-10-10 13:46:09,966 [Listener at 0.0.0.0/36311] INFO  server.SCMBlockProtocolServer (SCMBlockProtocolServer.java:start(151)) - RPC server for Block Protocol is listening at /0.0.0.0:39465
2021-10-10 13:46:09,967 [IPC Server Responder] INFO  ipc.Server (Server.java:run(1507)) - IPC Server Responder: starting
2021-10-10 13:46:09,972 [IPC Server listener on 0] INFO  ipc.Server (Server.java:run(1344)) - IPC Server listener on 0: starting
2021-10-10 13:46:09,975 [Listener at 0.0.0.0/36311] INFO  server.StorageContainerManager (StorageContainerManager.java:start(1324)) - ScmDatanodeProtocl RPC server is listening at /0.0.0.0:36165
2021-10-10 13:46:09,975 [Listener at 0.0.0.0/36311] INFO  server.SCMDatanodeProtocolServer (SCMDatanodeProtocolServer.java:start(181)) - RPC server for DataNodes is listening at /0.0.0.0:36165
2021-10-10 13:46:09,977 [IPC Server Responder] INFO  ipc.Server (Server.java:run(1507)) - IPC Server Responder: starting
2021-10-10 13:46:09,977 [IPC Server listener on 0] INFO  ipc.Server (Server.java:run(1344)) - IPC Server listener on 0: starting
2021-10-10 13:46:10,019 [Listener at 0.0.0.0/36311] INFO  http.BaseHttpServer (BaseHttpServer.java:newHttpServer2BuilderForOzone(209)) - Starting Web-server for scm at: http://0.0.0.0:0
2021-10-10 13:46:10,019 [Listener at 0.0.0.0/36311] INFO  http.BaseHttpServer (BaseHttpServer.java:<init>(107)) - Hadoop Security Enabled: false Ozone Security Enabled: false Ozone HTTP Security Enabled: false 
2021-10-10 13:46:10,020 [Listener at 0.0.0.0/36311] INFO  server.AuthenticationFilter (AuthenticationFilter.java:constructSecretProvider(240)) - Unable to initialize FileSignerSecretProvider, falling back to use random secrets.
2021-10-10 13:46:10,021 [org.apache.hadoop.util.JvmPauseMonitor$Monitor@67738551] INFO  util.JvmPauseMonitor (JvmPauseMonitor.java:run(188)) - Starting JVM pause monitor
2021-10-10 13:46:10,024 [Listener at 0.0.0.0/36311] WARN  http.HttpRequestLog (HttpRequestLog.java:getRequestLog(103)) - Jetty request log can only be enabled using Log4j
2021-10-10 13:46:10,025 [Listener at 0.0.0.0/36311] INFO  http.HttpServer2 (HttpServer2.java:addGlobalFilter(1030)) - Added global filter 'safety' (class=org.apache.hadoop.hdds.server.http.HttpServer2$QuotingInputFilter)
2021-10-10 13:46:10,025 [Listener at 0.0.0.0/36311] INFO  http.HttpServer2 (HttpServer2.java:addFilter(1006)) - Added filter static_user_filter (class=org.apache.hadoop.http.lib.StaticUserWebFilter$StaticUserFilter) to context scm
2021-10-10 13:46:10,025 [Listener at 0.0.0.0/36311] INFO  http.HttpServer2 (HttpServer2.java:addFilter(1014)) - Added filter static_user_filter (class=org.apache.hadoop.http.lib.StaticUserWebFilter$StaticUserFilter) to context logs
2021-10-10 13:46:10,025 [Listener at 0.0.0.0/36311] INFO  http.HttpServer2 (HttpServer2.java:addFilter(1014)) - Added filter static_user_filter (class=org.apache.hadoop.http.lib.StaticUserWebFilter$StaticUserFilter) to context static
2021-10-10 13:46:10,026 [Listener at 0.0.0.0/36311] INFO  http.HttpServer2 (HttpServer2.java:bindListener(1249)) - Jetty bound to port 37135
2021-10-10 13:46:10,026 [Listener at 0.0.0.0/36311] INFO  server.Server (Server.java:doStart(375)) - jetty-9.4.43.v20210629; built: 2021-06-30T11:07:22.254Z; git: 526006ecfa3af7f1a27ef3a288e2bef7ea9dd7e8; jvm 1.8.0_292-b10
2021-10-10 13:46:10,055 [Listener at 0.0.0.0/36311] INFO  server.session (DefaultSessionIdManager.java:doStart(334)) - DefaultSessionIdManager workerName=node0
2021-10-10 13:46:10,055 [Listener at 0.0.0.0/36311] INFO  server.session (DefaultSessionIdManager.java:doStart(339)) - No SessionScavenger set, using defaults
2021-10-10 13:46:10,055 [Listener at 0.0.0.0/36311] INFO  server.session (HouseKeeper.java:startScavenging(132)) - node0 Scavenging every 600000ms
2021-10-10 13:46:10,056 [Listener at 0.0.0.0/36311] INFO  handler.ContextHandler (ContextHandler.java:doStart(915)) - Started o.e.j.s.ServletContextHandler@be6be52{logs,/logs,file:///home/runner/work/ozone/ozone/hadoop-ozone/integration-test/target/log,AVAILABLE}
2021-10-10 13:46:10,057 [Listener at 0.0.0.0/36311] INFO  handler.ContextHandler (ContextHandler.java:doStart(915)) - Started o.e.j.s.ServletContextHandler@2193dad9{static,/static,file:///home/runner/work/ozone/ozone/hadoop-ozone/integration-test/target/test-classes/webapps/static,AVAILABLE}
2021-10-10 13:46:10,072 [Listener at 0.0.0.0/36311] INFO  handler.ContextHandler (ContextHandler.java:doStart(915)) - Started o.e.j.w.WebAppContext@5df606df{scm,/,file:///home/runner/work/ozone/ozone/hadoop-ozone/integration-test/target/test-classes/webapps/scm/,AVAILABLE}{file:/home/runner/work/ozone/ozone/hadoop-ozone/integration-test/target/test-classes/webapps/scm}
2021-10-10 13:46:10,093 [Listener at 0.0.0.0/36311] INFO  server.AbstractConnector (AbstractConnector.java:doStart(331)) - Started ServerConnector@13a80db7{HTTP/1.1, (http/1.1)}{0.0.0.0:37135}
2021-10-10 13:46:10,093 [Listener at 0.0.0.0/36311] INFO  server.Server (Server.java:doStart(415)) - Started @176876ms
2021-10-10 13:46:10,093 [Listener at 0.0.0.0/36311] WARN  impl.MetricsSystemImpl (MetricsSystemImpl.java:register(279)) - Sink prometheus already exists!
2021-10-10 13:46:10,094 [Listener at 0.0.0.0/36311] INFO  http.BaseHttpServer (BaseHttpServer.java:updateConnectorAddress(329)) - HTTP server of scm listening at http://0.0.0.0:37135
2021-10-10 13:46:10,094 [Listener at 0.0.0.0/36311] WARN  server.ServerUtils (ServerUtils.java:getDBPath(225)) - ozone.om.db.dirs is not configured. We recommend adding this setting. Falling back to ozone.metadata.dirs instead.
2021-10-10 13:46:10,097 [Listener at 0.0.0.0/36311] INFO  ha.OMHANodeDetails (OMHANodeDetails.java:loadOMHAConfig(112)) - ozone.om.internal.service.id is not defined, falling back to ozone.om.service.ids to find serviceID for OzoneManager if it is HA enabled cluster
2021-10-10 13:46:10,097 [Listener at 0.0.0.0/36311] INFO  ha.OMHANodeDetails (OMHANodeDetails.java:loadOMHAConfig(219)) - Configuration does not have ozone.om.address set. Falling back to the default OM address /127.0.0.1:0
2021-10-10 13:46:10,097 [Listener at 0.0.0.0/36311] INFO  ha.OMHANodeDetails (OMHANodeDetails.java:getOMNodeDetails(247)) - OM Service ID is not set. Setting it to the default ID: omServiceIdDefault
2021-10-10 13:46:10,097 [Listener at 0.0.0.0/36311] INFO  ha.OMHANodeDetails (OMHANodeDetails.java:getOMNodeDetails(254)) - OM Node ID is not set. Setting it to the default ID: om1
2021-10-10 13:46:10,098 [Listener at 0.0.0.0/36311] WARN  server.ServerUtils (ServerUtils.java:getDBPath(225)) - ozone.om.db.dirs is not configured. We recommend adding this setting. Falling back to ozone.metadata.dirs instead.
2021-10-10 13:46:10,098 [Listener at 0.0.0.0/36311] INFO  upgrade.AbstractLayoutVersionManager (AbstractLayoutVersionManager.java:init(79)) - Initializing Layout version manager with metadata layout = INITIAL_VERSION (version = 0), software layout = INITIAL_VERSION (version = 0)
2021-10-10 13:46:10,214 [Listener at 0.0.0.0/36311] INFO  reflections.Reflections (Reflections.java:scan(232)) - Reflections took 115 ms to scan 2 urls, producing 131 keys and 342 values [using 2 cores]
2021-10-10 13:46:10,215 [Listener at 0.0.0.0/36311] INFO  upgrade.OMLayoutVersionManager (OMLayoutVersionManager.java:lambda$0(115)) - Skipping Upgrade Action MockOmUpgradeAction since it has been finalized.
2021-10-10 13:46:10,215 [Listener at 0.0.0.0/36311] WARN  server.ServerUtils (ServerUtils.java:getDBPath(225)) - ozone.om.db.dirs is not configured. We recommend adding this setting. Falling back to ozone.metadata.dirs instead.
2021-10-10 13:46:10,242 [Listener at 0.0.0.0/36311] WARN  server.ServerUtils (ServerUtils.java:getDBPath(225)) - ozone.om.db.dirs is not configured. We recommend adding this setting. Falling back to ozone.metadata.dirs instead.
2021-10-10 13:46:10,243 [Listener at 0.0.0.0/36311] INFO  codec.OmKeyInfoCodec (OmKeyInfoCodec.java:<init>(51)) - OmKeyInfoCodec ignorePipeline = true
2021-10-10 13:46:10,269 [Listener at 0.0.0.0/36311] INFO  codec.RepeatedOmKeyInfoCodec (RepeatedOmKeyInfoCodec.java:<init>(42)) - RepeatedOmKeyInfoCodec ignorePipeline = true
2021-10-10 13:46:10,497 [Listener at 0.0.0.0/36311] INFO  om.OzoneManager (OzoneManager.java:addS3GVolumeToDB(4151)) - Created Volume s3v With Owner runner required for S3Gateway operations.
2021-10-10 13:46:10,499 [Listener at 0.0.0.0/36311] WARN  server.ServerUtils (ServerUtils.java:getDefaultRatisDirectory(237)) - Storage directory for Ratis is not configured. It is a good idea to map this to an SSD disk. Falling back to ozone.metadata.dirs
2021-10-10 13:46:10,500 [Listener at 0.0.0.0/36311] WARN  utils.OzoneManagerRatisUtils (OzoneManagerRatisUtils.java:getOMRatisSnapshotDirectory(435)) - ozone.om.ratis.snapshot.dir is not configured. Falling back to ozone.metadata.dirs config
2021-10-10 13:46:10,523 [Listener at 0.0.0.0/36311] WARN  impl.MetricRegistriesImpl (MetricRegistriesImpl.java:addReporterRegistration(111)) - New reporters are added after registries were created. Some metrics will be missing from the reporter. Please add reporter before adding any new registry.
2021-10-10 13:46:10,523 [Listener at 0.0.0.0/36311] WARN  impl.MetricRegistriesImpl (MetricRegistriesImpl.java:addReporterRegistration(111)) - New reporters are added after registries were created. Some metrics will be missing from the reporter. Please add reporter before adding any new registry.
2021-10-10 13:46:10,523 [Listener at 0.0.0.0/36311] WARN  server.ServerUtils (ServerUtils.java:getDefaultRatisDirectory(237)) - Storage directory for Ratis is not configured. It is a good idea to map this to an SSD disk. Falling back to ozone.metadata.dirs
2021-10-10 13:46:10,524 [Listener at 0.0.0.0/36311] INFO  ratis.OzoneManagerRatisServer (OzoneManagerRatisServer.java:<init>(158)) - Instantiating OM Ratis server with groupID: omServiceIdDefault and peers: localhost:9872
2021-10-10 13:46:10,538 [Listener at 0.0.0.0/36311] INFO  ratis.OzoneManagerStateMachine (OzoneManagerStateMachine.java:loadSnapshotInfoFromDB(605)) - LastAppliedIndex is set from TransactionInfo from OM DB as (t:0, i:~)
2021-10-10 13:46:10,541 [Listener at 0.0.0.0/36311] INFO  server.RaftServer (ConfUtils.java:logGet(44)) - raft.rpc.type = GRPC (default)
2021-10-10 13:46:10,541 [Listener at 0.0.0.0/36311] INFO  grpc.GrpcFactory (GrpcFactory.java:checkPooledByteBufAllocatorUseCacheForAllThreads(48)) - PERFORMANCE WARNING: useCacheForAllThreads is true that may cause Netty to create a lot garbage objects and, as a result, trigger GC.
	It is recommended to disable useCacheForAllThreads by setting -Dorg.apache.ratis.thirdparty.io.netty.allocator.useCacheForAllThreads=false in command line.
2021-10-10 13:46:10,584 [Listener at 0.0.0.0/36311] INFO  grpc.GrpcConfigKeys (ConfUtils.java:logGet(44)) - raft.grpc.admin.port = -1 (default)
2021-10-10 13:46:10,584 [Listener at 0.0.0.0/36311] INFO  grpc.GrpcConfigKeys (ConfUtils.java:logGet(44)) - raft.grpc.server.port = 9872 (custom)
2021-10-10 13:46:10,584 [Listener at 0.0.0.0/36311] INFO  grpc.GrpcConfigKeys (ConfUtils.java:logGet(44)) - raft.grpc.client.port = -1 (default)
2021-10-10 13:46:10,584 [Listener at 0.0.0.0/36311] INFO  grpc.GrpcConfigKeys (ConfUtils.java:logGet(44)) - raft.grpc.server.port = 9872 (custom)
2021-10-10 13:46:10,585 [Listener at 0.0.0.0/36311] INFO  grpc.GrpcConfigKeys (ConfUtils.java:logGet(44)) - raft.grpc.server.port = 9872 (custom)
2021-10-10 13:46:10,585 [Listener at 0.0.0.0/36311] INFO  server.GrpcService (ConfUtils.java:logGet(44)) - raft.grpc.message.size.max = 33554432 (custom)
2021-10-10 13:46:10,585 [Listener at 0.0.0.0/36311] INFO  server.RaftServerConfigKeys (ConfUtils.java:logGet(44)) - raft.server.log.appender.buffer.byte-limit = 33554432 (custom)
2021-10-10 13:46:10,585 [Listener at 0.0.0.0/36311] INFO  server.GrpcService (ConfUtils.java:logGet(44)) - raft.grpc.flow.control.window = 1MB (=1048576) (default)
2021-10-10 13:46:10,585 [Listener at 0.0.0.0/36311] INFO  server.RaftServerConfigKeys (ConfUtils.java:logGet(44)) - raft.server.rpc.request.timeout = 3000ms (default)
2021-10-10 13:46:10,586 [Listener at 0.0.0.0/36311] INFO  impl.DataStreamServerImpl (ConfUtils.java:logGet(44)) - raft.datastream.type = DISABLED (default)
2021-10-10 13:46:10,587 [Listener at 0.0.0.0/36311] INFO  server.RaftServerConfigKeys (ConfUtils.java:logGet(44)) - raft.server.rpc.slowness.timeout = 120s (custom)
2021-10-10 13:46:10,587 [Listener at 0.0.0.0/36311] INFO  server.RaftServerConfigKeys (ConfUtils.java:logGet(44)) - raft.server.leaderelection.leader.step-down.wait-time = 10s (default)
2021-10-10 13:46:10,587 [Listener at 0.0.0.0/36311] INFO  server.RaftServerConfigKeys (ConfUtils.java:logGet(44)) - raft.server.storage.dir = [/home/runner/work/ozone/ozone/hadoop-ozone/integration-test/target/test-dir/MiniOzoneClusterImpl-0f145d0e-b24d-4882-976e-a7baa8a64dfe/ozone-meta/ratis] (custom)
2021-10-10 13:46:10,590 [Listener at 0.0.0.0/36311] INFO  server.RaftServer (RaftServerProxy.java:addNew(95)) - om1: addNew group-C5BA1605619E:[om1|rpc:localhost:9872|priority:0] returns group-C5BA1605619E:java.util.concurrent.CompletableFuture@d1e433e[Not completed]
2021-10-10 13:46:10,590 [Listener at 0.0.0.0/36311] INFO  om.OzoneManager (OzoneManager.java:initializeRatisServer(1605)) - OzoneManager Ratis server initialized at port 9872
2021-10-10 13:46:10,591 [Listener at 0.0.0.0/36311] INFO  ipc.CallQueueManager (CallQueueManager.java:<init>(90)) - Using callQueue: class java.util.concurrent.LinkedBlockingQueue, queueCapacity: 2000, scheduler: class org.apache.hadoop.ipc.DefaultRpcScheduler, ipcBackoff: false.
2021-10-10 13:46:10,599 [Socket Reader #1 for port 0] INFO  ipc.Server (Server.java:run(1265)) - Starting Socket Reader #1 for port 0
2021-10-10 13:46:10,639 [pool-492-thread-1] INFO  server.RaftServer$Division (RaftServerImpl.java:<init>(181)) - om1: new RaftServerImpl for group-C5BA1605619E:[om1|rpc:localhost:9872|priority:0] with OzoneManagerStateMachine:uninitialized
2021-10-10 13:46:10,640 [pool-492-thread-1] INFO  server.RaftServerConfigKeys (ConfUtils.java:logGet(44)) - raft.server.rpc.timeout.min = 1s (custom)
2021-10-10 13:46:10,640 [pool-492-thread-1] INFO  server.RaftServerConfigKeys (ConfUtils.java:logGet(44)) - raft.server.rpc.timeout.max = 1200ms (custom)
2021-10-10 13:46:10,640 [pool-492-thread-1] INFO  server.RaftServerConfigKeys (ConfUtils.java:logGet(44)) - raft.server.rpc.sleep.time = 25ms (default)
2021-10-10 13:46:10,640 [pool-492-thread-1] INFO  server.RaftServerConfigKeys (ConfUtils.java:logGet(44)) - raft.server.rpc.slowness.timeout = 120s (custom)
2021-10-10 13:46:10,640 [pool-492-thread-1] INFO  server.RaftServerConfigKeys (ConfUtils.java:logGet(44)) - raft.server.leaderelection.leader.step-down.wait-time = 10s (default)
2021-10-10 13:46:10,640 [pool-492-thread-1] INFO  server.RaftServerConfigKeys (ConfUtils.java:logGet(44)) - raft.server.sleep.deviation.threshold = 300ms (default)
2021-10-10 13:46:10,641 [pool-492-thread-1] INFO  server.RaftServerConfigKeys (ConfUtils.java:logGet(44)) - raft.server.log.appender.install.snapshot.enabled = false (custom)
2021-10-10 13:46:10,641 [pool-492-thread-1] INFO  server.RaftServer$Division (ServerState.java:<init>(105)) - om1@group-C5BA1605619E: ConfigurationManager, init=-1: [om1|rpc:localhost:9872|priority:0], old=null, confs=<EMPTY_MAP>
2021-10-10 13:46:10,641 [pool-492-thread-1] INFO  server.RaftServerConfigKeys (ConfUtils.java:logGet(44)) - raft.server.storage.dir = [/home/runner/work/ozone/ozone/hadoop-ozone/integration-test/target/test-dir/MiniOzoneClusterImpl-0f145d0e-b24d-4882-976e-a7baa8a64dfe/ozone-meta/ratis] (custom)
2021-10-10 13:46:10,641 [pool-492-thread-1] INFO  server.RaftServerConfigKeys (ConfUtils.java:logGet(44)) - raft.server.log.corruption.policy = EXCEPTION (default)
2021-10-10 13:46:10,641 [pool-492-thread-1] INFO  server.RaftServerConfigKeys (ConfUtils.java:logGet(44)) - raft.server.storage.free-space.min = 0MB (=0) (default)
2021-10-10 13:46:10,641 [pool-492-thread-1] INFO  storage.RaftStorageDirectory (RaftStorageDirectoryImpl.java:analyzeStorage(135)) - The storage directory /home/runner/work/ozone/ozone/hadoop-ozone/integration-test/target/test-dir/MiniOzoneClusterImpl-0f145d0e-b24d-4882-976e-a7baa8a64dfe/ozone-meta/ratis/bf265839-605b-3f16-9796-c5ba1605619e does not exist. Creating ...
2021-10-10 13:46:10,647 [pool-492-thread-1] INFO  storage.RaftStorageDirectory (RaftStorageDirectoryImpl.java:tryLock(230)) - Lock on /home/runner/work/ozone/ozone/hadoop-ozone/integration-test/target/test-dir/MiniOzoneClusterImpl-0f145d0e-b24d-4882-976e-a7baa8a64dfe/ozone-meta/ratis/bf265839-605b-3f16-9796-c5ba1605619e/in_use.lock acquired by nodename 4979@fv-az291-460
2021-10-10 13:46:10,648 [pool-492-thread-1] INFO  storage.RaftStorage (RaftStorageImpl.java:format(89)) - Storage directory /home/runner/work/ozone/ozone/hadoop-ozone/integration-test/target/test-dir/MiniOzoneClusterImpl-0f145d0e-b24d-4882-976e-a7baa8a64dfe/ozone-meta/ratis/bf265839-605b-3f16-9796-c5ba1605619e has been successfully formatted.
2021-10-10 13:46:10,649 [pool-492-thread-1] INFO  server.RaftServerConfigKeys (ConfUtils.java:logGet(44)) - raft.server.notification.no-leader.timeout = 120s (custom)
2021-10-10 13:46:10,649 [pool-492-thread-1] INFO  server.RaftServerConfigKeys (ConfUtils.java:logGet(44)) - raft.server.log.use.memory = false (default)
2021-10-10 13:46:10,649 [pool-492-thread-1] INFO  server.RaftServerConfigKeys (ConfUtils.java:logGet(44)) - raft.server.log.purge.gap = 1000000 (custom)
2021-10-10 13:46:10,649 [pool-492-thread-1] INFO  server.RaftServerConfigKeys (ConfUtils.java:logGet(44)) - raft.server.log.appender.buffer.byte-limit = 33554432 (custom)
2021-10-10 13:46:10,649 [pool-492-thread-1] INFO  server.RaftServerConfigKeys (ConfUtils.java:logGet(44)) - raft.server.log.segment.size.max = 4194304 (custom)
2021-10-10 13:46:10,649 [pool-492-thread-1] INFO  server.RaftServerConfigKeys (ConfUtils.java:logGet(44)) - raft.server.log.segment.cache.num.max = 2 (custom)
2021-10-10 13:46:10,649 [pool-492-thread-1] INFO  server.RaftServerConfigKeys (ConfUtils.java:logGet(44)) - raft.server.log.segment.cache.size.max = 200MB (=209715200) (default)
2021-10-10 13:46:10,650 [pool-492-thread-1] INFO  segmented.SegmentedRaftLogWorker (SegmentedRaftLogWorker.java:<init>(182)) - new om1@group-C5BA1605619E-SegmentedRaftLogWorker for RaftStorageImpl:Storage Directory /home/runner/work/ozone/ozone/hadoop-ozone/integration-test/target/test-dir/MiniOzoneClusterImpl-0f145d0e-b24d-4882-976e-a7baa8a64dfe/ozone-meta/ratis/bf265839-605b-3f16-9796-c5ba1605619e
2021-10-10 13:46:10,650 [pool-492-thread-1] INFO  server.RaftServerConfigKeys (ConfUtils.java:logGet(44)) - raft.server.log.queue.byte-limit = 64MB (=67108864) (default)
2021-10-10 13:46:10,650 [pool-492-thread-1] INFO  server.RaftServerConfigKeys (ConfUtils.java:logGet(44)) - raft.server.log.queue.element-limit = 4096 (default)
2021-10-10 13:46:10,650 [pool-492-thread-1] INFO  server.RaftServerConfigKeys (ConfUtils.java:logGet(44)) - raft.server.log.segment.size.max = 4194304 (custom)
2021-10-10 13:46:10,650 [pool-492-thread-1] INFO  server.RaftServerConfigKeys (ConfUtils.java:logGet(44)) - raft.server.log.preallocated.size = 4194304 (custom)
2021-10-10 13:46:10,650 [pool-492-thread-1] INFO  server.RaftServerConfigKeys (ConfUtils.java:logGet(44)) - raft.server.log.force.sync.num = 128 (default)
2021-10-10 13:46:10,650 [pool-492-thread-1] INFO  server.RaftServerConfigKeys (ConfUtils.java:logGet(44)) - raft.server.log.statemachine.data.sync = true (default)
2021-10-10 13:46:10,650 [pool-492-thread-1] INFO  server.RaftServerConfigKeys (ConfUtils.java:logGet(44)) - raft.server.log.statemachine.data.sync.timeout = 10s (default)
2021-10-10 13:46:10,650 [pool-492-thread-1] INFO  server.RaftServerConfigKeys (ConfUtils.java:logGet(44)) - raft.server.log.statemachine.data.sync.timeout.retry = -1 (default)
2021-10-10 13:46:10,651 [pool-492-thread-1] INFO  server.RaftServerConfigKeys (ConfUtils.java:logGet(44)) - raft.server.log.write.buffer.size = 64KB (=65536) (default)
2021-10-10 13:46:10,651 [pool-492-thread-1] INFO  server.RaftServerConfigKeys (ConfUtils.java:logGet(44)) - raft.server.log.statemachine.data.caching.enabled = false (default)
2021-10-10 13:46:10,651 [pool-492-thread-1] INFO  segmented.SegmentedRaftLogWorker (SegmentedRaftLogWorker.java:lambda$new$0(133)) - om1@group-C5BA1605619E-SegmentedRaftLogWorker: flushIndex: setUnconditionally 0 -> -1
2021-10-10 13:46:10,651 [pool-492-thread-1] INFO  segmented.SegmentedRaftLogWorker (SegmentedRaftLogWorker.java:lambda$new$0(133)) - om1@group-C5BA1605619E-SegmentedRaftLogWorker: safeCacheEvictIndex: setUnconditionally 0 -> -1
2021-10-10 13:46:10,651 [pool-492-thread-1] INFO  server.RaftServerConfigKeys (ConfUtils.java:logGet(44)) - raft.server.snapshot.auto.trigger.enabled = true (custom)
2021-10-10 13:46:10,651 [pool-492-thread-1] INFO  server.RaftServerConfigKeys (ConfUtils.java:logGet(44)) - raft.server.snapshot.auto.trigger.threshold = 400000 (default)
2021-10-10 13:46:10,651 [pool-492-thread-1] INFO  server.RaftServerConfigKeys (ConfUtils.java:logGet(44)) - raft.server.snapshot.retention.file.num = -1 (default)
2021-10-10 13:46:10,651 [pool-492-thread-1] INFO  server.RaftServerConfigKeys (ConfUtils.java:logGet(44)) - raft.server.log.purge.upto.snapshot.index = true (custom)
2021-10-10 13:46:10,651 [pool-492-thread-1] INFO  server.RaftServerConfigKeys (ConfUtils.java:logGet(44)) - raft.server.retrycache.expirytime = 300s (custom)
2021-10-10 13:46:10,651 [pool-492-thread-1] INFO  server.RaftServerConfigKeys (ConfUtils.java:logGet(44)) - raft.server.retrycache.statistics.expirytime = 100μs (default)
2021-10-10 13:46:10,667 [Listener at 127.0.0.1/44821] INFO  om.OzoneManager (OzoneManager.java:initFSOLayout(4357)) - Configured ozone.om.metadata.layout=SIMPLE and disabled optimized OM FS operations
2021-10-10 13:46:10,677 [Listener at 127.0.0.1/44821] INFO  impl.MetricsSystemImpl (MetricsSystemImpl.java:init(158)) - OzoneManager metrics system started (again)
2021-10-10 13:46:10,689 [Listener at 127.0.0.1/44821] INFO  om.OzoneManager (OzoneManager.java:start(1301)) - OzoneManager RPC server is listening at localhost/127.0.0.1:44821
2021-10-10 13:46:10,689 [Listener at 127.0.0.1/44821] INFO  ratis.OzoneManagerRatisServer (OzoneManagerRatisServer.java:start(516)) - Starting OzoneManagerRatisServer om1 at port 9872
2021-10-10 13:46:10,689 [Listener at 127.0.0.1/44821] INFO  server.RaftServer$Division (RaftServerImpl.java:start(296)) - om1@group-C5BA1605619E: start as a follower, conf=-1: [om1|rpc:localhost:9872|priority:0], old=null
2021-10-10 13:46:10,689 [Listener at 127.0.0.1/44821] INFO  server.RaftServer$Division (RaftServerImpl.java:setRole(285)) - om1@group-C5BA1605619E: changes role from      null to FOLLOWER at term 0 for startAsFollower
2021-10-10 13:46:10,690 [Listener at 127.0.0.1/44821] INFO  impl.RoleInfo (RoleInfo.java:updateAndGet(130)) - om1: start om1@group-C5BA1605619E-FollowerState
2021-10-10 13:46:10,690 [Listener at 127.0.0.1/44821] INFO  util.JmxRegister (JmxRegister.java:tryRegister(44)) - Successfully registered JMX Bean with object name Ratis:service=RaftServer,group=group-C5BA1605619E,id=om1
2021-10-10 13:46:10,694 [Listener at 127.0.0.1/44821] INFO  server.RaftServer (RaftServerProxy.java:lambda$start$5(374)) - om1: start RPC server
2021-10-10 13:46:10,700 [Listener at 127.0.0.1/44821] INFO  server.GrpcService (GrpcService.java:startImpl(253)) - om1: GrpcService started, listening on 9872
2021-10-10 13:46:10,700 [Listener at 127.0.0.1/44821] INFO  om.OzoneManager (OzoneManager.java:start(1319)) - Version File has different layout version (0) than OM DB (null). That is expected if this OM has never been finalized to a newer layout version.
2021-10-10 13:46:10,701 [org.apache.ratis.util.JvmPauseMonitor$$Lambda$532/897771948@7064e77d] INFO  util.JvmPauseMonitor (JvmPauseMonitor.java:run(103)) - JvmPauseMonitor-om1: Started
2021-10-10 13:46:10,705 [Listener at 127.0.0.1/44821] INFO  http.BaseHttpServer (BaseHttpServer.java:newHttpServer2BuilderForOzone(209)) - Starting Web-server for ozoneManager at: http://0.0.0.0:0
2021-10-10 13:46:10,705 [Listener at 127.0.0.1/44821] INFO  http.BaseHttpServer (BaseHttpServer.java:<init>(107)) - Hadoop Security Enabled: false Ozone Security Enabled: false Ozone HTTP Security Enabled: false 
2021-10-10 13:46:10,709 [Listener at 127.0.0.1/44821] INFO  server.AuthenticationFilter (AuthenticationFilter.java:constructSecretProvider(240)) - Unable to initialize FileSignerSecretProvider, falling back to use random secrets.
2021-10-10 13:46:10,710 [Listener at 127.0.0.1/44821] WARN  http.HttpRequestLog (HttpRequestLog.java:getRequestLog(103)) - Jetty request log can only be enabled using Log4j
2021-10-10 13:46:10,938 [Listener at 127.0.0.1/44821] INFO  http.HttpServer2 (HttpServer2.java:addGlobalFilter(1030)) - Added global filter 'safety' (class=org.apache.hadoop.hdds.server.http.HttpServer2$QuotingInputFilter)
2021-10-10 13:46:10,938 [Listener at 127.0.0.1/44821] INFO  http.HttpServer2 (HttpServer2.java:addFilter(1006)) - Added filter static_user_filter (class=org.apache.hadoop.http.lib.StaticUserWebFilter$StaticUserFilter) to context ozoneManager
2021-10-10 13:46:10,938 [Listener at 127.0.0.1/44821] INFO  http.HttpServer2 (HttpServer2.java:addFilter(1014)) - Added filter static_user_filter (class=org.apache.hadoop.http.lib.StaticUserWebFilter$StaticUserFilter) to context static
2021-10-10 13:46:10,939 [Listener at 127.0.0.1/44821] INFO  http.HttpServer2 (HttpServer2.java:addFilter(1014)) - Added filter static_user_filter (class=org.apache.hadoop.http.lib.StaticUserWebFilter$StaticUserFilter) to context logs
2021-10-10 13:46:10,939 [Listener at 127.0.0.1/44821] INFO  http.HttpServer2 (HttpServer2.java:bindListener(1249)) - Jetty bound to port 34779
2021-10-10 13:46:10,943 [Listener at 127.0.0.1/44821] INFO  server.Server (Server.java:doStart(375)) - jetty-9.4.43.v20210629; built: 2021-06-30T11:07:22.254Z; git: 526006ecfa3af7f1a27ef3a288e2bef7ea9dd7e8; jvm 1.8.0_292-b10
2021-10-10 13:46:10,950 [Listener at 127.0.0.1/44821] INFO  server.session (DefaultSessionIdManager.java:doStart(334)) - DefaultSessionIdManager workerName=node0
2021-10-10 13:46:10,950 [Listener at 127.0.0.1/44821] INFO  server.session (DefaultSessionIdManager.java:doStart(339)) - No SessionScavenger set, using defaults
2021-10-10 13:46:10,954 [Listener at 127.0.0.1/44821] INFO  server.session (HouseKeeper.java:startScavenging(132)) - node0 Scavenging every 660000ms
2021-10-10 13:46:10,958 [Listener at 127.0.0.1/44821] INFO  handler.ContextHandler (ContextHandler.java:doStart(915)) - Started o.e.j.s.ServletContextHandler@31fc36f1{logs,/logs,file:///home/runner/work/ozone/ozone/hadoop-ozone/integration-test/target/log,AVAILABLE}
2021-10-10 13:46:10,959 [Listener at 127.0.0.1/44821] INFO  handler.ContextHandler (ContextHandler.java:doStart(915)) - Started o.e.j.s.ServletContextHandler@6c7c927{static,/static,file:///home/runner/work/ozone/ozone/hadoop-ozone/integration-test/target/test-classes/webapps/static,AVAILABLE}
2021-10-10 13:46:10,963 [Listener at 127.0.0.1/44821] INFO  handler.ContextHandler (ContextHandler.java:doStart(915)) - Started o.e.j.w.WebAppContext@278563c5{ozoneManager,/,file:///home/runner/work/ozone/ozone/hadoop-ozone/integration-test/target/test-classes/webapps/ozoneManager/,AVAILABLE}{file:/home/runner/work/ozone/ozone/hadoop-ozone/integration-test/target/test-classes/webapps/ozoneManager}
2021-10-10 13:46:10,994 [Listener at 127.0.0.1/44821] INFO  server.AbstractConnector (AbstractConnector.java:doStart(331)) - Started ServerConnector@58c30362{HTTP/1.1, (http/1.1)}{0.0.0.0:34779}
2021-10-10 13:46:10,994 [Listener at 127.0.0.1/44821] INFO  server.Server (Server.java:doStart(415)) - Started @177777ms
2021-10-10 13:46:10,994 [Listener at 127.0.0.1/44821] WARN  impl.MetricsSystemImpl (MetricsSystemImpl.java:register(279)) - Sink prometheus already exists!
2021-10-10 13:46:10,995 [Listener at 127.0.0.1/44821] INFO  http.BaseHttpServer (BaseHttpServer.java:updateConnectorAddress(329)) - HTTP server of ozoneManager listening at http://0.0.0.0:34779
2021-10-10 13:46:10,995 [IPC Server Responder] INFO  ipc.Server (Server.java:run(1507)) - IPC Server Responder: starting
2021-10-10 13:46:11,001 [IPC Server listener on 0] INFO  ipc.Server (Server.java:run(1344)) - IPC Server listener on 0: starting
2021-10-10 13:46:11,006 [Listener at 127.0.0.1/44821] INFO  om.OzoneManager (OzoneManager.java:startTrashEmptier(1563)) - Trash Interval set to 0. Files deleted will not move to trash
2021-10-10 13:46:11,045 [org.apache.hadoop.util.JvmPauseMonitor$Monitor@1dab0b52] INFO  util.JvmPauseMonitor (JvmPauseMonitor.java:run(188)) - Starting JVM pause monitor
2021-10-10 13:46:11,060 [Listener at 127.0.0.1/44821] WARN  impl.MetricRegistriesImpl (MetricRegistriesImpl.java:addReporterRegistration(111)) - New reporters are added after registries were created. Some metrics will be missing from the reporter. Please add reporter before adding any new registry.
2021-10-10 13:46:11,060 [Listener at 127.0.0.1/44821] WARN  impl.MetricRegistriesImpl (MetricRegistriesImpl.java:addReporterRegistration(111)) - New reporters are added after registries were created. Some metrics will be missing from the reporter. Please add reporter before adding any new registry.
2021-10-10 13:46:11,060 [Listener at 127.0.0.1/44821] INFO  impl.MetricsSystemImpl (MetricsSystemImpl.java:init(158)) - HddsDatanode metrics system started (again)
2021-10-10 13:46:11,076 [Listener at 127.0.0.1/44821] INFO  ozone.HddsDatanodeService (HddsDatanodeService.java:start(234)) - HddsDatanodeService host:fv-az291-460.wgnan5asplgejimfprtllbpdch.jx.internal.cloudapp.net ip:10.1.0.17
2021-10-10 13:46:11,152 [Listener at 127.0.0.1/44821] INFO  upgrade.AbstractLayoutVersionManager (AbstractLayoutVersionManager.java:init(79)) - Initializing Layout version manager with metadata layout = SCM_HA (version = 2), software layout = SCM_HA (version = 2)
2021-10-10 13:46:11,201 [Listener at 127.0.0.1/44821] INFO  reflections.Reflections (Reflections.java:scan(232)) - Reflections took 48 ms to scan 7 urls, producing 119 keys and 278 values 
2021-10-10 13:46:11,210 [Listener at 127.0.0.1/44821] INFO  volume.HddsVolume (HddsVolume.java:<init>(120)) - Creating HddsVolume: /home/runner/work/ozone/ozone/hadoop-ozone/integration-test/target/test-dir/MiniOzoneClusterImpl-0f145d0e-b24d-4882-976e-a7baa8a64dfe/datanode-0/data-0/containers/hdds of storage type : DISK capacity : 9223372036854775807
2021-10-10 13:46:11,225 [Listener at 127.0.0.1/44821] INFO  volume.MutableVolumeSet (MutableVolumeSet.java:initializeVolumeSet(168)) - Added Volume : /home/runner/work/ozone/ozone/hadoop-ozone/integration-test/target/test-dir/MiniOzoneClusterImpl-0f145d0e-b24d-4882-976e-a7baa8a64dfe/datanode-0/data-0/containers/hdds to VolumeSet
2021-10-10 13:46:11,225 [Listener at 127.0.0.1/44821] INFO  volume.ThrottledAsyncChecker (ThrottledAsyncChecker.java:schedule(141)) - Scheduling a check for /home/runner/work/ozone/ozone/hadoop-ozone/integration-test/target/test-dir/MiniOzoneClusterImpl-0f145d0e-b24d-4882-976e-a7baa8a64dfe/datanode-0/data-0/containers/hdds
2021-10-10 13:46:11,236 [Listener at 127.0.0.1/44821] INFO  volume.StorageVolumeChecker (StorageVolumeChecker.java:checkAllVolumes(202)) - Scheduled health check for volume /home/runner/work/ozone/ozone/hadoop-ozone/integration-test/target/test-dir/MiniOzoneClusterImpl-0f145d0e-b24d-4882-976e-a7baa8a64dfe/datanode-0/data-0/containers/hdds
2021-10-10 13:46:11,271 [Listener at 127.0.0.1/44821] INFO  volume.MutableVolumeSet (MutableVolumeSet.java:initializeVolumeSet(168)) - Added Volume : /home/runner/work/ozone/ozone/hadoop-ozone/integration-test/target/test-dir/MiniOzoneClusterImpl-0f145d0e-b24d-4882-976e-a7baa8a64dfe/datanode-0/data/ratis to VolumeSet
2021-10-10 13:46:11,272 [Listener at 127.0.0.1/44821] INFO  volume.ThrottledAsyncChecker (ThrottledAsyncChecker.java:schedule(141)) - Scheduling a check for /home/runner/work/ozone/ozone/hadoop-ozone/integration-test/target/test-dir/MiniOzoneClusterImpl-0f145d0e-b24d-4882-976e-a7baa8a64dfe/datanode-0/data/ratis
2021-10-10 13:46:11,272 [Listener at 127.0.0.1/44821] INFO  volume.StorageVolumeChecker (StorageVolumeChecker.java:checkAllVolumes(202)) - Scheduled health check for volume /home/runner/work/ozone/ozone/hadoop-ozone/integration-test/target/test-dir/MiniOzoneClusterImpl-0f145d0e-b24d-4882-976e-a7baa8a64dfe/datanode-0/data/ratis
2021-10-10 13:46:11,291 [Thread-1341] INFO  ozoneimpl.ContainerReader (ContainerReader.java:readVolume(172)) - Finish verifying containers on volume /home/runner/work/ozone/ozone/hadoop-ozone/integration-test/target/test-dir/MiniOzoneClusterImpl-0f145d0e-b24d-4882-976e-a7baa8a64dfe/datanode-0/data-0/containers/hdds
2021-10-10 13:46:11,292 [Listener at 127.0.0.1/44821] INFO  ozoneimpl.OzoneContainer (OzoneContainer.java:buildContainerSet(236)) - Build ContainerSet costs 0s
2021-10-10 13:46:11,309 [Listener at 127.0.0.1/44821] INFO  server.RaftServer (ConfUtils.java:logGet(44)) - raft.rpc.type = GRPC (default)
2021-10-10 13:46:11,310 [Listener at 127.0.0.1/44821] INFO  grpc.GrpcFactory (GrpcFactory.java:checkPooledByteBufAllocatorUseCacheForAllThreads(48)) - PERFORMANCE WARNING: useCacheForAllThreads is true that may cause Netty to create a lot garbage objects and, as a result, trigger GC.
	It is recommended to disable useCacheForAllThreads by setting -Dorg.apache.ratis.thirdparty.io.netty.allocator.useCacheForAllThreads=false in command line.
2021-10-10 13:46:11,310 [Listener at 127.0.0.1/44821] INFO  grpc.GrpcConfigKeys (ConfUtils.java:logGet(44)) - raft.grpc.admin.port = 0 (custom)
2021-10-10 13:46:11,310 [Listener at 127.0.0.1/44821] INFO  grpc.GrpcConfigKeys (ConfUtils.java:logGet(44)) - raft.grpc.client.port = 0 (custom)
2021-10-10 13:46:11,310 [Listener at 127.0.0.1/44821] INFO  grpc.GrpcConfigKeys (ConfUtils.java:logGet(44)) - raft.grpc.server.port = 0 (default)
2021-10-10 13:46:11,310 [Listener at 127.0.0.1/44821] INFO  server.GrpcService (ConfUtils.java:logGet(44)) - raft.grpc.message.size.max = 32MB (=33554432) (custom)
2021-10-10 13:46:11,310 [Listener at 127.0.0.1/44821] INFO  server.RaftServerConfigKeys (ConfUtils.java:logGet(44)) - raft.server.log.appender.buffer.byte-limit = 33554432 (custom)
2021-10-10 13:46:11,310 [Listener at 127.0.0.1/44821] INFO  server.GrpcService (ConfUtils.java:logGet(44)) - raft.grpc.flow.control.window = 5MB (=5242880) (custom)
2021-10-10 13:46:11,310 [Listener at 127.0.0.1/44821] INFO  server.RaftServerConfigKeys (ConfUtils.java:logGet(44)) - raft.server.rpc.request.timeout = 3000ms (default)
2021-10-10 13:46:11,311 [Listener at 127.0.0.1/44821] INFO  impl.DataStreamServerImpl (ConfUtils.java:logGet(44)) - raft.datastream.type = DISABLED (default)
2021-10-10 13:46:11,312 [Listener at 127.0.0.1/44821] INFO  server.RaftServerConfigKeys (ConfUtils.java:logGet(44)) - raft.server.rpc.slowness.timeout = 300000ms (custom)
2021-10-10 13:46:11,312 [Listener at 127.0.0.1/44821] INFO  server.RaftServerConfigKeys (ConfUtils.java:logGet(44)) - raft.server.leaderelection.leader.step-down.wait-time = 10s (default)
2021-10-10 13:46:11,312 [Listener at 127.0.0.1/44821] INFO  server.RaftServerConfigKeys (ConfUtils.java:logGet(44)) - raft.server.storage.dir = [/home/runner/work/ozone/ozone/hadoop-ozone/integration-test/target/test-dir/MiniOzoneClusterImpl-0f145d0e-b24d-4882-976e-a7baa8a64dfe/datanode-0/data/ratis] (custom)
2021-10-10 13:46:11,317 [Listener at 127.0.0.1/44821] INFO  http.BaseHttpServer (BaseHttpServer.java:newHttpServer2BuilderForOzone(209)) - Starting Web-server for hddsDatanode at: http://0.0.0.0:0
2021-10-10 13:46:11,317 [Listener at 127.0.0.1/44821] INFO  http.BaseHttpServer (BaseHttpServer.java:<init>(107)) - Hadoop Security Enabled: false Ozone Security Enabled: false Ozone HTTP Security Enabled: false 
2021-10-10 13:46:11,319 [Listener at 127.0.0.1/44821] INFO  server.AuthenticationFilter (AuthenticationFilter.java:constructSecretProvider(240)) - Unable to initialize FileSignerSecretProvider, falling back to use random secrets.
2021-10-10 13:46:11,319 [Listener at 127.0.0.1/44821] WARN  http.HttpRequestLog (HttpRequestLog.java:getRequestLog(103)) - Jetty request log can only be enabled using Log4j
2021-10-10 13:46:11,333 [Listener at 127.0.0.1/44821] INFO  http.HttpServer2 (HttpServer2.java:addGlobalFilter(1030)) - Added global filter 'safety' (class=org.apache.hadoop.hdds.server.http.HttpServer2$QuotingInputFilter)
2021-10-10 13:46:11,333 [Listener at 127.0.0.1/44821] INFO  http.HttpServer2 (HttpServer2.java:addFilter(1006)) - Added filter static_user_filter (class=org.apache.hadoop.http.lib.StaticUserWebFilter$StaticUserFilter) to context hddsDatanode
2021-10-10 13:46:11,333 [Listener at 127.0.0.1/44821] INFO  http.HttpServer2 (HttpServer2.java:addFilter(1014)) - Added filter static_user_filter (class=org.apache.hadoop.http.lib.StaticUserWebFilter$StaticUserFilter) to context logs
2021-10-10 13:46:11,333 [Listener at 127.0.0.1/44821] INFO  http.HttpServer2 (HttpServer2.java:addFilter(1014)) - Added filter static_user_filter (class=org.apache.hadoop.http.lib.StaticUserWebFilter$StaticUserFilter) to context static
2021-10-10 13:46:11,334 [Listener at 127.0.0.1/44821] INFO  http.HttpServer2 (HttpServer2.java:bindListener(1249)) - Jetty bound to port 41871
2021-10-10 13:46:11,334 [Listener at 127.0.0.1/44821] INFO  server.Server (Server.java:doStart(375)) - jetty-9.4.43.v20210629; built: 2021-06-30T11:07:22.254Z; git: 526006ecfa3af7f1a27ef3a288e2bef7ea9dd7e8; jvm 1.8.0_292-b10
2021-10-10 13:46:11,365 [Listener at 127.0.0.1/44821] INFO  server.session (DefaultSessionIdManager.java:doStart(334)) - DefaultSessionIdManager workerName=node0
2021-10-10 13:46:11,365 [Listener at 127.0.0.1/44821] INFO  server.session (DefaultSessionIdManager.java:doStart(339)) - No SessionScavenger set, using defaults
2021-10-10 13:46:11,365 [Listener at 127.0.0.1/44821] INFO  server.session (HouseKeeper.java:startScavenging(132)) - node0 Scavenging every 600000ms
2021-10-10 13:46:11,366 [Listener at 127.0.0.1/44821] INFO  handler.ContextHandler (ContextHandler.java:doStart(915)) - Started o.e.j.s.ServletContextHandler@6b43313a{logs,/logs,file:///home/runner/work/ozone/ozone/hadoop-ozone/integration-test/target/log,AVAILABLE}
2021-10-10 13:46:11,366 [Listener at 127.0.0.1/44821] INFO  handler.ContextHandler (ContextHandler.java:doStart(915)) - Started o.e.j.s.ServletContextHandler@6aa50559{static,/static,jar:file:/home/runner/.m2/repository/org/apache/ozone/hdds-container-service/1.2.0-SNAPSHOT/hdds-container-service-1.2.0-SNAPSHOT.jar!/webapps/static,AVAILABLE}
2021-10-10 13:46:11,445 [Listener at 127.0.0.1/44821] INFO  handler.ContextHandler (ContextHandler.java:doStart(915)) - Started o.e.j.w.WebAppContext@63add2cc{hddsDatanode,/,file:///tmp/jetty-0_0_0_0-41871-hdds-container-service-1_2_0-SNAPSHOT_jar-_-any-1242794856445663067/webapp/,AVAILABLE}{jar:file:/home/runner/.m2/repository/org/apache/ozone/hdds-container-service/1.2.0-SNAPSHOT/hdds-container-service-1.2.0-SNAPSHOT.jar!/webapps/hddsDatanode}
2021-10-10 13:46:11,448 [Listener at 127.0.0.1/44821] INFO  server.AbstractConnector (AbstractConnector.java:doStart(331)) - Started ServerConnector@2be52127{HTTP/1.1, (http/1.1)}{0.0.0.0:41871}
2021-10-10 13:46:11,448 [Listener at 127.0.0.1/44821] INFO  server.Server (Server.java:doStart(415)) - Started @178231ms
2021-10-10 13:46:11,448 [Listener at 127.0.0.1/44821] WARN  impl.MetricsSystemImpl (MetricsSystemImpl.java:register(279)) - Sink prometheus already exists!
2021-10-10 13:46:11,450 [Listener at 127.0.0.1/44821] INFO  http.BaseHttpServer (BaseHttpServer.java:updateConnectorAddress(329)) - HTTP server of hddsDatanode listening at http://0.0.0.0:41871
2021-10-10 13:46:11,450 [Listener at 127.0.0.1/44821] WARN  impl.MetricRegistriesImpl (MetricRegistriesImpl.java:addReporterRegistration(111)) - New reporters are added after registries were created. Some metrics will be missing from the reporter. Please add reporter before adding any new registry.
2021-10-10 13:46:11,450 [Listener at 127.0.0.1/44821] WARN  impl.MetricRegistriesImpl (MetricRegistriesImpl.java:addReporterRegistration(111)) - New reporters are added after registries were created. Some metrics will be missing from the reporter. Please add reporter before adding any new registry.
2021-10-10 13:46:11,450 [Listener at 127.0.0.1/44821] INFO  impl.MetricsSystemImpl (MetricsSystemImpl.java:init(158)) - HddsDatanode metrics system started (again)
2021-10-10 13:46:11,463 [Datanode State Machine Thread - 0] INFO  statemachine.DatanodeStateMachine (DatanodeStateMachine.java:lambda$startDaemon$0(463)) - Ozone container server started.
2021-10-10 13:46:11,500 [org.apache.hadoop.util.JvmPauseMonitor$Monitor@74e9b3bd] INFO  util.JvmPauseMonitor (JvmPauseMonitor.java:run(188)) - Starting JVM pause monitor
2021-10-10 13:46:11,502 [Listener at 127.0.0.1/44821] INFO  ozone.HddsDatanodeService (HddsDatanodeService.java:start(234)) - HddsDatanodeService host:fv-az291-460.wgnan5asplgejimfprtllbpdch.jx.internal.cloudapp.net ip:10.1.0.17
2021-10-10 13:46:11,525 [Datanode State Machine Task Thread - 0] INFO  datanode.InitDatanodeState (InitDatanodeState.java:persistContainerDatanodeDetails(145)) - DatanodeDetails is persisted to /home/runner/work/ozone/ozone/hadoop-ozone/integration-test/target/test-dir/MiniOzoneClusterImpl-0f145d0e-b24d-4882-976e-a7baa8a64dfe/datanode-0/meta/datanode.id
2021-10-10 13:46:11,554 [Listener at 127.0.0.1/44821] INFO  upgrade.AbstractLayoutVersionManager (AbstractLayoutVersionManager.java:init(79)) - Initializing Layout version manager with metadata layout = SCM_HA (version = 2), software layout = SCM_HA (version = 2)
2021-10-10 13:46:11,621 [Listener at 127.0.0.1/44821] INFO  reflections.Reflections (Reflections.java:scan(232)) - Reflections took 66 ms to scan 7 urls, producing 119 keys and 278 values 
2021-10-10 13:46:11,623 [Listener at 127.0.0.1/44821] INFO  volume.HddsVolume (HddsVolume.java:<init>(120)) - Creating HddsVolume: /home/runner/work/ozone/ozone/hadoop-ozone/integration-test/target/test-dir/MiniOzoneClusterImpl-0f145d0e-b24d-4882-976e-a7baa8a64dfe/datanode-1/data-0/containers/hdds of storage type : DISK capacity : 9223372036854775807
2021-10-10 13:46:11,624 [Listener at 127.0.0.1/44821] INFO  volume.MutableVolumeSet (MutableVolumeSet.java:initializeVolumeSet(168)) - Added Volume : /home/runner/work/ozone/ozone/hadoop-ozone/integration-test/target/test-dir/MiniOzoneClusterImpl-0f145d0e-b24d-4882-976e-a7baa8a64dfe/datanode-1/data-0/containers/hdds to VolumeSet
2021-10-10 13:46:11,624 [Listener at 127.0.0.1/44821] INFO  volume.ThrottledAsyncChecker (ThrottledAsyncChecker.java:schedule(141)) - Scheduling a check for /home/runner/work/ozone/ozone/hadoop-ozone/integration-test/target/test-dir/MiniOzoneClusterImpl-0f145d0e-b24d-4882-976e-a7baa8a64dfe/datanode-1/data-0/containers/hdds
2021-10-10 13:46:11,624 [Listener at 127.0.0.1/44821] INFO  volume.StorageVolumeChecker (StorageVolumeChecker.java:checkAllVolumes(202)) - Scheduled health check for volume /home/runner/work/ozone/ozone/hadoop-ozone/integration-test/target/test-dir/MiniOzoneClusterImpl-0f145d0e-b24d-4882-976e-a7baa8a64dfe/datanode-1/data-0/containers/hdds
2021-10-10 13:46:11,639 [Listener at 127.0.0.1/44821] INFO  volume.MutableVolumeSet (MutableVolumeSet.java:initializeVolumeSet(168)) - Added Volume : /home/runner/work/ozone/ozone/hadoop-ozone/integration-test/target/test-dir/MiniOzoneClusterImpl-0f145d0e-b24d-4882-976e-a7baa8a64dfe/datanode-1/data/ratis to VolumeSet
2021-10-10 13:46:11,639 [Listener at 127.0.0.1/44821] INFO  volume.ThrottledAsyncChecker (ThrottledAsyncChecker.java:schedule(141)) - Scheduling a check for /home/runner/work/ozone/ozone/hadoop-ozone/integration-test/target/test-dir/MiniOzoneClusterImpl-0f145d0e-b24d-4882-976e-a7baa8a64dfe/datanode-1/data/ratis
2021-10-10 13:46:11,640 [Listener at 127.0.0.1/44821] INFO  volume.StorageVolumeChecker (StorageVolumeChecker.java:checkAllVolumes(202)) - Scheduled health check for volume /home/runner/work/ozone/ozone/hadoop-ozone/integration-test/target/test-dir/MiniOzoneClusterImpl-0f145d0e-b24d-4882-976e-a7baa8a64dfe/datanode-1/data/ratis
2021-10-10 13:46:11,650 [Thread-1353] INFO  ozoneimpl.ContainerReader (ContainerReader.java:readVolume(172)) - Finish verifying containers on volume /home/runner/work/ozone/ozone/hadoop-ozone/integration-test/target/test-dir/MiniOzoneClusterImpl-0f145d0e-b24d-4882-976e-a7baa8a64dfe/datanode-1/data-0/containers/hdds
2021-10-10 13:46:11,650 [Listener at 127.0.0.1/44821] INFO  ozoneimpl.OzoneContainer (OzoneContainer.java:buildContainerSet(236)) - Build ContainerSet costs 0s
2021-10-10 13:46:11,652 [Listener at 127.0.0.1/44821] INFO  server.RaftServer (ConfUtils.java:logGet(44)) - raft.rpc.type = GRPC (default)
2021-10-10 13:46:11,652 [Listener at 127.0.0.1/44821] INFO  grpc.GrpcFactory (GrpcFactory.java:checkPooledByteBufAllocatorUseCacheForAllThreads(48)) - PERFORMANCE WARNING: useCacheForAllThreads is true that may cause Netty to create a lot garbage objects and, as a result, trigger GC.
	It is recommended to disable useCacheForAllThreads by setting -Dorg.apache.ratis.thirdparty.io.netty.allocator.useCacheForAllThreads=false in command line.
2021-10-10 13:46:11,652 [Listener at 127.0.0.1/44821] INFO  grpc.GrpcConfigKeys (ConfUtils.java:logGet(44)) - raft.grpc.admin.port = 0 (custom)
2021-10-10 13:46:11,652 [Listener at 127.0.0.1/44821] INFO  grpc.GrpcConfigKeys (ConfUtils.java:logGet(44)) - raft.grpc.client.port = 0 (custom)
2021-10-10 13:46:11,653 [Listener at 127.0.0.1/44821] INFO  grpc.GrpcConfigKeys (ConfUtils.java:logGet(44)) - raft.grpc.server.port = 0 (default)
2021-10-10 13:46:11,653 [Listener at 127.0.0.1/44821] INFO  server.GrpcService (ConfUtils.java:logGet(44)) - raft.grpc.message.size.max = 32MB (=33554432) (custom)
2021-10-10 13:46:11,653 [Listener at 127.0.0.1/44821] INFO  server.RaftServerConfigKeys (ConfUtils.java:logGet(44)) - raft.server.log.appender.buffer.byte-limit = 33554432 (custom)
2021-10-10 13:46:11,653 [Listener at 127.0.0.1/44821] INFO  server.GrpcService (ConfUtils.java:logGet(44)) - raft.grpc.flow.control.window = 5MB (=5242880) (custom)
2021-10-10 13:46:11,653 [Listener at 127.0.0.1/44821] INFO  server.RaftServerConfigKeys (ConfUtils.java:logGet(44)) - raft.server.rpc.request.timeout = 3000ms (default)
2021-10-10 13:46:11,655 [Listener at 127.0.0.1/44821] INFO  impl.DataStreamServerImpl (ConfUtils.java:logGet(44)) - raft.datastream.type = DISABLED (default)
2021-10-10 13:46:11,655 [Listener at 127.0.0.1/44821] INFO  server.RaftServerConfigKeys (ConfUtils.java:logGet(44)) - raft.server.rpc.slowness.timeout = 300000ms (custom)
2021-10-10 13:46:11,655 [Listener at 127.0.0.1/44821] INFO  server.RaftServerConfigKeys (ConfUtils.java:logGet(44)) - raft.server.leaderelection.leader.step-down.wait-time = 10s (default)
2021-10-10 13:46:11,656 [Listener at 127.0.0.1/44821] INFO  server.RaftServerConfigKeys (ConfUtils.java:logGet(44)) - raft.server.storage.dir = [/home/runner/work/ozone/ozone/hadoop-ozone/integration-test/target/test-dir/MiniOzoneClusterImpl-0f145d0e-b24d-4882-976e-a7baa8a64dfe/datanode-1/data/ratis] (custom)
2021-10-10 13:46:11,659 [Listener at 127.0.0.1/44821] INFO  http.BaseHttpServer (BaseHttpServer.java:newHttpServer2BuilderForOzone(209)) - Starting Web-server for hddsDatanode at: http://0.0.0.0:0
2021-10-10 13:46:11,659 [Listener at 127.0.0.1/44821] INFO  http.BaseHttpServer (BaseHttpServer.java:<init>(107)) - Hadoop Security Enabled: false Ozone Security Enabled: false Ozone HTTP Security Enabled: false 
2021-10-10 13:46:11,663 [Listener at 127.0.0.1/44821] INFO  server.AuthenticationFilter (AuthenticationFilter.java:constructSecretProvider(240)) - Unable to initialize FileSignerSecretProvider, falling back to use random secrets.
2021-10-10 13:46:11,668 [Listener at 127.0.0.1/44821] WARN  http.HttpRequestLog (HttpRequestLog.java:getRequestLog(103)) - Jetty request log can only be enabled using Log4j
2021-10-10 13:46:11,669 [Listener at 127.0.0.1/44821] INFO  http.HttpServer2 (HttpServer2.java:addGlobalFilter(1030)) - Added global filter 'safety' (class=org.apache.hadoop.hdds.server.http.HttpServer2$QuotingInputFilter)
2021-10-10 13:46:11,669 [Listener at 127.0.0.1/44821] INFO  http.HttpServer2 (HttpServer2.java:addFilter(1006)) - Added filter static_user_filter (class=org.apache.hadoop.http.lib.StaticUserWebFilter$StaticUserFilter) to context hddsDatanode
2021-10-10 13:46:11,669 [Listener at 127.0.0.1/44821] INFO  http.HttpServer2 (HttpServer2.java:addFilter(1014)) - Added filter static_user_filter (class=org.apache.hadoop.http.lib.StaticUserWebFilter$StaticUserFilter) to context static
2021-10-10 13:46:11,669 [Listener at 127.0.0.1/44821] INFO  http.HttpServer2 (HttpServer2.java:addFilter(1014)) - Added filter static_user_filter (class=org.apache.hadoop.http.lib.StaticUserWebFilter$StaticUserFilter) to context logs
2021-10-10 13:46:11,670 [Listener at 127.0.0.1/44821] INFO  http.HttpServer2 (HttpServer2.java:bindListener(1249)) - Jetty bound to port 44893
2021-10-10 13:46:11,670 [Listener at 127.0.0.1/44821] INFO  server.Server (Server.java:doStart(375)) - jetty-9.4.43.v20210629; built: 2021-06-30T11:07:22.254Z; git: 526006ecfa3af7f1a27ef3a288e2bef7ea9dd7e8; jvm 1.8.0_292-b10
2021-10-10 13:46:11,690 [Listener at 127.0.0.1/44821] INFO  server.session (DefaultSessionIdManager.java:doStart(334)) - DefaultSessionIdManager workerName=node0
2021-10-10 13:46:11,690 [Listener at 127.0.0.1/44821] INFO  server.session (DefaultSessionIdManager.java:doStart(339)) - No SessionScavenger set, using defaults
2021-10-10 13:46:11,690 [Listener at 127.0.0.1/44821] INFO  server.session (HouseKeeper.java:startScavenging(132)) - node0 Scavenging every 660000ms
2021-10-10 13:46:11,692 [Listener at 127.0.0.1/44821] INFO  handler.ContextHandler (ContextHandler.java:doStart(915)) - Started o.e.j.s.ServletContextHandler@7ea97acc{logs,/logs,file:///home/runner/work/ozone/ozone/hadoop-ozone/integration-test/target/log,AVAILABLE}
2021-10-10 13:46:11,693 [Listener at 127.0.0.1/44821] INFO  handler.ContextHandler (ContextHandler.java:doStart(915)) - Started o.e.j.s.ServletContextHandler@6fa119b{static,/static,jar:file:/home/runner/.m2/repository/org/apache/ozone/hdds-container-service/1.2.0-SNAPSHOT/hdds-container-service-1.2.0-SNAPSHOT.jar!/webapps/static,AVAILABLE}
2021-10-10 13:46:11,745 [Listener at 127.0.0.1/44821] INFO  handler.ContextHandler (ContextHandler.java:doStart(915)) - Started o.e.j.w.WebAppContext@1ff88d52{hddsDatanode,/,file:///tmp/jetty-0_0_0_0-44893-hdds-container-service-1_2_0-SNAPSHOT_jar-_-any-8818639507247061548/webapp/,AVAILABLE}{jar:file:/home/runner/.m2/repository/org/apache/ozone/hdds-container-service/1.2.0-SNAPSHOT/hdds-container-service-1.2.0-SNAPSHOT.jar!/webapps/hddsDatanode}
2021-10-10 13:46:11,756 [Listener at 127.0.0.1/44821] INFO  server.AbstractConnector (AbstractConnector.java:doStart(331)) - Started ServerConnector@415a09c9{HTTP/1.1, (http/1.1)}{0.0.0.0:44893}
2021-10-10 13:46:11,756 [Listener at 127.0.0.1/44821] INFO  server.Server (Server.java:doStart(415)) - Started @178539ms
2021-10-10 13:46:11,756 [Listener at 127.0.0.1/44821] WARN  impl.MetricsSystemImpl (MetricsSystemImpl.java:register(279)) - Sink prometheus already exists!
2021-10-10 13:46:11,757 [Listener at 127.0.0.1/44821] INFO  http.BaseHttpServer (BaseHttpServer.java:updateConnectorAddress(329)) - HTTP server of hddsDatanode listening at http://0.0.0.0:44893
2021-10-10 13:46:11,764 [Listener at 127.0.0.1/44821] WARN  impl.MetricRegistriesImpl (MetricRegistriesImpl.java:addReporterRegistration(111)) - New reporters are added after registries were created. Some metrics will be missing from the reporter. Please add reporter before adding any new registry.
2021-10-10 13:46:11,765 [Listener at 127.0.0.1/44821] WARN  impl.MetricRegistriesImpl (MetricRegistriesImpl.java:addReporterRegistration(111)) - New reporters are added after registries were created. Some metrics will be missing from the reporter. Please add reporter before adding any new registry.
2021-10-10 13:46:11,765 [Listener at 127.0.0.1/44821] INFO  impl.MetricsSystemImpl (MetricsSystemImpl.java:init(158)) - HddsDatanode metrics system started (again)
2021-10-10 13:46:11,765 [Datanode State Machine Thread - 0] INFO  statemachine.DatanodeStateMachine (DatanodeStateMachine.java:lambda$startDaemon$0(463)) - Ozone container server started.
2021-10-10 13:46:11,787 [org.apache.hadoop.util.JvmPauseMonitor$Monitor@7aac849c] INFO  util.JvmPauseMonitor (JvmPauseMonitor.java:run(188)) - Starting JVM pause monitor
2021-10-10 13:46:11,813 [Listener at 127.0.0.1/44821] INFO  ozone.HddsDatanodeService (HddsDatanodeService.java:start(234)) - HddsDatanodeService host:fv-az291-460.wgnan5asplgejimfprtllbpdch.jx.internal.cloudapp.net ip:10.1.0.17
2021-10-10 13:46:11,854 [Datanode State Machine Task Thread - 0] INFO  datanode.InitDatanodeState (InitDatanodeState.java:persistContainerDatanodeDetails(145)) - DatanodeDetails is persisted to /home/runner/work/ozone/ozone/hadoop-ozone/integration-test/target/test-dir/MiniOzoneClusterImpl-0f145d0e-b24d-4882-976e-a7baa8a64dfe/datanode-1/meta/datanode.id
2021-10-10 13:46:11,854 [om1@group-C5BA1605619E-FollowerState] INFO  impl.FollowerState (FollowerState.java:run(134)) - om1@group-C5BA1605619E-FollowerState: change to CANDIDATE, lastRpcElapsedTime:1164535256ns, electionTimeout:1150ms
2021-10-10 13:46:11,854 [om1@group-C5BA1605619E-FollowerState] INFO  impl.RoleInfo (RoleInfo.java:shutdownFollowerState(108)) - om1: shutdown om1@group-C5BA1605619E-FollowerState
2021-10-10 13:46:11,854 [om1@group-C5BA1605619E-FollowerState] INFO  server.RaftServer$Division (RaftServerImpl.java:setRole(285)) - om1@group-C5BA1605619E: changes role from  FOLLOWER to CANDIDATE at term 0 for changeToCandidate
2021-10-10 13:46:11,855 [om1@group-C5BA1605619E-FollowerState] INFO  server.RaftServerConfigKeys (ConfUtils.java:logGet(44)) - raft.server.leaderelection.pre-vote = false (custom)
2021-10-10 13:46:11,855 [om1@group-C5BA1605619E-FollowerState] INFO  impl.RoleInfo (RoleInfo.java:updateAndGet(130)) - om1: start om1@group-C5BA1605619E-LeaderElection49
2021-10-10 13:46:11,887 [om1@group-C5BA1605619E-LeaderElection49] INFO  impl.LeaderElection (LeaderElection.java:askForVotes(306)) - om1@group-C5BA1605619E-LeaderElection49 ELECTION round 0: submit vote requests at term 1 for -1: [om1|rpc:localhost:9872|priority:0], old=null
2021-10-10 13:46:11,887 [om1@group-C5BA1605619E-LeaderElection49] INFO  impl.LeaderElection (LeaderElection.java:askForVotes(308)) - om1@group-C5BA1605619E-LeaderElection49 ELECTION round 0: result PASSED (term=1)
2021-10-10 13:46:11,887 [om1@group-C5BA1605619E-LeaderElection49] INFO  impl.RoleInfo (RoleInfo.java:shutdownLeaderElection(121)) - om1: shutdown om1@group-C5BA1605619E-LeaderElection49
2021-10-10 13:46:11,887 [om1@group-C5BA1605619E-LeaderElection49] INFO  server.RaftServer$Division (RaftServerImpl.java:setRole(285)) - om1@group-C5BA1605619E: changes role from CANDIDATE to LEADER at term 1 for changeToLeader
2021-10-10 13:46:11,887 [om1@group-C5BA1605619E-LeaderElection49] INFO  server.RaftServer$Division (ServerState.java:setLeader(285)) - om1@group-C5BA1605619E: change Leader from null to om1 at term 1 for becomeLeader, leader elected after 1238ms
2021-10-10 13:46:11,887 [om1@group-C5BA1605619E-LeaderElection49] INFO  server.RaftServerConfigKeys (ConfUtils.java:logGet(44)) - raft.server.staging.catchup.gap = 1000 (default)
2021-10-10 13:46:11,891 [om1@group-C5BA1605619E-LeaderElection49] INFO  server.RaftServerConfigKeys (ConfUtils.java:logGet(44)) - raft.server.write.element-limit = 4096 (default)
2021-10-10 13:46:11,891 [om1@group-C5BA1605619E-LeaderElection49] INFO  server.RaftServerConfigKeys (ConfUtils.java:logGet(44)) - raft.server.write.byte-limit = 64MB (=67108864) (default)
2021-10-10 13:46:11,892 [om1@group-C5BA1605619E-LeaderElection49] INFO  server.RaftServerConfigKeys (ConfUtils.java:logGet(44)) - raft.server.watch.timeout = 10s (default)
2021-10-10 13:46:11,892 [om1@group-C5BA1605619E-LeaderElection49] INFO  server.RaftServerConfigKeys (ConfUtils.java:logGet(44)) - raft.server.watch.timeout.denomination = 1s (default)
2021-10-10 13:46:11,892 [om1@group-C5BA1605619E-LeaderElection49] INFO  server.RaftServerConfigKeys (ConfUtils.java:logGet(44)) - raft.server.watch.element-limit = 65536 (default)
2021-10-10 13:46:11,892 [om1@group-C5BA1605619E-LeaderElection49] INFO  impl.RoleInfo (RoleInfo.java:updateAndGet(130)) - om1: start om1@group-C5BA1605619E-LeaderStateImpl
2021-10-10 13:46:11,892 [om1@group-C5BA1605619E-LeaderElection49] INFO  segmented.SegmentedRaftLogWorker (SegmentedRaftLogWorker.java:startLogSegment(394)) - om1@group-C5BA1605619E-SegmentedRaftLogWorker: Starting segment from index:0
2021-10-10 13:46:11,933 [om1@group-C5BA1605619E-SegmentedRaftLogWorker] INFO  segmented.SegmentedRaftLogWorker (SegmentedRaftLogWorker.java:execute(601)) - om1@group-C5BA1605619E-SegmentedRaftLogWorker: created new log segment /home/runner/work/ozone/ozone/hadoop-ozone/integration-test/target/test-dir/MiniOzoneClusterImpl-0f145d0e-b24d-4882-976e-a7baa8a64dfe/ozone-meta/ratis/bf265839-605b-3f16-9796-c5ba1605619e/current/log_inprogress_0
2021-10-10 13:46:11,936 [om1@group-C5BA1605619E-LeaderElection49] INFO  server.RaftServer$Division (ServerState.java:setRaftConf(387)) - om1@group-C5BA1605619E: set configuration 0: [om1|rpc:localhost:9872|admin:|client:|dataStream:|priority:0], old=null
2021-10-10 13:46:11,952 [Listener at 127.0.0.1/44821] INFO  upgrade.AbstractLayoutVersionManager (AbstractLayoutVersionManager.java:init(79)) - Initializing Layout version manager with metadata layout = SCM_HA (version = 2), software layout = SCM_HA (version = 2)
2021-10-10 13:46:11,960 [om1@group-C5BA1605619E-StateMachineUpdater] INFO  ratis.OzoneManagerStateMachine (OzoneManagerStateMachine.java:notifyConfigurationChanged(188)) - Received Configuration change notification from Ratis. New Peer list:
[id: "om1"
address: "localhost:9872"
]
2021-10-10 13:46:12,049 [Listener at 127.0.0.1/44821] INFO  reflections.Reflections (Reflections.java:scan(232)) - Reflections took 92 ms to scan 7 urls, producing 119 keys and 278 values 
2021-10-10 13:46:12,057 [Listener at 127.0.0.1/44821] INFO  volume.HddsVolume (HddsVolume.java:<init>(120)) - Creating HddsVolume: /home/runner/work/ozone/ozone/hadoop-ozone/integration-test/target/test-dir/MiniOzoneClusterImpl-0f145d0e-b24d-4882-976e-a7baa8a64dfe/datanode-2/data-0/containers/hdds of storage type : DISK capacity : 9223372036854775807
2021-10-10 13:46:12,057 [Listener at 127.0.0.1/44821] INFO  volume.MutableVolumeSet (MutableVolumeSet.java:initializeVolumeSet(168)) - Added Volume : /home/runner/work/ozone/ozone/hadoop-ozone/integration-test/target/test-dir/MiniOzoneClusterImpl-0f145d0e-b24d-4882-976e-a7baa8a64dfe/datanode-2/data-0/containers/hdds to VolumeSet
2021-10-10 13:46:12,057 [Listener at 127.0.0.1/44821] INFO  volume.ThrottledAsyncChecker (ThrottledAsyncChecker.java:schedule(141)) - Scheduling a check for /home/runner/work/ozone/ozone/hadoop-ozone/integration-test/target/test-dir/MiniOzoneClusterImpl-0f145d0e-b24d-4882-976e-a7baa8a64dfe/datanode-2/data-0/containers/hdds
2021-10-10 13:46:12,070 [Listener at 127.0.0.1/44821] INFO  volume.StorageVolumeChecker (StorageVolumeChecker.java:checkAllVolumes(202)) - Scheduled health check for volume /home/runner/work/ozone/ozone/hadoop-ozone/integration-test/target/test-dir/MiniOzoneClusterImpl-0f145d0e-b24d-4882-976e-a7baa8a64dfe/datanode-2/data-0/containers/hdds
2021-10-10 13:46:12,098 [Listener at 127.0.0.1/44821] INFO  volume.MutableVolumeSet (MutableVolumeSet.java:initializeVolumeSet(168)) - Added Volume : /home/runner/work/ozone/ozone/hadoop-ozone/integration-test/target/test-dir/MiniOzoneClusterImpl-0f145d0e-b24d-4882-976e-a7baa8a64dfe/datanode-2/data/ratis to VolumeSet
2021-10-10 13:46:12,103 [Listener at 127.0.0.1/44821] INFO  volume.ThrottledAsyncChecker (ThrottledAsyncChecker.java:schedule(141)) - Scheduling a check for /home/runner/work/ozone/ozone/hadoop-ozone/integration-test/target/test-dir/MiniOzoneClusterImpl-0f145d0e-b24d-4882-976e-a7baa8a64dfe/datanode-2/data/ratis
2021-10-10 13:46:12,104 [Listener at 127.0.0.1/44821] INFO  volume.StorageVolumeChecker (StorageVolumeChecker.java:checkAllVolumes(202)) - Scheduled health check for volume /home/runner/work/ozone/ozone/hadoop-ozone/integration-test/target/test-dir/MiniOzoneClusterImpl-0f145d0e-b24d-4882-976e-a7baa8a64dfe/datanode-2/data/ratis
2021-10-10 13:46:12,137 [Thread-1367] INFO  ozoneimpl.ContainerReader (ContainerReader.java:readVolume(172)) - Finish verifying containers on volume /home/runner/work/ozone/ozone/hadoop-ozone/integration-test/target/test-dir/MiniOzoneClusterImpl-0f145d0e-b24d-4882-976e-a7baa8a64dfe/datanode-2/data-0/containers/hdds
2021-10-10 13:46:12,137 [Listener at 127.0.0.1/44821] INFO  ozoneimpl.OzoneContainer (OzoneContainer.java:buildContainerSet(236)) - Build ContainerSet costs 0s
2021-10-10 13:46:12,139 [Listener at 127.0.0.1/44821] INFO  server.RaftServer (ConfUtils.java:logGet(44)) - raft.rpc.type = GRPC (default)
2021-10-10 13:46:12,139 [Listener at 127.0.0.1/44821] INFO  grpc.GrpcFactory (GrpcFactory.java:checkPooledByteBufAllocatorUseCacheForAllThreads(48)) - PERFORMANCE WARNING: useCacheForAllThreads is true that may cause Netty to create a lot garbage objects and, as a result, trigger GC.
	It is recommended to disable useCacheForAllThreads by setting -Dorg.apache.ratis.thirdparty.io.netty.allocator.useCacheForAllThreads=false in command line.
2021-10-10 13:46:12,139 [Listener at 127.0.0.1/44821] INFO  grpc.GrpcConfigKeys (ConfUtils.java:logGet(44)) - raft.grpc.admin.port = 0 (custom)
2021-10-10 13:46:12,140 [Listener at 127.0.0.1/44821] INFO  grpc.GrpcConfigKeys (ConfUtils.java:logGet(44)) - raft.grpc.client.port = 0 (custom)
2021-10-10 13:46:12,140 [Listener at 127.0.0.1/44821] INFO  grpc.GrpcConfigKeys (ConfUtils.java:logGet(44)) - raft.grpc.server.port = 0 (default)
2021-10-10 13:46:12,140 [Listener at 127.0.0.1/44821] INFO  server.GrpcService (ConfUtils.java:logGet(44)) - raft.grpc.message.size.max = 32MB (=33554432) (custom)
2021-10-10 13:46:12,140 [Listener at 127.0.0.1/44821] INFO  server.RaftServerConfigKeys (ConfUtils.java:logGet(44)) - raft.server.log.appender.buffer.byte-limit = 33554432 (custom)
2021-10-10 13:46:12,140 [Listener at 127.0.0.1/44821] INFO  server.GrpcService (ConfUtils.java:logGet(44)) - raft.grpc.flow.control.window = 5MB (=5242880) (custom)
2021-10-10 13:46:12,140 [Listener at 127.0.0.1/44821] INFO  server.RaftServerConfigKeys (ConfUtils.java:logGet(44)) - raft.server.rpc.request.timeout = 3000ms (default)
2021-10-10 13:46:12,141 [Listener at 127.0.0.1/44821] INFO  impl.DataStreamServerImpl (ConfUtils.java:logGet(44)) - raft.datastream.type = DISABLED (default)
2021-10-10 13:46:12,141 [Listener at 127.0.0.1/44821] INFO  server.RaftServerConfigKeys (ConfUtils.java:logGet(44)) - raft.server.rpc.slowness.timeout = 300000ms (custom)
2021-10-10 13:46:12,141 [Listener at 127.0.0.1/44821] INFO  server.RaftServerConfigKeys (ConfUtils.java:logGet(44)) - raft.server.leaderelection.leader.step-down.wait-time = 10s (default)
2021-10-10 13:46:12,141 [Listener at 127.0.0.1/44821] INFO  server.RaftServerConfigKeys (ConfUtils.java:logGet(44)) - raft.server.storage.dir = [/home/runner/work/ozone/ozone/hadoop-ozone/integration-test/target/test-dir/MiniOzoneClusterImpl-0f145d0e-b24d-4882-976e-a7baa8a64dfe/datanode-2/data/ratis] (custom)
2021-10-10 13:46:12,144 [Listener at 127.0.0.1/44821] INFO  http.BaseHttpServer (BaseHttpServer.java:newHttpServer2BuilderForOzone(209)) - Starting Web-server for hddsDatanode at: http://0.0.0.0:0
2021-10-10 13:46:12,144 [Listener at 127.0.0.1/44821] INFO  http.BaseHttpServer (BaseHttpServer.java:<init>(107)) - Hadoop Security Enabled: false Ozone Security Enabled: false Ozone HTTP Security Enabled: false 
2021-10-10 13:46:12,145 [Listener at 127.0.0.1/44821] INFO  server.AuthenticationFilter (AuthenticationFilter.java:constructSecretProvider(240)) - Unable to initialize FileSignerSecretProvider, falling back to use random secrets.
2021-10-10 13:46:12,146 [Listener at 127.0.0.1/44821] WARN  http.HttpRequestLog (HttpRequestLog.java:getRequestLog(103)) - Jetty request log can only be enabled using Log4j
2021-10-10 13:46:12,146 [Listener at 127.0.0.1/44821] INFO  http.HttpServer2 (HttpServer2.java:addGlobalFilter(1030)) - Added global filter 'safety' (class=org.apache.hadoop.hdds.server.http.HttpServer2$QuotingInputFilter)
2021-10-10 13:46:12,147 [Listener at 127.0.0.1/44821] INFO  http.HttpServer2 (HttpServer2.java:addFilter(1006)) - Added filter static_user_filter (class=org.apache.hadoop.http.lib.StaticUserWebFilter$StaticUserFilter) to context hddsDatanode
2021-10-10 13:46:12,147 [Listener at 127.0.0.1/44821] INFO  http.HttpServer2 (HttpServer2.java:addFilter(1014)) - Added filter static_user_filter (class=org.apache.hadoop.http.lib.StaticUserWebFilter$StaticUserFilter) to context logs
2021-10-10 13:46:12,147 [Listener at 127.0.0.1/44821] INFO  http.HttpServer2 (HttpServer2.java:addFilter(1014)) - Added filter static_user_filter (class=org.apache.hadoop.http.lib.StaticUserWebFilter$StaticUserFilter) to context static
2021-10-10 13:46:12,147 [Listener at 127.0.0.1/44821] INFO  http.HttpServer2 (HttpServer2.java:bindListener(1249)) - Jetty bound to port 38381
2021-10-10 13:46:12,148 [Listener at 127.0.0.1/44821] INFO  server.Server (Server.java:doStart(375)) - jetty-9.4.43.v20210629; built: 2021-06-30T11:07:22.254Z; git: 526006ecfa3af7f1a27ef3a288e2bef7ea9dd7e8; jvm 1.8.0_292-b10
2021-10-10 13:46:12,149 [Listener at 127.0.0.1/44821] INFO  server.session (DefaultSessionIdManager.java:doStart(334)) - DefaultSessionIdManager workerName=node0
2021-10-10 13:46:12,149 [Listener at 127.0.0.1/44821] INFO  server.session (DefaultSessionIdManager.java:doStart(339)) - No SessionScavenger set, using defaults
2021-10-10 13:46:12,149 [Listener at 127.0.0.1/44821] INFO  server.session (HouseKeeper.java:startScavenging(132)) - node0 Scavenging every 600000ms
2021-10-10 13:46:12,164 [Listener at 127.0.0.1/44821] INFO  handler.ContextHandler (ContextHandler.java:doStart(915)) - Started o.e.j.s.ServletContextHandler@6530184{logs,/logs,file:///home/runner/work/ozone/ozone/hadoop-ozone/integration-test/target/log,AVAILABLE}
2021-10-10 13:46:12,164 [Listener at 127.0.0.1/44821] INFO  handler.ContextHandler (ContextHandler.java:doStart(915)) - Started o.e.j.s.ServletContextHandler@7ac79bdc{static,/static,jar:file:/home/runner/.m2/repository/org/apache/ozone/hdds-container-service/1.2.0-SNAPSHOT/hdds-container-service-1.2.0-SNAPSHOT.jar!/webapps/static,AVAILABLE}
2021-10-10 13:46:12,235 [Listener at 127.0.0.1/44821] INFO  handler.ContextHandler (ContextHandler.java:doStart(915)) - Started o.e.j.w.WebAppContext@66681e45{hddsDatanode,/,file:///tmp/jetty-0_0_0_0-38381-hdds-container-service-1_2_0-SNAPSHOT_jar-_-any-4065507525024467059/webapp/,AVAILABLE}{jar:file:/home/runner/.m2/repository/org/apache/ozone/hdds-container-service/1.2.0-SNAPSHOT/hdds-container-service-1.2.0-SNAPSHOT.jar!/webapps/hddsDatanode}
2021-10-10 13:46:12,248 [Listener at 127.0.0.1/44821] INFO  server.AbstractConnector (AbstractConnector.java:doStart(331)) - Started ServerConnector@75f5e2e8{HTTP/1.1, (http/1.1)}{0.0.0.0:38381}
2021-10-10 13:46:12,248 [Listener at 127.0.0.1/44821] INFO  server.Server (Server.java:doStart(415)) - Started @179031ms
2021-10-10 13:46:12,248 [Listener at 127.0.0.1/44821] WARN  impl.MetricsSystemImpl (MetricsSystemImpl.java:register(279)) - Sink prometheus already exists!
2021-10-10 13:46:12,249 [Listener at 127.0.0.1/44821] INFO  http.BaseHttpServer (BaseHttpServer.java:updateConnectorAddress(329)) - HTTP server of hddsDatanode listening at http://0.0.0.0:38381
2021-10-10 13:46:12,250 [Listener at 127.0.0.1/44821] WARN  impl.MetricRegistriesImpl (MetricRegistriesImpl.java:addReporterRegistration(111)) - New reporters are added after registries were created. Some metrics will be missing from the reporter. Please add reporter before adding any new registry.
2021-10-10 13:46:12,250 [Listener at 127.0.0.1/44821] WARN  impl.MetricRegistriesImpl (MetricRegistriesImpl.java:addReporterRegistration(111)) - New reporters are added after registries were created. Some metrics will be missing from the reporter. Please add reporter before adding any new registry.
2021-10-10 13:46:12,250 [Listener at 127.0.0.1/44821] INFO  impl.MetricsSystemImpl (MetricsSystemImpl.java:init(158)) - HddsDatanode metrics system started (again)
2021-10-10 13:46:12,259 [Datanode State Machine Thread - 0] INFO  statemachine.DatanodeStateMachine (DatanodeStateMachine.java:lambda$startDaemon$0(463)) - Ozone container server started.
2021-10-10 13:46:12,286 [Listener at 127.0.0.1/44821] INFO  ozone.HddsDatanodeService (HddsDatanodeService.java:start(234)) - HddsDatanodeService host:fv-az291-460.wgnan5asplgejimfprtllbpdch.jx.internal.cloudapp.net ip:10.1.0.17
2021-10-10 13:46:12,331 [Listener at 127.0.0.1/44821] INFO  upgrade.AbstractLayoutVersionManager (AbstractLayoutVersionManager.java:init(79)) - Initializing Layout version manager with metadata layout = SCM_HA (version = 2), software layout = SCM_HA (version = 2)
2021-10-10 13:46:12,376 [org.apache.hadoop.util.JvmPauseMonitor$Monitor@4b7c7f6] INFO  util.JvmPauseMonitor (JvmPauseMonitor.java:run(188)) - Starting JVM pause monitor
2021-10-10 13:46:12,377 [Datanode State Machine Task Thread - 0] INFO  datanode.InitDatanodeState (InitDatanodeState.java:persistContainerDatanodeDetails(145)) - DatanodeDetails is persisted to /home/runner/work/ozone/ozone/hadoop-ozone/integration-test/target/test-dir/MiniOzoneClusterImpl-0f145d0e-b24d-4882-976e-a7baa8a64dfe/datanode-2/meta/datanode.id
2021-10-10 13:46:12,479 [Listener at 127.0.0.1/44821] INFO  reflections.Reflections (Reflections.java:scan(232)) - Reflections took 146 ms to scan 7 urls, producing 119 keys and 278 values 
2021-10-10 13:46:12,482 [Listener at 127.0.0.1/44821] INFO  volume.HddsVolume (HddsVolume.java:<init>(120)) - Creating HddsVolume: /home/runner/work/ozone/ozone/hadoop-ozone/integration-test/target/test-dir/MiniOzoneClusterImpl-0f145d0e-b24d-4882-976e-a7baa8a64dfe/datanode-3/data-0/containers/hdds of storage type : DISK capacity : 9223372036854775807
2021-10-10 13:46:12,482 [Listener at 127.0.0.1/44821] INFO  volume.MutableVolumeSet (MutableVolumeSet.java:initializeVolumeSet(168)) - Added Volume : /home/runner/work/ozone/ozone/hadoop-ozone/integration-test/target/test-dir/MiniOzoneClusterImpl-0f145d0e-b24d-4882-976e-a7baa8a64dfe/datanode-3/data-0/containers/hdds to VolumeSet
2021-10-10 13:46:12,482 [Listener at 127.0.0.1/44821] INFO  volume.ThrottledAsyncChecker (ThrottledAsyncChecker.java:schedule(141)) - Scheduling a check for /home/runner/work/ozone/ozone/hadoop-ozone/integration-test/target/test-dir/MiniOzoneClusterImpl-0f145d0e-b24d-4882-976e-a7baa8a64dfe/datanode-3/data-0/containers/hdds
2021-10-10 13:46:12,483 [Listener at 127.0.0.1/44821] INFO  volume.StorageVolumeChecker (StorageVolumeChecker.java:checkAllVolumes(202)) - Scheduled health check for volume /home/runner/work/ozone/ozone/hadoop-ozone/integration-test/target/test-dir/MiniOzoneClusterImpl-0f145d0e-b24d-4882-976e-a7baa8a64dfe/datanode-3/data-0/containers/hdds
2021-10-10 13:46:12,504 [Listener at 127.0.0.1/44821] INFO  volume.MutableVolumeSet (MutableVolumeSet.java:initializeVolumeSet(168)) - Added Volume : /home/runner/work/ozone/ozone/hadoop-ozone/integration-test/target/test-dir/MiniOzoneClusterImpl-0f145d0e-b24d-4882-976e-a7baa8a64dfe/datanode-3/data/ratis to VolumeSet
2021-10-10 13:46:12,504 [Listener at 127.0.0.1/44821] INFO  volume.ThrottledAsyncChecker (ThrottledAsyncChecker.java:schedule(141)) - Scheduling a check for /home/runner/work/ozone/ozone/hadoop-ozone/integration-test/target/test-dir/MiniOzoneClusterImpl-0f145d0e-b24d-4882-976e-a7baa8a64dfe/datanode-3/data/ratis
2021-10-10 13:46:12,504 [Listener at 127.0.0.1/44821] INFO  volume.StorageVolumeChecker (StorageVolumeChecker.java:checkAllVolumes(202)) - Scheduled health check for volume /home/runner/work/ozone/ozone/hadoop-ozone/integration-test/target/test-dir/MiniOzoneClusterImpl-0f145d0e-b24d-4882-976e-a7baa8a64dfe/datanode-3/data/ratis
2021-10-10 13:46:12,517 [Thread-1379] INFO  ozoneimpl.ContainerReader (ContainerReader.java:readVolume(172)) - Finish verifying containers on volume /home/runner/work/ozone/ozone/hadoop-ozone/integration-test/target/test-dir/MiniOzoneClusterImpl-0f145d0e-b24d-4882-976e-a7baa8a64dfe/datanode-3/data-0/containers/hdds
2021-10-10 13:46:12,517 [Listener at 127.0.0.1/44821] INFO  ozoneimpl.OzoneContainer (OzoneContainer.java:buildContainerSet(236)) - Build ContainerSet costs 0s
2021-10-10 13:46:12,521 [Listener at 127.0.0.1/44821] INFO  server.RaftServer (ConfUtils.java:logGet(44)) - raft.rpc.type = GRPC (default)
2021-10-10 13:46:12,521 [Listener at 127.0.0.1/44821] INFO  grpc.GrpcFactory (GrpcFactory.java:checkPooledByteBufAllocatorUseCacheForAllThreads(48)) - PERFORMANCE WARNING: useCacheForAllThreads is true that may cause Netty to create a lot garbage objects and, as a result, trigger GC.
	It is recommended to disable useCacheForAllThreads by setting -Dorg.apache.ratis.thirdparty.io.netty.allocator.useCacheForAllThreads=false in command line.
2021-10-10 13:46:12,522 [Listener at 127.0.0.1/44821] INFO  grpc.GrpcConfigKeys (ConfUtils.java:logGet(44)) - raft.grpc.admin.port = 0 (custom)
2021-10-10 13:46:12,522 [Listener at 127.0.0.1/44821] INFO  grpc.GrpcConfigKeys (ConfUtils.java:logGet(44)) - raft.grpc.client.port = 0 (custom)
2021-10-10 13:46:12,522 [Listener at 127.0.0.1/44821] INFO  grpc.GrpcConfigKeys (ConfUtils.java:logGet(44)) - raft.grpc.server.port = 0 (default)
2021-10-10 13:46:12,522 [Listener at 127.0.0.1/44821] INFO  server.GrpcService (ConfUtils.java:logGet(44)) - raft.grpc.message.size.max = 32MB (=33554432) (custom)
2021-10-10 13:46:12,522 [Listener at 127.0.0.1/44821] INFO  server.RaftServerConfigKeys (ConfUtils.java:logGet(44)) - raft.server.log.appender.buffer.byte-limit = 33554432 (custom)
2021-10-10 13:46:12,522 [Listener at 127.0.0.1/44821] INFO  server.GrpcService (ConfUtils.java:logGet(44)) - raft.grpc.flow.control.window = 5MB (=5242880) (custom)
2021-10-10 13:46:12,522 [Listener at 127.0.0.1/44821] INFO  server.RaftServerConfigKeys (ConfUtils.java:logGet(44)) - raft.server.rpc.request.timeout = 3000ms (default)
2021-10-10 13:46:12,523 [Listener at 127.0.0.1/44821] INFO  impl.DataStreamServerImpl (ConfUtils.java:logGet(44)) - raft.datastream.type = DISABLED (default)
2021-10-10 13:46:12,523 [Listener at 127.0.0.1/44821] INFO  server.RaftServerConfigKeys (ConfUtils.java:logGet(44)) - raft.server.rpc.slowness.timeout = 300000ms (custom)
2021-10-10 13:46:12,523 [Listener at 127.0.0.1/44821] INFO  server.RaftServerConfigKeys (ConfUtils.java:logGet(44)) - raft.server.leaderelection.leader.step-down.wait-time = 10s (default)
2021-10-10 13:46:12,523 [Listener at 127.0.0.1/44821] INFO  server.RaftServerConfigKeys (ConfUtils.java:logGet(44)) - raft.server.storage.dir = [/home/runner/work/ozone/ozone/hadoop-ozone/integration-test/target/test-dir/MiniOzoneClusterImpl-0f145d0e-b24d-4882-976e-a7baa8a64dfe/datanode-3/data/ratis] (custom)
2021-10-10 13:46:12,527 [Listener at 127.0.0.1/44821] INFO  http.BaseHttpServer (BaseHttpServer.java:newHttpServer2BuilderForOzone(209)) - Starting Web-server for hddsDatanode at: http://0.0.0.0:0
2021-10-10 13:46:12,527 [Listener at 127.0.0.1/44821] INFO  http.BaseHttpServer (BaseHttpServer.java:<init>(107)) - Hadoop Security Enabled: false Ozone Security Enabled: false Ozone HTTP Security Enabled: false 
2021-10-10 13:46:12,530 [Listener at 127.0.0.1/44821] INFO  server.AuthenticationFilter (AuthenticationFilter.java:constructSecretProvider(240)) - Unable to initialize FileSignerSecretProvider, falling back to use random secrets.
2021-10-10 13:46:12,531 [Listener at 127.0.0.1/44821] WARN  http.HttpRequestLog (HttpRequestLog.java:getRequestLog(103)) - Jetty request log can only be enabled using Log4j
2021-10-10 13:46:12,532 [Listener at 127.0.0.1/44821] INFO  http.HttpServer2 (HttpServer2.java:addGlobalFilter(1030)) - Added global filter 'safety' (class=org.apache.hadoop.hdds.server.http.HttpServer2$QuotingInputFilter)
2021-10-10 13:46:12,532 [Listener at 127.0.0.1/44821] INFO  http.HttpServer2 (HttpServer2.java:addFilter(1006)) - Added filter static_user_filter (class=org.apache.hadoop.http.lib.StaticUserWebFilter$StaticUserFilter) to context hddsDatanode
2021-10-10 13:46:12,532 [Listener at 127.0.0.1/44821] INFO  http.HttpServer2 (HttpServer2.java:addFilter(1014)) - Added filter static_user_filter (class=org.apache.hadoop.http.lib.StaticUserWebFilter$StaticUserFilter) to context logs
2021-10-10 13:46:12,532 [Listener at 127.0.0.1/44821] INFO  http.HttpServer2 (HttpServer2.java:addFilter(1014)) - Added filter static_user_filter (class=org.apache.hadoop.http.lib.StaticUserWebFilter$StaticUserFilter) to context static
2021-10-10 13:46:12,532 [Listener at 127.0.0.1/44821] INFO  http.HttpServer2 (HttpServer2.java:bindListener(1249)) - Jetty bound to port 36639
2021-10-10 13:46:12,532 [Listener at 127.0.0.1/44821] INFO  server.Server (Server.java:doStart(375)) - jetty-9.4.43.v20210629; built: 2021-06-30T11:07:22.254Z; git: 526006ecfa3af7f1a27ef3a288e2bef7ea9dd7e8; jvm 1.8.0_292-b10
2021-10-10 13:46:12,534 [Listener at 127.0.0.1/44821] INFO  server.session (DefaultSessionIdManager.java:doStart(334)) - DefaultSessionIdManager workerName=node0
2021-10-10 13:46:12,534 [Listener at 127.0.0.1/44821] INFO  server.session (DefaultSessionIdManager.java:doStart(339)) - No SessionScavenger set, using defaults
2021-10-10 13:46:12,535 [Listener at 127.0.0.1/44821] INFO  server.session (HouseKeeper.java:startScavenging(132)) - node0 Scavenging every 600000ms
2021-10-10 13:46:12,535 [Listener at 127.0.0.1/44821] INFO  handler.ContextHandler (ContextHandler.java:doStart(915)) - Started o.e.j.s.ServletContextHandler@62a03b36{logs,/logs,file:///home/runner/work/ozone/ozone/hadoop-ozone/integration-test/target/log,AVAILABLE}
2021-10-10 13:46:12,536 [Listener at 127.0.0.1/44821] INFO  handler.ContextHandler (ContextHandler.java:doStart(915)) - Started o.e.j.s.ServletContextHandler@b15cf0f{static,/static,jar:file:/home/runner/.m2/repository/org/apache/ozone/hdds-container-service/1.2.0-SNAPSHOT/hdds-container-service-1.2.0-SNAPSHOT.jar!/webapps/static,AVAILABLE}
2021-10-10 13:46:12,606 [Listener at 127.0.0.1/44821] INFO  handler.ContextHandler (ContextHandler.java:doStart(915)) - Started o.e.j.w.WebAppContext@6e878902{hddsDatanode,/,file:///tmp/jetty-0_0_0_0-36639-hdds-container-service-1_2_0-SNAPSHOT_jar-_-any-8653873801289855360/webapp/,AVAILABLE}{jar:file:/home/runner/.m2/repository/org/apache/ozone/hdds-container-service/1.2.0-SNAPSHOT/hdds-container-service-1.2.0-SNAPSHOT.jar!/webapps/hddsDatanode}
2021-10-10 13:46:12,651 [Listener at 127.0.0.1/44821] INFO  server.AbstractConnector (AbstractConnector.java:doStart(331)) - Started ServerConnector@64f0f153{HTTP/1.1, (http/1.1)}{0.0.0.0:36639}
2021-10-10 13:46:12,652 [Listener at 127.0.0.1/44821] INFO  server.Server (Server.java:doStart(415)) - Started @179435ms
2021-10-10 13:46:12,652 [Listener at 127.0.0.1/44821] WARN  impl.MetricsSystemImpl (MetricsSystemImpl.java:register(279)) - Sink prometheus already exists!
2021-10-10 13:46:12,653 [Listener at 127.0.0.1/44821] INFO  http.BaseHttpServer (BaseHttpServer.java:updateConnectorAddress(329)) - HTTP server of hddsDatanode listening at http://0.0.0.0:36639
2021-10-10 13:46:12,653 [Listener at 127.0.0.1/44821] WARN  impl.MetricRegistriesImpl (MetricRegistriesImpl.java:addReporterRegistration(111)) - New reporters are added after registries were created. Some metrics will be missing from the reporter. Please add reporter before adding any new registry.
2021-10-10 13:46:12,653 [Listener at 127.0.0.1/44821] WARN  impl.MetricRegistriesImpl (MetricRegistriesImpl.java:addReporterRegistration(111)) - New reporters are added after registries were created. Some metrics will be missing from the reporter. Please add reporter before adding any new registry.
2021-10-10 13:46:12,653 [Listener at 127.0.0.1/44821] INFO  impl.MetricsSystemImpl (MetricsSystemImpl.java:init(158)) - HddsDatanode metrics system started (again)
2021-10-10 13:46:12,685 [Datanode State Machine Thread - 0] INFO  statemachine.DatanodeStateMachine (DatanodeStateMachine.java:lambda$startDaemon$0(463)) - Ozone container server started.
2021-10-10 13:46:12,731 [org.apache.hadoop.util.JvmPauseMonitor$Monitor@64aa8abc] INFO  util.JvmPauseMonitor (JvmPauseMonitor.java:run(188)) - Starting JVM pause monitor
2021-10-10 13:46:12,735 [Datanode State Machine Task Thread - 0] INFO  datanode.InitDatanodeState (InitDatanodeState.java:persistContainerDatanodeDetails(145)) - DatanodeDetails is persisted to /home/runner/work/ozone/ozone/hadoop-ozone/integration-test/target/test-dir/MiniOzoneClusterImpl-0f145d0e-b24d-4882-976e-a7baa8a64dfe/datanode-3/meta/datanode.id
2021-10-10 13:46:12,740 [Listener at 127.0.0.1/44821] INFO  ozone.HddsDatanodeService (HddsDatanodeService.java:start(234)) - HddsDatanodeService host:fv-az291-460.wgnan5asplgejimfprtllbpdch.jx.internal.cloudapp.net ip:10.1.0.17
2021-10-10 13:46:12,781 [Listener at 127.0.0.1/44821] INFO  upgrade.AbstractLayoutVersionManager (AbstractLayoutVersionManager.java:init(79)) - Initializing Layout version manager with metadata layout = SCM_HA (version = 2), software layout = SCM_HA (version = 2)
2021-10-10 13:46:12,861 [Listener at 127.0.0.1/44821] INFO  reflections.Reflections (Reflections.java:scan(232)) - Reflections took 77 ms to scan 7 urls, producing 119 keys and 278 values 
2021-10-10 13:46:12,877 [Listener at 127.0.0.1/44821] INFO  volume.HddsVolume (HddsVolume.java:<init>(120)) - Creating HddsVolume: /home/runner/work/ozone/ozone/hadoop-ozone/integration-test/target/test-dir/MiniOzoneClusterImpl-0f145d0e-b24d-4882-976e-a7baa8a64dfe/datanode-4/data-0/containers/hdds of storage type : DISK capacity : 9223372036854775807
2021-10-10 13:46:12,877 [Listener at 127.0.0.1/44821] INFO  volume.MutableVolumeSet (MutableVolumeSet.java:initializeVolumeSet(168)) - Added Volume : /home/runner/work/ozone/ozone/hadoop-ozone/integration-test/target/test-dir/MiniOzoneClusterImpl-0f145d0e-b24d-4882-976e-a7baa8a64dfe/datanode-4/data-0/containers/hdds to VolumeSet
2021-10-10 13:46:12,877 [Listener at 127.0.0.1/44821] INFO  volume.ThrottledAsyncChecker (ThrottledAsyncChecker.java:schedule(141)) - Scheduling a check for /home/runner/work/ozone/ozone/hadoop-ozone/integration-test/target/test-dir/MiniOzoneClusterImpl-0f145d0e-b24d-4882-976e-a7baa8a64dfe/datanode-4/data-0/containers/hdds
2021-10-10 13:46:12,884 [Listener at 127.0.0.1/44821] INFO  volume.StorageVolumeChecker (StorageVolumeChecker.java:checkAllVolumes(202)) - Scheduled health check for volume /home/runner/work/ozone/ozone/hadoop-ozone/integration-test/target/test-dir/MiniOzoneClusterImpl-0f145d0e-b24d-4882-976e-a7baa8a64dfe/datanode-4/data-0/containers/hdds
2021-10-10 13:46:12,908 [Listener at 127.0.0.1/44821] INFO  volume.MutableVolumeSet (MutableVolumeSet.java:initializeVolumeSet(168)) - Added Volume : /home/runner/work/ozone/ozone/hadoop-ozone/integration-test/target/test-dir/MiniOzoneClusterImpl-0f145d0e-b24d-4882-976e-a7baa8a64dfe/datanode-4/data/ratis to VolumeSet
2021-10-10 13:46:12,908 [Listener at 127.0.0.1/44821] INFO  volume.ThrottledAsyncChecker (ThrottledAsyncChecker.java:schedule(141)) - Scheduling a check for /home/runner/work/ozone/ozone/hadoop-ozone/integration-test/target/test-dir/MiniOzoneClusterImpl-0f145d0e-b24d-4882-976e-a7baa8a64dfe/datanode-4/data/ratis
2021-10-10 13:46:12,909 [Listener at 127.0.0.1/44821] INFO  volume.StorageVolumeChecker (StorageVolumeChecker.java:checkAllVolumes(202)) - Scheduled health check for volume /home/runner/work/ozone/ozone/hadoop-ozone/integration-test/target/test-dir/MiniOzoneClusterImpl-0f145d0e-b24d-4882-976e-a7baa8a64dfe/datanode-4/data/ratis
2021-10-10 13:46:12,938 [Thread-1391] INFO  ozoneimpl.ContainerReader (ContainerReader.java:readVolume(172)) - Finish verifying containers on volume /home/runner/work/ozone/ozone/hadoop-ozone/integration-test/target/test-dir/MiniOzoneClusterImpl-0f145d0e-b24d-4882-976e-a7baa8a64dfe/datanode-4/data-0/containers/hdds
2021-10-10 13:46:12,938 [Listener at 127.0.0.1/44821] INFO  ozoneimpl.OzoneContainer (OzoneContainer.java:buildContainerSet(236)) - Build ContainerSet costs 0s
2021-10-10 13:46:12,939 [Listener at 127.0.0.1/44821] INFO  server.RaftServer (ConfUtils.java:logGet(44)) - raft.rpc.type = GRPC (default)
2021-10-10 13:46:12,939 [Listener at 127.0.0.1/44821] INFO  grpc.GrpcFactory (GrpcFactory.java:checkPooledByteBufAllocatorUseCacheForAllThreads(48)) - PERFORMANCE WARNING: useCacheForAllThreads is true that may cause Netty to create a lot garbage objects and, as a result, trigger GC.
	It is recommended to disable useCacheForAllThreads by setting -Dorg.apache.ratis.thirdparty.io.netty.allocator.useCacheForAllThreads=false in command line.
2021-10-10 13:46:12,940 [Listener at 127.0.0.1/44821] INFO  grpc.GrpcConfigKeys (ConfUtils.java:logGet(44)) - raft.grpc.admin.port = 0 (custom)
2021-10-10 13:46:12,940 [Listener at 127.0.0.1/44821] INFO  grpc.GrpcConfigKeys (ConfUtils.java:logGet(44)) - raft.grpc.client.port = 0 (custom)
2021-10-10 13:46:12,940 [Listener at 127.0.0.1/44821] INFO  grpc.GrpcConfigKeys (ConfUtils.java:logGet(44)) - raft.grpc.server.port = 0 (default)
2021-10-10 13:46:12,940 [Listener at 127.0.0.1/44821] INFO  server.GrpcService (ConfUtils.java:logGet(44)) - raft.grpc.message.size.max = 32MB (=33554432) (custom)
2021-10-10 13:46:12,940 [Listener at 127.0.0.1/44821] INFO  server.RaftServerConfigKeys (ConfUtils.java:logGet(44)) - raft.server.log.appender.buffer.byte-limit = 33554432 (custom)
2021-10-10 13:46:12,940 [Listener at 127.0.0.1/44821] INFO  server.GrpcService (ConfUtils.java:logGet(44)) - raft.grpc.flow.control.window = 5MB (=5242880) (custom)
2021-10-10 13:46:12,940 [Listener at 127.0.0.1/44821] INFO  server.RaftServerConfigKeys (ConfUtils.java:logGet(44)) - raft.server.rpc.request.timeout = 3000ms (default)
2021-10-10 13:46:12,941 [Listener at 127.0.0.1/44821] INFO  impl.DataStreamServerImpl (ConfUtils.java:logGet(44)) - raft.datastream.type = DISABLED (default)
2021-10-10 13:46:12,941 [Listener at 127.0.0.1/44821] INFO  server.RaftServerConfigKeys (ConfUtils.java:logGet(44)) - raft.server.rpc.slowness.timeout = 300000ms (custom)
2021-10-10 13:46:12,942 [Listener at 127.0.0.1/44821] INFO  server.RaftServerConfigKeys (ConfUtils.java:logGet(44)) - raft.server.leaderelection.leader.step-down.wait-time = 10s (default)
2021-10-10 13:46:12,942 [Listener at 127.0.0.1/44821] INFO  server.RaftServerConfigKeys (ConfUtils.java:logGet(44)) - raft.server.storage.dir = [/home/runner/work/ozone/ozone/hadoop-ozone/integration-test/target/test-dir/MiniOzoneClusterImpl-0f145d0e-b24d-4882-976e-a7baa8a64dfe/datanode-4/data/ratis] (custom)
2021-10-10 13:46:12,946 [Listener at 127.0.0.1/44821] INFO  http.BaseHttpServer (BaseHttpServer.java:newHttpServer2BuilderForOzone(209)) - Starting Web-server for hddsDatanode at: http://0.0.0.0:0
2021-10-10 13:46:12,946 [Listener at 127.0.0.1/44821] INFO  http.BaseHttpServer (BaseHttpServer.java:<init>(107)) - Hadoop Security Enabled: false Ozone Security Enabled: false Ozone HTTP Security Enabled: false 
2021-10-10 13:46:12,947 [Listener at 127.0.0.1/44821] INFO  server.AuthenticationFilter (AuthenticationFilter.java:constructSecretProvider(240)) - Unable to initialize FileSignerSecretProvider, falling back to use random secrets.
2021-10-10 13:46:12,948 [Listener at 127.0.0.1/44821] WARN  http.HttpRequestLog (HttpRequestLog.java:getRequestLog(103)) - Jetty request log can only be enabled using Log4j
2021-10-10 13:46:12,949 [Listener at 127.0.0.1/44821] INFO  http.HttpServer2 (HttpServer2.java:addGlobalFilter(1030)) - Added global filter 'safety' (class=org.apache.hadoop.hdds.server.http.HttpServer2$QuotingInputFilter)
2021-10-10 13:46:12,949 [Listener at 127.0.0.1/44821] INFO  http.HttpServer2 (HttpServer2.java:addFilter(1006)) - Added filter static_user_filter (class=org.apache.hadoop.http.lib.StaticUserWebFilter$StaticUserFilter) to context hddsDatanode
2021-10-10 13:46:12,949 [Listener at 127.0.0.1/44821] INFO  http.HttpServer2 (HttpServer2.java:addFilter(1014)) - Added filter static_user_filter (class=org.apache.hadoop.http.lib.StaticUserWebFilter$StaticUserFilter) to context logs
2021-10-10 13:46:12,949 [Listener at 127.0.0.1/44821] INFO  http.HttpServer2 (HttpServer2.java:addFilter(1014)) - Added filter static_user_filter (class=org.apache.hadoop.http.lib.StaticUserWebFilter$StaticUserFilter) to context static
2021-10-10 13:46:12,950 [Listener at 127.0.0.1/44821] INFO  http.HttpServer2 (HttpServer2.java:bindListener(1249)) - Jetty bound to port 36669
2021-10-10 13:46:12,950 [Listener at 127.0.0.1/44821] INFO  server.Server (Server.java:doStart(375)) - jetty-9.4.43.v20210629; built: 2021-06-30T11:07:22.254Z; git: 526006ecfa3af7f1a27ef3a288e2bef7ea9dd7e8; jvm 1.8.0_292-b10
2021-10-10 13:46:12,953 [Listener at 127.0.0.1/44821] INFO  server.session (DefaultSessionIdManager.java:doStart(334)) - DefaultSessionIdManager workerName=node0
2021-10-10 13:46:12,953 [Listener at 127.0.0.1/44821] INFO  server.session (DefaultSessionIdManager.java:doStart(339)) - No SessionScavenger set, using defaults
2021-10-10 13:46:12,953 [Listener at 127.0.0.1/44821] INFO  server.session (HouseKeeper.java:startScavenging(132)) - node0 Scavenging every 600000ms
2021-10-10 13:46:12,954 [Listener at 127.0.0.1/44821] INFO  handler.ContextHandler (ContextHandler.java:doStart(915)) - Started o.e.j.s.ServletContextHandler@1b5c3bb5{logs,/logs,file:///home/runner/work/ozone/ozone/hadoop-ozone/integration-test/target/log,AVAILABLE}
2021-10-10 13:46:12,954 [Listener at 127.0.0.1/44821] INFO  handler.ContextHandler (ContextHandler.java:doStart(915)) - Started o.e.j.s.ServletContextHandler@7b848658{static,/static,jar:file:/home/runner/.m2/repository/org/apache/ozone/hdds-container-service/1.2.0-SNAPSHOT/hdds-container-service-1.2.0-SNAPSHOT.jar!/webapps/static,AVAILABLE}
2021-10-10 13:46:13,034 [Listener at 127.0.0.1/44821] INFO  handler.ContextHandler (ContextHandler.java:doStart(915)) - Started o.e.j.w.WebAppContext@1c001341{hddsDatanode,/,file:///tmp/jetty-0_0_0_0-36669-hdds-container-service-1_2_0-SNAPSHOT_jar-_-any-7086554793373359318/webapp/,AVAILABLE}{jar:file:/home/runner/.m2/repository/org/apache/ozone/hdds-container-service/1.2.0-SNAPSHOT/hdds-container-service-1.2.0-SNAPSHOT.jar!/webapps/hddsDatanode}
2021-10-10 13:46:13,049 [Listener at 127.0.0.1/44821] INFO  server.AbstractConnector (AbstractConnector.java:doStart(331)) - Started ServerConnector@50a63a9d{HTTP/1.1, (http/1.1)}{0.0.0.0:36669}
2021-10-10 13:46:13,049 [Listener at 127.0.0.1/44821] INFO  server.Server (Server.java:doStart(415)) - Started @179832ms
2021-10-10 13:46:13,049 [Listener at 127.0.0.1/44821] WARN  impl.MetricsSystemImpl (MetricsSystemImpl.java:register(279)) - Sink prometheus already exists!
2021-10-10 13:46:13,050 [Listener at 127.0.0.1/44821] INFO  http.BaseHttpServer (BaseHttpServer.java:updateConnectorAddress(329)) - HTTP server of hddsDatanode listening at http://0.0.0.0:36669
2021-10-10 13:46:13,050 [Listener at 127.0.0.1/44821] WARN  impl.MetricRegistriesImpl (MetricRegistriesImpl.java:addReporterRegistration(111)) - New reporters are added after registries were created. Some metrics will be missing from the reporter. Please add reporter before adding any new registry.
2021-10-10 13:46:13,050 [Listener at 127.0.0.1/44821] WARN  impl.MetricRegistriesImpl (MetricRegistriesImpl.java:addReporterRegistration(111)) - New reporters are added after registries were created. Some metrics will be missing from the reporter. Please add reporter before adding any new registry.
2021-10-10 13:46:13,051 [Listener at 127.0.0.1/44821] INFO  impl.MetricsSystemImpl (MetricsSystemImpl.java:init(158)) - HddsDatanode metrics system started (again)
2021-10-10 13:46:13,062 [Datanode State Machine Thread - 0] INFO  statemachine.DatanodeStateMachine (DatanodeStateMachine.java:lambda$startDaemon$0(463)) - Ozone container server started.
2021-10-10 13:46:13,095 [Listener at 127.0.0.1/44821] INFO  ozone.HddsDatanodeService (HddsDatanodeService.java:start(234)) - HddsDatanodeService host:fv-az291-460.wgnan5asplgejimfprtllbpdch.jx.internal.cloudapp.net ip:10.1.0.17
2021-10-10 13:46:13,118 [org.apache.hadoop.util.JvmPauseMonitor$Monitor@27db93da] INFO  util.JvmPauseMonitor (JvmPauseMonitor.java:run(188)) - Starting JVM pause monitor
2021-10-10 13:46:13,140 [Listener at 127.0.0.1/44821] INFO  upgrade.AbstractLayoutVersionManager (AbstractLayoutVersionManager.java:init(79)) - Initializing Layout version manager with metadata layout = SCM_HA (version = 2), software layout = SCM_HA (version = 2)
2021-10-10 13:46:13,144 [Datanode State Machine Task Thread - 0] INFO  datanode.InitDatanodeState (InitDatanodeState.java:persistContainerDatanodeDetails(145)) - DatanodeDetails is persisted to /home/runner/work/ozone/ozone/hadoop-ozone/integration-test/target/test-dir/MiniOzoneClusterImpl-0f145d0e-b24d-4882-976e-a7baa8a64dfe/datanode-4/meta/datanode.id
2021-10-10 13:46:13,200 [Listener at 127.0.0.1/44821] INFO  reflections.Reflections (Reflections.java:scan(232)) - Reflections took 59 ms to scan 7 urls, producing 119 keys and 278 values 
2021-10-10 13:46:13,203 [Listener at 127.0.0.1/44821] INFO  volume.HddsVolume (HddsVolume.java:<init>(120)) - Creating HddsVolume: /home/runner/work/ozone/ozone/hadoop-ozone/integration-test/target/test-dir/MiniOzoneClusterImpl-0f145d0e-b24d-4882-976e-a7baa8a64dfe/datanode-5/data-0/containers/hdds of storage type : DISK capacity : 9223372036854775807
2021-10-10 13:46:13,203 [Listener at 127.0.0.1/44821] INFO  volume.MutableVolumeSet (MutableVolumeSet.java:initializeVolumeSet(168)) - Added Volume : /home/runner/work/ozone/ozone/hadoop-ozone/integration-test/target/test-dir/MiniOzoneClusterImpl-0f145d0e-b24d-4882-976e-a7baa8a64dfe/datanode-5/data-0/containers/hdds to VolumeSet
2021-10-10 13:46:13,203 [Listener at 127.0.0.1/44821] INFO  volume.ThrottledAsyncChecker (ThrottledAsyncChecker.java:schedule(141)) - Scheduling a check for /home/runner/work/ozone/ozone/hadoop-ozone/integration-test/target/test-dir/MiniOzoneClusterImpl-0f145d0e-b24d-4882-976e-a7baa8a64dfe/datanode-5/data-0/containers/hdds
2021-10-10 13:46:13,209 [Listener at 127.0.0.1/44821] INFO  volume.StorageVolumeChecker (StorageVolumeChecker.java:checkAllVolumes(202)) - Scheduled health check for volume /home/runner/work/ozone/ozone/hadoop-ozone/integration-test/target/test-dir/MiniOzoneClusterImpl-0f145d0e-b24d-4882-976e-a7baa8a64dfe/datanode-5/data-0/containers/hdds
2021-10-10 13:46:13,221 [Listener at 127.0.0.1/44821] INFO  volume.MutableVolumeSet (MutableVolumeSet.java:initializeVolumeSet(168)) - Added Volume : /home/runner/work/ozone/ozone/hadoop-ozone/integration-test/target/test-dir/MiniOzoneClusterImpl-0f145d0e-b24d-4882-976e-a7baa8a64dfe/datanode-5/data/ratis to VolumeSet
2021-10-10 13:46:13,221 [Listener at 127.0.0.1/44821] INFO  volume.ThrottledAsyncChecker (ThrottledAsyncChecker.java:schedule(141)) - Scheduling a check for /home/runner/work/ozone/ozone/hadoop-ozone/integration-test/target/test-dir/MiniOzoneClusterImpl-0f145d0e-b24d-4882-976e-a7baa8a64dfe/datanode-5/data/ratis
2021-10-10 13:46:13,222 [Listener at 127.0.0.1/44821] INFO  volume.StorageVolumeChecker (StorageVolumeChecker.java:checkAllVolumes(202)) - Scheduled health check for volume /home/runner/work/ozone/ozone/hadoop-ozone/integration-test/target/test-dir/MiniOzoneClusterImpl-0f145d0e-b24d-4882-976e-a7baa8a64dfe/datanode-5/data/ratis
2021-10-10 13:46:13,240 [Thread-1403] INFO  ozoneimpl.ContainerReader (ContainerReader.java:readVolume(172)) - Finish verifying containers on volume /home/runner/work/ozone/ozone/hadoop-ozone/integration-test/target/test-dir/MiniOzoneClusterImpl-0f145d0e-b24d-4882-976e-a7baa8a64dfe/datanode-5/data-0/containers/hdds
2021-10-10 13:46:13,240 [Listener at 127.0.0.1/44821] INFO  ozoneimpl.OzoneContainer (OzoneContainer.java:buildContainerSet(236)) - Build ContainerSet costs 0s
2021-10-10 13:46:13,241 [Listener at 127.0.0.1/44821] INFO  server.RaftServer (ConfUtils.java:logGet(44)) - raft.rpc.type = GRPC (default)
2021-10-10 13:46:13,241 [Listener at 127.0.0.1/44821] INFO  grpc.GrpcFactory (GrpcFactory.java:checkPooledByteBufAllocatorUseCacheForAllThreads(48)) - PERFORMANCE WARNING: useCacheForAllThreads is true that may cause Netty to create a lot garbage objects and, as a result, trigger GC.
	It is recommended to disable useCacheForAllThreads by setting -Dorg.apache.ratis.thirdparty.io.netty.allocator.useCacheForAllThreads=false in command line.
2021-10-10 13:46:13,241 [Listener at 127.0.0.1/44821] INFO  grpc.GrpcConfigKeys (ConfUtils.java:logGet(44)) - raft.grpc.admin.port = 0 (custom)
2021-10-10 13:46:13,241 [Listener at 127.0.0.1/44821] INFO  grpc.GrpcConfigKeys (ConfUtils.java:logGet(44)) - raft.grpc.client.port = 0 (custom)
2021-10-10 13:46:13,242 [Listener at 127.0.0.1/44821] INFO  grpc.GrpcConfigKeys (ConfUtils.java:logGet(44)) - raft.grpc.server.port = 0 (default)
2021-10-10 13:46:13,242 [Listener at 127.0.0.1/44821] INFO  server.GrpcService (ConfUtils.java:logGet(44)) - raft.grpc.message.size.max = 32MB (=33554432) (custom)
2021-10-10 13:46:13,242 [Listener at 127.0.0.1/44821] INFO  server.RaftServerConfigKeys (ConfUtils.java:logGet(44)) - raft.server.log.appender.buffer.byte-limit = 33554432 (custom)
2021-10-10 13:46:13,242 [Listener at 127.0.0.1/44821] INFO  server.GrpcService (ConfUtils.java:logGet(44)) - raft.grpc.flow.control.window = 5MB (=5242880) (custom)
2021-10-10 13:46:13,242 [Listener at 127.0.0.1/44821] INFO  server.RaftServerConfigKeys (ConfUtils.java:logGet(44)) - raft.server.rpc.request.timeout = 3000ms (default)
2021-10-10 13:46:13,243 [Listener at 127.0.0.1/44821] INFO  impl.DataStreamServerImpl (ConfUtils.java:logGet(44)) - raft.datastream.type = DISABLED (default)
2021-10-10 13:46:13,243 [Listener at 127.0.0.1/44821] INFO  server.RaftServerConfigKeys (ConfUtils.java:logGet(44)) - raft.server.rpc.slowness.timeout = 300000ms (custom)
2021-10-10 13:46:13,243 [Listener at 127.0.0.1/44821] INFO  server.RaftServerConfigKeys (ConfUtils.java:logGet(44)) - raft.server.leaderelection.leader.step-down.wait-time = 10s (default)
2021-10-10 13:46:13,246 [Listener at 127.0.0.1/44821] INFO  server.RaftServerConfigKeys (ConfUtils.java:logGet(44)) - raft.server.storage.dir = [/home/runner/work/ozone/ozone/hadoop-ozone/integration-test/target/test-dir/MiniOzoneClusterImpl-0f145d0e-b24d-4882-976e-a7baa8a64dfe/datanode-5/data/ratis] (custom)
2021-10-10 13:46:13,250 [Listener at 127.0.0.1/44821] INFO  http.BaseHttpServer (BaseHttpServer.java:newHttpServer2BuilderForOzone(209)) - Starting Web-server for hddsDatanode at: http://0.0.0.0:0
2021-10-10 13:46:13,250 [Listener at 127.0.0.1/44821] INFO  http.BaseHttpServer (BaseHttpServer.java:<init>(107)) - Hadoop Security Enabled: false Ozone Security Enabled: false Ozone HTTP Security Enabled: false 
2021-10-10 13:46:13,251 [Listener at 127.0.0.1/44821] INFO  server.AuthenticationFilter (AuthenticationFilter.java:constructSecretProvider(240)) - Unable to initialize FileSignerSecretProvider, falling back to use random secrets.
2021-10-10 13:46:13,251 [Listener at 127.0.0.1/44821] WARN  http.HttpRequestLog (HttpRequestLog.java:getRequestLog(103)) - Jetty request log can only be enabled using Log4j
2021-10-10 13:46:13,252 [Listener at 127.0.0.1/44821] INFO  http.HttpServer2 (HttpServer2.java:addGlobalFilter(1030)) - Added global filter 'safety' (class=org.apache.hadoop.hdds.server.http.HttpServer2$QuotingInputFilter)
2021-10-10 13:46:13,252 [Listener at 127.0.0.1/44821] INFO  http.HttpServer2 (HttpServer2.java:addFilter(1006)) - Added filter static_user_filter (class=org.apache.hadoop.http.lib.StaticUserWebFilter$StaticUserFilter) to context hddsDatanode
2021-10-10 13:46:13,252 [Listener at 127.0.0.1/44821] INFO  http.HttpServer2 (HttpServer2.java:addFilter(1014)) - Added filter static_user_filter (class=org.apache.hadoop.http.lib.StaticUserWebFilter$StaticUserFilter) to context static
2021-10-10 13:46:13,252 [Listener at 127.0.0.1/44821] INFO  http.HttpServer2 (HttpServer2.java:addFilter(1014)) - Added filter static_user_filter (class=org.apache.hadoop.http.lib.StaticUserWebFilter$StaticUserFilter) to context logs
2021-10-10 13:46:13,252 [Listener at 127.0.0.1/44821] INFO  http.HttpServer2 (HttpServer2.java:bindListener(1249)) - Jetty bound to port 44165
2021-10-10 13:46:13,253 [Listener at 127.0.0.1/44821] INFO  server.Server (Server.java:doStart(375)) - jetty-9.4.43.v20210629; built: 2021-06-30T11:07:22.254Z; git: 526006ecfa3af7f1a27ef3a288e2bef7ea9dd7e8; jvm 1.8.0_292-b10
2021-10-10 13:46:13,254 [Listener at 127.0.0.1/44821] INFO  server.session (DefaultSessionIdManager.java:doStart(334)) - DefaultSessionIdManager workerName=node0
2021-10-10 13:46:13,254 [Listener at 127.0.0.1/44821] INFO  server.session (DefaultSessionIdManager.java:doStart(339)) - No SessionScavenger set, using defaults
2021-10-10 13:46:13,254 [Listener at 127.0.0.1/44821] INFO  server.session (HouseKeeper.java:startScavenging(132)) - node0 Scavenging every 660000ms
2021-10-10 13:46:13,255 [Listener at 127.0.0.1/44821] INFO  handler.ContextHandler (ContextHandler.java:doStart(915)) - Started o.e.j.s.ServletContextHandler@31da3326{logs,/logs,file:///home/runner/work/ozone/ozone/hadoop-ozone/integration-test/target/log,AVAILABLE}
2021-10-10 13:46:13,255 [Listener at 127.0.0.1/44821] INFO  handler.ContextHandler (ContextHandler.java:doStart(915)) - Started o.e.j.s.ServletContextHandler@753eba65{static,/static,jar:file:/home/runner/.m2/repository/org/apache/ozone/hdds-container-service/1.2.0-SNAPSHOT/hdds-container-service-1.2.0-SNAPSHOT.jar!/webapps/static,AVAILABLE}
2021-10-10 13:46:13,309 [Listener at 127.0.0.1/44821] INFO  handler.ContextHandler (ContextHandler.java:doStart(915)) - Started o.e.j.w.WebAppContext@74ceaf28{hddsDatanode,/,file:///tmp/jetty-0_0_0_0-44165-hdds-container-service-1_2_0-SNAPSHOT_jar-_-any-2741189789712992135/webapp/,AVAILABLE}{jar:file:/home/runner/.m2/repository/org/apache/ozone/hdds-container-service/1.2.0-SNAPSHOT/hdds-container-service-1.2.0-SNAPSHOT.jar!/webapps/hddsDatanode}
2021-10-10 13:46:13,312 [Listener at 127.0.0.1/44821] INFO  server.AbstractConnector (AbstractConnector.java:doStart(331)) - Started ServerConnector@6ff3af80{HTTP/1.1, (http/1.1)}{0.0.0.0:44165}
2021-10-10 13:46:13,312 [Listener at 127.0.0.1/44821] INFO  server.Server (Server.java:doStart(415)) - Started @180095ms
2021-10-10 13:46:13,312 [Listener at 127.0.0.1/44821] WARN  impl.MetricsSystemImpl (MetricsSystemImpl.java:register(279)) - Sink prometheus already exists!
2021-10-10 13:46:13,314 [Listener at 127.0.0.1/44821] INFO  http.BaseHttpServer (BaseHttpServer.java:updateConnectorAddress(329)) - HTTP server of hddsDatanode listening at http://0.0.0.0:44165
2021-10-10 13:46:13,320 [Listener at 127.0.0.1/44821] WARN  impl.MetricRegistriesImpl (MetricRegistriesImpl.java:addReporterRegistration(111)) - New reporters are added after registries were created. Some metrics will be missing from the reporter. Please add reporter before adding any new registry.
2021-10-10 13:46:13,320 [Listener at 127.0.0.1/44821] WARN  impl.MetricRegistriesImpl (MetricRegistriesImpl.java:addReporterRegistration(111)) - New reporters are added after registries were created. Some metrics will be missing from the reporter. Please add reporter before adding any new registry.
2021-10-10 13:46:13,320 [Listener at 127.0.0.1/44821] INFO  impl.MetricsSystemImpl (MetricsSystemImpl.java:init(158)) - HddsDatanode metrics system started (again)
2021-10-10 13:46:13,330 [Datanode State Machine Thread - 0] INFO  statemachine.DatanodeStateMachine (DatanodeStateMachine.java:lambda$startDaemon$0(463)) - Ozone container server started.
2021-10-10 13:46:13,334 [Listener at 127.0.0.1/44821] INFO  ozone.HddsDatanodeService (HddsDatanodeService.java:start(234)) - HddsDatanodeService host:fv-az291-460.wgnan5asplgejimfprtllbpdch.jx.internal.cloudapp.net ip:10.1.0.17
2021-10-10 13:46:13,368 [org.apache.hadoop.util.JvmPauseMonitor$Monitor@2c4dee97] INFO  util.JvmPauseMonitor (JvmPauseMonitor.java:run(188)) - Starting JVM pause monitor
2021-10-10 13:46:13,394 [Datanode State Machine Task Thread - 0] INFO  datanode.InitDatanodeState (InitDatanodeState.java:persistContainerDatanodeDetails(145)) - DatanodeDetails is persisted to /home/runner/work/ozone/ozone/hadoop-ozone/integration-test/target/test-dir/MiniOzoneClusterImpl-0f145d0e-b24d-4882-976e-a7baa8a64dfe/datanode-5/meta/datanode.id
2021-10-10 13:46:13,404 [Listener at 127.0.0.1/44821] INFO  upgrade.AbstractLayoutVersionManager (AbstractLayoutVersionManager.java:init(79)) - Initializing Layout version manager with metadata layout = SCM_HA (version = 2), software layout = SCM_HA (version = 2)
2021-10-10 13:46:13,461 [Listener at 127.0.0.1/44821] INFO  reflections.Reflections (Reflections.java:scan(232)) - Reflections took 52 ms to scan 7 urls, producing 119 keys and 278 values 
2021-10-10 13:46:13,465 [Listener at 127.0.0.1/44821] INFO  volume.HddsVolume (HddsVolume.java:<init>(120)) - Creating HddsVolume: /home/runner/work/ozone/ozone/hadoop-ozone/integration-test/target/test-dir/MiniOzoneClusterImpl-0f145d0e-b24d-4882-976e-a7baa8a64dfe/datanode-6/data-0/containers/hdds of storage type : DISK capacity : 9223372036854775807
2021-10-10 13:46:13,465 [Listener at 127.0.0.1/44821] INFO  volume.MutableVolumeSet (MutableVolumeSet.java:initializeVolumeSet(168)) - Added Volume : /home/runner/work/ozone/ozone/hadoop-ozone/integration-test/target/test-dir/MiniOzoneClusterImpl-0f145d0e-b24d-4882-976e-a7baa8a64dfe/datanode-6/data-0/containers/hdds to VolumeSet
2021-10-10 13:46:13,465 [Listener at 127.0.0.1/44821] INFO  volume.ThrottledAsyncChecker (ThrottledAsyncChecker.java:schedule(141)) - Scheduling a check for /home/runner/work/ozone/ozone/hadoop-ozone/integration-test/target/test-dir/MiniOzoneClusterImpl-0f145d0e-b24d-4882-976e-a7baa8a64dfe/datanode-6/data-0/containers/hdds
2021-10-10 13:46:13,468 [Listener at 127.0.0.1/44821] INFO  volume.StorageVolumeChecker (StorageVolumeChecker.java:checkAllVolumes(202)) - Scheduled health check for volume /home/runner/work/ozone/ozone/hadoop-ozone/integration-test/target/test-dir/MiniOzoneClusterImpl-0f145d0e-b24d-4882-976e-a7baa8a64dfe/datanode-6/data-0/containers/hdds
2021-10-10 13:46:13,491 [Listener at 127.0.0.1/44821] INFO  volume.MutableVolumeSet (MutableVolumeSet.java:initializeVolumeSet(168)) - Added Volume : /home/runner/work/ozone/ozone/hadoop-ozone/integration-test/target/test-dir/MiniOzoneClusterImpl-0f145d0e-b24d-4882-976e-a7baa8a64dfe/datanode-6/data/ratis to VolumeSet
2021-10-10 13:46:13,491 [Listener at 127.0.0.1/44821] INFO  volume.ThrottledAsyncChecker (ThrottledAsyncChecker.java:schedule(141)) - Scheduling a check for /home/runner/work/ozone/ozone/hadoop-ozone/integration-test/target/test-dir/MiniOzoneClusterImpl-0f145d0e-b24d-4882-976e-a7baa8a64dfe/datanode-6/data/ratis
2021-10-10 13:46:13,495 [Listener at 127.0.0.1/44821] INFO  volume.StorageVolumeChecker (StorageVolumeChecker.java:checkAllVolumes(202)) - Scheduled health check for volume /home/runner/work/ozone/ozone/hadoop-ozone/integration-test/target/test-dir/MiniOzoneClusterImpl-0f145d0e-b24d-4882-976e-a7baa8a64dfe/datanode-6/data/ratis
2021-10-10 13:46:13,543 [EndpointStateMachine task thread for /0.0.0.0:36165 - 0 ] INFO  ozoneimpl.OzoneContainer (OzoneContainer.java:start(304)) - Attempting to start container services.
2021-10-10 13:46:13,543 [EndpointStateMachine task thread for /0.0.0.0:36165 - 0 ] INFO  ozoneimpl.OzoneContainer (OzoneContainer.java:startContainerScrub(249)) - Background container scanner has been disabled.
2021-10-10 13:46:13,544 [EndpointStateMachine task thread for /0.0.0.0:36165 - 0 ] INFO  replication.ReplicationServer (ReplicationServer.java:start(107)) - ReplicationServer is started using port 36125
2021-10-10 13:46:13,549 [EndpointStateMachine task thread for /0.0.0.0:36165 - 0 ] INFO  ratis.XceiverServerRatis (XceiverServerRatis.java:start(482)) - Starting XceiverServerRatis f0a8fd88-2511-4bc8-952c-803d3ca6483c
2021-10-10 13:46:13,559 [Thread-1416] INFO  ozoneimpl.ContainerReader (ContainerReader.java:readVolume(172)) - Finish verifying containers on volume /home/runner/work/ozone/ozone/hadoop-ozone/integration-test/target/test-dir/MiniOzoneClusterImpl-0f145d0e-b24d-4882-976e-a7baa8a64dfe/datanode-6/data-0/containers/hdds
2021-10-10 13:46:13,559 [EndpointStateMachine task thread for /0.0.0.0:36165 - 0 ] INFO  server.RaftServer (RaftServerProxy.java:lambda$start$5(374)) - f0a8fd88-2511-4bc8-952c-803d3ca6483c: start RPC server
2021-10-10 13:46:13,560 [Listener at 127.0.0.1/44821] INFO  ozoneimpl.OzoneContainer (OzoneContainer.java:buildContainerSet(236)) - Build ContainerSet costs 0s
2021-10-10 13:46:13,561 [Listener at 127.0.0.1/44821] INFO  server.RaftServer (ConfUtils.java:logGet(44)) - raft.rpc.type = GRPC (default)
2021-10-10 13:46:13,561 [Listener at 127.0.0.1/44821] INFO  grpc.GrpcFactory (GrpcFactory.java:checkPooledByteBufAllocatorUseCacheForAllThreads(48)) - PERFORMANCE WARNING: useCacheForAllThreads is true that may cause Netty to create a lot garbage objects and, as a result, trigger GC.
	It is recommended to disable useCacheForAllThreads by setting -Dorg.apache.ratis.thirdparty.io.netty.allocator.useCacheForAllThreads=false in command line.
2021-10-10 13:46:13,562 [Listener at 127.0.0.1/44821] INFO  grpc.GrpcConfigKeys (ConfUtils.java:logGet(44)) - raft.grpc.admin.port = 0 (custom)
2021-10-10 13:46:13,562 [Listener at 127.0.0.1/44821] INFO  grpc.GrpcConfigKeys (ConfUtils.java:logGet(44)) - raft.grpc.client.port = 0 (custom)
2021-10-10 13:46:13,562 [Listener at 127.0.0.1/44821] INFO  grpc.GrpcConfigKeys (ConfUtils.java:logGet(44)) - raft.grpc.server.port = 0 (default)
2021-10-10 13:46:13,562 [Listener at 127.0.0.1/44821] INFO  server.GrpcService (ConfUtils.java:logGet(44)) - raft.grpc.message.size.max = 32MB (=33554432) (custom)
2021-10-10 13:46:13,562 [Listener at 127.0.0.1/44821] INFO  server.RaftServerConfigKeys (ConfUtils.java:logGet(44)) - raft.server.log.appender.buffer.byte-limit = 33554432 (custom)
2021-10-10 13:46:13,562 [Listener at 127.0.0.1/44821] INFO  server.GrpcService (ConfUtils.java:logGet(44)) - raft.grpc.flow.control.window = 5MB (=5242880) (custom)
2021-10-10 13:46:13,562 [Listener at 127.0.0.1/44821] INFO  server.RaftServerConfigKeys (ConfUtils.java:logGet(44)) - raft.server.rpc.request.timeout = 3000ms (default)
2021-10-10 13:46:13,563 [Listener at 127.0.0.1/44821] INFO  impl.DataStreamServerImpl (ConfUtils.java:logGet(44)) - raft.datastream.type = DISABLED (default)
2021-10-10 13:46:13,563 [Listener at 127.0.0.1/44821] INFO  server.RaftServerConfigKeys (ConfUtils.java:logGet(44)) - raft.server.rpc.slowness.timeout = 300000ms (custom)
2021-10-10 13:46:13,563 [Listener at 127.0.0.1/44821] INFO  server.RaftServerConfigKeys (ConfUtils.java:logGet(44)) - raft.server.leaderelection.leader.step-down.wait-time = 10s (default)
2021-10-10 13:46:13,567 [EndpointStateMachine task thread for /0.0.0.0:36165 - 0 ] INFO  server.GrpcService (GrpcService.java:startImpl(253)) - f0a8fd88-2511-4bc8-952c-803d3ca6483c: GrpcService started, listening on 45269
2021-10-10 13:46:13,567 [Listener at 127.0.0.1/44821] INFO  server.RaftServerConfigKeys (ConfUtils.java:logGet(44)) - raft.server.storage.dir = [/home/runner/work/ozone/ozone/hadoop-ozone/integration-test/target/test-dir/MiniOzoneClusterImpl-0f145d0e-b24d-4882-976e-a7baa8a64dfe/datanode-6/data/ratis] (custom)
2021-10-10 13:46:13,569 [EndpointStateMachine task thread for /0.0.0.0:36165 - 0 ] INFO  ratis.XceiverServerRatis (XceiverServerRatis.java:getRealPort(503)) - XceiverServerRatis f0a8fd88-2511-4bc8-952c-803d3ca6483c is started using port 45269 for RATIS
2021-10-10 13:46:13,569 [EndpointStateMachine task thread for /0.0.0.0:36165 - 0 ] INFO  ratis.XceiverServerRatis (XceiverServerRatis.java:getRealPort(503)) - XceiverServerRatis f0a8fd88-2511-4bc8-952c-803d3ca6483c is started using port 45269 for RATIS_ADMIN
2021-10-10 13:46:13,569 [EndpointStateMachine task thread for /0.0.0.0:36165 - 0 ] INFO  ratis.XceiverServerRatis (XceiverServerRatis.java:getRealPort(503)) - XceiverServerRatis f0a8fd88-2511-4bc8-952c-803d3ca6483c is started using port 45269 for RATIS_SERVER
2021-10-10 13:46:13,570 [EndpointStateMachine task thread for /0.0.0.0:36165 - 0 ] INFO  server.XceiverServerGrpc (XceiverServerGrpc.java:start(135)) - XceiverServerGrpc f0a8fd88-2511-4bc8-952c-803d3ca6483c is started using port 37921
2021-10-10 13:46:13,598 [org.apache.ratis.util.JvmPauseMonitor$$Lambda$532/897771948@724afb31] INFO  util.JvmPauseMonitor (JvmPauseMonitor.java:run(103)) - JvmPauseMonitor-f0a8fd88-2511-4bc8-952c-803d3ca6483c: Started
2021-10-10 13:46:13,600 [Listener at 127.0.0.1/44821] INFO  http.BaseHttpServer (BaseHttpServer.java:newHttpServer2BuilderForOzone(209)) - Starting Web-server for hddsDatanode at: http://0.0.0.0:0
2021-10-10 13:46:13,600 [Listener at 127.0.0.1/44821] INFO  http.BaseHttpServer (BaseHttpServer.java:<init>(107)) - Hadoop Security Enabled: false Ozone Security Enabled: false Ozone HTTP Security Enabled: false 
2021-10-10 13:46:13,601 [Listener at 127.0.0.1/44821] INFO  server.AuthenticationFilter (AuthenticationFilter.java:constructSecretProvider(240)) - Unable to initialize FileSignerSecretProvider, falling back to use random secrets.
2021-10-10 13:46:13,603 [Listener at 127.0.0.1/44821] WARN  http.HttpRequestLog (HttpRequestLog.java:getRequestLog(103)) - Jetty request log can only be enabled using Log4j
2021-10-10 13:46:13,604 [Listener at 127.0.0.1/44821] INFO  http.HttpServer2 (HttpServer2.java:addGlobalFilter(1030)) - Added global filter 'safety' (class=org.apache.hadoop.hdds.server.http.HttpServer2$QuotingInputFilter)
2021-10-10 13:46:13,604 [Listener at 127.0.0.1/44821] INFO  http.HttpServer2 (HttpServer2.java:addFilter(1006)) - Added filter static_user_filter (class=org.apache.hadoop.http.lib.StaticUserWebFilter$StaticUserFilter) to context hddsDatanode
2021-10-10 13:46:13,604 [Listener at 127.0.0.1/44821] INFO  http.HttpServer2 (HttpServer2.java:addFilter(1014)) - Added filter static_user_filter (class=org.apache.hadoop.http.lib.StaticUserWebFilter$StaticUserFilter) to context logs
2021-10-10 13:46:13,604 [Listener at 127.0.0.1/44821] INFO  http.HttpServer2 (HttpServer2.java:addFilter(1014)) - Added filter static_user_filter (class=org.apache.hadoop.http.lib.StaticUserWebFilter$StaticUserFilter) to context static
2021-10-10 13:46:13,604 [Listener at 127.0.0.1/44821] INFO  http.HttpServer2 (HttpServer2.java:bindListener(1249)) - Jetty bound to port 33291
2021-10-10 13:46:13,604 [Listener at 127.0.0.1/44821] INFO  server.Server (Server.java:doStart(375)) - jetty-9.4.43.v20210629; built: 2021-06-30T11:07:22.254Z; git: 526006ecfa3af7f1a27ef3a288e2bef7ea9dd7e8; jvm 1.8.0_292-b10
2021-10-10 13:46:13,608 [Listener at 127.0.0.1/44821] INFO  server.session (DefaultSessionIdManager.java:doStart(334)) - DefaultSessionIdManager workerName=node0
2021-10-10 13:46:13,608 [Listener at 127.0.0.1/44821] INFO  server.session (DefaultSessionIdManager.java:doStart(339)) - No SessionScavenger set, using defaults
2021-10-10 13:46:13,608 [Listener at 127.0.0.1/44821] INFO  server.session (HouseKeeper.java:startScavenging(132)) - node0 Scavenging every 660000ms
2021-10-10 13:46:13,615 [Listener at 127.0.0.1/44821] INFO  handler.ContextHandler (ContextHandler.java:doStart(915)) - Started o.e.j.s.ServletContextHandler@1711f0e4{logs,/logs,file:///home/runner/work/ozone/ozone/hadoop-ozone/integration-test/target/log,AVAILABLE}
2021-10-10 13:46:13,616 [Listener at 127.0.0.1/44821] INFO  handler.ContextHandler (ContextHandler.java:doStart(915)) - Started o.e.j.s.ServletContextHandler@4bff4554{static,/static,jar:file:/home/runner/.m2/repository/org/apache/ozone/hdds-container-service/1.2.0-SNAPSHOT/hdds-container-service-1.2.0-SNAPSHOT.jar!/webapps/static,AVAILABLE}
2021-10-10 13:46:13,688 [Listener at 127.0.0.1/44821] INFO  handler.ContextHandler (ContextHandler.java:doStart(915)) - Started o.e.j.w.WebAppContext@4a4e26dd{hddsDatanode,/,file:///tmp/jetty-0_0_0_0-33291-hdds-container-service-1_2_0-SNAPSHOT_jar-_-any-4238299012492821142/webapp/,AVAILABLE}{jar:file:/home/runner/.m2/repository/org/apache/ozone/hdds-container-service/1.2.0-SNAPSHOT/hdds-container-service-1.2.0-SNAPSHOT.jar!/webapps/hddsDatanode}
2021-10-10 13:46:13,693 [Listener at 127.0.0.1/44821] INFO  server.AbstractConnector (AbstractConnector.java:doStart(331)) - Started ServerConnector@5007635e{HTTP/1.1, (http/1.1)}{0.0.0.0:33291}
2021-10-10 13:46:13,693 [Listener at 127.0.0.1/44821] INFO  server.Server (Server.java:doStart(415)) - Started @180476ms
2021-10-10 13:46:13,693 [Listener at 127.0.0.1/44821] WARN  impl.MetricsSystemImpl (MetricsSystemImpl.java:register(279)) - Sink prometheus already exists!
2021-10-10 13:46:13,694 [Listener at 127.0.0.1/44821] INFO  http.BaseHttpServer (BaseHttpServer.java:updateConnectorAddress(329)) - HTTP server of hddsDatanode listening at http://0.0.0.0:33291
2021-10-10 13:46:13,699 [Listener at 127.0.0.1/44821] INFO  ozone.MiniOzoneClusterImpl (MiniOzoneClusterImpl.java:lambda$waitForClusterToBeReady$0(235)) - Waiting for nodes to be ready. Got 0 of 7 DN Heartbeats.
2021-10-10 13:46:13,700 [Listener at 127.0.0.1/44821] INFO  ozone.MiniOzoneClusterImpl (MiniOzoneClusterImpl.java:lambda$waitForClusterToBeReady$0(238)) - Waiting for cluster to exit safe mode
2021-10-10 13:46:13,700 [Listener at 127.0.0.1/44821] INFO  ozone.MiniOzoneClusterImpl (MiniOzoneClusterImpl.java:lambda$waitForClusterToBeReady$0(240)) - SCM became leader
2021-10-10 13:46:13,700 [Datanode State Machine Thread - 0] INFO  statemachine.DatanodeStateMachine (DatanodeStateMachine.java:lambda$startDaemon$0(463)) - Ozone container server started.
2021-10-10 13:46:13,748 [org.apache.hadoop.util.JvmPauseMonitor$Monitor@15a7de76] INFO  util.JvmPauseMonitor (JvmPauseMonitor.java:run(188)) - Starting JVM pause monitor
2021-10-10 13:46:13,754 [Datanode State Machine Task Thread - 0] INFO  datanode.InitDatanodeState (InitDatanodeState.java:persistContainerDatanodeDetails(145)) - DatanodeDetails is persisted to /home/runner/work/ozone/ozone/hadoop-ozone/integration-test/target/test-dir/MiniOzoneClusterImpl-0f145d0e-b24d-4882-976e-a7baa8a64dfe/datanode-6/meta/datanode.id
2021-10-10 13:46:13,810 [EndpointStateMachine task thread for /0.0.0.0:36165 - 0 ] INFO  ozoneimpl.OzoneContainer (OzoneContainer.java:start(304)) - Attempting to start container services.
2021-10-10 13:46:13,810 [EndpointStateMachine task thread for /0.0.0.0:36165 - 0 ] INFO  ozoneimpl.OzoneContainer (OzoneContainer.java:startContainerScrub(249)) - Background container scanner has been disabled.
2021-10-10 13:46:13,811 [EndpointStateMachine task thread for /0.0.0.0:36165 - 0 ] INFO  replication.ReplicationServer (ReplicationServer.java:start(107)) - ReplicationServer is started using port 37481
2021-10-10 13:46:13,823 [EndpointStateMachine task thread for /0.0.0.0:36165 - 0 ] INFO  ratis.XceiverServerRatis (XceiverServerRatis.java:start(482)) - Starting XceiverServerRatis c90bef4f-1c21-43c2-97aa-1f5cf6648a6f
2021-10-10 13:46:13,826 [EndpointStateMachine task thread for /0.0.0.0:36165 - 0 ] INFO  server.RaftServer (RaftServerProxy.java:lambda$start$5(374)) - c90bef4f-1c21-43c2-97aa-1f5cf6648a6f: start RPC server
2021-10-10 13:46:13,827 [EndpointStateMachine task thread for /0.0.0.0:36165 - 0 ] INFO  server.GrpcService (GrpcService.java:startImpl(253)) - c90bef4f-1c21-43c2-97aa-1f5cf6648a6f: GrpcService started, listening on 44117
2021-10-10 13:46:13,827 [EndpointStateMachine task thread for /0.0.0.0:36165 - 0 ] INFO  ratis.XceiverServerRatis (XceiverServerRatis.java:getRealPort(503)) - XceiverServerRatis c90bef4f-1c21-43c2-97aa-1f5cf6648a6f is started using port 44117 for RATIS
2021-10-10 13:46:13,827 [EndpointStateMachine task thread for /0.0.0.0:36165 - 0 ] INFO  ratis.XceiverServerRatis (XceiverServerRatis.java:getRealPort(503)) - XceiverServerRatis c90bef4f-1c21-43c2-97aa-1f5cf6648a6f is started using port 44117 for RATIS_ADMIN
2021-10-10 13:46:13,827 [EndpointStateMachine task thread for /0.0.0.0:36165 - 0 ] INFO  ratis.XceiverServerRatis (XceiverServerRatis.java:getRealPort(503)) - XceiverServerRatis c90bef4f-1c21-43c2-97aa-1f5cf6648a6f is started using port 44117 for RATIS_SERVER
2021-10-10 13:46:13,828 [EndpointStateMachine task thread for /0.0.0.0:36165 - 0 ] INFO  server.XceiverServerGrpc (XceiverServerGrpc.java:start(135)) - XceiverServerGrpc c90bef4f-1c21-43c2-97aa-1f5cf6648a6f is started using port 40289
2021-10-10 13:46:13,847 [org.apache.ratis.util.JvmPauseMonitor$$Lambda$532/897771948@4ea8b925] INFO  util.JvmPauseMonitor (JvmPauseMonitor.java:run(103)) - JvmPauseMonitor-c90bef4f-1c21-43c2-97aa-1f5cf6648a6f: Started
2021-10-10 13:46:14,376 [EndpointStateMachine task thread for /0.0.0.0:36165 - 0 ] INFO  ozoneimpl.OzoneContainer (OzoneContainer.java:start(304)) - Attempting to start container services.
2021-10-10 13:46:14,376 [EndpointStateMachine task thread for /0.0.0.0:36165 - 0 ] INFO  ozoneimpl.OzoneContainer (OzoneContainer.java:startContainerScrub(249)) - Background container scanner has been disabled.
2021-10-10 13:46:14,379 [EndpointStateMachine task thread for /0.0.0.0:36165 - 0 ] INFO  replication.ReplicationServer (ReplicationServer.java:start(107)) - ReplicationServer is started using port 34769
2021-10-10 13:46:14,391 [EndpointStateMachine task thread for /0.0.0.0:36165 - 0 ] INFO  ratis.XceiverServerRatis (XceiverServerRatis.java:start(482)) - Starting XceiverServerRatis 52be5aae-b0d8-4d04-b923-225165c5914d
2021-10-10 13:46:14,392 [EndpointStateMachine task thread for /0.0.0.0:36165 - 0 ] INFO  server.RaftServer (RaftServerProxy.java:lambda$start$5(374)) - 52be5aae-b0d8-4d04-b923-225165c5914d: start RPC server
2021-10-10 13:46:14,393 [EndpointStateMachine task thread for /0.0.0.0:36165 - 0 ] INFO  server.GrpcService (GrpcService.java:startImpl(253)) - 52be5aae-b0d8-4d04-b923-225165c5914d: GrpcService started, listening on 37435
2021-10-10 13:46:14,393 [EndpointStateMachine task thread for /0.0.0.0:36165 - 0 ] INFO  ratis.XceiverServerRatis (XceiverServerRatis.java:getRealPort(503)) - XceiverServerRatis 52be5aae-b0d8-4d04-b923-225165c5914d is started using port 37435 for RATIS
2021-10-10 13:46:14,393 [EndpointStateMachine task thread for /0.0.0.0:36165 - 0 ] INFO  ratis.XceiverServerRatis (XceiverServerRatis.java:getRealPort(503)) - XceiverServerRatis 52be5aae-b0d8-4d04-b923-225165c5914d is started using port 37435 for RATIS_ADMIN
2021-10-10 13:46:14,393 [EndpointStateMachine task thread for /0.0.0.0:36165 - 0 ] INFO  ratis.XceiverServerRatis (XceiverServerRatis.java:getRealPort(503)) - XceiverServerRatis 52be5aae-b0d8-4d04-b923-225165c5914d is started using port 37435 for RATIS_SERVER
2021-10-10 13:46:14,393 [EndpointStateMachine task thread for /0.0.0.0:36165 - 0 ] INFO  server.XceiverServerGrpc (XceiverServerGrpc.java:start(135)) - XceiverServerGrpc 52be5aae-b0d8-4d04-b923-225165c5914d is started using port 40505
2021-10-10 13:46:14,417 [org.apache.ratis.util.JvmPauseMonitor$$Lambda$532/897771948@3a058e0d] INFO  util.JvmPauseMonitor (JvmPauseMonitor.java:run(103)) - JvmPauseMonitor-52be5aae-b0d8-4d04-b923-225165c5914d: Started
2021-10-10 13:46:14,700 [Listener at 127.0.0.1/44821] INFO  ozone.MiniOzoneClusterImpl (MiniOzoneClusterImpl.java:lambda$waitForClusterToBeReady$0(235)) - Waiting for nodes to be ready. Got 0 of 7 DN Heartbeats.
2021-10-10 13:46:14,700 [Listener at 127.0.0.1/44821] INFO  ozone.MiniOzoneClusterImpl (MiniOzoneClusterImpl.java:lambda$waitForClusterToBeReady$0(238)) - Waiting for cluster to exit safe mode
2021-10-10 13:46:14,700 [Listener at 127.0.0.1/44821] INFO  ozone.MiniOzoneClusterImpl (MiniOzoneClusterImpl.java:lambda$waitForClusterToBeReady$0(240)) - SCM became leader
2021-10-10 13:46:14,739 [EndpointStateMachine task thread for /0.0.0.0:36165 - 0 ] INFO  ozoneimpl.OzoneContainer (OzoneContainer.java:start(304)) - Attempting to start container services.
2021-10-10 13:46:14,739 [EndpointStateMachine task thread for /0.0.0.0:36165 - 0 ] INFO  ozoneimpl.OzoneContainer (OzoneContainer.java:startContainerScrub(249)) - Background container scanner has been disabled.
2021-10-10 13:46:14,741 [EndpointStateMachine task thread for /0.0.0.0:36165 - 0 ] INFO  replication.ReplicationServer (ReplicationServer.java:start(107)) - ReplicationServer is started using port 42583
2021-10-10 13:46:14,755 [EndpointStateMachine task thread for /0.0.0.0:36165 - 0 ] INFO  ratis.XceiverServerRatis (XceiverServerRatis.java:start(482)) - Starting XceiverServerRatis 1d4e4b2f-e6a0-4223-b62b-246b29415176
2021-10-10 13:46:14,760 [EndpointStateMachine task thread for /0.0.0.0:36165 - 0 ] INFO  server.RaftServer (RaftServerProxy.java:lambda$start$5(374)) - 1d4e4b2f-e6a0-4223-b62b-246b29415176: start RPC server
2021-10-10 13:46:14,760 [EndpointStateMachine task thread for /0.0.0.0:36165 - 0 ] INFO  server.GrpcService (GrpcService.java:startImpl(253)) - 1d4e4b2f-e6a0-4223-b62b-246b29415176: GrpcService started, listening on 44219
2021-10-10 13:46:14,760 [EndpointStateMachine task thread for /0.0.0.0:36165 - 0 ] INFO  ratis.XceiverServerRatis (XceiverServerRatis.java:getRealPort(503)) - XceiverServerRatis 1d4e4b2f-e6a0-4223-b62b-246b29415176 is started using port 44219 for RATIS
2021-10-10 13:46:14,761 [EndpointStateMachine task thread for /0.0.0.0:36165 - 0 ] INFO  ratis.XceiverServerRatis (XceiverServerRatis.java:getRealPort(503)) - XceiverServerRatis 1d4e4b2f-e6a0-4223-b62b-246b29415176 is started using port 44219 for RATIS_ADMIN
2021-10-10 13:46:14,761 [EndpointStateMachine task thread for /0.0.0.0:36165 - 0 ] INFO  ratis.XceiverServerRatis (XceiverServerRatis.java:getRealPort(503)) - XceiverServerRatis 1d4e4b2f-e6a0-4223-b62b-246b29415176 is started using port 44219 for RATIS_SERVER
2021-10-10 13:46:14,761 [EndpointStateMachine task thread for /0.0.0.0:36165 - 0 ] INFO  server.XceiverServerGrpc (XceiverServerGrpc.java:start(135)) - XceiverServerGrpc 1d4e4b2f-e6a0-4223-b62b-246b29415176 is started using port 40233
2021-10-10 13:46:14,796 [org.apache.ratis.util.JvmPauseMonitor$$Lambda$532/897771948@10f9e525] INFO  util.JvmPauseMonitor (JvmPauseMonitor.java:run(103)) - JvmPauseMonitor-1d4e4b2f-e6a0-4223-b62b-246b29415176: Started
2021-10-10 13:46:15,126 [EndpointStateMachine task thread for /0.0.0.0:36165 - 0 ] INFO  ozoneimpl.OzoneContainer (OzoneContainer.java:start(304)) - Attempting to start container services.
2021-10-10 13:46:15,126 [EndpointStateMachine task thread for /0.0.0.0:36165 - 0 ] INFO  ozoneimpl.OzoneContainer (OzoneContainer.java:startContainerScrub(249)) - Background container scanner has been disabled.
2021-10-10 13:46:15,129 [EndpointStateMachine task thread for /0.0.0.0:36165 - 0 ] INFO  replication.ReplicationServer (ReplicationServer.java:start(107)) - ReplicationServer is started using port 34857
2021-10-10 13:46:15,146 [EndpointStateMachine task thread for /0.0.0.0:36165 - 0 ] INFO  ratis.XceiverServerRatis (XceiverServerRatis.java:start(482)) - Starting XceiverServerRatis 9f3dcedd-2157-4ae4-b723-f54bfee8d9ce
2021-10-10 13:46:15,149 [EndpointStateMachine task thread for /0.0.0.0:36165 - 0 ] INFO  server.RaftServer (RaftServerProxy.java:lambda$start$5(374)) - 9f3dcedd-2157-4ae4-b723-f54bfee8d9ce: start RPC server
2021-10-10 13:46:15,149 [EndpointStateMachine task thread for /0.0.0.0:36165 - 0 ] INFO  server.GrpcService (GrpcService.java:startImpl(253)) - 9f3dcedd-2157-4ae4-b723-f54bfee8d9ce: GrpcService started, listening on 40315
2021-10-10 13:46:15,149 [EndpointStateMachine task thread for /0.0.0.0:36165 - 0 ] INFO  ratis.XceiverServerRatis (XceiverServerRatis.java:getRealPort(503)) - XceiverServerRatis 9f3dcedd-2157-4ae4-b723-f54bfee8d9ce is started using port 40315 for RATIS
2021-10-10 13:46:15,150 [EndpointStateMachine task thread for /0.0.0.0:36165 - 0 ] INFO  ratis.XceiverServerRatis (XceiverServerRatis.java:getRealPort(503)) - XceiverServerRatis 9f3dcedd-2157-4ae4-b723-f54bfee8d9ce is started using port 40315 for RATIS_ADMIN
2021-10-10 13:46:15,150 [EndpointStateMachine task thread for /0.0.0.0:36165 - 0 ] INFO  ratis.XceiverServerRatis (XceiverServerRatis.java:getRealPort(503)) - XceiverServerRatis 9f3dcedd-2157-4ae4-b723-f54bfee8d9ce is started using port 40315 for RATIS_SERVER
2021-10-10 13:46:15,150 [EndpointStateMachine task thread for /0.0.0.0:36165 - 0 ] INFO  server.XceiverServerGrpc (XceiverServerGrpc.java:start(135)) - XceiverServerGrpc 9f3dcedd-2157-4ae4-b723-f54bfee8d9ce is started using port 44597
2021-10-10 13:46:15,169 [org.apache.ratis.util.JvmPauseMonitor$$Lambda$532/897771948@367255c8] INFO  util.JvmPauseMonitor (JvmPauseMonitor.java:run(103)) - JvmPauseMonitor-9f3dcedd-2157-4ae4-b723-f54bfee8d9ce: Started
2021-10-10 13:46:15,380 [EndpointStateMachine task thread for /0.0.0.0:36165 - 0 ] INFO  ozoneimpl.OzoneContainer (OzoneContainer.java:start(304)) - Attempting to start container services.
2021-10-10 13:46:15,380 [EndpointStateMachine task thread for /0.0.0.0:36165 - 0 ] INFO  ozoneimpl.OzoneContainer (OzoneContainer.java:startContainerScrub(249)) - Background container scanner has been disabled.
2021-10-10 13:46:15,381 [EndpointStateMachine task thread for /0.0.0.0:36165 - 0 ] INFO  replication.ReplicationServer (ReplicationServer.java:start(107)) - ReplicationServer is started using port 45645
2021-10-10 13:46:15,400 [EndpointStateMachine task thread for /0.0.0.0:36165 - 0 ] INFO  ratis.XceiverServerRatis (XceiverServerRatis.java:start(482)) - Starting XceiverServerRatis 2432123a-b439-42d5-83b4-1981f0fa2384
2021-10-10 13:46:15,408 [EndpointStateMachine task thread for /0.0.0.0:36165 - 0 ] INFO  server.RaftServer (RaftServerProxy.java:lambda$start$5(374)) - 2432123a-b439-42d5-83b4-1981f0fa2384: start RPC server
2021-10-10 13:46:15,409 [EndpointStateMachine task thread for /0.0.0.0:36165 - 0 ] INFO  server.GrpcService (GrpcService.java:startImpl(253)) - 2432123a-b439-42d5-83b4-1981f0fa2384: GrpcService started, listening on 39429
2021-10-10 13:46:15,413 [EndpointStateMachine task thread for /0.0.0.0:36165 - 0 ] INFO  ratis.XceiverServerRatis (XceiverServerRatis.java:getRealPort(503)) - XceiverServerRatis 2432123a-b439-42d5-83b4-1981f0fa2384 is started using port 39429 for RATIS
2021-10-10 13:46:15,413 [EndpointStateMachine task thread for /0.0.0.0:36165 - 0 ] INFO  ratis.XceiverServerRatis (XceiverServerRatis.java:getRealPort(503)) - XceiverServerRatis 2432123a-b439-42d5-83b4-1981f0fa2384 is started using port 39429 for RATIS_ADMIN
2021-10-10 13:46:15,413 [EndpointStateMachine task thread for /0.0.0.0:36165 - 0 ] INFO  ratis.XceiverServerRatis (XceiverServerRatis.java:getRealPort(503)) - XceiverServerRatis 2432123a-b439-42d5-83b4-1981f0fa2384 is started using port 39429 for RATIS_SERVER
2021-10-10 13:46:15,413 [org.apache.ratis.util.JvmPauseMonitor$$Lambda$532/897771948@44d93cfe] INFO  util.JvmPauseMonitor (JvmPauseMonitor.java:run(103)) - JvmPauseMonitor-2432123a-b439-42d5-83b4-1981f0fa2384: Started
2021-10-10 13:46:15,414 [EndpointStateMachine task thread for /0.0.0.0:36165 - 0 ] INFO  server.XceiverServerGrpc (XceiverServerGrpc.java:start(135)) - XceiverServerGrpc 2432123a-b439-42d5-83b4-1981f0fa2384 is started using port 45115
2021-10-10 13:46:15,503 [IPC Server handler 2 on default port 36165] INFO  net.NetworkTopologyImpl (NetworkTopologyImpl.java:add(112)) - Added a new node: /default-rack/f0a8fd88-2511-4bc8-952c-803d3ca6483c
2021-10-10 13:46:15,503 [IPC Server handler 2 on default port 36165] INFO  node.SCMNodeManager (SCMNodeManager.java:register(389)) - Registered Data node : f0a8fd88-2511-4bc8-952c-803d3ca6483c{ip: 10.1.0.17, host: fv-az291-460.wgnan5asplgejimfprtllbpdch.jx.internal.cloudapp.net, ports: [REPLICATION=36125, RATIS=45269, RATIS_ADMIN=45269, RATIS_SERVER=45269, STANDALONE=37921], networkLocation: /default-rack, certSerialId: null, persistedOpState: null, persistedOpStateExpiryEpochSec: 0}
2021-10-10 13:46:15,505 [EventQueue-NodeRegistrationContainerReportForContainerSafeModeRule] INFO  safemode.SCMSafeModeManager (SCMSafeModeManager.java:validateSafeModeExitRules(204)) - ContainerSafeModeRule rule is successfully validated
2021-10-10 13:46:15,505 [EventQueue-NodeRegistrationContainerReportForDataNodeSafeModeRule] INFO  safemode.SCMSafeModeManager (DataNodeSafeModeRule.java:process(71)) - SCM in safe mode. 1 DataNodes registered, 3 required.
2021-10-10 13:46:15,519 [EventQueue-NewNodeForNewNodeHandler] INFO  pipeline.BackgroundPipelineCreator (BackgroundPipelineCreator.java:notifyEventTriggered(285)) - trigger a one-shot run on RatisPipelineUtilsThread.
2021-10-10 13:46:15,519 [RatisPipelineUtilsThread - 0] INFO  pipeline.RatisPipelineProvider (RatisPipelineProvider.java:lambda$create$0(183)) - Sending CreatePipelineCommand for pipeline:PipelineID=47a5560d-0a0b-4d14-a737-285b845cfb90 to datanode:f0a8fd88-2511-4bc8-952c-803d3ca6483c
2021-10-10 13:46:15,519 [EventQueue-PipelineReportForOneReplicaPipelineSafeModeRule] INFO  safemode.SCMSafeModeManager (SCMSafeModeManager.java:validateSafeModeExitRules(204)) - AtleastOneDatanodeReportedRule rule is successfully validated
2021-10-10 13:46:15,524 [RatisPipelineUtilsThread - 0] INFO  pipeline.PipelineStateManagerImpl (PipelineStateManagerImpl.java:addPipeline(101)) - Created pipeline Pipeline[ Id: 47a5560d-0a0b-4d14-a737-285b845cfb90, Nodes: f0a8fd88-2511-4bc8-952c-803d3ca6483c{ip: 10.1.0.17, host: fv-az291-460.wgnan5asplgejimfprtllbpdch.jx.internal.cloudapp.net, ports: [REPLICATION=36125, RATIS=45269, RATIS_ADMIN=45269, RATIS_SERVER=45269, STANDALONE=37921], networkLocation: /default-rack, certSerialId: null, persistedOpState: IN_SERVICE, persistedOpStateExpiryEpochSec: 0}, ReplicationConfig: RATIS/ONE, State:ALLOCATED, leaderId:, CreationTimestamp2021-10-10T13:46:15.519Z[Etc/UTC]].
2021-10-10 13:46:15,700 [Listener at 127.0.0.1/44821] INFO  ozone.MiniOzoneClusterImpl (MiniOzoneClusterImpl.java:lambda$waitForClusterToBeReady$0(235)) - Waiting for nodes to be ready. Got 1 of 7 DN Heartbeats.
2021-10-10 13:46:15,700 [Listener at 127.0.0.1/44821] INFO  ozone.MiniOzoneClusterImpl (MiniOzoneClusterImpl.java:lambda$waitForClusterToBeReady$0(238)) - Waiting for cluster to exit safe mode
2021-10-10 13:46:15,700 [Listener at 127.0.0.1/44821] INFO  ozone.MiniOzoneClusterImpl (MiniOzoneClusterImpl.java:lambda$waitForClusterToBeReady$0(240)) - SCM became leader
2021-10-10 13:46:15,762 [EndpointStateMachine task thread for /0.0.0.0:36165 - 0 ] INFO  ozoneimpl.OzoneContainer (OzoneContainer.java:start(304)) - Attempting to start container services.
2021-10-10 13:46:15,764 [EndpointStateMachine task thread for /0.0.0.0:36165 - 0 ] INFO  ozoneimpl.OzoneContainer (OzoneContainer.java:startContainerScrub(249)) - Background container scanner has been disabled.
2021-10-10 13:46:15,783 [EndpointStateMachine task thread for /0.0.0.0:36165 - 0 ] INFO  replication.ReplicationServer (ReplicationServer.java:start(107)) - ReplicationServer is started using port 37821
2021-10-10 13:46:15,784 [EndpointStateMachine task thread for /0.0.0.0:36165 - 0 ] INFO  ratis.XceiverServerRatis (XceiverServerRatis.java:start(482)) - Starting XceiverServerRatis e1b2127a-933c-4bfc-a8fa-edeeb9ccf213
2021-10-10 13:46:15,787 [EndpointStateMachine task thread for /0.0.0.0:36165 - 0 ] INFO  server.RaftServer (RaftServerProxy.java:lambda$start$5(374)) - e1b2127a-933c-4bfc-a8fa-edeeb9ccf213: start RPC server
2021-10-10 13:46:15,793 [EndpointStateMachine task thread for /0.0.0.0:36165 - 0 ] INFO  server.GrpcService (GrpcService.java:startImpl(253)) - e1b2127a-933c-4bfc-a8fa-edeeb9ccf213: GrpcService started, listening on 33955
2021-10-10 13:46:15,793 [EndpointStateMachine task thread for /0.0.0.0:36165 - 0 ] INFO  ratis.XceiverServerRatis (XceiverServerRatis.java:getRealPort(503)) - XceiverServerRatis e1b2127a-933c-4bfc-a8fa-edeeb9ccf213 is started using port 33955 for RATIS
2021-10-10 13:46:15,793 [EndpointStateMachine task thread for /0.0.0.0:36165 - 0 ] INFO  ratis.XceiverServerRatis (XceiverServerRatis.java:getRealPort(503)) - XceiverServerRatis e1b2127a-933c-4bfc-a8fa-edeeb9ccf213 is started using port 33955 for RATIS_ADMIN
2021-10-10 13:46:15,793 [EndpointStateMachine task thread for /0.0.0.0:36165 - 0 ] INFO  ratis.XceiverServerRatis (XceiverServerRatis.java:getRealPort(503)) - XceiverServerRatis e1b2127a-933c-4bfc-a8fa-edeeb9ccf213 is started using port 33955 for RATIS_SERVER
2021-10-10 13:46:15,793 [org.apache.ratis.util.JvmPauseMonitor$$Lambda$532/897771948@1983f215] INFO  util.JvmPauseMonitor (JvmPauseMonitor.java:run(103)) - JvmPauseMonitor-e1b2127a-933c-4bfc-a8fa-edeeb9ccf213: Started
2021-10-10 13:46:15,795 [EndpointStateMachine task thread for /0.0.0.0:36165 - 0 ] INFO  server.XceiverServerGrpc (XceiverServerGrpc.java:start(135)) - XceiverServerGrpc e1b2127a-933c-4bfc-a8fa-edeeb9ccf213 is started using port 39177
2021-10-10 13:46:15,804 [IPC Server handler 4 on default port 36165] INFO  net.NetworkTopologyImpl (NetworkTopologyImpl.java:add(112)) - Added a new node: /default-rack/c90bef4f-1c21-43c2-97aa-1f5cf6648a6f
2021-10-10 13:46:15,804 [IPC Server handler 4 on default port 36165] INFO  node.SCMNodeManager (SCMNodeManager.java:register(389)) - Registered Data node : c90bef4f-1c21-43c2-97aa-1f5cf6648a6f{ip: 10.1.0.17, host: fv-az291-460.wgnan5asplgejimfprtllbpdch.jx.internal.cloudapp.net, ports: [REPLICATION=37481, RATIS=44117, RATIS_ADMIN=44117, RATIS_SERVER=44117, STANDALONE=40289], networkLocation: /default-rack, certSerialId: null, persistedOpState: null, persistedOpStateExpiryEpochSec: 0}
2021-10-10 13:46:15,804 [EventQueue-NewNodeForNewNodeHandler] INFO  pipeline.BackgroundPipelineCreator (BackgroundPipelineCreator.java:notifyEventTriggered(285)) - trigger a one-shot run on RatisPipelineUtilsThread.
2021-10-10 13:46:15,806 [EventQueue-NodeRegistrationContainerReportForDataNodeSafeModeRule] INFO  safemode.SCMSafeModeManager (DataNodeSafeModeRule.java:process(71)) - SCM in safe mode. 2 DataNodes registered, 3 required.
2021-10-10 13:46:15,809 [RatisPipelineUtilsThread - 0] INFO  pipeline.RatisPipelineProvider (RatisPipelineProvider.java:lambda$create$0(183)) - Sending CreatePipelineCommand for pipeline:PipelineID=3392ea42-86df-40ab-b9c0-fb8e1bdd31c6 to datanode:c90bef4f-1c21-43c2-97aa-1f5cf6648a6f
2021-10-10 13:46:15,810 [RatisPipelineUtilsThread - 0] INFO  pipeline.PipelineStateManagerImpl (PipelineStateManagerImpl.java:addPipeline(101)) - Created pipeline Pipeline[ Id: 3392ea42-86df-40ab-b9c0-fb8e1bdd31c6, Nodes: c90bef4f-1c21-43c2-97aa-1f5cf6648a6f{ip: 10.1.0.17, host: fv-az291-460.wgnan5asplgejimfprtllbpdch.jx.internal.cloudapp.net, ports: [REPLICATION=37481, RATIS=44117, RATIS_ADMIN=44117, RATIS_SERVER=44117, STANDALONE=40289], networkLocation: /default-rack, certSerialId: null, persistedOpState: IN_SERVICE, persistedOpStateExpiryEpochSec: 0}, ReplicationConfig: RATIS/ONE, State:ALLOCATED, leaderId:, CreationTimestamp2021-10-10T13:46:15.809Z[Etc/UTC]].
2021-10-10 13:46:16,370 [IPC Server handler 1 on default port 36165] INFO  net.NetworkTopologyImpl (NetworkTopologyImpl.java:add(112)) - Added a new node: /default-rack/52be5aae-b0d8-4d04-b923-225165c5914d
2021-10-10 13:46:16,370 [IPC Server handler 1 on default port 36165] INFO  node.SCMNodeManager (SCMNodeManager.java:register(389)) - Registered Data node : 52be5aae-b0d8-4d04-b923-225165c5914d{ip: 10.1.0.17, host: fv-az291-460.wgnan5asplgejimfprtllbpdch.jx.internal.cloudapp.net, ports: [REPLICATION=34769, RATIS=37435, RATIS_ADMIN=37435, RATIS_SERVER=37435, STANDALONE=40505], networkLocation: /default-rack, certSerialId: null, persistedOpState: null, persistedOpStateExpiryEpochSec: 0}
2021-10-10 13:46:16,370 [EventQueue-NewNodeForNewNodeHandler] INFO  pipeline.BackgroundPipelineCreator (BackgroundPipelineCreator.java:notifyEventTriggered(285)) - trigger a one-shot run on RatisPipelineUtilsThread.
2021-10-10 13:46:16,375 [RatisPipelineUtilsThread - 0] INFO  pipeline.RatisPipelineProvider (RatisPipelineProvider.java:lambda$create$0(183)) - Sending CreatePipelineCommand for pipeline:PipelineID=26850a3e-1446-45ef-b118-c5d91a017fde to datanode:52be5aae-b0d8-4d04-b923-225165c5914d
2021-10-10 13:46:16,375 [RatisPipelineUtilsThread - 0] INFO  pipeline.PipelineStateManagerImpl (PipelineStateManagerImpl.java:addPipeline(101)) - Created pipeline Pipeline[ Id: 26850a3e-1446-45ef-b118-c5d91a017fde, Nodes: 52be5aae-b0d8-4d04-b923-225165c5914d{ip: 10.1.0.17, host: fv-az291-460.wgnan5asplgejimfprtllbpdch.jx.internal.cloudapp.net, ports: [REPLICATION=34769, RATIS=37435, RATIS_ADMIN=37435, RATIS_SERVER=37435, STANDALONE=40505], networkLocation: /default-rack, certSerialId: null, persistedOpState: IN_SERVICE, persistedOpStateExpiryEpochSec: 0}, ReplicationConfig: RATIS/ONE, State:ALLOCATED, leaderId:, CreationTimestamp2021-10-10T13:46:16.375Z[Etc/UTC]].
2021-10-10 13:46:16,376 [EventQueue-NodeRegistrationContainerReportForDataNodeSafeModeRule] INFO  safemode.SCMSafeModeManager (DataNodeSafeModeRule.java:process(71)) - SCM in safe mode. 3 DataNodes registered, 3 required.
2021-10-10 13:46:16,376 [EventQueue-NodeRegistrationContainerReportForDataNodeSafeModeRule] INFO  safemode.SCMSafeModeManager (SCMSafeModeManager.java:validateSafeModeExitRules(204)) - DataNodeSafeModeRule rule is successfully validated
2021-10-10 13:46:16,376 [EventQueue-NodeRegistrationContainerReportForDataNodeSafeModeRule] INFO  safemode.SCMSafeModeManager (SCMSafeModeManager.java:completePreCheck(233)) - All SCM safe mode pre check rules have passed
2021-10-10 13:46:16,376 [EventQueue-NodeRegistrationContainerReportForDataNodeSafeModeRule] WARN  events.EventQueue (EventQueue.java:fireEvent(194)) - No event handler registered for event TypedEvent{payloadType=SafeModeStatus, name='Safe mode status'}
2021-10-10 13:46:16,376 [EventQueue-NodeRegistrationContainerReportForDataNodeSafeModeRule] INFO  ha.SCMContext (SCMContext.java:updateSafeModeStatus(205)) - Update SafeModeStatus from SafeModeStatus{safeModeStatus=true, preCheckPassed=false} to SafeModeStatus{safeModeStatus=true, preCheckPassed=true}.
2021-10-10 13:46:16,376 [EventQueue-NodeRegistrationContainerReportForDataNodeSafeModeRule] INFO  pipeline.BackgroundPipelineCreator (BackgroundPipelineCreator.java:notifyEventTriggered(285)) - trigger a one-shot run on RatisPipelineUtilsThread.
2021-10-10 13:46:16,376 [RatisPipelineUtilsThread - 0] INFO  pipeline.RatisPipelineProvider (RatisPipelineProvider.java:lambda$create$0(183)) - Sending CreatePipelineCommand for pipeline:PipelineID=ea9209b1-93eb-495a-8c26-b7d4081ff85c to datanode:c90bef4f-1c21-43c2-97aa-1f5cf6648a6f
2021-10-10 13:46:16,377 [RatisPipelineUtilsThread - 0] INFO  pipeline.RatisPipelineProvider (RatisPipelineProvider.java:lambda$create$0(183)) - Sending CreatePipelineCommand for pipeline:PipelineID=ea9209b1-93eb-495a-8c26-b7d4081ff85c to datanode:f0a8fd88-2511-4bc8-952c-803d3ca6483c
2021-10-10 13:46:16,377 [RatisPipelineUtilsThread - 0] INFO  pipeline.RatisPipelineProvider (RatisPipelineProvider.java:lambda$create$0(183)) - Sending CreatePipelineCommand for pipeline:PipelineID=ea9209b1-93eb-495a-8c26-b7d4081ff85c to datanode:52be5aae-b0d8-4d04-b923-225165c5914d
2021-10-10 13:46:16,377 [RatisPipelineUtilsThread - 0] INFO  pipeline.PipelineStateManagerImpl (PipelineStateManagerImpl.java:addPipeline(101)) - Created pipeline Pipeline[ Id: ea9209b1-93eb-495a-8c26-b7d4081ff85c, Nodes: c90bef4f-1c21-43c2-97aa-1f5cf6648a6f{ip: 10.1.0.17, host: fv-az291-460.wgnan5asplgejimfprtllbpdch.jx.internal.cloudapp.net, ports: [REPLICATION=37481, RATIS=44117, RATIS_ADMIN=44117, RATIS_SERVER=44117, STANDALONE=40289], networkLocation: /default-rack, certSerialId: null, persistedOpState: IN_SERVICE, persistedOpStateExpiryEpochSec: 0}f0a8fd88-2511-4bc8-952c-803d3ca6483c{ip: 10.1.0.17, host: fv-az291-460.wgnan5asplgejimfprtllbpdch.jx.internal.cloudapp.net, ports: [REPLICATION=36125, RATIS=45269, RATIS_ADMIN=45269, RATIS_SERVER=45269, STANDALONE=37921], networkLocation: /default-rack, certSerialId: null, persistedOpState: IN_SERVICE, persistedOpStateExpiryEpochSec: 0}52be5aae-b0d8-4d04-b923-225165c5914d{ip: 10.1.0.17, host: fv-az291-460.wgnan5asplgejimfprtllbpdch.jx.internal.cloudapp.net, ports: [REPLICATION=34769, RATIS=37435, RATIS_ADMIN=37435, RATIS_SERVER=37435, STANDALONE=40505], networkLocation: /default-rack, certSerialId: null, persistedOpState: IN_SERVICE, persistedOpStateExpiryEpochSec: 0}, ReplicationConfig: RATIS/THREE, State:ALLOCATED, leaderId:, CreationTimestamp2021-10-10T13:46:16.376Z[Etc/UTC]].
2021-10-10 13:46:16,377 [RatisPipelineUtilsThread - 0] INFO  pipeline.RatisPipelineProvider (RatisPipelineProvider.java:lambda$create$0(183)) - Sending CreatePipelineCommand for pipeline:PipelineID=38b5fb90-feb8-420d-a116-cd7bcb0e62ff to datanode:f0a8fd88-2511-4bc8-952c-803d3ca6483c
2021-10-10 13:46:16,377 [RatisPipelineUtilsThread - 0] INFO  pipeline.RatisPipelineProvider (RatisPipelineProvider.java:lambda$create$0(183)) - Sending CreatePipelineCommand for pipeline:PipelineID=38b5fb90-feb8-420d-a116-cd7bcb0e62ff to datanode:c90bef4f-1c21-43c2-97aa-1f5cf6648a6f
2021-10-10 13:46:16,377 [RatisPipelineUtilsThread - 0] INFO  pipeline.RatisPipelineProvider (RatisPipelineProvider.java:lambda$create$0(183)) - Sending CreatePipelineCommand for pipeline:PipelineID=38b5fb90-feb8-420d-a116-cd7bcb0e62ff to datanode:52be5aae-b0d8-4d04-b923-225165c5914d
2021-10-10 13:46:16,378 [RatisPipelineUtilsThread - 0] INFO  pipeline.PipelineStateManagerImpl (PipelineStateManagerImpl.java:addPipeline(101)) - Created pipeline Pipeline[ Id: 38b5fb90-feb8-420d-a116-cd7bcb0e62ff, Nodes: f0a8fd88-2511-4bc8-952c-803d3ca6483c{ip: 10.1.0.17, host: fv-az291-460.wgnan5asplgejimfprtllbpdch.jx.internal.cloudapp.net, ports: [REPLICATION=36125, RATIS=45269, RATIS_ADMIN=45269, RATIS_SERVER=45269, STANDALONE=37921], networkLocation: /default-rack, certSerialId: null, persistedOpState: IN_SERVICE, persistedOpStateExpiryEpochSec: 0}c90bef4f-1c21-43c2-97aa-1f5cf6648a6f{ip: 10.1.0.17, host: fv-az291-460.wgnan5asplgejimfprtllbpdch.jx.internal.cloudapp.net, ports: [REPLICATION=37481, RATIS=44117, RATIS_ADMIN=44117, RATIS_SERVER=44117, STANDALONE=40289], networkLocation: /default-rack, certSerialId: null, persistedOpState: IN_SERVICE, persistedOpStateExpiryEpochSec: 0}52be5aae-b0d8-4d04-b923-225165c5914d{ip: 10.1.0.17, host: fv-az291-460.wgnan5asplgejimfprtllbpdch.jx.internal.cloudapp.net, ports: [REPLICATION=34769, RATIS=37435, RATIS_ADMIN=37435, RATIS_SERVER=37435, STANDALONE=40505], networkLocation: /default-rack, certSerialId: null, persistedOpState: IN_SERVICE, persistedOpStateExpiryEpochSec: 0}, ReplicationConfig: RATIS/THREE, State:ALLOCATED, leaderId:, CreationTimestamp2021-10-10T13:46:16.377Z[Etc/UTC]].
2021-10-10 13:46:16,378 [RatisPipelineUtilsThread - 0] INFO  pipeline.PipelineManagerImpl (PipelineManagerImpl.java:recordMetricsForPipeline(613)) - Pipeline: PipelineID=38b5fb90-feb8-420d-a116-cd7bcb0e62ff contains same datanodes as previous pipelines: PipelineID=ea9209b1-93eb-495a-8c26-b7d4081ff85c nodeIds: f0a8fd88-2511-4bc8-952c-803d3ca6483c, c90bef4f-1c21-43c2-97aa-1f5cf6648a6f, 52be5aae-b0d8-4d04-b923-225165c5914d
2021-10-10 13:46:16,701 [Listener at 127.0.0.1/44821] INFO  ozone.MiniOzoneClusterImpl (MiniOzoneClusterImpl.java:lambda$waitForClusterToBeReady$0(235)) - Waiting for nodes to be ready. Got 3 of 7 DN Heartbeats.
2021-10-10 13:46:16,701 [Listener at 127.0.0.1/44821] INFO  ozone.MiniOzoneClusterImpl (MiniOzoneClusterImpl.java:lambda$waitForClusterToBeReady$0(238)) - Waiting for cluster to exit safe mode
2021-10-10 13:46:16,701 [Listener at 127.0.0.1/44821] INFO  ozone.MiniOzoneClusterImpl (MiniOzoneClusterImpl.java:lambda$waitForClusterToBeReady$0(240)) - SCM became leader
2021-10-10 13:46:16,732 [IPC Server handler 3 on default port 36165] INFO  net.NetworkTopologyImpl (NetworkTopologyImpl.java:add(112)) - Added a new node: /default-rack/1d4e4b2f-e6a0-4223-b62b-246b29415176
2021-10-10 13:46:16,732 [IPC Server handler 3 on default port 36165] INFO  node.SCMNodeManager (SCMNodeManager.java:register(389)) - Registered Data node : 1d4e4b2f-e6a0-4223-b62b-246b29415176{ip: 10.1.0.17, host: fv-az291-460.wgnan5asplgejimfprtllbpdch.jx.internal.cloudapp.net, ports: [REPLICATION=42583, RATIS=44219, RATIS_ADMIN=44219, RATIS_SERVER=44219, STANDALONE=40233], networkLocation: /default-rack, certSerialId: null, persistedOpState: null, persistedOpStateExpiryEpochSec: 0}
2021-10-10 13:46:16,732 [EventQueue-NewNodeForNewNodeHandler] INFO  pipeline.BackgroundPipelineCreator (BackgroundPipelineCreator.java:notifyEventTriggered(285)) - trigger a one-shot run on RatisPipelineUtilsThread.
2021-10-10 13:46:16,733 [RatisPipelineUtilsThread - 0] INFO  pipeline.RatisPipelineProvider (RatisPipelineProvider.java:lambda$create$0(183)) - Sending CreatePipelineCommand for pipeline:PipelineID=2bb0ad25-7e9d-4919-9f0c-f44c8908778d to datanode:1d4e4b2f-e6a0-4223-b62b-246b29415176
2021-10-10 13:46:16,735 [RatisPipelineUtilsThread - 0] INFO  pipeline.PipelineStateManagerImpl (PipelineStateManagerImpl.java:addPipeline(101)) - Created pipeline Pipeline[ Id: 2bb0ad25-7e9d-4919-9f0c-f44c8908778d, Nodes: 1d4e4b2f-e6a0-4223-b62b-246b29415176{ip: 10.1.0.17, host: fv-az291-460.wgnan5asplgejimfprtllbpdch.jx.internal.cloudapp.net, ports: [REPLICATION=42583, RATIS=44219, RATIS_ADMIN=44219, RATIS_SERVER=44219, STANDALONE=40233], networkLocation: /default-rack, certSerialId: null, persistedOpState: IN_SERVICE, persistedOpStateExpiryEpochSec: 0}, ReplicationConfig: RATIS/ONE, State:ALLOCATED, leaderId:, CreationTimestamp2021-10-10T13:46:16.733Z[Etc/UTC]].
2021-10-10 13:46:17,119 [IPC Server handler 0 on default port 36165] INFO  net.NetworkTopologyImpl (NetworkTopologyImpl.java:add(112)) - Added a new node: /default-rack/9f3dcedd-2157-4ae4-b723-f54bfee8d9ce
2021-10-10 13:46:17,119 [IPC Server handler 0 on default port 36165] INFO  node.SCMNodeManager (SCMNodeManager.java:register(389)) - Registered Data node : 9f3dcedd-2157-4ae4-b723-f54bfee8d9ce{ip: 10.1.0.17, host: fv-az291-460.wgnan5asplgejimfprtllbpdch.jx.internal.cloudapp.net, ports: [REPLICATION=34857, RATIS=40315, RATIS_ADMIN=40315, RATIS_SERVER=40315, STANDALONE=44597], networkLocation: /default-rack, certSerialId: null, persistedOpState: null, persistedOpStateExpiryEpochSec: 0}
2021-10-10 13:46:17,119 [EventQueue-NewNodeForNewNodeHandler] INFO  pipeline.BackgroundPipelineCreator (BackgroundPipelineCreator.java:notifyEventTriggered(285)) - trigger a one-shot run on RatisPipelineUtilsThread.
2021-10-10 13:46:17,120 [RatisPipelineUtilsThread - 0] INFO  pipeline.RatisPipelineProvider (RatisPipelineProvider.java:lambda$create$0(183)) - Sending CreatePipelineCommand for pipeline:PipelineID=8bf488a0-0968-47a6-ae95-7dfff592c791 to datanode:9f3dcedd-2157-4ae4-b723-f54bfee8d9ce
2021-10-10 13:46:17,120 [RatisPipelineUtilsThread - 0] INFO  pipeline.PipelineStateManagerImpl (PipelineStateManagerImpl.java:addPipeline(101)) - Created pipeline Pipeline[ Id: 8bf488a0-0968-47a6-ae95-7dfff592c791, Nodes: 9f3dcedd-2157-4ae4-b723-f54bfee8d9ce{ip: 10.1.0.17, host: fv-az291-460.wgnan5asplgejimfprtllbpdch.jx.internal.cloudapp.net, ports: [REPLICATION=34857, RATIS=40315, RATIS_ADMIN=40315, RATIS_SERVER=40315, STANDALONE=44597], networkLocation: /default-rack, certSerialId: null, persistedOpState: IN_SERVICE, persistedOpStateExpiryEpochSec: 0}, ReplicationConfig: RATIS/ONE, State:ALLOCATED, leaderId:, CreationTimestamp2021-10-10T13:46:17.120Z[Etc/UTC]].
2021-10-10 13:46:17,369 [IPC Server handler 1 on default port 36165] INFO  net.NetworkTopologyImpl (NetworkTopologyImpl.java:add(112)) - Added a new node: /default-rack/2432123a-b439-42d5-83b4-1981f0fa2384
2021-10-10 13:46:17,370 [IPC Server handler 1 on default port 36165] INFO  node.SCMNodeManager (SCMNodeManager.java:register(389)) - Registered Data node : 2432123a-b439-42d5-83b4-1981f0fa2384{ip: 10.1.0.17, host: fv-az291-460.wgnan5asplgejimfprtllbpdch.jx.internal.cloudapp.net, ports: [REPLICATION=45645, RATIS=39429, RATIS_ADMIN=39429, RATIS_SERVER=39429, STANDALONE=45115], networkLocation: /default-rack, certSerialId: null, persistedOpState: null, persistedOpStateExpiryEpochSec: 0}
2021-10-10 13:46:17,370 [EventQueue-NewNodeForNewNodeHandler] INFO  pipeline.BackgroundPipelineCreator (BackgroundPipelineCreator.java:notifyEventTriggered(285)) - trigger a one-shot run on RatisPipelineUtilsThread.
2021-10-10 13:46:17,370 [RatisPipelineUtilsThread - 0] INFO  pipeline.RatisPipelineProvider (RatisPipelineProvider.java:lambda$create$0(183)) - Sending CreatePipelineCommand for pipeline:PipelineID=aad80fe2-f9ff-445d-961c-2c5645e41bd7 to datanode:2432123a-b439-42d5-83b4-1981f0fa2384
2021-10-10 13:46:17,371 [RatisPipelineUtilsThread - 0] INFO  pipeline.PipelineStateManagerImpl (PipelineStateManagerImpl.java:addPipeline(101)) - Created pipeline Pipeline[ Id: aad80fe2-f9ff-445d-961c-2c5645e41bd7, Nodes: 2432123a-b439-42d5-83b4-1981f0fa2384{ip: 10.1.0.17, host: fv-az291-460.wgnan5asplgejimfprtllbpdch.jx.internal.cloudapp.net, ports: [REPLICATION=45645, RATIS=39429, RATIS_ADMIN=39429, RATIS_SERVER=39429, STANDALONE=45115], networkLocation: /default-rack, certSerialId: null, persistedOpState: IN_SERVICE, persistedOpStateExpiryEpochSec: 0}, ReplicationConfig: RATIS/ONE, State:ALLOCATED, leaderId:, CreationTimestamp2021-10-10T13:46:17.370Z[Etc/UTC]].
2021-10-10 13:46:17,371 [RatisPipelineUtilsThread - 0] INFO  pipeline.RatisPipelineProvider (RatisPipelineProvider.java:lambda$create$0(183)) - Sending CreatePipelineCommand for pipeline:PipelineID=16a067cd-1683-4cd8-a695-f3e1136d39a0 to datanode:9f3dcedd-2157-4ae4-b723-f54bfee8d9ce
2021-10-10 13:46:17,371 [RatisPipelineUtilsThread - 0] INFO  pipeline.RatisPipelineProvider (RatisPipelineProvider.java:lambda$create$0(183)) - Sending CreatePipelineCommand for pipeline:PipelineID=16a067cd-1683-4cd8-a695-f3e1136d39a0 to datanode:1d4e4b2f-e6a0-4223-b62b-246b29415176
2021-10-10 13:46:17,371 [RatisPipelineUtilsThread - 0] INFO  pipeline.RatisPipelineProvider (RatisPipelineProvider.java:lambda$create$0(183)) - Sending CreatePipelineCommand for pipeline:PipelineID=16a067cd-1683-4cd8-a695-f3e1136d39a0 to datanode:2432123a-b439-42d5-83b4-1981f0fa2384
2021-10-10 13:46:17,371 [RatisPipelineUtilsThread - 0] INFO  pipeline.PipelineStateManagerImpl (PipelineStateManagerImpl.java:addPipeline(101)) - Created pipeline Pipeline[ Id: 16a067cd-1683-4cd8-a695-f3e1136d39a0, Nodes: 9f3dcedd-2157-4ae4-b723-f54bfee8d9ce{ip: 10.1.0.17, host: fv-az291-460.wgnan5asplgejimfprtllbpdch.jx.internal.cloudapp.net, ports: [REPLICATION=34857, RATIS=40315, RATIS_ADMIN=40315, RATIS_SERVER=40315, STANDALONE=44597], networkLocation: /default-rack, certSerialId: null, persistedOpState: IN_SERVICE, persistedOpStateExpiryEpochSec: 0}1d4e4b2f-e6a0-4223-b62b-246b29415176{ip: 10.1.0.17, host: fv-az291-460.wgnan5asplgejimfprtllbpdch.jx.internal.cloudapp.net, ports: [REPLICATION=42583, RATIS=44219, RATIS_ADMIN=44219, RATIS_SERVER=44219, STANDALONE=40233], networkLocation: /default-rack, certSerialId: null, persistedOpState: IN_SERVICE, persistedOpStateExpiryEpochSec: 0}2432123a-b439-42d5-83b4-1981f0fa2384{ip: 10.1.0.17, host: fv-az291-460.wgnan5asplgejimfprtllbpdch.jx.internal.cloudapp.net, ports: [REPLICATION=45645, RATIS=39429, RATIS_ADMIN=39429, RATIS_SERVER=39429, STANDALONE=45115], networkLocation: /default-rack, certSerialId: null, persistedOpState: IN_SERVICE, persistedOpStateExpiryEpochSec: 0}, ReplicationConfig: RATIS/THREE, State:ALLOCATED, leaderId:, CreationTimestamp2021-10-10T13:46:17.371Z[Etc/UTC]].
2021-10-10 13:46:17,372 [RatisPipelineUtilsThread - 0] INFO  pipeline.RatisPipelineProvider (RatisPipelineProvider.java:lambda$create$0(183)) - Sending CreatePipelineCommand for pipeline:PipelineID=d81155ad-7afe-4ff1-840a-ef7fe1329c44 to datanode:2432123a-b439-42d5-83b4-1981f0fa2384
2021-10-10 13:46:17,372 [RatisPipelineUtilsThread - 0] INFO  pipeline.RatisPipelineProvider (RatisPipelineProvider.java:lambda$create$0(183)) - Sending CreatePipelineCommand for pipeline:PipelineID=d81155ad-7afe-4ff1-840a-ef7fe1329c44 to datanode:9f3dcedd-2157-4ae4-b723-f54bfee8d9ce
2021-10-10 13:46:17,372 [RatisPipelineUtilsThread - 0] INFO  pipeline.RatisPipelineProvider (RatisPipelineProvider.java:lambda$create$0(183)) - Sending CreatePipelineCommand for pipeline:PipelineID=d81155ad-7afe-4ff1-840a-ef7fe1329c44 to datanode:1d4e4b2f-e6a0-4223-b62b-246b29415176
2021-10-10 13:46:17,372 [RatisPipelineUtilsThread - 0] INFO  pipeline.PipelineStateManagerImpl (PipelineStateManagerImpl.java:addPipeline(101)) - Created pipeline Pipeline[ Id: d81155ad-7afe-4ff1-840a-ef7fe1329c44, Nodes: 2432123a-b439-42d5-83b4-1981f0fa2384{ip: 10.1.0.17, host: fv-az291-460.wgnan5asplgejimfprtllbpdch.jx.internal.cloudapp.net, ports: [REPLICATION=45645, RATIS=39429, RATIS_ADMIN=39429, RATIS_SERVER=39429, STANDALONE=45115], networkLocation: /default-rack, certSerialId: null, persistedOpState: IN_SERVICE, persistedOpStateExpiryEpochSec: 0}9f3dcedd-2157-4ae4-b723-f54bfee8d9ce{ip: 10.1.0.17, host: fv-az291-460.wgnan5asplgejimfprtllbpdch.jx.internal.cloudapp.net, ports: [REPLICATION=34857, RATIS=40315, RATIS_ADMIN=40315, RATIS_SERVER=40315, STANDALONE=44597], networkLocation: /default-rack, certSerialId: null, persistedOpState: IN_SERVICE, persistedOpStateExpiryEpochSec: 0}1d4e4b2f-e6a0-4223-b62b-246b29415176{ip: 10.1.0.17, host: fv-az291-460.wgnan5asplgejimfprtllbpdch.jx.internal.cloudapp.net, ports: [REPLICATION=42583, RATIS=44219, RATIS_ADMIN=44219, RATIS_SERVER=44219, STANDALONE=40233], networkLocation: /default-rack, certSerialId: null, persistedOpState: IN_SERVICE, persistedOpStateExpiryEpochSec: 0}, ReplicationConfig: RATIS/THREE, State:ALLOCATED, leaderId:, CreationTimestamp2021-10-10T13:46:17.372Z[Etc/UTC]].
2021-10-10 13:46:17,372 [RatisPipelineUtilsThread - 0] INFO  pipeline.PipelineManagerImpl (PipelineManagerImpl.java:recordMetricsForPipeline(613)) - Pipeline: PipelineID=d81155ad-7afe-4ff1-840a-ef7fe1329c44 contains same datanodes as previous pipelines: PipelineID=16a067cd-1683-4cd8-a695-f3e1136d39a0 nodeIds: 2432123a-b439-42d5-83b4-1981f0fa2384, 9f3dcedd-2157-4ae4-b723-f54bfee8d9ce, 1d4e4b2f-e6a0-4223-b62b-246b29415176
2021-10-10 13:46:17,702 [Listener at 127.0.0.1/44821] INFO  ozone.MiniOzoneClusterImpl (MiniOzoneClusterImpl.java:lambda$waitForClusterToBeReady$0(235)) - Waiting for nodes to be ready. Got 6 of 7 DN Heartbeats.
2021-10-10 13:46:17,702 [Listener at 127.0.0.1/44821] INFO  ozone.MiniOzoneClusterImpl (MiniOzoneClusterImpl.java:lambda$waitForClusterToBeReady$0(238)) - Waiting for cluster to exit safe mode
2021-10-10 13:46:17,702 [Listener at 127.0.0.1/44821] INFO  ozone.MiniOzoneClusterImpl (MiniOzoneClusterImpl.java:lambda$waitForClusterToBeReady$0(240)) - SCM became leader
2021-10-10 13:46:17,749 [IPC Server handler 3 on default port 36165] INFO  net.NetworkTopologyImpl (NetworkTopologyImpl.java:add(112)) - Added a new node: /default-rack/e1b2127a-933c-4bfc-a8fa-edeeb9ccf213
2021-10-10 13:46:17,749 [IPC Server handler 3 on default port 36165] INFO  node.SCMNodeManager (SCMNodeManager.java:register(389)) - Registered Data node : e1b2127a-933c-4bfc-a8fa-edeeb9ccf213{ip: 10.1.0.17, host: fv-az291-460.wgnan5asplgejimfprtllbpdch.jx.internal.cloudapp.net, ports: [REPLICATION=37821, RATIS=33955, RATIS_ADMIN=33955, RATIS_SERVER=33955, STANDALONE=39177], networkLocation: /default-rack, certSerialId: null, persistedOpState: null, persistedOpStateExpiryEpochSec: 0}
2021-10-10 13:46:17,750 [EventQueue-NewNodeForNewNodeHandler] INFO  pipeline.BackgroundPipelineCreator (BackgroundPipelineCreator.java:notifyEventTriggered(285)) - trigger a one-shot run on RatisPipelineUtilsThread.
2021-10-10 13:46:17,750 [RatisPipelineUtilsThread - 0] INFO  pipeline.RatisPipelineProvider (RatisPipelineProvider.java:lambda$create$0(183)) - Sending CreatePipelineCommand for pipeline:PipelineID=58ffe2e3-53bb-466b-9d55-f1a31a7042a1 to datanode:e1b2127a-933c-4bfc-a8fa-edeeb9ccf213
2021-10-10 13:46:17,751 [RatisPipelineUtilsThread - 0] INFO  pipeline.PipelineStateManagerImpl (PipelineStateManagerImpl.java:addPipeline(101)) - Created pipeline Pipeline[ Id: 58ffe2e3-53bb-466b-9d55-f1a31a7042a1, Nodes: e1b2127a-933c-4bfc-a8fa-edeeb9ccf213{ip: 10.1.0.17, host: fv-az291-460.wgnan5asplgejimfprtllbpdch.jx.internal.cloudapp.net, ports: [REPLICATION=37821, RATIS=33955, RATIS_ADMIN=33955, RATIS_SERVER=33955, STANDALONE=39177], networkLocation: /default-rack, certSerialId: null, persistedOpState: IN_SERVICE, persistedOpStateExpiryEpochSec: 0}, ReplicationConfig: RATIS/ONE, State:ALLOCATED, leaderId:, CreationTimestamp2021-10-10T13:46:17.750Z[Etc/UTC]].
2021-10-10 13:46:18,502 [Command processor thread] INFO  server.RaftServer (RaftServerProxy.java:addNew(95)) - f0a8fd88-2511-4bc8-952c-803d3ca6483c: addNew group-285B845CFB90:[f0a8fd88-2511-4bc8-952c-803d3ca6483c|rpc:10.1.0.17:45269|priority:1] returns group-285B845CFB90:java.util.concurrent.CompletableFuture@57a6c367[Not completed]
2021-10-10 13:46:18,504 [pool-505-thread-1] INFO  server.RaftServer$Division (RaftServerImpl.java:<init>(181)) - f0a8fd88-2511-4bc8-952c-803d3ca6483c: new RaftServerImpl for group-285B845CFB90:[f0a8fd88-2511-4bc8-952c-803d3ca6483c|rpc:10.1.0.17:45269|priority:1] with ContainerStateMachine:uninitialized
2021-10-10 13:46:18,521 [pool-505-thread-1] INFO  server.RaftServerConfigKeys (ConfUtils.java:logGet(44)) - raft.server.rpc.timeout.min = 5s (custom)
2021-10-10 13:46:18,521 [pool-505-thread-1] INFO  server.RaftServerConfigKeys (ConfUtils.java:logGet(44)) - raft.server.rpc.timeout.max = 5200ms (custom)
2021-10-10 13:46:18,521 [pool-505-thread-1] INFO  server.RaftServerConfigKeys (ConfUtils.java:logGet(44)) - raft.server.rpc.sleep.time = 25ms (default)
2021-10-10 13:46:18,521 [pool-505-thread-1] INFO  server.RaftServerConfigKeys (ConfUtils.java:logGet(44)) - raft.server.rpc.slowness.timeout = 300000ms (custom)
2021-10-10 13:46:18,521 [pool-505-thread-1] INFO  server.RaftServerConfigKeys (ConfUtils.java:logGet(44)) - raft.server.leaderelection.leader.step-down.wait-time = 10s (default)
2021-10-10 13:46:18,521 [pool-505-thread-1] INFO  server.RaftServerConfigKeys (ConfUtils.java:logGet(44)) - raft.server.sleep.deviation.threshold = 300ms (default)
2021-10-10 13:46:18,521 [pool-505-thread-1] INFO  server.RaftServerConfigKeys (ConfUtils.java:logGet(44)) - raft.server.log.appender.install.snapshot.enabled = false (custom)
2021-10-10 13:46:18,521 [pool-505-thread-1] INFO  server.RaftServer$Division (ServerState.java:<init>(105)) - f0a8fd88-2511-4bc8-952c-803d3ca6483c@group-285B845CFB90: ConfigurationManager, init=-1: [f0a8fd88-2511-4bc8-952c-803d3ca6483c|rpc:10.1.0.17:45269|priority:1], old=null, confs=<EMPTY_MAP>
2021-10-10 13:46:18,521 [pool-505-thread-1] INFO  server.RaftServerConfigKeys (ConfUtils.java:logGet(44)) - raft.server.storage.dir = [/home/runner/work/ozone/ozone/hadoop-ozone/integration-test/target/test-dir/MiniOzoneClusterImpl-0f145d0e-b24d-4882-976e-a7baa8a64dfe/datanode-0/data/ratis] (custom)
2021-10-10 13:46:18,522 [pool-505-thread-1] INFO  server.RaftServerConfigKeys (ConfUtils.java:logGet(44)) - raft.server.log.corruption.policy = EXCEPTION (default)
2021-10-10 13:46:18,522 [pool-505-thread-1] INFO  server.RaftServerConfigKeys (ConfUtils.java:logGet(44)) - raft.server.storage.free-space.min = 0MB (=0) (default)
2021-10-10 13:46:18,522 [pool-505-thread-1] INFO  storage.RaftStorageDirectory (RaftStorageDirectoryImpl.java:analyzeStorage(135)) - The storage directory /home/runner/work/ozone/ozone/hadoop-ozone/integration-test/target/test-dir/MiniOzoneClusterImpl-0f145d0e-b24d-4882-976e-a7baa8a64dfe/datanode-0/data/ratis/47a5560d-0a0b-4d14-a737-285b845cfb90 does not exist. Creating ...
2021-10-10 13:46:18,523 [pool-505-thread-1] INFO  storage.RaftStorageDirectory (RaftStorageDirectoryImpl.java:tryLock(230)) - Lock on /home/runner/work/ozone/ozone/hadoop-ozone/integration-test/target/test-dir/MiniOzoneClusterImpl-0f145d0e-b24d-4882-976e-a7baa8a64dfe/datanode-0/data/ratis/47a5560d-0a0b-4d14-a737-285b845cfb90/in_use.lock acquired by nodename 4979@fv-az291-460
2021-10-10 13:46:18,527 [pool-505-thread-1] INFO  storage.RaftStorage (RaftStorageImpl.java:format(89)) - Storage directory /home/runner/work/ozone/ozone/hadoop-ozone/integration-test/target/test-dir/MiniOzoneClusterImpl-0f145d0e-b24d-4882-976e-a7baa8a64dfe/datanode-0/data/ratis/47a5560d-0a0b-4d14-a737-285b845cfb90 has been successfully formatted.
2021-10-10 13:46:18,531 [Datanode State Machine Thread - 0] WARN  statemachine.StateContext (StateContext.java:execute(621)) - No available thread in pool for past 1 seconds.
2021-10-10 13:46:18,532 [EventQueue-PipelineReportForPipelineReportHandler] INFO  pipeline.PipelineManagerImpl (PipelineManagerImpl.java:openPipeline(282)) - Pipeline Pipeline[ Id: 47a5560d-0a0b-4d14-a737-285b845cfb90, Nodes: f0a8fd88-2511-4bc8-952c-803d3ca6483c{ip: 10.1.0.17, host: fv-az291-460.wgnan5asplgejimfprtllbpdch.jx.internal.cloudapp.net, ports: [REPLICATION=36125, RATIS=45269, RATIS_ADMIN=45269, RATIS_SERVER=45269, STANDALONE=37921], networkLocation: /default-rack, certSerialId: null, persistedOpState: IN_SERVICE, persistedOpStateExpiryEpochSec: 0}, ReplicationConfig: RATIS/ONE, State:ALLOCATED, leaderId:f0a8fd88-2511-4bc8-952c-803d3ca6483c, CreationTimestamp2021-10-10T13:46:15.519Z[Etc/UTC]] moved to OPEN state
2021-10-10 13:46:18,533 [pool-505-thread-1] INFO  ratis.ContainerStateMachine (ContainerStateMachine.java:loadSnapshot(224)) - group-285B845CFB90: The snapshot info is null. Setting the last applied indexto:(t:0, i:~)
2021-10-10 13:46:18,533 [pool-505-thread-1] INFO  server.RaftServerConfigKeys (ConfUtils.java:logGet(44)) - raft.server.notification.no-leader.timeout = 300000ms (custom)
2021-10-10 13:46:18,533 [pool-505-thread-1] INFO  server.RaftServerConfigKeys (ConfUtils.java:logGet(44)) - raft.server.log.use.memory = false (default)
2021-10-10 13:46:18,533 [pool-505-thread-1] INFO  server.RaftServerConfigKeys (ConfUtils.java:logGet(44)) - raft.server.log.purge.gap = 1000000 (custom)
2021-10-10 13:46:18,533 [pool-505-thread-1] INFO  server.RaftServerConfigKeys (ConfUtils.java:logGet(44)) - raft.server.log.appender.buffer.byte-limit = 33554432 (custom)
2021-10-10 13:46:18,533 [pool-505-thread-1] INFO  server.RaftServerConfigKeys (ConfUtils.java:logGet(44)) - raft.server.log.segment.size.max = 1048576 (custom)
2021-10-10 13:46:18,534 [pool-505-thread-1] INFO  server.RaftServerConfigKeys (ConfUtils.java:logGet(44)) - raft.server.log.segment.cache.num.max = 2 (custom)
2021-10-10 13:46:18,534 [pool-505-thread-1] INFO  server.RaftServerConfigKeys (ConfUtils.java:logGet(44)) - raft.server.log.segment.cache.size.max = 200MB (=209715200) (default)
2021-10-10 13:46:18,534 [pool-505-thread-1] INFO  segmented.SegmentedRaftLogWorker (SegmentedRaftLogWorker.java:<init>(182)) - new f0a8fd88-2511-4bc8-952c-803d3ca6483c@group-285B845CFB90-SegmentedRaftLogWorker for RaftStorageImpl:Storage Directory /home/runner/work/ozone/ozone/hadoop-ozone/integration-test/target/test-dir/MiniOzoneClusterImpl-0f145d0e-b24d-4882-976e-a7baa8a64dfe/datanode-0/data/ratis/47a5560d-0a0b-4d14-a737-285b845cfb90
2021-10-10 13:46:18,534 [pool-505-thread-1] INFO  server.RaftServerConfigKeys (ConfUtils.java:logGet(44)) - raft.server.log.queue.byte-limit = 2147483647 (custom)
2021-10-10 13:46:18,534 [pool-505-thread-1] INFO  server.RaftServerConfigKeys (ConfUtils.java:logGet(44)) - raft.server.log.queue.element-limit = 1024 (custom)
2021-10-10 13:46:18,534 [pool-505-thread-1] INFO  server.RaftServerConfigKeys (ConfUtils.java:logGet(44)) - raft.server.log.segment.size.max = 1048576 (custom)
2021-10-10 13:46:18,534 [pool-505-thread-1] INFO  server.RaftServerConfigKeys (ConfUtils.java:logGet(44)) - raft.server.log.preallocated.size = 16384 (custom)
2021-10-10 13:46:18,534 [pool-505-thread-1] INFO  server.RaftServerConfigKeys (ConfUtils.java:logGet(44)) - raft.server.log.force.sync.num = 128 (default)
2021-10-10 13:46:18,535 [pool-505-thread-1] INFO  server.RaftServerConfigKeys (ConfUtils.java:logGet(44)) - raft.server.log.statemachine.data.sync = true (default)
2021-10-10 13:46:18,535 [pool-505-thread-1] INFO  server.RaftServerConfigKeys (ConfUtils.java:logGet(44)) - raft.server.log.statemachine.data.sync.timeout = 10s (default)
2021-10-10 13:46:18,535 [pool-505-thread-1] INFO  server.RaftServerConfigKeys (ConfUtils.java:logGet(44)) - raft.server.log.statemachine.data.sync.timeout.retry = -1 (default)
2021-10-10 13:46:18,536 [pool-505-thread-1] INFO  server.RaftServerConfigKeys (ConfUtils.java:logGet(44)) - raft.server.log.write.buffer.size = 1048576 (custom)
2021-10-10 13:46:18,536 [pool-505-thread-1] INFO  server.RaftServerConfigKeys (ConfUtils.java:logGet(44)) - raft.server.log.statemachine.data.caching.enabled = true (custom)
2021-10-10 13:46:18,536 [pool-505-thread-1] INFO  segmented.SegmentedRaftLogWorker (SegmentedRaftLogWorker.java:lambda$new$0(133)) - f0a8fd88-2511-4bc8-952c-803d3ca6483c@group-285B845CFB90-SegmentedRaftLogWorker: flushIndex: setUnconditionally 0 -> -1
2021-10-10 13:46:18,537 [pool-505-thread-1] INFO  segmented.SegmentedRaftLogWorker (SegmentedRaftLogWorker.java:lambda$new$0(133)) - f0a8fd88-2511-4bc8-952c-803d3ca6483c@group-285B845CFB90-SegmentedRaftLogWorker: safeCacheEvictIndex: setUnconditionally 0 -> -1
2021-10-10 13:46:18,539 [pool-505-thread-1] INFO  server.RaftServerConfigKeys (ConfUtils.java:logGet(44)) - raft.server.snapshot.auto.trigger.enabled = true (custom)
2021-10-10 13:46:18,539 [pool-505-thread-1] INFO  server.RaftServerConfigKeys (ConfUtils.java:logGet(44)) - raft.server.snapshot.auto.trigger.threshold = 10000 (custom)
2021-10-10 13:46:18,539 [pool-505-thread-1] INFO  server.RaftServerConfigKeys (ConfUtils.java:logGet(44)) - raft.server.snapshot.retention.file.num = 5 (custom)
2021-10-10 13:46:18,540 [pool-505-thread-1] INFO  server.RaftServerConfigKeys (ConfUtils.java:logGet(44)) - raft.server.log.purge.upto.snapshot.index = false (default)
2021-10-10 13:46:18,540 [pool-505-thread-1] INFO  server.RaftServerConfigKeys (ConfUtils.java:logGet(44)) - raft.server.retrycache.expirytime = 600000ms (custom)
2021-10-10 13:46:18,540 [pool-505-thread-1] INFO  server.RaftServerConfigKeys (ConfUtils.java:logGet(44)) - raft.server.retrycache.statistics.expirytime = 100μs (default)
2021-10-10 13:46:18,541 [pool-505-thread-1] INFO  server.RaftServer$Division (RaftServerImpl.java:start(296)) - f0a8fd88-2511-4bc8-952c-803d3ca6483c@group-285B845CFB90: start as a follower, conf=-1: [f0a8fd88-2511-4bc8-952c-803d3ca6483c|rpc:10.1.0.17:45269|priority:1], old=null
2021-10-10 13:46:18,541 [pool-505-thread-1] INFO  server.RaftServer$Division (RaftServerImpl.java:setRole(285)) - f0a8fd88-2511-4bc8-952c-803d3ca6483c@group-285B845CFB90: changes role from      null to FOLLOWER at term 0 for startAsFollower
2021-10-10 13:46:18,541 [pool-505-thread-1] INFO  impl.RoleInfo (RoleInfo.java:updateAndGet(130)) - f0a8fd88-2511-4bc8-952c-803d3ca6483c: start f0a8fd88-2511-4bc8-952c-803d3ca6483c@group-285B845CFB90-FollowerState
2021-10-10 13:46:18,544 [pool-505-thread-1] INFO  util.JmxRegister (JmxRegister.java:tryRegister(44)) - Successfully registered JMX Bean with object name Ratis:service=RaftServer,group=group-285B845CFB90,id=f0a8fd88-2511-4bc8-952c-803d3ca6483c
2021-10-10 13:46:18,545 [Command processor thread] INFO  ratis.XceiverServerRatis (XceiverServerRatis.java:addGroup(763)) - Created group PipelineID=47a5560d-0a0b-4d14-a737-285b845cfb90
2021-10-10 13:46:18,545 [Command processor thread] INFO  commandhandler.CreatePipelineCommandHandler (CreatePipelineCommandHandler.java:handle(106)) - Created Pipeline RATIS ONE PipelineID=47a5560d-0a0b-4d14-a737-285b845cfb90.
2021-10-10 13:46:18,545 [Command processor thread] INFO  server.RaftServer (RaftServerProxy.java:addNew(95)) - f0a8fd88-2511-4bc8-952c-803d3ca6483c: addNew group-B7D4081FF85C:[c90bef4f-1c21-43c2-97aa-1f5cf6648a6f|rpc:10.1.0.17:44117|priority:0, f0a8fd88-2511-4bc8-952c-803d3ca6483c|rpc:10.1.0.17:45269|priority:1, 52be5aae-b0d8-4d04-b923-225165c5914d|rpc:10.1.0.17:37435|priority:0] returns group-B7D4081FF85C:java.util.concurrent.CompletableFuture@53994d4b[Not completed]
2021-10-10 13:46:18,546 [pool-505-thread-1] INFO  server.RaftServer$Division (RaftServerImpl.java:<init>(181)) - f0a8fd88-2511-4bc8-952c-803d3ca6483c: new RaftServerImpl for group-B7D4081FF85C:[c90bef4f-1c21-43c2-97aa-1f5cf6648a6f|rpc:10.1.0.17:44117|priority:0, f0a8fd88-2511-4bc8-952c-803d3ca6483c|rpc:10.1.0.17:45269|priority:1, 52be5aae-b0d8-4d04-b923-225165c5914d|rpc:10.1.0.17:37435|priority:0] with ContainerStateMachine:uninitialized
2021-10-10 13:46:18,546 [pool-505-thread-1] INFO  server.RaftServerConfigKeys (ConfUtils.java:logGet(44)) - raft.server.rpc.timeout.min = 5s (custom)
2021-10-10 13:46:18,546 [pool-505-thread-1] INFO  server.RaftServerConfigKeys (ConfUtils.java:logGet(44)) - raft.server.rpc.timeout.max = 5200ms (custom)
2021-10-10 13:46:18,546 [pool-505-thread-1] INFO  server.RaftServerConfigKeys (ConfUtils.java:logGet(44)) - raft.server.rpc.sleep.time = 25ms (default)
2021-10-10 13:46:18,546 [pool-505-thread-1] INFO  server.RaftServerConfigKeys (ConfUtils.java:logGet(44)) - raft.server.rpc.slowness.timeout = 300000ms (custom)
2021-10-10 13:46:18,546 [pool-505-thread-1] INFO  server.RaftServerConfigKeys (ConfUtils.java:logGet(44)) - raft.server.leaderelection.leader.step-down.wait-time = 10s (default)
2021-10-10 13:46:18,546 [pool-505-thread-1] INFO  server.RaftServerConfigKeys (ConfUtils.java:logGet(44)) - raft.server.sleep.deviation.threshold = 300ms (default)
2021-10-10 13:46:18,546 [pool-505-thread-1] INFO  server.RaftServerConfigKeys (ConfUtils.java:logGet(44)) - raft.server.log.appender.install.snapshot.enabled = false (custom)
2021-10-10 13:46:18,546 [pool-505-thread-1] INFO  server.RaftServer$Division (ServerState.java:<init>(105)) - f0a8fd88-2511-4bc8-952c-803d3ca6483c@group-B7D4081FF85C: ConfigurationManager, init=-1: [c90bef4f-1c21-43c2-97aa-1f5cf6648a6f|rpc:10.1.0.17:44117|priority:0, f0a8fd88-2511-4bc8-952c-803d3ca6483c|rpc:10.1.0.17:45269|priority:1, 52be5aae-b0d8-4d04-b923-225165c5914d|rpc:10.1.0.17:37435|priority:0], old=null, confs=<EMPTY_MAP>
2021-10-10 13:46:18,546 [pool-505-thread-1] INFO  server.RaftServerConfigKeys (ConfUtils.java:logGet(44)) - raft.server.storage.dir = [/home/runner/work/ozone/ozone/hadoop-ozone/integration-test/target/test-dir/MiniOzoneClusterImpl-0f145d0e-b24d-4882-976e-a7baa8a64dfe/datanode-0/data/ratis] (custom)
2021-10-10 13:46:18,547 [pool-505-thread-1] INFO  server.RaftServerConfigKeys (ConfUtils.java:logGet(44)) - raft.server.log.corruption.policy = EXCEPTION (default)
2021-10-10 13:46:18,547 [pool-505-thread-1] INFO  server.RaftServerConfigKeys (ConfUtils.java:logGet(44)) - raft.server.storage.free-space.min = 0MB (=0) (default)
2021-10-10 13:46:18,547 [pool-505-thread-1] INFO  storage.RaftStorageDirectory (RaftStorageDirectoryImpl.java:analyzeStorage(135)) - The storage directory /home/runner/work/ozone/ozone/hadoop-ozone/integration-test/target/test-dir/MiniOzoneClusterImpl-0f145d0e-b24d-4882-976e-a7baa8a64dfe/datanode-0/data/ratis/ea9209b1-93eb-495a-8c26-b7d4081ff85c does not exist. Creating ...
2021-10-10 13:46:18,549 [pool-505-thread-1] INFO  storage.RaftStorageDirectory (RaftStorageDirectoryImpl.java:tryLock(230)) - Lock on /home/runner/work/ozone/ozone/hadoop-ozone/integration-test/target/test-dir/MiniOzoneClusterImpl-0f145d0e-b24d-4882-976e-a7baa8a64dfe/datanode-0/data/ratis/ea9209b1-93eb-495a-8c26-b7d4081ff85c/in_use.lock acquired by nodename 4979@fv-az291-460
2021-10-10 13:46:18,551 [pool-505-thread-1] INFO  storage.RaftStorage (RaftStorageImpl.java:format(89)) - Storage directory /home/runner/work/ozone/ozone/hadoop-ozone/integration-test/target/test-dir/MiniOzoneClusterImpl-0f145d0e-b24d-4882-976e-a7baa8a64dfe/datanode-0/data/ratis/ea9209b1-93eb-495a-8c26-b7d4081ff85c has been successfully formatted.
2021-10-10 13:46:18,552 [pool-505-thread-1] INFO  ratis.ContainerStateMachine (ContainerStateMachine.java:loadSnapshot(224)) - group-B7D4081FF85C: The snapshot info is null. Setting the last applied indexto:(t:0, i:~)
2021-10-10 13:46:18,552 [Datanode State Machine Thread - 0] WARN  statemachine.StateContext (StateContext.java:execute(621)) - No available thread in pool for past 1 seconds.
2021-10-10 13:46:18,552 [pool-505-thread-1] INFO  server.RaftServerConfigKeys (ConfUtils.java:logGet(44)) - raft.server.notification.no-leader.timeout = 300000ms (custom)
2021-10-10 13:46:18,552 [pool-505-thread-1] INFO  server.RaftServerConfigKeys (ConfUtils.java:logGet(44)) - raft.server.log.use.memory = false (default)
2021-10-10 13:46:18,552 [pool-505-thread-1] INFO  server.RaftServerConfigKeys (ConfUtils.java:logGet(44)) - raft.server.log.purge.gap = 1000000 (custom)
2021-10-10 13:46:18,552 [pool-505-thread-1] INFO  server.RaftServerConfigKeys (ConfUtils.java:logGet(44)) - raft.server.log.appender.buffer.byte-limit = 33554432 (custom)
2021-10-10 13:46:18,552 [pool-505-thread-1] INFO  server.RaftServerConfigKeys (ConfUtils.java:logGet(44)) - raft.server.log.segment.size.max = 1048576 (custom)
2021-10-10 13:46:18,552 [pool-505-thread-1] INFO  server.RaftServerConfigKeys (ConfUtils.java:logGet(44)) - raft.server.log.segment.cache.num.max = 2 (custom)
2021-10-10 13:46:18,552 [pool-505-thread-1] INFO  server.RaftServerConfigKeys (ConfUtils.java:logGet(44)) - raft.server.log.segment.cache.size.max = 200MB (=209715200) (default)
2021-10-10 13:46:18,552 [pool-505-thread-1] INFO  segmented.SegmentedRaftLogWorker (SegmentedRaftLogWorker.java:<init>(182)) - new f0a8fd88-2511-4bc8-952c-803d3ca6483c@group-B7D4081FF85C-SegmentedRaftLogWorker for RaftStorageImpl:Storage Directory /home/runner/work/ozone/ozone/hadoop-ozone/integration-test/target/test-dir/MiniOzoneClusterImpl-0f145d0e-b24d-4882-976e-a7baa8a64dfe/datanode-0/data/ratis/ea9209b1-93eb-495a-8c26-b7d4081ff85c
2021-10-10 13:46:18,553 [pool-505-thread-1] INFO  server.RaftServerConfigKeys (ConfUtils.java:logGet(44)) - raft.server.log.queue.byte-limit = 2147483647 (custom)
2021-10-10 13:46:18,553 [pool-505-thread-1] INFO  server.RaftServerConfigKeys (ConfUtils.java:logGet(44)) - raft.server.log.queue.element-limit = 1024 (custom)
2021-10-10 13:46:18,553 [pool-505-thread-1] INFO  server.RaftServerConfigKeys (ConfUtils.java:logGet(44)) - raft.server.log.segment.size.max = 1048576 (custom)
2021-10-10 13:46:18,553 [pool-505-thread-1] INFO  server.RaftServerConfigKeys (ConfUtils.java:logGet(44)) - raft.server.log.preallocated.size = 16384 (custom)
2021-10-10 13:46:18,553 [pool-505-thread-1] INFO  server.RaftServerConfigKeys (ConfUtils.java:logGet(44)) - raft.server.log.force.sync.num = 128 (default)
2021-10-10 13:46:18,553 [pool-505-thread-1] INFO  server.RaftServerConfigKeys (ConfUtils.java:logGet(44)) - raft.server.log.statemachine.data.sync = true (default)
2021-10-10 13:46:18,553 [pool-505-thread-1] INFO  server.RaftServerConfigKeys (ConfUtils.java:logGet(44)) - raft.server.log.statemachine.data.sync.timeout = 10s (default)
2021-10-10 13:46:18,553 [pool-505-thread-1] INFO  server.RaftServerConfigKeys (ConfUtils.java:logGet(44)) - raft.server.log.statemachine.data.sync.timeout.retry = -1 (default)
2021-10-10 13:46:18,554 [pool-505-thread-1] INFO  server.RaftServerConfigKeys (ConfUtils.java:logGet(44)) - raft.server.log.write.buffer.size = 1048576 (custom)
2021-10-10 13:46:18,554 [pool-505-thread-1] INFO  server.RaftServerConfigKeys (ConfUtils.java:logGet(44)) - raft.server.log.statemachine.data.caching.enabled = true (custom)
2021-10-10 13:46:18,555 [pool-505-thread-1] INFO  segmented.SegmentedRaftLogWorker (SegmentedRaftLogWorker.java:lambda$new$0(133)) - f0a8fd88-2511-4bc8-952c-803d3ca6483c@group-B7D4081FF85C-SegmentedRaftLogWorker: flushIndex: setUnconditionally 0 -> -1
2021-10-10 13:46:18,555 [pool-505-thread-1] INFO  segmented.SegmentedRaftLogWorker (SegmentedRaftLogWorker.java:lambda$new$0(133)) - f0a8fd88-2511-4bc8-952c-803d3ca6483c@group-B7D4081FF85C-SegmentedRaftLogWorker: safeCacheEvictIndex: setUnconditionally 0 -> -1
2021-10-10 13:46:18,555 [pool-505-thread-1] INFO  server.RaftServerConfigKeys (ConfUtils.java:logGet(44)) - raft.server.snapshot.auto.trigger.enabled = true (custom)
2021-10-10 13:46:18,555 [pool-505-thread-1] INFO  server.RaftServerConfigKeys (ConfUtils.java:logGet(44)) - raft.server.snapshot.auto.trigger.threshold = 10000 (custom)
2021-10-10 13:46:18,555 [pool-505-thread-1] INFO  server.RaftServerConfigKeys (ConfUtils.java:logGet(44)) - raft.server.snapshot.retention.file.num = 5 (custom)
2021-10-10 13:46:18,555 [pool-505-thread-1] INFO  server.RaftServerConfigKeys (ConfUtils.java:logGet(44)) - raft.server.log.purge.upto.snapshot.index = false (default)
2021-10-10 13:46:18,555 [pool-505-thread-1] INFO  server.RaftServerConfigKeys (ConfUtils.java:logGet(44)) - raft.server.retrycache.expirytime = 600000ms (custom)
2021-10-10 13:46:18,555 [pool-505-thread-1] INFO  server.RaftServerConfigKeys (ConfUtils.java:logGet(44)) - raft.server.retrycache.statistics.expirytime = 100μs (default)
2021-10-10 13:46:18,556 [pool-505-thread-1] INFO  server.RaftServer$Division (RaftServerImpl.java:start(296)) - f0a8fd88-2511-4bc8-952c-803d3ca6483c@group-B7D4081FF85C: start as a follower, conf=-1: [c90bef4f-1c21-43c2-97aa-1f5cf6648a6f|rpc:10.1.0.17:44117|priority:0, f0a8fd88-2511-4bc8-952c-803d3ca6483c|rpc:10.1.0.17:45269|priority:1, 52be5aae-b0d8-4d04-b923-225165c5914d|rpc:10.1.0.17:37435|priority:0], old=null
2021-10-10 13:46:18,556 [pool-505-thread-1] INFO  server.RaftServer$Division (RaftServerImpl.java:setRole(285)) - f0a8fd88-2511-4bc8-952c-803d3ca6483c@group-B7D4081FF85C: changes role from      null to FOLLOWER at term 0 for startAsFollower
2021-10-10 13:46:18,556 [pool-505-thread-1] INFO  impl.RoleInfo (RoleInfo.java:updateAndGet(130)) - f0a8fd88-2511-4bc8-952c-803d3ca6483c: start f0a8fd88-2511-4bc8-952c-803d3ca6483c@group-B7D4081FF85C-FollowerState
2021-10-10 13:46:18,557 [pool-505-thread-1] INFO  util.JmxRegister (JmxRegister.java:tryRegister(44)) - Successfully registered JMX Bean with object name Ratis:service=RaftServer,group=group-B7D4081FF85C,id=f0a8fd88-2511-4bc8-952c-803d3ca6483c
2021-10-10 13:46:18,557 [Command processor thread] INFO  ratis.XceiverServerRatis (XceiverServerRatis.java:addGroup(763)) - Created group PipelineID=ea9209b1-93eb-495a-8c26-b7d4081ff85c
2021-10-10 13:46:18,608 [EventQueue-OpenPipelineForHealthyPipelineSafeModeRule] INFO  safemode.SCMSafeModeManager (HealthyPipelineSafeModeRule.java:process(124)) - SCM in safe mode. Healthy pipelines reported count is 0, required healthy pipeline reported count is 1
2021-10-10 13:46:18,608 [EventQueue-OpenPipelineForHealthyPipelineSafeModeRule] INFO  safemode.SCMSafeModeManager (HealthyPipelineSafeModeRule.java:process(124)) - SCM in safe mode. Healthy pipelines reported count is 0, required healthy pipeline reported count is 1
2021-10-10 13:46:18,659 [grpc-default-executor-2] INFO  server.RaftServer (RaftServerProxy.java:addNew(95)) - c90bef4f-1c21-43c2-97aa-1f5cf6648a6f: addNew group-B7D4081FF85C:[c90bef4f-1c21-43c2-97aa-1f5cf6648a6f|rpc:10.1.0.17:44117|dataStream:|priority:0, f0a8fd88-2511-4bc8-952c-803d3ca6483c|rpc:10.1.0.17:45269|dataStream:|priority:1, 52be5aae-b0d8-4d04-b923-225165c5914d|rpc:10.1.0.17:37435|dataStream:|priority:0] returns group-B7D4081FF85C:java.util.concurrent.CompletableFuture@d945ebf[Not completed]
2021-10-10 13:46:18,661 [pool-524-thread-1] INFO  server.RaftServer$Division (RaftServerImpl.java:<init>(181)) - c90bef4f-1c21-43c2-97aa-1f5cf6648a6f: new RaftServerImpl for group-B7D4081FF85C:[c90bef4f-1c21-43c2-97aa-1f5cf6648a6f|rpc:10.1.0.17:44117|dataStream:|priority:0, f0a8fd88-2511-4bc8-952c-803d3ca6483c|rpc:10.1.0.17:45269|dataStream:|priority:1, 52be5aae-b0d8-4d04-b923-225165c5914d|rpc:10.1.0.17:37435|dataStream:|priority:0] with ContainerStateMachine:uninitialized
2021-10-10 13:46:18,664 [pool-524-thread-1] INFO  server.RaftServerConfigKeys (ConfUtils.java:logGet(44)) - raft.server.rpc.timeout.min = 5s (custom)
2021-10-10 13:46:18,667 [pool-524-thread-1] INFO  server.RaftServerConfigKeys (ConfUtils.java:logGet(44)) - raft.server.rpc.timeout.max = 5200ms (custom)
2021-10-10 13:46:18,668 [pool-524-thread-1] INFO  server.RaftServerConfigKeys (ConfUtils.java:logGet(44)) - raft.server.rpc.sleep.time = 25ms (default)
2021-10-10 13:46:18,668 [pool-524-thread-1] INFO  server.RaftServerConfigKeys (ConfUtils.java:logGet(44)) - raft.server.rpc.slowness.timeout = 300000ms (custom)
2021-10-10 13:46:18,668 [pool-524-thread-1] INFO  server.RaftServerConfigKeys (ConfUtils.java:logGet(44)) - raft.server.leaderelection.leader.step-down.wait-time = 10s (default)
2021-10-10 13:46:18,668 [pool-524-thread-1] INFO  server.RaftServerConfigKeys (ConfUtils.java:logGet(44)) - raft.server.sleep.deviation.threshold = 300ms (default)
2021-10-10 13:46:18,668 [pool-524-thread-1] INFO  server.RaftServerConfigKeys (ConfUtils.java:logGet(44)) - raft.server.log.appender.install.snapshot.enabled = false (custom)
2021-10-10 13:46:18,668 [pool-524-thread-1] INFO  server.RaftServer$Division (ServerState.java:<init>(105)) - c90bef4f-1c21-43c2-97aa-1f5cf6648a6f@group-B7D4081FF85C: ConfigurationManager, init=-1: [c90bef4f-1c21-43c2-97aa-1f5cf6648a6f|rpc:10.1.0.17:44117|dataStream:|priority:0, f0a8fd88-2511-4bc8-952c-803d3ca6483c|rpc:10.1.0.17:45269|dataStream:|priority:1, 52be5aae-b0d8-4d04-b923-225165c5914d|rpc:10.1.0.17:37435|dataStream:|priority:0], old=null, confs=<EMPTY_MAP>
2021-10-10 13:46:18,668 [pool-524-thread-1] INFO  server.RaftServerConfigKeys (ConfUtils.java:logGet(44)) - raft.server.storage.dir = [/home/runner/work/ozone/ozone/hadoop-ozone/integration-test/target/test-dir/MiniOzoneClusterImpl-0f145d0e-b24d-4882-976e-a7baa8a64dfe/datanode-1/data/ratis] (custom)
2021-10-10 13:46:18,668 [pool-524-thread-1] INFO  server.RaftServerConfigKeys (ConfUtils.java:logGet(44)) - raft.server.log.corruption.policy = EXCEPTION (default)
2021-10-10 13:46:18,668 [pool-524-thread-1] INFO  server.RaftServerConfigKeys (ConfUtils.java:logGet(44)) - raft.server.storage.free-space.min = 0MB (=0) (default)
2021-10-10 13:46:18,668 [pool-524-thread-1] INFO  storage.RaftStorageDirectory (RaftStorageDirectoryImpl.java:analyzeStorage(135)) - The storage directory /home/runner/work/ozone/ozone/hadoop-ozone/integration-test/target/test-dir/MiniOzoneClusterImpl-0f145d0e-b24d-4882-976e-a7baa8a64dfe/datanode-1/data/ratis/ea9209b1-93eb-495a-8c26-b7d4081ff85c does not exist. Creating ...
2021-10-10 13:46:18,670 [pool-524-thread-1] INFO  storage.RaftStorageDirectory (RaftStorageDirectoryImpl.java:tryLock(230)) - Lock on /home/runner/work/ozone/ozone/hadoop-ozone/integration-test/target/test-dir/MiniOzoneClusterImpl-0f145d0e-b24d-4882-976e-a7baa8a64dfe/datanode-1/data/ratis/ea9209b1-93eb-495a-8c26-b7d4081ff85c/in_use.lock acquired by nodename 4979@fv-az291-460
2021-10-10 13:46:18,675 [pool-524-thread-1] INFO  storage.RaftStorage (RaftStorageImpl.java:format(89)) - Storage directory /home/runner/work/ozone/ozone/hadoop-ozone/integration-test/target/test-dir/MiniOzoneClusterImpl-0f145d0e-b24d-4882-976e-a7baa8a64dfe/datanode-1/data/ratis/ea9209b1-93eb-495a-8c26-b7d4081ff85c has been successfully formatted.
2021-10-10 13:46:18,703 [Listener at 127.0.0.1/44821] INFO  ozone.MiniOzoneClusterImpl (MiniOzoneClusterImpl.java:lambda$waitForClusterToBeReady$0(235)) - Nodes are ready. Got 7 of 7 DN Heartbeats.
2021-10-10 13:46:18,703 [Listener at 127.0.0.1/44821] INFO  ozone.MiniOzoneClusterImpl (MiniOzoneClusterImpl.java:lambda$waitForClusterToBeReady$0(238)) - Waiting for cluster to exit safe mode
2021-10-10 13:46:18,703 [Listener at 127.0.0.1/44821] INFO  ozone.MiniOzoneClusterImpl (MiniOzoneClusterImpl.java:lambda$waitForClusterToBeReady$0(240)) - SCM became leader
2021-10-10 13:46:18,707 [pool-524-thread-1] INFO  ratis.ContainerStateMachine (ContainerStateMachine.java:loadSnapshot(224)) - group-B7D4081FF85C: The snapshot info is null. Setting the last applied indexto:(t:0, i:~)
2021-10-10 13:46:18,707 [pool-524-thread-1] INFO  server.RaftServerConfigKeys (ConfUtils.java:logGet(44)) - raft.server.notification.no-leader.timeout = 300000ms (custom)
2021-10-10 13:46:18,707 [pool-524-thread-1] INFO  server.RaftServerConfigKeys (ConfUtils.java:logGet(44)) - raft.server.log.use.memory = false (default)
2021-10-10 13:46:18,708 [pool-524-thread-1] INFO  server.RaftServerConfigKeys (ConfUtils.java:logGet(44)) - raft.server.log.purge.gap = 1000000 (custom)
2021-10-10 13:46:18,708 [pool-524-thread-1] INFO  server.RaftServerConfigKeys (ConfUtils.java:logGet(44)) - raft.server.log.appender.buffer.byte-limit = 33554432 (custom)
2021-10-10 13:46:18,708 [pool-524-thread-1] INFO  server.RaftServerConfigKeys (ConfUtils.java:logGet(44)) - raft.server.log.segment.size.max = 1048576 (custom)
2021-10-10 13:46:18,708 [pool-524-thread-1] INFO  server.RaftServerConfigKeys (ConfUtils.java:logGet(44)) - raft.server.log.segment.cache.num.max = 2 (custom)
2021-10-10 13:46:18,711 [pool-524-thread-1] INFO  server.RaftServerConfigKeys (ConfUtils.java:logGet(44)) - raft.server.log.segment.cache.size.max = 200MB (=209715200) (default)
2021-10-10 13:46:18,711 [pool-524-thread-1] INFO  segmented.SegmentedRaftLogWorker (SegmentedRaftLogWorker.java:<init>(182)) - new c90bef4f-1c21-43c2-97aa-1f5cf6648a6f@group-B7D4081FF85C-SegmentedRaftLogWorker for RaftStorageImpl:Storage Directory /home/runner/work/ozone/ozone/hadoop-ozone/integration-test/target/test-dir/MiniOzoneClusterImpl-0f145d0e-b24d-4882-976e-a7baa8a64dfe/datanode-1/data/ratis/ea9209b1-93eb-495a-8c26-b7d4081ff85c
2021-10-10 13:46:18,711 [pool-524-thread-1] INFO  server.RaftServerConfigKeys (ConfUtils.java:logGet(44)) - raft.server.log.queue.byte-limit = 2147483647 (custom)
2021-10-10 13:46:18,712 [pool-524-thread-1] INFO  server.RaftServerConfigKeys (ConfUtils.java:logGet(44)) - raft.server.log.queue.element-limit = 1024 (custom)
2021-10-10 13:46:18,712 [pool-524-thread-1] INFO  server.RaftServerConfigKeys (ConfUtils.java:logGet(44)) - raft.server.log.segment.size.max = 1048576 (custom)
2021-10-10 13:46:18,712 [pool-524-thread-1] INFO  server.RaftServerConfigKeys (ConfUtils.java:logGet(44)) - raft.server.log.preallocated.size = 16384 (custom)
2021-10-10 13:46:18,712 [pool-524-thread-1] INFO  server.RaftServerConfigKeys (ConfUtils.java:logGet(44)) - raft.server.log.force.sync.num = 128 (default)
2021-10-10 13:46:18,712 [pool-524-thread-1] INFO  server.RaftServerConfigKeys (ConfUtils.java:logGet(44)) - raft.server.log.statemachine.data.sync = true (default)
2021-10-10 13:46:18,712 [pool-524-thread-1] INFO  server.RaftServerConfigKeys (ConfUtils.java:logGet(44)) - raft.server.log.statemachine.data.sync.timeout = 10s (default)
2021-10-10 13:46:18,712 [pool-524-thread-1] INFO  server.RaftServerConfigKeys (ConfUtils.java:logGet(44)) - raft.server.log.statemachine.data.sync.timeout.retry = -1 (default)
2021-10-10 13:46:18,713 [pool-524-thread-1] INFO  server.RaftServerConfigKeys (ConfUtils.java:logGet(44)) - raft.server.log.write.buffer.size = 1048576 (custom)
2021-10-10 13:46:18,714 [pool-524-thread-1] INFO  server.RaftServerConfigKeys (ConfUtils.java:logGet(44)) - raft.server.log.statemachine.data.caching.enabled = true (custom)
2021-10-10 13:46:18,714 [pool-524-thread-1] INFO  segmented.SegmentedRaftLogWorker (SegmentedRaftLogWorker.java:lambda$new$0(133)) - c90bef4f-1c21-43c2-97aa-1f5cf6648a6f@group-B7D4081FF85C-SegmentedRaftLogWorker: flushIndex: setUnconditionally 0 -> -1
2021-10-10 13:46:18,715 [pool-524-thread-1] INFO  segmented.SegmentedRaftLogWorker (SegmentedRaftLogWorker.java:lambda$new$0(133)) - c90bef4f-1c21-43c2-97aa-1f5cf6648a6f@group-B7D4081FF85C-SegmentedRaftLogWorker: safeCacheEvictIndex: setUnconditionally 0 -> -1
2021-10-10 13:46:18,718 [pool-524-thread-1] INFO  server.RaftServerConfigKeys (ConfUtils.java:logGet(44)) - raft.server.snapshot.auto.trigger.enabled = true (custom)
2021-10-10 13:46:18,718 [pool-524-thread-1] INFO  server.RaftServerConfigKeys (ConfUtils.java:logGet(44)) - raft.server.snapshot.auto.trigger.threshold = 10000 (custom)
2021-10-10 13:46:18,718 [pool-524-thread-1] INFO  server.RaftServerConfigKeys (ConfUtils.java:logGet(44)) - raft.server.snapshot.retention.file.num = 5 (custom)
2021-10-10 13:46:18,718 [pool-524-thread-1] INFO  server.RaftServerConfigKeys (ConfUtils.java:logGet(44)) - raft.server.log.purge.upto.snapshot.index = false (default)
2021-10-10 13:46:18,718 [pool-524-thread-1] INFO  server.RaftServerConfigKeys (ConfUtils.java:logGet(44)) - raft.server.retrycache.expirytime = 600000ms (custom)
2021-10-10 13:46:18,719 [pool-524-thread-1] INFO  server.RaftServerConfigKeys (ConfUtils.java:logGet(44)) - raft.server.retrycache.statistics.expirytime = 100μs (default)
2021-10-10 13:46:18,723 [pool-524-thread-1] INFO  server.RaftServer$Division (RaftServerImpl.java:start(296)) - c90bef4f-1c21-43c2-97aa-1f5cf6648a6f@group-B7D4081FF85C: start as a follower, conf=-1: [c90bef4f-1c21-43c2-97aa-1f5cf6648a6f|rpc:10.1.0.17:44117|dataStream:|priority:0, f0a8fd88-2511-4bc8-952c-803d3ca6483c|rpc:10.1.0.17:45269|dataStream:|priority:1, 52be5aae-b0d8-4d04-b923-225165c5914d|rpc:10.1.0.17:37435|dataStream:|priority:0], old=null
2021-10-10 13:46:18,723 [pool-524-thread-1] INFO  server.RaftServer$Division (RaftServerImpl.java:setRole(285)) - c90bef4f-1c21-43c2-97aa-1f5cf6648a6f@group-B7D4081FF85C: changes role from      null to FOLLOWER at term 0 for startAsFollower
2021-10-10 13:46:18,724 [pool-524-thread-1] INFO  impl.RoleInfo (RoleInfo.java:updateAndGet(130)) - c90bef4f-1c21-43c2-97aa-1f5cf6648a6f: start c90bef4f-1c21-43c2-97aa-1f5cf6648a6f@group-B7D4081FF85C-FollowerState
2021-10-10 13:46:18,729 [pool-524-thread-1] INFO  util.JmxRegister (JmxRegister.java:tryRegister(44)) - Successfully registered JMX Bean with object name Ratis:service=RaftServer,group=group-B7D4081FF85C,id=c90bef4f-1c21-43c2-97aa-1f5cf6648a6f
2021-10-10 13:46:18,767 [grpc-default-executor-2] INFO  server.RaftServer (RaftServerProxy.java:addNew(95)) - 52be5aae-b0d8-4d04-b923-225165c5914d: addNew group-B7D4081FF85C:[c90bef4f-1c21-43c2-97aa-1f5cf6648a6f|rpc:10.1.0.17:44117|dataStream:|priority:0, f0a8fd88-2511-4bc8-952c-803d3ca6483c|rpc:10.1.0.17:45269|dataStream:|priority:1, 52be5aae-b0d8-4d04-b923-225165c5914d|rpc:10.1.0.17:37435|dataStream:|priority:0] returns group-B7D4081FF85C:java.util.concurrent.CompletableFuture@47e06dfe[Not completed]
2021-10-10 13:46:18,776 [pool-543-thread-1] INFO  server.RaftServer$Division (RaftServerImpl.java:<init>(181)) - 52be5aae-b0d8-4d04-b923-225165c5914d: new RaftServerImpl for group-B7D4081FF85C:[c90bef4f-1c21-43c2-97aa-1f5cf6648a6f|rpc:10.1.0.17:44117|dataStream:|priority:0, f0a8fd88-2511-4bc8-952c-803d3ca6483c|rpc:10.1.0.17:45269|dataStream:|priority:1, 52be5aae-b0d8-4d04-b923-225165c5914d|rpc:10.1.0.17:37435|dataStream:|priority:0] with ContainerStateMachine:uninitialized
2021-10-10 13:46:18,782 [pool-543-thread-1] INFO  server.RaftServerConfigKeys (ConfUtils.java:logGet(44)) - raft.server.rpc.timeout.min = 5s (custom)
2021-10-10 13:46:18,782 [pool-543-thread-1] INFO  server.RaftServerConfigKeys (ConfUtils.java:logGet(44)) - raft.server.rpc.timeout.max = 5200ms (custom)
2021-10-10 13:46:18,783 [pool-543-thread-1] INFO  server.RaftServerConfigKeys (ConfUtils.java:logGet(44)) - raft.server.rpc.sleep.time = 25ms (default)
2021-10-10 13:46:18,783 [pool-543-thread-1] INFO  server.RaftServerConfigKeys (ConfUtils.java:logGet(44)) - raft.server.rpc.slowness.timeout = 300000ms (custom)
2021-10-10 13:46:18,783 [pool-543-thread-1] INFO  server.RaftServerConfigKeys (ConfUtils.java:logGet(44)) - raft.server.leaderelection.leader.step-down.wait-time = 10s (default)
2021-10-10 13:46:18,783 [pool-543-thread-1] INFO  server.RaftServerConfigKeys (ConfUtils.java:logGet(44)) - raft.server.sleep.deviation.threshold = 300ms (default)
2021-10-10 13:46:18,783 [pool-543-thread-1] INFO  server.RaftServerConfigKeys (ConfUtils.java:logGet(44)) - raft.server.log.appender.install.snapshot.enabled = false (custom)
2021-10-10 13:46:18,783 [pool-543-thread-1] INFO  server.RaftServer$Division (ServerState.java:<init>(105)) - 52be5aae-b0d8-4d04-b923-225165c5914d@group-B7D4081FF85C: ConfigurationManager, init=-1: [c90bef4f-1c21-43c2-97aa-1f5cf6648a6f|rpc:10.1.0.17:44117|dataStream:|priority:0, f0a8fd88-2511-4bc8-952c-803d3ca6483c|rpc:10.1.0.17:45269|dataStream:|priority:1, 52be5aae-b0d8-4d04-b923-225165c5914d|rpc:10.1.0.17:37435|dataStream:|priority:0], old=null, confs=<EMPTY_MAP>
2021-10-10 13:46:18,783 [pool-543-thread-1] INFO  server.RaftServerConfigKeys (ConfUtils.java:logGet(44)) - raft.server.storage.dir = [/home/runner/work/ozone/ozone/hadoop-ozone/integration-test/target/test-dir/MiniOzoneClusterImpl-0f145d0e-b24d-4882-976e-a7baa8a64dfe/datanode-2/data/ratis] (custom)
2021-10-10 13:46:18,784 [pool-543-thread-1] INFO  server.RaftServerConfigKeys (ConfUtils.java:logGet(44)) - raft.server.log.corruption.policy = EXCEPTION (default)
2021-10-10 13:46:18,784 [pool-543-thread-1] INFO  server.RaftServerConfigKeys (ConfUtils.java:logGet(44)) - raft.server.storage.free-space.min = 0MB (=0) (default)
2021-10-10 13:46:18,784 [pool-543-thread-1] INFO  storage.RaftStorageDirectory (RaftStorageDirectoryImpl.java:analyzeStorage(135)) - The storage directory /home/runner/work/ozone/ozone/hadoop-ozone/integration-test/target/test-dir/MiniOzoneClusterImpl-0f145d0e-b24d-4882-976e-a7baa8a64dfe/datanode-2/data/ratis/ea9209b1-93eb-495a-8c26-b7d4081ff85c does not exist. Creating ...
2021-10-10 13:46:18,792 [Command processor thread] INFO  server.RaftServer (RaftServerProxy.java:addNew(95)) - c90bef4f-1c21-43c2-97aa-1f5cf6648a6f: addNew group-FB8E1BDD31C6:[c90bef4f-1c21-43c2-97aa-1f5cf6648a6f|rpc:10.1.0.17:44117|priority:1] returns group-FB8E1BDD31C6:java.util.concurrent.CompletableFuture@7449a499[Not completed]
2021-10-10 13:46:18,793 [pool-524-thread-1] INFO  server.RaftServer$Division (RaftServerImpl.java:<init>(181)) - c90bef4f-1c21-43c2-97aa-1f5cf6648a6f: new RaftServerImpl for group-FB8E1BDD31C6:[c90bef4f-1c21-43c2-97aa-1f5cf6648a6f|rpc:10.1.0.17:44117|priority:1] with ContainerStateMachine:uninitialized
2021-10-10 13:46:18,793 [pool-524-thread-1] INFO  server.RaftServerConfigKeys (ConfUtils.java:logGet(44)) - raft.server.rpc.timeout.min = 5s (custom)
2021-10-10 13:46:18,793 [pool-524-thread-1] INFO  server.RaftServerConfigKeys (ConfUtils.java:logGet(44)) - raft.server.rpc.timeout.max = 5200ms (custom)
2021-10-10 13:46:18,793 [pool-524-thread-1] INFO  server.RaftServerConfigKeys (ConfUtils.java:logGet(44)) - raft.server.rpc.sleep.time = 25ms (default)
2021-10-10 13:46:18,793 [pool-524-thread-1] INFO  server.RaftServerConfigKeys (ConfUtils.java:logGet(44)) - raft.server.rpc.slowness.timeout = 300000ms (custom)
2021-10-10 13:46:18,793 [pool-524-thread-1] INFO  server.RaftServerConfigKeys (ConfUtils.java:logGet(44)) - raft.server.leaderelection.leader.step-down.wait-time = 10s (default)
2021-10-10 13:46:18,793 [pool-524-thread-1] INFO  server.RaftServerConfigKeys (ConfUtils.java:logGet(44)) - raft.server.sleep.deviation.threshold = 300ms (default)
2021-10-10 13:46:18,793 [pool-524-thread-1] INFO  server.RaftServerConfigKeys (ConfUtils.java:logGet(44)) - raft.server.log.appender.install.snapshot.enabled = false (custom)
2021-10-10 13:46:18,793 [pool-524-thread-1] INFO  server.RaftServer$Division (ServerState.java:<init>(105)) - c90bef4f-1c21-43c2-97aa-1f5cf6648a6f@group-FB8E1BDD31C6: ConfigurationManager, init=-1: [c90bef4f-1c21-43c2-97aa-1f5cf6648a6f|rpc:10.1.0.17:44117|priority:1], old=null, confs=<EMPTY_MAP>
2021-10-10 13:46:18,793 [pool-524-thread-1] INFO  server.RaftServerConfigKeys (ConfUtils.java:logGet(44)) - raft.server.storage.dir = [/home/runner/work/ozone/ozone/hadoop-ozone/integration-test/target/test-dir/MiniOzoneClusterImpl-0f145d0e-b24d-4882-976e-a7baa8a64dfe/datanode-1/data/ratis] (custom)
2021-10-10 13:46:18,793 [pool-524-thread-1] INFO  server.RaftServerConfigKeys (ConfUtils.java:logGet(44)) - raft.server.log.corruption.policy = EXCEPTION (default)
2021-10-10 13:46:18,793 [pool-524-thread-1] INFO  server.RaftServerConfigKeys (ConfUtils.java:logGet(44)) - raft.server.storage.free-space.min = 0MB (=0) (default)
2021-10-10 13:46:18,793 [pool-524-thread-1] INFO  storage.RaftStorageDirectory (RaftStorageDirectoryImpl.java:analyzeStorage(135)) - The storage directory /home/runner/work/ozone/ozone/hadoop-ozone/integration-test/target/test-dir/MiniOzoneClusterImpl-0f145d0e-b24d-4882-976e-a7baa8a64dfe/datanode-1/data/ratis/3392ea42-86df-40ab-b9c0-fb8e1bdd31c6 does not exist. Creating ...
2021-10-10 13:46:18,795 [pool-524-thread-1] INFO  storage.RaftStorageDirectory (RaftStorageDirectoryImpl.java:tryLock(230)) - Lock on /home/runner/work/ozone/ozone/hadoop-ozone/integration-test/target/test-dir/MiniOzoneClusterImpl-0f145d0e-b24d-4882-976e-a7baa8a64dfe/datanode-1/data/ratis/3392ea42-86df-40ab-b9c0-fb8e1bdd31c6/in_use.lock acquired by nodename 4979@fv-az291-460
2021-10-10 13:46:18,798 [pool-524-thread-1] INFO  storage.RaftStorage (RaftStorageImpl.java:format(89)) - Storage directory /home/runner/work/ozone/ozone/hadoop-ozone/integration-test/target/test-dir/MiniOzoneClusterImpl-0f145d0e-b24d-4882-976e-a7baa8a64dfe/datanode-1/data/ratis/3392ea42-86df-40ab-b9c0-fb8e1bdd31c6 has been successfully formatted.
2021-10-10 13:46:18,799 [EventQueue-PipelineReportForPipelineReportHandler] INFO  pipeline.PipelineManagerImpl (PipelineManagerImpl.java:openPipeline(282)) - Pipeline Pipeline[ Id: 3392ea42-86df-40ab-b9c0-fb8e1bdd31c6, Nodes: c90bef4f-1c21-43c2-97aa-1f5cf6648a6f{ip: 10.1.0.17, host: fv-az291-460.wgnan5asplgejimfprtllbpdch.jx.internal.cloudapp.net, ports: [REPLICATION=37481, RATIS=44117, RATIS_ADMIN=44117, RATIS_SERVER=44117, STANDALONE=40289], networkLocation: /default-rack, certSerialId: null, persistedOpState: IN_SERVICE, persistedOpStateExpiryEpochSec: 0}, ReplicationConfig: RATIS/ONE, State:ALLOCATED, leaderId:c90bef4f-1c21-43c2-97aa-1f5cf6648a6f, CreationTimestamp2021-10-10T13:46:15.809Z[Etc/UTC]] moved to OPEN state
2021-10-10 13:46:18,799 [pool-524-thread-1] INFO  ratis.ContainerStateMachine (ContainerStateMachine.java:loadSnapshot(224)) - group-FB8E1BDD31C6: The snapshot info is null. Setting the last applied indexto:(t:0, i:~)
2021-10-10 13:46:18,799 [pool-524-thread-1] INFO  server.RaftServerConfigKeys (ConfUtils.java:logGet(44)) - raft.server.notification.no-leader.timeout = 300000ms (custom)
2021-10-10 13:46:18,799 [EventQueue-OpenPipelineForHealthyPipelineSafeModeRule] INFO  safemode.SCMSafeModeManager (HealthyPipelineSafeModeRule.java:process(124)) - SCM in safe mode. Healthy pipelines reported count is 0, required healthy pipeline reported count is 1
2021-10-10 13:46:18,799 [pool-524-thread-1] INFO  server.RaftServerConfigKeys (ConfUtils.java:logGet(44)) - raft.server.log.use.memory = false (default)
2021-10-10 13:46:18,800 [pool-524-thread-1] INFO  server.RaftServerConfigKeys (ConfUtils.java:logGet(44)) - raft.server.log.purge.gap = 1000000 (custom)
2021-10-10 13:46:18,800 [pool-524-thread-1] INFO  server.RaftServerConfigKeys (ConfUtils.java:logGet(44)) - raft.server.log.appender.buffer.byte-limit = 33554432 (custom)
2021-10-10 13:46:18,800 [pool-524-thread-1] INFO  server.RaftServerConfigKeys (ConfUtils.java:logGet(44)) - raft.server.log.segment.size.max = 1048576 (custom)
2021-10-10 13:46:18,801 [pool-524-thread-1] INFO  server.RaftServerConfigKeys (ConfUtils.java:logGet(44)) - raft.server.log.segment.cache.num.max = 2 (custom)
2021-10-10 13:46:18,801 [pool-524-thread-1] INFO  server.RaftServerConfigKeys (ConfUtils.java:logGet(44)) - raft.server.log.segment.cache.size.max = 200MB (=209715200) (default)
2021-10-10 13:46:18,801 [pool-524-thread-1] INFO  segmented.SegmentedRaftLogWorker (SegmentedRaftLogWorker.java:<init>(182)) - new c90bef4f-1c21-43c2-97aa-1f5cf6648a6f@group-FB8E1BDD31C6-SegmentedRaftLogWorker for RaftStorageImpl:Storage Directory /home/runner/work/ozone/ozone/hadoop-ozone/integration-test/target/test-dir/MiniOzoneClusterImpl-0f145d0e-b24d-4882-976e-a7baa8a64dfe/datanode-1/data/ratis/3392ea42-86df-40ab-b9c0-fb8e1bdd31c6
2021-10-10 13:46:18,801 [pool-524-thread-1] INFO  server.RaftServerConfigKeys (ConfUtils.java:logGet(44)) - raft.server.log.queue.byte-limit = 2147483647 (custom)
2021-10-10 13:46:18,801 [pool-524-thread-1] INFO  server.RaftServerConfigKeys (ConfUtils.java:logGet(44)) - raft.server.log.queue.element-limit = 1024 (custom)
2021-10-10 13:46:18,801 [pool-524-thread-1] INFO  server.RaftServerConfigKeys (ConfUtils.java:logGet(44)) - raft.server.log.segment.size.max = 1048576 (custom)
2021-10-10 13:46:18,801 [pool-524-thread-1] INFO  server.RaftServerConfigKeys (ConfUtils.java:logGet(44)) - raft.server.log.preallocated.size = 16384 (custom)
2021-10-10 13:46:18,801 [pool-524-thread-1] INFO  server.RaftServerConfigKeys (ConfUtils.java:logGet(44)) - raft.server.log.force.sync.num = 128 (default)
2021-10-10 13:46:18,801 [pool-524-thread-1] INFO  server.RaftServerConfigKeys (ConfUtils.java:logGet(44)) - raft.server.log.statemachine.data.sync = true (default)
2021-10-10 13:46:18,801 [pool-524-thread-1] INFO  server.RaftServerConfigKeys (ConfUtils.java:logGet(44)) - raft.server.log.statemachine.data.sync.timeout = 10s (default)
2021-10-10 13:46:18,802 [pool-524-thread-1] INFO  server.RaftServerConfigKeys (ConfUtils.java:logGet(44)) - raft.server.log.statemachine.data.sync.timeout.retry = -1 (default)
2021-10-10 13:46:18,803 [pool-524-thread-1] INFO  server.RaftServerConfigKeys (ConfUtils.java:logGet(44)) - raft.server.log.write.buffer.size = 1048576 (custom)
2021-10-10 13:46:18,805 [pool-524-thread-1] INFO  server.RaftServerConfigKeys (ConfUtils.java:logGet(44)) - raft.server.log.statemachine.data.caching.enabled = true (custom)
2021-10-10 13:46:18,806 [pool-524-thread-1] INFO  segmented.SegmentedRaftLogWorker (SegmentedRaftLogWorker.java:lambda$new$0(133)) - c90bef4f-1c21-43c2-97aa-1f5cf6648a6f@group-FB8E1BDD31C6-SegmentedRaftLogWorker: flushIndex: setUnconditionally 0 -> -1
2021-10-10 13:46:18,806 [pool-524-thread-1] INFO  segmented.SegmentedRaftLogWorker (SegmentedRaftLogWorker.java:lambda$new$0(133)) - c90bef4f-1c21-43c2-97aa-1f5cf6648a6f@group-FB8E1BDD31C6-SegmentedRaftLogWorker: safeCacheEvictIndex: setUnconditionally 0 -> -1
2021-10-10 13:46:18,806 [pool-543-thread-1] INFO  storage.RaftStorageDirectory (RaftStorageDirectoryImpl.java:tryLock(230)) - Lock on /home/runner/work/ozone/ozone/hadoop-ozone/integration-test/target/test-dir/MiniOzoneClusterImpl-0f145d0e-b24d-4882-976e-a7baa8a64dfe/datanode-2/data/ratis/ea9209b1-93eb-495a-8c26-b7d4081ff85c/in_use.lock acquired by nodename 4979@fv-az291-460
2021-10-10 13:46:18,816 [pool-543-thread-1] INFO  storage.RaftStorage (RaftStorageImpl.java:format(89)) - Storage directory /home/runner/work/ozone/ozone/hadoop-ozone/integration-test/target/test-dir/MiniOzoneClusterImpl-0f145d0e-b24d-4882-976e-a7baa8a64dfe/datanode-2/data/ratis/ea9209b1-93eb-495a-8c26-b7d4081ff85c has been successfully formatted.
2021-10-10 13:46:18,831 [pool-524-thread-1] INFO  server.RaftServerConfigKeys (ConfUtils.java:logGet(44)) - raft.server.snapshot.auto.trigger.enabled = true (custom)
2021-10-10 13:46:18,831 [pool-543-thread-1] INFO  ratis.ContainerStateMachine (ContainerStateMachine.java:loadSnapshot(224)) - group-B7D4081FF85C: The snapshot info is null. Setting the last applied indexto:(t:0, i:~)
2021-10-10 13:46:18,831 [pool-524-thread-1] INFO  server.RaftServerConfigKeys (ConfUtils.java:logGet(44)) - raft.server.snapshot.auto.trigger.threshold = 10000 (custom)
2021-10-10 13:46:18,832 [pool-524-thread-1] INFO  server.RaftServerConfigKeys (ConfUtils.java:logGet(44)) - raft.server.snapshot.retention.file.num = 5 (custom)
2021-10-10 13:46:18,832 [pool-524-thread-1] INFO  server.RaftServerConfigKeys (ConfUtils.java:logGet(44)) - raft.server.log.purge.upto.snapshot.index = false (default)
2021-10-10 13:46:18,832 [pool-524-thread-1] INFO  server.RaftServerConfigKeys (ConfUtils.java:logGet(44)) - raft.server.retrycache.expirytime = 600000ms (custom)
2021-10-10 13:46:18,832 [pool-524-thread-1] INFO  server.RaftServerConfigKeys (ConfUtils.java:logGet(44)) - raft.server.retrycache.statistics.expirytime = 100μs (default)
2021-10-10 13:46:18,833 [pool-524-thread-1] INFO  server.RaftServer$Division (RaftServerImpl.java:start(296)) - c90bef4f-1c21-43c2-97aa-1f5cf6648a6f@group-FB8E1BDD31C6: start as a follower, conf=-1: [c90bef4f-1c21-43c2-97aa-1f5cf6648a6f|rpc:10.1.0.17:44117|priority:1], old=null
2021-10-10 13:46:18,833 [pool-524-thread-1] INFO  server.RaftServer$Division (RaftServerImpl.java:setRole(285)) - c90bef4f-1c21-43c2-97aa-1f5cf6648a6f@group-FB8E1BDD31C6: changes role from      null to FOLLOWER at term 0 for startAsFollower
2021-10-10 13:46:18,833 [pool-524-thread-1] INFO  impl.RoleInfo (RoleInfo.java:updateAndGet(130)) - c90bef4f-1c21-43c2-97aa-1f5cf6648a6f: start c90bef4f-1c21-43c2-97aa-1f5cf6648a6f@group-FB8E1BDD31C6-FollowerState
2021-10-10 13:46:18,839 [pool-543-thread-1] INFO  server.RaftServerConfigKeys (ConfUtils.java:logGet(44)) - raft.server.notification.no-leader.timeout = 300000ms (custom)
2021-10-10 13:46:18,839 [pool-543-thread-1] INFO  server.RaftServerConfigKeys (ConfUtils.java:logGet(44)) - raft.server.log.use.memory = false (default)
2021-10-10 13:46:18,840 [pool-543-thread-1] INFO  server.RaftServerConfigKeys (ConfUtils.java:logGet(44)) - raft.server.log.purge.gap = 1000000 (custom)
2021-10-10 13:46:18,840 [pool-543-thread-1] INFO  server.RaftServerConfigKeys (ConfUtils.java:logGet(44)) - raft.server.log.appender.buffer.byte-limit = 33554432 (custom)
2021-10-10 13:46:18,840 [pool-543-thread-1] INFO  server.RaftServerConfigKeys (ConfUtils.java:logGet(44)) - raft.server.log.segment.size.max = 1048576 (custom)
2021-10-10 13:46:18,840 [pool-543-thread-1] INFO  server.RaftServerConfigKeys (ConfUtils.java:logGet(44)) - raft.server.log.segment.cache.num.max = 2 (custom)
2021-10-10 13:46:18,840 [Datanode State Machine Thread - 0] WARN  statemachine.StateContext (StateContext.java:execute(621)) - No available thread in pool for past 1 seconds.
2021-10-10 13:46:18,842 [pool-543-thread-1] INFO  server.RaftServerConfigKeys (ConfUtils.java:logGet(44)) - raft.server.log.segment.cache.size.max = 200MB (=209715200) (default)
2021-10-10 13:46:18,842 [pool-543-thread-1] INFO  segmented.SegmentedRaftLogWorker (SegmentedRaftLogWorker.java:<init>(182)) - new 52be5aae-b0d8-4d04-b923-225165c5914d@group-B7D4081FF85C-SegmentedRaftLogWorker for RaftStorageImpl:Storage Directory /home/runner/work/ozone/ozone/hadoop-ozone/integration-test/target/test-dir/MiniOzoneClusterImpl-0f145d0e-b24d-4882-976e-a7baa8a64dfe/datanode-2/data/ratis/ea9209b1-93eb-495a-8c26-b7d4081ff85c
2021-10-10 13:46:18,842 [pool-543-thread-1] INFO  server.RaftServerConfigKeys (ConfUtils.java:logGet(44)) - raft.server.log.queue.byte-limit = 2147483647 (custom)
2021-10-10 13:46:18,842 [pool-543-thread-1] INFO  server.RaftServerConfigKeys (ConfUtils.java:logGet(44)) - raft.server.log.queue.element-limit = 1024 (custom)
2021-10-10 13:46:18,842 [pool-543-thread-1] INFO  server.RaftServerConfigKeys (ConfUtils.java:logGet(44)) - raft.server.log.segment.size.max = 1048576 (custom)
2021-10-10 13:46:18,842 [pool-543-thread-1] INFO  server.RaftServerConfigKeys (ConfUtils.java:logGet(44)) - raft.server.log.preallocated.size = 16384 (custom)
2021-10-10 13:46:18,842 [pool-543-thread-1] INFO  server.RaftServerConfigKeys (ConfUtils.java:logGet(44)) - raft.server.log.force.sync.num = 128 (default)
2021-10-10 13:46:18,843 [pool-543-thread-1] INFO  server.RaftServerConfigKeys (ConfUtils.java:logGet(44)) - raft.server.log.statemachine.data.sync = true (default)
2021-10-10 13:46:18,843 [pool-543-thread-1] INFO  server.RaftServerConfigKeys (ConfUtils.java:logGet(44)) - raft.server.log.statemachine.data.sync.timeout = 10s (default)
2021-10-10 13:46:18,843 [pool-543-thread-1] INFO  server.RaftServerConfigKeys (ConfUtils.java:logGet(44)) - raft.server.log.statemachine.data.sync.timeout.retry = -1 (default)
2021-10-10 13:46:18,843 [pool-524-thread-1] INFO  util.JmxRegister (JmxRegister.java:tryRegister(44)) - Successfully registered JMX Bean with object name Ratis:service=RaftServer,group=group-FB8E1BDD31C6,id=c90bef4f-1c21-43c2-97aa-1f5cf6648a6f
2021-10-10 13:46:18,857 [pool-543-thread-1] INFO  server.RaftServerConfigKeys (ConfUtils.java:logGet(44)) - raft.server.log.write.buffer.size = 1048576 (custom)
2021-10-10 13:46:18,858 [pool-543-thread-1] INFO  server.RaftServerConfigKeys (ConfUtils.java:logGet(44)) - raft.server.log.statemachine.data.caching.enabled = true (custom)
2021-10-10 13:46:18,858 [pool-543-thread-1] INFO  segmented.SegmentedRaftLogWorker (SegmentedRaftLogWorker.java:lambda$new$0(133)) - 52be5aae-b0d8-4d04-b923-225165c5914d@group-B7D4081FF85C-SegmentedRaftLogWorker: flushIndex: setUnconditionally 0 -> -1
2021-10-10 13:46:18,858 [pool-543-thread-1] INFO  segmented.SegmentedRaftLogWorker (SegmentedRaftLogWorker.java:lambda$new$0(133)) - 52be5aae-b0d8-4d04-b923-225165c5914d@group-B7D4081FF85C-SegmentedRaftLogWorker: safeCacheEvictIndex: setUnconditionally 0 -> -1
2021-10-10 13:46:18,858 [pool-543-thread-1] INFO  server.RaftServerConfigKeys (ConfUtils.java:logGet(44)) - raft.server.snapshot.auto.trigger.enabled = true (custom)
2021-10-10 13:46:18,858 [pool-543-thread-1] INFO  server.RaftServerConfigKeys (ConfUtils.java:logGet(44)) - raft.server.snapshot.auto.trigger.threshold = 10000 (custom)
2021-10-10 13:46:18,858 [pool-543-thread-1] INFO  server.RaftServerConfigKeys (ConfUtils.java:logGet(44)) - raft.server.snapshot.retention.file.num = 5 (custom)
2021-10-10 13:46:18,858 [pool-543-thread-1] INFO  server.RaftServerConfigKeys (ConfUtils.java:logGet(44)) - raft.server.log.purge.upto.snapshot.index = false (default)
2021-10-10 13:46:18,858 [pool-543-thread-1] INFO  server.RaftServerConfigKeys (ConfUtils.java:logGet(44)) - raft.server.retrycache.expirytime = 600000ms (custom)
2021-10-10 13:46:18,858 [pool-543-thread-1] INFO  server.RaftServerConfigKeys (ConfUtils.java:logGet(44)) - raft.server.retrycache.statistics.expirytime = 100μs (default)
2021-10-10 13:46:18,859 [Command processor thread] INFO  ratis.XceiverServerRatis (XceiverServerRatis.java:addGroup(763)) - Created group PipelineID=3392ea42-86df-40ab-b9c0-fb8e1bdd31c6
2021-10-10 13:46:18,859 [Command processor thread] INFO  commandhandler.CreatePipelineCommandHandler (CreatePipelineCommandHandler.java:handle(106)) - Created Pipeline RATIS ONE PipelineID=3392ea42-86df-40ab-b9c0-fb8e1bdd31c6.
2021-10-10 13:46:18,859 [Command processor thread] INFO  server.RaftServer (RaftServerProxy.java:addNew(95)) - c90bef4f-1c21-43c2-97aa-1f5cf6648a6f: addNew group-CD7BCB0E62FF:[c90bef4f-1c21-43c2-97aa-1f5cf6648a6f|rpc:10.1.0.17:44117|priority:0, f0a8fd88-2511-4bc8-952c-803d3ca6483c|rpc:10.1.0.17:45269|priority:0, 52be5aae-b0d8-4d04-b923-225165c5914d|rpc:10.1.0.17:37435|priority:1] returns group-CD7BCB0E62FF:java.util.concurrent.CompletableFuture@7a8e5460[Not completed]
2021-10-10 13:46:18,860 [pool-543-thread-1] INFO  server.RaftServer$Division (RaftServerImpl.java:start(296)) - 52be5aae-b0d8-4d04-b923-225165c5914d@group-B7D4081FF85C: start as a follower, conf=-1: [c90bef4f-1c21-43c2-97aa-1f5cf6648a6f|rpc:10.1.0.17:44117|dataStream:|priority:0, f0a8fd88-2511-4bc8-952c-803d3ca6483c|rpc:10.1.0.17:45269|dataStream:|priority:1, 52be5aae-b0d8-4d04-b923-225165c5914d|rpc:10.1.0.17:37435|dataStream:|priority:0], old=null
2021-10-10 13:46:18,860 [pool-543-thread-1] INFO  server.RaftServer$Division (RaftServerImpl.java:setRole(285)) - 52be5aae-b0d8-4d04-b923-225165c5914d@group-B7D4081FF85C: changes role from      null to FOLLOWER at term 0 for startAsFollower
2021-10-10 13:46:18,860 [pool-543-thread-1] INFO  impl.RoleInfo (RoleInfo.java:updateAndGet(130)) - 52be5aae-b0d8-4d04-b923-225165c5914d: start 52be5aae-b0d8-4d04-b923-225165c5914d@group-B7D4081FF85C-FollowerState
2021-10-10 13:46:18,860 [pool-543-thread-1] INFO  util.JmxRegister (JmxRegister.java:tryRegister(44)) - Successfully registered JMX Bean with object name Ratis:service=RaftServer,group=group-B7D4081FF85C,id=52be5aae-b0d8-4d04-b923-225165c5914d
2021-10-10 13:46:18,860 [pool-524-thread-1] INFO  server.RaftServer$Division (RaftServerImpl.java:<init>(181)) - c90bef4f-1c21-43c2-97aa-1f5cf6648a6f: new RaftServerImpl for group-CD7BCB0E62FF:[c90bef4f-1c21-43c2-97aa-1f5cf6648a6f|rpc:10.1.0.17:44117|priority:0, f0a8fd88-2511-4bc8-952c-803d3ca6483c|rpc:10.1.0.17:45269|priority:0, 52be5aae-b0d8-4d04-b923-225165c5914d|rpc:10.1.0.17:37435|priority:1] with ContainerStateMachine:uninitialized
2021-10-10 13:46:18,860 [pool-524-thread-1] INFO  server.RaftServerConfigKeys (ConfUtils.java:logGet(44)) - raft.server.rpc.timeout.min = 5s (custom)
2021-10-10 13:46:18,860 [pool-524-thread-1] INFO  server.RaftServerConfigKeys (ConfUtils.java:logGet(44)) - raft.server.rpc.timeout.max = 5200ms (custom)
2021-10-10 13:46:18,860 [pool-524-thread-1] INFO  server.RaftServerConfigKeys (ConfUtils.java:logGet(44)) - raft.server.rpc.sleep.time = 25ms (default)
2021-10-10 13:46:18,860 [pool-524-thread-1] INFO  server.RaftServerConfigKeys (ConfUtils.java:logGet(44)) - raft.server.rpc.slowness.timeout = 300000ms (custom)
2021-10-10 13:46:18,860 [pool-524-thread-1] INFO  server.RaftServerConfigKeys (ConfUtils.java:logGet(44)) - raft.server.leaderelection.leader.step-down.wait-time = 10s (default)
2021-10-10 13:46:18,860 [pool-524-thread-1] INFO  server.RaftServerConfigKeys (ConfUtils.java:logGet(44)) - raft.server.sleep.deviation.threshold = 300ms (default)
2021-10-10 13:46:18,860 [pool-524-thread-1] INFO  server.RaftServerConfigKeys (ConfUtils.java:logGet(44)) - raft.server.log.appender.install.snapshot.enabled = false (custom)
2021-10-10 13:46:18,861 [pool-524-thread-1] INFO  server.RaftServer$Division (ServerState.java:<init>(105)) - c90bef4f-1c21-43c2-97aa-1f5cf6648a6f@group-CD7BCB0E62FF: ConfigurationManager, init=-1: [c90bef4f-1c21-43c2-97aa-1f5cf6648a6f|rpc:10.1.0.17:44117|priority:0, f0a8fd88-2511-4bc8-952c-803d3ca6483c|rpc:10.1.0.17:45269|priority:0, 52be5aae-b0d8-4d04-b923-225165c5914d|rpc:10.1.0.17:37435|priority:1], old=null, confs=<EMPTY_MAP>
2021-10-10 13:46:18,861 [pool-524-thread-1] INFO  server.RaftServerConfigKeys (ConfUtils.java:logGet(44)) - raft.server.storage.dir = [/home/runner/work/ozone/ozone/hadoop-ozone/integration-test/target/test-dir/MiniOzoneClusterImpl-0f145d0e-b24d-4882-976e-a7baa8a64dfe/datanode-1/data/ratis] (custom)
2021-10-10 13:46:18,861 [pool-524-thread-1] INFO  server.RaftServerConfigKeys (ConfUtils.java:logGet(44)) - raft.server.log.corruption.policy = EXCEPTION (default)
2021-10-10 13:46:18,861 [pool-524-thread-1] INFO  server.RaftServerConfigKeys (ConfUtils.java:logGet(44)) - raft.server.storage.free-space.min = 0MB (=0) (default)
2021-10-10 13:46:18,861 [pool-524-thread-1] INFO  storage.RaftStorageDirectory (RaftStorageDirectoryImpl.java:analyzeStorage(135)) - The storage directory /home/runner/work/ozone/ozone/hadoop-ozone/integration-test/target/test-dir/MiniOzoneClusterImpl-0f145d0e-b24d-4882-976e-a7baa8a64dfe/datanode-1/data/ratis/38b5fb90-feb8-420d-a116-cd7bcb0e62ff does not exist. Creating ...
2021-10-10 13:46:18,872 [pool-524-thread-1] INFO  storage.RaftStorageDirectory (RaftStorageDirectoryImpl.java:tryLock(230)) - Lock on /home/runner/work/ozone/ozone/hadoop-ozone/integration-test/target/test-dir/MiniOzoneClusterImpl-0f145d0e-b24d-4882-976e-a7baa8a64dfe/datanode-1/data/ratis/38b5fb90-feb8-420d-a116-cd7bcb0e62ff/in_use.lock acquired by nodename 4979@fv-az291-460
2021-10-10 13:46:18,872 [Command processor thread] INFO  commandhandler.CreatePipelineCommandHandler (CreatePipelineCommandHandler.java:handle(106)) - Created Pipeline RATIS THREE PipelineID=ea9209b1-93eb-495a-8c26-b7d4081ff85c.
2021-10-10 13:46:18,873 [Command processor thread] INFO  server.RaftServer (RaftServerProxy.java:addNew(95)) - f0a8fd88-2511-4bc8-952c-803d3ca6483c: addNew group-CD7BCB0E62FF:[c90bef4f-1c21-43c2-97aa-1f5cf6648a6f|rpc:10.1.0.17:44117|priority:0, f0a8fd88-2511-4bc8-952c-803d3ca6483c|rpc:10.1.0.17:45269|priority:0, 52be5aae-b0d8-4d04-b923-225165c5914d|rpc:10.1.0.17:37435|priority:1] returns group-CD7BCB0E62FF:java.util.concurrent.CompletableFuture@76a9959c[Not completed]
2021-10-10 13:46:18,873 [pool-505-thread-1] INFO  server.RaftServer$Division (RaftServerImpl.java:<init>(181)) - f0a8fd88-2511-4bc8-952c-803d3ca6483c: new RaftServerImpl for group-CD7BCB0E62FF:[c90bef4f-1c21-43c2-97aa-1f5cf6648a6f|rpc:10.1.0.17:44117|priority:0, f0a8fd88-2511-4bc8-952c-803d3ca6483c|rpc:10.1.0.17:45269|priority:0, 52be5aae-b0d8-4d04-b923-225165c5914d|rpc:10.1.0.17:37435|priority:1] with ContainerStateMachine:uninitialized
2021-10-10 13:46:18,873 [pool-505-thread-1] INFO  server.RaftServerConfigKeys (ConfUtils.java:logGet(44)) - raft.server.rpc.timeout.min = 5s (custom)
2021-10-10 13:46:18,874 [pool-505-thread-1] INFO  server.RaftServerConfigKeys (ConfUtils.java:logGet(44)) - raft.server.rpc.timeout.max = 5200ms (custom)
2021-10-10 13:46:18,874 [pool-505-thread-1] INFO  server.RaftServerConfigKeys (ConfUtils.java:logGet(44)) - raft.server.rpc.sleep.time = 25ms (default)
2021-10-10 13:46:18,874 [pool-505-thread-1] INFO  server.RaftServerConfigKeys (ConfUtils.java:logGet(44)) - raft.server.rpc.slowness.timeout = 300000ms (custom)
2021-10-10 13:46:18,874 [pool-505-thread-1] INFO  server.RaftServerConfigKeys (ConfUtils.java:logGet(44)) - raft.server.leaderelection.leader.step-down.wait-time = 10s (default)
2021-10-10 13:46:18,874 [pool-505-thread-1] INFO  server.RaftServerConfigKeys (ConfUtils.java:logGet(44)) - raft.server.sleep.deviation.threshold = 300ms (default)
2021-10-10 13:46:18,874 [pool-505-thread-1] INFO  server.RaftServerConfigKeys (ConfUtils.java:logGet(44)) - raft.server.log.appender.install.snapshot.enabled = false (custom)
2021-10-10 13:46:18,874 [pool-505-thread-1] INFO  server.RaftServer$Division (ServerState.java:<init>(105)) - f0a8fd88-2511-4bc8-952c-803d3ca6483c@group-CD7BCB0E62FF: ConfigurationManager, init=-1: [c90bef4f-1c21-43c2-97aa-1f5cf6648a6f|rpc:10.1.0.17:44117|priority:0, f0a8fd88-2511-4bc8-952c-803d3ca6483c|rpc:10.1.0.17:45269|priority:0, 52be5aae-b0d8-4d04-b923-225165c5914d|rpc:10.1.0.17:37435|priority:1], old=null, confs=<EMPTY_MAP>
2021-10-10 13:46:18,874 [pool-505-thread-1] INFO  server.RaftServerConfigKeys (ConfUtils.java:logGet(44)) - raft.server.storage.dir = [/home/runner/work/ozone/ozone/hadoop-ozone/integration-test/target/test-dir/MiniOzoneClusterImpl-0f145d0e-b24d-4882-976e-a7baa8a64dfe/datanode-0/data/ratis] (custom)
2021-10-10 13:46:18,874 [pool-505-thread-1] INFO  server.RaftServerConfigKeys (ConfUtils.java:logGet(44)) - raft.server.log.corruption.policy = EXCEPTION (default)
2021-10-10 13:46:18,874 [pool-505-thread-1] INFO  server.RaftServerConfigKeys (ConfUtils.java:logGet(44)) - raft.server.storage.free-space.min = 0MB (=0) (default)
2021-10-10 13:46:18,874 [pool-505-thread-1] INFO  storage.RaftStorageDirectory (RaftStorageDirectoryImpl.java:analyzeStorage(135)) - The storage directory /home/runner/work/ozone/ozone/hadoop-ozone/integration-test/target/test-dir/MiniOzoneClusterImpl-0f145d0e-b24d-4882-976e-a7baa8a64dfe/datanode-0/data/ratis/38b5fb90-feb8-420d-a116-cd7bcb0e62ff does not exist. Creating ...
2021-10-10 13:46:18,875 [pool-505-thread-1] INFO  storage.RaftStorageDirectory (RaftStorageDirectoryImpl.java:tryLock(230)) - Lock on /home/runner/work/ozone/ozone/hadoop-ozone/integration-test/target/test-dir/MiniOzoneClusterImpl-0f145d0e-b24d-4882-976e-a7baa8a64dfe/datanode-0/data/ratis/38b5fb90-feb8-420d-a116-cd7bcb0e62ff/in_use.lock acquired by nodename 4979@fv-az291-460
2021-10-10 13:46:18,877 [pool-524-thread-1] INFO  storage.RaftStorage (RaftStorageImpl.java:format(89)) - Storage directory /home/runner/work/ozone/ozone/hadoop-ozone/integration-test/target/test-dir/MiniOzoneClusterImpl-0f145d0e-b24d-4882-976e-a7baa8a64dfe/datanode-1/data/ratis/38b5fb90-feb8-420d-a116-cd7bcb0e62ff has been successfully formatted.
2021-10-10 13:46:18,877 [pool-524-thread-1] INFO  ratis.ContainerStateMachine (ContainerStateMachine.java:loadSnapshot(224)) - group-CD7BCB0E62FF: The snapshot info is null. Setting the last applied indexto:(t:0, i:~)
2021-10-10 13:46:18,877 [Datanode State Machine Thread - 0] WARN  statemachine.StateContext (StateContext.java:execute(621)) - No available thread in pool for past 1 seconds.
2021-10-10 13:46:18,877 [pool-524-thread-1] INFO  server.RaftServerConfigKeys (ConfUtils.java:logGet(44)) - raft.server.notification.no-leader.timeout = 300000ms (custom)
2021-10-10 13:46:18,877 [pool-524-thread-1] INFO  server.RaftServerConfigKeys (ConfUtils.java:logGet(44)) - raft.server.log.use.memory = false (default)
2021-10-10 13:46:18,877 [pool-524-thread-1] INFO  server.RaftServerConfigKeys (ConfUtils.java:logGet(44)) - raft.server.log.purge.gap = 1000000 (custom)
2021-10-10 13:46:18,877 [pool-524-thread-1] INFO  server.RaftServerConfigKeys (ConfUtils.java:logGet(44)) - raft.server.log.appender.buffer.byte-limit = 33554432 (custom)
2021-10-10 13:46:18,877 [pool-524-thread-1] INFO  server.RaftServerConfigKeys (ConfUtils.java:logGet(44)) - raft.server.log.segment.size.max = 1048576 (custom)
2021-10-10 13:46:18,878 [pool-524-thread-1] INFO  server.RaftServerConfigKeys (ConfUtils.java:logGet(44)) - raft.server.log.segment.cache.num.max = 2 (custom)
2021-10-10 13:46:18,878 [pool-524-thread-1] INFO  server.RaftServerConfigKeys (ConfUtils.java:logGet(44)) - raft.server.log.segment.cache.size.max = 200MB (=209715200) (default)
2021-10-10 13:46:18,878 [pool-524-thread-1] INFO  segmented.SegmentedRaftLogWorker (SegmentedRaftLogWorker.java:<init>(182)) - new c90bef4f-1c21-43c2-97aa-1f5cf6648a6f@group-CD7BCB0E62FF-SegmentedRaftLogWorker for RaftStorageImpl:Storage Directory /home/runner/work/ozone/ozone/hadoop-ozone/integration-test/target/test-dir/MiniOzoneClusterImpl-0f145d0e-b24d-4882-976e-a7baa8a64dfe/datanode-1/data/ratis/38b5fb90-feb8-420d-a116-cd7bcb0e62ff
2021-10-10 13:46:18,878 [pool-524-thread-1] INFO  server.RaftServerConfigKeys (ConfUtils.java:logGet(44)) - raft.server.log.queue.byte-limit = 2147483647 (custom)
2021-10-10 13:46:18,878 [pool-524-thread-1] INFO  server.RaftServerConfigKeys (ConfUtils.java:logGet(44)) - raft.server.log.queue.element-limit = 1024 (custom)
2021-10-10 13:46:18,878 [pool-524-thread-1] INFO  server.RaftServerConfigKeys (ConfUtils.java:logGet(44)) - raft.server.log.segment.size.max = 1048576 (custom)
2021-10-10 13:46:18,878 [pool-524-thread-1] INFO  server.RaftServerConfigKeys (ConfUtils.java:logGet(44)) - raft.server.log.preallocated.size = 16384 (custom)
2021-10-10 13:46:18,878 [pool-524-thread-1] INFO  server.RaftServerConfigKeys (ConfUtils.java:logGet(44)) - raft.server.log.force.sync.num = 128 (default)
2021-10-10 13:46:18,878 [pool-524-thread-1] INFO  server.RaftServerConfigKeys (ConfUtils.java:logGet(44)) - raft.server.log.statemachine.data.sync = true (default)
2021-10-10 13:46:18,878 [pool-524-thread-1] INFO  server.RaftServerConfigKeys (ConfUtils.java:logGet(44)) - raft.server.log.statemachine.data.sync.timeout = 10s (default)
2021-10-10 13:46:18,878 [pool-524-thread-1] INFO  server.RaftServerConfigKeys (ConfUtils.java:logGet(44)) - raft.server.log.statemachine.data.sync.timeout.retry = -1 (default)
2021-10-10 13:46:18,880 [EventQueue-OpenPipelineForHealthyPipelineSafeModeRule] INFO  safemode.SCMSafeModeManager (HealthyPipelineSafeModeRule.java:process(124)) - SCM in safe mode. Healthy pipelines reported count is 0, required healthy pipeline reported count is 1
2021-10-10 13:46:18,881 [pool-524-thread-1] INFO  server.RaftServerConfigKeys (ConfUtils.java:logGet(44)) - raft.server.log.write.buffer.size = 1048576 (custom)
2021-10-10 13:46:18,881 [pool-505-thread-1] INFO  storage.RaftStorage (RaftStorageImpl.java:format(89)) - Storage directory /home/runner/work/ozone/ozone/hadoop-ozone/integration-test/target/test-dir/MiniOzoneClusterImpl-0f145d0e-b24d-4882-976e-a7baa8a64dfe/datanode-0/data/ratis/38b5fb90-feb8-420d-a116-cd7bcb0e62ff has been successfully formatted.
2021-10-10 13:46:18,881 [pool-505-thread-1] INFO  ratis.ContainerStateMachine (ContainerStateMachine.java:loadSnapshot(224)) - group-CD7BCB0E62FF: The snapshot info is null. Setting the last applied indexto:(t:0, i:~)
2021-10-10 13:46:18,881 [pool-505-thread-1] INFO  server.RaftServerConfigKeys (ConfUtils.java:logGet(44)) - raft.server.notification.no-leader.timeout = 300000ms (custom)
2021-10-10 13:46:18,881 [pool-505-thread-1] INFO  server.RaftServerConfigKeys (ConfUtils.java:logGet(44)) - raft.server.log.use.memory = false (default)
2021-10-10 13:46:18,881 [pool-505-thread-1] INFO  server.RaftServerConfigKeys (ConfUtils.java:logGet(44)) - raft.server.log.purge.gap = 1000000 (custom)
2021-10-10 13:46:18,881 [pool-505-thread-1] INFO  server.RaftServerConfigKeys (ConfUtils.java:logGet(44)) - raft.server.log.appender.buffer.byte-limit = 33554432 (custom)
2021-10-10 13:46:18,882 [pool-505-thread-1] INFO  server.RaftServerConfigKeys (ConfUtils.java:logGet(44)) - raft.server.log.segment.size.max = 1048576 (custom)
2021-10-10 13:46:18,882 [pool-505-thread-1] INFO  server.RaftServerConfigKeys (ConfUtils.java:logGet(44)) - raft.server.log.segment.cache.num.max = 2 (custom)
2021-10-10 13:46:18,882 [pool-505-thread-1] INFO  server.RaftServerConfigKeys (ConfUtils.java:logGet(44)) - raft.server.log.segment.cache.size.max = 200MB (=209715200) (default)
2021-10-10 13:46:18,882 [pool-505-thread-1] INFO  segmented.SegmentedRaftLogWorker (SegmentedRaftLogWorker.java:<init>(182)) - new f0a8fd88-2511-4bc8-952c-803d3ca6483c@group-CD7BCB0E62FF-SegmentedRaftLogWorker for RaftStorageImpl:Storage Directory /home/runner/work/ozone/ozone/hadoop-ozone/integration-test/target/test-dir/MiniOzoneClusterImpl-0f145d0e-b24d-4882-976e-a7baa8a64dfe/datanode-0/data/ratis/38b5fb90-feb8-420d-a116-cd7bcb0e62ff
2021-10-10 13:46:18,882 [pool-505-thread-1] INFO  server.RaftServerConfigKeys (ConfUtils.java:logGet(44)) - raft.server.log.queue.byte-limit = 2147483647 (custom)
2021-10-10 13:46:18,882 [pool-505-thread-1] INFO  server.RaftServerConfigKeys (ConfUtils.java:logGet(44)) - raft.server.log.queue.element-limit = 1024 (custom)
2021-10-10 13:46:18,882 [pool-505-thread-1] INFO  server.RaftServerConfigKeys (ConfUtils.java:logGet(44)) - raft.server.log.segment.size.max = 1048576 (custom)
2021-10-10 13:46:18,882 [pool-505-thread-1] INFO  server.RaftServerConfigKeys (ConfUtils.java:logGet(44)) - raft.server.log.preallocated.size = 16384 (custom)
2021-10-10 13:46:18,882 [pool-505-thread-1] INFO  server.RaftServerConfigKeys (ConfUtils.java:logGet(44)) - raft.server.log.force.sync.num = 128 (default)
2021-10-10 13:46:18,882 [pool-505-thread-1] INFO  server.RaftServerConfigKeys (ConfUtils.java:logGet(44)) - raft.server.log.statemachine.data.sync = true (default)
2021-10-10 13:46:18,882 [pool-505-thread-1] INFO  server.RaftServerConfigKeys (ConfUtils.java:logGet(44)) - raft.server.log.statemachine.data.sync.timeout = 10s (default)
2021-10-10 13:46:18,882 [pool-505-thread-1] INFO  server.RaftServerConfigKeys (ConfUtils.java:logGet(44)) - raft.server.log.statemachine.data.sync.timeout.retry = -1 (default)
2021-10-10 13:46:18,883 [Datanode State Machine Thread - 0] WARN  statemachine.StateContext (StateContext.java:execute(621)) - No available thread in pool for past 1 seconds.
2021-10-10 13:46:18,884 [EventQueue-OpenPipelineForHealthyPipelineSafeModeRule] INFO  safemode.SCMSafeModeManager (HealthyPipelineSafeModeRule.java:process(124)) - SCM in safe mode. Healthy pipelines reported count is 0, required healthy pipeline reported count is 1
2021-10-10 13:46:18,887 [pool-505-thread-1] INFO  server.RaftServerConfigKeys (ConfUtils.java:logGet(44)) - raft.server.log.write.buffer.size = 1048576 (custom)
2021-10-10 13:46:18,888 [pool-505-thread-1] INFO  server.RaftServerConfigKeys (ConfUtils.java:logGet(44)) - raft.server.log.statemachine.data.caching.enabled = true (custom)
2021-10-10 13:46:18,888 [pool-505-thread-1] INFO  segmented.SegmentedRaftLogWorker (SegmentedRaftLogWorker.java:lambda$new$0(133)) - f0a8fd88-2511-4bc8-952c-803d3ca6483c@group-CD7BCB0E62FF-SegmentedRaftLogWorker: flushIndex: setUnconditionally 0 -> -1
2021-10-10 13:46:18,888 [pool-505-thread-1] INFO  segmented.SegmentedRaftLogWorker (SegmentedRaftLogWorker.java:lambda$new$0(133)) - f0a8fd88-2511-4bc8-952c-803d3ca6483c@group-CD7BCB0E62FF-SegmentedRaftLogWorker: safeCacheEvictIndex: setUnconditionally 0 -> -1
2021-10-10 13:46:18,887 [pool-524-thread-1] INFO  server.RaftServerConfigKeys (ConfUtils.java:logGet(44)) - raft.server.log.statemachine.data.caching.enabled = true (custom)
2021-10-10 13:46:18,888 [pool-524-thread-1] INFO  segmented.SegmentedRaftLogWorker (SegmentedRaftLogWorker.java:lambda$new$0(133)) - c90bef4f-1c21-43c2-97aa-1f5cf6648a6f@group-CD7BCB0E62FF-SegmentedRaftLogWorker: flushIndex: setUnconditionally 0 -> -1
2021-10-10 13:46:18,888 [pool-524-thread-1] INFO  segmented.SegmentedRaftLogWorker (SegmentedRaftLogWorker.java:lambda$new$0(133)) - c90bef4f-1c21-43c2-97aa-1f5cf6648a6f@group-CD7BCB0E62FF-SegmentedRaftLogWorker: safeCacheEvictIndex: setUnconditionally 0 -> -1
2021-10-10 13:46:18,889 [pool-505-thread-1] INFO  server.RaftServerConfigKeys (ConfUtils.java:logGet(44)) - raft.server.snapshot.auto.trigger.enabled = true (custom)
2021-10-10 13:46:18,889 [pool-505-thread-1] INFO  server.RaftServerConfigKeys (ConfUtils.java:logGet(44)) - raft.server.snapshot.auto.trigger.threshold = 10000 (custom)
2021-10-10 13:46:18,889 [pool-505-thread-1] INFO  server.RaftServerConfigKeys (ConfUtils.java:logGet(44)) - raft.server.snapshot.retention.file.num = 5 (custom)
2021-10-10 13:46:18,889 [pool-505-thread-1] INFO  server.RaftServerConfigKeys (ConfUtils.java:logGet(44)) - raft.server.log.purge.upto.snapshot.index = false (default)
2021-10-10 13:46:18,890 [pool-505-thread-1] INFO  server.RaftServerConfigKeys (ConfUtils.java:logGet(44)) - raft.server.retrycache.expirytime = 600000ms (custom)
2021-10-10 13:46:18,890 [pool-505-thread-1] INFO  server.RaftServerConfigKeys (ConfUtils.java:logGet(44)) - raft.server.retrycache.statistics.expirytime = 100μs (default)
2021-10-10 13:46:18,891 [pool-505-thread-1] INFO  server.RaftServer$Division (RaftServerImpl.java:start(296)) - f0a8fd88-2511-4bc8-952c-803d3ca6483c@group-CD7BCB0E62FF: start as a follower, conf=-1: [c90bef4f-1c21-43c2-97aa-1f5cf6648a6f|rpc:10.1.0.17:44117|priority:0, f0a8fd88-2511-4bc8-952c-803d3ca6483c|rpc:10.1.0.17:45269|priority:0, 52be5aae-b0d8-4d04-b923-225165c5914d|rpc:10.1.0.17:37435|priority:1], old=null
2021-10-10 13:46:18,891 [pool-505-thread-1] INFO  server.RaftServer$Division (RaftServerImpl.java:setRole(285)) - f0a8fd88-2511-4bc8-952c-803d3ca6483c@group-CD7BCB0E62FF: changes role from      null to FOLLOWER at term 0 for startAsFollower
2021-10-10 13:46:18,896 [pool-505-thread-1] INFO  impl.RoleInfo (RoleInfo.java:updateAndGet(130)) - f0a8fd88-2511-4bc8-952c-803d3ca6483c: start f0a8fd88-2511-4bc8-952c-803d3ca6483c@group-CD7BCB0E62FF-FollowerState
2021-10-10 13:46:18,898 [pool-505-thread-1] INFO  util.JmxRegister (JmxRegister.java:tryRegister(44)) - Successfully registered JMX Bean with object name Ratis:service=RaftServer,group=group-CD7BCB0E62FF,id=f0a8fd88-2511-4bc8-952c-803d3ca6483c
2021-10-10 13:46:18,901 [Command processor thread] INFO  ratis.XceiverServerRatis (XceiverServerRatis.java:addGroup(763)) - Created group PipelineID=38b5fb90-feb8-420d-a116-cd7bcb0e62ff
2021-10-10 13:46:18,915 [pool-524-thread-1] INFO  server.RaftServerConfigKeys (ConfUtils.java:logGet(44)) - raft.server.snapshot.auto.trigger.enabled = true (custom)
2021-10-10 13:46:18,915 [pool-524-thread-1] INFO  server.RaftServerConfigKeys (ConfUtils.java:logGet(44)) - raft.server.snapshot.auto.trigger.threshold = 10000 (custom)
2021-10-10 13:46:18,936 [pool-524-thread-1] INFO  server.RaftServerConfigKeys (ConfUtils.java:logGet(44)) - raft.server.snapshot.retention.file.num = 5 (custom)
2021-10-10 13:46:18,936 [pool-524-thread-1] INFO  server.RaftServerConfigKeys (ConfUtils.java:logGet(44)) - raft.server.log.purge.upto.snapshot.index = false (default)
2021-10-10 13:46:18,936 [pool-524-thread-1] INFO  server.RaftServerConfigKeys (ConfUtils.java:logGet(44)) - raft.server.retrycache.expirytime = 600000ms (custom)
2021-10-10 13:46:18,936 [pool-524-thread-1] INFO  server.RaftServerConfigKeys (ConfUtils.java:logGet(44)) - raft.server.retrycache.statistics.expirytime = 100μs (default)
2021-10-10 13:46:18,938 [pool-524-thread-1] INFO  server.RaftServer$Division (RaftServerImpl.java:start(296)) - c90bef4f-1c21-43c2-97aa-1f5cf6648a6f@group-CD7BCB0E62FF: start as a follower, conf=-1: [c90bef4f-1c21-43c2-97aa-1f5cf6648a6f|rpc:10.1.0.17:44117|priority:0, f0a8fd88-2511-4bc8-952c-803d3ca6483c|rpc:10.1.0.17:45269|priority:0, 52be5aae-b0d8-4d04-b923-225165c5914d|rpc:10.1.0.17:37435|priority:1], old=null
2021-10-10 13:46:18,938 [pool-524-thread-1] INFO  server.RaftServer$Division (RaftServerImpl.java:setRole(285)) - c90bef4f-1c21-43c2-97aa-1f5cf6648a6f@group-CD7BCB0E62FF: changes role from      null to FOLLOWER at term 0 for startAsFollower
2021-10-10 13:46:18,938 [pool-524-thread-1] INFO  impl.RoleInfo (RoleInfo.java:updateAndGet(130)) - c90bef4f-1c21-43c2-97aa-1f5cf6648a6f: start c90bef4f-1c21-43c2-97aa-1f5cf6648a6f@group-CD7BCB0E62FF-FollowerState
2021-10-10 13:46:18,938 [pool-524-thread-1] INFO  util.JmxRegister (JmxRegister.java:tryRegister(44)) - Successfully registered JMX Bean with object name Ratis:service=RaftServer,group=group-CD7BCB0E62FF,id=c90bef4f-1c21-43c2-97aa-1f5cf6648a6f
2021-10-10 13:46:18,943 [Command processor thread] INFO  ratis.XceiverServerRatis (XceiverServerRatis.java:addGroup(763)) - Created group PipelineID=38b5fb90-feb8-420d-a116-cd7bcb0e62ff
2021-10-10 13:46:19,146 [grpc-default-executor-2] INFO  server.RaftServer (RaftServerProxy.java:addNew(95)) - 52be5aae-b0d8-4d04-b923-225165c5914d: addNew group-CD7BCB0E62FF:[c90bef4f-1c21-43c2-97aa-1f5cf6648a6f|rpc:10.1.0.17:44117|dataStream:|priority:0, f0a8fd88-2511-4bc8-952c-803d3ca6483c|rpc:10.1.0.17:45269|dataStream:|priority:0, 52be5aae-b0d8-4d04-b923-225165c5914d|rpc:10.1.0.17:37435|dataStream:|priority:1] returns group-CD7BCB0E62FF:java.util.concurrent.CompletableFuture@d7bafd1[Not completed]
2021-10-10 13:46:19,147 [pool-543-thread-1] INFO  server.RaftServer$Division (RaftServerImpl.java:<init>(181)) - 52be5aae-b0d8-4d04-b923-225165c5914d: new RaftServerImpl for group-CD7BCB0E62FF:[c90bef4f-1c21-43c2-97aa-1f5cf6648a6f|rpc:10.1.0.17:44117|dataStream:|priority:0, f0a8fd88-2511-4bc8-952c-803d3ca6483c|rpc:10.1.0.17:45269|dataStream:|priority:0, 52be5aae-b0d8-4d04-b923-225165c5914d|rpc:10.1.0.17:37435|dataStream:|priority:1] with ContainerStateMachine:uninitialized
2021-10-10 13:46:19,148 [pool-543-thread-1] INFO  server.RaftServerConfigKeys (ConfUtils.java:logGet(44)) - raft.server.rpc.timeout.min = 5s (custom)
2021-10-10 13:46:19,148 [pool-543-thread-1] INFO  server.RaftServerConfigKeys (ConfUtils.java:logGet(44)) - raft.server.rpc.timeout.max = 5200ms (custom)
2021-10-10 13:46:19,148 [pool-543-thread-1] INFO  server.RaftServerConfigKeys (ConfUtils.java:logGet(44)) - raft.server.rpc.sleep.time = 25ms (default)
2021-10-10 13:46:19,148 [pool-543-thread-1] INFO  server.RaftServerConfigKeys (ConfUtils.java:logGet(44)) - raft.server.rpc.slowness.timeout = 300000ms (custom)
2021-10-10 13:46:19,148 [pool-543-thread-1] INFO  server.RaftServerConfigKeys (ConfUtils.java:logGet(44)) - raft.server.leaderelection.leader.step-down.wait-time = 10s (default)
2021-10-10 13:46:19,148 [pool-543-thread-1] INFO  server.RaftServerConfigKeys (ConfUtils.java:logGet(44)) - raft.server.sleep.deviation.threshold = 300ms (default)
2021-10-10 13:46:19,148 [pool-543-thread-1] INFO  server.RaftServerConfigKeys (ConfUtils.java:logGet(44)) - raft.server.log.appender.install.snapshot.enabled = false (custom)
2021-10-10 13:46:19,148 [pool-543-thread-1] INFO  server.RaftServer$Division (ServerState.java:<init>(105)) - 52be5aae-b0d8-4d04-b923-225165c5914d@group-CD7BCB0E62FF: ConfigurationManager, init=-1: [c90bef4f-1c21-43c2-97aa-1f5cf6648a6f|rpc:10.1.0.17:44117|dataStream:|priority:0, f0a8fd88-2511-4bc8-952c-803d3ca6483c|rpc:10.1.0.17:45269|dataStream:|priority:0, 52be5aae-b0d8-4d04-b923-225165c5914d|rpc:10.1.0.17:37435|dataStream:|priority:1], old=null, confs=<EMPTY_MAP>
2021-10-10 13:46:19,148 [pool-543-thread-1] INFO  server.RaftServerConfigKeys (ConfUtils.java:logGet(44)) - raft.server.storage.dir = [/home/runner/work/ozone/ozone/hadoop-ozone/integration-test/target/test-dir/MiniOzoneClusterImpl-0f145d0e-b24d-4882-976e-a7baa8a64dfe/datanode-2/data/ratis] (custom)
2021-10-10 13:46:19,148 [pool-543-thread-1] INFO  server.RaftServerConfigKeys (ConfUtils.java:logGet(44)) - raft.server.log.corruption.policy = EXCEPTION (default)
2021-10-10 13:46:19,148 [pool-543-thread-1] INFO  server.RaftServerConfigKeys (ConfUtils.java:logGet(44)) - raft.server.storage.free-space.min = 0MB (=0) (default)
2021-10-10 13:46:19,148 [pool-543-thread-1] INFO  storage.RaftStorageDirectory (RaftStorageDirectoryImpl.java:analyzeStorage(135)) - The storage directory /home/runner/work/ozone/ozone/hadoop-ozone/integration-test/target/test-dir/MiniOzoneClusterImpl-0f145d0e-b24d-4882-976e-a7baa8a64dfe/datanode-2/data/ratis/38b5fb90-feb8-420d-a116-cd7bcb0e62ff does not exist. Creating ...
2021-10-10 13:46:19,150 [pool-543-thread-1] INFO  storage.RaftStorageDirectory (RaftStorageDirectoryImpl.java:tryLock(230)) - Lock on /home/runner/work/ozone/ozone/hadoop-ozone/integration-test/target/test-dir/MiniOzoneClusterImpl-0f145d0e-b24d-4882-976e-a7baa8a64dfe/datanode-2/data/ratis/38b5fb90-feb8-420d-a116-cd7bcb0e62ff/in_use.lock acquired by nodename 4979@fv-az291-460
2021-10-10 13:46:19,151 [pool-543-thread-1] INFO  storage.RaftStorage (RaftStorageImpl.java:format(89)) - Storage directory /home/runner/work/ozone/ozone/hadoop-ozone/integration-test/target/test-dir/MiniOzoneClusterImpl-0f145d0e-b24d-4882-976e-a7baa8a64dfe/datanode-2/data/ratis/38b5fb90-feb8-420d-a116-cd7bcb0e62ff has been successfully formatted.
2021-10-10 13:46:19,165 [pool-543-thread-1] INFO  ratis.ContainerStateMachine (ContainerStateMachine.java:loadSnapshot(224)) - group-CD7BCB0E62FF: The snapshot info is null. Setting the last applied indexto:(t:0, i:~)
2021-10-10 13:46:19,165 [pool-543-thread-1] INFO  server.RaftServerConfigKeys (ConfUtils.java:logGet(44)) - raft.server.notification.no-leader.timeout = 300000ms (custom)
2021-10-10 13:46:19,165 [pool-543-thread-1] INFO  server.RaftServerConfigKeys (ConfUtils.java:logGet(44)) - raft.server.log.use.memory = false (default)
2021-10-10 13:46:19,165 [pool-543-thread-1] INFO  server.RaftServerConfigKeys (ConfUtils.java:logGet(44)) - raft.server.log.purge.gap = 1000000 (custom)
2021-10-10 13:46:19,165 [pool-543-thread-1] INFO  server.RaftServerConfigKeys (ConfUtils.java:logGet(44)) - raft.server.log.appender.buffer.byte-limit = 33554432 (custom)
2021-10-10 13:46:19,165 [pool-543-thread-1] INFO  server.RaftServerConfigKeys (ConfUtils.java:logGet(44)) - raft.server.log.segment.size.max = 1048576 (custom)
2021-10-10 13:46:19,165 [pool-543-thread-1] INFO  server.RaftServerConfigKeys (ConfUtils.java:logGet(44)) - raft.server.log.segment.cache.num.max = 2 (custom)
2021-10-10 13:46:19,166 [pool-543-thread-1] INFO  server.RaftServerConfigKeys (ConfUtils.java:logGet(44)) - raft.server.log.segment.cache.size.max = 200MB (=209715200) (default)
2021-10-10 13:46:19,166 [pool-543-thread-1] INFO  segmented.SegmentedRaftLogWorker (SegmentedRaftLogWorker.java:<init>(182)) - new 52be5aae-b0d8-4d04-b923-225165c5914d@group-CD7BCB0E62FF-SegmentedRaftLogWorker for RaftStorageImpl:Storage Directory /home/runner/work/ozone/ozone/hadoop-ozone/integration-test/target/test-dir/MiniOzoneClusterImpl-0f145d0e-b24d-4882-976e-a7baa8a64dfe/datanode-2/data/ratis/38b5fb90-feb8-420d-a116-cd7bcb0e62ff
2021-10-10 13:46:19,166 [pool-543-thread-1] INFO  server.RaftServerConfigKeys (ConfUtils.java:logGet(44)) - raft.server.log.queue.byte-limit = 2147483647 (custom)
2021-10-10 13:46:19,166 [pool-543-thread-1] INFO  server.RaftServerConfigKeys (ConfUtils.java:logGet(44)) - raft.server.log.queue.element-limit = 1024 (custom)
2021-10-10 13:46:19,166 [pool-543-thread-1] INFO  server.RaftServerConfigKeys (ConfUtils.java:logGet(44)) - raft.server.log.segment.size.max = 1048576 (custom)
2021-10-10 13:46:19,166 [pool-543-thread-1] INFO  server.RaftServerConfigKeys (ConfUtils.java:logGet(44)) - raft.server.log.preallocated.size = 16384 (custom)
2021-10-10 13:46:19,166 [pool-543-thread-1] INFO  server.RaftServerConfigKeys (ConfUtils.java:logGet(44)) - raft.server.log.force.sync.num = 128 (default)
2021-10-10 13:46:19,166 [pool-543-thread-1] INFO  server.RaftServerConfigKeys (ConfUtils.java:logGet(44)) - raft.server.log.statemachine.data.sync = true (default)
2021-10-10 13:46:19,166 [pool-543-thread-1] INFO  server.RaftServerConfigKeys (ConfUtils.java:logGet(44)) - raft.server.log.statemachine.data.sync.timeout = 10s (default)
2021-10-10 13:46:19,166 [pool-543-thread-1] INFO  server.RaftServerConfigKeys (ConfUtils.java:logGet(44)) - raft.server.log.statemachine.data.sync.timeout.retry = -1 (default)
2021-10-10 13:46:19,167 [Datanode State Machine Thread - 0] WARN  statemachine.StateContext (StateContext.java:execute(621)) - No available thread in pool for past 1 seconds.
2021-10-10 13:46:19,169 [pool-543-thread-1] INFO  server.RaftServerConfigKeys (ConfUtils.java:logGet(44)) - raft.server.log.write.buffer.size = 1048576 (custom)
2021-10-10 13:46:19,170 [pool-543-thread-1] INFO  server.RaftServerConfigKeys (ConfUtils.java:logGet(44)) - raft.server.log.statemachine.data.caching.enabled = true (custom)
2021-10-10 13:46:19,170 [pool-543-thread-1] INFO  segmented.SegmentedRaftLogWorker (SegmentedRaftLogWorker.java:lambda$new$0(133)) - 52be5aae-b0d8-4d04-b923-225165c5914d@group-CD7BCB0E62FF-SegmentedRaftLogWorker: flushIndex: setUnconditionally 0 -> -1
2021-10-10 13:46:19,170 [pool-543-thread-1] INFO  segmented.SegmentedRaftLogWorker (SegmentedRaftLogWorker.java:lambda$new$0(133)) - 52be5aae-b0d8-4d04-b923-225165c5914d@group-CD7BCB0E62FF-SegmentedRaftLogWorker: safeCacheEvictIndex: setUnconditionally 0 -> -1
2021-10-10 13:46:19,177 [pool-543-thread-1] INFO  server.RaftServerConfigKeys (ConfUtils.java:logGet(44)) - raft.server.snapshot.auto.trigger.enabled = true (custom)
2021-10-10 13:46:19,177 [pool-543-thread-1] INFO  server.RaftServerConfigKeys (ConfUtils.java:logGet(44)) - raft.server.snapshot.auto.trigger.threshold = 10000 (custom)
2021-10-10 13:46:19,199 [pool-543-thread-1] INFO  server.RaftServerConfigKeys (ConfUtils.java:logGet(44)) - raft.server.snapshot.retention.file.num = 5 (custom)
2021-10-10 13:46:19,199 [pool-543-thread-1] INFO  server.RaftServerConfigKeys (ConfUtils.java:logGet(44)) - raft.server.log.purge.upto.snapshot.index = false (default)
2021-10-10 13:46:19,199 [pool-543-thread-1] INFO  server.RaftServerConfigKeys (ConfUtils.java:logGet(44)) - raft.server.retrycache.expirytime = 600000ms (custom)
2021-10-10 13:46:19,199 [pool-543-thread-1] INFO  server.RaftServerConfigKeys (ConfUtils.java:logGet(44)) - raft.server.retrycache.statistics.expirytime = 100μs (default)
2021-10-10 13:46:19,201 [pool-543-thread-1] INFO  server.RaftServer$Division (RaftServerImpl.java:start(296)) - 52be5aae-b0d8-4d04-b923-225165c5914d@group-CD7BCB0E62FF: start as a follower, conf=-1: [c90bef4f-1c21-43c2-97aa-1f5cf6648a6f|rpc:10.1.0.17:44117|dataStream:|priority:0, f0a8fd88-2511-4bc8-952c-803d3ca6483c|rpc:10.1.0.17:45269|dataStream:|priority:0, 52be5aae-b0d8-4d04-b923-225165c5914d|rpc:10.1.0.17:37435|dataStream:|priority:1], old=null
2021-10-10 13:46:19,201 [pool-543-thread-1] INFO  server.RaftServer$Division (RaftServerImpl.java:setRole(285)) - 52be5aae-b0d8-4d04-b923-225165c5914d@group-CD7BCB0E62FF: changes role from      null to FOLLOWER at term 0 for startAsFollower
2021-10-10 13:46:19,201 [pool-543-thread-1] INFO  impl.RoleInfo (RoleInfo.java:updateAndGet(130)) - 52be5aae-b0d8-4d04-b923-225165c5914d: start 52be5aae-b0d8-4d04-b923-225165c5914d@group-CD7BCB0E62FF-FollowerState
2021-10-10 13:46:19,206 [pool-543-thread-1] INFO  util.JmxRegister (JmxRegister.java:tryRegister(44)) - Successfully registered JMX Bean with object name Ratis:service=RaftServer,group=group-CD7BCB0E62FF,id=52be5aae-b0d8-4d04-b923-225165c5914d
2021-10-10 13:46:19,220 [Command processor thread] INFO  commandhandler.CreatePipelineCommandHandler (CreatePipelineCommandHandler.java:handle(106)) - Created Pipeline RATIS THREE PipelineID=38b5fb90-feb8-420d-a116-cd7bcb0e62ff.
2021-10-10 13:46:19,256 [Command processor thread] INFO  commandhandler.CreatePipelineCommandHandler (CreatePipelineCommandHandler.java:handle(106)) - Created Pipeline RATIS THREE PipelineID=38b5fb90-feb8-420d-a116-cd7bcb0e62ff.
2021-10-10 13:46:19,368 [Command processor thread] INFO  server.RaftServer (RaftServerProxy.java:addNew(95)) - 52be5aae-b0d8-4d04-b923-225165c5914d: addNew group-C5D91A017FDE:[52be5aae-b0d8-4d04-b923-225165c5914d|rpc:10.1.0.17:37435|priority:1] returns group-C5D91A017FDE:java.util.concurrent.CompletableFuture@1c9d1aed[Not completed]
2021-10-10 13:46:19,370 [pool-543-thread-1] INFO  server.RaftServer$Division (RaftServerImpl.java:<init>(181)) - 52be5aae-b0d8-4d04-b923-225165c5914d: new RaftServerImpl for group-C5D91A017FDE:[52be5aae-b0d8-4d04-b923-225165c5914d|rpc:10.1.0.17:37435|priority:1] with ContainerStateMachine:uninitialized
2021-10-10 13:46:19,370 [pool-543-thread-1] INFO  server.RaftServerConfigKeys (ConfUtils.java:logGet(44)) - raft.server.rpc.timeout.min = 5s (custom)
2021-10-10 13:46:19,370 [pool-543-thread-1] INFO  server.RaftServerConfigKeys (ConfUtils.java:logGet(44)) - raft.server.rpc.timeout.max = 5200ms (custom)
2021-10-10 13:46:19,370 [pool-543-thread-1] INFO  server.RaftServerConfigKeys (ConfUtils.java:logGet(44)) - raft.server.rpc.sleep.time = 25ms (default)
2021-10-10 13:46:19,370 [pool-543-thread-1] INFO  server.RaftServerConfigKeys (ConfUtils.java:logGet(44)) - raft.server.rpc.slowness.timeout = 300000ms (custom)
2021-10-10 13:46:19,370 [pool-543-thread-1] INFO  server.RaftServerConfigKeys (ConfUtils.java:logGet(44)) - raft.server.leaderelection.leader.step-down.wait-time = 10s (default)
2021-10-10 13:46:19,370 [pool-543-thread-1] INFO  server.RaftServerConfigKeys (ConfUtils.java:logGet(44)) - raft.server.sleep.deviation.threshold = 300ms (default)
2021-10-10 13:46:19,370 [pool-543-thread-1] INFO  server.RaftServerConfigKeys (ConfUtils.java:logGet(44)) - raft.server.log.appender.install.snapshot.enabled = false (custom)
2021-10-10 13:46:19,370 [pool-543-thread-1] INFO  server.RaftServer$Division (ServerState.java:<init>(105)) - 52be5aae-b0d8-4d04-b923-225165c5914d@group-C5D91A017FDE: ConfigurationManager, init=-1: [52be5aae-b0d8-4d04-b923-225165c5914d|rpc:10.1.0.17:37435|priority:1], old=null, confs=<EMPTY_MAP>
2021-10-10 13:46:19,370 [pool-543-thread-1] INFO  server.RaftServerConfigKeys (ConfUtils.java:logGet(44)) - raft.server.storage.dir = [/home/runner/work/ozone/ozone/hadoop-ozone/integration-test/target/test-dir/MiniOzoneClusterImpl-0f145d0e-b24d-4882-976e-a7baa8a64dfe/datanode-2/data/ratis] (custom)
2021-10-10 13:46:19,371 [pool-543-thread-1] INFO  server.RaftServerConfigKeys (ConfUtils.java:logGet(44)) - raft.server.log.corruption.policy = EXCEPTION (default)
2021-10-10 13:46:19,371 [pool-543-thread-1] INFO  server.RaftServerConfigKeys (ConfUtils.java:logGet(44)) - raft.server.storage.free-space.min = 0MB (=0) (default)
2021-10-10 13:46:19,371 [pool-543-thread-1] INFO  storage.RaftStorageDirectory (RaftStorageDirectoryImpl.java:analyzeStorage(135)) - The storage directory /home/runner/work/ozone/ozone/hadoop-ozone/integration-test/target/test-dir/MiniOzoneClusterImpl-0f145d0e-b24d-4882-976e-a7baa8a64dfe/datanode-2/data/ratis/26850a3e-1446-45ef-b118-c5d91a017fde does not exist. Creating ...
2021-10-10 13:46:19,387 [pool-543-thread-1] INFO  storage.RaftStorageDirectory (RaftStorageDirectoryImpl.java:tryLock(230)) - Lock on /home/runner/work/ozone/ozone/hadoop-ozone/integration-test/target/test-dir/MiniOzoneClusterImpl-0f145d0e-b24d-4882-976e-a7baa8a64dfe/datanode-2/data/ratis/26850a3e-1446-45ef-b118-c5d91a017fde/in_use.lock acquired by nodename 4979@fv-az291-460
2021-10-10 13:46:19,389 [pool-543-thread-1] INFO  storage.RaftStorage (RaftStorageImpl.java:format(89)) - Storage directory /home/runner/work/ozone/ozone/hadoop-ozone/integration-test/target/test-dir/MiniOzoneClusterImpl-0f145d0e-b24d-4882-976e-a7baa8a64dfe/datanode-2/data/ratis/26850a3e-1446-45ef-b118-c5d91a017fde has been successfully formatted.
2021-10-10 13:46:19,389 [pool-543-thread-1] INFO  ratis.ContainerStateMachine (ContainerStateMachine.java:loadSnapshot(224)) - group-C5D91A017FDE: The snapshot info is null. Setting the last applied indexto:(t:0, i:~)
2021-10-10 13:46:19,391 [pool-543-thread-1] INFO  server.RaftServerConfigKeys (ConfUtils.java:logGet(44)) - raft.server.notification.no-leader.timeout = 300000ms (custom)
2021-10-10 13:46:19,391 [Datanode State Machine Thread - 0] WARN  statemachine.StateContext (StateContext.java:execute(621)) - No available thread in pool for past 1 seconds.
2021-10-10 13:46:19,391 [pool-543-thread-1] INFO  server.RaftServerConfigKeys (ConfUtils.java:logGet(44)) - raft.server.log.use.memory = false (default)
2021-10-10 13:46:19,392 [EventQueue-PipelineReportForPipelineReportHandler] INFO  pipeline.PipelineManagerImpl (PipelineManagerImpl.java:openPipeline(282)) - Pipeline Pipeline[ Id: 26850a3e-1446-45ef-b118-c5d91a017fde, Nodes: 52be5aae-b0d8-4d04-b923-225165c5914d{ip: 10.1.0.17, host: fv-az291-460.wgnan5asplgejimfprtllbpdch.jx.internal.cloudapp.net, ports: [REPLICATION=34769, RATIS=37435, RATIS_ADMIN=37435, RATIS_SERVER=37435, STANDALONE=40505], networkLocation: /default-rack, certSerialId: null, persistedOpState: IN_SERVICE, persistedOpStateExpiryEpochSec: 0}, ReplicationConfig: RATIS/ONE, State:ALLOCATED, leaderId:52be5aae-b0d8-4d04-b923-225165c5914d, CreationTimestamp2021-10-10T13:46:16.375Z[Etc/UTC]] moved to OPEN state
2021-10-10 13:46:19,392 [EventQueue-OpenPipelineForHealthyPipelineSafeModeRule] INFO  safemode.SCMSafeModeManager (HealthyPipelineSafeModeRule.java:process(124)) - SCM in safe mode. Healthy pipelines reported count is 0, required healthy pipeline reported count is 1
2021-10-10 13:46:19,392 [pool-543-thread-1] INFO  server.RaftServerConfigKeys (ConfUtils.java:logGet(44)) - raft.server.log.purge.gap = 1000000 (custom)
2021-10-10 13:46:19,392 [pool-543-thread-1] INFO  server.RaftServerConfigKeys (ConfUtils.java:logGet(44)) - raft.server.log.appender.buffer.byte-limit = 33554432 (custom)
2021-10-10 13:46:19,393 [pool-543-thread-1] INFO  server.RaftServerConfigKeys (ConfUtils.java:logGet(44)) - raft.server.log.segment.size.max = 1048576 (custom)
2021-10-10 13:46:19,393 [pool-543-thread-1] INFO  server.RaftServerConfigKeys (ConfUtils.java:logGet(44)) - raft.server.log.segment.cache.num.max = 2 (custom)
2021-10-10 13:46:19,393 [pool-543-thread-1] INFO  server.RaftServerConfigKeys (ConfUtils.java:logGet(44)) - raft.server.log.segment.cache.size.max = 200MB (=209715200) (default)
2021-10-10 13:46:19,393 [pool-543-thread-1] INFO  segmented.SegmentedRaftLogWorker (SegmentedRaftLogWorker.java:<init>(182)) - new 52be5aae-b0d8-4d04-b923-225165c5914d@group-C5D91A017FDE-SegmentedRaftLogWorker for RaftStorageImpl:Storage Directory /home/runner/work/ozone/ozone/hadoop-ozone/integration-test/target/test-dir/MiniOzoneClusterImpl-0f145d0e-b24d-4882-976e-a7baa8a64dfe/datanode-2/data/ratis/26850a3e-1446-45ef-b118-c5d91a017fde
2021-10-10 13:46:19,393 [pool-543-thread-1] INFO  server.RaftServerConfigKeys (ConfUtils.java:logGet(44)) - raft.server.log.queue.byte-limit = 2147483647 (custom)
2021-10-10 13:46:19,393 [pool-543-thread-1] INFO  server.RaftServerConfigKeys (ConfUtils.java:logGet(44)) - raft.server.log.queue.element-limit = 1024 (custom)
2021-10-10 13:46:19,393 [pool-543-thread-1] INFO  server.RaftServerConfigKeys (ConfUtils.java:logGet(44)) - raft.server.log.segment.size.max = 1048576 (custom)
2021-10-10 13:46:19,394 [pool-543-thread-1] INFO  server.RaftServerConfigKeys (ConfUtils.java:logGet(44)) - raft.server.log.preallocated.size = 16384 (custom)
2021-10-10 13:46:19,394 [pool-543-thread-1] INFO  server.RaftServerConfigKeys (ConfUtils.java:logGet(44)) - raft.server.log.force.sync.num = 128 (default)
2021-10-10 13:46:19,394 [pool-543-thread-1] INFO  server.RaftServerConfigKeys (ConfUtils.java:logGet(44)) - raft.server.log.statemachine.data.sync = true (default)
2021-10-10 13:46:19,394 [pool-543-thread-1] INFO  server.RaftServerConfigKeys (ConfUtils.java:logGet(44)) - raft.server.log.statemachine.data.sync.timeout = 10s (default)
2021-10-10 13:46:19,394 [pool-543-thread-1] INFO  server.RaftServerConfigKeys (ConfUtils.java:logGet(44)) - raft.server.log.statemachine.data.sync.timeout.retry = -1 (default)
2021-10-10 13:46:19,395 [pool-543-thread-1] INFO  server.RaftServerConfigKeys (ConfUtils.java:logGet(44)) - raft.server.log.write.buffer.size = 1048576 (custom)
2021-10-10 13:46:19,397 [pool-543-thread-1] INFO  server.RaftServerConfigKeys (ConfUtils.java:logGet(44)) - raft.server.log.statemachine.data.caching.enabled = true (custom)
2021-10-10 13:46:19,397 [pool-543-thread-1] INFO  segmented.SegmentedRaftLogWorker (SegmentedRaftLogWorker.java:lambda$new$0(133)) - 52be5aae-b0d8-4d04-b923-225165c5914d@group-C5D91A017FDE-SegmentedRaftLogWorker: flushIndex: setUnconditionally 0 -> -1
2021-10-10 13:46:19,397 [pool-543-thread-1] INFO  segmented.SegmentedRaftLogWorker (SegmentedRaftLogWorker.java:lambda$new$0(133)) - 52be5aae-b0d8-4d04-b923-225165c5914d@group-C5D91A017FDE-SegmentedRaftLogWorker: safeCacheEvictIndex: setUnconditionally 0 -> -1
2021-10-10 13:46:19,397 [pool-543-thread-1] INFO  server.RaftServerConfigKeys (ConfUtils.java:logGet(44)) - raft.server.snapshot.auto.trigger.enabled = true (custom)
2021-10-10 13:46:19,397 [pool-543-thread-1] INFO  server.RaftServerConfigKeys (ConfUtils.java:logGet(44)) - raft.server.snapshot.auto.trigger.threshold = 10000 (custom)
2021-10-10 13:46:19,397 [pool-543-thread-1] INFO  server.RaftServerConfigKeys (ConfUtils.java:logGet(44)) - raft.server.snapshot.retention.file.num = 5 (custom)
2021-10-10 13:46:19,398 [pool-543-thread-1] INFO  server.RaftServerConfigKeys (ConfUtils.java:logGet(44)) - raft.server.log.purge.upto.snapshot.index = false (default)
2021-10-10 13:46:19,398 [pool-543-thread-1] INFO  server.RaftServerConfigKeys (ConfUtils.java:logGet(44)) - raft.server.retrycache.expirytime = 600000ms (custom)
2021-10-10 13:46:19,398 [pool-543-thread-1] INFO  server.RaftServerConfigKeys (ConfUtils.java:logGet(44)) - raft.server.retrycache.statistics.expirytime = 100μs (default)
2021-10-10 13:46:19,399 [pool-543-thread-1] INFO  server.RaftServer$Division (RaftServerImpl.java:start(296)) - 52be5aae-b0d8-4d04-b923-225165c5914d@group-C5D91A017FDE: start as a follower, conf=-1: [52be5aae-b0d8-4d04-b923-225165c5914d|rpc:10.1.0.17:37435|priority:1], old=null
2021-10-10 13:46:19,399 [pool-543-thread-1] INFO  server.RaftServer$Division (RaftServerImpl.java:setRole(285)) - 52be5aae-b0d8-4d04-b923-225165c5914d@group-C5D91A017FDE: changes role from      null to FOLLOWER at term 0 for startAsFollower
2021-10-10 13:46:19,399 [pool-543-thread-1] INFO  impl.RoleInfo (RoleInfo.java:updateAndGet(130)) - 52be5aae-b0d8-4d04-b923-225165c5914d: start 52be5aae-b0d8-4d04-b923-225165c5914d@group-C5D91A017FDE-FollowerState
2021-10-10 13:46:19,411 [pool-543-thread-1] INFO  util.JmxRegister (JmxRegister.java:tryRegister(44)) - Successfully registered JMX Bean with object name Ratis:service=RaftServer,group=group-C5D91A017FDE,id=52be5aae-b0d8-4d04-b923-225165c5914d
2021-10-10 13:46:19,411 [Command processor thread] INFO  ratis.XceiverServerRatis (XceiverServerRatis.java:addGroup(763)) - Created group PipelineID=26850a3e-1446-45ef-b118-c5d91a017fde
2021-10-10 13:46:19,411 [Command processor thread] INFO  commandhandler.CreatePipelineCommandHandler (CreatePipelineCommandHandler.java:handle(106)) - Created Pipeline RATIS ONE PipelineID=26850a3e-1446-45ef-b118-c5d91a017fde.
2021-10-10 13:46:19,704 [Listener at 127.0.0.1/44821] INFO  ozone.MiniOzoneClusterImpl (MiniOzoneClusterImpl.java:lambda$waitForClusterToBeReady$0(235)) - Nodes are ready. Got 7 of 7 DN Heartbeats.
2021-10-10 13:46:19,704 [Listener at 127.0.0.1/44821] INFO  ozone.MiniOzoneClusterImpl (MiniOzoneClusterImpl.java:lambda$waitForClusterToBeReady$0(238)) - Waiting for cluster to exit safe mode
2021-10-10 13:46:19,704 [Listener at 127.0.0.1/44821] INFO  ozone.MiniOzoneClusterImpl (MiniOzoneClusterImpl.java:lambda$waitForClusterToBeReady$0(240)) - SCM became leader
2021-10-10 13:46:19,732 [Command processor thread] INFO  server.RaftServer (RaftServerProxy.java:addNew(95)) - 1d4e4b2f-e6a0-4223-b62b-246b29415176: addNew group-F44C8908778D:[1d4e4b2f-e6a0-4223-b62b-246b29415176|rpc:10.1.0.17:44219|priority:1] returns group-F44C8908778D:java.util.concurrent.CompletableFuture@f7a9807[Not completed]
2021-10-10 13:46:19,734 [pool-562-thread-1] INFO  server.RaftServer$Division (RaftServerImpl.java:<init>(181)) - 1d4e4b2f-e6a0-4223-b62b-246b29415176: new RaftServerImpl for group-F44C8908778D:[1d4e4b2f-e6a0-4223-b62b-246b29415176|rpc:10.1.0.17:44219|priority:1] with ContainerStateMachine:uninitialized
2021-10-10 13:46:19,734 [pool-562-thread-1] INFO  server.RaftServerConfigKeys (ConfUtils.java:logGet(44)) - raft.server.rpc.timeout.min = 5s (custom)
2021-10-10 13:46:19,734 [pool-562-thread-1] INFO  server.RaftServerConfigKeys (ConfUtils.java:logGet(44)) - raft.server.rpc.timeout.max = 5200ms (custom)
2021-10-10 13:46:19,734 [pool-562-thread-1] INFO  server.RaftServerConfigKeys (ConfUtils.java:logGet(44)) - raft.server.rpc.sleep.time = 25ms (default)
2021-10-10 13:46:19,734 [pool-562-thread-1] INFO  server.RaftServerConfigKeys (ConfUtils.java:logGet(44)) - raft.server.rpc.slowness.timeout = 300000ms (custom)
2021-10-10 13:46:19,734 [pool-562-thread-1] INFO  server.RaftServerConfigKeys (ConfUtils.java:logGet(44)) - raft.server.leaderelection.leader.step-down.wait-time = 10s (default)
2021-10-10 13:46:19,734 [pool-562-thread-1] INFO  server.RaftServerConfigKeys (ConfUtils.java:logGet(44)) - raft.server.sleep.deviation.threshold = 300ms (default)
2021-10-10 13:46:19,734 [pool-562-thread-1] INFO  server.RaftServerConfigKeys (ConfUtils.java:logGet(44)) - raft.server.log.appender.install.snapshot.enabled = false (custom)
2021-10-10 13:46:19,734 [pool-562-thread-1] INFO  server.RaftServer$Division (ServerState.java:<init>(105)) - 1d4e4b2f-e6a0-4223-b62b-246b29415176@group-F44C8908778D: ConfigurationManager, init=-1: [1d4e4b2f-e6a0-4223-b62b-246b29415176|rpc:10.1.0.17:44219|priority:1], old=null, confs=<EMPTY_MAP>
2021-10-10 13:46:19,734 [pool-562-thread-1] INFO  server.RaftServerConfigKeys (ConfUtils.java:logGet(44)) - raft.server.storage.dir = [/home/runner/work/ozone/ozone/hadoop-ozone/integration-test/target/test-dir/MiniOzoneClusterImpl-0f145d0e-b24d-4882-976e-a7baa8a64dfe/datanode-3/data/ratis] (custom)
2021-10-10 13:46:19,735 [pool-562-thread-1] INFO  server.RaftServerConfigKeys (ConfUtils.java:logGet(44)) - raft.server.log.corruption.policy = EXCEPTION (default)
2021-10-10 13:46:19,735 [pool-562-thread-1] INFO  server.RaftServerConfigKeys (ConfUtils.java:logGet(44)) - raft.server.storage.free-space.min = 0MB (=0) (default)
2021-10-10 13:46:19,735 [pool-562-thread-1] INFO  storage.RaftStorageDirectory (RaftStorageDirectoryImpl.java:analyzeStorage(135)) - The storage directory /home/runner/work/ozone/ozone/hadoop-ozone/integration-test/target/test-dir/MiniOzoneClusterImpl-0f145d0e-b24d-4882-976e-a7baa8a64dfe/datanode-3/data/ratis/2bb0ad25-7e9d-4919-9f0c-f44c8908778d does not exist. Creating ...
2021-10-10 13:46:19,750 [pool-562-thread-1] INFO  storage.RaftStorageDirectory (RaftStorageDirectoryImpl.java:tryLock(230)) - Lock on /home/runner/work/ozone/ozone/hadoop-ozone/integration-test/target/test-dir/MiniOzoneClusterImpl-0f145d0e-b24d-4882-976e-a7baa8a64dfe/datanode-3/data/ratis/2bb0ad25-7e9d-4919-9f0c-f44c8908778d/in_use.lock acquired by nodename 4979@fv-az291-460
2021-10-10 13:46:19,757 [pool-562-thread-1] INFO  storage.RaftStorage (RaftStorageImpl.java:format(89)) - Storage directory /home/runner/work/ozone/ozone/hadoop-ozone/integration-test/target/test-dir/MiniOzoneClusterImpl-0f145d0e-b24d-4882-976e-a7baa8a64dfe/datanode-3/data/ratis/2bb0ad25-7e9d-4919-9f0c-f44c8908778d has been successfully formatted.
2021-10-10 13:46:19,759 [pool-562-thread-1] INFO  ratis.ContainerStateMachine (ContainerStateMachine.java:loadSnapshot(224)) - group-F44C8908778D: The snapshot info is null. Setting the last applied indexto:(t:0, i:~)
2021-10-10 13:46:19,759 [Datanode State Machine Thread - 0] WARN  statemachine.StateContext (StateContext.java:execute(621)) - No available thread in pool for past 1 seconds.
2021-10-10 13:46:19,759 [pool-562-thread-1] INFO  server.RaftServerConfigKeys (ConfUtils.java:logGet(44)) - raft.server.notification.no-leader.timeout = 300000ms (custom)
2021-10-10 13:46:19,759 [pool-562-thread-1] INFO  server.RaftServerConfigKeys (ConfUtils.java:logGet(44)) - raft.server.log.use.memory = false (default)
2021-10-10 13:46:19,759 [pool-562-thread-1] INFO  server.RaftServerConfigKeys (ConfUtils.java:logGet(44)) - raft.server.log.purge.gap = 1000000 (custom)
2021-10-10 13:46:19,759 [pool-562-thread-1] INFO  server.RaftServerConfigKeys (ConfUtils.java:logGet(44)) - raft.server.log.appender.buffer.byte-limit = 33554432 (custom)
2021-10-10 13:46:19,759 [pool-562-thread-1] INFO  server.RaftServerConfigKeys (ConfUtils.java:logGet(44)) - raft.server.log.segment.size.max = 1048576 (custom)
2021-10-10 13:46:19,760 [pool-562-thread-1] INFO  server.RaftServerConfigKeys (ConfUtils.java:logGet(44)) - raft.server.log.segment.cache.num.max = 2 (custom)
2021-10-10 13:46:19,760 [pool-562-thread-1] INFO  server.RaftServerConfigKeys (ConfUtils.java:logGet(44)) - raft.server.log.segment.cache.size.max = 200MB (=209715200) (default)
2021-10-10 13:46:19,760 [pool-562-thread-1] INFO  segmented.SegmentedRaftLogWorker (SegmentedRaftLogWorker.java:<init>(182)) - new 1d4e4b2f-e6a0-4223-b62b-246b29415176@group-F44C8908778D-SegmentedRaftLogWorker for RaftStorageImpl:Storage Directory /home/runner/work/ozone/ozone/hadoop-ozone/integration-test/target/test-dir/MiniOzoneClusterImpl-0f145d0e-b24d-4882-976e-a7baa8a64dfe/datanode-3/data/ratis/2bb0ad25-7e9d-4919-9f0c-f44c8908778d
2021-10-10 13:46:19,760 [pool-562-thread-1] INFO  server.RaftServerConfigKeys (ConfUtils.java:logGet(44)) - raft.server.log.queue.byte-limit = 2147483647 (custom)
2021-10-10 13:46:19,760 [pool-562-thread-1] INFO  server.RaftServerConfigKeys (ConfUtils.java:logGet(44)) - raft.server.log.queue.element-limit = 1024 (custom)
2021-10-10 13:46:19,760 [pool-562-thread-1] INFO  server.RaftServerConfigKeys (ConfUtils.java:logGet(44)) - raft.server.log.segment.size.max = 1048576 (custom)
2021-10-10 13:46:19,760 [pool-562-thread-1] INFO  server.RaftServerConfigKeys (ConfUtils.java:logGet(44)) - raft.server.log.preallocated.size = 16384 (custom)
2021-10-10 13:46:19,760 [pool-562-thread-1] INFO  server.RaftServerConfigKeys (ConfUtils.java:logGet(44)) - raft.server.log.force.sync.num = 128 (default)
2021-10-10 13:46:19,760 [pool-562-thread-1] INFO  server.RaftServerConfigKeys (ConfUtils.java:logGet(44)) - raft.server.log.statemachine.data.sync = true (default)
2021-10-10 13:46:19,760 [pool-562-thread-1] INFO  server.RaftServerConfigKeys (ConfUtils.java:logGet(44)) - raft.server.log.statemachine.data.sync.timeout = 10s (default)
2021-10-10 13:46:19,760 [pool-562-thread-1] INFO  server.RaftServerConfigKeys (ConfUtils.java:logGet(44)) - raft.server.log.statemachine.data.sync.timeout.retry = -1 (default)
2021-10-10 13:46:19,761 [pool-562-thread-1] INFO  server.RaftServerConfigKeys (ConfUtils.java:logGet(44)) - raft.server.log.write.buffer.size = 1048576 (custom)
2021-10-10 13:46:19,762 [pool-562-thread-1] INFO  server.RaftServerConfigKeys (ConfUtils.java:logGet(44)) - raft.server.log.statemachine.data.caching.enabled = true (custom)
2021-10-10 13:46:19,762 [pool-562-thread-1] INFO  segmented.SegmentedRaftLogWorker (SegmentedRaftLogWorker.java:lambda$new$0(133)) - 1d4e4b2f-e6a0-4223-b62b-246b29415176@group-F44C8908778D-SegmentedRaftLogWorker: flushIndex: setUnconditionally 0 -> -1
2021-10-10 13:46:19,762 [pool-562-thread-1] INFO  segmented.SegmentedRaftLogWorker (SegmentedRaftLogWorker.java:lambda$new$0(133)) - 1d4e4b2f-e6a0-4223-b62b-246b29415176@group-F44C8908778D-SegmentedRaftLogWorker: safeCacheEvictIndex: setUnconditionally 0 -> -1
2021-10-10 13:46:19,762 [pool-562-thread-1] INFO  server.RaftServerConfigKeys (ConfUtils.java:logGet(44)) - raft.server.snapshot.auto.trigger.enabled = true (custom)
2021-10-10 13:46:19,763 [pool-562-thread-1] INFO  server.RaftServerConfigKeys (ConfUtils.java:logGet(44)) - raft.server.snapshot.auto.trigger.threshold = 10000 (custom)
2021-10-10 13:46:19,763 [pool-562-thread-1] INFO  server.RaftServerConfigKeys (ConfUtils.java:logGet(44)) - raft.server.snapshot.retention.file.num = 5 (custom)
2021-10-10 13:46:19,763 [pool-562-thread-1] INFO  server.RaftServerConfigKeys (ConfUtils.java:logGet(44)) - raft.server.log.purge.upto.snapshot.index = false (default)
2021-10-10 13:46:19,763 [pool-562-thread-1] INFO  server.RaftServerConfigKeys (ConfUtils.java:logGet(44)) - raft.server.retrycache.expirytime = 600000ms (custom)
2021-10-10 13:46:19,763 [pool-562-thread-1] INFO  server.RaftServerConfigKeys (ConfUtils.java:logGet(44)) - raft.server.retrycache.statistics.expirytime = 100μs (default)
2021-10-10 13:46:19,764 [EventQueue-PipelineReportForPipelineReportHandler] INFO  pipeline.PipelineManagerImpl (PipelineManagerImpl.java:openPipeline(282)) - Pipeline Pipeline[ Id: 2bb0ad25-7e9d-4919-9f0c-f44c8908778d, Nodes: 1d4e4b2f-e6a0-4223-b62b-246b29415176{ip: 10.1.0.17, host: fv-az291-460.wgnan5asplgejimfprtllbpdch.jx.internal.cloudapp.net, ports: [REPLICATION=42583, RATIS=44219, RATIS_ADMIN=44219, RATIS_SERVER=44219, STANDALONE=40233], networkLocation: /default-rack, certSerialId: null, persistedOpState: IN_SERVICE, persistedOpStateExpiryEpochSec: 0}, ReplicationConfig: RATIS/ONE, State:ALLOCATED, leaderId:1d4e4b2f-e6a0-4223-b62b-246b29415176, CreationTimestamp2021-10-10T13:46:16.733Z[Etc/UTC]] moved to OPEN state
2021-10-10 13:46:19,764 [pool-562-thread-1] INFO  server.RaftServer$Division (RaftServerImpl.java:start(296)) - 1d4e4b2f-e6a0-4223-b62b-246b29415176@group-F44C8908778D: start as a follower, conf=-1: [1d4e4b2f-e6a0-4223-b62b-246b29415176|rpc:10.1.0.17:44219|priority:1], old=null
2021-10-10 13:46:19,764 [pool-562-thread-1] INFO  server.RaftServer$Division (RaftServerImpl.java:setRole(285)) - 1d4e4b2f-e6a0-4223-b62b-246b29415176@group-F44C8908778D: changes role from      null to FOLLOWER at term 0 for startAsFollower
2021-10-10 13:46:19,764 [pool-562-thread-1] INFO  impl.RoleInfo (RoleInfo.java:updateAndGet(130)) - 1d4e4b2f-e6a0-4223-b62b-246b29415176: start 1d4e4b2f-e6a0-4223-b62b-246b29415176@group-F44C8908778D-FollowerState
2021-10-10 13:46:19,764 [EventQueue-OpenPipelineForHealthyPipelineSafeModeRule] INFO  safemode.SCMSafeModeManager (HealthyPipelineSafeModeRule.java:process(124)) - SCM in safe mode. Healthy pipelines reported count is 0, required healthy pipeline reported count is 1
2021-10-10 13:46:19,767 [pool-562-thread-1] INFO  util.JmxRegister (JmxRegister.java:tryRegister(44)) - Successfully registered JMX Bean with object name Ratis:service=RaftServer,group=group-F44C8908778D,id=1d4e4b2f-e6a0-4223-b62b-246b29415176
2021-10-10 13:46:19,775 [Command processor thread] INFO  ratis.XceiverServerRatis (XceiverServerRatis.java:addGroup(763)) - Created group PipelineID=2bb0ad25-7e9d-4919-9f0c-f44c8908778d
2021-10-10 13:46:19,775 [Command processor thread] INFO  commandhandler.CreatePipelineCommandHandler (CreatePipelineCommandHandler.java:handle(106)) - Created Pipeline RATIS ONE PipelineID=2bb0ad25-7e9d-4919-9f0c-f44c8908778d.
2021-10-10 13:46:19,775 [Command processor thread] INFO  server.RaftServer (RaftServerProxy.java:addNew(95)) - 1d4e4b2f-e6a0-4223-b62b-246b29415176: addNew group-F3E1136D39A0:[2432123a-b439-42d5-83b4-1981f0fa2384|rpc:10.1.0.17:39429|priority:0, 1d4e4b2f-e6a0-4223-b62b-246b29415176|rpc:10.1.0.17:44219|priority:1, 9f3dcedd-2157-4ae4-b723-f54bfee8d9ce|rpc:10.1.0.17:40315|priority:0] returns group-F3E1136D39A0:java.util.concurrent.CompletableFuture@b451d30[Not completed]
2021-10-10 13:46:19,776 [pool-562-thread-1] INFO  server.RaftServer$Division (RaftServerImpl.java:<init>(181)) - 1d4e4b2f-e6a0-4223-b62b-246b29415176: new RaftServerImpl for group-F3E1136D39A0:[2432123a-b439-42d5-83b4-1981f0fa2384|rpc:10.1.0.17:39429|priority:0, 1d4e4b2f-e6a0-4223-b62b-246b29415176|rpc:10.1.0.17:44219|priority:1, 9f3dcedd-2157-4ae4-b723-f54bfee8d9ce|rpc:10.1.0.17:40315|priority:0] with ContainerStateMachine:uninitialized
2021-10-10 13:46:19,776 [pool-562-thread-1] INFO  server.RaftServerConfigKeys (ConfUtils.java:logGet(44)) - raft.server.rpc.timeout.min = 5s (custom)
2021-10-10 13:46:19,776 [pool-562-thread-1] INFO  server.RaftServerConfigKeys (ConfUtils.java:logGet(44)) - raft.server.rpc.timeout.max = 5200ms (custom)
2021-10-10 13:46:19,776 [pool-562-thread-1] INFO  server.RaftServerConfigKeys (ConfUtils.java:logGet(44)) - raft.server.rpc.sleep.time = 25ms (default)
2021-10-10 13:46:19,776 [pool-562-thread-1] INFO  server.RaftServerConfigKeys (ConfUtils.java:logGet(44)) - raft.server.rpc.slowness.timeout = 300000ms (custom)
2021-10-10 13:46:19,776 [pool-562-thread-1] INFO  server.RaftServerConfigKeys (ConfUtils.java:logGet(44)) - raft.server.leaderelection.leader.step-down.wait-time = 10s (default)
2021-10-10 13:46:19,776 [pool-562-thread-1] INFO  server.RaftServerConfigKeys (ConfUtils.java:logGet(44)) - raft.server.sleep.deviation.threshold = 300ms (default)
2021-10-10 13:46:19,776 [pool-562-thread-1] INFO  server.RaftServerConfigKeys (ConfUtils.java:logGet(44)) - raft.server.log.appender.install.snapshot.enabled = false (custom)
2021-10-10 13:46:19,776 [pool-562-thread-1] INFO  server.RaftServer$Division (ServerState.java:<init>(105)) - 1d4e4b2f-e6a0-4223-b62b-246b29415176@group-F3E1136D39A0: ConfigurationManager, init=-1: [2432123a-b439-42d5-83b4-1981f0fa2384|rpc:10.1.0.17:39429|priority:0, 1d4e4b2f-e6a0-4223-b62b-246b29415176|rpc:10.1.0.17:44219|priority:1, 9f3dcedd-2157-4ae4-b723-f54bfee8d9ce|rpc:10.1.0.17:40315|priority:0], old=null, confs=<EMPTY_MAP>
2021-10-10 13:46:19,776 [pool-562-thread-1] INFO  server.RaftServerConfigKeys (ConfUtils.java:logGet(44)) - raft.server.storage.dir = [/home/runner/work/ozone/ozone/hadoop-ozone/integration-test/target/test-dir/MiniOzoneClusterImpl-0f145d0e-b24d-4882-976e-a7baa8a64dfe/datanode-3/data/ratis] (custom)
2021-10-10 13:46:19,776 [pool-562-thread-1] INFO  server.RaftServerConfigKeys (ConfUtils.java:logGet(44)) - raft.server.log.corruption.policy = EXCEPTION (default)
2021-10-10 13:46:19,777 [pool-562-thread-1] INFO  server.RaftServerConfigKeys (ConfUtils.java:logGet(44)) - raft.server.storage.free-space.min = 0MB (=0) (default)
2021-10-10 13:46:19,777 [pool-562-thread-1] INFO  storage.RaftStorageDirectory (RaftStorageDirectoryImpl.java:analyzeStorage(135)) - The storage directory /home/runner/work/ozone/ozone/hadoop-ozone/integration-test/target/test-dir/MiniOzoneClusterImpl-0f145d0e-b24d-4882-976e-a7baa8a64dfe/datanode-3/data/ratis/16a067cd-1683-4cd8-a695-f3e1136d39a0 does not exist. Creating ...
2021-10-10 13:46:19,778 [pool-562-thread-1] INFO  storage.RaftStorageDirectory (RaftStorageDirectoryImpl.java:tryLock(230)) - Lock on /home/runner/work/ozone/ozone/hadoop-ozone/integration-test/target/test-dir/MiniOzoneClusterImpl-0f145d0e-b24d-4882-976e-a7baa8a64dfe/datanode-3/data/ratis/16a067cd-1683-4cd8-a695-f3e1136d39a0/in_use.lock acquired by nodename 4979@fv-az291-460
2021-10-10 13:46:19,791 [pool-562-thread-1] INFO  storage.RaftStorage (RaftStorageImpl.java:format(89)) - Storage directory /home/runner/work/ozone/ozone/hadoop-ozone/integration-test/target/test-dir/MiniOzoneClusterImpl-0f145d0e-b24d-4882-976e-a7baa8a64dfe/datanode-3/data/ratis/16a067cd-1683-4cd8-a695-f3e1136d39a0 has been successfully formatted.
2021-10-10 13:46:19,791 [Datanode State Machine Thread - 0] WARN  statemachine.StateContext (StateContext.java:execute(621)) - No available thread in pool for past 1 seconds.
2021-10-10 13:46:19,792 [EventQueue-OpenPipelineForHealthyPipelineSafeModeRule] INFO  safemode.SCMSafeModeManager (HealthyPipelineSafeModeRule.java:process(124)) - SCM in safe mode. Healthy pipelines reported count is 0, required healthy pipeline reported count is 1
2021-10-10 13:46:19,792 [pool-562-thread-1] INFO  ratis.ContainerStateMachine (ContainerStateMachine.java:loadSnapshot(224)) - group-F3E1136D39A0: The snapshot info is null. Setting the last applied indexto:(t:0, i:~)
2021-10-10 13:46:19,792 [pool-562-thread-1] INFO  server.RaftServerConfigKeys (ConfUtils.java:logGet(44)) - raft.server.notification.no-leader.timeout = 300000ms (custom)
2021-10-10 13:46:19,792 [pool-562-thread-1] INFO  server.RaftServerConfigKeys (ConfUtils.java:logGet(44)) - raft.server.log.use.memory = false (default)
2021-10-10 13:46:19,792 [pool-562-thread-1] INFO  server.RaftServerConfigKeys (ConfUtils.java:logGet(44)) - raft.server.log.purge.gap = 1000000 (custom)
2021-10-10 13:46:19,792 [pool-562-thread-1] INFO  server.RaftServerConfigKeys (ConfUtils.java:logGet(44)) - raft.server.log.appender.buffer.byte-limit = 33554432 (custom)
2021-10-10 13:46:19,793 [pool-562-thread-1] INFO  server.RaftServerConfigKeys (ConfUtils.java:logGet(44)) - raft.server.log.segment.size.max = 1048576 (custom)
2021-10-10 13:46:19,794 [pool-562-thread-1] INFO  server.RaftServerConfigKeys (ConfUtils.java:logGet(44)) - raft.server.log.segment.cache.num.max = 2 (custom)
2021-10-10 13:46:19,794 [pool-562-thread-1] INFO  server.RaftServerConfigKeys (ConfUtils.java:logGet(44)) - raft.server.log.segment.cache.size.max = 200MB (=209715200) (default)
2021-10-10 13:46:19,794 [pool-562-thread-1] INFO  segmented.SegmentedRaftLogWorker (SegmentedRaftLogWorker.java:<init>(182)) - new 1d4e4b2f-e6a0-4223-b62b-246b29415176@group-F3E1136D39A0-SegmentedRaftLogWorker for RaftStorageImpl:Storage Directory /home/runner/work/ozone/ozone/hadoop-ozone/integration-test/target/test-dir/MiniOzoneClusterImpl-0f145d0e-b24d-4882-976e-a7baa8a64dfe/datanode-3/data/ratis/16a067cd-1683-4cd8-a695-f3e1136d39a0
2021-10-10 13:46:19,794 [pool-562-thread-1] INFO  server.RaftServerConfigKeys (ConfUtils.java:logGet(44)) - raft.server.log.queue.byte-limit = 2147483647 (custom)
2021-10-10 13:46:19,794 [pool-562-thread-1] INFO  server.RaftServerConfigKeys (ConfUtils.java:logGet(44)) - raft.server.log.queue.element-limit = 1024 (custom)
2021-10-10 13:46:19,794 [pool-562-thread-1] INFO  server.RaftServerConfigKeys (ConfUtils.java:logGet(44)) - raft.server.log.segment.size.max = 1048576 (custom)
2021-10-10 13:46:19,794 [pool-562-thread-1] INFO  server.RaftServerConfigKeys (ConfUtils.java:logGet(44)) - raft.server.log.preallocated.size = 16384 (custom)
2021-10-10 13:46:19,795 [pool-562-thread-1] INFO  server.RaftServerConfigKeys (ConfUtils.java:logGet(44)) - raft.server.log.force.sync.num = 128 (default)
2021-10-10 13:46:19,800 [pool-562-thread-1] INFO  server.RaftServerConfigKeys (ConfUtils.java:logGet(44)) - raft.server.log.statemachine.data.sync = true (default)
2021-10-10 13:46:19,800 [pool-562-thread-1] INFO  server.RaftServerConfigKeys (ConfUtils.java:logGet(44)) - raft.server.log.statemachine.data.sync.timeout = 10s (default)
2021-10-10 13:46:19,800 [pool-562-thread-1] INFO  server.RaftServerConfigKeys (ConfUtils.java:logGet(44)) - raft.server.log.statemachine.data.sync.timeout.retry = -1 (default)
2021-10-10 13:46:19,801 [pool-562-thread-1] INFO  server.RaftServerConfigKeys (ConfUtils.java:logGet(44)) - raft.server.log.write.buffer.size = 1048576 (custom)
2021-10-10 13:46:19,802 [pool-562-thread-1] INFO  server.RaftServerConfigKeys (ConfUtils.java:logGet(44)) - raft.server.log.statemachine.data.caching.enabled = true (custom)
2021-10-10 13:46:19,802 [pool-562-thread-1] INFO  segmented.SegmentedRaftLogWorker (SegmentedRaftLogWorker.java:lambda$new$0(133)) - 1d4e4b2f-e6a0-4223-b62b-246b29415176@group-F3E1136D39A0-SegmentedRaftLogWorker: flushIndex: setUnconditionally 0 -> -1
2021-10-10 13:46:19,802 [pool-562-thread-1] INFO  segmented.SegmentedRaftLogWorker (SegmentedRaftLogWorker.java:lambda$new$0(133)) - 1d4e4b2f-e6a0-4223-b62b-246b29415176@group-F3E1136D39A0-SegmentedRaftLogWorker: safeCacheEvictIndex: setUnconditionally 0 -> -1
2021-10-10 13:46:19,806 [pool-562-thread-1] INFO  server.RaftServerConfigKeys (ConfUtils.java:logGet(44)) - raft.server.snapshot.auto.trigger.enabled = true (custom)
2021-10-10 13:46:19,806 [pool-562-thread-1] INFO  server.RaftServerConfigKeys (ConfUtils.java:logGet(44)) - raft.server.snapshot.auto.trigger.threshold = 10000 (custom)
2021-10-10 13:46:19,806 [pool-562-thread-1] INFO  server.RaftServerConfigKeys (ConfUtils.java:logGet(44)) - raft.server.snapshot.retention.file.num = 5 (custom)
2021-10-10 13:46:19,806 [pool-562-thread-1] INFO  server.RaftServerConfigKeys (ConfUtils.java:logGet(44)) - raft.server.log.purge.upto.snapshot.index = false (default)
2021-10-10 13:46:19,806 [pool-562-thread-1] INFO  server.RaftServerConfigKeys (ConfUtils.java:logGet(44)) - raft.server.retrycache.expirytime = 600000ms (custom)
2021-10-10 13:46:19,806 [pool-562-thread-1] INFO  server.RaftServerConfigKeys (ConfUtils.java:logGet(44)) - raft.server.retrycache.statistics.expirytime = 100μs (default)
2021-10-10 13:46:19,808 [pool-562-thread-1] INFO  server.RaftServer$Division (RaftServerImpl.java:start(296)) - 1d4e4b2f-e6a0-4223-b62b-246b29415176@group-F3E1136D39A0: start as a follower, conf=-1: [2432123a-b439-42d5-83b4-1981f0fa2384|rpc:10.1.0.17:39429|priority:0, 1d4e4b2f-e6a0-4223-b62b-246b29415176|rpc:10.1.0.17:44219|priority:1, 9f3dcedd-2157-4ae4-b723-f54bfee8d9ce|rpc:10.1.0.17:40315|priority:0], old=null
2021-10-10 13:46:19,808 [pool-562-thread-1] INFO  server.RaftServer$Division (RaftServerImpl.java:setRole(285)) - 1d4e4b2f-e6a0-4223-b62b-246b29415176@group-F3E1136D39A0: changes role from      null to FOLLOWER at term 0 for startAsFollower
2021-10-10 13:46:19,808 [pool-562-thread-1] INFO  impl.RoleInfo (RoleInfo.java:updateAndGet(130)) - 1d4e4b2f-e6a0-4223-b62b-246b29415176: start 1d4e4b2f-e6a0-4223-b62b-246b29415176@group-F3E1136D39A0-FollowerState
2021-10-10 13:46:19,816 [pool-562-thread-1] INFO  util.JmxRegister (JmxRegister.java:tryRegister(44)) - Successfully registered JMX Bean with object name Ratis:service=RaftServer,group=group-F3E1136D39A0,id=1d4e4b2f-e6a0-4223-b62b-246b29415176
2021-10-10 13:46:19,819 [Command processor thread] INFO  ratis.XceiverServerRatis (XceiverServerRatis.java:addGroup(763)) - Created group PipelineID=16a067cd-1683-4cd8-a695-f3e1136d39a0
2021-10-10 13:46:19,875 [grpc-default-executor-6] INFO  server.RaftServer (RaftServerProxy.java:addNew(95)) - 9f3dcedd-2157-4ae4-b723-f54bfee8d9ce: addNew group-F3E1136D39A0:[2432123a-b439-42d5-83b4-1981f0fa2384|rpc:10.1.0.17:39429|dataStream:|priority:0, 1d4e4b2f-e6a0-4223-b62b-246b29415176|rpc:10.1.0.17:44219|dataStream:|priority:1, 9f3dcedd-2157-4ae4-b723-f54bfee8d9ce|rpc:10.1.0.17:40315|dataStream:|priority:0] returns group-F3E1136D39A0:java.util.concurrent.CompletableFuture@41fddd1e[Not completed]
2021-10-10 13:46:19,878 [pool-581-thread-1] INFO  server.RaftServer$Division (RaftServerImpl.java:<init>(181)) - 9f3dcedd-2157-4ae4-b723-f54bfee8d9ce: new RaftServerImpl for group-F3E1136D39A0:[2432123a-b439-42d5-83b4-1981f0fa2384|rpc:10.1.0.17:39429|dataStream:|priority:0, 1d4e4b2f-e6a0-4223-b62b-246b29415176|rpc:10.1.0.17:44219|dataStream:|priority:1, 9f3dcedd-2157-4ae4-b723-f54bfee8d9ce|rpc:10.1.0.17:40315|dataStream:|priority:0] with ContainerStateMachine:uninitialized
2021-10-10 13:46:19,878 [pool-581-thread-1] INFO  server.RaftServerConfigKeys (ConfUtils.java:logGet(44)) - raft.server.rpc.timeout.min = 5s (custom)
2021-10-10 13:46:19,878 [pool-581-thread-1] INFO  server.RaftServerConfigKeys (ConfUtils.java:logGet(44)) - raft.server.rpc.timeout.max = 5200ms (custom)
2021-10-10 13:46:19,878 [pool-581-thread-1] INFO  server.RaftServerConfigKeys (ConfUtils.java:logGet(44)) - raft.server.rpc.sleep.time = 25ms (default)
2021-10-10 13:46:19,878 [pool-581-thread-1] INFO  server.RaftServerConfigKeys (ConfUtils.java:logGet(44)) - raft.server.rpc.slowness.timeout = 300000ms (custom)
2021-10-10 13:46:19,879 [pool-581-thread-1] INFO  server.RaftServerConfigKeys (ConfUtils.java:logGet(44)) - raft.server.leaderelection.leader.step-down.wait-time = 10s (default)
2021-10-10 13:46:19,879 [pool-581-thread-1] INFO  server.RaftServerConfigKeys (ConfUtils.java:logGet(44)) - raft.server.sleep.deviation.threshold = 300ms (default)
2021-10-10 13:46:19,879 [pool-581-thread-1] INFO  server.RaftServerConfigKeys (ConfUtils.java:logGet(44)) - raft.server.log.appender.install.snapshot.enabled = false (custom)
2021-10-10 13:46:19,879 [pool-581-thread-1] INFO  server.RaftServer$Division (ServerState.java:<init>(105)) - 9f3dcedd-2157-4ae4-b723-f54bfee8d9ce@group-F3E1136D39A0: ConfigurationManager, init=-1: [2432123a-b439-42d5-83b4-1981f0fa2384|rpc:10.1.0.17:39429|dataStream:|priority:0, 1d4e4b2f-e6a0-4223-b62b-246b29415176|rpc:10.1.0.17:44219|dataStream:|priority:1, 9f3dcedd-2157-4ae4-b723-f54bfee8d9ce|rpc:10.1.0.17:40315|dataStream:|priority:0], old=null, confs=<EMPTY_MAP>
2021-10-10 13:46:19,879 [pool-581-thread-1] INFO  server.RaftServerConfigKeys (ConfUtils.java:logGet(44)) - raft.server.storage.dir = [/home/runner/work/ozone/ozone/hadoop-ozone/integration-test/target/test-dir/MiniOzoneClusterImpl-0f145d0e-b24d-4882-976e-a7baa8a64dfe/datanode-4/data/ratis] (custom)
2021-10-10 13:46:19,879 [pool-581-thread-1] INFO  server.RaftServerConfigKeys (ConfUtils.java:logGet(44)) - raft.server.log.corruption.policy = EXCEPTION (default)
2021-10-10 13:46:19,879 [pool-581-thread-1] INFO  server.RaftServerConfigKeys (ConfUtils.java:logGet(44)) - raft.server.storage.free-space.min = 0MB (=0) (default)
2021-10-10 13:46:19,879 [pool-581-thread-1] INFO  storage.RaftStorageDirectory (RaftStorageDirectoryImpl.java:analyzeStorage(135)) - The storage directory /home/runner/work/ozone/ozone/hadoop-ozone/integration-test/target/test-dir/MiniOzoneClusterImpl-0f145d0e-b24d-4882-976e-a7baa8a64dfe/datanode-4/data/ratis/16a067cd-1683-4cd8-a695-f3e1136d39a0 does not exist. Creating ...
2021-10-10 13:46:19,886 [pool-581-thread-1] INFO  storage.RaftStorageDirectory (RaftStorageDirectoryImpl.java:tryLock(230)) - Lock on /home/runner/work/ozone/ozone/hadoop-ozone/integration-test/target/test-dir/MiniOzoneClusterImpl-0f145d0e-b24d-4882-976e-a7baa8a64dfe/datanode-4/data/ratis/16a067cd-1683-4cd8-a695-f3e1136d39a0/in_use.lock acquired by nodename 4979@fv-az291-460
2021-10-10 13:46:19,889 [pool-581-thread-1] INFO  storage.RaftStorage (RaftStorageImpl.java:format(89)) - Storage directory /home/runner/work/ozone/ozone/hadoop-ozone/integration-test/target/test-dir/MiniOzoneClusterImpl-0f145d0e-b24d-4882-976e-a7baa8a64dfe/datanode-4/data/ratis/16a067cd-1683-4cd8-a695-f3e1136d39a0 has been successfully formatted.
2021-10-10 13:46:19,957 [pool-581-thread-1] INFO  ratis.ContainerStateMachine (ContainerStateMachine.java:loadSnapshot(224)) - group-F3E1136D39A0: The snapshot info is null. Setting the last applied indexto:(t:0, i:~)
2021-10-10 13:46:19,957 [pool-581-thread-1] INFO  server.RaftServerConfigKeys (ConfUtils.java:logGet(44)) - raft.server.notification.no-leader.timeout = 300000ms (custom)
2021-10-10 13:46:19,957 [pool-581-thread-1] INFO  server.RaftServerConfigKeys (ConfUtils.java:logGet(44)) - raft.server.log.use.memory = false (default)
2021-10-10 13:46:19,957 [pool-581-thread-1] INFO  server.RaftServerConfigKeys (ConfUtils.java:logGet(44)) - raft.server.log.purge.gap = 1000000 (custom)
2021-10-10 13:46:19,957 [pool-581-thread-1] INFO  server.RaftServerConfigKeys (ConfUtils.java:logGet(44)) - raft.server.log.appender.buffer.byte-limit = 33554432 (custom)
2021-10-10 13:46:19,957 [pool-581-thread-1] INFO  server.RaftServerConfigKeys (ConfUtils.java:logGet(44)) - raft.server.log.segment.size.max = 1048576 (custom)
2021-10-10 13:46:19,958 [pool-581-thread-1] INFO  server.RaftServerConfigKeys (ConfUtils.java:logGet(44)) - raft.server.log.segment.cache.num.max = 2 (custom)
2021-10-10 13:46:19,958 [pool-581-thread-1] INFO  server.RaftServerConfigKeys (ConfUtils.java:logGet(44)) - raft.server.log.segment.cache.size.max = 200MB (=209715200) (default)
2021-10-10 13:46:19,958 [pool-581-thread-1] INFO  segmented.SegmentedRaftLogWorker (SegmentedRaftLogWorker.java:<init>(182)) - new 9f3dcedd-2157-4ae4-b723-f54bfee8d9ce@group-F3E1136D39A0-SegmentedRaftLogWorker for RaftStorageImpl:Storage Directory /home/runner/work/ozone/ozone/hadoop-ozone/integration-test/target/test-dir/MiniOzoneClusterImpl-0f145d0e-b24d-4882-976e-a7baa8a64dfe/datanode-4/data/ratis/16a067cd-1683-4cd8-a695-f3e1136d39a0
2021-10-10 13:46:19,958 [pool-581-thread-1] INFO  server.RaftServerConfigKeys (ConfUtils.java:logGet(44)) - raft.server.log.queue.byte-limit = 2147483647 (custom)
2021-10-10 13:46:19,958 [pool-581-thread-1] INFO  server.RaftServerConfigKeys (ConfUtils.java:logGet(44)) - raft.server.log.queue.element-limit = 1024 (custom)
2021-10-10 13:46:19,958 [pool-581-thread-1] INFO  server.RaftServerConfigKeys (ConfUtils.java:logGet(44)) - raft.server.log.segment.size.max = 1048576 (custom)
2021-10-10 13:46:19,958 [pool-581-thread-1] INFO  server.RaftServerConfigKeys (ConfUtils.java:logGet(44)) - raft.server.log.preallocated.size = 16384 (custom)
2021-10-10 13:46:19,958 [pool-581-thread-1] INFO  server.RaftServerConfigKeys (ConfUtils.java:logGet(44)) - raft.server.log.force.sync.num = 128 (default)
2021-10-10 13:46:19,958 [pool-581-thread-1] INFO  server.RaftServerConfigKeys (ConfUtils.java:logGet(44)) - raft.server.log.statemachine.data.sync = true (default)
2021-10-10 13:46:19,958 [pool-581-thread-1] INFO  server.RaftServerConfigKeys (ConfUtils.java:logGet(44)) - raft.server.log.statemachine.data.sync.timeout = 10s (default)
2021-10-10 13:46:19,958 [pool-581-thread-1] INFO  server.RaftServerConfigKeys (ConfUtils.java:logGet(44)) - raft.server.log.statemachine.data.sync.timeout.retry = -1 (default)
2021-10-10 13:46:19,959 [pool-581-thread-1] INFO  server.RaftServerConfigKeys (ConfUtils.java:logGet(44)) - raft.server.log.write.buffer.size = 1048576 (custom)
2021-10-10 13:46:19,959 [Datanode State Machine Thread - 0] WARN  statemachine.StateContext (StateContext.java:execute(621)) - No available thread in pool for past 1 seconds.
2021-10-10 13:46:19,962 [pool-581-thread-1] INFO  server.RaftServerConfigKeys (ConfUtils.java:logGet(44)) - raft.server.log.statemachine.data.caching.enabled = true (custom)
2021-10-10 13:46:19,975 [pool-581-thread-1] INFO  segmented.SegmentedRaftLogWorker (SegmentedRaftLogWorker.java:lambda$new$0(133)) - 9f3dcedd-2157-4ae4-b723-f54bfee8d9ce@group-F3E1136D39A0-SegmentedRaftLogWorker: flushIndex: setUnconditionally 0 -> -1
2021-10-10 13:46:19,976 [pool-581-thread-1] INFO  segmented.SegmentedRaftLogWorker (SegmentedRaftLogWorker.java:lambda$new$0(133)) - 9f3dcedd-2157-4ae4-b723-f54bfee8d9ce@group-F3E1136D39A0-SegmentedRaftLogWorker: safeCacheEvictIndex: setUnconditionally 0 -> -1
2021-10-10 13:46:19,978 [pool-581-thread-1] INFO  server.RaftServerConfigKeys (ConfUtils.java:logGet(44)) - raft.server.snapshot.auto.trigger.enabled = true (custom)
2021-10-10 13:46:19,978 [pool-581-thread-1] INFO  server.RaftServerConfigKeys (ConfUtils.java:logGet(44)) - raft.server.snapshot.auto.trigger.threshold = 10000 (custom)
2021-10-10 13:46:19,978 [pool-581-thread-1] INFO  server.RaftServerConfigKeys (ConfUtils.java:logGet(44)) - raft.server.snapshot.retention.file.num = 5 (custom)
2021-10-10 13:46:19,978 [pool-581-thread-1] INFO  server.RaftServerConfigKeys (ConfUtils.java:logGet(44)) - raft.server.log.purge.upto.snapshot.index = false (default)
2021-10-10 13:46:19,978 [pool-581-thread-1] INFO  server.RaftServerConfigKeys (ConfUtils.java:logGet(44)) - raft.server.retrycache.expirytime = 600000ms (custom)
2021-10-10 13:46:19,978 [pool-581-thread-1] INFO  server.RaftServerConfigKeys (ConfUtils.java:logGet(44)) - raft.server.retrycache.statistics.expirytime = 100μs (default)
2021-10-10 13:46:19,980 [pool-581-thread-1] INFO  server.RaftServer$Division (RaftServerImpl.java:start(296)) - 9f3dcedd-2157-4ae4-b723-f54bfee8d9ce@group-F3E1136D39A0: start as a follower, conf=-1: [2432123a-b439-42d5-83b4-1981f0fa2384|rpc:10.1.0.17:39429|dataStream:|priority:0, 1d4e4b2f-e6a0-4223-b62b-246b29415176|rpc:10.1.0.17:44219|dataStream:|priority:1, 9f3dcedd-2157-4ae4-b723-f54bfee8d9ce|rpc:10.1.0.17:40315|dataStream:|priority:0], old=null
2021-10-10 13:46:19,980 [pool-581-thread-1] INFO  server.RaftServer$Division (RaftServerImpl.java:setRole(285)) - 9f3dcedd-2157-4ae4-b723-f54bfee8d9ce@group-F3E1136D39A0: changes role from      null to FOLLOWER at term 0 for startAsFollower
2021-10-10 13:46:19,980 [pool-581-thread-1] INFO  impl.RoleInfo (RoleInfo.java:updateAndGet(130)) - 9f3dcedd-2157-4ae4-b723-f54bfee8d9ce: start 9f3dcedd-2157-4ae4-b723-f54bfee8d9ce@group-F3E1136D39A0-FollowerState
2021-10-10 13:46:19,980 [pool-581-thread-1] INFO  util.JmxRegister (JmxRegister.java:tryRegister(44)) - Successfully registered JMX Bean with object name Ratis:service=RaftServer,group=group-F3E1136D39A0,id=9f3dcedd-2157-4ae4-b723-f54bfee8d9ce
2021-10-10 13:46:20,052 [grpc-default-executor-6] INFO  server.RaftServer (RaftServerProxy.java:addNew(95)) - 2432123a-b439-42d5-83b4-1981f0fa2384: addNew group-F3E1136D39A0:[2432123a-b439-42d5-83b4-1981f0fa2384|rpc:10.1.0.17:39429|dataStream:|priority:0, 1d4e4b2f-e6a0-4223-b62b-246b29415176|rpc:10.1.0.17:44219|dataStream:|priority:1, 9f3dcedd-2157-4ae4-b723-f54bfee8d9ce|rpc:10.1.0.17:40315|dataStream:|priority:0] returns group-F3E1136D39A0:java.util.concurrent.CompletableFuture@6413c8ec[Not completed]
2021-10-10 13:46:20,070 [pool-600-thread-1] INFO  server.RaftServer$Division (RaftServerImpl.java:<init>(181)) - 2432123a-b439-42d5-83b4-1981f0fa2384: new RaftServerImpl for group-F3E1136D39A0:[2432123a-b439-42d5-83b4-1981f0fa2384|rpc:10.1.0.17:39429|dataStream:|priority:0, 1d4e4b2f-e6a0-4223-b62b-246b29415176|rpc:10.1.0.17:44219|dataStream:|priority:1, 9f3dcedd-2157-4ae4-b723-f54bfee8d9ce|rpc:10.1.0.17:40315|dataStream:|priority:0] with ContainerStateMachine:uninitialized
2021-10-10 13:46:20,096 [pool-600-thread-1] INFO  server.RaftServerConfigKeys (ConfUtils.java:logGet(44)) - raft.server.rpc.timeout.min = 5s (custom)
2021-10-10 13:46:20,097 [pool-600-thread-1] INFO  server.RaftServerConfigKeys (ConfUtils.java:logGet(44)) - raft.server.rpc.timeout.max = 5200ms (custom)
2021-10-10 13:46:20,097 [pool-600-thread-1] INFO  server.RaftServerConfigKeys (ConfUtils.java:logGet(44)) - raft.server.rpc.sleep.time = 25ms (default)
2021-10-10 13:46:20,097 [pool-600-thread-1] INFO  server.RaftServerConfigKeys (ConfUtils.java:logGet(44)) - raft.server.rpc.slowness.timeout = 300000ms (custom)
2021-10-10 13:46:20,097 [pool-600-thread-1] INFO  server.RaftServerConfigKeys (ConfUtils.java:logGet(44)) - raft.server.leaderelection.leader.step-down.wait-time = 10s (default)
2021-10-10 13:46:20,097 [pool-600-thread-1] INFO  server.RaftServerConfigKeys (ConfUtils.java:logGet(44)) - raft.server.sleep.deviation.threshold = 300ms (default)
2021-10-10 13:46:20,097 [pool-600-thread-1] INFO  server.RaftServerConfigKeys (ConfUtils.java:logGet(44)) - raft.server.log.appender.install.snapshot.enabled = false (custom)
2021-10-10 13:46:20,097 [pool-600-thread-1] INFO  server.RaftServer$Division (ServerState.java:<init>(105)) - 2432123a-b439-42d5-83b4-1981f0fa2384@group-F3E1136D39A0: ConfigurationManager, init=-1: [2432123a-b439-42d5-83b4-1981f0fa2384|rpc:10.1.0.17:39429|dataStream:|priority:0, 1d4e4b2f-e6a0-4223-b62b-246b29415176|rpc:10.1.0.17:44219|dataStream:|priority:1, 9f3dcedd-2157-4ae4-b723-f54bfee8d9ce|rpc:10.1.0.17:40315|dataStream:|priority:0], old=null, confs=<EMPTY_MAP>
2021-10-10 13:46:20,097 [pool-600-thread-1] INFO  server.RaftServerConfigKeys (ConfUtils.java:logGet(44)) - raft.server.storage.dir = [/home/runner/work/ozone/ozone/hadoop-ozone/integration-test/target/test-dir/MiniOzoneClusterImpl-0f145d0e-b24d-4882-976e-a7baa8a64dfe/datanode-5/data/ratis] (custom)
2021-10-10 13:46:20,097 [pool-600-thread-1] INFO  server.RaftServerConfigKeys (ConfUtils.java:logGet(44)) - raft.server.log.corruption.policy = EXCEPTION (default)
2021-10-10 13:46:20,097 [pool-600-thread-1] INFO  server.RaftServerConfigKeys (ConfUtils.java:logGet(44)) - raft.server.storage.free-space.min = 0MB (=0) (default)
2021-10-10 13:46:20,097 [pool-600-thread-1] INFO  storage.RaftStorageDirectory (RaftStorageDirectoryImpl.java:analyzeStorage(135)) - The storage directory /home/runner/work/ozone/ozone/hadoop-ozone/integration-test/target/test-dir/MiniOzoneClusterImpl-0f145d0e-b24d-4882-976e-a7baa8a64dfe/datanode-5/data/ratis/16a067cd-1683-4cd8-a695-f3e1136d39a0 does not exist. Creating ...
2021-10-10 13:46:20,098 [pool-600-thread-1] INFO  storage.RaftStorageDirectory (RaftStorageDirectoryImpl.java:tryLock(230)) - Lock on /home/runner/work/ozone/ozone/hadoop-ozone/integration-test/target/test-dir/MiniOzoneClusterImpl-0f145d0e-b24d-4882-976e-a7baa8a64dfe/datanode-5/data/ratis/16a067cd-1683-4cd8-a695-f3e1136d39a0/in_use.lock acquired by nodename 4979@fv-az291-460
2021-10-10 13:46:20,100 [pool-600-thread-1] INFO  storage.RaftStorage (RaftStorageImpl.java:format(89)) - Storage directory /home/runner/work/ozone/ozone/hadoop-ozone/integration-test/target/test-dir/MiniOzoneClusterImpl-0f145d0e-b24d-4882-976e-a7baa8a64dfe/datanode-5/data/ratis/16a067cd-1683-4cd8-a695-f3e1136d39a0 has been successfully formatted.
2021-10-10 13:46:20,114 [pool-600-thread-1] INFO  ratis.ContainerStateMachine (ContainerStateMachine.java:loadSnapshot(224)) - group-F3E1136D39A0: The snapshot info is null. Setting the last applied indexto:(t:0, i:~)
2021-10-10 13:46:20,114 [pool-600-thread-1] INFO  server.RaftServerConfigKeys (ConfUtils.java:logGet(44)) - raft.server.notification.no-leader.timeout = 300000ms (custom)
2021-10-10 13:46:20,114 [pool-600-thread-1] INFO  server.RaftServerConfigKeys (ConfUtils.java:logGet(44)) - raft.server.log.use.memory = false (default)
2021-10-10 13:46:20,114 [pool-600-thread-1] INFO  server.RaftServerConfigKeys (ConfUtils.java:logGet(44)) - raft.server.log.purge.gap = 1000000 (custom)
2021-10-10 13:46:20,114 [pool-600-thread-1] INFO  server.RaftServerConfigKeys (ConfUtils.java:logGet(44)) - raft.server.log.appender.buffer.byte-limit = 33554432 (custom)
2021-10-10 13:46:20,114 [pool-600-thread-1] INFO  server.RaftServerConfigKeys (ConfUtils.java:logGet(44)) - raft.server.log.segment.size.max = 1048576 (custom)
2021-10-10 13:46:20,115 [pool-600-thread-1] INFO  server.RaftServerConfigKeys (ConfUtils.java:logGet(44)) - raft.server.log.segment.cache.num.max = 2 (custom)
2021-10-10 13:46:20,115 [pool-600-thread-1] INFO  server.RaftServerConfigKeys (ConfUtils.java:logGet(44)) - raft.server.log.segment.cache.size.max = 200MB (=209715200) (default)
2021-10-10 13:46:20,115 [pool-600-thread-1] INFO  segmented.SegmentedRaftLogWorker (SegmentedRaftLogWorker.java:<init>(182)) - new 2432123a-b439-42d5-83b4-1981f0fa2384@group-F3E1136D39A0-SegmentedRaftLogWorker for RaftStorageImpl:Storage Directory /home/runner/work/ozone/ozone/hadoop-ozone/integration-test/target/test-dir/MiniOzoneClusterImpl-0f145d0e-b24d-4882-976e-a7baa8a64dfe/datanode-5/data/ratis/16a067cd-1683-4cd8-a695-f3e1136d39a0
2021-10-10 13:46:20,115 [pool-600-thread-1] INFO  server.RaftServerConfigKeys (ConfUtils.java:logGet(44)) - raft.server.log.queue.byte-limit = 2147483647 (custom)
2021-10-10 13:46:20,115 [pool-600-thread-1] INFO  server.RaftServerConfigKeys (ConfUtils.java:logGet(44)) - raft.server.log.queue.element-limit = 1024 (custom)
2021-10-10 13:46:20,115 [pool-600-thread-1] INFO  server.RaftServerConfigKeys (ConfUtils.java:logGet(44)) - raft.server.log.segment.size.max = 1048576 (custom)
2021-10-10 13:46:20,115 [pool-600-thread-1] INFO  server.RaftServerConfigKeys (ConfUtils.java:logGet(44)) - raft.server.log.preallocated.size = 16384 (custom)
2021-10-10 13:46:20,115 [pool-600-thread-1] INFO  server.RaftServerConfigKeys (ConfUtils.java:logGet(44)) - raft.server.log.force.sync.num = 128 (default)
2021-10-10 13:46:20,115 [pool-600-thread-1] INFO  server.RaftServerConfigKeys (ConfUtils.java:logGet(44)) - raft.server.log.statemachine.data.sync = true (default)
2021-10-10 13:46:20,115 [pool-600-thread-1] INFO  server.RaftServerConfigKeys (ConfUtils.java:logGet(44)) - raft.server.log.statemachine.data.sync.timeout = 10s (default)
2021-10-10 13:46:20,115 [pool-600-thread-1] INFO  server.RaftServerConfigKeys (ConfUtils.java:logGet(44)) - raft.server.log.statemachine.data.sync.timeout.retry = -1 (default)
2021-10-10 13:46:20,115 [Datanode State Machine Thread - 0] WARN  statemachine.StateContext (StateContext.java:execute(621)) - No available thread in pool for past 1 seconds.
2021-10-10 13:46:20,116 [pool-600-thread-1] INFO  server.RaftServerConfigKeys (ConfUtils.java:logGet(44)) - raft.server.log.write.buffer.size = 1048576 (custom)
2021-10-10 13:46:20,117 [pool-600-thread-1] INFO  server.RaftServerConfigKeys (ConfUtils.java:logGet(44)) - raft.server.log.statemachine.data.caching.enabled = true (custom)
2021-10-10 13:46:20,117 [Command processor thread] INFO  server.RaftServer (RaftServerProxy.java:addNew(95)) - 9f3dcedd-2157-4ae4-b723-f54bfee8d9ce: addNew group-7DFFF592C791:[9f3dcedd-2157-4ae4-b723-f54bfee8d9ce|rpc:10.1.0.17:40315|priority:1] returns group-7DFFF592C791:java.util.concurrent.CompletableFuture@4d4432cb[Not completed]
2021-10-10 13:46:20,148 [pool-581-thread-1] INFO  server.RaftServer$Division (RaftServerImpl.java:<init>(181)) - 9f3dcedd-2157-4ae4-b723-f54bfee8d9ce: new RaftServerImpl for group-7DFFF592C791:[9f3dcedd-2157-4ae4-b723-f54bfee8d9ce|rpc:10.1.0.17:40315|priority:1] with ContainerStateMachine:uninitialized
2021-10-10 13:46:20,148 [pool-581-thread-1] INFO  server.RaftServerConfigKeys (ConfUtils.java:logGet(44)) - raft.server.rpc.timeout.min = 5s (custom)
2021-10-10 13:46:20,148 [pool-581-thread-1] INFO  server.RaftServerConfigKeys (ConfUtils.java:logGet(44)) - raft.server.rpc.timeout.max = 5200ms (custom)
2021-10-10 13:46:20,148 [pool-581-thread-1] INFO  server.RaftServerConfigKeys (ConfUtils.java:logGet(44)) - raft.server.rpc.sleep.time = 25ms (default)
2021-10-10 13:46:20,148 [pool-581-thread-1] INFO  server.RaftServerConfigKeys (ConfUtils.java:logGet(44)) - raft.server.rpc.slowness.timeout = 300000ms (custom)
2021-10-10 13:46:20,149 [pool-581-thread-1] INFO  server.RaftServerConfigKeys (ConfUtils.java:logGet(44)) - raft.server.leaderelection.leader.step-down.wait-time = 10s (default)
2021-10-10 13:46:20,149 [pool-581-thread-1] INFO  server.RaftServerConfigKeys (ConfUtils.java:logGet(44)) - raft.server.sleep.deviation.threshold = 300ms (default)
2021-10-10 13:46:20,149 [pool-581-thread-1] INFO  server.RaftServerConfigKeys (ConfUtils.java:logGet(44)) - raft.server.log.appender.install.snapshot.enabled = false (custom)
2021-10-10 13:46:20,149 [pool-581-thread-1] INFO  server.RaftServer$Division (ServerState.java:<init>(105)) - 9f3dcedd-2157-4ae4-b723-f54bfee8d9ce@group-7DFFF592C791: ConfigurationManager, init=-1: [9f3dcedd-2157-4ae4-b723-f54bfee8d9ce|rpc:10.1.0.17:40315|priority:1], old=null, confs=<EMPTY_MAP>
2021-10-10 13:46:20,149 [pool-581-thread-1] INFO  server.RaftServerConfigKeys (ConfUtils.java:logGet(44)) - raft.server.storage.dir = [/home/runner/work/ozone/ozone/hadoop-ozone/integration-test/target/test-dir/MiniOzoneClusterImpl-0f145d0e-b24d-4882-976e-a7baa8a64dfe/datanode-4/data/ratis] (custom)
2021-10-10 13:46:20,149 [pool-581-thread-1] INFO  server.RaftServerConfigKeys (ConfUtils.java:logGet(44)) - raft.server.log.corruption.policy = EXCEPTION (default)
2021-10-10 13:46:20,149 [pool-581-thread-1] INFO  server.RaftServerConfigKeys (ConfUtils.java:logGet(44)) - raft.server.storage.free-space.min = 0MB (=0) (default)
2021-10-10 13:46:20,149 [pool-581-thread-1] INFO  storage.RaftStorageDirectory (RaftStorageDirectoryImpl.java:analyzeStorage(135)) - The storage directory /home/runner/work/ozone/ozone/hadoop-ozone/integration-test/target/test-dir/MiniOzoneClusterImpl-0f145d0e-b24d-4882-976e-a7baa8a64dfe/datanode-4/data/ratis/8bf488a0-0968-47a6-ae95-7dfff592c791 does not exist. Creating ...
2021-10-10 13:46:20,151 [pool-581-thread-1] INFO  storage.RaftStorageDirectory (RaftStorageDirectoryImpl.java:tryLock(230)) - Lock on /home/runner/work/ozone/ozone/hadoop-ozone/integration-test/target/test-dir/MiniOzoneClusterImpl-0f145d0e-b24d-4882-976e-a7baa8a64dfe/datanode-4/data/ratis/8bf488a0-0968-47a6-ae95-7dfff592c791/in_use.lock acquired by nodename 4979@fv-az291-460
2021-10-10 13:46:20,151 [pool-600-thread-1] INFO  segmented.SegmentedRaftLogWorker (SegmentedRaftLogWorker.java:lambda$new$0(133)) - 2432123a-b439-42d5-83b4-1981f0fa2384@group-F3E1136D39A0-SegmentedRaftLogWorker: flushIndex: setUnconditionally 0 -> -1
2021-10-10 13:46:20,151 [pool-600-thread-1] INFO  segmented.SegmentedRaftLogWorker (SegmentedRaftLogWorker.java:lambda$new$0(133)) - 2432123a-b439-42d5-83b4-1981f0fa2384@group-F3E1136D39A0-SegmentedRaftLogWorker: safeCacheEvictIndex: setUnconditionally 0 -> -1
2021-10-10 13:46:20,158 [pool-600-thread-1] INFO  server.RaftServerConfigKeys (ConfUtils.java:logGet(44)) - raft.server.snapshot.auto.trigger.enabled = true (custom)
2021-10-10 13:46:20,158 [pool-600-thread-1] INFO  server.RaftServerConfigKeys (ConfUtils.java:logGet(44)) - raft.server.snapshot.auto.trigger.threshold = 10000 (custom)
2021-10-10 13:46:20,158 [pool-600-thread-1] INFO  server.RaftServerConfigKeys (ConfUtils.java:logGet(44)) - raft.server.snapshot.retention.file.num = 5 (custom)
2021-10-10 13:46:20,158 [pool-600-thread-1] INFO  server.RaftServerConfigKeys (ConfUtils.java:logGet(44)) - raft.server.log.purge.upto.snapshot.index = false (default)
2021-10-10 13:46:20,158 [pool-600-thread-1] INFO  server.RaftServerConfigKeys (ConfUtils.java:logGet(44)) - raft.server.retrycache.expirytime = 600000ms (custom)
2021-10-10 13:46:20,159 [pool-600-thread-1] INFO  server.RaftServerConfigKeys (ConfUtils.java:logGet(44)) - raft.server.retrycache.statistics.expirytime = 100μs (default)
2021-10-10 13:46:20,160 [pool-600-thread-1] INFO  server.RaftServer$Division (RaftServerImpl.java:start(296)) - 2432123a-b439-42d5-83b4-1981f0fa2384@group-F3E1136D39A0: start as a follower, conf=-1: [2432123a-b439-42d5-83b4-1981f0fa2384|rpc:10.1.0.17:39429|dataStream:|priority:0, 1d4e4b2f-e6a0-4223-b62b-246b29415176|rpc:10.1.0.17:44219|dataStream:|priority:1, 9f3dcedd-2157-4ae4-b723-f54bfee8d9ce|rpc:10.1.0.17:40315|dataStream:|priority:0], old=null
2021-10-10 13:46:20,160 [pool-600-thread-1] INFO  server.RaftServer$Division (RaftServerImpl.java:setRole(285)) - 2432123a-b439-42d5-83b4-1981f0fa2384@group-F3E1136D39A0: changes role from      null to FOLLOWER at term 0 for startAsFollower
2021-10-10 13:46:20,160 [pool-600-thread-1] INFO  impl.RoleInfo (RoleInfo.java:updateAndGet(130)) - 2432123a-b439-42d5-83b4-1981f0fa2384: start 2432123a-b439-42d5-83b4-1981f0fa2384@group-F3E1136D39A0-FollowerState
2021-10-10 13:46:20,168 [pool-600-thread-1] INFO  util.JmxRegister (JmxRegister.java:tryRegister(44)) - Successfully registered JMX Bean with object name Ratis:service=RaftServer,group=group-F3E1136D39A0,id=2432123a-b439-42d5-83b4-1981f0fa2384
2021-10-10 13:46:20,169 [pool-581-thread-1] INFO  storage.RaftStorage (RaftStorageImpl.java:format(89)) - Storage directory /home/runner/work/ozone/ozone/hadoop-ozone/integration-test/target/test-dir/MiniOzoneClusterImpl-0f145d0e-b24d-4882-976e-a7baa8a64dfe/datanode-4/data/ratis/8bf488a0-0968-47a6-ae95-7dfff592c791 has been successfully formatted.
2021-10-10 13:46:20,175 [pool-581-thread-1] INFO  ratis.ContainerStateMachine (ContainerStateMachine.java:loadSnapshot(224)) - group-7DFFF592C791: The snapshot info is null. Setting the last applied indexto:(t:0, i:~)
2021-10-10 13:46:20,176 [Datanode State Machine Thread - 0] WARN  statemachine.StateContext (StateContext.java:execute(621)) - No available thread in pool for past 1 seconds.
2021-10-10 13:46:20,176 [pool-581-thread-1] INFO  server.RaftServerConfigKeys (ConfUtils.java:logGet(44)) - raft.server.notification.no-leader.timeout = 300000ms (custom)
2021-10-10 13:46:20,176 [pool-581-thread-1] INFO  server.RaftServerConfigKeys (ConfUtils.java:logGet(44)) - raft.server.log.use.memory = false (default)
2021-10-10 13:46:20,176 [pool-581-thread-1] INFO  server.RaftServerConfigKeys (ConfUtils.java:logGet(44)) - raft.server.log.purge.gap = 1000000 (custom)
2021-10-10 13:46:20,176 [pool-581-thread-1] INFO  server.RaftServerConfigKeys (ConfUtils.java:logGet(44)) - raft.server.log.appender.buffer.byte-limit = 33554432 (custom)
2021-10-10 13:46:20,176 [pool-581-thread-1] INFO  server.RaftServerConfigKeys (ConfUtils.java:logGet(44)) - raft.server.log.segment.size.max = 1048576 (custom)
2021-10-10 13:46:20,177 [pool-581-thread-1] INFO  server.RaftServerConfigKeys (ConfUtils.java:logGet(44)) - raft.server.log.segment.cache.num.max = 2 (custom)
2021-10-10 13:46:20,177 [pool-581-thread-1] INFO  server.RaftServerConfigKeys (ConfUtils.java:logGet(44)) - raft.server.log.segment.cache.size.max = 200MB (=209715200) (default)
2021-10-10 13:46:20,177 [pool-581-thread-1] INFO  segmented.SegmentedRaftLogWorker (SegmentedRaftLogWorker.java:<init>(182)) - new 9f3dcedd-2157-4ae4-b723-f54bfee8d9ce@group-7DFFF592C791-SegmentedRaftLogWorker for RaftStorageImpl:Storage Directory /home/runner/work/ozone/ozone/hadoop-ozone/integration-test/target/test-dir/MiniOzoneClusterImpl-0f145d0e-b24d-4882-976e-a7baa8a64dfe/datanode-4/data/ratis/8bf488a0-0968-47a6-ae95-7dfff592c791
2021-10-10 13:46:20,177 [pool-581-thread-1] INFO  server.RaftServerConfigKeys (ConfUtils.java:logGet(44)) - raft.server.log.queue.byte-limit = 2147483647 (custom)
2021-10-10 13:46:20,178 [pool-581-thread-1] INFO  server.RaftServerConfigKeys (ConfUtils.java:logGet(44)) - raft.server.log.queue.element-limit = 1024 (custom)
2021-10-10 13:46:20,178 [pool-581-thread-1] INFO  server.RaftServerConfigKeys (ConfUtils.java:logGet(44)) - raft.server.log.segment.size.max = 1048576 (custom)
2021-10-10 13:46:20,178 [pool-581-thread-1] INFO  server.RaftServerConfigKeys (ConfUtils.java:logGet(44)) - raft.server.log.preallocated.size = 16384 (custom)
2021-10-10 13:46:20,178 [pool-581-thread-1] INFO  server.RaftServerConfigKeys (ConfUtils.java:logGet(44)) - raft.server.log.force.sync.num = 128 (default)
2021-10-10 13:46:20,178 [pool-581-thread-1] INFO  server.RaftServerConfigKeys (ConfUtils.java:logGet(44)) - raft.server.log.statemachine.data.sync = true (default)
2021-10-10 13:46:20,178 [pool-581-thread-1] INFO  server.RaftServerConfigKeys (ConfUtils.java:logGet(44)) - raft.server.log.statemachine.data.sync.timeout = 10s (default)
2021-10-10 13:46:20,178 [pool-581-thread-1] INFO  server.RaftServerConfigKeys (ConfUtils.java:logGet(44)) - raft.server.log.statemachine.data.sync.timeout.retry = -1 (default)
2021-10-10 13:46:20,180 [EventQueue-PipelineReportForPipelineReportHandler] INFO  pipeline.PipelineManagerImpl (PipelineManagerImpl.java:openPipeline(282)) - Pipeline Pipeline[ Id: 8bf488a0-0968-47a6-ae95-7dfff592c791, Nodes: 9f3dcedd-2157-4ae4-b723-f54bfee8d9ce{ip: 10.1.0.17, host: fv-az291-460.wgnan5asplgejimfprtllbpdch.jx.internal.cloudapp.net, ports: [REPLICATION=34857, RATIS=40315, RATIS_ADMIN=40315, RATIS_SERVER=40315, STANDALONE=44597], networkLocation: /default-rack, certSerialId: null, persistedOpState: IN_SERVICE, persistedOpStateExpiryEpochSec: 0}, ReplicationConfig: RATIS/ONE, State:ALLOCATED, leaderId:9f3dcedd-2157-4ae4-b723-f54bfee8d9ce, CreationTimestamp2021-10-10T13:46:17.120Z[Etc/UTC]] moved to OPEN state
2021-10-10 13:46:20,181 [EventQueue-OpenPipelineForHealthyPipelineSafeModeRule] INFO  safemode.SCMSafeModeManager (HealthyPipelineSafeModeRule.java:process(124)) - SCM in safe mode. Healthy pipelines reported count is 0, required healthy pipeline reported count is 1
2021-10-10 13:46:20,185 [pool-581-thread-1] INFO  server.RaftServerConfigKeys (ConfUtils.java:logGet(44)) - raft.server.log.write.buffer.size = 1048576 (custom)
2021-10-10 13:46:20,186 [pool-581-thread-1] INFO  server.RaftServerConfigKeys (ConfUtils.java:logGet(44)) - raft.server.log.statemachine.data.caching.enabled = true (custom)
2021-10-10 13:46:20,188 [pool-581-thread-1] INFO  segmented.SegmentedRaftLogWorker (SegmentedRaftLogWorker.java:lambda$new$0(133)) - 9f3dcedd-2157-4ae4-b723-f54bfee8d9ce@group-7DFFF592C791-SegmentedRaftLogWorker: flushIndex: setUnconditionally 0 -> -1
2021-10-10 13:46:20,188 [pool-581-thread-1] INFO  segmented.SegmentedRaftLogWorker (SegmentedRaftLogWorker.java:lambda$new$0(133)) - 9f3dcedd-2157-4ae4-b723-f54bfee8d9ce@group-7DFFF592C791-SegmentedRaftLogWorker: safeCacheEvictIndex: setUnconditionally 0 -> -1
2021-10-10 13:46:20,205 [pool-581-thread-1] INFO  server.RaftServerConfigKeys (ConfUtils.java:logGet(44)) - raft.server.snapshot.auto.trigger.enabled = true (custom)
2021-10-10 13:46:20,205 [pool-581-thread-1] INFO  server.RaftServerConfigKeys (ConfUtils.java:logGet(44)) - raft.server.snapshot.auto.trigger.threshold = 10000 (custom)
2021-10-10 13:46:20,205 [pool-581-thread-1] INFO  server.RaftServerConfigKeys (ConfUtils.java:logGet(44)) - raft.server.snapshot.retention.file.num = 5 (custom)
2021-10-10 13:46:20,205 [pool-581-thread-1] INFO  server.RaftServerConfigKeys (ConfUtils.java:logGet(44)) - raft.server.log.purge.upto.snapshot.index = false (default)
2021-10-10 13:46:20,205 [pool-581-thread-1] INFO  server.RaftServerConfigKeys (ConfUtils.java:logGet(44)) - raft.server.retrycache.expirytime = 600000ms (custom)
2021-10-10 13:46:20,205 [pool-581-thread-1] INFO  server.RaftServerConfigKeys (ConfUtils.java:logGet(44)) - raft.server.retrycache.statistics.expirytime = 100μs (default)
2021-10-10 13:46:20,206 [pool-581-thread-1] INFO  server.RaftServer$Division (RaftServerImpl.java:start(296)) - 9f3dcedd-2157-4ae4-b723-f54bfee8d9ce@group-7DFFF592C791: start as a follower, conf=-1: [9f3dcedd-2157-4ae4-b723-f54bfee8d9ce|rpc:10.1.0.17:40315|priority:1], old=null
2021-10-10 13:46:20,207 [pool-581-thread-1] INFO  server.RaftServer$Division (RaftServerImpl.java:setRole(285)) - 9f3dcedd-2157-4ae4-b723-f54bfee8d9ce@group-7DFFF592C791: changes role from      null to FOLLOWER at term 0 for startAsFollower
2021-10-10 13:46:20,207 [pool-581-thread-1] INFO  impl.RoleInfo (RoleInfo.java:updateAndGet(130)) - 9f3dcedd-2157-4ae4-b723-f54bfee8d9ce: start 9f3dcedd-2157-4ae4-b723-f54bfee8d9ce@group-7DFFF592C791-FollowerState
2021-10-10 13:46:20,220 [pool-581-thread-1] INFO  util.JmxRegister (JmxRegister.java:tryRegister(44)) - Successfully registered JMX Bean with object name Ratis:service=RaftServer,group=group-7DFFF592C791,id=9f3dcedd-2157-4ae4-b723-f54bfee8d9ce
2021-10-10 13:46:20,221 [Command processor thread] INFO  ratis.XceiverServerRatis (XceiverServerRatis.java:addGroup(763)) - Created group PipelineID=8bf488a0-0968-47a6-ae95-7dfff592c791
2021-10-10 13:46:20,221 [Command processor thread] INFO  commandhandler.CreatePipelineCommandHandler (CreatePipelineCommandHandler.java:handle(106)) - Created Pipeline RATIS ONE PipelineID=8bf488a0-0968-47a6-ae95-7dfff592c791.
2021-10-10 13:46:20,222 [Command processor thread] INFO  server.RaftServer (RaftServerProxy.java:addNew(95)) - 9f3dcedd-2157-4ae4-b723-f54bfee8d9ce: addNew group-EF7FE1329C44:[2432123a-b439-42d5-83b4-1981f0fa2384|rpc:10.1.0.17:39429|priority:0, 1d4e4b2f-e6a0-4223-b62b-246b29415176|rpc:10.1.0.17:44219|priority:0, 9f3dcedd-2157-4ae4-b723-f54bfee8d9ce|rpc:10.1.0.17:40315|priority:1] returns group-EF7FE1329C44:java.util.concurrent.CompletableFuture@4383c513[Not completed]
2021-10-10 13:46:20,246 [pool-581-thread-1] INFO  server.RaftServer$Division (RaftServerImpl.java:<init>(181)) - 9f3dcedd-2157-4ae4-b723-f54bfee8d9ce: new RaftServerImpl for group-EF7FE1329C44:[2432123a-b439-42d5-83b4-1981f0fa2384|rpc:10.1.0.17:39429|priority:0, 1d4e4b2f-e6a0-4223-b62b-246b29415176|rpc:10.1.0.17:44219|priority:0, 9f3dcedd-2157-4ae4-b723-f54bfee8d9ce|rpc:10.1.0.17:40315|priority:1] with ContainerStateMachine:uninitialized
2021-10-10 13:46:20,246 [pool-581-thread-1] INFO  server.RaftServerConfigKeys (ConfUtils.java:logGet(44)) - raft.server.rpc.timeout.min = 5s (custom)
2021-10-10 13:46:20,246 [pool-581-thread-1] INFO  server.RaftServerConfigKeys (ConfUtils.java:logGet(44)) - raft.server.rpc.timeout.max = 5200ms (custom)
2021-10-10 13:46:20,246 [pool-581-thread-1] INFO  server.RaftServerConfigKeys (ConfUtils.java:logGet(44)) - raft.server.rpc.sleep.time = 25ms (default)
2021-10-10 13:46:20,246 [pool-581-thread-1] INFO  server.RaftServerConfigKeys (ConfUtils.java:logGet(44)) - raft.server.rpc.slowness.timeout = 300000ms (custom)
2021-10-10 13:46:20,246 [pool-581-thread-1] INFO  server.RaftServerConfigKeys (ConfUtils.java:logGet(44)) - raft.server.leaderelection.leader.step-down.wait-time = 10s (default)
2021-10-10 13:46:20,246 [pool-581-thread-1] INFO  server.RaftServerConfigKeys (ConfUtils.java:logGet(44)) - raft.server.sleep.deviation.threshold = 300ms (default)
2021-10-10 13:46:20,246 [pool-581-thread-1] INFO  server.RaftServerConfigKeys (ConfUtils.java:logGet(44)) - raft.server.log.appender.install.snapshot.enabled = false (custom)
2021-10-10 13:46:20,246 [pool-581-thread-1] INFO  server.RaftServer$Division (ServerState.java:<init>(105)) - 9f3dcedd-2157-4ae4-b723-f54bfee8d9ce@group-EF7FE1329C44: ConfigurationManager, init=-1: [2432123a-b439-42d5-83b4-1981f0fa2384|rpc:10.1.0.17:39429|priority:0, 1d4e4b2f-e6a0-4223-b62b-246b29415176|rpc:10.1.0.17:44219|priority:0, 9f3dcedd-2157-4ae4-b723-f54bfee8d9ce|rpc:10.1.0.17:40315|priority:1], old=null, confs=<EMPTY_MAP>
2021-10-10 13:46:20,247 [pool-581-thread-1] INFO  server.RaftServerConfigKeys (ConfUtils.java:logGet(44)) - raft.server.storage.dir = [/home/runner/work/ozone/ozone/hadoop-ozone/integration-test/target/test-dir/MiniOzoneClusterImpl-0f145d0e-b24d-4882-976e-a7baa8a64dfe/datanode-4/data/ratis] (custom)
2021-10-10 13:46:20,247 [pool-581-thread-1] INFO  server.RaftServerConfigKeys (ConfUtils.java:logGet(44)) - raft.server.log.corruption.policy = EXCEPTION (default)
2021-10-10 13:46:20,247 [pool-581-thread-1] INFO  server.RaftServerConfigKeys (ConfUtils.java:logGet(44)) - raft.server.storage.free-space.min = 0MB (=0) (default)
2021-10-10 13:46:20,247 [pool-581-thread-1] INFO  storage.RaftStorageDirectory (RaftStorageDirectoryImpl.java:analyzeStorage(135)) - The storage directory /home/runner/work/ozone/ozone/hadoop-ozone/integration-test/target/test-dir/MiniOzoneClusterImpl-0f145d0e-b24d-4882-976e-a7baa8a64dfe/datanode-4/data/ratis/d81155ad-7afe-4ff1-840a-ef7fe1329c44 does not exist. Creating ...
2021-10-10 13:46:20,249 [pool-581-thread-1] INFO  storage.RaftStorageDirectory (RaftStorageDirectoryImpl.java:tryLock(230)) - Lock on /home/runner/work/ozone/ozone/hadoop-ozone/integration-test/target/test-dir/MiniOzoneClusterImpl-0f145d0e-b24d-4882-976e-a7baa8a64dfe/datanode-4/data/ratis/d81155ad-7afe-4ff1-840a-ef7fe1329c44/in_use.lock acquired by nodename 4979@fv-az291-460
2021-10-10 13:46:20,254 [pool-581-thread-1] INFO  storage.RaftStorage (RaftStorageImpl.java:format(89)) - Storage directory /home/runner/work/ozone/ozone/hadoop-ozone/integration-test/target/test-dir/MiniOzoneClusterImpl-0f145d0e-b24d-4882-976e-a7baa8a64dfe/datanode-4/data/ratis/d81155ad-7afe-4ff1-840a-ef7fe1329c44 has been successfully formatted.
2021-10-10 13:46:20,256 [Datanode State Machine Thread - 0] WARN  statemachine.StateContext (StateContext.java:execute(621)) - No available thread in pool for past 1 seconds.
2021-10-10 13:46:20,256 [pool-581-thread-1] INFO  ratis.ContainerStateMachine (ContainerStateMachine.java:loadSnapshot(224)) - group-EF7FE1329C44: The snapshot info is null. Setting the last applied indexto:(t:0, i:~)
2021-10-10 13:46:20,257 [pool-581-thread-1] INFO  server.RaftServerConfigKeys (ConfUtils.java:logGet(44)) - raft.server.notification.no-leader.timeout = 300000ms (custom)
2021-10-10 13:46:20,257 [pool-581-thread-1] INFO  server.RaftServerConfigKeys (ConfUtils.java:logGet(44)) - raft.server.log.use.memory = false (default)
2021-10-10 13:46:20,257 [pool-581-thread-1] INFO  server.RaftServerConfigKeys (ConfUtils.java:logGet(44)) - raft.server.log.purge.gap = 1000000 (custom)
2021-10-10 13:46:20,257 [pool-581-thread-1] INFO  server.RaftServerConfigKeys (ConfUtils.java:logGet(44)) - raft.server.log.appender.buffer.byte-limit = 33554432 (custom)
2021-10-10 13:46:20,257 [pool-581-thread-1] INFO  server.RaftServerConfigKeys (ConfUtils.java:logGet(44)) - raft.server.log.segment.size.max = 1048576 (custom)
2021-10-10 13:46:20,258 [pool-581-thread-1] INFO  server.RaftServerConfigKeys (ConfUtils.java:logGet(44)) - raft.server.log.segment.cache.num.max = 2 (custom)
2021-10-10 13:46:20,260 [EventQueue-OpenPipelineForHealthyPipelineSafeModeRule] INFO  safemode.SCMSafeModeManager (HealthyPipelineSafeModeRule.java:process(124)) - SCM in safe mode. Healthy pipelines reported count is 0, required healthy pipeline reported count is 1
2021-10-10 13:46:20,260 [pool-581-thread-1] INFO  server.RaftServerConfigKeys (ConfUtils.java:logGet(44)) - raft.server.log.segment.cache.size.max = 200MB (=209715200) (default)
2021-10-10 13:46:20,260 [pool-581-thread-1] INFO  segmented.SegmentedRaftLogWorker (SegmentedRaftLogWorker.java:<init>(182)) - new 9f3dcedd-2157-4ae4-b723-f54bfee8d9ce@group-EF7FE1329C44-SegmentedRaftLogWorker for RaftStorageImpl:Storage Directory /home/runner/work/ozone/ozone/hadoop-ozone/integration-test/target/test-dir/MiniOzoneClusterImpl-0f145d0e-b24d-4882-976e-a7baa8a64dfe/datanode-4/data/ratis/d81155ad-7afe-4ff1-840a-ef7fe1329c44
2021-10-10 13:46:20,260 [pool-581-thread-1] INFO  server.RaftServerConfigKeys (ConfUtils.java:logGet(44)) - raft.server.log.queue.byte-limit = 2147483647 (custom)
2021-10-10 13:46:20,260 [pool-581-thread-1] INFO  server.RaftServerConfigKeys (ConfUtils.java:logGet(44)) - raft.server.log.queue.element-limit = 1024 (custom)
2021-10-10 13:46:20,260 [pool-581-thread-1] INFO  server.RaftServerConfigKeys (ConfUtils.java:logGet(44)) - raft.server.log.segment.size.max = 1048576 (custom)
2021-10-10 13:46:20,267 [pool-581-thread-1] INFO  server.RaftServerConfigKeys (ConfUtils.java:logGet(44)) - raft.server.log.preallocated.size = 16384 (custom)
2021-10-10 13:46:20,267 [pool-581-thread-1] INFO  server.RaftServerConfigKeys (ConfUtils.java:logGet(44)) - raft.server.log.force.sync.num = 128 (default)
2021-10-10 13:46:20,267 [pool-581-thread-1] INFO  server.RaftServerConfigKeys (ConfUtils.java:logGet(44)) - raft.server.log.statemachine.data.sync = true (default)
2021-10-10 13:46:20,267 [pool-581-thread-1] INFO  server.RaftServerConfigKeys (ConfUtils.java:logGet(44)) - raft.server.log.statemachine.data.sync.timeout = 10s (default)
2021-10-10 13:46:20,267 [pool-581-thread-1] INFO  server.RaftServerConfigKeys (ConfUtils.java:logGet(44)) - raft.server.log.statemachine.data.sync.timeout.retry = -1 (default)
2021-10-10 13:46:20,269 [pool-581-thread-1] INFO  server.RaftServerConfigKeys (ConfUtils.java:logGet(44)) - raft.server.log.write.buffer.size = 1048576 (custom)
2021-10-10 13:46:20,272 [Command processor thread] INFO  commandhandler.CreatePipelineCommandHandler (CreatePipelineCommandHandler.java:handle(106)) - Created Pipeline RATIS THREE PipelineID=16a067cd-1683-4cd8-a695-f3e1136d39a0.
2021-10-10 13:46:20,273 [Command processor thread] INFO  server.RaftServer (RaftServerProxy.java:addNew(95)) - 1d4e4b2f-e6a0-4223-b62b-246b29415176: addNew group-EF7FE1329C44:[2432123a-b439-42d5-83b4-1981f0fa2384|rpc:10.1.0.17:39429|priority:0, 1d4e4b2f-e6a0-4223-b62b-246b29415176|rpc:10.1.0.17:44219|priority:0, 9f3dcedd-2157-4ae4-b723-f54bfee8d9ce|rpc:10.1.0.17:40315|priority:1] returns group-EF7FE1329C44:java.util.concurrent.CompletableFuture@6d89d904[Not completed]
2021-10-10 13:46:20,275 [pool-562-thread-1] INFO  server.RaftServer$Division (RaftServerImpl.java:<init>(181)) - 1d4e4b2f-e6a0-4223-b62b-246b29415176: new RaftServerImpl for group-EF7FE1329C44:[2432123a-b439-42d5-83b4-1981f0fa2384|rpc:10.1.0.17:39429|priority:0, 1d4e4b2f-e6a0-4223-b62b-246b29415176|rpc:10.1.0.17:44219|priority:0, 9f3dcedd-2157-4ae4-b723-f54bfee8d9ce|rpc:10.1.0.17:40315|priority:1] with ContainerStateMachine:uninitialized
2021-10-10 13:46:20,275 [pool-562-thread-1] INFO  server.RaftServerConfigKeys (ConfUtils.java:logGet(44)) - raft.server.rpc.timeout.min = 5s (custom)
2021-10-10 13:46:20,275 [pool-562-thread-1] INFO  server.RaftServerConfigKeys (ConfUtils.java:logGet(44)) - raft.server.rpc.timeout.max = 5200ms (custom)
2021-10-10 13:46:20,275 [pool-562-thread-1] INFO  server.RaftServerConfigKeys (ConfUtils.java:logGet(44)) - raft.server.rpc.sleep.time = 25ms (default)
2021-10-10 13:46:20,275 [pool-562-thread-1] INFO  server.RaftServerConfigKeys (ConfUtils.java:logGet(44)) - raft.server.rpc.slowness.timeout = 300000ms (custom)
2021-10-10 13:46:20,275 [pool-562-thread-1] INFO  server.RaftServerConfigKeys (ConfUtils.java:logGet(44)) - raft.server.leaderelection.leader.step-down.wait-time = 10s (default)
2021-10-10 13:46:20,275 [pool-562-thread-1] INFO  server.RaftServerConfigKeys (ConfUtils.java:logGet(44)) - raft.server.sleep.deviation.threshold = 300ms (default)
2021-10-10 13:46:20,275 [pool-562-thread-1] INFO  server.RaftServerConfigKeys (ConfUtils.java:logGet(44)) - raft.server.log.appender.install.snapshot.enabled = false (custom)
2021-10-10 13:46:20,275 [pool-562-thread-1] INFO  server.RaftServer$Division (ServerState.java:<init>(105)) - 1d4e4b2f-e6a0-4223-b62b-246b29415176@group-EF7FE1329C44: ConfigurationManager, init=-1: [2432123a-b439-42d5-83b4-1981f0fa2384|rpc:10.1.0.17:39429|priority:0, 1d4e4b2f-e6a0-4223-b62b-246b29415176|rpc:10.1.0.17:44219|priority:0, 9f3dcedd-2157-4ae4-b723-f54bfee8d9ce|rpc:10.1.0.17:40315|priority:1], old=null, confs=<EMPTY_MAP>
2021-10-10 13:46:20,275 [pool-562-thread-1] INFO  server.RaftServerConfigKeys (ConfUtils.java:logGet(44)) - raft.server.storage.dir = [/home/runner/work/ozone/ozone/hadoop-ozone/integration-test/target/test-dir/MiniOzoneClusterImpl-0f145d0e-b24d-4882-976e-a7baa8a64dfe/datanode-3/data/ratis] (custom)
2021-10-10 13:46:20,275 [pool-562-thread-1] INFO  server.RaftServerConfigKeys (ConfUtils.java:logGet(44)) - raft.server.log.corruption.policy = EXCEPTION (default)
2021-10-10 13:46:20,275 [pool-562-thread-1] INFO  server.RaftServerConfigKeys (ConfUtils.java:logGet(44)) - raft.server.storage.free-space.min = 0MB (=0) (default)
2021-10-10 13:46:20,275 [pool-562-thread-1] INFO  storage.RaftStorageDirectory (RaftStorageDirectoryImpl.java:analyzeStorage(135)) - The storage directory /home/runner/work/ozone/ozone/hadoop-ozone/integration-test/target/test-dir/MiniOzoneClusterImpl-0f145d0e-b24d-4882-976e-a7baa8a64dfe/datanode-3/data/ratis/d81155ad-7afe-4ff1-840a-ef7fe1329c44 does not exist. Creating ...
2021-10-10 13:46:20,279 [pool-562-thread-1] INFO  storage.RaftStorageDirectory (RaftStorageDirectoryImpl.java:tryLock(230)) - Lock on /home/runner/work/ozone/ozone/hadoop-ozone/integration-test/target/test-dir/MiniOzoneClusterImpl-0f145d0e-b24d-4882-976e-a7baa8a64dfe/datanode-3/data/ratis/d81155ad-7afe-4ff1-840a-ef7fe1329c44/in_use.lock acquired by nodename 4979@fv-az291-460
2021-10-10 13:46:20,281 [pool-562-thread-1] INFO  storage.RaftStorage (RaftStorageImpl.java:format(89)) - Storage directory /home/runner/work/ozone/ozone/hadoop-ozone/integration-test/target/test-dir/MiniOzoneClusterImpl-0f145d0e-b24d-4882-976e-a7baa8a64dfe/datanode-3/data/ratis/d81155ad-7afe-4ff1-840a-ef7fe1329c44 has been successfully formatted.
2021-10-10 13:46:20,281 [pool-562-thread-1] INFO  ratis.ContainerStateMachine (ContainerStateMachine.java:loadSnapshot(224)) - group-EF7FE1329C44: The snapshot info is null. Setting the last applied indexto:(t:0, i:~)
2021-10-10 13:46:20,282 [Datanode State Machine Thread - 0] WARN  statemachine.StateContext (StateContext.java:execute(621)) - No available thread in pool for past 1 seconds.
2021-10-10 13:46:20,282 [pool-562-thread-1] INFO  server.RaftServerConfigKeys (ConfUtils.java:logGet(44)) - raft.server.notification.no-leader.timeout = 300000ms (custom)
2021-10-10 13:46:20,283 [EventQueue-OpenPipelineForHealthyPipelineSafeModeRule] INFO  safemode.SCMSafeModeManager (HealthyPipelineSafeModeRule.java:process(124)) - SCM in safe mode. Healthy pipelines reported count is 0, required healthy pipeline reported count is 1
2021-10-10 13:46:20,283 [pool-562-thread-1] INFO  server.RaftServerConfigKeys (ConfUtils.java:logGet(44)) - raft.server.log.use.memory = false (default)
2021-10-10 13:46:20,283 [pool-562-thread-1] INFO  server.RaftServerConfigKeys (ConfUtils.java:logGet(44)) - raft.server.log.purge.gap = 1000000 (custom)
2021-10-10 13:46:20,283 [pool-562-thread-1] INFO  server.RaftServerConfigKeys (ConfUtils.java:logGet(44)) - raft.server.log.appender.buffer.byte-limit = 33554432 (custom)
2021-10-10 13:46:20,283 [pool-562-thread-1] INFO  server.RaftServerConfigKeys (ConfUtils.java:logGet(44)) - raft.server.log.segment.size.max = 1048576 (custom)
2021-10-10 13:46:20,284 [pool-562-thread-1] INFO  server.RaftServerConfigKeys (ConfUtils.java:logGet(44)) - raft.server.log.segment.cache.num.max = 2 (custom)
2021-10-10 13:46:20,284 [pool-562-thread-1] INFO  server.RaftServerConfigKeys (ConfUtils.java:logGet(44)) - raft.server.log.segment.cache.size.max = 200MB (=209715200) (default)
2021-10-10 13:46:20,284 [pool-562-thread-1] INFO  segmented.SegmentedRaftLogWorker (SegmentedRaftLogWorker.java:<init>(182)) - new 1d4e4b2f-e6a0-4223-b62b-246b29415176@group-EF7FE1329C44-SegmentedRaftLogWorker for RaftStorageImpl:Storage Directory /home/runner/work/ozone/ozone/hadoop-ozone/integration-test/target/test-dir/MiniOzoneClusterImpl-0f145d0e-b24d-4882-976e-a7baa8a64dfe/datanode-3/data/ratis/d81155ad-7afe-4ff1-840a-ef7fe1329c44
2021-10-10 13:46:20,284 [pool-562-thread-1] INFO  server.RaftServerConfigKeys (ConfUtils.java:logGet(44)) - raft.server.log.queue.byte-limit = 2147483647 (custom)
2021-10-10 13:46:20,284 [pool-562-thread-1] INFO  server.RaftServerConfigKeys (ConfUtils.java:logGet(44)) - raft.server.log.queue.element-limit = 1024 (custom)
2021-10-10 13:46:20,284 [pool-562-thread-1] INFO  server.RaftServerConfigKeys (ConfUtils.java:logGet(44)) - raft.server.log.segment.size.max = 1048576 (custom)
2021-10-10 13:46:20,284 [pool-562-thread-1] INFO  server.RaftServerConfigKeys (ConfUtils.java:logGet(44)) - raft.server.log.preallocated.size = 16384 (custom)
2021-10-10 13:46:20,285 [pool-562-thread-1] INFO  server.RaftServerConfigKeys (ConfUtils.java:logGet(44)) - raft.server.log.force.sync.num = 128 (default)
2021-10-10 13:46:20,285 [pool-562-thread-1] INFO  server.RaftServerConfigKeys (ConfUtils.java:logGet(44)) - raft.server.log.statemachine.data.sync = true (default)
2021-10-10 13:46:20,285 [pool-562-thread-1] INFO  server.RaftServerConfigKeys (ConfUtils.java:logGet(44)) - raft.server.log.statemachine.data.sync.timeout = 10s (default)
2021-10-10 13:46:20,285 [pool-562-thread-1] INFO  server.RaftServerConfigKeys (ConfUtils.java:logGet(44)) - raft.server.log.statemachine.data.sync.timeout.retry = -1 (default)
2021-10-10 13:46:20,286 [pool-562-thread-1] INFO  server.RaftServerConfigKeys (ConfUtils.java:logGet(44)) - raft.server.log.write.buffer.size = 1048576 (custom)
2021-10-10 13:46:20,287 [pool-562-thread-1] INFO  server.RaftServerConfigKeys (ConfUtils.java:logGet(44)) - raft.server.log.statemachine.data.caching.enabled = true (custom)
2021-10-10 13:46:20,287 [pool-562-thread-1] INFO  segmented.SegmentedRaftLogWorker (SegmentedRaftLogWorker.java:lambda$new$0(133)) - 1d4e4b2f-e6a0-4223-b62b-246b29415176@group-EF7FE1329C44-SegmentedRaftLogWorker: flushIndex: setUnconditionally 0 -> -1
2021-10-10 13:46:20,287 [pool-562-thread-1] INFO  segmented.SegmentedRaftLogWorker (SegmentedRaftLogWorker.java:lambda$new$0(133)) - 1d4e4b2f-e6a0-4223-b62b-246b29415176@group-EF7FE1329C44-SegmentedRaftLogWorker: safeCacheEvictIndex: setUnconditionally 0 -> -1
2021-10-10 13:46:20,287 [pool-581-thread-1] INFO  server.RaftServerConfigKeys (ConfUtils.java:logGet(44)) - raft.server.log.statemachine.data.caching.enabled = true (custom)
2021-10-10 13:46:20,288 [pool-581-thread-1] INFO  segmented.SegmentedRaftLogWorker (SegmentedRaftLogWorker.java:lambda$new$0(133)) - 9f3dcedd-2157-4ae4-b723-f54bfee8d9ce@group-EF7FE1329C44-SegmentedRaftLogWorker: flushIndex: setUnconditionally 0 -> -1
2021-10-10 13:46:20,288 [pool-581-thread-1] INFO  segmented.SegmentedRaftLogWorker (SegmentedRaftLogWorker.java:lambda$new$0(133)) - 9f3dcedd-2157-4ae4-b723-f54bfee8d9ce@group-EF7FE1329C44-SegmentedRaftLogWorker: safeCacheEvictIndex: setUnconditionally 0 -> -1
2021-10-10 13:46:20,288 [pool-562-thread-1] INFO  server.RaftServerConfigKeys (ConfUtils.java:logGet(44)) - raft.server.snapshot.auto.trigger.enabled = true (custom)
2021-10-10 13:46:20,288 [pool-562-thread-1] INFO  server.RaftServerConfigKeys (ConfUtils.java:logGet(44)) - raft.server.snapshot.auto.trigger.threshold = 10000 (custom)
2021-10-10 13:46:20,288 [pool-562-thread-1] INFO  server.RaftServerConfigKeys (ConfUtils.java:logGet(44)) - raft.server.snapshot.retention.file.num = 5 (custom)
2021-10-10 13:46:20,288 [pool-562-thread-1] INFO  server.RaftServerConfigKeys (ConfUtils.java:logGet(44)) - raft.server.log.purge.upto.snapshot.index = false (default)
2021-10-10 13:46:20,288 [pool-581-thread-1] INFO  server.RaftServerConfigKeys (ConfUtils.java:logGet(44)) - raft.server.snapshot.auto.trigger.enabled = true (custom)
2021-10-10 13:46:20,289 [pool-581-thread-1] INFO  server.RaftServerConfigKeys (ConfUtils.java:logGet(44)) - raft.server.snapshot.auto.trigger.threshold = 10000 (custom)
2021-10-10 13:46:20,289 [pool-581-thread-1] INFO  server.RaftServerConfigKeys (ConfUtils.java:logGet(44)) - raft.server.snapshot.retention.file.num = 5 (custom)
2021-10-10 13:46:20,289 [pool-581-thread-1] INFO  server.RaftServerConfigKeys (ConfUtils.java:logGet(44)) - raft.server.log.purge.upto.snapshot.index = false (default)
2021-10-10 13:46:20,289 [pool-581-thread-1] INFO  server.RaftServerConfigKeys (ConfUtils.java:logGet(44)) - raft.server.retrycache.expirytime = 600000ms (custom)
2021-10-10 13:46:20,289 [pool-581-thread-1] INFO  server.RaftServerConfigKeys (ConfUtils.java:logGet(44)) - raft.server.retrycache.statistics.expirytime = 100μs (default)
2021-10-10 13:46:20,290 [pool-581-thread-1] INFO  server.RaftServer$Division (RaftServerImpl.java:start(296)) - 9f3dcedd-2157-4ae4-b723-f54bfee8d9ce@group-EF7FE1329C44: start as a follower, conf=-1: [2432123a-b439-42d5-83b4-1981f0fa2384|rpc:10.1.0.17:39429|priority:0, 1d4e4b2f-e6a0-4223-b62b-246b29415176|rpc:10.1.0.17:44219|priority:0, 9f3dcedd-2157-4ae4-b723-f54bfee8d9ce|rpc:10.1.0.17:40315|priority:1], old=null
2021-10-10 13:46:20,290 [pool-581-thread-1] INFO  server.RaftServer$Division (RaftServerImpl.java:setRole(285)) - 9f3dcedd-2157-4ae4-b723-f54bfee8d9ce@group-EF7FE1329C44: changes role from      null to FOLLOWER at term 0 for startAsFollower
2021-10-10 13:46:20,290 [pool-581-thread-1] INFO  impl.RoleInfo (RoleInfo.java:updateAndGet(130)) - 9f3dcedd-2157-4ae4-b723-f54bfee8d9ce: start 9f3dcedd-2157-4ae4-b723-f54bfee8d9ce@group-EF7FE1329C44-FollowerState
2021-10-10 13:46:20,291 [pool-581-thread-1] INFO  util.JmxRegister (JmxRegister.java:tryRegister(44)) - Successfully registered JMX Bean with object name Ratis:service=RaftServer,group=group-EF7FE1329C44,id=9f3dcedd-2157-4ae4-b723-f54bfee8d9ce
2021-10-10 13:46:20,303 [pool-562-thread-1] INFO  server.RaftServerConfigKeys (ConfUtils.java:logGet(44)) - raft.server.retrycache.expirytime = 600000ms (custom)
2021-10-10 13:46:20,304 [pool-562-thread-1] INFO  server.RaftServerConfigKeys (ConfUtils.java:logGet(44)) - raft.server.retrycache.statistics.expirytime = 100μs (default)
2021-10-10 13:46:20,305 [pool-562-thread-1] INFO  server.RaftServer$Division (RaftServerImpl.java:start(296)) - 1d4e4b2f-e6a0-4223-b62b-246b29415176@group-EF7FE1329C44: start as a follower, conf=-1: [2432123a-b439-42d5-83b4-1981f0fa2384|rpc:10.1.0.17:39429|priority:0, 1d4e4b2f-e6a0-4223-b62b-246b29415176|rpc:10.1.0.17:44219|priority:0, 9f3dcedd-2157-4ae4-b723-f54bfee8d9ce|rpc:10.1.0.17:40315|priority:1], old=null
2021-10-10 13:46:20,305 [pool-562-thread-1] INFO  server.RaftServer$Division (RaftServerImpl.java:setRole(285)) - 1d4e4b2f-e6a0-4223-b62b-246b29415176@group-EF7FE1329C44: changes role from      null to FOLLOWER at term 0 for startAsFollower
2021-10-10 13:46:20,305 [pool-562-thread-1] INFO  impl.RoleInfo (RoleInfo.java:updateAndGet(130)) - 1d4e4b2f-e6a0-4223-b62b-246b29415176: start 1d4e4b2f-e6a0-4223-b62b-246b29415176@group-EF7FE1329C44-FollowerState
2021-10-10 13:46:20,305 [Command processor thread] INFO  ratis.XceiverServerRatis (XceiverServerRatis.java:addGroup(763)) - Created group PipelineID=d81155ad-7afe-4ff1-840a-ef7fe1329c44
2021-10-10 13:46:20,323 [pool-562-thread-1] INFO  util.JmxRegister (JmxRegister.java:tryRegister(44)) - Successfully registered JMX Bean with object name Ratis:service=RaftServer,group=group-EF7FE1329C44,id=1d4e4b2f-e6a0-4223-b62b-246b29415176
2021-10-10 13:46:20,368 [Command processor thread] INFO  server.RaftServer (RaftServerProxy.java:addNew(95)) - 2432123a-b439-42d5-83b4-1981f0fa2384: addNew group-2C5645E41BD7:[2432123a-b439-42d5-83b4-1981f0fa2384|rpc:10.1.0.17:39429|priority:1] returns group-2C5645E41BD7:java.util.concurrent.CompletableFuture@523fdd07[Not completed]
2021-10-10 13:46:20,372 [pool-600-thread-1] INFO  server.RaftServer$Division (RaftServerImpl.java:<init>(181)) - 2432123a-b439-42d5-83b4-1981f0fa2384: new RaftServerImpl for group-2C5645E41BD7:[2432123a-b439-42d5-83b4-1981f0fa2384|rpc:10.1.0.17:39429|priority:1] with ContainerStateMachine:uninitialized
2021-10-10 13:46:20,372 [pool-600-thread-1] INFO  server.RaftServerConfigKeys (ConfUtils.java:logGet(44)) - raft.server.rpc.timeout.min = 5s (custom)
2021-10-10 13:46:20,372 [pool-600-thread-1] INFO  server.RaftServerConfigKeys (ConfUtils.java:logGet(44)) - raft.server.rpc.timeout.max = 5200ms (custom)
2021-10-10 13:46:20,372 [pool-600-thread-1] INFO  server.RaftServerConfigKeys (ConfUtils.java:logGet(44)) - raft.server.rpc.sleep.time = 25ms (default)
2021-10-10 13:46:20,372 [pool-600-thread-1] INFO  server.RaftServerConfigKeys (ConfUtils.java:logGet(44)) - raft.server.rpc.slowness.timeout = 300000ms (custom)
2021-10-10 13:46:20,372 [pool-600-thread-1] INFO  server.RaftServerConfigKeys (ConfUtils.java:logGet(44)) - raft.server.leaderelection.leader.step-down.wait-time = 10s (default)
2021-10-10 13:46:20,372 [pool-600-thread-1] INFO  server.RaftServerConfigKeys (ConfUtils.java:logGet(44)) - raft.server.sleep.deviation.threshold = 300ms (default)
2021-10-10 13:46:20,372 [pool-600-thread-1] INFO  server.RaftServerConfigKeys (ConfUtils.java:logGet(44)) - raft.server.log.appender.install.snapshot.enabled = false (custom)
2021-10-10 13:46:20,372 [pool-600-thread-1] INFO  server.RaftServer$Division (ServerState.java:<init>(105)) - 2432123a-b439-42d5-83b4-1981f0fa2384@group-2C5645E41BD7: ConfigurationManager, init=-1: [2432123a-b439-42d5-83b4-1981f0fa2384|rpc:10.1.0.17:39429|priority:1], old=null, confs=<EMPTY_MAP>
2021-10-10 13:46:20,372 [pool-600-thread-1] INFO  server.RaftServerConfigKeys (ConfUtils.java:logGet(44)) - raft.server.storage.dir = [/home/runner/work/ozone/ozone/hadoop-ozone/integration-test/target/test-dir/MiniOzoneClusterImpl-0f145d0e-b24d-4882-976e-a7baa8a64dfe/datanode-5/data/ratis] (custom)
2021-10-10 13:46:20,372 [pool-600-thread-1] INFO  server.RaftServerConfigKeys (ConfUtils.java:logGet(44)) - raft.server.log.corruption.policy = EXCEPTION (default)
2021-10-10 13:46:20,372 [pool-600-thread-1] INFO  server.RaftServerConfigKeys (ConfUtils.java:logGet(44)) - raft.server.storage.free-space.min = 0MB (=0) (default)
2021-10-10 13:46:20,372 [pool-600-thread-1] INFO  storage.RaftStorageDirectory (RaftStorageDirectoryImpl.java:analyzeStorage(135)) - The storage directory /home/runner/work/ozone/ozone/hadoop-ozone/integration-test/target/test-dir/MiniOzoneClusterImpl-0f145d0e-b24d-4882-976e-a7baa8a64dfe/datanode-5/data/ratis/aad80fe2-f9ff-445d-961c-2c5645e41bd7 does not exist. Creating ...
2021-10-10 13:46:20,374 [grpc-default-executor-6] INFO  server.RaftServer (RaftServerProxy.java:addNew(95)) - 2432123a-b439-42d5-83b4-1981f0fa2384: addNew group-EF7FE1329C44:[2432123a-b439-42d5-83b4-1981f0fa2384|rpc:10.1.0.17:39429|dataStream:|priority:0, 1d4e4b2f-e6a0-4223-b62b-246b29415176|rpc:10.1.0.17:44219|dataStream:|priority:0, 9f3dcedd-2157-4ae4-b723-f54bfee8d9ce|rpc:10.1.0.17:40315|dataStream:|priority:1] returns group-EF7FE1329C44:java.util.concurrent.CompletableFuture@214d4d57[Not completed]
2021-10-10 13:46:20,374 [pool-600-thread-1] INFO  storage.RaftStorageDirectory (RaftStorageDirectoryImpl.java:tryLock(230)) - Lock on /home/runner/work/ozone/ozone/hadoop-ozone/integration-test/target/test-dir/MiniOzoneClusterImpl-0f145d0e-b24d-4882-976e-a7baa8a64dfe/datanode-5/data/ratis/aad80fe2-f9ff-445d-961c-2c5645e41bd7/in_use.lock acquired by nodename 4979@fv-az291-460
2021-10-10 13:46:20,375 [pool-600-thread-1] INFO  storage.RaftStorage (RaftStorageImpl.java:format(89)) - Storage directory /home/runner/work/ozone/ozone/hadoop-ozone/integration-test/target/test-dir/MiniOzoneClusterImpl-0f145d0e-b24d-4882-976e-a7baa8a64dfe/datanode-5/data/ratis/aad80fe2-f9ff-445d-961c-2c5645e41bd7 has been successfully formatted.
2021-10-10 13:46:20,375 [Datanode State Machine Thread - 0] WARN  statemachine.StateContext (StateContext.java:execute(621)) - No available thread in pool for past 1 seconds.
2021-10-10 13:46:20,376 [pool-600-thread-1] INFO  ratis.ContainerStateMachine (ContainerStateMachine.java:loadSnapshot(224)) - group-2C5645E41BD7: The snapshot info is null. Setting the last applied indexto:(t:0, i:~)
2021-10-10 13:46:20,376 [pool-600-thread-1] INFO  server.RaftServerConfigKeys (ConfUtils.java:logGet(44)) - raft.server.notification.no-leader.timeout = 300000ms (custom)
2021-10-10 13:46:20,376 [pool-600-thread-1] INFO  server.RaftServerConfigKeys (ConfUtils.java:logGet(44)) - raft.server.log.use.memory = false (default)
2021-10-10 13:46:20,376 [pool-600-thread-1] INFO  server.RaftServerConfigKeys (ConfUtils.java:logGet(44)) - raft.server.log.purge.gap = 1000000 (custom)
2021-10-10 13:46:20,376 [pool-600-thread-1] INFO  server.RaftServerConfigKeys (ConfUtils.java:logGet(44)) - raft.server.log.appender.buffer.byte-limit = 33554432 (custom)
2021-10-10 13:46:20,377 [pool-600-thread-1] INFO  server.RaftServerConfigKeys (ConfUtils.java:logGet(44)) - raft.server.log.segment.size.max = 1048576 (custom)
2021-10-10 13:46:20,377 [pool-600-thread-1] INFO  server.RaftServerConfigKeys (ConfUtils.java:logGet(44)) - raft.server.log.segment.cache.num.max = 2 (custom)
2021-10-10 13:46:20,377 [pool-600-thread-1] INFO  server.RaftServerConfigKeys (ConfUtils.java:logGet(44)) - raft.server.log.segment.cache.size.max = 200MB (=209715200) (default)
2021-10-10 13:46:20,377 [pool-600-thread-1] INFO  segmented.SegmentedRaftLogWorker (SegmentedRaftLogWorker.java:<init>(182)) - new 2432123a-b439-42d5-83b4-1981f0fa2384@group-2C5645E41BD7-SegmentedRaftLogWorker for RaftStorageImpl:Storage Directory /home/runner/work/ozone/ozone/hadoop-ozone/integration-test/target/test-dir/MiniOzoneClusterImpl-0f145d0e-b24d-4882-976e-a7baa8a64dfe/datanode-5/data/ratis/aad80fe2-f9ff-445d-961c-2c5645e41bd7
2021-10-10 13:46:20,377 [pool-600-thread-1] INFO  server.RaftServerConfigKeys (ConfUtils.java:logGet(44)) - raft.server.log.queue.byte-limit = 2147483647 (custom)
2021-10-10 13:46:20,377 [pool-600-thread-1] INFO  server.RaftServerConfigKeys (ConfUtils.java:logGet(44)) - raft.server.log.queue.element-limit = 1024 (custom)
2021-10-10 13:46:20,377 [pool-600-thread-1] INFO  server.RaftServerConfigKeys (ConfUtils.java:logGet(44)) - raft.server.log.segment.size.max = 1048576 (custom)
2021-10-10 13:46:20,377 [pool-600-thread-1] INFO  server.RaftServerConfigKeys (ConfUtils.java:logGet(44)) - raft.server.log.preallocated.size = 16384 (custom)
2021-10-10 13:46:20,377 [pool-600-thread-1] INFO  server.RaftServerConfigKeys (ConfUtils.java:logGet(44)) - raft.server.log.force.sync.num = 128 (default)
2021-10-10 13:46:20,377 [pool-600-thread-1] INFO  server.RaftServerConfigKeys (ConfUtils.java:logGet(44)) - raft.server.log.statemachine.data.sync = true (default)
2021-10-10 13:46:20,377 [pool-600-thread-1] INFO  server.RaftServerConfigKeys (ConfUtils.java:logGet(44)) - raft.server.log.statemachine.data.sync.timeout = 10s (default)
2021-10-10 13:46:20,377 [pool-600-thread-1] INFO  server.RaftServerConfigKeys (ConfUtils.java:logGet(44)) - raft.server.log.statemachine.data.sync.timeout.retry = -1 (default)
2021-10-10 13:46:20,378 [pool-600-thread-1] INFO  server.RaftServerConfigKeys (ConfUtils.java:logGet(44)) - raft.server.log.write.buffer.size = 1048576 (custom)
2021-10-10 13:46:20,379 [pool-600-thread-1] INFO  server.RaftServerConfigKeys (ConfUtils.java:logGet(44)) - raft.server.log.statemachine.data.caching.enabled = true (custom)
2021-10-10 13:46:20,379 [pool-600-thread-1] INFO  segmented.SegmentedRaftLogWorker (SegmentedRaftLogWorker.java:lambda$new$0(133)) - 2432123a-b439-42d5-83b4-1981f0fa2384@group-2C5645E41BD7-SegmentedRaftLogWorker: flushIndex: setUnconditionally 0 -> -1
2021-10-10 13:46:20,380 [pool-600-thread-1] INFO  segmented.SegmentedRaftLogWorker (SegmentedRaftLogWorker.java:lambda$new$0(133)) - 2432123a-b439-42d5-83b4-1981f0fa2384@group-2C5645E41BD7-SegmentedRaftLogWorker: safeCacheEvictIndex: setUnconditionally 0 -> -1
2021-10-10 13:46:20,381 [pool-600-thread-1] INFO  server.RaftServerConfigKeys (ConfUtils.java:logGet(44)) - raft.server.snapshot.auto.trigger.enabled = true (custom)
2021-10-10 13:46:20,381 [pool-600-thread-1] INFO  server.RaftServerConfigKeys (ConfUtils.java:logGet(44)) - raft.server.snapshot.auto.trigger.threshold = 10000 (custom)
2021-10-10 13:46:20,381 [pool-600-thread-1] INFO  server.RaftServerConfigKeys (ConfUtils.java:logGet(44)) - raft.server.snapshot.retention.file.num = 5 (custom)
2021-10-10 13:46:20,381 [pool-600-thread-1] INFO  server.RaftServerConfigKeys (ConfUtils.java:logGet(44)) - raft.server.log.purge.upto.snapshot.index = false (default)
2021-10-10 13:46:20,381 [pool-600-thread-1] INFO  server.RaftServerConfigKeys (ConfUtils.java:logGet(44)) - raft.server.retrycache.expirytime = 600000ms (custom)
2021-10-10 13:46:20,381 [pool-600-thread-1] INFO  server.RaftServerConfigKeys (ConfUtils.java:logGet(44)) - raft.server.retrycache.statistics.expirytime = 100μs (default)
2021-10-10 13:46:20,381 [EventQueue-PipelineReportForPipelineReportHandler] INFO  pipeline.PipelineManagerImpl (PipelineManagerImpl.java:openPipeline(282)) - Pipeline Pipeline[ Id: aad80fe2-f9ff-445d-961c-2c5645e41bd7, Nodes: 2432123a-b439-42d5-83b4-1981f0fa2384{ip: 10.1.0.17, host: fv-az291-460.wgnan5asplgejimfprtllbpdch.jx.internal.cloudapp.net, ports: [REPLICATION=45645, RATIS=39429, RATIS_ADMIN=39429, RATIS_SERVER=39429, STANDALONE=45115], networkLocation: /default-rack, certSerialId: null, persistedOpState: IN_SERVICE, persistedOpStateExpiryEpochSec: 0}, ReplicationConfig: RATIS/ONE, State:ALLOCATED, leaderId:2432123a-b439-42d5-83b4-1981f0fa2384, CreationTimestamp2021-10-10T13:46:17.370Z[Etc/UTC]] moved to OPEN state
2021-10-10 13:46:20,382 [EventQueue-OpenPipelineForHealthyPipelineSafeModeRule] INFO  safemode.SCMSafeModeManager (HealthyPipelineSafeModeRule.java:process(124)) - SCM in safe mode. Healthy pipelines reported count is 0, required healthy pipeline reported count is 1
2021-10-10 13:46:20,386 [pool-600-thread-1] INFO  server.RaftServer$Division (RaftServerImpl.java:<init>(181)) - 2432123a-b439-42d5-83b4-1981f0fa2384: new RaftServerImpl for group-EF7FE1329C44:[2432123a-b439-42d5-83b4-1981f0fa2384|rpc:10.1.0.17:39429|dataStream:|priority:0, 1d4e4b2f-e6a0-4223-b62b-246b29415176|rpc:10.1.0.17:44219|dataStream:|priority:0, 9f3dcedd-2157-4ae4-b723-f54bfee8d9ce|rpc:10.1.0.17:40315|dataStream:|priority:1] with ContainerStateMachine:uninitialized
2021-10-10 13:46:20,386 [pool-600-thread-1] INFO  server.RaftServerConfigKeys (ConfUtils.java:logGet(44)) - raft.server.rpc.timeout.min = 5s (custom)
2021-10-10 13:46:20,386 [pool-600-thread-1] INFO  server.RaftServerConfigKeys (ConfUtils.java:logGet(44)) - raft.server.rpc.timeout.max = 5200ms (custom)
2021-10-10 13:46:20,386 [pool-600-thread-1] INFO  server.RaftServerConfigKeys (ConfUtils.java:logGet(44)) - raft.server.rpc.sleep.time = 25ms (default)
2021-10-10 13:46:20,386 [pool-600-thread-1] INFO  server.RaftServerConfigKeys (ConfUtils.java:logGet(44)) - raft.server.rpc.slowness.timeout = 300000ms (custom)
2021-10-10 13:46:20,387 [pool-600-thread-1] INFO  server.RaftServerConfigKeys (ConfUtils.java:logGet(44)) - raft.server.leaderelection.leader.step-down.wait-time = 10s (default)
2021-10-10 13:46:20,387 [pool-600-thread-1] INFO  server.RaftServerConfigKeys (ConfUtils.java:logGet(44)) - raft.server.sleep.deviation.threshold = 300ms (default)
2021-10-10 13:46:20,387 [pool-600-thread-1] INFO  server.RaftServerConfigKeys (ConfUtils.java:logGet(44)) - raft.server.log.appender.install.snapshot.enabled = false (custom)
2021-10-10 13:46:20,387 [pool-600-thread-1] INFO  server.RaftServer$Division (ServerState.java:<init>(105)) - 2432123a-b439-42d5-83b4-1981f0fa2384@group-EF7FE1329C44: ConfigurationManager, init=-1: [2432123a-b439-42d5-83b4-1981f0fa2384|rpc:10.1.0.17:39429|dataStream:|priority:0, 1d4e4b2f-e6a0-4223-b62b-246b29415176|rpc:10.1.0.17:44219|dataStream:|priority:0, 9f3dcedd-2157-4ae4-b723-f54bfee8d9ce|rpc:10.1.0.17:40315|dataStream:|priority:1], old=null, confs=<EMPTY_MAP>
2021-10-10 13:46:20,387 [pool-600-thread-1] INFO  server.RaftServerConfigKeys (ConfUtils.java:logGet(44)) - raft.server.storage.dir = [/home/runner/work/ozone/ozone/hadoop-ozone/integration-test/target/test-dir/MiniOzoneClusterImpl-0f145d0e-b24d-4882-976e-a7baa8a64dfe/datanode-5/data/ratis] (custom)
2021-10-10 13:46:20,388 [pool-600-thread-1] INFO  server.RaftServerConfigKeys (ConfUtils.java:logGet(44)) - raft.server.log.corruption.policy = EXCEPTION (default)
2021-10-10 13:46:20,388 [pool-600-thread-1] INFO  server.RaftServerConfigKeys (ConfUtils.java:logGet(44)) - raft.server.storage.free-space.min = 0MB (=0) (default)
2021-10-10 13:46:20,388 [pool-600-thread-1] INFO  storage.RaftStorageDirectory (RaftStorageDirectoryImpl.java:analyzeStorage(135)) - The storage directory /home/runner/work/ozone/ozone/hadoop-ozone/integration-test/target/test-dir/MiniOzoneClusterImpl-0f145d0e-b24d-4882-976e-a7baa8a64dfe/datanode-5/data/ratis/d81155ad-7afe-4ff1-840a-ef7fe1329c44 does not exist. Creating ...
2021-10-10 13:46:20,391 [pool-600-thread-1] INFO  storage.RaftStorageDirectory (RaftStorageDirectoryImpl.java:tryLock(230)) - Lock on /home/runner/work/ozone/ozone/hadoop-ozone/integration-test/target/test-dir/MiniOzoneClusterImpl-0f145d0e-b24d-4882-976e-a7baa8a64dfe/datanode-5/data/ratis/d81155ad-7afe-4ff1-840a-ef7fe1329c44/in_use.lock acquired by nodename 4979@fv-az291-460
2021-10-10 13:46:20,394 [pool-600-thread-1] INFO  storage.RaftStorage (RaftStorageImpl.java:format(89)) - Storage directory /home/runner/work/ozone/ozone/hadoop-ozone/integration-test/target/test-dir/MiniOzoneClusterImpl-0f145d0e-b24d-4882-976e-a7baa8a64dfe/datanode-5/data/ratis/d81155ad-7afe-4ff1-840a-ef7fe1329c44 has been successfully formatted.
2021-10-10 13:46:20,394 [Datanode State Machine Thread - 0] WARN  statemachine.StateContext (StateContext.java:execute(621)) - No available thread in pool for past 1 seconds.
2021-10-10 13:46:20,395 [pool-600-thread-1] INFO  ratis.ContainerStateMachine (ContainerStateMachine.java:loadSnapshot(224)) - group-EF7FE1329C44: The snapshot info is null. Setting the last applied indexto:(t:0, i:~)
2021-10-10 13:46:20,395 [pool-600-thread-1] INFO  server.RaftServerConfigKeys (ConfUtils.java:logGet(44)) - raft.server.notification.no-leader.timeout = 300000ms (custom)
2021-10-10 13:46:20,395 [pool-600-thread-1] INFO  server.RaftServerConfigKeys (ConfUtils.java:logGet(44)) - raft.server.log.use.memory = false (default)
2021-10-10 13:46:20,395 [EventQueue-OpenPipelineForHealthyPipelineSafeModeRule] INFO  safemode.SCMSafeModeManager (HealthyPipelineSafeModeRule.java:process(124)) - SCM in safe mode. Healthy pipelines reported count is 0, required healthy pipeline reported count is 1
2021-10-10 13:46:20,395 [pool-600-thread-1] INFO  server.RaftServerConfigKeys (ConfUtils.java:logGet(44)) - raft.server.log.purge.gap = 1000000 (custom)
2021-10-10 13:46:20,395 [pool-600-thread-1] INFO  server.RaftServerConfigKeys (ConfUtils.java:logGet(44)) - raft.server.log.appender.buffer.byte-limit = 33554432 (custom)
2021-10-10 13:46:20,396 [pool-600-thread-1] INFO  server.RaftServerConfigKeys (ConfUtils.java:logGet(44)) - raft.server.log.segment.size.max = 1048576 (custom)
2021-10-10 13:46:20,396 [pool-600-thread-1] INFO  server.RaftServerConfigKeys (ConfUtils.java:logGet(44)) - raft.server.log.segment.cache.num.max = 2 (custom)
2021-10-10 13:46:20,396 [pool-600-thread-1] INFO  server.RaftServerConfigKeys (ConfUtils.java:logGet(44)) - raft.server.log.segment.cache.size.max = 200MB (=209715200) (default)
2021-10-10 13:46:20,396 [pool-600-thread-1] INFO  segmented.SegmentedRaftLogWorker (SegmentedRaftLogWorker.java:<init>(182)) - new 2432123a-b439-42d5-83b4-1981f0fa2384@group-EF7FE1329C44-SegmentedRaftLogWorker for RaftStorageImpl:Storage Directory /home/runner/work/ozone/ozone/hadoop-ozone/integration-test/target/test-dir/MiniOzoneClusterImpl-0f145d0e-b24d-4882-976e-a7baa8a64dfe/datanode-5/data/ratis/d81155ad-7afe-4ff1-840a-ef7fe1329c44
2021-10-10 13:46:20,396 [pool-600-thread-1] INFO  server.RaftServerConfigKeys (ConfUtils.java:logGet(44)) - raft.server.log.queue.byte-limit = 2147483647 (custom)
2021-10-10 13:46:20,396 [pool-600-thread-1] INFO  server.RaftServerConfigKeys (ConfUtils.java:logGet(44)) - raft.server.log.queue.element-limit = 1024 (custom)
2021-10-10 13:46:20,396 [pool-600-thread-1] INFO  server.RaftServerConfigKeys (ConfUtils.java:logGet(44)) - raft.server.log.segment.size.max = 1048576 (custom)
2021-10-10 13:46:20,396 [pool-600-thread-1] INFO  server.RaftServerConfigKeys (ConfUtils.java:logGet(44)) - raft.server.log.preallocated.size = 16384 (custom)
2021-10-10 13:46:20,396 [pool-600-thread-1] INFO  server.RaftServerConfigKeys (ConfUtils.java:logGet(44)) - raft.server.log.force.sync.num = 128 (default)
2021-10-10 13:46:20,396 [pool-600-thread-1] INFO  server.RaftServerConfigKeys (ConfUtils.java:logGet(44)) - raft.server.log.statemachine.data.sync = true (default)
2021-10-10 13:46:20,396 [pool-600-thread-1] INFO  server.RaftServerConfigKeys (ConfUtils.java:logGet(44)) - raft.server.log.statemachine.data.sync.timeout = 10s (default)
2021-10-10 13:46:20,397 [pool-600-thread-1] INFO  server.RaftServerConfigKeys (ConfUtils.java:logGet(44)) - raft.server.log.statemachine.data.sync.timeout.retry = -1 (default)
2021-10-10 13:46:20,397 [pool-600-thread-1] INFO  server.RaftServerConfigKeys (ConfUtils.java:logGet(44)) - raft.server.log.write.buffer.size = 1048576 (custom)
2021-10-10 13:46:20,398 [pool-600-thread-1] INFO  server.RaftServerConfigKeys (ConfUtils.java:logGet(44)) - raft.server.log.statemachine.data.caching.enabled = true (custom)
2021-10-10 13:46:20,398 [pool-600-thread-1] INFO  segmented.SegmentedRaftLogWorker (SegmentedRaftLogWorker.java:lambda$new$0(133)) - 2432123a-b439-42d5-83b4-1981f0fa2384@group-EF7FE1329C44-SegmentedRaftLogWorker: flushIndex: setUnconditionally 0 -> -1
2021-10-10 13:46:20,398 [pool-600-thread-1] INFO  segmented.SegmentedRaftLogWorker (SegmentedRaftLogWorker.java:lambda$new$0(133)) - 2432123a-b439-42d5-83b4-1981f0fa2384@group-EF7FE1329C44-SegmentedRaftLogWorker: safeCacheEvictIndex: setUnconditionally 0 -> -1
2021-10-10 13:46:20,399 [pool-600-thread-1] INFO  server.RaftServerConfigKeys (ConfUtils.java:logGet(44)) - raft.server.snapshot.auto.trigger.enabled = true (custom)
2021-10-10 13:46:20,399 [pool-600-thread-1] INFO  server.RaftServerConfigKeys (ConfUtils.java:logGet(44)) - raft.server.snapshot.auto.trigger.threshold = 10000 (custom)
2021-10-10 13:46:20,399 [pool-600-thread-1] INFO  server.RaftServerConfigKeys (ConfUtils.java:logGet(44)) - raft.server.snapshot.retention.file.num = 5 (custom)
2021-10-10 13:46:20,399 [pool-600-thread-1] INFO  server.RaftServerConfigKeys (ConfUtils.java:logGet(44)) - raft.server.log.purge.upto.snapshot.index = false (default)
2021-10-10 13:46:20,399 [pool-600-thread-1] INFO  server.RaftServerConfigKeys (ConfUtils.java:logGet(44)) - raft.server.retrycache.expirytime = 600000ms (custom)
2021-10-10 13:46:20,399 [pool-600-thread-1] INFO  server.RaftServerConfigKeys (ConfUtils.java:logGet(44)) - raft.server.retrycache.statistics.expirytime = 100μs (default)
2021-10-10 13:46:20,400 [pool-600-thread-1] INFO  server.RaftServer$Division (RaftServerImpl.java:start(296)) - 2432123a-b439-42d5-83b4-1981f0fa2384@group-2C5645E41BD7: start as a follower, conf=-1: [2432123a-b439-42d5-83b4-1981f0fa2384|rpc:10.1.0.17:39429|priority:1], old=null
2021-10-10 13:46:20,400 [pool-600-thread-1] INFO  server.RaftServer$Division (RaftServerImpl.java:setRole(285)) - 2432123a-b439-42d5-83b4-1981f0fa2384@group-2C5645E41BD7: changes role from      null to FOLLOWER at term 0 for startAsFollower
2021-10-10 13:46:20,400 [pool-600-thread-1] INFO  impl.RoleInfo (RoleInfo.java:updateAndGet(130)) - 2432123a-b439-42d5-83b4-1981f0fa2384: start 2432123a-b439-42d5-83b4-1981f0fa2384@group-2C5645E41BD7-FollowerState
2021-10-10 13:46:20,401 [pool-600-thread-1] INFO  util.JmxRegister (JmxRegister.java:tryRegister(44)) - Successfully registered JMX Bean with object name Ratis:service=RaftServer,group=group-2C5645E41BD7,id=2432123a-b439-42d5-83b4-1981f0fa2384
2021-10-10 13:46:20,402 [pool-600-thread-1] INFO  server.RaftServer$Division (RaftServerImpl.java:start(296)) - 2432123a-b439-42d5-83b4-1981f0fa2384@group-EF7FE1329C44: start as a follower, conf=-1: [2432123a-b439-42d5-83b4-1981f0fa2384|rpc:10.1.0.17:39429|dataStream:|priority:0, 1d4e4b2f-e6a0-4223-b62b-246b29415176|rpc:10.1.0.17:44219|dataStream:|priority:0, 9f3dcedd-2157-4ae4-b723-f54bfee8d9ce|rpc:10.1.0.17:40315|dataStream:|priority:1], old=null
2021-10-10 13:46:20,402 [pool-600-thread-1] INFO  server.RaftServer$Division (RaftServerImpl.java:setRole(285)) - 2432123a-b439-42d5-83b4-1981f0fa2384@group-EF7FE1329C44: changes role from      null to FOLLOWER at term 0 for startAsFollower
2021-10-10 13:46:20,402 [Command processor thread] INFO  ratis.XceiverServerRatis (XceiverServerRatis.java:addGroup(763)) - Created group PipelineID=aad80fe2-f9ff-445d-961c-2c5645e41bd7
2021-10-10 13:46:20,402 [Command processor thread] INFO  commandhandler.CreatePipelineCommandHandler (CreatePipelineCommandHandler.java:handle(106)) - Created Pipeline RATIS ONE PipelineID=aad80fe2-f9ff-445d-961c-2c5645e41bd7.
2021-10-10 13:46:20,402 [pool-600-thread-1] INFO  impl.RoleInfo (RoleInfo.java:updateAndGet(130)) - 2432123a-b439-42d5-83b4-1981f0fa2384: start 2432123a-b439-42d5-83b4-1981f0fa2384@group-EF7FE1329C44-FollowerState
2021-10-10 13:46:20,421 [pool-600-thread-1] INFO  util.JmxRegister (JmxRegister.java:tryRegister(44)) - Successfully registered JMX Bean with object name Ratis:service=RaftServer,group=group-EF7FE1329C44,id=2432123a-b439-42d5-83b4-1981f0fa2384
2021-10-10 13:46:20,434 [Command processor thread] INFO  ratis.XceiverServerRatis (XceiverServerRatis.java:addGroup(763)) - Created group PipelineID=d81155ad-7afe-4ff1-840a-ef7fe1329c44
2021-10-10 13:46:20,580 [Command processor thread] INFO  commandhandler.CreatePipelineCommandHandler (CreatePipelineCommandHandler.java:handle(106)) - Created Pipeline RATIS THREE PipelineID=d81155ad-7afe-4ff1-840a-ef7fe1329c44.
2021-10-10 13:46:20,622 [Command processor thread] INFO  commandhandler.CreatePipelineCommandHandler (CreatePipelineCommandHandler.java:handle(106)) - Created Pipeline RATIS THREE PipelineID=d81155ad-7afe-4ff1-840a-ef7fe1329c44.
2021-10-10 13:46:20,704 [Listener at 127.0.0.1/44821] INFO  ozone.MiniOzoneClusterImpl (MiniOzoneClusterImpl.java:lambda$waitForClusterToBeReady$0(235)) - Nodes are ready. Got 7 of 7 DN Heartbeats.
2021-10-10 13:46:20,704 [Listener at 127.0.0.1/44821] INFO  ozone.MiniOzoneClusterImpl (MiniOzoneClusterImpl.java:lambda$waitForClusterToBeReady$0(238)) - Waiting for cluster to exit safe mode
2021-10-10 13:46:20,704 [Listener at 127.0.0.1/44821] INFO  ozone.MiniOzoneClusterImpl (MiniOzoneClusterImpl.java:lambda$waitForClusterToBeReady$0(240)) - SCM became leader
2021-10-10 13:46:20,752 [Command processor thread] INFO  server.RaftServer (RaftServerProxy.java:addNew(95)) - e1b2127a-933c-4bfc-a8fa-edeeb9ccf213: addNew group-F1A31A7042A1:[e1b2127a-933c-4bfc-a8fa-edeeb9ccf213|rpc:10.1.0.17:33955|priority:1] returns group-F1A31A7042A1:java.util.concurrent.CompletableFuture@2a906786[Not completed]
2021-10-10 13:46:20,753 [pool-619-thread-1] INFO  server.RaftServer$Division (RaftServerImpl.java:<init>(181)) - e1b2127a-933c-4bfc-a8fa-edeeb9ccf213: new RaftServerImpl for group-F1A31A7042A1:[e1b2127a-933c-4bfc-a8fa-edeeb9ccf213|rpc:10.1.0.17:33955|priority:1] with ContainerStateMachine:uninitialized
2021-10-10 13:46:20,754 [pool-619-thread-1] INFO  server.RaftServerConfigKeys (ConfUtils.java:logGet(44)) - raft.server.rpc.timeout.min = 5s (custom)
2021-10-10 13:46:20,754 [pool-619-thread-1] INFO  server.RaftServerConfigKeys (ConfUtils.java:logGet(44)) - raft.server.rpc.timeout.max = 5200ms (custom)
2021-10-10 13:46:20,754 [pool-619-thread-1] INFO  server.RaftServerConfigKeys (ConfUtils.java:logGet(44)) - raft.server.rpc.sleep.time = 25ms (default)
2021-10-10 13:46:20,754 [pool-619-thread-1] INFO  server.RaftServerConfigKeys (ConfUtils.java:logGet(44)) - raft.server.rpc.slowness.timeout = 300000ms (custom)
2021-10-10 13:46:20,754 [pool-619-thread-1] INFO  server.RaftServerConfigKeys (ConfUtils.java:logGet(44)) - raft.server.leaderelection.leader.step-down.wait-time = 10s (default)
2021-10-10 13:46:20,754 [pool-619-thread-1] INFO  server.RaftServerConfigKeys (ConfUtils.java:logGet(44)) - raft.server.sleep.deviation.threshold = 300ms (default)
2021-10-10 13:46:20,754 [pool-619-thread-1] INFO  server.RaftServerConfigKeys (ConfUtils.java:logGet(44)) - raft.server.log.appender.install.snapshot.enabled = false (custom)
2021-10-10 13:46:20,754 [pool-619-thread-1] INFO  server.RaftServer$Division (ServerState.java:<init>(105)) - e1b2127a-933c-4bfc-a8fa-edeeb9ccf213@group-F1A31A7042A1: ConfigurationManager, init=-1: [e1b2127a-933c-4bfc-a8fa-edeeb9ccf213|rpc:10.1.0.17:33955|priority:1], old=null, confs=<EMPTY_MAP>
2021-10-10 13:46:20,754 [pool-619-thread-1] INFO  server.RaftServerConfigKeys (ConfUtils.java:logGet(44)) - raft.server.storage.dir = [/home/runner/work/ozone/ozone/hadoop-ozone/integration-test/target/test-dir/MiniOzoneClusterImpl-0f145d0e-b24d-4882-976e-a7baa8a64dfe/datanode-6/data/ratis] (custom)
2021-10-10 13:46:20,754 [pool-619-thread-1] INFO  server.RaftServerConfigKeys (ConfUtils.java:logGet(44)) - raft.server.log.corruption.policy = EXCEPTION (default)
2021-10-10 13:46:20,754 [pool-619-thread-1] INFO  server.RaftServerConfigKeys (ConfUtils.java:logGet(44)) - raft.server.storage.free-space.min = 0MB (=0) (default)
2021-10-10 13:46:20,755 [pool-619-thread-1] INFO  storage.RaftStorageDirectory (RaftStorageDirectoryImpl.java:analyzeStorage(135)) - The storage directory /home/runner/work/ozone/ozone/hadoop-ozone/integration-test/target/test-dir/MiniOzoneClusterImpl-0f145d0e-b24d-4882-976e-a7baa8a64dfe/datanode-6/data/ratis/58ffe2e3-53bb-466b-9d55-f1a31a7042a1 does not exist. Creating ...
2021-10-10 13:46:20,759 [pool-619-thread-1] INFO  storage.RaftStorageDirectory (RaftStorageDirectoryImpl.java:tryLock(230)) - Lock on /home/runner/work/ozone/ozone/hadoop-ozone/integration-test/target/test-dir/MiniOzoneClusterImpl-0f145d0e-b24d-4882-976e-a7baa8a64dfe/datanode-6/data/ratis/58ffe2e3-53bb-466b-9d55-f1a31a7042a1/in_use.lock acquired by nodename 4979@fv-az291-460
2021-10-10 13:46:20,764 [pool-619-thread-1] INFO  storage.RaftStorage (RaftStorageImpl.java:format(89)) - Storage directory /home/runner/work/ozone/ozone/hadoop-ozone/integration-test/target/test-dir/MiniOzoneClusterImpl-0f145d0e-b24d-4882-976e-a7baa8a64dfe/datanode-6/data/ratis/58ffe2e3-53bb-466b-9d55-f1a31a7042a1 has been successfully formatted.
2021-10-10 13:46:20,811 [pool-619-thread-1] INFO  ratis.ContainerStateMachine (ContainerStateMachine.java:loadSnapshot(224)) - group-F1A31A7042A1: The snapshot info is null. Setting the last applied indexto:(t:0, i:~)
2021-10-10 13:46:20,811 [pool-619-thread-1] INFO  server.RaftServerConfigKeys (ConfUtils.java:logGet(44)) - raft.server.notification.no-leader.timeout = 300000ms (custom)
2021-10-10 13:46:20,811 [pool-619-thread-1] INFO  server.RaftServerConfigKeys (ConfUtils.java:logGet(44)) - raft.server.log.use.memory = false (default)
2021-10-10 13:46:20,811 [pool-619-thread-1] INFO  server.RaftServerConfigKeys (ConfUtils.java:logGet(44)) - raft.server.log.purge.gap = 1000000 (custom)
2021-10-10 13:46:20,811 [pool-619-thread-1] INFO  server.RaftServerConfigKeys (ConfUtils.java:logGet(44)) - raft.server.log.appender.buffer.byte-limit = 33554432 (custom)
2021-10-10 13:46:20,811 [pool-619-thread-1] INFO  server.RaftServerConfigKeys (ConfUtils.java:logGet(44)) - raft.server.log.segment.size.max = 1048576 (custom)
2021-10-10 13:46:20,812 [EventQueue-PipelineReportForPipelineReportHandler] INFO  pipeline.PipelineManagerImpl (PipelineManagerImpl.java:openPipeline(282)) - Pipeline Pipeline[ Id: 58ffe2e3-53bb-466b-9d55-f1a31a7042a1, Nodes: e1b2127a-933c-4bfc-a8fa-edeeb9ccf213{ip: 10.1.0.17, host: fv-az291-460.wgnan5asplgejimfprtllbpdch.jx.internal.cloudapp.net, ports: [REPLICATION=37821, RATIS=33955, RATIS_ADMIN=33955, RATIS_SERVER=33955, STANDALONE=39177], networkLocation: /default-rack, certSerialId: null, persistedOpState: IN_SERVICE, persistedOpStateExpiryEpochSec: 0}, ReplicationConfig: RATIS/ONE, State:ALLOCATED, leaderId:e1b2127a-933c-4bfc-a8fa-edeeb9ccf213, CreationTimestamp2021-10-10T13:46:17.750Z[Etc/UTC]] moved to OPEN state
2021-10-10 13:46:20,812 [pool-619-thread-1] INFO  server.RaftServerConfigKeys (ConfUtils.java:logGet(44)) - raft.server.log.segment.cache.num.max = 2 (custom)
2021-10-10 13:46:20,812 [pool-619-thread-1] INFO  server.RaftServerConfigKeys (ConfUtils.java:logGet(44)) - raft.server.log.segment.cache.size.max = 200MB (=209715200) (default)
2021-10-10 13:46:20,811 [Datanode State Machine Thread - 0] WARN  statemachine.StateContext (StateContext.java:execute(621)) - No available thread in pool for past 1 seconds.
2021-10-10 13:46:20,813 [pool-619-thread-1] INFO  segmented.SegmentedRaftLogWorker (SegmentedRaftLogWorker.java:<init>(182)) - new e1b2127a-933c-4bfc-a8fa-edeeb9ccf213@group-F1A31A7042A1-SegmentedRaftLogWorker for RaftStorageImpl:Storage Directory /home/runner/work/ozone/ozone/hadoop-ozone/integration-test/target/test-dir/MiniOzoneClusterImpl-0f145d0e-b24d-4882-976e-a7baa8a64dfe/datanode-6/data/ratis/58ffe2e3-53bb-466b-9d55-f1a31a7042a1
2021-10-10 13:46:20,813 [EventQueue-OpenPipelineForHealthyPipelineSafeModeRule] INFO  safemode.SCMSafeModeManager (HealthyPipelineSafeModeRule.java:process(124)) - SCM in safe mode. Healthy pipelines reported count is 0, required healthy pipeline reported count is 1
2021-10-10 13:46:20,813 [pool-619-thread-1] INFO  server.RaftServerConfigKeys (ConfUtils.java:logGet(44)) - raft.server.log.queue.byte-limit = 2147483647 (custom)
2021-10-10 13:46:20,813 [pool-619-thread-1] INFO  server.RaftServerConfigKeys (ConfUtils.java:logGet(44)) - raft.server.log.queue.element-limit = 1024 (custom)
2021-10-10 13:46:20,813 [pool-619-thread-1] INFO  server.RaftServerConfigKeys (ConfUtils.java:logGet(44)) - raft.server.log.segment.size.max = 1048576 (custom)
2021-10-10 13:46:20,813 [pool-619-thread-1] INFO  server.RaftServerConfigKeys (ConfUtils.java:logGet(44)) - raft.server.log.preallocated.size = 16384 (custom)
2021-10-10 13:46:20,813 [pool-619-thread-1] INFO  server.RaftServerConfigKeys (ConfUtils.java:logGet(44)) - raft.server.log.force.sync.num = 128 (default)
2021-10-10 13:46:20,813 [pool-619-thread-1] INFO  server.RaftServerConfigKeys (ConfUtils.java:logGet(44)) - raft.server.log.statemachine.data.sync = true (default)
2021-10-10 13:46:20,813 [pool-619-thread-1] INFO  server.RaftServerConfigKeys (ConfUtils.java:logGet(44)) - raft.server.log.statemachine.data.sync.timeout = 10s (default)
2021-10-10 13:46:20,814 [pool-619-thread-1] INFO  server.RaftServerConfigKeys (ConfUtils.java:logGet(44)) - raft.server.log.statemachine.data.sync.timeout.retry = -1 (default)
2021-10-10 13:46:20,815 [pool-619-thread-1] INFO  server.RaftServerConfigKeys (ConfUtils.java:logGet(44)) - raft.server.log.write.buffer.size = 1048576 (custom)
2021-10-10 13:46:20,822 [pool-619-thread-1] INFO  server.RaftServerConfigKeys (ConfUtils.java:logGet(44)) - raft.server.log.statemachine.data.caching.enabled = true (custom)
2021-10-10 13:46:20,822 [pool-619-thread-1] INFO  segmented.SegmentedRaftLogWorker (SegmentedRaftLogWorker.java:lambda$new$0(133)) - e1b2127a-933c-4bfc-a8fa-edeeb9ccf213@group-F1A31A7042A1-SegmentedRaftLogWorker: flushIndex: setUnconditionally 0 -> -1
2021-10-10 13:46:20,822 [pool-619-thread-1] INFO  segmented.SegmentedRaftLogWorker (SegmentedRaftLogWorker.java:lambda$new$0(133)) - e1b2127a-933c-4bfc-a8fa-edeeb9ccf213@group-F1A31A7042A1-SegmentedRaftLogWorker: safeCacheEvictIndex: setUnconditionally 0 -> -1
2021-10-10 13:46:20,822 [pool-619-thread-1] INFO  server.RaftServerConfigKeys (ConfUtils.java:logGet(44)) - raft.server.snapshot.auto.trigger.enabled = true (custom)
2021-10-10 13:46:20,822 [pool-619-thread-1] INFO  server.RaftServerConfigKeys (ConfUtils.java:logGet(44)) - raft.server.snapshot.auto.trigger.threshold = 10000 (custom)
2021-10-10 13:46:20,822 [pool-619-thread-1] INFO  server.RaftServerConfigKeys (ConfUtils.java:logGet(44)) - raft.server.snapshot.retention.file.num = 5 (custom)
2021-10-10 13:46:20,822 [pool-619-thread-1] INFO  server.RaftServerConfigKeys (ConfUtils.java:logGet(44)) - raft.server.log.purge.upto.snapshot.index = false (default)
2021-10-10 13:46:20,822 [pool-619-thread-1] INFO  server.RaftServerConfigKeys (ConfUtils.java:logGet(44)) - raft.server.retrycache.expirytime = 600000ms (custom)
2021-10-10 13:46:20,822 [pool-619-thread-1] INFO  server.RaftServerConfigKeys (ConfUtils.java:logGet(44)) - raft.server.retrycache.statistics.expirytime = 100μs (default)
2021-10-10 13:46:20,824 [pool-619-thread-1] INFO  server.RaftServer$Division (RaftServerImpl.java:start(296)) - e1b2127a-933c-4bfc-a8fa-edeeb9ccf213@group-F1A31A7042A1: start as a follower, conf=-1: [e1b2127a-933c-4bfc-a8fa-edeeb9ccf213|rpc:10.1.0.17:33955|priority:1], old=null
2021-10-10 13:46:20,824 [pool-619-thread-1] INFO  server.RaftServer$Division (RaftServerImpl.java:setRole(285)) - e1b2127a-933c-4bfc-a8fa-edeeb9ccf213@group-F1A31A7042A1: changes role from      null to FOLLOWER at term 0 for startAsFollower
2021-10-10 13:46:20,824 [pool-619-thread-1] INFO  impl.RoleInfo (RoleInfo.java:updateAndGet(130)) - e1b2127a-933c-4bfc-a8fa-edeeb9ccf213: start e1b2127a-933c-4bfc-a8fa-edeeb9ccf213@group-F1A31A7042A1-FollowerState
2021-10-10 13:46:20,825 [pool-619-thread-1] INFO  util.JmxRegister (JmxRegister.java:tryRegister(44)) - Successfully registered JMX Bean with object name Ratis:service=RaftServer,group=group-F1A31A7042A1,id=e1b2127a-933c-4bfc-a8fa-edeeb9ccf213
2021-10-10 13:46:20,825 [Command processor thread] INFO  ratis.XceiverServerRatis (XceiverServerRatis.java:addGroup(763)) - Created group PipelineID=58ffe2e3-53bb-466b-9d55-f1a31a7042a1
2021-10-10 13:46:20,826 [Command processor thread] INFO  commandhandler.CreatePipelineCommandHandler (CreatePipelineCommandHandler.java:handle(106)) - Created Pipeline RATIS ONE PipelineID=58ffe2e3-53bb-466b-9d55-f1a31a7042a1.
2021-10-10 13:46:21,704 [Listener at 127.0.0.1/44821] INFO  ozone.MiniOzoneClusterImpl (MiniOzoneClusterImpl.java:lambda$waitForClusterToBeReady$0(235)) - Nodes are ready. Got 7 of 7 DN Heartbeats.
2021-10-10 13:46:21,705 [Listener at 127.0.0.1/44821] INFO  ozone.MiniOzoneClusterImpl (MiniOzoneClusterImpl.java:lambda$waitForClusterToBeReady$0(238)) - Waiting for cluster to exit safe mode
2021-10-10 13:46:21,705 [Listener at 127.0.0.1/44821] INFO  ozone.MiniOzoneClusterImpl (MiniOzoneClusterImpl.java:lambda$waitForClusterToBeReady$0(240)) - SCM became leader
2021-10-10 13:46:22,706 [Listener at 127.0.0.1/44821] INFO  ozone.MiniOzoneClusterImpl (MiniOzoneClusterImpl.java:lambda$waitForClusterToBeReady$0(235)) - Nodes are ready. Got 7 of 7 DN Heartbeats.
2021-10-10 13:46:22,707 [Listener at 127.0.0.1/44821] INFO  ozone.MiniOzoneClusterImpl (MiniOzoneClusterImpl.java:lambda$waitForClusterToBeReady$0(238)) - Waiting for cluster to exit safe mode
2021-10-10 13:46:22,707 [Listener at 127.0.0.1/44821] INFO  ozone.MiniOzoneClusterImpl (MiniOzoneClusterImpl.java:lambda$waitForClusterToBeReady$0(240)) - SCM became leader
2021-10-10 13:46:23,635 [f0a8fd88-2511-4bc8-952c-803d3ca6483c@group-285B845CFB90-FollowerState] INFO  impl.FollowerState (FollowerState.java:run(134)) - f0a8fd88-2511-4bc8-952c-803d3ca6483c@group-285B845CFB90-FollowerState: change to CANDIDATE, lastRpcElapsedTime:5093728334ns, electionTimeout:5090ms
2021-10-10 13:46:23,635 [f0a8fd88-2511-4bc8-952c-803d3ca6483c@group-285B845CFB90-FollowerState] INFO  impl.RoleInfo (RoleInfo.java:shutdownFollowerState(108)) - f0a8fd88-2511-4bc8-952c-803d3ca6483c: shutdown f0a8fd88-2511-4bc8-952c-803d3ca6483c@group-285B845CFB90-FollowerState
2021-10-10 13:46:23,636 [f0a8fd88-2511-4bc8-952c-803d3ca6483c@group-285B845CFB90-FollowerState] INFO  server.RaftServer$Division (RaftServerImpl.java:setRole(285)) - f0a8fd88-2511-4bc8-952c-803d3ca6483c@group-285B845CFB90: changes role from  FOLLOWER to CANDIDATE at term 0 for changeToCandidate
2021-10-10 13:46:23,637 [f0a8fd88-2511-4bc8-952c-803d3ca6483c@group-285B845CFB90-FollowerState] INFO  server.RaftServerConfigKeys (ConfUtils.java:logGet(44)) - raft.server.leaderelection.pre-vote = false (custom)
2021-10-10 13:46:23,637 [f0a8fd88-2511-4bc8-952c-803d3ca6483c@group-285B845CFB90-FollowerState] INFO  impl.RoleInfo (RoleInfo.java:updateAndGet(130)) - f0a8fd88-2511-4bc8-952c-803d3ca6483c: start f0a8fd88-2511-4bc8-952c-803d3ca6483c@group-285B845CFB90-LeaderElection50
2021-10-10 13:46:23,663 [f0a8fd88-2511-4bc8-952c-803d3ca6483c@group-B7D4081FF85C-FollowerState] INFO  impl.FollowerState (FollowerState.java:run(134)) - f0a8fd88-2511-4bc8-952c-803d3ca6483c@group-B7D4081FF85C-FollowerState: change to CANDIDATE, lastRpcElapsedTime:5106819184ns, electionTimeout:5106ms
2021-10-10 13:46:23,663 [f0a8fd88-2511-4bc8-952c-803d3ca6483c@group-B7D4081FF85C-FollowerState] INFO  impl.RoleInfo (RoleInfo.java:shutdownFollowerState(108)) - f0a8fd88-2511-4bc8-952c-803d3ca6483c: shutdown f0a8fd88-2511-4bc8-952c-803d3ca6483c@group-B7D4081FF85C-FollowerState
2021-10-10 13:46:23,663 [f0a8fd88-2511-4bc8-952c-803d3ca6483c@group-B7D4081FF85C-FollowerState] INFO  server.RaftServer$Division (RaftServerImpl.java:setRole(285)) - f0a8fd88-2511-4bc8-952c-803d3ca6483c@group-B7D4081FF85C: changes role from  FOLLOWER to CANDIDATE at term 0 for changeToCandidate
2021-10-10 13:46:23,664 [f0a8fd88-2511-4bc8-952c-803d3ca6483c@group-B7D4081FF85C-FollowerState] INFO  server.RaftServerConfigKeys (ConfUtils.java:logGet(44)) - raft.server.leaderelection.pre-vote = false (custom)
2021-10-10 13:46:23,664 [f0a8fd88-2511-4bc8-952c-803d3ca6483c@group-B7D4081FF85C-FollowerState] INFO  impl.RoleInfo (RoleInfo.java:updateAndGet(130)) - f0a8fd88-2511-4bc8-952c-803d3ca6483c: start f0a8fd88-2511-4bc8-952c-803d3ca6483c@group-B7D4081FF85C-LeaderElection51
2021-10-10 13:46:23,684 [f0a8fd88-2511-4bc8-952c-803d3ca6483c@group-285B845CFB90-LeaderElection50] INFO  impl.LeaderElection (LeaderElection.java:askForVotes(306)) - f0a8fd88-2511-4bc8-952c-803d3ca6483c@group-285B845CFB90-LeaderElection50 ELECTION round 0: submit vote requests at term 1 for -1: [f0a8fd88-2511-4bc8-952c-803d3ca6483c|rpc:10.1.0.17:45269|priority:1], old=null
2021-10-10 13:46:23,684 [f0a8fd88-2511-4bc8-952c-803d3ca6483c@group-285B845CFB90-LeaderElection50] INFO  impl.LeaderElection (LeaderElection.java:askForVotes(308)) - f0a8fd88-2511-4bc8-952c-803d3ca6483c@group-285B845CFB90-LeaderElection50 ELECTION round 0: result PASSED (term=1)
2021-10-10 13:46:23,684 [f0a8fd88-2511-4bc8-952c-803d3ca6483c@group-285B845CFB90-LeaderElection50] INFO  impl.RoleInfo (RoleInfo.java:shutdownLeaderElection(121)) - f0a8fd88-2511-4bc8-952c-803d3ca6483c: shutdown f0a8fd88-2511-4bc8-952c-803d3ca6483c@group-285B845CFB90-LeaderElection50
2021-10-10 13:46:23,684 [f0a8fd88-2511-4bc8-952c-803d3ca6483c@group-285B845CFB90-LeaderElection50] INFO  server.RaftServer$Division (RaftServerImpl.java:setRole(285)) - f0a8fd88-2511-4bc8-952c-803d3ca6483c@group-285B845CFB90: changes role from CANDIDATE to LEADER at term 1 for changeToLeader
2021-10-10 13:46:23,684 [f0a8fd88-2511-4bc8-952c-803d3ca6483c@group-285B845CFB90-LeaderElection50] INFO  ratis.XceiverServerRatis (XceiverServerRatis.java:handleLeaderChangedNotification(861)) - Leader change notification received for group: group-285B845CFB90 with new leaderId: f0a8fd88-2511-4bc8-952c-803d3ca6483c
2021-10-10 13:46:23,684 [f0a8fd88-2511-4bc8-952c-803d3ca6483c@group-285B845CFB90-LeaderElection50] INFO  server.RaftServer$Division (ServerState.java:setLeader(285)) - f0a8fd88-2511-4bc8-952c-803d3ca6483c@group-285B845CFB90: change Leader from null to f0a8fd88-2511-4bc8-952c-803d3ca6483c at term 1 for becomeLeader, leader elected after 5151ms
2021-10-10 13:46:23,684 [f0a8fd88-2511-4bc8-952c-803d3ca6483c@group-285B845CFB90-LeaderElection50] INFO  server.RaftServerConfigKeys (ConfUtils.java:logGet(44)) - raft.server.staging.catchup.gap = 1000 (default)
2021-10-10 13:46:23,684 [f0a8fd88-2511-4bc8-952c-803d3ca6483c@group-285B845CFB90-LeaderElection50] INFO  server.RaftServerConfigKeys (ConfUtils.java:logGet(44)) - raft.server.write.element-limit = 1024 (custom)
2021-10-10 13:46:23,685 [f0a8fd88-2511-4bc8-952c-803d3ca6483c@group-285B845CFB90-LeaderElection50] INFO  server.RaftServerConfigKeys (ConfUtils.java:logGet(44)) - raft.server.write.byte-limit = 1024 M (=1073741824) (custom)
2021-10-10 13:46:23,685 [f0a8fd88-2511-4bc8-952c-803d3ca6483c@group-285B845CFB90-LeaderElection50] INFO  server.RaftServerConfigKeys (ConfUtils.java:logGet(44)) - raft.server.watch.timeout = 3000ms (custom)
2021-10-10 13:46:23,685 [f0a8fd88-2511-4bc8-952c-803d3ca6483c@group-285B845CFB90-LeaderElection50] INFO  server.RaftServerConfigKeys (ConfUtils.java:logGet(44)) - raft.server.watch.timeout.denomination = 1s (default)
2021-10-10 13:46:23,685 [f0a8fd88-2511-4bc8-952c-803d3ca6483c@group-285B845CFB90-LeaderElection50] INFO  server.RaftServerConfigKeys (ConfUtils.java:logGet(44)) - raft.server.watch.element-limit = 65536 (default)
2021-10-10 13:46:23,685 [f0a8fd88-2511-4bc8-952c-803d3ca6483c@group-285B845CFB90-LeaderElection50] INFO  impl.RoleInfo (RoleInfo.java:updateAndGet(130)) - f0a8fd88-2511-4bc8-952c-803d3ca6483c: start f0a8fd88-2511-4bc8-952c-803d3ca6483c@group-285B845CFB90-LeaderStateImpl
2021-10-10 13:46:23,686 [f0a8fd88-2511-4bc8-952c-803d3ca6483c@group-285B845CFB90-LeaderElection50] INFO  segmented.SegmentedRaftLogWorker (SegmentedRaftLogWorker.java:startLogSegment(394)) - f0a8fd88-2511-4bc8-952c-803d3ca6483c@group-285B845CFB90-SegmentedRaftLogWorker: Starting segment from index:0
2021-10-10 13:46:23,686 [Datanode State Machine Thread - 0] WARN  statemachine.StateContext (StateContext.java:execute(621)) - No available thread in pool for past 1 seconds.
2021-10-10 13:46:23,687 [EventQueue-OpenPipelineForHealthyPipelineSafeModeRule] INFO  safemode.SCMSafeModeManager (HealthyPipelineSafeModeRule.java:process(124)) - SCM in safe mode. Healthy pipelines reported count is 0, required healthy pipeline reported count is 1
2021-10-10 13:46:23,689 [f0a8fd88-2511-4bc8-952c-803d3ca6483c@group-285B845CFB90-SegmentedRaftLogWorker] INFO  segmented.SegmentedRaftLogWorker (SegmentedRaftLogWorker.java:execute(601)) - f0a8fd88-2511-4bc8-952c-803d3ca6483c@group-285B845CFB90-SegmentedRaftLogWorker: created new log segment /home/runner/work/ozone/ozone/hadoop-ozone/integration-test/target/test-dir/MiniOzoneClusterImpl-0f145d0e-b24d-4882-976e-a7baa8a64dfe/datanode-0/data/ratis/47a5560d-0a0b-4d14-a737-285b845cfb90/current/log_inprogress_0
2021-10-10 13:46:23,693 [f0a8fd88-2511-4bc8-952c-803d3ca6483c@group-285B845CFB90-LeaderElection50] INFO  server.RaftServer$Division (ServerState.java:setRaftConf(387)) - f0a8fd88-2511-4bc8-952c-803d3ca6483c@group-285B845CFB90: set configuration 0: [f0a8fd88-2511-4bc8-952c-803d3ca6483c|rpc:10.1.0.17:45269|dataStream:|priority:1], old=null
2021-10-10 13:46:23,695 [f0a8fd88-2511-4bc8-952c-803d3ca6483c@group-B7D4081FF85C-LeaderElection51] INFO  impl.LeaderElection (LeaderElection.java:askForVotes(306)) - f0a8fd88-2511-4bc8-952c-803d3ca6483c@group-B7D4081FF85C-LeaderElection51 ELECTION round 0: submit vote requests at term 1 for -1: [c90bef4f-1c21-43c2-97aa-1f5cf6648a6f|rpc:10.1.0.17:44117|priority:0, f0a8fd88-2511-4bc8-952c-803d3ca6483c|rpc:10.1.0.17:45269|priority:1, 52be5aae-b0d8-4d04-b923-225165c5914d|rpc:10.1.0.17:37435|priority:0], old=null
2021-10-10 13:46:23,707 [Listener at 127.0.0.1/44821] INFO  ozone.MiniOzoneClusterImpl (MiniOzoneClusterImpl.java:lambda$waitForClusterToBeReady$0(235)) - Nodes are ready. Got 7 of 7 DN Heartbeats.
2021-10-10 13:46:23,707 [Listener at 127.0.0.1/44821] INFO  ozone.MiniOzoneClusterImpl (MiniOzoneClusterImpl.java:lambda$waitForClusterToBeReady$0(238)) - Waiting for cluster to exit safe mode
2021-10-10 13:46:23,707 [Listener at 127.0.0.1/44821] INFO  ozone.MiniOzoneClusterImpl (MiniOzoneClusterImpl.java:lambda$waitForClusterToBeReady$0(240)) - SCM became leader
2021-10-10 13:46:23,727 [grpc-default-executor-6] INFO  server.RaftServer$Division (RaftServerImpl.java:requestVote(1043)) - c90bef4f-1c21-43c2-97aa-1f5cf6648a6f@group-B7D4081FF85C: receive requestVote(ELECTION, f0a8fd88-2511-4bc8-952c-803d3ca6483c, group-B7D4081FF85C, 1, (t:0, i:0))
2021-10-10 13:46:23,727 [grpc-default-executor-6] INFO  impl.VoteContext (VoteContext.java:log(48)) - c90bef4f-1c21-43c2-97aa-1f5cf6648a6f@group-B7D4081FF85C-FOLLOWER: accept ELECTION from f0a8fd88-2511-4bc8-952c-803d3ca6483c: our priority 0 <= candidate's priority 1
2021-10-10 13:46:23,727 [grpc-default-executor-6] INFO  server.RaftServer$Division (RaftServerImpl.java:setRole(285)) - c90bef4f-1c21-43c2-97aa-1f5cf6648a6f@group-B7D4081FF85C: changes role from  FOLLOWER to FOLLOWER at term 1 for candidate:f0a8fd88-2511-4bc8-952c-803d3ca6483c
2021-10-10 13:46:23,727 [grpc-default-executor-6] INFO  impl.RoleInfo (RoleInfo.java:shutdownFollowerState(108)) - c90bef4f-1c21-43c2-97aa-1f5cf6648a6f: shutdown c90bef4f-1c21-43c2-97aa-1f5cf6648a6f@group-B7D4081FF85C-FollowerState
2021-10-10 13:46:23,727 [grpc-default-executor-6] INFO  impl.RoleInfo (RoleInfo.java:updateAndGet(130)) - c90bef4f-1c21-43c2-97aa-1f5cf6648a6f: start c90bef4f-1c21-43c2-97aa-1f5cf6648a6f@group-B7D4081FF85C-FollowerState
2021-10-10 13:46:23,728 [c90bef4f-1c21-43c2-97aa-1f5cf6648a6f@group-B7D4081FF85C-FollowerState] INFO  impl.FollowerState (FollowerState.java:run(143)) - c90bef4f-1c21-43c2-97aa-1f5cf6648a6f@group-B7D4081FF85C-FollowerState was interrupted: {}
java.lang.InterruptedException: sleep interrupted
	at java.lang.Thread.sleep(Native Method)
	at java.lang.Thread.sleep(Thread.java:340)
	at java.util.concurrent.TimeUnit.sleep(TimeUnit.java:386)
	at org.apache.ratis.util.TimeDuration.sleep(TimeDuration.java:324)
	at org.apache.ratis.util.TimeDuration.sleep(TimeDuration.java:309)
	at org.apache.ratis.server.impl.FollowerState.run(FollowerState.java:118)
2021-10-10 13:46:23,759 [grpc-default-executor-6] INFO  server.RaftServer$Division (RaftServerImpl.java:requestVote(1075)) - c90bef4f-1c21-43c2-97aa-1f5cf6648a6f@group-B7D4081FF85C replies to ELECTION vote request: f0a8fd88-2511-4bc8-952c-803d3ca6483c<-c90bef4f-1c21-43c2-97aa-1f5cf6648a6f#0:OK-t1. Peer's state: c90bef4f-1c21-43c2-97aa-1f5cf6648a6f@group-B7D4081FF85C:t1, leader=null, voted=f0a8fd88-2511-4bc8-952c-803d3ca6483c, raftlog=c90bef4f-1c21-43c2-97aa-1f5cf6648a6f@group-B7D4081FF85C-SegmentedRaftLog:OPENED:c-1,f-1,i0, conf=-1: [c90bef4f-1c21-43c2-97aa-1f5cf6648a6f|rpc:10.1.0.17:44117|dataStream:|priority:0, f0a8fd88-2511-4bc8-952c-803d3ca6483c|rpc:10.1.0.17:45269|dataStream:|priority:1, 52be5aae-b0d8-4d04-b923-225165c5914d|rpc:10.1.0.17:37435|dataStream:|priority:0], old=null
2021-10-10 13:46:23,761 [grpc-default-executor-6] INFO  server.RaftServer$Division (RaftServerImpl.java:requestVote(1043)) - 52be5aae-b0d8-4d04-b923-225165c5914d@group-B7D4081FF85C: receive requestVote(ELECTION, f0a8fd88-2511-4bc8-952c-803d3ca6483c, group-B7D4081FF85C, 1, (t:0, i:0))
2021-10-10 13:46:23,761 [grpc-default-executor-6] INFO  impl.VoteContext (VoteContext.java:log(48)) - 52be5aae-b0d8-4d04-b923-225165c5914d@group-B7D4081FF85C-FOLLOWER: accept ELECTION from f0a8fd88-2511-4bc8-952c-803d3ca6483c: our priority 0 <= candidate's priority 1
2021-10-10 13:46:23,761 [grpc-default-executor-6] INFO  server.RaftServer$Division (RaftServerImpl.java:setRole(285)) - 52be5aae-b0d8-4d04-b923-225165c5914d@group-B7D4081FF85C: changes role from  FOLLOWER to FOLLOWER at term 1 for candidate:f0a8fd88-2511-4bc8-952c-803d3ca6483c
2021-10-10 13:46:23,761 [grpc-default-executor-6] INFO  impl.RoleInfo (RoleInfo.java:shutdownFollowerState(108)) - 52be5aae-b0d8-4d04-b923-225165c5914d: shutdown 52be5aae-b0d8-4d04-b923-225165c5914d@group-B7D4081FF85C-FollowerState
2021-10-10 13:46:23,761 [grpc-default-executor-6] INFO  impl.RoleInfo (RoleInfo.java:updateAndGet(130)) - 52be5aae-b0d8-4d04-b923-225165c5914d: start 52be5aae-b0d8-4d04-b923-225165c5914d@group-B7D4081FF85C-FollowerState
2021-10-10 13:46:23,761 [52be5aae-b0d8-4d04-b923-225165c5914d@group-B7D4081FF85C-FollowerState] INFO  impl.FollowerState (FollowerState.java:run(143)) - 52be5aae-b0d8-4d04-b923-225165c5914d@group-B7D4081FF85C-FollowerState was interrupted: {}
java.lang.InterruptedException: sleep interrupted
	at java.lang.Thread.sleep(Native Method)
	at java.lang.Thread.sleep(Thread.java:340)
	at java.util.concurrent.TimeUnit.sleep(TimeUnit.java:386)
	at org.apache.ratis.util.TimeDuration.sleep(TimeDuration.java:324)
	at org.apache.ratis.util.TimeDuration.sleep(TimeDuration.java:309)
	at org.apache.ratis.server.impl.FollowerState.run(FollowerState.java:118)
2021-10-10 13:46:23,778 [f0a8fd88-2511-4bc8-952c-803d3ca6483c@group-B7D4081FF85C-LeaderElection51] INFO  impl.LeaderElection (LeaderElection.java:logAndReturn(89)) - f0a8fd88-2511-4bc8-952c-803d3ca6483c@group-B7D4081FF85C-LeaderElection51: ELECTION PASSED received 1 response(s) and 0 exception(s):
2021-10-10 13:46:23,778 [f0a8fd88-2511-4bc8-952c-803d3ca6483c@group-B7D4081FF85C-LeaderElection51] INFO  impl.LeaderElection (LeaderElection.java:logAndReturn(93)) -   Response 0: f0a8fd88-2511-4bc8-952c-803d3ca6483c<-c90bef4f-1c21-43c2-97aa-1f5cf6648a6f#0:OK-t1
2021-10-10 13:46:23,778 [f0a8fd88-2511-4bc8-952c-803d3ca6483c@group-B7D4081FF85C-LeaderElection51] INFO  impl.LeaderElection (LeaderElection.java:askForVotes(308)) - f0a8fd88-2511-4bc8-952c-803d3ca6483c@group-B7D4081FF85C-LeaderElection51 ELECTION round 0: result PASSED
2021-10-10 13:46:23,778 [f0a8fd88-2511-4bc8-952c-803d3ca6483c@group-B7D4081FF85C-LeaderElection51] INFO  impl.RoleInfo (RoleInfo.java:shutdownLeaderElection(121)) - f0a8fd88-2511-4bc8-952c-803d3ca6483c: shutdown f0a8fd88-2511-4bc8-952c-803d3ca6483c@group-B7D4081FF85C-LeaderElection51
2021-10-10 13:46:23,778 [f0a8fd88-2511-4bc8-952c-803d3ca6483c@group-B7D4081FF85C-LeaderElection51] INFO  server.RaftServer$Division (RaftServerImpl.java:setRole(285)) - f0a8fd88-2511-4bc8-952c-803d3ca6483c@group-B7D4081FF85C: changes role from CANDIDATE to LEADER at term 1 for changeToLeader
2021-10-10 13:46:23,778 [f0a8fd88-2511-4bc8-952c-803d3ca6483c@group-B7D4081FF85C-LeaderElection51] INFO  ratis.XceiverServerRatis (XceiverServerRatis.java:handleLeaderChangedNotification(861)) - Leader change notification received for group: group-B7D4081FF85C with new leaderId: f0a8fd88-2511-4bc8-952c-803d3ca6483c
2021-10-10 13:46:23,778 [f0a8fd88-2511-4bc8-952c-803d3ca6483c@group-B7D4081FF85C-LeaderElection51] INFO  server.RaftServer$Division (ServerState.java:setLeader(285)) - f0a8fd88-2511-4bc8-952c-803d3ca6483c@group-B7D4081FF85C: change Leader from null to f0a8fd88-2511-4bc8-952c-803d3ca6483c at term 1 for becomeLeader, leader elected after 5226ms
2021-10-10 13:46:23,778 [f0a8fd88-2511-4bc8-952c-803d3ca6483c@group-B7D4081FF85C-LeaderElection51] INFO  server.RaftServerConfigKeys (ConfUtils.java:logGet(44)) - raft.server.staging.catchup.gap = 1000 (default)
2021-10-10 13:46:23,779 [f0a8fd88-2511-4bc8-952c-803d3ca6483c@group-B7D4081FF85C-LeaderElection51] INFO  server.RaftServerConfigKeys (ConfUtils.java:logGet(44)) - raft.server.write.element-limit = 1024 (custom)
2021-10-10 13:46:23,779 [f0a8fd88-2511-4bc8-952c-803d3ca6483c@group-B7D4081FF85C-LeaderElection51] INFO  server.RaftServerConfigKeys (ConfUtils.java:logGet(44)) - raft.server.write.byte-limit = 1024 M (=1073741824) (custom)
2021-10-10 13:46:23,779 [f0a8fd88-2511-4bc8-952c-803d3ca6483c@group-B7D4081FF85C-LeaderElection51] INFO  server.RaftServerConfigKeys (ConfUtils.java:logGet(44)) - raft.server.watch.timeout = 3000ms (custom)
2021-10-10 13:46:23,779 [f0a8fd88-2511-4bc8-952c-803d3ca6483c@group-B7D4081FF85C-LeaderElection51] INFO  server.RaftServerConfigKeys (ConfUtils.java:logGet(44)) - raft.server.watch.timeout.denomination = 1s (default)
2021-10-10 13:46:23,780 [f0a8fd88-2511-4bc8-952c-803d3ca6483c@group-B7D4081FF85C-LeaderElection51] INFO  server.RaftServerConfigKeys (ConfUtils.java:logGet(44)) - raft.server.watch.element-limit = 65536 (default)
2021-10-10 13:46:23,780 [f0a8fd88-2511-4bc8-952c-803d3ca6483c@group-B7D4081FF85C-LeaderElection51] INFO  server.RaftServerConfigKeys (ConfUtils.java:logGet(44)) - raft.server.log.appender.snapshot.chunk.size.max = 16MB (=16777216) (default)
2021-10-10 13:46:23,780 [f0a8fd88-2511-4bc8-952c-803d3ca6483c@group-B7D4081FF85C-LeaderElection51] INFO  server.RaftServerConfigKeys (ConfUtils.java:logGet(44)) - raft.server.log.appender.buffer.byte-limit = 33554432 (custom)
2021-10-10 13:46:23,780 [f0a8fd88-2511-4bc8-952c-803d3ca6483c@group-B7D4081FF85C-LeaderElection51] INFO  server.RaftServerConfigKeys (ConfUtils.java:logGet(44)) - raft.server.log.appender.buffer.element-limit = 1 (custom)
2021-10-10 13:46:23,780 [f0a8fd88-2511-4bc8-952c-803d3ca6483c@group-B7D4081FF85C-LeaderElection51] INFO  grpc.GrpcConfigKeys (ConfUtils.java:logGet(44)) - raft.grpc.server.leader.outstanding.appends.max = 128 (default)
2021-10-10 13:46:23,780 [f0a8fd88-2511-4bc8-952c-803d3ca6483c@group-B7D4081FF85C-LeaderElection51] INFO  server.RaftServerConfigKeys (ConfUtils.java:logGet(44)) - raft.server.rpc.request.timeout = 3000ms (default)
2021-10-10 13:46:23,780 [f0a8fd88-2511-4bc8-952c-803d3ca6483c@group-B7D4081FF85C-LeaderElection51] INFO  server.RaftServerConfigKeys (ConfUtils.java:logGet(44)) - raft.server.log.appender.install.snapshot.enabled = false (custom)
2021-10-10 13:46:23,781 [f0a8fd88-2511-4bc8-952c-803d3ca6483c@group-B7D4081FF85C-LeaderElection51] INFO  server.RaftServerConfigKeys (ConfUtils.java:logGet(44)) - raft.server.log.appender.snapshot.chunk.size.max = 16MB (=16777216) (default)
2021-10-10 13:46:23,781 [f0a8fd88-2511-4bc8-952c-803d3ca6483c@group-B7D4081FF85C-LeaderElection51] INFO  server.RaftServerConfigKeys (ConfUtils.java:logGet(44)) - raft.server.log.appender.buffer.byte-limit = 33554432 (custom)
2021-10-10 13:46:23,781 [f0a8fd88-2511-4bc8-952c-803d3ca6483c@group-B7D4081FF85C-LeaderElection51] INFO  server.RaftServerConfigKeys (ConfUtils.java:logGet(44)) - raft.server.log.appender.buffer.element-limit = 1 (custom)
2021-10-10 13:46:23,782 [f0a8fd88-2511-4bc8-952c-803d3ca6483c@group-B7D4081FF85C-LeaderElection51] INFO  grpc.GrpcConfigKeys (ConfUtils.java:logGet(44)) - raft.grpc.server.leader.outstanding.appends.max = 128 (default)
2021-10-10 13:46:23,782 [f0a8fd88-2511-4bc8-952c-803d3ca6483c@group-B7D4081FF85C-LeaderElection51] INFO  server.RaftServerConfigKeys (ConfUtils.java:logGet(44)) - raft.server.rpc.request.timeout = 3000ms (default)
2021-10-10 13:46:23,782 [f0a8fd88-2511-4bc8-952c-803d3ca6483c@group-B7D4081FF85C-LeaderElection51] INFO  server.RaftServerConfigKeys (ConfUtils.java:logGet(44)) - raft.server.log.appender.install.snapshot.enabled = false (custom)
2021-10-10 13:46:23,783 [f0a8fd88-2511-4bc8-952c-803d3ca6483c@group-B7D4081FF85C-LeaderElection51] INFO  impl.RoleInfo (RoleInfo.java:updateAndGet(130)) - f0a8fd88-2511-4bc8-952c-803d3ca6483c: start f0a8fd88-2511-4bc8-952c-803d3ca6483c@group-B7D4081FF85C-LeaderStateImpl
2021-10-10 13:46:23,783 [f0a8fd88-2511-4bc8-952c-803d3ca6483c@group-B7D4081FF85C-LeaderElection51] INFO  segmented.SegmentedRaftLogWorker (SegmentedRaftLogWorker.java:startLogSegment(394)) - f0a8fd88-2511-4bc8-952c-803d3ca6483c@group-B7D4081FF85C-SegmentedRaftLogWorker: Starting segment from index:0
2021-10-10 13:46:23,784 [EventQueue-PipelineReportForPipelineReportHandler] INFO  pipeline.PipelineManagerImpl (PipelineManagerImpl.java:openPipeline(282)) - Pipeline Pipeline[ Id: ea9209b1-93eb-495a-8c26-b7d4081ff85c, Nodes: c90bef4f-1c21-43c2-97aa-1f5cf6648a6f{ip: 10.1.0.17, host: fv-az291-460.wgnan5asplgejimfprtllbpdch.jx.internal.cloudapp.net, ports: [REPLICATION=37481, RATIS=44117, RATIS_ADMIN=44117, RATIS_SERVER=44117, STANDALONE=40289], networkLocation: /default-rack, certSerialId: null, persistedOpState: IN_SERVICE, persistedOpStateExpiryEpochSec: 0}f0a8fd88-2511-4bc8-952c-803d3ca6483c{ip: 10.1.0.17, host: fv-az291-460.wgnan5asplgejimfprtllbpdch.jx.internal.cloudapp.net, ports: [REPLICATION=36125, RATIS=45269, RATIS_ADMIN=45269, RATIS_SERVER=45269, STANDALONE=37921], networkLocation: /default-rack, certSerialId: null, persistedOpState: IN_SERVICE, persistedOpStateExpiryEpochSec: 0}52be5aae-b0d8-4d04-b923-225165c5914d{ip: 10.1.0.17, host: fv-az291-460.wgnan5asplgejimfprtllbpdch.jx.internal.cloudapp.net, ports: [REPLICATION=34769, RATIS=37435, RATIS_ADMIN=37435, RATIS_SERVER=37435, STANDALONE=40505], networkLocation: /default-rack, certSerialId: null, persistedOpState: IN_SERVICE, persistedOpStateExpiryEpochSec: 0}, ReplicationConfig: RATIS/THREE, State:ALLOCATED, leaderId:f0a8fd88-2511-4bc8-952c-803d3ca6483c, CreationTimestamp2021-10-10T13:46:16.376Z[Etc/UTC]] moved to OPEN state
2021-10-10 13:46:23,784 [EventQueue-OpenPipelineForHealthyPipelineSafeModeRule] INFO  safemode.SCMSafeModeManager (HealthyPipelineSafeModeRule.java:process(124)) - SCM in safe mode. Healthy pipelines reported count is 1, required healthy pipeline reported count is 1
2021-10-10 13:46:23,784 [EventQueue-OpenPipelineForHealthyPipelineSafeModeRule] INFO  safemode.SCMSafeModeManager (SCMSafeModeManager.java:validateSafeModeExitRules(204)) - HealthyPipelineSafeModeRule rule is successfully validated
2021-10-10 13:46:23,784 [EventQueue-OpenPipelineForHealthyPipelineSafeModeRule] INFO  safemode.SCMSafeModeManager (SCMSafeModeManager.java:validateSafeModeExitRules(219)) - ScmSafeModeManager, all rules are successfully validated
2021-10-10 13:46:23,784 [EventQueue-OpenPipelineForHealthyPipelineSafeModeRule] INFO  safemode.SCMSafeModeManager (SCMSafeModeManager.java:exitSafeMode(248)) - SCM exiting safe mode.
2021-10-10 13:46:23,784 [EventQueue-OpenPipelineForHealthyPipelineSafeModeRule] WARN  events.EventQueue (EventQueue.java:fireEvent(194)) - No event handler registered for event TypedEvent{payloadType=SafeModeStatus, name='Safe mode status'}
2021-10-10 13:46:23,784 [EventQueue-OpenPipelineForHealthyPipelineSafeModeRule] INFO  ha.SCMContext (SCMContext.java:updateSafeModeStatus(205)) - Update SafeModeStatus from SafeModeStatus{safeModeStatus=true, preCheckPassed=true} to SafeModeStatus{safeModeStatus=false, preCheckPassed=true}.
2021-10-10 13:46:23,785 [EventQueue-OpenPipelineForHealthyPipelineSafeModeRule] INFO  pipeline.BackgroundPipelineCreator (BackgroundPipelineCreator.java:notifyStatusChanged(264)) - Service BackgroundPipelineCreator transitions to RUNNING.
2021-10-10 13:46:23,785 [EventQueue-OpenPipelineForHealthyPipelineSafeModeRule] INFO  container.ReplicationManager (ReplicationManager.java:notifyStatusChanged(1743)) - Service ReplicationManager transitions to RUNNING.
2021-10-10 13:46:23,786 [f0a8fd88-2511-4bc8-952c-803d3ca6483c@group-B7D4081FF85C-SegmentedRaftLogWorker] INFO  segmented.SegmentedRaftLogWorker (SegmentedRaftLogWorker.java:execute(601)) - f0a8fd88-2511-4bc8-952c-803d3ca6483c@group-B7D4081FF85C-SegmentedRaftLogWorker: created new log segment /home/runner/work/ozone/ozone/hadoop-ozone/integration-test/target/test-dir/MiniOzoneClusterImpl-0f145d0e-b24d-4882-976e-a7baa8a64dfe/datanode-0/data/ratis/ea9209b1-93eb-495a-8c26-b7d4081ff85c/current/log_inprogress_0
2021-10-10 13:46:23,790 [grpc-default-executor-6] INFO  server.RaftServer$Division (RaftServerImpl.java:requestVote(1075)) - 52be5aae-b0d8-4d04-b923-225165c5914d@group-B7D4081FF85C replies to ELECTION vote request: f0a8fd88-2511-4bc8-952c-803d3ca6483c<-52be5aae-b0d8-4d04-b923-225165c5914d#0:OK-t1. Peer's state: 52be5aae-b0d8-4d04-b923-225165c5914d@group-B7D4081FF85C:t1, leader=null, voted=f0a8fd88-2511-4bc8-952c-803d3ca6483c, raftlog=52be5aae-b0d8-4d04-b923-225165c5914d@group-B7D4081FF85C-SegmentedRaftLog:OPENED:c-1,f-1,i0, conf=-1: [c90bef4f-1c21-43c2-97aa-1f5cf6648a6f|rpc:10.1.0.17:44117|dataStream:|priority:0, f0a8fd88-2511-4bc8-952c-803d3ca6483c|rpc:10.1.0.17:45269|dataStream:|priority:1, 52be5aae-b0d8-4d04-b923-225165c5914d|rpc:10.1.0.17:37435|dataStream:|priority:0], old=null
2021-10-10 13:46:23,793 [f0a8fd88-2511-4bc8-952c-803d3ca6483c@group-B7D4081FF85C-LeaderElection51] INFO  server.RaftServer$Division (ServerState.java:setRaftConf(387)) - f0a8fd88-2511-4bc8-952c-803d3ca6483c@group-B7D4081FF85C: set configuration 0: [c90bef4f-1c21-43c2-97aa-1f5cf6648a6f|rpc:10.1.0.17:44117|dataStream:|priority:0, f0a8fd88-2511-4bc8-952c-803d3ca6483c|rpc:10.1.0.17:45269|dataStream:|priority:1, 52be5aae-b0d8-4d04-b923-225165c5914d|rpc:10.1.0.17:37435|dataStream:|priority:0], old=null
2021-10-10 13:46:23,835 [grpc-default-executor-2] INFO  ratis.XceiverServerRatis (XceiverServerRatis.java:handleLeaderChangedNotification(861)) - Leader change notification received for group: group-B7D4081FF85C with new leaderId: f0a8fd88-2511-4bc8-952c-803d3ca6483c
2021-10-10 13:46:23,836 [grpc-default-executor-2] INFO  server.RaftServer$Division (ServerState.java:setLeader(285)) - c90bef4f-1c21-43c2-97aa-1f5cf6648a6f@group-B7D4081FF85C: change Leader from null to f0a8fd88-2511-4bc8-952c-803d3ca6483c at term 1 for appendEntries, leader elected after 5128ms
2021-10-10 13:46:23,878 [grpc-default-executor-6] INFO  server.RaftServer$Division (ServerState.java:setRaftConf(387)) - c90bef4f-1c21-43c2-97aa-1f5cf6648a6f@group-B7D4081FF85C: set configuration 0: [c90bef4f-1c21-43c2-97aa-1f5cf6648a6f|rpc:10.1.0.17:44117|dataStream:|priority:0, f0a8fd88-2511-4bc8-952c-803d3ca6483c|rpc:10.1.0.17:45269|dataStream:|priority:1, 52be5aae-b0d8-4d04-b923-225165c5914d|rpc:10.1.0.17:37435|dataStream:|priority:0], old=null
2021-10-10 13:46:23,879 [grpc-default-executor-6] INFO  segmented.SegmentedRaftLogWorker (SegmentedRaftLogWorker.java:startLogSegment(394)) - c90bef4f-1c21-43c2-97aa-1f5cf6648a6f@group-B7D4081FF85C-SegmentedRaftLogWorker: Starting segment from index:0
2021-10-10 13:46:23,881 [c90bef4f-1c21-43c2-97aa-1f5cf6648a6f@group-B7D4081FF85C-SegmentedRaftLogWorker] INFO  segmented.SegmentedRaftLogWorker (SegmentedRaftLogWorker.java:execute(601)) - c90bef4f-1c21-43c2-97aa-1f5cf6648a6f@group-B7D4081FF85C-SegmentedRaftLogWorker: created new log segment /home/runner/work/ozone/ozone/hadoop-ozone/integration-test/target/test-dir/MiniOzoneClusterImpl-0f145d0e-b24d-4882-976e-a7baa8a64dfe/datanode-1/data/ratis/ea9209b1-93eb-495a-8c26-b7d4081ff85c/current/log_inprogress_0
2021-10-10 13:46:23,931 [grpc-default-executor-2] INFO  ratis.XceiverServerRatis (XceiverServerRatis.java:handleLeaderChangedNotification(861)) - Leader change notification received for group: group-B7D4081FF85C with new leaderId: f0a8fd88-2511-4bc8-952c-803d3ca6483c
2021-10-10 13:46:23,931 [grpc-default-executor-2] INFO  server.RaftServer$Division (ServerState.java:setLeader(285)) - 52be5aae-b0d8-4d04-b923-225165c5914d@group-B7D4081FF85C: change Leader from null to f0a8fd88-2511-4bc8-952c-803d3ca6483c at term 1 for appendEntries, leader elected after 5091ms
2021-10-10 13:46:23,933 [f0a8fd88-2511-4bc8-952c-803d3ca6483c@group-CD7BCB0E62FF-FollowerState] INFO  impl.FollowerState (FollowerState.java:run(134)) - f0a8fd88-2511-4bc8-952c-803d3ca6483c@group-CD7BCB0E62FF-FollowerState: change to CANDIDATE, lastRpcElapsedTime:5037237212ns, electionTimeout:5034ms
2021-10-10 13:46:23,933 [f0a8fd88-2511-4bc8-952c-803d3ca6483c@group-CD7BCB0E62FF-FollowerState] INFO  impl.RoleInfo (RoleInfo.java:shutdownFollowerState(108)) - f0a8fd88-2511-4bc8-952c-803d3ca6483c: shutdown f0a8fd88-2511-4bc8-952c-803d3ca6483c@group-CD7BCB0E62FF-FollowerState
2021-10-10 13:46:23,933 [f0a8fd88-2511-4bc8-952c-803d3ca6483c@group-CD7BCB0E62FF-FollowerState] INFO  server.RaftServer$Division (RaftServerImpl.java:setRole(285)) - f0a8fd88-2511-4bc8-952c-803d3ca6483c@group-CD7BCB0E62FF: changes role from  FOLLOWER to CANDIDATE at term 0 for changeToCandidate
2021-10-10 13:46:23,944 [grpc-default-executor-2] INFO  server.RaftServer$Division (ServerState.java:setRaftConf(387)) - 52be5aae-b0d8-4d04-b923-225165c5914d@group-B7D4081FF85C: set configuration 0: [c90bef4f-1c21-43c2-97aa-1f5cf6648a6f|rpc:10.1.0.17:44117|dataStream:|priority:0, f0a8fd88-2511-4bc8-952c-803d3ca6483c|rpc:10.1.0.17:45269|dataStream:|priority:1, 52be5aae-b0d8-4d04-b923-225165c5914d|rpc:10.1.0.17:37435|dataStream:|priority:0], old=null
2021-10-10 13:46:23,944 [grpc-default-executor-2] INFO  segmented.SegmentedRaftLogWorker (SegmentedRaftLogWorker.java:startLogSegment(394)) - 52be5aae-b0d8-4d04-b923-225165c5914d@group-B7D4081FF85C-SegmentedRaftLogWorker: Starting segment from index:0
2021-10-10 13:46:23,947 [52be5aae-b0d8-4d04-b923-225165c5914d@group-B7D4081FF85C-SegmentedRaftLogWorker] INFO  segmented.SegmentedRaftLogWorker (SegmentedRaftLogWorker.java:execute(601)) - 52be5aae-b0d8-4d04-b923-225165c5914d@group-B7D4081FF85C-SegmentedRaftLogWorker: created new log segment /home/runner/work/ozone/ozone/hadoop-ozone/integration-test/target/test-dir/MiniOzoneClusterImpl-0f145d0e-b24d-4882-976e-a7baa8a64dfe/datanode-2/data/ratis/ea9209b1-93eb-495a-8c26-b7d4081ff85c/current/log_inprogress_0
2021-10-10 13:46:23,980 [f0a8fd88-2511-4bc8-952c-803d3ca6483c@group-CD7BCB0E62FF-FollowerState] INFO  server.RaftServerConfigKeys (ConfUtils.java:logGet(44)) - raft.server.leaderelection.pre-vote = false (custom)
2021-10-10 13:46:23,980 [f0a8fd88-2511-4bc8-952c-803d3ca6483c@group-CD7BCB0E62FF-FollowerState] INFO  impl.RoleInfo (RoleInfo.java:updateAndGet(130)) - f0a8fd88-2511-4bc8-952c-803d3ca6483c: start f0a8fd88-2511-4bc8-952c-803d3ca6483c@group-CD7BCB0E62FF-LeaderElection52
2021-10-10 13:46:24,010 [f0a8fd88-2511-4bc8-952c-803d3ca6483c@group-CD7BCB0E62FF-LeaderElection52] INFO  impl.LeaderElection (LeaderElection.java:askForVotes(306)) - f0a8fd88-2511-4bc8-952c-803d3ca6483c@group-CD7BCB0E62FF-LeaderElection52 ELECTION round 0: submit vote requests at term 1 for -1: [c90bef4f-1c21-43c2-97aa-1f5cf6648a6f|rpc:10.1.0.17:44117|priority:0, f0a8fd88-2511-4bc8-952c-803d3ca6483c|rpc:10.1.0.17:45269|priority:0, 52be5aae-b0d8-4d04-b923-225165c5914d|rpc:10.1.0.17:37435|priority:1], old=null
2021-10-10 13:46:24,012 [grpc-default-executor-2] INFO  server.RaftServer$Division (RaftServerImpl.java:requestVote(1043)) - c90bef4f-1c21-43c2-97aa-1f5cf6648a6f@group-CD7BCB0E62FF: receive requestVote(ELECTION, f0a8fd88-2511-4bc8-952c-803d3ca6483c, group-CD7BCB0E62FF, 1, (t:0, i:0))
2021-10-10 13:46:24,012 [grpc-default-executor-2] INFO  impl.VoteContext (VoteContext.java:log(48)) - c90bef4f-1c21-43c2-97aa-1f5cf6648a6f@group-CD7BCB0E62FF-FOLLOWER: accept ELECTION from f0a8fd88-2511-4bc8-952c-803d3ca6483c: our priority 0 <= candidate's priority 0
2021-10-10 13:46:24,012 [grpc-default-executor-2] INFO  server.RaftServer$Division (RaftServerImpl.java:setRole(285)) - c90bef4f-1c21-43c2-97aa-1f5cf6648a6f@group-CD7BCB0E62FF: changes role from  FOLLOWER to FOLLOWER at term 1 for candidate:f0a8fd88-2511-4bc8-952c-803d3ca6483c
2021-10-10 13:46:24,012 [grpc-default-executor-2] INFO  impl.RoleInfo (RoleInfo.java:shutdownFollowerState(108)) - c90bef4f-1c21-43c2-97aa-1f5cf6648a6f: shutdown c90bef4f-1c21-43c2-97aa-1f5cf6648a6f@group-CD7BCB0E62FF-FollowerState
2021-10-10 13:46:24,012 [grpc-default-executor-2] INFO  impl.RoleInfo (RoleInfo.java:updateAndGet(130)) - c90bef4f-1c21-43c2-97aa-1f5cf6648a6f: start c90bef4f-1c21-43c2-97aa-1f5cf6648a6f@group-CD7BCB0E62FF-FollowerState
2021-10-10 13:46:24,012 [c90bef4f-1c21-43c2-97aa-1f5cf6648a6f@group-CD7BCB0E62FF-FollowerState] INFO  impl.FollowerState (FollowerState.java:run(143)) - c90bef4f-1c21-43c2-97aa-1f5cf6648a6f@group-CD7BCB0E62FF-FollowerState was interrupted: {}
java.lang.InterruptedException: sleep interrupted
	at java.lang.Thread.sleep(Native Method)
	at java.lang.Thread.sleep(Thread.java:340)
	at java.util.concurrent.TimeUnit.sleep(TimeUnit.java:386)
	at org.apache.ratis.util.TimeDuration.sleep(TimeDuration.java:324)
	at org.apache.ratis.util.TimeDuration.sleep(TimeDuration.java:309)
	at org.apache.ratis.server.impl.FollowerState.run(FollowerState.java:118)
2021-10-10 13:46:24,035 [grpc-default-executor-2] INFO  server.RaftServer$Division (RaftServerImpl.java:requestVote(1075)) - c90bef4f-1c21-43c2-97aa-1f5cf6648a6f@group-CD7BCB0E62FF replies to ELECTION vote request: f0a8fd88-2511-4bc8-952c-803d3ca6483c<-c90bef4f-1c21-43c2-97aa-1f5cf6648a6f#0:OK-t1. Peer's state: c90bef4f-1c21-43c2-97aa-1f5cf6648a6f@group-CD7BCB0E62FF:t1, leader=null, voted=f0a8fd88-2511-4bc8-952c-803d3ca6483c, raftlog=c90bef4f-1c21-43c2-97aa-1f5cf6648a6f@group-CD7BCB0E62FF-SegmentedRaftLog:OPENED:c-1,f-1,i0, conf=-1: [c90bef4f-1c21-43c2-97aa-1f5cf6648a6f|rpc:10.1.0.17:44117|priority:0, f0a8fd88-2511-4bc8-952c-803d3ca6483c|rpc:10.1.0.17:45269|priority:0, 52be5aae-b0d8-4d04-b923-225165c5914d|rpc:10.1.0.17:37435|priority:1], old=null
2021-10-10 13:46:24,037 [c90bef4f-1c21-43c2-97aa-1f5cf6648a6f@group-FB8E1BDD31C6-FollowerState] INFO  impl.FollowerState (FollowerState.java:run(134)) - c90bef4f-1c21-43c2-97aa-1f5cf6648a6f@group-FB8E1BDD31C6-FollowerState: change to CANDIDATE, lastRpcElapsedTime:5203258162ns, electionTimeout:5193ms
2021-10-10 13:46:24,037 [c90bef4f-1c21-43c2-97aa-1f5cf6648a6f@group-FB8E1BDD31C6-FollowerState] INFO  impl.RoleInfo (RoleInfo.java:shutdownFollowerState(108)) - c90bef4f-1c21-43c2-97aa-1f5cf6648a6f: shutdown c90bef4f-1c21-43c2-97aa-1f5cf6648a6f@group-FB8E1BDD31C6-FollowerState
2021-10-10 13:46:24,037 [c90bef4f-1c21-43c2-97aa-1f5cf6648a6f@group-FB8E1BDD31C6-FollowerState] INFO  server.RaftServer$Division (RaftServerImpl.java:setRole(285)) - c90bef4f-1c21-43c2-97aa-1f5cf6648a6f@group-FB8E1BDD31C6: changes role from  FOLLOWER to CANDIDATE at term 0 for changeToCandidate
2021-10-10 13:46:24,044 [c90bef4f-1c21-43c2-97aa-1f5cf6648a6f@group-FB8E1BDD31C6-FollowerState] INFO  server.RaftServerConfigKeys (ConfUtils.java:logGet(44)) - raft.server.leaderelection.pre-vote = false (custom)
2021-10-10 13:46:24,044 [c90bef4f-1c21-43c2-97aa-1f5cf6648a6f@group-FB8E1BDD31C6-FollowerState] INFO  impl.RoleInfo (RoleInfo.java:updateAndGet(130)) - c90bef4f-1c21-43c2-97aa-1f5cf6648a6f: start c90bef4f-1c21-43c2-97aa-1f5cf6648a6f@group-FB8E1BDD31C6-LeaderElection53
2021-10-10 13:46:24,061 [grpc-default-executor-2] INFO  server.RaftServer$Division (RaftServerImpl.java:requestVote(1043)) - 52be5aae-b0d8-4d04-b923-225165c5914d@group-CD7BCB0E62FF: receive requestVote(ELECTION, f0a8fd88-2511-4bc8-952c-803d3ca6483c, group-CD7BCB0E62FF, 1, (t:0, i:0))
2021-10-10 13:46:24,061 [grpc-default-executor-2] INFO  impl.VoteContext (VoteContext.java:log(48)) - 52be5aae-b0d8-4d04-b923-225165c5914d@group-CD7BCB0E62FF-FOLLOWER: reject ELECTION from f0a8fd88-2511-4bc8-952c-803d3ca6483c: our priority 1 > candidate's priority 0
2021-10-10 13:46:24,061 [grpc-default-executor-2] INFO  server.RaftServer$Division (RaftServerImpl.java:setRole(285)) - 52be5aae-b0d8-4d04-b923-225165c5914d@group-CD7BCB0E62FF: changes role from  FOLLOWER to FOLLOWER at term 1 for candidate:f0a8fd88-2511-4bc8-952c-803d3ca6483c
2021-10-10 13:46:24,061 [grpc-default-executor-2] INFO  impl.RoleInfo (RoleInfo.java:shutdownFollowerState(108)) - 52be5aae-b0d8-4d04-b923-225165c5914d: shutdown 52be5aae-b0d8-4d04-b923-225165c5914d@group-CD7BCB0E62FF-FollowerState
2021-10-10 13:46:24,061 [grpc-default-executor-2] INFO  impl.RoleInfo (RoleInfo.java:updateAndGet(130)) - 52be5aae-b0d8-4d04-b923-225165c5914d: start 52be5aae-b0d8-4d04-b923-225165c5914d@group-CD7BCB0E62FF-FollowerState
2021-10-10 13:46:24,061 [52be5aae-b0d8-4d04-b923-225165c5914d@group-CD7BCB0E62FF-FollowerState] INFO  impl.FollowerState (FollowerState.java:run(143)) - 52be5aae-b0d8-4d04-b923-225165c5914d@group-CD7BCB0E62FF-FollowerState was interrupted: {}
java.lang.InterruptedException: sleep interrupted
	at java.lang.Thread.sleep(Native Method)
	at java.lang.Thread.sleep(Thread.java:340)
	at java.util.concurrent.TimeUnit.sleep(TimeUnit.java:386)
	at org.apache.ratis.util.TimeDuration.sleep(TimeDuration.java:324)
	at org.apache.ratis.util.TimeDuration.sleep(TimeDuration.java:309)
	at org.apache.ratis.server.impl.FollowerState.run(FollowerState.java:118)
2021-10-10 13:46:24,092 [grpc-default-executor-2] INFO  server.RaftServer$Division (RaftServerImpl.java:requestVote(1075)) - 52be5aae-b0d8-4d04-b923-225165c5914d@group-CD7BCB0E62FF replies to ELECTION vote request: f0a8fd88-2511-4bc8-952c-803d3ca6483c<-52be5aae-b0d8-4d04-b923-225165c5914d#0:FAIL-t1. Peer's state: 52be5aae-b0d8-4d04-b923-225165c5914d@group-CD7BCB0E62FF:t1, leader=null, voted=null, raftlog=52be5aae-b0d8-4d04-b923-225165c5914d@group-CD7BCB0E62FF-SegmentedRaftLog:OPENED:c-1,f-1,i0, conf=-1: [c90bef4f-1c21-43c2-97aa-1f5cf6648a6f|rpc:10.1.0.17:44117|dataStream:|priority:0, f0a8fd88-2511-4bc8-952c-803d3ca6483c|rpc:10.1.0.17:45269|dataStream:|priority:0, 52be5aae-b0d8-4d04-b923-225165c5914d|rpc:10.1.0.17:37435|dataStream:|priority:1], old=null
2021-10-10 13:46:24,092 [c90bef4f-1c21-43c2-97aa-1f5cf6648a6f@group-FB8E1BDD31C6-LeaderElection53] INFO  impl.LeaderElection (LeaderElection.java:askForVotes(306)) - c90bef4f-1c21-43c2-97aa-1f5cf6648a6f@group-FB8E1BDD31C6-LeaderElection53 ELECTION round 0: submit vote requests at term 1 for -1: [c90bef4f-1c21-43c2-97aa-1f5cf6648a6f|rpc:10.1.0.17:44117|priority:1], old=null
2021-10-10 13:46:24,094 [c90bef4f-1c21-43c2-97aa-1f5cf6648a6f@group-FB8E1BDD31C6-LeaderElection53] INFO  impl.LeaderElection (LeaderElection.java:askForVotes(308)) - c90bef4f-1c21-43c2-97aa-1f5cf6648a6f@group-FB8E1BDD31C6-LeaderElection53 ELECTION round 0: result PASSED (term=1)
2021-10-10 13:46:24,094 [c90bef4f-1c21-43c2-97aa-1f5cf6648a6f@group-FB8E1BDD31C6-LeaderElection53] INFO  impl.RoleInfo (RoleInfo.java:shutdownLeaderElection(121)) - c90bef4f-1c21-43c2-97aa-1f5cf6648a6f: shutdown c90bef4f-1c21-43c2-97aa-1f5cf6648a6f@group-FB8E1BDD31C6-LeaderElection53
2021-10-10 13:46:24,094 [c90bef4f-1c21-43c2-97aa-1f5cf6648a6f@group-FB8E1BDD31C6-LeaderElection53] INFO  server.RaftServer$Division (RaftServerImpl.java:setRole(285)) - c90bef4f-1c21-43c2-97aa-1f5cf6648a6f@group-FB8E1BDD31C6: changes role from CANDIDATE to LEADER at term 1 for changeToLeader
2021-10-10 13:46:24,094 [c90bef4f-1c21-43c2-97aa-1f5cf6648a6f@group-FB8E1BDD31C6-LeaderElection53] INFO  ratis.XceiverServerRatis (XceiverServerRatis.java:handleLeaderChangedNotification(861)) - Leader change notification received for group: group-FB8E1BDD31C6 with new leaderId: c90bef4f-1c21-43c2-97aa-1f5cf6648a6f
2021-10-10 13:46:24,094 [c90bef4f-1c21-43c2-97aa-1f5cf6648a6f@group-FB8E1BDD31C6-LeaderElection53] INFO  server.RaftServer$Division (ServerState.java:setLeader(285)) - c90bef4f-1c21-43c2-97aa-1f5cf6648a6f@group-FB8E1BDD31C6: change Leader from null to c90bef4f-1c21-43c2-97aa-1f5cf6648a6f at term 1 for becomeLeader, leader elected after 5295ms
2021-10-10 13:46:24,094 [c90bef4f-1c21-43c2-97aa-1f5cf6648a6f@group-FB8E1BDD31C6-LeaderElection53] INFO  server.RaftServerConfigKeys (ConfUtils.java:logGet(44)) - raft.server.staging.catchup.gap = 1000 (default)
2021-10-10 13:46:24,095 [f0a8fd88-2511-4bc8-952c-803d3ca6483c@group-CD7BCB0E62FF-LeaderElection52] INFO  impl.LeaderElection (LeaderElection.java:logAndReturn(89)) - f0a8fd88-2511-4bc8-952c-803d3ca6483c@group-CD7BCB0E62FF-LeaderElection52: ELECTION REJECTED received 2 response(s) and 0 exception(s):
2021-10-10 13:46:24,095 [f0a8fd88-2511-4bc8-952c-803d3ca6483c@group-CD7BCB0E62FF-LeaderElection52] INFO  impl.LeaderElection (LeaderElection.java:logAndReturn(93)) -   Response 0: f0a8fd88-2511-4bc8-952c-803d3ca6483c<-c90bef4f-1c21-43c2-97aa-1f5cf6648a6f#0:OK-t1
2021-10-10 13:46:24,095 [f0a8fd88-2511-4bc8-952c-803d3ca6483c@group-CD7BCB0E62FF-LeaderElection52] INFO  impl.LeaderElection (LeaderElection.java:logAndReturn(93)) -   Response 1: f0a8fd88-2511-4bc8-952c-803d3ca6483c<-52be5aae-b0d8-4d04-b923-225165c5914d#0:FAIL-t1
2021-10-10 13:46:24,095 [f0a8fd88-2511-4bc8-952c-803d3ca6483c@group-CD7BCB0E62FF-LeaderElection52] INFO  impl.LeaderElection (LeaderElection.java:askForVotes(308)) - f0a8fd88-2511-4bc8-952c-803d3ca6483c@group-CD7BCB0E62FF-LeaderElection52 ELECTION round 0: result REJECTED
2021-10-10 13:46:24,095 [f0a8fd88-2511-4bc8-952c-803d3ca6483c@group-CD7BCB0E62FF-LeaderElection52] INFO  server.RaftServer$Division (RaftServerImpl.java:setRole(285)) - f0a8fd88-2511-4bc8-952c-803d3ca6483c@group-CD7BCB0E62FF: changes role from CANDIDATE to FOLLOWER at term 1 for REJECTED
2021-10-10 13:46:24,095 [f0a8fd88-2511-4bc8-952c-803d3ca6483c@group-CD7BCB0E62FF-LeaderElection52] INFO  impl.RoleInfo (RoleInfo.java:shutdownLeaderElection(121)) - f0a8fd88-2511-4bc8-952c-803d3ca6483c: shutdown f0a8fd88-2511-4bc8-952c-803d3ca6483c@group-CD7BCB0E62FF-LeaderElection52
2021-10-10 13:46:24,096 [f0a8fd88-2511-4bc8-952c-803d3ca6483c@group-CD7BCB0E62FF-LeaderElection52] INFO  impl.RoleInfo (RoleInfo.java:updateAndGet(130)) - f0a8fd88-2511-4bc8-952c-803d3ca6483c: start f0a8fd88-2511-4bc8-952c-803d3ca6483c@group-CD7BCB0E62FF-FollowerState
2021-10-10 13:46:24,094 [Datanode State Machine Thread - 0] WARN  statemachine.StateContext (StateContext.java:execute(621)) - No available thread in pool for past 1 seconds.
2021-10-10 13:46:24,104 [c90bef4f-1c21-43c2-97aa-1f5cf6648a6f@group-FB8E1BDD31C6-LeaderElection53] INFO  server.RaftServerConfigKeys (ConfUtils.java:logGet(44)) - raft.server.write.element-limit = 1024 (custom)
2021-10-10 13:46:24,104 [c90bef4f-1c21-43c2-97aa-1f5cf6648a6f@group-FB8E1BDD31C6-LeaderElection53] INFO  server.RaftServerConfigKeys (ConfUtils.java:logGet(44)) - raft.server.write.byte-limit = 1024 M (=1073741824) (custom)
2021-10-10 13:46:24,104 [c90bef4f-1c21-43c2-97aa-1f5cf6648a6f@group-FB8E1BDD31C6-LeaderElection53] INFO  server.RaftServerConfigKeys (ConfUtils.java:logGet(44)) - raft.server.watch.timeout = 3000ms (custom)
2021-10-10 13:46:24,104 [c90bef4f-1c21-43c2-97aa-1f5cf6648a6f@group-FB8E1BDD31C6-LeaderElection53] INFO  server.RaftServerConfigKeys (ConfUtils.java:logGet(44)) - raft.server.watch.timeout.denomination = 1s (default)
2021-10-10 13:46:24,105 [c90bef4f-1c21-43c2-97aa-1f5cf6648a6f@group-FB8E1BDD31C6-LeaderElection53] INFO  server.RaftServerConfigKeys (ConfUtils.java:logGet(44)) - raft.server.watch.element-limit = 65536 (default)
2021-10-10 13:46:24,105 [c90bef4f-1c21-43c2-97aa-1f5cf6648a6f@group-FB8E1BDD31C6-LeaderElection53] INFO  impl.RoleInfo (RoleInfo.java:updateAndGet(130)) - c90bef4f-1c21-43c2-97aa-1f5cf6648a6f: start c90bef4f-1c21-43c2-97aa-1f5cf6648a6f@group-FB8E1BDD31C6-LeaderStateImpl
2021-10-10 13:46:24,105 [c90bef4f-1c21-43c2-97aa-1f5cf6648a6f@group-FB8E1BDD31C6-LeaderElection53] INFO  segmented.SegmentedRaftLogWorker (SegmentedRaftLogWorker.java:startLogSegment(394)) - c90bef4f-1c21-43c2-97aa-1f5cf6648a6f@group-FB8E1BDD31C6-SegmentedRaftLogWorker: Starting segment from index:0
2021-10-10 13:46:24,107 [c90bef4f-1c21-43c2-97aa-1f5cf6648a6f@group-FB8E1BDD31C6-SegmentedRaftLogWorker] INFO  segmented.SegmentedRaftLogWorker (SegmentedRaftLogWorker.java:execute(601)) - c90bef4f-1c21-43c2-97aa-1f5cf6648a6f@group-FB8E1BDD31C6-SegmentedRaftLogWorker: created new log segment /home/runner/work/ozone/ozone/hadoop-ozone/integration-test/target/test-dir/MiniOzoneClusterImpl-0f145d0e-b24d-4882-976e-a7baa8a64dfe/datanode-1/data/ratis/3392ea42-86df-40ab-b9c0-fb8e1bdd31c6/current/log_inprogress_0
2021-10-10 13:46:24,112 [c90bef4f-1c21-43c2-97aa-1f5cf6648a6f@group-FB8E1BDD31C6-LeaderElection53] INFO  server.RaftServer$Division (ServerState.java:setRaftConf(387)) - c90bef4f-1c21-43c2-97aa-1f5cf6648a6f@group-FB8E1BDD31C6: set configuration 0: [c90bef4f-1c21-43c2-97aa-1f5cf6648a6f|rpc:10.1.0.17:44117|dataStream:|priority:1], old=null
2021-10-10 13:46:24,570 [52be5aae-b0d8-4d04-b923-225165c5914d@group-C5D91A017FDE-FollowerState] INFO  impl.FollowerState (FollowerState.java:run(134)) - 52be5aae-b0d8-4d04-b923-225165c5914d@group-C5D91A017FDE-FollowerState: change to CANDIDATE, lastRpcElapsedTime:5170904436ns, electionTimeout:5140ms
2021-10-10 13:46:24,571 [52be5aae-b0d8-4d04-b923-225165c5914d@group-C5D91A017FDE-FollowerState] INFO  impl.RoleInfo (RoleInfo.java:shutdownFollowerState(108)) - 52be5aae-b0d8-4d04-b923-225165c5914d: shutdown 52be5aae-b0d8-4d04-b923-225165c5914d@group-C5D91A017FDE-FollowerState
2021-10-10 13:46:24,571 [52be5aae-b0d8-4d04-b923-225165c5914d@group-C5D91A017FDE-FollowerState] INFO  server.RaftServer$Division (RaftServerImpl.java:setRole(285)) - 52be5aae-b0d8-4d04-b923-225165c5914d@group-C5D91A017FDE: changes role from  FOLLOWER to CANDIDATE at term 0 for changeToCandidate
2021-10-10 13:46:24,572 [52be5aae-b0d8-4d04-b923-225165c5914d@group-C5D91A017FDE-FollowerState] INFO  server.RaftServerConfigKeys (ConfUtils.java:logGet(44)) - raft.server.leaderelection.pre-vote = false (custom)
2021-10-10 13:46:24,573 [52be5aae-b0d8-4d04-b923-225165c5914d@group-C5D91A017FDE-FollowerState] INFO  impl.RoleInfo (RoleInfo.java:updateAndGet(130)) - 52be5aae-b0d8-4d04-b923-225165c5914d: start 52be5aae-b0d8-4d04-b923-225165c5914d@group-C5D91A017FDE-LeaderElection54
2021-10-10 13:46:24,605 [52be5aae-b0d8-4d04-b923-225165c5914d@group-C5D91A017FDE-LeaderElection54] INFO  impl.LeaderElection (LeaderElection.java:askForVotes(306)) - 52be5aae-b0d8-4d04-b923-225165c5914d@group-C5D91A017FDE-LeaderElection54 ELECTION round 0: submit vote requests at term 1 for -1: [52be5aae-b0d8-4d04-b923-225165c5914d|rpc:10.1.0.17:37435|priority:1], old=null
2021-10-10 13:46:24,605 [52be5aae-b0d8-4d04-b923-225165c5914d@group-C5D91A017FDE-LeaderElection54] INFO  impl.LeaderElection (LeaderElection.java:askForVotes(308)) - 52be5aae-b0d8-4d04-b923-225165c5914d@group-C5D91A017FDE-LeaderElection54 ELECTION round 0: result PASSED (term=1)
2021-10-10 13:46:24,605 [52be5aae-b0d8-4d04-b923-225165c5914d@group-C5D91A017FDE-LeaderElection54] INFO  impl.RoleInfo (RoleInfo.java:shutdownLeaderElection(121)) - 52be5aae-b0d8-4d04-b923-225165c5914d: shutdown 52be5aae-b0d8-4d04-b923-225165c5914d@group-C5D91A017FDE-LeaderElection54
2021-10-10 13:46:24,605 [52be5aae-b0d8-4d04-b923-225165c5914d@group-C5D91A017FDE-LeaderElection54] INFO  server.RaftServer$Division (RaftServerImpl.java:setRole(285)) - 52be5aae-b0d8-4d04-b923-225165c5914d@group-C5D91A017FDE: changes role from CANDIDATE to LEADER at term 1 for changeToLeader
2021-10-10 13:46:24,605 [52be5aae-b0d8-4d04-b923-225165c5914d@group-C5D91A017FDE-LeaderElection54] INFO  ratis.XceiverServerRatis (XceiverServerRatis.java:handleLeaderChangedNotification(861)) - Leader change notification received for group: group-C5D91A017FDE with new leaderId: 52be5aae-b0d8-4d04-b923-225165c5914d
2021-10-10 13:46:24,606 [52be5aae-b0d8-4d04-b923-225165c5914d@group-C5D91A017FDE-LeaderElection54] INFO  server.RaftServer$Division (ServerState.java:setLeader(285)) - 52be5aae-b0d8-4d04-b923-225165c5914d@group-C5D91A017FDE: change Leader from null to 52be5aae-b0d8-4d04-b923-225165c5914d at term 1 for becomeLeader, leader elected after 5214ms
2021-10-10 13:46:24,606 [52be5aae-b0d8-4d04-b923-225165c5914d@group-C5D91A017FDE-LeaderElection54] INFO  server.RaftServerConfigKeys (ConfUtils.java:logGet(44)) - raft.server.staging.catchup.gap = 1000 (default)
2021-10-10 13:46:24,606 [Datanode State Machine Thread - 0] WARN  statemachine.StateContext (StateContext.java:execute(621)) - No available thread in pool for past 1 seconds.
2021-10-10 13:46:24,606 [52be5aae-b0d8-4d04-b923-225165c5914d@group-C5D91A017FDE-LeaderElection54] INFO  server.RaftServerConfigKeys (ConfUtils.java:logGet(44)) - raft.server.write.element-limit = 1024 (custom)
2021-10-10 13:46:24,606 [52be5aae-b0d8-4d04-b923-225165c5914d@group-C5D91A017FDE-LeaderElection54] INFO  server.RaftServerConfigKeys (ConfUtils.java:logGet(44)) - raft.server.write.byte-limit = 1024 M (=1073741824) (custom)
2021-10-10 13:46:24,607 [52be5aae-b0d8-4d04-b923-225165c5914d@group-C5D91A017FDE-LeaderElection54] INFO  server.RaftServerConfigKeys (ConfUtils.java:logGet(44)) - raft.server.watch.timeout = 3000ms (custom)
2021-10-10 13:46:24,607 [52be5aae-b0d8-4d04-b923-225165c5914d@group-C5D91A017FDE-LeaderElection54] INFO  server.RaftServerConfigKeys (ConfUtils.java:logGet(44)) - raft.server.watch.timeout.denomination = 1s (default)
2021-10-10 13:46:24,607 [52be5aae-b0d8-4d04-b923-225165c5914d@group-C5D91A017FDE-LeaderElection54] INFO  server.RaftServerConfigKeys (ConfUtils.java:logGet(44)) - raft.server.watch.element-limit = 65536 (default)
2021-10-10 13:46:24,607 [52be5aae-b0d8-4d04-b923-225165c5914d@group-C5D91A017FDE-LeaderElection54] INFO  impl.RoleInfo (RoleInfo.java:updateAndGet(130)) - 52be5aae-b0d8-4d04-b923-225165c5914d: start 52be5aae-b0d8-4d04-b923-225165c5914d@group-C5D91A017FDE-LeaderStateImpl
2021-10-10 13:46:24,607 [52be5aae-b0d8-4d04-b923-225165c5914d@group-C5D91A017FDE-LeaderElection54] INFO  segmented.SegmentedRaftLogWorker (SegmentedRaftLogWorker.java:startLogSegment(394)) - 52be5aae-b0d8-4d04-b923-225165c5914d@group-C5D91A017FDE-SegmentedRaftLogWorker: Starting segment from index:0
2021-10-10 13:46:24,616 [52be5aae-b0d8-4d04-b923-225165c5914d@group-C5D91A017FDE-LeaderElection54] INFO  server.RaftServer$Division (ServerState.java:setRaftConf(387)) - 52be5aae-b0d8-4d04-b923-225165c5914d@group-C5D91A017FDE: set configuration 0: [52be5aae-b0d8-4d04-b923-225165c5914d|rpc:10.1.0.17:37435|dataStream:|priority:1], old=null
2021-10-10 13:46:24,631 [52be5aae-b0d8-4d04-b923-225165c5914d@group-C5D91A017FDE-SegmentedRaftLogWorker] INFO  segmented.SegmentedRaftLogWorker (SegmentedRaftLogWorker.java:execute(601)) - 52be5aae-b0d8-4d04-b923-225165c5914d@group-C5D91A017FDE-SegmentedRaftLogWorker: created new log segment /home/runner/work/ozone/ozone/hadoop-ozone/integration-test/target/test-dir/MiniOzoneClusterImpl-0f145d0e-b24d-4882-976e-a7baa8a64dfe/datanode-2/data/ratis/26850a3e-1446-45ef-b118-c5d91a017fde/current/log_inprogress_0
2021-10-10 13:46:24,707 [Listener at 127.0.0.1/44821] INFO  ozone.MiniOzoneClusterImpl (MiniOzoneClusterImpl.java:lambda$waitForClusterToBeReady$0(235)) - Nodes are ready. Got 7 of 7 DN Heartbeats.
2021-10-10 13:46:24,707 [Listener at 127.0.0.1/44821] INFO  ozone.MiniOzoneClusterImpl (MiniOzoneClusterImpl.java:lambda$waitForClusterToBeReady$0(238)) - Cluster exits safe mode
2021-10-10 13:46:24,707 [Listener at 127.0.0.1/44821] INFO  ozone.MiniOzoneClusterImpl (MiniOzoneClusterImpl.java:lambda$waitForClusterToBeReady$0(240)) - SCM became leader
2021-10-10 13:46:24,735 [Listener at 127.0.0.1/44821] INFO  rpc.RpcClient (RpcClient.java:createVolume(342)) - Creating Volume: testblockoutputstream, with runner as owner and space quota set to -1 bytes, counts quota set to -1
2021-10-10 13:46:24,754 [OM StateMachine ApplyTransaction Thread - 0] INFO  volume.OMVolumeCreateRequest (OMVolumeCreateRequest.java:validateAndUpdateCache(195)) - created volume:testblockoutputstream for user:runner
2021-10-10 13:46:24,790 [Listener at 127.0.0.1/44821] INFO  rpc.RpcClient (RpcClient.java:createBucket(502)) - Creating Bucket: testblockoutputstream/testblockoutputstream, with Versioning false and Storage Type set to DISK and Encryption set to false 
2021-10-10 13:46:24,844 [IPC Server handler 6 on default port 39465] INFO  ha.SequenceIdGenerator (SequenceIdGenerator.java:getNextId(127)) - Allocate a batch for containerId, change lastId from 0 to 1000.
2021-10-10 13:46:24,844 [IPC Server handler 6 on default port 39465] WARN  ha.SequenceIdGenerator (SequenceIdGenerator.java:allocateBatch(235)) - Failed to allocate a batch for localId, expected lastId is 0, actual lastId is 107544261427200000.
2021-10-10 13:46:24,844 [IPC Server handler 6 on default port 39465] INFO  ha.SequenceIdGenerator (SequenceIdGenerator.java:getNextId(127)) - Allocate a batch for localId, change lastId from 107544261427200000 to 107544261427201000.
2021-10-10 13:46:24,859 [1d4e4b2f-e6a0-4223-b62b-246b29415176@group-F3E1136D39A0-FollowerState] INFO  impl.FollowerState (FollowerState.java:run(134)) - 1d4e4b2f-e6a0-4223-b62b-246b29415176@group-F3E1136D39A0-FollowerState: change to CANDIDATE, lastRpcElapsedTime:5051582269ns, electionTimeout:5042ms
2021-10-10 13:46:24,859 [1d4e4b2f-e6a0-4223-b62b-246b29415176@group-F3E1136D39A0-FollowerState] INFO  impl.RoleInfo (RoleInfo.java:shutdownFollowerState(108)) - 1d4e4b2f-e6a0-4223-b62b-246b29415176: shutdown 1d4e4b2f-e6a0-4223-b62b-246b29415176@group-F3E1136D39A0-FollowerState
2021-10-10 13:46:24,860 [1d4e4b2f-e6a0-4223-b62b-246b29415176@group-F3E1136D39A0-FollowerState] INFO  server.RaftServer$Division (RaftServerImpl.java:setRole(285)) - 1d4e4b2f-e6a0-4223-b62b-246b29415176@group-F3E1136D39A0: changes role from  FOLLOWER to CANDIDATE at term 0 for changeToCandidate
2021-10-10 13:46:24,872 [1d4e4b2f-e6a0-4223-b62b-246b29415176@group-F44C8908778D-FollowerState] INFO  impl.FollowerState (FollowerState.java:run(134)) - 1d4e4b2f-e6a0-4223-b62b-246b29415176@group-F44C8908778D-FollowerState: change to CANDIDATE, lastRpcElapsedTime:5107834689ns, electionTimeout:5104ms
2021-10-10 13:46:24,872 [1d4e4b2f-e6a0-4223-b62b-246b29415176@group-F44C8908778D-FollowerState] INFO  impl.RoleInfo (RoleInfo.java:shutdownFollowerState(108)) - 1d4e4b2f-e6a0-4223-b62b-246b29415176: shutdown 1d4e4b2f-e6a0-4223-b62b-246b29415176@group-F44C8908778D-FollowerState
2021-10-10 13:46:24,872 [1d4e4b2f-e6a0-4223-b62b-246b29415176@group-F44C8908778D-FollowerState] INFO  server.RaftServer$Division (RaftServerImpl.java:setRole(285)) - 1d4e4b2f-e6a0-4223-b62b-246b29415176@group-F44C8908778D: changes role from  FOLLOWER to CANDIDATE at term 0 for changeToCandidate
2021-10-10 13:46:24,873 [1d4e4b2f-e6a0-4223-b62b-246b29415176@group-F44C8908778D-FollowerState] INFO  server.RaftServerConfigKeys (ConfUtils.java:logGet(44)) - raft.server.leaderelection.pre-vote = false (custom)
2021-10-10 13:46:24,873 [1d4e4b2f-e6a0-4223-b62b-246b29415176@group-F44C8908778D-FollowerState] INFO  impl.RoleInfo (RoleInfo.java:updateAndGet(130)) - 1d4e4b2f-e6a0-4223-b62b-246b29415176: start 1d4e4b2f-e6a0-4223-b62b-246b29415176@group-F44C8908778D-LeaderElection56
2021-10-10 13:46:24,877 [1d4e4b2f-e6a0-4223-b62b-246b29415176@group-F3E1136D39A0-FollowerState] INFO  server.RaftServerConfigKeys (ConfUtils.java:logGet(44)) - raft.server.leaderelection.pre-vote = false (custom)
2021-10-10 13:46:24,877 [1d4e4b2f-e6a0-4223-b62b-246b29415176@group-F3E1136D39A0-FollowerState] INFO  impl.RoleInfo (RoleInfo.java:updateAndGet(130)) - 1d4e4b2f-e6a0-4223-b62b-246b29415176: start 1d4e4b2f-e6a0-4223-b62b-246b29415176@group-F3E1136D39A0-LeaderElection55
2021-10-10 13:46:24,906 [1d4e4b2f-e6a0-4223-b62b-246b29415176@group-F3E1136D39A0-LeaderElection55] INFO  impl.LeaderElection (LeaderElection.java:askForVotes(306)) - 1d4e4b2f-e6a0-4223-b62b-246b29415176@group-F3E1136D39A0-LeaderElection55 ELECTION round 0: submit vote requests at term 1 for -1: [2432123a-b439-42d5-83b4-1981f0fa2384|rpc:10.1.0.17:39429|priority:0, 1d4e4b2f-e6a0-4223-b62b-246b29415176|rpc:10.1.0.17:44219|priority:1, 9f3dcedd-2157-4ae4-b723-f54bfee8d9ce|rpc:10.1.0.17:40315|priority:0], old=null
2021-10-10 13:46:24,907 [1d4e4b2f-e6a0-4223-b62b-246b29415176@group-F44C8908778D-LeaderElection56] INFO  impl.LeaderElection (LeaderElection.java:askForVotes(306)) - 1d4e4b2f-e6a0-4223-b62b-246b29415176@group-F44C8908778D-LeaderElection56 ELECTION round 0: submit vote requests at term 1 for -1: [1d4e4b2f-e6a0-4223-b62b-246b29415176|rpc:10.1.0.17:44219|priority:1], old=null
2021-10-10 13:46:24,907 [1d4e4b2f-e6a0-4223-b62b-246b29415176@group-F44C8908778D-LeaderElection56] INFO  impl.LeaderElection (LeaderElection.java:askForVotes(308)) - 1d4e4b2f-e6a0-4223-b62b-246b29415176@group-F44C8908778D-LeaderElection56 ELECTION round 0: result PASSED (term=1)
2021-10-10 13:46:24,907 [1d4e4b2f-e6a0-4223-b62b-246b29415176@group-F44C8908778D-LeaderElection56] INFO  impl.RoleInfo (RoleInfo.java:shutdownLeaderElection(121)) - 1d4e4b2f-e6a0-4223-b62b-246b29415176: shutdown 1d4e4b2f-e6a0-4223-b62b-246b29415176@group-F44C8908778D-LeaderElection56
2021-10-10 13:46:24,907 [1d4e4b2f-e6a0-4223-b62b-246b29415176@group-F44C8908778D-LeaderElection56] INFO  server.RaftServer$Division (RaftServerImpl.java:setRole(285)) - 1d4e4b2f-e6a0-4223-b62b-246b29415176@group-F44C8908778D: changes role from CANDIDATE to LEADER at term 1 for changeToLeader
2021-10-10 13:46:24,907 [1d4e4b2f-e6a0-4223-b62b-246b29415176@group-F44C8908778D-LeaderElection56] INFO  ratis.XceiverServerRatis (XceiverServerRatis.java:handleLeaderChangedNotification(861)) - Leader change notification received for group: group-F44C8908778D with new leaderId: 1d4e4b2f-e6a0-4223-b62b-246b29415176
2021-10-10 13:46:24,933 [grpc-default-executor-6] INFO  server.RaftServer$Division (RaftServerImpl.java:requestVote(1043)) - 2432123a-b439-42d5-83b4-1981f0fa2384@group-F3E1136D39A0: receive requestVote(ELECTION, 1d4e4b2f-e6a0-4223-b62b-246b29415176, group-F3E1136D39A0, 1, (t:0, i:0))
2021-10-10 13:46:24,933 [grpc-default-executor-6] INFO  impl.VoteContext (VoteContext.java:log(48)) - 2432123a-b439-42d5-83b4-1981f0fa2384@group-F3E1136D39A0-FOLLOWER: accept ELECTION from 1d4e4b2f-e6a0-4223-b62b-246b29415176: our priority 0 <= candidate's priority 1
2021-10-10 13:46:24,934 [grpc-default-executor-6] INFO  server.RaftServer$Division (RaftServerImpl.java:setRole(285)) - 2432123a-b439-42d5-83b4-1981f0fa2384@group-F3E1136D39A0: changes role from  FOLLOWER to FOLLOWER at term 1 for candidate:1d4e4b2f-e6a0-4223-b62b-246b29415176
2021-10-10 13:46:24,934 [grpc-default-executor-6] INFO  impl.RoleInfo (RoleInfo.java:shutdownFollowerState(108)) - 2432123a-b439-42d5-83b4-1981f0fa2384: shutdown 2432123a-b439-42d5-83b4-1981f0fa2384@group-F3E1136D39A0-FollowerState
2021-10-10 13:46:24,934 [grpc-default-executor-6] INFO  impl.RoleInfo (RoleInfo.java:updateAndGet(130)) - 2432123a-b439-42d5-83b4-1981f0fa2384: start 2432123a-b439-42d5-83b4-1981f0fa2384@group-F3E1136D39A0-FollowerState
2021-10-10 13:46:24,934 [2432123a-b439-42d5-83b4-1981f0fa2384@group-F3E1136D39A0-FollowerState] INFO  impl.FollowerState (FollowerState.java:run(143)) - 2432123a-b439-42d5-83b4-1981f0fa2384@group-F3E1136D39A0-FollowerState was interrupted: {}
java.lang.InterruptedException: sleep interrupted
	at java.lang.Thread.sleep(Native Method)
	at java.lang.Thread.sleep(Thread.java:340)
	at java.util.concurrent.TimeUnit.sleep(TimeUnit.java:386)
	at org.apache.ratis.util.TimeDuration.sleep(TimeDuration.java:324)
	at org.apache.ratis.util.TimeDuration.sleep(TimeDuration.java:309)
	at org.apache.ratis.server.impl.FollowerState.run(FollowerState.java:118)
2021-10-10 13:46:24,941 [grpc-default-executor-6] INFO  server.RaftServer$Division (RaftServerImpl.java:requestVote(1075)) - 2432123a-b439-42d5-83b4-1981f0fa2384@group-F3E1136D39A0 replies to ELECTION vote request: 1d4e4b2f-e6a0-4223-b62b-246b29415176<-2432123a-b439-42d5-83b4-1981f0fa2384#0:OK-t1. Peer's state: 2432123a-b439-42d5-83b4-1981f0fa2384@group-F3E1136D39A0:t1, leader=null, voted=1d4e4b2f-e6a0-4223-b62b-246b29415176, raftlog=2432123a-b439-42d5-83b4-1981f0fa2384@group-F3E1136D39A0-SegmentedRaftLog:OPENED:c-1,f-1,i0, conf=-1: [2432123a-b439-42d5-83b4-1981f0fa2384|rpc:10.1.0.17:39429|dataStream:|priority:0, 1d4e4b2f-e6a0-4223-b62b-246b29415176|rpc:10.1.0.17:44219|dataStream:|priority:1, 9f3dcedd-2157-4ae4-b723-f54bfee8d9ce|rpc:10.1.0.17:40315|dataStream:|priority:0], old=null
2021-10-10 13:46:24,941 [Datanode State Machine Thread - 0] WARN  statemachine.StateContext (StateContext.java:execute(621)) - No available thread in pool for past 1 seconds.
2021-10-10 13:46:24,941 [1d4e4b2f-e6a0-4223-b62b-246b29415176@group-F44C8908778D-LeaderElection56] INFO  server.RaftServer$Division (ServerState.java:setLeader(285)) - 1d4e4b2f-e6a0-4223-b62b-246b29415176@group-F44C8908778D: change Leader from null to 1d4e4b2f-e6a0-4223-b62b-246b29415176 at term 1 for becomeLeader, leader elected after 5148ms
2021-10-10 13:46:24,961 [1d4e4b2f-e6a0-4223-b62b-246b29415176@group-F44C8908778D-LeaderElection56] INFO  server.RaftServerConfigKeys (ConfUtils.java:logGet(44)) - raft.server.staging.catchup.gap = 1000 (default)
2021-10-10 13:46:24,961 [1d4e4b2f-e6a0-4223-b62b-246b29415176@group-F44C8908778D-LeaderElection56] INFO  server.RaftServerConfigKeys (ConfUtils.java:logGet(44)) - raft.server.write.element-limit = 1024 (custom)
2021-10-10 13:46:24,961 [1d4e4b2f-e6a0-4223-b62b-246b29415176@group-F44C8908778D-LeaderElection56] INFO  server.RaftServerConfigKeys (ConfUtils.java:logGet(44)) - raft.server.write.byte-limit = 1024 M (=1073741824) (custom)
2021-10-10 13:46:24,961 [1d4e4b2f-e6a0-4223-b62b-246b29415176@group-F44C8908778D-LeaderElection56] INFO  server.RaftServerConfigKeys (ConfUtils.java:logGet(44)) - raft.server.watch.timeout = 3000ms (custom)
2021-10-10 13:46:24,962 [1d4e4b2f-e6a0-4223-b62b-246b29415176@group-F44C8908778D-LeaderElection56] INFO  server.RaftServerConfigKeys (ConfUtils.java:logGet(44)) - raft.server.watch.timeout.denomination = 1s (default)
2021-10-10 13:46:24,962 [1d4e4b2f-e6a0-4223-b62b-246b29415176@group-F44C8908778D-LeaderElection56] INFO  server.RaftServerConfigKeys (ConfUtils.java:logGet(44)) - raft.server.watch.element-limit = 65536 (default)
2021-10-10 13:46:24,962 [1d4e4b2f-e6a0-4223-b62b-246b29415176@group-F44C8908778D-LeaderElection56] INFO  impl.RoleInfo (RoleInfo.java:updateAndGet(130)) - 1d4e4b2f-e6a0-4223-b62b-246b29415176: start 1d4e4b2f-e6a0-4223-b62b-246b29415176@group-F44C8908778D-LeaderStateImpl
2021-10-10 13:46:24,962 [1d4e4b2f-e6a0-4223-b62b-246b29415176@group-F44C8908778D-LeaderElection56] INFO  segmented.SegmentedRaftLogWorker (SegmentedRaftLogWorker.java:startLogSegment(394)) - 1d4e4b2f-e6a0-4223-b62b-246b29415176@group-F44C8908778D-SegmentedRaftLogWorker: Starting segment from index:0
2021-10-10 13:46:24,965 [1d4e4b2f-e6a0-4223-b62b-246b29415176@group-F44C8908778D-SegmentedRaftLogWorker] INFO  segmented.SegmentedRaftLogWorker (SegmentedRaftLogWorker.java:execute(601)) - 1d4e4b2f-e6a0-4223-b62b-246b29415176@group-F44C8908778D-SegmentedRaftLogWorker: created new log segment /home/runner/work/ozone/ozone/hadoop-ozone/integration-test/target/test-dir/MiniOzoneClusterImpl-0f145d0e-b24d-4882-976e-a7baa8a64dfe/datanode-3/data/ratis/2bb0ad25-7e9d-4919-9f0c-f44c8908778d/current/log_inprogress_0
2021-10-10 13:46:24,968 [1d4e4b2f-e6a0-4223-b62b-246b29415176@group-F3E1136D39A0-LeaderElection55] INFO  impl.LeaderElection (LeaderElection.java:logAndReturn(89)) - 1d4e4b2f-e6a0-4223-b62b-246b29415176@group-F3E1136D39A0-LeaderElection55: ELECTION PASSED received 1 response(s) and 0 exception(s):
2021-10-10 13:46:24,968 [1d4e4b2f-e6a0-4223-b62b-246b29415176@group-F3E1136D39A0-LeaderElection55] INFO  impl.LeaderElection (LeaderElection.java:logAndReturn(93)) -   Response 0: 1d4e4b2f-e6a0-4223-b62b-246b29415176<-2432123a-b439-42d5-83b4-1981f0fa2384#0:OK-t1
2021-10-10 13:46:24,968 [1d4e4b2f-e6a0-4223-b62b-246b29415176@group-F3E1136D39A0-LeaderElection55] INFO  impl.LeaderElection (LeaderElection.java:askForVotes(308)) - 1d4e4b2f-e6a0-4223-b62b-246b29415176@group-F3E1136D39A0-LeaderElection55 ELECTION round 0: result PASSED
2021-10-10 13:46:24,968 [1d4e4b2f-e6a0-4223-b62b-246b29415176@group-F3E1136D39A0-LeaderElection55] INFO  impl.RoleInfo (RoleInfo.java:shutdownLeaderElection(121)) - 1d4e4b2f-e6a0-4223-b62b-246b29415176: shutdown 1d4e4b2f-e6a0-4223-b62b-246b29415176@group-F3E1136D39A0-LeaderElection55
2021-10-10 13:46:24,968 [1d4e4b2f-e6a0-4223-b62b-246b29415176@group-F3E1136D39A0-LeaderElection55] INFO  server.RaftServer$Division (RaftServerImpl.java:setRole(285)) - 1d4e4b2f-e6a0-4223-b62b-246b29415176@group-F3E1136D39A0: changes role from CANDIDATE to LEADER at term 1 for changeToLeader
2021-10-10 13:46:24,968 [1d4e4b2f-e6a0-4223-b62b-246b29415176@group-F3E1136D39A0-LeaderElection55] INFO  ratis.XceiverServerRatis (XceiverServerRatis.java:handleLeaderChangedNotification(861)) - Leader change notification received for group: group-F3E1136D39A0 with new leaderId: 1d4e4b2f-e6a0-4223-b62b-246b29415176
2021-10-10 13:46:24,968 [1d4e4b2f-e6a0-4223-b62b-246b29415176@group-F3E1136D39A0-LeaderElection55] INFO  server.RaftServer$Division (ServerState.java:setLeader(285)) - 1d4e4b2f-e6a0-4223-b62b-246b29415176@group-F3E1136D39A0: change Leader from null to 1d4e4b2f-e6a0-4223-b62b-246b29415176 at term 1 for becomeLeader, leader elected after 5176ms
2021-10-10 13:46:24,968 [1d4e4b2f-e6a0-4223-b62b-246b29415176@group-F3E1136D39A0-LeaderElection55] INFO  server.RaftServerConfigKeys (ConfUtils.java:logGet(44)) - raft.server.staging.catchup.gap = 1000 (default)
2021-10-10 13:46:24,968 [Datanode State Machine Thread - 0] WARN  statemachine.StateContext (StateContext.java:execute(621)) - No available thread in pool for past 1 seconds.
2021-10-10 13:46:24,969 [1d4e4b2f-e6a0-4223-b62b-246b29415176@group-F3E1136D39A0-LeaderElection55] INFO  server.RaftServerConfigKeys (ConfUtils.java:logGet(44)) - raft.server.write.element-limit = 1024 (custom)
2021-10-10 13:46:24,969 [1d4e4b2f-e6a0-4223-b62b-246b29415176@group-F3E1136D39A0-LeaderElection55] INFO  server.RaftServerConfigKeys (ConfUtils.java:logGet(44)) - raft.server.write.byte-limit = 1024 M (=1073741824) (custom)
2021-10-10 13:46:24,969 [1d4e4b2f-e6a0-4223-b62b-246b29415176@group-F3E1136D39A0-LeaderElection55] INFO  server.RaftServerConfigKeys (ConfUtils.java:logGet(44)) - raft.server.watch.timeout = 3000ms (custom)
2021-10-10 13:46:24,969 [1d4e4b2f-e6a0-4223-b62b-246b29415176@group-F3E1136D39A0-LeaderElection55] INFO  server.RaftServerConfigKeys (ConfUtils.java:logGet(44)) - raft.server.watch.timeout.denomination = 1s (default)
2021-10-10 13:46:24,969 [1d4e4b2f-e6a0-4223-b62b-246b29415176@group-F3E1136D39A0-LeaderElection55] INFO  server.RaftServerConfigKeys (ConfUtils.java:logGet(44)) - raft.server.watch.element-limit = 65536 (default)
2021-10-10 13:46:24,969 [1d4e4b2f-e6a0-4223-b62b-246b29415176@group-F3E1136D39A0-LeaderElection55] INFO  server.RaftServerConfigKeys (ConfUtils.java:logGet(44)) - raft.server.log.appender.snapshot.chunk.size.max = 16MB (=16777216) (default)
2021-10-10 13:46:24,970 [1d4e4b2f-e6a0-4223-b62b-246b29415176@group-F3E1136D39A0-LeaderElection55] INFO  server.RaftServerConfigKeys (ConfUtils.java:logGet(44)) - raft.server.log.appender.buffer.byte-limit = 33554432 (custom)
2021-10-10 13:46:24,970 [1d4e4b2f-e6a0-4223-b62b-246b29415176@group-F3E1136D39A0-LeaderElection55] INFO  server.RaftServerConfigKeys (ConfUtils.java:logGet(44)) - raft.server.log.appender.buffer.element-limit = 1 (custom)
2021-10-10 13:46:24,970 [1d4e4b2f-e6a0-4223-b62b-246b29415176@group-F3E1136D39A0-LeaderElection55] INFO  grpc.GrpcConfigKeys (ConfUtils.java:logGet(44)) - raft.grpc.server.leader.outstanding.appends.max = 128 (default)
2021-10-10 13:46:24,970 [1d4e4b2f-e6a0-4223-b62b-246b29415176@group-F3E1136D39A0-LeaderElection55] INFO  server.RaftServerConfigKeys (ConfUtils.java:logGet(44)) - raft.server.rpc.request.timeout = 3000ms (default)
2021-10-10 13:46:24,970 [1d4e4b2f-e6a0-4223-b62b-246b29415176@group-F3E1136D39A0-LeaderElection55] INFO  server.RaftServerConfigKeys (ConfUtils.java:logGet(44)) - raft.server.log.appender.install.snapshot.enabled = false (custom)
2021-10-10 13:46:24,974 [1d4e4b2f-e6a0-4223-b62b-246b29415176@group-F3E1136D39A0-LeaderElection55] INFO  server.RaftServerConfigKeys (ConfUtils.java:logGet(44)) - raft.server.log.appender.snapshot.chunk.size.max = 16MB (=16777216) (default)
2021-10-10 13:46:24,975 [EventQueue-PipelineReportForPipelineReportHandler] INFO  pipeline.PipelineManagerImpl (PipelineManagerImpl.java:openPipeline(282)) - Pipeline Pipeline[ Id: 16a067cd-1683-4cd8-a695-f3e1136d39a0, Nodes: 9f3dcedd-2157-4ae4-b723-f54bfee8d9ce{ip: 10.1.0.17, host: fv-az291-460.wgnan5asplgejimfprtllbpdch.jx.internal.cloudapp.net, ports: [REPLICATION=34857, RATIS=40315, RATIS_ADMIN=40315, RATIS_SERVER=40315, STANDALONE=44597], networkLocation: /default-rack, certSerialId: null, persistedOpState: IN_SERVICE, persistedOpStateExpiryEpochSec: 0}1d4e4b2f-e6a0-4223-b62b-246b29415176{ip: 10.1.0.17, host: fv-az291-460.wgnan5asplgejimfprtllbpdch.jx.internal.cloudapp.net, ports: [REPLICATION=42583, RATIS=44219, RATIS_ADMIN=44219, RATIS_SERVER=44219, STANDALONE=40233], networkLocation: /default-rack, certSerialId: null, persistedOpState: IN_SERVICE, persistedOpStateExpiryEpochSec: 0}2432123a-b439-42d5-83b4-1981f0fa2384{ip: 10.1.0.17, host: fv-az291-460.wgnan5asplgejimfprtllbpdch.jx.internal.cloudapp.net, ports: [REPLICATION=45645, RATIS=39429, RATIS_ADMIN=39429, RATIS_SERVER=39429, STANDALONE=45115], networkLocation: /default-rack, certSerialId: null, persistedOpState: IN_SERVICE, persistedOpStateExpiryEpochSec: 0}, ReplicationConfig: RATIS/THREE, State:ALLOCATED, leaderId:1d4e4b2f-e6a0-4223-b62b-246b29415176, CreationTimestamp2021-10-10T13:46:17.371Z[Etc/UTC]] moved to OPEN state
2021-10-10 13:46:24,981 [1d4e4b2f-e6a0-4223-b62b-246b29415176@group-F44C8908778D-LeaderElection56] INFO  server.RaftServer$Division (ServerState.java:setRaftConf(387)) - 1d4e4b2f-e6a0-4223-b62b-246b29415176@group-F44C8908778D: set configuration 0: [1d4e4b2f-e6a0-4223-b62b-246b29415176|rpc:10.1.0.17:44219|dataStream:|priority:1], old=null
2021-10-10 13:46:24,978 [1d4e4b2f-e6a0-4223-b62b-246b29415176@group-F3E1136D39A0-LeaderElection55] INFO  server.RaftServerConfigKeys (ConfUtils.java:logGet(44)) - raft.server.log.appender.buffer.byte-limit = 33554432 (custom)
2021-10-10 13:46:24,981 [1d4e4b2f-e6a0-4223-b62b-246b29415176@group-F3E1136D39A0-LeaderElection55] INFO  server.RaftServerConfigKeys (ConfUtils.java:logGet(44)) - raft.server.log.appender.buffer.element-limit = 1 (custom)
2021-10-10 13:46:24,982 [1d4e4b2f-e6a0-4223-b62b-246b29415176@group-F3E1136D39A0-LeaderElection55] INFO  grpc.GrpcConfigKeys (ConfUtils.java:logGet(44)) - raft.grpc.server.leader.outstanding.appends.max = 128 (default)
2021-10-10 13:46:24,982 [1d4e4b2f-e6a0-4223-b62b-246b29415176@group-F3E1136D39A0-LeaderElection55] INFO  server.RaftServerConfigKeys (ConfUtils.java:logGet(44)) - raft.server.rpc.request.timeout = 3000ms (default)
2021-10-10 13:46:24,982 [1d4e4b2f-e6a0-4223-b62b-246b29415176@group-F3E1136D39A0-LeaderElection55] INFO  server.RaftServerConfigKeys (ConfUtils.java:logGet(44)) - raft.server.log.appender.install.snapshot.enabled = false (custom)
2021-10-10 13:46:24,983 [1d4e4b2f-e6a0-4223-b62b-246b29415176@group-F3E1136D39A0-LeaderElection55] INFO  impl.RoleInfo (RoleInfo.java:updateAndGet(130)) - 1d4e4b2f-e6a0-4223-b62b-246b29415176: start 1d4e4b2f-e6a0-4223-b62b-246b29415176@group-F3E1136D39A0-LeaderStateImpl
2021-10-10 13:46:24,983 [1d4e4b2f-e6a0-4223-b62b-246b29415176@group-F3E1136D39A0-LeaderElection55] INFO  segmented.SegmentedRaftLogWorker (SegmentedRaftLogWorker.java:startLogSegment(394)) - 1d4e4b2f-e6a0-4223-b62b-246b29415176@group-F3E1136D39A0-SegmentedRaftLogWorker: Starting segment from index:0
2021-10-10 13:46:24,984 [9f3dcedd-2157-4ae4-b723-f54bfee8d9ce@group-F3E1136D39A0-FollowerState] INFO  impl.FollowerState (FollowerState.java:run(134)) - 9f3dcedd-2157-4ae4-b723-f54bfee8d9ce@group-F3E1136D39A0-FollowerState: change to CANDIDATE, lastRpcElapsedTime:5003979783ns, electionTimeout:5003ms
2021-10-10 13:46:24,984 [9f3dcedd-2157-4ae4-b723-f54bfee8d9ce@group-F3E1136D39A0-FollowerState] INFO  impl.RoleInfo (RoleInfo.java:shutdownFollowerState(108)) - 9f3dcedd-2157-4ae4-b723-f54bfee8d9ce: shutdown 9f3dcedd-2157-4ae4-b723-f54bfee8d9ce@group-F3E1136D39A0-FollowerState
2021-10-10 13:46:24,984 [9f3dcedd-2157-4ae4-b723-f54bfee8d9ce@group-F3E1136D39A0-FollowerState] INFO  server.RaftServer$Division (RaftServerImpl.java:setRole(285)) - 9f3dcedd-2157-4ae4-b723-f54bfee8d9ce@group-F3E1136D39A0: changes role from  FOLLOWER to CANDIDATE at term 0 for changeToCandidate
2021-10-10 13:46:24,986 [9f3dcedd-2157-4ae4-b723-f54bfee8d9ce@group-F3E1136D39A0-FollowerState] INFO  server.RaftServerConfigKeys (ConfUtils.java:logGet(44)) - raft.server.leaderelection.pre-vote = false (custom)
2021-10-10 13:46:24,986 [9f3dcedd-2157-4ae4-b723-f54bfee8d9ce@group-F3E1136D39A0-FollowerState] INFO  impl.RoleInfo (RoleInfo.java:updateAndGet(130)) - 9f3dcedd-2157-4ae4-b723-f54bfee8d9ce: start 9f3dcedd-2157-4ae4-b723-f54bfee8d9ce@group-F3E1136D39A0-LeaderElection57
2021-10-10 13:46:25,007 [grpc-default-executor-6] INFO  server.RaftServer$Division (RaftServerImpl.java:requestVote(1043)) - 9f3dcedd-2157-4ae4-b723-f54bfee8d9ce@group-F3E1136D39A0: receive requestVote(ELECTION, 1d4e4b2f-e6a0-4223-b62b-246b29415176, group-F3E1136D39A0, 1, (t:0, i:0))
2021-10-10 13:46:25,010 [grpc-default-executor-6] INFO  impl.VoteContext (VoteContext.java:log(48)) - 9f3dcedd-2157-4ae4-b723-f54bfee8d9ce@group-F3E1136D39A0-CANDIDATE: accept ELECTION from 1d4e4b2f-e6a0-4223-b62b-246b29415176: our priority 0 <= candidate's priority 1
2021-10-10 13:46:25,010 [grpc-default-executor-6] INFO  server.RaftServer$Division (RaftServerImpl.java:setRole(285)) - 9f3dcedd-2157-4ae4-b723-f54bfee8d9ce@group-F3E1136D39A0: changes role from CANDIDATE to FOLLOWER at term 1 for candidate:1d4e4b2f-e6a0-4223-b62b-246b29415176
2021-10-10 13:46:25,010 [grpc-default-executor-6] INFO  impl.RoleInfo (RoleInfo.java:shutdownLeaderElection(121)) - 9f3dcedd-2157-4ae4-b723-f54bfee8d9ce: shutdown 9f3dcedd-2157-4ae4-b723-f54bfee8d9ce@group-F3E1136D39A0-LeaderElection57
2021-10-10 13:46:25,010 [grpc-default-executor-6] INFO  impl.RoleInfo (RoleInfo.java:updateAndGet(130)) - 9f3dcedd-2157-4ae4-b723-f54bfee8d9ce: start 9f3dcedd-2157-4ae4-b723-f54bfee8d9ce@group-F3E1136D39A0-FollowerState
2021-10-10 13:46:25,012 [9f3dcedd-2157-4ae4-b723-f54bfee8d9ce@group-F3E1136D39A0-LeaderElection57] INFO  impl.LeaderElection (LeaderElection.java:run(230)) - 9f3dcedd-2157-4ae4-b723-f54bfee8d9ce@group-F3E1136D39A0-LeaderElection57: skip running since this is already CLOSING
2021-10-10 13:46:25,013 [grpc-default-executor-6] INFO  server.RaftServer$Division (RaftServerImpl.java:requestVote(1075)) - 9f3dcedd-2157-4ae4-b723-f54bfee8d9ce@group-F3E1136D39A0 replies to ELECTION vote request: 1d4e4b2f-e6a0-4223-b62b-246b29415176<-9f3dcedd-2157-4ae4-b723-f54bfee8d9ce#0:OK-t1. Peer's state: 9f3dcedd-2157-4ae4-b723-f54bfee8d9ce@group-F3E1136D39A0:t1, leader=null, voted=1d4e4b2f-e6a0-4223-b62b-246b29415176, raftlog=9f3dcedd-2157-4ae4-b723-f54bfee8d9ce@group-F3E1136D39A0-SegmentedRaftLog:OPENED:c-1,f-1,i0, conf=-1: [2432123a-b439-42d5-83b4-1981f0fa2384|rpc:10.1.0.17:39429|dataStream:|priority:0, 1d4e4b2f-e6a0-4223-b62b-246b29415176|rpc:10.1.0.17:44219|dataStream:|priority:1, 9f3dcedd-2157-4ae4-b723-f54bfee8d9ce|rpc:10.1.0.17:40315|dataStream:|priority:0], old=null
2021-10-10 13:46:25,014 [1d4e4b2f-e6a0-4223-b62b-246b29415176@group-F3E1136D39A0-SegmentedRaftLogWorker] INFO  segmented.SegmentedRaftLogWorker (SegmentedRaftLogWorker.java:execute(601)) - 1d4e4b2f-e6a0-4223-b62b-246b29415176@group-F3E1136D39A0-SegmentedRaftLogWorker: created new log segment /home/runner/work/ozone/ozone/hadoop-ozone/integration-test/target/test-dir/MiniOzoneClusterImpl-0f145d0e-b24d-4882-976e-a7baa8a64dfe/datanode-3/data/ratis/16a067cd-1683-4cd8-a695-f3e1136d39a0/current/log_inprogress_0
2021-10-10 13:46:25,043 [grpc-default-executor-4] INFO  ratis.XceiverServerRatis (XceiverServerRatis.java:handleLeaderChangedNotification(861)) - Leader change notification received for group: group-F3E1136D39A0 with new leaderId: 1d4e4b2f-e6a0-4223-b62b-246b29415176
2021-10-10 13:46:25,043 [grpc-default-executor-4] INFO  server.RaftServer$Division (ServerState.java:setLeader(285)) - 2432123a-b439-42d5-83b4-1981f0fa2384@group-F3E1136D39A0: change Leader from null to 1d4e4b2f-e6a0-4223-b62b-246b29415176 at term 1 for appendEntries, leader elected after 4928ms
2021-10-10 13:46:25,043 [1d4e4b2f-e6a0-4223-b62b-246b29415176@group-F3E1136D39A0-LeaderElection55] INFO  server.RaftServer$Division (ServerState.java:setRaftConf(387)) - 1d4e4b2f-e6a0-4223-b62b-246b29415176@group-F3E1136D39A0: set configuration 0: [2432123a-b439-42d5-83b4-1981f0fa2384|rpc:10.1.0.17:39429|dataStream:|priority:0, 1d4e4b2f-e6a0-4223-b62b-246b29415176|rpc:10.1.0.17:44219|dataStream:|priority:1, 9f3dcedd-2157-4ae4-b723-f54bfee8d9ce|rpc:10.1.0.17:40315|dataStream:|priority:0], old=null
2021-10-10 13:46:25,048 [grpc-default-executor-4] INFO  server.RaftServer$Division (ServerState.java:setRaftConf(387)) - 2432123a-b439-42d5-83b4-1981f0fa2384@group-F3E1136D39A0: set configuration 0: [2432123a-b439-42d5-83b4-1981f0fa2384|rpc:10.1.0.17:39429|dataStream:|priority:0, 1d4e4b2f-e6a0-4223-b62b-246b29415176|rpc:10.1.0.17:44219|dataStream:|priority:1, 9f3dcedd-2157-4ae4-b723-f54bfee8d9ce|rpc:10.1.0.17:40315|dataStream:|priority:0], old=null
2021-10-10 13:46:25,048 [grpc-default-executor-4] INFO  segmented.SegmentedRaftLogWorker (SegmentedRaftLogWorker.java:startLogSegment(394)) - 2432123a-b439-42d5-83b4-1981f0fa2384@group-F3E1136D39A0-SegmentedRaftLogWorker: Starting segment from index:0
2021-10-10 13:46:25,054 [grpc-default-executor-4] INFO  ratis.XceiverServerRatis (XceiverServerRatis.java:handleLeaderChangedNotification(861)) - Leader change notification received for group: group-F3E1136D39A0 with new leaderId: 1d4e4b2f-e6a0-4223-b62b-246b29415176
2021-10-10 13:46:25,054 [grpc-default-executor-4] INFO  server.RaftServer$Division (ServerState.java:setLeader(285)) - 9f3dcedd-2157-4ae4-b723-f54bfee8d9ce@group-F3E1136D39A0: change Leader from null to 1d4e4b2f-e6a0-4223-b62b-246b29415176 at term 1 for appendEntries, leader elected after 5096ms
2021-10-10 13:46:25,056 [2432123a-b439-42d5-83b4-1981f0fa2384@group-F3E1136D39A0-SegmentedRaftLogWorker] INFO  segmented.SegmentedRaftLogWorker (SegmentedRaftLogWorker.java:execute(601)) - 2432123a-b439-42d5-83b4-1981f0fa2384@group-F3E1136D39A0-SegmentedRaftLogWorker: created new log segment /home/runner/work/ozone/ozone/hadoop-ozone/integration-test/target/test-dir/MiniOzoneClusterImpl-0f145d0e-b24d-4882-976e-a7baa8a64dfe/datanode-5/data/ratis/16a067cd-1683-4cd8-a695-f3e1136d39a0/current/log_inprogress_0
2021-10-10 13:46:25,061 [grpc-default-executor-4] INFO  server.RaftServer$Division (ServerState.java:setRaftConf(387)) - 9f3dcedd-2157-4ae4-b723-f54bfee8d9ce@group-F3E1136D39A0: set configuration 0: [2432123a-b439-42d5-83b4-1981f0fa2384|rpc:10.1.0.17:39429|dataStream:|priority:0, 1d4e4b2f-e6a0-4223-b62b-246b29415176|rpc:10.1.0.17:44219|dataStream:|priority:1, 9f3dcedd-2157-4ae4-b723-f54bfee8d9ce|rpc:10.1.0.17:40315|dataStream:|priority:0], old=null
2021-10-10 13:46:25,062 [grpc-default-executor-4] INFO  segmented.SegmentedRaftLogWorker (SegmentedRaftLogWorker.java:startLogSegment(394)) - 9f3dcedd-2157-4ae4-b723-f54bfee8d9ce@group-F3E1136D39A0-SegmentedRaftLogWorker: Starting segment from index:0
2021-10-10 13:46:25,063 [9f3dcedd-2157-4ae4-b723-f54bfee8d9ce@group-F3E1136D39A0-SegmentedRaftLogWorker] INFO  segmented.SegmentedRaftLogWorker (SegmentedRaftLogWorker.java:execute(601)) - 9f3dcedd-2157-4ae4-b723-f54bfee8d9ce@group-F3E1136D39A0-SegmentedRaftLogWorker: created new log segment /home/runner/work/ozone/ozone/hadoop-ozone/integration-test/target/test-dir/MiniOzoneClusterImpl-0f145d0e-b24d-4882-976e-a7baa8a64dfe/datanode-4/data/ratis/16a067cd-1683-4cd8-a695-f3e1136d39a0/current/log_inprogress_0
2021-10-10 13:46:25,394 [9f3dcedd-2157-4ae4-b723-f54bfee8d9ce@group-7DFFF592C791-FollowerState] INFO  impl.FollowerState (FollowerState.java:run(134)) - 9f3dcedd-2157-4ae4-b723-f54bfee8d9ce@group-7DFFF592C791-FollowerState: change to CANDIDATE, lastRpcElapsedTime:5187409101ns, electionTimeout:5173ms
2021-10-10 13:46:25,394 [9f3dcedd-2157-4ae4-b723-f54bfee8d9ce@group-7DFFF592C791-FollowerState] INFO  impl.RoleInfo (RoleInfo.java:shutdownFollowerState(108)) - 9f3dcedd-2157-4ae4-b723-f54bfee8d9ce: shutdown 9f3dcedd-2157-4ae4-b723-f54bfee8d9ce@group-7DFFF592C791-FollowerState
2021-10-10 13:46:25,394 [9f3dcedd-2157-4ae4-b723-f54bfee8d9ce@group-7DFFF592C791-FollowerState] INFO  server.RaftServer$Division (RaftServerImpl.java:setRole(285)) - 9f3dcedd-2157-4ae4-b723-f54bfee8d9ce@group-7DFFF592C791: changes role from  FOLLOWER to CANDIDATE at term 0 for changeToCandidate
2021-10-10 13:46:25,394 [9f3dcedd-2157-4ae4-b723-f54bfee8d9ce@group-7DFFF592C791-FollowerState] INFO  server.RaftServerConfigKeys (ConfUtils.java:logGet(44)) - raft.server.leaderelection.pre-vote = false (custom)
2021-10-10 13:46:25,395 [9f3dcedd-2157-4ae4-b723-f54bfee8d9ce@group-7DFFF592C791-FollowerState] INFO  impl.RoleInfo (RoleInfo.java:updateAndGet(130)) - 9f3dcedd-2157-4ae4-b723-f54bfee8d9ce: start 9f3dcedd-2157-4ae4-b723-f54bfee8d9ce@group-7DFFF592C791-LeaderElection58
2021-10-10 13:46:25,410 [9f3dcedd-2157-4ae4-b723-f54bfee8d9ce@group-7DFFF592C791-LeaderElection58] INFO  impl.LeaderElection (LeaderElection.java:askForVotes(306)) - 9f3dcedd-2157-4ae4-b723-f54bfee8d9ce@group-7DFFF592C791-LeaderElection58 ELECTION round 0: submit vote requests at term 1 for -1: [9f3dcedd-2157-4ae4-b723-f54bfee8d9ce|rpc:10.1.0.17:40315|priority:1], old=null
2021-10-10 13:46:25,410 [9f3dcedd-2157-4ae4-b723-f54bfee8d9ce@group-7DFFF592C791-LeaderElection58] INFO  impl.LeaderElection (LeaderElection.java:askForVotes(308)) - 9f3dcedd-2157-4ae4-b723-f54bfee8d9ce@group-7DFFF592C791-LeaderElection58 ELECTION round 0: result PASSED (term=1)
2021-10-10 13:46:25,410 [9f3dcedd-2157-4ae4-b723-f54bfee8d9ce@group-7DFFF592C791-LeaderElection58] INFO  impl.RoleInfo (RoleInfo.java:shutdownLeaderElection(121)) - 9f3dcedd-2157-4ae4-b723-f54bfee8d9ce: shutdown 9f3dcedd-2157-4ae4-b723-f54bfee8d9ce@group-7DFFF592C791-LeaderElection58
2021-10-10 13:46:25,410 [9f3dcedd-2157-4ae4-b723-f54bfee8d9ce@group-7DFFF592C791-LeaderElection58] INFO  server.RaftServer$Division (RaftServerImpl.java:setRole(285)) - 9f3dcedd-2157-4ae4-b723-f54bfee8d9ce@group-7DFFF592C791: changes role from CANDIDATE to LEADER at term 1 for changeToLeader
2021-10-10 13:46:25,410 [9f3dcedd-2157-4ae4-b723-f54bfee8d9ce@group-7DFFF592C791-LeaderElection58] INFO  ratis.XceiverServerRatis (XceiverServerRatis.java:handleLeaderChangedNotification(861)) - Leader change notification received for group: group-7DFFF592C791 with new leaderId: 9f3dcedd-2157-4ae4-b723-f54bfee8d9ce
2021-10-10 13:46:25,410 [9f3dcedd-2157-4ae4-b723-f54bfee8d9ce@group-7DFFF592C791-LeaderElection58] INFO  server.RaftServer$Division (ServerState.java:setLeader(285)) - 9f3dcedd-2157-4ae4-b723-f54bfee8d9ce@group-7DFFF592C791: change Leader from null to 9f3dcedd-2157-4ae4-b723-f54bfee8d9ce at term 1 for becomeLeader, leader elected after 5234ms
2021-10-10 13:46:25,410 [9f3dcedd-2157-4ae4-b723-f54bfee8d9ce@group-7DFFF592C791-LeaderElection58] INFO  server.RaftServerConfigKeys (ConfUtils.java:logGet(44)) - raft.server.staging.catchup.gap = 1000 (default)
2021-10-10 13:46:25,410 [Datanode State Machine Thread - 0] WARN  statemachine.StateContext (StateContext.java:execute(621)) - No available thread in pool for past 1 seconds.
2021-10-10 13:46:25,420 [9f3dcedd-2157-4ae4-b723-f54bfee8d9ce@group-7DFFF592C791-LeaderElection58] INFO  server.RaftServerConfigKeys (ConfUtils.java:logGet(44)) - raft.server.write.element-limit = 1024 (custom)
2021-10-10 13:46:25,420 [9f3dcedd-2157-4ae4-b723-f54bfee8d9ce@group-7DFFF592C791-LeaderElection58] INFO  server.RaftServerConfigKeys (ConfUtils.java:logGet(44)) - raft.server.write.byte-limit = 1024 M (=1073741824) (custom)
2021-10-10 13:46:25,420 [9f3dcedd-2157-4ae4-b723-f54bfee8d9ce@group-7DFFF592C791-LeaderElection58] INFO  server.RaftServerConfigKeys (ConfUtils.java:logGet(44)) - raft.server.watch.timeout = 3000ms (custom)
2021-10-10 13:46:25,420 [9f3dcedd-2157-4ae4-b723-f54bfee8d9ce@group-7DFFF592C791-LeaderElection58] INFO  server.RaftServerConfigKeys (ConfUtils.java:logGet(44)) - raft.server.watch.timeout.denomination = 1s (default)
2021-10-10 13:46:25,420 [9f3dcedd-2157-4ae4-b723-f54bfee8d9ce@group-7DFFF592C791-LeaderElection58] INFO  server.RaftServerConfigKeys (ConfUtils.java:logGet(44)) - raft.server.watch.element-limit = 65536 (default)
2021-10-10 13:46:25,424 [9f3dcedd-2157-4ae4-b723-f54bfee8d9ce@group-7DFFF592C791-LeaderElection58] INFO  impl.RoleInfo (RoleInfo.java:updateAndGet(130)) - 9f3dcedd-2157-4ae4-b723-f54bfee8d9ce: start 9f3dcedd-2157-4ae4-b723-f54bfee8d9ce@group-7DFFF592C791-LeaderStateImpl
2021-10-10 13:46:25,424 [9f3dcedd-2157-4ae4-b723-f54bfee8d9ce@group-7DFFF592C791-LeaderElection58] INFO  segmented.SegmentedRaftLogWorker (SegmentedRaftLogWorker.java:startLogSegment(394)) - 9f3dcedd-2157-4ae4-b723-f54bfee8d9ce@group-7DFFF592C791-SegmentedRaftLogWorker: Starting segment from index:0
2021-10-10 13:46:25,437 [2432123a-b439-42d5-83b4-1981f0fa2384@group-2C5645E41BD7-FollowerState] INFO  impl.FollowerState (FollowerState.java:run(134)) - 2432123a-b439-42d5-83b4-1981f0fa2384@group-2C5645E41BD7-FollowerState: change to CANDIDATE, lastRpcElapsedTime:5037024512ns, electionTimeout:5036ms
2021-10-10 13:46:25,438 [2432123a-b439-42d5-83b4-1981f0fa2384@group-2C5645E41BD7-FollowerState] INFO  impl.RoleInfo (RoleInfo.java:shutdownFollowerState(108)) - 2432123a-b439-42d5-83b4-1981f0fa2384: shutdown 2432123a-b439-42d5-83b4-1981f0fa2384@group-2C5645E41BD7-FollowerState
2021-10-10 13:46:25,438 [2432123a-b439-42d5-83b4-1981f0fa2384@group-2C5645E41BD7-FollowerState] INFO  server.RaftServer$Division (RaftServerImpl.java:setRole(285)) - 2432123a-b439-42d5-83b4-1981f0fa2384@group-2C5645E41BD7: changes role from  FOLLOWER to CANDIDATE at term 0 for changeToCandidate
2021-10-10 13:46:25,452 [9f3dcedd-2157-4ae4-b723-f54bfee8d9ce@group-7DFFF592C791-SegmentedRaftLogWorker] INFO  segmented.SegmentedRaftLogWorker (SegmentedRaftLogWorker.java:execute(601)) - 9f3dcedd-2157-4ae4-b723-f54bfee8d9ce@group-7DFFF592C791-SegmentedRaftLogWorker: created new log segment /home/runner/work/ozone/ozone/hadoop-ozone/integration-test/target/test-dir/MiniOzoneClusterImpl-0f145d0e-b24d-4882-976e-a7baa8a64dfe/datanode-4/data/ratis/8bf488a0-0968-47a6-ae95-7dfff592c791/current/log_inprogress_0
2021-10-10 13:46:25,455 [9f3dcedd-2157-4ae4-b723-f54bfee8d9ce@group-7DFFF592C791-LeaderElection58] INFO  server.RaftServer$Division (ServerState.java:setRaftConf(387)) - 9f3dcedd-2157-4ae4-b723-f54bfee8d9ce@group-7DFFF592C791: set configuration 0: [9f3dcedd-2157-4ae4-b723-f54bfee8d9ce|rpc:10.1.0.17:40315|dataStream:|priority:1], old=null
2021-10-10 13:46:25,457 [2432123a-b439-42d5-83b4-1981f0fa2384@group-2C5645E41BD7-FollowerState] INFO  server.RaftServerConfigKeys (ConfUtils.java:logGet(44)) - raft.server.leaderelection.pre-vote = false (custom)
2021-10-10 13:46:25,457 [2432123a-b439-42d5-83b4-1981f0fa2384@group-2C5645E41BD7-FollowerState] INFO  impl.RoleInfo (RoleInfo.java:updateAndGet(130)) - 2432123a-b439-42d5-83b4-1981f0fa2384: start 2432123a-b439-42d5-83b4-1981f0fa2384@group-2C5645E41BD7-LeaderElection59
2021-10-10 13:46:25,473 [9f3dcedd-2157-4ae4-b723-f54bfee8d9ce@group-EF7FE1329C44-FollowerState] INFO  impl.FollowerState (FollowerState.java:run(134)) - 9f3dcedd-2157-4ae4-b723-f54bfee8d9ce@group-EF7FE1329C44-FollowerState: change to CANDIDATE, lastRpcElapsedTime:5182750682ns, electionTimeout:5166ms
2021-10-10 13:46:25,473 [9f3dcedd-2157-4ae4-b723-f54bfee8d9ce@group-EF7FE1329C44-FollowerState] INFO  impl.RoleInfo (RoleInfo.java:shutdownFollowerState(108)) - 9f3dcedd-2157-4ae4-b723-f54bfee8d9ce: shutdown 9f3dcedd-2157-4ae4-b723-f54bfee8d9ce@group-EF7FE1329C44-FollowerState
2021-10-10 13:46:25,473 [9f3dcedd-2157-4ae4-b723-f54bfee8d9ce@group-EF7FE1329C44-FollowerState] INFO  server.RaftServer$Division (RaftServerImpl.java:setRole(285)) - 9f3dcedd-2157-4ae4-b723-f54bfee8d9ce@group-EF7FE1329C44: changes role from  FOLLOWER to CANDIDATE at term 0 for changeToCandidate
2021-10-10 13:46:25,474 [9f3dcedd-2157-4ae4-b723-f54bfee8d9ce@group-EF7FE1329C44-FollowerState] INFO  server.RaftServerConfigKeys (ConfUtils.java:logGet(44)) - raft.server.leaderelection.pre-vote = false (custom)
2021-10-10 13:46:25,474 [9f3dcedd-2157-4ae4-b723-f54bfee8d9ce@group-EF7FE1329C44-FollowerState] INFO  impl.RoleInfo (RoleInfo.java:updateAndGet(130)) - 9f3dcedd-2157-4ae4-b723-f54bfee8d9ce: start 9f3dcedd-2157-4ae4-b723-f54bfee8d9ce@group-EF7FE1329C44-LeaderElection60
2021-10-10 13:46:25,489 [2432123a-b439-42d5-83b4-1981f0fa2384@group-2C5645E41BD7-LeaderElection59] INFO  impl.LeaderElection (LeaderElection.java:askForVotes(306)) - 2432123a-b439-42d5-83b4-1981f0fa2384@group-2C5645E41BD7-LeaderElection59 ELECTION round 0: submit vote requests at term 1 for -1: [2432123a-b439-42d5-83b4-1981f0fa2384|rpc:10.1.0.17:39429|priority:1], old=null
2021-10-10 13:46:25,489 [2432123a-b439-42d5-83b4-1981f0fa2384@group-2C5645E41BD7-LeaderElection59] INFO  impl.LeaderElection (LeaderElection.java:askForVotes(308)) - 2432123a-b439-42d5-83b4-1981f0fa2384@group-2C5645E41BD7-LeaderElection59 ELECTION round 0: result PASSED (term=1)
2021-10-10 13:46:25,489 [2432123a-b439-42d5-83b4-1981f0fa2384@group-2C5645E41BD7-LeaderElection59] INFO  impl.RoleInfo (RoleInfo.java:shutdownLeaderElection(121)) - 2432123a-b439-42d5-83b4-1981f0fa2384: shutdown 2432123a-b439-42d5-83b4-1981f0fa2384@group-2C5645E41BD7-LeaderElection59
2021-10-10 13:46:25,489 [2432123a-b439-42d5-83b4-1981f0fa2384@group-2C5645E41BD7-LeaderElection59] INFO  server.RaftServer$Division (RaftServerImpl.java:setRole(285)) - 2432123a-b439-42d5-83b4-1981f0fa2384@group-2C5645E41BD7: changes role from CANDIDATE to LEADER at term 1 for changeToLeader
2021-10-10 13:46:25,489 [2432123a-b439-42d5-83b4-1981f0fa2384@group-2C5645E41BD7-LeaderElection59] INFO  ratis.XceiverServerRatis (XceiverServerRatis.java:handleLeaderChangedNotification(861)) - Leader change notification received for group: group-2C5645E41BD7 with new leaderId: 2432123a-b439-42d5-83b4-1981f0fa2384
2021-10-10 13:46:25,489 [2432123a-b439-42d5-83b4-1981f0fa2384@group-2C5645E41BD7-LeaderElection59] INFO  server.RaftServer$Division (ServerState.java:setLeader(285)) - 2432123a-b439-42d5-83b4-1981f0fa2384@group-2C5645E41BD7: change Leader from null to 2432123a-b439-42d5-83b4-1981f0fa2384 at term 1 for becomeLeader, leader elected after 5112ms
2021-10-10 13:46:25,489 [2432123a-b439-42d5-83b4-1981f0fa2384@group-2C5645E41BD7-LeaderElection59] INFO  server.RaftServerConfigKeys (ConfUtils.java:logGet(44)) - raft.server.staging.catchup.gap = 1000 (default)
2021-10-10 13:46:25,489 [2432123a-b439-42d5-83b4-1981f0fa2384@group-2C5645E41BD7-LeaderElection59] INFO  server.RaftServerConfigKeys (ConfUtils.java:logGet(44)) - raft.server.write.element-limit = 1024 (custom)
2021-10-10 13:46:25,489 [2432123a-b439-42d5-83b4-1981f0fa2384@group-2C5645E41BD7-LeaderElection59] INFO  server.RaftServerConfigKeys (ConfUtils.java:logGet(44)) - raft.server.write.byte-limit = 1024 M (=1073741824) (custom)
2021-10-10 13:46:25,490 [2432123a-b439-42d5-83b4-1981f0fa2384@group-2C5645E41BD7-LeaderElection59] INFO  server.RaftServerConfigKeys (ConfUtils.java:logGet(44)) - raft.server.watch.timeout = 3000ms (custom)
2021-10-10 13:46:25,490 [2432123a-b439-42d5-83b4-1981f0fa2384@group-2C5645E41BD7-LeaderElection59] INFO  server.RaftServerConfigKeys (ConfUtils.java:logGet(44)) - raft.server.watch.timeout.denomination = 1s (default)
2021-10-10 13:46:25,490 [2432123a-b439-42d5-83b4-1981f0fa2384@group-2C5645E41BD7-LeaderElection59] INFO  server.RaftServerConfigKeys (ConfUtils.java:logGet(44)) - raft.server.watch.element-limit = 65536 (default)
2021-10-10 13:46:25,490 [2432123a-b439-42d5-83b4-1981f0fa2384@group-2C5645E41BD7-LeaderElection59] INFO  impl.RoleInfo (RoleInfo.java:updateAndGet(130)) - 2432123a-b439-42d5-83b4-1981f0fa2384: start 2432123a-b439-42d5-83b4-1981f0fa2384@group-2C5645E41BD7-LeaderStateImpl
2021-10-10 13:46:25,490 [2432123a-b439-42d5-83b4-1981f0fa2384@group-2C5645E41BD7-LeaderElection59] INFO  segmented.SegmentedRaftLogWorker (SegmentedRaftLogWorker.java:startLogSegment(394)) - 2432123a-b439-42d5-83b4-1981f0fa2384@group-2C5645E41BD7-SegmentedRaftLogWorker: Starting segment from index:0
2021-10-10 13:46:25,492 [Datanode State Machine Thread - 0] WARN  statemachine.StateContext (StateContext.java:execute(621)) - No available thread in pool for past 1 seconds.
2021-10-10 13:46:25,492 [1d4e4b2f-e6a0-4223-b62b-246b29415176@group-EF7FE1329C44-FollowerState] INFO  impl.FollowerState (FollowerState.java:run(134)) - 1d4e4b2f-e6a0-4223-b62b-246b29415176@group-EF7FE1329C44-FollowerState: change to CANDIDATE, lastRpcElapsedTime:5186905999ns, electionTimeout:5163ms
2021-10-10 13:46:25,492 [1d4e4b2f-e6a0-4223-b62b-246b29415176@group-EF7FE1329C44-FollowerState] INFO  impl.RoleInfo (RoleInfo.java:shutdownFollowerState(108)) - 1d4e4b2f-e6a0-4223-b62b-246b29415176: shutdown 1d4e4b2f-e6a0-4223-b62b-246b29415176@group-EF7FE1329C44-FollowerState
2021-10-10 13:46:25,492 [1d4e4b2f-e6a0-4223-b62b-246b29415176@group-EF7FE1329C44-FollowerState] INFO  server.RaftServer$Division (RaftServerImpl.java:setRole(285)) - 1d4e4b2f-e6a0-4223-b62b-246b29415176@group-EF7FE1329C44: changes role from  FOLLOWER to CANDIDATE at term 0 for changeToCandidate
2021-10-10 13:46:25,492 [1d4e4b2f-e6a0-4223-b62b-246b29415176@group-EF7FE1329C44-FollowerState] INFO  server.RaftServerConfigKeys (ConfUtils.java:logGet(44)) - raft.server.leaderelection.pre-vote = false (custom)
2021-10-10 13:46:25,493 [1d4e4b2f-e6a0-4223-b62b-246b29415176@group-EF7FE1329C44-FollowerState] INFO  impl.RoleInfo (RoleInfo.java:updateAndGet(130)) - 1d4e4b2f-e6a0-4223-b62b-246b29415176: start 1d4e4b2f-e6a0-4223-b62b-246b29415176@group-EF7FE1329C44-LeaderElection61
2021-10-10 13:46:25,496 [2432123a-b439-42d5-83b4-1981f0fa2384@group-2C5645E41BD7-SegmentedRaftLogWorker] INFO  segmented.SegmentedRaftLogWorker (SegmentedRaftLogWorker.java:execute(601)) - 2432123a-b439-42d5-83b4-1981f0fa2384@group-2C5645E41BD7-SegmentedRaftLogWorker: created new log segment /home/runner/work/ozone/ozone/hadoop-ozone/integration-test/target/test-dir/MiniOzoneClusterImpl-0f145d0e-b24d-4882-976e-a7baa8a64dfe/datanode-5/data/ratis/aad80fe2-f9ff-445d-961c-2c5645e41bd7/current/log_inprogress_0
2021-10-10 13:46:25,500 [2432123a-b439-42d5-83b4-1981f0fa2384@group-2C5645E41BD7-LeaderElection59] INFO  server.RaftServer$Division (ServerState.java:setRaftConf(387)) - 2432123a-b439-42d5-83b4-1981f0fa2384@group-2C5645E41BD7: set configuration 0: [2432123a-b439-42d5-83b4-1981f0fa2384|rpc:10.1.0.17:39429|dataStream:|priority:1], old=null
2021-10-10 13:46:25,515 [1d4e4b2f-e6a0-4223-b62b-246b29415176@group-EF7FE1329C44-LeaderElection61] INFO  impl.LeaderElection (LeaderElection.java:askForVotes(306)) - 1d4e4b2f-e6a0-4223-b62b-246b29415176@group-EF7FE1329C44-LeaderElection61 ELECTION round 0: submit vote requests at term 1 for -1: [2432123a-b439-42d5-83b4-1981f0fa2384|rpc:10.1.0.17:39429|priority:0, 1d4e4b2f-e6a0-4223-b62b-246b29415176|rpc:10.1.0.17:44219|priority:0, 9f3dcedd-2157-4ae4-b723-f54bfee8d9ce|rpc:10.1.0.17:40315|priority:1], old=null
2021-10-10 13:46:25,516 [9f3dcedd-2157-4ae4-b723-f54bfee8d9ce@group-EF7FE1329C44-LeaderElection60] INFO  impl.LeaderElection (LeaderElection.java:askForVotes(306)) - 9f3dcedd-2157-4ae4-b723-f54bfee8d9ce@group-EF7FE1329C44-LeaderElection60 ELECTION round 0: submit vote requests at term 1 for -1: [2432123a-b439-42d5-83b4-1981f0fa2384|rpc:10.1.0.17:39429|priority:0, 1d4e4b2f-e6a0-4223-b62b-246b29415176|rpc:10.1.0.17:44219|priority:0, 9f3dcedd-2157-4ae4-b723-f54bfee8d9ce|rpc:10.1.0.17:40315|priority:1], old=null
2021-10-10 13:46:25,528 [2432123a-b439-42d5-83b4-1981f0fa2384@group-EF7FE1329C44-FollowerState] INFO  impl.FollowerState (FollowerState.java:run(134)) - 2432123a-b439-42d5-83b4-1981f0fa2384@group-EF7FE1329C44-FollowerState: change to CANDIDATE, lastRpcElapsedTime:5125829959ns, electionTimeout:5106ms
2021-10-10 13:46:25,528 [2432123a-b439-42d5-83b4-1981f0fa2384@group-EF7FE1329C44-FollowerState] INFO  impl.RoleInfo (RoleInfo.java:shutdownFollowerState(108)) - 2432123a-b439-42d5-83b4-1981f0fa2384: shutdown 2432123a-b439-42d5-83b4-1981f0fa2384@group-EF7FE1329C44-FollowerState
2021-10-10 13:46:25,528 [2432123a-b439-42d5-83b4-1981f0fa2384@group-EF7FE1329C44-FollowerState] INFO  server.RaftServer$Division (RaftServerImpl.java:setRole(285)) - 2432123a-b439-42d5-83b4-1981f0fa2384@group-EF7FE1329C44: changes role from  FOLLOWER to CANDIDATE at term 0 for changeToCandidate
2021-10-10 13:46:25,528 [grpc-default-executor-6] INFO  server.RaftServer$Division (RaftServerImpl.java:requestVote(1043)) - 2432123a-b439-42d5-83b4-1981f0fa2384@group-EF7FE1329C44: receive requestVote(ELECTION, 1d4e4b2f-e6a0-4223-b62b-246b29415176, group-EF7FE1329C44, 1, (t:0, i:0))
2021-10-10 13:46:25,538 [grpc-default-executor-4] INFO  server.RaftServer$Division (RaftServerImpl.java:requestVote(1043)) - 9f3dcedd-2157-4ae4-b723-f54bfee8d9ce@group-EF7FE1329C44: receive requestVote(ELECTION, 1d4e4b2f-e6a0-4223-b62b-246b29415176, group-EF7FE1329C44, 1, (t:0, i:0))
2021-10-10 13:46:25,538 [grpc-default-executor-4] INFO  impl.VoteContext (VoteContext.java:log(48)) - 9f3dcedd-2157-4ae4-b723-f54bfee8d9ce@group-EF7FE1329C44-CANDIDATE: reject ELECTION from 1d4e4b2f-e6a0-4223-b62b-246b29415176: already has voted for 9f3dcedd-2157-4ae4-b723-f54bfee8d9ce at current term 1
2021-10-10 13:46:25,538 [grpc-default-executor-4] INFO  server.RaftServer$Division (RaftServerImpl.java:requestVote(1075)) - 9f3dcedd-2157-4ae4-b723-f54bfee8d9ce@group-EF7FE1329C44 replies to ELECTION vote request: 1d4e4b2f-e6a0-4223-b62b-246b29415176<-9f3dcedd-2157-4ae4-b723-f54bfee8d9ce#0:FAIL-t1. Peer's state: 9f3dcedd-2157-4ae4-b723-f54bfee8d9ce@group-EF7FE1329C44:t1, leader=null, voted=9f3dcedd-2157-4ae4-b723-f54bfee8d9ce, raftlog=9f3dcedd-2157-4ae4-b723-f54bfee8d9ce@group-EF7FE1329C44-SegmentedRaftLog:OPENED:c-1,f-1,i0, conf=-1: [2432123a-b439-42d5-83b4-1981f0fa2384|rpc:10.1.0.17:39429|priority:0, 1d4e4b2f-e6a0-4223-b62b-246b29415176|rpc:10.1.0.17:44219|priority:0, 9f3dcedd-2157-4ae4-b723-f54bfee8d9ce|rpc:10.1.0.17:40315|priority:1], old=null
2021-10-10 13:46:25,566 [1d4e4b2f-e6a0-4223-b62b-246b29415176@group-EF7FE1329C44-LeaderElection61] INFO  impl.LeaderElection (LeaderElection.java:logAndReturn(89)) - 1d4e4b2f-e6a0-4223-b62b-246b29415176@group-EF7FE1329C44-LeaderElection61: ELECTION REJECTED received 1 response(s) and 0 exception(s):
2021-10-10 13:46:25,566 [1d4e4b2f-e6a0-4223-b62b-246b29415176@group-EF7FE1329C44-LeaderElection61] INFO  impl.LeaderElection (LeaderElection.java:logAndReturn(93)) -   Response 0: 1d4e4b2f-e6a0-4223-b62b-246b29415176<-9f3dcedd-2157-4ae4-b723-f54bfee8d9ce#0:FAIL-t1
2021-10-10 13:46:25,566 [1d4e4b2f-e6a0-4223-b62b-246b29415176@group-EF7FE1329C44-LeaderElection61] INFO  impl.LeaderElection (LeaderElection.java:askForVotes(308)) - 1d4e4b2f-e6a0-4223-b62b-246b29415176@group-EF7FE1329C44-LeaderElection61 ELECTION round 0: result REJECTED
2021-10-10 13:46:25,566 [1d4e4b2f-e6a0-4223-b62b-246b29415176@group-EF7FE1329C44-LeaderElection61] INFO  server.RaftServer$Division (RaftServerImpl.java:setRole(285)) - 1d4e4b2f-e6a0-4223-b62b-246b29415176@group-EF7FE1329C44: changes role from CANDIDATE to FOLLOWER at term 1 for REJECTED
2021-10-10 13:46:25,566 [1d4e4b2f-e6a0-4223-b62b-246b29415176@group-EF7FE1329C44-LeaderElection61] INFO  impl.RoleInfo (RoleInfo.java:shutdownLeaderElection(121)) - 1d4e4b2f-e6a0-4223-b62b-246b29415176: shutdown 1d4e4b2f-e6a0-4223-b62b-246b29415176@group-EF7FE1329C44-LeaderElection61
2021-10-10 13:46:25,566 [1d4e4b2f-e6a0-4223-b62b-246b29415176@group-EF7FE1329C44-LeaderElection61] INFO  impl.RoleInfo (RoleInfo.java:updateAndGet(130)) - 1d4e4b2f-e6a0-4223-b62b-246b29415176: start 1d4e4b2f-e6a0-4223-b62b-246b29415176@group-EF7FE1329C44-FollowerState
2021-10-10 13:46:25,574 [2432123a-b439-42d5-83b4-1981f0fa2384@group-EF7FE1329C44-FollowerState] INFO  server.RaftServerConfigKeys (ConfUtils.java:logGet(44)) - raft.server.leaderelection.pre-vote = false (custom)
2021-10-10 13:46:25,574 [2432123a-b439-42d5-83b4-1981f0fa2384@group-EF7FE1329C44-FollowerState] INFO  impl.RoleInfo (RoleInfo.java:updateAndGet(130)) - 2432123a-b439-42d5-83b4-1981f0fa2384: start 2432123a-b439-42d5-83b4-1981f0fa2384@group-EF7FE1329C44-LeaderElection62
2021-10-10 13:46:25,595 [grpc-default-executor-6] INFO  impl.VoteContext (VoteContext.java:log(48)) - 2432123a-b439-42d5-83b4-1981f0fa2384@group-EF7FE1329C44-CANDIDATE: accept ELECTION from 1d4e4b2f-e6a0-4223-b62b-246b29415176: our priority 0 <= candidate's priority 0
2021-10-10 13:46:25,595 [grpc-default-executor-6] INFO  server.RaftServer$Division (RaftServerImpl.java:setRole(285)) - 2432123a-b439-42d5-83b4-1981f0fa2384@group-EF7FE1329C44: changes role from CANDIDATE to FOLLOWER at term 1 for candidate:1d4e4b2f-e6a0-4223-b62b-246b29415176
2021-10-10 13:46:25,595 [grpc-default-executor-6] INFO  impl.RoleInfo (RoleInfo.java:shutdownLeaderElection(121)) - 2432123a-b439-42d5-83b4-1981f0fa2384: shutdown 2432123a-b439-42d5-83b4-1981f0fa2384@group-EF7FE1329C44-LeaderElection62
2021-10-10 13:46:25,596 [grpc-default-executor-6] INFO  impl.RoleInfo (RoleInfo.java:updateAndGet(130)) - 2432123a-b439-42d5-83b4-1981f0fa2384: start 2432123a-b439-42d5-83b4-1981f0fa2384@group-EF7FE1329C44-FollowerState
2021-10-10 13:46:25,597 [2432123a-b439-42d5-83b4-1981f0fa2384@group-EF7FE1329C44-LeaderElection62] INFO  impl.LeaderElection (LeaderElection.java:run(230)) - 2432123a-b439-42d5-83b4-1981f0fa2384@group-EF7FE1329C44-LeaderElection62: skip running since this is already CLOSING
2021-10-10 13:46:25,598 [grpc-default-executor-4] INFO  server.RaftServer$Division (RaftServerImpl.java:requestVote(1043)) - 2432123a-b439-42d5-83b4-1981f0fa2384@group-EF7FE1329C44: receive requestVote(ELECTION, 9f3dcedd-2157-4ae4-b723-f54bfee8d9ce, group-EF7FE1329C44, 1, (t:0, i:0))
2021-10-10 13:46:25,600 [grpc-default-executor-6] INFO  server.RaftServer$Division (RaftServerImpl.java:requestVote(1075)) - 2432123a-b439-42d5-83b4-1981f0fa2384@group-EF7FE1329C44 replies to ELECTION vote request: 1d4e4b2f-e6a0-4223-b62b-246b29415176<-2432123a-b439-42d5-83b4-1981f0fa2384#0:OK-t1. Peer's state: 2432123a-b439-42d5-83b4-1981f0fa2384@group-EF7FE1329C44:t1, leader=null, voted=1d4e4b2f-e6a0-4223-b62b-246b29415176, raftlog=2432123a-b439-42d5-83b4-1981f0fa2384@group-EF7FE1329C44-SegmentedRaftLog:OPENED:c-1,f-1,i0, conf=-1: [2432123a-b439-42d5-83b4-1981f0fa2384|rpc:10.1.0.17:39429|dataStream:|priority:0, 1d4e4b2f-e6a0-4223-b62b-246b29415176|rpc:10.1.0.17:44219|dataStream:|priority:0, 9f3dcedd-2157-4ae4-b723-f54bfee8d9ce|rpc:10.1.0.17:40315|dataStream:|priority:1], old=null
2021-10-10 13:46:25,602 [grpc-default-executor-4] INFO  impl.VoteContext (VoteContext.java:log(48)) - 2432123a-b439-42d5-83b4-1981f0fa2384@group-EF7FE1329C44-FOLLOWER: reject ELECTION from 9f3dcedd-2157-4ae4-b723-f54bfee8d9ce: already has voted for 1d4e4b2f-e6a0-4223-b62b-246b29415176 at current term 1
2021-10-10 13:46:25,602 [grpc-default-executor-4] INFO  server.RaftServer$Division (RaftServerImpl.java:requestVote(1075)) - 2432123a-b439-42d5-83b4-1981f0fa2384@group-EF7FE1329C44 replies to ELECTION vote request: 9f3dcedd-2157-4ae4-b723-f54bfee8d9ce<-2432123a-b439-42d5-83b4-1981f0fa2384#0:FAIL-t1. Peer's state: 2432123a-b439-42d5-83b4-1981f0fa2384@group-EF7FE1329C44:t1, leader=null, voted=1d4e4b2f-e6a0-4223-b62b-246b29415176, raftlog=2432123a-b439-42d5-83b4-1981f0fa2384@group-EF7FE1329C44-SegmentedRaftLog:OPENED:c-1,f-1,i0, conf=-1: [2432123a-b439-42d5-83b4-1981f0fa2384|rpc:10.1.0.17:39429|dataStream:|priority:0, 1d4e4b2f-e6a0-4223-b62b-246b29415176|rpc:10.1.0.17:44219|dataStream:|priority:0, 9f3dcedd-2157-4ae4-b723-f54bfee8d9ce|rpc:10.1.0.17:40315|dataStream:|priority:1], old=null
2021-10-10 13:46:25,603 [grpc-default-executor-4] INFO  server.RaftServer$Division (RaftServerImpl.java:requestVote(1043)) - 1d4e4b2f-e6a0-4223-b62b-246b29415176@group-EF7FE1329C44: receive requestVote(ELECTION, 9f3dcedd-2157-4ae4-b723-f54bfee8d9ce, group-EF7FE1329C44, 1, (t:0, i:0))
2021-10-10 13:46:25,603 [grpc-default-executor-4] INFO  impl.VoteContext (VoteContext.java:log(48)) - 1d4e4b2f-e6a0-4223-b62b-246b29415176@group-EF7FE1329C44-FOLLOWER: reject ELECTION from 9f3dcedd-2157-4ae4-b723-f54bfee8d9ce: already has voted for 1d4e4b2f-e6a0-4223-b62b-246b29415176 at current term 1
2021-10-10 13:46:25,603 [grpc-default-executor-4] INFO  server.RaftServer$Division (RaftServerImpl.java:requestVote(1075)) - 1d4e4b2f-e6a0-4223-b62b-246b29415176@group-EF7FE1329C44 replies to ELECTION vote request: 9f3dcedd-2157-4ae4-b723-f54bfee8d9ce<-1d4e4b2f-e6a0-4223-b62b-246b29415176#0:FAIL-t1. Peer's state: 1d4e4b2f-e6a0-4223-b62b-246b29415176@group-EF7FE1329C44:t1, leader=null, voted=1d4e4b2f-e6a0-4223-b62b-246b29415176, raftlog=1d4e4b2f-e6a0-4223-b62b-246b29415176@group-EF7FE1329C44-SegmentedRaftLog:OPENED:c-1,f-1,i0, conf=-1: [2432123a-b439-42d5-83b4-1981f0fa2384|rpc:10.1.0.17:39429|priority:0, 1d4e4b2f-e6a0-4223-b62b-246b29415176|rpc:10.1.0.17:44219|priority:0, 9f3dcedd-2157-4ae4-b723-f54bfee8d9ce|rpc:10.1.0.17:40315|priority:1], old=null
2021-10-10 13:46:25,613 [9f3dcedd-2157-4ae4-b723-f54bfee8d9ce@group-EF7FE1329C44-LeaderElection60] INFO  impl.LeaderElection (LeaderElection.java:logAndReturn(89)) - 9f3dcedd-2157-4ae4-b723-f54bfee8d9ce@group-EF7FE1329C44-LeaderElection60: ELECTION REJECTED received 2 response(s) and 0 exception(s):
2021-10-10 13:46:25,614 [9f3dcedd-2157-4ae4-b723-f54bfee8d9ce@group-EF7FE1329C44-LeaderElection60] INFO  impl.LeaderElection (LeaderElection.java:logAndReturn(93)) -   Response 0: 9f3dcedd-2157-4ae4-b723-f54bfee8d9ce<-2432123a-b439-42d5-83b4-1981f0fa2384#0:FAIL-t1
2021-10-10 13:46:25,614 [9f3dcedd-2157-4ae4-b723-f54bfee8d9ce@group-EF7FE1329C44-LeaderElection60] INFO  impl.LeaderElection (LeaderElection.java:logAndReturn(93)) -   Response 1: 9f3dcedd-2157-4ae4-b723-f54bfee8d9ce<-1d4e4b2f-e6a0-4223-b62b-246b29415176#0:FAIL-t1
2021-10-10 13:46:25,614 [9f3dcedd-2157-4ae4-b723-f54bfee8d9ce@group-EF7FE1329C44-LeaderElection60] INFO  impl.LeaderElection (LeaderElection.java:askForVotes(308)) - 9f3dcedd-2157-4ae4-b723-f54bfee8d9ce@group-EF7FE1329C44-LeaderElection60 ELECTION round 0: result REJECTED
2021-10-10 13:46:25,614 [9f3dcedd-2157-4ae4-b723-f54bfee8d9ce@group-EF7FE1329C44-LeaderElection60] INFO  server.RaftServer$Division (RaftServerImpl.java:setRole(285)) - 9f3dcedd-2157-4ae4-b723-f54bfee8d9ce@group-EF7FE1329C44: changes role from CANDIDATE to FOLLOWER at term 1 for REJECTED
2021-10-10 13:46:25,614 [9f3dcedd-2157-4ae4-b723-f54bfee8d9ce@group-EF7FE1329C44-LeaderElection60] INFO  impl.RoleInfo (RoleInfo.java:shutdownLeaderElection(121)) - 9f3dcedd-2157-4ae4-b723-f54bfee8d9ce: shutdown 9f3dcedd-2157-4ae4-b723-f54bfee8d9ce@group-EF7FE1329C44-LeaderElection60
2021-10-10 13:46:25,614 [9f3dcedd-2157-4ae4-b723-f54bfee8d9ce@group-EF7FE1329C44-LeaderElection60] INFO  impl.RoleInfo (RoleInfo.java:updateAndGet(130)) - 9f3dcedd-2157-4ae4-b723-f54bfee8d9ce: start 9f3dcedd-2157-4ae4-b723-f54bfee8d9ce@group-EF7FE1329C44-FollowerState
2021-10-10 13:46:25,839 [e1b2127a-933c-4bfc-a8fa-edeeb9ccf213@group-F1A31A7042A1-FollowerState] INFO  impl.FollowerState (FollowerState.java:run(134)) - e1b2127a-933c-4bfc-a8fa-edeeb9ccf213@group-F1A31A7042A1-FollowerState: change to CANDIDATE, lastRpcElapsedTime:5015246627ns, electionTimeout:5014ms
2021-10-10 13:46:25,840 [e1b2127a-933c-4bfc-a8fa-edeeb9ccf213@group-F1A31A7042A1-FollowerState] INFO  impl.RoleInfo (RoleInfo.java:shutdownFollowerState(108)) - e1b2127a-933c-4bfc-a8fa-edeeb9ccf213: shutdown e1b2127a-933c-4bfc-a8fa-edeeb9ccf213@group-F1A31A7042A1-FollowerState
2021-10-10 13:46:25,840 [e1b2127a-933c-4bfc-a8fa-edeeb9ccf213@group-F1A31A7042A1-FollowerState] INFO  server.RaftServer$Division (RaftServerImpl.java:setRole(285)) - e1b2127a-933c-4bfc-a8fa-edeeb9ccf213@group-F1A31A7042A1: changes role from  FOLLOWER to CANDIDATE at term 0 for changeToCandidate
2021-10-10 13:46:25,841 [e1b2127a-933c-4bfc-a8fa-edeeb9ccf213@group-F1A31A7042A1-FollowerState] INFO  server.RaftServerConfigKeys (ConfUtils.java:logGet(44)) - raft.server.leaderelection.pre-vote = false (custom)
2021-10-10 13:46:25,841 [e1b2127a-933c-4bfc-a8fa-edeeb9ccf213@group-F1A31A7042A1-FollowerState] INFO  impl.RoleInfo (RoleInfo.java:updateAndGet(130)) - e1b2127a-933c-4bfc-a8fa-edeeb9ccf213: start e1b2127a-933c-4bfc-a8fa-edeeb9ccf213@group-F1A31A7042A1-LeaderElection63
2021-10-10 13:46:25,861 [e1b2127a-933c-4bfc-a8fa-edeeb9ccf213@group-F1A31A7042A1-LeaderElection63] INFO  impl.LeaderElection (LeaderElection.java:askForVotes(306)) - e1b2127a-933c-4bfc-a8fa-edeeb9ccf213@group-F1A31A7042A1-LeaderElection63 ELECTION round 0: submit vote requests at term 1 for -1: [e1b2127a-933c-4bfc-a8fa-edeeb9ccf213|rpc:10.1.0.17:33955|priority:1], old=null
2021-10-10 13:46:25,861 [e1b2127a-933c-4bfc-a8fa-edeeb9ccf213@group-F1A31A7042A1-LeaderElection63] INFO  impl.LeaderElection (LeaderElection.java:askForVotes(308)) - e1b2127a-933c-4bfc-a8fa-edeeb9ccf213@group-F1A31A7042A1-LeaderElection63 ELECTION round 0: result PASSED (term=1)
2021-10-10 13:46:25,861 [e1b2127a-933c-4bfc-a8fa-edeeb9ccf213@group-F1A31A7042A1-LeaderElection63] INFO  impl.RoleInfo (RoleInfo.java:shutdownLeaderElection(121)) - e1b2127a-933c-4bfc-a8fa-edeeb9ccf213: shutdown e1b2127a-933c-4bfc-a8fa-edeeb9ccf213@group-F1A31A7042A1-LeaderElection63
2021-10-10 13:46:25,861 [e1b2127a-933c-4bfc-a8fa-edeeb9ccf213@group-F1A31A7042A1-LeaderElection63] INFO  server.RaftServer$Division (RaftServerImpl.java:setRole(285)) - e1b2127a-933c-4bfc-a8fa-edeeb9ccf213@group-F1A31A7042A1: changes role from CANDIDATE to LEADER at term 1 for changeToLeader
2021-10-10 13:46:25,861 [e1b2127a-933c-4bfc-a8fa-edeeb9ccf213@group-F1A31A7042A1-LeaderElection63] INFO  ratis.XceiverServerRatis (XceiverServerRatis.java:handleLeaderChangedNotification(861)) - Leader change notification received for group: group-F1A31A7042A1 with new leaderId: e1b2127a-933c-4bfc-a8fa-edeeb9ccf213
2021-10-10 13:46:25,861 [Datanode State Machine Thread - 0] WARN  statemachine.StateContext (StateContext.java:execute(621)) - No available thread in pool for past 1 seconds.
2021-10-10 13:46:25,862 [e1b2127a-933c-4bfc-a8fa-edeeb9ccf213@group-F1A31A7042A1-LeaderElection63] INFO  server.RaftServer$Division (ServerState.java:setLeader(285)) - e1b2127a-933c-4bfc-a8fa-edeeb9ccf213@group-F1A31A7042A1: change Leader from null to e1b2127a-933c-4bfc-a8fa-edeeb9ccf213 at term 1 for becomeLeader, leader elected after 5050ms
2021-10-10 13:46:25,862 [e1b2127a-933c-4bfc-a8fa-edeeb9ccf213@group-F1A31A7042A1-LeaderElection63] INFO  server.RaftServerConfigKeys (ConfUtils.java:logGet(44)) - raft.server.staging.catchup.gap = 1000 (default)
2021-10-10 13:46:25,862 [e1b2127a-933c-4bfc-a8fa-edeeb9ccf213@group-F1A31A7042A1-LeaderElection63] INFO  server.RaftServerConfigKeys (ConfUtils.java:logGet(44)) - raft.server.write.element-limit = 1024 (custom)
2021-10-10 13:46:25,862 [e1b2127a-933c-4bfc-a8fa-edeeb9ccf213@group-F1A31A7042A1-LeaderElection63] INFO  server.RaftServerConfigKeys (ConfUtils.java:logGet(44)) - raft.server.write.byte-limit = 1024 M (=1073741824) (custom)
2021-10-10 13:46:25,863 [e1b2127a-933c-4bfc-a8fa-edeeb9ccf213@group-F1A31A7042A1-LeaderElection63] INFO  server.RaftServerConfigKeys (ConfUtils.java:logGet(44)) - raft.server.watch.timeout = 3000ms (custom)
2021-10-10 13:46:25,863 [e1b2127a-933c-4bfc-a8fa-edeeb9ccf213@group-F1A31A7042A1-LeaderElection63] INFO  server.RaftServerConfigKeys (ConfUtils.java:logGet(44)) - raft.server.watch.timeout.denomination = 1s (default)
2021-10-10 13:46:25,863 [e1b2127a-933c-4bfc-a8fa-edeeb9ccf213@group-F1A31A7042A1-LeaderElection63] INFO  server.RaftServerConfigKeys (ConfUtils.java:logGet(44)) - raft.server.watch.element-limit = 65536 (default)
2021-10-10 13:46:25,863 [e1b2127a-933c-4bfc-a8fa-edeeb9ccf213@group-F1A31A7042A1-LeaderElection63] INFO  impl.RoleInfo (RoleInfo.java:updateAndGet(130)) - e1b2127a-933c-4bfc-a8fa-edeeb9ccf213: start e1b2127a-933c-4bfc-a8fa-edeeb9ccf213@group-F1A31A7042A1-LeaderStateImpl
2021-10-10 13:46:25,864 [e1b2127a-933c-4bfc-a8fa-edeeb9ccf213@group-F1A31A7042A1-LeaderElection63] INFO  segmented.SegmentedRaftLogWorker (SegmentedRaftLogWorker.java:startLogSegment(394)) - e1b2127a-933c-4bfc-a8fa-edeeb9ccf213@group-F1A31A7042A1-SegmentedRaftLogWorker: Starting segment from index:0
2021-10-10 13:46:25,865 [e1b2127a-933c-4bfc-a8fa-edeeb9ccf213@group-F1A31A7042A1-LeaderElection63] INFO  server.RaftServer$Division (ServerState.java:setRaftConf(387)) - e1b2127a-933c-4bfc-a8fa-edeeb9ccf213@group-F1A31A7042A1: set configuration 0: [e1b2127a-933c-4bfc-a8fa-edeeb9ccf213|rpc:10.1.0.17:33955|dataStream:|priority:1], old=null
2021-10-10 13:46:25,871 [e1b2127a-933c-4bfc-a8fa-edeeb9ccf213@group-F1A31A7042A1-SegmentedRaftLogWorker] INFO  segmented.SegmentedRaftLogWorker (SegmentedRaftLogWorker.java:execute(601)) - e1b2127a-933c-4bfc-a8fa-edeeb9ccf213@group-F1A31A7042A1-SegmentedRaftLogWorker: created new log segment /home/runner/work/ozone/ozone/hadoop-ozone/integration-test/target/test-dir/MiniOzoneClusterImpl-0f145d0e-b24d-4882-976e-a7baa8a64dfe/datanode-6/data/ratis/58ffe2e3-53bb-466b-9d55-f1a31a7042a1/current/log_inprogress_0
2021-10-10 13:46:29,164 [f0a8fd88-2511-4bc8-952c-803d3ca6483c@group-CD7BCB0E62FF-FollowerState] INFO  impl.FollowerState (FollowerState.java:run(134)) - f0a8fd88-2511-4bc8-952c-803d3ca6483c@group-CD7BCB0E62FF-FollowerState: change to CANDIDATE, lastRpcElapsedTime:5068320936ns, electionTimeout:5058ms
2021-10-10 13:46:29,164 [f0a8fd88-2511-4bc8-952c-803d3ca6483c@group-CD7BCB0E62FF-FollowerState] INFO  impl.RoleInfo (RoleInfo.java:shutdownFollowerState(108)) - f0a8fd88-2511-4bc8-952c-803d3ca6483c: shutdown f0a8fd88-2511-4bc8-952c-803d3ca6483c@group-CD7BCB0E62FF-FollowerState
2021-10-10 13:46:29,164 [f0a8fd88-2511-4bc8-952c-803d3ca6483c@group-CD7BCB0E62FF-FollowerState] INFO  server.RaftServer$Division (RaftServerImpl.java:setRole(285)) - f0a8fd88-2511-4bc8-952c-803d3ca6483c@group-CD7BCB0E62FF: changes role from  FOLLOWER to CANDIDATE at term 1 for changeToCandidate
2021-10-10 13:46:29,164 [f0a8fd88-2511-4bc8-952c-803d3ca6483c@group-CD7BCB0E62FF-FollowerState] INFO  server.RaftServerConfigKeys (ConfUtils.java:logGet(44)) - raft.server.leaderelection.pre-vote = false (custom)
2021-10-10 13:46:29,164 [f0a8fd88-2511-4bc8-952c-803d3ca6483c@group-CD7BCB0E62FF-FollowerState] INFO  impl.RoleInfo (RoleInfo.java:updateAndGet(130)) - f0a8fd88-2511-4bc8-952c-803d3ca6483c: start f0a8fd88-2511-4bc8-952c-803d3ca6483c@group-CD7BCB0E62FF-LeaderElection64
2021-10-10 13:46:29,167 [f0a8fd88-2511-4bc8-952c-803d3ca6483c@group-CD7BCB0E62FF-LeaderElection64] INFO  impl.LeaderElection (LeaderElection.java:askForVotes(306)) - f0a8fd88-2511-4bc8-952c-803d3ca6483c@group-CD7BCB0E62FF-LeaderElection64 ELECTION round 0: submit vote requests at term 2 for -1: [c90bef4f-1c21-43c2-97aa-1f5cf6648a6f|rpc:10.1.0.17:44117|priority:0, f0a8fd88-2511-4bc8-952c-803d3ca6483c|rpc:10.1.0.17:45269|priority:0, 52be5aae-b0d8-4d04-b923-225165c5914d|rpc:10.1.0.17:37435|priority:1], old=null
2021-10-10 13:46:29,184 [grpc-default-executor-4] INFO  server.RaftServer$Division (RaftServerImpl.java:requestVote(1043)) - c90bef4f-1c21-43c2-97aa-1f5cf6648a6f@group-CD7BCB0E62FF: receive requestVote(ELECTION, f0a8fd88-2511-4bc8-952c-803d3ca6483c, group-CD7BCB0E62FF, 2, (t:0, i:0))
2021-10-10 13:46:29,184 [grpc-default-executor-6] INFO  server.RaftServer$Division (RaftServerImpl.java:requestVote(1043)) - 52be5aae-b0d8-4d04-b923-225165c5914d@group-CD7BCB0E62FF: receive requestVote(ELECTION, f0a8fd88-2511-4bc8-952c-803d3ca6483c, group-CD7BCB0E62FF, 2, (t:0, i:0))
2021-10-10 13:46:29,184 [grpc-default-executor-6] INFO  impl.VoteContext (VoteContext.java:log(48)) - 52be5aae-b0d8-4d04-b923-225165c5914d@group-CD7BCB0E62FF-FOLLOWER: reject ELECTION from f0a8fd88-2511-4bc8-952c-803d3ca6483c: our priority 1 > candidate's priority 0
2021-10-10 13:46:29,185 [grpc-default-executor-6] INFO  server.RaftServer$Division (RaftServerImpl.java:setRole(285)) - 52be5aae-b0d8-4d04-b923-225165c5914d@group-CD7BCB0E62FF: changes role from  FOLLOWER to FOLLOWER at term 2 for candidate:f0a8fd88-2511-4bc8-952c-803d3ca6483c
2021-10-10 13:46:29,185 [grpc-default-executor-6] INFO  impl.RoleInfo (RoleInfo.java:shutdownFollowerState(108)) - 52be5aae-b0d8-4d04-b923-225165c5914d: shutdown 52be5aae-b0d8-4d04-b923-225165c5914d@group-CD7BCB0E62FF-FollowerState
2021-10-10 13:46:29,185 [grpc-default-executor-6] INFO  impl.RoleInfo (RoleInfo.java:updateAndGet(130)) - 52be5aae-b0d8-4d04-b923-225165c5914d: start 52be5aae-b0d8-4d04-b923-225165c5914d@group-CD7BCB0E62FF-FollowerState
2021-10-10 13:46:29,185 [52be5aae-b0d8-4d04-b923-225165c5914d@group-CD7BCB0E62FF-FollowerState] INFO  impl.FollowerState (FollowerState.java:run(143)) - 52be5aae-b0d8-4d04-b923-225165c5914d@group-CD7BCB0E62FF-FollowerState was interrupted: {}
java.lang.InterruptedException: sleep interrupted
	at java.lang.Thread.sleep(Native Method)
	at java.lang.Thread.sleep(Thread.java:340)
	at java.util.concurrent.TimeUnit.sleep(TimeUnit.java:386)
	at org.apache.ratis.util.TimeDuration.sleep(TimeDuration.java:324)
	at org.apache.ratis.util.TimeDuration.sleep(TimeDuration.java:309)
	at org.apache.ratis.server.impl.FollowerState.run(FollowerState.java:118)
2021-10-10 13:46:29,196 [grpc-default-executor-4] INFO  impl.VoteContext (VoteContext.java:log(48)) - c90bef4f-1c21-43c2-97aa-1f5cf6648a6f@group-CD7BCB0E62FF-FOLLOWER: accept ELECTION from f0a8fd88-2511-4bc8-952c-803d3ca6483c: our priority 0 <= candidate's priority 0
2021-10-10 13:46:29,196 [grpc-default-executor-4] INFO  server.RaftServer$Division (RaftServerImpl.java:setRole(285)) - c90bef4f-1c21-43c2-97aa-1f5cf6648a6f@group-CD7BCB0E62FF: changes role from  FOLLOWER to FOLLOWER at term 2 for candidate:f0a8fd88-2511-4bc8-952c-803d3ca6483c
2021-10-10 13:46:29,196 [grpc-default-executor-4] INFO  impl.RoleInfo (RoleInfo.java:shutdownFollowerState(108)) - c90bef4f-1c21-43c2-97aa-1f5cf6648a6f: shutdown c90bef4f-1c21-43c2-97aa-1f5cf6648a6f@group-CD7BCB0E62FF-FollowerState
2021-10-10 13:46:29,196 [grpc-default-executor-4] INFO  impl.RoleInfo (RoleInfo.java:updateAndGet(130)) - c90bef4f-1c21-43c2-97aa-1f5cf6648a6f: start c90bef4f-1c21-43c2-97aa-1f5cf6648a6f@group-CD7BCB0E62FF-FollowerState
2021-10-10 13:46:29,196 [c90bef4f-1c21-43c2-97aa-1f5cf6648a6f@group-CD7BCB0E62FF-FollowerState] INFO  impl.FollowerState (FollowerState.java:run(143)) - c90bef4f-1c21-43c2-97aa-1f5cf6648a6f@group-CD7BCB0E62FF-FollowerState was interrupted: {}
java.lang.InterruptedException: sleep interrupted
	at java.lang.Thread.sleep(Native Method)
	at java.lang.Thread.sleep(Thread.java:340)
	at java.util.concurrent.TimeUnit.sleep(TimeUnit.java:386)
	at org.apache.ratis.util.TimeDuration.sleep(TimeDuration.java:324)
	at org.apache.ratis.util.TimeDuration.sleep(TimeDuration.java:309)
	at org.apache.ratis.server.impl.FollowerState.run(FollowerState.java:118)
2021-10-10 13:46:29,203 [grpc-default-executor-4] INFO  server.RaftServer$Division (RaftServerImpl.java:requestVote(1075)) - c90bef4f-1c21-43c2-97aa-1f5cf6648a6f@group-CD7BCB0E62FF replies to ELECTION vote request: f0a8fd88-2511-4bc8-952c-803d3ca6483c<-c90bef4f-1c21-43c2-97aa-1f5cf6648a6f#0:OK-t2. Peer's state: c90bef4f-1c21-43c2-97aa-1f5cf6648a6f@group-CD7BCB0E62FF:t2, leader=null, voted=f0a8fd88-2511-4bc8-952c-803d3ca6483c, raftlog=c90bef4f-1c21-43c2-97aa-1f5cf6648a6f@group-CD7BCB0E62FF-SegmentedRaftLog:OPENED:c-1,f-1,i0, conf=-1: [c90bef4f-1c21-43c2-97aa-1f5cf6648a6f|rpc:10.1.0.17:44117|priority:0, f0a8fd88-2511-4bc8-952c-803d3ca6483c|rpc:10.1.0.17:45269|priority:0, 52be5aae-b0d8-4d04-b923-225165c5914d|rpc:10.1.0.17:37435|priority:1], old=null
2021-10-10 13:46:29,213 [grpc-default-executor-6] INFO  server.RaftServer$Division (RaftServerImpl.java:requestVote(1075)) - 52be5aae-b0d8-4d04-b923-225165c5914d@group-CD7BCB0E62FF replies to ELECTION vote request: f0a8fd88-2511-4bc8-952c-803d3ca6483c<-52be5aae-b0d8-4d04-b923-225165c5914d#0:FAIL-t2. Peer's state: 52be5aae-b0d8-4d04-b923-225165c5914d@group-CD7BCB0E62FF:t2, leader=null, voted=null, raftlog=52be5aae-b0d8-4d04-b923-225165c5914d@group-CD7BCB0E62FF-SegmentedRaftLog:OPENED:c-1,f-1,i0, conf=-1: [c90bef4f-1c21-43c2-97aa-1f5cf6648a6f|rpc:10.1.0.17:44117|dataStream:|priority:0, f0a8fd88-2511-4bc8-952c-803d3ca6483c|rpc:10.1.0.17:45269|dataStream:|priority:0, 52be5aae-b0d8-4d04-b923-225165c5914d|rpc:10.1.0.17:37435|dataStream:|priority:1], old=null
2021-10-10 13:46:29,213 [f0a8fd88-2511-4bc8-952c-803d3ca6483c@group-CD7BCB0E62FF-LeaderElection64] INFO  impl.LeaderElection (LeaderElection.java:logAndReturn(89)) - f0a8fd88-2511-4bc8-952c-803d3ca6483c@group-CD7BCB0E62FF-LeaderElection64: ELECTION REJECTED received 2 response(s) and 0 exception(s):
2021-10-10 13:46:29,213 [f0a8fd88-2511-4bc8-952c-803d3ca6483c@group-CD7BCB0E62FF-LeaderElection64] INFO  impl.LeaderElection (LeaderElection.java:logAndReturn(93)) -   Response 0: f0a8fd88-2511-4bc8-952c-803d3ca6483c<-c90bef4f-1c21-43c2-97aa-1f5cf6648a6f#0:OK-t2
2021-10-10 13:46:29,213 [f0a8fd88-2511-4bc8-952c-803d3ca6483c@group-CD7BCB0E62FF-LeaderElection64] INFO  impl.LeaderElection (LeaderElection.java:logAndReturn(93)) -   Response 1: f0a8fd88-2511-4bc8-952c-803d3ca6483c<-52be5aae-b0d8-4d04-b923-225165c5914d#0:FAIL-t2
2021-10-10 13:46:29,213 [f0a8fd88-2511-4bc8-952c-803d3ca6483c@group-CD7BCB0E62FF-LeaderElection64] INFO  impl.LeaderElection (LeaderElection.java:askForVotes(308)) - f0a8fd88-2511-4bc8-952c-803d3ca6483c@group-CD7BCB0E62FF-LeaderElection64 ELECTION round 0: result REJECTED
2021-10-10 13:46:29,213 [f0a8fd88-2511-4bc8-952c-803d3ca6483c@group-CD7BCB0E62FF-LeaderElection64] INFO  server.RaftServer$Division (RaftServerImpl.java:setRole(285)) - f0a8fd88-2511-4bc8-952c-803d3ca6483c@group-CD7BCB0E62FF: changes role from CANDIDATE to FOLLOWER at term 2 for REJECTED
2021-10-10 13:46:29,213 [f0a8fd88-2511-4bc8-952c-803d3ca6483c@group-CD7BCB0E62FF-LeaderElection64] INFO  impl.RoleInfo (RoleInfo.java:shutdownLeaderElection(121)) - f0a8fd88-2511-4bc8-952c-803d3ca6483c: shutdown f0a8fd88-2511-4bc8-952c-803d3ca6483c@group-CD7BCB0E62FF-LeaderElection64
2021-10-10 13:46:29,213 [f0a8fd88-2511-4bc8-952c-803d3ca6483c@group-CD7BCB0E62FF-LeaderElection64] INFO  impl.RoleInfo (RoleInfo.java:updateAndGet(130)) - f0a8fd88-2511-4bc8-952c-803d3ca6483c: start f0a8fd88-2511-4bc8-952c-803d3ca6483c@group-CD7BCB0E62FF-FollowerState
2021-10-10 13:46:30,668 [1d4e4b2f-e6a0-4223-b62b-246b29415176@group-EF7FE1329C44-FollowerState] INFO  impl.FollowerState (FollowerState.java:run(134)) - 1d4e4b2f-e6a0-4223-b62b-246b29415176@group-EF7FE1329C44-FollowerState: change to CANDIDATE, lastRpcElapsedTime:5102119370ns, electionTimeout:5073ms
2021-10-10 13:46:30,669 [1d4e4b2f-e6a0-4223-b62b-246b29415176@group-EF7FE1329C44-FollowerState] INFO  impl.RoleInfo (RoleInfo.java:shutdownFollowerState(108)) - 1d4e4b2f-e6a0-4223-b62b-246b29415176: shutdown 1d4e4b2f-e6a0-4223-b62b-246b29415176@group-EF7FE1329C44-FollowerState
2021-10-10 13:46:30,669 [1d4e4b2f-e6a0-4223-b62b-246b29415176@group-EF7FE1329C44-FollowerState] INFO  server.RaftServer$Division (RaftServerImpl.java:setRole(285)) - 1d4e4b2f-e6a0-4223-b62b-246b29415176@group-EF7FE1329C44: changes role from  FOLLOWER to CANDIDATE at term 1 for changeToCandidate
2021-10-10 13:46:30,669 [1d4e4b2f-e6a0-4223-b62b-246b29415176@group-EF7FE1329C44-FollowerState] INFO  server.RaftServerConfigKeys (ConfUtils.java:logGet(44)) - raft.server.leaderelection.pre-vote = false (custom)
2021-10-10 13:46:30,669 [1d4e4b2f-e6a0-4223-b62b-246b29415176@group-EF7FE1329C44-FollowerState] INFO  impl.RoleInfo (RoleInfo.java:updateAndGet(130)) - 1d4e4b2f-e6a0-4223-b62b-246b29415176: start 1d4e4b2f-e6a0-4223-b62b-246b29415176@group-EF7FE1329C44-LeaderElection65
2021-10-10 13:46:30,674 [1d4e4b2f-e6a0-4223-b62b-246b29415176@group-EF7FE1329C44-LeaderElection65] INFO  impl.LeaderElection (LeaderElection.java:askForVotes(306)) - 1d4e4b2f-e6a0-4223-b62b-246b29415176@group-EF7FE1329C44-LeaderElection65 ELECTION round 0: submit vote requests at term 2 for -1: [2432123a-b439-42d5-83b4-1981f0fa2384|rpc:10.1.0.17:39429|priority:0, 1d4e4b2f-e6a0-4223-b62b-246b29415176|rpc:10.1.0.17:44219|priority:0, 9f3dcedd-2157-4ae4-b723-f54bfee8d9ce|rpc:10.1.0.17:40315|priority:1], old=null
2021-10-10 13:46:30,679 [grpc-default-executor-6] INFO  server.RaftServer$Division (RaftServerImpl.java:requestVote(1043)) - 9f3dcedd-2157-4ae4-b723-f54bfee8d9ce@group-EF7FE1329C44: receive requestVote(ELECTION, 1d4e4b2f-e6a0-4223-b62b-246b29415176, group-EF7FE1329C44, 2, (t:0, i:0))
2021-10-10 13:46:30,679 [grpc-default-executor-6] INFO  impl.VoteContext (VoteContext.java:log(48)) - 9f3dcedd-2157-4ae4-b723-f54bfee8d9ce@group-EF7FE1329C44-FOLLOWER: reject ELECTION from 1d4e4b2f-e6a0-4223-b62b-246b29415176: our priority 1 > candidate's priority 0
2021-10-10 13:46:30,679 [grpc-default-executor-6] INFO  server.RaftServer$Division (RaftServerImpl.java:setRole(285)) - 9f3dcedd-2157-4ae4-b723-f54bfee8d9ce@group-EF7FE1329C44: changes role from  FOLLOWER to FOLLOWER at term 2 for candidate:1d4e4b2f-e6a0-4223-b62b-246b29415176
2021-10-10 13:46:30,679 [grpc-default-executor-6] INFO  impl.RoleInfo (RoleInfo.java:shutdownFollowerState(108)) - 9f3dcedd-2157-4ae4-b723-f54bfee8d9ce: shutdown 9f3dcedd-2157-4ae4-b723-f54bfee8d9ce@group-EF7FE1329C44-FollowerState
2021-10-10 13:46:30,679 [grpc-default-executor-6] INFO  impl.RoleInfo (RoleInfo.java:updateAndGet(130)) - 9f3dcedd-2157-4ae4-b723-f54bfee8d9ce: start 9f3dcedd-2157-4ae4-b723-f54bfee8d9ce@group-EF7FE1329C44-FollowerState
2021-10-10 13:46:30,679 [9f3dcedd-2157-4ae4-b723-f54bfee8d9ce@group-EF7FE1329C44-FollowerState] INFO  impl.FollowerState (FollowerState.java:run(143)) - 9f3dcedd-2157-4ae4-b723-f54bfee8d9ce@group-EF7FE1329C44-FollowerState was interrupted: {}
java.lang.InterruptedException: sleep interrupted
	at java.lang.Thread.sleep(Native Method)
	at java.lang.Thread.sleep(Thread.java:340)
	at java.util.concurrent.TimeUnit.sleep(TimeUnit.java:386)
	at org.apache.ratis.util.TimeDuration.sleep(TimeDuration.java:324)
	at org.apache.ratis.util.TimeDuration.sleep(TimeDuration.java:309)
	at org.apache.ratis.server.impl.FollowerState.run(FollowerState.java:118)
2021-10-10 13:46:30,680 [grpc-default-executor-4] INFO  server.RaftServer$Division (RaftServerImpl.java:requestVote(1043)) - 2432123a-b439-42d5-83b4-1981f0fa2384@group-EF7FE1329C44: receive requestVote(ELECTION, 1d4e4b2f-e6a0-4223-b62b-246b29415176, group-EF7FE1329C44, 2, (t:0, i:0))
2021-10-10 13:46:30,680 [grpc-default-executor-4] INFO  impl.VoteContext (VoteContext.java:log(48)) - 2432123a-b439-42d5-83b4-1981f0fa2384@group-EF7FE1329C44-FOLLOWER: accept ELECTION from 1d4e4b2f-e6a0-4223-b62b-246b29415176: our priority 0 <= candidate's priority 0
2021-10-10 13:46:30,680 [grpc-default-executor-4] INFO  server.RaftServer$Division (RaftServerImpl.java:setRole(285)) - 2432123a-b439-42d5-83b4-1981f0fa2384@group-EF7FE1329C44: changes role from  FOLLOWER to FOLLOWER at term 2 for candidate:1d4e4b2f-e6a0-4223-b62b-246b29415176
2021-10-10 13:46:30,680 [grpc-default-executor-4] INFO  impl.RoleInfo (RoleInfo.java:shutdownFollowerState(108)) - 2432123a-b439-42d5-83b4-1981f0fa2384: shutdown 2432123a-b439-42d5-83b4-1981f0fa2384@group-EF7FE1329C44-FollowerState
2021-10-10 13:46:30,685 [grpc-default-executor-4] INFO  impl.RoleInfo (RoleInfo.java:updateAndGet(130)) - 2432123a-b439-42d5-83b4-1981f0fa2384: start 2432123a-b439-42d5-83b4-1981f0fa2384@group-EF7FE1329C44-FollowerState
2021-10-10 13:46:30,686 [2432123a-b439-42d5-83b4-1981f0fa2384@group-EF7FE1329C44-FollowerState] INFO  impl.FollowerState (FollowerState.java:run(143)) - 2432123a-b439-42d5-83b4-1981f0fa2384@group-EF7FE1329C44-FollowerState was interrupted: {}
java.lang.InterruptedException: sleep interrupted
	at java.lang.Thread.sleep(Native Method)
	at java.lang.Thread.sleep(Thread.java:340)
	at java.util.concurrent.TimeUnit.sleep(TimeUnit.java:386)
	at org.apache.ratis.util.TimeDuration.sleep(TimeDuration.java:324)
	at org.apache.ratis.util.TimeDuration.sleep(TimeDuration.java:309)
	at org.apache.ratis.server.impl.FollowerState.run(FollowerState.java:118)
2021-10-10 13:46:30,687 [grpc-default-executor-6] INFO  server.RaftServer$Division (RaftServerImpl.java:requestVote(1075)) - 9f3dcedd-2157-4ae4-b723-f54bfee8d9ce@group-EF7FE1329C44 replies to ELECTION vote request: 1d4e4b2f-e6a0-4223-b62b-246b29415176<-9f3dcedd-2157-4ae4-b723-f54bfee8d9ce#0:FAIL-t2. Peer's state: 9f3dcedd-2157-4ae4-b723-f54bfee8d9ce@group-EF7FE1329C44:t2, leader=null, voted=null, raftlog=9f3dcedd-2157-4ae4-b723-f54bfee8d9ce@group-EF7FE1329C44-SegmentedRaftLog:OPENED:c-1,f-1,i0, conf=-1: [2432123a-b439-42d5-83b4-1981f0fa2384|rpc:10.1.0.17:39429|priority:0, 1d4e4b2f-e6a0-4223-b62b-246b29415176|rpc:10.1.0.17:44219|priority:0, 9f3dcedd-2157-4ae4-b723-f54bfee8d9ce|rpc:10.1.0.17:40315|priority:1], old=null
2021-10-10 13:46:30,704 [1d4e4b2f-e6a0-4223-b62b-246b29415176@group-EF7FE1329C44-LeaderElection65] INFO  impl.LeaderElection (LeaderElection.java:logAndReturn(89)) - 1d4e4b2f-e6a0-4223-b62b-246b29415176@group-EF7FE1329C44-LeaderElection65: ELECTION REJECTED received 1 response(s) and 0 exception(s):
2021-10-10 13:46:30,704 [1d4e4b2f-e6a0-4223-b62b-246b29415176@group-EF7FE1329C44-LeaderElection65] INFO  impl.LeaderElection (LeaderElection.java:logAndReturn(93)) -   Response 0: 1d4e4b2f-e6a0-4223-b62b-246b29415176<-9f3dcedd-2157-4ae4-b723-f54bfee8d9ce#0:FAIL-t2
2021-10-10 13:46:30,704 [1d4e4b2f-e6a0-4223-b62b-246b29415176@group-EF7FE1329C44-LeaderElection65] INFO  impl.LeaderElection (LeaderElection.java:askForVotes(308)) - 1d4e4b2f-e6a0-4223-b62b-246b29415176@group-EF7FE1329C44-LeaderElection65 ELECTION round 0: result REJECTED
2021-10-10 13:46:30,704 [1d4e4b2f-e6a0-4223-b62b-246b29415176@group-EF7FE1329C44-LeaderElection65] INFO  server.RaftServer$Division (RaftServerImpl.java:setRole(285)) - 1d4e4b2f-e6a0-4223-b62b-246b29415176@group-EF7FE1329C44: changes role from CANDIDATE to FOLLOWER at term 2 for REJECTED
2021-10-10 13:46:30,704 [1d4e4b2f-e6a0-4223-b62b-246b29415176@group-EF7FE1329C44-LeaderElection65] INFO  impl.RoleInfo (RoleInfo.java:shutdownLeaderElection(121)) - 1d4e4b2f-e6a0-4223-b62b-246b29415176: shutdown 1d4e4b2f-e6a0-4223-b62b-246b29415176@group-EF7FE1329C44-LeaderElection65
2021-10-10 13:46:30,704 [1d4e4b2f-e6a0-4223-b62b-246b29415176@group-EF7FE1329C44-LeaderElection65] INFO  impl.RoleInfo (RoleInfo.java:updateAndGet(130)) - 1d4e4b2f-e6a0-4223-b62b-246b29415176: start 1d4e4b2f-e6a0-4223-b62b-246b29415176@group-EF7FE1329C44-FollowerState
2021-10-10 13:46:30,707 [grpc-default-executor-4] INFO  server.RaftServer$Division (RaftServerImpl.java:requestVote(1075)) - 2432123a-b439-42d5-83b4-1981f0fa2384@group-EF7FE1329C44 replies to ELECTION vote request: 1d4e4b2f-e6a0-4223-b62b-246b29415176<-2432123a-b439-42d5-83b4-1981f0fa2384#0:OK-t2. Peer's state: 2432123a-b439-42d5-83b4-1981f0fa2384@group-EF7FE1329C44:t2, leader=null, voted=1d4e4b2f-e6a0-4223-b62b-246b29415176, raftlog=2432123a-b439-42d5-83b4-1981f0fa2384@group-EF7FE1329C44-SegmentedRaftLog:OPENED:c-1,f-1,i0, conf=-1: [2432123a-b439-42d5-83b4-1981f0fa2384|rpc:10.1.0.17:39429|dataStream:|priority:0, 1d4e4b2f-e6a0-4223-b62b-246b29415176|rpc:10.1.0.17:44219|dataStream:|priority:0, 9f3dcedd-2157-4ae4-b723-f54bfee8d9ce|rpc:10.1.0.17:40315|dataStream:|priority:1], old=null
2021-10-10 13:46:33,884 [Datanode State Machine Thread - 0] WARN  statemachine.StateContext (StateContext.java:execute(621)) - No available thread in pool for past 1 seconds.
2021-10-10 13:46:34,266 [52be5aae-b0d8-4d04-b923-225165c5914d@group-CD7BCB0E62FF-FollowerState] INFO  impl.FollowerState (FollowerState.java:run(134)) - 52be5aae-b0d8-4d04-b923-225165c5914d@group-CD7BCB0E62FF-FollowerState: change to CANDIDATE, lastRpcElapsedTime:5081273689ns, electionTimeout:5052ms
2021-10-10 13:46:34,266 [52be5aae-b0d8-4d04-b923-225165c5914d@group-CD7BCB0E62FF-FollowerState] INFO  impl.RoleInfo (RoleInfo.java:shutdownFollowerState(108)) - 52be5aae-b0d8-4d04-b923-225165c5914d: shutdown 52be5aae-b0d8-4d04-b923-225165c5914d@group-CD7BCB0E62FF-FollowerState
2021-10-10 13:46:34,266 [52be5aae-b0d8-4d04-b923-225165c5914d@group-CD7BCB0E62FF-FollowerState] INFO  server.RaftServer$Division (RaftServerImpl.java:setRole(285)) - 52be5aae-b0d8-4d04-b923-225165c5914d@group-CD7BCB0E62FF: changes role from  FOLLOWER to CANDIDATE at term 2 for changeToCandidate
2021-10-10 13:46:34,267 [52be5aae-b0d8-4d04-b923-225165c5914d@group-CD7BCB0E62FF-FollowerState] INFO  server.RaftServerConfigKeys (ConfUtils.java:logGet(44)) - raft.server.leaderelection.pre-vote = false (custom)
2021-10-10 13:46:34,267 [52be5aae-b0d8-4d04-b923-225165c5914d@group-CD7BCB0E62FF-FollowerState] INFO  impl.RoleInfo (RoleInfo.java:updateAndGet(130)) - 52be5aae-b0d8-4d04-b923-225165c5914d: start 52be5aae-b0d8-4d04-b923-225165c5914d@group-CD7BCB0E62FF-LeaderElection66
2021-10-10 13:46:34,267 [f0a8fd88-2511-4bc8-952c-803d3ca6483c@group-CD7BCB0E62FF-FollowerState] INFO  impl.FollowerState (FollowerState.java:run(134)) - f0a8fd88-2511-4bc8-952c-803d3ca6483c@group-CD7BCB0E62FF-FollowerState: change to CANDIDATE, lastRpcElapsedTime:5053527580ns, electionTimeout:5050ms
2021-10-10 13:46:34,267 [f0a8fd88-2511-4bc8-952c-803d3ca6483c@group-CD7BCB0E62FF-FollowerState] INFO  impl.RoleInfo (RoleInfo.java:shutdownFollowerState(108)) - f0a8fd88-2511-4bc8-952c-803d3ca6483c: shutdown f0a8fd88-2511-4bc8-952c-803d3ca6483c@group-CD7BCB0E62FF-FollowerState
2021-10-10 13:46:34,267 [f0a8fd88-2511-4bc8-952c-803d3ca6483c@group-CD7BCB0E62FF-FollowerState] INFO  server.RaftServer$Division (RaftServerImpl.java:setRole(285)) - f0a8fd88-2511-4bc8-952c-803d3ca6483c@group-CD7BCB0E62FF: changes role from  FOLLOWER to CANDIDATE at term 2 for changeToCandidate
2021-10-10 13:46:34,267 [f0a8fd88-2511-4bc8-952c-803d3ca6483c@group-CD7BCB0E62FF-FollowerState] INFO  server.RaftServerConfigKeys (ConfUtils.java:logGet(44)) - raft.server.leaderelection.pre-vote = false (custom)
2021-10-10 13:46:34,267 [f0a8fd88-2511-4bc8-952c-803d3ca6483c@group-CD7BCB0E62FF-FollowerState] INFO  impl.RoleInfo (RoleInfo.java:updateAndGet(130)) - f0a8fd88-2511-4bc8-952c-803d3ca6483c: start f0a8fd88-2511-4bc8-952c-803d3ca6483c@group-CD7BCB0E62FF-LeaderElection67
2021-10-10 13:46:34,269 [52be5aae-b0d8-4d04-b923-225165c5914d@group-CD7BCB0E62FF-LeaderElection66] INFO  impl.LeaderElection (LeaderElection.java:askForVotes(306)) - 52be5aae-b0d8-4d04-b923-225165c5914d@group-CD7BCB0E62FF-LeaderElection66 ELECTION round 0: submit vote requests at term 3 for -1: [c90bef4f-1c21-43c2-97aa-1f5cf6648a6f|rpc:10.1.0.17:44117|dataStream:|priority:0, f0a8fd88-2511-4bc8-952c-803d3ca6483c|rpc:10.1.0.17:45269|dataStream:|priority:0, 52be5aae-b0d8-4d04-b923-225165c5914d|rpc:10.1.0.17:37435|dataStream:|priority:1], old=null
2021-10-10 13:46:34,275 [f0a8fd88-2511-4bc8-952c-803d3ca6483c@group-CD7BCB0E62FF-LeaderElection67] INFO  impl.LeaderElection (LeaderElection.java:askForVotes(306)) - f0a8fd88-2511-4bc8-952c-803d3ca6483c@group-CD7BCB0E62FF-LeaderElection67 ELECTION round 0: submit vote requests at term 3 for -1: [c90bef4f-1c21-43c2-97aa-1f5cf6648a6f|rpc:10.1.0.17:44117|priority:0, f0a8fd88-2511-4bc8-952c-803d3ca6483c|rpc:10.1.0.17:45269|priority:0, 52be5aae-b0d8-4d04-b923-225165c5914d|rpc:10.1.0.17:37435|priority:1], old=null
2021-10-10 13:46:34,277 [grpc-default-executor-2] INFO  server.RaftServer$Division (RaftServerImpl.java:requestVote(1043)) - c90bef4f-1c21-43c2-97aa-1f5cf6648a6f@group-CD7BCB0E62FF: receive requestVote(ELECTION, f0a8fd88-2511-4bc8-952c-803d3ca6483c, group-CD7BCB0E62FF, 3, (t:0, i:0))
2021-10-10 13:46:34,277 [grpc-default-executor-2] INFO  impl.VoteContext (VoteContext.java:log(48)) - c90bef4f-1c21-43c2-97aa-1f5cf6648a6f@group-CD7BCB0E62FF-FOLLOWER: accept ELECTION from f0a8fd88-2511-4bc8-952c-803d3ca6483c: our priority 0 <= candidate's priority 0
2021-10-10 13:46:34,278 [grpc-default-executor-2] INFO  server.RaftServer$Division (RaftServerImpl.java:setRole(285)) - c90bef4f-1c21-43c2-97aa-1f5cf6648a6f@group-CD7BCB0E62FF: changes role from  FOLLOWER to FOLLOWER at term 3 for candidate:f0a8fd88-2511-4bc8-952c-803d3ca6483c
2021-10-10 13:46:34,278 [grpc-default-executor-2] INFO  impl.RoleInfo (RoleInfo.java:shutdownFollowerState(108)) - c90bef4f-1c21-43c2-97aa-1f5cf6648a6f: shutdown c90bef4f-1c21-43c2-97aa-1f5cf6648a6f@group-CD7BCB0E62FF-FollowerState
2021-10-10 13:46:34,279 [grpc-default-executor-4] INFO  server.RaftServer$Division (RaftServerImpl.java:requestVote(1043)) - 52be5aae-b0d8-4d04-b923-225165c5914d@group-CD7BCB0E62FF: receive requestVote(ELECTION, f0a8fd88-2511-4bc8-952c-803d3ca6483c, group-CD7BCB0E62FF, 3, (t:0, i:0))
2021-10-10 13:46:34,279 [grpc-default-executor-4] INFO  impl.VoteContext (VoteContext.java:log(48)) - 52be5aae-b0d8-4d04-b923-225165c5914d@group-CD7BCB0E62FF-CANDIDATE: reject ELECTION from f0a8fd88-2511-4bc8-952c-803d3ca6483c: already has voted for 52be5aae-b0d8-4d04-b923-225165c5914d at current term 3
2021-10-10 13:46:34,279 [grpc-default-executor-4] INFO  server.RaftServer$Division (RaftServerImpl.java:requestVote(1075)) - 52be5aae-b0d8-4d04-b923-225165c5914d@group-CD7BCB0E62FF replies to ELECTION vote request: f0a8fd88-2511-4bc8-952c-803d3ca6483c<-52be5aae-b0d8-4d04-b923-225165c5914d#0:FAIL-t3. Peer's state: 52be5aae-b0d8-4d04-b923-225165c5914d@group-CD7BCB0E62FF:t3, leader=null, voted=52be5aae-b0d8-4d04-b923-225165c5914d, raftlog=52be5aae-b0d8-4d04-b923-225165c5914d@group-CD7BCB0E62FF-SegmentedRaftLog:OPENED:c-1,f-1,i0, conf=-1: [c90bef4f-1c21-43c2-97aa-1f5cf6648a6f|rpc:10.1.0.17:44117|dataStream:|priority:0, f0a8fd88-2511-4bc8-952c-803d3ca6483c|rpc:10.1.0.17:45269|dataStream:|priority:0, 52be5aae-b0d8-4d04-b923-225165c5914d|rpc:10.1.0.17:37435|dataStream:|priority:1], old=null
2021-10-10 13:46:34,287 [grpc-default-executor-2] INFO  impl.RoleInfo (RoleInfo.java:updateAndGet(130)) - c90bef4f-1c21-43c2-97aa-1f5cf6648a6f: start c90bef4f-1c21-43c2-97aa-1f5cf6648a6f@group-CD7BCB0E62FF-FollowerState
2021-10-10 13:46:34,287 [c90bef4f-1c21-43c2-97aa-1f5cf6648a6f@group-CD7BCB0E62FF-FollowerState] INFO  impl.FollowerState (FollowerState.java:run(143)) - c90bef4f-1c21-43c2-97aa-1f5cf6648a6f@group-CD7BCB0E62FF-FollowerState was interrupted: {}
java.lang.InterruptedException: sleep interrupted
	at java.lang.Thread.sleep(Native Method)
	at java.lang.Thread.sleep(Thread.java:340)
	at java.util.concurrent.TimeUnit.sleep(TimeUnit.java:386)
	at org.apache.ratis.util.TimeDuration.sleep(TimeDuration.java:324)
	at org.apache.ratis.util.TimeDuration.sleep(TimeDuration.java:309)
	at org.apache.ratis.server.impl.FollowerState.run(FollowerState.java:118)
2021-10-10 13:46:34,315 [grpc-default-executor-2] INFO  server.RaftServer$Division (RaftServerImpl.java:requestVote(1075)) - c90bef4f-1c21-43c2-97aa-1f5cf6648a6f@group-CD7BCB0E62FF replies to ELECTION vote request: f0a8fd88-2511-4bc8-952c-803d3ca6483c<-c90bef4f-1c21-43c2-97aa-1f5cf6648a6f#0:OK-t3. Peer's state: c90bef4f-1c21-43c2-97aa-1f5cf6648a6f@group-CD7BCB0E62FF:t3, leader=null, voted=f0a8fd88-2511-4bc8-952c-803d3ca6483c, raftlog=c90bef4f-1c21-43c2-97aa-1f5cf6648a6f@group-CD7BCB0E62FF-SegmentedRaftLog:OPENED:c-1,f-1,i0, conf=-1: [c90bef4f-1c21-43c2-97aa-1f5cf6648a6f|rpc:10.1.0.17:44117|priority:0, f0a8fd88-2511-4bc8-952c-803d3ca6483c|rpc:10.1.0.17:45269|priority:0, 52be5aae-b0d8-4d04-b923-225165c5914d|rpc:10.1.0.17:37435|priority:1], old=null
2021-10-10 13:46:34,359 [f0a8fd88-2511-4bc8-952c-803d3ca6483c@group-CD7BCB0E62FF-LeaderElection67] INFO  impl.LeaderElection (LeaderElection.java:logAndReturn(89)) - f0a8fd88-2511-4bc8-952c-803d3ca6483c@group-CD7BCB0E62FF-LeaderElection67: ELECTION REJECTED received 1 response(s) and 0 exception(s):
2021-10-10 13:46:34,359 [f0a8fd88-2511-4bc8-952c-803d3ca6483c@group-CD7BCB0E62FF-LeaderElection67] INFO  impl.LeaderElection (LeaderElection.java:logAndReturn(93)) -   Response 0: f0a8fd88-2511-4bc8-952c-803d3ca6483c<-52be5aae-b0d8-4d04-b923-225165c5914d#0:FAIL-t3
2021-10-10 13:46:34,359 [f0a8fd88-2511-4bc8-952c-803d3ca6483c@group-CD7BCB0E62FF-LeaderElection67] INFO  impl.LeaderElection (LeaderElection.java:askForVotes(308)) - f0a8fd88-2511-4bc8-952c-803d3ca6483c@group-CD7BCB0E62FF-LeaderElection67 ELECTION round 0: result REJECTED
2021-10-10 13:46:34,359 [f0a8fd88-2511-4bc8-952c-803d3ca6483c@group-CD7BCB0E62FF-LeaderElection67] INFO  server.RaftServer$Division (RaftServerImpl.java:setRole(285)) - f0a8fd88-2511-4bc8-952c-803d3ca6483c@group-CD7BCB0E62FF: changes role from CANDIDATE to FOLLOWER at term 3 for REJECTED
2021-10-10 13:46:34,359 [f0a8fd88-2511-4bc8-952c-803d3ca6483c@group-CD7BCB0E62FF-LeaderElection67] INFO  impl.RoleInfo (RoleInfo.java:shutdownLeaderElection(121)) - f0a8fd88-2511-4bc8-952c-803d3ca6483c: shutdown f0a8fd88-2511-4bc8-952c-803d3ca6483c@group-CD7BCB0E62FF-LeaderElection67
2021-10-10 13:46:34,360 [f0a8fd88-2511-4bc8-952c-803d3ca6483c@group-CD7BCB0E62FF-LeaderElection67] INFO  impl.RoleInfo (RoleInfo.java:updateAndGet(130)) - f0a8fd88-2511-4bc8-952c-803d3ca6483c: start f0a8fd88-2511-4bc8-952c-803d3ca6483c@group-CD7BCB0E62FF-FollowerState
2021-10-10 13:46:34,362 [grpc-default-executor-4] INFO  server.RaftServer$Division (RaftServerImpl.java:requestVote(1043)) - c90bef4f-1c21-43c2-97aa-1f5cf6648a6f@group-CD7BCB0E62FF: receive requestVote(ELECTION, 52be5aae-b0d8-4d04-b923-225165c5914d, group-CD7BCB0E62FF, 3, (t:0, i:0))
2021-10-10 13:46:34,362 [grpc-default-executor-4] INFO  impl.VoteContext (VoteContext.java:log(48)) - c90bef4f-1c21-43c2-97aa-1f5cf6648a6f@group-CD7BCB0E62FF-FOLLOWER: reject ELECTION from 52be5aae-b0d8-4d04-b923-225165c5914d: already has voted for f0a8fd88-2511-4bc8-952c-803d3ca6483c at current term 3
2021-10-10 13:46:34,362 [grpc-default-executor-4] INFO  server.RaftServer$Division (RaftServerImpl.java:requestVote(1075)) - c90bef4f-1c21-43c2-97aa-1f5cf6648a6f@group-CD7BCB0E62FF replies to ELECTION vote request: 52be5aae-b0d8-4d04-b923-225165c5914d<-c90bef4f-1c21-43c2-97aa-1f5cf6648a6f#0:FAIL-t3. Peer's state: c90bef4f-1c21-43c2-97aa-1f5cf6648a6f@group-CD7BCB0E62FF:t3, leader=null, voted=f0a8fd88-2511-4bc8-952c-803d3ca6483c, raftlog=c90bef4f-1c21-43c2-97aa-1f5cf6648a6f@group-CD7BCB0E62FF-SegmentedRaftLog:OPENED:c-1,f-1,i0, conf=-1: [c90bef4f-1c21-43c2-97aa-1f5cf6648a6f|rpc:10.1.0.17:44117|priority:0, f0a8fd88-2511-4bc8-952c-803d3ca6483c|rpc:10.1.0.17:45269|priority:0, 52be5aae-b0d8-4d04-b923-225165c5914d|rpc:10.1.0.17:37435|priority:1], old=null
2021-10-10 13:46:34,384 [grpc-default-executor-2] INFO  server.RaftServer$Division (RaftServerImpl.java:requestVote(1043)) - f0a8fd88-2511-4bc8-952c-803d3ca6483c@group-CD7BCB0E62FF: receive requestVote(ELECTION, 52be5aae-b0d8-4d04-b923-225165c5914d, group-CD7BCB0E62FF, 3, (t:0, i:0))
2021-10-10 13:46:34,384 [grpc-default-executor-2] INFO  impl.VoteContext (VoteContext.java:log(48)) - f0a8fd88-2511-4bc8-952c-803d3ca6483c@group-CD7BCB0E62FF-FOLLOWER: reject ELECTION from 52be5aae-b0d8-4d04-b923-225165c5914d: already has voted for f0a8fd88-2511-4bc8-952c-803d3ca6483c at current term 3
2021-10-10 13:46:34,384 [grpc-default-executor-2] INFO  server.RaftServer$Division (RaftServerImpl.java:requestVote(1075)) - f0a8fd88-2511-4bc8-952c-803d3ca6483c@group-CD7BCB0E62FF replies to ELECTION vote request: 52be5aae-b0d8-4d04-b923-225165c5914d<-f0a8fd88-2511-4bc8-952c-803d3ca6483c#0:FAIL-t3. Peer's state: f0a8fd88-2511-4bc8-952c-803d3ca6483c@group-CD7BCB0E62FF:t3, leader=null, voted=f0a8fd88-2511-4bc8-952c-803d3ca6483c, raftlog=f0a8fd88-2511-4bc8-952c-803d3ca6483c@group-CD7BCB0E62FF-SegmentedRaftLog:OPENED:c-1,f-1,i0, conf=-1: [c90bef4f-1c21-43c2-97aa-1f5cf6648a6f|rpc:10.1.0.17:44117|priority:0, f0a8fd88-2511-4bc8-952c-803d3ca6483c|rpc:10.1.0.17:45269|priority:0, 52be5aae-b0d8-4d04-b923-225165c5914d|rpc:10.1.0.17:37435|priority:1], old=null
2021-10-10 13:46:34,395 [52be5aae-b0d8-4d04-b923-225165c5914d@group-CD7BCB0E62FF-LeaderElection66] INFO  impl.LeaderElection (LeaderElection.java:logAndReturn(89)) - 52be5aae-b0d8-4d04-b923-225165c5914d@group-CD7BCB0E62FF-LeaderElection66: ELECTION REJECTED received 2 response(s) and 0 exception(s):
2021-10-10 13:46:34,395 [52be5aae-b0d8-4d04-b923-225165c5914d@group-CD7BCB0E62FF-LeaderElection66] INFO  impl.LeaderElection (LeaderElection.java:logAndReturn(93)) -   Response 0: 52be5aae-b0d8-4d04-b923-225165c5914d<-c90bef4f-1c21-43c2-97aa-1f5cf6648a6f#0:FAIL-t3
2021-10-10 13:46:34,396 [52be5aae-b0d8-4d04-b923-225165c5914d@group-CD7BCB0E62FF-LeaderElection66] INFO  impl.LeaderElection (LeaderElection.java:logAndReturn(93)) -   Response 1: 52be5aae-b0d8-4d04-b923-225165c5914d<-f0a8fd88-2511-4bc8-952c-803d3ca6483c#0:FAIL-t3
2021-10-10 13:46:34,396 [52be5aae-b0d8-4d04-b923-225165c5914d@group-CD7BCB0E62FF-LeaderElection66] INFO  impl.LeaderElection (LeaderElection.java:askForVotes(308)) - 52be5aae-b0d8-4d04-b923-225165c5914d@group-CD7BCB0E62FF-LeaderElection66 ELECTION round 0: result REJECTED
2021-10-10 13:46:34,396 [52be5aae-b0d8-4d04-b923-225165c5914d@group-CD7BCB0E62FF-LeaderElection66] INFO  server.RaftServer$Division (RaftServerImpl.java:setRole(285)) - 52be5aae-b0d8-4d04-b923-225165c5914d@group-CD7BCB0E62FF: changes role from CANDIDATE to FOLLOWER at term 3 for REJECTED
2021-10-10 13:46:34,396 [52be5aae-b0d8-4d04-b923-225165c5914d@group-CD7BCB0E62FF-LeaderElection66] INFO  impl.RoleInfo (RoleInfo.java:shutdownLeaderElection(121)) - 52be5aae-b0d8-4d04-b923-225165c5914d: shutdown 52be5aae-b0d8-4d04-b923-225165c5914d@group-CD7BCB0E62FF-LeaderElection66
2021-10-10 13:46:34,396 [52be5aae-b0d8-4d04-b923-225165c5914d@group-CD7BCB0E62FF-LeaderElection66] INFO  impl.RoleInfo (RoleInfo.java:updateAndGet(130)) - 52be5aae-b0d8-4d04-b923-225165c5914d: start 52be5aae-b0d8-4d04-b923-225165c5914d@group-CD7BCB0E62FF-FollowerState
2021-10-10 13:46:35,784 [1d4e4b2f-e6a0-4223-b62b-246b29415176@group-EF7FE1329C44-FollowerState] INFO  impl.FollowerState (FollowerState.java:run(134)) - 1d4e4b2f-e6a0-4223-b62b-246b29415176@group-EF7FE1329C44-FollowerState: change to CANDIDATE, lastRpcElapsedTime:5079415583ns, electionTimeout:5070ms
2021-10-10 13:46:35,784 [1d4e4b2f-e6a0-4223-b62b-246b29415176@group-EF7FE1329C44-FollowerState] INFO  impl.RoleInfo (RoleInfo.java:shutdownFollowerState(108)) - 1d4e4b2f-e6a0-4223-b62b-246b29415176: shutdown 1d4e4b2f-e6a0-4223-b62b-246b29415176@group-EF7FE1329C44-FollowerState
2021-10-10 13:46:35,784 [1d4e4b2f-e6a0-4223-b62b-246b29415176@group-EF7FE1329C44-FollowerState] INFO  server.RaftServer$Division (RaftServerImpl.java:setRole(285)) - 1d4e4b2f-e6a0-4223-b62b-246b29415176@group-EF7FE1329C44: changes role from  FOLLOWER to CANDIDATE at term 2 for changeToCandidate
2021-10-10 13:46:35,784 [1d4e4b2f-e6a0-4223-b62b-246b29415176@group-EF7FE1329C44-FollowerState] INFO  server.RaftServerConfigKeys (ConfUtils.java:logGet(44)) - raft.server.leaderelection.pre-vote = false (custom)
2021-10-10 13:46:35,784 [1d4e4b2f-e6a0-4223-b62b-246b29415176@group-EF7FE1329C44-FollowerState] INFO  impl.RoleInfo (RoleInfo.java:updateAndGet(130)) - 1d4e4b2f-e6a0-4223-b62b-246b29415176: start 1d4e4b2f-e6a0-4223-b62b-246b29415176@group-EF7FE1329C44-LeaderElection68
2021-10-10 13:46:35,809 [1d4e4b2f-e6a0-4223-b62b-246b29415176@group-EF7FE1329C44-LeaderElection68] INFO  impl.LeaderElection (LeaderElection.java:askForVotes(306)) - 1d4e4b2f-e6a0-4223-b62b-246b29415176@group-EF7FE1329C44-LeaderElection68 ELECTION round 0: submit vote requests at term 3 for -1: [2432123a-b439-42d5-83b4-1981f0fa2384|rpc:10.1.0.17:39429|priority:0, 1d4e4b2f-e6a0-4223-b62b-246b29415176|rpc:10.1.0.17:44219|priority:0, 9f3dcedd-2157-4ae4-b723-f54bfee8d9ce|rpc:10.1.0.17:40315|priority:1], old=null
2021-10-10 13:46:35,811 [grpc-default-executor-2] INFO  server.RaftServer$Division (RaftServerImpl.java:requestVote(1043)) - 2432123a-b439-42d5-83b4-1981f0fa2384@group-EF7FE1329C44: receive requestVote(ELECTION, 1d4e4b2f-e6a0-4223-b62b-246b29415176, group-EF7FE1329C44, 3, (t:0, i:0))
2021-10-10 13:46:35,811 [grpc-default-executor-2] INFO  impl.VoteContext (VoteContext.java:log(48)) - 2432123a-b439-42d5-83b4-1981f0fa2384@group-EF7FE1329C44-FOLLOWER: accept ELECTION from 1d4e4b2f-e6a0-4223-b62b-246b29415176: our priority 0 <= candidate's priority 0
2021-10-10 13:46:35,811 [grpc-default-executor-2] INFO  server.RaftServer$Division (RaftServerImpl.java:setRole(285)) - 2432123a-b439-42d5-83b4-1981f0fa2384@group-EF7FE1329C44: changes role from  FOLLOWER to FOLLOWER at term 3 for candidate:1d4e4b2f-e6a0-4223-b62b-246b29415176
2021-10-10 13:46:35,811 [grpc-default-executor-2] INFO  impl.RoleInfo (RoleInfo.java:shutdownFollowerState(108)) - 2432123a-b439-42d5-83b4-1981f0fa2384: shutdown 2432123a-b439-42d5-83b4-1981f0fa2384@group-EF7FE1329C44-FollowerState
2021-10-10 13:46:35,822 [grpc-default-executor-2] INFO  impl.RoleInfo (RoleInfo.java:updateAndGet(130)) - 2432123a-b439-42d5-83b4-1981f0fa2384: start 2432123a-b439-42d5-83b4-1981f0fa2384@group-EF7FE1329C44-FollowerState
2021-10-10 13:46:35,822 [2432123a-b439-42d5-83b4-1981f0fa2384@group-EF7FE1329C44-FollowerState] INFO  impl.FollowerState (FollowerState.java:run(143)) - 2432123a-b439-42d5-83b4-1981f0fa2384@group-EF7FE1329C44-FollowerState was interrupted: {}
java.lang.InterruptedException: sleep interrupted
	at java.lang.Thread.sleep(Native Method)
	at java.lang.Thread.sleep(Thread.java:340)
	at java.util.concurrent.TimeUnit.sleep(TimeUnit.java:386)
	at org.apache.ratis.util.TimeDuration.sleep(TimeDuration.java:324)
	at org.apache.ratis.util.TimeDuration.sleep(TimeDuration.java:309)
	at org.apache.ratis.server.impl.FollowerState.run(FollowerState.java:118)
2021-10-10 13:46:35,830 [grpc-default-executor-4] INFO  server.RaftServer$Division (RaftServerImpl.java:requestVote(1043)) - 9f3dcedd-2157-4ae4-b723-f54bfee8d9ce@group-EF7FE1329C44: receive requestVote(ELECTION, 1d4e4b2f-e6a0-4223-b62b-246b29415176, group-EF7FE1329C44, 3, (t:0, i:0))
2021-10-10 13:46:35,830 [grpc-default-executor-4] INFO  impl.VoteContext (VoteContext.java:log(48)) - 9f3dcedd-2157-4ae4-b723-f54bfee8d9ce@group-EF7FE1329C44-FOLLOWER: reject ELECTION from 1d4e4b2f-e6a0-4223-b62b-246b29415176: our priority 1 > candidate's priority 0
2021-10-10 13:46:35,831 [grpc-default-executor-4] INFO  server.RaftServer$Division (RaftServerImpl.java:setRole(285)) - 9f3dcedd-2157-4ae4-b723-f54bfee8d9ce@group-EF7FE1329C44: changes role from  FOLLOWER to FOLLOWER at term 3 for candidate:1d4e4b2f-e6a0-4223-b62b-246b29415176
2021-10-10 13:46:35,831 [grpc-default-executor-4] INFO  impl.RoleInfo (RoleInfo.java:shutdownFollowerState(108)) - 9f3dcedd-2157-4ae4-b723-f54bfee8d9ce: shutdown 9f3dcedd-2157-4ae4-b723-f54bfee8d9ce@group-EF7FE1329C44-FollowerState
2021-10-10 13:46:35,835 [grpc-default-executor-4] INFO  impl.RoleInfo (RoleInfo.java:updateAndGet(130)) - 9f3dcedd-2157-4ae4-b723-f54bfee8d9ce: start 9f3dcedd-2157-4ae4-b723-f54bfee8d9ce@group-EF7FE1329C44-FollowerState
2021-10-10 13:46:35,835 [9f3dcedd-2157-4ae4-b723-f54bfee8d9ce@group-EF7FE1329C44-FollowerState] INFO  impl.FollowerState (FollowerState.java:run(143)) - 9f3dcedd-2157-4ae4-b723-f54bfee8d9ce@group-EF7FE1329C44-FollowerState was interrupted: {}
java.lang.InterruptedException: sleep interrupted
	at java.lang.Thread.sleep(Native Method)
	at java.lang.Thread.sleep(Thread.java:340)
	at java.util.concurrent.TimeUnit.sleep(TimeUnit.java:386)
	at org.apache.ratis.util.TimeDuration.sleep(TimeDuration.java:324)
	at org.apache.ratis.util.TimeDuration.sleep(TimeDuration.java:309)
	at org.apache.ratis.server.impl.FollowerState.run(FollowerState.java:118)
2021-10-10 13:46:35,837 [grpc-default-executor-2] INFO  server.RaftServer$Division (RaftServerImpl.java:requestVote(1075)) - 2432123a-b439-42d5-83b4-1981f0fa2384@group-EF7FE1329C44 replies to ELECTION vote request: 1d4e4b2f-e6a0-4223-b62b-246b29415176<-2432123a-b439-42d5-83b4-1981f0fa2384#0:OK-t3. Peer's state: 2432123a-b439-42d5-83b4-1981f0fa2384@group-EF7FE1329C44:t3, leader=null, voted=1d4e4b2f-e6a0-4223-b62b-246b29415176, raftlog=2432123a-b439-42d5-83b4-1981f0fa2384@group-EF7FE1329C44-SegmentedRaftLog:OPENED:c-1,f-1,i0, conf=-1: [2432123a-b439-42d5-83b4-1981f0fa2384|rpc:10.1.0.17:39429|dataStream:|priority:0, 1d4e4b2f-e6a0-4223-b62b-246b29415176|rpc:10.1.0.17:44219|dataStream:|priority:0, 9f3dcedd-2157-4ae4-b723-f54bfee8d9ce|rpc:10.1.0.17:40315|dataStream:|priority:1], old=null
2021-10-10 13:46:35,851 [grpc-default-executor-4] INFO  server.RaftServer$Division (RaftServerImpl.java:requestVote(1075)) - 9f3dcedd-2157-4ae4-b723-f54bfee8d9ce@group-EF7FE1329C44 replies to ELECTION vote request: 1d4e4b2f-e6a0-4223-b62b-246b29415176<-9f3dcedd-2157-4ae4-b723-f54bfee8d9ce#0:FAIL-t3. Peer's state: 9f3dcedd-2157-4ae4-b723-f54bfee8d9ce@group-EF7FE1329C44:t3, leader=null, voted=null, raftlog=9f3dcedd-2157-4ae4-b723-f54bfee8d9ce@group-EF7FE1329C44-SegmentedRaftLog:OPENED:c-1,f-1,i0, conf=-1: [2432123a-b439-42d5-83b4-1981f0fa2384|rpc:10.1.0.17:39429|priority:0, 1d4e4b2f-e6a0-4223-b62b-246b29415176|rpc:10.1.0.17:44219|priority:0, 9f3dcedd-2157-4ae4-b723-f54bfee8d9ce|rpc:10.1.0.17:40315|priority:1], old=null
2021-10-10 13:46:35,873 [1d4e4b2f-e6a0-4223-b62b-246b29415176@group-EF7FE1329C44-LeaderElection68] INFO  impl.LeaderElection (LeaderElection.java:logAndReturn(89)) - 1d4e4b2f-e6a0-4223-b62b-246b29415176@group-EF7FE1329C44-LeaderElection68: ELECTION REJECTED received 1 response(s) and 0 exception(s):
2021-10-10 13:46:35,873 [1d4e4b2f-e6a0-4223-b62b-246b29415176@group-EF7FE1329C44-LeaderElection68] INFO  impl.LeaderElection (LeaderElection.java:logAndReturn(93)) -   Response 0: 1d4e4b2f-e6a0-4223-b62b-246b29415176<-9f3dcedd-2157-4ae4-b723-f54bfee8d9ce#0:FAIL-t3
2021-10-10 13:46:35,873 [1d4e4b2f-e6a0-4223-b62b-246b29415176@group-EF7FE1329C44-LeaderElection68] INFO  impl.LeaderElection (LeaderElection.java:askForVotes(308)) - 1d4e4b2f-e6a0-4223-b62b-246b29415176@group-EF7FE1329C44-LeaderElection68 ELECTION round 0: result REJECTED
2021-10-10 13:46:35,873 [1d4e4b2f-e6a0-4223-b62b-246b29415176@group-EF7FE1329C44-LeaderElection68] INFO  server.RaftServer$Division (RaftServerImpl.java:setRole(285)) - 1d4e4b2f-e6a0-4223-b62b-246b29415176@group-EF7FE1329C44: changes role from CANDIDATE to FOLLOWER at term 3 for REJECTED
2021-10-10 13:46:35,873 [1d4e4b2f-e6a0-4223-b62b-246b29415176@group-EF7FE1329C44-LeaderElection68] INFO  impl.RoleInfo (RoleInfo.java:shutdownLeaderElection(121)) - 1d4e4b2f-e6a0-4223-b62b-246b29415176: shutdown 1d4e4b2f-e6a0-4223-b62b-246b29415176@group-EF7FE1329C44-LeaderElection68
2021-10-10 13:46:35,873 [1d4e4b2f-e6a0-4223-b62b-246b29415176@group-EF7FE1329C44-LeaderElection68] INFO  impl.RoleInfo (RoleInfo.java:updateAndGet(130)) - 1d4e4b2f-e6a0-4223-b62b-246b29415176: start 1d4e4b2f-e6a0-4223-b62b-246b29415176@group-EF7FE1329C44-FollowerState
2021-10-10 13:46:39,007 [Listener at 127.0.0.1/44821] INFO  ozoneimpl.OzoneContainer (OzoneContainer.java:stop(325)) - Attempting to stop container services.
2021-10-10 13:46:39,008 [Listener at 127.0.0.1/44821] INFO  server.RaftServer (RaftServerProxy.java:lambda$close$6(391)) - 9f3dcedd-2157-4ae4-b723-f54bfee8d9ce: close
2021-10-10 13:46:39,013 [Listener at 127.0.0.1/44821] INFO  server.RaftServer$Division (RaftServerImpl.java:lambda$close$4(407)) - 9f3dcedd-2157-4ae4-b723-f54bfee8d9ce@group-EF7FE1329C44: shutdown
2021-10-10 13:46:39,013 [Listener at 127.0.0.1/44821] INFO  util.JmxRegister (JmxRegister.java:unregister(73)) - Successfully un-registered JMX Bean with object name Ratis:service=RaftServer,group=group-EF7FE1329C44,id=9f3dcedd-2157-4ae4-b723-f54bfee8d9ce
2021-10-10 13:46:39,013 [Listener at 127.0.0.1/44821] INFO  impl.RoleInfo (RoleInfo.java:shutdownFollowerState(108)) - 9f3dcedd-2157-4ae4-b723-f54bfee8d9ce: shutdown 9f3dcedd-2157-4ae4-b723-f54bfee8d9ce@group-EF7FE1329C44-FollowerState
2021-10-10 13:46:39,013 [Listener at 127.0.0.1/44821] INFO  impl.StateMachineUpdater (StateMachineUpdater.java:stopAndJoin(149)) - 9f3dcedd-2157-4ae4-b723-f54bfee8d9ce@group-EF7FE1329C44-StateMachineUpdater: set stopIndex = -1
2021-10-10 13:46:39,013 [ForkJoinPool.commonPool-worker-0] INFO  server.RaftServer$Division (RaftServerImpl.java:lambda$close$4(407)) - 9f3dcedd-2157-4ae4-b723-f54bfee8d9ce@group-F3E1136D39A0: shutdown
2021-10-10 13:46:39,013 [ForkJoinPool.commonPool-worker-0] INFO  util.JmxRegister (JmxRegister.java:unregister(73)) - Successfully un-registered JMX Bean with object name Ratis:service=RaftServer,group=group-F3E1136D39A0,id=9f3dcedd-2157-4ae4-b723-f54bfee8d9ce
2021-10-10 13:46:39,013 [ForkJoinPool.commonPool-worker-0] INFO  impl.RoleInfo (RoleInfo.java:shutdownFollowerState(108)) - 9f3dcedd-2157-4ae4-b723-f54bfee8d9ce: shutdown 9f3dcedd-2157-4ae4-b723-f54bfee8d9ce@group-F3E1136D39A0-FollowerState
2021-10-10 13:46:39,014 [9f3dcedd-2157-4ae4-b723-f54bfee8d9ce@group-F3E1136D39A0-StateMachineUpdater] INFO  ratis.ContainerStateMachine (ContainerStateMachine.java:takeSnapshot(292)) - group-F3E1136D39A0: Taking a snapshot at:(t:1, i:0) file /home/runner/work/ozone/ozone/hadoop-ozone/integration-test/target/test-dir/MiniOzoneClusterImpl-0f145d0e-b24d-4882-976e-a7baa8a64dfe/datanode-4/data/ratis/16a067cd-1683-4cd8-a695-f3e1136d39a0/sm/snapshot.1_0
2021-10-10 13:46:39,014 [ForkJoinPool.commonPool-worker-0] INFO  impl.StateMachineUpdater (StateMachineUpdater.java:stopAndJoin(149)) - 9f3dcedd-2157-4ae4-b723-f54bfee8d9ce@group-F3E1136D39A0-StateMachineUpdater: set stopIndex = 0
2021-10-10 13:46:39,014 [9f3dcedd-2157-4ae4-b723-f54bfee8d9ce@group-F3E1136D39A0-FollowerState] INFO  impl.FollowerState (FollowerState.java:run(143)) - 9f3dcedd-2157-4ae4-b723-f54bfee8d9ce@group-F3E1136D39A0-FollowerState was interrupted: {}
java.lang.InterruptedException: sleep interrupted
	at java.lang.Thread.sleep(Native Method)
	at java.lang.Thread.sleep(Thread.java:340)
	at java.util.concurrent.TimeUnit.sleep(TimeUnit.java:386)
	at org.apache.ratis.util.TimeDuration.sleep(TimeDuration.java:324)
	at org.apache.ratis.util.TimeDuration.sleep(TimeDuration.java:309)
	at org.apache.ratis.server.impl.FollowerState.run(FollowerState.java:118)
2021-10-10 13:46:39,015 [9f3dcedd-2157-4ae4-b723-f54bfee8d9ce@group-EF7FE1329C44-FollowerState] INFO  impl.FollowerState (FollowerState.java:run(143)) - 9f3dcedd-2157-4ae4-b723-f54bfee8d9ce@group-EF7FE1329C44-FollowerState was interrupted: {}
java.lang.InterruptedException: sleep interrupted
	at java.lang.Thread.sleep(Native Method)
	at java.lang.Thread.sleep(Thread.java:340)
	at java.util.concurrent.TimeUnit.sleep(TimeUnit.java:386)
	at org.apache.ratis.util.TimeDuration.sleep(TimeDuration.java:324)
	at org.apache.ratis.util.TimeDuration.sleep(TimeDuration.java:309)
	at org.apache.ratis.server.impl.FollowerState.run(FollowerState.java:118)
2021-10-10 13:46:39,031 [9f3dcedd-2157-4ae4-b723-f54bfee8d9ce@group-F3E1136D39A0-StateMachineUpdater] INFO  ratis.ContainerStateMachine (ContainerStateMachine.java:takeSnapshot(303)) - group-F3E1136D39A0: Finished taking a snapshot at:(t:1, i:0) file:/home/runner/work/ozone/ozone/hadoop-ozone/integration-test/target/test-dir/MiniOzoneClusterImpl-0f145d0e-b24d-4882-976e-a7baa8a64dfe/datanode-4/data/ratis/16a067cd-1683-4cd8-a695-f3e1136d39a0/sm/snapshot.1_0 took: 18 ms
2021-10-10 13:46:39,032 [9f3dcedd-2157-4ae4-b723-f54bfee8d9ce@group-F3E1136D39A0-StateMachineUpdater] INFO  impl.StateMachineUpdater (StateMachineUpdater.java:takeSnapshot(281)) - 9f3dcedd-2157-4ae4-b723-f54bfee8d9ce@group-F3E1136D39A0-StateMachineUpdater: Took a snapshot at index 0
2021-10-10 13:46:39,032 [9f3dcedd-2157-4ae4-b723-f54bfee8d9ce@group-F3E1136D39A0-StateMachineUpdater] INFO  impl.StateMachineUpdater (StateMachineUpdater.java:lambda$new$0(89)) - 9f3dcedd-2157-4ae4-b723-f54bfee8d9ce@group-F3E1136D39A0-StateMachineUpdater: snapshotIndex: updateIncreasingly -1 -> 0
2021-10-10 13:46:39,033 [ForkJoinPool.commonPool-worker-0] INFO  server.RaftServer$Division (ServerState.java:close(419)) - 9f3dcedd-2157-4ae4-b723-f54bfee8d9ce@group-F3E1136D39A0: closes. applyIndex: 0
2021-10-10 13:46:39,033 [Listener at 127.0.0.1/44821] INFO  server.RaftServer$Division (ServerState.java:close(419)) - 9f3dcedd-2157-4ae4-b723-f54bfee8d9ce@group-EF7FE1329C44: closes. applyIndex: -1
2021-10-10 13:46:39,033 [9f3dcedd-2157-4ae4-b723-f54bfee8d9ce@group-F3E1136D39A0-SegmentedRaftLogWorker] INFO  segmented.SegmentedRaftLogWorker (SegmentedRaftLogWorker.java:run(327)) - 9f3dcedd-2157-4ae4-b723-f54bfee8d9ce@group-F3E1136D39A0-SegmentedRaftLogWorker was interrupted, exiting. There are 0 tasks remaining in the queue.
2021-10-10 13:46:39,034 [9f3dcedd-2157-4ae4-b723-f54bfee8d9ce@group-EF7FE1329C44-SegmentedRaftLogWorker] INFO  segmented.SegmentedRaftLogWorker (SegmentedRaftLogWorker.java:run(327)) - 9f3dcedd-2157-4ae4-b723-f54bfee8d9ce@group-EF7FE1329C44-SegmentedRaftLogWorker was interrupted, exiting. There are 0 tasks remaining in the queue.
2021-10-10 13:46:39,034 [Listener at 127.0.0.1/44821] INFO  segmented.SegmentedRaftLogWorker (SegmentedRaftLogWorker.java:close(237)) - 9f3dcedd-2157-4ae4-b723-f54bfee8d9ce@group-EF7FE1329C44-SegmentedRaftLogWorker close()
2021-10-10 13:46:39,037 [ForkJoinPool.commonPool-worker-0] INFO  segmented.SegmentedRaftLogWorker (SegmentedRaftLogWorker.java:close(237)) - 9f3dcedd-2157-4ae4-b723-f54bfee8d9ce@group-F3E1136D39A0-SegmentedRaftLogWorker close()
2021-10-10 13:46:39,043 [Listener at 127.0.0.1/44821] INFO  server.RaftServer$Division (RaftServerImpl.java:lambda$close$4(407)) - 9f3dcedd-2157-4ae4-b723-f54bfee8d9ce@group-7DFFF592C791: shutdown
2021-10-10 13:46:39,043 [Listener at 127.0.0.1/44821] INFO  util.JmxRegister (JmxRegister.java:unregister(73)) - Successfully un-registered JMX Bean with object name Ratis:service=RaftServer,group=group-7DFFF592C791,id=9f3dcedd-2157-4ae4-b723-f54bfee8d9ce
2021-10-10 13:46:39,043 [Listener at 127.0.0.1/44821] INFO  impl.RoleInfo (RoleInfo.java:shutdownLeaderState(91)) - 9f3dcedd-2157-4ae4-b723-f54bfee8d9ce: shutdown 9f3dcedd-2157-4ae4-b723-f54bfee8d9ce@group-7DFFF592C791-LeaderStateImpl
2021-10-10 13:46:39,043 [Listener at 127.0.0.1/44821] INFO  impl.PendingRequests (PendingRequests.java:sendNotLeaderResponses(282)) - 9f3dcedd-2157-4ae4-b723-f54bfee8d9ce@group-7DFFF592C791-PendingRequests: sendNotLeaderResponses
2021-10-10 13:46:39,064 [Listener at 127.0.0.1/44821] INFO  impl.StateMachineUpdater (StateMachineUpdater.java:stopAndJoin(149)) - 9f3dcedd-2157-4ae4-b723-f54bfee8d9ce@group-7DFFF592C791-StateMachineUpdater: set stopIndex = 11
2021-10-10 13:46:39,064 [9f3dcedd-2157-4ae4-b723-f54bfee8d9ce@group-7DFFF592C791-StateMachineUpdater] INFO  ratis.ContainerStateMachine (ContainerStateMachine.java:takeSnapshot(292)) - group-7DFFF592C791: Taking a snapshot at:(t:1, i:11) file /home/runner/work/ozone/ozone/hadoop-ozone/integration-test/target/test-dir/MiniOzoneClusterImpl-0f145d0e-b24d-4882-976e-a7baa8a64dfe/datanode-4/data/ratis/8bf488a0-0968-47a6-ae95-7dfff592c791/sm/snapshot.1_11
2021-10-10 13:46:39,066 [9f3dcedd-2157-4ae4-b723-f54bfee8d9ce@group-7DFFF592C791-StateMachineUpdater] INFO  ratis.ContainerStateMachine (ContainerStateMachine.java:takeSnapshot(303)) - group-7DFFF592C791: Finished taking a snapshot at:(t:1, i:11) file:/home/runner/work/ozone/ozone/hadoop-ozone/integration-test/target/test-dir/MiniOzoneClusterImpl-0f145d0e-b24d-4882-976e-a7baa8a64dfe/datanode-4/data/ratis/8bf488a0-0968-47a6-ae95-7dfff592c791/sm/snapshot.1_11 took: 2 ms
2021-10-10 13:46:39,066 [9f3dcedd-2157-4ae4-b723-f54bfee8d9ce@group-7DFFF592C791-StateMachineUpdater] INFO  impl.StateMachineUpdater (StateMachineUpdater.java:takeSnapshot(281)) - 9f3dcedd-2157-4ae4-b723-f54bfee8d9ce@group-7DFFF592C791-StateMachineUpdater: Took a snapshot at index 11
2021-10-10 13:46:39,066 [9f3dcedd-2157-4ae4-b723-f54bfee8d9ce@group-7DFFF592C791-StateMachineUpdater] INFO  impl.StateMachineUpdater (StateMachineUpdater.java:lambda$new$0(89)) - 9f3dcedd-2157-4ae4-b723-f54bfee8d9ce@group-7DFFF592C791-StateMachineUpdater: snapshotIndex: updateIncreasingly -1 -> 11
2021-10-10 13:46:39,066 [Listener at 127.0.0.1/44821] INFO  server.RaftServer$Division (ServerState.java:close(419)) - 9f3dcedd-2157-4ae4-b723-f54bfee8d9ce@group-7DFFF592C791: closes. applyIndex: 11
2021-10-10 13:46:39,067 [9f3dcedd-2157-4ae4-b723-f54bfee8d9ce@group-7DFFF592C791-SegmentedRaftLogWorker] INFO  segmented.SegmentedRaftLogWorker (SegmentedRaftLogWorker.java:run(327)) - 9f3dcedd-2157-4ae4-b723-f54bfee8d9ce@group-7DFFF592C791-SegmentedRaftLogWorker was interrupted, exiting. There are 0 tasks remaining in the queue.
2021-10-10 13:46:39,092 [Listener at 127.0.0.1/44821] INFO  segmented.SegmentedRaftLogWorker (SegmentedRaftLogWorker.java:close(237)) - 9f3dcedd-2157-4ae4-b723-f54bfee8d9ce@group-7DFFF592C791-SegmentedRaftLogWorker close()
2021-10-10 13:46:39,094 [Listener at 127.0.0.1/44821] INFO  server.GrpcService (GrpcService.java:closeImpl(262)) - 9f3dcedd-2157-4ae4-b723-f54bfee8d9ce: shutdown server with port 40315 now
2021-10-10 13:46:39,102 [grpc-default-executor-2] WARN  server.GrpcServerProtocolService (LogUtils.java:warn(122)) - 9f3dcedd-2157-4ae4-b723-f54bfee8d9ce: installSnapshot onError, lastRequest: 1d4e4b2f-e6a0-4223-b62b-246b29415176->9f3dcedd-2157-4ae4-b723-f54bfee8d9ce#1-t1,previous=(t:0, i:0),leaderCommit=0,initializing? true,entries: size=1, first=(t:1, i:0), CONFIGURATIONENTRY: org.apache.ratis.thirdparty.io.grpc.StatusRuntimeException: CANCELLED: client cancelled
2021-10-10 13:46:39,110 [Listener at 127.0.0.1/44821] INFO  server.GrpcService (GrpcService.java:closeImpl(271)) - 9f3dcedd-2157-4ae4-b723-f54bfee8d9ce: shutdown server with port 40315 successfully
2021-10-10 13:46:39,115 [org.apache.ratis.util.JvmPauseMonitor$$Lambda$532/897771948@367255c8] INFO  util.JvmPauseMonitor (JvmPauseMonitor.java:run(109)) - JvmPauseMonitor-9f3dcedd-2157-4ae4-b723-f54bfee8d9ce: Stopped
2021-10-10 13:46:39,120 [Listener at 127.0.0.1/44821] INFO  utils.BackgroundService (BackgroundService.java:shutdown(132)) - Shutting down service BlockDeletingService
2021-10-10 13:46:39,148 [grpc-default-executor-2] WARN  server.GrpcLogAppender (LogUtils.java:warn(122)) - 1d4e4b2f-e6a0-4223-b62b-246b29415176@group-F3E1136D39A0->9f3dcedd-2157-4ae4-b723-f54bfee8d9ce-AppendLogResponseHandler: Failed appendEntries: org.apache.ratis.thirdparty.io.grpc.StatusRuntimeException: CANCELLED: HTTP/2 error code: CANCEL
Received Rst Stream
2021-10-10 13:46:39,148 [grpc-default-executor-2] WARN  server.GrpcLogAppender (GrpcLogAppender.java:resetClient(111)) - 1d4e4b2f-e6a0-4223-b62b-246b29415176@group-F3E1136D39A0->9f3dcedd-2157-4ae4-b723-f54bfee8d9ce-GrpcLogAppender: Leader has not got in touch with Follower 1d4e4b2f-e6a0-4223-b62b-246b29415176@group-F3E1136D39A0->9f3dcedd-2157-4ae4-b723-f54bfee8d9ce(c0,m0,n1, attendVote=true, lastRpcSendTime=1493, lastRpcResponseTime=1490) yet, just keep nextIndex unchanged and retry.
2021-10-10 13:46:39,503 [52be5aae-b0d8-4d04-b923-225165c5914d@group-CD7BCB0E62FF-FollowerState] INFO  impl.FollowerState (FollowerState.java:run(134)) - 52be5aae-b0d8-4d04-b923-225165c5914d@group-CD7BCB0E62FF-FollowerState: change to CANDIDATE, lastRpcElapsedTime:5107325294ns, electionTimeout:5104ms
2021-10-10 13:46:39,503 [52be5aae-b0d8-4d04-b923-225165c5914d@group-CD7BCB0E62FF-FollowerState] INFO  impl.RoleInfo (RoleInfo.java:shutdownFollowerState(108)) - 52be5aae-b0d8-4d04-b923-225165c5914d: shutdown 52be5aae-b0d8-4d04-b923-225165c5914d@group-CD7BCB0E62FF-FollowerState
2021-10-10 13:46:39,503 [52be5aae-b0d8-4d04-b923-225165c5914d@group-CD7BCB0E62FF-FollowerState] INFO  server.RaftServer$Division (RaftServerImpl.java:setRole(285)) - 52be5aae-b0d8-4d04-b923-225165c5914d@group-CD7BCB0E62FF: changes role from  FOLLOWER to CANDIDATE at term 3 for changeToCandidate
2021-10-10 13:46:39,503 [52be5aae-b0d8-4d04-b923-225165c5914d@group-CD7BCB0E62FF-FollowerState] INFO  server.RaftServerConfigKeys (ConfUtils.java:logGet(44)) - raft.server.leaderelection.pre-vote = false (custom)
2021-10-10 13:46:39,504 [52be5aae-b0d8-4d04-b923-225165c5914d@group-CD7BCB0E62FF-FollowerState] INFO  impl.RoleInfo (RoleInfo.java:updateAndGet(130)) - 52be5aae-b0d8-4d04-b923-225165c5914d: start 52be5aae-b0d8-4d04-b923-225165c5914d@group-CD7BCB0E62FF-LeaderElection69
2021-10-10 13:46:39,529 [f0a8fd88-2511-4bc8-952c-803d3ca6483c@group-CD7BCB0E62FF-FollowerState] INFO  impl.FollowerState (FollowerState.java:run(134)) - f0a8fd88-2511-4bc8-952c-803d3ca6483c@group-CD7BCB0E62FF-FollowerState: change to CANDIDATE, lastRpcElapsedTime:5169064335ns, electionTimeout:5128ms
2021-10-10 13:46:39,529 [f0a8fd88-2511-4bc8-952c-803d3ca6483c@group-CD7BCB0E62FF-FollowerState] INFO  impl.RoleInfo (RoleInfo.java:shutdownFollowerState(108)) - f0a8fd88-2511-4bc8-952c-803d3ca6483c: shutdown f0a8fd88-2511-4bc8-952c-803d3ca6483c@group-CD7BCB0E62FF-FollowerState
2021-10-10 13:46:39,529 [f0a8fd88-2511-4bc8-952c-803d3ca6483c@group-CD7BCB0E62FF-FollowerState] INFO  server.RaftServer$Division (RaftServerImpl.java:setRole(285)) - f0a8fd88-2511-4bc8-952c-803d3ca6483c@group-CD7BCB0E62FF: changes role from  FOLLOWER to CANDIDATE at term 3 for changeToCandidate
2021-10-10 13:46:39,529 [f0a8fd88-2511-4bc8-952c-803d3ca6483c@group-CD7BCB0E62FF-FollowerState] INFO  server.RaftServerConfigKeys (ConfUtils.java:logGet(44)) - raft.server.leaderelection.pre-vote = false (custom)
2021-10-10 13:46:39,529 [f0a8fd88-2511-4bc8-952c-803d3ca6483c@group-CD7BCB0E62FF-FollowerState] INFO  impl.RoleInfo (RoleInfo.java:updateAndGet(130)) - f0a8fd88-2511-4bc8-952c-803d3ca6483c: start f0a8fd88-2511-4bc8-952c-803d3ca6483c@group-CD7BCB0E62FF-LeaderElection70
2021-10-10 13:46:39,567 [52be5aae-b0d8-4d04-b923-225165c5914d@group-CD7BCB0E62FF-LeaderElection69] INFO  impl.LeaderElection (LeaderElection.java:askForVotes(306)) - 52be5aae-b0d8-4d04-b923-225165c5914d@group-CD7BCB0E62FF-LeaderElection69 ELECTION round 0: submit vote requests at term 4 for -1: [c90bef4f-1c21-43c2-97aa-1f5cf6648a6f|rpc:10.1.0.17:44117|dataStream:|priority:0, f0a8fd88-2511-4bc8-952c-803d3ca6483c|rpc:10.1.0.17:45269|dataStream:|priority:0, 52be5aae-b0d8-4d04-b923-225165c5914d|rpc:10.1.0.17:37435|dataStream:|priority:1], old=null
2021-10-10 13:46:39,612 [grpc-default-executor-2] INFO  server.RaftServer$Division (RaftServerImpl.java:requestVote(1043)) - c90bef4f-1c21-43c2-97aa-1f5cf6648a6f@group-CD7BCB0E62FF: receive requestVote(ELECTION, 52be5aae-b0d8-4d04-b923-225165c5914d, group-CD7BCB0E62FF, 4, (t:0, i:0))
2021-10-10 13:46:39,613 [grpc-default-executor-2] INFO  impl.VoteContext (VoteContext.java:log(48)) - c90bef4f-1c21-43c2-97aa-1f5cf6648a6f@group-CD7BCB0E62FF-FOLLOWER: accept ELECTION from 52be5aae-b0d8-4d04-b923-225165c5914d: our priority 0 <= candidate's priority 1
2021-10-10 13:46:39,613 [grpc-default-executor-2] INFO  server.RaftServer$Division (RaftServerImpl.java:setRole(285)) - c90bef4f-1c21-43c2-97aa-1f5cf6648a6f@group-CD7BCB0E62FF: changes role from  FOLLOWER to FOLLOWER at term 4 for candidate:52be5aae-b0d8-4d04-b923-225165c5914d
2021-10-10 13:46:39,613 [grpc-default-executor-2] INFO  impl.RoleInfo (RoleInfo.java:shutdownFollowerState(108)) - c90bef4f-1c21-43c2-97aa-1f5cf6648a6f: shutdown c90bef4f-1c21-43c2-97aa-1f5cf6648a6f@group-CD7BCB0E62FF-FollowerState
2021-10-10 13:46:39,627 [grpc-default-executor-2] INFO  impl.RoleInfo (RoleInfo.java:updateAndGet(130)) - c90bef4f-1c21-43c2-97aa-1f5cf6648a6f: start c90bef4f-1c21-43c2-97aa-1f5cf6648a6f@group-CD7BCB0E62FF-FollowerState
2021-10-10 13:46:39,627 [c90bef4f-1c21-43c2-97aa-1f5cf6648a6f@group-CD7BCB0E62FF-FollowerState] INFO  impl.FollowerState (FollowerState.java:run(143)) - c90bef4f-1c21-43c2-97aa-1f5cf6648a6f@group-CD7BCB0E62FF-FollowerState was interrupted: {}
java.lang.InterruptedException: sleep interrupted
	at java.lang.Thread.sleep(Native Method)
	at java.lang.Thread.sleep(Thread.java:340)
	at java.util.concurrent.TimeUnit.sleep(TimeUnit.java:386)
	at org.apache.ratis.util.TimeDuration.sleep(TimeDuration.java:324)
	at org.apache.ratis.util.TimeDuration.sleep(TimeDuration.java:309)
	at org.apache.ratis.server.impl.FollowerState.run(FollowerState.java:118)
2021-10-10 13:46:39,627 [grpc-default-executor-4] INFO  server.RaftServer$Division (RaftServerImpl.java:requestVote(1043)) - f0a8fd88-2511-4bc8-952c-803d3ca6483c@group-CD7BCB0E62FF: receive requestVote(ELECTION, 52be5aae-b0d8-4d04-b923-225165c5914d, group-CD7BCB0E62FF, 4, (t:0, i:0))
2021-10-10 13:46:39,664 [grpc-default-executor-2] INFO  server.RaftServer$Division (RaftServerImpl.java:requestVote(1075)) - c90bef4f-1c21-43c2-97aa-1f5cf6648a6f@group-CD7BCB0E62FF replies to ELECTION vote request: 52be5aae-b0d8-4d04-b923-225165c5914d<-c90bef4f-1c21-43c2-97aa-1f5cf6648a6f#0:OK-t4. Peer's state: c90bef4f-1c21-43c2-97aa-1f5cf6648a6f@group-CD7BCB0E62FF:t4, leader=null, voted=52be5aae-b0d8-4d04-b923-225165c5914d, raftlog=c90bef4f-1c21-43c2-97aa-1f5cf6648a6f@group-CD7BCB0E62FF-SegmentedRaftLog:OPENED:c-1,f-1,i0, conf=-1: [c90bef4f-1c21-43c2-97aa-1f5cf6648a6f|rpc:10.1.0.17:44117|priority:0, f0a8fd88-2511-4bc8-952c-803d3ca6483c|rpc:10.1.0.17:45269|priority:0, 52be5aae-b0d8-4d04-b923-225165c5914d|rpc:10.1.0.17:37435|priority:1], old=null
2021-10-10 13:46:39,664 [f0a8fd88-2511-4bc8-952c-803d3ca6483c@group-CD7BCB0E62FF-LeaderElection70] INFO  impl.LeaderElection (LeaderElection.java:askForVotes(306)) - f0a8fd88-2511-4bc8-952c-803d3ca6483c@group-CD7BCB0E62FF-LeaderElection70 ELECTION round 0: submit vote requests at term 4 for -1: [c90bef4f-1c21-43c2-97aa-1f5cf6648a6f|rpc:10.1.0.17:44117|priority:0, f0a8fd88-2511-4bc8-952c-803d3ca6483c|rpc:10.1.0.17:45269|priority:0, 52be5aae-b0d8-4d04-b923-225165c5914d|rpc:10.1.0.17:37435|priority:1], old=null
2021-10-10 13:46:39,664 [grpc-default-executor-4] INFO  impl.VoteContext (VoteContext.java:log(48)) - f0a8fd88-2511-4bc8-952c-803d3ca6483c@group-CD7BCB0E62FF-CANDIDATE: reject ELECTION from 52be5aae-b0d8-4d04-b923-225165c5914d: already has voted for f0a8fd88-2511-4bc8-952c-803d3ca6483c at current term 4
2021-10-10 13:46:39,665 [grpc-default-executor-4] INFO  server.RaftServer$Division (RaftServerImpl.java:requestVote(1075)) - f0a8fd88-2511-4bc8-952c-803d3ca6483c@group-CD7BCB0E62FF replies to ELECTION vote request: 52be5aae-b0d8-4d04-b923-225165c5914d<-f0a8fd88-2511-4bc8-952c-803d3ca6483c#0:FAIL-t4. Peer's state: f0a8fd88-2511-4bc8-952c-803d3ca6483c@group-CD7BCB0E62FF:t4, leader=null, voted=f0a8fd88-2511-4bc8-952c-803d3ca6483c, raftlog=f0a8fd88-2511-4bc8-952c-803d3ca6483c@group-CD7BCB0E62FF-SegmentedRaftLog:OPENED:c-1,f-1,i0, conf=-1: [c90bef4f-1c21-43c2-97aa-1f5cf6648a6f|rpc:10.1.0.17:44117|priority:0, f0a8fd88-2511-4bc8-952c-803d3ca6483c|rpc:10.1.0.17:45269|priority:0, 52be5aae-b0d8-4d04-b923-225165c5914d|rpc:10.1.0.17:37435|priority:1], old=null
2021-10-10 13:46:39,667 [52be5aae-b0d8-4d04-b923-225165c5914d@group-CD7BCB0E62FF-LeaderElection69] INFO  impl.LeaderElection (LeaderElection.java:logAndReturn(89)) - 52be5aae-b0d8-4d04-b923-225165c5914d@group-CD7BCB0E62FF-LeaderElection69: ELECTION PASSED received 2 response(s) and 0 exception(s):
2021-10-10 13:46:39,667 [52be5aae-b0d8-4d04-b923-225165c5914d@group-CD7BCB0E62FF-LeaderElection69] INFO  impl.LeaderElection (LeaderElection.java:logAndReturn(93)) -   Response 0: 52be5aae-b0d8-4d04-b923-225165c5914d<-c90bef4f-1c21-43c2-97aa-1f5cf6648a6f#0:OK-t4
2021-10-10 13:46:39,667 [52be5aae-b0d8-4d04-b923-225165c5914d@group-CD7BCB0E62FF-LeaderElection69] INFO  impl.LeaderElection (LeaderElection.java:logAndReturn(93)) -   Response 1: 52be5aae-b0d8-4d04-b923-225165c5914d<-f0a8fd88-2511-4bc8-952c-803d3ca6483c#0:FAIL-t4
2021-10-10 13:46:39,667 [52be5aae-b0d8-4d04-b923-225165c5914d@group-CD7BCB0E62FF-LeaderElection69] INFO  impl.LeaderElection (LeaderElection.java:askForVotes(308)) - 52be5aae-b0d8-4d04-b923-225165c5914d@group-CD7BCB0E62FF-LeaderElection69 ELECTION round 0: result PASSED
2021-10-10 13:46:39,667 [52be5aae-b0d8-4d04-b923-225165c5914d@group-CD7BCB0E62FF-LeaderElection69] INFO  impl.RoleInfo (RoleInfo.java:shutdownLeaderElection(121)) - 52be5aae-b0d8-4d04-b923-225165c5914d: shutdown 52be5aae-b0d8-4d04-b923-225165c5914d@group-CD7BCB0E62FF-LeaderElection69
2021-10-10 13:46:39,667 [52be5aae-b0d8-4d04-b923-225165c5914d@group-CD7BCB0E62FF-LeaderElection69] INFO  server.RaftServer$Division (RaftServerImpl.java:setRole(285)) - 52be5aae-b0d8-4d04-b923-225165c5914d@group-CD7BCB0E62FF: changes role from CANDIDATE to LEADER at term 4 for changeToLeader
2021-10-10 13:46:39,667 [52be5aae-b0d8-4d04-b923-225165c5914d@group-CD7BCB0E62FF-LeaderElection69] INFO  ratis.XceiverServerRatis (XceiverServerRatis.java:handleLeaderChangedNotification(861)) - Leader change notification received for group: group-CD7BCB0E62FF with new leaderId: 52be5aae-b0d8-4d04-b923-225165c5914d
2021-10-10 13:46:39,668 [52be5aae-b0d8-4d04-b923-225165c5914d@group-CD7BCB0E62FF-LeaderElection69] INFO  server.RaftServer$Division (ServerState.java:setLeader(285)) - 52be5aae-b0d8-4d04-b923-225165c5914d@group-CD7BCB0E62FF: change Leader from null to 52be5aae-b0d8-4d04-b923-225165c5914d at term 4 for becomeLeader, leader elected after 20502ms
2021-10-10 13:46:39,668 [52be5aae-b0d8-4d04-b923-225165c5914d@group-CD7BCB0E62FF-LeaderElection69] INFO  server.RaftServerConfigKeys (ConfUtils.java:logGet(44)) - raft.server.staging.catchup.gap = 1000 (default)
2021-10-10 13:46:39,668 [52be5aae-b0d8-4d04-b923-225165c5914d@group-CD7BCB0E62FF-LeaderElection69] INFO  server.RaftServerConfigKeys (ConfUtils.java:logGet(44)) - raft.server.write.element-limit = 1024 (custom)
2021-10-10 13:46:39,668 [52be5aae-b0d8-4d04-b923-225165c5914d@group-CD7BCB0E62FF-LeaderElection69] INFO  server.RaftServerConfigKeys (ConfUtils.java:logGet(44)) - raft.server.write.byte-limit = 1024 M (=1073741824) (custom)
2021-10-10 13:46:39,668 [52be5aae-b0d8-4d04-b923-225165c5914d@group-CD7BCB0E62FF-LeaderElection69] INFO  server.RaftServerConfigKeys (ConfUtils.java:logGet(44)) - raft.server.watch.timeout = 3000ms (custom)
2021-10-10 13:46:39,668 [52be5aae-b0d8-4d04-b923-225165c5914d@group-CD7BCB0E62FF-LeaderElection69] INFO  server.RaftServerConfigKeys (ConfUtils.java:logGet(44)) - raft.server.watch.timeout.denomination = 1s (default)
2021-10-10 13:46:39,668 [52be5aae-b0d8-4d04-b923-225165c5914d@group-CD7BCB0E62FF-LeaderElection69] INFO  server.RaftServerConfigKeys (ConfUtils.java:logGet(44)) - raft.server.watch.element-limit = 65536 (default)
2021-10-10 13:46:39,668 [52be5aae-b0d8-4d04-b923-225165c5914d@group-CD7BCB0E62FF-LeaderElection69] INFO  server.RaftServerConfigKeys (ConfUtils.java:logGet(44)) - raft.server.log.appender.snapshot.chunk.size.max = 16MB (=16777216) (default)
2021-10-10 13:46:39,668 [52be5aae-b0d8-4d04-b923-225165c5914d@group-CD7BCB0E62FF-LeaderElection69] INFO  server.RaftServerConfigKeys (ConfUtils.java:logGet(44)) - raft.server.log.appender.buffer.byte-limit = 33554432 (custom)
2021-10-10 13:46:39,669 [52be5aae-b0d8-4d04-b923-225165c5914d@group-CD7BCB0E62FF-LeaderElection69] INFO  server.RaftServerConfigKeys (ConfUtils.java:logGet(44)) - raft.server.log.appender.buffer.element-limit = 1 (custom)
2021-10-10 13:46:39,669 [52be5aae-b0d8-4d04-b923-225165c5914d@group-CD7BCB0E62FF-LeaderElection69] INFO  grpc.GrpcConfigKeys (ConfUtils.java:logGet(44)) - raft.grpc.server.leader.outstanding.appends.max = 128 (default)
2021-10-10 13:46:39,669 [52be5aae-b0d8-4d04-b923-225165c5914d@group-CD7BCB0E62FF-LeaderElection69] INFO  server.RaftServerConfigKeys (ConfUtils.java:logGet(44)) - raft.server.rpc.request.timeout = 3000ms (default)
2021-10-10 13:46:39,669 [52be5aae-b0d8-4d04-b923-225165c5914d@group-CD7BCB0E62FF-LeaderElection69] INFO  server.RaftServerConfigKeys (ConfUtils.java:logGet(44)) - raft.server.log.appender.install.snapshot.enabled = false (custom)
2021-10-10 13:46:39,670 [52be5aae-b0d8-4d04-b923-225165c5914d@group-CD7BCB0E62FF-LeaderElection69] INFO  server.RaftServerConfigKeys (ConfUtils.java:logGet(44)) - raft.server.log.appender.snapshot.chunk.size.max = 16MB (=16777216) (default)
2021-10-10 13:46:39,670 [52be5aae-b0d8-4d04-b923-225165c5914d@group-CD7BCB0E62FF-LeaderElection69] INFO  server.RaftServerConfigKeys (ConfUtils.java:logGet(44)) - raft.server.log.appender.buffer.byte-limit = 33554432 (custom)
2021-10-10 13:46:39,670 [52be5aae-b0d8-4d04-b923-225165c5914d@group-CD7BCB0E62FF-LeaderElection69] INFO  server.RaftServerConfigKeys (ConfUtils.java:logGet(44)) - raft.server.log.appender.buffer.element-limit = 1 (custom)
2021-10-10 13:46:39,670 [52be5aae-b0d8-4d04-b923-225165c5914d@group-CD7BCB0E62FF-LeaderElection69] INFO  grpc.GrpcConfigKeys (ConfUtils.java:logGet(44)) - raft.grpc.server.leader.outstanding.appends.max = 128 (default)
2021-10-10 13:46:39,670 [52be5aae-b0d8-4d04-b923-225165c5914d@group-CD7BCB0E62FF-LeaderElection69] INFO  server.RaftServerConfigKeys (ConfUtils.java:logGet(44)) - raft.server.rpc.request.timeout = 3000ms (default)
2021-10-10 13:46:39,670 [52be5aae-b0d8-4d04-b923-225165c5914d@group-CD7BCB0E62FF-LeaderElection69] INFO  server.RaftServerConfigKeys (ConfUtils.java:logGet(44)) - raft.server.log.appender.install.snapshot.enabled = false (custom)
2021-10-10 13:46:39,671 [52be5aae-b0d8-4d04-b923-225165c5914d@group-CD7BCB0E62FF-LeaderElection69] INFO  impl.RoleInfo (RoleInfo.java:updateAndGet(130)) - 52be5aae-b0d8-4d04-b923-225165c5914d: start 52be5aae-b0d8-4d04-b923-225165c5914d@group-CD7BCB0E62FF-LeaderStateImpl
2021-10-10 13:46:39,671 [Datanode State Machine Thread - 0] WARN  statemachine.StateContext (StateContext.java:execute(621)) - No available thread in pool for past 1 seconds.
2021-10-10 13:46:39,672 [EventQueue-PipelineReportForPipelineReportHandler] INFO  pipeline.PipelineManagerImpl (PipelineManagerImpl.java:openPipeline(282)) - Pipeline Pipeline[ Id: 38b5fb90-feb8-420d-a116-cd7bcb0e62ff, Nodes: f0a8fd88-2511-4bc8-952c-803d3ca6483c{ip: 10.1.0.17, host: fv-az291-460.wgnan5asplgejimfprtllbpdch.jx.internal.cloudapp.net, ports: [REPLICATION=36125, RATIS=45269, RATIS_ADMIN=45269, RATIS_SERVER=45269, STANDALONE=37921], networkLocation: /default-rack, certSerialId: null, persistedOpState: IN_SERVICE, persistedOpStateExpiryEpochSec: 0}c90bef4f-1c21-43c2-97aa-1f5cf6648a6f{ip: 10.1.0.17, host: fv-az291-460.wgnan5asplgejimfprtllbpdch.jx.internal.cloudapp.net, ports: [REPLICATION=37481, RATIS=44117, RATIS_ADMIN=44117, RATIS_SERVER=44117, STANDALONE=40289], networkLocation: /default-rack, certSerialId: null, persistedOpState: IN_SERVICE, persistedOpStateExpiryEpochSec: 0}52be5aae-b0d8-4d04-b923-225165c5914d{ip: 10.1.0.17, host: fv-az291-460.wgnan5asplgejimfprtllbpdch.jx.internal.cloudapp.net, ports: [REPLICATION=34769, RATIS=37435, RATIS_ADMIN=37435, RATIS_SERVER=37435, STANDALONE=40505], networkLocation: /default-rack, certSerialId: null, persistedOpState: IN_SERVICE, persistedOpStateExpiryEpochSec: 0}, ReplicationConfig: RATIS/THREE, State:ALLOCATED, leaderId:52be5aae-b0d8-4d04-b923-225165c5914d, CreationTimestamp2021-10-10T13:46:16.377Z[Etc/UTC]] moved to OPEN state
2021-10-10 13:46:39,673 [grpc-default-executor-4] INFO  server.RaftServer$Division (RaftServerImpl.java:requestVote(1043)) - c90bef4f-1c21-43c2-97aa-1f5cf6648a6f@group-CD7BCB0E62FF: receive requestVote(ELECTION, f0a8fd88-2511-4bc8-952c-803d3ca6483c, group-CD7BCB0E62FF, 4, (t:0, i:0))
2021-10-10 13:46:39,673 [grpc-default-executor-4] INFO  impl.VoteContext (VoteContext.java:log(48)) - c90bef4f-1c21-43c2-97aa-1f5cf6648a6f@group-CD7BCB0E62FF-FOLLOWER: reject ELECTION from f0a8fd88-2511-4bc8-952c-803d3ca6483c: already has voted for 52be5aae-b0d8-4d04-b923-225165c5914d at current term 4
2021-10-10 13:46:39,673 [grpc-default-executor-4] INFO  server.RaftServer$Division (RaftServerImpl.java:requestVote(1075)) - c90bef4f-1c21-43c2-97aa-1f5cf6648a6f@group-CD7BCB0E62FF replies to ELECTION vote request: f0a8fd88-2511-4bc8-952c-803d3ca6483c<-c90bef4f-1c21-43c2-97aa-1f5cf6648a6f#0:FAIL-t4. Peer's state: c90bef4f-1c21-43c2-97aa-1f5cf6648a6f@group-CD7BCB0E62FF:t4, leader=null, voted=52be5aae-b0d8-4d04-b923-225165c5914d, raftlog=c90bef4f-1c21-43c2-97aa-1f5cf6648a6f@group-CD7BCB0E62FF-SegmentedRaftLog:OPENED:c-1,f-1,i0, conf=-1: [c90bef4f-1c21-43c2-97aa-1f5cf6648a6f|rpc:10.1.0.17:44117|priority:0, f0a8fd88-2511-4bc8-952c-803d3ca6483c|rpc:10.1.0.17:45269|priority:0, 52be5aae-b0d8-4d04-b923-225165c5914d|rpc:10.1.0.17:37435|priority:1], old=null
2021-10-10 13:46:39,674 [52be5aae-b0d8-4d04-b923-225165c5914d@group-CD7BCB0E62FF-LeaderElection69] INFO  segmented.SegmentedRaftLogWorker (SegmentedRaftLogWorker.java:startLogSegment(394)) - 52be5aae-b0d8-4d04-b923-225165c5914d@group-CD7BCB0E62FF-SegmentedRaftLogWorker: Starting segment from index:0
2021-10-10 13:46:39,676 [52be5aae-b0d8-4d04-b923-225165c5914d@group-CD7BCB0E62FF-SegmentedRaftLogWorker] INFO  segmented.SegmentedRaftLogWorker (SegmentedRaftLogWorker.java:execute(601)) - 52be5aae-b0d8-4d04-b923-225165c5914d@group-CD7BCB0E62FF-SegmentedRaftLogWorker: created new log segment /home/runner/work/ozone/ozone/hadoop-ozone/integration-test/target/test-dir/MiniOzoneClusterImpl-0f145d0e-b24d-4882-976e-a7baa8a64dfe/datanode-2/data/ratis/38b5fb90-feb8-420d-a116-cd7bcb0e62ff/current/log_inprogress_0
2021-10-10 13:46:39,677 [grpc-default-executor-4] INFO  server.RaftServer$Division (RaftServerImpl.java:requestVote(1043)) - 52be5aae-b0d8-4d04-b923-225165c5914d@group-CD7BCB0E62FF: receive requestVote(ELECTION, f0a8fd88-2511-4bc8-952c-803d3ca6483c, group-CD7BCB0E62FF, 4, (t:0, i:0))
2021-10-10 13:46:39,689 [grpc-default-executor-6] INFO  ratis.XceiverServerRatis (XceiverServerRatis.java:handleLeaderChangedNotification(861)) - Leader change notification received for group: group-CD7BCB0E62FF with new leaderId: 52be5aae-b0d8-4d04-b923-225165c5914d
2021-10-10 13:46:39,689 [grpc-default-executor-6] INFO  server.RaftServer$Division (ServerState.java:setLeader(285)) - c90bef4f-1c21-43c2-97aa-1f5cf6648a6f@group-CD7BCB0E62FF: change Leader from null to 52be5aae-b0d8-4d04-b923-225165c5914d at term 4 for appendEntries, leader elected after 20811ms
2021-10-10 13:46:39,700 [52be5aae-b0d8-4d04-b923-225165c5914d@group-CD7BCB0E62FF-LeaderElection69] INFO  server.RaftServer$Division (ServerState.java:setRaftConf(387)) - 52be5aae-b0d8-4d04-b923-225165c5914d@group-CD7BCB0E62FF: set configuration 0: [c90bef4f-1c21-43c2-97aa-1f5cf6648a6f|rpc:10.1.0.17:44117|dataStream:|priority:0, f0a8fd88-2511-4bc8-952c-803d3ca6483c|rpc:10.1.0.17:45269|dataStream:|priority:0, 52be5aae-b0d8-4d04-b923-225165c5914d|rpc:10.1.0.17:37435|dataStream:|priority:1], old=null
2021-10-10 13:46:39,736 [grpc-default-executor-7] INFO  server.RaftServer$Division (RaftServerImpl.java:setRole(285)) - f0a8fd88-2511-4bc8-952c-803d3ca6483c@group-CD7BCB0E62FF: changes role from CANDIDATE to FOLLOWER at term 4 for appendEntries
2021-10-10 13:46:39,736 [grpc-default-executor-7] INFO  impl.RoleInfo (RoleInfo.java:shutdownLeaderElection(121)) - f0a8fd88-2511-4bc8-952c-803d3ca6483c: shutdown f0a8fd88-2511-4bc8-952c-803d3ca6483c@group-CD7BCB0E62FF-LeaderElection70
2021-10-10 13:46:39,736 [grpc-default-executor-7] INFO  impl.RoleInfo (RoleInfo.java:updateAndGet(130)) - f0a8fd88-2511-4bc8-952c-803d3ca6483c: start f0a8fd88-2511-4bc8-952c-803d3ca6483c@group-CD7BCB0E62FF-FollowerState
2021-10-10 13:46:39,741 [grpc-default-executor-7] INFO  ratis.XceiverServerRatis (XceiverServerRatis.java:handleLeaderChangedNotification(861)) - Leader change notification received for group: group-CD7BCB0E62FF with new leaderId: 52be5aae-b0d8-4d04-b923-225165c5914d
2021-10-10 13:46:39,741 [grpc-default-executor-7] INFO  server.RaftServer$Division (ServerState.java:setLeader(285)) - f0a8fd88-2511-4bc8-952c-803d3ca6483c@group-CD7BCB0E62FF: change Leader from null to 52be5aae-b0d8-4d04-b923-225165c5914d at term 4 for appendEntries, leader elected after 20859ms
2021-10-10 13:46:39,744 [grpc-default-executor-6] INFO  server.RaftServer$Division (ServerState.java:setRaftConf(387)) - c90bef4f-1c21-43c2-97aa-1f5cf6648a6f@group-CD7BCB0E62FF: set configuration 0: [c90bef4f-1c21-43c2-97aa-1f5cf6648a6f|rpc:10.1.0.17:44117|dataStream:|priority:0, f0a8fd88-2511-4bc8-952c-803d3ca6483c|rpc:10.1.0.17:45269|dataStream:|priority:0, 52be5aae-b0d8-4d04-b923-225165c5914d|rpc:10.1.0.17:37435|dataStream:|priority:1], old=null
2021-10-10 13:46:39,745 [grpc-default-executor-4] INFO  impl.VoteContext (VoteContext.java:log(48)) - 52be5aae-b0d8-4d04-b923-225165c5914d@group-CD7BCB0E62FF-LEADER: reject ELECTION from f0a8fd88-2511-4bc8-952c-803d3ca6483c: already has voted for 52be5aae-b0d8-4d04-b923-225165c5914d at current term 4
2021-10-10 13:46:39,745 [grpc-default-executor-4] INFO  server.RaftServer$Division (RaftServerImpl.java:requestVote(1075)) - 52be5aae-b0d8-4d04-b923-225165c5914d@group-CD7BCB0E62FF replies to ELECTION vote request: f0a8fd88-2511-4bc8-952c-803d3ca6483c<-52be5aae-b0d8-4d04-b923-225165c5914d#0:FAIL-t4. Peer's state: 52be5aae-b0d8-4d04-b923-225165c5914d@group-CD7BCB0E62FF:t4, leader=52be5aae-b0d8-4d04-b923-225165c5914d, voted=52be5aae-b0d8-4d04-b923-225165c5914d, raftlog=52be5aae-b0d8-4d04-b923-225165c5914d@group-CD7BCB0E62FF-SegmentedRaftLog:OPENED:c0,f0,i0, conf=0: [c90bef4f-1c21-43c2-97aa-1f5cf6648a6f|rpc:10.1.0.17:44117|dataStream:|priority:0, f0a8fd88-2511-4bc8-952c-803d3ca6483c|rpc:10.1.0.17:45269|dataStream:|priority:0, 52be5aae-b0d8-4d04-b923-225165c5914d|rpc:10.1.0.17:37435|dataStream:|priority:1], old=null
2021-10-10 13:46:39,746 [f0a8fd88-2511-4bc8-952c-803d3ca6483c@group-CD7BCB0E62FF-LeaderElection70] INFO  impl.LeaderElection (LeaderElection.java:logAndReturn(89)) - f0a8fd88-2511-4bc8-952c-803d3ca6483c@group-CD7BCB0E62FF-LeaderElection70: ELECTION REJECTED received 2 response(s) and 0 exception(s):
2021-10-10 13:46:39,746 [f0a8fd88-2511-4bc8-952c-803d3ca6483c@group-CD7BCB0E62FF-LeaderElection70] INFO  impl.LeaderElection (LeaderElection.java:logAndReturn(93)) -   Response 0: f0a8fd88-2511-4bc8-952c-803d3ca6483c<-c90bef4f-1c21-43c2-97aa-1f5cf6648a6f#0:FAIL-t4
2021-10-10 13:46:39,746 [f0a8fd88-2511-4bc8-952c-803d3ca6483c@group-CD7BCB0E62FF-LeaderElection70] INFO  impl.LeaderElection (LeaderElection.java:logAndReturn(93)) -   Response 1: f0a8fd88-2511-4bc8-952c-803d3ca6483c<-52be5aae-b0d8-4d04-b923-225165c5914d#0:FAIL-t4
2021-10-10 13:46:39,746 [f0a8fd88-2511-4bc8-952c-803d3ca6483c@group-CD7BCB0E62FF-LeaderElection70] INFO  impl.LeaderElection (LeaderElection.java:askForVotes(308)) - f0a8fd88-2511-4bc8-952c-803d3ca6483c@group-CD7BCB0E62FF-LeaderElection70 ELECTION round 0: result REJECTED
2021-10-10 13:46:39,747 [grpc-default-executor-7] INFO  server.RaftServer$Division (ServerState.java:setRaftConf(387)) - f0a8fd88-2511-4bc8-952c-803d3ca6483c@group-CD7BCB0E62FF: set configuration 0: [c90bef4f-1c21-43c2-97aa-1f5cf6648a6f|rpc:10.1.0.17:44117|dataStream:|priority:0, f0a8fd88-2511-4bc8-952c-803d3ca6483c|rpc:10.1.0.17:45269|dataStream:|priority:0, 52be5aae-b0d8-4d04-b923-225165c5914d|rpc:10.1.0.17:37435|dataStream:|priority:1], old=null
2021-10-10 13:46:39,747 [grpc-default-executor-6] INFO  segmented.SegmentedRaftLogWorker (SegmentedRaftLogWorker.java:startLogSegment(394)) - c90bef4f-1c21-43c2-97aa-1f5cf6648a6f@group-CD7BCB0E62FF-SegmentedRaftLogWorker: Starting segment from index:0
2021-10-10 13:46:39,749 [grpc-default-executor-7] INFO  segmented.SegmentedRaftLogWorker (SegmentedRaftLogWorker.java:startLogSegment(394)) - f0a8fd88-2511-4bc8-952c-803d3ca6483c@group-CD7BCB0E62FF-SegmentedRaftLogWorker: Starting segment from index:0
2021-10-10 13:46:39,751 [c90bef4f-1c21-43c2-97aa-1f5cf6648a6f@group-CD7BCB0E62FF-SegmentedRaftLogWorker] INFO  segmented.SegmentedRaftLogWorker (SegmentedRaftLogWorker.java:execute(601)) - c90bef4f-1c21-43c2-97aa-1f5cf6648a6f@group-CD7BCB0E62FF-SegmentedRaftLogWorker: created new log segment /home/runner/work/ozone/ozone/hadoop-ozone/integration-test/target/test-dir/MiniOzoneClusterImpl-0f145d0e-b24d-4882-976e-a7baa8a64dfe/datanode-1/data/ratis/38b5fb90-feb8-420d-a116-cd7bcb0e62ff/current/log_inprogress_0
2021-10-10 13:46:39,803 [f0a8fd88-2511-4bc8-952c-803d3ca6483c@group-CD7BCB0E62FF-SegmentedRaftLogWorker] INFO  segmented.SegmentedRaftLogWorker (SegmentedRaftLogWorker.java:execute(601)) - f0a8fd88-2511-4bc8-952c-803d3ca6483c@group-CD7BCB0E62FF-SegmentedRaftLogWorker: created new log segment /home/runner/work/ozone/ozone/hadoop-ozone/integration-test/target/test-dir/MiniOzoneClusterImpl-0f145d0e-b24d-4882-976e-a7baa8a64dfe/datanode-0/data/ratis/38b5fb90-feb8-420d-a116-cd7bcb0e62ff/current/log_inprogress_0
2021-10-10 13:46:40,159 [grpc-default-executor-7] WARN  server.GrpcLogAppender (LogUtils.java:warn(122)) - 1d4e4b2f-e6a0-4223-b62b-246b29415176@group-F3E1136D39A0->9f3dcedd-2157-4ae4-b723-f54bfee8d9ce-AppendLogResponseHandler: Failed appendEntries: org.apache.ratis.thirdparty.io.grpc.StatusRuntimeException: UNAVAILABLE: io exception
2021-10-10 13:46:40,160 [grpc-default-executor-7] WARN  server.GrpcLogAppender (GrpcLogAppender.java:resetClient(111)) - 1d4e4b2f-e6a0-4223-b62b-246b29415176@group-F3E1136D39A0->9f3dcedd-2157-4ae4-b723-f54bfee8d9ce-GrpcLogAppender: Leader has not got in touch with Follower 1d4e4b2f-e6a0-4223-b62b-246b29415176@group-F3E1136D39A0->9f3dcedd-2157-4ae4-b723-f54bfee8d9ce(c0,m0,n1, attendVote=true, lastRpcSendTime=2505, lastRpcResponseTime=2502) yet, just keep nextIndex unchanged and retry.
2021-10-10 13:46:40,897 [2432123a-b439-42d5-83b4-1981f0fa2384@group-EF7FE1329C44-FollowerState] INFO  impl.FollowerState (FollowerState.java:run(134)) - 2432123a-b439-42d5-83b4-1981f0fa2384@group-EF7FE1329C44-FollowerState: change to CANDIDATE, lastRpcElapsedTime:5059711708ns, electionTimeout:5055ms
2021-10-10 13:46:40,897 [2432123a-b439-42d5-83b4-1981f0fa2384@group-EF7FE1329C44-FollowerState] INFO  impl.RoleInfo (RoleInfo.java:shutdownFollowerState(108)) - 2432123a-b439-42d5-83b4-1981f0fa2384: shutdown 2432123a-b439-42d5-83b4-1981f0fa2384@group-EF7FE1329C44-FollowerState
2021-10-10 13:46:40,897 [2432123a-b439-42d5-83b4-1981f0fa2384@group-EF7FE1329C44-FollowerState] INFO  server.RaftServer$Division (RaftServerImpl.java:setRole(285)) - 2432123a-b439-42d5-83b4-1981f0fa2384@group-EF7FE1329C44: changes role from  FOLLOWER to CANDIDATE at term 3 for changeToCandidate
2021-10-10 13:46:40,897 [2432123a-b439-42d5-83b4-1981f0fa2384@group-EF7FE1329C44-FollowerState] INFO  server.RaftServerConfigKeys (ConfUtils.java:logGet(44)) - raft.server.leaderelection.pre-vote = false (custom)
2021-10-10 13:46:40,897 [2432123a-b439-42d5-83b4-1981f0fa2384@group-EF7FE1329C44-FollowerState] INFO  impl.RoleInfo (RoleInfo.java:updateAndGet(130)) - 2432123a-b439-42d5-83b4-1981f0fa2384: start 2432123a-b439-42d5-83b4-1981f0fa2384@group-EF7FE1329C44-LeaderElection71
2021-10-10 13:46:40,931 [2432123a-b439-42d5-83b4-1981f0fa2384@group-EF7FE1329C44-LeaderElection71] INFO  impl.LeaderElection (LeaderElection.java:askForVotes(306)) - 2432123a-b439-42d5-83b4-1981f0fa2384@group-EF7FE1329C44-LeaderElection71 ELECTION round 0: submit vote requests at term 4 for -1: [2432123a-b439-42d5-83b4-1981f0fa2384|rpc:10.1.0.17:39429|dataStream:|priority:0, 1d4e4b2f-e6a0-4223-b62b-246b29415176|rpc:10.1.0.17:44219|dataStream:|priority:0, 9f3dcedd-2157-4ae4-b723-f54bfee8d9ce|rpc:10.1.0.17:40315|dataStream:|priority:1], old=null
2021-10-10 13:46:40,944 [2432123a-b439-42d5-83b4-1981f0fa2384@group-EF7FE1329C44-LeaderElection71] INFO  impl.LeaderElection (LogUtils.java:infoOrTrace(137)) - 2432123a-b439-42d5-83b4-1981f0fa2384@group-EF7FE1329C44-LeaderElection71 got exception when requesting votes: java.util.concurrent.ExecutionException: org.apache.ratis.thirdparty.io.grpc.StatusRuntimeException: UNAVAILABLE: io exception
2021-10-10 13:46:40,947 [grpc-default-executor-7] INFO  server.RaftServer$Division (RaftServerImpl.java:requestVote(1043)) - 1d4e4b2f-e6a0-4223-b62b-246b29415176@group-EF7FE1329C44: receive requestVote(ELECTION, 2432123a-b439-42d5-83b4-1981f0fa2384, group-EF7FE1329C44, 4, (t:0, i:0))
2021-10-10 13:46:40,947 [grpc-default-executor-7] INFO  impl.VoteContext (VoteContext.java:log(48)) - 1d4e4b2f-e6a0-4223-b62b-246b29415176@group-EF7FE1329C44-FOLLOWER: accept ELECTION from 2432123a-b439-42d5-83b4-1981f0fa2384: our priority 0 <= candidate's priority 0
2021-10-10 13:46:40,947 [grpc-default-executor-7] INFO  server.RaftServer$Division (RaftServerImpl.java:setRole(285)) - 1d4e4b2f-e6a0-4223-b62b-246b29415176@group-EF7FE1329C44: changes role from  FOLLOWER to FOLLOWER at term 4 for candidate:2432123a-b439-42d5-83b4-1981f0fa2384
2021-10-10 13:46:40,947 [grpc-default-executor-7] INFO  impl.RoleInfo (RoleInfo.java:shutdownFollowerState(108)) - 1d4e4b2f-e6a0-4223-b62b-246b29415176: shutdown 1d4e4b2f-e6a0-4223-b62b-246b29415176@group-EF7FE1329C44-FollowerState
2021-10-10 13:46:40,947 [grpc-default-executor-7] INFO  impl.RoleInfo (RoleInfo.java:updateAndGet(130)) - 1d4e4b2f-e6a0-4223-b62b-246b29415176: start 1d4e4b2f-e6a0-4223-b62b-246b29415176@group-EF7FE1329C44-FollowerState
2021-10-10 13:46:40,948 [1d4e4b2f-e6a0-4223-b62b-246b29415176@group-EF7FE1329C44-FollowerState] INFO  impl.FollowerState (FollowerState.java:run(143)) - 1d4e4b2f-e6a0-4223-b62b-246b29415176@group-EF7FE1329C44-FollowerState was interrupted: {}
java.lang.InterruptedException: sleep interrupted
	at java.lang.Thread.sleep(Native Method)
	at java.lang.Thread.sleep(Thread.java:340)
	at java.util.concurrent.TimeUnit.sleep(TimeUnit.java:386)
	at org.apache.ratis.util.TimeDuration.sleep(TimeDuration.java:324)
	at org.apache.ratis.util.TimeDuration.sleep(TimeDuration.java:309)
	at org.apache.ratis.server.impl.FollowerState.run(FollowerState.java:118)
2021-10-10 13:46:40,978 [grpc-default-executor-7] INFO  server.RaftServer$Division (RaftServerImpl.java:requestVote(1075)) - 1d4e4b2f-e6a0-4223-b62b-246b29415176@group-EF7FE1329C44 replies to ELECTION vote request: 2432123a-b439-42d5-83b4-1981f0fa2384<-1d4e4b2f-e6a0-4223-b62b-246b29415176#0:OK-t4. Peer's state: 1d4e4b2f-e6a0-4223-b62b-246b29415176@group-EF7FE1329C44:t4, leader=null, voted=2432123a-b439-42d5-83b4-1981f0fa2384, raftlog=1d4e4b2f-e6a0-4223-b62b-246b29415176@group-EF7FE1329C44-SegmentedRaftLog:OPENED:c-1,f-1,i0, conf=-1: [2432123a-b439-42d5-83b4-1981f0fa2384|rpc:10.1.0.17:39429|priority:0, 1d4e4b2f-e6a0-4223-b62b-246b29415176|rpc:10.1.0.17:44219|priority:0, 9f3dcedd-2157-4ae4-b723-f54bfee8d9ce|rpc:10.1.0.17:40315|priority:1], old=null
2021-10-10 13:46:40,984 [2432123a-b439-42d5-83b4-1981f0fa2384@group-EF7FE1329C44-LeaderElection71] INFO  impl.LeaderElection (LeaderElection.java:logAndReturn(89)) - 2432123a-b439-42d5-83b4-1981f0fa2384@group-EF7FE1329C44-LeaderElection71: ELECTION PASSED received 1 response(s) and 1 exception(s):
2021-10-10 13:46:40,984 [2432123a-b439-42d5-83b4-1981f0fa2384@group-EF7FE1329C44-LeaderElection71] INFO  impl.LeaderElection (LeaderElection.java:logAndReturn(93)) -   Response 0: 2432123a-b439-42d5-83b4-1981f0fa2384<-1d4e4b2f-e6a0-4223-b62b-246b29415176#0:OK-t4
2021-10-10 13:46:40,984 [2432123a-b439-42d5-83b4-1981f0fa2384@group-EF7FE1329C44-LeaderElection71] INFO  impl.LeaderElection (LogUtils.java:infoOrTrace(137)) -   Exception 1: java.util.concurrent.ExecutionException: org.apache.ratis.thirdparty.io.grpc.StatusRuntimeException: UNAVAILABLE: io exception
2021-10-10 13:46:40,984 [2432123a-b439-42d5-83b4-1981f0fa2384@group-EF7FE1329C44-LeaderElection71] INFO  impl.LeaderElection (LeaderElection.java:askForVotes(308)) - 2432123a-b439-42d5-83b4-1981f0fa2384@group-EF7FE1329C44-LeaderElection71 ELECTION round 0: result PASSED
2021-10-10 13:46:40,984 [2432123a-b439-42d5-83b4-1981f0fa2384@group-EF7FE1329C44-LeaderElection71] INFO  impl.RoleInfo (RoleInfo.java:shutdownLeaderElection(121)) - 2432123a-b439-42d5-83b4-1981f0fa2384: shutdown 2432123a-b439-42d5-83b4-1981f0fa2384@group-EF7FE1329C44-LeaderElection71
2021-10-10 13:46:40,984 [2432123a-b439-42d5-83b4-1981f0fa2384@group-EF7FE1329C44-LeaderElection71] INFO  server.RaftServer$Division (RaftServerImpl.java:setRole(285)) - 2432123a-b439-42d5-83b4-1981f0fa2384@group-EF7FE1329C44: changes role from CANDIDATE to LEADER at term 4 for changeToLeader
2021-10-10 13:46:40,985 [2432123a-b439-42d5-83b4-1981f0fa2384@group-EF7FE1329C44-LeaderElection71] INFO  ratis.XceiverServerRatis (XceiverServerRatis.java:handleLeaderChangedNotification(861)) - Leader change notification received for group: group-EF7FE1329C44 with new leaderId: 2432123a-b439-42d5-83b4-1981f0fa2384
2021-10-10 13:46:40,985 [2432123a-b439-42d5-83b4-1981f0fa2384@group-EF7FE1329C44-LeaderElection71] INFO  server.RaftServer$Division (ServerState.java:setLeader(285)) - 2432123a-b439-42d5-83b4-1981f0fa2384@group-EF7FE1329C44: change Leader from null to 2432123a-b439-42d5-83b4-1981f0fa2384 at term 4 for becomeLeader, leader elected after 20589ms
2021-10-10 13:46:40,985 [2432123a-b439-42d5-83b4-1981f0fa2384@group-EF7FE1329C44-LeaderElection71] INFO  server.RaftServerConfigKeys (ConfUtils.java:logGet(44)) - raft.server.staging.catchup.gap = 1000 (default)
2021-10-10 13:46:40,985 [2432123a-b439-42d5-83b4-1981f0fa2384@group-EF7FE1329C44-LeaderElection71] INFO  server.RaftServerConfigKeys (ConfUtils.java:logGet(44)) - raft.server.write.element-limit = 1024 (custom)
2021-10-10 13:46:40,985 [2432123a-b439-42d5-83b4-1981f0fa2384@group-EF7FE1329C44-LeaderElection71] INFO  server.RaftServerConfigKeys (ConfUtils.java:logGet(44)) - raft.server.write.byte-limit = 1024 M (=1073741824) (custom)
2021-10-10 13:46:40,985 [2432123a-b439-42d5-83b4-1981f0fa2384@group-EF7FE1329C44-LeaderElection71] INFO  server.RaftServerConfigKeys (ConfUtils.java:logGet(44)) - raft.server.watch.timeout = 3000ms (custom)
2021-10-10 13:46:40,986 [2432123a-b439-42d5-83b4-1981f0fa2384@group-EF7FE1329C44-LeaderElection71] INFO  server.RaftServerConfigKeys (ConfUtils.java:logGet(44)) - raft.server.watch.timeout.denomination = 1s (default)
2021-10-10 13:46:40,986 [2432123a-b439-42d5-83b4-1981f0fa2384@group-EF7FE1329C44-LeaderElection71] INFO  server.RaftServerConfigKeys (ConfUtils.java:logGet(44)) - raft.server.watch.element-limit = 65536 (default)
2021-10-10 13:46:40,986 [2432123a-b439-42d5-83b4-1981f0fa2384@group-EF7FE1329C44-LeaderElection71] INFO  server.RaftServerConfigKeys (ConfUtils.java:logGet(44)) - raft.server.log.appender.snapshot.chunk.size.max = 16MB (=16777216) (default)
2021-10-10 13:46:40,986 [2432123a-b439-42d5-83b4-1981f0fa2384@group-EF7FE1329C44-LeaderElection71] INFO  server.RaftServerConfigKeys (ConfUtils.java:logGet(44)) - raft.server.log.appender.buffer.byte-limit = 33554432 (custom)
2021-10-10 13:46:40,986 [2432123a-b439-42d5-83b4-1981f0fa2384@group-EF7FE1329C44-LeaderElection71] INFO  server.RaftServerConfigKeys (ConfUtils.java:logGet(44)) - raft.server.log.appender.buffer.element-limit = 1 (custom)
2021-10-10 13:46:40,986 [2432123a-b439-42d5-83b4-1981f0fa2384@group-EF7FE1329C44-LeaderElection71] INFO  grpc.GrpcConfigKeys (ConfUtils.java:logGet(44)) - raft.grpc.server.leader.outstanding.appends.max = 128 (default)
2021-10-10 13:46:40,986 [2432123a-b439-42d5-83b4-1981f0fa2384@group-EF7FE1329C44-LeaderElection71] INFO  server.RaftServerConfigKeys (ConfUtils.java:logGet(44)) - raft.server.rpc.request.timeout = 3000ms (default)
2021-10-10 13:46:40,986 [2432123a-b439-42d5-83b4-1981f0fa2384@group-EF7FE1329C44-LeaderElection71] INFO  server.RaftServerConfigKeys (ConfUtils.java:logGet(44)) - raft.server.log.appender.install.snapshot.enabled = false (custom)
2021-10-10 13:46:40,988 [2432123a-b439-42d5-83b4-1981f0fa2384@group-EF7FE1329C44-LeaderElection71] INFO  server.RaftServerConfigKeys (ConfUtils.java:logGet(44)) - raft.server.log.appender.snapshot.chunk.size.max = 16MB (=16777216) (default)
2021-10-10 13:46:40,988 [2432123a-b439-42d5-83b4-1981f0fa2384@group-EF7FE1329C44-LeaderElection71] INFO  server.RaftServerConfigKeys (ConfUtils.java:logGet(44)) - raft.server.log.appender.buffer.byte-limit = 33554432 (custom)
2021-10-10 13:46:40,988 [2432123a-b439-42d5-83b4-1981f0fa2384@group-EF7FE1329C44-LeaderElection71] INFO  server.RaftServerConfigKeys (ConfUtils.java:logGet(44)) - raft.server.log.appender.buffer.element-limit = 1 (custom)
2021-10-10 13:46:40,988 [2432123a-b439-42d5-83b4-1981f0fa2384@group-EF7FE1329C44-LeaderElection71] INFO  grpc.GrpcConfigKeys (ConfUtils.java:logGet(44)) - raft.grpc.server.leader.outstanding.appends.max = 128 (default)
2021-10-10 13:46:40,988 [2432123a-b439-42d5-83b4-1981f0fa2384@group-EF7FE1329C44-LeaderElection71] INFO  server.RaftServerConfigKeys (ConfUtils.java:logGet(44)) - raft.server.rpc.request.timeout = 3000ms (default)
2021-10-10 13:46:40,988 [2432123a-b439-42d5-83b4-1981f0fa2384@group-EF7FE1329C44-LeaderElection71] INFO  server.RaftServerConfigKeys (ConfUtils.java:logGet(44)) - raft.server.log.appender.install.snapshot.enabled = false (custom)
2021-10-10 13:46:40,989 [2432123a-b439-42d5-83b4-1981f0fa2384@group-EF7FE1329C44-LeaderElection71] INFO  impl.RoleInfo (RoleInfo.java:updateAndGet(130)) - 2432123a-b439-42d5-83b4-1981f0fa2384: start 2432123a-b439-42d5-83b4-1981f0fa2384@group-EF7FE1329C44-LeaderStateImpl
2021-10-10 13:46:40,989 [2432123a-b439-42d5-83b4-1981f0fa2384@group-EF7FE1329C44-LeaderElection71] INFO  segmented.SegmentedRaftLogWorker (SegmentedRaftLogWorker.java:startLogSegment(394)) - 2432123a-b439-42d5-83b4-1981f0fa2384@group-EF7FE1329C44-SegmentedRaftLogWorker: Starting segment from index:0
2021-10-10 13:46:40,991 [Datanode State Machine Thread - 0] WARN  statemachine.StateContext (StateContext.java:execute(621)) - No available thread in pool for past 1 seconds.
2021-10-10 13:46:40,992 [2432123a-b439-42d5-83b4-1981f0fa2384@group-EF7FE1329C44-SegmentedRaftLogWorker] INFO  segmented.SegmentedRaftLogWorker (SegmentedRaftLogWorker.java:execute(601)) - 2432123a-b439-42d5-83b4-1981f0fa2384@group-EF7FE1329C44-SegmentedRaftLogWorker: created new log segment /home/runner/work/ozone/ozone/hadoop-ozone/integration-test/target/test-dir/MiniOzoneClusterImpl-0f145d0e-b24d-4882-976e-a7baa8a64dfe/datanode-5/data/ratis/d81155ad-7afe-4ff1-840a-ef7fe1329c44/current/log_inprogress_0
2021-10-10 13:46:40,994 [grpc-default-executor-6] INFO  ratis.XceiverServerRatis (XceiverServerRatis.java:handleLeaderChangedNotification(861)) - Leader change notification received for group: group-EF7FE1329C44 with new leaderId: 2432123a-b439-42d5-83b4-1981f0fa2384
2021-10-10 13:46:40,994 [grpc-default-executor-6] INFO  server.RaftServer$Division (ServerState.java:setLeader(285)) - 1d4e4b2f-e6a0-4223-b62b-246b29415176@group-EF7FE1329C44: change Leader from null to 2432123a-b439-42d5-83b4-1981f0fa2384 at term 4 for appendEntries, leader elected after 20712ms
2021-10-10 13:46:40,995 [2432123a-b439-42d5-83b4-1981f0fa2384@group-EF7FE1329C44-LeaderElection71] INFO  server.RaftServer$Division (ServerState.java:setRaftConf(387)) - 2432123a-b439-42d5-83b4-1981f0fa2384@group-EF7FE1329C44: set configuration 0: [2432123a-b439-42d5-83b4-1981f0fa2384|rpc:10.1.0.17:39429|dataStream:|priority:0, 1d4e4b2f-e6a0-4223-b62b-246b29415176|rpc:10.1.0.17:44219|dataStream:|priority:0, 9f3dcedd-2157-4ae4-b723-f54bfee8d9ce|rpc:10.1.0.17:40315|dataStream:|priority:1], old=null
2021-10-10 13:46:40,995 [EventQueue-PipelineReportForPipelineReportHandler] INFO  pipeline.PipelineManagerImpl (PipelineManagerImpl.java:openPipeline(282)) - Pipeline Pipeline[ Id: d81155ad-7afe-4ff1-840a-ef7fe1329c44, Nodes: 2432123a-b439-42d5-83b4-1981f0fa2384{ip: 10.1.0.17, host: fv-az291-460.wgnan5asplgejimfprtllbpdch.jx.internal.cloudapp.net, ports: [REPLICATION=45645, RATIS=39429, RATIS_ADMIN=39429, RATIS_SERVER=39429, STANDALONE=45115], networkLocation: /default-rack, certSerialId: null, persistedOpState: IN_SERVICE, persistedOpStateExpiryEpochSec: 0}9f3dcedd-2157-4ae4-b723-f54bfee8d9ce{ip: 10.1.0.17, host: fv-az291-460.wgnan5asplgejimfprtllbpdch.jx.internal.cloudapp.net, ports: [REPLICATION=34857, RATIS=40315, RATIS_ADMIN=40315, RATIS_SERVER=40315, STANDALONE=44597], networkLocation: /default-rack, certSerialId: null, persistedOpState: IN_SERVICE, persistedOpStateExpiryEpochSec: 0}1d4e4b2f-e6a0-4223-b62b-246b29415176{ip: 10.1.0.17, host: fv-az291-460.wgnan5asplgejimfprtllbpdch.jx.internal.cloudapp.net, ports: [REPLICATION=42583, RATIS=44219, RATIS_ADMIN=44219, RATIS_SERVER=44219, STANDALONE=40233], networkLocation: /default-rack, certSerialId: null, persistedOpState: IN_SERVICE, persistedOpStateExpiryEpochSec: 0}, ReplicationConfig: RATIS/THREE, State:ALLOCATED, leaderId:2432123a-b439-42d5-83b4-1981f0fa2384, CreationTimestamp2021-10-10T13:46:17.372Z[Etc/UTC]] moved to OPEN state
2021-10-10 13:46:41,002 [grpc-default-executor-7] WARN  server.GrpcLogAppender (LogUtils.java:warn(122)) - 2432123a-b439-42d5-83b4-1981f0fa2384@group-EF7FE1329C44->9f3dcedd-2157-4ae4-b723-f54bfee8d9ce-AppendLogResponseHandler: Failed appendEntries: org.apache.ratis.thirdparty.io.grpc.StatusRuntimeException: UNAVAILABLE: io exception
2021-10-10 13:46:41,002 [grpc-default-executor-7] WARN  server.GrpcLogAppender (GrpcLogAppender.java:resetClient(111)) - 2432123a-b439-42d5-83b4-1981f0fa2384@group-EF7FE1329C44->9f3dcedd-2157-4ae4-b723-f54bfee8d9ce-GrpcLogAppender: Leader has not got in touch with Follower 2432123a-b439-42d5-83b4-1981f0fa2384@group-EF7FE1329C44->9f3dcedd-2157-4ae4-b723-f54bfee8d9ce(c-1,m0,n0, attendVote=true, lastRpcSendTime=5216, lastRpcResponseTime=5216) yet, just keep nextIndex unchanged and retry.
2021-10-10 13:46:41,003 [grpc-default-executor-7] WARN  server.GrpcLogAppender (LogUtils.java:warn(122)) - 2432123a-b439-42d5-83b4-1981f0fa2384@group-EF7FE1329C44->9f3dcedd-2157-4ae4-b723-f54bfee8d9ce-AppendLogResponseHandler: Failed appendEntries: org.apache.ratis.thirdparty.io.grpc.StatusRuntimeException: UNAVAILABLE: io exception
2021-10-10 13:46:41,004 [grpc-default-executor-7] WARN  server.GrpcLogAppender (GrpcLogAppender.java:resetClient(111)) - 2432123a-b439-42d5-83b4-1981f0fa2384@group-EF7FE1329C44->9f3dcedd-2157-4ae4-b723-f54bfee8d9ce-GrpcLogAppender: Leader has not got in touch with Follower 2432123a-b439-42d5-83b4-1981f0fa2384@group-EF7FE1329C44->9f3dcedd-2157-4ae4-b723-f54bfee8d9ce(c-1,m0,n1, attendVote=true, lastRpcSendTime=0, lastRpcResponseTime=5217) yet, just keep nextIndex unchanged and retry.
2021-10-10 13:46:41,024 [grpc-default-executor-6] INFO  server.RaftServer$Division (ServerState.java:setRaftConf(387)) - 1d4e4b2f-e6a0-4223-b62b-246b29415176@group-EF7FE1329C44: set configuration 0: [2432123a-b439-42d5-83b4-1981f0fa2384|rpc:10.1.0.17:39429|dataStream:|priority:0, 1d4e4b2f-e6a0-4223-b62b-246b29415176|rpc:10.1.0.17:44219|dataStream:|priority:0, 9f3dcedd-2157-4ae4-b723-f54bfee8d9ce|rpc:10.1.0.17:40315|dataStream:|priority:1], old=null
2021-10-10 13:46:41,024 [grpc-default-executor-6] INFO  segmented.SegmentedRaftLogWorker (SegmentedRaftLogWorker.java:startLogSegment(394)) - 1d4e4b2f-e6a0-4223-b62b-246b29415176@group-EF7FE1329C44-SegmentedRaftLogWorker: Starting segment from index:0
2021-10-10 13:46:41,066 [1d4e4b2f-e6a0-4223-b62b-246b29415176@group-EF7FE1329C44-SegmentedRaftLogWorker] INFO  segmented.SegmentedRaftLogWorker (SegmentedRaftLogWorker.java:execute(601)) - 1d4e4b2f-e6a0-4223-b62b-246b29415176@group-EF7FE1329C44-SegmentedRaftLogWorker: created new log segment /home/runner/work/ozone/ozone/hadoop-ozone/integration-test/target/test-dir/MiniOzoneClusterImpl-0f145d0e-b24d-4882-976e-a7baa8a64dfe/datanode-3/data/ratis/d81155ad-7afe-4ff1-840a-ef7fe1329c44/current/log_inprogress_0
2021-10-10 13:46:42,132 [Listener at 127.0.0.1/44821] INFO  statemachine.DatanodeStateMachine (DatanodeStateMachine.java:stopDaemon(522)) - Ozone container server stopped.
2021-10-10 13:46:42,133 [Listener at 127.0.0.1/44821] INFO  handler.ContextHandler (ContextHandler.java:doStop(1153)) - Stopped o.e.j.w.WebAppContext@1c001341{hddsDatanode,/,null,STOPPED}{jar:file:/home/runner/.m2/repository/org/apache/ozone/hdds-container-service/1.2.0-SNAPSHOT/hdds-container-service-1.2.0-SNAPSHOT.jar!/webapps/hddsDatanode}
2021-10-10 13:46:42,143 [Listener at 127.0.0.1/44821] INFO  server.AbstractConnector (AbstractConnector.java:doStop(381)) - Stopped ServerConnector@50a63a9d{HTTP/1.1, (http/1.1)}{0.0.0.0:0}
2021-10-10 13:46:42,143 [Listener at 127.0.0.1/44821] INFO  server.session (HouseKeeper.java:stopScavenging(149)) - node0 Stopped scavenging
2021-10-10 13:46:42,143 [Listener at 127.0.0.1/44821] INFO  handler.ContextHandler (ContextHandler.java:doStop(1153)) - Stopped o.e.j.s.ServletContextHandler@7b848658{static,/static,jar:file:/home/runner/.m2/repository/org/apache/ozone/hdds-container-service/1.2.0-SNAPSHOT/hdds-container-service-1.2.0-SNAPSHOT.jar!/webapps/static,STOPPED}
2021-10-10 13:46:42,144 [Listener at 127.0.0.1/44821] INFO  handler.ContextHandler (ContextHandler.java:doStop(1153)) - Stopped o.e.j.s.ServletContextHandler@1b5c3bb5{logs,/logs,file:///home/runner/work/ozone/ozone/hadoop-ozone/integration-test/target/log,STOPPED}
2021-10-10 13:46:42,663 [grpc-default-executor-6] WARN  server.GrpcLogAppender (LogUtils.java:warn(122)) - 1d4e4b2f-e6a0-4223-b62b-246b29415176@group-F3E1136D39A0->9f3dcedd-2157-4ae4-b723-f54bfee8d9ce-AppendLogResponseHandler: Failed appendEntries: org.apache.ratis.thirdparty.io.grpc.StatusRuntimeException: UNAVAILABLE: io exception
2021-10-10 13:46:42,664 [grpc-default-executor-6] WARN  server.GrpcLogAppender (GrpcLogAppender.java:resetClient(111)) - 1d4e4b2f-e6a0-4223-b62b-246b29415176@group-F3E1136D39A0->9f3dcedd-2157-4ae4-b723-f54bfee8d9ce-GrpcLogAppender: Leader has not got in touch with Follower 1d4e4b2f-e6a0-4223-b62b-246b29415176@group-F3E1136D39A0->9f3dcedd-2157-4ae4-b723-f54bfee8d9ce(c0,m0,n1, attendVote=true, lastRpcSendTime=3, lastRpcResponseTime=5006) yet, just keep nextIndex unchanged and retry.
2021-10-10 13:46:43,507 [grpc-default-executor-6] WARN  server.GrpcLogAppender (LogUtils.java:warn(122)) - 2432123a-b439-42d5-83b4-1981f0fa2384@group-EF7FE1329C44->9f3dcedd-2157-4ae4-b723-f54bfee8d9ce-AppendLogResponseHandler: Failed appendEntries: org.apache.ratis.thirdparty.io.grpc.StatusRuntimeException: UNAVAILABLE: io exception
2021-10-10 13:46:43,508 [grpc-default-executor-6] WARN  server.GrpcLogAppender (GrpcLogAppender.java:resetClient(111)) - 2432123a-b439-42d5-83b4-1981f0fa2384@group-EF7FE1329C44->9f3dcedd-2157-4ae4-b723-f54bfee8d9ce-GrpcLogAppender: Leader has not got in touch with Follower 2432123a-b439-42d5-83b4-1981f0fa2384@group-EF7FE1329C44->9f3dcedd-2157-4ae4-b723-f54bfee8d9ce(c-1,m0,n1, attendVote=true, lastRpcSendTime=3, lastRpcResponseTime=7722) yet, just keep nextIndex unchanged and retry.
2021-10-10 13:46:43,938 [EventQueue-StaleNodeForStaleNodeHandler] INFO  node.StaleNodeHandler (StaleNodeHandler.java:onMessage(58)) - Datanode 9f3dcedd-2157-4ae4-b723-f54bfee8d9ce{ip: 10.1.0.17, host: fv-az291-460.wgnan5asplgejimfprtllbpdch.jx.internal.cloudapp.net, ports: [REPLICATION=34857, RATIS=40315, RATIS_ADMIN=40315, RATIS_SERVER=40315, STANDALONE=44597], networkLocation: /default-rack, certSerialId: null, persistedOpState: IN_SERVICE, persistedOpStateExpiryEpochSec: 0} moved to stale state. Finalizing its pipelines [PipelineID=d81155ad-7afe-4ff1-840a-ef7fe1329c44, PipelineID=8bf488a0-0968-47a6-ae95-7dfff592c791, PipelineID=16a067cd-1683-4cd8-a695-f3e1136d39a0]
2021-10-10 13:46:43,938 [EventQueue-StaleNodeForStaleNodeHandler] INFO  pipeline.PipelineManagerImpl (PipelineManagerImpl.java:closePipeline(342)) - Pipeline Pipeline[ Id: d81155ad-7afe-4ff1-840a-ef7fe1329c44, Nodes: 2432123a-b439-42d5-83b4-1981f0fa2384{ip: 10.1.0.17, host: fv-az291-460.wgnan5asplgejimfprtllbpdch.jx.internal.cloudapp.net, ports: [REPLICATION=45645, RATIS=39429, RATIS_ADMIN=39429, RATIS_SERVER=39429, STANDALONE=45115], networkLocation: /default-rack, certSerialId: null, persistedOpState: IN_SERVICE, persistedOpStateExpiryEpochSec: 0}9f3dcedd-2157-4ae4-b723-f54bfee8d9ce{ip: 10.1.0.17, host: fv-az291-460.wgnan5asplgejimfprtllbpdch.jx.internal.cloudapp.net, ports: [REPLICATION=34857, RATIS=40315, RATIS_ADMIN=40315, RATIS_SERVER=40315, STANDALONE=44597], networkLocation: /default-rack, certSerialId: null, persistedOpState: IN_SERVICE, persistedOpStateExpiryEpochSec: 0}1d4e4b2f-e6a0-4223-b62b-246b29415176{ip: 10.1.0.17, host: fv-az291-460.wgnan5asplgejimfprtllbpdch.jx.internal.cloudapp.net, ports: [REPLICATION=42583, RATIS=44219, RATIS_ADMIN=44219, RATIS_SERVER=44219, STANDALONE=40233], networkLocation: /default-rack, certSerialId: null, persistedOpState: IN_SERVICE, persistedOpStateExpiryEpochSec: 0}, ReplicationConfig: RATIS/THREE, State:OPEN, leaderId:2432123a-b439-42d5-83b4-1981f0fa2384, CreationTimestamp2021-10-10T13:46:17.372Z[Etc/UTC]] moved to CLOSED state
2021-10-10 13:46:43,939 [EventQueue-StaleNodeForStaleNodeHandler] INFO  pipeline.PipelineManagerImpl (PipelineManagerImpl.java:closePipeline(342)) - Pipeline Pipeline[ Id: 8bf488a0-0968-47a6-ae95-7dfff592c791, Nodes: 9f3dcedd-2157-4ae4-b723-f54bfee8d9ce{ip: 10.1.0.17, host: fv-az291-460.wgnan5asplgejimfprtllbpdch.jx.internal.cloudapp.net, ports: [REPLICATION=34857, RATIS=40315, RATIS_ADMIN=40315, RATIS_SERVER=40315, STANDALONE=44597], networkLocation: /default-rack, certSerialId: null, persistedOpState: IN_SERVICE, persistedOpStateExpiryEpochSec: 0}, ReplicationConfig: RATIS/ONE, State:OPEN, leaderId:9f3dcedd-2157-4ae4-b723-f54bfee8d9ce, CreationTimestamp2021-10-10T13:46:17.120Z[Etc/UTC]] moved to CLOSED state
2021-10-10 13:46:43,948 [EventQueue-StaleNodeForStaleNodeHandler] INFO  pipeline.PipelineManagerImpl (PipelineManagerImpl.java:closePipeline(342)) - Pipeline Pipeline[ Id: 16a067cd-1683-4cd8-a695-f3e1136d39a0, Nodes: 9f3dcedd-2157-4ae4-b723-f54bfee8d9ce{ip: 10.1.0.17, host: fv-az291-460.wgnan5asplgejimfprtllbpdch.jx.internal.cloudapp.net, ports: [REPLICATION=34857, RATIS=40315, RATIS_ADMIN=40315, RATIS_SERVER=40315, STANDALONE=44597], networkLocation: /default-rack, certSerialId: null, persistedOpState: IN_SERVICE, persistedOpStateExpiryEpochSec: 0}1d4e4b2f-e6a0-4223-b62b-246b29415176{ip: 10.1.0.17, host: fv-az291-460.wgnan5asplgejimfprtllbpdch.jx.internal.cloudapp.net, ports: [REPLICATION=42583, RATIS=44219, RATIS_ADMIN=44219, RATIS_SERVER=44219, STANDALONE=40233], networkLocation: /default-rack, certSerialId: null, persistedOpState: IN_SERVICE, persistedOpStateExpiryEpochSec: 0}2432123a-b439-42d5-83b4-1981f0fa2384{ip: 10.1.0.17, host: fv-az291-460.wgnan5asplgejimfprtllbpdch.jx.internal.cloudapp.net, ports: [REPLICATION=45645, RATIS=39429, RATIS_ADMIN=39429, RATIS_SERVER=39429, STANDALONE=45115], networkLocation: /default-rack, certSerialId: null, persistedOpState: IN_SERVICE, persistedOpStateExpiryEpochSec: 0}, ReplicationConfig: RATIS/THREE, State:OPEN, leaderId:1d4e4b2f-e6a0-4223-b62b-246b29415176, CreationTimestamp2021-10-10T13:46:17.371Z[Etc/UTC]] moved to CLOSED state
2021-10-10 13:46:43,948 [EventQueue-CloseContainerForCloseContainerEventHandler] INFO  container.CloseContainerEventHandler (CloseContainerEventHandler.java:onMessage(69)) - Close container Event triggered for container : #1
2021-10-10 13:46:45,165 [grpc-default-executor-6] WARN  server.GrpcLogAppender (LogUtils.java:warn(122)) - 1d4e4b2f-e6a0-4223-b62b-246b29415176@group-F3E1136D39A0->9f3dcedd-2157-4ae4-b723-f54bfee8d9ce-AppendLogResponseHandler: Failed appendEntries: org.apache.ratis.thirdparty.io.grpc.StatusRuntimeException: UNAVAILABLE: io exception
2021-10-10 13:46:45,166 [grpc-default-executor-6] WARN  server.GrpcLogAppender (GrpcLogAppender.java:resetClient(111)) - 1d4e4b2f-e6a0-4223-b62b-246b29415176@group-F3E1136D39A0->9f3dcedd-2157-4ae4-b723-f54bfee8d9ce-GrpcLogAppender: Leader has not got in touch with Follower 1d4e4b2f-e6a0-4223-b62b-246b29415176@group-F3E1136D39A0->9f3dcedd-2157-4ae4-b723-f54bfee8d9ce(c0,m0,n1, attendVote=true, lastRpcSendTime=2505, lastRpcResponseTime=7508) yet, just keep nextIndex unchanged and retry.
2021-10-10 13:46:46,008 [grpc-default-executor-7] WARN  server.GrpcLogAppender (LogUtils.java:warn(122)) - 2432123a-b439-42d5-83b4-1981f0fa2384@group-EF7FE1329C44->9f3dcedd-2157-4ae4-b723-f54bfee8d9ce-AppendLogResponseHandler: Failed appendEntries: org.apache.ratis.thirdparty.io.grpc.StatusRuntimeException: UNAVAILABLE: io exception
2021-10-10 13:46:46,009 [grpc-default-executor-7] WARN  server.GrpcLogAppender (GrpcLogAppender.java:resetClient(111)) - 2432123a-b439-42d5-83b4-1981f0fa2384@group-EF7FE1329C44->9f3dcedd-2157-4ae4-b723-f54bfee8d9ce-GrpcLogAppender: Leader has not got in touch with Follower 2432123a-b439-42d5-83b4-1981f0fa2384@group-EF7FE1329C44->9f3dcedd-2157-4ae4-b723-f54bfee8d9ce(c-1,m0,n1, attendVote=true, lastRpcSendTime=1, lastRpcResponseTime=10223) yet, just keep nextIndex unchanged and retry.
2021-10-10 13:46:46,196 [2432123a-b439-42d5-83b4-1981f0fa2384@group-EF7FE1329C44-LeaderStateImpl] INFO  server.RaftServer$Division (LeaderStateImpl.java:yieldLeaderToHigherPriorityPeer(900)) - 2432123a-b439-42d5-83b4-1981f0fa2384@group-EF7FE1329C44-LeaderStateImpl send StartLeaderElectionRequest to follower:9f3dcedd-2157-4ae4-b723-f54bfee8d9ce on term:4 because follower's priority:1 is higher than leader's:0 and follower's lastEntry index:0 catch up with leader's:0
2021-10-10 13:46:47,671 [grpc-default-executor-6] WARN  server.GrpcLogAppender (LogUtils.java:warn(122)) - 1d4e4b2f-e6a0-4223-b62b-246b29415176@group-F3E1136D39A0->9f3dcedd-2157-4ae4-b723-f54bfee8d9ce-AppendLogResponseHandler: Failed appendEntries: org.apache.ratis.thirdparty.io.grpc.StatusRuntimeException: UNAVAILABLE: io exception
2021-10-10 13:46:47,672 [grpc-default-executor-6] WARN  server.GrpcLogAppender (GrpcLogAppender.java:resetClient(111)) - 1d4e4b2f-e6a0-4223-b62b-246b29415176@group-F3E1136D39A0->9f3dcedd-2157-4ae4-b723-f54bfee8d9ce-GrpcLogAppender: Leader has not got in touch with Follower 1d4e4b2f-e6a0-4223-b62b-246b29415176@group-F3E1136D39A0->9f3dcedd-2157-4ae4-b723-f54bfee8d9ce(c0,m0,n1, attendVote=true, lastRpcSendTime=2505, lastRpcResponseTime=10014) yet, just keep nextIndex unchanged and retry.
2021-10-10 13:46:48,532 [grpc-default-executor-6] WARN  server.GrpcLogAppender (LogUtils.java:warn(122)) - 2432123a-b439-42d5-83b4-1981f0fa2384@group-EF7FE1329C44->9f3dcedd-2157-4ae4-b723-f54bfee8d9ce-AppendLogResponseHandler: Failed appendEntries: org.apache.ratis.thirdparty.io.grpc.StatusRuntimeException: UNAVAILABLE: io exception
2021-10-10 13:46:48,533 [grpc-default-executor-6] WARN  server.GrpcLogAppender (GrpcLogAppender.java:resetClient(111)) - 2432123a-b439-42d5-83b4-1981f0fa2384@group-EF7FE1329C44->9f3dcedd-2157-4ae4-b723-f54bfee8d9ce-GrpcLogAppender: Leader has not got in touch with Follower 2432123a-b439-42d5-83b4-1981f0fa2384@group-EF7FE1329C44->9f3dcedd-2157-4ae4-b723-f54bfee8d9ce(c-1,m0,n1, attendVote=true, lastRpcSendTime=0, lastRpcResponseTime=12747) yet, just keep nextIndex unchanged and retry.
2021-10-10 13:46:50,183 [grpc-default-executor-4] WARN  server.GrpcLogAppender (LogUtils.java:warn(122)) - 1d4e4b2f-e6a0-4223-b62b-246b29415176@group-F3E1136D39A0->9f3dcedd-2157-4ae4-b723-f54bfee8d9ce-AppendLogResponseHandler: Failed appendEntries: org.apache.ratis.thirdparty.io.grpc.StatusRuntimeException: UNAVAILABLE: io exception
2021-10-10 13:46:50,183 [grpc-default-executor-4] WARN  server.GrpcLogAppender (GrpcLogAppender.java:resetClient(111)) - 1d4e4b2f-e6a0-4223-b62b-246b29415176@group-F3E1136D39A0->9f3dcedd-2157-4ae4-b723-f54bfee8d9ce-GrpcLogAppender: Leader has not got in touch with Follower 1d4e4b2f-e6a0-4223-b62b-246b29415176@group-F3E1136D39A0->9f3dcedd-2157-4ae4-b723-f54bfee8d9ce(c0,m0,n1, attendVote=true, lastRpcSendTime=2510, lastRpcResponseTime=12525) yet, just keep nextIndex unchanged and retry.
2021-10-10 13:46:51,035 [grpc-default-executor-4] WARN  server.GrpcLogAppender (LogUtils.java:warn(122)) - 2432123a-b439-42d5-83b4-1981f0fa2384@group-EF7FE1329C44->9f3dcedd-2157-4ae4-b723-f54bfee8d9ce-AppendLogResponseHandler: Failed appendEntries: org.apache.ratis.thirdparty.io.grpc.StatusRuntimeException: UNAVAILABLE: io exception
2021-10-10 13:46:51,036 [grpc-default-executor-4] WARN  server.GrpcLogAppender (GrpcLogAppender.java:resetClient(111)) - 2432123a-b439-42d5-83b4-1981f0fa2384@group-EF7FE1329C44->9f3dcedd-2157-4ae4-b723-f54bfee8d9ce-GrpcLogAppender: Leader has not got in touch with Follower 2432123a-b439-42d5-83b4-1981f0fa2384@group-EF7FE1329C44->9f3dcedd-2157-4ae4-b723-f54bfee8d9ce(c-1,m0,n1, attendVote=true, lastRpcSendTime=2503, lastRpcResponseTime=15250) yet, just keep nextIndex unchanged and retry.
2021-10-10 13:46:51,414 [2432123a-b439-42d5-83b4-1981f0fa2384@group-EF7FE1329C44-LeaderStateImpl] INFO  server.RaftServer$Division (LeaderStateImpl.java:yieldLeaderToHigherPriorityPeer(900)) - 2432123a-b439-42d5-83b4-1981f0fa2384@group-EF7FE1329C44-LeaderStateImpl send StartLeaderElectionRequest to follower:9f3dcedd-2157-4ae4-b723-f54bfee8d9ce on term:4 because follower's priority:1 is higher than leader's:0 and follower's lastEntry index:0 catch up with leader's:0
2021-10-10 13:46:52,694 [grpc-default-executor-6] WARN  server.GrpcLogAppender (LogUtils.java:warn(122)) - 1d4e4b2f-e6a0-4223-b62b-246b29415176@group-F3E1136D39A0->9f3dcedd-2157-4ae4-b723-f54bfee8d9ce-AppendLogResponseHandler: Failed appendEntries: org.apache.ratis.thirdparty.io.grpc.StatusRuntimeException: UNAVAILABLE: io exception
2021-10-10 13:46:52,695 [grpc-default-executor-6] WARN  server.GrpcLogAppender (GrpcLogAppender.java:resetClient(111)) - 1d4e4b2f-e6a0-4223-b62b-246b29415176@group-F3E1136D39A0->9f3dcedd-2157-4ae4-b723-f54bfee8d9ce-GrpcLogAppender: Leader has not got in touch with Follower 1d4e4b2f-e6a0-4223-b62b-246b29415176@group-F3E1136D39A0->9f3dcedd-2157-4ae4-b723-f54bfee8d9ce(c0,m0,n1, attendVote=true, lastRpcSendTime=3, lastRpcResponseTime=15037) yet, just keep nextIndex unchanged and retry.
2021-10-10 13:46:53,540 [grpc-default-executor-4] WARN  server.GrpcLogAppender (LogUtils.java:warn(122)) - 2432123a-b439-42d5-83b4-1981f0fa2384@group-EF7FE1329C44->9f3dcedd-2157-4ae4-b723-f54bfee8d9ce-AppendLogResponseHandler: Failed appendEntries: org.apache.ratis.thirdparty.io.grpc.StatusRuntimeException: UNAVAILABLE: io exception
2021-10-10 13:46:53,541 [grpc-default-executor-4] WARN  server.GrpcLogAppender (GrpcLogAppender.java:resetClient(111)) - 2432123a-b439-42d5-83b4-1981f0fa2384@group-EF7FE1329C44->9f3dcedd-2157-4ae4-b723-f54bfee8d9ce-GrpcLogAppender: Leader has not got in touch with Follower 2432123a-b439-42d5-83b4-1981f0fa2384@group-EF7FE1329C44->9f3dcedd-2157-4ae4-b723-f54bfee8d9ce(c-1,m0,n1, attendVote=true, lastRpcSendTime=2503, lastRpcResponseTime=17754) yet, just keep nextIndex unchanged and retry.
2021-10-10 13:46:53,979 [EventQueue-DeadNodeForDeadNodeHandler] INFO  node.DeadNodeHandler (DeadNodeHandler.java:onMessage(80)) - A dead datanode is detected. 9f3dcedd-2157-4ae4-b723-f54bfee8d9ce{ip: 10.1.0.17, host: fv-az291-460.wgnan5asplgejimfprtllbpdch.jx.internal.cloudapp.net, ports: [REPLICATION=34857, RATIS=40315, RATIS_ADMIN=40315, RATIS_SERVER=40315, STANDALONE=44597], networkLocation: /default-rack, certSerialId: null, persistedOpState: IN_SERVICE, persistedOpStateExpiryEpochSec: 0}
2021-10-10 13:46:53,979 [EventQueue-DeadNodeForDeadNodeHandler] INFO  pipeline.RatisPipelineProvider (RatisPipelineProvider.java:lambda$close$1(222)) - Send pipeline:PipelineID=d81155ad-7afe-4ff1-840a-ef7fe1329c44 close command to datanode 2432123a-b439-42d5-83b4-1981f0fa2384
2021-10-10 13:46:53,979 [EventQueue-DeadNodeForDeadNodeHandler] INFO  pipeline.RatisPipelineProvider (RatisPipelineProvider.java:lambda$close$1(222)) - Send pipeline:PipelineID=d81155ad-7afe-4ff1-840a-ef7fe1329c44 close command to datanode 9f3dcedd-2157-4ae4-b723-f54bfee8d9ce
2021-10-10 13:46:53,979 [EventQueue-DeadNodeForDeadNodeHandler] INFO  pipeline.RatisPipelineProvider (RatisPipelineProvider.java:lambda$close$1(222)) - Send pipeline:PipelineID=d81155ad-7afe-4ff1-840a-ef7fe1329c44 close command to datanode 1d4e4b2f-e6a0-4223-b62b-246b29415176
2021-10-10 13:46:53,995 [EventQueue-DeadNodeForDeadNodeHandler] INFO  pipeline.PipelineStateManagerImpl (PipelineStateManagerImpl.java:removePipeline(211)) - Pipeline Pipeline[ Id: d81155ad-7afe-4ff1-840a-ef7fe1329c44, Nodes: 2432123a-b439-42d5-83b4-1981f0fa2384{ip: 10.1.0.17, host: fv-az291-460.wgnan5asplgejimfprtllbpdch.jx.internal.cloudapp.net, ports: [REPLICATION=45645, RATIS=39429, RATIS_ADMIN=39429, RATIS_SERVER=39429, STANDALONE=45115], networkLocation: /default-rack, certSerialId: null, persistedOpState: IN_SERVICE, persistedOpStateExpiryEpochSec: 0}9f3dcedd-2157-4ae4-b723-f54bfee8d9ce{ip: 10.1.0.17, host: fv-az291-460.wgnan5asplgejimfprtllbpdch.jx.internal.cloudapp.net, ports: [REPLICATION=34857, RATIS=40315, RATIS_ADMIN=40315, RATIS_SERVER=40315, STANDALONE=44597], networkLocation: /default-rack, certSerialId: null, persistedOpState: IN_SERVICE, persistedOpStateExpiryEpochSec: 0}1d4e4b2f-e6a0-4223-b62b-246b29415176{ip: 10.1.0.17, host: fv-az291-460.wgnan5asplgejimfprtllbpdch.jx.internal.cloudapp.net, ports: [REPLICATION=42583, RATIS=44219, RATIS_ADMIN=44219, RATIS_SERVER=44219, STANDALONE=40233], networkLocation: /default-rack, certSerialId: null, persistedOpState: IN_SERVICE, persistedOpStateExpiryEpochSec: 0}, ReplicationConfig: RATIS/THREE, State:CLOSED, leaderId:2432123a-b439-42d5-83b4-1981f0fa2384, CreationTimestamp2021-10-10T13:46:17.372Z[Etc/UTC]] removed.
2021-10-10 13:46:53,995 [EventQueue-DeadNodeForDeadNodeHandler] INFO  pipeline.RatisPipelineProvider (RatisPipelineProvider.java:lambda$close$1(222)) - Send pipeline:PipelineID=8bf488a0-0968-47a6-ae95-7dfff592c791 close command to datanode 9f3dcedd-2157-4ae4-b723-f54bfee8d9ce
2021-10-10 13:46:53,995 [EventQueue-DeadNodeForDeadNodeHandler] INFO  pipeline.PipelineStateManagerImpl (PipelineStateManagerImpl.java:removePipeline(211)) - Pipeline Pipeline[ Id: 8bf488a0-0968-47a6-ae95-7dfff592c791, Nodes: 9f3dcedd-2157-4ae4-b723-f54bfee8d9ce{ip: 10.1.0.17, host: fv-az291-460.wgnan5asplgejimfprtllbpdch.jx.internal.cloudapp.net, ports: [REPLICATION=34857, RATIS=40315, RATIS_ADMIN=40315, RATIS_SERVER=40315, STANDALONE=44597], networkLocation: /default-rack, certSerialId: null, persistedOpState: IN_SERVICE, persistedOpStateExpiryEpochSec: 0}, ReplicationConfig: RATIS/ONE, State:CLOSED, leaderId:9f3dcedd-2157-4ae4-b723-f54bfee8d9ce, CreationTimestamp2021-10-10T13:46:17.120Z[Etc/UTC]] removed.
2021-10-10 13:46:53,995 [EventQueue-DeadNodeForDeadNodeHandler] INFO  pipeline.RatisPipelineProvider (RatisPipelineProvider.java:lambda$close$1(222)) - Send pipeline:PipelineID=16a067cd-1683-4cd8-a695-f3e1136d39a0 close command to datanode 9f3dcedd-2157-4ae4-b723-f54bfee8d9ce
2021-10-10 13:46:53,995 [EventQueue-DeadNodeForDeadNodeHandler] INFO  pipeline.RatisPipelineProvider (RatisPipelineProvider.java:lambda$close$1(222)) - Send pipeline:PipelineID=16a067cd-1683-4cd8-a695-f3e1136d39a0 close command to datanode 1d4e4b2f-e6a0-4223-b62b-246b29415176
2021-10-10 13:46:53,995 [EventQueue-DeadNodeForDeadNodeHandler] INFO  pipeline.RatisPipelineProvider (RatisPipelineProvider.java:lambda$close$1(222)) - Send pipeline:PipelineID=16a067cd-1683-4cd8-a695-f3e1136d39a0 close command to datanode 2432123a-b439-42d5-83b4-1981f0fa2384
2021-10-10 13:46:53,995 [EventQueue-DeadNodeForDeadNodeHandler] INFO  pipeline.PipelineStateManagerImpl (PipelineStateManagerImpl.java:removePipeline(211)) - Pipeline Pipeline[ Id: 16a067cd-1683-4cd8-a695-f3e1136d39a0, Nodes: 9f3dcedd-2157-4ae4-b723-f54bfee8d9ce{ip: 10.1.0.17, host: fv-az291-460.wgnan5asplgejimfprtllbpdch.jx.internal.cloudapp.net, ports: [REPLICATION=34857, RATIS=40315, RATIS_ADMIN=40315, RATIS_SERVER=40315, STANDALONE=44597], networkLocation: /default-rack, certSerialId: null, persistedOpState: IN_SERVICE, persistedOpStateExpiryEpochSec: 0}1d4e4b2f-e6a0-4223-b62b-246b29415176{ip: 10.1.0.17, host: fv-az291-460.wgnan5asplgejimfprtllbpdch.jx.internal.cloudapp.net, ports: [REPLICATION=42583, RATIS=44219, RATIS_ADMIN=44219, RATIS_SERVER=44219, STANDALONE=40233], networkLocation: /default-rack, certSerialId: null, persistedOpState: IN_SERVICE, persistedOpStateExpiryEpochSec: 0}2432123a-b439-42d5-83b4-1981f0fa2384{ip: 10.1.0.17, host: fv-az291-460.wgnan5asplgejimfprtllbpdch.jx.internal.cloudapp.net, ports: [REPLICATION=45645, RATIS=39429, RATIS_ADMIN=39429, RATIS_SERVER=39429, STANDALONE=45115], networkLocation: /default-rack, certSerialId: null, persistedOpState: IN_SERVICE, persistedOpStateExpiryEpochSec: 0}, ReplicationConfig: RATIS/THREE, State:CLOSED, leaderId:1d4e4b2f-e6a0-4223-b62b-246b29415176, CreationTimestamp2021-10-10T13:46:17.371Z[Etc/UTC]] removed.
2021-10-10 13:46:53,996 [EventQueue-DeadNodeForDeadNodeHandler] INFO  net.NetworkTopologyImpl (NetworkTopologyImpl.java:remove(137)) - Removed a node: /default-rack/9f3dcedd-2157-4ae4-b723-f54bfee8d9ce
2021-10-10 13:46:55,192 [grpc-default-executor-6] WARN  server.GrpcLogAppender (LogUtils.java:warn(122)) - 1d4e4b2f-e6a0-4223-b62b-246b29415176@group-F3E1136D39A0->9f3dcedd-2157-4ae4-b723-f54bfee8d9ce-AppendLogResponseHandler: Failed appendEntries: org.apache.ratis.thirdparty.io.grpc.StatusRuntimeException: UNAVAILABLE: io exception
2021-10-10 13:46:55,193 [grpc-default-executor-6] WARN  server.GrpcLogAppender (GrpcLogAppender.java:resetClient(111)) - 1d4e4b2f-e6a0-4223-b62b-246b29415176@group-F3E1136D39A0->9f3dcedd-2157-4ae4-b723-f54bfee8d9ce-GrpcLogAppender: Leader has not got in touch with Follower 1d4e4b2f-e6a0-4223-b62b-246b29415176@group-F3E1136D39A0->9f3dcedd-2157-4ae4-b723-f54bfee8d9ce(c0,m0,n1, attendVote=true, lastRpcSendTime=0, lastRpcResponseTime=17535) yet, just keep nextIndex unchanged and retry.
2021-10-10 13:46:55,995 [Command processor thread] INFO  server.RaftServer (RaftServerProxy.java:remove(106)) - 1d4e4b2f-e6a0-4223-b62b-246b29415176: remove  FOLLOWER 1d4e4b2f-e6a0-4223-b62b-246b29415176@group-EF7FE1329C44:t4, leader=2432123a-b439-42d5-83b4-1981f0fa2384, voted=2432123a-b439-42d5-83b4-1981f0fa2384, raftlog=1d4e4b2f-e6a0-4223-b62b-246b29415176@group-EF7FE1329C44-SegmentedRaftLog:OPENED:c0,f0,i0, conf=0: [2432123a-b439-42d5-83b4-1981f0fa2384|rpc:10.1.0.17:39429|dataStream:|priority:0, 1d4e4b2f-e6a0-4223-b62b-246b29415176|rpc:10.1.0.17:44219|dataStream:|priority:0, 9f3dcedd-2157-4ae4-b723-f54bfee8d9ce|rpc:10.1.0.17:40315|dataStream:|priority:1], old=null RUNNING
2021-10-10 13:46:55,995 [Command processor thread] INFO  server.RaftServer$Division (RaftServerImpl.java:lambda$close$4(407)) - 1d4e4b2f-e6a0-4223-b62b-246b29415176@group-EF7FE1329C44: shutdown
2021-10-10 13:46:55,995 [Command processor thread] INFO  util.JmxRegister (JmxRegister.java:unregister(73)) - Successfully un-registered JMX Bean with object name Ratis:service=RaftServer,group=group-EF7FE1329C44,id=1d4e4b2f-e6a0-4223-b62b-246b29415176
2021-10-10 13:46:55,995 [Command processor thread] INFO  impl.RoleInfo (RoleInfo.java:shutdownFollowerState(108)) - 1d4e4b2f-e6a0-4223-b62b-246b29415176: shutdown 1d4e4b2f-e6a0-4223-b62b-246b29415176@group-EF7FE1329C44-FollowerState
2021-10-10 13:46:55,995 [Command processor thread] INFO  impl.StateMachineUpdater (StateMachineUpdater.java:stopAndJoin(149)) - 1d4e4b2f-e6a0-4223-b62b-246b29415176@group-EF7FE1329C44-StateMachineUpdater: set stopIndex = 0
2021-10-10 13:46:55,995 [1d4e4b2f-e6a0-4223-b62b-246b29415176@group-EF7FE1329C44-FollowerState] INFO  impl.FollowerState (FollowerState.java:run(143)) - 1d4e4b2f-e6a0-4223-b62b-246b29415176@group-EF7FE1329C44-FollowerState was interrupted: {}
java.lang.InterruptedException: sleep interrupted
	at java.lang.Thread.sleep(Native Method)
	at java.lang.Thread.sleep(Thread.java:340)
	at java.util.concurrent.TimeUnit.sleep(TimeUnit.java:386)
	at org.apache.ratis.util.TimeDuration.sleep(TimeDuration.java:324)
	at org.apache.ratis.util.TimeDuration.sleep(TimeDuration.java:309)
	at org.apache.ratis.server.impl.FollowerState.run(FollowerState.java:118)
2021-10-10 13:46:55,995 [1d4e4b2f-e6a0-4223-b62b-246b29415176@group-EF7FE1329C44-StateMachineUpdater] INFO  ratis.ContainerStateMachine (ContainerStateMachine.java:takeSnapshot(292)) - group-EF7FE1329C44: Taking a snapshot at:(t:4, i:0) file /home/runner/work/ozone/ozone/hadoop-ozone/integration-test/target/test-dir/MiniOzoneClusterImpl-0f145d0e-b24d-4882-976e-a7baa8a64dfe/datanode-3/data/ratis/d81155ad-7afe-4ff1-840a-ef7fe1329c44/sm/snapshot.4_0
2021-10-10 13:46:56,007 [Command processor thread] INFO  server.RaftServer (RaftServerProxy.java:remove(106)) - 2432123a-b439-42d5-83b4-1981f0fa2384: remove    LEADER 2432123a-b439-42d5-83b4-1981f0fa2384@group-EF7FE1329C44:t4, leader=2432123a-b439-42d5-83b4-1981f0fa2384, voted=2432123a-b439-42d5-83b4-1981f0fa2384, raftlog=2432123a-b439-42d5-83b4-1981f0fa2384@group-EF7FE1329C44-SegmentedRaftLog:OPENED:c0,f0,i0, conf=0: [2432123a-b439-42d5-83b4-1981f0fa2384|rpc:10.1.0.17:39429|dataStream:|priority:0, 1d4e4b2f-e6a0-4223-b62b-246b29415176|rpc:10.1.0.17:44219|dataStream:|priority:0, 9f3dcedd-2157-4ae4-b723-f54bfee8d9ce|rpc:10.1.0.17:40315|dataStream:|priority:1], old=null RUNNING
2021-10-10 13:46:56,007 [Command processor thread] INFO  server.RaftServer$Division (RaftServerImpl.java:lambda$close$4(407)) - 2432123a-b439-42d5-83b4-1981f0fa2384@group-EF7FE1329C44: shutdown
2021-10-10 13:46:56,027 [1d4e4b2f-e6a0-4223-b62b-246b29415176@group-EF7FE1329C44-StateMachineUpdater] INFO  ratis.ContainerStateMachine (ContainerStateMachine.java:takeSnapshot(303)) - group-EF7FE1329C44: Finished taking a snapshot at:(t:4, i:0) file:/home/runner/work/ozone/ozone/hadoop-ozone/integration-test/target/test-dir/MiniOzoneClusterImpl-0f145d0e-b24d-4882-976e-a7baa8a64dfe/datanode-3/data/ratis/d81155ad-7afe-4ff1-840a-ef7fe1329c44/sm/snapshot.4_0 took: 32 ms
2021-10-10 13:46:56,027 [1d4e4b2f-e6a0-4223-b62b-246b29415176@group-EF7FE1329C44-StateMachineUpdater] INFO  impl.StateMachineUpdater (StateMachineUpdater.java:takeSnapshot(281)) - 1d4e4b2f-e6a0-4223-b62b-246b29415176@group-EF7FE1329C44-StateMachineUpdater: Took a snapshot at index 0
2021-10-10 13:46:56,028 [1d4e4b2f-e6a0-4223-b62b-246b29415176@group-EF7FE1329C44-StateMachineUpdater] INFO  impl.StateMachineUpdater (StateMachineUpdater.java:lambda$new$0(89)) - 1d4e4b2f-e6a0-4223-b62b-246b29415176@group-EF7FE1329C44-StateMachineUpdater: snapshotIndex: updateIncreasingly -1 -> 0
2021-10-10 13:46:56,028 [Command processor thread] INFO  server.RaftServer$Division (ServerState.java:close(419)) - 1d4e4b2f-e6a0-4223-b62b-246b29415176@group-EF7FE1329C44: closes. applyIndex: 0
2021-10-10 13:46:56,028 [1d4e4b2f-e6a0-4223-b62b-246b29415176@group-EF7FE1329C44-SegmentedRaftLogWorker] INFO  segmented.SegmentedRaftLogWorker (SegmentedRaftLogWorker.java:run(327)) - 1d4e4b2f-e6a0-4223-b62b-246b29415176@group-EF7FE1329C44-SegmentedRaftLogWorker was interrupted, exiting. There are 0 tasks remaining in the queue.
2021-10-10 13:46:56,031 [Command processor thread] INFO  segmented.SegmentedRaftLogWorker (SegmentedRaftLogWorker.java:close(237)) - 1d4e4b2f-e6a0-4223-b62b-246b29415176@group-EF7FE1329C44-SegmentedRaftLogWorker close()
2021-10-10 13:46:56,042 [Command processor thread] INFO  server.RaftServer$Division (RaftServerImpl.java:groupRemove(377)) - 1d4e4b2f-e6a0-4223-b62b-246b29415176@group-EF7FE1329C44: Succeed to remove RaftStorageDirectory Storage Directory /home/runner/work/ozone/ozone/hadoop-ozone/integration-test/target/test-dir/MiniOzoneClusterImpl-0f145d0e-b24d-4882-976e-a7baa8a64dfe/datanode-3/data/ratis/d81155ad-7afe-4ff1-840a-ef7fe1329c44
2021-10-10 13:46:56,042 [Command processor thread] INFO  commandhandler.ClosePipelineCommandHandler (ClosePipelineCommandHandler.java:handle(78)) - Close Pipeline PipelineID=d81155ad-7afe-4ff1-840a-ef7fe1329c44 command on datanode 1d4e4b2f-e6a0-4223-b62b-246b29415176.
2021-10-10 13:46:56,042 [Command processor thread] INFO  server.RaftServer (RaftServerProxy.java:remove(106)) - 1d4e4b2f-e6a0-4223-b62b-246b29415176: remove    LEADER 1d4e4b2f-e6a0-4223-b62b-246b29415176@group-F3E1136D39A0:t1, leader=1d4e4b2f-e6a0-4223-b62b-246b29415176, voted=1d4e4b2f-e6a0-4223-b62b-246b29415176, raftlog=1d4e4b2f-e6a0-4223-b62b-246b29415176@group-F3E1136D39A0-SegmentedRaftLog:OPENED:c0,f0,i0, conf=0: [2432123a-b439-42d5-83b4-1981f0fa2384|rpc:10.1.0.17:39429|dataStream:|priority:0, 1d4e4b2f-e6a0-4223-b62b-246b29415176|rpc:10.1.0.17:44219|dataStream:|priority:1, 9f3dcedd-2157-4ae4-b723-f54bfee8d9ce|rpc:10.1.0.17:40315|dataStream:|priority:0], old=null RUNNING
2021-10-10 13:46:56,042 [Command processor thread] INFO  server.RaftServer$Division (RaftServerImpl.java:lambda$close$4(407)) - 1d4e4b2f-e6a0-4223-b62b-246b29415176@group-F3E1136D39A0: shutdown
2021-10-10 13:46:56,062 [grpc-default-executor-6] WARN  server.GrpcLogAppender (LogUtils.java:warn(122)) - 2432123a-b439-42d5-83b4-1981f0fa2384@group-EF7FE1329C44->9f3dcedd-2157-4ae4-b723-f54bfee8d9ce-AppendLogResponseHandler: Failed appendEntries: org.apache.ratis.thirdparty.io.grpc.StatusRuntimeException: UNAVAILABLE: io exception
2021-10-10 13:46:56,063 [grpc-default-executor-6] WARN  server.GrpcLogAppender (GrpcLogAppender.java:resetClient(111)) - 2432123a-b439-42d5-83b4-1981f0fa2384@group-EF7FE1329C44->9f3dcedd-2157-4ae4-b723-f54bfee8d9ce-GrpcLogAppender: Leader has not got in touch with Follower 2432123a-b439-42d5-83b4-1981f0fa2384@group-EF7FE1329C44->9f3dcedd-2157-4ae4-b723-f54bfee8d9ce(c-1,m0,n1, attendVote=true, lastRpcSendTime=0, lastRpcResponseTime=20277) yet, just keep nextIndex unchanged and retry.
2021-10-10 13:46:56,064 [Command processor thread] INFO  util.JmxRegister (JmxRegister.java:unregister(73)) - Successfully un-registered JMX Bean with object name Ratis:service=RaftServer,group=group-EF7FE1329C44,id=2432123a-b439-42d5-83b4-1981f0fa2384
2021-10-10 13:46:56,064 [Command processor thread] INFO  impl.RoleInfo (RoleInfo.java:shutdownLeaderState(91)) - 2432123a-b439-42d5-83b4-1981f0fa2384: shutdown 2432123a-b439-42d5-83b4-1981f0fa2384@group-EF7FE1329C44-LeaderStateImpl
2021-10-10 13:46:56,064 [Command processor thread] INFO  impl.PendingRequests (PendingRequests.java:sendNotLeaderResponses(282)) - 2432123a-b439-42d5-83b4-1981f0fa2384@group-EF7FE1329C44-PendingRequests: sendNotLeaderResponses
2021-10-10 13:46:56,065 [Command processor thread] INFO  impl.StateMachineUpdater (StateMachineUpdater.java:stopAndJoin(149)) - 2432123a-b439-42d5-83b4-1981f0fa2384@group-EF7FE1329C44-StateMachineUpdater: set stopIndex = 0
2021-10-10 13:46:56,065 [2432123a-b439-42d5-83b4-1981f0fa2384@group-EF7FE1329C44-StateMachineUpdater] INFO  ratis.ContainerStateMachine (ContainerStateMachine.java:takeSnapshot(292)) - group-EF7FE1329C44: Taking a snapshot at:(t:4, i:0) file /home/runner/work/ozone/ozone/hadoop-ozone/integration-test/target/test-dir/MiniOzoneClusterImpl-0f145d0e-b24d-4882-976e-a7baa8a64dfe/datanode-5/data/ratis/d81155ad-7afe-4ff1-840a-ef7fe1329c44/sm/snapshot.4_0
2021-10-10 13:46:56,066 [Command processor thread] INFO  util.JmxRegister (JmxRegister.java:unregister(73)) - Successfully un-registered JMX Bean with object name Ratis:service=RaftServer,group=group-F3E1136D39A0,id=1d4e4b2f-e6a0-4223-b62b-246b29415176
2021-10-10 13:46:56,066 [2432123a-b439-42d5-83b4-1981f0fa2384@group-EF7FE1329C44-StateMachineUpdater] INFO  ratis.ContainerStateMachine (ContainerStateMachine.java:takeSnapshot(303)) - group-EF7FE1329C44: Finished taking a snapshot at:(t:4, i:0) file:/home/runner/work/ozone/ozone/hadoop-ozone/integration-test/target/test-dir/MiniOzoneClusterImpl-0f145d0e-b24d-4882-976e-a7baa8a64dfe/datanode-5/data/ratis/d81155ad-7afe-4ff1-840a-ef7fe1329c44/sm/snapshot.4_0 took: 2 ms
2021-10-10 13:46:56,066 [Command processor thread] INFO  impl.RoleInfo (RoleInfo.java:shutdownLeaderState(91)) - 1d4e4b2f-e6a0-4223-b62b-246b29415176: shutdown 1d4e4b2f-e6a0-4223-b62b-246b29415176@group-F3E1136D39A0-LeaderStateImpl
2021-10-10 13:46:56,067 [2432123a-b439-42d5-83b4-1981f0fa2384@group-EF7FE1329C44-StateMachineUpdater] INFO  impl.StateMachineUpdater (StateMachineUpdater.java:takeSnapshot(281)) - 2432123a-b439-42d5-83b4-1981f0fa2384@group-EF7FE1329C44-StateMachineUpdater: Took a snapshot at index 0
2021-10-10 13:46:56,067 [2432123a-b439-42d5-83b4-1981f0fa2384@group-EF7FE1329C44-StateMachineUpdater] INFO  impl.StateMachineUpdater (StateMachineUpdater.java:lambda$new$0(89)) - 2432123a-b439-42d5-83b4-1981f0fa2384@group-EF7FE1329C44-StateMachineUpdater: snapshotIndex: updateIncreasingly -1 -> 0
2021-10-10 13:46:56,067 [Command processor thread] INFO  impl.PendingRequests (PendingRequests.java:sendNotLeaderResponses(282)) - 1d4e4b2f-e6a0-4223-b62b-246b29415176@group-F3E1136D39A0-PendingRequests: sendNotLeaderResponses
2021-10-10 13:46:56,067 [Command processor thread] INFO  server.RaftServer$Division (ServerState.java:close(419)) - 2432123a-b439-42d5-83b4-1981f0fa2384@group-EF7FE1329C44: closes. applyIndex: 0
2021-10-10 13:46:56,067 [Command processor thread] INFO  impl.StateMachineUpdater (StateMachineUpdater.java:stopAndJoin(149)) - 1d4e4b2f-e6a0-4223-b62b-246b29415176@group-F3E1136D39A0-StateMachineUpdater: set stopIndex = 0
2021-10-10 13:46:56,067 [2432123a-b439-42d5-83b4-1981f0fa2384@group-EF7FE1329C44-SegmentedRaftLogWorker] INFO  segmented.SegmentedRaftLogWorker (SegmentedRaftLogWorker.java:run(327)) - 2432123a-b439-42d5-83b4-1981f0fa2384@group-EF7FE1329C44-SegmentedRaftLogWorker was interrupted, exiting. There are 0 tasks remaining in the queue.
2021-10-10 13:46:56,067 [1d4e4b2f-e6a0-4223-b62b-246b29415176@group-F3E1136D39A0-StateMachineUpdater] INFO  ratis.ContainerStateMachine (ContainerStateMachine.java:takeSnapshot(292)) - group-F3E1136D39A0: Taking a snapshot at:(t:1, i:0) file /home/runner/work/ozone/ozone/hadoop-ozone/integration-test/target/test-dir/MiniOzoneClusterImpl-0f145d0e-b24d-4882-976e-a7baa8a64dfe/datanode-3/data/ratis/16a067cd-1683-4cd8-a695-f3e1136d39a0/sm/snapshot.1_0
2021-10-10 13:46:56,068 [1d4e4b2f-e6a0-4223-b62b-246b29415176@group-F3E1136D39A0-StateMachineUpdater] INFO  ratis.ContainerStateMachine (ContainerStateMachine.java:takeSnapshot(303)) - group-F3E1136D39A0: Finished taking a snapshot at:(t:1, i:0) file:/home/runner/work/ozone/ozone/hadoop-ozone/integration-test/target/test-dir/MiniOzoneClusterImpl-0f145d0e-b24d-4882-976e-a7baa8a64dfe/datanode-3/data/ratis/16a067cd-1683-4cd8-a695-f3e1136d39a0/sm/snapshot.1_0 took: 1 ms
2021-10-10 13:46:56,068 [1d4e4b2f-e6a0-4223-b62b-246b29415176@group-F3E1136D39A0-StateMachineUpdater] INFO  impl.StateMachineUpdater (StateMachineUpdater.java:takeSnapshot(281)) - 1d4e4b2f-e6a0-4223-b62b-246b29415176@group-F3E1136D39A0-StateMachineUpdater: Took a snapshot at index 0
2021-10-10 13:46:56,068 [1d4e4b2f-e6a0-4223-b62b-246b29415176@group-F3E1136D39A0-StateMachineUpdater] INFO  impl.StateMachineUpdater (StateMachineUpdater.java:lambda$new$0(89)) - 1d4e4b2f-e6a0-4223-b62b-246b29415176@group-F3E1136D39A0-StateMachineUpdater: snapshotIndex: updateIncreasingly -1 -> 0
2021-10-10 13:46:56,069 [Command processor thread] INFO  server.RaftServer$Division (ServerState.java:close(419)) - 1d4e4b2f-e6a0-4223-b62b-246b29415176@group-F3E1136D39A0: closes. applyIndex: 0
2021-10-10 13:46:56,070 [2432123a-b439-42d5-83b4-1981f0fa2384@group-EF7FE1329C44->9f3dcedd-2157-4ae4-b723-f54bfee8d9ce-GrpcLogAppender-LogAppenderDaemon] WARN  server.GrpcLogAppender (GrpcLogAppender.java:mayWait(175)) - 2432123a-b439-42d5-83b4-1981f0fa2384@group-EF7FE1329C44->9f3dcedd-2157-4ae4-b723-f54bfee8d9ce-GrpcLogAppender: Wait interrupted by java.lang.InterruptedException
2021-10-10 13:46:56,079 [1d4e4b2f-e6a0-4223-b62b-246b29415176@group-F3E1136D39A0-SegmentedRaftLogWorker] INFO  segmented.SegmentedRaftLogWorker (SegmentedRaftLogWorker.java:run(327)) - 1d4e4b2f-e6a0-4223-b62b-246b29415176@group-F3E1136D39A0-SegmentedRaftLogWorker was interrupted, exiting. There are 0 tasks remaining in the queue.
2021-10-10 13:46:56,079 [2432123a-b439-42d5-83b4-1981f0fa2384@group-EF7FE1329C44->1d4e4b2f-e6a0-4223-b62b-246b29415176-GrpcLogAppender-LogAppenderDaemon] WARN  server.GrpcLogAppender (GrpcLogAppender.java:mayWait(175)) - 2432123a-b439-42d5-83b4-1981f0fa2384@group-EF7FE1329C44->1d4e4b2f-e6a0-4223-b62b-246b29415176-GrpcLogAppender: Wait interrupted by java.lang.InterruptedException
2021-10-10 13:46:56,079 [1d4e4b2f-e6a0-4223-b62b-246b29415176@group-F3E1136D39A0->2432123a-b439-42d5-83b4-1981f0fa2384-GrpcLogAppender-LogAppenderDaemon] WARN  server.GrpcLogAppender (GrpcLogAppender.java:mayWait(175)) - 1d4e4b2f-e6a0-4223-b62b-246b29415176@group-F3E1136D39A0->2432123a-b439-42d5-83b4-1981f0fa2384-GrpcLogAppender: Wait interrupted by java.lang.InterruptedException
2021-10-10 13:46:56,072 [Command processor thread] INFO  segmented.SegmentedRaftLogWorker (SegmentedRaftLogWorker.java:close(237)) - 2432123a-b439-42d5-83b4-1981f0fa2384@group-EF7FE1329C44-SegmentedRaftLogWorker close()
2021-10-10 13:46:56,097 [Command processor thread] INFO  segmented.SegmentedRaftLogWorker (SegmentedRaftLogWorker.java:close(237)) - 1d4e4b2f-e6a0-4223-b62b-246b29415176@group-F3E1136D39A0-SegmentedRaftLogWorker close()
2021-10-10 13:46:56,102 [grpc-default-executor-6] INFO  server.GrpcServerProtocolService (GrpcServerProtocolService.java:onCompleted(140)) - 1d4e4b2f-e6a0-4223-b62b-246b29415176: Completed APPEND_ENTRIES, lastRequest: 2432123a-b439-42d5-83b4-1981f0fa2384->1d4e4b2f-e6a0-4223-b62b-246b29415176#1-t4,previous=(t:0, i:0),leaderCommit=-1,initializing? true,entries: size=1, first=(t:4, i:0), CONFIGURATIONENTRY
2021-10-10 13:46:56,119 [grpc-default-executor-4] INFO  server.GrpcLogAppender (GrpcLogAppender.java:onCompleted(344)) - 2432123a-b439-42d5-83b4-1981f0fa2384@group-EF7FE1329C44->1d4e4b2f-e6a0-4223-b62b-246b29415176-AppendLogResponseHandler: follower responses appendEntries COMPLETED
2021-10-10 13:46:56,119 [grpc-default-executor-4] INFO  leader.FollowerInfo (FollowerInfoImpl.java:lambda$new$0(46)) - 2432123a-b439-42d5-83b4-1981f0fa2384@group-EF7FE1329C44->1d4e4b2f-e6a0-4223-b62b-246b29415176: nextIndex: updateUnconditionally 1 -> 0
2021-10-10 13:46:56,119 [grpc-default-executor-6] INFO  server.GrpcServerProtocolService (GrpcServerProtocolService.java:onCompleted(140)) - 2432123a-b439-42d5-83b4-1981f0fa2384: Completed APPEND_ENTRIES, lastRequest: 1d4e4b2f-e6a0-4223-b62b-246b29415176->2432123a-b439-42d5-83b4-1981f0fa2384#1-t1,previous=(t:0, i:0),leaderCommit=-1,initializing? true,entries: size=1, first=(t:1, i:0), CONFIGURATIONENTRY
2021-10-10 13:46:56,120 [grpc-default-executor-4] INFO  server.GrpcLogAppender (GrpcLogAppender.java:onCompleted(344)) - 1d4e4b2f-e6a0-4223-b62b-246b29415176@group-F3E1136D39A0->2432123a-b439-42d5-83b4-1981f0fa2384-AppendLogResponseHandler: follower responses appendEntries COMPLETED
2021-10-10 13:46:56,120 [grpc-default-executor-4] INFO  leader.FollowerInfo (FollowerInfoImpl.java:lambda$new$0(46)) - 1d4e4b2f-e6a0-4223-b62b-246b29415176@group-F3E1136D39A0->2432123a-b439-42d5-83b4-1981f0fa2384: nextIndex: updateUnconditionally 1 -> 0
2021-10-10 13:46:56,121 [Command processor thread] INFO  server.RaftServer$Division (RaftServerImpl.java:groupRemove(377)) - 1d4e4b2f-e6a0-4223-b62b-246b29415176@group-F3E1136D39A0: Succeed to remove RaftStorageDirectory Storage Directory /home/runner/work/ozone/ozone/hadoop-ozone/integration-test/target/test-dir/MiniOzoneClusterImpl-0f145d0e-b24d-4882-976e-a7baa8a64dfe/datanode-3/data/ratis/16a067cd-1683-4cd8-a695-f3e1136d39a0
2021-10-10 13:46:56,121 [Command processor thread] INFO  server.RaftServer$Division (RaftServerImpl.java:groupRemove(377)) - 2432123a-b439-42d5-83b4-1981f0fa2384@group-EF7FE1329C44: Succeed to remove RaftStorageDirectory Storage Directory /home/runner/work/ozone/ozone/hadoop-ozone/integration-test/target/test-dir/MiniOzoneClusterImpl-0f145d0e-b24d-4882-976e-a7baa8a64dfe/datanode-5/data/ratis/d81155ad-7afe-4ff1-840a-ef7fe1329c44
2021-10-10 13:46:56,121 [Command processor thread] INFO  commandhandler.ClosePipelineCommandHandler (ClosePipelineCommandHandler.java:handle(78)) - Close Pipeline PipelineID=16a067cd-1683-4cd8-a695-f3e1136d39a0 command on datanode 1d4e4b2f-e6a0-4223-b62b-246b29415176.
2021-10-10 13:46:56,121 [Command processor thread] INFO  commandhandler.ClosePipelineCommandHandler (ClosePipelineCommandHandler.java:handle(78)) - Close Pipeline PipelineID=d81155ad-7afe-4ff1-840a-ef7fe1329c44 command on datanode 2432123a-b439-42d5-83b4-1981f0fa2384.
2021-10-10 13:46:56,121 [Command processor thread] INFO  server.RaftServer (RaftServerProxy.java:remove(106)) - 2432123a-b439-42d5-83b4-1981f0fa2384: remove  FOLLOWER 2432123a-b439-42d5-83b4-1981f0fa2384@group-F3E1136D39A0:t1, leader=1d4e4b2f-e6a0-4223-b62b-246b29415176, voted=1d4e4b2f-e6a0-4223-b62b-246b29415176, raftlog=2432123a-b439-42d5-83b4-1981f0fa2384@group-F3E1136D39A0-SegmentedRaftLog:OPENED:c0,f0,i0, conf=0: [2432123a-b439-42d5-83b4-1981f0fa2384|rpc:10.1.0.17:39429|dataStream:|priority:0, 1d4e4b2f-e6a0-4223-b62b-246b29415176|rpc:10.1.0.17:44219|dataStream:|priority:1, 9f3dcedd-2157-4ae4-b723-f54bfee8d9ce|rpc:10.1.0.17:40315|dataStream:|priority:0], old=null RUNNING
2021-10-10 13:46:56,121 [Command processor thread] INFO  server.RaftServer$Division (RaftServerImpl.java:lambda$close$4(407)) - 2432123a-b439-42d5-83b4-1981f0fa2384@group-F3E1136D39A0: shutdown
2021-10-10 13:46:56,121 [Command processor thread] INFO  util.JmxRegister (JmxRegister.java:unregister(73)) - Successfully un-registered JMX Bean with object name Ratis:service=RaftServer,group=group-F3E1136D39A0,id=2432123a-b439-42d5-83b4-1981f0fa2384
2021-10-10 13:46:56,121 [Command processor thread] INFO  impl.RoleInfo (RoleInfo.java:shutdownFollowerState(108)) - 2432123a-b439-42d5-83b4-1981f0fa2384: shutdown 2432123a-b439-42d5-83b4-1981f0fa2384@group-F3E1136D39A0-FollowerState
2021-10-10 13:46:56,122 [Command processor thread] INFO  impl.StateMachineUpdater (StateMachineUpdater.java:stopAndJoin(149)) - 2432123a-b439-42d5-83b4-1981f0fa2384@group-F3E1136D39A0-StateMachineUpdater: set stopIndex = 0
2021-10-10 13:46:56,122 [2432123a-b439-42d5-83b4-1981f0fa2384@group-F3E1136D39A0-FollowerState] INFO  impl.FollowerState (FollowerState.java:run(143)) - 2432123a-b439-42d5-83b4-1981f0fa2384@group-F3E1136D39A0-FollowerState was interrupted: {}
java.lang.InterruptedException: sleep interrupted
	at java.lang.Thread.sleep(Native Method)
	at java.lang.Thread.sleep(Thread.java:340)
	at java.util.concurrent.TimeUnit.sleep(TimeUnit.java:386)
	at org.apache.ratis.util.TimeDuration.sleep(TimeDuration.java:324)
	at org.apache.ratis.util.TimeDuration.sleep(TimeDuration.java:309)
	at org.apache.ratis.server.impl.FollowerState.run(FollowerState.java:118)
2021-10-10 13:46:56,122 [2432123a-b439-42d5-83b4-1981f0fa2384@group-F3E1136D39A0-StateMachineUpdater] INFO  ratis.ContainerStateMachine (ContainerStateMachine.java:takeSnapshot(292)) - group-F3E1136D39A0: Taking a snapshot at:(t:1, i:0) file /home/runner/work/ozone/ozone/hadoop-ozone/integration-test/target/test-dir/MiniOzoneClusterImpl-0f145d0e-b24d-4882-976e-a7baa8a64dfe/datanode-5/data/ratis/16a067cd-1683-4cd8-a695-f3e1136d39a0/sm/snapshot.1_0
2021-10-10 13:46:56,123 [2432123a-b439-42d5-83b4-1981f0fa2384@group-F3E1136D39A0-StateMachineUpdater] INFO  ratis.ContainerStateMachine (ContainerStateMachine.java:takeSnapshot(303)) - group-F3E1136D39A0: Finished taking a snapshot at:(t:1, i:0) file:/home/runner/work/ozone/ozone/hadoop-ozone/integration-test/target/test-dir/MiniOzoneClusterImpl-0f145d0e-b24d-4882-976e-a7baa8a64dfe/datanode-5/data/ratis/16a067cd-1683-4cd8-a695-f3e1136d39a0/sm/snapshot.1_0 took: 1 ms
2021-10-10 13:46:56,123 [2432123a-b439-42d5-83b4-1981f0fa2384@group-F3E1136D39A0-StateMachineUpdater] INFO  impl.StateMachineUpdater (StateMachineUpdater.java:takeSnapshot(281)) - 2432123a-b439-42d5-83b4-1981f0fa2384@group-F3E1136D39A0-StateMachineUpdater: Took a snapshot at index 0
2021-10-10 13:46:56,123 [2432123a-b439-42d5-83b4-1981f0fa2384@group-F3E1136D39A0-StateMachineUpdater] INFO  impl.StateMachineUpdater (StateMachineUpdater.java:lambda$new$0(89)) - 2432123a-b439-42d5-83b4-1981f0fa2384@group-F3E1136D39A0-StateMachineUpdater: snapshotIndex: updateIncreasingly -1 -> 0
2021-10-10 13:46:56,124 [Command processor thread] INFO  server.RaftServer$Division (ServerState.java:close(419)) - 2432123a-b439-42d5-83b4-1981f0fa2384@group-F3E1136D39A0: closes. applyIndex: 0
2021-10-10 13:46:56,124 [2432123a-b439-42d5-83b4-1981f0fa2384@group-F3E1136D39A0-SegmentedRaftLogWorker] INFO  segmented.SegmentedRaftLogWorker (SegmentedRaftLogWorker.java:run(327)) - 2432123a-b439-42d5-83b4-1981f0fa2384@group-F3E1136D39A0-SegmentedRaftLogWorker was interrupted, exiting. There are 0 tasks remaining in the queue.
2021-10-10 13:46:56,125 [Command processor thread] INFO  segmented.SegmentedRaftLogWorker (SegmentedRaftLogWorker.java:close(237)) - 2432123a-b439-42d5-83b4-1981f0fa2384@group-F3E1136D39A0-SegmentedRaftLogWorker close()
2021-10-10 13:46:56,126 [Command processor thread] INFO  server.RaftServer$Division (RaftServerImpl.java:groupRemove(377)) - 2432123a-b439-42d5-83b4-1981f0fa2384@group-F3E1136D39A0: Succeed to remove RaftStorageDirectory Storage Directory /home/runner/work/ozone/ozone/hadoop-ozone/integration-test/target/test-dir/MiniOzoneClusterImpl-0f145d0e-b24d-4882-976e-a7baa8a64dfe/datanode-5/data/ratis/16a067cd-1683-4cd8-a695-f3e1136d39a0
2021-10-10 13:46:56,127 [Command processor thread] INFO  commandhandler.ClosePipelineCommandHandler (ClosePipelineCommandHandler.java:handle(78)) - Close Pipeline PipelineID=16a067cd-1683-4cd8-a695-f3e1136d39a0 command on datanode 2432123a-b439-42d5-83b4-1981f0fa2384.
2021-10-10 13:47:12,571 [Listener at 127.0.0.1/44821] WARN  io.KeyOutputStream (KeyOutputStream.java:handleException(310)) - Encountered exception java.io.IOException: Unexpected Storage Container Exception: java.util.concurrent.CompletionException: Failed to write chunk 107544261427200001_chunk_6 into block conID: 1 locID: 107544261427200001 bcsId: 9 on the pipeline Pipeline[ Id: 8bf488a0-0968-47a6-ae95-7dfff592c791, Nodes: 9f3dcedd-2157-4ae4-b723-f54bfee8d9ce{ip: 10.1.0.17, host: fv-az291-460.wgnan5asplgejimfprtllbpdch.jx.internal.cloudapp.net, ports: [REPLICATION=34857, RATIS=40315, RATIS_ADMIN=40315, RATIS_SERVER=40315, STANDALONE=44597], networkLocation: /default-rack, certSerialId: null, persistedOpState: IN_SERVICE, persistedOpStateExpiryEpochSec: 0}, ReplicationConfig: RATIS/ONE, State:OPEN, leaderId:9f3dcedd-2157-4ae4-b723-f54bfee8d9ce, CreationTimestamp2021-10-10T13:46:17.120Z[Etc/UTC]]. The last committed block length is 450, uncommitted data length is 350 retry count 0
2021-10-10 13:47:12,802 [Datanode State Machine Thread - 0] WARN  statemachine.StateContext (StateContext.java:execute(621)) - No available thread in pool for past 1 seconds.
2021-10-10 13:47:12,981 [Listener at 127.0.0.1/44821] WARN  impl.MetricRegistriesImpl (MetricRegistriesImpl.java:addReporterRegistration(111)) - New reporters are added after registries were created. Some metrics will be missing from the reporter. Please add reporter before adding any new registry.
2021-10-10 13:47:12,981 [Listener at 127.0.0.1/44821] WARN  impl.MetricRegistriesImpl (MetricRegistriesImpl.java:addReporterRegistration(111)) - New reporters are added after registries were created. Some metrics will be missing from the reporter. Please add reporter before adding any new registry.
2021-10-10 13:47:12,981 [Listener at 127.0.0.1/44821] INFO  impl.MetricsSystemImpl (MetricsSystemImpl.java:init(158)) - HddsDatanode metrics system started (again)
2021-10-10 13:47:13,019 [Listener at 127.0.0.1/44821] INFO  ozone.HddsDatanodeService (HddsDatanodeService.java:start(234)) - HddsDatanodeService host:fv-az291-460.wgnan5asplgejimfprtllbpdch.jx.internal.cloudapp.net ip:10.1.0.17
2021-10-10 13:47:13,051 [Listener at 127.0.0.1/44821] INFO  upgrade.AbstractLayoutVersionManager (AbstractLayoutVersionManager.java:init(79)) - Initializing Layout version manager with metadata layout = SCM_HA (version = 2), software layout = SCM_HA (version = 2)
2021-10-10 13:47:13,141 [Listener at 127.0.0.1/44821] INFO  reflections.Reflections (Reflections.java:scan(232)) - Reflections took 89 ms to scan 7 urls, producing 119 keys and 278 values 
2021-10-10 13:47:13,148 [Listener at 127.0.0.1/44821] INFO  volume.HddsVolume (HddsVolume.java:<init>(120)) - Creating HddsVolume: /home/runner/work/ozone/ozone/hadoop-ozone/integration-test/target/test-dir/MiniOzoneClusterImpl-0f145d0e-b24d-4882-976e-a7baa8a64dfe/datanode-4/data-0/containers/hdds of storage type : DISK capacity : 9223372036854775807
2021-10-10 13:47:13,148 [Listener at 127.0.0.1/44821] INFO  volume.MutableVolumeSet (MutableVolumeSet.java:initializeVolumeSet(168)) - Added Volume : /home/runner/work/ozone/ozone/hadoop-ozone/integration-test/target/test-dir/MiniOzoneClusterImpl-0f145d0e-b24d-4882-976e-a7baa8a64dfe/datanode-4/data-0/containers/hdds to VolumeSet
2021-10-10 13:47:13,149 [Listener at 127.0.0.1/44821] INFO  volume.ThrottledAsyncChecker (ThrottledAsyncChecker.java:schedule(141)) - Scheduling a check for /home/runner/work/ozone/ozone/hadoop-ozone/integration-test/target/test-dir/MiniOzoneClusterImpl-0f145d0e-b24d-4882-976e-a7baa8a64dfe/datanode-4/data-0/containers/hdds
2021-10-10 13:47:13,155 [Listener at 127.0.0.1/44821] INFO  volume.StorageVolumeChecker (StorageVolumeChecker.java:checkAllVolumes(202)) - Scheduled health check for volume /home/runner/work/ozone/ozone/hadoop-ozone/integration-test/target/test-dir/MiniOzoneClusterImpl-0f145d0e-b24d-4882-976e-a7baa8a64dfe/datanode-4/data-0/containers/hdds
2021-10-10 13:47:13,171 [Listener at 127.0.0.1/44821] INFO  volume.MutableVolumeSet (MutableVolumeSet.java:initializeVolumeSet(168)) - Added Volume : /home/runner/work/ozone/ozone/hadoop-ozone/integration-test/target/test-dir/MiniOzoneClusterImpl-0f145d0e-b24d-4882-976e-a7baa8a64dfe/datanode-4/data/ratis to VolumeSet
2021-10-10 13:47:13,171 [Listener at 127.0.0.1/44821] INFO  volume.ThrottledAsyncChecker (ThrottledAsyncChecker.java:schedule(141)) - Scheduling a check for /home/runner/work/ozone/ozone/hadoop-ozone/integration-test/target/test-dir/MiniOzoneClusterImpl-0f145d0e-b24d-4882-976e-a7baa8a64dfe/datanode-4/data/ratis
2021-10-10 13:47:13,171 [Listener at 127.0.0.1/44821] INFO  volume.StorageVolumeChecker (StorageVolumeChecker.java:checkAllVolumes(202)) - Scheduled health check for volume /home/runner/work/ozone/ozone/hadoop-ozone/integration-test/target/test-dir/MiniOzoneClusterImpl-0f145d0e-b24d-4882-976e-a7baa8a64dfe/datanode-4/data/ratis
2021-10-10 13:47:13,207 [Thread-1749] INFO  ozoneimpl.ContainerReader (ContainerReader.java:readVolume(142)) - Start to verify containers on volume /home/runner/work/ozone/ozone/hadoop-ozone/integration-test/target/test-dir/MiniOzoneClusterImpl-0f145d0e-b24d-4882-976e-a7baa8a64dfe/datanode-4/data-0/containers/hdds
2021-10-10 13:47:13,274 [Thread-1749] INFO  ozoneimpl.ContainerReader (ContainerReader.java:readVolume(172)) - Finish verifying containers on volume /home/runner/work/ozone/ozone/hadoop-ozone/integration-test/target/test-dir/MiniOzoneClusterImpl-0f145d0e-b24d-4882-976e-a7baa8a64dfe/datanode-4/data-0/containers/hdds
2021-10-10 13:47:13,274 [Listener at 127.0.0.1/44821] INFO  ozoneimpl.OzoneContainer (OzoneContainer.java:buildContainerSet(236)) - Build ContainerSet costs 0s
2021-10-10 13:47:13,276 [Listener at 127.0.0.1/44821] INFO  server.RaftServer (ConfUtils.java:logGet(44)) - raft.rpc.type = GRPC (default)
2021-10-10 13:47:13,276 [Listener at 127.0.0.1/44821] INFO  grpc.GrpcFactory (GrpcFactory.java:checkPooledByteBufAllocatorUseCacheForAllThreads(48)) - PERFORMANCE WARNING: useCacheForAllThreads is true that may cause Netty to create a lot garbage objects and, as a result, trigger GC.
	It is recommended to disable useCacheForAllThreads by setting -Dorg.apache.ratis.thirdparty.io.netty.allocator.useCacheForAllThreads=false in command line.
2021-10-10 13:47:13,276 [Listener at 127.0.0.1/44821] INFO  grpc.GrpcConfigKeys (ConfUtils.java:logGet(44)) - raft.grpc.admin.port = 40315 (custom)
2021-10-10 13:47:13,277 [Listener at 127.0.0.1/44821] INFO  grpc.GrpcConfigKeys (ConfUtils.java:logGet(44)) - raft.grpc.client.port = 40315 (custom)
2021-10-10 13:47:13,277 [Listener at 127.0.0.1/44821] INFO  grpc.GrpcConfigKeys (ConfUtils.java:logGet(44)) - raft.grpc.server.port = 40315 (custom)
2021-10-10 13:47:13,277 [Listener at 127.0.0.1/44821] INFO  server.GrpcService (ConfUtils.java:logGet(44)) - raft.grpc.message.size.max = 32MB (=33554432) (custom)
2021-10-10 13:47:13,277 [Listener at 127.0.0.1/44821] INFO  server.RaftServerConfigKeys (ConfUtils.java:logGet(44)) - raft.server.log.appender.buffer.byte-limit = 33554432 (custom)
2021-10-10 13:47:13,277 [Listener at 127.0.0.1/44821] INFO  server.GrpcService (ConfUtils.java:logGet(44)) - raft.grpc.flow.control.window = 5MB (=5242880) (custom)
2021-10-10 13:47:13,277 [Listener at 127.0.0.1/44821] INFO  server.RaftServerConfigKeys (ConfUtils.java:logGet(44)) - raft.server.rpc.request.timeout = 3000ms (default)
2021-10-10 13:47:13,278 [Listener at 127.0.0.1/44821] INFO  impl.DataStreamServerImpl (ConfUtils.java:logGet(44)) - raft.datastream.type = DISABLED (default)
2021-10-10 13:47:13,278 [Listener at 127.0.0.1/44821] INFO  server.RaftServerConfigKeys (ConfUtils.java:logGet(44)) - raft.server.rpc.slowness.timeout = 300000ms (custom)
2021-10-10 13:47:13,278 [Listener at 127.0.0.1/44821] INFO  server.RaftServerConfigKeys (ConfUtils.java:logGet(44)) - raft.server.leaderelection.leader.step-down.wait-time = 10s (default)
2021-10-10 13:47:13,279 [Listener at 127.0.0.1/44821] INFO  server.RaftServerConfigKeys (ConfUtils.java:logGet(44)) - raft.server.storage.dir = [/home/runner/work/ozone/ozone/hadoop-ozone/integration-test/target/test-dir/MiniOzoneClusterImpl-0f145d0e-b24d-4882-976e-a7baa8a64dfe/datanode-4/data/ratis] (custom)
2021-10-10 13:47:13,279 [Listener at 127.0.0.1/44821] INFO  server.RaftServer (RaftServerProxy.java:lambda$null$1(235)) - 9f3dcedd-2157-4ae4-b723-f54bfee8d9ce: found a subdirectory /home/runner/work/ozone/ozone/hadoop-ozone/integration-test/target/test-dir/MiniOzoneClusterImpl-0f145d0e-b24d-4882-976e-a7baa8a64dfe/datanode-4/data/ratis/d81155ad-7afe-4ff1-840a-ef7fe1329c44
2021-10-10 13:47:13,279 [Listener at 127.0.0.1/44821] INFO  server.RaftServer (RaftServerProxy.java:addNew(95)) - 9f3dcedd-2157-4ae4-b723-f54bfee8d9ce: addNew group-EF7FE1329C44:[] returns group-EF7FE1329C44:java.util.concurrent.CompletableFuture@50b72e72[Not completed]
2021-10-10 13:47:13,279 [Listener at 127.0.0.1/44821] INFO  server.RaftServer (RaftServerProxy.java:lambda$null$1(235)) - 9f3dcedd-2157-4ae4-b723-f54bfee8d9ce: found a subdirectory /home/runner/work/ozone/ozone/hadoop-ozone/integration-test/target/test-dir/MiniOzoneClusterImpl-0f145d0e-b24d-4882-976e-a7baa8a64dfe/datanode-4/data/ratis/16a067cd-1683-4cd8-a695-f3e1136d39a0
2021-10-10 13:47:13,279 [Listener at 127.0.0.1/44821] INFO  server.RaftServer (RaftServerProxy.java:addNew(95)) - 9f3dcedd-2157-4ae4-b723-f54bfee8d9ce: addNew group-F3E1136D39A0:[] returns group-F3E1136D39A0:java.util.concurrent.CompletableFuture@32fc7477[Not completed]
2021-10-10 13:47:13,280 [Listener at 127.0.0.1/44821] INFO  server.RaftServer (RaftServerProxy.java:lambda$null$1(235)) - 9f3dcedd-2157-4ae4-b723-f54bfee8d9ce: found a subdirectory /home/runner/work/ozone/ozone/hadoop-ozone/integration-test/target/test-dir/MiniOzoneClusterImpl-0f145d0e-b24d-4882-976e-a7baa8a64dfe/datanode-4/data/ratis/8bf488a0-0968-47a6-ae95-7dfff592c791
2021-10-10 13:47:13,280 [Listener at 127.0.0.1/44821] INFO  server.RaftServer (RaftServerProxy.java:addNew(95)) - 9f3dcedd-2157-4ae4-b723-f54bfee8d9ce: addNew group-7DFFF592C791:[] returns group-7DFFF592C791:java.util.concurrent.CompletableFuture@7339ade5[Not completed]
2021-10-10 13:47:13,282 [pool-671-thread-1] INFO  server.RaftServer$Division (RaftServerImpl.java:<init>(181)) - 9f3dcedd-2157-4ae4-b723-f54bfee8d9ce: new RaftServerImpl for group-EF7FE1329C44:[] with ContainerStateMachine:uninitialized
2021-10-10 13:47:13,286 [Listener at 127.0.0.1/44821] INFO  http.BaseHttpServer (BaseHttpServer.java:newHttpServer2BuilderForOzone(209)) - Starting Web-server for hddsDatanode at: http://0.0.0.0:36669
2021-10-10 13:47:13,286 [Listener at 127.0.0.1/44821] INFO  http.BaseHttpServer (BaseHttpServer.java:<init>(107)) - Hadoop Security Enabled: false Ozone Security Enabled: false Ozone HTTP Security Enabled: false 
2021-10-10 13:47:13,286 [Listener at 127.0.0.1/44821] INFO  server.AuthenticationFilter (AuthenticationFilter.java:constructSecretProvider(240)) - Unable to initialize FileSignerSecretProvider, falling back to use random secrets.
2021-10-10 13:47:13,288 [Listener at 127.0.0.1/44821] WARN  http.HttpRequestLog (HttpRequestLog.java:getRequestLog(103)) - Jetty request log can only be enabled using Log4j
2021-10-10 13:47:13,289 [Listener at 127.0.0.1/44821] INFO  http.HttpServer2 (HttpServer2.java:addGlobalFilter(1030)) - Added global filter 'safety' (class=org.apache.hadoop.hdds.server.http.HttpServer2$QuotingInputFilter)
2021-10-10 13:47:13,289 [Listener at 127.0.0.1/44821] INFO  http.HttpServer2 (HttpServer2.java:addFilter(1006)) - Added filter static_user_filter (class=org.apache.hadoop.http.lib.StaticUserWebFilter$StaticUserFilter) to context hddsDatanode
2021-10-10 13:47:13,289 [Listener at 127.0.0.1/44821] INFO  http.HttpServer2 (HttpServer2.java:addFilter(1014)) - Added filter static_user_filter (class=org.apache.hadoop.http.lib.StaticUserWebFilter$StaticUserFilter) to context static
2021-10-10 13:47:13,290 [Listener at 127.0.0.1/44821] INFO  http.HttpServer2 (HttpServer2.java:addFilter(1014)) - Added filter static_user_filter (class=org.apache.hadoop.http.lib.StaticUserWebFilter$StaticUserFilter) to context logs
2021-10-10 13:47:13,290 [Listener at 127.0.0.1/44821] INFO  http.HttpServer2 (HttpServer2.java:bindListener(1249)) - Jetty bound to port 36669
2021-10-10 13:47:13,290 [Listener at 127.0.0.1/44821] INFO  server.Server (Server.java:doStart(375)) - jetty-9.4.43.v20210629; built: 2021-06-30T11:07:22.254Z; git: 526006ecfa3af7f1a27ef3a288e2bef7ea9dd7e8; jvm 1.8.0_292-b10
2021-10-10 13:47:13,316 [Listener at 127.0.0.1/44821] INFO  server.session (DefaultSessionIdManager.java:doStart(334)) - DefaultSessionIdManager workerName=node0
2021-10-10 13:47:13,316 [Listener at 127.0.0.1/44821] INFO  server.session (DefaultSessionIdManager.java:doStart(339)) - No SessionScavenger set, using defaults
2021-10-10 13:47:13,316 [Listener at 127.0.0.1/44821] INFO  server.session (HouseKeeper.java:startScavenging(132)) - node0 Scavenging every 660000ms
2021-10-10 13:47:13,317 [Listener at 127.0.0.1/44821] INFO  handler.ContextHandler (ContextHandler.java:doStart(915)) - Started o.e.j.s.ServletContextHandler@23aa7af1{logs,/logs,file:///home/runner/work/ozone/ozone/hadoop-ozone/integration-test/target/log,AVAILABLE}
2021-10-10 13:47:13,317 [Listener at 127.0.0.1/44821] INFO  handler.ContextHandler (ContextHandler.java:doStart(915)) - Started o.e.j.s.ServletContextHandler@5bbe411d{static,/static,jar:file:/home/runner/.m2/repository/org/apache/ozone/hdds-container-service/1.2.0-SNAPSHOT/hdds-container-service-1.2.0-SNAPSHOT.jar!/webapps/static,AVAILABLE}
2021-10-10 13:47:13,329 [pool-671-thread-1] INFO  server.RaftServerConfigKeys (ConfUtils.java:logGet(44)) - raft.server.rpc.timeout.min = 5s (custom)
2021-10-10 13:47:13,329 [pool-671-thread-1] INFO  server.RaftServerConfigKeys (ConfUtils.java:logGet(44)) - raft.server.rpc.timeout.max = 5200ms (custom)
2021-10-10 13:47:13,329 [pool-671-thread-1] INFO  server.RaftServerConfigKeys (ConfUtils.java:logGet(44)) - raft.server.rpc.sleep.time = 25ms (default)
2021-10-10 13:47:13,329 [pool-671-thread-1] INFO  server.RaftServerConfigKeys (ConfUtils.java:logGet(44)) - raft.server.rpc.slowness.timeout = 300000ms (custom)
2021-10-10 13:47:13,329 [pool-671-thread-1] INFO  server.RaftServerConfigKeys (ConfUtils.java:logGet(44)) - raft.server.leaderelection.leader.step-down.wait-time = 10s (default)
2021-10-10 13:47:13,329 [pool-671-thread-1] INFO  server.RaftServerConfigKeys (ConfUtils.java:logGet(44)) - raft.server.sleep.deviation.threshold = 300ms (default)
2021-10-10 13:47:13,330 [pool-671-thread-1] INFO  server.RaftServerConfigKeys (ConfUtils.java:logGet(44)) - raft.server.log.appender.install.snapshot.enabled = false (custom)
2021-10-10 13:47:13,330 [pool-671-thread-1] INFO  server.RaftServer$Division (ServerState.java:<init>(105)) - 9f3dcedd-2157-4ae4-b723-f54bfee8d9ce@group-EF7FE1329C44: ConfigurationManager, init=-1: [], old=null, confs=<EMPTY_MAP>
2021-10-10 13:47:13,330 [pool-671-thread-1] INFO  server.RaftServerConfigKeys (ConfUtils.java:logGet(44)) - raft.server.storage.dir = [/home/runner/work/ozone/ozone/hadoop-ozone/integration-test/target/test-dir/MiniOzoneClusterImpl-0f145d0e-b24d-4882-976e-a7baa8a64dfe/datanode-4/data/ratis] (custom)
2021-10-10 13:47:13,330 [pool-671-thread-1] INFO  server.RaftServerConfigKeys (ConfUtils.java:logGet(44)) - raft.server.log.corruption.policy = EXCEPTION (default)
2021-10-10 13:47:13,330 [pool-671-thread-1] INFO  server.RaftServerConfigKeys (ConfUtils.java:logGet(44)) - raft.server.storage.free-space.min = 0MB (=0) (default)
2021-10-10 13:47:13,333 [pool-671-thread-1] INFO  storage.RaftStorageDirectory (RaftStorageDirectoryImpl.java:tryLock(230)) - Lock on /home/runner/work/ozone/ozone/hadoop-ozone/integration-test/target/test-dir/MiniOzoneClusterImpl-0f145d0e-b24d-4882-976e-a7baa8a64dfe/datanode-4/data/ratis/d81155ad-7afe-4ff1-840a-ef7fe1329c44/in_use.lock acquired by nodename 4979@fv-az291-460
2021-10-10 13:47:13,333 [pool-671-thread-1] INFO  storage.RaftStorage (RaftStorageImpl.java:analyzeAndRecoverStorage(110)) - Read RaftStorageMetadata{term=3, votedFor=} from /home/runner/work/ozone/ozone/hadoop-ozone/integration-test/target/test-dir/MiniOzoneClusterImpl-0f145d0e-b24d-4882-976e-a7baa8a64dfe/datanode-4/data/ratis/d81155ad-7afe-4ff1-840a-ef7fe1329c44/current/raft-meta
2021-10-10 13:47:13,334 [pool-671-thread-1] INFO  ratis.ContainerStateMachine (ContainerStateMachine.java:loadSnapshot(224)) - group-EF7FE1329C44: The snapshot info is null. Setting the last applied indexto:(t:0, i:~)
2021-10-10 13:47:13,334 [pool-671-thread-1] INFO  server.RaftServerConfigKeys (ConfUtils.java:logGet(44)) - raft.server.notification.no-leader.timeout = 300000ms (custom)
2021-10-10 13:47:13,334 [pool-671-thread-1] INFO  server.RaftServerConfigKeys (ConfUtils.java:logGet(44)) - raft.server.log.use.memory = false (default)
2021-10-10 13:47:13,334 [pool-671-thread-1] INFO  server.RaftServerConfigKeys (ConfUtils.java:logGet(44)) - raft.server.log.purge.gap = 1000000 (custom)
2021-10-10 13:47:13,334 [pool-671-thread-1] INFO  server.RaftServerConfigKeys (ConfUtils.java:logGet(44)) - raft.server.log.appender.buffer.byte-limit = 33554432 (custom)
2021-10-10 13:47:13,335 [pool-671-thread-1] INFO  server.RaftServerConfigKeys (ConfUtils.java:logGet(44)) - raft.server.log.segment.size.max = 1048576 (custom)
2021-10-10 13:47:13,335 [pool-671-thread-1] INFO  server.RaftServerConfigKeys (ConfUtils.java:logGet(44)) - raft.server.log.segment.cache.num.max = 2 (custom)
2021-10-10 13:47:13,335 [pool-671-thread-1] INFO  server.RaftServerConfigKeys (ConfUtils.java:logGet(44)) - raft.server.log.segment.cache.size.max = 200MB (=209715200) (default)
2021-10-10 13:47:13,335 [pool-671-thread-1] INFO  segmented.SegmentedRaftLogWorker (SegmentedRaftLogWorker.java:<init>(182)) - new 9f3dcedd-2157-4ae4-b723-f54bfee8d9ce@group-EF7FE1329C44-SegmentedRaftLogWorker for RaftStorageImpl:Storage Directory /home/runner/work/ozone/ozone/hadoop-ozone/integration-test/target/test-dir/MiniOzoneClusterImpl-0f145d0e-b24d-4882-976e-a7baa8a64dfe/datanode-4/data/ratis/d81155ad-7afe-4ff1-840a-ef7fe1329c44
2021-10-10 13:47:13,335 [pool-671-thread-1] INFO  server.RaftServerConfigKeys (ConfUtils.java:logGet(44)) - raft.server.log.queue.byte-limit = 2147483647 (custom)
2021-10-10 13:47:13,335 [pool-671-thread-1] INFO  server.RaftServerConfigKeys (ConfUtils.java:logGet(44)) - raft.server.log.queue.element-limit = 1024 (custom)
2021-10-10 13:47:13,335 [pool-671-thread-1] INFO  server.RaftServerConfigKeys (ConfUtils.java:logGet(44)) - raft.server.log.segment.size.max = 1048576 (custom)
2021-10-10 13:47:13,335 [pool-671-thread-1] INFO  server.RaftServerConfigKeys (ConfUtils.java:logGet(44)) - raft.server.log.preallocated.size = 16384 (custom)
2021-10-10 13:47:13,335 [pool-671-thread-1] INFO  server.RaftServerConfigKeys (ConfUtils.java:logGet(44)) - raft.server.log.force.sync.num = 128 (default)
2021-10-10 13:47:13,336 [pool-671-thread-1] INFO  server.RaftServerConfigKeys (ConfUtils.java:logGet(44)) - raft.server.log.statemachine.data.sync = true (default)
2021-10-10 13:47:13,336 [pool-671-thread-1] INFO  server.RaftServerConfigKeys (ConfUtils.java:logGet(44)) - raft.server.log.statemachine.data.sync.timeout = 10s (default)
2021-10-10 13:47:13,336 [pool-671-thread-1] INFO  server.RaftServerConfigKeys (ConfUtils.java:logGet(44)) - raft.server.log.statemachine.data.sync.timeout.retry = -1 (default)
2021-10-10 13:47:13,337 [pool-671-thread-1] INFO  server.RaftServerConfigKeys (ConfUtils.java:logGet(44)) - raft.server.log.write.buffer.size = 1048576 (custom)
2021-10-10 13:47:13,337 [pool-671-thread-1] INFO  server.RaftServerConfigKeys (ConfUtils.java:logGet(44)) - raft.server.log.statemachine.data.caching.enabled = true (custom)
2021-10-10 13:47:13,337 [pool-671-thread-1] INFO  segmented.SegmentedRaftLogWorker (SegmentedRaftLogWorker.java:lambda$new$0(133)) - 9f3dcedd-2157-4ae4-b723-f54bfee8d9ce@group-EF7FE1329C44-SegmentedRaftLogWorker: flushIndex: setUnconditionally 0 -> -1
2021-10-10 13:47:13,337 [pool-671-thread-1] INFO  segmented.SegmentedRaftLogWorker (SegmentedRaftLogWorker.java:lambda$new$0(133)) - 9f3dcedd-2157-4ae4-b723-f54bfee8d9ce@group-EF7FE1329C44-SegmentedRaftLogWorker: safeCacheEvictIndex: setUnconditionally 0 -> -1
2021-10-10 13:47:13,343 [pool-671-thread-1] INFO  server.RaftServerConfigKeys (ConfUtils.java:logGet(44)) - raft.server.snapshot.auto.trigger.enabled = true (custom)
2021-10-10 13:47:13,343 [pool-671-thread-1] INFO  server.RaftServerConfigKeys (ConfUtils.java:logGet(44)) - raft.server.snapshot.auto.trigger.threshold = 10000 (custom)
2021-10-10 13:47:13,356 [pool-671-thread-1] INFO  server.RaftServerConfigKeys (ConfUtils.java:logGet(44)) - raft.server.snapshot.retention.file.num = 5 (custom)
2021-10-10 13:47:13,356 [pool-671-thread-1] INFO  server.RaftServerConfigKeys (ConfUtils.java:logGet(44)) - raft.server.log.purge.upto.snapshot.index = false (default)
2021-10-10 13:47:13,364 [pool-671-thread-1] INFO  server.RaftServerConfigKeys (ConfUtils.java:logGet(44)) - raft.server.retrycache.expirytime = 600000ms (custom)
2021-10-10 13:47:13,364 [pool-671-thread-1] INFO  server.RaftServerConfigKeys (ConfUtils.java:logGet(44)) - raft.server.retrycache.statistics.expirytime = 100μs (default)
2021-10-10 13:47:13,366 [pool-671-thread-1] INFO  server.RaftServer$Division (RaftServerImpl.java:<init>(181)) - 9f3dcedd-2157-4ae4-b723-f54bfee8d9ce: new RaftServerImpl for group-F3E1136D39A0:[] with ContainerStateMachine:uninitialized
2021-10-10 13:47:13,367 [pool-671-thread-1] INFO  server.RaftServerConfigKeys (ConfUtils.java:logGet(44)) - raft.server.rpc.timeout.min = 5s (custom)
2021-10-10 13:47:13,367 [pool-671-thread-1] INFO  server.RaftServerConfigKeys (ConfUtils.java:logGet(44)) - raft.server.rpc.timeout.max = 5200ms (custom)
2021-10-10 13:47:13,367 [pool-671-thread-1] INFO  server.RaftServerConfigKeys (ConfUtils.java:logGet(44)) - raft.server.rpc.sleep.time = 25ms (default)
2021-10-10 13:47:13,367 [pool-671-thread-1] INFO  server.RaftServerConfigKeys (ConfUtils.java:logGet(44)) - raft.server.rpc.slowness.timeout = 300000ms (custom)
2021-10-10 13:47:13,367 [pool-671-thread-1] INFO  server.RaftServerConfigKeys (ConfUtils.java:logGet(44)) - raft.server.leaderelection.leader.step-down.wait-time = 10s (default)
2021-10-10 13:47:13,367 [pool-671-thread-1] INFO  server.RaftServerConfigKeys (ConfUtils.java:logGet(44)) - raft.server.sleep.deviation.threshold = 300ms (default)
2021-10-10 13:47:13,367 [pool-671-thread-1] INFO  server.RaftServerConfigKeys (ConfUtils.java:logGet(44)) - raft.server.log.appender.install.snapshot.enabled = false (custom)
2021-10-10 13:47:13,367 [pool-671-thread-1] INFO  server.RaftServer$Division (ServerState.java:<init>(105)) - 9f3dcedd-2157-4ae4-b723-f54bfee8d9ce@group-F3E1136D39A0: ConfigurationManager, init=-1: [], old=null, confs=<EMPTY_MAP>
2021-10-10 13:47:13,367 [pool-671-thread-1] INFO  server.RaftServerConfigKeys (ConfUtils.java:logGet(44)) - raft.server.storage.dir = [/home/runner/work/ozone/ozone/hadoop-ozone/integration-test/target/test-dir/MiniOzoneClusterImpl-0f145d0e-b24d-4882-976e-a7baa8a64dfe/datanode-4/data/ratis] (custom)
2021-10-10 13:47:13,367 [pool-671-thread-1] INFO  server.RaftServerConfigKeys (ConfUtils.java:logGet(44)) - raft.server.log.corruption.policy = EXCEPTION (default)
2021-10-10 13:47:13,367 [pool-671-thread-1] INFO  server.RaftServerConfigKeys (ConfUtils.java:logGet(44)) - raft.server.storage.free-space.min = 0MB (=0) (default)
2021-10-10 13:47:13,380 [pool-671-thread-1] INFO  storage.RaftStorageDirectory (RaftStorageDirectoryImpl.java:tryLock(230)) - Lock on /home/runner/work/ozone/ozone/hadoop-ozone/integration-test/target/test-dir/MiniOzoneClusterImpl-0f145d0e-b24d-4882-976e-a7baa8a64dfe/datanode-4/data/ratis/16a067cd-1683-4cd8-a695-f3e1136d39a0/in_use.lock acquired by nodename 4979@fv-az291-460
2021-10-10 13:47:13,380 [pool-671-thread-1] INFO  storage.RaftStorage (RaftStorageImpl.java:analyzeAndRecoverStorage(110)) - Read RaftStorageMetadata{term=1, votedFor=1d4e4b2f-e6a0-4223-b62b-246b29415176} from /home/runner/work/ozone/ozone/hadoop-ozone/integration-test/target/test-dir/MiniOzoneClusterImpl-0f145d0e-b24d-4882-976e-a7baa8a64dfe/datanode-4/data/ratis/16a067cd-1683-4cd8-a695-f3e1136d39a0/current/raft-meta
2021-10-10 13:47:13,385 [pool-671-thread-1] INFO  ratis.ContainerStateMachine (ContainerStateMachine.java:loadSnapshot(233)) - group-F3E1136D39A0: Setting the last applied index to (t:1, i:0)
2021-10-10 13:47:13,385 [pool-671-thread-1] INFO  server.RaftServer$Division (ServerState.java:setRaftConf(387)) - 9f3dcedd-2157-4ae4-b723-f54bfee8d9ce@group-F3E1136D39A0: set configuration 0: [2432123a-b439-42d5-83b4-1981f0fa2384|rpc:10.1.0.17:39429|dataStream:|priority:0, 1d4e4b2f-e6a0-4223-b62b-246b29415176|rpc:10.1.0.17:44219|dataStream:|priority:1, 9f3dcedd-2157-4ae4-b723-f54bfee8d9ce|rpc:10.1.0.17:40315|dataStream:|priority:0], old=null
2021-10-10 13:47:13,385 [pool-671-thread-1] INFO  server.RaftServerConfigKeys (ConfUtils.java:logGet(44)) - raft.server.notification.no-leader.timeout = 300000ms (custom)
2021-10-10 13:47:13,385 [pool-671-thread-1] INFO  server.RaftServerConfigKeys (ConfUtils.java:logGet(44)) - raft.server.log.use.memory = false (default)
2021-10-10 13:47:13,386 [pool-671-thread-1] INFO  server.RaftServerConfigKeys (ConfUtils.java:logGet(44)) - raft.server.log.purge.gap = 1000000 (custom)
2021-10-10 13:47:13,386 [pool-671-thread-1] INFO  server.RaftServerConfigKeys (ConfUtils.java:logGet(44)) - raft.server.log.appender.buffer.byte-limit = 33554432 (custom)
2021-10-10 13:47:13,386 [pool-671-thread-1] INFO  server.RaftServerConfigKeys (ConfUtils.java:logGet(44)) - raft.server.log.segment.size.max = 1048576 (custom)
2021-10-10 13:47:13,386 [pool-671-thread-1] INFO  server.RaftServerConfigKeys (ConfUtils.java:logGet(44)) - raft.server.log.segment.cache.num.max = 2 (custom)
2021-10-10 13:47:13,387 [pool-671-thread-1] INFO  server.RaftServerConfigKeys (ConfUtils.java:logGet(44)) - raft.server.log.segment.cache.size.max = 200MB (=209715200) (default)
2021-10-10 13:47:13,387 [pool-671-thread-1] INFO  segmented.SegmentedRaftLogWorker (SegmentedRaftLogWorker.java:<init>(182)) - new 9f3dcedd-2157-4ae4-b723-f54bfee8d9ce@group-F3E1136D39A0-SegmentedRaftLogWorker for RaftStorageImpl:Storage Directory /home/runner/work/ozone/ozone/hadoop-ozone/integration-test/target/test-dir/MiniOzoneClusterImpl-0f145d0e-b24d-4882-976e-a7baa8a64dfe/datanode-4/data/ratis/16a067cd-1683-4cd8-a695-f3e1136d39a0
2021-10-10 13:47:13,387 [pool-671-thread-1] INFO  server.RaftServerConfigKeys (ConfUtils.java:logGet(44)) - raft.server.log.queue.byte-limit = 2147483647 (custom)
2021-10-10 13:47:13,387 [pool-671-thread-1] INFO  server.RaftServerConfigKeys (ConfUtils.java:logGet(44)) - raft.server.log.queue.element-limit = 1024 (custom)
2021-10-10 13:47:13,387 [pool-671-thread-1] INFO  server.RaftServerConfigKeys (ConfUtils.java:logGet(44)) - raft.server.log.segment.size.max = 1048576 (custom)
2021-10-10 13:47:13,387 [pool-671-thread-1] INFO  server.RaftServerConfigKeys (ConfUtils.java:logGet(44)) - raft.server.log.preallocated.size = 16384 (custom)
2021-10-10 13:47:13,387 [pool-671-thread-1] INFO  server.RaftServerConfigKeys (ConfUtils.java:logGet(44)) - raft.server.log.force.sync.num = 128 (default)
2021-10-10 13:47:13,387 [pool-671-thread-1] INFO  server.RaftServerConfigKeys (ConfUtils.java:logGet(44)) - raft.server.log.statemachine.data.sync = true (default)
2021-10-10 13:47:13,387 [pool-671-thread-1] INFO  server.RaftServerConfigKeys (ConfUtils.java:logGet(44)) - raft.server.log.statemachine.data.sync.timeout = 10s (default)
2021-10-10 13:47:13,387 [pool-671-thread-1] INFO  server.RaftServerConfigKeys (ConfUtils.java:logGet(44)) - raft.server.log.statemachine.data.sync.timeout.retry = -1 (default)
2021-10-10 13:47:13,394 [pool-671-thread-1] INFO  server.RaftServerConfigKeys (ConfUtils.java:logGet(44)) - raft.server.log.write.buffer.size = 1048576 (custom)
2021-10-10 13:47:13,403 [pool-671-thread-1] INFO  server.RaftServerConfigKeys (ConfUtils.java:logGet(44)) - raft.server.log.statemachine.data.caching.enabled = true (custom)
2021-10-10 13:47:13,404 [pool-671-thread-1] INFO  server.RaftServer$Division (ServerState.java:setRaftConf(387)) - 9f3dcedd-2157-4ae4-b723-f54bfee8d9ce@group-F3E1136D39A0: set configuration 0: [2432123a-b439-42d5-83b4-1981f0fa2384|rpc:10.1.0.17:39429|dataStream:|priority:0, 1d4e4b2f-e6a0-4223-b62b-246b29415176|rpc:10.1.0.17:44219|dataStream:|priority:1, 9f3dcedd-2157-4ae4-b723-f54bfee8d9ce|rpc:10.1.0.17:40315|dataStream:|priority:0], old=null
2021-10-10 13:47:13,404 [pool-671-thread-1] INFO  segmented.LogSegment (LogSegment.java:loadSegment(173)) - Successfully read 1 entries from segment file /home/runner/work/ozone/ozone/hadoop-ozone/integration-test/target/test-dir/MiniOzoneClusterImpl-0f145d0e-b24d-4882-976e-a7baa8a64dfe/datanode-4/data/ratis/16a067cd-1683-4cd8-a695-f3e1136d39a0/current/log_inprogress_0
2021-10-10 13:47:13,415 [pool-671-thread-1] INFO  segmented.SegmentedRaftLogWorker (SegmentedRaftLogWorker.java:lambda$new$0(133)) - 9f3dcedd-2157-4ae4-b723-f54bfee8d9ce@group-F3E1136D39A0-SegmentedRaftLogWorker: flushIndex: setUnconditionally 0 -> 0
2021-10-10 13:47:13,415 [pool-671-thread-1] INFO  segmented.SegmentedRaftLogWorker (SegmentedRaftLogWorker.java:lambda$new$0(133)) - 9f3dcedd-2157-4ae4-b723-f54bfee8d9ce@group-F3E1136D39A0-SegmentedRaftLogWorker: safeCacheEvictIndex: setUnconditionally 0 -> -1
2021-10-10 13:47:13,415 [pool-671-thread-1] INFO  server.RaftServerConfigKeys (ConfUtils.java:logGet(44)) - raft.server.snapshot.auto.trigger.enabled = true (custom)
2021-10-10 13:47:13,415 [pool-671-thread-1] INFO  server.RaftServerConfigKeys (ConfUtils.java:logGet(44)) - raft.server.snapshot.auto.trigger.threshold = 10000 (custom)
2021-10-10 13:47:13,415 [pool-671-thread-1] INFO  server.RaftServerConfigKeys (ConfUtils.java:logGet(44)) - raft.server.snapshot.retention.file.num = 5 (custom)
2021-10-10 13:47:13,415 [pool-671-thread-1] INFO  server.RaftServerConfigKeys (ConfUtils.java:logGet(44)) - raft.server.log.purge.upto.snapshot.index = false (default)
2021-10-10 13:47:13,415 [pool-671-thread-1] INFO  server.RaftServerConfigKeys (ConfUtils.java:logGet(44)) - raft.server.retrycache.expirytime = 600000ms (custom)
2021-10-10 13:47:13,415 [pool-671-thread-1] INFO  server.RaftServerConfigKeys (ConfUtils.java:logGet(44)) - raft.server.retrycache.statistics.expirytime = 100μs (default)
2021-10-10 13:47:13,418 [pool-671-thread-1] INFO  server.RaftServer$Division (RaftServerImpl.java:<init>(181)) - 9f3dcedd-2157-4ae4-b723-f54bfee8d9ce: new RaftServerImpl for group-7DFFF592C791:[] with ContainerStateMachine:uninitialized
2021-10-10 13:47:13,418 [pool-671-thread-1] INFO  server.RaftServerConfigKeys (ConfUtils.java:logGet(44)) - raft.server.rpc.timeout.min = 5s (custom)
2021-10-10 13:47:13,418 [pool-671-thread-1] INFO  server.RaftServerConfigKeys (ConfUtils.java:logGet(44)) - raft.server.rpc.timeout.max = 5200ms (custom)
2021-10-10 13:47:13,418 [pool-671-thread-1] INFO  server.RaftServerConfigKeys (ConfUtils.java:logGet(44)) - raft.server.rpc.sleep.time = 25ms (default)
2021-10-10 13:47:13,418 [pool-671-thread-1] INFO  server.RaftServerConfigKeys (ConfUtils.java:logGet(44)) - raft.server.rpc.slowness.timeout = 300000ms (custom)
2021-10-10 13:47:13,418 [pool-671-thread-1] INFO  server.RaftServerConfigKeys (ConfUtils.java:logGet(44)) - raft.server.leaderelection.leader.step-down.wait-time = 10s (default)
2021-10-10 13:47:13,418 [pool-671-thread-1] INFO  server.RaftServerConfigKeys (ConfUtils.java:logGet(44)) - raft.server.sleep.deviation.threshold = 300ms (default)
2021-10-10 13:47:13,418 [pool-671-thread-1] INFO  server.RaftServerConfigKeys (ConfUtils.java:logGet(44)) - raft.server.log.appender.install.snapshot.enabled = false (custom)
2021-10-10 13:47:13,418 [pool-671-thread-1] INFO  server.RaftServer$Division (ServerState.java:<init>(105)) - 9f3dcedd-2157-4ae4-b723-f54bfee8d9ce@group-7DFFF592C791: ConfigurationManager, init=-1: [], old=null, confs=<EMPTY_MAP>
2021-10-10 13:47:13,418 [pool-671-thread-1] INFO  server.RaftServerConfigKeys (ConfUtils.java:logGet(44)) - raft.server.storage.dir = [/home/runner/work/ozone/ozone/hadoop-ozone/integration-test/target/test-dir/MiniOzoneClusterImpl-0f145d0e-b24d-4882-976e-a7baa8a64dfe/datanode-4/data/ratis] (custom)
2021-10-10 13:47:13,418 [pool-671-thread-1] INFO  server.RaftServerConfigKeys (ConfUtils.java:logGet(44)) - raft.server.log.corruption.policy = EXCEPTION (default)
2021-10-10 13:47:13,418 [pool-671-thread-1] INFO  server.RaftServerConfigKeys (ConfUtils.java:logGet(44)) - raft.server.storage.free-space.min = 0MB (=0) (default)
2021-10-10 13:47:13,428 [pool-671-thread-1] INFO  storage.RaftStorageDirectory (RaftStorageDirectoryImpl.java:tryLock(230)) - Lock on /home/runner/work/ozone/ozone/hadoop-ozone/integration-test/target/test-dir/MiniOzoneClusterImpl-0f145d0e-b24d-4882-976e-a7baa8a64dfe/datanode-4/data/ratis/8bf488a0-0968-47a6-ae95-7dfff592c791/in_use.lock acquired by nodename 4979@fv-az291-460
2021-10-10 13:47:13,429 [pool-671-thread-1] INFO  storage.RaftStorage (RaftStorageImpl.java:analyzeAndRecoverStorage(110)) - Read RaftStorageMetadata{term=1, votedFor=9f3dcedd-2157-4ae4-b723-f54bfee8d9ce} from /home/runner/work/ozone/ozone/hadoop-ozone/integration-test/target/test-dir/MiniOzoneClusterImpl-0f145d0e-b24d-4882-976e-a7baa8a64dfe/datanode-4/data/ratis/8bf488a0-0968-47a6-ae95-7dfff592c791/current/raft-meta
2021-10-10 13:47:13,429 [pool-671-thread-1] INFO  ratis.ContainerStateMachine (ContainerStateMachine.java:loadSnapshot(233)) - group-7DFFF592C791: Setting the last applied index to (t:1, i:11)
2021-10-10 13:47:13,429 [pool-671-thread-1] INFO  server.RaftServer$Division (ServerState.java:setRaftConf(387)) - 9f3dcedd-2157-4ae4-b723-f54bfee8d9ce@group-7DFFF592C791: set configuration 0: [9f3dcedd-2157-4ae4-b723-f54bfee8d9ce|rpc:10.1.0.17:40315|dataStream:|priority:1], old=null
2021-10-10 13:47:13,429 [pool-671-thread-1] INFO  server.RaftServerConfigKeys (ConfUtils.java:logGet(44)) - raft.server.notification.no-leader.timeout = 300000ms (custom)
2021-10-10 13:47:13,429 [pool-671-thread-1] INFO  server.RaftServerConfigKeys (ConfUtils.java:logGet(44)) - raft.server.log.use.memory = false (default)
2021-10-10 13:47:13,430 [pool-671-thread-1] INFO  server.RaftServerConfigKeys (ConfUtils.java:logGet(44)) - raft.server.log.purge.gap = 1000000 (custom)
2021-10-10 13:47:13,430 [pool-671-thread-1] INFO  server.RaftServerConfigKeys (ConfUtils.java:logGet(44)) - raft.server.log.appender.buffer.byte-limit = 33554432 (custom)
2021-10-10 13:47:13,430 [pool-671-thread-1] INFO  server.RaftServerConfigKeys (ConfUtils.java:logGet(44)) - raft.server.log.segment.size.max = 1048576 (custom)
2021-10-10 13:47:13,430 [pool-671-thread-1] INFO  server.RaftServerConfigKeys (ConfUtils.java:logGet(44)) - raft.server.log.segment.cache.num.max = 2 (custom)
2021-10-10 13:47:13,430 [pool-671-thread-1] INFO  server.RaftServerConfigKeys (ConfUtils.java:logGet(44)) - raft.server.log.segment.cache.size.max = 200MB (=209715200) (default)
2021-10-10 13:47:13,430 [pool-671-thread-1] INFO  segmented.SegmentedRaftLogWorker (SegmentedRaftLogWorker.java:<init>(182)) - new 9f3dcedd-2157-4ae4-b723-f54bfee8d9ce@group-7DFFF592C791-SegmentedRaftLogWorker for RaftStorageImpl:Storage Directory /home/runner/work/ozone/ozone/hadoop-ozone/integration-test/target/test-dir/MiniOzoneClusterImpl-0f145d0e-b24d-4882-976e-a7baa8a64dfe/datanode-4/data/ratis/8bf488a0-0968-47a6-ae95-7dfff592c791
2021-10-10 13:47:13,430 [pool-671-thread-1] INFO  server.RaftServerConfigKeys (ConfUtils.java:logGet(44)) - raft.server.log.queue.byte-limit = 2147483647 (custom)
2021-10-10 13:47:13,430 [pool-671-thread-1] INFO  server.RaftServerConfigKeys (ConfUtils.java:logGet(44)) - raft.server.log.queue.element-limit = 1024 (custom)
2021-10-10 13:47:13,430 [pool-671-thread-1] INFO  server.RaftServerConfigKeys (ConfUtils.java:logGet(44)) - raft.server.log.segment.size.max = 1048576 (custom)
2021-10-10 13:47:13,430 [pool-671-thread-1] INFO  server.RaftServerConfigKeys (ConfUtils.java:logGet(44)) - raft.server.log.preallocated.size = 16384 (custom)
2021-10-10 13:47:13,430 [pool-671-thread-1] INFO  server.RaftServerConfigKeys (ConfUtils.java:logGet(44)) - raft.server.log.force.sync.num = 128 (default)
2021-10-10 13:47:13,430 [pool-671-thread-1] INFO  server.RaftServerConfigKeys (ConfUtils.java:logGet(44)) - raft.server.log.statemachine.data.sync = true (default)
2021-10-10 13:47:13,431 [pool-671-thread-1] INFO  server.RaftServerConfigKeys (ConfUtils.java:logGet(44)) - raft.server.log.statemachine.data.sync.timeout = 10s (default)
2021-10-10 13:47:13,431 [pool-671-thread-1] INFO  server.RaftServerConfigKeys (ConfUtils.java:logGet(44)) - raft.server.log.statemachine.data.sync.timeout.retry = -1 (default)
2021-10-10 13:47:13,432 [pool-671-thread-1] INFO  server.RaftServerConfigKeys (ConfUtils.java:logGet(44)) - raft.server.log.write.buffer.size = 1048576 (custom)
2021-10-10 13:47:13,432 [pool-671-thread-1] INFO  server.RaftServerConfigKeys (ConfUtils.java:logGet(44)) - raft.server.log.statemachine.data.caching.enabled = true (custom)
2021-10-10 13:47:13,433 [pool-671-thread-1] INFO  server.RaftServer$Division (ServerState.java:setRaftConf(387)) - 9f3dcedd-2157-4ae4-b723-f54bfee8d9ce@group-7DFFF592C791: set configuration 0: [9f3dcedd-2157-4ae4-b723-f54bfee8d9ce|rpc:10.1.0.17:40315|dataStream:|priority:1], old=null
2021-10-10 13:47:13,447 [pool-671-thread-1] INFO  segmented.LogSegment (LogSegment.java:loadSegment(173)) - Successfully read 12 entries from segment file /home/runner/work/ozone/ozone/hadoop-ozone/integration-test/target/test-dir/MiniOzoneClusterImpl-0f145d0e-b24d-4882-976e-a7baa8a64dfe/datanode-4/data/ratis/8bf488a0-0968-47a6-ae95-7dfff592c791/current/log_inprogress_0
2021-10-10 13:47:13,448 [pool-671-thread-1] INFO  segmented.SegmentedRaftLogWorker (SegmentedRaftLogWorker.java:lambda$new$0(133)) - 9f3dcedd-2157-4ae4-b723-f54bfee8d9ce@group-7DFFF592C791-SegmentedRaftLogWorker: flushIndex: setUnconditionally 0 -> 11
2021-10-10 13:47:13,448 [pool-671-thread-1] INFO  segmented.SegmentedRaftLogWorker (SegmentedRaftLogWorker.java:lambda$new$0(133)) - 9f3dcedd-2157-4ae4-b723-f54bfee8d9ce@group-7DFFF592C791-SegmentedRaftLogWorker: safeCacheEvictIndex: setUnconditionally 0 -> -1
2021-10-10 13:47:13,454 [Listener at 127.0.0.1/44821] INFO  handler.ContextHandler (ContextHandler.java:doStart(915)) - Started o.e.j.w.WebAppContext@3854b52a{hddsDatanode,/,file:///tmp/jetty-0_0_0_0-36669-hdds-container-service-1_2_0-SNAPSHOT_jar-_-any-4583674013788089230/webapp/,AVAILABLE}{jar:file:/home/runner/.m2/repository/org/apache/ozone/hdds-container-service/1.2.0-SNAPSHOT/hdds-container-service-1.2.0-SNAPSHOT.jar!/webapps/hddsDatanode}
2021-10-10 13:47:13,472 [pool-671-thread-1] INFO  raftlog.RaftLog (RaftLogBase.java:lambda$new$0(53)) - 9f3dcedd-2157-4ae4-b723-f54bfee8d9ce@group-7DFFF592C791-SegmentedRaftLog: commitIndex: updateToMax old=11, new=9, updated? false
2021-10-10 13:47:13,479 [pool-671-thread-1] INFO  server.RaftServerConfigKeys (ConfUtils.java:logGet(44)) - raft.server.snapshot.auto.trigger.enabled = true (custom)
2021-10-10 13:47:13,479 [pool-671-thread-1] INFO  server.RaftServerConfigKeys (ConfUtils.java:logGet(44)) - raft.server.snapshot.auto.trigger.threshold = 10000 (custom)
2021-10-10 13:47:13,479 [pool-671-thread-1] INFO  server.RaftServerConfigKeys (ConfUtils.java:logGet(44)) - raft.server.snapshot.retention.file.num = 5 (custom)
2021-10-10 13:47:13,479 [pool-671-thread-1] INFO  server.RaftServerConfigKeys (ConfUtils.java:logGet(44)) - raft.server.log.purge.upto.snapshot.index = false (default)
2021-10-10 13:47:13,480 [pool-671-thread-1] INFO  server.RaftServerConfigKeys (ConfUtils.java:logGet(44)) - raft.server.retrycache.expirytime = 600000ms (custom)
2021-10-10 13:47:13,480 [pool-671-thread-1] INFO  server.RaftServerConfigKeys (ConfUtils.java:logGet(44)) - raft.server.retrycache.statistics.expirytime = 100μs (default)
2021-10-10 13:47:13,504 [Listener at 127.0.0.1/44821] INFO  server.AbstractConnector (AbstractConnector.java:doStart(331)) - Started ServerConnector@7fadccc5{HTTP/1.1, (http/1.1)}{0.0.0.0:36669}
2021-10-10 13:47:13,504 [Listener at 127.0.0.1/44821] INFO  server.Server (Server.java:doStart(415)) - Started @240287ms
2021-10-10 13:47:13,505 [Listener at 127.0.0.1/44821] WARN  impl.MetricsSystemImpl (MetricsSystemImpl.java:register(279)) - Sink prometheus already exists!
2021-10-10 13:47:13,505 [Listener at 127.0.0.1/44821] INFO  http.BaseHttpServer (BaseHttpServer.java:updateConnectorAddress(329)) - HTTP server of hddsDatanode listening at http://0.0.0.0:36669
2021-10-10 13:47:13,506 [Listener at 127.0.0.1/44821] INFO  ozone.MiniOzoneClusterImpl (MiniOzoneClusterImpl.java:lambda$waitForClusterToBeReady$0(235)) - Waiting for nodes to be ready. Got 6 of 7 DN Heartbeats.
2021-10-10 13:47:13,506 [Listener at 127.0.0.1/44821] INFO  ozone.MiniOzoneClusterImpl (MiniOzoneClusterImpl.java:lambda$waitForClusterToBeReady$0(238)) - Cluster exits safe mode
2021-10-10 13:47:13,506 [Listener at 127.0.0.1/44821] INFO  ozone.MiniOzoneClusterImpl (MiniOzoneClusterImpl.java:lambda$waitForClusterToBeReady$0(240)) - SCM became leader
2021-10-10 13:47:13,506 [Datanode State Machine Thread - 0] INFO  statemachine.DatanodeStateMachine (DatanodeStateMachine.java:lambda$startDaemon$0(463)) - Ozone container server started.
2021-10-10 13:47:13,515 [org.apache.hadoop.util.JvmPauseMonitor$Monitor@7cc79864] INFO  util.JvmPauseMonitor (JvmPauseMonitor.java:run(188)) - Starting JVM pause monitor
2021-10-10 13:47:14,515 [Listener at 127.0.0.1/44821] INFO  ozone.MiniOzoneClusterImpl (MiniOzoneClusterImpl.java:lambda$waitForClusterToBeReady$0(235)) - Waiting for nodes to be ready. Got 6 of 7 DN Heartbeats.
2021-10-10 13:47:14,515 [Listener at 127.0.0.1/44821] INFO  ozone.MiniOzoneClusterImpl (MiniOzoneClusterImpl.java:lambda$waitForClusterToBeReady$0(238)) - Cluster exits safe mode
2021-10-10 13:47:14,515 [Listener at 127.0.0.1/44821] INFO  ozone.MiniOzoneClusterImpl (MiniOzoneClusterImpl.java:lambda$waitForClusterToBeReady$0(240)) - SCM became leader
2021-10-10 13:47:15,515 [Listener at 127.0.0.1/44821] INFO  ozone.MiniOzoneClusterImpl (MiniOzoneClusterImpl.java:lambda$waitForClusterToBeReady$0(235)) - Waiting for nodes to be ready. Got 6 of 7 DN Heartbeats.
2021-10-10 13:47:15,516 [Listener at 127.0.0.1/44821] INFO  ozone.MiniOzoneClusterImpl (MiniOzoneClusterImpl.java:lambda$waitForClusterToBeReady$0(238)) - Cluster exits safe mode
2021-10-10 13:47:15,516 [Listener at 127.0.0.1/44821] INFO  ozone.MiniOzoneClusterImpl (MiniOzoneClusterImpl.java:lambda$waitForClusterToBeReady$0(240)) - SCM became leader
2021-10-10 13:47:15,517 [EndpointStateMachine task thread for /0.0.0.0:36165 - 0 ] INFO  ozoneimpl.OzoneContainer (OzoneContainer.java:start(304)) - Attempting to start container services.
2021-10-10 13:47:15,518 [EndpointStateMachine task thread for /0.0.0.0:36165 - 0 ] INFO  ozoneimpl.OzoneContainer (OzoneContainer.java:startContainerScrub(249)) - Background container scanner has been disabled.
2021-10-10 13:47:15,518 [EndpointStateMachine task thread for /0.0.0.0:36165 - 0 ] INFO  replication.ReplicationServer (ReplicationServer.java:start(107)) - ReplicationServer is started using port 38521
2021-10-10 13:47:15,518 [EndpointStateMachine task thread for /0.0.0.0:36165 - 0 ] INFO  ratis.XceiverServerRatis (XceiverServerRatis.java:start(482)) - Starting XceiverServerRatis 9f3dcedd-2157-4ae4-b723-f54bfee8d9ce
2021-10-10 13:47:15,524 [EndpointStateMachine task thread for /0.0.0.0:36165 - 0 ] INFO  server.RaftServer$Division (RaftServerImpl.java:start(296)) - 9f3dcedd-2157-4ae4-b723-f54bfee8d9ce@group-7DFFF592C791: start as a follower, conf=0: [9f3dcedd-2157-4ae4-b723-f54bfee8d9ce|rpc:10.1.0.17:40315|dataStream:|priority:1], old=null
2021-10-10 13:47:15,525 [EndpointStateMachine task thread for /0.0.0.0:36165 - 0 ] INFO  server.RaftServer$Division (RaftServerImpl.java:setRole(285)) - 9f3dcedd-2157-4ae4-b723-f54bfee8d9ce@group-7DFFF592C791: changes role from      null to FOLLOWER at term 1 for startAsFollower
2021-10-10 13:47:15,525 [EndpointStateMachine task thread for /0.0.0.0:36165 - 0 ] INFO  impl.RoleInfo (RoleInfo.java:updateAndGet(130)) - 9f3dcedd-2157-4ae4-b723-f54bfee8d9ce: start 9f3dcedd-2157-4ae4-b723-f54bfee8d9ce@group-7DFFF592C791-FollowerState
2021-10-10 13:47:15,525 [ForkJoinPool.commonPool-worker-0] INFO  server.RaftServer$Division (RaftServerImpl.java:start(299)) - 9f3dcedd-2157-4ae4-b723-f54bfee8d9ce@group-EF7FE1329C44: start with initializing state, conf=-1: [], old=null
2021-10-10 13:47:15,525 [ForkJoinPool.commonPool-worker-0] INFO  server.RaftServer$Division (RaftServerImpl.java:setRole(285)) - 9f3dcedd-2157-4ae4-b723-f54bfee8d9ce@group-EF7FE1329C44: changes role from      null to FOLLOWER at term 3 for startInitializing
2021-10-10 13:47:15,525 [ForkJoinPool.commonPool-worker-0] INFO  util.JmxRegister (JmxRegister.java:tryRegister(44)) - Successfully registered JMX Bean with object name Ratis:service=RaftServer,group=group-EF7FE1329C44,id=9f3dcedd-2157-4ae4-b723-f54bfee8d9ce
2021-10-10 13:47:15,526 [EndpointStateMachine task thread for /0.0.0.0:36165 - 0 ] INFO  util.JmxRegister (JmxRegister.java:tryRegister(44)) - Successfully registered JMX Bean with object name Ratis:service=RaftServer,group=group-7DFFF592C791,id=9f3dcedd-2157-4ae4-b723-f54bfee8d9ce
2021-10-10 13:47:15,527 [EndpointStateMachine task thread for /0.0.0.0:36165 - 0 ] INFO  server.RaftServer$Division (RaftServerImpl.java:start(296)) - 9f3dcedd-2157-4ae4-b723-f54bfee8d9ce@group-F3E1136D39A0: start as a follower, conf=0: [2432123a-b439-42d5-83b4-1981f0fa2384|rpc:10.1.0.17:39429|dataStream:|priority:0, 1d4e4b2f-e6a0-4223-b62b-246b29415176|rpc:10.1.0.17:44219|dataStream:|priority:1, 9f3dcedd-2157-4ae4-b723-f54bfee8d9ce|rpc:10.1.0.17:40315|dataStream:|priority:0], old=null
2021-10-10 13:47:15,527 [EndpointStateMachine task thread for /0.0.0.0:36165 - 0 ] INFO  server.RaftServer$Division (RaftServerImpl.java:setRole(285)) - 9f3dcedd-2157-4ae4-b723-f54bfee8d9ce@group-F3E1136D39A0: changes role from      null to FOLLOWER at term 1 for startAsFollower
2021-10-10 13:47:15,527 [EndpointStateMachine task thread for /0.0.0.0:36165 - 0 ] INFO  impl.RoleInfo (RoleInfo.java:updateAndGet(130)) - 9f3dcedd-2157-4ae4-b723-f54bfee8d9ce: start 9f3dcedd-2157-4ae4-b723-f54bfee8d9ce@group-F3E1136D39A0-FollowerState
2021-10-10 13:47:15,528 [EndpointStateMachine task thread for /0.0.0.0:36165 - 0 ] INFO  util.JmxRegister (JmxRegister.java:tryRegister(44)) - Successfully registered JMX Bean with object name Ratis:service=RaftServer,group=group-F3E1136D39A0,id=9f3dcedd-2157-4ae4-b723-f54bfee8d9ce
2021-10-10 13:47:15,535 [EndpointStateMachine task thread for /0.0.0.0:36165 - 0 ] INFO  server.RaftServer (RaftServerProxy.java:lambda$start$5(374)) - 9f3dcedd-2157-4ae4-b723-f54bfee8d9ce: start RPC server
2021-10-10 13:47:15,536 [EndpointStateMachine task thread for /0.0.0.0:36165 - 0 ] INFO  server.GrpcService (GrpcService.java:startImpl(253)) - 9f3dcedd-2157-4ae4-b723-f54bfee8d9ce: GrpcService started, listening on 40315
2021-10-10 13:47:15,540 [EndpointStateMachine task thread for /0.0.0.0:36165 - 0 ] INFO  ratis.XceiverServerRatis (XceiverServerRatis.java:getRealPort(503)) - XceiverServerRatis 9f3dcedd-2157-4ae4-b723-f54bfee8d9ce is started using port 40315 for RATIS
2021-10-10 13:47:15,540 [EndpointStateMachine task thread for /0.0.0.0:36165 - 0 ] INFO  ratis.XceiverServerRatis (XceiverServerRatis.java:getRealPort(503)) - XceiverServerRatis 9f3dcedd-2157-4ae4-b723-f54bfee8d9ce is started using port 40315 for RATIS_ADMIN
2021-10-10 13:47:15,540 [EndpointStateMachine task thread for /0.0.0.0:36165 - 0 ] INFO  ratis.XceiverServerRatis (XceiverServerRatis.java:getRealPort(503)) - XceiverServerRatis 9f3dcedd-2157-4ae4-b723-f54bfee8d9ce is started using port 40315 for RATIS_SERVER
2021-10-10 13:47:15,541 [org.apache.ratis.util.JvmPauseMonitor$$Lambda$532/897771948@69b23beb] INFO  util.JvmPauseMonitor (JvmPauseMonitor.java:run(103)) - JvmPauseMonitor-9f3dcedd-2157-4ae4-b723-f54bfee8d9ce: Started
2021-10-10 13:47:16,516 [Listener at 127.0.0.1/44821] INFO  ozone.MiniOzoneClusterImpl (MiniOzoneClusterImpl.java:lambda$waitForClusterToBeReady$0(235)) - Waiting for nodes to be ready. Got 6 of 7 DN Heartbeats.
2021-10-10 13:47:16,516 [Listener at 127.0.0.1/44821] INFO  ozone.MiniOzoneClusterImpl (MiniOzoneClusterImpl.java:lambda$waitForClusterToBeReady$0(238)) - Cluster exits safe mode
2021-10-10 13:47:16,516 [Listener at 127.0.0.1/44821] INFO  ozone.MiniOzoneClusterImpl (MiniOzoneClusterImpl.java:lambda$waitForClusterToBeReady$0(240)) - SCM became leader
2021-10-10 13:47:17,516 [Listener at 127.0.0.1/44821] INFO  ozone.MiniOzoneClusterImpl (MiniOzoneClusterImpl.java:lambda$waitForClusterToBeReady$0(235)) - Waiting for nodes to be ready. Got 6 of 7 DN Heartbeats.
2021-10-10 13:47:17,517 [Listener at 127.0.0.1/44821] INFO  ozone.MiniOzoneClusterImpl (MiniOzoneClusterImpl.java:lambda$waitForClusterToBeReady$0(238)) - Cluster exits safe mode
2021-10-10 13:47:17,517 [Listener at 127.0.0.1/44821] INFO  ozone.MiniOzoneClusterImpl (MiniOzoneClusterImpl.java:lambda$waitForClusterToBeReady$0(240)) - SCM became leader
2021-10-10 13:47:17,532 [EventQueue-PipelineReportForPipelineReportHandler] INFO  pipeline.PipelineReportHandler (PipelineReportHandler.java:processPipelineReport(113)) - Reported pipeline PipelineID=d81155ad-7afe-4ff1-840a-ef7fe1329c44 is not found
2021-10-10 13:47:17,532 [EventQueue-PipelineReportForPipelineReportHandler] INFO  pipeline.PipelineReportHandler (PipelineReportHandler.java:processPipelineReport(113)) - Reported pipeline PipelineID=8bf488a0-0968-47a6-ae95-7dfff592c791 is not found
2021-10-10 13:47:17,533 [EventQueue-PipelineReportForPipelineReportHandler] INFO  pipeline.PipelineReportHandler (PipelineReportHandler.java:processPipelineReport(113)) - Reported pipeline PipelineID=16a067cd-1683-4cd8-a695-f3e1136d39a0 is not found
2021-10-10 13:47:18,517 [Listener at 127.0.0.1/44821] INFO  ozone.MiniOzoneClusterImpl (MiniOzoneClusterImpl.java:lambda$waitForClusterToBeReady$0(235)) - Waiting for nodes to be ready. Got 6 of 7 DN Heartbeats.
2021-10-10 13:47:18,517 [Listener at 127.0.0.1/44821] INFO  ozone.MiniOzoneClusterImpl (MiniOzoneClusterImpl.java:lambda$waitForClusterToBeReady$0(238)) - Cluster exits safe mode
2021-10-10 13:47:18,517 [Listener at 127.0.0.1/44821] INFO  ozone.MiniOzoneClusterImpl (MiniOzoneClusterImpl.java:lambda$waitForClusterToBeReady$0(240)) - SCM became leader
2021-10-10 13:47:19,518 [Listener at 127.0.0.1/44821] INFO  ozone.MiniOzoneClusterImpl (MiniOzoneClusterImpl.java:lambda$waitForClusterToBeReady$0(235)) - Waiting for nodes to be ready. Got 6 of 7 DN Heartbeats.
2021-10-10 13:47:19,519 [Listener at 127.0.0.1/44821] INFO  ozone.MiniOzoneClusterImpl (MiniOzoneClusterImpl.java:lambda$waitForClusterToBeReady$0(238)) - Cluster exits safe mode
2021-10-10 13:47:19,519 [Listener at 127.0.0.1/44821] INFO  ozone.MiniOzoneClusterImpl (MiniOzoneClusterImpl.java:lambda$waitForClusterToBeReady$0(240)) - SCM became leader
2021-10-10 13:47:19,586 [EventQueue-HealthyReadonlyNodeForHealthyReadOnlyNodeHandler] INFO  node.HealthyReadOnlyNodeHandler (HealthyReadOnlyNodeHandler.java:onMessage(58)) - Datanode 9f3dcedd-2157-4ae4-b723-f54bfee8d9ce{ip: 10.1.0.17, host: fv-az291-460.wgnan5asplgejimfprtllbpdch.jx.internal.cloudapp.net, ports: [REPLICATION=34857, RATIS=40315, RATIS_ADMIN=40315, RATIS_SERVER=40315, STANDALONE=44597], networkLocation: /default-rack, certSerialId: null, persistedOpState: IN_SERVICE, persistedOpStateExpiryEpochSec: 0} moved to HEALTHY READONLY state.
2021-10-10 13:47:19,586 [EventQueue-HealthyReadonlyNodeForHealthyReadOnlyNodeHandler] INFO  net.NetworkTopologyImpl (NetworkTopologyImpl.java:add(112)) - Added a new node: /default-rack/9f3dcedd-2157-4ae4-b723-f54bfee8d9ce
2021-10-10 13:47:19,687 [EventQueue-HealthyReadonlyToHealthyNodeForReadOnlyHealthyToHealthyNodeHandler] INFO  node.ReadOnlyHealthyToHealthyNodeHandler (ReadOnlyHealthyToHealthyNodeHandler.java:onMessage(51)) - Datanode 9f3dcedd-2157-4ae4-b723-f54bfee8d9ce{ip: 10.1.0.17, host: fv-az291-460.wgnan5asplgejimfprtllbpdch.jx.internal.cloudapp.net, ports: [REPLICATION=34857, RATIS=40315, RATIS_ADMIN=40315, RATIS_SERVER=40315, STANDALONE=44597], networkLocation: /default-rack, certSerialId: null, persistedOpState: IN_SERVICE, persistedOpStateExpiryEpochSec: 0} moved to HEALTHY state.
2021-10-10 13:47:19,687 [EventQueue-HealthyReadonlyToHealthyNodeForReadOnlyHealthyToHealthyNodeHandler] INFO  pipeline.BackgroundPipelineCreator (BackgroundPipelineCreator.java:notifyEventTriggered(285)) - trigger a one-shot run on RatisPipelineUtilsThread.
2021-10-10 13:47:19,695 [RatisPipelineUtilsThread - 0] INFO  pipeline.RatisPipelineProvider (RatisPipelineProvider.java:lambda$create$0(183)) - Sending CreatePipelineCommand for pipeline:PipelineID=b7acb8bc-ac66-4653-8023-10dc44bac609 to datanode:9f3dcedd-2157-4ae4-b723-f54bfee8d9ce
2021-10-10 13:47:19,695 [RatisPipelineUtilsThread - 0] INFO  pipeline.PipelineStateManagerImpl (PipelineStateManagerImpl.java:addPipeline(101)) - Created pipeline Pipeline[ Id: b7acb8bc-ac66-4653-8023-10dc44bac609, Nodes: 9f3dcedd-2157-4ae4-b723-f54bfee8d9ce{ip: 10.1.0.17, host: fv-az291-460.wgnan5asplgejimfprtllbpdch.jx.internal.cloudapp.net, ports: [REPLICATION=34857, RATIS=40315, RATIS_ADMIN=40315, RATIS_SERVER=40315, STANDALONE=44597], networkLocation: /default-rack, certSerialId: null, persistedOpState: IN_SERVICE, persistedOpStateExpiryEpochSec: 0}, ReplicationConfig: RATIS/ONE, State:ALLOCATED, leaderId:, CreationTimestamp2021-10-10T13:47:19.695Z[Etc/UTC]].
2021-10-10 13:47:19,696 [RatisPipelineUtilsThread - 0] INFO  pipeline.RatisPipelineProvider (RatisPipelineProvider.java:lambda$create$0(183)) - Sending CreatePipelineCommand for pipeline:PipelineID=78ffa57c-9e25-44e6-b4ea-644a06a5de74 to datanode:e1b2127a-933c-4bfc-a8fa-edeeb9ccf213
2021-10-10 13:47:19,696 [RatisPipelineUtilsThread - 0] INFO  pipeline.RatisPipelineProvider (RatisPipelineProvider.java:lambda$create$0(183)) - Sending CreatePipelineCommand for pipeline:PipelineID=78ffa57c-9e25-44e6-b4ea-644a06a5de74 to datanode:2432123a-b439-42d5-83b4-1981f0fa2384
2021-10-10 13:47:19,696 [RatisPipelineUtilsThread - 0] INFO  pipeline.RatisPipelineProvider (RatisPipelineProvider.java:lambda$create$0(183)) - Sending CreatePipelineCommand for pipeline:PipelineID=78ffa57c-9e25-44e6-b4ea-644a06a5de74 to datanode:1d4e4b2f-e6a0-4223-b62b-246b29415176
2021-10-10 13:47:19,696 [RatisPipelineUtilsThread - 0] INFO  pipeline.PipelineStateManagerImpl (PipelineStateManagerImpl.java:addPipeline(101)) - Created pipeline Pipeline[ Id: 78ffa57c-9e25-44e6-b4ea-644a06a5de74, Nodes: e1b2127a-933c-4bfc-a8fa-edeeb9ccf213{ip: 10.1.0.17, host: fv-az291-460.wgnan5asplgejimfprtllbpdch.jx.internal.cloudapp.net, ports: [REPLICATION=37821, RATIS=33955, RATIS_ADMIN=33955, RATIS_SERVER=33955, STANDALONE=39177], networkLocation: /default-rack, certSerialId: null, persistedOpState: IN_SERVICE, persistedOpStateExpiryEpochSec: 0}2432123a-b439-42d5-83b4-1981f0fa2384{ip: 10.1.0.17, host: fv-az291-460.wgnan5asplgejimfprtllbpdch.jx.internal.cloudapp.net, ports: [REPLICATION=45645, RATIS=39429, RATIS_ADMIN=39429, RATIS_SERVER=39429, STANDALONE=45115], networkLocation: /default-rack, certSerialId: null, persistedOpState: IN_SERVICE, persistedOpStateExpiryEpochSec: 0}1d4e4b2f-e6a0-4223-b62b-246b29415176{ip: 10.1.0.17, host: fv-az291-460.wgnan5asplgejimfprtllbpdch.jx.internal.cloudapp.net, ports: [REPLICATION=42583, RATIS=44219, RATIS_ADMIN=44219, RATIS_SERVER=44219, STANDALONE=40233], networkLocation: /default-rack, certSerialId: null, persistedOpState: IN_SERVICE, persistedOpStateExpiryEpochSec: 0}, ReplicationConfig: RATIS/THREE, State:ALLOCATED, leaderId:, CreationTimestamp2021-10-10T13:47:19.696Z[Etc/UTC]].
2021-10-10 13:47:19,697 [RatisPipelineUtilsThread - 0] INFO  pipeline.RatisPipelineProvider (RatisPipelineProvider.java:lambda$create$0(183)) - Sending CreatePipelineCommand for pipeline:PipelineID=5ec87732-cd3d-4223-b6cf-0cd1fd14abdc to datanode:9f3dcedd-2157-4ae4-b723-f54bfee8d9ce
2021-10-10 13:47:19,697 [RatisPipelineUtilsThread - 0] INFO  pipeline.RatisPipelineProvider (RatisPipelineProvider.java:lambda$create$0(183)) - Sending CreatePipelineCommand for pipeline:PipelineID=5ec87732-cd3d-4223-b6cf-0cd1fd14abdc to datanode:e1b2127a-933c-4bfc-a8fa-edeeb9ccf213
2021-10-10 13:47:19,697 [RatisPipelineUtilsThread - 0] INFO  pipeline.RatisPipelineProvider (RatisPipelineProvider.java:lambda$create$0(183)) - Sending CreatePipelineCommand for pipeline:PipelineID=5ec87732-cd3d-4223-b6cf-0cd1fd14abdc to datanode:1d4e4b2f-e6a0-4223-b62b-246b29415176
2021-10-10 13:47:19,697 [RatisPipelineUtilsThread - 0] INFO  pipeline.PipelineStateManagerImpl (PipelineStateManagerImpl.java:addPipeline(101)) - Created pipeline Pipeline[ Id: 5ec87732-cd3d-4223-b6cf-0cd1fd14abdc, Nodes: 9f3dcedd-2157-4ae4-b723-f54bfee8d9ce{ip: 10.1.0.17, host: fv-az291-460.wgnan5asplgejimfprtllbpdch.jx.internal.cloudapp.net, ports: [REPLICATION=34857, RATIS=40315, RATIS_ADMIN=40315, RATIS_SERVER=40315, STANDALONE=44597], networkLocation: /default-rack, certSerialId: null, persistedOpState: IN_SERVICE, persistedOpStateExpiryEpochSec: 0}e1b2127a-933c-4bfc-a8fa-edeeb9ccf213{ip: 10.1.0.17, host: fv-az291-460.wgnan5asplgejimfprtllbpdch.jx.internal.cloudapp.net, ports: [REPLICATION=37821, RATIS=33955, RATIS_ADMIN=33955, RATIS_SERVER=33955, STANDALONE=39177], networkLocation: /default-rack, certSerialId: null, persistedOpState: IN_SERVICE, persistedOpStateExpiryEpochSec: 0}1d4e4b2f-e6a0-4223-b62b-246b29415176{ip: 10.1.0.17, host: fv-az291-460.wgnan5asplgejimfprtllbpdch.jx.internal.cloudapp.net, ports: [REPLICATION=42583, RATIS=44219, RATIS_ADMIN=44219, RATIS_SERVER=44219, STANDALONE=40233], networkLocation: /default-rack, certSerialId: null, persistedOpState: IN_SERVICE, persistedOpStateExpiryEpochSec: 0}, ReplicationConfig: RATIS/THREE, State:ALLOCATED, leaderId:, CreationTimestamp2021-10-10T13:47:19.697Z[Etc/UTC]].
2021-10-10 13:47:20,519 [Listener at 127.0.0.1/44821] INFO  ozone.MiniOzoneClusterImpl (MiniOzoneClusterImpl.java:lambda$waitForClusterToBeReady$0(235)) - Nodes are ready. Got 7 of 7 DN Heartbeats.
2021-10-10 13:47:20,519 [Listener at 127.0.0.1/44821] INFO  ozone.MiniOzoneClusterImpl (MiniOzoneClusterImpl.java:lambda$waitForClusterToBeReady$0(238)) - Cluster exits safe mode
2021-10-10 13:47:20,519 [Listener at 127.0.0.1/44821] INFO  ozone.MiniOzoneClusterImpl (MiniOzoneClusterImpl.java:lambda$waitForClusterToBeReady$0(240)) - SCM became leader
2021-10-10 13:47:20,534 [Command processor thread] INFO  server.RaftServer (RaftServerProxy.java:remove(106)) - 9f3dcedd-2157-4ae4-b723-f54bfee8d9ce: remove  FOLLOWER 9f3dcedd-2157-4ae4-b723-f54bfee8d9ce@group-EF7FE1329C44:t3, leader=null, voted=, raftlog=9f3dcedd-2157-4ae4-b723-f54bfee8d9ce@group-EF7FE1329C44-SegmentedRaftLog:OPENED:c-1,f-1,i0, conf=-1: [], old=null STARTING
2021-10-10 13:47:20,534 [Command processor thread] INFO  server.RaftServer$Division (RaftServerImpl.java:lambda$close$4(407)) - 9f3dcedd-2157-4ae4-b723-f54bfee8d9ce@group-EF7FE1329C44: shutdown
2021-10-10 13:47:20,534 [Command processor thread] INFO  util.JmxRegister (JmxRegister.java:unregister(73)) - Successfully un-registered JMX Bean with object name Ratis:service=RaftServer,group=group-EF7FE1329C44,id=9f3dcedd-2157-4ae4-b723-f54bfee8d9ce
2021-10-10 13:47:20,534 [Command processor thread] INFO  impl.StateMachineUpdater (StateMachineUpdater.java:stopAndJoin(149)) - 9f3dcedd-2157-4ae4-b723-f54bfee8d9ce@group-EF7FE1329C44-StateMachineUpdater: set stopIndex = -1
2021-10-10 13:47:20,542 [Datanode State Machine Thread - 0] WARN  statemachine.StateContext (StateContext.java:execute(621)) - No available thread in pool for past 1 seconds.
2021-10-10 13:47:20,559 [Command processor thread] INFO  server.RaftServer$Division (ServerState.java:close(419)) - 9f3dcedd-2157-4ae4-b723-f54bfee8d9ce@group-EF7FE1329C44: closes. applyIndex: -1
2021-10-10 13:47:20,559 [9f3dcedd-2157-4ae4-b723-f54bfee8d9ce@group-EF7FE1329C44-SegmentedRaftLogWorker] INFO  segmented.SegmentedRaftLogWorker (SegmentedRaftLogWorker.java:run(327)) - 9f3dcedd-2157-4ae4-b723-f54bfee8d9ce@group-EF7FE1329C44-SegmentedRaftLogWorker was interrupted, exiting. There are 0 tasks remaining in the queue.
2021-10-10 13:47:20,559 [Command processor thread] INFO  segmented.SegmentedRaftLogWorker (SegmentedRaftLogWorker.java:close(237)) - 9f3dcedd-2157-4ae4-b723-f54bfee8d9ce@group-EF7FE1329C44-SegmentedRaftLogWorker close()
2021-10-10 13:47:20,565 [Command processor thread] INFO  server.RaftServer$Division (RaftServerImpl.java:groupRemove(377)) - 9f3dcedd-2157-4ae4-b723-f54bfee8d9ce@group-EF7FE1329C44: Succeed to remove RaftStorageDirectory Storage Directory /home/runner/work/ozone/ozone/hadoop-ozone/integration-test/target/test-dir/MiniOzoneClusterImpl-0f145d0e-b24d-4882-976e-a7baa8a64dfe/datanode-4/data/ratis/d81155ad-7afe-4ff1-840a-ef7fe1329c44
2021-10-10 13:47:20,565 [Command processor thread] INFO  commandhandler.ClosePipelineCommandHandler (ClosePipelineCommandHandler.java:handle(78)) - Close Pipeline PipelineID=d81155ad-7afe-4ff1-840a-ef7fe1329c44 command on datanode 9f3dcedd-2157-4ae4-b723-f54bfee8d9ce.
2021-10-10 13:47:20,565 [Command processor thread] INFO  server.RaftServer (RaftServerProxy.java:remove(106)) - 9f3dcedd-2157-4ae4-b723-f54bfee8d9ce: remove  FOLLOWER 9f3dcedd-2157-4ae4-b723-f54bfee8d9ce@group-7DFFF592C791:t1, leader=null, voted=9f3dcedd-2157-4ae4-b723-f54bfee8d9ce, raftlog=9f3dcedd-2157-4ae4-b723-f54bfee8d9ce@group-7DFFF592C791-SegmentedRaftLog:OPENED:c11,f11,i11, conf=0: [9f3dcedd-2157-4ae4-b723-f54bfee8d9ce|rpc:10.1.0.17:40315|dataStream:|priority:1], old=null RUNNING
2021-10-10 13:47:20,566 [Command processor thread] INFO  server.RaftServer$Division (RaftServerImpl.java:lambda$close$4(407)) - 9f3dcedd-2157-4ae4-b723-f54bfee8d9ce@group-7DFFF592C791: shutdown
2021-10-10 13:47:20,566 [Command processor thread] INFO  util.JmxRegister (JmxRegister.java:unregister(73)) - Successfully un-registered JMX Bean with object name Ratis:service=RaftServer,group=group-7DFFF592C791,id=9f3dcedd-2157-4ae4-b723-f54bfee8d9ce
2021-10-10 13:47:20,566 [Command processor thread] INFO  impl.RoleInfo (RoleInfo.java:shutdownFollowerState(108)) - 9f3dcedd-2157-4ae4-b723-f54bfee8d9ce: shutdown 9f3dcedd-2157-4ae4-b723-f54bfee8d9ce@group-7DFFF592C791-FollowerState
2021-10-10 13:47:20,566 [Command processor thread] INFO  impl.StateMachineUpdater (StateMachineUpdater.java:stopAndJoin(149)) - 9f3dcedd-2157-4ae4-b723-f54bfee8d9ce@group-7DFFF592C791-StateMachineUpdater: set stopIndex = 11
2021-10-10 13:47:20,572 [9f3dcedd-2157-4ae4-b723-f54bfee8d9ce@group-7DFFF592C791-FollowerState] INFO  impl.FollowerState (FollowerState.java:run(143)) - 9f3dcedd-2157-4ae4-b723-f54bfee8d9ce@group-7DFFF592C791-FollowerState was interrupted: {}
java.lang.InterruptedException: sleep interrupted
	at java.lang.Thread.sleep(Native Method)
	at java.lang.Thread.sleep(Thread.java:340)
	at java.util.concurrent.TimeUnit.sleep(TimeUnit.java:386)
	at org.apache.ratis.util.TimeDuration.sleep(TimeDuration.java:324)
	at org.apache.ratis.util.TimeDuration.sleep(TimeDuration.java:309)
	at org.apache.ratis.server.impl.FollowerState.run(FollowerState.java:118)
2021-10-10 13:47:20,573 [Command processor thread] INFO  server.RaftServer$Division (ServerState.java:close(419)) - 9f3dcedd-2157-4ae4-b723-f54bfee8d9ce@group-7DFFF592C791: closes. applyIndex: 11
2021-10-10 13:47:20,573 [9f3dcedd-2157-4ae4-b723-f54bfee8d9ce@group-7DFFF592C791-SegmentedRaftLogWorker] INFO  segmented.SegmentedRaftLogWorker (SegmentedRaftLogWorker.java:run(327)) - 9f3dcedd-2157-4ae4-b723-f54bfee8d9ce@group-7DFFF592C791-SegmentedRaftLogWorker was interrupted, exiting. There are 0 tasks remaining in the queue.
2021-10-10 13:47:20,574 [Command processor thread] INFO  segmented.SegmentedRaftLogWorker (SegmentedRaftLogWorker.java:close(237)) - 9f3dcedd-2157-4ae4-b723-f54bfee8d9ce@group-7DFFF592C791-SegmentedRaftLogWorker close()
2021-10-10 13:47:20,580 [Command processor thread] INFO  keyvalue.KeyValueContainer (KeyValueContainer.java:flushAndSyncDB(397)) - Container 1 is synced with bcsId 9.
2021-10-10 13:47:20,580 [Command processor thread] INFO  keyvalue.KeyValueContainer (KeyValueContainer.java:flushAndSyncDB(397)) - Container 1 is synced with bcsId 9.
2021-10-10 13:47:20,615 [EventQueue-IncrementalContainerReportForIncrementalContainerReportHandler] INFO  container.IncrementalContainerReportHandler (AbstractContainerReportHandler.java:updateContainerState(216)) - Moving container #1 to QUASI_CLOSED state, datanode 9f3dcedd-2157-4ae4-b723-f54bfee8d9ce{ip: 10.1.0.17, host: fv-az291-460.wgnan5asplgejimfprtllbpdch.jx.internal.cloudapp.net, ports: [REPLICATION=34857, RATIS=40315, RATIS_ADMIN=40315, RATIS_SERVER=40315, STANDALONE=44597], networkLocation: /default-rack, certSerialId: null, persistedOpState: IN_SERVICE, persistedOpStateExpiryEpochSec: 0} reported QUASI_CLOSED replica.
2021-10-10 13:47:20,626 [Command processor thread] INFO  server.RaftServer$Division (RaftServerImpl.java:groupRemove(377)) - 9f3dcedd-2157-4ae4-b723-f54bfee8d9ce@group-7DFFF592C791: Succeed to remove RaftStorageDirectory Storage Directory /home/runner/work/ozone/ozone/hadoop-ozone/integration-test/target/test-dir/MiniOzoneClusterImpl-0f145d0e-b24d-4882-976e-a7baa8a64dfe/datanode-4/data/ratis/8bf488a0-0968-47a6-ae95-7dfff592c791
2021-10-10 13:47:20,626 [Command processor thread] INFO  commandhandler.ClosePipelineCommandHandler (ClosePipelineCommandHandler.java:handle(78)) - Close Pipeline PipelineID=8bf488a0-0968-47a6-ae95-7dfff592c791 command on datanode 9f3dcedd-2157-4ae4-b723-f54bfee8d9ce.
2021-10-10 13:47:20,626 [Command processor thread] INFO  server.RaftServer (RaftServerProxy.java:remove(106)) - 9f3dcedd-2157-4ae4-b723-f54bfee8d9ce: remove  FOLLOWER 9f3dcedd-2157-4ae4-b723-f54bfee8d9ce@group-F3E1136D39A0:t1, leader=null, voted=1d4e4b2f-e6a0-4223-b62b-246b29415176, raftlog=9f3dcedd-2157-4ae4-b723-f54bfee8d9ce@group-F3E1136D39A0-SegmentedRaftLog:OPENED:c0,f0,i0, conf=0: [2432123a-b439-42d5-83b4-1981f0fa2384|rpc:10.1.0.17:39429|dataStream:|priority:0, 1d4e4b2f-e6a0-4223-b62b-246b29415176|rpc:10.1.0.17:44219|dataStream:|priority:1, 9f3dcedd-2157-4ae4-b723-f54bfee8d9ce|rpc:10.1.0.17:40315|dataStream:|priority:0], old=null RUNNING
2021-10-10 13:47:20,626 [Command processor thread] INFO  server.RaftServer$Division (RaftServerImpl.java:lambda$close$4(407)) - 9f3dcedd-2157-4ae4-b723-f54bfee8d9ce@group-F3E1136D39A0: shutdown
2021-10-10 13:47:20,626 [Command processor thread] INFO  util.JmxRegister (JmxRegister.java:unregister(73)) - Successfully un-registered JMX Bean with object name Ratis:service=RaftServer,group=group-F3E1136D39A0,id=9f3dcedd-2157-4ae4-b723-f54bfee8d9ce
2021-10-10 13:47:20,626 [Command processor thread] INFO  impl.RoleInfo (RoleInfo.java:shutdownFollowerState(108)) - 9f3dcedd-2157-4ae4-b723-f54bfee8d9ce: shutdown 9f3dcedd-2157-4ae4-b723-f54bfee8d9ce@group-F3E1136D39A0-FollowerState
2021-10-10 13:47:20,627 [9f3dcedd-2157-4ae4-b723-f54bfee8d9ce@group-F3E1136D39A0-FollowerState] INFO  impl.FollowerState (FollowerState.java:run(143)) - 9f3dcedd-2157-4ae4-b723-f54bfee8d9ce@group-F3E1136D39A0-FollowerState was interrupted: {}
java.lang.InterruptedException: sleep interrupted
	at java.lang.Thread.sleep(Native Method)
	at java.lang.Thread.sleep(Thread.java:340)
	at java.util.concurrent.TimeUnit.sleep(TimeUnit.java:386)
	at org.apache.ratis.util.TimeDuration.sleep(TimeDuration.java:324)
	at org.apache.ratis.util.TimeDuration.sleep(TimeDuration.java:309)
	at org.apache.ratis.server.impl.FollowerState.run(FollowerState.java:118)
2021-10-10 13:47:20,627 [Command processor thread] INFO  impl.StateMachineUpdater (StateMachineUpdater.java:stopAndJoin(149)) - 9f3dcedd-2157-4ae4-b723-f54bfee8d9ce@group-F3E1136D39A0-StateMachineUpdater: set stopIndex = 0
2021-10-10 13:47:20,660 [Listener at 127.0.0.1/44821] INFO  ozone.MiniOzoneClusterImpl (MiniOzoneClusterImpl.java:shutdown(453)) - Shutting down the Mini Ozone Cluster
2021-10-10 13:47:20,667 [Listener at 127.0.0.1/44821] INFO  ozone.MiniOzoneClusterImpl (MiniOzoneClusterImpl.java:stop(468)) - Stopping the Mini Ozone Cluster
2021-10-10 13:47:20,667 [Listener at 127.0.0.1/44821] INFO  ozone.MiniOzoneClusterImpl (MiniOzoneClusterImpl.java:stopOM(550)) - Stopping the OzoneManager
2021-10-10 13:47:20,667 [Listener at 127.0.0.1/44821] INFO  om.OzoneManager (OzoneManager.java:stop(1664)) - Stopping Ozone Manager
2021-10-10 13:47:20,667 [Command processor thread] INFO  server.RaftServer$Division (ServerState.java:close(419)) - 9f3dcedd-2157-4ae4-b723-f54bfee8d9ce@group-F3E1136D39A0: closes. applyIndex: 0
2021-10-10 13:47:20,679 [Listener at 127.0.0.1/44821] INFO  ipc.Server (Server.java:stop(3414)) - Stopping server on 44821
2021-10-10 13:47:20,720 [9f3dcedd-2157-4ae4-b723-f54bfee8d9ce@group-F3E1136D39A0-SegmentedRaftLogWorker] INFO  segmented.SegmentedRaftLogWorker (SegmentedRaftLogWorker.java:run(327)) - 9f3dcedd-2157-4ae4-b723-f54bfee8d9ce@group-F3E1136D39A0-SegmentedRaftLogWorker was interrupted, exiting. There are 0 tasks remaining in the queue.
2021-10-10 13:47:20,751 [Command processor thread] INFO  segmented.SegmentedRaftLogWorker (SegmentedRaftLogWorker.java:close(237)) - 9f3dcedd-2157-4ae4-b723-f54bfee8d9ce@group-F3E1136D39A0-SegmentedRaftLogWorker close()
2021-10-10 13:47:20,751 [IPC Server listener on 0] INFO  ipc.Server (Server.java:run(1376)) - Stopping IPC Server listener on 0
2021-10-10 13:47:20,753 [Command processor thread] INFO  server.RaftServer$Division (RaftServerImpl.java:groupRemove(377)) - 9f3dcedd-2157-4ae4-b723-f54bfee8d9ce@group-F3E1136D39A0: Succeed to remove RaftStorageDirectory Storage Directory /home/runner/work/ozone/ozone/hadoop-ozone/integration-test/target/test-dir/MiniOzoneClusterImpl-0f145d0e-b24d-4882-976e-a7baa8a64dfe/datanode-4/data/ratis/16a067cd-1683-4cd8-a695-f3e1136d39a0
2021-10-10 13:47:20,753 [Command processor thread] INFO  commandhandler.ClosePipelineCommandHandler (ClosePipelineCommandHandler.java:handle(78)) - Close Pipeline PipelineID=16a067cd-1683-4cd8-a695-f3e1136d39a0 command on datanode 9f3dcedd-2157-4ae4-b723-f54bfee8d9ce.
2021-10-10 13:47:20,754 [Command processor thread] INFO  server.RaftServer (RaftServerProxy.java:addNew(95)) - 9f3dcedd-2157-4ae4-b723-f54bfee8d9ce: addNew group-10DC44BAC609:[9f3dcedd-2157-4ae4-b723-f54bfee8d9ce|rpc:10.1.0.17:40315|priority:1] returns group-10DC44BAC609:java.util.concurrent.CompletableFuture@735709cb[Not completed]
2021-10-10 13:47:20,755 [pool-671-thread-1] INFO  server.RaftServer$Division (RaftServerImpl.java:<init>(181)) - 9f3dcedd-2157-4ae4-b723-f54bfee8d9ce: new RaftServerImpl for group-10DC44BAC609:[9f3dcedd-2157-4ae4-b723-f54bfee8d9ce|rpc:10.1.0.17:40315|priority:1] with ContainerStateMachine:uninitialized
2021-10-10 13:47:20,755 [pool-671-thread-1] INFO  server.RaftServerConfigKeys (ConfUtils.java:logGet(44)) - raft.server.rpc.timeout.min = 5s (custom)
2021-10-10 13:47:20,755 [pool-671-thread-1] INFO  server.RaftServerConfigKeys (ConfUtils.java:logGet(44)) - raft.server.rpc.timeout.max = 5200ms (custom)
2021-10-10 13:47:20,755 [pool-671-thread-1] INFO  server.RaftServerConfigKeys (ConfUtils.java:logGet(44)) - raft.server.rpc.sleep.time = 25ms (default)
2021-10-10 13:47:20,755 [pool-671-thread-1] INFO  server.RaftServerConfigKeys (ConfUtils.java:logGet(44)) - raft.server.rpc.slowness.timeout = 300000ms (custom)
2021-10-10 13:47:20,755 [pool-671-thread-1] INFO  server.RaftServerConfigKeys (ConfUtils.java:logGet(44)) - raft.server.leaderelection.leader.step-down.wait-time = 10s (default)
2021-10-10 13:47:20,755 [pool-671-thread-1] INFO  server.RaftServerConfigKeys (ConfUtils.java:logGet(44)) - raft.server.sleep.deviation.threshold = 300ms (default)
2021-10-10 13:47:20,755 [pool-671-thread-1] INFO  server.RaftServerConfigKeys (ConfUtils.java:logGet(44)) - raft.server.log.appender.install.snapshot.enabled = false (custom)
2021-10-10 13:47:20,755 [pool-671-thread-1] INFO  server.RaftServer$Division (ServerState.java:<init>(105)) - 9f3dcedd-2157-4ae4-b723-f54bfee8d9ce@group-10DC44BAC609: ConfigurationManager, init=-1: [9f3dcedd-2157-4ae4-b723-f54bfee8d9ce|rpc:10.1.0.17:40315|priority:1], old=null, confs=<EMPTY_MAP>
2021-10-10 13:47:20,755 [pool-671-thread-1] INFO  server.RaftServerConfigKeys (ConfUtils.java:logGet(44)) - raft.server.storage.dir = [/home/runner/work/ozone/ozone/hadoop-ozone/integration-test/target/test-dir/MiniOzoneClusterImpl-0f145d0e-b24d-4882-976e-a7baa8a64dfe/datanode-4/data/ratis] (custom)
2021-10-10 13:47:20,755 [pool-671-thread-1] INFO  server.RaftServerConfigKeys (ConfUtils.java:logGet(44)) - raft.server.log.corruption.policy = EXCEPTION (default)
2021-10-10 13:47:20,775 [pool-671-thread-1] INFO  server.RaftServerConfigKeys (ConfUtils.java:logGet(44)) - raft.server.storage.free-space.min = 0MB (=0) (default)
2021-10-10 13:47:20,776 [pool-671-thread-1] INFO  storage.RaftStorageDirectory (RaftStorageDirectoryImpl.java:analyzeStorage(135)) - The storage directory /home/runner/work/ozone/ozone/hadoop-ozone/integration-test/target/test-dir/MiniOzoneClusterImpl-0f145d0e-b24d-4882-976e-a7baa8a64dfe/datanode-4/data/ratis/b7acb8bc-ac66-4653-8023-10dc44bac609 does not exist. Creating ...
2021-10-10 13:47:20,759 [IPC Server Responder] INFO  ipc.Server (Server.java:run(1512)) - Stopping IPC Server Responder
2021-10-10 13:47:20,759 [Listener at 127.0.0.1/44821] INFO  server.RaftServer (RaftServerProxy.java:lambda$close$6(391)) - om1: close
2021-10-10 13:47:20,776 [Listener at 127.0.0.1/44821] INFO  server.RaftServer$Division (RaftServerImpl.java:lambda$close$4(407)) - om1@group-C5BA1605619E: shutdown
2021-10-10 13:47:20,776 [Listener at 127.0.0.1/44821] INFO  util.JmxRegister (JmxRegister.java:unregister(73)) - Successfully un-registered JMX Bean with object name Ratis:service=RaftServer,group=group-C5BA1605619E,id=om1
2021-10-10 13:47:20,776 [Listener at 127.0.0.1/44821] INFO  impl.RoleInfo (RoleInfo.java:shutdownLeaderState(91)) - om1: shutdown om1@group-C5BA1605619E-LeaderStateImpl
2021-10-10 13:47:20,776 [Listener at 127.0.0.1/44821] INFO  impl.PendingRequests (PendingRequests.java:sendNotLeaderResponses(282)) - om1@group-C5BA1605619E-PendingRequests: sendNotLeaderResponses
2021-10-10 13:47:20,785 [pool-671-thread-1] INFO  storage.RaftStorageDirectory (RaftStorageDirectoryImpl.java:tryLock(230)) - Lock on /home/runner/work/ozone/ozone/hadoop-ozone/integration-test/target/test-dir/MiniOzoneClusterImpl-0f145d0e-b24d-4882-976e-a7baa8a64dfe/datanode-4/data/ratis/b7acb8bc-ac66-4653-8023-10dc44bac609/in_use.lock acquired by nodename 4979@fv-az291-460
2021-10-10 13:47:20,787 [Listener at 127.0.0.1/44821] INFO  impl.StateMachineUpdater (StateMachineUpdater.java:stopAndJoin(149)) - om1@group-C5BA1605619E-StateMachineUpdater: set stopIndex = 10
2021-10-10 13:47:20,787 [om1@group-C5BA1605619E-StateMachineUpdater] INFO  ratis.OzoneManagerStateMachine (OzoneManagerStateMachine.java:takeSnapshot(417)) - Current Snapshot Index (t:1, i:10)
2021-10-10 13:47:20,788 [om1@group-C5BA1605619E-StateMachineUpdater] INFO  impl.StateMachineUpdater (StateMachineUpdater.java:takeSnapshot(281)) - om1@group-C5BA1605619E-StateMachineUpdater: Took a snapshot at index 10
2021-10-10 13:47:20,788 [om1@group-C5BA1605619E-StateMachineUpdater] INFO  impl.StateMachineUpdater (StateMachineUpdater.java:lambda$new$0(89)) - om1@group-C5BA1605619E-StateMachineUpdater: snapshotIndex: updateIncreasingly -1 -> 10
2021-10-10 13:47:20,788 [om1@group-C5BA1605619E-StateMachineUpdater] INFO  ratis.OzoneManagerStateMachine (OzoneManagerStateMachine.java:close(471)) - StateMachine has shutdown. Shutdown OzoneManager if not already shutdown.
2021-10-10 13:47:20,788 [Listener at 127.0.0.1/44821] INFO  server.RaftServer$Division (ServerState.java:close(419)) - om1@group-C5BA1605619E: closes. applyIndex: 10
2021-10-10 13:47:20,790 [om1@group-C5BA1605619E-SegmentedRaftLogWorker] INFO  segmented.SegmentedRaftLogWorker (SegmentedRaftLogWorker.java:run(327)) - om1@group-C5BA1605619E-SegmentedRaftLogWorker was interrupted, exiting. There are 0 tasks remaining in the queue.
2021-10-10 13:47:20,793 [Listener at 127.0.0.1/44821] INFO  segmented.SegmentedRaftLogWorker (SegmentedRaftLogWorker.java:close(237)) - om1@group-C5BA1605619E-SegmentedRaftLogWorker close()
2021-10-10 13:47:20,795 [Listener at 127.0.0.1/44821] INFO  server.GrpcService (GrpcService.java:closeImpl(262)) - om1: shutdown server with port 9872 now
2021-10-10 13:47:20,802 [Listener at 127.0.0.1/44821] INFO  server.GrpcService (GrpcService.java:closeImpl(271)) - om1: shutdown server with port 9872 successfully
2021-10-10 13:47:20,803 [org.apache.ratis.util.JvmPauseMonitor$$Lambda$532/897771948@7064e77d] INFO  util.JvmPauseMonitor (JvmPauseMonitor.java:run(109)) - JvmPauseMonitor-om1: Stopped
2021-10-10 13:47:20,803 [Listener at 127.0.0.1/44821] INFO  ratis.OzoneManagerDoubleBuffer (OzoneManagerDoubleBuffer.java:stop(437)) - Stopping OMDoubleBuffer flush thread
2021-10-10 13:47:20,804 [pool-671-thread-1] INFO  storage.RaftStorage (RaftStorageImpl.java:format(89)) - Storage directory /home/runner/work/ozone/ozone/hadoop-ozone/integration-test/target/test-dir/MiniOzoneClusterImpl-0f145d0e-b24d-4882-976e-a7baa8a64dfe/datanode-4/data/ratis/b7acb8bc-ac66-4653-8023-10dc44bac609 has been successfully formatted.
2021-10-10 13:47:20,804 [pool-671-thread-1] INFO  ratis.ContainerStateMachine (ContainerStateMachine.java:loadSnapshot(224)) - group-10DC44BAC609: The snapshot info is null. Setting the last applied indexto:(t:0, i:~)
2021-10-10 13:47:20,804 [pool-671-thread-1] INFO  server.RaftServerConfigKeys (ConfUtils.java:logGet(44)) - raft.server.notification.no-leader.timeout = 300000ms (custom)
2021-10-10 13:47:20,804 [pool-671-thread-1] INFO  server.RaftServerConfigKeys (ConfUtils.java:logGet(44)) - raft.server.log.use.memory = false (default)
2021-10-10 13:47:20,804 [pool-671-thread-1] INFO  server.RaftServerConfigKeys (ConfUtils.java:logGet(44)) - raft.server.log.purge.gap = 1000000 (custom)
2021-10-10 13:47:20,804 [pool-671-thread-1] INFO  server.RaftServerConfigKeys (ConfUtils.java:logGet(44)) - raft.server.log.appender.buffer.byte-limit = 33554432 (custom)
2021-10-10 13:47:20,805 [pool-671-thread-1] INFO  server.RaftServerConfigKeys (ConfUtils.java:logGet(44)) - raft.server.log.segment.size.max = 1048576 (custom)
2021-10-10 13:47:20,805 [pool-671-thread-1] INFO  server.RaftServerConfigKeys (ConfUtils.java:logGet(44)) - raft.server.log.segment.cache.num.max = 2 (custom)
2021-10-10 13:47:20,805 [pool-671-thread-1] INFO  server.RaftServerConfigKeys (ConfUtils.java:logGet(44)) - raft.server.log.segment.cache.size.max = 200MB (=209715200) (default)
2021-10-10 13:47:20,805 [pool-671-thread-1] INFO  segmented.SegmentedRaftLogWorker (SegmentedRaftLogWorker.java:<init>(182)) - new 9f3dcedd-2157-4ae4-b723-f54bfee8d9ce@group-10DC44BAC609-SegmentedRaftLogWorker for RaftStorageImpl:Storage Directory /home/runner/work/ozone/ozone/hadoop-ozone/integration-test/target/test-dir/MiniOzoneClusterImpl-0f145d0e-b24d-4882-976e-a7baa8a64dfe/datanode-4/data/ratis/b7acb8bc-ac66-4653-8023-10dc44bac609
2021-10-10 13:47:20,805 [pool-671-thread-1] INFO  server.RaftServerConfigKeys (ConfUtils.java:logGet(44)) - raft.server.log.queue.byte-limit = 2147483647 (custom)
2021-10-10 13:47:20,805 [pool-671-thread-1] INFO  server.RaftServerConfigKeys (ConfUtils.java:logGet(44)) - raft.server.log.queue.element-limit = 1024 (custom)
2021-10-10 13:47:20,805 [pool-671-thread-1] INFO  server.RaftServerConfigKeys (ConfUtils.java:logGet(44)) - raft.server.log.segment.size.max = 1048576 (custom)
2021-10-10 13:47:20,805 [pool-671-thread-1] INFO  server.RaftServerConfigKeys (ConfUtils.java:logGet(44)) - raft.server.log.preallocated.size = 16384 (custom)
2021-10-10 13:47:20,805 [pool-671-thread-1] INFO  server.RaftServerConfigKeys (ConfUtils.java:logGet(44)) - raft.server.log.force.sync.num = 128 (default)
2021-10-10 13:47:20,805 [pool-671-thread-1] INFO  server.RaftServerConfigKeys (ConfUtils.java:logGet(44)) - raft.server.log.statemachine.data.sync = true (default)
2021-10-10 13:47:20,805 [pool-671-thread-1] INFO  server.RaftServerConfigKeys (ConfUtils.java:logGet(44)) - raft.server.log.statemachine.data.sync.timeout = 10s (default)
2021-10-10 13:47:20,805 [pool-671-thread-1] INFO  server.RaftServerConfigKeys (ConfUtils.java:logGet(44)) - raft.server.log.statemachine.data.sync.timeout.retry = -1 (default)
2021-10-10 13:47:20,806 [pool-671-thread-1] INFO  server.RaftServerConfigKeys (ConfUtils.java:logGet(44)) - raft.server.log.write.buffer.size = 1048576 (custom)
2021-10-10 13:47:20,807 [pool-671-thread-1] INFO  server.RaftServerConfigKeys (ConfUtils.java:logGet(44)) - raft.server.log.statemachine.data.caching.enabled = true (custom)
2021-10-10 13:47:20,809 [Datanode State Machine Thread - 0] WARN  statemachine.StateContext (StateContext.java:execute(621)) - No available thread in pool for past 1 seconds.
2021-10-10 13:47:20,810 [EventQueue-PipelineReportForPipelineReportHandler] INFO  pipeline.PipelineManagerImpl (PipelineManagerImpl.java:openPipeline(282)) - Pipeline Pipeline[ Id: b7acb8bc-ac66-4653-8023-10dc44bac609, Nodes: 9f3dcedd-2157-4ae4-b723-f54bfee8d9ce{ip: 10.1.0.17, host: fv-az291-460.wgnan5asplgejimfprtllbpdch.jx.internal.cloudapp.net, ports: [REPLICATION=34857, RATIS=40315, RATIS_ADMIN=40315, RATIS_SERVER=40315, STANDALONE=44597], networkLocation: /default-rack, certSerialId: null, persistedOpState: IN_SERVICE, persistedOpStateExpiryEpochSec: 0}, ReplicationConfig: RATIS/ONE, State:ALLOCATED, leaderId:9f3dcedd-2157-4ae4-b723-f54bfee8d9ce, CreationTimestamp2021-10-10T13:47:19.695Z[Etc/UTC]] moved to OPEN state
2021-10-10 13:47:20,815 [pool-671-thread-1] INFO  segmented.SegmentedRaftLogWorker (SegmentedRaftLogWorker.java:lambda$new$0(133)) - 9f3dcedd-2157-4ae4-b723-f54bfee8d9ce@group-10DC44BAC609-SegmentedRaftLogWorker: flushIndex: setUnconditionally 0 -> -1
2021-10-10 13:47:20,815 [pool-671-thread-1] INFO  segmented.SegmentedRaftLogWorker (SegmentedRaftLogWorker.java:lambda$new$0(133)) - 9f3dcedd-2157-4ae4-b723-f54bfee8d9ce@group-10DC44BAC609-SegmentedRaftLogWorker: safeCacheEvictIndex: setUnconditionally 0 -> -1
2021-10-10 13:47:20,816 [OMDoubleBufferFlushThread] INFO  ratis.OzoneManagerDoubleBuffer (OzoneManagerDoubleBuffer.java:flushTransactions(356)) - OMDoubleBuffer flush thread OMDoubleBufferFlushThread is interrupted and will exit. OMDoubleBufferFlushThread
2021-10-10 13:47:20,823 [pool-671-thread-1] INFO  server.RaftServerConfigKeys (ConfUtils.java:logGet(44)) - raft.server.snapshot.auto.trigger.enabled = true (custom)
2021-10-10 13:47:20,824 [pool-671-thread-1] INFO  server.RaftServerConfigKeys (ConfUtils.java:logGet(44)) - raft.server.snapshot.auto.trigger.threshold = 10000 (custom)
2021-10-10 13:47:20,824 [pool-671-thread-1] INFO  server.RaftServerConfigKeys (ConfUtils.java:logGet(44)) - raft.server.snapshot.retention.file.num = 5 (custom)
2021-10-10 13:47:20,824 [pool-671-thread-1] INFO  server.RaftServerConfigKeys (ConfUtils.java:logGet(44)) - raft.server.log.purge.upto.snapshot.index = false (default)
2021-10-10 13:47:20,825 [pool-671-thread-1] INFO  server.RaftServerConfigKeys (ConfUtils.java:logGet(44)) - raft.server.retrycache.expirytime = 600000ms (custom)
2021-10-10 13:47:20,825 [pool-671-thread-1] INFO  server.RaftServerConfigKeys (ConfUtils.java:logGet(44)) - raft.server.retrycache.statistics.expirytime = 100μs (default)
2021-10-10 13:47:20,826 [pool-671-thread-1] INFO  server.RaftServer$Division (RaftServerImpl.java:start(296)) - 9f3dcedd-2157-4ae4-b723-f54bfee8d9ce@group-10DC44BAC609: start as a follower, conf=-1: [9f3dcedd-2157-4ae4-b723-f54bfee8d9ce|rpc:10.1.0.17:40315|priority:1], old=null
2021-10-10 13:47:20,826 [pool-671-thread-1] INFO  server.RaftServer$Division (RaftServerImpl.java:setRole(285)) - 9f3dcedd-2157-4ae4-b723-f54bfee8d9ce@group-10DC44BAC609: changes role from      null to FOLLOWER at term 0 for startAsFollower
2021-10-10 13:47:20,826 [pool-671-thread-1] INFO  impl.RoleInfo (RoleInfo.java:updateAndGet(130)) - 9f3dcedd-2157-4ae4-b723-f54bfee8d9ce: start 9f3dcedd-2157-4ae4-b723-f54bfee8d9ce@group-10DC44BAC609-FollowerState
2021-10-10 13:47:20,858 [pool-671-thread-1] INFO  util.JmxRegister (JmxRegister.java:tryRegister(44)) - Successfully registered JMX Bean with object name Ratis:service=RaftServer,group=group-10DC44BAC609,id=9f3dcedd-2157-4ae4-b723-f54bfee8d9ce
2021-10-10 13:47:20,860 [Command processor thread] INFO  ratis.XceiverServerRatis (XceiverServerRatis.java:addGroup(763)) - Created group PipelineID=b7acb8bc-ac66-4653-8023-10dc44bac609
2021-10-10 13:47:20,860 [Command processor thread] INFO  commandhandler.CreatePipelineCommandHandler (CreatePipelineCommandHandler.java:handle(106)) - Created Pipeline RATIS ONE PipelineID=b7acb8bc-ac66-4653-8023-10dc44bac609.
2021-10-10 13:47:20,860 [Command processor thread] INFO  server.RaftServer (RaftServerProxy.java:addNew(95)) - 9f3dcedd-2157-4ae4-b723-f54bfee8d9ce: addNew group-0CD1FD14ABDC:[1d4e4b2f-e6a0-4223-b62b-246b29415176|rpc:10.1.0.17:44219|priority:1, 9f3dcedd-2157-4ae4-b723-f54bfee8d9ce|rpc:10.1.0.17:40315|priority:0, e1b2127a-933c-4bfc-a8fa-edeeb9ccf213|rpc:10.1.0.17:33955|priority:0] returns group-0CD1FD14ABDC:java.util.concurrent.CompletableFuture@19b67358[Not completed]
2021-10-10 13:47:20,861 [pool-671-thread-1] INFO  server.RaftServer$Division (RaftServerImpl.java:<init>(181)) - 9f3dcedd-2157-4ae4-b723-f54bfee8d9ce: new RaftServerImpl for group-0CD1FD14ABDC:[1d4e4b2f-e6a0-4223-b62b-246b29415176|rpc:10.1.0.17:44219|priority:1, 9f3dcedd-2157-4ae4-b723-f54bfee8d9ce|rpc:10.1.0.17:40315|priority:0, e1b2127a-933c-4bfc-a8fa-edeeb9ccf213|rpc:10.1.0.17:33955|priority:0] with ContainerStateMachine:uninitialized
2021-10-10 13:47:20,861 [pool-671-thread-1] INFO  server.RaftServerConfigKeys (ConfUtils.java:logGet(44)) - raft.server.rpc.timeout.min = 5s (custom)
2021-10-10 13:47:20,861 [pool-671-thread-1] INFO  server.RaftServerConfigKeys (ConfUtils.java:logGet(44)) - raft.server.rpc.timeout.max = 5200ms (custom)
2021-10-10 13:47:20,861 [pool-671-thread-1] INFO  server.RaftServerConfigKeys (ConfUtils.java:logGet(44)) - raft.server.rpc.sleep.time = 25ms (default)
2021-10-10 13:47:20,861 [pool-671-thread-1] INFO  server.RaftServerConfigKeys (ConfUtils.java:logGet(44)) - raft.server.rpc.slowness.timeout = 300000ms (custom)
2021-10-10 13:47:20,861 [pool-671-thread-1] INFO  server.RaftServerConfigKeys (ConfUtils.java:logGet(44)) - raft.server.leaderelection.leader.step-down.wait-time = 10s (default)
2021-10-10 13:47:20,861 [pool-671-thread-1] INFO  server.RaftServerConfigKeys (ConfUtils.java:logGet(44)) - raft.server.sleep.deviation.threshold = 300ms (default)
2021-10-10 13:47:20,861 [pool-671-thread-1] INFO  server.RaftServerConfigKeys (ConfUtils.java:logGet(44)) - raft.server.log.appender.install.snapshot.enabled = false (custom)
2021-10-10 13:47:20,861 [pool-671-thread-1] INFO  server.RaftServer$Division (ServerState.java:<init>(105)) - 9f3dcedd-2157-4ae4-b723-f54bfee8d9ce@group-0CD1FD14ABDC: ConfigurationManager, init=-1: [1d4e4b2f-e6a0-4223-b62b-246b29415176|rpc:10.1.0.17:44219|priority:1, 9f3dcedd-2157-4ae4-b723-f54bfee8d9ce|rpc:10.1.0.17:40315|priority:0, e1b2127a-933c-4bfc-a8fa-edeeb9ccf213|rpc:10.1.0.17:33955|priority:0], old=null, confs=<EMPTY_MAP>
2021-10-10 13:47:20,861 [pool-671-thread-1] INFO  server.RaftServerConfigKeys (ConfUtils.java:logGet(44)) - raft.server.storage.dir = [/home/runner/work/ozone/ozone/hadoop-ozone/integration-test/target/test-dir/MiniOzoneClusterImpl-0f145d0e-b24d-4882-976e-a7baa8a64dfe/datanode-4/data/ratis] (custom)
2021-10-10 13:47:20,861 [pool-671-thread-1] INFO  server.RaftServerConfigKeys (ConfUtils.java:logGet(44)) - raft.server.log.corruption.policy = EXCEPTION (default)
2021-10-10 13:47:20,861 [pool-671-thread-1] INFO  server.RaftServerConfigKeys (ConfUtils.java:logGet(44)) - raft.server.storage.free-space.min = 0MB (=0) (default)
2021-10-10 13:47:20,861 [pool-671-thread-1] INFO  storage.RaftStorageDirectory (RaftStorageDirectoryImpl.java:analyzeStorage(135)) - The storage directory /home/runner/work/ozone/ozone/hadoop-ozone/integration-test/target/test-dir/MiniOzoneClusterImpl-0f145d0e-b24d-4882-976e-a7baa8a64dfe/datanode-4/data/ratis/5ec87732-cd3d-4223-b6cf-0cd1fd14abdc does not exist. Creating ...
2021-10-10 13:47:20,864 [Listener at 127.0.0.1/44821] INFO  utils.BackgroundService (BackgroundService.java:shutdown(132)) - Shutting down service KeyDeletingService
2021-10-10 13:47:20,865 [Listener at 127.0.0.1/44821] INFO  utils.BackgroundService (BackgroundService.java:shutdown(132)) - Shutting down service DirectoryDeletingService
2021-10-10 13:47:20,866 [Listener at 127.0.0.1/44821] INFO  handler.ContextHandler (ContextHandler.java:doStop(1153)) - Stopped o.e.j.w.WebAppContext@278563c5{ozoneManager,/,null,STOPPED}{file:/home/runner/work/ozone/ozone/hadoop-ozone/integration-test/target/test-classes/webapps/ozoneManager}
2021-10-10 13:47:20,868 [Listener at 127.0.0.1/44821] INFO  server.AbstractConnector (AbstractConnector.java:doStop(381)) - Stopped ServerConnector@58c30362{HTTP/1.1, (http/1.1)}{0.0.0.0:0}
2021-10-10 13:47:20,868 [Listener at 127.0.0.1/44821] INFO  server.session (HouseKeeper.java:stopScavenging(149)) - node0 Stopped scavenging
2021-10-10 13:47:20,868 [Listener at 127.0.0.1/44821] INFO  handler.ContextHandler (ContextHandler.java:doStop(1153)) - Stopped o.e.j.s.ServletContextHandler@6c7c927{static,/static,file:///home/runner/work/ozone/ozone/hadoop-ozone/integration-test/target/test-classes/webapps/static,STOPPED}
2021-10-10 13:47:20,869 [Listener at 127.0.0.1/44821] INFO  handler.ContextHandler (ContextHandler.java:doStop(1153)) - Stopped o.e.j.s.ServletContextHandler@31fc36f1{logs,/logs,file:///home/runner/work/ozone/ozone/hadoop-ozone/integration-test/target/log,STOPPED}
2021-10-10 13:47:20,919 [Command processor thread] INFO  server.RaftServer (RaftServerProxy.java:addNew(95)) - e1b2127a-933c-4bfc-a8fa-edeeb9ccf213: addNew group-644A06A5DE74:[2432123a-b439-42d5-83b4-1981f0fa2384|rpc:10.1.0.17:39429|priority:0, 1d4e4b2f-e6a0-4223-b62b-246b29415176|rpc:10.1.0.17:44219|priority:0, e1b2127a-933c-4bfc-a8fa-edeeb9ccf213|rpc:10.1.0.17:33955|priority:1] returns group-644A06A5DE74:java.util.concurrent.CompletableFuture@2eafe60c[Not completed]
2021-10-10 13:47:20,922 [pool-619-thread-1] INFO  server.RaftServer$Division (RaftServerImpl.java:<init>(181)) - e1b2127a-933c-4bfc-a8fa-edeeb9ccf213: new RaftServerImpl for group-644A06A5DE74:[2432123a-b439-42d5-83b4-1981f0fa2384|rpc:10.1.0.17:39429|priority:0, 1d4e4b2f-e6a0-4223-b62b-246b29415176|rpc:10.1.0.17:44219|priority:0, e1b2127a-933c-4bfc-a8fa-edeeb9ccf213|rpc:10.1.0.17:33955|priority:1] with ContainerStateMachine:uninitialized
2021-10-10 13:47:20,924 [pool-671-thread-1] INFO  storage.RaftStorageDirectory (RaftStorageDirectoryImpl.java:tryLock(230)) - Lock on /home/runner/work/ozone/ozone/hadoop-ozone/integration-test/target/test-dir/MiniOzoneClusterImpl-0f145d0e-b24d-4882-976e-a7baa8a64dfe/datanode-4/data/ratis/5ec87732-cd3d-4223-b6cf-0cd1fd14abdc/in_use.lock acquired by nodename 4979@fv-az291-460
2021-10-10 13:47:20,930 [pool-671-thread-1] INFO  storage.RaftStorage (RaftStorageImpl.java:format(89)) - Storage directory /home/runner/work/ozone/ozone/hadoop-ozone/integration-test/target/test-dir/MiniOzoneClusterImpl-0f145d0e-b24d-4882-976e-a7baa8a64dfe/datanode-4/data/ratis/5ec87732-cd3d-4223-b6cf-0cd1fd14abdc has been successfully formatted.
2021-10-10 13:47:20,930 [pool-671-thread-1] INFO  ratis.ContainerStateMachine (ContainerStateMachine.java:loadSnapshot(224)) - group-0CD1FD14ABDC: The snapshot info is null. Setting the last applied indexto:(t:0, i:~)
2021-10-10 13:47:20,930 [Datanode State Machine Thread - 0] WARN  statemachine.StateContext (StateContext.java:execute(621)) - No available thread in pool for past 1 seconds.
2021-10-10 13:47:20,930 [pool-671-thread-1] INFO  server.RaftServerConfigKeys (ConfUtils.java:logGet(44)) - raft.server.notification.no-leader.timeout = 300000ms (custom)
2021-10-10 13:47:20,930 [pool-671-thread-1] INFO  server.RaftServerConfigKeys (ConfUtils.java:logGet(44)) - raft.server.log.use.memory = false (default)
2021-10-10 13:47:20,930 [pool-671-thread-1] INFO  server.RaftServerConfigKeys (ConfUtils.java:logGet(44)) - raft.server.log.purge.gap = 1000000 (custom)
2021-10-10 13:47:20,930 [pool-671-thread-1] INFO  server.RaftServerConfigKeys (ConfUtils.java:logGet(44)) - raft.server.log.appender.buffer.byte-limit = 33554432 (custom)
2021-10-10 13:47:20,930 [pool-671-thread-1] INFO  server.RaftServerConfigKeys (ConfUtils.java:logGet(44)) - raft.server.log.segment.size.max = 1048576 (custom)
2021-10-10 13:47:20,931 [pool-671-thread-1] INFO  server.RaftServerConfigKeys (ConfUtils.java:logGet(44)) - raft.server.log.segment.cache.num.max = 2 (custom)
2021-10-10 13:47:20,931 [pool-671-thread-1] INFO  server.RaftServerConfigKeys (ConfUtils.java:logGet(44)) - raft.server.log.segment.cache.size.max = 200MB (=209715200) (default)
2021-10-10 13:47:20,931 [pool-671-thread-1] INFO  segmented.SegmentedRaftLogWorker (SegmentedRaftLogWorker.java:<init>(182)) - new 9f3dcedd-2157-4ae4-b723-f54bfee8d9ce@group-0CD1FD14ABDC-SegmentedRaftLogWorker for RaftStorageImpl:Storage Directory /home/runner/work/ozone/ozone/hadoop-ozone/integration-test/target/test-dir/MiniOzoneClusterImpl-0f145d0e-b24d-4882-976e-a7baa8a64dfe/datanode-4/data/ratis/5ec87732-cd3d-4223-b6cf-0cd1fd14abdc
2021-10-10 13:47:20,931 [pool-671-thread-1] INFO  server.RaftServerConfigKeys (ConfUtils.java:logGet(44)) - raft.server.log.queue.byte-limit = 2147483647 (custom)
2021-10-10 13:47:20,931 [pool-671-thread-1] INFO  server.RaftServerConfigKeys (ConfUtils.java:logGet(44)) - raft.server.log.queue.element-limit = 1024 (custom)
2021-10-10 13:47:20,931 [pool-671-thread-1] INFO  server.RaftServerConfigKeys (ConfUtils.java:logGet(44)) - raft.server.log.segment.size.max = 1048576 (custom)
2021-10-10 13:47:20,931 [pool-671-thread-1] INFO  server.RaftServerConfigKeys (ConfUtils.java:logGet(44)) - raft.server.log.preallocated.size = 16384 (custom)
2021-10-10 13:47:20,931 [pool-671-thread-1] INFO  server.RaftServerConfigKeys (ConfUtils.java:logGet(44)) - raft.server.log.force.sync.num = 128 (default)
2021-10-10 13:47:20,931 [pool-671-thread-1] INFO  server.RaftServerConfigKeys (ConfUtils.java:logGet(44)) - raft.server.log.statemachine.data.sync = true (default)
2021-10-10 13:47:20,931 [pool-671-thread-1] INFO  server.RaftServerConfigKeys (ConfUtils.java:logGet(44)) - raft.server.log.statemachine.data.sync.timeout = 10s (default)
2021-10-10 13:47:20,931 [pool-671-thread-1] INFO  server.RaftServerConfigKeys (ConfUtils.java:logGet(44)) - raft.server.log.statemachine.data.sync.timeout.retry = -1 (default)
2021-10-10 13:47:20,932 [pool-671-thread-1] INFO  server.RaftServerConfigKeys (ConfUtils.java:logGet(44)) - raft.server.log.write.buffer.size = 1048576 (custom)
2021-10-10 13:47:20,932 [pool-671-thread-1] INFO  server.RaftServerConfigKeys (ConfUtils.java:logGet(44)) - raft.server.log.statemachine.data.caching.enabled = true (custom)
2021-10-10 13:47:20,932 [pool-671-thread-1] INFO  segmented.SegmentedRaftLogWorker (SegmentedRaftLogWorker.java:lambda$new$0(133)) - 9f3dcedd-2157-4ae4-b723-f54bfee8d9ce@group-0CD1FD14ABDC-SegmentedRaftLogWorker: flushIndex: setUnconditionally 0 -> -1
2021-10-10 13:47:20,932 [pool-671-thread-1] INFO  segmented.SegmentedRaftLogWorker (SegmentedRaftLogWorker.java:lambda$new$0(133)) - 9f3dcedd-2157-4ae4-b723-f54bfee8d9ce@group-0CD1FD14ABDC-SegmentedRaftLogWorker: safeCacheEvictIndex: setUnconditionally 0 -> -1
2021-10-10 13:47:20,933 [Listener at 127.0.0.1/44821] INFO  ozone.MiniOzoneClusterImpl (MiniOzoneClusterImpl.java:stopDatanodes(527)) - Stopping the HddsDatanodes
2021-10-10 13:47:20,933 [pool-671-thread-1] INFO  server.RaftServerConfigKeys (ConfUtils.java:logGet(44)) - raft.server.snapshot.auto.trigger.enabled = true (custom)
2021-10-10 13:47:20,933 [pool-671-thread-1] INFO  server.RaftServerConfigKeys (ConfUtils.java:logGet(44)) - raft.server.snapshot.auto.trigger.threshold = 10000 (custom)
2021-10-10 13:47:20,933 [pool-671-thread-1] INFO  server.RaftServerConfigKeys (ConfUtils.java:logGet(44)) - raft.server.snapshot.retention.file.num = 5 (custom)
2021-10-10 13:47:20,933 [pool-671-thread-1] INFO  server.RaftServerConfigKeys (ConfUtils.java:logGet(44)) - raft.server.log.purge.upto.snapshot.index = false (default)
2021-10-10 13:47:20,933 [pool-671-thread-1] INFO  server.RaftServerConfigKeys (ConfUtils.java:logGet(44)) - raft.server.retrycache.expirytime = 600000ms (custom)
2021-10-10 13:47:20,933 [pool-671-thread-1] INFO  server.RaftServerConfigKeys (ConfUtils.java:logGet(44)) - raft.server.retrycache.statistics.expirytime = 100μs (default)
2021-10-10 13:47:20,935 [pool-619-thread-1] INFO  server.RaftServerConfigKeys (ConfUtils.java:logGet(44)) - raft.server.rpc.timeout.min = 5s (custom)
2021-10-10 13:47:20,942 [pool-619-thread-1] INFO  server.RaftServerConfigKeys (ConfUtils.java:logGet(44)) - raft.server.rpc.timeout.max = 5200ms (custom)
2021-10-10 13:47:20,942 [pool-619-thread-1] INFO  server.RaftServerConfigKeys (ConfUtils.java:logGet(44)) - raft.server.rpc.sleep.time = 25ms (default)
2021-10-10 13:47:20,942 [pool-619-thread-1] INFO  server.RaftServerConfigKeys (ConfUtils.java:logGet(44)) - raft.server.rpc.slowness.timeout = 300000ms (custom)
2021-10-10 13:47:20,942 [pool-619-thread-1] INFO  server.RaftServerConfigKeys (ConfUtils.java:logGet(44)) - raft.server.leaderelection.leader.step-down.wait-time = 10s (default)
2021-10-10 13:47:20,942 [pool-619-thread-1] INFO  server.RaftServerConfigKeys (ConfUtils.java:logGet(44)) - raft.server.sleep.deviation.threshold = 300ms (default)
2021-10-10 13:47:20,942 [pool-619-thread-1] INFO  server.RaftServerConfigKeys (ConfUtils.java:logGet(44)) - raft.server.log.appender.install.snapshot.enabled = false (custom)
2021-10-10 13:47:20,943 [pool-619-thread-1] INFO  server.RaftServer$Division (ServerState.java:<init>(105)) - e1b2127a-933c-4bfc-a8fa-edeeb9ccf213@group-644A06A5DE74: ConfigurationManager, init=-1: [2432123a-b439-42d5-83b4-1981f0fa2384|rpc:10.1.0.17:39429|priority:0, 1d4e4b2f-e6a0-4223-b62b-246b29415176|rpc:10.1.0.17:44219|priority:0, e1b2127a-933c-4bfc-a8fa-edeeb9ccf213|rpc:10.1.0.17:33955|priority:1], old=null, confs=<EMPTY_MAP>
2021-10-10 13:47:20,943 [pool-619-thread-1] INFO  server.RaftServerConfigKeys (ConfUtils.java:logGet(44)) - raft.server.storage.dir = [/home/runner/work/ozone/ozone/hadoop-ozone/integration-test/target/test-dir/MiniOzoneClusterImpl-0f145d0e-b24d-4882-976e-a7baa8a64dfe/datanode-6/data/ratis] (custom)
2021-10-10 13:47:20,943 [pool-619-thread-1] INFO  server.RaftServerConfigKeys (ConfUtils.java:logGet(44)) - raft.server.log.corruption.policy = EXCEPTION (default)
2021-10-10 13:47:20,943 [pool-619-thread-1] INFO  server.RaftServerConfigKeys (ConfUtils.java:logGet(44)) - raft.server.storage.free-space.min = 0MB (=0) (default)
2021-10-10 13:47:20,943 [pool-619-thread-1] INFO  storage.RaftStorageDirectory (RaftStorageDirectoryImpl.java:analyzeStorage(135)) - The storage directory /home/runner/work/ozone/ozone/hadoop-ozone/integration-test/target/test-dir/MiniOzoneClusterImpl-0f145d0e-b24d-4882-976e-a7baa8a64dfe/datanode-6/data/ratis/78ffa57c-9e25-44e6-b4ea-644a06a5de74 does not exist. Creating ...
2021-10-10 13:47:20,945 [pool-619-thread-1] INFO  storage.RaftStorageDirectory (RaftStorageDirectoryImpl.java:tryLock(230)) - Lock on /home/runner/work/ozone/ozone/hadoop-ozone/integration-test/target/test-dir/MiniOzoneClusterImpl-0f145d0e-b24d-4882-976e-a7baa8a64dfe/datanode-6/data/ratis/78ffa57c-9e25-44e6-b4ea-644a06a5de74/in_use.lock acquired by nodename 4979@fv-az291-460
2021-10-10 13:47:20,946 [pool-619-thread-1] INFO  storage.RaftStorage (RaftStorageImpl.java:format(89)) - Storage directory /home/runner/work/ozone/ozone/hadoop-ozone/integration-test/target/test-dir/MiniOzoneClusterImpl-0f145d0e-b24d-4882-976e-a7baa8a64dfe/datanode-6/data/ratis/78ffa57c-9e25-44e6-b4ea-644a06a5de74 has been successfully formatted.
2021-10-10 13:47:20,946 [pool-619-thread-1] INFO  ratis.ContainerStateMachine (ContainerStateMachine.java:loadSnapshot(224)) - group-644A06A5DE74: The snapshot info is null. Setting the last applied indexto:(t:0, i:~)
2021-10-10 13:47:20,947 [Datanode State Machine Thread - 0] WARN  statemachine.StateContext (StateContext.java:execute(621)) - No available thread in pool for past 1 seconds.
2021-10-10 13:47:20,947 [pool-619-thread-1] INFO  server.RaftServerConfigKeys (ConfUtils.java:logGet(44)) - raft.server.notification.no-leader.timeout = 300000ms (custom)
2021-10-10 13:47:20,947 [pool-619-thread-1] INFO  server.RaftServerConfigKeys (ConfUtils.java:logGet(44)) - raft.server.log.use.memory = false (default)
2021-10-10 13:47:20,947 [pool-619-thread-1] INFO  server.RaftServerConfigKeys (ConfUtils.java:logGet(44)) - raft.server.log.purge.gap = 1000000 (custom)
2021-10-10 13:47:20,947 [pool-619-thread-1] INFO  server.RaftServerConfigKeys (ConfUtils.java:logGet(44)) - raft.server.log.appender.buffer.byte-limit = 33554432 (custom)
2021-10-10 13:47:20,947 [pool-619-thread-1] INFO  server.RaftServerConfigKeys (ConfUtils.java:logGet(44)) - raft.server.log.segment.size.max = 1048576 (custom)
2021-10-10 13:47:20,954 [pool-619-thread-1] INFO  server.RaftServerConfigKeys (ConfUtils.java:logGet(44)) - raft.server.log.segment.cache.num.max = 2 (custom)
2021-10-10 13:47:20,954 [pool-619-thread-1] INFO  server.RaftServerConfigKeys (ConfUtils.java:logGet(44)) - raft.server.log.segment.cache.size.max = 200MB (=209715200) (default)
2021-10-10 13:47:20,954 [pool-619-thread-1] INFO  segmented.SegmentedRaftLogWorker (SegmentedRaftLogWorker.java:<init>(182)) - new e1b2127a-933c-4bfc-a8fa-edeeb9ccf213@group-644A06A5DE74-SegmentedRaftLogWorker for RaftStorageImpl:Storage Directory /home/runner/work/ozone/ozone/hadoop-ozone/integration-test/target/test-dir/MiniOzoneClusterImpl-0f145d0e-b24d-4882-976e-a7baa8a64dfe/datanode-6/data/ratis/78ffa57c-9e25-44e6-b4ea-644a06a5de74
2021-10-10 13:47:20,954 [pool-619-thread-1] INFO  server.RaftServerConfigKeys (ConfUtils.java:logGet(44)) - raft.server.log.queue.byte-limit = 2147483647 (custom)
2021-10-10 13:47:20,954 [pool-619-thread-1] INFO  server.RaftServerConfigKeys (ConfUtils.java:logGet(44)) - raft.server.log.queue.element-limit = 1024 (custom)
2021-10-10 13:47:20,954 [pool-619-thread-1] INFO  server.RaftServerConfigKeys (ConfUtils.java:logGet(44)) - raft.server.log.segment.size.max = 1048576 (custom)
2021-10-10 13:47:20,954 [pool-619-thread-1] INFO  server.RaftServerConfigKeys (ConfUtils.java:logGet(44)) - raft.server.log.preallocated.size = 16384 (custom)
2021-10-10 13:47:20,954 [pool-619-thread-1] INFO  server.RaftServerConfigKeys (ConfUtils.java:logGet(44)) - raft.server.log.force.sync.num = 128 (default)
2021-10-10 13:47:20,954 [pool-619-thread-1] INFO  server.RaftServerConfigKeys (ConfUtils.java:logGet(44)) - raft.server.log.statemachine.data.sync = true (default)
2021-10-10 13:47:20,954 [pool-619-thread-1] INFO  server.RaftServerConfigKeys (ConfUtils.java:logGet(44)) - raft.server.log.statemachine.data.sync.timeout = 10s (default)
2021-10-10 13:47:20,954 [pool-619-thread-1] INFO  server.RaftServerConfigKeys (ConfUtils.java:logGet(44)) - raft.server.log.statemachine.data.sync.timeout.retry = -1 (default)
2021-10-10 13:47:20,959 [pool-671-thread-1] INFO  server.RaftServer$Division (RaftServerImpl.java:start(296)) - 9f3dcedd-2157-4ae4-b723-f54bfee8d9ce@group-0CD1FD14ABDC: start as a follower, conf=-1: [1d4e4b2f-e6a0-4223-b62b-246b29415176|rpc:10.1.0.17:44219|priority:1, 9f3dcedd-2157-4ae4-b723-f54bfee8d9ce|rpc:10.1.0.17:40315|priority:0, e1b2127a-933c-4bfc-a8fa-edeeb9ccf213|rpc:10.1.0.17:33955|priority:0], old=null
2021-10-10 13:47:20,960 [pool-671-thread-1] INFO  server.RaftServer$Division (RaftServerImpl.java:setRole(285)) - 9f3dcedd-2157-4ae4-b723-f54bfee8d9ce@group-0CD1FD14ABDC: changes role from      null to FOLLOWER at term 0 for startAsFollower
2021-10-10 13:47:20,960 [pool-671-thread-1] INFO  impl.RoleInfo (RoleInfo.java:updateAndGet(130)) - 9f3dcedd-2157-4ae4-b723-f54bfee8d9ce: start 9f3dcedd-2157-4ae4-b723-f54bfee8d9ce@group-0CD1FD14ABDC-FollowerState
2021-10-10 13:47:20,959 [pool-619-thread-1] INFO  server.RaftServerConfigKeys (ConfUtils.java:logGet(44)) - raft.server.log.write.buffer.size = 1048576 (custom)
2021-10-10 13:47:20,960 [pool-619-thread-1] INFO  server.RaftServerConfigKeys (ConfUtils.java:logGet(44)) - raft.server.log.statemachine.data.caching.enabled = true (custom)
2021-10-10 13:47:20,961 [pool-619-thread-1] INFO  segmented.SegmentedRaftLogWorker (SegmentedRaftLogWorker.java:lambda$new$0(133)) - e1b2127a-933c-4bfc-a8fa-edeeb9ccf213@group-644A06A5DE74-SegmentedRaftLogWorker: flushIndex: setUnconditionally 0 -> -1
2021-10-10 13:47:20,961 [pool-619-thread-1] INFO  segmented.SegmentedRaftLogWorker (SegmentedRaftLogWorker.java:lambda$new$0(133)) - e1b2127a-933c-4bfc-a8fa-edeeb9ccf213@group-644A06A5DE74-SegmentedRaftLogWorker: safeCacheEvictIndex: setUnconditionally 0 -> -1
2021-10-10 13:47:20,961 [pool-671-thread-1] INFO  util.JmxRegister (JmxRegister.java:tryRegister(44)) - Successfully registered JMX Bean with object name Ratis:service=RaftServer,group=group-0CD1FD14ABDC,id=9f3dcedd-2157-4ae4-b723-f54bfee8d9ce
2021-10-10 13:47:20,962 [Command processor thread] INFO  ratis.XceiverServerRatis (XceiverServerRatis.java:addGroup(763)) - Created group PipelineID=5ec87732-cd3d-4223-b6cf-0cd1fd14abdc
2021-10-10 13:47:20,969 [grpc-default-executor-4] INFO  server.RaftServer (RaftServerProxy.java:addNew(95)) - e1b2127a-933c-4bfc-a8fa-edeeb9ccf213: addNew group-0CD1FD14ABDC:[1d4e4b2f-e6a0-4223-b62b-246b29415176|rpc:10.1.0.17:44219|dataStream:|priority:1, 9f3dcedd-2157-4ae4-b723-f54bfee8d9ce|rpc:10.1.0.17:40315|dataStream:|priority:0, e1b2127a-933c-4bfc-a8fa-edeeb9ccf213|rpc:10.1.0.17:33955|dataStream:|priority:0] returns group-0CD1FD14ABDC:java.util.concurrent.CompletableFuture@b658df0[Not completed]
2021-10-10 13:47:20,979 [pool-619-thread-1] INFO  server.RaftServerConfigKeys (ConfUtils.java:logGet(44)) - raft.server.snapshot.auto.trigger.enabled = true (custom)
2021-10-10 13:47:20,979 [pool-619-thread-1] INFO  server.RaftServerConfigKeys (ConfUtils.java:logGet(44)) - raft.server.snapshot.auto.trigger.threshold = 10000 (custom)
2021-10-10 13:47:20,979 [pool-619-thread-1] INFO  server.RaftServerConfigKeys (ConfUtils.java:logGet(44)) - raft.server.snapshot.retention.file.num = 5 (custom)
2021-10-10 13:47:20,979 [pool-619-thread-1] INFO  server.RaftServerConfigKeys (ConfUtils.java:logGet(44)) - raft.server.log.purge.upto.snapshot.index = false (default)
2021-10-10 13:47:20,979 [pool-619-thread-1] INFO  server.RaftServerConfigKeys (ConfUtils.java:logGet(44)) - raft.server.retrycache.expirytime = 600000ms (custom)
2021-10-10 13:47:20,979 [pool-619-thread-1] INFO  server.RaftServerConfigKeys (ConfUtils.java:logGet(44)) - raft.server.retrycache.statistics.expirytime = 100μs (default)
2021-10-10 13:47:20,981 [pool-619-thread-1] INFO  server.RaftServer$Division (RaftServerImpl.java:<init>(181)) - e1b2127a-933c-4bfc-a8fa-edeeb9ccf213: new RaftServerImpl for group-0CD1FD14ABDC:[1d4e4b2f-e6a0-4223-b62b-246b29415176|rpc:10.1.0.17:44219|dataStream:|priority:1, 9f3dcedd-2157-4ae4-b723-f54bfee8d9ce|rpc:10.1.0.17:40315|dataStream:|priority:0, e1b2127a-933c-4bfc-a8fa-edeeb9ccf213|rpc:10.1.0.17:33955|dataStream:|priority:0] with ContainerStateMachine:uninitialized
2021-10-10 13:47:20,981 [pool-619-thread-1] INFO  server.RaftServerConfigKeys (ConfUtils.java:logGet(44)) - raft.server.rpc.timeout.min = 5s (custom)
2021-10-10 13:47:20,981 [pool-619-thread-1] INFO  server.RaftServerConfigKeys (ConfUtils.java:logGet(44)) - raft.server.rpc.timeout.max = 5200ms (custom)
2021-10-10 13:47:20,981 [pool-619-thread-1] INFO  server.RaftServerConfigKeys (ConfUtils.java:logGet(44)) - raft.server.rpc.sleep.time = 25ms (default)
2021-10-10 13:47:20,981 [pool-619-thread-1] INFO  server.RaftServerConfigKeys (ConfUtils.java:logGet(44)) - raft.server.rpc.slowness.timeout = 300000ms (custom)
2021-10-10 13:47:20,981 [pool-619-thread-1] INFO  server.RaftServerConfigKeys (ConfUtils.java:logGet(44)) - raft.server.leaderelection.leader.step-down.wait-time = 10s (default)
2021-10-10 13:47:20,981 [pool-619-thread-1] INFO  server.RaftServerConfigKeys (ConfUtils.java:logGet(44)) - raft.server.sleep.deviation.threshold = 300ms (default)
2021-10-10 13:47:20,982 [pool-619-thread-1] INFO  server.RaftServerConfigKeys (ConfUtils.java:logGet(44)) - raft.server.log.appender.install.snapshot.enabled = false (custom)
2021-10-10 13:47:20,982 [pool-619-thread-1] INFO  server.RaftServer$Division (ServerState.java:<init>(105)) - e1b2127a-933c-4bfc-a8fa-edeeb9ccf213@group-0CD1FD14ABDC: ConfigurationManager, init=-1: [1d4e4b2f-e6a0-4223-b62b-246b29415176|rpc:10.1.0.17:44219|dataStream:|priority:1, 9f3dcedd-2157-4ae4-b723-f54bfee8d9ce|rpc:10.1.0.17:40315|dataStream:|priority:0, e1b2127a-933c-4bfc-a8fa-edeeb9ccf213|rpc:10.1.0.17:33955|dataStream:|priority:0], old=null, confs=<EMPTY_MAP>
2021-10-10 13:47:20,982 [pool-619-thread-1] INFO  server.RaftServerConfigKeys (ConfUtils.java:logGet(44)) - raft.server.storage.dir = [/home/runner/work/ozone/ozone/hadoop-ozone/integration-test/target/test-dir/MiniOzoneClusterImpl-0f145d0e-b24d-4882-976e-a7baa8a64dfe/datanode-6/data/ratis] (custom)
2021-10-10 13:47:20,982 [pool-619-thread-1] INFO  server.RaftServerConfigKeys (ConfUtils.java:logGet(44)) - raft.server.log.corruption.policy = EXCEPTION (default)
2021-10-10 13:47:20,982 [pool-619-thread-1] INFO  server.RaftServerConfigKeys (ConfUtils.java:logGet(44)) - raft.server.storage.free-space.min = 0MB (=0) (default)
2021-10-10 13:47:20,982 [pool-619-thread-1] INFO  storage.RaftStorageDirectory (RaftStorageDirectoryImpl.java:analyzeStorage(135)) - The storage directory /home/runner/work/ozone/ozone/hadoop-ozone/integration-test/target/test-dir/MiniOzoneClusterImpl-0f145d0e-b24d-4882-976e-a7baa8a64dfe/datanode-6/data/ratis/5ec87732-cd3d-4223-b6cf-0cd1fd14abdc does not exist. Creating ...
2021-10-10 13:47:20,984 [pool-619-thread-1] INFO  storage.RaftStorageDirectory (RaftStorageDirectoryImpl.java:tryLock(230)) - Lock on /home/runner/work/ozone/ozone/hadoop-ozone/integration-test/target/test-dir/MiniOzoneClusterImpl-0f145d0e-b24d-4882-976e-a7baa8a64dfe/datanode-6/data/ratis/5ec87732-cd3d-4223-b6cf-0cd1fd14abdc/in_use.lock acquired by nodename 4979@fv-az291-460
2021-10-10 13:47:20,990 [pool-619-thread-1] INFO  storage.RaftStorage (RaftStorageImpl.java:format(89)) - Storage directory /home/runner/work/ozone/ozone/hadoop-ozone/integration-test/target/test-dir/MiniOzoneClusterImpl-0f145d0e-b24d-4882-976e-a7baa8a64dfe/datanode-6/data/ratis/5ec87732-cd3d-4223-b6cf-0cd1fd14abdc has been successfully formatted.
2021-10-10 13:47:20,990 [pool-619-thread-1] INFO  ratis.ContainerStateMachine (ContainerStateMachine.java:loadSnapshot(224)) - group-0CD1FD14ABDC: The snapshot info is null. Setting the last applied indexto:(t:0, i:~)
2021-10-10 13:47:20,990 [pool-619-thread-1] INFO  server.RaftServerConfigKeys (ConfUtils.java:logGet(44)) - raft.server.notification.no-leader.timeout = 300000ms (custom)
2021-10-10 13:47:20,990 [pool-619-thread-1] INFO  server.RaftServerConfigKeys (ConfUtils.java:logGet(44)) - raft.server.log.use.memory = false (default)
2021-10-10 13:47:20,990 [Datanode State Machine Thread - 0] WARN  statemachine.StateContext (StateContext.java:execute(621)) - No available thread in pool for past 1 seconds.
2021-10-10 13:47:20,990 [pool-619-thread-1] INFO  server.RaftServerConfigKeys (ConfUtils.java:logGet(44)) - raft.server.log.purge.gap = 1000000 (custom)
2021-10-10 13:47:20,990 [pool-619-thread-1] INFO  server.RaftServerConfigKeys (ConfUtils.java:logGet(44)) - raft.server.log.appender.buffer.byte-limit = 33554432 (custom)
2021-10-10 13:47:20,991 [pool-619-thread-1] INFO  server.RaftServerConfigKeys (ConfUtils.java:logGet(44)) - raft.server.log.segment.size.max = 1048576 (custom)
2021-10-10 13:47:21,005 [pool-619-thread-1] INFO  server.RaftServerConfigKeys (ConfUtils.java:logGet(44)) - raft.server.log.segment.cache.num.max = 2 (custom)
2021-10-10 13:47:21,005 [pool-619-thread-1] INFO  server.RaftServerConfigKeys (ConfUtils.java:logGet(44)) - raft.server.log.segment.cache.size.max = 200MB (=209715200) (default)
2021-10-10 13:47:21,005 [pool-619-thread-1] INFO  segmented.SegmentedRaftLogWorker (SegmentedRaftLogWorker.java:<init>(182)) - new e1b2127a-933c-4bfc-a8fa-edeeb9ccf213@group-0CD1FD14ABDC-SegmentedRaftLogWorker for RaftStorageImpl:Storage Directory /home/runner/work/ozone/ozone/hadoop-ozone/integration-test/target/test-dir/MiniOzoneClusterImpl-0f145d0e-b24d-4882-976e-a7baa8a64dfe/datanode-6/data/ratis/5ec87732-cd3d-4223-b6cf-0cd1fd14abdc
2021-10-10 13:47:21,005 [pool-619-thread-1] INFO  server.RaftServerConfigKeys (ConfUtils.java:logGet(44)) - raft.server.log.queue.byte-limit = 2147483647 (custom)
2021-10-10 13:47:21,005 [pool-619-thread-1] INFO  server.RaftServerConfigKeys (ConfUtils.java:logGet(44)) - raft.server.log.queue.element-limit = 1024 (custom)
2021-10-10 13:47:21,005 [pool-619-thread-1] INFO  server.RaftServerConfigKeys (ConfUtils.java:logGet(44)) - raft.server.log.segment.size.max = 1048576 (custom)
2021-10-10 13:47:21,005 [pool-619-thread-1] INFO  server.RaftServerConfigKeys (ConfUtils.java:logGet(44)) - raft.server.log.preallocated.size = 16384 (custom)
2021-10-10 13:47:21,005 [pool-619-thread-1] INFO  server.RaftServerConfigKeys (ConfUtils.java:logGet(44)) - raft.server.log.force.sync.num = 128 (default)
2021-10-10 13:47:21,005 [pool-619-thread-1] INFO  server.RaftServerConfigKeys (ConfUtils.java:logGet(44)) - raft.server.log.statemachine.data.sync = true (default)
2021-10-10 13:47:21,005 [pool-619-thread-1] INFO  server.RaftServerConfigKeys (ConfUtils.java:logGet(44)) - raft.server.log.statemachine.data.sync.timeout = 10s (default)
2021-10-10 13:47:21,005 [pool-619-thread-1] INFO  server.RaftServerConfigKeys (ConfUtils.java:logGet(44)) - raft.server.log.statemachine.data.sync.timeout.retry = -1 (default)
2021-10-10 13:47:21,006 [pool-619-thread-1] INFO  server.RaftServerConfigKeys (ConfUtils.java:logGet(44)) - raft.server.log.write.buffer.size = 1048576 (custom)
2021-10-10 13:47:21,007 [pool-619-thread-1] INFO  server.RaftServerConfigKeys (ConfUtils.java:logGet(44)) - raft.server.log.statemachine.data.caching.enabled = true (custom)
2021-10-10 13:47:21,022 [pool-619-thread-1] INFO  segmented.SegmentedRaftLogWorker (SegmentedRaftLogWorker.java:lambda$new$0(133)) - e1b2127a-933c-4bfc-a8fa-edeeb9ccf213@group-0CD1FD14ABDC-SegmentedRaftLogWorker: flushIndex: setUnconditionally 0 -> -1
2021-10-10 13:47:21,023 [pool-619-thread-1] INFO  segmented.SegmentedRaftLogWorker (SegmentedRaftLogWorker.java:lambda$new$0(133)) - e1b2127a-933c-4bfc-a8fa-edeeb9ccf213@group-0CD1FD14ABDC-SegmentedRaftLogWorker: safeCacheEvictIndex: setUnconditionally 0 -> -1
2021-10-10 13:47:21,032 [pool-619-thread-1] INFO  server.RaftServerConfigKeys (ConfUtils.java:logGet(44)) - raft.server.snapshot.auto.trigger.enabled = true (custom)
2021-10-10 13:47:21,032 [pool-619-thread-1] INFO  server.RaftServerConfigKeys (ConfUtils.java:logGet(44)) - raft.server.snapshot.auto.trigger.threshold = 10000 (custom)
2021-10-10 13:47:21,032 [pool-619-thread-1] INFO  server.RaftServerConfigKeys (ConfUtils.java:logGet(44)) - raft.server.snapshot.retention.file.num = 5 (custom)
2021-10-10 13:47:21,032 [pool-619-thread-1] INFO  server.RaftServerConfigKeys (ConfUtils.java:logGet(44)) - raft.server.log.purge.upto.snapshot.index = false (default)
2021-10-10 13:47:21,032 [pool-619-thread-1] INFO  server.RaftServerConfigKeys (ConfUtils.java:logGet(44)) - raft.server.retrycache.expirytime = 600000ms (custom)
2021-10-10 13:47:21,032 [pool-619-thread-1] INFO  server.RaftServerConfigKeys (ConfUtils.java:logGet(44)) - raft.server.retrycache.statistics.expirytime = 100μs (default)
2021-10-10 13:47:21,033 [pool-619-thread-1] INFO  server.RaftServer$Division (RaftServerImpl.java:start(296)) - e1b2127a-933c-4bfc-a8fa-edeeb9ccf213@group-644A06A5DE74: start as a follower, conf=-1: [2432123a-b439-42d5-83b4-1981f0fa2384|rpc:10.1.0.17:39429|priority:0, 1d4e4b2f-e6a0-4223-b62b-246b29415176|rpc:10.1.0.17:44219|priority:0, e1b2127a-933c-4bfc-a8fa-edeeb9ccf213|rpc:10.1.0.17:33955|priority:1], old=null
2021-10-10 13:47:21,034 [pool-619-thread-1] INFO  server.RaftServer$Division (RaftServerImpl.java:setRole(285)) - e1b2127a-933c-4bfc-a8fa-edeeb9ccf213@group-644A06A5DE74: changes role from      null to FOLLOWER at term 0 for startAsFollower
2021-10-10 13:47:21,034 [pool-619-thread-1] INFO  impl.RoleInfo (RoleInfo.java:updateAndGet(130)) - e1b2127a-933c-4bfc-a8fa-edeeb9ccf213: start e1b2127a-933c-4bfc-a8fa-edeeb9ccf213@group-644A06A5DE74-FollowerState
2021-10-10 13:47:21,036 [pool-619-thread-1] INFO  util.JmxRegister (JmxRegister.java:tryRegister(44)) - Successfully registered JMX Bean with object name Ratis:service=RaftServer,group=group-644A06A5DE74,id=e1b2127a-933c-4bfc-a8fa-edeeb9ccf213
2021-10-10 13:47:21,037 [pool-619-thread-1] INFO  server.RaftServer$Division (RaftServerImpl.java:start(296)) - e1b2127a-933c-4bfc-a8fa-edeeb9ccf213@group-0CD1FD14ABDC: start as a follower, conf=-1: [1d4e4b2f-e6a0-4223-b62b-246b29415176|rpc:10.1.0.17:44219|dataStream:|priority:1, 9f3dcedd-2157-4ae4-b723-f54bfee8d9ce|rpc:10.1.0.17:40315|dataStream:|priority:0, e1b2127a-933c-4bfc-a8fa-edeeb9ccf213|rpc:10.1.0.17:33955|dataStream:|priority:0], old=null
2021-10-10 13:47:21,037 [pool-619-thread-1] INFO  server.RaftServer$Division (RaftServerImpl.java:setRole(285)) - e1b2127a-933c-4bfc-a8fa-edeeb9ccf213@group-0CD1FD14ABDC: changes role from      null to FOLLOWER at term 0 for startAsFollower
2021-10-10 13:47:21,037 [pool-619-thread-1] INFO  impl.RoleInfo (RoleInfo.java:updateAndGet(130)) - e1b2127a-933c-4bfc-a8fa-edeeb9ccf213: start e1b2127a-933c-4bfc-a8fa-edeeb9ccf213@group-0CD1FD14ABDC-FollowerState
2021-10-10 13:47:21,037 [pool-619-thread-1] INFO  util.JmxRegister (JmxRegister.java:tryRegister(44)) - Successfully registered JMX Bean with object name Ratis:service=RaftServer,group=group-0CD1FD14ABDC,id=e1b2127a-933c-4bfc-a8fa-edeeb9ccf213
2021-10-10 13:47:21,038 [Command processor thread] INFO  ratis.XceiverServerRatis (XceiverServerRatis.java:addGroup(763)) - Created group PipelineID=78ffa57c-9e25-44e6-b4ea-644a06a5de74
2021-10-10 13:47:21,089 [Command processor thread] INFO  server.RaftServer (RaftServerProxy.java:addNew(95)) - 2432123a-b439-42d5-83b4-1981f0fa2384: addNew group-644A06A5DE74:[2432123a-b439-42d5-83b4-1981f0fa2384|rpc:10.1.0.17:39429|priority:0, 1d4e4b2f-e6a0-4223-b62b-246b29415176|rpc:10.1.0.17:44219|priority:0, e1b2127a-933c-4bfc-a8fa-edeeb9ccf213|rpc:10.1.0.17:33955|priority:1] returns group-644A06A5DE74:java.util.concurrent.CompletableFuture@5cf83930[Not completed]
2021-10-10 13:47:21,089 [pool-600-thread-1] INFO  server.RaftServer$Division (RaftServerImpl.java:<init>(181)) - 2432123a-b439-42d5-83b4-1981f0fa2384: new RaftServerImpl for group-644A06A5DE74:[2432123a-b439-42d5-83b4-1981f0fa2384|rpc:10.1.0.17:39429|priority:0, 1d4e4b2f-e6a0-4223-b62b-246b29415176|rpc:10.1.0.17:44219|priority:0, e1b2127a-933c-4bfc-a8fa-edeeb9ccf213|rpc:10.1.0.17:33955|priority:1] with ContainerStateMachine:uninitialized
2021-10-10 13:47:21,090 [pool-600-thread-1] INFO  server.RaftServerConfigKeys (ConfUtils.java:logGet(44)) - raft.server.rpc.timeout.min = 5s (custom)
2021-10-10 13:47:21,090 [pool-600-thread-1] INFO  server.RaftServerConfigKeys (ConfUtils.java:logGet(44)) - raft.server.rpc.timeout.max = 5200ms (custom)
2021-10-10 13:47:21,090 [pool-600-thread-1] INFO  server.RaftServerConfigKeys (ConfUtils.java:logGet(44)) - raft.server.rpc.sleep.time = 25ms (default)
2021-10-10 13:47:21,090 [pool-600-thread-1] INFO  server.RaftServerConfigKeys (ConfUtils.java:logGet(44)) - raft.server.rpc.slowness.timeout = 300000ms (custom)
2021-10-10 13:47:21,090 [pool-600-thread-1] INFO  server.RaftServerConfigKeys (ConfUtils.java:logGet(44)) - raft.server.leaderelection.leader.step-down.wait-time = 10s (default)
2021-10-10 13:47:21,090 [pool-600-thread-1] INFO  server.RaftServerConfigKeys (ConfUtils.java:logGet(44)) - raft.server.sleep.deviation.threshold = 300ms (default)
2021-10-10 13:47:21,090 [pool-600-thread-1] INFO  server.RaftServerConfigKeys (ConfUtils.java:logGet(44)) - raft.server.log.appender.install.snapshot.enabled = false (custom)
2021-10-10 13:47:21,090 [pool-600-thread-1] INFO  server.RaftServer$Division (ServerState.java:<init>(105)) - 2432123a-b439-42d5-83b4-1981f0fa2384@group-644A06A5DE74: ConfigurationManager, init=-1: [2432123a-b439-42d5-83b4-1981f0fa2384|rpc:10.1.0.17:39429|priority:0, 1d4e4b2f-e6a0-4223-b62b-246b29415176|rpc:10.1.0.17:44219|priority:0, e1b2127a-933c-4bfc-a8fa-edeeb9ccf213|rpc:10.1.0.17:33955|priority:1], old=null, confs=<EMPTY_MAP>
2021-10-10 13:47:21,090 [pool-600-thread-1] INFO  server.RaftServerConfigKeys (ConfUtils.java:logGet(44)) - raft.server.storage.dir = [/home/runner/work/ozone/ozone/hadoop-ozone/integration-test/target/test-dir/MiniOzoneClusterImpl-0f145d0e-b24d-4882-976e-a7baa8a64dfe/datanode-5/data/ratis] (custom)
2021-10-10 13:47:21,090 [pool-600-thread-1] INFO  server.RaftServerConfigKeys (ConfUtils.java:logGet(44)) - raft.server.log.corruption.policy = EXCEPTION (default)
2021-10-10 13:47:21,090 [pool-600-thread-1] INFO  server.RaftServerConfigKeys (ConfUtils.java:logGet(44)) - raft.server.storage.free-space.min = 0MB (=0) (default)
2021-10-10 13:47:21,090 [pool-600-thread-1] INFO  storage.RaftStorageDirectory (RaftStorageDirectoryImpl.java:analyzeStorage(135)) - The storage directory /home/runner/work/ozone/ozone/hadoop-ozone/integration-test/target/test-dir/MiniOzoneClusterImpl-0f145d0e-b24d-4882-976e-a7baa8a64dfe/datanode-5/data/ratis/78ffa57c-9e25-44e6-b4ea-644a06a5de74 does not exist. Creating ...
2021-10-10 13:47:21,092 [pool-600-thread-1] INFO  storage.RaftStorageDirectory (RaftStorageDirectoryImpl.java:tryLock(230)) - Lock on /home/runner/work/ozone/ozone/hadoop-ozone/integration-test/target/test-dir/MiniOzoneClusterImpl-0f145d0e-b24d-4882-976e-a7baa8a64dfe/datanode-5/data/ratis/78ffa57c-9e25-44e6-b4ea-644a06a5de74/in_use.lock acquired by nodename 4979@fv-az291-460
2021-10-10 13:47:21,093 [pool-600-thread-1] INFO  storage.RaftStorage (RaftStorageImpl.java:format(89)) - Storage directory /home/runner/work/ozone/ozone/hadoop-ozone/integration-test/target/test-dir/MiniOzoneClusterImpl-0f145d0e-b24d-4882-976e-a7baa8a64dfe/datanode-5/data/ratis/78ffa57c-9e25-44e6-b4ea-644a06a5de74 has been successfully formatted.
2021-10-10 13:47:21,093 [pool-600-thread-1] INFO  ratis.ContainerStateMachine (ContainerStateMachine.java:loadSnapshot(224)) - group-644A06A5DE74: The snapshot info is null. Setting the last applied indexto:(t:0, i:~)
2021-10-10 13:47:21,093 [pool-600-thread-1] INFO  server.RaftServerConfigKeys (ConfUtils.java:logGet(44)) - raft.server.notification.no-leader.timeout = 300000ms (custom)
2021-10-10 13:47:21,093 [pool-600-thread-1] INFO  server.RaftServerConfigKeys (ConfUtils.java:logGet(44)) - raft.server.log.use.memory = false (default)
2021-10-10 13:47:21,093 [pool-600-thread-1] INFO  server.RaftServerConfigKeys (ConfUtils.java:logGet(44)) - raft.server.log.purge.gap = 1000000 (custom)
2021-10-10 13:47:21,093 [pool-600-thread-1] INFO  server.RaftServerConfigKeys (ConfUtils.java:logGet(44)) - raft.server.log.appender.buffer.byte-limit = 33554432 (custom)
2021-10-10 13:47:21,094 [pool-600-thread-1] INFO  server.RaftServerConfigKeys (ConfUtils.java:logGet(44)) - raft.server.log.segment.size.max = 1048576 (custom)
2021-10-10 13:47:21,094 [pool-600-thread-1] INFO  server.RaftServerConfigKeys (ConfUtils.java:logGet(44)) - raft.server.log.segment.cache.num.max = 2 (custom)
2021-10-10 13:47:21,094 [pool-600-thread-1] INFO  server.RaftServerConfigKeys (ConfUtils.java:logGet(44)) - raft.server.log.segment.cache.size.max = 200MB (=209715200) (default)
2021-10-10 13:47:21,094 [pool-600-thread-1] INFO  segmented.SegmentedRaftLogWorker (SegmentedRaftLogWorker.java:<init>(182)) - new 2432123a-b439-42d5-83b4-1981f0fa2384@group-644A06A5DE74-SegmentedRaftLogWorker for RaftStorageImpl:Storage Directory /home/runner/work/ozone/ozone/hadoop-ozone/integration-test/target/test-dir/MiniOzoneClusterImpl-0f145d0e-b24d-4882-976e-a7baa8a64dfe/datanode-5/data/ratis/78ffa57c-9e25-44e6-b4ea-644a06a5de74
2021-10-10 13:47:21,094 [pool-600-thread-1] INFO  server.RaftServerConfigKeys (ConfUtils.java:logGet(44)) - raft.server.log.queue.byte-limit = 2147483647 (custom)
2021-10-10 13:47:21,094 [pool-600-thread-1] INFO  server.RaftServerConfigKeys (ConfUtils.java:logGet(44)) - raft.server.log.queue.element-limit = 1024 (custom)
2021-10-10 13:47:21,094 [pool-600-thread-1] INFO  server.RaftServerConfigKeys (ConfUtils.java:logGet(44)) - raft.server.log.segment.size.max = 1048576 (custom)
2021-10-10 13:47:21,094 [pool-600-thread-1] INFO  server.RaftServerConfigKeys (ConfUtils.java:logGet(44)) - raft.server.log.preallocated.size = 16384 (custom)
2021-10-10 13:47:21,094 [pool-600-thread-1] INFO  server.RaftServerConfigKeys (ConfUtils.java:logGet(44)) - raft.server.log.force.sync.num = 128 (default)
2021-10-10 13:47:21,094 [pool-600-thread-1] INFO  server.RaftServerConfigKeys (ConfUtils.java:logGet(44)) - raft.server.log.statemachine.data.sync = true (default)
2021-10-10 13:47:21,094 [pool-600-thread-1] INFO  server.RaftServerConfigKeys (ConfUtils.java:logGet(44)) - raft.server.log.statemachine.data.sync.timeout = 10s (default)
2021-10-10 13:47:21,095 [pool-600-thread-1] INFO  server.RaftServerConfigKeys (ConfUtils.java:logGet(44)) - raft.server.log.statemachine.data.sync.timeout.retry = -1 (default)
2021-10-10 13:47:21,095 [Datanode State Machine Thread - 0] WARN  statemachine.StateContext (StateContext.java:execute(621)) - No available thread in pool for past 1 seconds.
2021-10-10 13:47:21,100 [pool-600-thread-1] INFO  server.RaftServerConfigKeys (ConfUtils.java:logGet(44)) - raft.server.log.write.buffer.size = 1048576 (custom)
2021-10-10 13:47:21,101 [pool-600-thread-1] INFO  server.RaftServerConfigKeys (ConfUtils.java:logGet(44)) - raft.server.log.statemachine.data.caching.enabled = true (custom)
2021-10-10 13:47:21,102 [pool-600-thread-1] INFO  segmented.SegmentedRaftLogWorker (SegmentedRaftLogWorker.java:lambda$new$0(133)) - 2432123a-b439-42d5-83b4-1981f0fa2384@group-644A06A5DE74-SegmentedRaftLogWorker: flushIndex: setUnconditionally 0 -> -1
2021-10-10 13:47:21,102 [pool-600-thread-1] INFO  segmented.SegmentedRaftLogWorker (SegmentedRaftLogWorker.java:lambda$new$0(133)) - 2432123a-b439-42d5-83b4-1981f0fa2384@group-644A06A5DE74-SegmentedRaftLogWorker: safeCacheEvictIndex: setUnconditionally 0 -> -1
2021-10-10 13:47:21,108 [grpc-default-executor-7] INFO  server.RaftServer (RaftServerProxy.java:addNew(95)) - 1d4e4b2f-e6a0-4223-b62b-246b29415176: addNew group-0CD1FD14ABDC:[1d4e4b2f-e6a0-4223-b62b-246b29415176|rpc:10.1.0.17:44219|dataStream:|priority:1, 9f3dcedd-2157-4ae4-b723-f54bfee8d9ce|rpc:10.1.0.17:40315|dataStream:|priority:0, e1b2127a-933c-4bfc-a8fa-edeeb9ccf213|rpc:10.1.0.17:33955|dataStream:|priority:0] returns group-0CD1FD14ABDC:java.util.concurrent.CompletableFuture@752cfe27[Not completed]
2021-10-10 13:47:21,109 [pool-562-thread-1] INFO  server.RaftServer$Division (RaftServerImpl.java:<init>(181)) - 1d4e4b2f-e6a0-4223-b62b-246b29415176: new RaftServerImpl for group-0CD1FD14ABDC:[1d4e4b2f-e6a0-4223-b62b-246b29415176|rpc:10.1.0.17:44219|dataStream:|priority:1, 9f3dcedd-2157-4ae4-b723-f54bfee8d9ce|rpc:10.1.0.17:40315|dataStream:|priority:0, e1b2127a-933c-4bfc-a8fa-edeeb9ccf213|rpc:10.1.0.17:33955|dataStream:|priority:0] with ContainerStateMachine:uninitialized
2021-10-10 13:47:21,109 [pool-562-thread-1] INFO  server.RaftServerConfigKeys (ConfUtils.java:logGet(44)) - raft.server.rpc.timeout.min = 5s (custom)
2021-10-10 13:47:21,109 [pool-562-thread-1] INFO  server.RaftServerConfigKeys (ConfUtils.java:logGet(44)) - raft.server.rpc.timeout.max = 5200ms (custom)
2021-10-10 13:47:21,109 [pool-562-thread-1] INFO  server.RaftServerConfigKeys (ConfUtils.java:logGet(44)) - raft.server.rpc.sleep.time = 25ms (default)
2021-10-10 13:47:21,109 [pool-562-thread-1] INFO  server.RaftServerConfigKeys (ConfUtils.java:logGet(44)) - raft.server.rpc.slowness.timeout = 300000ms (custom)
2021-10-10 13:47:21,109 [pool-562-thread-1] INFO  server.RaftServerConfigKeys (ConfUtils.java:logGet(44)) - raft.server.leaderelection.leader.step-down.wait-time = 10s (default)
2021-10-10 13:47:21,109 [pool-562-thread-1] INFO  server.RaftServerConfigKeys (ConfUtils.java:logGet(44)) - raft.server.sleep.deviation.threshold = 300ms (default)
2021-10-10 13:47:21,109 [pool-562-thread-1] INFO  server.RaftServerConfigKeys (ConfUtils.java:logGet(44)) - raft.server.log.appender.install.snapshot.enabled = false (custom)
2021-10-10 13:47:21,109 [pool-562-thread-1] INFO  server.RaftServer$Division (ServerState.java:<init>(105)) - 1d4e4b2f-e6a0-4223-b62b-246b29415176@group-0CD1FD14ABDC: ConfigurationManager, init=-1: [1d4e4b2f-e6a0-4223-b62b-246b29415176|rpc:10.1.0.17:44219|dataStream:|priority:1, 9f3dcedd-2157-4ae4-b723-f54bfee8d9ce|rpc:10.1.0.17:40315|dataStream:|priority:0, e1b2127a-933c-4bfc-a8fa-edeeb9ccf213|rpc:10.1.0.17:33955|dataStream:|priority:0], old=null, confs=<EMPTY_MAP>
2021-10-10 13:47:21,109 [pool-562-thread-1] INFO  server.RaftServerConfigKeys (ConfUtils.java:logGet(44)) - raft.server.storage.dir = [/home/runner/work/ozone/ozone/hadoop-ozone/integration-test/target/test-dir/MiniOzoneClusterImpl-0f145d0e-b24d-4882-976e-a7baa8a64dfe/datanode-3/data/ratis] (custom)
2021-10-10 13:47:21,109 [pool-562-thread-1] INFO  server.RaftServerConfigKeys (ConfUtils.java:logGet(44)) - raft.server.log.corruption.policy = EXCEPTION (default)
2021-10-10 13:47:21,109 [pool-562-thread-1] INFO  server.RaftServerConfigKeys (ConfUtils.java:logGet(44)) - raft.server.storage.free-space.min = 0MB (=0) (default)
2021-10-10 13:47:21,109 [pool-562-thread-1] INFO  storage.RaftStorageDirectory (RaftStorageDirectoryImpl.java:analyzeStorage(135)) - The storage directory /home/runner/work/ozone/ozone/hadoop-ozone/integration-test/target/test-dir/MiniOzoneClusterImpl-0f145d0e-b24d-4882-976e-a7baa8a64dfe/datanode-3/data/ratis/5ec87732-cd3d-4223-b6cf-0cd1fd14abdc does not exist. Creating ...
2021-10-10 13:47:21,110 [pool-600-thread-1] INFO  server.RaftServerConfigKeys (ConfUtils.java:logGet(44)) - raft.server.snapshot.auto.trigger.enabled = true (custom)
2021-10-10 13:47:21,110 [pool-600-thread-1] INFO  server.RaftServerConfigKeys (ConfUtils.java:logGet(44)) - raft.server.snapshot.auto.trigger.threshold = 10000 (custom)
2021-10-10 13:47:21,111 [pool-600-thread-1] INFO  server.RaftServerConfigKeys (ConfUtils.java:logGet(44)) - raft.server.snapshot.retention.file.num = 5 (custom)
2021-10-10 13:47:21,111 [pool-600-thread-1] INFO  server.RaftServerConfigKeys (ConfUtils.java:logGet(44)) - raft.server.log.purge.upto.snapshot.index = false (default)
2021-10-10 13:47:21,111 [pool-600-thread-1] INFO  server.RaftServerConfigKeys (ConfUtils.java:logGet(44)) - raft.server.retrycache.expirytime = 600000ms (custom)
2021-10-10 13:47:21,111 [pool-600-thread-1] INFO  server.RaftServerConfigKeys (ConfUtils.java:logGet(44)) - raft.server.retrycache.statistics.expirytime = 100μs (default)
2021-10-10 13:47:21,112 [pool-600-thread-1] INFO  server.RaftServer$Division (RaftServerImpl.java:start(296)) - 2432123a-b439-42d5-83b4-1981f0fa2384@group-644A06A5DE74: start as a follower, conf=-1: [2432123a-b439-42d5-83b4-1981f0fa2384|rpc:10.1.0.17:39429|priority:0, 1d4e4b2f-e6a0-4223-b62b-246b29415176|rpc:10.1.0.17:44219|priority:0, e1b2127a-933c-4bfc-a8fa-edeeb9ccf213|rpc:10.1.0.17:33955|priority:1], old=null
2021-10-10 13:47:21,112 [pool-600-thread-1] INFO  server.RaftServer$Division (RaftServerImpl.java:setRole(285)) - 2432123a-b439-42d5-83b4-1981f0fa2384@group-644A06A5DE74: changes role from      null to FOLLOWER at term 0 for startAsFollower
2021-10-10 13:47:21,112 [pool-600-thread-1] INFO  impl.RoleInfo (RoleInfo.java:updateAndGet(130)) - 2432123a-b439-42d5-83b4-1981f0fa2384: start 2432123a-b439-42d5-83b4-1981f0fa2384@group-644A06A5DE74-FollowerState
2021-10-10 13:47:21,111 [pool-562-thread-1] INFO  storage.RaftStorageDirectory (RaftStorageDirectoryImpl.java:tryLock(230)) - Lock on /home/runner/work/ozone/ozone/hadoop-ozone/integration-test/target/test-dir/MiniOzoneClusterImpl-0f145d0e-b24d-4882-976e-a7baa8a64dfe/datanode-3/data/ratis/5ec87732-cd3d-4223-b6cf-0cd1fd14abdc/in_use.lock acquired by nodename 4979@fv-az291-460
2021-10-10 13:47:21,114 [pool-562-thread-1] INFO  storage.RaftStorage (RaftStorageImpl.java:format(89)) - Storage directory /home/runner/work/ozone/ozone/hadoop-ozone/integration-test/target/test-dir/MiniOzoneClusterImpl-0f145d0e-b24d-4882-976e-a7baa8a64dfe/datanode-3/data/ratis/5ec87732-cd3d-4223-b6cf-0cd1fd14abdc has been successfully formatted.
2021-10-10 13:47:21,114 [pool-600-thread-1] INFO  util.JmxRegister (JmxRegister.java:tryRegister(44)) - Successfully registered JMX Bean with object name Ratis:service=RaftServer,group=group-644A06A5DE74,id=2432123a-b439-42d5-83b4-1981f0fa2384
2021-10-10 13:47:21,131 [Command processor thread] INFO  ratis.XceiverServerRatis (XceiverServerRatis.java:addGroup(763)) - Created group PipelineID=78ffa57c-9e25-44e6-b4ea-644a06a5de74
2021-10-10 13:47:21,192 [pool-562-thread-1] INFO  ratis.ContainerStateMachine (ContainerStateMachine.java:loadSnapshot(224)) - group-0CD1FD14ABDC: The snapshot info is null. Setting the last applied indexto:(t:0, i:~)
2021-10-10 13:47:21,192 [pool-562-thread-1] INFO  server.RaftServerConfigKeys (ConfUtils.java:logGet(44)) - raft.server.notification.no-leader.timeout = 300000ms (custom)
2021-10-10 13:47:21,192 [pool-562-thread-1] INFO  server.RaftServerConfigKeys (ConfUtils.java:logGet(44)) - raft.server.log.use.memory = false (default)
2021-10-10 13:47:21,192 [pool-562-thread-1] INFO  server.RaftServerConfigKeys (ConfUtils.java:logGet(44)) - raft.server.log.purge.gap = 1000000 (custom)
2021-10-10 13:47:21,192 [pool-562-thread-1] INFO  server.RaftServerConfigKeys (ConfUtils.java:logGet(44)) - raft.server.log.appender.buffer.byte-limit = 33554432 (custom)
2021-10-10 13:47:21,192 [pool-562-thread-1] INFO  server.RaftServerConfigKeys (ConfUtils.java:logGet(44)) - raft.server.log.segment.size.max = 1048576 (custom)
2021-10-10 13:47:21,193 [pool-562-thread-1] INFO  server.RaftServerConfigKeys (ConfUtils.java:logGet(44)) - raft.server.log.segment.cache.num.max = 2 (custom)
2021-10-10 13:47:21,193 [pool-562-thread-1] INFO  server.RaftServerConfigKeys (ConfUtils.java:logGet(44)) - raft.server.log.segment.cache.size.max = 200MB (=209715200) (default)
2021-10-10 13:47:21,193 [pool-562-thread-1] INFO  segmented.SegmentedRaftLogWorker (SegmentedRaftLogWorker.java:<init>(182)) - new 1d4e4b2f-e6a0-4223-b62b-246b29415176@group-0CD1FD14ABDC-SegmentedRaftLogWorker for RaftStorageImpl:Storage Directory /home/runner/work/ozone/ozone/hadoop-ozone/integration-test/target/test-dir/MiniOzoneClusterImpl-0f145d0e-b24d-4882-976e-a7baa8a64dfe/datanode-3/data/ratis/5ec87732-cd3d-4223-b6cf-0cd1fd14abdc
2021-10-10 13:47:21,193 [pool-562-thread-1] INFO  server.RaftServerConfigKeys (ConfUtils.java:logGet(44)) - raft.server.log.queue.byte-limit = 2147483647 (custom)
2021-10-10 13:47:21,193 [Datanode State Machine Thread - 0] WARN  statemachine.StateContext (StateContext.java:execute(621)) - No available thread in pool for past 1 seconds.
2021-10-10 13:47:21,196 [pool-562-thread-1] INFO  server.RaftServerConfigKeys (ConfUtils.java:logGet(44)) - raft.server.log.queue.element-limit = 1024 (custom)
2021-10-10 13:47:21,196 [pool-562-thread-1] INFO  server.RaftServerConfigKeys (ConfUtils.java:logGet(44)) - raft.server.log.segment.size.max = 1048576 (custom)
2021-10-10 13:47:21,196 [pool-562-thread-1] INFO  server.RaftServerConfigKeys (ConfUtils.java:logGet(44)) - raft.server.log.preallocated.size = 16384 (custom)
2021-10-10 13:47:21,196 [pool-562-thread-1] INFO  server.RaftServerConfigKeys (ConfUtils.java:logGet(44)) - raft.server.log.force.sync.num = 128 (default)
2021-10-10 13:47:21,196 [pool-562-thread-1] INFO  server.RaftServerConfigKeys (ConfUtils.java:logGet(44)) - raft.server.log.statemachine.data.sync = true (default)
2021-10-10 13:47:21,196 [pool-562-thread-1] INFO  server.RaftServerConfigKeys (ConfUtils.java:logGet(44)) - raft.server.log.statemachine.data.sync.timeout = 10s (default)
2021-10-10 13:47:21,196 [pool-562-thread-1] INFO  server.RaftServerConfigKeys (ConfUtils.java:logGet(44)) - raft.server.log.statemachine.data.sync.timeout.retry = -1 (default)
2021-10-10 13:47:21,197 [pool-562-thread-1] INFO  server.RaftServerConfigKeys (ConfUtils.java:logGet(44)) - raft.server.log.write.buffer.size = 1048576 (custom)
2021-10-10 13:47:21,198 [pool-562-thread-1] INFO  server.RaftServerConfigKeys (ConfUtils.java:logGet(44)) - raft.server.log.statemachine.data.caching.enabled = true (custom)
2021-10-10 13:47:21,198 [pool-562-thread-1] INFO  segmented.SegmentedRaftLogWorker (SegmentedRaftLogWorker.java:lambda$new$0(133)) - 1d4e4b2f-e6a0-4223-b62b-246b29415176@group-0CD1FD14ABDC-SegmentedRaftLogWorker: flushIndex: setUnconditionally 0 -> -1
2021-10-10 13:47:21,198 [pool-562-thread-1] INFO  segmented.SegmentedRaftLogWorker (SegmentedRaftLogWorker.java:lambda$new$0(133)) - 1d4e4b2f-e6a0-4223-b62b-246b29415176@group-0CD1FD14ABDC-SegmentedRaftLogWorker: safeCacheEvictIndex: setUnconditionally 0 -> -1
2021-10-10 13:47:21,201 [pool-562-thread-1] INFO  server.RaftServerConfigKeys (ConfUtils.java:logGet(44)) - raft.server.snapshot.auto.trigger.enabled = true (custom)
2021-10-10 13:47:21,201 [pool-562-thread-1] INFO  server.RaftServerConfigKeys (ConfUtils.java:logGet(44)) - raft.server.snapshot.auto.trigger.threshold = 10000 (custom)
2021-10-10 13:47:21,202 [pool-562-thread-1] INFO  server.RaftServerConfigKeys (ConfUtils.java:logGet(44)) - raft.server.snapshot.retention.file.num = 5 (custom)
2021-10-10 13:47:21,202 [pool-562-thread-1] INFO  server.RaftServerConfigKeys (ConfUtils.java:logGet(44)) - raft.server.log.purge.upto.snapshot.index = false (default)
2021-10-10 13:47:21,202 [pool-562-thread-1] INFO  server.RaftServerConfigKeys (ConfUtils.java:logGet(44)) - raft.server.retrycache.expirytime = 600000ms (custom)
2021-10-10 13:47:21,202 [pool-562-thread-1] INFO  server.RaftServerConfigKeys (ConfUtils.java:logGet(44)) - raft.server.retrycache.statistics.expirytime = 100μs (default)
2021-10-10 13:47:21,203 [pool-562-thread-1] INFO  server.RaftServer$Division (RaftServerImpl.java:start(296)) - 1d4e4b2f-e6a0-4223-b62b-246b29415176@group-0CD1FD14ABDC: start as a follower, conf=-1: [1d4e4b2f-e6a0-4223-b62b-246b29415176|rpc:10.1.0.17:44219|dataStream:|priority:1, 9f3dcedd-2157-4ae4-b723-f54bfee8d9ce|rpc:10.1.0.17:40315|dataStream:|priority:0, e1b2127a-933c-4bfc-a8fa-edeeb9ccf213|rpc:10.1.0.17:33955|dataStream:|priority:0], old=null
2021-10-10 13:47:21,203 [pool-562-thread-1] INFO  server.RaftServer$Division (RaftServerImpl.java:setRole(285)) - 1d4e4b2f-e6a0-4223-b62b-246b29415176@group-0CD1FD14ABDC: changes role from      null to FOLLOWER at term 0 for startAsFollower
2021-10-10 13:47:21,203 [pool-562-thread-1] INFO  impl.RoleInfo (RoleInfo.java:updateAndGet(130)) - 1d4e4b2f-e6a0-4223-b62b-246b29415176: start 1d4e4b2f-e6a0-4223-b62b-246b29415176@group-0CD1FD14ABDC-FollowerState
2021-10-10 13:47:21,215 [pool-562-thread-1] INFO  util.JmxRegister (JmxRegister.java:tryRegister(44)) - Successfully registered JMX Bean with object name Ratis:service=RaftServer,group=group-0CD1FD14ABDC,id=1d4e4b2f-e6a0-4223-b62b-246b29415176
2021-10-10 13:47:21,346 [Command processor thread] INFO  commandhandler.CreatePipelineCommandHandler (CreatePipelineCommandHandler.java:handle(106)) - Created Pipeline RATIS THREE PipelineID=5ec87732-cd3d-4223-b6cf-0cd1fd14abdc.
2021-10-10 13:47:21,395 [grpc-default-executor-7] INFO  server.RaftServer (RaftServerProxy.java:addNew(95)) - 1d4e4b2f-e6a0-4223-b62b-246b29415176: addNew group-644A06A5DE74:[2432123a-b439-42d5-83b4-1981f0fa2384|rpc:10.1.0.17:39429|dataStream:|priority:0, 1d4e4b2f-e6a0-4223-b62b-246b29415176|rpc:10.1.0.17:44219|dataStream:|priority:0, e1b2127a-933c-4bfc-a8fa-edeeb9ccf213|rpc:10.1.0.17:33955|dataStream:|priority:1] returns group-644A06A5DE74:java.util.concurrent.CompletableFuture@494bfd13[Not completed]
2021-10-10 13:47:21,398 [pool-562-thread-1] INFO  server.RaftServer$Division (RaftServerImpl.java:<init>(181)) - 1d4e4b2f-e6a0-4223-b62b-246b29415176: new RaftServerImpl for group-644A06A5DE74:[2432123a-b439-42d5-83b4-1981f0fa2384|rpc:10.1.0.17:39429|dataStream:|priority:0, 1d4e4b2f-e6a0-4223-b62b-246b29415176|rpc:10.1.0.17:44219|dataStream:|priority:0, e1b2127a-933c-4bfc-a8fa-edeeb9ccf213|rpc:10.1.0.17:33955|dataStream:|priority:1] with ContainerStateMachine:uninitialized
2021-10-10 13:47:21,398 [pool-562-thread-1] INFO  server.RaftServerConfigKeys (ConfUtils.java:logGet(44)) - raft.server.rpc.timeout.min = 5s (custom)
2021-10-10 13:47:21,398 [pool-562-thread-1] INFO  server.RaftServerConfigKeys (ConfUtils.java:logGet(44)) - raft.server.rpc.timeout.max = 5200ms (custom)
2021-10-10 13:47:21,398 [pool-562-thread-1] INFO  server.RaftServerConfigKeys (ConfUtils.java:logGet(44)) - raft.server.rpc.sleep.time = 25ms (default)
2021-10-10 13:47:21,398 [pool-562-thread-1] INFO  server.RaftServerConfigKeys (ConfUtils.java:logGet(44)) - raft.server.rpc.slowness.timeout = 300000ms (custom)
2021-10-10 13:47:21,399 [pool-562-thread-1] INFO  server.RaftServerConfigKeys (ConfUtils.java:logGet(44)) - raft.server.leaderelection.leader.step-down.wait-time = 10s (default)
2021-10-10 13:47:21,399 [pool-562-thread-1] INFO  server.RaftServerConfigKeys (ConfUtils.java:logGet(44)) - raft.server.sleep.deviation.threshold = 300ms (default)
2021-10-10 13:47:21,399 [pool-562-thread-1] INFO  server.RaftServerConfigKeys (ConfUtils.java:logGet(44)) - raft.server.log.appender.install.snapshot.enabled = false (custom)
2021-10-10 13:47:21,399 [pool-562-thread-1] INFO  server.RaftServer$Division (ServerState.java:<init>(105)) - 1d4e4b2f-e6a0-4223-b62b-246b29415176@group-644A06A5DE74: ConfigurationManager, init=-1: [2432123a-b439-42d5-83b4-1981f0fa2384|rpc:10.1.0.17:39429|dataStream:|priority:0, 1d4e4b2f-e6a0-4223-b62b-246b29415176|rpc:10.1.0.17:44219|dataStream:|priority:0, e1b2127a-933c-4bfc-a8fa-edeeb9ccf213|rpc:10.1.0.17:33955|dataStream:|priority:1], old=null, confs=<EMPTY_MAP>
2021-10-10 13:47:21,399 [pool-562-thread-1] INFO  server.RaftServerConfigKeys (ConfUtils.java:logGet(44)) - raft.server.storage.dir = [/home/runner/work/ozone/ozone/hadoop-ozone/integration-test/target/test-dir/MiniOzoneClusterImpl-0f145d0e-b24d-4882-976e-a7baa8a64dfe/datanode-3/data/ratis] (custom)
2021-10-10 13:47:21,399 [pool-562-thread-1] INFO  server.RaftServerConfigKeys (ConfUtils.java:logGet(44)) - raft.server.log.corruption.policy = EXCEPTION (default)
2021-10-10 13:47:21,399 [pool-562-thread-1] INFO  server.RaftServerConfigKeys (ConfUtils.java:logGet(44)) - raft.server.storage.free-space.min = 0MB (=0) (default)
2021-10-10 13:47:21,399 [pool-562-thread-1] INFO  storage.RaftStorageDirectory (RaftStorageDirectoryImpl.java:analyzeStorage(135)) - The storage directory /home/runner/work/ozone/ozone/hadoop-ozone/integration-test/target/test-dir/MiniOzoneClusterImpl-0f145d0e-b24d-4882-976e-a7baa8a64dfe/datanode-3/data/ratis/78ffa57c-9e25-44e6-b4ea-644a06a5de74 does not exist. Creating ...
2021-10-10 13:47:21,401 [pool-562-thread-1] INFO  storage.RaftStorageDirectory (RaftStorageDirectoryImpl.java:tryLock(230)) - Lock on /home/runner/work/ozone/ozone/hadoop-ozone/integration-test/target/test-dir/MiniOzoneClusterImpl-0f145d0e-b24d-4882-976e-a7baa8a64dfe/datanode-3/data/ratis/78ffa57c-9e25-44e6-b4ea-644a06a5de74/in_use.lock acquired by nodename 4979@fv-az291-460
2021-10-10 13:47:21,403 [pool-562-thread-1] INFO  storage.RaftStorage (RaftStorageImpl.java:format(89)) - Storage directory /home/runner/work/ozone/ozone/hadoop-ozone/integration-test/target/test-dir/MiniOzoneClusterImpl-0f145d0e-b24d-4882-976e-a7baa8a64dfe/datanode-3/data/ratis/78ffa57c-9e25-44e6-b4ea-644a06a5de74 has been successfully formatted.
2021-10-10 13:47:21,426 [pool-562-thread-1] INFO  ratis.ContainerStateMachine (ContainerStateMachine.java:loadSnapshot(224)) - group-644A06A5DE74: The snapshot info is null. Setting the last applied indexto:(t:0, i:~)
2021-10-10 13:47:21,426 [pool-562-thread-1] INFO  server.RaftServerConfigKeys (ConfUtils.java:logGet(44)) - raft.server.notification.no-leader.timeout = 300000ms (custom)
2021-10-10 13:47:21,426 [pool-562-thread-1] INFO  server.RaftServerConfigKeys (ConfUtils.java:logGet(44)) - raft.server.log.use.memory = false (default)
2021-10-10 13:47:21,426 [pool-562-thread-1] INFO  server.RaftServerConfigKeys (ConfUtils.java:logGet(44)) - raft.server.log.purge.gap = 1000000 (custom)
2021-10-10 13:47:21,426 [pool-562-thread-1] INFO  server.RaftServerConfigKeys (ConfUtils.java:logGet(44)) - raft.server.log.appender.buffer.byte-limit = 33554432 (custom)
2021-10-10 13:47:21,426 [pool-562-thread-1] INFO  server.RaftServerConfigKeys (ConfUtils.java:logGet(44)) - raft.server.log.segment.size.max = 1048576 (custom)
2021-10-10 13:47:21,427 [pool-562-thread-1] INFO  server.RaftServerConfigKeys (ConfUtils.java:logGet(44)) - raft.server.log.segment.cache.num.max = 2 (custom)
2021-10-10 13:47:21,427 [pool-562-thread-1] INFO  server.RaftServerConfigKeys (ConfUtils.java:logGet(44)) - raft.server.log.segment.cache.size.max = 200MB (=209715200) (default)
2021-10-10 13:47:21,427 [pool-562-thread-1] INFO  segmented.SegmentedRaftLogWorker (SegmentedRaftLogWorker.java:<init>(182)) - new 1d4e4b2f-e6a0-4223-b62b-246b29415176@group-644A06A5DE74-SegmentedRaftLogWorker for RaftStorageImpl:Storage Directory /home/runner/work/ozone/ozone/hadoop-ozone/integration-test/target/test-dir/MiniOzoneClusterImpl-0f145d0e-b24d-4882-976e-a7baa8a64dfe/datanode-3/data/ratis/78ffa57c-9e25-44e6-b4ea-644a06a5de74
2021-10-10 13:47:21,427 [pool-562-thread-1] INFO  server.RaftServerConfigKeys (ConfUtils.java:logGet(44)) - raft.server.log.queue.byte-limit = 2147483647 (custom)
2021-10-10 13:47:21,427 [pool-562-thread-1] INFO  server.RaftServerConfigKeys (ConfUtils.java:logGet(44)) - raft.server.log.queue.element-limit = 1024 (custom)
2021-10-10 13:47:21,427 [pool-562-thread-1] INFO  server.RaftServerConfigKeys (ConfUtils.java:logGet(44)) - raft.server.log.segment.size.max = 1048576 (custom)
2021-10-10 13:47:21,427 [pool-562-thread-1] INFO  server.RaftServerConfigKeys (ConfUtils.java:logGet(44)) - raft.server.log.preallocated.size = 16384 (custom)
2021-10-10 13:47:21,427 [pool-562-thread-1] INFO  server.RaftServerConfigKeys (ConfUtils.java:logGet(44)) - raft.server.log.force.sync.num = 128 (default)
2021-10-10 13:47:21,427 [pool-562-thread-1] INFO  server.RaftServerConfigKeys (ConfUtils.java:logGet(44)) - raft.server.log.statemachine.data.sync = true (default)
2021-10-10 13:47:21,427 [pool-562-thread-1] INFO  server.RaftServerConfigKeys (ConfUtils.java:logGet(44)) - raft.server.log.statemachine.data.sync.timeout = 10s (default)
2021-10-10 13:47:21,427 [Datanode State Machine Thread - 0] WARN  statemachine.StateContext (StateContext.java:execute(621)) - No available thread in pool for past 1 seconds.
2021-10-10 13:47:21,429 [pool-562-thread-1] INFO  server.RaftServerConfigKeys (ConfUtils.java:logGet(44)) - raft.server.log.statemachine.data.sync.timeout.retry = -1 (default)
2021-10-10 13:47:21,430 [pool-562-thread-1] INFO  server.RaftServerConfigKeys (ConfUtils.java:logGet(44)) - raft.server.log.write.buffer.size = 1048576 (custom)
2021-10-10 13:47:21,430 [pool-562-thread-1] INFO  server.RaftServerConfigKeys (ConfUtils.java:logGet(44)) - raft.server.log.statemachine.data.caching.enabled = true (custom)
2021-10-10 13:47:21,430 [pool-562-thread-1] INFO  segmented.SegmentedRaftLogWorker (SegmentedRaftLogWorker.java:lambda$new$0(133)) - 1d4e4b2f-e6a0-4223-b62b-246b29415176@group-644A06A5DE74-SegmentedRaftLogWorker: flushIndex: setUnconditionally 0 -> -1
2021-10-10 13:47:21,431 [pool-562-thread-1] INFO  segmented.SegmentedRaftLogWorker (SegmentedRaftLogWorker.java:lambda$new$0(133)) - 1d4e4b2f-e6a0-4223-b62b-246b29415176@group-644A06A5DE74-SegmentedRaftLogWorker: safeCacheEvictIndex: setUnconditionally 0 -> -1
2021-10-10 13:47:21,484 [pool-562-thread-1] INFO  server.RaftServerConfigKeys (ConfUtils.java:logGet(44)) - raft.server.snapshot.auto.trigger.enabled = true (custom)
2021-10-10 13:47:21,484 [pool-562-thread-1] INFO  server.RaftServerConfigKeys (ConfUtils.java:logGet(44)) - raft.server.snapshot.auto.trigger.threshold = 10000 (custom)
2021-10-10 13:47:21,485 [pool-562-thread-1] INFO  server.RaftServerConfigKeys (ConfUtils.java:logGet(44)) - raft.server.snapshot.retention.file.num = 5 (custom)
2021-10-10 13:47:21,485 [pool-562-thread-1] INFO  server.RaftServerConfigKeys (ConfUtils.java:logGet(44)) - raft.server.log.purge.upto.snapshot.index = false (default)
2021-10-10 13:47:21,485 [pool-562-thread-1] INFO  server.RaftServerConfigKeys (ConfUtils.java:logGet(44)) - raft.server.retrycache.expirytime = 600000ms (custom)
2021-10-10 13:47:21,485 [pool-562-thread-1] INFO  server.RaftServerConfigKeys (ConfUtils.java:logGet(44)) - raft.server.retrycache.statistics.expirytime = 100μs (default)
2021-10-10 13:47:21,509 [pool-562-thread-1] INFO  server.RaftServer$Division (RaftServerImpl.java:start(296)) - 1d4e4b2f-e6a0-4223-b62b-246b29415176@group-644A06A5DE74: start as a follower, conf=-1: [2432123a-b439-42d5-83b4-1981f0fa2384|rpc:10.1.0.17:39429|dataStream:|priority:0, 1d4e4b2f-e6a0-4223-b62b-246b29415176|rpc:10.1.0.17:44219|dataStream:|priority:0, e1b2127a-933c-4bfc-a8fa-edeeb9ccf213|rpc:10.1.0.17:33955|dataStream:|priority:1], old=null
2021-10-10 13:47:21,509 [pool-562-thread-1] INFO  server.RaftServer$Division (RaftServerImpl.java:setRole(285)) - 1d4e4b2f-e6a0-4223-b62b-246b29415176@group-644A06A5DE74: changes role from      null to FOLLOWER at term 0 for startAsFollower
2021-10-10 13:47:21,509 [pool-562-thread-1] INFO  impl.RoleInfo (RoleInfo.java:updateAndGet(130)) - 1d4e4b2f-e6a0-4223-b62b-246b29415176: start 1d4e4b2f-e6a0-4223-b62b-246b29415176@group-644A06A5DE74-FollowerState
2021-10-10 13:47:21,517 [pool-562-thread-1] INFO  util.JmxRegister (JmxRegister.java:tryRegister(44)) - Successfully registered JMX Bean with object name Ratis:service=RaftServer,group=group-644A06A5DE74,id=1d4e4b2f-e6a0-4223-b62b-246b29415176
2021-10-10 13:47:21,559 [Command processor thread] INFO  commandhandler.CreatePipelineCommandHandler (CreatePipelineCommandHandler.java:handle(106)) - Created Pipeline RATIS THREE PipelineID=78ffa57c-9e25-44e6-b4ea-644a06a5de74.
2021-10-10 13:47:25,946 [ForkJoinPool.commonPool-worker-1] INFO  ozoneimpl.OzoneContainer (OzoneContainer.java:stop(325)) - Attempting to stop container services.
2021-10-10 13:47:25,947 [ForkJoinPool.commonPool-worker-1] INFO  server.RaftServer (RaftServerProxy.java:lambda$close$6(391)) - c90bef4f-1c21-43c2-97aa-1f5cf6648a6f: close
2021-10-10 13:47:25,947 [ForkJoinPool.commonPool-worker-1] INFO  server.RaftServer$Division (RaftServerImpl.java:lambda$close$4(407)) - c90bef4f-1c21-43c2-97aa-1f5cf6648a6f@group-FB8E1BDD31C6: shutdown
2021-10-10 13:47:25,947 [ForkJoinPool.commonPool-worker-1] INFO  util.JmxRegister (JmxRegister.java:unregister(73)) - Successfully un-registered JMX Bean with object name Ratis:service=RaftServer,group=group-FB8E1BDD31C6,id=c90bef4f-1c21-43c2-97aa-1f5cf6648a6f
2021-10-10 13:47:25,947 [ForkJoinPool.commonPool-worker-1] INFO  impl.RoleInfo (RoleInfo.java:shutdownLeaderState(91)) - c90bef4f-1c21-43c2-97aa-1f5cf6648a6f: shutdown c90bef4f-1c21-43c2-97aa-1f5cf6648a6f@group-FB8E1BDD31C6-LeaderStateImpl
2021-10-10 13:47:25,947 [ForkJoinPool.commonPool-worker-1] INFO  impl.PendingRequests (PendingRequests.java:sendNotLeaderResponses(282)) - c90bef4f-1c21-43c2-97aa-1f5cf6648a6f@group-FB8E1BDD31C6-PendingRequests: sendNotLeaderResponses
2021-10-10 13:47:25,952 [Listener at 127.0.0.1/44821] INFO  ozoneimpl.OzoneContainer (OzoneContainer.java:stop(325)) - Attempting to stop container services.
2021-10-10 13:47:25,952 [Listener at 127.0.0.1/44821] INFO  server.RaftServer (RaftServerProxy.java:lambda$close$6(391)) - 9f3dcedd-2157-4ae4-b723-f54bfee8d9ce: close
2021-10-10 13:47:25,952 [Listener at 127.0.0.1/44821] INFO  server.RaftServer$Division (RaftServerImpl.java:lambda$close$4(407)) - 9f3dcedd-2157-4ae4-b723-f54bfee8d9ce@group-0CD1FD14ABDC: shutdown
2021-10-10 13:47:25,952 [Listener at 127.0.0.1/44821] INFO  util.JmxRegister (JmxRegister.java:unregister(73)) - Successfully un-registered JMX Bean with object name Ratis:service=RaftServer,group=group-0CD1FD14ABDC,id=9f3dcedd-2157-4ae4-b723-f54bfee8d9ce
2021-10-10 13:47:25,952 [Listener at 127.0.0.1/44821] INFO  impl.RoleInfo (RoleInfo.java:shutdownFollowerState(108)) - 9f3dcedd-2157-4ae4-b723-f54bfee8d9ce: shutdown 9f3dcedd-2157-4ae4-b723-f54bfee8d9ce@group-0CD1FD14ABDC-FollowerState
2021-10-10 13:47:25,952 [Listener at 127.0.0.1/44821] INFO  impl.StateMachineUpdater (StateMachineUpdater.java:stopAndJoin(149)) - 9f3dcedd-2157-4ae4-b723-f54bfee8d9ce@group-0CD1FD14ABDC-StateMachineUpdater: set stopIndex = -1
2021-10-10 13:47:25,952 [9f3dcedd-2157-4ae4-b723-f54bfee8d9ce@group-0CD1FD14ABDC-FollowerState] INFO  impl.FollowerState (FollowerState.java:run(143)) - 9f3dcedd-2157-4ae4-b723-f54bfee8d9ce@group-0CD1FD14ABDC-FollowerState was interrupted: {}
java.lang.InterruptedException: sleep interrupted
	at java.lang.Thread.sleep(Native Method)
	at java.lang.Thread.sleep(Thread.java:340)
	at java.util.concurrent.TimeUnit.sleep(TimeUnit.java:386)
	at org.apache.ratis.util.TimeDuration.sleep(TimeDuration.java:324)
	at org.apache.ratis.util.TimeDuration.sleep(TimeDuration.java:309)
	at org.apache.ratis.server.impl.FollowerState.run(FollowerState.java:118)
2021-10-10 13:47:25,953 [Listener at 127.0.0.1/44821] INFO  server.RaftServer$Division (ServerState.java:close(419)) - 9f3dcedd-2157-4ae4-b723-f54bfee8d9ce@group-0CD1FD14ABDC: closes. applyIndex: -1
2021-10-10 13:47:25,953 [9f3dcedd-2157-4ae4-b723-f54bfee8d9ce@group-0CD1FD14ABDC-SegmentedRaftLogWorker] INFO  segmented.SegmentedRaftLogWorker (SegmentedRaftLogWorker.java:run(327)) - 9f3dcedd-2157-4ae4-b723-f54bfee8d9ce@group-0CD1FD14ABDC-SegmentedRaftLogWorker was interrupted, exiting. There are 0 tasks remaining in the queue.
2021-10-10 13:47:25,953 [Listener at 127.0.0.1/44821] INFO  segmented.SegmentedRaftLogWorker (SegmentedRaftLogWorker.java:close(237)) - 9f3dcedd-2157-4ae4-b723-f54bfee8d9ce@group-0CD1FD14ABDC-SegmentedRaftLogWorker close()
2021-10-10 13:47:25,966 [Listener at 127.0.0.1/44821] INFO  server.RaftServer$Division (RaftServerImpl.java:lambda$close$4(407)) - 9f3dcedd-2157-4ae4-b723-f54bfee8d9ce@group-10DC44BAC609: shutdown
2021-10-10 13:47:25,966 [Listener at 127.0.0.1/44821] INFO  util.JmxRegister (JmxRegister.java:unregister(73)) - Successfully un-registered JMX Bean with object name Ratis:service=RaftServer,group=group-10DC44BAC609,id=9f3dcedd-2157-4ae4-b723-f54bfee8d9ce
2021-10-10 13:47:25,966 [Listener at 127.0.0.1/44821] INFO  impl.RoleInfo (RoleInfo.java:shutdownFollowerState(108)) - 9f3dcedd-2157-4ae4-b723-f54bfee8d9ce: shutdown 9f3dcedd-2157-4ae4-b723-f54bfee8d9ce@group-10DC44BAC609-FollowerState
2021-10-10 13:47:25,966 [Listener at 127.0.0.1/44821] INFO  impl.StateMachineUpdater (StateMachineUpdater.java:stopAndJoin(149)) - 9f3dcedd-2157-4ae4-b723-f54bfee8d9ce@group-10DC44BAC609-StateMachineUpdater: set stopIndex = -1
2021-10-10 13:47:25,966 [9f3dcedd-2157-4ae4-b723-f54bfee8d9ce@group-10DC44BAC609-FollowerState] INFO  impl.FollowerState (FollowerState.java:run(143)) - 9f3dcedd-2157-4ae4-b723-f54bfee8d9ce@group-10DC44BAC609-FollowerState was interrupted: {}
java.lang.InterruptedException: sleep interrupted
	at java.lang.Thread.sleep(Native Method)
	at java.lang.Thread.sleep(Thread.java:340)
	at java.util.concurrent.TimeUnit.sleep(TimeUnit.java:386)
	at org.apache.ratis.util.TimeDuration.sleep(TimeDuration.java:324)
	at org.apache.ratis.util.TimeDuration.sleep(TimeDuration.java:309)
	at org.apache.ratis.server.impl.FollowerState.run(FollowerState.java:118)
2021-10-10 13:47:25,974 [ForkJoinPool.commonPool-worker-1] INFO  impl.StateMachineUpdater (StateMachineUpdater.java:stopAndJoin(149)) - c90bef4f-1c21-43c2-97aa-1f5cf6648a6f@group-FB8E1BDD31C6-StateMachineUpdater: set stopIndex = 13
2021-10-10 13:47:25,975 [c90bef4f-1c21-43c2-97aa-1f5cf6648a6f@group-FB8E1BDD31C6-StateMachineUpdater] INFO  ratis.ContainerStateMachine (ContainerStateMachine.java:takeSnapshot(292)) - group-FB8E1BDD31C6: Taking a snapshot at:(t:1, i:13) file /home/runner/work/ozone/ozone/hadoop-ozone/integration-test/target/test-dir/MiniOzoneClusterImpl-0f145d0e-b24d-4882-976e-a7baa8a64dfe/datanode-1/data/ratis/3392ea42-86df-40ab-b9c0-fb8e1bdd31c6/sm/snapshot.1_13
2021-10-10 13:47:25,977 [c90bef4f-1c21-43c2-97aa-1f5cf6648a6f@group-FB8E1BDD31C6-StateMachineUpdater] INFO  ratis.ContainerStateMachine (ContainerStateMachine.java:takeSnapshot(303)) - group-FB8E1BDD31C6: Finished taking a snapshot at:(t:1, i:13) file:/home/runner/work/ozone/ozone/hadoop-ozone/integration-test/target/test-dir/MiniOzoneClusterImpl-0f145d0e-b24d-4882-976e-a7baa8a64dfe/datanode-1/data/ratis/3392ea42-86df-40ab-b9c0-fb8e1bdd31c6/sm/snapshot.1_13 took: 1 ms
2021-10-10 13:47:25,977 [c90bef4f-1c21-43c2-97aa-1f5cf6648a6f@group-FB8E1BDD31C6-StateMachineUpdater] INFO  impl.StateMachineUpdater (StateMachineUpdater.java:takeSnapshot(281)) - c90bef4f-1c21-43c2-97aa-1f5cf6648a6f@group-FB8E1BDD31C6-StateMachineUpdater: Took a snapshot at index 13
2021-10-10 13:47:25,977 [c90bef4f-1c21-43c2-97aa-1f5cf6648a6f@group-FB8E1BDD31C6-StateMachineUpdater] INFO  impl.StateMachineUpdater (StateMachineUpdater.java:lambda$new$0(89)) - c90bef4f-1c21-43c2-97aa-1f5cf6648a6f@group-FB8E1BDD31C6-StateMachineUpdater: snapshotIndex: updateIncreasingly -1 -> 13
2021-10-10 13:47:25,978 [ForkJoinPool.commonPool-worker-1] INFO  server.RaftServer$Division (ServerState.java:close(419)) - c90bef4f-1c21-43c2-97aa-1f5cf6648a6f@group-FB8E1BDD31C6: closes. applyIndex: 13
2021-10-10 13:47:25,978 [c90bef4f-1c21-43c2-97aa-1f5cf6648a6f@group-FB8E1BDD31C6-SegmentedRaftLogWorker] INFO  segmented.SegmentedRaftLogWorker (SegmentedRaftLogWorker.java:run(327)) - c90bef4f-1c21-43c2-97aa-1f5cf6648a6f@group-FB8E1BDD31C6-SegmentedRaftLogWorker was interrupted, exiting. There are 0 tasks remaining in the queue.
2021-10-10 13:47:25,980 [ForkJoinPool.commonPool-worker-1] INFO  segmented.SegmentedRaftLogWorker (SegmentedRaftLogWorker.java:close(237)) - c90bef4f-1c21-43c2-97aa-1f5cf6648a6f@group-FB8E1BDD31C6-SegmentedRaftLogWorker close()
2021-10-10 13:47:25,987 [ForkJoinPool.commonPool-worker-1] INFO  server.RaftServer$Division (RaftServerImpl.java:lambda$close$4(407)) - c90bef4f-1c21-43c2-97aa-1f5cf6648a6f@group-B7D4081FF85C: shutdown
2021-10-10 13:47:25,987 [ForkJoinPool.commonPool-worker-1] INFO  util.JmxRegister (JmxRegister.java:unregister(73)) - Successfully un-registered JMX Bean with object name Ratis:service=RaftServer,group=group-B7D4081FF85C,id=c90bef4f-1c21-43c2-97aa-1f5cf6648a6f
2021-10-10 13:47:25,987 [ForkJoinPool.commonPool-worker-1] INFO  impl.RoleInfo (RoleInfo.java:shutdownFollowerState(108)) - c90bef4f-1c21-43c2-97aa-1f5cf6648a6f: shutdown c90bef4f-1c21-43c2-97aa-1f5cf6648a6f@group-B7D4081FF85C-FollowerState
2021-10-10 13:47:25,987 [ForkJoinPool.commonPool-worker-1] INFO  impl.StateMachineUpdater (StateMachineUpdater.java:stopAndJoin(149)) - c90bef4f-1c21-43c2-97aa-1f5cf6648a6f@group-B7D4081FF85C-StateMachineUpdater: set stopIndex = 0
2021-10-10 13:47:25,987 [c90bef4f-1c21-43c2-97aa-1f5cf6648a6f@group-B7D4081FF85C-FollowerState] INFO  impl.FollowerState (FollowerState.java:run(143)) - c90bef4f-1c21-43c2-97aa-1f5cf6648a6f@group-B7D4081FF85C-FollowerState was interrupted: {}
java.lang.InterruptedException: sleep interrupted
	at java.lang.Thread.sleep(Native Method)
	at java.lang.Thread.sleep(Thread.java:340)
	at java.util.concurrent.TimeUnit.sleep(TimeUnit.java:386)
	at org.apache.ratis.util.TimeDuration.sleep(TimeDuration.java:324)
	at org.apache.ratis.util.TimeDuration.sleep(TimeDuration.java:309)
	at org.apache.ratis.server.impl.FollowerState.run(FollowerState.java:118)
2021-10-10 13:47:25,988 [c90bef4f-1c21-43c2-97aa-1f5cf6648a6f@group-B7D4081FF85C-StateMachineUpdater] INFO  ratis.ContainerStateMachine (ContainerStateMachine.java:takeSnapshot(292)) - group-B7D4081FF85C: Taking a snapshot at:(t:1, i:0) file /home/runner/work/ozone/ozone/hadoop-ozone/integration-test/target/test-dir/MiniOzoneClusterImpl-0f145d0e-b24d-4882-976e-a7baa8a64dfe/datanode-1/data/ratis/ea9209b1-93eb-495a-8c26-b7d4081ff85c/sm/snapshot.1_0
2021-10-10 13:47:25,989 [c90bef4f-1c21-43c2-97aa-1f5cf6648a6f@group-B7D4081FF85C-StateMachineUpdater] INFO  ratis.ContainerStateMachine (ContainerStateMachine.java:takeSnapshot(303)) - group-B7D4081FF85C: Finished taking a snapshot at:(t:1, i:0) file:/home/runner/work/ozone/ozone/hadoop-ozone/integration-test/target/test-dir/MiniOzoneClusterImpl-0f145d0e-b24d-4882-976e-a7baa8a64dfe/datanode-1/data/ratis/ea9209b1-93eb-495a-8c26-b7d4081ff85c/sm/snapshot.1_0 took: 2 ms
2021-10-10 13:47:25,989 [c90bef4f-1c21-43c2-97aa-1f5cf6648a6f@group-B7D4081FF85C-StateMachineUpdater] INFO  impl.StateMachineUpdater (StateMachineUpdater.java:takeSnapshot(281)) - c90bef4f-1c21-43c2-97aa-1f5cf6648a6f@group-B7D4081FF85C-StateMachineUpdater: Took a snapshot at index 0
2021-10-10 13:47:25,990 [c90bef4f-1c21-43c2-97aa-1f5cf6648a6f@group-B7D4081FF85C-StateMachineUpdater] INFO  impl.StateMachineUpdater (StateMachineUpdater.java:lambda$new$0(89)) - c90bef4f-1c21-43c2-97aa-1f5cf6648a6f@group-B7D4081FF85C-StateMachineUpdater: snapshotIndex: updateIncreasingly -1 -> 0
2021-10-10 13:47:25,990 [ForkJoinPool.commonPool-worker-1] INFO  server.RaftServer$Division (ServerState.java:close(419)) - c90bef4f-1c21-43c2-97aa-1f5cf6648a6f@group-B7D4081FF85C: closes. applyIndex: 0
2021-10-10 13:47:25,990 [c90bef4f-1c21-43c2-97aa-1f5cf6648a6f@group-B7D4081FF85C-SegmentedRaftLogWorker] INFO  segmented.SegmentedRaftLogWorker (SegmentedRaftLogWorker.java:run(327)) - c90bef4f-1c21-43c2-97aa-1f5cf6648a6f@group-B7D4081FF85C-SegmentedRaftLogWorker was interrupted, exiting. There are 0 tasks remaining in the queue.
2021-10-10 13:47:25,990 [ForkJoinPool.commonPool-worker-1] INFO  segmented.SegmentedRaftLogWorker (SegmentedRaftLogWorker.java:close(237)) - c90bef4f-1c21-43c2-97aa-1f5cf6648a6f@group-B7D4081FF85C-SegmentedRaftLogWorker close()
2021-10-10 13:47:25,992 [ForkJoinPool.commonPool-worker-1] INFO  server.RaftServer$Division (RaftServerImpl.java:lambda$close$4(407)) - c90bef4f-1c21-43c2-97aa-1f5cf6648a6f@group-CD7BCB0E62FF: shutdown
2021-10-10 13:47:25,992 [ForkJoinPool.commonPool-worker-1] INFO  util.JmxRegister (JmxRegister.java:unregister(73)) - Successfully un-registered JMX Bean with object name Ratis:service=RaftServer,group=group-CD7BCB0E62FF,id=c90bef4f-1c21-43c2-97aa-1f5cf6648a6f
2021-10-10 13:47:25,992 [ForkJoinPool.commonPool-worker-1] INFO  impl.RoleInfo (RoleInfo.java:shutdownFollowerState(108)) - c90bef4f-1c21-43c2-97aa-1f5cf6648a6f: shutdown c90bef4f-1c21-43c2-97aa-1f5cf6648a6f@group-CD7BCB0E62FF-FollowerState
2021-10-10 13:47:25,992 [ForkJoinPool.commonPool-worker-1] INFO  impl.StateMachineUpdater (StateMachineUpdater.java:stopAndJoin(149)) - c90bef4f-1c21-43c2-97aa-1f5cf6648a6f@group-CD7BCB0E62FF-StateMachineUpdater: set stopIndex = 0
2021-10-10 13:47:25,992 [c90bef4f-1c21-43c2-97aa-1f5cf6648a6f@group-CD7BCB0E62FF-FollowerState] INFO  impl.FollowerState (FollowerState.java:run(143)) - c90bef4f-1c21-43c2-97aa-1f5cf6648a6f@group-CD7BCB0E62FF-FollowerState was interrupted: {}
java.lang.InterruptedException: sleep interrupted
	at java.lang.Thread.sleep(Native Method)
	at java.lang.Thread.sleep(Thread.java:340)
	at java.util.concurrent.TimeUnit.sleep(TimeUnit.java:386)
	at org.apache.ratis.util.TimeDuration.sleep(TimeDuration.java:324)
	at org.apache.ratis.util.TimeDuration.sleep(TimeDuration.java:309)
	at org.apache.ratis.server.impl.FollowerState.run(FollowerState.java:118)
2021-10-10 13:47:25,993 [c90bef4f-1c21-43c2-97aa-1f5cf6648a6f@group-CD7BCB0E62FF-StateMachineUpdater] INFO  ratis.ContainerStateMachine (ContainerStateMachine.java:takeSnapshot(292)) - group-CD7BCB0E62FF: Taking a snapshot at:(t:4, i:0) file /home/runner/work/ozone/ozone/hadoop-ozone/integration-test/target/test-dir/MiniOzoneClusterImpl-0f145d0e-b24d-4882-976e-a7baa8a64dfe/datanode-1/data/ratis/38b5fb90-feb8-420d-a116-cd7bcb0e62ff/sm/snapshot.4_0
2021-10-10 13:47:26,009 [Listener at 127.0.0.1/44821] INFO  server.RaftServer$Division (ServerState.java:close(419)) - 9f3dcedd-2157-4ae4-b723-f54bfee8d9ce@group-10DC44BAC609: closes. applyIndex: -1
2021-10-10 13:47:26,010 [c90bef4f-1c21-43c2-97aa-1f5cf6648a6f@group-CD7BCB0E62FF-StateMachineUpdater] INFO  ratis.ContainerStateMachine (ContainerStateMachine.java:takeSnapshot(303)) - group-CD7BCB0E62FF: Finished taking a snapshot at:(t:4, i:0) file:/home/runner/work/ozone/ozone/hadoop-ozone/integration-test/target/test-dir/MiniOzoneClusterImpl-0f145d0e-b24d-4882-976e-a7baa8a64dfe/datanode-1/data/ratis/38b5fb90-feb8-420d-a116-cd7bcb0e62ff/sm/snapshot.4_0 took: 17 ms
2021-10-10 13:47:26,010 [c90bef4f-1c21-43c2-97aa-1f5cf6648a6f@group-CD7BCB0E62FF-StateMachineUpdater] INFO  impl.StateMachineUpdater (StateMachineUpdater.java:takeSnapshot(281)) - c90bef4f-1c21-43c2-97aa-1f5cf6648a6f@group-CD7BCB0E62FF-StateMachineUpdater: Took a snapshot at index 0
2021-10-10 13:47:26,010 [c90bef4f-1c21-43c2-97aa-1f5cf6648a6f@group-CD7BCB0E62FF-StateMachineUpdater] INFO  impl.StateMachineUpdater (StateMachineUpdater.java:lambda$new$0(89)) - c90bef4f-1c21-43c2-97aa-1f5cf6648a6f@group-CD7BCB0E62FF-StateMachineUpdater: snapshotIndex: updateIncreasingly -1 -> 0
2021-10-10 13:47:26,010 [ForkJoinPool.commonPool-worker-1] INFO  server.RaftServer$Division (ServerState.java:close(419)) - c90bef4f-1c21-43c2-97aa-1f5cf6648a6f@group-CD7BCB0E62FF: closes. applyIndex: 0
2021-10-10 13:47:26,010 [9f3dcedd-2157-4ae4-b723-f54bfee8d9ce@group-10DC44BAC609-SegmentedRaftLogWorker] INFO  segmented.SegmentedRaftLogWorker (SegmentedRaftLogWorker.java:run(327)) - 9f3dcedd-2157-4ae4-b723-f54bfee8d9ce@group-10DC44BAC609-SegmentedRaftLogWorker was interrupted, exiting. There are 0 tasks remaining in the queue.
2021-10-10 13:47:26,010 [c90bef4f-1c21-43c2-97aa-1f5cf6648a6f@group-CD7BCB0E62FF-SegmentedRaftLogWorker] INFO  segmented.SegmentedRaftLogWorker (SegmentedRaftLogWorker.java:run(327)) - c90bef4f-1c21-43c2-97aa-1f5cf6648a6f@group-CD7BCB0E62FF-SegmentedRaftLogWorker was interrupted, exiting. There are 0 tasks remaining in the queue.
2021-10-10 13:47:26,010 [ForkJoinPool.commonPool-worker-1] INFO  segmented.SegmentedRaftLogWorker (SegmentedRaftLogWorker.java:close(237)) - c90bef4f-1c21-43c2-97aa-1f5cf6648a6f@group-CD7BCB0E62FF-SegmentedRaftLogWorker close()
2021-10-10 13:47:26,011 [Listener at 127.0.0.1/44821] INFO  segmented.SegmentedRaftLogWorker (SegmentedRaftLogWorker.java:close(237)) - 9f3dcedd-2157-4ae4-b723-f54bfee8d9ce@group-10DC44BAC609-SegmentedRaftLogWorker close()
2021-10-10 13:47:26,012 [ForkJoinPool.commonPool-worker-1] INFO  server.GrpcService (GrpcService.java:closeImpl(262)) - c90bef4f-1c21-43c2-97aa-1f5cf6648a6f: shutdown server with port 44117 now
2021-10-10 13:47:26,012 [Listener at 127.0.0.1/44821] INFO  server.GrpcService (GrpcService.java:closeImpl(262)) - 9f3dcedd-2157-4ae4-b723-f54bfee8d9ce: shutdown server with port 40315 now
2021-10-10 13:47:26,018 [grpc-default-executor-4] WARN  server.GrpcServerProtocolService (LogUtils.java:warn(122)) - c90bef4f-1c21-43c2-97aa-1f5cf6648a6f: installSnapshot onError, lastRequest: 52be5aae-b0d8-4d04-b923-225165c5914d->c90bef4f-1c21-43c2-97aa-1f5cf6648a6f#1-t4,previous=(t:0, i:0),leaderCommit=-1,initializing? true,entries: size=1, first=(t:4, i:0), CONFIGURATIONENTRY: org.apache.ratis.thirdparty.io.grpc.StatusRuntimeException: CANCELLED: client cancelled
2021-10-10 13:47:26,018 [grpc-default-executor-2] WARN  server.GrpcLogAppender (LogUtils.java:warn(122)) - 52be5aae-b0d8-4d04-b923-225165c5914d@group-CD7BCB0E62FF->c90bef4f-1c21-43c2-97aa-1f5cf6648a6f-AppendLogResponseHandler: Failed appendEntries: org.apache.ratis.thirdparty.io.grpc.StatusRuntimeException: CANCELLED: HTTP/2 error code: CANCEL
Received Rst Stream
2021-10-10 13:47:26,018 [grpc-default-executor-2] WARN  server.GrpcLogAppender (GrpcLogAppender.java:resetClient(111)) - 52be5aae-b0d8-4d04-b923-225165c5914d@group-CD7BCB0E62FF->c90bef4f-1c21-43c2-97aa-1f5cf6648a6f-GrpcLogAppender: Leader has not got in touch with Follower 52be5aae-b0d8-4d04-b923-225165c5914d@group-CD7BCB0E62FF->c90bef4f-1c21-43c2-97aa-1f5cf6648a6f(c0,m0,n1, attendVote=true, lastRpcSendTime=981, lastRpcResponseTime=975) yet, just keep nextIndex unchanged and retry.
2021-10-10 13:47:26,019 [ForkJoinPool.commonPool-worker-1] INFO  server.GrpcService (GrpcService.java:closeImpl(271)) - c90bef4f-1c21-43c2-97aa-1f5cf6648a6f: shutdown server with port 44117 successfully
2021-10-10 13:47:26,019 [grpc-default-executor-2] WARN  server.GrpcLogAppender (LogUtils.java:warn(122)) - f0a8fd88-2511-4bc8-952c-803d3ca6483c@group-B7D4081FF85C->c90bef4f-1c21-43c2-97aa-1f5cf6648a6f-AppendLogResponseHandler: Failed appendEntries: org.apache.ratis.thirdparty.io.grpc.StatusRuntimeException: CANCELLED: HTTP/2 error code: CANCEL
Received Rst Stream
2021-10-10 13:47:26,019 [grpc-default-executor-2] WARN  server.GrpcLogAppender (GrpcLogAppender.java:resetClient(111)) - f0a8fd88-2511-4bc8-952c-803d3ca6483c@group-B7D4081FF85C->c90bef4f-1c21-43c2-97aa-1f5cf6648a6f-GrpcLogAppender: Leader has not got in touch with Follower f0a8fd88-2511-4bc8-952c-803d3ca6483c@group-B7D4081FF85C->c90bef4f-1c21-43c2-97aa-1f5cf6648a6f(c0,m0,n1, attendVote=true, lastRpcSendTime=1818, lastRpcResponseTime=1815) yet, just keep nextIndex unchanged and retry.
2021-10-10 13:47:26,019 [org.apache.ratis.util.JvmPauseMonitor$$Lambda$532/897771948@4ea8b925] INFO  util.JvmPauseMonitor (JvmPauseMonitor.java:run(109)) - JvmPauseMonitor-c90bef4f-1c21-43c2-97aa-1f5cf6648a6f: Stopped
2021-10-10 13:47:26,060 [grpc-default-executor-8] WARN  server.GrpcServerProtocolService (LogUtils.java:warn(122)) - c90bef4f-1c21-43c2-97aa-1f5cf6648a6f: installSnapshot onError, lastRequest: f0a8fd88-2511-4bc8-952c-803d3ca6483c->c90bef4f-1c21-43c2-97aa-1f5cf6648a6f#1-t1,previous=(t:0, i:0),leaderCommit=-1,initializing? true,entries: size=1, first=(t:1, i:0), CONFIGURATIONENTRY: org.apache.ratis.thirdparty.io.grpc.StatusRuntimeException: CANCELLED: client cancelled
2021-10-10 13:47:26,073 [Listener at 127.0.0.1/44821] INFO  server.GrpcService (GrpcService.java:closeImpl(271)) - 9f3dcedd-2157-4ae4-b723-f54bfee8d9ce: shutdown server with port 40315 successfully
2021-10-10 13:47:26,074 [org.apache.ratis.util.JvmPauseMonitor$$Lambda$532/897771948@69b23beb] INFO  util.JvmPauseMonitor (JvmPauseMonitor.java:run(109)) - JvmPauseMonitor-9f3dcedd-2157-4ae4-b723-f54bfee8d9ce: Stopped
2021-10-10 13:47:26,093 [Listener at 127.0.0.1/44821] INFO  utils.BackgroundService (BackgroundService.java:shutdown(132)) - Shutting down service BlockDeletingService
2021-10-10 13:47:26,096 [ForkJoinPool.commonPool-worker-1] INFO  utils.BackgroundService (BackgroundService.java:shutdown(132)) - Shutting down service BlockDeletingService
2021-10-10 13:47:26,147 [e1b2127a-933c-4bfc-a8fa-edeeb9ccf213@group-0CD1FD14ABDC-FollowerState] INFO  impl.FollowerState (FollowerState.java:run(134)) - e1b2127a-933c-4bfc-a8fa-edeeb9ccf213@group-0CD1FD14ABDC-FollowerState: change to CANDIDATE, lastRpcElapsedTime:5109964024ns, electionTimeout:5109ms
2021-10-10 13:47:26,147 [e1b2127a-933c-4bfc-a8fa-edeeb9ccf213@group-0CD1FD14ABDC-FollowerState] INFO  impl.RoleInfo (RoleInfo.java:shutdownFollowerState(108)) - e1b2127a-933c-4bfc-a8fa-edeeb9ccf213: shutdown e1b2127a-933c-4bfc-a8fa-edeeb9ccf213@group-0CD1FD14ABDC-FollowerState
2021-10-10 13:47:26,147 [e1b2127a-933c-4bfc-a8fa-edeeb9ccf213@group-0CD1FD14ABDC-FollowerState] INFO  server.RaftServer$Division (RaftServerImpl.java:setRole(285)) - e1b2127a-933c-4bfc-a8fa-edeeb9ccf213@group-0CD1FD14ABDC: changes role from  FOLLOWER to CANDIDATE at term 0 for changeToCandidate
2021-10-10 13:47:26,147 [e1b2127a-933c-4bfc-a8fa-edeeb9ccf213@group-0CD1FD14ABDC-FollowerState] INFO  server.RaftServerConfigKeys (ConfUtils.java:logGet(44)) - raft.server.leaderelection.pre-vote = false (custom)
2021-10-10 13:47:26,147 [e1b2127a-933c-4bfc-a8fa-edeeb9ccf213@group-0CD1FD14ABDC-FollowerState] INFO  impl.RoleInfo (RoleInfo.java:updateAndGet(130)) - e1b2127a-933c-4bfc-a8fa-edeeb9ccf213: start e1b2127a-933c-4bfc-a8fa-edeeb9ccf213@group-0CD1FD14ABDC-LeaderElection72
2021-10-10 13:47:26,165 [e1b2127a-933c-4bfc-a8fa-edeeb9ccf213@group-644A06A5DE74-FollowerState] INFO  impl.FollowerState (FollowerState.java:run(134)) - e1b2127a-933c-4bfc-a8fa-edeeb9ccf213@group-644A06A5DE74-FollowerState: change to CANDIDATE, lastRpcElapsedTime:5131530909ns, electionTimeout:5127ms
2021-10-10 13:47:26,165 [e1b2127a-933c-4bfc-a8fa-edeeb9ccf213@group-644A06A5DE74-FollowerState] INFO  impl.RoleInfo (RoleInfo.java:shutdownFollowerState(108)) - e1b2127a-933c-4bfc-a8fa-edeeb9ccf213: shutdown e1b2127a-933c-4bfc-a8fa-edeeb9ccf213@group-644A06A5DE74-FollowerState
2021-10-10 13:47:26,165 [e1b2127a-933c-4bfc-a8fa-edeeb9ccf213@group-644A06A5DE74-FollowerState] INFO  server.RaftServer$Division (RaftServerImpl.java:setRole(285)) - e1b2127a-933c-4bfc-a8fa-edeeb9ccf213@group-644A06A5DE74: changes role from  FOLLOWER to CANDIDATE at term 0 for changeToCandidate
2021-10-10 13:47:26,198 [e1b2127a-933c-4bfc-a8fa-edeeb9ccf213@group-644A06A5DE74-FollowerState] INFO  server.RaftServerConfigKeys (ConfUtils.java:logGet(44)) - raft.server.leaderelection.pre-vote = false (custom)
2021-10-10 13:47:26,199 [e1b2127a-933c-4bfc-a8fa-edeeb9ccf213@group-644A06A5DE74-FollowerState] INFO  impl.RoleInfo (RoleInfo.java:updateAndGet(130)) - e1b2127a-933c-4bfc-a8fa-edeeb9ccf213: start e1b2127a-933c-4bfc-a8fa-edeeb9ccf213@group-644A06A5DE74-LeaderElection73
2021-10-10 13:47:26,223 [e1b2127a-933c-4bfc-a8fa-edeeb9ccf213@group-0CD1FD14ABDC-LeaderElection72] INFO  impl.LeaderElection (LeaderElection.java:askForVotes(306)) - e1b2127a-933c-4bfc-a8fa-edeeb9ccf213@group-0CD1FD14ABDC-LeaderElection72 ELECTION round 0: submit vote requests at term 1 for -1: [1d4e4b2f-e6a0-4223-b62b-246b29415176|rpc:10.1.0.17:44219|dataStream:|priority:1, 9f3dcedd-2157-4ae4-b723-f54bfee8d9ce|rpc:10.1.0.17:40315|dataStream:|priority:0, e1b2127a-933c-4bfc-a8fa-edeeb9ccf213|rpc:10.1.0.17:33955|dataStream:|priority:0], old=null
2021-10-10 13:47:26,228 [grpc-default-executor-8] INFO  server.RaftServer$Division (RaftServerImpl.java:requestVote(1043)) - 1d4e4b2f-e6a0-4223-b62b-246b29415176@group-0CD1FD14ABDC: receive requestVote(ELECTION, e1b2127a-933c-4bfc-a8fa-edeeb9ccf213, group-0CD1FD14ABDC, 1, (t:0, i:0))
2021-10-10 13:47:26,229 [grpc-default-executor-8] INFO  impl.VoteContext (VoteContext.java:log(48)) - 1d4e4b2f-e6a0-4223-b62b-246b29415176@group-0CD1FD14ABDC-FOLLOWER: reject ELECTION from e1b2127a-933c-4bfc-a8fa-edeeb9ccf213: our priority 1 > candidate's priority 0
2021-10-10 13:47:26,229 [grpc-default-executor-8] INFO  server.RaftServer$Division (RaftServerImpl.java:setRole(285)) - 1d4e4b2f-e6a0-4223-b62b-246b29415176@group-0CD1FD14ABDC: changes role from  FOLLOWER to FOLLOWER at term 1 for candidate:e1b2127a-933c-4bfc-a8fa-edeeb9ccf213
2021-10-10 13:47:26,229 [grpc-default-executor-8] INFO  impl.RoleInfo (RoleInfo.java:shutdownFollowerState(108)) - 1d4e4b2f-e6a0-4223-b62b-246b29415176: shutdown 1d4e4b2f-e6a0-4223-b62b-246b29415176@group-0CD1FD14ABDC-FollowerState
2021-10-10 13:47:26,243 [e1b2127a-933c-4bfc-a8fa-edeeb9ccf213@group-0CD1FD14ABDC-LeaderElection72] INFO  impl.LeaderElection (LogUtils.java:infoOrTrace(137)) - e1b2127a-933c-4bfc-a8fa-edeeb9ccf213@group-0CD1FD14ABDC-LeaderElection72 got exception when requesting votes: java.util.concurrent.ExecutionException: org.apache.ratis.thirdparty.io.grpc.StatusRuntimeException: UNAVAILABLE: io exception
2021-10-10 13:47:26,276 [grpc-default-executor-8] INFO  impl.RoleInfo (RoleInfo.java:updateAndGet(130)) - 1d4e4b2f-e6a0-4223-b62b-246b29415176: start 1d4e4b2f-e6a0-4223-b62b-246b29415176@group-0CD1FD14ABDC-FollowerState
2021-10-10 13:47:26,277 [1d4e4b2f-e6a0-4223-b62b-246b29415176@group-0CD1FD14ABDC-FollowerState] INFO  impl.FollowerState (FollowerState.java:run(143)) - 1d4e4b2f-e6a0-4223-b62b-246b29415176@group-0CD1FD14ABDC-FollowerState was interrupted: {}
java.lang.InterruptedException: sleep interrupted
	at java.lang.Thread.sleep(Native Method)
	at java.lang.Thread.sleep(Thread.java:340)
	at java.util.concurrent.TimeUnit.sleep(TimeUnit.java:386)
	at org.apache.ratis.util.TimeDuration.sleep(TimeDuration.java:324)
	at org.apache.ratis.util.TimeDuration.sleep(TimeDuration.java:309)
	at org.apache.ratis.server.impl.FollowerState.run(FollowerState.java:118)
2021-10-10 13:47:26,279 [e1b2127a-933c-4bfc-a8fa-edeeb9ccf213@group-644A06A5DE74-LeaderElection73] INFO  impl.LeaderElection (LeaderElection.java:askForVotes(306)) - e1b2127a-933c-4bfc-a8fa-edeeb9ccf213@group-644A06A5DE74-LeaderElection73 ELECTION round 0: submit vote requests at term 1 for -1: [2432123a-b439-42d5-83b4-1981f0fa2384|rpc:10.1.0.17:39429|priority:0, 1d4e4b2f-e6a0-4223-b62b-246b29415176|rpc:10.1.0.17:44219|priority:0, e1b2127a-933c-4bfc-a8fa-edeeb9ccf213|rpc:10.1.0.17:33955|priority:1], old=null
2021-10-10 13:47:26,279 [grpc-default-executor-8] INFO  server.RaftServer$Division (RaftServerImpl.java:requestVote(1075)) - 1d4e4b2f-e6a0-4223-b62b-246b29415176@group-0CD1FD14ABDC replies to ELECTION vote request: e1b2127a-933c-4bfc-a8fa-edeeb9ccf213<-1d4e4b2f-e6a0-4223-b62b-246b29415176#0:FAIL-t1. Peer's state: 1d4e4b2f-e6a0-4223-b62b-246b29415176@group-0CD1FD14ABDC:t1, leader=null, voted=null, raftlog=1d4e4b2f-e6a0-4223-b62b-246b29415176@group-0CD1FD14ABDC-SegmentedRaftLog:OPENED:c-1,f-1,i0, conf=-1: [1d4e4b2f-e6a0-4223-b62b-246b29415176|rpc:10.1.0.17:44219|dataStream:|priority:1, 9f3dcedd-2157-4ae4-b723-f54bfee8d9ce|rpc:10.1.0.17:40315|dataStream:|priority:0, e1b2127a-933c-4bfc-a8fa-edeeb9ccf213|rpc:10.1.0.17:33955|dataStream:|priority:0], old=null
2021-10-10 13:47:26,299 [2432123a-b439-42d5-83b4-1981f0fa2384@group-644A06A5DE74-FollowerState] INFO  impl.FollowerState (FollowerState.java:run(134)) - 2432123a-b439-42d5-83b4-1981f0fa2384@group-644A06A5DE74-FollowerState: change to CANDIDATE, lastRpcElapsedTime:5186898025ns, electionTimeout:5175ms
2021-10-10 13:47:26,300 [2432123a-b439-42d5-83b4-1981f0fa2384@group-644A06A5DE74-FollowerState] INFO  impl.RoleInfo (RoleInfo.java:shutdownFollowerState(108)) - 2432123a-b439-42d5-83b4-1981f0fa2384: shutdown 2432123a-b439-42d5-83b4-1981f0fa2384@group-644A06A5DE74-FollowerState
2021-10-10 13:47:26,300 [2432123a-b439-42d5-83b4-1981f0fa2384@group-644A06A5DE74-FollowerState] INFO  server.RaftServer$Division (RaftServerImpl.java:setRole(285)) - 2432123a-b439-42d5-83b4-1981f0fa2384@group-644A06A5DE74: changes role from  FOLLOWER to CANDIDATE at term 0 for changeToCandidate
2021-10-10 13:47:26,300 [2432123a-b439-42d5-83b4-1981f0fa2384@group-644A06A5DE74-FollowerState] INFO  server.RaftServerConfigKeys (ConfUtils.java:logGet(44)) - raft.server.leaderelection.pre-vote = false (custom)
2021-10-10 13:47:26,300 [2432123a-b439-42d5-83b4-1981f0fa2384@group-644A06A5DE74-FollowerState] INFO  impl.RoleInfo (RoleInfo.java:updateAndGet(130)) - 2432123a-b439-42d5-83b4-1981f0fa2384: start 2432123a-b439-42d5-83b4-1981f0fa2384@group-644A06A5DE74-LeaderElection74
2021-10-10 13:47:26,334 [e1b2127a-933c-4bfc-a8fa-edeeb9ccf213@group-0CD1FD14ABDC-LeaderElection72] INFO  impl.LeaderElection (LeaderElection.java:logAndReturn(89)) - e1b2127a-933c-4bfc-a8fa-edeeb9ccf213@group-0CD1FD14ABDC-LeaderElection72: ELECTION REJECTED received 1 response(s) and 1 exception(s):
2021-10-10 13:47:26,334 [e1b2127a-933c-4bfc-a8fa-edeeb9ccf213@group-0CD1FD14ABDC-LeaderElection72] INFO  impl.LeaderElection (LeaderElection.java:logAndReturn(93)) -   Response 0: e1b2127a-933c-4bfc-a8fa-edeeb9ccf213<-1d4e4b2f-e6a0-4223-b62b-246b29415176#0:FAIL-t1
2021-10-10 13:47:26,334 [e1b2127a-933c-4bfc-a8fa-edeeb9ccf213@group-0CD1FD14ABDC-LeaderElection72] INFO  impl.LeaderElection (LogUtils.java:infoOrTrace(137)) -   Exception 1: java.util.concurrent.ExecutionException: org.apache.ratis.thirdparty.io.grpc.StatusRuntimeException: UNAVAILABLE: io exception
2021-10-10 13:47:26,334 [e1b2127a-933c-4bfc-a8fa-edeeb9ccf213@group-0CD1FD14ABDC-LeaderElection72] INFO  impl.LeaderElection (LeaderElection.java:askForVotes(308)) - e1b2127a-933c-4bfc-a8fa-edeeb9ccf213@group-0CD1FD14ABDC-LeaderElection72 ELECTION round 0: result REJECTED
2021-10-10 13:47:26,334 [e1b2127a-933c-4bfc-a8fa-edeeb9ccf213@group-0CD1FD14ABDC-LeaderElection72] INFO  server.RaftServer$Division (RaftServerImpl.java:setRole(285)) - e1b2127a-933c-4bfc-a8fa-edeeb9ccf213@group-0CD1FD14ABDC: changes role from CANDIDATE to FOLLOWER at term 1 for REJECTED
2021-10-10 13:47:26,334 [e1b2127a-933c-4bfc-a8fa-edeeb9ccf213@group-0CD1FD14ABDC-LeaderElection72] INFO  impl.RoleInfo (RoleInfo.java:shutdownLeaderElection(121)) - e1b2127a-933c-4bfc-a8fa-edeeb9ccf213: shutdown e1b2127a-933c-4bfc-a8fa-edeeb9ccf213@group-0CD1FD14ABDC-LeaderElection72
2021-10-10 13:47:26,334 [e1b2127a-933c-4bfc-a8fa-edeeb9ccf213@group-0CD1FD14ABDC-LeaderElection72] INFO  impl.RoleInfo (RoleInfo.java:updateAndGet(130)) - e1b2127a-933c-4bfc-a8fa-edeeb9ccf213: start e1b2127a-933c-4bfc-a8fa-edeeb9ccf213@group-0CD1FD14ABDC-FollowerState
2021-10-10 13:47:26,335 [grpc-default-executor-8] INFO  server.RaftServer$Division (RaftServerImpl.java:requestVote(1043)) - 1d4e4b2f-e6a0-4223-b62b-246b29415176@group-644A06A5DE74: receive requestVote(ELECTION, e1b2127a-933c-4bfc-a8fa-edeeb9ccf213, group-644A06A5DE74, 1, (t:0, i:0))
2021-10-10 13:47:26,335 [grpc-default-executor-8] INFO  impl.VoteContext (VoteContext.java:log(48)) - 1d4e4b2f-e6a0-4223-b62b-246b29415176@group-644A06A5DE74-FOLLOWER: accept ELECTION from e1b2127a-933c-4bfc-a8fa-edeeb9ccf213: our priority 0 <= candidate's priority 1
2021-10-10 13:47:26,335 [grpc-default-executor-8] INFO  server.RaftServer$Division (RaftServerImpl.java:setRole(285)) - 1d4e4b2f-e6a0-4223-b62b-246b29415176@group-644A06A5DE74: changes role from  FOLLOWER to FOLLOWER at term 1 for candidate:e1b2127a-933c-4bfc-a8fa-edeeb9ccf213
2021-10-10 13:47:26,335 [grpc-default-executor-8] INFO  impl.RoleInfo (RoleInfo.java:shutdownFollowerState(108)) - 1d4e4b2f-e6a0-4223-b62b-246b29415176: shutdown 1d4e4b2f-e6a0-4223-b62b-246b29415176@group-644A06A5DE74-FollowerState
2021-10-10 13:47:26,336 [grpc-default-executor-2] INFO  server.RaftServer$Division (RaftServerImpl.java:requestVote(1043)) - 2432123a-b439-42d5-83b4-1981f0fa2384@group-644A06A5DE74: receive requestVote(ELECTION, e1b2127a-933c-4bfc-a8fa-edeeb9ccf213, group-644A06A5DE74, 1, (t:0, i:0))
2021-10-10 13:47:26,337 [2432123a-b439-42d5-83b4-1981f0fa2384@group-644A06A5DE74-LeaderElection74] INFO  impl.LeaderElection (LeaderElection.java:askForVotes(306)) - 2432123a-b439-42d5-83b4-1981f0fa2384@group-644A06A5DE74-LeaderElection74 ELECTION round 0: submit vote requests at term 1 for -1: [2432123a-b439-42d5-83b4-1981f0fa2384|rpc:10.1.0.17:39429|priority:0, 1d4e4b2f-e6a0-4223-b62b-246b29415176|rpc:10.1.0.17:44219|priority:0, e1b2127a-933c-4bfc-a8fa-edeeb9ccf213|rpc:10.1.0.17:33955|priority:1], old=null
2021-10-10 13:47:26,337 [grpc-default-executor-2] INFO  impl.VoteContext (VoteContext.java:log(48)) - 2432123a-b439-42d5-83b4-1981f0fa2384@group-644A06A5DE74-CANDIDATE: reject ELECTION from e1b2127a-933c-4bfc-a8fa-edeeb9ccf213: already has voted for 2432123a-b439-42d5-83b4-1981f0fa2384 at current term 1
2021-10-10 13:47:26,337 [grpc-default-executor-2] INFO  server.RaftServer$Division (RaftServerImpl.java:requestVote(1075)) - 2432123a-b439-42d5-83b4-1981f0fa2384@group-644A06A5DE74 replies to ELECTION vote request: e1b2127a-933c-4bfc-a8fa-edeeb9ccf213<-2432123a-b439-42d5-83b4-1981f0fa2384#0:FAIL-t1. Peer's state: 2432123a-b439-42d5-83b4-1981f0fa2384@group-644A06A5DE74:t1, leader=null, voted=2432123a-b439-42d5-83b4-1981f0fa2384, raftlog=2432123a-b439-42d5-83b4-1981f0fa2384@group-644A06A5DE74-SegmentedRaftLog:OPENED:c-1,f-1,i0, conf=-1: [2432123a-b439-42d5-83b4-1981f0fa2384|rpc:10.1.0.17:39429|priority:0, 1d4e4b2f-e6a0-4223-b62b-246b29415176|rpc:10.1.0.17:44219|priority:0, e1b2127a-933c-4bfc-a8fa-edeeb9ccf213|rpc:10.1.0.17:33955|priority:1], old=null
2021-10-10 13:47:26,371 [grpc-default-executor-8] INFO  impl.RoleInfo (RoleInfo.java:updateAndGet(130)) - 1d4e4b2f-e6a0-4223-b62b-246b29415176: start 1d4e4b2f-e6a0-4223-b62b-246b29415176@group-644A06A5DE74-FollowerState
2021-10-10 13:47:26,372 [1d4e4b2f-e6a0-4223-b62b-246b29415176@group-644A06A5DE74-FollowerState] INFO  impl.FollowerState (FollowerState.java:run(143)) - 1d4e4b2f-e6a0-4223-b62b-246b29415176@group-644A06A5DE74-FollowerState was interrupted: {}
java.lang.InterruptedException: sleep interrupted
	at java.lang.Thread.sleep(Native Method)
	at java.lang.Thread.sleep(Thread.java:340)
	at java.util.concurrent.TimeUnit.sleep(TimeUnit.java:386)
	at org.apache.ratis.util.TimeDuration.sleep(TimeDuration.java:324)
	at org.apache.ratis.util.TimeDuration.sleep(TimeDuration.java:309)
	at org.apache.ratis.server.impl.FollowerState.run(FollowerState.java:118)
2021-10-10 13:47:26,372 [grpc-default-executor-2] INFO  server.RaftServer$Division (RaftServerImpl.java:requestVote(1043)) - 1d4e4b2f-e6a0-4223-b62b-246b29415176@group-644A06A5DE74: receive requestVote(ELECTION, 2432123a-b439-42d5-83b4-1981f0fa2384, group-644A06A5DE74, 1, (t:0, i:0))
2021-10-10 13:47:26,380 [grpc-default-executor-8] INFO  server.RaftServer$Division (RaftServerImpl.java:requestVote(1075)) - 1d4e4b2f-e6a0-4223-b62b-246b29415176@group-644A06A5DE74 replies to ELECTION vote request: e1b2127a-933c-4bfc-a8fa-edeeb9ccf213<-1d4e4b2f-e6a0-4223-b62b-246b29415176#0:OK-t1. Peer's state: 1d4e4b2f-e6a0-4223-b62b-246b29415176@group-644A06A5DE74:t1, leader=null, voted=e1b2127a-933c-4bfc-a8fa-edeeb9ccf213, raftlog=1d4e4b2f-e6a0-4223-b62b-246b29415176@group-644A06A5DE74-SegmentedRaftLog:OPENED:c-1,f-1,i0, conf=-1: [2432123a-b439-42d5-83b4-1981f0fa2384|rpc:10.1.0.17:39429|dataStream:|priority:0, 1d4e4b2f-e6a0-4223-b62b-246b29415176|rpc:10.1.0.17:44219|dataStream:|priority:0, e1b2127a-933c-4bfc-a8fa-edeeb9ccf213|rpc:10.1.0.17:33955|dataStream:|priority:1], old=null
2021-10-10 13:47:26,381 [e1b2127a-933c-4bfc-a8fa-edeeb9ccf213@group-644A06A5DE74-LeaderElection73] INFO  impl.LeaderElection (LeaderElection.java:logAndReturn(89)) - e1b2127a-933c-4bfc-a8fa-edeeb9ccf213@group-644A06A5DE74-LeaderElection73: ELECTION PASSED received 2 response(s) and 0 exception(s):
2021-10-10 13:47:26,381 [e1b2127a-933c-4bfc-a8fa-edeeb9ccf213@group-644A06A5DE74-LeaderElection73] INFO  impl.LeaderElection (LeaderElection.java:logAndReturn(93)) -   Response 0: e1b2127a-933c-4bfc-a8fa-edeeb9ccf213<-2432123a-b439-42d5-83b4-1981f0fa2384#0:FAIL-t1
2021-10-10 13:47:26,381 [e1b2127a-933c-4bfc-a8fa-edeeb9ccf213@group-644A06A5DE74-LeaderElection73] INFO  impl.LeaderElection (LeaderElection.java:logAndReturn(93)) -   Response 1: e1b2127a-933c-4bfc-a8fa-edeeb9ccf213<-1d4e4b2f-e6a0-4223-b62b-246b29415176#0:OK-t1
2021-10-10 13:47:26,381 [e1b2127a-933c-4bfc-a8fa-edeeb9ccf213@group-644A06A5DE74-LeaderElection73] INFO  impl.LeaderElection (LeaderElection.java:askForVotes(308)) - e1b2127a-933c-4bfc-a8fa-edeeb9ccf213@group-644A06A5DE74-LeaderElection73 ELECTION round 0: result PASSED
2021-10-10 13:47:26,381 [e1b2127a-933c-4bfc-a8fa-edeeb9ccf213@group-644A06A5DE74-LeaderElection73] INFO  impl.RoleInfo (RoleInfo.java:shutdownLeaderElection(121)) - e1b2127a-933c-4bfc-a8fa-edeeb9ccf213: shutdown e1b2127a-933c-4bfc-a8fa-edeeb9ccf213@group-644A06A5DE74-LeaderElection73
2021-10-10 13:47:26,381 [e1b2127a-933c-4bfc-a8fa-edeeb9ccf213@group-644A06A5DE74-LeaderElection73] INFO  server.RaftServer$Division (RaftServerImpl.java:setRole(285)) - e1b2127a-933c-4bfc-a8fa-edeeb9ccf213@group-644A06A5DE74: changes role from CANDIDATE to LEADER at term 1 for changeToLeader
2021-10-10 13:47:26,381 [e1b2127a-933c-4bfc-a8fa-edeeb9ccf213@group-644A06A5DE74-LeaderElection73] INFO  ratis.XceiverServerRatis (XceiverServerRatis.java:handleLeaderChangedNotification(861)) - Leader change notification received for group: group-644A06A5DE74 with new leaderId: e1b2127a-933c-4bfc-a8fa-edeeb9ccf213
2021-10-10 13:47:26,381 [e1b2127a-933c-4bfc-a8fa-edeeb9ccf213@group-644A06A5DE74-LeaderElection73] INFO  server.RaftServer$Division (ServerState.java:setLeader(285)) - e1b2127a-933c-4bfc-a8fa-edeeb9ccf213@group-644A06A5DE74: change Leader from null to e1b2127a-933c-4bfc-a8fa-edeeb9ccf213 at term 1 for becomeLeader, leader elected after 5434ms
2021-10-10 13:47:26,381 [e1b2127a-933c-4bfc-a8fa-edeeb9ccf213@group-644A06A5DE74-LeaderElection73] INFO  server.RaftServerConfigKeys (ConfUtils.java:logGet(44)) - raft.server.staging.catchup.gap = 1000 (default)
2021-10-10 13:47:26,382 [e1b2127a-933c-4bfc-a8fa-edeeb9ccf213@group-644A06A5DE74-LeaderElection73] INFO  server.RaftServerConfigKeys (ConfUtils.java:logGet(44)) - raft.server.write.element-limit = 1024 (custom)
2021-10-10 13:47:26,382 [e1b2127a-933c-4bfc-a8fa-edeeb9ccf213@group-644A06A5DE74-LeaderElection73] INFO  server.RaftServerConfigKeys (ConfUtils.java:logGet(44)) - raft.server.write.byte-limit = 1024 M (=1073741824) (custom)
2021-10-10 13:47:26,382 [e1b2127a-933c-4bfc-a8fa-edeeb9ccf213@group-644A06A5DE74-LeaderElection73] INFO  server.RaftServerConfigKeys (ConfUtils.java:logGet(44)) - raft.server.watch.timeout = 3000ms (custom)
2021-10-10 13:47:26,382 [e1b2127a-933c-4bfc-a8fa-edeeb9ccf213@group-644A06A5DE74-LeaderElection73] INFO  server.RaftServerConfigKeys (ConfUtils.java:logGet(44)) - raft.server.watch.timeout.denomination = 1s (default)
2021-10-10 13:47:26,382 [e1b2127a-933c-4bfc-a8fa-edeeb9ccf213@group-644A06A5DE74-LeaderElection73] INFO  server.RaftServerConfigKeys (ConfUtils.java:logGet(44)) - raft.server.watch.element-limit = 65536 (default)
2021-10-10 13:47:26,382 [e1b2127a-933c-4bfc-a8fa-edeeb9ccf213@group-644A06A5DE74-LeaderElection73] INFO  server.RaftServerConfigKeys (ConfUtils.java:logGet(44)) - raft.server.log.appender.snapshot.chunk.size.max = 16MB (=16777216) (default)
2021-10-10 13:47:26,382 [e1b2127a-933c-4bfc-a8fa-edeeb9ccf213@group-644A06A5DE74-LeaderElection73] INFO  server.RaftServerConfigKeys (ConfUtils.java:logGet(44)) - raft.server.log.appender.buffer.byte-limit = 33554432 (custom)
2021-10-10 13:47:26,383 [e1b2127a-933c-4bfc-a8fa-edeeb9ccf213@group-644A06A5DE74-LeaderElection73] INFO  server.RaftServerConfigKeys (ConfUtils.java:logGet(44)) - raft.server.log.appender.buffer.element-limit = 1 (custom)
2021-10-10 13:47:26,383 [e1b2127a-933c-4bfc-a8fa-edeeb9ccf213@group-644A06A5DE74-LeaderElection73] INFO  grpc.GrpcConfigKeys (ConfUtils.java:logGet(44)) - raft.grpc.server.leader.outstanding.appends.max = 128 (default)
2021-10-10 13:47:26,383 [e1b2127a-933c-4bfc-a8fa-edeeb9ccf213@group-644A06A5DE74-LeaderElection73] INFO  server.RaftServerConfigKeys (ConfUtils.java:logGet(44)) - raft.server.rpc.request.timeout = 3000ms (default)
2021-10-10 13:47:26,383 [e1b2127a-933c-4bfc-a8fa-edeeb9ccf213@group-644A06A5DE74-LeaderElection73] INFO  server.RaftServerConfigKeys (ConfUtils.java:logGet(44)) - raft.server.log.appender.install.snapshot.enabled = false (custom)
2021-10-10 13:47:26,388 [Datanode State Machine Thread - 0] WARN  statemachine.StateContext (StateContext.java:execute(621)) - No available thread in pool for past 1 seconds.
2021-10-10 13:47:26,388 [grpc-default-executor-2] INFO  impl.VoteContext (VoteContext.java:log(48)) - 1d4e4b2f-e6a0-4223-b62b-246b29415176@group-644A06A5DE74-FOLLOWER: reject ELECTION from 2432123a-b439-42d5-83b4-1981f0fa2384: already has voted for e1b2127a-933c-4bfc-a8fa-edeeb9ccf213 at current term 1
2021-10-10 13:47:26,388 [grpc-default-executor-2] INFO  server.RaftServer$Division (RaftServerImpl.java:requestVote(1075)) - 1d4e4b2f-e6a0-4223-b62b-246b29415176@group-644A06A5DE74 replies to ELECTION vote request: 2432123a-b439-42d5-83b4-1981f0fa2384<-1d4e4b2f-e6a0-4223-b62b-246b29415176#0:FAIL-t1. Peer's state: 1d4e4b2f-e6a0-4223-b62b-246b29415176@group-644A06A5DE74:t1, leader=null, voted=e1b2127a-933c-4bfc-a8fa-edeeb9ccf213, raftlog=1d4e4b2f-e6a0-4223-b62b-246b29415176@group-644A06A5DE74-SegmentedRaftLog:OPENED:c-1,f-1,i0, conf=-1: [2432123a-b439-42d5-83b4-1981f0fa2384|rpc:10.1.0.17:39429|dataStream:|priority:0, 1d4e4b2f-e6a0-4223-b62b-246b29415176|rpc:10.1.0.17:44219|dataStream:|priority:0, e1b2127a-933c-4bfc-a8fa-edeeb9ccf213|rpc:10.1.0.17:33955|dataStream:|priority:1], old=null
2021-10-10 13:47:26,392 [EventQueue-PipelineReportForPipelineReportHandler] INFO  pipeline.PipelineManagerImpl (PipelineManagerImpl.java:openPipeline(282)) - Pipeline Pipeline[ Id: 78ffa57c-9e25-44e6-b4ea-644a06a5de74, Nodes: e1b2127a-933c-4bfc-a8fa-edeeb9ccf213{ip: 10.1.0.17, host: fv-az291-460.wgnan5asplgejimfprtllbpdch.jx.internal.cloudapp.net, ports: [REPLICATION=37821, RATIS=33955, RATIS_ADMIN=33955, RATIS_SERVER=33955, STANDALONE=39177], networkLocation: /default-rack, certSerialId: null, persistedOpState: IN_SERVICE, persistedOpStateExpiryEpochSec: 0}2432123a-b439-42d5-83b4-1981f0fa2384{ip: 10.1.0.17, host: fv-az291-460.wgnan5asplgejimfprtllbpdch.jx.internal.cloudapp.net, ports: [REPLICATION=45645, RATIS=39429, RATIS_ADMIN=39429, RATIS_SERVER=39429, STANDALONE=45115], networkLocation: /default-rack, certSerialId: null, persistedOpState: IN_SERVICE, persistedOpStateExpiryEpochSec: 0}1d4e4b2f-e6a0-4223-b62b-246b29415176{ip: 10.1.0.17, host: fv-az291-460.wgnan5asplgejimfprtllbpdch.jx.internal.cloudapp.net, ports: [REPLICATION=42583, RATIS=44219, RATIS_ADMIN=44219, RATIS_SERVER=44219, STANDALONE=40233], networkLocation: /default-rack, certSerialId: null, persistedOpState: IN_SERVICE, persistedOpStateExpiryEpochSec: 0}, ReplicationConfig: RATIS/THREE, State:ALLOCATED, leaderId:e1b2127a-933c-4bfc-a8fa-edeeb9ccf213, CreationTimestamp2021-10-10T13:47:19.696Z[Etc/UTC]] moved to OPEN state
2021-10-10 13:47:26,416 [e1b2127a-933c-4bfc-a8fa-edeeb9ccf213@group-644A06A5DE74-LeaderElection73] INFO  server.RaftServerConfigKeys (ConfUtils.java:logGet(44)) - raft.server.log.appender.snapshot.chunk.size.max = 16MB (=16777216) (default)
2021-10-10 13:47:26,416 [e1b2127a-933c-4bfc-a8fa-edeeb9ccf213@group-644A06A5DE74-LeaderElection73] INFO  server.RaftServerConfigKeys (ConfUtils.java:logGet(44)) - raft.server.log.appender.buffer.byte-limit = 33554432 (custom)
2021-10-10 13:47:26,416 [e1b2127a-933c-4bfc-a8fa-edeeb9ccf213@group-644A06A5DE74-LeaderElection73] INFO  server.RaftServerConfigKeys (ConfUtils.java:logGet(44)) - raft.server.log.appender.buffer.element-limit = 1 (custom)
2021-10-10 13:47:26,417 [e1b2127a-933c-4bfc-a8fa-edeeb9ccf213@group-644A06A5DE74-LeaderElection73] INFO  grpc.GrpcConfigKeys (ConfUtils.java:logGet(44)) - raft.grpc.server.leader.outstanding.appends.max = 128 (default)
2021-10-10 13:47:26,417 [e1b2127a-933c-4bfc-a8fa-edeeb9ccf213@group-644A06A5DE74-LeaderElection73] INFO  server.RaftServerConfigKeys (ConfUtils.java:logGet(44)) - raft.server.rpc.request.timeout = 3000ms (default)
2021-10-10 13:47:26,417 [e1b2127a-933c-4bfc-a8fa-edeeb9ccf213@group-644A06A5DE74-LeaderElection73] INFO  server.RaftServerConfigKeys (ConfUtils.java:logGet(44)) - raft.server.log.appender.install.snapshot.enabled = false (custom)
2021-10-10 13:47:26,418 [e1b2127a-933c-4bfc-a8fa-edeeb9ccf213@group-644A06A5DE74-LeaderElection73] INFO  impl.RoleInfo (RoleInfo.java:updateAndGet(130)) - e1b2127a-933c-4bfc-a8fa-edeeb9ccf213: start e1b2127a-933c-4bfc-a8fa-edeeb9ccf213@group-644A06A5DE74-LeaderStateImpl
2021-10-10 13:47:26,418 [e1b2127a-933c-4bfc-a8fa-edeeb9ccf213@group-644A06A5DE74-LeaderElection73] INFO  segmented.SegmentedRaftLogWorker (SegmentedRaftLogWorker.java:startLogSegment(394)) - e1b2127a-933c-4bfc-a8fa-edeeb9ccf213@group-644A06A5DE74-SegmentedRaftLogWorker: Starting segment from index:0
2021-10-10 13:47:26,418 [grpc-default-executor-2] INFO  server.RaftServer$Division (RaftServerImpl.java:requestVote(1043)) - e1b2127a-933c-4bfc-a8fa-edeeb9ccf213@group-644A06A5DE74: receive requestVote(ELECTION, 2432123a-b439-42d5-83b4-1981f0fa2384, group-644A06A5DE74, 1, (t:0, i:0))
2021-10-10 13:47:26,422 [e1b2127a-933c-4bfc-a8fa-edeeb9ccf213@group-644A06A5DE74-SegmentedRaftLogWorker] INFO  segmented.SegmentedRaftLogWorker (SegmentedRaftLogWorker.java:execute(601)) - e1b2127a-933c-4bfc-a8fa-edeeb9ccf213@group-644A06A5DE74-SegmentedRaftLogWorker: created new log segment /home/runner/work/ozone/ozone/hadoop-ozone/integration-test/target/test-dir/MiniOzoneClusterImpl-0f145d0e-b24d-4882-976e-a7baa8a64dfe/datanode-6/data/ratis/78ffa57c-9e25-44e6-b4ea-644a06a5de74/current/log_inprogress_0
2021-10-10 13:47:26,444 [grpc-default-executor-4] INFO  server.RaftServer$Division (RaftServerImpl.java:setRole(285)) - 2432123a-b439-42d5-83b4-1981f0fa2384@group-644A06A5DE74: changes role from CANDIDATE to FOLLOWER at term 1 for appendEntries
2021-10-10 13:47:26,444 [grpc-default-executor-4] INFO  impl.RoleInfo (RoleInfo.java:shutdownLeaderElection(121)) - 2432123a-b439-42d5-83b4-1981f0fa2384: shutdown 2432123a-b439-42d5-83b4-1981f0fa2384@group-644A06A5DE74-LeaderElection74
2021-10-10 13:47:26,453 [grpc-default-executor-4] INFO  impl.RoleInfo (RoleInfo.java:updateAndGet(130)) - 2432123a-b439-42d5-83b4-1981f0fa2384: start 2432123a-b439-42d5-83b4-1981f0fa2384@group-644A06A5DE74-FollowerState
2021-10-10 13:47:26,457 [grpc-default-executor-8] INFO  ratis.XceiverServerRatis (XceiverServerRatis.java:handleLeaderChangedNotification(861)) - Leader change notification received for group: group-644A06A5DE74 with new leaderId: e1b2127a-933c-4bfc-a8fa-edeeb9ccf213
2021-10-10 13:47:26,457 [grpc-default-executor-8] INFO  server.RaftServer$Division (ServerState.java:setLeader(285)) - 1d4e4b2f-e6a0-4223-b62b-246b29415176@group-644A06A5DE74: change Leader from null to e1b2127a-933c-4bfc-a8fa-edeeb9ccf213 at term 1 for appendEntries, leader elected after 5030ms
2021-10-10 13:47:26,495 [grpc-default-executor-4] INFO  ratis.XceiverServerRatis (XceiverServerRatis.java:handleLeaderChangedNotification(861)) - Leader change notification received for group: group-644A06A5DE74 with new leaderId: e1b2127a-933c-4bfc-a8fa-edeeb9ccf213
2021-10-10 13:47:26,495 [grpc-default-executor-4] INFO  server.RaftServer$Division (ServerState.java:setLeader(285)) - 2432123a-b439-42d5-83b4-1981f0fa2384@group-644A06A5DE74: change Leader from null to e1b2127a-933c-4bfc-a8fa-edeeb9ccf213 at term 1 for appendEntries, leader elected after 5401ms
2021-10-10 13:47:26,512 [e1b2127a-933c-4bfc-a8fa-edeeb9ccf213@group-644A06A5DE74-LeaderElection73] INFO  server.RaftServer$Division (ServerState.java:setRaftConf(387)) - e1b2127a-933c-4bfc-a8fa-edeeb9ccf213@group-644A06A5DE74: set configuration 0: [2432123a-b439-42d5-83b4-1981f0fa2384|rpc:10.1.0.17:39429|dataStream:|priority:0, 1d4e4b2f-e6a0-4223-b62b-246b29415176|rpc:10.1.0.17:44219|dataStream:|priority:0, e1b2127a-933c-4bfc-a8fa-edeeb9ccf213|rpc:10.1.0.17:33955|dataStream:|priority:1], old=null
2021-10-10 13:47:26,512 [grpc-default-executor-8] INFO  server.RaftServer$Division (ServerState.java:setRaftConf(387)) - 1d4e4b2f-e6a0-4223-b62b-246b29415176@group-644A06A5DE74: set configuration 0: [2432123a-b439-42d5-83b4-1981f0fa2384|rpc:10.1.0.17:39429|dataStream:|priority:0, 1d4e4b2f-e6a0-4223-b62b-246b29415176|rpc:10.1.0.17:44219|dataStream:|priority:0, e1b2127a-933c-4bfc-a8fa-edeeb9ccf213|rpc:10.1.0.17:33955|dataStream:|priority:1], old=null
2021-10-10 13:47:26,535 [grpc-default-executor-2] INFO  impl.VoteContext (VoteContext.java:log(48)) - e1b2127a-933c-4bfc-a8fa-edeeb9ccf213@group-644A06A5DE74-LEADER: reject ELECTION from 2432123a-b439-42d5-83b4-1981f0fa2384: already has voted for e1b2127a-933c-4bfc-a8fa-edeeb9ccf213 at current term 1
2021-10-10 13:47:26,535 [grpc-default-executor-2] INFO  server.RaftServer$Division (RaftServerImpl.java:requestVote(1075)) - e1b2127a-933c-4bfc-a8fa-edeeb9ccf213@group-644A06A5DE74 replies to ELECTION vote request: 2432123a-b439-42d5-83b4-1981f0fa2384<-e1b2127a-933c-4bfc-a8fa-edeeb9ccf213#0:FAIL-t1. Peer's state: e1b2127a-933c-4bfc-a8fa-edeeb9ccf213@group-644A06A5DE74:t1, leader=e1b2127a-933c-4bfc-a8fa-edeeb9ccf213, voted=e1b2127a-933c-4bfc-a8fa-edeeb9ccf213, raftlog=e1b2127a-933c-4bfc-a8fa-edeeb9ccf213@group-644A06A5DE74-SegmentedRaftLog:OPENED:c0,f0,i0, conf=0: [2432123a-b439-42d5-83b4-1981f0fa2384|rpc:10.1.0.17:39429|dataStream:|priority:0, 1d4e4b2f-e6a0-4223-b62b-246b29415176|rpc:10.1.0.17:44219|dataStream:|priority:0, e1b2127a-933c-4bfc-a8fa-edeeb9ccf213|rpc:10.1.0.17:33955|dataStream:|priority:1], old=null
2021-10-10 13:47:26,536 [grpc-default-executor-8] INFO  segmented.SegmentedRaftLogWorker (SegmentedRaftLogWorker.java:startLogSegment(394)) - 1d4e4b2f-e6a0-4223-b62b-246b29415176@group-644A06A5DE74-SegmentedRaftLogWorker: Starting segment from index:0
2021-10-10 13:47:26,538 [2432123a-b439-42d5-83b4-1981f0fa2384@group-644A06A5DE74-LeaderElection74] INFO  impl.LeaderElection (LeaderElection.java:logAndReturn(89)) - 2432123a-b439-42d5-83b4-1981f0fa2384@group-644A06A5DE74-LeaderElection74: ELECTION REJECTED received 2 response(s) and 0 exception(s):
2021-10-10 13:47:26,538 [2432123a-b439-42d5-83b4-1981f0fa2384@group-644A06A5DE74-LeaderElection74] INFO  impl.LeaderElection (LeaderElection.java:logAndReturn(93)) -   Response 0: 2432123a-b439-42d5-83b4-1981f0fa2384<-1d4e4b2f-e6a0-4223-b62b-246b29415176#0:FAIL-t1
2021-10-10 13:47:26,538 [2432123a-b439-42d5-83b4-1981f0fa2384@group-644A06A5DE74-LeaderElection74] INFO  impl.LeaderElection (LeaderElection.java:logAndReturn(93)) -   Response 1: 2432123a-b439-42d5-83b4-1981f0fa2384<-e1b2127a-933c-4bfc-a8fa-edeeb9ccf213#0:FAIL-t1
2021-10-10 13:47:26,538 [2432123a-b439-42d5-83b4-1981f0fa2384@group-644A06A5DE74-LeaderElection74] INFO  impl.LeaderElection (LeaderElection.java:askForVotes(308)) - 2432123a-b439-42d5-83b4-1981f0fa2384@group-644A06A5DE74-LeaderElection74 ELECTION round 0: result REJECTED
2021-10-10 13:47:26,539 [1d4e4b2f-e6a0-4223-b62b-246b29415176@group-644A06A5DE74-SegmentedRaftLogWorker] INFO  segmented.SegmentedRaftLogWorker (SegmentedRaftLogWorker.java:execute(601)) - 1d4e4b2f-e6a0-4223-b62b-246b29415176@group-644A06A5DE74-SegmentedRaftLogWorker: created new log segment /home/runner/work/ozone/ozone/hadoop-ozone/integration-test/target/test-dir/MiniOzoneClusterImpl-0f145d0e-b24d-4882-976e-a7baa8a64dfe/datanode-3/data/ratis/78ffa57c-9e25-44e6-b4ea-644a06a5de74/current/log_inprogress_0
2021-10-10 13:47:26,556 [grpc-default-executor-4] INFO  server.RaftServer$Division (ServerState.java:setRaftConf(387)) - 2432123a-b439-42d5-83b4-1981f0fa2384@group-644A06A5DE74: set configuration 0: [2432123a-b439-42d5-83b4-1981f0fa2384|rpc:10.1.0.17:39429|dataStream:|priority:0, 1d4e4b2f-e6a0-4223-b62b-246b29415176|rpc:10.1.0.17:44219|dataStream:|priority:0, e1b2127a-933c-4bfc-a8fa-edeeb9ccf213|rpc:10.1.0.17:33955|dataStream:|priority:1], old=null
2021-10-10 13:47:26,557 [grpc-default-executor-4] INFO  segmented.SegmentedRaftLogWorker (SegmentedRaftLogWorker.java:startLogSegment(394)) - 2432123a-b439-42d5-83b4-1981f0fa2384@group-644A06A5DE74-SegmentedRaftLogWorker: Starting segment from index:0
2021-10-10 13:47:26,614 [2432123a-b439-42d5-83b4-1981f0fa2384@group-644A06A5DE74-SegmentedRaftLogWorker] INFO  segmented.SegmentedRaftLogWorker (SegmentedRaftLogWorker.java:execute(601)) - 2432123a-b439-42d5-83b4-1981f0fa2384@group-644A06A5DE74-SegmentedRaftLogWorker: created new log segment /home/runner/work/ozone/ozone/hadoop-ozone/integration-test/target/test-dir/MiniOzoneClusterImpl-0f145d0e-b24d-4882-976e-a7baa8a64dfe/datanode-5/data/ratis/78ffa57c-9e25-44e6-b4ea-644a06a5de74/current/log_inprogress_0
2021-10-10 13:47:26,709 [grpc-default-executor-4] WARN  server.GrpcLogAppender (LogUtils.java:warn(122)) - f0a8fd88-2511-4bc8-952c-803d3ca6483c@group-B7D4081FF85C->c90bef4f-1c21-43c2-97aa-1f5cf6648a6f-AppendLogResponseHandler: Failed appendEntries: org.apache.ratis.thirdparty.io.grpc.StatusRuntimeException: UNAVAILABLE: io exception
2021-10-10 13:47:26,710 [grpc-default-executor-4] WARN  server.GrpcLogAppender (GrpcLogAppender.java:resetClient(111)) - f0a8fd88-2511-4bc8-952c-803d3ca6483c@group-B7D4081FF85C->c90bef4f-1c21-43c2-97aa-1f5cf6648a6f-GrpcLogAppender: Leader has not got in touch with Follower f0a8fd88-2511-4bc8-952c-803d3ca6483c@group-B7D4081FF85C->c90bef4f-1c21-43c2-97aa-1f5cf6648a6f(c0,m0,n1, attendVote=true, lastRpcSendTime=2509, lastRpcResponseTime=2505) yet, just keep nextIndex unchanged and retry.
2021-10-10 13:47:27,548 [grpc-default-executor-2] WARN  server.GrpcLogAppender (LogUtils.java:warn(122)) - 52be5aae-b0d8-4d04-b923-225165c5914d@group-CD7BCB0E62FF->c90bef4f-1c21-43c2-97aa-1f5cf6648a6f-AppendLogResponseHandler: Failed appendEntries: org.apache.ratis.thirdparty.io.grpc.StatusRuntimeException: UNAVAILABLE: io exception
2021-10-10 13:47:27,548 [grpc-default-executor-2] WARN  server.GrpcLogAppender (GrpcLogAppender.java:resetClient(111)) - 52be5aae-b0d8-4d04-b923-225165c5914d@group-CD7BCB0E62FF->c90bef4f-1c21-43c2-97aa-1f5cf6648a6f-GrpcLogAppender: Leader has not got in touch with Follower 52be5aae-b0d8-4d04-b923-225165c5914d@group-CD7BCB0E62FF->c90bef4f-1c21-43c2-97aa-1f5cf6648a6f(c0,m0,n1, attendVote=true, lastRpcSendTime=2, lastRpcResponseTime=2506) yet, just keep nextIndex unchanged and retry.
2021-10-10 13:47:29,107 [ForkJoinPool.commonPool-worker-1] INFO  statemachine.DatanodeStateMachine (DatanodeStateMachine.java:stopDaemon(522)) - Ozone container server stopped.
2021-10-10 13:47:29,107 [Listener at 127.0.0.1/44821] INFO  statemachine.DatanodeStateMachine (DatanodeStateMachine.java:stopDaemon(522)) - Ozone container server stopped.
2021-10-10 13:47:29,108 [Listener at 127.0.0.1/44821] INFO  handler.ContextHandler (ContextHandler.java:doStop(1153)) - Stopped o.e.j.w.WebAppContext@3854b52a{hddsDatanode,/,null,STOPPED}{jar:file:/home/runner/.m2/repository/org/apache/ozone/hdds-container-service/1.2.0-SNAPSHOT/hdds-container-service-1.2.0-SNAPSHOT.jar!/webapps/hddsDatanode}
2021-10-10 13:47:29,114 [ForkJoinPool.commonPool-worker-1] INFO  handler.ContextHandler (ContextHandler.java:doStop(1153)) - Stopped o.e.j.w.WebAppContext@1ff88d52{hddsDatanode,/,null,STOPPED}{jar:file:/home/runner/.m2/repository/org/apache/ozone/hdds-container-service/1.2.0-SNAPSHOT/hdds-container-service-1.2.0-SNAPSHOT.jar!/webapps/hddsDatanode}
2021-10-10 13:47:29,143 [Listener at 127.0.0.1/44821] INFO  server.AbstractConnector (AbstractConnector.java:doStop(381)) - Stopped ServerConnector@7fadccc5{HTTP/1.1, (http/1.1)}{0.0.0.0:36669}
2021-10-10 13:47:29,144 [Listener at 127.0.0.1/44821] INFO  server.session (HouseKeeper.java:stopScavenging(149)) - node0 Stopped scavenging
2021-10-10 13:47:29,144 [Listener at 127.0.0.1/44821] INFO  handler.ContextHandler (ContextHandler.java:doStop(1153)) - Stopped o.e.j.s.ServletContextHandler@5bbe411d{static,/static,jar:file:/home/runner/.m2/repository/org/apache/ozone/hdds-container-service/1.2.0-SNAPSHOT/hdds-container-service-1.2.0-SNAPSHOT.jar!/webapps/static,STOPPED}
2021-10-10 13:47:29,144 [Listener at 127.0.0.1/44821] INFO  handler.ContextHandler (ContextHandler.java:doStop(1153)) - Stopped o.e.j.s.ServletContextHandler@23aa7af1{logs,/logs,file:///home/runner/work/ozone/ozone/hadoop-ozone/integration-test/target/log,STOPPED}
2021-10-10 13:47:29,146 [ForkJoinPool.commonPool-worker-1] INFO  server.AbstractConnector (AbstractConnector.java:doStop(381)) - Stopped ServerConnector@415a09c9{HTTP/1.1, (http/1.1)}{0.0.0.0:0}
2021-10-10 13:47:29,146 [ForkJoinPool.commonPool-worker-1] INFO  server.session (HouseKeeper.java:stopScavenging(149)) - node0 Stopped scavenging
2021-10-10 13:47:29,175 [ForkJoinPool.commonPool-worker-1] INFO  handler.ContextHandler (ContextHandler.java:doStop(1153)) - Stopped o.e.j.s.ServletContextHandler@6fa119b{static,/static,jar:file:/home/runner/.m2/repository/org/apache/ozone/hdds-container-service/1.2.0-SNAPSHOT/hdds-container-service-1.2.0-SNAPSHOT.jar!/webapps/static,STOPPED}
2021-10-10 13:47:29,175 [ForkJoinPool.commonPool-worker-1] INFO  handler.ContextHandler (ContextHandler.java:doStop(1153)) - Stopped o.e.j.s.ServletContextHandler@7ea97acc{logs,/logs,file:///home/runner/work/ozone/ozone/hadoop-ozone/integration-test/target/log,STOPPED}
2021-10-10 13:47:29,219 [grpc-default-executor-4] WARN  server.GrpcLogAppender (LogUtils.java:warn(122)) - f0a8fd88-2511-4bc8-952c-803d3ca6483c@group-B7D4081FF85C->c90bef4f-1c21-43c2-97aa-1f5cf6648a6f-AppendLogResponseHandler: Failed appendEntries: org.apache.ratis.thirdparty.io.grpc.StatusRuntimeException: UNAVAILABLE: io exception
2021-10-10 13:47:29,219 [grpc-default-executor-4] WARN  server.GrpcLogAppender (GrpcLogAppender.java:resetClient(111)) - f0a8fd88-2511-4bc8-952c-803d3ca6483c@group-B7D4081FF85C->c90bef4f-1c21-43c2-97aa-1f5cf6648a6f-GrpcLogAppender: Leader has not got in touch with Follower f0a8fd88-2511-4bc8-952c-803d3ca6483c@group-B7D4081FF85C->c90bef4f-1c21-43c2-97aa-1f5cf6648a6f(c0,m0,n1, attendVote=true, lastRpcSendTime=4, lastRpcResponseTime=5015) yet, just keep nextIndex unchanged and retry.
2021-10-10 13:47:30,067 [grpc-default-executor-4] WARN  server.GrpcLogAppender (LogUtils.java:warn(122)) - 52be5aae-b0d8-4d04-b923-225165c5914d@group-CD7BCB0E62FF->c90bef4f-1c21-43c2-97aa-1f5cf6648a6f-AppendLogResponseHandler: Failed appendEntries: org.apache.ratis.thirdparty.io.grpc.StatusRuntimeException: UNAVAILABLE: io exception
2021-10-10 13:47:30,068 [grpc-default-executor-4] WARN  server.GrpcLogAppender (GrpcLogAppender.java:resetClient(111)) - 52be5aae-b0d8-4d04-b923-225165c5914d@group-CD7BCB0E62FF->c90bef4f-1c21-43c2-97aa-1f5cf6648a6f-GrpcLogAppender: Leader has not got in touch with Follower 52be5aae-b0d8-4d04-b923-225165c5914d@group-CD7BCB0E62FF->c90bef4f-1c21-43c2-97aa-1f5cf6648a6f(c0,m0,n1, attendVote=true, lastRpcSendTime=8, lastRpcResponseTime=5025) yet, just keep nextIndex unchanged and retry.
2021-10-10 13:47:30,918 [EventQueue-StaleNodeForStaleNodeHandler] INFO  node.StaleNodeHandler (StaleNodeHandler.java:onMessage(58)) - Datanode c90bef4f-1c21-43c2-97aa-1f5cf6648a6f{ip: 10.1.0.17, host: fv-az291-460.wgnan5asplgejimfprtllbpdch.jx.internal.cloudapp.net, ports: [REPLICATION=37481, RATIS=44117, RATIS_ADMIN=44117, RATIS_SERVER=44117, STANDALONE=40289], networkLocation: /default-rack, certSerialId: null, persistedOpState: IN_SERVICE, persistedOpStateExpiryEpochSec: 0} moved to stale state. Finalizing its pipelines [PipelineID=3392ea42-86df-40ab-b9c0-fb8e1bdd31c6, PipelineID=ea9209b1-93eb-495a-8c26-b7d4081ff85c, PipelineID=38b5fb90-feb8-420d-a116-cd7bcb0e62ff]
2021-10-10 13:47:30,919 [EventQueue-StaleNodeForStaleNodeHandler] INFO  pipeline.PipelineManagerImpl (PipelineManagerImpl.java:closePipeline(342)) - Pipeline Pipeline[ Id: 3392ea42-86df-40ab-b9c0-fb8e1bdd31c6, Nodes: c90bef4f-1c21-43c2-97aa-1f5cf6648a6f{ip: 10.1.0.17, host: fv-az291-460.wgnan5asplgejimfprtllbpdch.jx.internal.cloudapp.net, ports: [REPLICATION=37481, RATIS=44117, RATIS_ADMIN=44117, RATIS_SERVER=44117, STANDALONE=40289], networkLocation: /default-rack, certSerialId: null, persistedOpState: IN_SERVICE, persistedOpStateExpiryEpochSec: 0}, ReplicationConfig: RATIS/ONE, State:OPEN, leaderId:c90bef4f-1c21-43c2-97aa-1f5cf6648a6f, CreationTimestamp2021-10-10T13:46:15.809Z[Etc/UTC]] moved to CLOSED state
2021-10-10 13:47:30,920 [EventQueue-CloseContainerForCloseContainerEventHandler] INFO  container.CloseContainerEventHandler (CloseContainerEventHandler.java:onMessage(69)) - Close container Event triggered for container : #2
2021-10-10 13:47:30,921 [EventQueue-StaleNodeForStaleNodeHandler] INFO  pipeline.PipelineManagerImpl (PipelineManagerImpl.java:closePipeline(342)) - Pipeline Pipeline[ Id: ea9209b1-93eb-495a-8c26-b7d4081ff85c, Nodes: c90bef4f-1c21-43c2-97aa-1f5cf6648a6f{ip: 10.1.0.17, host: fv-az291-460.wgnan5asplgejimfprtllbpdch.jx.internal.cloudapp.net, ports: [REPLICATION=37481, RATIS=44117, RATIS_ADMIN=44117, RATIS_SERVER=44117, STANDALONE=40289], networkLocation: /default-rack, certSerialId: null, persistedOpState: IN_SERVICE, persistedOpStateExpiryEpochSec: 0}f0a8fd88-2511-4bc8-952c-803d3ca6483c{ip: 10.1.0.17, host: fv-az291-460.wgnan5asplgejimfprtllbpdch.jx.internal.cloudapp.net, ports: [REPLICATION=36125, RATIS=45269, RATIS_ADMIN=45269, RATIS_SERVER=45269, STANDALONE=37921], networkLocation: /default-rack, certSerialId: null, persistedOpState: IN_SERVICE, persistedOpStateExpiryEpochSec: 0}52be5aae-b0d8-4d04-b923-225165c5914d{ip: 10.1.0.17, host: fv-az291-460.wgnan5asplgejimfprtllbpdch.jx.internal.cloudapp.net, ports: [REPLICATION=34769, RATIS=37435, RATIS_ADMIN=37435, RATIS_SERVER=37435, STANDALONE=40505], networkLocation: /default-rack, certSerialId: null, persistedOpState: IN_SERVICE, persistedOpStateExpiryEpochSec: 0}, ReplicationConfig: RATIS/THREE, State:OPEN, leaderId:f0a8fd88-2511-4bc8-952c-803d3ca6483c, CreationTimestamp2021-10-10T13:46:16.376Z[Etc/UTC]] moved to CLOSED state
2021-10-10 13:47:30,921 [EventQueue-StaleNodeForStaleNodeHandler] INFO  pipeline.PipelineManagerImpl (PipelineManagerImpl.java:closePipeline(342)) - Pipeline Pipeline[ Id: 38b5fb90-feb8-420d-a116-cd7bcb0e62ff, Nodes: f0a8fd88-2511-4bc8-952c-803d3ca6483c{ip: 10.1.0.17, host: fv-az291-460.wgnan5asplgejimfprtllbpdch.jx.internal.cloudapp.net, ports: [REPLICATION=36125, RATIS=45269, RATIS_ADMIN=45269, RATIS_SERVER=45269, STANDALONE=37921], networkLocation: /default-rack, certSerialId: null, persistedOpState: IN_SERVICE, persistedOpStateExpiryEpochSec: 0}c90bef4f-1c21-43c2-97aa-1f5cf6648a6f{ip: 10.1.0.17, host: fv-az291-460.wgnan5asplgejimfprtllbpdch.jx.internal.cloudapp.net, ports: [REPLICATION=37481, RATIS=44117, RATIS_ADMIN=44117, RATIS_SERVER=44117, STANDALONE=40289], networkLocation: /default-rack, certSerialId: null, persistedOpState: IN_SERVICE, persistedOpStateExpiryEpochSec: 0}52be5aae-b0d8-4d04-b923-225165c5914d{ip: 10.1.0.17, host: fv-az291-460.wgnan5asplgejimfprtllbpdch.jx.internal.cloudapp.net, ports: [REPLICATION=34769, RATIS=37435, RATIS_ADMIN=37435, RATIS_SERVER=37435, STANDALONE=40505], networkLocation: /default-rack, certSerialId: null, persistedOpState: IN_SERVICE, persistedOpStateExpiryEpochSec: 0}, ReplicationConfig: RATIS/THREE, State:OPEN, leaderId:52be5aae-b0d8-4d04-b923-225165c5914d, CreationTimestamp2021-10-10T13:46:16.377Z[Etc/UTC]] moved to CLOSED state
2021-10-10 13:47:31,019 [EventQueue-StaleNodeForStaleNodeHandler] INFO  node.StaleNodeHandler (StaleNodeHandler.java:onMessage(58)) - Datanode 9f3dcedd-2157-4ae4-b723-f54bfee8d9ce{ip: 10.1.0.17, host: fv-az291-460.wgnan5asplgejimfprtllbpdch.jx.internal.cloudapp.net, ports: [REPLICATION=34857, RATIS=40315, RATIS_ADMIN=40315, RATIS_SERVER=40315, STANDALONE=44597], networkLocation: /default-rack, certSerialId: null, persistedOpState: IN_SERVICE, persistedOpStateExpiryEpochSec: 0} moved to stale state. Finalizing its pipelines [PipelineID=5ec87732-cd3d-4223-b6cf-0cd1fd14abdc, PipelineID=b7acb8bc-ac66-4653-8023-10dc44bac609]
2021-10-10 13:47:31,020 [EventQueue-StaleNodeForStaleNodeHandler] INFO  pipeline.PipelineManagerImpl (PipelineManagerImpl.java:closePipeline(342)) - Pipeline Pipeline[ Id: 5ec87732-cd3d-4223-b6cf-0cd1fd14abdc, Nodes: 9f3dcedd-2157-4ae4-b723-f54bfee8d9ce{ip: 10.1.0.17, host: fv-az291-460.wgnan5asplgejimfprtllbpdch.jx.internal.cloudapp.net, ports: [REPLICATION=34857, RATIS=40315, RATIS_ADMIN=40315, RATIS_SERVER=40315, STANDALONE=44597], networkLocation: /default-rack, certSerialId: null, persistedOpState: IN_SERVICE, persistedOpStateExpiryEpochSec: 0}e1b2127a-933c-4bfc-a8fa-edeeb9ccf213{ip: 10.1.0.17, host: fv-az291-460.wgnan5asplgejimfprtllbpdch.jx.internal.cloudapp.net, ports: [REPLICATION=37821, RATIS=33955, RATIS_ADMIN=33955, RATIS_SERVER=33955, STANDALONE=39177], networkLocation: /default-rack, certSerialId: null, persistedOpState: IN_SERVICE, persistedOpStateExpiryEpochSec: 0}1d4e4b2f-e6a0-4223-b62b-246b29415176{ip: 10.1.0.17, host: fv-az291-460.wgnan5asplgejimfprtllbpdch.jx.internal.cloudapp.net, ports: [REPLICATION=42583, RATIS=44219, RATIS_ADMIN=44219, RATIS_SERVER=44219, STANDALONE=40233], networkLocation: /default-rack, certSerialId: null, persistedOpState: IN_SERVICE, persistedOpStateExpiryEpochSec: 0}, ReplicationConfig: RATIS/THREE, State:ALLOCATED, leaderId:, CreationTimestamp2021-10-10T13:47:19.697Z[Etc/UTC]] moved to CLOSED state
2021-10-10 13:47:31,020 [EventQueue-StaleNodeForStaleNodeHandler] INFO  pipeline.PipelineManagerImpl (PipelineManagerImpl.java:closePipeline(342)) - Pipeline Pipeline[ Id: b7acb8bc-ac66-4653-8023-10dc44bac609, Nodes: 9f3dcedd-2157-4ae4-b723-f54bfee8d9ce{ip: 10.1.0.17, host: fv-az291-460.wgnan5asplgejimfprtllbpdch.jx.internal.cloudapp.net, ports: [REPLICATION=34857, RATIS=40315, RATIS_ADMIN=40315, RATIS_SERVER=40315, STANDALONE=44597], networkLocation: /default-rack, certSerialId: null, persistedOpState: IN_SERVICE, persistedOpStateExpiryEpochSec: 0}, ReplicationConfig: RATIS/ONE, State:OPEN, leaderId:9f3dcedd-2157-4ae4-b723-f54bfee8d9ce, CreationTimestamp2021-10-10T13:47:19.695Z[Etc/UTC]] moved to CLOSED state
2021-10-10 13:47:31,390 [1d4e4b2f-e6a0-4223-b62b-246b29415176@group-0CD1FD14ABDC-FollowerState] INFO  impl.FollowerState (FollowerState.java:run(134)) - 1d4e4b2f-e6a0-4223-b62b-246b29415176@group-0CD1FD14ABDC-FollowerState: change to CANDIDATE, lastRpcElapsedTime:5113384239ns, electionTimeout:5106ms
2021-10-10 13:47:31,390 [1d4e4b2f-e6a0-4223-b62b-246b29415176@group-0CD1FD14ABDC-FollowerState] INFO  impl.RoleInfo (RoleInfo.java:shutdownFollowerState(108)) - 1d4e4b2f-e6a0-4223-b62b-246b29415176: shutdown 1d4e4b2f-e6a0-4223-b62b-246b29415176@group-0CD1FD14ABDC-FollowerState
2021-10-10 13:47:31,390 [1d4e4b2f-e6a0-4223-b62b-246b29415176@group-0CD1FD14ABDC-FollowerState] INFO  server.RaftServer$Division (RaftServerImpl.java:setRole(285)) - 1d4e4b2f-e6a0-4223-b62b-246b29415176@group-0CD1FD14ABDC: changes role from  FOLLOWER to CANDIDATE at term 1 for changeToCandidate
2021-10-10 13:47:31,390 [1d4e4b2f-e6a0-4223-b62b-246b29415176@group-0CD1FD14ABDC-FollowerState] INFO  server.RaftServerConfigKeys (ConfUtils.java:logGet(44)) - raft.server.leaderelection.pre-vote = false (custom)
2021-10-10 13:47:31,390 [1d4e4b2f-e6a0-4223-b62b-246b29415176@group-0CD1FD14ABDC-FollowerState] INFO  impl.RoleInfo (RoleInfo.java:updateAndGet(130)) - 1d4e4b2f-e6a0-4223-b62b-246b29415176: start 1d4e4b2f-e6a0-4223-b62b-246b29415176@group-0CD1FD14ABDC-LeaderElection75
2021-10-10 13:47:31,447 [1d4e4b2f-e6a0-4223-b62b-246b29415176@group-0CD1FD14ABDC-LeaderElection75] INFO  impl.LeaderElection (LeaderElection.java:askForVotes(306)) - 1d4e4b2f-e6a0-4223-b62b-246b29415176@group-0CD1FD14ABDC-LeaderElection75 ELECTION round 0: submit vote requests at term 2 for -1: [1d4e4b2f-e6a0-4223-b62b-246b29415176|rpc:10.1.0.17:44219|dataStream:|priority:1, 9f3dcedd-2157-4ae4-b723-f54bfee8d9ce|rpc:10.1.0.17:40315|dataStream:|priority:0, e1b2127a-933c-4bfc-a8fa-edeeb9ccf213|rpc:10.1.0.17:33955|dataStream:|priority:0], old=null
2021-10-10 13:47:31,480 [1d4e4b2f-e6a0-4223-b62b-246b29415176@group-0CD1FD14ABDC-LeaderElection75] INFO  impl.LeaderElection (LogUtils.java:infoOrTrace(137)) - 1d4e4b2f-e6a0-4223-b62b-246b29415176@group-0CD1FD14ABDC-LeaderElection75 got exception when requesting votes: java.util.concurrent.ExecutionException: org.apache.ratis.thirdparty.io.grpc.StatusRuntimeException: UNAVAILABLE: io exception
2021-10-10 13:47:31,496 [grpc-default-executor-4] INFO  server.RaftServer$Division (RaftServerImpl.java:requestVote(1043)) - e1b2127a-933c-4bfc-a8fa-edeeb9ccf213@group-0CD1FD14ABDC: receive requestVote(ELECTION, 1d4e4b2f-e6a0-4223-b62b-246b29415176, group-0CD1FD14ABDC, 2, (t:0, i:0))
2021-10-10 13:47:31,496 [grpc-default-executor-4] INFO  impl.VoteContext (VoteContext.java:log(48)) - e1b2127a-933c-4bfc-a8fa-edeeb9ccf213@group-0CD1FD14ABDC-FOLLOWER: accept ELECTION from 1d4e4b2f-e6a0-4223-b62b-246b29415176: our priority 0 <= candidate's priority 1
2021-10-10 13:47:31,496 [grpc-default-executor-4] INFO  server.RaftServer$Division (RaftServerImpl.java:setRole(285)) - e1b2127a-933c-4bfc-a8fa-edeeb9ccf213@group-0CD1FD14ABDC: changes role from  FOLLOWER to FOLLOWER at term 2 for candidate:1d4e4b2f-e6a0-4223-b62b-246b29415176
2021-10-10 13:47:31,496 [grpc-default-executor-4] INFO  impl.RoleInfo (RoleInfo.java:shutdownFollowerState(108)) - e1b2127a-933c-4bfc-a8fa-edeeb9ccf213: shutdown e1b2127a-933c-4bfc-a8fa-edeeb9ccf213@group-0CD1FD14ABDC-FollowerState
2021-10-10 13:47:31,496 [grpc-default-executor-4] INFO  impl.RoleInfo (RoleInfo.java:updateAndGet(130)) - e1b2127a-933c-4bfc-a8fa-edeeb9ccf213: start e1b2127a-933c-4bfc-a8fa-edeeb9ccf213@group-0CD1FD14ABDC-FollowerState
2021-10-10 13:47:31,496 [e1b2127a-933c-4bfc-a8fa-edeeb9ccf213@group-0CD1FD14ABDC-FollowerState] INFO  impl.FollowerState (FollowerState.java:run(143)) - e1b2127a-933c-4bfc-a8fa-edeeb9ccf213@group-0CD1FD14ABDC-FollowerState was interrupted: {}
java.lang.InterruptedException: sleep interrupted
	at java.lang.Thread.sleep(Native Method)
	at java.lang.Thread.sleep(Thread.java:340)
	at java.util.concurrent.TimeUnit.sleep(TimeUnit.java:386)
	at org.apache.ratis.util.TimeDuration.sleep(TimeDuration.java:324)
	at org.apache.ratis.util.TimeDuration.sleep(TimeDuration.java:309)
	at org.apache.ratis.server.impl.FollowerState.run(FollowerState.java:118)
2021-10-10 13:47:31,554 [grpc-default-executor-4] INFO  server.RaftServer$Division (RaftServerImpl.java:requestVote(1075)) - e1b2127a-933c-4bfc-a8fa-edeeb9ccf213@group-0CD1FD14ABDC replies to ELECTION vote request: 1d4e4b2f-e6a0-4223-b62b-246b29415176<-e1b2127a-933c-4bfc-a8fa-edeeb9ccf213#0:OK-t2. Peer's state: e1b2127a-933c-4bfc-a8fa-edeeb9ccf213@group-0CD1FD14ABDC:t2, leader=null, voted=1d4e4b2f-e6a0-4223-b62b-246b29415176, raftlog=e1b2127a-933c-4bfc-a8fa-edeeb9ccf213@group-0CD1FD14ABDC-SegmentedRaftLog:OPENED:c-1,f-1,i0, conf=-1: [1d4e4b2f-e6a0-4223-b62b-246b29415176|rpc:10.1.0.17:44219|dataStream:|priority:1, 9f3dcedd-2157-4ae4-b723-f54bfee8d9ce|rpc:10.1.0.17:40315|dataStream:|priority:0, e1b2127a-933c-4bfc-a8fa-edeeb9ccf213|rpc:10.1.0.17:33955|dataStream:|priority:0], old=null
2021-10-10 13:47:31,556 [1d4e4b2f-e6a0-4223-b62b-246b29415176@group-0CD1FD14ABDC-LeaderElection75] INFO  impl.LeaderElection (LeaderElection.java:logAndReturn(89)) - 1d4e4b2f-e6a0-4223-b62b-246b29415176@group-0CD1FD14ABDC-LeaderElection75: ELECTION PASSED received 1 response(s) and 1 exception(s):
2021-10-10 13:47:31,556 [1d4e4b2f-e6a0-4223-b62b-246b29415176@group-0CD1FD14ABDC-LeaderElection75] INFO  impl.LeaderElection (LeaderElection.java:logAndReturn(93)) -   Response 0: 1d4e4b2f-e6a0-4223-b62b-246b29415176<-e1b2127a-933c-4bfc-a8fa-edeeb9ccf213#0:OK-t2
2021-10-10 13:47:31,556 [1d4e4b2f-e6a0-4223-b62b-246b29415176@group-0CD1FD14ABDC-LeaderElection75] INFO  impl.LeaderElection (LogUtils.java:infoOrTrace(137)) -   Exception 1: java.util.concurrent.ExecutionException: org.apache.ratis.thirdparty.io.grpc.StatusRuntimeException: UNAVAILABLE: io exception
2021-10-10 13:47:31,556 [1d4e4b2f-e6a0-4223-b62b-246b29415176@group-0CD1FD14ABDC-LeaderElection75] INFO  impl.LeaderElection (LeaderElection.java:askForVotes(308)) - 1d4e4b2f-e6a0-4223-b62b-246b29415176@group-0CD1FD14ABDC-LeaderElection75 ELECTION round 0: result PASSED
2021-10-10 13:47:31,556 [1d4e4b2f-e6a0-4223-b62b-246b29415176@group-0CD1FD14ABDC-LeaderElection75] INFO  impl.RoleInfo (RoleInfo.java:shutdownLeaderElection(121)) - 1d4e4b2f-e6a0-4223-b62b-246b29415176: shutdown 1d4e4b2f-e6a0-4223-b62b-246b29415176@group-0CD1FD14ABDC-LeaderElection75
2021-10-10 13:47:31,556 [1d4e4b2f-e6a0-4223-b62b-246b29415176@group-0CD1FD14ABDC-LeaderElection75] INFO  server.RaftServer$Division (RaftServerImpl.java:setRole(285)) - 1d4e4b2f-e6a0-4223-b62b-246b29415176@group-0CD1FD14ABDC: changes role from CANDIDATE to LEADER at term 2 for changeToLeader
2021-10-10 13:47:31,556 [1d4e4b2f-e6a0-4223-b62b-246b29415176@group-0CD1FD14ABDC-LeaderElection75] INFO  ratis.XceiverServerRatis (XceiverServerRatis.java:handleLeaderChangedNotification(861)) - Leader change notification received for group: group-0CD1FD14ABDC with new leaderId: 1d4e4b2f-e6a0-4223-b62b-246b29415176
2021-10-10 13:47:31,557 [1d4e4b2f-e6a0-4223-b62b-246b29415176@group-0CD1FD14ABDC-LeaderElection75] INFO  server.RaftServer$Division (ServerState.java:setLeader(285)) - 1d4e4b2f-e6a0-4223-b62b-246b29415176@group-0CD1FD14ABDC: change Leader from null to 1d4e4b2f-e6a0-4223-b62b-246b29415176 at term 2 for becomeLeader, leader elected after 10364ms
2021-10-10 13:47:31,557 [1d4e4b2f-e6a0-4223-b62b-246b29415176@group-0CD1FD14ABDC-LeaderElection75] INFO  server.RaftServerConfigKeys (ConfUtils.java:logGet(44)) - raft.server.staging.catchup.gap = 1000 (default)
2021-10-10 13:47:31,557 [1d4e4b2f-e6a0-4223-b62b-246b29415176@group-0CD1FD14ABDC-LeaderElection75] INFO  server.RaftServerConfigKeys (ConfUtils.java:logGet(44)) - raft.server.write.element-limit = 1024 (custom)
2021-10-10 13:47:31,557 [1d4e4b2f-e6a0-4223-b62b-246b29415176@group-0CD1FD14ABDC-LeaderElection75] INFO  server.RaftServerConfigKeys (ConfUtils.java:logGet(44)) - raft.server.write.byte-limit = 1024 M (=1073741824) (custom)
2021-10-10 13:47:31,557 [1d4e4b2f-e6a0-4223-b62b-246b29415176@group-0CD1FD14ABDC-LeaderElection75] INFO  server.RaftServerConfigKeys (ConfUtils.java:logGet(44)) - raft.server.watch.timeout = 3000ms (custom)
2021-10-10 13:47:31,557 [1d4e4b2f-e6a0-4223-b62b-246b29415176@group-0CD1FD14ABDC-LeaderElection75] INFO  server.RaftServerConfigKeys (ConfUtils.java:logGet(44)) - raft.server.watch.timeout.denomination = 1s (default)
2021-10-10 13:47:31,557 [1d4e4b2f-e6a0-4223-b62b-246b29415176@group-0CD1FD14ABDC-LeaderElection75] INFO  server.RaftServerConfigKeys (ConfUtils.java:logGet(44)) - raft.server.watch.element-limit = 65536 (default)
2021-10-10 13:47:31,558 [1d4e4b2f-e6a0-4223-b62b-246b29415176@group-0CD1FD14ABDC-LeaderElection75] INFO  server.RaftServerConfigKeys (ConfUtils.java:logGet(44)) - raft.server.log.appender.snapshot.chunk.size.max = 16MB (=16777216) (default)
2021-10-10 13:47:31,558 [1d4e4b2f-e6a0-4223-b62b-246b29415176@group-0CD1FD14ABDC-LeaderElection75] INFO  server.RaftServerConfigKeys (ConfUtils.java:logGet(44)) - raft.server.log.appender.buffer.byte-limit = 33554432 (custom)
2021-10-10 13:47:31,558 [1d4e4b2f-e6a0-4223-b62b-246b29415176@group-0CD1FD14ABDC-LeaderElection75] INFO  server.RaftServerConfigKeys (ConfUtils.java:logGet(44)) - raft.server.log.appender.buffer.element-limit = 1 (custom)
2021-10-10 13:47:31,558 [1d4e4b2f-e6a0-4223-b62b-246b29415176@group-0CD1FD14ABDC-LeaderElection75] INFO  grpc.GrpcConfigKeys (ConfUtils.java:logGet(44)) - raft.grpc.server.leader.outstanding.appends.max = 128 (default)
2021-10-10 13:47:31,558 [1d4e4b2f-e6a0-4223-b62b-246b29415176@group-0CD1FD14ABDC-LeaderElection75] INFO  server.RaftServerConfigKeys (ConfUtils.java:logGet(44)) - raft.server.rpc.request.timeout = 3000ms (default)
2021-10-10 13:47:31,558 [1d4e4b2f-e6a0-4223-b62b-246b29415176@group-0CD1FD14ABDC-LeaderElection75] INFO  server.RaftServerConfigKeys (ConfUtils.java:logGet(44)) - raft.server.log.appender.install.snapshot.enabled = false (custom)
2021-10-10 13:47:31,559 [1d4e4b2f-e6a0-4223-b62b-246b29415176@group-0CD1FD14ABDC-LeaderElection75] INFO  server.RaftServerConfigKeys (ConfUtils.java:logGet(44)) - raft.server.log.appender.snapshot.chunk.size.max = 16MB (=16777216) (default)
2021-10-10 13:47:31,559 [1d4e4b2f-e6a0-4223-b62b-246b29415176@group-0CD1FD14ABDC-LeaderElection75] INFO  server.RaftServerConfigKeys (ConfUtils.java:logGet(44)) - raft.server.log.appender.buffer.byte-limit = 33554432 (custom)
2021-10-10 13:47:31,559 [Datanode State Machine Thread - 0] WARN  statemachine.StateContext (StateContext.java:execute(621)) - No available thread in pool for past 1 seconds.
2021-10-10 13:47:31,560 [1d4e4b2f-e6a0-4223-b62b-246b29415176@group-0CD1FD14ABDC-LeaderElection75] INFO  server.RaftServerConfigKeys (ConfUtils.java:logGet(44)) - raft.server.log.appender.buffer.element-limit = 1 (custom)
2021-10-10 13:47:31,560 [1d4e4b2f-e6a0-4223-b62b-246b29415176@group-0CD1FD14ABDC-LeaderElection75] INFO  grpc.GrpcConfigKeys (ConfUtils.java:logGet(44)) - raft.grpc.server.leader.outstanding.appends.max = 128 (default)
2021-10-10 13:47:31,560 [1d4e4b2f-e6a0-4223-b62b-246b29415176@group-0CD1FD14ABDC-LeaderElection75] INFO  server.RaftServerConfigKeys (ConfUtils.java:logGet(44)) - raft.server.rpc.request.timeout = 3000ms (default)
2021-10-10 13:47:31,560 [1d4e4b2f-e6a0-4223-b62b-246b29415176@group-0CD1FD14ABDC-LeaderElection75] INFO  server.RaftServerConfigKeys (ConfUtils.java:logGet(44)) - raft.server.log.appender.install.snapshot.enabled = false (custom)
2021-10-10 13:47:31,564 [1d4e4b2f-e6a0-4223-b62b-246b29415176@group-0CD1FD14ABDC-LeaderElection75] INFO  impl.RoleInfo (RoleInfo.java:updateAndGet(130)) - 1d4e4b2f-e6a0-4223-b62b-246b29415176: start 1d4e4b2f-e6a0-4223-b62b-246b29415176@group-0CD1FD14ABDC-LeaderStateImpl
2021-10-10 13:47:31,564 [1d4e4b2f-e6a0-4223-b62b-246b29415176@group-0CD1FD14ABDC-LeaderElection75] INFO  segmented.SegmentedRaftLogWorker (SegmentedRaftLogWorker.java:startLogSegment(394)) - 1d4e4b2f-e6a0-4223-b62b-246b29415176@group-0CD1FD14ABDC-SegmentedRaftLogWorker: Starting segment from index:0
2021-10-10 13:47:31,566 [1d4e4b2f-e6a0-4223-b62b-246b29415176@group-0CD1FD14ABDC-SegmentedRaftLogWorker] INFO  segmented.SegmentedRaftLogWorker (SegmentedRaftLogWorker.java:execute(601)) - 1d4e4b2f-e6a0-4223-b62b-246b29415176@group-0CD1FD14ABDC-SegmentedRaftLogWorker: created new log segment /home/runner/work/ozone/ozone/hadoop-ozone/integration-test/target/test-dir/MiniOzoneClusterImpl-0f145d0e-b24d-4882-976e-a7baa8a64dfe/datanode-3/data/ratis/5ec87732-cd3d-4223-b6cf-0cd1fd14abdc/current/log_inprogress_0
2021-10-10 13:47:31,615 [1d4e4b2f-e6a0-4223-b62b-246b29415176@group-0CD1FD14ABDC-LeaderElection75] INFO  server.RaftServer$Division (ServerState.java:setRaftConf(387)) - 1d4e4b2f-e6a0-4223-b62b-246b29415176@group-0CD1FD14ABDC: set configuration 0: [1d4e4b2f-e6a0-4223-b62b-246b29415176|rpc:10.1.0.17:44219|dataStream:|priority:1, 9f3dcedd-2157-4ae4-b723-f54bfee8d9ce|rpc:10.1.0.17:40315|dataStream:|priority:0, e1b2127a-933c-4bfc-a8fa-edeeb9ccf213|rpc:10.1.0.17:33955|dataStream:|priority:0], old=null
2021-10-10 13:47:31,632 [grpc-default-executor-4] INFO  ratis.XceiverServerRatis (XceiverServerRatis.java:handleLeaderChangedNotification(861)) - Leader change notification received for group: group-0CD1FD14ABDC with new leaderId: 1d4e4b2f-e6a0-4223-b62b-246b29415176
2021-10-10 13:47:31,632 [grpc-default-executor-4] INFO  server.RaftServer$Division (ServerState.java:setLeader(285)) - e1b2127a-933c-4bfc-a8fa-edeeb9ccf213@group-0CD1FD14ABDC: change Leader from null to 1d4e4b2f-e6a0-4223-b62b-246b29415176 at term 2 for appendEntries, leader elected after 10642ms
2021-10-10 13:47:31,645 [grpc-default-executor-4] INFO  server.RaftServer$Division (ServerState.java:setRaftConf(387)) - e1b2127a-933c-4bfc-a8fa-edeeb9ccf213@group-0CD1FD14ABDC: set configuration 0: [1d4e4b2f-e6a0-4223-b62b-246b29415176|rpc:10.1.0.17:44219|dataStream:|priority:1, 9f3dcedd-2157-4ae4-b723-f54bfee8d9ce|rpc:10.1.0.17:40315|dataStream:|priority:0, e1b2127a-933c-4bfc-a8fa-edeeb9ccf213|rpc:10.1.0.17:33955|dataStream:|priority:0], old=null
2021-10-10 13:47:31,646 [grpc-default-executor-4] INFO  segmented.SegmentedRaftLogWorker (SegmentedRaftLogWorker.java:startLogSegment(394)) - e1b2127a-933c-4bfc-a8fa-edeeb9ccf213@group-0CD1FD14ABDC-SegmentedRaftLogWorker: Starting segment from index:0
2021-10-10 13:47:31,648 [e1b2127a-933c-4bfc-a8fa-edeeb9ccf213@group-0CD1FD14ABDC-SegmentedRaftLogWorker] INFO  segmented.SegmentedRaftLogWorker (SegmentedRaftLogWorker.java:execute(601)) - e1b2127a-933c-4bfc-a8fa-edeeb9ccf213@group-0CD1FD14ABDC-SegmentedRaftLogWorker: created new log segment /home/runner/work/ozone/ozone/hadoop-ozone/integration-test/target/test-dir/MiniOzoneClusterImpl-0f145d0e-b24d-4882-976e-a7baa8a64dfe/datanode-6/data/ratis/5ec87732-cd3d-4223-b6cf-0cd1fd14abdc/current/log_inprogress_0
2021-10-10 13:47:31,660 [grpc-default-executor-4] WARN  server.GrpcLogAppender (LogUtils.java:warn(122)) - 1d4e4b2f-e6a0-4223-b62b-246b29415176@group-0CD1FD14ABDC->9f3dcedd-2157-4ae4-b723-f54bfee8d9ce-AppendLogResponseHandler: Failed appendEntries: org.apache.ratis.thirdparty.io.grpc.StatusRuntimeException: UNAVAILABLE: io exception
2021-10-10 13:47:31,662 [grpc-default-executor-4] WARN  server.GrpcLogAppender (GrpcLogAppender.java:resetClient(111)) - 1d4e4b2f-e6a0-4223-b62b-246b29415176@group-0CD1FD14ABDC->9f3dcedd-2157-4ae4-b723-f54bfee8d9ce-GrpcLogAppender: Leader has not got in touch with Follower 1d4e4b2f-e6a0-4223-b62b-246b29415176@group-0CD1FD14ABDC->9f3dcedd-2157-4ae4-b723-f54bfee8d9ce(c-1,m0,n0, attendVote=true, lastRpcSendTime=5304, lastRpcResponseTime=5304) yet, just keep nextIndex unchanged and retry.
2021-10-10 13:47:31,663 [grpc-default-executor-4] WARN  server.GrpcLogAppender (LogUtils.java:warn(122)) - 1d4e4b2f-e6a0-4223-b62b-246b29415176@group-0CD1FD14ABDC->9f3dcedd-2157-4ae4-b723-f54bfee8d9ce-AppendLogResponseHandler: Failed appendEntries: org.apache.ratis.thirdparty.io.grpc.StatusRuntimeException: UNAVAILABLE: io exception
2021-10-10 13:47:31,663 [grpc-default-executor-4] WARN  server.GrpcLogAppender (GrpcLogAppender.java:resetClient(111)) - 1d4e4b2f-e6a0-4223-b62b-246b29415176@group-0CD1FD14ABDC->9f3dcedd-2157-4ae4-b723-f54bfee8d9ce-GrpcLogAppender: Leader has not got in touch with Follower 1d4e4b2f-e6a0-4223-b62b-246b29415176@group-0CD1FD14ABDC->9f3dcedd-2157-4ae4-b723-f54bfee8d9ce(c-1,m0,n1, attendVote=true, lastRpcSendTime=1, lastRpcResponseTime=5305) yet, just keep nextIndex unchanged and retry.
2021-10-10 13:47:31,731 [grpc-default-executor-4] WARN  server.GrpcLogAppender (LogUtils.java:warn(122)) - f0a8fd88-2511-4bc8-952c-803d3ca6483c@group-B7D4081FF85C->c90bef4f-1c21-43c2-97aa-1f5cf6648a6f-AppendLogResponseHandler: Failed appendEntries: org.apache.ratis.thirdparty.io.grpc.StatusRuntimeException: UNAVAILABLE: io exception
2021-10-10 13:47:31,732 [grpc-default-executor-4] WARN  server.GrpcLogAppender (GrpcLogAppender.java:resetClient(111)) - f0a8fd88-2511-4bc8-952c-803d3ca6483c@group-B7D4081FF85C->c90bef4f-1c21-43c2-97aa-1f5cf6648a6f-GrpcLogAppender: Leader has not got in touch with Follower f0a8fd88-2511-4bc8-952c-803d3ca6483c@group-B7D4081FF85C->c90bef4f-1c21-43c2-97aa-1f5cf6648a6f(c0,m0,n1, attendVote=true, lastRpcSendTime=0, lastRpcResponseTime=7527) yet, just keep nextIndex unchanged and retry.
2021-10-10 13:47:32,585 [grpc-default-executor-2] WARN  server.GrpcLogAppender (LogUtils.java:warn(122)) - 52be5aae-b0d8-4d04-b923-225165c5914d@group-CD7BCB0E62FF->c90bef4f-1c21-43c2-97aa-1f5cf6648a6f-AppendLogResponseHandler: Failed appendEntries: org.apache.ratis.thirdparty.io.grpc.StatusRuntimeException: UNAVAILABLE: io exception
2021-10-10 13:47:32,585 [grpc-default-executor-2] WARN  server.GrpcLogAppender (GrpcLogAppender.java:resetClient(111)) - 52be5aae-b0d8-4d04-b923-225165c5914d@group-CD7BCB0E62FF->c90bef4f-1c21-43c2-97aa-1f5cf6648a6f-GrpcLogAppender: Leader has not got in touch with Follower 52be5aae-b0d8-4d04-b923-225165c5914d@group-CD7BCB0E62FF->c90bef4f-1c21-43c2-97aa-1f5cf6648a6f(c0,m0,n1, attendVote=true, lastRpcSendTime=0, lastRpcResponseTime=7543) yet, just keep nextIndex unchanged and retry.
2021-10-10 13:47:34,164 [grpc-default-executor-2] WARN  server.GrpcLogAppender (LogUtils.java:warn(122)) - 1d4e4b2f-e6a0-4223-b62b-246b29415176@group-0CD1FD14ABDC->9f3dcedd-2157-4ae4-b723-f54bfee8d9ce-AppendLogResponseHandler: Failed appendEntries: org.apache.ratis.thirdparty.io.grpc.StatusRuntimeException: UNAVAILABLE: io exception
2021-10-10 13:47:34,165 [grpc-default-executor-2] WARN  server.GrpcLogAppender (GrpcLogAppender.java:resetClient(111)) - 1d4e4b2f-e6a0-4223-b62b-246b29415176@group-0CD1FD14ABDC->9f3dcedd-2157-4ae4-b723-f54bfee8d9ce-GrpcLogAppender: Leader has not got in touch with Follower 1d4e4b2f-e6a0-4223-b62b-246b29415176@group-0CD1FD14ABDC->9f3dcedd-2157-4ae4-b723-f54bfee8d9ce(c-1,m0,n1, attendVote=true, lastRpcSendTime=0, lastRpcResponseTime=7807) yet, just keep nextIndex unchanged and retry.
2021-10-10 13:47:34,183 [ForkJoinPool.commonPool-worker-1] INFO  ozoneimpl.OzoneContainer (OzoneContainer.java:stop(325)) - Attempting to stop container services.
2021-10-10 13:47:34,187 [ForkJoinPool.commonPool-worker-1] INFO  server.RaftServer (RaftServerProxy.java:lambda$close$6(391)) - 52be5aae-b0d8-4d04-b923-225165c5914d: close
2021-10-10 13:47:34,188 [ForkJoinPool.commonPool-worker-1] INFO  server.RaftServer$Division (RaftServerImpl.java:lambda$close$4(407)) - 52be5aae-b0d8-4d04-b923-225165c5914d@group-B7D4081FF85C: shutdown
2021-10-10 13:47:34,188 [ForkJoinPool.commonPool-worker-1] INFO  util.JmxRegister (JmxRegister.java:unregister(73)) - Successfully un-registered JMX Bean with object name Ratis:service=RaftServer,group=group-B7D4081FF85C,id=52be5aae-b0d8-4d04-b923-225165c5914d
2021-10-10 13:47:34,188 [ForkJoinPool.commonPool-worker-1] INFO  impl.RoleInfo (RoleInfo.java:shutdownFollowerState(108)) - 52be5aae-b0d8-4d04-b923-225165c5914d: shutdown 52be5aae-b0d8-4d04-b923-225165c5914d@group-B7D4081FF85C-FollowerState
2021-10-10 13:47:34,188 [ForkJoinPool.commonPool-worker-1] INFO  impl.StateMachineUpdater (StateMachineUpdater.java:stopAndJoin(149)) - 52be5aae-b0d8-4d04-b923-225165c5914d@group-B7D4081FF85C-StateMachineUpdater: set stopIndex = 0
2021-10-10 13:47:34,188 [52be5aae-b0d8-4d04-b923-225165c5914d@group-B7D4081FF85C-FollowerState] INFO  impl.FollowerState (FollowerState.java:run(143)) - 52be5aae-b0d8-4d04-b923-225165c5914d@group-B7D4081FF85C-FollowerState was interrupted: {}
java.lang.InterruptedException: sleep interrupted
	at java.lang.Thread.sleep(Native Method)
	at java.lang.Thread.sleep(Thread.java:340)
	at java.util.concurrent.TimeUnit.sleep(TimeUnit.java:386)
	at org.apache.ratis.util.TimeDuration.sleep(TimeDuration.java:324)
	at org.apache.ratis.util.TimeDuration.sleep(TimeDuration.java:309)
	at org.apache.ratis.server.impl.FollowerState.run(FollowerState.java:118)
2021-10-10 13:47:34,188 [52be5aae-b0d8-4d04-b923-225165c5914d@group-B7D4081FF85C-StateMachineUpdater] INFO  ratis.ContainerStateMachine (ContainerStateMachine.java:takeSnapshot(292)) - group-B7D4081FF85C: Taking a snapshot at:(t:1, i:0) file /home/runner/work/ozone/ozone/hadoop-ozone/integration-test/target/test-dir/MiniOzoneClusterImpl-0f145d0e-b24d-4882-976e-a7baa8a64dfe/datanode-2/data/ratis/ea9209b1-93eb-495a-8c26-b7d4081ff85c/sm/snapshot.1_0
2021-10-10 13:47:34,190 [52be5aae-b0d8-4d04-b923-225165c5914d@group-B7D4081FF85C-StateMachineUpdater] INFO  ratis.ContainerStateMachine (ContainerStateMachine.java:takeSnapshot(303)) - group-B7D4081FF85C: Finished taking a snapshot at:(t:1, i:0) file:/home/runner/work/ozone/ozone/hadoop-ozone/integration-test/target/test-dir/MiniOzoneClusterImpl-0f145d0e-b24d-4882-976e-a7baa8a64dfe/datanode-2/data/ratis/ea9209b1-93eb-495a-8c26-b7d4081ff85c/sm/snapshot.1_0 took: 1 ms
2021-10-10 13:47:34,190 [52be5aae-b0d8-4d04-b923-225165c5914d@group-B7D4081FF85C-StateMachineUpdater] INFO  impl.StateMachineUpdater (StateMachineUpdater.java:takeSnapshot(281)) - 52be5aae-b0d8-4d04-b923-225165c5914d@group-B7D4081FF85C-StateMachineUpdater: Took a snapshot at index 0
2021-10-10 13:47:34,190 [52be5aae-b0d8-4d04-b923-225165c5914d@group-B7D4081FF85C-StateMachineUpdater] INFO  impl.StateMachineUpdater (StateMachineUpdater.java:lambda$new$0(89)) - 52be5aae-b0d8-4d04-b923-225165c5914d@group-B7D4081FF85C-StateMachineUpdater: snapshotIndex: updateIncreasingly -1 -> 0
2021-10-10 13:47:34,191 [ForkJoinPool.commonPool-worker-1] INFO  server.RaftServer$Division (ServerState.java:close(419)) - 52be5aae-b0d8-4d04-b923-225165c5914d@group-B7D4081FF85C: closes. applyIndex: 0
2021-10-10 13:47:34,191 [52be5aae-b0d8-4d04-b923-225165c5914d@group-B7D4081FF85C-SegmentedRaftLogWorker] INFO  segmented.SegmentedRaftLogWorker (SegmentedRaftLogWorker.java:run(327)) - 52be5aae-b0d8-4d04-b923-225165c5914d@group-B7D4081FF85C-SegmentedRaftLogWorker was interrupted, exiting. There are 0 tasks remaining in the queue.
2021-10-10 13:47:34,192 [ForkJoinPool.commonPool-worker-1] INFO  segmented.SegmentedRaftLogWorker (SegmentedRaftLogWorker.java:close(237)) - 52be5aae-b0d8-4d04-b923-225165c5914d@group-B7D4081FF85C-SegmentedRaftLogWorker close()
2021-10-10 13:47:34,200 [ForkJoinPool.commonPool-worker-1] INFO  server.RaftServer$Division (RaftServerImpl.java:lambda$close$4(407)) - 52be5aae-b0d8-4d04-b923-225165c5914d@group-CD7BCB0E62FF: shutdown
2021-10-10 13:47:34,201 [ForkJoinPool.commonPool-worker-1] INFO  util.JmxRegister (JmxRegister.java:unregister(73)) - Successfully un-registered JMX Bean with object name Ratis:service=RaftServer,group=group-CD7BCB0E62FF,id=52be5aae-b0d8-4d04-b923-225165c5914d
2021-10-10 13:47:34,201 [ForkJoinPool.commonPool-worker-1] INFO  impl.RoleInfo (RoleInfo.java:shutdownLeaderState(91)) - 52be5aae-b0d8-4d04-b923-225165c5914d: shutdown 52be5aae-b0d8-4d04-b923-225165c5914d@group-CD7BCB0E62FF-LeaderStateImpl
2021-10-10 13:47:34,201 [ForkJoinPool.commonPool-worker-1] INFO  impl.PendingRequests (PendingRequests.java:sendNotLeaderResponses(282)) - 52be5aae-b0d8-4d04-b923-225165c5914d@group-CD7BCB0E62FF-PendingRequests: sendNotLeaderResponses
2021-10-10 13:47:34,201 [ForkJoinPool.commonPool-worker-1] INFO  impl.StateMachineUpdater (StateMachineUpdater.java:stopAndJoin(149)) - 52be5aae-b0d8-4d04-b923-225165c5914d@group-CD7BCB0E62FF-StateMachineUpdater: set stopIndex = 0
2021-10-10 13:47:34,202 [52be5aae-b0d8-4d04-b923-225165c5914d@group-CD7BCB0E62FF-StateMachineUpdater] INFO  ratis.ContainerStateMachine (ContainerStateMachine.java:takeSnapshot(292)) - group-CD7BCB0E62FF: Taking a snapshot at:(t:4, i:0) file /home/runner/work/ozone/ozone/hadoop-ozone/integration-test/target/test-dir/MiniOzoneClusterImpl-0f145d0e-b24d-4882-976e-a7baa8a64dfe/datanode-2/data/ratis/38b5fb90-feb8-420d-a116-cd7bcb0e62ff/sm/snapshot.4_0
2021-10-10 13:47:34,202 [52be5aae-b0d8-4d04-b923-225165c5914d@group-CD7BCB0E62FF-StateMachineUpdater] INFO  ratis.ContainerStateMachine (ContainerStateMachine.java:takeSnapshot(303)) - group-CD7BCB0E62FF: Finished taking a snapshot at:(t:4, i:0) file:/home/runner/work/ozone/ozone/hadoop-ozone/integration-test/target/test-dir/MiniOzoneClusterImpl-0f145d0e-b24d-4882-976e-a7baa8a64dfe/datanode-2/data/ratis/38b5fb90-feb8-420d-a116-cd7bcb0e62ff/sm/snapshot.4_0 took: 1 ms
2021-10-10 13:47:34,203 [52be5aae-b0d8-4d04-b923-225165c5914d@group-CD7BCB0E62FF-StateMachineUpdater] INFO  impl.StateMachineUpdater (StateMachineUpdater.java:takeSnapshot(281)) - 52be5aae-b0d8-4d04-b923-225165c5914d@group-CD7BCB0E62FF-StateMachineUpdater: Took a snapshot at index 0
2021-10-10 13:47:34,203 [52be5aae-b0d8-4d04-b923-225165c5914d@group-CD7BCB0E62FF-StateMachineUpdater] INFO  impl.StateMachineUpdater (StateMachineUpdater.java:lambda$new$0(89)) - 52be5aae-b0d8-4d04-b923-225165c5914d@group-CD7BCB0E62FF-StateMachineUpdater: snapshotIndex: updateIncreasingly -1 -> 0
2021-10-10 13:47:34,203 [ForkJoinPool.commonPool-worker-1] INFO  server.RaftServer$Division (ServerState.java:close(419)) - 52be5aae-b0d8-4d04-b923-225165c5914d@group-CD7BCB0E62FF: closes. applyIndex: 0
2021-10-10 13:47:34,211 [Listener at 127.0.0.1/44821] INFO  ozoneimpl.OzoneContainer (OzoneContainer.java:stop(325)) - Attempting to stop container services.
2021-10-10 13:47:34,212 [52be5aae-b0d8-4d04-b923-225165c5914d@group-CD7BCB0E62FF->f0a8fd88-2511-4bc8-952c-803d3ca6483c-GrpcLogAppender-LogAppenderDaemon] WARN  server.GrpcLogAppender (GrpcLogAppender.java:mayWait(175)) - 52be5aae-b0d8-4d04-b923-225165c5914d@group-CD7BCB0E62FF->f0a8fd88-2511-4bc8-952c-803d3ca6483c-GrpcLogAppender: Wait interrupted by java.lang.InterruptedException
2021-10-10 13:47:34,212 [Listener at 127.0.0.1/44821] INFO  server.RaftServer (RaftServerProxy.java:lambda$close$6(391)) - f0a8fd88-2511-4bc8-952c-803d3ca6483c: close
2021-10-10 13:47:34,212 [Listener at 127.0.0.1/44821] INFO  server.RaftServer$Division (RaftServerImpl.java:lambda$close$4(407)) - f0a8fd88-2511-4bc8-952c-803d3ca6483c@group-B7D4081FF85C: shutdown
2021-10-10 13:47:34,212 [Listener at 127.0.0.1/44821] INFO  util.JmxRegister (JmxRegister.java:unregister(73)) - Successfully un-registered JMX Bean with object name Ratis:service=RaftServer,group=group-B7D4081FF85C,id=f0a8fd88-2511-4bc8-952c-803d3ca6483c
2021-10-10 13:47:34,212 [Listener at 127.0.0.1/44821] INFO  impl.RoleInfo (RoleInfo.java:shutdownLeaderState(91)) - f0a8fd88-2511-4bc8-952c-803d3ca6483c: shutdown f0a8fd88-2511-4bc8-952c-803d3ca6483c@group-B7D4081FF85C-LeaderStateImpl
2021-10-10 13:47:34,212 [Listener at 127.0.0.1/44821] INFO  impl.PendingRequests (PendingRequests.java:sendNotLeaderResponses(282)) - f0a8fd88-2511-4bc8-952c-803d3ca6483c@group-B7D4081FF85C-PendingRequests: sendNotLeaderResponses
2021-10-10 13:47:34,213 [Listener at 127.0.0.1/44821] INFO  impl.StateMachineUpdater (StateMachineUpdater.java:stopAndJoin(149)) - f0a8fd88-2511-4bc8-952c-803d3ca6483c@group-B7D4081FF85C-StateMachineUpdater: set stopIndex = 0
2021-10-10 13:47:34,213 [f0a8fd88-2511-4bc8-952c-803d3ca6483c@group-B7D4081FF85C-StateMachineUpdater] INFO  ratis.ContainerStateMachine (ContainerStateMachine.java:takeSnapshot(292)) - group-B7D4081FF85C: Taking a snapshot at:(t:1, i:0) file /home/runner/work/ozone/ozone/hadoop-ozone/integration-test/target/test-dir/MiniOzoneClusterImpl-0f145d0e-b24d-4882-976e-a7baa8a64dfe/datanode-0/data/ratis/ea9209b1-93eb-495a-8c26-b7d4081ff85c/sm/snapshot.1_0
2021-10-10 13:47:34,214 [f0a8fd88-2511-4bc8-952c-803d3ca6483c@group-B7D4081FF85C-StateMachineUpdater] INFO  ratis.ContainerStateMachine (ContainerStateMachine.java:takeSnapshot(303)) - group-B7D4081FF85C: Finished taking a snapshot at:(t:1, i:0) file:/home/runner/work/ozone/ozone/hadoop-ozone/integration-test/target/test-dir/MiniOzoneClusterImpl-0f145d0e-b24d-4882-976e-a7baa8a64dfe/datanode-0/data/ratis/ea9209b1-93eb-495a-8c26-b7d4081ff85c/sm/snapshot.1_0 took: 1 ms
2021-10-10 13:47:34,214 [f0a8fd88-2511-4bc8-952c-803d3ca6483c@group-B7D4081FF85C-StateMachineUpdater] INFO  impl.StateMachineUpdater (StateMachineUpdater.java:takeSnapshot(281)) - f0a8fd88-2511-4bc8-952c-803d3ca6483c@group-B7D4081FF85C-StateMachineUpdater: Took a snapshot at index 0
2021-10-10 13:47:34,214 [f0a8fd88-2511-4bc8-952c-803d3ca6483c@group-B7D4081FF85C-StateMachineUpdater] INFO  impl.StateMachineUpdater (StateMachineUpdater.java:lambda$new$0(89)) - f0a8fd88-2511-4bc8-952c-803d3ca6483c@group-B7D4081FF85C-StateMachineUpdater: snapshotIndex: updateIncreasingly -1 -> 0
2021-10-10 13:47:34,214 [grpc-default-executor-2] INFO  server.GrpcServerProtocolService (GrpcServerProtocolService.java:onCompleted(140)) - f0a8fd88-2511-4bc8-952c-803d3ca6483c: Completed APPEND_ENTRIES, lastRequest: 52be5aae-b0d8-4d04-b923-225165c5914d->f0a8fd88-2511-4bc8-952c-803d3ca6483c#1-t4,previous=(t:0, i:0),leaderCommit=0,initializing? true,entries: size=1, first=(t:4, i:0), CONFIGURATIONENTRY
2021-10-10 13:47:34,215 [Listener at 127.0.0.1/44821] INFO  server.RaftServer$Division (ServerState.java:close(419)) - f0a8fd88-2511-4bc8-952c-803d3ca6483c@group-B7D4081FF85C: closes. applyIndex: 0
2021-10-10 13:47:34,216 [grpc-default-executor-4] INFO  server.GrpcLogAppender (GrpcLogAppender.java:onCompleted(344)) - 52be5aae-b0d8-4d04-b923-225165c5914d@group-CD7BCB0E62FF->f0a8fd88-2511-4bc8-952c-803d3ca6483c-AppendLogResponseHandler: follower responses appendEntries COMPLETED
2021-10-10 13:47:34,216 [grpc-default-executor-4] INFO  leader.FollowerInfo (FollowerInfoImpl.java:lambda$new$0(46)) - 52be5aae-b0d8-4d04-b923-225165c5914d@group-CD7BCB0E62FF->f0a8fd88-2511-4bc8-952c-803d3ca6483c: nextIndex: updateUnconditionally 1 -> 0
2021-10-10 13:47:34,224 [f0a8fd88-2511-4bc8-952c-803d3ca6483c@group-B7D4081FF85C-SegmentedRaftLogWorker] INFO  segmented.SegmentedRaftLogWorker (SegmentedRaftLogWorker.java:run(327)) - f0a8fd88-2511-4bc8-952c-803d3ca6483c@group-B7D4081FF85C-SegmentedRaftLogWorker was interrupted, exiting. There are 0 tasks remaining in the queue.
2021-10-10 13:47:34,224 [Listener at 127.0.0.1/44821] INFO  segmented.SegmentedRaftLogWorker (SegmentedRaftLogWorker.java:close(237)) - f0a8fd88-2511-4bc8-952c-803d3ca6483c@group-B7D4081FF85C-SegmentedRaftLogWorker close()
2021-10-10 13:47:34,224 [f0a8fd88-2511-4bc8-952c-803d3ca6483c@group-B7D4081FF85C->52be5aae-b0d8-4d04-b923-225165c5914d-GrpcLogAppender-LogAppenderDaemon] WARN  server.GrpcLogAppender (GrpcLogAppender.java:mayWait(175)) - f0a8fd88-2511-4bc8-952c-803d3ca6483c@group-B7D4081FF85C->52be5aae-b0d8-4d04-b923-225165c5914d-GrpcLogAppender: Wait interrupted by java.lang.InterruptedException
2021-10-10 13:47:34,224 [52be5aae-b0d8-4d04-b923-225165c5914d@group-CD7BCB0E62FF-SegmentedRaftLogWorker] INFO  segmented.SegmentedRaftLogWorker (SegmentedRaftLogWorker.java:run(327)) - 52be5aae-b0d8-4d04-b923-225165c5914d@group-CD7BCB0E62FF-SegmentedRaftLogWorker was interrupted, exiting. There are 0 tasks remaining in the queue.
2021-10-10 13:47:34,225 [grpc-default-executor-4] INFO  server.GrpcServerProtocolService (GrpcServerProtocolService.java:onCompleted(140)) - 52be5aae-b0d8-4d04-b923-225165c5914d: Completed APPEND_ENTRIES, lastRequest: f0a8fd88-2511-4bc8-952c-803d3ca6483c->52be5aae-b0d8-4d04-b923-225165c5914d#1-t1,previous=(t:0, i:0),leaderCommit=0,initializing? true,entries: size=1, first=(t:1, i:0), CONFIGURATIONENTRY
2021-10-10 13:47:34,225 [ForkJoinPool.commonPool-worker-1] INFO  segmented.SegmentedRaftLogWorker (SegmentedRaftLogWorker.java:close(237)) - 52be5aae-b0d8-4d04-b923-225165c5914d@group-CD7BCB0E62FF-SegmentedRaftLogWorker close()
2021-10-10 13:47:34,227 [grpc-default-executor-4] INFO  server.GrpcLogAppender (GrpcLogAppender.java:onCompleted(344)) - f0a8fd88-2511-4bc8-952c-803d3ca6483c@group-B7D4081FF85C->52be5aae-b0d8-4d04-b923-225165c5914d-AppendLogResponseHandler: follower responses appendEntries COMPLETED
2021-10-10 13:47:34,227 [grpc-default-executor-4] INFO  leader.FollowerInfo (FollowerInfoImpl.java:lambda$new$0(46)) - f0a8fd88-2511-4bc8-952c-803d3ca6483c@group-B7D4081FF85C->52be5aae-b0d8-4d04-b923-225165c5914d: nextIndex: updateUnconditionally 1 -> 0
2021-10-10 13:47:34,229 [f0a8fd88-2511-4bc8-952c-803d3ca6483c@group-B7D4081FF85C->c90bef4f-1c21-43c2-97aa-1f5cf6648a6f-GrpcLogAppender-LogAppenderDaemon] ERROR leader.LogAppenderDaemon (LogAppenderDaemon.java:run(86)) - f0a8fd88-2511-4bc8-952c-803d3ca6483c@group-B7D4081FF85C->c90bef4f-1c21-43c2-97aa-1f5cf6648a6f-GrpcLogAppender-LogAppenderDaemon failed
java.lang.IllegalArgumentException: f0a8fd88-2511-4bc8-952c-803d3ca6483c@group-B7D4081FF85C-SegmentedRaftLog is expected to be opened but it is CLOSED
	at org.apache.ratis.util.OpenCloseState.assertOpen(OpenCloseState.java:63)
	at org.apache.ratis.server.raftlog.RaftLogBase.checkLogState(RaftLogBase.java:107)
	at org.apache.ratis.server.raftlog.segmented.SegmentedRaftLog.getLastEntryTermIndex(SegmentedRaftLog.java:339)
	at org.apache.ratis.server.raftlog.RaftLog.getNextIndex(RaftLog.java:83)
	at org.apache.ratis.server.leader.LogAppenderBase.newAppendEntriesRequest(LogAppenderBase.java:138)
	at org.apache.ratis.grpc.server.GrpcLogAppender.appendLog(GrpcLogAppender.java:211)
	at org.apache.ratis.grpc.server.GrpcLogAppender.run(GrpcLogAppender.java:145)
	at org.apache.ratis.server.leader.LogAppenderDaemon.run(LogAppenderDaemon.java:77)
	at java.lang.Thread.run(Thread.java:748)
Caused by: org.apache.ratis.util.OpenCloseState$CloseTrace: Close f0a8fd88-2511-4bc8-952c-803d3ca6483c@group-B7D4081FF85C-SegmentedRaftLog
	at org.apache.ratis.util.OpenCloseState.lambda$close$1(OpenCloseState.java:109)
	at java.util.concurrent.atomic.AtomicReference.getAndUpdate(AtomicReference.java:160)
	at org.apache.ratis.util.OpenCloseState.close(OpenCloseState.java:109)
	at org.apache.ratis.server.raftlog.RaftLogBase.close(RaftLogBase.java:356)
	at org.apache.ratis.server.raftlog.segmented.SegmentedRaftLog.close(SegmentedRaftLog.java:505)
	at org.apache.ratis.server.impl.ServerState.close(ServerState.java:421)
	at org.apache.ratis.server.impl.RaftServerImpl.lambda$close$4(RaftServerImpl.java:429)
	at org.apache.ratis.util.LifeCycle.lambda$checkStateAndClose$4(LifeCycle.java:299)
	at org.apache.ratis.util.LifeCycle.checkStateAndClose(LifeCycle.java:319)
	at org.apache.ratis.util.LifeCycle.checkStateAndClose(LifeCycle.java:297)
	at org.apache.ratis.server.impl.RaftServerImpl.close(RaftServerImpl.java:406)
	at org.apache.ratis.server.impl.RaftServerProxy$ImplMap.close(RaftServerProxy.java:129)
	at org.apache.ratis.server.impl.RaftServerProxy$ImplMap.lambda$close$0(RaftServerProxy.java:117)
	at java.util.stream.ForEachOps$ForEachOp$OfRef.accept(ForEachOps.java:183)
	at java.util.concurrent.ConcurrentHashMap$EntrySpliterator.forEachRemaining(ConcurrentHashMap.java:3606)
	at java.util.stream.AbstractPipeline.copyInto(AbstractPipeline.java:482)
	at java.util.stream.ForEachOps$ForEachTask.compute(ForEachOps.java:290)
	at java.util.concurrent.CountedCompleter.exec(CountedCompleter.java:731)
	at java.util.concurrent.ForkJoinTask.doExec(ForkJoinTask.java:289)
	at java.util.concurrent.ForkJoinTask.doInvoke(ForkJoinTask.java:401)
	at java.util.concurrent.ForkJoinTask.invoke(ForkJoinTask.java:734)
	at java.util.stream.ForEachOps$ForEachOp.evaluateParallel(ForEachOps.java:159)
	at java.util.stream.ForEachOps$ForEachOp$OfRef.evaluateParallel(ForEachOps.java:173)
	at java.util.stream.AbstractPipeline.evaluate(AbstractPipeline.java:233)
	at java.util.stream.ReferencePipeline.forEach(ReferencePipeline.java:485)
	at java.util.stream.ReferencePipeline$Head.forEach(ReferencePipeline.java:650)
	at org.apache.ratis.server.impl.RaftServerProxy$ImplMap.close(RaftServerProxy.java:117)
	at org.apache.ratis.server.impl.RaftServerProxy.lambda$close$6(RaftServerProxy.java:392)
	at org.apache.ratis.util.LifeCycle.lambda$checkStateAndClose$4(LifeCycle.java:299)
	at org.apache.ratis.util.LifeCycle.checkStateAndClose(LifeCycle.java:319)
	at org.apache.ratis.util.LifeCycle.checkStateAndClose(LifeCycle.java:297)
	at org.apache.ratis.server.impl.RaftServerProxy.close(RaftServerProxy.java:390)
	at org.apache.hadoop.ozone.container.common.transport.server.ratis.XceiverServerRatis.stop(XceiverServerRatis.java:514)
	at org.apache.hadoop.ozone.container.ozoneimpl.OzoneContainer.stop(OzoneContainer.java:328)
	at org.apache.hadoop.ozone.container.common.statemachine.DatanodeStateMachine.close(DatanodeStateMachine.java:376)
	at org.apache.hadoop.ozone.container.common.statemachine.DatanodeStateMachine.stopDaemon(DatanodeStateMachine.java:521)
	at org.apache.hadoop.ozone.HddsDatanodeService.stop(HddsDatanodeService.java:587)
	at org.apache.hadoop.ozone.MiniOzoneClusterImpl.stopDatanode(MiniOzoneClusterImpl.java:535)
	at java.util.stream.ForEachOps$ForEachOp$OfRef.accept(ForEachOps.java:183)
	at java.util.ArrayList$ArrayListSpliterator.forEachRemaining(ArrayList.java:1384)
	at java.util.stream.AbstractPipeline.copyInto(AbstractPipeline.java:482)
	at java.util.stream.ForEachOps$ForEachTask.compute(ForEachOps.java:290)
	at java.util.concurrent.CountedCompleter.exec(CountedCompleter.java:731)
	at java.util.concurrent.ForkJoinTask.doExec(ForkJoinTask.java:289)
	at java.util.concurrent.ForkJoinPool$WorkQueue.pollAndExecCC(ForkJoinPool.java:1190)
	at java.util.concurrent.ForkJoinPool.helpComplete(ForkJoinPool.java:1879)
	at java.util.concurrent.ForkJoinPool.externalHelpComplete(ForkJoinPool.java:2467)
	at java.util.concurrent.ForkJoinTask.externalAwaitDone(ForkJoinTask.java:324)
	at java.util.concurrent.ForkJoinTask.doInvoke(ForkJoinTask.java:405)
	at java.util.concurrent.ForkJoinTask.invoke(ForkJoinTask.java:734)
	at java.util.stream.ForEachOps$ForEachOp.evaluateParallel(ForEachOps.java:159)
	at java.util.stream.ForEachOps$ForEachOp$OfRef.evaluateParallel(ForEachOps.java:173)
	at java.util.stream.AbstractPipeline.evaluate(AbstractPipeline.java:233)
	at java.util.stream.ReferencePipeline.forEach(ReferencePipeline.java:485)
	at java.util.stream.ReferencePipeline$Head.forEach(ReferencePipeline.java:650)
	at org.apache.hadoop.ozone.MiniOzoneClusterImpl.stopDatanodes(MiniOzoneClusterImpl.java:529)
	at org.apache.hadoop.ozone.MiniOzoneClusterImpl.stop(MiniOzoneClusterImpl.java:470)
	at org.apache.hadoop.ozone.MiniOzoneClusterImpl.shutdown(MiniOzoneClusterImpl.java:457)
	at org.apache.hadoop.ozone.client.rpc.TestBlockOutputStreamWithFailures.shutdown(TestBlockOutputStreamWithFailures.java:159)
	at sun.reflect.NativeMethodAccessorImpl.invoke0(Native Method)
	at sun.reflect.NativeMethodAccessorImpl.invoke(NativeMethodAccessorImpl.java:62)
	at sun.reflect.DelegatingMethodAccessorImpl.invoke(DelegatingMethodAccessorImpl.java:43)
	at java.lang.reflect.Method.invoke(Method.java:498)
	at org.junit.runners.model.FrameworkMethod$1.runReflectiveCall(FrameworkMethod.java:59)
	at org.junit.internal.runners.model.ReflectiveCallable.run(ReflectiveCallable.java:12)
	at org.junit.runners.model.FrameworkMethod.invokeExplosively(FrameworkMethod.java:56)
	at org.junit.internal.runners.statements.RunAfters.invokeMethod(RunAfters.java:46)
	at org.junit.internal.runners.statements.RunAfters.evaluate(RunAfters.java:33)
	at org.junit.internal.runners.statements.FailOnTimeout$CallableStatement.call(FailOnTimeout.java:288)
	at org.junit.internal.runners.statements.FailOnTimeout$CallableStatement.call(FailOnTimeout.java:282)
	at java.util.concurrent.FutureTask.run(FutureTask.java:266)
	... 1 more
2021-10-10 13:47:34,236 [ForkJoinPool.commonPool-worker-1] INFO  server.RaftServer$Division (RaftServerImpl.java:lambda$close$4(407)) - 52be5aae-b0d8-4d04-b923-225165c5914d@group-C5D91A017FDE: shutdown
2021-10-10 13:47:34,236 [ForkJoinPool.commonPool-worker-1] INFO  util.JmxRegister (JmxRegister.java:unregister(73)) - Successfully un-registered JMX Bean with object name Ratis:service=RaftServer,group=group-C5D91A017FDE,id=52be5aae-b0d8-4d04-b923-225165c5914d
2021-10-10 13:47:34,236 [ForkJoinPool.commonPool-worker-1] INFO  impl.RoleInfo (RoleInfo.java:shutdownLeaderState(91)) - 52be5aae-b0d8-4d04-b923-225165c5914d: shutdown 52be5aae-b0d8-4d04-b923-225165c5914d@group-C5D91A017FDE-LeaderStateImpl
2021-10-10 13:47:34,236 [Listener at 127.0.0.1/44821] INFO  server.RaftServer$Division (RaftServerImpl.java:lambda$close$4(407)) - f0a8fd88-2511-4bc8-952c-803d3ca6483c@group-285B845CFB90: shutdown
2021-10-10 13:47:34,236 [Listener at 127.0.0.1/44821] INFO  util.JmxRegister (JmxRegister.java:unregister(73)) - Successfully un-registered JMX Bean with object name Ratis:service=RaftServer,group=group-285B845CFB90,id=f0a8fd88-2511-4bc8-952c-803d3ca6483c
2021-10-10 13:47:34,237 [Listener at 127.0.0.1/44821] INFO  impl.RoleInfo (RoleInfo.java:shutdownLeaderState(91)) - f0a8fd88-2511-4bc8-952c-803d3ca6483c: shutdown f0a8fd88-2511-4bc8-952c-803d3ca6483c@group-285B845CFB90-LeaderStateImpl
2021-10-10 13:47:34,237 [Listener at 127.0.0.1/44821] INFO  impl.PendingRequests (PendingRequests.java:sendNotLeaderResponses(282)) - f0a8fd88-2511-4bc8-952c-803d3ca6483c@group-285B845CFB90-PendingRequests: sendNotLeaderResponses
2021-10-10 13:47:34,236 [ForkJoinPool.commonPool-worker-1] INFO  impl.PendingRequests (PendingRequests.java:sendNotLeaderResponses(282)) - 52be5aae-b0d8-4d04-b923-225165c5914d@group-C5D91A017FDE-PendingRequests: sendNotLeaderResponses
2021-10-10 13:47:34,237 [Listener at 127.0.0.1/44821] INFO  impl.StateMachineUpdater (StateMachineUpdater.java:stopAndJoin(149)) - f0a8fd88-2511-4bc8-952c-803d3ca6483c@group-285B845CFB90-StateMachineUpdater: set stopIndex = 0
2021-10-10 13:47:34,242 [f0a8fd88-2511-4bc8-952c-803d3ca6483c@group-285B845CFB90-StateMachineUpdater] INFO  ratis.ContainerStateMachine (ContainerStateMachine.java:takeSnapshot(292)) - group-285B845CFB90: Taking a snapshot at:(t:1, i:0) file /home/runner/work/ozone/ozone/hadoop-ozone/integration-test/target/test-dir/MiniOzoneClusterImpl-0f145d0e-b24d-4882-976e-a7baa8a64dfe/datanode-0/data/ratis/47a5560d-0a0b-4d14-a737-285b845cfb90/sm/snapshot.1_0
2021-10-10 13:47:34,242 [ForkJoinPool.commonPool-worker-1] INFO  impl.StateMachineUpdater (StateMachineUpdater.java:stopAndJoin(149)) - 52be5aae-b0d8-4d04-b923-225165c5914d@group-C5D91A017FDE-StateMachineUpdater: set stopIndex = 0
2021-10-10 13:47:34,243 [52be5aae-b0d8-4d04-b923-225165c5914d@group-C5D91A017FDE-StateMachineUpdater] INFO  ratis.ContainerStateMachine (ContainerStateMachine.java:takeSnapshot(292)) - group-C5D91A017FDE: Taking a snapshot at:(t:1, i:0) file /home/runner/work/ozone/ozone/hadoop-ozone/integration-test/target/test-dir/MiniOzoneClusterImpl-0f145d0e-b24d-4882-976e-a7baa8a64dfe/datanode-2/data/ratis/26850a3e-1446-45ef-b118-c5d91a017fde/sm/snapshot.1_0
2021-10-10 13:47:34,244 [f0a8fd88-2511-4bc8-952c-803d3ca6483c@group-285B845CFB90-StateMachineUpdater] INFO  ratis.ContainerStateMachine (ContainerStateMachine.java:takeSnapshot(303)) - group-285B845CFB90: Finished taking a snapshot at:(t:1, i:0) file:/home/runner/work/ozone/ozone/hadoop-ozone/integration-test/target/test-dir/MiniOzoneClusterImpl-0f145d0e-b24d-4882-976e-a7baa8a64dfe/datanode-0/data/ratis/47a5560d-0a0b-4d14-a737-285b845cfb90/sm/snapshot.1_0 took: 1 ms
2021-10-10 13:47:34,244 [f0a8fd88-2511-4bc8-952c-803d3ca6483c@group-285B845CFB90-StateMachineUpdater] INFO  impl.StateMachineUpdater (StateMachineUpdater.java:takeSnapshot(281)) - f0a8fd88-2511-4bc8-952c-803d3ca6483c@group-285B845CFB90-StateMachineUpdater: Took a snapshot at index 0
2021-10-10 13:47:34,244 [f0a8fd88-2511-4bc8-952c-803d3ca6483c@group-285B845CFB90-StateMachineUpdater] INFO  impl.StateMachineUpdater (StateMachineUpdater.java:lambda$new$0(89)) - f0a8fd88-2511-4bc8-952c-803d3ca6483c@group-285B845CFB90-StateMachineUpdater: snapshotIndex: updateIncreasingly -1 -> 0
2021-10-10 13:47:34,244 [Listener at 127.0.0.1/44821] INFO  server.RaftServer$Division (ServerState.java:close(419)) - f0a8fd88-2511-4bc8-952c-803d3ca6483c@group-285B845CFB90: closes. applyIndex: 0
2021-10-10 13:47:34,245 [52be5aae-b0d8-4d04-b923-225165c5914d@group-C5D91A017FDE-StateMachineUpdater] INFO  ratis.ContainerStateMachine (ContainerStateMachine.java:takeSnapshot(303)) - group-C5D91A017FDE: Finished taking a snapshot at:(t:1, i:0) file:/home/runner/work/ozone/ozone/hadoop-ozone/integration-test/target/test-dir/MiniOzoneClusterImpl-0f145d0e-b24d-4882-976e-a7baa8a64dfe/datanode-2/data/ratis/26850a3e-1446-45ef-b118-c5d91a017fde/sm/snapshot.1_0 took: 2 ms
2021-10-10 13:47:34,245 [52be5aae-b0d8-4d04-b923-225165c5914d@group-C5D91A017FDE-StateMachineUpdater] INFO  impl.StateMachineUpdater (StateMachineUpdater.java:takeSnapshot(281)) - 52be5aae-b0d8-4d04-b923-225165c5914d@group-C5D91A017FDE-StateMachineUpdater: Took a snapshot at index 0
2021-10-10 13:47:34,245 [52be5aae-b0d8-4d04-b923-225165c5914d@group-C5D91A017FDE-StateMachineUpdater] INFO  impl.StateMachineUpdater (StateMachineUpdater.java:lambda$new$0(89)) - 52be5aae-b0d8-4d04-b923-225165c5914d@group-C5D91A017FDE-StateMachineUpdater: snapshotIndex: updateIncreasingly -1 -> 0
2021-10-10 13:47:34,245 [ForkJoinPool.commonPool-worker-1] INFO  server.RaftServer$Division (ServerState.java:close(419)) - 52be5aae-b0d8-4d04-b923-225165c5914d@group-C5D91A017FDE: closes. applyIndex: 0
2021-10-10 13:47:34,254 [52be5aae-b0d8-4d04-b923-225165c5914d@group-C5D91A017FDE-SegmentedRaftLogWorker] INFO  segmented.SegmentedRaftLogWorker (SegmentedRaftLogWorker.java:run(327)) - 52be5aae-b0d8-4d04-b923-225165c5914d@group-C5D91A017FDE-SegmentedRaftLogWorker was interrupted, exiting. There are 0 tasks remaining in the queue.
2021-10-10 13:47:34,254 [ForkJoinPool.commonPool-worker-1] INFO  segmented.SegmentedRaftLogWorker (SegmentedRaftLogWorker.java:close(237)) - 52be5aae-b0d8-4d04-b923-225165c5914d@group-C5D91A017FDE-SegmentedRaftLogWorker close()
2021-10-10 13:47:34,255 [f0a8fd88-2511-4bc8-952c-803d3ca6483c@group-285B845CFB90-SegmentedRaftLogWorker] INFO  segmented.SegmentedRaftLogWorker (SegmentedRaftLogWorker.java:run(327)) - f0a8fd88-2511-4bc8-952c-803d3ca6483c@group-285B845CFB90-SegmentedRaftLogWorker was interrupted, exiting. There are 0 tasks remaining in the queue.
2021-10-10 13:47:34,255 [Listener at 127.0.0.1/44821] INFO  segmented.SegmentedRaftLogWorker (SegmentedRaftLogWorker.java:close(237)) - f0a8fd88-2511-4bc8-952c-803d3ca6483c@group-285B845CFB90-SegmentedRaftLogWorker close()
2021-10-10 13:47:34,274 [Listener at 127.0.0.1/44821] INFO  server.RaftServer$Division (RaftServerImpl.java:lambda$close$4(407)) - f0a8fd88-2511-4bc8-952c-803d3ca6483c@group-CD7BCB0E62FF: shutdown
2021-10-10 13:47:34,274 [Listener at 127.0.0.1/44821] INFO  util.JmxRegister (JmxRegister.java:unregister(73)) - Successfully un-registered JMX Bean with object name Ratis:service=RaftServer,group=group-CD7BCB0E62FF,id=f0a8fd88-2511-4bc8-952c-803d3ca6483c
2021-10-10 13:47:34,274 [Listener at 127.0.0.1/44821] INFO  impl.RoleInfo (RoleInfo.java:shutdownFollowerState(108)) - f0a8fd88-2511-4bc8-952c-803d3ca6483c: shutdown f0a8fd88-2511-4bc8-952c-803d3ca6483c@group-CD7BCB0E62FF-FollowerState
2021-10-10 13:47:34,274 [ForkJoinPool.commonPool-worker-1] INFO  server.GrpcService (GrpcService.java:closeImpl(262)) - 52be5aae-b0d8-4d04-b923-225165c5914d: shutdown server with port 37435 now
2021-10-10 13:47:34,275 [f0a8fd88-2511-4bc8-952c-803d3ca6483c@group-CD7BCB0E62FF-StateMachineUpdater] INFO  ratis.ContainerStateMachine (ContainerStateMachine.java:takeSnapshot(292)) - group-CD7BCB0E62FF: Taking a snapshot at:(t:4, i:0) file /home/runner/work/ozone/ozone/hadoop-ozone/integration-test/target/test-dir/MiniOzoneClusterImpl-0f145d0e-b24d-4882-976e-a7baa8a64dfe/datanode-0/data/ratis/38b5fb90-feb8-420d-a116-cd7bcb0e62ff/sm/snapshot.4_0
2021-10-10 13:47:34,274 [f0a8fd88-2511-4bc8-952c-803d3ca6483c@group-CD7BCB0E62FF-FollowerState] INFO  impl.FollowerState (FollowerState.java:run(143)) - f0a8fd88-2511-4bc8-952c-803d3ca6483c@group-CD7BCB0E62FF-FollowerState was interrupted: {}
java.lang.InterruptedException: sleep interrupted
	at java.lang.Thread.sleep(Native Method)
	at java.lang.Thread.sleep(Thread.java:340)
	at java.util.concurrent.TimeUnit.sleep(TimeUnit.java:386)
	at org.apache.ratis.util.TimeDuration.sleep(TimeDuration.java:324)
	at org.apache.ratis.util.TimeDuration.sleep(TimeDuration.java:309)
	at org.apache.ratis.server.impl.FollowerState.run(FollowerState.java:118)
2021-10-10 13:47:34,274 [Listener at 127.0.0.1/44821] INFO  impl.StateMachineUpdater (StateMachineUpdater.java:stopAndJoin(149)) - f0a8fd88-2511-4bc8-952c-803d3ca6483c@group-CD7BCB0E62FF-StateMachineUpdater: set stopIndex = 0
2021-10-10 13:47:34,279 [f0a8fd88-2511-4bc8-952c-803d3ca6483c@group-CD7BCB0E62FF-StateMachineUpdater] INFO  ratis.ContainerStateMachine (ContainerStateMachine.java:takeSnapshot(303)) - group-CD7BCB0E62FF: Finished taking a snapshot at:(t:4, i:0) file:/home/runner/work/ozone/ozone/hadoop-ozone/integration-test/target/test-dir/MiniOzoneClusterImpl-0f145d0e-b24d-4882-976e-a7baa8a64dfe/datanode-0/data/ratis/38b5fb90-feb8-420d-a116-cd7bcb0e62ff/sm/snapshot.4_0 took: 4 ms
2021-10-10 13:47:34,279 [f0a8fd88-2511-4bc8-952c-803d3ca6483c@group-CD7BCB0E62FF-StateMachineUpdater] INFO  impl.StateMachineUpdater (StateMachineUpdater.java:takeSnapshot(281)) - f0a8fd88-2511-4bc8-952c-803d3ca6483c@group-CD7BCB0E62FF-StateMachineUpdater: Took a snapshot at index 0
2021-10-10 13:47:34,279 [f0a8fd88-2511-4bc8-952c-803d3ca6483c@group-CD7BCB0E62FF-StateMachineUpdater] INFO  impl.StateMachineUpdater (StateMachineUpdater.java:lambda$new$0(89)) - f0a8fd88-2511-4bc8-952c-803d3ca6483c@group-CD7BCB0E62FF-StateMachineUpdater: snapshotIndex: updateIncreasingly -1 -> 0
2021-10-10 13:47:34,286 [Listener at 127.0.0.1/44821] INFO  server.RaftServer$Division (ServerState.java:close(419)) - f0a8fd88-2511-4bc8-952c-803d3ca6483c@group-CD7BCB0E62FF: closes. applyIndex: 0
2021-10-10 13:47:34,287 [f0a8fd88-2511-4bc8-952c-803d3ca6483c@group-CD7BCB0E62FF-SegmentedRaftLogWorker] INFO  segmented.SegmentedRaftLogWorker (SegmentedRaftLogWorker.java:run(327)) - f0a8fd88-2511-4bc8-952c-803d3ca6483c@group-CD7BCB0E62FF-SegmentedRaftLogWorker was interrupted, exiting. There are 0 tasks remaining in the queue.
2021-10-10 13:47:34,289 [Listener at 127.0.0.1/44821] INFO  segmented.SegmentedRaftLogWorker (SegmentedRaftLogWorker.java:close(237)) - f0a8fd88-2511-4bc8-952c-803d3ca6483c@group-CD7BCB0E62FF-SegmentedRaftLogWorker close()
2021-10-10 13:47:34,289 [Listener at 127.0.0.1/44821] INFO  server.GrpcService (GrpcService.java:closeImpl(262)) - f0a8fd88-2511-4bc8-952c-803d3ca6483c: shutdown server with port 45269 now
2021-10-10 13:47:34,381 [ForkJoinPool.commonPool-worker-1] INFO  server.GrpcService (GrpcService.java:closeImpl(271)) - 52be5aae-b0d8-4d04-b923-225165c5914d: shutdown server with port 37435 successfully
2021-10-10 13:47:34,381 [Listener at 127.0.0.1/44821] INFO  server.GrpcService (GrpcService.java:closeImpl(271)) - f0a8fd88-2511-4bc8-952c-803d3ca6483c: shutdown server with port 45269 successfully
2021-10-10 13:47:34,381 [org.apache.ratis.util.JvmPauseMonitor$$Lambda$532/897771948@3a058e0d] INFO  util.JvmPauseMonitor (JvmPauseMonitor.java:run(109)) - JvmPauseMonitor-52be5aae-b0d8-4d04-b923-225165c5914d: Stopped
2021-10-10 13:47:34,381 [org.apache.ratis.util.JvmPauseMonitor$$Lambda$532/897771948@724afb31] INFO  util.JvmPauseMonitor (JvmPauseMonitor.java:run(109)) - JvmPauseMonitor-f0a8fd88-2511-4bc8-952c-803d3ca6483c: Stopped
2021-10-10 13:47:34,384 [Listener at 127.0.0.1/44821] INFO  utils.BackgroundService (BackgroundService.java:shutdown(132)) - Shutting down service BlockDeletingService
2021-10-10 13:47:34,394 [ForkJoinPool.commonPool-worker-1] INFO  utils.BackgroundService (BackgroundService.java:shutdown(132)) - Shutting down service BlockDeletingService
2021-10-10 13:47:36,664 [grpc-default-executor-4] WARN  server.GrpcLogAppender (LogUtils.java:warn(122)) - 1d4e4b2f-e6a0-4223-b62b-246b29415176@group-0CD1FD14ABDC->9f3dcedd-2157-4ae4-b723-f54bfee8d9ce-AppendLogResponseHandler: Failed appendEntries: org.apache.ratis.thirdparty.io.grpc.StatusRuntimeException: UNAVAILABLE: io exception
2021-10-10 13:47:36,665 [grpc-default-executor-4] WARN  server.GrpcLogAppender (GrpcLogAppender.java:resetClient(111)) - 1d4e4b2f-e6a0-4223-b62b-246b29415176@group-0CD1FD14ABDC->9f3dcedd-2157-4ae4-b723-f54bfee8d9ce-GrpcLogAppender: Leader has not got in touch with Follower 1d4e4b2f-e6a0-4223-b62b-246b29415176@group-0CD1FD14ABDC->9f3dcedd-2157-4ae4-b723-f54bfee8d9ce(c-1,m0,n1, attendVote=true, lastRpcSendTime=2501, lastRpcResponseTime=10307) yet, just keep nextIndex unchanged and retry.
2021-10-10 13:47:37,407 [Listener at 127.0.0.1/44821] INFO  statemachine.DatanodeStateMachine (DatanodeStateMachine.java:stopDaemon(522)) - Ozone container server stopped.
2021-10-10 13:47:37,407 [ForkJoinPool.commonPool-worker-1] INFO  statemachine.DatanodeStateMachine (DatanodeStateMachine.java:stopDaemon(522)) - Ozone container server stopped.
2021-10-10 13:47:37,408 [Listener at 127.0.0.1/44821] INFO  handler.ContextHandler (ContextHandler.java:doStop(1153)) - Stopped o.e.j.w.WebAppContext@63add2cc{hddsDatanode,/,null,STOPPED}{jar:file:/home/runner/.m2/repository/org/apache/ozone/hdds-container-service/1.2.0-SNAPSHOT/hdds-container-service-1.2.0-SNAPSHOT.jar!/webapps/hddsDatanode}
2021-10-10 13:47:37,416 [ForkJoinPool.commonPool-worker-1] INFO  handler.ContextHandler (ContextHandler.java:doStop(1153)) - Stopped o.e.j.w.WebAppContext@66681e45{hddsDatanode,/,null,STOPPED}{jar:file:/home/runner/.m2/repository/org/apache/ozone/hdds-container-service/1.2.0-SNAPSHOT/hdds-container-service-1.2.0-SNAPSHOT.jar!/webapps/hddsDatanode}
2021-10-10 13:47:37,416 [ForkJoinPool.commonPool-worker-1] INFO  server.AbstractConnector (AbstractConnector.java:doStop(381)) - Stopped ServerConnector@75f5e2e8{HTTP/1.1, (http/1.1)}{0.0.0.0:0}
2021-10-10 13:47:37,416 [ForkJoinPool.commonPool-worker-1] INFO  server.session (HouseKeeper.java:stopScavenging(149)) - node0 Stopped scavenging
2021-10-10 13:47:37,417 [ForkJoinPool.commonPool-worker-1] INFO  handler.ContextHandler (ContextHandler.java:doStop(1153)) - Stopped o.e.j.s.ServletContextHandler@7ac79bdc{static,/static,jar:file:/home/runner/.m2/repository/org/apache/ozone/hdds-container-service/1.2.0-SNAPSHOT/hdds-container-service-1.2.0-SNAPSHOT.jar!/webapps/static,STOPPED}
2021-10-10 13:47:37,417 [ForkJoinPool.commonPool-worker-1] INFO  handler.ContextHandler (ContextHandler.java:doStop(1153)) - Stopped o.e.j.s.ServletContextHandler@6530184{logs,/logs,file:///home/runner/work/ozone/ozone/hadoop-ozone/integration-test/target/log,STOPPED}
2021-10-10 13:47:37,432 [Listener at 127.0.0.1/44821] INFO  server.AbstractConnector (AbstractConnector.java:doStop(381)) - Stopped ServerConnector@2be52127{HTTP/1.1, (http/1.1)}{0.0.0.0:0}
2021-10-10 13:47:37,432 [Listener at 127.0.0.1/44821] INFO  server.session (HouseKeeper.java:stopScavenging(149)) - node0 Stopped scavenging
2021-10-10 13:47:37,432 [Listener at 127.0.0.1/44821] INFO  handler.ContextHandler (ContextHandler.java:doStop(1153)) - Stopped o.e.j.s.ServletContextHandler@6aa50559{static,/static,jar:file:/home/runner/.m2/repository/org/apache/ozone/hdds-container-service/1.2.0-SNAPSHOT/hdds-container-service-1.2.0-SNAPSHOT.jar!/webapps/static,STOPPED}
2021-10-10 13:47:37,432 [Listener at 127.0.0.1/44821] INFO  handler.ContextHandler (ContextHandler.java:doStop(1153)) - Stopped o.e.j.s.ServletContextHandler@6b43313a{logs,/logs,file:///home/runner/work/ozone/ozone/hadoop-ozone/integration-test/target/log,STOPPED}
2021-10-10 13:47:38,768 [EventQueue-StaleNodeForStaleNodeHandler] INFO  node.StaleNodeHandler (StaleNodeHandler.java:onMessage(58)) - Datanode 52be5aae-b0d8-4d04-b923-225165c5914d{ip: 10.1.0.17, host: fv-az291-460.wgnan5asplgejimfprtllbpdch.jx.internal.cloudapp.net, ports: [REPLICATION=34769, RATIS=37435, RATIS_ADMIN=37435, RATIS_SERVER=37435, STANDALONE=40505], networkLocation: /default-rack, certSerialId: null, persistedOpState: IN_SERVICE, persistedOpStateExpiryEpochSec: 0} moved to stale state. Finalizing its pipelines [PipelineID=ea9209b1-93eb-495a-8c26-b7d4081ff85c, PipelineID=26850a3e-1446-45ef-b118-c5d91a017fde, PipelineID=38b5fb90-feb8-420d-a116-cd7bcb0e62ff]
2021-10-10 13:47:38,768 [EventQueue-StaleNodeForStaleNodeHandler] INFO  pipeline.PipelineManagerImpl (PipelineManagerImpl.java:closePipeline(342)) - Pipeline Pipeline[ Id: 26850a3e-1446-45ef-b118-c5d91a017fde, Nodes: 52be5aae-b0d8-4d04-b923-225165c5914d{ip: 10.1.0.17, host: fv-az291-460.wgnan5asplgejimfprtllbpdch.jx.internal.cloudapp.net, ports: [REPLICATION=34769, RATIS=37435, RATIS_ADMIN=37435, RATIS_SERVER=37435, STANDALONE=40505], networkLocation: /default-rack, certSerialId: null, persistedOpState: IN_SERVICE, persistedOpStateExpiryEpochSec: 0}, ReplicationConfig: RATIS/ONE, State:OPEN, leaderId:52be5aae-b0d8-4d04-b923-225165c5914d, CreationTimestamp2021-10-10T13:46:16.375Z[Etc/UTC]] moved to CLOSED state
2021-10-10 13:47:38,873 [EventQueue-StaleNodeForStaleNodeHandler] INFO  node.StaleNodeHandler (StaleNodeHandler.java:onMessage(58)) - Datanode f0a8fd88-2511-4bc8-952c-803d3ca6483c{ip: 10.1.0.17, host: fv-az291-460.wgnan5asplgejimfprtllbpdch.jx.internal.cloudapp.net, ports: [REPLICATION=36125, RATIS=45269, RATIS_ADMIN=45269, RATIS_SERVER=45269, STANDALONE=37921], networkLocation: /default-rack, certSerialId: null, persistedOpState: IN_SERVICE, persistedOpStateExpiryEpochSec: 0} moved to stale state. Finalizing its pipelines [PipelineID=ea9209b1-93eb-495a-8c26-b7d4081ff85c, PipelineID=47a5560d-0a0b-4d14-a737-285b845cfb90, PipelineID=38b5fb90-feb8-420d-a116-cd7bcb0e62ff]
2021-10-10 13:47:38,874 [EventQueue-StaleNodeForStaleNodeHandler] INFO  pipeline.PipelineManagerImpl (PipelineManagerImpl.java:closePipeline(342)) - Pipeline Pipeline[ Id: 47a5560d-0a0b-4d14-a737-285b845cfb90, Nodes: f0a8fd88-2511-4bc8-952c-803d3ca6483c{ip: 10.1.0.17, host: fv-az291-460.wgnan5asplgejimfprtllbpdch.jx.internal.cloudapp.net, ports: [REPLICATION=36125, RATIS=45269, RATIS_ADMIN=45269, RATIS_SERVER=45269, STANDALONE=37921], networkLocation: /default-rack, certSerialId: null, persistedOpState: IN_SERVICE, persistedOpStateExpiryEpochSec: 0}, ReplicationConfig: RATIS/ONE, State:OPEN, leaderId:f0a8fd88-2511-4bc8-952c-803d3ca6483c, CreationTimestamp2021-10-10T13:46:15.519Z[Etc/UTC]] moved to CLOSED state
2021-10-10 13:47:39,166 [grpc-default-executor-2] WARN  server.GrpcLogAppender (LogUtils.java:warn(122)) - 1d4e4b2f-e6a0-4223-b62b-246b29415176@group-0CD1FD14ABDC->9f3dcedd-2157-4ae4-b723-f54bfee8d9ce-AppendLogResponseHandler: Failed appendEntries: org.apache.ratis.thirdparty.io.grpc.StatusRuntimeException: UNAVAILABLE: io exception
2021-10-10 13:47:39,167 [grpc-default-executor-2] WARN  server.GrpcLogAppender (GrpcLogAppender.java:resetClient(111)) - 1d4e4b2f-e6a0-4223-b62b-246b29415176@group-0CD1FD14ABDC->9f3dcedd-2157-4ae4-b723-f54bfee8d9ce-GrpcLogAppender: Leader has not got in touch with Follower 1d4e4b2f-e6a0-4223-b62b-246b29415176@group-0CD1FD14ABDC->9f3dcedd-2157-4ae4-b723-f54bfee8d9ce(c-1,m0,n1, attendVote=true, lastRpcSendTime=2500, lastRpcResponseTime=12809) yet, just keep nextIndex unchanged and retry.
2021-10-10 13:47:40,827 [EventQueue-DeadNodeForDeadNodeHandler] INFO  node.DeadNodeHandler (DeadNodeHandler.java:onMessage(80)) - A dead datanode is detected. c90bef4f-1c21-43c2-97aa-1f5cf6648a6f{ip: 10.1.0.17, host: fv-az291-460.wgnan5asplgejimfprtllbpdch.jx.internal.cloudapp.net, ports: [REPLICATION=37481, RATIS=44117, RATIS_ADMIN=44117, RATIS_SERVER=44117, STANDALONE=40289], networkLocation: /default-rack, certSerialId: null, persistedOpState: IN_SERVICE, persistedOpStateExpiryEpochSec: 0}
2021-10-10 13:47:40,828 [EventQueue-DeadNodeForDeadNodeHandler] INFO  pipeline.RatisPipelineProvider (RatisPipelineProvider.java:lambda$close$1(222)) - Send pipeline:PipelineID=3392ea42-86df-40ab-b9c0-fb8e1bdd31c6 close command to datanode c90bef4f-1c21-43c2-97aa-1f5cf6648a6f
2021-10-10 13:47:40,828 [EventQueue-DeadNodeForDeadNodeHandler] INFO  pipeline.PipelineStateManagerImpl (PipelineStateManagerImpl.java:removePipeline(211)) - Pipeline Pipeline[ Id: 3392ea42-86df-40ab-b9c0-fb8e1bdd31c6, Nodes: c90bef4f-1c21-43c2-97aa-1f5cf6648a6f{ip: 10.1.0.17, host: fv-az291-460.wgnan5asplgejimfprtllbpdch.jx.internal.cloudapp.net, ports: [REPLICATION=37481, RATIS=44117, RATIS_ADMIN=44117, RATIS_SERVER=44117, STANDALONE=40289], networkLocation: /default-rack, certSerialId: null, persistedOpState: IN_SERVICE, persistedOpStateExpiryEpochSec: 0}, ReplicationConfig: RATIS/ONE, State:CLOSED, leaderId:c90bef4f-1c21-43c2-97aa-1f5cf6648a6f, CreationTimestamp2021-10-10T13:46:15.809Z[Etc/UTC]] removed.
2021-10-10 13:47:40,828 [EventQueue-DeadNodeForDeadNodeHandler] INFO  pipeline.RatisPipelineProvider (RatisPipelineProvider.java:lambda$close$1(222)) - Send pipeline:PipelineID=ea9209b1-93eb-495a-8c26-b7d4081ff85c close command to datanode c90bef4f-1c21-43c2-97aa-1f5cf6648a6f
2021-10-10 13:47:40,828 [EventQueue-DeadNodeForDeadNodeHandler] INFO  pipeline.RatisPipelineProvider (RatisPipelineProvider.java:lambda$close$1(222)) - Send pipeline:PipelineID=ea9209b1-93eb-495a-8c26-b7d4081ff85c close command to datanode f0a8fd88-2511-4bc8-952c-803d3ca6483c
2021-10-10 13:47:40,828 [EventQueue-DeadNodeForDeadNodeHandler] INFO  pipeline.RatisPipelineProvider (RatisPipelineProvider.java:lambda$close$1(222)) - Send pipeline:PipelineID=ea9209b1-93eb-495a-8c26-b7d4081ff85c close command to datanode 52be5aae-b0d8-4d04-b923-225165c5914d
2021-10-10 13:47:40,828 [EventQueue-DeadNodeForDeadNodeHandler] INFO  pipeline.PipelineStateManagerImpl (PipelineStateManagerImpl.java:removePipeline(211)) - Pipeline Pipeline[ Id: ea9209b1-93eb-495a-8c26-b7d4081ff85c, Nodes: c90bef4f-1c21-43c2-97aa-1f5cf6648a6f{ip: 10.1.0.17, host: fv-az291-460.wgnan5asplgejimfprtllbpdch.jx.internal.cloudapp.net, ports: [REPLICATION=37481, RATIS=44117, RATIS_ADMIN=44117, RATIS_SERVER=44117, STANDALONE=40289], networkLocation: /default-rack, certSerialId: null, persistedOpState: IN_SERVICE, persistedOpStateExpiryEpochSec: 0}f0a8fd88-2511-4bc8-952c-803d3ca6483c{ip: 10.1.0.17, host: fv-az291-460.wgnan5asplgejimfprtllbpdch.jx.internal.cloudapp.net, ports: [REPLICATION=36125, RATIS=45269, RATIS_ADMIN=45269, RATIS_SERVER=45269, STANDALONE=37921], networkLocation: /default-rack, certSerialId: null, persistedOpState: IN_SERVICE, persistedOpStateExpiryEpochSec: 0}52be5aae-b0d8-4d04-b923-225165c5914d{ip: 10.1.0.17, host: fv-az291-460.wgnan5asplgejimfprtllbpdch.jx.internal.cloudapp.net, ports: [REPLICATION=34769, RATIS=37435, RATIS_ADMIN=37435, RATIS_SERVER=37435, STANDALONE=40505], networkLocation: /default-rack, certSerialId: null, persistedOpState: IN_SERVICE, persistedOpStateExpiryEpochSec: 0}, ReplicationConfig: RATIS/THREE, State:CLOSED, leaderId:f0a8fd88-2511-4bc8-952c-803d3ca6483c, CreationTimestamp2021-10-10T13:46:16.376Z[Etc/UTC]] removed.
2021-10-10 13:47:40,828 [EventQueue-DeadNodeForDeadNodeHandler] INFO  pipeline.RatisPipelineProvider (RatisPipelineProvider.java:lambda$close$1(222)) - Send pipeline:PipelineID=38b5fb90-feb8-420d-a116-cd7bcb0e62ff close command to datanode f0a8fd88-2511-4bc8-952c-803d3ca6483c
2021-10-10 13:47:40,829 [EventQueue-DeadNodeForDeadNodeHandler] INFO  pipeline.RatisPipelineProvider (RatisPipelineProvider.java:lambda$close$1(222)) - Send pipeline:PipelineID=38b5fb90-feb8-420d-a116-cd7bcb0e62ff close command to datanode c90bef4f-1c21-43c2-97aa-1f5cf6648a6f
2021-10-10 13:47:40,829 [EventQueue-DeadNodeForDeadNodeHandler] INFO  pipeline.RatisPipelineProvider (RatisPipelineProvider.java:lambda$close$1(222)) - Send pipeline:PipelineID=38b5fb90-feb8-420d-a116-cd7bcb0e62ff close command to datanode 52be5aae-b0d8-4d04-b923-225165c5914d
2021-10-10 13:47:40,829 [EventQueue-DeadNodeForDeadNodeHandler] INFO  pipeline.PipelineStateManagerImpl (PipelineStateManagerImpl.java:removePipeline(211)) - Pipeline Pipeline[ Id: 38b5fb90-feb8-420d-a116-cd7bcb0e62ff, Nodes: f0a8fd88-2511-4bc8-952c-803d3ca6483c{ip: 10.1.0.17, host: fv-az291-460.wgnan5asplgejimfprtllbpdch.jx.internal.cloudapp.net, ports: [REPLICATION=36125, RATIS=45269, RATIS_ADMIN=45269, RATIS_SERVER=45269, STANDALONE=37921], networkLocation: /default-rack, certSerialId: null, persistedOpState: IN_SERVICE, persistedOpStateExpiryEpochSec: 0}c90bef4f-1c21-43c2-97aa-1f5cf6648a6f{ip: 10.1.0.17, host: fv-az291-460.wgnan5asplgejimfprtllbpdch.jx.internal.cloudapp.net, ports: [REPLICATION=37481, RATIS=44117, RATIS_ADMIN=44117, RATIS_SERVER=44117, STANDALONE=40289], networkLocation: /default-rack, certSerialId: null, persistedOpState: IN_SERVICE, persistedOpStateExpiryEpochSec: 0}52be5aae-b0d8-4d04-b923-225165c5914d{ip: 10.1.0.17, host: fv-az291-460.wgnan5asplgejimfprtllbpdch.jx.internal.cloudapp.net, ports: [REPLICATION=34769, RATIS=37435, RATIS_ADMIN=37435, RATIS_SERVER=37435, STANDALONE=40505], networkLocation: /default-rack, certSerialId: null, persistedOpState: IN_SERVICE, persistedOpStateExpiryEpochSec: 0}, ReplicationConfig: RATIS/THREE, State:CLOSED, leaderId:52be5aae-b0d8-4d04-b923-225165c5914d, CreationTimestamp2021-10-10T13:46:16.377Z[Etc/UTC]] removed.
2021-10-10 13:47:40,829 [EventQueue-DeadNodeForDeadNodeHandler] INFO  net.NetworkTopologyImpl (NetworkTopologyImpl.java:remove(137)) - Removed a node: /default-rack/c90bef4f-1c21-43c2-97aa-1f5cf6648a6f
2021-10-10 13:47:41,029 [EventQueue-DeadNodeForDeadNodeHandler] INFO  node.DeadNodeHandler (DeadNodeHandler.java:onMessage(80)) - A dead datanode is detected. 9f3dcedd-2157-4ae4-b723-f54bfee8d9ce{ip: 10.1.0.17, host: fv-az291-460.wgnan5asplgejimfprtllbpdch.jx.internal.cloudapp.net, ports: [REPLICATION=34857, RATIS=40315, RATIS_ADMIN=40315, RATIS_SERVER=40315, STANDALONE=44597], networkLocation: /default-rack, certSerialId: null, persistedOpState: IN_SERVICE, persistedOpStateExpiryEpochSec: 0}
2021-10-10 13:47:41,029 [EventQueue-DeadNodeForDeadNodeHandler] INFO  pipeline.RatisPipelineProvider (RatisPipelineProvider.java:lambda$close$1(222)) - Send pipeline:PipelineID=5ec87732-cd3d-4223-b6cf-0cd1fd14abdc close command to datanode 9f3dcedd-2157-4ae4-b723-f54bfee8d9ce
2021-10-10 13:47:41,029 [EventQueue-DeadNodeForDeadNodeHandler] INFO  pipeline.RatisPipelineProvider (RatisPipelineProvider.java:lambda$close$1(222)) - Send pipeline:PipelineID=5ec87732-cd3d-4223-b6cf-0cd1fd14abdc close command to datanode e1b2127a-933c-4bfc-a8fa-edeeb9ccf213
2021-10-10 13:47:41,029 [EventQueue-DeadNodeForDeadNodeHandler] INFO  pipeline.RatisPipelineProvider (RatisPipelineProvider.java:lambda$close$1(222)) - Send pipeline:PipelineID=5ec87732-cd3d-4223-b6cf-0cd1fd14abdc close command to datanode 1d4e4b2f-e6a0-4223-b62b-246b29415176
2021-10-10 13:47:41,030 [EventQueue-DeadNodeForDeadNodeHandler] INFO  pipeline.PipelineStateManagerImpl (PipelineStateManagerImpl.java:removePipeline(211)) - Pipeline Pipeline[ Id: 5ec87732-cd3d-4223-b6cf-0cd1fd14abdc, Nodes: 9f3dcedd-2157-4ae4-b723-f54bfee8d9ce{ip: 10.1.0.17, host: fv-az291-460.wgnan5asplgejimfprtllbpdch.jx.internal.cloudapp.net, ports: [REPLICATION=34857, RATIS=40315, RATIS_ADMIN=40315, RATIS_SERVER=40315, STANDALONE=44597], networkLocation: /default-rack, certSerialId: null, persistedOpState: IN_SERVICE, persistedOpStateExpiryEpochSec: 0}e1b2127a-933c-4bfc-a8fa-edeeb9ccf213{ip: 10.1.0.17, host: fv-az291-460.wgnan5asplgejimfprtllbpdch.jx.internal.cloudapp.net, ports: [REPLICATION=37821, RATIS=33955, RATIS_ADMIN=33955, RATIS_SERVER=33955, STANDALONE=39177], networkLocation: /default-rack, certSerialId: null, persistedOpState: IN_SERVICE, persistedOpStateExpiryEpochSec: 0}1d4e4b2f-e6a0-4223-b62b-246b29415176{ip: 10.1.0.17, host: fv-az291-460.wgnan5asplgejimfprtllbpdch.jx.internal.cloudapp.net, ports: [REPLICATION=42583, RATIS=44219, RATIS_ADMIN=44219, RATIS_SERVER=44219, STANDALONE=40233], networkLocation: /default-rack, certSerialId: null, persistedOpState: IN_SERVICE, persistedOpStateExpiryEpochSec: 0}, ReplicationConfig: RATIS/THREE, State:CLOSED, leaderId:1d4e4b2f-e6a0-4223-b62b-246b29415176, CreationTimestamp2021-10-10T13:47:19.697Z[Etc/UTC]] removed.
2021-10-10 13:47:41,030 [EventQueue-DeadNodeForDeadNodeHandler] INFO  pipeline.RatisPipelineProvider (RatisPipelineProvider.java:lambda$close$1(222)) - Send pipeline:PipelineID=b7acb8bc-ac66-4653-8023-10dc44bac609 close command to datanode 9f3dcedd-2157-4ae4-b723-f54bfee8d9ce
2021-10-10 13:47:41,030 [EventQueue-DeadNodeForDeadNodeHandler] INFO  pipeline.PipelineStateManagerImpl (PipelineStateManagerImpl.java:removePipeline(211)) - Pipeline Pipeline[ Id: b7acb8bc-ac66-4653-8023-10dc44bac609, Nodes: 9f3dcedd-2157-4ae4-b723-f54bfee8d9ce{ip: 10.1.0.17, host: fv-az291-460.wgnan5asplgejimfprtllbpdch.jx.internal.cloudapp.net, ports: [REPLICATION=34857, RATIS=40315, RATIS_ADMIN=40315, RATIS_SERVER=40315, STANDALONE=44597], networkLocation: /default-rack, certSerialId: null, persistedOpState: IN_SERVICE, persistedOpStateExpiryEpochSec: 0}, ReplicationConfig: RATIS/ONE, State:CLOSED, leaderId:9f3dcedd-2157-4ae4-b723-f54bfee8d9ce, CreationTimestamp2021-10-10T13:47:19.695Z[Etc/UTC]] removed.
2021-10-10 13:47:41,030 [EventQueue-DeadNodeForDeadNodeHandler] INFO  net.NetworkTopologyImpl (NetworkTopologyImpl.java:remove(137)) - Removed a node: /default-rack/9f3dcedd-2157-4ae4-b723-f54bfee8d9ce
2021-10-10 13:47:41,669 [grpc-default-executor-4] WARN  server.GrpcLogAppender (LogUtils.java:warn(122)) - 1d4e4b2f-e6a0-4223-b62b-246b29415176@group-0CD1FD14ABDC->9f3dcedd-2157-4ae4-b723-f54bfee8d9ce-AppendLogResponseHandler: Failed appendEntries: org.apache.ratis.thirdparty.io.grpc.StatusRuntimeException: UNAVAILABLE: io exception
2021-10-10 13:47:41,670 [grpc-default-executor-4] WARN  server.GrpcLogAppender (GrpcLogAppender.java:resetClient(111)) - 1d4e4b2f-e6a0-4223-b62b-246b29415176@group-0CD1FD14ABDC->9f3dcedd-2157-4ae4-b723-f54bfee8d9ce-GrpcLogAppender: Leader has not got in touch with Follower 1d4e4b2f-e6a0-4223-b62b-246b29415176@group-0CD1FD14ABDC->9f3dcedd-2157-4ae4-b723-f54bfee8d9ce(c-1,m0,n1, attendVote=true, lastRpcSendTime=0, lastRpcResponseTime=15312) yet, just keep nextIndex unchanged and retry.
2021-10-10 13:47:42,435 [Listener at 127.0.0.1/44821] INFO  ozoneimpl.OzoneContainer (OzoneContainer.java:stop(325)) - Attempting to stop container services.
2021-10-10 13:47:42,443 [ForkJoinPool.commonPool-worker-1] INFO  ozoneimpl.OzoneContainer (OzoneContainer.java:stop(325)) - Attempting to stop container services.
2021-10-10 13:47:42,444 [Listener at 127.0.0.1/44821] INFO  server.RaftServer (RaftServerProxy.java:lambda$close$6(391)) - 1d4e4b2f-e6a0-4223-b62b-246b29415176: close
2021-10-10 13:47:42,444 [Listener at 127.0.0.1/44821] INFO  server.RaftServer$Division (RaftServerImpl.java:lambda$close$4(407)) - 1d4e4b2f-e6a0-4223-b62b-246b29415176@group-644A06A5DE74: shutdown
2021-10-10 13:47:42,444 [Listener at 127.0.0.1/44821] INFO  util.JmxRegister (JmxRegister.java:unregister(73)) - Successfully un-registered JMX Bean with object name Ratis:service=RaftServer,group=group-644A06A5DE74,id=1d4e4b2f-e6a0-4223-b62b-246b29415176
2021-10-10 13:47:42,444 [Listener at 127.0.0.1/44821] INFO  impl.RoleInfo (RoleInfo.java:shutdownFollowerState(108)) - 1d4e4b2f-e6a0-4223-b62b-246b29415176: shutdown 1d4e4b2f-e6a0-4223-b62b-246b29415176@group-644A06A5DE74-FollowerState
2021-10-10 13:47:42,444 [Listener at 127.0.0.1/44821] INFO  impl.StateMachineUpdater (StateMachineUpdater.java:stopAndJoin(149)) - 1d4e4b2f-e6a0-4223-b62b-246b29415176@group-644A06A5DE74-StateMachineUpdater: set stopIndex = 0
2021-10-10 13:47:42,445 [1d4e4b2f-e6a0-4223-b62b-246b29415176@group-644A06A5DE74-FollowerState] INFO  impl.FollowerState (FollowerState.java:run(143)) - 1d4e4b2f-e6a0-4223-b62b-246b29415176@group-644A06A5DE74-FollowerState was interrupted: {}
java.lang.InterruptedException: sleep interrupted
	at java.lang.Thread.sleep(Native Method)
	at java.lang.Thread.sleep(Thread.java:340)
	at java.util.concurrent.TimeUnit.sleep(TimeUnit.java:386)
	at org.apache.ratis.util.TimeDuration.sleep(TimeDuration.java:324)
	at org.apache.ratis.util.TimeDuration.sleep(TimeDuration.java:309)
	at org.apache.ratis.server.impl.FollowerState.run(FollowerState.java:118)
2021-10-10 13:47:42,445 [1d4e4b2f-e6a0-4223-b62b-246b29415176@group-644A06A5DE74-StateMachineUpdater] INFO  ratis.ContainerStateMachine (ContainerStateMachine.java:takeSnapshot(292)) - group-644A06A5DE74: Taking a snapshot at:(t:1, i:0) file /home/runner/work/ozone/ozone/hadoop-ozone/integration-test/target/test-dir/MiniOzoneClusterImpl-0f145d0e-b24d-4882-976e-a7baa8a64dfe/datanode-3/data/ratis/78ffa57c-9e25-44e6-b4ea-644a06a5de74/sm/snapshot.1_0
2021-10-10 13:47:42,444 [ForkJoinPool.commonPool-worker-1] INFO  server.RaftServer (RaftServerProxy.java:lambda$close$6(391)) - e1b2127a-933c-4bfc-a8fa-edeeb9ccf213: close
2021-10-10 13:47:42,446 [ForkJoinPool.commonPool-worker-1] INFO  server.RaftServer$Division (RaftServerImpl.java:lambda$close$4(407)) - e1b2127a-933c-4bfc-a8fa-edeeb9ccf213@group-644A06A5DE74: shutdown
2021-10-10 13:47:42,446 [ForkJoinPool.commonPool-worker-1] INFO  util.JmxRegister (JmxRegister.java:unregister(73)) - Successfully un-registered JMX Bean with object name Ratis:service=RaftServer,group=group-644A06A5DE74,id=e1b2127a-933c-4bfc-a8fa-edeeb9ccf213
2021-10-10 13:47:42,449 [ForkJoinPool.commonPool-worker-1] INFO  impl.RoleInfo (RoleInfo.java:shutdownLeaderState(91)) - e1b2127a-933c-4bfc-a8fa-edeeb9ccf213: shutdown e1b2127a-933c-4bfc-a8fa-edeeb9ccf213@group-644A06A5DE74-LeaderStateImpl
2021-10-10 13:47:42,449 [ForkJoinPool.commonPool-worker-1] INFO  impl.PendingRequests (PendingRequests.java:sendNotLeaderResponses(282)) - e1b2127a-933c-4bfc-a8fa-edeeb9ccf213@group-644A06A5DE74-PendingRequests: sendNotLeaderResponses
2021-10-10 13:47:42,450 [ForkJoinPool.commonPool-worker-1] INFO  impl.StateMachineUpdater (StateMachineUpdater.java:stopAndJoin(149)) - e1b2127a-933c-4bfc-a8fa-edeeb9ccf213@group-644A06A5DE74-StateMachineUpdater: set stopIndex = 0
2021-10-10 13:47:42,451 [e1b2127a-933c-4bfc-a8fa-edeeb9ccf213@group-644A06A5DE74-StateMachineUpdater] INFO  ratis.ContainerStateMachine (ContainerStateMachine.java:takeSnapshot(292)) - group-644A06A5DE74: Taking a snapshot at:(t:1, i:0) file /home/runner/work/ozone/ozone/hadoop-ozone/integration-test/target/test-dir/MiniOzoneClusterImpl-0f145d0e-b24d-4882-976e-a7baa8a64dfe/datanode-6/data/ratis/78ffa57c-9e25-44e6-b4ea-644a06a5de74/sm/snapshot.1_0
2021-10-10 13:47:42,448 [1d4e4b2f-e6a0-4223-b62b-246b29415176@group-644A06A5DE74-StateMachineUpdater] INFO  ratis.ContainerStateMachine (ContainerStateMachine.java:takeSnapshot(303)) - group-644A06A5DE74: Finished taking a snapshot at:(t:1, i:0) file:/home/runner/work/ozone/ozone/hadoop-ozone/integration-test/target/test-dir/MiniOzoneClusterImpl-0f145d0e-b24d-4882-976e-a7baa8a64dfe/datanode-3/data/ratis/78ffa57c-9e25-44e6-b4ea-644a06a5de74/sm/snapshot.1_0 took: 2 ms
2021-10-10 13:47:42,451 [1d4e4b2f-e6a0-4223-b62b-246b29415176@group-644A06A5DE74-StateMachineUpdater] INFO  impl.StateMachineUpdater (StateMachineUpdater.java:takeSnapshot(281)) - 1d4e4b2f-e6a0-4223-b62b-246b29415176@group-644A06A5DE74-StateMachineUpdater: Took a snapshot at index 0
2021-10-10 13:47:42,451 [1d4e4b2f-e6a0-4223-b62b-246b29415176@group-644A06A5DE74-StateMachineUpdater] INFO  impl.StateMachineUpdater (StateMachineUpdater.java:lambda$new$0(89)) - 1d4e4b2f-e6a0-4223-b62b-246b29415176@group-644A06A5DE74-StateMachineUpdater: snapshotIndex: updateIncreasingly -1 -> 0
2021-10-10 13:47:42,451 [e1b2127a-933c-4bfc-a8fa-edeeb9ccf213@group-644A06A5DE74-StateMachineUpdater] INFO  ratis.ContainerStateMachine (ContainerStateMachine.java:takeSnapshot(303)) - group-644A06A5DE74: Finished taking a snapshot at:(t:1, i:0) file:/home/runner/work/ozone/ozone/hadoop-ozone/integration-test/target/test-dir/MiniOzoneClusterImpl-0f145d0e-b24d-4882-976e-a7baa8a64dfe/datanode-6/data/ratis/78ffa57c-9e25-44e6-b4ea-644a06a5de74/sm/snapshot.1_0 took: 1 ms
2021-10-10 13:47:42,451 [e1b2127a-933c-4bfc-a8fa-edeeb9ccf213@group-644A06A5DE74-StateMachineUpdater] INFO  impl.StateMachineUpdater (StateMachineUpdater.java:takeSnapshot(281)) - e1b2127a-933c-4bfc-a8fa-edeeb9ccf213@group-644A06A5DE74-StateMachineUpdater: Took a snapshot at index 0
2021-10-10 13:47:42,451 [e1b2127a-933c-4bfc-a8fa-edeeb9ccf213@group-644A06A5DE74-StateMachineUpdater] INFO  impl.StateMachineUpdater (StateMachineUpdater.java:lambda$new$0(89)) - e1b2127a-933c-4bfc-a8fa-edeeb9ccf213@group-644A06A5DE74-StateMachineUpdater: snapshotIndex: updateIncreasingly -1 -> 0
2021-10-10 13:47:42,452 [Listener at 127.0.0.1/44821] INFO  server.RaftServer$Division (ServerState.java:close(419)) - 1d4e4b2f-e6a0-4223-b62b-246b29415176@group-644A06A5DE74: closes. applyIndex: 0
2021-10-10 13:47:42,452 [1d4e4b2f-e6a0-4223-b62b-246b29415176@group-644A06A5DE74-SegmentedRaftLogWorker] INFO  segmented.SegmentedRaftLogWorker (SegmentedRaftLogWorker.java:run(327)) - 1d4e4b2f-e6a0-4223-b62b-246b29415176@group-644A06A5DE74-SegmentedRaftLogWorker was interrupted, exiting. There are 0 tasks remaining in the queue.
2021-10-10 13:47:42,452 [e1b2127a-933c-4bfc-a8fa-edeeb9ccf213@group-644A06A5DE74->2432123a-b439-42d5-83b4-1981f0fa2384-GrpcLogAppender-LogAppenderDaemon] WARN  server.GrpcLogAppender (GrpcLogAppender.java:mayWait(175)) - e1b2127a-933c-4bfc-a8fa-edeeb9ccf213@group-644A06A5DE74->2432123a-b439-42d5-83b4-1981f0fa2384-GrpcLogAppender: Wait interrupted by java.lang.InterruptedException
2021-10-10 13:47:42,453 [grpc-default-executor-2] INFO  server.GrpcServerProtocolService (GrpcServerProtocolService.java:onCompleted(140)) - 2432123a-b439-42d5-83b4-1981f0fa2384: Completed APPEND_ENTRIES, lastRequest: e1b2127a-933c-4bfc-a8fa-edeeb9ccf213->2432123a-b439-42d5-83b4-1981f0fa2384#1-t1,previous=(t:0, i:0),leaderCommit=-1,initializing? true,entries: size=1, first=(t:1, i:0), CONFIGURATIONENTRY
2021-10-10 13:47:42,453 [e1b2127a-933c-4bfc-a8fa-edeeb9ccf213@group-644A06A5DE74->1d4e4b2f-e6a0-4223-b62b-246b29415176-GrpcLogAppender-LogAppenderDaemon] WARN  server.GrpcLogAppender (GrpcLogAppender.java:mayWait(175)) - e1b2127a-933c-4bfc-a8fa-edeeb9ccf213@group-644A06A5DE74->1d4e4b2f-e6a0-4223-b62b-246b29415176-GrpcLogAppender: Wait interrupted by java.lang.InterruptedException
2021-10-10 13:47:42,453 [grpc-default-executor-4] INFO  server.GrpcLogAppender (GrpcLogAppender.java:onCompleted(344)) - e1b2127a-933c-4bfc-a8fa-edeeb9ccf213@group-644A06A5DE74->2432123a-b439-42d5-83b4-1981f0fa2384-AppendLogResponseHandler: follower responses appendEntries COMPLETED
2021-10-10 13:47:42,454 [grpc-default-executor-4] INFO  leader.FollowerInfo (FollowerInfoImpl.java:lambda$new$0(46)) - e1b2127a-933c-4bfc-a8fa-edeeb9ccf213@group-644A06A5DE74->2432123a-b439-42d5-83b4-1981f0fa2384: nextIndex: updateUnconditionally 1 -> 0
2021-10-10 13:47:42,452 [ForkJoinPool.commonPool-worker-1] INFO  server.RaftServer$Division (ServerState.java:close(419)) - e1b2127a-933c-4bfc-a8fa-edeeb9ccf213@group-644A06A5DE74: closes. applyIndex: 0
2021-10-10 13:47:42,463 [Listener at 127.0.0.1/44821] INFO  segmented.SegmentedRaftLogWorker (SegmentedRaftLogWorker.java:close(237)) - 1d4e4b2f-e6a0-4223-b62b-246b29415176@group-644A06A5DE74-SegmentedRaftLogWorker close()
2021-10-10 13:47:42,453 [grpc-default-executor-8] INFO  server.GrpcServerProtocolService (GrpcServerProtocolService.java:onCompleted(140)) - 1d4e4b2f-e6a0-4223-b62b-246b29415176: Completed APPEND_ENTRIES, lastRequest: e1b2127a-933c-4bfc-a8fa-edeeb9ccf213->1d4e4b2f-e6a0-4223-b62b-246b29415176#1-t1,previous=(t:0, i:0),leaderCommit=-1,initializing? true,entries: size=1, first=(t:1, i:0), CONFIGURATIONENTRY
2021-10-10 13:47:42,490 [e1b2127a-933c-4bfc-a8fa-edeeb9ccf213@group-644A06A5DE74-SegmentedRaftLogWorker] INFO  segmented.SegmentedRaftLogWorker (SegmentedRaftLogWorker.java:run(327)) - e1b2127a-933c-4bfc-a8fa-edeeb9ccf213@group-644A06A5DE74-SegmentedRaftLogWorker was interrupted, exiting. There are 0 tasks remaining in the queue.
2021-10-10 13:47:42,499 [ForkJoinPool.commonPool-worker-1] INFO  segmented.SegmentedRaftLogWorker (SegmentedRaftLogWorker.java:close(237)) - e1b2127a-933c-4bfc-a8fa-edeeb9ccf213@group-644A06A5DE74-SegmentedRaftLogWorker close()
2021-10-10 13:47:42,500 [grpc-default-executor-8] INFO  server.GrpcLogAppender (GrpcLogAppender.java:onCompleted(344)) - e1b2127a-933c-4bfc-a8fa-edeeb9ccf213@group-644A06A5DE74->1d4e4b2f-e6a0-4223-b62b-246b29415176-AppendLogResponseHandler: follower responses appendEntries COMPLETED
2021-10-10 13:47:42,500 [grpc-default-executor-8] INFO  leader.FollowerInfo (FollowerInfoImpl.java:lambda$new$0(46)) - e1b2127a-933c-4bfc-a8fa-edeeb9ccf213@group-644A06A5DE74->1d4e4b2f-e6a0-4223-b62b-246b29415176: nextIndex: updateUnconditionally 1 -> 0
2021-10-10 13:47:42,500 [Listener at 127.0.0.1/44821] INFO  server.RaftServer$Division (RaftServerImpl.java:lambda$close$4(407)) - 1d4e4b2f-e6a0-4223-b62b-246b29415176@group-0CD1FD14ABDC: shutdown
2021-10-10 13:47:42,502 [Listener at 127.0.0.1/44821] INFO  util.JmxRegister (JmxRegister.java:unregister(73)) - Successfully un-registered JMX Bean with object name Ratis:service=RaftServer,group=group-0CD1FD14ABDC,id=1d4e4b2f-e6a0-4223-b62b-246b29415176
2021-10-10 13:47:42,502 [Listener at 127.0.0.1/44821] INFO  impl.RoleInfo (RoleInfo.java:shutdownLeaderState(91)) - 1d4e4b2f-e6a0-4223-b62b-246b29415176: shutdown 1d4e4b2f-e6a0-4223-b62b-246b29415176@group-0CD1FD14ABDC-LeaderStateImpl
2021-10-10 13:47:42,503 [Listener at 127.0.0.1/44821] INFO  impl.PendingRequests (PendingRequests.java:sendNotLeaderResponses(282)) - 1d4e4b2f-e6a0-4223-b62b-246b29415176@group-0CD1FD14ABDC-PendingRequests: sendNotLeaderResponses
2021-10-10 13:47:42,503 [Listener at 127.0.0.1/44821] INFO  impl.StateMachineUpdater (StateMachineUpdater.java:stopAndJoin(149)) - 1d4e4b2f-e6a0-4223-b62b-246b29415176@group-0CD1FD14ABDC-StateMachineUpdater: set stopIndex = 0
2021-10-10 13:47:42,504 [1d4e4b2f-e6a0-4223-b62b-246b29415176@group-0CD1FD14ABDC-StateMachineUpdater] INFO  ratis.ContainerStateMachine (ContainerStateMachine.java:takeSnapshot(292)) - group-0CD1FD14ABDC: Taking a snapshot at:(t:2, i:0) file /home/runner/work/ozone/ozone/hadoop-ozone/integration-test/target/test-dir/MiniOzoneClusterImpl-0f145d0e-b24d-4882-976e-a7baa8a64dfe/datanode-3/data/ratis/5ec87732-cd3d-4223-b6cf-0cd1fd14abdc/sm/snapshot.2_0
2021-10-10 13:47:42,506 [ForkJoinPool.commonPool-worker-1] INFO  server.RaftServer$Division (RaftServerImpl.java:lambda$close$4(407)) - e1b2127a-933c-4bfc-a8fa-edeeb9ccf213@group-0CD1FD14ABDC: shutdown
2021-10-10 13:47:42,506 [ForkJoinPool.commonPool-worker-1] INFO  util.JmxRegister (JmxRegister.java:unregister(73)) - Successfully un-registered JMX Bean with object name Ratis:service=RaftServer,group=group-0CD1FD14ABDC,id=e1b2127a-933c-4bfc-a8fa-edeeb9ccf213
2021-10-10 13:47:42,506 [ForkJoinPool.commonPool-worker-1] INFO  impl.RoleInfo (RoleInfo.java:shutdownFollowerState(108)) - e1b2127a-933c-4bfc-a8fa-edeeb9ccf213: shutdown e1b2127a-933c-4bfc-a8fa-edeeb9ccf213@group-0CD1FD14ABDC-FollowerState
2021-10-10 13:47:42,506 [ForkJoinPool.commonPool-worker-1] INFO  impl.StateMachineUpdater (StateMachineUpdater.java:stopAndJoin(149)) - e1b2127a-933c-4bfc-a8fa-edeeb9ccf213@group-0CD1FD14ABDC-StateMachineUpdater: set stopIndex = 0
2021-10-10 13:47:42,506 [e1b2127a-933c-4bfc-a8fa-edeeb9ccf213@group-0CD1FD14ABDC-FollowerState] INFO  impl.FollowerState (FollowerState.java:run(143)) - e1b2127a-933c-4bfc-a8fa-edeeb9ccf213@group-0CD1FD14ABDC-FollowerState was interrupted: {}
java.lang.InterruptedException: sleep interrupted
	at java.lang.Thread.sleep(Native Method)
	at java.lang.Thread.sleep(Thread.java:340)
	at java.util.concurrent.TimeUnit.sleep(TimeUnit.java:386)
	at org.apache.ratis.util.TimeDuration.sleep(TimeDuration.java:324)
	at org.apache.ratis.util.TimeDuration.sleep(TimeDuration.java:309)
	at org.apache.ratis.server.impl.FollowerState.run(FollowerState.java:118)
2021-10-10 13:47:42,506 [e1b2127a-933c-4bfc-a8fa-edeeb9ccf213@group-0CD1FD14ABDC-StateMachineUpdater] INFO  ratis.ContainerStateMachine (ContainerStateMachine.java:takeSnapshot(292)) - group-0CD1FD14ABDC: Taking a snapshot at:(t:2, i:0) file /home/runner/work/ozone/ozone/hadoop-ozone/integration-test/target/test-dir/MiniOzoneClusterImpl-0f145d0e-b24d-4882-976e-a7baa8a64dfe/datanode-6/data/ratis/5ec87732-cd3d-4223-b6cf-0cd1fd14abdc/sm/snapshot.2_0
2021-10-10 13:47:42,521 [1d4e4b2f-e6a0-4223-b62b-246b29415176@group-0CD1FD14ABDC->e1b2127a-933c-4bfc-a8fa-edeeb9ccf213-GrpcLogAppender-LogAppenderDaemon] WARN  server.GrpcLogAppender (GrpcLogAppender.java:mayWait(175)) - 1d4e4b2f-e6a0-4223-b62b-246b29415176@group-0CD1FD14ABDC->e1b2127a-933c-4bfc-a8fa-edeeb9ccf213-GrpcLogAppender: Wait interrupted by java.lang.InterruptedException
2021-10-10 13:47:42,521 [e1b2127a-933c-4bfc-a8fa-edeeb9ccf213@group-0CD1FD14ABDC-StateMachineUpdater] INFO  ratis.ContainerStateMachine (ContainerStateMachine.java:takeSnapshot(303)) - group-0CD1FD14ABDC: Finished taking a snapshot at:(t:2, i:0) file:/home/runner/work/ozone/ozone/hadoop-ozone/integration-test/target/test-dir/MiniOzoneClusterImpl-0f145d0e-b24d-4882-976e-a7baa8a64dfe/datanode-6/data/ratis/5ec87732-cd3d-4223-b6cf-0cd1fd14abdc/sm/snapshot.2_0 took: 15 ms
2021-10-10 13:47:42,521 [grpc-default-executor-8] INFO  server.GrpcServerProtocolService (GrpcServerProtocolService.java:onCompleted(140)) - e1b2127a-933c-4bfc-a8fa-edeeb9ccf213: Completed APPEND_ENTRIES, lastRequest: 1d4e4b2f-e6a0-4223-b62b-246b29415176->e1b2127a-933c-4bfc-a8fa-edeeb9ccf213#1-t2,previous=(t:0, i:0),leaderCommit=0,initializing? true,entries: size=1, first=(t:2, i:0), CONFIGURATIONENTRY
2021-10-10 13:47:42,522 [e1b2127a-933c-4bfc-a8fa-edeeb9ccf213@group-0CD1FD14ABDC-StateMachineUpdater] INFO  impl.StateMachineUpdater (StateMachineUpdater.java:takeSnapshot(281)) - e1b2127a-933c-4bfc-a8fa-edeeb9ccf213@group-0CD1FD14ABDC-StateMachineUpdater: Took a snapshot at index 0
2021-10-10 13:47:42,522 [e1b2127a-933c-4bfc-a8fa-edeeb9ccf213@group-0CD1FD14ABDC-StateMachineUpdater] INFO  impl.StateMachineUpdater (StateMachineUpdater.java:lambda$new$0(89)) - e1b2127a-933c-4bfc-a8fa-edeeb9ccf213@group-0CD1FD14ABDC-StateMachineUpdater: snapshotIndex: updateIncreasingly -1 -> 0
2021-10-10 13:47:42,522 [grpc-default-executor-2] INFO  server.GrpcLogAppender (GrpcLogAppender.java:onCompleted(344)) - 1d4e4b2f-e6a0-4223-b62b-246b29415176@group-0CD1FD14ABDC->e1b2127a-933c-4bfc-a8fa-edeeb9ccf213-AppendLogResponseHandler: follower responses appendEntries COMPLETED
2021-10-10 13:47:42,522 [grpc-default-executor-2] INFO  leader.FollowerInfo (FollowerInfoImpl.java:lambda$new$0(46)) - 1d4e4b2f-e6a0-4223-b62b-246b29415176@group-0CD1FD14ABDC->e1b2127a-933c-4bfc-a8fa-edeeb9ccf213: nextIndex: updateUnconditionally 1 -> 0
2021-10-10 13:47:42,522 [ForkJoinPool.commonPool-worker-1] INFO  server.RaftServer$Division (ServerState.java:close(419)) - e1b2127a-933c-4bfc-a8fa-edeeb9ccf213@group-0CD1FD14ABDC: closes. applyIndex: 0
2021-10-10 13:47:42,522 [e1b2127a-933c-4bfc-a8fa-edeeb9ccf213@group-0CD1FD14ABDC-SegmentedRaftLogWorker] INFO  segmented.SegmentedRaftLogWorker (SegmentedRaftLogWorker.java:run(327)) - e1b2127a-933c-4bfc-a8fa-edeeb9ccf213@group-0CD1FD14ABDC-SegmentedRaftLogWorker was interrupted, exiting. There are 0 tasks remaining in the queue.
2021-10-10 13:47:42,527 [1d4e4b2f-e6a0-4223-b62b-246b29415176@group-0CD1FD14ABDC-StateMachineUpdater] INFO  ratis.ContainerStateMachine (ContainerStateMachine.java:takeSnapshot(303)) - group-0CD1FD14ABDC: Finished taking a snapshot at:(t:2, i:0) file:/home/runner/work/ozone/ozone/hadoop-ozone/integration-test/target/test-dir/MiniOzoneClusterImpl-0f145d0e-b24d-4882-976e-a7baa8a64dfe/datanode-3/data/ratis/5ec87732-cd3d-4223-b6cf-0cd1fd14abdc/sm/snapshot.2_0 took: 24 ms
2021-10-10 13:47:42,528 [1d4e4b2f-e6a0-4223-b62b-246b29415176@group-0CD1FD14ABDC-StateMachineUpdater] INFO  impl.StateMachineUpdater (StateMachineUpdater.java:takeSnapshot(281)) - 1d4e4b2f-e6a0-4223-b62b-246b29415176@group-0CD1FD14ABDC-StateMachineUpdater: Took a snapshot at index 0
2021-10-10 13:47:42,528 [1d4e4b2f-e6a0-4223-b62b-246b29415176@group-0CD1FD14ABDC-StateMachineUpdater] INFO  impl.StateMachineUpdater (StateMachineUpdater.java:lambda$new$0(89)) - 1d4e4b2f-e6a0-4223-b62b-246b29415176@group-0CD1FD14ABDC-StateMachineUpdater: snapshotIndex: updateIncreasingly -1 -> 0
2021-10-10 13:47:42,528 [Listener at 127.0.0.1/44821] INFO  server.RaftServer$Division (ServerState.java:close(419)) - 1d4e4b2f-e6a0-4223-b62b-246b29415176@group-0CD1FD14ABDC: closes. applyIndex: 0
2021-10-10 13:47:42,528 [1d4e4b2f-e6a0-4223-b62b-246b29415176@group-0CD1FD14ABDC-SegmentedRaftLogWorker] INFO  segmented.SegmentedRaftLogWorker (SegmentedRaftLogWorker.java:run(327)) - 1d4e4b2f-e6a0-4223-b62b-246b29415176@group-0CD1FD14ABDC-SegmentedRaftLogWorker was interrupted, exiting. There are 0 tasks remaining in the queue.
2021-10-10 13:47:42,543 [ForkJoinPool.commonPool-worker-1] INFO  segmented.SegmentedRaftLogWorker (SegmentedRaftLogWorker.java:close(237)) - e1b2127a-933c-4bfc-a8fa-edeeb9ccf213@group-0CD1FD14ABDC-SegmentedRaftLogWorker close()
2021-10-10 13:47:42,544 [ForkJoinPool.commonPool-worker-1] INFO  server.RaftServer$Division (RaftServerImpl.java:lambda$close$4(407)) - e1b2127a-933c-4bfc-a8fa-edeeb9ccf213@group-F1A31A7042A1: shutdown
2021-10-10 13:47:42,544 [ForkJoinPool.commonPool-worker-1] INFO  util.JmxRegister (JmxRegister.java:unregister(73)) - Successfully un-registered JMX Bean with object name Ratis:service=RaftServer,group=group-F1A31A7042A1,id=e1b2127a-933c-4bfc-a8fa-edeeb9ccf213
2021-10-10 13:47:42,545 [ForkJoinPool.commonPool-worker-1] INFO  impl.RoleInfo (RoleInfo.java:shutdownLeaderState(91)) - e1b2127a-933c-4bfc-a8fa-edeeb9ccf213: shutdown e1b2127a-933c-4bfc-a8fa-edeeb9ccf213@group-F1A31A7042A1-LeaderStateImpl
2021-10-10 13:47:42,545 [ForkJoinPool.commonPool-worker-1] INFO  impl.PendingRequests (PendingRequests.java:sendNotLeaderResponses(282)) - e1b2127a-933c-4bfc-a8fa-edeeb9ccf213@group-F1A31A7042A1-PendingRequests: sendNotLeaderResponses
2021-10-10 13:47:42,545 [ForkJoinPool.commonPool-worker-1] INFO  impl.StateMachineUpdater (StateMachineUpdater.java:stopAndJoin(149)) - e1b2127a-933c-4bfc-a8fa-edeeb9ccf213@group-F1A31A7042A1-StateMachineUpdater: set stopIndex = 0
2021-10-10 13:47:42,546 [Listener at 127.0.0.1/44821] INFO  segmented.SegmentedRaftLogWorker (SegmentedRaftLogWorker.java:close(237)) - 1d4e4b2f-e6a0-4223-b62b-246b29415176@group-0CD1FD14ABDC-SegmentedRaftLogWorker close()
2021-10-10 13:47:42,546 [e1b2127a-933c-4bfc-a8fa-edeeb9ccf213@group-F1A31A7042A1-StateMachineUpdater] INFO  ratis.ContainerStateMachine (ContainerStateMachine.java:takeSnapshot(292)) - group-F1A31A7042A1: Taking a snapshot at:(t:1, i:0) file /home/runner/work/ozone/ozone/hadoop-ozone/integration-test/target/test-dir/MiniOzoneClusterImpl-0f145d0e-b24d-4882-976e-a7baa8a64dfe/datanode-6/data/ratis/58ffe2e3-53bb-466b-9d55-f1a31a7042a1/sm/snapshot.1_0
2021-10-10 13:47:42,547 [e1b2127a-933c-4bfc-a8fa-edeeb9ccf213@group-F1A31A7042A1-StateMachineUpdater] INFO  ratis.ContainerStateMachine (ContainerStateMachine.java:takeSnapshot(303)) - group-F1A31A7042A1: Finished taking a snapshot at:(t:1, i:0) file:/home/runner/work/ozone/ozone/hadoop-ozone/integration-test/target/test-dir/MiniOzoneClusterImpl-0f145d0e-b24d-4882-976e-a7baa8a64dfe/datanode-6/data/ratis/58ffe2e3-53bb-466b-9d55-f1a31a7042a1/sm/snapshot.1_0 took: 1 ms
2021-10-10 13:47:42,547 [Listener at 127.0.0.1/44821] INFO  server.RaftServer$Division (RaftServerImpl.java:lambda$close$4(407)) - 1d4e4b2f-e6a0-4223-b62b-246b29415176@group-F44C8908778D: shutdown
2021-10-10 13:47:42,547 [e1b2127a-933c-4bfc-a8fa-edeeb9ccf213@group-F1A31A7042A1-StateMachineUpdater] INFO  impl.StateMachineUpdater (StateMachineUpdater.java:takeSnapshot(281)) - e1b2127a-933c-4bfc-a8fa-edeeb9ccf213@group-F1A31A7042A1-StateMachineUpdater: Took a snapshot at index 0
2021-10-10 13:47:42,547 [Listener at 127.0.0.1/44821] INFO  util.JmxRegister (JmxRegister.java:unregister(73)) - Successfully un-registered JMX Bean with object name Ratis:service=RaftServer,group=group-F44C8908778D,id=1d4e4b2f-e6a0-4223-b62b-246b29415176
2021-10-10 13:47:42,547 [e1b2127a-933c-4bfc-a8fa-edeeb9ccf213@group-F1A31A7042A1-StateMachineUpdater] INFO  impl.StateMachineUpdater (StateMachineUpdater.java:lambda$new$0(89)) - e1b2127a-933c-4bfc-a8fa-edeeb9ccf213@group-F1A31A7042A1-StateMachineUpdater: snapshotIndex: updateIncreasingly -1 -> 0
2021-10-10 13:47:42,547 [Listener at 127.0.0.1/44821] INFO  impl.RoleInfo (RoleInfo.java:shutdownLeaderState(91)) - 1d4e4b2f-e6a0-4223-b62b-246b29415176: shutdown 1d4e4b2f-e6a0-4223-b62b-246b29415176@group-F44C8908778D-LeaderStateImpl
2021-10-10 13:47:42,547 [Listener at 127.0.0.1/44821] INFO  impl.PendingRequests (PendingRequests.java:sendNotLeaderResponses(282)) - 1d4e4b2f-e6a0-4223-b62b-246b29415176@group-F44C8908778D-PendingRequests: sendNotLeaderResponses
2021-10-10 13:47:42,547 [ForkJoinPool.commonPool-worker-1] INFO  server.RaftServer$Division (ServerState.java:close(419)) - e1b2127a-933c-4bfc-a8fa-edeeb9ccf213@group-F1A31A7042A1: closes. applyIndex: 0
2021-10-10 13:47:42,548 [e1b2127a-933c-4bfc-a8fa-edeeb9ccf213@group-F1A31A7042A1-SegmentedRaftLogWorker] INFO  segmented.SegmentedRaftLogWorker (SegmentedRaftLogWorker.java:run(327)) - e1b2127a-933c-4bfc-a8fa-edeeb9ccf213@group-F1A31A7042A1-SegmentedRaftLogWorker was interrupted, exiting. There are 0 tasks remaining in the queue.
2021-10-10 13:47:42,548 [ForkJoinPool.commonPool-worker-1] INFO  segmented.SegmentedRaftLogWorker (SegmentedRaftLogWorker.java:close(237)) - e1b2127a-933c-4bfc-a8fa-edeeb9ccf213@group-F1A31A7042A1-SegmentedRaftLogWorker close()
2021-10-10 13:47:42,548 [ForkJoinPool.commonPool-worker-1] INFO  server.GrpcService (GrpcService.java:closeImpl(262)) - e1b2127a-933c-4bfc-a8fa-edeeb9ccf213: shutdown server with port 33955 now
2021-10-10 13:47:42,548 [1d4e4b2f-e6a0-4223-b62b-246b29415176@group-F44C8908778D-StateMachineUpdater] INFO  ratis.ContainerStateMachine (ContainerStateMachine.java:takeSnapshot(292)) - group-F44C8908778D: Taking a snapshot at:(t:1, i:0) file /home/runner/work/ozone/ozone/hadoop-ozone/integration-test/target/test-dir/MiniOzoneClusterImpl-0f145d0e-b24d-4882-976e-a7baa8a64dfe/datanode-3/data/ratis/2bb0ad25-7e9d-4919-9f0c-f44c8908778d/sm/snapshot.1_0
2021-10-10 13:47:42,550 [1d4e4b2f-e6a0-4223-b62b-246b29415176@group-F44C8908778D-StateMachineUpdater] INFO  ratis.ContainerStateMachine (ContainerStateMachine.java:takeSnapshot(303)) - group-F44C8908778D: Finished taking a snapshot at:(t:1, i:0) file:/home/runner/work/ozone/ozone/hadoop-ozone/integration-test/target/test-dir/MiniOzoneClusterImpl-0f145d0e-b24d-4882-976e-a7baa8a64dfe/datanode-3/data/ratis/2bb0ad25-7e9d-4919-9f0c-f44c8908778d/sm/snapshot.1_0 took: 1 ms
2021-10-10 13:47:42,564 [ForkJoinPool.commonPool-worker-1] INFO  server.GrpcService (GrpcService.java:closeImpl(271)) - e1b2127a-933c-4bfc-a8fa-edeeb9ccf213: shutdown server with port 33955 successfully
2021-10-10 13:47:42,564 [org.apache.ratis.util.JvmPauseMonitor$$Lambda$532/897771948@1983f215] INFO  util.JvmPauseMonitor (JvmPauseMonitor.java:run(109)) - JvmPauseMonitor-e1b2127a-933c-4bfc-a8fa-edeeb9ccf213: Stopped
2021-10-10 13:47:42,570 [ForkJoinPool.commonPool-worker-1] INFO  utils.BackgroundService (BackgroundService.java:shutdown(132)) - Shutting down service BlockDeletingService
2021-10-10 13:47:42,584 [Listener at 127.0.0.1/44821] INFO  impl.StateMachineUpdater (StateMachineUpdater.java:stopAndJoin(149)) - 1d4e4b2f-e6a0-4223-b62b-246b29415176@group-F44C8908778D-StateMachineUpdater: set stopIndex = 0
2021-10-10 13:47:42,584 [1d4e4b2f-e6a0-4223-b62b-246b29415176@group-F44C8908778D-StateMachineUpdater] INFO  impl.StateMachineUpdater (StateMachineUpdater.java:takeSnapshot(281)) - 1d4e4b2f-e6a0-4223-b62b-246b29415176@group-F44C8908778D-StateMachineUpdater: Took a snapshot at index 0
2021-10-10 13:47:42,584 [1d4e4b2f-e6a0-4223-b62b-246b29415176@group-F44C8908778D-StateMachineUpdater] INFO  impl.StateMachineUpdater (StateMachineUpdater.java:lambda$new$0(89)) - 1d4e4b2f-e6a0-4223-b62b-246b29415176@group-F44C8908778D-StateMachineUpdater: snapshotIndex: updateIncreasingly -1 -> 0
2021-10-10 13:47:42,584 [Listener at 127.0.0.1/44821] INFO  server.RaftServer$Division (ServerState.java:close(419)) - 1d4e4b2f-e6a0-4223-b62b-246b29415176@group-F44C8908778D: closes. applyIndex: 0
2021-10-10 13:47:42,584 [1d4e4b2f-e6a0-4223-b62b-246b29415176@group-F44C8908778D-SegmentedRaftLogWorker] INFO  segmented.SegmentedRaftLogWorker (SegmentedRaftLogWorker.java:run(327)) - 1d4e4b2f-e6a0-4223-b62b-246b29415176@group-F44C8908778D-SegmentedRaftLogWorker was interrupted, exiting. There are 0 tasks remaining in the queue.
2021-10-10 13:47:42,585 [Listener at 127.0.0.1/44821] INFO  segmented.SegmentedRaftLogWorker (SegmentedRaftLogWorker.java:close(237)) - 1d4e4b2f-e6a0-4223-b62b-246b29415176@group-F44C8908778D-SegmentedRaftLogWorker close()
2021-10-10 13:47:42,585 [Listener at 127.0.0.1/44821] INFO  server.GrpcService (GrpcService.java:closeImpl(262)) - 1d4e4b2f-e6a0-4223-b62b-246b29415176: shutdown server with port 44219 now
2021-10-10 13:47:42,624 [Listener at 127.0.0.1/44821] INFO  server.GrpcService (GrpcService.java:closeImpl(271)) - 1d4e4b2f-e6a0-4223-b62b-246b29415176: shutdown server with port 44219 successfully
2021-10-10 13:47:42,631 [org.apache.ratis.util.JvmPauseMonitor$$Lambda$532/897771948@10f9e525] INFO  util.JvmPauseMonitor (JvmPauseMonitor.java:run(109)) - JvmPauseMonitor-1d4e4b2f-e6a0-4223-b62b-246b29415176: Stopped
2021-10-10 13:47:42,632 [Listener at 127.0.0.1/44821] INFO  utils.BackgroundService (BackgroundService.java:shutdown(132)) - Shutting down service BlockDeletingService
2021-10-10 13:47:45,571 [ForkJoinPool.commonPool-worker-1] INFO  statemachine.DatanodeStateMachine (DatanodeStateMachine.java:stopDaemon(522)) - Ozone container server stopped.
2021-10-10 13:47:45,574 [ForkJoinPool.commonPool-worker-1] INFO  handler.ContextHandler (ContextHandler.java:doStop(1153)) - Stopped o.e.j.w.WebAppContext@4a4e26dd{hddsDatanode,/,null,STOPPED}{jar:file:/home/runner/.m2/repository/org/apache/ozone/hdds-container-service/1.2.0-SNAPSHOT/hdds-container-service-1.2.0-SNAPSHOT.jar!/webapps/hddsDatanode}
2021-10-10 13:47:45,589 [ForkJoinPool.commonPool-worker-1] INFO  server.AbstractConnector (AbstractConnector.java:doStop(381)) - Stopped ServerConnector@5007635e{HTTP/1.1, (http/1.1)}{0.0.0.0:0}
2021-10-10 13:47:45,589 [ForkJoinPool.commonPool-worker-1] INFO  server.session (HouseKeeper.java:stopScavenging(149)) - node0 Stopped scavenging
2021-10-10 13:47:45,589 [ForkJoinPool.commonPool-worker-1] INFO  handler.ContextHandler (ContextHandler.java:doStop(1153)) - Stopped o.e.j.s.ServletContextHandler@4bff4554{static,/static,jar:file:/home/runner/.m2/repository/org/apache/ozone/hdds-container-service/1.2.0-SNAPSHOT/hdds-container-service-1.2.0-SNAPSHOT.jar!/webapps/static,STOPPED}
2021-10-10 13:47:45,589 [ForkJoinPool.commonPool-worker-1] INFO  handler.ContextHandler (ContextHandler.java:doStop(1153)) - Stopped o.e.j.s.ServletContextHandler@1711f0e4{logs,/logs,file:///home/runner/work/ozone/ozone/hadoop-ozone/integration-test/target/log,STOPPED}
2021-10-10 13:47:45,633 [Listener at 127.0.0.1/44821] INFO  statemachine.DatanodeStateMachine (DatanodeStateMachine.java:stopDaemon(522)) - Ozone container server stopped.
2021-10-10 13:47:45,634 [Listener at 127.0.0.1/44821] INFO  handler.ContextHandler (ContextHandler.java:doStop(1153)) - Stopped o.e.j.w.WebAppContext@6e878902{hddsDatanode,/,null,STOPPED}{jar:file:/home/runner/.m2/repository/org/apache/ozone/hdds-container-service/1.2.0-SNAPSHOT/hdds-container-service-1.2.0-SNAPSHOT.jar!/webapps/hddsDatanode}
2021-10-10 13:47:45,635 [Listener at 127.0.0.1/44821] INFO  server.AbstractConnector (AbstractConnector.java:doStop(381)) - Stopped ServerConnector@64f0f153{HTTP/1.1, (http/1.1)}{0.0.0.0:0}
2021-10-10 13:47:45,635 [Listener at 127.0.0.1/44821] INFO  server.session (HouseKeeper.java:stopScavenging(149)) - node0 Stopped scavenging
2021-10-10 13:47:45,636 [Listener at 127.0.0.1/44821] INFO  handler.ContextHandler (ContextHandler.java:doStop(1153)) - Stopped o.e.j.s.ServletContextHandler@b15cf0f{static,/static,jar:file:/home/runner/.m2/repository/org/apache/ozone/hdds-container-service/1.2.0-SNAPSHOT/hdds-container-service-1.2.0-SNAPSHOT.jar!/webapps/static,STOPPED}
2021-10-10 13:47:45,636 [Listener at 127.0.0.1/44821] INFO  handler.ContextHandler (ContextHandler.java:doStop(1153)) - Stopped o.e.j.s.ServletContextHandler@62a03b36{logs,/logs,file:///home/runner/work/ozone/ozone/hadoop-ozone/integration-test/target/log,STOPPED}
2021-10-10 13:47:46,556 [EventQueue-StaleNodeForStaleNodeHandler] INFO  node.StaleNodeHandler (StaleNodeHandler.java:onMessage(58)) - Datanode e1b2127a-933c-4bfc-a8fa-edeeb9ccf213{ip: 10.1.0.17, host: fv-az291-460.wgnan5asplgejimfprtllbpdch.jx.internal.cloudapp.net, ports: [REPLICATION=37821, RATIS=33955, RATIS_ADMIN=33955, RATIS_SERVER=33955, STANDALONE=39177], networkLocation: /default-rack, certSerialId: null, persistedOpState: IN_SERVICE, persistedOpStateExpiryEpochSec: 0} moved to stale state. Finalizing its pipelines [PipelineID=78ffa57c-9e25-44e6-b4ea-644a06a5de74, PipelineID=58ffe2e3-53bb-466b-9d55-f1a31a7042a1]
2021-10-10 13:47:46,557 [EventQueue-StaleNodeForStaleNodeHandler] INFO  pipeline.PipelineManagerImpl (PipelineManagerImpl.java:closePipeline(342)) - Pipeline Pipeline[ Id: 78ffa57c-9e25-44e6-b4ea-644a06a5de74, Nodes: e1b2127a-933c-4bfc-a8fa-edeeb9ccf213{ip: 10.1.0.17, host: fv-az291-460.wgnan5asplgejimfprtllbpdch.jx.internal.cloudapp.net, ports: [REPLICATION=37821, RATIS=33955, RATIS_ADMIN=33955, RATIS_SERVER=33955, STANDALONE=39177], networkLocation: /default-rack, certSerialId: null, persistedOpState: IN_SERVICE, persistedOpStateExpiryEpochSec: 0}2432123a-b439-42d5-83b4-1981f0fa2384{ip: 10.1.0.17, host: fv-az291-460.wgnan5asplgejimfprtllbpdch.jx.internal.cloudapp.net, ports: [REPLICATION=45645, RATIS=39429, RATIS_ADMIN=39429, RATIS_SERVER=39429, STANDALONE=45115], networkLocation: /default-rack, certSerialId: null, persistedOpState: IN_SERVICE, persistedOpStateExpiryEpochSec: 0}1d4e4b2f-e6a0-4223-b62b-246b29415176{ip: 10.1.0.17, host: fv-az291-460.wgnan5asplgejimfprtllbpdch.jx.internal.cloudapp.net, ports: [REPLICATION=42583, RATIS=44219, RATIS_ADMIN=44219, RATIS_SERVER=44219, STANDALONE=40233], networkLocation: /default-rack, certSerialId: null, persistedOpState: IN_SERVICE, persistedOpStateExpiryEpochSec: 0}, ReplicationConfig: RATIS/THREE, State:OPEN, leaderId:e1b2127a-933c-4bfc-a8fa-edeeb9ccf213, CreationTimestamp2021-10-10T13:47:19.696Z[Etc/UTC]] moved to CLOSED state
2021-10-10 13:47:46,557 [EventQueue-StaleNodeForStaleNodeHandler] INFO  pipeline.PipelineManagerImpl (PipelineManagerImpl.java:closePipeline(342)) - Pipeline Pipeline[ Id: 58ffe2e3-53bb-466b-9d55-f1a31a7042a1, Nodes: e1b2127a-933c-4bfc-a8fa-edeeb9ccf213{ip: 10.1.0.17, host: fv-az291-460.wgnan5asplgejimfprtllbpdch.jx.internal.cloudapp.net, ports: [REPLICATION=37821, RATIS=33955, RATIS_ADMIN=33955, RATIS_SERVER=33955, STANDALONE=39177], networkLocation: /default-rack, certSerialId: null, persistedOpState: IN_SERVICE, persistedOpStateExpiryEpochSec: 0}, ReplicationConfig: RATIS/ONE, State:OPEN, leaderId:e1b2127a-933c-4bfc-a8fa-edeeb9ccf213, CreationTimestamp2021-10-10T13:46:17.750Z[Etc/UTC]] moved to CLOSED state
2021-10-10 13:47:46,656 [EventQueue-StaleNodeForStaleNodeHandler] INFO  node.StaleNodeHandler (StaleNodeHandler.java:onMessage(58)) - Datanode 1d4e4b2f-e6a0-4223-b62b-246b29415176{ip: 10.1.0.17, host: fv-az291-460.wgnan5asplgejimfprtllbpdch.jx.internal.cloudapp.net, ports: [REPLICATION=42583, RATIS=44219, RATIS_ADMIN=44219, RATIS_SERVER=44219, STANDALONE=40233], networkLocation: /default-rack, certSerialId: null, persistedOpState: IN_SERVICE, persistedOpStateExpiryEpochSec: 0} moved to stale state. Finalizing its pipelines [PipelineID=78ffa57c-9e25-44e6-b4ea-644a06a5de74, PipelineID=2bb0ad25-7e9d-4919-9f0c-f44c8908778d]
2021-10-10 13:47:46,657 [EventQueue-StaleNodeForStaleNodeHandler] INFO  pipeline.PipelineManagerImpl (PipelineManagerImpl.java:closePipeline(342)) - Pipeline Pipeline[ Id: 2bb0ad25-7e9d-4919-9f0c-f44c8908778d, Nodes: 1d4e4b2f-e6a0-4223-b62b-246b29415176{ip: 10.1.0.17, host: fv-az291-460.wgnan5asplgejimfprtllbpdch.jx.internal.cloudapp.net, ports: [REPLICATION=42583, RATIS=44219, RATIS_ADMIN=44219, RATIS_SERVER=44219, STANDALONE=40233], networkLocation: /default-rack, certSerialId: null, persistedOpState: IN_SERVICE, persistedOpStateExpiryEpochSec: 0}, ReplicationConfig: RATIS/ONE, State:OPEN, leaderId:1d4e4b2f-e6a0-4223-b62b-246b29415176, CreationTimestamp2021-10-10T13:46:16.733Z[Etc/UTC]] moved to CLOSED state
2021-10-10 13:47:46,973 [2432123a-b439-42d5-83b4-1981f0fa2384@group-644A06A5DE74-FollowerState] INFO  impl.FollowerState (FollowerState.java:run(134)) - 2432123a-b439-42d5-83b4-1981f0fa2384@group-644A06A5DE74-FollowerState: change to CANDIDATE, lastRpcElapsedTime:5066524362ns, electionTimeout:5057ms
2021-10-10 13:47:46,973 [2432123a-b439-42d5-83b4-1981f0fa2384@group-644A06A5DE74-FollowerState] INFO  impl.RoleInfo (RoleInfo.java:shutdownFollowerState(108)) - 2432123a-b439-42d5-83b4-1981f0fa2384: shutdown 2432123a-b439-42d5-83b4-1981f0fa2384@group-644A06A5DE74-FollowerState
2021-10-10 13:47:46,974 [2432123a-b439-42d5-83b4-1981f0fa2384@group-644A06A5DE74-FollowerState] INFO  server.RaftServer$Division (RaftServerImpl.java:setRole(285)) - 2432123a-b439-42d5-83b4-1981f0fa2384@group-644A06A5DE74: changes role from  FOLLOWER to CANDIDATE at term 1 for changeToCandidate
2021-10-10 13:47:46,974 [2432123a-b439-42d5-83b4-1981f0fa2384@group-644A06A5DE74-FollowerState] INFO  server.RaftServerConfigKeys (ConfUtils.java:logGet(44)) - raft.server.leaderelection.pre-vote = false (custom)
2021-10-10 13:47:46,974 [2432123a-b439-42d5-83b4-1981f0fa2384@group-644A06A5DE74-FollowerState] INFO  impl.RoleInfo (RoleInfo.java:updateAndGet(130)) - 2432123a-b439-42d5-83b4-1981f0fa2384: start 2432123a-b439-42d5-83b4-1981f0fa2384@group-644A06A5DE74-LeaderElection76
2021-10-10 13:47:47,009 [2432123a-b439-42d5-83b4-1981f0fa2384@group-644A06A5DE74-LeaderElection76] INFO  server.RaftServer$Division (ServerState.java:setLeader(285)) - 2432123a-b439-42d5-83b4-1981f0fa2384@group-644A06A5DE74: change Leader from e1b2127a-933c-4bfc-a8fa-edeeb9ccf213 to null at term 1 for ELECTION
2021-10-10 13:47:47,017 [2432123a-b439-42d5-83b4-1981f0fa2384@group-644A06A5DE74-LeaderElection76] INFO  impl.LeaderElection (LeaderElection.java:askForVotes(306)) - 2432123a-b439-42d5-83b4-1981f0fa2384@group-644A06A5DE74-LeaderElection76 ELECTION round 0: submit vote requests at term 2 for 0: [2432123a-b439-42d5-83b4-1981f0fa2384|rpc:10.1.0.17:39429|dataStream:|priority:0, 1d4e4b2f-e6a0-4223-b62b-246b29415176|rpc:10.1.0.17:44219|dataStream:|priority:0, e1b2127a-933c-4bfc-a8fa-edeeb9ccf213|rpc:10.1.0.17:33955|dataStream:|priority:1], old=null
2021-10-10 13:47:47,019 [2432123a-b439-42d5-83b4-1981f0fa2384@group-644A06A5DE74-LeaderElection76] INFO  impl.LeaderElection (LogUtils.java:infoOrTrace(137)) - 2432123a-b439-42d5-83b4-1981f0fa2384@group-644A06A5DE74-LeaderElection76 got exception when requesting votes: java.util.concurrent.ExecutionException: org.apache.ratis.thirdparty.io.grpc.StatusRuntimeException: UNAVAILABLE: io exception
2021-10-10 13:47:47,020 [2432123a-b439-42d5-83b4-1981f0fa2384@group-644A06A5DE74-LeaderElection76] INFO  impl.LeaderElection (LogUtils.java:infoOrTrace(137)) - 2432123a-b439-42d5-83b4-1981f0fa2384@group-644A06A5DE74-LeaderElection76 got exception when requesting votes: java.util.concurrent.ExecutionException: org.apache.ratis.thirdparty.io.grpc.StatusRuntimeException: UNAVAILABLE: io exception
2021-10-10 13:47:47,020 [2432123a-b439-42d5-83b4-1981f0fa2384@group-644A06A5DE74-LeaderElection76] INFO  impl.LeaderElection (LeaderElection.java:logAndReturn(89)) - 2432123a-b439-42d5-83b4-1981f0fa2384@group-644A06A5DE74-LeaderElection76: ELECTION REJECTED received 0 response(s) and 2 exception(s):
2021-10-10 13:47:47,020 [2432123a-b439-42d5-83b4-1981f0fa2384@group-644A06A5DE74-LeaderElection76] INFO  impl.LeaderElection (LogUtils.java:infoOrTrace(137)) -   Exception 0: java.util.concurrent.ExecutionException: org.apache.ratis.thirdparty.io.grpc.StatusRuntimeException: UNAVAILABLE: io exception
2021-10-10 13:47:47,020 [2432123a-b439-42d5-83b4-1981f0fa2384@group-644A06A5DE74-LeaderElection76] INFO  impl.LeaderElection (LogUtils.java:infoOrTrace(137)) -   Exception 1: java.util.concurrent.ExecutionException: org.apache.ratis.thirdparty.io.grpc.StatusRuntimeException: UNAVAILABLE: io exception
2021-10-10 13:47:47,020 [2432123a-b439-42d5-83b4-1981f0fa2384@group-644A06A5DE74-LeaderElection76] INFO  impl.LeaderElection (LeaderElection.java:askForVotes(308)) - 2432123a-b439-42d5-83b4-1981f0fa2384@group-644A06A5DE74-LeaderElection76 ELECTION round 0: result REJECTED
2021-10-10 13:47:47,020 [2432123a-b439-42d5-83b4-1981f0fa2384@group-644A06A5DE74-LeaderElection76] INFO  server.RaftServer$Division (RaftServerImpl.java:setRole(285)) - 2432123a-b439-42d5-83b4-1981f0fa2384@group-644A06A5DE74: changes role from CANDIDATE to FOLLOWER at term 2 for REJECTED
2021-10-10 13:47:47,020 [2432123a-b439-42d5-83b4-1981f0fa2384@group-644A06A5DE74-LeaderElection76] INFO  impl.RoleInfo (RoleInfo.java:shutdownLeaderElection(121)) - 2432123a-b439-42d5-83b4-1981f0fa2384: shutdown 2432123a-b439-42d5-83b4-1981f0fa2384@group-644A06A5DE74-LeaderElection76
2021-10-10 13:47:47,020 [2432123a-b439-42d5-83b4-1981f0fa2384@group-644A06A5DE74-LeaderElection76] INFO  impl.RoleInfo (RoleInfo.java:updateAndGet(130)) - 2432123a-b439-42d5-83b4-1981f0fa2384: start 2432123a-b439-42d5-83b4-1981f0fa2384@group-644A06A5DE74-FollowerState
2021-10-10 13:47:48,767 [EventQueue-DeadNodeForDeadNodeHandler] INFO  node.DeadNodeHandler (DeadNodeHandler.java:onMessage(80)) - A dead datanode is detected. 52be5aae-b0d8-4d04-b923-225165c5914d{ip: 10.1.0.17, host: fv-az291-460.wgnan5asplgejimfprtllbpdch.jx.internal.cloudapp.net, ports: [REPLICATION=34769, RATIS=37435, RATIS_ADMIN=37435, RATIS_SERVER=37435, STANDALONE=40505], networkLocation: /default-rack, certSerialId: null, persistedOpState: IN_SERVICE, persistedOpStateExpiryEpochSec: 0}
2021-10-10 13:47:48,768 [EventQueue-DeadNodeForDeadNodeHandler] INFO  pipeline.RatisPipelineProvider (RatisPipelineProvider.java:lambda$close$1(222)) - Send pipeline:PipelineID=26850a3e-1446-45ef-b118-c5d91a017fde close command to datanode 52be5aae-b0d8-4d04-b923-225165c5914d
2021-10-10 13:47:48,768 [EventQueue-DeadNodeForDeadNodeHandler] INFO  pipeline.PipelineStateManagerImpl (PipelineStateManagerImpl.java:removePipeline(211)) - Pipeline Pipeline[ Id: 26850a3e-1446-45ef-b118-c5d91a017fde, Nodes: 52be5aae-b0d8-4d04-b923-225165c5914d{ip: 10.1.0.17, host: fv-az291-460.wgnan5asplgejimfprtllbpdch.jx.internal.cloudapp.net, ports: [REPLICATION=34769, RATIS=37435, RATIS_ADMIN=37435, RATIS_SERVER=37435, STANDALONE=40505], networkLocation: /default-rack, certSerialId: null, persistedOpState: IN_SERVICE, persistedOpStateExpiryEpochSec: 0}, ReplicationConfig: RATIS/ONE, State:CLOSED, leaderId:52be5aae-b0d8-4d04-b923-225165c5914d, CreationTimestamp2021-10-10T13:46:16.375Z[Etc/UTC]] removed.
2021-10-10 13:47:48,768 [EventQueue-DeadNodeForDeadNodeHandler] INFO  net.NetworkTopologyImpl (NetworkTopologyImpl.java:remove(137)) - Removed a node: /default-rack/52be5aae-b0d8-4d04-b923-225165c5914d
2021-10-10 13:47:48,868 [EventQueue-DeadNodeForDeadNodeHandler] INFO  node.DeadNodeHandler (DeadNodeHandler.java:onMessage(80)) - A dead datanode is detected. f0a8fd88-2511-4bc8-952c-803d3ca6483c{ip: 10.1.0.17, host: fv-az291-460.wgnan5asplgejimfprtllbpdch.jx.internal.cloudapp.net, ports: [REPLICATION=36125, RATIS=45269, RATIS_ADMIN=45269, RATIS_SERVER=45269, STANDALONE=37921], networkLocation: /default-rack, certSerialId: null, persistedOpState: IN_SERVICE, persistedOpStateExpiryEpochSec: 0}
2021-10-10 13:47:48,868 [EventQueue-DeadNodeForDeadNodeHandler] INFO  pipeline.RatisPipelineProvider (RatisPipelineProvider.java:lambda$close$1(222)) - Send pipeline:PipelineID=47a5560d-0a0b-4d14-a737-285b845cfb90 close command to datanode f0a8fd88-2511-4bc8-952c-803d3ca6483c
2021-10-10 13:47:48,868 [EventQueue-DeadNodeForDeadNodeHandler] INFO  pipeline.PipelineStateManagerImpl (PipelineStateManagerImpl.java:removePipeline(211)) - Pipeline Pipeline[ Id: 47a5560d-0a0b-4d14-a737-285b845cfb90, Nodes: f0a8fd88-2511-4bc8-952c-803d3ca6483c{ip: 10.1.0.17, host: fv-az291-460.wgnan5asplgejimfprtllbpdch.jx.internal.cloudapp.net, ports: [REPLICATION=36125, RATIS=45269, RATIS_ADMIN=45269, RATIS_SERVER=45269, STANDALONE=37921], networkLocation: /default-rack, certSerialId: null, persistedOpState: IN_SERVICE, persistedOpStateExpiryEpochSec: 0}, ReplicationConfig: RATIS/ONE, State:CLOSED, leaderId:f0a8fd88-2511-4bc8-952c-803d3ca6483c, CreationTimestamp2021-10-10T13:46:15.519Z[Etc/UTC]] removed.
2021-10-10 13:47:48,868 [EventQueue-DeadNodeForDeadNodeHandler] INFO  net.NetworkTopologyImpl (NetworkTopologyImpl.java:remove(137)) - Removed a node: /default-rack/f0a8fd88-2511-4bc8-952c-803d3ca6483c
2021-10-10 13:47:50,645 [Listener at 127.0.0.1/44821] INFO  ozoneimpl.OzoneContainer (OzoneContainer.java:stop(325)) - Attempting to stop container services.
2021-10-10 13:47:50,646 [Listener at 127.0.0.1/44821] INFO  server.RaftServer (RaftServerProxy.java:lambda$close$6(391)) - 2432123a-b439-42d5-83b4-1981f0fa2384: close
2021-10-10 13:47:50,646 [Listener at 127.0.0.1/44821] INFO  server.RaftServer$Division (RaftServerImpl.java:lambda$close$4(407)) - 2432123a-b439-42d5-83b4-1981f0fa2384@group-2C5645E41BD7: shutdown
2021-10-10 13:47:50,646 [Listener at 127.0.0.1/44821] INFO  util.JmxRegister (JmxRegister.java:unregister(73)) - Successfully un-registered JMX Bean with object name Ratis:service=RaftServer,group=group-2C5645E41BD7,id=2432123a-b439-42d5-83b4-1981f0fa2384
2021-10-10 13:47:50,646 [Listener at 127.0.0.1/44821] INFO  impl.RoleInfo (RoleInfo.java:shutdownLeaderState(91)) - 2432123a-b439-42d5-83b4-1981f0fa2384: shutdown 2432123a-b439-42d5-83b4-1981f0fa2384@group-2C5645E41BD7-LeaderStateImpl
2021-10-10 13:47:50,647 [Listener at 127.0.0.1/44821] INFO  impl.PendingRequests (PendingRequests.java:sendNotLeaderResponses(282)) - 2432123a-b439-42d5-83b4-1981f0fa2384@group-2C5645E41BD7-PendingRequests: sendNotLeaderResponses
2021-10-10 13:47:50,648 [2432123a-b439-42d5-83b4-1981f0fa2384@group-2C5645E41BD7-StateMachineUpdater] INFO  ratis.ContainerStateMachine (ContainerStateMachine.java:takeSnapshot(292)) - group-2C5645E41BD7: Taking a snapshot at:(t:1, i:0) file /home/runner/work/ozone/ozone/hadoop-ozone/integration-test/target/test-dir/MiniOzoneClusterImpl-0f145d0e-b24d-4882-976e-a7baa8a64dfe/datanode-5/data/ratis/aad80fe2-f9ff-445d-961c-2c5645e41bd7/sm/snapshot.1_0
2021-10-10 13:47:50,648 [Listener at 127.0.0.1/44821] INFO  impl.StateMachineUpdater (StateMachineUpdater.java:stopAndJoin(149)) - 2432123a-b439-42d5-83b4-1981f0fa2384@group-2C5645E41BD7-StateMachineUpdater: set stopIndex = 0
2021-10-10 13:47:50,650 [2432123a-b439-42d5-83b4-1981f0fa2384@group-2C5645E41BD7-StateMachineUpdater] INFO  ratis.ContainerStateMachine (ContainerStateMachine.java:takeSnapshot(303)) - group-2C5645E41BD7: Finished taking a snapshot at:(t:1, i:0) file:/home/runner/work/ozone/ozone/hadoop-ozone/integration-test/target/test-dir/MiniOzoneClusterImpl-0f145d0e-b24d-4882-976e-a7baa8a64dfe/datanode-5/data/ratis/aad80fe2-f9ff-445d-961c-2c5645e41bd7/sm/snapshot.1_0 took: 3 ms
2021-10-10 13:47:50,650 [2432123a-b439-42d5-83b4-1981f0fa2384@group-2C5645E41BD7-StateMachineUpdater] INFO  impl.StateMachineUpdater (StateMachineUpdater.java:takeSnapshot(281)) - 2432123a-b439-42d5-83b4-1981f0fa2384@group-2C5645E41BD7-StateMachineUpdater: Took a snapshot at index 0
2021-10-10 13:47:50,651 [2432123a-b439-42d5-83b4-1981f0fa2384@group-2C5645E41BD7-StateMachineUpdater] INFO  impl.StateMachineUpdater (StateMachineUpdater.java:lambda$new$0(89)) - 2432123a-b439-42d5-83b4-1981f0fa2384@group-2C5645E41BD7-StateMachineUpdater: snapshotIndex: updateIncreasingly -1 -> 0
2021-10-10 13:47:50,651 [Listener at 127.0.0.1/44821] INFO  server.RaftServer$Division (ServerState.java:close(419)) - 2432123a-b439-42d5-83b4-1981f0fa2384@group-2C5645E41BD7: closes. applyIndex: 0
2021-10-10 13:47:50,652 [2432123a-b439-42d5-83b4-1981f0fa2384@group-2C5645E41BD7-SegmentedRaftLogWorker] INFO  segmented.SegmentedRaftLogWorker (SegmentedRaftLogWorker.java:run(327)) - 2432123a-b439-42d5-83b4-1981f0fa2384@group-2C5645E41BD7-SegmentedRaftLogWorker was interrupted, exiting. There are 0 tasks remaining in the queue.
2021-10-10 13:47:50,653 [Listener at 127.0.0.1/44821] INFO  segmented.SegmentedRaftLogWorker (SegmentedRaftLogWorker.java:close(237)) - 2432123a-b439-42d5-83b4-1981f0fa2384@group-2C5645E41BD7-SegmentedRaftLogWorker close()
2021-10-10 13:47:50,654 [Listener at 127.0.0.1/44821] INFO  server.RaftServer$Division (RaftServerImpl.java:lambda$close$4(407)) - 2432123a-b439-42d5-83b4-1981f0fa2384@group-644A06A5DE74: shutdown
2021-10-10 13:47:50,654 [Listener at 127.0.0.1/44821] INFO  util.JmxRegister (JmxRegister.java:unregister(73)) - Successfully un-registered JMX Bean with object name Ratis:service=RaftServer,group=group-644A06A5DE74,id=2432123a-b439-42d5-83b4-1981f0fa2384
2021-10-10 13:47:50,654 [Listener at 127.0.0.1/44821] INFO  impl.RoleInfo (RoleInfo.java:shutdownFollowerState(108)) - 2432123a-b439-42d5-83b4-1981f0fa2384: shutdown 2432123a-b439-42d5-83b4-1981f0fa2384@group-644A06A5DE74-FollowerState
2021-10-10 13:47:50,654 [2432123a-b439-42d5-83b4-1981f0fa2384@group-644A06A5DE74-FollowerState] INFO  impl.FollowerState (FollowerState.java:run(143)) - 2432123a-b439-42d5-83b4-1981f0fa2384@group-644A06A5DE74-FollowerState was interrupted: {}
java.lang.InterruptedException: sleep interrupted
	at java.lang.Thread.sleep(Native Method)
	at java.lang.Thread.sleep(Thread.java:340)
	at java.util.concurrent.TimeUnit.sleep(TimeUnit.java:386)
	at org.apache.ratis.util.TimeDuration.sleep(TimeDuration.java:324)
	at org.apache.ratis.util.TimeDuration.sleep(TimeDuration.java:309)
	at org.apache.ratis.server.impl.FollowerState.run(FollowerState.java:118)
2021-10-10 13:47:50,676 [Listener at 127.0.0.1/44821] INFO  impl.StateMachineUpdater (StateMachineUpdater.java:stopAndJoin(149)) - 2432123a-b439-42d5-83b4-1981f0fa2384@group-644A06A5DE74-StateMachineUpdater: set stopIndex = 0
2021-10-10 13:47:50,677 [2432123a-b439-42d5-83b4-1981f0fa2384@group-644A06A5DE74-StateMachineUpdater] INFO  ratis.ContainerStateMachine (ContainerStateMachine.java:takeSnapshot(292)) - group-644A06A5DE74: Taking a snapshot at:(t:1, i:0) file /home/runner/work/ozone/ozone/hadoop-ozone/integration-test/target/test-dir/MiniOzoneClusterImpl-0f145d0e-b24d-4882-976e-a7baa8a64dfe/datanode-5/data/ratis/78ffa57c-9e25-44e6-b4ea-644a06a5de74/sm/snapshot.1_0
2021-10-10 13:47:50,679 [2432123a-b439-42d5-83b4-1981f0fa2384@group-644A06A5DE74-StateMachineUpdater] INFO  ratis.ContainerStateMachine (ContainerStateMachine.java:takeSnapshot(303)) - group-644A06A5DE74: Finished taking a snapshot at:(t:1, i:0) file:/home/runner/work/ozone/ozone/hadoop-ozone/integration-test/target/test-dir/MiniOzoneClusterImpl-0f145d0e-b24d-4882-976e-a7baa8a64dfe/datanode-5/data/ratis/78ffa57c-9e25-44e6-b4ea-644a06a5de74/sm/snapshot.1_0 took: 1 ms
2021-10-10 13:47:50,679 [2432123a-b439-42d5-83b4-1981f0fa2384@group-644A06A5DE74-StateMachineUpdater] INFO  impl.StateMachineUpdater (StateMachineUpdater.java:takeSnapshot(281)) - 2432123a-b439-42d5-83b4-1981f0fa2384@group-644A06A5DE74-StateMachineUpdater: Took a snapshot at index 0
2021-10-10 13:47:50,679 [2432123a-b439-42d5-83b4-1981f0fa2384@group-644A06A5DE74-StateMachineUpdater] INFO  impl.StateMachineUpdater (StateMachineUpdater.java:lambda$new$0(89)) - 2432123a-b439-42d5-83b4-1981f0fa2384@group-644A06A5DE74-StateMachineUpdater: snapshotIndex: updateIncreasingly -1 -> 0
2021-10-10 13:47:50,680 [Listener at 127.0.0.1/44821] INFO  server.RaftServer$Division (ServerState.java:close(419)) - 2432123a-b439-42d5-83b4-1981f0fa2384@group-644A06A5DE74: closes. applyIndex: 0
2021-10-10 13:47:50,680 [2432123a-b439-42d5-83b4-1981f0fa2384@group-644A06A5DE74-SegmentedRaftLogWorker] INFO  segmented.SegmentedRaftLogWorker (SegmentedRaftLogWorker.java:run(327)) - 2432123a-b439-42d5-83b4-1981f0fa2384@group-644A06A5DE74-SegmentedRaftLogWorker was interrupted, exiting. There are 0 tasks remaining in the queue.
2021-10-10 13:47:50,681 [Listener at 127.0.0.1/44821] INFO  segmented.SegmentedRaftLogWorker (SegmentedRaftLogWorker.java:close(237)) - 2432123a-b439-42d5-83b4-1981f0fa2384@group-644A06A5DE74-SegmentedRaftLogWorker close()
2021-10-10 13:47:50,682 [Listener at 127.0.0.1/44821] INFO  server.GrpcService (GrpcService.java:closeImpl(262)) - 2432123a-b439-42d5-83b4-1981f0fa2384: shutdown server with port 39429 now
2021-10-10 13:47:50,700 [Listener at 127.0.0.1/44821] INFO  server.GrpcService (GrpcService.java:closeImpl(271)) - 2432123a-b439-42d5-83b4-1981f0fa2384: shutdown server with port 39429 successfully
2021-10-10 13:47:50,700 [org.apache.ratis.util.JvmPauseMonitor$$Lambda$532/897771948@44d93cfe] INFO  util.JvmPauseMonitor (JvmPauseMonitor.java:run(109)) - JvmPauseMonitor-2432123a-b439-42d5-83b4-1981f0fa2384: Stopped
2021-10-10 13:47:50,701 [Listener at 127.0.0.1/44821] INFO  utils.BackgroundService (BackgroundService.java:shutdown(132)) - Shutting down service BlockDeletingService
2021-10-10 13:47:53,702 [Listener at 127.0.0.1/44821] INFO  statemachine.DatanodeStateMachine (DatanodeStateMachine.java:stopDaemon(522)) - Ozone container server stopped.
2021-10-10 13:47:53,703 [Listener at 127.0.0.1/44821] INFO  handler.ContextHandler (ContextHandler.java:doStop(1153)) - Stopped o.e.j.w.WebAppContext@74ceaf28{hddsDatanode,/,null,STOPPED}{jar:file:/home/runner/.m2/repository/org/apache/ozone/hdds-container-service/1.2.0-SNAPSHOT/hdds-container-service-1.2.0-SNAPSHOT.jar!/webapps/hddsDatanode}
2021-10-10 13:47:53,704 [Listener at 127.0.0.1/44821] INFO  server.AbstractConnector (AbstractConnector.java:doStop(381)) - Stopped ServerConnector@6ff3af80{HTTP/1.1, (http/1.1)}{0.0.0.0:0}
2021-10-10 13:47:53,705 [Listener at 127.0.0.1/44821] INFO  server.session (HouseKeeper.java:stopScavenging(149)) - node0 Stopped scavenging
2021-10-10 13:47:53,705 [Listener at 127.0.0.1/44821] INFO  handler.ContextHandler (ContextHandler.java:doStop(1153)) - Stopped o.e.j.s.ServletContextHandler@753eba65{static,/static,jar:file:/home/runner/.m2/repository/org/apache/ozone/hdds-container-service/1.2.0-SNAPSHOT/hdds-container-service-1.2.0-SNAPSHOT.jar!/webapps/static,STOPPED}
2021-10-10 13:47:53,705 [Listener at 127.0.0.1/44821] INFO  handler.ContextHandler (ContextHandler.java:doStop(1153)) - Stopped o.e.j.s.ServletContextHandler@31da3326{logs,/logs,file:///home/runner/work/ozone/ozone/hadoop-ozone/integration-test/target/log,STOPPED}
2021-10-10 13:47:55,185 [EventQueue-StaleNodeForStaleNodeHandler] INFO  node.StaleNodeHandler (StaleNodeHandler.java:onMessage(58)) - Datanode 2432123a-b439-42d5-83b4-1981f0fa2384{ip: 10.1.0.17, host: fv-az291-460.wgnan5asplgejimfprtllbpdch.jx.internal.cloudapp.net, ports: [REPLICATION=45645, RATIS=39429, RATIS_ADMIN=39429, RATIS_SERVER=39429, STANDALONE=45115], networkLocation: /default-rack, certSerialId: null, persistedOpState: IN_SERVICE, persistedOpStateExpiryEpochSec: 0} moved to stale state. Finalizing its pipelines [PipelineID=aad80fe2-f9ff-445d-961c-2c5645e41bd7, PipelineID=78ffa57c-9e25-44e6-b4ea-644a06a5de74]
2021-10-10 13:47:55,186 [EventQueue-StaleNodeForStaleNodeHandler] INFO  pipeline.PipelineManagerImpl (PipelineManagerImpl.java:closePipeline(342)) - Pipeline Pipeline[ Id: aad80fe2-f9ff-445d-961c-2c5645e41bd7, Nodes: 2432123a-b439-42d5-83b4-1981f0fa2384{ip: 10.1.0.17, host: fv-az291-460.wgnan5asplgejimfprtllbpdch.jx.internal.cloudapp.net, ports: [REPLICATION=45645, RATIS=39429, RATIS_ADMIN=39429, RATIS_SERVER=39429, STANDALONE=45115], networkLocation: /default-rack, certSerialId: null, persistedOpState: IN_SERVICE, persistedOpStateExpiryEpochSec: 0}, ReplicationConfig: RATIS/ONE, State:OPEN, leaderId:2432123a-b439-42d5-83b4-1981f0fa2384, CreationTimestamp2021-10-10T13:46:17.370Z[Etc/UTC]] moved to CLOSED state
2021-10-10 13:47:56,489 [EventQueue-DeadNodeForDeadNodeHandler] INFO  node.DeadNodeHandler (DeadNodeHandler.java:onMessage(80)) - A dead datanode is detected. e1b2127a-933c-4bfc-a8fa-edeeb9ccf213{ip: 10.1.0.17, host: fv-az291-460.wgnan5asplgejimfprtllbpdch.jx.internal.cloudapp.net, ports: [REPLICATION=37821, RATIS=33955, RATIS_ADMIN=33955, RATIS_SERVER=33955, STANDALONE=39177], networkLocation: /default-rack, certSerialId: null, persistedOpState: IN_SERVICE, persistedOpStateExpiryEpochSec: 0}
2021-10-10 13:47:56,489 [EventQueue-DeadNodeForDeadNodeHandler] INFO  pipeline.RatisPipelineProvider (RatisPipelineProvider.java:lambda$close$1(222)) - Send pipeline:PipelineID=78ffa57c-9e25-44e6-b4ea-644a06a5de74 close command to datanode e1b2127a-933c-4bfc-a8fa-edeeb9ccf213
2021-10-10 13:47:56,489 [EventQueue-DeadNodeForDeadNodeHandler] INFO  pipeline.RatisPipelineProvider (RatisPipelineProvider.java:lambda$close$1(222)) - Send pipeline:PipelineID=78ffa57c-9e25-44e6-b4ea-644a06a5de74 close command to datanode 2432123a-b439-42d5-83b4-1981f0fa2384
2021-10-10 13:47:56,489 [EventQueue-DeadNodeForDeadNodeHandler] INFO  pipeline.RatisPipelineProvider (RatisPipelineProvider.java:lambda$close$1(222)) - Send pipeline:PipelineID=78ffa57c-9e25-44e6-b4ea-644a06a5de74 close command to datanode 1d4e4b2f-e6a0-4223-b62b-246b29415176
2021-10-10 13:47:56,490 [EventQueue-DeadNodeForDeadNodeHandler] INFO  pipeline.PipelineStateManagerImpl (PipelineStateManagerImpl.java:removePipeline(211)) - Pipeline Pipeline[ Id: 78ffa57c-9e25-44e6-b4ea-644a06a5de74, Nodes: e1b2127a-933c-4bfc-a8fa-edeeb9ccf213{ip: 10.1.0.17, host: fv-az291-460.wgnan5asplgejimfprtllbpdch.jx.internal.cloudapp.net, ports: [REPLICATION=37821, RATIS=33955, RATIS_ADMIN=33955, RATIS_SERVER=33955, STANDALONE=39177], networkLocation: /default-rack, certSerialId: null, persistedOpState: IN_SERVICE, persistedOpStateExpiryEpochSec: 0}2432123a-b439-42d5-83b4-1981f0fa2384{ip: 10.1.0.17, host: fv-az291-460.wgnan5asplgejimfprtllbpdch.jx.internal.cloudapp.net, ports: [REPLICATION=45645, RATIS=39429, RATIS_ADMIN=39429, RATIS_SERVER=39429, STANDALONE=45115], networkLocation: /default-rack, certSerialId: null, persistedOpState: IN_SERVICE, persistedOpStateExpiryEpochSec: 0}1d4e4b2f-e6a0-4223-b62b-246b29415176{ip: 10.1.0.17, host: fv-az291-460.wgnan5asplgejimfprtllbpdch.jx.internal.cloudapp.net, ports: [REPLICATION=42583, RATIS=44219, RATIS_ADMIN=44219, RATIS_SERVER=44219, STANDALONE=40233], networkLocation: /default-rack, certSerialId: null, persistedOpState: IN_SERVICE, persistedOpStateExpiryEpochSec: 0}, ReplicationConfig: RATIS/THREE, State:CLOSED, leaderId:e1b2127a-933c-4bfc-a8fa-edeeb9ccf213, CreationTimestamp2021-10-10T13:47:19.696Z[Etc/UTC]] removed.
2021-10-10 13:47:56,490 [EventQueue-DeadNodeForDeadNodeHandler] INFO  pipeline.RatisPipelineProvider (RatisPipelineProvider.java:lambda$close$1(222)) - Send pipeline:PipelineID=58ffe2e3-53bb-466b-9d55-f1a31a7042a1 close command to datanode e1b2127a-933c-4bfc-a8fa-edeeb9ccf213
2021-10-10 13:47:56,490 [EventQueue-DeadNodeForDeadNodeHandler] INFO  pipeline.PipelineStateManagerImpl (PipelineStateManagerImpl.java:removePipeline(211)) - Pipeline Pipeline[ Id: 58ffe2e3-53bb-466b-9d55-f1a31a7042a1, Nodes: e1b2127a-933c-4bfc-a8fa-edeeb9ccf213{ip: 10.1.0.17, host: fv-az291-460.wgnan5asplgejimfprtllbpdch.jx.internal.cloudapp.net, ports: [REPLICATION=37821, RATIS=33955, RATIS_ADMIN=33955, RATIS_SERVER=33955, STANDALONE=39177], networkLocation: /default-rack, certSerialId: null, persistedOpState: IN_SERVICE, persistedOpStateExpiryEpochSec: 0}, ReplicationConfig: RATIS/ONE, State:CLOSED, leaderId:e1b2127a-933c-4bfc-a8fa-edeeb9ccf213, CreationTimestamp2021-10-10T13:46:17.750Z[Etc/UTC]] removed.
2021-10-10 13:47:56,490 [EventQueue-DeadNodeForDeadNodeHandler] INFO  net.NetworkTopologyImpl (NetworkTopologyImpl.java:remove(137)) - Removed a node: /default-rack/e1b2127a-933c-4bfc-a8fa-edeeb9ccf213
2021-10-10 13:47:56,589 [EventQueue-DeadNodeForDeadNodeHandler] INFO  node.DeadNodeHandler (DeadNodeHandler.java:onMessage(80)) - A dead datanode is detected. 1d4e4b2f-e6a0-4223-b62b-246b29415176{ip: 10.1.0.17, host: fv-az291-460.wgnan5asplgejimfprtllbpdch.jx.internal.cloudapp.net, ports: [REPLICATION=42583, RATIS=44219, RATIS_ADMIN=44219, RATIS_SERVER=44219, STANDALONE=40233], networkLocation: /default-rack, certSerialId: null, persistedOpState: IN_SERVICE, persistedOpStateExpiryEpochSec: 0}
2021-10-10 13:47:56,589 [EventQueue-DeadNodeForDeadNodeHandler] INFO  pipeline.RatisPipelineProvider (RatisPipelineProvider.java:lambda$close$1(222)) - Send pipeline:PipelineID=2bb0ad25-7e9d-4919-9f0c-f44c8908778d close command to datanode 1d4e4b2f-e6a0-4223-b62b-246b29415176
2021-10-10 13:47:56,590 [EventQueue-DeadNodeForDeadNodeHandler] INFO  pipeline.PipelineStateManagerImpl (PipelineStateManagerImpl.java:removePipeline(211)) - Pipeline Pipeline[ Id: 2bb0ad25-7e9d-4919-9f0c-f44c8908778d, Nodes: 1d4e4b2f-e6a0-4223-b62b-246b29415176{ip: 10.1.0.17, host: fv-az291-460.wgnan5asplgejimfprtllbpdch.jx.internal.cloudapp.net, ports: [REPLICATION=42583, RATIS=44219, RATIS_ADMIN=44219, RATIS_SERVER=44219, STANDALONE=40233], networkLocation: /default-rack, certSerialId: null, persistedOpState: IN_SERVICE, persistedOpStateExpiryEpochSec: 0}, ReplicationConfig: RATIS/ONE, State:CLOSED, leaderId:1d4e4b2f-e6a0-4223-b62b-246b29415176, CreationTimestamp2021-10-10T13:46:16.733Z[Etc/UTC]] removed.
2021-10-10 13:47:56,590 [EventQueue-DeadNodeForDeadNodeHandler] INFO  net.NetworkTopologyImpl (NetworkTopologyImpl.java:remove(137)) - Removed a node: /default-rack/1d4e4b2f-e6a0-4223-b62b-246b29415176
2021-10-10 13:48:05,224 [EventQueue-DeadNodeForDeadNodeHandler] INFO  node.DeadNodeHandler (DeadNodeHandler.java:onMessage(80)) - A dead datanode is detected. 2432123a-b439-42d5-83b4-1981f0fa2384{ip: 10.1.0.17, host: fv-az291-460.wgnan5asplgejimfprtllbpdch.jx.internal.cloudapp.net, ports: [REPLICATION=45645, RATIS=39429, RATIS_ADMIN=39429, RATIS_SERVER=39429, STANDALONE=45115], networkLocation: /default-rack, certSerialId: null, persistedOpState: IN_SERVICE, persistedOpStateExpiryEpochSec: 0}
2021-10-10 13:48:05,225 [EventQueue-DeadNodeForDeadNodeHandler] INFO  pipeline.RatisPipelineProvider (RatisPipelineProvider.java:lambda$close$1(222)) - Send pipeline:PipelineID=aad80fe2-f9ff-445d-961c-2c5645e41bd7 close command to datanode 2432123a-b439-42d5-83b4-1981f0fa2384
2021-10-10 13:48:05,228 [EventQueue-DeadNodeForDeadNodeHandler] INFO  pipeline.PipelineStateManagerImpl (PipelineStateManagerImpl.java:removePipeline(211)) - Pipeline Pipeline[ Id: aad80fe2-f9ff-445d-961c-2c5645e41bd7, Nodes: 2432123a-b439-42d5-83b4-1981f0fa2384{ip: 10.1.0.17, host: fv-az291-460.wgnan5asplgejimfprtllbpdch.jx.internal.cloudapp.net, ports: [REPLICATION=45645, RATIS=39429, RATIS_ADMIN=39429, RATIS_SERVER=39429, STANDALONE=45115], networkLocation: /default-rack, certSerialId: null, persistedOpState: IN_SERVICE, persistedOpStateExpiryEpochSec: 0}, ReplicationConfig: RATIS/ONE, State:CLOSED, leaderId:2432123a-b439-42d5-83b4-1981f0fa2384, CreationTimestamp2021-10-10T13:46:17.370Z[Etc/UTC]] removed.
2021-10-10 13:48:05,228 [EventQueue-DeadNodeForDeadNodeHandler] INFO  net.NetworkTopologyImpl (NetworkTopologyImpl.java:remove(137)) - Removed a node: /default-rack/2432123a-b439-42d5-83b4-1981f0fa2384
2021-10-10 13:49:19,698 [RatisPipelineUtilsThread - 0] ERROR scm.SCMCommonPlacementPolicy (SCMCommonPlacementPolicy.java:filterNodesWithSpace(171)) - Unable to find enough nodes that meet the space requirement of 1073741824 bytes for metadata and 5368709120 bytes for data in healthy node set. Required 3. Found 0.
]]></system-out>
    <system-err><![CDATA[Oct 10, 2021 1:46:18 PM org.apache.ratis.thirdparty.io.grpc.internal.ManagedChannelOrphanWrapper$ManagedChannelReference cleanQueue
SEVERE: *~*~*~ Channel ManagedChannelImpl{logId=508, target=10.1.0.17:35185} was not shutdown properly!!! ~*~*~*
    Make sure to call shutdown()/shutdownNow() and wait until awaitTermination() returns true.
java.lang.RuntimeException: ManagedChannel allocation site
	at org.apache.ratis.thirdparty.io.grpc.internal.ManagedChannelOrphanWrapper$ManagedChannelReference.<init>(ManagedChannelOrphanWrapper.java:93)
	at org.apache.ratis.thirdparty.io.grpc.internal.ManagedChannelOrphanWrapper.<init>(ManagedChannelOrphanWrapper.java:53)
	at org.apache.ratis.thirdparty.io.grpc.internal.ManagedChannelOrphanWrapper.<init>(ManagedChannelOrphanWrapper.java:44)
	at org.apache.ratis.thirdparty.io.grpc.internal.ManagedChannelImplBuilder.build(ManagedChannelImplBuilder.java:596)
	at org.apache.ratis.thirdparty.io.grpc.ForwardingChannelBuilder.build(ForwardingChannelBuilder.java:255)
	at org.apache.hadoop.hdds.scm.XceiverClientGrpc.connectToDatanode(XceiverClientGrpc.java:193)
	at org.apache.hadoop.hdds.scm.XceiverClientGrpc.connect(XceiverClientGrpc.java:142)
	at org.apache.hadoop.hdds.scm.XceiverClientManager$2.call(XceiverClientManager.java:237)
	at org.apache.hadoop.hdds.scm.XceiverClientManager$2.call(XceiverClientManager.java:221)
	at com.google.common.cache.LocalCache$LocalManualCache$1.load(LocalCache.java:4864)
	at com.google.common.cache.LocalCache$LoadingValueReference.loadFuture(LocalCache.java:3529)
	at com.google.common.cache.LocalCache$Segment.loadSync(LocalCache.java:2278)
	at com.google.common.cache.LocalCache$Segment.lockedGetOrLoad(LocalCache.java:2155)
	at com.google.common.cache.LocalCache$Segment.get(LocalCache.java:2045)
	at com.google.common.cache.LocalCache.get(LocalCache.java:3962)
	at com.google.common.cache.LocalCache$LocalManualCache.get(LocalCache.java:4859)
	at org.apache.hadoop.hdds.scm.XceiverClientManager.getClient(XceiverClientManager.java:221)
	at org.apache.hadoop.hdds.scm.XceiverClientManager.acquireClient(XceiverClientManager.java:165)
	at org.apache.hadoop.hdds.scm.XceiverClientManager.acquireClientForReadData(XceiverClientManager.java:154)
	at org.apache.hadoop.hdds.scm.storage.BlockInputStream.acquireClient(BlockInputStream.java:235)
	at org.apache.hadoop.hdds.scm.storage.BlockInputStream.getChunkInfos(BlockInputStream.java:209)
	at org.apache.hadoop.hdds.scm.storage.BlockInputStream.initialize(BlockInputStream.java:147)
	at org.apache.hadoop.hdds.scm.storage.BlockInputStream.readWithStrategy(BlockInputStream.java:294)
	at org.apache.hadoop.hdds.scm.storage.BlockInputStream.read(BlockInputStream.java:277)
	at org.apache.hadoop.hdds.scm.storage.ByteArrayReader.readFromBlock(ByteArrayReader.java:57)
	at org.apache.hadoop.ozone.client.io.KeyInputStream.readWithStrategy(KeyInputStream.java:262)
	at org.apache.hadoop.ozone.client.io.KeyInputStream.read(KeyInputStream.java:230)
	at org.apache.hadoop.ozone.client.io.OzoneInputStream.read(OzoneInputStream.java:55)
	at java.io.InputStream.read(InputStream.java:101)
	at org.apache.hadoop.ozone.container.TestHelper.validateData(TestHelper.java:146)
	at org.apache.hadoop.ozone.client.rpc.TestBlockOutputStreamWithFailures.validateData(TestBlockOutputStreamWithFailures.java:874)
	at org.apache.hadoop.ozone.client.rpc.TestBlockOutputStreamWithFailures.testDatanodeFailureWithPreAllocation(TestBlockOutputStreamWithFailures.java:857)
	at sun.reflect.NativeMethodAccessorImpl.invoke0(Native Method)
	at sun.reflect.NativeMethodAccessorImpl.invoke(NativeMethodAccessorImpl.java:62)
	at sun.reflect.DelegatingMethodAccessorImpl.invoke(DelegatingMethodAccessorImpl.java:43)
	at java.lang.reflect.Method.invoke(Method.java:498)
	at org.junit.runners.model.FrameworkMethod$1.runReflectiveCall(FrameworkMethod.java:59)
	at org.junit.internal.runners.model.ReflectiveCallable.run(ReflectiveCallable.java:12)
	at org.junit.runners.model.FrameworkMethod.invokeExplosively(FrameworkMethod.java:56)
	at org.junit.internal.runners.statements.InvokeMethod.evaluate(InvokeMethod.java:17)
	at org.junit.internal.runners.statements.RunBefores.evaluate(RunBefores.java:26)
	at org.junit.internal.runners.statements.RunAfters.evaluate(RunAfters.java:27)
	at org.junit.internal.runners.statements.FailOnTimeout$CallableStatement.call(FailOnTimeout.java:288)
	at org.junit.internal.runners.statements.FailOnTimeout$CallableStatement.call(FailOnTimeout.java:282)
	at java.util.concurrent.FutureTask.run(FutureTask.java:266)
	at java.lang.Thread.run(Thread.java:748)

Oct 10, 2021 1:46:18 PM org.apache.ratis.thirdparty.io.grpc.internal.ManagedChannelOrphanWrapper$ManagedChannelReference cleanQueue
SEVERE: *~*~*~ Channel ManagedChannelImpl{logId=198, target=10.1.0.17:43943} was not shutdown properly!!! ~*~*~*
    Make sure to call shutdown()/shutdownNow() and wait until awaitTermination() returns true.
java.lang.RuntimeException: ManagedChannel allocation site
	at org.apache.ratis.thirdparty.io.grpc.internal.ManagedChannelOrphanWrapper$ManagedChannelReference.<init>(ManagedChannelOrphanWrapper.java:93)
	at org.apache.ratis.thirdparty.io.grpc.internal.ManagedChannelOrphanWrapper.<init>(ManagedChannelOrphanWrapper.java:53)
	at org.apache.ratis.thirdparty.io.grpc.internal.ManagedChannelOrphanWrapper.<init>(ManagedChannelOrphanWrapper.java:44)
	at org.apache.ratis.thirdparty.io.grpc.internal.ManagedChannelImplBuilder.build(ManagedChannelImplBuilder.java:596)
	at org.apache.ratis.thirdparty.io.grpc.ForwardingChannelBuilder.build(ForwardingChannelBuilder.java:255)
	at org.apache.ratis.grpc.client.GrpcClientProtocolClient.buildChannel(GrpcClientProtocolClient.java:159)
	at org.apache.ratis.grpc.client.GrpcClientProtocolClient.<init>(GrpcClientProtocolClient.java:111)
	at org.apache.ratis.grpc.client.GrpcClientRpc.lambda$new$0(GrpcClientRpc.java:57)
	at org.apache.ratis.util.PeerProxyMap$PeerAndProxy.lambda$getProxy$0(PeerProxyMap.java:63)
	at org.apache.ratis.util.LifeCycle.startAndTransition(LifeCycle.java:270)
	at org.apache.ratis.util.PeerProxyMap$PeerAndProxy.getProxy(PeerProxyMap.java:62)
	at org.apache.ratis.util.PeerProxyMap.getProxy(PeerProxyMap.java:114)
	at org.apache.ratis.grpc.client.GrpcClientRpc.sendRequestAsync(GrpcClientRpc.java:67)
	at org.apache.ratis.client.impl.OrderedAsync.sendRequest(OrderedAsync.java:235)
	at org.apache.ratis.client.impl.OrderedAsync.sendRequestWithRetry(OrderedAsync.java:189)
	at org.apache.ratis.util.SlidingWindow$Client.sendOrDelayRequest(SlidingWindow.java:280)
	at org.apache.ratis.util.SlidingWindow$Client.submitNewRequest(SlidingWindow.java:259)
	at org.apache.ratis.client.impl.OrderedAsync.send(OrderedAsync.java:170)
	at org.apache.ratis.client.impl.OrderedAsync.newInstance(OrderedAsync.java:118)
	at org.apache.ratis.client.impl.RaftClientImpl.lambda$new$0(RaftClientImpl.java:148)
	at org.apache.ratis.util.MemoizedSupplier.get(MemoizedSupplier.java:62)
	at org.apache.ratis.client.impl.RaftClientImpl.getOrderedAsync(RaftClientImpl.java:201)
	at org.apache.ratis.client.impl.AsyncImpl.send(AsyncImpl.java:41)
	at org.apache.ratis.client.impl.AsyncImpl.send(AsyncImpl.java:46)
	at org.apache.hadoop.hdds.scm.XceiverClientRatis.lambda$sendRequestAsync$3(XceiverClientRatis.java:225)
	at org.apache.hadoop.hdds.tracing.TracingUtil.executeInNewSpan(TracingUtil.java:159)
	at org.apache.hadoop.hdds.scm.XceiverClientRatis.sendRequestAsync(XceiverClientRatis.java:210)
	at org.apache.hadoop.hdds.scm.XceiverClientRatis.sendCommandAsync(XceiverClientRatis.java:306)
	at org.apache.hadoop.hdds.scm.storage.ContainerProtocolCalls.writeChunkAsync(ContainerProtocolCalls.java:305)
	at org.apache.hadoop.hdds.scm.storage.BlockOutputStream.writeChunkToContainer(BlockOutputStream.java:658)
	at org.apache.hadoop.hdds.scm.storage.BlockOutputStream.writeChunk(BlockOutputStream.java:502)
	at org.apache.hadoop.hdds.scm.storage.BlockOutputStream.writeOnRetry(BlockOutputStream.java:306)
	at org.apache.hadoop.ozone.client.io.BlockOutputStreamEntry.writeOnRetry(BlockOutputStreamEntry.java:123)
	at org.apache.hadoop.ozone.client.io.KeyOutputStream.writeToOutputStream(KeyOutputStream.java:253)
	at org.apache.hadoop.ozone.client.io.KeyOutputStream.handleWrite(KeyOutputStream.java:233)
	at org.apache.hadoop.ozone.client.io.KeyOutputStream.handleRetry(KeyOutputStream.java:415)
	at org.apache.hadoop.ozone.client.io.KeyOutputStream.handleException(KeyOutputStream.java:360)
	at org.apache.hadoop.ozone.client.io.KeyOutputStream.handleFlushOrClose(KeyOutputStream.java:471)
	at org.apache.hadoop.ozone.client.io.KeyOutputStream.handleWrite(KeyOutputStream.java:237)
	at org.apache.hadoop.ozone.client.io.KeyOutputStream.write(KeyOutputStream.java:213)
	at org.apache.hadoop.ozone.client.io.OzoneOutputStream.write(OzoneOutputStream.java:50)
	at java.io.OutputStream.write(OutputStream.java:75)
	at org.apache.hadoop.ozone.client.rpc.TestBlockOutputStreamWithFailures.test2DatanodesFailure(TestBlockOutputStreamWithFailures.java:414)
	at sun.reflect.NativeMethodAccessorImpl.invoke0(Native Method)
	at sun.reflect.NativeMethodAccessorImpl.invoke(NativeMethodAccessorImpl.java:62)
	at sun.reflect.DelegatingMethodAccessorImpl.invoke(DelegatingMethodAccessorImpl.java:43)
	at java.lang.reflect.Method.invoke(Method.java:498)
	at org.junit.runners.model.FrameworkMethod$1.runReflectiveCall(FrameworkMethod.java:59)
	at org.junit.internal.runners.model.ReflectiveCallable.run(ReflectiveCallable.java:12)
	at org.junit.runners.model.FrameworkMethod.invokeExplosively(FrameworkMethod.java:56)
	at org.junit.internal.runners.statements.InvokeMethod.evaluate(InvokeMethod.java:17)
	at org.junit.internal.runners.statements.RunBefores.evaluate(RunBefores.java:26)
	at org.junit.internal.runners.statements.RunAfters.evaluate(RunAfters.java:27)
	at org.junit.internal.runners.statements.FailOnTimeout$CallableStatement.call(FailOnTimeout.java:288)
	at org.junit.internal.runners.statements.FailOnTimeout$CallableStatement.call(FailOnTimeout.java:282)
	at java.util.concurrent.FutureTask.run(FutureTask.java:266)
	at java.lang.Thread.run(Thread.java:748)

Oct 10, 2021 1:46:18 PM org.apache.ratis.thirdparty.io.grpc.internal.ManagedChannelOrphanWrapper$ManagedChannelReference cleanQueue
SEVERE: *~*~*~ Channel ManagedChannelImpl{logId=483, target=10.1.0.17:39607} was not shutdown properly!!! ~*~*~*
    Make sure to call shutdown()/shutdownNow() and wait until awaitTermination() returns true.
java.lang.RuntimeException: ManagedChannel allocation site
	at org.apache.ratis.thirdparty.io.grpc.internal.ManagedChannelOrphanWrapper$ManagedChannelReference.<init>(ManagedChannelOrphanWrapper.java:93)
	at org.apache.ratis.thirdparty.io.grpc.internal.ManagedChannelOrphanWrapper.<init>(ManagedChannelOrphanWrapper.java:53)
	at org.apache.ratis.thirdparty.io.grpc.internal.ManagedChannelOrphanWrapper.<init>(ManagedChannelOrphanWrapper.java:44)
	at org.apache.ratis.thirdparty.io.grpc.internal.ManagedChannelImplBuilder.build(ManagedChannelImplBuilder.java:596)
	at org.apache.ratis.thirdparty.io.grpc.ForwardingChannelBuilder.build(ForwardingChannelBuilder.java:255)
	at org.apache.ratis.grpc.client.GrpcClientProtocolClient.buildChannel(GrpcClientProtocolClient.java:159)
	at org.apache.ratis.grpc.client.GrpcClientProtocolClient.<init>(GrpcClientProtocolClient.java:111)
	at org.apache.ratis.grpc.client.GrpcClientRpc.lambda$new$0(GrpcClientRpc.java:57)
	at org.apache.ratis.util.PeerProxyMap$PeerAndProxy.lambda$getProxy$0(PeerProxyMap.java:63)
	at org.apache.ratis.util.LifeCycle.startAndTransition(LifeCycle.java:270)
	at org.apache.ratis.util.PeerProxyMap$PeerAndProxy.getProxy(PeerProxyMap.java:62)
	at org.apache.ratis.util.PeerProxyMap.getProxy(PeerProxyMap.java:114)
	at org.apache.ratis.grpc.client.GrpcClientRpc.sendRequestAsync(GrpcClientRpc.java:67)
	at org.apache.ratis.client.impl.OrderedAsync.sendRequest(OrderedAsync.java:235)
	at org.apache.ratis.client.impl.OrderedAsync.sendRequestWithRetry(OrderedAsync.java:189)
	at org.apache.ratis.util.SlidingWindow$Client.sendOrDelayRequest(SlidingWindow.java:280)
	at org.apache.ratis.util.SlidingWindow$Client.submitNewRequest(SlidingWindow.java:259)
	at org.apache.ratis.client.impl.OrderedAsync.send(OrderedAsync.java:170)
	at org.apache.ratis.client.impl.OrderedAsync.newInstance(OrderedAsync.java:118)
	at org.apache.ratis.client.impl.RaftClientImpl.lambda$new$0(RaftClientImpl.java:148)
	at org.apache.ratis.util.MemoizedSupplier.get(MemoizedSupplier.java:62)
	at org.apache.ratis.client.impl.RaftClientImpl.getOrderedAsync(RaftClientImpl.java:201)
	at org.apache.ratis.client.impl.AsyncImpl.send(AsyncImpl.java:41)
	at org.apache.ratis.client.impl.AsyncImpl.send(AsyncImpl.java:46)
	at org.apache.hadoop.hdds.scm.XceiverClientRatis.lambda$sendRequestAsync$3(XceiverClientRatis.java:225)
	at org.apache.hadoop.hdds.tracing.TracingUtil.executeInNewSpan(TracingUtil.java:159)
	at org.apache.hadoop.hdds.scm.XceiverClientRatis.sendRequestAsync(XceiverClientRatis.java:210)
	at org.apache.hadoop.hdds.scm.XceiverClientRatis.sendCommandAsync(XceiverClientRatis.java:306)
	at org.apache.hadoop.hdds.scm.storage.ContainerProtocolCalls.writeChunkAsync(ContainerProtocolCalls.java:305)
	at org.apache.hadoop.hdds.scm.storage.BlockOutputStream.writeChunkToContainer(BlockOutputStream.java:658)
	at org.apache.hadoop.hdds.scm.storage.BlockOutputStream.writeChunk(BlockOutputStream.java:502)
	at org.apache.hadoop.hdds.scm.storage.BlockOutputStream.writeOnRetry(BlockOutputStream.java:306)
	at org.apache.hadoop.ozone.client.io.BlockOutputStreamEntry.writeOnRetry(BlockOutputStreamEntry.java:123)
	at org.apache.hadoop.ozone.client.io.KeyOutputStream.writeToOutputStream(KeyOutputStream.java:253)
	at org.apache.hadoop.ozone.client.io.KeyOutputStream.handleWrite(KeyOutputStream.java:233)
	at org.apache.hadoop.ozone.client.io.KeyOutputStream.handleRetry(KeyOutputStream.java:415)
	at org.apache.hadoop.ozone.client.io.KeyOutputStream.handleException(KeyOutputStream.java:360)
	at org.apache.hadoop.ozone.client.io.KeyOutputStream.handleFlushOrClose(KeyOutputStream.java:471)
	at org.apache.hadoop.ozone.client.io.KeyOutputStream.handleWrite(KeyOutputStream.java:237)
	at org.apache.hadoop.ozone.client.io.KeyOutputStream.write(KeyOutputStream.java:213)
	at org.apache.hadoop.ozone.client.io.OzoneOutputStream.write(OzoneOutputStream.java:50)
	at java.io.OutputStream.write(OutputStream.java:75)
	at org.apache.hadoop.ozone.client.rpc.TestBlockOutputStreamWithFailures.testDatanodeFailureWithPreAllocation(TestBlockOutputStreamWithFailures.java:835)
	at sun.reflect.NativeMethodAccessorImpl.invoke0(Native Method)
	at sun.reflect.NativeMethodAccessorImpl.invoke(NativeMethodAccessorImpl.java:62)
	at sun.reflect.DelegatingMethodAccessorImpl.invoke(DelegatingMethodAccessorImpl.java:43)
	at java.lang.reflect.Method.invoke(Method.java:498)
	at org.junit.runners.model.FrameworkMethod$1.runReflectiveCall(FrameworkMethod.java:59)
	at org.junit.internal.runners.model.ReflectiveCallable.run(ReflectiveCallable.java:12)
	at org.junit.runners.model.FrameworkMethod.invokeExplosively(FrameworkMethod.java:56)
	at org.junit.internal.runners.statements.InvokeMethod.evaluate(InvokeMethod.java:17)
	at org.junit.internal.runners.statements.RunBefores.evaluate(RunBefores.java:26)
	at org.junit.internal.runners.statements.RunAfters.evaluate(RunAfters.java:27)
	at org.junit.internal.runners.statements.FailOnTimeout$CallableStatement.call(FailOnTimeout.java:288)
	at org.junit.internal.runners.statements.FailOnTimeout$CallableStatement.call(FailOnTimeout.java:282)
	at java.util.concurrent.FutureTask.run(FutureTask.java:266)
	at java.lang.Thread.run(Thread.java:748)

Oct 10, 2021 1:46:18 PM org.apache.ratis.thirdparty.io.grpc.internal.ManagedChannelOrphanWrapper$ManagedChannelReference cleanQueue
SEVERE: *~*~*~ Channel ManagedChannelImpl{logId=503, target=10.1.0.17:34103} was not shutdown properly!!! ~*~*~*
    Make sure to call shutdown()/shutdownNow() and wait until awaitTermination() returns true.
java.lang.RuntimeException: ManagedChannel allocation site
	at org.apache.ratis.thirdparty.io.grpc.internal.ManagedChannelOrphanWrapper$ManagedChannelReference.<init>(ManagedChannelOrphanWrapper.java:93)
	at org.apache.ratis.thirdparty.io.grpc.internal.ManagedChannelOrphanWrapper.<init>(ManagedChannelOrphanWrapper.java:53)
	at org.apache.ratis.thirdparty.io.grpc.internal.ManagedChannelOrphanWrapper.<init>(ManagedChannelOrphanWrapper.java:44)
	at org.apache.ratis.thirdparty.io.grpc.internal.ManagedChannelImplBuilder.build(ManagedChannelImplBuilder.java:596)
	at org.apache.ratis.thirdparty.io.grpc.ForwardingChannelBuilder.build(ForwardingChannelBuilder.java:255)
	at org.apache.hadoop.hdds.scm.XceiverClientGrpc.connectToDatanode(XceiverClientGrpc.java:193)
	at org.apache.hadoop.hdds.scm.XceiverClientGrpc.connect(XceiverClientGrpc.java:142)
	at org.apache.hadoop.hdds.scm.XceiverClientManager$2.call(XceiverClientManager.java:237)
	at org.apache.hadoop.hdds.scm.XceiverClientManager$2.call(XceiverClientManager.java:221)
	at com.google.common.cache.LocalCache$LocalManualCache$1.load(LocalCache.java:4864)
	at com.google.common.cache.LocalCache$LoadingValueReference.loadFuture(LocalCache.java:3529)
	at com.google.common.cache.LocalCache$Segment.loadSync(LocalCache.java:2278)
	at com.google.common.cache.LocalCache$Segment.lockedGetOrLoad(LocalCache.java:2155)
	at com.google.common.cache.LocalCache$Segment.get(LocalCache.java:2045)
	at com.google.common.cache.LocalCache.get(LocalCache.java:3962)
	at com.google.common.cache.LocalCache$LocalManualCache.get(LocalCache.java:4859)
	at org.apache.hadoop.hdds.scm.XceiverClientManager.getClient(XceiverClientManager.java:221)
	at org.apache.hadoop.hdds.scm.XceiverClientManager.acquireClient(XceiverClientManager.java:165)
	at org.apache.hadoop.hdds.scm.XceiverClientManager.acquireClientForReadData(XceiverClientManager.java:154)
	at org.apache.hadoop.hdds.scm.storage.BlockInputStream.acquireClient(BlockInputStream.java:235)
	at org.apache.hadoop.hdds.scm.storage.BlockInputStream.getChunkInfos(BlockInputStream.java:209)
	at org.apache.hadoop.hdds.scm.storage.BlockInputStream.initialize(BlockInputStream.java:147)
	at org.apache.hadoop.hdds.scm.storage.BlockInputStream.readWithStrategy(BlockInputStream.java:294)
	at org.apache.hadoop.hdds.scm.storage.BlockInputStream.read(BlockInputStream.java:277)
	at org.apache.hadoop.hdds.scm.storage.ByteArrayReader.readFromBlock(ByteArrayReader.java:57)
	at org.apache.hadoop.ozone.client.io.KeyInputStream.readWithStrategy(KeyInputStream.java:262)
	at org.apache.hadoop.ozone.client.io.KeyInputStream.read(KeyInputStream.java:230)
	at org.apache.hadoop.ozone.client.io.OzoneInputStream.read(OzoneInputStream.java:55)
	at java.io.InputStream.read(InputStream.java:101)
	at org.apache.hadoop.ozone.container.TestHelper.validateData(TestHelper.java:146)
	at org.apache.hadoop.ozone.client.rpc.TestBlockOutputStreamWithFailures.validateData(TestBlockOutputStreamWithFailures.java:874)
	at org.apache.hadoop.ozone.client.rpc.TestBlockOutputStreamWithFailures.testDatanodeFailureWithPreAllocation(TestBlockOutputStreamWithFailures.java:857)
	at sun.reflect.NativeMethodAccessorImpl.invoke0(Native Method)
	at sun.reflect.NativeMethodAccessorImpl.invoke(NativeMethodAccessorImpl.java:62)
	at sun.reflect.DelegatingMethodAccessorImpl.invoke(DelegatingMethodAccessorImpl.java:43)
	at java.lang.reflect.Method.invoke(Method.java:498)
	at org.junit.runners.model.FrameworkMethod$1.runReflectiveCall(FrameworkMethod.java:59)
	at org.junit.internal.runners.model.ReflectiveCallable.run(ReflectiveCallable.java:12)
	at org.junit.runners.model.FrameworkMethod.invokeExplosively(FrameworkMethod.java:56)
	at org.junit.internal.runners.statements.InvokeMethod.evaluate(InvokeMethod.java:17)
	at org.junit.internal.runners.statements.RunBefores.evaluate(RunBefores.java:26)
	at org.junit.internal.runners.statements.RunAfters.evaluate(RunAfters.java:27)
	at org.junit.internal.runners.statements.FailOnTimeout$CallableStatement.call(FailOnTimeout.java:288)
	at org.junit.internal.runners.statements.FailOnTimeout$CallableStatement.call(FailOnTimeout.java:282)
	at java.util.concurrent.FutureTask.run(FutureTask.java:266)
	at java.lang.Thread.run(Thread.java:748)

Oct 10, 2021 1:46:18 PM org.apache.ratis.thirdparty.io.grpc.internal.ManagedChannelOrphanWrapper$ManagedChannelReference cleanQueue
SEVERE: *~*~*~ Channel ManagedChannelImpl{logId=207, target=10.1.0.17:33339} was not shutdown properly!!! ~*~*~*
    Make sure to call shutdown()/shutdownNow() and wait until awaitTermination() returns true.
java.lang.RuntimeException: ManagedChannel allocation site
	at org.apache.ratis.thirdparty.io.grpc.internal.ManagedChannelOrphanWrapper$ManagedChannelReference.<init>(ManagedChannelOrphanWrapper.java:93)
	at org.apache.ratis.thirdparty.io.grpc.internal.ManagedChannelOrphanWrapper.<init>(ManagedChannelOrphanWrapper.java:53)
	at org.apache.ratis.thirdparty.io.grpc.internal.ManagedChannelOrphanWrapper.<init>(ManagedChannelOrphanWrapper.java:44)
	at org.apache.ratis.thirdparty.io.grpc.internal.ManagedChannelImplBuilder.build(ManagedChannelImplBuilder.java:596)
	at org.apache.ratis.thirdparty.io.grpc.ForwardingChannelBuilder.build(ForwardingChannelBuilder.java:255)
	at org.apache.hadoop.hdds.scm.XceiverClientGrpc.connectToDatanode(XceiverClientGrpc.java:193)
	at org.apache.hadoop.hdds.scm.XceiverClientGrpc.connect(XceiverClientGrpc.java:142)
	at org.apache.hadoop.hdds.scm.XceiverClientManager$2.call(XceiverClientManager.java:237)
	at org.apache.hadoop.hdds.scm.XceiverClientManager$2.call(XceiverClientManager.java:221)
	at com.google.common.cache.LocalCache$LocalManualCache$1.load(LocalCache.java:4864)
	at com.google.common.cache.LocalCache$LoadingValueReference.loadFuture(LocalCache.java:3529)
	at com.google.common.cache.LocalCache$Segment.loadSync(LocalCache.java:2278)
	at com.google.common.cache.LocalCache$Segment.lockedGetOrLoad(LocalCache.java:2155)
	at com.google.common.cache.LocalCache$Segment.get(LocalCache.java:2045)
	at com.google.common.cache.LocalCache.get(LocalCache.java:3962)
	at com.google.common.cache.LocalCache$LocalManualCache.get(LocalCache.java:4859)
	at org.apache.hadoop.hdds.scm.XceiverClientManager.getClient(XceiverClientManager.java:221)
	at org.apache.hadoop.hdds.scm.XceiverClientManager.acquireClient(XceiverClientManager.java:165)
	at org.apache.hadoop.hdds.scm.XceiverClientManager.acquireClientForReadData(XceiverClientManager.java:154)
	at org.apache.hadoop.hdds.scm.storage.BlockInputStream.acquireClient(BlockInputStream.java:235)
	at org.apache.hadoop.hdds.scm.storage.BlockInputStream.getChunkInfos(BlockInputStream.java:209)
	at org.apache.hadoop.hdds.scm.storage.BlockInputStream.initialize(BlockInputStream.java:147)
	at org.apache.hadoop.hdds.scm.storage.BlockInputStream.readWithStrategy(BlockInputStream.java:294)
	at org.apache.hadoop.hdds.scm.storage.BlockInputStream.read(BlockInputStream.java:277)
	at org.apache.hadoop.hdds.scm.storage.ByteArrayReader.readFromBlock(ByteArrayReader.java:57)
	at org.apache.hadoop.ozone.client.io.KeyInputStream.readWithStrategy(KeyInputStream.java:262)
	at org.apache.hadoop.ozone.client.io.KeyInputStream.read(KeyInputStream.java:230)
	at org.apache.hadoop.ozone.client.io.OzoneInputStream.read(OzoneInputStream.java:55)
	at java.io.InputStream.read(InputStream.java:101)
	at org.apache.hadoop.ozone.container.TestHelper.validateData(TestHelper.java:146)
	at org.apache.hadoop.ozone.client.rpc.TestBlockOutputStreamWithFailures.validateData(TestBlockOutputStreamWithFailures.java:874)
	at org.apache.hadoop.ozone.client.rpc.TestBlockOutputStreamWithFailures.test2DatanodesFailure(TestBlockOutputStreamWithFailures.java:448)
	at sun.reflect.NativeMethodAccessorImpl.invoke0(Native Method)
	at sun.reflect.NativeMethodAccessorImpl.invoke(NativeMethodAccessorImpl.java:62)
	at sun.reflect.DelegatingMethodAccessorImpl.invoke(DelegatingMethodAccessorImpl.java:43)
	at java.lang.reflect.Method.invoke(Method.java:498)
	at org.junit.runners.model.FrameworkMethod$1.runReflectiveCall(FrameworkMethod.java:59)
	at org.junit.internal.runners.model.ReflectiveCallable.run(ReflectiveCallable.java:12)
	at org.junit.runners.model.FrameworkMethod.invokeExplosively(FrameworkMethod.java:56)
	at org.junit.internal.runners.statements.InvokeMethod.evaluate(InvokeMethod.java:17)
	at org.junit.internal.runners.statements.RunBefores.evaluate(RunBefores.java:26)
	at org.junit.internal.runners.statements.RunAfters.evaluate(RunAfters.java:27)
	at org.junit.internal.runners.statements.FailOnTimeout$CallableStatement.call(FailOnTimeout.java:288)
	at org.junit.internal.runners.statements.FailOnTimeout$CallableStatement.call(FailOnTimeout.java:282)
	at java.util.concurrent.FutureTask.run(FutureTask.java:266)
	at java.lang.Thread.run(Thread.java:748)

Oct 10, 2021 1:46:18 PM org.apache.ratis.thirdparty.io.grpc.internal.ManagedChannelOrphanWrapper$ManagedChannelReference cleanQueue
SEVERE: *~*~*~ Channel ManagedChannelImpl{logId=479, target=10.1.0.17:44895} was not shutdown properly!!! ~*~*~*
    Make sure to call shutdown()/shutdownNow() and wait until awaitTermination() returns true.
java.lang.RuntimeException: ManagedChannel allocation site
	at org.apache.ratis.thirdparty.io.grpc.internal.ManagedChannelOrphanWrapper$ManagedChannelReference.<init>(ManagedChannelOrphanWrapper.java:93)
	at org.apache.ratis.thirdparty.io.grpc.internal.ManagedChannelOrphanWrapper.<init>(ManagedChannelOrphanWrapper.java:53)
	at org.apache.ratis.thirdparty.io.grpc.internal.ManagedChannelOrphanWrapper.<init>(ManagedChannelOrphanWrapper.java:44)
	at org.apache.ratis.thirdparty.io.grpc.internal.ManagedChannelImplBuilder.build(ManagedChannelImplBuilder.java:596)
	at org.apache.ratis.thirdparty.io.grpc.ForwardingChannelBuilder.build(ForwardingChannelBuilder.java:255)
	at org.apache.ratis.grpc.client.GrpcClientProtocolClient.buildChannel(GrpcClientProtocolClient.java:159)
	at org.apache.ratis.grpc.client.GrpcClientProtocolClient.<init>(GrpcClientProtocolClient.java:111)
	at org.apache.ratis.grpc.client.GrpcClientRpc.lambda$new$0(GrpcClientRpc.java:57)
	at org.apache.ratis.util.PeerProxyMap$PeerAndProxy.lambda$getProxy$0(PeerProxyMap.java:63)
	at org.apache.ratis.util.LifeCycle.startAndTransition(LifeCycle.java:270)
	at org.apache.ratis.util.PeerProxyMap$PeerAndProxy.getProxy(PeerProxyMap.java:62)
	at org.apache.ratis.util.PeerProxyMap.getProxy(PeerProxyMap.java:114)
	at org.apache.ratis.grpc.client.GrpcClientRpc.sendRequestAsync(GrpcClientRpc.java:67)
	at org.apache.ratis.client.impl.OrderedAsync.sendRequest(OrderedAsync.java:235)
	at org.apache.ratis.client.impl.OrderedAsync.sendRequestWithRetry(OrderedAsync.java:189)
	at org.apache.ratis.util.SlidingWindow$Client.sendOrDelayRequest(SlidingWindow.java:280)
	at org.apache.ratis.util.SlidingWindow$Client.retry(SlidingWindow.java:296)
	at org.apache.ratis.client.impl.OrderedAsync.lambda$scheduleWithTimeout$7(OrderedAsync.java:222)
	at org.apache.ratis.util.TimeoutScheduler.lambda$onTimeout$0(TimeoutScheduler.java:141)
	at org.apache.ratis.util.TimeoutScheduler.lambda$onTimeout$1(TimeoutScheduler.java:155)
	at org.apache.ratis.util.LogUtils.runAndLog(LogUtils.java:38)
	at org.apache.ratis.util.LogUtils$1.run(LogUtils.java:79)
	at java.util.concurrent.Executors$RunnableAdapter.call(Executors.java:511)
	at java.util.concurrent.FutureTask.run(FutureTask.java:266)
	at java.util.concurrent.ScheduledThreadPoolExecutor$ScheduledFutureTask.access$201(ScheduledThreadPoolExecutor.java:180)
	at java.util.concurrent.ScheduledThreadPoolExecutor$ScheduledFutureTask.run(ScheduledThreadPoolExecutor.java:293)
	at java.util.concurrent.ThreadPoolExecutor.runWorker(ThreadPoolExecutor.java:1149)
	at java.util.concurrent.ThreadPoolExecutor$Worker.run(ThreadPoolExecutor.java:624)
	at java.lang.Thread.run(Thread.java:748)

Oct 10, 2021 1:46:18 PM org.apache.ratis.thirdparty.io.grpc.internal.ManagedChannelOrphanWrapper$ManagedChannelReference cleanQueue
SEVERE: *~*~*~ Channel ManagedChannelImpl{logId=209, target=10.1.0.17:39639} was not shutdown properly!!! ~*~*~*
    Make sure to call shutdown()/shutdownNow() and wait until awaitTermination() returns true.
java.lang.RuntimeException: ManagedChannel allocation site
	at org.apache.ratis.thirdparty.io.grpc.internal.ManagedChannelOrphanWrapper$ManagedChannelReference.<init>(ManagedChannelOrphanWrapper.java:93)
	at org.apache.ratis.thirdparty.io.grpc.internal.ManagedChannelOrphanWrapper.<init>(ManagedChannelOrphanWrapper.java:53)
	at org.apache.ratis.thirdparty.io.grpc.internal.ManagedChannelOrphanWrapper.<init>(ManagedChannelOrphanWrapper.java:44)
	at org.apache.ratis.thirdparty.io.grpc.internal.ManagedChannelImplBuilder.build(ManagedChannelImplBuilder.java:596)
	at org.apache.ratis.thirdparty.io.grpc.ForwardingChannelBuilder.build(ForwardingChannelBuilder.java:255)
	at org.apache.hadoop.hdds.scm.XceiverClientGrpc.connectToDatanode(XceiverClientGrpc.java:193)
	at org.apache.hadoop.hdds.scm.XceiverClientGrpc.reconnect(XceiverClientGrpc.java:551)
	at org.apache.hadoop.hdds.scm.XceiverClientGrpc.checkOpen(XceiverClientGrpc.java:542)
	at org.apache.hadoop.hdds.scm.XceiverClientGrpc.sendCommandAsync(XceiverClientGrpc.java:470)
	at org.apache.hadoop.hdds.scm.XceiverClientGrpc.sendCommandWithRetry(XceiverClientGrpc.java:377)
	at org.apache.hadoop.hdds.scm.XceiverClientGrpc.lambda$sendCommandWithTraceIDAndRetry$0(XceiverClientGrpc.java:317)
	at org.apache.hadoop.hdds.tracing.TracingUtil.executeInSpan(TracingUtil.java:174)
	at org.apache.hadoop.hdds.tracing.TracingUtil.executeInNewSpan(TracingUtil.java:148)
	at org.apache.hadoop.hdds.scm.XceiverClientGrpc.sendCommandWithTraceIDAndRetry(XceiverClientGrpc.java:311)
	at org.apache.hadoop.hdds.scm.XceiverClientGrpc.sendCommand(XceiverClientGrpc.java:292)
	at org.apache.hadoop.hdds.scm.storage.ContainerProtocolCalls.getBlock(ContainerProtocolCalls.java:106)
	at org.apache.hadoop.hdds.scm.storage.BlockInputStream.getChunkInfos(BlockInputStream.java:221)
	at org.apache.hadoop.hdds.scm.storage.BlockInputStream.initialize(BlockInputStream.java:147)
	at org.apache.hadoop.hdds.scm.storage.BlockInputStream.readWithStrategy(BlockInputStream.java:294)
	at org.apache.hadoop.hdds.scm.storage.BlockInputStream.read(BlockInputStream.java:277)
	at org.apache.hadoop.hdds.scm.storage.ByteArrayReader.readFromBlock(ByteArrayReader.java:57)
	at org.apache.hadoop.ozone.client.io.KeyInputStream.readWithStrategy(KeyInputStream.java:262)
	at org.apache.hadoop.ozone.client.io.KeyInputStream.read(KeyInputStream.java:230)
	at org.apache.hadoop.ozone.client.io.OzoneInputStream.read(OzoneInputStream.java:55)
	at java.io.InputStream.read(InputStream.java:101)
	at org.apache.hadoop.ozone.container.TestHelper.validateData(TestHelper.java:146)
	at org.apache.hadoop.ozone.client.rpc.TestBlockOutputStreamWithFailures.validateData(TestBlockOutputStreamWithFailures.java:874)
	at org.apache.hadoop.ozone.client.rpc.TestBlockOutputStreamWithFailures.test2DatanodesFailure(TestBlockOutputStreamWithFailures.java:448)
	at sun.reflect.NativeMethodAccessorImpl.invoke0(Native Method)
	at sun.reflect.NativeMethodAccessorImpl.invoke(NativeMethodAccessorImpl.java:62)
	at sun.reflect.DelegatingMethodAccessorImpl.invoke(DelegatingMethodAccessorImpl.java:43)
	at java.lang.reflect.Method.invoke(Method.java:498)
	at org.junit.runners.model.FrameworkMethod$1.runReflectiveCall(FrameworkMethod.java:59)
	at org.junit.internal.runners.model.ReflectiveCallable.run(ReflectiveCallable.java:12)
	at org.junit.runners.model.FrameworkMethod.invokeExplosively(FrameworkMethod.java:56)
	at org.junit.internal.runners.statements.InvokeMethod.evaluate(InvokeMethod.java:17)
	at org.junit.internal.runners.statements.RunBefores.evaluate(RunBefores.java:26)
	at org.junit.internal.runners.statements.RunAfters.evaluate(RunAfters.java:27)
	at org.junit.internal.runners.statements.FailOnTimeout$CallableStatement.call(FailOnTimeout.java:288)
	at org.junit.internal.runners.statements.FailOnTimeout$CallableStatement.call(FailOnTimeout.java:282)
	at java.util.concurrent.FutureTask.run(FutureTask.java:266)
	at java.lang.Thread.run(Thread.java:748)

]]></system-err>
  </testcase>
  <testcase name="testWatchForCommitDatanodeFailure" classname="org.apache.hadoop.ozone.client.rpc.TestBlockOutputStreamWithFailures" time="78.923"/>
  <testcase name="testContainerClose" classname="org.apache.hadoop.ozone.client.rpc.TestBlockOutputStreamWithFailures" time="98.384"/>
</testsuite>