<?xml version="1.0" encoding="UTF-8"?>
<testsuite xmlns:xsi="http://www.w3.org/2001/XMLSchema-instance" xsi:noNamespaceSchemaLocation="https://maven.apache.org/surefire/maven-surefire-plugin/xsd/surefire-test-report-3.0.xsd" version="3.0" name="org.apache.hadoop.fs.ozone.TestSafeMode" time="160.142" tests="2" errors="1" skipped="0" failures="0">
  <properties>
    <property name="java.specification.version" value="17"/>
    <property name="sun.jnu.encoding" value="UTF-8"/>
    <property name="gradle.enterprise.listener.surefire.forkId" value="1"/>
    <property name="java.class.path" value="/home/runner/work/ozone/ozone/hadoop-ozone/integration-test/target/test-classes:/home/runner/work/ozone/ozone/hadoop-ozone/integration-test/target/classes:/home/runner/work/ozone/ozone/hadoop-ozone/common/target/classes:/home/runner/.m2/repository/io/grpc/grpc-netty/1.58.0/grpc-netty-1.58.0.jar:/home/runner/.m2/repository/io/grpc/grpc-core/1.58.0/grpc-core-1.58.0.jar:/home/runner/.m2/repository/com/google/android/annotations/4.1.1.4/annotations-4.1.1.4.jar:/home/runner/.m2/repository/org/codehaus/mojo/animal-sniffer-annotations/1.23/animal-sniffer-annotations-1.23.jar:/home/runner/.m2/repository/io/grpc/grpc-context/1.58.0/grpc-context-1.58.0.jar:/home/runner/.m2/repository/io/grpc/grpc-util/1.58.0/grpc-util-1.58.0.jar:/home/runner/.m2/repository/com/google/errorprone/error_prone_annotations/2.2.0/error_prone_annotations-2.2.0.jar:/home/runner/.m2/repository/io/perfmark/perfmark-api/0.26.0/perfmark-api-0.26.0.jar:/home/runner/.m2/repository/io/netty/netty-codec-http2/4.1.109.Final/netty-codec-http2-4.1.109.Final.jar:/home/runner/.m2/repository/io/netty/netty-common/4.1.109.Final/netty-common-4.1.109.Final.jar:/home/runner/.m2/repository/io/netty/netty-buffer/4.1.109.Final/netty-buffer-4.1.109.Final.jar:/home/runner/.m2/repository/io/netty/netty-codec-http/4.1.109.Final/netty-codec-http-4.1.109.Final.jar:/home/runner/.m2/repository/io/netty/netty-handler-proxy/4.1.109.Final/netty-handler-proxy-4.1.109.Final.jar:/home/runner/.m2/repository/io/netty/netty-codec-socks/4.1.109.Final/netty-codec-socks-4.1.109.Final.jar:/home/runner/.m2/repository/io/netty/netty-tcnative-boringssl-static/2.0.65.Final/netty-tcnative-boringssl-static-2.0.65.Final.jar:/home/runner/.m2/repository/io/netty/netty-tcnative-classes/2.0.65.Final/netty-tcnative-classes-2.0.65.Final.jar:/home/runner/.m2/repository/io/netty/netty-tcnative-boringssl-static/2.0.65.Final/netty-tcnative-boringssl-static-2.0.65.Final-linux-x86_64.jar:/home/runner/.m2/repository/io/netty/netty-tcnative-boringssl-static/2.0.65.Final/netty-tcnative-boringssl-static-2.0.65.Final-linux-aarch_64.jar:/home/runner/.m2/repository/io/netty/netty-tcnative-boringssl-static/2.0.65.Final/netty-tcnative-boringssl-static-2.0.65.Final-osx-x86_64.jar:/home/runner/.m2/repository/io/netty/netty-tcnative-boringssl-static/2.0.65.Final/netty-tcnative-boringssl-static-2.0.65.Final-osx-aarch_64.jar:/home/runner/.m2/repository/io/netty/netty-tcnative-boringssl-static/2.0.65.Final/netty-tcnative-boringssl-static-2.0.65.Final-windows-x86_64.jar:/home/runner/.m2/repository/org/apache/commons/commons-compress/1.26.0/commons-compress-1.26.0.jar:/home/runner/work/ozone/ozone/hadoop-hdds/common/target/classes:/home/runner/work/ozone/ozone/hadoop-hdds/client/target/classes:/home/runner/work/ozone/ozone/hadoop-ozone/interface-client/target/classes:/home/runner/.m2/repository/org/apache/hadoop/hadoop-hdfs-client/3.3.6/hadoop-hdfs-client-3.3.6.jar:/home/runner/.m2/repository/com/squareup/okhttp3/okhttp/4.12.0/okhttp-4.12.0.jar:/home/runner/.m2/repository/com/squareup/okio/okio/3.6.0/okio-3.6.0.jar:/home/runner/.m2/repository/com/squareup/okio/okio-jvm/3.6.0/okio-jvm-3.6.0.jar:/home/runner/.m2/repository/org/jetbrains/kotlin/kotlin-stdlib-jdk8/1.9.24/kotlin-stdlib-jdk8-1.9.24.jar:/home/runner/.m2/repository/org/jetbrains/kotlin/kotlin-stdlib-jdk7/1.9.24/kotlin-stdlib-jdk7-1.9.24.jar:/home/runner/.m2/repository/org/jetbrains/kotlin/kotlin-stdlib-common/1.9.24/kotlin-stdlib-common-1.9.24.jar:/home/runner/work/ozone/ozone/hadoop-hdds/test-utils/target/classes:/home/runner/.m2/repository/org/assertj/assertj-core/3.26.0/assertj-core-3.26.0.jar:/home/runner/.m2/repository/net/bytebuddy/byte-buddy/1.14.16/byte-buddy-1.14.16.jar:/home/runner/.m2/repository/com/google/guava/guava/32.1.3-jre/guava-32.1.3-jre.jar:/home/runner/.m2/repository/com/google/guava/failureaccess/1.0.1/failureaccess-1.0.1.jar:/home/runner/.m2/repository/com/google/guava/listenablefuture/9999.0-empty-to-avoid-conflict-with-guava/listenablefuture-9999.0-empty-to-avoid-conflict-with-guava.jar:/home/runner/.m2/repository/org/checkerframework/checker-qual/3.37.0/checker-qual-3.37.0.jar:/home/runner/.m2/repository/com/google/j2objc/j2objc-annotations/2.8/j2objc-annotations-2.8.jar:/home/runner/.m2/repository/commons-io/commons-io/2.16.1/commons-io-2.16.1.jar:/home/runner/.m2/repository/commons-logging/commons-logging/1.2/commons-logging-1.2.jar:/home/runner/.m2/repository/org/junit/jupiter/junit-jupiter-api/5.10.2/junit-jupiter-api-5.10.2.jar:/home/runner/.m2/repository/org/opentest4j/opentest4j/1.3.0/opentest4j-1.3.0.jar:/home/runner/.m2/repository/org/junit/platform/junit-platform-commons/1.10.2/junit-platform-commons-1.10.2.jar:/home/runner/.m2/repository/ch/qos/reload4j/reload4j/1.2.25/reload4j-1.2.25.jar:/home/runner/.m2/repository/jakarta/annotation/jakarta.annotation-api/2.1.1/jakarta.annotation-api-2.1.1.jar:/home/runner/.m2/repository/org/slf4j/slf4j-api/2.0.13/slf4j-api-2.0.13.jar:/home/runner/.m2/repository/org/apache/logging/log4j/log4j-api/2.17.1/log4j-api-2.17.1.jar:/home/runner/work/ozone/ozone/hadoop-hdds/server-scm/target/classes:/home/runner/.m2/repository/com/google/protobuf/protobuf-java/2.5.0/protobuf-java-2.5.0.jar:/home/runner/work/ozone/ozone/hadoop-hdds/container-service/target/classes:/home/runner/work/ozone/ozone/hadoop-hdds/hadoop-dependency-server/target/classes:/home/runner/.m2/repository/com/nimbusds/nimbus-jose-jwt/9.37.2/nimbus-jose-jwt-9.37.2.jar:/home/runner/.m2/repository/com/github/stephenc/jcip/jcip-annotations/1.0-1/jcip-annotations-1.0-1.jar:/home/runner/.m2/repository/org/apache/hadoop/hadoop-hdfs/3.3.6/hadoop-hdfs-3.3.6.jar:/home/runner/.m2/repository/commons-daemon/commons-daemon/1.3.4/commons-daemon-1.3.4.jar:/home/runner/.m2/repository/org/apache/kerby/kerb-core/1.0.1/kerb-core-1.0.1.jar:/home/runner/.m2/repository/org/apache/kerby/kerby-pkix/1.0.1/kerby-pkix-1.0.1.jar:/home/runner/.m2/repository/org/apache/kerby/kerby-asn1/1.0.1/kerby-asn1-1.0.1.jar:/home/runner/.m2/repository/org/apache/kerby/kerby-util/1.0.1/kerby-util-1.0.1.jar:/home/runner/.m2/repository/org/apache/kerby/kerb-util/1.0.1/kerb-util-1.0.1.jar:/home/runner/.m2/repository/org/apache/kerby/kerby-config/1.0.1/kerby-config-1.0.1.jar:/home/runner/.m2/repository/org/apache/kerby/kerb-crypto/1.0.1/kerb-crypto-1.0.1.jar:/home/runner/.m2/repository/org/xerial/snappy/snappy-java/1.1.10.5/snappy-java-1.1.10.5.jar:/home/runner/work/ozone/ozone/hadoop-hdds/framework/target/classes:/home/runner/.m2/repository/org/bouncycastle/bcprov-jdk18on/1.78.1/bcprov-jdk18on-1.78.1.jar:/home/runner/.m2/repository/io/dropwizard/metrics/metrics-core/3.2.6/metrics-core-3.2.6.jar:/home/runner/.m2/repository/org/apache/commons/commons-text/1.11.0/commons-text-1.11.0.jar:/home/runner/work/ozone/ozone/hadoop-hdds/framework/target/test-classes:/home/runner/work/ozone/ozone/hadoop-hdds/interface-server/target/classes:/home/runner/work/ozone/ozone/hadoop-hdds/interface-admin/target/classes:/home/runner/work/ozone/ozone/hadoop-hdds/managed-rocksdb/target/classes:/home/runner/.m2/repository/org/rocksdb/rocksdbjni/7.7.3/rocksdbjni-7.7.3.jar:/home/runner/.m2/repository/org/slf4j/slf4j-reload4j/2.0.13/slf4j-reload4j-2.0.13.jar:/home/runner/.m2/repository/org/apache/commons/commons-configuration2/2.10.1/commons-configuration2-2.10.1.jar:/home/runner/.m2/repository/commons-fileupload/commons-fileupload/1.5/commons-fileupload-1.5.jar:/home/runner/.m2/repository/org/apache/logging/log4j/log4j-core/2.17.1/log4j-core-2.17.1.jar:/home/runner/.m2/repository/com/lmax/disruptor/3.4.4/disruptor-3.4.4.jar:/home/runner/.m2/repository/org/eclipse/jetty/jetty-util/9.4.54.v20240208/jetty-util-9.4.54.v20240208.jar:/home/runner/.m2/repository/org/eclipse/jetty/jetty-server/9.4.54.v20240208/jetty-server-9.4.54.v20240208.jar:/home/runner/.m2/repository/org/eclipse/jetty/jetty-http/9.4.54.v20240208/jetty-http-9.4.54.v20240208.jar:/home/runner/.m2/repository/org/eclipse/jetty/jetty-io/9.4.54.v20240208/jetty-io-9.4.54.v20240208.jar:/home/runner/.m2/repository/org/eclipse/jetty/jetty-servlet/9.4.54.v20240208/jetty-servlet-9.4.54.v20240208.jar:/home/runner/.m2/repository/org/eclipse/jetty/jetty-security/9.4.54.v20240208/jetty-security-9.4.54.v20240208.jar:/home/runner/.m2/repository/org/eclipse/jetty/jetty-util-ajax/9.4.54.v20240208/jetty-util-ajax-9.4.54.v20240208.jar:/home/runner/.m2/repository/org/eclipse/jetty/jetty-webapp/9.4.54.v20240208/jetty-webapp-9.4.54.v20240208.jar:/home/runner/.m2/repository/org/eclipse/jetty/jetty-xml/9.4.54.v20240208/jetty-xml-9.4.54.v20240208.jar:/home/runner/.m2/repository/org/apache/ratis/ratis-server/3.0.1/ratis-server-3.0.1.jar:/home/runner/.m2/repository/org/apache/ratis/ratis-thirdparty-misc/1.0.5/ratis-thirdparty-misc-1.0.5.jar:/home/runner/.m2/repository/org/apache/ratis/ratis-proto/3.0.1/ratis-proto-3.0.1.jar:/home/runner/.m2/repository/org/apache/ratis/ratis-common/3.0.1/ratis-common-3.0.1.jar:/home/runner/.m2/repository/org/apache/ratis/ratis-client/3.0.1/ratis-client-3.0.1.jar:/home/runner/.m2/repository/org/apache/ratis/ratis-server-api/3.0.1/ratis-server-api-3.0.1.jar:/home/runner/.m2/repository/org/apache/ratis/ratis-metrics-api/3.0.1/ratis-metrics-api-3.0.1.jar:/home/runner/.m2/repository/org/apache/ratis/ratis-metrics-dropwizard3/3.0.1/ratis-metrics-dropwizard3-3.0.1.jar:/home/runner/.m2/repository/io/prometheus/simpleclient_dropwizard/0.16.0/simpleclient_dropwizard-0.16.0.jar:/home/runner/.m2/repository/io/prometheus/simpleclient/0.16.0/simpleclient-0.16.0.jar:/home/runner/.m2/repository/io/prometheus/simpleclient_common/0.16.0/simpleclient_common-0.16.0.jar:/home/runner/.m2/repository/com/fasterxml/jackson/datatype/jackson-datatype-jsr310/2.16.2/jackson-datatype-jsr310-2.16.2.jar:/home/runner/.m2/repository/com/fasterxml/jackson/core/jackson-core/2.16.2/jackson-core-2.16.2.jar:/home/runner/work/ozone/ozone/hadoop-hdds/rocksdb-checkpoint-differ/target/classes:/home/runner/.m2/repository/org/jgrapht/jgrapht-core/1.4.0/jgrapht-core-1.4.0.jar:/home/runner/.m2/repository/org/jheaps/jheaps/0.11/jheaps-0.11.jar:/home/runner/.m2/repository/org/jgrapht/jgrapht-ext/1.4.0/jgrapht-ext-1.4.0.jar:/home/runner/.m2/repository/com/github/vlsi/mxgraph/jgraphx/3.9.8.1/jgraphx-3.9.8.1.jar:/home/runner/work/ozone/ozone/hadoop-ozone/ozone-manager/target/classes:/home/runner/.m2/repository/org/aspectj/aspectjrt/1.9.7/aspectjrt-1.9.7.jar:/home/runner/.m2/repository/org/aspectj/aspectjweaver/1.9.7/aspectjweaver-1.9.7.jar:/home/runner/work/ozone/ozone/hadoop-hdds/interface-client/target/classes:/home/runner/.m2/repository/org/apache/hadoop/thirdparty/hadoop-shaded-protobuf_3_7/1.1.1/hadoop-shaded-protobuf_3_7-1.1.1.jar:/home/runner/work/ozone/ozone/hadoop-ozone/interface-storage/target/classes:/home/runner/.m2/repository/org/reflections/reflections/0.10.2/reflections-0.10.2.jar:/home/runner/.m2/repository/com/sun/jersey/jersey-client/1.19.4/jersey-client-1.19.4.jar:/home/runner/.m2/repository/org/codehaus/jackson/jackson-core-asl/1.9.13/jackson-core-asl-1.9.13.jar:/home/runner/.m2/repository/org/codehaus/jackson/jackson-mapper-asl/1.9.13/jackson-mapper-asl-1.9.13.jar:/home/runner/.m2/repository/org/codehaus/jackson/jackson-jaxrs/1.9.13/jackson-jaxrs-1.9.13.jar:/home/runner/.m2/repository/org/apache/ranger/ranger-intg/2.3.0/ranger-intg-2.3.0.jar:/home/runner/.m2/repository/org/apache/ranger/ranger-plugins-common/2.3.0/ranger-plugins-common-2.3.0.jar:/home/runner/.m2/repository/commons-lang/commons-lang/2.6/commons-lang-2.6.jar:/home/runner/.m2/repository/org/apache/ranger/ranger-plugins-cred/2.3.0/ranger-plugins-cred-2.3.0.jar:/home/runner/.m2/repository/org/apache/ranger/ranger-plugins-audit/2.3.0/ranger-plugins-audit-2.3.0.jar:/home/runner/.m2/repository/org/eclipse/jetty/jetty-client/9.4.54.v20240208/jetty-client-9.4.54.v20240208.jar:/home/runner/.m2/repository/org/apache/httpcomponents/httpmime/4.5.6/httpmime-4.5.6.jar:/home/runner/.m2/repository/org/apache/httpcomponents/httpcore-nio/4.4.16/httpcore-nio-4.4.16.jar:/home/runner/.m2/repository/org/apache/httpcomponents/httpasyncclient/4.1.3/httpasyncclient-4.1.3.jar:/home/runner/.m2/repository/com/carrotsearch/hppc/0.8.0/hppc-0.8.0.jar:/home/runner/.m2/repository/org/apache/orc/orc-core/1.5.8/orc-core-1.5.8.jar:/home/runner/.m2/repository/net/java/dev/jna/jna/5.2.0/jna-5.2.0.jar:/home/runner/.m2/repository/net/java/dev/jna/jna-platform/5.2.0/jna-platform-5.2.0.jar:/home/runner/.m2/repository/com/kstruct/gethostname4j/0.0.2/gethostname4j-0.0.2.jar:/home/runner/.m2/repository/org/apache/ranger/ranger-plugin-classloader/2.3.0/ranger-plugin-classloader-2.3.0.jar:/home/runner/work/ozone/ozone/hadoop-hdds/rocks-native/target/classes:/home/runner/.m2/repository/org/apache/hadoop/hadoop-minikdc/3.3.6/hadoop-minikdc-3.3.6.jar:/home/runner/.m2/repository/org/apache/kerby/kerb-simplekdc/1.0.1/kerb-simplekdc-1.0.1.jar:/home/runner/.m2/repository/org/apache/kerby/kerb-client/1.0.1/kerb-client-1.0.1.jar:/home/runner/.m2/repository/org/apache/kerby/kerb-common/1.0.1/kerb-common-1.0.1.jar:/home/runner/.m2/repository/org/apache/kerby/token-provider/1.0.1/token-provider-1.0.1.jar:/home/runner/.m2/repository/org/apache/kerby/kerb-admin/1.0.1/kerb-admin-1.0.1.jar:/home/runner/.m2/repository/org/apache/kerby/kerb-server/1.0.1/kerb-server-1.0.1.jar:/home/runner/.m2/repository/org/apache/kerby/kerb-identity/1.0.1/kerb-identity-1.0.1.jar:/home/runner/.m2/repository/org/apache/kerby/kerby-xdr/1.0.1/kerby-xdr-1.0.1.jar:/home/runner/.m2/repository/junit/junit/4.13.2/junit-4.13.2.jar:/home/runner/.m2/repository/org/hamcrest/hamcrest-core/1.3/hamcrest-core-1.3.jar:/home/runner/work/ozone/ozone/hadoop-ozone/s3gateway/target/classes:/home/runner/.m2/repository/org/javassist/javassist/3.30.2-GA/javassist-3.30.2-GA.jar:/home/runner/.m2/repository/org/jboss/weld/servlet/weld-servlet-shaded/3.1.9.Final/weld-servlet-shaded-3.1.9.Final.jar:/home/runner/.m2/repository/org/glassfish/jersey/containers/jersey-container-servlet-core/2.43/jersey-container-servlet-core-2.43.jar:/home/runner/.m2/repository/org/glassfish/hk2/external/jakarta.inject/2.6.1/jakarta.inject-2.6.1.jar:/home/runner/.m2/repository/org/glassfish/jersey/core/jersey-common/2.43/jersey-common-2.43.jar:/home/runner/.m2/repository/jakarta/ws/rs/jakarta.ws.rs-api/2.1.6/jakarta.ws.rs-api-2.1.6.jar:/home/runner/.m2/repository/org/glassfish/jersey/ext/cdi/jersey-cdi1x/2.43/jersey-cdi1x-2.43.jar:/home/runner/.m2/repository/org/glassfish/jersey/inject/jersey-hk2/2.43/jersey-hk2-2.43.jar:/home/runner/.m2/repository/org/glassfish/hk2/hk2-locator/2.6.1/hk2-locator-2.6.1.jar:/home/runner/.m2/repository/org/glassfish/jersey/media/jersey-media-jaxb/2.43/jersey-media-jaxb-2.43.jar:/home/runner/.m2/repository/org/glassfish/hk2/osgi-resource-locator/1.0.3/osgi-resource-locator-1.0.3.jar:/home/runner/.m2/repository/org/glassfish/hk2/hk2-api/2.6.1/hk2-api-2.6.1.jar:/home/runner/.m2/repository/org/glassfish/hk2/hk2-utils/2.6.1/hk2-utils-2.6.1.jar:/home/runner/.m2/repository/org/glassfish/hk2/external/aopalliance-repackaged/2.6.1/aopalliance-repackaged-2.6.1.jar:/home/runner/.m2/repository/com/fasterxml/jackson/dataformat/jackson-dataformat-xml/2.16.2/jackson-dataformat-xml-2.16.2.jar:/home/runner/.m2/repository/org/codehaus/woodstox/stax2-api/4.2.2/stax2-api-4.2.2.jar:/home/runner/.m2/repository/com/fasterxml/woodstox/woodstox-core/5.4.0/woodstox-core-5.4.0.jar:/home/runner/.m2/repository/com/fasterxml/jackson/module/jackson-module-jaxb-annotations/2.16.2/jackson-module-jaxb-annotations-2.16.2.jar:/home/runner/.m2/repository/javax/enterprise/cdi-api/2.0/cdi-api-2.0.jar:/home/runner/.m2/repository/javax/el/javax.el-api/3.0.0/javax.el-api-3.0.0.jar:/home/runner/.m2/repository/javax/interceptor/javax.interceptor-api/1.2/javax.interceptor-api-1.2.jar:/home/runner/.m2/repository/javax/inject/javax.inject/1/javax.inject-1.jar:/home/runner/.m2/repository/jakarta/xml/bind/jakarta.xml.bind-api/2.3.3/jakarta.xml.bind-api-2.3.3.jar:/home/runner/.m2/repository/org/glassfish/jaxb/jaxb-runtime/2.3.9/jaxb-runtime-2.3.9.jar:/home/runner/.m2/repository/org/glassfish/jaxb/txw2/2.3.9/txw2-2.3.9.jar:/home/runner/.m2/repository/com/sun/istack/istack-commons-runtime/3.0.12/istack-commons-runtime-3.0.12.jar:/home/runner/.m2/repository/com/sun/activation/jakarta.activation/1.2.2/jakarta.activation-1.2.2.jar:/home/runner/.m2/repository/jakarta/activation/jakarta.activation-api/1.2.2/jakarta.activation-api-1.2.2.jar:/home/runner/.m2/repository/io/grpc/grpc-protobuf/1.58.0/grpc-protobuf-1.58.0.jar:/home/runner/.m2/repository/com/google/api/grpc/proto-google-common-protos/2.22.0/proto-google-common-protos-2.22.0.jar:/home/runner/.m2/repository/io/grpc/grpc-protobuf-lite/1.58.0/grpc-protobuf-lite-1.58.0.jar:/home/runner/.m2/repository/io/grpc/grpc-stub/1.58.0/grpc-stub-1.58.0.jar:/home/runner/.m2/repository/io/netty/netty-transport/4.1.109.Final/netty-transport-4.1.109.Final.jar:/home/runner/.m2/repository/io/netty/netty-resolver/4.1.109.Final/netty-resolver-4.1.109.Final.jar:/home/runner/work/ozone/ozone/hadoop-ozone/csi/target/classes:/home/runner/.m2/repository/com/google/protobuf/protobuf-java-util/3.19.6/protobuf-java-util-3.19.6.jar:/home/runner/.m2/repository/com/google/code/gson/gson/2.10.1/gson-2.10.1.jar:/home/runner/work/ozone/ozone/hadoop-hdds/config/target/classes:/home/runner/.m2/repository/io/netty/netty-transport-native-epoll/4.1.109.Final/netty-transport-native-epoll-4.1.109.Final-linux-x86_64.jar:/home/runner/.m2/repository/io/netty/netty-transport-classes-epoll/4.1.109.Final/netty-transport-classes-epoll-4.1.109.Final.jar:/home/runner/.m2/repository/io/netty/netty-transport-native-unix-common/4.1.109.Final/netty-transport-native-unix-common-4.1.109.Final.jar:/home/runner/work/ozone/ozone/hadoop-ozone/recon/target/classes:/home/runner/work/ozone/ozone/hadoop-ozone/recon-codegen/target/classes:/home/runner/.m2/repository/com/google/inject/guice/6.0.0/guice-6.0.0.jar:/home/runner/.m2/repository/jakarta/inject/jakarta.inject-api/2.0.1/jakarta.inject-api-2.0.1.jar:/home/runner/.m2/repository/aopalliance/aopalliance/1.0/aopalliance-1.0.jar:/home/runner/.m2/repository/com/google/inject/extensions/guice-assistedinject/6.0.0/guice-assistedinject-6.0.0.jar:/home/runner/.m2/repository/com/google/inject/extensions/guice-servlet/6.0.0/guice-servlet-6.0.0.jar:/home/runner/.m2/repository/org/glassfish/jersey/containers/jersey-container-servlet/2.43/jersey-container-servlet-2.43.jar:/home/runner/.m2/repository/org/glassfish/hk2/guice-bridge/2.6.1/guice-bridge-2.6.1.jar:/home/runner/.m2/repository/org/glassfish/jersey/core/jersey-server/2.43/jersey-server-2.43.jar:/home/runner/.m2/repository/org/glassfish/jersey/core/jersey-client/2.43/jersey-client-2.43.jar:/home/runner/.m2/repository/jakarta/validation/jakarta.validation-api/2.0.2/jakarta.validation-api-2.0.2.jar:/home/runner/.m2/repository/org/glassfish/jersey/media/jersey-media-json-jackson/2.43/jersey-media-json-jackson-2.43.jar:/home/runner/.m2/repository/org/glassfish/jersey/ext/jersey-entity-filtering/2.43/jersey-entity-filtering-2.43.jar:/home/runner/.m2/repository/org/jooq/jooq/3.11.10/jooq-3.11.10.jar:/home/runner/.m2/repository/org/jooq/jooq-meta/3.11.10/jooq-meta-3.11.10.jar:/home/runner/.m2/repository/org/jooq/jooq-codegen/3.11.10/jooq-codegen-3.11.10.jar:/home/runner/.m2/repository/com/jolbox/bonecp/0.8.0.RELEASE/bonecp-0.8.0.RELEASE.jar:/home/runner/.m2/repository/org/apache/derby/derby/10.14.2.0/derby-10.14.2.0.jar:/home/runner/.m2/repository/org/xerial/sqlite-jdbc/3.44.1.0/sqlite-jdbc-3.44.1.0.jar:/home/runner/.m2/repository/org/springframework/spring-jdbc/5.3.34/spring-jdbc-5.3.34.jar:/home/runner/.m2/repository/org/springframework/spring-beans/5.3.34/spring-beans-5.3.34.jar:/home/runner/.m2/repository/org/springframework/spring-core/5.3.34/spring-core-5.3.34.jar:/home/runner/.m2/repository/org/springframework/spring-tx/5.3.34/spring-tx-5.3.34.jar:/home/runner/work/ozone/ozone/hadoop-ozone/client/target/classes:/home/runner/work/ozone/ozone/hadoop-hdds/erasurecode/target/classes:/home/runner/work/ozone/ozone/hadoop-ozone/ozonefs/target/classes:/home/runner/work/ozone/ozone/hadoop-ozone/ozonefs-common/target/classes:/home/runner/work/ozone/ozone/hadoop-ozone/tools/target/classes:/home/runner/.m2/repository/com/amazonaws/aws-java-sdk-core/1.12.661/aws-java-sdk-core-1.12.661.jar:/home/runner/.m2/repository/org/apache/httpcomponents/httpclient/4.5.14/httpclient-4.5.14.jar:/home/runner/.m2/repository/org/apache/httpcomponents/httpcore/4.4.16/httpcore-4.4.16.jar:/home/runner/.m2/repository/com/fasterxml/jackson/dataformat/jackson-dataformat-cbor/2.16.2/jackson-dataformat-cbor-2.16.2.jar:/home/runner/.m2/repository/joda-time/joda-time/2.12.7/joda-time-2.12.7.jar:/home/runner/.m2/repository/com/amazonaws/aws-java-sdk-s3/1.12.661/aws-java-sdk-s3-1.12.661.jar:/home/runner/.m2/repository/com/amazonaws/aws-java-sdk-kms/1.12.661/aws-java-sdk-kms-1.12.661.jar:/home/runner/.m2/repository/com/amazonaws/jmespath-java/1.12.661/jmespath-java-1.12.661.jar:/home/runner/.m2/repository/org/kohsuke/metainf-services/metainf-services/1.11/metainf-services-1.11.jar:/home/runner/work/ozone/ozone/hadoop-hdds/tools/target/classes:/home/runner/.m2/repository/org/apache/ratis/ratis-tools/3.0.1/ratis-tools-3.0.1.jar:/home/runner/.m2/repository/commons-cli/commons-cli/1.6.0/commons-cli-1.6.0.jar:/home/runner/.m2/repository/org/apache/commons/commons-lang3/3.14.0/commons-lang3-3.14.0.jar:/home/runner/work/ozone/ozone/hadoop-ozone/ozone-manager/target/test-classes:/home/runner/work/ozone/ozone/hadoop-hdds/common/target/test-classes:/home/runner/work/ozone/ozone/hadoop-hdds/hadoop-dependency-client/target/classes:/home/runner/.m2/repository/info/picocli/picocli/4.7.6/picocli-4.7.6.jar:/home/runner/.m2/repository/com/fasterxml/jackson/core/jackson-annotations/2.16.2/jackson-annotations-2.16.2.jar:/home/runner/work/ozone/ozone/hadoop-hdds/annotations/target/classes:/home/runner/.m2/repository/javax/annotation/javax.annotation-api/1.3.2/javax.annotation-api-1.3.2.jar:/home/runner/.m2/repository/org/apache/ratis/ratis-netty/3.0.1/ratis-netty-3.0.1.jar:/home/runner/.m2/repository/org/apache/ratis/ratis-grpc/3.0.1/ratis-grpc-3.0.1.jar:/home/runner/.m2/repository/org/bouncycastle/bcpkix-jdk18on/1.78.1/bcpkix-jdk18on-1.78.1.jar:/home/runner/.m2/repository/org/bouncycastle/bcutil-jdk18on/1.78.1/bcutil-jdk18on-1.78.1.jar:/home/runner/.m2/repository/commons-validator/commons-validator/1.6/commons-validator-1.6.jar:/home/runner/.m2/repository/commons-beanutils/commons-beanutils/1.9.4/commons-beanutils-1.9.4.jar:/home/runner/.m2/repository/commons-digester/commons-digester/1.8.1/commons-digester-1.8.1.jar:/home/runner/.m2/repository/commons-collections/commons-collections/3.2.2/commons-collections-3.2.2.jar:/home/runner/.m2/repository/io/jaegertracing/jaeger-client/1.8.1/jaeger-client-1.8.1.jar:/home/runner/.m2/repository/io/jaegertracing/jaeger-thrift/1.8.1/jaeger-thrift-1.8.1.jar:/home/runner/.m2/repository/org/apache/thrift/libthrift/0.15.0/libthrift-0.15.0.jar:/home/runner/.m2/repository/io/jaegertracing/jaeger-core/1.8.1/jaeger-core-1.8.1.jar:/home/runner/.m2/repository/io/jaegertracing/jaeger-tracerresolver/1.8.1/jaeger-tracerresolver-1.8.1.jar:/home/runner/.m2/repository/io/opentracing/contrib/opentracing-tracerresolver/0.1.8/opentracing-tracerresolver-0.1.8.jar:/home/runner/.m2/repository/org/jetbrains/kotlin/kotlin-stdlib/1.9.24/kotlin-stdlib-1.9.24.jar:/home/runner/.m2/repository/org/jetbrains/annotations/13.0/annotations-13.0.jar:/home/runner/.m2/repository/io/opentracing/opentracing-util/0.33.0/opentracing-util-0.33.0.jar:/home/runner/.m2/repository/io/opentracing/opentracing-api/0.33.0/opentracing-api-0.33.0.jar:/home/runner/.m2/repository/io/opentracing/opentracing-noop/0.33.0/opentracing-noop-0.33.0.jar:/home/runner/.m2/repository/org/yaml/snakeyaml/2.0/snakeyaml-2.0.jar:/home/runner/.m2/repository/io/grpc/grpc-api/1.58.0/grpc-api-1.58.0.jar:/home/runner/.m2/repository/org/junit/platform/junit-platform-launcher/1.10.2/junit-platform-launcher-1.10.2.jar:/home/runner/.m2/repository/org/junit/platform/junit-platform-engine/1.10.2/junit-platform-engine-1.10.2.jar:/home/runner/.m2/repository/org/apiguardian/apiguardian-api/1.1.2/apiguardian-api-1.1.2.jar:/home/runner/.m2/repository/org/apache/hadoop/hadoop-kms/3.3.6/hadoop-kms-3.3.6.jar:/home/runner/.m2/repository/org/apache/hadoop/hadoop-auth/3.3.6/hadoop-auth-3.3.6.jar:/home/runner/.m2/repository/org/apache/zookeeper/zookeeper/3.8.4/zookeeper-3.8.4.jar:/home/runner/.m2/repository/org/apache/zookeeper/zookeeper-jute/3.8.4/zookeeper-jute-3.8.4.jar:/home/runner/.m2/repository/org/apache/yetus/audience-annotations/0.12.0/audience-annotations-0.12.0.jar:/home/runner/.m2/repository/org/apache/curator/curator-framework/4.2.0/curator-framework-4.2.0.jar:/home/runner/.m2/repository/org/apache/hadoop/thirdparty/hadoop-shaded-guava/1.2.0/hadoop-shaded-guava-1.2.0.jar:/home/runner/.m2/repository/com/sun/jersey/jersey-core/1.19.4/jersey-core-1.19.4.jar:/home/runner/.m2/repository/javax/ws/rs/jsr311-api/1.1.1/jsr311-api-1.1.1.jar:/home/runner/.m2/repository/com/sun/jersey/jersey-server/1.19.4/jersey-server-1.19.4.jar:/home/runner/.m2/repository/javax/servlet/javax.servlet-api/3.1.0/javax.servlet-api-3.1.0.jar:/home/runner/.m2/repository/org/apache/hadoop/hadoop-common/3.3.6/hadoop-common-3.3.6.jar:/home/runner/.m2/repository/org/apache/commons/commons-math3/3.6.1/commons-math3-3.6.1.jar:/home/runner/.m2/repository/commons-net/commons-net/3.10.0/commons-net-3.10.0.jar:/home/runner/.m2/repository/com/sun/jersey/jersey-servlet/1.19.4/jersey-servlet-1.19.4.jar:/home/runner/.m2/repository/com/github/pjfanning/jersey-json/1.20/jersey-json-1.20.jar:/home/runner/.m2/repository/org/codehaus/jettison/jettison/1.1/jettison-1.1.jar:/home/runner/.m2/repository/com/sun/xml/bind/jaxb-impl/2.2.3-1/jaxb-impl-2.2.3-1.jar:/home/runner/.m2/repository/com/google/re2j/re2j/1.7/re2j-1.7.jar:/home/runner/.m2/repository/com/jcraft/jsch/0.1.55/jsch-0.1.55.jar:/home/runner/.m2/repository/org/apache/curator/curator-client/4.2.0/curator-client-4.2.0.jar:/home/runner/.m2/repository/org/apache/curator/curator-recipes/5.2.0/curator-recipes-5.2.0.jar:/home/runner/.m2/repository/com/google/code/findbugs/jsr305/3.0.2/jsr305-3.0.2.jar:/home/runner/.m2/repository/dnsjava/dnsjava/2.1.9/dnsjava-2.1.9.jar:/home/runner/.m2/repository/com/fasterxml/jackson/core/jackson-databind/2.16.2/jackson-databind-2.16.2.jar:/home/runner/.m2/repository/org/apache/hadoop/hadoop-kms/3.3.6/hadoop-kms-3.3.6-tests.jar:/home/runner/work/ozone/ozone/hadoop-hdds/server-scm/target/test-classes:/home/runner/work/ozone/ozone/hadoop-hdds/container-service/target/test-classes:/home/runner/.m2/repository/com/github/luben/zstd-jni/1.5.6-3/zstd-jni-1.5.6-3.jar:/home/runner/.m2/repository/commons-codec/commons-codec/1.17.0/commons-codec-1.17.0.jar:/home/runner/.m2/repository/io/netty/netty-codec/4.1.109.Final/netty-codec-4.1.109.Final.jar:/home/runner/.m2/repository/io/netty/netty-handler/4.1.109.Final/netty-handler-4.1.109.Final.jar:/home/runner/work/ozone/ozone/hadoop-hdds/hadoop-dependency-test/target/classes:/home/runner/.m2/repository/org/apache/hadoop/hadoop-common/3.3.6/hadoop-common-3.3.6-tests.jar:/home/runner/.m2/repository/org/apache/hadoop/hadoop-hdfs/3.3.6/hadoop-hdfs-3.3.6-tests.jar:/home/runner/.m2/repository/org/junit/jupiter/junit-jupiter-engine/5.10.2/junit-jupiter-engine-5.10.2.jar:/home/runner/.m2/repository/org/junit/jupiter/junit-jupiter-params/5.10.2/junit-jupiter-params-5.10.2.jar:/home/runner/.m2/repository/org/mockito/mockito-core/4.11.0/mockito-core-4.11.0.jar:/home/runner/.m2/repository/net/bytebuddy/byte-buddy-agent/1.12.19/byte-buddy-agent-1.12.19.jar:/home/runner/.m2/repository/org/objenesis/objenesis/3.3/objenesis-3.3.jar:/home/runner/.m2/repository/org/mockito/mockito-inline/4.11.0/mockito-inline-4.11.0.jar:/home/runner/.m2/repository/org/mockito/mockito-junit-jupiter/4.11.0/mockito-junit-jupiter-4.11.0.jar:/home/runner/.m2/repository/org/apache/hadoop/hadoop-distcp/3.3.6/hadoop-distcp-3.3.6.jar:/home/runner/.m2/repository/org/apache/hadoop/hadoop-mapreduce-client-jobclient/3.3.6/hadoop-mapreduce-client-jobclient-3.3.6.jar:/home/runner/.m2/repository/org/apache/hadoop/hadoop-mapreduce-client-common/3.3.6/hadoop-mapreduce-client-common-3.3.6.jar:/home/runner/.m2/repository/org/apache/hadoop/hadoop-yarn-common/3.3.6/hadoop-yarn-common-3.3.6.jar:/home/runner/.m2/repository/org/apache/hadoop/hadoop-yarn-api/3.3.6/hadoop-yarn-api-3.3.6.jar:/home/runner/.m2/repository/javax/xml/bind/jaxb-api/2.2.11/jaxb-api-2.2.11.jar:/home/runner/.m2/repository/com/sun/jersey/contribs/jersey-guice/1.19.4/jersey-guice-1.19.4.jar:/home/runner/.m2/repository/com/fasterxml/jackson/jaxrs/jackson-jaxrs-json-provider/2.16.2/jackson-jaxrs-json-provider-2.16.2.jar:/home/runner/.m2/repository/com/fasterxml/jackson/jaxrs/jackson-jaxrs-base/2.16.2/jackson-jaxrs-base-2.16.2.jar:/home/runner/.m2/repository/org/apache/hadoop/hadoop-yarn-client/3.3.6/hadoop-yarn-client-3.3.6.jar:/home/runner/.m2/repository/org/eclipse/jetty/websocket/websocket-client/9.4.51.v20230217/websocket-client-9.4.51.v20230217.jar:/home/runner/.m2/repository/org/eclipse/jetty/websocket/websocket-common/9.4.51.v20230217/websocket-common-9.4.51.v20230217.jar:/home/runner/.m2/repository/org/eclipse/jetty/websocket/websocket-api/9.4.51.v20230217/websocket-api-9.4.51.v20230217.jar:/home/runner/.m2/repository/org/jline/jline/3.9.0/jline-3.9.0.jar:/home/runner/.m2/repository/org/apache/hadoop/hadoop-mapreduce-client-core/3.3.6/hadoop-mapreduce-client-core-3.3.6.jar:/home/runner/.m2/repository/org/apache/avro/avro/1.7.7/avro-1.7.7.jar:/home/runner/.m2/repository/com/thoughtworks/paranamer/paranamer/2.3/paranamer-2.3.jar:/home/runner/.m2/repository/org/apache/hadoop/hadoop-annotations/3.3.6/hadoop-annotations-3.3.6.jar:/home/runner/.m2/repository/io/netty/netty/3.10.6.Final/netty-3.10.6.Final.jar:/home/runner/.m2/repository/org/apache/hadoop/hadoop-distcp/3.3.6/hadoop-distcp-3.3.6-tests.jar:/home/runner/.m2/repository/org/hamcrest/hamcrest/2.2/hamcrest-2.2.jar:/home/runner/.m2/repository/org/slf4j/jul-to-slf4j/2.0.13/jul-to-slf4j-2.0.13.jar:/home/runner/work/ozone/ozone/hadoop-ozone/integration-test/target/gradle-enterprise/test-listeners.jar:"/>
    <property name="java.vm.vendor" value="Eclipse Adoptium"/>
    <property name="sun.arch.data.model" value="64"/>
    <property name="test.build.dir" value="/home/runner/work/ozone/ozone/hadoop-ozone/integration-test/target/test-dir"/>
    <property name="test.cache.data" value=""/>
    <property name="java.vendor.url" value="https://adoptium.net/"/>
    <property name="user.timezone" value="Etc/UTC"/>
    <property name="maven-surefire-plugin.argLineAccessArgs" value=" --add-opens java.management/com.sun.jmx.mbeanserver=ALL-UNNAMED --add-exports java.management/com.sun.jmx.mbeanserver=ALL-UNNAMED --add-opens java.base/java.nio=ALL-UNNAMED --add-opens java.base/java.lang=ALL-UNNAMED --add-opens java.base/java.lang.reflect=ALL-UNNAMED"/>
    <property name="os.name" value="Linux"/>
    <property name="java.vm.specification.version" value="17"/>
    <property name="test.build.data" value="/home/runner/work/ozone/ozone/hadoop-ozone/integration-test/target/test-dir"/>
    <property name="sun.java.launcher" value="SUN_STANDARD"/>
    <property name="sun.boot.library.path" value="/usr/lib/jvm/temurin-17-jdk-amd64/lib"/>
    <property name="sun.java.command" value="/home/runner/work/ozone/ozone/hadoop-ozone/integration-test/target/surefire/surefirebooter16313718204436059443.jar /home/runner/work/ozone/ozone/hadoop-ozone/integration-test/target/surefire 2024-06-08T12-09-06_437-jvmRun1 surefire2771898769091653008tmp surefire_354403028792717517672tmp"/>
    <property name="jdk.debug" value="release"/>
    <property name="native.lib.tmp.dir" value="/tmp"/>
    <property name="surefire.test.class.path" value="/home/runner/work/ozone/ozone/hadoop-ozone/integration-test/target/test-classes:/home/runner/work/ozone/ozone/hadoop-ozone/integration-test/target/classes:/home/runner/work/ozone/ozone/hadoop-ozone/common/target/classes:/home/runner/.m2/repository/io/grpc/grpc-netty/1.58.0/grpc-netty-1.58.0.jar:/home/runner/.m2/repository/io/grpc/grpc-core/1.58.0/grpc-core-1.58.0.jar:/home/runner/.m2/repository/com/google/android/annotations/4.1.1.4/annotations-4.1.1.4.jar:/home/runner/.m2/repository/org/codehaus/mojo/animal-sniffer-annotations/1.23/animal-sniffer-annotations-1.23.jar:/home/runner/.m2/repository/io/grpc/grpc-context/1.58.0/grpc-context-1.58.0.jar:/home/runner/.m2/repository/io/grpc/grpc-util/1.58.0/grpc-util-1.58.0.jar:/home/runner/.m2/repository/com/google/errorprone/error_prone_annotations/2.2.0/error_prone_annotations-2.2.0.jar:/home/runner/.m2/repository/io/perfmark/perfmark-api/0.26.0/perfmark-api-0.26.0.jar:/home/runner/.m2/repository/io/netty/netty-codec-http2/4.1.109.Final/netty-codec-http2-4.1.109.Final.jar:/home/runner/.m2/repository/io/netty/netty-common/4.1.109.Final/netty-common-4.1.109.Final.jar:/home/runner/.m2/repository/io/netty/netty-buffer/4.1.109.Final/netty-buffer-4.1.109.Final.jar:/home/runner/.m2/repository/io/netty/netty-codec-http/4.1.109.Final/netty-codec-http-4.1.109.Final.jar:/home/runner/.m2/repository/io/netty/netty-handler-proxy/4.1.109.Final/netty-handler-proxy-4.1.109.Final.jar:/home/runner/.m2/repository/io/netty/netty-codec-socks/4.1.109.Final/netty-codec-socks-4.1.109.Final.jar:/home/runner/.m2/repository/io/netty/netty-tcnative-boringssl-static/2.0.65.Final/netty-tcnative-boringssl-static-2.0.65.Final.jar:/home/runner/.m2/repository/io/netty/netty-tcnative-classes/2.0.65.Final/netty-tcnative-classes-2.0.65.Final.jar:/home/runner/.m2/repository/io/netty/netty-tcnative-boringssl-static/2.0.65.Final/netty-tcnative-boringssl-static-2.0.65.Final-linux-x86_64.jar:/home/runner/.m2/repository/io/netty/netty-tcnative-boringssl-static/2.0.65.Final/netty-tcnative-boringssl-static-2.0.65.Final-linux-aarch_64.jar:/home/runner/.m2/repository/io/netty/netty-tcnative-boringssl-static/2.0.65.Final/netty-tcnative-boringssl-static-2.0.65.Final-osx-x86_64.jar:/home/runner/.m2/repository/io/netty/netty-tcnative-boringssl-static/2.0.65.Final/netty-tcnative-boringssl-static-2.0.65.Final-osx-aarch_64.jar:/home/runner/.m2/repository/io/netty/netty-tcnative-boringssl-static/2.0.65.Final/netty-tcnative-boringssl-static-2.0.65.Final-windows-x86_64.jar:/home/runner/.m2/repository/org/apache/commons/commons-compress/1.26.0/commons-compress-1.26.0.jar:/home/runner/work/ozone/ozone/hadoop-hdds/common/target/classes:/home/runner/work/ozone/ozone/hadoop-hdds/client/target/classes:/home/runner/work/ozone/ozone/hadoop-ozone/interface-client/target/classes:/home/runner/.m2/repository/org/apache/hadoop/hadoop-hdfs-client/3.3.6/hadoop-hdfs-client-3.3.6.jar:/home/runner/.m2/repository/com/squareup/okhttp3/okhttp/4.12.0/okhttp-4.12.0.jar:/home/runner/.m2/repository/com/squareup/okio/okio/3.6.0/okio-3.6.0.jar:/home/runner/.m2/repository/com/squareup/okio/okio-jvm/3.6.0/okio-jvm-3.6.0.jar:/home/runner/.m2/repository/org/jetbrains/kotlin/kotlin-stdlib-jdk8/1.9.24/kotlin-stdlib-jdk8-1.9.24.jar:/home/runner/.m2/repository/org/jetbrains/kotlin/kotlin-stdlib-jdk7/1.9.24/kotlin-stdlib-jdk7-1.9.24.jar:/home/runner/.m2/repository/org/jetbrains/kotlin/kotlin-stdlib-common/1.9.24/kotlin-stdlib-common-1.9.24.jar:/home/runner/work/ozone/ozone/hadoop-hdds/test-utils/target/classes:/home/runner/.m2/repository/org/assertj/assertj-core/3.26.0/assertj-core-3.26.0.jar:/home/runner/.m2/repository/net/bytebuddy/byte-buddy/1.14.16/byte-buddy-1.14.16.jar:/home/runner/.m2/repository/com/google/guava/guava/32.1.3-jre/guava-32.1.3-jre.jar:/home/runner/.m2/repository/com/google/guava/failureaccess/1.0.1/failureaccess-1.0.1.jar:/home/runner/.m2/repository/com/google/guava/listenablefuture/9999.0-empty-to-avoid-conflict-with-guava/listenablefuture-9999.0-empty-to-avoid-conflict-with-guava.jar:/home/runner/.m2/repository/org/checkerframework/checker-qual/3.37.0/checker-qual-3.37.0.jar:/home/runner/.m2/repository/com/google/j2objc/j2objc-annotations/2.8/j2objc-annotations-2.8.jar:/home/runner/.m2/repository/commons-io/commons-io/2.16.1/commons-io-2.16.1.jar:/home/runner/.m2/repository/commons-logging/commons-logging/1.2/commons-logging-1.2.jar:/home/runner/.m2/repository/org/junit/jupiter/junit-jupiter-api/5.10.2/junit-jupiter-api-5.10.2.jar:/home/runner/.m2/repository/org/opentest4j/opentest4j/1.3.0/opentest4j-1.3.0.jar:/home/runner/.m2/repository/org/junit/platform/junit-platform-commons/1.10.2/junit-platform-commons-1.10.2.jar:/home/runner/.m2/repository/ch/qos/reload4j/reload4j/1.2.25/reload4j-1.2.25.jar:/home/runner/.m2/repository/jakarta/annotation/jakarta.annotation-api/2.1.1/jakarta.annotation-api-2.1.1.jar:/home/runner/.m2/repository/org/slf4j/slf4j-api/2.0.13/slf4j-api-2.0.13.jar:/home/runner/.m2/repository/org/apache/logging/log4j/log4j-api/2.17.1/log4j-api-2.17.1.jar:/home/runner/work/ozone/ozone/hadoop-hdds/server-scm/target/classes:/home/runner/.m2/repository/com/google/protobuf/protobuf-java/2.5.0/protobuf-java-2.5.0.jar:/home/runner/work/ozone/ozone/hadoop-hdds/container-service/target/classes:/home/runner/work/ozone/ozone/hadoop-hdds/hadoop-dependency-server/target/classes:/home/runner/.m2/repository/com/nimbusds/nimbus-jose-jwt/9.37.2/nimbus-jose-jwt-9.37.2.jar:/home/runner/.m2/repository/com/github/stephenc/jcip/jcip-annotations/1.0-1/jcip-annotations-1.0-1.jar:/home/runner/.m2/repository/org/apache/hadoop/hadoop-hdfs/3.3.6/hadoop-hdfs-3.3.6.jar:/home/runner/.m2/repository/commons-daemon/commons-daemon/1.3.4/commons-daemon-1.3.4.jar:/home/runner/.m2/repository/org/apache/kerby/kerb-core/1.0.1/kerb-core-1.0.1.jar:/home/runner/.m2/repository/org/apache/kerby/kerby-pkix/1.0.1/kerby-pkix-1.0.1.jar:/home/runner/.m2/repository/org/apache/kerby/kerby-asn1/1.0.1/kerby-asn1-1.0.1.jar:/home/runner/.m2/repository/org/apache/kerby/kerby-util/1.0.1/kerby-util-1.0.1.jar:/home/runner/.m2/repository/org/apache/kerby/kerb-util/1.0.1/kerb-util-1.0.1.jar:/home/runner/.m2/repository/org/apache/kerby/kerby-config/1.0.1/kerby-config-1.0.1.jar:/home/runner/.m2/repository/org/apache/kerby/kerb-crypto/1.0.1/kerb-crypto-1.0.1.jar:/home/runner/.m2/repository/org/xerial/snappy/snappy-java/1.1.10.5/snappy-java-1.1.10.5.jar:/home/runner/work/ozone/ozone/hadoop-hdds/framework/target/classes:/home/runner/.m2/repository/org/bouncycastle/bcprov-jdk18on/1.78.1/bcprov-jdk18on-1.78.1.jar:/home/runner/.m2/repository/io/dropwizard/metrics/metrics-core/3.2.6/metrics-core-3.2.6.jar:/home/runner/.m2/repository/org/apache/commons/commons-text/1.11.0/commons-text-1.11.0.jar:/home/runner/work/ozone/ozone/hadoop-hdds/framework/target/test-classes:/home/runner/work/ozone/ozone/hadoop-hdds/interface-server/target/classes:/home/runner/work/ozone/ozone/hadoop-hdds/interface-admin/target/classes:/home/runner/work/ozone/ozone/hadoop-hdds/managed-rocksdb/target/classes:/home/runner/.m2/repository/org/rocksdb/rocksdbjni/7.7.3/rocksdbjni-7.7.3.jar:/home/runner/.m2/repository/org/slf4j/slf4j-reload4j/2.0.13/slf4j-reload4j-2.0.13.jar:/home/runner/.m2/repository/org/apache/commons/commons-configuration2/2.10.1/commons-configuration2-2.10.1.jar:/home/runner/.m2/repository/commons-fileupload/commons-fileupload/1.5/commons-fileupload-1.5.jar:/home/runner/.m2/repository/org/apache/logging/log4j/log4j-core/2.17.1/log4j-core-2.17.1.jar:/home/runner/.m2/repository/com/lmax/disruptor/3.4.4/disruptor-3.4.4.jar:/home/runner/.m2/repository/org/eclipse/jetty/jetty-util/9.4.54.v20240208/jetty-util-9.4.54.v20240208.jar:/home/runner/.m2/repository/org/eclipse/jetty/jetty-server/9.4.54.v20240208/jetty-server-9.4.54.v20240208.jar:/home/runner/.m2/repository/org/eclipse/jetty/jetty-http/9.4.54.v20240208/jetty-http-9.4.54.v20240208.jar:/home/runner/.m2/repository/org/eclipse/jetty/jetty-io/9.4.54.v20240208/jetty-io-9.4.54.v20240208.jar:/home/runner/.m2/repository/org/eclipse/jetty/jetty-servlet/9.4.54.v20240208/jetty-servlet-9.4.54.v20240208.jar:/home/runner/.m2/repository/org/eclipse/jetty/jetty-security/9.4.54.v20240208/jetty-security-9.4.54.v20240208.jar:/home/runner/.m2/repository/org/eclipse/jetty/jetty-util-ajax/9.4.54.v20240208/jetty-util-ajax-9.4.54.v20240208.jar:/home/runner/.m2/repository/org/eclipse/jetty/jetty-webapp/9.4.54.v20240208/jetty-webapp-9.4.54.v20240208.jar:/home/runner/.m2/repository/org/eclipse/jetty/jetty-xml/9.4.54.v20240208/jetty-xml-9.4.54.v20240208.jar:/home/runner/.m2/repository/org/apache/ratis/ratis-server/3.0.1/ratis-server-3.0.1.jar:/home/runner/.m2/repository/org/apache/ratis/ratis-thirdparty-misc/1.0.5/ratis-thirdparty-misc-1.0.5.jar:/home/runner/.m2/repository/org/apache/ratis/ratis-proto/3.0.1/ratis-proto-3.0.1.jar:/home/runner/.m2/repository/org/apache/ratis/ratis-common/3.0.1/ratis-common-3.0.1.jar:/home/runner/.m2/repository/org/apache/ratis/ratis-client/3.0.1/ratis-client-3.0.1.jar:/home/runner/.m2/repository/org/apache/ratis/ratis-server-api/3.0.1/ratis-server-api-3.0.1.jar:/home/runner/.m2/repository/org/apache/ratis/ratis-metrics-api/3.0.1/ratis-metrics-api-3.0.1.jar:/home/runner/.m2/repository/org/apache/ratis/ratis-metrics-dropwizard3/3.0.1/ratis-metrics-dropwizard3-3.0.1.jar:/home/runner/.m2/repository/io/prometheus/simpleclient_dropwizard/0.16.0/simpleclient_dropwizard-0.16.0.jar:/home/runner/.m2/repository/io/prometheus/simpleclient/0.16.0/simpleclient-0.16.0.jar:/home/runner/.m2/repository/io/prometheus/simpleclient_common/0.16.0/simpleclient_common-0.16.0.jar:/home/runner/.m2/repository/com/fasterxml/jackson/datatype/jackson-datatype-jsr310/2.16.2/jackson-datatype-jsr310-2.16.2.jar:/home/runner/.m2/repository/com/fasterxml/jackson/core/jackson-core/2.16.2/jackson-core-2.16.2.jar:/home/runner/work/ozone/ozone/hadoop-hdds/rocksdb-checkpoint-differ/target/classes:/home/runner/.m2/repository/org/jgrapht/jgrapht-core/1.4.0/jgrapht-core-1.4.0.jar:/home/runner/.m2/repository/org/jheaps/jheaps/0.11/jheaps-0.11.jar:/home/runner/.m2/repository/org/jgrapht/jgrapht-ext/1.4.0/jgrapht-ext-1.4.0.jar:/home/runner/.m2/repository/com/github/vlsi/mxgraph/jgraphx/3.9.8.1/jgraphx-3.9.8.1.jar:/home/runner/work/ozone/ozone/hadoop-ozone/ozone-manager/target/classes:/home/runner/.m2/repository/org/aspectj/aspectjrt/1.9.7/aspectjrt-1.9.7.jar:/home/runner/.m2/repository/org/aspectj/aspectjweaver/1.9.7/aspectjweaver-1.9.7.jar:/home/runner/work/ozone/ozone/hadoop-hdds/interface-client/target/classes:/home/runner/.m2/repository/org/apache/hadoop/thirdparty/hadoop-shaded-protobuf_3_7/1.1.1/hadoop-shaded-protobuf_3_7-1.1.1.jar:/home/runner/work/ozone/ozone/hadoop-ozone/interface-storage/target/classes:/home/runner/.m2/repository/org/reflections/reflections/0.10.2/reflections-0.10.2.jar:/home/runner/.m2/repository/com/sun/jersey/jersey-client/1.19.4/jersey-client-1.19.4.jar:/home/runner/.m2/repository/org/codehaus/jackson/jackson-core-asl/1.9.13/jackson-core-asl-1.9.13.jar:/home/runner/.m2/repository/org/codehaus/jackson/jackson-mapper-asl/1.9.13/jackson-mapper-asl-1.9.13.jar:/home/runner/.m2/repository/org/codehaus/jackson/jackson-jaxrs/1.9.13/jackson-jaxrs-1.9.13.jar:/home/runner/.m2/repository/org/apache/ranger/ranger-intg/2.3.0/ranger-intg-2.3.0.jar:/home/runner/.m2/repository/org/apache/ranger/ranger-plugins-common/2.3.0/ranger-plugins-common-2.3.0.jar:/home/runner/.m2/repository/commons-lang/commons-lang/2.6/commons-lang-2.6.jar:/home/runner/.m2/repository/org/apache/ranger/ranger-plugins-cred/2.3.0/ranger-plugins-cred-2.3.0.jar:/home/runner/.m2/repository/org/apache/ranger/ranger-plugins-audit/2.3.0/ranger-plugins-audit-2.3.0.jar:/home/runner/.m2/repository/org/eclipse/jetty/jetty-client/9.4.54.v20240208/jetty-client-9.4.54.v20240208.jar:/home/runner/.m2/repository/org/apache/httpcomponents/httpmime/4.5.6/httpmime-4.5.6.jar:/home/runner/.m2/repository/org/apache/httpcomponents/httpcore-nio/4.4.16/httpcore-nio-4.4.16.jar:/home/runner/.m2/repository/org/apache/httpcomponents/httpasyncclient/4.1.3/httpasyncclient-4.1.3.jar:/home/runner/.m2/repository/com/carrotsearch/hppc/0.8.0/hppc-0.8.0.jar:/home/runner/.m2/repository/org/apache/orc/orc-core/1.5.8/orc-core-1.5.8.jar:/home/runner/.m2/repository/net/java/dev/jna/jna/5.2.0/jna-5.2.0.jar:/home/runner/.m2/repository/net/java/dev/jna/jna-platform/5.2.0/jna-platform-5.2.0.jar:/home/runner/.m2/repository/com/kstruct/gethostname4j/0.0.2/gethostname4j-0.0.2.jar:/home/runner/.m2/repository/org/apache/ranger/ranger-plugin-classloader/2.3.0/ranger-plugin-classloader-2.3.0.jar:/home/runner/work/ozone/ozone/hadoop-hdds/rocks-native/target/classes:/home/runner/.m2/repository/org/apache/hadoop/hadoop-minikdc/3.3.6/hadoop-minikdc-3.3.6.jar:/home/runner/.m2/repository/org/apache/kerby/kerb-simplekdc/1.0.1/kerb-simplekdc-1.0.1.jar:/home/runner/.m2/repository/org/apache/kerby/kerb-client/1.0.1/kerb-client-1.0.1.jar:/home/runner/.m2/repository/org/apache/kerby/kerb-common/1.0.1/kerb-common-1.0.1.jar:/home/runner/.m2/repository/org/apache/kerby/token-provider/1.0.1/token-provider-1.0.1.jar:/home/runner/.m2/repository/org/apache/kerby/kerb-admin/1.0.1/kerb-admin-1.0.1.jar:/home/runner/.m2/repository/org/apache/kerby/kerb-server/1.0.1/kerb-server-1.0.1.jar:/home/runner/.m2/repository/org/apache/kerby/kerb-identity/1.0.1/kerb-identity-1.0.1.jar:/home/runner/.m2/repository/org/apache/kerby/kerby-xdr/1.0.1/kerby-xdr-1.0.1.jar:/home/runner/.m2/repository/junit/junit/4.13.2/junit-4.13.2.jar:/home/runner/.m2/repository/org/hamcrest/hamcrest-core/1.3/hamcrest-core-1.3.jar:/home/runner/work/ozone/ozone/hadoop-ozone/s3gateway/target/classes:/home/runner/.m2/repository/org/javassist/javassist/3.30.2-GA/javassist-3.30.2-GA.jar:/home/runner/.m2/repository/org/jboss/weld/servlet/weld-servlet-shaded/3.1.9.Final/weld-servlet-shaded-3.1.9.Final.jar:/home/runner/.m2/repository/org/glassfish/jersey/containers/jersey-container-servlet-core/2.43/jersey-container-servlet-core-2.43.jar:/home/runner/.m2/repository/org/glassfish/hk2/external/jakarta.inject/2.6.1/jakarta.inject-2.6.1.jar:/home/runner/.m2/repository/org/glassfish/jersey/core/jersey-common/2.43/jersey-common-2.43.jar:/home/runner/.m2/repository/jakarta/ws/rs/jakarta.ws.rs-api/2.1.6/jakarta.ws.rs-api-2.1.6.jar:/home/runner/.m2/repository/org/glassfish/jersey/ext/cdi/jersey-cdi1x/2.43/jersey-cdi1x-2.43.jar:/home/runner/.m2/repository/org/glassfish/jersey/inject/jersey-hk2/2.43/jersey-hk2-2.43.jar:/home/runner/.m2/repository/org/glassfish/hk2/hk2-locator/2.6.1/hk2-locator-2.6.1.jar:/home/runner/.m2/repository/org/glassfish/jersey/media/jersey-media-jaxb/2.43/jersey-media-jaxb-2.43.jar:/home/runner/.m2/repository/org/glassfish/hk2/osgi-resource-locator/1.0.3/osgi-resource-locator-1.0.3.jar:/home/runner/.m2/repository/org/glassfish/hk2/hk2-api/2.6.1/hk2-api-2.6.1.jar:/home/runner/.m2/repository/org/glassfish/hk2/hk2-utils/2.6.1/hk2-utils-2.6.1.jar:/home/runner/.m2/repository/org/glassfish/hk2/external/aopalliance-repackaged/2.6.1/aopalliance-repackaged-2.6.1.jar:/home/runner/.m2/repository/com/fasterxml/jackson/dataformat/jackson-dataformat-xml/2.16.2/jackson-dataformat-xml-2.16.2.jar:/home/runner/.m2/repository/org/codehaus/woodstox/stax2-api/4.2.2/stax2-api-4.2.2.jar:/home/runner/.m2/repository/com/fasterxml/woodstox/woodstox-core/5.4.0/woodstox-core-5.4.0.jar:/home/runner/.m2/repository/com/fasterxml/jackson/module/jackson-module-jaxb-annotations/2.16.2/jackson-module-jaxb-annotations-2.16.2.jar:/home/runner/.m2/repository/javax/enterprise/cdi-api/2.0/cdi-api-2.0.jar:/home/runner/.m2/repository/javax/el/javax.el-api/3.0.0/javax.el-api-3.0.0.jar:/home/runner/.m2/repository/javax/interceptor/javax.interceptor-api/1.2/javax.interceptor-api-1.2.jar:/home/runner/.m2/repository/javax/inject/javax.inject/1/javax.inject-1.jar:/home/runner/.m2/repository/jakarta/xml/bind/jakarta.xml.bind-api/2.3.3/jakarta.xml.bind-api-2.3.3.jar:/home/runner/.m2/repository/org/glassfish/jaxb/jaxb-runtime/2.3.9/jaxb-runtime-2.3.9.jar:/home/runner/.m2/repository/org/glassfish/jaxb/txw2/2.3.9/txw2-2.3.9.jar:/home/runner/.m2/repository/com/sun/istack/istack-commons-runtime/3.0.12/istack-commons-runtime-3.0.12.jar:/home/runner/.m2/repository/com/sun/activation/jakarta.activation/1.2.2/jakarta.activation-1.2.2.jar:/home/runner/.m2/repository/jakarta/activation/jakarta.activation-api/1.2.2/jakarta.activation-api-1.2.2.jar:/home/runner/.m2/repository/io/grpc/grpc-protobuf/1.58.0/grpc-protobuf-1.58.0.jar:/home/runner/.m2/repository/com/google/api/grpc/proto-google-common-protos/2.22.0/proto-google-common-protos-2.22.0.jar:/home/runner/.m2/repository/io/grpc/grpc-protobuf-lite/1.58.0/grpc-protobuf-lite-1.58.0.jar:/home/runner/.m2/repository/io/grpc/grpc-stub/1.58.0/grpc-stub-1.58.0.jar:/home/runner/.m2/repository/io/netty/netty-transport/4.1.109.Final/netty-transport-4.1.109.Final.jar:/home/runner/.m2/repository/io/netty/netty-resolver/4.1.109.Final/netty-resolver-4.1.109.Final.jar:/home/runner/work/ozone/ozone/hadoop-ozone/csi/target/classes:/home/runner/.m2/repository/com/google/protobuf/protobuf-java-util/3.19.6/protobuf-java-util-3.19.6.jar:/home/runner/.m2/repository/com/google/code/gson/gson/2.10.1/gson-2.10.1.jar:/home/runner/work/ozone/ozone/hadoop-hdds/config/target/classes:/home/runner/.m2/repository/io/netty/netty-transport-native-epoll/4.1.109.Final/netty-transport-native-epoll-4.1.109.Final-linux-x86_64.jar:/home/runner/.m2/repository/io/netty/netty-transport-classes-epoll/4.1.109.Final/netty-transport-classes-epoll-4.1.109.Final.jar:/home/runner/.m2/repository/io/netty/netty-transport-native-unix-common/4.1.109.Final/netty-transport-native-unix-common-4.1.109.Final.jar:/home/runner/work/ozone/ozone/hadoop-ozone/recon/target/classes:/home/runner/work/ozone/ozone/hadoop-ozone/recon-codegen/target/classes:/home/runner/.m2/repository/com/google/inject/guice/6.0.0/guice-6.0.0.jar:/home/runner/.m2/repository/jakarta/inject/jakarta.inject-api/2.0.1/jakarta.inject-api-2.0.1.jar:/home/runner/.m2/repository/aopalliance/aopalliance/1.0/aopalliance-1.0.jar:/home/runner/.m2/repository/com/google/inject/extensions/guice-assistedinject/6.0.0/guice-assistedinject-6.0.0.jar:/home/runner/.m2/repository/com/google/inject/extensions/guice-servlet/6.0.0/guice-servlet-6.0.0.jar:/home/runner/.m2/repository/org/glassfish/jersey/containers/jersey-container-servlet/2.43/jersey-container-servlet-2.43.jar:/home/runner/.m2/repository/org/glassfish/hk2/guice-bridge/2.6.1/guice-bridge-2.6.1.jar:/home/runner/.m2/repository/org/glassfish/jersey/core/jersey-server/2.43/jersey-server-2.43.jar:/home/runner/.m2/repository/org/glassfish/jersey/core/jersey-client/2.43/jersey-client-2.43.jar:/home/runner/.m2/repository/jakarta/validation/jakarta.validation-api/2.0.2/jakarta.validation-api-2.0.2.jar:/home/runner/.m2/repository/org/glassfish/jersey/media/jersey-media-json-jackson/2.43/jersey-media-json-jackson-2.43.jar:/home/runner/.m2/repository/org/glassfish/jersey/ext/jersey-entity-filtering/2.43/jersey-entity-filtering-2.43.jar:/home/runner/.m2/repository/org/jooq/jooq/3.11.10/jooq-3.11.10.jar:/home/runner/.m2/repository/org/jooq/jooq-meta/3.11.10/jooq-meta-3.11.10.jar:/home/runner/.m2/repository/org/jooq/jooq-codegen/3.11.10/jooq-codegen-3.11.10.jar:/home/runner/.m2/repository/com/jolbox/bonecp/0.8.0.RELEASE/bonecp-0.8.0.RELEASE.jar:/home/runner/.m2/repository/org/apache/derby/derby/10.14.2.0/derby-10.14.2.0.jar:/home/runner/.m2/repository/org/xerial/sqlite-jdbc/3.44.1.0/sqlite-jdbc-3.44.1.0.jar:/home/runner/.m2/repository/org/springframework/spring-jdbc/5.3.34/spring-jdbc-5.3.34.jar:/home/runner/.m2/repository/org/springframework/spring-beans/5.3.34/spring-beans-5.3.34.jar:/home/runner/.m2/repository/org/springframework/spring-core/5.3.34/spring-core-5.3.34.jar:/home/runner/.m2/repository/org/springframework/spring-tx/5.3.34/spring-tx-5.3.34.jar:/home/runner/work/ozone/ozone/hadoop-ozone/client/target/classes:/home/runner/work/ozone/ozone/hadoop-hdds/erasurecode/target/classes:/home/runner/work/ozone/ozone/hadoop-ozone/ozonefs/target/classes:/home/runner/work/ozone/ozone/hadoop-ozone/ozonefs-common/target/classes:/home/runner/work/ozone/ozone/hadoop-ozone/tools/target/classes:/home/runner/.m2/repository/com/amazonaws/aws-java-sdk-core/1.12.661/aws-java-sdk-core-1.12.661.jar:/home/runner/.m2/repository/org/apache/httpcomponents/httpclient/4.5.14/httpclient-4.5.14.jar:/home/runner/.m2/repository/org/apache/httpcomponents/httpcore/4.4.16/httpcore-4.4.16.jar:/home/runner/.m2/repository/com/fasterxml/jackson/dataformat/jackson-dataformat-cbor/2.16.2/jackson-dataformat-cbor-2.16.2.jar:/home/runner/.m2/repository/joda-time/joda-time/2.12.7/joda-time-2.12.7.jar:/home/runner/.m2/repository/com/amazonaws/aws-java-sdk-s3/1.12.661/aws-java-sdk-s3-1.12.661.jar:/home/runner/.m2/repository/com/amazonaws/aws-java-sdk-kms/1.12.661/aws-java-sdk-kms-1.12.661.jar:/home/runner/.m2/repository/com/amazonaws/jmespath-java/1.12.661/jmespath-java-1.12.661.jar:/home/runner/.m2/repository/org/kohsuke/metainf-services/metainf-services/1.11/metainf-services-1.11.jar:/home/runner/work/ozone/ozone/hadoop-hdds/tools/target/classes:/home/runner/.m2/repository/org/apache/ratis/ratis-tools/3.0.1/ratis-tools-3.0.1.jar:/home/runner/.m2/repository/commons-cli/commons-cli/1.6.0/commons-cli-1.6.0.jar:/home/runner/.m2/repository/org/apache/commons/commons-lang3/3.14.0/commons-lang3-3.14.0.jar:/home/runner/work/ozone/ozone/hadoop-ozone/ozone-manager/target/test-classes:/home/runner/work/ozone/ozone/hadoop-hdds/common/target/test-classes:/home/runner/work/ozone/ozone/hadoop-hdds/hadoop-dependency-client/target/classes:/home/runner/.m2/repository/info/picocli/picocli/4.7.6/picocli-4.7.6.jar:/home/runner/.m2/repository/com/fasterxml/jackson/core/jackson-annotations/2.16.2/jackson-annotations-2.16.2.jar:/home/runner/work/ozone/ozone/hadoop-hdds/annotations/target/classes:/home/runner/.m2/repository/javax/annotation/javax.annotation-api/1.3.2/javax.annotation-api-1.3.2.jar:/home/runner/.m2/repository/org/apache/ratis/ratis-netty/3.0.1/ratis-netty-3.0.1.jar:/home/runner/.m2/repository/org/apache/ratis/ratis-grpc/3.0.1/ratis-grpc-3.0.1.jar:/home/runner/.m2/repository/org/bouncycastle/bcpkix-jdk18on/1.78.1/bcpkix-jdk18on-1.78.1.jar:/home/runner/.m2/repository/org/bouncycastle/bcutil-jdk18on/1.78.1/bcutil-jdk18on-1.78.1.jar:/home/runner/.m2/repository/commons-validator/commons-validator/1.6/commons-validator-1.6.jar:/home/runner/.m2/repository/commons-beanutils/commons-beanutils/1.9.4/commons-beanutils-1.9.4.jar:/home/runner/.m2/repository/commons-digester/commons-digester/1.8.1/commons-digester-1.8.1.jar:/home/runner/.m2/repository/commons-collections/commons-collections/3.2.2/commons-collections-3.2.2.jar:/home/runner/.m2/repository/io/jaegertracing/jaeger-client/1.8.1/jaeger-client-1.8.1.jar:/home/runner/.m2/repository/io/jaegertracing/jaeger-thrift/1.8.1/jaeger-thrift-1.8.1.jar:/home/runner/.m2/repository/org/apache/thrift/libthrift/0.15.0/libthrift-0.15.0.jar:/home/runner/.m2/repository/io/jaegertracing/jaeger-core/1.8.1/jaeger-core-1.8.1.jar:/home/runner/.m2/repository/io/jaegertracing/jaeger-tracerresolver/1.8.1/jaeger-tracerresolver-1.8.1.jar:/home/runner/.m2/repository/io/opentracing/contrib/opentracing-tracerresolver/0.1.8/opentracing-tracerresolver-0.1.8.jar:/home/runner/.m2/repository/org/jetbrains/kotlin/kotlin-stdlib/1.9.24/kotlin-stdlib-1.9.24.jar:/home/runner/.m2/repository/org/jetbrains/annotations/13.0/annotations-13.0.jar:/home/runner/.m2/repository/io/opentracing/opentracing-util/0.33.0/opentracing-util-0.33.0.jar:/home/runner/.m2/repository/io/opentracing/opentracing-api/0.33.0/opentracing-api-0.33.0.jar:/home/runner/.m2/repository/io/opentracing/opentracing-noop/0.33.0/opentracing-noop-0.33.0.jar:/home/runner/.m2/repository/org/yaml/snakeyaml/2.0/snakeyaml-2.0.jar:/home/runner/.m2/repository/io/grpc/grpc-api/1.58.0/grpc-api-1.58.0.jar:/home/runner/.m2/repository/org/junit/platform/junit-platform-launcher/1.10.2/junit-platform-launcher-1.10.2.jar:/home/runner/.m2/repository/org/junit/platform/junit-platform-engine/1.10.2/junit-platform-engine-1.10.2.jar:/home/runner/.m2/repository/org/apiguardian/apiguardian-api/1.1.2/apiguardian-api-1.1.2.jar:/home/runner/.m2/repository/org/apache/hadoop/hadoop-kms/3.3.6/hadoop-kms-3.3.6.jar:/home/runner/.m2/repository/org/apache/hadoop/hadoop-auth/3.3.6/hadoop-auth-3.3.6.jar:/home/runner/.m2/repository/org/apache/zookeeper/zookeeper/3.8.4/zookeeper-3.8.4.jar:/home/runner/.m2/repository/org/apache/zookeeper/zookeeper-jute/3.8.4/zookeeper-jute-3.8.4.jar:/home/runner/.m2/repository/org/apache/yetus/audience-annotations/0.12.0/audience-annotations-0.12.0.jar:/home/runner/.m2/repository/org/apache/curator/curator-framework/4.2.0/curator-framework-4.2.0.jar:/home/runner/.m2/repository/org/apache/hadoop/thirdparty/hadoop-shaded-guava/1.2.0/hadoop-shaded-guava-1.2.0.jar:/home/runner/.m2/repository/com/sun/jersey/jersey-core/1.19.4/jersey-core-1.19.4.jar:/home/runner/.m2/repository/javax/ws/rs/jsr311-api/1.1.1/jsr311-api-1.1.1.jar:/home/runner/.m2/repository/com/sun/jersey/jersey-server/1.19.4/jersey-server-1.19.4.jar:/home/runner/.m2/repository/javax/servlet/javax.servlet-api/3.1.0/javax.servlet-api-3.1.0.jar:/home/runner/.m2/repository/org/apache/hadoop/hadoop-common/3.3.6/hadoop-common-3.3.6.jar:/home/runner/.m2/repository/org/apache/commons/commons-math3/3.6.1/commons-math3-3.6.1.jar:/home/runner/.m2/repository/commons-net/commons-net/3.10.0/commons-net-3.10.0.jar:/home/runner/.m2/repository/com/sun/jersey/jersey-servlet/1.19.4/jersey-servlet-1.19.4.jar:/home/runner/.m2/repository/com/github/pjfanning/jersey-json/1.20/jersey-json-1.20.jar:/home/runner/.m2/repository/org/codehaus/jettison/jettison/1.1/jettison-1.1.jar:/home/runner/.m2/repository/com/sun/xml/bind/jaxb-impl/2.2.3-1/jaxb-impl-2.2.3-1.jar:/home/runner/.m2/repository/com/google/re2j/re2j/1.7/re2j-1.7.jar:/home/runner/.m2/repository/com/jcraft/jsch/0.1.55/jsch-0.1.55.jar:/home/runner/.m2/repository/org/apache/curator/curator-client/4.2.0/curator-client-4.2.0.jar:/home/runner/.m2/repository/org/apache/curator/curator-recipes/5.2.0/curator-recipes-5.2.0.jar:/home/runner/.m2/repository/com/google/code/findbugs/jsr305/3.0.2/jsr305-3.0.2.jar:/home/runner/.m2/repository/dnsjava/dnsjava/2.1.9/dnsjava-2.1.9.jar:/home/runner/.m2/repository/com/fasterxml/jackson/core/jackson-databind/2.16.2/jackson-databind-2.16.2.jar:/home/runner/.m2/repository/org/apache/hadoop/hadoop-kms/3.3.6/hadoop-kms-3.3.6-tests.jar:/home/runner/work/ozone/ozone/hadoop-hdds/server-scm/target/test-classes:/home/runner/work/ozone/ozone/hadoop-hdds/container-service/target/test-classes:/home/runner/.m2/repository/com/github/luben/zstd-jni/1.5.6-3/zstd-jni-1.5.6-3.jar:/home/runner/.m2/repository/commons-codec/commons-codec/1.17.0/commons-codec-1.17.0.jar:/home/runner/.m2/repository/io/netty/netty-codec/4.1.109.Final/netty-codec-4.1.109.Final.jar:/home/runner/.m2/repository/io/netty/netty-handler/4.1.109.Final/netty-handler-4.1.109.Final.jar:/home/runner/work/ozone/ozone/hadoop-hdds/hadoop-dependency-test/target/classes:/home/runner/.m2/repository/org/apache/hadoop/hadoop-common/3.3.6/hadoop-common-3.3.6-tests.jar:/home/runner/.m2/repository/org/apache/hadoop/hadoop-hdfs/3.3.6/hadoop-hdfs-3.3.6-tests.jar:/home/runner/.m2/repository/org/junit/jupiter/junit-jupiter-engine/5.10.2/junit-jupiter-engine-5.10.2.jar:/home/runner/.m2/repository/org/junit/jupiter/junit-jupiter-params/5.10.2/junit-jupiter-params-5.10.2.jar:/home/runner/.m2/repository/org/mockito/mockito-core/4.11.0/mockito-core-4.11.0.jar:/home/runner/.m2/repository/net/bytebuddy/byte-buddy-agent/1.12.19/byte-buddy-agent-1.12.19.jar:/home/runner/.m2/repository/org/objenesis/objenesis/3.3/objenesis-3.3.jar:/home/runner/.m2/repository/org/mockito/mockito-inline/4.11.0/mockito-inline-4.11.0.jar:/home/runner/.m2/repository/org/mockito/mockito-junit-jupiter/4.11.0/mockito-junit-jupiter-4.11.0.jar:/home/runner/.m2/repository/org/apache/hadoop/hadoop-distcp/3.3.6/hadoop-distcp-3.3.6.jar:/home/runner/.m2/repository/org/apache/hadoop/hadoop-mapreduce-client-jobclient/3.3.6/hadoop-mapreduce-client-jobclient-3.3.6.jar:/home/runner/.m2/repository/org/apache/hadoop/hadoop-mapreduce-client-common/3.3.6/hadoop-mapreduce-client-common-3.3.6.jar:/home/runner/.m2/repository/org/apache/hadoop/hadoop-yarn-common/3.3.6/hadoop-yarn-common-3.3.6.jar:/home/runner/.m2/repository/org/apache/hadoop/hadoop-yarn-api/3.3.6/hadoop-yarn-api-3.3.6.jar:/home/runner/.m2/repository/javax/xml/bind/jaxb-api/2.2.11/jaxb-api-2.2.11.jar:/home/runner/.m2/repository/com/sun/jersey/contribs/jersey-guice/1.19.4/jersey-guice-1.19.4.jar:/home/runner/.m2/repository/com/fasterxml/jackson/jaxrs/jackson-jaxrs-json-provider/2.16.2/jackson-jaxrs-json-provider-2.16.2.jar:/home/runner/.m2/repository/com/fasterxml/jackson/jaxrs/jackson-jaxrs-base/2.16.2/jackson-jaxrs-base-2.16.2.jar:/home/runner/.m2/repository/org/apache/hadoop/hadoop-yarn-client/3.3.6/hadoop-yarn-client-3.3.6.jar:/home/runner/.m2/repository/org/eclipse/jetty/websocket/websocket-client/9.4.51.v20230217/websocket-client-9.4.51.v20230217.jar:/home/runner/.m2/repository/org/eclipse/jetty/websocket/websocket-common/9.4.51.v20230217/websocket-common-9.4.51.v20230217.jar:/home/runner/.m2/repository/org/eclipse/jetty/websocket/websocket-api/9.4.51.v20230217/websocket-api-9.4.51.v20230217.jar:/home/runner/.m2/repository/org/jline/jline/3.9.0/jline-3.9.0.jar:/home/runner/.m2/repository/org/apache/hadoop/hadoop-mapreduce-client-core/3.3.6/hadoop-mapreduce-client-core-3.3.6.jar:/home/runner/.m2/repository/org/apache/avro/avro/1.7.7/avro-1.7.7.jar:/home/runner/.m2/repository/com/thoughtworks/paranamer/paranamer/2.3/paranamer-2.3.jar:/home/runner/.m2/repository/org/apache/hadoop/hadoop-annotations/3.3.6/hadoop-annotations-3.3.6.jar:/home/runner/.m2/repository/io/netty/netty/3.10.6.Final/netty-3.10.6.Final.jar:/home/runner/.m2/repository/org/apache/hadoop/hadoop-distcp/3.3.6/hadoop-distcp-3.3.6-tests.jar:/home/runner/.m2/repository/org/hamcrest/hamcrest/2.2/hamcrest-2.2.jar:/home/runner/.m2/repository/org/slf4j/jul-to-slf4j/2.0.13/jul-to-slf4j-2.0.13.jar:/home/runner/work/ozone/ozone/hadoop-ozone/integration-test/target/gradle-enterprise/test-listeners.jar:"/>
    <property name="sun.cpu.endian" value="little"/>
    <property name="user.home" value="/home/runner"/>
    <property name="user.language" value="en"/>
    <property name="java.specification.vendor" value="Oracle Corporation"/>
    <property name="java.version.date" value="2024-04-16"/>
    <property name="java.home" value="/usr/lib/jvm/temurin-17-jdk-amd64"/>
    <property name="java.security.krb5.conf" value="/home/runner/work/ozone/ozone/hadoop-ozone/integration-test/target/test-classes/krb5.conf"/>
    <property name="file.separator" value="/"/>
    <property name="basedir" value="/home/runner/work/ozone/ozone/hadoop-ozone/integration-test"/>
    <property name="java.vm.compressedOopsMode" value="Zero based"/>
    <property name="line.separator" value="&#10;"/>
    <property name="java.vm.specification.vendor" value="Oracle Corporation"/>
    <property name="java.specification.name" value="Java Platform API Specification"/>
    <property name="skip.installnpx" value="true"/>
    <property name="surefire.real.class.path" value="/home/runner/work/ozone/ozone/hadoop-ozone/integration-test/target/surefire/surefirebooter16313718204436059443.jar"/>
    <property name="hadoop.log.dir" value="/home/runner/work/ozone/ozone/hadoop-ozone/integration-test/target/log"/>
    <property name="sun.management.compiler" value="HotSpot 64-Bit Tiered Compilers"/>
    <property name="java.runtime.version" value="17.0.11+9"/>
    <property name="skip.npx" value="true"/>
    <property name="user.name" value="runner"/>
    <property name="java.net.preferIPv4Stack" value="true"/>
    <property name="path.separator" value=":"/>
    <property name="java.security.egd" value="file:///dev/urandom"/>
    <property name="os.version" value="5.15.0-1064-azure"/>
    <property name="java.runtime.name" value="OpenJDK Runtime Environment"/>
    <property name="com.gradle.maven.scan.extension.test.listener.junitplatform.NestedExecutionSafeDelegatingTestExecutionListener" value="68567e20"/>
    <property name="file.encoding" value="UTF-8"/>
    <property name="java.vm.name" value="OpenJDK 64-Bit Server VM"/>
    <property name="java.vendor.version" value="Temurin-17.0.11+9"/>
    <property name="test.build.webapps" value=""/>
    <property name="gradle.enterprise.listener.port" value="43321"/>
    <property name="localRepository" value="/home/runner/.m2/repository"/>
    <property name="java.vendor.url.bug" value="https://github.com/adoptium/adoptium-support/issues"/>
    <property name="jetty.git.hash" value="cef3fbd6d736a21e7d541a5db490381d95a2047d"/>
    <property name="java.io.tmpdir" value="/tmp"/>
    <property name="require.test.libhadoop" value=""/>
    <property name="java.version" value="17.0.11"/>
    <property name="user.dir" value="/home/runner/work/ozone/ozone/hadoop-ozone/integration-test"/>
    <property name="os.arch" value="amd64"/>
    <property name="java.vm.specification.name" value="Java Virtual Machine Specification"/>
    <property name="test.build.classes" value="/home/runner/work/ozone/ozone/hadoop-ozone/integration-test/target/test-classes"/>
    <property name="org.apache.ratis.thirdparty.io.netty.allocator.useCacheForAllThreads" value="false"/>
    <property name="native.encoding" value="UTF-8"/>
    <property name="hadoop.tmp.dir" value="/home/runner/work/ozone/ozone/hadoop-ozone/integration-test/target/tmp"/>
    <property name="java.library.path" value="/usr/java/packages/lib:/usr/lib64:/lib64:/lib:/usr/lib"/>
    <property name="java.vm.info" value="mixed mode, sharing"/>
    <property name="java.vendor" value="Eclipse Adoptium"/>
    <property name="java.vm.version" value="17.0.11+9"/>
    <property name="sun.io.unicode.encoding" value="UnicodeLittle"/>
    <property name="java.class.version" value="61.0"/>
  </properties>
  <testcase name="ofs" classname="org.apache.hadoop.fs.ozone.TestSafeMode" time="31.609"/>
  <testcase name="o3fs" classname="org.apache.hadoop.fs.ozone.TestSafeMode" time="128.038">
    <error type="java.util.concurrent.TimeoutException"><![CDATA[java.util.concurrent.TimeoutException: o3fs() timed out after 120 seconds
	at java.base/java.util.ArrayList.forEach(ArrayList.java:1511)
	at java.base/java.util.ArrayList.forEach(ArrayList.java:1511)
]]></error>
    <system-out><![CDATA[2024-06-08 12:39:11,449 [f77e3843-6fa7-4ff7-99fe-a68d95a9a65f@group-33F6AC0EAB09-FollowerState] INFO  impl.FollowerState (FollowerState.java:run(143)) - f77e3843-6fa7-4ff7-99fe-a68d95a9a65f@group-33F6AC0EAB09-FollowerState: change to CANDIDATE, lastRpcElapsedTime:5011426835ns, electionTimeout:5010ms
2024-06-08 12:39:11,449 [f77e3843-6fa7-4ff7-99fe-a68d95a9a65f@group-33F6AC0EAB09-FollowerState] INFO  impl.RoleInfo (RoleInfo.java:shutdownFollowerState(110)) - f77e3843-6fa7-4ff7-99fe-a68d95a9a65f: shutdown f77e3843-6fa7-4ff7-99fe-a68d95a9a65f@group-33F6AC0EAB09-FollowerState
2024-06-08 12:39:11,450 [f77e3843-6fa7-4ff7-99fe-a68d95a9a65f@group-33F6AC0EAB09-FollowerState] INFO  server.RaftServer$Division (RaftServerImpl.java:setRole(383)) - f77e3843-6fa7-4ff7-99fe-a68d95a9a65f@group-33F6AC0EAB09: changes role from  FOLLOWER to CANDIDATE at term 0 for changeToCandidate
2024-06-08 12:39:11,450 [f77e3843-6fa7-4ff7-99fe-a68d95a9a65f@group-33F6AC0EAB09-FollowerState] INFO  server.RaftServerConfigKeys (ConfUtils.java:logGet(46)) - raft.server.leaderelection.pre-vote = true (default)
2024-06-08 12:39:11,450 [f77e3843-6fa7-4ff7-99fe-a68d95a9a65f@group-33F6AC0EAB09-FollowerState] INFO  impl.RoleInfo (RoleInfo.java:updateAndGet(139)) - f77e3843-6fa7-4ff7-99fe-a68d95a9a65f: start f77e3843-6fa7-4ff7-99fe-a68d95a9a65f@group-33F6AC0EAB09-LeaderElection10
2024-06-08 12:39:11,450 [f77e3843-6fa7-4ff7-99fe-a68d95a9a65f@group-33F6AC0EAB09-LeaderElection10] INFO  impl.LeaderElection (LeaderElection.java:askForVotes(321)) - f77e3843-6fa7-4ff7-99fe-a68d95a9a65f@group-33F6AC0EAB09-LeaderElection10 PRE_VOTE round 0: submit vote requests at term 0 for -1: peers:[62cc6baa-56d0-4b32-bcd5-4e291d75a464|127.0.0.1:15067, f77e3843-6fa7-4ff7-99fe-a68d95a9a65f|127.0.0.1:15049, 88275c87-ecbb-4b0d-b3dc-5fc4defb1403|127.0.0.1:15058]|listeners:[], old=null
2024-06-08 12:39:11,451 [f77e3843-6fa7-4ff7-99fe-a68d95a9a65f@group-33F6AC0EAB09-LeaderElection10-1] INFO  server.GrpcServerProtocolClient (GrpcServerProtocolClient.java:<init>(65)) - Build channel for 62cc6baa-56d0-4b32-bcd5-4e291d75a464|127.0.0.1:15067
2024-06-08 12:39:11,451 [f77e3843-6fa7-4ff7-99fe-a68d95a9a65f@group-33F6AC0EAB09-LeaderElection10-2] INFO  server.GrpcServerProtocolClient (GrpcServerProtocolClient.java:<init>(65)) - Build channel for 88275c87-ecbb-4b0d-b3dc-5fc4defb1403|127.0.0.1:15058
2024-06-08 12:39:11,451 [f77e3843-6fa7-4ff7-99fe-a68d95a9a65f@group-33F6AC0EAB09-LeaderElection10] INFO  server.RaftServerConfigKeys (ConfUtils.java:logFallback(53)) - raft.server.rpc.first-election.timeout.min = 5s (fallback to raft.server.rpc.timeout.min)
2024-06-08 12:39:11,451 [f77e3843-6fa7-4ff7-99fe-a68d95a9a65f@group-33F6AC0EAB09-LeaderElection10] INFO  server.RaftServerConfigKeys (ConfUtils.java:logFallback(53)) - raft.server.rpc.first-election.timeout.max = 5200ms (fallback to raft.server.rpc.timeout.max)
2024-06-08 12:39:11,457 [grpc-default-executor-4] INFO  server.RaftServer$Division (RaftServerImpl.java:requestVote(1389)) - 62cc6baa-56d0-4b32-bcd5-4e291d75a464@group-33F6AC0EAB09: receive requestVote(PRE_VOTE, f77e3843-6fa7-4ff7-99fe-a68d95a9a65f, group-33F6AC0EAB09, 0, (t:0, i:0))
2024-06-08 12:39:11,457 [grpc-default-executor-4] INFO  impl.VoteContext (VoteContext.java:log(49)) - 62cc6baa-56d0-4b32-bcd5-4e291d75a464@group-33F6AC0EAB09-FOLLOWER: accept PRE_VOTE from f77e3843-6fa7-4ff7-99fe-a68d95a9a65f: our priority 0 <= candidate's priority 0
2024-06-08 12:39:11,457 [grpc-default-executor-4] INFO  server.RaftServer$Division (RaftServerImpl.java:requestVote(1422)) - 62cc6baa-56d0-4b32-bcd5-4e291d75a464@group-33F6AC0EAB09 replies to PRE_VOTE vote request: f77e3843-6fa7-4ff7-99fe-a68d95a9a65f<-62cc6baa-56d0-4b32-bcd5-4e291d75a464#0:OK-t0. Peer's state: 62cc6baa-56d0-4b32-bcd5-4e291d75a464@group-33F6AC0EAB09:t0, leader=null, voted=, raftlog=Memoized:62cc6baa-56d0-4b32-bcd5-4e291d75a464@group-33F6AC0EAB09-SegmentedRaftLog:OPENED:c-1, conf=-1: peers:[62cc6baa-56d0-4b32-bcd5-4e291d75a464|127.0.0.1:15067, f77e3843-6fa7-4ff7-99fe-a68d95a9a65f|127.0.0.1:15049, 88275c87-ecbb-4b0d-b3dc-5fc4defb1403|127.0.0.1:15058]|listeners:[], old=null
2024-06-08 12:39:11,459 [grpc-default-executor-0] INFO  server.RaftServer$Division (RaftServerImpl.java:requestVote(1389)) - 88275c87-ecbb-4b0d-b3dc-5fc4defb1403@group-33F6AC0EAB09: receive requestVote(PRE_VOTE, f77e3843-6fa7-4ff7-99fe-a68d95a9a65f, group-33F6AC0EAB09, 0, (t:0, i:0))
2024-06-08 12:39:11,459 [grpc-default-executor-0] INFO  impl.VoteContext (VoteContext.java:log(49)) - 88275c87-ecbb-4b0d-b3dc-5fc4defb1403@group-33F6AC0EAB09-FOLLOWER: reject PRE_VOTE from f77e3843-6fa7-4ff7-99fe-a68d95a9a65f: our priority 1 > candidate's priority 0
2024-06-08 12:39:11,459 [grpc-default-executor-0] INFO  server.RaftServer$Division (RaftServerImpl.java:requestVote(1422)) - 88275c87-ecbb-4b0d-b3dc-5fc4defb1403@group-33F6AC0EAB09 replies to PRE_VOTE vote request: f77e3843-6fa7-4ff7-99fe-a68d95a9a65f<-88275c87-ecbb-4b0d-b3dc-5fc4defb1403#0:FAIL-t0. Peer's state: 88275c87-ecbb-4b0d-b3dc-5fc4defb1403@group-33F6AC0EAB09:t0, leader=null, voted=, raftlog=Memoized:88275c87-ecbb-4b0d-b3dc-5fc4defb1403@group-33F6AC0EAB09-SegmentedRaftLog:OPENED:c-1, conf=-1: peers:[62cc6baa-56d0-4b32-bcd5-4e291d75a464|127.0.0.1:15067, f77e3843-6fa7-4ff7-99fe-a68d95a9a65f|127.0.0.1:15049, 88275c87-ecbb-4b0d-b3dc-5fc4defb1403|127.0.0.1:15058]|listeners:[], old=null
2024-06-08 12:39:11,461 [f77e3843-6fa7-4ff7-99fe-a68d95a9a65f@group-33F6AC0EAB09-LeaderElection10] INFO  impl.LeaderElection (LeaderElection.java:logAndReturn(89)) - f77e3843-6fa7-4ff7-99fe-a68d95a9a65f@group-33F6AC0EAB09-LeaderElection10: PRE_VOTE REJECTED received 2 response(s) and 0 exception(s):
2024-06-08 12:39:11,461 [f77e3843-6fa7-4ff7-99fe-a68d95a9a65f@group-33F6AC0EAB09-LeaderElection10] INFO  impl.LeaderElection (LeaderElection.java:logAndReturn(93)) -   Response 0: f77e3843-6fa7-4ff7-99fe-a68d95a9a65f<-62cc6baa-56d0-4b32-bcd5-4e291d75a464#0:OK-t0
2024-06-08 12:39:11,461 [f77e3843-6fa7-4ff7-99fe-a68d95a9a65f@group-33F6AC0EAB09-LeaderElection10] INFO  impl.LeaderElection (LeaderElection.java:logAndReturn(93)) -   Response 1: f77e3843-6fa7-4ff7-99fe-a68d95a9a65f<-88275c87-ecbb-4b0d-b3dc-5fc4defb1403#0:FAIL-t0
2024-06-08 12:39:11,461 [f77e3843-6fa7-4ff7-99fe-a68d95a9a65f@group-33F6AC0EAB09-LeaderElection10] INFO  impl.LeaderElection (LeaderElection.java:askForVotes(323)) - f77e3843-6fa7-4ff7-99fe-a68d95a9a65f@group-33F6AC0EAB09-LeaderElection10 PRE_VOTE round 0: result REJECTED
2024-06-08 12:39:11,461 [f77e3843-6fa7-4ff7-99fe-a68d95a9a65f@group-33F6AC0EAB09-LeaderElection10] INFO  server.RaftServer$Division (RaftServerImpl.java:setRole(383)) - f77e3843-6fa7-4ff7-99fe-a68d95a9a65f@group-33F6AC0EAB09: changes role from CANDIDATE to FOLLOWER at term 0 for REJECTED
2024-06-08 12:39:11,461 [f77e3843-6fa7-4ff7-99fe-a68d95a9a65f@group-33F6AC0EAB09-LeaderElection10] INFO  impl.RoleInfo (RoleInfo.java:shutdownLeaderElection(130)) - f77e3843-6fa7-4ff7-99fe-a68d95a9a65f: shutdown f77e3843-6fa7-4ff7-99fe-a68d95a9a65f@group-33F6AC0EAB09-LeaderElection10
2024-06-08 12:39:11,462 [f77e3843-6fa7-4ff7-99fe-a68d95a9a65f@group-33F6AC0EAB09-LeaderElection10] INFO  impl.RoleInfo (RoleInfo.java:updateAndGet(139)) - f77e3843-6fa7-4ff7-99fe-a68d95a9a65f: start f77e3843-6fa7-4ff7-99fe-a68d95a9a65f@group-33F6AC0EAB09-FollowerState
2024-06-08 12:39:11,462 [f77e3843-6fa7-4ff7-99fe-a68d95a9a65f@group-33F6AC0EAB09-LeaderElection10] INFO  server.RaftServer$Division (RaftServerImpl.java:setFirstElection(574)) - f77e3843-6fa7-4ff7-99fe-a68d95a9a65f@group-33F6AC0EAB09: set firstElectionSinceStartup to false for REJECTED
2024-06-08 12:39:11,498 [f77e3843-6fa7-4ff7-99fe-a68d95a9a65f@group-3AA15A02A225-FollowerState] INFO  impl.FollowerState (FollowerState.java:run(143)) - f77e3843-6fa7-4ff7-99fe-a68d95a9a65f@group-3AA15A02A225-FollowerState: change to CANDIDATE, lastRpcElapsedTime:5082556140ns, electionTimeout:5082ms
2024-06-08 12:39:11,498 [f77e3843-6fa7-4ff7-99fe-a68d95a9a65f@group-3AA15A02A225-FollowerState] INFO  impl.RoleInfo (RoleInfo.java:shutdownFollowerState(110)) - f77e3843-6fa7-4ff7-99fe-a68d95a9a65f: shutdown f77e3843-6fa7-4ff7-99fe-a68d95a9a65f@group-3AA15A02A225-FollowerState
2024-06-08 12:39:11,498 [f77e3843-6fa7-4ff7-99fe-a68d95a9a65f@group-3AA15A02A225-FollowerState] INFO  server.RaftServer$Division (RaftServerImpl.java:setRole(383)) - f77e3843-6fa7-4ff7-99fe-a68d95a9a65f@group-3AA15A02A225: changes role from  FOLLOWER to CANDIDATE at term 0 for changeToCandidate
2024-06-08 12:39:11,498 [f77e3843-6fa7-4ff7-99fe-a68d95a9a65f@group-3AA15A02A225-FollowerState] INFO  server.RaftServerConfigKeys (ConfUtils.java:logGet(46)) - raft.server.leaderelection.pre-vote = true (default)
2024-06-08 12:39:11,498 [f77e3843-6fa7-4ff7-99fe-a68d95a9a65f@group-3AA15A02A225-FollowerState] INFO  impl.RoleInfo (RoleInfo.java:updateAndGet(139)) - f77e3843-6fa7-4ff7-99fe-a68d95a9a65f: start f77e3843-6fa7-4ff7-99fe-a68d95a9a65f@group-3AA15A02A225-LeaderElection11
2024-06-08 12:39:11,498 [f77e3843-6fa7-4ff7-99fe-a68d95a9a65f@group-3AA15A02A225-LeaderElection11] INFO  impl.LeaderElection (LeaderElection.java:askForVotes(321)) - f77e3843-6fa7-4ff7-99fe-a68d95a9a65f@group-3AA15A02A225-LeaderElection11 PRE_VOTE round 0: submit vote requests at term 0 for -1: peers:[f77e3843-6fa7-4ff7-99fe-a68d95a9a65f|127.0.0.1:15049]|listeners:[], old=null
2024-06-08 12:39:11,498 [f77e3843-6fa7-4ff7-99fe-a68d95a9a65f@group-3AA15A02A225-LeaderElection11] INFO  impl.LeaderElection (LeaderElection.java:askForVotes(323)) - f77e3843-6fa7-4ff7-99fe-a68d95a9a65f@group-3AA15A02A225-LeaderElection11 PRE_VOTE round 0: result PASSED (term=0)
2024-06-08 12:39:11,501 [f77e3843-6fa7-4ff7-99fe-a68d95a9a65f@group-3AA15A02A225-LeaderElection11] INFO  impl.LeaderElection (LeaderElection.java:askForVotes(321)) - f77e3843-6fa7-4ff7-99fe-a68d95a9a65f@group-3AA15A02A225-LeaderElection11 ELECTION round 0: submit vote requests at term 1 for -1: peers:[f77e3843-6fa7-4ff7-99fe-a68d95a9a65f|127.0.0.1:15049]|listeners:[], old=null
2024-06-08 12:39:11,501 [f77e3843-6fa7-4ff7-99fe-a68d95a9a65f@group-3AA15A02A225-LeaderElection11] INFO  impl.LeaderElection (LeaderElection.java:askForVotes(323)) - f77e3843-6fa7-4ff7-99fe-a68d95a9a65f@group-3AA15A02A225-LeaderElection11 ELECTION round 0: result PASSED (term=1)
2024-06-08 12:39:11,501 [f77e3843-6fa7-4ff7-99fe-a68d95a9a65f@group-3AA15A02A225-LeaderElection11] INFO  impl.RoleInfo (RoleInfo.java:shutdownLeaderElection(130)) - f77e3843-6fa7-4ff7-99fe-a68d95a9a65f: shutdown f77e3843-6fa7-4ff7-99fe-a68d95a9a65f@group-3AA15A02A225-LeaderElection11
2024-06-08 12:39:11,501 [f77e3843-6fa7-4ff7-99fe-a68d95a9a65f@group-3AA15A02A225-LeaderElection11] INFO  server.RaftServer$Division (RaftServerImpl.java:setRole(383)) - f77e3843-6fa7-4ff7-99fe-a68d95a9a65f@group-3AA15A02A225: changes role from CANDIDATE to LEADER at term 1 for changeToLeader
2024-06-08 12:39:11,501 [f77e3843-6fa7-4ff7-99fe-a68d95a9a65f@group-3AA15A02A225-LeaderElection11] INFO  server.RaftServerConfigKeys (ConfUtils.java:logGet(46)) - raft.server.staging.catchup.gap = 1000 (default)
2024-06-08 12:39:11,502 [f77e3843-6fa7-4ff7-99fe-a68d95a9a65f@group-3AA15A02A225-LeaderElection11] INFO  server.RaftServerConfigKeys (ConfUtils.java:logGet(46)) - raft.server.write.element-limit = 1024 (custom)
2024-06-08 12:39:11,502 [f77e3843-6fa7-4ff7-99fe-a68d95a9a65f@group-3AA15A02A225-LeaderElection11] INFO  server.RaftServerConfigKeys (ConfUtils.java:logGet(46)) - raft.server.write.byte-limit = 1024 M (=1073741824) (custom)
2024-06-08 12:39:11,502 [f77e3843-6fa7-4ff7-99fe-a68d95a9a65f@group-3AA15A02A225-LeaderElection11] INFO  server.RaftServerConfigKeys (ConfUtils.java:logGet(46)) - raft.server.watch.timeout = 30s (custom)
2024-06-08 12:39:11,502 [f77e3843-6fa7-4ff7-99fe-a68d95a9a65f@group-3AA15A02A225-LeaderElection11] INFO  server.RaftServerConfigKeys (ConfUtils.java:logGet(46)) - raft.server.watch.timeout.denomination = 1s (default)
2024-06-08 12:39:11,502 [f77e3843-6fa7-4ff7-99fe-a68d95a9a65f@group-3AA15A02A225-LeaderElection11] INFO  server.RaftServerConfigKeys (ConfUtils.java:logGet(46)) - raft.server.watch.element-limit = 65536 (default)
2024-06-08 12:39:11,502 [f77e3843-6fa7-4ff7-99fe-a68d95a9a65f@group-3AA15A02A225-LeaderElection11] INFO  server.RaftServerConfigKeys (ConfUtils.java:logGet(46)) - raft.server.read.leader.lease.enabled = false (default)
2024-06-08 12:39:11,503 [f77e3843-6fa7-4ff7-99fe-a68d95a9a65f@group-3AA15A02A225-LeaderElection11] INFO  server.RaftServerConfigKeys (ConfUtils.java:logGet(46)) - raft.server.read.leader.lease.timeout.ratio = 0.9 (default)
2024-06-08 12:39:11,503 [f77e3843-6fa7-4ff7-99fe-a68d95a9a65f@group-3AA15A02A225-LeaderElection11] INFO  server.RaftServerConfigKeys (ConfUtils.java:logGet(46)) - raft.server.rpc.timeout.min = 5s (custom)
2024-06-08 12:39:11,503 [f77e3843-6fa7-4ff7-99fe-a68d95a9a65f@group-3AA15A02A225-LeaderElection11] INFO  server.RaftServerConfigKeys (ConfUtils.java:logGet(46)) - raft.server.write.element-limit = 1024 (custom)
2024-06-08 12:39:11,503 [f77e3843-6fa7-4ff7-99fe-a68d95a9a65f@group-3AA15A02A225-LeaderElection11] INFO  server.RaftServerConfigKeys (ConfUtils.java:logGet(46)) - raft.server.write.follower.gap.ratio.max = -1.0 (default)
2024-06-08 12:39:11,503 [f77e3843-6fa7-4ff7-99fe-a68d95a9a65f@group-3AA15A02A225-LeaderElection11] INFO  impl.RoleInfo (RoleInfo.java:updateAndGet(139)) - f77e3843-6fa7-4ff7-99fe-a68d95a9a65f: start f77e3843-6fa7-4ff7-99fe-a68d95a9a65f@group-3AA15A02A225-LeaderStateImpl
2024-06-08 12:39:11,503 [f77e3843-6fa7-4ff7-99fe-a68d95a9a65f@group-3AA15A02A225-LeaderElection11] INFO  server.RaftServer$Division (RaftServerImpl.java:setFirstElection(574)) - f77e3843-6fa7-4ff7-99fe-a68d95a9a65f@group-3AA15A02A225: set firstElectionSinceStartup to false for becomeLeader
2024-06-08 12:39:11,503 [f77e3843-6fa7-4ff7-99fe-a68d95a9a65f@group-3AA15A02A225-LeaderElection11] INFO  ratis.XceiverServerRatis (XceiverServerRatis.java:handleLeaderChangedNotification(966)) - Leader change notification received for group: group-3AA15A02A225 with new leaderId: f77e3843-6fa7-4ff7-99fe-a68d95a9a65f
2024-06-08 12:39:11,503 [f77e3843-6fa7-4ff7-99fe-a68d95a9a65f@group-3AA15A02A225-LeaderElection11] INFO  server.RaftServer$Division (ServerState.java:setLeader(269)) - f77e3843-6fa7-4ff7-99fe-a68d95a9a65f@group-3AA15A02A225: change Leader from null to f77e3843-6fa7-4ff7-99fe-a68d95a9a65f at term 1 for becomeLeader, leader elected after 5104ms
2024-06-08 12:39:11,503 [f77e3843-6fa7-4ff7-99fe-a68d95a9a65f@group-3AA15A02A225-LeaderElection11] INFO  segmented.SegmentedRaftLogWorker (SegmentedRaftLogWorker.java:startLogSegment(430)) - f77e3843-6fa7-4ff7-99fe-a68d95a9a65f@group-3AA15A02A225-SegmentedRaftLogWorker: Starting segment from index:0
2024-06-08 12:39:11,504 [f77e3843-6fa7-4ff7-99fe-a68d95a9a65f@group-3AA15A02A225-LeaderElection11] INFO  server.RaftServer$Division (ServerState.java:setRaftConf(386)) - f77e3843-6fa7-4ff7-99fe-a68d95a9a65f@group-3AA15A02A225: set configuration 0: peers:[f77e3843-6fa7-4ff7-99fe-a68d95a9a65f|127.0.0.1:15049]|listeners:[], old=null
2024-06-08 12:39:11,504 [f77e3843-6fa7-4ff7-99fe-a68d95a9a65f@group-3AA15A02A225-SegmentedRaftLogWorker] INFO  segmented.BufferedWriteChannel (BufferedWriteChannel.java:open(62)) - open log_inprogress_0 at position 0
2024-06-08 12:39:11,506 [EventQueue-OpenPipelineForHealthyPipelineSafeModeRule] INFO  safemode.SCMSafeModeManager (HealthyPipelineSafeModeRule.java:process(140)) - SCM in safe mode. Healthy pipelines reported count is 0, required healthy pipeline reported count is 1
2024-06-08 12:39:11,512 [f77e3843-6fa7-4ff7-99fe-a68d95a9a65f@group-3AA15A02A225-SegmentedRaftLogWorker] INFO  segmented.SegmentedRaftLogWorker (SegmentedRaftLogWorker.java:execute(634)) - f77e3843-6fa7-4ff7-99fe-a68d95a9a65f@group-3AA15A02A225-SegmentedRaftLogWorker: created new log segment /home/runner/work/ozone/ozone/hadoop-ozone/integration-test/target/test-dir/MiniOzoneClusterImpl-eb3449cc-c24b-44af-9d9e-25cc0a4be729/ozone-meta/datanode-4/ratis/f9b2f5bc-84bd-40ea-a409-3aa15a02a225/current/log_inprogress_0
2024-06-08 12:39:11,514 [f77e3843-6fa7-4ff7-99fe-a68d95a9a65f@group-3AA15A02A225-StateMachineUpdater] INFO  server.RaftServer$Division (LeaderStateImpl.java:isApplied(320)) - leader is ready since appliedIndex == 0 >= startIndex == 0
2024-06-08 12:39:11,544 [88275c87-ecbb-4b0d-b3dc-5fc4defb1403@group-33F6AC0EAB09-FollowerState] INFO  impl.FollowerState (FollowerState.java:run(143)) - 88275c87-ecbb-4b0d-b3dc-5fc4defb1403@group-33F6AC0EAB09-FollowerState: change to CANDIDATE, lastRpcElapsedTime:5079931545ns, electionTimeout:5079ms
2024-06-08 12:39:11,544 [88275c87-ecbb-4b0d-b3dc-5fc4defb1403@group-33F6AC0EAB09-FollowerState] INFO  impl.RoleInfo (RoleInfo.java:shutdownFollowerState(110)) - 88275c87-ecbb-4b0d-b3dc-5fc4defb1403: shutdown 88275c87-ecbb-4b0d-b3dc-5fc4defb1403@group-33F6AC0EAB09-FollowerState
2024-06-08 12:39:11,544 [88275c87-ecbb-4b0d-b3dc-5fc4defb1403@group-33F6AC0EAB09-FollowerState] INFO  server.RaftServer$Division (RaftServerImpl.java:setRole(383)) - 88275c87-ecbb-4b0d-b3dc-5fc4defb1403@group-33F6AC0EAB09: changes role from  FOLLOWER to CANDIDATE at term 0 for changeToCandidate
2024-06-08 12:39:11,544 [88275c87-ecbb-4b0d-b3dc-5fc4defb1403@group-33F6AC0EAB09-FollowerState] INFO  server.RaftServerConfigKeys (ConfUtils.java:logGet(46)) - raft.server.leaderelection.pre-vote = true (default)
2024-06-08 12:39:11,544 [88275c87-ecbb-4b0d-b3dc-5fc4defb1403@group-33F6AC0EAB09-FollowerState] INFO  impl.RoleInfo (RoleInfo.java:updateAndGet(139)) - 88275c87-ecbb-4b0d-b3dc-5fc4defb1403: start 88275c87-ecbb-4b0d-b3dc-5fc4defb1403@group-33F6AC0EAB09-LeaderElection12
2024-06-08 12:39:11,545 [88275c87-ecbb-4b0d-b3dc-5fc4defb1403@group-33F6AC0EAB09-LeaderElection12] INFO  impl.LeaderElection (LeaderElection.java:askForVotes(321)) - 88275c87-ecbb-4b0d-b3dc-5fc4defb1403@group-33F6AC0EAB09-LeaderElection12 PRE_VOTE round 0: submit vote requests at term 0 for -1: peers:[62cc6baa-56d0-4b32-bcd5-4e291d75a464|127.0.0.1:15067, f77e3843-6fa7-4ff7-99fe-a68d95a9a65f|127.0.0.1:15049, 88275c87-ecbb-4b0d-b3dc-5fc4defb1403|127.0.0.1:15058]|listeners:[], old=null
2024-06-08 12:39:11,545 [88275c87-ecbb-4b0d-b3dc-5fc4defb1403@group-33F6AC0EAB09-LeaderElection12-1] INFO  server.GrpcServerProtocolClient (GrpcServerProtocolClient.java:<init>(65)) - Build channel for 62cc6baa-56d0-4b32-bcd5-4e291d75a464|127.0.0.1:15067
2024-06-08 12:39:11,545 [88275c87-ecbb-4b0d-b3dc-5fc4defb1403@group-33F6AC0EAB09-LeaderElection12-2] INFO  server.GrpcServerProtocolClient (GrpcServerProtocolClient.java:<init>(65)) - Build channel for f77e3843-6fa7-4ff7-99fe-a68d95a9a65f|127.0.0.1:15049
2024-06-08 12:39:11,545 [88275c87-ecbb-4b0d-b3dc-5fc4defb1403@group-33F6AC0EAB09-LeaderElection12] INFO  server.RaftServerConfigKeys (ConfUtils.java:logFallback(53)) - raft.server.rpc.first-election.timeout.min = 5s (fallback to raft.server.rpc.timeout.min)
2024-06-08 12:39:11,546 [88275c87-ecbb-4b0d-b3dc-5fc4defb1403@group-33F6AC0EAB09-LeaderElection12] INFO  server.RaftServerConfigKeys (ConfUtils.java:logFallback(53)) - raft.server.rpc.first-election.timeout.max = 5200ms (fallback to raft.server.rpc.timeout.max)
2024-06-08 12:39:11,550 [grpc-default-executor-4] INFO  server.RaftServer$Division (RaftServerImpl.java:requestVote(1389)) - 62cc6baa-56d0-4b32-bcd5-4e291d75a464@group-33F6AC0EAB09: receive requestVote(PRE_VOTE, 88275c87-ecbb-4b0d-b3dc-5fc4defb1403, group-33F6AC0EAB09, 0, (t:0, i:0))
2024-06-08 12:39:11,550 [grpc-default-executor-4] INFO  impl.VoteContext (VoteContext.java:log(49)) - 62cc6baa-56d0-4b32-bcd5-4e291d75a464@group-33F6AC0EAB09-FOLLOWER: accept PRE_VOTE from 88275c87-ecbb-4b0d-b3dc-5fc4defb1403: our priority 0 <= candidate's priority 1
2024-06-08 12:39:11,550 [grpc-default-executor-4] INFO  server.RaftServer$Division (RaftServerImpl.java:requestVote(1422)) - 62cc6baa-56d0-4b32-bcd5-4e291d75a464@group-33F6AC0EAB09 replies to PRE_VOTE vote request: 88275c87-ecbb-4b0d-b3dc-5fc4defb1403<-62cc6baa-56d0-4b32-bcd5-4e291d75a464#0:OK-t0. Peer's state: 62cc6baa-56d0-4b32-bcd5-4e291d75a464@group-33F6AC0EAB09:t0, leader=null, voted=, raftlog=Memoized:62cc6baa-56d0-4b32-bcd5-4e291d75a464@group-33F6AC0EAB09-SegmentedRaftLog:OPENED:c-1, conf=-1: peers:[62cc6baa-56d0-4b32-bcd5-4e291d75a464|127.0.0.1:15067, f77e3843-6fa7-4ff7-99fe-a68d95a9a65f|127.0.0.1:15049, 88275c87-ecbb-4b0d-b3dc-5fc4defb1403|127.0.0.1:15058]|listeners:[], old=null
2024-06-08 12:39:11,551 [grpc-default-executor-0] INFO  server.RaftServer$Division (RaftServerImpl.java:requestVote(1389)) - f77e3843-6fa7-4ff7-99fe-a68d95a9a65f@group-33F6AC0EAB09: receive requestVote(PRE_VOTE, 88275c87-ecbb-4b0d-b3dc-5fc4defb1403, group-33F6AC0EAB09, 0, (t:0, i:0))
2024-06-08 12:39:11,551 [grpc-default-executor-0] INFO  impl.VoteContext (VoteContext.java:log(49)) - f77e3843-6fa7-4ff7-99fe-a68d95a9a65f@group-33F6AC0EAB09-FOLLOWER: accept PRE_VOTE from 88275c87-ecbb-4b0d-b3dc-5fc4defb1403: our priority 0 <= candidate's priority 1
2024-06-08 12:39:11,551 [grpc-default-executor-0] INFO  server.RaftServer$Division (RaftServerImpl.java:requestVote(1422)) - f77e3843-6fa7-4ff7-99fe-a68d95a9a65f@group-33F6AC0EAB09 replies to PRE_VOTE vote request: 88275c87-ecbb-4b0d-b3dc-5fc4defb1403<-f77e3843-6fa7-4ff7-99fe-a68d95a9a65f#0:OK-t0. Peer's state: f77e3843-6fa7-4ff7-99fe-a68d95a9a65f@group-33F6AC0EAB09:t0, leader=null, voted=, raftlog=Memoized:f77e3843-6fa7-4ff7-99fe-a68d95a9a65f@group-33F6AC0EAB09-SegmentedRaftLog:OPENED:c-1, conf=-1: peers:[62cc6baa-56d0-4b32-bcd5-4e291d75a464|127.0.0.1:15067, f77e3843-6fa7-4ff7-99fe-a68d95a9a65f|127.0.0.1:15049, 88275c87-ecbb-4b0d-b3dc-5fc4defb1403|127.0.0.1:15058]|listeners:[], old=null
2024-06-08 12:39:11,552 [88275c87-ecbb-4b0d-b3dc-5fc4defb1403@group-33F6AC0EAB09-LeaderElection12] INFO  impl.LeaderElection (LeaderElection.java:logAndReturn(89)) - 88275c87-ecbb-4b0d-b3dc-5fc4defb1403@group-33F6AC0EAB09-LeaderElection12: PRE_VOTE PASSED received 1 response(s) and 0 exception(s):
2024-06-08 12:39:11,552 [88275c87-ecbb-4b0d-b3dc-5fc4defb1403@group-33F6AC0EAB09-LeaderElection12] INFO  impl.LeaderElection (LeaderElection.java:logAndReturn(93)) -   Response 0: 88275c87-ecbb-4b0d-b3dc-5fc4defb1403<-f77e3843-6fa7-4ff7-99fe-a68d95a9a65f#0:OK-t0
2024-06-08 12:39:11,552 [88275c87-ecbb-4b0d-b3dc-5fc4defb1403@group-33F6AC0EAB09-LeaderElection12] INFO  impl.LeaderElection (LeaderElection.java:askForVotes(323)) - 88275c87-ecbb-4b0d-b3dc-5fc4defb1403@group-33F6AC0EAB09-LeaderElection12 PRE_VOTE round 0: result PASSED
2024-06-08 12:39:11,554 [88275c87-ecbb-4b0d-b3dc-5fc4defb1403@group-33F6AC0EAB09-LeaderElection12] INFO  impl.LeaderElection (LeaderElection.java:askForVotes(321)) - 88275c87-ecbb-4b0d-b3dc-5fc4defb1403@group-33F6AC0EAB09-LeaderElection12 ELECTION round 0: submit vote requests at term 1 for -1: peers:[62cc6baa-56d0-4b32-bcd5-4e291d75a464|127.0.0.1:15067, f77e3843-6fa7-4ff7-99fe-a68d95a9a65f|127.0.0.1:15049, 88275c87-ecbb-4b0d-b3dc-5fc4defb1403|127.0.0.1:15058]|listeners:[], old=null
2024-06-08 12:39:11,554 [88275c87-ecbb-4b0d-b3dc-5fc4defb1403@group-33F6AC0EAB09-LeaderElection12] INFO  server.RaftServerConfigKeys (ConfUtils.java:logFallback(53)) - raft.server.rpc.first-election.timeout.min = 5s (fallback to raft.server.rpc.timeout.min)
2024-06-08 12:39:11,554 [88275c87-ecbb-4b0d-b3dc-5fc4defb1403@group-33F6AC0EAB09-LeaderElection12] INFO  server.RaftServerConfigKeys (ConfUtils.java:logFallback(53)) - raft.server.rpc.first-election.timeout.max = 5200ms (fallback to raft.server.rpc.timeout.max)
2024-06-08 12:39:11,555 [grpc-default-executor-0] INFO  server.RaftServer$Division (RaftServerImpl.java:requestVote(1389)) - 62cc6baa-56d0-4b32-bcd5-4e291d75a464@group-33F6AC0EAB09: receive requestVote(ELECTION, 88275c87-ecbb-4b0d-b3dc-5fc4defb1403, group-33F6AC0EAB09, 1, (t:0, i:0))
2024-06-08 12:39:11,555 [grpc-default-executor-0] INFO  impl.VoteContext (VoteContext.java:log(49)) - 62cc6baa-56d0-4b32-bcd5-4e291d75a464@group-33F6AC0EAB09-FOLLOWER: accept ELECTION from 88275c87-ecbb-4b0d-b3dc-5fc4defb1403: our priority 0 <= candidate's priority 1
2024-06-08 12:39:11,555 [grpc-default-executor-0] INFO  server.RaftServer$Division (RaftServerImpl.java:setRole(383)) - 62cc6baa-56d0-4b32-bcd5-4e291d75a464@group-33F6AC0EAB09: changes role from  FOLLOWER to FOLLOWER at term 1 for candidate:88275c87-ecbb-4b0d-b3dc-5fc4defb1403
2024-06-08 12:39:11,555 [grpc-default-executor-0] INFO  impl.RoleInfo (RoleInfo.java:shutdownFollowerState(110)) - 62cc6baa-56d0-4b32-bcd5-4e291d75a464: shutdown 62cc6baa-56d0-4b32-bcd5-4e291d75a464@group-33F6AC0EAB09-FollowerState
2024-06-08 12:39:11,555 [grpc-default-executor-0] INFO  impl.RoleInfo (RoleInfo.java:updateAndGet(139)) - 62cc6baa-56d0-4b32-bcd5-4e291d75a464: start 62cc6baa-56d0-4b32-bcd5-4e291d75a464@group-33F6AC0EAB09-FollowerState
2024-06-08 12:39:11,556 [62cc6baa-56d0-4b32-bcd5-4e291d75a464@group-33F6AC0EAB09-FollowerState] INFO  impl.FollowerState (FollowerState.java:run(152)) - 62cc6baa-56d0-4b32-bcd5-4e291d75a464@group-33F6AC0EAB09-FollowerState was interrupted
2024-06-08 12:39:11,556 [grpc-default-executor-4] INFO  server.RaftServer$Division (RaftServerImpl.java:requestVote(1389)) - f77e3843-6fa7-4ff7-99fe-a68d95a9a65f@group-33F6AC0EAB09: receive requestVote(ELECTION, 88275c87-ecbb-4b0d-b3dc-5fc4defb1403, group-33F6AC0EAB09, 1, (t:0, i:0))
2024-06-08 12:39:11,556 [grpc-default-executor-4] INFO  impl.VoteContext (VoteContext.java:log(49)) - f77e3843-6fa7-4ff7-99fe-a68d95a9a65f@group-33F6AC0EAB09-FOLLOWER: accept ELECTION from 88275c87-ecbb-4b0d-b3dc-5fc4defb1403: our priority 0 <= candidate's priority 1
2024-06-08 12:39:11,556 [grpc-default-executor-4] INFO  server.RaftServer$Division (RaftServerImpl.java:setRole(383)) - f77e3843-6fa7-4ff7-99fe-a68d95a9a65f@group-33F6AC0EAB09: changes role from  FOLLOWER to FOLLOWER at term 1 for candidate:88275c87-ecbb-4b0d-b3dc-5fc4defb1403
2024-06-08 12:39:11,556 [grpc-default-executor-4] INFO  impl.RoleInfo (RoleInfo.java:shutdownFollowerState(110)) - f77e3843-6fa7-4ff7-99fe-a68d95a9a65f: shutdown f77e3843-6fa7-4ff7-99fe-a68d95a9a65f@group-33F6AC0EAB09-FollowerState
2024-06-08 12:39:11,556 [grpc-default-executor-4] INFO  impl.RoleInfo (RoleInfo.java:updateAndGet(139)) - f77e3843-6fa7-4ff7-99fe-a68d95a9a65f: start f77e3843-6fa7-4ff7-99fe-a68d95a9a65f@group-33F6AC0EAB09-FollowerState
2024-06-08 12:39:11,556 [f77e3843-6fa7-4ff7-99fe-a68d95a9a65f@group-33F6AC0EAB09-FollowerState] INFO  impl.FollowerState (FollowerState.java:run(152)) - f77e3843-6fa7-4ff7-99fe-a68d95a9a65f@group-33F6AC0EAB09-FollowerState was interrupted
2024-06-08 12:39:11,556 [grpc-default-executor-0] INFO  server.RaftServer$Division (RaftServerImpl.java:setFirstElection(574)) - 62cc6baa-56d0-4b32-bcd5-4e291d75a464@group-33F6AC0EAB09: set firstElectionSinceStartup to false for candidate:88275c87-ecbb-4b0d-b3dc-5fc4defb1403
2024-06-08 12:39:11,558 [grpc-default-executor-0] INFO  server.RaftServer$Division (RaftServerImpl.java:requestVote(1422)) - 62cc6baa-56d0-4b32-bcd5-4e291d75a464@group-33F6AC0EAB09 replies to ELECTION vote request: 88275c87-ecbb-4b0d-b3dc-5fc4defb1403<-62cc6baa-56d0-4b32-bcd5-4e291d75a464#0:OK-t1. Peer's state: 62cc6baa-56d0-4b32-bcd5-4e291d75a464@group-33F6AC0EAB09:t1, leader=null, voted=88275c87-ecbb-4b0d-b3dc-5fc4defb1403, raftlog=Memoized:62cc6baa-56d0-4b32-bcd5-4e291d75a464@group-33F6AC0EAB09-SegmentedRaftLog:OPENED:c-1, conf=-1: peers:[62cc6baa-56d0-4b32-bcd5-4e291d75a464|127.0.0.1:15067, f77e3843-6fa7-4ff7-99fe-a68d95a9a65f|127.0.0.1:15049, 88275c87-ecbb-4b0d-b3dc-5fc4defb1403|127.0.0.1:15058]|listeners:[], old=null
2024-06-08 12:39:11,558 [grpc-default-executor-4] INFO  server.RaftServer$Division (RaftServerImpl.java:requestVote(1422)) - f77e3843-6fa7-4ff7-99fe-a68d95a9a65f@group-33F6AC0EAB09 replies to ELECTION vote request: 88275c87-ecbb-4b0d-b3dc-5fc4defb1403<-f77e3843-6fa7-4ff7-99fe-a68d95a9a65f#0:OK-t1. Peer's state: f77e3843-6fa7-4ff7-99fe-a68d95a9a65f@group-33F6AC0EAB09:t1, leader=null, voted=88275c87-ecbb-4b0d-b3dc-5fc4defb1403, raftlog=Memoized:f77e3843-6fa7-4ff7-99fe-a68d95a9a65f@group-33F6AC0EAB09-SegmentedRaftLog:OPENED:c-1, conf=-1: peers:[62cc6baa-56d0-4b32-bcd5-4e291d75a464|127.0.0.1:15067, f77e3843-6fa7-4ff7-99fe-a68d95a9a65f|127.0.0.1:15049, 88275c87-ecbb-4b0d-b3dc-5fc4defb1403|127.0.0.1:15058]|listeners:[], old=null
2024-06-08 12:39:11,559 [88275c87-ecbb-4b0d-b3dc-5fc4defb1403@group-33F6AC0EAB09-LeaderElection12] INFO  impl.LeaderElection (LeaderElection.java:logAndReturn(89)) - 88275c87-ecbb-4b0d-b3dc-5fc4defb1403@group-33F6AC0EAB09-LeaderElection12: ELECTION PASSED received 1 response(s) and 0 exception(s):
2024-06-08 12:39:11,559 [88275c87-ecbb-4b0d-b3dc-5fc4defb1403@group-33F6AC0EAB09-LeaderElection12] INFO  impl.LeaderElection (LeaderElection.java:logAndReturn(93)) -   Response 0: 88275c87-ecbb-4b0d-b3dc-5fc4defb1403<-62cc6baa-56d0-4b32-bcd5-4e291d75a464#0:OK-t1
2024-06-08 12:39:11,559 [88275c87-ecbb-4b0d-b3dc-5fc4defb1403@group-33F6AC0EAB09-LeaderElection12] INFO  impl.LeaderElection (LeaderElection.java:askForVotes(323)) - 88275c87-ecbb-4b0d-b3dc-5fc4defb1403@group-33F6AC0EAB09-LeaderElection12 ELECTION round 0: result PASSED
2024-06-08 12:39:11,559 [88275c87-ecbb-4b0d-b3dc-5fc4defb1403@group-33F6AC0EAB09-LeaderElection12] INFO  impl.RoleInfo (RoleInfo.java:shutdownLeaderElection(130)) - 88275c87-ecbb-4b0d-b3dc-5fc4defb1403: shutdown 88275c87-ecbb-4b0d-b3dc-5fc4defb1403@group-33F6AC0EAB09-LeaderElection12
2024-06-08 12:39:11,559 [88275c87-ecbb-4b0d-b3dc-5fc4defb1403@group-33F6AC0EAB09-LeaderElection12] INFO  server.RaftServer$Division (RaftServerImpl.java:setRole(383)) - 88275c87-ecbb-4b0d-b3dc-5fc4defb1403@group-33F6AC0EAB09: changes role from CANDIDATE to LEADER at term 1 for changeToLeader
2024-06-08 12:39:11,559 [88275c87-ecbb-4b0d-b3dc-5fc4defb1403@group-33F6AC0EAB09-LeaderElection12] INFO  server.RaftServerConfigKeys (ConfUtils.java:logGet(46)) - raft.server.staging.catchup.gap = 1000 (default)
2024-06-08 12:39:11,560 [88275c87-ecbb-4b0d-b3dc-5fc4defb1403@group-33F6AC0EAB09-LeaderElection12] INFO  server.RaftServerConfigKeys (ConfUtils.java:logGet(46)) - raft.server.write.element-limit = 1024 (custom)
2024-06-08 12:39:11,560 [88275c87-ecbb-4b0d-b3dc-5fc4defb1403@group-33F6AC0EAB09-LeaderElection12] INFO  server.RaftServerConfigKeys (ConfUtils.java:logGet(46)) - raft.server.write.byte-limit = 1024 M (=1073741824) (custom)
2024-06-08 12:39:11,560 [88275c87-ecbb-4b0d-b3dc-5fc4defb1403@group-33F6AC0EAB09-LeaderElection12] INFO  server.RaftServerConfigKeys (ConfUtils.java:logGet(46)) - raft.server.watch.timeout = 30s (custom)
2024-06-08 12:39:11,560 [88275c87-ecbb-4b0d-b3dc-5fc4defb1403@group-33F6AC0EAB09-LeaderElection12] INFO  server.RaftServerConfigKeys (ConfUtils.java:logGet(46)) - raft.server.watch.timeout.denomination = 1s (default)
2024-06-08 12:39:11,560 [88275c87-ecbb-4b0d-b3dc-5fc4defb1403@group-33F6AC0EAB09-LeaderElection12] INFO  server.RaftServerConfigKeys (ConfUtils.java:logGet(46)) - raft.server.watch.element-limit = 65536 (default)
2024-06-08 12:39:11,560 [88275c87-ecbb-4b0d-b3dc-5fc4defb1403@group-33F6AC0EAB09-LeaderElection12] INFO  server.RaftServerConfigKeys (ConfUtils.java:logGet(46)) - raft.server.read.leader.lease.enabled = false (default)
2024-06-08 12:39:11,560 [88275c87-ecbb-4b0d-b3dc-5fc4defb1403@group-33F6AC0EAB09-LeaderElection12] INFO  server.RaftServerConfigKeys (ConfUtils.java:logGet(46)) - raft.server.read.leader.lease.timeout.ratio = 0.9 (default)
2024-06-08 12:39:11,560 [88275c87-ecbb-4b0d-b3dc-5fc4defb1403@group-33F6AC0EAB09-LeaderElection12] INFO  server.RaftServerConfigKeys (ConfUtils.java:logGet(46)) - raft.server.rpc.timeout.min = 5s (custom)
2024-06-08 12:39:11,560 [88275c87-ecbb-4b0d-b3dc-5fc4defb1403@group-33F6AC0EAB09-LeaderElection12] INFO  server.RaftServerConfigKeys (ConfUtils.java:logGet(46)) - raft.server.write.element-limit = 1024 (custom)
2024-06-08 12:39:11,560 [88275c87-ecbb-4b0d-b3dc-5fc4defb1403@group-33F6AC0EAB09-LeaderElection12] INFO  server.RaftServerConfigKeys (ConfUtils.java:logGet(46)) - raft.server.write.follower.gap.ratio.max = -1.0 (default)
2024-06-08 12:39:11,561 [88275c87-ecbb-4b0d-b3dc-5fc4defb1403@group-33F6AC0EAB09-LeaderElection12] INFO  server.RaftServerConfigKeys (ConfUtils.java:logGet(46)) - raft.server.log.appender.snapshot.chunk.size.max = 16MB (=16777216) (default)
2024-06-08 12:39:11,561 [88275c87-ecbb-4b0d-b3dc-5fc4defb1403@group-33F6AC0EAB09-LeaderElection12] INFO  server.RaftServerConfigKeys (ConfUtils.java:logGet(46)) - raft.server.log.appender.buffer.byte-limit = 8388608 (custom)
2024-06-08 12:39:11,561 [88275c87-ecbb-4b0d-b3dc-5fc4defb1403@group-33F6AC0EAB09-LeaderElection12] INFO  server.RaftServerConfigKeys (ConfUtils.java:logGet(46)) - raft.server.log.appender.buffer.element-limit = 1024 (custom)
2024-06-08 12:39:11,561 [88275c87-ecbb-4b0d-b3dc-5fc4defb1403@group-33F6AC0EAB09-LeaderElection12] INFO  server.RaftServerConfigKeys (ConfUtils.java:logGet(46)) - raft.server.log.appender.wait-time.min = 0μs (custom)
2024-06-08 12:39:11,561 [88275c87-ecbb-4b0d-b3dc-5fc4defb1403@group-33F6AC0EAB09-LeaderElection12] INFO  grpc.GrpcConfigKeys (ConfUtils.java:logGet(46)) - raft.grpc.server.leader.outstanding.appends.max = 8 (default)
2024-06-08 12:39:11,561 [88275c87-ecbb-4b0d-b3dc-5fc4defb1403@group-33F6AC0EAB09-LeaderElection12] INFO  server.RaftServerConfigKeys (ConfUtils.java:logGet(46)) - raft.server.rpc.request.timeout = 60s (custom)
2024-06-08 12:39:11,561 [88275c87-ecbb-4b0d-b3dc-5fc4defb1403@group-33F6AC0EAB09-LeaderElection12] INFO  grpc.GrpcConfigKeys (ConfUtils.java:logGet(46)) - raft.grpc.server.install_snapshot.request.element-limit = 8 (default)
2024-06-08 12:39:11,561 [88275c87-ecbb-4b0d-b3dc-5fc4defb1403@group-33F6AC0EAB09-LeaderElection12] INFO  grpc.GrpcConfigKeys (ConfUtils.java:logGet(46)) - raft.grpc.server.install_snapshot.request.timeout = 3000ms (default)
2024-06-08 12:39:11,561 [88275c87-ecbb-4b0d-b3dc-5fc4defb1403@group-33F6AC0EAB09-LeaderElection12] INFO  grpc.GrpcConfigKeys (ConfUtils.java:logGet(46)) - raft.grpc.server.log-message.batch.duration = 5s (default)
2024-06-08 12:39:11,561 [88275c87-ecbb-4b0d-b3dc-5fc4defb1403@group-33F6AC0EAB09-LeaderElection12] INFO  server.RaftServerConfigKeys (ConfUtils.java:logGet(46)) - raft.server.log.appender.install.snapshot.enabled = false (custom)
2024-06-08 12:39:11,561 [88275c87-ecbb-4b0d-b3dc-5fc4defb1403@group-33F6AC0EAB09-LeaderElection12] INFO  grpc.GrpcConfigKeys (ConfUtils.java:logGet(46)) - raft.grpc.server.heartbeat.channel = true (default)
2024-06-08 12:39:11,562 [88275c87-ecbb-4b0d-b3dc-5fc4defb1403@group-33F6AC0EAB09-LeaderElection12] INFO  server.RaftServerConfigKeys (ConfUtils.java:logGet(46)) - raft.server.log.appender.snapshot.chunk.size.max = 16MB (=16777216) (default)
2024-06-08 12:39:11,562 [88275c87-ecbb-4b0d-b3dc-5fc4defb1403@group-33F6AC0EAB09-LeaderElection12] INFO  server.RaftServerConfigKeys (ConfUtils.java:logGet(46)) - raft.server.log.appender.buffer.byte-limit = 8388608 (custom)
2024-06-08 12:39:11,562 [88275c87-ecbb-4b0d-b3dc-5fc4defb1403@group-33F6AC0EAB09-LeaderElection12] INFO  server.RaftServerConfigKeys (ConfUtils.java:logGet(46)) - raft.server.log.appender.buffer.element-limit = 1024 (custom)
2024-06-08 12:39:11,562 [88275c87-ecbb-4b0d-b3dc-5fc4defb1403@group-33F6AC0EAB09-LeaderElection12] INFO  server.RaftServerConfigKeys (ConfUtils.java:logGet(46)) - raft.server.log.appender.wait-time.min = 0μs (custom)
2024-06-08 12:39:11,562 [88275c87-ecbb-4b0d-b3dc-5fc4defb1403@group-33F6AC0EAB09-LeaderElection12] INFO  grpc.GrpcConfigKeys (ConfUtils.java:logGet(46)) - raft.grpc.server.leader.outstanding.appends.max = 8 (default)
2024-06-08 12:39:11,562 [88275c87-ecbb-4b0d-b3dc-5fc4defb1403@group-33F6AC0EAB09-LeaderElection12] INFO  server.RaftServerConfigKeys (ConfUtils.java:logGet(46)) - raft.server.rpc.request.timeout = 60s (custom)
2024-06-08 12:39:11,562 [88275c87-ecbb-4b0d-b3dc-5fc4defb1403@group-33F6AC0EAB09-LeaderElection12] INFO  grpc.GrpcConfigKeys (ConfUtils.java:logGet(46)) - raft.grpc.server.install_snapshot.request.element-limit = 8 (default)
2024-06-08 12:39:11,562 [88275c87-ecbb-4b0d-b3dc-5fc4defb1403@group-33F6AC0EAB09-LeaderElection12] INFO  grpc.GrpcConfigKeys (ConfUtils.java:logGet(46)) - raft.grpc.server.install_snapshot.request.timeout = 3000ms (default)
2024-06-08 12:39:11,562 [88275c87-ecbb-4b0d-b3dc-5fc4defb1403@group-33F6AC0EAB09-LeaderElection12] INFO  grpc.GrpcConfigKeys (ConfUtils.java:logGet(46)) - raft.grpc.server.log-message.batch.duration = 5s (default)
2024-06-08 12:39:11,563 [88275c87-ecbb-4b0d-b3dc-5fc4defb1403@group-33F6AC0EAB09-LeaderElection12] INFO  server.RaftServerConfigKeys (ConfUtils.java:logGet(46)) - raft.server.log.appender.install.snapshot.enabled = false (custom)
2024-06-08 12:39:11,563 [88275c87-ecbb-4b0d-b3dc-5fc4defb1403@group-33F6AC0EAB09-LeaderElection12] INFO  grpc.GrpcConfigKeys (ConfUtils.java:logGet(46)) - raft.grpc.server.heartbeat.channel = true (default)
2024-06-08 12:39:11,563 [88275c87-ecbb-4b0d-b3dc-5fc4defb1403@group-33F6AC0EAB09-LeaderElection12] INFO  impl.RoleInfo (RoleInfo.java:updateAndGet(139)) - 88275c87-ecbb-4b0d-b3dc-5fc4defb1403: start 88275c87-ecbb-4b0d-b3dc-5fc4defb1403@group-33F6AC0EAB09-LeaderStateImpl
2024-06-08 12:39:11,563 [88275c87-ecbb-4b0d-b3dc-5fc4defb1403@group-33F6AC0EAB09-LeaderElection12] INFO  server.RaftServer$Division (RaftServerImpl.java:setFirstElection(574)) - 88275c87-ecbb-4b0d-b3dc-5fc4defb1403@group-33F6AC0EAB09: set firstElectionSinceStartup to false for becomeLeader
2024-06-08 12:39:11,563 [88275c87-ecbb-4b0d-b3dc-5fc4defb1403@group-33F6AC0EAB09-LeaderElection12] INFO  ratis.XceiverServerRatis (XceiverServerRatis.java:handleLeaderChangedNotification(966)) - Leader change notification received for group: group-33F6AC0EAB09 with new leaderId: 88275c87-ecbb-4b0d-b3dc-5fc4defb1403
2024-06-08 12:39:11,563 [88275c87-ecbb-4b0d-b3dc-5fc4defb1403@group-33F6AC0EAB09-LeaderElection12] INFO  server.RaftServer$Division (ServerState.java:setLeader(269)) - 88275c87-ecbb-4b0d-b3dc-5fc4defb1403@group-33F6AC0EAB09: change Leader from null to 88275c87-ecbb-4b0d-b3dc-5fc4defb1403 at term 1 for becomeLeader, leader elected after 5115ms
2024-06-08 12:39:11,563 [88275c87-ecbb-4b0d-b3dc-5fc4defb1403@group-33F6AC0EAB09-LeaderElection12] INFO  segmented.SegmentedRaftLogWorker (SegmentedRaftLogWorker.java:startLogSegment(430)) - 88275c87-ecbb-4b0d-b3dc-5fc4defb1403@group-33F6AC0EAB09-SegmentedRaftLogWorker: Starting segment from index:0
2024-06-08 12:39:11,564 [88275c87-ecbb-4b0d-b3dc-5fc4defb1403@group-33F6AC0EAB09-LeaderElection12] INFO  server.RaftServer$Division (ServerState.java:setRaftConf(386)) - 88275c87-ecbb-4b0d-b3dc-5fc4defb1403@group-33F6AC0EAB09: set configuration 0: peers:[62cc6baa-56d0-4b32-bcd5-4e291d75a464|127.0.0.1:15067, f77e3843-6fa7-4ff7-99fe-a68d95a9a65f|127.0.0.1:15049, 88275c87-ecbb-4b0d-b3dc-5fc4defb1403|127.0.0.1:15058]|listeners:[], old=null
2024-06-08 12:39:11,564 [88275c87-ecbb-4b0d-b3dc-5fc4defb1403@group-33F6AC0EAB09-SegmentedRaftLogWorker] INFO  segmented.BufferedWriteChannel (BufferedWriteChannel.java:open(62)) - open log_inprogress_0 at position 0
2024-06-08 12:39:11,565 [EventQueue-PipelineReportForPipelineReportHandler] INFO  pipeline.PipelineReportHandler (PipelineReportHandler.java:processPipelineReport(136)) - Opened pipeline PipelineID=776b9411-b905-4802-8658-33f6ac0eab09
2024-06-08 12:39:11,566 [EventQueue-OpenPipelineForHealthyPipelineSafeModeRule] INFO  safemode.SCMSafeModeManager (HealthyPipelineSafeModeRule.java:process(140)) - SCM in safe mode. Healthy pipelines reported count is 0, required healthy pipeline reported count is 1
2024-06-08 12:39:11,566 [EventQueue-OpenPipelineForHealthyPipelineSafeModeRule] INFO  safemode.SCMSafeModeManager (HealthyPipelineSafeModeRule.java:process(140)) - SCM in safe mode. Healthy pipelines reported count is 1, required healthy pipeline reported count is 1
2024-06-08 12:39:11,566 [EventQueue-OpenPipelineForHealthyPipelineSafeModeRule] INFO  safemode.SCMSafeModeManager (SCMSafeModeManager.java:validateSafeModeExitRules(203)) - HealthyPipelineSafeModeRule rule is successfully validated
2024-06-08 12:39:11,566 [EventQueue-OpenPipelineForHealthyPipelineSafeModeRule] INFO  safemode.SCMSafeModeManager (SCMSafeModeManager.java:validateSafeModeExitRules(218)) - ScmSafeModeManager, all rules are successfully validated
2024-06-08 12:39:11,566 [EventQueue-OpenPipelineForHealthyPipelineSafeModeRule] INFO  safemode.SCMSafeModeManager (SCMSafeModeManager.java:exitSafeMode(248)) - SCM exiting safe mode.
2024-06-08 12:39:11,566 [EventQueue-OpenPipelineForHealthyPipelineSafeModeRule] INFO  ha.SCMContext (SCMContext.java:updateSafeModeStatus(225)) - Update SafeModeStatus from SafeModeStatus{safeModeStatus=true, preCheckPassed=true} to SafeModeStatus{safeModeStatus=false, preCheckPassed=true}.
2024-06-08 12:39:11,566 [EventQueue-OpenPipelineForHealthyPipelineSafeModeRule] INFO  pipeline.BackgroundPipelineCreator (BackgroundPipelineCreator.java:notifyStatusChanged(258)) - Service BackgroundPipelineCreator transitions to RUNNING.
2024-06-08 12:39:11,566 [EventQueue-OpenPipelineForHealthyPipelineSafeModeRule] INFO  BackgroundPipelineScrubber (BackgroundSCMService.java:notifyStatusChanged(79)) - Service BackgroundPipelineScrubber transitions to RUNNING.
2024-06-08 12:39:11,566 [EventQueue-OpenPipelineForHealthyPipelineSafeModeRule] INFO  ExpiredContainerReplicaOpScrubber (BackgroundSCMService.java:notifyStatusChanged(79)) - Service ExpiredContainerReplicaOpScrubber transitions to RUNNING.
2024-06-08 12:39:11,566 [EventQueue-OpenPipelineForHealthyPipelineSafeModeRule] INFO  block.SCMBlockDeletingService (SCMBlockDeletingService.java:notifyStatusChanged(247)) - notifyStatusChanged:RUNNING
2024-06-08 12:39:11,566 [EventQueue-OpenPipelineForHealthyPipelineSafeModeRule] INFO  replication.ReplicationManager (ReplicationManager.java:notifyStatusChanged(1406)) - Service ReplicationManager transitions to RUNNING.
2024-06-08 12:39:11,566 [EventQueue-OpenPipelineForHealthyPipelineSafeModeRule] WARN  balancer.ContainerBalancer (ContainerBalancer.java:shouldRun(134)) - Could not find persisted configuration for ContainerBalancer when checking if ContainerBalancer should run. ContainerBalancer should not run now.
2024-06-08 12:39:11,571 [88275c87-ecbb-4b0d-b3dc-5fc4defb1403@group-33F6AC0EAB09-SegmentedRaftLogWorker] INFO  segmented.SegmentedRaftLogWorker (SegmentedRaftLogWorker.java:execute(634)) - 88275c87-ecbb-4b0d-b3dc-5fc4defb1403@group-33F6AC0EAB09-SegmentedRaftLogWorker: created new log segment /home/runner/work/ozone/ozone/hadoop-ozone/integration-test/target/test-dir/MiniOzoneClusterImpl-eb3449cc-c24b-44af-9d9e-25cc0a4be729/ozone-meta/datanode-5/ratis/776b9411-b905-4802-8658-33f6ac0eab09/current/log_inprogress_0
2024-06-08 12:39:11,573 [62cc6baa-56d0-4b32-bcd5-4e291d75a464-server-thread1] INFO  ratis.XceiverServerRatis (XceiverServerRatis.java:handleLeaderChangedNotification(966)) - Leader change notification received for group: group-33F6AC0EAB09 with new leaderId: 88275c87-ecbb-4b0d-b3dc-5fc4defb1403
2024-06-08 12:39:11,574 [f77e3843-6fa7-4ff7-99fe-a68d95a9a65f-server-thread1] INFO  ratis.XceiverServerRatis (XceiverServerRatis.java:handleLeaderChangedNotification(966)) - Leader change notification received for group: group-33F6AC0EAB09 with new leaderId: 88275c87-ecbb-4b0d-b3dc-5fc4defb1403
2024-06-08 12:39:11,574 [62cc6baa-56d0-4b32-bcd5-4e291d75a464-server-thread1] INFO  server.RaftServer$Division (ServerState.java:setLeader(269)) - 62cc6baa-56d0-4b32-bcd5-4e291d75a464@group-33F6AC0EAB09: change Leader from null to 88275c87-ecbb-4b0d-b3dc-5fc4defb1403 at term 1 for appendEntries, leader elected after 5083ms
2024-06-08 12:39:11,574 [f77e3843-6fa7-4ff7-99fe-a68d95a9a65f-server-thread1] INFO  server.RaftServer$Division (ServerState.java:setLeader(269)) - f77e3843-6fa7-4ff7-99fe-a68d95a9a65f@group-33F6AC0EAB09: change Leader from null to 88275c87-ecbb-4b0d-b3dc-5fc4defb1403 at term 1 for appendEntries, leader elected after 5153ms
2024-06-08 12:39:11,576 [62cc6baa-56d0-4b32-bcd5-4e291d75a464-server-thread2] INFO  server.RaftServer$Division (ServerState.java:setRaftConf(386)) - 62cc6baa-56d0-4b32-bcd5-4e291d75a464@group-33F6AC0EAB09: set configuration 0: peers:[62cc6baa-56d0-4b32-bcd5-4e291d75a464|127.0.0.1:15067, f77e3843-6fa7-4ff7-99fe-a68d95a9a65f|127.0.0.1:15049, 88275c87-ecbb-4b0d-b3dc-5fc4defb1403|127.0.0.1:15058]|listeners:[], old=null
2024-06-08 12:39:11,576 [62cc6baa-56d0-4b32-bcd5-4e291d75a464-server-thread2] INFO  segmented.SegmentedRaftLogWorker (SegmentedRaftLogWorker.java:startLogSegment(430)) - 62cc6baa-56d0-4b32-bcd5-4e291d75a464@group-33F6AC0EAB09-SegmentedRaftLogWorker: Starting segment from index:0
2024-06-08 12:39:11,576 [62cc6baa-56d0-4b32-bcd5-4e291d75a464@group-33F6AC0EAB09-SegmentedRaftLogWorker] INFO  segmented.BufferedWriteChannel (BufferedWriteChannel.java:open(62)) - open log_inprogress_0 at position 0
2024-06-08 12:39:11,579 [88275c87-ecbb-4b0d-b3dc-5fc4defb1403@group-1A3AA7B4371B-FollowerState] INFO  impl.FollowerState (FollowerState.java:run(143)) - 88275c87-ecbb-4b0d-b3dc-5fc4defb1403@group-1A3AA7B4371B-FollowerState: change to CANDIDATE, lastRpcElapsedTime:5013792444ns, electionTimeout:5008ms
2024-06-08 12:39:11,579 [88275c87-ecbb-4b0d-b3dc-5fc4defb1403@group-1A3AA7B4371B-FollowerState] INFO  impl.RoleInfo (RoleInfo.java:shutdownFollowerState(110)) - 88275c87-ecbb-4b0d-b3dc-5fc4defb1403: shutdown 88275c87-ecbb-4b0d-b3dc-5fc4defb1403@group-1A3AA7B4371B-FollowerState
2024-06-08 12:39:11,579 [88275c87-ecbb-4b0d-b3dc-5fc4defb1403@group-1A3AA7B4371B-FollowerState] INFO  server.RaftServer$Division (RaftServerImpl.java:setRole(383)) - 88275c87-ecbb-4b0d-b3dc-5fc4defb1403@group-1A3AA7B4371B: changes role from  FOLLOWER to CANDIDATE at term 0 for changeToCandidate
2024-06-08 12:39:11,579 [88275c87-ecbb-4b0d-b3dc-5fc4defb1403@group-1A3AA7B4371B-FollowerState] INFO  server.RaftServerConfigKeys (ConfUtils.java:logGet(46)) - raft.server.leaderelection.pre-vote = true (default)
2024-06-08 12:39:11,579 [88275c87-ecbb-4b0d-b3dc-5fc4defb1403@group-1A3AA7B4371B-FollowerState] INFO  impl.RoleInfo (RoleInfo.java:updateAndGet(139)) - 88275c87-ecbb-4b0d-b3dc-5fc4defb1403: start 88275c87-ecbb-4b0d-b3dc-5fc4defb1403@group-1A3AA7B4371B-LeaderElection13
2024-06-08 12:39:11,580 [Mini-Cluster-Provider-Create] INFO  ozone.MiniOzoneClusterImpl (MiniOzoneClusterImpl.java:lambda$waitForClusterToBeReady$0(194)) - Nodes are ready. Got 3 of 3 DN Heartbeats.
2024-06-08 12:39:11,580 [Mini-Cluster-Provider-Create] INFO  ozone.MiniOzoneClusterImpl (MiniOzoneClusterImpl.java:lambda$waitForClusterToBeReady$0(197)) - Cluster exits safe mode
2024-06-08 12:39:11,580 [Mini-Cluster-Provider-Create] INFO  ozone.MiniOzoneClusterImpl (MiniOzoneClusterImpl.java:lambda$waitForClusterToBeReady$0(199)) - SCM became leader
2024-06-08 12:39:11,580 [main] INFO  ozone.MiniOzoneClusterImpl (MiniOzoneClusterImpl.java:lambda$waitForClusterToBeReady$0(194)) - Nodes are ready. Got 3 of 3 DN Heartbeats.
2024-06-08 12:39:11,580 [main] INFO  ozone.MiniOzoneClusterImpl (MiniOzoneClusterImpl.java:lambda$waitForClusterToBeReady$0(197)) - Cluster exits safe mode
2024-06-08 12:39:11,580 [main] INFO  ozone.MiniOzoneClusterImpl (MiniOzoneClusterImpl.java:lambda$waitForClusterToBeReady$0(199)) - SCM became leader
2024-06-08 12:39:11,580 [f77e3843-6fa7-4ff7-99fe-a68d95a9a65f-server-thread2] INFO  server.RaftServer$Division (ServerState.java:setRaftConf(386)) - f77e3843-6fa7-4ff7-99fe-a68d95a9a65f@group-33F6AC0EAB09: set configuration 0: peers:[62cc6baa-56d0-4b32-bcd5-4e291d75a464|127.0.0.1:15067, f77e3843-6fa7-4ff7-99fe-a68d95a9a65f|127.0.0.1:15049, 88275c87-ecbb-4b0d-b3dc-5fc4defb1403|127.0.0.1:15058]|listeners:[], old=null
2024-06-08 12:39:11,580 [f77e3843-6fa7-4ff7-99fe-a68d95a9a65f-server-thread2] INFO  segmented.SegmentedRaftLogWorker (SegmentedRaftLogWorker.java:startLogSegment(430)) - f77e3843-6fa7-4ff7-99fe-a68d95a9a65f@group-33F6AC0EAB09-SegmentedRaftLogWorker: Starting segment from index:0
2024-06-08 12:39:11,581 [88275c87-ecbb-4b0d-b3dc-5fc4defb1403@group-1A3AA7B4371B-LeaderElection13] INFO  impl.LeaderElection (LeaderElection.java:askForVotes(321)) - 88275c87-ecbb-4b0d-b3dc-5fc4defb1403@group-1A3AA7B4371B-LeaderElection13 PRE_VOTE round 0: submit vote requests at term 0 for -1: peers:[62cc6baa-56d0-4b32-bcd5-4e291d75a464|127.0.0.1:15067, f77e3843-6fa7-4ff7-99fe-a68d95a9a65f|127.0.0.1:15049, 88275c87-ecbb-4b0d-b3dc-5fc4defb1403|127.0.0.1:15058]|listeners:[], old=null
2024-06-08 12:39:11,583 [f77e3843-6fa7-4ff7-99fe-a68d95a9a65f@group-33F6AC0EAB09-SegmentedRaftLogWorker] INFO  segmented.BufferedWriteChannel (BufferedWriteChannel.java:open(62)) - open log_inprogress_0 at position 0
2024-06-08 12:39:11,583 [62cc6baa-56d0-4b32-bcd5-4e291d75a464@group-33F6AC0EAB09-SegmentedRaftLogWorker] INFO  segmented.SegmentedRaftLogWorker (SegmentedRaftLogWorker.java:execute(634)) - 62cc6baa-56d0-4b32-bcd5-4e291d75a464@group-33F6AC0EAB09-SegmentedRaftLogWorker: created new log segment /home/runner/work/ozone/ozone/hadoop-ozone/integration-test/target/test-dir/MiniOzoneClusterImpl-eb3449cc-c24b-44af-9d9e-25cc0a4be729/ozone-meta/datanode-6/ratis/776b9411-b905-4802-8658-33f6ac0eab09/current/log_inprogress_0
2024-06-08 12:39:11,583 [grpc-default-executor-0] INFO  server.RaftServer$Division (RaftServerImpl.java:requestVote(1389)) - 62cc6baa-56d0-4b32-bcd5-4e291d75a464@group-1A3AA7B4371B: receive requestVote(PRE_VOTE, 88275c87-ecbb-4b0d-b3dc-5fc4defb1403, group-1A3AA7B4371B, 0, (t:0, i:0))
2024-06-08 12:39:11,583 [grpc-default-executor-0] INFO  impl.VoteContext (VoteContext.java:log(49)) - 62cc6baa-56d0-4b32-bcd5-4e291d75a464@group-1A3AA7B4371B-FOLLOWER: accept PRE_VOTE from 88275c87-ecbb-4b0d-b3dc-5fc4defb1403: our priority 0 <= candidate's priority 0
2024-06-08 12:39:11,584 [grpc-default-executor-0] INFO  server.RaftServer$Division (RaftServerImpl.java:requestVote(1422)) - 62cc6baa-56d0-4b32-bcd5-4e291d75a464@group-1A3AA7B4371B replies to PRE_VOTE vote request: 88275c87-ecbb-4b0d-b3dc-5fc4defb1403<-62cc6baa-56d0-4b32-bcd5-4e291d75a464#0:OK-t0. Peer's state: 62cc6baa-56d0-4b32-bcd5-4e291d75a464@group-1A3AA7B4371B:t0, leader=null, voted=, raftlog=Memoized:62cc6baa-56d0-4b32-bcd5-4e291d75a464@group-1A3AA7B4371B-SegmentedRaftLog:OPENED:c-1, conf=-1: peers:[62cc6baa-56d0-4b32-bcd5-4e291d75a464|127.0.0.1:15067, f77e3843-6fa7-4ff7-99fe-a68d95a9a65f|127.0.0.1:15049, 88275c87-ecbb-4b0d-b3dc-5fc4defb1403|127.0.0.1:15058]|listeners:[], old=null
2024-06-08 12:39:11,587 [88275c87-ecbb-4b0d-b3dc-5fc4defb1403@group-1A3AA7B4371B-LeaderElection13] INFO  server.RaftServerConfigKeys (ConfUtils.java:logFallback(53)) - raft.server.rpc.first-election.timeout.min = 5s (fallback to raft.server.rpc.timeout.min)
2024-06-08 12:39:11,591 [88275c87-ecbb-4b0d-b3dc-5fc4defb1403@group-1A3AA7B4371B-LeaderElection13] INFO  server.RaftServerConfigKeys (ConfUtils.java:logFallback(53)) - raft.server.rpc.first-election.timeout.max = 5200ms (fallback to raft.server.rpc.timeout.max)
2024-06-08 12:39:11,590 [88275c87-ecbb-4b0d-b3dc-5fc4defb1403@group-33F6AC0EAB09-StateMachineUpdater] INFO  server.RaftServer$Division (LeaderStateImpl.java:isApplied(320)) - leader is ready since appliedIndex == 0 >= startIndex == 0
2024-06-08 12:39:11,588 [grpc-default-executor-0] INFO  server.RaftServer$Division (RaftServerImpl.java:requestVote(1389)) - f77e3843-6fa7-4ff7-99fe-a68d95a9a65f@group-1A3AA7B4371B: receive requestVote(PRE_VOTE, 88275c87-ecbb-4b0d-b3dc-5fc4defb1403, group-1A3AA7B4371B, 0, (t:0, i:0))
2024-06-08 12:39:11,591 [grpc-default-executor-0] INFO  impl.VoteContext (VoteContext.java:log(49)) - f77e3843-6fa7-4ff7-99fe-a68d95a9a65f@group-1A3AA7B4371B-FOLLOWER: reject PRE_VOTE from 88275c87-ecbb-4b0d-b3dc-5fc4defb1403: our priority 1 > candidate's priority 0
2024-06-08 12:39:11,591 [f77e3843-6fa7-4ff7-99fe-a68d95a9a65f@group-33F6AC0EAB09-SegmentedRaftLogWorker] INFO  segmented.SegmentedRaftLogWorker (SegmentedRaftLogWorker.java:execute(634)) - f77e3843-6fa7-4ff7-99fe-a68d95a9a65f@group-33F6AC0EAB09-SegmentedRaftLogWorker: created new log segment /home/runner/work/ozone/ozone/hadoop-ozone/integration-test/target/test-dir/MiniOzoneClusterImpl-eb3449cc-c24b-44af-9d9e-25cc0a4be729/ozone-meta/datanode-4/ratis/776b9411-b905-4802-8658-33f6ac0eab09/current/log_inprogress_0
2024-06-08 12:39:11,591 [main] INFO  rpc.RpcClient (RpcClient.java:createVolume(473)) - Creating Volume: vol, with runner as owner and space quota set to -1 bytes, counts quota set to -1
2024-06-08 12:39:11,591 [grpc-default-executor-0] INFO  server.RaftServer$Division (RaftServerImpl.java:requestVote(1422)) - f77e3843-6fa7-4ff7-99fe-a68d95a9a65f@group-1A3AA7B4371B replies to PRE_VOTE vote request: 88275c87-ecbb-4b0d-b3dc-5fc4defb1403<-f77e3843-6fa7-4ff7-99fe-a68d95a9a65f#0:FAIL-t0. Peer's state: f77e3843-6fa7-4ff7-99fe-a68d95a9a65f@group-1A3AA7B4371B:t0, leader=null, voted=, raftlog=Memoized:f77e3843-6fa7-4ff7-99fe-a68d95a9a65f@group-1A3AA7B4371B-SegmentedRaftLog:OPENED:c-1, conf=-1: peers:[62cc6baa-56d0-4b32-bcd5-4e291d75a464|127.0.0.1:15067, f77e3843-6fa7-4ff7-99fe-a68d95a9a65f|127.0.0.1:15049, 88275c87-ecbb-4b0d-b3dc-5fc4defb1403|127.0.0.1:15058]|listeners:[], old=null
2024-06-08 12:39:11,595 [om1-OMStateMachineApplyTransactionThread - 0] INFO  volume.OMVolumeCreateRequest (OMVolumeCreateRequest.java:validateAndUpdateCache(198)) - created volume:vol for user:runner
2024-06-08 12:39:11,596 [88275c87-ecbb-4b0d-b3dc-5fc4defb1403@group-1A3AA7B4371B-LeaderElection13] INFO  impl.LeaderElection (LeaderElection.java:logAndReturn(89)) - 88275c87-ecbb-4b0d-b3dc-5fc4defb1403@group-1A3AA7B4371B-LeaderElection13: PRE_VOTE REJECTED received 2 response(s) and 0 exception(s):
2024-06-08 12:39:11,596 [88275c87-ecbb-4b0d-b3dc-5fc4defb1403@group-1A3AA7B4371B-LeaderElection13] INFO  impl.LeaderElection (LeaderElection.java:logAndReturn(93)) -   Response 0: 88275c87-ecbb-4b0d-b3dc-5fc4defb1403<-62cc6baa-56d0-4b32-bcd5-4e291d75a464#0:OK-t0
2024-06-08 12:39:11,596 [88275c87-ecbb-4b0d-b3dc-5fc4defb1403@group-1A3AA7B4371B-LeaderElection13] INFO  impl.LeaderElection (LeaderElection.java:logAndReturn(93)) -   Response 1: 88275c87-ecbb-4b0d-b3dc-5fc4defb1403<-f77e3843-6fa7-4ff7-99fe-a68d95a9a65f#0:FAIL-t0
2024-06-08 12:39:11,597 [88275c87-ecbb-4b0d-b3dc-5fc4defb1403@group-1A3AA7B4371B-LeaderElection13] INFO  impl.LeaderElection (LeaderElection.java:askForVotes(323)) - 88275c87-ecbb-4b0d-b3dc-5fc4defb1403@group-1A3AA7B4371B-LeaderElection13 PRE_VOTE round 0: result REJECTED
2024-06-08 12:39:11,597 [88275c87-ecbb-4b0d-b3dc-5fc4defb1403@group-1A3AA7B4371B-LeaderElection13] INFO  server.RaftServer$Division (RaftServerImpl.java:setRole(383)) - 88275c87-ecbb-4b0d-b3dc-5fc4defb1403@group-1A3AA7B4371B: changes role from CANDIDATE to FOLLOWER at term 0 for REJECTED
2024-06-08 12:39:11,597 [88275c87-ecbb-4b0d-b3dc-5fc4defb1403@group-1A3AA7B4371B-LeaderElection13] INFO  impl.RoleInfo (RoleInfo.java:shutdownLeaderElection(130)) - 88275c87-ecbb-4b0d-b3dc-5fc4defb1403: shutdown 88275c87-ecbb-4b0d-b3dc-5fc4defb1403@group-1A3AA7B4371B-LeaderElection13
2024-06-08 12:39:11,597 [88275c87-ecbb-4b0d-b3dc-5fc4defb1403@group-1A3AA7B4371B-LeaderElection13] INFO  impl.RoleInfo (RoleInfo.java:updateAndGet(139)) - 88275c87-ecbb-4b0d-b3dc-5fc4defb1403: start 88275c87-ecbb-4b0d-b3dc-5fc4defb1403@group-1A3AA7B4371B-FollowerState
2024-06-08 12:39:11,597 [88275c87-ecbb-4b0d-b3dc-5fc4defb1403@group-1A3AA7B4371B-LeaderElection13] INFO  server.RaftServer$Division (RaftServerImpl.java:setFirstElection(574)) - 88275c87-ecbb-4b0d-b3dc-5fc4defb1403@group-1A3AA7B4371B: set firstElectionSinceStartup to false for REJECTED
2024-06-08 12:39:11,598 [main] INFO  rpc.RpcClient (RpcClient.java:createBucket(699)) - Creating Bucket: vol/bucket, with server-side default bucket layout, runner as owner, Versioning false, Storage Type set to DISK and Encryption set to false, Replication Type set to server-side default replication type, Namespace Quota set to -1, Space Quota set to -1 
2024-06-08 12:39:11,601 [om1-OMStateMachineApplyTransactionThread - 0] INFO  bucket.OMBucketCreateRequest (OMBucketCreateRequest.java:validateAndUpdateCache(293)) - created bucket: bucket of layout FILE_SYSTEM_OPTIMIZED in volume: vol
2024-06-08 12:39:11,617 [f77e3843-6fa7-4ff7-99fe-a68d95a9a65f@group-1A3AA7B4371B-FollowerState] INFO  impl.FollowerState (FollowerState.java:run(143)) - f77e3843-6fa7-4ff7-99fe-a68d95a9a65f@group-1A3AA7B4371B-FollowerState: change to CANDIDATE, lastRpcElapsedTime:5041205152ns, electionTimeout:5037ms
2024-06-08 12:39:11,617 [f77e3843-6fa7-4ff7-99fe-a68d95a9a65f@group-1A3AA7B4371B-FollowerState] INFO  impl.RoleInfo (RoleInfo.java:shutdownFollowerState(110)) - f77e3843-6fa7-4ff7-99fe-a68d95a9a65f: shutdown f77e3843-6fa7-4ff7-99fe-a68d95a9a65f@group-1A3AA7B4371B-FollowerState
2024-06-08 12:39:11,617 [f77e3843-6fa7-4ff7-99fe-a68d95a9a65f@group-1A3AA7B4371B-FollowerState] INFO  server.RaftServer$Division (RaftServerImpl.java:setRole(383)) - f77e3843-6fa7-4ff7-99fe-a68d95a9a65f@group-1A3AA7B4371B: changes role from  FOLLOWER to CANDIDATE at term 0 for changeToCandidate
2024-06-08 12:39:11,617 [f77e3843-6fa7-4ff7-99fe-a68d95a9a65f@group-1A3AA7B4371B-FollowerState] INFO  server.RaftServerConfigKeys (ConfUtils.java:logGet(46)) - raft.server.leaderelection.pre-vote = true (default)
2024-06-08 12:39:11,617 [f77e3843-6fa7-4ff7-99fe-a68d95a9a65f@group-1A3AA7B4371B-FollowerState] INFO  impl.RoleInfo (RoleInfo.java:updateAndGet(139)) - f77e3843-6fa7-4ff7-99fe-a68d95a9a65f: start f77e3843-6fa7-4ff7-99fe-a68d95a9a65f@group-1A3AA7B4371B-LeaderElection14
2024-06-08 12:39:11,618 [f77e3843-6fa7-4ff7-99fe-a68d95a9a65f@group-1A3AA7B4371B-LeaderElection14] INFO  impl.LeaderElection (LeaderElection.java:askForVotes(321)) - f77e3843-6fa7-4ff7-99fe-a68d95a9a65f@group-1A3AA7B4371B-LeaderElection14 PRE_VOTE round 0: submit vote requests at term 0 for -1: peers:[62cc6baa-56d0-4b32-bcd5-4e291d75a464|127.0.0.1:15067, f77e3843-6fa7-4ff7-99fe-a68d95a9a65f|127.0.0.1:15049, 88275c87-ecbb-4b0d-b3dc-5fc4defb1403|127.0.0.1:15058]|listeners:[], old=null
2024-06-08 12:39:11,620 [f77e3843-6fa7-4ff7-99fe-a68d95a9a65f@group-1A3AA7B4371B-LeaderElection14] INFO  server.RaftServerConfigKeys (ConfUtils.java:logFallback(53)) - raft.server.rpc.first-election.timeout.min = 5s (fallback to raft.server.rpc.timeout.min)
2024-06-08 12:39:11,620 [f77e3843-6fa7-4ff7-99fe-a68d95a9a65f@group-1A3AA7B4371B-LeaderElection14] INFO  server.RaftServerConfigKeys (ConfUtils.java:logFallback(53)) - raft.server.rpc.first-election.timeout.max = 5200ms (fallback to raft.server.rpc.timeout.max)
2024-06-08 12:39:11,622 [grpc-default-executor-0] INFO  server.RaftServer$Division (RaftServerImpl.java:requestVote(1389)) - 88275c87-ecbb-4b0d-b3dc-5fc4defb1403@group-1A3AA7B4371B: receive requestVote(PRE_VOTE, f77e3843-6fa7-4ff7-99fe-a68d95a9a65f, group-1A3AA7B4371B, 0, (t:0, i:0))
2024-06-08 12:39:11,622 [grpc-default-executor-0] INFO  impl.VoteContext (VoteContext.java:log(49)) - 88275c87-ecbb-4b0d-b3dc-5fc4defb1403@group-1A3AA7B4371B-FOLLOWER: accept PRE_VOTE from f77e3843-6fa7-4ff7-99fe-a68d95a9a65f: our priority 0 <= candidate's priority 1
2024-06-08 12:39:11,622 [grpc-default-executor-0] INFO  server.RaftServer$Division (RaftServerImpl.java:requestVote(1422)) - 88275c87-ecbb-4b0d-b3dc-5fc4defb1403@group-1A3AA7B4371B replies to PRE_VOTE vote request: f77e3843-6fa7-4ff7-99fe-a68d95a9a65f<-88275c87-ecbb-4b0d-b3dc-5fc4defb1403#0:OK-t0. Peer's state: 88275c87-ecbb-4b0d-b3dc-5fc4defb1403@group-1A3AA7B4371B:t0, leader=null, voted=, raftlog=Memoized:88275c87-ecbb-4b0d-b3dc-5fc4defb1403@group-1A3AA7B4371B-SegmentedRaftLog:OPENED:c-1, conf=-1: peers:[62cc6baa-56d0-4b32-bcd5-4e291d75a464|127.0.0.1:15067, f77e3843-6fa7-4ff7-99fe-a68d95a9a65f|127.0.0.1:15049, 88275c87-ecbb-4b0d-b3dc-5fc4defb1403|127.0.0.1:15058]|listeners:[], old=null
2024-06-08 12:39:11,625 [f77e3843-6fa7-4ff7-99fe-a68d95a9a65f@group-1A3AA7B4371B-LeaderElection14] INFO  impl.LeaderElection (LeaderElection.java:logAndReturn(89)) - f77e3843-6fa7-4ff7-99fe-a68d95a9a65f@group-1A3AA7B4371B-LeaderElection14: PRE_VOTE PASSED received 1 response(s) and 0 exception(s):
2024-06-08 12:39:11,625 [f77e3843-6fa7-4ff7-99fe-a68d95a9a65f@group-1A3AA7B4371B-LeaderElection14] INFO  impl.LeaderElection (LeaderElection.java:logAndReturn(93)) -   Response 0: f77e3843-6fa7-4ff7-99fe-a68d95a9a65f<-88275c87-ecbb-4b0d-b3dc-5fc4defb1403#0:OK-t0
2024-06-08 12:39:11,625 [f77e3843-6fa7-4ff7-99fe-a68d95a9a65f@group-1A3AA7B4371B-LeaderElection14] INFO  impl.LeaderElection (LeaderElection.java:askForVotes(323)) - f77e3843-6fa7-4ff7-99fe-a68d95a9a65f@group-1A3AA7B4371B-LeaderElection14 PRE_VOTE round 0: result PASSED
2024-06-08 12:39:11,625 [grpc-default-executor-0] INFO  server.RaftServer$Division (RaftServerImpl.java:requestVote(1389)) - 62cc6baa-56d0-4b32-bcd5-4e291d75a464@group-1A3AA7B4371B: receive requestVote(PRE_VOTE, f77e3843-6fa7-4ff7-99fe-a68d95a9a65f, group-1A3AA7B4371B, 0, (t:0, i:0))
2024-06-08 12:39:11,625 [grpc-default-executor-0] INFO  impl.VoteContext (VoteContext.java:log(49)) - 62cc6baa-56d0-4b32-bcd5-4e291d75a464@group-1A3AA7B4371B-FOLLOWER: accept PRE_VOTE from f77e3843-6fa7-4ff7-99fe-a68d95a9a65f: our priority 0 <= candidate's priority 1
2024-06-08 12:39:11,625 [grpc-default-executor-0] INFO  server.RaftServer$Division (RaftServerImpl.java:requestVote(1422)) - 62cc6baa-56d0-4b32-bcd5-4e291d75a464@group-1A3AA7B4371B replies to PRE_VOTE vote request: f77e3843-6fa7-4ff7-99fe-a68d95a9a65f<-62cc6baa-56d0-4b32-bcd5-4e291d75a464#0:OK-t0. Peer's state: 62cc6baa-56d0-4b32-bcd5-4e291d75a464@group-1A3AA7B4371B:t0, leader=null, voted=, raftlog=Memoized:62cc6baa-56d0-4b32-bcd5-4e291d75a464@group-1A3AA7B4371B-SegmentedRaftLog:OPENED:c-1, conf=-1: peers:[62cc6baa-56d0-4b32-bcd5-4e291d75a464|127.0.0.1:15067, f77e3843-6fa7-4ff7-99fe-a68d95a9a65f|127.0.0.1:15049, 88275c87-ecbb-4b0d-b3dc-5fc4defb1403|127.0.0.1:15058]|listeners:[], old=null
2024-06-08 12:39:11,626 [f77e3843-6fa7-4ff7-99fe-a68d95a9a65f@group-1A3AA7B4371B-LeaderElection14] INFO  impl.LeaderElection (LeaderElection.java:askForVotes(321)) - f77e3843-6fa7-4ff7-99fe-a68d95a9a65f@group-1A3AA7B4371B-LeaderElection14 ELECTION round 0: submit vote requests at term 1 for -1: peers:[62cc6baa-56d0-4b32-bcd5-4e291d75a464|127.0.0.1:15067, f77e3843-6fa7-4ff7-99fe-a68d95a9a65f|127.0.0.1:15049, 88275c87-ecbb-4b0d-b3dc-5fc4defb1403|127.0.0.1:15058]|listeners:[], old=null
2024-06-08 12:39:11,629 [grpc-default-executor-0] INFO  server.RaftServer$Division (RaftServerImpl.java:requestVote(1389)) - 62cc6baa-56d0-4b32-bcd5-4e291d75a464@group-1A3AA7B4371B: receive requestVote(ELECTION, f77e3843-6fa7-4ff7-99fe-a68d95a9a65f, group-1A3AA7B4371B, 1, (t:0, i:0))
2024-06-08 12:39:11,629 [grpc-default-executor-0] INFO  impl.VoteContext (VoteContext.java:log(49)) - 62cc6baa-56d0-4b32-bcd5-4e291d75a464@group-1A3AA7B4371B-FOLLOWER: accept ELECTION from f77e3843-6fa7-4ff7-99fe-a68d95a9a65f: our priority 0 <= candidate's priority 1
2024-06-08 12:39:11,629 [grpc-default-executor-0] INFO  server.RaftServer$Division (RaftServerImpl.java:setRole(383)) - 62cc6baa-56d0-4b32-bcd5-4e291d75a464@group-1A3AA7B4371B: changes role from  FOLLOWER to FOLLOWER at term 1 for candidate:f77e3843-6fa7-4ff7-99fe-a68d95a9a65f
2024-06-08 12:39:11,629 [grpc-default-executor-0] INFO  impl.RoleInfo (RoleInfo.java:shutdownFollowerState(110)) - 62cc6baa-56d0-4b32-bcd5-4e291d75a464: shutdown 62cc6baa-56d0-4b32-bcd5-4e291d75a464@group-1A3AA7B4371B-FollowerState
2024-06-08 12:39:11,629 [grpc-default-executor-0] INFO  impl.RoleInfo (RoleInfo.java:updateAndGet(139)) - 62cc6baa-56d0-4b32-bcd5-4e291d75a464: start 62cc6baa-56d0-4b32-bcd5-4e291d75a464@group-1A3AA7B4371B-FollowerState
2024-06-08 12:39:11,629 [62cc6baa-56d0-4b32-bcd5-4e291d75a464@group-1A3AA7B4371B-FollowerState] INFO  impl.FollowerState (FollowerState.java:run(152)) - 62cc6baa-56d0-4b32-bcd5-4e291d75a464@group-1A3AA7B4371B-FollowerState was interrupted
2024-06-08 12:39:11,633 [f77e3843-6fa7-4ff7-99fe-a68d95a9a65f@group-1A3AA7B4371B-LeaderElection14] INFO  server.RaftServerConfigKeys (ConfUtils.java:logFallback(53)) - raft.server.rpc.first-election.timeout.min = 5s (fallback to raft.server.rpc.timeout.min)
2024-06-08 12:39:11,633 [f77e3843-6fa7-4ff7-99fe-a68d95a9a65f@group-1A3AA7B4371B-LeaderElection14] INFO  server.RaftServerConfigKeys (ConfUtils.java:logFallback(53)) - raft.server.rpc.first-election.timeout.max = 5200ms (fallback to raft.server.rpc.timeout.max)
2024-06-08 12:39:11,633 [grpc-default-executor-0] INFO  server.RaftServer$Division (RaftServerImpl.java:setFirstElection(574)) - 62cc6baa-56d0-4b32-bcd5-4e291d75a464@group-1A3AA7B4371B: set firstElectionSinceStartup to false for candidate:f77e3843-6fa7-4ff7-99fe-a68d95a9a65f
2024-06-08 12:39:11,635 [grpc-default-executor-0] INFO  server.RaftServer$Division (RaftServerImpl.java:requestVote(1422)) - 62cc6baa-56d0-4b32-bcd5-4e291d75a464@group-1A3AA7B4371B replies to ELECTION vote request: f77e3843-6fa7-4ff7-99fe-a68d95a9a65f<-62cc6baa-56d0-4b32-bcd5-4e291d75a464#0:OK-t1. Peer's state: 62cc6baa-56d0-4b32-bcd5-4e291d75a464@group-1A3AA7B4371B:t1, leader=null, voted=f77e3843-6fa7-4ff7-99fe-a68d95a9a65f, raftlog=Memoized:62cc6baa-56d0-4b32-bcd5-4e291d75a464@group-1A3AA7B4371B-SegmentedRaftLog:OPENED:c-1, conf=-1: peers:[62cc6baa-56d0-4b32-bcd5-4e291d75a464|127.0.0.1:15067, f77e3843-6fa7-4ff7-99fe-a68d95a9a65f|127.0.0.1:15049, 88275c87-ecbb-4b0d-b3dc-5fc4defb1403|127.0.0.1:15058]|listeners:[], old=null
2024-06-08 12:39:11,636 [f77e3843-6fa7-4ff7-99fe-a68d95a9a65f@group-1A3AA7B4371B-LeaderElection14] INFO  impl.LeaderElection (LeaderElection.java:logAndReturn(89)) - f77e3843-6fa7-4ff7-99fe-a68d95a9a65f@group-1A3AA7B4371B-LeaderElection14: ELECTION PASSED received 1 response(s) and 0 exception(s):
2024-06-08 12:39:11,636 [f77e3843-6fa7-4ff7-99fe-a68d95a9a65f@group-1A3AA7B4371B-LeaderElection14] INFO  impl.LeaderElection (LeaderElection.java:logAndReturn(93)) -   Response 0: f77e3843-6fa7-4ff7-99fe-a68d95a9a65f<-62cc6baa-56d0-4b32-bcd5-4e291d75a464#0:OK-t1
2024-06-08 12:39:11,636 [f77e3843-6fa7-4ff7-99fe-a68d95a9a65f@group-1A3AA7B4371B-LeaderElection14] INFO  impl.LeaderElection (LeaderElection.java:askForVotes(323)) - f77e3843-6fa7-4ff7-99fe-a68d95a9a65f@group-1A3AA7B4371B-LeaderElection14 ELECTION round 0: result PASSED
2024-06-08 12:39:11,636 [f77e3843-6fa7-4ff7-99fe-a68d95a9a65f@group-1A3AA7B4371B-LeaderElection14] INFO  impl.RoleInfo (RoleInfo.java:shutdownLeaderElection(130)) - f77e3843-6fa7-4ff7-99fe-a68d95a9a65f: shutdown f77e3843-6fa7-4ff7-99fe-a68d95a9a65f@group-1A3AA7B4371B-LeaderElection14
2024-06-08 12:39:11,636 [f77e3843-6fa7-4ff7-99fe-a68d95a9a65f@group-1A3AA7B4371B-LeaderElection14] INFO  server.RaftServer$Division (RaftServerImpl.java:setRole(383)) - f77e3843-6fa7-4ff7-99fe-a68d95a9a65f@group-1A3AA7B4371B: changes role from CANDIDATE to LEADER at term 1 for changeToLeader
2024-06-08 12:39:11,636 [f77e3843-6fa7-4ff7-99fe-a68d95a9a65f@group-1A3AA7B4371B-LeaderElection14] INFO  server.RaftServerConfigKeys (ConfUtils.java:logGet(46)) - raft.server.staging.catchup.gap = 1000 (default)
2024-06-08 12:39:11,636 [f77e3843-6fa7-4ff7-99fe-a68d95a9a65f@group-1A3AA7B4371B-LeaderElection14] INFO  server.RaftServerConfigKeys (ConfUtils.java:logGet(46)) - raft.server.write.element-limit = 1024 (custom)
2024-06-08 12:39:11,636 [f77e3843-6fa7-4ff7-99fe-a68d95a9a65f@group-1A3AA7B4371B-LeaderElection14] INFO  server.RaftServerConfigKeys (ConfUtils.java:logGet(46)) - raft.server.write.byte-limit = 1024 M (=1073741824) (custom)
2024-06-08 12:39:11,636 [f77e3843-6fa7-4ff7-99fe-a68d95a9a65f@group-1A3AA7B4371B-LeaderElection14] INFO  server.RaftServerConfigKeys (ConfUtils.java:logGet(46)) - raft.server.watch.timeout = 30s (custom)
2024-06-08 12:39:11,637 [f77e3843-6fa7-4ff7-99fe-a68d95a9a65f@group-1A3AA7B4371B-LeaderElection14] INFO  server.RaftServerConfigKeys (ConfUtils.java:logGet(46)) - raft.server.watch.timeout.denomination = 1s (default)
2024-06-08 12:39:11,637 [f77e3843-6fa7-4ff7-99fe-a68d95a9a65f@group-1A3AA7B4371B-LeaderElection14] INFO  server.RaftServerConfigKeys (ConfUtils.java:logGet(46)) - raft.server.watch.element-limit = 65536 (default)
2024-06-08 12:39:11,637 [f77e3843-6fa7-4ff7-99fe-a68d95a9a65f@group-1A3AA7B4371B-LeaderElection14] INFO  server.RaftServerConfigKeys (ConfUtils.java:logGet(46)) - raft.server.read.leader.lease.enabled = false (default)
2024-06-08 12:39:11,637 [f77e3843-6fa7-4ff7-99fe-a68d95a9a65f@group-1A3AA7B4371B-LeaderElection14] INFO  server.RaftServerConfigKeys (ConfUtils.java:logGet(46)) - raft.server.read.leader.lease.timeout.ratio = 0.9 (default)
2024-06-08 12:39:11,637 [f77e3843-6fa7-4ff7-99fe-a68d95a9a65f@group-1A3AA7B4371B-LeaderElection14] INFO  server.RaftServerConfigKeys (ConfUtils.java:logGet(46)) - raft.server.rpc.timeout.min = 5s (custom)
2024-06-08 12:39:11,637 [f77e3843-6fa7-4ff7-99fe-a68d95a9a65f@group-1A3AA7B4371B-LeaderElection14] INFO  server.RaftServerConfigKeys (ConfUtils.java:logGet(46)) - raft.server.write.element-limit = 1024 (custom)
2024-06-08 12:39:11,637 [f77e3843-6fa7-4ff7-99fe-a68d95a9a65f@group-1A3AA7B4371B-LeaderElection14] INFO  server.RaftServerConfigKeys (ConfUtils.java:logGet(46)) - raft.server.write.follower.gap.ratio.max = -1.0 (default)
2024-06-08 12:39:11,637 [f77e3843-6fa7-4ff7-99fe-a68d95a9a65f@group-1A3AA7B4371B-LeaderElection14] INFO  server.RaftServerConfigKeys (ConfUtils.java:logGet(46)) - raft.server.log.appender.snapshot.chunk.size.max = 16MB (=16777216) (default)
2024-06-08 12:39:11,637 [f77e3843-6fa7-4ff7-99fe-a68d95a9a65f@group-1A3AA7B4371B-LeaderElection14] INFO  server.RaftServerConfigKeys (ConfUtils.java:logGet(46)) - raft.server.log.appender.buffer.byte-limit = 8388608 (custom)
2024-06-08 12:39:11,638 [f77e3843-6fa7-4ff7-99fe-a68d95a9a65f@group-1A3AA7B4371B-LeaderElection14] INFO  server.RaftServerConfigKeys (ConfUtils.java:logGet(46)) - raft.server.log.appender.buffer.element-limit = 1024 (custom)
2024-06-08 12:39:11,638 [f77e3843-6fa7-4ff7-99fe-a68d95a9a65f@group-1A3AA7B4371B-LeaderElection14] INFO  server.RaftServerConfigKeys (ConfUtils.java:logGet(46)) - raft.server.log.appender.wait-time.min = 0μs (custom)
2024-06-08 12:39:11,638 [f77e3843-6fa7-4ff7-99fe-a68d95a9a65f@group-1A3AA7B4371B-LeaderElection14] INFO  grpc.GrpcConfigKeys (ConfUtils.java:logGet(46)) - raft.grpc.server.leader.outstanding.appends.max = 8 (default)
2024-06-08 12:39:11,638 [f77e3843-6fa7-4ff7-99fe-a68d95a9a65f@group-1A3AA7B4371B-LeaderElection14] INFO  server.RaftServerConfigKeys (ConfUtils.java:logGet(46)) - raft.server.rpc.request.timeout = 60s (custom)
2024-06-08 12:39:11,638 [f77e3843-6fa7-4ff7-99fe-a68d95a9a65f@group-1A3AA7B4371B-LeaderElection14] INFO  grpc.GrpcConfigKeys (ConfUtils.java:logGet(46)) - raft.grpc.server.install_snapshot.request.element-limit = 8 (default)
2024-06-08 12:39:11,638 [f77e3843-6fa7-4ff7-99fe-a68d95a9a65f@group-1A3AA7B4371B-LeaderElection14] INFO  grpc.GrpcConfigKeys (ConfUtils.java:logGet(46)) - raft.grpc.server.install_snapshot.request.timeout = 3000ms (default)
2024-06-08 12:39:11,638 [f77e3843-6fa7-4ff7-99fe-a68d95a9a65f@group-1A3AA7B4371B-LeaderElection14] INFO  grpc.GrpcConfigKeys (ConfUtils.java:logGet(46)) - raft.grpc.server.log-message.batch.duration = 5s (default)
2024-06-08 12:39:11,638 [f77e3843-6fa7-4ff7-99fe-a68d95a9a65f@group-1A3AA7B4371B-LeaderElection14] INFO  server.RaftServerConfigKeys (ConfUtils.java:logGet(46)) - raft.server.log.appender.install.snapshot.enabled = false (custom)
2024-06-08 12:39:11,638 [f77e3843-6fa7-4ff7-99fe-a68d95a9a65f@group-1A3AA7B4371B-LeaderElection14] INFO  grpc.GrpcConfigKeys (ConfUtils.java:logGet(46)) - raft.grpc.server.heartbeat.channel = true (default)
2024-06-08 12:39:11,639 [f77e3843-6fa7-4ff7-99fe-a68d95a9a65f@group-1A3AA7B4371B-LeaderElection14] INFO  server.RaftServerConfigKeys (ConfUtils.java:logGet(46)) - raft.server.log.appender.snapshot.chunk.size.max = 16MB (=16777216) (default)
2024-06-08 12:39:11,639 [f77e3843-6fa7-4ff7-99fe-a68d95a9a65f@group-1A3AA7B4371B-LeaderElection14] INFO  server.RaftServerConfigKeys (ConfUtils.java:logGet(46)) - raft.server.log.appender.buffer.byte-limit = 8388608 (custom)
2024-06-08 12:39:11,639 [f77e3843-6fa7-4ff7-99fe-a68d95a9a65f@group-1A3AA7B4371B-LeaderElection14] INFO  server.RaftServerConfigKeys (ConfUtils.java:logGet(46)) - raft.server.log.appender.buffer.element-limit = 1024 (custom)
2024-06-08 12:39:11,640 [f77e3843-6fa7-4ff7-99fe-a68d95a9a65f@group-1A3AA7B4371B-LeaderElection14] INFO  server.RaftServerConfigKeys (ConfUtils.java:logGet(46)) - raft.server.log.appender.wait-time.min = 0μs (custom)
2024-06-08 12:39:11,640 [f77e3843-6fa7-4ff7-99fe-a68d95a9a65f@group-1A3AA7B4371B-LeaderElection14] INFO  grpc.GrpcConfigKeys (ConfUtils.java:logGet(46)) - raft.grpc.server.leader.outstanding.appends.max = 8 (default)
2024-06-08 12:39:11,641 [main] INFO  ozoneimpl.OzoneContainer (OzoneContainer.java:stop(481)) - Attempting to stop container services.
2024-06-08 12:39:11,640 [grpc-default-executor-0] INFO  server.RaftServer$Division (RaftServerImpl.java:requestVote(1389)) - 88275c87-ecbb-4b0d-b3dc-5fc4defb1403@group-1A3AA7B4371B: receive requestVote(ELECTION, f77e3843-6fa7-4ff7-99fe-a68d95a9a65f, group-1A3AA7B4371B, 1, (t:0, i:0))
2024-06-08 12:39:11,642 [f77e3843-6fa7-4ff7-99fe-a68d95a9a65f@group-1A3AA7B4371B-LeaderElection14] INFO  server.RaftServerConfigKeys (ConfUtils.java:logGet(46)) - raft.server.rpc.request.timeout = 60s (custom)
2024-06-08 12:39:11,642 [ContainerMetadataScanner] WARN  ozoneimpl.AbstractBackgroundContainerScanner (AbstractBackgroundContainerScanner.java:handleRemainingSleep(134)) - Background container scan was interrupted.
2024-06-08 12:39:11,642 [ContainerMetadataScanner] INFO  ozoneimpl.AbstractBackgroundContainerScanner (AbstractBackgroundContainerScanner.java:run(61)) - Thread[ContainerMetadataScanner,5,main] exiting.
2024-06-08 12:39:11,642 [main] INFO  ozoneimpl.BackgroundContainerDataScanner (BackgroundContainerDataScanner.java:shutdown(141)) - ContainerDataScanner(/home/runner/work/ozone/ozone/hadoop-ozone/integration-test/target/test-dir/MiniOzoneClusterImpl-eb3449cc-c24b-44af-9d9e-25cc0a4be729/ozone-meta/datanode-4/data-0/hdds) is shutting down. 
2024-06-08 12:39:11,642 [ContainerDataScanner(/home/runner/work/ozone/ozone/hadoop-ozone/integration-test/target/test-dir/MiniOzoneClusterImpl-eb3449cc-c24b-44af-9d9e-25cc0a4be729/ozone-meta/datanode-4/data-0/hdds)] WARN  ozoneimpl.AbstractBackgroundContainerScanner (AbstractBackgroundContainerScanner.java:handleRemainingSleep(134)) - Background container scan was interrupted.
2024-06-08 12:39:11,642 [ContainerDataScanner(/home/runner/work/ozone/ozone/hadoop-ozone/integration-test/target/test-dir/MiniOzoneClusterImpl-eb3449cc-c24b-44af-9d9e-25cc0a4be729/ozone-meta/datanode-4/data-0/hdds)] INFO  ozoneimpl.AbstractBackgroundContainerScanner (AbstractBackgroundContainerScanner.java:run(61)) - ContainerDataScanner(/home/runner/work/ozone/ozone/hadoop-ozone/integration-test/target/test-dir/MiniOzoneClusterImpl-eb3449cc-c24b-44af-9d9e-25cc0a4be729/ozone-meta/datanode-4/data-0/hdds, DS-87790a43-a8d0-4744-937e-30b425518a6a) exiting.
2024-06-08 12:39:11,642 [grpc-default-executor-0] INFO  impl.VoteContext (VoteContext.java:log(49)) - 88275c87-ecbb-4b0d-b3dc-5fc4defb1403@group-1A3AA7B4371B-FOLLOWER: accept ELECTION from f77e3843-6fa7-4ff7-99fe-a68d95a9a65f: our priority 0 <= candidate's priority 1
2024-06-08 12:39:11,643 [grpc-default-executor-0] INFO  server.RaftServer$Division (RaftServerImpl.java:setRole(383)) - 88275c87-ecbb-4b0d-b3dc-5fc4defb1403@group-1A3AA7B4371B: changes role from  FOLLOWER to FOLLOWER at term 1 for candidate:f77e3843-6fa7-4ff7-99fe-a68d95a9a65f
2024-06-08 12:39:11,643 [grpc-default-executor-0] INFO  impl.RoleInfo (RoleInfo.java:shutdownFollowerState(110)) - 88275c87-ecbb-4b0d-b3dc-5fc4defb1403: shutdown 88275c87-ecbb-4b0d-b3dc-5fc4defb1403@group-1A3AA7B4371B-FollowerState
2024-06-08 12:39:11,642 [f77e3843-6fa7-4ff7-99fe-a68d95a9a65f@group-1A3AA7B4371B-LeaderElection14] INFO  grpc.GrpcConfigKeys (ConfUtils.java:logGet(46)) - raft.grpc.server.install_snapshot.request.element-limit = 8 (default)
2024-06-08 12:39:11,643 [88275c87-ecbb-4b0d-b3dc-5fc4defb1403@group-1A3AA7B4371B-FollowerState] INFO  impl.FollowerState (FollowerState.java:run(152)) - 88275c87-ecbb-4b0d-b3dc-5fc4defb1403@group-1A3AA7B4371B-FollowerState was interrupted
2024-06-08 12:39:11,643 [grpc-default-executor-0] INFO  impl.RoleInfo (RoleInfo.java:updateAndGet(139)) - 88275c87-ecbb-4b0d-b3dc-5fc4defb1403: start 88275c87-ecbb-4b0d-b3dc-5fc4defb1403@group-1A3AA7B4371B-FollowerState
2024-06-08 12:39:11,643 [main] INFO  server.RaftServer (RaftServerProxy.java:lambda$close$9(416)) - f77e3843-6fa7-4ff7-99fe-a68d95a9a65f: close
2024-06-08 12:39:11,643 [f77e3843-6fa7-4ff7-99fe-a68d95a9a65f-impl-thread1] INFO  server.RaftServer$Division (RaftServerImpl.java:lambda$close$3(526)) - f77e3843-6fa7-4ff7-99fe-a68d95a9a65f@group-33F6AC0EAB09: shutdown
2024-06-08 12:39:11,643 [f77e3843-6fa7-4ff7-99fe-a68d95a9a65f-impl-thread1] INFO  util.JmxRegister (JmxRegister.java:unregister(73)) - Successfully un-registered JMX Bean with object name Ratis:service=RaftServer,group=group-33F6AC0EAB09,id=f77e3843-6fa7-4ff7-99fe-a68d95a9a65f
2024-06-08 12:39:11,643 [f77e3843-6fa7-4ff7-99fe-a68d95a9a65f-impl-thread1] INFO  impl.RoleInfo (RoleInfo.java:shutdownFollowerState(110)) - f77e3843-6fa7-4ff7-99fe-a68d95a9a65f: shutdown f77e3843-6fa7-4ff7-99fe-a68d95a9a65f@group-33F6AC0EAB09-FollowerState
2024-06-08 12:39:11,644 [f77e3843-6fa7-4ff7-99fe-a68d95a9a65f-impl-thread1] INFO  impl.StateMachineUpdater (StateMachineUpdater.java:stopAndJoin(157)) - f77e3843-6fa7-4ff7-99fe-a68d95a9a65f@group-33F6AC0EAB09-StateMachineUpdater: set stopIndex = -1
2024-06-08 12:39:11,644 [f77e3843-6fa7-4ff7-99fe-a68d95a9a65f@group-33F6AC0EAB09-FollowerState] INFO  impl.FollowerState (FollowerState.java:run(152)) - f77e3843-6fa7-4ff7-99fe-a68d95a9a65f@group-33F6AC0EAB09-FollowerState was interrupted
2024-06-08 12:39:11,643 [f77e3843-6fa7-4ff7-99fe-a68d95a9a65f@group-1A3AA7B4371B-LeaderElection14] INFO  grpc.GrpcConfigKeys (ConfUtils.java:logGet(46)) - raft.grpc.server.install_snapshot.request.timeout = 3000ms (default)
2024-06-08 12:39:11,644 [f77e3843-6fa7-4ff7-99fe-a68d95a9a65f-impl-thread1] INFO  server.RaftServer$Division (ServerState.java:close(427)) - f77e3843-6fa7-4ff7-99fe-a68d95a9a65f@group-33F6AC0EAB09: applyIndex: -1
2024-06-08 12:39:11,644 [f77e3843-6fa7-4ff7-99fe-a68d95a9a65f@group-33F6AC0EAB09-cacheEviction-AwaitToRun] INFO  util.AwaitToRun (AwaitToRun.java:run(49)) - f77e3843-6fa7-4ff7-99fe-a68d95a9a65f@group-33F6AC0EAB09-cacheEviction-AwaitToRun-AwaitForSignal is interrupted
2024-06-08 12:39:11,644 [f77e3843-6fa7-4ff7-99fe-a68d95a9a65f@group-1A3AA7B4371B-LeaderElection14] INFO  grpc.GrpcConfigKeys (ConfUtils.java:logGet(46)) - raft.grpc.server.log-message.batch.duration = 5s (default)
2024-06-08 12:39:11,645 [f77e3843-6fa7-4ff7-99fe-a68d95a9a65f@group-1A3AA7B4371B-LeaderElection14] INFO  server.RaftServerConfigKeys (ConfUtils.java:logGet(46)) - raft.server.log.appender.install.snapshot.enabled = false (custom)
2024-06-08 12:39:11,645 [f77e3843-6fa7-4ff7-99fe-a68d95a9a65f-impl-thread2] INFO  server.RaftServer$Division (RaftServerImpl.java:lambda$close$3(526)) - f77e3843-6fa7-4ff7-99fe-a68d95a9a65f@group-3AA15A02A225: shutdown
2024-06-08 12:39:11,646 [f77e3843-6fa7-4ff7-99fe-a68d95a9a65f-impl-thread2] INFO  util.JmxRegister (JmxRegister.java:unregister(73)) - Successfully un-registered JMX Bean with object name Ratis:service=RaftServer,group=group-3AA15A02A225,id=f77e3843-6fa7-4ff7-99fe-a68d95a9a65f
2024-06-08 12:39:11,646 [f77e3843-6fa7-4ff7-99fe-a68d95a9a65f-impl-thread2] INFO  impl.RoleInfo (RoleInfo.java:shutdownLeaderState(94)) - f77e3843-6fa7-4ff7-99fe-a68d95a9a65f: shutdown f77e3843-6fa7-4ff7-99fe-a68d95a9a65f@group-3AA15A02A225-LeaderStateImpl
2024-06-08 12:39:11,646 [f77e3843-6fa7-4ff7-99fe-a68d95a9a65f-impl-thread2] INFO  impl.PendingRequests (PendingRequests.java:sendNotLeaderResponses(289)) - f77e3843-6fa7-4ff7-99fe-a68d95a9a65f@group-3AA15A02A225-PendingRequests: sendNotLeaderResponses
2024-06-08 12:39:11,645 [f77e3843-6fa7-4ff7-99fe-a68d95a9a65f@group-1A3AA7B4371B-LeaderElection14] INFO  grpc.GrpcConfigKeys (ConfUtils.java:logGet(46)) - raft.grpc.server.heartbeat.channel = true (default)
2024-06-08 12:39:11,646 [grpc-default-executor-0] INFO  server.RaftServer$Division (RaftServerImpl.java:requestVote(1422)) - 88275c87-ecbb-4b0d-b3dc-5fc4defb1403@group-1A3AA7B4371B replies to ELECTION vote request: f77e3843-6fa7-4ff7-99fe-a68d95a9a65f<-88275c87-ecbb-4b0d-b3dc-5fc4defb1403#0:OK-t1. Peer's state: 88275c87-ecbb-4b0d-b3dc-5fc4defb1403@group-1A3AA7B4371B:t1, leader=null, voted=f77e3843-6fa7-4ff7-99fe-a68d95a9a65f, raftlog=Memoized:88275c87-ecbb-4b0d-b3dc-5fc4defb1403@group-1A3AA7B4371B-SegmentedRaftLog:OPENED:c-1, conf=-1: peers:[62cc6baa-56d0-4b32-bcd5-4e291d75a464|127.0.0.1:15067, f77e3843-6fa7-4ff7-99fe-a68d95a9a65f|127.0.0.1:15049, 88275c87-ecbb-4b0d-b3dc-5fc4defb1403|127.0.0.1:15058]|listeners:[], old=null
2024-06-08 12:39:11,649 [main] INFO  server.GrpcService (GrpcService.java:closeImpl(311)) - f77e3843-6fa7-4ff7-99fe-a68d95a9a65f: shutdown server org.apache.ratis.grpc.server.GrpcClientProtocolService now
2024-06-08 12:39:11,650 [f77e3843-6fa7-4ff7-99fe-a68d95a9a65f@group-1A3AA7B4371B-LeaderElection14] INFO  impl.RoleInfo (RoleInfo.java:updateAndGet(139)) - f77e3843-6fa7-4ff7-99fe-a68d95a9a65f: start f77e3843-6fa7-4ff7-99fe-a68d95a9a65f@group-1A3AA7B4371B-LeaderStateImpl
2024-06-08 12:39:11,650 [f77e3843-6fa7-4ff7-99fe-a68d95a9a65f@group-3AA15A02A225-StateMachineUpdater] INFO  ratis.ContainerStateMachine (ContainerStateMachine.java:takeSnapshot(355)) - group-3AA15A02A225: Taking a snapshot at:(t:1, i:0) file /home/runner/work/ozone/ozone/hadoop-ozone/integration-test/target/test-dir/MiniOzoneClusterImpl-eb3449cc-c24b-44af-9d9e-25cc0a4be729/ozone-meta/datanode-4/ratis/f9b2f5bc-84bd-40ea-a409-3aa15a02a225/sm/snapshot.1_0
2024-06-08 12:39:11,651 [f77e3843-6fa7-4ff7-99fe-a68d95a9a65f@group-1A3AA7B4371B-LeaderElection14] INFO  server.RaftServer$Division (RaftServerImpl.java:setFirstElection(574)) - f77e3843-6fa7-4ff7-99fe-a68d95a9a65f@group-1A3AA7B4371B: set firstElectionSinceStartup to false for becomeLeader
2024-06-08 12:39:11,650 [Thread-1672] INFO  server.GrpcServerProtocolClient (GrpcServerProtocolClient.java:close(103)) - 62cc6baa-56d0-4b32-bcd5-4e291d75a464 Close channels
2024-06-08 12:39:11,650 [f77e3843-6fa7-4ff7-99fe-a68d95a9a65f-impl-thread2] INFO  impl.StateMachineUpdater (StateMachineUpdater.java:stopAndJoin(157)) - f77e3843-6fa7-4ff7-99fe-a68d95a9a65f@group-3AA15A02A225-StateMachineUpdater: set stopIndex = 0
2024-06-08 12:39:11,651 [f77e3843-6fa7-4ff7-99fe-a68d95a9a65f@group-1A3AA7B4371B-LeaderElection14] INFO  ratis.XceiverServerRatis (XceiverServerRatis.java:handleLeaderChangedNotification(966)) - Leader change notification received for group: group-1A3AA7B4371B with new leaderId: f77e3843-6fa7-4ff7-99fe-a68d95a9a65f
2024-06-08 12:39:11,651 [f77e3843-6fa7-4ff7-99fe-a68d95a9a65f@group-1A3AA7B4371B-LeaderElection14] INFO  server.RaftServer$Division (ServerState.java:setLeader(269)) - f77e3843-6fa7-4ff7-99fe-a68d95a9a65f@group-1A3AA7B4371B: change Leader from null to f77e3843-6fa7-4ff7-99fe-a68d95a9a65f at term 1 for becomeLeader, leader elected after 5104ms
2024-06-08 12:39:11,651 [f77e3843-6fa7-4ff7-99fe-a68d95a9a65f@group-3AA15A02A225-StateMachineUpdater] INFO  ratis.ContainerStateMachine (ContainerStateMachine.java:takeSnapshot(366)) - group-3AA15A02A225: Finished taking a snapshot at:(t:1, i:0) file:/home/runner/work/ozone/ozone/hadoop-ozone/integration-test/target/test-dir/MiniOzoneClusterImpl-eb3449cc-c24b-44af-9d9e-25cc0a4be729/ozone-meta/datanode-4/ratis/f9b2f5bc-84bd-40ea-a409-3aa15a02a225/sm/snapshot.1_0 took: 1 ms
2024-06-08 12:39:11,652 [f77e3843-6fa7-4ff7-99fe-a68d95a9a65f@group-3AA15A02A225-StateMachineUpdater] INFO  impl.StateMachineUpdater (StateMachineUpdater.java:takeSnapshot(295)) - f77e3843-6fa7-4ff7-99fe-a68d95a9a65f@group-3AA15A02A225-StateMachineUpdater: Took a snapshot at index 0
2024-06-08 12:39:11,652 [f77e3843-6fa7-4ff7-99fe-a68d95a9a65f@group-3AA15A02A225-StateMachineUpdater] INFO  impl.StateMachineUpdater (StateMachineUpdater.java:lambda$new$0(98)) - f77e3843-6fa7-4ff7-99fe-a68d95a9a65f@group-3AA15A02A225-StateMachineUpdater: snapshotIndex: updateIncreasingly -1 -> 0
2024-06-08 12:39:11,652 [f77e3843-6fa7-4ff7-99fe-a68d95a9a65f@group-1A3AA7B4371B-LeaderElection14] INFO  segmented.SegmentedRaftLogWorker (SegmentedRaftLogWorker.java:startLogSegment(430)) - f77e3843-6fa7-4ff7-99fe-a68d95a9a65f@group-1A3AA7B4371B-SegmentedRaftLogWorker: Starting segment from index:0
2024-06-08 12:39:11,652 [f77e3843-6fa7-4ff7-99fe-a68d95a9a65f@group-1A3AA7B4371B-SegmentedRaftLogWorker] INFO  segmented.BufferedWriteChannel (BufferedWriteChannel.java:open(62)) - open log_inprogress_0 at position 0
2024-06-08 12:39:11,653 [f77e3843-6fa7-4ff7-99fe-a68d95a9a65f-impl-thread2] INFO  server.RaftServer$Division (ServerState.java:close(427)) - f77e3843-6fa7-4ff7-99fe-a68d95a9a65f@group-3AA15A02A225: applyIndex: 0
2024-06-08 12:39:11,653 [f77e3843-6fa7-4ff7-99fe-a68d95a9a65f@group-3AA15A02A225-cacheEviction-AwaitToRun] INFO  util.AwaitToRun (AwaitToRun.java:run(49)) - f77e3843-6fa7-4ff7-99fe-a68d95a9a65f@group-3AA15A02A225-cacheEviction-AwaitToRun-AwaitForSignal is interrupted
2024-06-08 12:39:11,654 [88275c87-ecbb-4b0d-b3dc-5fc4defb1403@group-FC5ACD0ADB42-FollowerState] INFO  impl.FollowerState (FollowerState.java:run(143)) - 88275c87-ecbb-4b0d-b3dc-5fc4defb1403@group-FC5ACD0ADB42-FollowerState: change to CANDIDATE, lastRpcElapsedTime:5132317416ns, electionTimeout:5126ms
2024-06-08 12:39:11,654 [88275c87-ecbb-4b0d-b3dc-5fc4defb1403@group-FC5ACD0ADB42-FollowerState] INFO  impl.RoleInfo (RoleInfo.java:shutdownFollowerState(110)) - 88275c87-ecbb-4b0d-b3dc-5fc4defb1403: shutdown 88275c87-ecbb-4b0d-b3dc-5fc4defb1403@group-FC5ACD0ADB42-FollowerState
2024-06-08 12:39:11,654 [88275c87-ecbb-4b0d-b3dc-5fc4defb1403@group-FC5ACD0ADB42-FollowerState] INFO  server.RaftServer$Division (RaftServerImpl.java:setRole(383)) - 88275c87-ecbb-4b0d-b3dc-5fc4defb1403@group-FC5ACD0ADB42: changes role from  FOLLOWER to CANDIDATE at term 0 for changeToCandidate
2024-06-08 12:39:11,654 [88275c87-ecbb-4b0d-b3dc-5fc4defb1403@group-FC5ACD0ADB42-FollowerState] INFO  server.RaftServerConfigKeys (ConfUtils.java:logGet(46)) - raft.server.leaderelection.pre-vote = true (default)
2024-06-08 12:39:11,654 [88275c87-ecbb-4b0d-b3dc-5fc4defb1403@group-FC5ACD0ADB42-FollowerState] INFO  impl.RoleInfo (RoleInfo.java:updateAndGet(139)) - 88275c87-ecbb-4b0d-b3dc-5fc4defb1403: start 88275c87-ecbb-4b0d-b3dc-5fc4defb1403@group-FC5ACD0ADB42-LeaderElection15
2024-06-08 12:39:11,657 [f77e3843-6fa7-4ff7-99fe-a68d95a9a65f@group-1A3AA7B4371B-LeaderElection14] INFO  server.RaftServer$Division (ServerState.java:setRaftConf(386)) - f77e3843-6fa7-4ff7-99fe-a68d95a9a65f@group-1A3AA7B4371B: set configuration 0: peers:[62cc6baa-56d0-4b32-bcd5-4e291d75a464|127.0.0.1:15067, f77e3843-6fa7-4ff7-99fe-a68d95a9a65f|127.0.0.1:15049, 88275c87-ecbb-4b0d-b3dc-5fc4defb1403|127.0.0.1:15058]|listeners:[], old=null
2024-06-08 12:39:11,657 [f77e3843-6fa7-4ff7-99fe-a68d95a9a65f-impl-thread3] INFO  server.RaftServer$Division (RaftServerImpl.java:lambda$close$3(526)) - f77e3843-6fa7-4ff7-99fe-a68d95a9a65f@group-1A3AA7B4371B: shutdown
2024-06-08 12:39:11,657 [f77e3843-6fa7-4ff7-99fe-a68d95a9a65f-impl-thread3] INFO  util.JmxRegister (JmxRegister.java:unregister(73)) - Successfully un-registered JMX Bean with object name Ratis:service=RaftServer,group=group-1A3AA7B4371B,id=f77e3843-6fa7-4ff7-99fe-a68d95a9a65f
2024-06-08 12:39:11,657 [f77e3843-6fa7-4ff7-99fe-a68d95a9a65f-impl-thread3] INFO  impl.RoleInfo (RoleInfo.java:shutdownLeaderState(94)) - f77e3843-6fa7-4ff7-99fe-a68d95a9a65f: shutdown f77e3843-6fa7-4ff7-99fe-a68d95a9a65f@group-1A3AA7B4371B-LeaderStateImpl
2024-06-08 12:39:11,657 [f77e3843-6fa7-4ff7-99fe-a68d95a9a65f-impl-thread3] INFO  impl.PendingRequests (PendingRequests.java:sendNotLeaderResponses(289)) - f77e3843-6fa7-4ff7-99fe-a68d95a9a65f@group-1A3AA7B4371B-PendingRequests: sendNotLeaderResponses
2024-06-08 12:39:11,660 [f77e3843-6fa7-4ff7-99fe-a68d95a9a65f@group-1A3AA7B4371B-SegmentedRaftLogWorker] INFO  segmented.SegmentedRaftLogWorker (SegmentedRaftLogWorker.java:execute(634)) - f77e3843-6fa7-4ff7-99fe-a68d95a9a65f@group-1A3AA7B4371B-SegmentedRaftLogWorker: created new log segment /home/runner/work/ozone/ozone/hadoop-ozone/integration-test/target/test-dir/MiniOzoneClusterImpl-eb3449cc-c24b-44af-9d9e-25cc0a4be729/ozone-meta/datanode-4/ratis/a6709be0-c16d-45f7-8930-1a3aa7b4371b/current/log_inprogress_0
2024-06-08 12:39:11,661 [Thread-1674] INFO  server.GrpcServerProtocolClient (GrpcServerProtocolClient.java:close(103)) - 88275c87-ecbb-4b0d-b3dc-5fc4defb1403 Close channels
2024-06-08 12:39:11,662 [main] INFO  server.GrpcService (GrpcService.java:closeImpl(320)) - f77e3843-6fa7-4ff7-99fe-a68d95a9a65f: shutdown server org.apache.ratis.grpc.server.GrpcClientProtocolService successfully
2024-06-08 12:39:11,662 [main] INFO  server.GrpcService (GrpcService.java:closeImpl(311)) - f77e3843-6fa7-4ff7-99fe-a68d95a9a65f: shutdown server GrpcServerProtocolService now
2024-06-08 12:39:11,664 [grpc-default-executor-2] WARN  server.GrpcServerProtocolService (LogUtils.java:warn(121)) - f77e3843-6fa7-4ff7-99fe-a68d95a9a65f: APPEND_ENTRIES onError, lastRequest: null: org.apache.ratis.thirdparty.io.grpc.StatusRuntimeException: CANCELLED: client cancelled
2024-06-08 12:39:11,665 [grpc-default-executor-4] WARN  server.GrpcLogAppender (LogUtils.java:warn(121)) - 88275c87-ecbb-4b0d-b3dc-5fc4defb1403@group-33F6AC0EAB09->f77e3843-6fa7-4ff7-99fe-a68d95a9a65f-AppendLogResponseHandler: Failed appendEntries: org.apache.ratis.thirdparty.io.grpc.StatusRuntimeException: CANCELLED: RST_STREAM closed stream. HTTP/2 error code: CANCEL
2024-06-08 12:39:11,666 [grpc-default-executor-0] WARN  server.GrpcLogAppender (GrpcLogAppender.java:lambda$resetClient$1(217)) - 88275c87-ecbb-4b0d-b3dc-5fc4defb1403@group-33F6AC0EAB09->f77e3843-6fa7-4ff7-99fe-a68d95a9a65f-GrpcLogAppender: Follower failed (request=null, errorCount=1); keep nextIndex (1) unchanged and retry.
2024-06-08 12:39:11,666 [grpc-default-executor-2] WARN  server.GrpcServerProtocolService (LogUtils.java:warn(121)) - f77e3843-6fa7-4ff7-99fe-a68d95a9a65f: APPEND_ENTRIES onError, lastRequest: 88275c87-ecbb-4b0d-b3dc-5fc4defb1403->f77e3843-6fa7-4ff7-99fe-a68d95a9a65f#1-t1,previous=(t:0, i:0),leaderCommit=-1,initializing? false,entries: size=1, first=(t:1, i:0), CONFIGURATIONENTRY(current:id: "62cc6baa-56d0-4b32-bcd5-4e291d75a464"
address: "127.0.0.1:15067"
dataStreamAddress: "127.0.0.1:15068"
clientAddress: "127.0.0.1:15065"
adminAddress: "127.0.0.1:15066"
startupRole: FOLLOWER
,id: "f77e3843-6fa7-4ff7-99fe-a68d95a9a65f"
address: "127.0.0.1:15049"
dataStreamAddress: "127.0.0.1:15050"
clientAddress: "127.0.0.1:15047"
adminAddress: "127.0.0.1:15048"
startupRole: FOLLOWER
,id: "88275c87-ecbb-4b0d-b3dc-5fc4defb1403"
address: "127.0.0.1:15058"
priority: 1
dataStreamAddress: "127.0.0.1:15059"
clientAddress: "127.0.0.1:15056"
adminAddress: "127.0.0.1:15057"
startupRole: FOLLOWER
, old:): org.apache.ratis.thirdparty.io.grpc.StatusRuntimeException: CANCELLED: client cancelled
2024-06-08 12:39:11,670 [88275c87-ecbb-4b0d-b3dc-5fc4defb1403@group-FC5ACD0ADB42-LeaderElection15] INFO  impl.LeaderElection (LeaderElection.java:askForVotes(321)) - 88275c87-ecbb-4b0d-b3dc-5fc4defb1403@group-FC5ACD0ADB42-LeaderElection15 PRE_VOTE round 0: submit vote requests at term 0 for -1: peers:[88275c87-ecbb-4b0d-b3dc-5fc4defb1403|127.0.0.1:15058]|listeners:[], old=null
2024-06-08 12:39:11,670 [88275c87-ecbb-4b0d-b3dc-5fc4defb1403@group-FC5ACD0ADB42-LeaderElection15] INFO  impl.LeaderElection (LeaderElection.java:askForVotes(323)) - 88275c87-ecbb-4b0d-b3dc-5fc4defb1403@group-FC5ACD0ADB42-LeaderElection15 PRE_VOTE round 0: result PASSED (term=0)
2024-06-08 12:39:11,671 [main] INFO  server.GrpcService (GrpcService.java:closeImpl(320)) - f77e3843-6fa7-4ff7-99fe-a68d95a9a65f: shutdown server GrpcServerProtocolService successfully
2024-06-08 12:39:11,671 [main] INFO  server.GrpcService (GrpcService.java:closeImpl(311)) - f77e3843-6fa7-4ff7-99fe-a68d95a9a65f: shutdown server org.apache.ratis.grpc.server.GrpcAdminProtocolService now
2024-06-08 12:39:11,671 [88275c87-ecbb-4b0d-b3dc-5fc4defb1403@group-FC5ACD0ADB42-LeaderElection15] INFO  impl.LeaderElection (LeaderElection.java:askForVotes(321)) - 88275c87-ecbb-4b0d-b3dc-5fc4defb1403@group-FC5ACD0ADB42-LeaderElection15 ELECTION round 0: submit vote requests at term 1 for -1: peers:[88275c87-ecbb-4b0d-b3dc-5fc4defb1403|127.0.0.1:15058]|listeners:[], old=null
2024-06-08 12:39:11,671 [88275c87-ecbb-4b0d-b3dc-5fc4defb1403@group-FC5ACD0ADB42-LeaderElection15] INFO  impl.LeaderElection (LeaderElection.java:askForVotes(323)) - 88275c87-ecbb-4b0d-b3dc-5fc4defb1403@group-FC5ACD0ADB42-LeaderElection15 ELECTION round 0: result PASSED (term=1)
2024-06-08 12:39:11,671 [88275c87-ecbb-4b0d-b3dc-5fc4defb1403@group-FC5ACD0ADB42-LeaderElection15] INFO  impl.RoleInfo (RoleInfo.java:shutdownLeaderElection(130)) - 88275c87-ecbb-4b0d-b3dc-5fc4defb1403: shutdown 88275c87-ecbb-4b0d-b3dc-5fc4defb1403@group-FC5ACD0ADB42-LeaderElection15
2024-06-08 12:39:11,671 [88275c87-ecbb-4b0d-b3dc-5fc4defb1403@group-FC5ACD0ADB42-LeaderElection15] INFO  server.RaftServer$Division (RaftServerImpl.java:setRole(383)) - 88275c87-ecbb-4b0d-b3dc-5fc4defb1403@group-FC5ACD0ADB42: changes role from CANDIDATE to LEADER at term 1 for changeToLeader
2024-06-08 12:39:11,671 [88275c87-ecbb-4b0d-b3dc-5fc4defb1403@group-FC5ACD0ADB42-LeaderElection15] INFO  server.RaftServerConfigKeys (ConfUtils.java:logGet(46)) - raft.server.staging.catchup.gap = 1000 (default)
2024-06-08 12:39:11,672 [88275c87-ecbb-4b0d-b3dc-5fc4defb1403@group-FC5ACD0ADB42-LeaderElection15] INFO  server.RaftServerConfigKeys (ConfUtils.java:logGet(46)) - raft.server.write.element-limit = 1024 (custom)
2024-06-08 12:39:11,672 [88275c87-ecbb-4b0d-b3dc-5fc4defb1403@group-FC5ACD0ADB42-LeaderElection15] INFO  server.RaftServerConfigKeys (ConfUtils.java:logGet(46)) - raft.server.write.byte-limit = 1024 M (=1073741824) (custom)
2024-06-08 12:39:11,672 [88275c87-ecbb-4b0d-b3dc-5fc4defb1403@group-FC5ACD0ADB42-LeaderElection15] INFO  server.RaftServerConfigKeys (ConfUtils.java:logGet(46)) - raft.server.watch.timeout = 30s (custom)
2024-06-08 12:39:11,673 [88275c87-ecbb-4b0d-b3dc-5fc4defb1403@group-FC5ACD0ADB42-LeaderElection15] INFO  server.RaftServerConfigKeys (ConfUtils.java:logGet(46)) - raft.server.watch.timeout.denomination = 1s (default)
2024-06-08 12:39:11,673 [88275c87-ecbb-4b0d-b3dc-5fc4defb1403@group-FC5ACD0ADB42-LeaderElection15] INFO  server.RaftServerConfigKeys (ConfUtils.java:logGet(46)) - raft.server.watch.element-limit = 65536 (default)
2024-06-08 12:39:11,673 [88275c87-ecbb-4b0d-b3dc-5fc4defb1403@group-FC5ACD0ADB42-LeaderElection15] INFO  server.RaftServerConfigKeys (ConfUtils.java:logGet(46)) - raft.server.read.leader.lease.enabled = false (default)
2024-06-08 12:39:11,673 [88275c87-ecbb-4b0d-b3dc-5fc4defb1403@group-FC5ACD0ADB42-LeaderElection15] INFO  server.RaftServerConfigKeys (ConfUtils.java:logGet(46)) - raft.server.read.leader.lease.timeout.ratio = 0.9 (default)
2024-06-08 12:39:11,673 [88275c87-ecbb-4b0d-b3dc-5fc4defb1403@group-FC5ACD0ADB42-LeaderElection15] INFO  server.RaftServerConfigKeys (ConfUtils.java:logGet(46)) - raft.server.rpc.timeout.min = 5s (custom)
2024-06-08 12:39:11,673 [88275c87-ecbb-4b0d-b3dc-5fc4defb1403@group-FC5ACD0ADB42-LeaderElection15] INFO  server.RaftServerConfigKeys (ConfUtils.java:logGet(46)) - raft.server.write.element-limit = 1024 (custom)
2024-06-08 12:39:11,673 [88275c87-ecbb-4b0d-b3dc-5fc4defb1403@group-FC5ACD0ADB42-LeaderElection15] INFO  server.RaftServerConfigKeys (ConfUtils.java:logGet(46)) - raft.server.write.follower.gap.ratio.max = -1.0 (default)
2024-06-08 12:39:11,673 [88275c87-ecbb-4b0d-b3dc-5fc4defb1403@group-FC5ACD0ADB42-LeaderElection15] INFO  impl.RoleInfo (RoleInfo.java:updateAndGet(139)) - 88275c87-ecbb-4b0d-b3dc-5fc4defb1403: start 88275c87-ecbb-4b0d-b3dc-5fc4defb1403@group-FC5ACD0ADB42-LeaderStateImpl
2024-06-08 12:39:11,674 [88275c87-ecbb-4b0d-b3dc-5fc4defb1403@group-FC5ACD0ADB42-LeaderElection15] INFO  server.RaftServer$Division (RaftServerImpl.java:setFirstElection(574)) - 88275c87-ecbb-4b0d-b3dc-5fc4defb1403@group-FC5ACD0ADB42: set firstElectionSinceStartup to false for becomeLeader
2024-06-08 12:39:11,674 [88275c87-ecbb-4b0d-b3dc-5fc4defb1403@group-FC5ACD0ADB42-LeaderElection15] INFO  ratis.XceiverServerRatis (XceiverServerRatis.java:handleLeaderChangedNotification(966)) - Leader change notification received for group: group-FC5ACD0ADB42 with new leaderId: 88275c87-ecbb-4b0d-b3dc-5fc4defb1403
2024-06-08 12:39:11,674 [88275c87-ecbb-4b0d-b3dc-5fc4defb1403@group-FC5ACD0ADB42-LeaderElection15] INFO  server.RaftServer$Division (ServerState.java:setLeader(269)) - 88275c87-ecbb-4b0d-b3dc-5fc4defb1403@group-FC5ACD0ADB42: change Leader from null to 88275c87-ecbb-4b0d-b3dc-5fc4defb1403 at term 1 for becomeLeader, leader elected after 5175ms
2024-06-08 12:39:11,674 [88275c87-ecbb-4b0d-b3dc-5fc4defb1403@group-FC5ACD0ADB42-LeaderElection15] INFO  segmented.SegmentedRaftLogWorker (SegmentedRaftLogWorker.java:startLogSegment(430)) - 88275c87-ecbb-4b0d-b3dc-5fc4defb1403@group-FC5ACD0ADB42-SegmentedRaftLogWorker: Starting segment from index:0
2024-06-08 12:39:11,674 [88275c87-ecbb-4b0d-b3dc-5fc4defb1403@group-FC5ACD0ADB42-SegmentedRaftLogWorker] INFO  segmented.BufferedWriteChannel (BufferedWriteChannel.java:open(62)) - open log_inprogress_0 at position 0
2024-06-08 12:39:11,675 [88275c87-ecbb-4b0d-b3dc-5fc4defb1403@group-FC5ACD0ADB42-LeaderElection15] INFO  server.RaftServer$Division (ServerState.java:setRaftConf(386)) - 88275c87-ecbb-4b0d-b3dc-5fc4defb1403@group-FC5ACD0ADB42: set configuration 0: peers:[88275c87-ecbb-4b0d-b3dc-5fc4defb1403|127.0.0.1:15058]|listeners:[], old=null
2024-06-08 12:39:11,676 [main] INFO  server.GrpcService (GrpcService.java:closeImpl(320)) - f77e3843-6fa7-4ff7-99fe-a68d95a9a65f: shutdown server org.apache.ratis.grpc.server.GrpcAdminProtocolService successfully
2024-06-08 12:39:11,679 [f77e3843-6fa7-4ff7-99fe-a68d95a9a65f-NettyServerStreamRpc-bossGroup--thread1] INFO  logging.LoggingHandler (AbstractInternalLogger.java:log(148)) - [id: 0x01cb314f, L:/0.0.0.0:15050] CLOSE
2024-06-08 12:39:11,679 [f77e3843-6fa7-4ff7-99fe-a68d95a9a65f-NettyServerStreamRpc-bossGroup--thread1] INFO  logging.LoggingHandler (AbstractInternalLogger.java:log(148)) - [id: 0x01cb314f, L:/0.0.0.0:15050] INACTIVE
2024-06-08 12:39:11,680 [f77e3843-6fa7-4ff7-99fe-a68d95a9a65f-NettyServerStreamRpc-bossGroup--thread1] INFO  logging.LoggingHandler (AbstractInternalLogger.java:log(148)) - [id: 0x01cb314f, L:/0.0.0.0:15050] UNREGISTERED
2024-06-08 12:39:11,683 [88275c87-ecbb-4b0d-b3dc-5fc4defb1403@group-FC5ACD0ADB42-SegmentedRaftLogWorker] INFO  segmented.SegmentedRaftLogWorker (SegmentedRaftLogWorker.java:execute(634)) - 88275c87-ecbb-4b0d-b3dc-5fc4defb1403@group-FC5ACD0ADB42-SegmentedRaftLogWorker: created new log segment /home/runner/work/ozone/ozone/hadoop-ozone/integration-test/target/test-dir/MiniOzoneClusterImpl-eb3449cc-c24b-44af-9d9e-25cc0a4be729/ozone-meta/datanode-5/ratis/10247862-9946-46d5-a605-fc5acd0adb42/current/log_inprogress_0
2024-06-08 12:39:11,685 [88275c87-ecbb-4b0d-b3dc-5fc4defb1403@group-FC5ACD0ADB42-StateMachineUpdater] INFO  server.RaftServer$Division (LeaderStateImpl.java:isApplied(320)) - leader is ready since appliedIndex == 0 >= startIndex == 0
2024-06-08 12:39:11,688 [62cc6baa-56d0-4b32-bcd5-4e291d75a464@group-A5BAD0168108-FollowerState] INFO  impl.FollowerState (FollowerState.java:run(143)) - 62cc6baa-56d0-4b32-bcd5-4e291d75a464@group-A5BAD0168108-FollowerState: change to CANDIDATE, lastRpcElapsedTime:5059611799ns, electionTimeout:5059ms
2024-06-08 12:39:11,688 [62cc6baa-56d0-4b32-bcd5-4e291d75a464@group-A5BAD0168108-FollowerState] INFO  impl.RoleInfo (RoleInfo.java:shutdownFollowerState(110)) - 62cc6baa-56d0-4b32-bcd5-4e291d75a464: shutdown 62cc6baa-56d0-4b32-bcd5-4e291d75a464@group-A5BAD0168108-FollowerState
2024-06-08 12:39:11,688 [62cc6baa-56d0-4b32-bcd5-4e291d75a464@group-A5BAD0168108-FollowerState] INFO  server.RaftServer$Division (RaftServerImpl.java:setRole(383)) - 62cc6baa-56d0-4b32-bcd5-4e291d75a464@group-A5BAD0168108: changes role from  FOLLOWER to CANDIDATE at term 0 for changeToCandidate
2024-06-08 12:39:11,689 [62cc6baa-56d0-4b32-bcd5-4e291d75a464@group-A5BAD0168108-FollowerState] INFO  server.RaftServerConfigKeys (ConfUtils.java:logGet(46)) - raft.server.leaderelection.pre-vote = true (default)
2024-06-08 12:39:11,689 [62cc6baa-56d0-4b32-bcd5-4e291d75a464@group-A5BAD0168108-FollowerState] INFO  impl.RoleInfo (RoleInfo.java:updateAndGet(139)) - 62cc6baa-56d0-4b32-bcd5-4e291d75a464: start 62cc6baa-56d0-4b32-bcd5-4e291d75a464@group-A5BAD0168108-LeaderElection16
2024-06-08 12:39:11,693 [62cc6baa-56d0-4b32-bcd5-4e291d75a464@group-A5BAD0168108-LeaderElection16] INFO  impl.LeaderElection (LeaderElection.java:askForVotes(321)) - 62cc6baa-56d0-4b32-bcd5-4e291d75a464@group-A5BAD0168108-LeaderElection16 PRE_VOTE round 0: submit vote requests at term 0 for -1: peers:[62cc6baa-56d0-4b32-bcd5-4e291d75a464|127.0.0.1:15067]|listeners:[], old=null
2024-06-08 12:39:11,694 [62cc6baa-56d0-4b32-bcd5-4e291d75a464@group-A5BAD0168108-LeaderElection16] INFO  impl.LeaderElection (LeaderElection.java:askForVotes(323)) - 62cc6baa-56d0-4b32-bcd5-4e291d75a464@group-A5BAD0168108-LeaderElection16 PRE_VOTE round 0: result PASSED (term=0)
2024-06-08 12:39:11,696 [62cc6baa-56d0-4b32-bcd5-4e291d75a464@group-A5BAD0168108-LeaderElection16] INFO  impl.LeaderElection (LeaderElection.java:askForVotes(321)) - 62cc6baa-56d0-4b32-bcd5-4e291d75a464@group-A5BAD0168108-LeaderElection16 ELECTION round 0: submit vote requests at term 1 for -1: peers:[62cc6baa-56d0-4b32-bcd5-4e291d75a464|127.0.0.1:15067]|listeners:[], old=null
2024-06-08 12:39:11,696 [62cc6baa-56d0-4b32-bcd5-4e291d75a464@group-A5BAD0168108-LeaderElection16] INFO  impl.LeaderElection (LeaderElection.java:askForVotes(323)) - 62cc6baa-56d0-4b32-bcd5-4e291d75a464@group-A5BAD0168108-LeaderElection16 ELECTION round 0: result PASSED (term=1)
2024-06-08 12:39:11,696 [62cc6baa-56d0-4b32-bcd5-4e291d75a464@group-A5BAD0168108-LeaderElection16] INFO  impl.RoleInfo (RoleInfo.java:shutdownLeaderElection(130)) - 62cc6baa-56d0-4b32-bcd5-4e291d75a464: shutdown 62cc6baa-56d0-4b32-bcd5-4e291d75a464@group-A5BAD0168108-LeaderElection16
2024-06-08 12:39:11,696 [62cc6baa-56d0-4b32-bcd5-4e291d75a464@group-A5BAD0168108-LeaderElection16] INFO  server.RaftServer$Division (RaftServerImpl.java:setRole(383)) - 62cc6baa-56d0-4b32-bcd5-4e291d75a464@group-A5BAD0168108: changes role from CANDIDATE to LEADER at term 1 for changeToLeader
2024-06-08 12:39:11,696 [62cc6baa-56d0-4b32-bcd5-4e291d75a464@group-A5BAD0168108-LeaderElection16] INFO  server.RaftServerConfigKeys (ConfUtils.java:logGet(46)) - raft.server.staging.catchup.gap = 1000 (default)
2024-06-08 12:39:11,696 [62cc6baa-56d0-4b32-bcd5-4e291d75a464@group-A5BAD0168108-LeaderElection16] INFO  server.RaftServerConfigKeys (ConfUtils.java:logGet(46)) - raft.server.write.element-limit = 1024 (custom)
2024-06-08 12:39:11,696 [62cc6baa-56d0-4b32-bcd5-4e291d75a464@group-A5BAD0168108-LeaderElection16] INFO  server.RaftServerConfigKeys (ConfUtils.java:logGet(46)) - raft.server.write.byte-limit = 1024 M (=1073741824) (custom)
2024-06-08 12:39:11,696 [62cc6baa-56d0-4b32-bcd5-4e291d75a464@group-A5BAD0168108-LeaderElection16] INFO  server.RaftServerConfigKeys (ConfUtils.java:logGet(46)) - raft.server.watch.timeout = 30s (custom)
2024-06-08 12:39:11,696 [62cc6baa-56d0-4b32-bcd5-4e291d75a464@group-A5BAD0168108-LeaderElection16] INFO  server.RaftServerConfigKeys (ConfUtils.java:logGet(46)) - raft.server.watch.timeout.denomination = 1s (default)
2024-06-08 12:39:11,697 [62cc6baa-56d0-4b32-bcd5-4e291d75a464@group-A5BAD0168108-LeaderElection16] INFO  server.RaftServerConfigKeys (ConfUtils.java:logGet(46)) - raft.server.watch.element-limit = 65536 (default)
2024-06-08 12:39:11,697 [62cc6baa-56d0-4b32-bcd5-4e291d75a464@group-A5BAD0168108-LeaderElection16] INFO  server.RaftServerConfigKeys (ConfUtils.java:logGet(46)) - raft.server.read.leader.lease.enabled = false (default)
2024-06-08 12:39:11,697 [62cc6baa-56d0-4b32-bcd5-4e291d75a464@group-A5BAD0168108-LeaderElection16] INFO  server.RaftServerConfigKeys (ConfUtils.java:logGet(46)) - raft.server.read.leader.lease.timeout.ratio = 0.9 (default)
2024-06-08 12:39:11,697 [62cc6baa-56d0-4b32-bcd5-4e291d75a464@group-A5BAD0168108-LeaderElection16] INFO  server.RaftServerConfigKeys (ConfUtils.java:logGet(46)) - raft.server.rpc.timeout.min = 5s (custom)
2024-06-08 12:39:11,697 [62cc6baa-56d0-4b32-bcd5-4e291d75a464@group-A5BAD0168108-LeaderElection16] INFO  server.RaftServerConfigKeys (ConfUtils.java:logGet(46)) - raft.server.write.element-limit = 1024 (custom)
2024-06-08 12:39:11,697 [62cc6baa-56d0-4b32-bcd5-4e291d75a464@group-A5BAD0168108-LeaderElection16] INFO  server.RaftServerConfigKeys (ConfUtils.java:logGet(46)) - raft.server.write.follower.gap.ratio.max = -1.0 (default)
2024-06-08 12:39:11,697 [62cc6baa-56d0-4b32-bcd5-4e291d75a464@group-A5BAD0168108-LeaderElection16] INFO  impl.RoleInfo (RoleInfo.java:updateAndGet(139)) - 62cc6baa-56d0-4b32-bcd5-4e291d75a464: start 62cc6baa-56d0-4b32-bcd5-4e291d75a464@group-A5BAD0168108-LeaderStateImpl
2024-06-08 12:39:11,697 [62cc6baa-56d0-4b32-bcd5-4e291d75a464@group-A5BAD0168108-LeaderElection16] INFO  server.RaftServer$Division (RaftServerImpl.java:setFirstElection(574)) - 62cc6baa-56d0-4b32-bcd5-4e291d75a464@group-A5BAD0168108: set firstElectionSinceStartup to false for becomeLeader
2024-06-08 12:39:11,697 [62cc6baa-56d0-4b32-bcd5-4e291d75a464@group-A5BAD0168108-LeaderElection16] INFO  ratis.XceiverServerRatis (XceiverServerRatis.java:handleLeaderChangedNotification(966)) - Leader change notification received for group: group-A5BAD0168108 with new leaderId: 62cc6baa-56d0-4b32-bcd5-4e291d75a464
2024-06-08 12:39:11,697 [62cc6baa-56d0-4b32-bcd5-4e291d75a464@group-A5BAD0168108-LeaderElection16] INFO  server.RaftServer$Division (ServerState.java:setLeader(269)) - 62cc6baa-56d0-4b32-bcd5-4e291d75a464@group-A5BAD0168108: change Leader from null to 62cc6baa-56d0-4b32-bcd5-4e291d75a464 at term 1 for becomeLeader, leader elected after 5116ms
2024-06-08 12:39:11,698 [62cc6baa-56d0-4b32-bcd5-4e291d75a464@group-A5BAD0168108-LeaderElection16] INFO  segmented.SegmentedRaftLogWorker (SegmentedRaftLogWorker.java:startLogSegment(430)) - 62cc6baa-56d0-4b32-bcd5-4e291d75a464@group-A5BAD0168108-SegmentedRaftLogWorker: Starting segment from index:0
2024-06-08 12:39:11,698 [62cc6baa-56d0-4b32-bcd5-4e291d75a464@group-A5BAD0168108-LeaderElection16] INFO  server.RaftServer$Division (ServerState.java:setRaftConf(386)) - 62cc6baa-56d0-4b32-bcd5-4e291d75a464@group-A5BAD0168108: set configuration 0: peers:[62cc6baa-56d0-4b32-bcd5-4e291d75a464|127.0.0.1:15067]|listeners:[], old=null
2024-06-08 12:39:11,698 [62cc6baa-56d0-4b32-bcd5-4e291d75a464@group-A5BAD0168108-SegmentedRaftLogWorker] INFO  segmented.BufferedWriteChannel (BufferedWriteChannel.java:open(62)) - open log_inprogress_0 at position 0
2024-06-08 12:39:11,706 [62cc6baa-56d0-4b32-bcd5-4e291d75a464@group-A5BAD0168108-SegmentedRaftLogWorker] INFO  segmented.SegmentedRaftLogWorker (SegmentedRaftLogWorker.java:execute(634)) - 62cc6baa-56d0-4b32-bcd5-4e291d75a464@group-A5BAD0168108-SegmentedRaftLogWorker: created new log segment /home/runner/work/ozone/ozone/hadoop-ozone/integration-test/target/test-dir/MiniOzoneClusterImpl-eb3449cc-c24b-44af-9d9e-25cc0a4be729/ozone-meta/datanode-6/ratis/7b584b4b-5712-4fcd-8781-a5bad0168108/current/log_inprogress_0
2024-06-08 12:39:11,714 [62cc6baa-56d0-4b32-bcd5-4e291d75a464@group-A5BAD0168108-StateMachineUpdater] INFO  server.RaftServer$Division (LeaderStateImpl.java:isApplied(320)) - leader is ready since appliedIndex == 0 >= startIndex == 0
2024-06-08 12:39:12,513 [f77e3843-6fa7-4ff7-99fe-a68d95a9a65f-impl-thread2] INFO  segmented.SegmentedRaftLogWorker (SegmentedRaftLogWorker.java:close(245)) - f77e3843-6fa7-4ff7-99fe-a68d95a9a65f@group-3AA15A02A225-SegmentedRaftLogWorker close()
2024-06-08 12:39:12,593 [f77e3843-6fa7-4ff7-99fe-a68d95a9a65f-impl-thread1] INFO  segmented.SegmentedRaftLogWorker (SegmentedRaftLogWorker.java:close(245)) - f77e3843-6fa7-4ff7-99fe-a68d95a9a65f@group-33F6AC0EAB09-SegmentedRaftLogWorker close()
2024-06-08 12:39:16,666 [timer7] WARN  server.GrpcLogAppender (LogUtils.java:warn(121)) - 88275c87-ecbb-4b0d-b3dc-5fc4defb1403@group-33F6AC0EAB09->f77e3843-6fa7-4ff7-99fe-a68d95a9a65f-AppendLogResponseHandler: Failed appendEntries (Repeated 8 times in the last 5.000s): org.apache.ratis.thirdparty.io.grpc.StatusRuntimeException: UNAVAILABLE: io exception
2024-06-08 12:39:16,666 [timer0] WARN  server.GrpcLogAppender (GrpcLogAppender.java:lambda$resetClient$1(217)) - 88275c87-ecbb-4b0d-b3dc-5fc4defb1403@group-33F6AC0EAB09->f77e3843-6fa7-4ff7-99fe-a68d95a9a65f-GrpcLogAppender: Follower failed (request=null, errorCount=8); keep nextIndex (1) unchanged and retry. (Repeated 8 times in the last 5.000s)
2024-06-08 12:39:16,672 [88275c87-ecbb-4b0d-b3dc-5fc4defb1403@group-1A3AA7B4371B-FollowerState] INFO  impl.FollowerState (FollowerState.java:run(143)) - 88275c87-ecbb-4b0d-b3dc-5fc4defb1403@group-1A3AA7B4371B-FollowerState: change to CANDIDATE, lastRpcElapsedTime:5025599916ns, electionTimeout:5023ms
2024-06-08 12:39:16,672 [88275c87-ecbb-4b0d-b3dc-5fc4defb1403@group-1A3AA7B4371B-FollowerState] INFO  impl.RoleInfo (RoleInfo.java:shutdownFollowerState(110)) - 88275c87-ecbb-4b0d-b3dc-5fc4defb1403: shutdown 88275c87-ecbb-4b0d-b3dc-5fc4defb1403@group-1A3AA7B4371B-FollowerState
2024-06-08 12:39:16,672 [88275c87-ecbb-4b0d-b3dc-5fc4defb1403@group-1A3AA7B4371B-FollowerState] INFO  server.RaftServer$Division (RaftServerImpl.java:setRole(383)) - 88275c87-ecbb-4b0d-b3dc-5fc4defb1403@group-1A3AA7B4371B: changes role from  FOLLOWER to CANDIDATE at term 1 for changeToCandidate
2024-06-08 12:39:16,672 [88275c87-ecbb-4b0d-b3dc-5fc4defb1403@group-1A3AA7B4371B-FollowerState] INFO  server.RaftServerConfigKeys (ConfUtils.java:logGet(46)) - raft.server.leaderelection.pre-vote = true (default)
2024-06-08 12:39:16,672 [88275c87-ecbb-4b0d-b3dc-5fc4defb1403@group-1A3AA7B4371B-FollowerState] INFO  impl.RoleInfo (RoleInfo.java:updateAndGet(139)) - 88275c87-ecbb-4b0d-b3dc-5fc4defb1403: start 88275c87-ecbb-4b0d-b3dc-5fc4defb1403@group-1A3AA7B4371B-LeaderElection17
2024-06-08 12:39:16,673 [88275c87-ecbb-4b0d-b3dc-5fc4defb1403@group-1A3AA7B4371B-LeaderElection17] INFO  impl.LeaderElection (LeaderElection.java:askForVotes(321)) - 88275c87-ecbb-4b0d-b3dc-5fc4defb1403@group-1A3AA7B4371B-LeaderElection17 PRE_VOTE round 0: submit vote requests at term 1 for -1: peers:[62cc6baa-56d0-4b32-bcd5-4e291d75a464|127.0.0.1:15067, f77e3843-6fa7-4ff7-99fe-a68d95a9a65f|127.0.0.1:15049, 88275c87-ecbb-4b0d-b3dc-5fc4defb1403|127.0.0.1:15058]|listeners:[], old=null
2024-06-08 12:39:16,674 [88275c87-ecbb-4b0d-b3dc-5fc4defb1403@group-1A3AA7B4371B-LeaderElection17] INFO  impl.LeaderElection (LogUtils.java:infoOrTrace(136)) - 88275c87-ecbb-4b0d-b3dc-5fc4defb1403@group-1A3AA7B4371B-LeaderElection17 got exception when requesting votes: java.util.concurrent.ExecutionException: org.apache.ratis.thirdparty.io.grpc.StatusRuntimeException: UNAVAILABLE: io exception
2024-06-08 12:39:16,675 [grpc-default-executor-0] INFO  server.RaftServer$Division (RaftServerImpl.java:requestVote(1389)) - 62cc6baa-56d0-4b32-bcd5-4e291d75a464@group-1A3AA7B4371B: receive requestVote(PRE_VOTE, 88275c87-ecbb-4b0d-b3dc-5fc4defb1403, group-1A3AA7B4371B, 1, (t:0, i:0))
2024-06-08 12:39:16,675 [grpc-default-executor-0] INFO  impl.VoteContext (VoteContext.java:log(49)) - 62cc6baa-56d0-4b32-bcd5-4e291d75a464@group-1A3AA7B4371B-FOLLOWER: accept PRE_VOTE from 88275c87-ecbb-4b0d-b3dc-5fc4defb1403: our priority 0 <= candidate's priority 0
2024-06-08 12:39:16,675 [grpc-default-executor-0] INFO  server.RaftServer$Division (RaftServerImpl.java:requestVote(1422)) - 62cc6baa-56d0-4b32-bcd5-4e291d75a464@group-1A3AA7B4371B replies to PRE_VOTE vote request: 88275c87-ecbb-4b0d-b3dc-5fc4defb1403<-62cc6baa-56d0-4b32-bcd5-4e291d75a464#0:OK-t1. Peer's state: 62cc6baa-56d0-4b32-bcd5-4e291d75a464@group-1A3AA7B4371B:t1, leader=null, voted=f77e3843-6fa7-4ff7-99fe-a68d95a9a65f, raftlog=Memoized:62cc6baa-56d0-4b32-bcd5-4e291d75a464@group-1A3AA7B4371B-SegmentedRaftLog:OPENED:c-1, conf=-1: peers:[62cc6baa-56d0-4b32-bcd5-4e291d75a464|127.0.0.1:15067, f77e3843-6fa7-4ff7-99fe-a68d95a9a65f|127.0.0.1:15049, 88275c87-ecbb-4b0d-b3dc-5fc4defb1403|127.0.0.1:15058]|listeners:[], old=null
2024-06-08 12:39:16,676 [88275c87-ecbb-4b0d-b3dc-5fc4defb1403@group-1A3AA7B4371B-LeaderElection17] INFO  impl.LeaderElection (LeaderElection.java:logAndReturn(89)) - 88275c87-ecbb-4b0d-b3dc-5fc4defb1403@group-1A3AA7B4371B-LeaderElection17: PRE_VOTE PASSED received 1 response(s) and 1 exception(s):
2024-06-08 12:39:16,676 [88275c87-ecbb-4b0d-b3dc-5fc4defb1403@group-1A3AA7B4371B-LeaderElection17] INFO  impl.LeaderElection (LeaderElection.java:logAndReturn(93)) -   Response 0: 88275c87-ecbb-4b0d-b3dc-5fc4defb1403<-62cc6baa-56d0-4b32-bcd5-4e291d75a464#0:OK-t1
2024-06-08 12:39:16,676 [88275c87-ecbb-4b0d-b3dc-5fc4defb1403@group-1A3AA7B4371B-LeaderElection17] INFO  impl.LeaderElection (LogUtils.java:infoOrTrace(136)) -   Exception 1: java.util.concurrent.ExecutionException: org.apache.ratis.thirdparty.io.grpc.StatusRuntimeException: UNAVAILABLE: io exception
2024-06-08 12:39:16,676 [88275c87-ecbb-4b0d-b3dc-5fc4defb1403@group-1A3AA7B4371B-LeaderElection17] INFO  impl.LeaderElection (LeaderElection.java:askForVotes(323)) - 88275c87-ecbb-4b0d-b3dc-5fc4defb1403@group-1A3AA7B4371B-LeaderElection17 PRE_VOTE round 0: result PASSED
2024-06-08 12:39:16,678 [88275c87-ecbb-4b0d-b3dc-5fc4defb1403@group-1A3AA7B4371B-LeaderElection17] INFO  impl.LeaderElection (LeaderElection.java:askForVotes(321)) - 88275c87-ecbb-4b0d-b3dc-5fc4defb1403@group-1A3AA7B4371B-LeaderElection17 ELECTION round 0: submit vote requests at term 2 for -1: peers:[62cc6baa-56d0-4b32-bcd5-4e291d75a464|127.0.0.1:15067, f77e3843-6fa7-4ff7-99fe-a68d95a9a65f|127.0.0.1:15049, 88275c87-ecbb-4b0d-b3dc-5fc4defb1403|127.0.0.1:15058]|listeners:[], old=null
2024-06-08 12:39:16,679 [88275c87-ecbb-4b0d-b3dc-5fc4defb1403@group-1A3AA7B4371B-LeaderElection17] INFO  impl.LeaderElection (LogUtils.java:infoOrTrace(136)) - 88275c87-ecbb-4b0d-b3dc-5fc4defb1403@group-1A3AA7B4371B-LeaderElection17 got exception when requesting votes: java.util.concurrent.ExecutionException: org.apache.ratis.thirdparty.io.grpc.StatusRuntimeException: UNAVAILABLE: io exception
2024-06-08 12:39:16,679 [grpc-default-executor-0] INFO  server.RaftServer$Division (RaftServerImpl.java:requestVote(1389)) - 62cc6baa-56d0-4b32-bcd5-4e291d75a464@group-1A3AA7B4371B: receive requestVote(ELECTION, 88275c87-ecbb-4b0d-b3dc-5fc4defb1403, group-1A3AA7B4371B, 2, (t:0, i:0))
2024-06-08 12:39:16,679 [grpc-default-executor-0] INFO  impl.VoteContext (VoteContext.java:log(49)) - 62cc6baa-56d0-4b32-bcd5-4e291d75a464@group-1A3AA7B4371B-FOLLOWER: accept ELECTION from 88275c87-ecbb-4b0d-b3dc-5fc4defb1403: our priority 0 <= candidate's priority 0
2024-06-08 12:39:16,679 [grpc-default-executor-0] INFO  server.RaftServer$Division (RaftServerImpl.java:setRole(383)) - 62cc6baa-56d0-4b32-bcd5-4e291d75a464@group-1A3AA7B4371B: changes role from  FOLLOWER to FOLLOWER at term 2 for candidate:88275c87-ecbb-4b0d-b3dc-5fc4defb1403
2024-06-08 12:39:16,679 [grpc-default-executor-0] INFO  impl.RoleInfo (RoleInfo.java:shutdownFollowerState(110)) - 62cc6baa-56d0-4b32-bcd5-4e291d75a464: shutdown 62cc6baa-56d0-4b32-bcd5-4e291d75a464@group-1A3AA7B4371B-FollowerState
2024-06-08 12:39:16,679 [grpc-default-executor-0] INFO  impl.RoleInfo (RoleInfo.java:updateAndGet(139)) - 62cc6baa-56d0-4b32-bcd5-4e291d75a464: start 62cc6baa-56d0-4b32-bcd5-4e291d75a464@group-1A3AA7B4371B-FollowerState
2024-06-08 12:39:16,679 [62cc6baa-56d0-4b32-bcd5-4e291d75a464@group-1A3AA7B4371B-FollowerState] INFO  impl.FollowerState (FollowerState.java:run(152)) - 62cc6baa-56d0-4b32-bcd5-4e291d75a464@group-1A3AA7B4371B-FollowerState was interrupted
2024-06-08 12:39:16,681 [grpc-default-executor-0] INFO  server.RaftServer$Division (RaftServerImpl.java:requestVote(1422)) - 62cc6baa-56d0-4b32-bcd5-4e291d75a464@group-1A3AA7B4371B replies to ELECTION vote request: 88275c87-ecbb-4b0d-b3dc-5fc4defb1403<-62cc6baa-56d0-4b32-bcd5-4e291d75a464#0:OK-t2. Peer's state: 62cc6baa-56d0-4b32-bcd5-4e291d75a464@group-1A3AA7B4371B:t2, leader=null, voted=88275c87-ecbb-4b0d-b3dc-5fc4defb1403, raftlog=Memoized:62cc6baa-56d0-4b32-bcd5-4e291d75a464@group-1A3AA7B4371B-SegmentedRaftLog:OPENED:c-1, conf=-1: peers:[62cc6baa-56d0-4b32-bcd5-4e291d75a464|127.0.0.1:15067, f77e3843-6fa7-4ff7-99fe-a68d95a9a65f|127.0.0.1:15049, 88275c87-ecbb-4b0d-b3dc-5fc4defb1403|127.0.0.1:15058]|listeners:[], old=null
2024-06-08 12:39:16,682 [88275c87-ecbb-4b0d-b3dc-5fc4defb1403@group-1A3AA7B4371B-LeaderElection17] INFO  impl.LeaderElection (LeaderElection.java:logAndReturn(89)) - 88275c87-ecbb-4b0d-b3dc-5fc4defb1403@group-1A3AA7B4371B-LeaderElection17: ELECTION PASSED received 1 response(s) and 1 exception(s):
2024-06-08 12:39:16,682 [88275c87-ecbb-4b0d-b3dc-5fc4defb1403@group-1A3AA7B4371B-LeaderElection17] INFO  impl.LeaderElection (LeaderElection.java:logAndReturn(93)) -   Response 0: 88275c87-ecbb-4b0d-b3dc-5fc4defb1403<-62cc6baa-56d0-4b32-bcd5-4e291d75a464#0:OK-t2
2024-06-08 12:39:16,682 [88275c87-ecbb-4b0d-b3dc-5fc4defb1403@group-1A3AA7B4371B-LeaderElection17] INFO  impl.LeaderElection (LogUtils.java:infoOrTrace(136)) -   Exception 1: java.util.concurrent.ExecutionException: org.apache.ratis.thirdparty.io.grpc.StatusRuntimeException: UNAVAILABLE: io exception
2024-06-08 12:39:16,682 [88275c87-ecbb-4b0d-b3dc-5fc4defb1403@group-1A3AA7B4371B-LeaderElection17] INFO  impl.LeaderElection (LeaderElection.java:askForVotes(323)) - 88275c87-ecbb-4b0d-b3dc-5fc4defb1403@group-1A3AA7B4371B-LeaderElection17 ELECTION round 0: result PASSED
2024-06-08 12:39:16,682 [88275c87-ecbb-4b0d-b3dc-5fc4defb1403@group-1A3AA7B4371B-LeaderElection17] INFO  impl.RoleInfo (RoleInfo.java:shutdownLeaderElection(130)) - 88275c87-ecbb-4b0d-b3dc-5fc4defb1403: shutdown 88275c87-ecbb-4b0d-b3dc-5fc4defb1403@group-1A3AA7B4371B-LeaderElection17
2024-06-08 12:39:16,682 [88275c87-ecbb-4b0d-b3dc-5fc4defb1403@group-1A3AA7B4371B-LeaderElection17] INFO  server.RaftServer$Division (RaftServerImpl.java:setRole(383)) - 88275c87-ecbb-4b0d-b3dc-5fc4defb1403@group-1A3AA7B4371B: changes role from CANDIDATE to LEADER at term 2 for changeToLeader
2024-06-08 12:39:16,682 [88275c87-ecbb-4b0d-b3dc-5fc4defb1403@group-1A3AA7B4371B-LeaderElection17] INFO  server.RaftServerConfigKeys (ConfUtils.java:logGet(46)) - raft.server.staging.catchup.gap = 1000 (default)
2024-06-08 12:39:16,683 [88275c87-ecbb-4b0d-b3dc-5fc4defb1403@group-1A3AA7B4371B-LeaderElection17] INFO  server.RaftServerConfigKeys (ConfUtils.java:logGet(46)) - raft.server.write.element-limit = 1024 (custom)
2024-06-08 12:39:16,683 [88275c87-ecbb-4b0d-b3dc-5fc4defb1403@group-1A3AA7B4371B-LeaderElection17] INFO  server.RaftServerConfigKeys (ConfUtils.java:logGet(46)) - raft.server.write.byte-limit = 1024 M (=1073741824) (custom)
2024-06-08 12:39:16,683 [88275c87-ecbb-4b0d-b3dc-5fc4defb1403@group-1A3AA7B4371B-LeaderElection17] INFO  server.RaftServerConfigKeys (ConfUtils.java:logGet(46)) - raft.server.watch.timeout = 30s (custom)
2024-06-08 12:39:16,683 [88275c87-ecbb-4b0d-b3dc-5fc4defb1403@group-1A3AA7B4371B-LeaderElection17] INFO  server.RaftServerConfigKeys (ConfUtils.java:logGet(46)) - raft.server.watch.timeout.denomination = 1s (default)
2024-06-08 12:39:16,683 [88275c87-ecbb-4b0d-b3dc-5fc4defb1403@group-1A3AA7B4371B-LeaderElection17] INFO  server.RaftServerConfigKeys (ConfUtils.java:logGet(46)) - raft.server.watch.element-limit = 65536 (default)
2024-06-08 12:39:16,683 [88275c87-ecbb-4b0d-b3dc-5fc4defb1403@group-1A3AA7B4371B-LeaderElection17] INFO  server.RaftServerConfigKeys (ConfUtils.java:logGet(46)) - raft.server.read.leader.lease.enabled = false (default)
2024-06-08 12:39:16,683 [88275c87-ecbb-4b0d-b3dc-5fc4defb1403@group-1A3AA7B4371B-LeaderElection17] INFO  server.RaftServerConfigKeys (ConfUtils.java:logGet(46)) - raft.server.read.leader.lease.timeout.ratio = 0.9 (default)
2024-06-08 12:39:16,683 [88275c87-ecbb-4b0d-b3dc-5fc4defb1403@group-1A3AA7B4371B-LeaderElection17] INFO  server.RaftServerConfigKeys (ConfUtils.java:logGet(46)) - raft.server.rpc.timeout.min = 5s (custom)
2024-06-08 12:39:16,683 [88275c87-ecbb-4b0d-b3dc-5fc4defb1403@group-1A3AA7B4371B-LeaderElection17] INFO  server.RaftServerConfigKeys (ConfUtils.java:logGet(46)) - raft.server.write.element-limit = 1024 (custom)
2024-06-08 12:39:16,683 [88275c87-ecbb-4b0d-b3dc-5fc4defb1403@group-1A3AA7B4371B-LeaderElection17] INFO  server.RaftServerConfigKeys (ConfUtils.java:logGet(46)) - raft.server.write.follower.gap.ratio.max = -1.0 (default)
2024-06-08 12:39:16,684 [88275c87-ecbb-4b0d-b3dc-5fc4defb1403@group-1A3AA7B4371B-LeaderElection17] INFO  server.RaftServerConfigKeys (ConfUtils.java:logGet(46)) - raft.server.log.appender.snapshot.chunk.size.max = 16MB (=16777216) (default)
2024-06-08 12:39:16,684 [88275c87-ecbb-4b0d-b3dc-5fc4defb1403@group-1A3AA7B4371B-LeaderElection17] INFO  server.RaftServerConfigKeys (ConfUtils.java:logGet(46)) - raft.server.log.appender.buffer.byte-limit = 8388608 (custom)
2024-06-08 12:39:16,684 [88275c87-ecbb-4b0d-b3dc-5fc4defb1403@group-1A3AA7B4371B-LeaderElection17] INFO  server.RaftServerConfigKeys (ConfUtils.java:logGet(46)) - raft.server.log.appender.buffer.element-limit = 1024 (custom)
2024-06-08 12:39:16,684 [88275c87-ecbb-4b0d-b3dc-5fc4defb1403@group-1A3AA7B4371B-LeaderElection17] INFO  server.RaftServerConfigKeys (ConfUtils.java:logGet(46)) - raft.server.log.appender.wait-time.min = 0μs (custom)
2024-06-08 12:39:16,684 [88275c87-ecbb-4b0d-b3dc-5fc4defb1403@group-1A3AA7B4371B-LeaderElection17] INFO  grpc.GrpcConfigKeys (ConfUtils.java:logGet(46)) - raft.grpc.server.leader.outstanding.appends.max = 8 (default)
2024-06-08 12:39:16,684 [88275c87-ecbb-4b0d-b3dc-5fc4defb1403@group-1A3AA7B4371B-LeaderElection17] INFO  server.RaftServerConfigKeys (ConfUtils.java:logGet(46)) - raft.server.rpc.request.timeout = 60s (custom)
2024-06-08 12:39:16,684 [88275c87-ecbb-4b0d-b3dc-5fc4defb1403@group-1A3AA7B4371B-LeaderElection17] INFO  grpc.GrpcConfigKeys (ConfUtils.java:logGet(46)) - raft.grpc.server.install_snapshot.request.element-limit = 8 (default)
2024-06-08 12:39:16,684 [88275c87-ecbb-4b0d-b3dc-5fc4defb1403@group-1A3AA7B4371B-LeaderElection17] INFO  grpc.GrpcConfigKeys (ConfUtils.java:logGet(46)) - raft.grpc.server.install_snapshot.request.timeout = 3000ms (default)
2024-06-08 12:39:16,684 [88275c87-ecbb-4b0d-b3dc-5fc4defb1403@group-1A3AA7B4371B-LeaderElection17] INFO  grpc.GrpcConfigKeys (ConfUtils.java:logGet(46)) - raft.grpc.server.log-message.batch.duration = 5s (default)
2024-06-08 12:39:16,684 [88275c87-ecbb-4b0d-b3dc-5fc4defb1403@group-1A3AA7B4371B-LeaderElection17] INFO  server.RaftServerConfigKeys (ConfUtils.java:logGet(46)) - raft.server.log.appender.install.snapshot.enabled = false (custom)
2024-06-08 12:39:16,684 [88275c87-ecbb-4b0d-b3dc-5fc4defb1403@group-1A3AA7B4371B-LeaderElection17] INFO  grpc.GrpcConfigKeys (ConfUtils.java:logGet(46)) - raft.grpc.server.heartbeat.channel = true (default)
2024-06-08 12:39:16,685 [88275c87-ecbb-4b0d-b3dc-5fc4defb1403@group-1A3AA7B4371B-LeaderElection17] INFO  server.RaftServerConfigKeys (ConfUtils.java:logGet(46)) - raft.server.log.appender.snapshot.chunk.size.max = 16MB (=16777216) (default)
2024-06-08 12:39:16,685 [88275c87-ecbb-4b0d-b3dc-5fc4defb1403@group-1A3AA7B4371B-LeaderElection17] INFO  server.RaftServerConfigKeys (ConfUtils.java:logGet(46)) - raft.server.log.appender.buffer.byte-limit = 8388608 (custom)
2024-06-08 12:39:16,685 [88275c87-ecbb-4b0d-b3dc-5fc4defb1403@group-1A3AA7B4371B-LeaderElection17] INFO  server.RaftServerConfigKeys (ConfUtils.java:logGet(46)) - raft.server.log.appender.buffer.element-limit = 1024 (custom)
2024-06-08 12:39:16,685 [88275c87-ecbb-4b0d-b3dc-5fc4defb1403@group-1A3AA7B4371B-LeaderElection17] INFO  server.RaftServerConfigKeys (ConfUtils.java:logGet(46)) - raft.server.log.appender.wait-time.min = 0μs (custom)
2024-06-08 12:39:16,685 [88275c87-ecbb-4b0d-b3dc-5fc4defb1403@group-1A3AA7B4371B-LeaderElection17] INFO  grpc.GrpcConfigKeys (ConfUtils.java:logGet(46)) - raft.grpc.server.leader.outstanding.appends.max = 8 (default)
2024-06-08 12:39:16,685 [88275c87-ecbb-4b0d-b3dc-5fc4defb1403@group-1A3AA7B4371B-LeaderElection17] INFO  server.RaftServerConfigKeys (ConfUtils.java:logGet(46)) - raft.server.rpc.request.timeout = 60s (custom)
2024-06-08 12:39:16,686 [88275c87-ecbb-4b0d-b3dc-5fc4defb1403@group-1A3AA7B4371B-LeaderElection17] INFO  grpc.GrpcConfigKeys (ConfUtils.java:logGet(46)) - raft.grpc.server.install_snapshot.request.element-limit = 8 (default)
2024-06-08 12:39:16,686 [88275c87-ecbb-4b0d-b3dc-5fc4defb1403@group-1A3AA7B4371B-LeaderElection17] INFO  grpc.GrpcConfigKeys (ConfUtils.java:logGet(46)) - raft.grpc.server.install_snapshot.request.timeout = 3000ms (default)
2024-06-08 12:39:16,686 [88275c87-ecbb-4b0d-b3dc-5fc4defb1403@group-1A3AA7B4371B-LeaderElection17] INFO  grpc.GrpcConfigKeys (ConfUtils.java:logGet(46)) - raft.grpc.server.log-message.batch.duration = 5s (default)
2024-06-08 12:39:16,686 [88275c87-ecbb-4b0d-b3dc-5fc4defb1403@group-1A3AA7B4371B-LeaderElection17] INFO  server.RaftServerConfigKeys (ConfUtils.java:logGet(46)) - raft.server.log.appender.install.snapshot.enabled = false (custom)
2024-06-08 12:39:16,686 [88275c87-ecbb-4b0d-b3dc-5fc4defb1403@group-1A3AA7B4371B-LeaderElection17] INFO  grpc.GrpcConfigKeys (ConfUtils.java:logGet(46)) - raft.grpc.server.heartbeat.channel = true (default)
2024-06-08 12:39:16,686 [88275c87-ecbb-4b0d-b3dc-5fc4defb1403@group-1A3AA7B4371B-LeaderElection17] INFO  impl.RoleInfo (RoleInfo.java:updateAndGet(139)) - 88275c87-ecbb-4b0d-b3dc-5fc4defb1403: start 88275c87-ecbb-4b0d-b3dc-5fc4defb1403@group-1A3AA7B4371B-LeaderStateImpl
2024-06-08 12:39:16,686 [88275c87-ecbb-4b0d-b3dc-5fc4defb1403@group-1A3AA7B4371B-LeaderElection17] INFO  ratis.XceiverServerRatis (XceiverServerRatis.java:handleLeaderChangedNotification(966)) - Leader change notification received for group: group-1A3AA7B4371B with new leaderId: 88275c87-ecbb-4b0d-b3dc-5fc4defb1403
2024-06-08 12:39:16,686 [88275c87-ecbb-4b0d-b3dc-5fc4defb1403@group-1A3AA7B4371B-LeaderElection17] INFO  server.RaftServer$Division (ServerState.java:setLeader(269)) - 88275c87-ecbb-4b0d-b3dc-5fc4defb1403@group-1A3AA7B4371B: change Leader from null to 88275c87-ecbb-4b0d-b3dc-5fc4defb1403 at term 2 for becomeLeader, leader elected after 10154ms
2024-06-08 12:39:16,686 [88275c87-ecbb-4b0d-b3dc-5fc4defb1403@group-1A3AA7B4371B-LeaderElection17] INFO  segmented.SegmentedRaftLogWorker (SegmentedRaftLogWorker.java:startLogSegment(430)) - 88275c87-ecbb-4b0d-b3dc-5fc4defb1403@group-1A3AA7B4371B-SegmentedRaftLogWorker: Starting segment from index:0
2024-06-08 12:39:16,687 [88275c87-ecbb-4b0d-b3dc-5fc4defb1403@group-1A3AA7B4371B-SegmentedRaftLogWorker] INFO  segmented.BufferedWriteChannel (BufferedWriteChannel.java:open(62)) - open log_inprogress_0 at position 0
2024-06-08 12:39:16,688 [EventQueue-PipelineReportForPipelineReportHandler] INFO  pipeline.PipelineReportHandler (PipelineReportHandler.java:processPipelineReport(136)) - Opened pipeline PipelineID=a6709be0-c16d-45f7-8930-1a3aa7b4371b
2024-06-08 12:39:16,692 [88275c87-ecbb-4b0d-b3dc-5fc4defb1403@group-1A3AA7B4371B-LeaderElection17] INFO  server.RaftServer$Division (ServerState.java:setRaftConf(386)) - 88275c87-ecbb-4b0d-b3dc-5fc4defb1403@group-1A3AA7B4371B: set configuration 0: peers:[62cc6baa-56d0-4b32-bcd5-4e291d75a464|127.0.0.1:15067, f77e3843-6fa7-4ff7-99fe-a68d95a9a65f|127.0.0.1:15049, 88275c87-ecbb-4b0d-b3dc-5fc4defb1403|127.0.0.1:15058]|listeners:[], old=null
2024-06-08 12:39:16,694 [grpc-default-executor-0] WARN  server.GrpcLogAppender (LogUtils.java:warn(121)) - 88275c87-ecbb-4b0d-b3dc-5fc4defb1403@group-1A3AA7B4371B->f77e3843-6fa7-4ff7-99fe-a68d95a9a65f-AppendLogResponseHandler: Failed appendEntries: org.apache.ratis.thirdparty.io.grpc.StatusRuntimeException: UNAVAILABLE: io exception
2024-06-08 12:39:16,694 [grpc-default-executor-0] WARN  server.GrpcLogAppender (GrpcLogAppender.java:lambda$resetClient$1(217)) - 88275c87-ecbb-4b0d-b3dc-5fc4defb1403@group-1A3AA7B4371B->f77e3843-6fa7-4ff7-99fe-a68d95a9a65f-GrpcLogAppender: Follower failed (request=null, errorCount=1); keep nextIndex (0) unchanged and retry.
2024-06-08 12:39:16,696 [88275c87-ecbb-4b0d-b3dc-5fc4defb1403@group-1A3AA7B4371B-SegmentedRaftLogWorker] INFO  segmented.SegmentedRaftLogWorker (SegmentedRaftLogWorker.java:execute(634)) - 88275c87-ecbb-4b0d-b3dc-5fc4defb1403@group-1A3AA7B4371B-SegmentedRaftLogWorker: created new log segment /home/runner/work/ozone/ozone/hadoop-ozone/integration-test/target/test-dir/MiniOzoneClusterImpl-eb3449cc-c24b-44af-9d9e-25cc0a4be729/ozone-meta/datanode-5/ratis/a6709be0-c16d-45f7-8930-1a3aa7b4371b/current/log_inprogress_0
2024-06-08 12:39:16,697 [62cc6baa-56d0-4b32-bcd5-4e291d75a464-server-thread1] INFO  ratis.XceiverServerRatis (XceiverServerRatis.java:handleLeaderChangedNotification(966)) - Leader change notification received for group: group-1A3AA7B4371B with new leaderId: 88275c87-ecbb-4b0d-b3dc-5fc4defb1403
2024-06-08 12:39:16,698 [62cc6baa-56d0-4b32-bcd5-4e291d75a464-server-thread1] INFO  server.RaftServer$Division (ServerState.java:setLeader(269)) - 62cc6baa-56d0-4b32-bcd5-4e291d75a464@group-1A3AA7B4371B: change Leader from null to 88275c87-ecbb-4b0d-b3dc-5fc4defb1403 at term 2 for appendEntries, leader elected after 10099ms
2024-06-08 12:39:16,708 [grpc-default-executor-0] WARN  server.GrpcLogAppender (GrpcLogAppender.java:lambda$resetClient$1(217)) - 88275c87-ecbb-4b0d-b3dc-5fc4defb1403@group-1A3AA7B4371B->f77e3843-6fa7-4ff7-99fe-a68d95a9a65f-GrpcLogAppender: Follower failed (request=null, errorCount=5); keep nextIndex (1) unchanged and retry.
2024-06-08 12:39:16,709 [62cc6baa-56d0-4b32-bcd5-4e291d75a464-server-thread3] INFO  server.RaftServer$Division (ServerState.java:setRaftConf(386)) - 62cc6baa-56d0-4b32-bcd5-4e291d75a464@group-1A3AA7B4371B: set configuration 0: peers:[62cc6baa-56d0-4b32-bcd5-4e291d75a464|127.0.0.1:15067, f77e3843-6fa7-4ff7-99fe-a68d95a9a65f|127.0.0.1:15049, 88275c87-ecbb-4b0d-b3dc-5fc4defb1403|127.0.0.1:15058]|listeners:[], old=null
2024-06-08 12:39:16,709 [62cc6baa-56d0-4b32-bcd5-4e291d75a464-server-thread3] INFO  segmented.SegmentedRaftLogWorker (SegmentedRaftLogWorker.java:startLogSegment(430)) - 62cc6baa-56d0-4b32-bcd5-4e291d75a464@group-1A3AA7B4371B-SegmentedRaftLogWorker: Starting segment from index:0
2024-06-08 12:39:16,710 [62cc6baa-56d0-4b32-bcd5-4e291d75a464@group-1A3AA7B4371B-SegmentedRaftLogWorker] INFO  segmented.BufferedWriteChannel (BufferedWriteChannel.java:open(62)) - open log_inprogress_0 at position 0
2024-06-08 12:39:16,719 [62cc6baa-56d0-4b32-bcd5-4e291d75a464@group-1A3AA7B4371B-SegmentedRaftLogWorker] INFO  segmented.SegmentedRaftLogWorker (SegmentedRaftLogWorker.java:execute(634)) - 62cc6baa-56d0-4b32-bcd5-4e291d75a464@group-1A3AA7B4371B-SegmentedRaftLogWorker: created new log segment /home/runner/work/ozone/ozone/hadoop-ozone/integration-test/target/test-dir/MiniOzoneClusterImpl-eb3449cc-c24b-44af-9d9e-25cc0a4be729/ozone-meta/datanode-6/ratis/a6709be0-c16d-45f7-8930-1a3aa7b4371b/current/log_inprogress_0
2024-06-08 12:39:16,723 [88275c87-ecbb-4b0d-b3dc-5fc4defb1403@group-1A3AA7B4371B-StateMachineUpdater] INFO  server.RaftServer$Division (LeaderStateImpl.java:isApplied(320)) - leader is ready since appliedIndex == 0 >= startIndex == 0
2024-06-08 12:39:17,851 [grpc-default-executor-1] WARN  server.GrpcLogAppender (LogUtils.java:warn(121)) - 88275c87-ecbb-4b0d-b3dc-5fc4defb1403@group-33F6AC0EAB09->f77e3843-6fa7-4ff7-99fe-a68d95a9a65f-AppendLogResponseHandler: Failed appendEntries: org.apache.ratis.thirdparty.io.grpc.StatusRuntimeException: UNAVAILABLE: io exception
2024-06-08 12:39:21,694 [timer5] WARN  server.GrpcLogAppender (GrpcLogAppender.java:lambda$resetClient$1(217)) - 88275c87-ecbb-4b0d-b3dc-5fc4defb1403@group-1A3AA7B4371B->f77e3843-6fa7-4ff7-99fe-a68d95a9a65f-GrpcLogAppender: Follower failed (request=null, errorCount=4); keep nextIndex (0) unchanged and retry. (Repeated 4 times in the last 4.999s)
2024-06-08 12:39:21,694 [timer4] WARN  server.GrpcLogAppender (LogUtils.java:warn(121)) - 88275c87-ecbb-4b0d-b3dc-5fc4defb1403@group-1A3AA7B4371B->f77e3843-6fa7-4ff7-99fe-a68d95a9a65f-AppendLogResponseHandler: Failed appendEntries (Repeated 12 times in the last 5.000s): org.apache.ratis.thirdparty.io.grpc.StatusRuntimeException: UNAVAILABLE: io exception
2024-06-08 12:39:21,708 [timer1] WARN  server.GrpcLogAppender (GrpcLogAppender.java:lambda$resetClient$1(217)) - 88275c87-ecbb-4b0d-b3dc-5fc4defb1403@group-33F6AC0EAB09->f77e3843-6fa7-4ff7-99fe-a68d95a9a65f-GrpcLogAppender: Follower failed (request=null, errorCount=14); keep nextIndex (1) unchanged and retry. (Repeated 14 times in the last 5.000s)
2024-06-08 12:39:22,449 [grpc-default-executor-2] WARN  server.GrpcLogAppender (LogUtils.java:warn(121)) - 88275c87-ecbb-4b0d-b3dc-5fc4defb1403@group-1A3AA7B4371B->f77e3843-6fa7-4ff7-99fe-a68d95a9a65f-AppendLogResponseHandler: Failed appendEntries: org.apache.ratis.thirdparty.io.grpc.StatusRuntimeException: UNAVAILABLE: io exception
2024-06-08 12:39:22,450 [grpc-default-executor-1] WARN  server.GrpcLogAppender (GrpcLogAppender.java:lambda$resetClient$1(217)) - 88275c87-ecbb-4b0d-b3dc-5fc4defb1403@group-1A3AA7B4371B->f77e3843-6fa7-4ff7-99fe-a68d95a9a65f-GrpcLogAppender: Follower failed (request=null, errorCount=13); keep nextIndex (1) unchanged and retry.
2024-06-08 12:39:22,851 [timer3] WARN  server.GrpcLogAppender (LogUtils.java:warn(121)) - 88275c87-ecbb-4b0d-b3dc-5fc4defb1403@group-33F6AC0EAB09->f77e3843-6fa7-4ff7-99fe-a68d95a9a65f-AppendLogResponseHandler: Failed appendEntries (Repeated 8 times in the last 5.000s): org.apache.ratis.thirdparty.io.grpc.StatusRuntimeException: UNAVAILABLE: io exception
2024-06-08 12:39:24,174 [grpc-default-executor-2] WARN  server.GrpcLogAppender (LogUtils.java:warn(121)) - 88275c87-ecbb-4b0d-b3dc-5fc4defb1403@group-33F6AC0EAB09->f77e3843-6fa7-4ff7-99fe-a68d95a9a65f-AppendLogResponseHandler: Failed appendEntries: org.apache.ratis.thirdparty.io.grpc.StatusRuntimeException: UNAVAILABLE: io exception
2024-06-08 12:39:27,449 [timer3] WARN  server.GrpcLogAppender (LogUtils.java:warn(121)) - 88275c87-ecbb-4b0d-b3dc-5fc4defb1403@group-1A3AA7B4371B->f77e3843-6fa7-4ff7-99fe-a68d95a9a65f-AppendLogResponseHandler: Failed appendEntries (Repeated 8 times in the last 5.000s): org.apache.ratis.thirdparty.io.grpc.StatusRuntimeException: UNAVAILABLE: io exception
2024-06-08 12:39:27,450 [timer4] WARN  server.GrpcLogAppender (GrpcLogAppender.java:lambda$resetClient$1(217)) - 88275c87-ecbb-4b0d-b3dc-5fc4defb1403@group-1A3AA7B4371B->f77e3843-6fa7-4ff7-99fe-a68d95a9a65f-GrpcLogAppender: Follower failed (request=null, errorCount=20); keep nextIndex (1) unchanged and retry. (Repeated 14 times in the last 5.000s)
2024-06-08 12:39:27,576 [grpc-default-executor-1] WARN  server.GrpcLogAppender (GrpcLogAppender.java:lambda$resetClient$1(217)) - 88275c87-ecbb-4b0d-b3dc-5fc4defb1403@group-33F6AC0EAB09->f77e3843-6fa7-4ff7-99fe-a68d95a9a65f-GrpcLogAppender: Follower failed (request=null, errorCount=21); keep nextIndex (1) unchanged and retry.
2024-06-08 12:39:29,174 [timer0] WARN  server.GrpcLogAppender (LogUtils.java:warn(121)) - 88275c87-ecbb-4b0d-b3dc-5fc4defb1403@group-33F6AC0EAB09->f77e3843-6fa7-4ff7-99fe-a68d95a9a65f-AppendLogResponseHandler: Failed appendEntries (Repeated 6 times in the last 5.000s): org.apache.ratis.thirdparty.io.grpc.StatusRuntimeException: UNAVAILABLE: io exception
2024-06-08 12:39:29,636 [grpc-default-executor-2] WARN  server.GrpcLogAppender (LogUtils.java:warn(121)) - 88275c87-ecbb-4b0d-b3dc-5fc4defb1403@group-1A3AA7B4371B->f77e3843-6fa7-4ff7-99fe-a68d95a9a65f-AppendLogResponseHandler: Failed appendEntries: org.apache.ratis.thirdparty.io.grpc.StatusRuntimeException: UNAVAILABLE: io exception
2024-06-08 12:39:29,752 [grpc-default-executor-2] WARN  server.GrpcLogAppender (LogUtils.java:warn(121)) - 88275c87-ecbb-4b0d-b3dc-5fc4defb1403@group-33F6AC0EAB09->f77e3843-6fa7-4ff7-99fe-a68d95a9a65f-AppendLogResponseHandler: Failed appendEntries: org.apache.ratis.thirdparty.io.grpc.StatusRuntimeException: UNAVAILABLE: io exception
2024-06-08 12:39:32,577 [timer6] WARN  server.GrpcLogAppender (GrpcLogAppender.java:lambda$resetClient$1(217)) - 88275c87-ecbb-4b0d-b3dc-5fc4defb1403@group-1A3AA7B4371B->f77e3843-6fa7-4ff7-99fe-a68d95a9a65f-GrpcLogAppender: Follower failed (request=null, errorCount=26); keep nextIndex (1) unchanged and retry. (Repeated 12 times in the last 5.000s)
2024-06-08 12:39:33,325 [grpc-default-executor-1] WARN  server.GrpcLogAppender (GrpcLogAppender.java:lambda$resetClient$1(217)) - 88275c87-ecbb-4b0d-b3dc-5fc4defb1403@group-33F6AC0EAB09->f77e3843-6fa7-4ff7-99fe-a68d95a9a65f-GrpcLogAppender: Follower failed (request=null, errorCount=27); keep nextIndex (1) unchanged and retry.
2024-06-08 12:39:34,637 [timer1] WARN  server.GrpcLogAppender (LogUtils.java:warn(121)) - 88275c87-ecbb-4b0d-b3dc-5fc4defb1403@group-1A3AA7B4371B->f77e3843-6fa7-4ff7-99fe-a68d95a9a65f-AppendLogResponseHandler: Failed appendEntries (Repeated 8 times in the last 5.000s): org.apache.ratis.thirdparty.io.grpc.StatusRuntimeException: UNAVAILABLE: io exception
2024-06-08 12:39:34,753 [timer3] WARN  server.GrpcLogAppender (LogUtils.java:warn(121)) - 88275c87-ecbb-4b0d-b3dc-5fc4defb1403@group-33F6AC0EAB09->f77e3843-6fa7-4ff7-99fe-a68d95a9a65f-AppendLogResponseHandler: Failed appendEntries (Repeated 8 times in the last 5.000s): org.apache.ratis.thirdparty.io.grpc.StatusRuntimeException: UNAVAILABLE: io exception
2024-06-08 12:39:35,638 [grpc-default-executor-2] WARN  server.GrpcLogAppender (LogUtils.java:warn(121)) - 88275c87-ecbb-4b0d-b3dc-5fc4defb1403@group-1A3AA7B4371B->f77e3843-6fa7-4ff7-99fe-a68d95a9a65f-AppendLogResponseHandler: Failed appendEntries: org.apache.ratis.thirdparty.io.grpc.StatusRuntimeException: UNAVAILABLE: io exception
2024-06-08 12:39:36,632 [grpc-default-executor-2] WARN  server.GrpcLogAppender (LogUtils.java:warn(121)) - 88275c87-ecbb-4b0d-b3dc-5fc4defb1403@group-33F6AC0EAB09->f77e3843-6fa7-4ff7-99fe-a68d95a9a65f-AppendLogResponseHandler: Failed appendEntries: org.apache.ratis.thirdparty.io.grpc.StatusRuntimeException: UNAVAILABLE: io exception
2024-06-08 12:39:38,325 [timer1] WARN  server.GrpcLogAppender (GrpcLogAppender.java:lambda$resetClient$1(217)) - 88275c87-ecbb-4b0d-b3dc-5fc4defb1403@group-1A3AA7B4371B->f77e3843-6fa7-4ff7-99fe-a68d95a9a65f-GrpcLogAppender: Follower failed (request=null, errorCount=32); keep nextIndex (1) unchanged and retry. (Repeated 12 times in the last 5.000s)
2024-06-08 12:39:40,638 [timer5] WARN  server.GrpcLogAppender (LogUtils.java:warn(121)) - 88275c87-ecbb-4b0d-b3dc-5fc4defb1403@group-1A3AA7B4371B->f77e3843-6fa7-4ff7-99fe-a68d95a9a65f-AppendLogResponseHandler: Failed appendEntries (Repeated 4 times in the last 5.000s): org.apache.ratis.thirdparty.io.grpc.StatusRuntimeException: UNAVAILABLE: io exception
2024-06-08 12:39:41,632 [timer0] WARN  server.GrpcLogAppender (LogUtils.java:warn(121)) - 88275c87-ecbb-4b0d-b3dc-5fc4defb1403@group-33F6AC0EAB09->f77e3843-6fa7-4ff7-99fe-a68d95a9a65f-AppendLogResponseHandler: Failed appendEntries (Repeated 2 times in the last 5.000s): org.apache.ratis.thirdparty.io.grpc.StatusRuntimeException: UNAVAILABLE: io exception
2024-06-08 12:39:43,377 [grpc-default-executor-1] WARN  server.GrpcLogAppender (LogUtils.java:warn(121)) - 88275c87-ecbb-4b0d-b3dc-5fc4defb1403@group-1A3AA7B4371B->f77e3843-6fa7-4ff7-99fe-a68d95a9a65f-AppendLogResponseHandler: Failed appendEntries: org.apache.ratis.thirdparty.io.grpc.StatusRuntimeException: UNAVAILABLE: io exception
2024-06-08 12:39:43,377 [grpc-default-executor-2] WARN  server.GrpcLogAppender (GrpcLogAppender.java:lambda$resetClient$1(217)) - 88275c87-ecbb-4b0d-b3dc-5fc4defb1403@group-1A3AA7B4371B->f77e3843-6fa7-4ff7-99fe-a68d95a9a65f-GrpcLogAppender: Follower failed (request=null, errorCount=33); keep nextIndex (1) unchanged and retry.
2024-06-08 12:39:43,906 [grpc-default-executor-1] WARN  server.GrpcLogAppender (LogUtils.java:warn(121)) - 88275c87-ecbb-4b0d-b3dc-5fc4defb1403@group-33F6AC0EAB09->f77e3843-6fa7-4ff7-99fe-a68d95a9a65f-AppendLogResponseHandler: Failed appendEntries: org.apache.ratis.thirdparty.io.grpc.StatusRuntimeException: UNAVAILABLE: io exception
2024-06-08 12:39:48,377 [timer5] WARN  server.GrpcLogAppender (LogUtils.java:warn(121)) - 88275c87-ecbb-4b0d-b3dc-5fc4defb1403@group-1A3AA7B4371B->f77e3843-6fa7-4ff7-99fe-a68d95a9a65f-AppendLogResponseHandler: Failed appendEntries (Repeated 4 times in the last 5.000s): org.apache.ratis.thirdparty.io.grpc.StatusRuntimeException: UNAVAILABLE: io exception
2024-06-08 12:39:48,378 [timer6] WARN  server.GrpcLogAppender (GrpcLogAppender.java:lambda$resetClient$1(217)) - 88275c87-ecbb-4b0d-b3dc-5fc4defb1403@group-33F6AC0EAB09->f77e3843-6fa7-4ff7-99fe-a68d95a9a65f-GrpcLogAppender: Follower failed (request=null, errorCount=36); keep nextIndex (1) unchanged and retry. (Repeated 8 times in the last 5.000s)
2024-06-08 12:39:48,906 [timer0] WARN  server.GrpcLogAppender (LogUtils.java:warn(121)) - 88275c87-ecbb-4b0d-b3dc-5fc4defb1403@group-33F6AC0EAB09->f77e3843-6fa7-4ff7-99fe-a68d95a9a65f-AppendLogResponseHandler: Failed appendEntries (Repeated 4 times in the last 5.000s): org.apache.ratis.thirdparty.io.grpc.StatusRuntimeException: UNAVAILABLE: io exception
2024-06-08 12:39:50,657 [grpc-default-executor-1] WARN  server.GrpcLogAppender (LogUtils.java:warn(121)) - 88275c87-ecbb-4b0d-b3dc-5fc4defb1403@group-1A3AA7B4371B->f77e3843-6fa7-4ff7-99fe-a68d95a9a65f-AppendLogResponseHandler: Failed appendEntries: org.apache.ratis.thirdparty.io.grpc.StatusRuntimeException: UNAVAILABLE: io exception
2024-06-08 12:39:50,658 [grpc-default-executor-2] WARN  server.GrpcLogAppender (GrpcLogAppender.java:lambda$resetClient$1(217)) - 88275c87-ecbb-4b0d-b3dc-5fc4defb1403@group-1A3AA7B4371B->f77e3843-6fa7-4ff7-99fe-a68d95a9a65f-GrpcLogAppender: Follower failed (request=null, errorCount=37); keep nextIndex (1) unchanged and retry.
2024-06-08 12:39:54,757 [grpc-default-executor-1] WARN  server.GrpcLogAppender (LogUtils.java:warn(121)) - 88275c87-ecbb-4b0d-b3dc-5fc4defb1403@group-33F6AC0EAB09->f77e3843-6fa7-4ff7-99fe-a68d95a9a65f-AppendLogResponseHandler: Failed appendEntries: org.apache.ratis.thirdparty.io.grpc.StatusRuntimeException: UNAVAILABLE: io exception
2024-06-08 12:39:55,657 [timer7] WARN  server.GrpcLogAppender (LogUtils.java:warn(121)) - 88275c87-ecbb-4b0d-b3dc-5fc4defb1403@group-1A3AA7B4371B->f77e3843-6fa7-4ff7-99fe-a68d95a9a65f-AppendLogResponseHandler: Failed appendEntries (Repeated 2 times in the last 5.000s): org.apache.ratis.thirdparty.io.grpc.StatusRuntimeException: UNAVAILABLE: io exception
2024-06-08 12:39:55,658 [timer0] WARN  server.GrpcLogAppender (GrpcLogAppender.java:lambda$resetClient$1(217)) - 88275c87-ecbb-4b0d-b3dc-5fc4defb1403@group-33F6AC0EAB09->f77e3843-6fa7-4ff7-99fe-a68d95a9a65f-GrpcLogAppender: Follower failed (request=null, errorCount=38); keep nextIndex (1) unchanged and retry. (Repeated 4 times in the last 5.000s)
2024-06-08 12:39:56,621 [grpc-default-executor-1] WARN  server.GrpcLogAppender (LogUtils.java:warn(121)) - 88275c87-ecbb-4b0d-b3dc-5fc4defb1403@group-1A3AA7B4371B->f77e3843-6fa7-4ff7-99fe-a68d95a9a65f-AppendLogResponseHandler: Failed appendEntries: org.apache.ratis.thirdparty.io.grpc.StatusRuntimeException: UNAVAILABLE: io exception
2024-06-08 12:39:56,621 [grpc-default-executor-2] WARN  server.GrpcLogAppender (GrpcLogAppender.java:lambda$resetClient$1(217)) - 88275c87-ecbb-4b0d-b3dc-5fc4defb1403@group-1A3AA7B4371B->f77e3843-6fa7-4ff7-99fe-a68d95a9a65f-GrpcLogAppender: Follower failed (request=null, errorCount=39); keep nextIndex (1) unchanged and retry.
2024-06-08 12:39:59,757 [timer6] WARN  server.GrpcLogAppender (LogUtils.java:warn(121)) - 88275c87-ecbb-4b0d-b3dc-5fc4defb1403@group-33F6AC0EAB09->f77e3843-6fa7-4ff7-99fe-a68d95a9a65f-AppendLogResponseHandler: Failed appendEntries (Repeated 4 times in the last 5.000s): org.apache.ratis.thirdparty.io.grpc.StatusRuntimeException: UNAVAILABLE: io exception
2024-06-08 12:40:01,451 [f77e3843-6fa7-4ff7-99fe-a68d95a9a65f-BlockDeletingService#0] INFO  interfaces.ContainerDeletionChoosingPolicyTemplate (ContainerDeletionChoosingPolicyTemplate.java:chooseContainerForBlockDeletion(85)) - Chosen 0/5000 blocks from 0 candidate containers.
2024-06-08 12:40:01,550 [88275c87-ecbb-4b0d-b3dc-5fc4defb1403-BlockDeletingService#0] INFO  interfaces.ContainerDeletionChoosingPolicyTemplate (ContainerDeletionChoosingPolicyTemplate.java:chooseContainerForBlockDeletion(85)) - Chosen 0/5000 blocks from 0 candidate containers.
2024-06-08 12:40:01,616 [62cc6baa-56d0-4b32-bcd5-4e291d75a464-BlockDeletingService#0] INFO  interfaces.ContainerDeletionChoosingPolicyTemplate (ContainerDeletionChoosingPolicyTemplate.java:chooseContainerForBlockDeletion(85)) - Chosen 0/5000 blocks from 0 candidate containers.
2024-06-08 12:40:01,621 [timer7] WARN  server.GrpcLogAppender (GrpcLogAppender.java:lambda$resetClient$1(217)) - 88275c87-ecbb-4b0d-b3dc-5fc4defb1403@group-1A3AA7B4371B->f77e3843-6fa7-4ff7-99fe-a68d95a9a65f-GrpcLogAppender: Follower failed (request=null, errorCount=42); keep nextIndex (1) unchanged and retry. (Repeated 6 times in the last 5.000s)
2024-06-08 12:40:01,621 [timer6] WARN  server.GrpcLogAppender (LogUtils.java:warn(121)) - 88275c87-ecbb-4b0d-b3dc-5fc4defb1403@group-1A3AA7B4371B->f77e3843-6fa7-4ff7-99fe-a68d95a9a65f-AppendLogResponseHandler: Failed appendEntries (Repeated 4 times in the last 5.001s): org.apache.ratis.thirdparty.io.grpc.StatusRuntimeException: UNAVAILABLE: io exception
2024-06-08 12:40:04,862 [grpc-default-executor-1] WARN  server.GrpcLogAppender (LogUtils.java:warn(121)) - 88275c87-ecbb-4b0d-b3dc-5fc4defb1403@group-33F6AC0EAB09->f77e3843-6fa7-4ff7-99fe-a68d95a9a65f-AppendLogResponseHandler: Failed appendEntries: org.apache.ratis.thirdparty.io.grpc.StatusRuntimeException: UNAVAILABLE: io exception
2024-06-08 12:40:04,862 [grpc-default-executor-2] WARN  server.GrpcLogAppender (GrpcLogAppender.java:lambda$resetClient$1(217)) - 88275c87-ecbb-4b0d-b3dc-5fc4defb1403@group-33F6AC0EAB09->f77e3843-6fa7-4ff7-99fe-a68d95a9a65f-GrpcLogAppender: Follower failed (request=null, errorCount=41); keep nextIndex (1) unchanged and retry.
2024-06-08 12:40:06,923 [grpc-default-executor-1] WARN  server.GrpcLogAppender (LogUtils.java:warn(121)) - 88275c87-ecbb-4b0d-b3dc-5fc4defb1403@group-1A3AA7B4371B->f77e3843-6fa7-4ff7-99fe-a68d95a9a65f-AppendLogResponseHandler: Failed appendEntries: org.apache.ratis.thirdparty.io.grpc.StatusRuntimeException: UNAVAILABLE: io exception
2024-06-08 12:40:09,862 [timer6] WARN  server.GrpcLogAppender (LogUtils.java:warn(121)) - 88275c87-ecbb-4b0d-b3dc-5fc4defb1403@group-33F6AC0EAB09->f77e3843-6fa7-4ff7-99fe-a68d95a9a65f-AppendLogResponseHandler: Failed appendEntries (Repeated 2 times in the last 5.000s): org.apache.ratis.thirdparty.io.grpc.StatusRuntimeException: UNAVAILABLE: io exception
2024-06-08 12:40:09,863 [timer7] WARN  server.GrpcLogAppender (GrpcLogAppender.java:lambda$resetClient$1(217)) - 88275c87-ecbb-4b0d-b3dc-5fc4defb1403@group-1A3AA7B4371B->f77e3843-6fa7-4ff7-99fe-a68d95a9a65f-GrpcLogAppender: Follower failed (request=null, errorCount=44); keep nextIndex (1) unchanged and retry. (Repeated 4 times in the last 5.000s)
2024-06-08 12:40:10,665 [grpc-default-executor-1] WARN  server.GrpcLogAppender (GrpcLogAppender.java:lambda$resetClient$1(217)) - 88275c87-ecbb-4b0d-b3dc-5fc4defb1403@group-1A3AA7B4371B->f77e3843-6fa7-4ff7-99fe-a68d95a9a65f-GrpcLogAppender: Follower failed (request=null, errorCount=45); keep nextIndex (1) unchanged and retry.
2024-06-08 12:40:11,923 [timer3] WARN  server.GrpcLogAppender (LogUtils.java:warn(121)) - 88275c87-ecbb-4b0d-b3dc-5fc4defb1403@group-1A3AA7B4371B->f77e3843-6fa7-4ff7-99fe-a68d95a9a65f-AppendLogResponseHandler: Failed appendEntries (Repeated 4 times in the last 5.000s): org.apache.ratis.thirdparty.io.grpc.StatusRuntimeException: UNAVAILABLE: io exception
2024-06-08 12:40:11,977 [grpc-default-executor-2] WARN  server.GrpcLogAppender (LogUtils.java:warn(121)) - 88275c87-ecbb-4b0d-b3dc-5fc4defb1403@group-33F6AC0EAB09->f77e3843-6fa7-4ff7-99fe-a68d95a9a65f-AppendLogResponseHandler: Failed appendEntries: org.apache.ratis.thirdparty.io.grpc.StatusRuntimeException: UNAVAILABLE: io exception
2024-06-08 12:40:15,665 [timer5] WARN  server.GrpcLogAppender (GrpcLogAppender.java:lambda$resetClient$1(217)) - 88275c87-ecbb-4b0d-b3dc-5fc4defb1403@group-33F6AC0EAB09->f77e3843-6fa7-4ff7-99fe-a68d95a9a65f-GrpcLogAppender: Follower failed (request=null, errorCount=44); keep nextIndex (1) unchanged and retry. (Repeated 4 times in the last 5.000s)
2024-06-08 12:40:15,969 [grpc-default-executor-2] WARN  server.GrpcLogAppender (GrpcLogAppender.java:lambda$resetClient$1(217)) - 88275c87-ecbb-4b0d-b3dc-5fc4defb1403@group-33F6AC0EAB09->f77e3843-6fa7-4ff7-99fe-a68d95a9a65f-GrpcLogAppender: Follower failed (request=null, errorCount=45); keep nextIndex (1) unchanged and retry.
2024-06-08 12:40:16,978 [timer4] WARN  server.GrpcLogAppender (LogUtils.java:warn(121)) - 88275c87-ecbb-4b0d-b3dc-5fc4defb1403@group-33F6AC0EAB09->f77e3843-6fa7-4ff7-99fe-a68d95a9a65f-AppendLogResponseHandler: Failed appendEntries (Repeated 4 times in the last 5.000s): org.apache.ratis.thirdparty.io.grpc.StatusRuntimeException: UNAVAILABLE: io exception
2024-06-08 12:40:17,328 [grpc-default-executor-1] WARN  server.GrpcLogAppender (LogUtils.java:warn(121)) - 88275c87-ecbb-4b0d-b3dc-5fc4defb1403@group-1A3AA7B4371B->f77e3843-6fa7-4ff7-99fe-a68d95a9a65f-AppendLogResponseHandler: Failed appendEntries: org.apache.ratis.thirdparty.io.grpc.StatusRuntimeException: UNAVAILABLE: io exception
2024-06-08 12:40:20,969 [timer4] WARN  server.GrpcLogAppender (GrpcLogAppender.java:lambda$resetClient$1(217)) - 88275c87-ecbb-4b0d-b3dc-5fc4defb1403@group-1A3AA7B4371B->f77e3843-6fa7-4ff7-99fe-a68d95a9a65f-GrpcLogAppender: Follower failed (request=null, errorCount=48); keep nextIndex (1) unchanged and retry. (Repeated 4 times in the last 5.000s)
2024-06-08 12:40:21,498 [grpc-default-executor-1] WARN  server.GrpcLogAppender (GrpcLogAppender.java:lambda$resetClient$1(217)) - 88275c87-ecbb-4b0d-b3dc-5fc4defb1403@group-1A3AA7B4371B->f77e3843-6fa7-4ff7-99fe-a68d95a9a65f-GrpcLogAppender: Follower failed (request=null, errorCount=49); keep nextIndex (1) unchanged and retry.
2024-06-08 12:40:21,959 [grpc-default-executor-2] WARN  server.GrpcLogAppender (LogUtils.java:warn(121)) - 88275c87-ecbb-4b0d-b3dc-5fc4defb1403@group-33F6AC0EAB09->f77e3843-6fa7-4ff7-99fe-a68d95a9a65f-AppendLogResponseHandler: Failed appendEntries: org.apache.ratis.thirdparty.io.grpc.StatusRuntimeException: UNAVAILABLE: io exception
2024-06-08 12:40:22,328 [timer1] WARN  server.GrpcLogAppender (LogUtils.java:warn(121)) - 88275c87-ecbb-4b0d-b3dc-5fc4defb1403@group-1A3AA7B4371B->f77e3843-6fa7-4ff7-99fe-a68d95a9a65f-AppendLogResponseHandler: Failed appendEntries (Repeated 4 times in the last 5.000s): org.apache.ratis.thirdparty.io.grpc.StatusRuntimeException: UNAVAILABLE: io exception
2024-06-08 12:40:26,499 [timer4] WARN  server.GrpcLogAppender (GrpcLogAppender.java:lambda$resetClient$1(217)) - 88275c87-ecbb-4b0d-b3dc-5fc4defb1403@group-33F6AC0EAB09->f77e3843-6fa7-4ff7-99fe-a68d95a9a65f-GrpcLogAppender: Follower failed (request=null, errorCount=50); keep nextIndex (1) unchanged and retry. (Repeated 6 times in the last 5.001s)
2024-06-08 12:40:26,959 [timer6] WARN  server.GrpcLogAppender (LogUtils.java:warn(121)) - 88275c87-ecbb-4b0d-b3dc-5fc4defb1403@group-33F6AC0EAB09->f77e3843-6fa7-4ff7-99fe-a68d95a9a65f-AppendLogResponseHandler: Failed appendEntries (Repeated 4 times in the last 5.000s): org.apache.ratis.thirdparty.io.grpc.StatusRuntimeException: UNAVAILABLE: io exception
2024-06-08 12:40:27,547 [grpc-default-executor-1] WARN  server.GrpcLogAppender (LogUtils.java:warn(121)) - 88275c87-ecbb-4b0d-b3dc-5fc4defb1403@group-1A3AA7B4371B->f77e3843-6fa7-4ff7-99fe-a68d95a9a65f-AppendLogResponseHandler: Failed appendEntries: org.apache.ratis.thirdparty.io.grpc.StatusRuntimeException: UNAVAILABLE: io exception
2024-06-08 12:40:27,547 [grpc-default-executor-2] WARN  server.GrpcLogAppender (GrpcLogAppender.java:lambda$resetClient$1(217)) - 88275c87-ecbb-4b0d-b3dc-5fc4defb1403@group-1A3AA7B4371B->f77e3843-6fa7-4ff7-99fe-a68d95a9a65f-GrpcLogAppender: Follower failed (request=null, errorCount=51); keep nextIndex (1) unchanged and retry.
2024-06-08 12:40:29,996 [grpc-default-executor-1] WARN  server.GrpcLogAppender (LogUtils.java:warn(121)) - 88275c87-ecbb-4b0d-b3dc-5fc4defb1403@group-33F6AC0EAB09->f77e3843-6fa7-4ff7-99fe-a68d95a9a65f-AppendLogResponseHandler: Failed appendEntries: org.apache.ratis.thirdparty.io.grpc.StatusRuntimeException: UNAVAILABLE: io exception
2024-06-08 12:40:32,547 [timer7] WARN  server.GrpcLogAppender (LogUtils.java:warn(121)) - 88275c87-ecbb-4b0d-b3dc-5fc4defb1403@group-1A3AA7B4371B->f77e3843-6fa7-4ff7-99fe-a68d95a9a65f-AppendLogResponseHandler: Failed appendEntries (Repeated 4 times in the last 5.001s): org.apache.ratis.thirdparty.io.grpc.StatusRuntimeException: UNAVAILABLE: io exception
2024-06-08 12:40:32,548 [timer0] WARN  server.GrpcLogAppender (GrpcLogAppender.java:lambda$resetClient$1(217)) - 88275c87-ecbb-4b0d-b3dc-5fc4defb1403@group-1A3AA7B4371B->f77e3843-6fa7-4ff7-99fe-a68d95a9a65f-GrpcLogAppender: Follower failed (request=null, errorCount=54); keep nextIndex (1) unchanged and retry. (Repeated 6 times in the last 5.001s)
2024-06-08 12:40:33,928 [grpc-default-executor-2] WARN  server.GrpcLogAppender (LogUtils.java:warn(121)) - 88275c87-ecbb-4b0d-b3dc-5fc4defb1403@group-1A3AA7B4371B->f77e3843-6fa7-4ff7-99fe-a68d95a9a65f-AppendLogResponseHandler: Failed appendEntries: org.apache.ratis.thirdparty.io.grpc.StatusRuntimeException: UNAVAILABLE: io exception
2024-06-08 12:40:33,928 [grpc-default-executor-1] WARN  server.GrpcLogAppender (GrpcLogAppender.java:lambda$resetClient$1(217)) - 88275c87-ecbb-4b0d-b3dc-5fc4defb1403@group-1A3AA7B4371B->f77e3843-6fa7-4ff7-99fe-a68d95a9a65f-GrpcLogAppender: Follower failed (request=null, errorCount=55); keep nextIndex (1) unchanged and retry.
2024-06-08 12:40:34,996 [timer7] WARN  server.GrpcLogAppender (LogUtils.java:warn(121)) - 88275c87-ecbb-4b0d-b3dc-5fc4defb1403@group-33F6AC0EAB09->f77e3843-6fa7-4ff7-99fe-a68d95a9a65f-AppendLogResponseHandler: Failed appendEntries (Repeated 4 times in the last 5.000s): org.apache.ratis.thirdparty.io.grpc.StatusRuntimeException: UNAVAILABLE: io exception
2024-06-08 12:40:38,928 [timer5] WARN  server.GrpcLogAppender (GrpcLogAppender.java:lambda$resetClient$1(217)) - 88275c87-ecbb-4b0d-b3dc-5fc4defb1403@group-1A3AA7B4371B->f77e3843-6fa7-4ff7-99fe-a68d95a9a65f-GrpcLogAppender: Follower failed (request=null, errorCount=58); keep nextIndex (1) unchanged and retry. (Repeated 6 times in the last 5.000s)
2024-06-08 12:40:38,928 [timer4] WARN  server.GrpcLogAppender (LogUtils.java:warn(121)) - 88275c87-ecbb-4b0d-b3dc-5fc4defb1403@group-1A3AA7B4371B->f77e3843-6fa7-4ff7-99fe-a68d95a9a65f-AppendLogResponseHandler: Failed appendEntries (Repeated 4 times in the last 5.000s): org.apache.ratis.thirdparty.io.grpc.StatusRuntimeException: UNAVAILABLE: io exception
2024-06-08 12:40:39,030 [grpc-default-executor-2] WARN  server.GrpcLogAppender (LogUtils.java:warn(121)) - 88275c87-ecbb-4b0d-b3dc-5fc4defb1403@group-33F6AC0EAB09->f77e3843-6fa7-4ff7-99fe-a68d95a9a65f-AppendLogResponseHandler: Failed appendEntries: org.apache.ratis.thirdparty.io.grpc.StatusRuntimeException: UNAVAILABLE: io exception
2024-06-08 12:40:39,030 [grpc-default-executor-1] WARN  server.GrpcLogAppender (GrpcLogAppender.java:lambda$resetClient$1(217)) - 88275c87-ecbb-4b0d-b3dc-5fc4defb1403@group-33F6AC0EAB09->f77e3843-6fa7-4ff7-99fe-a68d95a9a65f-GrpcLogAppender: Follower failed (request=null, errorCount=55); keep nextIndex (1) unchanged and retry.
2024-06-08 12:40:42,079 [grpc-default-executor-2] WARN  server.GrpcLogAppender (LogUtils.java:warn(121)) - 88275c87-ecbb-4b0d-b3dc-5fc4defb1403@group-1A3AA7B4371B->f77e3843-6fa7-4ff7-99fe-a68d95a9a65f-AppendLogResponseHandler: Failed appendEntries: org.apache.ratis.thirdparty.io.grpc.StatusRuntimeException: UNAVAILABLE: io exception
2024-06-08 12:40:44,030 [timer1] WARN  server.GrpcLogAppender (LogUtils.java:warn(121)) - 88275c87-ecbb-4b0d-b3dc-5fc4defb1403@group-33F6AC0EAB09->f77e3843-6fa7-4ff7-99fe-a68d95a9a65f-AppendLogResponseHandler: Failed appendEntries (Repeated 2 times in the last 5.000s): org.apache.ratis.thirdparty.io.grpc.StatusRuntimeException: UNAVAILABLE: io exception
2024-06-08 12:40:44,031 [timer2] WARN  server.GrpcLogAppender (GrpcLogAppender.java:lambda$resetClient$1(217)) - 88275c87-ecbb-4b0d-b3dc-5fc4defb1403@group-1A3AA7B4371B->f77e3843-6fa7-4ff7-99fe-a68d95a9a65f-GrpcLogAppender: Follower failed (request=null, errorCount=60); keep nextIndex (1) unchanged and retry. (Repeated 4 times in the last 5.000s)
2024-06-08 12:40:45,493 [grpc-default-executor-2] WARN  server.GrpcLogAppender (LogUtils.java:warn(121)) - 88275c87-ecbb-4b0d-b3dc-5fc4defb1403@group-33F6AC0EAB09->f77e3843-6fa7-4ff7-99fe-a68d95a9a65f-AppendLogResponseHandler: Failed appendEntries: org.apache.ratis.thirdparty.io.grpc.StatusRuntimeException: UNAVAILABLE: io exception
2024-06-08 12:40:45,494 [grpc-default-executor-1] WARN  server.GrpcLogAppender (GrpcLogAppender.java:lambda$resetClient$1(217)) - 88275c87-ecbb-4b0d-b3dc-5fc4defb1403@group-33F6AC0EAB09->f77e3843-6fa7-4ff7-99fe-a68d95a9a65f-GrpcLogAppender: Follower failed (request=null, errorCount=57); keep nextIndex (1) unchanged and retry.
2024-06-08 12:40:47,079 [timer4] WARN  server.GrpcLogAppender (LogUtils.java:warn(121)) - 88275c87-ecbb-4b0d-b3dc-5fc4defb1403@group-1A3AA7B4371B->f77e3843-6fa7-4ff7-99fe-a68d95a9a65f-AppendLogResponseHandler: Failed appendEntries (Repeated 2 times in the last 5.000s): org.apache.ratis.thirdparty.io.grpc.StatusRuntimeException: UNAVAILABLE: io exception
2024-06-08 12:40:48,210 [grpc-default-executor-2] WARN  server.GrpcLogAppender (LogUtils.java:warn(121)) - 88275c87-ecbb-4b0d-b3dc-5fc4defb1403@group-1A3AA7B4371B->f77e3843-6fa7-4ff7-99fe-a68d95a9a65f-AppendLogResponseHandler: Failed appendEntries: org.apache.ratis.thirdparty.io.grpc.StatusRuntimeException: UNAVAILABLE: io exception
2024-06-08 12:40:50,494 [timer2] WARN  server.GrpcLogAppender (LogUtils.java:warn(121)) - 88275c87-ecbb-4b0d-b3dc-5fc4defb1403@group-33F6AC0EAB09->f77e3843-6fa7-4ff7-99fe-a68d95a9a65f-AppendLogResponseHandler: Failed appendEntries (Repeated 2 times in the last 5.000s): org.apache.ratis.thirdparty.io.grpc.StatusRuntimeException: UNAVAILABLE: io exception
2024-06-08 12:40:50,494 [timer3] WARN  server.GrpcLogAppender (GrpcLogAppender.java:lambda$resetClient$1(217)) - 88275c87-ecbb-4b0d-b3dc-5fc4defb1403@group-1A3AA7B4371B->f77e3843-6fa7-4ff7-99fe-a68d95a9a65f-GrpcLogAppender: Follower failed (request=null, errorCount=62); keep nextIndex (1) unchanged and retry. (Repeated 4 times in the last 5.000s)
2024-06-08 12:40:50,709 [grpc-default-executor-2] WARN  server.GrpcLogAppender (LogUtils.java:warn(121)) - 88275c87-ecbb-4b0d-b3dc-5fc4defb1403@group-33F6AC0EAB09->f77e3843-6fa7-4ff7-99fe-a68d95a9a65f-AppendLogResponseHandler: Failed appendEntries: org.apache.ratis.thirdparty.io.grpc.StatusRuntimeException: UNAVAILABLE: io exception
2024-06-08 12:40:50,709 [grpc-default-executor-1] WARN  server.GrpcLogAppender (GrpcLogAppender.java:lambda$resetClient$1(217)) - 88275c87-ecbb-4b0d-b3dc-5fc4defb1403@group-33F6AC0EAB09->f77e3843-6fa7-4ff7-99fe-a68d95a9a65f-GrpcLogAppender: Follower failed (request=null, errorCount=59); keep nextIndex (1) unchanged and retry.
2024-06-08 12:40:51,543 [EventQueue-StaleNodeForStaleNodeHandler] INFO  node.StaleNodeHandler (StaleNodeHandler.java:onMessage(57)) - Datanode f77e3843-6fa7-4ff7-99fe-a68d95a9a65f(localhost/127.0.0.1) moved to stale state. Finalizing its pipelines [PipelineID=776b9411-b905-4802-8658-33f6ac0eab09, PipelineID=f9b2f5bc-84bd-40ea-a409-3aa15a02a225, PipelineID=a6709be0-c16d-45f7-8930-1a3aa7b4371b]
2024-06-08 12:40:51,544 [EventQueue-StaleNodeForStaleNodeHandler] INFO  pipeline.PipelineManagerImpl (PipelineManagerImpl.java:closePipeline(518)) - Pipeline PipelineID=776b9411-b905-4802-8658-33f6ac0eab09 moved to CLOSED state
2024-06-08 12:40:51,544 [EventQueue-StaleNodeForStaleNodeHandler] INFO  pipeline.PipelineManagerImpl (PipelineManagerImpl.java:closePipeline(518)) - Pipeline PipelineID=f9b2f5bc-84bd-40ea-a409-3aa15a02a225 moved to CLOSED state
2024-06-08 12:40:51,545 [EventQueue-StaleNodeForStaleNodeHandler] INFO  pipeline.PipelineManagerImpl (PipelineManagerImpl.java:closePipeline(518)) - Pipeline PipelineID=a6709be0-c16d-45f7-8930-1a3aa7b4371b moved to CLOSED state
2024-06-08 12:40:53,211 [timer2] WARN  server.GrpcLogAppender (LogUtils.java:warn(121)) - 88275c87-ecbb-4b0d-b3dc-5fc4defb1403@group-1A3AA7B4371B->f77e3843-6fa7-4ff7-99fe-a68d95a9a65f-AppendLogResponseHandler: Failed appendEntries (Repeated 2 times in the last 5.001s): org.apache.ratis.thirdparty.io.grpc.StatusRuntimeException: UNAVAILABLE: io exception
2024-06-08 12:40:53,854 [grpc-default-executor-2] WARN  server.GrpcLogAppender (LogUtils.java:warn(121)) - 88275c87-ecbb-4b0d-b3dc-5fc4defb1403@group-1A3AA7B4371B->f77e3843-6fa7-4ff7-99fe-a68d95a9a65f-AppendLogResponseHandler: Failed appendEntries: org.apache.ratis.thirdparty.io.grpc.StatusRuntimeException: UNAVAILABLE: io exception
2024-06-08 12:40:55,709 [timer1] WARN  server.GrpcLogAppender (LogUtils.java:warn(121)) - 88275c87-ecbb-4b0d-b3dc-5fc4defb1403@group-33F6AC0EAB09->f77e3843-6fa7-4ff7-99fe-a68d95a9a65f-AppendLogResponseHandler: Failed appendEntries (Repeated 4 times in the last 5.000s): org.apache.ratis.thirdparty.io.grpc.StatusRuntimeException: UNAVAILABLE: io exception
2024-06-08 12:40:55,710 [timer2] WARN  server.GrpcLogAppender (GrpcLogAppender.java:lambda$resetClient$1(217)) - 88275c87-ecbb-4b0d-b3dc-5fc4defb1403@group-33F6AC0EAB09->f77e3843-6fa7-4ff7-99fe-a68d95a9a65f-GrpcLogAppender: Follower failed (request=null, errorCount=62); keep nextIndex (1) unchanged and retry. (Repeated 6 times in the last 5.000s)
2024-06-08 12:40:58,855 [timer3] WARN  server.GrpcLogAppender (LogUtils.java:warn(121)) - 88275c87-ecbb-4b0d-b3dc-5fc4defb1403@group-1A3AA7B4371B->f77e3843-6fa7-4ff7-99fe-a68d95a9a65f-AppendLogResponseHandler: Failed appendEntries (Repeated 2 times in the last 5.001s): org.apache.ratis.thirdparty.io.grpc.StatusRuntimeException: UNAVAILABLE: io exception
2024-06-08 12:41:00,011 [grpc-default-executor-1] WARN  server.GrpcLogAppender (LogUtils.java:warn(121)) - 88275c87-ecbb-4b0d-b3dc-5fc4defb1403@group-1A3AA7B4371B->f77e3843-6fa7-4ff7-99fe-a68d95a9a65f-AppendLogResponseHandler: Failed appendEntries: org.apache.ratis.thirdparty.io.grpc.StatusRuntimeException: UNAVAILABLE: io exception
2024-06-08 12:41:00,012 [grpc-default-executor-2] WARN  server.GrpcLogAppender (GrpcLogAppender.java:lambda$resetClient$1(217)) - 88275c87-ecbb-4b0d-b3dc-5fc4defb1403@group-1A3AA7B4371B->f77e3843-6fa7-4ff7-99fe-a68d95a9a65f-GrpcLogAppender: Follower failed (request=null, errorCount=65); keep nextIndex (1) unchanged and retry.
2024-06-08 12:41:00,412 [grpc-default-executor-1] WARN  server.GrpcLogAppender (LogUtils.java:warn(121)) - 88275c87-ecbb-4b0d-b3dc-5fc4defb1403@group-33F6AC0EAB09->f77e3843-6fa7-4ff7-99fe-a68d95a9a65f-AppendLogResponseHandler: Failed appendEntries: org.apache.ratis.thirdparty.io.grpc.StatusRuntimeException: UNAVAILABLE: io exception
2024-06-08 12:41:01,451 [f77e3843-6fa7-4ff7-99fe-a68d95a9a65f-BlockDeletingService#1] INFO  interfaces.ContainerDeletionChoosingPolicyTemplate (ContainerDeletionChoosingPolicyTemplate.java:chooseContainerForBlockDeletion(85)) - Chosen 0/5000 blocks from 0 candidate containers.
2024-06-08 12:41:01,550 [88275c87-ecbb-4b0d-b3dc-5fc4defb1403-BlockDeletingService#1] INFO  interfaces.ContainerDeletionChoosingPolicyTemplate (ContainerDeletionChoosingPolicyTemplate.java:chooseContainerForBlockDeletion(85)) - Chosen 0/5000 blocks from 0 candidate containers.
2024-06-08 12:41:01,616 [62cc6baa-56d0-4b32-bcd5-4e291d75a464-BlockDeletingService#1] INFO  interfaces.ContainerDeletionChoosingPolicyTemplate (ContainerDeletionChoosingPolicyTemplate.java:chooseContainerForBlockDeletion(85)) - Chosen 0/5000 blocks from 0 candidate containers.
2024-06-08 12:41:03,582 [RatisPipelineUtilsThread-0] WARN  scm.SCMCommonPlacementPolicy (SCMCommonPlacementPolicy.java:filterNodesWithSpace(287)) - Unable to find enough nodes that meet the space requirement of 1073741824 bytes for metadata and 5368709120 bytes for data in healthy node set. Required 3. Found 2.
2024-06-08 12:41:05,012 [timer0] WARN  server.GrpcLogAppender (GrpcLogAppender.java:lambda$resetClient$1(217)) - 88275c87-ecbb-4b0d-b3dc-5fc4defb1403@group-33F6AC0EAB09->f77e3843-6fa7-4ff7-99fe-a68d95a9a65f-GrpcLogAppender: Follower failed (request=null, errorCount=64); keep nextIndex (1) unchanged and retry. (Repeated 4 times in the last 5.000s)
2024-06-08 12:41:05,013 [timer7] WARN  server.GrpcLogAppender (LogUtils.java:warn(121)) - 88275c87-ecbb-4b0d-b3dc-5fc4defb1403@group-1A3AA7B4371B->f77e3843-6fa7-4ff7-99fe-a68d95a9a65f-AppendLogResponseHandler: Failed appendEntries (Repeated 2 times in the last 5.001s): org.apache.ratis.thirdparty.io.grpc.StatusRuntimeException: UNAVAILABLE: io exception
2024-06-08 12:41:05,412 [timer2] WARN  server.GrpcLogAppender (LogUtils.java:warn(121)) - 88275c87-ecbb-4b0d-b3dc-5fc4defb1403@group-33F6AC0EAB09->f77e3843-6fa7-4ff7-99fe-a68d95a9a65f-AppendLogResponseHandler: Failed appendEntries (Repeated 2 times in the last 5.000s): org.apache.ratis.thirdparty.io.grpc.StatusRuntimeException: UNAVAILABLE: io exception
2024-06-08 12:41:05,524 [grpc-default-executor-1] WARN  server.GrpcLogAppender (LogUtils.java:warn(121)) - 88275c87-ecbb-4b0d-b3dc-5fc4defb1403@group-33F6AC0EAB09->f77e3843-6fa7-4ff7-99fe-a68d95a9a65f-AppendLogResponseHandler: Failed appendEntries: org.apache.ratis.thirdparty.io.grpc.StatusRuntimeException: UNAVAILABLE: io exception
2024-06-08 12:41:05,524 [grpc-default-executor-2] WARN  server.GrpcLogAppender (GrpcLogAppender.java:lambda$resetClient$1(217)) - 88275c87-ecbb-4b0d-b3dc-5fc4defb1403@group-33F6AC0EAB09->f77e3843-6fa7-4ff7-99fe-a68d95a9a65f-GrpcLogAppender: Follower failed (request=null, errorCount=65); keep nextIndex (1) unchanged and retry.
2024-06-08 12:41:07,003 [grpc-default-executor-1] WARN  server.GrpcLogAppender (LogUtils.java:warn(121)) - 88275c87-ecbb-4b0d-b3dc-5fc4defb1403@group-1A3AA7B4371B->f77e3843-6fa7-4ff7-99fe-a68d95a9a65f-AppendLogResponseHandler: Failed appendEntries: org.apache.ratis.thirdparty.io.grpc.StatusRuntimeException: UNAVAILABLE: io exception
2024-06-08 12:41:10,524 [timer0] WARN  server.GrpcLogAppender (LogUtils.java:warn(121)) - 88275c87-ecbb-4b0d-b3dc-5fc4defb1403@group-33F6AC0EAB09->f77e3843-6fa7-4ff7-99fe-a68d95a9a65f-AppendLogResponseHandler: Failed appendEntries (Repeated 4 times in the last 5.000s): org.apache.ratis.thirdparty.io.grpc.StatusRuntimeException: UNAVAILABLE: io exception
2024-06-08 12:41:10,525 [timer1] WARN  server.GrpcLogAppender (GrpcLogAppender.java:lambda$resetClient$1(217)) - 88275c87-ecbb-4b0d-b3dc-5fc4defb1403@group-33F6AC0EAB09->f77e3843-6fa7-4ff7-99fe-a68d95a9a65f-GrpcLogAppender: Follower failed (request=null, errorCount=68); keep nextIndex (1) unchanged and retry. (Repeated 6 times in the last 5.001s)
2024-06-08 12:41:11,602 [JvmPauseMonitor7] INFO  util.JvmPauseMonitor (JvmPauseMonitor.java:run(152)) - JvmPauseMonitor-f77e3843-6fa7-4ff7-99fe-a68d95a9a65f: Stopped
2024-06-08 12:41:11,602 [main] ERROR server.XceiverServerGrpc (XceiverServerGrpc.java:stop(216)) - failed to shutdown XceiverServerGrpc
java.lang.InterruptedException
	at java.base/java.lang.Object.wait(Native Method)
	at java.base/java.lang.Object.wait(Object.java:472)
	at java.base/java.util.concurrent.TimeUnit.timedWait(TimeUnit.java:408)
	at org.apache.ratis.thirdparty.io.grpc.internal.ServerImpl.awaitTermination(ServerImpl.java:312)
	at org.apache.hadoop.ozone.container.common.transport.server.XceiverServerGrpc.stop(XceiverServerGrpc.java:213)
	at org.apache.hadoop.ozone.container.ozoneimpl.OzoneContainer.stop(OzoneContainer.java:485)
	at org.apache.hadoop.ozone.container.common.statemachine.DatanodeStateMachine.close(DatanodeStateMachine.java:447)
	at org.apache.hadoop.ozone.container.common.statemachine.DatanodeStateMachine.stopDaemon(DatanodeStateMachine.java:637)
	at org.apache.hadoop.ozone.HddsDatanodeService.stop(HddsDatanodeService.java:550)
	at org.apache.hadoop.ozone.MiniOzoneClusterImpl.stopDatanode(MiniOzoneClusterImpl.java:479)
	at org.apache.hadoop.ozone.MiniOzoneClusterImpl.shutdownHddsDatanode(MiniOzoneClusterImpl.java:381)
	at org.apache.hadoop.ozone.MiniOzoneClusterImpl.shutdownHddsDatanode(MiniOzoneClusterImpl.java:386)
	at org.apache.hadoop.ozone.MiniOzoneClusterImpl.lambda$shutdownHddsDatanodes$4(MiniOzoneClusterImpl.java:438)
	at java.base/java.util.ArrayList.forEach(ArrayList.java:1511)
	at org.apache.hadoop.ozone.MiniOzoneClusterImpl.shutdownHddsDatanodes(MiniOzoneClusterImpl.java:436)
	at org.apache.hadoop.fs.ozone.TestSafeMode.testSafeMode(TestSafeMode.java:108)
	at org.apache.hadoop.fs.ozone.TestSafeMode.o3fs(TestSafeMode.java:97)
	at java.base/jdk.internal.reflect.NativeMethodAccessorImpl.invoke0(Native Method)
	at java.base/jdk.internal.reflect.NativeMethodAccessorImpl.invoke(NativeMethodAccessorImpl.java:77)
	at java.base/jdk.internal.reflect.DelegatingMethodAccessorImpl.invoke(DelegatingMethodAccessorImpl.java:43)
	at java.base/java.lang.reflect.Method.invoke(Method.java:568)
	at org.junit.platform.commons.util.ReflectionUtils.invokeMethod(ReflectionUtils.java:728)
	at org.junit.jupiter.engine.execution.MethodInvocation.proceed(MethodInvocation.java:60)
	at org.junit.jupiter.engine.execution.InvocationInterceptorChain$ValidatingInvocation.proceed(InvocationInterceptorChain.java:131)
	at org.junit.jupiter.engine.extension.SameThreadTimeoutInvocation.proceed(SameThreadTimeoutInvocation.java:45)
	at org.junit.jupiter.engine.extension.TimeoutExtension.intercept(TimeoutExtension.java:156)
	at org.junit.jupiter.engine.extension.TimeoutExtension.interceptTestableMethod(TimeoutExtension.java:147)
	at org.junit.jupiter.engine.extension.TimeoutExtension.interceptTestMethod(TimeoutExtension.java:86)
	at org.junit.jupiter.engine.execution.InterceptingExecutableInvoker$ReflectiveInterceptorCall.lambda$ofVoidMethod$0(InterceptingExecutableInvoker.java:103)
	at org.junit.jupiter.engine.execution.InterceptingExecutableInvoker.lambda$invoke$0(InterceptingExecutableInvoker.java:93)
	at org.junit.jupiter.engine.execution.InvocationInterceptorChain$InterceptedInvocation.proceed(InvocationInterceptorChain.java:106)
	at org.junit.jupiter.engine.execution.InvocationInterceptorChain.proceed(InvocationInterceptorChain.java:64)
	at org.junit.jupiter.engine.execution.InvocationInterceptorChain.chainAndInvoke(InvocationInterceptorChain.java:45)
	at org.junit.jupiter.engine.execution.InvocationInterceptorChain.invoke(InvocationInterceptorChain.java:37)
	at org.junit.jupiter.engine.execution.InterceptingExecutableInvoker.invoke(InterceptingExecutableInvoker.java:92)
	at org.junit.jupiter.engine.execution.InterceptingExecutableInvoker.invoke(InterceptingExecutableInvoker.java:86)
	at org.junit.jupiter.engine.descriptor.TestMethodTestDescriptor.lambda$invokeTestMethod$7(TestMethodTestDescriptor.java:218)
	at org.junit.platform.engine.support.hierarchical.ThrowableCollector.execute(ThrowableCollector.java:73)
	at org.junit.jupiter.engine.descriptor.TestMethodTestDescriptor.invokeTestMethod(TestMethodTestDescriptor.java:214)
	at org.junit.jupiter.engine.descriptor.TestMethodTestDescriptor.execute(TestMethodTestDescriptor.java:139)
	at org.junit.jupiter.engine.descriptor.TestMethodTestDescriptor.execute(TestMethodTestDescriptor.java:69)
	at org.junit.platform.engine.support.hierarchical.NodeTestTask.lambda$executeRecursively$6(NodeTestTask.java:151)
	at org.junit.platform.engine.support.hierarchical.ThrowableCollector.execute(ThrowableCollector.java:73)
	at org.junit.platform.engine.support.hierarchical.NodeTestTask.lambda$executeRecursively$8(NodeTestTask.java:141)
	at org.junit.platform.engine.support.hierarchical.Node.around(Node.java:137)
	at org.junit.platform.engine.support.hierarchical.NodeTestTask.lambda$executeRecursively$9(NodeTestTask.java:139)
	at org.junit.platform.engine.support.hierarchical.ThrowableCollector.execute(ThrowableCollector.java:73)
	at org.junit.platform.engine.support.hierarchical.NodeTestTask.executeRecursively(NodeTestTask.java:138)
	at org.junit.platform.engine.support.hierarchical.NodeTestTask.execute(NodeTestTask.java:95)
	at java.base/java.util.ArrayList.forEach(ArrayList.java:1511)
	at org.junit.platform.engine.support.hierarchical.SameThreadHierarchicalTestExecutorService.invokeAll(SameThreadHierarchicalTestExecutorService.java:41)
	at org.junit.platform.engine.support.hierarchical.NodeTestTask.lambda$executeRecursively$6(NodeTestTask.java:155)
	at org.junit.platform.engine.support.hierarchical.ThrowableCollector.execute(ThrowableCollector.java:73)
	at org.junit.platform.engine.support.hierarchical.NodeTestTask.lambda$executeRecursively$8(NodeTestTask.java:141)
	at org.junit.platform.engine.support.hierarchical.Node.around(Node.java:137)
	at org.junit.platform.engine.support.hierarchical.NodeTestTask.lambda$executeRecursively$9(NodeTestTask.java:139)
	at org.junit.platform.engine.support.hierarchical.ThrowableCollector.execute(ThrowableCollector.java:73)
	at org.junit.platform.engine.support.hierarchical.NodeTestTask.executeRecursively(NodeTestTask.java:138)
	at org.junit.platform.engine.support.hierarchical.NodeTestTask.execute(NodeTestTask.java:95)
	at java.base/java.util.ArrayList.forEach(ArrayList.java:1511)
	at org.junit.platform.engine.support.hierarchical.SameThreadHierarchicalTestExecutorService.invokeAll(SameThreadHierarchicalTestExecutorService.java:41)
	at org.junit.platform.engine.support.hierarchical.NodeTestTask.lambda$executeRecursively$6(NodeTestTask.java:155)
	at org.junit.platform.engine.support.hierarchical.ThrowableCollector.execute(ThrowableCollector.java:73)
	at org.junit.platform.engine.support.hierarchical.NodeTestTask.lambda$executeRecursively$8(NodeTestTask.java:141)
	at org.junit.platform.engine.support.hierarchical.Node.around(Node.java:137)
	at org.junit.platform.engine.support.hierarchical.NodeTestTask.lambda$executeRecursively$9(NodeTestTask.java:139)
	at org.junit.platform.engine.support.hierarchical.ThrowableCollector.execute(ThrowableCollector.java:73)
	at org.junit.platform.engine.support.hierarchical.NodeTestTask.executeRecursively(NodeTestTask.java:138)
	at org.junit.platform.engine.support.hierarchical.NodeTestTask.execute(NodeTestTask.java:95)
	at org.junit.platform.engine.support.hierarchical.SameThreadHierarchicalTestExecutorService.submit(SameThreadHierarchicalTestExecutorService.java:35)
	at org.junit.platform.engine.support.hierarchical.HierarchicalTestExecutor.execute(HierarchicalTestExecutor.java:57)
	at org.junit.platform.engine.support.hierarchical.HierarchicalTestEngine.execute(HierarchicalTestEngine.java:54)
	at org.junit.platform.launcher.core.EngineExecutionOrchestrator.execute(EngineExecutionOrchestrator.java:198)
	at org.junit.platform.launcher.core.EngineExecutionOrchestrator.execute(EngineExecutionOrchestrator.java:169)
	at org.junit.platform.launcher.core.EngineExecutionOrchestrator.execute(EngineExecutionOrchestrator.java:93)
	at org.junit.platform.launcher.core.EngineExecutionOrchestrator.lambda$execute$0(EngineExecutionOrchestrator.java:58)
	at org.junit.platform.launcher.core.EngineExecutionOrchestrator.withInterceptedStreams(EngineExecutionOrchestrator.java:141)
	at org.junit.platform.launcher.core.EngineExecutionOrchestrator.execute(EngineExecutionOrchestrator.java:57)
	at org.junit.platform.launcher.core.DefaultLauncher.execute(DefaultLauncher.java:103)
	at org.junit.platform.launcher.core.DefaultLauncher.execute(DefaultLauncher.java:85)
	at org.junit.platform.launcher.core.DelegatingLauncher.execute(DelegatingLauncher.java:47)
	at org.junit.platform.launcher.core.SessionPerRequestLauncher.execute(SessionPerRequestLauncher.java:63)
	at org.apache.maven.surefire.junitplatform.JUnitPlatformProvider.invokeAllTests(JUnitPlatformProvider.java:154)
	at org.apache.maven.surefire.junitplatform.JUnitPlatformProvider.invoke(JUnitPlatformProvider.java:123)
	at org.apache.maven.surefire.booter.ForkedBooter.runSuitesInProcess(ForkedBooter.java:377)
	at org.apache.maven.surefire.booter.ForkedBooter.execute(ForkedBooter.java:138)
	at org.apache.maven.surefire.booter.ForkedBooter.run(ForkedBooter.java:465)
	at org.apache.maven.surefire.booter.ForkedBooter.main(ForkedBooter.java:451)
2024-06-08 12:41:11,603 [main] INFO  utils.DatanodeStoreCache (DatanodeStoreCache.java:shutdownCache(116)) - Skip clearing cache in mini cluster mode. Entries left: [/home/runner/work/ozone/ozone/hadoop-ozone/integration-test/target/test-dir/MiniOzoneClusterImpl-eb3449cc-c24b-44af-9d9e-25cc0a4be729/ozone-meta/datanode-4/data-0/hdds/eb3449cc-c24b-44af-9d9e-25cc0a4be729/DS-87790a43-a8d0-4744-937e-30b425518a6a/container.db, /home/runner/work/ozone/ozone/hadoop-ozone/integration-test/target/test-dir/MiniOzoneClusterImpl-eb3449cc-c24b-44af-9d9e-25cc0a4be729/ozone-meta/datanode-5/data-0/hdds/eb3449cc-c24b-44af-9d9e-25cc0a4be729/DS-ebfc1408-baab-466e-84d1-734e34e7d3a4/container.db, /home/runner/work/ozone/ozone/hadoop-ozone/integration-test/target/test-dir/MiniOzoneClusterImpl-eb3449cc-c24b-44af-9d9e-25cc0a4be729/ozone-meta/datanode-6/data-0/hdds/eb3449cc-c24b-44af-9d9e-25cc0a4be729/DS-2aa787f3-51c7-49c8-99a6-7ca284c1d893/container.db]
2024-06-08 12:41:11,604 [main] INFO  utils.DatanodeStoreCache (DatanodeStoreCache.java:removeDB(110)) - Removed db /home/runner/work/ozone/ozone/hadoop-ozone/integration-test/target/test-dir/MiniOzoneClusterImpl-eb3449cc-c24b-44af-9d9e-25cc0a4be729/ozone-meta/datanode-4/data-0/hdds/eb3449cc-c24b-44af-9d9e-25cc0a4be729/DS-87790a43-a8d0-4744-937e-30b425518a6a/container.db from cache
2024-06-08 12:41:11,604 [main] INFO  volume.HddsVolume (HddsVolume.java:closeDbStore(470)) - SchemaV3 db is stopped at /home/runner/work/ozone/ozone/hadoop-ozone/integration-test/target/test-dir/MiniOzoneClusterImpl-eb3449cc-c24b-44af-9d9e-25cc0a4be729/ozone-meta/datanode-4/data-0/hdds/eb3449cc-c24b-44af-9d9e-25cc0a4be729/DS-87790a43-a8d0-4744-937e-30b425518a6a/container.db for volume DS-87790a43-a8d0-4744-937e-30b425518a6a
2024-06-08 12:41:11,604 [main] INFO  utils.BackgroundService (BackgroundService.java:shutdown(160)) - Shutting down service BlockDeletingService
2024-06-08 12:41:11,604 [main] INFO  utils.BackgroundService (BackgroundService.java:shutdown(160)) - Shutting down service StaleRecoveringContainerScrubbingService
2024-06-08 12:41:11,605 [main] INFO  statemachine.DatanodeStateMachine (DatanodeStateMachine.java:stopDaemon(638)) - Ozone container server stopped.
2024-06-08 12:41:11,605 [main] INFO  handler.ContextHandler (ContextHandler.java:doStop(1159)) - Stopped o.e.j.w.WebAppContext@12582552{hddsDatanode,/,null,STOPPED}{file:/home/runner/work/ozone/ozone/hadoop-hdds/container-service/target/classes/webapps/hddsDatanode}
2024-06-08 12:41:11,605 [main] INFO  server.session (HouseKeeper.java:stopScavenging(149)) - node0 Stopped scavenging
2024-06-08 12:41:11,606 [main] INFO  server.AbstractConnector (AbstractConnector.java:doStop(383)) - Stopped ServerConnector@598819bb{HTTP/1.1, (http/1.1)}{0.0.0.0:15044}
2024-06-08 12:41:11,606 [main] INFO  handler.ContextHandler (ContextHandler.java:doStop(1159)) - Stopped o.e.j.s.ServletContextHandler@7497508a{static,/static,file:///home/runner/work/ozone/ozone/hadoop-hdds/container-service/target/classes/webapps/static,STOPPED}
2024-06-08 12:41:11,606 [main] INFO  handler.ContextHandler (ContextHandler.java:doStop(1159)) - Stopped o.e.j.s.ServletContextHandler@30a91bc4{logs,/logs,file:///home/runner/work/ozone/ozone/hadoop-ozone/integration-test/target/log,STOPPED}
2024-06-08 12:41:11,607 [main] ERROR http.HttpServer2 (HttpServer2.java:stop(1366)) - Error while stopping web server for webapp hddsDatanode
java.lang.InterruptedException
	at java.base/java.util.concurrent.locks.AbstractQueuedSynchronizer.tryAcquireSharedNanos(AbstractQueuedSynchronizer.java:1081)
	at java.base/java.util.concurrent.CountDownLatch.await(CountDownLatch.java:276)
	at org.eclipse.jetty.server.AbstractConnector.doStop(AbstractConnector.java:373)
	at org.eclipse.jetty.server.AbstractNetworkConnector.doStop(AbstractNetworkConnector.java:88)
	at org.eclipse.jetty.server.ServerConnector.doStop(ServerConnector.java:246)
	at org.eclipse.jetty.util.component.AbstractLifeCycle.stop(AbstractLifeCycle.java:94)
	at org.eclipse.jetty.server.Server.doStop(Server.java:459)
	at org.eclipse.jetty.util.component.AbstractLifeCycle.stop(AbstractLifeCycle.java:94)
	at org.apache.hadoop.hdds.server.http.HttpServer2.stop(HttpServer2.java:1364)
	at org.apache.hadoop.hdds.server.http.BaseHttpServer.stop(BaseHttpServer.java:339)
	at org.apache.hadoop.ozone.HddsDatanodeService.stop(HddsDatanodeService.java:554)
	at org.apache.hadoop.ozone.MiniOzoneClusterImpl.stopDatanode(MiniOzoneClusterImpl.java:479)
	at org.apache.hadoop.ozone.MiniOzoneClusterImpl.shutdownHddsDatanode(MiniOzoneClusterImpl.java:381)
	at org.apache.hadoop.ozone.MiniOzoneClusterImpl.shutdownHddsDatanode(MiniOzoneClusterImpl.java:386)
	at org.apache.hadoop.ozone.MiniOzoneClusterImpl.lambda$shutdownHddsDatanodes$4(MiniOzoneClusterImpl.java:438)
	at java.base/java.util.ArrayList.forEach(ArrayList.java:1511)
	at org.apache.hadoop.ozone.MiniOzoneClusterImpl.shutdownHddsDatanodes(MiniOzoneClusterImpl.java:436)
	at org.apache.hadoop.fs.ozone.TestSafeMode.testSafeMode(TestSafeMode.java:108)
	at org.apache.hadoop.fs.ozone.TestSafeMode.o3fs(TestSafeMode.java:97)
	at java.base/jdk.internal.reflect.NativeMethodAccessorImpl.invoke0(Native Method)
	at java.base/jdk.internal.reflect.NativeMethodAccessorImpl.invoke(NativeMethodAccessorImpl.java:77)
	at java.base/jdk.internal.reflect.DelegatingMethodAccessorImpl.invoke(DelegatingMethodAccessorImpl.java:43)
	at java.base/java.lang.reflect.Method.invoke(Method.java:568)
	at org.junit.platform.commons.util.ReflectionUtils.invokeMethod(ReflectionUtils.java:728)
	at org.junit.jupiter.engine.execution.MethodInvocation.proceed(MethodInvocation.java:60)
	at org.junit.jupiter.engine.execution.InvocationInterceptorChain$ValidatingInvocation.proceed(InvocationInterceptorChain.java:131)
	at org.junit.jupiter.engine.extension.SameThreadTimeoutInvocation.proceed(SameThreadTimeoutInvocation.java:45)
	at org.junit.jupiter.engine.extension.TimeoutExtension.intercept(TimeoutExtension.java:156)
	at org.junit.jupiter.engine.extension.TimeoutExtension.interceptTestableMethod(TimeoutExtension.java:147)
	at org.junit.jupiter.engine.extension.TimeoutExtension.interceptTestMethod(TimeoutExtension.java:86)
	at org.junit.jupiter.engine.execution.InterceptingExecutableInvoker$ReflectiveInterceptorCall.lambda$ofVoidMethod$0(InterceptingExecutableInvoker.java:103)
	at org.junit.jupiter.engine.execution.InterceptingExecutableInvoker.lambda$invoke$0(InterceptingExecutableInvoker.java:93)
	at org.junit.jupiter.engine.execution.InvocationInterceptorChain$InterceptedInvocation.proceed(InvocationInterceptorChain.java:106)
	at org.junit.jupiter.engine.execution.InvocationInterceptorChain.proceed(InvocationInterceptorChain.java:64)
	at org.junit.jupiter.engine.execution.InvocationInterceptorChain.chainAndInvoke(InvocationInterceptorChain.java:45)
	at org.junit.jupiter.engine.execution.InvocationInterceptorChain.invoke(InvocationInterceptorChain.java:37)
	at org.junit.jupiter.engine.execution.InterceptingExecutableInvoker.invoke(InterceptingExecutableInvoker.java:92)
	at org.junit.jupiter.engine.execution.InterceptingExecutableInvoker.invoke(InterceptingExecutableInvoker.java:86)
	at org.junit.jupiter.engine.descriptor.TestMethodTestDescriptor.lambda$invokeTestMethod$7(TestMethodTestDescriptor.java:218)
	at org.junit.platform.engine.support.hierarchical.ThrowableCollector.execute(ThrowableCollector.java:73)
	at org.junit.jupiter.engine.descriptor.TestMethodTestDescriptor.invokeTestMethod(TestMethodTestDescriptor.java:214)
	at org.junit.jupiter.engine.descriptor.TestMethodTestDescriptor.execute(TestMethodTestDescriptor.java:139)
	at org.junit.jupiter.engine.descriptor.TestMethodTestDescriptor.execute(TestMethodTestDescriptor.java:69)
	at org.junit.platform.engine.support.hierarchical.NodeTestTask.lambda$executeRecursively$6(NodeTestTask.java:151)
	at org.junit.platform.engine.support.hierarchical.ThrowableCollector.execute(ThrowableCollector.java:73)
	at org.junit.platform.engine.support.hierarchical.NodeTestTask.lambda$executeRecursively$8(NodeTestTask.java:141)
	at org.junit.platform.engine.support.hierarchical.Node.around(Node.java:137)
	at org.junit.platform.engine.support.hierarchical.NodeTestTask.lambda$executeRecursively$9(NodeTestTask.java:139)
	at org.junit.platform.engine.support.hierarchical.ThrowableCollector.execute(ThrowableCollector.java:73)
	at org.junit.platform.engine.support.hierarchical.NodeTestTask.executeRecursively(NodeTestTask.java:138)
	at org.junit.platform.engine.support.hierarchical.NodeTestTask.execute(NodeTestTask.java:95)
	at java.base/java.util.ArrayList.forEach(ArrayList.java:1511)
	at org.junit.platform.engine.support.hierarchical.SameThreadHierarchicalTestExecutorService.invokeAll(SameThreadHierarchicalTestExecutorService.java:41)
	at org.junit.platform.engine.support.hierarchical.NodeTestTask.lambda$executeRecursively$6(NodeTestTask.java:155)
	at org.junit.platform.engine.support.hierarchical.ThrowableCollector.execute(ThrowableCollector.java:73)
	at org.junit.platform.engine.support.hierarchical.NodeTestTask.lambda$executeRecursively$8(NodeTestTask.java:141)
	at org.junit.platform.engine.support.hierarchical.Node.around(Node.java:137)
	at org.junit.platform.engine.support.hierarchical.NodeTestTask.lambda$executeRecursively$9(NodeTestTask.java:139)
	at org.junit.platform.engine.support.hierarchical.ThrowableCollector.execute(ThrowableCollector.java:73)
	at org.junit.platform.engine.support.hierarchical.NodeTestTask.executeRecursively(NodeTestTask.java:138)
	at org.junit.platform.engine.support.hierarchical.NodeTestTask.execute(NodeTestTask.java:95)
	at java.base/java.util.ArrayList.forEach(ArrayList.java:1511)
	at org.junit.platform.engine.support.hierarchical.SameThreadHierarchicalTestExecutorService.invokeAll(SameThreadHierarchicalTestExecutorService.java:41)
	at org.junit.platform.engine.support.hierarchical.NodeTestTask.lambda$executeRecursively$6(NodeTestTask.java:155)
	at org.junit.platform.engine.support.hierarchical.ThrowableCollector.execute(ThrowableCollector.java:73)
	at org.junit.platform.engine.support.hierarchical.NodeTestTask.lambda$executeRecursively$8(NodeTestTask.java:141)
	at org.junit.platform.engine.support.hierarchical.Node.around(Node.java:137)
	at org.junit.platform.engine.support.hierarchical.NodeTestTask.lambda$executeRecursively$9(NodeTestTask.java:139)
	at org.junit.platform.engine.support.hierarchical.ThrowableCollector.execute(ThrowableCollector.java:73)
	at org.junit.platform.engine.support.hierarchical.NodeTestTask.executeRecursively(NodeTestTask.java:138)
	at org.junit.platform.engine.support.hierarchical.NodeTestTask.execute(NodeTestTask.java:95)
	at org.junit.platform.engine.support.hierarchical.SameThreadHierarchicalTestExecutorService.submit(SameThreadHierarchicalTestExecutorService.java:35)
	at org.junit.platform.engine.support.hierarchical.HierarchicalTestExecutor.execute(HierarchicalTestExecutor.java:57)
	at org.junit.platform.engine.support.hierarchical.HierarchicalTestEngine.execute(HierarchicalTestEngine.java:54)
	at org.junit.platform.launcher.core.EngineExecutionOrchestrator.execute(EngineExecutionOrchestrator.java:198)
	at org.junit.platform.launcher.core.EngineExecutionOrchestrator.execute(EngineExecutionOrchestrator.java:169)
	at org.junit.platform.launcher.core.EngineExecutionOrchestrator.execute(EngineExecutionOrchestrator.java:93)
	at org.junit.platform.launcher.core.EngineExecutionOrchestrator.lambda$execute$0(EngineExecutionOrchestrator.java:58)
	at org.junit.platform.launcher.core.EngineExecutionOrchestrator.withInterceptedStreams(EngineExecutionOrchestrator.java:141)
	at org.junit.platform.launcher.core.EngineExecutionOrchestrator.execute(EngineExecutionOrchestrator.java:57)
	at org.junit.platform.launcher.core.DefaultLauncher.execute(DefaultLauncher.java:103)
	at org.junit.platform.launcher.core.DefaultLauncher.execute(DefaultLauncher.java:85)
	at org.junit.platform.launcher.core.DelegatingLauncher.execute(DelegatingLauncher.java:47)
	at org.junit.platform.launcher.core.SessionPerRequestLauncher.execute(SessionPerRequestLauncher.java:63)
	at org.apache.maven.surefire.junitplatform.JUnitPlatformProvider.invokeAllTests(JUnitPlatformProvider.java:154)
	at org.apache.maven.surefire.junitplatform.JUnitPlatformProvider.invoke(JUnitPlatformProvider.java:123)
	at org.apache.maven.surefire.booter.ForkedBooter.runSuitesInProcess(ForkedBooter.java:377)
	at org.apache.maven.surefire.booter.ForkedBooter.execute(ForkedBooter.java:138)
	at org.apache.maven.surefire.booter.ForkedBooter.run(ForkedBooter.java:465)
	at org.apache.maven.surefire.booter.ForkedBooter.main(ForkedBooter.java:451)
2024-06-08 12:41:11,608 [main] ERROR ozone.HddsDatanodeService (HddsDatanodeService.java:stop(556)) - Stopping HttpServer is failed.
java.lang.InterruptedException
	at java.base/java.util.concurrent.locks.AbstractQueuedSynchronizer.tryAcquireSharedNanos(AbstractQueuedSynchronizer.java:1081)
	at java.base/java.util.concurrent.CountDownLatch.await(CountDownLatch.java:276)
	at org.eclipse.jetty.server.AbstractConnector.doStop(AbstractConnector.java:373)
	at org.eclipse.jetty.server.AbstractNetworkConnector.doStop(AbstractNetworkConnector.java:88)
	at org.eclipse.jetty.server.ServerConnector.doStop(ServerConnector.java:246)
	at org.eclipse.jetty.util.component.AbstractLifeCycle.stop(AbstractLifeCycle.java:94)
	at org.eclipse.jetty.server.Server.doStop(Server.java:459)
	at org.eclipse.jetty.util.component.AbstractLifeCycle.stop(AbstractLifeCycle.java:94)
	at org.apache.hadoop.hdds.server.http.HttpServer2.stop(HttpServer2.java:1364)
	at org.apache.hadoop.hdds.server.http.BaseHttpServer.stop(BaseHttpServer.java:339)
	at org.apache.hadoop.ozone.HddsDatanodeService.stop(HddsDatanodeService.java:554)
	at org.apache.hadoop.ozone.MiniOzoneClusterImpl.stopDatanode(MiniOzoneClusterImpl.java:479)
	at org.apache.hadoop.ozone.MiniOzoneClusterImpl.shutdownHddsDatanode(MiniOzoneClusterImpl.java:381)
	at org.apache.hadoop.ozone.MiniOzoneClusterImpl.shutdownHddsDatanode(MiniOzoneClusterImpl.java:386)
	at org.apache.hadoop.ozone.MiniOzoneClusterImpl.lambda$shutdownHddsDatanodes$4(MiniOzoneClusterImpl.java:438)
	at java.base/java.util.ArrayList.forEach(ArrayList.java:1511)
	at org.apache.hadoop.ozone.MiniOzoneClusterImpl.shutdownHddsDatanodes(MiniOzoneClusterImpl.java:436)
	at org.apache.hadoop.fs.ozone.TestSafeMode.testSafeMode(TestSafeMode.java:108)
	at org.apache.hadoop.fs.ozone.TestSafeMode.o3fs(TestSafeMode.java:97)
	at java.base/jdk.internal.reflect.NativeMethodAccessorImpl.invoke0(Native Method)
	at java.base/jdk.internal.reflect.NativeMethodAccessorImpl.invoke(NativeMethodAccessorImpl.java:77)
	at java.base/jdk.internal.reflect.DelegatingMethodAccessorImpl.invoke(DelegatingMethodAccessorImpl.java:43)
	at java.base/java.lang.reflect.Method.invoke(Method.java:568)
	at org.junit.platform.commons.util.ReflectionUtils.invokeMethod(ReflectionUtils.java:728)
	at org.junit.jupiter.engine.execution.MethodInvocation.proceed(MethodInvocation.java:60)
	at org.junit.jupiter.engine.execution.InvocationInterceptorChain$ValidatingInvocation.proceed(InvocationInterceptorChain.java:131)
	at org.junit.jupiter.engine.extension.SameThreadTimeoutInvocation.proceed(SameThreadTimeoutInvocation.java:45)
	at org.junit.jupiter.engine.extension.TimeoutExtension.intercept(TimeoutExtension.java:156)
	at org.junit.jupiter.engine.extension.TimeoutExtension.interceptTestableMethod(TimeoutExtension.java:147)
	at org.junit.jupiter.engine.extension.TimeoutExtension.interceptTestMethod(TimeoutExtension.java:86)
	at org.junit.jupiter.engine.execution.InterceptingExecutableInvoker$ReflectiveInterceptorCall.lambda$ofVoidMethod$0(InterceptingExecutableInvoker.java:103)
	at org.junit.jupiter.engine.execution.InterceptingExecutableInvoker.lambda$invoke$0(InterceptingExecutableInvoker.java:93)
	at org.junit.jupiter.engine.execution.InvocationInterceptorChain$InterceptedInvocation.proceed(InvocationInterceptorChain.java:106)
	at org.junit.jupiter.engine.execution.InvocationInterceptorChain.proceed(InvocationInterceptorChain.java:64)
	at org.junit.jupiter.engine.execution.InvocationInterceptorChain.chainAndInvoke(InvocationInterceptorChain.java:45)
	at org.junit.jupiter.engine.execution.InvocationInterceptorChain.invoke(InvocationInterceptorChain.java:37)
	at org.junit.jupiter.engine.execution.InterceptingExecutableInvoker.invoke(InterceptingExecutableInvoker.java:92)
	at org.junit.jupiter.engine.execution.InterceptingExecutableInvoker.invoke(InterceptingExecutableInvoker.java:86)
	at org.junit.jupiter.engine.descriptor.TestMethodTestDescriptor.lambda$invokeTestMethod$7(TestMethodTestDescriptor.java:218)
	at org.junit.platform.engine.support.hierarchical.ThrowableCollector.execute(ThrowableCollector.java:73)
	at org.junit.jupiter.engine.descriptor.TestMethodTestDescriptor.invokeTestMethod(TestMethodTestDescriptor.java:214)
	at org.junit.jupiter.engine.descriptor.TestMethodTestDescriptor.execute(TestMethodTestDescriptor.java:139)
	at org.junit.jupiter.engine.descriptor.TestMethodTestDescriptor.execute(TestMethodTestDescriptor.java:69)
	at org.junit.platform.engine.support.hierarchical.NodeTestTask.lambda$executeRecursively$6(NodeTestTask.java:151)
	at org.junit.platform.engine.support.hierarchical.ThrowableCollector.execute(ThrowableCollector.java:73)
	at org.junit.platform.engine.support.hierarchical.NodeTestTask.lambda$executeRecursively$8(NodeTestTask.java:141)
	at org.junit.platform.engine.support.hierarchical.Node.around(Node.java:137)
	at org.junit.platform.engine.support.hierarchical.NodeTestTask.lambda$executeRecursively$9(NodeTestTask.java:139)
	at org.junit.platform.engine.support.hierarchical.ThrowableCollector.execute(ThrowableCollector.java:73)
	at org.junit.platform.engine.support.hierarchical.NodeTestTask.executeRecursively(NodeTestTask.java:138)
	at org.junit.platform.engine.support.hierarchical.NodeTestTask.execute(NodeTestTask.java:95)
	at java.base/java.util.ArrayList.forEach(ArrayList.java:1511)
	at org.junit.platform.engine.support.hierarchical.SameThreadHierarchicalTestExecutorService.invokeAll(SameThreadHierarchicalTestExecutorService.java:41)
	at org.junit.platform.engine.support.hierarchical.NodeTestTask.lambda$executeRecursively$6(NodeTestTask.java:155)
	at org.junit.platform.engine.support.hierarchical.ThrowableCollector.execute(ThrowableCollector.java:73)
	at org.junit.platform.engine.support.hierarchical.NodeTestTask.lambda$executeRecursively$8(NodeTestTask.java:141)
	at org.junit.platform.engine.support.hierarchical.Node.around(Node.java:137)
	at org.junit.platform.engine.support.hierarchical.NodeTestTask.lambda$executeRecursively$9(NodeTestTask.java:139)
	at org.junit.platform.engine.support.hierarchical.ThrowableCollector.execute(ThrowableCollector.java:73)
	at org.junit.platform.engine.support.hierarchical.NodeTestTask.executeRecursively(NodeTestTask.java:138)
	at org.junit.platform.engine.support.hierarchical.NodeTestTask.execute(NodeTestTask.java:95)
	at java.base/java.util.ArrayList.forEach(ArrayList.java:1511)
	at org.junit.platform.engine.support.hierarchical.SameThreadHierarchicalTestExecutorService.invokeAll(SameThreadHierarchicalTestExecutorService.java:41)
	at org.junit.platform.engine.support.hierarchical.NodeTestTask.lambda$executeRecursively$6(NodeTestTask.java:155)
	at org.junit.platform.engine.support.hierarchical.ThrowableCollector.execute(ThrowableCollector.java:73)
	at org.junit.platform.engine.support.hierarchical.NodeTestTask.lambda$executeRecursively$8(NodeTestTask.java:141)
	at org.junit.platform.engine.support.hierarchical.Node.around(Node.java:137)
	at org.junit.platform.engine.support.hierarchical.NodeTestTask.lambda$executeRecursively$9(NodeTestTask.java:139)
	at org.junit.platform.engine.support.hierarchical.ThrowableCollector.execute(ThrowableCollector.java:73)
	at org.junit.platform.engine.support.hierarchical.NodeTestTask.executeRecursively(NodeTestTask.java:138)
	at org.junit.platform.engine.support.hierarchical.NodeTestTask.execute(NodeTestTask.java:95)
	at org.junit.platform.engine.support.hierarchical.SameThreadHierarchicalTestExecutorService.submit(SameThreadHierarchicalTestExecutorService.java:35)
	at org.junit.platform.engine.support.hierarchical.HierarchicalTestExecutor.execute(HierarchicalTestExecutor.java:57)
	at org.junit.platform.engine.support.hierarchical.HierarchicalTestEngine.execute(HierarchicalTestEngine.java:54)
	at org.junit.platform.launcher.core.EngineExecutionOrchestrator.execute(EngineExecutionOrchestrator.java:198)
	at org.junit.platform.launcher.core.EngineExecutionOrchestrator.execute(EngineExecutionOrchestrator.java:169)
	at org.junit.platform.launcher.core.EngineExecutionOrchestrator.execute(EngineExecutionOrchestrator.java:93)
	at org.junit.platform.launcher.core.EngineExecutionOrchestrator.lambda$execute$0(EngineExecutionOrchestrator.java:58)
	at org.junit.platform.launcher.core.EngineExecutionOrchestrator.withInterceptedStreams(EngineExecutionOrchestrator.java:141)
	at org.junit.platform.launcher.core.EngineExecutionOrchestrator.execute(EngineExecutionOrchestrator.java:57)
	at org.junit.platform.launcher.core.DefaultLauncher.execute(DefaultLauncher.java:103)
	at org.junit.platform.launcher.core.DefaultLauncher.execute(DefaultLauncher.java:85)
	at org.junit.platform.launcher.core.DelegatingLauncher.execute(DelegatingLauncher.java:47)
	at org.junit.platform.launcher.core.SessionPerRequestLauncher.execute(SessionPerRequestLauncher.java:63)
	at org.apache.maven.surefire.junitplatform.JUnitPlatformProvider.invokeAllTests(JUnitPlatformProvider.java:154)
	at org.apache.maven.surefire.junitplatform.JUnitPlatformProvider.invoke(JUnitPlatformProvider.java:123)
	at org.apache.maven.surefire.booter.ForkedBooter.runSuitesInProcess(ForkedBooter.java:377)
	at org.apache.maven.surefire.booter.ForkedBooter.execute(ForkedBooter.java:138)
	at org.apache.maven.surefire.booter.ForkedBooter.run(ForkedBooter.java:465)
	at org.apache.maven.surefire.booter.ForkedBooter.main(ForkedBooter.java:451)
2024-06-08 12:41:11,609 [main] INFO  ozone.HddsDatanodeClientProtocolServer (HddsDatanodeClientProtocolServer.java:stop(83)) - Stopping the RPC server for Client Protocol
2024-06-08 12:41:11,609 [main] INFO  ipc.Server (Server.java:stop(3523)) - Stopping server on 15045
2024-06-08 12:41:11,609 [IPC Server listener on 15045] INFO  ipc.Server (Server.java:run(1434)) - Stopping IPC Server listener on 15045
2024-06-08 12:41:11,609 [IPC Server Responder] INFO  ipc.Server (Server.java:run(1567)) - Stopping IPC Server Responder
2024-06-08 12:41:11,611 [main] INFO  ozoneimpl.OzoneContainer (OzoneContainer.java:stop(481)) - Attempting to stop container services.
2024-06-08 12:41:11,611 [ContainerMetadataScanner] WARN  ozoneimpl.AbstractBackgroundContainerScanner (AbstractBackgroundContainerScanner.java:handleRemainingSleep(134)) - Background container scan was interrupted.
2024-06-08 12:41:11,611 [ContainerMetadataScanner] INFO  ozoneimpl.AbstractBackgroundContainerScanner (AbstractBackgroundContainerScanner.java:run(61)) - Thread[ContainerMetadataScanner,5,main] exiting.
2024-06-08 12:41:11,611 [main] INFO  ozoneimpl.BackgroundContainerDataScanner (BackgroundContainerDataScanner.java:shutdown(141)) - ContainerDataScanner(/home/runner/work/ozone/ozone/hadoop-ozone/integration-test/target/test-dir/MiniOzoneClusterImpl-eb3449cc-c24b-44af-9d9e-25cc0a4be729/ozone-meta/datanode-5/data-0/hdds) is shutting down. 
2024-06-08 12:41:11,611 [ContainerDataScanner(/home/runner/work/ozone/ozone/hadoop-ozone/integration-test/target/test-dir/MiniOzoneClusterImpl-eb3449cc-c24b-44af-9d9e-25cc0a4be729/ozone-meta/datanode-5/data-0/hdds)] WARN  ozoneimpl.AbstractBackgroundContainerScanner (AbstractBackgroundContainerScanner.java:handleRemainingSleep(134)) - Background container scan was interrupted.
2024-06-08 12:41:11,612 [ContainerDataScanner(/home/runner/work/ozone/ozone/hadoop-ozone/integration-test/target/test-dir/MiniOzoneClusterImpl-eb3449cc-c24b-44af-9d9e-25cc0a4be729/ozone-meta/datanode-5/data-0/hdds)] INFO  ozoneimpl.AbstractBackgroundContainerScanner (AbstractBackgroundContainerScanner.java:run(61)) - ContainerDataScanner(/home/runner/work/ozone/ozone/hadoop-ozone/integration-test/target/test-dir/MiniOzoneClusterImpl-eb3449cc-c24b-44af-9d9e-25cc0a4be729/ozone-meta/datanode-5/data-0/hdds, DS-ebfc1408-baab-466e-84d1-734e34e7d3a4) exiting.
2024-06-08 12:41:11,612 [main] INFO  server.RaftServer (RaftServerProxy.java:lambda$close$9(416)) - 88275c87-ecbb-4b0d-b3dc-5fc4defb1403: close
2024-06-08 12:41:11,612 [88275c87-ecbb-4b0d-b3dc-5fc4defb1403-impl-thread2] INFO  server.RaftServer$Division (RaftServerImpl.java:lambda$close$3(526)) - 88275c87-ecbb-4b0d-b3dc-5fc4defb1403@group-FC5ACD0ADB42: shutdown
2024-06-08 12:41:11,612 [88275c87-ecbb-4b0d-b3dc-5fc4defb1403-impl-thread3] INFO  server.RaftServer$Division (RaftServerImpl.java:lambda$close$3(526)) - 88275c87-ecbb-4b0d-b3dc-5fc4defb1403@group-33F6AC0EAB09: shutdown
2024-06-08 12:41:11,612 [88275c87-ecbb-4b0d-b3dc-5fc4defb1403-impl-thread3] INFO  util.JmxRegister (JmxRegister.java:unregister(73)) - Successfully un-registered JMX Bean with object name Ratis:service=RaftServer,group=group-33F6AC0EAB09,id=88275c87-ecbb-4b0d-b3dc-5fc4defb1403
2024-06-08 12:41:11,612 [88275c87-ecbb-4b0d-b3dc-5fc4defb1403-impl-thread3] INFO  impl.RoleInfo (RoleInfo.java:shutdownLeaderState(94)) - 88275c87-ecbb-4b0d-b3dc-5fc4defb1403: shutdown 88275c87-ecbb-4b0d-b3dc-5fc4defb1403@group-33F6AC0EAB09-LeaderStateImpl
2024-06-08 12:41:11,612 [88275c87-ecbb-4b0d-b3dc-5fc4defb1403-impl-thread2] INFO  util.JmxRegister (JmxRegister.java:unregister(73)) - Successfully un-registered JMX Bean with object name Ratis:service=RaftServer,group=group-FC5ACD0ADB42,id=88275c87-ecbb-4b0d-b3dc-5fc4defb1403
2024-06-08 12:41:11,613 [88275c87-ecbb-4b0d-b3dc-5fc4defb1403-impl-thread2] INFO  impl.RoleInfo (RoleInfo.java:shutdownLeaderState(94)) - 88275c87-ecbb-4b0d-b3dc-5fc4defb1403: shutdown 88275c87-ecbb-4b0d-b3dc-5fc4defb1403@group-FC5ACD0ADB42-LeaderStateImpl
2024-06-08 12:41:11,612 [main] INFO  server.GrpcService (GrpcService.java:closeImpl(311)) - 88275c87-ecbb-4b0d-b3dc-5fc4defb1403: shutdown server org.apache.ratis.grpc.server.GrpcClientProtocolService now
2024-06-08 12:41:11,613 [88275c87-ecbb-4b0d-b3dc-5fc4defb1403-impl-thread3] INFO  impl.PendingRequests (PendingRequests.java:sendNotLeaderResponses(289)) - 88275c87-ecbb-4b0d-b3dc-5fc4defb1403@group-33F6AC0EAB09-PendingRequests: sendNotLeaderResponses
2024-06-08 12:41:11,613 [Thread-1749] INFO  server.GrpcServerProtocolClient (GrpcServerProtocolClient.java:close(103)) - 62cc6baa-56d0-4b32-bcd5-4e291d75a464 Close channels
2024-06-08 12:41:11,613 [88275c87-ecbb-4b0d-b3dc-5fc4defb1403-impl-thread2] INFO  impl.PendingRequests (PendingRequests.java:sendNotLeaderResponses(289)) - 88275c87-ecbb-4b0d-b3dc-5fc4defb1403@group-FC5ACD0ADB42-PendingRequests: sendNotLeaderResponses
2024-06-08 12:41:11,612 [88275c87-ecbb-4b0d-b3dc-5fc4defb1403@group-33F6AC0EAB09->f77e3843-6fa7-4ff7-99fe-a68d95a9a65f-GrpcLogAppender-LogAppenderDaemon] WARN  server.GrpcLogAppender (GrpcLogAppender.java:mayWait(289)) - 88275c87-ecbb-4b0d-b3dc-5fc4defb1403@group-33F6AC0EAB09->f77e3843-6fa7-4ff7-99fe-a68d95a9a65f-GrpcLogAppender: Wait interrupted by java.lang.InterruptedException
2024-06-08 12:41:11,612 [88275c87-ecbb-4b0d-b3dc-5fc4defb1403@group-33F6AC0EAB09->62cc6baa-56d0-4b32-bcd5-4e291d75a464-GrpcLogAppender-LogAppenderDaemon] WARN  server.GrpcLogAppender (GrpcLogAppender.java:mayWait(289)) - 88275c87-ecbb-4b0d-b3dc-5fc4defb1403@group-33F6AC0EAB09->62cc6baa-56d0-4b32-bcd5-4e291d75a464-GrpcLogAppender: Wait interrupted by java.lang.InterruptedException
2024-06-08 12:41:11,612 [88275c87-ecbb-4b0d-b3dc-5fc4defb1403-impl-thread4] INFO  server.RaftServer$Division (RaftServerImpl.java:lambda$close$3(526)) - 88275c87-ecbb-4b0d-b3dc-5fc4defb1403@group-1A3AA7B4371B: shutdown
2024-06-08 12:41:11,614 [88275c87-ecbb-4b0d-b3dc-5fc4defb1403@group-FC5ACD0ADB42-StateMachineUpdater] INFO  ratis.ContainerStateMachine (ContainerStateMachine.java:takeSnapshot(355)) - group-FC5ACD0ADB42: Taking a snapshot at:(t:1, i:0) file /home/runner/work/ozone/ozone/hadoop-ozone/integration-test/target/test-dir/MiniOzoneClusterImpl-eb3449cc-c24b-44af-9d9e-25cc0a4be729/ozone-meta/datanode-5/ratis/10247862-9946-46d5-a605-fc5acd0adb42/sm/snapshot.1_0
2024-06-08 12:41:11,614 [88275c87-ecbb-4b0d-b3dc-5fc4defb1403@group-33F6AC0EAB09-StateMachineUpdater] INFO  ratis.ContainerStateMachine (ContainerStateMachine.java:takeSnapshot(355)) - group-33F6AC0EAB09: Taking a snapshot at:(t:1, i:0) file /home/runner/work/ozone/ozone/hadoop-ozone/integration-test/target/test-dir/MiniOzoneClusterImpl-eb3449cc-c24b-44af-9d9e-25cc0a4be729/ozone-meta/datanode-5/ratis/776b9411-b905-4802-8658-33f6ac0eab09/sm/snapshot.1_0
2024-06-08 12:41:11,614 [88275c87-ecbb-4b0d-b3dc-5fc4defb1403-impl-thread2] INFO  impl.StateMachineUpdater (StateMachineUpdater.java:stopAndJoin(157)) - 88275c87-ecbb-4b0d-b3dc-5fc4defb1403@group-FC5ACD0ADB42-StateMachineUpdater: set stopIndex = 0
2024-06-08 12:41:11,614 [88275c87-ecbb-4b0d-b3dc-5fc4defb1403-impl-thread3] INFO  impl.StateMachineUpdater (StateMachineUpdater.java:stopAndJoin(157)) - 88275c87-ecbb-4b0d-b3dc-5fc4defb1403@group-33F6AC0EAB09-StateMachineUpdater: set stopIndex = 0
2024-06-08 12:41:11,613 [Thread-1750] INFO  server.GrpcServerProtocolClient (GrpcServerProtocolClient.java:close(103)) - f77e3843-6fa7-4ff7-99fe-a68d95a9a65f Close channels
2024-06-08 12:41:11,614 [88275c87-ecbb-4b0d-b3dc-5fc4defb1403-impl-thread4] INFO  util.JmxRegister (JmxRegister.java:unregister(73)) - Successfully un-registered JMX Bean with object name Ratis:service=RaftServer,group=group-1A3AA7B4371B,id=88275c87-ecbb-4b0d-b3dc-5fc4defb1403
2024-06-08 12:41:11,614 [88275c87-ecbb-4b0d-b3dc-5fc4defb1403-impl-thread4] INFO  impl.RoleInfo (RoleInfo.java:shutdownLeaderState(94)) - 88275c87-ecbb-4b0d-b3dc-5fc4defb1403: shutdown 88275c87-ecbb-4b0d-b3dc-5fc4defb1403@group-1A3AA7B4371B-LeaderStateImpl
2024-06-08 12:41:11,614 [88275c87-ecbb-4b0d-b3dc-5fc4defb1403-impl-thread4] INFO  impl.PendingRequests (PendingRequests.java:sendNotLeaderResponses(289)) - 88275c87-ecbb-4b0d-b3dc-5fc4defb1403@group-1A3AA7B4371B-PendingRequests: sendNotLeaderResponses
2024-06-08 12:41:11,614 [88275c87-ecbb-4b0d-b3dc-5fc4defb1403@group-1A3AA7B4371B->62cc6baa-56d0-4b32-bcd5-4e291d75a464-GrpcLogAppender-LogAppenderDaemon] WARN  server.GrpcLogAppender (GrpcLogAppender.java:mayWait(289)) - 88275c87-ecbb-4b0d-b3dc-5fc4defb1403@group-1A3AA7B4371B->62cc6baa-56d0-4b32-bcd5-4e291d75a464-GrpcLogAppender: Wait interrupted by java.lang.InterruptedException
2024-06-08 12:41:11,615 [grpc-default-executor-2] INFO  server.GrpcServerProtocolService (GrpcServerProtocolService.java:onCompleted(157)) - 62cc6baa-56d0-4b32-bcd5-4e291d75a464: Completed APPEND_ENTRIES, lastRequest: 88275c87-ecbb-4b0d-b3dc-5fc4defb1403->62cc6baa-56d0-4b32-bcd5-4e291d75a464#1-t1,previous=(t:0, i:0),leaderCommit=-1,initializing? false,entries: size=1, first=(t:1, i:0), CONFIGURATIONENTRY(current:id: "62cc6baa-56d0-4b32-bcd5-4e291d75a464"
address: "127.0.0.1:15067"
dataStreamAddress: "127.0.0.1:15068"
clientAddress: "127.0.0.1:15065"
adminAddress: "127.0.0.1:15066"
startupRole: FOLLOWER
,id: "f77e3843-6fa7-4ff7-99fe-a68d95a9a65f"
address: "127.0.0.1:15049"
dataStreamAddress: "127.0.0.1:15050"
clientAddress: "127.0.0.1:15047"
adminAddress: "127.0.0.1:15048"
startupRole: FOLLOWER
,id: "88275c87-ecbb-4b0d-b3dc-5fc4defb1403"
address: "127.0.0.1:15058"
priority: 1
dataStreamAddress: "127.0.0.1:15059"
clientAddress: "127.0.0.1:15056"
adminAddress: "127.0.0.1:15057"
startupRole: FOLLOWER
, old:)
2024-06-08 12:41:11,615 [88275c87-ecbb-4b0d-b3dc-5fc4defb1403@group-FC5ACD0ADB42-StateMachineUpdater] INFO  ratis.ContainerStateMachine (ContainerStateMachine.java:takeSnapshot(366)) - group-FC5ACD0ADB42: Finished taking a snapshot at:(t:1, i:0) file:/home/runner/work/ozone/ozone/hadoop-ozone/integration-test/target/test-dir/MiniOzoneClusterImpl-eb3449cc-c24b-44af-9d9e-25cc0a4be729/ozone-meta/datanode-5/ratis/10247862-9946-46d5-a605-fc5acd0adb42/sm/snapshot.1_0 took: 1 ms
2024-06-08 12:41:11,615 [88275c87-ecbb-4b0d-b3dc-5fc4defb1403@group-1A3AA7B4371B->f77e3843-6fa7-4ff7-99fe-a68d95a9a65f-GrpcLogAppender-LogAppenderDaemon] WARN  server.GrpcLogAppender (GrpcLogAppender.java:mayWait(289)) - 88275c87-ecbb-4b0d-b3dc-5fc4defb1403@group-1A3AA7B4371B->f77e3843-6fa7-4ff7-99fe-a68d95a9a65f-GrpcLogAppender: Wait interrupted by java.lang.InterruptedException
2024-06-08 12:41:11,615 [grpc-default-executor-2] INFO  server.GrpcServerProtocolService (GrpcServerProtocolService.java:lambda$onCompleted$5(159)) - 62cc6baa-56d0-4b32-bcd5-4e291d75a464: Completed APPEND_ENTRIES, lastReply: null
2024-06-08 12:41:11,615 [88275c87-ecbb-4b0d-b3dc-5fc4defb1403@group-33F6AC0EAB09-StateMachineUpdater] INFO  ratis.ContainerStateMachine (ContainerStateMachine.java:takeSnapshot(366)) - group-33F6AC0EAB09: Finished taking a snapshot at:(t:1, i:0) file:/home/runner/work/ozone/ozone/hadoop-ozone/integration-test/target/test-dir/MiniOzoneClusterImpl-eb3449cc-c24b-44af-9d9e-25cc0a4be729/ozone-meta/datanode-5/ratis/776b9411-b905-4802-8658-33f6ac0eab09/sm/snapshot.1_0 took: 2 ms
2024-06-08 12:41:11,615 [88275c87-ecbb-4b0d-b3dc-5fc4defb1403@group-33F6AC0EAB09-StateMachineUpdater] INFO  impl.StateMachineUpdater (StateMachineUpdater.java:takeSnapshot(295)) - 88275c87-ecbb-4b0d-b3dc-5fc4defb1403@group-33F6AC0EAB09-StateMachineUpdater: Took a snapshot at index 0
2024-06-08 12:41:11,615 [88275c87-ecbb-4b0d-b3dc-5fc4defb1403@group-33F6AC0EAB09-StateMachineUpdater] INFO  impl.StateMachineUpdater (StateMachineUpdater.java:lambda$new$0(98)) - 88275c87-ecbb-4b0d-b3dc-5fc4defb1403@group-33F6AC0EAB09-StateMachineUpdater: snapshotIndex: updateIncreasingly -1 -> 0
2024-06-08 12:41:11,615 [88275c87-ecbb-4b0d-b3dc-5fc4defb1403@group-1A3AA7B4371B-StateMachineUpdater] INFO  ratis.ContainerStateMachine (ContainerStateMachine.java:takeSnapshot(355)) - group-1A3AA7B4371B: Taking a snapshot at:(t:2, i:0) file /home/runner/work/ozone/ozone/hadoop-ozone/integration-test/target/test-dir/MiniOzoneClusterImpl-eb3449cc-c24b-44af-9d9e-25cc0a4be729/ozone-meta/datanode-5/ratis/a6709be0-c16d-45f7-8930-1a3aa7b4371b/sm/snapshot.2_0
2024-06-08 12:41:11,616 [88275c87-ecbb-4b0d-b3dc-5fc4defb1403-impl-thread3] INFO  server.RaftServer$Division (ServerState.java:close(427)) - 88275c87-ecbb-4b0d-b3dc-5fc4defb1403@group-33F6AC0EAB09: applyIndex: 0
2024-06-08 12:41:11,615 [88275c87-ecbb-4b0d-b3dc-5fc4defb1403-impl-thread4] INFO  impl.StateMachineUpdater (StateMachineUpdater.java:stopAndJoin(157)) - 88275c87-ecbb-4b0d-b3dc-5fc4defb1403@group-1A3AA7B4371B-StateMachineUpdater: set stopIndex = 0
2024-06-08 12:41:11,616 [88275c87-ecbb-4b0d-b3dc-5fc4defb1403@group-33F6AC0EAB09-cacheEviction-AwaitToRun] INFO  util.AwaitToRun (AwaitToRun.java:run(49)) - 88275c87-ecbb-4b0d-b3dc-5fc4defb1403@group-33F6AC0EAB09-cacheEviction-AwaitToRun-AwaitForSignal is interrupted
2024-06-08 12:41:11,615 [88275c87-ecbb-4b0d-b3dc-5fc4defb1403@group-FC5ACD0ADB42-StateMachineUpdater] INFO  impl.StateMachineUpdater (StateMachineUpdater.java:takeSnapshot(295)) - 88275c87-ecbb-4b0d-b3dc-5fc4defb1403@group-FC5ACD0ADB42-StateMachineUpdater: Took a snapshot at index 0
2024-06-08 12:41:11,616 [88275c87-ecbb-4b0d-b3dc-5fc4defb1403@group-FC5ACD0ADB42-StateMachineUpdater] INFO  impl.StateMachineUpdater (StateMachineUpdater.java:lambda$new$0(98)) - 88275c87-ecbb-4b0d-b3dc-5fc4defb1403@group-FC5ACD0ADB42-StateMachineUpdater: snapshotIndex: updateIncreasingly -1 -> 0
2024-06-08 12:41:11,616 [88275c87-ecbb-4b0d-b3dc-5fc4defb1403-impl-thread2] INFO  server.RaftServer$Division (ServerState.java:close(427)) - 88275c87-ecbb-4b0d-b3dc-5fc4defb1403@group-FC5ACD0ADB42: applyIndex: 0
2024-06-08 12:41:11,615 [grpc-default-executor-1] INFO  server.GrpcServerProtocolService (GrpcServerProtocolService.java:onCompleted(157)) - 62cc6baa-56d0-4b32-bcd5-4e291d75a464: Completed APPEND_ENTRIES, lastRequest: 88275c87-ecbb-4b0d-b3dc-5fc4defb1403->62cc6baa-56d0-4b32-bcd5-4e291d75a464#1-t2,previous=(t:0, i:0),leaderCommit=-1,initializing? false,entries: size=1, first=(t:2, i:0), CONFIGURATIONENTRY(current:id: "62cc6baa-56d0-4b32-bcd5-4e291d75a464"
address: "127.0.0.1:15067"
dataStreamAddress: "127.0.0.1:15068"
clientAddress: "127.0.0.1:15065"
adminAddress: "127.0.0.1:15066"
startupRole: FOLLOWER
,id: "f77e3843-6fa7-4ff7-99fe-a68d95a9a65f"
address: "127.0.0.1:15049"
priority: 1
dataStreamAddress: "127.0.0.1:15050"
clientAddress: "127.0.0.1:15047"
adminAddress: "127.0.0.1:15048"
startupRole: FOLLOWER
,id: "88275c87-ecbb-4b0d-b3dc-5fc4defb1403"
address: "127.0.0.1:15058"
dataStreamAddress: "127.0.0.1:15059"
clientAddress: "127.0.0.1:15056"
adminAddress: "127.0.0.1:15057"
startupRole: FOLLOWER
, old:)
2024-06-08 12:41:11,616 [88275c87-ecbb-4b0d-b3dc-5fc4defb1403@group-FC5ACD0ADB42-cacheEviction-AwaitToRun] INFO  util.AwaitToRun (AwaitToRun.java:run(49)) - 88275c87-ecbb-4b0d-b3dc-5fc4defb1403@group-FC5ACD0ADB42-cacheEviction-AwaitToRun-AwaitForSignal is interrupted
2024-06-08 12:41:11,616 [88275c87-ecbb-4b0d-b3dc-5fc4defb1403@group-1A3AA7B4371B-StateMachineUpdater] INFO  ratis.ContainerStateMachine (ContainerStateMachine.java:takeSnapshot(366)) - group-1A3AA7B4371B: Finished taking a snapshot at:(t:2, i:0) file:/home/runner/work/ozone/ozone/hadoop-ozone/integration-test/target/test-dir/MiniOzoneClusterImpl-eb3449cc-c24b-44af-9d9e-25cc0a4be729/ozone-meta/datanode-5/ratis/a6709be0-c16d-45f7-8930-1a3aa7b4371b/sm/snapshot.2_0 took: 1 ms
2024-06-08 12:41:11,616 [grpc-default-executor-1] INFO  server.GrpcServerProtocolService (GrpcServerProtocolService.java:lambda$onCompleted$5(159)) - 62cc6baa-56d0-4b32-bcd5-4e291d75a464: Completed APPEND_ENTRIES, lastReply: null
2024-06-08 12:41:11,616 [88275c87-ecbb-4b0d-b3dc-5fc4defb1403@group-1A3AA7B4371B-StateMachineUpdater] INFO  impl.StateMachineUpdater (StateMachineUpdater.java:takeSnapshot(295)) - 88275c87-ecbb-4b0d-b3dc-5fc4defb1403@group-1A3AA7B4371B-StateMachineUpdater: Took a snapshot at index 0
2024-06-08 12:41:11,617 [88275c87-ecbb-4b0d-b3dc-5fc4defb1403@group-1A3AA7B4371B-StateMachineUpdater] INFO  impl.StateMachineUpdater (StateMachineUpdater.java:lambda$new$0(98)) - 88275c87-ecbb-4b0d-b3dc-5fc4defb1403@group-1A3AA7B4371B-StateMachineUpdater: snapshotIndex: updateIncreasingly -1 -> 0
2024-06-08 12:41:11,617 [88275c87-ecbb-4b0d-b3dc-5fc4defb1403-impl-thread4] INFO  server.RaftServer$Division (ServerState.java:close(427)) - 88275c87-ecbb-4b0d-b3dc-5fc4defb1403@group-1A3AA7B4371B: applyIndex: 0
2024-06-08 12:41:11,617 [88275c87-ecbb-4b0d-b3dc-5fc4defb1403@group-1A3AA7B4371B-cacheEviction-AwaitToRun] INFO  util.AwaitToRun (AwaitToRun.java:run(49)) - 88275c87-ecbb-4b0d-b3dc-5fc4defb1403@group-1A3AA7B4371B-cacheEviction-AwaitToRun-AwaitForSignal is interrupted
2024-06-08 12:41:11,621 [grpc-default-executor-1] INFO  server.GrpcServerProtocolService (GrpcServerProtocolService.java:onCompleted(157)) - 62cc6baa-56d0-4b32-bcd5-4e291d75a464: Completed APPEND_ENTRIES, lastRequest: null
2024-06-08 12:41:11,621 [grpc-default-executor-6] INFO  server.GrpcServerProtocolService (GrpcServerProtocolService.java:onCompleted(157)) - 62cc6baa-56d0-4b32-bcd5-4e291d75a464: Completed APPEND_ENTRIES, lastRequest: null
2024-06-08 12:41:11,621 [grpc-default-executor-7] INFO  server.GrpcLogAppender (GrpcLogAppender.java:onCompleted(546)) - 88275c87-ecbb-4b0d-b3dc-5fc4defb1403@group-33F6AC0EAB09->62cc6baa-56d0-4b32-bcd5-4e291d75a464-AppendLogResponseHandler: follower responses appendEntries COMPLETED
2024-06-08 12:41:11,621 [grpc-default-executor-1] INFO  server.GrpcServerProtocolService (GrpcServerProtocolService.java:lambda$onCompleted$5(159)) - 62cc6baa-56d0-4b32-bcd5-4e291d75a464: Completed APPEND_ENTRIES, lastReply: serverReply {
  requestorId: "88275c87-ecbb-4b0d-b3dc-5fc4defb1403"
  replyId: "62cc6baa-56d0-4b32-bcd5-4e291d75a464"
  raftGroupId {
    id: "\246p\233\340\301mE\367\2110\032:\247\2647\033"
  }
  callId: 47
  success: true
}
term: 2
nextIndex: 1
matchIndex: 18446744073709551615
isHearbeat: true

2024-06-08 12:41:11,621 [grpc-default-executor-7] WARN  server.GrpcLogAppender (GrpcLogAppender.java:resetClient(226)) - 88275c87-ecbb-4b0d-b3dc-5fc4defb1403@group-33F6AC0EAB09->62cc6baa-56d0-4b32-bcd5-4e291d75a464-GrpcLogAppender: Failed to getClient for 62cc6baa-56d0-4b32-bcd5-4e291d75a464
org.apache.ratis.protocol.exceptions.AlreadyClosedException: 88275c87-ecbb-4b0d-b3dc-5fc4defb1403 is already CLOSED
	at org.apache.ratis.util.PeerProxyMap$PeerAndProxy.getProxy(PeerProxyMap.java:65)
	at org.apache.ratis.util.PeerProxyMap.getProxy(PeerProxyMap.java:114)
	at org.apache.ratis.grpc.server.GrpcLogAppender.getClient(GrpcLogAppender.java:196)
	at org.apache.ratis.grpc.server.GrpcLogAppender.resetClient(GrpcLogAppender.java:201)
	at org.apache.ratis.grpc.server.GrpcLogAppender.access$800(GrpcLogAppender.java:62)
	at org.apache.ratis.grpc.server.GrpcLogAppender$AppendLogResponseHandler.onCompleted(GrpcLogAppender.java:547)
	at org.apache.ratis.thirdparty.io.grpc.stub.ClientCalls$StreamObserverToCallListenerAdapter.onClose(ClientCalls.java:479)
	at org.apache.ratis.thirdparty.io.grpc.internal.ClientCallImpl.closeObserver(ClientCallImpl.java:567)
	at org.apache.ratis.thirdparty.io.grpc.internal.ClientCallImpl.access$300(ClientCallImpl.java:71)
	at org.apache.ratis.thirdparty.io.grpc.internal.ClientCallImpl$ClientStreamListenerImpl$1StreamClosed.runInternal(ClientCallImpl.java:735)
	at org.apache.ratis.thirdparty.io.grpc.internal.ClientCallImpl$ClientStreamListenerImpl$1StreamClosed.runInContext(ClientCallImpl.java:716)
	at org.apache.ratis.thirdparty.io.grpc.internal.ContextRunnable.run(ContextRunnable.java:37)
	at org.apache.ratis.thirdparty.io.grpc.internal.SerializingExecutor.run(SerializingExecutor.java:133)
	at java.base/java.util.concurrent.ThreadPoolExecutor.runWorker(ThreadPoolExecutor.java:1136)
	at java.base/java.util.concurrent.ThreadPoolExecutor$Worker.run(ThreadPoolExecutor.java:635)
	at java.base/java.lang.Thread.run(Thread.java:840)
2024-06-08 12:41:11,622 [grpc-default-executor-2] INFO  server.GrpcLogAppender (GrpcLogAppender.java:onCompleted(546)) - 88275c87-ecbb-4b0d-b3dc-5fc4defb1403@group-1A3AA7B4371B->62cc6baa-56d0-4b32-bcd5-4e291d75a464-AppendLogResponseHandler: follower responses appendEntries COMPLETED
2024-06-08 12:41:11,622 [grpc-default-executor-2] WARN  server.GrpcLogAppender (GrpcLogAppender.java:resetClient(226)) - 88275c87-ecbb-4b0d-b3dc-5fc4defb1403@group-1A3AA7B4371B->62cc6baa-56d0-4b32-bcd5-4e291d75a464-GrpcLogAppender: Failed to getClient for 62cc6baa-56d0-4b32-bcd5-4e291d75a464
org.apache.ratis.protocol.exceptions.AlreadyClosedException: 88275c87-ecbb-4b0d-b3dc-5fc4defb1403 is already CLOSED
	at org.apache.ratis.util.PeerProxyMap$PeerAndProxy.getProxy(PeerProxyMap.java:65)
	at org.apache.ratis.util.PeerProxyMap.getProxy(PeerProxyMap.java:114)
	at org.apache.ratis.grpc.server.GrpcLogAppender.getClient(GrpcLogAppender.java:196)
	at org.apache.ratis.grpc.server.GrpcLogAppender.resetClient(GrpcLogAppender.java:201)
	at org.apache.ratis.grpc.server.GrpcLogAppender.access$800(GrpcLogAppender.java:62)
	at org.apache.ratis.grpc.server.GrpcLogAppender$AppendLogResponseHandler.onCompleted(GrpcLogAppender.java:547)
	at org.apache.ratis.thirdparty.io.grpc.stub.ClientCalls$StreamObserverToCallListenerAdapter.onClose(ClientCalls.java:479)
	at org.apache.ratis.thirdparty.io.grpc.internal.ClientCallImpl.closeObserver(ClientCallImpl.java:567)
	at org.apache.ratis.thirdparty.io.grpc.internal.ClientCallImpl.access$300(ClientCallImpl.java:71)
	at org.apache.ratis.thirdparty.io.grpc.internal.ClientCallImpl$ClientStreamListenerImpl$1StreamClosed.runInternal(ClientCallImpl.java:735)
	at org.apache.ratis.thirdparty.io.grpc.internal.ClientCallImpl$ClientStreamListenerImpl$1StreamClosed.runInContext(ClientCallImpl.java:716)
	at org.apache.ratis.thirdparty.io.grpc.internal.ContextRunnable.run(ContextRunnable.java:37)
	at org.apache.ratis.thirdparty.io.grpc.internal.SerializingExecutor.run(SerializingExecutor.java:133)
	at java.base/java.util.concurrent.ThreadPoolExecutor.runWorker(ThreadPoolExecutor.java:1136)
	at java.base/java.util.concurrent.ThreadPoolExecutor$Worker.run(ThreadPoolExecutor.java:635)
	at java.base/java.lang.Thread.run(Thread.java:840)
2024-06-08 12:41:11,622 [grpc-default-executor-1] INFO  server.GrpcLogAppender (GrpcLogAppender.java:onCompleted(546)) - 88275c87-ecbb-4b0d-b3dc-5fc4defb1403@group-1A3AA7B4371B->62cc6baa-56d0-4b32-bcd5-4e291d75a464-AppendLogResponseHandler: follower responses appendEntries COMPLETED
2024-06-08 12:41:11,622 [grpc-default-executor-1] WARN  server.GrpcLogAppender (GrpcLogAppender.java:resetClient(226)) - 88275c87-ecbb-4b0d-b3dc-5fc4defb1403@group-1A3AA7B4371B->62cc6baa-56d0-4b32-bcd5-4e291d75a464-GrpcLogAppender: Failed to getClient for 62cc6baa-56d0-4b32-bcd5-4e291d75a464
org.apache.ratis.protocol.exceptions.AlreadyClosedException: 88275c87-ecbb-4b0d-b3dc-5fc4defb1403 is already CLOSED
	at org.apache.ratis.util.PeerProxyMap$PeerAndProxy.getProxy(PeerProxyMap.java:65)
	at org.apache.ratis.util.PeerProxyMap.getProxy(PeerProxyMap.java:114)
	at org.apache.ratis.grpc.server.GrpcLogAppender.getClient(GrpcLogAppender.java:196)
	at org.apache.ratis.grpc.server.GrpcLogAppender.resetClient(GrpcLogAppender.java:201)
	at org.apache.ratis.grpc.server.GrpcLogAppender.access$800(GrpcLogAppender.java:62)
	at org.apache.ratis.grpc.server.GrpcLogAppender$AppendLogResponseHandler.onCompleted(GrpcLogAppender.java:547)
	at org.apache.ratis.thirdparty.io.grpc.stub.ClientCalls$StreamObserverToCallListenerAdapter.onClose(ClientCalls.java:479)
	at org.apache.ratis.thirdparty.io.grpc.internal.ClientCallImpl.closeObserver(ClientCallImpl.java:567)
	at org.apache.ratis.thirdparty.io.grpc.internal.ClientCallImpl.access$300(ClientCallImpl.java:71)
	at org.apache.ratis.thirdparty.io.grpc.internal.ClientCallImpl$ClientStreamListenerImpl$1StreamClosed.runInternal(ClientCallImpl.java:735)
	at org.apache.ratis.thirdparty.io.grpc.internal.ClientCallImpl$ClientStreamListenerImpl$1StreamClosed.runInContext(ClientCallImpl.java:716)
	at org.apache.ratis.thirdparty.io.grpc.internal.ContextRunnable.run(ContextRunnable.java:37)
	at org.apache.ratis.thirdparty.io.grpc.internal.SerializingExecutor.run(SerializingExecutor.java:133)
	at java.base/java.util.concurrent.ThreadPoolExecutor.runWorker(ThreadPoolExecutor.java:1136)
	at java.base/java.util.concurrent.ThreadPoolExecutor$Worker.run(ThreadPoolExecutor.java:635)
	at java.base/java.lang.Thread.run(Thread.java:840)
2024-06-08 12:41:11,623 [grpc-default-executor-6] INFO  server.GrpcServerProtocolService (GrpcServerProtocolService.java:lambda$onCompleted$5(159)) - 62cc6baa-56d0-4b32-bcd5-4e291d75a464: Completed APPEND_ENTRIES, lastReply: serverReply {
  requestorId: "88275c87-ecbb-4b0d-b3dc-5fc4defb1403"
  replyId: "62cc6baa-56d0-4b32-bcd5-4e291d75a464"
  raftGroupId {
    id: "wk\224\021\271\005H\002\206X3\366\254\016\253\t"
  }
  callId: 49
  success: true
}
term: 1
nextIndex: 1
matchIndex: 18446744073709551615
isHearbeat: true

2024-06-08 12:41:11,623 [grpc-default-executor-1] INFO  server.GrpcLogAppender (GrpcLogAppender.java:onCompleted(546)) - 88275c87-ecbb-4b0d-b3dc-5fc4defb1403@group-33F6AC0EAB09->62cc6baa-56d0-4b32-bcd5-4e291d75a464-AppendLogResponseHandler: follower responses appendEntries COMPLETED
2024-06-08 12:41:11,624 [grpc-default-executor-1] WARN  server.GrpcLogAppender (GrpcLogAppender.java:resetClient(226)) - 88275c87-ecbb-4b0d-b3dc-5fc4defb1403@group-33F6AC0EAB09->62cc6baa-56d0-4b32-bcd5-4e291d75a464-GrpcLogAppender: Failed to getClient for 62cc6baa-56d0-4b32-bcd5-4e291d75a464
org.apache.ratis.protocol.exceptions.AlreadyClosedException: 88275c87-ecbb-4b0d-b3dc-5fc4defb1403 is already CLOSED
	at org.apache.ratis.util.PeerProxyMap$PeerAndProxy.getProxy(PeerProxyMap.java:65)
	at org.apache.ratis.util.PeerProxyMap.getProxy(PeerProxyMap.java:114)
	at org.apache.ratis.grpc.server.GrpcLogAppender.getClient(GrpcLogAppender.java:196)
	at org.apache.ratis.grpc.server.GrpcLogAppender.resetClient(GrpcLogAppender.java:201)
	at org.apache.ratis.grpc.server.GrpcLogAppender.access$800(GrpcLogAppender.java:62)
	at org.apache.ratis.grpc.server.GrpcLogAppender$AppendLogResponseHandler.onCompleted(GrpcLogAppender.java:547)
	at org.apache.ratis.thirdparty.io.grpc.stub.ClientCalls$StreamObserverToCallListenerAdapter.onClose(ClientCalls.java:479)
	at org.apache.ratis.thirdparty.io.grpc.internal.ClientCallImpl.closeObserver(ClientCallImpl.java:567)
	at org.apache.ratis.thirdparty.io.grpc.internal.ClientCallImpl.access$300(ClientCallImpl.java:71)
	at org.apache.ratis.thirdparty.io.grpc.internal.ClientCallImpl$ClientStreamListenerImpl$1StreamClosed.runInternal(ClientCallImpl.java:735)
	at org.apache.ratis.thirdparty.io.grpc.internal.ClientCallImpl$ClientStreamListenerImpl$1StreamClosed.runInContext(ClientCallImpl.java:716)
	at org.apache.ratis.thirdparty.io.grpc.internal.ContextRunnable.run(ContextRunnable.java:37)
	at org.apache.ratis.thirdparty.io.grpc.internal.SerializingExecutor.run(SerializingExecutor.java:133)
	at java.base/java.util.concurrent.ThreadPoolExecutor.runWorker(ThreadPoolExecutor.java:1136)
	at java.base/java.util.concurrent.ThreadPoolExecutor$Worker.run(ThreadPoolExecutor.java:635)
	at java.base/java.lang.Thread.run(Thread.java:840)
2024-06-08 12:41:11,624 [main] INFO  server.GrpcService (GrpcService.java:closeImpl(320)) - 88275c87-ecbb-4b0d-b3dc-5fc4defb1403: shutdown server org.apache.ratis.grpc.server.GrpcClientProtocolService successfully
2024-06-08 12:41:11,624 [main] INFO  server.GrpcService (GrpcService.java:closeImpl(311)) - 88275c87-ecbb-4b0d-b3dc-5fc4defb1403: shutdown server GrpcServerProtocolService now
2024-06-08 12:41:11,625 [main] INFO  server.GrpcService (GrpcService.java:closeImpl(320)) - 88275c87-ecbb-4b0d-b3dc-5fc4defb1403: shutdown server GrpcServerProtocolService successfully
2024-06-08 12:41:11,625 [main] INFO  server.GrpcService (GrpcService.java:closeImpl(311)) - 88275c87-ecbb-4b0d-b3dc-5fc4defb1403: shutdown server org.apache.ratis.grpc.server.GrpcAdminProtocolService now
2024-06-08 12:41:11,629 [main] INFO  server.GrpcService (GrpcService.java:closeImpl(320)) - 88275c87-ecbb-4b0d-b3dc-5fc4defb1403: shutdown server org.apache.ratis.grpc.server.GrpcAdminProtocolService successfully
2024-06-08 12:41:11,632 [88275c87-ecbb-4b0d-b3dc-5fc4defb1403-NettyServerStreamRpc-bossGroup--thread1] INFO  logging.LoggingHandler (AbstractInternalLogger.java:log(148)) - [id: 0xe9c64189, L:/0.0.0.0:15059] CLOSE
2024-06-08 12:41:11,632 [88275c87-ecbb-4b0d-b3dc-5fc4defb1403-NettyServerStreamRpc-bossGroup--thread1] INFO  logging.LoggingHandler (AbstractInternalLogger.java:log(148)) - [id: 0xe9c64189, L:/0.0.0.0:15059] INACTIVE
2024-06-08 12:41:11,632 [88275c87-ecbb-4b0d-b3dc-5fc4defb1403-NettyServerStreamRpc-bossGroup--thread1] INFO  logging.LoggingHandler (AbstractInternalLogger.java:log(148)) - [id: 0xe9c64189, L:/0.0.0.0:15059] UNREGISTERED
2024-06-08 12:41:11,691 [88275c87-ecbb-4b0d-b3dc-5fc4defb1403-impl-thread2] INFO  segmented.SegmentedRaftLogWorker (SegmentedRaftLogWorker.java:close(245)) - 88275c87-ecbb-4b0d-b3dc-5fc4defb1403@group-FC5ACD0ADB42-SegmentedRaftLogWorker close()
2024-06-08 12:41:11,705 [88275c87-ecbb-4b0d-b3dc-5fc4defb1403-impl-thread4] INFO  segmented.SegmentedRaftLogWorker (SegmentedRaftLogWorker.java:close(245)) - 88275c87-ecbb-4b0d-b3dc-5fc4defb1403@group-1A3AA7B4371B-SegmentedRaftLogWorker close()
2024-06-08 12:41:12,003 [timer2] WARN  server.GrpcLogAppender (LogUtils.java:warn(121)) - 88275c87-ecbb-4b0d-b3dc-5fc4defb1403@group-1A3AA7B4371B->f77e3843-6fa7-4ff7-99fe-a68d95a9a65f-AppendLogResponseHandler: Failed appendEntries (Repeated 2 times in the last 5.000s): org.apache.ratis.thirdparty.io.grpc.StatusRuntimeException: UNAVAILABLE: io exception
2024-06-08 12:41:12,580 [88275c87-ecbb-4b0d-b3dc-5fc4defb1403-impl-thread3] INFO  segmented.SegmentedRaftLogWorker (SegmentedRaftLogWorker.java:close(245)) - 88275c87-ecbb-4b0d-b3dc-5fc4defb1403@group-33F6AC0EAB09-SegmentedRaftLogWorker close()
2024-06-08 12:41:12,580 [JvmPauseMonitor8] INFO  util.JvmPauseMonitor (JvmPauseMonitor.java:run(152)) - JvmPauseMonitor-88275c87-ecbb-4b0d-b3dc-5fc4defb1403: Stopped
2024-06-08 12:41:14,583 [main] INFO  utils.DatanodeStoreCache (DatanodeStoreCache.java:shutdownCache(116)) - Skip clearing cache in mini cluster mode. Entries left: [/home/runner/work/ozone/ozone/hadoop-ozone/integration-test/target/test-dir/MiniOzoneClusterImpl-eb3449cc-c24b-44af-9d9e-25cc0a4be729/ozone-meta/datanode-5/data-0/hdds/eb3449cc-c24b-44af-9d9e-25cc0a4be729/DS-ebfc1408-baab-466e-84d1-734e34e7d3a4/container.db, /home/runner/work/ozone/ozone/hadoop-ozone/integration-test/target/test-dir/MiniOzoneClusterImpl-eb3449cc-c24b-44af-9d9e-25cc0a4be729/ozone-meta/datanode-6/data-0/hdds/eb3449cc-c24b-44af-9d9e-25cc0a4be729/DS-2aa787f3-51c7-49c8-99a6-7ca284c1d893/container.db]
2024-06-08 12:41:14,584 [main] INFO  utils.DatanodeStoreCache (DatanodeStoreCache.java:removeDB(110)) - Removed db /home/runner/work/ozone/ozone/hadoop-ozone/integration-test/target/test-dir/MiniOzoneClusterImpl-eb3449cc-c24b-44af-9d9e-25cc0a4be729/ozone-meta/datanode-5/data-0/hdds/eb3449cc-c24b-44af-9d9e-25cc0a4be729/DS-ebfc1408-baab-466e-84d1-734e34e7d3a4/container.db from cache
2024-06-08 12:41:14,584 [main] INFO  volume.HddsVolume (HddsVolume.java:closeDbStore(470)) - SchemaV3 db is stopped at /home/runner/work/ozone/ozone/hadoop-ozone/integration-test/target/test-dir/MiniOzoneClusterImpl-eb3449cc-c24b-44af-9d9e-25cc0a4be729/ozone-meta/datanode-5/data-0/hdds/eb3449cc-c24b-44af-9d9e-25cc0a4be729/DS-ebfc1408-baab-466e-84d1-734e34e7d3a4/container.db for volume DS-ebfc1408-baab-466e-84d1-734e34e7d3a4
2024-06-08 12:41:14,584 [main] INFO  utils.BackgroundService (BackgroundService.java:shutdown(160)) - Shutting down service BlockDeletingService
2024-06-08 12:41:14,584 [main] INFO  utils.BackgroundService (BackgroundService.java:shutdown(160)) - Shutting down service StaleRecoveringContainerScrubbingService
2024-06-08 12:41:14,585 [main] INFO  statemachine.DatanodeStateMachine (DatanodeStateMachine.java:stopDaemon(638)) - Ozone container server stopped.
2024-06-08 12:41:14,585 [main] INFO  handler.ContextHandler (ContextHandler.java:doStop(1159)) - Stopped o.e.j.w.WebAppContext@54ec26b7{hddsDatanode,/,null,STOPPED}{file:/home/runner/work/ozone/ozone/hadoop-hdds/container-service/target/classes/webapps/hddsDatanode}
2024-06-08 12:41:14,586 [main] INFO  server.AbstractConnector (AbstractConnector.java:doStop(383)) - Stopped ServerConnector@700d3b59{HTTP/1.1, (http/1.1)}{0.0.0.0:15053}
2024-06-08 12:41:14,586 [main] INFO  server.session (HouseKeeper.java:stopScavenging(149)) - node0 Stopped scavenging
2024-06-08 12:41:14,586 [main] INFO  handler.ContextHandler (ContextHandler.java:doStop(1159)) - Stopped o.e.j.s.ServletContextHandler@1cb1bf14{static,/static,file:///home/runner/work/ozone/ozone/hadoop-hdds/container-service/target/classes/webapps/static,STOPPED}
2024-06-08 12:41:14,586 [main] INFO  handler.ContextHandler (ContextHandler.java:doStop(1159)) - Stopped o.e.j.s.ServletContextHandler@4e26113c{logs,/logs,file:///home/runner/work/ozone/ozone/hadoop-ozone/integration-test/target/log,STOPPED}
2024-06-08 12:41:14,587 [main] INFO  ozone.HddsDatanodeClientProtocolServer (HddsDatanodeClientProtocolServer.java:stop(83)) - Stopping the RPC server for Client Protocol
2024-06-08 12:41:14,587 [main] INFO  ipc.Server (Server.java:stop(3523)) - Stopping server on 15054
2024-06-08 12:41:14,587 [IPC Server Responder] INFO  ipc.Server (Server.java:run(1567)) - Stopping IPC Server Responder
2024-06-08 12:41:14,587 [IPC Server listener on 15054] INFO  ipc.Server (Server.java:run(1434)) - Stopping IPC Server listener on 15054
2024-06-08 12:41:14,589 [main] INFO  ozoneimpl.OzoneContainer (OzoneContainer.java:stop(481)) - Attempting to stop container services.
2024-06-08 12:41:14,589 [ContainerMetadataScanner] WARN  ozoneimpl.AbstractBackgroundContainerScanner (AbstractBackgroundContainerScanner.java:handleRemainingSleep(134)) - Background container scan was interrupted.
2024-06-08 12:41:14,589 [ContainerMetadataScanner] INFO  ozoneimpl.AbstractBackgroundContainerScanner (AbstractBackgroundContainerScanner.java:run(61)) - Thread[ContainerMetadataScanner,5,main] exiting.
2024-06-08 12:41:14,589 [main] INFO  ozoneimpl.BackgroundContainerDataScanner (BackgroundContainerDataScanner.java:shutdown(141)) - ContainerDataScanner(/home/runner/work/ozone/ozone/hadoop-ozone/integration-test/target/test-dir/MiniOzoneClusterImpl-eb3449cc-c24b-44af-9d9e-25cc0a4be729/ozone-meta/datanode-6/data-0/hdds) is shutting down. 
2024-06-08 12:41:14,589 [ContainerDataScanner(/home/runner/work/ozone/ozone/hadoop-ozone/integration-test/target/test-dir/MiniOzoneClusterImpl-eb3449cc-c24b-44af-9d9e-25cc0a4be729/ozone-meta/datanode-6/data-0/hdds)] WARN  ozoneimpl.AbstractBackgroundContainerScanner (AbstractBackgroundContainerScanner.java:handleRemainingSleep(134)) - Background container scan was interrupted.
2024-06-08 12:41:14,589 [ContainerDataScanner(/home/runner/work/ozone/ozone/hadoop-ozone/integration-test/target/test-dir/MiniOzoneClusterImpl-eb3449cc-c24b-44af-9d9e-25cc0a4be729/ozone-meta/datanode-6/data-0/hdds)] INFO  ozoneimpl.AbstractBackgroundContainerScanner (AbstractBackgroundContainerScanner.java:run(61)) - ContainerDataScanner(/home/runner/work/ozone/ozone/hadoop-ozone/integration-test/target/test-dir/MiniOzoneClusterImpl-eb3449cc-c24b-44af-9d9e-25cc0a4be729/ozone-meta/datanode-6/data-0/hdds, DS-2aa787f3-51c7-49c8-99a6-7ca284c1d893) exiting.
2024-06-08 12:41:14,589 [main] INFO  server.RaftServer (RaftServerProxy.java:lambda$close$9(416)) - 62cc6baa-56d0-4b32-bcd5-4e291d75a464: close
2024-06-08 12:41:14,590 [62cc6baa-56d0-4b32-bcd5-4e291d75a464-impl-thread2] INFO  server.RaftServer$Division (RaftServerImpl.java:lambda$close$3(526)) - 62cc6baa-56d0-4b32-bcd5-4e291d75a464@group-33F6AC0EAB09: shutdown
2024-06-08 12:41:14,590 [62cc6baa-56d0-4b32-bcd5-4e291d75a464-impl-thread3] INFO  server.RaftServer$Division (RaftServerImpl.java:lambda$close$3(526)) - 62cc6baa-56d0-4b32-bcd5-4e291d75a464@group-A5BAD0168108: shutdown
2024-06-08 12:41:14,590 [62cc6baa-56d0-4b32-bcd5-4e291d75a464-impl-thread3] INFO  util.JmxRegister (JmxRegister.java:unregister(73)) - Successfully un-registered JMX Bean with object name Ratis:service=RaftServer,group=group-A5BAD0168108,id=62cc6baa-56d0-4b32-bcd5-4e291d75a464
2024-06-08 12:41:14,590 [62cc6baa-56d0-4b32-bcd5-4e291d75a464-impl-thread3] INFO  impl.RoleInfo (RoleInfo.java:shutdownLeaderState(94)) - 62cc6baa-56d0-4b32-bcd5-4e291d75a464: shutdown 62cc6baa-56d0-4b32-bcd5-4e291d75a464@group-A5BAD0168108-LeaderStateImpl
2024-06-08 12:41:14,590 [62cc6baa-56d0-4b32-bcd5-4e291d75a464-impl-thread2] INFO  util.JmxRegister (JmxRegister.java:unregister(73)) - Successfully un-registered JMX Bean with object name Ratis:service=RaftServer,group=group-33F6AC0EAB09,id=62cc6baa-56d0-4b32-bcd5-4e291d75a464
2024-06-08 12:41:14,590 [62cc6baa-56d0-4b32-bcd5-4e291d75a464-impl-thread2] INFO  impl.RoleInfo (RoleInfo.java:shutdownFollowerState(110)) - 62cc6baa-56d0-4b32-bcd5-4e291d75a464: shutdown 62cc6baa-56d0-4b32-bcd5-4e291d75a464@group-33F6AC0EAB09-FollowerState
2024-06-08 12:41:14,590 [main] INFO  server.GrpcService (GrpcService.java:closeImpl(311)) - 62cc6baa-56d0-4b32-bcd5-4e291d75a464: shutdown server org.apache.ratis.grpc.server.GrpcClientProtocolService now
2024-06-08 12:41:14,590 [62cc6baa-56d0-4b32-bcd5-4e291d75a464@group-33F6AC0EAB09-StateMachineUpdater] INFO  ratis.ContainerStateMachine (ContainerStateMachine.java:takeSnapshot(355)) - group-33F6AC0EAB09: Taking a snapshot at:(t:1, i:0) file /home/runner/work/ozone/ozone/hadoop-ozone/integration-test/target/test-dir/MiniOzoneClusterImpl-eb3449cc-c24b-44af-9d9e-25cc0a4be729/ozone-meta/datanode-6/ratis/776b9411-b905-4802-8658-33f6ac0eab09/sm/snapshot.1_0
2024-06-08 12:41:14,590 [62cc6baa-56d0-4b32-bcd5-4e291d75a464@group-33F6AC0EAB09-FollowerState] INFO  impl.FollowerState (FollowerState.java:run(152)) - 62cc6baa-56d0-4b32-bcd5-4e291d75a464@group-33F6AC0EAB09-FollowerState was interrupted
2024-06-08 12:41:14,590 [62cc6baa-56d0-4b32-bcd5-4e291d75a464-impl-thread2] INFO  impl.StateMachineUpdater (StateMachineUpdater.java:stopAndJoin(157)) - 62cc6baa-56d0-4b32-bcd5-4e291d75a464@group-33F6AC0EAB09-StateMachineUpdater: set stopIndex = 0
2024-06-08 12:41:14,590 [62cc6baa-56d0-4b32-bcd5-4e291d75a464-impl-thread3] INFO  impl.PendingRequests (PendingRequests.java:sendNotLeaderResponses(289)) - 62cc6baa-56d0-4b32-bcd5-4e291d75a464@group-A5BAD0168108-PendingRequests: sendNotLeaderResponses
2024-06-08 12:41:14,590 [62cc6baa-56d0-4b32-bcd5-4e291d75a464-impl-thread4] INFO  server.RaftServer$Division (RaftServerImpl.java:lambda$close$3(526)) - 62cc6baa-56d0-4b32-bcd5-4e291d75a464@group-1A3AA7B4371B: shutdown
2024-06-08 12:41:14,591 [main] INFO  server.GrpcService (GrpcService.java:closeImpl(320)) - 62cc6baa-56d0-4b32-bcd5-4e291d75a464: shutdown server org.apache.ratis.grpc.server.GrpcClientProtocolService successfully
2024-06-08 12:41:14,591 [main] INFO  server.GrpcService (GrpcService.java:closeImpl(311)) - 62cc6baa-56d0-4b32-bcd5-4e291d75a464: shutdown server GrpcServerProtocolService now
2024-06-08 12:41:14,591 [62cc6baa-56d0-4b32-bcd5-4e291d75a464-impl-thread4] INFO  util.JmxRegister (JmxRegister.java:unregister(73)) - Successfully un-registered JMX Bean with object name Ratis:service=RaftServer,group=group-1A3AA7B4371B,id=62cc6baa-56d0-4b32-bcd5-4e291d75a464
2024-06-08 12:41:14,591 [62cc6baa-56d0-4b32-bcd5-4e291d75a464-impl-thread4] INFO  impl.RoleInfo (RoleInfo.java:shutdownFollowerState(110)) - 62cc6baa-56d0-4b32-bcd5-4e291d75a464: shutdown 62cc6baa-56d0-4b32-bcd5-4e291d75a464@group-1A3AA7B4371B-FollowerState
2024-06-08 12:41:14,591 [62cc6baa-56d0-4b32-bcd5-4e291d75a464-impl-thread4] INFO  impl.StateMachineUpdater (StateMachineUpdater.java:stopAndJoin(157)) - 62cc6baa-56d0-4b32-bcd5-4e291d75a464@group-1A3AA7B4371B-StateMachineUpdater: set stopIndex = 0
2024-06-08 12:41:14,591 [62cc6baa-56d0-4b32-bcd5-4e291d75a464@group-1A3AA7B4371B-StateMachineUpdater] INFO  ratis.ContainerStateMachine (ContainerStateMachine.java:takeSnapshot(355)) - group-1A3AA7B4371B: Taking a snapshot at:(t:2, i:0) file /home/runner/work/ozone/ozone/hadoop-ozone/integration-test/target/test-dir/MiniOzoneClusterImpl-eb3449cc-c24b-44af-9d9e-25cc0a4be729/ozone-meta/datanode-6/ratis/a6709be0-c16d-45f7-8930-1a3aa7b4371b/sm/snapshot.2_0
2024-06-08 12:41:14,591 [62cc6baa-56d0-4b32-bcd5-4e291d75a464@group-1A3AA7B4371B-FollowerState] INFO  impl.FollowerState (FollowerState.java:run(152)) - 62cc6baa-56d0-4b32-bcd5-4e291d75a464@group-1A3AA7B4371B-FollowerState was interrupted
2024-06-08 12:41:14,591 [62cc6baa-56d0-4b32-bcd5-4e291d75a464@group-33F6AC0EAB09-StateMachineUpdater] INFO  ratis.ContainerStateMachine (ContainerStateMachine.java:takeSnapshot(366)) - group-33F6AC0EAB09: Finished taking a snapshot at:(t:1, i:0) file:/home/runner/work/ozone/ozone/hadoop-ozone/integration-test/target/test-dir/MiniOzoneClusterImpl-eb3449cc-c24b-44af-9d9e-25cc0a4be729/ozone-meta/datanode-6/ratis/776b9411-b905-4802-8658-33f6ac0eab09/sm/snapshot.1_0 took: 1 ms
2024-06-08 12:41:14,592 [62cc6baa-56d0-4b32-bcd5-4e291d75a464@group-33F6AC0EAB09-StateMachineUpdater] INFO  impl.StateMachineUpdater (StateMachineUpdater.java:takeSnapshot(295)) - 62cc6baa-56d0-4b32-bcd5-4e291d75a464@group-33F6AC0EAB09-StateMachineUpdater: Took a snapshot at index 0
2024-06-08 12:41:14,592 [main] INFO  server.GrpcService (GrpcService.java:closeImpl(320)) - 62cc6baa-56d0-4b32-bcd5-4e291d75a464: shutdown server GrpcServerProtocolService successfully
2024-06-08 12:41:14,592 [main] INFO  server.GrpcService (GrpcService.java:closeImpl(311)) - 62cc6baa-56d0-4b32-bcd5-4e291d75a464: shutdown server org.apache.ratis.grpc.server.GrpcAdminProtocolService now
2024-06-08 12:41:14,592 [62cc6baa-56d0-4b32-bcd5-4e291d75a464@group-33F6AC0EAB09-StateMachineUpdater] INFO  impl.StateMachineUpdater (StateMachineUpdater.java:lambda$new$0(98)) - 62cc6baa-56d0-4b32-bcd5-4e291d75a464@group-33F6AC0EAB09-StateMachineUpdater: snapshotIndex: updateIncreasingly -1 -> 0
2024-06-08 12:41:14,593 [main] INFO  server.GrpcService (GrpcService.java:closeImpl(320)) - 62cc6baa-56d0-4b32-bcd5-4e291d75a464: shutdown server org.apache.ratis.grpc.server.GrpcAdminProtocolService successfully
2024-06-08 12:41:14,596 [62cc6baa-56d0-4b32-bcd5-4e291d75a464-NettyServerStreamRpc-bossGroup--thread1] INFO  logging.LoggingHandler (AbstractInternalLogger.java:log(148)) - [id: 0x97f35c2b, L:/0.0.0.0:15068] CLOSE
2024-06-08 12:41:14,596 [62cc6baa-56d0-4b32-bcd5-4e291d75a464-NettyServerStreamRpc-bossGroup--thread1] INFO  logging.LoggingHandler (AbstractInternalLogger.java:log(148)) - [id: 0x97f35c2b, L:/0.0.0.0:15068] INACTIVE
2024-06-08 12:41:14,596 [62cc6baa-56d0-4b32-bcd5-4e291d75a464-NettyServerStreamRpc-bossGroup--thread1] INFO  logging.LoggingHandler (AbstractInternalLogger.java:log(148)) - [id: 0x97f35c2b, L:/0.0.0.0:15068] UNREGISTERED
2024-06-08 12:41:14,597 [62cc6baa-56d0-4b32-bcd5-4e291d75a464-impl-thread2] INFO  server.RaftServer$Division (ServerState.java:close(427)) - 62cc6baa-56d0-4b32-bcd5-4e291d75a464@group-33F6AC0EAB09: applyIndex: 0
2024-06-08 12:41:14,597 [62cc6baa-56d0-4b32-bcd5-4e291d75a464@group-33F6AC0EAB09-cacheEviction-AwaitToRun] INFO  util.AwaitToRun (AwaitToRun.java:run(49)) - 62cc6baa-56d0-4b32-bcd5-4e291d75a464@group-33F6AC0EAB09-cacheEviction-AwaitToRun-AwaitForSignal is interrupted
2024-06-08 12:41:14,592 [62cc6baa-56d0-4b32-bcd5-4e291d75a464@group-A5BAD0168108-StateMachineUpdater] INFO  ratis.ContainerStateMachine (ContainerStateMachine.java:takeSnapshot(355)) - group-A5BAD0168108: Taking a snapshot at:(t:1, i:0) file /home/runner/work/ozone/ozone/hadoop-ozone/integration-test/target/test-dir/MiniOzoneClusterImpl-eb3449cc-c24b-44af-9d9e-25cc0a4be729/ozone-meta/datanode-6/ratis/7b584b4b-5712-4fcd-8781-a5bad0168108/sm/snapshot.1_0
2024-06-08 12:41:14,598 [62cc6baa-56d0-4b32-bcd5-4e291d75a464@group-A5BAD0168108-StateMachineUpdater] INFO  ratis.ContainerStateMachine (ContainerStateMachine.java:takeSnapshot(366)) - group-A5BAD0168108: Finished taking a snapshot at:(t:1, i:0) file:/home/runner/work/ozone/ozone/hadoop-ozone/integration-test/target/test-dir/MiniOzoneClusterImpl-eb3449cc-c24b-44af-9d9e-25cc0a4be729/ozone-meta/datanode-6/ratis/7b584b4b-5712-4fcd-8781-a5bad0168108/sm/snapshot.1_0 took: 5 ms
2024-06-08 12:41:14,598 [62cc6baa-56d0-4b32-bcd5-4e291d75a464@group-A5BAD0168108-StateMachineUpdater] INFO  impl.StateMachineUpdater (StateMachineUpdater.java:takeSnapshot(295)) - 62cc6baa-56d0-4b32-bcd5-4e291d75a464@group-A5BAD0168108-StateMachineUpdater: Took a snapshot at index 0
2024-06-08 12:41:14,598 [62cc6baa-56d0-4b32-bcd5-4e291d75a464@group-A5BAD0168108-StateMachineUpdater] INFO  impl.StateMachineUpdater (StateMachineUpdater.java:lambda$new$0(98)) - 62cc6baa-56d0-4b32-bcd5-4e291d75a464@group-A5BAD0168108-StateMachineUpdater: snapshotIndex: updateIncreasingly -1 -> 0
2024-06-08 12:41:14,592 [62cc6baa-56d0-4b32-bcd5-4e291d75a464-impl-thread3] INFO  impl.StateMachineUpdater (StateMachineUpdater.java:stopAndJoin(157)) - 62cc6baa-56d0-4b32-bcd5-4e291d75a464@group-A5BAD0168108-StateMachineUpdater: set stopIndex = 0
2024-06-08 12:41:14,592 [62cc6baa-56d0-4b32-bcd5-4e291d75a464@group-1A3AA7B4371B-StateMachineUpdater] INFO  ratis.ContainerStateMachine (ContainerStateMachine.java:takeSnapshot(366)) - group-1A3AA7B4371B: Finished taking a snapshot at:(t:2, i:0) file:/home/runner/work/ozone/ozone/hadoop-ozone/integration-test/target/test-dir/MiniOzoneClusterImpl-eb3449cc-c24b-44af-9d9e-25cc0a4be729/ozone-meta/datanode-6/ratis/a6709be0-c16d-45f7-8930-1a3aa7b4371b/sm/snapshot.2_0 took: 1 ms
2024-06-08 12:41:14,599 [62cc6baa-56d0-4b32-bcd5-4e291d75a464-impl-thread3] INFO  server.RaftServer$Division (ServerState.java:close(427)) - 62cc6baa-56d0-4b32-bcd5-4e291d75a464@group-A5BAD0168108: applyIndex: 0
2024-06-08 12:41:14,600 [62cc6baa-56d0-4b32-bcd5-4e291d75a464@group-1A3AA7B4371B-StateMachineUpdater] INFO  impl.StateMachineUpdater (StateMachineUpdater.java:takeSnapshot(295)) - 62cc6baa-56d0-4b32-bcd5-4e291d75a464@group-1A3AA7B4371B-StateMachineUpdater: Took a snapshot at index 0
2024-06-08 12:41:14,600 [62cc6baa-56d0-4b32-bcd5-4e291d75a464@group-A5BAD0168108-cacheEviction-AwaitToRun] INFO  util.AwaitToRun (AwaitToRun.java:run(49)) - 62cc6baa-56d0-4b32-bcd5-4e291d75a464@group-A5BAD0168108-cacheEviction-AwaitToRun-AwaitForSignal is interrupted
2024-06-08 12:41:14,600 [62cc6baa-56d0-4b32-bcd5-4e291d75a464@group-1A3AA7B4371B-StateMachineUpdater] INFO  impl.StateMachineUpdater (StateMachineUpdater.java:lambda$new$0(98)) - 62cc6baa-56d0-4b32-bcd5-4e291d75a464@group-1A3AA7B4371B-StateMachineUpdater: snapshotIndex: updateIncreasingly -1 -> 0
2024-06-08 12:41:14,601 [62cc6baa-56d0-4b32-bcd5-4e291d75a464-impl-thread4] INFO  server.RaftServer$Division (ServerState.java:close(427)) - 62cc6baa-56d0-4b32-bcd5-4e291d75a464@group-1A3AA7B4371B: applyIndex: 0
2024-06-08 12:41:14,601 [62cc6baa-56d0-4b32-bcd5-4e291d75a464@group-1A3AA7B4371B-cacheEviction-AwaitToRun] INFO  util.AwaitToRun (AwaitToRun.java:run(49)) - 62cc6baa-56d0-4b32-bcd5-4e291d75a464@group-1A3AA7B4371B-cacheEviction-AwaitToRun-AwaitForSignal is interrupted
2024-06-08 12:41:14,715 [62cc6baa-56d0-4b32-bcd5-4e291d75a464-impl-thread3] INFO  segmented.SegmentedRaftLogWorker (SegmentedRaftLogWorker.java:close(245)) - 62cc6baa-56d0-4b32-bcd5-4e291d75a464@group-A5BAD0168108-SegmentedRaftLogWorker close()
2024-06-08 12:41:14,728 [62cc6baa-56d0-4b32-bcd5-4e291d75a464-impl-thread4] INFO  segmented.SegmentedRaftLogWorker (SegmentedRaftLogWorker.java:close(245)) - 62cc6baa-56d0-4b32-bcd5-4e291d75a464@group-1A3AA7B4371B-SegmentedRaftLogWorker close()
2024-06-08 12:41:15,593 [62cc6baa-56d0-4b32-bcd5-4e291d75a464-impl-thread2] INFO  segmented.SegmentedRaftLogWorker (SegmentedRaftLogWorker.java:close(245)) - 62cc6baa-56d0-4b32-bcd5-4e291d75a464@group-33F6AC0EAB09-SegmentedRaftLogWorker close()
2024-06-08 12:41:15,593 [JvmPauseMonitor9] INFO  util.JvmPauseMonitor (JvmPauseMonitor.java:run(152)) - JvmPauseMonitor-62cc6baa-56d0-4b32-bcd5-4e291d75a464: Stopped
2024-06-08 12:41:17,596 [main] INFO  utils.DatanodeStoreCache (DatanodeStoreCache.java:shutdownCache(116)) - Skip clearing cache in mini cluster mode. Entries left: [/home/runner/work/ozone/ozone/hadoop-ozone/integration-test/target/test-dir/MiniOzoneClusterImpl-eb3449cc-c24b-44af-9d9e-25cc0a4be729/ozone-meta/datanode-6/data-0/hdds/eb3449cc-c24b-44af-9d9e-25cc0a4be729/DS-2aa787f3-51c7-49c8-99a6-7ca284c1d893/container.db]
2024-06-08 12:41:17,596 [main] INFO  utils.DatanodeStoreCache (DatanodeStoreCache.java:removeDB(110)) - Removed db /home/runner/work/ozone/ozone/hadoop-ozone/integration-test/target/test-dir/MiniOzoneClusterImpl-eb3449cc-c24b-44af-9d9e-25cc0a4be729/ozone-meta/datanode-6/data-0/hdds/eb3449cc-c24b-44af-9d9e-25cc0a4be729/DS-2aa787f3-51c7-49c8-99a6-7ca284c1d893/container.db from cache
2024-06-08 12:41:17,597 [main] INFO  volume.HddsVolume (HddsVolume.java:closeDbStore(470)) - SchemaV3 db is stopped at /home/runner/work/ozone/ozone/hadoop-ozone/integration-test/target/test-dir/MiniOzoneClusterImpl-eb3449cc-c24b-44af-9d9e-25cc0a4be729/ozone-meta/datanode-6/data-0/hdds/eb3449cc-c24b-44af-9d9e-25cc0a4be729/DS-2aa787f3-51c7-49c8-99a6-7ca284c1d893/container.db for volume DS-2aa787f3-51c7-49c8-99a6-7ca284c1d893
2024-06-08 12:41:17,597 [main] INFO  utils.BackgroundService (BackgroundService.java:shutdown(160)) - Shutting down service BlockDeletingService
2024-06-08 12:41:17,597 [main] INFO  utils.BackgroundService (BackgroundService.java:shutdown(160)) - Shutting down service StaleRecoveringContainerScrubbingService
2024-06-08 12:41:17,598 [main] INFO  statemachine.DatanodeStateMachine (DatanodeStateMachine.java:stopDaemon(638)) - Ozone container server stopped.
2024-06-08 12:41:17,598 [main] INFO  handler.ContextHandler (ContextHandler.java:doStop(1159)) - Stopped o.e.j.w.WebAppContext@11e3f613{hddsDatanode,/,null,STOPPED}{file:/home/runner/work/ozone/ozone/hadoop-hdds/container-service/target/classes/webapps/hddsDatanode}
2024-06-08 12:41:17,599 [main] INFO  server.AbstractConnector (AbstractConnector.java:doStop(383)) - Stopped ServerConnector@6bcb7dfa{HTTP/1.1, (http/1.1)}{0.0.0.0:15062}
2024-06-08 12:41:17,599 [main] INFO  server.session (HouseKeeper.java:stopScavenging(149)) - node0 Stopped scavenging
2024-06-08 12:41:17,599 [main] INFO  handler.ContextHandler (ContextHandler.java:doStop(1159)) - Stopped o.e.j.s.ServletContextHandler@451d3096{static,/static,file:///home/runner/work/ozone/ozone/hadoop-hdds/container-service/target/classes/webapps/static,STOPPED}
2024-06-08 12:41:17,599 [main] INFO  handler.ContextHandler (ContextHandler.java:doStop(1159)) - Stopped o.e.j.s.ServletContextHandler@26e7d6e2{logs,/logs,file:///home/runner/work/ozone/ozone/hadoop-ozone/integration-test/target/log,STOPPED}
2024-06-08 12:41:17,600 [main] INFO  ozone.HddsDatanodeClientProtocolServer (HddsDatanodeClientProtocolServer.java:stop(83)) - Stopping the RPC server for Client Protocol
2024-06-08 12:41:17,600 [main] INFO  ipc.Server (Server.java:stop(3523)) - Stopping server on 15063
2024-06-08 12:41:17,600 [IPC Server listener on 15063] INFO  ipc.Server (Server.java:run(1434)) - Stopping IPC Server listener on 15063
2024-06-08 12:41:17,600 [IPC Server Responder] INFO  ipc.Server (Server.java:run(1567)) - Stopping IPC Server Responder
2024-06-08 12:41:17,601 [main] INFO  ozone.MiniOzoneClusterImpl (MiniOzoneClusterImpl.java:restartStorageContainerManager(311)) - Restarting SCM in cluster class org.apache.hadoop.ozone.MiniOzoneClusterImpl
2024-06-08 12:41:17,601 [main] INFO  server.StorageContainerManager (StorageContainerManager.java:stop(1653)) - Container Balancer is not running.
2024-06-08 12:41:17,601 [main] INFO  server.StorageContainerManager (StorageContainerManager.java:stopReplicationManager(1786)) - Stopping Replication Manager Service.
2024-06-08 12:41:17,601 [main] INFO  replication.ReplicationManager (ReplicationManager.java:stop(329)) - Stopping Replication Monitor Thread.
2024-06-08 12:41:17,601 [main] INFO  server.StorageContainerManager (StorageContainerManager.java:stop(1662)) - Stopping the Datanode Admin Monitor.
2024-06-08 12:41:17,601 [OverReplicatedProcessor] WARN  replication.UnhealthyReplicationProcessor (UnhealthyReplicationProcessor.java:run(180)) - OverReplicatedProcessor interrupted. Exiting...
2024-06-08 12:41:17,601 [ReplicationMonitor] INFO  replication.ReplicationManager (ReplicationManager.java:run(938)) - Replication Monitor Thread is stopped
2024-06-08 12:41:17,601 [UnderReplicatedProcessor] WARN  replication.UnhealthyReplicationProcessor (UnhealthyReplicationProcessor.java:run(180)) - UnderReplicatedProcessor interrupted. Exiting...
2024-06-08 12:41:17,601 [main] INFO  server.StorageContainerManager (StorageContainerManager.java:stop(1669)) - Stopping datanode service RPC server
2024-06-08 12:41:17,602 [main] INFO  server.SCMDatanodeProtocolServer (SCMDatanodeProtocolServer.java:stop(425)) - Stopping the RPC server for DataNodes
2024-06-08 12:41:17,602 [main] INFO  ipc.Server (Server.java:stop(3523)) - Stopping server on 15037
2024-06-08 12:41:17,605 [IPC Server listener on 15037] INFO  ipc.Server (Server.java:run(1434)) - Stopping IPC Server listener on 15037
2024-06-08 12:41:17,606 [IPC Server Responder] INFO  ipc.Server (Server.java:run(1567)) - Stopping IPC Server Responder
2024-06-08 12:41:17,663 [SCMHeartbeatProcessor-0] WARN  node.NodeStateManager (NodeStateManager.java:scheduleNextHealthCheck(883)) - Current Thread is interrupted, shutting down HB processing thread for Node Manager.
2024-06-08 12:41:17,663 [main] INFO  server.StorageContainerManager (StorageContainerManager.java:stop(1677)) - Stopping block service RPC server
2024-06-08 12:41:17,663 [main] INFO  server.SCMBlockProtocolServer (SCMBlockProtocolServer.java:stop(171)) - Stopping the RPC server for Block Protocol
2024-06-08 12:41:17,663 [main] INFO  ipc.Server (Server.java:stop(3523)) - Stopping server on 15036
2024-06-08 12:41:17,666 [IPC Server listener on 15036] INFO  ipc.Server (Server.java:run(1434)) - Stopping IPC Server listener on 15036
2024-06-08 12:41:17,666 [main] INFO  server.StorageContainerManager (StorageContainerManager.java:stop(1684)) - Stopping the StorageContainerLocationProtocol RPC server
2024-06-08 12:41:17,666 [IPC Server Responder] INFO  ipc.Server (Server.java:run(1567)) - Stopping IPC Server Responder
2024-06-08 12:41:17,666 [main] INFO  server.SCMClientProtocolServer (SCMClientProtocolServer.java:stop(213)) - Stopping the RPC server for Client Protocol
2024-06-08 12:41:17,667 [main] INFO  ipc.Server (Server.java:stop(3523)) - Stopping server on 15035
2024-06-08 12:41:17,670 [IPC Server listener on 15035] INFO  ipc.Server (Server.java:run(1434)) - Stopping IPC Server listener on 15035
2024-06-08 12:41:17,670 [IPC Server Responder] INFO  ipc.Server (Server.java:run(1567)) - Stopping IPC Server Responder
2024-06-08 12:41:17,671 [main] INFO  server.StorageContainerManager (StorageContainerManager.java:stop(1691)) - Stopping Storage Container Manager HTTP server.
2024-06-08 12:41:17,672 [main] INFO  handler.ContextHandler (ContextHandler.java:doStop(1159)) - Stopped o.e.j.w.WebAppContext@6058d7ef{scm,/,null,STOPPED}{file:/home/runner/work/ozone/ozone/hadoop-ozone/integration-test/target/test-classes/webapps/scm}
2024-06-08 12:41:17,673 [main] INFO  server.AbstractConnector (AbstractConnector.java:doStop(383)) - Stopped ServerConnector@9b0509c{HTTP/1.1, (http/1.1)}{0.0.0.0:15038}
2024-06-08 12:41:17,673 [main] INFO  server.session (HouseKeeper.java:stopScavenging(149)) - node0 Stopped scavenging
2024-06-08 12:41:17,675 [main] INFO  handler.ContextHandler (ContextHandler.java:doStop(1159)) - Stopped o.e.j.s.ServletContextHandler@112b06c0{static,/static,file:///home/runner/work/ozone/ozone/hadoop-ozone/integration-test/target/test-classes/webapps/static,STOPPED}
2024-06-08 12:41:17,675 [main] INFO  handler.ContextHandler (ContextHandler.java:doStop(1159)) - Stopped o.e.j.s.ServletContextHandler@2c99736d{logs,/logs,file:///home/runner/work/ozone/ozone/hadoop-ozone/integration-test/target/log,STOPPED}
2024-06-08 12:41:17,676 [main] INFO  server.StorageContainerManager (StorageContainerManager.java:stop(1699)) - Stopping SCM LayoutVersionManager Service.
2024-06-08 12:41:17,676 [main] INFO  server.StorageContainerManager (StorageContainerManager.java:stop(1711)) - Stopping Block Manager Service.
2024-06-08 12:41:17,676 [main] INFO  utils.BackgroundService (BackgroundService.java:shutdown(160)) - Shutting down service SCMBlockDeletingService
2024-06-08 12:41:17,676 [main] INFO  utils.BackgroundService (BackgroundService.java:shutdown(160)) - Shutting down service SCMBlockDeletingService
2024-06-08 12:41:17,676 [main] INFO  server.StorageContainerManager (StorageContainerManager.java:stop(1731)) - Stopping SCM Event Queue.
2024-06-08 12:41:17,677 [JvmPauseMonitor5] INFO  util.JvmPauseMonitor (JvmPauseMonitor.java:run(152)) - JvmPauseMonitor-c640d0f5-c90e-4e21-a5ac-73fe0f37e558: Stopped
2024-06-08 12:41:17,677 [main] INFO  server.StorageContainerManager (StorageContainerManager.java:stop(1742)) - Stopping SCM HA services.
2024-06-08 12:41:17,677 [main] INFO  pipeline.BackgroundPipelineCreator (BackgroundPipelineCreator.java:stop(152)) - Stopping RatisPipelineUtilsThread.
2024-06-08 12:41:17,678 [RatisPipelineUtilsThread-0] WARN  pipeline.BackgroundPipelineCreator (BackgroundPipelineCreator.java:run(183)) - RatisPipelineUtilsThread is interrupted.
2024-06-08 12:41:17,678 [main] INFO  BackgroundPipelineScrubber (BackgroundSCMService.java:stop(128)) - Stopping BackgroundPipelineScrubber Service.
2024-06-08 12:41:17,678 [BackgroundPipelineScrubber] WARN  BackgroundPipelineScrubber (BackgroundSCMService.java:run(112)) - BackgroundPipelineScrubber is interrupted, exit
2024-06-08 12:41:17,678 [main] INFO  impl.MetricsSystemImpl (MetricsSystemImpl.java:stop(205)) - StorageContainerManager metrics system stopped (again)
2024-06-08 12:41:17,678 [main] WARN  pipeline.BackgroundPipelineCreator (BackgroundPipelineCreator.java:stop(148)) - RatisPipelineUtilsThread is not running, just ignore.
2024-06-08 12:41:17,678 [main] INFO  BackgroundPipelineScrubber (BackgroundSCMService.java:stop(123)) - BackgroundPipelineScrubber Service is not running, skip stop.
2024-06-08 12:41:17,679 [main] INFO  ExpiredContainerReplicaOpScrubber (BackgroundSCMService.java:stop(128)) - Stopping ExpiredContainerReplicaOpScrubber Service.
2024-06-08 12:41:17,679 [main] INFO  utils.BackgroundService (BackgroundService.java:shutdown(160)) - Shutting down service SCMBlockDeletingService
2024-06-08 12:41:17,679 [main] INFO  replication.ReplicationManager (ReplicationManager.java:stop(339)) - Replication Monitor Thread is not running.
2024-06-08 12:41:17,679 [ExpiredContainerReplicaOpScrubber] WARN  ExpiredContainerReplicaOpScrubber (BackgroundSCMService.java:run(112)) - ExpiredContainerReplicaOpScrubber is interrupted, exit
2024-06-08 12:41:17,679 [main] WARN  balancer.ContainerBalancer (ContainerBalancer.java:stop(327)) - Cannot stop Container Balancer because it's not running or stopping
2024-06-08 12:41:17,679 [LeaseManager#LeaseMonitor] WARN  lease.LeaseManager (LeaseManager.java:run(286)) - Lease manager is interrupted. Shutting down...
java.lang.InterruptedException
	at java.base/java.util.concurrent.locks.AbstractQueuedSynchronizer.tryAcquireSharedNanos(AbstractQueuedSynchronizer.java:1081)
	at java.base/java.util.concurrent.Semaphore.tryAcquire(Semaphore.java:415)
	at org.apache.hadoop.ozone.lease.LeaseManager$LeaseMonitor.run(LeaseManager.java:284)
	at java.base/java.lang.Thread.run(Thread.java:840)
2024-06-08 12:41:17,679 [main] INFO  server.StorageContainerManager (StorageContainerManager.java:stop(1777)) - Stopping SCM MetadataStore.
2024-06-08 12:41:17,681 [main] WARN  server.ServerUtils (ServerUtils.java:getScmDbDir(143)) - ozone.scm.db.dirs is not configured. We recommend adding this setting. Falling back to ozone.metadata.dirs instead.
2024-06-08 12:41:17,682 [main] INFO  ha.SCMHANodeDetails (SCMHANodeDetails.java:loadSCMHAConfig(207)) - ServiceID for StorageContainerManager is null
2024-06-08 12:41:17,682 [main] INFO  ha.SCMHANodeDetails (SCMHANodeDetails.java:loadSCMHAConfig(212)) - ozone.scm.default.service.id is not defined, falling back to ozone.scm.service.ids to find serviceID for StorageContainerManager if it is HA enabled cluster
2024-06-08 12:41:17,683 [main] WARN  utils.HAUtils (HAUtils.java:getMetaDir(339)) - ozone.scm.db.dirs is not configured. We recommend adding this setting. Falling back to ozone.metadata.dirs instead.
2024-06-08 12:41:17,683 [main] WARN  db.DBStoreBuilder (DBStoreBuilder.java:applyDBDefinition(171)) - ozone.scm.db.dirs is not configured. We recommend adding this setting. Falling back to ozone.metadata.dirs instead.
2024-06-08 12:41:17,707 [main] INFO  net.NodeSchemaLoader (NodeSchemaLoader.java:loadSchemaFromFile(129)) - Loading schema from [file:/home/runner/work/ozone/ozone/hadoop-hdds/common/target/classes/network-topology-default.xml]
2024-06-08 12:41:17,707 [main] INFO  net.NodeSchemaLoader (NodeSchemaLoader.java:loadSchema(176)) - Loading network topology layer schema file
2024-06-08 12:41:17,709 [main] INFO  upgrade.AbstractLayoutVersionManager (AbstractLayoutVersionManager.java:init(83)) - Initializing Layout version manager with metadata layout = HADOOP_PRC_PORTS_IN_DATANODEDETAILS (version = 7), software layout = HADOOP_PRC_PORTS_IN_DATANODEDETAILS (version = 7)
2024-06-08 12:41:17,711 [main] INFO  ha.SequenceIdGenerator (SequenceIdGenerator.java:<init>(241)) - Init the HA SequenceIdGenerator.
2024-06-08 12:41:17,711 [main] WARN  server.ServerUtils (ServerUtils.java:sanitizeUserArgs(79)) - ozone.scm.stale.node.interval value = 300000 is larger than max = 100000 based on the key value of ozone.scm.heartbeat.thread.interval, reset to the max value 100000.
2024-06-08 12:41:17,711 [main] WARN  server.ServerUtils (ServerUtils.java:sanitizeUserArgs(79)) - ozone.scm.stale.node.interval value = 300000 is larger than max = 100000 based on the key value of ozone.scm.heartbeat.thread.interval, reset to the max value 100000.
2024-06-08 12:41:17,712 [main] INFO  node.SCMNodeManager (SCMNodeManager.java:<init>(177)) - Entering startup safe mode.
2024-06-08 12:41:17,712 [main] INFO  algorithms.ContainerPlacementPolicyFactory (ContainerPlacementPolicyFactory.java:getPolicyInternal(86)) - Create container placement policy of type org.apache.hadoop.hdds.scm.container.placement.algorithms.SCMContainerPlacementRackAware
2024-06-08 12:41:17,712 [main] INFO  algorithms.ContainerPlacementPolicyFactory (ContainerPlacementPolicyFactory.java:getPolicyInternal(86)) - Create container placement policy of type org.apache.hadoop.hdds.scm.container.placement.algorithms.SCMContainerPlacementRackScatter
2024-06-08 12:41:17,714 [main] INFO  algorithms.LeaderChoosePolicyFactory (LeaderChoosePolicyFactory.java:getPolicy(57)) - Create leader choose policy of type org.apache.hadoop.hdds.scm.pipeline.leader.choose.algorithms.MinLeaderCountChoosePolicy
2024-06-08 12:41:17,714 [main] INFO  algorithms.ContainerPlacementPolicyFactory (ContainerPlacementPolicyFactory.java:getPolicyInternal(86)) - Create container placement policy of type org.apache.hadoop.hdds.scm.container.placement.algorithms.SCMContainerPlacementRackScatter
2024-06-08 12:41:17,714 [main] INFO  ha.SCMServiceManager (SCMServiceManager.java:register(42)) - Registering service BackgroundPipelineCreator.
2024-06-08 12:41:17,714 [main] INFO  pipeline.BackgroundPipelineCreator (BackgroundPipelineCreator.java:start(127)) - Starting RatisPipelineUtilsThread.
2024-06-08 12:41:17,714 [main] INFO  BackgroundPipelineScrubber (BackgroundSCMService.java:start(65)) - Starting BackgroundPipelineScrubber Service.
2024-06-08 12:41:17,715 [main] INFO  ha.SCMServiceManager (SCMServiceManager.java:register(42)) - Registering service BackgroundPipelineScrubber.
2024-06-08 12:41:17,715 [main] INFO  ExpiredContainerReplicaOpScrubber (BackgroundSCMService.java:start(65)) - Starting ExpiredContainerReplicaOpScrubber Service.
2024-06-08 12:41:17,715 [main] INFO  ha.SCMServiceManager (SCMServiceManager.java:register(42)) - Registering service ExpiredContainerReplicaOpScrubber.
2024-06-08 12:41:17,716 [main] INFO  algorithms.PipelineChoosePolicyFactory (PipelineChoosePolicyFactory.java:createPipelineChoosePolicyFromClass(80)) - Create pipeline choose policy of type org.apache.hadoop.hdds.scm.pipeline.choose.algorithms.RandomPipelineChoosePolicy
2024-06-08 12:41:17,716 [main] INFO  algorithms.PipelineChoosePolicyFactory (PipelineChoosePolicyFactory.java:createPipelineChoosePolicyFromClass(80)) - Create pipeline choose policy of type org.apache.hadoop.hdds.scm.pipeline.choose.algorithms.RandomPipelineChoosePolicy
2024-06-08 12:41:17,716 [main] INFO  ha.SCMServiceManager (SCMServiceManager.java:register(42)) - Registering service SCMBlockDeletingService.
2024-06-08 12:41:17,717 [main] INFO  replication.ReplicationManager (ReplicationManager.java:start(296)) - Starting Replication Monitor Thread.
2024-06-08 12:41:17,718 [main] INFO  ha.SCMServiceManager (SCMServiceManager.java:register(42)) - Registering service ReplicationManager.
2024-06-08 12:41:17,718 [ReplicationMonitor] INFO  replication.ReplicationManager (ReplicationManager.java:processAll(373)) - Replication Manager is not ready to run until 3000ms after safemode exit
2024-06-08 12:41:17,718 [main] INFO  safemode.ContainerSafeModeRule (ContainerSafeModeRule.java:<init>(91)) - containers with one replica threshold count 0
2024-06-08 12:41:17,718 [main] INFO  safemode.HealthyPipelineSafeModeRule (HealthyPipelineSafeModeRule.java:initializeRule(176)) - Total pipeline count is 0, healthy pipeline threshold count is 1
2024-06-08 12:41:17,719 [main] INFO  safemode.OneReplicaPipelineSafeModeRule (OneReplicaPipelineSafeModeRule.java:initializeRule(193)) - Total pipeline count is 0, pipeline's with at least one datanode reported threshold count is 0
2024-06-08 12:41:17,719 [main] INFO  server.StorageContainerManager (StorageContainerManager.java:<init>(440)) - SCM start with adminUsers: [runner]
2024-06-08 12:41:17,719 [main] INFO  ipc.CallQueueManager (CallQueueManager.java:<init>(90)) - Using callQueue: class java.util.concurrent.LinkedBlockingQueue, queueCapacity: 10000, scheduler: class org.apache.hadoop.ipc.DefaultRpcScheduler, ipcBackoff: false.
2024-06-08 12:41:17,719 [main] INFO  ipc.Server (Server.java:<init>(1287)) - Listener at 0.0.0.0:15037
2024-06-08 12:41:17,720 [Socket Reader #1 for port 15037] INFO  ipc.Server (Server.java:run(1323)) - Starting Socket Reader #1 for port 15037
2024-06-08 12:41:17,720 [main] INFO  ipc.CallQueueManager (CallQueueManager.java:<init>(90)) - Using callQueue: class java.util.concurrent.LinkedBlockingQueue, queueCapacity: 10000, scheduler: class org.apache.hadoop.ipc.DefaultRpcScheduler, ipcBackoff: false.
2024-06-08 12:41:17,720 [main] INFO  ipc.Server (Server.java:<init>(1287)) - Listener at 0.0.0.0:15036
2024-06-08 12:41:17,725 [Socket Reader #1 for port 15036] INFO  ipc.Server (Server.java:run(1323)) - Starting Socket Reader #1 for port 15036
2024-06-08 12:41:17,726 [main] INFO  ipc.CallQueueManager (CallQueueManager.java:<init>(90)) - Using callQueue: class java.util.concurrent.LinkedBlockingQueue, queueCapacity: 10000, scheduler: class org.apache.hadoop.ipc.DefaultRpcScheduler, ipcBackoff: false.
2024-06-08 12:41:17,726 [main] INFO  ipc.Server (Server.java:<init>(1287)) - Listener at 0.0.0.0:15035
2024-06-08 12:41:17,726 [Socket Reader #1 for port 15035] INFO  ipc.Server (Server.java:run(1323)) - Starting Socket Reader #1 for port 15035
2024-06-08 12:41:17,730 [main] INFO  ha.SCMServiceManager (SCMServiceManager.java:register(42)) - Registering service ContainerBalancer.
2024-06-08 12:41:17,731 [main] INFO  ha.SCMContext (SCMContext.java:updateSafeModeStatus(225)) - Update SafeModeStatus from SafeModeStatus{safeModeStatus=true, preCheckPassed=false} to SafeModeStatus{safeModeStatus=true, preCheckPassed=false}.
2024-06-08 12:41:17,731 [main] INFO  server.StorageContainerManager (StorageContainerManager.java:start(1545)) - StorageContainerLocationProtocol RPC server is listening at /0.0.0.0:15035
2024-06-08 12:41:17,732 [main] WARN  impl.MetricsConfig (MetricsConfig.java:loadFirst(136)) - Cannot locate configuration: tried hadoop-metrics2-storagecontainermanager.properties,hadoop-metrics2.properties
2024-06-08 12:41:17,733 [main] INFO  impl.MetricsSystemImpl (MetricsSystemImpl.java:startTimer(378)) - Scheduled Metric snapshot period at 10 second(s).
2024-06-08 12:41:17,733 [main] INFO  impl.MetricsSystemImpl (MetricsSystemImpl.java:start(191)) - StorageContainerManager metrics system started
2024-06-08 12:41:17,736 [main] INFO  impl.MetricsSinkAdapter (MetricsSinkAdapter.java:start(204)) - Sink prometheus started
2024-06-08 12:41:17,736 [main] INFO  impl.MetricsSystemImpl (MetricsSystemImpl.java:registerSink(305)) - Registered sink prometheus
2024-06-08 12:41:17,754 [main] INFO  server.SCMClientProtocolServer (SCMClientProtocolServer.java:start(204)) - RPC server for Client  is listening at /0.0.0.0:15035
2024-06-08 12:41:17,754 [IPC Server Responder] INFO  ipc.Server (Server.java:run(1562)) - IPC Server Responder: starting
2024-06-08 12:41:17,754 [IPC Server listener on 15035] INFO  ipc.Server (Server.java:run(1402)) - IPC Server listener on 15035: starting
2024-06-08 12:41:17,762 [main] INFO  server.StorageContainerManager (StorageContainerManager.java:start(1558)) - ScmBlockLocationProtocol RPC server is listening at /0.0.0.0:15036
2024-06-08 12:41:17,762 [main] INFO  server.SCMBlockProtocolServer (SCMBlockProtocolServer.java:start(162)) - RPC server for Block Protocol is listening at /0.0.0.0:15036
2024-06-08 12:41:17,762 [IPC Server Responder] INFO  ipc.Server (Server.java:run(1562)) - IPC Server Responder: starting
2024-06-08 12:41:17,762 [IPC Server listener on 15036] INFO  ipc.Server (Server.java:run(1402)) - IPC Server listener on 15036: starting
2024-06-08 12:41:17,770 [main] INFO  server.SCMDatanodeProtocolServer (SCMDatanodeProtocolServer.java:start(194)) - ScmDatanodeProtocol RPC server for DataNodes is listening at /0.0.0.0:15037
2024-06-08 12:41:17,771 [IPC Server Responder] INFO  ipc.Server (Server.java:run(1562)) - IPC Server Responder: starting
2024-06-08 12:41:17,771 [IPC Server listener on 15037] INFO  ipc.Server (Server.java:run(1402)) - IPC Server listener on 15037: starting
2024-06-08 12:41:17,778 [JvmPauseMonitor11] INFO  util.JvmPauseMonitor (JvmPauseMonitor.java:run(146)) - JvmPauseMonitor-c640d0f5-c90e-4e21-a5ac-73fe0f37e558: Started
2024-06-08 12:41:17,778 [main] INFO  http.BaseHttpServer (BaseHttpServer.java:newHttpServer2BuilderForOzone(223)) - Starting Web-server for scm at: http://0.0.0.0:15038
2024-06-08 12:41:17,778 [main] INFO  http.BaseHttpServer (BaseHttpServer.java:<init>(110)) - Hadoop Security Enabled: false Ozone Security Enabled: false Ozone HTTP Security Enabled: false 
2024-06-08 12:41:17,780 [main] WARN  server.AuthenticationFilter (AuthenticationFilter.java:constructSecretProvider(240)) - Unable to initialize FileSignerSecretProvider, falling back to use random secrets. Reason: Could not read signature secret file: /home/runner/hadoop-http-auth-signature-secret
2024-06-08 12:41:17,780 [main] INFO  http.HttpRequestLog (HttpRequestLog.java:getRequestLog(86)) - Http request log for http.requests.scm is not defined
2024-06-08 12:41:17,781 [main] INFO  http.HttpServer2 (HttpServer2.java:addGlobalFilter(1036)) - Added global filter 'safety' (class=org.apache.hadoop.hdds.server.http.HttpServer2$QuotingInputFilter)
2024-06-08 12:41:17,781 [main] INFO  http.HttpServer2 (HttpServer2.java:addFilter(1012)) - Added filter static_user_filter (class=org.apache.hadoop.http.lib.StaticUserWebFilter$StaticUserFilter) to context scm
2024-06-08 12:41:17,781 [main] INFO  http.HttpServer2 (HttpServer2.java:addFilter(1020)) - Added filter static_user_filter (class=org.apache.hadoop.http.lib.StaticUserWebFilter$StaticUserFilter) to context static
2024-06-08 12:41:17,782 [main] INFO  http.HttpServer2 (HttpServer2.java:addFilter(1020)) - Added filter static_user_filter (class=org.apache.hadoop.http.lib.StaticUserWebFilter$StaticUserFilter) to context logs
2024-06-08 12:41:17,782 [main] INFO  http.BaseHttpServer (BaseHttpServer.java:<init>(189)) - HTTP server of scm uses base directory /home/runner/work/ozone/ozone/hadoop-ozone/integration-test/target/test-dir/MiniOzoneClusterImpl-eb3449cc-c24b-44af-9d9e-25cc0a4be729/ozone-meta/webserver
2024-06-08 12:41:17,782 [main] INFO  http.HttpServer2 (HttpServer2.java:bindListener(1236)) - Jetty bound to port 15038
2024-06-08 12:41:17,782 [main] INFO  server.Server (Server.java:doStart(375)) - jetty-9.4.54.v20240208; built: 2024-02-08T19:42:39.027Z; git: cef3fbd6d736a21e7d541a5db490381d95a2047d; jvm 17.0.11+9
2024-06-08 12:41:17,783 [main] INFO  server.session (DefaultSessionIdManager.java:doStart(334)) - DefaultSessionIdManager workerName=node0
2024-06-08 12:41:17,783 [main] INFO  server.session (DefaultSessionIdManager.java:doStart(339)) - No SessionScavenger set, using defaults
2024-06-08 12:41:17,783 [main] INFO  server.session (HouseKeeper.java:startScavenging(132)) - node0 Scavenging every 600000ms
2024-06-08 12:41:17,784 [main] INFO  handler.ContextHandler (ContextHandler.java:doStart(921)) - Started o.e.j.s.ServletContextHandler@4d774249{logs,/logs,file:///home/runner/work/ozone/ozone/hadoop-ozone/integration-test/target/log,AVAILABLE}
2024-06-08 12:41:17,784 [main] INFO  handler.ContextHandler (ContextHandler.java:doStart(921)) - Started o.e.j.s.ServletContextHandler@53ac845a{static,/static,file:///home/runner/work/ozone/ozone/hadoop-ozone/integration-test/target/test-classes/webapps/static,AVAILABLE}
2024-06-08 12:41:17,787 [main] INFO  handler.ContextHandler (ContextHandler.java:doStart(921)) - Started o.e.j.w.WebAppContext@3b05a99b{scm,/,file:///home/runner/work/ozone/ozone/hadoop-ozone/integration-test/target/test-classes/webapps/scm/,AVAILABLE}{file:/home/runner/work/ozone/ozone/hadoop-ozone/integration-test/target/test-classes/webapps/scm}
2024-06-08 12:41:17,788 [main] INFO  server.AbstractConnector (AbstractConnector.java:doStart(333)) - Started ServerConnector@50194e8d{HTTP/1.1, (http/1.1)}{0.0.0.0:15038}
2024-06-08 12:41:17,788 [main] INFO  server.Server (Server.java:doStart(415)) - Started @159785ms
2024-06-08 12:41:17,788 [main] WARN  impl.MetricsSystemImpl (MetricsSystemImpl.java:register(279)) - Sink prometheus already exists!
2024-06-08 12:41:17,788 [main] INFO  http.BaseHttpServer (BaseHttpServer.java:updateConnectorAddress(354)) - HTTP server of scm listening at http://0.0.0.0:15038
2024-06-08 12:41:17,792 [IPC Server handler 3 on default port 15035] INFO  safemode.SCMSafeModeManager (SCMSafeModeManager.java:exitSafeMode(248)) - SCM exiting safe mode.
2024-06-08 12:41:17,792 [IPC Server handler 3 on default port 15035] INFO  ha.SCMContext (SCMContext.java:updateSafeModeStatus(225)) - Update SafeModeStatus from SafeModeStatus{safeModeStatus=true, preCheckPassed=false} to SafeModeStatus{safeModeStatus=false, preCheckPassed=true}.
2024-06-08 12:41:17,792 [IPC Server handler 3 on default port 15035] INFO  pipeline.BackgroundPipelineCreator (BackgroundPipelineCreator.java:notifyStatusChanged(258)) - Service BackgroundPipelineCreator transitions to RUNNING.
2024-06-08 12:41:17,792 [IPC Server handler 3 on default port 15035] INFO  BackgroundPipelineScrubber (BackgroundSCMService.java:notifyStatusChanged(79)) - Service BackgroundPipelineScrubber transitions to RUNNING.
2024-06-08 12:41:17,792 [IPC Server handler 3 on default port 15035] INFO  ExpiredContainerReplicaOpScrubber (BackgroundSCMService.java:notifyStatusChanged(79)) - Service ExpiredContainerReplicaOpScrubber transitions to RUNNING.
2024-06-08 12:41:17,792 [IPC Server handler 3 on default port 15035] INFO  block.SCMBlockDeletingService (SCMBlockDeletingService.java:notifyStatusChanged(247)) - notifyStatusChanged:RUNNING
2024-06-08 12:41:17,792 [IPC Server handler 3 on default port 15035] INFO  replication.ReplicationManager (ReplicationManager.java:notifyStatusChanged(1406)) - Service ReplicationManager transitions to RUNNING.
2024-06-08 12:41:17,793 [IPC Server handler 3 on default port 15035] WARN  balancer.ContainerBalancer (ContainerBalancer.java:shouldRun(134)) - Could not find persisted configuration for ContainerBalancer when checking if ContainerBalancer should run. ContainerBalancer should not run now.
2024-06-08 12:41:17,795 [main] ERROR pipeline.PipelinePlacementPolicy (PipelinePlacementPolicy.java:filterViableNodes(143)) - No healthy node found to allocate container.
2024-06-08 12:41:17,795 [main] WARN  pipeline.WritableRatisContainerProvider (WritableRatisContainerProvider.java:getContainer(106)) - Pipeline creation failed for repConfig RATIS/THREE Datanodes may be used up. Try to see if any pipeline is in ALLOCATED state, and then will wait for it to be OPEN
org.apache.hadoop.hdds.scm.exceptions.SCMException: No healthy node found to allocate container.
	at org.apache.hadoop.hdds.scm.pipeline.PipelinePlacementPolicy.filterViableNodes(PipelinePlacementPolicy.java:144)
	at org.apache.hadoop.hdds.scm.pipeline.PipelinePlacementPolicy.chooseDatanodesInternal(PipelinePlacementPolicy.java:256)
	at org.apache.hadoop.hdds.scm.SCMCommonPlacementPolicy.chooseDatanodes(SCMCommonPlacementPolicy.java:209)
	at org.apache.hadoop.hdds.scm.SCMCommonPlacementPolicy.chooseDatanodes(SCMCommonPlacementPolicy.java:140)
	at org.apache.hadoop.hdds.scm.pipeline.RatisPipelineProvider.create(RatisPipelineProvider.java:176)
	at org.apache.hadoop.hdds.scm.pipeline.RatisPipelineProvider.create(RatisPipelineProvider.java:56)
	at org.apache.hadoop.hdds.scm.pipeline.PipelineFactory.create(PipelineFactory.java:89)
	at org.apache.hadoop.hdds.scm.pipeline.PipelineManagerImpl.createPipeline(PipelineManagerImpl.java:255)
	at org.apache.hadoop.hdds.scm.pipeline.PipelineManagerImpl.createPipeline(PipelineManagerImpl.java:241)
	at org.apache.hadoop.hdds.scm.pipeline.WritableRatisContainerProvider.getContainer(WritableRatisContainerProvider.java:100)
	at org.apache.hadoop.hdds.scm.pipeline.WritableContainerFactory.getContainer(WritableContainerFactory.java:74)
	at org.apache.hadoop.fs.ozone.TestSafeMode.lambda$testSafeMode$0(TestSafeMode.java:123)
	at org.junit.jupiter.api.AssertThrows.assertThrows(AssertThrows.java:53)
	at org.junit.jupiter.api.AssertThrows.assertThrows(AssertThrows.java:35)
	at org.junit.jupiter.api.Assertions.assertThrows(Assertions.java:3115)
	at org.apache.hadoop.fs.ozone.TestSafeMode.testSafeMode(TestSafeMode.java:121)
	at org.apache.hadoop.fs.ozone.TestSafeMode.o3fs(TestSafeMode.java:97)
	at java.base/jdk.internal.reflect.NativeMethodAccessorImpl.invoke0(Native Method)
	at java.base/jdk.internal.reflect.NativeMethodAccessorImpl.invoke(NativeMethodAccessorImpl.java:77)
	at java.base/jdk.internal.reflect.DelegatingMethodAccessorImpl.invoke(DelegatingMethodAccessorImpl.java:43)
	at java.base/java.lang.reflect.Method.invoke(Method.java:568)
	at org.junit.platform.commons.util.ReflectionUtils.invokeMethod(ReflectionUtils.java:728)
	at org.junit.jupiter.engine.execution.MethodInvocation.proceed(MethodInvocation.java:60)
	at org.junit.jupiter.engine.execution.InvocationInterceptorChain$ValidatingInvocation.proceed(InvocationInterceptorChain.java:131)
	at org.junit.jupiter.engine.extension.SameThreadTimeoutInvocation.proceed(SameThreadTimeoutInvocation.java:45)
	at org.junit.jupiter.engine.extension.TimeoutExtension.intercept(TimeoutExtension.java:156)
	at org.junit.jupiter.engine.extension.TimeoutExtension.interceptTestableMethod(TimeoutExtension.java:147)
	at org.junit.jupiter.engine.extension.TimeoutExtension.interceptTestMethod(TimeoutExtension.java:86)
	at org.junit.jupiter.engine.execution.InterceptingExecutableInvoker$ReflectiveInterceptorCall.lambda$ofVoidMethod$0(InterceptingExecutableInvoker.java:103)
	at org.junit.jupiter.engine.execution.InterceptingExecutableInvoker.lambda$invoke$0(InterceptingExecutableInvoker.java:93)
	at org.junit.jupiter.engine.execution.InvocationInterceptorChain$InterceptedInvocation.proceed(InvocationInterceptorChain.java:106)
	at org.junit.jupiter.engine.execution.InvocationInterceptorChain.proceed(InvocationInterceptorChain.java:64)
	at org.junit.jupiter.engine.execution.InvocationInterceptorChain.chainAndInvoke(InvocationInterceptorChain.java:45)
	at org.junit.jupiter.engine.execution.InvocationInterceptorChain.invoke(InvocationInterceptorChain.java:37)
	at org.junit.jupiter.engine.execution.InterceptingExecutableInvoker.invoke(InterceptingExecutableInvoker.java:92)
	at org.junit.jupiter.engine.execution.InterceptingExecutableInvoker.invoke(InterceptingExecutableInvoker.java:86)
	at org.junit.jupiter.engine.descriptor.TestMethodTestDescriptor.lambda$invokeTestMethod$7(TestMethodTestDescriptor.java:218)
	at org.junit.platform.engine.support.hierarchical.ThrowableCollector.execute(ThrowableCollector.java:73)
	at org.junit.jupiter.engine.descriptor.TestMethodTestDescriptor.invokeTestMethod(TestMethodTestDescriptor.java:214)
	at org.junit.jupiter.engine.descriptor.TestMethodTestDescriptor.execute(TestMethodTestDescriptor.java:139)
	at org.junit.jupiter.engine.descriptor.TestMethodTestDescriptor.execute(TestMethodTestDescriptor.java:69)
	at org.junit.platform.engine.support.hierarchical.NodeTestTask.lambda$executeRecursively$6(NodeTestTask.java:151)
	at org.junit.platform.engine.support.hierarchical.ThrowableCollector.execute(ThrowableCollector.java:73)
	at org.junit.platform.engine.support.hierarchical.NodeTestTask.lambda$executeRecursively$8(NodeTestTask.java:141)
	at org.junit.platform.engine.support.hierarchical.Node.around(Node.java:137)
	at org.junit.platform.engine.support.hierarchical.NodeTestTask.lambda$executeRecursively$9(NodeTestTask.java:139)
	at org.junit.platform.engine.support.hierarchical.ThrowableCollector.execute(ThrowableCollector.java:73)
	at org.junit.platform.engine.support.hierarchical.NodeTestTask.executeRecursively(NodeTestTask.java:138)
	at org.junit.platform.engine.support.hierarchical.NodeTestTask.execute(NodeTestTask.java:95)
	at java.base/java.util.ArrayList.forEach(ArrayList.java:1511)
	at org.junit.platform.engine.support.hierarchical.SameThreadHierarchicalTestExecutorService.invokeAll(SameThreadHierarchicalTestExecutorService.java:41)
	at org.junit.platform.engine.support.hierarchical.NodeTestTask.lambda$executeRecursively$6(NodeTestTask.java:155)
	at org.junit.platform.engine.support.hierarchical.ThrowableCollector.execute(ThrowableCollector.java:73)
	at org.junit.platform.engine.support.hierarchical.NodeTestTask.lambda$executeRecursively$8(NodeTestTask.java:141)
	at org.junit.platform.engine.support.hierarchical.Node.around(Node.java:137)
	at org.junit.platform.engine.support.hierarchical.NodeTestTask.lambda$executeRecursively$9(NodeTestTask.java:139)
	at org.junit.platform.engine.support.hierarchical.ThrowableCollector.execute(ThrowableCollector.java:73)
	at org.junit.platform.engine.support.hierarchical.NodeTestTask.executeRecursively(NodeTestTask.java:138)
	at org.junit.platform.engine.support.hierarchical.NodeTestTask.execute(NodeTestTask.java:95)
	at java.base/java.util.ArrayList.forEach(ArrayList.java:1511)
	at org.junit.platform.engine.support.hierarchical.SameThreadHierarchicalTestExecutorService.invokeAll(SameThreadHierarchicalTestExecutorService.java:41)
	at org.junit.platform.engine.support.hierarchical.NodeTestTask.lambda$executeRecursively$6(NodeTestTask.java:155)
	at org.junit.platform.engine.support.hierarchical.ThrowableCollector.execute(ThrowableCollector.java:73)
	at org.junit.platform.engine.support.hierarchical.NodeTestTask.lambda$executeRecursively$8(NodeTestTask.java:141)
	at org.junit.platform.engine.support.hierarchical.Node.around(Node.java:137)
	at org.junit.platform.engine.support.hierarchical.NodeTestTask.lambda$executeRecursively$9(NodeTestTask.java:139)
	at org.junit.platform.engine.support.hierarchical.ThrowableCollector.execute(ThrowableCollector.java:73)
	at org.junit.platform.engine.support.hierarchical.NodeTestTask.executeRecursively(NodeTestTask.java:138)
	at org.junit.platform.engine.support.hierarchical.NodeTestTask.execute(NodeTestTask.java:95)
	at org.junit.platform.engine.support.hierarchical.SameThreadHierarchicalTestExecutorService.submit(SameThreadHierarchicalTestExecutorService.java:35)
	at org.junit.platform.engine.support.hierarchical.HierarchicalTestExecutor.execute(HierarchicalTestExecutor.java:57)
	at org.junit.platform.engine.support.hierarchical.HierarchicalTestEngine.execute(HierarchicalTestEngine.java:54)
	at org.junit.platform.launcher.core.EngineExecutionOrchestrator.execute(EngineExecutionOrchestrator.java:198)
	at org.junit.platform.launcher.core.EngineExecutionOrchestrator.execute(EngineExecutionOrchestrator.java:169)
	at org.junit.platform.launcher.core.EngineExecutionOrchestrator.execute(EngineExecutionOrchestrator.java:93)
	at org.junit.platform.launcher.core.EngineExecutionOrchestrator.lambda$execute$0(EngineExecutionOrchestrator.java:58)
	at org.junit.platform.launcher.core.EngineExecutionOrchestrator.withInterceptedStreams(EngineExecutionOrchestrator.java:141)
	at org.junit.platform.launcher.core.EngineExecutionOrchestrator.execute(EngineExecutionOrchestrator.java:57)
	at org.junit.platform.launcher.core.DefaultLauncher.execute(DefaultLauncher.java:103)
	at org.junit.platform.launcher.core.DefaultLauncher.execute(DefaultLauncher.java:85)
	at org.junit.platform.launcher.core.DelegatingLauncher.execute(DelegatingLauncher.java:47)
	at org.junit.platform.launcher.core.SessionPerRequestLauncher.execute(SessionPerRequestLauncher.java:63)
	at org.apache.maven.surefire.junitplatform.JUnitPlatformProvider.invokeAllTests(JUnitPlatformProvider.java:154)
	at org.apache.maven.surefire.junitplatform.JUnitPlatformProvider.invoke(JUnitPlatformProvider.java:123)
	at org.apache.maven.surefire.booter.ForkedBooter.runSuitesInProcess(ForkedBooter.java:377)
	at org.apache.maven.surefire.booter.ForkedBooter.execute(ForkedBooter.java:138)
	at org.apache.maven.surefire.booter.ForkedBooter.run(ForkedBooter.java:465)
	at org.apache.maven.surefire.booter.ForkedBooter.main(ForkedBooter.java:451)
2024-06-08 12:41:17,795 [main] ERROR pipeline.WritableRatisContainerProvider (WritableRatisContainerProvider.java:getContainer(145)) - Unable to allocate a block for the size: 1048576, repConfig: RATIS/THREE
2024-06-08 12:41:17,798 [main] INFO  ozone.MiniOzoneClusterImpl (MiniOzoneClusterImpl.java:shutdown(396)) - Shutting down the Mini Ozone Cluster
2024-06-08 12:41:17,798 [main] INFO  db.CodecTestUtil (CodecTestUtil.java:gc(50)) - gc 0
2024-06-08 12:41:17,944 [main] INFO  ozone.MiniOzoneClusterImpl (MiniOzoneClusterImpl.java:stop(412)) - Stopping the Mini Ozone Cluster
2024-06-08 12:41:17,944 [main] INFO  om.OzoneManager (OzoneManager.java:stop(2232)) - om1[localhost:15039]: Stopping Ozone Manager
2024-06-08 12:41:17,945 [main] INFO  ipc.Server (Server.java:stop(3523)) - Stopping server on 15039
2024-06-08 12:41:17,946 [IPC Server Responder] INFO  ipc.Server (Server.java:run(1567)) - Stopping IPC Server Responder
2024-06-08 12:41:17,946 [IPC Server listener on 15039] INFO  ipc.Server (Server.java:run(1434)) - Stopping IPC Server listener on 15039
2024-06-08 12:41:17,946 [main] INFO  ratis.OzoneManagerRatisServer (OzoneManagerRatisServer.java:stop(600)) - Stopping org.apache.hadoop.ozone.om.ratis.OzoneManagerRatisServer@351e414e at port 15042
2024-06-08 12:41:17,947 [main] INFO  server.RaftServer (RaftServerProxy.java:lambda$close$9(416)) - om1: close
2024-06-08 12:41:17,947 [main] INFO  server.GrpcService (GrpcService.java:closeImpl(311)) - om1: shutdown server GrpcServerProtocolService now
2024-06-08 12:41:17,947 [om1-impl-thread2] INFO  server.RaftServer$Division (RaftServerImpl.java:lambda$close$3(526)) - om1@group-C5BA1605619E: shutdown
2024-06-08 12:41:17,947 [om1-impl-thread2] INFO  util.JmxRegister (JmxRegister.java:unregister(73)) - Successfully un-registered JMX Bean with object name Ratis:service=RaftServer,group=group-C5BA1605619E,id="om1"
2024-06-08 12:41:17,947 [om1-impl-thread2] INFO  impl.RoleInfo (RoleInfo.java:shutdownLeaderState(94)) - om1: shutdown om1@group-C5BA1605619E-LeaderStateImpl
2024-06-08 12:41:17,947 [om1-impl-thread2] INFO  impl.PendingRequests (PendingRequests.java:sendNotLeaderResponses(289)) - om1@group-C5BA1605619E-PendingRequests: sendNotLeaderResponses
2024-06-08 12:41:17,948 [om1@group-C5BA1605619E-StateMachineUpdater] INFO  ratis.OzoneManagerStateMachine (OzoneManagerStateMachine.java:takeSnapshotImpl(481)) -  applied = (t:1, i:4)
2024-06-08 12:41:17,948 [om1@group-C5BA1605619E-StateMachineUpdater] INFO  ratis.OzoneManagerStateMachine (OzoneManagerStateMachine.java:takeSnapshotImpl(482)) -  skipped = 3
2024-06-08 12:41:17,948 [om1@group-C5BA1605619E-StateMachineUpdater] INFO  ratis.OzoneManagerStateMachine (OzoneManagerStateMachine.java:takeSnapshotImpl(483)) - notified = (t:1, i:4)
2024-06-08 12:41:17,948 [om1@group-C5BA1605619E-StateMachineUpdater] INFO  ratis.OzoneManagerStateMachine (OzoneManagerStateMachine.java:takeSnapshotImpl(484)) - snapshot = (t:1, i:4)
2024-06-08 12:41:17,948 [main] INFO  server.GrpcService (GrpcService.java:closeImpl(320)) - om1: shutdown server GrpcServerProtocolService successfully
2024-06-08 12:41:17,949 [om1-impl-thread2] INFO  impl.StateMachineUpdater (StateMachineUpdater.java:stopAndJoin(157)) - om1@group-C5BA1605619E-StateMachineUpdater: set stopIndex = 4
2024-06-08 12:41:17,963 [om1@group-C5BA1605619E-StateMachineUpdater] INFO  impl.StateMachineUpdater (StateMachineUpdater.java:takeSnapshot(295)) - om1@group-C5BA1605619E-StateMachineUpdater: Took a snapshot at index 4
2024-06-08 12:41:17,963 [om1@group-C5BA1605619E-StateMachineUpdater] INFO  impl.StateMachineUpdater (StateMachineUpdater.java:lambda$new$0(98)) - om1@group-C5BA1605619E-StateMachineUpdater: snapshotIndex: updateIncreasingly -1 -> 4
2024-06-08 12:41:17,963 [om1@group-C5BA1605619E-StateMachineUpdater] INFO  ratis.OzoneManagerStateMachine (OzoneManagerStateMachine.java:close(527)) - Stopping OzoneManagerStateMachine:om1:group-C5BA1605619E.
2024-06-08 12:41:17,963 [om1@group-C5BA1605619E-StateMachineUpdater] INFO  ratis.OzoneManagerDoubleBuffer (OzoneManagerDoubleBuffer.java:stopDaemon(517)) - Stopping OMDoubleBuffer flush thread
2024-06-08 12:41:17,964 [om1-OMDoubleBufferFlushThread] INFO  ratis.OzoneManagerDoubleBuffer (OzoneManagerDoubleBuffer.java:canFlush(581)) - OMDoubleBuffer flush thread om1-OMDoubleBufferFlushThread is interrupted and will exit.
2024-06-08 12:41:17,964 [om1-impl-thread2] INFO  server.RaftServer$Division (ServerState.java:close(427)) - om1@group-C5BA1605619E: applyIndex: 4
2024-06-08 12:41:17,964 [om1@group-C5BA1605619E-cacheEviction-AwaitToRun] INFO  util.AwaitToRun (AwaitToRun.java:run(49)) - om1@group-C5BA1605619E-cacheEviction-AwaitToRun-AwaitForSignal is interrupted
2024-06-08 12:41:18,609 [om1-impl-thread2] INFO  segmented.SegmentedRaftLogWorker (SegmentedRaftLogWorker.java:close(245)) - om1@group-C5BA1605619E-SegmentedRaftLogWorker close()
2024-06-08 12:41:18,609 [JvmPauseMonitor6] INFO  util.JvmPauseMonitor (JvmPauseMonitor.java:run(152)) - JvmPauseMonitor-om1: Stopped
2024-06-08 12:41:18,609 [main] INFO  utils.BackgroundService (BackgroundService.java:shutdown(160)) - Shutting down service KeyDeletingService
2024-06-08 12:41:18,609 [main] INFO  utils.BackgroundService (BackgroundService.java:shutdown(160)) - Shutting down service DirectoryDeletingService
2024-06-08 12:41:18,610 [main] INFO  utils.BackgroundService (BackgroundService.java:shutdown(160)) - Shutting down service OpenKeyCleanupService
2024-06-08 12:41:18,610 [main] INFO  utils.BackgroundService (BackgroundService.java:shutdown(160)) - Shutting down service SstFilteringService
2024-06-08 12:41:18,610 [main] INFO  utils.BackgroundService (BackgroundService.java:shutdown(160)) - Shutting down service SnapshotDeletingService
2024-06-08 12:41:18,610 [main] INFO  utils.BackgroundService (BackgroundService.java:shutdown(160)) - Shutting down service MultipartUploadCleanupService
2024-06-08 12:41:18,610 [main] INFO  utils.BackgroundService (BackgroundService.java:shutdown(160)) - Shutting down service SnapshotDirectoryCleaningService
2024-06-08 12:41:18,611 [main] INFO  handler.ContextHandler (ContextHandler.java:doStop(1159)) - Stopped o.e.j.w.WebAppContext@3641947f{ozoneManager,/,null,STOPPED}{file:/home/runner/work/ozone/ozone/hadoop-ozone/integration-test/target/test-classes/webapps/ozoneManager}
2024-06-08 12:41:18,611 [main] INFO  server.AbstractConnector (AbstractConnector.java:doStop(383)) - Stopped ServerConnector@30ce7930{HTTP/1.1, (http/1.1)}{0.0.0.0:15040}
2024-06-08 12:41:18,611 [main] INFO  server.session (HouseKeeper.java:stopScavenging(149)) - node0 Stopped scavenging
2024-06-08 12:41:18,612 [main] INFO  handler.ContextHandler (ContextHandler.java:doStop(1159)) - Stopped o.e.j.s.ServletContextHandler@17f692a3{static,/static,file:///home/runner/work/ozone/ozone/hadoop-ozone/integration-test/target/test-classes/webapps/static,STOPPED}
2024-06-08 12:41:18,612 [main] INFO  handler.ContextHandler (ContextHandler.java:doStop(1159)) - Stopped o.e.j.s.ServletContextHandler@280202e2{logs,/logs,file:///home/runner/work/ozone/ozone/hadoop-ozone/integration-test/target/log,STOPPED}
2024-06-08 12:41:18,612 [main] INFO  rocksdiff.RocksDBCheckpointDiffer (RocksDBCheckpointDiffer.java:close(306)) - Shutting down CompactionDagPruningService.
2024-06-08 12:41:18,614 [main] INFO  snapshot.SnapshotDiffManager (SnapshotDiffManager.java:closeExecutorService(1657)) - Shutting down executorService: 'SnapDiffExecutor'
2024-06-08 12:41:18,614 [main] INFO  utils.BackgroundService (BackgroundService.java:shutdown(160)) - Shutting down service SnapshotDiffCleanupService
2024-06-08 12:41:18,614 [main] INFO  ozone.MiniOzoneClusterImpl (MiniOzoneClusterImpl.java:stopDatanodes(471)) - Stopping the HddsDatanodes
2024-06-08 12:41:18,614 [main] INFO  ozone.MiniOzoneClusterImpl (MiniOzoneClusterImpl.java:stopSCM(486)) - Stopping the StorageContainerManager
2024-06-08 12:41:18,615 [main] INFO  server.StorageContainerManager (StorageContainerManager.java:stop(1653)) - Container Balancer is not running.
2024-06-08 12:41:18,615 [main] INFO  server.StorageContainerManager (StorageContainerManager.java:stopReplicationManager(1786)) - Stopping Replication Manager Service.
2024-06-08 12:41:18,615 [main] INFO  replication.ReplicationManager (ReplicationManager.java:stop(329)) - Stopping Replication Monitor Thread.
2024-06-08 12:41:18,615 [main] INFO  server.StorageContainerManager (StorageContainerManager.java:stop(1662)) - Stopping the Datanode Admin Monitor.
2024-06-08 12:41:18,615 [OverReplicatedProcessor] WARN  replication.UnhealthyReplicationProcessor (UnhealthyReplicationProcessor.java:run(180)) - OverReplicatedProcessor interrupted. Exiting...
2024-06-08 12:41:18,615 [ReplicationMonitor] INFO  replication.ReplicationManager (ReplicationManager.java:run(938)) - Replication Monitor Thread is stopped
2024-06-08 12:41:18,615 [UnderReplicatedProcessor] WARN  replication.UnhealthyReplicationProcessor (UnhealthyReplicationProcessor.java:run(180)) - UnderReplicatedProcessor interrupted. Exiting...
2024-06-08 12:41:18,615 [main] INFO  server.StorageContainerManager (StorageContainerManager.java:stop(1669)) - Stopping datanode service RPC server
2024-06-08 12:41:18,615 [main] INFO  server.SCMDatanodeProtocolServer (SCMDatanodeProtocolServer.java:stop(425)) - Stopping the RPC server for DataNodes
2024-06-08 12:41:18,615 [main] INFO  ipc.Server (Server.java:stop(3523)) - Stopping server on 15037
2024-06-08 12:41:18,617 [IPC Server Responder] INFO  ipc.Server (Server.java:run(1567)) - Stopping IPC Server Responder
2024-06-08 12:41:18,617 [IPC Server listener on 15037] INFO  ipc.Server (Server.java:run(1434)) - Stopping IPC Server listener on 15037
2024-06-08 12:41:18,645 [SCMHeartbeatProcessor-0] WARN  node.NodeStateManager (NodeStateManager.java:scheduleNextHealthCheck(883)) - Current Thread is interrupted, shutting down HB processing thread for Node Manager.
2024-06-08 12:41:18,645 [main] INFO  server.StorageContainerManager (StorageContainerManager.java:stop(1677)) - Stopping block service RPC server
2024-06-08 12:41:18,645 [main] INFO  server.SCMBlockProtocolServer (SCMBlockProtocolServer.java:stop(171)) - Stopping the RPC server for Block Protocol
2024-06-08 12:41:18,645 [main] INFO  ipc.Server (Server.java:stop(3523)) - Stopping server on 15036
2024-06-08 12:41:18,647 [IPC Server listener on 15036] INFO  ipc.Server (Server.java:run(1434)) - Stopping IPC Server listener on 15036
2024-06-08 12:41:18,647 [IPC Server Responder] INFO  ipc.Server (Server.java:run(1567)) - Stopping IPC Server Responder
2024-06-08 12:41:18,647 [main] INFO  server.StorageContainerManager (StorageContainerManager.java:stop(1684)) - Stopping the StorageContainerLocationProtocol RPC server
2024-06-08 12:41:18,647 [main] INFO  server.SCMClientProtocolServer (SCMClientProtocolServer.java:stop(213)) - Stopping the RPC server for Client Protocol
2024-06-08 12:41:18,647 [main] INFO  ipc.Server (Server.java:stop(3523)) - Stopping server on 15035
2024-06-08 12:41:18,648 [IPC Server listener on 15035] INFO  ipc.Server (Server.java:run(1434)) - Stopping IPC Server listener on 15035
2024-06-08 12:41:18,648 [IPC Server Responder] INFO  ipc.Server (Server.java:run(1567)) - Stopping IPC Server Responder
2024-06-08 12:41:18,649 [main] INFO  server.StorageContainerManager (StorageContainerManager.java:stop(1691)) - Stopping Storage Container Manager HTTP server.
2024-06-08 12:41:18,649 [main] INFO  handler.ContextHandler (ContextHandler.java:doStop(1159)) - Stopped o.e.j.w.WebAppContext@3b05a99b{scm,/,null,STOPPED}{file:/home/runner/work/ozone/ozone/hadoop-ozone/integration-test/target/test-classes/webapps/scm}
2024-06-08 12:41:18,650 [main] INFO  server.AbstractConnector (AbstractConnector.java:doStop(383)) - Stopped ServerConnector@50194e8d{HTTP/1.1, (http/1.1)}{0.0.0.0:15038}
2024-06-08 12:41:18,650 [main] INFO  server.session (HouseKeeper.java:stopScavenging(149)) - node0 Stopped scavenging
2024-06-08 12:41:18,650 [main] INFO  handler.ContextHandler (ContextHandler.java:doStop(1159)) - Stopped o.e.j.s.ServletContextHandler@53ac845a{static,/static,file:///home/runner/work/ozone/ozone/hadoop-ozone/integration-test/target/test-classes/webapps/static,STOPPED}
2024-06-08 12:41:18,650 [main] INFO  handler.ContextHandler (ContextHandler.java:doStop(1159)) - Stopped o.e.j.s.ServletContextHandler@4d774249{logs,/logs,file:///home/runner/work/ozone/ozone/hadoop-ozone/integration-test/target/log,STOPPED}
2024-06-08 12:41:18,651 [main] INFO  server.StorageContainerManager (StorageContainerManager.java:stop(1699)) - Stopping SCM LayoutVersionManager Service.
2024-06-08 12:41:18,651 [main] INFO  server.StorageContainerManager (StorageContainerManager.java:stop(1711)) - Stopping Block Manager Service.
2024-06-08 12:41:18,651 [main] INFO  utils.BackgroundService (BackgroundService.java:shutdown(160)) - Shutting down service SCMBlockDeletingService
2024-06-08 12:41:18,651 [main] INFO  utils.BackgroundService (BackgroundService.java:shutdown(160)) - Shutting down service SCMBlockDeletingService
2024-06-08 12:41:18,651 [main] INFO  server.StorageContainerManager (StorageContainerManager.java:stop(1731)) - Stopping SCM Event Queue.
2024-06-08 12:41:18,652 [JvmPauseMonitor11] INFO  util.JvmPauseMonitor (JvmPauseMonitor.java:run(152)) - JvmPauseMonitor-c640d0f5-c90e-4e21-a5ac-73fe0f37e558: Stopped
2024-06-08 12:41:18,652 [main] INFO  server.StorageContainerManager (StorageContainerManager.java:stop(1742)) - Stopping SCM HA services.
2024-06-08 12:41:18,652 [main] INFO  pipeline.BackgroundPipelineCreator (BackgroundPipelineCreator.java:stop(152)) - Stopping RatisPipelineUtilsThread.
2024-06-08 12:41:18,652 [RatisPipelineUtilsThread-0] WARN  pipeline.BackgroundPipelineCreator (BackgroundPipelineCreator.java:run(183)) - RatisPipelineUtilsThread is interrupted.
2024-06-08 12:41:18,653 [main] INFO  BackgroundPipelineScrubber (BackgroundSCMService.java:stop(128)) - Stopping BackgroundPipelineScrubber Service.
2024-06-08 12:41:18,653 [BackgroundPipelineScrubber] WARN  BackgroundPipelineScrubber (BackgroundSCMService.java:run(112)) - BackgroundPipelineScrubber is interrupted, exit
2024-06-08 12:41:18,653 [main] INFO  impl.MetricsSystemImpl (MetricsSystemImpl.java:stop(210)) - Stopping StorageContainerManager metrics system...
2024-06-08 12:41:18,654 [prometheus] INFO  impl.MetricsSinkAdapter (MetricsSinkAdapter.java:publishMetricsFromQueue(141)) - prometheus thread interrupted.
2024-06-08 12:41:18,654 [main] INFO  impl.MetricsSystemImpl (MetricsSystemImpl.java:stop(216)) - StorageContainerManager metrics system stopped.
2024-06-08 12:41:18,654 [main] WARN  pipeline.BackgroundPipelineCreator (BackgroundPipelineCreator.java:stop(148)) - RatisPipelineUtilsThread is not running, just ignore.
2024-06-08 12:41:18,655 [main] INFO  BackgroundPipelineScrubber (BackgroundSCMService.java:stop(123)) - BackgroundPipelineScrubber Service is not running, skip stop.
2024-06-08 12:41:18,655 [main] INFO  ExpiredContainerReplicaOpScrubber (BackgroundSCMService.java:stop(128)) - Stopping ExpiredContainerReplicaOpScrubber Service.
2024-06-08 12:41:18,655 [main] INFO  utils.BackgroundService (BackgroundService.java:shutdown(160)) - Shutting down service SCMBlockDeletingService
2024-06-08 12:41:18,655 [main] INFO  replication.ReplicationManager (ReplicationManager.java:stop(339)) - Replication Monitor Thread is not running.
2024-06-08 12:41:18,655 [main] WARN  balancer.ContainerBalancer (ContainerBalancer.java:stop(327)) - Cannot stop Container Balancer because it's not running or stopping
2024-06-08 12:41:18,655 [ExpiredContainerReplicaOpScrubber] WARN  ExpiredContainerReplicaOpScrubber (BackgroundSCMService.java:run(112)) - ExpiredContainerReplicaOpScrubber is interrupted, exit
2024-06-08 12:41:18,655 [LeaseManager#LeaseMonitor] WARN  lease.LeaseManager (LeaseManager.java:run(286)) - Lease manager is interrupted. Shutting down...
java.lang.InterruptedException
	at java.base/java.util.concurrent.locks.AbstractQueuedSynchronizer.tryAcquireSharedNanos(AbstractQueuedSynchronizer.java:1081)
	at java.base/java.util.concurrent.Semaphore.tryAcquire(Semaphore.java:415)
	at org.apache.hadoop.ozone.lease.LeaseManager$LeaseMonitor.run(LeaseManager.java:284)
	at java.base/java.lang.Thread.run(Thread.java:840)
2024-06-08 12:41:18,655 [main] INFO  server.StorageContainerManager (StorageContainerManager.java:stop(1777)) - Stopping SCM MetadataStore.
]]></system-out>
  </testcase>
</testsuite>