<?xml version="1.0" encoding="UTF-8"?>
<testsuite xmlns:xsi="http://www.w3.org/2001/XMLSchema-instance" xsi:noNamespaceSchemaLocation="https://maven.apache.org/surefire/maven-surefire-plugin/xsd/surefire-test-report-3.0.xsd" version="3.0" name="org.apache.hadoop.ozone.client.rpc.TestBlockOutputStreamWithFailures" time="281.248" tests="6" errors="1" skipped="0" failures="0">
  <properties>
    <property name="java.specification.version" value="17"/>
    <property name="sun.jnu.encoding" value="UTF-8"/>
    <property name="java.class.path" value="/home/runner/work/ozone/ozone/hadoop-ozone/integration-test/target/test-classes:/home/runner/work/ozone/ozone/hadoop-ozone/integration-test/target/classes:/home/runner/work/ozone/ozone/hadoop-ozone/common/target/classes:/home/runner/.m2/repository/io/grpc/grpc-netty/1.58.0/grpc-netty-1.58.0.jar:/home/runner/.m2/repository/io/grpc/grpc-core/1.58.0/grpc-core-1.58.0.jar:/home/runner/.m2/repository/com/google/android/annotations/4.1.1.4/annotations-4.1.1.4.jar:/home/runner/.m2/repository/org/codehaus/mojo/animal-sniffer-annotations/1.23/animal-sniffer-annotations-1.23.jar:/home/runner/.m2/repository/io/grpc/grpc-context/1.58.0/grpc-context-1.58.0.jar:/home/runner/.m2/repository/io/grpc/grpc-util/1.58.0/grpc-util-1.58.0.jar:/home/runner/.m2/repository/com/google/errorprone/error_prone_annotations/2.2.0/error_prone_annotations-2.2.0.jar:/home/runner/.m2/repository/io/perfmark/perfmark-api/0.26.0/perfmark-api-0.26.0.jar:/home/runner/.m2/repository/io/netty/netty-codec-http2/4.1.109.Final/netty-codec-http2-4.1.109.Final.jar:/home/runner/.m2/repository/io/netty/netty-common/4.1.109.Final/netty-common-4.1.109.Final.jar:/home/runner/.m2/repository/io/netty/netty-buffer/4.1.109.Final/netty-buffer-4.1.109.Final.jar:/home/runner/.m2/repository/io/netty/netty-codec-http/4.1.109.Final/netty-codec-http-4.1.109.Final.jar:/home/runner/.m2/repository/io/netty/netty-handler-proxy/4.1.109.Final/netty-handler-proxy-4.1.109.Final.jar:/home/runner/.m2/repository/io/netty/netty-codec-socks/4.1.109.Final/netty-codec-socks-4.1.109.Final.jar:/home/runner/.m2/repository/io/netty/netty-tcnative-boringssl-static/2.0.65.Final/netty-tcnative-boringssl-static-2.0.65.Final.jar:/home/runner/.m2/repository/io/netty/netty-tcnative-classes/2.0.65.Final/netty-tcnative-classes-2.0.65.Final.jar:/home/runner/.m2/repository/io/netty/netty-tcnative-boringssl-static/2.0.65.Final/netty-tcnative-boringssl-static-2.0.65.Final-linux-x86_64.jar:/home/runner/.m2/repository/io/netty/netty-tcnative-boringssl-static/2.0.65.Final/netty-tcnative-boringssl-static-2.0.65.Final-linux-aarch_64.jar:/home/runner/.m2/repository/io/netty/netty-tcnative-boringssl-static/2.0.65.Final/netty-tcnative-boringssl-static-2.0.65.Final-osx-x86_64.jar:/home/runner/.m2/repository/io/netty/netty-tcnative-boringssl-static/2.0.65.Final/netty-tcnative-boringssl-static-2.0.65.Final-osx-aarch_64.jar:/home/runner/.m2/repository/io/netty/netty-tcnative-boringssl-static/2.0.65.Final/netty-tcnative-boringssl-static-2.0.65.Final-windows-x86_64.jar:/home/runner/.m2/repository/org/apache/commons/commons-compress/1.26.0/commons-compress-1.26.0.jar:/home/runner/work/ozone/ozone/hadoop-hdds/common/target/classes:/home/runner/work/ozone/ozone/hadoop-hdds/client/target/classes:/home/runner/work/ozone/ozone/hadoop-ozone/interface-client/target/classes:/home/runner/.m2/repository/org/apache/hadoop/hadoop-hdfs-client/3.3.6/hadoop-hdfs-client-3.3.6.jar:/home/runner/.m2/repository/com/squareup/okhttp3/okhttp/4.12.0/okhttp-4.12.0.jar:/home/runner/.m2/repository/com/squareup/okio/okio/3.6.0/okio-3.6.0.jar:/home/runner/.m2/repository/com/squareup/okio/okio-jvm/3.6.0/okio-jvm-3.6.0.jar:/home/runner/.m2/repository/org/jetbrains/kotlin/kotlin-stdlib-jdk8/1.9.24/kotlin-stdlib-jdk8-1.9.24.jar:/home/runner/.m2/repository/org/jetbrains/kotlin/kotlin-stdlib-jdk7/1.9.24/kotlin-stdlib-jdk7-1.9.24.jar:/home/runner/.m2/repository/org/jetbrains/kotlin/kotlin-stdlib-common/1.9.24/kotlin-stdlib-common-1.9.24.jar:/home/runner/work/ozone/ozone/hadoop-hdds/test-utils/target/classes:/home/runner/.m2/repository/org/assertj/assertj-core/3.26.0/assertj-core-3.26.0.jar:/home/runner/.m2/repository/net/bytebuddy/byte-buddy/1.14.16/byte-buddy-1.14.16.jar:/home/runner/.m2/repository/com/google/guava/guava/32.1.3-jre/guava-32.1.3-jre.jar:/home/runner/.m2/repository/com/google/guava/failureaccess/1.0.1/failureaccess-1.0.1.jar:/home/runner/.m2/repository/com/google/guava/listenablefuture/9999.0-empty-to-avoid-conflict-with-guava/listenablefuture-9999.0-empty-to-avoid-conflict-with-guava.jar:/home/runner/.m2/repository/org/checkerframework/checker-qual/3.37.0/checker-qual-3.37.0.jar:/home/runner/.m2/repository/com/google/j2objc/j2objc-annotations/2.8/j2objc-annotations-2.8.jar:/home/runner/.m2/repository/commons-io/commons-io/2.16.1/commons-io-2.16.1.jar:/home/runner/.m2/repository/commons-logging/commons-logging/1.2/commons-logging-1.2.jar:/home/runner/.m2/repository/org/junit/jupiter/junit-jupiter-api/5.10.2/junit-jupiter-api-5.10.2.jar:/home/runner/.m2/repository/org/opentest4j/opentest4j/1.3.0/opentest4j-1.3.0.jar:/home/runner/.m2/repository/org/junit/platform/junit-platform-commons/1.10.2/junit-platform-commons-1.10.2.jar:/home/runner/.m2/repository/ch/qos/reload4j/reload4j/1.2.25/reload4j-1.2.25.jar:/home/runner/.m2/repository/jakarta/annotation/jakarta.annotation-api/2.1.1/jakarta.annotation-api-2.1.1.jar:/home/runner/.m2/repository/org/slf4j/slf4j-api/2.0.13/slf4j-api-2.0.13.jar:/home/runner/.m2/repository/org/apache/logging/log4j/log4j-api/2.17.1/log4j-api-2.17.1.jar:/home/runner/work/ozone/ozone/hadoop-hdds/server-scm/target/classes:/home/runner/.m2/repository/com/google/protobuf/protobuf-java/2.5.0/protobuf-java-2.5.0.jar:/home/runner/work/ozone/ozone/hadoop-hdds/container-service/target/classes:/home/runner/work/ozone/ozone/hadoop-hdds/hadoop-dependency-server/target/classes:/home/runner/.m2/repository/com/nimbusds/nimbus-jose-jwt/9.37.2/nimbus-jose-jwt-9.37.2.jar:/home/runner/.m2/repository/com/github/stephenc/jcip/jcip-annotations/1.0-1/jcip-annotations-1.0-1.jar:/home/runner/.m2/repository/org/apache/hadoop/hadoop-hdfs/3.3.6/hadoop-hdfs-3.3.6.jar:/home/runner/.m2/repository/commons-daemon/commons-daemon/1.3.4/commons-daemon-1.3.4.jar:/home/runner/.m2/repository/org/apache/kerby/kerb-core/1.0.1/kerb-core-1.0.1.jar:/home/runner/.m2/repository/org/apache/kerby/kerby-pkix/1.0.1/kerby-pkix-1.0.1.jar:/home/runner/.m2/repository/org/apache/kerby/kerby-asn1/1.0.1/kerby-asn1-1.0.1.jar:/home/runner/.m2/repository/org/apache/kerby/kerby-util/1.0.1/kerby-util-1.0.1.jar:/home/runner/.m2/repository/org/apache/kerby/kerb-util/1.0.1/kerb-util-1.0.1.jar:/home/runner/.m2/repository/org/apache/kerby/kerby-config/1.0.1/kerby-config-1.0.1.jar:/home/runner/.m2/repository/org/apache/kerby/kerb-crypto/1.0.1/kerb-crypto-1.0.1.jar:/home/runner/.m2/repository/org/xerial/snappy/snappy-java/1.1.10.5/snappy-java-1.1.10.5.jar:/home/runner/work/ozone/ozone/hadoop-hdds/framework/target/classes:/home/runner/.m2/repository/org/bouncycastle/bcprov-jdk18on/1.78.1/bcprov-jdk18on-1.78.1.jar:/home/runner/.m2/repository/io/dropwizard/metrics/metrics-core/3.2.6/metrics-core-3.2.6.jar:/home/runner/.m2/repository/org/apache/commons/commons-text/1.11.0/commons-text-1.11.0.jar:/home/runner/work/ozone/ozone/hadoop-hdds/framework/target/test-classes:/home/runner/work/ozone/ozone/hadoop-hdds/interface-server/target/classes:/home/runner/work/ozone/ozone/hadoop-hdds/interface-admin/target/classes:/home/runner/work/ozone/ozone/hadoop-hdds/managed-rocksdb/target/classes:/home/runner/.m2/repository/org/rocksdb/rocksdbjni/7.7.3/rocksdbjni-7.7.3.jar:/home/runner/.m2/repository/org/slf4j/slf4j-reload4j/2.0.13/slf4j-reload4j-2.0.13.jar:/home/runner/.m2/repository/org/apache/commons/commons-configuration2/2.10.1/commons-configuration2-2.10.1.jar:/home/runner/.m2/repository/commons-fileupload/commons-fileupload/1.5/commons-fileupload-1.5.jar:/home/runner/.m2/repository/org/apache/logging/log4j/log4j-core/2.17.1/log4j-core-2.17.1.jar:/home/runner/.m2/repository/com/lmax/disruptor/3.4.4/disruptor-3.4.4.jar:/home/runner/.m2/repository/org/eclipse/jetty/jetty-util/9.4.54.v20240208/jetty-util-9.4.54.v20240208.jar:/home/runner/.m2/repository/org/eclipse/jetty/jetty-server/9.4.54.v20240208/jetty-server-9.4.54.v20240208.jar:/home/runner/.m2/repository/org/eclipse/jetty/jetty-http/9.4.54.v20240208/jetty-http-9.4.54.v20240208.jar:/home/runner/.m2/repository/org/eclipse/jetty/jetty-io/9.4.54.v20240208/jetty-io-9.4.54.v20240208.jar:/home/runner/.m2/repository/org/eclipse/jetty/jetty-servlet/9.4.54.v20240208/jetty-servlet-9.4.54.v20240208.jar:/home/runner/.m2/repository/org/eclipse/jetty/jetty-security/9.4.54.v20240208/jetty-security-9.4.54.v20240208.jar:/home/runner/.m2/repository/org/eclipse/jetty/jetty-util-ajax/9.4.54.v20240208/jetty-util-ajax-9.4.54.v20240208.jar:/home/runner/.m2/repository/org/eclipse/jetty/jetty-webapp/9.4.54.v20240208/jetty-webapp-9.4.54.v20240208.jar:/home/runner/.m2/repository/org/eclipse/jetty/jetty-xml/9.4.54.v20240208/jetty-xml-9.4.54.v20240208.jar:/home/runner/.m2/repository/org/apache/ratis/ratis-server/3.0.1/ratis-server-3.0.1.jar:/home/runner/.m2/repository/org/apache/ratis/ratis-thirdparty-misc/1.0.5/ratis-thirdparty-misc-1.0.5.jar:/home/runner/.m2/repository/org/apache/ratis/ratis-proto/3.0.1/ratis-proto-3.0.1.jar:/home/runner/.m2/repository/org/apache/ratis/ratis-common/3.0.1/ratis-common-3.0.1.jar:/home/runner/.m2/repository/org/apache/ratis/ratis-client/3.0.1/ratis-client-3.0.1.jar:/home/runner/.m2/repository/org/apache/ratis/ratis-metrics-api/3.0.1/ratis-metrics-api-3.0.1.jar:/home/runner/.m2/repository/org/apache/ratis/ratis-metrics-dropwizard3/3.0.1/ratis-metrics-dropwizard3-3.0.1.jar:/home/runner/.m2/repository/io/prometheus/simpleclient_dropwizard/0.16.0/simpleclient_dropwizard-0.16.0.jar:/home/runner/.m2/repository/io/prometheus/simpleclient/0.16.0/simpleclient-0.16.0.jar:/home/runner/.m2/repository/io/prometheus/simpleclient_common/0.16.0/simpleclient_common-0.16.0.jar:/home/runner/.m2/repository/com/fasterxml/jackson/datatype/jackson-datatype-jsr310/2.16.2/jackson-datatype-jsr310-2.16.2.jar:/home/runner/.m2/repository/com/fasterxml/jackson/core/jackson-core/2.16.2/jackson-core-2.16.2.jar:/home/runner/work/ozone/ozone/hadoop-hdds/rocksdb-checkpoint-differ/target/classes:/home/runner/.m2/repository/org/jgrapht/jgrapht-core/1.4.0/jgrapht-core-1.4.0.jar:/home/runner/.m2/repository/org/jheaps/jheaps/0.11/jheaps-0.11.jar:/home/runner/.m2/repository/org/jgrapht/jgrapht-ext/1.4.0/jgrapht-ext-1.4.0.jar:/home/runner/.m2/repository/com/github/vlsi/mxgraph/jgraphx/3.9.8.1/jgraphx-3.9.8.1.jar:/home/runner/work/ozone/ozone/hadoop-ozone/ozone-manager/target/classes:/home/runner/.m2/repository/org/aspectj/aspectjrt/1.9.7/aspectjrt-1.9.7.jar:/home/runner/.m2/repository/org/aspectj/aspectjweaver/1.9.7/aspectjweaver-1.9.7.jar:/home/runner/work/ozone/ozone/hadoop-hdds/interface-client/target/classes:/home/runner/.m2/repository/org/apache/hadoop/thirdparty/hadoop-shaded-protobuf_3_7/1.1.1/hadoop-shaded-protobuf_3_7-1.1.1.jar:/home/runner/work/ozone/ozone/hadoop-ozone/interface-storage/target/classes:/home/runner/.m2/repository/org/reflections/reflections/0.10.2/reflections-0.10.2.jar:/home/runner/.m2/repository/com/sun/jersey/jersey-client/1.19.4/jersey-client-1.19.4.jar:/home/runner/.m2/repository/org/codehaus/jackson/jackson-core-asl/1.9.13/jackson-core-asl-1.9.13.jar:/home/runner/.m2/repository/org/codehaus/jackson/jackson-mapper-asl/1.9.13/jackson-mapper-asl-1.9.13.jar:/home/runner/.m2/repository/org/codehaus/jackson/jackson-jaxrs/1.9.13/jackson-jaxrs-1.9.13.jar:/home/runner/.m2/repository/org/apache/ranger/ranger-intg/2.3.0/ranger-intg-2.3.0.jar:/home/runner/.m2/repository/org/apache/ranger/ranger-plugins-common/2.3.0/ranger-plugins-common-2.3.0.jar:/home/runner/.m2/repository/commons-lang/commons-lang/2.6/commons-lang-2.6.jar:/home/runner/.m2/repository/org/apache/ranger/ranger-plugins-cred/2.3.0/ranger-plugins-cred-2.3.0.jar:/home/runner/.m2/repository/org/apache/ranger/ranger-plugins-audit/2.3.0/ranger-plugins-audit-2.3.0.jar:/home/runner/.m2/repository/org/eclipse/jetty/jetty-client/9.4.54.v20240208/jetty-client-9.4.54.v20240208.jar:/home/runner/.m2/repository/org/apache/httpcomponents/httpmime/4.5.6/httpmime-4.5.6.jar:/home/runner/.m2/repository/org/apache/httpcomponents/httpcore-nio/4.4.16/httpcore-nio-4.4.16.jar:/home/runner/.m2/repository/org/apache/httpcomponents/httpasyncclient/4.1.3/httpasyncclient-4.1.3.jar:/home/runner/.m2/repository/com/carrotsearch/hppc/0.8.0/hppc-0.8.0.jar:/home/runner/.m2/repository/org/apache/orc/orc-core/1.5.8/orc-core-1.5.8.jar:/home/runner/.m2/repository/net/java/dev/jna/jna/5.2.0/jna-5.2.0.jar:/home/runner/.m2/repository/net/java/dev/jna/jna-platform/5.2.0/jna-platform-5.2.0.jar:/home/runner/.m2/repository/com/kstruct/gethostname4j/0.0.2/gethostname4j-0.0.2.jar:/home/runner/.m2/repository/org/apache/ranger/ranger-plugin-classloader/2.3.0/ranger-plugin-classloader-2.3.0.jar:/home/runner/work/ozone/ozone/hadoop-hdds/rocks-native/target/classes:/home/runner/.m2/repository/org/apache/hadoop/hadoop-minikdc/3.3.6/hadoop-minikdc-3.3.6.jar:/home/runner/.m2/repository/org/apache/kerby/kerb-simplekdc/1.0.1/kerb-simplekdc-1.0.1.jar:/home/runner/.m2/repository/org/apache/kerby/kerb-client/1.0.1/kerb-client-1.0.1.jar:/home/runner/.m2/repository/org/apache/kerby/kerb-common/1.0.1/kerb-common-1.0.1.jar:/home/runner/.m2/repository/org/apache/kerby/token-provider/1.0.1/token-provider-1.0.1.jar:/home/runner/.m2/repository/org/apache/kerby/kerb-admin/1.0.1/kerb-admin-1.0.1.jar:/home/runner/.m2/repository/org/apache/kerby/kerb-server/1.0.1/kerb-server-1.0.1.jar:/home/runner/.m2/repository/org/apache/kerby/kerb-identity/1.0.1/kerb-identity-1.0.1.jar:/home/runner/.m2/repository/org/apache/kerby/kerby-xdr/1.0.1/kerby-xdr-1.0.1.jar:/home/runner/.m2/repository/junit/junit/4.13.2/junit-4.13.2.jar:/home/runner/.m2/repository/org/hamcrest/hamcrest-core/1.3/hamcrest-core-1.3.jar:/home/runner/work/ozone/ozone/hadoop-ozone/s3gateway/target/classes:/home/runner/.m2/repository/org/javassist/javassist/3.30.2-GA/javassist-3.30.2-GA.jar:/home/runner/.m2/repository/org/jboss/weld/servlet/weld-servlet-shaded/3.1.9.Final/weld-servlet-shaded-3.1.9.Final.jar:/home/runner/.m2/repository/org/glassfish/jersey/containers/jersey-container-servlet-core/2.43/jersey-container-servlet-core-2.43.jar:/home/runner/.m2/repository/org/glassfish/hk2/external/jakarta.inject/2.6.1/jakarta.inject-2.6.1.jar:/home/runner/.m2/repository/org/glassfish/jersey/core/jersey-common/2.43/jersey-common-2.43.jar:/home/runner/.m2/repository/jakarta/ws/rs/jakarta.ws.rs-api/2.1.6/jakarta.ws.rs-api-2.1.6.jar:/home/runner/.m2/repository/org/glassfish/jersey/ext/cdi/jersey-cdi1x/2.43/jersey-cdi1x-2.43.jar:/home/runner/.m2/repository/org/glassfish/jersey/inject/jersey-hk2/2.43/jersey-hk2-2.43.jar:/home/runner/.m2/repository/org/glassfish/hk2/hk2-locator/2.6.1/hk2-locator-2.6.1.jar:/home/runner/.m2/repository/org/glassfish/jersey/media/jersey-media-jaxb/2.43/jersey-media-jaxb-2.43.jar:/home/runner/.m2/repository/org/glassfish/hk2/osgi-resource-locator/1.0.3/osgi-resource-locator-1.0.3.jar:/home/runner/.m2/repository/org/glassfish/hk2/hk2-api/2.6.1/hk2-api-2.6.1.jar:/home/runner/.m2/repository/org/glassfish/hk2/hk2-utils/2.6.1/hk2-utils-2.6.1.jar:/home/runner/.m2/repository/org/glassfish/hk2/external/aopalliance-repackaged/2.6.1/aopalliance-repackaged-2.6.1.jar:/home/runner/.m2/repository/com/fasterxml/jackson/dataformat/jackson-dataformat-xml/2.16.2/jackson-dataformat-xml-2.16.2.jar:/home/runner/.m2/repository/org/codehaus/woodstox/stax2-api/4.2.2/stax2-api-4.2.2.jar:/home/runner/.m2/repository/com/fasterxml/woodstox/woodstox-core/5.4.0/woodstox-core-5.4.0.jar:/home/runner/.m2/repository/com/fasterxml/jackson/module/jackson-module-jaxb-annotations/2.16.2/jackson-module-jaxb-annotations-2.16.2.jar:/home/runner/.m2/repository/javax/enterprise/cdi-api/2.0/cdi-api-2.0.jar:/home/runner/.m2/repository/javax/el/javax.el-api/3.0.0/javax.el-api-3.0.0.jar:/home/runner/.m2/repository/javax/interceptor/javax.interceptor-api/1.2/javax.interceptor-api-1.2.jar:/home/runner/.m2/repository/javax/inject/javax.inject/1/javax.inject-1.jar:/home/runner/.m2/repository/jakarta/xml/bind/jakarta.xml.bind-api/2.3.3/jakarta.xml.bind-api-2.3.3.jar:/home/runner/.m2/repository/org/glassfish/jaxb/jaxb-runtime/2.3.9/jaxb-runtime-2.3.9.jar:/home/runner/.m2/repository/org/glassfish/jaxb/txw2/2.3.9/txw2-2.3.9.jar:/home/runner/.m2/repository/com/sun/istack/istack-commons-runtime/3.0.12/istack-commons-runtime-3.0.12.jar:/home/runner/.m2/repository/com/sun/activation/jakarta.activation/1.2.2/jakarta.activation-1.2.2.jar:/home/runner/.m2/repository/jakarta/activation/jakarta.activation-api/1.2.2/jakarta.activation-api-1.2.2.jar:/home/runner/.m2/repository/io/grpc/grpc-protobuf/1.58.0/grpc-protobuf-1.58.0.jar:/home/runner/.m2/repository/com/google/api/grpc/proto-google-common-protos/2.22.0/proto-google-common-protos-2.22.0.jar:/home/runner/.m2/repository/io/grpc/grpc-protobuf-lite/1.58.0/grpc-protobuf-lite-1.58.0.jar:/home/runner/.m2/repository/io/grpc/grpc-stub/1.58.0/grpc-stub-1.58.0.jar:/home/runner/.m2/repository/io/netty/netty-transport/4.1.109.Final/netty-transport-4.1.109.Final.jar:/home/runner/.m2/repository/io/netty/netty-resolver/4.1.109.Final/netty-resolver-4.1.109.Final.jar:/home/runner/work/ozone/ozone/hadoop-ozone/csi/target/classes:/home/runner/.m2/repository/com/google/protobuf/protobuf-java-util/3.19.6/protobuf-java-util-3.19.6.jar:/home/runner/.m2/repository/com/google/code/gson/gson/2.10.1/gson-2.10.1.jar:/home/runner/work/ozone/ozone/hadoop-hdds/config/target/classes:/home/runner/.m2/repository/io/netty/netty-transport-native-epoll/4.1.109.Final/netty-transport-native-epoll-4.1.109.Final-linux-x86_64.jar:/home/runner/.m2/repository/io/netty/netty-transport-classes-epoll/4.1.109.Final/netty-transport-classes-epoll-4.1.109.Final.jar:/home/runner/.m2/repository/io/netty/netty-transport-native-unix-common/4.1.109.Final/netty-transport-native-unix-common-4.1.109.Final.jar:/home/runner/work/ozone/ozone/hadoop-ozone/recon/target/classes:/home/runner/work/ozone/ozone/hadoop-ozone/recon-codegen/target/classes:/home/runner/.m2/repository/com/google/inject/guice/6.0.0/guice-6.0.0.jar:/home/runner/.m2/repository/jakarta/inject/jakarta.inject-api/2.0.1/jakarta.inject-api-2.0.1.jar:/home/runner/.m2/repository/aopalliance/aopalliance/1.0/aopalliance-1.0.jar:/home/runner/.m2/repository/com/google/inject/extensions/guice-assistedinject/6.0.0/guice-assistedinject-6.0.0.jar:/home/runner/.m2/repository/com/google/inject/extensions/guice-servlet/6.0.0/guice-servlet-6.0.0.jar:/home/runner/.m2/repository/org/glassfish/jersey/containers/jersey-container-servlet/2.43/jersey-container-servlet-2.43.jar:/home/runner/.m2/repository/org/glassfish/hk2/guice-bridge/2.6.1/guice-bridge-2.6.1.jar:/home/runner/.m2/repository/org/glassfish/jersey/core/jersey-server/2.43/jersey-server-2.43.jar:/home/runner/.m2/repository/org/glassfish/jersey/core/jersey-client/2.43/jersey-client-2.43.jar:/home/runner/.m2/repository/jakarta/validation/jakarta.validation-api/2.0.2/jakarta.validation-api-2.0.2.jar:/home/runner/.m2/repository/org/glassfish/jersey/media/jersey-media-json-jackson/2.43/jersey-media-json-jackson-2.43.jar:/home/runner/.m2/repository/org/glassfish/jersey/ext/jersey-entity-filtering/2.43/jersey-entity-filtering-2.43.jar:/home/runner/.m2/repository/org/jooq/jooq/3.11.10/jooq-3.11.10.jar:/home/runner/.m2/repository/org/jooq/jooq-meta/3.11.10/jooq-meta-3.11.10.jar:/home/runner/.m2/repository/org/jooq/jooq-codegen/3.11.10/jooq-codegen-3.11.10.jar:/home/runner/.m2/repository/com/jolbox/bonecp/0.8.0.RELEASE/bonecp-0.8.0.RELEASE.jar:/home/runner/.m2/repository/org/apache/derby/derby/10.14.2.0/derby-10.14.2.0.jar:/home/runner/.m2/repository/org/xerial/sqlite-jdbc/3.44.1.0/sqlite-jdbc-3.44.1.0.jar:/home/runner/.m2/repository/org/springframework/spring-jdbc/5.3.34/spring-jdbc-5.3.34.jar:/home/runner/.m2/repository/org/springframework/spring-beans/5.3.34/spring-beans-5.3.34.jar:/home/runner/.m2/repository/org/springframework/spring-core/5.3.34/spring-core-5.3.34.jar:/home/runner/.m2/repository/org/springframework/spring-tx/5.3.34/spring-tx-5.3.34.jar:/home/runner/work/ozone/ozone/hadoop-ozone/client/target/classes:/home/runner/work/ozone/ozone/hadoop-hdds/erasurecode/target/classes:/home/runner/work/ozone/ozone/hadoop-ozone/ozonefs/target/classes:/home/runner/work/ozone/ozone/hadoop-ozone/ozonefs-common/target/classes:/home/runner/work/ozone/ozone/hadoop-ozone/tools/target/classes:/home/runner/.m2/repository/com/amazonaws/aws-java-sdk-core/1.12.661/aws-java-sdk-core-1.12.661.jar:/home/runner/.m2/repository/org/apache/httpcomponents/httpclient/4.5.14/httpclient-4.5.14.jar:/home/runner/.m2/repository/org/apache/httpcomponents/httpcore/4.4.16/httpcore-4.4.16.jar:/home/runner/.m2/repository/com/fasterxml/jackson/dataformat/jackson-dataformat-cbor/2.16.2/jackson-dataformat-cbor-2.16.2.jar:/home/runner/.m2/repository/joda-time/joda-time/2.12.7/joda-time-2.12.7.jar:/home/runner/.m2/repository/com/amazonaws/aws-java-sdk-s3/1.12.661/aws-java-sdk-s3-1.12.661.jar:/home/runner/.m2/repository/com/amazonaws/aws-java-sdk-kms/1.12.661/aws-java-sdk-kms-1.12.661.jar:/home/runner/.m2/repository/com/amazonaws/jmespath-java/1.12.661/jmespath-java-1.12.661.jar:/home/runner/.m2/repository/org/kohsuke/metainf-services/metainf-services/1.11/metainf-services-1.11.jar:/home/runner/work/ozone/ozone/hadoop-hdds/tools/target/classes:/home/runner/.m2/repository/org/apache/ratis/ratis-tools/3.0.1/ratis-tools-3.0.1.jar:/home/runner/.m2/repository/commons-cli/commons-cli/1.8.0/commons-cli-1.8.0.jar:/home/runner/.m2/repository/org/apache/commons/commons-lang3/3.14.0/commons-lang3-3.14.0.jar:/home/runner/work/ozone/ozone/hadoop-ozone/ozone-manager/target/test-classes:/home/runner/work/ozone/ozone/hadoop-hdds/common/target/test-classes:/home/runner/work/ozone/ozone/hadoop-hdds/hadoop-dependency-client/target/classes:/home/runner/.m2/repository/info/picocli/picocli/4.7.6/picocli-4.7.6.jar:/home/runner/.m2/repository/com/fasterxml/jackson/core/jackson-annotations/2.16.2/jackson-annotations-2.16.2.jar:/home/runner/work/ozone/ozone/hadoop-hdds/annotations/target/classes:/home/runner/.m2/repository/javax/annotation/javax.annotation-api/1.3.2/javax.annotation-api-1.3.2.jar:/home/runner/.m2/repository/org/apache/ratis/ratis-server-api/3.0.1/ratis-server-api-3.0.1.jar:/home/runner/.m2/repository/org/apache/ratis/ratis-netty/3.0.1/ratis-netty-3.0.1.jar:/home/runner/.m2/repository/org/apache/ratis/ratis-grpc/3.0.1/ratis-grpc-3.0.1.jar:/home/runner/.m2/repository/org/bouncycastle/bcpkix-jdk18on/1.78.1/bcpkix-jdk18on-1.78.1.jar:/home/runner/.m2/repository/org/bouncycastle/bcutil-jdk18on/1.78.1/bcutil-jdk18on-1.78.1.jar:/home/runner/.m2/repository/commons-validator/commons-validator/1.6/commons-validator-1.6.jar:/home/runner/.m2/repository/commons-beanutils/commons-beanutils/1.9.4/commons-beanutils-1.9.4.jar:/home/runner/.m2/repository/commons-digester/commons-digester/1.8.1/commons-digester-1.8.1.jar:/home/runner/.m2/repository/commons-collections/commons-collections/3.2.2/commons-collections-3.2.2.jar:/home/runner/.m2/repository/io/jaegertracing/jaeger-client/1.8.1/jaeger-client-1.8.1.jar:/home/runner/.m2/repository/io/jaegertracing/jaeger-thrift/1.8.1/jaeger-thrift-1.8.1.jar:/home/runner/.m2/repository/org/apache/thrift/libthrift/0.15.0/libthrift-0.15.0.jar:/home/runner/.m2/repository/io/jaegertracing/jaeger-core/1.8.1/jaeger-core-1.8.1.jar:/home/runner/.m2/repository/io/jaegertracing/jaeger-tracerresolver/1.8.1/jaeger-tracerresolver-1.8.1.jar:/home/runner/.m2/repository/io/opentracing/contrib/opentracing-tracerresolver/0.1.8/opentracing-tracerresolver-0.1.8.jar:/home/runner/.m2/repository/org/jetbrains/kotlin/kotlin-stdlib/1.9.24/kotlin-stdlib-1.9.24.jar:/home/runner/.m2/repository/org/jetbrains/annotations/13.0/annotations-13.0.jar:/home/runner/.m2/repository/io/opentracing/opentracing-util/0.33.0/opentracing-util-0.33.0.jar:/home/runner/.m2/repository/io/opentracing/opentracing-api/0.33.0/opentracing-api-0.33.0.jar:/home/runner/.m2/repository/io/opentracing/opentracing-noop/0.33.0/opentracing-noop-0.33.0.jar:/home/runner/.m2/repository/org/yaml/snakeyaml/2.0/snakeyaml-2.0.jar:/home/runner/.m2/repository/io/grpc/grpc-api/1.58.0/grpc-api-1.58.0.jar:/home/runner/.m2/repository/org/junit/platform/junit-platform-launcher/1.10.2/junit-platform-launcher-1.10.2.jar:/home/runner/.m2/repository/org/junit/platform/junit-platform-engine/1.10.2/junit-platform-engine-1.10.2.jar:/home/runner/.m2/repository/org/apiguardian/apiguardian-api/1.1.2/apiguardian-api-1.1.2.jar:/home/runner/.m2/repository/org/apache/hadoop/hadoop-kms/3.3.6/hadoop-kms-3.3.6.jar:/home/runner/.m2/repository/org/apache/hadoop/hadoop-auth/3.3.6/hadoop-auth-3.3.6.jar:/home/runner/.m2/repository/org/apache/zookeeper/zookeeper/3.8.4/zookeeper-3.8.4.jar:/home/runner/.m2/repository/org/apache/zookeeper/zookeeper-jute/3.8.4/zookeeper-jute-3.8.4.jar:/home/runner/.m2/repository/org/apache/yetus/audience-annotations/0.12.0/audience-annotations-0.12.0.jar:/home/runner/.m2/repository/org/apache/curator/curator-framework/4.2.0/curator-framework-4.2.0.jar:/home/runner/.m2/repository/org/apache/hadoop/thirdparty/hadoop-shaded-guava/1.2.0/hadoop-shaded-guava-1.2.0.jar:/home/runner/.m2/repository/com/sun/jersey/jersey-core/1.19.4/jersey-core-1.19.4.jar:/home/runner/.m2/repository/javax/ws/rs/jsr311-api/1.1.1/jsr311-api-1.1.1.jar:/home/runner/.m2/repository/com/sun/jersey/jersey-server/1.19.4/jersey-server-1.19.4.jar:/home/runner/.m2/repository/javax/servlet/javax.servlet-api/3.1.0/javax.servlet-api-3.1.0.jar:/home/runner/.m2/repository/org/apache/hadoop/hadoop-common/3.3.6/hadoop-common-3.3.6.jar:/home/runner/.m2/repository/org/apache/commons/commons-math3/3.6.1/commons-math3-3.6.1.jar:/home/runner/.m2/repository/commons-net/commons-net/3.10.0/commons-net-3.10.0.jar:/home/runner/.m2/repository/com/sun/jersey/jersey-servlet/1.19.4/jersey-servlet-1.19.4.jar:/home/runner/.m2/repository/com/github/pjfanning/jersey-json/1.20/jersey-json-1.20.jar:/home/runner/.m2/repository/org/codehaus/jettison/jettison/1.1/jettison-1.1.jar:/home/runner/.m2/repository/com/sun/xml/bind/jaxb-impl/2.2.3-1/jaxb-impl-2.2.3-1.jar:/home/runner/.m2/repository/com/google/re2j/re2j/1.7/re2j-1.7.jar:/home/runner/.m2/repository/com/jcraft/jsch/0.1.55/jsch-0.1.55.jar:/home/runner/.m2/repository/org/apache/curator/curator-client/4.2.0/curator-client-4.2.0.jar:/home/runner/.m2/repository/org/apache/curator/curator-recipes/5.2.0/curator-recipes-5.2.0.jar:/home/runner/.m2/repository/com/google/code/findbugs/jsr305/3.0.2/jsr305-3.0.2.jar:/home/runner/.m2/repository/dnsjava/dnsjava/2.1.9/dnsjava-2.1.9.jar:/home/runner/.m2/repository/com/fasterxml/jackson/core/jackson-databind/2.16.2/jackson-databind-2.16.2.jar:/home/runner/.m2/repository/org/apache/hadoop/hadoop-kms/3.3.6/hadoop-kms-3.3.6-tests.jar:/home/runner/work/ozone/ozone/hadoop-hdds/server-scm/target/test-classes:/home/runner/work/ozone/ozone/hadoop-hdds/container-service/target/test-classes:/home/runner/.m2/repository/com/github/luben/zstd-jni/1.5.6-3/zstd-jni-1.5.6-3.jar:/home/runner/.m2/repository/commons-codec/commons-codec/1.17.0/commons-codec-1.17.0.jar:/home/runner/.m2/repository/io/netty/netty-codec/4.1.109.Final/netty-codec-4.1.109.Final.jar:/home/runner/.m2/repository/io/netty/netty-handler/4.1.109.Final/netty-handler-4.1.109.Final.jar:/home/runner/work/ozone/ozone/hadoop-hdds/hadoop-dependency-test/target/classes:/home/runner/.m2/repository/org/apache/hadoop/hadoop-common/3.3.6/hadoop-common-3.3.6-tests.jar:/home/runner/.m2/repository/org/apache/hadoop/hadoop-hdfs/3.3.6/hadoop-hdfs-3.3.6-tests.jar:/home/runner/.m2/repository/org/junit/jupiter/junit-jupiter-engine/5.10.2/junit-jupiter-engine-5.10.2.jar:/home/runner/.m2/repository/org/junit/jupiter/junit-jupiter-params/5.10.2/junit-jupiter-params-5.10.2.jar:/home/runner/.m2/repository/org/mockito/mockito-core/4.11.0/mockito-core-4.11.0.jar:/home/runner/.m2/repository/net/bytebuddy/byte-buddy-agent/1.12.19/byte-buddy-agent-1.12.19.jar:/home/runner/.m2/repository/org/objenesis/objenesis/3.3/objenesis-3.3.jar:/home/runner/.m2/repository/org/mockito/mockito-inline/4.11.0/mockito-inline-4.11.0.jar:/home/runner/.m2/repository/org/mockito/mockito-junit-jupiter/4.11.0/mockito-junit-jupiter-4.11.0.jar:/home/runner/.m2/repository/org/apache/hadoop/hadoop-distcp/3.3.6/hadoop-distcp-3.3.6.jar:/home/runner/.m2/repository/org/apache/hadoop/hadoop-mapreduce-client-jobclient/3.3.6/hadoop-mapreduce-client-jobclient-3.3.6.jar:/home/runner/.m2/repository/org/apache/hadoop/hadoop-mapreduce-client-common/3.3.6/hadoop-mapreduce-client-common-3.3.6.jar:/home/runner/.m2/repository/org/apache/hadoop/hadoop-yarn-common/3.3.6/hadoop-yarn-common-3.3.6.jar:/home/runner/.m2/repository/org/apache/hadoop/hadoop-yarn-api/3.3.6/hadoop-yarn-api-3.3.6.jar:/home/runner/.m2/repository/javax/xml/bind/jaxb-api/2.2.11/jaxb-api-2.2.11.jar:/home/runner/.m2/repository/com/sun/jersey/contribs/jersey-guice/1.19.4/jersey-guice-1.19.4.jar:/home/runner/.m2/repository/com/fasterxml/jackson/jaxrs/jackson-jaxrs-json-provider/2.16.2/jackson-jaxrs-json-provider-2.16.2.jar:/home/runner/.m2/repository/com/fasterxml/jackson/jaxrs/jackson-jaxrs-base/2.16.2/jackson-jaxrs-base-2.16.2.jar:/home/runner/.m2/repository/org/apache/hadoop/hadoop-yarn-client/3.3.6/hadoop-yarn-client-3.3.6.jar:/home/runner/.m2/repository/org/eclipse/jetty/websocket/websocket-client/9.4.51.v20230217/websocket-client-9.4.51.v20230217.jar:/home/runner/.m2/repository/org/eclipse/jetty/websocket/websocket-common/9.4.51.v20230217/websocket-common-9.4.51.v20230217.jar:/home/runner/.m2/repository/org/eclipse/jetty/websocket/websocket-api/9.4.51.v20230217/websocket-api-9.4.51.v20230217.jar:/home/runner/.m2/repository/org/jline/jline/3.9.0/jline-3.9.0.jar:/home/runner/.m2/repository/org/apache/hadoop/hadoop-mapreduce-client-core/3.3.6/hadoop-mapreduce-client-core-3.3.6.jar:/home/runner/.m2/repository/org/apache/avro/avro/1.7.7/avro-1.7.7.jar:/home/runner/.m2/repository/com/thoughtworks/paranamer/paranamer/2.3/paranamer-2.3.jar:/home/runner/.m2/repository/org/apache/hadoop/hadoop-annotations/3.3.6/hadoop-annotations-3.3.6.jar:/home/runner/.m2/repository/io/netty/netty/3.10.6.Final/netty-3.10.6.Final.jar:/home/runner/.m2/repository/org/apache/hadoop/hadoop-distcp/3.3.6/hadoop-distcp-3.3.6-tests.jar:/home/runner/.m2/repository/org/hamcrest/hamcrest/2.2/hamcrest-2.2.jar:/home/runner/.m2/repository/org/slf4j/jul-to-slf4j/2.0.13/jul-to-slf4j-2.0.13.jar:/home/runner/work/ozone/ozone/hadoop-ozone/integration-test/target/gradle-enterprise/test-listeners.jar:"/>
    <property name="java.vm.vendor" value="Eclipse Adoptium"/>
    <property name="sun.arch.data.model" value="64"/>
    <property name="test.build.dir" value="/home/runner/work/ozone/ozone/hadoop-ozone/integration-test/target/test-dir"/>
    <property name="test.cache.data" value=""/>
    <property name="java.vendor.url" value="https://adoptium.net/"/>
    <property name="user.timezone" value="Etc/UTC"/>
    <property name="maven-surefire-plugin.argLineAccessArgs" value=" --add-opens java.management/com.sun.jmx.mbeanserver=ALL-UNNAMED --add-exports java.management/com.sun.jmx.mbeanserver=ALL-UNNAMED --add-opens java.base/java.nio=ALL-UNNAMED --add-opens java.base/java.lang=ALL-UNNAMED --add-opens java.base/java.lang.reflect=ALL-UNNAMED"/>
    <property name="os.name" value="Linux"/>
    <property name="java.vm.specification.version" value="17"/>
    <property name="test.build.data" value="/home/runner/work/ozone/ozone/hadoop-ozone/integration-test/target/test-dir"/>
    <property name="sun.java.launcher" value="SUN_STANDARD"/>
    <property name="sun.boot.library.path" value="/usr/lib/jvm/temurin-17-jdk-amd64/lib"/>
    <property name="sun.java.command" value="/home/runner/work/ozone/ozone/hadoop-ozone/integration-test/target/surefire/surefirebooter13173985935297166480.jar /home/runner/work/ozone/ozone/hadoop-ozone/integration-test/target/surefire 2024-06-12T17-03-32_060-jvmRun1 surefire14333010400628134805tmp surefire_1416077852690195575895tmp"/>
    <property name="jdk.debug" value="release"/>
    <property name="native.lib.tmp.dir" value="/tmp"/>
    <property name="surefire.test.class.path" value="/home/runner/work/ozone/ozone/hadoop-ozone/integration-test/target/test-classes:/home/runner/work/ozone/ozone/hadoop-ozone/integration-test/target/classes:/home/runner/work/ozone/ozone/hadoop-ozone/common/target/classes:/home/runner/.m2/repository/io/grpc/grpc-netty/1.58.0/grpc-netty-1.58.0.jar:/home/runner/.m2/repository/io/grpc/grpc-core/1.58.0/grpc-core-1.58.0.jar:/home/runner/.m2/repository/com/google/android/annotations/4.1.1.4/annotations-4.1.1.4.jar:/home/runner/.m2/repository/org/codehaus/mojo/animal-sniffer-annotations/1.23/animal-sniffer-annotations-1.23.jar:/home/runner/.m2/repository/io/grpc/grpc-context/1.58.0/grpc-context-1.58.0.jar:/home/runner/.m2/repository/io/grpc/grpc-util/1.58.0/grpc-util-1.58.0.jar:/home/runner/.m2/repository/com/google/errorprone/error_prone_annotations/2.2.0/error_prone_annotations-2.2.0.jar:/home/runner/.m2/repository/io/perfmark/perfmark-api/0.26.0/perfmark-api-0.26.0.jar:/home/runner/.m2/repository/io/netty/netty-codec-http2/4.1.109.Final/netty-codec-http2-4.1.109.Final.jar:/home/runner/.m2/repository/io/netty/netty-common/4.1.109.Final/netty-common-4.1.109.Final.jar:/home/runner/.m2/repository/io/netty/netty-buffer/4.1.109.Final/netty-buffer-4.1.109.Final.jar:/home/runner/.m2/repository/io/netty/netty-codec-http/4.1.109.Final/netty-codec-http-4.1.109.Final.jar:/home/runner/.m2/repository/io/netty/netty-handler-proxy/4.1.109.Final/netty-handler-proxy-4.1.109.Final.jar:/home/runner/.m2/repository/io/netty/netty-codec-socks/4.1.109.Final/netty-codec-socks-4.1.109.Final.jar:/home/runner/.m2/repository/io/netty/netty-tcnative-boringssl-static/2.0.65.Final/netty-tcnative-boringssl-static-2.0.65.Final.jar:/home/runner/.m2/repository/io/netty/netty-tcnative-classes/2.0.65.Final/netty-tcnative-classes-2.0.65.Final.jar:/home/runner/.m2/repository/io/netty/netty-tcnative-boringssl-static/2.0.65.Final/netty-tcnative-boringssl-static-2.0.65.Final-linux-x86_64.jar:/home/runner/.m2/repository/io/netty/netty-tcnative-boringssl-static/2.0.65.Final/netty-tcnative-boringssl-static-2.0.65.Final-linux-aarch_64.jar:/home/runner/.m2/repository/io/netty/netty-tcnative-boringssl-static/2.0.65.Final/netty-tcnative-boringssl-static-2.0.65.Final-osx-x86_64.jar:/home/runner/.m2/repository/io/netty/netty-tcnative-boringssl-static/2.0.65.Final/netty-tcnative-boringssl-static-2.0.65.Final-osx-aarch_64.jar:/home/runner/.m2/repository/io/netty/netty-tcnative-boringssl-static/2.0.65.Final/netty-tcnative-boringssl-static-2.0.65.Final-windows-x86_64.jar:/home/runner/.m2/repository/org/apache/commons/commons-compress/1.26.0/commons-compress-1.26.0.jar:/home/runner/work/ozone/ozone/hadoop-hdds/common/target/classes:/home/runner/work/ozone/ozone/hadoop-hdds/client/target/classes:/home/runner/work/ozone/ozone/hadoop-ozone/interface-client/target/classes:/home/runner/.m2/repository/org/apache/hadoop/hadoop-hdfs-client/3.3.6/hadoop-hdfs-client-3.3.6.jar:/home/runner/.m2/repository/com/squareup/okhttp3/okhttp/4.12.0/okhttp-4.12.0.jar:/home/runner/.m2/repository/com/squareup/okio/okio/3.6.0/okio-3.6.0.jar:/home/runner/.m2/repository/com/squareup/okio/okio-jvm/3.6.0/okio-jvm-3.6.0.jar:/home/runner/.m2/repository/org/jetbrains/kotlin/kotlin-stdlib-jdk8/1.9.24/kotlin-stdlib-jdk8-1.9.24.jar:/home/runner/.m2/repository/org/jetbrains/kotlin/kotlin-stdlib-jdk7/1.9.24/kotlin-stdlib-jdk7-1.9.24.jar:/home/runner/.m2/repository/org/jetbrains/kotlin/kotlin-stdlib-common/1.9.24/kotlin-stdlib-common-1.9.24.jar:/home/runner/work/ozone/ozone/hadoop-hdds/test-utils/target/classes:/home/runner/.m2/repository/org/assertj/assertj-core/3.26.0/assertj-core-3.26.0.jar:/home/runner/.m2/repository/net/bytebuddy/byte-buddy/1.14.16/byte-buddy-1.14.16.jar:/home/runner/.m2/repository/com/google/guava/guava/32.1.3-jre/guava-32.1.3-jre.jar:/home/runner/.m2/repository/com/google/guava/failureaccess/1.0.1/failureaccess-1.0.1.jar:/home/runner/.m2/repository/com/google/guava/listenablefuture/9999.0-empty-to-avoid-conflict-with-guava/listenablefuture-9999.0-empty-to-avoid-conflict-with-guava.jar:/home/runner/.m2/repository/org/checkerframework/checker-qual/3.37.0/checker-qual-3.37.0.jar:/home/runner/.m2/repository/com/google/j2objc/j2objc-annotations/2.8/j2objc-annotations-2.8.jar:/home/runner/.m2/repository/commons-io/commons-io/2.16.1/commons-io-2.16.1.jar:/home/runner/.m2/repository/commons-logging/commons-logging/1.2/commons-logging-1.2.jar:/home/runner/.m2/repository/org/junit/jupiter/junit-jupiter-api/5.10.2/junit-jupiter-api-5.10.2.jar:/home/runner/.m2/repository/org/opentest4j/opentest4j/1.3.0/opentest4j-1.3.0.jar:/home/runner/.m2/repository/org/junit/platform/junit-platform-commons/1.10.2/junit-platform-commons-1.10.2.jar:/home/runner/.m2/repository/ch/qos/reload4j/reload4j/1.2.25/reload4j-1.2.25.jar:/home/runner/.m2/repository/jakarta/annotation/jakarta.annotation-api/2.1.1/jakarta.annotation-api-2.1.1.jar:/home/runner/.m2/repository/org/slf4j/slf4j-api/2.0.13/slf4j-api-2.0.13.jar:/home/runner/.m2/repository/org/apache/logging/log4j/log4j-api/2.17.1/log4j-api-2.17.1.jar:/home/runner/work/ozone/ozone/hadoop-hdds/server-scm/target/classes:/home/runner/.m2/repository/com/google/protobuf/protobuf-java/2.5.0/protobuf-java-2.5.0.jar:/home/runner/work/ozone/ozone/hadoop-hdds/container-service/target/classes:/home/runner/work/ozone/ozone/hadoop-hdds/hadoop-dependency-server/target/classes:/home/runner/.m2/repository/com/nimbusds/nimbus-jose-jwt/9.37.2/nimbus-jose-jwt-9.37.2.jar:/home/runner/.m2/repository/com/github/stephenc/jcip/jcip-annotations/1.0-1/jcip-annotations-1.0-1.jar:/home/runner/.m2/repository/org/apache/hadoop/hadoop-hdfs/3.3.6/hadoop-hdfs-3.3.6.jar:/home/runner/.m2/repository/commons-daemon/commons-daemon/1.3.4/commons-daemon-1.3.4.jar:/home/runner/.m2/repository/org/apache/kerby/kerb-core/1.0.1/kerb-core-1.0.1.jar:/home/runner/.m2/repository/org/apache/kerby/kerby-pkix/1.0.1/kerby-pkix-1.0.1.jar:/home/runner/.m2/repository/org/apache/kerby/kerby-asn1/1.0.1/kerby-asn1-1.0.1.jar:/home/runner/.m2/repository/org/apache/kerby/kerby-util/1.0.1/kerby-util-1.0.1.jar:/home/runner/.m2/repository/org/apache/kerby/kerb-util/1.0.1/kerb-util-1.0.1.jar:/home/runner/.m2/repository/org/apache/kerby/kerby-config/1.0.1/kerby-config-1.0.1.jar:/home/runner/.m2/repository/org/apache/kerby/kerb-crypto/1.0.1/kerb-crypto-1.0.1.jar:/home/runner/.m2/repository/org/xerial/snappy/snappy-java/1.1.10.5/snappy-java-1.1.10.5.jar:/home/runner/work/ozone/ozone/hadoop-hdds/framework/target/classes:/home/runner/.m2/repository/org/bouncycastle/bcprov-jdk18on/1.78.1/bcprov-jdk18on-1.78.1.jar:/home/runner/.m2/repository/io/dropwizard/metrics/metrics-core/3.2.6/metrics-core-3.2.6.jar:/home/runner/.m2/repository/org/apache/commons/commons-text/1.11.0/commons-text-1.11.0.jar:/home/runner/work/ozone/ozone/hadoop-hdds/framework/target/test-classes:/home/runner/work/ozone/ozone/hadoop-hdds/interface-server/target/classes:/home/runner/work/ozone/ozone/hadoop-hdds/interface-admin/target/classes:/home/runner/work/ozone/ozone/hadoop-hdds/managed-rocksdb/target/classes:/home/runner/.m2/repository/org/rocksdb/rocksdbjni/7.7.3/rocksdbjni-7.7.3.jar:/home/runner/.m2/repository/org/slf4j/slf4j-reload4j/2.0.13/slf4j-reload4j-2.0.13.jar:/home/runner/.m2/repository/org/apache/commons/commons-configuration2/2.10.1/commons-configuration2-2.10.1.jar:/home/runner/.m2/repository/commons-fileupload/commons-fileupload/1.5/commons-fileupload-1.5.jar:/home/runner/.m2/repository/org/apache/logging/log4j/log4j-core/2.17.1/log4j-core-2.17.1.jar:/home/runner/.m2/repository/com/lmax/disruptor/3.4.4/disruptor-3.4.4.jar:/home/runner/.m2/repository/org/eclipse/jetty/jetty-util/9.4.54.v20240208/jetty-util-9.4.54.v20240208.jar:/home/runner/.m2/repository/org/eclipse/jetty/jetty-server/9.4.54.v20240208/jetty-server-9.4.54.v20240208.jar:/home/runner/.m2/repository/org/eclipse/jetty/jetty-http/9.4.54.v20240208/jetty-http-9.4.54.v20240208.jar:/home/runner/.m2/repository/org/eclipse/jetty/jetty-io/9.4.54.v20240208/jetty-io-9.4.54.v20240208.jar:/home/runner/.m2/repository/org/eclipse/jetty/jetty-servlet/9.4.54.v20240208/jetty-servlet-9.4.54.v20240208.jar:/home/runner/.m2/repository/org/eclipse/jetty/jetty-security/9.4.54.v20240208/jetty-security-9.4.54.v20240208.jar:/home/runner/.m2/repository/org/eclipse/jetty/jetty-util-ajax/9.4.54.v20240208/jetty-util-ajax-9.4.54.v20240208.jar:/home/runner/.m2/repository/org/eclipse/jetty/jetty-webapp/9.4.54.v20240208/jetty-webapp-9.4.54.v20240208.jar:/home/runner/.m2/repository/org/eclipse/jetty/jetty-xml/9.4.54.v20240208/jetty-xml-9.4.54.v20240208.jar:/home/runner/.m2/repository/org/apache/ratis/ratis-server/3.0.1/ratis-server-3.0.1.jar:/home/runner/.m2/repository/org/apache/ratis/ratis-thirdparty-misc/1.0.5/ratis-thirdparty-misc-1.0.5.jar:/home/runner/.m2/repository/org/apache/ratis/ratis-proto/3.0.1/ratis-proto-3.0.1.jar:/home/runner/.m2/repository/org/apache/ratis/ratis-common/3.0.1/ratis-common-3.0.1.jar:/home/runner/.m2/repository/org/apache/ratis/ratis-client/3.0.1/ratis-client-3.0.1.jar:/home/runner/.m2/repository/org/apache/ratis/ratis-metrics-api/3.0.1/ratis-metrics-api-3.0.1.jar:/home/runner/.m2/repository/org/apache/ratis/ratis-metrics-dropwizard3/3.0.1/ratis-metrics-dropwizard3-3.0.1.jar:/home/runner/.m2/repository/io/prometheus/simpleclient_dropwizard/0.16.0/simpleclient_dropwizard-0.16.0.jar:/home/runner/.m2/repository/io/prometheus/simpleclient/0.16.0/simpleclient-0.16.0.jar:/home/runner/.m2/repository/io/prometheus/simpleclient_common/0.16.0/simpleclient_common-0.16.0.jar:/home/runner/.m2/repository/com/fasterxml/jackson/datatype/jackson-datatype-jsr310/2.16.2/jackson-datatype-jsr310-2.16.2.jar:/home/runner/.m2/repository/com/fasterxml/jackson/core/jackson-core/2.16.2/jackson-core-2.16.2.jar:/home/runner/work/ozone/ozone/hadoop-hdds/rocksdb-checkpoint-differ/target/classes:/home/runner/.m2/repository/org/jgrapht/jgrapht-core/1.4.0/jgrapht-core-1.4.0.jar:/home/runner/.m2/repository/org/jheaps/jheaps/0.11/jheaps-0.11.jar:/home/runner/.m2/repository/org/jgrapht/jgrapht-ext/1.4.0/jgrapht-ext-1.4.0.jar:/home/runner/.m2/repository/com/github/vlsi/mxgraph/jgraphx/3.9.8.1/jgraphx-3.9.8.1.jar:/home/runner/work/ozone/ozone/hadoop-ozone/ozone-manager/target/classes:/home/runner/.m2/repository/org/aspectj/aspectjrt/1.9.7/aspectjrt-1.9.7.jar:/home/runner/.m2/repository/org/aspectj/aspectjweaver/1.9.7/aspectjweaver-1.9.7.jar:/home/runner/work/ozone/ozone/hadoop-hdds/interface-client/target/classes:/home/runner/.m2/repository/org/apache/hadoop/thirdparty/hadoop-shaded-protobuf_3_7/1.1.1/hadoop-shaded-protobuf_3_7-1.1.1.jar:/home/runner/work/ozone/ozone/hadoop-ozone/interface-storage/target/classes:/home/runner/.m2/repository/org/reflections/reflections/0.10.2/reflections-0.10.2.jar:/home/runner/.m2/repository/com/sun/jersey/jersey-client/1.19.4/jersey-client-1.19.4.jar:/home/runner/.m2/repository/org/codehaus/jackson/jackson-core-asl/1.9.13/jackson-core-asl-1.9.13.jar:/home/runner/.m2/repository/org/codehaus/jackson/jackson-mapper-asl/1.9.13/jackson-mapper-asl-1.9.13.jar:/home/runner/.m2/repository/org/codehaus/jackson/jackson-jaxrs/1.9.13/jackson-jaxrs-1.9.13.jar:/home/runner/.m2/repository/org/apache/ranger/ranger-intg/2.3.0/ranger-intg-2.3.0.jar:/home/runner/.m2/repository/org/apache/ranger/ranger-plugins-common/2.3.0/ranger-plugins-common-2.3.0.jar:/home/runner/.m2/repository/commons-lang/commons-lang/2.6/commons-lang-2.6.jar:/home/runner/.m2/repository/org/apache/ranger/ranger-plugins-cred/2.3.0/ranger-plugins-cred-2.3.0.jar:/home/runner/.m2/repository/org/apache/ranger/ranger-plugins-audit/2.3.0/ranger-plugins-audit-2.3.0.jar:/home/runner/.m2/repository/org/eclipse/jetty/jetty-client/9.4.54.v20240208/jetty-client-9.4.54.v20240208.jar:/home/runner/.m2/repository/org/apache/httpcomponents/httpmime/4.5.6/httpmime-4.5.6.jar:/home/runner/.m2/repository/org/apache/httpcomponents/httpcore-nio/4.4.16/httpcore-nio-4.4.16.jar:/home/runner/.m2/repository/org/apache/httpcomponents/httpasyncclient/4.1.3/httpasyncclient-4.1.3.jar:/home/runner/.m2/repository/com/carrotsearch/hppc/0.8.0/hppc-0.8.0.jar:/home/runner/.m2/repository/org/apache/orc/orc-core/1.5.8/orc-core-1.5.8.jar:/home/runner/.m2/repository/net/java/dev/jna/jna/5.2.0/jna-5.2.0.jar:/home/runner/.m2/repository/net/java/dev/jna/jna-platform/5.2.0/jna-platform-5.2.0.jar:/home/runner/.m2/repository/com/kstruct/gethostname4j/0.0.2/gethostname4j-0.0.2.jar:/home/runner/.m2/repository/org/apache/ranger/ranger-plugin-classloader/2.3.0/ranger-plugin-classloader-2.3.0.jar:/home/runner/work/ozone/ozone/hadoop-hdds/rocks-native/target/classes:/home/runner/.m2/repository/org/apache/hadoop/hadoop-minikdc/3.3.6/hadoop-minikdc-3.3.6.jar:/home/runner/.m2/repository/org/apache/kerby/kerb-simplekdc/1.0.1/kerb-simplekdc-1.0.1.jar:/home/runner/.m2/repository/org/apache/kerby/kerb-client/1.0.1/kerb-client-1.0.1.jar:/home/runner/.m2/repository/org/apache/kerby/kerb-common/1.0.1/kerb-common-1.0.1.jar:/home/runner/.m2/repository/org/apache/kerby/token-provider/1.0.1/token-provider-1.0.1.jar:/home/runner/.m2/repository/org/apache/kerby/kerb-admin/1.0.1/kerb-admin-1.0.1.jar:/home/runner/.m2/repository/org/apache/kerby/kerb-server/1.0.1/kerb-server-1.0.1.jar:/home/runner/.m2/repository/org/apache/kerby/kerb-identity/1.0.1/kerb-identity-1.0.1.jar:/home/runner/.m2/repository/org/apache/kerby/kerby-xdr/1.0.1/kerby-xdr-1.0.1.jar:/home/runner/.m2/repository/junit/junit/4.13.2/junit-4.13.2.jar:/home/runner/.m2/repository/org/hamcrest/hamcrest-core/1.3/hamcrest-core-1.3.jar:/home/runner/work/ozone/ozone/hadoop-ozone/s3gateway/target/classes:/home/runner/.m2/repository/org/javassist/javassist/3.30.2-GA/javassist-3.30.2-GA.jar:/home/runner/.m2/repository/org/jboss/weld/servlet/weld-servlet-shaded/3.1.9.Final/weld-servlet-shaded-3.1.9.Final.jar:/home/runner/.m2/repository/org/glassfish/jersey/containers/jersey-container-servlet-core/2.43/jersey-container-servlet-core-2.43.jar:/home/runner/.m2/repository/org/glassfish/hk2/external/jakarta.inject/2.6.1/jakarta.inject-2.6.1.jar:/home/runner/.m2/repository/org/glassfish/jersey/core/jersey-common/2.43/jersey-common-2.43.jar:/home/runner/.m2/repository/jakarta/ws/rs/jakarta.ws.rs-api/2.1.6/jakarta.ws.rs-api-2.1.6.jar:/home/runner/.m2/repository/org/glassfish/jersey/ext/cdi/jersey-cdi1x/2.43/jersey-cdi1x-2.43.jar:/home/runner/.m2/repository/org/glassfish/jersey/inject/jersey-hk2/2.43/jersey-hk2-2.43.jar:/home/runner/.m2/repository/org/glassfish/hk2/hk2-locator/2.6.1/hk2-locator-2.6.1.jar:/home/runner/.m2/repository/org/glassfish/jersey/media/jersey-media-jaxb/2.43/jersey-media-jaxb-2.43.jar:/home/runner/.m2/repository/org/glassfish/hk2/osgi-resource-locator/1.0.3/osgi-resource-locator-1.0.3.jar:/home/runner/.m2/repository/org/glassfish/hk2/hk2-api/2.6.1/hk2-api-2.6.1.jar:/home/runner/.m2/repository/org/glassfish/hk2/hk2-utils/2.6.1/hk2-utils-2.6.1.jar:/home/runner/.m2/repository/org/glassfish/hk2/external/aopalliance-repackaged/2.6.1/aopalliance-repackaged-2.6.1.jar:/home/runner/.m2/repository/com/fasterxml/jackson/dataformat/jackson-dataformat-xml/2.16.2/jackson-dataformat-xml-2.16.2.jar:/home/runner/.m2/repository/org/codehaus/woodstox/stax2-api/4.2.2/stax2-api-4.2.2.jar:/home/runner/.m2/repository/com/fasterxml/woodstox/woodstox-core/5.4.0/woodstox-core-5.4.0.jar:/home/runner/.m2/repository/com/fasterxml/jackson/module/jackson-module-jaxb-annotations/2.16.2/jackson-module-jaxb-annotations-2.16.2.jar:/home/runner/.m2/repository/javax/enterprise/cdi-api/2.0/cdi-api-2.0.jar:/home/runner/.m2/repository/javax/el/javax.el-api/3.0.0/javax.el-api-3.0.0.jar:/home/runner/.m2/repository/javax/interceptor/javax.interceptor-api/1.2/javax.interceptor-api-1.2.jar:/home/runner/.m2/repository/javax/inject/javax.inject/1/javax.inject-1.jar:/home/runner/.m2/repository/jakarta/xml/bind/jakarta.xml.bind-api/2.3.3/jakarta.xml.bind-api-2.3.3.jar:/home/runner/.m2/repository/org/glassfish/jaxb/jaxb-runtime/2.3.9/jaxb-runtime-2.3.9.jar:/home/runner/.m2/repository/org/glassfish/jaxb/txw2/2.3.9/txw2-2.3.9.jar:/home/runner/.m2/repository/com/sun/istack/istack-commons-runtime/3.0.12/istack-commons-runtime-3.0.12.jar:/home/runner/.m2/repository/com/sun/activation/jakarta.activation/1.2.2/jakarta.activation-1.2.2.jar:/home/runner/.m2/repository/jakarta/activation/jakarta.activation-api/1.2.2/jakarta.activation-api-1.2.2.jar:/home/runner/.m2/repository/io/grpc/grpc-protobuf/1.58.0/grpc-protobuf-1.58.0.jar:/home/runner/.m2/repository/com/google/api/grpc/proto-google-common-protos/2.22.0/proto-google-common-protos-2.22.0.jar:/home/runner/.m2/repository/io/grpc/grpc-protobuf-lite/1.58.0/grpc-protobuf-lite-1.58.0.jar:/home/runner/.m2/repository/io/grpc/grpc-stub/1.58.0/grpc-stub-1.58.0.jar:/home/runner/.m2/repository/io/netty/netty-transport/4.1.109.Final/netty-transport-4.1.109.Final.jar:/home/runner/.m2/repository/io/netty/netty-resolver/4.1.109.Final/netty-resolver-4.1.109.Final.jar:/home/runner/work/ozone/ozone/hadoop-ozone/csi/target/classes:/home/runner/.m2/repository/com/google/protobuf/protobuf-java-util/3.19.6/protobuf-java-util-3.19.6.jar:/home/runner/.m2/repository/com/google/code/gson/gson/2.10.1/gson-2.10.1.jar:/home/runner/work/ozone/ozone/hadoop-hdds/config/target/classes:/home/runner/.m2/repository/io/netty/netty-transport-native-epoll/4.1.109.Final/netty-transport-native-epoll-4.1.109.Final-linux-x86_64.jar:/home/runner/.m2/repository/io/netty/netty-transport-classes-epoll/4.1.109.Final/netty-transport-classes-epoll-4.1.109.Final.jar:/home/runner/.m2/repository/io/netty/netty-transport-native-unix-common/4.1.109.Final/netty-transport-native-unix-common-4.1.109.Final.jar:/home/runner/work/ozone/ozone/hadoop-ozone/recon/target/classes:/home/runner/work/ozone/ozone/hadoop-ozone/recon-codegen/target/classes:/home/runner/.m2/repository/com/google/inject/guice/6.0.0/guice-6.0.0.jar:/home/runner/.m2/repository/jakarta/inject/jakarta.inject-api/2.0.1/jakarta.inject-api-2.0.1.jar:/home/runner/.m2/repository/aopalliance/aopalliance/1.0/aopalliance-1.0.jar:/home/runner/.m2/repository/com/google/inject/extensions/guice-assistedinject/6.0.0/guice-assistedinject-6.0.0.jar:/home/runner/.m2/repository/com/google/inject/extensions/guice-servlet/6.0.0/guice-servlet-6.0.0.jar:/home/runner/.m2/repository/org/glassfish/jersey/containers/jersey-container-servlet/2.43/jersey-container-servlet-2.43.jar:/home/runner/.m2/repository/org/glassfish/hk2/guice-bridge/2.6.1/guice-bridge-2.6.1.jar:/home/runner/.m2/repository/org/glassfish/jersey/core/jersey-server/2.43/jersey-server-2.43.jar:/home/runner/.m2/repository/org/glassfish/jersey/core/jersey-client/2.43/jersey-client-2.43.jar:/home/runner/.m2/repository/jakarta/validation/jakarta.validation-api/2.0.2/jakarta.validation-api-2.0.2.jar:/home/runner/.m2/repository/org/glassfish/jersey/media/jersey-media-json-jackson/2.43/jersey-media-json-jackson-2.43.jar:/home/runner/.m2/repository/org/glassfish/jersey/ext/jersey-entity-filtering/2.43/jersey-entity-filtering-2.43.jar:/home/runner/.m2/repository/org/jooq/jooq/3.11.10/jooq-3.11.10.jar:/home/runner/.m2/repository/org/jooq/jooq-meta/3.11.10/jooq-meta-3.11.10.jar:/home/runner/.m2/repository/org/jooq/jooq-codegen/3.11.10/jooq-codegen-3.11.10.jar:/home/runner/.m2/repository/com/jolbox/bonecp/0.8.0.RELEASE/bonecp-0.8.0.RELEASE.jar:/home/runner/.m2/repository/org/apache/derby/derby/10.14.2.0/derby-10.14.2.0.jar:/home/runner/.m2/repository/org/xerial/sqlite-jdbc/3.44.1.0/sqlite-jdbc-3.44.1.0.jar:/home/runner/.m2/repository/org/springframework/spring-jdbc/5.3.34/spring-jdbc-5.3.34.jar:/home/runner/.m2/repository/org/springframework/spring-beans/5.3.34/spring-beans-5.3.34.jar:/home/runner/.m2/repository/org/springframework/spring-core/5.3.34/spring-core-5.3.34.jar:/home/runner/.m2/repository/org/springframework/spring-tx/5.3.34/spring-tx-5.3.34.jar:/home/runner/work/ozone/ozone/hadoop-ozone/client/target/classes:/home/runner/work/ozone/ozone/hadoop-hdds/erasurecode/target/classes:/home/runner/work/ozone/ozone/hadoop-ozone/ozonefs/target/classes:/home/runner/work/ozone/ozone/hadoop-ozone/ozonefs-common/target/classes:/home/runner/work/ozone/ozone/hadoop-ozone/tools/target/classes:/home/runner/.m2/repository/com/amazonaws/aws-java-sdk-core/1.12.661/aws-java-sdk-core-1.12.661.jar:/home/runner/.m2/repository/org/apache/httpcomponents/httpclient/4.5.14/httpclient-4.5.14.jar:/home/runner/.m2/repository/org/apache/httpcomponents/httpcore/4.4.16/httpcore-4.4.16.jar:/home/runner/.m2/repository/com/fasterxml/jackson/dataformat/jackson-dataformat-cbor/2.16.2/jackson-dataformat-cbor-2.16.2.jar:/home/runner/.m2/repository/joda-time/joda-time/2.12.7/joda-time-2.12.7.jar:/home/runner/.m2/repository/com/amazonaws/aws-java-sdk-s3/1.12.661/aws-java-sdk-s3-1.12.661.jar:/home/runner/.m2/repository/com/amazonaws/aws-java-sdk-kms/1.12.661/aws-java-sdk-kms-1.12.661.jar:/home/runner/.m2/repository/com/amazonaws/jmespath-java/1.12.661/jmespath-java-1.12.661.jar:/home/runner/.m2/repository/org/kohsuke/metainf-services/metainf-services/1.11/metainf-services-1.11.jar:/home/runner/work/ozone/ozone/hadoop-hdds/tools/target/classes:/home/runner/.m2/repository/org/apache/ratis/ratis-tools/3.0.1/ratis-tools-3.0.1.jar:/home/runner/.m2/repository/commons-cli/commons-cli/1.8.0/commons-cli-1.8.0.jar:/home/runner/.m2/repository/org/apache/commons/commons-lang3/3.14.0/commons-lang3-3.14.0.jar:/home/runner/work/ozone/ozone/hadoop-ozone/ozone-manager/target/test-classes:/home/runner/work/ozone/ozone/hadoop-hdds/common/target/test-classes:/home/runner/work/ozone/ozone/hadoop-hdds/hadoop-dependency-client/target/classes:/home/runner/.m2/repository/info/picocli/picocli/4.7.6/picocli-4.7.6.jar:/home/runner/.m2/repository/com/fasterxml/jackson/core/jackson-annotations/2.16.2/jackson-annotations-2.16.2.jar:/home/runner/work/ozone/ozone/hadoop-hdds/annotations/target/classes:/home/runner/.m2/repository/javax/annotation/javax.annotation-api/1.3.2/javax.annotation-api-1.3.2.jar:/home/runner/.m2/repository/org/apache/ratis/ratis-server-api/3.0.1/ratis-server-api-3.0.1.jar:/home/runner/.m2/repository/org/apache/ratis/ratis-netty/3.0.1/ratis-netty-3.0.1.jar:/home/runner/.m2/repository/org/apache/ratis/ratis-grpc/3.0.1/ratis-grpc-3.0.1.jar:/home/runner/.m2/repository/org/bouncycastle/bcpkix-jdk18on/1.78.1/bcpkix-jdk18on-1.78.1.jar:/home/runner/.m2/repository/org/bouncycastle/bcutil-jdk18on/1.78.1/bcutil-jdk18on-1.78.1.jar:/home/runner/.m2/repository/commons-validator/commons-validator/1.6/commons-validator-1.6.jar:/home/runner/.m2/repository/commons-beanutils/commons-beanutils/1.9.4/commons-beanutils-1.9.4.jar:/home/runner/.m2/repository/commons-digester/commons-digester/1.8.1/commons-digester-1.8.1.jar:/home/runner/.m2/repository/commons-collections/commons-collections/3.2.2/commons-collections-3.2.2.jar:/home/runner/.m2/repository/io/jaegertracing/jaeger-client/1.8.1/jaeger-client-1.8.1.jar:/home/runner/.m2/repository/io/jaegertracing/jaeger-thrift/1.8.1/jaeger-thrift-1.8.1.jar:/home/runner/.m2/repository/org/apache/thrift/libthrift/0.15.0/libthrift-0.15.0.jar:/home/runner/.m2/repository/io/jaegertracing/jaeger-core/1.8.1/jaeger-core-1.8.1.jar:/home/runner/.m2/repository/io/jaegertracing/jaeger-tracerresolver/1.8.1/jaeger-tracerresolver-1.8.1.jar:/home/runner/.m2/repository/io/opentracing/contrib/opentracing-tracerresolver/0.1.8/opentracing-tracerresolver-0.1.8.jar:/home/runner/.m2/repository/org/jetbrains/kotlin/kotlin-stdlib/1.9.24/kotlin-stdlib-1.9.24.jar:/home/runner/.m2/repository/org/jetbrains/annotations/13.0/annotations-13.0.jar:/home/runner/.m2/repository/io/opentracing/opentracing-util/0.33.0/opentracing-util-0.33.0.jar:/home/runner/.m2/repository/io/opentracing/opentracing-api/0.33.0/opentracing-api-0.33.0.jar:/home/runner/.m2/repository/io/opentracing/opentracing-noop/0.33.0/opentracing-noop-0.33.0.jar:/home/runner/.m2/repository/org/yaml/snakeyaml/2.0/snakeyaml-2.0.jar:/home/runner/.m2/repository/io/grpc/grpc-api/1.58.0/grpc-api-1.58.0.jar:/home/runner/.m2/repository/org/junit/platform/junit-platform-launcher/1.10.2/junit-platform-launcher-1.10.2.jar:/home/runner/.m2/repository/org/junit/platform/junit-platform-engine/1.10.2/junit-platform-engine-1.10.2.jar:/home/runner/.m2/repository/org/apiguardian/apiguardian-api/1.1.2/apiguardian-api-1.1.2.jar:/home/runner/.m2/repository/org/apache/hadoop/hadoop-kms/3.3.6/hadoop-kms-3.3.6.jar:/home/runner/.m2/repository/org/apache/hadoop/hadoop-auth/3.3.6/hadoop-auth-3.3.6.jar:/home/runner/.m2/repository/org/apache/zookeeper/zookeeper/3.8.4/zookeeper-3.8.4.jar:/home/runner/.m2/repository/org/apache/zookeeper/zookeeper-jute/3.8.4/zookeeper-jute-3.8.4.jar:/home/runner/.m2/repository/org/apache/yetus/audience-annotations/0.12.0/audience-annotations-0.12.0.jar:/home/runner/.m2/repository/org/apache/curator/curator-framework/4.2.0/curator-framework-4.2.0.jar:/home/runner/.m2/repository/org/apache/hadoop/thirdparty/hadoop-shaded-guava/1.2.0/hadoop-shaded-guava-1.2.0.jar:/home/runner/.m2/repository/com/sun/jersey/jersey-core/1.19.4/jersey-core-1.19.4.jar:/home/runner/.m2/repository/javax/ws/rs/jsr311-api/1.1.1/jsr311-api-1.1.1.jar:/home/runner/.m2/repository/com/sun/jersey/jersey-server/1.19.4/jersey-server-1.19.4.jar:/home/runner/.m2/repository/javax/servlet/javax.servlet-api/3.1.0/javax.servlet-api-3.1.0.jar:/home/runner/.m2/repository/org/apache/hadoop/hadoop-common/3.3.6/hadoop-common-3.3.6.jar:/home/runner/.m2/repository/org/apache/commons/commons-math3/3.6.1/commons-math3-3.6.1.jar:/home/runner/.m2/repository/commons-net/commons-net/3.10.0/commons-net-3.10.0.jar:/home/runner/.m2/repository/com/sun/jersey/jersey-servlet/1.19.4/jersey-servlet-1.19.4.jar:/home/runner/.m2/repository/com/github/pjfanning/jersey-json/1.20/jersey-json-1.20.jar:/home/runner/.m2/repository/org/codehaus/jettison/jettison/1.1/jettison-1.1.jar:/home/runner/.m2/repository/com/sun/xml/bind/jaxb-impl/2.2.3-1/jaxb-impl-2.2.3-1.jar:/home/runner/.m2/repository/com/google/re2j/re2j/1.7/re2j-1.7.jar:/home/runner/.m2/repository/com/jcraft/jsch/0.1.55/jsch-0.1.55.jar:/home/runner/.m2/repository/org/apache/curator/curator-client/4.2.0/curator-client-4.2.0.jar:/home/runner/.m2/repository/org/apache/curator/curator-recipes/5.2.0/curator-recipes-5.2.0.jar:/home/runner/.m2/repository/com/google/code/findbugs/jsr305/3.0.2/jsr305-3.0.2.jar:/home/runner/.m2/repository/dnsjava/dnsjava/2.1.9/dnsjava-2.1.9.jar:/home/runner/.m2/repository/com/fasterxml/jackson/core/jackson-databind/2.16.2/jackson-databind-2.16.2.jar:/home/runner/.m2/repository/org/apache/hadoop/hadoop-kms/3.3.6/hadoop-kms-3.3.6-tests.jar:/home/runner/work/ozone/ozone/hadoop-hdds/server-scm/target/test-classes:/home/runner/work/ozone/ozone/hadoop-hdds/container-service/target/test-classes:/home/runner/.m2/repository/com/github/luben/zstd-jni/1.5.6-3/zstd-jni-1.5.6-3.jar:/home/runner/.m2/repository/commons-codec/commons-codec/1.17.0/commons-codec-1.17.0.jar:/home/runner/.m2/repository/io/netty/netty-codec/4.1.109.Final/netty-codec-4.1.109.Final.jar:/home/runner/.m2/repository/io/netty/netty-handler/4.1.109.Final/netty-handler-4.1.109.Final.jar:/home/runner/work/ozone/ozone/hadoop-hdds/hadoop-dependency-test/target/classes:/home/runner/.m2/repository/org/apache/hadoop/hadoop-common/3.3.6/hadoop-common-3.3.6-tests.jar:/home/runner/.m2/repository/org/apache/hadoop/hadoop-hdfs/3.3.6/hadoop-hdfs-3.3.6-tests.jar:/home/runner/.m2/repository/org/junit/jupiter/junit-jupiter-engine/5.10.2/junit-jupiter-engine-5.10.2.jar:/home/runner/.m2/repository/org/junit/jupiter/junit-jupiter-params/5.10.2/junit-jupiter-params-5.10.2.jar:/home/runner/.m2/repository/org/mockito/mockito-core/4.11.0/mockito-core-4.11.0.jar:/home/runner/.m2/repository/net/bytebuddy/byte-buddy-agent/1.12.19/byte-buddy-agent-1.12.19.jar:/home/runner/.m2/repository/org/objenesis/objenesis/3.3/objenesis-3.3.jar:/home/runner/.m2/repository/org/mockito/mockito-inline/4.11.0/mockito-inline-4.11.0.jar:/home/runner/.m2/repository/org/mockito/mockito-junit-jupiter/4.11.0/mockito-junit-jupiter-4.11.0.jar:/home/runner/.m2/repository/org/apache/hadoop/hadoop-distcp/3.3.6/hadoop-distcp-3.3.6.jar:/home/runner/.m2/repository/org/apache/hadoop/hadoop-mapreduce-client-jobclient/3.3.6/hadoop-mapreduce-client-jobclient-3.3.6.jar:/home/runner/.m2/repository/org/apache/hadoop/hadoop-mapreduce-client-common/3.3.6/hadoop-mapreduce-client-common-3.3.6.jar:/home/runner/.m2/repository/org/apache/hadoop/hadoop-yarn-common/3.3.6/hadoop-yarn-common-3.3.6.jar:/home/runner/.m2/repository/org/apache/hadoop/hadoop-yarn-api/3.3.6/hadoop-yarn-api-3.3.6.jar:/home/runner/.m2/repository/javax/xml/bind/jaxb-api/2.2.11/jaxb-api-2.2.11.jar:/home/runner/.m2/repository/com/sun/jersey/contribs/jersey-guice/1.19.4/jersey-guice-1.19.4.jar:/home/runner/.m2/repository/com/fasterxml/jackson/jaxrs/jackson-jaxrs-json-provider/2.16.2/jackson-jaxrs-json-provider-2.16.2.jar:/home/runner/.m2/repository/com/fasterxml/jackson/jaxrs/jackson-jaxrs-base/2.16.2/jackson-jaxrs-base-2.16.2.jar:/home/runner/.m2/repository/org/apache/hadoop/hadoop-yarn-client/3.3.6/hadoop-yarn-client-3.3.6.jar:/home/runner/.m2/repository/org/eclipse/jetty/websocket/websocket-client/9.4.51.v20230217/websocket-client-9.4.51.v20230217.jar:/home/runner/.m2/repository/org/eclipse/jetty/websocket/websocket-common/9.4.51.v20230217/websocket-common-9.4.51.v20230217.jar:/home/runner/.m2/repository/org/eclipse/jetty/websocket/websocket-api/9.4.51.v20230217/websocket-api-9.4.51.v20230217.jar:/home/runner/.m2/repository/org/jline/jline/3.9.0/jline-3.9.0.jar:/home/runner/.m2/repository/org/apache/hadoop/hadoop-mapreduce-client-core/3.3.6/hadoop-mapreduce-client-core-3.3.6.jar:/home/runner/.m2/repository/org/apache/avro/avro/1.7.7/avro-1.7.7.jar:/home/runner/.m2/repository/com/thoughtworks/paranamer/paranamer/2.3/paranamer-2.3.jar:/home/runner/.m2/repository/org/apache/hadoop/hadoop-annotations/3.3.6/hadoop-annotations-3.3.6.jar:/home/runner/.m2/repository/io/netty/netty/3.10.6.Final/netty-3.10.6.Final.jar:/home/runner/.m2/repository/org/apache/hadoop/hadoop-distcp/3.3.6/hadoop-distcp-3.3.6-tests.jar:/home/runner/.m2/repository/org/hamcrest/hamcrest/2.2/hamcrest-2.2.jar:/home/runner/.m2/repository/org/slf4j/jul-to-slf4j/2.0.13/jul-to-slf4j-2.0.13.jar:/home/runner/work/ozone/ozone/hadoop-ozone/integration-test/target/gradle-enterprise/test-listeners.jar:"/>
    <property name="sun.cpu.endian" value="little"/>
    <property name="user.home" value="/home/runner"/>
    <property name="user.language" value="en"/>
    <property name="java.specification.vendor" value="Oracle Corporation"/>
    <property name="java.version.date" value="2024-04-16"/>
    <property name="java.home" value="/usr/lib/jvm/temurin-17-jdk-amd64"/>
    <property name="java.security.krb5.conf" value="/home/runner/work/ozone/ozone/hadoop-ozone/integration-test/target/test-classes/krb5.conf"/>
    <property name="file.separator" value="/"/>
    <property name="basedir" value="/home/runner/work/ozone/ozone/hadoop-ozone/integration-test"/>
    <property name="java.vm.compressedOopsMode" value="Zero based"/>
    <property name="line.separator" value="&#10;"/>
    <property name="java.vm.specification.vendor" value="Oracle Corporation"/>
    <property name="java.specification.name" value="Java Platform API Specification"/>
    <property name="skip.installnpx" value="true"/>
    <property name="surefire.real.class.path" value="/home/runner/work/ozone/ozone/hadoop-ozone/integration-test/target/surefire/surefirebooter13173985935297166480.jar"/>
    <property name="hadoop.log.dir" value="/home/runner/work/ozone/ozone/hadoop-ozone/integration-test/target/log"/>
    <property name="sun.management.compiler" value="HotSpot 64-Bit Tiered Compilers"/>
    <property name="java.runtime.version" value="17.0.11+9"/>
    <property name="skip.npx" value="true"/>
    <property name="user.name" value="runner"/>
    <property name="java.net.preferIPv4Stack" value="true"/>
    <property name="path.separator" value=":"/>
    <property name="java.security.egd" value="file:///dev/urandom"/>
    <property name="os.version" value="5.15.0-1064-azure"/>
    <property name="java.runtime.name" value="OpenJDK Runtime Environment"/>
    <property name="com.gradle.maven.scan.extension.test.listener.junitplatform.NestedExecutionSafeDelegatingTestExecutionListener" value="34f7cfd9"/>
    <property name="file.encoding" value="UTF-8"/>
    <property name="java.vm.name" value="OpenJDK 64-Bit Server VM"/>
    <property name="java.vendor.version" value="Temurin-17.0.11+9"/>
    <property name="test.build.webapps" value=""/>
    <property name="develocity.listener.surefire.forkId" value="1"/>
    <property name="localRepository" value="/home/runner/.m2/repository"/>
    <property name="java.vendor.url.bug" value="https://github.com/adoptium/adoptium-support/issues"/>
    <property name="jetty.git.hash" value="cef3fbd6d736a21e7d541a5db490381d95a2047d"/>
    <property name="java.io.tmpdir" value="/tmp"/>
    <property name="require.test.libhadoop" value=""/>
    <property name="java.version" value="17.0.11"/>
    <property name="user.dir" value="/home/runner/work/ozone/ozone/hadoop-ozone/integration-test"/>
    <property name="os.arch" value="amd64"/>
    <property name="java.vm.specification.name" value="Java Virtual Machine Specification"/>
    <property name="test.build.classes" value="/home/runner/work/ozone/ozone/hadoop-ozone/integration-test/target/test-classes"/>
    <property name="org.apache.ratis.thirdparty.io.netty.allocator.useCacheForAllThreads" value="false"/>
    <property name="native.encoding" value="UTF-8"/>
    <property name="hadoop.tmp.dir" value="/home/runner/work/ozone/ozone/hadoop-ozone/integration-test/target/tmp"/>
    <property name="java.library.path" value="/usr/java/packages/lib:/usr/lib64:/lib64:/lib:/usr/lib"/>
    <property name="java.vm.info" value="mixed mode, sharing"/>
    <property name="java.vendor" value="Eclipse Adoptium"/>
    <property name="java.vm.version" value="17.0.11+9"/>
    <property name="sun.io.unicode.encoding" value="UnicodeLittle"/>
    <property name="develocity.listener.port" value="44751"/>
    <property name="java.class.version" value="61.0"/>
  </properties>
  <testcase name="test2DatanodesFailure(boolean)[1]" classname="org.apache.hadoop.ozone.client.rpc.TestBlockOutputStreamWithFailures" time="38.19"/>
  <testcase name="test2DatanodesFailure(boolean)[2]" classname="org.apache.hadoop.ozone.client.rpc.TestBlockOutputStreamWithFailures" time="43.473">
    <error type="java.io.IOException"><![CDATA[java.io.IOException: java.io.IOException: INTERNAL_ERROR org.apache.hadoop.ozone.om.exceptions.OMException: Unable to allocate a container to the block of size: 800, replicationConfig: RATIS/THREE. The input pipeline IDs 2ea4685a-0e77-4a18-885c-964d4f137560 cannot be found
	at org.apache.hadoop.ozone.client.io.KeyOutputStream.handleWrite(KeyOutputStream.java:238)
	at org.apache.hadoop.ozone.client.io.KeyOutputStream.write(KeyOutputStream.java:208)
	at org.apache.hadoop.ozone.client.io.OzoneOutputStream.write(OzoneOutputStream.java:94)
	at java.base/java.io.OutputStream.write(OutputStream.java:127)
	at org.apache.hadoop.ozone.client.rpc.TestBlockOutputStreamWithFailures.test2DatanodesFailure(TestBlockOutputStreamWithFailures.java:327)
	at java.base/java.lang.reflect.Method.invoke(Method.java:568)
	at java.base/java.util.stream.ForEachOps$ForEachOp$OfRef.accept(ForEachOps.java:183)
	at java.base/java.util.stream.ReferencePipeline$3$1.accept(ReferencePipeline.java:197)
	at java.base/java.util.stream.ReferencePipeline$2$1.accept(ReferencePipeline.java:179)
	at java.base/java.util.stream.ReferencePipeline$3$1.accept(ReferencePipeline.java:197)
	at java.base/java.util.stream.ForEachOps$ForEachOp$OfRef.accept(ForEachOps.java:183)
	at java.base/java.util.stream.ReferencePipeline$3$1.accept(ReferencePipeline.java:197)
	at java.base/java.util.stream.ReferencePipeline$3$1.accept(ReferencePipeline.java:197)
	at java.base/java.util.stream.ReferencePipeline$3$1.accept(ReferencePipeline.java:197)
	at java.base/java.util.stream.ForEachOps$ForEachOp$OfRef.accept(ForEachOps.java:183)
	at java.base/java.util.stream.ReferencePipeline$3$1.accept(ReferencePipeline.java:197)
	at java.base/java.util.Spliterators$ArraySpliterator.forEachRemaining(Spliterators.java:992)
	at java.base/java.util.stream.AbstractPipeline.copyInto(AbstractPipeline.java:509)
	at java.base/java.util.stream.AbstractPipeline.wrapAndCopyInto(AbstractPipeline.java:499)
	at java.base/java.util.stream.ForEachOps$ForEachOp.evaluateSequential(ForEachOps.java:150)
	at java.base/java.util.stream.ForEachOps$ForEachOp$OfRef.evaluateSequential(ForEachOps.java:173)
	at java.base/java.util.stream.AbstractPipeline.evaluate(AbstractPipeline.java:234)
	at java.base/java.util.stream.ReferencePipeline.forEach(ReferencePipeline.java:596)
	at java.base/java.util.stream.ReferencePipeline$7$1.accept(ReferencePipeline.java:276)
	at java.base/java.util.stream.ReferencePipeline$3$1.accept(ReferencePipeline.java:197)
	at java.base/java.util.stream.ReferencePipeline$3$1.accept(ReferencePipeline.java:197)
	at java.base/java.util.stream.ReferencePipeline$3$1.accept(ReferencePipeline.java:197)
	at java.base/java.util.ArrayList$ArrayListSpliterator.forEachRemaining(ArrayList.java:1625)
	at java.base/java.util.stream.AbstractPipeline.copyInto(AbstractPipeline.java:509)
	at java.base/java.util.stream.AbstractPipeline.wrapAndCopyInto(AbstractPipeline.java:499)
	at java.base/java.util.stream.ForEachOps$ForEachOp.evaluateSequential(ForEachOps.java:150)
	at java.base/java.util.stream.ForEachOps$ForEachOp$OfRef.evaluateSequential(ForEachOps.java:173)
	at java.base/java.util.stream.AbstractPipeline.evaluate(AbstractPipeline.java:234)
	at java.base/java.util.stream.ReferencePipeline.forEach(ReferencePipeline.java:596)
	at java.base/java.util.stream.ReferencePipeline$7$1.accept(ReferencePipeline.java:276)
	at java.base/java.util.ArrayList$ArrayListSpliterator.forEachRemaining(ArrayList.java:1625)
	at java.base/java.util.stream.AbstractPipeline.copyInto(AbstractPipeline.java:509)
	at java.base/java.util.stream.AbstractPipeline.wrapAndCopyInto(AbstractPipeline.java:499)
	at java.base/java.util.stream.ForEachOps$ForEachOp.evaluateSequential(ForEachOps.java:150)
	at java.base/java.util.stream.ForEachOps$ForEachOp$OfRef.evaluateSequential(ForEachOps.java:173)
	at java.base/java.util.stream.AbstractPipeline.evaluate(AbstractPipeline.java:234)
	at java.base/java.util.stream.ReferencePipeline.forEach(ReferencePipeline.java:596)
	at java.base/java.util.ArrayList.forEach(ArrayList.java:1511)
	at java.base/java.util.ArrayList.forEach(ArrayList.java:1511)
Caused by: java.io.IOException: INTERNAL_ERROR org.apache.hadoop.ozone.om.exceptions.OMException: Unable to allocate a container to the block of size: 800, replicationConfig: RATIS/THREE. The input pipeline IDs 2ea4685a-0e77-4a18-885c-964d4f137560 cannot be found
	at org.apache.hadoop.ozone.client.io.KeyOutputStream.handleWrite(KeyOutputStream.java:238)
	at org.apache.hadoop.ozone.client.io.KeyOutputStream.handleRetry(KeyOutputStream.java:410)
	at org.apache.hadoop.ozone.client.io.KeyOutputStream.handleException(KeyOutputStream.java:355)
	at org.apache.hadoop.ozone.client.io.KeyOutputStream.handleFlushOrClose(KeyOutputStream.java:489)
	at org.apache.hadoop.ozone.client.io.KeyOutputStream.handleWrite(KeyOutputStream.java:232)
	... 43 more
Caused by: INTERNAL_ERROR org.apache.hadoop.ozone.om.exceptions.OMException: Unable to allocate a container to the block of size: 800, replicationConfig: RATIS/THREE. The input pipeline IDs 2ea4685a-0e77-4a18-885c-964d4f137560 cannot be found
	at org.apache.hadoop.ozone.om.protocolPB.OzoneManagerProtocolClientSideTranslatorPB.handleError(OzoneManagerProtocolClientSideTranslatorPB.java:751)
	at org.apache.hadoop.ozone.om.protocolPB.OzoneManagerProtocolClientSideTranslatorPB.handleSubmitRequestAndSCMSafeModeRetry(OzoneManagerProtocolClientSideTranslatorPB.java:2294)
	at org.apache.hadoop.ozone.om.protocolPB.OzoneManagerProtocolClientSideTranslatorPB.allocateBlock(OzoneManagerProtocolClientSideTranslatorPB.java:787)
	at org.apache.hadoop.ozone.client.io.BlockOutputStreamEntryPool.allocateNewBlock(BlockOutputStreamEntryPool.java:299)
	at org.apache.hadoop.ozone.client.io.BlockOutputStreamEntryPool.allocateBlockIfNeeded(BlockOutputStreamEntryPool.java:382)
	at org.apache.hadoop.ozone.client.io.KeyOutputStream.handleWrite(KeyOutputStream.java:217)
	... 47 more
]]></error>
    <system-out><![CDATA[2024-06-12 17:07:56,831 [main] WARN  server.ServerUtils (ServerUtils.java:getScmDbDir(143)) - ozone.scm.db.dirs is not configured. We recommend adding this setting. Falling back to ozone.metadata.dirs instead.
2024-06-12 17:07:56,834 [main] WARN  server.ServerUtils (ServerUtils.java:getScmDbDir(143)) - ozone.scm.db.dirs is not configured. We recommend adding this setting. Falling back to ozone.metadata.dirs instead.
2024-06-12 17:07:56,835 [main] INFO  ha.SCMHANodeDetails (SCMHANodeDetails.java:loadSCMHAConfig(207)) - ServiceID for StorageContainerManager is null
2024-06-12 17:07:56,835 [main] INFO  ha.SCMHANodeDetails (SCMHANodeDetails.java:loadSCMHAConfig(212)) - ozone.scm.default.service.id is not defined, falling back to ozone.scm.service.ids to find serviceID for StorageContainerManager if it is HA enabled cluster
2024-06-12 17:07:56,836 [main] WARN  utils.HAUtils (HAUtils.java:getMetaDir(339)) - ozone.scm.db.dirs is not configured. We recommend adding this setting. Falling back to ozone.metadata.dirs instead.
2024-06-12 17:07:56,836 [main] WARN  db.DBStoreBuilder (DBStoreBuilder.java:applyDBDefinition(171)) - ozone.scm.db.dirs is not configured. We recommend adding this setting. Falling back to ozone.metadata.dirs instead.
2024-06-12 17:07:56,889 [main] INFO  net.NodeSchemaLoader (NodeSchemaLoader.java:loadSchemaFromFile(129)) - Loading schema from [file:/home/runner/work/ozone/ozone/hadoop-hdds/common/target/classes/network-topology-default.xml]
2024-06-12 17:07:56,889 [main] INFO  net.NodeSchemaLoader (NodeSchemaLoader.java:loadSchema(176)) - Loading network topology layer schema file
2024-06-12 17:07:56,893 [main] INFO  upgrade.AbstractLayoutVersionManager (AbstractLayoutVersionManager.java:init(83)) - Initializing Layout version manager with metadata layout = HADOOP_PRC_PORTS_IN_DATANODEDETAILS (version = 7), software layout = HADOOP_PRC_PORTS_IN_DATANODEDETAILS (version = 7)
2024-06-12 17:07:56,895 [main] INFO  ha.SequenceIdGenerator (SequenceIdGenerator.java:upgradeToSequenceId(369)) - upgrade localId to 113750153625600000
2024-06-12 17:07:56,896 [main] INFO  ha.SequenceIdGenerator (SequenceIdGenerator.java:upgradeToSequenceId(379)) - upgrade delTxnId to 0
2024-06-12 17:07:56,897 [main] INFO  ha.SequenceIdGenerator (SequenceIdGenerator.java:upgradeToSequenceId(396)) - upgrade containerId to 0
2024-06-12 17:07:56,898 [main] INFO  ha.SequenceIdGenerator (SequenceIdGenerator.java:upgradeToCertificateSequenceId(433)) - upgrade CertificateId to 2
2024-06-12 17:07:56,899 [main] INFO  ha.SequenceIdGenerator (SequenceIdGenerator.java:<init>(240)) - Init the HA SequenceIdGenerator.
2024-06-12 17:07:56,900 [main] INFO  node.SCMNodeManager (SCMNodeManager.java:<init>(177)) - Entering startup safe mode.
2024-06-12 17:07:56,900 [main] INFO  algorithms.ContainerPlacementPolicyFactory (ContainerPlacementPolicyFactory.java:getPolicyInternal(86)) - Create container placement policy of type org.apache.hadoop.hdds.scm.container.placement.algorithms.SCMContainerPlacementRackAware
2024-06-12 17:07:56,900 [main] INFO  algorithms.ContainerPlacementPolicyFactory (ContainerPlacementPolicyFactory.java:getPolicyInternal(86)) - Create container placement policy of type org.apache.hadoop.hdds.scm.container.placement.algorithms.SCMContainerPlacementRackScatter
2024-06-12 17:07:56,901 [main] INFO  pipeline.PipelineStateManagerImpl (PipelineStateManagerImpl.java:initialize(78)) - No pipeline exists in current db
2024-06-12 17:07:56,901 [main] INFO  algorithms.LeaderChoosePolicyFactory (LeaderChoosePolicyFactory.java:getPolicy(57)) - Create leader choose policy of type org.apache.hadoop.hdds.scm.pipeline.leader.choose.algorithms.MinLeaderCountChoosePolicy
2024-06-12 17:07:56,901 [main] INFO  algorithms.ContainerPlacementPolicyFactory (ContainerPlacementPolicyFactory.java:getPolicyInternal(86)) - Create container placement policy of type org.apache.hadoop.hdds.scm.container.placement.algorithms.SCMContainerPlacementRackScatter
2024-06-12 17:07:56,901 [main] INFO  ha.SCMServiceManager (SCMServiceManager.java:register(42)) - Registering service BackgroundPipelineCreator.
2024-06-12 17:07:56,902 [main] INFO  pipeline.BackgroundPipelineCreator (BackgroundPipelineCreator.java:start(127)) - Starting RatisPipelineUtilsThread.
2024-06-12 17:07:56,905 [main] INFO  BackgroundPipelineScrubber (BackgroundSCMService.java:start(65)) - Starting BackgroundPipelineScrubber Service.
2024-06-12 17:07:56,905 [main] INFO  ha.SCMServiceManager (SCMServiceManager.java:register(42)) - Registering service BackgroundPipelineScrubber.
2024-06-12 17:07:56,905 [main] INFO  ExpiredContainerReplicaOpScrubber (BackgroundSCMService.java:start(65)) - Starting ExpiredContainerReplicaOpScrubber Service.
2024-06-12 17:07:56,906 [main] INFO  ha.SCMServiceManager (SCMServiceManager.java:register(42)) - Registering service ExpiredContainerReplicaOpScrubber.
2024-06-12 17:07:56,907 [main] INFO  algorithms.PipelineChoosePolicyFactory (PipelineChoosePolicyFactory.java:createPipelineChoosePolicyFromClass(80)) - Create pipeline choose policy of type org.apache.hadoop.hdds.scm.pipeline.choose.algorithms.RandomPipelineChoosePolicy
2024-06-12 17:07:56,907 [main] INFO  algorithms.PipelineChoosePolicyFactory (PipelineChoosePolicyFactory.java:createPipelineChoosePolicyFromClass(80)) - Create pipeline choose policy of type org.apache.hadoop.hdds.scm.pipeline.choose.algorithms.RandomPipelineChoosePolicy
2024-06-12 17:07:56,908 [main] INFO  ha.SCMServiceManager (SCMServiceManager.java:register(42)) - Registering service SCMBlockDeletingService.
2024-06-12 17:07:56,909 [main] INFO  replication.ReplicationManager (ReplicationManager.java:start(296)) - Starting Replication Monitor Thread.
2024-06-12 17:07:56,915 [ReplicationMonitor] INFO  replication.ReplicationManager (ReplicationManager.java:processAll(373)) - Replication Manager is not ready to run until 3000ms after safemode exit
2024-06-12 17:07:56,915 [main] INFO  ha.SCMServiceManager (SCMServiceManager.java:register(42)) - Registering service ReplicationManager.
2024-06-12 17:07:56,916 [main] INFO  safemode.ContainerSafeModeRule (ContainerSafeModeRule.java:<init>(91)) - containers with one replica threshold count 0
2024-06-12 17:07:56,916 [main] INFO  safemode.HealthyPipelineSafeModeRule (HealthyPipelineSafeModeRule.java:initializeRule(176)) - Total pipeline count is 0, healthy pipeline threshold count is 1
2024-06-12 17:07:56,916 [main] INFO  safemode.OneReplicaPipelineSafeModeRule (OneReplicaPipelineSafeModeRule.java:initializeRule(193)) - Total pipeline count is 0, pipeline's with at least one datanode reported threshold count is 0
2024-06-12 17:07:56,917 [main] INFO  server.StorageContainerManager (StorageContainerManager.java:<init>(437)) - SCM start with adminUsers: [runner]
2024-06-12 17:07:56,917 [main] INFO  ipc.CallQueueManager (CallQueueManager.java:<init>(90)) - Using callQueue: class java.util.concurrent.LinkedBlockingQueue, queueCapacity: 10000, scheduler: class org.apache.hadoop.ipc.DefaultRpcScheduler, ipcBackoff: false.
2024-06-12 17:07:56,918 [main] INFO  ipc.Server (Server.java:<init>(1287)) - Listener at 0.0.0.0:15055
2024-06-12 17:07:56,918 [Socket Reader #1 for port 15055] INFO  ipc.Server (Server.java:run(1323)) - Starting Socket Reader #1 for port 15055
2024-06-12 17:07:56,919 [main] INFO  ipc.CallQueueManager (CallQueueManager.java:<init>(90)) - Using callQueue: class java.util.concurrent.LinkedBlockingQueue, queueCapacity: 10000, scheduler: class org.apache.hadoop.ipc.DefaultRpcScheduler, ipcBackoff: false.
2024-06-12 17:07:56,919 [main] INFO  ipc.Server (Server.java:<init>(1287)) - Listener at 0.0.0.0:15054
2024-06-12 17:07:56,920 [Socket Reader #1 for port 15054] INFO  ipc.Server (Server.java:run(1323)) - Starting Socket Reader #1 for port 15054
2024-06-12 17:07:56,920 [main] INFO  ipc.CallQueueManager (CallQueueManager.java:<init>(90)) - Using callQueue: class java.util.concurrent.LinkedBlockingQueue, queueCapacity: 10000, scheduler: class org.apache.hadoop.ipc.DefaultRpcScheduler, ipcBackoff: false.
2024-06-12 17:07:56,920 [main] INFO  ipc.Server (Server.java:<init>(1287)) - Listener at 0.0.0.0:15053
2024-06-12 17:07:56,921 [Socket Reader #1 for port 15053] INFO  ipc.Server (Server.java:run(1323)) - Starting Socket Reader #1 for port 15053
2024-06-12 17:07:56,925 [main] INFO  ha.SCMServiceManager (SCMServiceManager.java:register(42)) - Registering service ContainerBalancer.
2024-06-12 17:07:56,925 [main] INFO  ha.SCMContext (SCMContext.java:updateSafeModeStatus(225)) - Update SafeModeStatus from SafeModeStatus{safeModeStatus=true, preCheckPassed=false} to SafeModeStatus{safeModeStatus=true, preCheckPassed=false}.
2024-06-12 17:07:56,925 [main] INFO  server.StorageContainerManager (StorageContainerManager.java:start(1523)) - StorageContainerLocationProtocol RPC server is listening at /0.0.0.0:15053
2024-06-12 17:07:56,927 [main] WARN  impl.MetricsConfig (MetricsConfig.java:loadFirst(136)) - Cannot locate configuration: tried hadoop-metrics2-storagecontainermanager.properties,hadoop-metrics2.properties
2024-06-12 17:07:56,927 [main] INFO  impl.MetricsSystemImpl (MetricsSystemImpl.java:startTimer(378)) - Scheduled Metric snapshot period at 10 second(s).
2024-06-12 17:07:56,928 [main] INFO  impl.MetricsSystemImpl (MetricsSystemImpl.java:start(191)) - StorageContainerManager metrics system started
2024-06-12 17:07:56,934 [main] INFO  impl.MetricsSinkAdapter (MetricsSinkAdapter.java:start(204)) - Sink prometheus started
2024-06-12 17:07:56,934 [main] INFO  impl.MetricsSystemImpl (MetricsSystemImpl.java:registerSink(305)) - Registered sink prometheus
2024-06-12 17:07:56,966 [main] INFO  server.SCMClientProtocolServer (SCMClientProtocolServer.java:start(204)) - RPC server for Client  is listening at /0.0.0.0:15053
2024-06-12 17:07:56,967 [IPC Server Responder] INFO  ipc.Server (Server.java:run(1562)) - IPC Server Responder: starting
2024-06-12 17:07:56,968 [IPC Server listener on 15053] INFO  ipc.Server (Server.java:run(1402)) - IPC Server listener on 15053: starting
2024-06-12 17:07:56,992 [main] INFO  server.StorageContainerManager (StorageContainerManager.java:start(1536)) - ScmBlockLocationProtocol RPC server is listening at /0.0.0.0:15054
2024-06-12 17:07:56,992 [main] INFO  server.SCMBlockProtocolServer (SCMBlockProtocolServer.java:start(162)) - RPC server for Block Protocol is listening at /0.0.0.0:15054
2024-06-12 17:07:56,992 [IPC Server listener on 15054] INFO  ipc.Server (Server.java:run(1402)) - IPC Server listener on 15054: starting
2024-06-12 17:07:56,994 [IPC Server Responder] INFO  ipc.Server (Server.java:run(1562)) - IPC Server Responder: starting
2024-06-12 17:07:57,000 [main] INFO  server.SCMDatanodeProtocolServer (SCMDatanodeProtocolServer.java:start(194)) - ScmDatanodeProtocol RPC server for DataNodes is listening at /0.0.0.0:15055
2024-06-12 17:07:57,000 [IPC Server Responder] INFO  ipc.Server (Server.java:run(1562)) - IPC Server Responder: starting
2024-06-12 17:07:57,000 [IPC Server listener on 15055] INFO  ipc.Server (Server.java:run(1402)) - IPC Server listener on 15055: starting
2024-06-12 17:07:57,008 [JvmPauseMonitor7] INFO  util.JvmPauseMonitor (JvmPauseMonitor.java:run(146)) - JvmPauseMonitor-2aaaa235-058c-47ab-a768-d56e94b27e30: Started
2024-06-12 17:07:57,008 [main] INFO  http.BaseHttpServer (BaseHttpServer.java:newHttpServer2BuilderForOzone(223)) - Starting Web-server for scm at: http://0.0.0.0:15056
2024-06-12 17:07:57,009 [main] INFO  http.BaseHttpServer (BaseHttpServer.java:<init>(110)) - Hadoop Security Enabled: false Ozone Security Enabled: false Ozone HTTP Security Enabled: false 
2024-06-12 17:07:57,010 [main] WARN  server.AuthenticationFilter (AuthenticationFilter.java:constructSecretProvider(240)) - Unable to initialize FileSignerSecretProvider, falling back to use random secrets. Reason: Could not read signature secret file: /home/runner/hadoop-http-auth-signature-secret
2024-06-12 17:07:57,011 [main] INFO  http.HttpRequestLog (HttpRequestLog.java:getRequestLog(86)) - Http request log for http.requests.scm is not defined
2024-06-12 17:07:57,012 [main] INFO  http.HttpServer2 (HttpServer2.java:addGlobalFilter(1036)) - Added global filter 'safety' (class=org.apache.hadoop.hdds.server.http.HttpServer2$QuotingInputFilter)
2024-06-12 17:07:57,013 [main] INFO  http.HttpServer2 (HttpServer2.java:addFilter(1012)) - Added filter static_user_filter (class=org.apache.hadoop.http.lib.StaticUserWebFilter$StaticUserFilter) to context scm
2024-06-12 17:07:57,013 [main] INFO  http.HttpServer2 (HttpServer2.java:addFilter(1020)) - Added filter static_user_filter (class=org.apache.hadoop.http.lib.StaticUserWebFilter$StaticUserFilter) to context static
2024-06-12 17:07:57,014 [main] INFO  http.HttpServer2 (HttpServer2.java:addFilter(1020)) - Added filter static_user_filter (class=org.apache.hadoop.http.lib.StaticUserWebFilter$StaticUserFilter) to context logs
2024-06-12 17:07:57,014 [main] INFO  http.BaseHttpServer (BaseHttpServer.java:<init>(189)) - HTTP server of scm uses base directory /home/runner/work/ozone/ozone/hadoop-ozone/integration-test/target/test-dir/MiniOzoneClusterImpl-0353e991-6c3e-4832-95ff-5850d237b4c9/ozone-meta/webserver
2024-06-12 17:07:57,015 [main] INFO  http.HttpServer2 (HttpServer2.java:bindListener(1236)) - Jetty bound to port 15056
2024-06-12 17:07:57,015 [main] INFO  server.Server (Server.java:doStart(375)) - jetty-9.4.54.v20240208; built: 2024-02-08T19:42:39.027Z; git: cef3fbd6d736a21e7d541a5db490381d95a2047d; jvm 17.0.11+9
2024-06-12 17:07:57,016 [main] INFO  server.session (DefaultSessionIdManager.java:doStart(334)) - DefaultSessionIdManager workerName=node0
2024-06-12 17:07:57,016 [main] INFO  server.session (DefaultSessionIdManager.java:doStart(339)) - No SessionScavenger set, using defaults
2024-06-12 17:07:57,017 [main] INFO  server.session (HouseKeeper.java:startScavenging(132)) - node0 Scavenging every 660000ms
2024-06-12 17:07:57,017 [main] INFO  handler.ContextHandler (ContextHandler.java:doStart(921)) - Started o.e.j.s.ServletContextHandler@213031ce{logs,/logs,file:///home/runner/work/ozone/ozone/hadoop-ozone/integration-test/target/log,AVAILABLE}
2024-06-12 17:07:57,018 [main] INFO  handler.ContextHandler (ContextHandler.java:doStart(921)) - Started o.e.j.s.ServletContextHandler@e9b227f{static,/static,file:///home/runner/work/ozone/ozone/hadoop-ozone/integration-test/target/test-classes/webapps/static,AVAILABLE}
2024-06-12 17:07:57,022 [main] INFO  handler.ContextHandler (ContextHandler.java:doStart(921)) - Started o.e.j.w.WebAppContext@6f2f9ba4{scm,/,file:///home/runner/work/ozone/ozone/hadoop-ozone/integration-test/target/test-classes/webapps/scm/,AVAILABLE}{file:/home/runner/work/ozone/ozone/hadoop-ozone/integration-test/target/test-classes/webapps/scm}
2024-06-12 17:07:57,023 [main] INFO  server.AbstractConnector (AbstractConnector.java:doStart(333)) - Started ServerConnector@6ec36f78{HTTP/1.1, (http/1.1)}{0.0.0.0:15056}
2024-06-12 17:07:57,023 [main] INFO  server.Server (Server.java:doStart(415)) - Started @39322ms
2024-06-12 17:07:57,023 [main] WARN  impl.MetricsSystemImpl (MetricsSystemImpl.java:register(279)) - Sink prometheus already exists!
2024-06-12 17:07:57,024 [main] INFO  http.BaseHttpServer (BaseHttpServer.java:updateConnectorAddress(354)) - HTTP server of scm listening at http://0.0.0.0:15056
2024-06-12 17:07:57,024 [main] WARN  server.ServerUtils (ServerUtils.java:getDBPath(299)) - ozone.om.db.dirs is not configured. We recommend adding this setting. Falling back to ozone.metadata.dirs instead.
2024-06-12 17:07:57,026 [main] INFO  ha.OMHANodeDetails (OMHANodeDetails.java:loadOMHAConfig(115)) - ozone.om.internal.service.id is not defined, falling back to ozone.om.service.ids to find serviceID for OzoneManager if it is HA enabled cluster
2024-06-12 17:07:57,026 [main] INFO  ha.OMHANodeDetails (OMHANodeDetails.java:loadOMHAConfig(226)) - Configuration does not have ozone.om.address set. Falling back to the default OM address /127.0.0.1:15057
2024-06-12 17:07:57,026 [main] INFO  ha.OMHANodeDetails (OMHANodeDetails.java:getOMNodeDetailsForNonHA(254)) - OM Service ID is not set. Setting it to the default ID: omServiceIdDefault
2024-06-12 17:07:57,026 [main] INFO  ha.OMHANodeDetails (OMHANodeDetails.java:getOMNodeDetailsForNonHA(261)) - OM Node ID is not set. Setting it to the default ID: om1
2024-06-12 17:07:57,027 [main] WARN  server.ServerUtils (ServerUtils.java:getDBPath(299)) - ozone.om.db.dirs is not configured. We recommend adding this setting. Falling back to ozone.metadata.dirs instead.
2024-06-12 17:07:57,027 [main] INFO  upgrade.AbstractLayoutVersionManager (AbstractLayoutVersionManager.java:init(83)) - Initializing Layout version manager with metadata layout = QUOTA (version = 6), software layout = QUOTA (version = 6)
2024-06-12 17:07:57,072 [main] INFO  reflections.Reflections (Reflections.java:scan(219)) - Reflections took 44 ms to scan 2 urls, producing 188 keys and 545 values
2024-06-12 17:07:57,072 [main] INFO  upgrade.OMLayoutVersionManager (OMLayoutVersionManager.java:lambda$0(113)) - Skipping Upgrade Action QuotaRepairUpgradeAction since it has been finalized.
2024-06-12 17:07:57,072 [main] INFO  upgrade.OMLayoutVersionManager (OMLayoutVersionManager.java:lambda$0(113)) - Skipping Upgrade Action MockOmUpgradeAction since it has been finalized.
2024-06-12 17:07:57,073 [main] WARN  server.ServerUtils (ServerUtils.java:getDBPath(299)) - ozone.om.db.dirs is not configured. We recommend adding this setting. Falling back to ozone.metadata.dirs instead.
2024-06-12 17:07:57,074 [main] INFO  proxy.SCMBlockLocationFailoverProxyProvider (SCMBlockLocationFailoverProxyProvider.java:<init>(115)) - Created block location fail-over proxy with 1 nodes: [nodeId=scmNodeId,nodeAddress=/0.0.0.0:15054]
2024-06-12 17:07:57,076 [main] INFO  proxy.SCMBlockLocationFailoverProxyProvider (SCMBlockLocationFailoverProxyProvider.java:<init>(115)) - Created block location fail-over proxy with 1 nodes: [nodeId=scmNodeId,nodeAddress=/0.0.0.0:15054]
2024-06-12 17:07:57,081 [main] INFO  om.OzoneManager (OzoneManager.java:<init>(678)) - OM start with adminUsers: [runner]
2024-06-12 17:07:57,082 [main] WARN  server.ServerUtils (ServerUtils.java:getDBPath(299)) - ozone.om.db.dirs is not configured. We recommend adding this setting. Falling back to ozone.metadata.dirs instead.
2024-06-12 17:07:57,083 [main] INFO  helpers.OmKeyInfo (OmKeyInfo.java:getCodec(72)) - OmKeyInfo.getCodec ignorePipeline = true
2024-06-12 17:07:57,290 [main] INFO  om.OzoneManager (OzoneManager.java:instantiateServices(812)) - S3 Multi-Tenancy is disabled
2024-06-12 17:07:57,291 [main] INFO  om.OmSnapshotManager (OmSnapshotManager.java:<init>(179)) - Ozone filesystem snapshot feature is enabled.
2024-06-12 17:07:57,292 [main] WARN  server.ServerUtils (ServerUtils.java:getDBPath(299)) - ozone.om.snapshot.diff.db.dir is not configured. We recommend adding this setting. Falling back to ozone.metadata.dirs instead.
2024-06-12 17:07:57,310 [main] INFO  utils.NativeLibraryLoader (NativeLibraryLoader.java:loadLibrary(111)) - Loading Library: ozone_rocksdb_tools
2024-06-12 17:07:57,310 [main] ERROR snapshot.SnapshotDiffManager (SnapshotDiffManager.java:initNativeLibraryForEfficientDiff(287)) - Native Library for raw sst file reading loading failed.
org.apache.hadoop.hdds.utils.NativeLibraryNotLoadedException: Unable to load library ozone_rocksdb_tools from both java.library.path & resource file libozone_rocksdb_tools.so from jar.
	at org.apache.hadoop.hdds.utils.db.managed.ManagedRawSSTFileReader.loadLibrary(ManagedRawSSTFileReader.java:40)
	at org.apache.hadoop.ozone.om.snapshot.SnapshotDiffManager.initNativeLibraryForEfficientDiff(SnapshotDiffManager.java:285)
	at org.apache.hadoop.ozone.om.snapshot.SnapshotDiffManager.<init>(SnapshotDiffManager.java:259)
	at org.apache.hadoop.ozone.om.OmSnapshotManager.<init>(OmSnapshotManager.java:286)
	at org.apache.hadoop.ozone.om.OzoneManager.instantiateServices(OzoneManager.java:864)
	at org.apache.hadoop.ozone.om.OzoneManager.<init>(OzoneManager.java:688)
	at org.apache.hadoop.ozone.om.OzoneManager.createOm(OzoneManager.java:775)
	at org.apache.hadoop.ozone.MiniOzoneClusterImpl$Builder.createOM(MiniOzoneClusterImpl.java:689)
	at org.apache.hadoop.ozone.MiniOzoneClusterImpl$Builder.createAndStartSingleOM(MiniOzoneClusterImpl.java:673)
	at org.apache.hadoop.ozone.MiniOzoneClusterImpl$Builder.build(MiniOzoneClusterImpl.java:535)
	at org.apache.hadoop.ozone.client.rpc.TestBlockOutputStream.createCluster(TestBlockOutputStream.java:118)
	at org.apache.hadoop.ozone.client.rpc.TestBlockOutputStreamWithFailures.init(TestBlockOutputStreamWithFailures.java:72)
	at java.base/jdk.internal.reflect.NativeMethodAccessorImpl.invoke0(Native Method)
	at java.base/jdk.internal.reflect.NativeMethodAccessorImpl.invoke(NativeMethodAccessorImpl.java:77)
	at java.base/jdk.internal.reflect.DelegatingMethodAccessorImpl.invoke(DelegatingMethodAccessorImpl.java:43)
	at java.base/java.lang.reflect.Method.invoke(Method.java:568)
	at org.junit.platform.commons.util.ReflectionUtils.invokeMethod(ReflectionUtils.java:728)
	at org.junit.jupiter.engine.execution.MethodInvocation.proceed(MethodInvocation.java:60)
	at org.junit.jupiter.engine.execution.InvocationInterceptorChain$ValidatingInvocation.proceed(InvocationInterceptorChain.java:131)
	at org.junit.jupiter.engine.extension.TimeoutExtension.intercept(TimeoutExtension.java:156)
	at org.junit.jupiter.engine.extension.TimeoutExtension.interceptLifecycleMethod(TimeoutExtension.java:128)
	at org.junit.jupiter.engine.extension.TimeoutExtension.interceptBeforeEachMethod(TimeoutExtension.java:78)
	at org.junit.jupiter.engine.execution.InterceptingExecutableInvoker$ReflectiveInterceptorCall.lambda$ofVoidMethod$0(InterceptingExecutableInvoker.java:103)
	at org.junit.jupiter.engine.execution.InterceptingExecutableInvoker.lambda$invoke$0(InterceptingExecutableInvoker.java:93)
	at org.junit.jupiter.engine.execution.InvocationInterceptorChain$InterceptedInvocation.proceed(InvocationInterceptorChain.java:106)
	at org.junit.jupiter.engine.execution.InvocationInterceptorChain.proceed(InvocationInterceptorChain.java:64)
	at org.junit.jupiter.engine.execution.InvocationInterceptorChain.chainAndInvoke(InvocationInterceptorChain.java:45)
	at org.junit.jupiter.engine.execution.InvocationInterceptorChain.invoke(InvocationInterceptorChain.java:37)
	at org.junit.jupiter.engine.execution.InterceptingExecutableInvoker.invoke(InterceptingExecutableInvoker.java:92)
	at org.junit.jupiter.engine.execution.InterceptingExecutableInvoker.invoke(InterceptingExecutableInvoker.java:86)
	at org.junit.jupiter.engine.descriptor.ClassBasedTestDescriptor.invokeMethodInExtensionContext(ClassBasedTestDescriptor.java:521)
	at org.junit.jupiter.engine.descriptor.ClassBasedTestDescriptor.lambda$synthesizeBeforeEachMethodAdapter$23(ClassBasedTestDescriptor.java:506)
	at org.junit.jupiter.engine.descriptor.TestMethodTestDescriptor.lambda$invokeBeforeEachMethods$3(TestMethodTestDescriptor.java:175)
	at org.junit.jupiter.engine.descriptor.TestMethodTestDescriptor.lambda$invokeBeforeMethodsOrCallbacksUntilExceptionOccurs$6(TestMethodTestDescriptor.java:203)
	at org.junit.platform.engine.support.hierarchical.ThrowableCollector.execute(ThrowableCollector.java:73)
	at org.junit.jupiter.engine.descriptor.TestMethodTestDescriptor.invokeBeforeMethodsOrCallbacksUntilExceptionOccurs(TestMethodTestDescriptor.java:203)
	at org.junit.jupiter.engine.descriptor.TestMethodTestDescriptor.invokeBeforeEachMethods(TestMethodTestDescriptor.java:172)
	at org.junit.jupiter.engine.descriptor.TestMethodTestDescriptor.execute(TestMethodTestDescriptor.java:135)
	at org.junit.jupiter.engine.descriptor.TestMethodTestDescriptor.execute(TestMethodTestDescriptor.java:69)
	at org.junit.platform.engine.support.hierarchical.NodeTestTask.lambda$executeRecursively$6(NodeTestTask.java:151)
	at org.junit.platform.engine.support.hierarchical.ThrowableCollector.execute(ThrowableCollector.java:73)
	at org.junit.platform.engine.support.hierarchical.NodeTestTask.lambda$executeRecursively$8(NodeTestTask.java:141)
	at org.junit.platform.engine.support.hierarchical.Node.around(Node.java:137)
	at org.junit.platform.engine.support.hierarchical.NodeTestTask.lambda$executeRecursively$9(NodeTestTask.java:139)
	at org.junit.platform.engine.support.hierarchical.ThrowableCollector.execute(ThrowableCollector.java:73)
	at org.junit.platform.engine.support.hierarchical.NodeTestTask.executeRecursively(NodeTestTask.java:138)
	at org.junit.platform.engine.support.hierarchical.NodeTestTask.execute(NodeTestTask.java:95)
	at org.junit.platform.engine.support.hierarchical.SameThreadHierarchicalTestExecutorService.submit(SameThreadHierarchicalTestExecutorService.java:35)
	at org.junit.platform.engine.support.hierarchical.NodeTestTask$DefaultDynamicTestExecutor.execute(NodeTestTask.java:226)
	at org.junit.platform.engine.support.hierarchical.NodeTestTask$DefaultDynamicTestExecutor.execute(NodeTestTask.java:204)
	at org.junit.jupiter.engine.descriptor.TestTemplateTestDescriptor.execute(TestTemplateTestDescriptor.java:142)
	at org.junit.jupiter.engine.descriptor.TestTemplateTestDescriptor.lambda$execute$2(TestTemplateTestDescriptor.java:110)
	at java.base/java.util.stream.ForEachOps$ForEachOp$OfRef.accept(ForEachOps.java:183)
	at java.base/java.util.stream.ReferencePipeline$3$1.accept(ReferencePipeline.java:197)
	at java.base/java.util.stream.ReferencePipeline$2$1.accept(ReferencePipeline.java:179)
	at java.base/java.util.stream.ReferencePipeline$3$1.accept(ReferencePipeline.java:197)
	at java.base/java.util.stream.ForEachOps$ForEachOp$OfRef.accept(ForEachOps.java:183)
	at java.base/java.util.stream.ReferencePipeline$3$1.accept(ReferencePipeline.java:197)
	at java.base/java.util.stream.ReferencePipeline$3$1.accept(ReferencePipeline.java:197)
	at java.base/java.util.stream.ReferencePipeline$3$1.accept(ReferencePipeline.java:197)
	at java.base/java.util.stream.ForEachOps$ForEachOp$OfRef.accept(ForEachOps.java:183)
	at java.base/java.util.stream.ReferencePipeline$3$1.accept(ReferencePipeline.java:197)
	at java.base/java.util.Spliterators$ArraySpliterator.forEachRemaining(Spliterators.java:992)
	at java.base/java.util.stream.AbstractPipeline.copyInto(AbstractPipeline.java:509)
	at java.base/java.util.stream.AbstractPipeline.wrapAndCopyInto(AbstractPipeline.java:499)
	at java.base/java.util.stream.ForEachOps$ForEachOp.evaluateSequential(ForEachOps.java:150)
	at java.base/java.util.stream.ForEachOps$ForEachOp$OfRef.evaluateSequential(ForEachOps.java:173)
	at java.base/java.util.stream.AbstractPipeline.evaluate(AbstractPipeline.java:234)
	at java.base/java.util.stream.ReferencePipeline.forEach(ReferencePipeline.java:596)
	at java.base/java.util.stream.ReferencePipeline$7$1.accept(ReferencePipeline.java:276)
	at java.base/java.util.stream.ReferencePipeline$3$1.accept(ReferencePipeline.java:197)
	at java.base/java.util.stream.ReferencePipeline$3$1.accept(ReferencePipeline.java:197)
	at java.base/java.util.stream.ReferencePipeline$3$1.accept(ReferencePipeline.java:197)
	at java.base/java.util.ArrayList$ArrayListSpliterator.forEachRemaining(ArrayList.java:1625)
	at java.base/java.util.stream.AbstractPipeline.copyInto(AbstractPipeline.java:509)
	at java.base/java.util.stream.AbstractPipeline.wrapAndCopyInto(AbstractPipeline.java:499)
	at java.base/java.util.stream.ForEachOps$ForEachOp.evaluateSequential(ForEachOps.java:150)
	at java.base/java.util.stream.ForEachOps$ForEachOp$OfRef.evaluateSequential(ForEachOps.java:173)
	at java.base/java.util.stream.AbstractPipeline.evaluate(AbstractPipeline.java:234)
	at java.base/java.util.stream.ReferencePipeline.forEach(ReferencePipeline.java:596)
	at java.base/java.util.stream.ReferencePipeline$7$1.accept(ReferencePipeline.java:276)
	at java.base/java.util.ArrayList$ArrayListSpliterator.forEachRemaining(ArrayList.java:1625)
	at java.base/java.util.stream.AbstractPipeline.copyInto(AbstractPipeline.java:509)
	at java.base/java.util.stream.AbstractPipeline.wrapAndCopyInto(AbstractPipeline.java:499)
	at java.base/java.util.stream.ForEachOps$ForEachOp.evaluateSequential(ForEachOps.java:150)
	at java.base/java.util.stream.ForEachOps$ForEachOp$OfRef.evaluateSequential(ForEachOps.java:173)
	at java.base/java.util.stream.AbstractPipeline.evaluate(AbstractPipeline.java:234)
	at java.base/java.util.stream.ReferencePipeline.forEach(ReferencePipeline.java:596)
	at org.junit.jupiter.engine.descriptor.TestTemplateTestDescriptor.execute(TestTemplateTestDescriptor.java:110)
	at org.junit.jupiter.engine.descriptor.TestTemplateTestDescriptor.execute(TestTemplateTestDescriptor.java:44)
	at org.junit.platform.engine.support.hierarchical.NodeTestTask.lambda$executeRecursively$6(NodeTestTask.java:151)
	at org.junit.platform.engine.support.hierarchical.ThrowableCollector.execute(ThrowableCollector.java:73)
	at org.junit.platform.engine.support.hierarchical.NodeTestTask.lambda$executeRecursively$8(NodeTestTask.java:141)
	at org.junit.platform.engine.support.hierarchical.Node.around(Node.java:137)
	at org.junit.platform.engine.support.hierarchical.NodeTestTask.lambda$executeRecursively$9(NodeTestTask.java:139)
	at org.junit.platform.engine.support.hierarchical.ThrowableCollector.execute(ThrowableCollector.java:73)
	at org.junit.platform.engine.support.hierarchical.NodeTestTask.executeRecursively(NodeTestTask.java:138)
	at org.junit.platform.engine.support.hierarchical.NodeTestTask.execute(NodeTestTask.java:95)
	at java.base/java.util.ArrayList.forEach(ArrayList.java:1511)
	at org.junit.platform.engine.support.hierarchical.SameThreadHierarchicalTestExecutorService.invokeAll(SameThreadHierarchicalTestExecutorService.java:41)
	at org.junit.platform.engine.support.hierarchical.NodeTestTask.lambda$executeRecursively$6(NodeTestTask.java:155)
	at org.junit.platform.engine.support.hierarchical.ThrowableCollector.execute(ThrowableCollector.java:73)
	at org.junit.platform.engine.support.hierarchical.NodeTestTask.lambda$executeRecursively$8(NodeTestTask.java:141)
	at org.junit.platform.engine.support.hierarchical.Node.around(Node.java:137)
	at org.junit.platform.engine.support.hierarchical.NodeTestTask.lambda$executeRecursively$9(NodeTestTask.java:139)
	at org.junit.platform.engine.support.hierarchical.ThrowableCollector.execute(ThrowableCollector.java:73)
	at org.junit.platform.engine.support.hierarchical.NodeTestTask.executeRecursively(NodeTestTask.java:138)
	at org.junit.platform.engine.support.hierarchical.NodeTestTask.execute(NodeTestTask.java:95)
	at java.base/java.util.ArrayList.forEach(ArrayList.java:1511)
	at org.junit.platform.engine.support.hierarchical.SameThreadHierarchicalTestExecutorService.invokeAll(SameThreadHierarchicalTestExecutorService.java:41)
	at org.junit.platform.engine.support.hierarchical.NodeTestTask.lambda$executeRecursively$6(NodeTestTask.java:155)
	at org.junit.platform.engine.support.hierarchical.ThrowableCollector.execute(ThrowableCollector.java:73)
	at org.junit.platform.engine.support.hierarchical.NodeTestTask.lambda$executeRecursively$8(NodeTestTask.java:141)
	at org.junit.platform.engine.support.hierarchical.Node.around(Node.java:137)
	at org.junit.platform.engine.support.hierarchical.NodeTestTask.lambda$executeRecursively$9(NodeTestTask.java:139)
	at org.junit.platform.engine.support.hierarchical.ThrowableCollector.execute(ThrowableCollector.java:73)
	at org.junit.platform.engine.support.hierarchical.NodeTestTask.executeRecursively(NodeTestTask.java:138)
	at org.junit.platform.engine.support.hierarchical.NodeTestTask.execute(NodeTestTask.java:95)
	at org.junit.platform.engine.support.hierarchical.SameThreadHierarchicalTestExecutorService.submit(SameThreadHierarchicalTestExecutorService.java:35)
	at org.junit.platform.engine.support.hierarchical.HierarchicalTestExecutor.execute(HierarchicalTestExecutor.java:57)
	at org.junit.platform.engine.support.hierarchical.HierarchicalTestEngine.execute(HierarchicalTestEngine.java:54)
	at org.junit.platform.launcher.core.EngineExecutionOrchestrator.execute(EngineExecutionOrchestrator.java:198)
	at org.junit.platform.launcher.core.EngineExecutionOrchestrator.execute(EngineExecutionOrchestrator.java:169)
	at org.junit.platform.launcher.core.EngineExecutionOrchestrator.execute(EngineExecutionOrchestrator.java:93)
	at org.junit.platform.launcher.core.EngineExecutionOrchestrator.lambda$execute$0(EngineExecutionOrchestrator.java:58)
	at org.junit.platform.launcher.core.EngineExecutionOrchestrator.withInterceptedStreams(EngineExecutionOrchestrator.java:141)
	at org.junit.platform.launcher.core.EngineExecutionOrchestrator.execute(EngineExecutionOrchestrator.java:57)
	at org.junit.platform.launcher.core.DefaultLauncher.execute(DefaultLauncher.java:103)
	at org.junit.platform.launcher.core.DefaultLauncher.execute(DefaultLauncher.java:85)
	at org.junit.platform.launcher.core.DelegatingLauncher.execute(DelegatingLauncher.java:47)
	at org.junit.platform.launcher.core.SessionPerRequestLauncher.execute(SessionPerRequestLauncher.java:63)
	at org.apache.maven.surefire.junitplatform.JUnitPlatformProvider.invokeAllTests(JUnitPlatformProvider.java:154)
	at org.apache.maven.surefire.junitplatform.JUnitPlatformProvider.invoke(JUnitPlatformProvider.java:123)
	at org.apache.maven.surefire.booter.ForkedBooter.runSuitesInProcess(ForkedBooter.java:377)
	at org.apache.maven.surefire.booter.ForkedBooter.execute(ForkedBooter.java:138)
	at org.apache.maven.surefire.booter.ForkedBooter.run(ForkedBooter.java:465)
	at org.apache.maven.surefire.booter.ForkedBooter.main(ForkedBooter.java:451)
2024-06-12 17:07:57,313 [main] INFO  om.OzoneManager (OzoneManager.java:addS3GVolumeToDB(4463)) - Created Volume s3v With Owner runner required for S3Gateway operations.
2024-06-12 17:07:57,313 [main] WARN  server.ServerUtils (ServerUtils.java:getDefaultRatisDirectory(311)) - Storage directory for Ratis is not configured. It is a good idea to map this to an SSD disk. Falling back to ozone.metadata.dirs
2024-06-12 17:07:57,313 [main] WARN  utils.OzoneManagerRatisUtils (OzoneManagerRatisUtils.java:getOMRatisSnapshotDirectory(476)) - ozone.om.ratis.snapshot.dir is not configured. Falling back to ozone.metadata.dirs config
2024-06-12 17:07:57,314 [main] WARN  server.ServerUtils (ServerUtils.java:getDefaultRatisDirectory(311)) - Storage directory for Ratis is not configured. It is a good idea to map this to an SSD disk. Falling back to ozone.metadata.dirs
2024-06-12 17:07:57,315 [main] INFO  ratis.OzoneManagerRatisServer (OzoneManagerRatisServer.java:<init>(168)) - Instantiating OM Ratis server with groupID: omServiceIdDefault and peers: localhost:15060
2024-06-12 17:07:57,315 [main] INFO  ratis.OzoneManagerStateMachine (OzoneManagerStateMachine.java:loadSnapshotInfoFromDB(589)) - TransactionInfo not found in OM DB.
2024-06-12 17:07:57,316 [main] INFO  server.RaftServer (ConfUtils.java:logGet(46)) - raft.rpc.type = GRPC (default)
2024-06-12 17:07:57,316 [main] INFO  grpc.GrpcConfigKeys (ConfUtils.java:logFallback(53)) - raft.grpc.admin.host = null (fallback to raft.grpc.server.host)
2024-06-12 17:07:57,316 [main] INFO  grpc.GrpcConfigKeys (ConfUtils.java:logFallback(53)) - raft.grpc.admin.port = 15060 (fallback to raft.grpc.server.port)
2024-06-12 17:07:57,316 [main] INFO  grpc.GrpcConfigKeys (ConfUtils.java:logFallback(53)) - raft.grpc.client.host = null (fallback to raft.grpc.server.host)
2024-06-12 17:07:57,316 [main] INFO  grpc.GrpcConfigKeys (ConfUtils.java:logFallback(53)) - raft.grpc.client.port = 15060 (fallback to raft.grpc.server.port)
2024-06-12 17:07:57,316 [main] INFO  grpc.GrpcConfigKeys (ConfUtils.java:logGet(46)) - raft.grpc.server.host = null (default)
2024-06-12 17:07:57,316 [main] INFO  grpc.GrpcConfigKeys (ConfUtils.java:logGet(46)) - raft.grpc.server.port = 15060 (custom)
2024-06-12 17:07:57,317 [main] INFO  server.GrpcService (ConfUtils.java:logGet(46)) - raft.grpc.message.size.max = 4194304 (custom)
2024-06-12 17:07:57,317 [main] INFO  server.RaftServerConfigKeys (ConfUtils.java:logGet(46)) - raft.server.log.appender.buffer.byte-limit = 4194304 (custom)
2024-06-12 17:07:57,317 [main] INFO  server.GrpcService (ConfUtils.java:logGet(46)) - raft.grpc.flow.control.window = 1MB (=1048576) (default)
2024-06-12 17:07:57,317 [main] INFO  server.RaftServerConfigKeys (ConfUtils.java:logGet(46)) - raft.server.rpc.request.timeout = 3000ms (default)
2024-06-12 17:07:57,317 [main] INFO  grpc.GrpcConfigKeys (ConfUtils.java:logGet(46)) - raft.grpc.server.heartbeat.channel = true (default)
2024-06-12 17:07:57,317 [main] INFO  grpc.GrpcConfigKeys (ConfUtils.java:logGet(46)) - raft.grpc.server.async.request.thread.pool.cached = true (default)
2024-06-12 17:07:57,317 [main] INFO  grpc.GrpcConfigKeys (ConfUtils.java:logGet(46)) - raft.grpc.server.async.request.thread.pool.size = 32 (default)
2024-06-12 17:07:57,318 [main] INFO  impl.DataStreamServerImpl (ConfUtils.java:logGet(46)) - raft.datastream.type = DISABLED (default)
2024-06-12 17:07:57,318 [main] INFO  server.RaftServerConfigKeys (ConfUtils.java:logGet(46)) - raft.server.sleep.deviation.threshold = 300ms (default)
2024-06-12 17:07:57,319 [main] INFO  server.RaftServerConfigKeys (ConfUtils.java:logGet(46)) - raft.server.close.threshold = 60s (default)
2024-06-12 17:07:57,319 [main] INFO  server.RaftServerConfigKeys (ConfUtils.java:logGet(46)) - raft.server.leaderelection.leader.step-down.wait-time = 10s (default)
2024-06-12 17:07:57,319 [main] INFO  server.RaftServerConfigKeys (ConfUtils.java:logGet(46)) - raft.server.storage.dir = [/home/runner/work/ozone/ozone/hadoop-ozone/integration-test/target/test-dir/MiniOzoneClusterImpl-0353e991-6c3e-4832-95ff-5850d237b4c9/ozone-meta/ratis] (custom)
2024-06-12 17:07:57,319 [main] INFO  server.RaftServerConfigKeys (ConfUtils.java:logGet(46)) - raft.server.threadpool.proxy.cached = true (default)
2024-06-12 17:07:57,319 [main] INFO  server.RaftServerConfigKeys (ConfUtils.java:logGet(46)) - raft.server.threadpool.proxy.size = 0 (default)
2024-06-12 17:07:57,320 [main] INFO  server.RaftServer (RaftServerProxy.java:addNew(100)) - om1: addNew group-C5BA1605619E:[om1|localhost:15060] returns group-C5BA1605619E:java.util.concurrent.CompletableFuture@2c9b96af[Not completed]
2024-06-12 17:07:57,320 [main] INFO  om.OzoneManager (OzoneManager.java:initializeRatisServer(2168)) - OzoneManager Ratis server initialized at port 15060
2024-06-12 17:07:57,320 [om1-groupManagement] INFO  server.RaftServer$Division (RaftServerImpl.java:<init>(256)) - om1: new RaftServerImpl for group-C5BA1605619E:[om1|localhost:15060] with OzoneManagerStateMachine:uninitialized
2024-06-12 17:07:57,320 [om1-groupManagement] INFO  server.RaftServerConfigKeys (ConfUtils.java:logGet(46)) - raft.server.rpc.timeout.min = 1s (custom)
2024-06-12 17:07:57,320 [om1-groupManagement] INFO  server.RaftServerConfigKeys (ConfUtils.java:logGet(46)) - raft.server.rpc.timeout.max = 1200ms (custom)
2024-06-12 17:07:57,320 [om1-groupManagement] INFO  server.RaftServerConfigKeys (ConfUtils.java:logGet(46)) - raft.server.rpc.sleep.time = 25ms (default)
2024-06-12 17:07:57,320 [om1-groupManagement] INFO  server.RaftServerConfigKeys (ConfUtils.java:logGet(46)) - raft.server.rpc.slowness.timeout = 120s (custom)
2024-06-12 17:07:57,320 [main] INFO  om.OzoneManager (OzoneManager.java:getRpcServer(1228)) - Creating RPC Server
2024-06-12 17:07:57,320 [om1-groupManagement] INFO  server.RaftServerConfigKeys (ConfUtils.java:logGet(46)) - raft.server.leaderelection.leader.step-down.wait-time = 10s (default)
2024-06-12 17:07:57,321 [om1-groupManagement] INFO  server.RaftServerConfigKeys (ConfUtils.java:logGet(46)) - raft.server.leaderelection.member.majority-add = false (default)
2024-06-12 17:07:57,321 [om1-groupManagement] INFO  server.RaftServerConfigKeys (ConfUtils.java:logGet(46)) - raft.server.sleep.deviation.threshold = 300ms (default)
2024-06-12 17:07:57,321 [om1-groupManagement] INFO  server.RaftServer$Division (ServerState.java:<init>(113)) - om1@group-C5BA1605619E: ConfigurationManager, init=-1: peers:[om1|localhost:15060]|listeners:[], old=null, confs=<EMPTY_MAP>
2024-06-12 17:07:57,321 [om1-groupManagement] INFO  server.RaftServerConfigKeys (ConfUtils.java:logGet(46)) - raft.server.notification.no-leader.timeout = 120s (custom)
2024-06-12 17:07:57,321 [om1-groupManagement] INFO  server.RaftServerConfigKeys (ConfUtils.java:logGet(46)) - raft.server.read.timeout = 10s (default)
2024-06-12 17:07:57,321 [om1-groupManagement] INFO  server.RaftServerConfigKeys (ConfUtils.java:logGet(46)) - raft.server.retrycache.expirytime = 300s (custom)
2024-06-12 17:07:57,321 [om1-groupManagement] INFO  server.RaftServerConfigKeys (ConfUtils.java:logGet(46)) - raft.server.retrycache.statistics.expirytime = 100ms (default)
2024-06-12 17:07:57,321 [om1-groupManagement] INFO  server.RaftServerConfigKeys (ConfUtils.java:logGet(46)) - raft.server.read.option = DEFAULT (default)
2024-06-12 17:07:57,321 [om1-groupManagement] INFO  server.RaftServerConfigKeys (ConfUtils.java:logGet(46)) - raft.server.read.read-after-write-consistent.write-index-cache.expiry-time = 60s (default)
2024-06-12 17:07:57,346 [om1-groupManagement] INFO  server.RaftServerConfigKeys (ConfUtils.java:logGet(46)) - raft.server.rpc.request.timeout = 3000ms (default)
2024-06-12 17:07:57,348 [om1-groupManagement] INFO  server.RaftServerConfigKeys (ConfUtils.java:logGet(46)) - raft.server.log.appender.install.snapshot.enabled = false (custom)
2024-06-12 17:07:57,348 [om1-groupManagement] INFO  server.RaftServerConfigKeys (ConfUtils.java:logGet(46)) - raft.server.threadpool.server.cached = true (default)
2024-06-12 17:07:57,349 [om1-groupManagement] INFO  server.RaftServerConfigKeys (ConfUtils.java:logGet(46)) - raft.server.threadpool.server.size = 0 (default)
2024-06-12 17:07:57,349 [om1-groupManagement] INFO  server.RaftServerConfigKeys (ConfUtils.java:logGet(46)) - raft.server.threadpool.client.cached = true (default)
2024-06-12 17:07:57,349 [om1-groupManagement] INFO  server.RaftServerConfigKeys (ConfUtils.java:logGet(46)) - raft.server.threadpool.client.size = 0 (default)
2024-06-12 17:07:57,670 [main] INFO  reflections.Reflections (Reflections.java:scan(219)) - Reflections took 349 ms to scan 20 urls, producing 59 keys and 6578 values
2024-06-12 17:07:57,672 [main] INFO  ipc.CallQueueManager (CallQueueManager.java:<init>(90)) - Using callQueue: class java.util.concurrent.LinkedBlockingQueue, queueCapacity: 2000, scheduler: class org.apache.hadoop.ipc.DefaultRpcScheduler, ipcBackoff: false.
2024-06-12 17:07:57,673 [main] INFO  ipc.Server (Server.java:<init>(1287)) - Listener at 127.0.0.1:15057
2024-06-12 17:07:57,673 [Socket Reader #1 for port 15057] INFO  ipc.Server (Server.java:run(1323)) - Starting Socket Reader #1 for port 15057
2024-06-12 17:07:57,701 [main] INFO  impl.MetricsSystemImpl (MetricsSystemImpl.java:init(158)) - OzoneManager metrics system started (again)
2024-06-12 17:07:57,713 [main] INFO  om.OzoneManager (OzoneManager.java:start(1650)) - OzoneManager RPC server is listening at localhost/127.0.0.1:15057
2024-06-12 17:07:57,714 [main] INFO  ratis.OzoneManagerRatisServer (OzoneManagerRatisServer.java:start(594)) - Starting OzoneManagerRatisServer om1 at port 15060
2024-06-12 17:07:57,714 [om1-impl-thread1] INFO  server.RaftServerConfigKeys (ConfUtils.java:logGet(46)) - raft.server.storage.free-space.min = 0MB (=0) (default)
2024-06-12 17:07:57,715 [om1-impl-thread1] INFO  server.RaftServerConfigKeys (ConfUtils.java:logGet(46)) - raft.server.log.corruption.policy = EXCEPTION (default)
2024-06-12 17:07:57,715 [om1-impl-thread1] INFO  server.RaftServerConfigKeys (ConfUtils.java:logGet(46)) - raft.server.storage.dir = [/home/runner/work/ozone/ozone/hadoop-ozone/integration-test/target/test-dir/MiniOzoneClusterImpl-0353e991-6c3e-4832-95ff-5850d237b4c9/ozone-meta/ratis] (custom)
2024-06-12 17:07:57,715 [om1-impl-thread1] INFO  storage.RaftStorageDirectory (RaftStorageDirectoryImpl.java:analyzeStorage(138)) - The storage directory /home/runner/work/ozone/ozone/hadoop-ozone/integration-test/target/test-dir/MiniOzoneClusterImpl-0353e991-6c3e-4832-95ff-5850d237b4c9/ozone-meta/ratis/bf265839-605b-3f16-9796-c5ba1605619e does not exist. Creating ...
2024-06-12 17:07:57,716 [om1-impl-thread1] INFO  storage.RaftStorageDirectory (RaftStorageDirectoryImpl.java:tryLock(228)) - Lock on /home/runner/work/ozone/ozone/hadoop-ozone/integration-test/target/test-dir/MiniOzoneClusterImpl-0353e991-6c3e-4832-95ff-5850d237b4c9/ozone-meta/ratis/bf265839-605b-3f16-9796-c5ba1605619e/in_use.lock acquired by nodename 9416@fv-az571-250
2024-06-12 17:07:57,717 [om1-impl-thread1] INFO  storage.RaftStorage (RaftStorageImpl.java:format(99)) - Storage directory /home/runner/work/ozone/ozone/hadoop-ozone/integration-test/target/test-dir/MiniOzoneClusterImpl-0353e991-6c3e-4832-95ff-5850d237b4c9/ozone-meta/ratis/bf265839-605b-3f16-9796-c5ba1605619e has been successfully formatted.
2024-06-12 17:07:57,718 [om1-impl-thread1] WARN  util.FileUtils (LogUtils.java:supplyAndLog(63)) - Failed to Files.newInputStream /home/runner/work/ozone/ozone/hadoop-ozone/integration-test/target/test-dir/MiniOzoneClusterImpl-0353e991-6c3e-4832-95ff-5850d237b4c9/ozone-meta/ratis/bf265839-605b-3f16-9796-c5ba1605619e/current/raft-meta.conf with options []: java.nio.file.NoSuchFileException: /home/runner/work/ozone/ozone/hadoop-ozone/integration-test/target/test-dir/MiniOzoneClusterImpl-0353e991-6c3e-4832-95ff-5850d237b4c9/ozone-meta/ratis/bf265839-605b-3f16-9796-c5ba1605619e/current/raft-meta.conf
2024-06-12 17:07:57,718 [om1-impl-thread1] INFO  server.RaftServerConfigKeys (ConfUtils.java:logGet(46)) - raft.server.log.use.memory = false (default)
2024-06-12 17:07:57,718 [om1-impl-thread1] INFO  server.RaftServerConfigKeys (ConfUtils.java:logGet(46)) - raft.server.log.purge.gap = 1000000 (custom)
2024-06-12 17:07:57,718 [om1-impl-thread1] INFO  server.RaftServerConfigKeys (ConfUtils.java:logGet(46)) - raft.server.log.appender.buffer.byte-limit = 4194304 (custom)
2024-06-12 17:07:57,718 [om1-impl-thread1] INFO  server.RaftServerConfigKeys (ConfUtils.java:logGet(46)) - raft.server.log.statemachine.data.read.timeout = 1000ms (default)
2024-06-12 17:07:57,718 [om1-impl-thread1] INFO  server.RaftServerConfigKeys (ConfUtils.java:logGet(46)) - raft.server.log.purge.preservation.log.num = 0 (default)
2024-06-12 17:07:57,719 [om1-impl-thread1] INFO  server.RaftServerConfigKeys (ConfUtils.java:logGet(46)) - raft.server.log.segment.size.max = 4194304 (custom)
2024-06-12 17:07:57,719 [om1-impl-thread1] INFO  server.RaftServerConfigKeys (ConfUtils.java:logGet(46)) - raft.server.log.segment.cache.num.max = 2 (custom)
2024-06-12 17:07:57,719 [om1-impl-thread1] INFO  server.RaftServerConfigKeys (ConfUtils.java:logGet(46)) - raft.server.log.segment.cache.size.max = 200MB (=209715200) (default)
2024-06-12 17:07:57,725 [om1-impl-thread1] INFO  server.RaftServerConfigKeys (ConfUtils.java:logGet(46)) - raft.server.log.appender.buffer.byte-limit = 4194304 (custom)
2024-06-12 17:07:57,725 [om1-impl-thread1] INFO  util.AwaitToRun (AwaitToRun.java:start(81)) - Thread[om1@group-C5BA1605619E-cacheEviction-AwaitToRun,5,main] started
2024-06-12 17:07:57,725 [om1-impl-thread1] INFO  segmented.SegmentedRaftLogWorker (SegmentedRaftLogWorker.java:<init>(182)) - new om1@group-C5BA1605619E-SegmentedRaftLogWorker for RaftStorageImpl:Storage Directory /home/runner/work/ozone/ozone/hadoop-ozone/integration-test/target/test-dir/MiniOzoneClusterImpl-0353e991-6c3e-4832-95ff-5850d237b4c9/ozone-meta/ratis/bf265839-605b-3f16-9796-c5ba1605619e
2024-06-12 17:07:57,726 [om1-impl-thread1] INFO  server.RaftServerConfigKeys (ConfUtils.java:logGet(46)) - raft.server.log.queue.byte-limit = 64MB (=67108864) (default)
2024-06-12 17:07:57,726 [om1-impl-thread1] INFO  server.RaftServerConfigKeys (ConfUtils.java:logGet(46)) - raft.server.log.queue.element-limit = 4096 (default)
2024-06-12 17:07:57,726 [om1-impl-thread1] INFO  server.RaftServerConfigKeys (ConfUtils.java:logGet(46)) - raft.server.log.segment.size.max = 4194304 (custom)
2024-06-12 17:07:57,726 [om1-impl-thread1] INFO  server.RaftServerConfigKeys (ConfUtils.java:logGet(46)) - raft.server.log.preallocated.size = 4194304 (custom)
2024-06-12 17:07:57,726 [om1-impl-thread1] INFO  server.RaftServerConfigKeys (ConfUtils.java:logGet(46)) - raft.server.log.force.sync.num = 128 (default)
2024-06-12 17:07:57,726 [om1-impl-thread1] INFO  server.RaftServerConfigKeys (ConfUtils.java:logGet(46)) - raft.server.log.statemachine.data.sync = true (default)
2024-06-12 17:07:57,726 [om1-impl-thread1] INFO  server.RaftServerConfigKeys (ConfUtils.java:logGet(46)) - raft.server.log.statemachine.data.sync.timeout = 10s (default)
2024-06-12 17:07:57,726 [om1-impl-thread1] INFO  server.RaftServerConfigKeys (ConfUtils.java:logGet(46)) - raft.server.log.statemachine.data.sync.timeout.retry = -1 (default)
2024-06-12 17:07:57,726 [om1-impl-thread1] INFO  server.RaftServerConfigKeys (ConfUtils.java:logGet(46)) - raft.server.log.write.buffer.size = 4194312 (custom)
2024-06-12 17:07:57,727 [om1-impl-thread1] INFO  server.RaftServerConfigKeys (ConfUtils.java:logGet(46)) - raft.server.log.appender.buffer.byte-limit = 4194304 (custom)
2024-06-12 17:07:57,727 [om1-impl-thread1] INFO  server.RaftServerConfigKeys (ConfUtils.java:logGet(46)) - raft.server.log.unsafe-flush.enabled = false (default)
2024-06-12 17:07:57,728 [om1-impl-thread1] INFO  server.RaftServerConfigKeys (ConfUtils.java:logGet(46)) - raft.server.log.async-flush.enabled = false (default)
2024-06-12 17:07:57,728 [om1-impl-thread1] INFO  server.RaftServerConfigKeys (ConfUtils.java:logGet(46)) - raft.server.log.statemachine.data.caching.enabled = false (default)
2024-06-12 17:07:57,728 [om1-impl-thread1] INFO  segmented.SegmentedRaftLogWorker (SegmentedRaftLogWorker.java:lambda$new$0(134)) - om1@group-C5BA1605619E-SegmentedRaftLogWorker: flushIndex: setUnconditionally 0 -> -1
2024-06-12 17:07:57,728 [om1-impl-thread1] INFO  segmented.SegmentedRaftLogWorker (SegmentedRaftLogWorker.java:lambda$new$0(134)) - om1@group-C5BA1605619E-SegmentedRaftLogWorker: safeCacheEvictIndex: setUnconditionally 0 -> -1
2024-06-12 17:07:57,728 [om1-impl-thread1] INFO  server.RaftServer$Division (RaftServerImpl.java:start(396)) - om1@group-C5BA1605619E: start as a follower, conf=-1: peers:[om1|localhost:15060]|listeners:[], old=null
2024-06-12 17:07:57,728 [om1-impl-thread1] INFO  server.RaftServer$Division (RaftServerImpl.java:setRole(383)) - om1@group-C5BA1605619E: changes role from      null to FOLLOWER at term 0 for startAsFollower
2024-06-12 17:07:57,728 [om1-impl-thread1] INFO  impl.RoleInfo (RoleInfo.java:updateAndGet(139)) - om1: start om1@group-C5BA1605619E-FollowerState
2024-06-12 17:07:57,729 [om1-impl-thread1] INFO  util.JmxRegister (JmxRegister.java:tryRegister(44)) - Successfully registered JMX Bean with object name Ratis:service=RaftServer,group=group-C5BA1605619E,id=om1
2024-06-12 17:07:57,729 [om1-impl-thread1] INFO  server.RaftServerConfigKeys (ConfUtils.java:logGet(46)) - raft.server.snapshot.trigger-when-stop.enabled = true (default)
2024-06-12 17:07:57,730 [om1-impl-thread1] INFO  server.RaftServerConfigKeys (ConfUtils.java:logGet(46)) - raft.server.snapshot.auto.trigger.enabled = true (custom)
2024-06-12 17:07:57,730 [om1-impl-thread1] INFO  server.RaftServerConfigKeys (ConfUtils.java:logGet(46)) - raft.server.snapshot.auto.trigger.threshold = 400000 (default)
2024-06-12 17:07:57,730 [om1-impl-thread1] INFO  server.RaftServerConfigKeys (ConfUtils.java:logGet(46)) - raft.server.snapshot.retention.file.num = -1 (default)
2024-06-12 17:07:57,730 [om1-impl-thread1] INFO  server.RaftServerConfigKeys (ConfUtils.java:logGet(46)) - raft.server.log.purge.upto.snapshot.index = true (custom)
2024-06-12 17:07:57,730 [om1@group-C5BA1605619E-FollowerState] INFO  server.RaftServerConfigKeys (ConfUtils.java:logFallback(53)) - raft.server.rpc.first-election.timeout.min = 1s (fallback to raft.server.rpc.timeout.min)
2024-06-12 17:07:57,730 [om1@group-C5BA1605619E-FollowerState] INFO  server.RaftServerConfigKeys (ConfUtils.java:logFallback(53)) - raft.server.rpc.first-election.timeout.max = 1200ms (fallback to raft.server.rpc.timeout.max)
2024-06-12 17:07:57,731 [main] INFO  server.RaftServer (RaftServerProxy.java:startImpl(406)) - om1: start RPC server
2024-06-12 17:07:57,732 [main] INFO  server.GrpcService (GrpcService.java:startImpl(302)) - om1: GrpcService started, listening on 15060
2024-06-12 17:07:57,733 [main] INFO  om.OzoneManager (OzoneManager.java:start(1666)) - Version File has different layout version (6) than OM DB (null). That is expected if this OM has never been finalized to a newer layout version.
2024-06-12 17:07:57,733 [JvmPauseMonitor8] INFO  util.JvmPauseMonitor (JvmPauseMonitor.java:run(146)) - JvmPauseMonitor-om1: Started
2024-06-12 17:07:57,749 [main] INFO  client.ScmTopologyClient (ScmTopologyClient.java:start(72)) - Initial network topology fetched from SCM: /.
2024-06-12 17:07:57,750 [main] INFO  net.NodeSchemaLoader (NodeSchemaLoader.java:loadSchemaFromFile(129)) - Loading schema from [file:/home/runner/work/ozone/ozone/hadoop-hdds/common/target/classes/network-topology-default.xml]
2024-06-12 17:07:57,750 [main] INFO  net.NodeSchemaLoader (NodeSchemaLoader.java:loadSchema(176)) - Loading network topology layer schema file
2024-06-12 17:07:57,757 [main] INFO  http.BaseHttpServer (BaseHttpServer.java:newHttpServer2BuilderForOzone(223)) - Starting Web-server for ozoneManager at: http://0.0.0.0:15058
2024-06-12 17:07:57,758 [main] INFO  http.BaseHttpServer (BaseHttpServer.java:<init>(110)) - Hadoop Security Enabled: false Ozone Security Enabled: false Ozone HTTP Security Enabled: false 
2024-06-12 17:07:57,759 [main] WARN  server.AuthenticationFilter (AuthenticationFilter.java:constructSecretProvider(240)) - Unable to initialize FileSignerSecretProvider, falling back to use random secrets. Reason: Could not read signature secret file: /home/runner/hadoop-http-auth-signature-secret
2024-06-12 17:07:57,766 [main] INFO  http.HttpRequestLog (HttpRequestLog.java:getRequestLog(86)) - Http request log for http.requests.ozoneManager is not defined
2024-06-12 17:07:57,767 [main] INFO  http.HttpServer2 (HttpServer2.java:addGlobalFilter(1036)) - Added global filter 'safety' (class=org.apache.hadoop.hdds.server.http.HttpServer2$QuotingInputFilter)
2024-06-12 17:07:57,768 [main] INFO  http.HttpServer2 (HttpServer2.java:addFilter(1012)) - Added filter static_user_filter (class=org.apache.hadoop.http.lib.StaticUserWebFilter$StaticUserFilter) to context ozoneManager
2024-06-12 17:07:57,768 [main] INFO  http.HttpServer2 (HttpServer2.java:addFilter(1020)) - Added filter static_user_filter (class=org.apache.hadoop.http.lib.StaticUserWebFilter$StaticUserFilter) to context static
2024-06-12 17:07:57,768 [main] INFO  http.HttpServer2 (HttpServer2.java:addFilter(1020)) - Added filter static_user_filter (class=org.apache.hadoop.http.lib.StaticUserWebFilter$StaticUserFilter) to context logs
2024-06-12 17:07:57,769 [main] INFO  http.BaseHttpServer (BaseHttpServer.java:<init>(189)) - HTTP server of ozoneManager uses base directory /home/runner/work/ozone/ozone/hadoop-ozone/integration-test/target/test-dir/MiniOzoneClusterImpl-0353e991-6c3e-4832-95ff-5850d237b4c9/ozone-meta/webserver
2024-06-12 17:07:57,769 [main] INFO  http.HttpServer2 (HttpServer2.java:bindListener(1236)) - Jetty bound to port 15058
2024-06-12 17:07:57,770 [main] INFO  server.Server (Server.java:doStart(375)) - jetty-9.4.54.v20240208; built: 2024-02-08T19:42:39.027Z; git: cef3fbd6d736a21e7d541a5db490381d95a2047d; jvm 17.0.11+9
2024-06-12 17:07:57,775 [main] INFO  server.session (DefaultSessionIdManager.java:doStart(334)) - DefaultSessionIdManager workerName=node0
2024-06-12 17:07:57,776 [main] INFO  server.session (DefaultSessionIdManager.java:doStart(339)) - No SessionScavenger set, using defaults
2024-06-12 17:07:57,776 [main] INFO  server.session (HouseKeeper.java:startScavenging(132)) - node0 Scavenging every 660000ms
2024-06-12 17:07:57,776 [main] INFO  handler.ContextHandler (ContextHandler.java:doStart(921)) - Started o.e.j.s.ServletContextHandler@1a4ccb7b{logs,/logs,file:///home/runner/work/ozone/ozone/hadoop-ozone/integration-test/target/log,AVAILABLE}
2024-06-12 17:07:57,777 [main] INFO  handler.ContextHandler (ContextHandler.java:doStart(921)) - Started o.e.j.s.ServletContextHandler@7b968647{static,/static,file:///home/runner/work/ozone/ozone/hadoop-ozone/integration-test/target/test-classes/webapps/static,AVAILABLE}
2024-06-12 17:07:57,782 [main] INFO  handler.ContextHandler (ContextHandler.java:doStart(921)) - Started o.e.j.w.WebAppContext@656ed510{ozoneManager,/,file:///home/runner/work/ozone/ozone/hadoop-ozone/integration-test/target/test-classes/webapps/ozoneManager/,AVAILABLE}{file:/home/runner/work/ozone/ozone/hadoop-ozone/integration-test/target/test-classes/webapps/ozoneManager}
2024-06-12 17:07:57,783 [main] INFO  server.AbstractConnector (AbstractConnector.java:doStart(333)) - Started ServerConnector@2dc33a2d{HTTP/1.1, (http/1.1)}{0.0.0.0:15058}
2024-06-12 17:07:57,783 [main] INFO  server.Server (Server.java:doStart(415)) - Started @40081ms
2024-06-12 17:07:57,783 [main] WARN  impl.MetricsSystemImpl (MetricsSystemImpl.java:register(279)) - Sink prometheus already exists!
2024-06-12 17:07:57,784 [main] INFO  http.BaseHttpServer (BaseHttpServer.java:updateConnectorAddress(354)) - HTTP server of ozoneManager listening at http://0.0.0.0:15058
2024-06-12 17:07:57,784 [IPC Server Responder] INFO  ipc.Server (Server.java:run(1562)) - IPC Server Responder: starting
2024-06-12 17:07:57,785 [IPC Server listener on 15057] INFO  ipc.Server (Server.java:run(1402)) - IPC Server listener on 15057: starting
2024-06-12 17:07:57,787 [main] INFO  om.OzoneManager (OzoneManager.java:startTrashEmptier(2121)) - Trash Interval set to 0. Files deleted won't move to trash
2024-06-12 17:07:57,801 [main] WARN  dropwizard3.Dm3MetricRegistriesImpl (Dm3MetricRegistriesImpl.java:addReporterRegistration(113)) - New reporters are added after registries were created. Some metrics will be missing from the reporter. Please add reporter before adding any new registry.
2024-06-12 17:07:57,802 [main] WARN  dropwizard3.Dm3MetricRegistriesImpl (Dm3MetricRegistriesImpl.java:addReporterRegistration(113)) - New reporters are added after registries were created. Some metrics will be missing from the reporter. Please add reporter before adding any new registry.
2024-06-12 17:07:57,802 [main] INFO  impl.MetricsSystemImpl (MetricsSystemImpl.java:init(158)) - HddsDatanode metrics system started (again)
2024-06-12 17:07:57,817 [main] INFO  ozone.HddsDatanodeService (HddsDatanodeService.java:start(237)) - HddsDatanodeService host:fv-az571-250 ip:10.1.0.8
2024-06-12 17:07:57,820 [main] INFO  upgrade.AbstractLayoutVersionManager (AbstractLayoutVersionManager.java:init(83)) - Initializing Layout version manager with metadata layout = HADOOP_PRC_PORTS_IN_DATANODEDETAILS (version = 7), software layout = HADOOP_PRC_PORTS_IN_DATANODEDETAILS (version = 7)
2024-06-12 17:07:57,821 [main] INFO  statemachine.DatanodeStateMachine (DatanodeStateMachine.java:getEndPointTaskThreadPoolSize(293)) - Datanode State Machine Task Thread Pool size 2
2024-06-12 17:07:57,823 [main] INFO  volume.HddsVolume (HddsVolume.java:<init>(126)) - Creating HddsVolume: /home/runner/work/ozone/ozone/hadoop-ozone/integration-test/target/test-dir/MiniOzoneClusterImpl-0353e991-6c3e-4832-95ff-5850d237b4c9/ozone-meta/datanode-1/data-0/hdds of storage type : DISK capacity : 9222449699674390527
2024-06-12 17:07:57,823 [main] INFO  volume.MutableVolumeSet (MutableVolumeSet.java:initializeVolumeSet(173)) - Added Volume : /home/runner/work/ozone/ozone/hadoop-ozone/integration-test/target/test-dir/MiniOzoneClusterImpl-0353e991-6c3e-4832-95ff-5850d237b4c9/ozone-meta/datanode-1/data-0/hdds to VolumeSet
2024-06-12 17:07:57,824 [main] INFO  volume.MutableVolumeSet (MutableVolumeSet.java:initializeVolumeSet(173)) - Added Volume : /home/runner/work/ozone/ozone/hadoop-ozone/integration-test/target/test-dir/MiniOzoneClusterImpl-0353e991-6c3e-4832-95ff-5850d237b4c9/ozone-meta/datanode-1/ratis to VolumeSet
2024-06-12 17:07:57,825 [main] INFO  ozoneimpl.OzoneContainer (HddsVolumeUtil.java:loadAllHddsVolumeDbStore(103)) - Load 1 volumes DbStore cost: 1ms
2024-06-12 17:07:57,829 [main] INFO  server.RaftServer (ConfUtils.java:logGet(46)) - raft.rpc.type = GRPC (default)
2024-06-12 17:07:57,829 [main] INFO  grpc.GrpcConfigKeys (ConfUtils.java:logFallback(53)) - raft.grpc.admin.host = null (fallback to raft.grpc.server.host)
2024-06-12 17:07:57,830 [main] INFO  grpc.GrpcConfigKeys (ConfUtils.java:logGet(46)) - raft.grpc.admin.port = 15066 (custom)
2024-06-12 17:07:57,830 [main] INFO  grpc.GrpcConfigKeys (ConfUtils.java:logFallback(53)) - raft.grpc.client.host = null (fallback to raft.grpc.server.host)
2024-06-12 17:07:57,831 [main] INFO  grpc.GrpcConfigKeys (ConfUtils.java:logGet(46)) - raft.grpc.client.port = 15065 (custom)
2024-06-12 17:07:57,831 [main] INFO  grpc.GrpcConfigKeys (ConfUtils.java:logGet(46)) - raft.grpc.server.host = null (default)
2024-06-12 17:07:57,832 [main] INFO  grpc.GrpcConfigKeys (ConfUtils.java:logGet(46)) - raft.grpc.server.port = 15067 (custom)
2024-06-12 17:07:57,832 [main] INFO  server.GrpcService (ConfUtils.java:logGet(46)) - raft.grpc.message.size.max = 32MB (=33554432) (custom)
2024-06-12 17:07:57,832 [main] INFO  server.RaftServerConfigKeys (ConfUtils.java:logGet(46)) - raft.server.log.appender.buffer.byte-limit = 8388608 (custom)
2024-06-12 17:07:57,833 [main] INFO  server.GrpcService (ConfUtils.java:logGet(46)) - raft.grpc.flow.control.window = 5MB (=5242880) (custom)
2024-06-12 17:07:57,833 [main] INFO  server.RaftServerConfigKeys (ConfUtils.java:logGet(46)) - raft.server.rpc.request.timeout = 3000ms (default)
2024-06-12 17:07:57,834 [main] INFO  grpc.GrpcConfigKeys (ConfUtils.java:logGet(46)) - raft.grpc.server.heartbeat.channel = true (default)
2024-06-12 17:07:57,834 [main] INFO  grpc.GrpcConfigKeys (ConfUtils.java:logGet(46)) - raft.grpc.server.async.request.thread.pool.cached = true (default)
2024-06-12 17:07:57,835 [main] INFO  grpc.GrpcConfigKeys (ConfUtils.java:logGet(46)) - raft.grpc.server.async.request.thread.pool.size = 32 (default)
2024-06-12 17:07:57,837 [main] INFO  impl.DataStreamServerImpl (ConfUtils.java:logGet(46)) - raft.datastream.type = NETTY (custom)
2024-06-12 17:07:57,838 [main] INFO  server.RaftServerConfigKeys (ConfUtils.java:logGet(46)) - raft.server.data-stream.async.request.thread.pool.cached = false (default)
2024-06-12 17:07:57,838 [main] INFO  server.RaftServerConfigKeys (ConfUtils.java:logGet(46)) - raft.server.data-stream.async.request.thread.pool.size = 20 (custom)
2024-06-12 17:07:57,839 [main] INFO  server.RaftServerConfigKeys (ConfUtils.java:logGet(46)) - raft.server.data-stream.async.write.thread.pool.size = 16 (default)
2024-06-12 17:07:57,839 [main] INFO  netty.NettyConfigKeys$DataStream (ConfUtils.java:logGet(46)) - raft.netty.dataStream.server.channel.inactive.grace-period = 10min (default)
2024-06-12 17:07:57,840 [main] INFO  server.RaftServerConfigKeys (ConfUtils.java:logGet(46)) - raft.server.data-stream.client.pool.size = 10 (default)
2024-06-12 17:07:57,840 [main] INFO  netty.NettyConfigKeys$DataStream (ConfUtils.java:logGet(46)) - raft.netty.dataStream.server.use-epoll = true (default)
2024-06-12 17:07:57,840 [main] INFO  netty.NettyConfigKeys$DataStream (ConfUtils.java:logGet(46)) - raft.netty.dataStream.server.boss-group.size = 0 (default)
2024-06-12 17:07:57,841 [main] INFO  netty.NettyUtils (NettyUtils.java:newEventLoopGroup(69)) - Create EpollEventLoopGroup for 691380cd-fa1e-45b9-9936-538793566ee4-NettyServerStreamRpc-bossGroup; Thread size is 0.
2024-06-12 17:07:57,842 [main] INFO  netty.NettyConfigKeys$DataStream (ConfUtils.java:logGet(46)) - raft.netty.dataStream.server.worker-group.size = 0 (default)
2024-06-12 17:07:57,842 [main] INFO  netty.NettyUtils (NettyUtils.java:newEventLoopGroup(69)) - Create EpollEventLoopGroup for 691380cd-fa1e-45b9-9936-538793566ee4-NettyServerStreamRpc-workerGroup; Thread size is 0.
2024-06-12 17:07:57,843 [main] INFO  netty.NettyConfigKeys$DataStream (ConfUtils.java:logGet(46)) - raft.netty.dataStream.server.tls.conf = null (default)
2024-06-12 17:07:57,843 [main] INFO  netty.NettyConfigKeys$DataStream (ConfUtils.java:logGet(46)) - raft.netty.dataStream.host = null (default)
2024-06-12 17:07:57,843 [main] INFO  netty.NettyConfigKeys$DataStream (ConfUtils.java:logGet(46)) - raft.netty.dataStream.port = 15068 (custom)
2024-06-12 17:07:57,844 [main] INFO  server.RaftServerConfigKeys (ConfUtils.java:logGet(46)) - raft.server.sleep.deviation.threshold = 300ms (default)
2024-06-12 17:07:57,845 [main] INFO  server.RaftServerConfigKeys (ConfUtils.java:logGet(46)) - raft.server.close.threshold = 60s (default)
2024-06-12 17:07:57,844 [691380cd-fa1e-45b9-9936-538793566ee4-NettyServerStreamRpc-bossGroup--thread1] INFO  logging.LoggingHandler (AbstractInternalLogger.java:log(148)) - [id: 0x3ca076d3] REGISTERED
2024-06-12 17:07:57,845 [691380cd-fa1e-45b9-9936-538793566ee4-NettyServerStreamRpc-bossGroup--thread1] INFO  logging.LoggingHandler (AbstractInternalLogger.java:log(148)) - [id: 0x3ca076d3] BIND: 0.0.0.0/0.0.0.0:15068
2024-06-12 17:07:57,845 [main] INFO  server.RaftServerConfigKeys (ConfUtils.java:logGet(46)) - raft.server.leaderelection.leader.step-down.wait-time = 10s (default)
2024-06-12 17:07:57,845 [691380cd-fa1e-45b9-9936-538793566ee4-NettyServerStreamRpc-bossGroup--thread1] INFO  logging.LoggingHandler (AbstractInternalLogger.java:log(148)) - [id: 0x3ca076d3, L:/0.0.0.0:15068] ACTIVE
2024-06-12 17:07:57,846 [main] INFO  server.RaftServerConfigKeys (ConfUtils.java:logGet(46)) - raft.server.storage.dir = [/home/runner/work/ozone/ozone/hadoop-ozone/integration-test/target/test-dir/MiniOzoneClusterImpl-0353e991-6c3e-4832-95ff-5850d237b4c9/ozone-meta/datanode-1/ratis] (custom)
2024-06-12 17:07:57,846 [main] INFO  server.RaftServerConfigKeys (ConfUtils.java:logGet(46)) - raft.server.threadpool.proxy.cached = true (default)
2024-06-12 17:07:57,846 [main] INFO  server.RaftServerConfigKeys (ConfUtils.java:logGet(46)) - raft.server.threadpool.proxy.size = 0 (default)
2024-06-12 17:07:57,846 [691380cd-fa1e-45b9-9936-538793566ee4-impl-thread1] INFO  server.RaftServer (RaftServerProxy.java:initGroupDir(264)) - 691380cd-fa1e-45b9-9936-538793566ee4: found a subdirectory /home/runner/work/ozone/ozone/hadoop-ozone/integration-test/target/test-dir/MiniOzoneClusterImpl-0353e991-6c3e-4832-95ff-5850d237b4c9/ozone-meta/datanode-1/ratis/tmp
2024-06-12 17:07:57,847 [691380cd-fa1e-45b9-9936-538793566ee4-impl-thread1] INFO  server.RaftServer (RaftServerProxy.java:initGroupDir(269)) - 691380cd-fa1e-45b9-9936-538793566ee4: The directory /home/runner/work/ozone/ozone/hadoop-ozone/integration-test/target/test-dir/MiniOzoneClusterImpl-0353e991-6c3e-4832-95ff-5850d237b4c9/ozone-meta/datanode-1/ratis/tmp is not a group directory; ignoring it. 
2024-06-12 17:07:57,847 [main] INFO  replication.ReplicationServer (ReplicationServer.java:<init>(86)) - Initializing replication server with thread count = 10 queue length = 4096
2024-06-12 17:07:57,848 [main] INFO  server.XceiverServerGrpc (XceiverServerGrpc.java:<init>(141)) - GrpcServer channel type EpollServerSocketChannel
2024-06-12 17:07:57,850 [main] INFO  replication.ReplicationSupervisor (ReplicationSupervisor.java:build(157)) - Initializing replication supervisor with thread count = 10
2024-06-12 17:07:57,850 [main] INFO  replication.ReplicationSupervisor (ReplicationSupervisor.java:nodeStateUpdated(312)) - Node state updated to IN_SERVICE, scaling executor pool size to 10
2024-06-12 17:07:57,852 [main] INFO  http.BaseHttpServer (BaseHttpServer.java:newHttpServer2BuilderForOzone(223)) - Starting Web-server for hddsDatanode at: http://0.0.0.0:15062
2024-06-12 17:07:57,852 [main] INFO  http.BaseHttpServer (BaseHttpServer.java:<init>(110)) - Hadoop Security Enabled: false Ozone Security Enabled: false Ozone HTTP Security Enabled: false 
2024-06-12 17:07:57,854 [main] WARN  server.AuthenticationFilter (AuthenticationFilter.java:constructSecretProvider(240)) - Unable to initialize FileSignerSecretProvider, falling back to use random secrets. Reason: Could not read signature secret file: /home/runner/hadoop-http-auth-signature-secret
2024-06-12 17:07:57,854 [main] INFO  http.HttpRequestLog (HttpRequestLog.java:getRequestLog(86)) - Http request log for http.requests.hddsDatanode is not defined
2024-06-12 17:07:57,855 [main] INFO  http.HttpServer2 (HttpServer2.java:addGlobalFilter(1036)) - Added global filter 'safety' (class=org.apache.hadoop.hdds.server.http.HttpServer2$QuotingInputFilter)
2024-06-12 17:07:57,856 [main] INFO  http.HttpServer2 (HttpServer2.java:addFilter(1012)) - Added filter static_user_filter (class=org.apache.hadoop.http.lib.StaticUserWebFilter$StaticUserFilter) to context hddsDatanode
2024-06-12 17:07:57,856 [main] INFO  http.HttpServer2 (HttpServer2.java:addFilter(1020)) - Added filter static_user_filter (class=org.apache.hadoop.http.lib.StaticUserWebFilter$StaticUserFilter) to context logs
2024-06-12 17:07:57,856 [main] INFO  http.HttpServer2 (HttpServer2.java:addFilter(1020)) - Added filter static_user_filter (class=org.apache.hadoop.http.lib.StaticUserWebFilter$StaticUserFilter) to context static
2024-06-12 17:07:57,857 [main] INFO  http.BaseHttpServer (BaseHttpServer.java:<init>(189)) - HTTP server of hddsDatanode uses base directory /home/runner/work/ozone/ozone/hadoop-ozone/integration-test/target/test-dir/MiniOzoneClusterImpl-0353e991-6c3e-4832-95ff-5850d237b4c9/ozone-meta/datanode-1/meta/webserver
2024-06-12 17:07:57,857 [main] INFO  http.HttpServer2 (HttpServer2.java:bindListener(1236)) - Jetty bound to port 15062
2024-06-12 17:07:57,857 [main] INFO  server.Server (Server.java:doStart(375)) - jetty-9.4.54.v20240208; built: 2024-02-08T19:42:39.027Z; git: cef3fbd6d736a21e7d541a5db490381d95a2047d; jvm 17.0.11+9
2024-06-12 17:07:57,859 [main] INFO  server.session (DefaultSessionIdManager.java:doStart(334)) - DefaultSessionIdManager workerName=node0
2024-06-12 17:07:57,859 [main] INFO  server.session (DefaultSessionIdManager.java:doStart(339)) - No SessionScavenger set, using defaults
2024-06-12 17:07:57,859 [main] INFO  server.session (HouseKeeper.java:startScavenging(132)) - node0 Scavenging every 600000ms
2024-06-12 17:07:57,860 [main] INFO  handler.ContextHandler (ContextHandler.java:doStart(921)) - Started o.e.j.s.ServletContextHandler@e7e6e94{logs,/logs,file:///home/runner/work/ozone/ozone/hadoop-ozone/integration-test/target/log,AVAILABLE}
2024-06-12 17:07:57,860 [main] INFO  handler.ContextHandler (ContextHandler.java:doStart(921)) - Started o.e.j.s.ServletContextHandler@5e491535{static,/static,file:///home/runner/work/ozone/ozone/hadoop-hdds/container-service/target/classes/webapps/static,AVAILABLE}
2024-06-12 17:07:57,863 [main] INFO  handler.ContextHandler (ContextHandler.java:doStart(921)) - Started o.e.j.w.WebAppContext@444456cb{hddsDatanode,/,file:///home/runner/work/ozone/ozone/hadoop-hdds/container-service/target/classes/webapps/hddsDatanode/,AVAILABLE}{file:/home/runner/work/ozone/ozone/hadoop-hdds/container-service/target/classes/webapps/hddsDatanode}
2024-06-12 17:07:57,864 [main] INFO  server.AbstractConnector (AbstractConnector.java:doStart(333)) - Started ServerConnector@4eb32d54{HTTP/1.1, (http/1.1)}{0.0.0.0:15062}
2024-06-12 17:07:57,864 [main] INFO  server.Server (Server.java:doStart(415)) - Started @40163ms
2024-06-12 17:07:57,864 [main] WARN  impl.MetricsSystemImpl (MetricsSystemImpl.java:register(279)) - Sink prometheus already exists!
2024-06-12 17:07:57,865 [main] INFO  http.BaseHttpServer (BaseHttpServer.java:updateConnectorAddress(354)) - HTTP server of hddsDatanode listening at http://0.0.0.0:15062
2024-06-12 17:07:57,865 [main] INFO  ipc.CallQueueManager (CallQueueManager.java:<init>(90)) - Using callQueue: class java.util.concurrent.LinkedBlockingQueue, queueCapacity: 100, scheduler: class org.apache.hadoop.ipc.DefaultRpcScheduler, ipcBackoff: false.
2024-06-12 17:07:57,865 [main] INFO  ipc.Server (Server.java:<init>(1287)) - Listener at 0.0.0.0:15063
2024-06-12 17:07:57,866 [Socket Reader #1 for port 15063] INFO  ipc.Server (Server.java:run(1323)) - Starting Socket Reader #1 for port 15063
2024-06-12 17:07:57,867 [main] INFO  ozone.HddsDatanodeService (HddsDatanodeService.java:start(321)) - Datanode start with admins: [runner]
2024-06-12 17:07:57,867 [main] INFO  ozone.HddsDatanodeClientProtocolServer (HddsDatanodeClientProtocolServer.java:start(77)) - RPC server for Client /0.0.0.0:15063
2024-06-12 17:07:57,867 [IPC Server Responder] INFO  ipc.Server (Server.java:run(1562)) - IPC Server Responder: starting
2024-06-12 17:07:57,868 [IPC Server listener on 15063] INFO  ipc.Server (Server.java:run(1402)) - IPC Server listener on 15063: starting
2024-06-12 17:07:57,868 [691380cd-fa1e-45b9-9936-538793566ee4-DatanodeStateMachineDaemonThread] INFO  statemachine.DatanodeStateMachine (DatanodeStateMachine.java:lambda$startDaemon$1(545)) - Ozone container server started.
2024-06-12 17:07:57,868 [main] WARN  dropwizard3.Dm3MetricRegistriesImpl (Dm3MetricRegistriesImpl.java:addReporterRegistration(113)) - New reporters are added after registries were created. Some metrics will be missing from the reporter. Please add reporter before adding any new registry.
2024-06-12 17:07:57,869 [main] WARN  dropwizard3.Dm3MetricRegistriesImpl (Dm3MetricRegistriesImpl.java:addReporterRegistration(113)) - New reporters are added after registries were created. Some metrics will be missing from the reporter. Please add reporter before adding any new registry.
2024-06-12 17:07:57,869 [main] INFO  impl.MetricsSystemImpl (MetricsSystemImpl.java:init(158)) - HddsDatanode metrics system started (again)
2024-06-12 17:07:57,872 [691380cd-fa1e-45b9-9936-538793566ee4-DatanodeStateMachineTaskThread-0] INFO  datanode.InitDatanodeState (InitDatanodeState.java:persistContainerDatanodeDetails(139)) - DatanodeDetails is persisted to /home/runner/work/ozone/ozone/hadoop-ozone/integration-test/target/test-dir/MiniOzoneClusterImpl-0353e991-6c3e-4832-95ff-5850d237b4c9/ozone-meta/datanode-1/meta/datanode.id
2024-06-12 17:07:57,880 [main] INFO  ozone.HddsDatanodeService (HddsDatanodeService.java:start(237)) - HddsDatanodeService host:fv-az571-250 ip:10.1.0.8
2024-06-12 17:07:57,882 [main] INFO  upgrade.AbstractLayoutVersionManager (AbstractLayoutVersionManager.java:init(83)) - Initializing Layout version manager with metadata layout = HADOOP_PRC_PORTS_IN_DATANODEDETAILS (version = 7), software layout = HADOOP_PRC_PORTS_IN_DATANODEDETAILS (version = 7)
2024-06-12 17:07:57,884 [main] INFO  statemachine.DatanodeStateMachine (DatanodeStateMachine.java:getEndPointTaskThreadPoolSize(293)) - Datanode State Machine Task Thread Pool size 2
2024-06-12 17:07:57,886 [main] INFO  volume.HddsVolume (HddsVolume.java:<init>(126)) - Creating HddsVolume: /home/runner/work/ozone/ozone/hadoop-ozone/integration-test/target/test-dir/MiniOzoneClusterImpl-0353e991-6c3e-4832-95ff-5850d237b4c9/ozone-meta/datanode-2/data-0/hdds of storage type : DISK capacity : 9222449699674390527
2024-06-12 17:07:57,886 [main] INFO  volume.MutableVolumeSet (MutableVolumeSet.java:initializeVolumeSet(173)) - Added Volume : /home/runner/work/ozone/ozone/hadoop-ozone/integration-test/target/test-dir/MiniOzoneClusterImpl-0353e991-6c3e-4832-95ff-5850d237b4c9/ozone-meta/datanode-2/data-0/hdds to VolumeSet
2024-06-12 17:07:57,887 [main] INFO  volume.MutableVolumeSet (MutableVolumeSet.java:initializeVolumeSet(173)) - Added Volume : /home/runner/work/ozone/ozone/hadoop-ozone/integration-test/target/test-dir/MiniOzoneClusterImpl-0353e991-6c3e-4832-95ff-5850d237b4c9/ozone-meta/datanode-2/ratis to VolumeSet
2024-06-12 17:07:57,888 [main] INFO  ozoneimpl.OzoneContainer (HddsVolumeUtil.java:loadAllHddsVolumeDbStore(103)) - Load 1 volumes DbStore cost: 0ms
2024-06-12 17:07:57,890 [main] INFO  server.RaftServer (ConfUtils.java:logGet(46)) - raft.rpc.type = GRPC (default)
2024-06-12 17:07:57,890 [main] INFO  grpc.GrpcConfigKeys (ConfUtils.java:logFallback(53)) - raft.grpc.admin.host = null (fallback to raft.grpc.server.host)
2024-06-12 17:07:57,890 [main] INFO  grpc.GrpcConfigKeys (ConfUtils.java:logGet(46)) - raft.grpc.admin.port = 15075 (custom)
2024-06-12 17:07:57,890 [main] INFO  grpc.GrpcConfigKeys (ConfUtils.java:logFallback(53)) - raft.grpc.client.host = null (fallback to raft.grpc.server.host)
2024-06-12 17:07:57,890 [main] INFO  grpc.GrpcConfigKeys (ConfUtils.java:logGet(46)) - raft.grpc.client.port = 15074 (custom)
2024-06-12 17:07:57,891 [main] INFO  grpc.GrpcConfigKeys (ConfUtils.java:logGet(46)) - raft.grpc.server.host = null (default)
2024-06-12 17:07:57,891 [main] INFO  grpc.GrpcConfigKeys (ConfUtils.java:logGet(46)) - raft.grpc.server.port = 15076 (custom)
2024-06-12 17:07:57,891 [main] INFO  server.GrpcService (ConfUtils.java:logGet(46)) - raft.grpc.message.size.max = 32MB (=33554432) (custom)
2024-06-12 17:07:57,891 [main] INFO  server.RaftServerConfigKeys (ConfUtils.java:logGet(46)) - raft.server.log.appender.buffer.byte-limit = 8388608 (custom)
2024-06-12 17:07:57,891 [main] INFO  server.GrpcService (ConfUtils.java:logGet(46)) - raft.grpc.flow.control.window = 5MB (=5242880) (custom)
2024-06-12 17:07:57,891 [main] INFO  server.RaftServerConfigKeys (ConfUtils.java:logGet(46)) - raft.server.rpc.request.timeout = 3000ms (default)
2024-06-12 17:07:57,891 [main] INFO  grpc.GrpcConfigKeys (ConfUtils.java:logGet(46)) - raft.grpc.server.heartbeat.channel = true (default)
2024-06-12 17:07:57,892 [main] INFO  grpc.GrpcConfigKeys (ConfUtils.java:logGet(46)) - raft.grpc.server.async.request.thread.pool.cached = true (default)
2024-06-12 17:07:57,892 [main] INFO  grpc.GrpcConfigKeys (ConfUtils.java:logGet(46)) - raft.grpc.server.async.request.thread.pool.size = 32 (default)
2024-06-12 17:07:57,894 [main] INFO  impl.DataStreamServerImpl (ConfUtils.java:logGet(46)) - raft.datastream.type = NETTY (custom)
2024-06-12 17:07:57,894 [main] INFO  server.RaftServerConfigKeys (ConfUtils.java:logGet(46)) - raft.server.data-stream.async.request.thread.pool.cached = false (default)
2024-06-12 17:07:57,894 [main] INFO  server.RaftServerConfigKeys (ConfUtils.java:logGet(46)) - raft.server.data-stream.async.request.thread.pool.size = 20 (custom)
2024-06-12 17:07:57,894 [main] INFO  server.RaftServerConfigKeys (ConfUtils.java:logGet(46)) - raft.server.data-stream.async.write.thread.pool.size = 16 (default)
2024-06-12 17:07:57,895 [main] INFO  netty.NettyConfigKeys$DataStream (ConfUtils.java:logGet(46)) - raft.netty.dataStream.server.channel.inactive.grace-period = 10min (default)
2024-06-12 17:07:57,895 [main] INFO  server.RaftServerConfigKeys (ConfUtils.java:logGet(46)) - raft.server.data-stream.client.pool.size = 10 (default)
2024-06-12 17:07:57,895 [main] INFO  netty.NettyConfigKeys$DataStream (ConfUtils.java:logGet(46)) - raft.netty.dataStream.server.use-epoll = true (default)
2024-06-12 17:07:57,895 [main] INFO  netty.NettyConfigKeys$DataStream (ConfUtils.java:logGet(46)) - raft.netty.dataStream.server.boss-group.size = 0 (default)
2024-06-12 17:07:57,895 [main] INFO  netty.NettyUtils (NettyUtils.java:newEventLoopGroup(69)) - Create EpollEventLoopGroup for f3fc0661-daf3-46cc-b6b9-cf28bd2102cf-NettyServerStreamRpc-bossGroup; Thread size is 0.
2024-06-12 17:07:57,896 [main] INFO  netty.NettyConfigKeys$DataStream (ConfUtils.java:logGet(46)) - raft.netty.dataStream.server.worker-group.size = 0 (default)
2024-06-12 17:07:57,896 [main] INFO  netty.NettyUtils (NettyUtils.java:newEventLoopGroup(69)) - Create EpollEventLoopGroup for f3fc0661-daf3-46cc-b6b9-cf28bd2102cf-NettyServerStreamRpc-workerGroup; Thread size is 0.
2024-06-12 17:07:57,896 [main] INFO  netty.NettyConfigKeys$DataStream (ConfUtils.java:logGet(46)) - raft.netty.dataStream.server.tls.conf = null (default)
2024-06-12 17:07:57,896 [main] INFO  netty.NettyConfigKeys$DataStream (ConfUtils.java:logGet(46)) - raft.netty.dataStream.host = null (default)
2024-06-12 17:07:57,896 [main] INFO  netty.NettyConfigKeys$DataStream (ConfUtils.java:logGet(46)) - raft.netty.dataStream.port = 15077 (custom)
2024-06-12 17:07:57,897 [main] INFO  server.RaftServerConfigKeys (ConfUtils.java:logGet(46)) - raft.server.sleep.deviation.threshold = 300ms (default)
2024-06-12 17:07:57,897 [main] INFO  server.RaftServerConfigKeys (ConfUtils.java:logGet(46)) - raft.server.close.threshold = 60s (default)
2024-06-12 17:07:57,897 [main] INFO  server.RaftServerConfigKeys (ConfUtils.java:logGet(46)) - raft.server.leaderelection.leader.step-down.wait-time = 10s (default)
2024-06-12 17:07:57,897 [f3fc0661-daf3-46cc-b6b9-cf28bd2102cf-NettyServerStreamRpc-bossGroup--thread1] INFO  logging.LoggingHandler (AbstractInternalLogger.java:log(148)) - [id: 0x7b6811ba] REGISTERED
2024-06-12 17:07:57,897 [main] INFO  server.RaftServerConfigKeys (ConfUtils.java:logGet(46)) - raft.server.storage.dir = [/home/runner/work/ozone/ozone/hadoop-ozone/integration-test/target/test-dir/MiniOzoneClusterImpl-0353e991-6c3e-4832-95ff-5850d237b4c9/ozone-meta/datanode-2/ratis] (custom)
2024-06-12 17:07:57,898 [main] INFO  server.RaftServerConfigKeys (ConfUtils.java:logGet(46)) - raft.server.threadpool.proxy.cached = true (default)
2024-06-12 17:07:57,898 [main] INFO  server.RaftServerConfigKeys (ConfUtils.java:logGet(46)) - raft.server.threadpool.proxy.size = 0 (default)
2024-06-12 17:07:57,897 [f3fc0661-daf3-46cc-b6b9-cf28bd2102cf-NettyServerStreamRpc-bossGroup--thread1] INFO  logging.LoggingHandler (AbstractInternalLogger.java:log(148)) - [id: 0x7b6811ba] BIND: 0.0.0.0/0.0.0.0:15077
2024-06-12 17:07:57,898 [f3fc0661-daf3-46cc-b6b9-cf28bd2102cf-NettyServerStreamRpc-bossGroup--thread1] INFO  logging.LoggingHandler (AbstractInternalLogger.java:log(148)) - [id: 0x7b6811ba, L:/0.0.0.0:15077] ACTIVE
2024-06-12 17:07:57,898 [f3fc0661-daf3-46cc-b6b9-cf28bd2102cf-impl-thread1] INFO  server.RaftServer (RaftServerProxy.java:initGroupDir(264)) - f3fc0661-daf3-46cc-b6b9-cf28bd2102cf: found a subdirectory /home/runner/work/ozone/ozone/hadoop-ozone/integration-test/target/test-dir/MiniOzoneClusterImpl-0353e991-6c3e-4832-95ff-5850d237b4c9/ozone-meta/datanode-2/ratis/tmp
2024-06-12 17:07:57,898 [f3fc0661-daf3-46cc-b6b9-cf28bd2102cf-impl-thread1] INFO  server.RaftServer (RaftServerProxy.java:initGroupDir(269)) - f3fc0661-daf3-46cc-b6b9-cf28bd2102cf: The directory /home/runner/work/ozone/ozone/hadoop-ozone/integration-test/target/test-dir/MiniOzoneClusterImpl-0353e991-6c3e-4832-95ff-5850d237b4c9/ozone-meta/datanode-2/ratis/tmp is not a group directory; ignoring it. 
2024-06-12 17:07:57,898 [main] INFO  replication.ReplicationServer (ReplicationServer.java:<init>(86)) - Initializing replication server with thread count = 10 queue length = 4096
2024-06-12 17:07:57,899 [main] INFO  server.XceiverServerGrpc (XceiverServerGrpc.java:<init>(141)) - GrpcServer channel type EpollServerSocketChannel
2024-06-12 17:07:57,902 [main] INFO  replication.ReplicationSupervisor (ReplicationSupervisor.java:build(157)) - Initializing replication supervisor with thread count = 10
2024-06-12 17:07:57,903 [main] INFO  replication.ReplicationSupervisor (ReplicationSupervisor.java:nodeStateUpdated(312)) - Node state updated to IN_SERVICE, scaling executor pool size to 10
2024-06-12 17:07:57,905 [main] INFO  http.BaseHttpServer (BaseHttpServer.java:newHttpServer2BuilderForOzone(223)) - Starting Web-server for hddsDatanode at: http://0.0.0.0:15071
2024-06-12 17:07:57,905 [main] INFO  http.BaseHttpServer (BaseHttpServer.java:<init>(110)) - Hadoop Security Enabled: false Ozone Security Enabled: false Ozone HTTP Security Enabled: false 
2024-06-12 17:07:57,906 [main] WARN  server.AuthenticationFilter (AuthenticationFilter.java:constructSecretProvider(240)) - Unable to initialize FileSignerSecretProvider, falling back to use random secrets. Reason: Could not read signature secret file: /home/runner/hadoop-http-auth-signature-secret
2024-06-12 17:07:57,907 [main] INFO  http.HttpRequestLog (HttpRequestLog.java:getRequestLog(86)) - Http request log for http.requests.hddsDatanode is not defined
2024-06-12 17:07:57,908 [main] INFO  http.HttpServer2 (HttpServer2.java:addGlobalFilter(1036)) - Added global filter 'safety' (class=org.apache.hadoop.hdds.server.http.HttpServer2$QuotingInputFilter)
2024-06-12 17:07:57,909 [main] INFO  http.HttpServer2 (HttpServer2.java:addFilter(1012)) - Added filter static_user_filter (class=org.apache.hadoop.http.lib.StaticUserWebFilter$StaticUserFilter) to context hddsDatanode
2024-06-12 17:07:57,909 [main] INFO  http.HttpServer2 (HttpServer2.java:addFilter(1020)) - Added filter static_user_filter (class=org.apache.hadoop.http.lib.StaticUserWebFilter$StaticUserFilter) to context logs
2024-06-12 17:07:57,909 [main] INFO  http.HttpServer2 (HttpServer2.java:addFilter(1020)) - Added filter static_user_filter (class=org.apache.hadoop.http.lib.StaticUserWebFilter$StaticUserFilter) to context static
2024-06-12 17:07:57,910 [main] INFO  http.BaseHttpServer (BaseHttpServer.java:<init>(189)) - HTTP server of hddsDatanode uses base directory /home/runner/work/ozone/ozone/hadoop-ozone/integration-test/target/test-dir/MiniOzoneClusterImpl-0353e991-6c3e-4832-95ff-5850d237b4c9/ozone-meta/datanode-2/meta/webserver
2024-06-12 17:07:57,910 [main] INFO  http.HttpServer2 (HttpServer2.java:bindListener(1236)) - Jetty bound to port 15071
2024-06-12 17:07:57,910 [main] INFO  server.Server (Server.java:doStart(375)) - jetty-9.4.54.v20240208; built: 2024-02-08T19:42:39.027Z; git: cef3fbd6d736a21e7d541a5db490381d95a2047d; jvm 17.0.11+9
2024-06-12 17:07:57,912 [main] INFO  server.session (DefaultSessionIdManager.java:doStart(334)) - DefaultSessionIdManager workerName=node0
2024-06-12 17:07:57,912 [main] INFO  server.session (DefaultSessionIdManager.java:doStart(339)) - No SessionScavenger set, using defaults
2024-06-12 17:07:57,912 [main] INFO  server.session (HouseKeeper.java:startScavenging(132)) - node0 Scavenging every 660000ms
2024-06-12 17:07:57,912 [main] INFO  handler.ContextHandler (ContextHandler.java:doStart(921)) - Started o.e.j.s.ServletContextHandler@37b98741{logs,/logs,file:///home/runner/work/ozone/ozone/hadoop-ozone/integration-test/target/log,AVAILABLE}
2024-06-12 17:07:57,913 [main] INFO  handler.ContextHandler (ContextHandler.java:doStart(921)) - Started o.e.j.s.ServletContextHandler@400b4dd5{static,/static,file:///home/runner/work/ozone/ozone/hadoop-hdds/container-service/target/classes/webapps/static,AVAILABLE}
2024-06-12 17:07:57,917 [main] INFO  handler.ContextHandler (ContextHandler.java:doStart(921)) - Started o.e.j.w.WebAppContext@5cfed4ee{hddsDatanode,/,file:///home/runner/work/ozone/ozone/hadoop-hdds/container-service/target/classes/webapps/hddsDatanode/,AVAILABLE}{file:/home/runner/work/ozone/ozone/hadoop-hdds/container-service/target/classes/webapps/hddsDatanode}
2024-06-12 17:07:57,918 [main] INFO  server.AbstractConnector (AbstractConnector.java:doStart(333)) - Started ServerConnector@3a40e068{HTTP/1.1, (http/1.1)}{0.0.0.0:15071}
2024-06-12 17:07:57,918 [main] INFO  server.Server (Server.java:doStart(415)) - Started @40217ms
2024-06-12 17:07:57,918 [main] WARN  impl.MetricsSystemImpl (MetricsSystemImpl.java:register(279)) - Sink prometheus already exists!
2024-06-12 17:07:57,919 [main] INFO  http.BaseHttpServer (BaseHttpServer.java:updateConnectorAddress(354)) - HTTP server of hddsDatanode listening at http://0.0.0.0:15071
2024-06-12 17:07:57,919 [main] INFO  ipc.CallQueueManager (CallQueueManager.java:<init>(90)) - Using callQueue: class java.util.concurrent.LinkedBlockingQueue, queueCapacity: 100, scheduler: class org.apache.hadoop.ipc.DefaultRpcScheduler, ipcBackoff: false.
2024-06-12 17:07:57,919 [main] INFO  ipc.Server (Server.java:<init>(1287)) - Listener at 0.0.0.0:15072
2024-06-12 17:07:57,920 [Socket Reader #1 for port 15072] INFO  ipc.Server (Server.java:run(1323)) - Starting Socket Reader #1 for port 15072
2024-06-12 17:07:57,921 [main] INFO  ozone.HddsDatanodeService (HddsDatanodeService.java:start(321)) - Datanode start with admins: [runner]
2024-06-12 17:07:57,921 [main] INFO  ozone.HddsDatanodeClientProtocolServer (HddsDatanodeClientProtocolServer.java:start(77)) - RPC server for Client /0.0.0.0:15072
2024-06-12 17:07:57,921 [IPC Server Responder] INFO  ipc.Server (Server.java:run(1562)) - IPC Server Responder: starting
2024-06-12 17:07:57,922 [IPC Server listener on 15072] INFO  ipc.Server (Server.java:run(1402)) - IPC Server listener on 15072: starting
2024-06-12 17:07:57,922 [f3fc0661-daf3-46cc-b6b9-cf28bd2102cf-DatanodeStateMachineDaemonThread] INFO  statemachine.DatanodeStateMachine (DatanodeStateMachine.java:lambda$startDaemon$1(545)) - Ozone container server started.
2024-06-12 17:07:57,922 [main] WARN  dropwizard3.Dm3MetricRegistriesImpl (Dm3MetricRegistriesImpl.java:addReporterRegistration(113)) - New reporters are added after registries were created. Some metrics will be missing from the reporter. Please add reporter before adding any new registry.
2024-06-12 17:07:57,922 [main] WARN  dropwizard3.Dm3MetricRegistriesImpl (Dm3MetricRegistriesImpl.java:addReporterRegistration(113)) - New reporters are added after registries were created. Some metrics will be missing from the reporter. Please add reporter before adding any new registry.
2024-06-12 17:07:57,922 [main] INFO  impl.MetricsSystemImpl (MetricsSystemImpl.java:init(158)) - HddsDatanode metrics system started (again)
2024-06-12 17:07:57,925 [f3fc0661-daf3-46cc-b6b9-cf28bd2102cf-DatanodeStateMachineTaskThread-0] INFO  datanode.InitDatanodeState (InitDatanodeState.java:persistContainerDatanodeDetails(139)) - DatanodeDetails is persisted to /home/runner/work/ozone/ozone/hadoop-ozone/integration-test/target/test-dir/MiniOzoneClusterImpl-0353e991-6c3e-4832-95ff-5850d237b4c9/ozone-meta/datanode-2/meta/datanode.id
2024-06-12 17:07:57,937 [main] INFO  ozone.HddsDatanodeService (HddsDatanodeService.java:start(237)) - HddsDatanodeService host:fv-az571-250 ip:10.1.0.8
2024-06-12 17:07:57,943 [main] INFO  upgrade.AbstractLayoutVersionManager (AbstractLayoutVersionManager.java:init(83)) - Initializing Layout version manager with metadata layout = HADOOP_PRC_PORTS_IN_DATANODEDETAILS (version = 7), software layout = HADOOP_PRC_PORTS_IN_DATANODEDETAILS (version = 7)
2024-06-12 17:07:57,944 [main] INFO  statemachine.DatanodeStateMachine (DatanodeStateMachine.java:getEndPointTaskThreadPoolSize(293)) - Datanode State Machine Task Thread Pool size 2
2024-06-12 17:07:57,945 [main] INFO  volume.HddsVolume (HddsVolume.java:<init>(126)) - Creating HddsVolume: /home/runner/work/ozone/ozone/hadoop-ozone/integration-test/target/test-dir/MiniOzoneClusterImpl-0353e991-6c3e-4832-95ff-5850d237b4c9/ozone-meta/datanode-3/data-0/hdds of storage type : DISK capacity : 9222449699674390527
2024-06-12 17:07:57,945 [main] INFO  volume.MutableVolumeSet (MutableVolumeSet.java:initializeVolumeSet(173)) - Added Volume : /home/runner/work/ozone/ozone/hadoop-ozone/integration-test/target/test-dir/MiniOzoneClusterImpl-0353e991-6c3e-4832-95ff-5850d237b4c9/ozone-meta/datanode-3/data-0/hdds to VolumeSet
2024-06-12 17:07:57,947 [main] INFO  volume.MutableVolumeSet (MutableVolumeSet.java:initializeVolumeSet(173)) - Added Volume : /home/runner/work/ozone/ozone/hadoop-ozone/integration-test/target/test-dir/MiniOzoneClusterImpl-0353e991-6c3e-4832-95ff-5850d237b4c9/ozone-meta/datanode-3/ratis to VolumeSet
2024-06-12 17:07:57,947 [main] INFO  ozoneimpl.OzoneContainer (HddsVolumeUtil.java:loadAllHddsVolumeDbStore(103)) - Load 1 volumes DbStore cost: 0ms
2024-06-12 17:07:57,949 [main] INFO  server.RaftServer (ConfUtils.java:logGet(46)) - raft.rpc.type = GRPC (default)
2024-06-12 17:07:57,949 [main] INFO  grpc.GrpcConfigKeys (ConfUtils.java:logFallback(53)) - raft.grpc.admin.host = null (fallback to raft.grpc.server.host)
2024-06-12 17:07:57,950 [main] INFO  grpc.GrpcConfigKeys (ConfUtils.java:logGet(46)) - raft.grpc.admin.port = 15084 (custom)
2024-06-12 17:07:57,950 [main] INFO  grpc.GrpcConfigKeys (ConfUtils.java:logFallback(53)) - raft.grpc.client.host = null (fallback to raft.grpc.server.host)
2024-06-12 17:07:57,950 [main] INFO  grpc.GrpcConfigKeys (ConfUtils.java:logGet(46)) - raft.grpc.client.port = 15083 (custom)
2024-06-12 17:07:57,950 [main] INFO  grpc.GrpcConfigKeys (ConfUtils.java:logGet(46)) - raft.grpc.server.host = null (default)
2024-06-12 17:07:57,950 [main] INFO  grpc.GrpcConfigKeys (ConfUtils.java:logGet(46)) - raft.grpc.server.port = 15085 (custom)
2024-06-12 17:07:57,950 [main] INFO  server.GrpcService (ConfUtils.java:logGet(46)) - raft.grpc.message.size.max = 32MB (=33554432) (custom)
2024-06-12 17:07:57,950 [main] INFO  server.RaftServerConfigKeys (ConfUtils.java:logGet(46)) - raft.server.log.appender.buffer.byte-limit = 8388608 (custom)
2024-06-12 17:07:57,950 [main] INFO  server.GrpcService (ConfUtils.java:logGet(46)) - raft.grpc.flow.control.window = 5MB (=5242880) (custom)
2024-06-12 17:07:57,951 [main] INFO  server.RaftServerConfigKeys (ConfUtils.java:logGet(46)) - raft.server.rpc.request.timeout = 3000ms (default)
2024-06-12 17:07:57,951 [main] INFO  grpc.GrpcConfigKeys (ConfUtils.java:logGet(46)) - raft.grpc.server.heartbeat.channel = true (default)
2024-06-12 17:07:57,951 [main] INFO  grpc.GrpcConfigKeys (ConfUtils.java:logGet(46)) - raft.grpc.server.async.request.thread.pool.cached = true (default)
2024-06-12 17:07:57,951 [main] INFO  grpc.GrpcConfigKeys (ConfUtils.java:logGet(46)) - raft.grpc.server.async.request.thread.pool.size = 32 (default)
2024-06-12 17:07:57,953 [main] INFO  impl.DataStreamServerImpl (ConfUtils.java:logGet(46)) - raft.datastream.type = NETTY (custom)
2024-06-12 17:07:57,953 [main] INFO  server.RaftServerConfigKeys (ConfUtils.java:logGet(46)) - raft.server.data-stream.async.request.thread.pool.cached = false (default)
2024-06-12 17:07:57,953 [main] INFO  server.RaftServerConfigKeys (ConfUtils.java:logGet(46)) - raft.server.data-stream.async.request.thread.pool.size = 20 (custom)
2024-06-12 17:07:57,953 [main] INFO  server.RaftServerConfigKeys (ConfUtils.java:logGet(46)) - raft.server.data-stream.async.write.thread.pool.size = 16 (default)
2024-06-12 17:07:57,953 [main] INFO  netty.NettyConfigKeys$DataStream (ConfUtils.java:logGet(46)) - raft.netty.dataStream.server.channel.inactive.grace-period = 10min (default)
2024-06-12 17:07:57,953 [main] INFO  server.RaftServerConfigKeys (ConfUtils.java:logGet(46)) - raft.server.data-stream.client.pool.size = 10 (default)
2024-06-12 17:07:57,953 [main] INFO  netty.NettyConfigKeys$DataStream (ConfUtils.java:logGet(46)) - raft.netty.dataStream.server.use-epoll = true (default)
2024-06-12 17:07:57,954 [main] INFO  netty.NettyConfigKeys$DataStream (ConfUtils.java:logGet(46)) - raft.netty.dataStream.server.boss-group.size = 0 (default)
2024-06-12 17:07:57,954 [main] INFO  netty.NettyUtils (NettyUtils.java:newEventLoopGroup(69)) - Create EpollEventLoopGroup for 92e0ccad-9c5a-447b-b545-333a3cb7e193-NettyServerStreamRpc-bossGroup; Thread size is 0.
2024-06-12 17:07:57,954 [main] INFO  netty.NettyConfigKeys$DataStream (ConfUtils.java:logGet(46)) - raft.netty.dataStream.server.worker-group.size = 0 (default)
2024-06-12 17:07:57,954 [main] INFO  netty.NettyUtils (NettyUtils.java:newEventLoopGroup(69)) - Create EpollEventLoopGroup for 92e0ccad-9c5a-447b-b545-333a3cb7e193-NettyServerStreamRpc-workerGroup; Thread size is 0.
2024-06-12 17:07:57,954 [main] INFO  netty.NettyConfigKeys$DataStream (ConfUtils.java:logGet(46)) - raft.netty.dataStream.server.tls.conf = null (default)
2024-06-12 17:07:57,955 [main] INFO  netty.NettyConfigKeys$DataStream (ConfUtils.java:logGet(46)) - raft.netty.dataStream.host = null (default)
2024-06-12 17:07:57,955 [main] INFO  netty.NettyConfigKeys$DataStream (ConfUtils.java:logGet(46)) - raft.netty.dataStream.port = 15086 (custom)
2024-06-12 17:07:57,955 [main] INFO  server.RaftServerConfigKeys (ConfUtils.java:logGet(46)) - raft.server.sleep.deviation.threshold = 300ms (default)
2024-06-12 17:07:57,955 [main] INFO  server.RaftServerConfigKeys (ConfUtils.java:logGet(46)) - raft.server.close.threshold = 60s (default)
2024-06-12 17:07:57,955 [main] INFO  server.RaftServerConfigKeys (ConfUtils.java:logGet(46)) - raft.server.leaderelection.leader.step-down.wait-time = 10s (default)
2024-06-12 17:07:57,955 [92e0ccad-9c5a-447b-b545-333a3cb7e193-NettyServerStreamRpc-bossGroup--thread1] INFO  logging.LoggingHandler (AbstractInternalLogger.java:log(148)) - [id: 0xafd4463e] REGISTERED
2024-06-12 17:07:57,956 [main] INFO  server.RaftServerConfigKeys (ConfUtils.java:logGet(46)) - raft.server.storage.dir = [/home/runner/work/ozone/ozone/hadoop-ozone/integration-test/target/test-dir/MiniOzoneClusterImpl-0353e991-6c3e-4832-95ff-5850d237b4c9/ozone-meta/datanode-3/ratis] (custom)
2024-06-12 17:07:57,956 [main] INFO  server.RaftServerConfigKeys (ConfUtils.java:logGet(46)) - raft.server.threadpool.proxy.cached = true (default)
2024-06-12 17:07:57,956 [main] INFO  server.RaftServerConfigKeys (ConfUtils.java:logGet(46)) - raft.server.threadpool.proxy.size = 0 (default)
2024-06-12 17:07:57,956 [92e0ccad-9c5a-447b-b545-333a3cb7e193-NettyServerStreamRpc-bossGroup--thread1] INFO  logging.LoggingHandler (AbstractInternalLogger.java:log(148)) - [id: 0xafd4463e] BIND: 0.0.0.0/0.0.0.0:15086
2024-06-12 17:07:57,956 [92e0ccad-9c5a-447b-b545-333a3cb7e193-NettyServerStreamRpc-bossGroup--thread1] INFO  logging.LoggingHandler (AbstractInternalLogger.java:log(148)) - [id: 0xafd4463e, L:/0.0.0.0:15086] ACTIVE
2024-06-12 17:07:57,956 [92e0ccad-9c5a-447b-b545-333a3cb7e193-impl-thread1] INFO  server.RaftServer (RaftServerProxy.java:initGroupDir(264)) - 92e0ccad-9c5a-447b-b545-333a3cb7e193: found a subdirectory /home/runner/work/ozone/ozone/hadoop-ozone/integration-test/target/test-dir/MiniOzoneClusterImpl-0353e991-6c3e-4832-95ff-5850d237b4c9/ozone-meta/datanode-3/ratis/tmp
2024-06-12 17:07:57,957 [92e0ccad-9c5a-447b-b545-333a3cb7e193-impl-thread1] INFO  server.RaftServer (RaftServerProxy.java:initGroupDir(269)) - 92e0ccad-9c5a-447b-b545-333a3cb7e193: The directory /home/runner/work/ozone/ozone/hadoop-ozone/integration-test/target/test-dir/MiniOzoneClusterImpl-0353e991-6c3e-4832-95ff-5850d237b4c9/ozone-meta/datanode-3/ratis/tmp is not a group directory; ignoring it. 
2024-06-12 17:07:57,957 [main] INFO  replication.ReplicationServer (ReplicationServer.java:<init>(86)) - Initializing replication server with thread count = 10 queue length = 4096
2024-06-12 17:07:57,958 [main] INFO  server.XceiverServerGrpc (XceiverServerGrpc.java:<init>(141)) - GrpcServer channel type EpollServerSocketChannel
2024-06-12 17:07:57,960 [main] INFO  replication.ReplicationSupervisor (ReplicationSupervisor.java:build(157)) - Initializing replication supervisor with thread count = 10
2024-06-12 17:07:57,960 [main] INFO  replication.ReplicationSupervisor (ReplicationSupervisor.java:nodeStateUpdated(312)) - Node state updated to IN_SERVICE, scaling executor pool size to 10
2024-06-12 17:07:57,963 [main] INFO  http.BaseHttpServer (BaseHttpServer.java:newHttpServer2BuilderForOzone(223)) - Starting Web-server for hddsDatanode at: http://0.0.0.0:15080
2024-06-12 17:07:57,963 [main] INFO  http.BaseHttpServer (BaseHttpServer.java:<init>(110)) - Hadoop Security Enabled: false Ozone Security Enabled: false Ozone HTTP Security Enabled: false 
2024-06-12 17:07:57,964 [main] WARN  server.AuthenticationFilter (AuthenticationFilter.java:constructSecretProvider(240)) - Unable to initialize FileSignerSecretProvider, falling back to use random secrets. Reason: Could not read signature secret file: /home/runner/hadoop-http-auth-signature-secret
2024-06-12 17:07:57,965 [main] INFO  http.HttpRequestLog (HttpRequestLog.java:getRequestLog(86)) - Http request log for http.requests.hddsDatanode is not defined
2024-06-12 17:07:57,967 [main] INFO  http.HttpServer2 (HttpServer2.java:addGlobalFilter(1036)) - Added global filter 'safety' (class=org.apache.hadoop.hdds.server.http.HttpServer2$QuotingInputFilter)
2024-06-12 17:07:57,967 [main] INFO  http.HttpServer2 (HttpServer2.java:addFilter(1012)) - Added filter static_user_filter (class=org.apache.hadoop.http.lib.StaticUserWebFilter$StaticUserFilter) to context hddsDatanode
2024-06-12 17:07:57,967 [main] INFO  http.HttpServer2 (HttpServer2.java:addFilter(1020)) - Added filter static_user_filter (class=org.apache.hadoop.http.lib.StaticUserWebFilter$StaticUserFilter) to context logs
2024-06-12 17:07:57,968 [main] INFO  http.HttpServer2 (HttpServer2.java:addFilter(1020)) - Added filter static_user_filter (class=org.apache.hadoop.http.lib.StaticUserWebFilter$StaticUserFilter) to context static
2024-06-12 17:07:57,968 [main] INFO  http.BaseHttpServer (BaseHttpServer.java:<init>(189)) - HTTP server of hddsDatanode uses base directory /home/runner/work/ozone/ozone/hadoop-ozone/integration-test/target/test-dir/MiniOzoneClusterImpl-0353e991-6c3e-4832-95ff-5850d237b4c9/ozone-meta/datanode-3/meta/webserver
2024-06-12 17:07:57,969 [main] INFO  http.HttpServer2 (HttpServer2.java:bindListener(1236)) - Jetty bound to port 15080
2024-06-12 17:07:57,969 [main] INFO  server.Server (Server.java:doStart(375)) - jetty-9.4.54.v20240208; built: 2024-02-08T19:42:39.027Z; git: cef3fbd6d736a21e7d541a5db490381d95a2047d; jvm 17.0.11+9
2024-06-12 17:07:57,973 [main] INFO  server.session (DefaultSessionIdManager.java:doStart(334)) - DefaultSessionIdManager workerName=node0
2024-06-12 17:07:57,974 [main] INFO  server.session (DefaultSessionIdManager.java:doStart(339)) - No SessionScavenger set, using defaults
2024-06-12 17:07:57,974 [main] INFO  server.session (HouseKeeper.java:startScavenging(132)) - node0 Scavenging every 660000ms
2024-06-12 17:07:57,974 [main] INFO  handler.ContextHandler (ContextHandler.java:doStart(921)) - Started o.e.j.s.ServletContextHandler@5aa786fc{logs,/logs,file:///home/runner/work/ozone/ozone/hadoop-ozone/integration-test/target/log,AVAILABLE}
2024-06-12 17:07:57,975 [main] INFO  handler.ContextHandler (ContextHandler.java:doStart(921)) - Started o.e.j.s.ServletContextHandler@5c961ce9{static,/static,file:///home/runner/work/ozone/ozone/hadoop-hdds/container-service/target/classes/webapps/static,AVAILABLE}
2024-06-12 17:07:57,978 [main] INFO  handler.ContextHandler (ContextHandler.java:doStart(921)) - Started o.e.j.w.WebAppContext@5b2f8813{hddsDatanode,/,file:///home/runner/work/ozone/ozone/hadoop-hdds/container-service/target/classes/webapps/hddsDatanode/,AVAILABLE}{file:/home/runner/work/ozone/ozone/hadoop-hdds/container-service/target/classes/webapps/hddsDatanode}
2024-06-12 17:07:57,979 [main] INFO  server.AbstractConnector (AbstractConnector.java:doStart(333)) - Started ServerConnector@6be7c9d9{HTTP/1.1, (http/1.1)}{0.0.0.0:15080}
2024-06-12 17:07:57,979 [main] INFO  server.Server (Server.java:doStart(415)) - Started @40278ms
2024-06-12 17:07:57,979 [main] WARN  impl.MetricsSystemImpl (MetricsSystemImpl.java:register(279)) - Sink prometheus already exists!
2024-06-12 17:07:57,980 [main] INFO  http.BaseHttpServer (BaseHttpServer.java:updateConnectorAddress(354)) - HTTP server of hddsDatanode listening at http://0.0.0.0:15080
2024-06-12 17:07:57,981 [main] INFO  ipc.CallQueueManager (CallQueueManager.java:<init>(90)) - Using callQueue: class java.util.concurrent.LinkedBlockingQueue, queueCapacity: 100, scheduler: class org.apache.hadoop.ipc.DefaultRpcScheduler, ipcBackoff: false.
2024-06-12 17:07:57,981 [main] INFO  ipc.Server (Server.java:<init>(1287)) - Listener at 0.0.0.0:15081
2024-06-12 17:07:57,981 [Socket Reader #1 for port 15081] INFO  ipc.Server (Server.java:run(1323)) - Starting Socket Reader #1 for port 15081
2024-06-12 17:07:57,983 [main] INFO  ozone.HddsDatanodeService (HddsDatanodeService.java:start(321)) - Datanode start with admins: [runner]
2024-06-12 17:07:57,983 [main] INFO  ozone.HddsDatanodeClientProtocolServer (HddsDatanodeClientProtocolServer.java:start(77)) - RPC server for Client /0.0.0.0:15081
2024-06-12 17:07:57,983 [IPC Server Responder] INFO  ipc.Server (Server.java:run(1562)) - IPC Server Responder: starting
2024-06-12 17:07:57,983 [IPC Server listener on 15081] INFO  ipc.Server (Server.java:run(1402)) - IPC Server listener on 15081: starting
2024-06-12 17:07:57,984 [92e0ccad-9c5a-447b-b545-333a3cb7e193-DatanodeStateMachineDaemonThread] INFO  statemachine.DatanodeStateMachine (DatanodeStateMachine.java:lambda$startDaemon$1(545)) - Ozone container server started.
2024-06-12 17:07:57,984 [main] WARN  dropwizard3.Dm3MetricRegistriesImpl (Dm3MetricRegistriesImpl.java:addReporterRegistration(113)) - New reporters are added after registries were created. Some metrics will be missing from the reporter. Please add reporter before adding any new registry.
2024-06-12 17:07:57,984 [main] WARN  dropwizard3.Dm3MetricRegistriesImpl (Dm3MetricRegistriesImpl.java:addReporterRegistration(113)) - New reporters are added after registries were created. Some metrics will be missing from the reporter. Please add reporter before adding any new registry.
2024-06-12 17:07:57,984 [main] INFO  impl.MetricsSystemImpl (MetricsSystemImpl.java:init(158)) - HddsDatanode metrics system started (again)
2024-06-12 17:07:57,995 [main] INFO  ozone.HddsDatanodeService (HddsDatanodeService.java:start(237)) - HddsDatanodeService host:fv-az571-250 ip:10.1.0.8
2024-06-12 17:07:57,997 [main] INFO  upgrade.AbstractLayoutVersionManager (AbstractLayoutVersionManager.java:init(83)) - Initializing Layout version manager with metadata layout = HADOOP_PRC_PORTS_IN_DATANODEDETAILS (version = 7), software layout = HADOOP_PRC_PORTS_IN_DATANODEDETAILS (version = 7)
2024-06-12 17:07:57,998 [main] INFO  statemachine.DatanodeStateMachine (DatanodeStateMachine.java:getEndPointTaskThreadPoolSize(293)) - Datanode State Machine Task Thread Pool size 2
2024-06-12 17:07:57,999 [92e0ccad-9c5a-447b-b545-333a3cb7e193-DatanodeStateMachineTaskThread-0] INFO  datanode.InitDatanodeState (InitDatanodeState.java:persistContainerDatanodeDetails(139)) - DatanodeDetails is persisted to /home/runner/work/ozone/ozone/hadoop-ozone/integration-test/target/test-dir/MiniOzoneClusterImpl-0353e991-6c3e-4832-95ff-5850d237b4c9/ozone-meta/datanode-3/meta/datanode.id
2024-06-12 17:07:57,999 [main] INFO  volume.HddsVolume (HddsVolume.java:<init>(126)) - Creating HddsVolume: /home/runner/work/ozone/ozone/hadoop-ozone/integration-test/target/test-dir/MiniOzoneClusterImpl-0353e991-6c3e-4832-95ff-5850d237b4c9/ozone-meta/datanode-4/data-0/hdds of storage type : DISK capacity : 9222449699674390527
2024-06-12 17:07:57,999 [main] INFO  volume.MutableVolumeSet (MutableVolumeSet.java:initializeVolumeSet(173)) - Added Volume : /home/runner/work/ozone/ozone/hadoop-ozone/integration-test/target/test-dir/MiniOzoneClusterImpl-0353e991-6c3e-4832-95ff-5850d237b4c9/ozone-meta/datanode-4/data-0/hdds to VolumeSet
2024-06-12 17:07:58,000 [main] INFO  volume.MutableVolumeSet (MutableVolumeSet.java:initializeVolumeSet(173)) - Added Volume : /home/runner/work/ozone/ozone/hadoop-ozone/integration-test/target/test-dir/MiniOzoneClusterImpl-0353e991-6c3e-4832-95ff-5850d237b4c9/ozone-meta/datanode-4/ratis to VolumeSet
2024-06-12 17:07:58,001 [main] INFO  ozoneimpl.OzoneContainer (HddsVolumeUtil.java:loadAllHddsVolumeDbStore(103)) - Load 1 volumes DbStore cost: 1ms
2024-06-12 17:07:58,003 [main] INFO  server.RaftServer (ConfUtils.java:logGet(46)) - raft.rpc.type = GRPC (default)
2024-06-12 17:07:58,003 [main] INFO  grpc.GrpcConfigKeys (ConfUtils.java:logFallback(53)) - raft.grpc.admin.host = null (fallback to raft.grpc.server.host)
2024-06-12 17:07:58,003 [main] INFO  grpc.GrpcConfigKeys (ConfUtils.java:logGet(46)) - raft.grpc.admin.port = 15093 (custom)
2024-06-12 17:07:58,003 [main] INFO  grpc.GrpcConfigKeys (ConfUtils.java:logFallback(53)) - raft.grpc.client.host = null (fallback to raft.grpc.server.host)
2024-06-12 17:07:58,004 [main] INFO  grpc.GrpcConfigKeys (ConfUtils.java:logGet(46)) - raft.grpc.client.port = 15092 (custom)
2024-06-12 17:07:58,004 [main] INFO  grpc.GrpcConfigKeys (ConfUtils.java:logGet(46)) - raft.grpc.server.host = null (default)
2024-06-12 17:07:58,004 [main] INFO  grpc.GrpcConfigKeys (ConfUtils.java:logGet(46)) - raft.grpc.server.port = 15094 (custom)
2024-06-12 17:07:58,004 [main] INFO  server.GrpcService (ConfUtils.java:logGet(46)) - raft.grpc.message.size.max = 32MB (=33554432) (custom)
2024-06-12 17:07:58,004 [main] INFO  server.RaftServerConfigKeys (ConfUtils.java:logGet(46)) - raft.server.log.appender.buffer.byte-limit = 8388608 (custom)
2024-06-12 17:07:58,004 [main] INFO  server.GrpcService (ConfUtils.java:logGet(46)) - raft.grpc.flow.control.window = 5MB (=5242880) (custom)
2024-06-12 17:07:58,004 [main] INFO  server.RaftServerConfigKeys (ConfUtils.java:logGet(46)) - raft.server.rpc.request.timeout = 3000ms (default)
2024-06-12 17:07:58,004 [main] INFO  grpc.GrpcConfigKeys (ConfUtils.java:logGet(46)) - raft.grpc.server.heartbeat.channel = true (default)
2024-06-12 17:07:58,004 [main] INFO  grpc.GrpcConfigKeys (ConfUtils.java:logGet(46)) - raft.grpc.server.async.request.thread.pool.cached = true (default)
2024-06-12 17:07:58,005 [main] INFO  grpc.GrpcConfigKeys (ConfUtils.java:logGet(46)) - raft.grpc.server.async.request.thread.pool.size = 32 (default)
2024-06-12 17:07:58,006 [main] INFO  impl.DataStreamServerImpl (ConfUtils.java:logGet(46)) - raft.datastream.type = NETTY (custom)
2024-06-12 17:07:58,006 [main] INFO  server.RaftServerConfigKeys (ConfUtils.java:logGet(46)) - raft.server.data-stream.async.request.thread.pool.cached = false (default)
2024-06-12 17:07:58,007 [main] INFO  server.RaftServerConfigKeys (ConfUtils.java:logGet(46)) - raft.server.data-stream.async.request.thread.pool.size = 20 (custom)
2024-06-12 17:07:58,007 [main] INFO  server.RaftServerConfigKeys (ConfUtils.java:logGet(46)) - raft.server.data-stream.async.write.thread.pool.size = 16 (default)
2024-06-12 17:07:58,007 [main] INFO  netty.NettyConfigKeys$DataStream (ConfUtils.java:logGet(46)) - raft.netty.dataStream.server.channel.inactive.grace-period = 10min (default)
2024-06-12 17:07:58,007 [main] INFO  server.RaftServerConfigKeys (ConfUtils.java:logGet(46)) - raft.server.data-stream.client.pool.size = 10 (default)
2024-06-12 17:07:58,007 [main] INFO  netty.NettyConfigKeys$DataStream (ConfUtils.java:logGet(46)) - raft.netty.dataStream.server.use-epoll = true (default)
2024-06-12 17:07:58,007 [main] INFO  netty.NettyConfigKeys$DataStream (ConfUtils.java:logGet(46)) - raft.netty.dataStream.server.boss-group.size = 0 (default)
2024-06-12 17:07:58,007 [main] INFO  netty.NettyUtils (NettyUtils.java:newEventLoopGroup(69)) - Create EpollEventLoopGroup for 74620180-03cc-4c6e-ac63-d0b12e96fe58-NettyServerStreamRpc-bossGroup; Thread size is 0.
2024-06-12 17:07:58,008 [main] INFO  netty.NettyConfigKeys$DataStream (ConfUtils.java:logGet(46)) - raft.netty.dataStream.server.worker-group.size = 0 (default)
2024-06-12 17:07:58,008 [main] INFO  netty.NettyUtils (NettyUtils.java:newEventLoopGroup(69)) - Create EpollEventLoopGroup for 74620180-03cc-4c6e-ac63-d0b12e96fe58-NettyServerStreamRpc-workerGroup; Thread size is 0.
2024-06-12 17:07:58,008 [main] INFO  netty.NettyConfigKeys$DataStream (ConfUtils.java:logGet(46)) - raft.netty.dataStream.server.tls.conf = null (default)
2024-06-12 17:07:58,008 [main] INFO  netty.NettyConfigKeys$DataStream (ConfUtils.java:logGet(46)) - raft.netty.dataStream.host = null (default)
2024-06-12 17:07:58,008 [main] INFO  netty.NettyConfigKeys$DataStream (ConfUtils.java:logGet(46)) - raft.netty.dataStream.port = 15095 (custom)
2024-06-12 17:07:58,009 [main] INFO  server.RaftServerConfigKeys (ConfUtils.java:logGet(46)) - raft.server.sleep.deviation.threshold = 300ms (default)
2024-06-12 17:07:58,009 [main] INFO  server.RaftServerConfigKeys (ConfUtils.java:logGet(46)) - raft.server.close.threshold = 60s (default)
2024-06-12 17:07:58,009 [main] INFO  server.RaftServerConfigKeys (ConfUtils.java:logGet(46)) - raft.server.leaderelection.leader.step-down.wait-time = 10s (default)
2024-06-12 17:07:58,009 [main] INFO  server.RaftServerConfigKeys (ConfUtils.java:logGet(46)) - raft.server.storage.dir = [/home/runner/work/ozone/ozone/hadoop-ozone/integration-test/target/test-dir/MiniOzoneClusterImpl-0353e991-6c3e-4832-95ff-5850d237b4c9/ozone-meta/datanode-4/ratis] (custom)
2024-06-12 17:07:58,009 [main] INFO  server.RaftServerConfigKeys (ConfUtils.java:logGet(46)) - raft.server.threadpool.proxy.cached = true (default)
2024-06-12 17:07:58,009 [main] INFO  server.RaftServerConfigKeys (ConfUtils.java:logGet(46)) - raft.server.threadpool.proxy.size = 0 (default)
2024-06-12 17:07:58,009 [74620180-03cc-4c6e-ac63-d0b12e96fe58-NettyServerStreamRpc-bossGroup--thread1] INFO  logging.LoggingHandler (AbstractInternalLogger.java:log(148)) - [id: 0x5eaa2681] REGISTERED
2024-06-12 17:07:58,010 [74620180-03cc-4c6e-ac63-d0b12e96fe58-NettyServerStreamRpc-bossGroup--thread1] INFO  logging.LoggingHandler (AbstractInternalLogger.java:log(148)) - [id: 0x5eaa2681] BIND: 0.0.0.0/0.0.0.0:15095
2024-06-12 17:07:58,010 [74620180-03cc-4c6e-ac63-d0b12e96fe58-NettyServerStreamRpc-bossGroup--thread1] INFO  logging.LoggingHandler (AbstractInternalLogger.java:log(148)) - [id: 0x5eaa2681, L:/0.0.0.0:15095] ACTIVE
2024-06-12 17:07:58,010 [74620180-03cc-4c6e-ac63-d0b12e96fe58-impl-thread1] INFO  server.RaftServer (RaftServerProxy.java:initGroupDir(264)) - 74620180-03cc-4c6e-ac63-d0b12e96fe58: found a subdirectory /home/runner/work/ozone/ozone/hadoop-ozone/integration-test/target/test-dir/MiniOzoneClusterImpl-0353e991-6c3e-4832-95ff-5850d237b4c9/ozone-meta/datanode-4/ratis/tmp
2024-06-12 17:07:58,010 [74620180-03cc-4c6e-ac63-d0b12e96fe58-impl-thread1] INFO  server.RaftServer (RaftServerProxy.java:initGroupDir(269)) - 74620180-03cc-4c6e-ac63-d0b12e96fe58: The directory /home/runner/work/ozone/ozone/hadoop-ozone/integration-test/target/test-dir/MiniOzoneClusterImpl-0353e991-6c3e-4832-95ff-5850d237b4c9/ozone-meta/datanode-4/ratis/tmp is not a group directory; ignoring it. 
2024-06-12 17:07:58,010 [main] INFO  replication.ReplicationServer (ReplicationServer.java:<init>(86)) - Initializing replication server with thread count = 10 queue length = 4096
2024-06-12 17:07:58,011 [main] INFO  server.XceiverServerGrpc (XceiverServerGrpc.java:<init>(141)) - GrpcServer channel type EpollServerSocketChannel
2024-06-12 17:07:58,012 [main] INFO  replication.ReplicationSupervisor (ReplicationSupervisor.java:build(157)) - Initializing replication supervisor with thread count = 10
2024-06-12 17:07:58,012 [main] INFO  replication.ReplicationSupervisor (ReplicationSupervisor.java:nodeStateUpdated(312)) - Node state updated to IN_SERVICE, scaling executor pool size to 10
2024-06-12 17:07:58,014 [main] INFO  http.BaseHttpServer (BaseHttpServer.java:newHttpServer2BuilderForOzone(223)) - Starting Web-server for hddsDatanode at: http://0.0.0.0:15089
2024-06-12 17:07:58,014 [main] INFO  http.BaseHttpServer (BaseHttpServer.java:<init>(110)) - Hadoop Security Enabled: false Ozone Security Enabled: false Ozone HTTP Security Enabled: false 
2024-06-12 17:07:58,015 [main] WARN  server.AuthenticationFilter (AuthenticationFilter.java:constructSecretProvider(240)) - Unable to initialize FileSignerSecretProvider, falling back to use random secrets. Reason: Could not read signature secret file: /home/runner/hadoop-http-auth-signature-secret
2024-06-12 17:07:58,016 [main] INFO  http.HttpRequestLog (HttpRequestLog.java:getRequestLog(86)) - Http request log for http.requests.hddsDatanode is not defined
2024-06-12 17:07:58,017 [main] INFO  http.HttpServer2 (HttpServer2.java:addGlobalFilter(1036)) - Added global filter 'safety' (class=org.apache.hadoop.hdds.server.http.HttpServer2$QuotingInputFilter)
2024-06-12 17:07:58,017 [main] INFO  http.HttpServer2 (HttpServer2.java:addFilter(1012)) - Added filter static_user_filter (class=org.apache.hadoop.http.lib.StaticUserWebFilter$StaticUserFilter) to context hddsDatanode
2024-06-12 17:07:58,018 [main] INFO  http.HttpServer2 (HttpServer2.java:addFilter(1020)) - Added filter static_user_filter (class=org.apache.hadoop.http.lib.StaticUserWebFilter$StaticUserFilter) to context logs
2024-06-12 17:07:58,018 [main] INFO  http.HttpServer2 (HttpServer2.java:addFilter(1020)) - Added filter static_user_filter (class=org.apache.hadoop.http.lib.StaticUserWebFilter$StaticUserFilter) to context static
2024-06-12 17:07:58,018 [main] INFO  http.BaseHttpServer (BaseHttpServer.java:<init>(189)) - HTTP server of hddsDatanode uses base directory /home/runner/work/ozone/ozone/hadoop-ozone/integration-test/target/test-dir/MiniOzoneClusterImpl-0353e991-6c3e-4832-95ff-5850d237b4c9/ozone-meta/datanode-4/meta/webserver
2024-06-12 17:07:58,018 [main] INFO  http.HttpServer2 (HttpServer2.java:bindListener(1236)) - Jetty bound to port 15089
2024-06-12 17:07:58,018 [main] INFO  server.Server (Server.java:doStart(375)) - jetty-9.4.54.v20240208; built: 2024-02-08T19:42:39.027Z; git: cef3fbd6d736a21e7d541a5db490381d95a2047d; jvm 17.0.11+9
2024-06-12 17:07:58,025 [main] INFO  server.session (DefaultSessionIdManager.java:doStart(334)) - DefaultSessionIdManager workerName=node0
2024-06-12 17:07:58,025 [main] INFO  server.session (DefaultSessionIdManager.java:doStart(339)) - No SessionScavenger set, using defaults
2024-06-12 17:07:58,025 [main] INFO  server.session (HouseKeeper.java:startScavenging(132)) - node0 Scavenging every 600000ms
2024-06-12 17:07:58,026 [main] INFO  handler.ContextHandler (ContextHandler.java:doStart(921)) - Started o.e.j.s.ServletContextHandler@4b0c144e{logs,/logs,file:///home/runner/work/ozone/ozone/hadoop-ozone/integration-test/target/log,AVAILABLE}
2024-06-12 17:07:58,026 [main] INFO  handler.ContextHandler (ContextHandler.java:doStart(921)) - Started o.e.j.s.ServletContextHandler@4892206a{static,/static,file:///home/runner/work/ozone/ozone/hadoop-hdds/container-service/target/classes/webapps/static,AVAILABLE}
2024-06-12 17:07:58,029 [main] INFO  handler.ContextHandler (ContextHandler.java:doStart(921)) - Started o.e.j.w.WebAppContext@79ba32b3{hddsDatanode,/,file:///home/runner/work/ozone/ozone/hadoop-hdds/container-service/target/classes/webapps/hddsDatanode/,AVAILABLE}{file:/home/runner/work/ozone/ozone/hadoop-hdds/container-service/target/classes/webapps/hddsDatanode}
2024-06-12 17:07:58,030 [main] INFO  server.AbstractConnector (AbstractConnector.java:doStart(333)) - Started ServerConnector@6566da90{HTTP/1.1, (http/1.1)}{0.0.0.0:15089}
2024-06-12 17:07:58,030 [main] INFO  server.Server (Server.java:doStart(415)) - Started @40329ms
2024-06-12 17:07:58,030 [main] WARN  impl.MetricsSystemImpl (MetricsSystemImpl.java:register(279)) - Sink prometheus already exists!
2024-06-12 17:07:58,031 [main] INFO  http.BaseHttpServer (BaseHttpServer.java:updateConnectorAddress(354)) - HTTP server of hddsDatanode listening at http://0.0.0.0:15089
2024-06-12 17:07:58,031 [main] INFO  ipc.CallQueueManager (CallQueueManager.java:<init>(90)) - Using callQueue: class java.util.concurrent.LinkedBlockingQueue, queueCapacity: 100, scheduler: class org.apache.hadoop.ipc.DefaultRpcScheduler, ipcBackoff: false.
2024-06-12 17:07:58,032 [main] INFO  ipc.Server (Server.java:<init>(1287)) - Listener at 0.0.0.0:15090
2024-06-12 17:07:58,032 [Socket Reader #1 for port 15090] INFO  ipc.Server (Server.java:run(1323)) - Starting Socket Reader #1 for port 15090
2024-06-12 17:07:58,034 [main] INFO  ozone.HddsDatanodeService (HddsDatanodeService.java:start(321)) - Datanode start with admins: [runner]
2024-06-12 17:07:58,035 [main] INFO  ozone.HddsDatanodeClientProtocolServer (HddsDatanodeClientProtocolServer.java:start(77)) - RPC server for Client /0.0.0.0:15090
2024-06-12 17:07:58,035 [IPC Server Responder] INFO  ipc.Server (Server.java:run(1562)) - IPC Server Responder: starting
2024-06-12 17:07:58,035 [IPC Server listener on 15090] INFO  ipc.Server (Server.java:run(1402)) - IPC Server listener on 15090: starting
2024-06-12 17:07:58,042 [main] WARN  dropwizard3.Dm3MetricRegistriesImpl (Dm3MetricRegistriesImpl.java:addReporterRegistration(113)) - New reporters are added after registries were created. Some metrics will be missing from the reporter. Please add reporter before adding any new registry.
2024-06-12 17:07:58,042 [main] WARN  dropwizard3.Dm3MetricRegistriesImpl (Dm3MetricRegistriesImpl.java:addReporterRegistration(113)) - New reporters are added after registries were created. Some metrics will be missing from the reporter. Please add reporter before adding any new registry.
2024-06-12 17:07:58,042 [main] INFO  impl.MetricsSystemImpl (MetricsSystemImpl.java:init(158)) - HddsDatanode metrics system started (again)
2024-06-12 17:07:58,049 [74620180-03cc-4c6e-ac63-d0b12e96fe58-DatanodeStateMachineDaemonThread] INFO  statemachine.DatanodeStateMachine (DatanodeStateMachine.java:lambda$startDaemon$1(545)) - Ozone container server started.
2024-06-12 17:07:58,055 [main] INFO  ozone.HddsDatanodeService (HddsDatanodeService.java:start(237)) - HddsDatanodeService host:fv-az571-250 ip:10.1.0.8
2024-06-12 17:07:58,057 [74620180-03cc-4c6e-ac63-d0b12e96fe58-DatanodeStateMachineTaskThread-0] INFO  datanode.InitDatanodeState (InitDatanodeState.java:persistContainerDatanodeDetails(139)) - DatanodeDetails is persisted to /home/runner/work/ozone/ozone/hadoop-ozone/integration-test/target/test-dir/MiniOzoneClusterImpl-0353e991-6c3e-4832-95ff-5850d237b4c9/ozone-meta/datanode-4/meta/datanode.id
2024-06-12 17:07:58,058 [main] INFO  upgrade.AbstractLayoutVersionManager (AbstractLayoutVersionManager.java:init(83)) - Initializing Layout version manager with metadata layout = HADOOP_PRC_PORTS_IN_DATANODEDETAILS (version = 7), software layout = HADOOP_PRC_PORTS_IN_DATANODEDETAILS (version = 7)
2024-06-12 17:07:58,058 [main] INFO  statemachine.DatanodeStateMachine (DatanodeStateMachine.java:getEndPointTaskThreadPoolSize(293)) - Datanode State Machine Task Thread Pool size 2
2024-06-12 17:07:58,060 [main] INFO  volume.HddsVolume (HddsVolume.java:<init>(126)) - Creating HddsVolume: /home/runner/work/ozone/ozone/hadoop-ozone/integration-test/target/test-dir/MiniOzoneClusterImpl-0353e991-6c3e-4832-95ff-5850d237b4c9/ozone-meta/datanode-5/data-0/hdds of storage type : DISK capacity : 9222449699674390527
2024-06-12 17:07:58,061 [main] INFO  volume.MutableVolumeSet (MutableVolumeSet.java:initializeVolumeSet(173)) - Added Volume : /home/runner/work/ozone/ozone/hadoop-ozone/integration-test/target/test-dir/MiniOzoneClusterImpl-0353e991-6c3e-4832-95ff-5850d237b4c9/ozone-meta/datanode-5/data-0/hdds to VolumeSet
2024-06-12 17:07:58,062 [main] INFO  volume.MutableVolumeSet (MutableVolumeSet.java:initializeVolumeSet(173)) - Added Volume : /home/runner/work/ozone/ozone/hadoop-ozone/integration-test/target/test-dir/MiniOzoneClusterImpl-0353e991-6c3e-4832-95ff-5850d237b4c9/ozone-meta/datanode-5/ratis to VolumeSet
2024-06-12 17:07:58,062 [main] INFO  ozoneimpl.OzoneContainer (HddsVolumeUtil.java:loadAllHddsVolumeDbStore(103)) - Load 1 volumes DbStore cost: 0ms
2024-06-12 17:07:58,065 [main] INFO  server.RaftServer (ConfUtils.java:logGet(46)) - raft.rpc.type = GRPC (default)
2024-06-12 17:07:58,065 [main] INFO  grpc.GrpcConfigKeys (ConfUtils.java:logFallback(53)) - raft.grpc.admin.host = null (fallback to raft.grpc.server.host)
2024-06-12 17:07:58,065 [main] INFO  grpc.GrpcConfigKeys (ConfUtils.java:logGet(46)) - raft.grpc.admin.port = 15102 (custom)
2024-06-12 17:07:58,065 [main] INFO  grpc.GrpcConfigKeys (ConfUtils.java:logFallback(53)) - raft.grpc.client.host = null (fallback to raft.grpc.server.host)
2024-06-12 17:07:58,066 [main] INFO  grpc.GrpcConfigKeys (ConfUtils.java:logGet(46)) - raft.grpc.client.port = 15101 (custom)
2024-06-12 17:07:58,066 [main] INFO  grpc.GrpcConfigKeys (ConfUtils.java:logGet(46)) - raft.grpc.server.host = null (default)
2024-06-12 17:07:58,066 [main] INFO  grpc.GrpcConfigKeys (ConfUtils.java:logGet(46)) - raft.grpc.server.port = 15103 (custom)
2024-06-12 17:07:58,066 [main] INFO  server.GrpcService (ConfUtils.java:logGet(46)) - raft.grpc.message.size.max = 32MB (=33554432) (custom)
2024-06-12 17:07:58,066 [main] INFO  server.RaftServerConfigKeys (ConfUtils.java:logGet(46)) - raft.server.log.appender.buffer.byte-limit = 8388608 (custom)
2024-06-12 17:07:58,067 [main] INFO  server.GrpcService (ConfUtils.java:logGet(46)) - raft.grpc.flow.control.window = 5MB (=5242880) (custom)
2024-06-12 17:07:58,067 [main] INFO  server.RaftServerConfigKeys (ConfUtils.java:logGet(46)) - raft.server.rpc.request.timeout = 3000ms (default)
2024-06-12 17:07:58,067 [main] INFO  grpc.GrpcConfigKeys (ConfUtils.java:logGet(46)) - raft.grpc.server.heartbeat.channel = true (default)
2024-06-12 17:07:58,067 [main] INFO  grpc.GrpcConfigKeys (ConfUtils.java:logGet(46)) - raft.grpc.server.async.request.thread.pool.cached = true (default)
2024-06-12 17:07:58,067 [main] INFO  grpc.GrpcConfigKeys (ConfUtils.java:logGet(46)) - raft.grpc.server.async.request.thread.pool.size = 32 (default)
2024-06-12 17:07:58,070 [main] INFO  impl.DataStreamServerImpl (ConfUtils.java:logGet(46)) - raft.datastream.type = NETTY (custom)
2024-06-12 17:07:58,070 [main] INFO  server.RaftServerConfigKeys (ConfUtils.java:logGet(46)) - raft.server.data-stream.async.request.thread.pool.cached = false (default)
2024-06-12 17:07:58,070 [main] INFO  server.RaftServerConfigKeys (ConfUtils.java:logGet(46)) - raft.server.data-stream.async.request.thread.pool.size = 20 (custom)
2024-06-12 17:07:58,070 [main] INFO  server.RaftServerConfigKeys (ConfUtils.java:logGet(46)) - raft.server.data-stream.async.write.thread.pool.size = 16 (default)
2024-06-12 17:07:58,071 [main] INFO  netty.NettyConfigKeys$DataStream (ConfUtils.java:logGet(46)) - raft.netty.dataStream.server.channel.inactive.grace-period = 10min (default)
2024-06-12 17:07:58,071 [main] INFO  server.RaftServerConfigKeys (ConfUtils.java:logGet(46)) - raft.server.data-stream.client.pool.size = 10 (default)
2024-06-12 17:07:58,071 [main] INFO  netty.NettyConfigKeys$DataStream (ConfUtils.java:logGet(46)) - raft.netty.dataStream.server.use-epoll = true (default)
2024-06-12 17:07:58,071 [main] INFO  netty.NettyConfigKeys$DataStream (ConfUtils.java:logGet(46)) - raft.netty.dataStream.server.boss-group.size = 0 (default)
2024-06-12 17:07:58,072 [main] INFO  netty.NettyUtils (NettyUtils.java:newEventLoopGroup(69)) - Create EpollEventLoopGroup for 69f17eae-5f6b-470f-8112-c08e963e2abc-NettyServerStreamRpc-bossGroup; Thread size is 0.
2024-06-12 17:07:58,072 [main] INFO  netty.NettyConfigKeys$DataStream (ConfUtils.java:logGet(46)) - raft.netty.dataStream.server.worker-group.size = 0 (default)
2024-06-12 17:07:58,072 [main] INFO  netty.NettyUtils (NettyUtils.java:newEventLoopGroup(69)) - Create EpollEventLoopGroup for 69f17eae-5f6b-470f-8112-c08e963e2abc-NettyServerStreamRpc-workerGroup; Thread size is 0.
2024-06-12 17:07:58,073 [main] INFO  netty.NettyConfigKeys$DataStream (ConfUtils.java:logGet(46)) - raft.netty.dataStream.server.tls.conf = null (default)
2024-06-12 17:07:58,073 [main] INFO  netty.NettyConfigKeys$DataStream (ConfUtils.java:logGet(46)) - raft.netty.dataStream.host = null (default)
2024-06-12 17:07:58,073 [main] INFO  netty.NettyConfigKeys$DataStream (ConfUtils.java:logGet(46)) - raft.netty.dataStream.port = 15104 (custom)
2024-06-12 17:07:58,081 [main] INFO  server.RaftServerConfigKeys (ConfUtils.java:logGet(46)) - raft.server.sleep.deviation.threshold = 300ms (default)
2024-06-12 17:07:58,082 [main] INFO  server.RaftServerConfigKeys (ConfUtils.java:logGet(46)) - raft.server.close.threshold = 60s (default)
2024-06-12 17:07:58,082 [main] INFO  server.RaftServerConfigKeys (ConfUtils.java:logGet(46)) - raft.server.leaderelection.leader.step-down.wait-time = 10s (default)
2024-06-12 17:07:58,082 [main] INFO  server.RaftServerConfigKeys (ConfUtils.java:logGet(46)) - raft.server.storage.dir = [/home/runner/work/ozone/ozone/hadoop-ozone/integration-test/target/test-dir/MiniOzoneClusterImpl-0353e991-6c3e-4832-95ff-5850d237b4c9/ozone-meta/datanode-5/ratis] (custom)
2024-06-12 17:07:58,082 [main] INFO  server.RaftServerConfigKeys (ConfUtils.java:logGet(46)) - raft.server.threadpool.proxy.cached = true (default)
2024-06-12 17:07:58,083 [main] INFO  server.RaftServerConfigKeys (ConfUtils.java:logGet(46)) - raft.server.threadpool.proxy.size = 0 (default)
2024-06-12 17:07:58,083 [69f17eae-5f6b-470f-8112-c08e963e2abc-NettyServerStreamRpc-bossGroup--thread1] INFO  logging.LoggingHandler (AbstractInternalLogger.java:log(148)) - [id: 0x7fd93002] REGISTERED
2024-06-12 17:07:58,083 [69f17eae-5f6b-470f-8112-c08e963e2abc-NettyServerStreamRpc-bossGroup--thread1] INFO  logging.LoggingHandler (AbstractInternalLogger.java:log(148)) - [id: 0x7fd93002] BIND: 0.0.0.0/0.0.0.0:15104
2024-06-12 17:07:58,083 [69f17eae-5f6b-470f-8112-c08e963e2abc-NettyServerStreamRpc-bossGroup--thread1] INFO  logging.LoggingHandler (AbstractInternalLogger.java:log(148)) - [id: 0x7fd93002, L:/0.0.0.0:15104] ACTIVE
2024-06-12 17:07:58,086 [69f17eae-5f6b-470f-8112-c08e963e2abc-impl-thread1] INFO  server.RaftServer (RaftServerProxy.java:initGroupDir(264)) - 69f17eae-5f6b-470f-8112-c08e963e2abc: found a subdirectory /home/runner/work/ozone/ozone/hadoop-ozone/integration-test/target/test-dir/MiniOzoneClusterImpl-0353e991-6c3e-4832-95ff-5850d237b4c9/ozone-meta/datanode-5/ratis/tmp
2024-06-12 17:07:58,086 [69f17eae-5f6b-470f-8112-c08e963e2abc-impl-thread1] INFO  server.RaftServer (RaftServerProxy.java:initGroupDir(269)) - 69f17eae-5f6b-470f-8112-c08e963e2abc: The directory /home/runner/work/ozone/ozone/hadoop-ozone/integration-test/target/test-dir/MiniOzoneClusterImpl-0353e991-6c3e-4832-95ff-5850d237b4c9/ozone-meta/datanode-5/ratis/tmp is not a group directory; ignoring it. 
2024-06-12 17:07:58,086 [main] INFO  replication.ReplicationServer (ReplicationServer.java:<init>(86)) - Initializing replication server with thread count = 10 queue length = 4096
2024-06-12 17:07:58,088 [main] INFO  server.XceiverServerGrpc (XceiverServerGrpc.java:<init>(141)) - GrpcServer channel type EpollServerSocketChannel
2024-06-12 17:07:58,090 [main] INFO  replication.ReplicationSupervisor (ReplicationSupervisor.java:build(157)) - Initializing replication supervisor with thread count = 10
2024-06-12 17:07:58,091 [main] INFO  replication.ReplicationSupervisor (ReplicationSupervisor.java:nodeStateUpdated(312)) - Node state updated to IN_SERVICE, scaling executor pool size to 10
2024-06-12 17:07:58,093 [main] INFO  http.BaseHttpServer (BaseHttpServer.java:newHttpServer2BuilderForOzone(223)) - Starting Web-server for hddsDatanode at: http://0.0.0.0:15098
2024-06-12 17:07:58,093 [main] INFO  http.BaseHttpServer (BaseHttpServer.java:<init>(110)) - Hadoop Security Enabled: false Ozone Security Enabled: false Ozone HTTP Security Enabled: false 
2024-06-12 17:07:58,095 [main] WARN  server.AuthenticationFilter (AuthenticationFilter.java:constructSecretProvider(240)) - Unable to initialize FileSignerSecretProvider, falling back to use random secrets. Reason: Could not read signature secret file: /home/runner/hadoop-http-auth-signature-secret
2024-06-12 17:07:58,098 [main] INFO  http.HttpRequestLog (HttpRequestLog.java:getRequestLog(86)) - Http request log for http.requests.hddsDatanode is not defined
2024-06-12 17:07:58,099 [main] INFO  http.HttpServer2 (HttpServer2.java:addGlobalFilter(1036)) - Added global filter 'safety' (class=org.apache.hadoop.hdds.server.http.HttpServer2$QuotingInputFilter)
2024-06-12 17:07:58,100 [main] INFO  http.HttpServer2 (HttpServer2.java:addFilter(1012)) - Added filter static_user_filter (class=org.apache.hadoop.http.lib.StaticUserWebFilter$StaticUserFilter) to context hddsDatanode
2024-06-12 17:07:58,100 [main] INFO  http.HttpServer2 (HttpServer2.java:addFilter(1020)) - Added filter static_user_filter (class=org.apache.hadoop.http.lib.StaticUserWebFilter$StaticUserFilter) to context logs
2024-06-12 17:07:58,101 [main] INFO  http.HttpServer2 (HttpServer2.java:addFilter(1020)) - Added filter static_user_filter (class=org.apache.hadoop.http.lib.StaticUserWebFilter$StaticUserFilter) to context static
2024-06-12 17:07:58,101 [main] INFO  http.BaseHttpServer (BaseHttpServer.java:<init>(189)) - HTTP server of hddsDatanode uses base directory /home/runner/work/ozone/ozone/hadoop-ozone/integration-test/target/test-dir/MiniOzoneClusterImpl-0353e991-6c3e-4832-95ff-5850d237b4c9/ozone-meta/datanode-5/meta/webserver
2024-06-12 17:07:58,102 [main] INFO  http.HttpServer2 (HttpServer2.java:bindListener(1236)) - Jetty bound to port 15098
2024-06-12 17:07:58,102 [main] INFO  server.Server (Server.java:doStart(375)) - jetty-9.4.54.v20240208; built: 2024-02-08T19:42:39.027Z; git: cef3fbd6d736a21e7d541a5db490381d95a2047d; jvm 17.0.11+9
2024-06-12 17:07:58,115 [main] INFO  server.session (DefaultSessionIdManager.java:doStart(334)) - DefaultSessionIdManager workerName=node0
2024-06-12 17:07:58,115 [main] INFO  server.session (DefaultSessionIdManager.java:doStart(339)) - No SessionScavenger set, using defaults
2024-06-12 17:07:58,115 [main] INFO  server.session (HouseKeeper.java:startScavenging(132)) - node0 Scavenging every 600000ms
2024-06-12 17:07:58,116 [main] INFO  handler.ContextHandler (ContextHandler.java:doStart(921)) - Started o.e.j.s.ServletContextHandler@6a837740{logs,/logs,file:///home/runner/work/ozone/ozone/hadoop-ozone/integration-test/target/log,AVAILABLE}
2024-06-12 17:07:58,116 [main] INFO  handler.ContextHandler (ContextHandler.java:doStart(921)) - Started o.e.j.s.ServletContextHandler@3d1cb317{static,/static,file:///home/runner/work/ozone/ozone/hadoop-hdds/container-service/target/classes/webapps/static,AVAILABLE}
2024-06-12 17:07:58,121 [main] INFO  handler.ContextHandler (ContextHandler.java:doStart(921)) - Started o.e.j.w.WebAppContext@3aee27e1{hddsDatanode,/,file:///home/runner/work/ozone/ozone/hadoop-hdds/container-service/target/classes/webapps/hddsDatanode/,AVAILABLE}{file:/home/runner/work/ozone/ozone/hadoop-hdds/container-service/target/classes/webapps/hddsDatanode}
2024-06-12 17:07:58,122 [main] INFO  server.AbstractConnector (AbstractConnector.java:doStart(333)) - Started ServerConnector@97b54ad{HTTP/1.1, (http/1.1)}{0.0.0.0:15098}
2024-06-12 17:07:58,122 [main] INFO  server.Server (Server.java:doStart(415)) - Started @40421ms
2024-06-12 17:07:58,122 [main] WARN  impl.MetricsSystemImpl (MetricsSystemImpl.java:register(279)) - Sink prometheus already exists!
2024-06-12 17:07:58,123 [main] INFO  http.BaseHttpServer (BaseHttpServer.java:updateConnectorAddress(354)) - HTTP server of hddsDatanode listening at http://0.0.0.0:15098
2024-06-12 17:07:58,123 [main] INFO  ipc.CallQueueManager (CallQueueManager.java:<init>(90)) - Using callQueue: class java.util.concurrent.LinkedBlockingQueue, queueCapacity: 100, scheduler: class org.apache.hadoop.ipc.DefaultRpcScheduler, ipcBackoff: false.
2024-06-12 17:07:58,123 [main] INFO  ipc.Server (Server.java:<init>(1287)) - Listener at 0.0.0.0:15099
2024-06-12 17:07:58,125 [Socket Reader #1 for port 15099] INFO  ipc.Server (Server.java:run(1323)) - Starting Socket Reader #1 for port 15099
2024-06-12 17:07:58,127 [main] INFO  ozone.HddsDatanodeService (HddsDatanodeService.java:start(321)) - Datanode start with admins: [runner]
2024-06-12 17:07:58,127 [main] INFO  ozone.HddsDatanodeClientProtocolServer (HddsDatanodeClientProtocolServer.java:start(77)) - RPC server for Client /0.0.0.0:15099
2024-06-12 17:07:58,129 [IPC Server Responder] INFO  ipc.Server (Server.java:run(1562)) - IPC Server Responder: starting
2024-06-12 17:07:58,129 [IPC Server listener on 15099] INFO  ipc.Server (Server.java:run(1402)) - IPC Server listener on 15099: starting
2024-06-12 17:07:58,132 [69f17eae-5f6b-470f-8112-c08e963e2abc-DatanodeStateMachineDaemonThread] INFO  statemachine.DatanodeStateMachine (DatanodeStateMachine.java:lambda$startDaemon$1(545)) - Ozone container server started.
2024-06-12 17:07:58,133 [main] INFO  ozone.MiniOzoneClusterImpl (MiniOzoneClusterImpl.java:lambda$waitForClusterToBeReady$0(194)) - Waiting for nodes to be ready. Got 0 of 5 DN Heartbeats.
2024-06-12 17:07:58,133 [main] INFO  ozone.MiniOzoneClusterImpl (MiniOzoneClusterImpl.java:lambda$waitForClusterToBeReady$0(197)) - Waiting for cluster to exit safe mode
2024-06-12 17:07:58,133 [main] INFO  ozone.MiniOzoneClusterImpl (MiniOzoneClusterImpl.java:lambda$waitForClusterToBeReady$0(199)) - SCM became leader
2024-06-12 17:07:58,136 [69f17eae-5f6b-470f-8112-c08e963e2abc-DatanodeStateMachineTaskThread-0] INFO  datanode.InitDatanodeState (InitDatanodeState.java:persistContainerDatanodeDetails(139)) - DatanodeDetails is persisted to /home/runner/work/ozone/ozone/hadoop-ozone/integration-test/target/test-dir/MiniOzoneClusterImpl-0353e991-6c3e-4832-95ff-5850d237b4c9/ozone-meta/datanode-5/meta/datanode.id
2024-06-12 17:07:58,704 [timer4] WARN  server.GrpcLogAppender (LogUtils.java:warn(121)) - 390a05e2-b981-42fc-8548-704df7026833@group-031BE047E9CE->aca9c7b7-2505-490f-ac42-6df1592c4f9c-AppendLogResponseHandler: Failed appendEntries (Repeated 2 times in the last 5.000s): org.apache.ratis.thirdparty.io.grpc.StatusRuntimeException: CANCELLED: RST_STREAM closed stream. HTTP/2 error code: CANCEL
2024-06-12 17:07:58,705 [timer5] WARN  server.GrpcLogAppender (GrpcLogAppender.java:lambda$resetClient$1(217)) - 390a05e2-b981-42fc-8548-704df7026833@group-031BE047E9CE->aca9c7b7-2505-490f-ac42-6df1592c4f9c-GrpcLogAppender: Follower failed (request=null, errorCount=2); keep nextIndex (18) unchanged and retry. (Repeated 2 times in the last 5.000s)
2024-06-12 17:07:58,800 [om1@group-C5BA1605619E-FollowerState] INFO  impl.FollowerState (FollowerState.java:run(143)) - om1@group-C5BA1605619E-FollowerState: change to CANDIDATE, lastRpcElapsedTime:1071077614ns, electionTimeout:1069ms
2024-06-12 17:07:58,800 [om1@group-C5BA1605619E-FollowerState] INFO  impl.RoleInfo (RoleInfo.java:shutdownFollowerState(110)) - om1: shutdown om1@group-C5BA1605619E-FollowerState
2024-06-12 17:07:58,800 [om1@group-C5BA1605619E-FollowerState] INFO  server.RaftServer$Division (RaftServerImpl.java:setRole(383)) - om1@group-C5BA1605619E: changes role from  FOLLOWER to CANDIDATE at term 0 for changeToCandidate
2024-06-12 17:07:58,800 [om1@group-C5BA1605619E-FollowerState] INFO  server.RaftServerConfigKeys (ConfUtils.java:logGet(46)) - raft.server.leaderelection.pre-vote = true (default)
2024-06-12 17:07:58,800 [om1@group-C5BA1605619E-FollowerState] INFO  impl.RoleInfo (RoleInfo.java:updateAndGet(139)) - om1: start om1@group-C5BA1605619E-LeaderElection14
2024-06-12 17:07:58,800 [om1@group-C5BA1605619E-LeaderElection14] INFO  impl.LeaderElection (LeaderElection.java:askForVotes(321)) - om1@group-C5BA1605619E-LeaderElection14 PRE_VOTE round 0: submit vote requests at term 0 for -1: peers:[om1|localhost:15060]|listeners:[], old=null
2024-06-12 17:07:58,800 [om1@group-C5BA1605619E-LeaderElection14] INFO  impl.LeaderElection (LeaderElection.java:askForVotes(323)) - om1@group-C5BA1605619E-LeaderElection14 PRE_VOTE round 0: result PASSED (term=0)
2024-06-12 17:07:58,802 [om1@group-C5BA1605619E-LeaderElection14] INFO  impl.LeaderElection (LeaderElection.java:askForVotes(321)) - om1@group-C5BA1605619E-LeaderElection14 ELECTION round 0: submit vote requests at term 1 for -1: peers:[om1|localhost:15060]|listeners:[], old=null
2024-06-12 17:07:58,802 [om1@group-C5BA1605619E-LeaderElection14] INFO  impl.LeaderElection (LeaderElection.java:askForVotes(323)) - om1@group-C5BA1605619E-LeaderElection14 ELECTION round 0: result PASSED (term=1)
2024-06-12 17:07:58,802 [om1@group-C5BA1605619E-LeaderElection14] INFO  impl.RoleInfo (RoleInfo.java:shutdownLeaderElection(130)) - om1: shutdown om1@group-C5BA1605619E-LeaderElection14
2024-06-12 17:07:58,802 [om1@group-C5BA1605619E-LeaderElection14] INFO  server.RaftServer$Division (RaftServerImpl.java:setRole(383)) - om1@group-C5BA1605619E: changes role from CANDIDATE to LEADER at term 1 for changeToLeader
2024-06-12 17:07:58,802 [om1@group-C5BA1605619E-LeaderElection14] INFO  server.RaftServerConfigKeys (ConfUtils.java:logGet(46)) - raft.server.staging.catchup.gap = 1000 (default)
2024-06-12 17:07:58,802 [om1@group-C5BA1605619E-LeaderElection14] INFO  server.RaftServerConfigKeys (ConfUtils.java:logGet(46)) - raft.server.write.element-limit = 4096 (default)
2024-06-12 17:07:58,802 [om1@group-C5BA1605619E-LeaderElection14] INFO  server.RaftServerConfigKeys (ConfUtils.java:logGet(46)) - raft.server.write.byte-limit = 64MB (=67108864) (default)
2024-06-12 17:07:58,803 [om1@group-C5BA1605619E-LeaderElection14] INFO  server.RaftServerConfigKeys (ConfUtils.java:logGet(46)) - raft.server.watch.timeout = 10s (default)
2024-06-12 17:07:58,803 [om1@group-C5BA1605619E-LeaderElection14] INFO  server.RaftServerConfigKeys (ConfUtils.java:logGet(46)) - raft.server.watch.timeout.denomination = 1s (default)
2024-06-12 17:07:58,803 [om1@group-C5BA1605619E-LeaderElection14] INFO  server.RaftServerConfigKeys (ConfUtils.java:logGet(46)) - raft.server.watch.element-limit = 65536 (default)
2024-06-12 17:07:58,803 [om1@group-C5BA1605619E-LeaderElection14] INFO  server.RaftServerConfigKeys (ConfUtils.java:logGet(46)) - raft.server.read.leader.lease.enabled = false (default)
2024-06-12 17:07:58,803 [om1@group-C5BA1605619E-LeaderElection14] INFO  server.RaftServerConfigKeys (ConfUtils.java:logGet(46)) - raft.server.read.leader.lease.timeout.ratio = 0.9 (default)
2024-06-12 17:07:58,803 [om1@group-C5BA1605619E-LeaderElection14] INFO  server.RaftServerConfigKeys (ConfUtils.java:logGet(46)) - raft.server.rpc.timeout.min = 1s (custom)
2024-06-12 17:07:58,803 [om1@group-C5BA1605619E-LeaderElection14] INFO  server.RaftServerConfigKeys (ConfUtils.java:logGet(46)) - raft.server.write.element-limit = 4096 (default)
2024-06-12 17:07:58,803 [om1@group-C5BA1605619E-LeaderElection14] INFO  server.RaftServerConfigKeys (ConfUtils.java:logGet(46)) - raft.server.write.follower.gap.ratio.max = -1.0 (default)
2024-06-12 17:07:58,803 [om1@group-C5BA1605619E-LeaderElection14] INFO  impl.RoleInfo (RoleInfo.java:updateAndGet(139)) - om1: start om1@group-C5BA1605619E-LeaderStateImpl
2024-06-12 17:07:58,803 [om1@group-C5BA1605619E-LeaderElection14] INFO  server.RaftServer$Division (RaftServerImpl.java:setFirstElection(574)) - om1@group-C5BA1605619E: set firstElectionSinceStartup to false for becomeLeader
2024-06-12 17:07:58,804 [om1@group-C5BA1605619E-LeaderElection14] INFO  server.RaftServer$Division (ServerState.java:setLeader(269)) - om1@group-C5BA1605619E: change Leader from null to om1 at term 1 for becomeLeader, leader elected after 1482ms
2024-06-12 17:07:58,804 [om1@group-C5BA1605619E-LeaderElection14] INFO  segmented.SegmentedRaftLogWorker (SegmentedRaftLogWorker.java:startLogSegment(430)) - om1@group-C5BA1605619E-SegmentedRaftLogWorker: Starting segment from index:0
2024-06-12 17:07:58,804 [om1@group-C5BA1605619E-SegmentedRaftLogWorker] INFO  segmented.BufferedWriteChannel (BufferedWriteChannel.java:open(62)) - open log_inprogress_0 at position 0
2024-06-12 17:07:58,806 [om1@group-C5BA1605619E-LeaderElection14] INFO  server.RaftServer$Division (ServerState.java:setRaftConf(386)) - om1@group-C5BA1605619E: set configuration 0: peers:[om1|localhost:15060]|listeners:[], old=null
2024-06-12 17:07:58,812 [om1@group-C5BA1605619E-SegmentedRaftLogWorker] INFO  segmented.SegmentedRaftLogWorker (SegmentedRaftLogWorker.java:execute(634)) - om1@group-C5BA1605619E-SegmentedRaftLogWorker: created new log segment /home/runner/work/ozone/ozone/hadoop-ozone/integration-test/target/test-dir/MiniOzoneClusterImpl-0353e991-6c3e-4832-95ff-5850d237b4c9/ozone-meta/ratis/bf265839-605b-3f16-9796-c5ba1605619e/current/log_inprogress_0
2024-06-12 17:07:58,813 [om1@group-C5BA1605619E-StateMachineUpdater] INFO  ratis.OzoneManagerStateMachine (OzoneManagerStateMachine.java:notifyConfigurationChanged(212)) - Received Configuration change notification from Ratis. New Peer list:
[id: "om1"
address: "localhost:15060"
startupRole: FOLLOWER
]
2024-06-12 17:07:58,813 [om1@group-C5BA1605619E-StateMachineUpdater] INFO  server.RaftServer$Division (LeaderStateImpl.java:isApplied(320)) - leader is ready since appliedIndex == 0 >= startIndex == 0
2024-06-12 17:07:59,133 [main] INFO  ozone.MiniOzoneClusterImpl (MiniOzoneClusterImpl.java:lambda$waitForClusterToBeReady$0(194)) - Waiting for nodes to be ready. Got 0 of 5 DN Heartbeats.
2024-06-12 17:07:59,133 [main] INFO  ozone.MiniOzoneClusterImpl (MiniOzoneClusterImpl.java:lambda$waitForClusterToBeReady$0(197)) - Waiting for cluster to exit safe mode
2024-06-12 17:07:59,133 [main] INFO  ozone.MiniOzoneClusterImpl (MiniOzoneClusterImpl.java:lambda$waitForClusterToBeReady$0(199)) - SCM became leader
2024-06-12 17:07:59,891 [691380cd-fa1e-45b9-9936-538793566ee4-EndpointStateMachineTaskThread-/0.0.0.0:15055-0 ] INFO  utils.DatanodeStoreCache (DatanodeStoreCache.java:addDB(72)) - Added db /home/runner/work/ozone/ozone/hadoop-ozone/integration-test/target/test-dir/MiniOzoneClusterImpl-0353e991-6c3e-4832-95ff-5850d237b4c9/ozone-meta/datanode-1/data-0/hdds/0353e991-6c3e-4832-95ff-5850d237b4c9/DS-51f09283-1fa7-4d45-8e05-2b7e1318bf22/container.db to cache
2024-06-12 17:07:59,891 [691380cd-fa1e-45b9-9936-538793566ee4-EndpointStateMachineTaskThread-/0.0.0.0:15055-0 ] INFO  volume.HddsVolume (HddsVolume.java:createDbStore(437)) - SchemaV3 db is created and loaded at /home/runner/work/ozone/ozone/hadoop-ozone/integration-test/target/test-dir/MiniOzoneClusterImpl-0353e991-6c3e-4832-95ff-5850d237b4c9/ozone-meta/datanode-1/data-0/hdds/0353e991-6c3e-4832-95ff-5850d237b4c9/DS-51f09283-1fa7-4d45-8e05-2b7e1318bf22/container.db for volume DS-51f09283-1fa7-4d45-8e05-2b7e1318bf22
2024-06-12 17:07:59,893 [691380cd-fa1e-45b9-9936-538793566ee4-ContainerReader-0] INFO  ozoneimpl.ContainerReader (ContainerReader.java:readVolume(148)) - Start to verify containers on volume /home/runner/work/ozone/ozone/hadoop-ozone/integration-test/target/test-dir/MiniOzoneClusterImpl-0353e991-6c3e-4832-95ff-5850d237b4c9/ozone-meta/datanode-1/data-0/hdds
2024-06-12 17:07:59,893 [691380cd-fa1e-45b9-9936-538793566ee4-ContainerReader-0] INFO  ozoneimpl.ContainerReader (ContainerReader.java:readVolume(178)) - Finish verifying containers on volume /home/runner/work/ozone/ozone/hadoop-ozone/integration-test/target/test-dir/MiniOzoneClusterImpl-0353e991-6c3e-4832-95ff-5850d237b4c9/ozone-meta/datanode-1/data-0/hdds
2024-06-12 17:07:59,893 [691380cd-fa1e-45b9-9936-538793566ee4-EndpointStateMachineTaskThread-/0.0.0.0:15055-0 ] INFO  ozoneimpl.OzoneContainer (OzoneContainer.java:buildContainerSet(328)) - Build ContainerSet costs 0s
2024-06-12 17:07:59,893 [691380cd-fa1e-45b9-9936-538793566ee4-EndpointStateMachineTaskThread-/0.0.0.0:15055-0 ] INFO  volume.ThrottledAsyncChecker (ThrottledAsyncChecker.java:schedule(141)) - Scheduling a check for /home/runner/work/ozone/ozone/hadoop-ozone/integration-test/target/test-dir/MiniOzoneClusterImpl-0353e991-6c3e-4832-95ff-5850d237b4c9/ozone-meta/datanode-1/data-0/hdds
2024-06-12 17:07:59,894 [691380cd-fa1e-45b9-9936-538793566ee4-EndpointStateMachineTaskThread-/0.0.0.0:15055-0 ] INFO  volume.StorageVolumeChecker (StorageVolumeChecker.java:checkAllVolumes(218)) - Scheduled health check for volume /home/runner/work/ozone/ozone/hadoop-ozone/integration-test/target/test-dir/MiniOzoneClusterImpl-0353e991-6c3e-4832-95ff-5850d237b4c9/ozone-meta/datanode-1/data-0/hdds
2024-06-12 17:07:59,894 [691380cd-fa1e-45b9-9936-538793566ee4-EndpointStateMachineTaskThread-/0.0.0.0:15055-0 ] INFO  volume.ThrottledAsyncChecker (ThrottledAsyncChecker.java:schedule(141)) - Scheduling a check for /home/runner/work/ozone/ozone/hadoop-ozone/integration-test/target/test-dir/MiniOzoneClusterImpl-0353e991-6c3e-4832-95ff-5850d237b4c9/ozone-meta/datanode-1/ratis
2024-06-12 17:07:59,895 [691380cd-fa1e-45b9-9936-538793566ee4-EndpointStateMachineTaskThread-/0.0.0.0:15055-0 ] INFO  volume.StorageVolumeChecker (StorageVolumeChecker.java:checkAllVolumes(218)) - Scheduled health check for volume /home/runner/work/ozone/ozone/hadoop-ozone/integration-test/target/test-dir/MiniOzoneClusterImpl-0353e991-6c3e-4832-95ff-5850d237b4c9/ozone-meta/datanode-1/ratis
2024-06-12 17:07:59,895 [691380cd-fa1e-45b9-9936-538793566ee4-EndpointStateMachineTaskThread-/0.0.0.0:15055-0 ] INFO  ozoneimpl.OzoneContainer (OzoneContainer.java:start(459)) - Attempting to start container services.
2024-06-12 17:07:59,896 [ContainerMetadataScanner] INFO  ozoneimpl.AbstractBackgroundContainerScanner (AbstractBackgroundContainerScanner.java:runIteration(87)) - Completed an iteration in 0 minutes. Number of iterations (since the data-node restart) : 1, Number of containers scanned in this iteration : 0, Number of unhealthy containers found in this iteration : 0
2024-06-12 17:07:59,896 [ContainerDataScanner(/home/runner/work/ozone/ozone/hadoop-ozone/integration-test/target/test-dir/MiniOzoneClusterImpl-0353e991-6c3e-4832-95ff-5850d237b4c9/ozone-meta/datanode-1/data-0/hdds)] INFO  ozoneimpl.AbstractBackgroundContainerScanner (AbstractBackgroundContainerScanner.java:runIteration(87)) - Completed an iteration in 0 minutes. Number of iterations (since the data-node restart) : 1, Number of containers scanned in this iteration : 0, Number of unhealthy containers found in this iteration : 0
2024-06-12 17:07:59,896 [691380cd-fa1e-45b9-9936-538793566ee4-EndpointStateMachineTaskThread-/0.0.0.0:15055-0 ] INFO  replication.ReplicationServer (ReplicationServer.java:start(142)) - ReplicationServer is started using port 15069
2024-06-12 17:07:59,896 [691380cd-fa1e-45b9-9936-538793566ee4-EndpointStateMachineTaskThread-/0.0.0.0:15055-0 ] INFO  ratis.XceiverServerRatis (XceiverServerRatis.java:start(566)) - Starting XceiverServerRatis 691380cd-fa1e-45b9-9936-538793566ee4
2024-06-12 17:07:59,897 [691380cd-fa1e-45b9-9936-538793566ee4-EndpointStateMachineTaskThread-/0.0.0.0:15055-0 ] INFO  server.RaftServer (RaftServerProxy.java:startImpl(406)) - 691380cd-fa1e-45b9-9936-538793566ee4: start RPC server
2024-06-12 17:07:59,897 [691380cd-fa1e-45b9-9936-538793566ee4-EndpointStateMachineTaskThread-/0.0.0.0:15055-0 ] INFO  server.GrpcService (GrpcService.java:startImpl(302)) - 691380cd-fa1e-45b9-9936-538793566ee4: GrpcService started, listening on 15065
2024-06-12 17:07:59,897 [691380cd-fa1e-45b9-9936-538793566ee4-EndpointStateMachineTaskThread-/0.0.0.0:15055-0 ] INFO  server.GrpcService (GrpcService.java:startImpl(302)) - 691380cd-fa1e-45b9-9936-538793566ee4: GrpcService started, listening on 15067
2024-06-12 17:07:59,898 [691380cd-fa1e-45b9-9936-538793566ee4-EndpointStateMachineTaskThread-/0.0.0.0:15055-0 ] INFO  server.GrpcService (GrpcService.java:startImpl(302)) - 691380cd-fa1e-45b9-9936-538793566ee4: GrpcService started, listening on 15066
2024-06-12 17:07:59,898 [691380cd-fa1e-45b9-9936-538793566ee4-EndpointStateMachineTaskThread-/0.0.0.0:15055-0 ] INFO  ratis.XceiverServerRatis (XceiverServerRatis.java:getRealPort(592)) - XceiverServerRatis 691380cd-fa1e-45b9-9936-538793566ee4 is started using port 15065 for RATIS
2024-06-12 17:07:59,898 [JvmPauseMonitor9] INFO  util.JvmPauseMonitor (JvmPauseMonitor.java:run(146)) - JvmPauseMonitor-691380cd-fa1e-45b9-9936-538793566ee4: Started
2024-06-12 17:07:59,898 [691380cd-fa1e-45b9-9936-538793566ee4-EndpointStateMachineTaskThread-/0.0.0.0:15055-0 ] INFO  ratis.XceiverServerRatis (XceiverServerRatis.java:getRealPort(592)) - XceiverServerRatis 691380cd-fa1e-45b9-9936-538793566ee4 is started using port 15066 for RATIS_ADMIN
2024-06-12 17:07:59,898 [691380cd-fa1e-45b9-9936-538793566ee4-EndpointStateMachineTaskThread-/0.0.0.0:15055-0 ] INFO  ratis.XceiverServerRatis (XceiverServerRatis.java:getRealPort(592)) - XceiverServerRatis 691380cd-fa1e-45b9-9936-538793566ee4 is started using port 15067 for RATIS_SERVER
2024-06-12 17:07:59,898 [691380cd-fa1e-45b9-9936-538793566ee4-EndpointStateMachineTaskThread-/0.0.0.0:15055-0 ] INFO  ratis.XceiverServerRatis (XceiverServerRatis.java:getRealPort(592)) - XceiverServerRatis 691380cd-fa1e-45b9-9936-538793566ee4 is started using port 15068 for RATIS_DATASTREAM
2024-06-12 17:07:59,899 [691380cd-fa1e-45b9-9936-538793566ee4-BlockDeletingService#0] INFO  interfaces.ContainerDeletionChoosingPolicyTemplate (ContainerDeletionChoosingPolicyTemplate.java:chooseContainerForBlockDeletion(85)) - Chosen 0/5000 blocks from 0 candidate containers.
2024-06-12 17:07:59,944 [f3fc0661-daf3-46cc-b6b9-cf28bd2102cf-EndpointStateMachineTaskThread-/0.0.0.0:15055-0 ] INFO  utils.DatanodeStoreCache (DatanodeStoreCache.java:addDB(72)) - Added db /home/runner/work/ozone/ozone/hadoop-ozone/integration-test/target/test-dir/MiniOzoneClusterImpl-0353e991-6c3e-4832-95ff-5850d237b4c9/ozone-meta/datanode-2/data-0/hdds/0353e991-6c3e-4832-95ff-5850d237b4c9/DS-04091f27-8bce-4bae-9f32-1cf1d1ca59c0/container.db to cache
2024-06-12 17:07:59,944 [f3fc0661-daf3-46cc-b6b9-cf28bd2102cf-EndpointStateMachineTaskThread-/0.0.0.0:15055-0 ] INFO  volume.HddsVolume (HddsVolume.java:createDbStore(437)) - SchemaV3 db is created and loaded at /home/runner/work/ozone/ozone/hadoop-ozone/integration-test/target/test-dir/MiniOzoneClusterImpl-0353e991-6c3e-4832-95ff-5850d237b4c9/ozone-meta/datanode-2/data-0/hdds/0353e991-6c3e-4832-95ff-5850d237b4c9/DS-04091f27-8bce-4bae-9f32-1cf1d1ca59c0/container.db for volume DS-04091f27-8bce-4bae-9f32-1cf1d1ca59c0
2024-06-12 17:07:59,945 [f3fc0661-daf3-46cc-b6b9-cf28bd2102cf-ContainerReader-0] INFO  ozoneimpl.ContainerReader (ContainerReader.java:readVolume(148)) - Start to verify containers on volume /home/runner/work/ozone/ozone/hadoop-ozone/integration-test/target/test-dir/MiniOzoneClusterImpl-0353e991-6c3e-4832-95ff-5850d237b4c9/ozone-meta/datanode-2/data-0/hdds
2024-06-12 17:07:59,945 [f3fc0661-daf3-46cc-b6b9-cf28bd2102cf-ContainerReader-0] INFO  ozoneimpl.ContainerReader (ContainerReader.java:readVolume(178)) - Finish verifying containers on volume /home/runner/work/ozone/ozone/hadoop-ozone/integration-test/target/test-dir/MiniOzoneClusterImpl-0353e991-6c3e-4832-95ff-5850d237b4c9/ozone-meta/datanode-2/data-0/hdds
2024-06-12 17:07:59,946 [f3fc0661-daf3-46cc-b6b9-cf28bd2102cf-EndpointStateMachineTaskThread-/0.0.0.0:15055-0 ] INFO  ozoneimpl.OzoneContainer (OzoneContainer.java:buildContainerSet(328)) - Build ContainerSet costs 0s
2024-06-12 17:07:59,946 [f3fc0661-daf3-46cc-b6b9-cf28bd2102cf-EndpointStateMachineTaskThread-/0.0.0.0:15055-0 ] INFO  volume.ThrottledAsyncChecker (ThrottledAsyncChecker.java:schedule(141)) - Scheduling a check for /home/runner/work/ozone/ozone/hadoop-ozone/integration-test/target/test-dir/MiniOzoneClusterImpl-0353e991-6c3e-4832-95ff-5850d237b4c9/ozone-meta/datanode-2/data-0/hdds
2024-06-12 17:07:59,946 [f3fc0661-daf3-46cc-b6b9-cf28bd2102cf-EndpointStateMachineTaskThread-/0.0.0.0:15055-0 ] INFO  volume.StorageVolumeChecker (StorageVolumeChecker.java:checkAllVolumes(218)) - Scheduled health check for volume /home/runner/work/ozone/ozone/hadoop-ozone/integration-test/target/test-dir/MiniOzoneClusterImpl-0353e991-6c3e-4832-95ff-5850d237b4c9/ozone-meta/datanode-2/data-0/hdds
2024-06-12 17:07:59,947 [f3fc0661-daf3-46cc-b6b9-cf28bd2102cf-EndpointStateMachineTaskThread-/0.0.0.0:15055-0 ] INFO  volume.ThrottledAsyncChecker (ThrottledAsyncChecker.java:schedule(141)) - Scheduling a check for /home/runner/work/ozone/ozone/hadoop-ozone/integration-test/target/test-dir/MiniOzoneClusterImpl-0353e991-6c3e-4832-95ff-5850d237b4c9/ozone-meta/datanode-2/ratis
2024-06-12 17:07:59,948 [f3fc0661-daf3-46cc-b6b9-cf28bd2102cf-EndpointStateMachineTaskThread-/0.0.0.0:15055-0 ] INFO  volume.StorageVolumeChecker (StorageVolumeChecker.java:checkAllVolumes(218)) - Scheduled health check for volume /home/runner/work/ozone/ozone/hadoop-ozone/integration-test/target/test-dir/MiniOzoneClusterImpl-0353e991-6c3e-4832-95ff-5850d237b4c9/ozone-meta/datanode-2/ratis
2024-06-12 17:07:59,948 [f3fc0661-daf3-46cc-b6b9-cf28bd2102cf-EndpointStateMachineTaskThread-/0.0.0.0:15055-0 ] INFO  ozoneimpl.OzoneContainer (OzoneContainer.java:start(459)) - Attempting to start container services.
2024-06-12 17:07:59,948 [f3fc0661-daf3-46cc-b6b9-cf28bd2102cf-EndpointStateMachineTaskThread-/0.0.0.0:15055-0 ] WARN  ozoneimpl.OnDemandContainerDataScanner (OnDemandContainerDataScanner.java:init(75)) - Trying to initialize on demand scanner a second time on a datanode.
2024-06-12 17:07:59,949 [ContainerMetadataScanner] INFO  ozoneimpl.AbstractBackgroundContainerScanner (AbstractBackgroundContainerScanner.java:runIteration(87)) - Completed an iteration in 0 minutes. Number of iterations (since the data-node restart) : 1, Number of containers scanned in this iteration : 0, Number of unhealthy containers found in this iteration : 0
2024-06-12 17:07:59,962 [ContainerDataScanner(/home/runner/work/ozone/ozone/hadoop-ozone/integration-test/target/test-dir/MiniOzoneClusterImpl-0353e991-6c3e-4832-95ff-5850d237b4c9/ozone-meta/datanode-2/data-0/hdds)] INFO  ozoneimpl.AbstractBackgroundContainerScanner (AbstractBackgroundContainerScanner.java:runIteration(87)) - Completed an iteration in 0 minutes. Number of iterations (since the data-node restart) : 1, Number of containers scanned in this iteration : 0, Number of unhealthy containers found in this iteration : 0
2024-06-12 17:07:59,962 [f3fc0661-daf3-46cc-b6b9-cf28bd2102cf-EndpointStateMachineTaskThread-/0.0.0.0:15055-0 ] INFO  replication.ReplicationServer (ReplicationServer.java:start(142)) - ReplicationServer is started using port 15078
2024-06-12 17:07:59,962 [f3fc0661-daf3-46cc-b6b9-cf28bd2102cf-EndpointStateMachineTaskThread-/0.0.0.0:15055-0 ] INFO  ratis.XceiverServerRatis (XceiverServerRatis.java:start(566)) - Starting XceiverServerRatis f3fc0661-daf3-46cc-b6b9-cf28bd2102cf
2024-06-12 17:07:59,962 [f3fc0661-daf3-46cc-b6b9-cf28bd2102cf-EndpointStateMachineTaskThread-/0.0.0.0:15055-0 ] INFO  server.RaftServer (RaftServerProxy.java:startImpl(406)) - f3fc0661-daf3-46cc-b6b9-cf28bd2102cf: start RPC server
2024-06-12 17:07:59,963 [f3fc0661-daf3-46cc-b6b9-cf28bd2102cf-EndpointStateMachineTaskThread-/0.0.0.0:15055-0 ] INFO  server.GrpcService (GrpcService.java:startImpl(302)) - f3fc0661-daf3-46cc-b6b9-cf28bd2102cf: GrpcService started, listening on 15074
2024-06-12 17:07:59,963 [f3fc0661-daf3-46cc-b6b9-cf28bd2102cf-EndpointStateMachineTaskThread-/0.0.0.0:15055-0 ] INFO  server.GrpcService (GrpcService.java:startImpl(302)) - f3fc0661-daf3-46cc-b6b9-cf28bd2102cf: GrpcService started, listening on 15076
2024-06-12 17:07:59,963 [f3fc0661-daf3-46cc-b6b9-cf28bd2102cf-EndpointStateMachineTaskThread-/0.0.0.0:15055-0 ] INFO  server.GrpcService (GrpcService.java:startImpl(302)) - f3fc0661-daf3-46cc-b6b9-cf28bd2102cf: GrpcService started, listening on 15075
2024-06-12 17:07:59,963 [f3fc0661-daf3-46cc-b6b9-cf28bd2102cf-EndpointStateMachineTaskThread-/0.0.0.0:15055-0 ] INFO  ratis.XceiverServerRatis (XceiverServerRatis.java:getRealPort(592)) - XceiverServerRatis f3fc0661-daf3-46cc-b6b9-cf28bd2102cf is started using port 15074 for RATIS
2024-06-12 17:07:59,964 [f3fc0661-daf3-46cc-b6b9-cf28bd2102cf-EndpointStateMachineTaskThread-/0.0.0.0:15055-0 ] INFO  ratis.XceiverServerRatis (XceiverServerRatis.java:getRealPort(592)) - XceiverServerRatis f3fc0661-daf3-46cc-b6b9-cf28bd2102cf is started using port 15075 for RATIS_ADMIN
2024-06-12 17:07:59,964 [f3fc0661-daf3-46cc-b6b9-cf28bd2102cf-EndpointStateMachineTaskThread-/0.0.0.0:15055-0 ] INFO  ratis.XceiverServerRatis (XceiverServerRatis.java:getRealPort(592)) - XceiverServerRatis f3fc0661-daf3-46cc-b6b9-cf28bd2102cf is started using port 15076 for RATIS_SERVER
2024-06-12 17:07:59,964 [f3fc0661-daf3-46cc-b6b9-cf28bd2102cf-EndpointStateMachineTaskThread-/0.0.0.0:15055-0 ] INFO  ratis.XceiverServerRatis (XceiverServerRatis.java:getRealPort(592)) - XceiverServerRatis f3fc0661-daf3-46cc-b6b9-cf28bd2102cf is started using port 15077 for RATIS_DATASTREAM
2024-06-12 17:07:59,964 [JvmPauseMonitor10] INFO  util.JvmPauseMonitor (JvmPauseMonitor.java:run(146)) - JvmPauseMonitor-f3fc0661-daf3-46cc-b6b9-cf28bd2102cf: Started
2024-06-12 17:07:59,965 [f3fc0661-daf3-46cc-b6b9-cf28bd2102cf-BlockDeletingService#0] INFO  interfaces.ContainerDeletionChoosingPolicyTemplate (ContainerDeletionChoosingPolicyTemplate.java:chooseContainerForBlockDeletion(85)) - Chosen 0/5000 blocks from 0 candidate containers.
2024-06-12 17:08:00,019 [92e0ccad-9c5a-447b-b545-333a3cb7e193-EndpointStateMachineTaskThread-/0.0.0.0:15055-0 ] INFO  utils.DatanodeStoreCache (DatanodeStoreCache.java:addDB(72)) - Added db /home/runner/work/ozone/ozone/hadoop-ozone/integration-test/target/test-dir/MiniOzoneClusterImpl-0353e991-6c3e-4832-95ff-5850d237b4c9/ozone-meta/datanode-3/data-0/hdds/0353e991-6c3e-4832-95ff-5850d237b4c9/DS-7687d880-706f-46e8-992e-9953619eb57e/container.db to cache
2024-06-12 17:08:00,019 [92e0ccad-9c5a-447b-b545-333a3cb7e193-EndpointStateMachineTaskThread-/0.0.0.0:15055-0 ] INFO  volume.HddsVolume (HddsVolume.java:createDbStore(437)) - SchemaV3 db is created and loaded at /home/runner/work/ozone/ozone/hadoop-ozone/integration-test/target/test-dir/MiniOzoneClusterImpl-0353e991-6c3e-4832-95ff-5850d237b4c9/ozone-meta/datanode-3/data-0/hdds/0353e991-6c3e-4832-95ff-5850d237b4c9/DS-7687d880-706f-46e8-992e-9953619eb57e/container.db for volume DS-7687d880-706f-46e8-992e-9953619eb57e
2024-06-12 17:08:00,020 [92e0ccad-9c5a-447b-b545-333a3cb7e193-ContainerReader-0] INFO  ozoneimpl.ContainerReader (ContainerReader.java:readVolume(148)) - Start to verify containers on volume /home/runner/work/ozone/ozone/hadoop-ozone/integration-test/target/test-dir/MiniOzoneClusterImpl-0353e991-6c3e-4832-95ff-5850d237b4c9/ozone-meta/datanode-3/data-0/hdds
2024-06-12 17:08:00,021 [92e0ccad-9c5a-447b-b545-333a3cb7e193-ContainerReader-0] INFO  ozoneimpl.ContainerReader (ContainerReader.java:readVolume(178)) - Finish verifying containers on volume /home/runner/work/ozone/ozone/hadoop-ozone/integration-test/target/test-dir/MiniOzoneClusterImpl-0353e991-6c3e-4832-95ff-5850d237b4c9/ozone-meta/datanode-3/data-0/hdds
2024-06-12 17:08:00,021 [92e0ccad-9c5a-447b-b545-333a3cb7e193-EndpointStateMachineTaskThread-/0.0.0.0:15055-0 ] INFO  ozoneimpl.OzoneContainer (OzoneContainer.java:buildContainerSet(328)) - Build ContainerSet costs 0s
2024-06-12 17:08:00,021 [92e0ccad-9c5a-447b-b545-333a3cb7e193-EndpointStateMachineTaskThread-/0.0.0.0:15055-0 ] INFO  volume.ThrottledAsyncChecker (ThrottledAsyncChecker.java:schedule(141)) - Scheduling a check for /home/runner/work/ozone/ozone/hadoop-ozone/integration-test/target/test-dir/MiniOzoneClusterImpl-0353e991-6c3e-4832-95ff-5850d237b4c9/ozone-meta/datanode-3/data-0/hdds
2024-06-12 17:08:00,021 [92e0ccad-9c5a-447b-b545-333a3cb7e193-EndpointStateMachineTaskThread-/0.0.0.0:15055-0 ] INFO  volume.StorageVolumeChecker (StorageVolumeChecker.java:checkAllVolumes(218)) - Scheduled health check for volume /home/runner/work/ozone/ozone/hadoop-ozone/integration-test/target/test-dir/MiniOzoneClusterImpl-0353e991-6c3e-4832-95ff-5850d237b4c9/ozone-meta/datanode-3/data-0/hdds
2024-06-12 17:08:00,023 [92e0ccad-9c5a-447b-b545-333a3cb7e193-EndpointStateMachineTaskThread-/0.0.0.0:15055-0 ] INFO  volume.ThrottledAsyncChecker (ThrottledAsyncChecker.java:schedule(141)) - Scheduling a check for /home/runner/work/ozone/ozone/hadoop-ozone/integration-test/target/test-dir/MiniOzoneClusterImpl-0353e991-6c3e-4832-95ff-5850d237b4c9/ozone-meta/datanode-3/ratis
2024-06-12 17:08:00,023 [92e0ccad-9c5a-447b-b545-333a3cb7e193-EndpointStateMachineTaskThread-/0.0.0.0:15055-0 ] INFO  volume.StorageVolumeChecker (StorageVolumeChecker.java:checkAllVolumes(218)) - Scheduled health check for volume /home/runner/work/ozone/ozone/hadoop-ozone/integration-test/target/test-dir/MiniOzoneClusterImpl-0353e991-6c3e-4832-95ff-5850d237b4c9/ozone-meta/datanode-3/ratis
2024-06-12 17:08:00,023 [92e0ccad-9c5a-447b-b545-333a3cb7e193-EndpointStateMachineTaskThread-/0.0.0.0:15055-0 ] INFO  ozoneimpl.OzoneContainer (OzoneContainer.java:start(459)) - Attempting to start container services.
2024-06-12 17:08:00,023 [92e0ccad-9c5a-447b-b545-333a3cb7e193-EndpointStateMachineTaskThread-/0.0.0.0:15055-0 ] WARN  ozoneimpl.OnDemandContainerDataScanner (OnDemandContainerDataScanner.java:init(75)) - Trying to initialize on demand scanner a second time on a datanode.
2024-06-12 17:08:00,024 [ContainerMetadataScanner] INFO  ozoneimpl.AbstractBackgroundContainerScanner (AbstractBackgroundContainerScanner.java:runIteration(87)) - Completed an iteration in 0 minutes. Number of iterations (since the data-node restart) : 1, Number of containers scanned in this iteration : 0, Number of unhealthy containers found in this iteration : 0
2024-06-12 17:08:00,024 [ContainerDataScanner(/home/runner/work/ozone/ozone/hadoop-ozone/integration-test/target/test-dir/MiniOzoneClusterImpl-0353e991-6c3e-4832-95ff-5850d237b4c9/ozone-meta/datanode-3/data-0/hdds)] INFO  ozoneimpl.AbstractBackgroundContainerScanner (AbstractBackgroundContainerScanner.java:runIteration(87)) - Completed an iteration in 0 minutes. Number of iterations (since the data-node restart) : 1, Number of containers scanned in this iteration : 0, Number of unhealthy containers found in this iteration : 0
2024-06-12 17:08:00,024 [92e0ccad-9c5a-447b-b545-333a3cb7e193-EndpointStateMachineTaskThread-/0.0.0.0:15055-0 ] INFO  replication.ReplicationServer (ReplicationServer.java:start(142)) - ReplicationServer is started using port 15087
2024-06-12 17:08:00,025 [92e0ccad-9c5a-447b-b545-333a3cb7e193-EndpointStateMachineTaskThread-/0.0.0.0:15055-0 ] INFO  ratis.XceiverServerRatis (XceiverServerRatis.java:start(566)) - Starting XceiverServerRatis 92e0ccad-9c5a-447b-b545-333a3cb7e193
2024-06-12 17:08:00,025 [92e0ccad-9c5a-447b-b545-333a3cb7e193-EndpointStateMachineTaskThread-/0.0.0.0:15055-0 ] INFO  server.RaftServer (RaftServerProxy.java:startImpl(406)) - 92e0ccad-9c5a-447b-b545-333a3cb7e193: start RPC server
2024-06-12 17:08:00,025 [92e0ccad-9c5a-447b-b545-333a3cb7e193-EndpointStateMachineTaskThread-/0.0.0.0:15055-0 ] INFO  server.GrpcService (GrpcService.java:startImpl(302)) - 92e0ccad-9c5a-447b-b545-333a3cb7e193: GrpcService started, listening on 15083
2024-06-12 17:08:00,026 [92e0ccad-9c5a-447b-b545-333a3cb7e193-EndpointStateMachineTaskThread-/0.0.0.0:15055-0 ] INFO  server.GrpcService (GrpcService.java:startImpl(302)) - 92e0ccad-9c5a-447b-b545-333a3cb7e193: GrpcService started, listening on 15085
2024-06-12 17:08:00,026 [92e0ccad-9c5a-447b-b545-333a3cb7e193-EndpointStateMachineTaskThread-/0.0.0.0:15055-0 ] INFO  server.GrpcService (GrpcService.java:startImpl(302)) - 92e0ccad-9c5a-447b-b545-333a3cb7e193: GrpcService started, listening on 15084
2024-06-12 17:08:00,026 [92e0ccad-9c5a-447b-b545-333a3cb7e193-EndpointStateMachineTaskThread-/0.0.0.0:15055-0 ] INFO  ratis.XceiverServerRatis (XceiverServerRatis.java:getRealPort(592)) - XceiverServerRatis 92e0ccad-9c5a-447b-b545-333a3cb7e193 is started using port 15083 for RATIS
2024-06-12 17:08:00,026 [JvmPauseMonitor11] INFO  util.JvmPauseMonitor (JvmPauseMonitor.java:run(146)) - JvmPauseMonitor-92e0ccad-9c5a-447b-b545-333a3cb7e193: Started
2024-06-12 17:08:00,026 [92e0ccad-9c5a-447b-b545-333a3cb7e193-EndpointStateMachineTaskThread-/0.0.0.0:15055-0 ] INFO  ratis.XceiverServerRatis (XceiverServerRatis.java:getRealPort(592)) - XceiverServerRatis 92e0ccad-9c5a-447b-b545-333a3cb7e193 is started using port 15084 for RATIS_ADMIN
2024-06-12 17:08:00,026 [92e0ccad-9c5a-447b-b545-333a3cb7e193-EndpointStateMachineTaskThread-/0.0.0.0:15055-0 ] INFO  ratis.XceiverServerRatis (XceiverServerRatis.java:getRealPort(592)) - XceiverServerRatis 92e0ccad-9c5a-447b-b545-333a3cb7e193 is started using port 15085 for RATIS_SERVER
2024-06-12 17:08:00,026 [92e0ccad-9c5a-447b-b545-333a3cb7e193-EndpointStateMachineTaskThread-/0.0.0.0:15055-0 ] INFO  ratis.XceiverServerRatis (XceiverServerRatis.java:getRealPort(592)) - XceiverServerRatis 92e0ccad-9c5a-447b-b545-333a3cb7e193 is started using port 15086 for RATIS_DATASTREAM
2024-06-12 17:08:00,027 [92e0ccad-9c5a-447b-b545-333a3cb7e193-BlockDeletingService#0] INFO  interfaces.ContainerDeletionChoosingPolicyTemplate (ContainerDeletionChoosingPolicyTemplate.java:chooseContainerForBlockDeletion(85)) - Chosen 0/5000 blocks from 0 candidate containers.
2024-06-12 17:08:00,078 [74620180-03cc-4c6e-ac63-d0b12e96fe58-EndpointStateMachineTaskThread-/0.0.0.0:15055-0 ] INFO  utils.DatanodeStoreCache (DatanodeStoreCache.java:addDB(72)) - Added db /home/runner/work/ozone/ozone/hadoop-ozone/integration-test/target/test-dir/MiniOzoneClusterImpl-0353e991-6c3e-4832-95ff-5850d237b4c9/ozone-meta/datanode-4/data-0/hdds/0353e991-6c3e-4832-95ff-5850d237b4c9/DS-accea906-20c6-470a-8ea7-4950e6a3364d/container.db to cache
2024-06-12 17:08:00,078 [74620180-03cc-4c6e-ac63-d0b12e96fe58-EndpointStateMachineTaskThread-/0.0.0.0:15055-0 ] INFO  volume.HddsVolume (HddsVolume.java:createDbStore(437)) - SchemaV3 db is created and loaded at /home/runner/work/ozone/ozone/hadoop-ozone/integration-test/target/test-dir/MiniOzoneClusterImpl-0353e991-6c3e-4832-95ff-5850d237b4c9/ozone-meta/datanode-4/data-0/hdds/0353e991-6c3e-4832-95ff-5850d237b4c9/DS-accea906-20c6-470a-8ea7-4950e6a3364d/container.db for volume DS-accea906-20c6-470a-8ea7-4950e6a3364d
2024-06-12 17:08:00,080 [74620180-03cc-4c6e-ac63-d0b12e96fe58-ContainerReader-0] INFO  ozoneimpl.ContainerReader (ContainerReader.java:readVolume(148)) - Start to verify containers on volume /home/runner/work/ozone/ozone/hadoop-ozone/integration-test/target/test-dir/MiniOzoneClusterImpl-0353e991-6c3e-4832-95ff-5850d237b4c9/ozone-meta/datanode-4/data-0/hdds
2024-06-12 17:08:00,080 [74620180-03cc-4c6e-ac63-d0b12e96fe58-ContainerReader-0] INFO  ozoneimpl.ContainerReader (ContainerReader.java:readVolume(178)) - Finish verifying containers on volume /home/runner/work/ozone/ozone/hadoop-ozone/integration-test/target/test-dir/MiniOzoneClusterImpl-0353e991-6c3e-4832-95ff-5850d237b4c9/ozone-meta/datanode-4/data-0/hdds
2024-06-12 17:08:00,080 [74620180-03cc-4c6e-ac63-d0b12e96fe58-EndpointStateMachineTaskThread-/0.0.0.0:15055-0 ] INFO  ozoneimpl.OzoneContainer (OzoneContainer.java:buildContainerSet(328)) - Build ContainerSet costs 0s
2024-06-12 17:08:00,080 [74620180-03cc-4c6e-ac63-d0b12e96fe58-EndpointStateMachineTaskThread-/0.0.0.0:15055-0 ] INFO  volume.ThrottledAsyncChecker (ThrottledAsyncChecker.java:schedule(141)) - Scheduling a check for /home/runner/work/ozone/ozone/hadoop-ozone/integration-test/target/test-dir/MiniOzoneClusterImpl-0353e991-6c3e-4832-95ff-5850d237b4c9/ozone-meta/datanode-4/data-0/hdds
2024-06-12 17:08:00,081 [74620180-03cc-4c6e-ac63-d0b12e96fe58-EndpointStateMachineTaskThread-/0.0.0.0:15055-0 ] INFO  volume.StorageVolumeChecker (StorageVolumeChecker.java:checkAllVolumes(218)) - Scheduled health check for volume /home/runner/work/ozone/ozone/hadoop-ozone/integration-test/target/test-dir/MiniOzoneClusterImpl-0353e991-6c3e-4832-95ff-5850d237b4c9/ozone-meta/datanode-4/data-0/hdds
2024-06-12 17:08:00,082 [74620180-03cc-4c6e-ac63-d0b12e96fe58-EndpointStateMachineTaskThread-/0.0.0.0:15055-0 ] INFO  volume.ThrottledAsyncChecker (ThrottledAsyncChecker.java:schedule(141)) - Scheduling a check for /home/runner/work/ozone/ozone/hadoop-ozone/integration-test/target/test-dir/MiniOzoneClusterImpl-0353e991-6c3e-4832-95ff-5850d237b4c9/ozone-meta/datanode-4/ratis
2024-06-12 17:08:00,082 [74620180-03cc-4c6e-ac63-d0b12e96fe58-EndpointStateMachineTaskThread-/0.0.0.0:15055-0 ] INFO  volume.StorageVolumeChecker (StorageVolumeChecker.java:checkAllVolumes(218)) - Scheduled health check for volume /home/runner/work/ozone/ozone/hadoop-ozone/integration-test/target/test-dir/MiniOzoneClusterImpl-0353e991-6c3e-4832-95ff-5850d237b4c9/ozone-meta/datanode-4/ratis
2024-06-12 17:08:00,083 [74620180-03cc-4c6e-ac63-d0b12e96fe58-EndpointStateMachineTaskThread-/0.0.0.0:15055-0 ] INFO  ozoneimpl.OzoneContainer (OzoneContainer.java:start(459)) - Attempting to start container services.
2024-06-12 17:08:00,083 [74620180-03cc-4c6e-ac63-d0b12e96fe58-EndpointStateMachineTaskThread-/0.0.0.0:15055-0 ] WARN  ozoneimpl.OnDemandContainerDataScanner (OnDemandContainerDataScanner.java:init(75)) - Trying to initialize on demand scanner a second time on a datanode.
2024-06-12 17:08:00,083 [ContainerMetadataScanner] INFO  ozoneimpl.AbstractBackgroundContainerScanner (AbstractBackgroundContainerScanner.java:runIteration(87)) - Completed an iteration in 0 minutes. Number of iterations (since the data-node restart) : 1, Number of containers scanned in this iteration : 0, Number of unhealthy containers found in this iteration : 0
2024-06-12 17:08:00,084 [ContainerDataScanner(/home/runner/work/ozone/ozone/hadoop-ozone/integration-test/target/test-dir/MiniOzoneClusterImpl-0353e991-6c3e-4832-95ff-5850d237b4c9/ozone-meta/datanode-4/data-0/hdds)] INFO  ozoneimpl.AbstractBackgroundContainerScanner (AbstractBackgroundContainerScanner.java:runIteration(87)) - Completed an iteration in 0 minutes. Number of iterations (since the data-node restart) : 1, Number of containers scanned in this iteration : 0, Number of unhealthy containers found in this iteration : 0
2024-06-12 17:08:00,084 [74620180-03cc-4c6e-ac63-d0b12e96fe58-EndpointStateMachineTaskThread-/0.0.0.0:15055-0 ] INFO  replication.ReplicationServer (ReplicationServer.java:start(142)) - ReplicationServer is started using port 15096
2024-06-12 17:08:00,084 [74620180-03cc-4c6e-ac63-d0b12e96fe58-EndpointStateMachineTaskThread-/0.0.0.0:15055-0 ] INFO  ratis.XceiverServerRatis (XceiverServerRatis.java:start(566)) - Starting XceiverServerRatis 74620180-03cc-4c6e-ac63-d0b12e96fe58
2024-06-12 17:08:00,085 [74620180-03cc-4c6e-ac63-d0b12e96fe58-EndpointStateMachineTaskThread-/0.0.0.0:15055-0 ] INFO  server.RaftServer (RaftServerProxy.java:startImpl(406)) - 74620180-03cc-4c6e-ac63-d0b12e96fe58: start RPC server
2024-06-12 17:08:00,085 [74620180-03cc-4c6e-ac63-d0b12e96fe58-EndpointStateMachineTaskThread-/0.0.0.0:15055-0 ] INFO  server.GrpcService (GrpcService.java:startImpl(302)) - 74620180-03cc-4c6e-ac63-d0b12e96fe58: GrpcService started, listening on 15092
2024-06-12 17:08:00,085 [74620180-03cc-4c6e-ac63-d0b12e96fe58-EndpointStateMachineTaskThread-/0.0.0.0:15055-0 ] INFO  server.GrpcService (GrpcService.java:startImpl(302)) - 74620180-03cc-4c6e-ac63-d0b12e96fe58: GrpcService started, listening on 15094
2024-06-12 17:08:00,085 [74620180-03cc-4c6e-ac63-d0b12e96fe58-EndpointStateMachineTaskThread-/0.0.0.0:15055-0 ] INFO  server.GrpcService (GrpcService.java:startImpl(302)) - 74620180-03cc-4c6e-ac63-d0b12e96fe58: GrpcService started, listening on 15093
2024-06-12 17:08:00,086 [74620180-03cc-4c6e-ac63-d0b12e96fe58-EndpointStateMachineTaskThread-/0.0.0.0:15055-0 ] INFO  ratis.XceiverServerRatis (XceiverServerRatis.java:getRealPort(592)) - XceiverServerRatis 74620180-03cc-4c6e-ac63-d0b12e96fe58 is started using port 15092 for RATIS
2024-06-12 17:08:00,086 [74620180-03cc-4c6e-ac63-d0b12e96fe58-EndpointStateMachineTaskThread-/0.0.0.0:15055-0 ] INFO  ratis.XceiverServerRatis (XceiverServerRatis.java:getRealPort(592)) - XceiverServerRatis 74620180-03cc-4c6e-ac63-d0b12e96fe58 is started using port 15093 for RATIS_ADMIN
2024-06-12 17:08:00,086 [74620180-03cc-4c6e-ac63-d0b12e96fe58-EndpointStateMachineTaskThread-/0.0.0.0:15055-0 ] INFO  ratis.XceiverServerRatis (XceiverServerRatis.java:getRealPort(592)) - XceiverServerRatis 74620180-03cc-4c6e-ac63-d0b12e96fe58 is started using port 15094 for RATIS_SERVER
2024-06-12 17:08:00,086 [74620180-03cc-4c6e-ac63-d0b12e96fe58-EndpointStateMachineTaskThread-/0.0.0.0:15055-0 ] INFO  ratis.XceiverServerRatis (XceiverServerRatis.java:getRealPort(592)) - XceiverServerRatis 74620180-03cc-4c6e-ac63-d0b12e96fe58 is started using port 15095 for RATIS_DATASTREAM
2024-06-12 17:08:00,086 [JvmPauseMonitor12] INFO  util.JvmPauseMonitor (JvmPauseMonitor.java:run(146)) - JvmPauseMonitor-74620180-03cc-4c6e-ac63-d0b12e96fe58: Started
2024-06-12 17:08:00,086 [74620180-03cc-4c6e-ac63-d0b12e96fe58-BlockDeletingService#0] INFO  interfaces.ContainerDeletionChoosingPolicyTemplate (ContainerDeletionChoosingPolicyTemplate.java:chooseContainerForBlockDeletion(85)) - Chosen 0/5000 blocks from 0 candidate containers.
2024-06-12 17:08:00,134 [main] INFO  ozone.MiniOzoneClusterImpl (MiniOzoneClusterImpl.java:lambda$waitForClusterToBeReady$0(194)) - Waiting for nodes to be ready. Got 0 of 5 DN Heartbeats.
2024-06-12 17:08:00,134 [main] INFO  ozone.MiniOzoneClusterImpl (MiniOzoneClusterImpl.java:lambda$waitForClusterToBeReady$0(197)) - Waiting for cluster to exit safe mode
2024-06-12 17:08:00,134 [main] INFO  ozone.MiniOzoneClusterImpl (MiniOzoneClusterImpl.java:lambda$waitForClusterToBeReady$0(199)) - SCM became leader
2024-06-12 17:08:00,155 [69f17eae-5f6b-470f-8112-c08e963e2abc-EndpointStateMachineTaskThread-/0.0.0.0:15055-0 ] INFO  utils.DatanodeStoreCache (DatanodeStoreCache.java:addDB(72)) - Added db /home/runner/work/ozone/ozone/hadoop-ozone/integration-test/target/test-dir/MiniOzoneClusterImpl-0353e991-6c3e-4832-95ff-5850d237b4c9/ozone-meta/datanode-5/data-0/hdds/0353e991-6c3e-4832-95ff-5850d237b4c9/DS-f571cc45-3ee3-4043-b92f-8d118dca6f23/container.db to cache
2024-06-12 17:08:00,156 [69f17eae-5f6b-470f-8112-c08e963e2abc-EndpointStateMachineTaskThread-/0.0.0.0:15055-0 ] INFO  volume.HddsVolume (HddsVolume.java:createDbStore(437)) - SchemaV3 db is created and loaded at /home/runner/work/ozone/ozone/hadoop-ozone/integration-test/target/test-dir/MiniOzoneClusterImpl-0353e991-6c3e-4832-95ff-5850d237b4c9/ozone-meta/datanode-5/data-0/hdds/0353e991-6c3e-4832-95ff-5850d237b4c9/DS-f571cc45-3ee3-4043-b92f-8d118dca6f23/container.db for volume DS-f571cc45-3ee3-4043-b92f-8d118dca6f23
2024-06-12 17:08:00,158 [69f17eae-5f6b-470f-8112-c08e963e2abc-ContainerReader-0] INFO  ozoneimpl.ContainerReader (ContainerReader.java:readVolume(148)) - Start to verify containers on volume /home/runner/work/ozone/ozone/hadoop-ozone/integration-test/target/test-dir/MiniOzoneClusterImpl-0353e991-6c3e-4832-95ff-5850d237b4c9/ozone-meta/datanode-5/data-0/hdds
2024-06-12 17:08:00,158 [69f17eae-5f6b-470f-8112-c08e963e2abc-ContainerReader-0] INFO  ozoneimpl.ContainerReader (ContainerReader.java:readVolume(178)) - Finish verifying containers on volume /home/runner/work/ozone/ozone/hadoop-ozone/integration-test/target/test-dir/MiniOzoneClusterImpl-0353e991-6c3e-4832-95ff-5850d237b4c9/ozone-meta/datanode-5/data-0/hdds
2024-06-12 17:08:00,158 [69f17eae-5f6b-470f-8112-c08e963e2abc-EndpointStateMachineTaskThread-/0.0.0.0:15055-0 ] INFO  ozoneimpl.OzoneContainer (OzoneContainer.java:buildContainerSet(328)) - Build ContainerSet costs 0s
2024-06-12 17:08:00,158 [69f17eae-5f6b-470f-8112-c08e963e2abc-EndpointStateMachineTaskThread-/0.0.0.0:15055-0 ] INFO  volume.ThrottledAsyncChecker (ThrottledAsyncChecker.java:schedule(141)) - Scheduling a check for /home/runner/work/ozone/ozone/hadoop-ozone/integration-test/target/test-dir/MiniOzoneClusterImpl-0353e991-6c3e-4832-95ff-5850d237b4c9/ozone-meta/datanode-5/data-0/hdds
2024-06-12 17:08:00,158 [69f17eae-5f6b-470f-8112-c08e963e2abc-EndpointStateMachineTaskThread-/0.0.0.0:15055-0 ] INFO  volume.StorageVolumeChecker (StorageVolumeChecker.java:checkAllVolumes(218)) - Scheduled health check for volume /home/runner/work/ozone/ozone/hadoop-ozone/integration-test/target/test-dir/MiniOzoneClusterImpl-0353e991-6c3e-4832-95ff-5850d237b4c9/ozone-meta/datanode-5/data-0/hdds
2024-06-12 17:08:00,160 [69f17eae-5f6b-470f-8112-c08e963e2abc-EndpointStateMachineTaskThread-/0.0.0.0:15055-0 ] INFO  volume.ThrottledAsyncChecker (ThrottledAsyncChecker.java:schedule(141)) - Scheduling a check for /home/runner/work/ozone/ozone/hadoop-ozone/integration-test/target/test-dir/MiniOzoneClusterImpl-0353e991-6c3e-4832-95ff-5850d237b4c9/ozone-meta/datanode-5/ratis
2024-06-12 17:08:00,160 [69f17eae-5f6b-470f-8112-c08e963e2abc-EndpointStateMachineTaskThread-/0.0.0.0:15055-0 ] INFO  volume.StorageVolumeChecker (StorageVolumeChecker.java:checkAllVolumes(218)) - Scheduled health check for volume /home/runner/work/ozone/ozone/hadoop-ozone/integration-test/target/test-dir/MiniOzoneClusterImpl-0353e991-6c3e-4832-95ff-5850d237b4c9/ozone-meta/datanode-5/ratis
2024-06-12 17:08:00,161 [69f17eae-5f6b-470f-8112-c08e963e2abc-EndpointStateMachineTaskThread-/0.0.0.0:15055-0 ] INFO  ozoneimpl.OzoneContainer (OzoneContainer.java:start(459)) - Attempting to start container services.
2024-06-12 17:08:00,161 [69f17eae-5f6b-470f-8112-c08e963e2abc-EndpointStateMachineTaskThread-/0.0.0.0:15055-0 ] WARN  ozoneimpl.OnDemandContainerDataScanner (OnDemandContainerDataScanner.java:init(75)) - Trying to initialize on demand scanner a second time on a datanode.
2024-06-12 17:08:00,161 [ContainerMetadataScanner] INFO  ozoneimpl.AbstractBackgroundContainerScanner (AbstractBackgroundContainerScanner.java:runIteration(87)) - Completed an iteration in 0 minutes. Number of iterations (since the data-node restart) : 1, Number of containers scanned in this iteration : 0, Number of unhealthy containers found in this iteration : 0
2024-06-12 17:08:00,162 [ContainerDataScanner(/home/runner/work/ozone/ozone/hadoop-ozone/integration-test/target/test-dir/MiniOzoneClusterImpl-0353e991-6c3e-4832-95ff-5850d237b4c9/ozone-meta/datanode-5/data-0/hdds)] INFO  ozoneimpl.AbstractBackgroundContainerScanner (AbstractBackgroundContainerScanner.java:runIteration(87)) - Completed an iteration in 0 minutes. Number of iterations (since the data-node restart) : 1, Number of containers scanned in this iteration : 0, Number of unhealthy containers found in this iteration : 0
2024-06-12 17:08:00,162 [69f17eae-5f6b-470f-8112-c08e963e2abc-EndpointStateMachineTaskThread-/0.0.0.0:15055-0 ] INFO  replication.ReplicationServer (ReplicationServer.java:start(142)) - ReplicationServer is started using port 15105
2024-06-12 17:08:00,162 [69f17eae-5f6b-470f-8112-c08e963e2abc-EndpointStateMachineTaskThread-/0.0.0.0:15055-0 ] INFO  ratis.XceiverServerRatis (XceiverServerRatis.java:start(566)) - Starting XceiverServerRatis 69f17eae-5f6b-470f-8112-c08e963e2abc
2024-06-12 17:08:00,162 [69f17eae-5f6b-470f-8112-c08e963e2abc-EndpointStateMachineTaskThread-/0.0.0.0:15055-0 ] INFO  server.RaftServer (RaftServerProxy.java:startImpl(406)) - 69f17eae-5f6b-470f-8112-c08e963e2abc: start RPC server
2024-06-12 17:08:00,163 [69f17eae-5f6b-470f-8112-c08e963e2abc-EndpointStateMachineTaskThread-/0.0.0.0:15055-0 ] INFO  server.GrpcService (GrpcService.java:startImpl(302)) - 69f17eae-5f6b-470f-8112-c08e963e2abc: GrpcService started, listening on 15101
2024-06-12 17:08:00,163 [69f17eae-5f6b-470f-8112-c08e963e2abc-EndpointStateMachineTaskThread-/0.0.0.0:15055-0 ] INFO  server.GrpcService (GrpcService.java:startImpl(302)) - 69f17eae-5f6b-470f-8112-c08e963e2abc: GrpcService started, listening on 15103
2024-06-12 17:08:00,163 [69f17eae-5f6b-470f-8112-c08e963e2abc-EndpointStateMachineTaskThread-/0.0.0.0:15055-0 ] INFO  server.GrpcService (GrpcService.java:startImpl(302)) - 69f17eae-5f6b-470f-8112-c08e963e2abc: GrpcService started, listening on 15102
2024-06-12 17:08:00,163 [69f17eae-5f6b-470f-8112-c08e963e2abc-EndpointStateMachineTaskThread-/0.0.0.0:15055-0 ] INFO  ratis.XceiverServerRatis (XceiverServerRatis.java:getRealPort(592)) - XceiverServerRatis 69f17eae-5f6b-470f-8112-c08e963e2abc is started using port 15101 for RATIS
2024-06-12 17:08:00,163 [69f17eae-5f6b-470f-8112-c08e963e2abc-EndpointStateMachineTaskThread-/0.0.0.0:15055-0 ] INFO  ratis.XceiverServerRatis (XceiverServerRatis.java:getRealPort(592)) - XceiverServerRatis 69f17eae-5f6b-470f-8112-c08e963e2abc is started using port 15102 for RATIS_ADMIN
2024-06-12 17:08:00,163 [69f17eae-5f6b-470f-8112-c08e963e2abc-EndpointStateMachineTaskThread-/0.0.0.0:15055-0 ] INFO  ratis.XceiverServerRatis (XceiverServerRatis.java:getRealPort(592)) - XceiverServerRatis 69f17eae-5f6b-470f-8112-c08e963e2abc is started using port 15103 for RATIS_SERVER
2024-06-12 17:08:00,164 [69f17eae-5f6b-470f-8112-c08e963e2abc-EndpointStateMachineTaskThread-/0.0.0.0:15055-0 ] INFO  ratis.XceiverServerRatis (XceiverServerRatis.java:getRealPort(592)) - XceiverServerRatis 69f17eae-5f6b-470f-8112-c08e963e2abc is started using port 15104 for RATIS_DATASTREAM
2024-06-12 17:08:00,163 [JvmPauseMonitor13] INFO  util.JvmPauseMonitor (JvmPauseMonitor.java:run(146)) - JvmPauseMonitor-69f17eae-5f6b-470f-8112-c08e963e2abc: Started
2024-06-12 17:08:00,165 [69f17eae-5f6b-470f-8112-c08e963e2abc-BlockDeletingService#0] INFO  interfaces.ContainerDeletionChoosingPolicyTemplate (ContainerDeletionChoosingPolicyTemplate.java:chooseContainerForBlockDeletion(85)) - Chosen 0/5000 blocks from 0 candidate containers.
2024-06-12 17:08:01,134 [main] INFO  ozone.MiniOzoneClusterImpl (MiniOzoneClusterImpl.java:lambda$waitForClusterToBeReady$0(194)) - Waiting for nodes to be ready. Got 0 of 5 DN Heartbeats.
2024-06-12 17:08:01,135 [main] INFO  ozone.MiniOzoneClusterImpl (MiniOzoneClusterImpl.java:lambda$waitForClusterToBeReady$0(197)) - Waiting for cluster to exit safe mode
2024-06-12 17:08:01,135 [main] INFO  ozone.MiniOzoneClusterImpl (MiniOzoneClusterImpl.java:lambda$waitForClusterToBeReady$0(199)) - SCM became leader
2024-06-12 17:08:01,872 [IPC Server handler 2 on default port 15055] INFO  net.NetworkTopologyImpl (NetworkTopologyImpl.java:add(134)) - Added a new node: /default-rack/691380cd-fa1e-45b9-9936-538793566ee4
2024-06-12 17:08:01,872 [IPC Server handler 2 on default port 15055] INFO  node.SCMNodeManager (SCMNodeManager.java:register(421)) - Registered datanode: 691380cd-fa1e-45b9-9936-538793566ee4{ip: 127.0.0.1, host: localhost, ports: [HTTP=15062, CLIENT_RPC=15063, REPLICATION=15069, RATIS=15065, RATIS_ADMIN=15066, RATIS_SERVER=15067, RATIS_DATASTREAM=15068, STANDALONE=15064], networkLocation: /default-rack, certSerialId: null, persistedOpState: null, persistedOpStateExpiryEpochSec: 0}
2024-06-12 17:08:01,872 [EventQueue-NewNodeForNewNodeHandler] INFO  pipeline.BackgroundPipelineCreator (BackgroundPipelineCreator.java:notifyEventTriggered(280)) - trigger a one-shot run on RatisPipelineUtilsThread.
2024-06-12 17:08:01,873 [EventQueue-NodeRegistrationContainerReportForDataNodeSafeModeRule] INFO  safemode.SCMSafeModeManager (DataNodeSafeModeRule.java:process(71)) - SCM in safe mode. 1 DataNodes registered, 3 required.
2024-06-12 17:08:01,873 [EventQueue-NodeRegistrationContainerReportForContainerSafeModeRule] INFO  safemode.SCMSafeModeManager (SCMSafeModeManager.java:validateSafeModeExitRules(203)) - ContainerSafeModeRule rule is successfully validated
2024-06-12 17:08:01,873 [EventQueue-PipelineReportForOneReplicaPipelineSafeModeRule] INFO  safemode.SCMSafeModeManager (SCMSafeModeManager.java:validateSafeModeExitRules(203)) - AtleastOneDatanodeReportedRule rule is successfully validated
2024-06-12 17:08:01,874 [RatisPipelineUtilsThread-0] INFO  pipeline.RatisPipelineProvider (RatisPipelineProvider.java:lambda$create$0(205)) - Sending CreatePipelineCommand for pipeline:PipelineID=13764b87-4ec0-4bdd-b29c-72129660a1fb to datanode:691380cd-fa1e-45b9-9936-538793566ee4
2024-06-12 17:08:01,874 [RatisPipelineUtilsThread-0] INFO  pipeline.BackgroundPipelineCreator (BackgroundPipelineCreator.java:createPipelines(236)) - Created new pipeline Pipeline[ Id: 13764b87-4ec0-4bdd-b29c-72129660a1fb, Nodes: 691380cd-fa1e-45b9-9936-538793566ee4(localhost/127.0.0.1), ReplicationConfig: RATIS/ONE, State:ALLOCATED, leaderId:, CreationTimestamp2024-06-12T17:08:01.874042289Z[Etc/UTC]]
2024-06-12 17:08:01,924 [IPC Server handler 4 on default port 15055] INFO  net.NetworkTopologyImpl (NetworkTopologyImpl.java:add(134)) - Added a new node: /default-rack/f3fc0661-daf3-46cc-b6b9-cf28bd2102cf
2024-06-12 17:08:01,924 [IPC Server handler 4 on default port 15055] INFO  node.SCMNodeManager (SCMNodeManager.java:register(421)) - Registered datanode: f3fc0661-daf3-46cc-b6b9-cf28bd2102cf{ip: 127.0.0.1, host: localhost, ports: [HTTP=15071, CLIENT_RPC=15072, REPLICATION=15078, RATIS=15074, RATIS_ADMIN=15075, RATIS_SERVER=15076, RATIS_DATASTREAM=15077, STANDALONE=15073], networkLocation: /default-rack, certSerialId: null, persistedOpState: null, persistedOpStateExpiryEpochSec: 0}
2024-06-12 17:08:01,925 [EventQueue-NewNodeForNewNodeHandler] INFO  pipeline.BackgroundPipelineCreator (BackgroundPipelineCreator.java:notifyEventTriggered(280)) - trigger a one-shot run on RatisPipelineUtilsThread.
2024-06-12 17:08:01,925 [RatisPipelineUtilsThread-0] INFO  pipeline.RatisPipelineProvider (RatisPipelineProvider.java:lambda$create$0(205)) - Sending CreatePipelineCommand for pipeline:PipelineID=ac4c3a91-9475-4321-90e9-78a54fa7d8d8 to datanode:f3fc0661-daf3-46cc-b6b9-cf28bd2102cf
2024-06-12 17:08:01,925 [EventQueue-NodeRegistrationContainerReportForDataNodeSafeModeRule] INFO  safemode.SCMSafeModeManager (DataNodeSafeModeRule.java:process(71)) - SCM in safe mode. 2 DataNodes registered, 3 required.
2024-06-12 17:08:01,926 [RatisPipelineUtilsThread-0] INFO  pipeline.BackgroundPipelineCreator (BackgroundPipelineCreator.java:createPipelines(236)) - Created new pipeline Pipeline[ Id: ac4c3a91-9475-4321-90e9-78a54fa7d8d8, Nodes: f3fc0661-daf3-46cc-b6b9-cf28bd2102cf(localhost/127.0.0.1), ReplicationConfig: RATIS/ONE, State:ALLOCATED, leaderId:, CreationTimestamp2024-06-12T17:08:01.925605717Z[Etc/UTC]]
2024-06-12 17:08:01,995 [IPC Server handler 3 on default port 15055] INFO  net.NetworkTopologyImpl (NetworkTopologyImpl.java:add(134)) - Added a new node: /default-rack/92e0ccad-9c5a-447b-b545-333a3cb7e193
2024-06-12 17:08:01,995 [IPC Server handler 3 on default port 15055] INFO  node.SCMNodeManager (SCMNodeManager.java:register(421)) - Registered datanode: 92e0ccad-9c5a-447b-b545-333a3cb7e193{ip: 127.0.0.1, host: localhost, ports: [HTTP=15080, CLIENT_RPC=15081, REPLICATION=15087, RATIS=15083, RATIS_ADMIN=15084, RATIS_SERVER=15085, RATIS_DATASTREAM=15086, STANDALONE=15082], networkLocation: /default-rack, certSerialId: null, persistedOpState: null, persistedOpStateExpiryEpochSec: 0}
2024-06-12 17:08:01,996 [EventQueue-NewNodeForNewNodeHandler] INFO  pipeline.BackgroundPipelineCreator (BackgroundPipelineCreator.java:notifyEventTriggered(280)) - trigger a one-shot run on RatisPipelineUtilsThread.
2024-06-12 17:08:01,996 [EventQueue-NodeRegistrationContainerReportForDataNodeSafeModeRule] INFO  safemode.SCMSafeModeManager (DataNodeSafeModeRule.java:process(71)) - SCM in safe mode. 3 DataNodes registered, 3 required.
2024-06-12 17:08:01,996 [EventQueue-NodeRegistrationContainerReportForDataNodeSafeModeRule] INFO  safemode.SCMSafeModeManager (SCMSafeModeManager.java:validateSafeModeExitRules(203)) - DataNodeSafeModeRule rule is successfully validated
2024-06-12 17:08:01,996 [EventQueue-NodeRegistrationContainerReportForDataNodeSafeModeRule] INFO  safemode.SCMSafeModeManager (SCMSafeModeManager.java:completePreCheck(232)) - All SCM safe mode pre check rules have passed
2024-06-12 17:08:01,996 [EventQueue-NodeRegistrationContainerReportForDataNodeSafeModeRule] INFO  ha.SCMContext (SCMContext.java:updateSafeModeStatus(225)) - Update SafeModeStatus from SafeModeStatus{safeModeStatus=true, preCheckPassed=false} to SafeModeStatus{safeModeStatus=true, preCheckPassed=true}.
2024-06-12 17:08:01,996 [EventQueue-NodeRegistrationContainerReportForDataNodeSafeModeRule] INFO  pipeline.BackgroundPipelineCreator (BackgroundPipelineCreator.java:notifyEventTriggered(280)) - trigger a one-shot run on RatisPipelineUtilsThread.
2024-06-12 17:08:01,996 [RatisPipelineUtilsThread-0] INFO  pipeline.RatisPipelineProvider (RatisPipelineProvider.java:lambda$create$0(205)) - Sending CreatePipelineCommand for pipeline:PipelineID=d0d87f1c-e118-4c1b-bb4d-14248575d398 to datanode:92e0ccad-9c5a-447b-b545-333a3cb7e193
2024-06-12 17:08:01,997 [RatisPipelineUtilsThread-0] INFO  pipeline.BackgroundPipelineCreator (BackgroundPipelineCreator.java:createPipelines(236)) - Created new pipeline Pipeline[ Id: d0d87f1c-e118-4c1b-bb4d-14248575d398, Nodes: 92e0ccad-9c5a-447b-b545-333a3cb7e193(localhost/127.0.0.1), ReplicationConfig: RATIS/ONE, State:ALLOCATED, leaderId:, CreationTimestamp2024-06-12T17:08:01.996743337Z[Etc/UTC]]
2024-06-12 17:08:01,998 [RatisPipelineUtilsThread-0] INFO  pipeline.RatisPipelineProvider (RatisPipelineProvider.java:lambda$create$0(205)) - Sending CreatePipelineCommand for pipeline:PipelineID=17d09cab-d0cf-4e70-b251-16f1e0710b8c to datanode:f3fc0661-daf3-46cc-b6b9-cf28bd2102cf
2024-06-12 17:08:01,998 [RatisPipelineUtilsThread-0] INFO  pipeline.RatisPipelineProvider (RatisPipelineProvider.java:lambda$create$0(205)) - Sending CreatePipelineCommand for pipeline:PipelineID=17d09cab-d0cf-4e70-b251-16f1e0710b8c to datanode:92e0ccad-9c5a-447b-b545-333a3cb7e193
2024-06-12 17:08:01,998 [RatisPipelineUtilsThread-0] INFO  pipeline.RatisPipelineProvider (RatisPipelineProvider.java:lambda$create$0(205)) - Sending CreatePipelineCommand for pipeline:PipelineID=17d09cab-d0cf-4e70-b251-16f1e0710b8c to datanode:691380cd-fa1e-45b9-9936-538793566ee4
2024-06-12 17:08:01,998 [RatisPipelineUtilsThread-0] INFO  pipeline.BackgroundPipelineCreator (BackgroundPipelineCreator.java:createPipelines(236)) - Created new pipeline Pipeline[ Id: 17d09cab-d0cf-4e70-b251-16f1e0710b8c, Nodes: f3fc0661-daf3-46cc-b6b9-cf28bd2102cf(localhost/127.0.0.1)92e0ccad-9c5a-447b-b545-333a3cb7e193(localhost/127.0.0.1)691380cd-fa1e-45b9-9936-538793566ee4(localhost/127.0.0.1), ReplicationConfig: RATIS/THREE, State:ALLOCATED, leaderId:, CreationTimestamp2024-06-12T17:08:01.997989516Z[Etc/UTC]]
2024-06-12 17:08:01,999 [RatisPipelineUtilsThread-0] INFO  pipeline.RatisPipelineProvider (RatisPipelineProvider.java:lambda$create$0(205)) - Sending CreatePipelineCommand for pipeline:PipelineID=ca4914a1-8eb5-4970-ac5d-06c4850d5be6 to datanode:92e0ccad-9c5a-447b-b545-333a3cb7e193
2024-06-12 17:08:01,999 [RatisPipelineUtilsThread-0] INFO  pipeline.RatisPipelineProvider (RatisPipelineProvider.java:lambda$create$0(205)) - Sending CreatePipelineCommand for pipeline:PipelineID=ca4914a1-8eb5-4970-ac5d-06c4850d5be6 to datanode:691380cd-fa1e-45b9-9936-538793566ee4
2024-06-12 17:08:01,999 [RatisPipelineUtilsThread-0] INFO  pipeline.RatisPipelineProvider (RatisPipelineProvider.java:lambda$create$0(205)) - Sending CreatePipelineCommand for pipeline:PipelineID=ca4914a1-8eb5-4970-ac5d-06c4850d5be6 to datanode:f3fc0661-daf3-46cc-b6b9-cf28bd2102cf
2024-06-12 17:08:02,000 [RatisPipelineUtilsThread-0] INFO  pipeline.PipelineManagerImpl (PipelineManagerImpl.java:recordMetricsForPipeline(916)) - Pipeline: PipelineID=ca4914a1-8eb5-4970-ac5d-06c4850d5be6 contains same datanodes as previous pipelines: PipelineID=17d09cab-d0cf-4e70-b251-16f1e0710b8c nodeIds: 92e0ccad-9c5a-447b-b545-333a3cb7e193, 691380cd-fa1e-45b9-9936-538793566ee4, f3fc0661-daf3-46cc-b6b9-cf28bd2102cf
2024-06-12 17:08:02,000 [RatisPipelineUtilsThread-0] INFO  pipeline.BackgroundPipelineCreator (BackgroundPipelineCreator.java:createPipelines(236)) - Created new pipeline Pipeline[ Id: ca4914a1-8eb5-4970-ac5d-06c4850d5be6, Nodes: 92e0ccad-9c5a-447b-b545-333a3cb7e193(localhost/127.0.0.1)691380cd-fa1e-45b9-9936-538793566ee4(localhost/127.0.0.1)f3fc0661-daf3-46cc-b6b9-cf28bd2102cf(localhost/127.0.0.1), ReplicationConfig: RATIS/THREE, State:ALLOCATED, leaderId:, CreationTimestamp2024-06-12T17:08:01.999768795Z[Etc/UTC]]
2024-06-12 17:08:02,001 [RatisPipelineUtilsThread-0] INFO  pipeline.RatisPipelineProvider (RatisPipelineProvider.java:lambda$create$0(205)) - Sending CreatePipelineCommand for pipeline:PipelineID=738ccdf1-229f-4656-88f2-8db8e933025c to datanode:691380cd-fa1e-45b9-9936-538793566ee4
2024-06-12 17:08:02,001 [RatisPipelineUtilsThread-0] INFO  pipeline.RatisPipelineProvider (RatisPipelineProvider.java:lambda$create$0(205)) - Sending CreatePipelineCommand for pipeline:PipelineID=738ccdf1-229f-4656-88f2-8db8e933025c to datanode:92e0ccad-9c5a-447b-b545-333a3cb7e193
2024-06-12 17:08:02,001 [RatisPipelineUtilsThread-0] INFO  pipeline.RatisPipelineProvider (RatisPipelineProvider.java:lambda$create$0(205)) - Sending CreatePipelineCommand for pipeline:PipelineID=738ccdf1-229f-4656-88f2-8db8e933025c to datanode:f3fc0661-daf3-46cc-b6b9-cf28bd2102cf
2024-06-12 17:08:02,002 [RatisPipelineUtilsThread-0] INFO  pipeline.PipelineManagerImpl (PipelineManagerImpl.java:recordMetricsForPipeline(916)) - Pipeline: PipelineID=738ccdf1-229f-4656-88f2-8db8e933025c contains same datanodes as previous pipelines: PipelineID=17d09cab-d0cf-4e70-b251-16f1e0710b8c nodeIds: 691380cd-fa1e-45b9-9936-538793566ee4, 92e0ccad-9c5a-447b-b545-333a3cb7e193, f3fc0661-daf3-46cc-b6b9-cf28bd2102cf
2024-06-12 17:08:02,002 [RatisPipelineUtilsThread-0] INFO  pipeline.PipelineManagerImpl (PipelineManagerImpl.java:recordMetricsForPipeline(916)) - Pipeline: PipelineID=738ccdf1-229f-4656-88f2-8db8e933025c contains same datanodes as previous pipelines: PipelineID=ca4914a1-8eb5-4970-ac5d-06c4850d5be6 nodeIds: 691380cd-fa1e-45b9-9936-538793566ee4, 92e0ccad-9c5a-447b-b545-333a3cb7e193, f3fc0661-daf3-46cc-b6b9-cf28bd2102cf
2024-06-12 17:08:02,002 [RatisPipelineUtilsThread-0] INFO  pipeline.BackgroundPipelineCreator (BackgroundPipelineCreator.java:createPipelines(236)) - Created new pipeline Pipeline[ Id: 738ccdf1-229f-4656-88f2-8db8e933025c, Nodes: 691380cd-fa1e-45b9-9936-538793566ee4(localhost/127.0.0.1)92e0ccad-9c5a-447b-b545-333a3cb7e193(localhost/127.0.0.1)f3fc0661-daf3-46cc-b6b9-cf28bd2102cf(localhost/127.0.0.1), ReplicationConfig: RATIS/THREE, State:ALLOCATED, leaderId:, CreationTimestamp2024-06-12T17:08:02.001170226Z[Etc/UTC]]
2024-06-12 17:08:02,052 [IPC Server handler 0 on default port 15055] INFO  net.NetworkTopologyImpl (NetworkTopologyImpl.java:add(134)) - Added a new node: /default-rack/74620180-03cc-4c6e-ac63-d0b12e96fe58
2024-06-12 17:08:02,052 [IPC Server handler 0 on default port 15055] INFO  node.SCMNodeManager (SCMNodeManager.java:register(421)) - Registered datanode: 74620180-03cc-4c6e-ac63-d0b12e96fe58{ip: 127.0.0.1, host: localhost, ports: [HTTP=15089, CLIENT_RPC=15090, REPLICATION=15096, RATIS=15092, RATIS_ADMIN=15093, RATIS_SERVER=15094, RATIS_DATASTREAM=15095, STANDALONE=15091], networkLocation: /default-rack, certSerialId: null, persistedOpState: null, persistedOpStateExpiryEpochSec: 0}
2024-06-12 17:08:02,052 [EventQueue-NewNodeForNewNodeHandler] INFO  pipeline.BackgroundPipelineCreator (BackgroundPipelineCreator.java:notifyEventTriggered(280)) - trigger a one-shot run on RatisPipelineUtilsThread.
2024-06-12 17:08:02,053 [RatisPipelineUtilsThread-0] INFO  pipeline.RatisPipelineProvider (RatisPipelineProvider.java:lambda$create$0(205)) - Sending CreatePipelineCommand for pipeline:PipelineID=a0d514eb-4f98-4aeb-8738-25da7408936a to datanode:74620180-03cc-4c6e-ac63-d0b12e96fe58
2024-06-12 17:08:02,054 [RatisPipelineUtilsThread-0] INFO  pipeline.BackgroundPipelineCreator (BackgroundPipelineCreator.java:createPipelines(236)) - Created new pipeline Pipeline[ Id: a0d514eb-4f98-4aeb-8738-25da7408936a, Nodes: 74620180-03cc-4c6e-ac63-d0b12e96fe58(localhost/127.0.0.1), ReplicationConfig: RATIS/ONE, State:ALLOCATED, leaderId:, CreationTimestamp2024-06-12T17:08:02.053207974Z[Etc/UTC]]
2024-06-12 17:08:02,135 [IPC Server handler 1 on default port 15055] INFO  net.NetworkTopologyImpl (NetworkTopologyImpl.java:add(134)) - Added a new node: /default-rack/69f17eae-5f6b-470f-8112-c08e963e2abc
2024-06-12 17:08:02,135 [main] INFO  ozone.MiniOzoneClusterImpl (MiniOzoneClusterImpl.java:lambda$waitForClusterToBeReady$0(194)) - Waiting for nodes to be ready. Got 4 of 5 DN Heartbeats.
2024-06-12 17:08:02,135 [main] INFO  ozone.MiniOzoneClusterImpl (MiniOzoneClusterImpl.java:lambda$waitForClusterToBeReady$0(197)) - Waiting for cluster to exit safe mode
2024-06-12 17:08:02,135 [main] INFO  ozone.MiniOzoneClusterImpl (MiniOzoneClusterImpl.java:lambda$waitForClusterToBeReady$0(199)) - SCM became leader
2024-06-12 17:08:02,135 [IPC Server handler 1 on default port 15055] INFO  node.SCMNodeManager (SCMNodeManager.java:register(421)) - Registered datanode: 69f17eae-5f6b-470f-8112-c08e963e2abc{ip: 127.0.0.1, host: localhost, ports: [HTTP=15098, CLIENT_RPC=15099, REPLICATION=15105, RATIS=15101, RATIS_ADMIN=15102, RATIS_SERVER=15103, RATIS_DATASTREAM=15104, STANDALONE=15100], networkLocation: /default-rack, certSerialId: null, persistedOpState: null, persistedOpStateExpiryEpochSec: 0}
2024-06-12 17:08:02,136 [EventQueue-NewNodeForNewNodeHandler] INFO  pipeline.BackgroundPipelineCreator (BackgroundPipelineCreator.java:notifyEventTriggered(280)) - trigger a one-shot run on RatisPipelineUtilsThread.
2024-06-12 17:08:02,136 [RatisPipelineUtilsThread-0] INFO  pipeline.RatisPipelineProvider (RatisPipelineProvider.java:lambda$create$0(205)) - Sending CreatePipelineCommand for pipeline:PipelineID=e8719392-44d4-44bd-87b9-2ac76c1d414f to datanode:69f17eae-5f6b-470f-8112-c08e963e2abc
2024-06-12 17:08:02,137 [RatisPipelineUtilsThread-0] INFO  pipeline.BackgroundPipelineCreator (BackgroundPipelineCreator.java:createPipelines(236)) - Created new pipeline Pipeline[ Id: e8719392-44d4-44bd-87b9-2ac76c1d414f, Nodes: 69f17eae-5f6b-470f-8112-c08e963e2abc(localhost/127.0.0.1), ReplicationConfig: RATIS/ONE, State:ALLOCATED, leaderId:, CreationTimestamp2024-06-12T17:08:02.136834515Z[Etc/UTC]]
2024-06-12 17:08:03,136 [main] INFO  ozone.MiniOzoneClusterImpl (MiniOzoneClusterImpl.java:lambda$waitForClusterToBeReady$0(194)) - Nodes are ready. Got 5 of 5 DN Heartbeats.
2024-06-12 17:08:03,136 [main] INFO  ozone.MiniOzoneClusterImpl (MiniOzoneClusterImpl.java:lambda$waitForClusterToBeReady$0(197)) - Waiting for cluster to exit safe mode
2024-06-12 17:08:03,136 [main] INFO  ozone.MiniOzoneClusterImpl (MiniOzoneClusterImpl.java:lambda$waitForClusterToBeReady$0(199)) - SCM became leader
2024-06-12 17:08:04,136 [main] INFO  ozone.MiniOzoneClusterImpl (MiniOzoneClusterImpl.java:lambda$waitForClusterToBeReady$0(194)) - Nodes are ready. Got 5 of 5 DN Heartbeats.
2024-06-12 17:08:04,137 [main] INFO  ozone.MiniOzoneClusterImpl (MiniOzoneClusterImpl.java:lambda$waitForClusterToBeReady$0(197)) - Waiting for cluster to exit safe mode
2024-06-12 17:08:04,137 [main] INFO  ozone.MiniOzoneClusterImpl (MiniOzoneClusterImpl.java:lambda$waitForClusterToBeReady$0(199)) - SCM became leader
2024-06-12 17:08:04,871 [691380cd-fa1e-45b9-9936-538793566ee4-PipelineCommandHandlerThread-0] INFO  server.RaftServer (RaftServerProxy.java:addNew(100)) - 691380cd-fa1e-45b9-9936-538793566ee4: addNew group-72129660A1FB:[691380cd-fa1e-45b9-9936-538793566ee4|127.0.0.1:15067] returns group-72129660A1FB:java.util.concurrent.CompletableFuture@32b51f89[Not completed]
2024-06-12 17:08:04,872 [691380cd-fa1e-45b9-9936-538793566ee4-groupManagement] INFO  server.RaftServer$Division (RaftServerImpl.java:<init>(256)) - 691380cd-fa1e-45b9-9936-538793566ee4: new RaftServerImpl for group-72129660A1FB:[691380cd-fa1e-45b9-9936-538793566ee4|127.0.0.1:15067] with ContainerStateMachine:uninitialized
2024-06-12 17:08:04,872 [691380cd-fa1e-45b9-9936-538793566ee4-groupManagement] INFO  server.RaftServerConfigKeys (ConfUtils.java:logGet(46)) - raft.server.rpc.timeout.min = 5s (custom)
2024-06-12 17:08:04,872 [691380cd-fa1e-45b9-9936-538793566ee4-groupManagement] INFO  server.RaftServerConfigKeys (ConfUtils.java:logGet(46)) - raft.server.rpc.timeout.max = 5200ms (custom)
2024-06-12 17:08:04,872 [691380cd-fa1e-45b9-9936-538793566ee4-groupManagement] INFO  server.RaftServerConfigKeys (ConfUtils.java:logGet(46)) - raft.server.rpc.sleep.time = 25ms (default)
2024-06-12 17:08:04,872 [691380cd-fa1e-45b9-9936-538793566ee4-groupManagement] INFO  server.RaftServerConfigKeys (ConfUtils.java:logGet(46)) - raft.server.rpc.slowness.timeout = 300000ms (custom)
2024-06-12 17:08:04,872 [691380cd-fa1e-45b9-9936-538793566ee4-groupManagement] INFO  server.RaftServerConfigKeys (ConfUtils.java:logGet(46)) - raft.server.leaderelection.leader.step-down.wait-time = 10s (default)
2024-06-12 17:08:04,872 [691380cd-fa1e-45b9-9936-538793566ee4-groupManagement] INFO  server.RaftServerConfigKeys (ConfUtils.java:logGet(46)) - raft.server.leaderelection.member.majority-add = false (default)
2024-06-12 17:08:04,873 [691380cd-fa1e-45b9-9936-538793566ee4-groupManagement] INFO  server.RaftServerConfigKeys (ConfUtils.java:logGet(46)) - raft.server.sleep.deviation.threshold = 300ms (default)
2024-06-12 17:08:04,873 [691380cd-fa1e-45b9-9936-538793566ee4-groupManagement] INFO  server.RaftServer$Division (ServerState.java:<init>(113)) - 691380cd-fa1e-45b9-9936-538793566ee4@group-72129660A1FB: ConfigurationManager, init=-1: peers:[691380cd-fa1e-45b9-9936-538793566ee4|127.0.0.1:15067]|listeners:[], old=null, confs=<EMPTY_MAP>
2024-06-12 17:08:04,873 [691380cd-fa1e-45b9-9936-538793566ee4-groupManagement] INFO  server.RaftServerConfigKeys (ConfUtils.java:logGet(46)) - raft.server.notification.no-leader.timeout = 300000ms (custom)
2024-06-12 17:08:04,873 [691380cd-fa1e-45b9-9936-538793566ee4-groupManagement] INFO  server.RaftServerConfigKeys (ConfUtils.java:logGet(46)) - raft.server.read.timeout = 10s (default)
2024-06-12 17:08:04,873 [691380cd-fa1e-45b9-9936-538793566ee4-groupManagement] INFO  server.RaftServerConfigKeys (ConfUtils.java:logGet(46)) - raft.server.retrycache.expirytime = 600000ms (custom)
2024-06-12 17:08:04,873 [691380cd-fa1e-45b9-9936-538793566ee4-groupManagement] INFO  server.RaftServerConfigKeys (ConfUtils.java:logGet(46)) - raft.server.retrycache.statistics.expirytime = 100ms (default)
2024-06-12 17:08:04,873 [691380cd-fa1e-45b9-9936-538793566ee4-groupManagement] INFO  server.RaftServerConfigKeys (ConfUtils.java:logGet(46)) - raft.server.read.option = DEFAULT (default)
2024-06-12 17:08:04,873 [691380cd-fa1e-45b9-9936-538793566ee4-groupManagement] INFO  server.RaftServerConfigKeys (ConfUtils.java:logGet(46)) - raft.server.read.read-after-write-consistent.write-index-cache.expiry-time = 60s (default)
2024-06-12 17:08:04,875 [691380cd-fa1e-45b9-9936-538793566ee4-groupManagement] INFO  server.RaftServerConfigKeys (ConfUtils.java:logGet(46)) - raft.server.rpc.request.timeout = 3000ms (default)
2024-06-12 17:08:04,875 [691380cd-fa1e-45b9-9936-538793566ee4-groupManagement] INFO  server.RaftServerConfigKeys (ConfUtils.java:logGet(46)) - raft.server.log.appender.install.snapshot.enabled = false (custom)
2024-06-12 17:08:04,875 [691380cd-fa1e-45b9-9936-538793566ee4-groupManagement] INFO  server.RaftServerConfigKeys (ConfUtils.java:logGet(46)) - raft.server.threadpool.server.cached = true (default)
2024-06-12 17:08:04,875 [691380cd-fa1e-45b9-9936-538793566ee4-groupManagement] INFO  server.RaftServerConfigKeys (ConfUtils.java:logGet(46)) - raft.server.threadpool.server.size = 0 (default)
2024-06-12 17:08:04,875 [691380cd-fa1e-45b9-9936-538793566ee4-groupManagement] INFO  server.RaftServerConfigKeys (ConfUtils.java:logGet(46)) - raft.server.threadpool.client.cached = true (default)
2024-06-12 17:08:04,875 [691380cd-fa1e-45b9-9936-538793566ee4-groupManagement] INFO  server.RaftServerConfigKeys (ConfUtils.java:logGet(46)) - raft.server.threadpool.client.size = 0 (default)
2024-06-12 17:08:04,875 [691380cd-fa1e-45b9-9936-538793566ee4-groupManagement] INFO  server.RaftServerConfigKeys (ConfUtils.java:logGet(46)) - raft.server.storage.free-space.min = 0MB (=0) (default)
2024-06-12 17:08:04,875 [691380cd-fa1e-45b9-9936-538793566ee4-groupManagement] INFO  server.RaftServerConfigKeys (ConfUtils.java:logGet(46)) - raft.server.log.corruption.policy = EXCEPTION (default)
2024-06-12 17:08:04,875 [691380cd-fa1e-45b9-9936-538793566ee4-groupManagement] INFO  server.RaftServerConfigKeys (ConfUtils.java:logGet(46)) - raft.server.storage.dir = [/home/runner/work/ozone/ozone/hadoop-ozone/integration-test/target/test-dir/MiniOzoneClusterImpl-0353e991-6c3e-4832-95ff-5850d237b4c9/ozone-meta/datanode-1/ratis] (custom)
2024-06-12 17:08:04,875 [691380cd-fa1e-45b9-9936-538793566ee4-groupManagement] INFO  storage.RaftStorageDirectory (RaftStorageDirectoryImpl.java:analyzeStorage(138)) - The storage directory /home/runner/work/ozone/ozone/hadoop-ozone/integration-test/target/test-dir/MiniOzoneClusterImpl-0353e991-6c3e-4832-95ff-5850d237b4c9/ozone-meta/datanode-1/ratis/13764b87-4ec0-4bdd-b29c-72129660a1fb does not exist. Creating ...
2024-06-12 17:08:04,876 [691380cd-fa1e-45b9-9936-538793566ee4-groupManagement] INFO  storage.RaftStorageDirectory (RaftStorageDirectoryImpl.java:tryLock(228)) - Lock on /home/runner/work/ozone/ozone/hadoop-ozone/integration-test/target/test-dir/MiniOzoneClusterImpl-0353e991-6c3e-4832-95ff-5850d237b4c9/ozone-meta/datanode-1/ratis/13764b87-4ec0-4bdd-b29c-72129660a1fb/in_use.lock acquired by nodename 9416@fv-az571-250
2024-06-12 17:08:04,877 [691380cd-fa1e-45b9-9936-538793566ee4-groupManagement] INFO  storage.RaftStorage (RaftStorageImpl.java:format(99)) - Storage directory /home/runner/work/ozone/ozone/hadoop-ozone/integration-test/target/test-dir/MiniOzoneClusterImpl-0353e991-6c3e-4832-95ff-5850d237b4c9/ozone-meta/datanode-1/ratis/13764b87-4ec0-4bdd-b29c-72129660a1fb has been successfully formatted.
2024-06-12 17:08:04,877 [691380cd-fa1e-45b9-9936-538793566ee4-groupManagement] WARN  util.FileUtils (LogUtils.java:supplyAndLog(63)) - Failed to Files.newInputStream /home/runner/work/ozone/ozone/hadoop-ozone/integration-test/target/test-dir/MiniOzoneClusterImpl-0353e991-6c3e-4832-95ff-5850d237b4c9/ozone-meta/datanode-1/ratis/13764b87-4ec0-4bdd-b29c-72129660a1fb/current/raft-meta.conf with options []: java.nio.file.NoSuchFileException: /home/runner/work/ozone/ozone/hadoop-ozone/integration-test/target/test-dir/MiniOzoneClusterImpl-0353e991-6c3e-4832-95ff-5850d237b4c9/ozone-meta/datanode-1/ratis/13764b87-4ec0-4bdd-b29c-72129660a1fb/current/raft-meta.conf
2024-06-12 17:08:04,878 [691380cd-fa1e-45b9-9936-538793566ee4-groupManagement] INFO  ratis.ContainerStateMachine (ContainerStateMachine.java:loadSnapshot(287)) - group-72129660A1FB: The snapshot info is null. Setting the last applied index to:(t:0, i:~)
2024-06-12 17:08:04,878 [691380cd-fa1e-45b9-9936-538793566ee4-groupManagement] INFO  server.RaftServerConfigKeys (ConfUtils.java:logGet(46)) - raft.server.log.use.memory = false (default)
2024-06-12 17:08:04,878 [691380cd-fa1e-45b9-9936-538793566ee4-groupManagement] INFO  server.RaftServerConfigKeys (ConfUtils.java:logGet(46)) - raft.server.log.purge.gap = 1000000 (custom)
2024-06-12 17:08:04,878 [691380cd-fa1e-45b9-9936-538793566ee4-groupManagement] INFO  server.RaftServerConfigKeys (ConfUtils.java:logGet(46)) - raft.server.log.appender.buffer.byte-limit = 8388608 (custom)
2024-06-12 17:08:04,878 [691380cd-fa1e-45b9-9936-538793566ee4-groupManagement] INFO  server.RaftServerConfigKeys (ConfUtils.java:logGet(46)) - raft.server.log.statemachine.data.read.timeout = 1000ms (default)
2024-06-12 17:08:04,878 [691380cd-fa1e-45b9-9936-538793566ee4-groupManagement] INFO  server.RaftServerConfigKeys (ConfUtils.java:logGet(46)) - raft.server.log.purge.preservation.log.num = 0 (default)
2024-06-12 17:08:04,879 [691380cd-fa1e-45b9-9936-538793566ee4-groupManagement] INFO  server.RaftServerConfigKeys (ConfUtils.java:logGet(46)) - raft.server.log.segment.size.max = 67108864 (custom)
2024-06-12 17:08:04,879 [691380cd-fa1e-45b9-9936-538793566ee4-groupManagement] INFO  server.RaftServerConfigKeys (ConfUtils.java:logGet(46)) - raft.server.log.segment.cache.num.max = 2 (custom)
2024-06-12 17:08:04,880 [691380cd-fa1e-45b9-9936-538793566ee4-groupManagement] INFO  server.RaftServerConfigKeys (ConfUtils.java:logGet(46)) - raft.server.log.segment.cache.size.max = 200MB (=209715200) (default)
2024-06-12 17:08:04,880 [691380cd-fa1e-45b9-9936-538793566ee4-groupManagement] INFO  server.RaftServerConfigKeys (ConfUtils.java:logGet(46)) - raft.server.log.appender.buffer.byte-limit = 8388608 (custom)
2024-06-12 17:08:04,880 [EventQueue-PipelineReportForPipelineReportHandler] INFO  pipeline.PipelineReportHandler (PipelineReportHandler.java:processPipelineReport(136)) - Opened pipeline PipelineID=13764b87-4ec0-4bdd-b29c-72129660a1fb
2024-06-12 17:08:04,880 [691380cd-fa1e-45b9-9936-538793566ee4-groupManagement] INFO  util.AwaitToRun (AwaitToRun.java:start(81)) - Thread[691380cd-fa1e-45b9-9936-538793566ee4@group-72129660A1FB-cacheEviction-AwaitToRun,5,main] started
2024-06-12 17:08:04,880 [691380cd-fa1e-45b9-9936-538793566ee4-groupManagement] INFO  segmented.SegmentedRaftLogWorker (SegmentedRaftLogWorker.java:<init>(182)) - new 691380cd-fa1e-45b9-9936-538793566ee4@group-72129660A1FB-SegmentedRaftLogWorker for RaftStorageImpl:Storage Directory /home/runner/work/ozone/ozone/hadoop-ozone/integration-test/target/test-dir/MiniOzoneClusterImpl-0353e991-6c3e-4832-95ff-5850d237b4c9/ozone-meta/datanode-1/ratis/13764b87-4ec0-4bdd-b29c-72129660a1fb
2024-06-12 17:08:04,880 [691380cd-fa1e-45b9-9936-538793566ee4-groupManagement] INFO  server.RaftServerConfigKeys (ConfUtils.java:logGet(46)) - raft.server.log.queue.byte-limit = 4294967296 (custom)
2024-06-12 17:08:04,880 [691380cd-fa1e-45b9-9936-538793566ee4-groupManagement] INFO  server.RaftServerConfigKeys (ConfUtils.java:logGet(46)) - raft.server.log.queue.element-limit = 1024 (custom)
2024-06-12 17:08:04,880 [691380cd-fa1e-45b9-9936-538793566ee4-groupManagement] INFO  server.RaftServerConfigKeys (ConfUtils.java:logGet(46)) - raft.server.log.segment.size.max = 67108864 (custom)
2024-06-12 17:08:04,880 [691380cd-fa1e-45b9-9936-538793566ee4-groupManagement] INFO  server.RaftServerConfigKeys (ConfUtils.java:logGet(46)) - raft.server.log.preallocated.size = 4194304 (custom)
2024-06-12 17:08:04,880 [691380cd-fa1e-45b9-9936-538793566ee4-groupManagement] INFO  server.RaftServerConfigKeys (ConfUtils.java:logGet(46)) - raft.server.log.force.sync.num = 128 (default)
2024-06-12 17:08:04,880 [691380cd-fa1e-45b9-9936-538793566ee4-groupManagement] INFO  server.RaftServerConfigKeys (ConfUtils.java:logGet(46)) - raft.server.log.statemachine.data.sync = true (default)
2024-06-12 17:08:04,880 [691380cd-fa1e-45b9-9936-538793566ee4-groupManagement] INFO  server.RaftServerConfigKeys (ConfUtils.java:logGet(46)) - raft.server.log.statemachine.data.sync.timeout = 10s (default)
2024-06-12 17:08:04,881 [691380cd-fa1e-45b9-9936-538793566ee4-groupManagement] INFO  server.RaftServerConfigKeys (ConfUtils.java:logGet(46)) - raft.server.log.statemachine.data.sync.timeout.retry = 30 (custom)
2024-06-12 17:08:04,881 [EventQueue-OpenPipelineForHealthyPipelineSafeModeRule] INFO  safemode.SCMSafeModeManager (HealthyPipelineSafeModeRule.java:process(140)) - SCM in safe mode. Healthy pipelines reported count is 0, required healthy pipeline reported count is 1
2024-06-12 17:08:04,881 [691380cd-fa1e-45b9-9936-538793566ee4-groupManagement] INFO  server.RaftServerConfigKeys (ConfUtils.java:logGet(46)) - raft.server.log.write.buffer.size = 8388616 (custom)
2024-06-12 17:08:04,883 [691380cd-fa1e-45b9-9936-538793566ee4-groupManagement] INFO  server.RaftServerConfigKeys (ConfUtils.java:logGet(46)) - raft.server.log.appender.buffer.byte-limit = 8388608 (custom)
2024-06-12 17:08:04,883 [691380cd-fa1e-45b9-9936-538793566ee4-groupManagement] INFO  server.RaftServerConfigKeys (ConfUtils.java:logGet(46)) - raft.server.log.unsafe-flush.enabled = false (default)
2024-06-12 17:08:04,883 [691380cd-fa1e-45b9-9936-538793566ee4-groupManagement] INFO  server.RaftServerConfigKeys (ConfUtils.java:logGet(46)) - raft.server.log.async-flush.enabled = false (default)
2024-06-12 17:08:04,883 [691380cd-fa1e-45b9-9936-538793566ee4-groupManagement] INFO  server.RaftServerConfigKeys (ConfUtils.java:logGet(46)) - raft.server.log.statemachine.data.caching.enabled = true (custom)
2024-06-12 17:08:04,884 [691380cd-fa1e-45b9-9936-538793566ee4-groupManagement] INFO  segmented.SegmentedRaftLogWorker (SegmentedRaftLogWorker.java:lambda$new$0(134)) - 691380cd-fa1e-45b9-9936-538793566ee4@group-72129660A1FB-SegmentedRaftLogWorker: flushIndex: setUnconditionally 0 -> -1
2024-06-12 17:08:04,884 [691380cd-fa1e-45b9-9936-538793566ee4-groupManagement] INFO  segmented.SegmentedRaftLogWorker (SegmentedRaftLogWorker.java:lambda$new$0(134)) - 691380cd-fa1e-45b9-9936-538793566ee4@group-72129660A1FB-SegmentedRaftLogWorker: safeCacheEvictIndex: setUnconditionally 0 -> -1
2024-06-12 17:08:04,884 [691380cd-fa1e-45b9-9936-538793566ee4-groupManagement] INFO  server.RaftServer$Division (RaftServerImpl.java:start(396)) - 691380cd-fa1e-45b9-9936-538793566ee4@group-72129660A1FB: start as a follower, conf=-1: peers:[691380cd-fa1e-45b9-9936-538793566ee4|127.0.0.1:15067]|listeners:[], old=null
2024-06-12 17:08:04,884 [691380cd-fa1e-45b9-9936-538793566ee4-groupManagement] INFO  server.RaftServer$Division (RaftServerImpl.java:setRole(383)) - 691380cd-fa1e-45b9-9936-538793566ee4@group-72129660A1FB: changes role from      null to FOLLOWER at term 0 for startAsFollower
2024-06-12 17:08:04,884 [691380cd-fa1e-45b9-9936-538793566ee4-groupManagement] INFO  impl.RoleInfo (RoleInfo.java:updateAndGet(139)) - 691380cd-fa1e-45b9-9936-538793566ee4: start 691380cd-fa1e-45b9-9936-538793566ee4@group-72129660A1FB-FollowerState
2024-06-12 17:08:04,884 [691380cd-fa1e-45b9-9936-538793566ee4-groupManagement] INFO  util.JmxRegister (JmxRegister.java:tryRegister(44)) - Successfully registered JMX Bean with object name Ratis:service=RaftServer,group=group-72129660A1FB,id=691380cd-fa1e-45b9-9936-538793566ee4
2024-06-12 17:08:04,884 [691380cd-fa1e-45b9-9936-538793566ee4-groupManagement] INFO  server.RaftServerConfigKeys (ConfUtils.java:logGet(46)) - raft.server.snapshot.trigger-when-stop.enabled = true (default)
2024-06-12 17:08:04,884 [691380cd-fa1e-45b9-9936-538793566ee4-groupManagement] INFO  server.RaftServerConfigKeys (ConfUtils.java:logGet(46)) - raft.server.snapshot.auto.trigger.enabled = true (custom)
2024-06-12 17:08:04,884 [691380cd-fa1e-45b9-9936-538793566ee4-groupManagement] INFO  server.RaftServerConfigKeys (ConfUtils.java:logGet(46)) - raft.server.snapshot.auto.trigger.threshold = 10000 (custom)
2024-06-12 17:08:04,885 [691380cd-fa1e-45b9-9936-538793566ee4-groupManagement] INFO  server.RaftServerConfigKeys (ConfUtils.java:logGet(46)) - raft.server.snapshot.retention.file.num = 5 (custom)
2024-06-12 17:08:04,885 [691380cd-fa1e-45b9-9936-538793566ee4-groupManagement] INFO  server.RaftServerConfigKeys (ConfUtils.java:logGet(46)) - raft.server.log.purge.upto.snapshot.index = false (default)
2024-06-12 17:08:04,885 [691380cd-fa1e-45b9-9936-538793566ee4@group-72129660A1FB-FollowerState] INFO  server.RaftServerConfigKeys (ConfUtils.java:logFallback(53)) - raft.server.rpc.first-election.timeout.min = 5s (fallback to raft.server.rpc.timeout.min)
2024-06-12 17:08:04,885 [691380cd-fa1e-45b9-9936-538793566ee4@group-72129660A1FB-FollowerState] INFO  server.RaftServerConfigKeys (ConfUtils.java:logFallback(53)) - raft.server.rpc.first-election.timeout.max = 5200ms (fallback to raft.server.rpc.timeout.max)
2024-06-12 17:08:04,885 [691380cd-fa1e-45b9-9936-538793566ee4-PipelineCommandHandlerThread-0] INFO  ratis.XceiverServerRatis (XceiverServerRatis.java:addGroup(864)) - Created group PipelineID=13764b87-4ec0-4bdd-b29c-72129660a1fb
2024-06-12 17:08:04,886 [691380cd-fa1e-45b9-9936-538793566ee4-PipelineCommandHandlerThread-0] INFO  commandhandler.CreatePipelineCommandHandler (CreatePipelineCommandHandler.java:lambda$handle$2(124)) - Created Pipeline RATIS ONE PipelineID=13764b87-4ec0-4bdd-b29c-72129660a1fb.
2024-06-12 17:08:04,886 [691380cd-fa1e-45b9-9936-538793566ee4-PipelineCommandHandlerThread-0] INFO  server.RaftServer (RaftServerProxy.java:addNew(100)) - 691380cd-fa1e-45b9-9936-538793566ee4: addNew group-16F1E0710B8C:[92e0ccad-9c5a-447b-b545-333a3cb7e193|127.0.0.1:15085, 691380cd-fa1e-45b9-9936-538793566ee4|127.0.0.1:15067, f3fc0661-daf3-46cc-b6b9-cf28bd2102cf|127.0.0.1:15076] returns group-16F1E0710B8C:java.util.concurrent.CompletableFuture@368a9d07[Not completed]
2024-06-12 17:08:04,887 [691380cd-fa1e-45b9-9936-538793566ee4-groupManagement] INFO  server.RaftServer$Division (RaftServerImpl.java:<init>(256)) - 691380cd-fa1e-45b9-9936-538793566ee4: new RaftServerImpl for group-16F1E0710B8C:[92e0ccad-9c5a-447b-b545-333a3cb7e193|127.0.0.1:15085, 691380cd-fa1e-45b9-9936-538793566ee4|127.0.0.1:15067, f3fc0661-daf3-46cc-b6b9-cf28bd2102cf|127.0.0.1:15076] with ContainerStateMachine:uninitialized
2024-06-12 17:08:04,887 [691380cd-fa1e-45b9-9936-538793566ee4-groupManagement] INFO  server.RaftServerConfigKeys (ConfUtils.java:logGet(46)) - raft.server.rpc.timeout.min = 5s (custom)
2024-06-12 17:08:04,887 [691380cd-fa1e-45b9-9936-538793566ee4-groupManagement] INFO  server.RaftServerConfigKeys (ConfUtils.java:logGet(46)) - raft.server.rpc.timeout.max = 5200ms (custom)
2024-06-12 17:08:04,887 [691380cd-fa1e-45b9-9936-538793566ee4-groupManagement] INFO  server.RaftServerConfigKeys (ConfUtils.java:logGet(46)) - raft.server.rpc.sleep.time = 25ms (default)
2024-06-12 17:08:04,887 [691380cd-fa1e-45b9-9936-538793566ee4-groupManagement] INFO  server.RaftServerConfigKeys (ConfUtils.java:logGet(46)) - raft.server.rpc.slowness.timeout = 300000ms (custom)
2024-06-12 17:08:04,887 [691380cd-fa1e-45b9-9936-538793566ee4-groupManagement] INFO  server.RaftServerConfigKeys (ConfUtils.java:logGet(46)) - raft.server.leaderelection.leader.step-down.wait-time = 10s (default)
2024-06-12 17:08:04,887 [691380cd-fa1e-45b9-9936-538793566ee4-groupManagement] INFO  server.RaftServerConfigKeys (ConfUtils.java:logGet(46)) - raft.server.leaderelection.member.majority-add = false (default)
2024-06-12 17:08:04,887 [691380cd-fa1e-45b9-9936-538793566ee4-groupManagement] INFO  server.RaftServerConfigKeys (ConfUtils.java:logGet(46)) - raft.server.sleep.deviation.threshold = 300ms (default)
2024-06-12 17:08:04,887 [691380cd-fa1e-45b9-9936-538793566ee4-groupManagement] INFO  server.RaftServer$Division (ServerState.java:<init>(113)) - 691380cd-fa1e-45b9-9936-538793566ee4@group-16F1E0710B8C: ConfigurationManager, init=-1: peers:[92e0ccad-9c5a-447b-b545-333a3cb7e193|127.0.0.1:15085, 691380cd-fa1e-45b9-9936-538793566ee4|127.0.0.1:15067, f3fc0661-daf3-46cc-b6b9-cf28bd2102cf|127.0.0.1:15076]|listeners:[], old=null, confs=<EMPTY_MAP>
2024-06-12 17:08:04,887 [691380cd-fa1e-45b9-9936-538793566ee4-groupManagement] INFO  server.RaftServerConfigKeys (ConfUtils.java:logGet(46)) - raft.server.notification.no-leader.timeout = 300000ms (custom)
2024-06-12 17:08:04,887 [691380cd-fa1e-45b9-9936-538793566ee4-groupManagement] INFO  server.RaftServerConfigKeys (ConfUtils.java:logGet(46)) - raft.server.read.timeout = 10s (default)
2024-06-12 17:08:04,887 [691380cd-fa1e-45b9-9936-538793566ee4-groupManagement] INFO  server.RaftServerConfigKeys (ConfUtils.java:logGet(46)) - raft.server.retrycache.expirytime = 600000ms (custom)
2024-06-12 17:08:04,887 [691380cd-fa1e-45b9-9936-538793566ee4-groupManagement] INFO  server.RaftServerConfigKeys (ConfUtils.java:logGet(46)) - raft.server.retrycache.statistics.expirytime = 100ms (default)
2024-06-12 17:08:04,887 [691380cd-fa1e-45b9-9936-538793566ee4-groupManagement] INFO  server.RaftServerConfigKeys (ConfUtils.java:logGet(46)) - raft.server.read.option = DEFAULT (default)
2024-06-12 17:08:04,887 [691380cd-fa1e-45b9-9936-538793566ee4-groupManagement] INFO  server.RaftServerConfigKeys (ConfUtils.java:logGet(46)) - raft.server.read.read-after-write-consistent.write-index-cache.expiry-time = 60s (default)
2024-06-12 17:08:04,890 [691380cd-fa1e-45b9-9936-538793566ee4-groupManagement] INFO  server.RaftServerConfigKeys (ConfUtils.java:logGet(46)) - raft.server.rpc.request.timeout = 3000ms (default)
2024-06-12 17:08:04,890 [691380cd-fa1e-45b9-9936-538793566ee4-groupManagement] INFO  server.RaftServerConfigKeys (ConfUtils.java:logGet(46)) - raft.server.log.appender.install.snapshot.enabled = false (custom)
2024-06-12 17:08:04,890 [691380cd-fa1e-45b9-9936-538793566ee4-groupManagement] INFO  server.RaftServerConfigKeys (ConfUtils.java:logGet(46)) - raft.server.threadpool.server.cached = true (default)
2024-06-12 17:08:04,890 [691380cd-fa1e-45b9-9936-538793566ee4-groupManagement] INFO  server.RaftServerConfigKeys (ConfUtils.java:logGet(46)) - raft.server.threadpool.server.size = 0 (default)
2024-06-12 17:08:04,890 [691380cd-fa1e-45b9-9936-538793566ee4-groupManagement] INFO  server.RaftServerConfigKeys (ConfUtils.java:logGet(46)) - raft.server.threadpool.client.cached = true (default)
2024-06-12 17:08:04,890 [691380cd-fa1e-45b9-9936-538793566ee4-groupManagement] INFO  server.RaftServerConfigKeys (ConfUtils.java:logGet(46)) - raft.server.threadpool.client.size = 0 (default)
2024-06-12 17:08:04,890 [691380cd-fa1e-45b9-9936-538793566ee4-groupManagement] INFO  server.RaftServerConfigKeys (ConfUtils.java:logGet(46)) - raft.server.storage.free-space.min = 0MB (=0) (default)
2024-06-12 17:08:04,890 [691380cd-fa1e-45b9-9936-538793566ee4-groupManagement] INFO  server.RaftServerConfigKeys (ConfUtils.java:logGet(46)) - raft.server.log.corruption.policy = EXCEPTION (default)
2024-06-12 17:08:04,890 [691380cd-fa1e-45b9-9936-538793566ee4-groupManagement] INFO  server.RaftServerConfigKeys (ConfUtils.java:logGet(46)) - raft.server.storage.dir = [/home/runner/work/ozone/ozone/hadoop-ozone/integration-test/target/test-dir/MiniOzoneClusterImpl-0353e991-6c3e-4832-95ff-5850d237b4c9/ozone-meta/datanode-1/ratis] (custom)
2024-06-12 17:08:04,890 [691380cd-fa1e-45b9-9936-538793566ee4-groupManagement] INFO  storage.RaftStorageDirectory (RaftStorageDirectoryImpl.java:analyzeStorage(138)) - The storage directory /home/runner/work/ozone/ozone/hadoop-ozone/integration-test/target/test-dir/MiniOzoneClusterImpl-0353e991-6c3e-4832-95ff-5850d237b4c9/ozone-meta/datanode-1/ratis/17d09cab-d0cf-4e70-b251-16f1e0710b8c does not exist. Creating ...
2024-06-12 17:08:04,892 [691380cd-fa1e-45b9-9936-538793566ee4-groupManagement] INFO  storage.RaftStorageDirectory (RaftStorageDirectoryImpl.java:tryLock(228)) - Lock on /home/runner/work/ozone/ozone/hadoop-ozone/integration-test/target/test-dir/MiniOzoneClusterImpl-0353e991-6c3e-4832-95ff-5850d237b4c9/ozone-meta/datanode-1/ratis/17d09cab-d0cf-4e70-b251-16f1e0710b8c/in_use.lock acquired by nodename 9416@fv-az571-250
2024-06-12 17:08:04,893 [691380cd-fa1e-45b9-9936-538793566ee4-groupManagement] INFO  storage.RaftStorage (RaftStorageImpl.java:format(99)) - Storage directory /home/runner/work/ozone/ozone/hadoop-ozone/integration-test/target/test-dir/MiniOzoneClusterImpl-0353e991-6c3e-4832-95ff-5850d237b4c9/ozone-meta/datanode-1/ratis/17d09cab-d0cf-4e70-b251-16f1e0710b8c has been successfully formatted.
2024-06-12 17:08:04,893 [691380cd-fa1e-45b9-9936-538793566ee4-groupManagement] WARN  util.FileUtils (LogUtils.java:supplyAndLog(63)) - Failed to Files.newInputStream /home/runner/work/ozone/ozone/hadoop-ozone/integration-test/target/test-dir/MiniOzoneClusterImpl-0353e991-6c3e-4832-95ff-5850d237b4c9/ozone-meta/datanode-1/ratis/17d09cab-d0cf-4e70-b251-16f1e0710b8c/current/raft-meta.conf with options []: java.nio.file.NoSuchFileException: /home/runner/work/ozone/ozone/hadoop-ozone/integration-test/target/test-dir/MiniOzoneClusterImpl-0353e991-6c3e-4832-95ff-5850d237b4c9/ozone-meta/datanode-1/ratis/17d09cab-d0cf-4e70-b251-16f1e0710b8c/current/raft-meta.conf
2024-06-12 17:08:04,893 [691380cd-fa1e-45b9-9936-538793566ee4-groupManagement] INFO  ratis.ContainerStateMachine (ContainerStateMachine.java:loadSnapshot(287)) - group-16F1E0710B8C: The snapshot info is null. Setting the last applied index to:(t:0, i:~)
2024-06-12 17:08:04,893 [691380cd-fa1e-45b9-9936-538793566ee4-groupManagement] INFO  server.RaftServerConfigKeys (ConfUtils.java:logGet(46)) - raft.server.log.use.memory = false (default)
2024-06-12 17:08:04,894 [691380cd-fa1e-45b9-9936-538793566ee4-groupManagement] INFO  server.RaftServerConfigKeys (ConfUtils.java:logGet(46)) - raft.server.log.purge.gap = 1000000 (custom)
2024-06-12 17:08:04,894 [691380cd-fa1e-45b9-9936-538793566ee4-groupManagement] INFO  server.RaftServerConfigKeys (ConfUtils.java:logGet(46)) - raft.server.log.appender.buffer.byte-limit = 8388608 (custom)
2024-06-12 17:08:04,894 [691380cd-fa1e-45b9-9936-538793566ee4-groupManagement] INFO  server.RaftServerConfigKeys (ConfUtils.java:logGet(46)) - raft.server.log.statemachine.data.read.timeout = 1000ms (default)
2024-06-12 17:08:04,894 [691380cd-fa1e-45b9-9936-538793566ee4-groupManagement] INFO  server.RaftServerConfigKeys (ConfUtils.java:logGet(46)) - raft.server.log.purge.preservation.log.num = 0 (default)
2024-06-12 17:08:04,895 [EventQueue-OpenPipelineForHealthyPipelineSafeModeRule] INFO  safemode.SCMSafeModeManager (HealthyPipelineSafeModeRule.java:process(140)) - SCM in safe mode. Healthy pipelines reported count is 0, required healthy pipeline reported count is 1
2024-06-12 17:08:04,895 [691380cd-fa1e-45b9-9936-538793566ee4-groupManagement] INFO  server.RaftServerConfigKeys (ConfUtils.java:logGet(46)) - raft.server.log.segment.size.max = 67108864 (custom)
2024-06-12 17:08:04,895 [691380cd-fa1e-45b9-9936-538793566ee4-groupManagement] INFO  server.RaftServerConfigKeys (ConfUtils.java:logGet(46)) - raft.server.log.segment.cache.num.max = 2 (custom)
2024-06-12 17:08:04,895 [691380cd-fa1e-45b9-9936-538793566ee4-groupManagement] INFO  server.RaftServerConfigKeys (ConfUtils.java:logGet(46)) - raft.server.log.segment.cache.size.max = 200MB (=209715200) (default)
2024-06-12 17:08:04,896 [691380cd-fa1e-45b9-9936-538793566ee4-groupManagement] INFO  server.RaftServerConfigKeys (ConfUtils.java:logGet(46)) - raft.server.log.appender.buffer.byte-limit = 8388608 (custom)
2024-06-12 17:08:04,897 [691380cd-fa1e-45b9-9936-538793566ee4-groupManagement] INFO  util.AwaitToRun (AwaitToRun.java:start(81)) - Thread[691380cd-fa1e-45b9-9936-538793566ee4@group-16F1E0710B8C-cacheEviction-AwaitToRun,5,main] started
2024-06-12 17:08:04,897 [691380cd-fa1e-45b9-9936-538793566ee4-groupManagement] INFO  segmented.SegmentedRaftLogWorker (SegmentedRaftLogWorker.java:<init>(182)) - new 691380cd-fa1e-45b9-9936-538793566ee4@group-16F1E0710B8C-SegmentedRaftLogWorker for RaftStorageImpl:Storage Directory /home/runner/work/ozone/ozone/hadoop-ozone/integration-test/target/test-dir/MiniOzoneClusterImpl-0353e991-6c3e-4832-95ff-5850d237b4c9/ozone-meta/datanode-1/ratis/17d09cab-d0cf-4e70-b251-16f1e0710b8c
2024-06-12 17:08:04,898 [691380cd-fa1e-45b9-9936-538793566ee4-groupManagement] INFO  server.RaftServerConfigKeys (ConfUtils.java:logGet(46)) - raft.server.log.queue.byte-limit = 4294967296 (custom)
2024-06-12 17:08:04,898 [691380cd-fa1e-45b9-9936-538793566ee4-groupManagement] INFO  server.RaftServerConfigKeys (ConfUtils.java:logGet(46)) - raft.server.log.queue.element-limit = 1024 (custom)
2024-06-12 17:08:04,898 [691380cd-fa1e-45b9-9936-538793566ee4-groupManagement] INFO  server.RaftServerConfigKeys (ConfUtils.java:logGet(46)) - raft.server.log.segment.size.max = 67108864 (custom)
2024-06-12 17:08:04,898 [691380cd-fa1e-45b9-9936-538793566ee4-groupManagement] INFO  server.RaftServerConfigKeys (ConfUtils.java:logGet(46)) - raft.server.log.preallocated.size = 4194304 (custom)
2024-06-12 17:08:04,898 [691380cd-fa1e-45b9-9936-538793566ee4-groupManagement] INFO  server.RaftServerConfigKeys (ConfUtils.java:logGet(46)) - raft.server.log.force.sync.num = 128 (default)
2024-06-12 17:08:04,898 [691380cd-fa1e-45b9-9936-538793566ee4-groupManagement] INFO  server.RaftServerConfigKeys (ConfUtils.java:logGet(46)) - raft.server.log.statemachine.data.sync = true (default)
2024-06-12 17:08:04,898 [691380cd-fa1e-45b9-9936-538793566ee4-groupManagement] INFO  server.RaftServerConfigKeys (ConfUtils.java:logGet(46)) - raft.server.log.statemachine.data.sync.timeout = 10s (default)
2024-06-12 17:08:04,898 [691380cd-fa1e-45b9-9936-538793566ee4-groupManagement] INFO  server.RaftServerConfigKeys (ConfUtils.java:logGet(46)) - raft.server.log.statemachine.data.sync.timeout.retry = 30 (custom)
2024-06-12 17:08:04,898 [691380cd-fa1e-45b9-9936-538793566ee4-groupManagement] INFO  server.RaftServerConfigKeys (ConfUtils.java:logGet(46)) - raft.server.log.write.buffer.size = 8388616 (custom)
2024-06-12 17:08:04,900 [691380cd-fa1e-45b9-9936-538793566ee4-groupManagement] INFO  server.RaftServerConfigKeys (ConfUtils.java:logGet(46)) - raft.server.log.appender.buffer.byte-limit = 8388608 (custom)
2024-06-12 17:08:04,900 [691380cd-fa1e-45b9-9936-538793566ee4-groupManagement] INFO  server.RaftServerConfigKeys (ConfUtils.java:logGet(46)) - raft.server.log.unsafe-flush.enabled = false (default)
2024-06-12 17:08:04,901 [691380cd-fa1e-45b9-9936-538793566ee4-groupManagement] INFO  server.RaftServerConfigKeys (ConfUtils.java:logGet(46)) - raft.server.log.async-flush.enabled = false (default)
2024-06-12 17:08:04,901 [691380cd-fa1e-45b9-9936-538793566ee4-groupManagement] INFO  server.RaftServerConfigKeys (ConfUtils.java:logGet(46)) - raft.server.log.statemachine.data.caching.enabled = true (custom)
2024-06-12 17:08:04,901 [691380cd-fa1e-45b9-9936-538793566ee4-groupManagement] INFO  segmented.SegmentedRaftLogWorker (SegmentedRaftLogWorker.java:lambda$new$0(134)) - 691380cd-fa1e-45b9-9936-538793566ee4@group-16F1E0710B8C-SegmentedRaftLogWorker: flushIndex: setUnconditionally 0 -> -1
2024-06-12 17:08:04,901 [691380cd-fa1e-45b9-9936-538793566ee4-groupManagement] INFO  segmented.SegmentedRaftLogWorker (SegmentedRaftLogWorker.java:lambda$new$0(134)) - 691380cd-fa1e-45b9-9936-538793566ee4@group-16F1E0710B8C-SegmentedRaftLogWorker: safeCacheEvictIndex: setUnconditionally 0 -> -1
2024-06-12 17:08:04,901 [691380cd-fa1e-45b9-9936-538793566ee4-groupManagement] INFO  server.RaftServer$Division (RaftServerImpl.java:start(396)) - 691380cd-fa1e-45b9-9936-538793566ee4@group-16F1E0710B8C: start as a follower, conf=-1: peers:[92e0ccad-9c5a-447b-b545-333a3cb7e193|127.0.0.1:15085, 691380cd-fa1e-45b9-9936-538793566ee4|127.0.0.1:15067, f3fc0661-daf3-46cc-b6b9-cf28bd2102cf|127.0.0.1:15076]|listeners:[], old=null
2024-06-12 17:08:04,902 [691380cd-fa1e-45b9-9936-538793566ee4-groupManagement] INFO  server.RaftServer$Division (RaftServerImpl.java:setRole(383)) - 691380cd-fa1e-45b9-9936-538793566ee4@group-16F1E0710B8C: changes role from      null to FOLLOWER at term 0 for startAsFollower
2024-06-12 17:08:04,902 [691380cd-fa1e-45b9-9936-538793566ee4-groupManagement] INFO  impl.RoleInfo (RoleInfo.java:updateAndGet(139)) - 691380cd-fa1e-45b9-9936-538793566ee4: start 691380cd-fa1e-45b9-9936-538793566ee4@group-16F1E0710B8C-FollowerState
2024-06-12 17:08:04,907 [691380cd-fa1e-45b9-9936-538793566ee4@group-16F1E0710B8C-FollowerState] INFO  server.RaftServerConfigKeys (ConfUtils.java:logFallback(53)) - raft.server.rpc.first-election.timeout.min = 5s (fallback to raft.server.rpc.timeout.min)
2024-06-12 17:08:04,907 [691380cd-fa1e-45b9-9936-538793566ee4-groupManagement] INFO  util.JmxRegister (JmxRegister.java:tryRegister(44)) - Successfully registered JMX Bean with object name Ratis:service=RaftServer,group=group-16F1E0710B8C,id=691380cd-fa1e-45b9-9936-538793566ee4
2024-06-12 17:08:04,907 [691380cd-fa1e-45b9-9936-538793566ee4-groupManagement] INFO  server.RaftServerConfigKeys (ConfUtils.java:logGet(46)) - raft.server.snapshot.trigger-when-stop.enabled = true (default)
2024-06-12 17:08:04,907 [691380cd-fa1e-45b9-9936-538793566ee4-groupManagement] INFO  server.RaftServerConfigKeys (ConfUtils.java:logGet(46)) - raft.server.snapshot.auto.trigger.enabled = true (custom)
2024-06-12 17:08:04,907 [691380cd-fa1e-45b9-9936-538793566ee4-groupManagement] INFO  server.RaftServerConfigKeys (ConfUtils.java:logGet(46)) - raft.server.snapshot.auto.trigger.threshold = 10000 (custom)
2024-06-12 17:08:04,907 [691380cd-fa1e-45b9-9936-538793566ee4-groupManagement] INFO  server.RaftServerConfigKeys (ConfUtils.java:logGet(46)) - raft.server.snapshot.retention.file.num = 5 (custom)
2024-06-12 17:08:04,907 [691380cd-fa1e-45b9-9936-538793566ee4-groupManagement] INFO  server.RaftServerConfigKeys (ConfUtils.java:logGet(46)) - raft.server.log.purge.upto.snapshot.index = false (default)
2024-06-12 17:08:04,908 [691380cd-fa1e-45b9-9936-538793566ee4-PipelineCommandHandlerThread-0] INFO  ratis.XceiverServerRatis (XceiverServerRatis.java:addGroup(864)) - Created group PipelineID=17d09cab-d0cf-4e70-b251-16f1e0710b8c
2024-06-12 17:08:04,909 [691380cd-fa1e-45b9-9936-538793566ee4@group-16F1E0710B8C-FollowerState] INFO  server.RaftServerConfigKeys (ConfUtils.java:logFallback(53)) - raft.server.rpc.first-election.timeout.max = 5200ms (fallback to raft.server.rpc.timeout.max)
2024-06-12 17:08:04,925 [f3fc0661-daf3-46cc-b6b9-cf28bd2102cf-PipelineCommandHandlerThread-0] INFO  server.RaftServer (RaftServerProxy.java:addNew(100)) - f3fc0661-daf3-46cc-b6b9-cf28bd2102cf: addNew group-78A54FA7D8D8:[f3fc0661-daf3-46cc-b6b9-cf28bd2102cf|127.0.0.1:15076] returns group-78A54FA7D8D8:java.util.concurrent.CompletableFuture@62906b5e[Not completed]
2024-06-12 17:08:04,927 [f3fc0661-daf3-46cc-b6b9-cf28bd2102cf-groupManagement] INFO  server.RaftServer$Division (RaftServerImpl.java:<init>(256)) - f3fc0661-daf3-46cc-b6b9-cf28bd2102cf: new RaftServerImpl for group-78A54FA7D8D8:[f3fc0661-daf3-46cc-b6b9-cf28bd2102cf|127.0.0.1:15076] with ContainerStateMachine:uninitialized
2024-06-12 17:08:04,927 [f3fc0661-daf3-46cc-b6b9-cf28bd2102cf-groupManagement] INFO  server.RaftServerConfigKeys (ConfUtils.java:logGet(46)) - raft.server.rpc.timeout.min = 5s (custom)
2024-06-12 17:08:04,927 [f3fc0661-daf3-46cc-b6b9-cf28bd2102cf-groupManagement] INFO  server.RaftServerConfigKeys (ConfUtils.java:logGet(46)) - raft.server.rpc.timeout.max = 5200ms (custom)
2024-06-12 17:08:04,927 [f3fc0661-daf3-46cc-b6b9-cf28bd2102cf-groupManagement] INFO  server.RaftServerConfigKeys (ConfUtils.java:logGet(46)) - raft.server.rpc.sleep.time = 25ms (default)
2024-06-12 17:08:04,927 [f3fc0661-daf3-46cc-b6b9-cf28bd2102cf-groupManagement] INFO  server.RaftServerConfigKeys (ConfUtils.java:logGet(46)) - raft.server.rpc.slowness.timeout = 300000ms (custom)
2024-06-12 17:08:04,927 [f3fc0661-daf3-46cc-b6b9-cf28bd2102cf-groupManagement] INFO  server.RaftServerConfigKeys (ConfUtils.java:logGet(46)) - raft.server.leaderelection.leader.step-down.wait-time = 10s (default)
2024-06-12 17:08:04,927 [f3fc0661-daf3-46cc-b6b9-cf28bd2102cf-groupManagement] INFO  server.RaftServerConfigKeys (ConfUtils.java:logGet(46)) - raft.server.leaderelection.member.majority-add = false (default)
2024-06-12 17:08:04,927 [f3fc0661-daf3-46cc-b6b9-cf28bd2102cf-groupManagement] INFO  server.RaftServerConfigKeys (ConfUtils.java:logGet(46)) - raft.server.sleep.deviation.threshold = 300ms (default)
2024-06-12 17:08:04,927 [f3fc0661-daf3-46cc-b6b9-cf28bd2102cf-groupManagement] INFO  server.RaftServer$Division (ServerState.java:<init>(113)) - f3fc0661-daf3-46cc-b6b9-cf28bd2102cf@group-78A54FA7D8D8: ConfigurationManager, init=-1: peers:[f3fc0661-daf3-46cc-b6b9-cf28bd2102cf|127.0.0.1:15076]|listeners:[], old=null, confs=<EMPTY_MAP>
2024-06-12 17:08:04,927 [f3fc0661-daf3-46cc-b6b9-cf28bd2102cf-groupManagement] INFO  server.RaftServerConfigKeys (ConfUtils.java:logGet(46)) - raft.server.notification.no-leader.timeout = 300000ms (custom)
2024-06-12 17:08:04,927 [f3fc0661-daf3-46cc-b6b9-cf28bd2102cf-groupManagement] INFO  server.RaftServerConfigKeys (ConfUtils.java:logGet(46)) - raft.server.read.timeout = 10s (default)
2024-06-12 17:08:04,927 [f3fc0661-daf3-46cc-b6b9-cf28bd2102cf-groupManagement] INFO  server.RaftServerConfigKeys (ConfUtils.java:logGet(46)) - raft.server.retrycache.expirytime = 600000ms (custom)
2024-06-12 17:08:04,927 [f3fc0661-daf3-46cc-b6b9-cf28bd2102cf-groupManagement] INFO  server.RaftServerConfigKeys (ConfUtils.java:logGet(46)) - raft.server.retrycache.statistics.expirytime = 100ms (default)
2024-06-12 17:08:04,927 [f3fc0661-daf3-46cc-b6b9-cf28bd2102cf-groupManagement] INFO  server.RaftServerConfigKeys (ConfUtils.java:logGet(46)) - raft.server.read.option = DEFAULT (default)
2024-06-12 17:08:04,927 [f3fc0661-daf3-46cc-b6b9-cf28bd2102cf-groupManagement] INFO  server.RaftServerConfigKeys (ConfUtils.java:logGet(46)) - raft.server.read.read-after-write-consistent.write-index-cache.expiry-time = 60s (default)
2024-06-12 17:08:04,930 [f3fc0661-daf3-46cc-b6b9-cf28bd2102cf-groupManagement] INFO  server.RaftServerConfigKeys (ConfUtils.java:logGet(46)) - raft.server.rpc.request.timeout = 3000ms (default)
2024-06-12 17:08:04,930 [f3fc0661-daf3-46cc-b6b9-cf28bd2102cf-groupManagement] INFO  server.RaftServerConfigKeys (ConfUtils.java:logGet(46)) - raft.server.log.appender.install.snapshot.enabled = false (custom)
2024-06-12 17:08:04,930 [f3fc0661-daf3-46cc-b6b9-cf28bd2102cf-groupManagement] INFO  server.RaftServerConfigKeys (ConfUtils.java:logGet(46)) - raft.server.threadpool.server.cached = true (default)
2024-06-12 17:08:04,930 [f3fc0661-daf3-46cc-b6b9-cf28bd2102cf-groupManagement] INFO  server.RaftServerConfigKeys (ConfUtils.java:logGet(46)) - raft.server.threadpool.server.size = 0 (default)
2024-06-12 17:08:04,930 [f3fc0661-daf3-46cc-b6b9-cf28bd2102cf-groupManagement] INFO  server.RaftServerConfigKeys (ConfUtils.java:logGet(46)) - raft.server.threadpool.client.cached = true (default)
2024-06-12 17:08:04,930 [f3fc0661-daf3-46cc-b6b9-cf28bd2102cf-groupManagement] INFO  server.RaftServerConfigKeys (ConfUtils.java:logGet(46)) - raft.server.threadpool.client.size = 0 (default)
2024-06-12 17:08:04,930 [f3fc0661-daf3-46cc-b6b9-cf28bd2102cf-groupManagement] INFO  server.RaftServerConfigKeys (ConfUtils.java:logGet(46)) - raft.server.storage.free-space.min = 0MB (=0) (default)
2024-06-12 17:08:04,930 [f3fc0661-daf3-46cc-b6b9-cf28bd2102cf-groupManagement] INFO  server.RaftServerConfigKeys (ConfUtils.java:logGet(46)) - raft.server.log.corruption.policy = EXCEPTION (default)
2024-06-12 17:08:04,930 [f3fc0661-daf3-46cc-b6b9-cf28bd2102cf-groupManagement] INFO  server.RaftServerConfigKeys (ConfUtils.java:logGet(46)) - raft.server.storage.dir = [/home/runner/work/ozone/ozone/hadoop-ozone/integration-test/target/test-dir/MiniOzoneClusterImpl-0353e991-6c3e-4832-95ff-5850d237b4c9/ozone-meta/datanode-2/ratis] (custom)
2024-06-12 17:08:04,930 [f3fc0661-daf3-46cc-b6b9-cf28bd2102cf-groupManagement] INFO  storage.RaftStorageDirectory (RaftStorageDirectoryImpl.java:analyzeStorage(138)) - The storage directory /home/runner/work/ozone/ozone/hadoop-ozone/integration-test/target/test-dir/MiniOzoneClusterImpl-0353e991-6c3e-4832-95ff-5850d237b4c9/ozone-meta/datanode-2/ratis/ac4c3a91-9475-4321-90e9-78a54fa7d8d8 does not exist. Creating ...
2024-06-12 17:08:04,931 [f3fc0661-daf3-46cc-b6b9-cf28bd2102cf-groupManagement] INFO  storage.RaftStorageDirectory (RaftStorageDirectoryImpl.java:tryLock(228)) - Lock on /home/runner/work/ozone/ozone/hadoop-ozone/integration-test/target/test-dir/MiniOzoneClusterImpl-0353e991-6c3e-4832-95ff-5850d237b4c9/ozone-meta/datanode-2/ratis/ac4c3a91-9475-4321-90e9-78a54fa7d8d8/in_use.lock acquired by nodename 9416@fv-az571-250
2024-06-12 17:08:04,932 [f3fc0661-daf3-46cc-b6b9-cf28bd2102cf-groupManagement] INFO  storage.RaftStorage (RaftStorageImpl.java:format(99)) - Storage directory /home/runner/work/ozone/ozone/hadoop-ozone/integration-test/target/test-dir/MiniOzoneClusterImpl-0353e991-6c3e-4832-95ff-5850d237b4c9/ozone-meta/datanode-2/ratis/ac4c3a91-9475-4321-90e9-78a54fa7d8d8 has been successfully formatted.
2024-06-12 17:08:04,933 [f3fc0661-daf3-46cc-b6b9-cf28bd2102cf-groupManagement] WARN  util.FileUtils (LogUtils.java:supplyAndLog(63)) - Failed to Files.newInputStream /home/runner/work/ozone/ozone/hadoop-ozone/integration-test/target/test-dir/MiniOzoneClusterImpl-0353e991-6c3e-4832-95ff-5850d237b4c9/ozone-meta/datanode-2/ratis/ac4c3a91-9475-4321-90e9-78a54fa7d8d8/current/raft-meta.conf with options []: java.nio.file.NoSuchFileException: /home/runner/work/ozone/ozone/hadoop-ozone/integration-test/target/test-dir/MiniOzoneClusterImpl-0353e991-6c3e-4832-95ff-5850d237b4c9/ozone-meta/datanode-2/ratis/ac4c3a91-9475-4321-90e9-78a54fa7d8d8/current/raft-meta.conf
2024-06-12 17:08:04,933 [f3fc0661-daf3-46cc-b6b9-cf28bd2102cf-groupManagement] INFO  ratis.ContainerStateMachine (ContainerStateMachine.java:loadSnapshot(287)) - group-78A54FA7D8D8: The snapshot info is null. Setting the last applied index to:(t:0, i:~)
2024-06-12 17:08:04,933 [f3fc0661-daf3-46cc-b6b9-cf28bd2102cf-groupManagement] INFO  server.RaftServerConfigKeys (ConfUtils.java:logGet(46)) - raft.server.log.use.memory = false (default)
2024-06-12 17:08:04,933 [f3fc0661-daf3-46cc-b6b9-cf28bd2102cf-groupManagement] INFO  server.RaftServerConfigKeys (ConfUtils.java:logGet(46)) - raft.server.log.purge.gap = 1000000 (custom)
2024-06-12 17:08:04,933 [f3fc0661-daf3-46cc-b6b9-cf28bd2102cf-groupManagement] INFO  server.RaftServerConfigKeys (ConfUtils.java:logGet(46)) - raft.server.log.appender.buffer.byte-limit = 8388608 (custom)
2024-06-12 17:08:04,933 [f3fc0661-daf3-46cc-b6b9-cf28bd2102cf-groupManagement] INFO  server.RaftServerConfigKeys (ConfUtils.java:logGet(46)) - raft.server.log.statemachine.data.read.timeout = 1000ms (default)
2024-06-12 17:08:04,933 [f3fc0661-daf3-46cc-b6b9-cf28bd2102cf-groupManagement] INFO  server.RaftServerConfigKeys (ConfUtils.java:logGet(46)) - raft.server.log.purge.preservation.log.num = 0 (default)
2024-06-12 17:08:04,935 [grpc-default-executor-0] INFO  server.RaftServer (RaftServerProxy.java:addNew(100)) - f3fc0661-daf3-46cc-b6b9-cf28bd2102cf: addNew group-16F1E0710B8C:[92e0ccad-9c5a-447b-b545-333a3cb7e193|127.0.0.1:15085, 691380cd-fa1e-45b9-9936-538793566ee4|127.0.0.1:15067, f3fc0661-daf3-46cc-b6b9-cf28bd2102cf|127.0.0.1:15076] returns group-16F1E0710B8C:java.util.concurrent.CompletableFuture@5fee4f67[Not completed]
2024-06-12 17:08:04,936 [EventQueue-PipelineReportForPipelineReportHandler] INFO  pipeline.PipelineReportHandler (PipelineReportHandler.java:processPipelineReport(136)) - Opened pipeline PipelineID=ac4c3a91-9475-4321-90e9-78a54fa7d8d8
2024-06-12 17:08:04,936 [EventQueue-OpenPipelineForHealthyPipelineSafeModeRule] INFO  safemode.SCMSafeModeManager (HealthyPipelineSafeModeRule.java:process(140)) - SCM in safe mode. Healthy pipelines reported count is 0, required healthy pipeline reported count is 1
2024-06-12 17:08:04,936 [f3fc0661-daf3-46cc-b6b9-cf28bd2102cf-groupManagement] INFO  server.RaftServerConfigKeys (ConfUtils.java:logGet(46)) - raft.server.log.segment.size.max = 67108864 (custom)
2024-06-12 17:08:04,936 [f3fc0661-daf3-46cc-b6b9-cf28bd2102cf-groupManagement] INFO  server.RaftServerConfigKeys (ConfUtils.java:logGet(46)) - raft.server.log.segment.cache.num.max = 2 (custom)
2024-06-12 17:08:04,936 [f3fc0661-daf3-46cc-b6b9-cf28bd2102cf-groupManagement] INFO  server.RaftServerConfigKeys (ConfUtils.java:logGet(46)) - raft.server.log.segment.cache.size.max = 200MB (=209715200) (default)
2024-06-12 17:08:04,936 [f3fc0661-daf3-46cc-b6b9-cf28bd2102cf-groupManagement] INFO  server.RaftServerConfigKeys (ConfUtils.java:logGet(46)) - raft.server.log.appender.buffer.byte-limit = 8388608 (custom)
2024-06-12 17:08:04,937 [f3fc0661-daf3-46cc-b6b9-cf28bd2102cf-groupManagement] INFO  util.AwaitToRun (AwaitToRun.java:start(81)) - Thread[f3fc0661-daf3-46cc-b6b9-cf28bd2102cf@group-78A54FA7D8D8-cacheEviction-AwaitToRun,5,main] started
2024-06-12 17:08:04,937 [f3fc0661-daf3-46cc-b6b9-cf28bd2102cf-groupManagement] INFO  segmented.SegmentedRaftLogWorker (SegmentedRaftLogWorker.java:<init>(182)) - new f3fc0661-daf3-46cc-b6b9-cf28bd2102cf@group-78A54FA7D8D8-SegmentedRaftLogWorker for RaftStorageImpl:Storage Directory /home/runner/work/ozone/ozone/hadoop-ozone/integration-test/target/test-dir/MiniOzoneClusterImpl-0353e991-6c3e-4832-95ff-5850d237b4c9/ozone-meta/datanode-2/ratis/ac4c3a91-9475-4321-90e9-78a54fa7d8d8
2024-06-12 17:08:04,938 [f3fc0661-daf3-46cc-b6b9-cf28bd2102cf-groupManagement] INFO  server.RaftServerConfigKeys (ConfUtils.java:logGet(46)) - raft.server.log.queue.byte-limit = 4294967296 (custom)
2024-06-12 17:08:04,938 [f3fc0661-daf3-46cc-b6b9-cf28bd2102cf-groupManagement] INFO  server.RaftServerConfigKeys (ConfUtils.java:logGet(46)) - raft.server.log.queue.element-limit = 1024 (custom)
2024-06-12 17:08:04,938 [f3fc0661-daf3-46cc-b6b9-cf28bd2102cf-groupManagement] INFO  server.RaftServerConfigKeys (ConfUtils.java:logGet(46)) - raft.server.log.segment.size.max = 67108864 (custom)
2024-06-12 17:08:04,938 [f3fc0661-daf3-46cc-b6b9-cf28bd2102cf-groupManagement] INFO  server.RaftServerConfigKeys (ConfUtils.java:logGet(46)) - raft.server.log.preallocated.size = 4194304 (custom)
2024-06-12 17:08:04,938 [f3fc0661-daf3-46cc-b6b9-cf28bd2102cf-groupManagement] INFO  server.RaftServerConfigKeys (ConfUtils.java:logGet(46)) - raft.server.log.force.sync.num = 128 (default)
2024-06-12 17:08:04,938 [f3fc0661-daf3-46cc-b6b9-cf28bd2102cf-groupManagement] INFO  server.RaftServerConfigKeys (ConfUtils.java:logGet(46)) - raft.server.log.statemachine.data.sync = true (default)
2024-06-12 17:08:04,938 [f3fc0661-daf3-46cc-b6b9-cf28bd2102cf-groupManagement] INFO  server.RaftServerConfigKeys (ConfUtils.java:logGet(46)) - raft.server.log.statemachine.data.sync.timeout = 10s (default)
2024-06-12 17:08:04,938 [f3fc0661-daf3-46cc-b6b9-cf28bd2102cf-groupManagement] INFO  server.RaftServerConfigKeys (ConfUtils.java:logGet(46)) - raft.server.log.statemachine.data.sync.timeout.retry = 30 (custom)
2024-06-12 17:08:04,938 [f3fc0661-daf3-46cc-b6b9-cf28bd2102cf-groupManagement] INFO  server.RaftServerConfigKeys (ConfUtils.java:logGet(46)) - raft.server.log.write.buffer.size = 8388616 (custom)
2024-06-12 17:08:04,940 [f3fc0661-daf3-46cc-b6b9-cf28bd2102cf-groupManagement] INFO  server.RaftServerConfigKeys (ConfUtils.java:logGet(46)) - raft.server.log.appender.buffer.byte-limit = 8388608 (custom)
2024-06-12 17:08:04,941 [f3fc0661-daf3-46cc-b6b9-cf28bd2102cf-groupManagement] INFO  server.RaftServerConfigKeys (ConfUtils.java:logGet(46)) - raft.server.log.unsafe-flush.enabled = false (default)
2024-06-12 17:08:04,941 [f3fc0661-daf3-46cc-b6b9-cf28bd2102cf-groupManagement] INFO  server.RaftServerConfigKeys (ConfUtils.java:logGet(46)) - raft.server.log.async-flush.enabled = false (default)
2024-06-12 17:08:04,941 [f3fc0661-daf3-46cc-b6b9-cf28bd2102cf-groupManagement] INFO  server.RaftServerConfigKeys (ConfUtils.java:logGet(46)) - raft.server.log.statemachine.data.caching.enabled = true (custom)
2024-06-12 17:08:04,941 [f3fc0661-daf3-46cc-b6b9-cf28bd2102cf-groupManagement] INFO  segmented.SegmentedRaftLogWorker (SegmentedRaftLogWorker.java:lambda$new$0(134)) - f3fc0661-daf3-46cc-b6b9-cf28bd2102cf@group-78A54FA7D8D8-SegmentedRaftLogWorker: flushIndex: setUnconditionally 0 -> -1
2024-06-12 17:08:04,941 [f3fc0661-daf3-46cc-b6b9-cf28bd2102cf-groupManagement] INFO  segmented.SegmentedRaftLogWorker (SegmentedRaftLogWorker.java:lambda$new$0(134)) - f3fc0661-daf3-46cc-b6b9-cf28bd2102cf@group-78A54FA7D8D8-SegmentedRaftLogWorker: safeCacheEvictIndex: setUnconditionally 0 -> -1
2024-06-12 17:08:04,941 [f3fc0661-daf3-46cc-b6b9-cf28bd2102cf-groupManagement] INFO  server.RaftServer$Division (RaftServerImpl.java:start(396)) - f3fc0661-daf3-46cc-b6b9-cf28bd2102cf@group-78A54FA7D8D8: start as a follower, conf=-1: peers:[f3fc0661-daf3-46cc-b6b9-cf28bd2102cf|127.0.0.1:15076]|listeners:[], old=null
2024-06-12 17:08:04,941 [f3fc0661-daf3-46cc-b6b9-cf28bd2102cf-groupManagement] INFO  server.RaftServer$Division (RaftServerImpl.java:setRole(383)) - f3fc0661-daf3-46cc-b6b9-cf28bd2102cf@group-78A54FA7D8D8: changes role from      null to FOLLOWER at term 0 for startAsFollower
2024-06-12 17:08:04,941 [f3fc0661-daf3-46cc-b6b9-cf28bd2102cf-groupManagement] INFO  impl.RoleInfo (RoleInfo.java:updateAndGet(139)) - f3fc0661-daf3-46cc-b6b9-cf28bd2102cf: start f3fc0661-daf3-46cc-b6b9-cf28bd2102cf@group-78A54FA7D8D8-FollowerState
2024-06-12 17:08:04,942 [f3fc0661-daf3-46cc-b6b9-cf28bd2102cf@group-78A54FA7D8D8-FollowerState] INFO  server.RaftServerConfigKeys (ConfUtils.java:logFallback(53)) - raft.server.rpc.first-election.timeout.min = 5s (fallback to raft.server.rpc.timeout.min)
2024-06-12 17:08:04,942 [f3fc0661-daf3-46cc-b6b9-cf28bd2102cf-groupManagement] INFO  util.JmxRegister (JmxRegister.java:tryRegister(44)) - Successfully registered JMX Bean with object name Ratis:service=RaftServer,group=group-78A54FA7D8D8,id=f3fc0661-daf3-46cc-b6b9-cf28bd2102cf
2024-06-12 17:08:04,942 [f3fc0661-daf3-46cc-b6b9-cf28bd2102cf-groupManagement] INFO  server.RaftServerConfigKeys (ConfUtils.java:logGet(46)) - raft.server.snapshot.trigger-when-stop.enabled = true (default)
2024-06-12 17:08:04,942 [f3fc0661-daf3-46cc-b6b9-cf28bd2102cf-groupManagement] INFO  server.RaftServerConfigKeys (ConfUtils.java:logGet(46)) - raft.server.snapshot.auto.trigger.enabled = true (custom)
2024-06-12 17:08:04,942 [f3fc0661-daf3-46cc-b6b9-cf28bd2102cf-groupManagement] INFO  server.RaftServerConfigKeys (ConfUtils.java:logGet(46)) - raft.server.snapshot.auto.trigger.threshold = 10000 (custom)
2024-06-12 17:08:04,943 [f3fc0661-daf3-46cc-b6b9-cf28bd2102cf-groupManagement] INFO  server.RaftServerConfigKeys (ConfUtils.java:logGet(46)) - raft.server.snapshot.retention.file.num = 5 (custom)
2024-06-12 17:08:04,943 [f3fc0661-daf3-46cc-b6b9-cf28bd2102cf-groupManagement] INFO  server.RaftServerConfigKeys (ConfUtils.java:logGet(46)) - raft.server.log.purge.upto.snapshot.index = false (default)
2024-06-12 17:08:04,942 [f3fc0661-daf3-46cc-b6b9-cf28bd2102cf@group-78A54FA7D8D8-FollowerState] INFO  server.RaftServerConfigKeys (ConfUtils.java:logFallback(53)) - raft.server.rpc.first-election.timeout.max = 5200ms (fallback to raft.server.rpc.timeout.max)
2024-06-12 17:08:04,943 [f3fc0661-daf3-46cc-b6b9-cf28bd2102cf-PipelineCommandHandlerThread-0] INFO  ratis.XceiverServerRatis (XceiverServerRatis.java:addGroup(864)) - Created group PipelineID=ac4c3a91-9475-4321-90e9-78a54fa7d8d8
2024-06-12 17:08:04,943 [f3fc0661-daf3-46cc-b6b9-cf28bd2102cf-PipelineCommandHandlerThread-0] INFO  commandhandler.CreatePipelineCommandHandler (CreatePipelineCommandHandler.java:lambda$handle$2(124)) - Created Pipeline RATIS ONE PipelineID=ac4c3a91-9475-4321-90e9-78a54fa7d8d8.
2024-06-12 17:08:04,944 [f3fc0661-daf3-46cc-b6b9-cf28bd2102cf-PipelineCommandHandlerThread-0] INFO  server.RaftServer (RaftServerProxy.java:addNew(100)) - f3fc0661-daf3-46cc-b6b9-cf28bd2102cf: addNew group-06C4850D5BE6:[92e0ccad-9c5a-447b-b545-333a3cb7e193|127.0.0.1:15085, 691380cd-fa1e-45b9-9936-538793566ee4|127.0.0.1:15067, f3fc0661-daf3-46cc-b6b9-cf28bd2102cf|127.0.0.1:15076] returns group-06C4850D5BE6:java.util.concurrent.CompletableFuture@66afe3d4[Not completed]
2024-06-12 17:08:04,945 [f3fc0661-daf3-46cc-b6b9-cf28bd2102cf-groupManagement] INFO  server.RaftServer$Division (RaftServerImpl.java:<init>(256)) - f3fc0661-daf3-46cc-b6b9-cf28bd2102cf: new RaftServerImpl for group-16F1E0710B8C:[92e0ccad-9c5a-447b-b545-333a3cb7e193|127.0.0.1:15085, 691380cd-fa1e-45b9-9936-538793566ee4|127.0.0.1:15067, f3fc0661-daf3-46cc-b6b9-cf28bd2102cf|127.0.0.1:15076] with ContainerStateMachine:uninitialized
2024-06-12 17:08:04,945 [f3fc0661-daf3-46cc-b6b9-cf28bd2102cf-groupManagement] INFO  server.RaftServerConfigKeys (ConfUtils.java:logGet(46)) - raft.server.rpc.timeout.min = 5s (custom)
2024-06-12 17:08:04,945 [f3fc0661-daf3-46cc-b6b9-cf28bd2102cf-groupManagement] INFO  server.RaftServerConfigKeys (ConfUtils.java:logGet(46)) - raft.server.rpc.timeout.max = 5200ms (custom)
2024-06-12 17:08:04,946 [f3fc0661-daf3-46cc-b6b9-cf28bd2102cf-groupManagement] INFO  server.RaftServerConfigKeys (ConfUtils.java:logGet(46)) - raft.server.rpc.sleep.time = 25ms (default)
2024-06-12 17:08:04,946 [f3fc0661-daf3-46cc-b6b9-cf28bd2102cf-groupManagement] INFO  server.RaftServerConfigKeys (ConfUtils.java:logGet(46)) - raft.server.rpc.slowness.timeout = 300000ms (custom)
2024-06-12 17:08:04,946 [f3fc0661-daf3-46cc-b6b9-cf28bd2102cf-groupManagement] INFO  server.RaftServerConfigKeys (ConfUtils.java:logGet(46)) - raft.server.leaderelection.leader.step-down.wait-time = 10s (default)
2024-06-12 17:08:04,946 [f3fc0661-daf3-46cc-b6b9-cf28bd2102cf-groupManagement] INFO  server.RaftServerConfigKeys (ConfUtils.java:logGet(46)) - raft.server.leaderelection.member.majority-add = false (default)
2024-06-12 17:08:04,946 [f3fc0661-daf3-46cc-b6b9-cf28bd2102cf-groupManagement] INFO  server.RaftServerConfigKeys (ConfUtils.java:logGet(46)) - raft.server.sleep.deviation.threshold = 300ms (default)
2024-06-12 17:08:04,946 [f3fc0661-daf3-46cc-b6b9-cf28bd2102cf-groupManagement] INFO  server.RaftServer$Division (ServerState.java:<init>(113)) - f3fc0661-daf3-46cc-b6b9-cf28bd2102cf@group-16F1E0710B8C: ConfigurationManager, init=-1: peers:[92e0ccad-9c5a-447b-b545-333a3cb7e193|127.0.0.1:15085, 691380cd-fa1e-45b9-9936-538793566ee4|127.0.0.1:15067, f3fc0661-daf3-46cc-b6b9-cf28bd2102cf|127.0.0.1:15076]|listeners:[], old=null, confs=<EMPTY_MAP>
2024-06-12 17:08:04,946 [f3fc0661-daf3-46cc-b6b9-cf28bd2102cf-groupManagement] INFO  server.RaftServerConfigKeys (ConfUtils.java:logGet(46)) - raft.server.notification.no-leader.timeout = 300000ms (custom)
2024-06-12 17:08:04,946 [f3fc0661-daf3-46cc-b6b9-cf28bd2102cf-groupManagement] INFO  server.RaftServerConfigKeys (ConfUtils.java:logGet(46)) - raft.server.read.timeout = 10s (default)
2024-06-12 17:08:04,946 [f3fc0661-daf3-46cc-b6b9-cf28bd2102cf-groupManagement] INFO  server.RaftServerConfigKeys (ConfUtils.java:logGet(46)) - raft.server.retrycache.expirytime = 600000ms (custom)
2024-06-12 17:08:04,946 [f3fc0661-daf3-46cc-b6b9-cf28bd2102cf-groupManagement] INFO  server.RaftServerConfigKeys (ConfUtils.java:logGet(46)) - raft.server.retrycache.statistics.expirytime = 100ms (default)
2024-06-12 17:08:04,946 [f3fc0661-daf3-46cc-b6b9-cf28bd2102cf-groupManagement] INFO  server.RaftServerConfigKeys (ConfUtils.java:logGet(46)) - raft.server.read.option = DEFAULT (default)
2024-06-12 17:08:04,946 [f3fc0661-daf3-46cc-b6b9-cf28bd2102cf-groupManagement] INFO  server.RaftServerConfigKeys (ConfUtils.java:logGet(46)) - raft.server.read.read-after-write-consistent.write-index-cache.expiry-time = 60s (default)
2024-06-12 17:08:04,948 [f3fc0661-daf3-46cc-b6b9-cf28bd2102cf-groupManagement] INFO  server.RaftServerConfigKeys (ConfUtils.java:logGet(46)) - raft.server.rpc.request.timeout = 3000ms (default)
2024-06-12 17:08:04,948 [f3fc0661-daf3-46cc-b6b9-cf28bd2102cf-groupManagement] INFO  server.RaftServerConfigKeys (ConfUtils.java:logGet(46)) - raft.server.log.appender.install.snapshot.enabled = false (custom)
2024-06-12 17:08:04,948 [f3fc0661-daf3-46cc-b6b9-cf28bd2102cf-groupManagement] INFO  server.RaftServerConfigKeys (ConfUtils.java:logGet(46)) - raft.server.threadpool.server.cached = true (default)
2024-06-12 17:08:04,948 [f3fc0661-daf3-46cc-b6b9-cf28bd2102cf-groupManagement] INFO  server.RaftServerConfigKeys (ConfUtils.java:logGet(46)) - raft.server.threadpool.server.size = 0 (default)
2024-06-12 17:08:04,948 [f3fc0661-daf3-46cc-b6b9-cf28bd2102cf-groupManagement] INFO  server.RaftServerConfigKeys (ConfUtils.java:logGet(46)) - raft.server.threadpool.client.cached = true (default)
2024-06-12 17:08:04,949 [f3fc0661-daf3-46cc-b6b9-cf28bd2102cf-groupManagement] INFO  server.RaftServerConfigKeys (ConfUtils.java:logGet(46)) - raft.server.threadpool.client.size = 0 (default)
2024-06-12 17:08:04,949 [f3fc0661-daf3-46cc-b6b9-cf28bd2102cf-groupManagement] INFO  server.RaftServer$Division (RaftServerImpl.java:<init>(256)) - f3fc0661-daf3-46cc-b6b9-cf28bd2102cf: new RaftServerImpl for group-06C4850D5BE6:[92e0ccad-9c5a-447b-b545-333a3cb7e193|127.0.0.1:15085, 691380cd-fa1e-45b9-9936-538793566ee4|127.0.0.1:15067, f3fc0661-daf3-46cc-b6b9-cf28bd2102cf|127.0.0.1:15076] with ContainerStateMachine:uninitialized
2024-06-12 17:08:04,949 [f3fc0661-daf3-46cc-b6b9-cf28bd2102cf-groupManagement] INFO  server.RaftServerConfigKeys (ConfUtils.java:logGet(46)) - raft.server.rpc.timeout.min = 5s (custom)
2024-06-12 17:08:04,950 [f3fc0661-daf3-46cc-b6b9-cf28bd2102cf-groupManagement] INFO  server.RaftServerConfigKeys (ConfUtils.java:logGet(46)) - raft.server.rpc.timeout.max = 5200ms (custom)
2024-06-12 17:08:04,950 [f3fc0661-daf3-46cc-b6b9-cf28bd2102cf-groupManagement] INFO  server.RaftServerConfigKeys (ConfUtils.java:logGet(46)) - raft.server.rpc.sleep.time = 25ms (default)
2024-06-12 17:08:04,950 [f3fc0661-daf3-46cc-b6b9-cf28bd2102cf-groupManagement] INFO  server.RaftServerConfigKeys (ConfUtils.java:logGet(46)) - raft.server.rpc.slowness.timeout = 300000ms (custom)
2024-06-12 17:08:04,950 [f3fc0661-daf3-46cc-b6b9-cf28bd2102cf-groupManagement] INFO  server.RaftServerConfigKeys (ConfUtils.java:logGet(46)) - raft.server.leaderelection.leader.step-down.wait-time = 10s (default)
2024-06-12 17:08:04,950 [f3fc0661-daf3-46cc-b6b9-cf28bd2102cf-groupManagement] INFO  server.RaftServerConfigKeys (ConfUtils.java:logGet(46)) - raft.server.leaderelection.member.majority-add = false (default)
2024-06-12 17:08:04,950 [f3fc0661-daf3-46cc-b6b9-cf28bd2102cf-groupManagement] INFO  server.RaftServerConfigKeys (ConfUtils.java:logGet(46)) - raft.server.sleep.deviation.threshold = 300ms (default)
2024-06-12 17:08:04,950 [f3fc0661-daf3-46cc-b6b9-cf28bd2102cf-groupManagement] INFO  server.RaftServer$Division (ServerState.java:<init>(113)) - f3fc0661-daf3-46cc-b6b9-cf28bd2102cf@group-06C4850D5BE6: ConfigurationManager, init=-1: peers:[92e0ccad-9c5a-447b-b545-333a3cb7e193|127.0.0.1:15085, 691380cd-fa1e-45b9-9936-538793566ee4|127.0.0.1:15067, f3fc0661-daf3-46cc-b6b9-cf28bd2102cf|127.0.0.1:15076]|listeners:[], old=null, confs=<EMPTY_MAP>
2024-06-12 17:08:04,950 [f3fc0661-daf3-46cc-b6b9-cf28bd2102cf-groupManagement] INFO  server.RaftServerConfigKeys (ConfUtils.java:logGet(46)) - raft.server.notification.no-leader.timeout = 300000ms (custom)
2024-06-12 17:08:04,950 [f3fc0661-daf3-46cc-b6b9-cf28bd2102cf-groupManagement] INFO  server.RaftServerConfigKeys (ConfUtils.java:logGet(46)) - raft.server.read.timeout = 10s (default)
2024-06-12 17:08:04,950 [f3fc0661-daf3-46cc-b6b9-cf28bd2102cf-groupManagement] INFO  server.RaftServerConfigKeys (ConfUtils.java:logGet(46)) - raft.server.retrycache.expirytime = 600000ms (custom)
2024-06-12 17:08:04,950 [f3fc0661-daf3-46cc-b6b9-cf28bd2102cf-groupManagement] INFO  server.RaftServerConfigKeys (ConfUtils.java:logGet(46)) - raft.server.retrycache.statistics.expirytime = 100ms (default)
2024-06-12 17:08:04,950 [f3fc0661-daf3-46cc-b6b9-cf28bd2102cf-groupManagement] INFO  server.RaftServerConfigKeys (ConfUtils.java:logGet(46)) - raft.server.read.option = DEFAULT (default)
2024-06-12 17:08:04,950 [f3fc0661-daf3-46cc-b6b9-cf28bd2102cf-groupManagement] INFO  server.RaftServerConfigKeys (ConfUtils.java:logGet(46)) - raft.server.read.read-after-write-consistent.write-index-cache.expiry-time = 60s (default)
2024-06-12 17:08:04,952 [f3fc0661-daf3-46cc-b6b9-cf28bd2102cf-groupManagement] INFO  server.RaftServerConfigKeys (ConfUtils.java:logGet(46)) - raft.server.rpc.request.timeout = 3000ms (default)
2024-06-12 17:08:04,952 [f3fc0661-daf3-46cc-b6b9-cf28bd2102cf-groupManagement] INFO  server.RaftServerConfigKeys (ConfUtils.java:logGet(46)) - raft.server.log.appender.install.snapshot.enabled = false (custom)
2024-06-12 17:08:04,953 [f3fc0661-daf3-46cc-b6b9-cf28bd2102cf-groupManagement] INFO  server.RaftServerConfigKeys (ConfUtils.java:logGet(46)) - raft.server.threadpool.server.cached = true (default)
2024-06-12 17:08:04,953 [f3fc0661-daf3-46cc-b6b9-cf28bd2102cf-groupManagement] INFO  server.RaftServerConfigKeys (ConfUtils.java:logGet(46)) - raft.server.threadpool.server.size = 0 (default)
2024-06-12 17:08:04,953 [f3fc0661-daf3-46cc-b6b9-cf28bd2102cf-groupManagement] INFO  server.RaftServerConfigKeys (ConfUtils.java:logGet(46)) - raft.server.threadpool.client.cached = true (default)
2024-06-12 17:08:04,953 [f3fc0661-daf3-46cc-b6b9-cf28bd2102cf-groupManagement] INFO  server.RaftServerConfigKeys (ConfUtils.java:logGet(46)) - raft.server.threadpool.client.size = 0 (default)
2024-06-12 17:08:04,953 [f3fc0661-daf3-46cc-b6b9-cf28bd2102cf-groupManagement] INFO  server.RaftServerConfigKeys (ConfUtils.java:logGet(46)) - raft.server.storage.free-space.min = 0MB (=0) (default)
2024-06-12 17:08:04,953 [f3fc0661-daf3-46cc-b6b9-cf28bd2102cf-groupManagement] INFO  server.RaftServerConfigKeys (ConfUtils.java:logGet(46)) - raft.server.log.corruption.policy = EXCEPTION (default)
2024-06-12 17:08:04,953 [f3fc0661-daf3-46cc-b6b9-cf28bd2102cf-groupManagement] INFO  server.RaftServerConfigKeys (ConfUtils.java:logGet(46)) - raft.server.storage.dir = [/home/runner/work/ozone/ozone/hadoop-ozone/integration-test/target/test-dir/MiniOzoneClusterImpl-0353e991-6c3e-4832-95ff-5850d237b4c9/ozone-meta/datanode-2/ratis] (custom)
2024-06-12 17:08:04,953 [f3fc0661-daf3-46cc-b6b9-cf28bd2102cf-groupManagement] INFO  storage.RaftStorageDirectory (RaftStorageDirectoryImpl.java:analyzeStorage(138)) - The storage directory /home/runner/work/ozone/ozone/hadoop-ozone/integration-test/target/test-dir/MiniOzoneClusterImpl-0353e991-6c3e-4832-95ff-5850d237b4c9/ozone-meta/datanode-2/ratis/17d09cab-d0cf-4e70-b251-16f1e0710b8c does not exist. Creating ...
2024-06-12 17:08:04,954 [f3fc0661-daf3-46cc-b6b9-cf28bd2102cf-groupManagement] INFO  storage.RaftStorageDirectory (RaftStorageDirectoryImpl.java:tryLock(228)) - Lock on /home/runner/work/ozone/ozone/hadoop-ozone/integration-test/target/test-dir/MiniOzoneClusterImpl-0353e991-6c3e-4832-95ff-5850d237b4c9/ozone-meta/datanode-2/ratis/17d09cab-d0cf-4e70-b251-16f1e0710b8c/in_use.lock acquired by nodename 9416@fv-az571-250
2024-06-12 17:08:04,955 [f3fc0661-daf3-46cc-b6b9-cf28bd2102cf-groupManagement] INFO  storage.RaftStorage (RaftStorageImpl.java:format(99)) - Storage directory /home/runner/work/ozone/ozone/hadoop-ozone/integration-test/target/test-dir/MiniOzoneClusterImpl-0353e991-6c3e-4832-95ff-5850d237b4c9/ozone-meta/datanode-2/ratis/17d09cab-d0cf-4e70-b251-16f1e0710b8c has been successfully formatted.
2024-06-12 17:08:04,956 [f3fc0661-daf3-46cc-b6b9-cf28bd2102cf-groupManagement] WARN  util.FileUtils (LogUtils.java:supplyAndLog(63)) - Failed to Files.newInputStream /home/runner/work/ozone/ozone/hadoop-ozone/integration-test/target/test-dir/MiniOzoneClusterImpl-0353e991-6c3e-4832-95ff-5850d237b4c9/ozone-meta/datanode-2/ratis/17d09cab-d0cf-4e70-b251-16f1e0710b8c/current/raft-meta.conf with options []: java.nio.file.NoSuchFileException: /home/runner/work/ozone/ozone/hadoop-ozone/integration-test/target/test-dir/MiniOzoneClusterImpl-0353e991-6c3e-4832-95ff-5850d237b4c9/ozone-meta/datanode-2/ratis/17d09cab-d0cf-4e70-b251-16f1e0710b8c/current/raft-meta.conf
2024-06-12 17:08:04,956 [f3fc0661-daf3-46cc-b6b9-cf28bd2102cf-groupManagement] INFO  ratis.ContainerStateMachine (ContainerStateMachine.java:loadSnapshot(287)) - group-16F1E0710B8C: The snapshot info is null. Setting the last applied index to:(t:0, i:~)
2024-06-12 17:08:04,956 [f3fc0661-daf3-46cc-b6b9-cf28bd2102cf-groupManagement] INFO  server.RaftServerConfigKeys (ConfUtils.java:logGet(46)) - raft.server.log.use.memory = false (default)
2024-06-12 17:08:04,956 [f3fc0661-daf3-46cc-b6b9-cf28bd2102cf-groupManagement] INFO  server.RaftServerConfigKeys (ConfUtils.java:logGet(46)) - raft.server.log.purge.gap = 1000000 (custom)
2024-06-12 17:08:04,956 [f3fc0661-daf3-46cc-b6b9-cf28bd2102cf-groupManagement] INFO  server.RaftServerConfigKeys (ConfUtils.java:logGet(46)) - raft.server.log.appender.buffer.byte-limit = 8388608 (custom)
2024-06-12 17:08:04,956 [f3fc0661-daf3-46cc-b6b9-cf28bd2102cf-groupManagement] INFO  server.RaftServerConfigKeys (ConfUtils.java:logGet(46)) - raft.server.log.statemachine.data.read.timeout = 1000ms (default)
2024-06-12 17:08:04,956 [f3fc0661-daf3-46cc-b6b9-cf28bd2102cf-groupManagement] INFO  server.RaftServerConfigKeys (ConfUtils.java:logGet(46)) - raft.server.log.purge.preservation.log.num = 0 (default)
2024-06-12 17:08:04,957 [EventQueue-OpenPipelineForHealthyPipelineSafeModeRule] INFO  safemode.SCMSafeModeManager (HealthyPipelineSafeModeRule.java:process(140)) - SCM in safe mode. Healthy pipelines reported count is 0, required healthy pipeline reported count is 1
2024-06-12 17:08:04,958 [f3fc0661-daf3-46cc-b6b9-cf28bd2102cf-groupManagement] INFO  server.RaftServerConfigKeys (ConfUtils.java:logGet(46)) - raft.server.log.segment.size.max = 67108864 (custom)
2024-06-12 17:08:04,959 [f3fc0661-daf3-46cc-b6b9-cf28bd2102cf-groupManagement] INFO  server.RaftServerConfigKeys (ConfUtils.java:logGet(46)) - raft.server.log.segment.cache.num.max = 2 (custom)
2024-06-12 17:08:04,959 [f3fc0661-daf3-46cc-b6b9-cf28bd2102cf-groupManagement] INFO  server.RaftServerConfigKeys (ConfUtils.java:logGet(46)) - raft.server.log.segment.cache.size.max = 200MB (=209715200) (default)
2024-06-12 17:08:04,959 [f3fc0661-daf3-46cc-b6b9-cf28bd2102cf-groupManagement] INFO  server.RaftServerConfigKeys (ConfUtils.java:logGet(46)) - raft.server.log.appender.buffer.byte-limit = 8388608 (custom)
2024-06-12 17:08:04,959 [f3fc0661-daf3-46cc-b6b9-cf28bd2102cf-groupManagement] INFO  util.AwaitToRun (AwaitToRun.java:start(81)) - Thread[f3fc0661-daf3-46cc-b6b9-cf28bd2102cf@group-16F1E0710B8C-cacheEviction-AwaitToRun,5,main] started
2024-06-12 17:08:04,959 [f3fc0661-daf3-46cc-b6b9-cf28bd2102cf-groupManagement] INFO  segmented.SegmentedRaftLogWorker (SegmentedRaftLogWorker.java:<init>(182)) - new f3fc0661-daf3-46cc-b6b9-cf28bd2102cf@group-16F1E0710B8C-SegmentedRaftLogWorker for RaftStorageImpl:Storage Directory /home/runner/work/ozone/ozone/hadoop-ozone/integration-test/target/test-dir/MiniOzoneClusterImpl-0353e991-6c3e-4832-95ff-5850d237b4c9/ozone-meta/datanode-2/ratis/17d09cab-d0cf-4e70-b251-16f1e0710b8c
2024-06-12 17:08:04,959 [f3fc0661-daf3-46cc-b6b9-cf28bd2102cf-groupManagement] INFO  server.RaftServerConfigKeys (ConfUtils.java:logGet(46)) - raft.server.log.queue.byte-limit = 4294967296 (custom)
2024-06-12 17:08:04,959 [f3fc0661-daf3-46cc-b6b9-cf28bd2102cf-groupManagement] INFO  server.RaftServerConfigKeys (ConfUtils.java:logGet(46)) - raft.server.log.queue.element-limit = 1024 (custom)
2024-06-12 17:08:04,959 [f3fc0661-daf3-46cc-b6b9-cf28bd2102cf-groupManagement] INFO  server.RaftServerConfigKeys (ConfUtils.java:logGet(46)) - raft.server.log.segment.size.max = 67108864 (custom)
2024-06-12 17:08:04,959 [f3fc0661-daf3-46cc-b6b9-cf28bd2102cf-groupManagement] INFO  server.RaftServerConfigKeys (ConfUtils.java:logGet(46)) - raft.server.log.preallocated.size = 4194304 (custom)
2024-06-12 17:08:04,959 [f3fc0661-daf3-46cc-b6b9-cf28bd2102cf-groupManagement] INFO  server.RaftServerConfigKeys (ConfUtils.java:logGet(46)) - raft.server.log.force.sync.num = 128 (default)
2024-06-12 17:08:04,959 [f3fc0661-daf3-46cc-b6b9-cf28bd2102cf-groupManagement] INFO  server.RaftServerConfigKeys (ConfUtils.java:logGet(46)) - raft.server.log.statemachine.data.sync = true (default)
2024-06-12 17:08:04,960 [f3fc0661-daf3-46cc-b6b9-cf28bd2102cf-groupManagement] INFO  server.RaftServerConfigKeys (ConfUtils.java:logGet(46)) - raft.server.log.statemachine.data.sync.timeout = 10s (default)
2024-06-12 17:08:04,960 [f3fc0661-daf3-46cc-b6b9-cf28bd2102cf-groupManagement] INFO  server.RaftServerConfigKeys (ConfUtils.java:logGet(46)) - raft.server.log.statemachine.data.sync.timeout.retry = 30 (custom)
2024-06-12 17:08:04,960 [f3fc0661-daf3-46cc-b6b9-cf28bd2102cf-groupManagement] INFO  server.RaftServerConfigKeys (ConfUtils.java:logGet(46)) - raft.server.log.write.buffer.size = 8388616 (custom)
2024-06-12 17:08:04,962 [f3fc0661-daf3-46cc-b6b9-cf28bd2102cf-groupManagement] INFO  server.RaftServerConfigKeys (ConfUtils.java:logGet(46)) - raft.server.log.appender.buffer.byte-limit = 8388608 (custom)
2024-06-12 17:08:04,962 [f3fc0661-daf3-46cc-b6b9-cf28bd2102cf-groupManagement] INFO  server.RaftServerConfigKeys (ConfUtils.java:logGet(46)) - raft.server.log.unsafe-flush.enabled = false (default)
2024-06-12 17:08:04,962 [f3fc0661-daf3-46cc-b6b9-cf28bd2102cf-groupManagement] INFO  server.RaftServerConfigKeys (ConfUtils.java:logGet(46)) - raft.server.log.async-flush.enabled = false (default)
2024-06-12 17:08:04,962 [f3fc0661-daf3-46cc-b6b9-cf28bd2102cf-groupManagement] INFO  server.RaftServerConfigKeys (ConfUtils.java:logGet(46)) - raft.server.log.statemachine.data.caching.enabled = true (custom)
2024-06-12 17:08:04,962 [f3fc0661-daf3-46cc-b6b9-cf28bd2102cf-groupManagement] INFO  segmented.SegmentedRaftLogWorker (SegmentedRaftLogWorker.java:lambda$new$0(134)) - f3fc0661-daf3-46cc-b6b9-cf28bd2102cf@group-16F1E0710B8C-SegmentedRaftLogWorker: flushIndex: setUnconditionally 0 -> -1
2024-06-12 17:08:04,963 [f3fc0661-daf3-46cc-b6b9-cf28bd2102cf-groupManagement] INFO  segmented.SegmentedRaftLogWorker (SegmentedRaftLogWorker.java:lambda$new$0(134)) - f3fc0661-daf3-46cc-b6b9-cf28bd2102cf@group-16F1E0710B8C-SegmentedRaftLogWorker: safeCacheEvictIndex: setUnconditionally 0 -> -1
2024-06-12 17:08:04,963 [f3fc0661-daf3-46cc-b6b9-cf28bd2102cf-groupManagement] INFO  server.RaftServer$Division (RaftServerImpl.java:start(396)) - f3fc0661-daf3-46cc-b6b9-cf28bd2102cf@group-16F1E0710B8C: start as a follower, conf=-1: peers:[92e0ccad-9c5a-447b-b545-333a3cb7e193|127.0.0.1:15085, 691380cd-fa1e-45b9-9936-538793566ee4|127.0.0.1:15067, f3fc0661-daf3-46cc-b6b9-cf28bd2102cf|127.0.0.1:15076]|listeners:[], old=null
2024-06-12 17:08:04,963 [f3fc0661-daf3-46cc-b6b9-cf28bd2102cf-groupManagement] INFO  server.RaftServer$Division (RaftServerImpl.java:setRole(383)) - f3fc0661-daf3-46cc-b6b9-cf28bd2102cf@group-16F1E0710B8C: changes role from      null to FOLLOWER at term 0 for startAsFollower
2024-06-12 17:08:04,963 [f3fc0661-daf3-46cc-b6b9-cf28bd2102cf-groupManagement] INFO  impl.RoleInfo (RoleInfo.java:updateAndGet(139)) - f3fc0661-daf3-46cc-b6b9-cf28bd2102cf: start f3fc0661-daf3-46cc-b6b9-cf28bd2102cf@group-16F1E0710B8C-FollowerState
2024-06-12 17:08:04,963 [f3fc0661-daf3-46cc-b6b9-cf28bd2102cf@group-16F1E0710B8C-FollowerState] INFO  server.RaftServerConfigKeys (ConfUtils.java:logFallback(53)) - raft.server.rpc.first-election.timeout.min = 5s (fallback to raft.server.rpc.timeout.min)
2024-06-12 17:08:04,963 [f3fc0661-daf3-46cc-b6b9-cf28bd2102cf-groupManagement] INFO  util.JmxRegister (JmxRegister.java:tryRegister(44)) - Successfully registered JMX Bean with object name Ratis:service=RaftServer,group=group-16F1E0710B8C,id=f3fc0661-daf3-46cc-b6b9-cf28bd2102cf
2024-06-12 17:08:04,963 [f3fc0661-daf3-46cc-b6b9-cf28bd2102cf-groupManagement] INFO  server.RaftServerConfigKeys (ConfUtils.java:logGet(46)) - raft.server.snapshot.trigger-when-stop.enabled = true (default)
2024-06-12 17:08:04,963 [f3fc0661-daf3-46cc-b6b9-cf28bd2102cf-groupManagement] INFO  server.RaftServerConfigKeys (ConfUtils.java:logGet(46)) - raft.server.snapshot.auto.trigger.enabled = true (custom)
2024-06-12 17:08:04,963 [f3fc0661-daf3-46cc-b6b9-cf28bd2102cf-groupManagement] INFO  server.RaftServerConfigKeys (ConfUtils.java:logGet(46)) - raft.server.snapshot.auto.trigger.threshold = 10000 (custom)
2024-06-12 17:08:04,964 [f3fc0661-daf3-46cc-b6b9-cf28bd2102cf-groupManagement] INFO  server.RaftServerConfigKeys (ConfUtils.java:logGet(46)) - raft.server.snapshot.retention.file.num = 5 (custom)
2024-06-12 17:08:04,964 [f3fc0661-daf3-46cc-b6b9-cf28bd2102cf-groupManagement] INFO  server.RaftServerConfigKeys (ConfUtils.java:logGet(46)) - raft.server.log.purge.upto.snapshot.index = false (default)
2024-06-12 17:08:04,963 [f3fc0661-daf3-46cc-b6b9-cf28bd2102cf@group-16F1E0710B8C-FollowerState] INFO  server.RaftServerConfigKeys (ConfUtils.java:logFallback(53)) - raft.server.rpc.first-election.timeout.max = 5200ms (fallback to raft.server.rpc.timeout.max)
2024-06-12 17:08:04,965 [f3fc0661-daf3-46cc-b6b9-cf28bd2102cf-groupManagement] INFO  server.RaftServerConfigKeys (ConfUtils.java:logGet(46)) - raft.server.storage.free-space.min = 0MB (=0) (default)
2024-06-12 17:08:04,965 [f3fc0661-daf3-46cc-b6b9-cf28bd2102cf-groupManagement] INFO  server.RaftServerConfigKeys (ConfUtils.java:logGet(46)) - raft.server.log.corruption.policy = EXCEPTION (default)
2024-06-12 17:08:04,965 [f3fc0661-daf3-46cc-b6b9-cf28bd2102cf-groupManagement] INFO  server.RaftServerConfigKeys (ConfUtils.java:logGet(46)) - raft.server.storage.dir = [/home/runner/work/ozone/ozone/hadoop-ozone/integration-test/target/test-dir/MiniOzoneClusterImpl-0353e991-6c3e-4832-95ff-5850d237b4c9/ozone-meta/datanode-2/ratis] (custom)
2024-06-12 17:08:04,965 [f3fc0661-daf3-46cc-b6b9-cf28bd2102cf-groupManagement] INFO  storage.RaftStorageDirectory (RaftStorageDirectoryImpl.java:analyzeStorage(138)) - The storage directory /home/runner/work/ozone/ozone/hadoop-ozone/integration-test/target/test-dir/MiniOzoneClusterImpl-0353e991-6c3e-4832-95ff-5850d237b4c9/ozone-meta/datanode-2/ratis/ca4914a1-8eb5-4970-ac5d-06c4850d5be6 does not exist. Creating ...
2024-06-12 17:08:04,966 [f3fc0661-daf3-46cc-b6b9-cf28bd2102cf-groupManagement] INFO  storage.RaftStorageDirectory (RaftStorageDirectoryImpl.java:tryLock(228)) - Lock on /home/runner/work/ozone/ozone/hadoop-ozone/integration-test/target/test-dir/MiniOzoneClusterImpl-0353e991-6c3e-4832-95ff-5850d237b4c9/ozone-meta/datanode-2/ratis/ca4914a1-8eb5-4970-ac5d-06c4850d5be6/in_use.lock acquired by nodename 9416@fv-az571-250
2024-06-12 17:08:04,968 [f3fc0661-daf3-46cc-b6b9-cf28bd2102cf-groupManagement] INFO  storage.RaftStorage (RaftStorageImpl.java:format(99)) - Storage directory /home/runner/work/ozone/ozone/hadoop-ozone/integration-test/target/test-dir/MiniOzoneClusterImpl-0353e991-6c3e-4832-95ff-5850d237b4c9/ozone-meta/datanode-2/ratis/ca4914a1-8eb5-4970-ac5d-06c4850d5be6 has been successfully formatted.
2024-06-12 17:08:04,968 [f3fc0661-daf3-46cc-b6b9-cf28bd2102cf-groupManagement] WARN  util.FileUtils (LogUtils.java:supplyAndLog(63)) - Failed to Files.newInputStream /home/runner/work/ozone/ozone/hadoop-ozone/integration-test/target/test-dir/MiniOzoneClusterImpl-0353e991-6c3e-4832-95ff-5850d237b4c9/ozone-meta/datanode-2/ratis/ca4914a1-8eb5-4970-ac5d-06c4850d5be6/current/raft-meta.conf with options []: java.nio.file.NoSuchFileException: /home/runner/work/ozone/ozone/hadoop-ozone/integration-test/target/test-dir/MiniOzoneClusterImpl-0353e991-6c3e-4832-95ff-5850d237b4c9/ozone-meta/datanode-2/ratis/ca4914a1-8eb5-4970-ac5d-06c4850d5be6/current/raft-meta.conf
2024-06-12 17:08:04,968 [f3fc0661-daf3-46cc-b6b9-cf28bd2102cf-groupManagement] INFO  ratis.ContainerStateMachine (ContainerStateMachine.java:loadSnapshot(287)) - group-06C4850D5BE6: The snapshot info is null. Setting the last applied index to:(t:0, i:~)
2024-06-12 17:08:04,968 [f3fc0661-daf3-46cc-b6b9-cf28bd2102cf-groupManagement] INFO  server.RaftServerConfigKeys (ConfUtils.java:logGet(46)) - raft.server.log.use.memory = false (default)
2024-06-12 17:08:04,968 [f3fc0661-daf3-46cc-b6b9-cf28bd2102cf-groupManagement] INFO  server.RaftServerConfigKeys (ConfUtils.java:logGet(46)) - raft.server.log.purge.gap = 1000000 (custom)
2024-06-12 17:08:04,968 [f3fc0661-daf3-46cc-b6b9-cf28bd2102cf-groupManagement] INFO  server.RaftServerConfigKeys (ConfUtils.java:logGet(46)) - raft.server.log.appender.buffer.byte-limit = 8388608 (custom)
2024-06-12 17:08:04,968 [f3fc0661-daf3-46cc-b6b9-cf28bd2102cf-groupManagement] INFO  server.RaftServerConfigKeys (ConfUtils.java:logGet(46)) - raft.server.log.statemachine.data.read.timeout = 1000ms (default)
2024-06-12 17:08:04,969 [f3fc0661-daf3-46cc-b6b9-cf28bd2102cf-groupManagement] INFO  server.RaftServerConfigKeys (ConfUtils.java:logGet(46)) - raft.server.log.purge.preservation.log.num = 0 (default)
2024-06-12 17:08:04,970 [f3fc0661-daf3-46cc-b6b9-cf28bd2102cf-groupManagement] INFO  server.RaftServerConfigKeys (ConfUtils.java:logGet(46)) - raft.server.log.segment.size.max = 67108864 (custom)
2024-06-12 17:08:04,970 [f3fc0661-daf3-46cc-b6b9-cf28bd2102cf-groupManagement] INFO  server.RaftServerConfigKeys (ConfUtils.java:logGet(46)) - raft.server.log.segment.cache.num.max = 2 (custom)
2024-06-12 17:08:04,970 [f3fc0661-daf3-46cc-b6b9-cf28bd2102cf-groupManagement] INFO  server.RaftServerConfigKeys (ConfUtils.java:logGet(46)) - raft.server.log.segment.cache.size.max = 200MB (=209715200) (default)
2024-06-12 17:08:04,970 [f3fc0661-daf3-46cc-b6b9-cf28bd2102cf-groupManagement] INFO  server.RaftServerConfigKeys (ConfUtils.java:logGet(46)) - raft.server.log.appender.buffer.byte-limit = 8388608 (custom)
2024-06-12 17:08:04,970 [EventQueue-OpenPipelineForHealthyPipelineSafeModeRule] INFO  safemode.SCMSafeModeManager (HealthyPipelineSafeModeRule.java:process(140)) - SCM in safe mode. Healthy pipelines reported count is 0, required healthy pipeline reported count is 1
2024-06-12 17:08:04,975 [f3fc0661-daf3-46cc-b6b9-cf28bd2102cf-groupManagement] INFO  util.AwaitToRun (AwaitToRun.java:start(81)) - Thread[f3fc0661-daf3-46cc-b6b9-cf28bd2102cf@group-06C4850D5BE6-cacheEviction-AwaitToRun,5,main] started
2024-06-12 17:08:04,975 [f3fc0661-daf3-46cc-b6b9-cf28bd2102cf-groupManagement] INFO  segmented.SegmentedRaftLogWorker (SegmentedRaftLogWorker.java:<init>(182)) - new f3fc0661-daf3-46cc-b6b9-cf28bd2102cf@group-06C4850D5BE6-SegmentedRaftLogWorker for RaftStorageImpl:Storage Directory /home/runner/work/ozone/ozone/hadoop-ozone/integration-test/target/test-dir/MiniOzoneClusterImpl-0353e991-6c3e-4832-95ff-5850d237b4c9/ozone-meta/datanode-2/ratis/ca4914a1-8eb5-4970-ac5d-06c4850d5be6
2024-06-12 17:08:04,975 [f3fc0661-daf3-46cc-b6b9-cf28bd2102cf-groupManagement] INFO  server.RaftServerConfigKeys (ConfUtils.java:logGet(46)) - raft.server.log.queue.byte-limit = 4294967296 (custom)
2024-06-12 17:08:04,975 [f3fc0661-daf3-46cc-b6b9-cf28bd2102cf-groupManagement] INFO  server.RaftServerConfigKeys (ConfUtils.java:logGet(46)) - raft.server.log.queue.element-limit = 1024 (custom)
2024-06-12 17:08:04,975 [f3fc0661-daf3-46cc-b6b9-cf28bd2102cf-groupManagement] INFO  server.RaftServerConfigKeys (ConfUtils.java:logGet(46)) - raft.server.log.segment.size.max = 67108864 (custom)
2024-06-12 17:08:04,975 [f3fc0661-daf3-46cc-b6b9-cf28bd2102cf-groupManagement] INFO  server.RaftServerConfigKeys (ConfUtils.java:logGet(46)) - raft.server.log.preallocated.size = 4194304 (custom)
2024-06-12 17:08:04,975 [f3fc0661-daf3-46cc-b6b9-cf28bd2102cf-groupManagement] INFO  server.RaftServerConfigKeys (ConfUtils.java:logGet(46)) - raft.server.log.force.sync.num = 128 (default)
2024-06-12 17:08:04,975 [f3fc0661-daf3-46cc-b6b9-cf28bd2102cf-groupManagement] INFO  server.RaftServerConfigKeys (ConfUtils.java:logGet(46)) - raft.server.log.statemachine.data.sync = true (default)
2024-06-12 17:08:04,975 [f3fc0661-daf3-46cc-b6b9-cf28bd2102cf-groupManagement] INFO  server.RaftServerConfigKeys (ConfUtils.java:logGet(46)) - raft.server.log.statemachine.data.sync.timeout = 10s (default)
2024-06-12 17:08:04,975 [f3fc0661-daf3-46cc-b6b9-cf28bd2102cf-groupManagement] INFO  server.RaftServerConfigKeys (ConfUtils.java:logGet(46)) - raft.server.log.statemachine.data.sync.timeout.retry = 30 (custom)
2024-06-12 17:08:04,975 [f3fc0661-daf3-46cc-b6b9-cf28bd2102cf-groupManagement] INFO  server.RaftServerConfigKeys (ConfUtils.java:logGet(46)) - raft.server.log.write.buffer.size = 8388616 (custom)
2024-06-12 17:08:04,978 [f3fc0661-daf3-46cc-b6b9-cf28bd2102cf-groupManagement] INFO  server.RaftServerConfigKeys (ConfUtils.java:logGet(46)) - raft.server.log.appender.buffer.byte-limit = 8388608 (custom)
2024-06-12 17:08:04,978 [f3fc0661-daf3-46cc-b6b9-cf28bd2102cf-groupManagement] INFO  server.RaftServerConfigKeys (ConfUtils.java:logGet(46)) - raft.server.log.unsafe-flush.enabled = false (default)
2024-06-12 17:08:04,978 [f3fc0661-daf3-46cc-b6b9-cf28bd2102cf-groupManagement] INFO  server.RaftServerConfigKeys (ConfUtils.java:logGet(46)) - raft.server.log.async-flush.enabled = false (default)
2024-06-12 17:08:04,978 [f3fc0661-daf3-46cc-b6b9-cf28bd2102cf-groupManagement] INFO  server.RaftServerConfigKeys (ConfUtils.java:logGet(46)) - raft.server.log.statemachine.data.caching.enabled = true (custom)
2024-06-12 17:08:04,978 [f3fc0661-daf3-46cc-b6b9-cf28bd2102cf-groupManagement] INFO  segmented.SegmentedRaftLogWorker (SegmentedRaftLogWorker.java:lambda$new$0(134)) - f3fc0661-daf3-46cc-b6b9-cf28bd2102cf@group-06C4850D5BE6-SegmentedRaftLogWorker: flushIndex: setUnconditionally 0 -> -1
2024-06-12 17:08:04,978 [f3fc0661-daf3-46cc-b6b9-cf28bd2102cf-groupManagement] INFO  segmented.SegmentedRaftLogWorker (SegmentedRaftLogWorker.java:lambda$new$0(134)) - f3fc0661-daf3-46cc-b6b9-cf28bd2102cf@group-06C4850D5BE6-SegmentedRaftLogWorker: safeCacheEvictIndex: setUnconditionally 0 -> -1
2024-06-12 17:08:04,985 [f3fc0661-daf3-46cc-b6b9-cf28bd2102cf-groupManagement] INFO  server.RaftServer$Division (RaftServerImpl.java:start(396)) - f3fc0661-daf3-46cc-b6b9-cf28bd2102cf@group-06C4850D5BE6: start as a follower, conf=-1: peers:[92e0ccad-9c5a-447b-b545-333a3cb7e193|127.0.0.1:15085, 691380cd-fa1e-45b9-9936-538793566ee4|127.0.0.1:15067, f3fc0661-daf3-46cc-b6b9-cf28bd2102cf|127.0.0.1:15076]|listeners:[], old=null
2024-06-12 17:08:04,986 [f3fc0661-daf3-46cc-b6b9-cf28bd2102cf-groupManagement] INFO  server.RaftServer$Division (RaftServerImpl.java:setRole(383)) - f3fc0661-daf3-46cc-b6b9-cf28bd2102cf@group-06C4850D5BE6: changes role from      null to FOLLOWER at term 0 for startAsFollower
2024-06-12 17:08:04,986 [f3fc0661-daf3-46cc-b6b9-cf28bd2102cf-groupManagement] INFO  impl.RoleInfo (RoleInfo.java:updateAndGet(139)) - f3fc0661-daf3-46cc-b6b9-cf28bd2102cf: start f3fc0661-daf3-46cc-b6b9-cf28bd2102cf@group-06C4850D5BE6-FollowerState
2024-06-12 17:08:04,989 [grpc-default-executor-0] INFO  server.RaftServer (RaftServerProxy.java:addNew(100)) - 92e0ccad-9c5a-447b-b545-333a3cb7e193: addNew group-16F1E0710B8C:[92e0ccad-9c5a-447b-b545-333a3cb7e193|127.0.0.1:15085, 691380cd-fa1e-45b9-9936-538793566ee4|127.0.0.1:15067, f3fc0661-daf3-46cc-b6b9-cf28bd2102cf|127.0.0.1:15076] returns group-16F1E0710B8C:java.util.concurrent.CompletableFuture@4d302a8f[Not completed]
2024-06-12 17:08:04,989 [f3fc0661-daf3-46cc-b6b9-cf28bd2102cf-groupManagement] INFO  util.JmxRegister (JmxRegister.java:tryRegister(44)) - Successfully registered JMX Bean with object name Ratis:service=RaftServer,group=group-06C4850D5BE6,id=f3fc0661-daf3-46cc-b6b9-cf28bd2102cf
2024-06-12 17:08:04,989 [f3fc0661-daf3-46cc-b6b9-cf28bd2102cf-groupManagement] INFO  server.RaftServerConfigKeys (ConfUtils.java:logGet(46)) - raft.server.snapshot.trigger-when-stop.enabled = true (default)
2024-06-12 17:08:04,990 [f3fc0661-daf3-46cc-b6b9-cf28bd2102cf-groupManagement] INFO  server.RaftServerConfigKeys (ConfUtils.java:logGet(46)) - raft.server.snapshot.auto.trigger.enabled = true (custom)
2024-06-12 17:08:04,990 [f3fc0661-daf3-46cc-b6b9-cf28bd2102cf-groupManagement] INFO  server.RaftServerConfigKeys (ConfUtils.java:logGet(46)) - raft.server.snapshot.auto.trigger.threshold = 10000 (custom)
2024-06-12 17:08:04,990 [f3fc0661-daf3-46cc-b6b9-cf28bd2102cf-groupManagement] INFO  server.RaftServerConfigKeys (ConfUtils.java:logGet(46)) - raft.server.snapshot.retention.file.num = 5 (custom)
2024-06-12 17:08:04,990 [f3fc0661-daf3-46cc-b6b9-cf28bd2102cf-groupManagement] INFO  server.RaftServerConfigKeys (ConfUtils.java:logGet(46)) - raft.server.log.purge.upto.snapshot.index = false (default)
2024-06-12 17:08:04,990 [92e0ccad-9c5a-447b-b545-333a3cb7e193-groupManagement] INFO  server.RaftServer$Division (RaftServerImpl.java:<init>(256)) - 92e0ccad-9c5a-447b-b545-333a3cb7e193: new RaftServerImpl for group-16F1E0710B8C:[92e0ccad-9c5a-447b-b545-333a3cb7e193|127.0.0.1:15085, 691380cd-fa1e-45b9-9936-538793566ee4|127.0.0.1:15067, f3fc0661-daf3-46cc-b6b9-cf28bd2102cf|127.0.0.1:15076] with ContainerStateMachine:uninitialized
2024-06-12 17:08:04,990 [92e0ccad-9c5a-447b-b545-333a3cb7e193-groupManagement] INFO  server.RaftServerConfigKeys (ConfUtils.java:logGet(46)) - raft.server.rpc.timeout.min = 5s (custom)
2024-06-12 17:08:04,990 [92e0ccad-9c5a-447b-b545-333a3cb7e193-groupManagement] INFO  server.RaftServerConfigKeys (ConfUtils.java:logGet(46)) - raft.server.rpc.timeout.max = 5200ms (custom)
2024-06-12 17:08:04,990 [92e0ccad-9c5a-447b-b545-333a3cb7e193-groupManagement] INFO  server.RaftServerConfigKeys (ConfUtils.java:logGet(46)) - raft.server.rpc.sleep.time = 25ms (default)
2024-06-12 17:08:04,990 [92e0ccad-9c5a-447b-b545-333a3cb7e193-groupManagement] INFO  server.RaftServerConfigKeys (ConfUtils.java:logGet(46)) - raft.server.rpc.slowness.timeout = 300000ms (custom)
2024-06-12 17:08:04,991 [92e0ccad-9c5a-447b-b545-333a3cb7e193-groupManagement] INFO  server.RaftServerConfigKeys (ConfUtils.java:logGet(46)) - raft.server.leaderelection.leader.step-down.wait-time = 10s (default)
2024-06-12 17:08:04,991 [92e0ccad-9c5a-447b-b545-333a3cb7e193-groupManagement] INFO  server.RaftServerConfigKeys (ConfUtils.java:logGet(46)) - raft.server.leaderelection.member.majority-add = false (default)
2024-06-12 17:08:04,991 [92e0ccad-9c5a-447b-b545-333a3cb7e193-groupManagement] INFO  server.RaftServerConfigKeys (ConfUtils.java:logGet(46)) - raft.server.sleep.deviation.threshold = 300ms (default)
2024-06-12 17:08:04,991 [92e0ccad-9c5a-447b-b545-333a3cb7e193-groupManagement] INFO  server.RaftServer$Division (ServerState.java:<init>(113)) - 92e0ccad-9c5a-447b-b545-333a3cb7e193@group-16F1E0710B8C: ConfigurationManager, init=-1: peers:[92e0ccad-9c5a-447b-b545-333a3cb7e193|127.0.0.1:15085, 691380cd-fa1e-45b9-9936-538793566ee4|127.0.0.1:15067, f3fc0661-daf3-46cc-b6b9-cf28bd2102cf|127.0.0.1:15076]|listeners:[], old=null, confs=<EMPTY_MAP>
2024-06-12 17:08:04,991 [92e0ccad-9c5a-447b-b545-333a3cb7e193-groupManagement] INFO  server.RaftServerConfigKeys (ConfUtils.java:logGet(46)) - raft.server.notification.no-leader.timeout = 300000ms (custom)
2024-06-12 17:08:04,991 [92e0ccad-9c5a-447b-b545-333a3cb7e193-groupManagement] INFO  server.RaftServerConfigKeys (ConfUtils.java:logGet(46)) - raft.server.read.timeout = 10s (default)
2024-06-12 17:08:04,991 [92e0ccad-9c5a-447b-b545-333a3cb7e193-groupManagement] INFO  server.RaftServerConfigKeys (ConfUtils.java:logGet(46)) - raft.server.retrycache.expirytime = 600000ms (custom)
2024-06-12 17:08:04,991 [92e0ccad-9c5a-447b-b545-333a3cb7e193-groupManagement] INFO  server.RaftServerConfigKeys (ConfUtils.java:logGet(46)) - raft.server.retrycache.statistics.expirytime = 100ms (default)
2024-06-12 17:08:04,991 [92e0ccad-9c5a-447b-b545-333a3cb7e193-groupManagement] INFO  server.RaftServerConfigKeys (ConfUtils.java:logGet(46)) - raft.server.read.option = DEFAULT (default)
2024-06-12 17:08:04,991 [92e0ccad-9c5a-447b-b545-333a3cb7e193-groupManagement] INFO  server.RaftServerConfigKeys (ConfUtils.java:logGet(46)) - raft.server.read.read-after-write-consistent.write-index-cache.expiry-time = 60s (default)
2024-06-12 17:08:04,992 [f3fc0661-daf3-46cc-b6b9-cf28bd2102cf@group-06C4850D5BE6-FollowerState] INFO  server.RaftServerConfigKeys (ConfUtils.java:logFallback(53)) - raft.server.rpc.first-election.timeout.min = 5s (fallback to raft.server.rpc.timeout.min)
2024-06-12 17:08:04,993 [f3fc0661-daf3-46cc-b6b9-cf28bd2102cf@group-06C4850D5BE6-FollowerState] INFO  server.RaftServerConfigKeys (ConfUtils.java:logFallback(53)) - raft.server.rpc.first-election.timeout.max = 5200ms (fallback to raft.server.rpc.timeout.max)
2024-06-12 17:08:04,993 [f3fc0661-daf3-46cc-b6b9-cf28bd2102cf-PipelineCommandHandlerThread-0] INFO  ratis.XceiverServerRatis (XceiverServerRatis.java:addGroup(864)) - Created group PipelineID=ca4914a1-8eb5-4970-ac5d-06c4850d5be6
2024-06-12 17:08:04,994 [92e0ccad-9c5a-447b-b545-333a3cb7e193-groupManagement] INFO  server.RaftServerConfigKeys (ConfUtils.java:logGet(46)) - raft.server.rpc.request.timeout = 3000ms (default)
2024-06-12 17:08:04,994 [92e0ccad-9c5a-447b-b545-333a3cb7e193-groupManagement] INFO  server.RaftServerConfigKeys (ConfUtils.java:logGet(46)) - raft.server.log.appender.install.snapshot.enabled = false (custom)
2024-06-12 17:08:04,995 [92e0ccad-9c5a-447b-b545-333a3cb7e193-groupManagement] INFO  server.RaftServerConfigKeys (ConfUtils.java:logGet(46)) - raft.server.threadpool.server.cached = true (default)
2024-06-12 17:08:04,995 [92e0ccad-9c5a-447b-b545-333a3cb7e193-groupManagement] INFO  server.RaftServerConfigKeys (ConfUtils.java:logGet(46)) - raft.server.threadpool.server.size = 0 (default)
2024-06-12 17:08:04,995 [92e0ccad-9c5a-447b-b545-333a3cb7e193-groupManagement] INFO  server.RaftServerConfigKeys (ConfUtils.java:logGet(46)) - raft.server.threadpool.client.cached = true (default)
2024-06-12 17:08:04,996 [92e0ccad-9c5a-447b-b545-333a3cb7e193-groupManagement] INFO  server.RaftServerConfigKeys (ConfUtils.java:logGet(46)) - raft.server.threadpool.client.size = 0 (default)
2024-06-12 17:08:04,996 [92e0ccad-9c5a-447b-b545-333a3cb7e193-groupManagement] INFO  server.RaftServerConfigKeys (ConfUtils.java:logGet(46)) - raft.server.storage.free-space.min = 0MB (=0) (default)
2024-06-12 17:08:04,996 [92e0ccad-9c5a-447b-b545-333a3cb7e193-groupManagement] INFO  server.RaftServerConfigKeys (ConfUtils.java:logGet(46)) - raft.server.log.corruption.policy = EXCEPTION (default)
2024-06-12 17:08:04,997 [92e0ccad-9c5a-447b-b545-333a3cb7e193-groupManagement] INFO  server.RaftServerConfigKeys (ConfUtils.java:logGet(46)) - raft.server.storage.dir = [/home/runner/work/ozone/ozone/hadoop-ozone/integration-test/target/test-dir/MiniOzoneClusterImpl-0353e991-6c3e-4832-95ff-5850d237b4c9/ozone-meta/datanode-3/ratis] (custom)
2024-06-12 17:08:04,997 [92e0ccad-9c5a-447b-b545-333a3cb7e193-groupManagement] INFO  storage.RaftStorageDirectory (RaftStorageDirectoryImpl.java:analyzeStorage(138)) - The storage directory /home/runner/work/ozone/ozone/hadoop-ozone/integration-test/target/test-dir/MiniOzoneClusterImpl-0353e991-6c3e-4832-95ff-5850d237b4c9/ozone-meta/datanode-3/ratis/17d09cab-d0cf-4e70-b251-16f1e0710b8c does not exist. Creating ...
2024-06-12 17:08:05,000 [92e0ccad-9c5a-447b-b545-333a3cb7e193-PipelineCommandHandlerThread-0] INFO  server.RaftServer (RaftServerProxy.java:addNew(100)) - 92e0ccad-9c5a-447b-b545-333a3cb7e193: addNew group-14248575D398:[92e0ccad-9c5a-447b-b545-333a3cb7e193|127.0.0.1:15085] returns group-14248575D398:java.util.concurrent.CompletableFuture@4fee3c3d[Not completed]
2024-06-12 17:08:05,001 [92e0ccad-9c5a-447b-b545-333a3cb7e193-groupManagement] INFO  storage.RaftStorageDirectory (RaftStorageDirectoryImpl.java:tryLock(228)) - Lock on /home/runner/work/ozone/ozone/hadoop-ozone/integration-test/target/test-dir/MiniOzoneClusterImpl-0353e991-6c3e-4832-95ff-5850d237b4c9/ozone-meta/datanode-3/ratis/17d09cab-d0cf-4e70-b251-16f1e0710b8c/in_use.lock acquired by nodename 9416@fv-az571-250
2024-06-12 17:08:05,002 [grpc-default-executor-0] INFO  server.RaftServer (RaftServerProxy.java:addNew(100)) - 92e0ccad-9c5a-447b-b545-333a3cb7e193: addNew group-06C4850D5BE6:[92e0ccad-9c5a-447b-b545-333a3cb7e193|127.0.0.1:15085, 691380cd-fa1e-45b9-9936-538793566ee4|127.0.0.1:15067, f3fc0661-daf3-46cc-b6b9-cf28bd2102cf|127.0.0.1:15076] returns group-06C4850D5BE6:java.util.concurrent.CompletableFuture@22ecdf03[Not completed]
2024-06-12 17:08:05,005 [92e0ccad-9c5a-447b-b545-333a3cb7e193-groupManagement] INFO  storage.RaftStorage (RaftStorageImpl.java:format(99)) - Storage directory /home/runner/work/ozone/ozone/hadoop-ozone/integration-test/target/test-dir/MiniOzoneClusterImpl-0353e991-6c3e-4832-95ff-5850d237b4c9/ozone-meta/datanode-3/ratis/17d09cab-d0cf-4e70-b251-16f1e0710b8c has been successfully formatted.
2024-06-12 17:08:05,005 [92e0ccad-9c5a-447b-b545-333a3cb7e193-groupManagement] WARN  util.FileUtils (LogUtils.java:supplyAndLog(63)) - Failed to Files.newInputStream /home/runner/work/ozone/ozone/hadoop-ozone/integration-test/target/test-dir/MiniOzoneClusterImpl-0353e991-6c3e-4832-95ff-5850d237b4c9/ozone-meta/datanode-3/ratis/17d09cab-d0cf-4e70-b251-16f1e0710b8c/current/raft-meta.conf with options []: java.nio.file.NoSuchFileException: /home/runner/work/ozone/ozone/hadoop-ozone/integration-test/target/test-dir/MiniOzoneClusterImpl-0353e991-6c3e-4832-95ff-5850d237b4c9/ozone-meta/datanode-3/ratis/17d09cab-d0cf-4e70-b251-16f1e0710b8c/current/raft-meta.conf
2024-06-12 17:08:05,006 [92e0ccad-9c5a-447b-b545-333a3cb7e193-groupManagement] INFO  ratis.ContainerStateMachine (ContainerStateMachine.java:loadSnapshot(287)) - group-16F1E0710B8C: The snapshot info is null. Setting the last applied index to:(t:0, i:~)
2024-06-12 17:08:05,006 [92e0ccad-9c5a-447b-b545-333a3cb7e193-groupManagement] INFO  server.RaftServerConfigKeys (ConfUtils.java:logGet(46)) - raft.server.log.use.memory = false (default)
2024-06-12 17:08:05,007 [92e0ccad-9c5a-447b-b545-333a3cb7e193-groupManagement] INFO  server.RaftServerConfigKeys (ConfUtils.java:logGet(46)) - raft.server.log.purge.gap = 1000000 (custom)
2024-06-12 17:08:05,007 [92e0ccad-9c5a-447b-b545-333a3cb7e193-groupManagement] INFO  server.RaftServerConfigKeys (ConfUtils.java:logGet(46)) - raft.server.log.appender.buffer.byte-limit = 8388608 (custom)
2024-06-12 17:08:05,007 [92e0ccad-9c5a-447b-b545-333a3cb7e193-groupManagement] INFO  server.RaftServerConfigKeys (ConfUtils.java:logGet(46)) - raft.server.log.statemachine.data.read.timeout = 1000ms (default)
2024-06-12 17:08:05,008 [92e0ccad-9c5a-447b-b545-333a3cb7e193-groupManagement] INFO  server.RaftServerConfigKeys (ConfUtils.java:logGet(46)) - raft.server.log.purge.preservation.log.num = 0 (default)
2024-06-12 17:08:05,008 [EventQueue-PipelineReportForPipelineReportHandler] INFO  pipeline.PipelineReportHandler (PipelineReportHandler.java:processPipelineReport(136)) - Opened pipeline PipelineID=d0d87f1c-e118-4c1b-bb4d-14248575d398
2024-06-12 17:08:05,008 [EventQueue-OpenPipelineForHealthyPipelineSafeModeRule] INFO  safemode.SCMSafeModeManager (HealthyPipelineSafeModeRule.java:process(140)) - SCM in safe mode. Healthy pipelines reported count is 0, required healthy pipeline reported count is 1
2024-06-12 17:08:05,009 [92e0ccad-9c5a-447b-b545-333a3cb7e193-groupManagement] INFO  server.RaftServerConfigKeys (ConfUtils.java:logGet(46)) - raft.server.log.segment.size.max = 67108864 (custom)
2024-06-12 17:08:05,010 [92e0ccad-9c5a-447b-b545-333a3cb7e193-groupManagement] INFO  server.RaftServerConfigKeys (ConfUtils.java:logGet(46)) - raft.server.log.segment.cache.num.max = 2 (custom)
2024-06-12 17:08:05,010 [92e0ccad-9c5a-447b-b545-333a3cb7e193-groupManagement] INFO  server.RaftServerConfigKeys (ConfUtils.java:logGet(46)) - raft.server.log.segment.cache.size.max = 200MB (=209715200) (default)
2024-06-12 17:08:05,010 [92e0ccad-9c5a-447b-b545-333a3cb7e193-groupManagement] INFO  server.RaftServerConfigKeys (ConfUtils.java:logGet(46)) - raft.server.log.appender.buffer.byte-limit = 8388608 (custom)
2024-06-12 17:08:05,011 [92e0ccad-9c5a-447b-b545-333a3cb7e193-groupManagement] INFO  util.AwaitToRun (AwaitToRun.java:start(81)) - Thread[92e0ccad-9c5a-447b-b545-333a3cb7e193@group-16F1E0710B8C-cacheEviction-AwaitToRun,5,main] started
2024-06-12 17:08:05,011 [92e0ccad-9c5a-447b-b545-333a3cb7e193-groupManagement] INFO  segmented.SegmentedRaftLogWorker (SegmentedRaftLogWorker.java:<init>(182)) - new 92e0ccad-9c5a-447b-b545-333a3cb7e193@group-16F1E0710B8C-SegmentedRaftLogWorker for RaftStorageImpl:Storage Directory /home/runner/work/ozone/ozone/hadoop-ozone/integration-test/target/test-dir/MiniOzoneClusterImpl-0353e991-6c3e-4832-95ff-5850d237b4c9/ozone-meta/datanode-3/ratis/17d09cab-d0cf-4e70-b251-16f1e0710b8c
2024-06-12 17:08:05,011 [92e0ccad-9c5a-447b-b545-333a3cb7e193-groupManagement] INFO  server.RaftServerConfigKeys (ConfUtils.java:logGet(46)) - raft.server.log.queue.byte-limit = 4294967296 (custom)
2024-06-12 17:08:05,011 [92e0ccad-9c5a-447b-b545-333a3cb7e193-groupManagement] INFO  server.RaftServerConfigKeys (ConfUtils.java:logGet(46)) - raft.server.log.queue.element-limit = 1024 (custom)
2024-06-12 17:08:05,011 [92e0ccad-9c5a-447b-b545-333a3cb7e193-groupManagement] INFO  server.RaftServerConfigKeys (ConfUtils.java:logGet(46)) - raft.server.log.segment.size.max = 67108864 (custom)
2024-06-12 17:08:05,011 [92e0ccad-9c5a-447b-b545-333a3cb7e193-groupManagement] INFO  server.RaftServerConfigKeys (ConfUtils.java:logGet(46)) - raft.server.log.preallocated.size = 4194304 (custom)
2024-06-12 17:08:05,011 [92e0ccad-9c5a-447b-b545-333a3cb7e193-groupManagement] INFO  server.RaftServerConfigKeys (ConfUtils.java:logGet(46)) - raft.server.log.force.sync.num = 128 (default)
2024-06-12 17:08:05,011 [92e0ccad-9c5a-447b-b545-333a3cb7e193-groupManagement] INFO  server.RaftServerConfigKeys (ConfUtils.java:logGet(46)) - raft.server.log.statemachine.data.sync = true (default)
2024-06-12 17:08:05,011 [92e0ccad-9c5a-447b-b545-333a3cb7e193-groupManagement] INFO  server.RaftServerConfigKeys (ConfUtils.java:logGet(46)) - raft.server.log.statemachine.data.sync.timeout = 10s (default)
2024-06-12 17:08:05,011 [92e0ccad-9c5a-447b-b545-333a3cb7e193-groupManagement] INFO  server.RaftServerConfigKeys (ConfUtils.java:logGet(46)) - raft.server.log.statemachine.data.sync.timeout.retry = 30 (custom)
2024-06-12 17:08:05,012 [92e0ccad-9c5a-447b-b545-333a3cb7e193-groupManagement] INFO  server.RaftServerConfigKeys (ConfUtils.java:logGet(46)) - raft.server.log.write.buffer.size = 8388616 (custom)
2024-06-12 17:08:05,014 [92e0ccad-9c5a-447b-b545-333a3cb7e193-groupManagement] INFO  server.RaftServerConfigKeys (ConfUtils.java:logGet(46)) - raft.server.log.appender.buffer.byte-limit = 8388608 (custom)
2024-06-12 17:08:05,014 [92e0ccad-9c5a-447b-b545-333a3cb7e193-groupManagement] INFO  server.RaftServerConfigKeys (ConfUtils.java:logGet(46)) - raft.server.log.unsafe-flush.enabled = false (default)
2024-06-12 17:08:05,014 [92e0ccad-9c5a-447b-b545-333a3cb7e193-groupManagement] INFO  server.RaftServerConfigKeys (ConfUtils.java:logGet(46)) - raft.server.log.async-flush.enabled = false (default)
2024-06-12 17:08:05,014 [92e0ccad-9c5a-447b-b545-333a3cb7e193-groupManagement] INFO  server.RaftServerConfigKeys (ConfUtils.java:logGet(46)) - raft.server.log.statemachine.data.caching.enabled = true (custom)
2024-06-12 17:08:05,015 [92e0ccad-9c5a-447b-b545-333a3cb7e193-groupManagement] INFO  segmented.SegmentedRaftLogWorker (SegmentedRaftLogWorker.java:lambda$new$0(134)) - 92e0ccad-9c5a-447b-b545-333a3cb7e193@group-16F1E0710B8C-SegmentedRaftLogWorker: flushIndex: setUnconditionally 0 -> -1
2024-06-12 17:08:05,015 [92e0ccad-9c5a-447b-b545-333a3cb7e193-groupManagement] INFO  segmented.SegmentedRaftLogWorker (SegmentedRaftLogWorker.java:lambda$new$0(134)) - 92e0ccad-9c5a-447b-b545-333a3cb7e193@group-16F1E0710B8C-SegmentedRaftLogWorker: safeCacheEvictIndex: setUnconditionally 0 -> -1
2024-06-12 17:08:05,015 [92e0ccad-9c5a-447b-b545-333a3cb7e193-groupManagement] INFO  server.RaftServer$Division (RaftServerImpl.java:start(396)) - 92e0ccad-9c5a-447b-b545-333a3cb7e193@group-16F1E0710B8C: start as a follower, conf=-1: peers:[92e0ccad-9c5a-447b-b545-333a3cb7e193|127.0.0.1:15085, 691380cd-fa1e-45b9-9936-538793566ee4|127.0.0.1:15067, f3fc0661-daf3-46cc-b6b9-cf28bd2102cf|127.0.0.1:15076]|listeners:[], old=null
2024-06-12 17:08:05,015 [92e0ccad-9c5a-447b-b545-333a3cb7e193-groupManagement] INFO  server.RaftServer$Division (RaftServerImpl.java:setRole(383)) - 92e0ccad-9c5a-447b-b545-333a3cb7e193@group-16F1E0710B8C: changes role from      null to FOLLOWER at term 0 for startAsFollower
2024-06-12 17:08:05,015 [92e0ccad-9c5a-447b-b545-333a3cb7e193-groupManagement] INFO  impl.RoleInfo (RoleInfo.java:updateAndGet(139)) - 92e0ccad-9c5a-447b-b545-333a3cb7e193: start 92e0ccad-9c5a-447b-b545-333a3cb7e193@group-16F1E0710B8C-FollowerState
2024-06-12 17:08:05,016 [92e0ccad-9c5a-447b-b545-333a3cb7e193@group-16F1E0710B8C-FollowerState] INFO  server.RaftServerConfigKeys (ConfUtils.java:logFallback(53)) - raft.server.rpc.first-election.timeout.min = 5s (fallback to raft.server.rpc.timeout.min)
2024-06-12 17:08:05,016 [92e0ccad-9c5a-447b-b545-333a3cb7e193@group-16F1E0710B8C-FollowerState] INFO  server.RaftServerConfigKeys (ConfUtils.java:logFallback(53)) - raft.server.rpc.first-election.timeout.max = 5200ms (fallback to raft.server.rpc.timeout.max)
2024-06-12 17:08:05,016 [92e0ccad-9c5a-447b-b545-333a3cb7e193-groupManagement] INFO  util.JmxRegister (JmxRegister.java:tryRegister(44)) - Successfully registered JMX Bean with object name Ratis:service=RaftServer,group=group-16F1E0710B8C,id=92e0ccad-9c5a-447b-b545-333a3cb7e193
2024-06-12 17:08:05,016 [92e0ccad-9c5a-447b-b545-333a3cb7e193-groupManagement] INFO  server.RaftServerConfigKeys (ConfUtils.java:logGet(46)) - raft.server.snapshot.trigger-when-stop.enabled = true (default)
2024-06-12 17:08:05,016 [92e0ccad-9c5a-447b-b545-333a3cb7e193-groupManagement] INFO  server.RaftServerConfigKeys (ConfUtils.java:logGet(46)) - raft.server.snapshot.auto.trigger.enabled = true (custom)
2024-06-12 17:08:05,016 [92e0ccad-9c5a-447b-b545-333a3cb7e193-groupManagement] INFO  server.RaftServerConfigKeys (ConfUtils.java:logGet(46)) - raft.server.snapshot.auto.trigger.threshold = 10000 (custom)
2024-06-12 17:08:05,016 [92e0ccad-9c5a-447b-b545-333a3cb7e193-groupManagement] INFO  server.RaftServerConfigKeys (ConfUtils.java:logGet(46)) - raft.server.snapshot.retention.file.num = 5 (custom)
2024-06-12 17:08:05,016 [92e0ccad-9c5a-447b-b545-333a3cb7e193-groupManagement] INFO  server.RaftServerConfigKeys (ConfUtils.java:logGet(46)) - raft.server.log.purge.upto.snapshot.index = false (default)
2024-06-12 17:08:05,019 [92e0ccad-9c5a-447b-b545-333a3cb7e193-groupManagement] INFO  server.RaftServer$Division (RaftServerImpl.java:<init>(256)) - 92e0ccad-9c5a-447b-b545-333a3cb7e193: new RaftServerImpl for group-14248575D398:[92e0ccad-9c5a-447b-b545-333a3cb7e193|127.0.0.1:15085] with ContainerStateMachine:uninitialized
2024-06-12 17:08:05,019 [92e0ccad-9c5a-447b-b545-333a3cb7e193-groupManagement] INFO  server.RaftServerConfigKeys (ConfUtils.java:logGet(46)) - raft.server.rpc.timeout.min = 5s (custom)
2024-06-12 17:08:05,019 [92e0ccad-9c5a-447b-b545-333a3cb7e193-groupManagement] INFO  server.RaftServerConfigKeys (ConfUtils.java:logGet(46)) - raft.server.rpc.timeout.max = 5200ms (custom)
2024-06-12 17:08:05,019 [92e0ccad-9c5a-447b-b545-333a3cb7e193-groupManagement] INFO  server.RaftServerConfigKeys (ConfUtils.java:logGet(46)) - raft.server.rpc.sleep.time = 25ms (default)
2024-06-12 17:08:05,019 [92e0ccad-9c5a-447b-b545-333a3cb7e193-groupManagement] INFO  server.RaftServerConfigKeys (ConfUtils.java:logGet(46)) - raft.server.rpc.slowness.timeout = 300000ms (custom)
2024-06-12 17:08:05,019 [92e0ccad-9c5a-447b-b545-333a3cb7e193-groupManagement] INFO  server.RaftServerConfigKeys (ConfUtils.java:logGet(46)) - raft.server.leaderelection.leader.step-down.wait-time = 10s (default)
2024-06-12 17:08:05,019 [92e0ccad-9c5a-447b-b545-333a3cb7e193-groupManagement] INFO  server.RaftServerConfigKeys (ConfUtils.java:logGet(46)) - raft.server.leaderelection.member.majority-add = false (default)
2024-06-12 17:08:05,019 [92e0ccad-9c5a-447b-b545-333a3cb7e193-groupManagement] INFO  server.RaftServerConfigKeys (ConfUtils.java:logGet(46)) - raft.server.sleep.deviation.threshold = 300ms (default)
2024-06-12 17:08:05,019 [92e0ccad-9c5a-447b-b545-333a3cb7e193-groupManagement] INFO  server.RaftServer$Division (ServerState.java:<init>(113)) - 92e0ccad-9c5a-447b-b545-333a3cb7e193@group-14248575D398: ConfigurationManager, init=-1: peers:[92e0ccad-9c5a-447b-b545-333a3cb7e193|127.0.0.1:15085]|listeners:[], old=null, confs=<EMPTY_MAP>
2024-06-12 17:08:05,020 [92e0ccad-9c5a-447b-b545-333a3cb7e193-groupManagement] INFO  server.RaftServerConfigKeys (ConfUtils.java:logGet(46)) - raft.server.notification.no-leader.timeout = 300000ms (custom)
2024-06-12 17:08:05,020 [92e0ccad-9c5a-447b-b545-333a3cb7e193-groupManagement] INFO  server.RaftServerConfigKeys (ConfUtils.java:logGet(46)) - raft.server.read.timeout = 10s (default)
2024-06-12 17:08:05,020 [92e0ccad-9c5a-447b-b545-333a3cb7e193-groupManagement] INFO  server.RaftServerConfigKeys (ConfUtils.java:logGet(46)) - raft.server.retrycache.expirytime = 600000ms (custom)
2024-06-12 17:08:05,020 [92e0ccad-9c5a-447b-b545-333a3cb7e193-groupManagement] INFO  server.RaftServerConfigKeys (ConfUtils.java:logGet(46)) - raft.server.retrycache.statistics.expirytime = 100ms (default)
2024-06-12 17:08:05,020 [92e0ccad-9c5a-447b-b545-333a3cb7e193-groupManagement] INFO  server.RaftServerConfigKeys (ConfUtils.java:logGet(46)) - raft.server.read.option = DEFAULT (default)
2024-06-12 17:08:05,020 [92e0ccad-9c5a-447b-b545-333a3cb7e193-groupManagement] INFO  server.RaftServerConfigKeys (ConfUtils.java:logGet(46)) - raft.server.read.read-after-write-consistent.write-index-cache.expiry-time = 60s (default)
2024-06-12 17:08:05,021 [691380cd-fa1e-45b9-9936-538793566ee4-PipelineCommandHandlerThread-0] INFO  commandhandler.CreatePipelineCommandHandler (CreatePipelineCommandHandler.java:lambda$handle$2(124)) - Created Pipeline RATIS THREE PipelineID=17d09cab-d0cf-4e70-b251-16f1e0710b8c.
2024-06-12 17:08:05,022 [691380cd-fa1e-45b9-9936-538793566ee4-PipelineCommandHandlerThread-0] INFO  server.RaftServer (RaftServerProxy.java:addNew(100)) - 691380cd-fa1e-45b9-9936-538793566ee4: addNew group-06C4850D5BE6:[92e0ccad-9c5a-447b-b545-333a3cb7e193|127.0.0.1:15085, 691380cd-fa1e-45b9-9936-538793566ee4|127.0.0.1:15067, f3fc0661-daf3-46cc-b6b9-cf28bd2102cf|127.0.0.1:15076] returns group-06C4850D5BE6:java.util.concurrent.CompletableFuture@526ec70[Not completed]
2024-06-12 17:08:05,022 [92e0ccad-9c5a-447b-b545-333a3cb7e193-groupManagement] INFO  server.RaftServerConfigKeys (ConfUtils.java:logGet(46)) - raft.server.rpc.request.timeout = 3000ms (default)
2024-06-12 17:08:05,022 [92e0ccad-9c5a-447b-b545-333a3cb7e193-groupManagement] INFO  server.RaftServerConfigKeys (ConfUtils.java:logGet(46)) - raft.server.log.appender.install.snapshot.enabled = false (custom)
2024-06-12 17:08:05,022 [92e0ccad-9c5a-447b-b545-333a3cb7e193-groupManagement] INFO  server.RaftServerConfigKeys (ConfUtils.java:logGet(46)) - raft.server.threadpool.server.cached = true (default)
2024-06-12 17:08:05,022 [92e0ccad-9c5a-447b-b545-333a3cb7e193-groupManagement] INFO  server.RaftServerConfigKeys (ConfUtils.java:logGet(46)) - raft.server.threadpool.server.size = 0 (default)
2024-06-12 17:08:05,022 [92e0ccad-9c5a-447b-b545-333a3cb7e193-groupManagement] INFO  server.RaftServerConfigKeys (ConfUtils.java:logGet(46)) - raft.server.threadpool.client.cached = true (default)
2024-06-12 17:08:05,022 [92e0ccad-9c5a-447b-b545-333a3cb7e193-groupManagement] INFO  server.RaftServerConfigKeys (ConfUtils.java:logGet(46)) - raft.server.threadpool.client.size = 0 (default)
2024-06-12 17:08:05,023 [691380cd-fa1e-45b9-9936-538793566ee4-groupManagement] INFO  server.RaftServer$Division (RaftServerImpl.java:<init>(256)) - 691380cd-fa1e-45b9-9936-538793566ee4: new RaftServerImpl for group-06C4850D5BE6:[92e0ccad-9c5a-447b-b545-333a3cb7e193|127.0.0.1:15085, 691380cd-fa1e-45b9-9936-538793566ee4|127.0.0.1:15067, f3fc0661-daf3-46cc-b6b9-cf28bd2102cf|127.0.0.1:15076] with ContainerStateMachine:uninitialized
2024-06-12 17:08:05,023 [691380cd-fa1e-45b9-9936-538793566ee4-groupManagement] INFO  server.RaftServerConfigKeys (ConfUtils.java:logGet(46)) - raft.server.rpc.timeout.min = 5s (custom)
2024-06-12 17:08:05,023 [691380cd-fa1e-45b9-9936-538793566ee4-groupManagement] INFO  server.RaftServerConfigKeys (ConfUtils.java:logGet(46)) - raft.server.rpc.timeout.max = 5200ms (custom)
2024-06-12 17:08:05,023 [691380cd-fa1e-45b9-9936-538793566ee4-groupManagement] INFO  server.RaftServerConfigKeys (ConfUtils.java:logGet(46)) - raft.server.rpc.sleep.time = 25ms (default)
2024-06-12 17:08:05,023 [691380cd-fa1e-45b9-9936-538793566ee4-groupManagement] INFO  server.RaftServerConfigKeys (ConfUtils.java:logGet(46)) - raft.server.rpc.slowness.timeout = 300000ms (custom)
2024-06-12 17:08:05,023 [691380cd-fa1e-45b9-9936-538793566ee4-groupManagement] INFO  server.RaftServerConfigKeys (ConfUtils.java:logGet(46)) - raft.server.leaderelection.leader.step-down.wait-time = 10s (default)
2024-06-12 17:08:05,023 [691380cd-fa1e-45b9-9936-538793566ee4-groupManagement] INFO  server.RaftServerConfigKeys (ConfUtils.java:logGet(46)) - raft.server.leaderelection.member.majority-add = false (default)
2024-06-12 17:08:05,023 [691380cd-fa1e-45b9-9936-538793566ee4-groupManagement] INFO  server.RaftServerConfigKeys (ConfUtils.java:logGet(46)) - raft.server.sleep.deviation.threshold = 300ms (default)
2024-06-12 17:08:05,023 [691380cd-fa1e-45b9-9936-538793566ee4-groupManagement] INFO  server.RaftServer$Division (ServerState.java:<init>(113)) - 691380cd-fa1e-45b9-9936-538793566ee4@group-06C4850D5BE6: ConfigurationManager, init=-1: peers:[92e0ccad-9c5a-447b-b545-333a3cb7e193|127.0.0.1:15085, 691380cd-fa1e-45b9-9936-538793566ee4|127.0.0.1:15067, f3fc0661-daf3-46cc-b6b9-cf28bd2102cf|127.0.0.1:15076]|listeners:[], old=null, confs=<EMPTY_MAP>
2024-06-12 17:08:05,023 [691380cd-fa1e-45b9-9936-538793566ee4-groupManagement] INFO  server.RaftServerConfigKeys (ConfUtils.java:logGet(46)) - raft.server.notification.no-leader.timeout = 300000ms (custom)
2024-06-12 17:08:05,024 [691380cd-fa1e-45b9-9936-538793566ee4-groupManagement] INFO  server.RaftServerConfigKeys (ConfUtils.java:logGet(46)) - raft.server.read.timeout = 10s (default)
2024-06-12 17:08:05,024 [691380cd-fa1e-45b9-9936-538793566ee4-groupManagement] INFO  server.RaftServerConfigKeys (ConfUtils.java:logGet(46)) - raft.server.retrycache.expirytime = 600000ms (custom)
2024-06-12 17:08:05,024 [691380cd-fa1e-45b9-9936-538793566ee4-groupManagement] INFO  server.RaftServerConfigKeys (ConfUtils.java:logGet(46)) - raft.server.retrycache.statistics.expirytime = 100ms (default)
2024-06-12 17:08:05,024 [691380cd-fa1e-45b9-9936-538793566ee4-groupManagement] INFO  server.RaftServerConfigKeys (ConfUtils.java:logGet(46)) - raft.server.read.option = DEFAULT (default)
2024-06-12 17:08:05,024 [691380cd-fa1e-45b9-9936-538793566ee4-groupManagement] INFO  server.RaftServerConfigKeys (ConfUtils.java:logGet(46)) - raft.server.read.read-after-write-consistent.write-index-cache.expiry-time = 60s (default)
2024-06-12 17:08:05,025 [691380cd-fa1e-45b9-9936-538793566ee4-groupManagement] INFO  server.RaftServerConfigKeys (ConfUtils.java:logGet(46)) - raft.server.rpc.request.timeout = 3000ms (default)
2024-06-12 17:08:05,025 [691380cd-fa1e-45b9-9936-538793566ee4-groupManagement] INFO  server.RaftServerConfigKeys (ConfUtils.java:logGet(46)) - raft.server.log.appender.install.snapshot.enabled = false (custom)
2024-06-12 17:08:05,025 [691380cd-fa1e-45b9-9936-538793566ee4-groupManagement] INFO  server.RaftServerConfigKeys (ConfUtils.java:logGet(46)) - raft.server.threadpool.server.cached = true (default)
2024-06-12 17:08:05,025 [691380cd-fa1e-45b9-9936-538793566ee4-groupManagement] INFO  server.RaftServerConfigKeys (ConfUtils.java:logGet(46)) - raft.server.threadpool.server.size = 0 (default)
2024-06-12 17:08:05,025 [691380cd-fa1e-45b9-9936-538793566ee4-groupManagement] INFO  server.RaftServerConfigKeys (ConfUtils.java:logGet(46)) - raft.server.threadpool.client.cached = true (default)
2024-06-12 17:08:05,025 [691380cd-fa1e-45b9-9936-538793566ee4-groupManagement] INFO  server.RaftServerConfigKeys (ConfUtils.java:logGet(46)) - raft.server.threadpool.client.size = 0 (default)
2024-06-12 17:08:05,025 [691380cd-fa1e-45b9-9936-538793566ee4-groupManagement] INFO  server.RaftServerConfigKeys (ConfUtils.java:logGet(46)) - raft.server.storage.free-space.min = 0MB (=0) (default)
2024-06-12 17:08:05,025 [691380cd-fa1e-45b9-9936-538793566ee4-groupManagement] INFO  server.RaftServerConfigKeys (ConfUtils.java:logGet(46)) - raft.server.log.corruption.policy = EXCEPTION (default)
2024-06-12 17:08:05,025 [691380cd-fa1e-45b9-9936-538793566ee4-groupManagement] INFO  server.RaftServerConfigKeys (ConfUtils.java:logGet(46)) - raft.server.storage.dir = [/home/runner/work/ozone/ozone/hadoop-ozone/integration-test/target/test-dir/MiniOzoneClusterImpl-0353e991-6c3e-4832-95ff-5850d237b4c9/ozone-meta/datanode-1/ratis] (custom)
2024-06-12 17:08:05,025 [691380cd-fa1e-45b9-9936-538793566ee4-groupManagement] INFO  storage.RaftStorageDirectory (RaftStorageDirectoryImpl.java:analyzeStorage(138)) - The storage directory /home/runner/work/ozone/ozone/hadoop-ozone/integration-test/target/test-dir/MiniOzoneClusterImpl-0353e991-6c3e-4832-95ff-5850d237b4c9/ozone-meta/datanode-1/ratis/ca4914a1-8eb5-4970-ac5d-06c4850d5be6 does not exist. Creating ...
2024-06-12 17:08:05,023 [92e0ccad-9c5a-447b-b545-333a3cb7e193-groupManagement] INFO  server.RaftServer$Division (RaftServerImpl.java:<init>(256)) - 92e0ccad-9c5a-447b-b545-333a3cb7e193: new RaftServerImpl for group-06C4850D5BE6:[92e0ccad-9c5a-447b-b545-333a3cb7e193|127.0.0.1:15085, 691380cd-fa1e-45b9-9936-538793566ee4|127.0.0.1:15067, f3fc0661-daf3-46cc-b6b9-cf28bd2102cf|127.0.0.1:15076] with ContainerStateMachine:uninitialized
2024-06-12 17:08:05,026 [92e0ccad-9c5a-447b-b545-333a3cb7e193-groupManagement] INFO  server.RaftServerConfigKeys (ConfUtils.java:logGet(46)) - raft.server.rpc.timeout.min = 5s (custom)
2024-06-12 17:08:05,026 [92e0ccad-9c5a-447b-b545-333a3cb7e193-groupManagement] INFO  server.RaftServerConfigKeys (ConfUtils.java:logGet(46)) - raft.server.rpc.timeout.max = 5200ms (custom)
2024-06-12 17:08:05,026 [92e0ccad-9c5a-447b-b545-333a3cb7e193-groupManagement] INFO  server.RaftServerConfigKeys (ConfUtils.java:logGet(46)) - raft.server.rpc.sleep.time = 25ms (default)
2024-06-12 17:08:05,026 [92e0ccad-9c5a-447b-b545-333a3cb7e193-groupManagement] INFO  server.RaftServerConfigKeys (ConfUtils.java:logGet(46)) - raft.server.rpc.slowness.timeout = 300000ms (custom)
2024-06-12 17:08:05,026 [92e0ccad-9c5a-447b-b545-333a3cb7e193-groupManagement] INFO  server.RaftServerConfigKeys (ConfUtils.java:logGet(46)) - raft.server.leaderelection.leader.step-down.wait-time = 10s (default)
2024-06-12 17:08:05,027 [92e0ccad-9c5a-447b-b545-333a3cb7e193-groupManagement] INFO  server.RaftServerConfigKeys (ConfUtils.java:logGet(46)) - raft.server.leaderelection.member.majority-add = false (default)
2024-06-12 17:08:05,027 [92e0ccad-9c5a-447b-b545-333a3cb7e193-groupManagement] INFO  server.RaftServerConfigKeys (ConfUtils.java:logGet(46)) - raft.server.sleep.deviation.threshold = 300ms (default)
2024-06-12 17:08:05,027 [92e0ccad-9c5a-447b-b545-333a3cb7e193-groupManagement] INFO  server.RaftServer$Division (ServerState.java:<init>(113)) - 92e0ccad-9c5a-447b-b545-333a3cb7e193@group-06C4850D5BE6: ConfigurationManager, init=-1: peers:[92e0ccad-9c5a-447b-b545-333a3cb7e193|127.0.0.1:15085, 691380cd-fa1e-45b9-9936-538793566ee4|127.0.0.1:15067, f3fc0661-daf3-46cc-b6b9-cf28bd2102cf|127.0.0.1:15076]|listeners:[], old=null, confs=<EMPTY_MAP>
2024-06-12 17:08:05,027 [92e0ccad-9c5a-447b-b545-333a3cb7e193-groupManagement] INFO  server.RaftServerConfigKeys (ConfUtils.java:logGet(46)) - raft.server.notification.no-leader.timeout = 300000ms (custom)
2024-06-12 17:08:05,027 [92e0ccad-9c5a-447b-b545-333a3cb7e193-groupManagement] INFO  server.RaftServerConfigKeys (ConfUtils.java:logGet(46)) - raft.server.read.timeout = 10s (default)
2024-06-12 17:08:05,027 [92e0ccad-9c5a-447b-b545-333a3cb7e193-groupManagement] INFO  server.RaftServerConfigKeys (ConfUtils.java:logGet(46)) - raft.server.retrycache.expirytime = 600000ms (custom)
2024-06-12 17:08:05,027 [92e0ccad-9c5a-447b-b545-333a3cb7e193-groupManagement] INFO  server.RaftServerConfigKeys (ConfUtils.java:logGet(46)) - raft.server.retrycache.statistics.expirytime = 100ms (default)
2024-06-12 17:08:05,027 [691380cd-fa1e-45b9-9936-538793566ee4-groupManagement] INFO  storage.RaftStorageDirectory (RaftStorageDirectoryImpl.java:tryLock(228)) - Lock on /home/runner/work/ozone/ozone/hadoop-ozone/integration-test/target/test-dir/MiniOzoneClusterImpl-0353e991-6c3e-4832-95ff-5850d237b4c9/ozone-meta/datanode-1/ratis/ca4914a1-8eb5-4970-ac5d-06c4850d5be6/in_use.lock acquired by nodename 9416@fv-az571-250
2024-06-12 17:08:05,027 [92e0ccad-9c5a-447b-b545-333a3cb7e193-groupManagement] INFO  server.RaftServerConfigKeys (ConfUtils.java:logGet(46)) - raft.server.read.option = DEFAULT (default)
2024-06-12 17:08:05,027 [92e0ccad-9c5a-447b-b545-333a3cb7e193-groupManagement] INFO  server.RaftServerConfigKeys (ConfUtils.java:logGet(46)) - raft.server.read.read-after-write-consistent.write-index-cache.expiry-time = 60s (default)
2024-06-12 17:08:05,028 [691380cd-fa1e-45b9-9936-538793566ee4-groupManagement] INFO  storage.RaftStorage (RaftStorageImpl.java:format(99)) - Storage directory /home/runner/work/ozone/ozone/hadoop-ozone/integration-test/target/test-dir/MiniOzoneClusterImpl-0353e991-6c3e-4832-95ff-5850d237b4c9/ozone-meta/datanode-1/ratis/ca4914a1-8eb5-4970-ac5d-06c4850d5be6 has been successfully formatted.
2024-06-12 17:08:05,028 [691380cd-fa1e-45b9-9936-538793566ee4-groupManagement] WARN  util.FileUtils (LogUtils.java:supplyAndLog(63)) - Failed to Files.newInputStream /home/runner/work/ozone/ozone/hadoop-ozone/integration-test/target/test-dir/MiniOzoneClusterImpl-0353e991-6c3e-4832-95ff-5850d237b4c9/ozone-meta/datanode-1/ratis/ca4914a1-8eb5-4970-ac5d-06c4850d5be6/current/raft-meta.conf with options []: java.nio.file.NoSuchFileException: /home/runner/work/ozone/ozone/hadoop-ozone/integration-test/target/test-dir/MiniOzoneClusterImpl-0353e991-6c3e-4832-95ff-5850d237b4c9/ozone-meta/datanode-1/ratis/ca4914a1-8eb5-4970-ac5d-06c4850d5be6/current/raft-meta.conf
2024-06-12 17:08:05,028 [691380cd-fa1e-45b9-9936-538793566ee4-groupManagement] INFO  ratis.ContainerStateMachine (ContainerStateMachine.java:loadSnapshot(287)) - group-06C4850D5BE6: The snapshot info is null. Setting the last applied index to:(t:0, i:~)
2024-06-12 17:08:05,028 [691380cd-fa1e-45b9-9936-538793566ee4-groupManagement] INFO  server.RaftServerConfigKeys (ConfUtils.java:logGet(46)) - raft.server.log.use.memory = false (default)
2024-06-12 17:08:05,029 [691380cd-fa1e-45b9-9936-538793566ee4-groupManagement] INFO  server.RaftServerConfigKeys (ConfUtils.java:logGet(46)) - raft.server.log.purge.gap = 1000000 (custom)
2024-06-12 17:08:05,029 [691380cd-fa1e-45b9-9936-538793566ee4-groupManagement] INFO  server.RaftServerConfigKeys (ConfUtils.java:logGet(46)) - raft.server.log.appender.buffer.byte-limit = 8388608 (custom)
2024-06-12 17:08:05,029 [691380cd-fa1e-45b9-9936-538793566ee4-groupManagement] INFO  server.RaftServerConfigKeys (ConfUtils.java:logGet(46)) - raft.server.log.statemachine.data.read.timeout = 1000ms (default)
2024-06-12 17:08:05,029 [691380cd-fa1e-45b9-9936-538793566ee4-groupManagement] INFO  server.RaftServerConfigKeys (ConfUtils.java:logGet(46)) - raft.server.log.purge.preservation.log.num = 0 (default)
2024-06-12 17:08:05,030 [92e0ccad-9c5a-447b-b545-333a3cb7e193-groupManagement] INFO  server.RaftServerConfigKeys (ConfUtils.java:logGet(46)) - raft.server.rpc.request.timeout = 3000ms (default)
2024-06-12 17:08:05,030 [92e0ccad-9c5a-447b-b545-333a3cb7e193-groupManagement] INFO  server.RaftServerConfigKeys (ConfUtils.java:logGet(46)) - raft.server.log.appender.install.snapshot.enabled = false (custom)
2024-06-12 17:08:05,030 [92e0ccad-9c5a-447b-b545-333a3cb7e193-groupManagement] INFO  server.RaftServerConfigKeys (ConfUtils.java:logGet(46)) - raft.server.threadpool.server.cached = true (default)
2024-06-12 17:08:05,030 [92e0ccad-9c5a-447b-b545-333a3cb7e193-groupManagement] INFO  server.RaftServerConfigKeys (ConfUtils.java:logGet(46)) - raft.server.threadpool.server.size = 0 (default)
2024-06-12 17:08:05,030 [92e0ccad-9c5a-447b-b545-333a3cb7e193-groupManagement] INFO  server.RaftServerConfigKeys (ConfUtils.java:logGet(46)) - raft.server.threadpool.client.cached = true (default)
2024-06-12 17:08:05,030 [92e0ccad-9c5a-447b-b545-333a3cb7e193-groupManagement] INFO  server.RaftServerConfigKeys (ConfUtils.java:logGet(46)) - raft.server.threadpool.client.size = 0 (default)
2024-06-12 17:08:05,030 [691380cd-fa1e-45b9-9936-538793566ee4-groupManagement] INFO  server.RaftServerConfigKeys (ConfUtils.java:logGet(46)) - raft.server.log.segment.size.max = 67108864 (custom)
2024-06-12 17:08:05,031 [691380cd-fa1e-45b9-9936-538793566ee4-groupManagement] INFO  server.RaftServerConfigKeys (ConfUtils.java:logGet(46)) - raft.server.log.segment.cache.num.max = 2 (custom)
2024-06-12 17:08:05,031 [691380cd-fa1e-45b9-9936-538793566ee4-groupManagement] INFO  server.RaftServerConfigKeys (ConfUtils.java:logGet(46)) - raft.server.log.segment.cache.size.max = 200MB (=209715200) (default)
2024-06-12 17:08:05,031 [691380cd-fa1e-45b9-9936-538793566ee4-groupManagement] INFO  server.RaftServerConfigKeys (ConfUtils.java:logGet(46)) - raft.server.log.appender.buffer.byte-limit = 8388608 (custom)
2024-06-12 17:08:05,031 [691380cd-fa1e-45b9-9936-538793566ee4-groupManagement] INFO  util.AwaitToRun (AwaitToRun.java:start(81)) - Thread[691380cd-fa1e-45b9-9936-538793566ee4@group-06C4850D5BE6-cacheEviction-AwaitToRun,5,main] started
2024-06-12 17:08:05,031 [691380cd-fa1e-45b9-9936-538793566ee4-groupManagement] INFO  segmented.SegmentedRaftLogWorker (SegmentedRaftLogWorker.java:<init>(182)) - new 691380cd-fa1e-45b9-9936-538793566ee4@group-06C4850D5BE6-SegmentedRaftLogWorker for RaftStorageImpl:Storage Directory /home/runner/work/ozone/ozone/hadoop-ozone/integration-test/target/test-dir/MiniOzoneClusterImpl-0353e991-6c3e-4832-95ff-5850d237b4c9/ozone-meta/datanode-1/ratis/ca4914a1-8eb5-4970-ac5d-06c4850d5be6
2024-06-12 17:08:05,031 [691380cd-fa1e-45b9-9936-538793566ee4-groupManagement] INFO  server.RaftServerConfigKeys (ConfUtils.java:logGet(46)) - raft.server.log.queue.byte-limit = 4294967296 (custom)
2024-06-12 17:08:05,031 [691380cd-fa1e-45b9-9936-538793566ee4-groupManagement] INFO  server.RaftServerConfigKeys (ConfUtils.java:logGet(46)) - raft.server.log.queue.element-limit = 1024 (custom)
2024-06-12 17:08:05,031 [691380cd-fa1e-45b9-9936-538793566ee4-groupManagement] INFO  server.RaftServerConfigKeys (ConfUtils.java:logGet(46)) - raft.server.log.segment.size.max = 67108864 (custom)
2024-06-12 17:08:05,031 [691380cd-fa1e-45b9-9936-538793566ee4-groupManagement] INFO  server.RaftServerConfigKeys (ConfUtils.java:logGet(46)) - raft.server.log.preallocated.size = 4194304 (custom)
2024-06-12 17:08:05,031 [691380cd-fa1e-45b9-9936-538793566ee4-groupManagement] INFO  server.RaftServerConfigKeys (ConfUtils.java:logGet(46)) - raft.server.log.force.sync.num = 128 (default)
2024-06-12 17:08:05,031 [691380cd-fa1e-45b9-9936-538793566ee4-groupManagement] INFO  server.RaftServerConfigKeys (ConfUtils.java:logGet(46)) - raft.server.log.statemachine.data.sync = true (default)
2024-06-12 17:08:05,031 [691380cd-fa1e-45b9-9936-538793566ee4-groupManagement] INFO  server.RaftServerConfigKeys (ConfUtils.java:logGet(46)) - raft.server.log.statemachine.data.sync.timeout = 10s (default)
2024-06-12 17:08:05,031 [691380cd-fa1e-45b9-9936-538793566ee4-groupManagement] INFO  server.RaftServerConfigKeys (ConfUtils.java:logGet(46)) - raft.server.log.statemachine.data.sync.timeout.retry = 30 (custom)
2024-06-12 17:08:05,030 [EventQueue-OpenPipelineForHealthyPipelineSafeModeRule] INFO  safemode.SCMSafeModeManager (HealthyPipelineSafeModeRule.java:process(140)) - SCM in safe mode. Healthy pipelines reported count is 0, required healthy pipeline reported count is 1
2024-06-12 17:08:05,030 [92e0ccad-9c5a-447b-b545-333a3cb7e193-groupManagement] INFO  server.RaftServerConfigKeys (ConfUtils.java:logGet(46)) - raft.server.storage.free-space.min = 0MB (=0) (default)
2024-06-12 17:08:05,032 [691380cd-fa1e-45b9-9936-538793566ee4-groupManagement] INFO  server.RaftServerConfigKeys (ConfUtils.java:logGet(46)) - raft.server.log.write.buffer.size = 8388616 (custom)
2024-06-12 17:08:05,032 [92e0ccad-9c5a-447b-b545-333a3cb7e193-groupManagement] INFO  server.RaftServerConfigKeys (ConfUtils.java:logGet(46)) - raft.server.log.corruption.policy = EXCEPTION (default)
2024-06-12 17:08:05,032 [92e0ccad-9c5a-447b-b545-333a3cb7e193-groupManagement] INFO  server.RaftServerConfigKeys (ConfUtils.java:logGet(46)) - raft.server.storage.dir = [/home/runner/work/ozone/ozone/hadoop-ozone/integration-test/target/test-dir/MiniOzoneClusterImpl-0353e991-6c3e-4832-95ff-5850d237b4c9/ozone-meta/datanode-3/ratis] (custom)
2024-06-12 17:08:05,032 [92e0ccad-9c5a-447b-b545-333a3cb7e193-groupManagement] INFO  storage.RaftStorageDirectory (RaftStorageDirectoryImpl.java:analyzeStorage(138)) - The storage directory /home/runner/work/ozone/ozone/hadoop-ozone/integration-test/target/test-dir/MiniOzoneClusterImpl-0353e991-6c3e-4832-95ff-5850d237b4c9/ozone-meta/datanode-3/ratis/d0d87f1c-e118-4c1b-bb4d-14248575d398 does not exist. Creating ...
2024-06-12 17:08:05,033 [92e0ccad-9c5a-447b-b545-333a3cb7e193-groupManagement] INFO  storage.RaftStorageDirectory (RaftStorageDirectoryImpl.java:tryLock(228)) - Lock on /home/runner/work/ozone/ozone/hadoop-ozone/integration-test/target/test-dir/MiniOzoneClusterImpl-0353e991-6c3e-4832-95ff-5850d237b4c9/ozone-meta/datanode-3/ratis/d0d87f1c-e118-4c1b-bb4d-14248575d398/in_use.lock acquired by nodename 9416@fv-az571-250
2024-06-12 17:08:05,033 [691380cd-fa1e-45b9-9936-538793566ee4-groupManagement] INFO  server.RaftServerConfigKeys (ConfUtils.java:logGet(46)) - raft.server.log.appender.buffer.byte-limit = 8388608 (custom)
2024-06-12 17:08:05,034 [691380cd-fa1e-45b9-9936-538793566ee4-groupManagement] INFO  server.RaftServerConfigKeys (ConfUtils.java:logGet(46)) - raft.server.log.unsafe-flush.enabled = false (default)
2024-06-12 17:08:05,034 [691380cd-fa1e-45b9-9936-538793566ee4-groupManagement] INFO  server.RaftServerConfigKeys (ConfUtils.java:logGet(46)) - raft.server.log.async-flush.enabled = false (default)
2024-06-12 17:08:05,034 [691380cd-fa1e-45b9-9936-538793566ee4-groupManagement] INFO  server.RaftServerConfigKeys (ConfUtils.java:logGet(46)) - raft.server.log.statemachine.data.caching.enabled = true (custom)
2024-06-12 17:08:05,034 [691380cd-fa1e-45b9-9936-538793566ee4-groupManagement] INFO  segmented.SegmentedRaftLogWorker (SegmentedRaftLogWorker.java:lambda$new$0(134)) - 691380cd-fa1e-45b9-9936-538793566ee4@group-06C4850D5BE6-SegmentedRaftLogWorker: flushIndex: setUnconditionally 0 -> -1
2024-06-12 17:08:05,034 [92e0ccad-9c5a-447b-b545-333a3cb7e193-groupManagement] INFO  storage.RaftStorage (RaftStorageImpl.java:format(99)) - Storage directory /home/runner/work/ozone/ozone/hadoop-ozone/integration-test/target/test-dir/MiniOzoneClusterImpl-0353e991-6c3e-4832-95ff-5850d237b4c9/ozone-meta/datanode-3/ratis/d0d87f1c-e118-4c1b-bb4d-14248575d398 has been successfully formatted.
2024-06-12 17:08:05,034 [92e0ccad-9c5a-447b-b545-333a3cb7e193-groupManagement] WARN  util.FileUtils (LogUtils.java:supplyAndLog(63)) - Failed to Files.newInputStream /home/runner/work/ozone/ozone/hadoop-ozone/integration-test/target/test-dir/MiniOzoneClusterImpl-0353e991-6c3e-4832-95ff-5850d237b4c9/ozone-meta/datanode-3/ratis/d0d87f1c-e118-4c1b-bb4d-14248575d398/current/raft-meta.conf with options []: java.nio.file.NoSuchFileException: /home/runner/work/ozone/ozone/hadoop-ozone/integration-test/target/test-dir/MiniOzoneClusterImpl-0353e991-6c3e-4832-95ff-5850d237b4c9/ozone-meta/datanode-3/ratis/d0d87f1c-e118-4c1b-bb4d-14248575d398/current/raft-meta.conf
2024-06-12 17:08:05,034 [92e0ccad-9c5a-447b-b545-333a3cb7e193-groupManagement] INFO  ratis.ContainerStateMachine (ContainerStateMachine.java:loadSnapshot(287)) - group-14248575D398: The snapshot info is null. Setting the last applied index to:(t:0, i:~)
2024-06-12 17:08:05,034 [92e0ccad-9c5a-447b-b545-333a3cb7e193-groupManagement] INFO  server.RaftServerConfigKeys (ConfUtils.java:logGet(46)) - raft.server.log.use.memory = false (default)
2024-06-12 17:08:05,034 [92e0ccad-9c5a-447b-b545-333a3cb7e193-groupManagement] INFO  server.RaftServerConfigKeys (ConfUtils.java:logGet(46)) - raft.server.log.purge.gap = 1000000 (custom)
2024-06-12 17:08:05,034 [92e0ccad-9c5a-447b-b545-333a3cb7e193-groupManagement] INFO  server.RaftServerConfigKeys (ConfUtils.java:logGet(46)) - raft.server.log.appender.buffer.byte-limit = 8388608 (custom)
2024-06-12 17:08:05,034 [92e0ccad-9c5a-447b-b545-333a3cb7e193-groupManagement] INFO  server.RaftServerConfigKeys (ConfUtils.java:logGet(46)) - raft.server.log.statemachine.data.read.timeout = 1000ms (default)
2024-06-12 17:08:05,035 [92e0ccad-9c5a-447b-b545-333a3cb7e193-groupManagement] INFO  server.RaftServerConfigKeys (ConfUtils.java:logGet(46)) - raft.server.log.purge.preservation.log.num = 0 (default)
2024-06-12 17:08:05,035 [92e0ccad-9c5a-447b-b545-333a3cb7e193-groupManagement] INFO  server.RaftServerConfigKeys (ConfUtils.java:logGet(46)) - raft.server.log.segment.size.max = 67108864 (custom)
2024-06-12 17:08:05,035 [92e0ccad-9c5a-447b-b545-333a3cb7e193-groupManagement] INFO  server.RaftServerConfigKeys (ConfUtils.java:logGet(46)) - raft.server.log.segment.cache.num.max = 2 (custom)
2024-06-12 17:08:05,035 [92e0ccad-9c5a-447b-b545-333a3cb7e193-groupManagement] INFO  server.RaftServerConfigKeys (ConfUtils.java:logGet(46)) - raft.server.log.segment.cache.size.max = 200MB (=209715200) (default)
2024-06-12 17:08:05,035 [92e0ccad-9c5a-447b-b545-333a3cb7e193-groupManagement] INFO  server.RaftServerConfigKeys (ConfUtils.java:logGet(46)) - raft.server.log.appender.buffer.byte-limit = 8388608 (custom)
2024-06-12 17:08:05,036 [92e0ccad-9c5a-447b-b545-333a3cb7e193-groupManagement] INFO  util.AwaitToRun (AwaitToRun.java:start(81)) - Thread[92e0ccad-9c5a-447b-b545-333a3cb7e193@group-14248575D398-cacheEviction-AwaitToRun,5,main] started
2024-06-12 17:08:05,036 [92e0ccad-9c5a-447b-b545-333a3cb7e193-groupManagement] INFO  segmented.SegmentedRaftLogWorker (SegmentedRaftLogWorker.java:<init>(182)) - new 92e0ccad-9c5a-447b-b545-333a3cb7e193@group-14248575D398-SegmentedRaftLogWorker for RaftStorageImpl:Storage Directory /home/runner/work/ozone/ozone/hadoop-ozone/integration-test/target/test-dir/MiniOzoneClusterImpl-0353e991-6c3e-4832-95ff-5850d237b4c9/ozone-meta/datanode-3/ratis/d0d87f1c-e118-4c1b-bb4d-14248575d398
2024-06-12 17:08:05,036 [92e0ccad-9c5a-447b-b545-333a3cb7e193-groupManagement] INFO  server.RaftServerConfigKeys (ConfUtils.java:logGet(46)) - raft.server.log.queue.byte-limit = 4294967296 (custom)
2024-06-12 17:08:05,036 [92e0ccad-9c5a-447b-b545-333a3cb7e193-groupManagement] INFO  server.RaftServerConfigKeys (ConfUtils.java:logGet(46)) - raft.server.log.queue.element-limit = 1024 (custom)
2024-06-12 17:08:05,036 [92e0ccad-9c5a-447b-b545-333a3cb7e193-groupManagement] INFO  server.RaftServerConfigKeys (ConfUtils.java:logGet(46)) - raft.server.log.segment.size.max = 67108864 (custom)
2024-06-12 17:08:05,036 [92e0ccad-9c5a-447b-b545-333a3cb7e193-groupManagement] INFO  server.RaftServerConfigKeys (ConfUtils.java:logGet(46)) - raft.server.log.preallocated.size = 4194304 (custom)
2024-06-12 17:08:05,036 [92e0ccad-9c5a-447b-b545-333a3cb7e193-groupManagement] INFO  server.RaftServerConfigKeys (ConfUtils.java:logGet(46)) - raft.server.log.force.sync.num = 128 (default)
2024-06-12 17:08:05,036 [92e0ccad-9c5a-447b-b545-333a3cb7e193-groupManagement] INFO  server.RaftServerConfigKeys (ConfUtils.java:logGet(46)) - raft.server.log.statemachine.data.sync = true (default)
2024-06-12 17:08:05,036 [92e0ccad-9c5a-447b-b545-333a3cb7e193-groupManagement] INFO  server.RaftServerConfigKeys (ConfUtils.java:logGet(46)) - raft.server.log.statemachine.data.sync.timeout = 10s (default)
2024-06-12 17:08:05,036 [92e0ccad-9c5a-447b-b545-333a3cb7e193-groupManagement] INFO  server.RaftServerConfigKeys (ConfUtils.java:logGet(46)) - raft.server.log.statemachine.data.sync.timeout.retry = 30 (custom)
2024-06-12 17:08:05,036 [EventQueue-OpenPipelineForHealthyPipelineSafeModeRule] INFO  safemode.SCMSafeModeManager (HealthyPipelineSafeModeRule.java:process(140)) - SCM in safe mode. Healthy pipelines reported count is 0, required healthy pipeline reported count is 1
2024-06-12 17:08:05,036 [691380cd-fa1e-45b9-9936-538793566ee4-groupManagement] INFO  segmented.SegmentedRaftLogWorker (SegmentedRaftLogWorker.java:lambda$new$0(134)) - 691380cd-fa1e-45b9-9936-538793566ee4@group-06C4850D5BE6-SegmentedRaftLogWorker: safeCacheEvictIndex: setUnconditionally 0 -> -1
2024-06-12 17:08:05,036 [92e0ccad-9c5a-447b-b545-333a3cb7e193-groupManagement] INFO  server.RaftServerConfigKeys (ConfUtils.java:logGet(46)) - raft.server.log.write.buffer.size = 8388616 (custom)
2024-06-12 17:08:05,037 [691380cd-fa1e-45b9-9936-538793566ee4-groupManagement] INFO  server.RaftServer$Division (RaftServerImpl.java:start(396)) - 691380cd-fa1e-45b9-9936-538793566ee4@group-06C4850D5BE6: start as a follower, conf=-1: peers:[92e0ccad-9c5a-447b-b545-333a3cb7e193|127.0.0.1:15085, 691380cd-fa1e-45b9-9936-538793566ee4|127.0.0.1:15067, f3fc0661-daf3-46cc-b6b9-cf28bd2102cf|127.0.0.1:15076]|listeners:[], old=null
2024-06-12 17:08:05,037 [691380cd-fa1e-45b9-9936-538793566ee4-groupManagement] INFO  server.RaftServer$Division (RaftServerImpl.java:setRole(383)) - 691380cd-fa1e-45b9-9936-538793566ee4@group-06C4850D5BE6: changes role from      null to FOLLOWER at term 0 for startAsFollower
2024-06-12 17:08:05,037 [691380cd-fa1e-45b9-9936-538793566ee4-groupManagement] INFO  impl.RoleInfo (RoleInfo.java:updateAndGet(139)) - 691380cd-fa1e-45b9-9936-538793566ee4: start 691380cd-fa1e-45b9-9936-538793566ee4@group-06C4850D5BE6-FollowerState
2024-06-12 17:08:05,037 [691380cd-fa1e-45b9-9936-538793566ee4-groupManagement] INFO  util.JmxRegister (JmxRegister.java:tryRegister(44)) - Successfully registered JMX Bean with object name Ratis:service=RaftServer,group=group-06C4850D5BE6,id=691380cd-fa1e-45b9-9936-538793566ee4
2024-06-12 17:08:05,037 [691380cd-fa1e-45b9-9936-538793566ee4@group-06C4850D5BE6-FollowerState] INFO  server.RaftServerConfigKeys (ConfUtils.java:logFallback(53)) - raft.server.rpc.first-election.timeout.min = 5s (fallback to raft.server.rpc.timeout.min)
2024-06-12 17:08:05,037 [691380cd-fa1e-45b9-9936-538793566ee4@group-06C4850D5BE6-FollowerState] INFO  server.RaftServerConfigKeys (ConfUtils.java:logFallback(53)) - raft.server.rpc.first-election.timeout.max = 5200ms (fallback to raft.server.rpc.timeout.max)
2024-06-12 17:08:05,037 [691380cd-fa1e-45b9-9936-538793566ee4-groupManagement] INFO  server.RaftServerConfigKeys (ConfUtils.java:logGet(46)) - raft.server.snapshot.trigger-when-stop.enabled = true (default)
2024-06-12 17:08:05,038 [691380cd-fa1e-45b9-9936-538793566ee4-groupManagement] INFO  server.RaftServerConfigKeys (ConfUtils.java:logGet(46)) - raft.server.snapshot.auto.trigger.enabled = true (custom)
2024-06-12 17:08:05,039 [92e0ccad-9c5a-447b-b545-333a3cb7e193-groupManagement] INFO  server.RaftServerConfigKeys (ConfUtils.java:logGet(46)) - raft.server.log.appender.buffer.byte-limit = 8388608 (custom)
2024-06-12 17:08:05,039 [92e0ccad-9c5a-447b-b545-333a3cb7e193-groupManagement] INFO  server.RaftServerConfigKeys (ConfUtils.java:logGet(46)) - raft.server.log.unsafe-flush.enabled = false (default)
2024-06-12 17:08:05,039 [92e0ccad-9c5a-447b-b545-333a3cb7e193-groupManagement] INFO  server.RaftServerConfigKeys (ConfUtils.java:logGet(46)) - raft.server.log.async-flush.enabled = false (default)
2024-06-12 17:08:05,039 [92e0ccad-9c5a-447b-b545-333a3cb7e193-groupManagement] INFO  server.RaftServerConfigKeys (ConfUtils.java:logGet(46)) - raft.server.log.statemachine.data.caching.enabled = true (custom)
2024-06-12 17:08:05,039 [92e0ccad-9c5a-447b-b545-333a3cb7e193-groupManagement] INFO  segmented.SegmentedRaftLogWorker (SegmentedRaftLogWorker.java:lambda$new$0(134)) - 92e0ccad-9c5a-447b-b545-333a3cb7e193@group-14248575D398-SegmentedRaftLogWorker: flushIndex: setUnconditionally 0 -> -1
2024-06-12 17:08:05,039 [92e0ccad-9c5a-447b-b545-333a3cb7e193-groupManagement] INFO  segmented.SegmentedRaftLogWorker (SegmentedRaftLogWorker.java:lambda$new$0(134)) - 92e0ccad-9c5a-447b-b545-333a3cb7e193@group-14248575D398-SegmentedRaftLogWorker: safeCacheEvictIndex: setUnconditionally 0 -> -1
2024-06-12 17:08:05,040 [92e0ccad-9c5a-447b-b545-333a3cb7e193-groupManagement] INFO  server.RaftServer$Division (RaftServerImpl.java:start(396)) - 92e0ccad-9c5a-447b-b545-333a3cb7e193@group-14248575D398: start as a follower, conf=-1: peers:[92e0ccad-9c5a-447b-b545-333a3cb7e193|127.0.0.1:15085]|listeners:[], old=null
2024-06-12 17:08:05,040 [92e0ccad-9c5a-447b-b545-333a3cb7e193-groupManagement] INFO  server.RaftServer$Division (RaftServerImpl.java:setRole(383)) - 92e0ccad-9c5a-447b-b545-333a3cb7e193@group-14248575D398: changes role from      null to FOLLOWER at term 0 for startAsFollower
2024-06-12 17:08:05,040 [92e0ccad-9c5a-447b-b545-333a3cb7e193-groupManagement] INFO  impl.RoleInfo (RoleInfo.java:updateAndGet(139)) - 92e0ccad-9c5a-447b-b545-333a3cb7e193: start 92e0ccad-9c5a-447b-b545-333a3cb7e193@group-14248575D398-FollowerState
2024-06-12 17:08:05,040 [92e0ccad-9c5a-447b-b545-333a3cb7e193-groupManagement] INFO  util.JmxRegister (JmxRegister.java:tryRegister(44)) - Successfully registered JMX Bean with object name Ratis:service=RaftServer,group=group-14248575D398,id=92e0ccad-9c5a-447b-b545-333a3cb7e193
2024-06-12 17:08:05,040 [92e0ccad-9c5a-447b-b545-333a3cb7e193@group-14248575D398-FollowerState] INFO  server.RaftServerConfigKeys (ConfUtils.java:logFallback(53)) - raft.server.rpc.first-election.timeout.min = 5s (fallback to raft.server.rpc.timeout.min)
2024-06-12 17:08:05,040 [92e0ccad-9c5a-447b-b545-333a3cb7e193-groupManagement] INFO  server.RaftServerConfigKeys (ConfUtils.java:logGet(46)) - raft.server.snapshot.trigger-when-stop.enabled = true (default)
2024-06-12 17:08:05,040 [92e0ccad-9c5a-447b-b545-333a3cb7e193-groupManagement] INFO  server.RaftServerConfigKeys (ConfUtils.java:logGet(46)) - raft.server.snapshot.auto.trigger.enabled = true (custom)
2024-06-12 17:08:05,040 [92e0ccad-9c5a-447b-b545-333a3cb7e193@group-14248575D398-FollowerState] INFO  server.RaftServerConfigKeys (ConfUtils.java:logFallback(53)) - raft.server.rpc.first-election.timeout.max = 5200ms (fallback to raft.server.rpc.timeout.max)
2024-06-12 17:08:05,040 [92e0ccad-9c5a-447b-b545-333a3cb7e193-groupManagement] INFO  server.RaftServerConfigKeys (ConfUtils.java:logGet(46)) - raft.server.snapshot.auto.trigger.threshold = 10000 (custom)
2024-06-12 17:08:05,040 [92e0ccad-9c5a-447b-b545-333a3cb7e193-groupManagement] INFO  server.RaftServerConfigKeys (ConfUtils.java:logGet(46)) - raft.server.snapshot.retention.file.num = 5 (custom)
2024-06-12 17:08:05,040 [92e0ccad-9c5a-447b-b545-333a3cb7e193-groupManagement] INFO  server.RaftServerConfigKeys (ConfUtils.java:logGet(46)) - raft.server.log.purge.upto.snapshot.index = false (default)
2024-06-12 17:08:05,041 [92e0ccad-9c5a-447b-b545-333a3cb7e193-PipelineCommandHandlerThread-0] INFO  ratis.XceiverServerRatis (XceiverServerRatis.java:addGroup(864)) - Created group PipelineID=d0d87f1c-e118-4c1b-bb4d-14248575d398
2024-06-12 17:08:05,041 [92e0ccad-9c5a-447b-b545-333a3cb7e193-groupManagement] INFO  server.RaftServerConfigKeys (ConfUtils.java:logGet(46)) - raft.server.storage.free-space.min = 0MB (=0) (default)
2024-06-12 17:08:05,041 [92e0ccad-9c5a-447b-b545-333a3cb7e193-PipelineCommandHandlerThread-0] INFO  commandhandler.CreatePipelineCommandHandler (CreatePipelineCommandHandler.java:lambda$handle$2(124)) - Created Pipeline RATIS ONE PipelineID=d0d87f1c-e118-4c1b-bb4d-14248575d398.
2024-06-12 17:08:05,041 [92e0ccad-9c5a-447b-b545-333a3cb7e193-groupManagement] INFO  server.RaftServerConfigKeys (ConfUtils.java:logGet(46)) - raft.server.log.corruption.policy = EXCEPTION (default)
2024-06-12 17:08:05,041 [92e0ccad-9c5a-447b-b545-333a3cb7e193-groupManagement] INFO  server.RaftServerConfigKeys (ConfUtils.java:logGet(46)) - raft.server.storage.dir = [/home/runner/work/ozone/ozone/hadoop-ozone/integration-test/target/test-dir/MiniOzoneClusterImpl-0353e991-6c3e-4832-95ff-5850d237b4c9/ozone-meta/datanode-3/ratis] (custom)
2024-06-12 17:08:05,041 [92e0ccad-9c5a-447b-b545-333a3cb7e193-groupManagement] INFO  storage.RaftStorageDirectory (RaftStorageDirectoryImpl.java:analyzeStorage(138)) - The storage directory /home/runner/work/ozone/ozone/hadoop-ozone/integration-test/target/test-dir/MiniOzoneClusterImpl-0353e991-6c3e-4832-95ff-5850d237b4c9/ozone-meta/datanode-3/ratis/ca4914a1-8eb5-4970-ac5d-06c4850d5be6 does not exist. Creating ...
2024-06-12 17:08:05,041 [92e0ccad-9c5a-447b-b545-333a3cb7e193-PipelineCommandHandlerThread-0] INFO  server.RaftServer (RaftServerProxy.java:addNew(100)) - 92e0ccad-9c5a-447b-b545-333a3cb7e193: addNew group-8DB8E933025C:[92e0ccad-9c5a-447b-b545-333a3cb7e193|127.0.0.1:15085, 691380cd-fa1e-45b9-9936-538793566ee4|127.0.0.1:15067, f3fc0661-daf3-46cc-b6b9-cf28bd2102cf|127.0.0.1:15076] returns group-8DB8E933025C:java.util.concurrent.CompletableFuture@4129dbb0[Not completed]
2024-06-12 17:08:05,042 [92e0ccad-9c5a-447b-b545-333a3cb7e193-groupManagement] INFO  storage.RaftStorageDirectory (RaftStorageDirectoryImpl.java:tryLock(228)) - Lock on /home/runner/work/ozone/ozone/hadoop-ozone/integration-test/target/test-dir/MiniOzoneClusterImpl-0353e991-6c3e-4832-95ff-5850d237b4c9/ozone-meta/datanode-3/ratis/ca4914a1-8eb5-4970-ac5d-06c4850d5be6/in_use.lock acquired by nodename 9416@fv-az571-250
2024-06-12 17:08:05,043 [92e0ccad-9c5a-447b-b545-333a3cb7e193-groupManagement] INFO  storage.RaftStorage (RaftStorageImpl.java:format(99)) - Storage directory /home/runner/work/ozone/ozone/hadoop-ozone/integration-test/target/test-dir/MiniOzoneClusterImpl-0353e991-6c3e-4832-95ff-5850d237b4c9/ozone-meta/datanode-3/ratis/ca4914a1-8eb5-4970-ac5d-06c4850d5be6 has been successfully formatted.
2024-06-12 17:08:05,043 [92e0ccad-9c5a-447b-b545-333a3cb7e193-groupManagement] WARN  util.FileUtils (LogUtils.java:supplyAndLog(63)) - Failed to Files.newInputStream /home/runner/work/ozone/ozone/hadoop-ozone/integration-test/target/test-dir/MiniOzoneClusterImpl-0353e991-6c3e-4832-95ff-5850d237b4c9/ozone-meta/datanode-3/ratis/ca4914a1-8eb5-4970-ac5d-06c4850d5be6/current/raft-meta.conf with options []: java.nio.file.NoSuchFileException: /home/runner/work/ozone/ozone/hadoop-ozone/integration-test/target/test-dir/MiniOzoneClusterImpl-0353e991-6c3e-4832-95ff-5850d237b4c9/ozone-meta/datanode-3/ratis/ca4914a1-8eb5-4970-ac5d-06c4850d5be6/current/raft-meta.conf
2024-06-12 17:08:05,043 [92e0ccad-9c5a-447b-b545-333a3cb7e193-groupManagement] INFO  ratis.ContainerStateMachine (ContainerStateMachine.java:loadSnapshot(287)) - group-06C4850D5BE6: The snapshot info is null. Setting the last applied index to:(t:0, i:~)
2024-06-12 17:08:05,043 [92e0ccad-9c5a-447b-b545-333a3cb7e193-groupManagement] INFO  server.RaftServerConfigKeys (ConfUtils.java:logGet(46)) - raft.server.log.use.memory = false (default)
2024-06-12 17:08:05,044 [92e0ccad-9c5a-447b-b545-333a3cb7e193-groupManagement] INFO  server.RaftServerConfigKeys (ConfUtils.java:logGet(46)) - raft.server.log.purge.gap = 1000000 (custom)
2024-06-12 17:08:05,044 [92e0ccad-9c5a-447b-b545-333a3cb7e193-groupManagement] INFO  server.RaftServerConfigKeys (ConfUtils.java:logGet(46)) - raft.server.log.appender.buffer.byte-limit = 8388608 (custom)
2024-06-12 17:08:05,044 [92e0ccad-9c5a-447b-b545-333a3cb7e193-groupManagement] INFO  server.RaftServerConfigKeys (ConfUtils.java:logGet(46)) - raft.server.log.statemachine.data.read.timeout = 1000ms (default)
2024-06-12 17:08:05,044 [92e0ccad-9c5a-447b-b545-333a3cb7e193-groupManagement] INFO  server.RaftServerConfigKeys (ConfUtils.java:logGet(46)) - raft.server.log.purge.preservation.log.num = 0 (default)
2024-06-12 17:08:05,044 [EventQueue-OpenPipelineForHealthyPipelineSafeModeRule] INFO  safemode.SCMSafeModeManager (HealthyPipelineSafeModeRule.java:process(140)) - SCM in safe mode. Healthy pipelines reported count is 0, required healthy pipeline reported count is 1
2024-06-12 17:08:05,045 [92e0ccad-9c5a-447b-b545-333a3cb7e193-groupManagement] INFO  server.RaftServerConfigKeys (ConfUtils.java:logGet(46)) - raft.server.log.segment.size.max = 67108864 (custom)
2024-06-12 17:08:05,045 [92e0ccad-9c5a-447b-b545-333a3cb7e193-groupManagement] INFO  server.RaftServerConfigKeys (ConfUtils.java:logGet(46)) - raft.server.log.segment.cache.num.max = 2 (custom)
2024-06-12 17:08:05,045 [92e0ccad-9c5a-447b-b545-333a3cb7e193-groupManagement] INFO  server.RaftServerConfigKeys (ConfUtils.java:logGet(46)) - raft.server.log.segment.cache.size.max = 200MB (=209715200) (default)
2024-06-12 17:08:05,045 [92e0ccad-9c5a-447b-b545-333a3cb7e193-groupManagement] INFO  server.RaftServerConfigKeys (ConfUtils.java:logGet(46)) - raft.server.log.appender.buffer.byte-limit = 8388608 (custom)
2024-06-12 17:08:05,045 [92e0ccad-9c5a-447b-b545-333a3cb7e193-groupManagement] INFO  util.AwaitToRun (AwaitToRun.java:start(81)) - Thread[92e0ccad-9c5a-447b-b545-333a3cb7e193@group-06C4850D5BE6-cacheEviction-AwaitToRun,5,main] started
2024-06-12 17:08:05,045 [92e0ccad-9c5a-447b-b545-333a3cb7e193-groupManagement] INFO  segmented.SegmentedRaftLogWorker (SegmentedRaftLogWorker.java:<init>(182)) - new 92e0ccad-9c5a-447b-b545-333a3cb7e193@group-06C4850D5BE6-SegmentedRaftLogWorker for RaftStorageImpl:Storage Directory /home/runner/work/ozone/ozone/hadoop-ozone/integration-test/target/test-dir/MiniOzoneClusterImpl-0353e991-6c3e-4832-95ff-5850d237b4c9/ozone-meta/datanode-3/ratis/ca4914a1-8eb5-4970-ac5d-06c4850d5be6
2024-06-12 17:08:05,045 [92e0ccad-9c5a-447b-b545-333a3cb7e193-groupManagement] INFO  server.RaftServerConfigKeys (ConfUtils.java:logGet(46)) - raft.server.log.queue.byte-limit = 4294967296 (custom)
2024-06-12 17:08:05,045 [92e0ccad-9c5a-447b-b545-333a3cb7e193-groupManagement] INFO  server.RaftServerConfigKeys (ConfUtils.java:logGet(46)) - raft.server.log.queue.element-limit = 1024 (custom)
2024-06-12 17:08:05,045 [92e0ccad-9c5a-447b-b545-333a3cb7e193-groupManagement] INFO  server.RaftServerConfigKeys (ConfUtils.java:logGet(46)) - raft.server.log.segment.size.max = 67108864 (custom)
2024-06-12 17:08:05,045 [92e0ccad-9c5a-447b-b545-333a3cb7e193-groupManagement] INFO  server.RaftServerConfigKeys (ConfUtils.java:logGet(46)) - raft.server.log.preallocated.size = 4194304 (custom)
2024-06-12 17:08:05,045 [92e0ccad-9c5a-447b-b545-333a3cb7e193-groupManagement] INFO  server.RaftServerConfigKeys (ConfUtils.java:logGet(46)) - raft.server.log.force.sync.num = 128 (default)
2024-06-12 17:08:05,045 [92e0ccad-9c5a-447b-b545-333a3cb7e193-groupManagement] INFO  server.RaftServerConfigKeys (ConfUtils.java:logGet(46)) - raft.server.log.statemachine.data.sync = true (default)
2024-06-12 17:08:05,046 [92e0ccad-9c5a-447b-b545-333a3cb7e193-groupManagement] INFO  server.RaftServerConfigKeys (ConfUtils.java:logGet(46)) - raft.server.log.statemachine.data.sync.timeout = 10s (default)
2024-06-12 17:08:05,046 [92e0ccad-9c5a-447b-b545-333a3cb7e193-groupManagement] INFO  server.RaftServerConfigKeys (ConfUtils.java:logGet(46)) - raft.server.log.statemachine.data.sync.timeout.retry = 30 (custom)
2024-06-12 17:08:05,046 [92e0ccad-9c5a-447b-b545-333a3cb7e193-groupManagement] INFO  server.RaftServerConfigKeys (ConfUtils.java:logGet(46)) - raft.server.log.write.buffer.size = 8388616 (custom)
2024-06-12 17:08:05,048 [92e0ccad-9c5a-447b-b545-333a3cb7e193-groupManagement] INFO  server.RaftServerConfigKeys (ConfUtils.java:logGet(46)) - raft.server.log.appender.buffer.byte-limit = 8388608 (custom)
2024-06-12 17:08:05,048 [92e0ccad-9c5a-447b-b545-333a3cb7e193-groupManagement] INFO  server.RaftServerConfigKeys (ConfUtils.java:logGet(46)) - raft.server.log.unsafe-flush.enabled = false (default)
2024-06-12 17:08:05,048 [92e0ccad-9c5a-447b-b545-333a3cb7e193-groupManagement] INFO  server.RaftServerConfigKeys (ConfUtils.java:logGet(46)) - raft.server.log.async-flush.enabled = false (default)
2024-06-12 17:08:05,048 [92e0ccad-9c5a-447b-b545-333a3cb7e193-groupManagement] INFO  server.RaftServerConfigKeys (ConfUtils.java:logGet(46)) - raft.server.log.statemachine.data.caching.enabled = true (custom)
2024-06-12 17:08:05,048 [92e0ccad-9c5a-447b-b545-333a3cb7e193-groupManagement] INFO  segmented.SegmentedRaftLogWorker (SegmentedRaftLogWorker.java:lambda$new$0(134)) - 92e0ccad-9c5a-447b-b545-333a3cb7e193@group-06C4850D5BE6-SegmentedRaftLogWorker: flushIndex: setUnconditionally 0 -> -1
2024-06-12 17:08:05,048 [92e0ccad-9c5a-447b-b545-333a3cb7e193-groupManagement] INFO  segmented.SegmentedRaftLogWorker (SegmentedRaftLogWorker.java:lambda$new$0(134)) - 92e0ccad-9c5a-447b-b545-333a3cb7e193@group-06C4850D5BE6-SegmentedRaftLogWorker: safeCacheEvictIndex: setUnconditionally 0 -> -1
2024-06-12 17:08:05,048 [92e0ccad-9c5a-447b-b545-333a3cb7e193-groupManagement] INFO  server.RaftServer$Division (RaftServerImpl.java:start(396)) - 92e0ccad-9c5a-447b-b545-333a3cb7e193@group-06C4850D5BE6: start as a follower, conf=-1: peers:[92e0ccad-9c5a-447b-b545-333a3cb7e193|127.0.0.1:15085, 691380cd-fa1e-45b9-9936-538793566ee4|127.0.0.1:15067, f3fc0661-daf3-46cc-b6b9-cf28bd2102cf|127.0.0.1:15076]|listeners:[], old=null
2024-06-12 17:08:05,048 [92e0ccad-9c5a-447b-b545-333a3cb7e193-groupManagement] INFO  server.RaftServer$Division (RaftServerImpl.java:setRole(383)) - 92e0ccad-9c5a-447b-b545-333a3cb7e193@group-06C4850D5BE6: changes role from      null to FOLLOWER at term 0 for startAsFollower
2024-06-12 17:08:05,048 [92e0ccad-9c5a-447b-b545-333a3cb7e193-groupManagement] INFO  impl.RoleInfo (RoleInfo.java:updateAndGet(139)) - 92e0ccad-9c5a-447b-b545-333a3cb7e193: start 92e0ccad-9c5a-447b-b545-333a3cb7e193@group-06C4850D5BE6-FollowerState
2024-06-12 17:08:05,049 [92e0ccad-9c5a-447b-b545-333a3cb7e193-groupManagement] INFO  util.JmxRegister (JmxRegister.java:tryRegister(44)) - Successfully registered JMX Bean with object name Ratis:service=RaftServer,group=group-06C4850D5BE6,id=92e0ccad-9c5a-447b-b545-333a3cb7e193
2024-06-12 17:08:05,049 [92e0ccad-9c5a-447b-b545-333a3cb7e193-groupManagement] INFO  server.RaftServerConfigKeys (ConfUtils.java:logGet(46)) - raft.server.snapshot.trigger-when-stop.enabled = true (default)
2024-06-12 17:08:05,049 [92e0ccad-9c5a-447b-b545-333a3cb7e193-groupManagement] INFO  server.RaftServerConfigKeys (ConfUtils.java:logGet(46)) - raft.server.snapshot.auto.trigger.enabled = true (custom)
2024-06-12 17:08:05,049 [92e0ccad-9c5a-447b-b545-333a3cb7e193-groupManagement] INFO  server.RaftServerConfigKeys (ConfUtils.java:logGet(46)) - raft.server.snapshot.auto.trigger.threshold = 10000 (custom)
2024-06-12 17:08:05,049 [92e0ccad-9c5a-447b-b545-333a3cb7e193-groupManagement] INFO  server.RaftServerConfigKeys (ConfUtils.java:logGet(46)) - raft.server.snapshot.retention.file.num = 5 (custom)
2024-06-12 17:08:05,049 [92e0ccad-9c5a-447b-b545-333a3cb7e193-groupManagement] INFO  server.RaftServerConfigKeys (ConfUtils.java:logGet(46)) - raft.server.log.purge.upto.snapshot.index = false (default)
2024-06-12 17:08:05,049 [92e0ccad-9c5a-447b-b545-333a3cb7e193@group-06C4850D5BE6-FollowerState] INFO  server.RaftServerConfigKeys (ConfUtils.java:logFallback(53)) - raft.server.rpc.first-election.timeout.min = 5s (fallback to raft.server.rpc.timeout.min)
2024-06-12 17:08:05,049 [92e0ccad-9c5a-447b-b545-333a3cb7e193@group-06C4850D5BE6-FollowerState] INFO  server.RaftServerConfigKeys (ConfUtils.java:logFallback(53)) - raft.server.rpc.first-election.timeout.max = 5200ms (fallback to raft.server.rpc.timeout.max)
2024-06-12 17:08:05,049 [691380cd-fa1e-45b9-9936-538793566ee4-groupManagement] INFO  server.RaftServerConfigKeys (ConfUtils.java:logGet(46)) - raft.server.snapshot.auto.trigger.threshold = 10000 (custom)
2024-06-12 17:08:05,050 [691380cd-fa1e-45b9-9936-538793566ee4-groupManagement] INFO  server.RaftServerConfigKeys (ConfUtils.java:logGet(46)) - raft.server.snapshot.retention.file.num = 5 (custom)
2024-06-12 17:08:05,051 [92e0ccad-9c5a-447b-b545-333a3cb7e193-groupManagement] INFO  server.RaftServer$Division (RaftServerImpl.java:<init>(256)) - 92e0ccad-9c5a-447b-b545-333a3cb7e193: new RaftServerImpl for group-8DB8E933025C:[92e0ccad-9c5a-447b-b545-333a3cb7e193|127.0.0.1:15085, 691380cd-fa1e-45b9-9936-538793566ee4|127.0.0.1:15067, f3fc0661-daf3-46cc-b6b9-cf28bd2102cf|127.0.0.1:15076] with ContainerStateMachine:uninitialized
2024-06-12 17:08:05,053 [92e0ccad-9c5a-447b-b545-333a3cb7e193-groupManagement] INFO  server.RaftServerConfigKeys (ConfUtils.java:logGet(46)) - raft.server.rpc.timeout.min = 5s (custom)
2024-06-12 17:08:05,053 [92e0ccad-9c5a-447b-b545-333a3cb7e193-groupManagement] INFO  server.RaftServerConfigKeys (ConfUtils.java:logGet(46)) - raft.server.rpc.timeout.max = 5200ms (custom)
2024-06-12 17:08:05,053 [92e0ccad-9c5a-447b-b545-333a3cb7e193-groupManagement] INFO  server.RaftServerConfigKeys (ConfUtils.java:logGet(46)) - raft.server.rpc.sleep.time = 25ms (default)
2024-06-12 17:08:05,053 [92e0ccad-9c5a-447b-b545-333a3cb7e193-groupManagement] INFO  server.RaftServerConfigKeys (ConfUtils.java:logGet(46)) - raft.server.rpc.slowness.timeout = 300000ms (custom)
2024-06-12 17:08:05,053 [92e0ccad-9c5a-447b-b545-333a3cb7e193-groupManagement] INFO  server.RaftServerConfigKeys (ConfUtils.java:logGet(46)) - raft.server.leaderelection.leader.step-down.wait-time = 10s (default)
2024-06-12 17:08:05,053 [92e0ccad-9c5a-447b-b545-333a3cb7e193-groupManagement] INFO  server.RaftServerConfigKeys (ConfUtils.java:logGet(46)) - raft.server.leaderelection.member.majority-add = false (default)
2024-06-12 17:08:05,053 [92e0ccad-9c5a-447b-b545-333a3cb7e193-groupManagement] INFO  server.RaftServerConfigKeys (ConfUtils.java:logGet(46)) - raft.server.sleep.deviation.threshold = 300ms (default)
2024-06-12 17:08:05,053 [92e0ccad-9c5a-447b-b545-333a3cb7e193-groupManagement] INFO  server.RaftServer$Division (ServerState.java:<init>(113)) - 92e0ccad-9c5a-447b-b545-333a3cb7e193@group-8DB8E933025C: ConfigurationManager, init=-1: peers:[92e0ccad-9c5a-447b-b545-333a3cb7e193|127.0.0.1:15085, 691380cd-fa1e-45b9-9936-538793566ee4|127.0.0.1:15067, f3fc0661-daf3-46cc-b6b9-cf28bd2102cf|127.0.0.1:15076]|listeners:[], old=null, confs=<EMPTY_MAP>
2024-06-12 17:08:05,053 [92e0ccad-9c5a-447b-b545-333a3cb7e193-groupManagement] INFO  server.RaftServerConfigKeys (ConfUtils.java:logGet(46)) - raft.server.notification.no-leader.timeout = 300000ms (custom)
2024-06-12 17:08:05,053 [92e0ccad-9c5a-447b-b545-333a3cb7e193-groupManagement] INFO  server.RaftServerConfigKeys (ConfUtils.java:logGet(46)) - raft.server.read.timeout = 10s (default)
2024-06-12 17:08:05,053 [92e0ccad-9c5a-447b-b545-333a3cb7e193-groupManagement] INFO  server.RaftServerConfigKeys (ConfUtils.java:logGet(46)) - raft.server.retrycache.expirytime = 600000ms (custom)
2024-06-12 17:08:05,053 [92e0ccad-9c5a-447b-b545-333a3cb7e193-groupManagement] INFO  server.RaftServerConfigKeys (ConfUtils.java:logGet(46)) - raft.server.retrycache.statistics.expirytime = 100ms (default)
2024-06-12 17:08:05,054 [92e0ccad-9c5a-447b-b545-333a3cb7e193-groupManagement] INFO  server.RaftServerConfigKeys (ConfUtils.java:logGet(46)) - raft.server.read.option = DEFAULT (default)
2024-06-12 17:08:05,054 [92e0ccad-9c5a-447b-b545-333a3cb7e193-groupManagement] INFO  server.RaftServerConfigKeys (ConfUtils.java:logGet(46)) - raft.server.read.read-after-write-consistent.write-index-cache.expiry-time = 60s (default)
2024-06-12 17:08:05,056 [92e0ccad-9c5a-447b-b545-333a3cb7e193-groupManagement] INFO  server.RaftServerConfigKeys (ConfUtils.java:logGet(46)) - raft.server.rpc.request.timeout = 3000ms (default)
2024-06-12 17:08:05,056 [92e0ccad-9c5a-447b-b545-333a3cb7e193-groupManagement] INFO  server.RaftServerConfigKeys (ConfUtils.java:logGet(46)) - raft.server.log.appender.install.snapshot.enabled = false (custom)
2024-06-12 17:08:05,056 [92e0ccad-9c5a-447b-b545-333a3cb7e193-groupManagement] INFO  server.RaftServerConfigKeys (ConfUtils.java:logGet(46)) - raft.server.threadpool.server.cached = true (default)
2024-06-12 17:08:05,056 [92e0ccad-9c5a-447b-b545-333a3cb7e193-groupManagement] INFO  server.RaftServerConfigKeys (ConfUtils.java:logGet(46)) - raft.server.threadpool.server.size = 0 (default)
2024-06-12 17:08:05,056 [92e0ccad-9c5a-447b-b545-333a3cb7e193-groupManagement] INFO  server.RaftServerConfigKeys (ConfUtils.java:logGet(46)) - raft.server.threadpool.client.cached = true (default)
2024-06-12 17:08:05,056 [92e0ccad-9c5a-447b-b545-333a3cb7e193-groupManagement] INFO  server.RaftServerConfigKeys (ConfUtils.java:logGet(46)) - raft.server.threadpool.client.size = 0 (default)
2024-06-12 17:08:05,056 [92e0ccad-9c5a-447b-b545-333a3cb7e193-groupManagement] INFO  server.RaftServerConfigKeys (ConfUtils.java:logGet(46)) - raft.server.storage.free-space.min = 0MB (=0) (default)
2024-06-12 17:08:05,056 [92e0ccad-9c5a-447b-b545-333a3cb7e193-groupManagement] INFO  server.RaftServerConfigKeys (ConfUtils.java:logGet(46)) - raft.server.log.corruption.policy = EXCEPTION (default)
2024-06-12 17:08:05,056 [92e0ccad-9c5a-447b-b545-333a3cb7e193-groupManagement] INFO  server.RaftServerConfigKeys (ConfUtils.java:logGet(46)) - raft.server.storage.dir = [/home/runner/work/ozone/ozone/hadoop-ozone/integration-test/target/test-dir/MiniOzoneClusterImpl-0353e991-6c3e-4832-95ff-5850d237b4c9/ozone-meta/datanode-3/ratis] (custom)
2024-06-12 17:08:05,057 [92e0ccad-9c5a-447b-b545-333a3cb7e193-groupManagement] INFO  storage.RaftStorageDirectory (RaftStorageDirectoryImpl.java:analyzeStorage(138)) - The storage directory /home/runner/work/ozone/ozone/hadoop-ozone/integration-test/target/test-dir/MiniOzoneClusterImpl-0353e991-6c3e-4832-95ff-5850d237b4c9/ozone-meta/datanode-3/ratis/738ccdf1-229f-4656-88f2-8db8e933025c does not exist. Creating ...
2024-06-12 17:08:05,057 [691380cd-fa1e-45b9-9936-538793566ee4-groupManagement] INFO  server.RaftServerConfigKeys (ConfUtils.java:logGet(46)) - raft.server.log.purge.upto.snapshot.index = false (default)
2024-06-12 17:08:05,058 [92e0ccad-9c5a-447b-b545-333a3cb7e193-groupManagement] INFO  storage.RaftStorageDirectory (RaftStorageDirectoryImpl.java:tryLock(228)) - Lock on /home/runner/work/ozone/ozone/hadoop-ozone/integration-test/target/test-dir/MiniOzoneClusterImpl-0353e991-6c3e-4832-95ff-5850d237b4c9/ozone-meta/datanode-3/ratis/738ccdf1-229f-4656-88f2-8db8e933025c/in_use.lock acquired by nodename 9416@fv-az571-250
2024-06-12 17:08:05,059 [92e0ccad-9c5a-447b-b545-333a3cb7e193-groupManagement] INFO  storage.RaftStorage (RaftStorageImpl.java:format(99)) - Storage directory /home/runner/work/ozone/ozone/hadoop-ozone/integration-test/target/test-dir/MiniOzoneClusterImpl-0353e991-6c3e-4832-95ff-5850d237b4c9/ozone-meta/datanode-3/ratis/738ccdf1-229f-4656-88f2-8db8e933025c has been successfully formatted.
2024-06-12 17:08:05,059 [92e0ccad-9c5a-447b-b545-333a3cb7e193-groupManagement] WARN  util.FileUtils (LogUtils.java:supplyAndLog(63)) - Failed to Files.newInputStream /home/runner/work/ozone/ozone/hadoop-ozone/integration-test/target/test-dir/MiniOzoneClusterImpl-0353e991-6c3e-4832-95ff-5850d237b4c9/ozone-meta/datanode-3/ratis/738ccdf1-229f-4656-88f2-8db8e933025c/current/raft-meta.conf with options []: java.nio.file.NoSuchFileException: /home/runner/work/ozone/ozone/hadoop-ozone/integration-test/target/test-dir/MiniOzoneClusterImpl-0353e991-6c3e-4832-95ff-5850d237b4c9/ozone-meta/datanode-3/ratis/738ccdf1-229f-4656-88f2-8db8e933025c/current/raft-meta.conf
2024-06-12 17:08:05,059 [92e0ccad-9c5a-447b-b545-333a3cb7e193-groupManagement] INFO  ratis.ContainerStateMachine (ContainerStateMachine.java:loadSnapshot(287)) - group-8DB8E933025C: The snapshot info is null. Setting the last applied index to:(t:0, i:~)
2024-06-12 17:08:05,059 [92e0ccad-9c5a-447b-b545-333a3cb7e193-groupManagement] INFO  server.RaftServerConfigKeys (ConfUtils.java:logGet(46)) - raft.server.log.use.memory = false (default)
2024-06-12 17:08:05,059 [92e0ccad-9c5a-447b-b545-333a3cb7e193-groupManagement] INFO  server.RaftServerConfigKeys (ConfUtils.java:logGet(46)) - raft.server.log.purge.gap = 1000000 (custom)
2024-06-12 17:08:05,059 [92e0ccad-9c5a-447b-b545-333a3cb7e193-groupManagement] INFO  server.RaftServerConfigKeys (ConfUtils.java:logGet(46)) - raft.server.log.appender.buffer.byte-limit = 8388608 (custom)
2024-06-12 17:08:05,059 [92e0ccad-9c5a-447b-b545-333a3cb7e193-groupManagement] INFO  server.RaftServerConfigKeys (ConfUtils.java:logGet(46)) - raft.server.log.statemachine.data.read.timeout = 1000ms (default)
2024-06-12 17:08:05,059 [92e0ccad-9c5a-447b-b545-333a3cb7e193-groupManagement] INFO  server.RaftServerConfigKeys (ConfUtils.java:logGet(46)) - raft.server.log.purge.preservation.log.num = 0 (default)
2024-06-12 17:08:05,060 [EventQueue-OpenPipelineForHealthyPipelineSafeModeRule] INFO  safemode.SCMSafeModeManager (HealthyPipelineSafeModeRule.java:process(140)) - SCM in safe mode. Healthy pipelines reported count is 0, required healthy pipeline reported count is 1
2024-06-12 17:08:05,061 [92e0ccad-9c5a-447b-b545-333a3cb7e193-groupManagement] INFO  server.RaftServerConfigKeys (ConfUtils.java:logGet(46)) - raft.server.log.segment.size.max = 67108864 (custom)
2024-06-12 17:08:05,061 [92e0ccad-9c5a-447b-b545-333a3cb7e193-groupManagement] INFO  server.RaftServerConfigKeys (ConfUtils.java:logGet(46)) - raft.server.log.segment.cache.num.max = 2 (custom)
2024-06-12 17:08:05,061 [92e0ccad-9c5a-447b-b545-333a3cb7e193-groupManagement] INFO  server.RaftServerConfigKeys (ConfUtils.java:logGet(46)) - raft.server.log.segment.cache.size.max = 200MB (=209715200) (default)
2024-06-12 17:08:05,061 [92e0ccad-9c5a-447b-b545-333a3cb7e193-groupManagement] INFO  server.RaftServerConfigKeys (ConfUtils.java:logGet(46)) - raft.server.log.appender.buffer.byte-limit = 8388608 (custom)
2024-06-12 17:08:05,062 [74620180-03cc-4c6e-ac63-d0b12e96fe58-PipelineCommandHandlerThread-0] INFO  server.RaftServer (RaftServerProxy.java:addNew(100)) - 74620180-03cc-4c6e-ac63-d0b12e96fe58: addNew group-25DA7408936A:[74620180-03cc-4c6e-ac63-d0b12e96fe58|127.0.0.1:15094] returns group-25DA7408936A:java.util.concurrent.CompletableFuture@5ea8a9c7[Not completed]
2024-06-12 17:08:05,063 [74620180-03cc-4c6e-ac63-d0b12e96fe58-groupManagement] INFO  server.RaftServer$Division (RaftServerImpl.java:<init>(256)) - 74620180-03cc-4c6e-ac63-d0b12e96fe58: new RaftServerImpl for group-25DA7408936A:[74620180-03cc-4c6e-ac63-d0b12e96fe58|127.0.0.1:15094] with ContainerStateMachine:uninitialized
2024-06-12 17:08:05,063 [74620180-03cc-4c6e-ac63-d0b12e96fe58-groupManagement] INFO  server.RaftServerConfigKeys (ConfUtils.java:logGet(46)) - raft.server.rpc.timeout.min = 5s (custom)
2024-06-12 17:08:05,063 [74620180-03cc-4c6e-ac63-d0b12e96fe58-groupManagement] INFO  server.RaftServerConfigKeys (ConfUtils.java:logGet(46)) - raft.server.rpc.timeout.max = 5200ms (custom)
2024-06-12 17:08:05,063 [74620180-03cc-4c6e-ac63-d0b12e96fe58-groupManagement] INFO  server.RaftServerConfigKeys (ConfUtils.java:logGet(46)) - raft.server.rpc.sleep.time = 25ms (default)
2024-06-12 17:08:05,064 [74620180-03cc-4c6e-ac63-d0b12e96fe58-groupManagement] INFO  server.RaftServerConfigKeys (ConfUtils.java:logGet(46)) - raft.server.rpc.slowness.timeout = 300000ms (custom)
2024-06-12 17:08:05,064 [74620180-03cc-4c6e-ac63-d0b12e96fe58-groupManagement] INFO  server.RaftServerConfigKeys (ConfUtils.java:logGet(46)) - raft.server.leaderelection.leader.step-down.wait-time = 10s (default)
2024-06-12 17:08:05,064 [74620180-03cc-4c6e-ac63-d0b12e96fe58-groupManagement] INFO  server.RaftServerConfigKeys (ConfUtils.java:logGet(46)) - raft.server.leaderelection.member.majority-add = false (default)
2024-06-12 17:08:05,064 [74620180-03cc-4c6e-ac63-d0b12e96fe58-groupManagement] INFO  server.RaftServerConfigKeys (ConfUtils.java:logGet(46)) - raft.server.sleep.deviation.threshold = 300ms (default)
2024-06-12 17:08:05,064 [74620180-03cc-4c6e-ac63-d0b12e96fe58-groupManagement] INFO  server.RaftServer$Division (ServerState.java:<init>(113)) - 74620180-03cc-4c6e-ac63-d0b12e96fe58@group-25DA7408936A: ConfigurationManager, init=-1: peers:[74620180-03cc-4c6e-ac63-d0b12e96fe58|127.0.0.1:15094]|listeners:[], old=null, confs=<EMPTY_MAP>
2024-06-12 17:08:05,064 [74620180-03cc-4c6e-ac63-d0b12e96fe58-groupManagement] INFO  server.RaftServerConfigKeys (ConfUtils.java:logGet(46)) - raft.server.notification.no-leader.timeout = 300000ms (custom)
2024-06-12 17:08:05,064 [74620180-03cc-4c6e-ac63-d0b12e96fe58-groupManagement] INFO  server.RaftServerConfigKeys (ConfUtils.java:logGet(46)) - raft.server.read.timeout = 10s (default)
2024-06-12 17:08:05,064 [74620180-03cc-4c6e-ac63-d0b12e96fe58-groupManagement] INFO  server.RaftServerConfigKeys (ConfUtils.java:logGet(46)) - raft.server.retrycache.expirytime = 600000ms (custom)
2024-06-12 17:08:05,064 [74620180-03cc-4c6e-ac63-d0b12e96fe58-groupManagement] INFO  server.RaftServerConfigKeys (ConfUtils.java:logGet(46)) - raft.server.retrycache.statistics.expirytime = 100ms (default)
2024-06-12 17:08:05,064 [74620180-03cc-4c6e-ac63-d0b12e96fe58-groupManagement] INFO  server.RaftServerConfigKeys (ConfUtils.java:logGet(46)) - raft.server.read.option = DEFAULT (default)
2024-06-12 17:08:05,064 [74620180-03cc-4c6e-ac63-d0b12e96fe58-groupManagement] INFO  server.RaftServerConfigKeys (ConfUtils.java:logGet(46)) - raft.server.read.read-after-write-consistent.write-index-cache.expiry-time = 60s (default)
2024-06-12 17:08:05,066 [74620180-03cc-4c6e-ac63-d0b12e96fe58-groupManagement] INFO  server.RaftServerConfigKeys (ConfUtils.java:logGet(46)) - raft.server.rpc.request.timeout = 3000ms (default)
2024-06-12 17:08:05,066 [74620180-03cc-4c6e-ac63-d0b12e96fe58-groupManagement] INFO  server.RaftServerConfigKeys (ConfUtils.java:logGet(46)) - raft.server.log.appender.install.snapshot.enabled = false (custom)
2024-06-12 17:08:05,066 [74620180-03cc-4c6e-ac63-d0b12e96fe58-groupManagement] INFO  server.RaftServerConfigKeys (ConfUtils.java:logGet(46)) - raft.server.threadpool.server.cached = true (default)
2024-06-12 17:08:05,066 [74620180-03cc-4c6e-ac63-d0b12e96fe58-groupManagement] INFO  server.RaftServerConfigKeys (ConfUtils.java:logGet(46)) - raft.server.threadpool.server.size = 0 (default)
2024-06-12 17:08:05,066 [74620180-03cc-4c6e-ac63-d0b12e96fe58-groupManagement] INFO  server.RaftServerConfigKeys (ConfUtils.java:logGet(46)) - raft.server.threadpool.client.cached = true (default)
2024-06-12 17:08:05,066 [74620180-03cc-4c6e-ac63-d0b12e96fe58-groupManagement] INFO  server.RaftServerConfigKeys (ConfUtils.java:logGet(46)) - raft.server.threadpool.client.size = 0 (default)
2024-06-12 17:08:05,066 [74620180-03cc-4c6e-ac63-d0b12e96fe58-groupManagement] INFO  server.RaftServerConfigKeys (ConfUtils.java:logGet(46)) - raft.server.storage.free-space.min = 0MB (=0) (default)
2024-06-12 17:08:05,066 [74620180-03cc-4c6e-ac63-d0b12e96fe58-groupManagement] INFO  server.RaftServerConfigKeys (ConfUtils.java:logGet(46)) - raft.server.log.corruption.policy = EXCEPTION (default)
2024-06-12 17:08:05,066 [74620180-03cc-4c6e-ac63-d0b12e96fe58-groupManagement] INFO  server.RaftServerConfigKeys (ConfUtils.java:logGet(46)) - raft.server.storage.dir = [/home/runner/work/ozone/ozone/hadoop-ozone/integration-test/target/test-dir/MiniOzoneClusterImpl-0353e991-6c3e-4832-95ff-5850d237b4c9/ozone-meta/datanode-4/ratis] (custom)
2024-06-12 17:08:05,066 [74620180-03cc-4c6e-ac63-d0b12e96fe58-groupManagement] INFO  storage.RaftStorageDirectory (RaftStorageDirectoryImpl.java:analyzeStorage(138)) - The storage directory /home/runner/work/ozone/ozone/hadoop-ozone/integration-test/target/test-dir/MiniOzoneClusterImpl-0353e991-6c3e-4832-95ff-5850d237b4c9/ozone-meta/datanode-4/ratis/a0d514eb-4f98-4aeb-8738-25da7408936a does not exist. Creating ...
2024-06-12 17:08:05,067 [74620180-03cc-4c6e-ac63-d0b12e96fe58-groupManagement] INFO  storage.RaftStorageDirectory (RaftStorageDirectoryImpl.java:tryLock(228)) - Lock on /home/runner/work/ozone/ozone/hadoop-ozone/integration-test/target/test-dir/MiniOzoneClusterImpl-0353e991-6c3e-4832-95ff-5850d237b4c9/ozone-meta/datanode-4/ratis/a0d514eb-4f98-4aeb-8738-25da7408936a/in_use.lock acquired by nodename 9416@fv-az571-250
2024-06-12 17:08:05,068 [74620180-03cc-4c6e-ac63-d0b12e96fe58-groupManagement] INFO  storage.RaftStorage (RaftStorageImpl.java:format(99)) - Storage directory /home/runner/work/ozone/ozone/hadoop-ozone/integration-test/target/test-dir/MiniOzoneClusterImpl-0353e991-6c3e-4832-95ff-5850d237b4c9/ozone-meta/datanode-4/ratis/a0d514eb-4f98-4aeb-8738-25da7408936a has been successfully formatted.
2024-06-12 17:08:05,068 [74620180-03cc-4c6e-ac63-d0b12e96fe58-groupManagement] WARN  util.FileUtils (LogUtils.java:supplyAndLog(63)) - Failed to Files.newInputStream /home/runner/work/ozone/ozone/hadoop-ozone/integration-test/target/test-dir/MiniOzoneClusterImpl-0353e991-6c3e-4832-95ff-5850d237b4c9/ozone-meta/datanode-4/ratis/a0d514eb-4f98-4aeb-8738-25da7408936a/current/raft-meta.conf with options []: java.nio.file.NoSuchFileException: /home/runner/work/ozone/ozone/hadoop-ozone/integration-test/target/test-dir/MiniOzoneClusterImpl-0353e991-6c3e-4832-95ff-5850d237b4c9/ozone-meta/datanode-4/ratis/a0d514eb-4f98-4aeb-8738-25da7408936a/current/raft-meta.conf
2024-06-12 17:08:05,068 [74620180-03cc-4c6e-ac63-d0b12e96fe58-groupManagement] INFO  ratis.ContainerStateMachine (ContainerStateMachine.java:loadSnapshot(287)) - group-25DA7408936A: The snapshot info is null. Setting the last applied index to:(t:0, i:~)
2024-06-12 17:08:05,069 [74620180-03cc-4c6e-ac63-d0b12e96fe58-groupManagement] INFO  server.RaftServerConfigKeys (ConfUtils.java:logGet(46)) - raft.server.log.use.memory = false (default)
2024-06-12 17:08:05,069 [74620180-03cc-4c6e-ac63-d0b12e96fe58-groupManagement] INFO  server.RaftServerConfigKeys (ConfUtils.java:logGet(46)) - raft.server.log.purge.gap = 1000000 (custom)
2024-06-12 17:08:05,069 [74620180-03cc-4c6e-ac63-d0b12e96fe58-groupManagement] INFO  server.RaftServerConfigKeys (ConfUtils.java:logGet(46)) - raft.server.log.appender.buffer.byte-limit = 8388608 (custom)
2024-06-12 17:08:05,069 [74620180-03cc-4c6e-ac63-d0b12e96fe58-groupManagement] INFO  server.RaftServerConfigKeys (ConfUtils.java:logGet(46)) - raft.server.log.statemachine.data.read.timeout = 1000ms (default)
2024-06-12 17:08:05,069 [74620180-03cc-4c6e-ac63-d0b12e96fe58-groupManagement] INFO  server.RaftServerConfigKeys (ConfUtils.java:logGet(46)) - raft.server.log.purge.preservation.log.num = 0 (default)
2024-06-12 17:08:05,070 [74620180-03cc-4c6e-ac63-d0b12e96fe58-groupManagement] INFO  server.RaftServerConfigKeys (ConfUtils.java:logGet(46)) - raft.server.log.segment.size.max = 67108864 (custom)
2024-06-12 17:08:05,070 [74620180-03cc-4c6e-ac63-d0b12e96fe58-groupManagement] INFO  server.RaftServerConfigKeys (ConfUtils.java:logGet(46)) - raft.server.log.segment.cache.num.max = 2 (custom)
2024-06-12 17:08:05,070 [74620180-03cc-4c6e-ac63-d0b12e96fe58-groupManagement] INFO  server.RaftServerConfigKeys (ConfUtils.java:logGet(46)) - raft.server.log.segment.cache.size.max = 200MB (=209715200) (default)
2024-06-12 17:08:05,070 [74620180-03cc-4c6e-ac63-d0b12e96fe58-groupManagement] INFO  server.RaftServerConfigKeys (ConfUtils.java:logGet(46)) - raft.server.log.appender.buffer.byte-limit = 8388608 (custom)
2024-06-12 17:08:05,070 [EventQueue-PipelineReportForPipelineReportHandler] INFO  pipeline.PipelineReportHandler (PipelineReportHandler.java:processPipelineReport(136)) - Opened pipeline PipelineID=a0d514eb-4f98-4aeb-8738-25da7408936a
2024-06-12 17:08:05,070 [EventQueue-OpenPipelineForHealthyPipelineSafeModeRule] INFO  safemode.SCMSafeModeManager (HealthyPipelineSafeModeRule.java:process(140)) - SCM in safe mode. Healthy pipelines reported count is 0, required healthy pipeline reported count is 1
2024-06-12 17:08:05,076 [92e0ccad-9c5a-447b-b545-333a3cb7e193-groupManagement] INFO  util.AwaitToRun (AwaitToRun.java:start(81)) - Thread[92e0ccad-9c5a-447b-b545-333a3cb7e193@group-8DB8E933025C-cacheEviction-AwaitToRun,5,main] started
2024-06-12 17:08:05,076 [92e0ccad-9c5a-447b-b545-333a3cb7e193-groupManagement] INFO  segmented.SegmentedRaftLogWorker (SegmentedRaftLogWorker.java:<init>(182)) - new 92e0ccad-9c5a-447b-b545-333a3cb7e193@group-8DB8E933025C-SegmentedRaftLogWorker for RaftStorageImpl:Storage Directory /home/runner/work/ozone/ozone/hadoop-ozone/integration-test/target/test-dir/MiniOzoneClusterImpl-0353e991-6c3e-4832-95ff-5850d237b4c9/ozone-meta/datanode-3/ratis/738ccdf1-229f-4656-88f2-8db8e933025c
2024-06-12 17:08:05,076 [92e0ccad-9c5a-447b-b545-333a3cb7e193-groupManagement] INFO  server.RaftServerConfigKeys (ConfUtils.java:logGet(46)) - raft.server.log.queue.byte-limit = 4294967296 (custom)
2024-06-12 17:08:05,076 [92e0ccad-9c5a-447b-b545-333a3cb7e193-groupManagement] INFO  server.RaftServerConfigKeys (ConfUtils.java:logGet(46)) - raft.server.log.queue.element-limit = 1024 (custom)
2024-06-12 17:08:05,076 [92e0ccad-9c5a-447b-b545-333a3cb7e193-groupManagement] INFO  server.RaftServerConfigKeys (ConfUtils.java:logGet(46)) - raft.server.log.segment.size.max = 67108864 (custom)
2024-06-12 17:08:05,076 [92e0ccad-9c5a-447b-b545-333a3cb7e193-groupManagement] INFO  server.RaftServerConfigKeys (ConfUtils.java:logGet(46)) - raft.server.log.preallocated.size = 4194304 (custom)
2024-06-12 17:08:05,076 [92e0ccad-9c5a-447b-b545-333a3cb7e193-groupManagement] INFO  server.RaftServerConfigKeys (ConfUtils.java:logGet(46)) - raft.server.log.force.sync.num = 128 (default)
2024-06-12 17:08:05,076 [92e0ccad-9c5a-447b-b545-333a3cb7e193-groupManagement] INFO  server.RaftServerConfigKeys (ConfUtils.java:logGet(46)) - raft.server.log.statemachine.data.sync = true (default)
2024-06-12 17:08:05,076 [92e0ccad-9c5a-447b-b545-333a3cb7e193-groupManagement] INFO  server.RaftServerConfigKeys (ConfUtils.java:logGet(46)) - raft.server.log.statemachine.data.sync.timeout = 10s (default)
2024-06-12 17:08:05,076 [92e0ccad-9c5a-447b-b545-333a3cb7e193-groupManagement] INFO  server.RaftServerConfigKeys (ConfUtils.java:logGet(46)) - raft.server.log.statemachine.data.sync.timeout.retry = 30 (custom)
2024-06-12 17:08:05,076 [92e0ccad-9c5a-447b-b545-333a3cb7e193-groupManagement] INFO  server.RaftServerConfigKeys (ConfUtils.java:logGet(46)) - raft.server.log.write.buffer.size = 8388616 (custom)
2024-06-12 17:08:05,078 [92e0ccad-9c5a-447b-b545-333a3cb7e193-groupManagement] INFO  server.RaftServerConfigKeys (ConfUtils.java:logGet(46)) - raft.server.log.appender.buffer.byte-limit = 8388608 (custom)
2024-06-12 17:08:05,078 [92e0ccad-9c5a-447b-b545-333a3cb7e193-groupManagement] INFO  server.RaftServerConfigKeys (ConfUtils.java:logGet(46)) - raft.server.log.unsafe-flush.enabled = false (default)
2024-06-12 17:08:05,078 [92e0ccad-9c5a-447b-b545-333a3cb7e193-groupManagement] INFO  server.RaftServerConfigKeys (ConfUtils.java:logGet(46)) - raft.server.log.async-flush.enabled = false (default)
2024-06-12 17:08:05,078 [92e0ccad-9c5a-447b-b545-333a3cb7e193-groupManagement] INFO  server.RaftServerConfigKeys (ConfUtils.java:logGet(46)) - raft.server.log.statemachine.data.caching.enabled = true (custom)
2024-06-12 17:08:05,079 [92e0ccad-9c5a-447b-b545-333a3cb7e193-groupManagement] INFO  segmented.SegmentedRaftLogWorker (SegmentedRaftLogWorker.java:lambda$new$0(134)) - 92e0ccad-9c5a-447b-b545-333a3cb7e193@group-8DB8E933025C-SegmentedRaftLogWorker: flushIndex: setUnconditionally 0 -> -1
2024-06-12 17:08:05,079 [92e0ccad-9c5a-447b-b545-333a3cb7e193-groupManagement] INFO  segmented.SegmentedRaftLogWorker (SegmentedRaftLogWorker.java:lambda$new$0(134)) - 92e0ccad-9c5a-447b-b545-333a3cb7e193@group-8DB8E933025C-SegmentedRaftLogWorker: safeCacheEvictIndex: setUnconditionally 0 -> -1
2024-06-12 17:08:05,080 [691380cd-fa1e-45b9-9936-538793566ee4-PipelineCommandHandlerThread-0] INFO  ratis.XceiverServerRatis (XceiverServerRatis.java:addGroup(864)) - Created group PipelineID=ca4914a1-8eb5-4970-ac5d-06c4850d5be6
2024-06-12 17:08:05,080 [74620180-03cc-4c6e-ac63-d0b12e96fe58-groupManagement] INFO  util.AwaitToRun (AwaitToRun.java:start(81)) - Thread[74620180-03cc-4c6e-ac63-d0b12e96fe58@group-25DA7408936A-cacheEviction-AwaitToRun,5,main] started
2024-06-12 17:08:05,080 [74620180-03cc-4c6e-ac63-d0b12e96fe58-groupManagement] INFO  segmented.SegmentedRaftLogWorker (SegmentedRaftLogWorker.java:<init>(182)) - new 74620180-03cc-4c6e-ac63-d0b12e96fe58@group-25DA7408936A-SegmentedRaftLogWorker for RaftStorageImpl:Storage Directory /home/runner/work/ozone/ozone/hadoop-ozone/integration-test/target/test-dir/MiniOzoneClusterImpl-0353e991-6c3e-4832-95ff-5850d237b4c9/ozone-meta/datanode-4/ratis/a0d514eb-4f98-4aeb-8738-25da7408936a
2024-06-12 17:08:05,080 [74620180-03cc-4c6e-ac63-d0b12e96fe58-groupManagement] INFO  server.RaftServerConfigKeys (ConfUtils.java:logGet(46)) - raft.server.log.queue.byte-limit = 4294967296 (custom)
2024-06-12 17:08:05,080 [74620180-03cc-4c6e-ac63-d0b12e96fe58-groupManagement] INFO  server.RaftServerConfigKeys (ConfUtils.java:logGet(46)) - raft.server.log.queue.element-limit = 1024 (custom)
2024-06-12 17:08:05,080 [74620180-03cc-4c6e-ac63-d0b12e96fe58-groupManagement] INFO  server.RaftServerConfigKeys (ConfUtils.java:logGet(46)) - raft.server.log.segment.size.max = 67108864 (custom)
2024-06-12 17:08:05,081 [74620180-03cc-4c6e-ac63-d0b12e96fe58-groupManagement] INFO  server.RaftServerConfigKeys (ConfUtils.java:logGet(46)) - raft.server.log.preallocated.size = 4194304 (custom)
2024-06-12 17:08:05,081 [74620180-03cc-4c6e-ac63-d0b12e96fe58-groupManagement] INFO  server.RaftServerConfigKeys (ConfUtils.java:logGet(46)) - raft.server.log.force.sync.num = 128 (default)
2024-06-12 17:08:05,081 [74620180-03cc-4c6e-ac63-d0b12e96fe58-groupManagement] INFO  server.RaftServerConfigKeys (ConfUtils.java:logGet(46)) - raft.server.log.statemachine.data.sync = true (default)
2024-06-12 17:08:05,081 [74620180-03cc-4c6e-ac63-d0b12e96fe58-groupManagement] INFO  server.RaftServerConfigKeys (ConfUtils.java:logGet(46)) - raft.server.log.statemachine.data.sync.timeout = 10s (default)
2024-06-12 17:08:05,081 [74620180-03cc-4c6e-ac63-d0b12e96fe58-groupManagement] INFO  server.RaftServerConfigKeys (ConfUtils.java:logGet(46)) - raft.server.log.statemachine.data.sync.timeout.retry = 30 (custom)
2024-06-12 17:08:05,081 [74620180-03cc-4c6e-ac63-d0b12e96fe58-groupManagement] INFO  server.RaftServerConfigKeys (ConfUtils.java:logGet(46)) - raft.server.log.write.buffer.size = 8388616 (custom)
2024-06-12 17:08:05,083 [74620180-03cc-4c6e-ac63-d0b12e96fe58-groupManagement] INFO  server.RaftServerConfigKeys (ConfUtils.java:logGet(46)) - raft.server.log.appender.buffer.byte-limit = 8388608 (custom)
2024-06-12 17:08:05,083 [74620180-03cc-4c6e-ac63-d0b12e96fe58-groupManagement] INFO  server.RaftServerConfigKeys (ConfUtils.java:logGet(46)) - raft.server.log.unsafe-flush.enabled = false (default)
2024-06-12 17:08:05,083 [74620180-03cc-4c6e-ac63-d0b12e96fe58-groupManagement] INFO  server.RaftServerConfigKeys (ConfUtils.java:logGet(46)) - raft.server.log.async-flush.enabled = false (default)
2024-06-12 17:08:05,083 [74620180-03cc-4c6e-ac63-d0b12e96fe58-groupManagement] INFO  server.RaftServerConfigKeys (ConfUtils.java:logGet(46)) - raft.server.log.statemachine.data.caching.enabled = true (custom)
2024-06-12 17:08:05,083 [74620180-03cc-4c6e-ac63-d0b12e96fe58-groupManagement] INFO  segmented.SegmentedRaftLogWorker (SegmentedRaftLogWorker.java:lambda$new$0(134)) - 74620180-03cc-4c6e-ac63-d0b12e96fe58@group-25DA7408936A-SegmentedRaftLogWorker: flushIndex: setUnconditionally 0 -> -1
2024-06-12 17:08:05,084 [74620180-03cc-4c6e-ac63-d0b12e96fe58-groupManagement] INFO  segmented.SegmentedRaftLogWorker (SegmentedRaftLogWorker.java:lambda$new$0(134)) - 74620180-03cc-4c6e-ac63-d0b12e96fe58@group-25DA7408936A-SegmentedRaftLogWorker: safeCacheEvictIndex: setUnconditionally 0 -> -1
2024-06-12 17:08:05,086 [92e0ccad-9c5a-447b-b545-333a3cb7e193-groupManagement] INFO  server.RaftServer$Division (RaftServerImpl.java:start(396)) - 92e0ccad-9c5a-447b-b545-333a3cb7e193@group-8DB8E933025C: start as a follower, conf=-1: peers:[92e0ccad-9c5a-447b-b545-333a3cb7e193|127.0.0.1:15085, 691380cd-fa1e-45b9-9936-538793566ee4|127.0.0.1:15067, f3fc0661-daf3-46cc-b6b9-cf28bd2102cf|127.0.0.1:15076]|listeners:[], old=null
2024-06-12 17:08:05,086 [92e0ccad-9c5a-447b-b545-333a3cb7e193-groupManagement] INFO  server.RaftServer$Division (RaftServerImpl.java:setRole(383)) - 92e0ccad-9c5a-447b-b545-333a3cb7e193@group-8DB8E933025C: changes role from      null to FOLLOWER at term 0 for startAsFollower
2024-06-12 17:08:05,086 [92e0ccad-9c5a-447b-b545-333a3cb7e193-groupManagement] INFO  impl.RoleInfo (RoleInfo.java:updateAndGet(139)) - 92e0ccad-9c5a-447b-b545-333a3cb7e193: start 92e0ccad-9c5a-447b-b545-333a3cb7e193@group-8DB8E933025C-FollowerState
2024-06-12 17:08:05,086 [92e0ccad-9c5a-447b-b545-333a3cb7e193-groupManagement] INFO  util.JmxRegister (JmxRegister.java:tryRegister(44)) - Successfully registered JMX Bean with object name Ratis:service=RaftServer,group=group-8DB8E933025C,id=92e0ccad-9c5a-447b-b545-333a3cb7e193
2024-06-12 17:08:05,086 [92e0ccad-9c5a-447b-b545-333a3cb7e193-groupManagement] INFO  server.RaftServerConfigKeys (ConfUtils.java:logGet(46)) - raft.server.snapshot.trigger-when-stop.enabled = true (default)
2024-06-12 17:08:05,086 [92e0ccad-9c5a-447b-b545-333a3cb7e193-groupManagement] INFO  server.RaftServerConfigKeys (ConfUtils.java:logGet(46)) - raft.server.snapshot.auto.trigger.enabled = true (custom)
2024-06-12 17:08:05,086 [92e0ccad-9c5a-447b-b545-333a3cb7e193-groupManagement] INFO  server.RaftServerConfigKeys (ConfUtils.java:logGet(46)) - raft.server.snapshot.auto.trigger.threshold = 10000 (custom)
2024-06-12 17:08:05,087 [92e0ccad-9c5a-447b-b545-333a3cb7e193@group-8DB8E933025C-FollowerState] INFO  server.RaftServerConfigKeys (ConfUtils.java:logFallback(53)) - raft.server.rpc.first-election.timeout.min = 5s (fallback to raft.server.rpc.timeout.min)
2024-06-12 17:08:05,087 [92e0ccad-9c5a-447b-b545-333a3cb7e193@group-8DB8E933025C-FollowerState] INFO  server.RaftServerConfigKeys (ConfUtils.java:logFallback(53)) - raft.server.rpc.first-election.timeout.max = 5200ms (fallback to raft.server.rpc.timeout.max)
2024-06-12 17:08:05,087 [92e0ccad-9c5a-447b-b545-333a3cb7e193-groupManagement] INFO  server.RaftServerConfigKeys (ConfUtils.java:logGet(46)) - raft.server.snapshot.retention.file.num = 5 (custom)
2024-06-12 17:08:05,087 [92e0ccad-9c5a-447b-b545-333a3cb7e193-groupManagement] INFO  server.RaftServerConfigKeys (ConfUtils.java:logGet(46)) - raft.server.log.purge.upto.snapshot.index = false (default)
2024-06-12 17:08:05,087 [74620180-03cc-4c6e-ac63-d0b12e96fe58-groupManagement] INFO  server.RaftServer$Division (RaftServerImpl.java:start(396)) - 74620180-03cc-4c6e-ac63-d0b12e96fe58@group-25DA7408936A: start as a follower, conf=-1: peers:[74620180-03cc-4c6e-ac63-d0b12e96fe58|127.0.0.1:15094]|listeners:[], old=null
2024-06-12 17:08:05,087 [74620180-03cc-4c6e-ac63-d0b12e96fe58-groupManagement] INFO  server.RaftServer$Division (RaftServerImpl.java:setRole(383)) - 74620180-03cc-4c6e-ac63-d0b12e96fe58@group-25DA7408936A: changes role from      null to FOLLOWER at term 0 for startAsFollower
2024-06-12 17:08:05,087 [74620180-03cc-4c6e-ac63-d0b12e96fe58-groupManagement] INFO  impl.RoleInfo (RoleInfo.java:updateAndGet(139)) - 74620180-03cc-4c6e-ac63-d0b12e96fe58: start 74620180-03cc-4c6e-ac63-d0b12e96fe58@group-25DA7408936A-FollowerState
2024-06-12 17:08:05,089 [74620180-03cc-4c6e-ac63-d0b12e96fe58-groupManagement] INFO  util.JmxRegister (JmxRegister.java:tryRegister(44)) - Successfully registered JMX Bean with object name Ratis:service=RaftServer,group=group-25DA7408936A,id=74620180-03cc-4c6e-ac63-d0b12e96fe58
2024-06-12 17:08:05,090 [74620180-03cc-4c6e-ac63-d0b12e96fe58-groupManagement] INFO  server.RaftServerConfigKeys (ConfUtils.java:logGet(46)) - raft.server.snapshot.trigger-when-stop.enabled = true (default)
2024-06-12 17:08:05,090 [74620180-03cc-4c6e-ac63-d0b12e96fe58-groupManagement] INFO  server.RaftServerConfigKeys (ConfUtils.java:logGet(46)) - raft.server.snapshot.auto.trigger.enabled = true (custom)
2024-06-12 17:08:05,090 [74620180-03cc-4c6e-ac63-d0b12e96fe58-groupManagement] INFO  server.RaftServerConfigKeys (ConfUtils.java:logGet(46)) - raft.server.snapshot.auto.trigger.threshold = 10000 (custom)
2024-06-12 17:08:05,090 [74620180-03cc-4c6e-ac63-d0b12e96fe58-groupManagement] INFO  server.RaftServerConfigKeys (ConfUtils.java:logGet(46)) - raft.server.snapshot.retention.file.num = 5 (custom)
2024-06-12 17:08:05,090 [74620180-03cc-4c6e-ac63-d0b12e96fe58-groupManagement] INFO  server.RaftServerConfigKeys (ConfUtils.java:logGet(46)) - raft.server.log.purge.upto.snapshot.index = false (default)
2024-06-12 17:08:05,090 [74620180-03cc-4c6e-ac63-d0b12e96fe58@group-25DA7408936A-FollowerState] INFO  server.RaftServerConfigKeys (ConfUtils.java:logFallback(53)) - raft.server.rpc.first-election.timeout.min = 5s (fallback to raft.server.rpc.timeout.min)
2024-06-12 17:08:05,091 [74620180-03cc-4c6e-ac63-d0b12e96fe58@group-25DA7408936A-FollowerState] INFO  server.RaftServerConfigKeys (ConfUtils.java:logFallback(53)) - raft.server.rpc.first-election.timeout.max = 5200ms (fallback to raft.server.rpc.timeout.max)
2024-06-12 17:08:05,097 [74620180-03cc-4c6e-ac63-d0b12e96fe58-PipelineCommandHandlerThread-0] INFO  ratis.XceiverServerRatis (XceiverServerRatis.java:addGroup(864)) - Created group PipelineID=a0d514eb-4f98-4aeb-8738-25da7408936a
2024-06-12 17:08:05,097 [74620180-03cc-4c6e-ac63-d0b12e96fe58-PipelineCommandHandlerThread-0] INFO  commandhandler.CreatePipelineCommandHandler (CreatePipelineCommandHandler.java:lambda$handle$2(124)) - Created Pipeline RATIS ONE PipelineID=a0d514eb-4f98-4aeb-8738-25da7408936a.
2024-06-12 17:08:05,098 [92e0ccad-9c5a-447b-b545-333a3cb7e193-PipelineCommandHandlerThread-0] INFO  ratis.XceiverServerRatis (XceiverServerRatis.java:addGroup(864)) - Created group PipelineID=738ccdf1-229f-4656-88f2-8db8e933025c
2024-06-12 17:08:05,102 [f3fc0661-daf3-46cc-b6b9-cf28bd2102cf-PipelineCommandHandlerThread-0] INFO  commandhandler.CreatePipelineCommandHandler (CreatePipelineCommandHandler.java:lambda$handle$2(124)) - Created Pipeline RATIS THREE PipelineID=ca4914a1-8eb5-4970-ac5d-06c4850d5be6.
2024-06-12 17:08:05,103 [f3fc0661-daf3-46cc-b6b9-cf28bd2102cf-PipelineCommandHandlerThread-0] INFO  server.RaftServer (RaftServerProxy.java:addNew(100)) - f3fc0661-daf3-46cc-b6b9-cf28bd2102cf: addNew group-8DB8E933025C:[92e0ccad-9c5a-447b-b545-333a3cb7e193|127.0.0.1:15085, 691380cd-fa1e-45b9-9936-538793566ee4|127.0.0.1:15067, f3fc0661-daf3-46cc-b6b9-cf28bd2102cf|127.0.0.1:15076] returns group-8DB8E933025C:java.util.concurrent.CompletableFuture@445159fd[Not completed]
2024-06-12 17:08:05,104 [f3fc0661-daf3-46cc-b6b9-cf28bd2102cf-groupManagement] INFO  server.RaftServer$Division (RaftServerImpl.java:<init>(256)) - f3fc0661-daf3-46cc-b6b9-cf28bd2102cf: new RaftServerImpl for group-8DB8E933025C:[92e0ccad-9c5a-447b-b545-333a3cb7e193|127.0.0.1:15085, 691380cd-fa1e-45b9-9936-538793566ee4|127.0.0.1:15067, f3fc0661-daf3-46cc-b6b9-cf28bd2102cf|127.0.0.1:15076] with ContainerStateMachine:uninitialized
2024-06-12 17:08:05,104 [f3fc0661-daf3-46cc-b6b9-cf28bd2102cf-groupManagement] INFO  server.RaftServerConfigKeys (ConfUtils.java:logGet(46)) - raft.server.rpc.timeout.min = 5s (custom)
2024-06-12 17:08:05,104 [f3fc0661-daf3-46cc-b6b9-cf28bd2102cf-groupManagement] INFO  server.RaftServerConfigKeys (ConfUtils.java:logGet(46)) - raft.server.rpc.timeout.max = 5200ms (custom)
2024-06-12 17:08:05,104 [f3fc0661-daf3-46cc-b6b9-cf28bd2102cf-groupManagement] INFO  server.RaftServerConfigKeys (ConfUtils.java:logGet(46)) - raft.server.rpc.sleep.time = 25ms (default)
2024-06-12 17:08:05,104 [f3fc0661-daf3-46cc-b6b9-cf28bd2102cf-groupManagement] INFO  server.RaftServerConfigKeys (ConfUtils.java:logGet(46)) - raft.server.rpc.slowness.timeout = 300000ms (custom)
2024-06-12 17:08:05,104 [f3fc0661-daf3-46cc-b6b9-cf28bd2102cf-groupManagement] INFO  server.RaftServerConfigKeys (ConfUtils.java:logGet(46)) - raft.server.leaderelection.leader.step-down.wait-time = 10s (default)
2024-06-12 17:08:05,104 [f3fc0661-daf3-46cc-b6b9-cf28bd2102cf-groupManagement] INFO  server.RaftServerConfigKeys (ConfUtils.java:logGet(46)) - raft.server.leaderelection.member.majority-add = false (default)
2024-06-12 17:08:05,104 [f3fc0661-daf3-46cc-b6b9-cf28bd2102cf-groupManagement] INFO  server.RaftServerConfigKeys (ConfUtils.java:logGet(46)) - raft.server.sleep.deviation.threshold = 300ms (default)
2024-06-12 17:08:05,104 [f3fc0661-daf3-46cc-b6b9-cf28bd2102cf-groupManagement] INFO  server.RaftServer$Division (ServerState.java:<init>(113)) - f3fc0661-daf3-46cc-b6b9-cf28bd2102cf@group-8DB8E933025C: ConfigurationManager, init=-1: peers:[92e0ccad-9c5a-447b-b545-333a3cb7e193|127.0.0.1:15085, 691380cd-fa1e-45b9-9936-538793566ee4|127.0.0.1:15067, f3fc0661-daf3-46cc-b6b9-cf28bd2102cf|127.0.0.1:15076]|listeners:[], old=null, confs=<EMPTY_MAP>
2024-06-12 17:08:05,104 [f3fc0661-daf3-46cc-b6b9-cf28bd2102cf-groupManagement] INFO  server.RaftServerConfigKeys (ConfUtils.java:logGet(46)) - raft.server.notification.no-leader.timeout = 300000ms (custom)
2024-06-12 17:08:05,104 [f3fc0661-daf3-46cc-b6b9-cf28bd2102cf-groupManagement] INFO  server.RaftServerConfigKeys (ConfUtils.java:logGet(46)) - raft.server.read.timeout = 10s (default)
2024-06-12 17:08:05,104 [f3fc0661-daf3-46cc-b6b9-cf28bd2102cf-groupManagement] INFO  server.RaftServerConfigKeys (ConfUtils.java:logGet(46)) - raft.server.retrycache.expirytime = 600000ms (custom)
2024-06-12 17:08:05,104 [f3fc0661-daf3-46cc-b6b9-cf28bd2102cf-groupManagement] INFO  server.RaftServerConfigKeys (ConfUtils.java:logGet(46)) - raft.server.retrycache.statistics.expirytime = 100ms (default)
2024-06-12 17:08:05,105 [f3fc0661-daf3-46cc-b6b9-cf28bd2102cf-groupManagement] INFO  server.RaftServerConfigKeys (ConfUtils.java:logGet(46)) - raft.server.read.option = DEFAULT (default)
2024-06-12 17:08:05,105 [f3fc0661-daf3-46cc-b6b9-cf28bd2102cf-groupManagement] INFO  server.RaftServerConfigKeys (ConfUtils.java:logGet(46)) - raft.server.read.read-after-write-consistent.write-index-cache.expiry-time = 60s (default)
2024-06-12 17:08:05,107 [f3fc0661-daf3-46cc-b6b9-cf28bd2102cf-groupManagement] INFO  server.RaftServerConfigKeys (ConfUtils.java:logGet(46)) - raft.server.rpc.request.timeout = 3000ms (default)
2024-06-12 17:08:05,107 [f3fc0661-daf3-46cc-b6b9-cf28bd2102cf-groupManagement] INFO  server.RaftServerConfigKeys (ConfUtils.java:logGet(46)) - raft.server.log.appender.install.snapshot.enabled = false (custom)
2024-06-12 17:08:05,107 [f3fc0661-daf3-46cc-b6b9-cf28bd2102cf-groupManagement] INFO  server.RaftServerConfigKeys (ConfUtils.java:logGet(46)) - raft.server.threadpool.server.cached = true (default)
2024-06-12 17:08:05,107 [f3fc0661-daf3-46cc-b6b9-cf28bd2102cf-groupManagement] INFO  server.RaftServerConfigKeys (ConfUtils.java:logGet(46)) - raft.server.threadpool.server.size = 0 (default)
2024-06-12 17:08:05,107 [f3fc0661-daf3-46cc-b6b9-cf28bd2102cf-groupManagement] INFO  server.RaftServerConfigKeys (ConfUtils.java:logGet(46)) - raft.server.threadpool.client.cached = true (default)
2024-06-12 17:08:05,107 [f3fc0661-daf3-46cc-b6b9-cf28bd2102cf-groupManagement] INFO  server.RaftServerConfigKeys (ConfUtils.java:logGet(46)) - raft.server.threadpool.client.size = 0 (default)
2024-06-12 17:08:05,107 [f3fc0661-daf3-46cc-b6b9-cf28bd2102cf-groupManagement] INFO  server.RaftServerConfigKeys (ConfUtils.java:logGet(46)) - raft.server.storage.free-space.min = 0MB (=0) (default)
2024-06-12 17:08:05,107 [f3fc0661-daf3-46cc-b6b9-cf28bd2102cf-groupManagement] INFO  server.RaftServerConfigKeys (ConfUtils.java:logGet(46)) - raft.server.log.corruption.policy = EXCEPTION (default)
2024-06-12 17:08:05,107 [f3fc0661-daf3-46cc-b6b9-cf28bd2102cf-groupManagement] INFO  server.RaftServerConfigKeys (ConfUtils.java:logGet(46)) - raft.server.storage.dir = [/home/runner/work/ozone/ozone/hadoop-ozone/integration-test/target/test-dir/MiniOzoneClusterImpl-0353e991-6c3e-4832-95ff-5850d237b4c9/ozone-meta/datanode-2/ratis] (custom)
2024-06-12 17:08:05,107 [f3fc0661-daf3-46cc-b6b9-cf28bd2102cf-groupManagement] INFO  storage.RaftStorageDirectory (RaftStorageDirectoryImpl.java:analyzeStorage(138)) - The storage directory /home/runner/work/ozone/ozone/hadoop-ozone/integration-test/target/test-dir/MiniOzoneClusterImpl-0353e991-6c3e-4832-95ff-5850d237b4c9/ozone-meta/datanode-2/ratis/738ccdf1-229f-4656-88f2-8db8e933025c does not exist. Creating ...
2024-06-12 17:08:05,108 [grpc-default-executor-0] INFO  server.RaftServer (RaftServerProxy.java:addNew(100)) - 691380cd-fa1e-45b9-9936-538793566ee4: addNew group-8DB8E933025C:[92e0ccad-9c5a-447b-b545-333a3cb7e193|127.0.0.1:15085, 691380cd-fa1e-45b9-9936-538793566ee4|127.0.0.1:15067, f3fc0661-daf3-46cc-b6b9-cf28bd2102cf|127.0.0.1:15076] returns group-8DB8E933025C:java.util.concurrent.CompletableFuture@41da6332[Not completed]
2024-06-12 17:08:05,109 [691380cd-fa1e-45b9-9936-538793566ee4-groupManagement] INFO  server.RaftServer$Division (RaftServerImpl.java:<init>(256)) - 691380cd-fa1e-45b9-9936-538793566ee4: new RaftServerImpl for group-8DB8E933025C:[92e0ccad-9c5a-447b-b545-333a3cb7e193|127.0.0.1:15085, 691380cd-fa1e-45b9-9936-538793566ee4|127.0.0.1:15067, f3fc0661-daf3-46cc-b6b9-cf28bd2102cf|127.0.0.1:15076] with ContainerStateMachine:uninitialized
2024-06-12 17:08:05,109 [691380cd-fa1e-45b9-9936-538793566ee4-groupManagement] INFO  server.RaftServerConfigKeys (ConfUtils.java:logGet(46)) - raft.server.rpc.timeout.min = 5s (custom)
2024-06-12 17:08:05,109 [691380cd-fa1e-45b9-9936-538793566ee4-groupManagement] INFO  server.RaftServerConfigKeys (ConfUtils.java:logGet(46)) - raft.server.rpc.timeout.max = 5200ms (custom)
2024-06-12 17:08:05,109 [691380cd-fa1e-45b9-9936-538793566ee4-groupManagement] INFO  server.RaftServerConfigKeys (ConfUtils.java:logGet(46)) - raft.server.rpc.sleep.time = 25ms (default)
2024-06-12 17:08:05,109 [691380cd-fa1e-45b9-9936-538793566ee4-groupManagement] INFO  server.RaftServerConfigKeys (ConfUtils.java:logGet(46)) - raft.server.rpc.slowness.timeout = 300000ms (custom)
2024-06-12 17:08:05,109 [691380cd-fa1e-45b9-9936-538793566ee4-groupManagement] INFO  server.RaftServerConfigKeys (ConfUtils.java:logGet(46)) - raft.server.leaderelection.leader.step-down.wait-time = 10s (default)
2024-06-12 17:08:05,109 [691380cd-fa1e-45b9-9936-538793566ee4-groupManagement] INFO  server.RaftServerConfigKeys (ConfUtils.java:logGet(46)) - raft.server.leaderelection.member.majority-add = false (default)
2024-06-12 17:08:05,109 [691380cd-fa1e-45b9-9936-538793566ee4-groupManagement] INFO  server.RaftServerConfigKeys (ConfUtils.java:logGet(46)) - raft.server.sleep.deviation.threshold = 300ms (default)
2024-06-12 17:08:05,109 [691380cd-fa1e-45b9-9936-538793566ee4-groupManagement] INFO  server.RaftServer$Division (ServerState.java:<init>(113)) - 691380cd-fa1e-45b9-9936-538793566ee4@group-8DB8E933025C: ConfigurationManager, init=-1: peers:[92e0ccad-9c5a-447b-b545-333a3cb7e193|127.0.0.1:15085, 691380cd-fa1e-45b9-9936-538793566ee4|127.0.0.1:15067, f3fc0661-daf3-46cc-b6b9-cf28bd2102cf|127.0.0.1:15076]|listeners:[], old=null, confs=<EMPTY_MAP>
2024-06-12 17:08:05,110 [691380cd-fa1e-45b9-9936-538793566ee4-groupManagement] INFO  server.RaftServerConfigKeys (ConfUtils.java:logGet(46)) - raft.server.notification.no-leader.timeout = 300000ms (custom)
2024-06-12 17:08:05,110 [691380cd-fa1e-45b9-9936-538793566ee4-groupManagement] INFO  server.RaftServerConfigKeys (ConfUtils.java:logGet(46)) - raft.server.read.timeout = 10s (default)
2024-06-12 17:08:05,110 [691380cd-fa1e-45b9-9936-538793566ee4-groupManagement] INFO  server.RaftServerConfigKeys (ConfUtils.java:logGet(46)) - raft.server.retrycache.expirytime = 600000ms (custom)
2024-06-12 17:08:05,110 [691380cd-fa1e-45b9-9936-538793566ee4-groupManagement] INFO  server.RaftServerConfigKeys (ConfUtils.java:logGet(46)) - raft.server.retrycache.statistics.expirytime = 100ms (default)
2024-06-12 17:08:05,110 [691380cd-fa1e-45b9-9936-538793566ee4-groupManagement] INFO  server.RaftServerConfigKeys (ConfUtils.java:logGet(46)) - raft.server.read.option = DEFAULT (default)
2024-06-12 17:08:05,110 [691380cd-fa1e-45b9-9936-538793566ee4-groupManagement] INFO  server.RaftServerConfigKeys (ConfUtils.java:logGet(46)) - raft.server.read.read-after-write-consistent.write-index-cache.expiry-time = 60s (default)
2024-06-12 17:08:05,111 [f3fc0661-daf3-46cc-b6b9-cf28bd2102cf-groupManagement] INFO  storage.RaftStorageDirectory (RaftStorageDirectoryImpl.java:tryLock(228)) - Lock on /home/runner/work/ozone/ozone/hadoop-ozone/integration-test/target/test-dir/MiniOzoneClusterImpl-0353e991-6c3e-4832-95ff-5850d237b4c9/ozone-meta/datanode-2/ratis/738ccdf1-229f-4656-88f2-8db8e933025c/in_use.lock acquired by nodename 9416@fv-az571-250
2024-06-12 17:08:05,113 [691380cd-fa1e-45b9-9936-538793566ee4-groupManagement] INFO  server.RaftServerConfigKeys (ConfUtils.java:logGet(46)) - raft.server.rpc.request.timeout = 3000ms (default)
2024-06-12 17:08:05,113 [691380cd-fa1e-45b9-9936-538793566ee4-groupManagement] INFO  server.RaftServerConfigKeys (ConfUtils.java:logGet(46)) - raft.server.log.appender.install.snapshot.enabled = false (custom)
2024-06-12 17:08:05,113 [691380cd-fa1e-45b9-9936-538793566ee4-groupManagement] INFO  server.RaftServerConfigKeys (ConfUtils.java:logGet(46)) - raft.server.threadpool.server.cached = true (default)
2024-06-12 17:08:05,113 [691380cd-fa1e-45b9-9936-538793566ee4-groupManagement] INFO  server.RaftServerConfigKeys (ConfUtils.java:logGet(46)) - raft.server.threadpool.server.size = 0 (default)
2024-06-12 17:08:05,113 [691380cd-fa1e-45b9-9936-538793566ee4-groupManagement] INFO  server.RaftServerConfigKeys (ConfUtils.java:logGet(46)) - raft.server.threadpool.client.cached = true (default)
2024-06-12 17:08:05,113 [691380cd-fa1e-45b9-9936-538793566ee4-groupManagement] INFO  server.RaftServerConfigKeys (ConfUtils.java:logGet(46)) - raft.server.threadpool.client.size = 0 (default)
2024-06-12 17:08:05,113 [691380cd-fa1e-45b9-9936-538793566ee4-groupManagement] INFO  server.RaftServerConfigKeys (ConfUtils.java:logGet(46)) - raft.server.storage.free-space.min = 0MB (=0) (default)
2024-06-12 17:08:05,113 [691380cd-fa1e-45b9-9936-538793566ee4-groupManagement] INFO  server.RaftServerConfigKeys (ConfUtils.java:logGet(46)) - raft.server.log.corruption.policy = EXCEPTION (default)
2024-06-12 17:08:05,113 [691380cd-fa1e-45b9-9936-538793566ee4-groupManagement] INFO  server.RaftServerConfigKeys (ConfUtils.java:logGet(46)) - raft.server.storage.dir = [/home/runner/work/ozone/ozone/hadoop-ozone/integration-test/target/test-dir/MiniOzoneClusterImpl-0353e991-6c3e-4832-95ff-5850d237b4c9/ozone-meta/datanode-1/ratis] (custom)
2024-06-12 17:08:05,113 [691380cd-fa1e-45b9-9936-538793566ee4-groupManagement] INFO  storage.RaftStorageDirectory (RaftStorageDirectoryImpl.java:analyzeStorage(138)) - The storage directory /home/runner/work/ozone/ozone/hadoop-ozone/integration-test/target/test-dir/MiniOzoneClusterImpl-0353e991-6c3e-4832-95ff-5850d237b4c9/ozone-meta/datanode-1/ratis/738ccdf1-229f-4656-88f2-8db8e933025c does not exist. Creating ...
2024-06-12 17:08:05,114 [f3fc0661-daf3-46cc-b6b9-cf28bd2102cf-groupManagement] INFO  storage.RaftStorage (RaftStorageImpl.java:format(99)) - Storage directory /home/runner/work/ozone/ozone/hadoop-ozone/integration-test/target/test-dir/MiniOzoneClusterImpl-0353e991-6c3e-4832-95ff-5850d237b4c9/ozone-meta/datanode-2/ratis/738ccdf1-229f-4656-88f2-8db8e933025c has been successfully formatted.
2024-06-12 17:08:05,114 [f3fc0661-daf3-46cc-b6b9-cf28bd2102cf-groupManagement] WARN  util.FileUtils (LogUtils.java:supplyAndLog(63)) - Failed to Files.newInputStream /home/runner/work/ozone/ozone/hadoop-ozone/integration-test/target/test-dir/MiniOzoneClusterImpl-0353e991-6c3e-4832-95ff-5850d237b4c9/ozone-meta/datanode-2/ratis/738ccdf1-229f-4656-88f2-8db8e933025c/current/raft-meta.conf with options []: java.nio.file.NoSuchFileException: /home/runner/work/ozone/ozone/hadoop-ozone/integration-test/target/test-dir/MiniOzoneClusterImpl-0353e991-6c3e-4832-95ff-5850d237b4c9/ozone-meta/datanode-2/ratis/738ccdf1-229f-4656-88f2-8db8e933025c/current/raft-meta.conf
2024-06-12 17:08:05,114 [f3fc0661-daf3-46cc-b6b9-cf28bd2102cf-groupManagement] INFO  ratis.ContainerStateMachine (ContainerStateMachine.java:loadSnapshot(287)) - group-8DB8E933025C: The snapshot info is null. Setting the last applied index to:(t:0, i:~)
2024-06-12 17:08:05,114 [f3fc0661-daf3-46cc-b6b9-cf28bd2102cf-groupManagement] INFO  server.RaftServerConfigKeys (ConfUtils.java:logGet(46)) - raft.server.log.use.memory = false (default)
2024-06-12 17:08:05,114 [f3fc0661-daf3-46cc-b6b9-cf28bd2102cf-groupManagement] INFO  server.RaftServerConfigKeys (ConfUtils.java:logGet(46)) - raft.server.log.purge.gap = 1000000 (custom)
2024-06-12 17:08:05,114 [f3fc0661-daf3-46cc-b6b9-cf28bd2102cf-groupManagement] INFO  server.RaftServerConfigKeys (ConfUtils.java:logGet(46)) - raft.server.log.appender.buffer.byte-limit = 8388608 (custom)
2024-06-12 17:08:05,114 [f3fc0661-daf3-46cc-b6b9-cf28bd2102cf-groupManagement] INFO  server.RaftServerConfigKeys (ConfUtils.java:logGet(46)) - raft.server.log.statemachine.data.read.timeout = 1000ms (default)
2024-06-12 17:08:05,114 [f3fc0661-daf3-46cc-b6b9-cf28bd2102cf-groupManagement] INFO  server.RaftServerConfigKeys (ConfUtils.java:logGet(46)) - raft.server.log.purge.preservation.log.num = 0 (default)
2024-06-12 17:08:05,115 [f3fc0661-daf3-46cc-b6b9-cf28bd2102cf-groupManagement] INFO  server.RaftServerConfigKeys (ConfUtils.java:logGet(46)) - raft.server.log.segment.size.max = 67108864 (custom)
2024-06-12 17:08:05,116 [f3fc0661-daf3-46cc-b6b9-cf28bd2102cf-groupManagement] INFO  server.RaftServerConfigKeys (ConfUtils.java:logGet(46)) - raft.server.log.segment.cache.num.max = 2 (custom)
2024-06-12 17:08:05,116 [f3fc0661-daf3-46cc-b6b9-cf28bd2102cf-groupManagement] INFO  server.RaftServerConfigKeys (ConfUtils.java:logGet(46)) - raft.server.log.segment.cache.size.max = 200MB (=209715200) (default)
2024-06-12 17:08:05,116 [f3fc0661-daf3-46cc-b6b9-cf28bd2102cf-groupManagement] INFO  server.RaftServerConfigKeys (ConfUtils.java:logGet(46)) - raft.server.log.appender.buffer.byte-limit = 8388608 (custom)
2024-06-12 17:08:05,116 [691380cd-fa1e-45b9-9936-538793566ee4-groupManagement] INFO  storage.RaftStorageDirectory (RaftStorageDirectoryImpl.java:tryLock(228)) - Lock on /home/runner/work/ozone/ozone/hadoop-ozone/integration-test/target/test-dir/MiniOzoneClusterImpl-0353e991-6c3e-4832-95ff-5850d237b4c9/ozone-meta/datanode-1/ratis/738ccdf1-229f-4656-88f2-8db8e933025c/in_use.lock acquired by nodename 9416@fv-az571-250
2024-06-12 17:08:05,116 [EventQueue-OpenPipelineForHealthyPipelineSafeModeRule] INFO  safemode.SCMSafeModeManager (HealthyPipelineSafeModeRule.java:process(140)) - SCM in safe mode. Healthy pipelines reported count is 0, required healthy pipeline reported count is 1
2024-06-12 17:08:05,117 [691380cd-fa1e-45b9-9936-538793566ee4-groupManagement] INFO  storage.RaftStorage (RaftStorageImpl.java:format(99)) - Storage directory /home/runner/work/ozone/ozone/hadoop-ozone/integration-test/target/test-dir/MiniOzoneClusterImpl-0353e991-6c3e-4832-95ff-5850d237b4c9/ozone-meta/datanode-1/ratis/738ccdf1-229f-4656-88f2-8db8e933025c has been successfully formatted.
2024-06-12 17:08:05,117 [691380cd-fa1e-45b9-9936-538793566ee4-groupManagement] WARN  util.FileUtils (LogUtils.java:supplyAndLog(63)) - Failed to Files.newInputStream /home/runner/work/ozone/ozone/hadoop-ozone/integration-test/target/test-dir/MiniOzoneClusterImpl-0353e991-6c3e-4832-95ff-5850d237b4c9/ozone-meta/datanode-1/ratis/738ccdf1-229f-4656-88f2-8db8e933025c/current/raft-meta.conf with options []: java.nio.file.NoSuchFileException: /home/runner/work/ozone/ozone/hadoop-ozone/integration-test/target/test-dir/MiniOzoneClusterImpl-0353e991-6c3e-4832-95ff-5850d237b4c9/ozone-meta/datanode-1/ratis/738ccdf1-229f-4656-88f2-8db8e933025c/current/raft-meta.conf
2024-06-12 17:08:05,118 [691380cd-fa1e-45b9-9936-538793566ee4-groupManagement] INFO  ratis.ContainerStateMachine (ContainerStateMachine.java:loadSnapshot(287)) - group-8DB8E933025C: The snapshot info is null. Setting the last applied index to:(t:0, i:~)
2024-06-12 17:08:05,118 [691380cd-fa1e-45b9-9936-538793566ee4-groupManagement] INFO  server.RaftServerConfigKeys (ConfUtils.java:logGet(46)) - raft.server.log.use.memory = false (default)
2024-06-12 17:08:05,118 [691380cd-fa1e-45b9-9936-538793566ee4-groupManagement] INFO  server.RaftServerConfigKeys (ConfUtils.java:logGet(46)) - raft.server.log.purge.gap = 1000000 (custom)
2024-06-12 17:08:05,118 [691380cd-fa1e-45b9-9936-538793566ee4-groupManagement] INFO  server.RaftServerConfigKeys (ConfUtils.java:logGet(46)) - raft.server.log.appender.buffer.byte-limit = 8388608 (custom)
2024-06-12 17:08:05,118 [691380cd-fa1e-45b9-9936-538793566ee4-groupManagement] INFO  server.RaftServerConfigKeys (ConfUtils.java:logGet(46)) - raft.server.log.statemachine.data.read.timeout = 1000ms (default)
2024-06-12 17:08:05,118 [691380cd-fa1e-45b9-9936-538793566ee4-groupManagement] INFO  server.RaftServerConfigKeys (ConfUtils.java:logGet(46)) - raft.server.log.purge.preservation.log.num = 0 (default)
2024-06-12 17:08:05,119 [EventQueue-OpenPipelineForHealthyPipelineSafeModeRule] INFO  safemode.SCMSafeModeManager (HealthyPipelineSafeModeRule.java:process(140)) - SCM in safe mode. Healthy pipelines reported count is 0, required healthy pipeline reported count is 1
2024-06-12 17:08:05,119 [691380cd-fa1e-45b9-9936-538793566ee4-groupManagement] INFO  server.RaftServerConfigKeys (ConfUtils.java:logGet(46)) - raft.server.log.segment.size.max = 67108864 (custom)
2024-06-12 17:08:05,119 [691380cd-fa1e-45b9-9936-538793566ee4-groupManagement] INFO  server.RaftServerConfigKeys (ConfUtils.java:logGet(46)) - raft.server.log.segment.cache.num.max = 2 (custom)
2024-06-12 17:08:05,119 [691380cd-fa1e-45b9-9936-538793566ee4-groupManagement] INFO  server.RaftServerConfigKeys (ConfUtils.java:logGet(46)) - raft.server.log.segment.cache.size.max = 200MB (=209715200) (default)
2024-06-12 17:08:05,119 [691380cd-fa1e-45b9-9936-538793566ee4-groupManagement] INFO  server.RaftServerConfigKeys (ConfUtils.java:logGet(46)) - raft.server.log.appender.buffer.byte-limit = 8388608 (custom)
2024-06-12 17:08:05,120 [f3fc0661-daf3-46cc-b6b9-cf28bd2102cf-groupManagement] INFO  util.AwaitToRun (AwaitToRun.java:start(81)) - Thread[f3fc0661-daf3-46cc-b6b9-cf28bd2102cf@group-8DB8E933025C-cacheEviction-AwaitToRun,5,main] started
2024-06-12 17:08:05,121 [f3fc0661-daf3-46cc-b6b9-cf28bd2102cf-groupManagement] INFO  segmented.SegmentedRaftLogWorker (SegmentedRaftLogWorker.java:<init>(182)) - new f3fc0661-daf3-46cc-b6b9-cf28bd2102cf@group-8DB8E933025C-SegmentedRaftLogWorker for RaftStorageImpl:Storage Directory /home/runner/work/ozone/ozone/hadoop-ozone/integration-test/target/test-dir/MiniOzoneClusterImpl-0353e991-6c3e-4832-95ff-5850d237b4c9/ozone-meta/datanode-2/ratis/738ccdf1-229f-4656-88f2-8db8e933025c
2024-06-12 17:08:05,121 [f3fc0661-daf3-46cc-b6b9-cf28bd2102cf-groupManagement] INFO  server.RaftServerConfigKeys (ConfUtils.java:logGet(46)) - raft.server.log.queue.byte-limit = 4294967296 (custom)
2024-06-12 17:08:05,122 [f3fc0661-daf3-46cc-b6b9-cf28bd2102cf-groupManagement] INFO  server.RaftServerConfigKeys (ConfUtils.java:logGet(46)) - raft.server.log.queue.element-limit = 1024 (custom)
2024-06-12 17:08:05,122 [f3fc0661-daf3-46cc-b6b9-cf28bd2102cf-groupManagement] INFO  server.RaftServerConfigKeys (ConfUtils.java:logGet(46)) - raft.server.log.segment.size.max = 67108864 (custom)
2024-06-12 17:08:05,122 [f3fc0661-daf3-46cc-b6b9-cf28bd2102cf-groupManagement] INFO  server.RaftServerConfigKeys (ConfUtils.java:logGet(46)) - raft.server.log.preallocated.size = 4194304 (custom)
2024-06-12 17:08:05,122 [f3fc0661-daf3-46cc-b6b9-cf28bd2102cf-groupManagement] INFO  server.RaftServerConfigKeys (ConfUtils.java:logGet(46)) - raft.server.log.force.sync.num = 128 (default)
2024-06-12 17:08:05,122 [f3fc0661-daf3-46cc-b6b9-cf28bd2102cf-groupManagement] INFO  server.RaftServerConfigKeys (ConfUtils.java:logGet(46)) - raft.server.log.statemachine.data.sync = true (default)
2024-06-12 17:08:05,122 [f3fc0661-daf3-46cc-b6b9-cf28bd2102cf-groupManagement] INFO  server.RaftServerConfigKeys (ConfUtils.java:logGet(46)) - raft.server.log.statemachine.data.sync.timeout = 10s (default)
2024-06-12 17:08:05,122 [f3fc0661-daf3-46cc-b6b9-cf28bd2102cf-groupManagement] INFO  server.RaftServerConfigKeys (ConfUtils.java:logGet(46)) - raft.server.log.statemachine.data.sync.timeout.retry = 30 (custom)
2024-06-12 17:08:05,122 [f3fc0661-daf3-46cc-b6b9-cf28bd2102cf-groupManagement] INFO  server.RaftServerConfigKeys (ConfUtils.java:logGet(46)) - raft.server.log.write.buffer.size = 8388616 (custom)
2024-06-12 17:08:05,124 [f3fc0661-daf3-46cc-b6b9-cf28bd2102cf-groupManagement] INFO  server.RaftServerConfigKeys (ConfUtils.java:logGet(46)) - raft.server.log.appender.buffer.byte-limit = 8388608 (custom)
2024-06-12 17:08:05,124 [f3fc0661-daf3-46cc-b6b9-cf28bd2102cf-groupManagement] INFO  server.RaftServerConfigKeys (ConfUtils.java:logGet(46)) - raft.server.log.unsafe-flush.enabled = false (default)
2024-06-12 17:08:05,124 [f3fc0661-daf3-46cc-b6b9-cf28bd2102cf-groupManagement] INFO  server.RaftServerConfigKeys (ConfUtils.java:logGet(46)) - raft.server.log.async-flush.enabled = false (default)
2024-06-12 17:08:05,124 [f3fc0661-daf3-46cc-b6b9-cf28bd2102cf-groupManagement] INFO  server.RaftServerConfigKeys (ConfUtils.java:logGet(46)) - raft.server.log.statemachine.data.caching.enabled = true (custom)
2024-06-12 17:08:05,124 [f3fc0661-daf3-46cc-b6b9-cf28bd2102cf-groupManagement] INFO  segmented.SegmentedRaftLogWorker (SegmentedRaftLogWorker.java:lambda$new$0(134)) - f3fc0661-daf3-46cc-b6b9-cf28bd2102cf@group-8DB8E933025C-SegmentedRaftLogWorker: flushIndex: setUnconditionally 0 -> -1
2024-06-12 17:08:05,124 [f3fc0661-daf3-46cc-b6b9-cf28bd2102cf-groupManagement] INFO  segmented.SegmentedRaftLogWorker (SegmentedRaftLogWorker.java:lambda$new$0(134)) - f3fc0661-daf3-46cc-b6b9-cf28bd2102cf@group-8DB8E933025C-SegmentedRaftLogWorker: safeCacheEvictIndex: setUnconditionally 0 -> -1
2024-06-12 17:08:05,131 [f3fc0661-daf3-46cc-b6b9-cf28bd2102cf-groupManagement] INFO  server.RaftServer$Division (RaftServerImpl.java:start(396)) - f3fc0661-daf3-46cc-b6b9-cf28bd2102cf@group-8DB8E933025C: start as a follower, conf=-1: peers:[92e0ccad-9c5a-447b-b545-333a3cb7e193|127.0.0.1:15085, 691380cd-fa1e-45b9-9936-538793566ee4|127.0.0.1:15067, f3fc0661-daf3-46cc-b6b9-cf28bd2102cf|127.0.0.1:15076]|listeners:[], old=null
2024-06-12 17:08:05,131 [f3fc0661-daf3-46cc-b6b9-cf28bd2102cf-groupManagement] INFO  server.RaftServer$Division (RaftServerImpl.java:setRole(383)) - f3fc0661-daf3-46cc-b6b9-cf28bd2102cf@group-8DB8E933025C: changes role from      null to FOLLOWER at term 0 for startAsFollower
2024-06-12 17:08:05,131 [f3fc0661-daf3-46cc-b6b9-cf28bd2102cf-groupManagement] INFO  impl.RoleInfo (RoleInfo.java:updateAndGet(139)) - f3fc0661-daf3-46cc-b6b9-cf28bd2102cf: start f3fc0661-daf3-46cc-b6b9-cf28bd2102cf@group-8DB8E933025C-FollowerState
2024-06-12 17:08:05,133 [691380cd-fa1e-45b9-9936-538793566ee4-groupManagement] INFO  util.AwaitToRun (AwaitToRun.java:start(81)) - Thread[691380cd-fa1e-45b9-9936-538793566ee4@group-8DB8E933025C-cacheEviction-AwaitToRun,5,main] started
2024-06-12 17:08:05,133 [691380cd-fa1e-45b9-9936-538793566ee4-groupManagement] INFO  segmented.SegmentedRaftLogWorker (SegmentedRaftLogWorker.java:<init>(182)) - new 691380cd-fa1e-45b9-9936-538793566ee4@group-8DB8E933025C-SegmentedRaftLogWorker for RaftStorageImpl:Storage Directory /home/runner/work/ozone/ozone/hadoop-ozone/integration-test/target/test-dir/MiniOzoneClusterImpl-0353e991-6c3e-4832-95ff-5850d237b4c9/ozone-meta/datanode-1/ratis/738ccdf1-229f-4656-88f2-8db8e933025c
2024-06-12 17:08:05,133 [691380cd-fa1e-45b9-9936-538793566ee4-groupManagement] INFO  server.RaftServerConfigKeys (ConfUtils.java:logGet(46)) - raft.server.log.queue.byte-limit = 4294967296 (custom)
2024-06-12 17:08:05,133 [691380cd-fa1e-45b9-9936-538793566ee4-groupManagement] INFO  server.RaftServerConfigKeys (ConfUtils.java:logGet(46)) - raft.server.log.queue.element-limit = 1024 (custom)
2024-06-12 17:08:05,133 [691380cd-fa1e-45b9-9936-538793566ee4-groupManagement] INFO  server.RaftServerConfigKeys (ConfUtils.java:logGet(46)) - raft.server.log.segment.size.max = 67108864 (custom)
2024-06-12 17:08:05,133 [691380cd-fa1e-45b9-9936-538793566ee4-groupManagement] INFO  server.RaftServerConfigKeys (ConfUtils.java:logGet(46)) - raft.server.log.preallocated.size = 4194304 (custom)
2024-06-12 17:08:05,133 [691380cd-fa1e-45b9-9936-538793566ee4-groupManagement] INFO  server.RaftServerConfigKeys (ConfUtils.java:logGet(46)) - raft.server.log.force.sync.num = 128 (default)
2024-06-12 17:08:05,133 [691380cd-fa1e-45b9-9936-538793566ee4-groupManagement] INFO  server.RaftServerConfigKeys (ConfUtils.java:logGet(46)) - raft.server.log.statemachine.data.sync = true (default)
2024-06-12 17:08:05,133 [691380cd-fa1e-45b9-9936-538793566ee4-groupManagement] INFO  server.RaftServerConfigKeys (ConfUtils.java:logGet(46)) - raft.server.log.statemachine.data.sync.timeout = 10s (default)
2024-06-12 17:08:05,133 [691380cd-fa1e-45b9-9936-538793566ee4-groupManagement] INFO  server.RaftServerConfigKeys (ConfUtils.java:logGet(46)) - raft.server.log.statemachine.data.sync.timeout.retry = 30 (custom)
2024-06-12 17:08:05,134 [691380cd-fa1e-45b9-9936-538793566ee4-groupManagement] INFO  server.RaftServerConfigKeys (ConfUtils.java:logGet(46)) - raft.server.log.write.buffer.size = 8388616 (custom)
2024-06-12 17:08:05,135 [691380cd-fa1e-45b9-9936-538793566ee4-groupManagement] INFO  server.RaftServerConfigKeys (ConfUtils.java:logGet(46)) - raft.server.log.appender.buffer.byte-limit = 8388608 (custom)
2024-06-12 17:08:05,136 [691380cd-fa1e-45b9-9936-538793566ee4-groupManagement] INFO  server.RaftServerConfigKeys (ConfUtils.java:logGet(46)) - raft.server.log.unsafe-flush.enabled = false (default)
2024-06-12 17:08:05,136 [691380cd-fa1e-45b9-9936-538793566ee4-groupManagement] INFO  server.RaftServerConfigKeys (ConfUtils.java:logGet(46)) - raft.server.log.async-flush.enabled = false (default)
2024-06-12 17:08:05,136 [691380cd-fa1e-45b9-9936-538793566ee4-groupManagement] INFO  server.RaftServerConfigKeys (ConfUtils.java:logGet(46)) - raft.server.log.statemachine.data.caching.enabled = true (custom)
2024-06-12 17:08:05,136 [691380cd-fa1e-45b9-9936-538793566ee4-groupManagement] INFO  segmented.SegmentedRaftLogWorker (SegmentedRaftLogWorker.java:lambda$new$0(134)) - 691380cd-fa1e-45b9-9936-538793566ee4@group-8DB8E933025C-SegmentedRaftLogWorker: flushIndex: setUnconditionally 0 -> -1
2024-06-12 17:08:05,136 [691380cd-fa1e-45b9-9936-538793566ee4-groupManagement] INFO  segmented.SegmentedRaftLogWorker (SegmentedRaftLogWorker.java:lambda$new$0(134)) - 691380cd-fa1e-45b9-9936-538793566ee4@group-8DB8E933025C-SegmentedRaftLogWorker: safeCacheEvictIndex: setUnconditionally 0 -> -1
2024-06-12 17:08:05,137 [main] INFO  ozone.MiniOzoneClusterImpl (MiniOzoneClusterImpl.java:lambda$waitForClusterToBeReady$0(194)) - Nodes are ready. Got 5 of 5 DN Heartbeats.
2024-06-12 17:08:05,137 [main] INFO  ozone.MiniOzoneClusterImpl (MiniOzoneClusterImpl.java:lambda$waitForClusterToBeReady$0(197)) - Waiting for cluster to exit safe mode
2024-06-12 17:08:05,137 [main] INFO  ozone.MiniOzoneClusterImpl (MiniOzoneClusterImpl.java:lambda$waitForClusterToBeReady$0(199)) - SCM became leader
2024-06-12 17:08:05,138 [691380cd-fa1e-45b9-9936-538793566ee4-groupManagement] INFO  server.RaftServer$Division (RaftServerImpl.java:start(396)) - 691380cd-fa1e-45b9-9936-538793566ee4@group-8DB8E933025C: start as a follower, conf=-1: peers:[92e0ccad-9c5a-447b-b545-333a3cb7e193|127.0.0.1:15085, 691380cd-fa1e-45b9-9936-538793566ee4|127.0.0.1:15067, f3fc0661-daf3-46cc-b6b9-cf28bd2102cf|127.0.0.1:15076]|listeners:[], old=null
2024-06-12 17:08:05,138 [691380cd-fa1e-45b9-9936-538793566ee4-groupManagement] INFO  server.RaftServer$Division (RaftServerImpl.java:setRole(383)) - 691380cd-fa1e-45b9-9936-538793566ee4@group-8DB8E933025C: changes role from      null to FOLLOWER at term 0 for startAsFollower
2024-06-12 17:08:05,138 [691380cd-fa1e-45b9-9936-538793566ee4-groupManagement] INFO  impl.RoleInfo (RoleInfo.java:updateAndGet(139)) - 691380cd-fa1e-45b9-9936-538793566ee4: start 691380cd-fa1e-45b9-9936-538793566ee4@group-8DB8E933025C-FollowerState
2024-06-12 17:08:05,141 [691380cd-fa1e-45b9-9936-538793566ee4-groupManagement] INFO  util.JmxRegister (JmxRegister.java:tryRegister(44)) - Successfully registered JMX Bean with object name Ratis:service=RaftServer,group=group-8DB8E933025C,id=691380cd-fa1e-45b9-9936-538793566ee4
2024-06-12 17:08:05,142 [691380cd-fa1e-45b9-9936-538793566ee4-groupManagement] INFO  server.RaftServerConfigKeys (ConfUtils.java:logGet(46)) - raft.server.snapshot.trigger-when-stop.enabled = true (default)
2024-06-12 17:08:05,142 [691380cd-fa1e-45b9-9936-538793566ee4-groupManagement] INFO  server.RaftServerConfigKeys (ConfUtils.java:logGet(46)) - raft.server.snapshot.auto.trigger.enabled = true (custom)
2024-06-12 17:08:05,142 [691380cd-fa1e-45b9-9936-538793566ee4-groupManagement] INFO  server.RaftServerConfigKeys (ConfUtils.java:logGet(46)) - raft.server.snapshot.auto.trigger.threshold = 10000 (custom)
2024-06-12 17:08:05,142 [691380cd-fa1e-45b9-9936-538793566ee4-groupManagement] INFO  server.RaftServerConfigKeys (ConfUtils.java:logGet(46)) - raft.server.snapshot.retention.file.num = 5 (custom)
2024-06-12 17:08:05,142 [691380cd-fa1e-45b9-9936-538793566ee4-groupManagement] INFO  server.RaftServerConfigKeys (ConfUtils.java:logGet(46)) - raft.server.log.purge.upto.snapshot.index = false (default)
2024-06-12 17:08:05,142 [691380cd-fa1e-45b9-9936-538793566ee4@group-8DB8E933025C-FollowerState] INFO  server.RaftServerConfigKeys (ConfUtils.java:logFallback(53)) - raft.server.rpc.first-election.timeout.min = 5s (fallback to raft.server.rpc.timeout.min)
2024-06-12 17:08:05,142 [691380cd-fa1e-45b9-9936-538793566ee4@group-8DB8E933025C-FollowerState] INFO  server.RaftServerConfigKeys (ConfUtils.java:logFallback(53)) - raft.server.rpc.first-election.timeout.max = 5200ms (fallback to raft.server.rpc.timeout.max)
2024-06-12 17:08:05,143 [f3fc0661-daf3-46cc-b6b9-cf28bd2102cf-groupManagement] INFO  util.JmxRegister (JmxRegister.java:tryRegister(44)) - Successfully registered JMX Bean with object name Ratis:service=RaftServer,group=group-8DB8E933025C,id=f3fc0661-daf3-46cc-b6b9-cf28bd2102cf
2024-06-12 17:08:05,143 [f3fc0661-daf3-46cc-b6b9-cf28bd2102cf-groupManagement] INFO  server.RaftServerConfigKeys (ConfUtils.java:logGet(46)) - raft.server.snapshot.trigger-when-stop.enabled = true (default)
2024-06-12 17:08:05,143 [f3fc0661-daf3-46cc-b6b9-cf28bd2102cf-groupManagement] INFO  server.RaftServerConfigKeys (ConfUtils.java:logGet(46)) - raft.server.snapshot.auto.trigger.enabled = true (custom)
2024-06-12 17:08:05,143 [f3fc0661-daf3-46cc-b6b9-cf28bd2102cf-groupManagement] INFO  server.RaftServerConfigKeys (ConfUtils.java:logGet(46)) - raft.server.snapshot.auto.trigger.threshold = 10000 (custom)
2024-06-12 17:08:05,143 [f3fc0661-daf3-46cc-b6b9-cf28bd2102cf-groupManagement] INFO  server.RaftServerConfigKeys (ConfUtils.java:logGet(46)) - raft.server.snapshot.retention.file.num = 5 (custom)
2024-06-12 17:08:05,143 [f3fc0661-daf3-46cc-b6b9-cf28bd2102cf-groupManagement] INFO  server.RaftServerConfigKeys (ConfUtils.java:logGet(46)) - raft.server.log.purge.upto.snapshot.index = false (default)
2024-06-12 17:08:05,144 [f3fc0661-daf3-46cc-b6b9-cf28bd2102cf@group-8DB8E933025C-FollowerState] INFO  server.RaftServerConfigKeys (ConfUtils.java:logFallback(53)) - raft.server.rpc.first-election.timeout.min = 5s (fallback to raft.server.rpc.timeout.min)
2024-06-12 17:08:05,144 [f3fc0661-daf3-46cc-b6b9-cf28bd2102cf@group-8DB8E933025C-FollowerState] INFO  server.RaftServerConfigKeys (ConfUtils.java:logFallback(53)) - raft.server.rpc.first-election.timeout.max = 5200ms (fallback to raft.server.rpc.timeout.max)
2024-06-12 17:08:05,146 [f3fc0661-daf3-46cc-b6b9-cf28bd2102cf-PipelineCommandHandlerThread-0] INFO  ratis.XceiverServerRatis (XceiverServerRatis.java:addGroup(864)) - Created group PipelineID=738ccdf1-229f-4656-88f2-8db8e933025c
2024-06-12 17:08:05,150 [69f17eae-5f6b-470f-8112-c08e963e2abc-PipelineCommandHandlerThread-0] INFO  server.RaftServer (RaftServerProxy.java:addNew(100)) - 69f17eae-5f6b-470f-8112-c08e963e2abc: addNew group-2AC76C1D414F:[69f17eae-5f6b-470f-8112-c08e963e2abc|127.0.0.1:15103] returns group-2AC76C1D414F:java.util.concurrent.CompletableFuture@696df169[Not completed]
2024-06-12 17:08:05,151 [69f17eae-5f6b-470f-8112-c08e963e2abc-groupManagement] INFO  server.RaftServer$Division (RaftServerImpl.java:<init>(256)) - 69f17eae-5f6b-470f-8112-c08e963e2abc: new RaftServerImpl for group-2AC76C1D414F:[69f17eae-5f6b-470f-8112-c08e963e2abc|127.0.0.1:15103] with ContainerStateMachine:uninitialized
2024-06-12 17:08:05,152 [69f17eae-5f6b-470f-8112-c08e963e2abc-groupManagement] INFO  server.RaftServerConfigKeys (ConfUtils.java:logGet(46)) - raft.server.rpc.timeout.min = 5s (custom)
2024-06-12 17:08:05,152 [69f17eae-5f6b-470f-8112-c08e963e2abc-groupManagement] INFO  server.RaftServerConfigKeys (ConfUtils.java:logGet(46)) - raft.server.rpc.timeout.max = 5200ms (custom)
2024-06-12 17:08:05,152 [69f17eae-5f6b-470f-8112-c08e963e2abc-groupManagement] INFO  server.RaftServerConfigKeys (ConfUtils.java:logGet(46)) - raft.server.rpc.sleep.time = 25ms (default)
2024-06-12 17:08:05,152 [69f17eae-5f6b-470f-8112-c08e963e2abc-groupManagement] INFO  server.RaftServerConfigKeys (ConfUtils.java:logGet(46)) - raft.server.rpc.slowness.timeout = 300000ms (custom)
2024-06-12 17:08:05,152 [69f17eae-5f6b-470f-8112-c08e963e2abc-groupManagement] INFO  server.RaftServerConfigKeys (ConfUtils.java:logGet(46)) - raft.server.leaderelection.leader.step-down.wait-time = 10s (default)
2024-06-12 17:08:05,152 [69f17eae-5f6b-470f-8112-c08e963e2abc-groupManagement] INFO  server.RaftServerConfigKeys (ConfUtils.java:logGet(46)) - raft.server.leaderelection.member.majority-add = false (default)
2024-06-12 17:08:05,152 [69f17eae-5f6b-470f-8112-c08e963e2abc-groupManagement] INFO  server.RaftServerConfigKeys (ConfUtils.java:logGet(46)) - raft.server.sleep.deviation.threshold = 300ms (default)
2024-06-12 17:08:05,152 [69f17eae-5f6b-470f-8112-c08e963e2abc-groupManagement] INFO  server.RaftServer$Division (ServerState.java:<init>(113)) - 69f17eae-5f6b-470f-8112-c08e963e2abc@group-2AC76C1D414F: ConfigurationManager, init=-1: peers:[69f17eae-5f6b-470f-8112-c08e963e2abc|127.0.0.1:15103]|listeners:[], old=null, confs=<EMPTY_MAP>
2024-06-12 17:08:05,152 [69f17eae-5f6b-470f-8112-c08e963e2abc-groupManagement] INFO  server.RaftServerConfigKeys (ConfUtils.java:logGet(46)) - raft.server.notification.no-leader.timeout = 300000ms (custom)
2024-06-12 17:08:05,152 [69f17eae-5f6b-470f-8112-c08e963e2abc-groupManagement] INFO  server.RaftServerConfigKeys (ConfUtils.java:logGet(46)) - raft.server.read.timeout = 10s (default)
2024-06-12 17:08:05,152 [69f17eae-5f6b-470f-8112-c08e963e2abc-groupManagement] INFO  server.RaftServerConfigKeys (ConfUtils.java:logGet(46)) - raft.server.retrycache.expirytime = 600000ms (custom)
2024-06-12 17:08:05,152 [69f17eae-5f6b-470f-8112-c08e963e2abc-groupManagement] INFO  server.RaftServerConfigKeys (ConfUtils.java:logGet(46)) - raft.server.retrycache.statistics.expirytime = 100ms (default)
2024-06-12 17:08:05,152 [69f17eae-5f6b-470f-8112-c08e963e2abc-groupManagement] INFO  server.RaftServerConfigKeys (ConfUtils.java:logGet(46)) - raft.server.read.option = DEFAULT (default)
2024-06-12 17:08:05,152 [69f17eae-5f6b-470f-8112-c08e963e2abc-groupManagement] INFO  server.RaftServerConfigKeys (ConfUtils.java:logGet(46)) - raft.server.read.read-after-write-consistent.write-index-cache.expiry-time = 60s (default)
2024-06-12 17:08:05,152 [691380cd-fa1e-45b9-9936-538793566ee4-PipelineCommandHandlerThread-0] INFO  commandhandler.CreatePipelineCommandHandler (CreatePipelineCommandHandler.java:lambda$handle$2(124)) - Created Pipeline RATIS THREE PipelineID=ca4914a1-8eb5-4970-ac5d-06c4850d5be6.
2024-06-12 17:08:05,154 [69f17eae-5f6b-470f-8112-c08e963e2abc-groupManagement] INFO  server.RaftServerConfigKeys (ConfUtils.java:logGet(46)) - raft.server.rpc.request.timeout = 3000ms (default)
2024-06-12 17:08:05,154 [69f17eae-5f6b-470f-8112-c08e963e2abc-groupManagement] INFO  server.RaftServerConfigKeys (ConfUtils.java:logGet(46)) - raft.server.log.appender.install.snapshot.enabled = false (custom)
2024-06-12 17:08:05,154 [69f17eae-5f6b-470f-8112-c08e963e2abc-groupManagement] INFO  server.RaftServerConfigKeys (ConfUtils.java:logGet(46)) - raft.server.threadpool.server.cached = true (default)
2024-06-12 17:08:05,154 [69f17eae-5f6b-470f-8112-c08e963e2abc-groupManagement] INFO  server.RaftServerConfigKeys (ConfUtils.java:logGet(46)) - raft.server.threadpool.server.size = 0 (default)
2024-06-12 17:08:05,154 [69f17eae-5f6b-470f-8112-c08e963e2abc-groupManagement] INFO  server.RaftServerConfigKeys (ConfUtils.java:logGet(46)) - raft.server.threadpool.client.cached = true (default)
2024-06-12 17:08:05,154 [69f17eae-5f6b-470f-8112-c08e963e2abc-groupManagement] INFO  server.RaftServerConfigKeys (ConfUtils.java:logGet(46)) - raft.server.threadpool.client.size = 0 (default)
2024-06-12 17:08:05,154 [69f17eae-5f6b-470f-8112-c08e963e2abc-groupManagement] INFO  server.RaftServerConfigKeys (ConfUtils.java:logGet(46)) - raft.server.storage.free-space.min = 0MB (=0) (default)
2024-06-12 17:08:05,154 [69f17eae-5f6b-470f-8112-c08e963e2abc-groupManagement] INFO  server.RaftServerConfigKeys (ConfUtils.java:logGet(46)) - raft.server.log.corruption.policy = EXCEPTION (default)
2024-06-12 17:08:05,155 [69f17eae-5f6b-470f-8112-c08e963e2abc-groupManagement] INFO  server.RaftServerConfigKeys (ConfUtils.java:logGet(46)) - raft.server.storage.dir = [/home/runner/work/ozone/ozone/hadoop-ozone/integration-test/target/test-dir/MiniOzoneClusterImpl-0353e991-6c3e-4832-95ff-5850d237b4c9/ozone-meta/datanode-5/ratis] (custom)
2024-06-12 17:08:05,155 [69f17eae-5f6b-470f-8112-c08e963e2abc-groupManagement] INFO  storage.RaftStorageDirectory (RaftStorageDirectoryImpl.java:analyzeStorage(138)) - The storage directory /home/runner/work/ozone/ozone/hadoop-ozone/integration-test/target/test-dir/MiniOzoneClusterImpl-0353e991-6c3e-4832-95ff-5850d237b4c9/ozone-meta/datanode-5/ratis/e8719392-44d4-44bd-87b9-2ac76c1d414f does not exist. Creating ...
2024-06-12 17:08:05,156 [69f17eae-5f6b-470f-8112-c08e963e2abc-groupManagement] INFO  storage.RaftStorageDirectory (RaftStorageDirectoryImpl.java:tryLock(228)) - Lock on /home/runner/work/ozone/ozone/hadoop-ozone/integration-test/target/test-dir/MiniOzoneClusterImpl-0353e991-6c3e-4832-95ff-5850d237b4c9/ozone-meta/datanode-5/ratis/e8719392-44d4-44bd-87b9-2ac76c1d414f/in_use.lock acquired by nodename 9416@fv-az571-250
2024-06-12 17:08:05,157 [69f17eae-5f6b-470f-8112-c08e963e2abc-groupManagement] INFO  storage.RaftStorage (RaftStorageImpl.java:format(99)) - Storage directory /home/runner/work/ozone/ozone/hadoop-ozone/integration-test/target/test-dir/MiniOzoneClusterImpl-0353e991-6c3e-4832-95ff-5850d237b4c9/ozone-meta/datanode-5/ratis/e8719392-44d4-44bd-87b9-2ac76c1d414f has been successfully formatted.
2024-06-12 17:08:05,158 [69f17eae-5f6b-470f-8112-c08e963e2abc-groupManagement] WARN  util.FileUtils (LogUtils.java:supplyAndLog(63)) - Failed to Files.newInputStream /home/runner/work/ozone/ozone/hadoop-ozone/integration-test/target/test-dir/MiniOzoneClusterImpl-0353e991-6c3e-4832-95ff-5850d237b4c9/ozone-meta/datanode-5/ratis/e8719392-44d4-44bd-87b9-2ac76c1d414f/current/raft-meta.conf with options []: java.nio.file.NoSuchFileException: /home/runner/work/ozone/ozone/hadoop-ozone/integration-test/target/test-dir/MiniOzoneClusterImpl-0353e991-6c3e-4832-95ff-5850d237b4c9/ozone-meta/datanode-5/ratis/e8719392-44d4-44bd-87b9-2ac76c1d414f/current/raft-meta.conf
2024-06-12 17:08:05,158 [69f17eae-5f6b-470f-8112-c08e963e2abc-groupManagement] INFO  ratis.ContainerStateMachine (ContainerStateMachine.java:loadSnapshot(287)) - group-2AC76C1D414F: The snapshot info is null. Setting the last applied index to:(t:0, i:~)
2024-06-12 17:08:05,158 [69f17eae-5f6b-470f-8112-c08e963e2abc-groupManagement] INFO  server.RaftServerConfigKeys (ConfUtils.java:logGet(46)) - raft.server.log.use.memory = false (default)
2024-06-12 17:08:05,158 [69f17eae-5f6b-470f-8112-c08e963e2abc-groupManagement] INFO  server.RaftServerConfigKeys (ConfUtils.java:logGet(46)) - raft.server.log.purge.gap = 1000000 (custom)
2024-06-12 17:08:05,158 [69f17eae-5f6b-470f-8112-c08e963e2abc-groupManagement] INFO  server.RaftServerConfigKeys (ConfUtils.java:logGet(46)) - raft.server.log.appender.buffer.byte-limit = 8388608 (custom)
2024-06-12 17:08:05,158 [69f17eae-5f6b-470f-8112-c08e963e2abc-groupManagement] INFO  server.RaftServerConfigKeys (ConfUtils.java:logGet(46)) - raft.server.log.statemachine.data.read.timeout = 1000ms (default)
2024-06-12 17:08:05,158 [69f17eae-5f6b-470f-8112-c08e963e2abc-groupManagement] INFO  server.RaftServerConfigKeys (ConfUtils.java:logGet(46)) - raft.server.log.purge.preservation.log.num = 0 (default)
2024-06-12 17:08:05,159 [69f17eae-5f6b-470f-8112-c08e963e2abc-groupManagement] INFO  server.RaftServerConfigKeys (ConfUtils.java:logGet(46)) - raft.server.log.segment.size.max = 67108864 (custom)
2024-06-12 17:08:05,159 [EventQueue-PipelineReportForPipelineReportHandler] INFO  pipeline.PipelineReportHandler (PipelineReportHandler.java:processPipelineReport(136)) - Opened pipeline PipelineID=e8719392-44d4-44bd-87b9-2ac76c1d414f
2024-06-12 17:08:05,160 [EventQueue-OpenPipelineForHealthyPipelineSafeModeRule] INFO  safemode.SCMSafeModeManager (HealthyPipelineSafeModeRule.java:process(140)) - SCM in safe mode. Healthy pipelines reported count is 0, required healthy pipeline reported count is 1
2024-06-12 17:08:05,161 [69f17eae-5f6b-470f-8112-c08e963e2abc-groupManagement] INFO  server.RaftServerConfigKeys (ConfUtils.java:logGet(46)) - raft.server.log.segment.cache.num.max = 2 (custom)
2024-06-12 17:08:05,161 [69f17eae-5f6b-470f-8112-c08e963e2abc-groupManagement] INFO  server.RaftServerConfigKeys (ConfUtils.java:logGet(46)) - raft.server.log.segment.cache.size.max = 200MB (=209715200) (default)
2024-06-12 17:08:05,162 [69f17eae-5f6b-470f-8112-c08e963e2abc-groupManagement] INFO  server.RaftServerConfigKeys (ConfUtils.java:logGet(46)) - raft.server.log.appender.buffer.byte-limit = 8388608 (custom)
2024-06-12 17:08:05,164 [69f17eae-5f6b-470f-8112-c08e963e2abc-groupManagement] INFO  util.AwaitToRun (AwaitToRun.java:start(81)) - Thread[69f17eae-5f6b-470f-8112-c08e963e2abc@group-2AC76C1D414F-cacheEviction-AwaitToRun,5,main] started
2024-06-12 17:08:05,164 [69f17eae-5f6b-470f-8112-c08e963e2abc-groupManagement] INFO  segmented.SegmentedRaftLogWorker (SegmentedRaftLogWorker.java:<init>(182)) - new 69f17eae-5f6b-470f-8112-c08e963e2abc@group-2AC76C1D414F-SegmentedRaftLogWorker for RaftStorageImpl:Storage Directory /home/runner/work/ozone/ozone/hadoop-ozone/integration-test/target/test-dir/MiniOzoneClusterImpl-0353e991-6c3e-4832-95ff-5850d237b4c9/ozone-meta/datanode-5/ratis/e8719392-44d4-44bd-87b9-2ac76c1d414f
2024-06-12 17:08:05,164 [69f17eae-5f6b-470f-8112-c08e963e2abc-groupManagement] INFO  server.RaftServerConfigKeys (ConfUtils.java:logGet(46)) - raft.server.log.queue.byte-limit = 4294967296 (custom)
2024-06-12 17:08:05,164 [69f17eae-5f6b-470f-8112-c08e963e2abc-groupManagement] INFO  server.RaftServerConfigKeys (ConfUtils.java:logGet(46)) - raft.server.log.queue.element-limit = 1024 (custom)
2024-06-12 17:08:05,164 [69f17eae-5f6b-470f-8112-c08e963e2abc-groupManagement] INFO  server.RaftServerConfigKeys (ConfUtils.java:logGet(46)) - raft.server.log.segment.size.max = 67108864 (custom)
2024-06-12 17:08:05,164 [69f17eae-5f6b-470f-8112-c08e963e2abc-groupManagement] INFO  server.RaftServerConfigKeys (ConfUtils.java:logGet(46)) - raft.server.log.preallocated.size = 4194304 (custom)
2024-06-12 17:08:05,164 [69f17eae-5f6b-470f-8112-c08e963e2abc-groupManagement] INFO  server.RaftServerConfigKeys (ConfUtils.java:logGet(46)) - raft.server.log.force.sync.num = 128 (default)
2024-06-12 17:08:05,164 [69f17eae-5f6b-470f-8112-c08e963e2abc-groupManagement] INFO  server.RaftServerConfigKeys (ConfUtils.java:logGet(46)) - raft.server.log.statemachine.data.sync = true (default)
2024-06-12 17:08:05,164 [69f17eae-5f6b-470f-8112-c08e963e2abc-groupManagement] INFO  server.RaftServerConfigKeys (ConfUtils.java:logGet(46)) - raft.server.log.statemachine.data.sync.timeout = 10s (default)
2024-06-12 17:08:05,164 [69f17eae-5f6b-470f-8112-c08e963e2abc-groupManagement] INFO  server.RaftServerConfigKeys (ConfUtils.java:logGet(46)) - raft.server.log.statemachine.data.sync.timeout.retry = 30 (custom)
2024-06-12 17:08:05,164 [69f17eae-5f6b-470f-8112-c08e963e2abc-groupManagement] INFO  server.RaftServerConfigKeys (ConfUtils.java:logGet(46)) - raft.server.log.write.buffer.size = 8388616 (custom)
2024-06-12 17:08:05,167 [69f17eae-5f6b-470f-8112-c08e963e2abc-groupManagement] INFO  server.RaftServerConfigKeys (ConfUtils.java:logGet(46)) - raft.server.log.appender.buffer.byte-limit = 8388608 (custom)
2024-06-12 17:08:05,167 [69f17eae-5f6b-470f-8112-c08e963e2abc-groupManagement] INFO  server.RaftServerConfigKeys (ConfUtils.java:logGet(46)) - raft.server.log.unsafe-flush.enabled = false (default)
2024-06-12 17:08:05,167 [69f17eae-5f6b-470f-8112-c08e963e2abc-groupManagement] INFO  server.RaftServerConfigKeys (ConfUtils.java:logGet(46)) - raft.server.log.async-flush.enabled = false (default)
2024-06-12 17:08:05,167 [69f17eae-5f6b-470f-8112-c08e963e2abc-groupManagement] INFO  server.RaftServerConfigKeys (ConfUtils.java:logGet(46)) - raft.server.log.statemachine.data.caching.enabled = true (custom)
2024-06-12 17:08:05,167 [69f17eae-5f6b-470f-8112-c08e963e2abc-groupManagement] INFO  segmented.SegmentedRaftLogWorker (SegmentedRaftLogWorker.java:lambda$new$0(134)) - 69f17eae-5f6b-470f-8112-c08e963e2abc@group-2AC76C1D414F-SegmentedRaftLogWorker: flushIndex: setUnconditionally 0 -> -1
2024-06-12 17:08:05,167 [69f17eae-5f6b-470f-8112-c08e963e2abc-groupManagement] INFO  segmented.SegmentedRaftLogWorker (SegmentedRaftLogWorker.java:lambda$new$0(134)) - 69f17eae-5f6b-470f-8112-c08e963e2abc@group-2AC76C1D414F-SegmentedRaftLogWorker: safeCacheEvictIndex: setUnconditionally 0 -> -1
2024-06-12 17:08:05,168 [69f17eae-5f6b-470f-8112-c08e963e2abc-groupManagement] INFO  server.RaftServer$Division (RaftServerImpl.java:start(396)) - 69f17eae-5f6b-470f-8112-c08e963e2abc@group-2AC76C1D414F: start as a follower, conf=-1: peers:[69f17eae-5f6b-470f-8112-c08e963e2abc|127.0.0.1:15103]|listeners:[], old=null
2024-06-12 17:08:05,168 [69f17eae-5f6b-470f-8112-c08e963e2abc-groupManagement] INFO  server.RaftServer$Division (RaftServerImpl.java:setRole(383)) - 69f17eae-5f6b-470f-8112-c08e963e2abc@group-2AC76C1D414F: changes role from      null to FOLLOWER at term 0 for startAsFollower
2024-06-12 17:08:05,168 [69f17eae-5f6b-470f-8112-c08e963e2abc-groupManagement] INFO  impl.RoleInfo (RoleInfo.java:updateAndGet(139)) - 69f17eae-5f6b-470f-8112-c08e963e2abc: start 69f17eae-5f6b-470f-8112-c08e963e2abc@group-2AC76C1D414F-FollowerState
2024-06-12 17:08:05,169 [69f17eae-5f6b-470f-8112-c08e963e2abc-groupManagement] INFO  util.JmxRegister (JmxRegister.java:tryRegister(44)) - Successfully registered JMX Bean with object name Ratis:service=RaftServer,group=group-2AC76C1D414F,id=69f17eae-5f6b-470f-8112-c08e963e2abc
2024-06-12 17:08:05,169 [69f17eae-5f6b-470f-8112-c08e963e2abc-groupManagement] INFO  server.RaftServerConfigKeys (ConfUtils.java:logGet(46)) - raft.server.snapshot.trigger-when-stop.enabled = true (default)
2024-06-12 17:08:05,169 [69f17eae-5f6b-470f-8112-c08e963e2abc-groupManagement] INFO  server.RaftServerConfigKeys (ConfUtils.java:logGet(46)) - raft.server.snapshot.auto.trigger.enabled = true (custom)
2024-06-12 17:08:05,169 [69f17eae-5f6b-470f-8112-c08e963e2abc-groupManagement] INFO  server.RaftServerConfigKeys (ConfUtils.java:logGet(46)) - raft.server.snapshot.auto.trigger.threshold = 10000 (custom)
2024-06-12 17:08:05,170 [69f17eae-5f6b-470f-8112-c08e963e2abc-groupManagement] INFO  server.RaftServerConfigKeys (ConfUtils.java:logGet(46)) - raft.server.snapshot.retention.file.num = 5 (custom)
2024-06-12 17:08:05,170 [69f17eae-5f6b-470f-8112-c08e963e2abc-groupManagement] INFO  server.RaftServerConfigKeys (ConfUtils.java:logGet(46)) - raft.server.log.purge.upto.snapshot.index = false (default)
2024-06-12 17:08:05,170 [69f17eae-5f6b-470f-8112-c08e963e2abc@group-2AC76C1D414F-FollowerState] INFO  server.RaftServerConfigKeys (ConfUtils.java:logFallback(53)) - raft.server.rpc.first-election.timeout.min = 5s (fallback to raft.server.rpc.timeout.min)
2024-06-12 17:08:05,170 [69f17eae-5f6b-470f-8112-c08e963e2abc@group-2AC76C1D414F-FollowerState] INFO  server.RaftServerConfigKeys (ConfUtils.java:logFallback(53)) - raft.server.rpc.first-election.timeout.max = 5200ms (fallback to raft.server.rpc.timeout.max)
2024-06-12 17:08:05,171 [f3fc0661-daf3-46cc-b6b9-cf28bd2102cf-PipelineCommandHandlerThread-0] INFO  commandhandler.CreatePipelineCommandHandler (CreatePipelineCommandHandler.java:lambda$handle$2(124)) - Created Pipeline RATIS THREE PipelineID=738ccdf1-229f-4656-88f2-8db8e933025c.
2024-06-12 17:08:05,173 [69f17eae-5f6b-470f-8112-c08e963e2abc-PipelineCommandHandlerThread-0] INFO  ratis.XceiverServerRatis (XceiverServerRatis.java:addGroup(864)) - Created group PipelineID=e8719392-44d4-44bd-87b9-2ac76c1d414f
2024-06-12 17:08:05,174 [69f17eae-5f6b-470f-8112-c08e963e2abc-PipelineCommandHandlerThread-0] INFO  commandhandler.CreatePipelineCommandHandler (CreatePipelineCommandHandler.java:lambda$handle$2(124)) - Created Pipeline RATIS ONE PipelineID=e8719392-44d4-44bd-87b9-2ac76c1d414f.
2024-06-12 17:08:05,174 [92e0ccad-9c5a-447b-b545-333a3cb7e193-PipelineCommandHandlerThread-0] INFO  commandhandler.CreatePipelineCommandHandler (CreatePipelineCommandHandler.java:lambda$handle$2(124)) - Created Pipeline RATIS THREE PipelineID=738ccdf1-229f-4656-88f2-8db8e933025c.
2024-06-12 17:08:06,138 [main] INFO  ozone.MiniOzoneClusterImpl (MiniOzoneClusterImpl.java:lambda$waitForClusterToBeReady$0(194)) - Nodes are ready. Got 5 of 5 DN Heartbeats.
2024-06-12 17:08:06,138 [main] INFO  ozone.MiniOzoneClusterImpl (MiniOzoneClusterImpl.java:lambda$waitForClusterToBeReady$0(197)) - Waiting for cluster to exit safe mode
2024-06-12 17:08:06,138 [main] INFO  ozone.MiniOzoneClusterImpl (MiniOzoneClusterImpl.java:lambda$waitForClusterToBeReady$0(199)) - SCM became leader
2024-06-12 17:08:07,138 [main] INFO  ozone.MiniOzoneClusterImpl (MiniOzoneClusterImpl.java:lambda$waitForClusterToBeReady$0(194)) - Nodes are ready. Got 5 of 5 DN Heartbeats.
2024-06-12 17:08:07,138 [main] INFO  ozone.MiniOzoneClusterImpl (MiniOzoneClusterImpl.java:lambda$waitForClusterToBeReady$0(197)) - Waiting for cluster to exit safe mode
2024-06-12 17:08:07,138 [main] INFO  ozone.MiniOzoneClusterImpl (MiniOzoneClusterImpl.java:lambda$waitForClusterToBeReady$0(199)) - SCM became leader
2024-06-12 17:08:08,139 [main] INFO  ozone.MiniOzoneClusterImpl (MiniOzoneClusterImpl.java:lambda$waitForClusterToBeReady$0(194)) - Nodes are ready. Got 5 of 5 DN Heartbeats.
2024-06-12 17:08:08,139 [main] INFO  ozone.MiniOzoneClusterImpl (MiniOzoneClusterImpl.java:lambda$waitForClusterToBeReady$0(197)) - Waiting for cluster to exit safe mode
2024-06-12 17:08:08,139 [main] INFO  ozone.MiniOzoneClusterImpl (MiniOzoneClusterImpl.java:lambda$waitForClusterToBeReady$0(199)) - SCM became leader
2024-06-12 17:08:09,139 [main] INFO  ozone.MiniOzoneClusterImpl (MiniOzoneClusterImpl.java:lambda$waitForClusterToBeReady$0(194)) - Nodes are ready. Got 5 of 5 DN Heartbeats.
2024-06-12 17:08:09,140 [main] INFO  ozone.MiniOzoneClusterImpl (MiniOzoneClusterImpl.java:lambda$waitForClusterToBeReady$0(197)) - Waiting for cluster to exit safe mode
2024-06-12 17:08:09,140 [main] INFO  ozone.MiniOzoneClusterImpl (MiniOzoneClusterImpl.java:lambda$waitForClusterToBeReady$0(199)) - SCM became leader
2024-06-12 17:08:09,945 [691380cd-fa1e-45b9-9936-538793566ee4@group-16F1E0710B8C-FollowerState] INFO  impl.FollowerState (FollowerState.java:run(143)) - 691380cd-fa1e-45b9-9936-538793566ee4@group-16F1E0710B8C-FollowerState: change to CANDIDATE, lastRpcElapsedTime:5042895371ns, electionTimeout:5035ms
2024-06-12 17:08:09,945 [691380cd-fa1e-45b9-9936-538793566ee4@group-16F1E0710B8C-FollowerState] INFO  impl.RoleInfo (RoleInfo.java:shutdownFollowerState(110)) - 691380cd-fa1e-45b9-9936-538793566ee4: shutdown 691380cd-fa1e-45b9-9936-538793566ee4@group-16F1E0710B8C-FollowerState
2024-06-12 17:08:09,945 [691380cd-fa1e-45b9-9936-538793566ee4@group-16F1E0710B8C-FollowerState] INFO  server.RaftServer$Division (RaftServerImpl.java:setRole(383)) - 691380cd-fa1e-45b9-9936-538793566ee4@group-16F1E0710B8C: changes role from  FOLLOWER to CANDIDATE at term 0 for changeToCandidate
2024-06-12 17:08:09,945 [691380cd-fa1e-45b9-9936-538793566ee4@group-16F1E0710B8C-FollowerState] INFO  server.RaftServerConfigKeys (ConfUtils.java:logGet(46)) - raft.server.leaderelection.pre-vote = true (default)
2024-06-12 17:08:09,945 [691380cd-fa1e-45b9-9936-538793566ee4@group-16F1E0710B8C-FollowerState] INFO  impl.RoleInfo (RoleInfo.java:updateAndGet(139)) - 691380cd-fa1e-45b9-9936-538793566ee4: start 691380cd-fa1e-45b9-9936-538793566ee4@group-16F1E0710B8C-LeaderElection15
2024-06-12 17:08:09,945 [691380cd-fa1e-45b9-9936-538793566ee4@group-16F1E0710B8C-LeaderElection15] INFO  impl.LeaderElection (LeaderElection.java:askForVotes(321)) - 691380cd-fa1e-45b9-9936-538793566ee4@group-16F1E0710B8C-LeaderElection15 PRE_VOTE round 0: submit vote requests at term 0 for -1: peers:[92e0ccad-9c5a-447b-b545-333a3cb7e193|127.0.0.1:15085, 691380cd-fa1e-45b9-9936-538793566ee4|127.0.0.1:15067, f3fc0661-daf3-46cc-b6b9-cf28bd2102cf|127.0.0.1:15076]|listeners:[], old=null
2024-06-12 17:08:09,946 [691380cd-fa1e-45b9-9936-538793566ee4@group-16F1E0710B8C-LeaderElection15-1] INFO  server.GrpcServerProtocolClient (GrpcServerProtocolClient.java:<init>(65)) - Build channel for 92e0ccad-9c5a-447b-b545-333a3cb7e193|127.0.0.1:15085
2024-06-12 17:08:09,946 [691380cd-fa1e-45b9-9936-538793566ee4@group-16F1E0710B8C-LeaderElection15-2] INFO  server.GrpcServerProtocolClient (GrpcServerProtocolClient.java:<init>(65)) - Build channel for f3fc0661-daf3-46cc-b6b9-cf28bd2102cf|127.0.0.1:15076
2024-06-12 17:08:09,946 [691380cd-fa1e-45b9-9936-538793566ee4@group-16F1E0710B8C-LeaderElection15] INFO  server.RaftServerConfigKeys (ConfUtils.java:logFallback(53)) - raft.server.rpc.first-election.timeout.min = 5s (fallback to raft.server.rpc.timeout.min)
2024-06-12 17:08:09,946 [691380cd-fa1e-45b9-9936-538793566ee4@group-16F1E0710B8C-LeaderElection15] INFO  server.RaftServerConfigKeys (ConfUtils.java:logFallback(53)) - raft.server.rpc.first-election.timeout.max = 5200ms (fallback to raft.server.rpc.timeout.max)
2024-06-12 17:08:09,951 [grpc-default-executor-1] INFO  server.RaftServer$Division (RaftServerImpl.java:requestVote(1389)) - 92e0ccad-9c5a-447b-b545-333a3cb7e193@group-16F1E0710B8C: receive requestVote(PRE_VOTE, 691380cd-fa1e-45b9-9936-538793566ee4, group-16F1E0710B8C, 0, (t:0, i:0))
2024-06-12 17:08:09,951 [grpc-default-executor-1] INFO  impl.VoteContext (VoteContext.java:log(49)) - 92e0ccad-9c5a-447b-b545-333a3cb7e193@group-16F1E0710B8C-FOLLOWER: reject PRE_VOTE from 691380cd-fa1e-45b9-9936-538793566ee4: our priority 1 > candidate's priority 0
2024-06-12 17:08:09,951 [grpc-default-executor-1] INFO  server.RaftServer$Division (RaftServerImpl.java:requestVote(1422)) - 92e0ccad-9c5a-447b-b545-333a3cb7e193@group-16F1E0710B8C replies to PRE_VOTE vote request: 691380cd-fa1e-45b9-9936-538793566ee4<-92e0ccad-9c5a-447b-b545-333a3cb7e193#0:FAIL-t0. Peer's state: 92e0ccad-9c5a-447b-b545-333a3cb7e193@group-16F1E0710B8C:t0, leader=null, voted=, raftlog=Memoized:92e0ccad-9c5a-447b-b545-333a3cb7e193@group-16F1E0710B8C-SegmentedRaftLog:OPENED:c-1, conf=-1: peers:[92e0ccad-9c5a-447b-b545-333a3cb7e193|127.0.0.1:15085, 691380cd-fa1e-45b9-9936-538793566ee4|127.0.0.1:15067, f3fc0661-daf3-46cc-b6b9-cf28bd2102cf|127.0.0.1:15076]|listeners:[], old=null
2024-06-12 17:08:09,952 [grpc-default-executor-1] INFO  server.RaftServer$Division (RaftServerImpl.java:requestVote(1389)) - f3fc0661-daf3-46cc-b6b9-cf28bd2102cf@group-16F1E0710B8C: receive requestVote(PRE_VOTE, 691380cd-fa1e-45b9-9936-538793566ee4, group-16F1E0710B8C, 0, (t:0, i:0))
2024-06-12 17:08:09,952 [grpc-default-executor-1] INFO  impl.VoteContext (VoteContext.java:log(49)) - f3fc0661-daf3-46cc-b6b9-cf28bd2102cf@group-16F1E0710B8C-FOLLOWER: accept PRE_VOTE from 691380cd-fa1e-45b9-9936-538793566ee4: our priority 0 <= candidate's priority 0
2024-06-12 17:08:09,952 [grpc-default-executor-1] INFO  server.RaftServer$Division (RaftServerImpl.java:requestVote(1422)) - f3fc0661-daf3-46cc-b6b9-cf28bd2102cf@group-16F1E0710B8C replies to PRE_VOTE vote request: 691380cd-fa1e-45b9-9936-538793566ee4<-f3fc0661-daf3-46cc-b6b9-cf28bd2102cf#0:OK-t0. Peer's state: f3fc0661-daf3-46cc-b6b9-cf28bd2102cf@group-16F1E0710B8C:t0, leader=null, voted=, raftlog=Memoized:f3fc0661-daf3-46cc-b6b9-cf28bd2102cf@group-16F1E0710B8C-SegmentedRaftLog:OPENED:c-1, conf=-1: peers:[92e0ccad-9c5a-447b-b545-333a3cb7e193|127.0.0.1:15085, 691380cd-fa1e-45b9-9936-538793566ee4|127.0.0.1:15067, f3fc0661-daf3-46cc-b6b9-cf28bd2102cf|127.0.0.1:15076]|listeners:[], old=null
2024-06-12 17:08:09,952 [691380cd-fa1e-45b9-9936-538793566ee4@group-16F1E0710B8C-LeaderElection15] INFO  impl.LeaderElection (LeaderElection.java:logAndReturn(89)) - 691380cd-fa1e-45b9-9936-538793566ee4@group-16F1E0710B8C-LeaderElection15: PRE_VOTE REJECTED received 1 response(s) and 0 exception(s):
2024-06-12 17:08:09,953 [691380cd-fa1e-45b9-9936-538793566ee4@group-16F1E0710B8C-LeaderElection15] INFO  impl.LeaderElection (LeaderElection.java:logAndReturn(93)) -   Response 0: 691380cd-fa1e-45b9-9936-538793566ee4<-92e0ccad-9c5a-447b-b545-333a3cb7e193#0:FAIL-t0
2024-06-12 17:08:09,953 [691380cd-fa1e-45b9-9936-538793566ee4@group-16F1E0710B8C-LeaderElection15] INFO  impl.LeaderElection (LeaderElection.java:askForVotes(323)) - 691380cd-fa1e-45b9-9936-538793566ee4@group-16F1E0710B8C-LeaderElection15 PRE_VOTE round 0: result REJECTED
2024-06-12 17:08:09,953 [691380cd-fa1e-45b9-9936-538793566ee4@group-16F1E0710B8C-LeaderElection15] INFO  server.RaftServer$Division (RaftServerImpl.java:setRole(383)) - 691380cd-fa1e-45b9-9936-538793566ee4@group-16F1E0710B8C: changes role from CANDIDATE to FOLLOWER at term 0 for REJECTED
2024-06-12 17:08:09,953 [691380cd-fa1e-45b9-9936-538793566ee4@group-16F1E0710B8C-LeaderElection15] INFO  impl.RoleInfo (RoleInfo.java:shutdownLeaderElection(130)) - 691380cd-fa1e-45b9-9936-538793566ee4: shutdown 691380cd-fa1e-45b9-9936-538793566ee4@group-16F1E0710B8C-LeaderElection15
2024-06-12 17:08:09,953 [691380cd-fa1e-45b9-9936-538793566ee4@group-16F1E0710B8C-LeaderElection15] INFO  impl.RoleInfo (RoleInfo.java:updateAndGet(139)) - 691380cd-fa1e-45b9-9936-538793566ee4: start 691380cd-fa1e-45b9-9936-538793566ee4@group-16F1E0710B8C-FollowerState
2024-06-12 17:08:09,955 [691380cd-fa1e-45b9-9936-538793566ee4@group-16F1E0710B8C-LeaderElection15] INFO  server.RaftServer$Division (RaftServerImpl.java:setFirstElection(574)) - 691380cd-fa1e-45b9-9936-538793566ee4@group-16F1E0710B8C: set firstElectionSinceStartup to false for REJECTED
2024-06-12 17:08:09,990 [691380cd-fa1e-45b9-9936-538793566ee4@group-72129660A1FB-FollowerState] INFO  impl.FollowerState (FollowerState.java:run(143)) - 691380cd-fa1e-45b9-9936-538793566ee4@group-72129660A1FB-FollowerState: change to CANDIDATE, lastRpcElapsedTime:5106363671ns, electionTimeout:5105ms
2024-06-12 17:08:09,990 [691380cd-fa1e-45b9-9936-538793566ee4@group-72129660A1FB-FollowerState] INFO  impl.RoleInfo (RoleInfo.java:shutdownFollowerState(110)) - 691380cd-fa1e-45b9-9936-538793566ee4: shutdown 691380cd-fa1e-45b9-9936-538793566ee4@group-72129660A1FB-FollowerState
2024-06-12 17:08:09,991 [691380cd-fa1e-45b9-9936-538793566ee4@group-72129660A1FB-FollowerState] INFO  server.RaftServer$Division (RaftServerImpl.java:setRole(383)) - 691380cd-fa1e-45b9-9936-538793566ee4@group-72129660A1FB: changes role from  FOLLOWER to CANDIDATE at term 0 for changeToCandidate
2024-06-12 17:08:09,991 [691380cd-fa1e-45b9-9936-538793566ee4@group-72129660A1FB-FollowerState] INFO  server.RaftServerConfigKeys (ConfUtils.java:logGet(46)) - raft.server.leaderelection.pre-vote = true (default)
2024-06-12 17:08:09,991 [691380cd-fa1e-45b9-9936-538793566ee4@group-72129660A1FB-FollowerState] INFO  impl.RoleInfo (RoleInfo.java:updateAndGet(139)) - 691380cd-fa1e-45b9-9936-538793566ee4: start 691380cd-fa1e-45b9-9936-538793566ee4@group-72129660A1FB-LeaderElection16
2024-06-12 17:08:09,991 [691380cd-fa1e-45b9-9936-538793566ee4@group-72129660A1FB-LeaderElection16] INFO  impl.LeaderElection (LeaderElection.java:askForVotes(321)) - 691380cd-fa1e-45b9-9936-538793566ee4@group-72129660A1FB-LeaderElection16 PRE_VOTE round 0: submit vote requests at term 0 for -1: peers:[691380cd-fa1e-45b9-9936-538793566ee4|127.0.0.1:15067]|listeners:[], old=null
2024-06-12 17:08:09,991 [691380cd-fa1e-45b9-9936-538793566ee4@group-72129660A1FB-LeaderElection16] INFO  impl.LeaderElection (LeaderElection.java:askForVotes(323)) - 691380cd-fa1e-45b9-9936-538793566ee4@group-72129660A1FB-LeaderElection16 PRE_VOTE round 0: result PASSED (term=0)
2024-06-12 17:08:09,993 [691380cd-fa1e-45b9-9936-538793566ee4@group-72129660A1FB-LeaderElection16] INFO  impl.LeaderElection (LeaderElection.java:askForVotes(321)) - 691380cd-fa1e-45b9-9936-538793566ee4@group-72129660A1FB-LeaderElection16 ELECTION round 0: submit vote requests at term 1 for -1: peers:[691380cd-fa1e-45b9-9936-538793566ee4|127.0.0.1:15067]|listeners:[], old=null
2024-06-12 17:08:09,993 [691380cd-fa1e-45b9-9936-538793566ee4@group-72129660A1FB-LeaderElection16] INFO  impl.LeaderElection (LeaderElection.java:askForVotes(323)) - 691380cd-fa1e-45b9-9936-538793566ee4@group-72129660A1FB-LeaderElection16 ELECTION round 0: result PASSED (term=1)
2024-06-12 17:08:09,993 [691380cd-fa1e-45b9-9936-538793566ee4@group-72129660A1FB-LeaderElection16] INFO  impl.RoleInfo (RoleInfo.java:shutdownLeaderElection(130)) - 691380cd-fa1e-45b9-9936-538793566ee4: shutdown 691380cd-fa1e-45b9-9936-538793566ee4@group-72129660A1FB-LeaderElection16
2024-06-12 17:08:09,993 [691380cd-fa1e-45b9-9936-538793566ee4@group-72129660A1FB-LeaderElection16] INFO  server.RaftServer$Division (RaftServerImpl.java:setRole(383)) - 691380cd-fa1e-45b9-9936-538793566ee4@group-72129660A1FB: changes role from CANDIDATE to LEADER at term 1 for changeToLeader
2024-06-12 17:08:09,993 [691380cd-fa1e-45b9-9936-538793566ee4@group-72129660A1FB-LeaderElection16] INFO  server.RaftServerConfigKeys (ConfUtils.java:logGet(46)) - raft.server.staging.catchup.gap = 1000 (default)
2024-06-12 17:08:09,994 [691380cd-fa1e-45b9-9936-538793566ee4@group-72129660A1FB-LeaderElection16] INFO  server.RaftServerConfigKeys (ConfUtils.java:logGet(46)) - raft.server.write.element-limit = 1024 (custom)
2024-06-12 17:08:09,994 [691380cd-fa1e-45b9-9936-538793566ee4@group-72129660A1FB-LeaderElection16] INFO  server.RaftServerConfigKeys (ConfUtils.java:logGet(46)) - raft.server.write.byte-limit = 1024 M (=1073741824) (custom)
2024-06-12 17:08:09,994 [691380cd-fa1e-45b9-9936-538793566ee4@group-72129660A1FB-LeaderElection16] INFO  server.RaftServerConfigKeys (ConfUtils.java:logGet(46)) - raft.server.watch.timeout = 3000ms (custom)
2024-06-12 17:08:09,994 [691380cd-fa1e-45b9-9936-538793566ee4@group-72129660A1FB-LeaderElection16] INFO  server.RaftServerConfigKeys (ConfUtils.java:logGet(46)) - raft.server.watch.timeout.denomination = 1s (default)
2024-06-12 17:08:09,994 [691380cd-fa1e-45b9-9936-538793566ee4@group-72129660A1FB-LeaderElection16] INFO  server.RaftServerConfigKeys (ConfUtils.java:logGet(46)) - raft.server.watch.element-limit = 65536 (default)
2024-06-12 17:08:09,994 [691380cd-fa1e-45b9-9936-538793566ee4@group-72129660A1FB-LeaderElection16] INFO  server.RaftServerConfigKeys (ConfUtils.java:logGet(46)) - raft.server.read.leader.lease.enabled = false (default)
2024-06-12 17:08:09,994 [691380cd-fa1e-45b9-9936-538793566ee4@group-72129660A1FB-LeaderElection16] INFO  server.RaftServerConfigKeys (ConfUtils.java:logGet(46)) - raft.server.read.leader.lease.timeout.ratio = 0.9 (default)
2024-06-12 17:08:09,994 [691380cd-fa1e-45b9-9936-538793566ee4@group-72129660A1FB-LeaderElection16] INFO  server.RaftServerConfigKeys (ConfUtils.java:logGet(46)) - raft.server.rpc.timeout.min = 5s (custom)
2024-06-12 17:08:09,994 [691380cd-fa1e-45b9-9936-538793566ee4@group-72129660A1FB-LeaderElection16] INFO  server.RaftServerConfigKeys (ConfUtils.java:logGet(46)) - raft.server.write.element-limit = 1024 (custom)
2024-06-12 17:08:09,994 [691380cd-fa1e-45b9-9936-538793566ee4@group-72129660A1FB-LeaderElection16] INFO  server.RaftServerConfigKeys (ConfUtils.java:logGet(46)) - raft.server.write.follower.gap.ratio.max = -1.0 (default)
2024-06-12 17:08:09,994 [691380cd-fa1e-45b9-9936-538793566ee4@group-72129660A1FB-LeaderElection16] INFO  impl.RoleInfo (RoleInfo.java:updateAndGet(139)) - 691380cd-fa1e-45b9-9936-538793566ee4: start 691380cd-fa1e-45b9-9936-538793566ee4@group-72129660A1FB-LeaderStateImpl
2024-06-12 17:08:09,994 [691380cd-fa1e-45b9-9936-538793566ee4@group-72129660A1FB-LeaderElection16] INFO  server.RaftServer$Division (RaftServerImpl.java:setFirstElection(574)) - 691380cd-fa1e-45b9-9936-538793566ee4@group-72129660A1FB: set firstElectionSinceStartup to false for becomeLeader
2024-06-12 17:08:09,994 [691380cd-fa1e-45b9-9936-538793566ee4@group-72129660A1FB-LeaderElection16] INFO  ratis.XceiverServerRatis (XceiverServerRatis.java:handleLeaderChangedNotification(966)) - Leader change notification received for group: group-72129660A1FB with new leaderId: 691380cd-fa1e-45b9-9936-538793566ee4
2024-06-12 17:08:09,995 [691380cd-fa1e-45b9-9936-538793566ee4@group-72129660A1FB-LeaderElection16] INFO  server.RaftServer$Division (ServerState.java:setLeader(269)) - 691380cd-fa1e-45b9-9936-538793566ee4@group-72129660A1FB: change Leader from null to 691380cd-fa1e-45b9-9936-538793566ee4 at term 1 for becomeLeader, leader elected after 5121ms
2024-06-12 17:08:09,995 [691380cd-fa1e-45b9-9936-538793566ee4@group-72129660A1FB-LeaderElection16] INFO  segmented.SegmentedRaftLogWorker (SegmentedRaftLogWorker.java:startLogSegment(430)) - 691380cd-fa1e-45b9-9936-538793566ee4@group-72129660A1FB-SegmentedRaftLogWorker: Starting segment from index:0
2024-06-12 17:08:09,995 [691380cd-fa1e-45b9-9936-538793566ee4@group-72129660A1FB-LeaderElection16] INFO  server.RaftServer$Division (ServerState.java:setRaftConf(386)) - 691380cd-fa1e-45b9-9936-538793566ee4@group-72129660A1FB: set configuration 0: peers:[691380cd-fa1e-45b9-9936-538793566ee4|127.0.0.1:15067]|listeners:[], old=null
2024-06-12 17:08:09,995 [691380cd-fa1e-45b9-9936-538793566ee4@group-72129660A1FB-SegmentedRaftLogWorker] INFO  segmented.BufferedWriteChannel (BufferedWriteChannel.java:open(62)) - open log_inprogress_0 at position 0
2024-06-12 17:08:09,996 [EventQueue-OpenPipelineForHealthyPipelineSafeModeRule] INFO  safemode.SCMSafeModeManager (HealthyPipelineSafeModeRule.java:process(140)) - SCM in safe mode. Healthy pipelines reported count is 0, required healthy pipeline reported count is 1
2024-06-12 17:08:10,003 [691380cd-fa1e-45b9-9936-538793566ee4@group-72129660A1FB-SegmentedRaftLogWorker] INFO  segmented.SegmentedRaftLogWorker (SegmentedRaftLogWorker.java:execute(634)) - 691380cd-fa1e-45b9-9936-538793566ee4@group-72129660A1FB-SegmentedRaftLogWorker: created new log segment /home/runner/work/ozone/ozone/hadoop-ozone/integration-test/target/test-dir/MiniOzoneClusterImpl-0353e991-6c3e-4832-95ff-5850d237b4c9/ozone-meta/datanode-1/ratis/13764b87-4ec0-4bdd-b29c-72129660a1fb/current/log_inprogress_0
2024-06-12 17:08:10,005 [691380cd-fa1e-45b9-9936-538793566ee4@group-72129660A1FB-StateMachineUpdater] INFO  server.RaftServer$Division (LeaderStateImpl.java:isApplied(320)) - leader is ready since appliedIndex == 0 >= startIndex == 0
2024-06-12 17:08:10,084 [f3fc0661-daf3-46cc-b6b9-cf28bd2102cf@group-16F1E0710B8C-FollowerState] INFO  server.RaftServerConfigKeys (ConfUtils.java:logFallback(53)) - raft.server.rpc.first-election.timeout.min = 5s (fallback to raft.server.rpc.timeout.min)
2024-06-12 17:08:10,084 [f3fc0661-daf3-46cc-b6b9-cf28bd2102cf@group-16F1E0710B8C-FollowerState] INFO  server.RaftServerConfigKeys (ConfUtils.java:logFallback(53)) - raft.server.rpc.first-election.timeout.max = 5200ms (fallback to raft.server.rpc.timeout.max)
2024-06-12 17:08:10,091 [92e0ccad-9c5a-447b-b545-333a3cb7e193@group-14248575D398-FollowerState] INFO  impl.FollowerState (FollowerState.java:run(143)) - 92e0ccad-9c5a-447b-b545-333a3cb7e193@group-14248575D398-FollowerState: change to CANDIDATE, lastRpcElapsedTime:5051579671ns, electionTimeout:5051ms
2024-06-12 17:08:10,091 [92e0ccad-9c5a-447b-b545-333a3cb7e193@group-14248575D398-FollowerState] INFO  impl.RoleInfo (RoleInfo.java:shutdownFollowerState(110)) - 92e0ccad-9c5a-447b-b545-333a3cb7e193: shutdown 92e0ccad-9c5a-447b-b545-333a3cb7e193@group-14248575D398-FollowerState
2024-06-12 17:08:10,091 [92e0ccad-9c5a-447b-b545-333a3cb7e193@group-14248575D398-FollowerState] INFO  server.RaftServer$Division (RaftServerImpl.java:setRole(383)) - 92e0ccad-9c5a-447b-b545-333a3cb7e193@group-14248575D398: changes role from  FOLLOWER to CANDIDATE at term 0 for changeToCandidate
2024-06-12 17:08:10,092 [92e0ccad-9c5a-447b-b545-333a3cb7e193@group-14248575D398-FollowerState] INFO  server.RaftServerConfigKeys (ConfUtils.java:logGet(46)) - raft.server.leaderelection.pre-vote = true (default)
2024-06-12 17:08:10,092 [92e0ccad-9c5a-447b-b545-333a3cb7e193@group-14248575D398-FollowerState] INFO  impl.RoleInfo (RoleInfo.java:updateAndGet(139)) - 92e0ccad-9c5a-447b-b545-333a3cb7e193: start 92e0ccad-9c5a-447b-b545-333a3cb7e193@group-14248575D398-LeaderElection17
2024-06-12 17:08:10,092 [92e0ccad-9c5a-447b-b545-333a3cb7e193@group-14248575D398-LeaderElection17] INFO  impl.LeaderElection (LeaderElection.java:askForVotes(321)) - 92e0ccad-9c5a-447b-b545-333a3cb7e193@group-14248575D398-LeaderElection17 PRE_VOTE round 0: submit vote requests at term 0 for -1: peers:[92e0ccad-9c5a-447b-b545-333a3cb7e193|127.0.0.1:15085]|listeners:[], old=null
2024-06-12 17:08:10,092 [92e0ccad-9c5a-447b-b545-333a3cb7e193@group-14248575D398-LeaderElection17] INFO  impl.LeaderElection (LeaderElection.java:askForVotes(323)) - 92e0ccad-9c5a-447b-b545-333a3cb7e193@group-14248575D398-LeaderElection17 PRE_VOTE round 0: result PASSED (term=0)
2024-06-12 17:08:10,094 [92e0ccad-9c5a-447b-b545-333a3cb7e193@group-14248575D398-LeaderElection17] INFO  impl.LeaderElection (LeaderElection.java:askForVotes(321)) - 92e0ccad-9c5a-447b-b545-333a3cb7e193@group-14248575D398-LeaderElection17 ELECTION round 0: submit vote requests at term 1 for -1: peers:[92e0ccad-9c5a-447b-b545-333a3cb7e193|127.0.0.1:15085]|listeners:[], old=null
2024-06-12 17:08:10,094 [92e0ccad-9c5a-447b-b545-333a3cb7e193@group-14248575D398-LeaderElection17] INFO  impl.LeaderElection (LeaderElection.java:askForVotes(323)) - 92e0ccad-9c5a-447b-b545-333a3cb7e193@group-14248575D398-LeaderElection17 ELECTION round 0: result PASSED (term=1)
2024-06-12 17:08:10,094 [92e0ccad-9c5a-447b-b545-333a3cb7e193@group-14248575D398-LeaderElection17] INFO  impl.RoleInfo (RoleInfo.java:shutdownLeaderElection(130)) - 92e0ccad-9c5a-447b-b545-333a3cb7e193: shutdown 92e0ccad-9c5a-447b-b545-333a3cb7e193@group-14248575D398-LeaderElection17
2024-06-12 17:08:10,094 [92e0ccad-9c5a-447b-b545-333a3cb7e193@group-14248575D398-LeaderElection17] INFO  server.RaftServer$Division (RaftServerImpl.java:setRole(383)) - 92e0ccad-9c5a-447b-b545-333a3cb7e193@group-14248575D398: changes role from CANDIDATE to LEADER at term 1 for changeToLeader
2024-06-12 17:08:10,094 [92e0ccad-9c5a-447b-b545-333a3cb7e193@group-14248575D398-LeaderElection17] INFO  server.RaftServerConfigKeys (ConfUtils.java:logGet(46)) - raft.server.staging.catchup.gap = 1000 (default)
2024-06-12 17:08:10,094 [92e0ccad-9c5a-447b-b545-333a3cb7e193@group-14248575D398-LeaderElection17] INFO  server.RaftServerConfigKeys (ConfUtils.java:logGet(46)) - raft.server.write.element-limit = 1024 (custom)
2024-06-12 17:08:10,094 [92e0ccad-9c5a-447b-b545-333a3cb7e193@group-14248575D398-LeaderElection17] INFO  server.RaftServerConfigKeys (ConfUtils.java:logGet(46)) - raft.server.write.byte-limit = 1024 M (=1073741824) (custom)
2024-06-12 17:08:10,094 [92e0ccad-9c5a-447b-b545-333a3cb7e193@group-14248575D398-LeaderElection17] INFO  server.RaftServerConfigKeys (ConfUtils.java:logGet(46)) - raft.server.watch.timeout = 3000ms (custom)
2024-06-12 17:08:10,094 [92e0ccad-9c5a-447b-b545-333a3cb7e193@group-14248575D398-LeaderElection17] INFO  server.RaftServerConfigKeys (ConfUtils.java:logGet(46)) - raft.server.watch.timeout.denomination = 1s (default)
2024-06-12 17:08:10,094 [92e0ccad-9c5a-447b-b545-333a3cb7e193@group-14248575D398-LeaderElection17] INFO  server.RaftServerConfigKeys (ConfUtils.java:logGet(46)) - raft.server.watch.element-limit = 65536 (default)
2024-06-12 17:08:10,095 [92e0ccad-9c5a-447b-b545-333a3cb7e193@group-14248575D398-LeaderElection17] INFO  server.RaftServerConfigKeys (ConfUtils.java:logGet(46)) - raft.server.read.leader.lease.enabled = false (default)
2024-06-12 17:08:10,095 [92e0ccad-9c5a-447b-b545-333a3cb7e193@group-14248575D398-LeaderElection17] INFO  server.RaftServerConfigKeys (ConfUtils.java:logGet(46)) - raft.server.read.leader.lease.timeout.ratio = 0.9 (default)
2024-06-12 17:08:10,095 [92e0ccad-9c5a-447b-b545-333a3cb7e193@group-14248575D398-LeaderElection17] INFO  server.RaftServerConfigKeys (ConfUtils.java:logGet(46)) - raft.server.rpc.timeout.min = 5s (custom)
2024-06-12 17:08:10,095 [92e0ccad-9c5a-447b-b545-333a3cb7e193@group-14248575D398-LeaderElection17] INFO  server.RaftServerConfigKeys (ConfUtils.java:logGet(46)) - raft.server.write.element-limit = 1024 (custom)
2024-06-12 17:08:10,095 [92e0ccad-9c5a-447b-b545-333a3cb7e193@group-14248575D398-LeaderElection17] INFO  server.RaftServerConfigKeys (ConfUtils.java:logGet(46)) - raft.server.write.follower.gap.ratio.max = -1.0 (default)
2024-06-12 17:08:10,095 [92e0ccad-9c5a-447b-b545-333a3cb7e193@group-14248575D398-LeaderElection17] INFO  impl.RoleInfo (RoleInfo.java:updateAndGet(139)) - 92e0ccad-9c5a-447b-b545-333a3cb7e193: start 92e0ccad-9c5a-447b-b545-333a3cb7e193@group-14248575D398-LeaderStateImpl
2024-06-12 17:08:10,095 [92e0ccad-9c5a-447b-b545-333a3cb7e193@group-14248575D398-LeaderElection17] INFO  server.RaftServer$Division (RaftServerImpl.java:setFirstElection(574)) - 92e0ccad-9c5a-447b-b545-333a3cb7e193@group-14248575D398: set firstElectionSinceStartup to false for becomeLeader
2024-06-12 17:08:10,095 [92e0ccad-9c5a-447b-b545-333a3cb7e193@group-14248575D398-LeaderElection17] INFO  ratis.XceiverServerRatis (XceiverServerRatis.java:handleLeaderChangedNotification(966)) - Leader change notification received for group: group-14248575D398 with new leaderId: 92e0ccad-9c5a-447b-b545-333a3cb7e193
2024-06-12 17:08:10,095 [92e0ccad-9c5a-447b-b545-333a3cb7e193@group-14248575D398-LeaderElection17] INFO  server.RaftServer$Division (ServerState.java:setLeader(269)) - 92e0ccad-9c5a-447b-b545-333a3cb7e193@group-14248575D398: change Leader from null to 92e0ccad-9c5a-447b-b545-333a3cb7e193 at term 1 for becomeLeader, leader elected after 5075ms
2024-06-12 17:08:10,096 [92e0ccad-9c5a-447b-b545-333a3cb7e193@group-16F1E0710B8C-FollowerState] INFO  impl.FollowerState (FollowerState.java:run(143)) - 92e0ccad-9c5a-447b-b545-333a3cb7e193@group-16F1E0710B8C-FollowerState: change to CANDIDATE, lastRpcElapsedTime:5080521888ns, electionTimeout:5080ms
2024-06-12 17:08:10,096 [92e0ccad-9c5a-447b-b545-333a3cb7e193@group-16F1E0710B8C-FollowerState] INFO  impl.RoleInfo (RoleInfo.java:shutdownFollowerState(110)) - 92e0ccad-9c5a-447b-b545-333a3cb7e193: shutdown 92e0ccad-9c5a-447b-b545-333a3cb7e193@group-16F1E0710B8C-FollowerState
2024-06-12 17:08:10,096 [92e0ccad-9c5a-447b-b545-333a3cb7e193@group-16F1E0710B8C-FollowerState] INFO  server.RaftServer$Division (RaftServerImpl.java:setRole(383)) - 92e0ccad-9c5a-447b-b545-333a3cb7e193@group-16F1E0710B8C: changes role from  FOLLOWER to CANDIDATE at term 0 for changeToCandidate
2024-06-12 17:08:10,096 [92e0ccad-9c5a-447b-b545-333a3cb7e193@group-16F1E0710B8C-FollowerState] INFO  server.RaftServerConfigKeys (ConfUtils.java:logGet(46)) - raft.server.leaderelection.pre-vote = true (default)
2024-06-12 17:08:10,096 [92e0ccad-9c5a-447b-b545-333a3cb7e193@group-16F1E0710B8C-FollowerState] INFO  impl.RoleInfo (RoleInfo.java:updateAndGet(139)) - 92e0ccad-9c5a-447b-b545-333a3cb7e193: start 92e0ccad-9c5a-447b-b545-333a3cb7e193@group-16F1E0710B8C-LeaderElection18
2024-06-12 17:08:10,096 [92e0ccad-9c5a-447b-b545-333a3cb7e193@group-16F1E0710B8C-LeaderElection18] INFO  impl.LeaderElection (LeaderElection.java:askForVotes(321)) - 92e0ccad-9c5a-447b-b545-333a3cb7e193@group-16F1E0710B8C-LeaderElection18 PRE_VOTE round 0: submit vote requests at term 0 for -1: peers:[92e0ccad-9c5a-447b-b545-333a3cb7e193|127.0.0.1:15085, 691380cd-fa1e-45b9-9936-538793566ee4|127.0.0.1:15067, f3fc0661-daf3-46cc-b6b9-cf28bd2102cf|127.0.0.1:15076]|listeners:[], old=null
2024-06-12 17:08:10,096 [92e0ccad-9c5a-447b-b545-333a3cb7e193@group-14248575D398-LeaderElection17] INFO  segmented.SegmentedRaftLogWorker (SegmentedRaftLogWorker.java:startLogSegment(430)) - 92e0ccad-9c5a-447b-b545-333a3cb7e193@group-14248575D398-SegmentedRaftLogWorker: Starting segment from index:0
2024-06-12 17:08:10,097 [92e0ccad-9c5a-447b-b545-333a3cb7e193@group-14248575D398-LeaderElection17] INFO  server.RaftServer$Division (ServerState.java:setRaftConf(386)) - 92e0ccad-9c5a-447b-b545-333a3cb7e193@group-14248575D398: set configuration 0: peers:[92e0ccad-9c5a-447b-b545-333a3cb7e193|127.0.0.1:15085]|listeners:[], old=null
2024-06-12 17:08:10,097 [92e0ccad-9c5a-447b-b545-333a3cb7e193@group-14248575D398-SegmentedRaftLogWorker] INFO  segmented.BufferedWriteChannel (BufferedWriteChannel.java:open(62)) - open log_inprogress_0 at position 0
2024-06-12 17:08:10,097 [92e0ccad-9c5a-447b-b545-333a3cb7e193@group-16F1E0710B8C-LeaderElection18-1] INFO  server.GrpcServerProtocolClient (GrpcServerProtocolClient.java:<init>(65)) - Build channel for 691380cd-fa1e-45b9-9936-538793566ee4|127.0.0.1:15067
2024-06-12 17:08:10,098 [EventQueue-OpenPipelineForHealthyPipelineSafeModeRule] INFO  safemode.SCMSafeModeManager (HealthyPipelineSafeModeRule.java:process(140)) - SCM in safe mode. Healthy pipelines reported count is 0, required healthy pipeline reported count is 1
2024-06-12 17:08:10,098 [f3fc0661-daf3-46cc-b6b9-cf28bd2102cf@group-78A54FA7D8D8-FollowerState] INFO  impl.FollowerState (FollowerState.java:run(143)) - f3fc0661-daf3-46cc-b6b9-cf28bd2102cf@group-78A54FA7D8D8-FollowerState: change to CANDIDATE, lastRpcElapsedTime:5156819327ns, electionTimeout:5155ms
2024-06-12 17:08:10,098 [f3fc0661-daf3-46cc-b6b9-cf28bd2102cf@group-78A54FA7D8D8-FollowerState] INFO  impl.RoleInfo (RoleInfo.java:shutdownFollowerState(110)) - f3fc0661-daf3-46cc-b6b9-cf28bd2102cf: shutdown f3fc0661-daf3-46cc-b6b9-cf28bd2102cf@group-78A54FA7D8D8-FollowerState
2024-06-12 17:08:10,098 [f3fc0661-daf3-46cc-b6b9-cf28bd2102cf@group-78A54FA7D8D8-FollowerState] INFO  server.RaftServer$Division (RaftServerImpl.java:setRole(383)) - f3fc0661-daf3-46cc-b6b9-cf28bd2102cf@group-78A54FA7D8D8: changes role from  FOLLOWER to CANDIDATE at term 0 for changeToCandidate
2024-06-12 17:08:10,098 [f3fc0661-daf3-46cc-b6b9-cf28bd2102cf@group-78A54FA7D8D8-FollowerState] INFO  server.RaftServerConfigKeys (ConfUtils.java:logGet(46)) - raft.server.leaderelection.pre-vote = true (default)
2024-06-12 17:08:10,098 [f3fc0661-daf3-46cc-b6b9-cf28bd2102cf@group-78A54FA7D8D8-FollowerState] INFO  impl.RoleInfo (RoleInfo.java:updateAndGet(139)) - f3fc0661-daf3-46cc-b6b9-cf28bd2102cf: start f3fc0661-daf3-46cc-b6b9-cf28bd2102cf@group-78A54FA7D8D8-LeaderElection19
2024-06-12 17:08:10,100 [92e0ccad-9c5a-447b-b545-333a3cb7e193@group-16F1E0710B8C-LeaderElection18] INFO  server.RaftServerConfigKeys (ConfUtils.java:logFallback(53)) - raft.server.rpc.first-election.timeout.min = 5s (fallback to raft.server.rpc.timeout.min)
2024-06-12 17:08:10,100 [92e0ccad-9c5a-447b-b545-333a3cb7e193@group-16F1E0710B8C-LeaderElection18] INFO  server.RaftServerConfigKeys (ConfUtils.java:logFallback(53)) - raft.server.rpc.first-election.timeout.max = 5200ms (fallback to raft.server.rpc.timeout.max)
2024-06-12 17:08:10,100 [92e0ccad-9c5a-447b-b545-333a3cb7e193@group-8DB8E933025C-FollowerState] INFO  impl.FollowerState (FollowerState.java:run(143)) - 92e0ccad-9c5a-447b-b545-333a3cb7e193@group-8DB8E933025C-FollowerState: change to CANDIDATE, lastRpcElapsedTime:5014052361ns, electionTimeout:5011ms
2024-06-12 17:08:10,100 [92e0ccad-9c5a-447b-b545-333a3cb7e193@group-8DB8E933025C-FollowerState] INFO  impl.RoleInfo (RoleInfo.java:shutdownFollowerState(110)) - 92e0ccad-9c5a-447b-b545-333a3cb7e193: shutdown 92e0ccad-9c5a-447b-b545-333a3cb7e193@group-8DB8E933025C-FollowerState
2024-06-12 17:08:10,100 [92e0ccad-9c5a-447b-b545-333a3cb7e193@group-8DB8E933025C-FollowerState] INFO  server.RaftServer$Division (RaftServerImpl.java:setRole(383)) - 92e0ccad-9c5a-447b-b545-333a3cb7e193@group-8DB8E933025C: changes role from  FOLLOWER to CANDIDATE at term 0 for changeToCandidate
2024-06-12 17:08:10,100 [92e0ccad-9c5a-447b-b545-333a3cb7e193@group-8DB8E933025C-FollowerState] INFO  server.RaftServerConfigKeys (ConfUtils.java:logGet(46)) - raft.server.leaderelection.pre-vote = true (default)
2024-06-12 17:08:10,100 [92e0ccad-9c5a-447b-b545-333a3cb7e193@group-8DB8E933025C-FollowerState] INFO  impl.RoleInfo (RoleInfo.java:updateAndGet(139)) - 92e0ccad-9c5a-447b-b545-333a3cb7e193: start 92e0ccad-9c5a-447b-b545-333a3cb7e193@group-8DB8E933025C-LeaderElection20
2024-06-12 17:08:10,100 [92e0ccad-9c5a-447b-b545-333a3cb7e193@group-16F1E0710B8C-LeaderElection18-2] INFO  server.GrpcServerProtocolClient (GrpcServerProtocolClient.java:<init>(65)) - Build channel for f3fc0661-daf3-46cc-b6b9-cf28bd2102cf|127.0.0.1:15076
2024-06-12 17:08:10,104 [grpc-default-executor-1] INFO  server.RaftServer$Division (RaftServerImpl.java:requestVote(1389)) - 691380cd-fa1e-45b9-9936-538793566ee4@group-16F1E0710B8C: receive requestVote(PRE_VOTE, 92e0ccad-9c5a-447b-b545-333a3cb7e193, group-16F1E0710B8C, 0, (t:0, i:0))
2024-06-12 17:08:10,104 [grpc-default-executor-1] INFO  impl.VoteContext (VoteContext.java:log(49)) - 691380cd-fa1e-45b9-9936-538793566ee4@group-16F1E0710B8C-FOLLOWER: accept PRE_VOTE from 92e0ccad-9c5a-447b-b545-333a3cb7e193: our priority 0 <= candidate's priority 1
2024-06-12 17:08:10,104 [grpc-default-executor-1] INFO  server.RaftServer$Division (RaftServerImpl.java:requestVote(1422)) - 691380cd-fa1e-45b9-9936-538793566ee4@group-16F1E0710B8C replies to PRE_VOTE vote request: 92e0ccad-9c5a-447b-b545-333a3cb7e193<-691380cd-fa1e-45b9-9936-538793566ee4#0:OK-t0. Peer's state: 691380cd-fa1e-45b9-9936-538793566ee4@group-16F1E0710B8C:t0, leader=null, voted=, raftlog=Memoized:691380cd-fa1e-45b9-9936-538793566ee4@group-16F1E0710B8C-SegmentedRaftLog:OPENED:c-1, conf=-1: peers:[92e0ccad-9c5a-447b-b545-333a3cb7e193|127.0.0.1:15085, 691380cd-fa1e-45b9-9936-538793566ee4|127.0.0.1:15067, f3fc0661-daf3-46cc-b6b9-cf28bd2102cf|127.0.0.1:15076]|listeners:[], old=null
2024-06-12 17:08:10,104 [92e0ccad-9c5a-447b-b545-333a3cb7e193@group-14248575D398-SegmentedRaftLogWorker] INFO  segmented.SegmentedRaftLogWorker (SegmentedRaftLogWorker.java:execute(634)) - 92e0ccad-9c5a-447b-b545-333a3cb7e193@group-14248575D398-SegmentedRaftLogWorker: created new log segment /home/runner/work/ozone/ozone/hadoop-ozone/integration-test/target/test-dir/MiniOzoneClusterImpl-0353e991-6c3e-4832-95ff-5850d237b4c9/ozone-meta/datanode-3/ratis/d0d87f1c-e118-4c1b-bb4d-14248575d398/current/log_inprogress_0
2024-06-12 17:08:10,105 [92e0ccad-9c5a-447b-b545-333a3cb7e193@group-16F1E0710B8C-LeaderElection18] INFO  impl.LeaderElection (LeaderElection.java:logAndReturn(89)) - 92e0ccad-9c5a-447b-b545-333a3cb7e193@group-16F1E0710B8C-LeaderElection18: PRE_VOTE PASSED received 1 response(s) and 0 exception(s):
2024-06-12 17:08:10,105 [92e0ccad-9c5a-447b-b545-333a3cb7e193@group-16F1E0710B8C-LeaderElection18] INFO  impl.LeaderElection (LeaderElection.java:logAndReturn(93)) -   Response 0: 92e0ccad-9c5a-447b-b545-333a3cb7e193<-691380cd-fa1e-45b9-9936-538793566ee4#0:OK-t0
2024-06-12 17:08:10,105 [92e0ccad-9c5a-447b-b545-333a3cb7e193@group-16F1E0710B8C-LeaderElection18] INFO  impl.LeaderElection (LeaderElection.java:askForVotes(323)) - 92e0ccad-9c5a-447b-b545-333a3cb7e193@group-16F1E0710B8C-LeaderElection18 PRE_VOTE round 0: result PASSED
2024-06-12 17:08:10,107 [92e0ccad-9c5a-447b-b545-333a3cb7e193@group-16F1E0710B8C-LeaderElection18] INFO  impl.LeaderElection (LeaderElection.java:askForVotes(321)) - 92e0ccad-9c5a-447b-b545-333a3cb7e193@group-16F1E0710B8C-LeaderElection18 ELECTION round 0: submit vote requests at term 1 for -1: peers:[92e0ccad-9c5a-447b-b545-333a3cb7e193|127.0.0.1:15085, 691380cd-fa1e-45b9-9936-538793566ee4|127.0.0.1:15067, f3fc0661-daf3-46cc-b6b9-cf28bd2102cf|127.0.0.1:15076]|listeners:[], old=null
2024-06-12 17:08:10,107 [grpc-default-executor-1] INFO  server.RaftServer$Division (RaftServerImpl.java:requestVote(1389)) - f3fc0661-daf3-46cc-b6b9-cf28bd2102cf@group-16F1E0710B8C: receive requestVote(PRE_VOTE, 92e0ccad-9c5a-447b-b545-333a3cb7e193, group-16F1E0710B8C, 0, (t:0, i:0))
2024-06-12 17:08:10,107 [grpc-default-executor-1] INFO  impl.VoteContext (VoteContext.java:log(49)) - f3fc0661-daf3-46cc-b6b9-cf28bd2102cf@group-16F1E0710B8C-FOLLOWER: accept PRE_VOTE from 92e0ccad-9c5a-447b-b545-333a3cb7e193: our priority 0 <= candidate's priority 1
2024-06-12 17:08:10,107 [grpc-default-executor-1] INFO  server.RaftServer$Division (RaftServerImpl.java:requestVote(1422)) - f3fc0661-daf3-46cc-b6b9-cf28bd2102cf@group-16F1E0710B8C replies to PRE_VOTE vote request: 92e0ccad-9c5a-447b-b545-333a3cb7e193<-f3fc0661-daf3-46cc-b6b9-cf28bd2102cf#0:OK-t0. Peer's state: f3fc0661-daf3-46cc-b6b9-cf28bd2102cf@group-16F1E0710B8C:t0, leader=null, voted=, raftlog=Memoized:f3fc0661-daf3-46cc-b6b9-cf28bd2102cf@group-16F1E0710B8C-SegmentedRaftLog:OPENED:c-1, conf=-1: peers:[92e0ccad-9c5a-447b-b545-333a3cb7e193|127.0.0.1:15085, 691380cd-fa1e-45b9-9936-538793566ee4|127.0.0.1:15067, f3fc0661-daf3-46cc-b6b9-cf28bd2102cf|127.0.0.1:15076]|listeners:[], old=null
2024-06-12 17:08:10,108 [92e0ccad-9c5a-447b-b545-333a3cb7e193@group-8DB8E933025C-LeaderElection20] INFO  impl.LeaderElection (LeaderElection.java:askForVotes(321)) - 92e0ccad-9c5a-447b-b545-333a3cb7e193@group-8DB8E933025C-LeaderElection20 PRE_VOTE round 0: submit vote requests at term 0 for -1: peers:[92e0ccad-9c5a-447b-b545-333a3cb7e193|127.0.0.1:15085, 691380cd-fa1e-45b9-9936-538793566ee4|127.0.0.1:15067, f3fc0661-daf3-46cc-b6b9-cf28bd2102cf|127.0.0.1:15076]|listeners:[], old=null
2024-06-12 17:08:10,109 [f3fc0661-daf3-46cc-b6b9-cf28bd2102cf@group-78A54FA7D8D8-LeaderElection19] INFO  impl.LeaderElection (LeaderElection.java:askForVotes(321)) - f3fc0661-daf3-46cc-b6b9-cf28bd2102cf@group-78A54FA7D8D8-LeaderElection19 PRE_VOTE round 0: submit vote requests at term 0 for -1: peers:[f3fc0661-daf3-46cc-b6b9-cf28bd2102cf|127.0.0.1:15076]|listeners:[], old=null
2024-06-12 17:08:10,109 [f3fc0661-daf3-46cc-b6b9-cf28bd2102cf@group-78A54FA7D8D8-LeaderElection19] INFO  impl.LeaderElection (LeaderElection.java:askForVotes(323)) - f3fc0661-daf3-46cc-b6b9-cf28bd2102cf@group-78A54FA7D8D8-LeaderElection19 PRE_VOTE round 0: result PASSED (term=0)
2024-06-12 17:08:10,110 [92e0ccad-9c5a-447b-b545-333a3cb7e193@group-16F1E0710B8C-LeaderElection18] INFO  server.RaftServerConfigKeys (ConfUtils.java:logFallback(53)) - raft.server.rpc.first-election.timeout.min = 5s (fallback to raft.server.rpc.timeout.min)
2024-06-12 17:08:10,110 [92e0ccad-9c5a-447b-b545-333a3cb7e193@group-16F1E0710B8C-LeaderElection18] INFO  server.RaftServerConfigKeys (ConfUtils.java:logFallback(53)) - raft.server.rpc.first-election.timeout.max = 5200ms (fallback to raft.server.rpc.timeout.max)
2024-06-12 17:08:10,110 [grpc-default-executor-1] INFO  server.RaftServer$Division (RaftServerImpl.java:requestVote(1389)) - 691380cd-fa1e-45b9-9936-538793566ee4@group-16F1E0710B8C: receive requestVote(ELECTION, 92e0ccad-9c5a-447b-b545-333a3cb7e193, group-16F1E0710B8C, 1, (t:0, i:0))
2024-06-12 17:08:10,110 [92e0ccad-9c5a-447b-b545-333a3cb7e193@group-14248575D398-StateMachineUpdater] INFO  server.RaftServer$Division (LeaderStateImpl.java:isApplied(320)) - leader is ready since appliedIndex == 0 >= startIndex == 0
2024-06-12 17:08:10,111 [grpc-default-executor-1] INFO  impl.VoteContext (VoteContext.java:log(49)) - 691380cd-fa1e-45b9-9936-538793566ee4@group-16F1E0710B8C-FOLLOWER: accept ELECTION from 92e0ccad-9c5a-447b-b545-333a3cb7e193: our priority 0 <= candidate's priority 1
2024-06-12 17:08:10,111 [grpc-default-executor-0] INFO  server.RaftServer$Division (RaftServerImpl.java:requestVote(1389)) - f3fc0661-daf3-46cc-b6b9-cf28bd2102cf@group-16F1E0710B8C: receive requestVote(ELECTION, 92e0ccad-9c5a-447b-b545-333a3cb7e193, group-16F1E0710B8C, 1, (t:0, i:0))
2024-06-12 17:08:10,111 [grpc-default-executor-0] INFO  impl.VoteContext (VoteContext.java:log(49)) - f3fc0661-daf3-46cc-b6b9-cf28bd2102cf@group-16F1E0710B8C-FOLLOWER: accept ELECTION from 92e0ccad-9c5a-447b-b545-333a3cb7e193: our priority 0 <= candidate's priority 1
2024-06-12 17:08:10,111 [grpc-default-executor-0] INFO  server.RaftServer$Division (RaftServerImpl.java:setRole(383)) - f3fc0661-daf3-46cc-b6b9-cf28bd2102cf@group-16F1E0710B8C: changes role from  FOLLOWER to FOLLOWER at term 1 for candidate:92e0ccad-9c5a-447b-b545-333a3cb7e193
2024-06-12 17:08:10,111 [grpc-default-executor-0] INFO  impl.RoleInfo (RoleInfo.java:shutdownFollowerState(110)) - f3fc0661-daf3-46cc-b6b9-cf28bd2102cf: shutdown f3fc0661-daf3-46cc-b6b9-cf28bd2102cf@group-16F1E0710B8C-FollowerState
2024-06-12 17:08:10,111 [grpc-default-executor-0] INFO  impl.RoleInfo (RoleInfo.java:updateAndGet(139)) - f3fc0661-daf3-46cc-b6b9-cf28bd2102cf: start f3fc0661-daf3-46cc-b6b9-cf28bd2102cf@group-16F1E0710B8C-FollowerState
2024-06-12 17:08:10,111 [f3fc0661-daf3-46cc-b6b9-cf28bd2102cf@group-16F1E0710B8C-FollowerState] INFO  impl.FollowerState (FollowerState.java:run(152)) - f3fc0661-daf3-46cc-b6b9-cf28bd2102cf@group-16F1E0710B8C-FollowerState was interrupted
2024-06-12 17:08:10,111 [grpc-default-executor-1] INFO  server.RaftServer$Division (RaftServerImpl.java:setRole(383)) - 691380cd-fa1e-45b9-9936-538793566ee4@group-16F1E0710B8C: changes role from  FOLLOWER to FOLLOWER at term 1 for candidate:92e0ccad-9c5a-447b-b545-333a3cb7e193
2024-06-12 17:08:10,111 [grpc-default-executor-1] INFO  impl.RoleInfo (RoleInfo.java:shutdownFollowerState(110)) - 691380cd-fa1e-45b9-9936-538793566ee4: shutdown 691380cd-fa1e-45b9-9936-538793566ee4@group-16F1E0710B8C-FollowerState
2024-06-12 17:08:10,112 [grpc-default-executor-1] INFO  impl.RoleInfo (RoleInfo.java:updateAndGet(139)) - 691380cd-fa1e-45b9-9936-538793566ee4: start 691380cd-fa1e-45b9-9936-538793566ee4@group-16F1E0710B8C-FollowerState
2024-06-12 17:08:10,112 [691380cd-fa1e-45b9-9936-538793566ee4@group-16F1E0710B8C-FollowerState] INFO  impl.FollowerState (FollowerState.java:run(152)) - 691380cd-fa1e-45b9-9936-538793566ee4@group-16F1E0710B8C-FollowerState was interrupted
2024-06-12 17:08:10,113 [f3fc0661-daf3-46cc-b6b9-cf28bd2102cf@group-78A54FA7D8D8-LeaderElection19] INFO  impl.LeaderElection (LeaderElection.java:askForVotes(321)) - f3fc0661-daf3-46cc-b6b9-cf28bd2102cf@group-78A54FA7D8D8-LeaderElection19 ELECTION round 0: submit vote requests at term 1 for -1: peers:[f3fc0661-daf3-46cc-b6b9-cf28bd2102cf|127.0.0.1:15076]|listeners:[], old=null
2024-06-12 17:08:10,113 [f3fc0661-daf3-46cc-b6b9-cf28bd2102cf@group-78A54FA7D8D8-LeaderElection19] INFO  impl.LeaderElection (LeaderElection.java:askForVotes(323)) - f3fc0661-daf3-46cc-b6b9-cf28bd2102cf@group-78A54FA7D8D8-LeaderElection19 ELECTION round 0: result PASSED (term=1)
2024-06-12 17:08:10,114 [f3fc0661-daf3-46cc-b6b9-cf28bd2102cf@group-78A54FA7D8D8-LeaderElection19] INFO  impl.RoleInfo (RoleInfo.java:shutdownLeaderElection(130)) - f3fc0661-daf3-46cc-b6b9-cf28bd2102cf: shutdown f3fc0661-daf3-46cc-b6b9-cf28bd2102cf@group-78A54FA7D8D8-LeaderElection19
2024-06-12 17:08:10,114 [f3fc0661-daf3-46cc-b6b9-cf28bd2102cf@group-78A54FA7D8D8-LeaderElection19] INFO  server.RaftServer$Division (RaftServerImpl.java:setRole(383)) - f3fc0661-daf3-46cc-b6b9-cf28bd2102cf@group-78A54FA7D8D8: changes role from CANDIDATE to LEADER at term 1 for changeToLeader
2024-06-12 17:08:10,114 [f3fc0661-daf3-46cc-b6b9-cf28bd2102cf@group-78A54FA7D8D8-LeaderElection19] INFO  server.RaftServerConfigKeys (ConfUtils.java:logGet(46)) - raft.server.staging.catchup.gap = 1000 (default)
2024-06-12 17:08:10,114 [f3fc0661-daf3-46cc-b6b9-cf28bd2102cf@group-78A54FA7D8D8-LeaderElection19] INFO  server.RaftServerConfigKeys (ConfUtils.java:logGet(46)) - raft.server.write.element-limit = 1024 (custom)
2024-06-12 17:08:10,114 [f3fc0661-daf3-46cc-b6b9-cf28bd2102cf@group-78A54FA7D8D8-LeaderElection19] INFO  server.RaftServerConfigKeys (ConfUtils.java:logGet(46)) - raft.server.write.byte-limit = 1024 M (=1073741824) (custom)
2024-06-12 17:08:10,115 [f3fc0661-daf3-46cc-b6b9-cf28bd2102cf@group-78A54FA7D8D8-LeaderElection19] INFO  server.RaftServerConfigKeys (ConfUtils.java:logGet(46)) - raft.server.watch.timeout = 3000ms (custom)
2024-06-12 17:08:10,115 [f3fc0661-daf3-46cc-b6b9-cf28bd2102cf@group-78A54FA7D8D8-LeaderElection19] INFO  server.RaftServerConfigKeys (ConfUtils.java:logGet(46)) - raft.server.watch.timeout.denomination = 1s (default)
2024-06-12 17:08:10,115 [f3fc0661-daf3-46cc-b6b9-cf28bd2102cf@group-78A54FA7D8D8-LeaderElection19] INFO  server.RaftServerConfigKeys (ConfUtils.java:logGet(46)) - raft.server.watch.element-limit = 65536 (default)
2024-06-12 17:08:10,115 [f3fc0661-daf3-46cc-b6b9-cf28bd2102cf@group-78A54FA7D8D8-LeaderElection19] INFO  server.RaftServerConfigKeys (ConfUtils.java:logGet(46)) - raft.server.read.leader.lease.enabled = false (default)
2024-06-12 17:08:10,115 [f3fc0661-daf3-46cc-b6b9-cf28bd2102cf@group-78A54FA7D8D8-LeaderElection19] INFO  server.RaftServerConfigKeys (ConfUtils.java:logGet(46)) - raft.server.read.leader.lease.timeout.ratio = 0.9 (default)
2024-06-12 17:08:10,115 [f3fc0661-daf3-46cc-b6b9-cf28bd2102cf@group-78A54FA7D8D8-LeaderElection19] INFO  server.RaftServerConfigKeys (ConfUtils.java:logGet(46)) - raft.server.rpc.timeout.min = 5s (custom)
2024-06-12 17:08:10,115 [f3fc0661-daf3-46cc-b6b9-cf28bd2102cf@group-78A54FA7D8D8-LeaderElection19] INFO  server.RaftServerConfigKeys (ConfUtils.java:logGet(46)) - raft.server.write.element-limit = 1024 (custom)
2024-06-12 17:08:10,115 [f3fc0661-daf3-46cc-b6b9-cf28bd2102cf@group-78A54FA7D8D8-LeaderElection19] INFO  server.RaftServerConfigKeys (ConfUtils.java:logGet(46)) - raft.server.write.follower.gap.ratio.max = -1.0 (default)
2024-06-12 17:08:10,115 [f3fc0661-daf3-46cc-b6b9-cf28bd2102cf@group-78A54FA7D8D8-LeaderElection19] INFO  impl.RoleInfo (RoleInfo.java:updateAndGet(139)) - f3fc0661-daf3-46cc-b6b9-cf28bd2102cf: start f3fc0661-daf3-46cc-b6b9-cf28bd2102cf@group-78A54FA7D8D8-LeaderStateImpl
2024-06-12 17:08:10,116 [f3fc0661-daf3-46cc-b6b9-cf28bd2102cf@group-78A54FA7D8D8-LeaderElection19] INFO  server.RaftServer$Division (RaftServerImpl.java:setFirstElection(574)) - f3fc0661-daf3-46cc-b6b9-cf28bd2102cf@group-78A54FA7D8D8: set firstElectionSinceStartup to false for becomeLeader
2024-06-12 17:08:10,116 [f3fc0661-daf3-46cc-b6b9-cf28bd2102cf@group-78A54FA7D8D8-LeaderElection19] INFO  ratis.XceiverServerRatis (XceiverServerRatis.java:handleLeaderChangedNotification(966)) - Leader change notification received for group: group-78A54FA7D8D8 with new leaderId: f3fc0661-daf3-46cc-b6b9-cf28bd2102cf
2024-06-12 17:08:10,116 [f3fc0661-daf3-46cc-b6b9-cf28bd2102cf@group-78A54FA7D8D8-LeaderElection19] INFO  server.RaftServer$Division (ServerState.java:setLeader(269)) - f3fc0661-daf3-46cc-b6b9-cf28bd2102cf@group-78A54FA7D8D8: change Leader from null to f3fc0661-daf3-46cc-b6b9-cf28bd2102cf at term 1 for becomeLeader, leader elected after 5188ms
2024-06-12 17:08:10,116 [f3fc0661-daf3-46cc-b6b9-cf28bd2102cf@group-78A54FA7D8D8-LeaderElection19] INFO  segmented.SegmentedRaftLogWorker (SegmentedRaftLogWorker.java:startLogSegment(430)) - f3fc0661-daf3-46cc-b6b9-cf28bd2102cf@group-78A54FA7D8D8-SegmentedRaftLogWorker: Starting segment from index:0
2024-06-12 17:08:10,116 [f3fc0661-daf3-46cc-b6b9-cf28bd2102cf@group-78A54FA7D8D8-SegmentedRaftLogWorker] INFO  segmented.BufferedWriteChannel (BufferedWriteChannel.java:open(62)) - open log_inprogress_0 at position 0
2024-06-12 17:08:10,118 [691380cd-fa1e-45b9-9936-538793566ee4@group-06C4850D5BE6-FollowerState] INFO  impl.FollowerState (FollowerState.java:run(143)) - 691380cd-fa1e-45b9-9936-538793566ee4@group-06C4850D5BE6-FollowerState: change to CANDIDATE, lastRpcElapsedTime:5080636903ns, electionTimeout:5080ms
2024-06-12 17:08:10,118 [691380cd-fa1e-45b9-9936-538793566ee4@group-06C4850D5BE6-FollowerState] INFO  impl.RoleInfo (RoleInfo.java:shutdownFollowerState(110)) - 691380cd-fa1e-45b9-9936-538793566ee4: shutdown 691380cd-fa1e-45b9-9936-538793566ee4@group-06C4850D5BE6-FollowerState
2024-06-12 17:08:10,118 [691380cd-fa1e-45b9-9936-538793566ee4@group-06C4850D5BE6-FollowerState] INFO  server.RaftServer$Division (RaftServerImpl.java:setRole(383)) - 691380cd-fa1e-45b9-9936-538793566ee4@group-06C4850D5BE6: changes role from  FOLLOWER to CANDIDATE at term 0 for changeToCandidate
2024-06-12 17:08:10,118 [691380cd-fa1e-45b9-9936-538793566ee4@group-06C4850D5BE6-FollowerState] INFO  server.RaftServerConfigKeys (ConfUtils.java:logGet(46)) - raft.server.leaderelection.pre-vote = true (default)
2024-06-12 17:08:10,118 [691380cd-fa1e-45b9-9936-538793566ee4@group-06C4850D5BE6-FollowerState] INFO  impl.RoleInfo (RoleInfo.java:updateAndGet(139)) - 691380cd-fa1e-45b9-9936-538793566ee4: start 691380cd-fa1e-45b9-9936-538793566ee4@group-06C4850D5BE6-LeaderElection21
2024-06-12 17:08:10,118 [f3fc0661-daf3-46cc-b6b9-cf28bd2102cf@group-78A54FA7D8D8-LeaderElection19] INFO  server.RaftServer$Division (ServerState.java:setRaftConf(386)) - f3fc0661-daf3-46cc-b6b9-cf28bd2102cf@group-78A54FA7D8D8: set configuration 0: peers:[f3fc0661-daf3-46cc-b6b9-cf28bd2102cf|127.0.0.1:15076]|listeners:[], old=null
2024-06-12 17:08:10,121 [EventQueue-OpenPipelineForHealthyPipelineSafeModeRule] INFO  safemode.SCMSafeModeManager (HealthyPipelineSafeModeRule.java:process(140)) - SCM in safe mode. Healthy pipelines reported count is 0, required healthy pipeline reported count is 1
2024-06-12 17:08:10,121 [grpc-default-executor-0] INFO  server.RaftServer$Division (RaftServerImpl.java:setFirstElection(574)) - f3fc0661-daf3-46cc-b6b9-cf28bd2102cf@group-16F1E0710B8C: set firstElectionSinceStartup to false for candidate:92e0ccad-9c5a-447b-b545-333a3cb7e193
2024-06-12 17:08:10,122 [92e0ccad-9c5a-447b-b545-333a3cb7e193@group-8DB8E933025C-LeaderElection20] INFO  server.RaftServerConfigKeys (ConfUtils.java:logFallback(53)) - raft.server.rpc.first-election.timeout.min = 5s (fallback to raft.server.rpc.timeout.min)
2024-06-12 17:08:10,122 [92e0ccad-9c5a-447b-b545-333a3cb7e193@group-8DB8E933025C-LeaderElection20] INFO  server.RaftServerConfigKeys (ConfUtils.java:logFallback(53)) - raft.server.rpc.first-election.timeout.max = 5200ms (fallback to raft.server.rpc.timeout.max)
2024-06-12 17:08:10,126 [691380cd-fa1e-45b9-9936-538793566ee4@group-06C4850D5BE6-LeaderElection21] INFO  impl.LeaderElection (LeaderElection.java:askForVotes(321)) - 691380cd-fa1e-45b9-9936-538793566ee4@group-06C4850D5BE6-LeaderElection21 PRE_VOTE round 0: submit vote requests at term 0 for -1: peers:[92e0ccad-9c5a-447b-b545-333a3cb7e193|127.0.0.1:15085, 691380cd-fa1e-45b9-9936-538793566ee4|127.0.0.1:15067, f3fc0661-daf3-46cc-b6b9-cf28bd2102cf|127.0.0.1:15076]|listeners:[], old=null
2024-06-12 17:08:10,127 [grpc-default-executor-2] INFO  server.RaftServer$Division (RaftServerImpl.java:requestVote(1389)) - 691380cd-fa1e-45b9-9936-538793566ee4@group-8DB8E933025C: receive requestVote(PRE_VOTE, 92e0ccad-9c5a-447b-b545-333a3cb7e193, group-8DB8E933025C, 0, (t:0, i:0))
2024-06-12 17:08:10,127 [grpc-default-executor-2] INFO  impl.VoteContext (VoteContext.java:log(49)) - 691380cd-fa1e-45b9-9936-538793566ee4@group-8DB8E933025C-FOLLOWER: accept PRE_VOTE from 92e0ccad-9c5a-447b-b545-333a3cb7e193: our priority 0 <= candidate's priority 0
2024-06-12 17:08:10,127 [grpc-default-executor-2] INFO  server.RaftServer$Division (RaftServerImpl.java:requestVote(1422)) - 691380cd-fa1e-45b9-9936-538793566ee4@group-8DB8E933025C replies to PRE_VOTE vote request: 92e0ccad-9c5a-447b-b545-333a3cb7e193<-691380cd-fa1e-45b9-9936-538793566ee4#0:OK-t0. Peer's state: 691380cd-fa1e-45b9-9936-538793566ee4@group-8DB8E933025C:t0, leader=null, voted=, raftlog=Memoized:691380cd-fa1e-45b9-9936-538793566ee4@group-8DB8E933025C-SegmentedRaftLog:OPENED:c-1, conf=-1: peers:[92e0ccad-9c5a-447b-b545-333a3cb7e193|127.0.0.1:15085, 691380cd-fa1e-45b9-9936-538793566ee4|127.0.0.1:15067, f3fc0661-daf3-46cc-b6b9-cf28bd2102cf|127.0.0.1:15076]|listeners:[], old=null
2024-06-12 17:08:10,129 [grpc-default-executor-1] INFO  server.RaftServer$Division (RaftServerImpl.java:requestVote(1422)) - 691380cd-fa1e-45b9-9936-538793566ee4@group-16F1E0710B8C replies to ELECTION vote request: 92e0ccad-9c5a-447b-b545-333a3cb7e193<-691380cd-fa1e-45b9-9936-538793566ee4#0:OK-t1. Peer's state: 691380cd-fa1e-45b9-9936-538793566ee4@group-16F1E0710B8C:t1, leader=null, voted=92e0ccad-9c5a-447b-b545-333a3cb7e193, raftlog=Memoized:691380cd-fa1e-45b9-9936-538793566ee4@group-16F1E0710B8C-SegmentedRaftLog:OPENED:c-1, conf=-1: peers:[92e0ccad-9c5a-447b-b545-333a3cb7e193|127.0.0.1:15085, 691380cd-fa1e-45b9-9936-538793566ee4|127.0.0.1:15067, f3fc0661-daf3-46cc-b6b9-cf28bd2102cf|127.0.0.1:15076]|listeners:[], old=null
2024-06-12 17:08:10,129 [grpc-default-executor-0] INFO  server.RaftServer$Division (RaftServerImpl.java:requestVote(1422)) - f3fc0661-daf3-46cc-b6b9-cf28bd2102cf@group-16F1E0710B8C replies to ELECTION vote request: 92e0ccad-9c5a-447b-b545-333a3cb7e193<-f3fc0661-daf3-46cc-b6b9-cf28bd2102cf#0:OK-t1. Peer's state: f3fc0661-daf3-46cc-b6b9-cf28bd2102cf@group-16F1E0710B8C:t1, leader=null, voted=92e0ccad-9c5a-447b-b545-333a3cb7e193, raftlog=Memoized:f3fc0661-daf3-46cc-b6b9-cf28bd2102cf@group-16F1E0710B8C-SegmentedRaftLog:OPENED:c-1, conf=-1: peers:[92e0ccad-9c5a-447b-b545-333a3cb7e193|127.0.0.1:15085, 691380cd-fa1e-45b9-9936-538793566ee4|127.0.0.1:15067, f3fc0661-daf3-46cc-b6b9-cf28bd2102cf|127.0.0.1:15076]|listeners:[], old=null
2024-06-12 17:08:10,129 [f3fc0661-daf3-46cc-b6b9-cf28bd2102cf@group-78A54FA7D8D8-SegmentedRaftLogWorker] INFO  segmented.SegmentedRaftLogWorker (SegmentedRaftLogWorker.java:execute(634)) - f3fc0661-daf3-46cc-b6b9-cf28bd2102cf@group-78A54FA7D8D8-SegmentedRaftLogWorker: created new log segment /home/runner/work/ozone/ozone/hadoop-ozone/integration-test/target/test-dir/MiniOzoneClusterImpl-0353e991-6c3e-4832-95ff-5850d237b4c9/ozone-meta/datanode-2/ratis/ac4c3a91-9475-4321-90e9-78a54fa7d8d8/current/log_inprogress_0
2024-06-12 17:08:10,130 [691380cd-fa1e-45b9-9936-538793566ee4@group-06C4850D5BE6-LeaderElection21] INFO  server.RaftServerConfigKeys (ConfUtils.java:logFallback(53)) - raft.server.rpc.first-election.timeout.min = 5s (fallback to raft.server.rpc.timeout.min)
2024-06-12 17:08:10,130 [691380cd-fa1e-45b9-9936-538793566ee4@group-06C4850D5BE6-LeaderElection21] INFO  server.RaftServerConfigKeys (ConfUtils.java:logFallback(53)) - raft.server.rpc.first-election.timeout.max = 5200ms (fallback to raft.server.rpc.timeout.max)
2024-06-12 17:08:10,130 [92e0ccad-9c5a-447b-b545-333a3cb7e193@group-16F1E0710B8C-LeaderElection18] INFO  impl.LeaderElection (LeaderElection.java:logAndReturn(89)) - 92e0ccad-9c5a-447b-b545-333a3cb7e193@group-16F1E0710B8C-LeaderElection18: ELECTION PASSED received 1 response(s) and 0 exception(s):
2024-06-12 17:08:10,130 [92e0ccad-9c5a-447b-b545-333a3cb7e193@group-16F1E0710B8C-LeaderElection18] INFO  impl.LeaderElection (LeaderElection.java:logAndReturn(93)) -   Response 0: 92e0ccad-9c5a-447b-b545-333a3cb7e193<-691380cd-fa1e-45b9-9936-538793566ee4#0:OK-t1
2024-06-12 17:08:10,130 [92e0ccad-9c5a-447b-b545-333a3cb7e193@group-16F1E0710B8C-LeaderElection18] INFO  impl.LeaderElection (LeaderElection.java:askForVotes(323)) - 92e0ccad-9c5a-447b-b545-333a3cb7e193@group-16F1E0710B8C-LeaderElection18 ELECTION round 0: result PASSED
2024-06-12 17:08:10,131 [92e0ccad-9c5a-447b-b545-333a3cb7e193@group-16F1E0710B8C-LeaderElection18] INFO  impl.RoleInfo (RoleInfo.java:shutdownLeaderElection(130)) - 92e0ccad-9c5a-447b-b545-333a3cb7e193: shutdown 92e0ccad-9c5a-447b-b545-333a3cb7e193@group-16F1E0710B8C-LeaderElection18
2024-06-12 17:08:10,131 [92e0ccad-9c5a-447b-b545-333a3cb7e193@group-16F1E0710B8C-LeaderElection18] INFO  server.RaftServer$Division (RaftServerImpl.java:setRole(383)) - 92e0ccad-9c5a-447b-b545-333a3cb7e193@group-16F1E0710B8C: changes role from CANDIDATE to LEADER at term 1 for changeToLeader
2024-06-12 17:08:10,131 [92e0ccad-9c5a-447b-b545-333a3cb7e193@group-16F1E0710B8C-LeaderElection18] INFO  server.RaftServerConfigKeys (ConfUtils.java:logGet(46)) - raft.server.staging.catchup.gap = 1000 (default)
2024-06-12 17:08:10,131 [92e0ccad-9c5a-447b-b545-333a3cb7e193@group-16F1E0710B8C-LeaderElection18] INFO  server.RaftServerConfigKeys (ConfUtils.java:logGet(46)) - raft.server.write.element-limit = 1024 (custom)
2024-06-12 17:08:10,131 [92e0ccad-9c5a-447b-b545-333a3cb7e193@group-16F1E0710B8C-LeaderElection18] INFO  server.RaftServerConfigKeys (ConfUtils.java:logGet(46)) - raft.server.write.byte-limit = 1024 M (=1073741824) (custom)
2024-06-12 17:08:10,131 [92e0ccad-9c5a-447b-b545-333a3cb7e193@group-16F1E0710B8C-LeaderElection18] INFO  server.RaftServerConfigKeys (ConfUtils.java:logGet(46)) - raft.server.watch.timeout = 3000ms (custom)
2024-06-12 17:08:10,131 [92e0ccad-9c5a-447b-b545-333a3cb7e193@group-16F1E0710B8C-LeaderElection18] INFO  server.RaftServerConfigKeys (ConfUtils.java:logGet(46)) - raft.server.watch.timeout.denomination = 1s (default)
2024-06-12 17:08:10,131 [92e0ccad-9c5a-447b-b545-333a3cb7e193@group-16F1E0710B8C-LeaderElection18] INFO  server.RaftServerConfigKeys (ConfUtils.java:logGet(46)) - raft.server.watch.element-limit = 65536 (default)
2024-06-12 17:08:10,131 [92e0ccad-9c5a-447b-b545-333a3cb7e193@group-16F1E0710B8C-LeaderElection18] INFO  server.RaftServerConfigKeys (ConfUtils.java:logGet(46)) - raft.server.read.leader.lease.enabled = false (default)
2024-06-12 17:08:10,131 [grpc-default-executor-0] INFO  server.RaftServer$Division (RaftServerImpl.java:requestVote(1389)) - f3fc0661-daf3-46cc-b6b9-cf28bd2102cf@group-8DB8E933025C: receive requestVote(PRE_VOTE, 92e0ccad-9c5a-447b-b545-333a3cb7e193, group-8DB8E933025C, 0, (t:0, i:0))
2024-06-12 17:08:10,132 [grpc-default-executor-0] INFO  impl.VoteContext (VoteContext.java:log(49)) - f3fc0661-daf3-46cc-b6b9-cf28bd2102cf@group-8DB8E933025C-FOLLOWER: reject PRE_VOTE from 92e0ccad-9c5a-447b-b545-333a3cb7e193: our priority 1 > candidate's priority 0
2024-06-12 17:08:10,132 [grpc-default-executor-0] INFO  server.RaftServer$Division (RaftServerImpl.java:requestVote(1422)) - f3fc0661-daf3-46cc-b6b9-cf28bd2102cf@group-8DB8E933025C replies to PRE_VOTE vote request: 92e0ccad-9c5a-447b-b545-333a3cb7e193<-f3fc0661-daf3-46cc-b6b9-cf28bd2102cf#0:FAIL-t0. Peer's state: f3fc0661-daf3-46cc-b6b9-cf28bd2102cf@group-8DB8E933025C:t0, leader=null, voted=, raftlog=Memoized:f3fc0661-daf3-46cc-b6b9-cf28bd2102cf@group-8DB8E933025C-SegmentedRaftLog:OPENED:c-1, conf=-1: peers:[92e0ccad-9c5a-447b-b545-333a3cb7e193|127.0.0.1:15085, 691380cd-fa1e-45b9-9936-538793566ee4|127.0.0.1:15067, f3fc0661-daf3-46cc-b6b9-cf28bd2102cf|127.0.0.1:15076]|listeners:[], old=null
2024-06-12 17:08:10,131 [92e0ccad-9c5a-447b-b545-333a3cb7e193@group-16F1E0710B8C-LeaderElection18] INFO  server.RaftServerConfigKeys (ConfUtils.java:logGet(46)) - raft.server.read.leader.lease.timeout.ratio = 0.9 (default)
2024-06-12 17:08:10,132 [92e0ccad-9c5a-447b-b545-333a3cb7e193@group-16F1E0710B8C-LeaderElection18] INFO  server.RaftServerConfigKeys (ConfUtils.java:logGet(46)) - raft.server.rpc.timeout.min = 5s (custom)
2024-06-12 17:08:10,132 [92e0ccad-9c5a-447b-b545-333a3cb7e193@group-16F1E0710B8C-LeaderElection18] INFO  server.RaftServerConfigKeys (ConfUtils.java:logGet(46)) - raft.server.write.element-limit = 1024 (custom)
2024-06-12 17:08:10,132 [92e0ccad-9c5a-447b-b545-333a3cb7e193@group-16F1E0710B8C-LeaderElection18] INFO  server.RaftServerConfigKeys (ConfUtils.java:logGet(46)) - raft.server.write.follower.gap.ratio.max = -1.0 (default)
2024-06-12 17:08:10,132 [grpc-default-executor-3] INFO  server.RaftServer$Division (RaftServerImpl.java:requestVote(1389)) - 92e0ccad-9c5a-447b-b545-333a3cb7e193@group-06C4850D5BE6: receive requestVote(PRE_VOTE, 691380cd-fa1e-45b9-9936-538793566ee4, group-06C4850D5BE6, 0, (t:0, i:0))
2024-06-12 17:08:10,132 [grpc-default-executor-3] INFO  impl.VoteContext (VoteContext.java:log(49)) - 92e0ccad-9c5a-447b-b545-333a3cb7e193@group-06C4850D5BE6-FOLLOWER: accept PRE_VOTE from 691380cd-fa1e-45b9-9936-538793566ee4: our priority 0 <= candidate's priority 1
2024-06-12 17:08:10,133 [grpc-default-executor-3] INFO  server.RaftServer$Division (RaftServerImpl.java:requestVote(1422)) - 92e0ccad-9c5a-447b-b545-333a3cb7e193@group-06C4850D5BE6 replies to PRE_VOTE vote request: 691380cd-fa1e-45b9-9936-538793566ee4<-92e0ccad-9c5a-447b-b545-333a3cb7e193#0:OK-t0. Peer's state: 92e0ccad-9c5a-447b-b545-333a3cb7e193@group-06C4850D5BE6:t0, leader=null, voted=, raftlog=Memoized:92e0ccad-9c5a-447b-b545-333a3cb7e193@group-06C4850D5BE6-SegmentedRaftLog:OPENED:c-1, conf=-1: peers:[92e0ccad-9c5a-447b-b545-333a3cb7e193|127.0.0.1:15085, 691380cd-fa1e-45b9-9936-538793566ee4|127.0.0.1:15067, f3fc0661-daf3-46cc-b6b9-cf28bd2102cf|127.0.0.1:15076]|listeners:[], old=null
2024-06-12 17:08:10,133 [92e0ccad-9c5a-447b-b545-333a3cb7e193@group-16F1E0710B8C-LeaderElection18] INFO  server.RaftServerConfigKeys (ConfUtils.java:logGet(46)) - raft.server.log.appender.snapshot.chunk.size.max = 16MB (=16777216) (default)
2024-06-12 17:08:10,133 [92e0ccad-9c5a-447b-b545-333a3cb7e193@group-16F1E0710B8C-LeaderElection18] INFO  server.RaftServerConfigKeys (ConfUtils.java:logGet(46)) - raft.server.log.appender.buffer.byte-limit = 8388608 (custom)
2024-06-12 17:08:10,133 [92e0ccad-9c5a-447b-b545-333a3cb7e193@group-16F1E0710B8C-LeaderElection18] INFO  server.RaftServerConfigKeys (ConfUtils.java:logGet(46)) - raft.server.log.appender.buffer.element-limit = 1024 (custom)
2024-06-12 17:08:10,133 [92e0ccad-9c5a-447b-b545-333a3cb7e193@group-16F1E0710B8C-LeaderElection18] INFO  server.RaftServerConfigKeys (ConfUtils.java:logGet(46)) - raft.server.log.appender.wait-time.min = 0ms (custom)
2024-06-12 17:08:10,133 [92e0ccad-9c5a-447b-b545-333a3cb7e193@group-16F1E0710B8C-LeaderElection18] INFO  grpc.GrpcConfigKeys (ConfUtils.java:logGet(46)) - raft.grpc.server.leader.outstanding.appends.max = 8 (default)
2024-06-12 17:08:10,133 [92e0ccad-9c5a-447b-b545-333a3cb7e193@group-16F1E0710B8C-LeaderElection18] INFO  server.RaftServerConfigKeys (ConfUtils.java:logGet(46)) - raft.server.rpc.request.timeout = 3000ms (default)
2024-06-12 17:08:10,133 [92e0ccad-9c5a-447b-b545-333a3cb7e193@group-16F1E0710B8C-LeaderElection18] INFO  grpc.GrpcConfigKeys (ConfUtils.java:logGet(46)) - raft.grpc.server.install_snapshot.request.element-limit = 8 (default)
2024-06-12 17:08:10,133 [92e0ccad-9c5a-447b-b545-333a3cb7e193@group-16F1E0710B8C-LeaderElection18] INFO  grpc.GrpcConfigKeys (ConfUtils.java:logGet(46)) - raft.grpc.server.install_snapshot.request.timeout = 3000ms (default)
2024-06-12 17:08:10,133 [92e0ccad-9c5a-447b-b545-333a3cb7e193@group-16F1E0710B8C-LeaderElection18] INFO  grpc.GrpcConfigKeys (ConfUtils.java:logGet(46)) - raft.grpc.server.log-message.batch.duration = 5s (default)
2024-06-12 17:08:10,133 [92e0ccad-9c5a-447b-b545-333a3cb7e193@group-16F1E0710B8C-LeaderElection18] INFO  server.RaftServerConfigKeys (ConfUtils.java:logGet(46)) - raft.server.log.appender.install.snapshot.enabled = false (custom)
2024-06-12 17:08:10,133 [92e0ccad-9c5a-447b-b545-333a3cb7e193@group-16F1E0710B8C-LeaderElection18] INFO  grpc.GrpcConfigKeys (ConfUtils.java:logGet(46)) - raft.grpc.server.heartbeat.channel = true (default)
2024-06-12 17:08:10,134 [92e0ccad-9c5a-447b-b545-333a3cb7e193@group-16F1E0710B8C-LeaderElection18] INFO  server.RaftServerConfigKeys (ConfUtils.java:logGet(46)) - raft.server.log.appender.snapshot.chunk.size.max = 16MB (=16777216) (default)
2024-06-12 17:08:10,134 [92e0ccad-9c5a-447b-b545-333a3cb7e193@group-16F1E0710B8C-LeaderElection18] INFO  server.RaftServerConfigKeys (ConfUtils.java:logGet(46)) - raft.server.log.appender.buffer.byte-limit = 8388608 (custom)
2024-06-12 17:08:10,134 [92e0ccad-9c5a-447b-b545-333a3cb7e193@group-16F1E0710B8C-LeaderElection18] INFO  server.RaftServerConfigKeys (ConfUtils.java:logGet(46)) - raft.server.log.appender.buffer.element-limit = 1024 (custom)
2024-06-12 17:08:10,134 [92e0ccad-9c5a-447b-b545-333a3cb7e193@group-16F1E0710B8C-LeaderElection18] INFO  server.RaftServerConfigKeys (ConfUtils.java:logGet(46)) - raft.server.log.appender.wait-time.min = 0ms (custom)
2024-06-12 17:08:10,134 [92e0ccad-9c5a-447b-b545-333a3cb7e193@group-16F1E0710B8C-LeaderElection18] INFO  grpc.GrpcConfigKeys (ConfUtils.java:logGet(46)) - raft.grpc.server.leader.outstanding.appends.max = 8 (default)
2024-06-12 17:08:10,134 [92e0ccad-9c5a-447b-b545-333a3cb7e193@group-16F1E0710B8C-LeaderElection18] INFO  server.RaftServerConfigKeys (ConfUtils.java:logGet(46)) - raft.server.rpc.request.timeout = 3000ms (default)
2024-06-12 17:08:10,135 [92e0ccad-9c5a-447b-b545-333a3cb7e193@group-16F1E0710B8C-LeaderElection18] INFO  grpc.GrpcConfigKeys (ConfUtils.java:logGet(46)) - raft.grpc.server.install_snapshot.request.element-limit = 8 (default)
2024-06-12 17:08:10,135 [92e0ccad-9c5a-447b-b545-333a3cb7e193@group-16F1E0710B8C-LeaderElection18] INFO  grpc.GrpcConfigKeys (ConfUtils.java:logGet(46)) - raft.grpc.server.install_snapshot.request.timeout = 3000ms (default)
2024-06-12 17:08:10,135 [92e0ccad-9c5a-447b-b545-333a3cb7e193@group-16F1E0710B8C-LeaderElection18] INFO  grpc.GrpcConfigKeys (ConfUtils.java:logGet(46)) - raft.grpc.server.log-message.batch.duration = 5s (default)
2024-06-12 17:08:10,135 [92e0ccad-9c5a-447b-b545-333a3cb7e193@group-16F1E0710B8C-LeaderElection18] INFO  server.RaftServerConfigKeys (ConfUtils.java:logGet(46)) - raft.server.log.appender.install.snapshot.enabled = false (custom)
2024-06-12 17:08:10,135 [92e0ccad-9c5a-447b-b545-333a3cb7e193@group-16F1E0710B8C-LeaderElection18] INFO  grpc.GrpcConfigKeys (ConfUtils.java:logGet(46)) - raft.grpc.server.heartbeat.channel = true (default)
2024-06-12 17:08:10,135 [92e0ccad-9c5a-447b-b545-333a3cb7e193@group-16F1E0710B8C-LeaderElection18] INFO  impl.RoleInfo (RoleInfo.java:updateAndGet(139)) - 92e0ccad-9c5a-447b-b545-333a3cb7e193: start 92e0ccad-9c5a-447b-b545-333a3cb7e193@group-16F1E0710B8C-LeaderStateImpl
2024-06-12 17:08:10,135 [92e0ccad-9c5a-447b-b545-333a3cb7e193@group-16F1E0710B8C-LeaderElection18] INFO  server.RaftServer$Division (RaftServerImpl.java:setFirstElection(574)) - 92e0ccad-9c5a-447b-b545-333a3cb7e193@group-16F1E0710B8C: set firstElectionSinceStartup to false for becomeLeader
2024-06-12 17:08:10,135 [92e0ccad-9c5a-447b-b545-333a3cb7e193@group-16F1E0710B8C-LeaderElection18] INFO  ratis.XceiverServerRatis (XceiverServerRatis.java:handleLeaderChangedNotification(966)) - Leader change notification received for group: group-16F1E0710B8C with new leaderId: 92e0ccad-9c5a-447b-b545-333a3cb7e193
2024-06-12 17:08:10,135 [92e0ccad-9c5a-447b-b545-333a3cb7e193@group-16F1E0710B8C-LeaderElection18] INFO  server.RaftServer$Division (ServerState.java:setLeader(269)) - 92e0ccad-9c5a-447b-b545-333a3cb7e193@group-16F1E0710B8C: change Leader from null to 92e0ccad-9c5a-447b-b545-333a3cb7e193 at term 1 for becomeLeader, leader elected after 5144ms
2024-06-12 17:08:10,135 [92e0ccad-9c5a-447b-b545-333a3cb7e193@group-16F1E0710B8C-LeaderElection18] INFO  segmented.SegmentedRaftLogWorker (SegmentedRaftLogWorker.java:startLogSegment(430)) - 92e0ccad-9c5a-447b-b545-333a3cb7e193@group-16F1E0710B8C-SegmentedRaftLogWorker: Starting segment from index:0
2024-06-12 17:08:10,136 [92e0ccad-9c5a-447b-b545-333a3cb7e193@group-16F1E0710B8C-SegmentedRaftLogWorker] INFO  segmented.BufferedWriteChannel (BufferedWriteChannel.java:open(62)) - open log_inprogress_0 at position 0
2024-06-12 17:08:10,137 [92e0ccad-9c5a-447b-b545-333a3cb7e193@group-16F1E0710B8C-LeaderElection18] INFO  server.RaftServer$Division (ServerState.java:setRaftConf(386)) - 92e0ccad-9c5a-447b-b545-333a3cb7e193@group-16F1E0710B8C: set configuration 0: peers:[92e0ccad-9c5a-447b-b545-333a3cb7e193|127.0.0.1:15085, 691380cd-fa1e-45b9-9936-538793566ee4|127.0.0.1:15067, f3fc0661-daf3-46cc-b6b9-cf28bd2102cf|127.0.0.1:15076]|listeners:[], old=null
2024-06-12 17:08:10,137 [f3fc0661-daf3-46cc-b6b9-cf28bd2102cf@group-78A54FA7D8D8-StateMachineUpdater] INFO  server.RaftServer$Division (LeaderStateImpl.java:isApplied(320)) - leader is ready since appliedIndex == 0 >= startIndex == 0
2024-06-12 17:08:10,138 [EventQueue-OpenPipelineForHealthyPipelineSafeModeRule] INFO  safemode.SCMSafeModeManager (HealthyPipelineSafeModeRule.java:process(140)) - SCM in safe mode. Healthy pipelines reported count is 0, required healthy pipeline reported count is 1
2024-06-12 17:08:10,138 [EventQueue-PipelineReportForPipelineReportHandler] INFO  pipeline.PipelineReportHandler (PipelineReportHandler.java:processPipelineReport(136)) - Opened pipeline PipelineID=17d09cab-d0cf-4e70-b251-16f1e0710b8c
2024-06-12 17:08:10,138 [EventQueue-OpenPipelineForHealthyPipelineSafeModeRule] INFO  safemode.SCMSafeModeManager (HealthyPipelineSafeModeRule.java:process(140)) - SCM in safe mode. Healthy pipelines reported count is 1, required healthy pipeline reported count is 1
2024-06-12 17:08:10,138 [EventQueue-OpenPipelineForHealthyPipelineSafeModeRule] INFO  safemode.SCMSafeModeManager (SCMSafeModeManager.java:validateSafeModeExitRules(203)) - HealthyPipelineSafeModeRule rule is successfully validated
2024-06-12 17:08:10,138 [EventQueue-OpenPipelineForHealthyPipelineSafeModeRule] INFO  safemode.SCMSafeModeManager (SCMSafeModeManager.java:validateSafeModeExitRules(218)) - ScmSafeModeManager, all rules are successfully validated
2024-06-12 17:08:10,138 [EventQueue-OpenPipelineForHealthyPipelineSafeModeRule] INFO  safemode.SCMSafeModeManager (SCMSafeModeManager.java:exitSafeMode(248)) - SCM exiting safe mode.
2024-06-12 17:08:10,139 [EventQueue-OpenPipelineForHealthyPipelineSafeModeRule] INFO  ha.SCMContext (SCMContext.java:updateSafeModeStatus(225)) - Update SafeModeStatus from SafeModeStatus{safeModeStatus=true, preCheckPassed=true} to SafeModeStatus{safeModeStatus=false, preCheckPassed=true}.
2024-06-12 17:08:10,139 [EventQueue-OpenPipelineForHealthyPipelineSafeModeRule] INFO  pipeline.BackgroundPipelineCreator (BackgroundPipelineCreator.java:notifyStatusChanged(258)) - Service BackgroundPipelineCreator transitions to RUNNING.
2024-06-12 17:08:10,139 [EventQueue-OpenPipelineForHealthyPipelineSafeModeRule] INFO  BackgroundPipelineScrubber (BackgroundSCMService.java:notifyStatusChanged(79)) - Service BackgroundPipelineScrubber transitions to RUNNING.
2024-06-12 17:08:10,139 [EventQueue-OpenPipelineForHealthyPipelineSafeModeRule] INFO  ExpiredContainerReplicaOpScrubber (BackgroundSCMService.java:notifyStatusChanged(79)) - Service ExpiredContainerReplicaOpScrubber transitions to RUNNING.
2024-06-12 17:08:10,139 [EventQueue-OpenPipelineForHealthyPipelineSafeModeRule] INFO  block.SCMBlockDeletingService (SCMBlockDeletingService.java:notifyStatusChanged(247)) - notifyStatusChanged:RUNNING
2024-06-12 17:08:10,139 [EventQueue-OpenPipelineForHealthyPipelineSafeModeRule] INFO  replication.ReplicationManager (ReplicationManager.java:notifyStatusChanged(1406)) - Service ReplicationManager transitions to RUNNING.
2024-06-12 17:08:10,139 [EventQueue-OpenPipelineForHealthyPipelineSafeModeRule] WARN  balancer.ContainerBalancer (ContainerBalancer.java:shouldRun(134)) - Could not find persisted configuration for ContainerBalancer when checking if ContainerBalancer should run. ContainerBalancer should not run now.
2024-06-12 17:08:10,140 [main] INFO  ozone.MiniOzoneClusterImpl (MiniOzoneClusterImpl.java:lambda$waitForClusterToBeReady$0(194)) - Nodes are ready. Got 5 of 5 DN Heartbeats.
2024-06-12 17:08:10,140 [main] INFO  ozone.MiniOzoneClusterImpl (MiniOzoneClusterImpl.java:lambda$waitForClusterToBeReady$0(197)) - Cluster exits safe mode
2024-06-12 17:08:10,140 [main] INFO  ozone.MiniOzoneClusterImpl (MiniOzoneClusterImpl.java:lambda$waitForClusterToBeReady$0(199)) - SCM became leader
2024-06-12 17:08:10,140 [691380cd-fa1e-45b9-9936-538793566ee4@group-06C4850D5BE6-LeaderElection21] INFO  impl.LeaderElection (LeaderElection.java:logAndReturn(89)) - 691380cd-fa1e-45b9-9936-538793566ee4@group-06C4850D5BE6-LeaderElection21: PRE_VOTE PASSED received 1 response(s) and 0 exception(s):
2024-06-12 17:08:10,140 [691380cd-fa1e-45b9-9936-538793566ee4@group-06C4850D5BE6-LeaderElection21] INFO  impl.LeaderElection (LeaderElection.java:logAndReturn(93)) -   Response 0: 691380cd-fa1e-45b9-9936-538793566ee4<-92e0ccad-9c5a-447b-b545-333a3cb7e193#0:OK-t0
2024-06-12 17:08:10,140 [691380cd-fa1e-45b9-9936-538793566ee4@group-06C4850D5BE6-LeaderElection21] INFO  impl.LeaderElection (LeaderElection.java:askForVotes(323)) - 691380cd-fa1e-45b9-9936-538793566ee4@group-06C4850D5BE6-LeaderElection21 PRE_VOTE round 0: result PASSED
2024-06-12 17:08:10,141 [92e0ccad-9c5a-447b-b545-333a3cb7e193@group-8DB8E933025C-LeaderElection20] INFO  impl.LeaderElection (LeaderElection.java:logAndReturn(89)) - 92e0ccad-9c5a-447b-b545-333a3cb7e193@group-8DB8E933025C-LeaderElection20: PRE_VOTE REJECTED received 2 response(s) and 0 exception(s):
2024-06-12 17:08:10,141 [92e0ccad-9c5a-447b-b545-333a3cb7e193@group-8DB8E933025C-LeaderElection20] INFO  impl.LeaderElection (LeaderElection.java:logAndReturn(93)) -   Response 0: 92e0ccad-9c5a-447b-b545-333a3cb7e193<-691380cd-fa1e-45b9-9936-538793566ee4#0:OK-t0
2024-06-12 17:08:10,141 [92e0ccad-9c5a-447b-b545-333a3cb7e193@group-8DB8E933025C-LeaderElection20] INFO  impl.LeaderElection (LeaderElection.java:logAndReturn(93)) -   Response 1: 92e0ccad-9c5a-447b-b545-333a3cb7e193<-f3fc0661-daf3-46cc-b6b9-cf28bd2102cf#0:FAIL-t0
2024-06-12 17:08:10,141 [92e0ccad-9c5a-447b-b545-333a3cb7e193@group-8DB8E933025C-LeaderElection20] INFO  impl.LeaderElection (LeaderElection.java:askForVotes(323)) - 92e0ccad-9c5a-447b-b545-333a3cb7e193@group-8DB8E933025C-LeaderElection20 PRE_VOTE round 0: result REJECTED
2024-06-12 17:08:10,141 [92e0ccad-9c5a-447b-b545-333a3cb7e193@group-8DB8E933025C-LeaderElection20] INFO  server.RaftServer$Division (RaftServerImpl.java:setRole(383)) - 92e0ccad-9c5a-447b-b545-333a3cb7e193@group-8DB8E933025C: changes role from CANDIDATE to FOLLOWER at term 0 for REJECTED
2024-06-12 17:08:10,141 [92e0ccad-9c5a-447b-b545-333a3cb7e193@group-8DB8E933025C-LeaderElection20] INFO  impl.RoleInfo (RoleInfo.java:shutdownLeaderElection(130)) - 92e0ccad-9c5a-447b-b545-333a3cb7e193: shutdown 92e0ccad-9c5a-447b-b545-333a3cb7e193@group-8DB8E933025C-LeaderElection20
2024-06-12 17:08:10,141 [92e0ccad-9c5a-447b-b545-333a3cb7e193@group-8DB8E933025C-LeaderElection20] INFO  impl.RoleInfo (RoleInfo.java:updateAndGet(139)) - 92e0ccad-9c5a-447b-b545-333a3cb7e193: start 92e0ccad-9c5a-447b-b545-333a3cb7e193@group-8DB8E933025C-FollowerState
2024-06-12 17:08:10,144 [691380cd-fa1e-45b9-9936-538793566ee4@group-06C4850D5BE6-LeaderElection21] INFO  impl.LeaderElection (LeaderElection.java:askForVotes(321)) - 691380cd-fa1e-45b9-9936-538793566ee4@group-06C4850D5BE6-LeaderElection21 ELECTION round 0: submit vote requests at term 1 for -1: peers:[92e0ccad-9c5a-447b-b545-333a3cb7e193|127.0.0.1:15085, 691380cd-fa1e-45b9-9936-538793566ee4|127.0.0.1:15067, f3fc0661-daf3-46cc-b6b9-cf28bd2102cf|127.0.0.1:15076]|listeners:[], old=null
2024-06-12 17:08:10,144 [92e0ccad-9c5a-447b-b545-333a3cb7e193@group-16F1E0710B8C-SegmentedRaftLogWorker] INFO  segmented.SegmentedRaftLogWorker (SegmentedRaftLogWorker.java:execute(634)) - 92e0ccad-9c5a-447b-b545-333a3cb7e193@group-16F1E0710B8C-SegmentedRaftLogWorker: created new log segment /home/runner/work/ozone/ozone/hadoop-ozone/integration-test/target/test-dir/MiniOzoneClusterImpl-0353e991-6c3e-4832-95ff-5850d237b4c9/ozone-meta/datanode-3/ratis/17d09cab-d0cf-4e70-b251-16f1e0710b8c/current/log_inprogress_0
2024-06-12 17:08:10,145 [grpc-default-executor-0] INFO  server.RaftServer$Division (RaftServerImpl.java:requestVote(1389)) - f3fc0661-daf3-46cc-b6b9-cf28bd2102cf@group-06C4850D5BE6: receive requestVote(PRE_VOTE, 691380cd-fa1e-45b9-9936-538793566ee4, group-06C4850D5BE6, 0, (t:0, i:0))
2024-06-12 17:08:10,145 [grpc-default-executor-0] INFO  impl.VoteContext (VoteContext.java:log(49)) - f3fc0661-daf3-46cc-b6b9-cf28bd2102cf@group-06C4850D5BE6-FOLLOWER: accept PRE_VOTE from 691380cd-fa1e-45b9-9936-538793566ee4: our priority 0 <= candidate's priority 1
2024-06-12 17:08:10,146 [grpc-default-executor-0] INFO  server.RaftServer$Division (RaftServerImpl.java:requestVote(1422)) - f3fc0661-daf3-46cc-b6b9-cf28bd2102cf@group-06C4850D5BE6 replies to PRE_VOTE vote request: 691380cd-fa1e-45b9-9936-538793566ee4<-f3fc0661-daf3-46cc-b6b9-cf28bd2102cf#0:OK-t0. Peer's state: f3fc0661-daf3-46cc-b6b9-cf28bd2102cf@group-06C4850D5BE6:t0, leader=null, voted=, raftlog=Memoized:f3fc0661-daf3-46cc-b6b9-cf28bd2102cf@group-06C4850D5BE6-SegmentedRaftLog:OPENED:c-1, conf=-1: peers:[92e0ccad-9c5a-447b-b545-333a3cb7e193|127.0.0.1:15085, 691380cd-fa1e-45b9-9936-538793566ee4|127.0.0.1:15067, f3fc0661-daf3-46cc-b6b9-cf28bd2102cf|127.0.0.1:15076]|listeners:[], old=null
2024-06-12 17:08:10,149 [92e0ccad-9c5a-447b-b545-333a3cb7e193@group-8DB8E933025C-LeaderElection20] INFO  server.RaftServer$Division (RaftServerImpl.java:setFirstElection(574)) - 92e0ccad-9c5a-447b-b545-333a3cb7e193@group-8DB8E933025C: set firstElectionSinceStartup to false for REJECTED
2024-06-12 17:08:10,151 [grpc-default-executor-3] INFO  server.RaftServer$Division (RaftServerImpl.java:requestVote(1389)) - 92e0ccad-9c5a-447b-b545-333a3cb7e193@group-06C4850D5BE6: receive requestVote(ELECTION, 691380cd-fa1e-45b9-9936-538793566ee4, group-06C4850D5BE6, 1, (t:0, i:0))
2024-06-12 17:08:10,152 [691380cd-fa1e-45b9-9936-538793566ee4@group-8DB8E933025C-FollowerState] INFO  server.RaftServerConfigKeys (ConfUtils.java:logFallback(53)) - raft.server.rpc.first-election.timeout.min = 5s (fallback to raft.server.rpc.timeout.min)
2024-06-12 17:08:10,152 [691380cd-fa1e-45b9-9936-538793566ee4@group-8DB8E933025C-FollowerState] INFO  server.RaftServerConfigKeys (ConfUtils.java:logFallback(53)) - raft.server.rpc.first-election.timeout.max = 5200ms (fallback to raft.server.rpc.timeout.max)
2024-06-12 17:08:10,152 [grpc-default-executor-3] INFO  impl.VoteContext (VoteContext.java:log(49)) - 92e0ccad-9c5a-447b-b545-333a3cb7e193@group-06C4850D5BE6-FOLLOWER: accept ELECTION from 691380cd-fa1e-45b9-9936-538793566ee4: our priority 0 <= candidate's priority 1
2024-06-12 17:08:10,152 [grpc-default-executor-3] INFO  server.RaftServer$Division (RaftServerImpl.java:setRole(383)) - 92e0ccad-9c5a-447b-b545-333a3cb7e193@group-06C4850D5BE6: changes role from  FOLLOWER to FOLLOWER at term 1 for candidate:691380cd-fa1e-45b9-9936-538793566ee4
2024-06-12 17:08:10,152 [grpc-default-executor-3] INFO  impl.RoleInfo (RoleInfo.java:shutdownFollowerState(110)) - 92e0ccad-9c5a-447b-b545-333a3cb7e193: shutdown 92e0ccad-9c5a-447b-b545-333a3cb7e193@group-06C4850D5BE6-FollowerState
2024-06-12 17:08:10,152 [92e0ccad-9c5a-447b-b545-333a3cb7e193@group-06C4850D5BE6-FollowerState] INFO  impl.FollowerState (FollowerState.java:run(152)) - 92e0ccad-9c5a-447b-b545-333a3cb7e193@group-06C4850D5BE6-FollowerState was interrupted
2024-06-12 17:08:10,152 [grpc-default-executor-3] INFO  impl.RoleInfo (RoleInfo.java:updateAndGet(139)) - 92e0ccad-9c5a-447b-b545-333a3cb7e193: start 92e0ccad-9c5a-447b-b545-333a3cb7e193@group-06C4850D5BE6-FollowerState
2024-06-12 17:08:10,153 [691380cd-fa1e-45b9-9936-538793566ee4@group-06C4850D5BE6-LeaderElection21] INFO  server.RaftServerConfigKeys (ConfUtils.java:logFallback(53)) - raft.server.rpc.first-election.timeout.min = 5s (fallback to raft.server.rpc.timeout.min)
2024-06-12 17:08:10,153 [691380cd-fa1e-45b9-9936-538793566ee4@group-06C4850D5BE6-LeaderElection21] INFO  server.RaftServerConfigKeys (ConfUtils.java:logFallback(53)) - raft.server.rpc.first-election.timeout.max = 5200ms (fallback to raft.server.rpc.timeout.max)
2024-06-12 17:08:10,155 [691380cd-fa1e-45b9-9936-538793566ee4-server-thread1] INFO  ratis.XceiverServerRatis (XceiverServerRatis.java:handleLeaderChangedNotification(966)) - Leader change notification received for group: group-16F1E0710B8C with new leaderId: 92e0ccad-9c5a-447b-b545-333a3cb7e193
2024-06-12 17:08:10,155 [691380cd-fa1e-45b9-9936-538793566ee4-server-thread1] INFO  server.RaftServer$Division (ServerState.java:setLeader(269)) - 691380cd-fa1e-45b9-9936-538793566ee4@group-16F1E0710B8C: change Leader from null to 92e0ccad-9c5a-447b-b545-333a3cb7e193 at term 1 for appendEntries, leader elected after 5267ms
2024-06-12 17:08:10,156 [691380cd-fa1e-45b9-9936-538793566ee4-server-thread2] INFO  server.RaftServer$Division (ServerState.java:setRaftConf(386)) - 691380cd-fa1e-45b9-9936-538793566ee4@group-16F1E0710B8C: set configuration 0: peers:[92e0ccad-9c5a-447b-b545-333a3cb7e193|127.0.0.1:15085, 691380cd-fa1e-45b9-9936-538793566ee4|127.0.0.1:15067, f3fc0661-daf3-46cc-b6b9-cf28bd2102cf|127.0.0.1:15076]|listeners:[], old=null
2024-06-12 17:08:10,156 [691380cd-fa1e-45b9-9936-538793566ee4-server-thread2] INFO  segmented.SegmentedRaftLogWorker (SegmentedRaftLogWorker.java:startLogSegment(430)) - 691380cd-fa1e-45b9-9936-538793566ee4@group-16F1E0710B8C-SegmentedRaftLogWorker: Starting segment from index:0
2024-06-12 17:08:10,156 [691380cd-fa1e-45b9-9936-538793566ee4@group-16F1E0710B8C-SegmentedRaftLogWorker] INFO  segmented.BufferedWriteChannel (BufferedWriteChannel.java:open(62)) - open log_inprogress_0 at position 0
2024-06-12 17:08:10,162 [main] INFO  rpc.RpcClient (RpcClient.java:createVolume(473)) - Creating Volume: testblockoutputstream, with runner as owner and space quota set to -1 bytes, counts quota set to -1
2024-06-12 17:08:10,164 [691380cd-fa1e-45b9-9936-538793566ee4@group-16F1E0710B8C-SegmentedRaftLogWorker] INFO  segmented.SegmentedRaftLogWorker (SegmentedRaftLogWorker.java:execute(634)) - 691380cd-fa1e-45b9-9936-538793566ee4@group-16F1E0710B8C-SegmentedRaftLogWorker: created new log segment /home/runner/work/ozone/ozone/hadoop-ozone/integration-test/target/test-dir/MiniOzoneClusterImpl-0353e991-6c3e-4832-95ff-5850d237b4c9/ozone-meta/datanode-1/ratis/17d09cab-d0cf-4e70-b251-16f1e0710b8c/current/log_inprogress_0
2024-06-12 17:08:10,168 [grpc-default-executor-3] INFO  server.RaftServer$Division (RaftServerImpl.java:setFirstElection(574)) - 92e0ccad-9c5a-447b-b545-333a3cb7e193@group-06C4850D5BE6: set firstElectionSinceStartup to false for candidate:691380cd-fa1e-45b9-9936-538793566ee4
2024-06-12 17:08:10,169 [f3fc0661-daf3-46cc-b6b9-cf28bd2102cf-server-thread1] INFO  ratis.XceiverServerRatis (XceiverServerRatis.java:handleLeaderChangedNotification(966)) - Leader change notification received for group: group-16F1E0710B8C with new leaderId: 92e0ccad-9c5a-447b-b545-333a3cb7e193
2024-06-12 17:08:10,169 [grpc-default-executor-3] INFO  server.RaftServer$Division (RaftServerImpl.java:requestVote(1422)) - 92e0ccad-9c5a-447b-b545-333a3cb7e193@group-06C4850D5BE6 replies to ELECTION vote request: 691380cd-fa1e-45b9-9936-538793566ee4<-92e0ccad-9c5a-447b-b545-333a3cb7e193#0:OK-t1. Peer's state: 92e0ccad-9c5a-447b-b545-333a3cb7e193@group-06C4850D5BE6:t1, leader=null, voted=691380cd-fa1e-45b9-9936-538793566ee4, raftlog=Memoized:92e0ccad-9c5a-447b-b545-333a3cb7e193@group-06C4850D5BE6-SegmentedRaftLog:OPENED:c-1, conf=-1: peers:[92e0ccad-9c5a-447b-b545-333a3cb7e193|127.0.0.1:15085, 691380cd-fa1e-45b9-9936-538793566ee4|127.0.0.1:15067, f3fc0661-daf3-46cc-b6b9-cf28bd2102cf|127.0.0.1:15076]|listeners:[], old=null
2024-06-12 17:08:10,170 [f3fc0661-daf3-46cc-b6b9-cf28bd2102cf-server-thread1] INFO  server.RaftServer$Division (ServerState.java:setLeader(269)) - f3fc0661-daf3-46cc-b6b9-cf28bd2102cf@group-16F1E0710B8C: change Leader from null to 92e0ccad-9c5a-447b-b545-333a3cb7e193 at term 1 for appendEntries, leader elected after 5223ms
2024-06-12 17:08:10,172 [f3fc0661-daf3-46cc-b6b9-cf28bd2102cf@group-06C4850D5BE6-FollowerState] INFO  server.RaftServerConfigKeys (ConfUtils.java:logFallback(53)) - raft.server.rpc.first-election.timeout.min = 5s (fallback to raft.server.rpc.timeout.min)
2024-06-12 17:08:10,172 [f3fc0661-daf3-46cc-b6b9-cf28bd2102cf@group-06C4850D5BE6-FollowerState] INFO  server.RaftServerConfigKeys (ConfUtils.java:logFallback(53)) - raft.server.rpc.first-election.timeout.max = 5200ms (fallback to raft.server.rpc.timeout.max)
2024-06-12 17:08:10,174 [grpc-default-executor-4] INFO  server.RaftServer$Division (RaftServerImpl.java:requestVote(1389)) - f3fc0661-daf3-46cc-b6b9-cf28bd2102cf@group-06C4850D5BE6: receive requestVote(ELECTION, 691380cd-fa1e-45b9-9936-538793566ee4, group-06C4850D5BE6, 1, (t:0, i:0))
2024-06-12 17:08:10,174 [grpc-default-executor-4] INFO  impl.VoteContext (VoteContext.java:log(49)) - f3fc0661-daf3-46cc-b6b9-cf28bd2102cf@group-06C4850D5BE6-FOLLOWER: accept ELECTION from 691380cd-fa1e-45b9-9936-538793566ee4: our priority 0 <= candidate's priority 1
2024-06-12 17:08:10,174 [grpc-default-executor-4] INFO  server.RaftServer$Division (RaftServerImpl.java:setRole(383)) - f3fc0661-daf3-46cc-b6b9-cf28bd2102cf@group-06C4850D5BE6: changes role from  FOLLOWER to FOLLOWER at term 1 for candidate:691380cd-fa1e-45b9-9936-538793566ee4
2024-06-12 17:08:10,174 [grpc-default-executor-4] INFO  impl.RoleInfo (RoleInfo.java:shutdownFollowerState(110)) - f3fc0661-daf3-46cc-b6b9-cf28bd2102cf: shutdown f3fc0661-daf3-46cc-b6b9-cf28bd2102cf@group-06C4850D5BE6-FollowerState
2024-06-12 17:08:10,175 [f3fc0661-daf3-46cc-b6b9-cf28bd2102cf@group-06C4850D5BE6-FollowerState] INFO  impl.FollowerState (FollowerState.java:run(152)) - f3fc0661-daf3-46cc-b6b9-cf28bd2102cf@group-06C4850D5BE6-FollowerState was interrupted
2024-06-12 17:08:10,175 [grpc-default-executor-4] INFO  impl.RoleInfo (RoleInfo.java:updateAndGet(139)) - f3fc0661-daf3-46cc-b6b9-cf28bd2102cf: start f3fc0661-daf3-46cc-b6b9-cf28bd2102cf@group-06C4850D5BE6-FollowerState
2024-06-12 17:08:10,176 [92e0ccad-9c5a-447b-b545-333a3cb7e193@group-16F1E0710B8C-StateMachineUpdater] INFO  server.RaftServer$Division (LeaderStateImpl.java:isApplied(320)) - leader is ready since appliedIndex == 0 >= startIndex == 0
2024-06-12 17:08:10,178 [691380cd-fa1e-45b9-9936-538793566ee4@group-06C4850D5BE6-LeaderElection21] INFO  impl.LeaderElection (LeaderElection.java:logAndReturn(89)) - 691380cd-fa1e-45b9-9936-538793566ee4@group-06C4850D5BE6-LeaderElection21: ELECTION PASSED received 1 response(s) and 0 exception(s):
2024-06-12 17:08:10,178 [691380cd-fa1e-45b9-9936-538793566ee4@group-06C4850D5BE6-LeaderElection21] INFO  impl.LeaderElection (LeaderElection.java:logAndReturn(93)) -   Response 0: 691380cd-fa1e-45b9-9936-538793566ee4<-92e0ccad-9c5a-447b-b545-333a3cb7e193#0:OK-t1
2024-06-12 17:08:10,178 [691380cd-fa1e-45b9-9936-538793566ee4@group-06C4850D5BE6-LeaderElection21] INFO  impl.LeaderElection (LeaderElection.java:askForVotes(323)) - 691380cd-fa1e-45b9-9936-538793566ee4@group-06C4850D5BE6-LeaderElection21 ELECTION round 0: result PASSED
2024-06-12 17:08:10,178 [691380cd-fa1e-45b9-9936-538793566ee4@group-06C4850D5BE6-LeaderElection21] INFO  impl.RoleInfo (RoleInfo.java:shutdownLeaderElection(130)) - 691380cd-fa1e-45b9-9936-538793566ee4: shutdown 691380cd-fa1e-45b9-9936-538793566ee4@group-06C4850D5BE6-LeaderElection21
2024-06-12 17:08:10,178 [691380cd-fa1e-45b9-9936-538793566ee4@group-06C4850D5BE6-LeaderElection21] INFO  server.RaftServer$Division (RaftServerImpl.java:setRole(383)) - 691380cd-fa1e-45b9-9936-538793566ee4@group-06C4850D5BE6: changes role from CANDIDATE to LEADER at term 1 for changeToLeader
2024-06-12 17:08:10,178 [691380cd-fa1e-45b9-9936-538793566ee4@group-06C4850D5BE6-LeaderElection21] INFO  server.RaftServerConfigKeys (ConfUtils.java:logGet(46)) - raft.server.staging.catchup.gap = 1000 (default)
2024-06-12 17:08:10,179 [691380cd-fa1e-45b9-9936-538793566ee4@group-06C4850D5BE6-LeaderElection21] INFO  server.RaftServerConfigKeys (ConfUtils.java:logGet(46)) - raft.server.write.element-limit = 1024 (custom)
2024-06-12 17:08:10,179 [691380cd-fa1e-45b9-9936-538793566ee4@group-06C4850D5BE6-LeaderElection21] INFO  server.RaftServerConfigKeys (ConfUtils.java:logGet(46)) - raft.server.write.byte-limit = 1024 M (=1073741824) (custom)
2024-06-12 17:08:10,179 [691380cd-fa1e-45b9-9936-538793566ee4@group-06C4850D5BE6-LeaderElection21] INFO  server.RaftServerConfigKeys (ConfUtils.java:logGet(46)) - raft.server.watch.timeout = 3000ms (custom)
2024-06-12 17:08:10,179 [691380cd-fa1e-45b9-9936-538793566ee4@group-06C4850D5BE6-LeaderElection21] INFO  server.RaftServerConfigKeys (ConfUtils.java:logGet(46)) - raft.server.watch.timeout.denomination = 1s (default)
2024-06-12 17:08:10,179 [691380cd-fa1e-45b9-9936-538793566ee4@group-06C4850D5BE6-LeaderElection21] INFO  server.RaftServerConfigKeys (ConfUtils.java:logGet(46)) - raft.server.watch.element-limit = 65536 (default)
2024-06-12 17:08:10,179 [691380cd-fa1e-45b9-9936-538793566ee4@group-06C4850D5BE6-LeaderElection21] INFO  server.RaftServerConfigKeys (ConfUtils.java:logGet(46)) - raft.server.read.leader.lease.enabled = false (default)
2024-06-12 17:08:10,179 [691380cd-fa1e-45b9-9936-538793566ee4@group-06C4850D5BE6-LeaderElection21] INFO  server.RaftServerConfigKeys (ConfUtils.java:logGet(46)) - raft.server.read.leader.lease.timeout.ratio = 0.9 (default)
2024-06-12 17:08:10,179 [691380cd-fa1e-45b9-9936-538793566ee4@group-06C4850D5BE6-LeaderElection21] INFO  server.RaftServerConfigKeys (ConfUtils.java:logGet(46)) - raft.server.rpc.timeout.min = 5s (custom)
2024-06-12 17:08:10,179 [691380cd-fa1e-45b9-9936-538793566ee4@group-06C4850D5BE6-LeaderElection21] INFO  server.RaftServerConfigKeys (ConfUtils.java:logGet(46)) - raft.server.write.element-limit = 1024 (custom)
2024-06-12 17:08:10,179 [691380cd-fa1e-45b9-9936-538793566ee4@group-06C4850D5BE6-LeaderElection21] INFO  server.RaftServerConfigKeys (ConfUtils.java:logGet(46)) - raft.server.write.follower.gap.ratio.max = -1.0 (default)
2024-06-12 17:08:10,180 [691380cd-fa1e-45b9-9936-538793566ee4@group-06C4850D5BE6-LeaderElection21] INFO  server.RaftServerConfigKeys (ConfUtils.java:logGet(46)) - raft.server.log.appender.snapshot.chunk.size.max = 16MB (=16777216) (default)
2024-06-12 17:08:10,180 [691380cd-fa1e-45b9-9936-538793566ee4@group-06C4850D5BE6-LeaderElection21] INFO  server.RaftServerConfigKeys (ConfUtils.java:logGet(46)) - raft.server.log.appender.buffer.byte-limit = 8388608 (custom)
2024-06-12 17:08:10,180 [691380cd-fa1e-45b9-9936-538793566ee4@group-06C4850D5BE6-LeaderElection21] INFO  server.RaftServerConfigKeys (ConfUtils.java:logGet(46)) - raft.server.log.appender.buffer.element-limit = 1024 (custom)
2024-06-12 17:08:10,180 [691380cd-fa1e-45b9-9936-538793566ee4@group-06C4850D5BE6-LeaderElection21] INFO  server.RaftServerConfigKeys (ConfUtils.java:logGet(46)) - raft.server.log.appender.wait-time.min = 0ms (custom)
2024-06-12 17:08:10,180 [691380cd-fa1e-45b9-9936-538793566ee4@group-06C4850D5BE6-LeaderElection21] INFO  grpc.GrpcConfigKeys (ConfUtils.java:logGet(46)) - raft.grpc.server.leader.outstanding.appends.max = 8 (default)
2024-06-12 17:08:10,180 [691380cd-fa1e-45b9-9936-538793566ee4@group-06C4850D5BE6-LeaderElection21] INFO  server.RaftServerConfigKeys (ConfUtils.java:logGet(46)) - raft.server.rpc.request.timeout = 3000ms (default)
2024-06-12 17:08:10,180 [691380cd-fa1e-45b9-9936-538793566ee4@group-06C4850D5BE6-LeaderElection21] INFO  grpc.GrpcConfigKeys (ConfUtils.java:logGet(46)) - raft.grpc.server.install_snapshot.request.element-limit = 8 (default)
2024-06-12 17:08:10,180 [691380cd-fa1e-45b9-9936-538793566ee4@group-06C4850D5BE6-LeaderElection21] INFO  grpc.GrpcConfigKeys (ConfUtils.java:logGet(46)) - raft.grpc.server.install_snapshot.request.timeout = 3000ms (default)
2024-06-12 17:08:10,180 [691380cd-fa1e-45b9-9936-538793566ee4@group-06C4850D5BE6-LeaderElection21] INFO  grpc.GrpcConfigKeys (ConfUtils.java:logGet(46)) - raft.grpc.server.log-message.batch.duration = 5s (default)
2024-06-12 17:08:10,180 [691380cd-fa1e-45b9-9936-538793566ee4@group-06C4850D5BE6-LeaderElection21] INFO  server.RaftServerConfigKeys (ConfUtils.java:logGet(46)) - raft.server.log.appender.install.snapshot.enabled = false (custom)
2024-06-12 17:08:10,180 [691380cd-fa1e-45b9-9936-538793566ee4@group-06C4850D5BE6-LeaderElection21] INFO  grpc.GrpcConfigKeys (ConfUtils.java:logGet(46)) - raft.grpc.server.heartbeat.channel = true (default)
2024-06-12 17:08:10,181 [691380cd-fa1e-45b9-9936-538793566ee4@group-06C4850D5BE6-LeaderElection21] INFO  server.RaftServerConfigKeys (ConfUtils.java:logGet(46)) - raft.server.log.appender.snapshot.chunk.size.max = 16MB (=16777216) (default)
2024-06-12 17:08:10,181 [691380cd-fa1e-45b9-9936-538793566ee4@group-06C4850D5BE6-LeaderElection21] INFO  server.RaftServerConfigKeys (ConfUtils.java:logGet(46)) - raft.server.log.appender.buffer.byte-limit = 8388608 (custom)
2024-06-12 17:08:10,181 [691380cd-fa1e-45b9-9936-538793566ee4@group-06C4850D5BE6-LeaderElection21] INFO  server.RaftServerConfigKeys (ConfUtils.java:logGet(46)) - raft.server.log.appender.buffer.element-limit = 1024 (custom)
2024-06-12 17:08:10,181 [691380cd-fa1e-45b9-9936-538793566ee4@group-06C4850D5BE6-LeaderElection21] INFO  server.RaftServerConfigKeys (ConfUtils.java:logGet(46)) - raft.server.log.appender.wait-time.min = 0ms (custom)
2024-06-12 17:08:10,181 [691380cd-fa1e-45b9-9936-538793566ee4@group-06C4850D5BE6-LeaderElection21] INFO  grpc.GrpcConfigKeys (ConfUtils.java:logGet(46)) - raft.grpc.server.leader.outstanding.appends.max = 8 (default)
2024-06-12 17:08:10,181 [691380cd-fa1e-45b9-9936-538793566ee4@group-06C4850D5BE6-LeaderElection21] INFO  server.RaftServerConfigKeys (ConfUtils.java:logGet(46)) - raft.server.rpc.request.timeout = 3000ms (default)
2024-06-12 17:08:10,181 [691380cd-fa1e-45b9-9936-538793566ee4@group-06C4850D5BE6-LeaderElection21] INFO  grpc.GrpcConfigKeys (ConfUtils.java:logGet(46)) - raft.grpc.server.install_snapshot.request.element-limit = 8 (default)
2024-06-12 17:08:10,181 [691380cd-fa1e-45b9-9936-538793566ee4@group-06C4850D5BE6-LeaderElection21] INFO  grpc.GrpcConfigKeys (ConfUtils.java:logGet(46)) - raft.grpc.server.install_snapshot.request.timeout = 3000ms (default)
2024-06-12 17:08:10,182 [691380cd-fa1e-45b9-9936-538793566ee4@group-06C4850D5BE6-LeaderElection21] INFO  grpc.GrpcConfigKeys (ConfUtils.java:logGet(46)) - raft.grpc.server.log-message.batch.duration = 5s (default)
2024-06-12 17:08:10,182 [691380cd-fa1e-45b9-9936-538793566ee4@group-06C4850D5BE6-LeaderElection21] INFO  server.RaftServerConfigKeys (ConfUtils.java:logGet(46)) - raft.server.log.appender.install.snapshot.enabled = false (custom)
2024-06-12 17:08:10,182 [691380cd-fa1e-45b9-9936-538793566ee4@group-06C4850D5BE6-LeaderElection21] INFO  grpc.GrpcConfigKeys (ConfUtils.java:logGet(46)) - raft.grpc.server.heartbeat.channel = true (default)
2024-06-12 17:08:10,182 [691380cd-fa1e-45b9-9936-538793566ee4@group-06C4850D5BE6-LeaderElection21] INFO  impl.RoleInfo (RoleInfo.java:updateAndGet(139)) - 691380cd-fa1e-45b9-9936-538793566ee4: start 691380cd-fa1e-45b9-9936-538793566ee4@group-06C4850D5BE6-LeaderStateImpl
2024-06-12 17:08:10,182 [691380cd-fa1e-45b9-9936-538793566ee4@group-06C4850D5BE6-LeaderElection21] INFO  server.RaftServer$Division (RaftServerImpl.java:setFirstElection(574)) - 691380cd-fa1e-45b9-9936-538793566ee4@group-06C4850D5BE6: set firstElectionSinceStartup to false for becomeLeader
2024-06-12 17:08:10,182 [691380cd-fa1e-45b9-9936-538793566ee4@group-06C4850D5BE6-LeaderElection21] INFO  ratis.XceiverServerRatis (XceiverServerRatis.java:handleLeaderChangedNotification(966)) - Leader change notification received for group: group-06C4850D5BE6 with new leaderId: 691380cd-fa1e-45b9-9936-538793566ee4
2024-06-12 17:08:10,182 [691380cd-fa1e-45b9-9936-538793566ee4@group-06C4850D5BE6-LeaderElection21] INFO  server.RaftServer$Division (ServerState.java:setLeader(269)) - 691380cd-fa1e-45b9-9936-538793566ee4@group-06C4850D5BE6: change Leader from null to 691380cd-fa1e-45b9-9936-538793566ee4 at term 1 for becomeLeader, leader elected after 5158ms
2024-06-12 17:08:10,183 [691380cd-fa1e-45b9-9936-538793566ee4@group-06C4850D5BE6-LeaderElection21] INFO  segmented.SegmentedRaftLogWorker (SegmentedRaftLogWorker.java:startLogSegment(430)) - 691380cd-fa1e-45b9-9936-538793566ee4@group-06C4850D5BE6-SegmentedRaftLogWorker: Starting segment from index:0
2024-06-12 17:08:10,183 [691380cd-fa1e-45b9-9936-538793566ee4@group-06C4850D5BE6-LeaderElection21] INFO  server.RaftServer$Division (ServerState.java:setRaftConf(386)) - 691380cd-fa1e-45b9-9936-538793566ee4@group-06C4850D5BE6: set configuration 0: peers:[92e0ccad-9c5a-447b-b545-333a3cb7e193|127.0.0.1:15085, 691380cd-fa1e-45b9-9936-538793566ee4|127.0.0.1:15067, f3fc0661-daf3-46cc-b6b9-cf28bd2102cf|127.0.0.1:15076]|listeners:[], old=null
2024-06-12 17:08:10,183 [691380cd-fa1e-45b9-9936-538793566ee4@group-06C4850D5BE6-SegmentedRaftLogWorker] INFO  segmented.BufferedWriteChannel (BufferedWriteChannel.java:open(62)) - open log_inprogress_0 at position 0
2024-06-12 17:08:10,185 [EventQueue-PipelineReportForPipelineReportHandler] INFO  pipeline.PipelineReportHandler (PipelineReportHandler.java:processPipelineReport(136)) - Opened pipeline PipelineID=ca4914a1-8eb5-4970-ac5d-06c4850d5be6
2024-06-12 17:08:10,190 [grpc-default-executor-4] INFO  server.RaftServer$Division (RaftServerImpl.java:setFirstElection(574)) - f3fc0661-daf3-46cc-b6b9-cf28bd2102cf@group-06C4850D5BE6: set firstElectionSinceStartup to false for candidate:691380cd-fa1e-45b9-9936-538793566ee4
2024-06-12 17:08:10,191 [691380cd-fa1e-45b9-9936-538793566ee4@group-06C4850D5BE6-SegmentedRaftLogWorker] INFO  segmented.SegmentedRaftLogWorker (SegmentedRaftLogWorker.java:execute(634)) - 691380cd-fa1e-45b9-9936-538793566ee4@group-06C4850D5BE6-SegmentedRaftLogWorker: created new log segment /home/runner/work/ozone/ozone/hadoop-ozone/integration-test/target/test-dir/MiniOzoneClusterImpl-0353e991-6c3e-4832-95ff-5850d237b4c9/ozone-meta/datanode-1/ratis/ca4914a1-8eb5-4970-ac5d-06c4850d5be6/current/log_inprogress_0
2024-06-12 17:08:10,192 [grpc-default-executor-4] INFO  server.RaftServer$Division (RaftServerImpl.java:requestVote(1422)) - f3fc0661-daf3-46cc-b6b9-cf28bd2102cf@group-06C4850D5BE6 replies to ELECTION vote request: 691380cd-fa1e-45b9-9936-538793566ee4<-f3fc0661-daf3-46cc-b6b9-cf28bd2102cf#0:OK-t1. Peer's state: f3fc0661-daf3-46cc-b6b9-cf28bd2102cf@group-06C4850D5BE6:t1, leader=null, voted=691380cd-fa1e-45b9-9936-538793566ee4, raftlog=Memoized:f3fc0661-daf3-46cc-b6b9-cf28bd2102cf@group-06C4850D5BE6-SegmentedRaftLog:OPENED:c-1, conf=-1: peers:[92e0ccad-9c5a-447b-b545-333a3cb7e193|127.0.0.1:15085, 691380cd-fa1e-45b9-9936-538793566ee4|127.0.0.1:15067, f3fc0661-daf3-46cc-b6b9-cf28bd2102cf|127.0.0.1:15076]|listeners:[], old=null
2024-06-12 17:08:10,193 [f3fc0661-daf3-46cc-b6b9-cf28bd2102cf-server-thread3] INFO  server.RaftServer$Division (ServerState.java:setRaftConf(386)) - f3fc0661-daf3-46cc-b6b9-cf28bd2102cf@group-16F1E0710B8C: set configuration 0: peers:[92e0ccad-9c5a-447b-b545-333a3cb7e193|127.0.0.1:15085, 691380cd-fa1e-45b9-9936-538793566ee4|127.0.0.1:15067, f3fc0661-daf3-46cc-b6b9-cf28bd2102cf|127.0.0.1:15076]|listeners:[], old=null
2024-06-12 17:08:10,194 [f3fc0661-daf3-46cc-b6b9-cf28bd2102cf-server-thread3] INFO  segmented.SegmentedRaftLogWorker (SegmentedRaftLogWorker.java:startLogSegment(430)) - f3fc0661-daf3-46cc-b6b9-cf28bd2102cf@group-16F1E0710B8C-SegmentedRaftLogWorker: Starting segment from index:0
2024-06-12 17:08:10,194 [f3fc0661-daf3-46cc-b6b9-cf28bd2102cf@group-16F1E0710B8C-SegmentedRaftLogWorker] INFO  segmented.BufferedWriteChannel (BufferedWriteChannel.java:open(62)) - open log_inprogress_0 at position 0
2024-06-12 17:08:10,202 [f3fc0661-daf3-46cc-b6b9-cf28bd2102cf@group-16F1E0710B8C-SegmentedRaftLogWorker] INFO  segmented.SegmentedRaftLogWorker (SegmentedRaftLogWorker.java:execute(634)) - f3fc0661-daf3-46cc-b6b9-cf28bd2102cf@group-16F1E0710B8C-SegmentedRaftLogWorker: created new log segment /home/runner/work/ozone/ozone/hadoop-ozone/integration-test/target/test-dir/MiniOzoneClusterImpl-0353e991-6c3e-4832-95ff-5850d237b4c9/ozone-meta/datanode-2/ratis/17d09cab-d0cf-4e70-b251-16f1e0710b8c/current/log_inprogress_0
2024-06-12 17:08:10,203 [om1-OMStateMachineApplyTransactionThread - 0] INFO  volume.OMVolumeCreateRequest (OMVolumeCreateRequest.java:validateAndUpdateCache(198)) - created volume:testblockoutputstream for user:runner
2024-06-12 17:08:10,206 [f3fc0661-daf3-46cc-b6b9-cf28bd2102cf@group-8DB8E933025C-FollowerState] INFO  impl.FollowerState (FollowerState.java:run(143)) - f3fc0661-daf3-46cc-b6b9-cf28bd2102cf@group-8DB8E933025C-FollowerState: change to CANDIDATE, lastRpcElapsedTime:5074782393ns, electionTimeout:5062ms
2024-06-12 17:08:10,206 [f3fc0661-daf3-46cc-b6b9-cf28bd2102cf@group-8DB8E933025C-FollowerState] INFO  impl.RoleInfo (RoleInfo.java:shutdownFollowerState(110)) - f3fc0661-daf3-46cc-b6b9-cf28bd2102cf: shutdown f3fc0661-daf3-46cc-b6b9-cf28bd2102cf@group-8DB8E933025C-FollowerState
2024-06-12 17:08:10,206 [f3fc0661-daf3-46cc-b6b9-cf28bd2102cf@group-8DB8E933025C-FollowerState] INFO  server.RaftServer$Division (RaftServerImpl.java:setRole(383)) - f3fc0661-daf3-46cc-b6b9-cf28bd2102cf@group-8DB8E933025C: changes role from  FOLLOWER to CANDIDATE at term 0 for changeToCandidate
2024-06-12 17:08:10,206 [f3fc0661-daf3-46cc-b6b9-cf28bd2102cf@group-8DB8E933025C-FollowerState] INFO  server.RaftServerConfigKeys (ConfUtils.java:logGet(46)) - raft.server.leaderelection.pre-vote = true (default)
2024-06-12 17:08:10,206 [f3fc0661-daf3-46cc-b6b9-cf28bd2102cf@group-8DB8E933025C-FollowerState] INFO  impl.RoleInfo (RoleInfo.java:updateAndGet(139)) - f3fc0661-daf3-46cc-b6b9-cf28bd2102cf: start f3fc0661-daf3-46cc-b6b9-cf28bd2102cf@group-8DB8E933025C-LeaderElection22
2024-06-12 17:08:10,207 [main] INFO  rpc.RpcClient (RpcClient.java:createBucket(699)) - Creating Bucket: testblockoutputstream/testblockoutputstream, with server-side default bucket layout, runner as owner, Versioning false, Storage Type set to DISK and Encryption set to false, Replication Type set to server-side default replication type, Namespace Quota set to -1, Space Quota set to -1 
2024-06-12 17:08:10,214 [om1-OMStateMachineApplyTransactionThread - 0] INFO  bucket.OMBucketCreateRequest (OMBucketCreateRequest.java:validateAndUpdateCache(293)) - created bucket: testblockoutputstream of layout FILE_SYSTEM_OPTIMIZED in volume: testblockoutputstream
2024-06-12 17:08:10,223 [f3fc0661-daf3-46cc-b6b9-cf28bd2102cf-server-thread2] INFO  ratis.XceiverServerRatis (XceiverServerRatis.java:handleLeaderChangedNotification(966)) - Leader change notification received for group: group-06C4850D5BE6 with new leaderId: 691380cd-fa1e-45b9-9936-538793566ee4
2024-06-12 17:08:10,223 [f3fc0661-daf3-46cc-b6b9-cf28bd2102cf-server-thread2] INFO  server.RaftServer$Division (ServerState.java:setLeader(269)) - f3fc0661-daf3-46cc-b6b9-cf28bd2102cf@group-06C4850D5BE6: change Leader from null to 691380cd-fa1e-45b9-9936-538793566ee4 at term 1 for appendEntries, leader elected after 5273ms
2024-06-12 17:08:10,224 [f3fc0661-daf3-46cc-b6b9-cf28bd2102cf-server-thread2] INFO  server.RaftServer$Division (ServerState.java:setRaftConf(386)) - f3fc0661-daf3-46cc-b6b9-cf28bd2102cf@group-06C4850D5BE6: set configuration 0: peers:[92e0ccad-9c5a-447b-b545-333a3cb7e193|127.0.0.1:15085, 691380cd-fa1e-45b9-9936-538793566ee4|127.0.0.1:15067, f3fc0661-daf3-46cc-b6b9-cf28bd2102cf|127.0.0.1:15076]|listeners:[], old=null
2024-06-12 17:08:10,224 [f3fc0661-daf3-46cc-b6b9-cf28bd2102cf-server-thread2] INFO  segmented.SegmentedRaftLogWorker (SegmentedRaftLogWorker.java:startLogSegment(430)) - f3fc0661-daf3-46cc-b6b9-cf28bd2102cf@group-06C4850D5BE6-SegmentedRaftLogWorker: Starting segment from index:0
2024-06-12 17:08:10,224 [f3fc0661-daf3-46cc-b6b9-cf28bd2102cf@group-06C4850D5BE6-SegmentedRaftLogWorker] INFO  segmented.BufferedWriteChannel (BufferedWriteChannel.java:open(62)) - open log_inprogress_0 at position 0
2024-06-12 17:08:10,225 [74620180-03cc-4c6e-ac63-d0b12e96fe58@group-25DA7408936A-FollowerState] INFO  impl.FollowerState (FollowerState.java:run(143)) - 74620180-03cc-4c6e-ac63-d0b12e96fe58@group-25DA7408936A-FollowerState: change to CANDIDATE, lastRpcElapsedTime:5137829526ns, electionTimeout:5134ms
2024-06-12 17:08:10,225 [74620180-03cc-4c6e-ac63-d0b12e96fe58@group-25DA7408936A-FollowerState] INFO  impl.RoleInfo (RoleInfo.java:shutdownFollowerState(110)) - 74620180-03cc-4c6e-ac63-d0b12e96fe58: shutdown 74620180-03cc-4c6e-ac63-d0b12e96fe58@group-25DA7408936A-FollowerState
2024-06-12 17:08:10,225 [74620180-03cc-4c6e-ac63-d0b12e96fe58@group-25DA7408936A-FollowerState] INFO  server.RaftServer$Division (RaftServerImpl.java:setRole(383)) - 74620180-03cc-4c6e-ac63-d0b12e96fe58@group-25DA7408936A: changes role from  FOLLOWER to CANDIDATE at term 0 for changeToCandidate
2024-06-12 17:08:10,225 [74620180-03cc-4c6e-ac63-d0b12e96fe58@group-25DA7408936A-FollowerState] INFO  server.RaftServerConfigKeys (ConfUtils.java:logGet(46)) - raft.server.leaderelection.pre-vote = true (default)
2024-06-12 17:08:10,225 [74620180-03cc-4c6e-ac63-d0b12e96fe58@group-25DA7408936A-FollowerState] INFO  impl.RoleInfo (RoleInfo.java:updateAndGet(139)) - 74620180-03cc-4c6e-ac63-d0b12e96fe58: start 74620180-03cc-4c6e-ac63-d0b12e96fe58@group-25DA7408936A-LeaderElection23
2024-06-12 17:08:10,226 [92e0ccad-9c5a-447b-b545-333a3cb7e193-server-thread1] INFO  ratis.XceiverServerRatis (XceiverServerRatis.java:handleLeaderChangedNotification(966)) - Leader change notification received for group: group-06C4850D5BE6 with new leaderId: 691380cd-fa1e-45b9-9936-538793566ee4
2024-06-12 17:08:10,226 [92e0ccad-9c5a-447b-b545-333a3cb7e193-server-thread1] INFO  server.RaftServer$Division (ServerState.java:setLeader(269)) - 92e0ccad-9c5a-447b-b545-333a3cb7e193@group-06C4850D5BE6: change Leader from null to 691380cd-fa1e-45b9-9936-538793566ee4 at term 1 for appendEntries, leader elected after 5198ms
2024-06-12 17:08:10,230 [92e0ccad-9c5a-447b-b545-333a3cb7e193-server-thread2] INFO  server.RaftServer$Division (ServerState.java:setRaftConf(386)) - 92e0ccad-9c5a-447b-b545-333a3cb7e193@group-06C4850D5BE6: set configuration 0: peers:[92e0ccad-9c5a-447b-b545-333a3cb7e193|127.0.0.1:15085, 691380cd-fa1e-45b9-9936-538793566ee4|127.0.0.1:15067, f3fc0661-daf3-46cc-b6b9-cf28bd2102cf|127.0.0.1:15076]|listeners:[], old=null
2024-06-12 17:08:10,230 [92e0ccad-9c5a-447b-b545-333a3cb7e193-server-thread2] INFO  segmented.SegmentedRaftLogWorker (SegmentedRaftLogWorker.java:startLogSegment(430)) - 92e0ccad-9c5a-447b-b545-333a3cb7e193@group-06C4850D5BE6-SegmentedRaftLogWorker: Starting segment from index:0
2024-06-12 17:08:10,230 [92e0ccad-9c5a-447b-b545-333a3cb7e193@group-06C4850D5BE6-SegmentedRaftLogWorker] INFO  segmented.BufferedWriteChannel (BufferedWriteChannel.java:open(62)) - open log_inprogress_0 at position 0
2024-06-12 17:08:10,231 [f3fc0661-daf3-46cc-b6b9-cf28bd2102cf@group-06C4850D5BE6-SegmentedRaftLogWorker] INFO  segmented.SegmentedRaftLogWorker (SegmentedRaftLogWorker.java:execute(634)) - f3fc0661-daf3-46cc-b6b9-cf28bd2102cf@group-06C4850D5BE6-SegmentedRaftLogWorker: created new log segment /home/runner/work/ozone/ozone/hadoop-ozone/integration-test/target/test-dir/MiniOzoneClusterImpl-0353e991-6c3e-4832-95ff-5850d237b4c9/ozone-meta/datanode-2/ratis/ca4914a1-8eb5-4970-ac5d-06c4850d5be6/current/log_inprogress_0
2024-06-12 17:08:10,238 [f3fc0661-daf3-46cc-b6b9-cf28bd2102cf@group-8DB8E933025C-LeaderElection22] INFO  impl.LeaderElection (LeaderElection.java:askForVotes(321)) - f3fc0661-daf3-46cc-b6b9-cf28bd2102cf@group-8DB8E933025C-LeaderElection22 PRE_VOTE round 0: submit vote requests at term 0 for -1: peers:[92e0ccad-9c5a-447b-b545-333a3cb7e193|127.0.0.1:15085, 691380cd-fa1e-45b9-9936-538793566ee4|127.0.0.1:15067, f3fc0661-daf3-46cc-b6b9-cf28bd2102cf|127.0.0.1:15076]|listeners:[], old=null
2024-06-12 17:08:10,238 [74620180-03cc-4c6e-ac63-d0b12e96fe58@group-25DA7408936A-LeaderElection23] INFO  impl.LeaderElection (LeaderElection.java:askForVotes(321)) - 74620180-03cc-4c6e-ac63-d0b12e96fe58@group-25DA7408936A-LeaderElection23 PRE_VOTE round 0: submit vote requests at term 0 for -1: peers:[74620180-03cc-4c6e-ac63-d0b12e96fe58|127.0.0.1:15094]|listeners:[], old=null
2024-06-12 17:08:10,238 [74620180-03cc-4c6e-ac63-d0b12e96fe58@group-25DA7408936A-LeaderElection23] INFO  impl.LeaderElection (LeaderElection.java:askForVotes(323)) - 74620180-03cc-4c6e-ac63-d0b12e96fe58@group-25DA7408936A-LeaderElection23 PRE_VOTE round 0: result PASSED (term=0)
2024-06-12 17:08:10,240 [f3fc0661-daf3-46cc-b6b9-cf28bd2102cf@group-8DB8E933025C-LeaderElection22] INFO  server.RaftServerConfigKeys (ConfUtils.java:logFallback(53)) - raft.server.rpc.first-election.timeout.min = 5s (fallback to raft.server.rpc.timeout.min)
2024-06-12 17:08:10,240 [f3fc0661-daf3-46cc-b6b9-cf28bd2102cf@group-8DB8E933025C-LeaderElection22] INFO  server.RaftServerConfigKeys (ConfUtils.java:logFallback(53)) - raft.server.rpc.first-election.timeout.max = 5200ms (fallback to raft.server.rpc.timeout.max)
2024-06-12 17:08:10,240 [691380cd-fa1e-45b9-9936-538793566ee4@group-06C4850D5BE6-StateMachineUpdater] INFO  server.RaftServer$Division (LeaderStateImpl.java:isApplied(320)) - leader is ready since appliedIndex == 0 >= startIndex == 0
2024-06-12 17:08:10,240 [92e0ccad-9c5a-447b-b545-333a3cb7e193@group-06C4850D5BE6-SegmentedRaftLogWorker] INFO  segmented.SegmentedRaftLogWorker (SegmentedRaftLogWorker.java:execute(634)) - 92e0ccad-9c5a-447b-b545-333a3cb7e193@group-06C4850D5BE6-SegmentedRaftLogWorker: created new log segment /home/runner/work/ozone/ozone/hadoop-ozone/integration-test/target/test-dir/MiniOzoneClusterImpl-0353e991-6c3e-4832-95ff-5850d237b4c9/ozone-meta/datanode-3/ratis/ca4914a1-8eb5-4970-ac5d-06c4850d5be6/current/log_inprogress_0
2024-06-12 17:08:10,241 [74620180-03cc-4c6e-ac63-d0b12e96fe58@group-25DA7408936A-LeaderElection23] INFO  impl.LeaderElection (LeaderElection.java:askForVotes(321)) - 74620180-03cc-4c6e-ac63-d0b12e96fe58@group-25DA7408936A-LeaderElection23 ELECTION round 0: submit vote requests at term 1 for -1: peers:[74620180-03cc-4c6e-ac63-d0b12e96fe58|127.0.0.1:15094]|listeners:[], old=null
2024-06-12 17:08:10,241 [74620180-03cc-4c6e-ac63-d0b12e96fe58@group-25DA7408936A-LeaderElection23] INFO  impl.LeaderElection (LeaderElection.java:askForVotes(323)) - 74620180-03cc-4c6e-ac63-d0b12e96fe58@group-25DA7408936A-LeaderElection23 ELECTION round 0: result PASSED (term=1)
2024-06-12 17:08:10,241 [74620180-03cc-4c6e-ac63-d0b12e96fe58@group-25DA7408936A-LeaderElection23] INFO  impl.RoleInfo (RoleInfo.java:shutdownLeaderElection(130)) - 74620180-03cc-4c6e-ac63-d0b12e96fe58: shutdown 74620180-03cc-4c6e-ac63-d0b12e96fe58@group-25DA7408936A-LeaderElection23
2024-06-12 17:08:10,241 [74620180-03cc-4c6e-ac63-d0b12e96fe58@group-25DA7408936A-LeaderElection23] INFO  server.RaftServer$Division (RaftServerImpl.java:setRole(383)) - 74620180-03cc-4c6e-ac63-d0b12e96fe58@group-25DA7408936A: changes role from CANDIDATE to LEADER at term 1 for changeToLeader
2024-06-12 17:08:10,241 [74620180-03cc-4c6e-ac63-d0b12e96fe58@group-25DA7408936A-LeaderElection23] INFO  server.RaftServerConfigKeys (ConfUtils.java:logGet(46)) - raft.server.staging.catchup.gap = 1000 (default)
2024-06-12 17:08:10,241 [74620180-03cc-4c6e-ac63-d0b12e96fe58@group-25DA7408936A-LeaderElection23] INFO  server.RaftServerConfigKeys (ConfUtils.java:logGet(46)) - raft.server.write.element-limit = 1024 (custom)
2024-06-12 17:08:10,241 [74620180-03cc-4c6e-ac63-d0b12e96fe58@group-25DA7408936A-LeaderElection23] INFO  server.RaftServerConfigKeys (ConfUtils.java:logGet(46)) - raft.server.write.byte-limit = 1024 M (=1073741824) (custom)
2024-06-12 17:08:10,241 [f3fc0661-daf3-46cc-b6b9-cf28bd2102cf@group-8DB8E933025C-LeaderElection22-2] INFO  server.GrpcServerProtocolClient (GrpcServerProtocolClient.java:<init>(65)) - Build channel for 691380cd-fa1e-45b9-9936-538793566ee4|127.0.0.1:15067
2024-06-12 17:08:10,246 [f3fc0661-daf3-46cc-b6b9-cf28bd2102cf@group-8DB8E933025C-LeaderElection22-1] INFO  server.GrpcServerProtocolClient (GrpcServerProtocolClient.java:<init>(65)) - Build channel for 92e0ccad-9c5a-447b-b545-333a3cb7e193|127.0.0.1:15085
2024-06-12 17:08:10,249 [grpc-default-executor-3] INFO  server.RaftServer$Division (RaftServerImpl.java:requestVote(1389)) - 691380cd-fa1e-45b9-9936-538793566ee4@group-8DB8E933025C: receive requestVote(PRE_VOTE, f3fc0661-daf3-46cc-b6b9-cf28bd2102cf, group-8DB8E933025C, 0, (t:0, i:0))
2024-06-12 17:08:10,249 [grpc-default-executor-3] INFO  impl.VoteContext (VoteContext.java:log(49)) - 691380cd-fa1e-45b9-9936-538793566ee4@group-8DB8E933025C-FOLLOWER: accept PRE_VOTE from f3fc0661-daf3-46cc-b6b9-cf28bd2102cf: our priority 0 <= candidate's priority 1
2024-06-12 17:08:10,249 [grpc-default-executor-3] INFO  server.RaftServer$Division (RaftServerImpl.java:requestVote(1422)) - 691380cd-fa1e-45b9-9936-538793566ee4@group-8DB8E933025C replies to PRE_VOTE vote request: f3fc0661-daf3-46cc-b6b9-cf28bd2102cf<-691380cd-fa1e-45b9-9936-538793566ee4#0:OK-t0. Peer's state: 691380cd-fa1e-45b9-9936-538793566ee4@group-8DB8E933025C:t0, leader=null, voted=, raftlog=Memoized:691380cd-fa1e-45b9-9936-538793566ee4@group-8DB8E933025C-SegmentedRaftLog:OPENED:c-1, conf=-1: peers:[92e0ccad-9c5a-447b-b545-333a3cb7e193|127.0.0.1:15085, 691380cd-fa1e-45b9-9936-538793566ee4|127.0.0.1:15067, f3fc0661-daf3-46cc-b6b9-cf28bd2102cf|127.0.0.1:15076]|listeners:[], old=null
2024-06-12 17:08:10,249 [74620180-03cc-4c6e-ac63-d0b12e96fe58@group-25DA7408936A-LeaderElection23] INFO  server.RaftServerConfigKeys (ConfUtils.java:logGet(46)) - raft.server.watch.timeout = 3000ms (custom)
2024-06-12 17:08:10,250 [74620180-03cc-4c6e-ac63-d0b12e96fe58@group-25DA7408936A-LeaderElection23] INFO  server.RaftServerConfigKeys (ConfUtils.java:logGet(46)) - raft.server.watch.timeout.denomination = 1s (default)
2024-06-12 17:08:10,250 [74620180-03cc-4c6e-ac63-d0b12e96fe58@group-25DA7408936A-LeaderElection23] INFO  server.RaftServerConfigKeys (ConfUtils.java:logGet(46)) - raft.server.watch.element-limit = 65536 (default)
2024-06-12 17:08:10,250 [74620180-03cc-4c6e-ac63-d0b12e96fe58@group-25DA7408936A-LeaderElection23] INFO  server.RaftServerConfigKeys (ConfUtils.java:logGet(46)) - raft.server.read.leader.lease.enabled = false (default)
2024-06-12 17:08:10,250 [74620180-03cc-4c6e-ac63-d0b12e96fe58@group-25DA7408936A-LeaderElection23] INFO  server.RaftServerConfigKeys (ConfUtils.java:logGet(46)) - raft.server.read.leader.lease.timeout.ratio = 0.9 (default)
2024-06-12 17:08:10,250 [74620180-03cc-4c6e-ac63-d0b12e96fe58@group-25DA7408936A-LeaderElection23] INFO  server.RaftServerConfigKeys (ConfUtils.java:logGet(46)) - raft.server.rpc.timeout.min = 5s (custom)
2024-06-12 17:08:10,250 [74620180-03cc-4c6e-ac63-d0b12e96fe58@group-25DA7408936A-LeaderElection23] INFO  server.RaftServerConfigKeys (ConfUtils.java:logGet(46)) - raft.server.write.element-limit = 1024 (custom)
2024-06-12 17:08:10,250 [74620180-03cc-4c6e-ac63-d0b12e96fe58@group-25DA7408936A-LeaderElection23] INFO  server.RaftServerConfigKeys (ConfUtils.java:logGet(46)) - raft.server.write.follower.gap.ratio.max = -1.0 (default)
2024-06-12 17:08:10,250 [74620180-03cc-4c6e-ac63-d0b12e96fe58@group-25DA7408936A-LeaderElection23] INFO  impl.RoleInfo (RoleInfo.java:updateAndGet(139)) - 74620180-03cc-4c6e-ac63-d0b12e96fe58: start 74620180-03cc-4c6e-ac63-d0b12e96fe58@group-25DA7408936A-LeaderStateImpl
2024-06-12 17:08:10,250 [74620180-03cc-4c6e-ac63-d0b12e96fe58@group-25DA7408936A-LeaderElection23] INFO  server.RaftServer$Division (RaftServerImpl.java:setFirstElection(574)) - 74620180-03cc-4c6e-ac63-d0b12e96fe58@group-25DA7408936A: set firstElectionSinceStartup to false for becomeLeader
2024-06-12 17:08:10,250 [74620180-03cc-4c6e-ac63-d0b12e96fe58@group-25DA7408936A-LeaderElection23] INFO  ratis.XceiverServerRatis (XceiverServerRatis.java:handleLeaderChangedNotification(966)) - Leader change notification received for group: group-25DA7408936A with new leaderId: 74620180-03cc-4c6e-ac63-d0b12e96fe58
2024-06-12 17:08:10,250 [grpc-default-executor-3] INFO  server.RaftServer$Division (RaftServerImpl.java:requestVote(1389)) - 92e0ccad-9c5a-447b-b545-333a3cb7e193@group-8DB8E933025C: receive requestVote(PRE_VOTE, f3fc0661-daf3-46cc-b6b9-cf28bd2102cf, group-8DB8E933025C, 0, (t:0, i:0))
2024-06-12 17:08:10,250 [74620180-03cc-4c6e-ac63-d0b12e96fe58@group-25DA7408936A-LeaderElection23] INFO  server.RaftServer$Division (ServerState.java:setLeader(269)) - 74620180-03cc-4c6e-ac63-d0b12e96fe58@group-25DA7408936A: change Leader from null to 74620180-03cc-4c6e-ac63-d0b12e96fe58 at term 1 for becomeLeader, leader elected after 5186ms
2024-06-12 17:08:10,250 [grpc-default-executor-3] INFO  impl.VoteContext (VoteContext.java:log(49)) - 92e0ccad-9c5a-447b-b545-333a3cb7e193@group-8DB8E933025C-FOLLOWER: accept PRE_VOTE from f3fc0661-daf3-46cc-b6b9-cf28bd2102cf: our priority 0 <= candidate's priority 1
2024-06-12 17:08:10,250 [74620180-03cc-4c6e-ac63-d0b12e96fe58@group-25DA7408936A-LeaderElection23] INFO  segmented.SegmentedRaftLogWorker (SegmentedRaftLogWorker.java:startLogSegment(430)) - 74620180-03cc-4c6e-ac63-d0b12e96fe58@group-25DA7408936A-SegmentedRaftLogWorker: Starting segment from index:0
2024-06-12 17:08:10,251 [74620180-03cc-4c6e-ac63-d0b12e96fe58@group-25DA7408936A-LeaderElection23] INFO  server.RaftServer$Division (ServerState.java:setRaftConf(386)) - 74620180-03cc-4c6e-ac63-d0b12e96fe58@group-25DA7408936A: set configuration 0: peers:[74620180-03cc-4c6e-ac63-d0b12e96fe58|127.0.0.1:15094]|listeners:[], old=null
2024-06-12 17:08:10,251 [74620180-03cc-4c6e-ac63-d0b12e96fe58@group-25DA7408936A-SegmentedRaftLogWorker] INFO  segmented.BufferedWriteChannel (BufferedWriteChannel.java:open(62)) - open log_inprogress_0 at position 0
2024-06-12 17:08:10,251 [f3fc0661-daf3-46cc-b6b9-cf28bd2102cf@group-8DB8E933025C-LeaderElection22] INFO  impl.LeaderElection (LeaderElection.java:logAndReturn(89)) - f3fc0661-daf3-46cc-b6b9-cf28bd2102cf@group-8DB8E933025C-LeaderElection22: PRE_VOTE PASSED received 1 response(s) and 0 exception(s):
2024-06-12 17:08:10,251 [f3fc0661-daf3-46cc-b6b9-cf28bd2102cf@group-8DB8E933025C-LeaderElection22] INFO  impl.LeaderElection (LeaderElection.java:logAndReturn(93)) -   Response 0: f3fc0661-daf3-46cc-b6b9-cf28bd2102cf<-691380cd-fa1e-45b9-9936-538793566ee4#0:OK-t0
2024-06-12 17:08:10,251 [f3fc0661-daf3-46cc-b6b9-cf28bd2102cf@group-8DB8E933025C-LeaderElection22] INFO  impl.LeaderElection (LeaderElection.java:askForVotes(323)) - f3fc0661-daf3-46cc-b6b9-cf28bd2102cf@group-8DB8E933025C-LeaderElection22 PRE_VOTE round 0: result PASSED
2024-06-12 17:08:10,250 [grpc-default-executor-3] INFO  server.RaftServer$Division (RaftServerImpl.java:requestVote(1422)) - 92e0ccad-9c5a-447b-b545-333a3cb7e193@group-8DB8E933025C replies to PRE_VOTE vote request: f3fc0661-daf3-46cc-b6b9-cf28bd2102cf<-92e0ccad-9c5a-447b-b545-333a3cb7e193#0:OK-t0. Peer's state: 92e0ccad-9c5a-447b-b545-333a3cb7e193@group-8DB8E933025C:t0, leader=null, voted=, raftlog=Memoized:92e0ccad-9c5a-447b-b545-333a3cb7e193@group-8DB8E933025C-SegmentedRaftLog:OPENED:c-1, conf=-1: peers:[92e0ccad-9c5a-447b-b545-333a3cb7e193|127.0.0.1:15085, 691380cd-fa1e-45b9-9936-538793566ee4|127.0.0.1:15067, f3fc0661-daf3-46cc-b6b9-cf28bd2102cf|127.0.0.1:15076]|listeners:[], old=null
2024-06-12 17:08:10,253 [f3fc0661-daf3-46cc-b6b9-cf28bd2102cf@group-8DB8E933025C-LeaderElection22] INFO  impl.LeaderElection (LeaderElection.java:askForVotes(321)) - f3fc0661-daf3-46cc-b6b9-cf28bd2102cf@group-8DB8E933025C-LeaderElection22 ELECTION round 0: submit vote requests at term 1 for -1: peers:[92e0ccad-9c5a-447b-b545-333a3cb7e193|127.0.0.1:15085, 691380cd-fa1e-45b9-9936-538793566ee4|127.0.0.1:15067, f3fc0661-daf3-46cc-b6b9-cf28bd2102cf|127.0.0.1:15076]|listeners:[], old=null
2024-06-12 17:08:10,254 [f3fc0661-daf3-46cc-b6b9-cf28bd2102cf@group-8DB8E933025C-LeaderElection22] INFO  server.RaftServerConfigKeys (ConfUtils.java:logFallback(53)) - raft.server.rpc.first-election.timeout.min = 5s (fallback to raft.server.rpc.timeout.min)
2024-06-12 17:08:10,254 [f3fc0661-daf3-46cc-b6b9-cf28bd2102cf@group-8DB8E933025C-LeaderElection22] INFO  server.RaftServerConfigKeys (ConfUtils.java:logFallback(53)) - raft.server.rpc.first-election.timeout.max = 5200ms (fallback to raft.server.rpc.timeout.max)
2024-06-12 17:08:10,257 [grpc-default-executor-3] INFO  server.RaftServer$Division (RaftServerImpl.java:requestVote(1389)) - 691380cd-fa1e-45b9-9936-538793566ee4@group-8DB8E933025C: receive requestVote(ELECTION, f3fc0661-daf3-46cc-b6b9-cf28bd2102cf, group-8DB8E933025C, 1, (t:0, i:0))
2024-06-12 17:08:10,257 [grpc-default-executor-3] INFO  impl.VoteContext (VoteContext.java:log(49)) - 691380cd-fa1e-45b9-9936-538793566ee4@group-8DB8E933025C-FOLLOWER: accept ELECTION from f3fc0661-daf3-46cc-b6b9-cf28bd2102cf: our priority 0 <= candidate's priority 1
2024-06-12 17:08:10,257 [grpc-default-executor-3] INFO  server.RaftServer$Division (RaftServerImpl.java:setRole(383)) - 691380cd-fa1e-45b9-9936-538793566ee4@group-8DB8E933025C: changes role from  FOLLOWER to FOLLOWER at term 1 for candidate:f3fc0661-daf3-46cc-b6b9-cf28bd2102cf
2024-06-12 17:08:10,257 [grpc-default-executor-5] INFO  server.RaftServer$Division (RaftServerImpl.java:requestVote(1389)) - 92e0ccad-9c5a-447b-b545-333a3cb7e193@group-8DB8E933025C: receive requestVote(ELECTION, f3fc0661-daf3-46cc-b6b9-cf28bd2102cf, group-8DB8E933025C, 1, (t:0, i:0))
2024-06-12 17:08:10,257 [grpc-default-executor-3] INFO  impl.RoleInfo (RoleInfo.java:shutdownFollowerState(110)) - 691380cd-fa1e-45b9-9936-538793566ee4: shutdown 691380cd-fa1e-45b9-9936-538793566ee4@group-8DB8E933025C-FollowerState
2024-06-12 17:08:10,258 [grpc-default-executor-5] INFO  impl.VoteContext (VoteContext.java:log(49)) - 92e0ccad-9c5a-447b-b545-333a3cb7e193@group-8DB8E933025C-FOLLOWER: accept ELECTION from f3fc0661-daf3-46cc-b6b9-cf28bd2102cf: our priority 0 <= candidate's priority 1
2024-06-12 17:08:10,258 [grpc-default-executor-5] INFO  server.RaftServer$Division (RaftServerImpl.java:setRole(383)) - 92e0ccad-9c5a-447b-b545-333a3cb7e193@group-8DB8E933025C: changes role from  FOLLOWER to FOLLOWER at term 1 for candidate:f3fc0661-daf3-46cc-b6b9-cf28bd2102cf
2024-06-12 17:08:10,258 [grpc-default-executor-5] INFO  impl.RoleInfo (RoleInfo.java:shutdownFollowerState(110)) - 92e0ccad-9c5a-447b-b545-333a3cb7e193: shutdown 92e0ccad-9c5a-447b-b545-333a3cb7e193@group-8DB8E933025C-FollowerState
2024-06-12 17:08:10,258 [grpc-default-executor-3] INFO  impl.RoleInfo (RoleInfo.java:updateAndGet(139)) - 691380cd-fa1e-45b9-9936-538793566ee4: start 691380cd-fa1e-45b9-9936-538793566ee4@group-8DB8E933025C-FollowerState
2024-06-12 17:08:10,258 [grpc-default-executor-5] INFO  impl.RoleInfo (RoleInfo.java:updateAndGet(139)) - 92e0ccad-9c5a-447b-b545-333a3cb7e193: start 92e0ccad-9c5a-447b-b545-333a3cb7e193@group-8DB8E933025C-FollowerState
2024-06-12 17:08:10,258 [691380cd-fa1e-45b9-9936-538793566ee4@group-8DB8E933025C-FollowerState] INFO  impl.FollowerState (FollowerState.java:run(152)) - 691380cd-fa1e-45b9-9936-538793566ee4@group-8DB8E933025C-FollowerState was interrupted
2024-06-12 17:08:10,258 [92e0ccad-9c5a-447b-b545-333a3cb7e193@group-8DB8E933025C-FollowerState] INFO  impl.FollowerState (FollowerState.java:run(152)) - 92e0ccad-9c5a-447b-b545-333a3cb7e193@group-8DB8E933025C-FollowerState was interrupted
2024-06-12 17:08:10,260 [74620180-03cc-4c6e-ac63-d0b12e96fe58@group-25DA7408936A-SegmentedRaftLogWorker] INFO  segmented.SegmentedRaftLogWorker (SegmentedRaftLogWorker.java:execute(634)) - 74620180-03cc-4c6e-ac63-d0b12e96fe58@group-25DA7408936A-SegmentedRaftLogWorker: created new log segment /home/runner/work/ozone/ozone/hadoop-ozone/integration-test/target/test-dir/MiniOzoneClusterImpl-0353e991-6c3e-4832-95ff-5850d237b4c9/ozone-meta/datanode-4/ratis/a0d514eb-4f98-4aeb-8738-25da7408936a/current/log_inprogress_0
2024-06-12 17:08:10,262 [74620180-03cc-4c6e-ac63-d0b12e96fe58@group-25DA7408936A-StateMachineUpdater] INFO  server.RaftServer$Division (LeaderStateImpl.java:isApplied(320)) - leader is ready since appliedIndex == 0 >= startIndex == 0
2024-06-12 17:08:10,269 [grpc-default-executor-3] INFO  server.RaftServer$Division (RaftServerImpl.java:setFirstElection(574)) - 691380cd-fa1e-45b9-9936-538793566ee4@group-8DB8E933025C: set firstElectionSinceStartup to false for candidate:f3fc0661-daf3-46cc-b6b9-cf28bd2102cf
2024-06-12 17:08:10,270 [69f17eae-5f6b-470f-8112-c08e963e2abc@group-2AC76C1D414F-FollowerState] INFO  impl.FollowerState (FollowerState.java:run(143)) - 69f17eae-5f6b-470f-8112-c08e963e2abc@group-2AC76C1D414F-FollowerState: change to CANDIDATE, lastRpcElapsedTime:5102019840ns, electionTimeout:5100ms
2024-06-12 17:08:10,270 [69f17eae-5f6b-470f-8112-c08e963e2abc@group-2AC76C1D414F-FollowerState] INFO  impl.RoleInfo (RoleInfo.java:shutdownFollowerState(110)) - 69f17eae-5f6b-470f-8112-c08e963e2abc: shutdown 69f17eae-5f6b-470f-8112-c08e963e2abc@group-2AC76C1D414F-FollowerState
2024-06-12 17:08:10,270 [69f17eae-5f6b-470f-8112-c08e963e2abc@group-2AC76C1D414F-FollowerState] INFO  server.RaftServer$Division (RaftServerImpl.java:setRole(383)) - 69f17eae-5f6b-470f-8112-c08e963e2abc@group-2AC76C1D414F: changes role from  FOLLOWER to CANDIDATE at term 0 for changeToCandidate
2024-06-12 17:08:10,270 [grpc-default-executor-3] INFO  server.RaftServer$Division (RaftServerImpl.java:requestVote(1422)) - 691380cd-fa1e-45b9-9936-538793566ee4@group-8DB8E933025C replies to ELECTION vote request: f3fc0661-daf3-46cc-b6b9-cf28bd2102cf<-691380cd-fa1e-45b9-9936-538793566ee4#0:OK-t1. Peer's state: 691380cd-fa1e-45b9-9936-538793566ee4@group-8DB8E933025C:t1, leader=null, voted=f3fc0661-daf3-46cc-b6b9-cf28bd2102cf, raftlog=Memoized:691380cd-fa1e-45b9-9936-538793566ee4@group-8DB8E933025C-SegmentedRaftLog:OPENED:c-1, conf=-1: peers:[92e0ccad-9c5a-447b-b545-333a3cb7e193|127.0.0.1:15085, 691380cd-fa1e-45b9-9936-538793566ee4|127.0.0.1:15067, f3fc0661-daf3-46cc-b6b9-cf28bd2102cf|127.0.0.1:15076]|listeners:[], old=null
2024-06-12 17:08:10,271 [69f17eae-5f6b-470f-8112-c08e963e2abc@group-2AC76C1D414F-FollowerState] INFO  server.RaftServerConfigKeys (ConfUtils.java:logGet(46)) - raft.server.leaderelection.pre-vote = true (default)
2024-06-12 17:08:10,271 [69f17eae-5f6b-470f-8112-c08e963e2abc@group-2AC76C1D414F-FollowerState] INFO  impl.RoleInfo (RoleInfo.java:updateAndGet(139)) - 69f17eae-5f6b-470f-8112-c08e963e2abc: start 69f17eae-5f6b-470f-8112-c08e963e2abc@group-2AC76C1D414F-LeaderElection24
2024-06-12 17:08:10,272 [f3fc0661-daf3-46cc-b6b9-cf28bd2102cf@group-8DB8E933025C-LeaderElection22] INFO  impl.LeaderElection (LeaderElection.java:logAndReturn(89)) - f3fc0661-daf3-46cc-b6b9-cf28bd2102cf@group-8DB8E933025C-LeaderElection22: ELECTION PASSED received 1 response(s) and 0 exception(s):
2024-06-12 17:08:10,272 [f3fc0661-daf3-46cc-b6b9-cf28bd2102cf@group-8DB8E933025C-LeaderElection22] INFO  impl.LeaderElection (LeaderElection.java:logAndReturn(93)) -   Response 0: f3fc0661-daf3-46cc-b6b9-cf28bd2102cf<-691380cd-fa1e-45b9-9936-538793566ee4#0:OK-t1
2024-06-12 17:08:10,272 [f3fc0661-daf3-46cc-b6b9-cf28bd2102cf@group-8DB8E933025C-LeaderElection22] INFO  impl.LeaderElection (LeaderElection.java:askForVotes(323)) - f3fc0661-daf3-46cc-b6b9-cf28bd2102cf@group-8DB8E933025C-LeaderElection22 ELECTION round 0: result PASSED
2024-06-12 17:08:10,272 [f3fc0661-daf3-46cc-b6b9-cf28bd2102cf@group-8DB8E933025C-LeaderElection22] INFO  impl.RoleInfo (RoleInfo.java:shutdownLeaderElection(130)) - f3fc0661-daf3-46cc-b6b9-cf28bd2102cf: shutdown f3fc0661-daf3-46cc-b6b9-cf28bd2102cf@group-8DB8E933025C-LeaderElection22
2024-06-12 17:08:10,272 [f3fc0661-daf3-46cc-b6b9-cf28bd2102cf@group-8DB8E933025C-LeaderElection22] INFO  server.RaftServer$Division (RaftServerImpl.java:setRole(383)) - f3fc0661-daf3-46cc-b6b9-cf28bd2102cf@group-8DB8E933025C: changes role from CANDIDATE to LEADER at term 1 for changeToLeader
2024-06-12 17:08:10,272 [f3fc0661-daf3-46cc-b6b9-cf28bd2102cf@group-8DB8E933025C-LeaderElection22] INFO  server.RaftServerConfigKeys (ConfUtils.java:logGet(46)) - raft.server.staging.catchup.gap = 1000 (default)
2024-06-12 17:08:10,273 [f3fc0661-daf3-46cc-b6b9-cf28bd2102cf@group-8DB8E933025C-LeaderElection22] INFO  server.RaftServerConfigKeys (ConfUtils.java:logGet(46)) - raft.server.write.element-limit = 1024 (custom)
2024-06-12 17:08:10,273 [f3fc0661-daf3-46cc-b6b9-cf28bd2102cf@group-8DB8E933025C-LeaderElection22] INFO  server.RaftServerConfigKeys (ConfUtils.java:logGet(46)) - raft.server.write.byte-limit = 1024 M (=1073741824) (custom)
2024-06-12 17:08:10,273 [f3fc0661-daf3-46cc-b6b9-cf28bd2102cf@group-8DB8E933025C-LeaderElection22] INFO  server.RaftServerConfigKeys (ConfUtils.java:logGet(46)) - raft.server.watch.timeout = 3000ms (custom)
2024-06-12 17:08:10,273 [f3fc0661-daf3-46cc-b6b9-cf28bd2102cf@group-8DB8E933025C-LeaderElection22] INFO  server.RaftServerConfigKeys (ConfUtils.java:logGet(46)) - raft.server.watch.timeout.denomination = 1s (default)
2024-06-12 17:08:10,273 [f3fc0661-daf3-46cc-b6b9-cf28bd2102cf@group-8DB8E933025C-LeaderElection22] INFO  server.RaftServerConfigKeys (ConfUtils.java:logGet(46)) - raft.server.watch.element-limit = 65536 (default)
2024-06-12 17:08:10,273 [grpc-default-executor-5] INFO  server.RaftServer$Division (RaftServerImpl.java:requestVote(1422)) - 92e0ccad-9c5a-447b-b545-333a3cb7e193@group-8DB8E933025C replies to ELECTION vote request: f3fc0661-daf3-46cc-b6b9-cf28bd2102cf<-92e0ccad-9c5a-447b-b545-333a3cb7e193#0:OK-t1. Peer's state: 92e0ccad-9c5a-447b-b545-333a3cb7e193@group-8DB8E933025C:t1, leader=null, voted=f3fc0661-daf3-46cc-b6b9-cf28bd2102cf, raftlog=Memoized:92e0ccad-9c5a-447b-b545-333a3cb7e193@group-8DB8E933025C-SegmentedRaftLog:OPENED:c-1, conf=-1: peers:[92e0ccad-9c5a-447b-b545-333a3cb7e193|127.0.0.1:15085, 691380cd-fa1e-45b9-9936-538793566ee4|127.0.0.1:15067, f3fc0661-daf3-46cc-b6b9-cf28bd2102cf|127.0.0.1:15076]|listeners:[], old=null
2024-06-12 17:08:10,273 [f3fc0661-daf3-46cc-b6b9-cf28bd2102cf@group-8DB8E933025C-LeaderElection22] INFO  server.RaftServerConfigKeys (ConfUtils.java:logGet(46)) - raft.server.read.leader.lease.enabled = false (default)
2024-06-12 17:08:10,273 [f3fc0661-daf3-46cc-b6b9-cf28bd2102cf@group-8DB8E933025C-LeaderElection22] INFO  server.RaftServerConfigKeys (ConfUtils.java:logGet(46)) - raft.server.read.leader.lease.timeout.ratio = 0.9 (default)
2024-06-12 17:08:10,273 [f3fc0661-daf3-46cc-b6b9-cf28bd2102cf@group-8DB8E933025C-LeaderElection22] INFO  server.RaftServerConfigKeys (ConfUtils.java:logGet(46)) - raft.server.rpc.timeout.min = 5s (custom)
2024-06-12 17:08:10,273 [f3fc0661-daf3-46cc-b6b9-cf28bd2102cf@group-8DB8E933025C-LeaderElection22] INFO  server.RaftServerConfigKeys (ConfUtils.java:logGet(46)) - raft.server.write.element-limit = 1024 (custom)
2024-06-12 17:08:10,273 [f3fc0661-daf3-46cc-b6b9-cf28bd2102cf@group-8DB8E933025C-LeaderElection22] INFO  server.RaftServerConfigKeys (ConfUtils.java:logGet(46)) - raft.server.write.follower.gap.ratio.max = -1.0 (default)
2024-06-12 17:08:10,274 [69f17eae-5f6b-470f-8112-c08e963e2abc@group-2AC76C1D414F-LeaderElection24] INFO  impl.LeaderElection (LeaderElection.java:askForVotes(321)) - 69f17eae-5f6b-470f-8112-c08e963e2abc@group-2AC76C1D414F-LeaderElection24 PRE_VOTE round 0: submit vote requests at term 0 for -1: peers:[69f17eae-5f6b-470f-8112-c08e963e2abc|127.0.0.1:15103]|listeners:[], old=null
2024-06-12 17:08:10,274 [69f17eae-5f6b-470f-8112-c08e963e2abc@group-2AC76C1D414F-LeaderElection24] INFO  impl.LeaderElection (LeaderElection.java:askForVotes(323)) - 69f17eae-5f6b-470f-8112-c08e963e2abc@group-2AC76C1D414F-LeaderElection24 PRE_VOTE round 0: result PASSED (term=0)
2024-06-12 17:08:10,274 [f3fc0661-daf3-46cc-b6b9-cf28bd2102cf@group-8DB8E933025C-LeaderElection22] INFO  server.RaftServerConfigKeys (ConfUtils.java:logGet(46)) - raft.server.log.appender.snapshot.chunk.size.max = 16MB (=16777216) (default)
2024-06-12 17:08:10,274 [f3fc0661-daf3-46cc-b6b9-cf28bd2102cf@group-8DB8E933025C-LeaderElection22] INFO  server.RaftServerConfigKeys (ConfUtils.java:logGet(46)) - raft.server.log.appender.buffer.byte-limit = 8388608 (custom)
2024-06-12 17:08:10,274 [f3fc0661-daf3-46cc-b6b9-cf28bd2102cf@group-8DB8E933025C-LeaderElection22] INFO  server.RaftServerConfigKeys (ConfUtils.java:logGet(46)) - raft.server.log.appender.buffer.element-limit = 1024 (custom)
2024-06-12 17:08:10,274 [f3fc0661-daf3-46cc-b6b9-cf28bd2102cf@group-8DB8E933025C-LeaderElection22] INFO  server.RaftServerConfigKeys (ConfUtils.java:logGet(46)) - raft.server.log.appender.wait-time.min = 0ms (custom)
2024-06-12 17:08:10,274 [f3fc0661-daf3-46cc-b6b9-cf28bd2102cf@group-8DB8E933025C-LeaderElection22] INFO  grpc.GrpcConfigKeys (ConfUtils.java:logGet(46)) - raft.grpc.server.leader.outstanding.appends.max = 8 (default)
2024-06-12 17:08:10,274 [f3fc0661-daf3-46cc-b6b9-cf28bd2102cf@group-8DB8E933025C-LeaderElection22] INFO  server.RaftServerConfigKeys (ConfUtils.java:logGet(46)) - raft.server.rpc.request.timeout = 3000ms (default)
2024-06-12 17:08:10,275 [f3fc0661-daf3-46cc-b6b9-cf28bd2102cf@group-8DB8E933025C-LeaderElection22] INFO  grpc.GrpcConfigKeys (ConfUtils.java:logGet(46)) - raft.grpc.server.install_snapshot.request.element-limit = 8 (default)
2024-06-12 17:08:10,275 [f3fc0661-daf3-46cc-b6b9-cf28bd2102cf@group-8DB8E933025C-LeaderElection22] INFO  grpc.GrpcConfigKeys (ConfUtils.java:logGet(46)) - raft.grpc.server.install_snapshot.request.timeout = 3000ms (default)
2024-06-12 17:08:10,275 [f3fc0661-daf3-46cc-b6b9-cf28bd2102cf@group-8DB8E933025C-LeaderElection22] INFO  grpc.GrpcConfigKeys (ConfUtils.java:logGet(46)) - raft.grpc.server.log-message.batch.duration = 5s (default)
2024-06-12 17:08:10,275 [f3fc0661-daf3-46cc-b6b9-cf28bd2102cf@group-8DB8E933025C-LeaderElection22] INFO  server.RaftServerConfigKeys (ConfUtils.java:logGet(46)) - raft.server.log.appender.install.snapshot.enabled = false (custom)
2024-06-12 17:08:10,275 [f3fc0661-daf3-46cc-b6b9-cf28bd2102cf@group-8DB8E933025C-LeaderElection22] INFO  grpc.GrpcConfigKeys (ConfUtils.java:logGet(46)) - raft.grpc.server.heartbeat.channel = true (default)
2024-06-12 17:08:10,275 [69f17eae-5f6b-470f-8112-c08e963e2abc@group-2AC76C1D414F-LeaderElection24] INFO  impl.LeaderElection (LeaderElection.java:askForVotes(321)) - 69f17eae-5f6b-470f-8112-c08e963e2abc@group-2AC76C1D414F-LeaderElection24 ELECTION round 0: submit vote requests at term 1 for -1: peers:[69f17eae-5f6b-470f-8112-c08e963e2abc|127.0.0.1:15103]|listeners:[], old=null
2024-06-12 17:08:10,275 [69f17eae-5f6b-470f-8112-c08e963e2abc@group-2AC76C1D414F-LeaderElection24] INFO  impl.LeaderElection (LeaderElection.java:askForVotes(323)) - 69f17eae-5f6b-470f-8112-c08e963e2abc@group-2AC76C1D414F-LeaderElection24 ELECTION round 0: result PASSED (term=1)
2024-06-12 17:08:10,275 [69f17eae-5f6b-470f-8112-c08e963e2abc@group-2AC76C1D414F-LeaderElection24] INFO  impl.RoleInfo (RoleInfo.java:shutdownLeaderElection(130)) - 69f17eae-5f6b-470f-8112-c08e963e2abc: shutdown 69f17eae-5f6b-470f-8112-c08e963e2abc@group-2AC76C1D414F-LeaderElection24
2024-06-12 17:08:10,275 [69f17eae-5f6b-470f-8112-c08e963e2abc@group-2AC76C1D414F-LeaderElection24] INFO  server.RaftServer$Division (RaftServerImpl.java:setRole(383)) - 69f17eae-5f6b-470f-8112-c08e963e2abc@group-2AC76C1D414F: changes role from CANDIDATE to LEADER at term 1 for changeToLeader
2024-06-12 17:08:10,275 [69f17eae-5f6b-470f-8112-c08e963e2abc@group-2AC76C1D414F-LeaderElection24] INFO  server.RaftServerConfigKeys (ConfUtils.java:logGet(46)) - raft.server.staging.catchup.gap = 1000 (default)
2024-06-12 17:08:10,275 [69f17eae-5f6b-470f-8112-c08e963e2abc@group-2AC76C1D414F-LeaderElection24] INFO  server.RaftServerConfigKeys (ConfUtils.java:logGet(46)) - raft.server.write.element-limit = 1024 (custom)
2024-06-12 17:08:10,275 [f3fc0661-daf3-46cc-b6b9-cf28bd2102cf@group-8DB8E933025C-LeaderElection22] INFO  server.RaftServerConfigKeys (ConfUtils.java:logGet(46)) - raft.server.log.appender.snapshot.chunk.size.max = 16MB (=16777216) (default)
2024-06-12 17:08:10,275 [69f17eae-5f6b-470f-8112-c08e963e2abc@group-2AC76C1D414F-LeaderElection24] INFO  server.RaftServerConfigKeys (ConfUtils.java:logGet(46)) - raft.server.write.byte-limit = 1024 M (=1073741824) (custom)
2024-06-12 17:08:10,275 [f3fc0661-daf3-46cc-b6b9-cf28bd2102cf@group-8DB8E933025C-LeaderElection22] INFO  server.RaftServerConfigKeys (ConfUtils.java:logGet(46)) - raft.server.log.appender.buffer.byte-limit = 8388608 (custom)
2024-06-12 17:08:10,275 [f3fc0661-daf3-46cc-b6b9-cf28bd2102cf@group-8DB8E933025C-LeaderElection22] INFO  server.RaftServerConfigKeys (ConfUtils.java:logGet(46)) - raft.server.log.appender.buffer.element-limit = 1024 (custom)
2024-06-12 17:08:10,276 [f3fc0661-daf3-46cc-b6b9-cf28bd2102cf@group-8DB8E933025C-LeaderElection22] INFO  server.RaftServerConfigKeys (ConfUtils.java:logGet(46)) - raft.server.log.appender.wait-time.min = 0ms (custom)
2024-06-12 17:08:10,276 [f3fc0661-daf3-46cc-b6b9-cf28bd2102cf@group-8DB8E933025C-LeaderElection22] INFO  grpc.GrpcConfigKeys (ConfUtils.java:logGet(46)) - raft.grpc.server.leader.outstanding.appends.max = 8 (default)
2024-06-12 17:08:10,276 [f3fc0661-daf3-46cc-b6b9-cf28bd2102cf@group-8DB8E933025C-LeaderElection22] INFO  server.RaftServerConfigKeys (ConfUtils.java:logGet(46)) - raft.server.rpc.request.timeout = 3000ms (default)
2024-06-12 17:08:10,276 [f3fc0661-daf3-46cc-b6b9-cf28bd2102cf@group-8DB8E933025C-LeaderElection22] INFO  grpc.GrpcConfigKeys (ConfUtils.java:logGet(46)) - raft.grpc.server.install_snapshot.request.element-limit = 8 (default)
2024-06-12 17:08:10,276 [f3fc0661-daf3-46cc-b6b9-cf28bd2102cf@group-8DB8E933025C-LeaderElection22] INFO  grpc.GrpcConfigKeys (ConfUtils.java:logGet(46)) - raft.grpc.server.install_snapshot.request.timeout = 3000ms (default)
2024-06-12 17:08:10,276 [f3fc0661-daf3-46cc-b6b9-cf28bd2102cf@group-8DB8E933025C-LeaderElection22] INFO  grpc.GrpcConfigKeys (ConfUtils.java:logGet(46)) - raft.grpc.server.log-message.batch.duration = 5s (default)
2024-06-12 17:08:10,276 [f3fc0661-daf3-46cc-b6b9-cf28bd2102cf@group-8DB8E933025C-LeaderElection22] INFO  server.RaftServerConfigKeys (ConfUtils.java:logGet(46)) - raft.server.log.appender.install.snapshot.enabled = false (custom)
2024-06-12 17:08:10,276 [f3fc0661-daf3-46cc-b6b9-cf28bd2102cf@group-8DB8E933025C-LeaderElection22] INFO  grpc.GrpcConfigKeys (ConfUtils.java:logGet(46)) - raft.grpc.server.heartbeat.channel = true (default)
2024-06-12 17:08:10,276 [f3fc0661-daf3-46cc-b6b9-cf28bd2102cf@group-8DB8E933025C-LeaderElection22] INFO  impl.RoleInfo (RoleInfo.java:updateAndGet(139)) - f3fc0661-daf3-46cc-b6b9-cf28bd2102cf: start f3fc0661-daf3-46cc-b6b9-cf28bd2102cf@group-8DB8E933025C-LeaderStateImpl
2024-06-12 17:08:10,276 [f3fc0661-daf3-46cc-b6b9-cf28bd2102cf@group-8DB8E933025C-LeaderElection22] INFO  server.RaftServer$Division (RaftServerImpl.java:setFirstElection(574)) - f3fc0661-daf3-46cc-b6b9-cf28bd2102cf@group-8DB8E933025C: set firstElectionSinceStartup to false for becomeLeader
2024-06-12 17:08:10,276 [f3fc0661-daf3-46cc-b6b9-cf28bd2102cf@group-8DB8E933025C-LeaderElection22] INFO  ratis.XceiverServerRatis (XceiverServerRatis.java:handleLeaderChangedNotification(966)) - Leader change notification received for group: group-8DB8E933025C with new leaderId: f3fc0661-daf3-46cc-b6b9-cf28bd2102cf
2024-06-12 17:08:10,276 [f3fc0661-daf3-46cc-b6b9-cf28bd2102cf@group-8DB8E933025C-LeaderElection22] INFO  server.RaftServer$Division (ServerState.java:setLeader(269)) - f3fc0661-daf3-46cc-b6b9-cf28bd2102cf@group-8DB8E933025C: change Leader from null to f3fc0661-daf3-46cc-b6b9-cf28bd2102cf at term 1 for becomeLeader, leader elected after 5171ms
2024-06-12 17:08:10,276 [f3fc0661-daf3-46cc-b6b9-cf28bd2102cf@group-8DB8E933025C-LeaderElection22] INFO  segmented.SegmentedRaftLogWorker (SegmentedRaftLogWorker.java:startLogSegment(430)) - f3fc0661-daf3-46cc-b6b9-cf28bd2102cf@group-8DB8E933025C-SegmentedRaftLogWorker: Starting segment from index:0
2024-06-12 17:08:10,277 [f3fc0661-daf3-46cc-b6b9-cf28bd2102cf@group-8DB8E933025C-LeaderElection22] INFO  server.RaftServer$Division (ServerState.java:setRaftConf(386)) - f3fc0661-daf3-46cc-b6b9-cf28bd2102cf@group-8DB8E933025C: set configuration 0: peers:[92e0ccad-9c5a-447b-b545-333a3cb7e193|127.0.0.1:15085, 691380cd-fa1e-45b9-9936-538793566ee4|127.0.0.1:15067, f3fc0661-daf3-46cc-b6b9-cf28bd2102cf|127.0.0.1:15076]|listeners:[], old=null
2024-06-12 17:08:10,278 [EventQueue-PipelineReportForPipelineReportHandler] INFO  pipeline.PipelineReportHandler (PipelineReportHandler.java:processPipelineReport(136)) - Opened pipeline PipelineID=738ccdf1-229f-4656-88f2-8db8e933025c
2024-06-12 17:08:10,278 [f3fc0661-daf3-46cc-b6b9-cf28bd2102cf@group-8DB8E933025C-SegmentedRaftLogWorker] INFO  segmented.BufferedWriteChannel (BufferedWriteChannel.java:open(62)) - open log_inprogress_0 at position 0
2024-06-12 17:08:10,283 [69f17eae-5f6b-470f-8112-c08e963e2abc@group-2AC76C1D414F-LeaderElection24] INFO  server.RaftServerConfigKeys (ConfUtils.java:logGet(46)) - raft.server.watch.timeout = 3000ms (custom)
2024-06-12 17:08:10,283 [69f17eae-5f6b-470f-8112-c08e963e2abc@group-2AC76C1D414F-LeaderElection24] INFO  server.RaftServerConfigKeys (ConfUtils.java:logGet(46)) - raft.server.watch.timeout.denomination = 1s (default)
2024-06-12 17:08:10,283 [69f17eae-5f6b-470f-8112-c08e963e2abc@group-2AC76C1D414F-LeaderElection24] INFO  server.RaftServerConfigKeys (ConfUtils.java:logGet(46)) - raft.server.watch.element-limit = 65536 (default)
2024-06-12 17:08:10,283 [69f17eae-5f6b-470f-8112-c08e963e2abc@group-2AC76C1D414F-LeaderElection24] INFO  server.RaftServerConfigKeys (ConfUtils.java:logGet(46)) - raft.server.read.leader.lease.enabled = false (default)
2024-06-12 17:08:10,283 [69f17eae-5f6b-470f-8112-c08e963e2abc@group-2AC76C1D414F-LeaderElection24] INFO  server.RaftServerConfigKeys (ConfUtils.java:logGet(46)) - raft.server.read.leader.lease.timeout.ratio = 0.9 (default)
2024-06-12 17:08:10,283 [69f17eae-5f6b-470f-8112-c08e963e2abc@group-2AC76C1D414F-LeaderElection24] INFO  server.RaftServerConfigKeys (ConfUtils.java:logGet(46)) - raft.server.rpc.timeout.min = 5s (custom)
2024-06-12 17:08:10,283 [69f17eae-5f6b-470f-8112-c08e963e2abc@group-2AC76C1D414F-LeaderElection24] INFO  server.RaftServerConfigKeys (ConfUtils.java:logGet(46)) - raft.server.write.element-limit = 1024 (custom)
2024-06-12 17:08:10,283 [IPC Server handler 1 on default port 15054] INFO  ha.SequenceIdGenerator (SequenceIdGenerator.java:getNextId(144)) - Allocate a batch for containerId, change lastId from 0 to 1000.
2024-06-12 17:08:10,284 [IPC Server handler 1 on default port 15054] WARN  ha.SequenceIdGenerator (SequenceIdGenerator.java:allocateBatch(257)) - Failed to allocate a batch for localId, expected lastId is 0, actual lastId is 113750153625600000.
2024-06-12 17:08:10,284 [IPC Server handler 1 on default port 15054] INFO  ha.SequenceIdGenerator (SequenceIdGenerator.java:getNextId(144)) - Allocate a batch for localId, change lastId from 113750153625600000 to 113750153625601000.
2024-06-12 17:08:10,285 [69f17eae-5f6b-470f-8112-c08e963e2abc@group-2AC76C1D414F-LeaderElection24] INFO  server.RaftServerConfigKeys (ConfUtils.java:logGet(46)) - raft.server.write.follower.gap.ratio.max = -1.0 (default)
2024-06-12 17:08:10,285 [69f17eae-5f6b-470f-8112-c08e963e2abc@group-2AC76C1D414F-LeaderElection24] INFO  impl.RoleInfo (RoleInfo.java:updateAndGet(139)) - 69f17eae-5f6b-470f-8112-c08e963e2abc: start 69f17eae-5f6b-470f-8112-c08e963e2abc@group-2AC76C1D414F-LeaderStateImpl
2024-06-12 17:08:10,285 [69f17eae-5f6b-470f-8112-c08e963e2abc@group-2AC76C1D414F-LeaderElection24] INFO  server.RaftServer$Division (RaftServerImpl.java:setFirstElection(574)) - 69f17eae-5f6b-470f-8112-c08e963e2abc@group-2AC76C1D414F: set firstElectionSinceStartup to false for becomeLeader
2024-06-12 17:08:10,285 [69f17eae-5f6b-470f-8112-c08e963e2abc@group-2AC76C1D414F-LeaderElection24] INFO  ratis.XceiverServerRatis (XceiverServerRatis.java:handleLeaderChangedNotification(966)) - Leader change notification received for group: group-2AC76C1D414F with new leaderId: 69f17eae-5f6b-470f-8112-c08e963e2abc
2024-06-12 17:08:10,286 [69f17eae-5f6b-470f-8112-c08e963e2abc@group-2AC76C1D414F-LeaderElection24] INFO  server.RaftServer$Division (ServerState.java:setLeader(269)) - 69f17eae-5f6b-470f-8112-c08e963e2abc@group-2AC76C1D414F: change Leader from null to 69f17eae-5f6b-470f-8112-c08e963e2abc at term 1 for becomeLeader, leader elected after 5133ms
2024-06-12 17:08:10,286 [69f17eae-5f6b-470f-8112-c08e963e2abc@group-2AC76C1D414F-LeaderElection24] INFO  segmented.SegmentedRaftLogWorker (SegmentedRaftLogWorker.java:startLogSegment(430)) - 69f17eae-5f6b-470f-8112-c08e963e2abc@group-2AC76C1D414F-SegmentedRaftLogWorker: Starting segment from index:0
2024-06-12 17:08:10,286 [69f17eae-5f6b-470f-8112-c08e963e2abc@group-2AC76C1D414F-SegmentedRaftLogWorker] INFO  segmented.BufferedWriteChannel (BufferedWriteChannel.java:open(62)) - open log_inprogress_0 at position 0
2024-06-12 17:08:10,297 [69f17eae-5f6b-470f-8112-c08e963e2abc@group-2AC76C1D414F-LeaderElection24] INFO  server.RaftServer$Division (ServerState.java:setRaftConf(386)) - 69f17eae-5f6b-470f-8112-c08e963e2abc@group-2AC76C1D414F: set configuration 0: peers:[69f17eae-5f6b-470f-8112-c08e963e2abc|127.0.0.1:15103]|listeners:[], old=null
2024-06-12 17:08:10,302 [f3fc0661-daf3-46cc-b6b9-cf28bd2102cf@group-8DB8E933025C-SegmentedRaftLogWorker] INFO  segmented.SegmentedRaftLogWorker (SegmentedRaftLogWorker.java:execute(634)) - f3fc0661-daf3-46cc-b6b9-cf28bd2102cf@group-8DB8E933025C-SegmentedRaftLogWorker: created new log segment /home/runner/work/ozone/ozone/hadoop-ozone/integration-test/target/test-dir/MiniOzoneClusterImpl-0353e991-6c3e-4832-95ff-5850d237b4c9/ozone-meta/datanode-2/ratis/738ccdf1-229f-4656-88f2-8db8e933025c/current/log_inprogress_0
2024-06-12 17:08:10,305 [92e0ccad-9c5a-447b-b545-333a3cb7e193-server-thread1] INFO  ratis.XceiverServerRatis (XceiverServerRatis.java:handleLeaderChangedNotification(966)) - Leader change notification received for group: group-8DB8E933025C with new leaderId: f3fc0661-daf3-46cc-b6b9-cf28bd2102cf
2024-06-12 17:08:10,305 [69f17eae-5f6b-470f-8112-c08e963e2abc@group-2AC76C1D414F-SegmentedRaftLogWorker] INFO  segmented.SegmentedRaftLogWorker (SegmentedRaftLogWorker.java:execute(634)) - 69f17eae-5f6b-470f-8112-c08e963e2abc@group-2AC76C1D414F-SegmentedRaftLogWorker: created new log segment /home/runner/work/ozone/ozone/hadoop-ozone/integration-test/target/test-dir/MiniOzoneClusterImpl-0353e991-6c3e-4832-95ff-5850d237b4c9/ozone-meta/datanode-5/ratis/e8719392-44d4-44bd-87b9-2ac76c1d414f/current/log_inprogress_0
2024-06-12 17:08:10,307 [92e0ccad-9c5a-447b-b545-333a3cb7e193-server-thread1] INFO  server.RaftServer$Division (ServerState.java:setLeader(269)) - 92e0ccad-9c5a-447b-b545-333a3cb7e193@group-8DB8E933025C: change Leader from null to f3fc0661-daf3-46cc-b6b9-cf28bd2102cf at term 1 for appendEntries, leader elected after 5251ms
2024-06-12 17:08:10,309 [69f17eae-5f6b-470f-8112-c08e963e2abc@group-2AC76C1D414F-StateMachineUpdater] INFO  server.RaftServer$Division (LeaderStateImpl.java:isApplied(320)) - leader is ready since appliedIndex == 0 >= startIndex == 0
2024-06-12 17:08:10,311 [691380cd-fa1e-45b9-9936-538793566ee4-server-thread2] INFO  ratis.XceiverServerRatis (XceiverServerRatis.java:handleLeaderChangedNotification(966)) - Leader change notification received for group: group-8DB8E933025C with new leaderId: f3fc0661-daf3-46cc-b6b9-cf28bd2102cf
2024-06-12 17:08:10,311 [691380cd-fa1e-45b9-9936-538793566ee4-server-thread2] INFO  server.RaftServer$Division (ServerState.java:setLeader(269)) - 691380cd-fa1e-45b9-9936-538793566ee4@group-8DB8E933025C: change Leader from null to f3fc0661-daf3-46cc-b6b9-cf28bd2102cf at term 1 for appendEntries, leader elected after 5201ms
2024-06-12 17:08:10,311 [691380cd-fa1e-45b9-9936-538793566ee4-server-thread1] INFO  server.RaftServer$Division (ServerState.java:setRaftConf(386)) - 691380cd-fa1e-45b9-9936-538793566ee4@group-8DB8E933025C: set configuration 0: peers:[92e0ccad-9c5a-447b-b545-333a3cb7e193|127.0.0.1:15085, 691380cd-fa1e-45b9-9936-538793566ee4|127.0.0.1:15067, f3fc0661-daf3-46cc-b6b9-cf28bd2102cf|127.0.0.1:15076]|listeners:[], old=null
2024-06-12 17:08:10,312 [691380cd-fa1e-45b9-9936-538793566ee4-server-thread1] INFO  segmented.SegmentedRaftLogWorker (SegmentedRaftLogWorker.java:startLogSegment(430)) - 691380cd-fa1e-45b9-9936-538793566ee4@group-8DB8E933025C-SegmentedRaftLogWorker: Starting segment from index:0
2024-06-12 17:08:10,312 [691380cd-fa1e-45b9-9936-538793566ee4@group-8DB8E933025C-SegmentedRaftLogWorker] INFO  segmented.BufferedWriteChannel (BufferedWriteChannel.java:open(62)) - open log_inprogress_0 at position 0
2024-06-12 17:08:10,312 [92e0ccad-9c5a-447b-b545-333a3cb7e193-server-thread2] INFO  server.RaftServer$Division (ServerState.java:setRaftConf(386)) - 92e0ccad-9c5a-447b-b545-333a3cb7e193@group-8DB8E933025C: set configuration 0: peers:[92e0ccad-9c5a-447b-b545-333a3cb7e193|127.0.0.1:15085, 691380cd-fa1e-45b9-9936-538793566ee4|127.0.0.1:15067, f3fc0661-daf3-46cc-b6b9-cf28bd2102cf|127.0.0.1:15076]|listeners:[], old=null
2024-06-12 17:08:10,312 [92e0ccad-9c5a-447b-b545-333a3cb7e193-server-thread2] INFO  segmented.SegmentedRaftLogWorker (SegmentedRaftLogWorker.java:startLogSegment(430)) - 92e0ccad-9c5a-447b-b545-333a3cb7e193@group-8DB8E933025C-SegmentedRaftLogWorker: Starting segment from index:0
2024-06-12 17:08:10,313 [92e0ccad-9c5a-447b-b545-333a3cb7e193@group-8DB8E933025C-SegmentedRaftLogWorker] INFO  segmented.BufferedWriteChannel (BufferedWriteChannel.java:open(62)) - open log_inprogress_0 at position 0
2024-06-12 17:08:10,315 [grpc-default-executor-2] ERROR impl.OrderedAsync (OrderedAsync.java:lambda$sendRequest$9(247)) - client-1882C239F16E: Failed* RaftClientRequest:client-1882C239F16E->f3fc0661-daf3-46cc-b6b9-cf28bd2102cf@group-8DB8E933025C, cid=62, seq=1*, Watch(0), null
java.util.concurrent.CompletionException: org.apache.ratis.protocol.exceptions.LeaderNotReadyException: f3fc0661-daf3-46cc-b6b9-cf28bd2102cf@group-8DB8E933025C is in LEADER state but not ready yet.
	at java.base/java.util.concurrent.CompletableFuture.encodeThrowable(CompletableFuture.java:332)
	at java.base/java.util.concurrent.CompletableFuture.completeThrowable(CompletableFuture.java:347)
	at java.base/java.util.concurrent.CompletableFuture$UniApply.tryFire(CompletableFuture.java:636)
	at java.base/java.util.concurrent.CompletableFuture.postComplete(CompletableFuture.java:510)
	at java.base/java.util.concurrent.CompletableFuture.completeExceptionally(CompletableFuture.java:2162)
	at org.apache.ratis.grpc.client.GrpcClientProtocolClient$AsyncStreamObservers.completeReplyExceptionally(GrpcClientProtocolClient.java:394)
	at org.apache.ratis.grpc.client.GrpcClientProtocolClient$AsyncStreamObservers.access$000(GrpcClientProtocolClient.java:300)
	at org.apache.ratis.grpc.client.GrpcClientProtocolClient$AsyncStreamObservers$1.onNext(GrpcClientProtocolClient.java:319)
	at org.apache.ratis.grpc.client.GrpcClientProtocolClient$AsyncStreamObservers$1.onNext(GrpcClientProtocolClient.java:305)
	at org.apache.ratis.thirdparty.io.grpc.stub.ClientCalls$StreamObserverToCallListenerAdapter.onMessage(ClientCalls.java:468)
	at org.apache.ratis.thirdparty.io.grpc.ForwardingClientCallListener.onMessage(ForwardingClientCallListener.java:33)
	at org.apache.ratis.thirdparty.io.grpc.internal.DelayedClientCall$DelayedListener.onMessage(DelayedClientCall.java:473)
	at org.apache.ratis.thirdparty.io.grpc.internal.ClientCallImpl$ClientStreamListenerImpl$1MessagesAvailable.runInternal(ClientCallImpl.java:660)
	at org.apache.ratis.thirdparty.io.grpc.internal.ClientCallImpl$ClientStreamListenerImpl$1MessagesAvailable.runInContext(ClientCallImpl.java:647)
	at org.apache.ratis.thirdparty.io.grpc.internal.ContextRunnable.run(ContextRunnable.java:37)
	at org.apache.ratis.thirdparty.io.grpc.internal.SerializingExecutor.run(SerializingExecutor.java:133)
	at java.base/java.util.concurrent.ThreadPoolExecutor.runWorker(ThreadPoolExecutor.java:1136)
	at java.base/java.util.concurrent.ThreadPoolExecutor$Worker.run(ThreadPoolExecutor.java:635)
	at java.base/java.lang.Thread.run(Thread.java:840)
Caused by: org.apache.ratis.protocol.exceptions.LeaderNotReadyException: f3fc0661-daf3-46cc-b6b9-cf28bd2102cf@group-8DB8E933025C is in LEADER state but not ready yet.
	at org.apache.ratis.client.impl.ClientProtoUtils.toRaftClientReply(ClientProtoUtils.java:407)
	at org.apache.ratis.grpc.client.GrpcClientProtocolClient$AsyncStreamObservers$1.onNext(GrpcClientProtocolClient.java:310)
	... 11 more
2024-06-12 17:08:10,322 [691380cd-fa1e-45b9-9936-538793566ee4@group-8DB8E933025C-SegmentedRaftLogWorker] INFO  segmented.SegmentedRaftLogWorker (SegmentedRaftLogWorker.java:execute(634)) - 691380cd-fa1e-45b9-9936-538793566ee4@group-8DB8E933025C-SegmentedRaftLogWorker: created new log segment /home/runner/work/ozone/ozone/hadoop-ozone/integration-test/target/test-dir/MiniOzoneClusterImpl-0353e991-6c3e-4832-95ff-5850d237b4c9/ozone-meta/datanode-1/ratis/738ccdf1-229f-4656-88f2-8db8e933025c/current/log_inprogress_0
2024-06-12 17:08:10,322 [92e0ccad-9c5a-447b-b545-333a3cb7e193@group-8DB8E933025C-SegmentedRaftLogWorker] INFO  segmented.SegmentedRaftLogWorker (SegmentedRaftLogWorker.java:execute(634)) - 92e0ccad-9c5a-447b-b545-333a3cb7e193@group-8DB8E933025C-SegmentedRaftLogWorker: created new log segment /home/runner/work/ozone/ozone/hadoop-ozone/integration-test/target/test-dir/MiniOzoneClusterImpl-0353e991-6c3e-4832-95ff-5850d237b4c9/ozone-meta/datanode-3/ratis/738ccdf1-229f-4656-88f2-8db8e933025c/current/log_inprogress_0
2024-06-12 17:08:10,326 [f3fc0661-daf3-46cc-b6b9-cf28bd2102cf@group-8DB8E933025C-StateMachineUpdater] INFO  server.RaftServer$Division (LeaderStateImpl.java:isApplied(320)) - leader is ready since appliedIndex == 0 >= startIndex == 0
2024-06-12 17:08:16,078 [timer0] ERROR impl.OrderedAsync (OrderedAsync.java:lambda$sendRequest$9(247)) - client-1882C239F16E: Failed* RaftClientRequest:client-1882C239F16E->f3fc0661-daf3-46cc-b6b9-cf28bd2102cf@group-8DB8E933025C, cid=62, seq=1*, Watch(0), null
java.util.concurrent.CompletionException: org.apache.ratis.protocol.exceptions.AlreadyClosedException: client-1882C239F16E->f3fc0661-daf3-46cc-b6b9-cf28bd2102cf is closed.
	at java.base/java.util.concurrent.CompletableFuture.encodeThrowable(CompletableFuture.java:332)
	at java.base/java.util.concurrent.CompletableFuture.uniApplyNow(CompletableFuture.java:674)
	at java.base/java.util.concurrent.CompletableFuture.uniApplyStage(CompletableFuture.java:662)
	at java.base/java.util.concurrent.CompletableFuture.thenApply(CompletableFuture.java:2168)
	at org.apache.ratis.client.impl.OrderedAsync.sendRequest(OrderedAsync.java:239)
	at org.apache.ratis.client.impl.OrderedAsync.sendRequestWithRetry(OrderedAsync.java:203)
	at org.apache.ratis.util.SlidingWindow$Client.sendOrDelayRequest(SlidingWindow.java:312)
	at org.apache.ratis.util.SlidingWindow$Client.retry(SlidingWindow.java:328)
	at org.apache.ratis.client.impl.OrderedAsync.lambda$scheduleWithTimeout$6(OrderedAsync.java:227)
	at org.apache.ratis.util.TimeoutTimer.lambda$onTimeout$2(TimeoutTimer.java:101)
	at org.apache.ratis.util.LogUtils.runAndLog(LogUtils.java:38)
	at org.apache.ratis.util.LogUtils$1.run(LogUtils.java:78)
	at org.apache.ratis.util.TimeoutTimer$Task.run(TimeoutTimer.java:55)
	at java.base/java.util.TimerThread.mainLoop(Timer.java:566)
	at java.base/java.util.TimerThread.run(Timer.java:516)
Caused by: org.apache.ratis.protocol.exceptions.AlreadyClosedException: client-1882C239F16E->f3fc0661-daf3-46cc-b6b9-cf28bd2102cf is closed.
	at org.apache.ratis.grpc.client.GrpcClientProtocolClient$AsyncStreamObservers.onNext(GrpcClientProtocolClient.java:349)
	at org.apache.ratis.grpc.client.GrpcClientRpc.sendRequestAsync(GrpcClientRpc.java:71)
	... 11 more
2024-06-12 17:08:22,454 [grpc-default-executor-4] ERROR impl.OrderedAsync (OrderedAsync.java:lambda$sendRequest$9(247)) - client-1882C239F16E: Failed* RaftClientRequest:client-1882C239F16E->691380cd-fa1e-45b9-9936-538793566ee4@group-8DB8E933025C, cid=62, seq=1*, Watch(0), null
java.util.concurrent.CompletionException: org.apache.ratis.protocol.exceptions.NotLeaderException: Server 691380cd-fa1e-45b9-9936-538793566ee4@group-8DB8E933025C is not the leader f3fc0661-daf3-46cc-b6b9-cf28bd2102cf|127.0.0.1:15076
	at java.base/java.util.concurrent.CompletableFuture.encodeThrowable(CompletableFuture.java:332)
	at java.base/java.util.concurrent.CompletableFuture.completeThrowable(CompletableFuture.java:347)
	at java.base/java.util.concurrent.CompletableFuture$UniApply.tryFire(CompletableFuture.java:636)
	at java.base/java.util.concurrent.CompletableFuture.postComplete(CompletableFuture.java:510)
	at java.base/java.util.concurrent.CompletableFuture.completeExceptionally(CompletableFuture.java:2162)
	at org.apache.ratis.grpc.client.GrpcClientProtocolClient$AsyncStreamObservers.completeReplyExceptionally(GrpcClientProtocolClient.java:394)
	at org.apache.ratis.grpc.client.GrpcClientProtocolClient$AsyncStreamObservers.access$000(GrpcClientProtocolClient.java:300)
	at org.apache.ratis.grpc.client.GrpcClientProtocolClient$AsyncStreamObservers$1.onNext(GrpcClientProtocolClient.java:314)
	at org.apache.ratis.grpc.client.GrpcClientProtocolClient$AsyncStreamObservers$1.onNext(GrpcClientProtocolClient.java:305)
	at org.apache.ratis.thirdparty.io.grpc.stub.ClientCalls$StreamObserverToCallListenerAdapter.onMessage(ClientCalls.java:468)
	at org.apache.ratis.thirdparty.io.grpc.ForwardingClientCallListener.onMessage(ForwardingClientCallListener.java:33)
	at org.apache.ratis.thirdparty.io.grpc.internal.DelayedClientCall$DelayedListener.onMessage(DelayedClientCall.java:473)
	at org.apache.ratis.thirdparty.io.grpc.internal.ClientCallImpl$ClientStreamListenerImpl$1MessagesAvailable.runInternal(ClientCallImpl.java:660)
	at org.apache.ratis.thirdparty.io.grpc.internal.ClientCallImpl$ClientStreamListenerImpl$1MessagesAvailable.runInContext(ClientCallImpl.java:647)
	at org.apache.ratis.thirdparty.io.grpc.internal.ContextRunnable.run(ContextRunnable.java:37)
	at org.apache.ratis.thirdparty.io.grpc.internal.SerializingExecutor.run(SerializingExecutor.java:133)
	at java.base/java.util.concurrent.ThreadPoolExecutor.runWorker(ThreadPoolExecutor.java:1136)
	at java.base/java.util.concurrent.ThreadPoolExecutor$Worker.run(ThreadPoolExecutor.java:635)
	at java.base/java.lang.Thread.run(Thread.java:840)
Caused by: org.apache.ratis.protocol.exceptions.NotLeaderException: Server 691380cd-fa1e-45b9-9936-538793566ee4@group-8DB8E933025C is not the leader f3fc0661-daf3-46cc-b6b9-cf28bd2102cf|127.0.0.1:15076
	at org.apache.ratis.client.impl.ClientProtoUtils.toRaftClientReply(ClientProtoUtils.java:397)
	at org.apache.ratis.grpc.client.GrpcClientProtocolClient$AsyncStreamObservers$1.onNext(GrpcClientProtocolClient.java:310)
	... 11 more
2024-06-12 17:08:22,507 [main] INFO  ozoneimpl.OzoneContainer (OzoneContainer.java:stop(481)) - Attempting to stop container services.
2024-06-12 17:08:22,507 [ContainerMetadataScanner] WARN  ozoneimpl.AbstractBackgroundContainerScanner (AbstractBackgroundContainerScanner.java:handleRemainingSleep(134)) - Background container scan was interrupted.
2024-06-12 17:08:22,507 [ContainerMetadataScanner] INFO  ozoneimpl.AbstractBackgroundContainerScanner (AbstractBackgroundContainerScanner.java:run(61)) - Thread[ContainerMetadataScanner,5,main] exiting.
2024-06-12 17:08:22,507 [main] INFO  ozoneimpl.BackgroundContainerDataScanner (BackgroundContainerDataScanner.java:shutdown(141)) - ContainerDataScanner(/home/runner/work/ozone/ozone/hadoop-ozone/integration-test/target/test-dir/MiniOzoneClusterImpl-0353e991-6c3e-4832-95ff-5850d237b4c9/ozone-meta/datanode-1/data-0/hdds) is shutting down. 
2024-06-12 17:08:22,507 [ContainerDataScanner(/home/runner/work/ozone/ozone/hadoop-ozone/integration-test/target/test-dir/MiniOzoneClusterImpl-0353e991-6c3e-4832-95ff-5850d237b4c9/ozone-meta/datanode-1/data-0/hdds)] WARN  ozoneimpl.AbstractBackgroundContainerScanner (AbstractBackgroundContainerScanner.java:handleRemainingSleep(134)) - Background container scan was interrupted.
2024-06-12 17:08:22,507 [ContainerDataScanner(/home/runner/work/ozone/ozone/hadoop-ozone/integration-test/target/test-dir/MiniOzoneClusterImpl-0353e991-6c3e-4832-95ff-5850d237b4c9/ozone-meta/datanode-1/data-0/hdds)] INFO  ozoneimpl.AbstractBackgroundContainerScanner (AbstractBackgroundContainerScanner.java:run(61)) - ContainerDataScanner(/home/runner/work/ozone/ozone/hadoop-ozone/integration-test/target/test-dir/MiniOzoneClusterImpl-0353e991-6c3e-4832-95ff-5850d237b4c9/ozone-meta/datanode-1/data-0/hdds, DS-51f09283-1fa7-4d45-8e05-2b7e1318bf22) exiting.
2024-06-12 17:08:22,507 [main] INFO  ozoneimpl.OnDemandContainerDataScanner (OnDemandContainerDataScanner.java:shutdownScanner(206)) - On-demand container scanner is shutting down.
2024-06-12 17:08:22,508 [main] INFO  server.RaftServer (RaftServerProxy.java:lambda$close$9(416)) - 691380cd-fa1e-45b9-9936-538793566ee4: close
2024-06-12 17:08:22,508 [691380cd-fa1e-45b9-9936-538793566ee4-impl-thread1] INFO  server.RaftServer$Division (RaftServerImpl.java:lambda$close$3(526)) - 691380cd-fa1e-45b9-9936-538793566ee4@group-8DB8E933025C: shutdown
2024-06-12 17:08:22,508 [691380cd-fa1e-45b9-9936-538793566ee4-impl-thread1] INFO  util.JmxRegister (JmxRegister.java:unregister(73)) - Successfully un-registered JMX Bean with object name Ratis:service=RaftServer,group=group-8DB8E933025C,id=691380cd-fa1e-45b9-9936-538793566ee4
2024-06-12 17:08:22,508 [691380cd-fa1e-45b9-9936-538793566ee4-impl-thread1] INFO  impl.RoleInfo (RoleInfo.java:shutdownFollowerState(110)) - 691380cd-fa1e-45b9-9936-538793566ee4: shutdown 691380cd-fa1e-45b9-9936-538793566ee4@group-8DB8E933025C-FollowerState
2024-06-12 17:08:22,508 [691380cd-fa1e-45b9-9936-538793566ee4-impl-thread1] INFO  impl.StateMachineUpdater (StateMachineUpdater.java:stopAndJoin(157)) - 691380cd-fa1e-45b9-9936-538793566ee4@group-8DB8E933025C-StateMachineUpdater: set stopIndex = 13
2024-06-12 17:08:22,508 [691380cd-fa1e-45b9-9936-538793566ee4-impl-thread2] INFO  server.RaftServer$Division (RaftServerImpl.java:lambda$close$3(526)) - 691380cd-fa1e-45b9-9936-538793566ee4@group-72129660A1FB: shutdown
2024-06-12 17:08:22,508 [691380cd-fa1e-45b9-9936-538793566ee4@group-8DB8E933025C-FollowerState] INFO  impl.FollowerState (FollowerState.java:run(152)) - 691380cd-fa1e-45b9-9936-538793566ee4@group-8DB8E933025C-FollowerState was interrupted
2024-06-12 17:08:22,508 [691380cd-fa1e-45b9-9936-538793566ee4-impl-thread2] INFO  util.JmxRegister (JmxRegister.java:unregister(73)) - Successfully un-registered JMX Bean with object name Ratis:service=RaftServer,group=group-72129660A1FB,id=691380cd-fa1e-45b9-9936-538793566ee4
2024-06-12 17:08:22,508 [691380cd-fa1e-45b9-9936-538793566ee4-impl-thread2] INFO  impl.RoleInfo (RoleInfo.java:shutdownLeaderState(94)) - 691380cd-fa1e-45b9-9936-538793566ee4: shutdown 691380cd-fa1e-45b9-9936-538793566ee4@group-72129660A1FB-LeaderStateImpl
2024-06-12 17:08:22,508 [691380cd-fa1e-45b9-9936-538793566ee4@group-8DB8E933025C-StateMachineUpdater] INFO  ratis.ContainerStateMachine (ContainerStateMachine.java:takeSnapshot(355)) - group-8DB8E933025C: Taking a snapshot at:(t:1, i:13) file /home/runner/work/ozone/ozone/hadoop-ozone/integration-test/target/test-dir/MiniOzoneClusterImpl-0353e991-6c3e-4832-95ff-5850d237b4c9/ozone-meta/datanode-1/ratis/738ccdf1-229f-4656-88f2-8db8e933025c/sm/snapshot.1_13
2024-06-12 17:08:22,508 [691380cd-fa1e-45b9-9936-538793566ee4-impl-thread3] INFO  server.RaftServer$Division (RaftServerImpl.java:lambda$close$3(526)) - 691380cd-fa1e-45b9-9936-538793566ee4@group-16F1E0710B8C: shutdown
2024-06-12 17:08:22,509 [691380cd-fa1e-45b9-9936-538793566ee4-impl-thread3] INFO  util.JmxRegister (JmxRegister.java:unregister(73)) - Successfully un-registered JMX Bean with object name Ratis:service=RaftServer,group=group-16F1E0710B8C,id=691380cd-fa1e-45b9-9936-538793566ee4
2024-06-12 17:08:22,509 [691380cd-fa1e-45b9-9936-538793566ee4-impl-thread3] INFO  impl.RoleInfo (RoleInfo.java:shutdownFollowerState(110)) - 691380cd-fa1e-45b9-9936-538793566ee4: shutdown 691380cd-fa1e-45b9-9936-538793566ee4@group-16F1E0710B8C-FollowerState
2024-06-12 17:08:22,509 [691380cd-fa1e-45b9-9936-538793566ee4-impl-thread3] INFO  impl.StateMachineUpdater (StateMachineUpdater.java:stopAndJoin(157)) - 691380cd-fa1e-45b9-9936-538793566ee4@group-16F1E0710B8C-StateMachineUpdater: set stopIndex = 0
2024-06-12 17:08:22,509 [691380cd-fa1e-45b9-9936-538793566ee4@group-16F1E0710B8C-StateMachineUpdater] INFO  ratis.ContainerStateMachine (ContainerStateMachine.java:takeSnapshot(355)) - group-16F1E0710B8C: Taking a snapshot at:(t:1, i:0) file /home/runner/work/ozone/ozone/hadoop-ozone/integration-test/target/test-dir/MiniOzoneClusterImpl-0353e991-6c3e-4832-95ff-5850d237b4c9/ozone-meta/datanode-1/ratis/17d09cab-d0cf-4e70-b251-16f1e0710b8c/sm/snapshot.1_0
2024-06-12 17:08:22,509 [main] INFO  server.GrpcService (GrpcService.java:closeImpl(311)) - 691380cd-fa1e-45b9-9936-538793566ee4: shutdown server org.apache.ratis.grpc.server.GrpcClientProtocolService now
2024-06-12 17:08:22,509 [691380cd-fa1e-45b9-9936-538793566ee4@group-16F1E0710B8C-FollowerState] INFO  impl.FollowerState (FollowerState.java:run(152)) - 691380cd-fa1e-45b9-9936-538793566ee4@group-16F1E0710B8C-FollowerState was interrupted
2024-06-12 17:08:22,509 [691380cd-fa1e-45b9-9936-538793566ee4-impl-thread4] INFO  server.RaftServer$Division (RaftServerImpl.java:lambda$close$3(526)) - 691380cd-fa1e-45b9-9936-538793566ee4@group-06C4850D5BE6: shutdown
2024-06-12 17:08:22,509 [691380cd-fa1e-45b9-9936-538793566ee4-impl-thread2] INFO  impl.PendingRequests (PendingRequests.java:sendNotLeaderResponses(289)) - 691380cd-fa1e-45b9-9936-538793566ee4@group-72129660A1FB-PendingRequests: sendNotLeaderResponses
2024-06-12 17:08:22,510 [691380cd-fa1e-45b9-9936-538793566ee4@group-16F1E0710B8C-StateMachineUpdater] INFO  ratis.ContainerStateMachine (ContainerStateMachine.java:takeSnapshot(366)) - group-16F1E0710B8C: Finished taking a snapshot at:(t:1, i:0) file:/home/runner/work/ozone/ozone/hadoop-ozone/integration-test/target/test-dir/MiniOzoneClusterImpl-0353e991-6c3e-4832-95ff-5850d237b4c9/ozone-meta/datanode-1/ratis/17d09cab-d0cf-4e70-b251-16f1e0710b8c/sm/snapshot.1_0 took: 1 ms
2024-06-12 17:08:22,510 [691380cd-fa1e-45b9-9936-538793566ee4-impl-thread4] INFO  util.JmxRegister (JmxRegister.java:unregister(73)) - Successfully un-registered JMX Bean with object name Ratis:service=RaftServer,group=group-06C4850D5BE6,id=691380cd-fa1e-45b9-9936-538793566ee4
2024-06-12 17:08:22,510 [Thread-1770] INFO  server.GrpcServerProtocolClient (GrpcServerProtocolClient.java:close(103)) - f3fc0661-daf3-46cc-b6b9-cf28bd2102cf Close channels
2024-06-12 17:08:22,510 [Thread-1768] INFO  server.GrpcServerProtocolClient (GrpcServerProtocolClient.java:close(103)) - 92e0ccad-9c5a-447b-b545-333a3cb7e193 Close channels
2024-06-12 17:08:22,510 [691380cd-fa1e-45b9-9936-538793566ee4@group-8DB8E933025C-StateMachineUpdater] INFO  ratis.ContainerStateMachine (ContainerStateMachine.java:takeSnapshot(366)) - group-8DB8E933025C: Finished taking a snapshot at:(t:1, i:13) file:/home/runner/work/ozone/ozone/hadoop-ozone/integration-test/target/test-dir/MiniOzoneClusterImpl-0353e991-6c3e-4832-95ff-5850d237b4c9/ozone-meta/datanode-1/ratis/738ccdf1-229f-4656-88f2-8db8e933025c/sm/snapshot.1_13 took: 2 ms
2024-06-12 17:08:22,510 [691380cd-fa1e-45b9-9936-538793566ee4@group-8DB8E933025C-StateMachineUpdater] INFO  impl.StateMachineUpdater (StateMachineUpdater.java:takeSnapshot(295)) - 691380cd-fa1e-45b9-9936-538793566ee4@group-8DB8E933025C-StateMachineUpdater: Took a snapshot at index 13
2024-06-12 17:08:22,510 [691380cd-fa1e-45b9-9936-538793566ee4@group-8DB8E933025C-StateMachineUpdater] INFO  impl.StateMachineUpdater (StateMachineUpdater.java:lambda$new$0(98)) - 691380cd-fa1e-45b9-9936-538793566ee4@group-8DB8E933025C-StateMachineUpdater: snapshotIndex: updateIncreasingly -1 -> 13
2024-06-12 17:08:22,510 [691380cd-fa1e-45b9-9936-538793566ee4-impl-thread1] INFO  server.RaftServer$Division (ServerState.java:close(427)) - 691380cd-fa1e-45b9-9936-538793566ee4@group-8DB8E933025C: applyIndex: 13
2024-06-12 17:08:22,511 [691380cd-fa1e-45b9-9936-538793566ee4@group-8DB8E933025C-cacheEviction-AwaitToRun] INFO  util.AwaitToRun (AwaitToRun.java:run(49)) - 691380cd-fa1e-45b9-9936-538793566ee4@group-8DB8E933025C-cacheEviction-AwaitToRun-AwaitForSignal is interrupted
2024-06-12 17:08:22,510 [691380cd-fa1e-45b9-9936-538793566ee4@group-16F1E0710B8C-StateMachineUpdater] INFO  impl.StateMachineUpdater (StateMachineUpdater.java:takeSnapshot(295)) - 691380cd-fa1e-45b9-9936-538793566ee4@group-16F1E0710B8C-StateMachineUpdater: Took a snapshot at index 0
2024-06-12 17:08:22,511 [691380cd-fa1e-45b9-9936-538793566ee4@group-16F1E0710B8C-StateMachineUpdater] INFO  impl.StateMachineUpdater (StateMachineUpdater.java:lambda$new$0(98)) - 691380cd-fa1e-45b9-9936-538793566ee4@group-16F1E0710B8C-StateMachineUpdater: snapshotIndex: updateIncreasingly -1 -> 0
2024-06-12 17:08:22,510 [691380cd-fa1e-45b9-9936-538793566ee4-impl-thread4] INFO  impl.RoleInfo (RoleInfo.java:shutdownLeaderState(94)) - 691380cd-fa1e-45b9-9936-538793566ee4: shutdown 691380cd-fa1e-45b9-9936-538793566ee4@group-06C4850D5BE6-LeaderStateImpl
2024-06-12 17:08:22,511 [691380cd-fa1e-45b9-9936-538793566ee4-impl-thread3] INFO  server.RaftServer$Division (ServerState.java:close(427)) - 691380cd-fa1e-45b9-9936-538793566ee4@group-16F1E0710B8C: applyIndex: 0
2024-06-12 17:08:22,511 [691380cd-fa1e-45b9-9936-538793566ee4@group-06C4850D5BE6->92e0ccad-9c5a-447b-b545-333a3cb7e193-GrpcLogAppender-LogAppenderDaemon] WARN  server.GrpcLogAppender (GrpcLogAppender.java:mayWait(289)) - 691380cd-fa1e-45b9-9936-538793566ee4@group-06C4850D5BE6->92e0ccad-9c5a-447b-b545-333a3cb7e193-GrpcLogAppender: Wait interrupted by java.lang.InterruptedException
2024-06-12 17:08:22,511 [691380cd-fa1e-45b9-9936-538793566ee4@group-16F1E0710B8C-cacheEviction-AwaitToRun] INFO  util.AwaitToRun (AwaitToRun.java:run(49)) - 691380cd-fa1e-45b9-9936-538793566ee4@group-16F1E0710B8C-cacheEviction-AwaitToRun-AwaitForSignal is interrupted
2024-06-12 17:08:22,511 [691380cd-fa1e-45b9-9936-538793566ee4-impl-thread4] INFO  impl.PendingRequests (PendingRequests.java:sendNotLeaderResponses(289)) - 691380cd-fa1e-45b9-9936-538793566ee4@group-06C4850D5BE6-PendingRequests: sendNotLeaderResponses
2024-06-12 17:08:22,512 [grpc-default-executor-4] INFO  server.GrpcServerProtocolService (GrpcServerProtocolService.java:onCompleted(157)) - 92e0ccad-9c5a-447b-b545-333a3cb7e193: Completed APPEND_ENTRIES, lastRequest: null
2024-06-12 17:08:22,514 [grpc-default-executor-4] INFO  server.GrpcServerProtocolService (GrpcServerProtocolService.java:lambda$onCompleted$5(159)) - 92e0ccad-9c5a-447b-b545-333a3cb7e193: Completed APPEND_ENTRIES, lastReply: serverReply {
  requestorId: "691380cd-fa1e-45b9-9936-538793566ee4"
  replyId: "92e0ccad-9c5a-447b-b545-333a3cb7e193"
  raftGroupId {
    id: "\312I\024\241\216\265Ip\254]\006\304\205\r[\346"
  }
  callId: 10
  success: true
}
term: 1
nextIndex: 1
matchIndex: 18446744073709551615
isHearbeat: true

2024-06-12 17:08:22,514 [grpc-default-executor-5] INFO  server.GrpcLogAppender (GrpcLogAppender.java:onCompleted(546)) - 691380cd-fa1e-45b9-9936-538793566ee4@group-06C4850D5BE6->92e0ccad-9c5a-447b-b545-333a3cb7e193-AppendLogResponseHandler: follower responses appendEntries COMPLETED
2024-06-12 17:08:22,514 [grpc-default-executor-5] WARN  server.GrpcLogAppender (GrpcLogAppender.java:resetClient(226)) - 691380cd-fa1e-45b9-9936-538793566ee4@group-06C4850D5BE6->92e0ccad-9c5a-447b-b545-333a3cb7e193-GrpcLogAppender: Failed to getClient for 92e0ccad-9c5a-447b-b545-333a3cb7e193
org.apache.ratis.protocol.exceptions.AlreadyClosedException: 691380cd-fa1e-45b9-9936-538793566ee4 is already CLOSED
	at org.apache.ratis.util.PeerProxyMap$PeerAndProxy.getProxy(PeerProxyMap.java:65)
	at org.apache.ratis.util.PeerProxyMap.getProxy(PeerProxyMap.java:114)
	at org.apache.ratis.grpc.server.GrpcLogAppender.getClient(GrpcLogAppender.java:196)
	at org.apache.ratis.grpc.server.GrpcLogAppender.resetClient(GrpcLogAppender.java:201)
	at org.apache.ratis.grpc.server.GrpcLogAppender.access$800(GrpcLogAppender.java:62)
	at org.apache.ratis.grpc.server.GrpcLogAppender$AppendLogResponseHandler.onCompleted(GrpcLogAppender.java:547)
	at org.apache.ratis.thirdparty.io.grpc.stub.ClientCalls$StreamObserverToCallListenerAdapter.onClose(ClientCalls.java:479)
	at org.apache.ratis.thirdparty.io.grpc.internal.DelayedClientCall$DelayedListener$3.run(DelayedClientCall.java:489)
	at org.apache.ratis.thirdparty.io.grpc.internal.DelayedClientCall$DelayedListener.delayOrExecute(DelayedClientCall.java:453)
	at org.apache.ratis.thirdparty.io.grpc.internal.DelayedClientCall$DelayedListener.onClose(DelayedClientCall.java:486)
	at org.apache.ratis.thirdparty.io.grpc.internal.ClientCallImpl.closeObserver(ClientCallImpl.java:567)
	at org.apache.ratis.thirdparty.io.grpc.internal.ClientCallImpl.access$300(ClientCallImpl.java:71)
	at org.apache.ratis.thirdparty.io.grpc.internal.ClientCallImpl$ClientStreamListenerImpl$1StreamClosed.runInternal(ClientCallImpl.java:735)
	at org.apache.ratis.thirdparty.io.grpc.internal.ClientCallImpl$ClientStreamListenerImpl$1StreamClosed.runInContext(ClientCallImpl.java:716)
	at org.apache.ratis.thirdparty.io.grpc.internal.ContextRunnable.run(ContextRunnable.java:37)
	at org.apache.ratis.thirdparty.io.grpc.internal.SerializingExecutor.run(SerializingExecutor.java:133)
	at java.base/java.util.concurrent.ThreadPoolExecutor.runWorker(ThreadPoolExecutor.java:1136)
	at java.base/java.util.concurrent.ThreadPoolExecutor$Worker.run(ThreadPoolExecutor.java:635)
	at java.base/java.lang.Thread.run(Thread.java:840)
2024-06-12 17:08:22,512 [grpc-default-executor-3] INFO  server.GrpcServerProtocolService (GrpcServerProtocolService.java:onCompleted(157)) - 92e0ccad-9c5a-447b-b545-333a3cb7e193: Completed APPEND_ENTRIES, lastRequest: 691380cd-fa1e-45b9-9936-538793566ee4->92e0ccad-9c5a-447b-b545-333a3cb7e193#1-t1,previous=(t:0, i:0),leaderCommit=-1,initializing? false,entries: size=1, first=(t:1, i:0), CONFIGURATIONENTRY(current:id: "92e0ccad-9c5a-447b-b545-333a3cb7e193"
address: "127.0.0.1:15085"
dataStreamAddress: "127.0.0.1:15086"
clientAddress: "127.0.0.1:15083"
adminAddress: "127.0.0.1:15084"
startupRole: FOLLOWER
,id: "691380cd-fa1e-45b9-9936-538793566ee4"
address: "127.0.0.1:15067"
priority: 1
dataStreamAddress: "127.0.0.1:15068"
clientAddress: "127.0.0.1:15065"
adminAddress: "127.0.0.1:15066"
startupRole: FOLLOWER
,id: "f3fc0661-daf3-46cc-b6b9-cf28bd2102cf"
address: "127.0.0.1:15076"
dataStreamAddress: "127.0.0.1:15077"
clientAddress: "127.0.0.1:15074"
adminAddress: "127.0.0.1:15075"
startupRole: FOLLOWER
, old:)
2024-06-12 17:08:22,515 [grpc-default-executor-3] INFO  server.GrpcServerProtocolService (GrpcServerProtocolService.java:lambda$onCompleted$5(159)) - 92e0ccad-9c5a-447b-b545-333a3cb7e193: Completed APPEND_ENTRIES, lastReply: null
2024-06-12 17:08:22,512 [691380cd-fa1e-45b9-9936-538793566ee4-impl-thread2] INFO  impl.StateMachineUpdater (StateMachineUpdater.java:stopAndJoin(157)) - 691380cd-fa1e-45b9-9936-538793566ee4@group-72129660A1FB-StateMachineUpdater: set stopIndex = 0
2024-06-12 17:08:22,512 [691380cd-fa1e-45b9-9936-538793566ee4@group-72129660A1FB-StateMachineUpdater] INFO  ratis.ContainerStateMachine (ContainerStateMachine.java:takeSnapshot(355)) - group-72129660A1FB: Taking a snapshot at:(t:1, i:0) file /home/runner/work/ozone/ozone/hadoop-ozone/integration-test/target/test-dir/MiniOzoneClusterImpl-0353e991-6c3e-4832-95ff-5850d237b4c9/ozone-meta/datanode-1/ratis/13764b87-4ec0-4bdd-b29c-72129660a1fb/sm/snapshot.1_0
2024-06-12 17:08:22,511 [691380cd-fa1e-45b9-9936-538793566ee4@group-06C4850D5BE6->f3fc0661-daf3-46cc-b6b9-cf28bd2102cf-GrpcLogAppender-LogAppenderDaemon] WARN  server.GrpcLogAppender (GrpcLogAppender.java:mayWait(289)) - 691380cd-fa1e-45b9-9936-538793566ee4@group-06C4850D5BE6->f3fc0661-daf3-46cc-b6b9-cf28bd2102cf-GrpcLogAppender: Wait interrupted by java.lang.InterruptedException
2024-06-12 17:08:22,515 [grpc-default-executor-4] INFO  server.GrpcLogAppender (GrpcLogAppender.java:onCompleted(546)) - 691380cd-fa1e-45b9-9936-538793566ee4@group-06C4850D5BE6->92e0ccad-9c5a-447b-b545-333a3cb7e193-AppendLogResponseHandler: follower responses appendEntries COMPLETED
2024-06-12 17:08:22,515 [691380cd-fa1e-45b9-9936-538793566ee4-impl-thread4] INFO  impl.StateMachineUpdater (StateMachineUpdater.java:stopAndJoin(157)) - 691380cd-fa1e-45b9-9936-538793566ee4@group-06C4850D5BE6-StateMachineUpdater: set stopIndex = 0
2024-06-12 17:08:22,515 [691380cd-fa1e-45b9-9936-538793566ee4@group-06C4850D5BE6-StateMachineUpdater] INFO  ratis.ContainerStateMachine (ContainerStateMachine.java:takeSnapshot(355)) - group-06C4850D5BE6: Taking a snapshot at:(t:1, i:0) file /home/runner/work/ozone/ozone/hadoop-ozone/integration-test/target/test-dir/MiniOzoneClusterImpl-0353e991-6c3e-4832-95ff-5850d237b4c9/ozone-meta/datanode-1/ratis/ca4914a1-8eb5-4970-ac5d-06c4850d5be6/sm/snapshot.1_0
2024-06-12 17:08:22,515 [691380cd-fa1e-45b9-9936-538793566ee4@group-72129660A1FB-StateMachineUpdater] INFO  ratis.ContainerStateMachine (ContainerStateMachine.java:takeSnapshot(366)) - group-72129660A1FB: Finished taking a snapshot at:(t:1, i:0) file:/home/runner/work/ozone/ozone/hadoop-ozone/integration-test/target/test-dir/MiniOzoneClusterImpl-0353e991-6c3e-4832-95ff-5850d237b4c9/ozone-meta/datanode-1/ratis/13764b87-4ec0-4bdd-b29c-72129660a1fb/sm/snapshot.1_0 took: 4 ms
2024-06-12 17:08:22,516 [grpc-default-executor-3] INFO  server.GrpcServerProtocolService (GrpcServerProtocolService.java:onCompleted(157)) - f3fc0661-daf3-46cc-b6b9-cf28bd2102cf: Completed APPEND_ENTRIES, lastRequest: null
2024-06-12 17:08:22,516 [691380cd-fa1e-45b9-9936-538793566ee4@group-72129660A1FB-StateMachineUpdater] INFO  impl.StateMachineUpdater (StateMachineUpdater.java:takeSnapshot(295)) - 691380cd-fa1e-45b9-9936-538793566ee4@group-72129660A1FB-StateMachineUpdater: Took a snapshot at index 0
2024-06-12 17:08:22,516 [grpc-default-executor-3] INFO  server.GrpcServerProtocolService (GrpcServerProtocolService.java:lambda$onCompleted$5(159)) - f3fc0661-daf3-46cc-b6b9-cf28bd2102cf: Completed APPEND_ENTRIES, lastReply: serverReply {
  requestorId: "691380cd-fa1e-45b9-9936-538793566ee4"
  replyId: "f3fc0661-daf3-46cc-b6b9-cf28bd2102cf"
  raftGroupId {
    id: "\312I\024\241\216\265Ip\254]\006\304\205\r[\346"
  }
  callId: 7
  success: true
}
term: 1
nextIndex: 1
matchIndex: 18446744073709551615
isHearbeat: true

2024-06-12 17:08:22,516 [691380cd-fa1e-45b9-9936-538793566ee4@group-06C4850D5BE6-StateMachineUpdater] INFO  ratis.ContainerStateMachine (ContainerStateMachine.java:takeSnapshot(366)) - group-06C4850D5BE6: Finished taking a snapshot at:(t:1, i:0) file:/home/runner/work/ozone/ozone/hadoop-ozone/integration-test/target/test-dir/MiniOzoneClusterImpl-0353e991-6c3e-4832-95ff-5850d237b4c9/ozone-meta/datanode-1/ratis/ca4914a1-8eb5-4970-ac5d-06c4850d5be6/sm/snapshot.1_0 took: 1 ms
2024-06-12 17:08:22,516 [691380cd-fa1e-45b9-9936-538793566ee4@group-06C4850D5BE6-StateMachineUpdater] INFO  impl.StateMachineUpdater (StateMachineUpdater.java:takeSnapshot(295)) - 691380cd-fa1e-45b9-9936-538793566ee4@group-06C4850D5BE6-StateMachineUpdater: Took a snapshot at index 0
2024-06-12 17:08:22,516 [691380cd-fa1e-45b9-9936-538793566ee4@group-06C4850D5BE6-StateMachineUpdater] INFO  impl.StateMachineUpdater (StateMachineUpdater.java:lambda$new$0(98)) - 691380cd-fa1e-45b9-9936-538793566ee4@group-06C4850D5BE6-StateMachineUpdater: snapshotIndex: updateIncreasingly -1 -> 0
2024-06-12 17:08:22,517 [grpc-default-executor-3] INFO  server.GrpcLogAppender (GrpcLogAppender.java:onCompleted(546)) - 691380cd-fa1e-45b9-9936-538793566ee4@group-06C4850D5BE6->f3fc0661-daf3-46cc-b6b9-cf28bd2102cf-AppendLogResponseHandler: follower responses appendEntries COMPLETED
2024-06-12 17:08:22,517 [grpc-default-executor-5] INFO  server.GrpcServerProtocolService (GrpcServerProtocolService.java:onCompleted(157)) - f3fc0661-daf3-46cc-b6b9-cf28bd2102cf: Completed APPEND_ENTRIES, lastRequest: 691380cd-fa1e-45b9-9936-538793566ee4->f3fc0661-daf3-46cc-b6b9-cf28bd2102cf#1-t1,previous=(t:0, i:0),leaderCommit=-1,initializing? false,entries: size=1, first=(t:1, i:0), CONFIGURATIONENTRY(current:id: "92e0ccad-9c5a-447b-b545-333a3cb7e193"
address: "127.0.0.1:15085"
dataStreamAddress: "127.0.0.1:15086"
clientAddress: "127.0.0.1:15083"
adminAddress: "127.0.0.1:15084"
startupRole: FOLLOWER
,id: "691380cd-fa1e-45b9-9936-538793566ee4"
address: "127.0.0.1:15067"
priority: 1
dataStreamAddress: "127.0.0.1:15068"
clientAddress: "127.0.0.1:15065"
adminAddress: "127.0.0.1:15066"
startupRole: FOLLOWER
,id: "f3fc0661-daf3-46cc-b6b9-cf28bd2102cf"
address: "127.0.0.1:15076"
dataStreamAddress: "127.0.0.1:15077"
clientAddress: "127.0.0.1:15074"
adminAddress: "127.0.0.1:15075"
startupRole: FOLLOWER
, old:)
2024-06-12 17:08:22,517 [grpc-default-executor-5] INFO  server.GrpcServerProtocolService (GrpcServerProtocolService.java:lambda$onCompleted$5(159)) - f3fc0661-daf3-46cc-b6b9-cf28bd2102cf: Completed APPEND_ENTRIES, lastReply: null
2024-06-12 17:08:22,517 [grpc-default-executor-2] INFO  server.GrpcLogAppender (GrpcLogAppender.java:onCompleted(546)) - 691380cd-fa1e-45b9-9936-538793566ee4@group-06C4850D5BE6->f3fc0661-daf3-46cc-b6b9-cf28bd2102cf-AppendLogResponseHandler: follower responses appendEntries COMPLETED
2024-06-12 17:08:22,517 [grpc-default-executor-2] WARN  server.GrpcLogAppender (GrpcLogAppender.java:resetClient(226)) - 691380cd-fa1e-45b9-9936-538793566ee4@group-06C4850D5BE6->f3fc0661-daf3-46cc-b6b9-cf28bd2102cf-GrpcLogAppender: Failed to getClient for f3fc0661-daf3-46cc-b6b9-cf28bd2102cf
org.apache.ratis.protocol.exceptions.AlreadyClosedException: 691380cd-fa1e-45b9-9936-538793566ee4 is already CLOSED
	at org.apache.ratis.util.PeerProxyMap$PeerAndProxy.getProxy(PeerProxyMap.java:65)
	at org.apache.ratis.util.PeerProxyMap.getProxy(PeerProxyMap.java:114)
	at org.apache.ratis.grpc.server.GrpcLogAppender.getClient(GrpcLogAppender.java:196)
	at org.apache.ratis.grpc.server.GrpcLogAppender.resetClient(GrpcLogAppender.java:201)
	at org.apache.ratis.grpc.server.GrpcLogAppender.access$800(GrpcLogAppender.java:62)
	at org.apache.ratis.grpc.server.GrpcLogAppender$AppendLogResponseHandler.onCompleted(GrpcLogAppender.java:547)
	at org.apache.ratis.thirdparty.io.grpc.stub.ClientCalls$StreamObserverToCallListenerAdapter.onClose(ClientCalls.java:479)
	at org.apache.ratis.thirdparty.io.grpc.internal.ClientCallImpl.closeObserver(ClientCallImpl.java:567)
	at org.apache.ratis.thirdparty.io.grpc.internal.ClientCallImpl.access$300(ClientCallImpl.java:71)
	at org.apache.ratis.thirdparty.io.grpc.internal.ClientCallImpl$ClientStreamListenerImpl$1StreamClosed.runInternal(ClientCallImpl.java:735)
	at org.apache.ratis.thirdparty.io.grpc.internal.ClientCallImpl$ClientStreamListenerImpl$1StreamClosed.runInContext(ClientCallImpl.java:716)
	at org.apache.ratis.thirdparty.io.grpc.internal.ContextRunnable.run(ContextRunnable.java:37)
	at org.apache.ratis.thirdparty.io.grpc.internal.SerializingExecutor.run(SerializingExecutor.java:133)
	at java.base/java.util.concurrent.ThreadPoolExecutor.runWorker(ThreadPoolExecutor.java:1136)
	at java.base/java.util.concurrent.ThreadPoolExecutor$Worker.run(ThreadPoolExecutor.java:635)
	at java.base/java.lang.Thread.run(Thread.java:840)
2024-06-12 17:08:22,515 [grpc-default-executor-4] WARN  server.GrpcLogAppender (GrpcLogAppender.java:resetClient(226)) - 691380cd-fa1e-45b9-9936-538793566ee4@group-06C4850D5BE6->92e0ccad-9c5a-447b-b545-333a3cb7e193-GrpcLogAppender: Failed to getClient for 92e0ccad-9c5a-447b-b545-333a3cb7e193
org.apache.ratis.protocol.exceptions.AlreadyClosedException: 691380cd-fa1e-45b9-9936-538793566ee4 is already CLOSED
	at org.apache.ratis.util.PeerProxyMap$PeerAndProxy.getProxy(PeerProxyMap.java:65)
	at org.apache.ratis.util.PeerProxyMap.getProxy(PeerProxyMap.java:114)
	at org.apache.ratis.grpc.server.GrpcLogAppender.getClient(GrpcLogAppender.java:196)
	at org.apache.ratis.grpc.server.GrpcLogAppender.resetClient(GrpcLogAppender.java:201)
	at org.apache.ratis.grpc.server.GrpcLogAppender.access$800(GrpcLogAppender.java:62)
	at org.apache.ratis.grpc.server.GrpcLogAppender$AppendLogResponseHandler.onCompleted(GrpcLogAppender.java:547)
	at org.apache.ratis.thirdparty.io.grpc.stub.ClientCalls$StreamObserverToCallListenerAdapter.onClose(ClientCalls.java:479)
	at org.apache.ratis.thirdparty.io.grpc.internal.ClientCallImpl.closeObserver(ClientCallImpl.java:567)
	at org.apache.ratis.thirdparty.io.grpc.internal.ClientCallImpl.access$300(ClientCallImpl.java:71)
	at org.apache.ratis.thirdparty.io.grpc.internal.ClientCallImpl$ClientStreamListenerImpl$1StreamClosed.runInternal(ClientCallImpl.java:735)
	at org.apache.ratis.thirdparty.io.grpc.internal.ClientCallImpl$ClientStreamListenerImpl$1StreamClosed.runInContext(ClientCallImpl.java:716)
	at org.apache.ratis.thirdparty.io.grpc.internal.ContextRunnable.run(ContextRunnable.java:37)
	at org.apache.ratis.thirdparty.io.grpc.internal.SerializingExecutor.run(SerializingExecutor.java:133)
	at java.base/java.util.concurrent.ThreadPoolExecutor.runWorker(ThreadPoolExecutor.java:1136)
	at java.base/java.util.concurrent.ThreadPoolExecutor$Worker.run(ThreadPoolExecutor.java:635)
	at java.base/java.lang.Thread.run(Thread.java:840)
2024-06-12 17:08:22,517 [691380cd-fa1e-45b9-9936-538793566ee4-impl-thread4] INFO  server.RaftServer$Division (ServerState.java:close(427)) - 691380cd-fa1e-45b9-9936-538793566ee4@group-06C4850D5BE6: applyIndex: 0
2024-06-12 17:08:22,517 [grpc-default-executor-3] WARN  server.GrpcLogAppender (GrpcLogAppender.java:resetClient(226)) - 691380cd-fa1e-45b9-9936-538793566ee4@group-06C4850D5BE6->f3fc0661-daf3-46cc-b6b9-cf28bd2102cf-GrpcLogAppender: Failed to getClient for f3fc0661-daf3-46cc-b6b9-cf28bd2102cf
org.apache.ratis.protocol.exceptions.AlreadyClosedException: 691380cd-fa1e-45b9-9936-538793566ee4 is already CLOSED
	at org.apache.ratis.util.PeerProxyMap$PeerAndProxy.getProxy(PeerProxyMap.java:65)
	at org.apache.ratis.util.PeerProxyMap.getProxy(PeerProxyMap.java:114)
	at org.apache.ratis.grpc.server.GrpcLogAppender.getClient(GrpcLogAppender.java:196)
	at org.apache.ratis.grpc.server.GrpcLogAppender.resetClient(GrpcLogAppender.java:201)
	at org.apache.ratis.grpc.server.GrpcLogAppender.access$800(GrpcLogAppender.java:62)
	at org.apache.ratis.grpc.server.GrpcLogAppender$AppendLogResponseHandler.onCompleted(GrpcLogAppender.java:547)
	at org.apache.ratis.thirdparty.io.grpc.stub.ClientCalls$StreamObserverToCallListenerAdapter.onClose(ClientCalls.java:479)
	at org.apache.ratis.thirdparty.io.grpc.internal.DelayedClientCall$DelayedListener$3.run(DelayedClientCall.java:489)
	at org.apache.ratis.thirdparty.io.grpc.internal.DelayedClientCall$DelayedListener.delayOrExecute(DelayedClientCall.java:453)
	at org.apache.ratis.thirdparty.io.grpc.internal.DelayedClientCall$DelayedListener.onClose(DelayedClientCall.java:486)
	at org.apache.ratis.thirdparty.io.grpc.internal.ClientCallImpl.closeObserver(ClientCallImpl.java:567)
	at org.apache.ratis.thirdparty.io.grpc.internal.ClientCallImpl.access$300(ClientCallImpl.java:71)
	at org.apache.ratis.thirdparty.io.grpc.internal.ClientCallImpl$ClientStreamListenerImpl$1StreamClosed.runInternal(ClientCallImpl.java:735)
	at org.apache.ratis.thirdparty.io.grpc.internal.ClientCallImpl$ClientStreamListenerImpl$1StreamClosed.runInContext(ClientCallImpl.java:716)
	at org.apache.ratis.thirdparty.io.grpc.internal.ContextRunnable.run(ContextRunnable.java:37)
	at org.apache.ratis.thirdparty.io.grpc.internal.SerializingExecutor.run(SerializingExecutor.java:133)
	at java.base/java.util.concurrent.ThreadPoolExecutor.runWorker(ThreadPoolExecutor.java:1136)
	at java.base/java.util.concurrent.ThreadPoolExecutor$Worker.run(ThreadPoolExecutor.java:635)
	at java.base/java.lang.Thread.run(Thread.java:840)
2024-06-12 17:08:22,516 [691380cd-fa1e-45b9-9936-538793566ee4@group-72129660A1FB-StateMachineUpdater] INFO  impl.StateMachineUpdater (StateMachineUpdater.java:lambda$new$0(98)) - 691380cd-fa1e-45b9-9936-538793566ee4@group-72129660A1FB-StateMachineUpdater: snapshotIndex: updateIncreasingly -1 -> 0
2024-06-12 17:08:22,518 [691380cd-fa1e-45b9-9936-538793566ee4@group-06C4850D5BE6-cacheEviction-AwaitToRun] INFO  util.AwaitToRun (AwaitToRun.java:run(49)) - 691380cd-fa1e-45b9-9936-538793566ee4@group-06C4850D5BE6-cacheEviction-AwaitToRun-AwaitForSignal is interrupted
2024-06-12 17:08:22,518 [691380cd-fa1e-45b9-9936-538793566ee4-impl-thread2] INFO  server.RaftServer$Division (ServerState.java:close(427)) - 691380cd-fa1e-45b9-9936-538793566ee4@group-72129660A1FB: applyIndex: 0
2024-06-12 17:08:22,518 [691380cd-fa1e-45b9-9936-538793566ee4@group-72129660A1FB-cacheEviction-AwaitToRun] INFO  util.AwaitToRun (AwaitToRun.java:run(49)) - 691380cd-fa1e-45b9-9936-538793566ee4@group-72129660A1FB-cacheEviction-AwaitToRun-AwaitForSignal is interrupted
2024-06-12 17:08:22,521 [main] INFO  server.GrpcService (GrpcService.java:closeImpl(320)) - 691380cd-fa1e-45b9-9936-538793566ee4: shutdown server org.apache.ratis.grpc.server.GrpcClientProtocolService successfully
2024-06-12 17:08:22,521 [main] INFO  server.GrpcService (GrpcService.java:closeImpl(311)) - 691380cd-fa1e-45b9-9936-538793566ee4: shutdown server GrpcServerProtocolService now
2024-06-12 17:08:22,522 [grpc-default-executor-5] WARN  server.GrpcServerProtocolService (LogUtils.java:warn(121)) - 691380cd-fa1e-45b9-9936-538793566ee4: APPEND_ENTRIES onError, lastRequest: null: org.apache.ratis.thirdparty.io.grpc.StatusRuntimeException: CANCELLED: client cancelled
2024-06-12 17:08:22,523 [grpc-default-executor-2] WARN  server.GrpcServerProtocolService (LogUtils.java:warn(121)) - 691380cd-fa1e-45b9-9936-538793566ee4: APPEND_ENTRIES onError, lastRequest: f3fc0661-daf3-46cc-b6b9-cf28bd2102cf->691380cd-fa1e-45b9-9936-538793566ee4#37-t1,previous=(t:1, i:13),leaderCommit=13,initializing? false,entries: size=1, first=(t:1, i:14), METADATAENTRY(c:13): org.apache.ratis.thirdparty.io.grpc.StatusRuntimeException: CANCELLED: client cancelled
2024-06-12 17:08:22,523 [grpc-default-executor-4] WARN  server.GrpcServerProtocolService (LogUtils.java:warn(121)) - 691380cd-fa1e-45b9-9936-538793566ee4: APPEND_ENTRIES onError, lastRequest: null: org.apache.ratis.thirdparty.io.grpc.StatusRuntimeException: CANCELLED: client cancelled
2024-06-12 17:08:22,523 [grpc-default-executor-1] WARN  server.GrpcServerProtocolService (LogUtils.java:warn(121)) - 691380cd-fa1e-45b9-9936-538793566ee4: APPEND_ENTRIES onError, lastRequest: 92e0ccad-9c5a-447b-b545-333a3cb7e193->691380cd-fa1e-45b9-9936-538793566ee4#1-t1,previous=(t:0, i:0),leaderCommit=-1,initializing? false,entries: size=1, first=(t:1, i:0), CONFIGURATIONENTRY(current:id: "92e0ccad-9c5a-447b-b545-333a3cb7e193"
address: "127.0.0.1:15085"
priority: 1
dataStreamAddress: "127.0.0.1:15086"
clientAddress: "127.0.0.1:15083"
adminAddress: "127.0.0.1:15084"
startupRole: FOLLOWER
,id: "691380cd-fa1e-45b9-9936-538793566ee4"
address: "127.0.0.1:15067"
dataStreamAddress: "127.0.0.1:15068"
clientAddress: "127.0.0.1:15065"
adminAddress: "127.0.0.1:15066"
startupRole: FOLLOWER
,id: "f3fc0661-daf3-46cc-b6b9-cf28bd2102cf"
address: "127.0.0.1:15076"
dataStreamAddress: "127.0.0.1:15077"
clientAddress: "127.0.0.1:15074"
adminAddress: "127.0.0.1:15075"
startupRole: FOLLOWER
, old:): org.apache.ratis.thirdparty.io.grpc.StatusRuntimeException: CANCELLED: client cancelled
2024-06-12 17:08:22,523 [main] INFO  server.GrpcService (GrpcService.java:closeImpl(320)) - 691380cd-fa1e-45b9-9936-538793566ee4: shutdown server GrpcServerProtocolService successfully
2024-06-12 17:08:22,523 [main] INFO  server.GrpcService (GrpcService.java:closeImpl(311)) - 691380cd-fa1e-45b9-9936-538793566ee4: shutdown server org.apache.ratis.grpc.server.GrpcAdminProtocolService now
2024-06-12 17:08:22,523 [grpc-default-executor-5] WARN  server.GrpcLogAppender (LogUtils.java:warn(121)) - 92e0ccad-9c5a-447b-b545-333a3cb7e193@group-16F1E0710B8C->691380cd-fa1e-45b9-9936-538793566ee4-AppendLogResponseHandler: Failed appendEntries: org.apache.ratis.thirdparty.io.grpc.StatusRuntimeException: CANCELLED: RST_STREAM closed stream. HTTP/2 error code: CANCEL
2024-06-12 17:08:22,524 [grpc-default-executor-5] WARN  server.GrpcLogAppender (GrpcLogAppender.java:lambda$resetClient$1(217)) - 92e0ccad-9c5a-447b-b545-333a3cb7e193@group-16F1E0710B8C->691380cd-fa1e-45b9-9936-538793566ee4-GrpcLogAppender: Follower failed (request=null, errorCount=1); keep nextIndex (1) unchanged and retry.
2024-06-12 17:08:22,524 [grpc-default-executor-5] WARN  server.GrpcLogAppender (LogUtils.java:warn(121)) - f3fc0661-daf3-46cc-b6b9-cf28bd2102cf@group-8DB8E933025C->691380cd-fa1e-45b9-9936-538793566ee4-AppendLogResponseHandler: Failed appendEntries: org.apache.ratis.thirdparty.io.grpc.StatusRuntimeException: CANCELLED: RST_STREAM closed stream. HTTP/2 error code: CANCEL
2024-06-12 17:08:22,524 [grpc-default-executor-5] WARN  server.GrpcLogAppender (GrpcLogAppender.java:lambda$resetClient$1(217)) - f3fc0661-daf3-46cc-b6b9-cf28bd2102cf@group-8DB8E933025C->691380cd-fa1e-45b9-9936-538793566ee4-GrpcLogAppender: Follower failed (request=null, errorCount=1); keep nextIndex (15) unchanged and retry.
2024-06-12 17:08:22,525 [main] INFO  server.GrpcService (GrpcService.java:closeImpl(320)) - 691380cd-fa1e-45b9-9936-538793566ee4: shutdown server org.apache.ratis.grpc.server.GrpcAdminProtocolService successfully
2024-06-12 17:08:22,528 [691380cd-fa1e-45b9-9936-538793566ee4-NettyServerStreamRpc-bossGroup--thread1] INFO  logging.LoggingHandler (AbstractInternalLogger.java:log(148)) - [id: 0x3ca076d3, L:/0.0.0.0:15068] CLOSE
2024-06-12 17:08:22,528 [691380cd-fa1e-45b9-9936-538793566ee4-NettyServerStreamRpc-bossGroup--thread1] INFO  logging.LoggingHandler (AbstractInternalLogger.java:log(148)) - [id: 0x3ca076d3, L:/0.0.0.0:15068] INACTIVE
2024-06-12 17:08:22,528 [691380cd-fa1e-45b9-9936-538793566ee4-NettyServerStreamRpc-bossGroup--thread1] INFO  logging.LoggingHandler (AbstractInternalLogger.java:log(148)) - [id: 0x3ca076d3, L:/0.0.0.0:15068] UNREGISTERED
2024-06-12 17:08:23,006 [691380cd-fa1e-45b9-9936-538793566ee4-impl-thread2] INFO  segmented.SegmentedRaftLogWorker (SegmentedRaftLogWorker.java:close(245)) - 691380cd-fa1e-45b9-9936-538793566ee4@group-72129660A1FB-SegmentedRaftLogWorker close()
2024-06-12 17:08:23,166 [691380cd-fa1e-45b9-9936-538793566ee4-impl-thread3] INFO  segmented.SegmentedRaftLogWorker (SegmentedRaftLogWorker.java:close(245)) - 691380cd-fa1e-45b9-9936-538793566ee4@group-16F1E0710B8C-SegmentedRaftLogWorker close()
2024-06-12 17:08:23,193 [691380cd-fa1e-45b9-9936-538793566ee4-impl-thread4] INFO  segmented.SegmentedRaftLogWorker (SegmentedRaftLogWorker.java:close(245)) - 691380cd-fa1e-45b9-9936-538793566ee4@group-06C4850D5BE6-SegmentedRaftLogWorker close()
2024-06-12 17:08:23,503 [691380cd-fa1e-45b9-9936-538793566ee4-impl-thread1] INFO  segmented.SegmentedRaftLogWorker (SegmentedRaftLogWorker.java:close(245)) - 691380cd-fa1e-45b9-9936-538793566ee4@group-8DB8E933025C-SegmentedRaftLogWorker close()
2024-06-12 17:08:23,504 [JvmPauseMonitor9] INFO  util.JvmPauseMonitor (JvmPauseMonitor.java:run(152)) - JvmPauseMonitor-691380cd-fa1e-45b9-9936-538793566ee4: Stopped
2024-06-12 17:08:25,450 [92e0ccad-9c5a-447b-b545-333a3cb7e193@group-06C4850D5BE6-FollowerState] INFO  impl.FollowerState (FollowerState.java:run(143)) - 92e0ccad-9c5a-447b-b545-333a3cb7e193@group-06C4850D5BE6-FollowerState: change to CANDIDATE, lastRpcElapsedTime:5198213196ns, electionTimeout:5139ms
2024-06-12 17:08:25,450 [92e0ccad-9c5a-447b-b545-333a3cb7e193@group-06C4850D5BE6-FollowerState] INFO  impl.RoleInfo (RoleInfo.java:shutdownFollowerState(110)) - 92e0ccad-9c5a-447b-b545-333a3cb7e193: shutdown 92e0ccad-9c5a-447b-b545-333a3cb7e193@group-06C4850D5BE6-FollowerState
2024-06-12 17:08:25,450 [92e0ccad-9c5a-447b-b545-333a3cb7e193@group-06C4850D5BE6-FollowerState] INFO  server.RaftServer$Division (RaftServerImpl.java:setRole(383)) - 92e0ccad-9c5a-447b-b545-333a3cb7e193@group-06C4850D5BE6: changes role from  FOLLOWER to CANDIDATE at term 1 for changeToCandidate
2024-06-12 17:08:25,450 [92e0ccad-9c5a-447b-b545-333a3cb7e193@group-06C4850D5BE6-FollowerState] INFO  server.RaftServerConfigKeys (ConfUtils.java:logGet(46)) - raft.server.leaderelection.pre-vote = true (default)
2024-06-12 17:08:25,450 [92e0ccad-9c5a-447b-b545-333a3cb7e193@group-06C4850D5BE6-FollowerState] INFO  impl.RoleInfo (RoleInfo.java:updateAndGet(139)) - 92e0ccad-9c5a-447b-b545-333a3cb7e193: start 92e0ccad-9c5a-447b-b545-333a3cb7e193@group-06C4850D5BE6-LeaderElection25
2024-06-12 17:08:25,451 [92e0ccad-9c5a-447b-b545-333a3cb7e193@group-06C4850D5BE6-LeaderElection25] INFO  server.RaftServer$Division (ServerState.java:setLeader(269)) - 92e0ccad-9c5a-447b-b545-333a3cb7e193@group-06C4850D5BE6: change Leader from 691380cd-fa1e-45b9-9936-538793566ee4 to null at term 1 for PRE_VOTE
2024-06-12 17:08:25,451 [92e0ccad-9c5a-447b-b545-333a3cb7e193@group-06C4850D5BE6-LeaderElection25] INFO  impl.LeaderElection (LeaderElection.java:askForVotes(321)) - 92e0ccad-9c5a-447b-b545-333a3cb7e193@group-06C4850D5BE6-LeaderElection25 PRE_VOTE round 0: submit vote requests at term 1 for 0: peers:[92e0ccad-9c5a-447b-b545-333a3cb7e193|127.0.0.1:15085, 691380cd-fa1e-45b9-9936-538793566ee4|127.0.0.1:15067, f3fc0661-daf3-46cc-b6b9-cf28bd2102cf|127.0.0.1:15076]|listeners:[], old=null
2024-06-12 17:08:25,452 [92e0ccad-9c5a-447b-b545-333a3cb7e193@group-06C4850D5BE6-LeaderElection25] INFO  impl.LeaderElection (LogUtils.java:infoOrTrace(136)) - 92e0ccad-9c5a-447b-b545-333a3cb7e193@group-06C4850D5BE6-LeaderElection25 got exception when requesting votes: java.util.concurrent.ExecutionException: org.apache.ratis.thirdparty.io.grpc.StatusRuntimeException: UNAVAILABLE: io exception
2024-06-12 17:08:25,453 [grpc-default-executor-5] INFO  server.RaftServer$Division (RaftServerImpl.java:requestVote(1389)) - f3fc0661-daf3-46cc-b6b9-cf28bd2102cf@group-06C4850D5BE6: receive requestVote(PRE_VOTE, 92e0ccad-9c5a-447b-b545-333a3cb7e193, group-06C4850D5BE6, 1, (t:1, i:0))
2024-06-12 17:08:25,453 [grpc-default-executor-5] INFO  impl.VoteContext (VoteContext.java:log(49)) - f3fc0661-daf3-46cc-b6b9-cf28bd2102cf@group-06C4850D5BE6-FOLLOWER: accept PRE_VOTE from 92e0ccad-9c5a-447b-b545-333a3cb7e193: our priority 0 <= candidate's priority 0
2024-06-12 17:08:25,453 [grpc-default-executor-5] INFO  server.RaftServer$Division (RaftServerImpl.java:requestVote(1422)) - f3fc0661-daf3-46cc-b6b9-cf28bd2102cf@group-06C4850D5BE6 replies to PRE_VOTE vote request: 92e0ccad-9c5a-447b-b545-333a3cb7e193<-f3fc0661-daf3-46cc-b6b9-cf28bd2102cf#0:OK-t1. Peer's state: f3fc0661-daf3-46cc-b6b9-cf28bd2102cf@group-06C4850D5BE6:t1, leader=691380cd-fa1e-45b9-9936-538793566ee4, voted=691380cd-fa1e-45b9-9936-538793566ee4, raftlog=Memoized:f3fc0661-daf3-46cc-b6b9-cf28bd2102cf@group-06C4850D5BE6-SegmentedRaftLog:OPENED:c0, conf=0: peers:[92e0ccad-9c5a-447b-b545-333a3cb7e193|127.0.0.1:15085, 691380cd-fa1e-45b9-9936-538793566ee4|127.0.0.1:15067, f3fc0661-daf3-46cc-b6b9-cf28bd2102cf|127.0.0.1:15076]|listeners:[], old=null
2024-06-12 17:08:25,454 [92e0ccad-9c5a-447b-b545-333a3cb7e193@group-06C4850D5BE6-LeaderElection25] INFO  impl.LeaderElection (LeaderElection.java:logAndReturn(89)) - 92e0ccad-9c5a-447b-b545-333a3cb7e193@group-06C4850D5BE6-LeaderElection25: PRE_VOTE PASSED received 1 response(s) and 1 exception(s):
2024-06-12 17:08:25,454 [92e0ccad-9c5a-447b-b545-333a3cb7e193@group-06C4850D5BE6-LeaderElection25] INFO  impl.LeaderElection (LeaderElection.java:logAndReturn(93)) -   Response 0: 92e0ccad-9c5a-447b-b545-333a3cb7e193<-f3fc0661-daf3-46cc-b6b9-cf28bd2102cf#0:OK-t1
2024-06-12 17:08:25,454 [92e0ccad-9c5a-447b-b545-333a3cb7e193@group-06C4850D5BE6-LeaderElection25] INFO  impl.LeaderElection (LogUtils.java:infoOrTrace(136)) -   Exception 1: java.util.concurrent.ExecutionException: org.apache.ratis.thirdparty.io.grpc.StatusRuntimeException: UNAVAILABLE: io exception
2024-06-12 17:08:25,454 [92e0ccad-9c5a-447b-b545-333a3cb7e193@group-06C4850D5BE6-LeaderElection25] INFO  impl.LeaderElection (LeaderElection.java:askForVotes(323)) - 92e0ccad-9c5a-447b-b545-333a3cb7e193@group-06C4850D5BE6-LeaderElection25 PRE_VOTE round 0: result PASSED
2024-06-12 17:08:25,455 [92e0ccad-9c5a-447b-b545-333a3cb7e193@group-06C4850D5BE6-LeaderElection25] INFO  impl.LeaderElection (LeaderElection.java:askForVotes(321)) - 92e0ccad-9c5a-447b-b545-333a3cb7e193@group-06C4850D5BE6-LeaderElection25 ELECTION round 0: submit vote requests at term 2 for 0: peers:[92e0ccad-9c5a-447b-b545-333a3cb7e193|127.0.0.1:15085, 691380cd-fa1e-45b9-9936-538793566ee4|127.0.0.1:15067, f3fc0661-daf3-46cc-b6b9-cf28bd2102cf|127.0.0.1:15076]|listeners:[], old=null
2024-06-12 17:08:25,456 [92e0ccad-9c5a-447b-b545-333a3cb7e193@group-06C4850D5BE6-LeaderElection25] INFO  impl.LeaderElection (LogUtils.java:infoOrTrace(136)) - 92e0ccad-9c5a-447b-b545-333a3cb7e193@group-06C4850D5BE6-LeaderElection25 got exception when requesting votes: java.util.concurrent.ExecutionException: org.apache.ratis.thirdparty.io.grpc.StatusRuntimeException: UNAVAILABLE: io exception
2024-06-12 17:08:25,457 [grpc-default-executor-5] INFO  server.RaftServer$Division (RaftServerImpl.java:requestVote(1389)) - f3fc0661-daf3-46cc-b6b9-cf28bd2102cf@group-06C4850D5BE6: receive requestVote(ELECTION, 92e0ccad-9c5a-447b-b545-333a3cb7e193, group-06C4850D5BE6, 2, (t:1, i:0))
2024-06-12 17:08:25,457 [grpc-default-executor-5] INFO  impl.VoteContext (VoteContext.java:log(49)) - f3fc0661-daf3-46cc-b6b9-cf28bd2102cf@group-06C4850D5BE6-FOLLOWER: accept ELECTION from 92e0ccad-9c5a-447b-b545-333a3cb7e193: our priority 0 <= candidate's priority 0
2024-06-12 17:08:25,457 [grpc-default-executor-5] INFO  server.RaftServer$Division (ServerState.java:setLeader(269)) - f3fc0661-daf3-46cc-b6b9-cf28bd2102cf@group-06C4850D5BE6: change Leader from 691380cd-fa1e-45b9-9936-538793566ee4 to null at term 2 for updateCurrentTerm
2024-06-12 17:08:25,457 [grpc-default-executor-5] INFO  server.RaftServer$Division (RaftServerImpl.java:setRole(383)) - f3fc0661-daf3-46cc-b6b9-cf28bd2102cf@group-06C4850D5BE6: changes role from  FOLLOWER to FOLLOWER at term 2 for candidate:92e0ccad-9c5a-447b-b545-333a3cb7e193
2024-06-12 17:08:25,457 [grpc-default-executor-5] INFO  impl.RoleInfo (RoleInfo.java:shutdownFollowerState(110)) - f3fc0661-daf3-46cc-b6b9-cf28bd2102cf: shutdown f3fc0661-daf3-46cc-b6b9-cf28bd2102cf@group-06C4850D5BE6-FollowerState
2024-06-12 17:08:25,457 [grpc-default-executor-5] INFO  impl.RoleInfo (RoleInfo.java:updateAndGet(139)) - f3fc0661-daf3-46cc-b6b9-cf28bd2102cf: start f3fc0661-daf3-46cc-b6b9-cf28bd2102cf@group-06C4850D5BE6-FollowerState
2024-06-12 17:08:25,457 [f3fc0661-daf3-46cc-b6b9-cf28bd2102cf@group-06C4850D5BE6-FollowerState] INFO  impl.FollowerState (FollowerState.java:run(152)) - f3fc0661-daf3-46cc-b6b9-cf28bd2102cf@group-06C4850D5BE6-FollowerState was interrupted
2024-06-12 17:08:25,458 [grpc-default-executor-5] INFO  server.RaftServer$Division (RaftServerImpl.java:requestVote(1422)) - f3fc0661-daf3-46cc-b6b9-cf28bd2102cf@group-06C4850D5BE6 replies to ELECTION vote request: 92e0ccad-9c5a-447b-b545-333a3cb7e193<-f3fc0661-daf3-46cc-b6b9-cf28bd2102cf#0:OK-t2. Peer's state: f3fc0661-daf3-46cc-b6b9-cf28bd2102cf@group-06C4850D5BE6:t2, leader=null, voted=92e0ccad-9c5a-447b-b545-333a3cb7e193, raftlog=Memoized:f3fc0661-daf3-46cc-b6b9-cf28bd2102cf@group-06C4850D5BE6-SegmentedRaftLog:OPENED:c0, conf=0: peers:[92e0ccad-9c5a-447b-b545-333a3cb7e193|127.0.0.1:15085, 691380cd-fa1e-45b9-9936-538793566ee4|127.0.0.1:15067, f3fc0661-daf3-46cc-b6b9-cf28bd2102cf|127.0.0.1:15076]|listeners:[], old=null
2024-06-12 17:08:25,459 [92e0ccad-9c5a-447b-b545-333a3cb7e193@group-06C4850D5BE6-LeaderElection25] INFO  impl.LeaderElection (LeaderElection.java:logAndReturn(89)) - 92e0ccad-9c5a-447b-b545-333a3cb7e193@group-06C4850D5BE6-LeaderElection25: ELECTION PASSED received 1 response(s) and 1 exception(s):
2024-06-12 17:08:25,459 [92e0ccad-9c5a-447b-b545-333a3cb7e193@group-06C4850D5BE6-LeaderElection25] INFO  impl.LeaderElection (LeaderElection.java:logAndReturn(93)) -   Response 0: 92e0ccad-9c5a-447b-b545-333a3cb7e193<-f3fc0661-daf3-46cc-b6b9-cf28bd2102cf#0:OK-t2
2024-06-12 17:08:25,459 [92e0ccad-9c5a-447b-b545-333a3cb7e193@group-06C4850D5BE6-LeaderElection25] INFO  impl.LeaderElection (LogUtils.java:infoOrTrace(136)) -   Exception 1: java.util.concurrent.ExecutionException: org.apache.ratis.thirdparty.io.grpc.StatusRuntimeException: UNAVAILABLE: io exception
2024-06-12 17:08:25,459 [92e0ccad-9c5a-447b-b545-333a3cb7e193@group-06C4850D5BE6-LeaderElection25] INFO  impl.LeaderElection (LeaderElection.java:askForVotes(323)) - 92e0ccad-9c5a-447b-b545-333a3cb7e193@group-06C4850D5BE6-LeaderElection25 ELECTION round 0: result PASSED
2024-06-12 17:08:25,459 [92e0ccad-9c5a-447b-b545-333a3cb7e193@group-06C4850D5BE6-LeaderElection25] INFO  impl.RoleInfo (RoleInfo.java:shutdownLeaderElection(130)) - 92e0ccad-9c5a-447b-b545-333a3cb7e193: shutdown 92e0ccad-9c5a-447b-b545-333a3cb7e193@group-06C4850D5BE6-LeaderElection25
2024-06-12 17:08:25,459 [92e0ccad-9c5a-447b-b545-333a3cb7e193@group-06C4850D5BE6-LeaderElection25] INFO  server.RaftServer$Division (RaftServerImpl.java:setRole(383)) - 92e0ccad-9c5a-447b-b545-333a3cb7e193@group-06C4850D5BE6: changes role from CANDIDATE to LEADER at term 2 for changeToLeader
2024-06-12 17:08:25,459 [92e0ccad-9c5a-447b-b545-333a3cb7e193@group-06C4850D5BE6-LeaderElection25] INFO  server.RaftServerConfigKeys (ConfUtils.java:logGet(46)) - raft.server.staging.catchup.gap = 1000 (default)
2024-06-12 17:08:25,459 [92e0ccad-9c5a-447b-b545-333a3cb7e193@group-06C4850D5BE6-LeaderElection25] INFO  server.RaftServerConfigKeys (ConfUtils.java:logGet(46)) - raft.server.write.element-limit = 1024 (custom)
2024-06-12 17:08:25,459 [92e0ccad-9c5a-447b-b545-333a3cb7e193@group-06C4850D5BE6-LeaderElection25] INFO  server.RaftServerConfigKeys (ConfUtils.java:logGet(46)) - raft.server.write.byte-limit = 1024 M (=1073741824) (custom)
2024-06-12 17:08:25,460 [92e0ccad-9c5a-447b-b545-333a3cb7e193@group-06C4850D5BE6-LeaderElection25] INFO  server.RaftServerConfigKeys (ConfUtils.java:logGet(46)) - raft.server.watch.timeout = 3000ms (custom)
2024-06-12 17:08:25,460 [92e0ccad-9c5a-447b-b545-333a3cb7e193@group-06C4850D5BE6-LeaderElection25] INFO  server.RaftServerConfigKeys (ConfUtils.java:logGet(46)) - raft.server.watch.timeout.denomination = 1s (default)
2024-06-12 17:08:25,460 [92e0ccad-9c5a-447b-b545-333a3cb7e193@group-06C4850D5BE6-LeaderElection25] INFO  server.RaftServerConfigKeys (ConfUtils.java:logGet(46)) - raft.server.watch.element-limit = 65536 (default)
2024-06-12 17:08:25,460 [92e0ccad-9c5a-447b-b545-333a3cb7e193@group-06C4850D5BE6-LeaderElection25] INFO  server.RaftServerConfigKeys (ConfUtils.java:logGet(46)) - raft.server.read.leader.lease.enabled = false (default)
2024-06-12 17:08:25,460 [92e0ccad-9c5a-447b-b545-333a3cb7e193@group-06C4850D5BE6-LeaderElection25] INFO  server.RaftServerConfigKeys (ConfUtils.java:logGet(46)) - raft.server.read.leader.lease.timeout.ratio = 0.9 (default)
2024-06-12 17:08:25,460 [92e0ccad-9c5a-447b-b545-333a3cb7e193@group-06C4850D5BE6-LeaderElection25] INFO  server.RaftServerConfigKeys (ConfUtils.java:logGet(46)) - raft.server.rpc.timeout.min = 5s (custom)
2024-06-12 17:08:25,460 [92e0ccad-9c5a-447b-b545-333a3cb7e193@group-06C4850D5BE6-LeaderElection25] INFO  server.RaftServerConfigKeys (ConfUtils.java:logGet(46)) - raft.server.write.element-limit = 1024 (custom)
2024-06-12 17:08:25,460 [92e0ccad-9c5a-447b-b545-333a3cb7e193@group-06C4850D5BE6-LeaderElection25] INFO  server.RaftServerConfigKeys (ConfUtils.java:logGet(46)) - raft.server.write.follower.gap.ratio.max = -1.0 (default)
2024-06-12 17:08:25,461 [92e0ccad-9c5a-447b-b545-333a3cb7e193@group-06C4850D5BE6-LeaderElection25] INFO  server.RaftServerConfigKeys (ConfUtils.java:logGet(46)) - raft.server.log.appender.snapshot.chunk.size.max = 16MB (=16777216) (default)
2024-06-12 17:08:25,461 [92e0ccad-9c5a-447b-b545-333a3cb7e193@group-06C4850D5BE6-LeaderElection25] INFO  server.RaftServerConfigKeys (ConfUtils.java:logGet(46)) - raft.server.log.appender.buffer.byte-limit = 8388608 (custom)
2024-06-12 17:08:25,461 [92e0ccad-9c5a-447b-b545-333a3cb7e193@group-06C4850D5BE6-LeaderElection25] INFO  server.RaftServerConfigKeys (ConfUtils.java:logGet(46)) - raft.server.log.appender.buffer.element-limit = 1024 (custom)
2024-06-12 17:08:25,461 [92e0ccad-9c5a-447b-b545-333a3cb7e193@group-06C4850D5BE6-LeaderElection25] INFO  server.RaftServerConfigKeys (ConfUtils.java:logGet(46)) - raft.server.log.appender.wait-time.min = 0ms (custom)
2024-06-12 17:08:25,461 [92e0ccad-9c5a-447b-b545-333a3cb7e193@group-06C4850D5BE6-LeaderElection25] INFO  grpc.GrpcConfigKeys (ConfUtils.java:logGet(46)) - raft.grpc.server.leader.outstanding.appends.max = 8 (default)
2024-06-12 17:08:25,461 [92e0ccad-9c5a-447b-b545-333a3cb7e193@group-06C4850D5BE6-LeaderElection25] INFO  server.RaftServerConfigKeys (ConfUtils.java:logGet(46)) - raft.server.rpc.request.timeout = 3000ms (default)
2024-06-12 17:08:25,461 [92e0ccad-9c5a-447b-b545-333a3cb7e193@group-06C4850D5BE6-LeaderElection25] INFO  grpc.GrpcConfigKeys (ConfUtils.java:logGet(46)) - raft.grpc.server.install_snapshot.request.element-limit = 8 (default)
2024-06-12 17:08:25,461 [92e0ccad-9c5a-447b-b545-333a3cb7e193@group-06C4850D5BE6-LeaderElection25] INFO  grpc.GrpcConfigKeys (ConfUtils.java:logGet(46)) - raft.grpc.server.install_snapshot.request.timeout = 3000ms (default)
2024-06-12 17:08:25,461 [92e0ccad-9c5a-447b-b545-333a3cb7e193@group-06C4850D5BE6-LeaderElection25] INFO  grpc.GrpcConfigKeys (ConfUtils.java:logGet(46)) - raft.grpc.server.log-message.batch.duration = 5s (default)
2024-06-12 17:08:25,461 [92e0ccad-9c5a-447b-b545-333a3cb7e193@group-06C4850D5BE6-LeaderElection25] INFO  server.RaftServerConfigKeys (ConfUtils.java:logGet(46)) - raft.server.log.appender.install.snapshot.enabled = false (custom)
2024-06-12 17:08:25,462 [92e0ccad-9c5a-447b-b545-333a3cb7e193@group-06C4850D5BE6-LeaderElection25] INFO  grpc.GrpcConfigKeys (ConfUtils.java:logGet(46)) - raft.grpc.server.heartbeat.channel = true (default)
2024-06-12 17:08:25,462 [92e0ccad-9c5a-447b-b545-333a3cb7e193@group-06C4850D5BE6-LeaderElection25] INFO  server.RaftServerConfigKeys (ConfUtils.java:logGet(46)) - raft.server.log.appender.snapshot.chunk.size.max = 16MB (=16777216) (default)
2024-06-12 17:08:25,462 [92e0ccad-9c5a-447b-b545-333a3cb7e193@group-06C4850D5BE6-LeaderElection25] INFO  server.RaftServerConfigKeys (ConfUtils.java:logGet(46)) - raft.server.log.appender.buffer.byte-limit = 8388608 (custom)
2024-06-12 17:08:25,462 [92e0ccad-9c5a-447b-b545-333a3cb7e193@group-06C4850D5BE6-LeaderElection25] INFO  server.RaftServerConfigKeys (ConfUtils.java:logGet(46)) - raft.server.log.appender.buffer.element-limit = 1024 (custom)
2024-06-12 17:08:25,462 [92e0ccad-9c5a-447b-b545-333a3cb7e193@group-06C4850D5BE6-LeaderElection25] INFO  server.RaftServerConfigKeys (ConfUtils.java:logGet(46)) - raft.server.log.appender.wait-time.min = 0ms (custom)
2024-06-12 17:08:25,462 [92e0ccad-9c5a-447b-b545-333a3cb7e193@group-06C4850D5BE6-LeaderElection25] INFO  grpc.GrpcConfigKeys (ConfUtils.java:logGet(46)) - raft.grpc.server.leader.outstanding.appends.max = 8 (default)
2024-06-12 17:08:25,462 [92e0ccad-9c5a-447b-b545-333a3cb7e193@group-06C4850D5BE6-LeaderElection25] INFO  server.RaftServerConfigKeys (ConfUtils.java:logGet(46)) - raft.server.rpc.request.timeout = 3000ms (default)
2024-06-12 17:08:25,462 [92e0ccad-9c5a-447b-b545-333a3cb7e193@group-06C4850D5BE6-LeaderElection25] INFO  grpc.GrpcConfigKeys (ConfUtils.java:logGet(46)) - raft.grpc.server.install_snapshot.request.element-limit = 8 (default)
2024-06-12 17:08:25,462 [92e0ccad-9c5a-447b-b545-333a3cb7e193@group-06C4850D5BE6-LeaderElection25] INFO  grpc.GrpcConfigKeys (ConfUtils.java:logGet(46)) - raft.grpc.server.install_snapshot.request.timeout = 3000ms (default)
2024-06-12 17:08:25,463 [92e0ccad-9c5a-447b-b545-333a3cb7e193@group-06C4850D5BE6-LeaderElection25] INFO  grpc.GrpcConfigKeys (ConfUtils.java:logGet(46)) - raft.grpc.server.log-message.batch.duration = 5s (default)
2024-06-12 17:08:25,463 [92e0ccad-9c5a-447b-b545-333a3cb7e193@group-06C4850D5BE6-LeaderElection25] INFO  server.RaftServerConfigKeys (ConfUtils.java:logGet(46)) - raft.server.log.appender.install.snapshot.enabled = false (custom)
2024-06-12 17:08:25,463 [92e0ccad-9c5a-447b-b545-333a3cb7e193@group-06C4850D5BE6-LeaderElection25] INFO  grpc.GrpcConfigKeys (ConfUtils.java:logGet(46)) - raft.grpc.server.heartbeat.channel = true (default)
2024-06-12 17:08:25,463 [92e0ccad-9c5a-447b-b545-333a3cb7e193@group-06C4850D5BE6-LeaderElection25] INFO  impl.RoleInfo (RoleInfo.java:updateAndGet(139)) - 92e0ccad-9c5a-447b-b545-333a3cb7e193: start 92e0ccad-9c5a-447b-b545-333a3cb7e193@group-06C4850D5BE6-LeaderStateImpl
2024-06-12 17:08:25,463 [92e0ccad-9c5a-447b-b545-333a3cb7e193@group-06C4850D5BE6-LeaderElection25] INFO  ratis.XceiverServerRatis (XceiverServerRatis.java:handleLeaderChangedNotification(966)) - Leader change notification received for group: group-06C4850D5BE6 with new leaderId: 92e0ccad-9c5a-447b-b545-333a3cb7e193
2024-06-12 17:08:25,463 [92e0ccad-9c5a-447b-b545-333a3cb7e193@group-06C4850D5BE6-LeaderElection25] INFO  server.RaftServer$Division (ServerState.java:setLeader(269)) - 92e0ccad-9c5a-447b-b545-333a3cb7e193@group-06C4850D5BE6: change Leader from null to 92e0ccad-9c5a-447b-b545-333a3cb7e193 at term 2 for becomeLeader, leader elected after 12ms
2024-06-12 17:08:25,464 [92e0ccad-9c5a-447b-b545-333a3cb7e193@group-06C4850D5BE6-LeaderElection25] INFO  segmented.SegmentedRaftLogWorker (SegmentedRaftLogWorker.java:rollLogSegment(435)) - 92e0ccad-9c5a-447b-b545-333a3cb7e193@group-06C4850D5BE6-SegmentedRaftLogWorker: Rolling segment log-0_0 to index:0
2024-06-12 17:08:25,465 [92e0ccad-9c5a-447b-b545-333a3cb7e193@group-06C4850D5BE6-LeaderElection25] INFO  server.RaftServer$Division (ServerState.java:setRaftConf(386)) - 92e0ccad-9c5a-447b-b545-333a3cb7e193@group-06C4850D5BE6: set configuration 1: peers:[92e0ccad-9c5a-447b-b545-333a3cb7e193|127.0.0.1:15085, 691380cd-fa1e-45b9-9936-538793566ee4|127.0.0.1:15067, f3fc0661-daf3-46cc-b6b9-cf28bd2102cf|127.0.0.1:15076]|listeners:[], old=null
2024-06-12 17:08:25,466 [92e0ccad-9c5a-447b-b545-333a3cb7e193@group-06C4850D5BE6-SegmentedRaftLogWorker] INFO  segmented.SegmentedRaftLogWorker (SegmentedRaftLogWorker.java:execute(591)) - 92e0ccad-9c5a-447b-b545-333a3cb7e193@group-06C4850D5BE6-SegmentedRaftLogWorker: Rolled log segment from /home/runner/work/ozone/ozone/hadoop-ozone/integration-test/target/test-dir/MiniOzoneClusterImpl-0353e991-6c3e-4832-95ff-5850d237b4c9/ozone-meta/datanode-3/ratis/ca4914a1-8eb5-4970-ac5d-06c4850d5be6/current/log_inprogress_0 to /home/runner/work/ozone/ozone/hadoop-ozone/integration-test/target/test-dir/MiniOzoneClusterImpl-0353e991-6c3e-4832-95ff-5850d237b4c9/ozone-meta/datanode-3/ratis/ca4914a1-8eb5-4970-ac5d-06c4850d5be6/current/log_0-0
2024-06-12 17:08:25,466 [92e0ccad-9c5a-447b-b545-333a3cb7e193@group-06C4850D5BE6-SegmentedRaftLogWorker] INFO  segmented.BufferedWriteChannel (BufferedWriteChannel.java:open(62)) - open log_inprogress_1 at position 0
2024-06-12 17:08:25,468 [f3fc0661-daf3-46cc-b6b9-cf28bd2102cf-server-thread3] INFO  ratis.XceiverServerRatis (XceiverServerRatis.java:handleLeaderChangedNotification(966)) - Leader change notification received for group: group-06C4850D5BE6 with new leaderId: 92e0ccad-9c5a-447b-b545-333a3cb7e193
2024-06-12 17:08:25,468 [f3fc0661-daf3-46cc-b6b9-cf28bd2102cf-server-thread3] INFO  server.RaftServer$Division (ServerState.java:setLeader(269)) - f3fc0661-daf3-46cc-b6b9-cf28bd2102cf@group-06C4850D5BE6: change Leader from null to 92e0ccad-9c5a-447b-b545-333a3cb7e193 at term 2 for appendEntries, leader elected after 10ms
2024-06-12 17:08:25,468 [grpc-default-executor-1] WARN  server.GrpcLogAppender (LogUtils.java:warn(121)) - 92e0ccad-9c5a-447b-b545-333a3cb7e193@group-06C4850D5BE6->691380cd-fa1e-45b9-9936-538793566ee4-AppendLogResponseHandler: Failed appendEntries: org.apache.ratis.thirdparty.io.grpc.StatusRuntimeException: UNAVAILABLE: io exception
2024-06-12 17:08:25,470 [f3fc0661-daf3-46cc-b6b9-cf28bd2102cf-server-thread1] INFO  server.RaftServer$Division (ServerState.java:setRaftConf(386)) - f3fc0661-daf3-46cc-b6b9-cf28bd2102cf@group-06C4850D5BE6: set configuration 1: peers:[92e0ccad-9c5a-447b-b545-333a3cb7e193|127.0.0.1:15085, 691380cd-fa1e-45b9-9936-538793566ee4|127.0.0.1:15067, f3fc0661-daf3-46cc-b6b9-cf28bd2102cf|127.0.0.1:15076]|listeners:[], old=null
2024-06-12 17:08:25,470 [f3fc0661-daf3-46cc-b6b9-cf28bd2102cf-server-thread1] INFO  segmented.SegmentedRaftLogWorker (SegmentedRaftLogWorker.java:rollLogSegment(435)) - f3fc0661-daf3-46cc-b6b9-cf28bd2102cf@group-06C4850D5BE6-SegmentedRaftLogWorker: Rolling segment log-0_0 to index:0
2024-06-12 17:08:25,471 [grpc-default-executor-4] WARN  server.GrpcLogAppender (GrpcLogAppender.java:lambda$resetClient$1(217)) - 92e0ccad-9c5a-447b-b545-333a3cb7e193@group-06C4850D5BE6->691380cd-fa1e-45b9-9936-538793566ee4-GrpcLogAppender: Follower failed (request=null, errorCount=2); keep nextIndex (2) unchanged and retry.
2024-06-12 17:08:25,471 [f3fc0661-daf3-46cc-b6b9-cf28bd2102cf@group-06C4850D5BE6-SegmentedRaftLogWorker] INFO  segmented.SegmentedRaftLogWorker (SegmentedRaftLogWorker.java:execute(591)) - f3fc0661-daf3-46cc-b6b9-cf28bd2102cf@group-06C4850D5BE6-SegmentedRaftLogWorker: Rolled log segment from /home/runner/work/ozone/ozone/hadoop-ozone/integration-test/target/test-dir/MiniOzoneClusterImpl-0353e991-6c3e-4832-95ff-5850d237b4c9/ozone-meta/datanode-2/ratis/ca4914a1-8eb5-4970-ac5d-06c4850d5be6/current/log_inprogress_0 to /home/runner/work/ozone/ozone/hadoop-ozone/integration-test/target/test-dir/MiniOzoneClusterImpl-0353e991-6c3e-4832-95ff-5850d237b4c9/ozone-meta/datanode-2/ratis/ca4914a1-8eb5-4970-ac5d-06c4850d5be6/current/log_0-0
2024-06-12 17:08:25,472 [f3fc0661-daf3-46cc-b6b9-cf28bd2102cf@group-06C4850D5BE6-SegmentedRaftLogWorker] INFO  segmented.BufferedWriteChannel (BufferedWriteChannel.java:open(62)) - open log_inprogress_1 at position 0
2024-06-12 17:08:25,483 [f3fc0661-daf3-46cc-b6b9-cf28bd2102cf@group-06C4850D5BE6-SegmentedRaftLogWorker] INFO  segmented.SegmentedRaftLogWorker (SegmentedRaftLogWorker.java:execute(634)) - f3fc0661-daf3-46cc-b6b9-cf28bd2102cf@group-06C4850D5BE6-SegmentedRaftLogWorker: created new log segment /home/runner/work/ozone/ozone/hadoop-ozone/integration-test/target/test-dir/MiniOzoneClusterImpl-0353e991-6c3e-4832-95ff-5850d237b4c9/ozone-meta/datanode-2/ratis/ca4914a1-8eb5-4970-ac5d-06c4850d5be6/current/log_inprogress_1
2024-06-12 17:08:25,483 [92e0ccad-9c5a-447b-b545-333a3cb7e193@group-06C4850D5BE6-SegmentedRaftLogWorker] INFO  segmented.SegmentedRaftLogWorker (SegmentedRaftLogWorker.java:execute(634)) - 92e0ccad-9c5a-447b-b545-333a3cb7e193@group-06C4850D5BE6-SegmentedRaftLogWorker: created new log segment /home/runner/work/ozone/ozone/hadoop-ozone/integration-test/target/test-dir/MiniOzoneClusterImpl-0353e991-6c3e-4832-95ff-5850d237b4c9/ozone-meta/datanode-3/ratis/ca4914a1-8eb5-4970-ac5d-06c4850d5be6/current/log_inprogress_1
2024-06-12 17:08:25,486 [92e0ccad-9c5a-447b-b545-333a3cb7e193@group-06C4850D5BE6-StateMachineUpdater] INFO  server.RaftServer$Division (LeaderStateImpl.java:isApplied(320)) - leader is ready since appliedIndex == 1 >= startIndex == 1
2024-06-12 17:08:25,486 [grpc-default-executor-5] WARN  server.GrpcLogAppender (GrpcLogAppender.java:lambda$resetClient$1(217)) - 92e0ccad-9c5a-447b-b545-333a3cb7e193@group-06C4850D5BE6->691380cd-fa1e-45b9-9936-538793566ee4-GrpcLogAppender: Follower failed (request=null, errorCount=5); keep nextIndex (3) unchanged and retry.
2024-06-12 17:08:25,506 [main] INFO  utils.DatanodeStoreCache (DatanodeStoreCache.java:shutdownCache(116)) - Skip clearing cache in mini cluster mode. Entries left: [/home/runner/work/ozone/ozone/hadoop-ozone/integration-test/target/test-dir/MiniOzoneClusterImpl-0353e991-6c3e-4832-95ff-5850d237b4c9/ozone-meta/datanode-1/data-0/hdds/0353e991-6c3e-4832-95ff-5850d237b4c9/DS-51f09283-1fa7-4d45-8e05-2b7e1318bf22/container.db, /home/runner/work/ozone/ozone/hadoop-ozone/integration-test/target/test-dir/MiniOzoneClusterImpl-0353e991-6c3e-4832-95ff-5850d237b4c9/ozone-meta/datanode-2/data-0/hdds/0353e991-6c3e-4832-95ff-5850d237b4c9/DS-04091f27-8bce-4bae-9f32-1cf1d1ca59c0/container.db, /home/runner/work/ozone/ozone/hadoop-ozone/integration-test/target/test-dir/MiniOzoneClusterImpl-0353e991-6c3e-4832-95ff-5850d237b4c9/ozone-meta/datanode-3/data-0/hdds/0353e991-6c3e-4832-95ff-5850d237b4c9/DS-7687d880-706f-46e8-992e-9953619eb57e/container.db, /home/runner/work/ozone/ozone/hadoop-ozone/integration-test/target/test-dir/MiniOzoneClusterImpl-0353e991-6c3e-4832-95ff-5850d237b4c9/ozone-meta/datanode-4/data-0/hdds/0353e991-6c3e-4832-95ff-5850d237b4c9/DS-accea906-20c6-470a-8ea7-4950e6a3364d/container.db, /home/runner/work/ozone/ozone/hadoop-ozone/integration-test/target/test-dir/MiniOzoneClusterImpl-0353e991-6c3e-4832-95ff-5850d237b4c9/ozone-meta/datanode-5/data-0/hdds/0353e991-6c3e-4832-95ff-5850d237b4c9/DS-f571cc45-3ee3-4043-b92f-8d118dca6f23/container.db]
2024-06-12 17:08:25,508 [main] INFO  utils.DatanodeStoreCache (DatanodeStoreCache.java:removeDB(110)) - Removed db /home/runner/work/ozone/ozone/hadoop-ozone/integration-test/target/test-dir/MiniOzoneClusterImpl-0353e991-6c3e-4832-95ff-5850d237b4c9/ozone-meta/datanode-1/data-0/hdds/0353e991-6c3e-4832-95ff-5850d237b4c9/DS-51f09283-1fa7-4d45-8e05-2b7e1318bf22/container.db from cache
2024-06-12 17:08:25,508 [main] INFO  volume.HddsVolume (HddsVolume.java:closeDbStore(470)) - SchemaV3 db is stopped at /home/runner/work/ozone/ozone/hadoop-ozone/integration-test/target/test-dir/MiniOzoneClusterImpl-0353e991-6c3e-4832-95ff-5850d237b4c9/ozone-meta/datanode-1/data-0/hdds/0353e991-6c3e-4832-95ff-5850d237b4c9/DS-51f09283-1fa7-4d45-8e05-2b7e1318bf22/container.db for volume DS-51f09283-1fa7-4d45-8e05-2b7e1318bf22
2024-06-12 17:08:25,509 [main] INFO  utils.BackgroundService (BackgroundService.java:shutdown(160)) - Shutting down service BlockDeletingService
2024-06-12 17:08:25,509 [main] INFO  utils.BackgroundService (BackgroundService.java:shutdown(160)) - Shutting down service StaleRecoveringContainerScrubbingService
2024-06-12 17:08:25,509 [main] INFO  statemachine.DatanodeStateMachine (DatanodeStateMachine.java:stopDaemon(628)) - Ozone container server stopped.
2024-06-12 17:08:25,510 [main] INFO  handler.ContextHandler (ContextHandler.java:doStop(1159)) - Stopped o.e.j.w.WebAppContext@444456cb{hddsDatanode,/,null,STOPPED}{file:/home/runner/work/ozone/ozone/hadoop-hdds/container-service/target/classes/webapps/hddsDatanode}
2024-06-12 17:08:25,510 [main] INFO  server.AbstractConnector (AbstractConnector.java:doStop(383)) - Stopped ServerConnector@4eb32d54{HTTP/1.1, (http/1.1)}{0.0.0.0:15062}
2024-06-12 17:08:25,510 [main] INFO  server.session (HouseKeeper.java:stopScavenging(149)) - node0 Stopped scavenging
2024-06-12 17:08:25,511 [main] INFO  handler.ContextHandler (ContextHandler.java:doStop(1159)) - Stopped o.e.j.s.ServletContextHandler@5e491535{static,/static,file:///home/runner/work/ozone/ozone/hadoop-hdds/container-service/target/classes/webapps/static,STOPPED}
2024-06-12 17:08:25,511 [main] INFO  handler.ContextHandler (ContextHandler.java:doStop(1159)) - Stopped o.e.j.s.ServletContextHandler@e7e6e94{logs,/logs,file:///home/runner/work/ozone/ozone/hadoop-ozone/integration-test/target/log,STOPPED}
2024-06-12 17:08:25,512 [main] INFO  ozone.HddsDatanodeClientProtocolServer (HddsDatanodeClientProtocolServer.java:stop(83)) - Stopping the RPC server for Client Protocol
2024-06-12 17:08:25,512 [main] INFO  ipc.Server (Server.java:stop(3523)) - Stopping server on 15063
2024-06-12 17:08:25,512 [IPC Server listener on 15063] INFO  ipc.Server (Server.java:run(1434)) - Stopping IPC Server listener on 15063
2024-06-12 17:08:25,512 [IPC Server Responder] INFO  ipc.Server (Server.java:run(1567)) - Stopping IPC Server Responder
2024-06-12 17:08:25,513 [main] INFO  ozoneimpl.OzoneContainer (OzoneContainer.java:stop(481)) - Attempting to stop container services.
2024-06-12 17:08:25,514 [ContainerMetadataScanner] WARN  ozoneimpl.AbstractBackgroundContainerScanner (AbstractBackgroundContainerScanner.java:handleRemainingSleep(134)) - Background container scan was interrupted.
2024-06-12 17:08:25,514 [ContainerMetadataScanner] INFO  ozoneimpl.AbstractBackgroundContainerScanner (AbstractBackgroundContainerScanner.java:run(61)) - Thread[ContainerMetadataScanner,5,main] exiting.
2024-06-12 17:08:25,514 [main] INFO  ozoneimpl.BackgroundContainerDataScanner (BackgroundContainerDataScanner.java:shutdown(141)) - ContainerDataScanner(/home/runner/work/ozone/ozone/hadoop-ozone/integration-test/target/test-dir/MiniOzoneClusterImpl-0353e991-6c3e-4832-95ff-5850d237b4c9/ozone-meta/datanode-3/data-0/hdds) is shutting down. 
2024-06-12 17:08:25,514 [ContainerDataScanner(/home/runner/work/ozone/ozone/hadoop-ozone/integration-test/target/test-dir/MiniOzoneClusterImpl-0353e991-6c3e-4832-95ff-5850d237b4c9/ozone-meta/datanode-3/data-0/hdds)] WARN  ozoneimpl.AbstractBackgroundContainerScanner (AbstractBackgroundContainerScanner.java:handleRemainingSleep(134)) - Background container scan was interrupted.
2024-06-12 17:08:25,514 [ContainerDataScanner(/home/runner/work/ozone/ozone/hadoop-ozone/integration-test/target/test-dir/MiniOzoneClusterImpl-0353e991-6c3e-4832-95ff-5850d237b4c9/ozone-meta/datanode-3/data-0/hdds)] INFO  ozoneimpl.AbstractBackgroundContainerScanner (AbstractBackgroundContainerScanner.java:run(61)) - ContainerDataScanner(/home/runner/work/ozone/ozone/hadoop-ozone/integration-test/target/test-dir/MiniOzoneClusterImpl-0353e991-6c3e-4832-95ff-5850d237b4c9/ozone-meta/datanode-3/data-0/hdds, DS-7687d880-706f-46e8-992e-9953619eb57e) exiting.
2024-06-12 17:08:25,515 [main] INFO  server.RaftServer (RaftServerProxy.java:lambda$close$9(416)) - 92e0ccad-9c5a-447b-b545-333a3cb7e193: close
2024-06-12 17:08:25,515 [92e0ccad-9c5a-447b-b545-333a3cb7e193-impl-thread1] INFO  server.RaftServer$Division (RaftServerImpl.java:lambda$close$3(526)) - 92e0ccad-9c5a-447b-b545-333a3cb7e193@group-8DB8E933025C: shutdown
2024-06-12 17:08:25,515 [92e0ccad-9c5a-447b-b545-333a3cb7e193-impl-thread1] INFO  util.JmxRegister (JmxRegister.java:unregister(73)) - Successfully un-registered JMX Bean with object name Ratis:service=RaftServer,group=group-8DB8E933025C,id=92e0ccad-9c5a-447b-b545-333a3cb7e193
2024-06-12 17:08:25,515 [92e0ccad-9c5a-447b-b545-333a3cb7e193-impl-thread1] INFO  impl.RoleInfo (RoleInfo.java:shutdownFollowerState(110)) - 92e0ccad-9c5a-447b-b545-333a3cb7e193: shutdown 92e0ccad-9c5a-447b-b545-333a3cb7e193@group-8DB8E933025C-FollowerState
2024-06-12 17:08:25,515 [92e0ccad-9c5a-447b-b545-333a3cb7e193-impl-thread1] INFO  impl.StateMachineUpdater (StateMachineUpdater.java:stopAndJoin(157)) - 92e0ccad-9c5a-447b-b545-333a3cb7e193@group-8DB8E933025C-StateMachineUpdater: set stopIndex = 14
2024-06-12 17:08:25,515 [92e0ccad-9c5a-447b-b545-333a3cb7e193-impl-thread2] INFO  server.RaftServer$Division (RaftServerImpl.java:lambda$close$3(526)) - 92e0ccad-9c5a-447b-b545-333a3cb7e193@group-14248575D398: shutdown
2024-06-12 17:08:25,515 [main] INFO  server.GrpcService (GrpcService.java:closeImpl(311)) - 92e0ccad-9c5a-447b-b545-333a3cb7e193: shutdown server org.apache.ratis.grpc.server.GrpcClientProtocolService now
2024-06-12 17:08:25,515 [92e0ccad-9c5a-447b-b545-333a3cb7e193@group-8DB8E933025C-StateMachineUpdater] INFO  ratis.ContainerStateMachine (ContainerStateMachine.java:takeSnapshot(355)) - group-8DB8E933025C: Taking a snapshot at:(t:1, i:14) file /home/runner/work/ozone/ozone/hadoop-ozone/integration-test/target/test-dir/MiniOzoneClusterImpl-0353e991-6c3e-4832-95ff-5850d237b4c9/ozone-meta/datanode-3/ratis/738ccdf1-229f-4656-88f2-8db8e933025c/sm/snapshot.1_14
2024-06-12 17:08:25,515 [92e0ccad-9c5a-447b-b545-333a3cb7e193@group-8DB8E933025C-FollowerState] INFO  impl.FollowerState (FollowerState.java:run(152)) - 92e0ccad-9c5a-447b-b545-333a3cb7e193@group-8DB8E933025C-FollowerState was interrupted
2024-06-12 17:08:25,515 [92e0ccad-9c5a-447b-b545-333a3cb7e193-impl-thread2] INFO  util.JmxRegister (JmxRegister.java:unregister(73)) - Successfully un-registered JMX Bean with object name Ratis:service=RaftServer,group=group-14248575D398,id=92e0ccad-9c5a-447b-b545-333a3cb7e193
2024-06-12 17:08:25,516 [92e0ccad-9c5a-447b-b545-333a3cb7e193-impl-thread2] INFO  impl.RoleInfo (RoleInfo.java:shutdownLeaderState(94)) - 92e0ccad-9c5a-447b-b545-333a3cb7e193: shutdown 92e0ccad-9c5a-447b-b545-333a3cb7e193@group-14248575D398-LeaderStateImpl
2024-06-12 17:08:25,515 [92e0ccad-9c5a-447b-b545-333a3cb7e193-impl-thread4] INFO  server.RaftServer$Division (RaftServerImpl.java:lambda$close$3(526)) - 92e0ccad-9c5a-447b-b545-333a3cb7e193@group-06C4850D5BE6: shutdown
2024-06-12 17:08:25,515 [92e0ccad-9c5a-447b-b545-333a3cb7e193-impl-thread3] INFO  server.RaftServer$Division (RaftServerImpl.java:lambda$close$3(526)) - 92e0ccad-9c5a-447b-b545-333a3cb7e193@group-16F1E0710B8C: shutdown
2024-06-12 17:08:25,516 [92e0ccad-9c5a-447b-b545-333a3cb7e193-impl-thread3] INFO  util.JmxRegister (JmxRegister.java:unregister(73)) - Successfully un-registered JMX Bean with object name Ratis:service=RaftServer,group=group-16F1E0710B8C,id=92e0ccad-9c5a-447b-b545-333a3cb7e193
2024-06-12 17:08:25,516 [92e0ccad-9c5a-447b-b545-333a3cb7e193-impl-thread3] INFO  impl.RoleInfo (RoleInfo.java:shutdownLeaderState(94)) - 92e0ccad-9c5a-447b-b545-333a3cb7e193: shutdown 92e0ccad-9c5a-447b-b545-333a3cb7e193@group-16F1E0710B8C-LeaderStateImpl
2024-06-12 17:08:25,516 [92e0ccad-9c5a-447b-b545-333a3cb7e193-impl-thread4] INFO  util.JmxRegister (JmxRegister.java:unregister(73)) - Successfully un-registered JMX Bean with object name Ratis:service=RaftServer,group=group-06C4850D5BE6,id=92e0ccad-9c5a-447b-b545-333a3cb7e193
2024-06-12 17:08:25,516 [92e0ccad-9c5a-447b-b545-333a3cb7e193-impl-thread4] INFO  impl.RoleInfo (RoleInfo.java:shutdownLeaderState(94)) - 92e0ccad-9c5a-447b-b545-333a3cb7e193: shutdown 92e0ccad-9c5a-447b-b545-333a3cb7e193@group-06C4850D5BE6-LeaderStateImpl
2024-06-12 17:08:25,516 [92e0ccad-9c5a-447b-b545-333a3cb7e193-impl-thread2] INFO  impl.PendingRequests (PendingRequests.java:sendNotLeaderResponses(289)) - 92e0ccad-9c5a-447b-b545-333a3cb7e193@group-14248575D398-PendingRequests: sendNotLeaderResponses
2024-06-12 17:08:25,516 [92e0ccad-9c5a-447b-b545-333a3cb7e193@group-06C4850D5BE6->f3fc0661-daf3-46cc-b6b9-cf28bd2102cf-GrpcLogAppender-LogAppenderDaemon] WARN  server.GrpcLogAppender (GrpcLogAppender.java:mayWait(289)) - 92e0ccad-9c5a-447b-b545-333a3cb7e193@group-06C4850D5BE6->f3fc0661-daf3-46cc-b6b9-cf28bd2102cf-GrpcLogAppender: Wait interrupted by java.lang.InterruptedException
2024-06-12 17:08:25,516 [92e0ccad-9c5a-447b-b545-333a3cb7e193@group-8DB8E933025C-StateMachineUpdater] INFO  ratis.ContainerStateMachine (ContainerStateMachine.java:takeSnapshot(366)) - group-8DB8E933025C: Finished taking a snapshot at:(t:1, i:14) file:/home/runner/work/ozone/ozone/hadoop-ozone/integration-test/target/test-dir/MiniOzoneClusterImpl-0353e991-6c3e-4832-95ff-5850d237b4c9/ozone-meta/datanode-3/ratis/738ccdf1-229f-4656-88f2-8db8e933025c/sm/snapshot.1_14 took: 2 ms
2024-06-12 17:08:25,516 [92e0ccad-9c5a-447b-b545-333a3cb7e193@group-06C4850D5BE6->691380cd-fa1e-45b9-9936-538793566ee4-GrpcLogAppender-LogAppenderDaemon] WARN  server.GrpcLogAppender (GrpcLogAppender.java:mayWait(289)) - 92e0ccad-9c5a-447b-b545-333a3cb7e193@group-06C4850D5BE6->691380cd-fa1e-45b9-9936-538793566ee4-GrpcLogAppender: Wait interrupted by java.lang.InterruptedException
2024-06-12 17:08:25,516 [92e0ccad-9c5a-447b-b545-333a3cb7e193@group-16F1E0710B8C->f3fc0661-daf3-46cc-b6b9-cf28bd2102cf-GrpcLogAppender-LogAppenderDaemon] WARN  server.GrpcLogAppender (GrpcLogAppender.java:mayWait(289)) - 92e0ccad-9c5a-447b-b545-333a3cb7e193@group-16F1E0710B8C->f3fc0661-daf3-46cc-b6b9-cf28bd2102cf-GrpcLogAppender: Wait interrupted by java.lang.InterruptedException
2024-06-12 17:08:25,516 [92e0ccad-9c5a-447b-b545-333a3cb7e193-impl-thread3] INFO  impl.PendingRequests (PendingRequests.java:sendNotLeaderResponses(289)) - 92e0ccad-9c5a-447b-b545-333a3cb7e193@group-16F1E0710B8C-PendingRequests: sendNotLeaderResponses
2024-06-12 17:08:25,517 [92e0ccad-9c5a-447b-b545-333a3cb7e193@group-8DB8E933025C-StateMachineUpdater] INFO  impl.StateMachineUpdater (StateMachineUpdater.java:takeSnapshot(295)) - 92e0ccad-9c5a-447b-b545-333a3cb7e193@group-8DB8E933025C-StateMachineUpdater: Took a snapshot at index 14
2024-06-12 17:08:25,517 [92e0ccad-9c5a-447b-b545-333a3cb7e193@group-8DB8E933025C-StateMachineUpdater] INFO  impl.StateMachineUpdater (StateMachineUpdater.java:lambda$new$0(98)) - 92e0ccad-9c5a-447b-b545-333a3cb7e193@group-8DB8E933025C-StateMachineUpdater: snapshotIndex: updateIncreasingly -1 -> 14
2024-06-12 17:08:25,517 [92e0ccad-9c5a-447b-b545-333a3cb7e193-impl-thread4] INFO  impl.PendingRequests (PendingRequests.java:sendNotLeaderResponses(289)) - 92e0ccad-9c5a-447b-b545-333a3cb7e193@group-06C4850D5BE6-PendingRequests: sendNotLeaderResponses
2024-06-12 17:08:25,517 [92e0ccad-9c5a-447b-b545-333a3cb7e193@group-14248575D398-StateMachineUpdater] INFO  ratis.ContainerStateMachine (ContainerStateMachine.java:takeSnapshot(355)) - group-14248575D398: Taking a snapshot at:(t:1, i:0) file /home/runner/work/ozone/ozone/hadoop-ozone/integration-test/target/test-dir/MiniOzoneClusterImpl-0353e991-6c3e-4832-95ff-5850d237b4c9/ozone-meta/datanode-3/ratis/d0d87f1c-e118-4c1b-bb4d-14248575d398/sm/snapshot.1_0
2024-06-12 17:08:25,517 [92e0ccad-9c5a-447b-b545-333a3cb7e193-impl-thread2] INFO  impl.StateMachineUpdater (StateMachineUpdater.java:stopAndJoin(157)) - 92e0ccad-9c5a-447b-b545-333a3cb7e193@group-14248575D398-StateMachineUpdater: set stopIndex = 0
2024-06-12 17:08:25,517 [92e0ccad-9c5a-447b-b545-333a3cb7e193-impl-thread1] INFO  server.RaftServer$Division (ServerState.java:close(427)) - 92e0ccad-9c5a-447b-b545-333a3cb7e193@group-8DB8E933025C: applyIndex: 14
2024-06-12 17:08:25,518 [92e0ccad-9c5a-447b-b545-333a3cb7e193@group-8DB8E933025C-cacheEviction-AwaitToRun] INFO  util.AwaitToRun (AwaitToRun.java:run(49)) - 92e0ccad-9c5a-447b-b545-333a3cb7e193@group-8DB8E933025C-cacheEviction-AwaitToRun-AwaitForSignal is interrupted
2024-06-12 17:08:25,518 [grpc-default-executor-5] INFO  server.GrpcServerProtocolService (GrpcServerProtocolService.java:onCompleted(157)) - f3fc0661-daf3-46cc-b6b9-cf28bd2102cf: Completed APPEND_ENTRIES, lastRequest: 92e0ccad-9c5a-447b-b545-333a3cb7e193->f3fc0661-daf3-46cc-b6b9-cf28bd2102cf#1-t1,previous=(t:0, i:0),leaderCommit=-1,initializing? false,entries: size=1, first=(t:1, i:0), CONFIGURATIONENTRY(current:id: "92e0ccad-9c5a-447b-b545-333a3cb7e193"
address: "127.0.0.1:15085"
priority: 1
dataStreamAddress: "127.0.0.1:15086"
clientAddress: "127.0.0.1:15083"
adminAddress: "127.0.0.1:15084"
startupRole: FOLLOWER
,id: "691380cd-fa1e-45b9-9936-538793566ee4"
address: "127.0.0.1:15067"
dataStreamAddress: "127.0.0.1:15068"
clientAddress: "127.0.0.1:15065"
adminAddress: "127.0.0.1:15066"
startupRole: FOLLOWER
,id: "f3fc0661-daf3-46cc-b6b9-cf28bd2102cf"
address: "127.0.0.1:15076"
dataStreamAddress: "127.0.0.1:15077"
clientAddress: "127.0.0.1:15074"
adminAddress: "127.0.0.1:15075"
startupRole: FOLLOWER
, old:)
2024-06-12 17:08:25,518 [grpc-default-executor-5] INFO  server.GrpcServerProtocolService (GrpcServerProtocolService.java:lambda$onCompleted$5(159)) - f3fc0661-daf3-46cc-b6b9-cf28bd2102cf: Completed APPEND_ENTRIES, lastReply: null
2024-06-12 17:08:25,518 [grpc-default-executor-4] INFO  server.GrpcServerProtocolService (GrpcServerProtocolService.java:onCompleted(157)) - f3fc0661-daf3-46cc-b6b9-cf28bd2102cf: Completed APPEND_ENTRIES, lastRequest: null
2024-06-12 17:08:25,518 [grpc-default-executor-4] INFO  server.GrpcServerProtocolService (GrpcServerProtocolService.java:lambda$onCompleted$5(159)) - f3fc0661-daf3-46cc-b6b9-cf28bd2102cf: Completed APPEND_ENTRIES, lastReply: serverReply {
  requestorId: "92e0ccad-9c5a-447b-b545-333a3cb7e193"
  replyId: "f3fc0661-daf3-46cc-b6b9-cf28bd2102cf"
  raftGroupId {
    id: "\312I\024\241\216\265Ip\254]\006\304\205\r[\346"
  }
  success: true
}
term: 2
nextIndex: 1
matchIndex: 18446744073709551615
isHearbeat: true

2024-06-12 17:08:25,518 [grpc-default-executor-1] INFO  server.GrpcServerProtocolService (GrpcServerProtocolService.java:onCompleted(157)) - f3fc0661-daf3-46cc-b6b9-cf28bd2102cf: Completed APPEND_ENTRIES, lastRequest: null
2024-06-12 17:08:25,519 [Thread-1825] INFO  server.GrpcServerProtocolClient (GrpcServerProtocolClient.java:close(103)) - 691380cd-fa1e-45b9-9936-538793566ee4 Close channels
2024-06-12 17:08:25,517 [grpc-default-executor-2] INFO  server.GrpcServerProtocolService (GrpcServerProtocolService.java:onCompleted(157)) - f3fc0661-daf3-46cc-b6b9-cf28bd2102cf: Completed APPEND_ENTRIES, lastRequest: 92e0ccad-9c5a-447b-b545-333a3cb7e193->f3fc0661-daf3-46cc-b6b9-cf28bd2102cf#2-t2,previous=(t:2, i:1),leaderCommit=1,initializing? false,entries: size=1, first=(t:2, i:2), METADATAENTRY(c:1)
2024-06-12 17:08:25,519 [grpc-default-executor-2] INFO  server.GrpcServerProtocolService (GrpcServerProtocolService.java:lambda$onCompleted$5(159)) - f3fc0661-daf3-46cc-b6b9-cf28bd2102cf: Completed APPEND_ENTRIES, lastReply: null
2024-06-12 17:08:25,518 [92e0ccad-9c5a-447b-b545-333a3cb7e193@group-14248575D398-StateMachineUpdater] INFO  ratis.ContainerStateMachine (ContainerStateMachine.java:takeSnapshot(366)) - group-14248575D398: Finished taking a snapshot at:(t:1, i:0) file:/home/runner/work/ozone/ozone/hadoop-ozone/integration-test/target/test-dir/MiniOzoneClusterImpl-0353e991-6c3e-4832-95ff-5850d237b4c9/ozone-meta/datanode-3/ratis/d0d87f1c-e118-4c1b-bb4d-14248575d398/sm/snapshot.1_0 took: 1 ms
2024-06-12 17:08:25,520 [92e0ccad-9c5a-447b-b545-333a3cb7e193@group-14248575D398-StateMachineUpdater] INFO  impl.StateMachineUpdater (StateMachineUpdater.java:takeSnapshot(295)) - 92e0ccad-9c5a-447b-b545-333a3cb7e193@group-14248575D398-StateMachineUpdater: Took a snapshot at index 0
2024-06-12 17:08:25,520 [92e0ccad-9c5a-447b-b545-333a3cb7e193@group-14248575D398-StateMachineUpdater] INFO  impl.StateMachineUpdater (StateMachineUpdater.java:lambda$new$0(98)) - 92e0ccad-9c5a-447b-b545-333a3cb7e193@group-14248575D398-StateMachineUpdater: snapshotIndex: updateIncreasingly -1 -> 0
2024-06-12 17:08:25,517 [92e0ccad-9c5a-447b-b545-333a3cb7e193@group-06C4850D5BE6-StateMachineUpdater] INFO  ratis.ContainerStateMachine (ContainerStateMachine.java:takeSnapshot(355)) - group-06C4850D5BE6: Taking a snapshot at:(t:2, i:2) file /home/runner/work/ozone/ozone/hadoop-ozone/integration-test/target/test-dir/MiniOzoneClusterImpl-0353e991-6c3e-4832-95ff-5850d237b4c9/ozone-meta/datanode-3/ratis/ca4914a1-8eb5-4970-ac5d-06c4850d5be6/sm/snapshot.2_2
2024-06-12 17:08:25,517 [92e0ccad-9c5a-447b-b545-333a3cb7e193-impl-thread4] INFO  impl.StateMachineUpdater (StateMachineUpdater.java:stopAndJoin(157)) - 92e0ccad-9c5a-447b-b545-333a3cb7e193@group-06C4850D5BE6-StateMachineUpdater: set stopIndex = 2
2024-06-12 17:08:25,520 [92e0ccad-9c5a-447b-b545-333a3cb7e193-impl-thread2] INFO  server.RaftServer$Division (ServerState.java:close(427)) - 92e0ccad-9c5a-447b-b545-333a3cb7e193@group-14248575D398: applyIndex: 0
2024-06-12 17:08:25,520 [grpc-default-executor-2] INFO  server.GrpcLogAppender (GrpcLogAppender.java:onCompleted(546)) - 92e0ccad-9c5a-447b-b545-333a3cb7e193@group-16F1E0710B8C->f3fc0661-daf3-46cc-b6b9-cf28bd2102cf-AppendLogResponseHandler: follower responses appendEntries COMPLETED
2024-06-12 17:08:25,520 [92e0ccad-9c5a-447b-b545-333a3cb7e193@group-06C4850D5BE6-StateMachineUpdater] INFO  ratis.ContainerStateMachine (ContainerStateMachine.java:takeSnapshot(366)) - group-06C4850D5BE6: Finished taking a snapshot at:(t:2, i:2) file:/home/runner/work/ozone/ozone/hadoop-ozone/integration-test/target/test-dir/MiniOzoneClusterImpl-0353e991-6c3e-4832-95ff-5850d237b4c9/ozone-meta/datanode-3/ratis/ca4914a1-8eb5-4970-ac5d-06c4850d5be6/sm/snapshot.2_2 took: 2 ms
2024-06-12 17:08:25,520 [grpc-default-executor-2] INFO  server.GrpcLogAppender (GrpcLogAppender.java:onCompleted(546)) - 92e0ccad-9c5a-447b-b545-333a3cb7e193@group-06C4850D5BE6->f3fc0661-daf3-46cc-b6b9-cf28bd2102cf-AppendLogResponseHandler: follower responses appendEntries COMPLETED
2024-06-12 17:08:25,520 [grpc-default-executor-4] INFO  server.GrpcLogAppender (GrpcLogAppender.java:onCompleted(546)) - 92e0ccad-9c5a-447b-b545-333a3cb7e193@group-06C4850D5BE6->f3fc0661-daf3-46cc-b6b9-cf28bd2102cf-AppendLogResponseHandler: follower responses appendEntries COMPLETED
2024-06-12 17:08:25,521 [grpc-default-executor-1] INFO  server.GrpcServerProtocolService (GrpcServerProtocolService.java:lambda$onCompleted$5(159)) - f3fc0661-daf3-46cc-b6b9-cf28bd2102cf: Completed APPEND_ENTRIES, lastReply: serverReply {
  requestorId: "92e0ccad-9c5a-447b-b545-333a3cb7e193"
  replyId: "f3fc0661-daf3-46cc-b6b9-cf28bd2102cf"
  raftGroupId {
    id: "\027\320\234\253\320\317Np\262Q\026\361\340q\v\214"
  }
  callId: 10
  success: true
}
term: 1
nextIndex: 1
matchIndex: 18446744073709551615
isHearbeat: true

2024-06-12 17:08:25,520 [92e0ccad-9c5a-447b-b545-333a3cb7e193@group-14248575D398-cacheEviction-AwaitToRun] INFO  util.AwaitToRun (AwaitToRun.java:run(49)) - 92e0ccad-9c5a-447b-b545-333a3cb7e193@group-14248575D398-cacheEviction-AwaitToRun-AwaitForSignal is interrupted
2024-06-12 17:08:25,520 [92e0ccad-9c5a-447b-b545-333a3cb7e193@group-06C4850D5BE6-StateMachineUpdater] INFO  impl.StateMachineUpdater (StateMachineUpdater.java:takeSnapshot(295)) - 92e0ccad-9c5a-447b-b545-333a3cb7e193@group-06C4850D5BE6-StateMachineUpdater: Took a snapshot at index 2
2024-06-12 17:08:25,521 [92e0ccad-9c5a-447b-b545-333a3cb7e193@group-06C4850D5BE6-StateMachineUpdater] INFO  impl.StateMachineUpdater (StateMachineUpdater.java:lambda$new$0(98)) - 92e0ccad-9c5a-447b-b545-333a3cb7e193@group-06C4850D5BE6-StateMachineUpdater: snapshotIndex: updateIncreasingly -1 -> 2
2024-06-12 17:08:25,521 [92e0ccad-9c5a-447b-b545-333a3cb7e193-impl-thread4] INFO  server.RaftServer$Division (ServerState.java:close(427)) - 92e0ccad-9c5a-447b-b545-333a3cb7e193@group-06C4850D5BE6: applyIndex: 2
2024-06-12 17:08:25,521 [grpc-default-executor-4] INFO  server.GrpcLogAppender (GrpcLogAppender.java:onCompleted(546)) - 92e0ccad-9c5a-447b-b545-333a3cb7e193@group-16F1E0710B8C->f3fc0661-daf3-46cc-b6b9-cf28bd2102cf-AppendLogResponseHandler: follower responses appendEntries COMPLETED
2024-06-12 17:08:25,522 [92e0ccad-9c5a-447b-b545-333a3cb7e193@group-06C4850D5BE6-cacheEviction-AwaitToRun] INFO  util.AwaitToRun (AwaitToRun.java:run(49)) - 92e0ccad-9c5a-447b-b545-333a3cb7e193@group-06C4850D5BE6-cacheEviction-AwaitToRun-AwaitForSignal is interrupted
2024-06-12 17:08:25,522 [Thread-1826] INFO  server.GrpcServerProtocolClient (GrpcServerProtocolClient.java:close(103)) - f3fc0661-daf3-46cc-b6b9-cf28bd2102cf Close channels
2024-06-12 17:08:25,522 [92e0ccad-9c5a-447b-b545-333a3cb7e193@group-16F1E0710B8C->691380cd-fa1e-45b9-9936-538793566ee4-GrpcLogAppender-LogAppenderDaemon] WARN  server.GrpcLogAppender (GrpcLogAppender.java:mayWait(289)) - 92e0ccad-9c5a-447b-b545-333a3cb7e193@group-16F1E0710B8C->691380cd-fa1e-45b9-9936-538793566ee4-GrpcLogAppender: Wait interrupted by java.lang.InterruptedException
2024-06-12 17:08:25,523 [92e0ccad-9c5a-447b-b545-333a3cb7e193-impl-thread3] INFO  impl.StateMachineUpdater (StateMachineUpdater.java:stopAndJoin(157)) - 92e0ccad-9c5a-447b-b545-333a3cb7e193@group-16F1E0710B8C-StateMachineUpdater: set stopIndex = 0
2024-06-12 17:08:25,523 [92e0ccad-9c5a-447b-b545-333a3cb7e193@group-16F1E0710B8C-StateMachineUpdater] INFO  ratis.ContainerStateMachine (ContainerStateMachine.java:takeSnapshot(355)) - group-16F1E0710B8C: Taking a snapshot at:(t:1, i:0) file /home/runner/work/ozone/ozone/hadoop-ozone/integration-test/target/test-dir/MiniOzoneClusterImpl-0353e991-6c3e-4832-95ff-5850d237b4c9/ozone-meta/datanode-3/ratis/17d09cab-d0cf-4e70-b251-16f1e0710b8c/sm/snapshot.1_0
2024-06-12 17:08:25,523 [main] INFO  server.GrpcService (GrpcService.java:closeImpl(320)) - 92e0ccad-9c5a-447b-b545-333a3cb7e193: shutdown server org.apache.ratis.grpc.server.GrpcClientProtocolService successfully
2024-06-12 17:08:25,523 [main] INFO  server.GrpcService (GrpcService.java:closeImpl(311)) - 92e0ccad-9c5a-447b-b545-333a3cb7e193: shutdown server GrpcServerProtocolService now
2024-06-12 17:08:25,524 [grpc-default-executor-5] WARN  server.GrpcServerProtocolService (LogUtils.java:warn(121)) - 92e0ccad-9c5a-447b-b545-333a3cb7e193: APPEND_ENTRIES onError, lastRequest: f3fc0661-daf3-46cc-b6b9-cf28bd2102cf->92e0ccad-9c5a-447b-b545-333a3cb7e193#40-t1,previous=(t:1, i:13),leaderCommit=13,initializing? false,entries: size=1, first=(t:1, i:14), METADATAENTRY(c:13): org.apache.ratis.thirdparty.io.grpc.StatusRuntimeException: CANCELLED: client cancelled
2024-06-12 17:08:25,524 [grpc-default-executor-5] WARN  server.GrpcLogAppender (LogUtils.java:warn(121)) - f3fc0661-daf3-46cc-b6b9-cf28bd2102cf@group-8DB8E933025C->92e0ccad-9c5a-447b-b545-333a3cb7e193-AppendLogResponseHandler: Failed appendEntries: org.apache.ratis.thirdparty.io.grpc.StatusRuntimeException: CANCELLED: RST_STREAM closed stream. HTTP/2 error code: CANCEL
2024-06-12 17:08:25,524 [grpc-default-executor-5] WARN  server.GrpcLogAppender (GrpcLogAppender.java:lambda$resetClient$1(217)) - f3fc0661-daf3-46cc-b6b9-cf28bd2102cf@group-8DB8E933025C->92e0ccad-9c5a-447b-b545-333a3cb7e193-GrpcLogAppender: Follower failed (request=null, errorCount=1); keep nextIndex (15) unchanged and retry.
2024-06-12 17:08:25,523 [92e0ccad-9c5a-447b-b545-333a3cb7e193@group-16F1E0710B8C-StateMachineUpdater] INFO  ratis.ContainerStateMachine (ContainerStateMachine.java:takeSnapshot(366)) - group-16F1E0710B8C: Finished taking a snapshot at:(t:1, i:0) file:/home/runner/work/ozone/ozone/hadoop-ozone/integration-test/target/test-dir/MiniOzoneClusterImpl-0353e991-6c3e-4832-95ff-5850d237b4c9/ozone-meta/datanode-3/ratis/17d09cab-d0cf-4e70-b251-16f1e0710b8c/sm/snapshot.1_0 took: 0 ms
2024-06-12 17:08:25,525 [92e0ccad-9c5a-447b-b545-333a3cb7e193@group-16F1E0710B8C-StateMachineUpdater] INFO  impl.StateMachineUpdater (StateMachineUpdater.java:takeSnapshot(295)) - 92e0ccad-9c5a-447b-b545-333a3cb7e193@group-16F1E0710B8C-StateMachineUpdater: Took a snapshot at index 0
2024-06-12 17:08:25,525 [92e0ccad-9c5a-447b-b545-333a3cb7e193@group-16F1E0710B8C-StateMachineUpdater] INFO  impl.StateMachineUpdater (StateMachineUpdater.java:lambda$new$0(98)) - 92e0ccad-9c5a-447b-b545-333a3cb7e193@group-16F1E0710B8C-StateMachineUpdater: snapshotIndex: updateIncreasingly -1 -> 0
2024-06-12 17:08:25,525 [92e0ccad-9c5a-447b-b545-333a3cb7e193-impl-thread3] INFO  server.RaftServer$Division (ServerState.java:close(427)) - 92e0ccad-9c5a-447b-b545-333a3cb7e193@group-16F1E0710B8C: applyIndex: 0
2024-06-12 17:08:25,525 [92e0ccad-9c5a-447b-b545-333a3cb7e193@group-16F1E0710B8C-cacheEviction-AwaitToRun] INFO  util.AwaitToRun (AwaitToRun.java:run(49)) - 92e0ccad-9c5a-447b-b545-333a3cb7e193@group-16F1E0710B8C-cacheEviction-AwaitToRun-AwaitForSignal is interrupted
2024-06-12 17:08:25,525 [grpc-default-executor-1] WARN  server.GrpcServerProtocolService (LogUtils.java:warn(121)) - 92e0ccad-9c5a-447b-b545-333a3cb7e193: APPEND_ENTRIES onError, lastRequest: null: org.apache.ratis.thirdparty.io.grpc.StatusRuntimeException: CANCELLED: client cancelled
2024-06-12 17:08:25,527 [main] INFO  server.GrpcService (GrpcService.java:closeImpl(320)) - 92e0ccad-9c5a-447b-b545-333a3cb7e193: shutdown server GrpcServerProtocolService successfully
2024-06-12 17:08:25,527 [main] INFO  server.GrpcService (GrpcService.java:closeImpl(311)) - 92e0ccad-9c5a-447b-b545-333a3cb7e193: shutdown server org.apache.ratis.grpc.server.GrpcAdminProtocolService now
2024-06-12 17:08:25,530 [EventQueue-StaleNodeForStaleNodeHandler] INFO  node.StaleNodeHandler (StaleNodeHandler.java:onMessage(57)) - Datanode 691380cd-fa1e-45b9-9936-538793566ee4(localhost/127.0.0.1) moved to stale state. Finalizing its pipelines [PipelineID=738ccdf1-229f-4656-88f2-8db8e933025c, PipelineID=13764b87-4ec0-4bdd-b29c-72129660a1fb, PipelineID=17d09cab-d0cf-4e70-b251-16f1e0710b8c, PipelineID=ca4914a1-8eb5-4970-ac5d-06c4850d5be6]
2024-06-12 17:08:25,531 [main] INFO  server.GrpcService (GrpcService.java:closeImpl(320)) - 92e0ccad-9c5a-447b-b545-333a3cb7e193: shutdown server org.apache.ratis.grpc.server.GrpcAdminProtocolService successfully
2024-06-12 17:08:25,533 [EventQueue-StaleNodeForStaleNodeHandler] INFO  pipeline.PipelineManagerImpl (PipelineManagerImpl.java:closeContainersForPipeline(484)) - Container #1 closed for pipeline=PipelineID=738ccdf1-229f-4656-88f2-8db8e933025c
2024-06-12 17:08:25,534 [EventQueue-CloseContainerForCloseContainerEventHandler] INFO  container.CloseContainerEventHandler (CloseContainerEventHandler.java:onMessage(88)) - Close container Event triggered for container : #1, current state: CLOSING
2024-06-12 17:08:25,534 [EventQueue-StaleNodeForStaleNodeHandler] INFO  pipeline.PipelineManagerImpl (PipelineManagerImpl.java:closePipeline(518)) - Pipeline PipelineID=738ccdf1-229f-4656-88f2-8db8e933025c moved to CLOSED state
2024-06-12 17:08:25,534 [EventQueue-StaleNodeForStaleNodeHandler] INFO  pipeline.PipelineManagerImpl (PipelineManagerImpl.java:closePipeline(518)) - Pipeline PipelineID=13764b87-4ec0-4bdd-b29c-72129660a1fb moved to CLOSED state
2024-06-12 17:08:25,534 [EventQueue-StaleNodeForStaleNodeHandler] INFO  pipeline.PipelineManagerImpl (PipelineManagerImpl.java:closePipeline(518)) - Pipeline PipelineID=17d09cab-d0cf-4e70-b251-16f1e0710b8c moved to CLOSED state
2024-06-12 17:08:25,535 [EventQueue-StaleNodeForStaleNodeHandler] INFO  pipeline.PipelineManagerImpl (PipelineManagerImpl.java:closePipeline(518)) - Pipeline PipelineID=ca4914a1-8eb5-4970-ac5d-06c4850d5be6 moved to CLOSED state
2024-06-12 17:08:25,544 [92e0ccad-9c5a-447b-b545-333a3cb7e193-NettyServerStreamRpc-bossGroup--thread1] INFO  logging.LoggingHandler (AbstractInternalLogger.java:log(148)) - [id: 0xafd4463e, L:/0.0.0.0:15086] CLOSE
2024-06-12 17:08:25,544 [92e0ccad-9c5a-447b-b545-333a3cb7e193-NettyServerStreamRpc-bossGroup--thread1] INFO  logging.LoggingHandler (AbstractInternalLogger.java:log(148)) - [id: 0xafd4463e, L:/0.0.0.0:15086] INACTIVE
2024-06-12 17:08:25,544 [92e0ccad-9c5a-447b-b545-333a3cb7e193-NettyServerStreamRpc-bossGroup--thread1] INFO  logging.LoggingHandler (AbstractInternalLogger.java:log(148)) - [id: 0xafd4463e, L:/0.0.0.0:15086] UNREGISTERED
2024-06-12 17:08:26,108 [92e0ccad-9c5a-447b-b545-333a3cb7e193-impl-thread2] INFO  segmented.SegmentedRaftLogWorker (SegmentedRaftLogWorker.java:close(245)) - 92e0ccad-9c5a-447b-b545-333a3cb7e193@group-14248575D398-SegmentedRaftLogWorker close()
2024-06-12 17:08:26,147 [92e0ccad-9c5a-447b-b545-333a3cb7e193-impl-thread3] INFO  segmented.SegmentedRaftLogWorker (SegmentedRaftLogWorker.java:close(245)) - 92e0ccad-9c5a-447b-b545-333a3cb7e193@group-16F1E0710B8C-SegmentedRaftLogWorker close()
2024-06-12 17:08:26,486 [92e0ccad-9c5a-447b-b545-333a3cb7e193-impl-thread4] INFO  segmented.SegmentedRaftLogWorker (SegmentedRaftLogWorker.java:close(245)) - 92e0ccad-9c5a-447b-b545-333a3cb7e193@group-06C4850D5BE6-SegmentedRaftLogWorker close()
2024-06-12 17:08:26,503 [92e0ccad-9c5a-447b-b545-333a3cb7e193-impl-thread1] INFO  segmented.SegmentedRaftLogWorker (SegmentedRaftLogWorker.java:close(245)) - 92e0ccad-9c5a-447b-b545-333a3cb7e193@group-8DB8E933025C-SegmentedRaftLogWorker close()
2024-06-12 17:08:26,504 [JvmPauseMonitor11] INFO  util.JvmPauseMonitor (JvmPauseMonitor.java:run(152)) - JvmPauseMonitor-92e0ccad-9c5a-447b-b545-333a3cb7e193: Stopped
2024-06-12 17:08:27,524 [timer6] WARN  server.GrpcLogAppender (GrpcLogAppender.java:lambda$resetClient$1(217)) - f3fc0661-daf3-46cc-b6b9-cf28bd2102cf@group-8DB8E933025C->691380cd-fa1e-45b9-9936-538793566ee4-GrpcLogAppender: Follower failed (request=null, errorCount=8); keep nextIndex (15) unchanged and retry. (Repeated 8 times in the last 5.000s)
2024-06-12 17:08:27,524 [timer3] WARN  server.GrpcLogAppender (LogUtils.java:warn(121)) - 92e0ccad-9c5a-447b-b545-333a3cb7e193@group-16F1E0710B8C->691380cd-fa1e-45b9-9936-538793566ee4-AppendLogResponseHandler: Failed appendEntries (Repeated 8 times in the last 5.001s): org.apache.ratis.thirdparty.io.grpc.StatusRuntimeException: UNAVAILABLE: io exception
2024-06-12 17:08:27,524 [timer5] WARN  server.GrpcLogAppender (LogUtils.java:warn(121)) - f3fc0661-daf3-46cc-b6b9-cf28bd2102cf@group-8DB8E933025C->691380cd-fa1e-45b9-9936-538793566ee4-AppendLogResponseHandler: Failed appendEntries (Repeated 8 times in the last 5.000s): org.apache.ratis.thirdparty.io.grpc.StatusRuntimeException: UNAVAILABLE: io exception
2024-06-12 17:08:27,524 [timer4] WARN  server.GrpcLogAppender (GrpcLogAppender.java:lambda$resetClient$1(217)) - 92e0ccad-9c5a-447b-b545-333a3cb7e193@group-06C4850D5BE6->691380cd-fa1e-45b9-9936-538793566ee4-GrpcLogAppender: Follower failed (request=null, errorCount=1); keep nextIndex (1) unchanged and retry. (Repeated 9 times in the last 5.001s)
2024-06-12 17:08:28,475 [grpc-default-executor-5] WARN  server.GrpcLogAppender (LogUtils.java:warn(121)) - f3fc0661-daf3-46cc-b6b9-cf28bd2102cf@group-8DB8E933025C->691380cd-fa1e-45b9-9936-538793566ee4-AppendLogResponseHandler: Failed appendEntries: org.apache.ratis.thirdparty.io.grpc.StatusRuntimeException: UNAVAILABLE: io exception
2024-06-12 17:08:28,475 [grpc-default-executor-2] WARN  server.GrpcLogAppender (GrpcLogAppender.java:lambda$resetClient$1(217)) - f3fc0661-daf3-46cc-b6b9-cf28bd2102cf@group-8DB8E933025C->691380cd-fa1e-45b9-9936-538793566ee4-GrpcLogAppender: Follower failed (request=null, errorCount=9); keep nextIndex (16) unchanged and retry.
2024-06-12 17:08:28,475 [grpc-default-executor-4] WARN  server.GrpcLogAppender (GrpcLogAppender.java:lambda$resetClient$1(217)) - f3fc0661-daf3-46cc-b6b9-cf28bd2102cf@group-8DB8E933025C->92e0ccad-9c5a-447b-b545-333a3cb7e193-GrpcLogAppender: Follower failed (request=null, errorCount=5); keep nextIndex (16) unchanged and retry.
2024-06-12 17:08:28,507 [main] INFO  utils.DatanodeStoreCache (DatanodeStoreCache.java:shutdownCache(116)) - Skip clearing cache in mini cluster mode. Entries left: [/home/runner/work/ozone/ozone/hadoop-ozone/integration-test/target/test-dir/MiniOzoneClusterImpl-0353e991-6c3e-4832-95ff-5850d237b4c9/ozone-meta/datanode-2/data-0/hdds/0353e991-6c3e-4832-95ff-5850d237b4c9/DS-04091f27-8bce-4bae-9f32-1cf1d1ca59c0/container.db, /home/runner/work/ozone/ozone/hadoop-ozone/integration-test/target/test-dir/MiniOzoneClusterImpl-0353e991-6c3e-4832-95ff-5850d237b4c9/ozone-meta/datanode-3/data-0/hdds/0353e991-6c3e-4832-95ff-5850d237b4c9/DS-7687d880-706f-46e8-992e-9953619eb57e/container.db, /home/runner/work/ozone/ozone/hadoop-ozone/integration-test/target/test-dir/MiniOzoneClusterImpl-0353e991-6c3e-4832-95ff-5850d237b4c9/ozone-meta/datanode-4/data-0/hdds/0353e991-6c3e-4832-95ff-5850d237b4c9/DS-accea906-20c6-470a-8ea7-4950e6a3364d/container.db, /home/runner/work/ozone/ozone/hadoop-ozone/integration-test/target/test-dir/MiniOzoneClusterImpl-0353e991-6c3e-4832-95ff-5850d237b4c9/ozone-meta/datanode-5/data-0/hdds/0353e991-6c3e-4832-95ff-5850d237b4c9/DS-f571cc45-3ee3-4043-b92f-8d118dca6f23/container.db]
2024-06-12 17:08:28,508 [main] INFO  utils.DatanodeStoreCache (DatanodeStoreCache.java:removeDB(110)) - Removed db /home/runner/work/ozone/ozone/hadoop-ozone/integration-test/target/test-dir/MiniOzoneClusterImpl-0353e991-6c3e-4832-95ff-5850d237b4c9/ozone-meta/datanode-3/data-0/hdds/0353e991-6c3e-4832-95ff-5850d237b4c9/DS-7687d880-706f-46e8-992e-9953619eb57e/container.db from cache
2024-06-12 17:08:28,509 [main] INFO  volume.HddsVolume (HddsVolume.java:closeDbStore(470)) - SchemaV3 db is stopped at /home/runner/work/ozone/ozone/hadoop-ozone/integration-test/target/test-dir/MiniOzoneClusterImpl-0353e991-6c3e-4832-95ff-5850d237b4c9/ozone-meta/datanode-3/data-0/hdds/0353e991-6c3e-4832-95ff-5850d237b4c9/DS-7687d880-706f-46e8-992e-9953619eb57e/container.db for volume DS-7687d880-706f-46e8-992e-9953619eb57e
2024-06-12 17:08:28,509 [main] INFO  utils.BackgroundService (BackgroundService.java:shutdown(160)) - Shutting down service BlockDeletingService
2024-06-12 17:08:28,509 [main] INFO  utils.BackgroundService (BackgroundService.java:shutdown(160)) - Shutting down service StaleRecoveringContainerScrubbingService
2024-06-12 17:08:28,510 [main] INFO  statemachine.DatanodeStateMachine (DatanodeStateMachine.java:stopDaemon(628)) - Ozone container server stopped.
2024-06-12 17:08:28,511 [main] INFO  handler.ContextHandler (ContextHandler.java:doStop(1159)) - Stopped o.e.j.w.WebAppContext@5b2f8813{hddsDatanode,/,null,STOPPED}{file:/home/runner/work/ozone/ozone/hadoop-hdds/container-service/target/classes/webapps/hddsDatanode}
2024-06-12 17:08:28,511 [main] INFO  server.AbstractConnector (AbstractConnector.java:doStop(383)) - Stopped ServerConnector@6be7c9d9{HTTP/1.1, (http/1.1)}{0.0.0.0:15080}
2024-06-12 17:08:28,511 [main] INFO  server.session (HouseKeeper.java:stopScavenging(149)) - node0 Stopped scavenging
2024-06-12 17:08:28,512 [main] INFO  handler.ContextHandler (ContextHandler.java:doStop(1159)) - Stopped o.e.j.s.ServletContextHandler@5c961ce9{static,/static,file:///home/runner/work/ozone/ozone/hadoop-hdds/container-service/target/classes/webapps/static,STOPPED}
2024-06-12 17:08:28,512 [main] INFO  handler.ContextHandler (ContextHandler.java:doStop(1159)) - Stopped o.e.j.s.ServletContextHandler@5aa786fc{logs,/logs,file:///home/runner/work/ozone/ozone/hadoop-ozone/integration-test/target/log,STOPPED}
2024-06-12 17:08:28,513 [main] INFO  ozone.HddsDatanodeClientProtocolServer (HddsDatanodeClientProtocolServer.java:stop(83)) - Stopping the RPC server for Client Protocol
2024-06-12 17:08:28,513 [main] INFO  ipc.Server (Server.java:stop(3523)) - Stopping server on 15081
2024-06-12 17:08:28,514 [IPC Server listener on 15081] INFO  ipc.Server (Server.java:run(1434)) - Stopping IPC Server listener on 15081
2024-06-12 17:08:28,514 [IPC Server Responder] INFO  ipc.Server (Server.java:run(1567)) - Stopping IPC Server Responder
17:08:28.516 [f3fc0661-daf3-46cc-b6b9-cf28bd2102cf-client-thread2] ERROR DNAudit - user=null | ip=null | op=WRITE_CHUNK {blockData=conID: 1 locID: 113750153625600001 bcsId: 13, blockDataSize=100} | ret=FAILURE
org.apache.hadoop.hdds.scm.container.common.helpers.ContainerNotOpenException: Container 1 in CLOSING state
	at org.apache.hadoop.ozone.container.common.impl.HddsDispatcher.validateContainerCommand(HddsDispatcher.java:559) ~[classes/:?]
	at org.apache.hadoop.ozone.container.common.transport.server.ratis.ContainerStateMachine.startTransaction(ContainerStateMachine.java:415) ~[classes/:?]
	at org.apache.ratis.server.impl.RaftServerImpl.writeAsync(RaftServerImpl.java:953) ~[ratis-server-3.0.1.jar:3.0.1]
	at org.apache.ratis.server.impl.RaftServerImpl.replyFuture(RaftServerImpl.java:931) ~[ratis-server-3.0.1.jar:3.0.1]
	at org.apache.ratis.server.impl.RaftServerImpl.submitClientRequestAsync(RaftServerImpl.java:908) ~[ratis-server-3.0.1.jar:3.0.1]
	at org.apache.ratis.server.impl.RaftServerImpl.lambda$null$13(RaftServerImpl.java:897) ~[ratis-server-3.0.1.jar:3.0.1]
	at org.apache.ratis.util.JavaUtils.callAsUnchecked(JavaUtils.java:118) ~[ratis-common-3.0.1.jar:3.0.1]
	at org.apache.ratis.server.impl.RaftServerImpl.lambda$executeSubmitClientRequestAsync$14(RaftServerImpl.java:897) ~[ratis-server-3.0.1.jar:3.0.1]
	at java.util.concurrent.CompletableFuture$AsyncSupply.run(CompletableFuture.java:1768) [?:?]
	at java.util.concurrent.ThreadPoolExecutor.runWorker(ThreadPoolExecutor.java:1136) [?:?]
	at java.util.concurrent.ThreadPoolExecutor$Worker.run(ThreadPoolExecutor.java:635) [?:?]
	at java.lang.Thread.run(Thread.java:840) [?:?]
17:08:28.518 [f3fc0661-daf3-46cc-b6b9-cf28bd2102cf-client-thread2] ERROR DNAudit - user=null | ip=null | op=WRITE_CHUNK {blockData=conID: 1 locID: 113750153625600001 bcsId: 13, blockDataSize=100} | ret=FAILURE
org.apache.hadoop.hdds.scm.container.common.helpers.ContainerNotOpenException: Container 1 in CLOSING state
	at org.apache.hadoop.ozone.container.common.impl.HddsDispatcher.validateContainerCommand(HddsDispatcher.java:559) ~[classes/:?]
	at org.apache.hadoop.ozone.container.common.transport.server.ratis.ContainerStateMachine.startTransaction(ContainerStateMachine.java:415) ~[classes/:?]
	at org.apache.ratis.server.impl.RaftServerImpl.writeAsync(RaftServerImpl.java:953) ~[ratis-server-3.0.1.jar:3.0.1]
	at org.apache.ratis.server.impl.RaftServerImpl.replyFuture(RaftServerImpl.java:931) ~[ratis-server-3.0.1.jar:3.0.1]
	at org.apache.ratis.server.impl.RaftServerImpl.submitClientRequestAsync(RaftServerImpl.java:908) ~[ratis-server-3.0.1.jar:3.0.1]
	at org.apache.ratis.server.impl.RaftServerImpl.lambda$null$13(RaftServerImpl.java:897) ~[ratis-server-3.0.1.jar:3.0.1]
	at org.apache.ratis.util.JavaUtils.callAsUnchecked(JavaUtils.java:118) ~[ratis-common-3.0.1.jar:3.0.1]
	at org.apache.ratis.server.impl.RaftServerImpl.lambda$executeSubmitClientRequestAsync$14(RaftServerImpl.java:897) ~[ratis-server-3.0.1.jar:3.0.1]
	at java.util.concurrent.CompletableFuture$AsyncSupply.run(CompletableFuture.java:1768) [?:?]
	at java.util.concurrent.ThreadPoolExecutor.runWorker(ThreadPoolExecutor.java:1136) [?:?]
	at java.util.concurrent.ThreadPoolExecutor$Worker.run(ThreadPoolExecutor.java:635) [?:?]
	at java.lang.Thread.run(Thread.java:840) [?:?]
2024-06-12 17:08:28,518 [grpc-default-executor-5] ERROR impl.OrderedAsync (OrderedAsync.java:lambda$send$4(179)) - Failed to send request, message=cmdType: WriteChunk
traceID: ""
containerID: 1
datanodeUuid: "691380cd-fa1e-45b9-9936-538793566ee4"
writeChunk {
  blockID {
    containerID: 1
    localID: 113750153625600001
    blockCommitSequenceId: 13
    replicaIndex: 0
  }
  chunkData {
    chunkName: "113750153625600001_chunk_6"
    offset: 500
    len: 100
    checksumData {
      type: NONE
      bytesPerChecksum: 16384
    }
  }
}
, data.size=100
java.util.concurrent.CompletionException: org.apache.ratis.protocol.exceptions.StateMachineException: org.apache.hadoop.hdds.scm.container.common.helpers.ContainerNotOpenException from Server f3fc0661-daf3-46cc-b6b9-cf28bd2102cf@group-8DB8E933025C: Container 1 in CLOSING state
	at org.apache.ratis.client.impl.RaftClientImpl.handleRaftException(RaftClientImpl.java:374)
	at org.apache.ratis.client.impl.OrderedAsync.lambda$send$3(OrderedAsync.java:173)
	at java.base/java.util.concurrent.CompletableFuture$UniApply.tryFire(CompletableFuture.java:646)
	at java.base/java.util.concurrent.CompletableFuture.postComplete(CompletableFuture.java:510)
	at java.base/java.util.concurrent.CompletableFuture.complete(CompletableFuture.java:2147)
	at org.apache.ratis.client.impl.OrderedAsync$PendingOrderedRequest.setReply(OrderedAsync.java:99)
	at org.apache.ratis.client.impl.OrderedAsync$PendingOrderedRequest.setReply(OrderedAsync.java:60)
	at org.apache.ratis.util.SlidingWindow$RequestMap.setReply(SlidingWindow.java:144)
	at org.apache.ratis.util.SlidingWindow$Client.receiveReply(SlidingWindow.java:348)
	at org.apache.ratis.client.impl.OrderedAsync.lambda$sendRequest$8(OrderedAsync.java:243)
	at java.base/java.util.concurrent.CompletableFuture$UniApply.tryFire(CompletableFuture.java:646)
	at java.base/java.util.concurrent.CompletableFuture.postComplete(CompletableFuture.java:510)
	at java.base/java.util.concurrent.CompletableFuture.complete(CompletableFuture.java:2147)
	at org.apache.ratis.grpc.client.GrpcClientProtocolClient$AsyncStreamObservers$1.lambda$onNext$0(GrpcClientProtocolClient.java:322)
	at java.base/java.util.Optional.ifPresent(Optional.java:178)
	at org.apache.ratis.grpc.client.GrpcClientProtocolClient$AsyncStreamObservers.handleReplyFuture(GrpcClientProtocolClient.java:378)
	at org.apache.ratis.grpc.client.GrpcClientProtocolClient$AsyncStreamObservers.access$100(GrpcClientProtocolClient.java:300)
	at org.apache.ratis.grpc.client.GrpcClientProtocolClient$AsyncStreamObservers$1.onNext(GrpcClientProtocolClient.java:322)
	at org.apache.ratis.grpc.client.GrpcClientProtocolClient$AsyncStreamObservers$1.onNext(GrpcClientProtocolClient.java:305)
	at org.apache.ratis.thirdparty.io.grpc.stub.ClientCalls$StreamObserverToCallListenerAdapter.onMessage(ClientCalls.java:468)
	at org.apache.ratis.thirdparty.io.grpc.ForwardingClientCallListener.onMessage(ForwardingClientCallListener.java:33)
	at org.apache.ratis.thirdparty.io.grpc.internal.DelayedClientCall$DelayedListener.onMessage(DelayedClientCall.java:473)
	at org.apache.ratis.thirdparty.io.grpc.internal.ClientCallImpl$ClientStreamListenerImpl$1MessagesAvailable.runInternal(ClientCallImpl.java:660)
	at org.apache.ratis.thirdparty.io.grpc.internal.ClientCallImpl$ClientStreamListenerImpl$1MessagesAvailable.runInContext(ClientCallImpl.java:647)
	at org.apache.ratis.thirdparty.io.grpc.internal.ContextRunnable.run(ContextRunnable.java:37)
	at org.apache.ratis.thirdparty.io.grpc.internal.SerializingExecutor.run(SerializingExecutor.java:133)
	at java.base/java.util.concurrent.ThreadPoolExecutor.runWorker(ThreadPoolExecutor.java:1136)
	at java.base/java.util.concurrent.ThreadPoolExecutor$Worker.run(ThreadPoolExecutor.java:635)
	at java.base/java.lang.Thread.run(Thread.java:840)
Caused by: org.apache.ratis.protocol.exceptions.StateMachineException: org.apache.hadoop.hdds.scm.container.common.helpers.ContainerNotOpenException from Server f3fc0661-daf3-46cc-b6b9-cf28bd2102cf@group-8DB8E933025C: Container 1 in CLOSING state
	at org.apache.hadoop.ozone.container.common.impl.HddsDispatcher.validateContainerCommand(HddsDispatcher.java:559)
	at org.apache.hadoop.ozone.container.common.transport.server.ratis.ContainerStateMachine.startTransaction(ContainerStateMachine.java:415)
	at org.apache.ratis.server.impl.RaftServerImpl.writeAsync(RaftServerImpl.java:953)
	at org.apache.ratis.server.impl.RaftServerImpl.replyFuture(RaftServerImpl.java:931)
	at org.apache.ratis.server.impl.RaftServerImpl.submitClientRequestAsync(RaftServerImpl.java:908)
	at org.apache.ratis.server.impl.RaftServerImpl.lambda$null$13(RaftServerImpl.java:897)
	at org.apache.ratis.util.JavaUtils.callAsUnchecked(JavaUtils.java:118)
	at org.apache.ratis.server.impl.RaftServerImpl.lambda$executeSubmitClientRequestAsync$14(RaftServerImpl.java:897)
	at java.base/java.util.concurrent.CompletableFuture$AsyncSupply.run(CompletableFuture.java:1768)
	... 3 more
Caused by: org.apache.hadoop.hdds.scm.container.common.helpers.ContainerNotOpenException: Container 1 in CLOSING state
	at java.base/jdk.internal.reflect.NativeConstructorAccessorImpl.newInstance0(Native Method)
	at java.base/jdk.internal.reflect.NativeConstructorAccessorImpl.newInstance(NativeConstructorAccessorImpl.java:77)
	at java.base/jdk.internal.reflect.DelegatingConstructorAccessorImpl.newInstance(DelegatingConstructorAccessorImpl.java:45)
	at java.base/java.lang.reflect.Constructor.newInstanceWithCaller(Constructor.java:499)
	at java.base/java.lang.reflect.Constructor.newInstance(Constructor.java:480)
	at org.apache.ratis.util.ReflectionUtils.instantiateException(ReflectionUtils.java:259)
	at org.apache.ratis.client.impl.ClientProtoUtils.toStateMachineException(ClientProtoUtils.java:449)
	at org.apache.ratis.client.impl.ClientProtoUtils.toStateMachineException(ClientProtoUtils.java:435)
	at org.apache.ratis.client.impl.ClientProtoUtils.toRaftClientReply(ClientProtoUtils.java:402)
	at org.apache.ratis.grpc.client.GrpcClientProtocolClient$AsyncStreamObservers$1.onNext(GrpcClientProtocolClient.java:310)
	at org.apache.ratis.grpc.client.GrpcClientProtocolClient$AsyncStreamObservers$1.onNext(GrpcClientProtocolClient.java:305)
	at org.apache.ratis.thirdparty.io.grpc.stub.ClientCalls$StreamObserverToCallListenerAdapter.onMessage(ClientCalls.java:468)
	at org.apache.ratis.thirdparty.io.grpc.ForwardingClientCallListener.onMessage(ForwardingClientCallListener.java:33)
	at org.apache.ratis.thirdparty.io.grpc.internal.DelayedClientCall$DelayedListener.onMessage(DelayedClientCall.java:473)
	at org.apache.ratis.thirdparty.io.grpc.internal.ClientCallImpl$ClientStreamListenerImpl$1MessagesAvailable.runInternal(ClientCallImpl.java:660)
	at org.apache.ratis.thirdparty.io.grpc.internal.ClientCallImpl$ClientStreamListenerImpl$1MessagesAvailable.runInContext(ClientCallImpl.java:647)
	at org.apache.ratis.thirdparty.io.grpc.internal.ContextRunnable.run(ContextRunnable.java:37)
	at org.apache.ratis.thirdparty.io.grpc.internal.SerializingExecutor.run(SerializingExecutor.java:133)
	... 3 more
17:08:28.519 [f3fc0661-daf3-46cc-b6b9-cf28bd2102cf-client-thread2] ERROR DNAudit - user=null | ip=null | op=PUT_BLOCK {blockData=[blockId=conID: 1 locID: 113750153625600001 bcsId: 0, size=700]} | ret=FAILURE
org.apache.hadoop.hdds.scm.container.common.helpers.ContainerNotOpenException: Container 1 in CLOSING state
	at org.apache.hadoop.ozone.container.common.impl.HddsDispatcher.validateContainerCommand(HddsDispatcher.java:559) ~[classes/:?]
	at org.apache.hadoop.ozone.container.common.transport.server.ratis.ContainerStateMachine.startTransaction(ContainerStateMachine.java:415) ~[classes/:?]
	at org.apache.ratis.server.impl.RaftServerImpl.writeAsync(RaftServerImpl.java:953) ~[ratis-server-3.0.1.jar:3.0.1]
	at org.apache.ratis.server.impl.RaftServerImpl.replyFuture(RaftServerImpl.java:931) ~[ratis-server-3.0.1.jar:3.0.1]
	at org.apache.ratis.server.impl.RaftServerImpl.submitClientRequestAsync(RaftServerImpl.java:908) ~[ratis-server-3.0.1.jar:3.0.1]
	at org.apache.ratis.server.impl.RaftServerImpl.lambda$null$13(RaftServerImpl.java:897) ~[ratis-server-3.0.1.jar:3.0.1]
	at org.apache.ratis.util.JavaUtils.callAsUnchecked(JavaUtils.java:118) ~[ratis-common-3.0.1.jar:3.0.1]
	at org.apache.ratis.server.impl.RaftServerImpl.lambda$executeSubmitClientRequestAsync$14(RaftServerImpl.java:897) ~[ratis-server-3.0.1.jar:3.0.1]
	at java.util.concurrent.CompletableFuture$AsyncSupply.run(CompletableFuture.java:1768) [?:?]
	at java.util.concurrent.ThreadPoolExecutor.runWorker(ThreadPoolExecutor.java:1136) [?:?]
	at java.util.concurrent.ThreadPoolExecutor$Worker.run(ThreadPoolExecutor.java:635) [?:?]
	at java.lang.Thread.run(Thread.java:840) [?:?]
2024-06-12 17:08:28,522 [grpc-default-executor-5] ERROR impl.OrderedAsync (OrderedAsync.java:lambda$send$4(179)) - Failed to send request, message=cmdType: WriteChunk
traceID: ""
containerID: 1
datanodeUuid: "691380cd-fa1e-45b9-9936-538793566ee4"
writeChunk {
  blockID {
    containerID: 1
    localID: 113750153625600001
    blockCommitSequenceId: 13
    replicaIndex: 0
  }
  chunkData {
    chunkName: "113750153625600001_chunk_7"
    offset: 600
    len: 100
    checksumData {
      type: NONE
      bytesPerChecksum: 16384
    }
  }
}
, data.size=100
java.util.concurrent.CompletionException: org.apache.ratis.protocol.exceptions.StateMachineException: org.apache.hadoop.hdds.scm.container.common.helpers.ContainerNotOpenException from Server f3fc0661-daf3-46cc-b6b9-cf28bd2102cf@group-8DB8E933025C: Container 1 in CLOSING state
	at org.apache.ratis.client.impl.RaftClientImpl.handleRaftException(RaftClientImpl.java:374)
	at org.apache.ratis.client.impl.OrderedAsync.lambda$send$3(OrderedAsync.java:173)
	at java.base/java.util.concurrent.CompletableFuture$UniApply.tryFire(CompletableFuture.java:646)
	at java.base/java.util.concurrent.CompletableFuture.postComplete(CompletableFuture.java:510)
	at java.base/java.util.concurrent.CompletableFuture.complete(CompletableFuture.java:2147)
	at org.apache.ratis.client.impl.OrderedAsync$PendingOrderedRequest.setReply(OrderedAsync.java:99)
	at org.apache.ratis.client.impl.OrderedAsync$PendingOrderedRequest.setReply(OrderedAsync.java:60)
	at org.apache.ratis.util.SlidingWindow$RequestMap.setReply(SlidingWindow.java:144)
	at org.apache.ratis.util.SlidingWindow$Client.receiveReply(SlidingWindow.java:348)
	at org.apache.ratis.client.impl.OrderedAsync.lambda$sendRequest$8(OrderedAsync.java:243)
	at java.base/java.util.concurrent.CompletableFuture$UniApply.tryFire(CompletableFuture.java:646)
	at java.base/java.util.concurrent.CompletableFuture.postComplete(CompletableFuture.java:510)
	at java.base/java.util.concurrent.CompletableFuture.complete(CompletableFuture.java:2147)
	at org.apache.ratis.grpc.client.GrpcClientProtocolClient$AsyncStreamObservers$1.lambda$onNext$0(GrpcClientProtocolClient.java:322)
	at java.base/java.util.Optional.ifPresent(Optional.java:178)
	at org.apache.ratis.grpc.client.GrpcClientProtocolClient$AsyncStreamObservers.handleReplyFuture(GrpcClientProtocolClient.java:378)
	at org.apache.ratis.grpc.client.GrpcClientProtocolClient$AsyncStreamObservers.access$100(GrpcClientProtocolClient.java:300)
	at org.apache.ratis.grpc.client.GrpcClientProtocolClient$AsyncStreamObservers$1.onNext(GrpcClientProtocolClient.java:322)
	at org.apache.ratis.grpc.client.GrpcClientProtocolClient$AsyncStreamObservers$1.onNext(GrpcClientProtocolClient.java:305)
	at org.apache.ratis.thirdparty.io.grpc.stub.ClientCalls$StreamObserverToCallListenerAdapter.onMessage(ClientCalls.java:468)
	at org.apache.ratis.thirdparty.io.grpc.ForwardingClientCallListener.onMessage(ForwardingClientCallListener.java:33)
	at org.apache.ratis.thirdparty.io.grpc.internal.DelayedClientCall$DelayedListener.onMessage(DelayedClientCall.java:473)
	at org.apache.ratis.thirdparty.io.grpc.internal.ClientCallImpl$ClientStreamListenerImpl$1MessagesAvailable.runInternal(ClientCallImpl.java:660)
	at org.apache.ratis.thirdparty.io.grpc.internal.ClientCallImpl$ClientStreamListenerImpl$1MessagesAvailable.runInContext(ClientCallImpl.java:647)
	at org.apache.ratis.thirdparty.io.grpc.internal.ContextRunnable.run(ContextRunnable.java:37)
	at org.apache.ratis.thirdparty.io.grpc.internal.SerializingExecutor.run(SerializingExecutor.java:133)
	at java.base/java.util.concurrent.ThreadPoolExecutor.runWorker(ThreadPoolExecutor.java:1136)
	at java.base/java.util.concurrent.ThreadPoolExecutor$Worker.run(ThreadPoolExecutor.java:635)
	at java.base/java.lang.Thread.run(Thread.java:840)
Caused by: org.apache.ratis.protocol.exceptions.StateMachineException: org.apache.hadoop.hdds.scm.container.common.helpers.ContainerNotOpenException from Server f3fc0661-daf3-46cc-b6b9-cf28bd2102cf@group-8DB8E933025C: Container 1 in CLOSING state
	at org.apache.hadoop.ozone.container.common.impl.HddsDispatcher.validateContainerCommand(HddsDispatcher.java:559)
	at org.apache.hadoop.ozone.container.common.transport.server.ratis.ContainerStateMachine.startTransaction(ContainerStateMachine.java:415)
	at org.apache.ratis.server.impl.RaftServerImpl.writeAsync(RaftServerImpl.java:953)
	at org.apache.ratis.server.impl.RaftServerImpl.replyFuture(RaftServerImpl.java:931)
	at org.apache.ratis.server.impl.RaftServerImpl.submitClientRequestAsync(RaftServerImpl.java:908)
	at org.apache.ratis.server.impl.RaftServerImpl.lambda$null$13(RaftServerImpl.java:897)
	at org.apache.ratis.util.JavaUtils.callAsUnchecked(JavaUtils.java:118)
	at org.apache.ratis.server.impl.RaftServerImpl.lambda$executeSubmitClientRequestAsync$14(RaftServerImpl.java:897)
	at java.base/java.util.concurrent.CompletableFuture$AsyncSupply.run(CompletableFuture.java:1768)
	... 3 more
Caused by: org.apache.hadoop.hdds.scm.container.common.helpers.ContainerNotOpenException: Container 1 in CLOSING state
	at java.base/jdk.internal.reflect.NativeConstructorAccessorImpl.newInstance0(Native Method)
	at java.base/jdk.internal.reflect.NativeConstructorAccessorImpl.newInstance(NativeConstructorAccessorImpl.java:77)
	at java.base/jdk.internal.reflect.DelegatingConstructorAccessorImpl.newInstance(DelegatingConstructorAccessorImpl.java:45)
	at java.base/java.lang.reflect.Constructor.newInstanceWithCaller(Constructor.java:499)
	at java.base/java.lang.reflect.Constructor.newInstance(Constructor.java:480)
	at org.apache.ratis.util.ReflectionUtils.instantiateException(ReflectionUtils.java:259)
	at org.apache.ratis.client.impl.ClientProtoUtils.toStateMachineException(ClientProtoUtils.java:449)
	at org.apache.ratis.client.impl.ClientProtoUtils.toStateMachineException(ClientProtoUtils.java:435)
	at org.apache.ratis.client.impl.ClientProtoUtils.toRaftClientReply(ClientProtoUtils.java:402)
	at org.apache.ratis.grpc.client.GrpcClientProtocolClient$AsyncStreamObservers$1.onNext(GrpcClientProtocolClient.java:310)
	at org.apache.ratis.grpc.client.GrpcClientProtocolClient$AsyncStreamObservers$1.onNext(GrpcClientProtocolClient.java:305)
	at org.apache.ratis.thirdparty.io.grpc.stub.ClientCalls$StreamObserverToCallListenerAdapter.onMessage(ClientCalls.java:468)
	at org.apache.ratis.thirdparty.io.grpc.ForwardingClientCallListener.onMessage(ForwardingClientCallListener.java:33)
	at org.apache.ratis.thirdparty.io.grpc.internal.DelayedClientCall$DelayedListener.onMessage(DelayedClientCall.java:473)
	at org.apache.ratis.thirdparty.io.grpc.internal.ClientCallImpl$ClientStreamListenerImpl$1MessagesAvailable.runInternal(ClientCallImpl.java:660)
	at org.apache.ratis.thirdparty.io.grpc.internal.ClientCallImpl$ClientStreamListenerImpl$1MessagesAvailable.runInContext(ClientCallImpl.java:647)
	at org.apache.ratis.thirdparty.io.grpc.internal.ContextRunnable.run(ContextRunnable.java:37)
	at org.apache.ratis.thirdparty.io.grpc.internal.SerializingExecutor.run(SerializingExecutor.java:133)
	... 3 more
17:08:28.523 [f3fc0661-daf3-46cc-b6b9-cf28bd2102cf-client-thread2] ERROR DNAudit - user=null | ip=null | op=WRITE_CHUNK {blockData=conID: 1 locID: 113750153625600001 bcsId: 13, blockDataSize=100} | ret=FAILURE
org.apache.hadoop.hdds.scm.container.common.helpers.ContainerNotOpenException: Container 1 in CLOSING state
	at org.apache.hadoop.ozone.container.common.impl.HddsDispatcher.validateContainerCommand(HddsDispatcher.java:559) ~[classes/:?]
	at org.apache.hadoop.ozone.container.common.transport.server.ratis.ContainerStateMachine.startTransaction(ContainerStateMachine.java:415) ~[classes/:?]
	at org.apache.ratis.server.impl.RaftServerImpl.writeAsync(RaftServerImpl.java:953) ~[ratis-server-3.0.1.jar:3.0.1]
	at org.apache.ratis.server.impl.RaftServerImpl.replyFuture(RaftServerImpl.java:931) ~[ratis-server-3.0.1.jar:3.0.1]
	at org.apache.ratis.server.impl.RaftServerImpl.submitClientRequestAsync(RaftServerImpl.java:908) ~[ratis-server-3.0.1.jar:3.0.1]
	at org.apache.ratis.server.impl.RaftServerImpl.lambda$null$13(RaftServerImpl.java:897) ~[ratis-server-3.0.1.jar:3.0.1]
	at org.apache.ratis.util.JavaUtils.callAsUnchecked(JavaUtils.java:118) ~[ratis-common-3.0.1.jar:3.0.1]
	at org.apache.ratis.server.impl.RaftServerImpl.lambda$executeSubmitClientRequestAsync$14(RaftServerImpl.java:897) ~[ratis-server-3.0.1.jar:3.0.1]
	at java.util.concurrent.CompletableFuture$AsyncSupply.run(CompletableFuture.java:1768) [?:?]
	at java.util.concurrent.ThreadPoolExecutor.runWorker(ThreadPoolExecutor.java:1136) [?:?]
	at java.util.concurrent.ThreadPoolExecutor$Worker.run(ThreadPoolExecutor.java:635) [?:?]
	at java.lang.Thread.run(Thread.java:840) [?:?]
2024-06-12 17:08:28,524 [grpc-default-executor-5] ERROR impl.OrderedAsync (OrderedAsync.java:lambda$send$4(179)) - Failed to send request, message=cmdType: PutBlock
traceID: ""
containerID: 1
datanodeUuid: "691380cd-fa1e-45b9-9936-538793566ee4"
putBlock {
  blockData {
    blockID {
      containerID: 1
      localID: 113750153625600001
      blockCommitSequenceId: 0
    }
    metadata {
      key: "TYPE"
      value: "KEY"
    }
    chunks {
      chunkName: "113750153625600001_chunk_1"
      offset: 0
      len: 100
      checksumData {
        type: NONE
        bytesPerChecksum: 16384
      }
    }
    chunks {
      chunkName: "113750153625600001_chunk_2"
      offset: 100
      len: 100
      checksumData {
        type: NONE
        bytesPerChecksum: 16384
      }
    }
    chunks {
      chunkName: "113750153625600001_chunk_3"
      offset: 200
      len: 100
      checksumData {
        type: NONE
        bytesPerChecksum: 16384
      }
    }
    chunks {
      chunkName: "113750153625600001_chunk_4"
      offset: 300
      len: 100
      checksumData {
        type: NONE
        bytesPerChecksum: 16384
      }
    }
    chunks {
      chunkName: "113750153625600001_chunk_5"
      offset: 400
      len: 100
      checksumData {
        type: NONE
        bytesPerChecksum: 16384
      }
    }
    chunks {
      chunkName: "113750153625600001_chunk_6"
      offset: 500
      len: 100
      checksumData {
        type: NONE
        bytesPerChecksum: 16384
      }
    }
    chunks {
      chunkName: "113750153625600001_chunk_7"
      offset: 600
      len: 100
      checksumData {
        type: NONE
        bytesPerChecksum: 16384
      }
    }
  }
  eof: false
}
, data.size=0
java.util.concurrent.CompletionException: org.apache.ratis.protocol.exceptions.StateMachineException: org.apache.hadoop.hdds.scm.container.common.helpers.ContainerNotOpenException from Server f3fc0661-daf3-46cc-b6b9-cf28bd2102cf@group-8DB8E933025C: Container 1 in CLOSING state
	at org.apache.ratis.client.impl.RaftClientImpl.handleRaftException(RaftClientImpl.java:374)
	at org.apache.ratis.client.impl.OrderedAsync.lambda$send$3(OrderedAsync.java:173)
	at java.base/java.util.concurrent.CompletableFuture$UniApply.tryFire(CompletableFuture.java:646)
	at java.base/java.util.concurrent.CompletableFuture.postComplete(CompletableFuture.java:510)
	at java.base/java.util.concurrent.CompletableFuture.complete(CompletableFuture.java:2147)
	at org.apache.ratis.client.impl.OrderedAsync$PendingOrderedRequest.setReply(OrderedAsync.java:99)
	at org.apache.ratis.client.impl.OrderedAsync$PendingOrderedRequest.setReply(OrderedAsync.java:60)
	at org.apache.ratis.util.SlidingWindow$RequestMap.setReply(SlidingWindow.java:144)
	at org.apache.ratis.util.SlidingWindow$Client.receiveReply(SlidingWindow.java:348)
	at org.apache.ratis.client.impl.OrderedAsync.lambda$sendRequest$8(OrderedAsync.java:243)
	at java.base/java.util.concurrent.CompletableFuture$UniApply.tryFire(CompletableFuture.java:646)
	at java.base/java.util.concurrent.CompletableFuture.postComplete(CompletableFuture.java:510)
	at java.base/java.util.concurrent.CompletableFuture.complete(CompletableFuture.java:2147)
	at org.apache.ratis.grpc.client.GrpcClientProtocolClient$AsyncStreamObservers$1.lambda$onNext$0(GrpcClientProtocolClient.java:322)
	at java.base/java.util.Optional.ifPresent(Optional.java:178)
	at org.apache.ratis.grpc.client.GrpcClientProtocolClient$AsyncStreamObservers.handleReplyFuture(GrpcClientProtocolClient.java:378)
	at org.apache.ratis.grpc.client.GrpcClientProtocolClient$AsyncStreamObservers.access$100(GrpcClientProtocolClient.java:300)
	at org.apache.ratis.grpc.client.GrpcClientProtocolClient$AsyncStreamObservers$1.onNext(GrpcClientProtocolClient.java:322)
	at org.apache.ratis.grpc.client.GrpcClientProtocolClient$AsyncStreamObservers$1.onNext(GrpcClientProtocolClient.java:305)
	at org.apache.ratis.thirdparty.io.grpc.stub.ClientCalls$StreamObserverToCallListenerAdapter.onMessage(ClientCalls.java:468)
	at org.apache.ratis.thirdparty.io.grpc.ForwardingClientCallListener.onMessage(ForwardingClientCallListener.java:33)
	at org.apache.ratis.thirdparty.io.grpc.internal.DelayedClientCall$DelayedListener.onMessage(DelayedClientCall.java:473)
	at org.apache.ratis.thirdparty.io.grpc.internal.ClientCallImpl$ClientStreamListenerImpl$1MessagesAvailable.runInternal(ClientCallImpl.java:660)
	at org.apache.ratis.thirdparty.io.grpc.internal.ClientCallImpl$ClientStreamListenerImpl$1MessagesAvailable.runInContext(ClientCallImpl.java:647)
	at org.apache.ratis.thirdparty.io.grpc.internal.ContextRunnable.run(ContextRunnable.java:37)
	at org.apache.ratis.thirdparty.io.grpc.internal.SerializingExecutor.run(SerializingExecutor.java:133)
	at java.base/java.util.concurrent.ThreadPoolExecutor.runWorker(ThreadPoolExecutor.java:1136)
	at java.base/java.util.concurrent.ThreadPoolExecutor$Worker.run(ThreadPoolExecutor.java:635)
	at java.base/java.lang.Thread.run(Thread.java:840)
Caused by: org.apache.ratis.protocol.exceptions.StateMachineException: org.apache.hadoop.hdds.scm.container.common.helpers.ContainerNotOpenException from Server f3fc0661-daf3-46cc-b6b9-cf28bd2102cf@group-8DB8E933025C: Container 1 in CLOSING state
	at org.apache.hadoop.ozone.container.common.impl.HddsDispatcher.validateContainerCommand(HddsDispatcher.java:559)
	at org.apache.hadoop.ozone.container.common.transport.server.ratis.ContainerStateMachine.startTransaction(ContainerStateMachine.java:415)
	at org.apache.ratis.server.impl.RaftServerImpl.writeAsync(RaftServerImpl.java:953)
	at org.apache.ratis.server.impl.RaftServerImpl.replyFuture(RaftServerImpl.java:931)
	at org.apache.ratis.server.impl.RaftServerImpl.submitClientRequestAsync(RaftServerImpl.java:908)
	at org.apache.ratis.server.impl.RaftServerImpl.lambda$null$13(RaftServerImpl.java:897)
	at org.apache.ratis.util.JavaUtils.callAsUnchecked(JavaUtils.java:118)
	at org.apache.ratis.server.impl.RaftServerImpl.lambda$executeSubmitClientRequestAsync$14(RaftServerImpl.java:897)
	at java.base/java.util.concurrent.CompletableFuture$AsyncSupply.run(CompletableFuture.java:1768)
	... 3 more
Caused by: org.apache.hadoop.hdds.scm.container.common.helpers.ContainerNotOpenException: Container 1 in CLOSING state
	at java.base/jdk.internal.reflect.NativeConstructorAccessorImpl.newInstance0(Native Method)
	at java.base/jdk.internal.reflect.NativeConstructorAccessorImpl.newInstance(NativeConstructorAccessorImpl.java:77)
	at java.base/jdk.internal.reflect.DelegatingConstructorAccessorImpl.newInstance(DelegatingConstructorAccessorImpl.java:45)
	at java.base/java.lang.reflect.Constructor.newInstanceWithCaller(Constructor.java:499)
	at java.base/java.lang.reflect.Constructor.newInstance(Constructor.java:480)
	at org.apache.ratis.util.ReflectionUtils.instantiateException(ReflectionUtils.java:259)
	at org.apache.ratis.client.impl.ClientProtoUtils.toStateMachineException(ClientProtoUtils.java:449)
	at org.apache.ratis.client.impl.ClientProtoUtils.toStateMachineException(ClientProtoUtils.java:435)
	at org.apache.ratis.client.impl.ClientProtoUtils.toRaftClientReply(ClientProtoUtils.java:402)
	at org.apache.ratis.grpc.client.GrpcClientProtocolClient$AsyncStreamObservers$1.onNext(GrpcClientProtocolClient.java:310)
	at org.apache.ratis.grpc.client.GrpcClientProtocolClient$AsyncStreamObservers$1.onNext(GrpcClientProtocolClient.java:305)
	at org.apache.ratis.thirdparty.io.grpc.stub.ClientCalls$StreamObserverToCallListenerAdapter.onMessage(ClientCalls.java:468)
	at org.apache.ratis.thirdparty.io.grpc.ForwardingClientCallListener.onMessage(ForwardingClientCallListener.java:33)
	at org.apache.ratis.thirdparty.io.grpc.internal.DelayedClientCall$DelayedListener.onMessage(DelayedClientCall.java:473)
	at org.apache.ratis.thirdparty.io.grpc.internal.ClientCallImpl$ClientStreamListenerImpl$1MessagesAvailable.runInternal(ClientCallImpl.java:660)
	at org.apache.ratis.thirdparty.io.grpc.internal.ClientCallImpl$ClientStreamListenerImpl$1MessagesAvailable.runInContext(ClientCallImpl.java:647)
	at org.apache.ratis.thirdparty.io.grpc.internal.ContextRunnable.run(ContextRunnable.java:37)
	at org.apache.ratis.thirdparty.io.grpc.internal.SerializingExecutor.run(SerializingExecutor.java:133)
	... 3 more
17:08:28.524 [f3fc0661-daf3-46cc-b6b9-cf28bd2102cf-client-thread2] ERROR DNAudit - user=null | ip=null | op=PUT_BLOCK {blockData=[blockId=conID: 1 locID: 113750153625600001 bcsId: 0, size=800]} | ret=FAILURE
org.apache.hadoop.hdds.scm.container.common.helpers.ContainerNotOpenException: Container 1 in CLOSING state
	at org.apache.hadoop.ozone.container.common.impl.HddsDispatcher.validateContainerCommand(HddsDispatcher.java:559) ~[classes/:?]
	at org.apache.hadoop.ozone.container.common.transport.server.ratis.ContainerStateMachine.startTransaction(ContainerStateMachine.java:415) ~[classes/:?]
	at org.apache.ratis.server.impl.RaftServerImpl.writeAsync(RaftServerImpl.java:953) ~[ratis-server-3.0.1.jar:3.0.1]
	at org.apache.ratis.server.impl.RaftServerImpl.replyFuture(RaftServerImpl.java:931) ~[ratis-server-3.0.1.jar:3.0.1]
	at org.apache.ratis.server.impl.RaftServerImpl.submitClientRequestAsync(RaftServerImpl.java:908) ~[ratis-server-3.0.1.jar:3.0.1]
	at org.apache.ratis.server.impl.RaftServerImpl.lambda$null$13(RaftServerImpl.java:897) ~[ratis-server-3.0.1.jar:3.0.1]
	at org.apache.ratis.util.JavaUtils.callAsUnchecked(JavaUtils.java:118) ~[ratis-common-3.0.1.jar:3.0.1]
	at org.apache.ratis.server.impl.RaftServerImpl.lambda$executeSubmitClientRequestAsync$14(RaftServerImpl.java:897) ~[ratis-server-3.0.1.jar:3.0.1]
	at java.util.concurrent.CompletableFuture$AsyncSupply.run(CompletableFuture.java:1768) [?:?]
	at java.util.concurrent.ThreadPoolExecutor.runWorker(ThreadPoolExecutor.java:1136) [?:?]
	at java.util.concurrent.ThreadPoolExecutor$Worker.run(ThreadPoolExecutor.java:635) [?:?]
	at java.lang.Thread.run(Thread.java:840) [?:?]
2024-06-12 17:08:28,526 [grpc-default-executor-5] ERROR impl.OrderedAsync (OrderedAsync.java:lambda$send$4(179)) - Failed to send request, message=cmdType: WriteChunk
traceID: ""
containerID: 1
datanodeUuid: "691380cd-fa1e-45b9-9936-538793566ee4"
writeChunk {
  blockID {
    containerID: 1
    localID: 113750153625600001
    blockCommitSequenceId: 13
    replicaIndex: 0
  }
  chunkData {
    chunkName: "113750153625600001_chunk_8"
    offset: 700
    len: 100
    checksumData {
      type: NONE
      bytesPerChecksum: 16384
    }
  }
}
, data.size=100
java.util.concurrent.CompletionException: org.apache.ratis.protocol.exceptions.StateMachineException: org.apache.hadoop.hdds.scm.container.common.helpers.ContainerNotOpenException from Server f3fc0661-daf3-46cc-b6b9-cf28bd2102cf@group-8DB8E933025C: Container 1 in CLOSING state
	at org.apache.ratis.client.impl.RaftClientImpl.handleRaftException(RaftClientImpl.java:374)
	at org.apache.ratis.client.impl.OrderedAsync.lambda$send$3(OrderedAsync.java:173)
	at java.base/java.util.concurrent.CompletableFuture$UniApply.tryFire(CompletableFuture.java:646)
	at java.base/java.util.concurrent.CompletableFuture.postComplete(CompletableFuture.java:510)
	at java.base/java.util.concurrent.CompletableFuture.complete(CompletableFuture.java:2147)
	at org.apache.ratis.client.impl.OrderedAsync$PendingOrderedRequest.setReply(OrderedAsync.java:99)
	at org.apache.ratis.client.impl.OrderedAsync$PendingOrderedRequest.setReply(OrderedAsync.java:60)
	at org.apache.ratis.util.SlidingWindow$RequestMap.setReply(SlidingWindow.java:144)
	at org.apache.ratis.util.SlidingWindow$Client.receiveReply(SlidingWindow.java:348)
	at org.apache.ratis.client.impl.OrderedAsync.lambda$sendRequest$8(OrderedAsync.java:243)
	at java.base/java.util.concurrent.CompletableFuture$UniApply.tryFire(CompletableFuture.java:646)
	at java.base/java.util.concurrent.CompletableFuture.postComplete(CompletableFuture.java:510)
	at java.base/java.util.concurrent.CompletableFuture.complete(CompletableFuture.java:2147)
	at org.apache.ratis.grpc.client.GrpcClientProtocolClient$AsyncStreamObservers$1.lambda$onNext$0(GrpcClientProtocolClient.java:322)
	at java.base/java.util.Optional.ifPresent(Optional.java:178)
	at org.apache.ratis.grpc.client.GrpcClientProtocolClient$AsyncStreamObservers.handleReplyFuture(GrpcClientProtocolClient.java:378)
	at org.apache.ratis.grpc.client.GrpcClientProtocolClient$AsyncStreamObservers.access$100(GrpcClientProtocolClient.java:300)
	at org.apache.ratis.grpc.client.GrpcClientProtocolClient$AsyncStreamObservers$1.onNext(GrpcClientProtocolClient.java:322)
	at org.apache.ratis.grpc.client.GrpcClientProtocolClient$AsyncStreamObservers$1.onNext(GrpcClientProtocolClient.java:305)
	at org.apache.ratis.thirdparty.io.grpc.stub.ClientCalls$StreamObserverToCallListenerAdapter.onMessage(ClientCalls.java:468)
	at org.apache.ratis.thirdparty.io.grpc.ForwardingClientCallListener.onMessage(ForwardingClientCallListener.java:33)
	at org.apache.ratis.thirdparty.io.grpc.internal.DelayedClientCall$DelayedListener.onMessage(DelayedClientCall.java:473)
	at org.apache.ratis.thirdparty.io.grpc.internal.ClientCallImpl$ClientStreamListenerImpl$1MessagesAvailable.runInternal(ClientCallImpl.java:660)
	at org.apache.ratis.thirdparty.io.grpc.internal.ClientCallImpl$ClientStreamListenerImpl$1MessagesAvailable.runInContext(ClientCallImpl.java:647)
	at org.apache.ratis.thirdparty.io.grpc.internal.ContextRunnable.run(ContextRunnable.java:37)
	at org.apache.ratis.thirdparty.io.grpc.internal.SerializingExecutor.run(SerializingExecutor.java:133)
	at java.base/java.util.concurrent.ThreadPoolExecutor.runWorker(ThreadPoolExecutor.java:1136)
	at java.base/java.util.concurrent.ThreadPoolExecutor$Worker.run(ThreadPoolExecutor.java:635)
	at java.base/java.lang.Thread.run(Thread.java:840)
Caused by: org.apache.ratis.protocol.exceptions.StateMachineException: org.apache.hadoop.hdds.scm.container.common.helpers.ContainerNotOpenException from Server f3fc0661-daf3-46cc-b6b9-cf28bd2102cf@group-8DB8E933025C: Container 1 in CLOSING state
	at org.apache.hadoop.ozone.container.common.impl.HddsDispatcher.validateContainerCommand(HddsDispatcher.java:559)
	at org.apache.hadoop.ozone.container.common.transport.server.ratis.ContainerStateMachine.startTransaction(ContainerStateMachine.java:415)
	at org.apache.ratis.server.impl.RaftServerImpl.writeAsync(RaftServerImpl.java:953)
	at org.apache.ratis.server.impl.RaftServerImpl.replyFuture(RaftServerImpl.java:931)
	at org.apache.ratis.server.impl.RaftServerImpl.submitClientRequestAsync(RaftServerImpl.java:908)
	at org.apache.ratis.server.impl.RaftServerImpl.lambda$null$13(RaftServerImpl.java:897)
	at org.apache.ratis.util.JavaUtils.callAsUnchecked(JavaUtils.java:118)
	at org.apache.ratis.server.impl.RaftServerImpl.lambda$executeSubmitClientRequestAsync$14(RaftServerImpl.java:897)
	at java.base/java.util.concurrent.CompletableFuture$AsyncSupply.run(CompletableFuture.java:1768)
	... 3 more
Caused by: org.apache.hadoop.hdds.scm.container.common.helpers.ContainerNotOpenException: Container 1 in CLOSING state
	at jdk.internal.reflect.GeneratedConstructorAccessor43.newInstance(Unknown Source)
	at java.base/jdk.internal.reflect.DelegatingConstructorAccessorImpl.newInstance(DelegatingConstructorAccessorImpl.java:45)
	at java.base/java.lang.reflect.Constructor.newInstanceWithCaller(Constructor.java:499)
	at java.base/java.lang.reflect.Constructor.newInstance(Constructor.java:480)
	at org.apache.ratis.util.ReflectionUtils.instantiateException(ReflectionUtils.java:259)
	at org.apache.ratis.client.impl.ClientProtoUtils.toStateMachineException(ClientProtoUtils.java:449)
	at org.apache.ratis.client.impl.ClientProtoUtils.toStateMachineException(ClientProtoUtils.java:435)
	at org.apache.ratis.client.impl.ClientProtoUtils.toRaftClientReply(ClientProtoUtils.java:402)
	at org.apache.ratis.grpc.client.GrpcClientProtocolClient$AsyncStreamObservers$1.onNext(GrpcClientProtocolClient.java:310)
	at org.apache.ratis.grpc.client.GrpcClientProtocolClient$AsyncStreamObservers$1.onNext(GrpcClientProtocolClient.java:305)
	at org.apache.ratis.thirdparty.io.grpc.stub.ClientCalls$StreamObserverToCallListenerAdapter.onMessage(ClientCalls.java:468)
	at org.apache.ratis.thirdparty.io.grpc.ForwardingClientCallListener.onMessage(ForwardingClientCallListener.java:33)
	at org.apache.ratis.thirdparty.io.grpc.internal.DelayedClientCall$DelayedListener.onMessage(DelayedClientCall.java:473)
	at org.apache.ratis.thirdparty.io.grpc.internal.ClientCallImpl$ClientStreamListenerImpl$1MessagesAvailable.runInternal(ClientCallImpl.java:660)
	at org.apache.ratis.thirdparty.io.grpc.internal.ClientCallImpl$ClientStreamListenerImpl$1MessagesAvailable.runInContext(ClientCallImpl.java:647)
	at org.apache.ratis.thirdparty.io.grpc.internal.ContextRunnable.run(ContextRunnable.java:37)
	at org.apache.ratis.thirdparty.io.grpc.internal.SerializingExecutor.run(SerializingExecutor.java:133)
	... 3 more
2024-06-12 17:08:28,527 [grpc-default-executor-5] ERROR impl.OrderedAsync (OrderedAsync.java:lambda$send$4(179)) - Failed to send request, message=cmdType: PutBlock
traceID: ""
containerID: 1
datanodeUuid: "691380cd-fa1e-45b9-9936-538793566ee4"
putBlock {
  blockData {
    blockID {
      containerID: 1
      localID: 113750153625600001
      blockCommitSequenceId: 0
    }
    metadata {
      key: "TYPE"
      value: "KEY"
    }
    chunks {
      chunkName: "113750153625600001_chunk_1"
      offset: 0
      len: 100
      checksumData {
        type: NONE
        bytesPerChecksum: 16384
      }
    }
    chunks {
      chunkName: "113750153625600001_chunk_2"
      offset: 100
      len: 100
      checksumData {
        type: NONE
        bytesPerChecksum: 16384
      }
    }
    chunks {
      chunkName: "113750153625600001_chunk_3"
      offset: 200
      len: 100
      checksumData {
        type: NONE
        bytesPerChecksum: 16384
      }
    }
    chunks {
      chunkName: "113750153625600001_chunk_4"
      offset: 300
      len: 100
      checksumData {
        type: NONE
        bytesPerChecksum: 16384
      }
    }
    chunks {
      chunkName: "113750153625600001_chunk_5"
      offset: 400
      len: 100
      checksumData {
        type: NONE
        bytesPerChecksum: 16384
      }
    }
    chunks {
      chunkName: "113750153625600001_chunk_6"
      offset: 500
      len: 100
      checksumData {
        type: NONE
        bytesPerChecksum: 16384
      }
    }
    chunks {
      chunkName: "113750153625600001_chunk_7"
      offset: 600
      len: 100
      checksumData {
        type: NONE
        bytesPerChecksum: 16384
      }
    }
    chunks {
      chunkName: "113750153625600001_chunk_8"
      offset: 700
      len: 100
      checksumData {
        type: NONE
        bytesPerChecksum: 16384
      }
    }
  }
  eof: true
}
, data.size=0
java.util.concurrent.CompletionException: org.apache.ratis.protocol.exceptions.StateMachineException: org.apache.hadoop.hdds.scm.container.common.helpers.ContainerNotOpenException from Server f3fc0661-daf3-46cc-b6b9-cf28bd2102cf@group-8DB8E933025C: Container 1 in CLOSING state
	at org.apache.ratis.client.impl.RaftClientImpl.handleRaftException(RaftClientImpl.java:374)
	at org.apache.ratis.client.impl.OrderedAsync.lambda$send$3(OrderedAsync.java:173)
	at java.base/java.util.concurrent.CompletableFuture$UniApply.tryFire(CompletableFuture.java:646)
	at java.base/java.util.concurrent.CompletableFuture.postComplete(CompletableFuture.java:510)
	at java.base/java.util.concurrent.CompletableFuture.complete(CompletableFuture.java:2147)
	at org.apache.ratis.client.impl.OrderedAsync$PendingOrderedRequest.setReply(OrderedAsync.java:99)
	at org.apache.ratis.client.impl.OrderedAsync$PendingOrderedRequest.setReply(OrderedAsync.java:60)
	at org.apache.ratis.util.SlidingWindow$RequestMap.setReply(SlidingWindow.java:144)
	at org.apache.ratis.util.SlidingWindow$Client.receiveReply(SlidingWindow.java:348)
	at org.apache.ratis.client.impl.OrderedAsync.lambda$sendRequest$8(OrderedAsync.java:243)
	at java.base/java.util.concurrent.CompletableFuture$UniApply.tryFire(CompletableFuture.java:646)
	at java.base/java.util.concurrent.CompletableFuture.postComplete(CompletableFuture.java:510)
	at java.base/java.util.concurrent.CompletableFuture.complete(CompletableFuture.java:2147)
	at org.apache.ratis.grpc.client.GrpcClientProtocolClient$AsyncStreamObservers$1.lambda$onNext$0(GrpcClientProtocolClient.java:322)
	at java.base/java.util.Optional.ifPresent(Optional.java:178)
	at org.apache.ratis.grpc.client.GrpcClientProtocolClient$AsyncStreamObservers.handleReplyFuture(GrpcClientProtocolClient.java:378)
	at org.apache.ratis.grpc.client.GrpcClientProtocolClient$AsyncStreamObservers.access$100(GrpcClientProtocolClient.java:300)
	at org.apache.ratis.grpc.client.GrpcClientProtocolClient$AsyncStreamObservers$1.onNext(GrpcClientProtocolClient.java:322)
	at org.apache.ratis.grpc.client.GrpcClientProtocolClient$AsyncStreamObservers$1.onNext(GrpcClientProtocolClient.java:305)
	at org.apache.ratis.thirdparty.io.grpc.stub.ClientCalls$StreamObserverToCallListenerAdapter.onMessage(ClientCalls.java:468)
	at org.apache.ratis.thirdparty.io.grpc.ForwardingClientCallListener.onMessage(ForwardingClientCallListener.java:33)
	at org.apache.ratis.thirdparty.io.grpc.internal.DelayedClientCall$DelayedListener.onMessage(DelayedClientCall.java:473)
	at org.apache.ratis.thirdparty.io.grpc.internal.ClientCallImpl$ClientStreamListenerImpl$1MessagesAvailable.runInternal(ClientCallImpl.java:660)
	at org.apache.ratis.thirdparty.io.grpc.internal.ClientCallImpl$ClientStreamListenerImpl$1MessagesAvailable.runInContext(ClientCallImpl.java:647)
	at org.apache.ratis.thirdparty.io.grpc.internal.ContextRunnable.run(ContextRunnable.java:37)
	at org.apache.ratis.thirdparty.io.grpc.internal.SerializingExecutor.run(SerializingExecutor.java:133)
	at java.base/java.util.concurrent.ThreadPoolExecutor.runWorker(ThreadPoolExecutor.java:1136)
	at java.base/java.util.concurrent.ThreadPoolExecutor$Worker.run(ThreadPoolExecutor.java:635)
	at java.base/java.lang.Thread.run(Thread.java:840)
Caused by: org.apache.ratis.protocol.exceptions.StateMachineException: org.apache.hadoop.hdds.scm.container.common.helpers.ContainerNotOpenException from Server f3fc0661-daf3-46cc-b6b9-cf28bd2102cf@group-8DB8E933025C: Container 1 in CLOSING state
	at org.apache.hadoop.ozone.container.common.impl.HddsDispatcher.validateContainerCommand(HddsDispatcher.java:559)
	at org.apache.hadoop.ozone.container.common.transport.server.ratis.ContainerStateMachine.startTransaction(ContainerStateMachine.java:415)
	at org.apache.ratis.server.impl.RaftServerImpl.writeAsync(RaftServerImpl.java:953)
	at org.apache.ratis.server.impl.RaftServerImpl.replyFuture(RaftServerImpl.java:931)
	at org.apache.ratis.server.impl.RaftServerImpl.submitClientRequestAsync(RaftServerImpl.java:908)
	at org.apache.ratis.server.impl.RaftServerImpl.lambda$null$13(RaftServerImpl.java:897)
	at org.apache.ratis.util.JavaUtils.callAsUnchecked(JavaUtils.java:118)
	at org.apache.ratis.server.impl.RaftServerImpl.lambda$executeSubmitClientRequestAsync$14(RaftServerImpl.java:897)
	at java.base/java.util.concurrent.CompletableFuture$AsyncSupply.run(CompletableFuture.java:1768)
	... 3 more
Caused by: org.apache.hadoop.hdds.scm.container.common.helpers.ContainerNotOpenException: Container 1 in CLOSING state
	at jdk.internal.reflect.GeneratedConstructorAccessor43.newInstance(Unknown Source)
	at java.base/jdk.internal.reflect.DelegatingConstructorAccessorImpl.newInstance(DelegatingConstructorAccessorImpl.java:45)
	at java.base/java.lang.reflect.Constructor.newInstanceWithCaller(Constructor.java:499)
	at java.base/java.lang.reflect.Constructor.newInstance(Constructor.java:480)
	at org.apache.ratis.util.ReflectionUtils.instantiateException(ReflectionUtils.java:259)
	at org.apache.ratis.client.impl.ClientProtoUtils.toStateMachineException(ClientProtoUtils.java:449)
	at org.apache.ratis.client.impl.ClientProtoUtils.toStateMachineException(ClientProtoUtils.java:435)
	at org.apache.ratis.client.impl.ClientProtoUtils.toRaftClientReply(ClientProtoUtils.java:402)
	at org.apache.ratis.grpc.client.GrpcClientProtocolClient$AsyncStreamObservers$1.onNext(GrpcClientProtocolClient.java:310)
	at org.apache.ratis.grpc.client.GrpcClientProtocolClient$AsyncStreamObservers$1.onNext(GrpcClientProtocolClient.java:305)
	at org.apache.ratis.thirdparty.io.grpc.stub.ClientCalls$StreamObserverToCallListenerAdapter.onMessage(ClientCalls.java:468)
	at org.apache.ratis.thirdparty.io.grpc.ForwardingClientCallListener.onMessage(ForwardingClientCallListener.java:33)
	at org.apache.ratis.thirdparty.io.grpc.internal.DelayedClientCall$DelayedListener.onMessage(DelayedClientCall.java:473)
	at org.apache.ratis.thirdparty.io.grpc.internal.ClientCallImpl$ClientStreamListenerImpl$1MessagesAvailable.runInternal(ClientCallImpl.java:660)
	at org.apache.ratis.thirdparty.io.grpc.internal.ClientCallImpl$ClientStreamListenerImpl$1MessagesAvailable.runInContext(ClientCallImpl.java:647)
	at org.apache.ratis.thirdparty.io.grpc.internal.ContextRunnable.run(ContextRunnable.java:37)
	at org.apache.ratis.thirdparty.io.grpc.internal.SerializingExecutor.run(SerializingExecutor.java:133)
	... 3 more
2024-06-12 17:08:28,532 [IPC Server handler 2 on default port 15054] INFO  pipeline.RatisPipelineProvider (RatisPipelineProvider.java:lambda$create$0(205)) - Sending CreatePipelineCommand for pipeline:PipelineID=2ea4685a-0e77-4a18-885c-964d4f137560 to datanode:74620180-03cc-4c6e-ac63-d0b12e96fe58
2024-06-12 17:08:28,532 [IPC Server handler 2 on default port 15054] INFO  pipeline.RatisPipelineProvider (RatisPipelineProvider.java:lambda$create$0(205)) - Sending CreatePipelineCommand for pipeline:PipelineID=2ea4685a-0e77-4a18-885c-964d4f137560 to datanode:f3fc0661-daf3-46cc-b6b9-cf28bd2102cf
2024-06-12 17:08:28,532 [IPC Server handler 2 on default port 15054] INFO  pipeline.RatisPipelineProvider (RatisPipelineProvider.java:lambda$create$0(205)) - Sending CreatePipelineCommand for pipeline:PipelineID=2ea4685a-0e77-4a18-885c-964d4f137560 to datanode:92e0ccad-9c5a-447b-b545-333a3cb7e193
2024-06-12 17:08:28,533 [EventQueue-StaleNodeForStaleNodeHandler] INFO  node.StaleNodeHandler (StaleNodeHandler.java:onMessage(57)) - Datanode 92e0ccad-9c5a-447b-b545-333a3cb7e193(localhost/127.0.0.1) moved to stale state. Finalizing its pipelines [PipelineID=738ccdf1-229f-4656-88f2-8db8e933025c, PipelineID=d0d87f1c-e118-4c1b-bb4d-14248575d398, PipelineID=2ea4685a-0e77-4a18-885c-964d4f137560, PipelineID=17d09cab-d0cf-4e70-b251-16f1e0710b8c, PipelineID=ca4914a1-8eb5-4970-ac5d-06c4850d5be6]
2024-06-12 17:08:28,533 [EventQueue-DeadNodeForDeadNodeHandler] INFO  node.DeadNodeHandler (DeadNodeHandler.java:onMessage(95)) - A dead datanode is detected. 691380cd-fa1e-45b9-9936-538793566ee4(localhost/127.0.0.1)
2024-06-12 17:08:28,534 [EventQueue-DeadNodeForDeadNodeHandler] INFO  pipeline.RatisPipelineProvider (RatisPipelineProvider.java:lambda$close$4(270)) - Send pipeline:PipelineID=738ccdf1-229f-4656-88f2-8db8e933025c close command to datanode 691380cd-fa1e-45b9-9936-538793566ee4
2024-06-12 17:08:28,534 [EventQueue-DeadNodeForDeadNodeHandler] INFO  pipeline.RatisPipelineProvider (RatisPipelineProvider.java:lambda$close$4(270)) - Send pipeline:PipelineID=738ccdf1-229f-4656-88f2-8db8e933025c close command to datanode 92e0ccad-9c5a-447b-b545-333a3cb7e193
2024-06-12 17:08:28,534 [EventQueue-DeadNodeForDeadNodeHandler] INFO  pipeline.RatisPipelineProvider (RatisPipelineProvider.java:lambda$close$4(270)) - Send pipeline:PipelineID=738ccdf1-229f-4656-88f2-8db8e933025c close command to datanode f3fc0661-daf3-46cc-b6b9-cf28bd2102cf
2024-06-12 17:08:28,534 [EventQueue-StaleNodeForStaleNodeHandler] INFO  pipeline.PipelineManagerImpl (PipelineManagerImpl.java:closePipeline(518)) - Pipeline PipelineID=d0d87f1c-e118-4c1b-bb4d-14248575d398 moved to CLOSED state
2024-06-12 17:08:28,535 [EventQueue-DeadNodeForDeadNodeHandler] INFO  pipeline.PipelineManagerImpl (PipelineManagerImpl.java:removePipeline(459)) - Pipeline Pipeline[ Id: 738ccdf1-229f-4656-88f2-8db8e933025c, Nodes: 691380cd-fa1e-45b9-9936-538793566ee4(localhost/127.0.0.1)92e0ccad-9c5a-447b-b545-333a3cb7e193(localhost/127.0.0.1)f3fc0661-daf3-46cc-b6b9-cf28bd2102cf(localhost/127.0.0.1), ReplicationConfig: RATIS/THREE, State:CLOSED, leaderId:f3fc0661-daf3-46cc-b6b9-cf28bd2102cf, CreationTimestamp2024-06-12T17:08:02.001Z[Etc/UTC]] removed.
2024-06-12 17:08:28,535 [EventQueue-DeadNodeForDeadNodeHandler] INFO  pipeline.RatisPipelineProvider (RatisPipelineProvider.java:lambda$close$4(270)) - Send pipeline:PipelineID=13764b87-4ec0-4bdd-b29c-72129660a1fb close command to datanode 691380cd-fa1e-45b9-9936-538793566ee4
2024-06-12 17:08:28,535 [EventQueue-DeadNodeForDeadNodeHandler] INFO  pipeline.PipelineManagerImpl (PipelineManagerImpl.java:removePipeline(459)) - Pipeline Pipeline[ Id: 13764b87-4ec0-4bdd-b29c-72129660a1fb, Nodes: 691380cd-fa1e-45b9-9936-538793566ee4(localhost/127.0.0.1), ReplicationConfig: RATIS/ONE, State:CLOSED, leaderId:691380cd-fa1e-45b9-9936-538793566ee4, CreationTimestamp2024-06-12T17:08:01.874Z[Etc/UTC]] removed.
2024-06-12 17:08:28,535 [EventQueue-DeadNodeForDeadNodeHandler] INFO  pipeline.RatisPipelineProvider (RatisPipelineProvider.java:lambda$close$4(270)) - Send pipeline:PipelineID=17d09cab-d0cf-4e70-b251-16f1e0710b8c close command to datanode f3fc0661-daf3-46cc-b6b9-cf28bd2102cf
2024-06-12 17:08:28,535 [EventQueue-DeadNodeForDeadNodeHandler] INFO  pipeline.RatisPipelineProvider (RatisPipelineProvider.java:lambda$close$4(270)) - Send pipeline:PipelineID=17d09cab-d0cf-4e70-b251-16f1e0710b8c close command to datanode 92e0ccad-9c5a-447b-b545-333a3cb7e193
2024-06-12 17:08:28,535 [EventQueue-DeadNodeForDeadNodeHandler] INFO  pipeline.RatisPipelineProvider (RatisPipelineProvider.java:lambda$close$4(270)) - Send pipeline:PipelineID=17d09cab-d0cf-4e70-b251-16f1e0710b8c close command to datanode 691380cd-fa1e-45b9-9936-538793566ee4
2024-06-12 17:08:28,536 [EventQueue-DeadNodeForDeadNodeHandler] INFO  pipeline.PipelineManagerImpl (PipelineManagerImpl.java:removePipeline(459)) - Pipeline Pipeline[ Id: 17d09cab-d0cf-4e70-b251-16f1e0710b8c, Nodes: f3fc0661-daf3-46cc-b6b9-cf28bd2102cf(localhost/127.0.0.1)92e0ccad-9c5a-447b-b545-333a3cb7e193(localhost/127.0.0.1)691380cd-fa1e-45b9-9936-538793566ee4(localhost/127.0.0.1), ReplicationConfig: RATIS/THREE, State:CLOSED, leaderId:92e0ccad-9c5a-447b-b545-333a3cb7e193, CreationTimestamp2024-06-12T17:08:01.997Z[Etc/UTC]] removed.
2024-06-12 17:08:28,536 [EventQueue-DeadNodeForDeadNodeHandler] INFO  pipeline.RatisPipelineProvider (RatisPipelineProvider.java:lambda$close$4(270)) - Send pipeline:PipelineID=ca4914a1-8eb5-4970-ac5d-06c4850d5be6 close command to datanode 92e0ccad-9c5a-447b-b545-333a3cb7e193
2024-06-12 17:08:28,536 [EventQueue-DeadNodeForDeadNodeHandler] INFO  pipeline.RatisPipelineProvider (RatisPipelineProvider.java:lambda$close$4(270)) - Send pipeline:PipelineID=ca4914a1-8eb5-4970-ac5d-06c4850d5be6 close command to datanode 691380cd-fa1e-45b9-9936-538793566ee4
2024-06-12 17:08:28,536 [EventQueue-DeadNodeForDeadNodeHandler] INFO  pipeline.RatisPipelineProvider (RatisPipelineProvider.java:lambda$close$4(270)) - Send pipeline:PipelineID=ca4914a1-8eb5-4970-ac5d-06c4850d5be6 close command to datanode f3fc0661-daf3-46cc-b6b9-cf28bd2102cf
2024-06-12 17:08:28,536 [EventQueue-DeadNodeForDeadNodeHandler] INFO  pipeline.PipelineManagerImpl (PipelineManagerImpl.java:removePipeline(459)) - Pipeline Pipeline[ Id: ca4914a1-8eb5-4970-ac5d-06c4850d5be6, Nodes: 92e0ccad-9c5a-447b-b545-333a3cb7e193(localhost/127.0.0.1)691380cd-fa1e-45b9-9936-538793566ee4(localhost/127.0.0.1)f3fc0661-daf3-46cc-b6b9-cf28bd2102cf(localhost/127.0.0.1), ReplicationConfig: RATIS/THREE, State:CLOSED, leaderId:92e0ccad-9c5a-447b-b545-333a3cb7e193, CreationTimestamp2024-06-12T17:08:01.999Z[Etc/UTC]] removed.
2024-06-12 17:08:28,537 [EventQueue-DeadNodeForDeadNodeHandler] INFO  node.DeadNodeHandler (DeadNodeHandler.java:onMessage(108)) - Clearing command queue of size 5 for DN 691380cd-fa1e-45b9-9936-538793566ee4(localhost/127.0.0.1)
2024-06-12 17:08:28,537 [EventQueue-StaleNodeForStaleNodeHandler] INFO  pipeline.PipelineManagerImpl (PipelineManagerImpl.java:closePipeline(518)) - Pipeline PipelineID=2ea4685a-0e77-4a18-885c-964d4f137560 moved to CLOSED state
2024-06-12 17:08:28,537 [EventQueue-DeadNodeForDeadNodeHandler] INFO  net.NetworkTopologyImpl (NetworkTopologyImpl.java:remove(212)) - Removed a node: /default-rack/691380cd-fa1e-45b9-9936-538793566ee4
2024-06-12 17:08:28,537 [EventQueue-StaleNodeForStaleNodeHandler] INFO  node.StaleNodeHandler (StaleNodeHandler.java:onMessage(63)) - Could not finalize pipeline=PipelineID=17d09cab-d0cf-4e70-b251-16f1e0710b8c for dn=92e0ccad-9c5a-447b-b545-333a3cb7e193(localhost/127.0.0.1)
2024-06-12 17:08:28,537 [EventQueue-StaleNodeForStaleNodeHandler] INFO  node.StaleNodeHandler (StaleNodeHandler.java:onMessage(63)) - Could not finalize pipeline=PipelineID=ca4914a1-8eb5-4970-ac5d-06c4850d5be6 for dn=92e0ccad-9c5a-447b-b545-333a3cb7e193(localhost/127.0.0.1)
2024-06-12 17:08:30,468 [timer5] WARN  server.GrpcLogAppender (LogUtils.java:warn(121)) - 92e0ccad-9c5a-447b-b545-333a3cb7e193@group-06C4850D5BE6->691380cd-fa1e-45b9-9936-538793566ee4-AppendLogResponseHandler: Failed appendEntries (Repeated 6 times in the last 5.000s): org.apache.ratis.thirdparty.io.grpc.StatusRuntimeException: UNAVAILABLE: io exception
2024-06-12 17:08:30,469 [f3fc0661-daf3-46cc-b6b9-cf28bd2102cf-PipelineCommandHandlerThread-0] INFO  server.RaftServer (RaftServerProxy.java:addNew(100)) - f3fc0661-daf3-46cc-b6b9-cf28bd2102cf: addNew group-964D4F137560:[74620180-03cc-4c6e-ac63-d0b12e96fe58|127.0.0.1:15094, 92e0ccad-9c5a-447b-b545-333a3cb7e193|127.0.0.1:15085, f3fc0661-daf3-46cc-b6b9-cf28bd2102cf|127.0.0.1:15076] returns group-964D4F137560:java.util.concurrent.CompletableFuture@636bd8c2[Not completed]
2024-06-12 17:08:30,470 [f3fc0661-daf3-46cc-b6b9-cf28bd2102cf-groupManagement] INFO  server.RaftServer$Division (RaftServerImpl.java:<init>(256)) - f3fc0661-daf3-46cc-b6b9-cf28bd2102cf: new RaftServerImpl for group-964D4F137560:[74620180-03cc-4c6e-ac63-d0b12e96fe58|127.0.0.1:15094, 92e0ccad-9c5a-447b-b545-333a3cb7e193|127.0.0.1:15085, f3fc0661-daf3-46cc-b6b9-cf28bd2102cf|127.0.0.1:15076] with ContainerStateMachine:uninitialized
2024-06-12 17:08:30,470 [f3fc0661-daf3-46cc-b6b9-cf28bd2102cf-groupManagement] INFO  server.RaftServerConfigKeys (ConfUtils.java:logGet(46)) - raft.server.rpc.timeout.min = 5s (custom)
2024-06-12 17:08:30,470 [f3fc0661-daf3-46cc-b6b9-cf28bd2102cf-groupManagement] INFO  server.RaftServerConfigKeys (ConfUtils.java:logGet(46)) - raft.server.rpc.timeout.max = 5200ms (custom)
2024-06-12 17:08:30,470 [f3fc0661-daf3-46cc-b6b9-cf28bd2102cf-groupManagement] INFO  server.RaftServerConfigKeys (ConfUtils.java:logGet(46)) - raft.server.rpc.sleep.time = 25ms (default)
2024-06-12 17:08:30,470 [f3fc0661-daf3-46cc-b6b9-cf28bd2102cf-groupManagement] INFO  server.RaftServerConfigKeys (ConfUtils.java:logGet(46)) - raft.server.rpc.slowness.timeout = 300000ms (custom)
2024-06-12 17:08:30,470 [f3fc0661-daf3-46cc-b6b9-cf28bd2102cf-groupManagement] INFO  server.RaftServerConfigKeys (ConfUtils.java:logGet(46)) - raft.server.leaderelection.leader.step-down.wait-time = 10s (default)
2024-06-12 17:08:30,470 [f3fc0661-daf3-46cc-b6b9-cf28bd2102cf-groupManagement] INFO  server.RaftServerConfigKeys (ConfUtils.java:logGet(46)) - raft.server.leaderelection.member.majority-add = false (default)
2024-06-12 17:08:30,470 [f3fc0661-daf3-46cc-b6b9-cf28bd2102cf-groupManagement] INFO  server.RaftServerConfigKeys (ConfUtils.java:logGet(46)) - raft.server.sleep.deviation.threshold = 300ms (default)
2024-06-12 17:08:30,470 [f3fc0661-daf3-46cc-b6b9-cf28bd2102cf-groupManagement] INFO  server.RaftServer$Division (ServerState.java:<init>(113)) - f3fc0661-daf3-46cc-b6b9-cf28bd2102cf@group-964D4F137560: ConfigurationManager, init=-1: peers:[74620180-03cc-4c6e-ac63-d0b12e96fe58|127.0.0.1:15094, 92e0ccad-9c5a-447b-b545-333a3cb7e193|127.0.0.1:15085, f3fc0661-daf3-46cc-b6b9-cf28bd2102cf|127.0.0.1:15076]|listeners:[], old=null, confs=<EMPTY_MAP>
2024-06-12 17:08:30,470 [f3fc0661-daf3-46cc-b6b9-cf28bd2102cf-groupManagement] INFO  server.RaftServerConfigKeys (ConfUtils.java:logGet(46)) - raft.server.notification.no-leader.timeout = 300000ms (custom)
2024-06-12 17:08:30,470 [f3fc0661-daf3-46cc-b6b9-cf28bd2102cf-groupManagement] INFO  server.RaftServerConfigKeys (ConfUtils.java:logGet(46)) - raft.server.read.timeout = 10s (default)
2024-06-12 17:08:30,470 [f3fc0661-daf3-46cc-b6b9-cf28bd2102cf-groupManagement] INFO  server.RaftServerConfigKeys (ConfUtils.java:logGet(46)) - raft.server.retrycache.expirytime = 600000ms (custom)
2024-06-12 17:08:30,470 [f3fc0661-daf3-46cc-b6b9-cf28bd2102cf-groupManagement] INFO  server.RaftServerConfigKeys (ConfUtils.java:logGet(46)) - raft.server.retrycache.statistics.expirytime = 100ms (default)
2024-06-12 17:08:30,471 [f3fc0661-daf3-46cc-b6b9-cf28bd2102cf-groupManagement] INFO  server.RaftServerConfigKeys (ConfUtils.java:logGet(46)) - raft.server.read.option = DEFAULT (default)
2024-06-12 17:08:30,471 [f3fc0661-daf3-46cc-b6b9-cf28bd2102cf-groupManagement] INFO  server.RaftServerConfigKeys (ConfUtils.java:logGet(46)) - raft.server.read.read-after-write-consistent.write-index-cache.expiry-time = 60s (default)
2024-06-12 17:08:30,471 [timer4] WARN  server.GrpcLogAppender (GrpcLogAppender.java:lambda$resetClient$1(217)) - 92e0ccad-9c5a-447b-b545-333a3cb7e193@group-06C4850D5BE6->691380cd-fa1e-45b9-9936-538793566ee4-GrpcLogAppender: Follower failed (request=null, errorCount=4); keep nextIndex (2) unchanged and retry. (Repeated 3 times in the last 5.000s)
2024-06-12 17:08:30,472 [f3fc0661-daf3-46cc-b6b9-cf28bd2102cf-groupManagement] INFO  server.RaftServerConfigKeys (ConfUtils.java:logGet(46)) - raft.server.rpc.request.timeout = 3000ms (default)
2024-06-12 17:08:30,472 [f3fc0661-daf3-46cc-b6b9-cf28bd2102cf-groupManagement] INFO  server.RaftServerConfigKeys (ConfUtils.java:logGet(46)) - raft.server.log.appender.install.snapshot.enabled = false (custom)
2024-06-12 17:08:30,472 [f3fc0661-daf3-46cc-b6b9-cf28bd2102cf-groupManagement] INFO  server.RaftServerConfigKeys (ConfUtils.java:logGet(46)) - raft.server.threadpool.server.cached = true (default)
2024-06-12 17:08:30,472 [f3fc0661-daf3-46cc-b6b9-cf28bd2102cf-groupManagement] INFO  server.RaftServerConfigKeys (ConfUtils.java:logGet(46)) - raft.server.threadpool.server.size = 0 (default)
2024-06-12 17:08:30,472 [f3fc0661-daf3-46cc-b6b9-cf28bd2102cf-groupManagement] INFO  server.RaftServerConfigKeys (ConfUtils.java:logGet(46)) - raft.server.threadpool.client.cached = true (default)
2024-06-12 17:08:30,472 [f3fc0661-daf3-46cc-b6b9-cf28bd2102cf-groupManagement] INFO  server.RaftServerConfigKeys (ConfUtils.java:logGet(46)) - raft.server.threadpool.client.size = 0 (default)
2024-06-12 17:08:30,472 [f3fc0661-daf3-46cc-b6b9-cf28bd2102cf-groupManagement] INFO  server.RaftServerConfigKeys (ConfUtils.java:logGet(46)) - raft.server.storage.free-space.min = 0MB (=0) (default)
2024-06-12 17:08:30,472 [f3fc0661-daf3-46cc-b6b9-cf28bd2102cf-groupManagement] INFO  server.RaftServerConfigKeys (ConfUtils.java:logGet(46)) - raft.server.log.corruption.policy = EXCEPTION (default)
2024-06-12 17:08:30,472 [f3fc0661-daf3-46cc-b6b9-cf28bd2102cf-groupManagement] INFO  server.RaftServerConfigKeys (ConfUtils.java:logGet(46)) - raft.server.storage.dir = [/home/runner/work/ozone/ozone/hadoop-ozone/integration-test/target/test-dir/MiniOzoneClusterImpl-0353e991-6c3e-4832-95ff-5850d237b4c9/ozone-meta/datanode-2/ratis] (custom)
2024-06-12 17:08:30,472 [f3fc0661-daf3-46cc-b6b9-cf28bd2102cf-groupManagement] INFO  storage.RaftStorageDirectory (RaftStorageDirectoryImpl.java:analyzeStorage(138)) - The storage directory /home/runner/work/ozone/ozone/hadoop-ozone/integration-test/target/test-dir/MiniOzoneClusterImpl-0353e991-6c3e-4832-95ff-5850d237b4c9/ozone-meta/datanode-2/ratis/2ea4685a-0e77-4a18-885c-964d4f137560 does not exist. Creating ...
2024-06-12 17:08:30,474 [f3fc0661-daf3-46cc-b6b9-cf28bd2102cf-groupManagement] INFO  storage.RaftStorageDirectory (RaftStorageDirectoryImpl.java:tryLock(228)) - Lock on /home/runner/work/ozone/ozone/hadoop-ozone/integration-test/target/test-dir/MiniOzoneClusterImpl-0353e991-6c3e-4832-95ff-5850d237b4c9/ozone-meta/datanode-2/ratis/2ea4685a-0e77-4a18-885c-964d4f137560/in_use.lock acquired by nodename 9416@fv-az571-250
2024-06-12 17:08:30,475 [f3fc0661-daf3-46cc-b6b9-cf28bd2102cf-groupManagement] INFO  storage.RaftStorage (RaftStorageImpl.java:format(99)) - Storage directory /home/runner/work/ozone/ozone/hadoop-ozone/integration-test/target/test-dir/MiniOzoneClusterImpl-0353e991-6c3e-4832-95ff-5850d237b4c9/ozone-meta/datanode-2/ratis/2ea4685a-0e77-4a18-885c-964d4f137560 has been successfully formatted.
2024-06-12 17:08:30,475 [f3fc0661-daf3-46cc-b6b9-cf28bd2102cf-groupManagement] WARN  util.FileUtils (LogUtils.java:supplyAndLog(63)) - Failed to Files.newInputStream /home/runner/work/ozone/ozone/hadoop-ozone/integration-test/target/test-dir/MiniOzoneClusterImpl-0353e991-6c3e-4832-95ff-5850d237b4c9/ozone-meta/datanode-2/ratis/2ea4685a-0e77-4a18-885c-964d4f137560/current/raft-meta.conf with options []: java.nio.file.NoSuchFileException: /home/runner/work/ozone/ozone/hadoop-ozone/integration-test/target/test-dir/MiniOzoneClusterImpl-0353e991-6c3e-4832-95ff-5850d237b4c9/ozone-meta/datanode-2/ratis/2ea4685a-0e77-4a18-885c-964d4f137560/current/raft-meta.conf
2024-06-12 17:08:30,475 [f3fc0661-daf3-46cc-b6b9-cf28bd2102cf-groupManagement] INFO  ratis.ContainerStateMachine (ContainerStateMachine.java:loadSnapshot(287)) - group-964D4F137560: The snapshot info is null. Setting the last applied index to:(t:0, i:~)
2024-06-12 17:08:30,476 [f3fc0661-daf3-46cc-b6b9-cf28bd2102cf-groupManagement] INFO  server.RaftServerConfigKeys (ConfUtils.java:logGet(46)) - raft.server.log.use.memory = false (default)
2024-06-12 17:08:30,476 [f3fc0661-daf3-46cc-b6b9-cf28bd2102cf-groupManagement] INFO  server.RaftServerConfigKeys (ConfUtils.java:logGet(46)) - raft.server.log.purge.gap = 1000000 (custom)
2024-06-12 17:08:30,476 [f3fc0661-daf3-46cc-b6b9-cf28bd2102cf-groupManagement] INFO  server.RaftServerConfigKeys (ConfUtils.java:logGet(46)) - raft.server.log.appender.buffer.byte-limit = 8388608 (custom)
2024-06-12 17:08:30,476 [f3fc0661-daf3-46cc-b6b9-cf28bd2102cf-groupManagement] INFO  server.RaftServerConfigKeys (ConfUtils.java:logGet(46)) - raft.server.log.statemachine.data.read.timeout = 1000ms (default)
2024-06-12 17:08:30,477 [f3fc0661-daf3-46cc-b6b9-cf28bd2102cf-groupManagement] INFO  server.RaftServerConfigKeys (ConfUtils.java:logGet(46)) - raft.server.log.purge.preservation.log.num = 0 (default)
2024-06-12 17:08:30,476 [EventQueue-PipelineReportForPipelineReportHandler] INFO  pipeline.PipelineReportHandler (PipelineReportHandler.java:processPipelineReport(115)) - Reported pipeline PipelineID=738ccdf1-229f-4656-88f2-8db8e933025c is not found
2024-06-12 17:08:30,477 [EventQueue-PipelineReportForPipelineReportHandler] INFO  pipeline.PipelineReportHandler (PipelineReportHandler.java:processPipelineReport(115)) - Reported pipeline PipelineID=17d09cab-d0cf-4e70-b251-16f1e0710b8c is not found
2024-06-12 17:08:30,477 [EventQueue-PipelineReportForPipelineReportHandler] INFO  pipeline.PipelineReportHandler (PipelineReportHandler.java:processPipelineReport(115)) - Reported pipeline PipelineID=ca4914a1-8eb5-4970-ac5d-06c4850d5be6 is not found
2024-06-12 17:08:30,477 [f3fc0661-daf3-46cc-b6b9-cf28bd2102cf-groupManagement] INFO  server.RaftServerConfigKeys (ConfUtils.java:logGet(46)) - raft.server.log.segment.size.max = 67108864 (custom)
2024-06-12 17:08:30,477 [f3fc0661-daf3-46cc-b6b9-cf28bd2102cf-groupManagement] INFO  server.RaftServerConfigKeys (ConfUtils.java:logGet(46)) - raft.server.log.segment.cache.num.max = 2 (custom)
2024-06-12 17:08:30,478 [f3fc0661-daf3-46cc-b6b9-cf28bd2102cf-groupManagement] INFO  server.RaftServerConfigKeys (ConfUtils.java:logGet(46)) - raft.server.log.segment.cache.size.max = 200MB (=209715200) (default)
2024-06-12 17:08:30,478 [f3fc0661-daf3-46cc-b6b9-cf28bd2102cf-groupManagement] INFO  server.RaftServerConfigKeys (ConfUtils.java:logGet(46)) - raft.server.log.appender.buffer.byte-limit = 8388608 (custom)
2024-06-12 17:08:30,478 [f3fc0661-daf3-46cc-b6b9-cf28bd2102cf-groupManagement] INFO  util.AwaitToRun (AwaitToRun.java:start(81)) - Thread[f3fc0661-daf3-46cc-b6b9-cf28bd2102cf@group-964D4F137560-cacheEviction-AwaitToRun,5,main] started
2024-06-12 17:08:30,478 [f3fc0661-daf3-46cc-b6b9-cf28bd2102cf-groupManagement] INFO  segmented.SegmentedRaftLogWorker (SegmentedRaftLogWorker.java:<init>(182)) - new f3fc0661-daf3-46cc-b6b9-cf28bd2102cf@group-964D4F137560-SegmentedRaftLogWorker for RaftStorageImpl:Storage Directory /home/runner/work/ozone/ozone/hadoop-ozone/integration-test/target/test-dir/MiniOzoneClusterImpl-0353e991-6c3e-4832-95ff-5850d237b4c9/ozone-meta/datanode-2/ratis/2ea4685a-0e77-4a18-885c-964d4f137560
2024-06-12 17:08:30,478 [f3fc0661-daf3-46cc-b6b9-cf28bd2102cf-groupManagement] INFO  server.RaftServerConfigKeys (ConfUtils.java:logGet(46)) - raft.server.log.queue.byte-limit = 4294967296 (custom)
2024-06-12 17:08:30,478 [f3fc0661-daf3-46cc-b6b9-cf28bd2102cf-groupManagement] INFO  server.RaftServerConfigKeys (ConfUtils.java:logGet(46)) - raft.server.log.queue.element-limit = 1024 (custom)
2024-06-12 17:08:30,478 [f3fc0661-daf3-46cc-b6b9-cf28bd2102cf-groupManagement] INFO  server.RaftServerConfigKeys (ConfUtils.java:logGet(46)) - raft.server.log.segment.size.max = 67108864 (custom)
2024-06-12 17:08:30,478 [f3fc0661-daf3-46cc-b6b9-cf28bd2102cf-groupManagement] INFO  server.RaftServerConfigKeys (ConfUtils.java:logGet(46)) - raft.server.log.preallocated.size = 4194304 (custom)
2024-06-12 17:08:30,478 [f3fc0661-daf3-46cc-b6b9-cf28bd2102cf-groupManagement] INFO  server.RaftServerConfigKeys (ConfUtils.java:logGet(46)) - raft.server.log.force.sync.num = 128 (default)
2024-06-12 17:08:30,478 [f3fc0661-daf3-46cc-b6b9-cf28bd2102cf-groupManagement] INFO  server.RaftServerConfigKeys (ConfUtils.java:logGet(46)) - raft.server.log.statemachine.data.sync = true (default)
2024-06-12 17:08:30,478 [f3fc0661-daf3-46cc-b6b9-cf28bd2102cf-groupManagement] INFO  server.RaftServerConfigKeys (ConfUtils.java:logGet(46)) - raft.server.log.statemachine.data.sync.timeout = 10s (default)
2024-06-12 17:08:30,478 [f3fc0661-daf3-46cc-b6b9-cf28bd2102cf-groupManagement] INFO  server.RaftServerConfigKeys (ConfUtils.java:logGet(46)) - raft.server.log.statemachine.data.sync.timeout.retry = 30 (custom)
2024-06-12 17:08:30,478 [f3fc0661-daf3-46cc-b6b9-cf28bd2102cf-groupManagement] INFO  server.RaftServerConfigKeys (ConfUtils.java:logGet(46)) - raft.server.log.write.buffer.size = 8388616 (custom)
2024-06-12 17:08:30,480 [f3fc0661-daf3-46cc-b6b9-cf28bd2102cf-groupManagement] INFO  server.RaftServerConfigKeys (ConfUtils.java:logGet(46)) - raft.server.log.appender.buffer.byte-limit = 8388608 (custom)
2024-06-12 17:08:30,480 [f3fc0661-daf3-46cc-b6b9-cf28bd2102cf-groupManagement] INFO  server.RaftServerConfigKeys (ConfUtils.java:logGet(46)) - raft.server.log.unsafe-flush.enabled = false (default)
2024-06-12 17:08:30,480 [f3fc0661-daf3-46cc-b6b9-cf28bd2102cf-groupManagement] INFO  server.RaftServerConfigKeys (ConfUtils.java:logGet(46)) - raft.server.log.async-flush.enabled = false (default)
2024-06-12 17:08:30,480 [f3fc0661-daf3-46cc-b6b9-cf28bd2102cf-groupManagement] INFO  server.RaftServerConfigKeys (ConfUtils.java:logGet(46)) - raft.server.log.statemachine.data.caching.enabled = true (custom)
2024-06-12 17:08:30,480 [f3fc0661-daf3-46cc-b6b9-cf28bd2102cf-groupManagement] INFO  segmented.SegmentedRaftLogWorker (SegmentedRaftLogWorker.java:lambda$new$0(134)) - f3fc0661-daf3-46cc-b6b9-cf28bd2102cf@group-964D4F137560-SegmentedRaftLogWorker: flushIndex: setUnconditionally 0 -> -1
2024-06-12 17:08:30,481 [f3fc0661-daf3-46cc-b6b9-cf28bd2102cf-groupManagement] INFO  segmented.SegmentedRaftLogWorker (SegmentedRaftLogWorker.java:lambda$new$0(134)) - f3fc0661-daf3-46cc-b6b9-cf28bd2102cf@group-964D4F137560-SegmentedRaftLogWorker: safeCacheEvictIndex: setUnconditionally 0 -> -1
2024-06-12 17:08:30,481 [f3fc0661-daf3-46cc-b6b9-cf28bd2102cf-groupManagement] INFO  server.RaftServer$Division (RaftServerImpl.java:start(396)) - f3fc0661-daf3-46cc-b6b9-cf28bd2102cf@group-964D4F137560: start as a follower, conf=-1: peers:[74620180-03cc-4c6e-ac63-d0b12e96fe58|127.0.0.1:15094, 92e0ccad-9c5a-447b-b545-333a3cb7e193|127.0.0.1:15085, f3fc0661-daf3-46cc-b6b9-cf28bd2102cf|127.0.0.1:15076]|listeners:[], old=null
2024-06-12 17:08:30,481 [f3fc0661-daf3-46cc-b6b9-cf28bd2102cf-groupManagement] INFO  server.RaftServer$Division (RaftServerImpl.java:setRole(383)) - f3fc0661-daf3-46cc-b6b9-cf28bd2102cf@group-964D4F137560: changes role from      null to FOLLOWER at term 0 for startAsFollower
2024-06-12 17:08:30,481 [f3fc0661-daf3-46cc-b6b9-cf28bd2102cf-groupManagement] INFO  impl.RoleInfo (RoleInfo.java:updateAndGet(139)) - f3fc0661-daf3-46cc-b6b9-cf28bd2102cf: start f3fc0661-daf3-46cc-b6b9-cf28bd2102cf@group-964D4F137560-FollowerState
2024-06-12 17:08:30,481 [f3fc0661-daf3-46cc-b6b9-cf28bd2102cf-groupManagement] INFO  util.JmxRegister (JmxRegister.java:tryRegister(44)) - Successfully registered JMX Bean with object name Ratis:service=RaftServer,group=group-964D4F137560,id=f3fc0661-daf3-46cc-b6b9-cf28bd2102cf
2024-06-12 17:08:30,481 [f3fc0661-daf3-46cc-b6b9-cf28bd2102cf-groupManagement] INFO  server.RaftServerConfigKeys (ConfUtils.java:logGet(46)) - raft.server.snapshot.trigger-when-stop.enabled = true (default)
2024-06-12 17:08:30,481 [f3fc0661-daf3-46cc-b6b9-cf28bd2102cf-groupManagement] INFO  server.RaftServerConfigKeys (ConfUtils.java:logGet(46)) - raft.server.snapshot.auto.trigger.enabled = true (custom)
2024-06-12 17:08:30,481 [f3fc0661-daf3-46cc-b6b9-cf28bd2102cf-groupManagement] INFO  server.RaftServerConfigKeys (ConfUtils.java:logGet(46)) - raft.server.snapshot.auto.trigger.threshold = 10000 (custom)
2024-06-12 17:08:30,481 [f3fc0661-daf3-46cc-b6b9-cf28bd2102cf-groupManagement] INFO  server.RaftServerConfigKeys (ConfUtils.java:logGet(46)) - raft.server.snapshot.retention.file.num = 5 (custom)
2024-06-12 17:08:30,481 [f3fc0661-daf3-46cc-b6b9-cf28bd2102cf-groupManagement] INFO  server.RaftServerConfigKeys (ConfUtils.java:logGet(46)) - raft.server.log.purge.upto.snapshot.index = false (default)
2024-06-12 17:08:30,481 [f3fc0661-daf3-46cc-b6b9-cf28bd2102cf@group-964D4F137560-FollowerState] INFO  server.RaftServerConfigKeys (ConfUtils.java:logFallback(53)) - raft.server.rpc.first-election.timeout.min = 5s (fallback to raft.server.rpc.timeout.min)
2024-06-12 17:08:30,482 [f3fc0661-daf3-46cc-b6b9-cf28bd2102cf@group-964D4F137560-FollowerState] INFO  server.RaftServerConfigKeys (ConfUtils.java:logFallback(53)) - raft.server.rpc.first-election.timeout.max = 5200ms (fallback to raft.server.rpc.timeout.max)
2024-06-12 17:08:30,482 [f3fc0661-daf3-46cc-b6b9-cf28bd2102cf-PipelineCommandHandlerThread-0] INFO  ratis.XceiverServerRatis (XceiverServerRatis.java:addGroup(864)) - Created group PipelineID=2ea4685a-0e77-4a18-885c-964d4f137560
2024-06-12 17:08:30,487 [timer2] WARN  server.GrpcLogAppender (GrpcLogAppender.java:lambda$resetClient$1(217)) - 92e0ccad-9c5a-447b-b545-333a3cb7e193@group-06C4850D5BE6->691380cd-fa1e-45b9-9936-538793566ee4-GrpcLogAppender: Follower failed (request=null, errorCount=6); keep nextIndex (3) unchanged and retry. (Repeated 2 times in the last 5.001s)
2024-06-12 17:08:30,488 [grpc-default-executor-1] INFO  server.RaftServer (RaftServerProxy.java:addNew(100)) - 74620180-03cc-4c6e-ac63-d0b12e96fe58: addNew group-964D4F137560:[74620180-03cc-4c6e-ac63-d0b12e96fe58|127.0.0.1:15094, 92e0ccad-9c5a-447b-b545-333a3cb7e193|127.0.0.1:15085, f3fc0661-daf3-46cc-b6b9-cf28bd2102cf|127.0.0.1:15076] returns group-964D4F137560:java.util.concurrent.CompletableFuture@656a0432[Not completed]
2024-06-12 17:08:30,489 [74620180-03cc-4c6e-ac63-d0b12e96fe58-groupManagement] INFO  server.RaftServer$Division (RaftServerImpl.java:<init>(256)) - 74620180-03cc-4c6e-ac63-d0b12e96fe58: new RaftServerImpl for group-964D4F137560:[74620180-03cc-4c6e-ac63-d0b12e96fe58|127.0.0.1:15094, 92e0ccad-9c5a-447b-b545-333a3cb7e193|127.0.0.1:15085, f3fc0661-daf3-46cc-b6b9-cf28bd2102cf|127.0.0.1:15076] with ContainerStateMachine:uninitialized
2024-06-12 17:08:30,489 [74620180-03cc-4c6e-ac63-d0b12e96fe58-groupManagement] INFO  server.RaftServerConfigKeys (ConfUtils.java:logGet(46)) - raft.server.rpc.timeout.min = 5s (custom)
2024-06-12 17:08:30,489 [74620180-03cc-4c6e-ac63-d0b12e96fe58-groupManagement] INFO  server.RaftServerConfigKeys (ConfUtils.java:logGet(46)) - raft.server.rpc.timeout.max = 5200ms (custom)
2024-06-12 17:08:30,489 [74620180-03cc-4c6e-ac63-d0b12e96fe58-groupManagement] INFO  server.RaftServerConfigKeys (ConfUtils.java:logGet(46)) - raft.server.rpc.sleep.time = 25ms (default)
2024-06-12 17:08:30,489 [74620180-03cc-4c6e-ac63-d0b12e96fe58-groupManagement] INFO  server.RaftServerConfigKeys (ConfUtils.java:logGet(46)) - raft.server.rpc.slowness.timeout = 300000ms (custom)
2024-06-12 17:08:30,489 [74620180-03cc-4c6e-ac63-d0b12e96fe58-groupManagement] INFO  server.RaftServerConfigKeys (ConfUtils.java:logGet(46)) - raft.server.leaderelection.leader.step-down.wait-time = 10s (default)
2024-06-12 17:08:30,489 [74620180-03cc-4c6e-ac63-d0b12e96fe58-groupManagement] INFO  server.RaftServerConfigKeys (ConfUtils.java:logGet(46)) - raft.server.leaderelection.member.majority-add = false (default)
2024-06-12 17:08:30,489 [74620180-03cc-4c6e-ac63-d0b12e96fe58-groupManagement] INFO  server.RaftServerConfigKeys (ConfUtils.java:logGet(46)) - raft.server.sleep.deviation.threshold = 300ms (default)
2024-06-12 17:08:30,489 [74620180-03cc-4c6e-ac63-d0b12e96fe58-groupManagement] INFO  server.RaftServer$Division (ServerState.java:<init>(113)) - 74620180-03cc-4c6e-ac63-d0b12e96fe58@group-964D4F137560: ConfigurationManager, init=-1: peers:[74620180-03cc-4c6e-ac63-d0b12e96fe58|127.0.0.1:15094, 92e0ccad-9c5a-447b-b545-333a3cb7e193|127.0.0.1:15085, f3fc0661-daf3-46cc-b6b9-cf28bd2102cf|127.0.0.1:15076]|listeners:[], old=null, confs=<EMPTY_MAP>
2024-06-12 17:08:30,489 [74620180-03cc-4c6e-ac63-d0b12e96fe58-groupManagement] INFO  server.RaftServerConfigKeys (ConfUtils.java:logGet(46)) - raft.server.notification.no-leader.timeout = 300000ms (custom)
2024-06-12 17:08:30,489 [74620180-03cc-4c6e-ac63-d0b12e96fe58-groupManagement] INFO  server.RaftServerConfigKeys (ConfUtils.java:logGet(46)) - raft.server.read.timeout = 10s (default)
2024-06-12 17:08:30,489 [74620180-03cc-4c6e-ac63-d0b12e96fe58-groupManagement] INFO  server.RaftServerConfigKeys (ConfUtils.java:logGet(46)) - raft.server.retrycache.expirytime = 600000ms (custom)
2024-06-12 17:08:30,489 [74620180-03cc-4c6e-ac63-d0b12e96fe58-groupManagement] INFO  server.RaftServerConfigKeys (ConfUtils.java:logGet(46)) - raft.server.retrycache.statistics.expirytime = 100ms (default)
2024-06-12 17:08:30,489 [74620180-03cc-4c6e-ac63-d0b12e96fe58-groupManagement] INFO  server.RaftServerConfigKeys (ConfUtils.java:logGet(46)) - raft.server.read.option = DEFAULT (default)
2024-06-12 17:08:30,489 [74620180-03cc-4c6e-ac63-d0b12e96fe58-groupManagement] INFO  server.RaftServerConfigKeys (ConfUtils.java:logGet(46)) - raft.server.read.read-after-write-consistent.write-index-cache.expiry-time = 60s (default)
2024-06-12 17:08:30,490 [74620180-03cc-4c6e-ac63-d0b12e96fe58-groupManagement] INFO  server.RaftServerConfigKeys (ConfUtils.java:logGet(46)) - raft.server.rpc.request.timeout = 3000ms (default)
2024-06-12 17:08:30,490 [74620180-03cc-4c6e-ac63-d0b12e96fe58-groupManagement] INFO  server.RaftServerConfigKeys (ConfUtils.java:logGet(46)) - raft.server.log.appender.install.snapshot.enabled = false (custom)
2024-06-12 17:08:30,490 [74620180-03cc-4c6e-ac63-d0b12e96fe58-groupManagement] INFO  server.RaftServerConfigKeys (ConfUtils.java:logGet(46)) - raft.server.threadpool.server.cached = true (default)
2024-06-12 17:08:30,490 [74620180-03cc-4c6e-ac63-d0b12e96fe58-groupManagement] INFO  server.RaftServerConfigKeys (ConfUtils.java:logGet(46)) - raft.server.threadpool.server.size = 0 (default)
2024-06-12 17:08:30,490 [74620180-03cc-4c6e-ac63-d0b12e96fe58-groupManagement] INFO  server.RaftServerConfigKeys (ConfUtils.java:logGet(46)) - raft.server.threadpool.client.cached = true (default)
2024-06-12 17:08:30,491 [74620180-03cc-4c6e-ac63-d0b12e96fe58-groupManagement] INFO  server.RaftServerConfigKeys (ConfUtils.java:logGet(46)) - raft.server.threadpool.client.size = 0 (default)
2024-06-12 17:08:30,491 [74620180-03cc-4c6e-ac63-d0b12e96fe58-groupManagement] INFO  server.RaftServerConfigKeys (ConfUtils.java:logGet(46)) - raft.server.storage.free-space.min = 0MB (=0) (default)
2024-06-12 17:08:30,491 [74620180-03cc-4c6e-ac63-d0b12e96fe58-groupManagement] INFO  server.RaftServerConfigKeys (ConfUtils.java:logGet(46)) - raft.server.log.corruption.policy = EXCEPTION (default)
2024-06-12 17:08:30,491 [74620180-03cc-4c6e-ac63-d0b12e96fe58-groupManagement] INFO  server.RaftServerConfigKeys (ConfUtils.java:logGet(46)) - raft.server.storage.dir = [/home/runner/work/ozone/ozone/hadoop-ozone/integration-test/target/test-dir/MiniOzoneClusterImpl-0353e991-6c3e-4832-95ff-5850d237b4c9/ozone-meta/datanode-4/ratis] (custom)
2024-06-12 17:08:30,491 [74620180-03cc-4c6e-ac63-d0b12e96fe58-groupManagement] INFO  storage.RaftStorageDirectory (RaftStorageDirectoryImpl.java:analyzeStorage(138)) - The storage directory /home/runner/work/ozone/ozone/hadoop-ozone/integration-test/target/test-dir/MiniOzoneClusterImpl-0353e991-6c3e-4832-95ff-5850d237b4c9/ozone-meta/datanode-4/ratis/2ea4685a-0e77-4a18-885c-964d4f137560 does not exist. Creating ...
2024-06-12 17:08:30,492 [74620180-03cc-4c6e-ac63-d0b12e96fe58-groupManagement] INFO  storage.RaftStorageDirectory (RaftStorageDirectoryImpl.java:tryLock(228)) - Lock on /home/runner/work/ozone/ozone/hadoop-ozone/integration-test/target/test-dir/MiniOzoneClusterImpl-0353e991-6c3e-4832-95ff-5850d237b4c9/ozone-meta/datanode-4/ratis/2ea4685a-0e77-4a18-885c-964d4f137560/in_use.lock acquired by nodename 9416@fv-az571-250
2024-06-12 17:08:30,495 [74620180-03cc-4c6e-ac63-d0b12e96fe58-groupManagement] INFO  storage.RaftStorage (RaftStorageImpl.java:format(99)) - Storage directory /home/runner/work/ozone/ozone/hadoop-ozone/integration-test/target/test-dir/MiniOzoneClusterImpl-0353e991-6c3e-4832-95ff-5850d237b4c9/ozone-meta/datanode-4/ratis/2ea4685a-0e77-4a18-885c-964d4f137560 has been successfully formatted.
2024-06-12 17:08:30,495 [74620180-03cc-4c6e-ac63-d0b12e96fe58-groupManagement] WARN  util.FileUtils (LogUtils.java:supplyAndLog(63)) - Failed to Files.newInputStream /home/runner/work/ozone/ozone/hadoop-ozone/integration-test/target/test-dir/MiniOzoneClusterImpl-0353e991-6c3e-4832-95ff-5850d237b4c9/ozone-meta/datanode-4/ratis/2ea4685a-0e77-4a18-885c-964d4f137560/current/raft-meta.conf with options []: java.nio.file.NoSuchFileException: /home/runner/work/ozone/ozone/hadoop-ozone/integration-test/target/test-dir/MiniOzoneClusterImpl-0353e991-6c3e-4832-95ff-5850d237b4c9/ozone-meta/datanode-4/ratis/2ea4685a-0e77-4a18-885c-964d4f137560/current/raft-meta.conf
2024-06-12 17:08:30,495 [74620180-03cc-4c6e-ac63-d0b12e96fe58-groupManagement] INFO  ratis.ContainerStateMachine (ContainerStateMachine.java:loadSnapshot(287)) - group-964D4F137560: The snapshot info is null. Setting the last applied index to:(t:0, i:~)
2024-06-12 17:08:30,495 [74620180-03cc-4c6e-ac63-d0b12e96fe58-groupManagement] INFO  server.RaftServerConfigKeys (ConfUtils.java:logGet(46)) - raft.server.log.use.memory = false (default)
2024-06-12 17:08:30,495 [74620180-03cc-4c6e-ac63-d0b12e96fe58-groupManagement] INFO  server.RaftServerConfigKeys (ConfUtils.java:logGet(46)) - raft.server.log.purge.gap = 1000000 (custom)
2024-06-12 17:08:30,495 [74620180-03cc-4c6e-ac63-d0b12e96fe58-groupManagement] INFO  server.RaftServerConfigKeys (ConfUtils.java:logGet(46)) - raft.server.log.appender.buffer.byte-limit = 8388608 (custom)
2024-06-12 17:08:30,496 [74620180-03cc-4c6e-ac63-d0b12e96fe58-groupManagement] INFO  server.RaftServerConfigKeys (ConfUtils.java:logGet(46)) - raft.server.log.statemachine.data.read.timeout = 1000ms (default)
2024-06-12 17:08:30,496 [74620180-03cc-4c6e-ac63-d0b12e96fe58-groupManagement] INFO  server.RaftServerConfigKeys (ConfUtils.java:logGet(46)) - raft.server.log.purge.preservation.log.num = 0 (default)
2024-06-12 17:08:30,497 [74620180-03cc-4c6e-ac63-d0b12e96fe58-groupManagement] INFO  server.RaftServerConfigKeys (ConfUtils.java:logGet(46)) - raft.server.log.segment.size.max = 67108864 (custom)
2024-06-12 17:08:30,497 [74620180-03cc-4c6e-ac63-d0b12e96fe58-groupManagement] INFO  server.RaftServerConfigKeys (ConfUtils.java:logGet(46)) - raft.server.log.segment.cache.num.max = 2 (custom)
2024-06-12 17:08:30,497 [74620180-03cc-4c6e-ac63-d0b12e96fe58-groupManagement] INFO  server.RaftServerConfigKeys (ConfUtils.java:logGet(46)) - raft.server.log.segment.cache.size.max = 200MB (=209715200) (default)
2024-06-12 17:08:30,497 [74620180-03cc-4c6e-ac63-d0b12e96fe58-groupManagement] INFO  server.RaftServerConfigKeys (ConfUtils.java:logGet(46)) - raft.server.log.appender.buffer.byte-limit = 8388608 (custom)
2024-06-12 17:08:30,497 [74620180-03cc-4c6e-ac63-d0b12e96fe58-groupManagement] INFO  util.AwaitToRun (AwaitToRun.java:start(81)) - Thread[74620180-03cc-4c6e-ac63-d0b12e96fe58@group-964D4F137560-cacheEviction-AwaitToRun,5,main] started
2024-06-12 17:08:30,497 [74620180-03cc-4c6e-ac63-d0b12e96fe58-groupManagement] INFO  segmented.SegmentedRaftLogWorker (SegmentedRaftLogWorker.java:<init>(182)) - new 74620180-03cc-4c6e-ac63-d0b12e96fe58@group-964D4F137560-SegmentedRaftLogWorker for RaftStorageImpl:Storage Directory /home/runner/work/ozone/ozone/hadoop-ozone/integration-test/target/test-dir/MiniOzoneClusterImpl-0353e991-6c3e-4832-95ff-5850d237b4c9/ozone-meta/datanode-4/ratis/2ea4685a-0e77-4a18-885c-964d4f137560
2024-06-12 17:08:30,497 [74620180-03cc-4c6e-ac63-d0b12e96fe58-groupManagement] INFO  server.RaftServerConfigKeys (ConfUtils.java:logGet(46)) - raft.server.log.queue.byte-limit = 4294967296 (custom)
2024-06-12 17:08:30,497 [74620180-03cc-4c6e-ac63-d0b12e96fe58-groupManagement] INFO  server.RaftServerConfigKeys (ConfUtils.java:logGet(46)) - raft.server.log.queue.element-limit = 1024 (custom)
2024-06-12 17:08:30,497 [74620180-03cc-4c6e-ac63-d0b12e96fe58-groupManagement] INFO  server.RaftServerConfigKeys (ConfUtils.java:logGet(46)) - raft.server.log.segment.size.max = 67108864 (custom)
2024-06-12 17:08:30,497 [74620180-03cc-4c6e-ac63-d0b12e96fe58-groupManagement] INFO  server.RaftServerConfigKeys (ConfUtils.java:logGet(46)) - raft.server.log.preallocated.size = 4194304 (custom)
2024-06-12 17:08:30,497 [74620180-03cc-4c6e-ac63-d0b12e96fe58-groupManagement] INFO  server.RaftServerConfigKeys (ConfUtils.java:logGet(46)) - raft.server.log.force.sync.num = 128 (default)
2024-06-12 17:08:30,497 [74620180-03cc-4c6e-ac63-d0b12e96fe58-groupManagement] INFO  server.RaftServerConfigKeys (ConfUtils.java:logGet(46)) - raft.server.log.statemachine.data.sync = true (default)
2024-06-12 17:08:30,498 [74620180-03cc-4c6e-ac63-d0b12e96fe58-groupManagement] INFO  server.RaftServerConfigKeys (ConfUtils.java:logGet(46)) - raft.server.log.statemachine.data.sync.timeout = 10s (default)
2024-06-12 17:08:30,498 [74620180-03cc-4c6e-ac63-d0b12e96fe58-groupManagement] INFO  server.RaftServerConfigKeys (ConfUtils.java:logGet(46)) - raft.server.log.statemachine.data.sync.timeout.retry = 30 (custom)
2024-06-12 17:08:30,498 [74620180-03cc-4c6e-ac63-d0b12e96fe58-groupManagement] INFO  server.RaftServerConfigKeys (ConfUtils.java:logGet(46)) - raft.server.log.write.buffer.size = 8388616 (custom)
2024-06-12 17:08:30,499 [74620180-03cc-4c6e-ac63-d0b12e96fe58-groupManagement] INFO  server.RaftServerConfigKeys (ConfUtils.java:logGet(46)) - raft.server.log.appender.buffer.byte-limit = 8388608 (custom)
2024-06-12 17:08:30,499 [74620180-03cc-4c6e-ac63-d0b12e96fe58-groupManagement] INFO  server.RaftServerConfigKeys (ConfUtils.java:logGet(46)) - raft.server.log.unsafe-flush.enabled = false (default)
2024-06-12 17:08:30,499 [74620180-03cc-4c6e-ac63-d0b12e96fe58-groupManagement] INFO  server.RaftServerConfigKeys (ConfUtils.java:logGet(46)) - raft.server.log.async-flush.enabled = false (default)
2024-06-12 17:08:30,499 [74620180-03cc-4c6e-ac63-d0b12e96fe58-groupManagement] INFO  server.RaftServerConfigKeys (ConfUtils.java:logGet(46)) - raft.server.log.statemachine.data.caching.enabled = true (custom)
2024-06-12 17:08:30,499 [74620180-03cc-4c6e-ac63-d0b12e96fe58-groupManagement] INFO  segmented.SegmentedRaftLogWorker (SegmentedRaftLogWorker.java:lambda$new$0(134)) - 74620180-03cc-4c6e-ac63-d0b12e96fe58@group-964D4F137560-SegmentedRaftLogWorker: flushIndex: setUnconditionally 0 -> -1
2024-06-12 17:08:30,500 [74620180-03cc-4c6e-ac63-d0b12e96fe58-groupManagement] INFO  segmented.SegmentedRaftLogWorker (SegmentedRaftLogWorker.java:lambda$new$0(134)) - 74620180-03cc-4c6e-ac63-d0b12e96fe58@group-964D4F137560-SegmentedRaftLogWorker: safeCacheEvictIndex: setUnconditionally 0 -> -1
2024-06-12 17:08:30,500 [74620180-03cc-4c6e-ac63-d0b12e96fe58-groupManagement] INFO  server.RaftServer$Division (RaftServerImpl.java:start(396)) - 74620180-03cc-4c6e-ac63-d0b12e96fe58@group-964D4F137560: start as a follower, conf=-1: peers:[74620180-03cc-4c6e-ac63-d0b12e96fe58|127.0.0.1:15094, 92e0ccad-9c5a-447b-b545-333a3cb7e193|127.0.0.1:15085, f3fc0661-daf3-46cc-b6b9-cf28bd2102cf|127.0.0.1:15076]|listeners:[], old=null
2024-06-12 17:08:30,500 [74620180-03cc-4c6e-ac63-d0b12e96fe58-groupManagement] INFO  server.RaftServer$Division (RaftServerImpl.java:setRole(383)) - 74620180-03cc-4c6e-ac63-d0b12e96fe58@group-964D4F137560: changes role from      null to FOLLOWER at term 0 for startAsFollower
2024-06-12 17:08:30,500 [74620180-03cc-4c6e-ac63-d0b12e96fe58-groupManagement] INFO  impl.RoleInfo (RoleInfo.java:updateAndGet(139)) - 74620180-03cc-4c6e-ac63-d0b12e96fe58: start 74620180-03cc-4c6e-ac63-d0b12e96fe58@group-964D4F137560-FollowerState
2024-06-12 17:08:30,500 [74620180-03cc-4c6e-ac63-d0b12e96fe58-groupManagement] INFO  util.JmxRegister (JmxRegister.java:tryRegister(44)) - Successfully registered JMX Bean with object name Ratis:service=RaftServer,group=group-964D4F137560,id=74620180-03cc-4c6e-ac63-d0b12e96fe58
2024-06-12 17:08:30,500 [74620180-03cc-4c6e-ac63-d0b12e96fe58-groupManagement] INFO  server.RaftServerConfigKeys (ConfUtils.java:logGet(46)) - raft.server.snapshot.trigger-when-stop.enabled = true (default)
2024-06-12 17:08:30,500 [74620180-03cc-4c6e-ac63-d0b12e96fe58-groupManagement] INFO  server.RaftServerConfigKeys (ConfUtils.java:logGet(46)) - raft.server.snapshot.auto.trigger.enabled = true (custom)
2024-06-12 17:08:30,500 [74620180-03cc-4c6e-ac63-d0b12e96fe58-groupManagement] INFO  server.RaftServerConfigKeys (ConfUtils.java:logGet(46)) - raft.server.snapshot.auto.trigger.threshold = 10000 (custom)
2024-06-12 17:08:30,500 [74620180-03cc-4c6e-ac63-d0b12e96fe58-groupManagement] INFO  server.RaftServerConfigKeys (ConfUtils.java:logGet(46)) - raft.server.snapshot.retention.file.num = 5 (custom)
2024-06-12 17:08:30,500 [74620180-03cc-4c6e-ac63-d0b12e96fe58-groupManagement] INFO  server.RaftServerConfigKeys (ConfUtils.java:logGet(46)) - raft.server.log.purge.upto.snapshot.index = false (default)
2024-06-12 17:08:30,501 [74620180-03cc-4c6e-ac63-d0b12e96fe58@group-964D4F137560-FollowerState] INFO  server.RaftServerConfigKeys (ConfUtils.java:logFallback(53)) - raft.server.rpc.first-election.timeout.min = 5s (fallback to raft.server.rpc.timeout.min)
2024-06-12 17:08:30,502 [74620180-03cc-4c6e-ac63-d0b12e96fe58@group-964D4F137560-FollowerState] INFO  server.RaftServerConfigKeys (ConfUtils.java:logFallback(53)) - raft.server.rpc.first-election.timeout.max = 5200ms (fallback to raft.server.rpc.timeout.max)
2024-06-12 17:08:30,524 [timer6] WARN  server.GrpcLogAppender (GrpcLogAppender.java:lambda$resetClient$1(217)) - f3fc0661-daf3-46cc-b6b9-cf28bd2102cf@group-8DB8E933025C->92e0ccad-9c5a-447b-b545-333a3cb7e193-GrpcLogAppender: Follower failed (request=null, errorCount=4); keep nextIndex (15) unchanged and retry. (Repeated 4 times in the last 4.999s)
2024-06-12 17:08:30,524 [timer5] WARN  server.GrpcLogAppender (LogUtils.java:warn(121)) - f3fc0661-daf3-46cc-b6b9-cf28bd2102cf@group-8DB8E933025C->92e0ccad-9c5a-447b-b545-333a3cb7e193-AppendLogResponseHandler: Failed appendEntries (Repeated 10 times in the last 5.000s): org.apache.ratis.thirdparty.io.grpc.StatusRuntimeException: UNAVAILABLE: io exception
2024-06-12 17:08:30,614 [f3fc0661-daf3-46cc-b6b9-cf28bd2102cf@group-16F1E0710B8C-FollowerState] INFO  impl.FollowerState (FollowerState.java:run(143)) - f3fc0661-daf3-46cc-b6b9-cf28bd2102cf@group-16F1E0710B8C-FollowerState: change to CANDIDATE, lastRpcElapsedTime:5386008185ns, electionTimeout:5081ms
2024-06-12 17:08:30,614 [f3fc0661-daf3-46cc-b6b9-cf28bd2102cf@group-16F1E0710B8C-FollowerState] INFO  impl.RoleInfo (RoleInfo.java:shutdownFollowerState(110)) - f3fc0661-daf3-46cc-b6b9-cf28bd2102cf: shutdown f3fc0661-daf3-46cc-b6b9-cf28bd2102cf@group-16F1E0710B8C-FollowerState
2024-06-12 17:08:30,614 [f3fc0661-daf3-46cc-b6b9-cf28bd2102cf@group-16F1E0710B8C-FollowerState] INFO  server.RaftServer$Division (RaftServerImpl.java:setRole(383)) - f3fc0661-daf3-46cc-b6b9-cf28bd2102cf@group-16F1E0710B8C: changes role from  FOLLOWER to CANDIDATE at term 1 for changeToCandidate
2024-06-12 17:08:30,614 [f3fc0661-daf3-46cc-b6b9-cf28bd2102cf@group-16F1E0710B8C-FollowerState] INFO  server.RaftServerConfigKeys (ConfUtils.java:logGet(46)) - raft.server.leaderelection.pre-vote = true (default)
2024-06-12 17:08:30,614 [f3fc0661-daf3-46cc-b6b9-cf28bd2102cf@group-16F1E0710B8C-FollowerState] INFO  impl.RoleInfo (RoleInfo.java:updateAndGet(139)) - f3fc0661-daf3-46cc-b6b9-cf28bd2102cf: start f3fc0661-daf3-46cc-b6b9-cf28bd2102cf@group-16F1E0710B8C-LeaderElection26
2024-06-12 17:08:30,615 [f3fc0661-daf3-46cc-b6b9-cf28bd2102cf@group-16F1E0710B8C-LeaderElection26] INFO  server.RaftServer$Division (ServerState.java:setLeader(269)) - f3fc0661-daf3-46cc-b6b9-cf28bd2102cf@group-16F1E0710B8C: change Leader from 92e0ccad-9c5a-447b-b545-333a3cb7e193 to null at term 1 for PRE_VOTE
2024-06-12 17:08:30,615 [f3fc0661-daf3-46cc-b6b9-cf28bd2102cf@group-16F1E0710B8C-LeaderElection26] INFO  impl.LeaderElection (LeaderElection.java:askForVotes(321)) - f3fc0661-daf3-46cc-b6b9-cf28bd2102cf@group-16F1E0710B8C-LeaderElection26 PRE_VOTE round 0: submit vote requests at term 1 for 0: peers:[92e0ccad-9c5a-447b-b545-333a3cb7e193|127.0.0.1:15085, 691380cd-fa1e-45b9-9936-538793566ee4|127.0.0.1:15067, f3fc0661-daf3-46cc-b6b9-cf28bd2102cf|127.0.0.1:15076]|listeners:[], old=null
2024-06-12 17:08:30,615 [f3fc0661-daf3-46cc-b6b9-cf28bd2102cf@group-16F1E0710B8C-LeaderElection26] INFO  impl.LeaderElection (LogUtils.java:infoOrTrace(136)) - f3fc0661-daf3-46cc-b6b9-cf28bd2102cf@group-16F1E0710B8C-LeaderElection26 got exception when requesting votes: java.util.concurrent.ExecutionException: org.apache.ratis.thirdparty.io.grpc.StatusRuntimeException: UNAVAILABLE: io exception
2024-06-12 17:08:30,615 [f3fc0661-daf3-46cc-b6b9-cf28bd2102cf@group-16F1E0710B8C-LeaderElection26] INFO  impl.LeaderElection (LogUtils.java:infoOrTrace(136)) - f3fc0661-daf3-46cc-b6b9-cf28bd2102cf@group-16F1E0710B8C-LeaderElection26 got exception when requesting votes: java.util.concurrent.ExecutionException: org.apache.ratis.thirdparty.io.grpc.StatusRuntimeException: UNAVAILABLE: io exception
2024-06-12 17:08:30,615 [f3fc0661-daf3-46cc-b6b9-cf28bd2102cf@group-16F1E0710B8C-LeaderElection26] INFO  impl.LeaderElection (LeaderElection.java:logAndReturn(89)) - f3fc0661-daf3-46cc-b6b9-cf28bd2102cf@group-16F1E0710B8C-LeaderElection26: PRE_VOTE REJECTED received 0 response(s) and 2 exception(s):
2024-06-12 17:08:30,615 [f3fc0661-daf3-46cc-b6b9-cf28bd2102cf@group-16F1E0710B8C-LeaderElection26] INFO  impl.LeaderElection (LogUtils.java:infoOrTrace(136)) -   Exception 0: java.util.concurrent.ExecutionException: org.apache.ratis.thirdparty.io.grpc.StatusRuntimeException: UNAVAILABLE: io exception
2024-06-12 17:08:30,615 [f3fc0661-daf3-46cc-b6b9-cf28bd2102cf@group-16F1E0710B8C-LeaderElection26] INFO  impl.LeaderElection (LogUtils.java:infoOrTrace(136)) -   Exception 1: java.util.concurrent.ExecutionException: org.apache.ratis.thirdparty.io.grpc.StatusRuntimeException: UNAVAILABLE: io exception
2024-06-12 17:08:30,615 [f3fc0661-daf3-46cc-b6b9-cf28bd2102cf@group-16F1E0710B8C-LeaderElection26] INFO  impl.LeaderElection (LeaderElection.java:askForVotes(323)) - f3fc0661-daf3-46cc-b6b9-cf28bd2102cf@group-16F1E0710B8C-LeaderElection26 PRE_VOTE round 0: result REJECTED
2024-06-12 17:08:30,616 [f3fc0661-daf3-46cc-b6b9-cf28bd2102cf@group-16F1E0710B8C-LeaderElection26] INFO  server.RaftServer$Division (RaftServerImpl.java:setRole(383)) - f3fc0661-daf3-46cc-b6b9-cf28bd2102cf@group-16F1E0710B8C: changes role from CANDIDATE to FOLLOWER at term 1 for REJECTED
2024-06-12 17:08:30,616 [f3fc0661-daf3-46cc-b6b9-cf28bd2102cf@group-16F1E0710B8C-LeaderElection26] INFO  impl.RoleInfo (RoleInfo.java:shutdownLeaderElection(130)) - f3fc0661-daf3-46cc-b6b9-cf28bd2102cf: shutdown f3fc0661-daf3-46cc-b6b9-cf28bd2102cf@group-16F1E0710B8C-LeaderElection26
2024-06-12 17:08:30,616 [f3fc0661-daf3-46cc-b6b9-cf28bd2102cf@group-16F1E0710B8C-LeaderElection26] INFO  impl.RoleInfo (RoleInfo.java:updateAndGet(139)) - f3fc0661-daf3-46cc-b6b9-cf28bd2102cf: start f3fc0661-daf3-46cc-b6b9-cf28bd2102cf@group-16F1E0710B8C-FollowerState
2024-06-12 17:08:31,265 [grpc-default-executor-4] WARN  server.GrpcLogAppender (LogUtils.java:warn(121)) - f3fc0661-daf3-46cc-b6b9-cf28bd2102cf@group-8DB8E933025C->92e0ccad-9c5a-447b-b545-333a3cb7e193-AppendLogResponseHandler: Failed appendEntries: org.apache.ratis.thirdparty.io.grpc.StatusRuntimeException: UNAVAILABLE: io exception
2024-06-12 17:08:31,536 [EventQueue-DeadNodeForDeadNodeHandler] INFO  node.DeadNodeHandler (DeadNodeHandler.java:onMessage(95)) - A dead datanode is detected. 92e0ccad-9c5a-447b-b545-333a3cb7e193(localhost/127.0.0.1)
2024-06-12 17:08:31,537 [EventQueue-DeadNodeForDeadNodeHandler] INFO  pipeline.RatisPipelineProvider (RatisPipelineProvider.java:lambda$close$4(270)) - Send pipeline:PipelineID=d0d87f1c-e118-4c1b-bb4d-14248575d398 close command to datanode 92e0ccad-9c5a-447b-b545-333a3cb7e193
2024-06-12 17:08:31,537 [EventQueue-DeadNodeForDeadNodeHandler] INFO  pipeline.PipelineManagerImpl (PipelineManagerImpl.java:removePipeline(459)) - Pipeline Pipeline[ Id: d0d87f1c-e118-4c1b-bb4d-14248575d398, Nodes: 92e0ccad-9c5a-447b-b545-333a3cb7e193(localhost/127.0.0.1), ReplicationConfig: RATIS/ONE, State:CLOSED, leaderId:92e0ccad-9c5a-447b-b545-333a3cb7e193, CreationTimestamp2024-06-12T17:08:01.996Z[Etc/UTC]] removed.
2024-06-12 17:08:31,537 [EventQueue-DeadNodeForDeadNodeHandler] INFO  pipeline.RatisPipelineProvider (RatisPipelineProvider.java:lambda$close$4(270)) - Send pipeline:PipelineID=2ea4685a-0e77-4a18-885c-964d4f137560 close command to datanode 74620180-03cc-4c6e-ac63-d0b12e96fe58
2024-06-12 17:08:31,537 [EventQueue-DeadNodeForDeadNodeHandler] INFO  pipeline.RatisPipelineProvider (RatisPipelineProvider.java:lambda$close$4(270)) - Send pipeline:PipelineID=2ea4685a-0e77-4a18-885c-964d4f137560 close command to datanode f3fc0661-daf3-46cc-b6b9-cf28bd2102cf
2024-06-12 17:08:31,537 [EventQueue-DeadNodeForDeadNodeHandler] INFO  pipeline.RatisPipelineProvider (RatisPipelineProvider.java:lambda$close$4(270)) - Send pipeline:PipelineID=2ea4685a-0e77-4a18-885c-964d4f137560 close command to datanode 92e0ccad-9c5a-447b-b545-333a3cb7e193
2024-06-12 17:08:31,537 [EventQueue-DeadNodeForDeadNodeHandler] INFO  pipeline.PipelineManagerImpl (PipelineManagerImpl.java:removePipeline(459)) - Pipeline Pipeline[ Id: 2ea4685a-0e77-4a18-885c-964d4f137560, Nodes: 74620180-03cc-4c6e-ac63-d0b12e96fe58(localhost/127.0.0.1)f3fc0661-daf3-46cc-b6b9-cf28bd2102cf(localhost/127.0.0.1)92e0ccad-9c5a-447b-b545-333a3cb7e193(localhost/127.0.0.1), ReplicationConfig: RATIS/THREE, State:CLOSED, leaderId:, CreationTimestamp2024-06-12T17:08:28.532Z[Etc/UTC]] removed.
2024-06-12 17:08:31,538 [EventQueue-DeadNodeForDeadNodeHandler] INFO  node.DeadNodeHandler (DeadNodeHandler.java:onMessage(108)) - Clearing command queue of size 7 for DN 92e0ccad-9c5a-447b-b545-333a3cb7e193(localhost/127.0.0.1)
2024-06-12 17:08:31,538 [EventQueue-DeadNodeForDeadNodeHandler] INFO  net.NetworkTopologyImpl (NetworkTopologyImpl.java:remove(212)) - Removed a node: /default-rack/92e0ccad-9c5a-447b-b545-333a3cb7e193
2024-06-12 17:08:31,637 [IPC Server handler 2 on default port 15054] WARN  pipeline.PipelineManagerImpl (PipelineManagerImpl.java:waitOnePipelineReady(753)) - Pipeline PipelineID=2ea4685a-0e77-4a18-885c-964d4f137560 cannot be found
2024-06-12 17:08:31,637 [IPC Server handler 2 on default port 15054] WARN  pipeline.WritableRatisContainerProvider (WritableRatisContainerProvider.java:getContainer(106)) - Pipeline creation failed for repConfig RATIS/THREE Datanodes may be used up. Try to see if any pipeline is in ALLOCATED state, and then will wait for it to be OPEN
org.apache.hadoop.hdds.scm.pipeline.PipelineNotFoundException: The input pipeline IDs 2ea4685a-0e77-4a18-885c-964d4f137560 cannot be found
	at org.apache.hadoop.hdds.scm.pipeline.PipelineManagerImpl.waitOnePipelineReady(PipelineManagerImpl.java:758)
	at org.apache.hadoop.hdds.scm.pipeline.PipelineManagerImpl.waitPipelineReady(PipelineManagerImpl.java:725)
	at org.apache.hadoop.hdds.scm.pipeline.WritableRatisContainerProvider.getContainer(WritableRatisContainerProvider.java:103)
	at org.apache.hadoop.hdds.scm.pipeline.WritableContainerFactory.getContainer(WritableContainerFactory.java:74)
	at org.apache.hadoop.hdds.scm.block.BlockManagerImpl.allocateBlock(BlockManagerImpl.java:163)
	at org.apache.hadoop.hdds.scm.server.SCMBlockProtocolServer.allocateBlock(SCMBlockProtocolServer.java:206)
	at org.apache.hadoop.hdds.scm.protocol.ScmBlockLocationProtocolServerSideTranslatorPB.allocateScmBlock(ScmBlockLocationProtocolServerSideTranslatorPB.java:198)
	at org.apache.hadoop.hdds.scm.protocol.ScmBlockLocationProtocolServerSideTranslatorPB.processMessage(ScmBlockLocationProtocolServerSideTranslatorPB.java:144)
	at org.apache.hadoop.hdds.server.OzoneProtocolMessageDispatcher.processRequest(OzoneProtocolMessageDispatcher.java:89)
	at org.apache.hadoop.hdds.scm.protocol.ScmBlockLocationProtocolServerSideTranslatorPB.send(ScmBlockLocationProtocolServerSideTranslatorPB.java:115)
	at org.apache.hadoop.hdds.protocol.proto.ScmBlockLocationProtocolProtos$ScmBlockLocationProtocolService$2.callBlockingMethod(ScmBlockLocationProtocolProtos.java:15776)
	at org.apache.hadoop.ipc.ProtobufRpcEngine$Server.processCall(ProtobufRpcEngine.java:484)
	at org.apache.hadoop.ipc.ProtobufRpcEngine2$Server$ProtoBufRpcInvoker.call(ProtobufRpcEngine2.java:595)
	at org.apache.hadoop.ipc.ProtobufRpcEngine2$Server$ProtoBufRpcInvoker.call(ProtobufRpcEngine2.java:573)
	at org.apache.hadoop.ipc.RPC$Server.call(RPC.java:1227)
	at org.apache.hadoop.ipc.Server$RpcCall.run(Server.java:1094)
	at org.apache.hadoop.ipc.Server$RpcCall.run(Server.java:1017)
	at java.base/java.security.AccessController.doPrivileged(AccessController.java:712)
	at java.base/javax.security.auth.Subject.doAs(Subject.java:439)
	at org.apache.hadoop.security.UserGroupInformation.doAs(UserGroupInformation.java:1899)
	at org.apache.hadoop.ipc.Server$Handler.run(Server.java:3048)
2024-06-12 17:08:31,637 [IPC Server handler 2 on default port 15054] ERROR pipeline.WritableRatisContainerProvider (WritableRatisContainerProvider.java:getContainer(145)) - Unable to allocate a block for the size: 800, repConfig: RATIS/THREE
17:08:31.638 [IPC Server handler 2 on default port 15054] ERROR SCMAudit - user=runner | ip=127.0.0.1 | op=ALLOCATE_BLOCK {replication=RATIS/THREE, owner=omServiceIdDefault, size=800, num=1, client=} | ret=FAILURE
java.io.IOException: Unable to allocate a container to the block of size: 800, replicationConfig: RATIS/THREE. The input pipeline IDs 2ea4685a-0e77-4a18-885c-964d4f137560 cannot be found
	at org.apache.hadoop.hdds.scm.pipeline.WritableRatisContainerProvider.getContainer(WritableRatisContainerProvider.java:148) ~[classes/:?]
	at org.apache.hadoop.hdds.scm.pipeline.WritableContainerFactory.getContainer(WritableContainerFactory.java:74) ~[classes/:?]
	at org.apache.hadoop.hdds.scm.block.BlockManagerImpl.allocateBlock(BlockManagerImpl.java:163) ~[classes/:?]
	at org.apache.hadoop.hdds.scm.server.SCMBlockProtocolServer.allocateBlock(SCMBlockProtocolServer.java:206) ~[classes/:?]
	at org.apache.hadoop.hdds.scm.protocol.ScmBlockLocationProtocolServerSideTranslatorPB.allocateScmBlock(ScmBlockLocationProtocolServerSideTranslatorPB.java:198) ~[classes/:?]
	at org.apache.hadoop.hdds.scm.protocol.ScmBlockLocationProtocolServerSideTranslatorPB.processMessage(ScmBlockLocationProtocolServerSideTranslatorPB.java:144) ~[classes/:?]
	at org.apache.hadoop.hdds.server.OzoneProtocolMessageDispatcher.processRequest(OzoneProtocolMessageDispatcher.java:89) ~[classes/:?]
	at org.apache.hadoop.hdds.scm.protocol.ScmBlockLocationProtocolServerSideTranslatorPB.send(ScmBlockLocationProtocolServerSideTranslatorPB.java:115) ~[classes/:?]
	at org.apache.hadoop.hdds.protocol.proto.ScmBlockLocationProtocolProtos$ScmBlockLocationProtocolService$2.callBlockingMethod(ScmBlockLocationProtocolProtos.java:15776) ~[classes/:?]
	at org.apache.hadoop.ipc.ProtobufRpcEngine$Server.processCall(ProtobufRpcEngine.java:484) ~[hadoop-common-3.3.6.jar:?]
	at org.apache.hadoop.ipc.ProtobufRpcEngine2$Server$ProtoBufRpcInvoker.call(ProtobufRpcEngine2.java:595) ~[hadoop-common-3.3.6.jar:?]
	at org.apache.hadoop.ipc.ProtobufRpcEngine2$Server$ProtoBufRpcInvoker.call(ProtobufRpcEngine2.java:573) ~[hadoop-common-3.3.6.jar:?]
	at org.apache.hadoop.ipc.RPC$Server.call(RPC.java:1227) ~[hadoop-common-3.3.6.jar:?]
	at org.apache.hadoop.ipc.Server$RpcCall.run(Server.java:1094) ~[hadoop-common-3.3.6.jar:?]
	at org.apache.hadoop.ipc.Server$RpcCall.run(Server.java:1017) ~[hadoop-common-3.3.6.jar:?]
	at java.security.AccessController.doPrivileged(AccessController.java:712) [?:?]
	at javax.security.auth.Subject.doAs(Subject.java:439) [?:?]
	at org.apache.hadoop.security.UserGroupInformation.doAs(UserGroupInformation.java:1899) [hadoop-common-3.3.6.jar:?]
	at org.apache.hadoop.ipc.Server$Handler.run(Server.java:3048) [hadoop-common-3.3.6.jar:?]
2024-06-12 17:08:31,645 [main] INFO  ozone.MiniOzoneClusterImpl (MiniOzoneClusterImpl.java:shutdown(396)) - Shutting down the Mini Ozone Cluster
2024-06-12 17:08:31,645 [main] INFO  db.CodecTestUtil (CodecTestUtil.java:gc(50)) - gc 0
2024-06-12 17:08:31,807 [main] INFO  ozone.MiniOzoneClusterImpl (MiniOzoneClusterImpl.java:stop(412)) - Stopping the Mini Ozone Cluster
2024-06-12 17:08:31,808 [main] INFO  om.OzoneManager (OzoneManager.java:stop(2232)) - om1[localhost:15057]: Stopping Ozone Manager
2024-06-12 17:08:31,808 [main] INFO  ipc.Server (Server.java:stop(3523)) - Stopping server on 15057
2024-06-12 17:08:31,808 [IPC Server Responder] INFO  ipc.Server (Server.java:run(1567)) - Stopping IPC Server Responder
2024-06-12 17:08:31,809 [IPC Server listener on 15057] INFO  ipc.Server (Server.java:run(1434)) - Stopping IPC Server listener on 15057
2024-06-12 17:08:31,809 [main] INFO  ratis.OzoneManagerRatisServer (OzoneManagerRatisServer.java:stop(600)) - Stopping org.apache.hadoop.ozone.om.ratis.OzoneManagerRatisServer@a2dfad at port 15060
2024-06-12 17:08:31,809 [main] INFO  server.RaftServer (RaftServerProxy.java:lambda$close$9(416)) - om1: close
2024-06-12 17:08:31,809 [om1-impl-thread1] INFO  server.RaftServer$Division (RaftServerImpl.java:lambda$close$3(526)) - om1@group-C5BA1605619E: shutdown
2024-06-12 17:08:31,810 [om1-impl-thread1] INFO  util.JmxRegister (JmxRegister.java:unregister(73)) - Successfully un-registered JMX Bean with object name Ratis:service=RaftServer,group=group-C5BA1605619E,id=om1
2024-06-12 17:08:31,810 [om1-impl-thread1] INFO  impl.RoleInfo (RoleInfo.java:shutdownLeaderState(94)) - om1: shutdown om1@group-C5BA1605619E-LeaderStateImpl
2024-06-12 17:08:31,810 [om1-impl-thread1] INFO  impl.PendingRequests (PendingRequests.java:sendNotLeaderResponses(289)) - om1@group-C5BA1605619E-PendingRequests: sendNotLeaderResponses
2024-06-12 17:08:31,810 [om1-impl-thread1] INFO  impl.StateMachineUpdater (StateMachineUpdater.java:stopAndJoin(157)) - om1@group-C5BA1605619E-StateMachineUpdater: set stopIndex = 6
2024-06-12 17:08:31,809 [main] INFO  server.GrpcService (GrpcService.java:closeImpl(311)) - om1: shutdown server GrpcServerProtocolService now
2024-06-12 17:08:31,810 [om1@group-C5BA1605619E-StateMachineUpdater] INFO  ratis.OzoneManagerStateMachine (OzoneManagerStateMachine.java:takeSnapshotImpl(481)) -  applied = (t:1, i:6)
2024-06-12 17:08:31,811 [om1@group-C5BA1605619E-StateMachineUpdater] INFO  ratis.OzoneManagerStateMachine (OzoneManagerStateMachine.java:takeSnapshotImpl(482)) -  skipped = 5
2024-06-12 17:08:31,811 [om1@group-C5BA1605619E-StateMachineUpdater] INFO  ratis.OzoneManagerStateMachine (OzoneManagerStateMachine.java:takeSnapshotImpl(483)) - notified = (t:1, i:6)
2024-06-12 17:08:31,811 [om1@group-C5BA1605619E-StateMachineUpdater] INFO  ratis.OzoneManagerStateMachine (OzoneManagerStateMachine.java:takeSnapshotImpl(484)) - snapshot = (t:1, i:6)
2024-06-12 17:08:31,811 [main] INFO  server.GrpcService (GrpcService.java:closeImpl(320)) - om1: shutdown server GrpcServerProtocolService successfully
2024-06-12 17:08:31,827 [om1@group-C5BA1605619E-StateMachineUpdater] INFO  impl.StateMachineUpdater (StateMachineUpdater.java:takeSnapshot(295)) - om1@group-C5BA1605619E-StateMachineUpdater: Took a snapshot at index 6
2024-06-12 17:08:31,827 [om1@group-C5BA1605619E-StateMachineUpdater] INFO  impl.StateMachineUpdater (StateMachineUpdater.java:lambda$new$0(98)) - om1@group-C5BA1605619E-StateMachineUpdater: snapshotIndex: updateIncreasingly -1 -> 6
2024-06-12 17:08:31,827 [om1@group-C5BA1605619E-StateMachineUpdater] INFO  ratis.OzoneManagerStateMachine (OzoneManagerStateMachine.java:close(527)) - Stopping OzoneManagerStateMachine:om1:group-C5BA1605619E.
2024-06-12 17:08:31,827 [om1@group-C5BA1605619E-StateMachineUpdater] INFO  ratis.OzoneManagerDoubleBuffer (OzoneManagerDoubleBuffer.java:stopDaemon(517)) - Stopping OMDoubleBuffer flush thread
2024-06-12 17:08:31,827 [om1-OMDoubleBufferFlushThread] INFO  ratis.OzoneManagerDoubleBuffer (OzoneManagerDoubleBuffer.java:canFlush(581)) - OMDoubleBuffer flush thread om1-OMDoubleBufferFlushThread is interrupted and will exit.
2024-06-12 17:08:31,828 [om1-impl-thread1] INFO  server.RaftServer$Division (ServerState.java:close(427)) - om1@group-C5BA1605619E: applyIndex: 6
2024-06-12 17:08:31,828 [om1@group-C5BA1605619E-cacheEviction-AwaitToRun] INFO  util.AwaitToRun (AwaitToRun.java:run(49)) - om1@group-C5BA1605619E-cacheEviction-AwaitToRun-AwaitForSignal is interrupted
2024-06-12 17:08:32,291 [om1-impl-thread1] INFO  segmented.SegmentedRaftLogWorker (SegmentedRaftLogWorker.java:close(245)) - om1@group-C5BA1605619E-SegmentedRaftLogWorker close()
2024-06-12 17:08:32,291 [JvmPauseMonitor8] INFO  util.JvmPauseMonitor (JvmPauseMonitor.java:run(152)) - JvmPauseMonitor-om1: Stopped
2024-06-12 17:08:32,291 [main] INFO  utils.BackgroundService (BackgroundService.java:shutdown(160)) - Shutting down service KeyDeletingService
2024-06-12 17:08:32,292 [main] INFO  utils.BackgroundService (BackgroundService.java:shutdown(160)) - Shutting down service DirectoryDeletingService
2024-06-12 17:08:32,292 [main] INFO  utils.BackgroundService (BackgroundService.java:shutdown(160)) - Shutting down service OpenKeyCleanupService
2024-06-12 17:08:32,292 [main] INFO  utils.BackgroundService (BackgroundService.java:shutdown(160)) - Shutting down service SstFilteringService
2024-06-12 17:08:32,292 [main] INFO  utils.BackgroundService (BackgroundService.java:shutdown(160)) - Shutting down service SnapshotDeletingService
2024-06-12 17:08:32,293 [main] INFO  utils.BackgroundService (BackgroundService.java:shutdown(160)) - Shutting down service MultipartUploadCleanupService
2024-06-12 17:08:32,293 [main] INFO  utils.BackgroundService (BackgroundService.java:shutdown(160)) - Shutting down service SnapshotDirectoryCleaningService
2024-06-12 17:08:32,294 [main] INFO  handler.ContextHandler (ContextHandler.java:doStop(1159)) - Stopped o.e.j.w.WebAppContext@656ed510{ozoneManager,/,null,STOPPED}{file:/home/runner/work/ozone/ozone/hadoop-ozone/integration-test/target/test-classes/webapps/ozoneManager}
2024-06-12 17:08:32,294 [main] INFO  server.AbstractConnector (AbstractConnector.java:doStop(383)) - Stopped ServerConnector@2dc33a2d{HTTP/1.1, (http/1.1)}{0.0.0.0:15058}
2024-06-12 17:08:32,294 [main] INFO  server.session (HouseKeeper.java:stopScavenging(149)) - node0 Stopped scavenging
2024-06-12 17:08:32,294 [main] INFO  handler.ContextHandler (ContextHandler.java:doStop(1159)) - Stopped o.e.j.s.ServletContextHandler@7b968647{static,/static,file:///home/runner/work/ozone/ozone/hadoop-ozone/integration-test/target/test-classes/webapps/static,STOPPED}
2024-06-12 17:08:32,295 [main] INFO  handler.ContextHandler (ContextHandler.java:doStop(1159)) - Stopped o.e.j.s.ServletContextHandler@1a4ccb7b{logs,/logs,file:///home/runner/work/ozone/ozone/hadoop-ozone/integration-test/target/log,STOPPED}
2024-06-12 17:08:32,295 [main] INFO  rocksdiff.RocksDBCheckpointDiffer (RocksDBCheckpointDiffer.java:close(306)) - Shutting down CompactionDagPruningService.
2024-06-12 17:08:32,297 [main] INFO  snapshot.SnapshotDiffManager (SnapshotDiffManager.java:closeExecutorService(1657)) - Shutting down executorService: 'SnapDiffExecutor'
2024-06-12 17:08:32,297 [main] INFO  utils.BackgroundService (BackgroundService.java:shutdown(160)) - Shutting down service SnapshotDiffCleanupService
2024-06-12 17:08:32,297 [main] INFO  ozone.MiniOzoneClusterImpl (MiniOzoneClusterImpl.java:stopDatanodes(471)) - Stopping the HddsDatanodes
2024-06-12 17:08:32,299 [ForkJoinPool.commonPool-worker-3] INFO  ozoneimpl.OzoneContainer (OzoneContainer.java:stop(481)) - Attempting to stop container services.
2024-06-12 17:08:32,299 [main] INFO  ozoneimpl.OzoneContainer (OzoneContainer.java:stop(481)) - Attempting to stop container services.
2024-06-12 17:08:32,299 [ContainerMetadataScanner] WARN  ozoneimpl.AbstractBackgroundContainerScanner (AbstractBackgroundContainerScanner.java:handleRemainingSleep(134)) - Background container scan was interrupted.
2024-06-12 17:08:32,300 [ContainerMetadataScanner] INFO  ozoneimpl.AbstractBackgroundContainerScanner (AbstractBackgroundContainerScanner.java:run(61)) - Thread[ContainerMetadataScanner,5,main] exiting.
2024-06-12 17:08:32,300 [ContainerMetadataScanner] WARN  ozoneimpl.AbstractBackgroundContainerScanner (AbstractBackgroundContainerScanner.java:handleRemainingSleep(134)) - Background container scan was interrupted.
2024-06-12 17:08:32,300 [ContainerMetadataScanner] INFO  ozoneimpl.AbstractBackgroundContainerScanner (AbstractBackgroundContainerScanner.java:run(61)) - Thread[ContainerMetadataScanner,5,main] exiting.
2024-06-12 17:08:32,300 [main] INFO  ozoneimpl.BackgroundContainerDataScanner (BackgroundContainerDataScanner.java:shutdown(141)) - ContainerDataScanner(/home/runner/work/ozone/ozone/hadoop-ozone/integration-test/target/test-dir/MiniOzoneClusterImpl-0353e991-6c3e-4832-95ff-5850d237b4c9/ozone-meta/datanode-5/data-0/hdds) is shutting down. 
2024-06-12 17:08:32,300 [ForkJoinPool.commonPool-worker-3] INFO  ozoneimpl.BackgroundContainerDataScanner (BackgroundContainerDataScanner.java:shutdown(141)) - ContainerDataScanner(/home/runner/work/ozone/ozone/hadoop-ozone/integration-test/target/test-dir/MiniOzoneClusterImpl-0353e991-6c3e-4832-95ff-5850d237b4c9/ozone-meta/datanode-4/data-0/hdds) is shutting down. 
2024-06-12 17:08:32,300 [ContainerDataScanner(/home/runner/work/ozone/ozone/hadoop-ozone/integration-test/target/test-dir/MiniOzoneClusterImpl-0353e991-6c3e-4832-95ff-5850d237b4c9/ozone-meta/datanode-5/data-0/hdds)] WARN  ozoneimpl.AbstractBackgroundContainerScanner (AbstractBackgroundContainerScanner.java:handleRemainingSleep(134)) - Background container scan was interrupted.
2024-06-12 17:08:32,300 [ContainerDataScanner(/home/runner/work/ozone/ozone/hadoop-ozone/integration-test/target/test-dir/MiniOzoneClusterImpl-0353e991-6c3e-4832-95ff-5850d237b4c9/ozone-meta/datanode-4/data-0/hdds)] WARN  ozoneimpl.AbstractBackgroundContainerScanner (AbstractBackgroundContainerScanner.java:handleRemainingSleep(134)) - Background container scan was interrupted.
2024-06-12 17:08:32,300 [ContainerDataScanner(/home/runner/work/ozone/ozone/hadoop-ozone/integration-test/target/test-dir/MiniOzoneClusterImpl-0353e991-6c3e-4832-95ff-5850d237b4c9/ozone-meta/datanode-5/data-0/hdds)] INFO  ozoneimpl.AbstractBackgroundContainerScanner (AbstractBackgroundContainerScanner.java:run(61)) - ContainerDataScanner(/home/runner/work/ozone/ozone/hadoop-ozone/integration-test/target/test-dir/MiniOzoneClusterImpl-0353e991-6c3e-4832-95ff-5850d237b4c9/ozone-meta/datanode-5/data-0/hdds, DS-f571cc45-3ee3-4043-b92f-8d118dca6f23) exiting.
2024-06-12 17:08:32,300 [ContainerDataScanner(/home/runner/work/ozone/ozone/hadoop-ozone/integration-test/target/test-dir/MiniOzoneClusterImpl-0353e991-6c3e-4832-95ff-5850d237b4c9/ozone-meta/datanode-4/data-0/hdds)] INFO  ozoneimpl.AbstractBackgroundContainerScanner (AbstractBackgroundContainerScanner.java:run(61)) - ContainerDataScanner(/home/runner/work/ozone/ozone/hadoop-ozone/integration-test/target/test-dir/MiniOzoneClusterImpl-0353e991-6c3e-4832-95ff-5850d237b4c9/ozone-meta/datanode-4/data-0/hdds, DS-accea906-20c6-470a-8ea7-4950e6a3364d) exiting.
2024-06-12 17:08:32,301 [main] INFO  server.RaftServer (RaftServerProxy.java:lambda$close$9(416)) - 69f17eae-5f6b-470f-8112-c08e963e2abc: close
2024-06-12 17:08:32,301 [ForkJoinPool.commonPool-worker-3] INFO  server.RaftServer (RaftServerProxy.java:lambda$close$9(416)) - 74620180-03cc-4c6e-ac63-d0b12e96fe58: close
2024-06-12 17:08:32,301 [69f17eae-5f6b-470f-8112-c08e963e2abc-impl-thread1] INFO  server.RaftServer$Division (RaftServerImpl.java:lambda$close$3(526)) - 69f17eae-5f6b-470f-8112-c08e963e2abc@group-2AC76C1D414F: shutdown
2024-06-12 17:08:32,301 [main] INFO  server.GrpcService (GrpcService.java:closeImpl(311)) - 69f17eae-5f6b-470f-8112-c08e963e2abc: shutdown server org.apache.ratis.grpc.server.GrpcClientProtocolService now
2024-06-12 17:08:32,301 [74620180-03cc-4c6e-ac63-d0b12e96fe58-impl-thread2] INFO  server.RaftServer$Division (RaftServerImpl.java:lambda$close$3(526)) - 74620180-03cc-4c6e-ac63-d0b12e96fe58@group-25DA7408936A: shutdown
2024-06-12 17:08:32,301 [ForkJoinPool.commonPool-worker-3] INFO  server.GrpcService (GrpcService.java:closeImpl(311)) - 74620180-03cc-4c6e-ac63-d0b12e96fe58: shutdown server org.apache.ratis.grpc.server.GrpcClientProtocolService now
2024-06-12 17:08:32,301 [69f17eae-5f6b-470f-8112-c08e963e2abc-impl-thread1] INFO  util.JmxRegister (JmxRegister.java:unregister(73)) - Successfully un-registered JMX Bean with object name Ratis:service=RaftServer,group=group-2AC76C1D414F,id=69f17eae-5f6b-470f-8112-c08e963e2abc
2024-06-12 17:08:32,301 [74620180-03cc-4c6e-ac63-d0b12e96fe58-impl-thread1] INFO  server.RaftServer$Division (RaftServerImpl.java:lambda$close$3(526)) - 74620180-03cc-4c6e-ac63-d0b12e96fe58@group-964D4F137560: shutdown
2024-06-12 17:08:32,302 [74620180-03cc-4c6e-ac63-d0b12e96fe58-impl-thread1] INFO  util.JmxRegister (JmxRegister.java:unregister(73)) - Successfully un-registered JMX Bean with object name Ratis:service=RaftServer,group=group-964D4F137560,id=74620180-03cc-4c6e-ac63-d0b12e96fe58
2024-06-12 17:08:32,302 [74620180-03cc-4c6e-ac63-d0b12e96fe58-impl-thread1] INFO  impl.RoleInfo (RoleInfo.java:shutdownFollowerState(110)) - 74620180-03cc-4c6e-ac63-d0b12e96fe58: shutdown 74620180-03cc-4c6e-ac63-d0b12e96fe58@group-964D4F137560-FollowerState
2024-06-12 17:08:32,302 [74620180-03cc-4c6e-ac63-d0b12e96fe58-impl-thread1] INFO  impl.StateMachineUpdater (StateMachineUpdater.java:stopAndJoin(157)) - 74620180-03cc-4c6e-ac63-d0b12e96fe58@group-964D4F137560-StateMachineUpdater: set stopIndex = -1
2024-06-12 17:08:32,302 [74620180-03cc-4c6e-ac63-d0b12e96fe58@group-964D4F137560-FollowerState] INFO  impl.FollowerState (FollowerState.java:run(152)) - 74620180-03cc-4c6e-ac63-d0b12e96fe58@group-964D4F137560-FollowerState was interrupted
2024-06-12 17:08:32,302 [ForkJoinPool.commonPool-worker-3] INFO  server.GrpcService (GrpcService.java:closeImpl(320)) - 74620180-03cc-4c6e-ac63-d0b12e96fe58: shutdown server org.apache.ratis.grpc.server.GrpcClientProtocolService successfully
2024-06-12 17:08:32,302 [ForkJoinPool.commonPool-worker-3] INFO  server.GrpcService (GrpcService.java:closeImpl(311)) - 74620180-03cc-4c6e-ac63-d0b12e96fe58: shutdown server GrpcServerProtocolService now
2024-06-12 17:08:32,302 [74620180-03cc-4c6e-ac63-d0b12e96fe58-impl-thread1] INFO  server.RaftServer$Division (ServerState.java:close(427)) - 74620180-03cc-4c6e-ac63-d0b12e96fe58@group-964D4F137560: applyIndex: -1
2024-06-12 17:08:32,302 [69f17eae-5f6b-470f-8112-c08e963e2abc-impl-thread1] INFO  impl.RoleInfo (RoleInfo.java:shutdownLeaderState(94)) - 69f17eae-5f6b-470f-8112-c08e963e2abc: shutdown 69f17eae-5f6b-470f-8112-c08e963e2abc@group-2AC76C1D414F-LeaderStateImpl
2024-06-12 17:08:32,302 [69f17eae-5f6b-470f-8112-c08e963e2abc-impl-thread1] INFO  impl.PendingRequests (PendingRequests.java:sendNotLeaderResponses(289)) - 69f17eae-5f6b-470f-8112-c08e963e2abc@group-2AC76C1D414F-PendingRequests: sendNotLeaderResponses
2024-06-12 17:08:32,301 [74620180-03cc-4c6e-ac63-d0b12e96fe58-impl-thread2] INFO  util.JmxRegister (JmxRegister.java:unregister(73)) - Successfully un-registered JMX Bean with object name Ratis:service=RaftServer,group=group-25DA7408936A,id=74620180-03cc-4c6e-ac63-d0b12e96fe58
2024-06-12 17:08:32,303 [74620180-03cc-4c6e-ac63-d0b12e96fe58-impl-thread2] INFO  impl.RoleInfo (RoleInfo.java:shutdownLeaderState(94)) - 74620180-03cc-4c6e-ac63-d0b12e96fe58: shutdown 74620180-03cc-4c6e-ac63-d0b12e96fe58@group-25DA7408936A-LeaderStateImpl
2024-06-12 17:08:32,302 [74620180-03cc-4c6e-ac63-d0b12e96fe58@group-964D4F137560-cacheEviction-AwaitToRun] INFO  util.AwaitToRun (AwaitToRun.java:run(49)) - 74620180-03cc-4c6e-ac63-d0b12e96fe58@group-964D4F137560-cacheEviction-AwaitToRun-AwaitForSignal is interrupted
2024-06-12 17:08:32,303 [69f17eae-5f6b-470f-8112-c08e963e2abc@group-2AC76C1D414F-StateMachineUpdater] INFO  ratis.ContainerStateMachine (ContainerStateMachine.java:takeSnapshot(355)) - group-2AC76C1D414F: Taking a snapshot at:(t:1, i:0) file /home/runner/work/ozone/ozone/hadoop-ozone/integration-test/target/test-dir/MiniOzoneClusterImpl-0353e991-6c3e-4832-95ff-5850d237b4c9/ozone-meta/datanode-5/ratis/e8719392-44d4-44bd-87b9-2ac76c1d414f/sm/snapshot.1_0
2024-06-12 17:08:32,303 [74620180-03cc-4c6e-ac63-d0b12e96fe58-impl-thread2] INFO  impl.PendingRequests (PendingRequests.java:sendNotLeaderResponses(289)) - 74620180-03cc-4c6e-ac63-d0b12e96fe58@group-25DA7408936A-PendingRequests: sendNotLeaderResponses
2024-06-12 17:08:32,303 [69f17eae-5f6b-470f-8112-c08e963e2abc-impl-thread1] INFO  impl.StateMachineUpdater (StateMachineUpdater.java:stopAndJoin(157)) - 69f17eae-5f6b-470f-8112-c08e963e2abc@group-2AC76C1D414F-StateMachineUpdater: set stopIndex = 0
2024-06-12 17:08:32,303 [main] INFO  server.GrpcService (GrpcService.java:closeImpl(320)) - 69f17eae-5f6b-470f-8112-c08e963e2abc: shutdown server org.apache.ratis.grpc.server.GrpcClientProtocolService successfully
2024-06-12 17:08:32,303 [main] INFO  server.GrpcService (GrpcService.java:closeImpl(311)) - 69f17eae-5f6b-470f-8112-c08e963e2abc: shutdown server GrpcServerProtocolService now
2024-06-12 17:08:32,303 [ForkJoinPool.commonPool-worker-3] INFO  server.GrpcService (GrpcService.java:closeImpl(320)) - 74620180-03cc-4c6e-ac63-d0b12e96fe58: shutdown server GrpcServerProtocolService successfully
2024-06-12 17:08:32,304 [ForkJoinPool.commonPool-worker-3] INFO  server.GrpcService (GrpcService.java:closeImpl(311)) - 74620180-03cc-4c6e-ac63-d0b12e96fe58: shutdown server org.apache.ratis.grpc.server.GrpcAdminProtocolService now
2024-06-12 17:08:32,304 [69f17eae-5f6b-470f-8112-c08e963e2abc@group-2AC76C1D414F-StateMachineUpdater] INFO  ratis.ContainerStateMachine (ContainerStateMachine.java:takeSnapshot(366)) - group-2AC76C1D414F: Finished taking a snapshot at:(t:1, i:0) file:/home/runner/work/ozone/ozone/hadoop-ozone/integration-test/target/test-dir/MiniOzoneClusterImpl-0353e991-6c3e-4832-95ff-5850d237b4c9/ozone-meta/datanode-5/ratis/e8719392-44d4-44bd-87b9-2ac76c1d414f/sm/snapshot.1_0 took: 1 ms
2024-06-12 17:08:32,304 [69f17eae-5f6b-470f-8112-c08e963e2abc@group-2AC76C1D414F-StateMachineUpdater] INFO  impl.StateMachineUpdater (StateMachineUpdater.java:takeSnapshot(295)) - 69f17eae-5f6b-470f-8112-c08e963e2abc@group-2AC76C1D414F-StateMachineUpdater: Took a snapshot at index 0
2024-06-12 17:08:32,304 [69f17eae-5f6b-470f-8112-c08e963e2abc@group-2AC76C1D414F-StateMachineUpdater] INFO  impl.StateMachineUpdater (StateMachineUpdater.java:lambda$new$0(98)) - 69f17eae-5f6b-470f-8112-c08e963e2abc@group-2AC76C1D414F-StateMachineUpdater: snapshotIndex: updateIncreasingly -1 -> 0
2024-06-12 17:08:32,304 [69f17eae-5f6b-470f-8112-c08e963e2abc-impl-thread1] INFO  server.RaftServer$Division (ServerState.java:close(427)) - 69f17eae-5f6b-470f-8112-c08e963e2abc@group-2AC76C1D414F: applyIndex: 0
2024-06-12 17:08:32,304 [69f17eae-5f6b-470f-8112-c08e963e2abc@group-2AC76C1D414F-cacheEviction-AwaitToRun] INFO  util.AwaitToRun (AwaitToRun.java:run(49)) - 69f17eae-5f6b-470f-8112-c08e963e2abc@group-2AC76C1D414F-cacheEviction-AwaitToRun-AwaitForSignal is interrupted
2024-06-12 17:08:32,305 [main] INFO  server.GrpcService (GrpcService.java:closeImpl(320)) - 69f17eae-5f6b-470f-8112-c08e963e2abc: shutdown server GrpcServerProtocolService successfully
2024-06-12 17:08:32,305 [main] INFO  server.GrpcService (GrpcService.java:closeImpl(311)) - 69f17eae-5f6b-470f-8112-c08e963e2abc: shutdown server org.apache.ratis.grpc.server.GrpcAdminProtocolService now
2024-06-12 17:08:32,305 [74620180-03cc-4c6e-ac63-d0b12e96fe58-impl-thread2] INFO  impl.StateMachineUpdater (StateMachineUpdater.java:stopAndJoin(157)) - 74620180-03cc-4c6e-ac63-d0b12e96fe58@group-25DA7408936A-StateMachineUpdater: set stopIndex = 0
2024-06-12 17:08:32,305 [74620180-03cc-4c6e-ac63-d0b12e96fe58@group-25DA7408936A-StateMachineUpdater] INFO  ratis.ContainerStateMachine (ContainerStateMachine.java:takeSnapshot(355)) - group-25DA7408936A: Taking a snapshot at:(t:1, i:0) file /home/runner/work/ozone/ozone/hadoop-ozone/integration-test/target/test-dir/MiniOzoneClusterImpl-0353e991-6c3e-4832-95ff-5850d237b4c9/ozone-meta/datanode-4/ratis/a0d514eb-4f98-4aeb-8738-25da7408936a/sm/snapshot.1_0
2024-06-12 17:08:32,306 [main] INFO  server.GrpcService (GrpcService.java:closeImpl(320)) - 69f17eae-5f6b-470f-8112-c08e963e2abc: shutdown server org.apache.ratis.grpc.server.GrpcAdminProtocolService successfully
2024-06-12 17:08:32,306 [ForkJoinPool.commonPool-worker-3] INFO  server.GrpcService (GrpcService.java:closeImpl(320)) - 74620180-03cc-4c6e-ac63-d0b12e96fe58: shutdown server org.apache.ratis.grpc.server.GrpcAdminProtocolService successfully
2024-06-12 17:08:32,306 [69f17eae-5f6b-470f-8112-c08e963e2abc-NettyServerStreamRpc-bossGroup--thread1] INFO  logging.LoggingHandler (AbstractInternalLogger.java:log(148)) - [id: 0x7fd93002, L:/0.0.0.0:15104] CLOSE
2024-06-12 17:08:32,306 [69f17eae-5f6b-470f-8112-c08e963e2abc-NettyServerStreamRpc-bossGroup--thread1] INFO  logging.LoggingHandler (AbstractInternalLogger.java:log(148)) - [id: 0x7fd93002, L:/0.0.0.0:15104] INACTIVE
2024-06-12 17:08:32,306 [69f17eae-5f6b-470f-8112-c08e963e2abc-NettyServerStreamRpc-bossGroup--thread1] INFO  logging.LoggingHandler (AbstractInternalLogger.java:log(148)) - [id: 0x7fd93002, L:/0.0.0.0:15104] UNREGISTERED
2024-06-12 17:08:32,307 [74620180-03cc-4c6e-ac63-d0b12e96fe58@group-25DA7408936A-StateMachineUpdater] INFO  ratis.ContainerStateMachine (ContainerStateMachine.java:takeSnapshot(366)) - group-25DA7408936A: Finished taking a snapshot at:(t:1, i:0) file:/home/runner/work/ozone/ozone/hadoop-ozone/integration-test/target/test-dir/MiniOzoneClusterImpl-0353e991-6c3e-4832-95ff-5850d237b4c9/ozone-meta/datanode-4/ratis/a0d514eb-4f98-4aeb-8738-25da7408936a/sm/snapshot.1_0 took: 2 ms
2024-06-12 17:08:32,307 [74620180-03cc-4c6e-ac63-d0b12e96fe58@group-25DA7408936A-StateMachineUpdater] INFO  impl.StateMachineUpdater (StateMachineUpdater.java:takeSnapshot(295)) - 74620180-03cc-4c6e-ac63-d0b12e96fe58@group-25DA7408936A-StateMachineUpdater: Took a snapshot at index 0
2024-06-12 17:08:32,307 [74620180-03cc-4c6e-ac63-d0b12e96fe58@group-25DA7408936A-StateMachineUpdater] INFO  impl.StateMachineUpdater (StateMachineUpdater.java:lambda$new$0(98)) - 74620180-03cc-4c6e-ac63-d0b12e96fe58@group-25DA7408936A-StateMachineUpdater: snapshotIndex: updateIncreasingly -1 -> 0
2024-06-12 17:08:32,307 [74620180-03cc-4c6e-ac63-d0b12e96fe58-impl-thread2] INFO  server.RaftServer$Division (ServerState.java:close(427)) - 74620180-03cc-4c6e-ac63-d0b12e96fe58@group-25DA7408936A: applyIndex: 0
2024-06-12 17:08:32,307 [74620180-03cc-4c6e-ac63-d0b12e96fe58@group-25DA7408936A-cacheEviction-AwaitToRun] INFO  util.AwaitToRun (AwaitToRun.java:run(49)) - 74620180-03cc-4c6e-ac63-d0b12e96fe58@group-25DA7408936A-cacheEviction-AwaitToRun-AwaitForSignal is interrupted
2024-06-12 17:08:32,312 [69f17eae-5f6b-470f-8112-c08e963e2abc-impl-thread1] INFO  segmented.SegmentedRaftLogWorker (SegmentedRaftLogWorker.java:close(245)) - 69f17eae-5f6b-470f-8112-c08e963e2abc@group-2AC76C1D414F-SegmentedRaftLogWorker close()
2024-06-12 17:08:32,312 [JvmPauseMonitor13] INFO  util.JvmPauseMonitor (JvmPauseMonitor.java:run(152)) - JvmPauseMonitor-69f17eae-5f6b-470f-8112-c08e963e2abc: Stopped
2024-06-12 17:08:32,313 [74620180-03cc-4c6e-ac63-d0b12e96fe58-NettyServerStreamRpc-bossGroup--thread1] INFO  logging.LoggingHandler (AbstractInternalLogger.java:log(148)) - [id: 0x5eaa2681, L:/0.0.0.0:15095] CLOSE
2024-06-12 17:08:32,313 [74620180-03cc-4c6e-ac63-d0b12e96fe58-NettyServerStreamRpc-bossGroup--thread1] INFO  logging.LoggingHandler (AbstractInternalLogger.java:log(148)) - [id: 0x5eaa2681, L:/0.0.0.0:15095] INACTIVE
2024-06-12 17:08:32,313 [74620180-03cc-4c6e-ac63-d0b12e96fe58-NettyServerStreamRpc-bossGroup--thread1] INFO  logging.LoggingHandler (AbstractInternalLogger.java:log(148)) - [id: 0x5eaa2681, L:/0.0.0.0:15095] UNREGISTERED
2024-06-12 17:08:32,500 [74620180-03cc-4c6e-ac63-d0b12e96fe58-impl-thread1] INFO  segmented.SegmentedRaftLogWorker (SegmentedRaftLogWorker.java:close(245)) - 74620180-03cc-4c6e-ac63-d0b12e96fe58@group-964D4F137560-SegmentedRaftLogWorker close()
2024-06-12 17:08:33,263 [74620180-03cc-4c6e-ac63-d0b12e96fe58-impl-thread2] INFO  segmented.SegmentedRaftLogWorker (SegmentedRaftLogWorker.java:close(245)) - 74620180-03cc-4c6e-ac63-d0b12e96fe58@group-25DA7408936A-SegmentedRaftLogWorker close()
2024-06-12 17:08:33,263 [JvmPauseMonitor12] INFO  util.JvmPauseMonitor (JvmPauseMonitor.java:run(152)) - JvmPauseMonitor-74620180-03cc-4c6e-ac63-d0b12e96fe58: Stopped
2024-06-12 17:08:33,475 [timer4] WARN  server.GrpcLogAppender (GrpcLogAppender.java:lambda$resetClient$1(217)) - f3fc0661-daf3-46cc-b6b9-cf28bd2102cf@group-8DB8E933025C->691380cd-fa1e-45b9-9936-538793566ee4-GrpcLogAppender: Follower failed (request=null, errorCount=16); keep nextIndex (16) unchanged and retry. (Repeated 8 times in the last 5.000s)
2024-06-12 17:08:33,475 [timer3] WARN  server.GrpcLogAppender (LogUtils.java:warn(121)) - f3fc0661-daf3-46cc-b6b9-cf28bd2102cf@group-8DB8E933025C->691380cd-fa1e-45b9-9936-538793566ee4-AppendLogResponseHandler: Failed appendEntries (Repeated 8 times in the last 5.001s): org.apache.ratis.thirdparty.io.grpc.StatusRuntimeException: UNAVAILABLE: io exception
2024-06-12 17:08:33,476 [timer6] WARN  server.GrpcLogAppender (GrpcLogAppender.java:lambda$resetClient$1(217)) - f3fc0661-daf3-46cc-b6b9-cf28bd2102cf@group-8DB8E933025C->92e0ccad-9c5a-447b-b545-333a3cb7e193-GrpcLogAppender: Follower failed (request=null, errorCount=14); keep nextIndex (16) unchanged and retry. (Repeated 10 times in the last 5.001s)
2024-06-12 17:08:33,574 [grpc-default-executor-4] WARN  server.GrpcLogAppender (LogUtils.java:warn(121)) - f3fc0661-daf3-46cc-b6b9-cf28bd2102cf@group-8DB8E933025C->691380cd-fa1e-45b9-9936-538793566ee4-AppendLogResponseHandler: Failed appendEntries: org.apache.ratis.thirdparty.io.grpc.StatusRuntimeException: UNAVAILABLE: io exception
2024-06-12 17:08:33,574 [grpc-default-executor-1] WARN  server.GrpcLogAppender (GrpcLogAppender.java:lambda$resetClient$1(217)) - f3fc0661-daf3-46cc-b6b9-cf28bd2102cf@group-8DB8E933025C->691380cd-fa1e-45b9-9936-538793566ee4-GrpcLogAppender: Follower failed (request=null, errorCount=17); keep nextIndex (16) unchanged and retry.
2024-06-12 17:08:33,675 [f3fc0661-daf3-46cc-b6b9-cf28bd2102cf@group-8DB8E933025C-LeaderStateImpl] WARN  server.RaftServer$Division (LeaderStateImpl.java:checkLeadership(1107)) - f3fc0661-daf3-46cc-b6b9-cf28bd2102cf@group-8DB8E933025C-LeaderStateImpl: Lost leadership on term: 1. Election timeout: 5200ms. In charge for: 23402ms. Conf: 0: peers:[92e0ccad-9c5a-447b-b545-333a3cb7e193|127.0.0.1:15085, 691380cd-fa1e-45b9-9936-538793566ee4|127.0.0.1:15067, f3fc0661-daf3-46cc-b6b9-cf28bd2102cf|127.0.0.1:15076]|listeners:[], old=null
2024-06-12 17:08:33,675 [f3fc0661-daf3-46cc-b6b9-cf28bd2102cf@group-8DB8E933025C-LeaderStateImpl] WARN  server.RaftServer$Division (LeaderStateImpl.java:lambda$checkLeadership$21(1111)) - Follower f3fc0661-daf3-46cc-b6b9-cf28bd2102cf@group-8DB8E933025C->92e0ccad-9c5a-447b-b545-333a3cb7e193(c14,m14,n16, caughtUp=true, lastRpcSendTime=926, lastRpcResponseTime=8669)
2024-06-12 17:08:33,675 [f3fc0661-daf3-46cc-b6b9-cf28bd2102cf@group-8DB8E933025C-LeaderStateImpl] WARN  server.RaftServer$Division (LeaderStateImpl.java:lambda$checkLeadership$21(1111)) - Follower f3fc0661-daf3-46cc-b6b9-cf28bd2102cf@group-8DB8E933025C->691380cd-fa1e-45b9-9936-538793566ee4(c13,m14,n16, caughtUp=true, lastRpcSendTime=100, lastRpcResponseTime=11172)
2024-06-12 17:08:33,676 [f3fc0661-daf3-46cc-b6b9-cf28bd2102cf@group-8DB8E933025C-LeaderStateImpl] INFO  server.RaftServer$Division (RaftServerImpl.java:setRole(383)) - f3fc0661-daf3-46cc-b6b9-cf28bd2102cf@group-8DB8E933025C: changes role from    LEADER to FOLLOWER at term 1 for StepDownReason:LOST_MAJORITY_HEARTBEATS
2024-06-12 17:08:33,676 [f3fc0661-daf3-46cc-b6b9-cf28bd2102cf@group-8DB8E933025C-LeaderStateImpl] INFO  impl.RoleInfo (RoleInfo.java:shutdownLeaderState(94)) - f3fc0661-daf3-46cc-b6b9-cf28bd2102cf: shutdown f3fc0661-daf3-46cc-b6b9-cf28bd2102cf@group-8DB8E933025C-LeaderStateImpl
2024-06-12 17:08:33,676 [f3fc0661-daf3-46cc-b6b9-cf28bd2102cf@group-8DB8E933025C->92e0ccad-9c5a-447b-b545-333a3cb7e193-GrpcLogAppender-LogAppenderDaemon] WARN  server.GrpcLogAppender (GrpcLogAppender.java:mayWait(289)) - f3fc0661-daf3-46cc-b6b9-cf28bd2102cf@group-8DB8E933025C->92e0ccad-9c5a-447b-b545-333a3cb7e193-GrpcLogAppender: Wait interrupted by java.lang.InterruptedException
2024-06-12 17:08:33,676 [f3fc0661-daf3-46cc-b6b9-cf28bd2102cf@group-8DB8E933025C-LeaderStateImpl] INFO  impl.PendingRequests (PendingRequests.java:sendNotLeaderResponses(289)) - f3fc0661-daf3-46cc-b6b9-cf28bd2102cf@group-8DB8E933025C-PendingRequests: sendNotLeaderResponses
2024-06-12 17:08:33,676 [f3fc0661-daf3-46cc-b6b9-cf28bd2102cf@group-8DB8E933025C->691380cd-fa1e-45b9-9936-538793566ee4-GrpcLogAppender-LogAppenderDaemon] WARN  server.GrpcLogAppender (GrpcLogAppender.java:mayWait(289)) - f3fc0661-daf3-46cc-b6b9-cf28bd2102cf@group-8DB8E933025C->691380cd-fa1e-45b9-9936-538793566ee4-GrpcLogAppender: Wait interrupted by java.lang.InterruptedException
2024-06-12 17:08:33,676 [f3fc0661-daf3-46cc-b6b9-cf28bd2102cf-CloseContainerThread-0] INFO  commandhandler.CloseContainerCommandHandler (CloseContainerCommandHandler.java:lambda$handle$0(154)) - Follower cannot close container #1.
2024-06-12 17:08:33,676 [f3fc0661-daf3-46cc-b6b9-cf28bd2102cf@group-8DB8E933025C-LeaderStateImpl] INFO  server.RaftServer$Division (ServerState.java:setLeader(269)) - f3fc0661-daf3-46cc-b6b9-cf28bd2102cf@group-8DB8E933025C: change Leader from f3fc0661-daf3-46cc-b6b9-cf28bd2102cf to null at term 1 for StepDownReason:LOST_MAJORITY_HEARTBEATS
2024-06-12 17:08:33,676 [f3fc0661-daf3-46cc-b6b9-cf28bd2102cf@group-8DB8E933025C-LeaderStateImpl] INFO  impl.RoleInfo (RoleInfo.java:updateAndGet(139)) - f3fc0661-daf3-46cc-b6b9-cf28bd2102cf: start f3fc0661-daf3-46cc-b6b9-cf28bd2102cf@group-8DB8E933025C-FollowerState
2024-06-12 17:08:34,315 [main] INFO  utils.DatanodeStoreCache (DatanodeStoreCache.java:shutdownCache(116)) - Skip clearing cache in mini cluster mode. Entries left: [/home/runner/work/ozone/ozone/hadoop-ozone/integration-test/target/test-dir/MiniOzoneClusterImpl-0353e991-6c3e-4832-95ff-5850d237b4c9/ozone-meta/datanode-2/data-0/hdds/0353e991-6c3e-4832-95ff-5850d237b4c9/DS-04091f27-8bce-4bae-9f32-1cf1d1ca59c0/container.db, /home/runner/work/ozone/ozone/hadoop-ozone/integration-test/target/test-dir/MiniOzoneClusterImpl-0353e991-6c3e-4832-95ff-5850d237b4c9/ozone-meta/datanode-4/data-0/hdds/0353e991-6c3e-4832-95ff-5850d237b4c9/DS-accea906-20c6-470a-8ea7-4950e6a3364d/container.db, /home/runner/work/ozone/ozone/hadoop-ozone/integration-test/target/test-dir/MiniOzoneClusterImpl-0353e991-6c3e-4832-95ff-5850d237b4c9/ozone-meta/datanode-5/data-0/hdds/0353e991-6c3e-4832-95ff-5850d237b4c9/DS-f571cc45-3ee3-4043-b92f-8d118dca6f23/container.db]
2024-06-12 17:08:34,316 [main] INFO  utils.DatanodeStoreCache (DatanodeStoreCache.java:removeDB(110)) - Removed db /home/runner/work/ozone/ozone/hadoop-ozone/integration-test/target/test-dir/MiniOzoneClusterImpl-0353e991-6c3e-4832-95ff-5850d237b4c9/ozone-meta/datanode-5/data-0/hdds/0353e991-6c3e-4832-95ff-5850d237b4c9/DS-f571cc45-3ee3-4043-b92f-8d118dca6f23/container.db from cache
2024-06-12 17:08:34,316 [main] INFO  volume.HddsVolume (HddsVolume.java:closeDbStore(470)) - SchemaV3 db is stopped at /home/runner/work/ozone/ozone/hadoop-ozone/integration-test/target/test-dir/MiniOzoneClusterImpl-0353e991-6c3e-4832-95ff-5850d237b4c9/ozone-meta/datanode-5/data-0/hdds/0353e991-6c3e-4832-95ff-5850d237b4c9/DS-f571cc45-3ee3-4043-b92f-8d118dca6f23/container.db for volume DS-f571cc45-3ee3-4043-b92f-8d118dca6f23
2024-06-12 17:08:34,316 [main] INFO  utils.BackgroundService (BackgroundService.java:shutdown(160)) - Shutting down service BlockDeletingService
2024-06-12 17:08:34,316 [main] INFO  utils.BackgroundService (BackgroundService.java:shutdown(160)) - Shutting down service StaleRecoveringContainerScrubbingService
2024-06-12 17:08:34,317 [main] INFO  statemachine.DatanodeStateMachine (DatanodeStateMachine.java:stopDaemon(628)) - Ozone container server stopped.
2024-06-12 17:08:34,317 [main] INFO  handler.ContextHandler (ContextHandler.java:doStop(1159)) - Stopped o.e.j.w.WebAppContext@3aee27e1{hddsDatanode,/,null,STOPPED}{file:/home/runner/work/ozone/ozone/hadoop-hdds/container-service/target/classes/webapps/hddsDatanode}
2024-06-12 17:08:34,318 [main] INFO  server.AbstractConnector (AbstractConnector.java:doStop(383)) - Stopped ServerConnector@97b54ad{HTTP/1.1, (http/1.1)}{0.0.0.0:15098}
2024-06-12 17:08:34,318 [main] INFO  server.session (HouseKeeper.java:stopScavenging(149)) - node0 Stopped scavenging
2024-06-12 17:08:34,318 [main] INFO  handler.ContextHandler (ContextHandler.java:doStop(1159)) - Stopped o.e.j.s.ServletContextHandler@3d1cb317{static,/static,file:///home/runner/work/ozone/ozone/hadoop-hdds/container-service/target/classes/webapps/static,STOPPED}
2024-06-12 17:08:34,318 [main] INFO  handler.ContextHandler (ContextHandler.java:doStop(1159)) - Stopped o.e.j.s.ServletContextHandler@6a837740{logs,/logs,file:///home/runner/work/ozone/ozone/hadoop-ozone/integration-test/target/log,STOPPED}
2024-06-12 17:08:34,319 [main] INFO  ozone.HddsDatanodeClientProtocolServer (HddsDatanodeClientProtocolServer.java:stop(83)) - Stopping the RPC server for Client Protocol
2024-06-12 17:08:34,319 [main] INFO  ipc.Server (Server.java:stop(3523)) - Stopping server on 15099
2024-06-12 17:08:34,320 [IPC Server listener on 15099] INFO  ipc.Server (Server.java:run(1434)) - Stopping IPC Server listener on 15099
2024-06-12 17:08:34,320 [IPC Server Responder] INFO  ipc.Server (Server.java:run(1567)) - Stopping IPC Server Responder
2024-06-12 17:08:34,539 [EventQueue-StaleNodeForStaleNodeHandler] INFO  node.StaleNodeHandler (StaleNodeHandler.java:onMessage(57)) - Datanode 74620180-03cc-4c6e-ac63-d0b12e96fe58(localhost/127.0.0.1) moved to stale state. Finalizing its pipelines [PipelineID=a0d514eb-4f98-4aeb-8738-25da7408936a]
2024-06-12 17:08:34,540 [EventQueue-StaleNodeForStaleNodeHandler] INFO  pipeline.PipelineManagerImpl (PipelineManagerImpl.java:closePipeline(518)) - Pipeline PipelineID=a0d514eb-4f98-4aeb-8738-25da7408936a moved to CLOSED state
2024-06-12 17:08:34,540 [EventQueue-StaleNodeForStaleNodeHandler] INFO  node.StaleNodeHandler (StaleNodeHandler.java:onMessage(57)) - Datanode f3fc0661-daf3-46cc-b6b9-cf28bd2102cf(localhost/127.0.0.1) moved to stale state. Finalizing its pipelines [PipelineID=ac4c3a91-9475-4321-90e9-78a54fa7d8d8]
2024-06-12 17:08:34,540 [EventQueue-StaleNodeForStaleNodeHandler] INFO  pipeline.PipelineManagerImpl (PipelineManagerImpl.java:closePipeline(518)) - Pipeline PipelineID=ac4c3a91-9475-4321-90e9-78a54fa7d8d8 moved to CLOSED state
2024-06-12 17:08:35,266 [ForkJoinPool.commonPool-worker-3] INFO  utils.DatanodeStoreCache (DatanodeStoreCache.java:shutdownCache(116)) - Skip clearing cache in mini cluster mode. Entries left: [/home/runner/work/ozone/ozone/hadoop-ozone/integration-test/target/test-dir/MiniOzoneClusterImpl-0353e991-6c3e-4832-95ff-5850d237b4c9/ozone-meta/datanode-2/data-0/hdds/0353e991-6c3e-4832-95ff-5850d237b4c9/DS-04091f27-8bce-4bae-9f32-1cf1d1ca59c0/container.db, /home/runner/work/ozone/ozone/hadoop-ozone/integration-test/target/test-dir/MiniOzoneClusterImpl-0353e991-6c3e-4832-95ff-5850d237b4c9/ozone-meta/datanode-4/data-0/hdds/0353e991-6c3e-4832-95ff-5850d237b4c9/DS-accea906-20c6-470a-8ea7-4950e6a3364d/container.db]
2024-06-12 17:08:35,267 [ForkJoinPool.commonPool-worker-3] INFO  utils.DatanodeStoreCache (DatanodeStoreCache.java:removeDB(110)) - Removed db /home/runner/work/ozone/ozone/hadoop-ozone/integration-test/target/test-dir/MiniOzoneClusterImpl-0353e991-6c3e-4832-95ff-5850d237b4c9/ozone-meta/datanode-4/data-0/hdds/0353e991-6c3e-4832-95ff-5850d237b4c9/DS-accea906-20c6-470a-8ea7-4950e6a3364d/container.db from cache
2024-06-12 17:08:35,267 [ForkJoinPool.commonPool-worker-3] INFO  volume.HddsVolume (HddsVolume.java:closeDbStore(470)) - SchemaV3 db is stopped at /home/runner/work/ozone/ozone/hadoop-ozone/integration-test/target/test-dir/MiniOzoneClusterImpl-0353e991-6c3e-4832-95ff-5850d237b4c9/ozone-meta/datanode-4/data-0/hdds/0353e991-6c3e-4832-95ff-5850d237b4c9/DS-accea906-20c6-470a-8ea7-4950e6a3364d/container.db for volume DS-accea906-20c6-470a-8ea7-4950e6a3364d
2024-06-12 17:08:35,267 [ForkJoinPool.commonPool-worker-3] INFO  utils.BackgroundService (BackgroundService.java:shutdown(160)) - Shutting down service BlockDeletingService
2024-06-12 17:08:35,267 [ForkJoinPool.commonPool-worker-3] INFO  utils.BackgroundService (BackgroundService.java:shutdown(160)) - Shutting down service StaleRecoveringContainerScrubbingService
2024-06-12 17:08:35,268 [ForkJoinPool.commonPool-worker-3] INFO  statemachine.DatanodeStateMachine (DatanodeStateMachine.java:stopDaemon(628)) - Ozone container server stopped.
2024-06-12 17:08:35,268 [ForkJoinPool.commonPool-worker-3] INFO  handler.ContextHandler (ContextHandler.java:doStop(1159)) - Stopped o.e.j.w.WebAppContext@79ba32b3{hddsDatanode,/,null,STOPPED}{file:/home/runner/work/ozone/ozone/hadoop-hdds/container-service/target/classes/webapps/hddsDatanode}
2024-06-12 17:08:35,268 [ForkJoinPool.commonPool-worker-3] INFO  server.AbstractConnector (AbstractConnector.java:doStop(383)) - Stopped ServerConnector@6566da90{HTTP/1.1, (http/1.1)}{0.0.0.0:15089}
2024-06-12 17:08:35,269 [ForkJoinPool.commonPool-worker-3] INFO  server.session (HouseKeeper.java:stopScavenging(149)) - node0 Stopped scavenging
2024-06-12 17:08:35,269 [ForkJoinPool.commonPool-worker-3] INFO  handler.ContextHandler (ContextHandler.java:doStop(1159)) - Stopped o.e.j.s.ServletContextHandler@4892206a{static,/static,file:///home/runner/work/ozone/ozone/hadoop-hdds/container-service/target/classes/webapps/static,STOPPED}
2024-06-12 17:08:35,269 [ForkJoinPool.commonPool-worker-3] INFO  handler.ContextHandler (ContextHandler.java:doStop(1159)) - Stopped o.e.j.s.ServletContextHandler@4b0c144e{logs,/logs,file:///home/runner/work/ozone/ozone/hadoop-ozone/integration-test/target/log,STOPPED}
2024-06-12 17:08:35,270 [ForkJoinPool.commonPool-worker-3] INFO  ozone.HddsDatanodeClientProtocolServer (HddsDatanodeClientProtocolServer.java:stop(83)) - Stopping the RPC server for Client Protocol
2024-06-12 17:08:35,270 [ForkJoinPool.commonPool-worker-3] INFO  ipc.Server (Server.java:stop(3523)) - Stopping server on 15090
2024-06-12 17:08:35,270 [IPC Server Responder] INFO  ipc.Server (Server.java:run(1567)) - Stopping IPC Server Responder
2024-06-12 17:08:35,270 [IPC Server listener on 15090] INFO  ipc.Server (Server.java:run(1434)) - Stopping IPC Server listener on 15090
2024-06-12 17:08:35,340 [EventQueue-StaleNodeForStaleNodeHandler] INFO  node.StaleNodeHandler (StaleNodeHandler.java:onMessage(57)) - Datanode 69f17eae-5f6b-470f-8112-c08e963e2abc(localhost/127.0.0.1) moved to stale state. Finalizing its pipelines [PipelineID=e8719392-44d4-44bd-87b9-2ac76c1d414f]
2024-06-12 17:08:35,341 [EventQueue-StaleNodeForStaleNodeHandler] INFO  pipeline.PipelineManagerImpl (PipelineManagerImpl.java:closePipeline(518)) - Pipeline PipelineID=e8719392-44d4-44bd-87b9-2ac76c1d414f moved to CLOSED state
2024-06-12 17:08:35,615 [f3fc0661-daf3-46cc-b6b9-cf28bd2102cf@group-964D4F137560-FollowerState] INFO  impl.FollowerState (FollowerState.java:run(143)) - f3fc0661-daf3-46cc-b6b9-cf28bd2102cf@group-964D4F137560-FollowerState: change to CANDIDATE, lastRpcElapsedTime:5134489641ns, electionTimeout:5130ms
2024-06-12 17:08:35,615 [f3fc0661-daf3-46cc-b6b9-cf28bd2102cf@group-964D4F137560-FollowerState] INFO  impl.RoleInfo (RoleInfo.java:shutdownFollowerState(110)) - f3fc0661-daf3-46cc-b6b9-cf28bd2102cf: shutdown f3fc0661-daf3-46cc-b6b9-cf28bd2102cf@group-964D4F137560-FollowerState
2024-06-12 17:08:35,616 [f3fc0661-daf3-46cc-b6b9-cf28bd2102cf@group-964D4F137560-FollowerState] INFO  server.RaftServer$Division (RaftServerImpl.java:setRole(383)) - f3fc0661-daf3-46cc-b6b9-cf28bd2102cf@group-964D4F137560: changes role from  FOLLOWER to CANDIDATE at term 0 for changeToCandidate
2024-06-12 17:08:35,616 [f3fc0661-daf3-46cc-b6b9-cf28bd2102cf@group-964D4F137560-FollowerState] INFO  server.RaftServerConfigKeys (ConfUtils.java:logGet(46)) - raft.server.leaderelection.pre-vote = true (default)
2024-06-12 17:08:35,616 [f3fc0661-daf3-46cc-b6b9-cf28bd2102cf@group-964D4F137560-FollowerState] INFO  impl.RoleInfo (RoleInfo.java:updateAndGet(139)) - f3fc0661-daf3-46cc-b6b9-cf28bd2102cf: start f3fc0661-daf3-46cc-b6b9-cf28bd2102cf@group-964D4F137560-LeaderElection27
2024-06-12 17:08:35,616 [f3fc0661-daf3-46cc-b6b9-cf28bd2102cf@group-964D4F137560-LeaderElection27] INFO  impl.LeaderElection (LeaderElection.java:askForVotes(321)) - f3fc0661-daf3-46cc-b6b9-cf28bd2102cf@group-964D4F137560-LeaderElection27 PRE_VOTE round 0: submit vote requests at term 0 for -1: peers:[74620180-03cc-4c6e-ac63-d0b12e96fe58|127.0.0.1:15094, 92e0ccad-9c5a-447b-b545-333a3cb7e193|127.0.0.1:15085, f3fc0661-daf3-46cc-b6b9-cf28bd2102cf|127.0.0.1:15076]|listeners:[], old=null
2024-06-12 17:08:35,616 [f3fc0661-daf3-46cc-b6b9-cf28bd2102cf@group-964D4F137560-LeaderElection27-1] INFO  server.GrpcServerProtocolClient (GrpcServerProtocolClient.java:<init>(65)) - Build channel for 74620180-03cc-4c6e-ac63-d0b12e96fe58|127.0.0.1:15094
2024-06-12 17:08:35,617 [f3fc0661-daf3-46cc-b6b9-cf28bd2102cf@group-964D4F137560-LeaderElection27] INFO  server.RaftServerConfigKeys (ConfUtils.java:logFallback(53)) - raft.server.rpc.first-election.timeout.min = 5s (fallback to raft.server.rpc.timeout.min)
2024-06-12 17:08:35,617 [f3fc0661-daf3-46cc-b6b9-cf28bd2102cf@group-964D4F137560-LeaderElection27] INFO  server.RaftServerConfigKeys (ConfUtils.java:logFallback(53)) - raft.server.rpc.first-election.timeout.max = 5200ms (fallback to raft.server.rpc.timeout.max)
2024-06-12 17:08:35,617 [f3fc0661-daf3-46cc-b6b9-cf28bd2102cf@group-964D4F137560-LeaderElection27] INFO  impl.LeaderElection (LogUtils.java:infoOrTrace(136)) - f3fc0661-daf3-46cc-b6b9-cf28bd2102cf@group-964D4F137560-LeaderElection27 got exception when requesting votes: java.util.concurrent.ExecutionException: org.apache.ratis.thirdparty.io.grpc.StatusRuntimeException: UNAVAILABLE: io exception
2024-06-12 17:08:35,619 [f3fc0661-daf3-46cc-b6b9-cf28bd2102cf@group-964D4F137560-LeaderElection27] INFO  impl.LeaderElection (LogUtils.java:infoOrTrace(136)) - f3fc0661-daf3-46cc-b6b9-cf28bd2102cf@group-964D4F137560-LeaderElection27 got exception when requesting votes: java.util.concurrent.ExecutionException: org.apache.ratis.thirdparty.io.grpc.StatusRuntimeException: UNAVAILABLE: io exception
2024-06-12 17:08:35,619 [f3fc0661-daf3-46cc-b6b9-cf28bd2102cf@group-964D4F137560-LeaderElection27] INFO  impl.LeaderElection (LeaderElection.java:logAndReturn(89)) - f3fc0661-daf3-46cc-b6b9-cf28bd2102cf@group-964D4F137560-LeaderElection27: PRE_VOTE REJECTED received 0 response(s) and 2 exception(s):
2024-06-12 17:08:35,619 [f3fc0661-daf3-46cc-b6b9-cf28bd2102cf@group-964D4F137560-LeaderElection27] INFO  impl.LeaderElection (LogUtils.java:infoOrTrace(136)) -   Exception 0: java.util.concurrent.ExecutionException: org.apache.ratis.thirdparty.io.grpc.StatusRuntimeException: UNAVAILABLE: io exception
2024-06-12 17:08:35,620 [f3fc0661-daf3-46cc-b6b9-cf28bd2102cf@group-964D4F137560-LeaderElection27] INFO  impl.LeaderElection (LogUtils.java:infoOrTrace(136)) -   Exception 1: java.util.concurrent.ExecutionException: org.apache.ratis.thirdparty.io.grpc.StatusRuntimeException: UNAVAILABLE: io exception
2024-06-12 17:08:35,620 [f3fc0661-daf3-46cc-b6b9-cf28bd2102cf@group-964D4F137560-LeaderElection27] INFO  impl.LeaderElection (LeaderElection.java:askForVotes(323)) - f3fc0661-daf3-46cc-b6b9-cf28bd2102cf@group-964D4F137560-LeaderElection27 PRE_VOTE round 0: result REJECTED
2024-06-12 17:08:35,620 [f3fc0661-daf3-46cc-b6b9-cf28bd2102cf@group-964D4F137560-LeaderElection27] INFO  server.RaftServer$Division (RaftServerImpl.java:setRole(383)) - f3fc0661-daf3-46cc-b6b9-cf28bd2102cf@group-964D4F137560: changes role from CANDIDATE to FOLLOWER at term 0 for REJECTED
2024-06-12 17:08:35,620 [f3fc0661-daf3-46cc-b6b9-cf28bd2102cf@group-964D4F137560-LeaderElection27] INFO  impl.RoleInfo (RoleInfo.java:shutdownLeaderElection(130)) - f3fc0661-daf3-46cc-b6b9-cf28bd2102cf: shutdown f3fc0661-daf3-46cc-b6b9-cf28bd2102cf@group-964D4F137560-LeaderElection27
2024-06-12 17:08:35,620 [f3fc0661-daf3-46cc-b6b9-cf28bd2102cf@group-964D4F137560-LeaderElection27] INFO  impl.RoleInfo (RoleInfo.java:updateAndGet(139)) - f3fc0661-daf3-46cc-b6b9-cf28bd2102cf: start f3fc0661-daf3-46cc-b6b9-cf28bd2102cf@group-964D4F137560-FollowerState
2024-06-12 17:08:35,620 [f3fc0661-daf3-46cc-b6b9-cf28bd2102cf@group-964D4F137560-LeaderElection27] INFO  server.RaftServer$Division (RaftServerImpl.java:setFirstElection(574)) - f3fc0661-daf3-46cc-b6b9-cf28bd2102cf@group-964D4F137560: set firstElectionSinceStartup to false for REJECTED
2024-06-12 17:08:35,642 [f3fc0661-daf3-46cc-b6b9-cf28bd2102cf@group-16F1E0710B8C-FollowerState] INFO  impl.FollowerState (FollowerState.java:run(143)) - f3fc0661-daf3-46cc-b6b9-cf28bd2102cf@group-16F1E0710B8C-FollowerState: change to CANDIDATE, lastRpcElapsedTime:5026281609ns, electionTimeout:5026ms
2024-06-12 17:08:35,642 [f3fc0661-daf3-46cc-b6b9-cf28bd2102cf@group-16F1E0710B8C-FollowerState] INFO  impl.RoleInfo (RoleInfo.java:shutdownFollowerState(110)) - f3fc0661-daf3-46cc-b6b9-cf28bd2102cf: shutdown f3fc0661-daf3-46cc-b6b9-cf28bd2102cf@group-16F1E0710B8C-FollowerState
2024-06-12 17:08:35,642 [f3fc0661-daf3-46cc-b6b9-cf28bd2102cf@group-16F1E0710B8C-FollowerState] INFO  server.RaftServer$Division (RaftServerImpl.java:setRole(383)) - f3fc0661-daf3-46cc-b6b9-cf28bd2102cf@group-16F1E0710B8C: changes role from  FOLLOWER to CANDIDATE at term 1 for changeToCandidate
2024-06-12 17:08:35,642 [f3fc0661-daf3-46cc-b6b9-cf28bd2102cf@group-16F1E0710B8C-FollowerState] INFO  server.RaftServerConfigKeys (ConfUtils.java:logGet(46)) - raft.server.leaderelection.pre-vote = true (default)
2024-06-12 17:08:35,643 [f3fc0661-daf3-46cc-b6b9-cf28bd2102cf@group-16F1E0710B8C-FollowerState] INFO  impl.RoleInfo (RoleInfo.java:updateAndGet(139)) - f3fc0661-daf3-46cc-b6b9-cf28bd2102cf: start f3fc0661-daf3-46cc-b6b9-cf28bd2102cf@group-16F1E0710B8C-LeaderElection28
2024-06-12 17:08:35,643 [f3fc0661-daf3-46cc-b6b9-cf28bd2102cf@group-16F1E0710B8C-LeaderElection28] INFO  impl.LeaderElection (LeaderElection.java:askForVotes(321)) - f3fc0661-daf3-46cc-b6b9-cf28bd2102cf@group-16F1E0710B8C-LeaderElection28 PRE_VOTE round 0: submit vote requests at term 1 for 0: peers:[92e0ccad-9c5a-447b-b545-333a3cb7e193|127.0.0.1:15085, 691380cd-fa1e-45b9-9936-538793566ee4|127.0.0.1:15067, f3fc0661-daf3-46cc-b6b9-cf28bd2102cf|127.0.0.1:15076]|listeners:[], old=null
2024-06-12 17:08:35,643 [f3fc0661-daf3-46cc-b6b9-cf28bd2102cf@group-16F1E0710B8C-LeaderElection28] INFO  impl.LeaderElection (LogUtils.java:infoOrTrace(136)) - f3fc0661-daf3-46cc-b6b9-cf28bd2102cf@group-16F1E0710B8C-LeaderElection28 got exception when requesting votes: java.util.concurrent.ExecutionException: org.apache.ratis.thirdparty.io.grpc.StatusRuntimeException: UNAVAILABLE: io exception
2024-06-12 17:08:35,643 [f3fc0661-daf3-46cc-b6b9-cf28bd2102cf@group-16F1E0710B8C-LeaderElection28] INFO  impl.LeaderElection (LogUtils.java:infoOrTrace(136)) - f3fc0661-daf3-46cc-b6b9-cf28bd2102cf@group-16F1E0710B8C-LeaderElection28 got exception when requesting votes: java.util.concurrent.ExecutionException: org.apache.ratis.thirdparty.io.grpc.StatusRuntimeException: UNAVAILABLE: io exception
2024-06-12 17:08:35,643 [f3fc0661-daf3-46cc-b6b9-cf28bd2102cf@group-16F1E0710B8C-LeaderElection28] INFO  impl.LeaderElection (LeaderElection.java:logAndReturn(89)) - f3fc0661-daf3-46cc-b6b9-cf28bd2102cf@group-16F1E0710B8C-LeaderElection28: PRE_VOTE REJECTED received 0 response(s) and 2 exception(s):
2024-06-12 17:08:35,644 [f3fc0661-daf3-46cc-b6b9-cf28bd2102cf@group-16F1E0710B8C-LeaderElection28] INFO  impl.LeaderElection (LogUtils.java:infoOrTrace(136)) -   Exception 0: java.util.concurrent.ExecutionException: org.apache.ratis.thirdparty.io.grpc.StatusRuntimeException: UNAVAILABLE: io exception
2024-06-12 17:08:35,644 [f3fc0661-daf3-46cc-b6b9-cf28bd2102cf@group-16F1E0710B8C-LeaderElection28] INFO  impl.LeaderElection (LogUtils.java:infoOrTrace(136)) -   Exception 1: java.util.concurrent.ExecutionException: org.apache.ratis.thirdparty.io.grpc.StatusRuntimeException: UNAVAILABLE: io exception
2024-06-12 17:08:35,644 [f3fc0661-daf3-46cc-b6b9-cf28bd2102cf@group-16F1E0710B8C-LeaderElection28] INFO  impl.LeaderElection (LeaderElection.java:askForVotes(323)) - f3fc0661-daf3-46cc-b6b9-cf28bd2102cf@group-16F1E0710B8C-LeaderElection28 PRE_VOTE round 0: result REJECTED
2024-06-12 17:08:35,644 [f3fc0661-daf3-46cc-b6b9-cf28bd2102cf@group-16F1E0710B8C-LeaderElection28] INFO  server.RaftServer$Division (RaftServerImpl.java:setRole(383)) - f3fc0661-daf3-46cc-b6b9-cf28bd2102cf@group-16F1E0710B8C: changes role from CANDIDATE to FOLLOWER at term 1 for REJECTED
2024-06-12 17:08:35,644 [f3fc0661-daf3-46cc-b6b9-cf28bd2102cf@group-16F1E0710B8C-LeaderElection28] INFO  impl.RoleInfo (RoleInfo.java:shutdownLeaderElection(130)) - f3fc0661-daf3-46cc-b6b9-cf28bd2102cf: shutdown f3fc0661-daf3-46cc-b6b9-cf28bd2102cf@group-16F1E0710B8C-LeaderElection28
2024-06-12 17:08:35,644 [f3fc0661-daf3-46cc-b6b9-cf28bd2102cf@group-16F1E0710B8C-LeaderElection28] INFO  impl.RoleInfo (RoleInfo.java:updateAndGet(139)) - f3fc0661-daf3-46cc-b6b9-cf28bd2102cf: start f3fc0661-daf3-46cc-b6b9-cf28bd2102cf@group-16F1E0710B8C-FollowerState
2024-06-12 17:08:35,647 [f3fc0661-daf3-46cc-b6b9-cf28bd2102cf@group-06C4850D5BE6-FollowerState] INFO  impl.FollowerState (FollowerState.java:run(143)) - f3fc0661-daf3-46cc-b6b9-cf28bd2102cf@group-06C4850D5BE6-FollowerState: change to CANDIDATE, lastRpcElapsedTime:10159057339ns, electionTimeout:5079ms
2024-06-12 17:08:35,647 [f3fc0661-daf3-46cc-b6b9-cf28bd2102cf@group-06C4850D5BE6-FollowerState] INFO  impl.RoleInfo (RoleInfo.java:shutdownFollowerState(110)) - f3fc0661-daf3-46cc-b6b9-cf28bd2102cf: shutdown f3fc0661-daf3-46cc-b6b9-cf28bd2102cf@group-06C4850D5BE6-FollowerState
2024-06-12 17:08:35,647 [f3fc0661-daf3-46cc-b6b9-cf28bd2102cf@group-06C4850D5BE6-FollowerState] INFO  server.RaftServer$Division (RaftServerImpl.java:setRole(383)) - f3fc0661-daf3-46cc-b6b9-cf28bd2102cf@group-06C4850D5BE6: changes role from  FOLLOWER to CANDIDATE at term 2 for changeToCandidate
2024-06-12 17:08:35,648 [f3fc0661-daf3-46cc-b6b9-cf28bd2102cf@group-06C4850D5BE6-FollowerState] INFO  server.RaftServerConfigKeys (ConfUtils.java:logGet(46)) - raft.server.leaderelection.pre-vote = true (default)
2024-06-12 17:08:35,648 [f3fc0661-daf3-46cc-b6b9-cf28bd2102cf@group-06C4850D5BE6-FollowerState] INFO  impl.RoleInfo (RoleInfo.java:updateAndGet(139)) - f3fc0661-daf3-46cc-b6b9-cf28bd2102cf: start f3fc0661-daf3-46cc-b6b9-cf28bd2102cf@group-06C4850D5BE6-LeaderElection29
2024-06-12 17:08:35,648 [f3fc0661-daf3-46cc-b6b9-cf28bd2102cf@group-06C4850D5BE6-LeaderElection29] INFO  server.RaftServer$Division (ServerState.java:setLeader(269)) - f3fc0661-daf3-46cc-b6b9-cf28bd2102cf@group-06C4850D5BE6: change Leader from 92e0ccad-9c5a-447b-b545-333a3cb7e193 to null at term 2 for PRE_VOTE
2024-06-12 17:08:35,648 [f3fc0661-daf3-46cc-b6b9-cf28bd2102cf@group-06C4850D5BE6-LeaderElection29] INFO  impl.LeaderElection (LeaderElection.java:askForVotes(321)) - f3fc0661-daf3-46cc-b6b9-cf28bd2102cf@group-06C4850D5BE6-LeaderElection29 PRE_VOTE round 0: submit vote requests at term 2 for 1: peers:[92e0ccad-9c5a-447b-b545-333a3cb7e193|127.0.0.1:15085, 691380cd-fa1e-45b9-9936-538793566ee4|127.0.0.1:15067, f3fc0661-daf3-46cc-b6b9-cf28bd2102cf|127.0.0.1:15076]|listeners:[], old=null
2024-06-12 17:08:35,649 [f3fc0661-daf3-46cc-b6b9-cf28bd2102cf@group-06C4850D5BE6-LeaderElection29] INFO  impl.LeaderElection (LogUtils.java:infoOrTrace(136)) - f3fc0661-daf3-46cc-b6b9-cf28bd2102cf@group-06C4850D5BE6-LeaderElection29 got exception when requesting votes: java.util.concurrent.ExecutionException: org.apache.ratis.thirdparty.io.grpc.StatusRuntimeException: UNAVAILABLE: io exception
2024-06-12 17:08:35,649 [f3fc0661-daf3-46cc-b6b9-cf28bd2102cf@group-06C4850D5BE6-LeaderElection29] INFO  impl.LeaderElection (LogUtils.java:infoOrTrace(136)) - f3fc0661-daf3-46cc-b6b9-cf28bd2102cf@group-06C4850D5BE6-LeaderElection29 got exception when requesting votes: java.util.concurrent.ExecutionException: org.apache.ratis.thirdparty.io.grpc.StatusRuntimeException: UNAVAILABLE: io exception
2024-06-12 17:08:35,649 [f3fc0661-daf3-46cc-b6b9-cf28bd2102cf@group-06C4850D5BE6-LeaderElection29] INFO  impl.LeaderElection (LeaderElection.java:logAndReturn(89)) - f3fc0661-daf3-46cc-b6b9-cf28bd2102cf@group-06C4850D5BE6-LeaderElection29: PRE_VOTE REJECTED received 0 response(s) and 2 exception(s):
2024-06-12 17:08:35,649 [f3fc0661-daf3-46cc-b6b9-cf28bd2102cf@group-06C4850D5BE6-LeaderElection29] INFO  impl.LeaderElection (LogUtils.java:infoOrTrace(136)) -   Exception 0: java.util.concurrent.ExecutionException: org.apache.ratis.thirdparty.io.grpc.StatusRuntimeException: UNAVAILABLE: io exception
2024-06-12 17:08:35,649 [f3fc0661-daf3-46cc-b6b9-cf28bd2102cf@group-06C4850D5BE6-LeaderElection29] INFO  impl.LeaderElection (LogUtils.java:infoOrTrace(136)) -   Exception 1: java.util.concurrent.ExecutionException: org.apache.ratis.thirdparty.io.grpc.StatusRuntimeException: UNAVAILABLE: io exception
2024-06-12 17:08:35,649 [f3fc0661-daf3-46cc-b6b9-cf28bd2102cf@group-06C4850D5BE6-LeaderElection29] INFO  impl.LeaderElection (LeaderElection.java:askForVotes(323)) - f3fc0661-daf3-46cc-b6b9-cf28bd2102cf@group-06C4850D5BE6-LeaderElection29 PRE_VOTE round 0: result REJECTED
2024-06-12 17:08:35,649 [f3fc0661-daf3-46cc-b6b9-cf28bd2102cf@group-06C4850D5BE6-LeaderElection29] INFO  server.RaftServer$Division (RaftServerImpl.java:setRole(383)) - f3fc0661-daf3-46cc-b6b9-cf28bd2102cf@group-06C4850D5BE6: changes role from CANDIDATE to FOLLOWER at term 2 for REJECTED
2024-06-12 17:08:35,649 [f3fc0661-daf3-46cc-b6b9-cf28bd2102cf@group-06C4850D5BE6-LeaderElection29] INFO  impl.RoleInfo (RoleInfo.java:shutdownLeaderElection(130)) - f3fc0661-daf3-46cc-b6b9-cf28bd2102cf: shutdown f3fc0661-daf3-46cc-b6b9-cf28bd2102cf@group-06C4850D5BE6-LeaderElection29
2024-06-12 17:08:35,649 [f3fc0661-daf3-46cc-b6b9-cf28bd2102cf@group-06C4850D5BE6-LeaderElection29] INFO  impl.RoleInfo (RoleInfo.java:updateAndGet(139)) - f3fc0661-daf3-46cc-b6b9-cf28bd2102cf: start f3fc0661-daf3-46cc-b6b9-cf28bd2102cf@group-06C4850D5BE6-FollowerState
2024-06-12 17:08:36,265 [timer6] WARN  server.GrpcLogAppender (LogUtils.java:warn(121)) - f3fc0661-daf3-46cc-b6b9-cf28bd2102cf@group-8DB8E933025C->92e0ccad-9c5a-447b-b545-333a3cb7e193-AppendLogResponseHandler: Failed appendEntries (Repeated 4 times in the last 5.000s): org.apache.ratis.thirdparty.io.grpc.StatusRuntimeException: UNAVAILABLE: io exception
2024-06-12 17:08:37,300 [f3fc0661-daf3-46cc-b6b9-cf28bd2102cf-PipelineCommandHandlerThread-0] WARN  commandhandler.CreatePipelineCommandHandler (CreatePipelineCommandHandler.java:lambda$handle$1(121)) - Add group failed for 92e0ccad-9c5a-447b-b545-333a3cb7e193(localhost/127.0.0.1)
java.io.InterruptedIOException: retry policy=RequestTypeDependentRetryPolicy{WRITE->ExceptionDependentRetry(maxAttempts=2147483647; defaultPolicy=MultipleLinearRandomRetry[5x5s, 5x10s, 5x15s, 5x20s, 5x25s, 10x60s]; map={org.apache.ratis.protocol.exceptions.GroupMismatchException->NoRetry, org.apache.ratis.protocol.exceptions.NotReplicatedException->NoRetry, org.apache.ratis.protocol.exceptions.ResourceUnavailableException->org.apache.ratis.retry.ExponentialBackoffRetry@7173f99d, org.apache.ratis.protocol.exceptions.StateMachineException->NoRetry, org.apache.ratis.protocol.exceptions.TimeoutIOException->org.apache.ratis.retry.ExponentialBackoffRetry@7173f99d}), WATCH->ExceptionDependentRetry(maxAttempts=2147483647; defaultPolicy=MultipleLinearRandomRetry[5x5s, 5x10s, 5x15s, 5x20s, 5x25s, 10x60s]; map={org.apache.ratis.protocol.exceptions.GroupMismatchException->NoRetry, org.apache.ratis.protocol.exceptions.NotReplicatedException->NoRetry, org.apache.ratis.protocol.exceptions.ResourceUnavailableException->org.apache.ratis.retry.ExponentialBackoffRetry@7173f99d, org.apache.ratis.protocol.exceptions.StateMachineException->NoRetry, org.apache.ratis.protocol.exceptions.TimeoutIOException->NoRetry})}
	at org.apache.ratis.client.impl.BlockingImpl.sendRequestWithRetry(BlockingImpl.java:136)
	at org.apache.ratis.client.impl.GroupManagementImpl.add(GroupManagementImpl.java:51)
	at org.apache.ratis.client.api.GroupManagementApi.add(GroupManagementApi.java:40)
	at org.apache.hadoop.ozone.container.common.statemachine.commandhandler.CreatePipelineCommandHandler.lambda$handle$1(CreatePipelineCommandHandler.java:117)
	at java.base/java.util.stream.ForEachOps$ForEachOp$OfRef.accept(ForEachOps.java:183)
	at java.base/java.util.stream.ReferencePipeline$2$1.accept(ReferencePipeline.java:179)
	at java.base/java.util.ArrayList$ArrayListSpliterator.forEachRemaining(ArrayList.java:1625)
	at java.base/java.util.stream.AbstractPipeline.copyInto(AbstractPipeline.java:509)
	at java.base/java.util.stream.AbstractPipeline.wrapAndCopyInto(AbstractPipeline.java:499)
	at java.base/java.util.stream.ForEachOps$ForEachOp.evaluateSequential(ForEachOps.java:150)
	at java.base/java.util.stream.ForEachOps$ForEachOp$OfRef.evaluateSequential(ForEachOps.java:173)
	at java.base/java.util.stream.AbstractPipeline.evaluate(AbstractPipeline.java:234)
	at java.base/java.util.stream.ReferencePipeline.forEach(ReferencePipeline.java:596)
	at org.apache.hadoop.ozone.container.common.statemachine.commandhandler.CreatePipelineCommandHandler.lambda$handle$2(CreatePipelineCommandHandler.java:113)
	at java.base/java.util.concurrent.CompletableFuture$AsyncRun.run(CompletableFuture.java:1804)
	at java.base/java.util.concurrent.ThreadPoolExecutor.runWorker(ThreadPoolExecutor.java:1136)
	at java.base/java.util.concurrent.ThreadPoolExecutor$Worker.run(ThreadPoolExecutor.java:635)
	at java.base/java.lang.Thread.run(Thread.java:840)
2024-06-12 17:08:37,300 [f3fc0661-daf3-46cc-b6b9-cf28bd2102cf-PipelineCommandHandlerThread-0] INFO  commandhandler.CreatePipelineCommandHandler (CreatePipelineCommandHandler.java:lambda$handle$2(124)) - Created Pipeline RATIS THREE PipelineID=2ea4685a-0e77-4a18-885c-964d4f137560.
2024-06-12 17:08:37,301 [ForkJoinPool.commonPool-worker-2] INFO  ozoneimpl.OzoneContainer (OzoneContainer.java:stop(481)) - Attempting to stop container services.
2024-06-12 17:08:37,301 [ContainerMetadataScanner] WARN  ozoneimpl.AbstractBackgroundContainerScanner (AbstractBackgroundContainerScanner.java:handleRemainingSleep(134)) - Background container scan was interrupted.
2024-06-12 17:08:37,301 [ContainerMetadataScanner] INFO  ozoneimpl.AbstractBackgroundContainerScanner (AbstractBackgroundContainerScanner.java:run(61)) - Thread[ContainerMetadataScanner,5,main] exiting.
2024-06-12 17:08:37,301 [ForkJoinPool.commonPool-worker-2] INFO  ozoneimpl.BackgroundContainerDataScanner (BackgroundContainerDataScanner.java:shutdown(141)) - ContainerDataScanner(/home/runner/work/ozone/ozone/hadoop-ozone/integration-test/target/test-dir/MiniOzoneClusterImpl-0353e991-6c3e-4832-95ff-5850d237b4c9/ozone-meta/datanode-2/data-0/hdds) is shutting down. 
2024-06-12 17:08:37,301 [ContainerDataScanner(/home/runner/work/ozone/ozone/hadoop-ozone/integration-test/target/test-dir/MiniOzoneClusterImpl-0353e991-6c3e-4832-95ff-5850d237b4c9/ozone-meta/datanode-2/data-0/hdds)] WARN  ozoneimpl.AbstractBackgroundContainerScanner (AbstractBackgroundContainerScanner.java:handleRemainingSleep(134)) - Background container scan was interrupted.
2024-06-12 17:08:37,301 [ContainerDataScanner(/home/runner/work/ozone/ozone/hadoop-ozone/integration-test/target/test-dir/MiniOzoneClusterImpl-0353e991-6c3e-4832-95ff-5850d237b4c9/ozone-meta/datanode-2/data-0/hdds)] INFO  ozoneimpl.AbstractBackgroundContainerScanner (AbstractBackgroundContainerScanner.java:run(61)) - ContainerDataScanner(/home/runner/work/ozone/ozone/hadoop-ozone/integration-test/target/test-dir/MiniOzoneClusterImpl-0353e991-6c3e-4832-95ff-5850d237b4c9/ozone-meta/datanode-2/data-0/hdds, DS-04091f27-8bce-4bae-9f32-1cf1d1ca59c0) exiting.
2024-06-12 17:08:37,301 [ForkJoinPool.commonPool-worker-2] INFO  server.RaftServer (RaftServerProxy.java:lambda$close$9(416)) - f3fc0661-daf3-46cc-b6b9-cf28bd2102cf: close
2024-06-12 17:08:37,302 [f3fc0661-daf3-46cc-b6b9-cf28bd2102cf-impl-thread1] INFO  server.RaftServer$Division (RaftServerImpl.java:lambda$close$3(526)) - f3fc0661-daf3-46cc-b6b9-cf28bd2102cf@group-8DB8E933025C: shutdown
2024-06-12 17:08:37,302 [f3fc0661-daf3-46cc-b6b9-cf28bd2102cf-impl-thread1] INFO  util.JmxRegister (JmxRegister.java:unregister(73)) - Successfully un-registered JMX Bean with object name Ratis:service=RaftServer,group=group-8DB8E933025C,id=f3fc0661-daf3-46cc-b6b9-cf28bd2102cf
2024-06-12 17:08:37,302 [f3fc0661-daf3-46cc-b6b9-cf28bd2102cf-impl-thread1] INFO  impl.RoleInfo (RoleInfo.java:shutdownFollowerState(110)) - f3fc0661-daf3-46cc-b6b9-cf28bd2102cf: shutdown f3fc0661-daf3-46cc-b6b9-cf28bd2102cf@group-8DB8E933025C-FollowerState
2024-06-12 17:08:37,302 [f3fc0661-daf3-46cc-b6b9-cf28bd2102cf-impl-thread1] INFO  impl.StateMachineUpdater (StateMachineUpdater.java:stopAndJoin(157)) - f3fc0661-daf3-46cc-b6b9-cf28bd2102cf@group-8DB8E933025C-StateMachineUpdater: set stopIndex = 14
2024-06-12 17:08:37,302 [f3fc0661-daf3-46cc-b6b9-cf28bd2102cf@group-8DB8E933025C-FollowerState] INFO  impl.FollowerState (FollowerState.java:run(152)) - f3fc0661-daf3-46cc-b6b9-cf28bd2102cf@group-8DB8E933025C-FollowerState was interrupted
2024-06-12 17:08:37,302 [ForkJoinPool.commonPool-worker-2] INFO  server.GrpcService (GrpcService.java:closeImpl(311)) - f3fc0661-daf3-46cc-b6b9-cf28bd2102cf: shutdown server org.apache.ratis.grpc.server.GrpcClientProtocolService now
2024-06-12 17:08:37,302 [f3fc0661-daf3-46cc-b6b9-cf28bd2102cf@group-8DB8E933025C-StateMachineUpdater] INFO  ratis.ContainerStateMachine (ContainerStateMachine.java:takeSnapshot(355)) - group-8DB8E933025C: Taking a snapshot at:(t:1, i:14) file /home/runner/work/ozone/ozone/hadoop-ozone/integration-test/target/test-dir/MiniOzoneClusterImpl-0353e991-6c3e-4832-95ff-5850d237b4c9/ozone-meta/datanode-2/ratis/738ccdf1-229f-4656-88f2-8db8e933025c/sm/snapshot.1_14
2024-06-12 17:08:37,302 [f3fc0661-daf3-46cc-b6b9-cf28bd2102cf-impl-thread2] INFO  server.RaftServer$Division (RaftServerImpl.java:lambda$close$3(526)) - f3fc0661-daf3-46cc-b6b9-cf28bd2102cf@group-964D4F137560: shutdown
2024-06-12 17:08:37,303 [Thread-2036] INFO  server.GrpcServerProtocolClient (GrpcServerProtocolClient.java:close(103)) - 74620180-03cc-4c6e-ac63-d0b12e96fe58 Close channels
2024-06-12 17:08:37,303 [f3fc0661-daf3-46cc-b6b9-cf28bd2102cf-impl-thread2] INFO  util.JmxRegister (JmxRegister.java:unregister(73)) - Successfully un-registered JMX Bean with object name Ratis:service=RaftServer,group=group-964D4F137560,id=f3fc0661-daf3-46cc-b6b9-cf28bd2102cf
2024-06-12 17:08:37,303 [f3fc0661-daf3-46cc-b6b9-cf28bd2102cf-impl-thread5] INFO  server.RaftServer$Division (RaftServerImpl.java:lambda$close$3(526)) - f3fc0661-daf3-46cc-b6b9-cf28bd2102cf@group-06C4850D5BE6: shutdown
2024-06-12 17:08:37,303 [Thread-2035] INFO  server.GrpcServerProtocolClient (GrpcServerProtocolClient.java:close(103)) - 92e0ccad-9c5a-447b-b545-333a3cb7e193 Close channels
2024-06-12 17:08:37,303 [f3fc0661-daf3-46cc-b6b9-cf28bd2102cf-impl-thread3] INFO  server.RaftServer$Division (RaftServerImpl.java:lambda$close$3(526)) - f3fc0661-daf3-46cc-b6b9-cf28bd2102cf@group-16F1E0710B8C: shutdown
2024-06-12 17:08:37,303 [f3fc0661-daf3-46cc-b6b9-cf28bd2102cf-impl-thread3] INFO  util.JmxRegister (JmxRegister.java:unregister(73)) - Successfully un-registered JMX Bean with object name Ratis:service=RaftServer,group=group-16F1E0710B8C,id=f3fc0661-daf3-46cc-b6b9-cf28bd2102cf
2024-06-12 17:08:37,303 [f3fc0661-daf3-46cc-b6b9-cf28bd2102cf-impl-thread3] INFO  impl.RoleInfo (RoleInfo.java:shutdownFollowerState(110)) - f3fc0661-daf3-46cc-b6b9-cf28bd2102cf: shutdown f3fc0661-daf3-46cc-b6b9-cf28bd2102cf@group-16F1E0710B8C-FollowerState
2024-06-12 17:08:37,303 [f3fc0661-daf3-46cc-b6b9-cf28bd2102cf-impl-thread3] INFO  impl.StateMachineUpdater (StateMachineUpdater.java:stopAndJoin(157)) - f3fc0661-daf3-46cc-b6b9-cf28bd2102cf@group-16F1E0710B8C-StateMachineUpdater: set stopIndex = 0
2024-06-12 17:08:37,303 [f3fc0661-daf3-46cc-b6b9-cf28bd2102cf@group-16F1E0710B8C-FollowerState] INFO  impl.FollowerState (FollowerState.java:run(152)) - f3fc0661-daf3-46cc-b6b9-cf28bd2102cf@group-16F1E0710B8C-FollowerState was interrupted
2024-06-12 17:08:37,302 [f3fc0661-daf3-46cc-b6b9-cf28bd2102cf-impl-thread4] INFO  server.RaftServer$Division (RaftServerImpl.java:lambda$close$3(526)) - f3fc0661-daf3-46cc-b6b9-cf28bd2102cf@group-78A54FA7D8D8: shutdown
2024-06-12 17:08:37,303 [f3fc0661-daf3-46cc-b6b9-cf28bd2102cf@group-16F1E0710B8C-StateMachineUpdater] INFO  ratis.ContainerStateMachine (ContainerStateMachine.java:takeSnapshot(355)) - group-16F1E0710B8C: Taking a snapshot at:(t:1, i:0) file /home/runner/work/ozone/ozone/hadoop-ozone/integration-test/target/test-dir/MiniOzoneClusterImpl-0353e991-6c3e-4832-95ff-5850d237b4c9/ozone-meta/datanode-2/ratis/17d09cab-d0cf-4e70-b251-16f1e0710b8c/sm/snapshot.1_0
2024-06-12 17:08:37,303 [f3fc0661-daf3-46cc-b6b9-cf28bd2102cf@group-8DB8E933025C-StateMachineUpdater] INFO  ratis.ContainerStateMachine (ContainerStateMachine.java:takeSnapshot(366)) - group-8DB8E933025C: Finished taking a snapshot at:(t:1, i:14) file:/home/runner/work/ozone/ozone/hadoop-ozone/integration-test/target/test-dir/MiniOzoneClusterImpl-0353e991-6c3e-4832-95ff-5850d237b4c9/ozone-meta/datanode-2/ratis/738ccdf1-229f-4656-88f2-8db8e933025c/sm/snapshot.1_14 took: 1 ms
2024-06-12 17:08:37,303 [f3fc0661-daf3-46cc-b6b9-cf28bd2102cf-impl-thread2] INFO  impl.RoleInfo (RoleInfo.java:shutdownFollowerState(110)) - f3fc0661-daf3-46cc-b6b9-cf28bd2102cf: shutdown f3fc0661-daf3-46cc-b6b9-cf28bd2102cf@group-964D4F137560-FollowerState
2024-06-12 17:08:37,303 [f3fc0661-daf3-46cc-b6b9-cf28bd2102cf-impl-thread5] INFO  util.JmxRegister (JmxRegister.java:unregister(73)) - Successfully un-registered JMX Bean with object name Ratis:service=RaftServer,group=group-06C4850D5BE6,id=f3fc0661-daf3-46cc-b6b9-cf28bd2102cf
2024-06-12 17:08:37,304 [f3fc0661-daf3-46cc-b6b9-cf28bd2102cf-impl-thread5] INFO  impl.RoleInfo (RoleInfo.java:shutdownFollowerState(110)) - f3fc0661-daf3-46cc-b6b9-cf28bd2102cf: shutdown f3fc0661-daf3-46cc-b6b9-cf28bd2102cf@group-06C4850D5BE6-FollowerState
2024-06-12 17:08:37,304 [f3fc0661-daf3-46cc-b6b9-cf28bd2102cf-impl-thread5] INFO  impl.StateMachineUpdater (StateMachineUpdater.java:stopAndJoin(157)) - f3fc0661-daf3-46cc-b6b9-cf28bd2102cf@group-06C4850D5BE6-StateMachineUpdater: set stopIndex = 1
2024-06-12 17:08:37,304 [f3fc0661-daf3-46cc-b6b9-cf28bd2102cf@group-06C4850D5BE6-FollowerState] INFO  impl.FollowerState (FollowerState.java:run(152)) - f3fc0661-daf3-46cc-b6b9-cf28bd2102cf@group-06C4850D5BE6-FollowerState was interrupted
2024-06-12 17:08:37,304 [f3fc0661-daf3-46cc-b6b9-cf28bd2102cf@group-06C4850D5BE6-StateMachineUpdater] INFO  ratis.ContainerStateMachine (ContainerStateMachine.java:takeSnapshot(355)) - group-06C4850D5BE6: Taking a snapshot at:(t:2, i:1) file /home/runner/work/ozone/ozone/hadoop-ozone/integration-test/target/test-dir/MiniOzoneClusterImpl-0353e991-6c3e-4832-95ff-5850d237b4c9/ozone-meta/datanode-2/ratis/ca4914a1-8eb5-4970-ac5d-06c4850d5be6/sm/snapshot.2_1
2024-06-12 17:08:37,304 [f3fc0661-daf3-46cc-b6b9-cf28bd2102cf-impl-thread2] INFO  impl.StateMachineUpdater (StateMachineUpdater.java:stopAndJoin(157)) - f3fc0661-daf3-46cc-b6b9-cf28bd2102cf@group-964D4F137560-StateMachineUpdater: set stopIndex = -1
2024-06-12 17:08:37,304 [f3fc0661-daf3-46cc-b6b9-cf28bd2102cf@group-964D4F137560-FollowerState] INFO  impl.FollowerState (FollowerState.java:run(152)) - f3fc0661-daf3-46cc-b6b9-cf28bd2102cf@group-964D4F137560-FollowerState was interrupted
2024-06-12 17:08:37,304 [f3fc0661-daf3-46cc-b6b9-cf28bd2102cf@group-16F1E0710B8C-StateMachineUpdater] INFO  ratis.ContainerStateMachine (ContainerStateMachine.java:takeSnapshot(366)) - group-16F1E0710B8C: Finished taking a snapshot at:(t:1, i:0) file:/home/runner/work/ozone/ozone/hadoop-ozone/integration-test/target/test-dir/MiniOzoneClusterImpl-0353e991-6c3e-4832-95ff-5850d237b4c9/ozone-meta/datanode-2/ratis/17d09cab-d0cf-4e70-b251-16f1e0710b8c/sm/snapshot.1_0 took: 2 ms
2024-06-12 17:08:37,305 [f3fc0661-daf3-46cc-b6b9-cf28bd2102cf@group-16F1E0710B8C-StateMachineUpdater] INFO  impl.StateMachineUpdater (StateMachineUpdater.java:takeSnapshot(295)) - f3fc0661-daf3-46cc-b6b9-cf28bd2102cf@group-16F1E0710B8C-StateMachineUpdater: Took a snapshot at index 0
2024-06-12 17:08:37,305 [f3fc0661-daf3-46cc-b6b9-cf28bd2102cf@group-16F1E0710B8C-StateMachineUpdater] INFO  impl.StateMachineUpdater (StateMachineUpdater.java:lambda$new$0(98)) - f3fc0661-daf3-46cc-b6b9-cf28bd2102cf@group-16F1E0710B8C-StateMachineUpdater: snapshotIndex: updateIncreasingly -1 -> 0
2024-06-12 17:08:37,305 [f3fc0661-daf3-46cc-b6b9-cf28bd2102cf-impl-thread3] INFO  server.RaftServer$Division (ServerState.java:close(427)) - f3fc0661-daf3-46cc-b6b9-cf28bd2102cf@group-16F1E0710B8C: applyIndex: 0
2024-06-12 17:08:37,305 [f3fc0661-daf3-46cc-b6b9-cf28bd2102cf@group-16F1E0710B8C-cacheEviction-AwaitToRun] INFO  util.AwaitToRun (AwaitToRun.java:run(49)) - f3fc0661-daf3-46cc-b6b9-cf28bd2102cf@group-16F1E0710B8C-cacheEviction-AwaitToRun-AwaitForSignal is interrupted
2024-06-12 17:08:37,305 [f3fc0661-daf3-46cc-b6b9-cf28bd2102cf-impl-thread2] INFO  server.RaftServer$Division (ServerState.java:close(427)) - f3fc0661-daf3-46cc-b6b9-cf28bd2102cf@group-964D4F137560: applyIndex: -1
2024-06-12 17:08:37,305 [f3fc0661-daf3-46cc-b6b9-cf28bd2102cf@group-06C4850D5BE6-StateMachineUpdater] INFO  ratis.ContainerStateMachine (ContainerStateMachine.java:takeSnapshot(366)) - group-06C4850D5BE6: Finished taking a snapshot at:(t:2, i:1) file:/home/runner/work/ozone/ozone/hadoop-ozone/integration-test/target/test-dir/MiniOzoneClusterImpl-0353e991-6c3e-4832-95ff-5850d237b4c9/ozone-meta/datanode-2/ratis/ca4914a1-8eb5-4970-ac5d-06c4850d5be6/sm/snapshot.2_1 took: 1 ms
2024-06-12 17:08:37,305 [f3fc0661-daf3-46cc-b6b9-cf28bd2102cf@group-964D4F137560-cacheEviction-AwaitToRun] INFO  util.AwaitToRun (AwaitToRun.java:run(49)) - f3fc0661-daf3-46cc-b6b9-cf28bd2102cf@group-964D4F137560-cacheEviction-AwaitToRun-AwaitForSignal is interrupted
2024-06-12 17:08:37,305 [f3fc0661-daf3-46cc-b6b9-cf28bd2102cf@group-06C4850D5BE6-StateMachineUpdater] INFO  impl.StateMachineUpdater (StateMachineUpdater.java:takeSnapshot(295)) - f3fc0661-daf3-46cc-b6b9-cf28bd2102cf@group-06C4850D5BE6-StateMachineUpdater: Took a snapshot at index 1
2024-06-12 17:08:37,305 [f3fc0661-daf3-46cc-b6b9-cf28bd2102cf@group-06C4850D5BE6-StateMachineUpdater] INFO  impl.StateMachineUpdater (StateMachineUpdater.java:lambda$new$0(98)) - f3fc0661-daf3-46cc-b6b9-cf28bd2102cf@group-06C4850D5BE6-StateMachineUpdater: snapshotIndex: updateIncreasingly -1 -> 1
2024-06-12 17:08:37,303 [Thread-2037] INFO  server.GrpcServerProtocolClient (GrpcServerProtocolClient.java:close(103)) - 691380cd-fa1e-45b9-9936-538793566ee4 Close channels
2024-06-12 17:08:37,304 [f3fc0661-daf3-46cc-b6b9-cf28bd2102cf@group-8DB8E933025C-StateMachineUpdater] INFO  impl.StateMachineUpdater (StateMachineUpdater.java:takeSnapshot(295)) - f3fc0661-daf3-46cc-b6b9-cf28bd2102cf@group-8DB8E933025C-StateMachineUpdater: Took a snapshot at index 14
2024-06-12 17:08:37,303 [f3fc0661-daf3-46cc-b6b9-cf28bd2102cf-impl-thread4] INFO  util.JmxRegister (JmxRegister.java:unregister(73)) - Successfully un-registered JMX Bean with object name Ratis:service=RaftServer,group=group-78A54FA7D8D8,id=f3fc0661-daf3-46cc-b6b9-cf28bd2102cf
2024-06-12 17:08:37,306 [f3fc0661-daf3-46cc-b6b9-cf28bd2102cf@group-8DB8E933025C-StateMachineUpdater] INFO  impl.StateMachineUpdater (StateMachineUpdater.java:lambda$new$0(98)) - f3fc0661-daf3-46cc-b6b9-cf28bd2102cf@group-8DB8E933025C-StateMachineUpdater: snapshotIndex: updateIncreasingly -1 -> 14
2024-06-12 17:08:37,306 [f3fc0661-daf3-46cc-b6b9-cf28bd2102cf-impl-thread4] INFO  impl.RoleInfo (RoleInfo.java:shutdownLeaderState(94)) - f3fc0661-daf3-46cc-b6b9-cf28bd2102cf: shutdown f3fc0661-daf3-46cc-b6b9-cf28bd2102cf@group-78A54FA7D8D8-LeaderStateImpl
2024-06-12 17:08:37,306 [f3fc0661-daf3-46cc-b6b9-cf28bd2102cf-impl-thread4] INFO  impl.PendingRequests (PendingRequests.java:sendNotLeaderResponses(289)) - f3fc0661-daf3-46cc-b6b9-cf28bd2102cf@group-78A54FA7D8D8-PendingRequests: sendNotLeaderResponses
2024-06-12 17:08:37,306 [f3fc0661-daf3-46cc-b6b9-cf28bd2102cf-impl-thread1] INFO  server.RaftServer$Division (ServerState.java:close(427)) - f3fc0661-daf3-46cc-b6b9-cf28bd2102cf@group-8DB8E933025C: applyIndex: 14
2024-06-12 17:08:37,306 [f3fc0661-daf3-46cc-b6b9-cf28bd2102cf-impl-thread4] INFO  impl.StateMachineUpdater (StateMachineUpdater.java:stopAndJoin(157)) - f3fc0661-daf3-46cc-b6b9-cf28bd2102cf@group-78A54FA7D8D8-StateMachineUpdater: set stopIndex = 0
2024-06-12 17:08:37,306 [f3fc0661-daf3-46cc-b6b9-cf28bd2102cf@group-8DB8E933025C-cacheEviction-AwaitToRun] INFO  util.AwaitToRun (AwaitToRun.java:run(49)) - f3fc0661-daf3-46cc-b6b9-cf28bd2102cf@group-8DB8E933025C-cacheEviction-AwaitToRun-AwaitForSignal is interrupted
2024-06-12 17:08:37,306 [f3fc0661-daf3-46cc-b6b9-cf28bd2102cf-impl-thread5] INFO  server.RaftServer$Division (ServerState.java:close(427)) - f3fc0661-daf3-46cc-b6b9-cf28bd2102cf@group-06C4850D5BE6: applyIndex: 1
2024-06-12 17:08:37,306 [f3fc0661-daf3-46cc-b6b9-cf28bd2102cf@group-78A54FA7D8D8-StateMachineUpdater] INFO  ratis.ContainerStateMachine (ContainerStateMachine.java:takeSnapshot(355)) - group-78A54FA7D8D8: Taking a snapshot at:(t:1, i:0) file /home/runner/work/ozone/ozone/hadoop-ozone/integration-test/target/test-dir/MiniOzoneClusterImpl-0353e991-6c3e-4832-95ff-5850d237b4c9/ozone-meta/datanode-2/ratis/ac4c3a91-9475-4321-90e9-78a54fa7d8d8/sm/snapshot.1_0
2024-06-12 17:08:37,306 [ForkJoinPool.commonPool-worker-2] INFO  server.GrpcService (GrpcService.java:closeImpl(320)) - f3fc0661-daf3-46cc-b6b9-cf28bd2102cf: shutdown server org.apache.ratis.grpc.server.GrpcClientProtocolService successfully
2024-06-12 17:08:37,307 [ForkJoinPool.commonPool-worker-2] INFO  server.GrpcService (GrpcService.java:closeImpl(311)) - f3fc0661-daf3-46cc-b6b9-cf28bd2102cf: shutdown server GrpcServerProtocolService now
2024-06-12 17:08:37,307 [f3fc0661-daf3-46cc-b6b9-cf28bd2102cf@group-06C4850D5BE6-cacheEviction-AwaitToRun] INFO  util.AwaitToRun (AwaitToRun.java:run(49)) - f3fc0661-daf3-46cc-b6b9-cf28bd2102cf@group-06C4850D5BE6-cacheEviction-AwaitToRun-AwaitForSignal is interrupted
2024-06-12 17:08:37,307 [f3fc0661-daf3-46cc-b6b9-cf28bd2102cf@group-78A54FA7D8D8-StateMachineUpdater] INFO  ratis.ContainerStateMachine (ContainerStateMachine.java:takeSnapshot(366)) - group-78A54FA7D8D8: Finished taking a snapshot at:(t:1, i:0) file:/home/runner/work/ozone/ozone/hadoop-ozone/integration-test/target/test-dir/MiniOzoneClusterImpl-0353e991-6c3e-4832-95ff-5850d237b4c9/ozone-meta/datanode-2/ratis/ac4c3a91-9475-4321-90e9-78a54fa7d8d8/sm/snapshot.1_0 took: 0 ms
2024-06-12 17:08:37,307 [f3fc0661-daf3-46cc-b6b9-cf28bd2102cf@group-78A54FA7D8D8-StateMachineUpdater] INFO  impl.StateMachineUpdater (StateMachineUpdater.java:takeSnapshot(295)) - f3fc0661-daf3-46cc-b6b9-cf28bd2102cf@group-78A54FA7D8D8-StateMachineUpdater: Took a snapshot at index 0
2024-06-12 17:08:37,307 [f3fc0661-daf3-46cc-b6b9-cf28bd2102cf@group-78A54FA7D8D8-StateMachineUpdater] INFO  impl.StateMachineUpdater (StateMachineUpdater.java:lambda$new$0(98)) - f3fc0661-daf3-46cc-b6b9-cf28bd2102cf@group-78A54FA7D8D8-StateMachineUpdater: snapshotIndex: updateIncreasingly -1 -> 0
2024-06-12 17:08:37,307 [f3fc0661-daf3-46cc-b6b9-cf28bd2102cf-impl-thread4] INFO  server.RaftServer$Division (ServerState.java:close(427)) - f3fc0661-daf3-46cc-b6b9-cf28bd2102cf@group-78A54FA7D8D8: applyIndex: 0
2024-06-12 17:08:37,308 [f3fc0661-daf3-46cc-b6b9-cf28bd2102cf@group-78A54FA7D8D8-cacheEviction-AwaitToRun] INFO  util.AwaitToRun (AwaitToRun.java:run(49)) - f3fc0661-daf3-46cc-b6b9-cf28bd2102cf@group-78A54FA7D8D8-cacheEviction-AwaitToRun-AwaitForSignal is interrupted
2024-06-12 17:08:37,309 [ForkJoinPool.commonPool-worker-2] INFO  server.GrpcService (GrpcService.java:closeImpl(320)) - f3fc0661-daf3-46cc-b6b9-cf28bd2102cf: shutdown server GrpcServerProtocolService successfully
2024-06-12 17:08:37,310 [ForkJoinPool.commonPool-worker-2] INFO  server.GrpcService (GrpcService.java:closeImpl(311)) - f3fc0661-daf3-46cc-b6b9-cf28bd2102cf: shutdown server org.apache.ratis.grpc.server.GrpcAdminProtocolService now
2024-06-12 17:08:37,310 [ForkJoinPool.commonPool-worker-2] INFO  server.GrpcService (GrpcService.java:closeImpl(320)) - f3fc0661-daf3-46cc-b6b9-cf28bd2102cf: shutdown server org.apache.ratis.grpc.server.GrpcAdminProtocolService successfully
2024-06-12 17:08:37,314 [f3fc0661-daf3-46cc-b6b9-cf28bd2102cf-NettyServerStreamRpc-bossGroup--thread1] INFO  logging.LoggingHandler (AbstractInternalLogger.java:log(148)) - [id: 0x7b6811ba, L:/0.0.0.0:15077] CLOSE
2024-06-12 17:08:37,314 [f3fc0661-daf3-46cc-b6b9-cf28bd2102cf-NettyServerStreamRpc-bossGroup--thread1] INFO  logging.LoggingHandler (AbstractInternalLogger.java:log(148)) - [id: 0x7b6811ba, L:/0.0.0.0:15077] INACTIVE
2024-06-12 17:08:37,314 [f3fc0661-daf3-46cc-b6b9-cf28bd2102cf-NettyServerStreamRpc-bossGroup--thread1] INFO  logging.LoggingHandler (AbstractInternalLogger.java:log(148)) - [id: 0x7b6811ba, L:/0.0.0.0:15077] UNREGISTERED
2024-06-12 17:08:37,476 [f3fc0661-daf3-46cc-b6b9-cf28bd2102cf-impl-thread1] INFO  segmented.SegmentedRaftLogWorker (SegmentedRaftLogWorker.java:close(245)) - f3fc0661-daf3-46cc-b6b9-cf28bd2102cf@group-8DB8E933025C-SegmentedRaftLogWorker close()
2024-06-12 17:08:37,481 [f3fc0661-daf3-46cc-b6b9-cf28bd2102cf-impl-thread2] INFO  segmented.SegmentedRaftLogWorker (SegmentedRaftLogWorker.java:close(245)) - f3fc0661-daf3-46cc-b6b9-cf28bd2102cf@group-964D4F137560-SegmentedRaftLogWorker close()
2024-06-12 17:08:37,490 [f3fc0661-daf3-46cc-b6b9-cf28bd2102cf-impl-thread5] INFO  segmented.SegmentedRaftLogWorker (SegmentedRaftLogWorker.java:close(245)) - f3fc0661-daf3-46cc-b6b9-cf28bd2102cf@group-06C4850D5BE6-SegmentedRaftLogWorker close()
2024-06-12 17:08:37,542 [EventQueue-DeadNodeForDeadNodeHandler] INFO  node.DeadNodeHandler (DeadNodeHandler.java:onMessage(95)) - A dead datanode is detected. 74620180-03cc-4c6e-ac63-d0b12e96fe58(localhost/127.0.0.1)
2024-06-12 17:08:37,543 [EventQueue-DeadNodeForDeadNodeHandler] INFO  pipeline.RatisPipelineProvider (RatisPipelineProvider.java:lambda$close$4(270)) - Send pipeline:PipelineID=a0d514eb-4f98-4aeb-8738-25da7408936a close command to datanode 74620180-03cc-4c6e-ac63-d0b12e96fe58
2024-06-12 17:08:37,543 [EventQueue-DeadNodeForDeadNodeHandler] INFO  pipeline.PipelineManagerImpl (PipelineManagerImpl.java:removePipeline(459)) - Pipeline Pipeline[ Id: a0d514eb-4f98-4aeb-8738-25da7408936a, Nodes: 74620180-03cc-4c6e-ac63-d0b12e96fe58(localhost/127.0.0.1), ReplicationConfig: RATIS/ONE, State:CLOSED, leaderId:74620180-03cc-4c6e-ac63-d0b12e96fe58, CreationTimestamp2024-06-12T17:08:02.053Z[Etc/UTC]] removed.
2024-06-12 17:08:37,543 [EventQueue-DeadNodeForDeadNodeHandler] INFO  node.DeadNodeHandler (DeadNodeHandler.java:onMessage(108)) - Clearing command queue of size 2 for DN 74620180-03cc-4c6e-ac63-d0b12e96fe58(localhost/127.0.0.1)
2024-06-12 17:08:37,543 [EventQueue-DeadNodeForDeadNodeHandler] INFO  net.NetworkTopologyImpl (NetworkTopologyImpl.java:remove(212)) - Removed a node: /default-rack/74620180-03cc-4c6e-ac63-d0b12e96fe58
2024-06-12 17:08:37,543 [EventQueue-DeadNodeForDeadNodeHandler] INFO  node.DeadNodeHandler (DeadNodeHandler.java:onMessage(95)) - A dead datanode is detected. f3fc0661-daf3-46cc-b6b9-cf28bd2102cf(localhost/127.0.0.1)
2024-06-12 17:08:37,543 [EventQueue-DeadNodeForDeadNodeHandler] INFO  pipeline.RatisPipelineProvider (RatisPipelineProvider.java:lambda$close$4(270)) - Send pipeline:PipelineID=ac4c3a91-9475-4321-90e9-78a54fa7d8d8 close command to datanode f3fc0661-daf3-46cc-b6b9-cf28bd2102cf
2024-06-12 17:08:37,544 [EventQueue-DeadNodeForDeadNodeHandler] INFO  pipeline.PipelineManagerImpl (PipelineManagerImpl.java:removePipeline(459)) - Pipeline Pipeline[ Id: ac4c3a91-9475-4321-90e9-78a54fa7d8d8, Nodes: f3fc0661-daf3-46cc-b6b9-cf28bd2102cf(localhost/127.0.0.1), ReplicationConfig: RATIS/ONE, State:CLOSED, leaderId:f3fc0661-daf3-46cc-b6b9-cf28bd2102cf, CreationTimestamp2024-06-12T17:08:01.925Z[Etc/UTC]] removed.
2024-06-12 17:08:37,544 [EventQueue-DeadNodeForDeadNodeHandler] INFO  node.DeadNodeHandler (DeadNodeHandler.java:onMessage(108)) - Clearing command queue of size 2 for DN f3fc0661-daf3-46cc-b6b9-cf28bd2102cf(localhost/127.0.0.1)
2024-06-12 17:08:37,544 [EventQueue-DeadNodeForDeadNodeHandler] INFO  net.NetworkTopologyImpl (NetworkTopologyImpl.java:remove(212)) - Removed a node: /default-rack/f3fc0661-daf3-46cc-b6b9-cf28bd2102cf
2024-06-12 17:08:38,133 [f3fc0661-daf3-46cc-b6b9-cf28bd2102cf-impl-thread4] INFO  segmented.SegmentedRaftLogWorker (SegmentedRaftLogWorker.java:close(245)) - f3fc0661-daf3-46cc-b6b9-cf28bd2102cf@group-78A54FA7D8D8-SegmentedRaftLogWorker close()
2024-06-12 17:08:38,205 [f3fc0661-daf3-46cc-b6b9-cf28bd2102cf-impl-thread3] INFO  segmented.SegmentedRaftLogWorker (SegmentedRaftLogWorker.java:close(245)) - f3fc0661-daf3-46cc-b6b9-cf28bd2102cf@group-16F1E0710B8C-SegmentedRaftLogWorker close()
2024-06-12 17:08:38,206 [JvmPauseMonitor10] INFO  util.JvmPauseMonitor (JvmPauseMonitor.java:run(152)) - JvmPauseMonitor-f3fc0661-daf3-46cc-b6b9-cf28bd2102cf: Stopped
2024-06-12 17:08:38,343 [EventQueue-DeadNodeForDeadNodeHandler] INFO  node.DeadNodeHandler (DeadNodeHandler.java:onMessage(95)) - A dead datanode is detected. 69f17eae-5f6b-470f-8112-c08e963e2abc(localhost/127.0.0.1)
2024-06-12 17:08:38,343 [EventQueue-DeadNodeForDeadNodeHandler] INFO  pipeline.RatisPipelineProvider (RatisPipelineProvider.java:lambda$close$4(270)) - Send pipeline:PipelineID=e8719392-44d4-44bd-87b9-2ac76c1d414f close command to datanode 69f17eae-5f6b-470f-8112-c08e963e2abc
2024-06-12 17:08:38,344 [EventQueue-DeadNodeForDeadNodeHandler] INFO  pipeline.PipelineManagerImpl (PipelineManagerImpl.java:removePipeline(459)) - Pipeline Pipeline[ Id: e8719392-44d4-44bd-87b9-2ac76c1d414f, Nodes: 69f17eae-5f6b-470f-8112-c08e963e2abc(localhost/127.0.0.1), ReplicationConfig: RATIS/ONE, State:CLOSED, leaderId:69f17eae-5f6b-470f-8112-c08e963e2abc, CreationTimestamp2024-06-12T17:08:02.136Z[Etc/UTC]] removed.
2024-06-12 17:08:38,344 [EventQueue-DeadNodeForDeadNodeHandler] INFO  node.DeadNodeHandler (DeadNodeHandler.java:onMessage(108)) - Clearing command queue of size 1 for DN 69f17eae-5f6b-470f-8112-c08e963e2abc(localhost/127.0.0.1)
2024-06-12 17:08:38,344 [EventQueue-DeadNodeForDeadNodeHandler] INFO  net.NetworkTopologyImpl (NetworkTopologyImpl.java:remove(212)) - Removed a node: /default-rack/69f17eae-5f6b-470f-8112-c08e963e2abc
2024-06-12 17:08:38,574 [timer6] WARN  server.GrpcLogAppender (LogUtils.java:warn(121)) - f3fc0661-daf3-46cc-b6b9-cf28bd2102cf@group-8DB8E933025C->691380cd-fa1e-45b9-9936-538793566ee4-AppendLogResponseHandler: Failed appendEntries (Repeated 2 times in the last 5.000s): org.apache.ratis.thirdparty.io.grpc.StatusRuntimeException: UNAVAILABLE: io exception
2024-06-12 17:08:38,575 [timer7] WARN  server.GrpcLogAppender (GrpcLogAppender.java:lambda$resetClient$1(217)) - f3fc0661-daf3-46cc-b6b9-cf28bd2102cf@group-8DB8E933025C->691380cd-fa1e-45b9-9936-538793566ee4-GrpcLogAppender: Follower failed (request=null, errorCount=18); keep nextIndex (16) unchanged and retry. (Repeated 2 times in the last 5.001s)
2024-06-12 17:08:40,209 [ForkJoinPool.commonPool-worker-2] INFO  utils.DatanodeStoreCache (DatanodeStoreCache.java:shutdownCache(116)) - Skip clearing cache in mini cluster mode. Entries left: [/home/runner/work/ozone/ozone/hadoop-ozone/integration-test/target/test-dir/MiniOzoneClusterImpl-0353e991-6c3e-4832-95ff-5850d237b4c9/ozone-meta/datanode-2/data-0/hdds/0353e991-6c3e-4832-95ff-5850d237b4c9/DS-04091f27-8bce-4bae-9f32-1cf1d1ca59c0/container.db]
2024-06-12 17:08:40,210 [ForkJoinPool.commonPool-worker-2] INFO  utils.DatanodeStoreCache (DatanodeStoreCache.java:removeDB(110)) - Removed db /home/runner/work/ozone/ozone/hadoop-ozone/integration-test/target/test-dir/MiniOzoneClusterImpl-0353e991-6c3e-4832-95ff-5850d237b4c9/ozone-meta/datanode-2/data-0/hdds/0353e991-6c3e-4832-95ff-5850d237b4c9/DS-04091f27-8bce-4bae-9f32-1cf1d1ca59c0/container.db from cache
2024-06-12 17:08:40,210 [ForkJoinPool.commonPool-worker-2] INFO  volume.HddsVolume (HddsVolume.java:closeDbStore(470)) - SchemaV3 db is stopped at /home/runner/work/ozone/ozone/hadoop-ozone/integration-test/target/test-dir/MiniOzoneClusterImpl-0353e991-6c3e-4832-95ff-5850d237b4c9/ozone-meta/datanode-2/data-0/hdds/0353e991-6c3e-4832-95ff-5850d237b4c9/DS-04091f27-8bce-4bae-9f32-1cf1d1ca59c0/container.db for volume DS-04091f27-8bce-4bae-9f32-1cf1d1ca59c0
2024-06-12 17:08:40,210 [ForkJoinPool.commonPool-worker-2] INFO  utils.BackgroundService (BackgroundService.java:shutdown(160)) - Shutting down service BlockDeletingService
2024-06-12 17:08:40,210 [ForkJoinPool.commonPool-worker-2] INFO  utils.BackgroundService (BackgroundService.java:shutdown(160)) - Shutting down service StaleRecoveringContainerScrubbingService
2024-06-12 17:08:40,211 [ForkJoinPool.commonPool-worker-2] INFO  statemachine.DatanodeStateMachine (DatanodeStateMachine.java:stopDaemon(628)) - Ozone container server stopped.
2024-06-12 17:08:40,211 [ForkJoinPool.commonPool-worker-2] INFO  handler.ContextHandler (ContextHandler.java:doStop(1159)) - Stopped o.e.j.w.WebAppContext@5cfed4ee{hddsDatanode,/,null,STOPPED}{file:/home/runner/work/ozone/ozone/hadoop-hdds/container-service/target/classes/webapps/hddsDatanode}
2024-06-12 17:08:40,212 [ForkJoinPool.commonPool-worker-2] INFO  server.AbstractConnector (AbstractConnector.java:doStop(383)) - Stopped ServerConnector@3a40e068{HTTP/1.1, (http/1.1)}{0.0.0.0:15071}
2024-06-12 17:08:40,212 [ForkJoinPool.commonPool-worker-2] INFO  server.session (HouseKeeper.java:stopScavenging(149)) - node0 Stopped scavenging
2024-06-12 17:08:40,212 [ForkJoinPool.commonPool-worker-2] INFO  handler.ContextHandler (ContextHandler.java:doStop(1159)) - Stopped o.e.j.s.ServletContextHandler@400b4dd5{static,/static,file:///home/runner/work/ozone/ozone/hadoop-hdds/container-service/target/classes/webapps/static,STOPPED}
2024-06-12 17:08:40,212 [ForkJoinPool.commonPool-worker-2] INFO  handler.ContextHandler (ContextHandler.java:doStop(1159)) - Stopped o.e.j.s.ServletContextHandler@37b98741{logs,/logs,file:///home/runner/work/ozone/ozone/hadoop-ozone/integration-test/target/log,STOPPED}
2024-06-12 17:08:40,212 [ForkJoinPool.commonPool-worker-2] INFO  ozone.HddsDatanodeClientProtocolServer (HddsDatanodeClientProtocolServer.java:stop(83)) - Stopping the RPC server for Client Protocol
2024-06-12 17:08:40,212 [ForkJoinPool.commonPool-worker-2] INFO  ipc.Server (Server.java:stop(3523)) - Stopping server on 15072
2024-06-12 17:08:40,213 [IPC Server listener on 15072] INFO  ipc.Server (Server.java:run(1434)) - Stopping IPC Server listener on 15072
2024-06-12 17:08:40,213 [main] INFO  ozone.MiniOzoneClusterImpl (MiniOzoneClusterImpl.java:stopSCM(486)) - Stopping the StorageContainerManager
2024-06-12 17:08:40,213 [IPC Server Responder] INFO  ipc.Server (Server.java:run(1567)) - Stopping IPC Server Responder
2024-06-12 17:08:40,213 [main] INFO  server.StorageContainerManager (StorageContainerManager.java:stop(1630)) - Container Balancer is not running.
2024-06-12 17:08:40,214 [main] INFO  server.StorageContainerManager (StorageContainerManager.java:stopReplicationManager(1763)) - Stopping Replication Manager Service.
2024-06-12 17:08:40,214 [main] INFO  replication.ReplicationManager (ReplicationManager.java:stop(329)) - Stopping Replication Monitor Thread.
2024-06-12 17:08:40,214 [main] INFO  server.StorageContainerManager (StorageContainerManager.java:stop(1639)) - Stopping the Datanode Admin Monitor.
2024-06-12 17:08:40,214 [UnderReplicatedProcessor] WARN  replication.UnhealthyReplicationProcessor (UnhealthyReplicationProcessor.java:run(180)) - UnderReplicatedProcessor interrupted. Exiting...
2024-06-12 17:08:40,214 [OverReplicatedProcessor] WARN  replication.UnhealthyReplicationProcessor (UnhealthyReplicationProcessor.java:run(180)) - OverReplicatedProcessor interrupted. Exiting...
2024-06-12 17:08:40,214 [ReplicationMonitor] INFO  replication.ReplicationManager (ReplicationManager.java:run(938)) - Replication Monitor Thread is stopped
2024-06-12 17:08:40,214 [main] INFO  server.StorageContainerManager (StorageContainerManager.java:stop(1646)) - Stopping datanode service RPC server
2024-06-12 17:08:40,215 [main] INFO  server.SCMDatanodeProtocolServer (SCMDatanodeProtocolServer.java:stop(425)) - Stopping the RPC server for DataNodes
2024-06-12 17:08:40,215 [main] INFO  ipc.Server (Server.java:stop(3523)) - Stopping server on 15055
2024-06-12 17:08:40,216 [IPC Server listener on 15055] INFO  ipc.Server (Server.java:run(1434)) - Stopping IPC Server listener on 15055
2024-06-12 17:08:40,216 [IPC Server Responder] INFO  ipc.Server (Server.java:run(1567)) - Stopping IPC Server Responder
2024-06-12 17:08:40,245 [SCMHeartbeatProcessor-0] WARN  node.NodeStateManager (NodeStateManager.java:scheduleNextHealthCheck(883)) - Current Thread is interrupted, shutting down HB processing thread for Node Manager.
2024-06-12 17:08:40,245 [main] INFO  server.StorageContainerManager (StorageContainerManager.java:stop(1654)) - Stopping block service RPC server
2024-06-12 17:08:40,246 [main] INFO  server.SCMBlockProtocolServer (SCMBlockProtocolServer.java:stop(171)) - Stopping the RPC server for Block Protocol
2024-06-12 17:08:40,246 [main] INFO  ipc.Server (Server.java:stop(3523)) - Stopping server on 15054
2024-06-12 17:08:40,248 [IPC Server Responder] INFO  ipc.Server (Server.java:run(1567)) - Stopping IPC Server Responder
2024-06-12 17:08:40,248 [main] INFO  server.StorageContainerManager (StorageContainerManager.java:stop(1661)) - Stopping the StorageContainerLocationProtocol RPC server
2024-06-12 17:08:40,248 [IPC Server listener on 15054] INFO  ipc.Server (Server.java:run(1434)) - Stopping IPC Server listener on 15054
2024-06-12 17:08:40,248 [main] INFO  server.SCMClientProtocolServer (SCMClientProtocolServer.java:stop(213)) - Stopping the RPC server for Client Protocol
2024-06-12 17:08:40,249 [main] INFO  ipc.Server (Server.java:stop(3523)) - Stopping server on 15053
2024-06-12 17:08:40,252 [IPC Server listener on 15053] INFO  ipc.Server (Server.java:run(1434)) - Stopping IPC Server listener on 15053
2024-06-12 17:08:40,252 [IPC Server Responder] INFO  ipc.Server (Server.java:run(1567)) - Stopping IPC Server Responder
2024-06-12 17:08:40,252 [main] INFO  server.StorageContainerManager (StorageContainerManager.java:stop(1668)) - Stopping Storage Container Manager HTTP server.
2024-06-12 17:08:40,254 [main] INFO  handler.ContextHandler (ContextHandler.java:doStop(1159)) - Stopped o.e.j.w.WebAppContext@6f2f9ba4{scm,/,null,STOPPED}{file:/home/runner/work/ozone/ozone/hadoop-ozone/integration-test/target/test-classes/webapps/scm}
2024-06-12 17:08:40,255 [main] INFO  server.AbstractConnector (AbstractConnector.java:doStop(383)) - Stopped ServerConnector@6ec36f78{HTTP/1.1, (http/1.1)}{0.0.0.0:15056}
2024-06-12 17:08:40,255 [main] INFO  server.session (HouseKeeper.java:stopScavenging(149)) - node0 Stopped scavenging
2024-06-12 17:08:40,256 [main] INFO  handler.ContextHandler (ContextHandler.java:doStop(1159)) - Stopped o.e.j.s.ServletContextHandler@e9b227f{static,/static,file:///home/runner/work/ozone/ozone/hadoop-ozone/integration-test/target/test-classes/webapps/static,STOPPED}
2024-06-12 17:08:40,256 [main] INFO  handler.ContextHandler (ContextHandler.java:doStop(1159)) - Stopped o.e.j.s.ServletContextHandler@213031ce{logs,/logs,file:///home/runner/work/ozone/ozone/hadoop-ozone/integration-test/target/log,STOPPED}
2024-06-12 17:08:40,257 [main] INFO  server.StorageContainerManager (StorageContainerManager.java:stop(1676)) - Stopping SCM LayoutVersionManager Service.
2024-06-12 17:08:40,257 [main] INFO  server.StorageContainerManager (StorageContainerManager.java:stop(1688)) - Stopping Block Manager Service.
2024-06-12 17:08:40,258 [main] INFO  utils.BackgroundService (BackgroundService.java:shutdown(160)) - Shutting down service SCMBlockDeletingService
2024-06-12 17:08:40,258 [main] INFO  utils.BackgroundService (BackgroundService.java:shutdown(160)) - Shutting down service SCMBlockDeletingService
2024-06-12 17:08:40,258 [main] INFO  server.StorageContainerManager (StorageContainerManager.java:stop(1708)) - Stopping SCM Event Queue.
2024-06-12 17:08:40,259 [JvmPauseMonitor7] INFO  util.JvmPauseMonitor (JvmPauseMonitor.java:run(152)) - JvmPauseMonitor-2aaaa235-058c-47ab-a768-d56e94b27e30: Stopped
2024-06-12 17:08:40,259 [main] INFO  server.StorageContainerManager (StorageContainerManager.java:stop(1719)) - Stopping SCM HA services.
2024-06-12 17:08:40,260 [main] INFO  pipeline.BackgroundPipelineCreator (BackgroundPipelineCreator.java:stop(152)) - Stopping RatisPipelineUtilsThread.
2024-06-12 17:08:40,260 [RatisPipelineUtilsThread-0] WARN  pipeline.BackgroundPipelineCreator (BackgroundPipelineCreator.java:run(183)) - RatisPipelineUtilsThread is interrupted.
2024-06-12 17:08:40,260 [main] INFO  BackgroundPipelineScrubber (BackgroundSCMService.java:stop(128)) - Stopping BackgroundPipelineScrubber Service.
2024-06-12 17:08:40,260 [BackgroundPipelineScrubber] WARN  BackgroundPipelineScrubber (BackgroundSCMService.java:run(112)) - BackgroundPipelineScrubber is interrupted, exit
2024-06-12 17:08:40,260 [main] INFO  impl.MetricsSystemImpl (MetricsSystemImpl.java:stop(210)) - Stopping HddsDatanode metrics system...
2024-06-12 17:08:40,262 [prometheus] INFO  impl.MetricsSinkAdapter (MetricsSinkAdapter.java:publishMetricsFromQueue(141)) - prometheus thread interrupted.
2024-06-12 17:08:40,262 [main] INFO  impl.MetricsSystemImpl (MetricsSystemImpl.java:stop(216)) - HddsDatanode metrics system stopped.
2024-06-12 17:08:40,262 [main] WARN  pipeline.BackgroundPipelineCreator (BackgroundPipelineCreator.java:stop(148)) - RatisPipelineUtilsThread is not running, just ignore.
2024-06-12 17:08:40,262 [main] INFO  BackgroundPipelineScrubber (BackgroundSCMService.java:stop(123)) - BackgroundPipelineScrubber Service is not running, skip stop.
2024-06-12 17:08:40,262 [main] INFO  ExpiredContainerReplicaOpScrubber (BackgroundSCMService.java:stop(128)) - Stopping ExpiredContainerReplicaOpScrubber Service.
2024-06-12 17:08:40,263 [main] INFO  utils.BackgroundService (BackgroundService.java:shutdown(160)) - Shutting down service SCMBlockDeletingService
2024-06-12 17:08:40,262 [ExpiredContainerReplicaOpScrubber] WARN  ExpiredContainerReplicaOpScrubber (BackgroundSCMService.java:run(112)) - ExpiredContainerReplicaOpScrubber is interrupted, exit
2024-06-12 17:08:40,263 [main] INFO  replication.ReplicationManager (ReplicationManager.java:stop(339)) - Replication Monitor Thread is not running.
2024-06-12 17:08:40,263 [main] WARN  balancer.ContainerBalancer (ContainerBalancer.java:stop(327)) - Cannot stop Container Balancer because it's not running or stopping
2024-06-12 17:08:40,263 [main] INFO  server.StorageContainerManager (StorageContainerManager.java:stop(1754)) - Stopping SCM MetadataStore.
]]></system-out>
  </testcase>
  <testcase name="testDatanodeFailureWithPreAllocation(boolean)[1]" classname="org.apache.hadoop.ozone.client.rpc.TestBlockOutputStreamWithFailures" time="66.405"/>
  <testcase name="testDatanodeFailureWithPreAllocation(boolean)[2]" classname="org.apache.hadoop.ozone.client.rpc.TestBlockOutputStreamWithFailures" time="67.89"/>
  <testcase name="testContainerClose(boolean)[1]" classname="org.apache.hadoop.ozone.client.rpc.TestBlockOutputStreamWithFailures" time="33.686"/>
  <testcase name="testContainerClose(boolean)[2]" classname="org.apache.hadoop.ozone.client.rpc.TestBlockOutputStreamWithFailures" time="31.541"/>
</testsuite>