<?xml version="1.0" encoding="UTF-8"?>
<testsuite xmlns:xsi="http://www.w3.org/2001/XMLSchema-instance" xsi:noNamespaceSchemaLocation="https://maven.apache.org/surefire/maven-surefire-plugin/xsd/surefire-test-report.xsd" name="org.apache.hadoop.ozone.TestMiniOzoneCluster" time="219.364" tests="5" errors="1" skipped="0" failures="0">
  <properties>
    <property name="awt.toolkit" value="sun.awt.X11.XToolkit"/>
    <property name="file.encoding.pkg" value="sun.io"/>
    <property name="java.specification.version" value="1.8"/>
    <property name="sun.cpu.isalist" value=""/>
    <property name="sun.jnu.encoding" value="UTF-8"/>
    <property name="java.class.path" value="/home/runner/work/ozone/ozone/hadoop-ozone/integration-test/target/test-classes:/home/runner/work/ozone/ozone/hadoop-ozone/integration-test/target/classes:/home/runner/.m2/repository/org/apache/ozone/ozone-common/1.3.0-SNAPSHOT/ozone-common-1.3.0-SNAPSHOT.jar:/home/runner/.m2/repository/org/apache/commons/commons-compress/1.21/commons-compress-1.21.jar:/home/runner/.m2/repository/org/apache/ozone/hdds-common/1.3.0-SNAPSHOT/hdds-common-1.3.0-SNAPSHOT.jar:/home/runner/.m2/repository/org/apache/ozone/hdds-client/1.3.0-SNAPSHOT/hdds-client-1.3.0-SNAPSHOT.jar:/home/runner/.m2/repository/org/apache/ozone/ozone-interface-client/1.3.0-SNAPSHOT/ozone-interface-client-1.3.0-SNAPSHOT.jar:/home/runner/.m2/repository/org/apache/ozone/hdds-test-utils/1.3.0-SNAPSHOT/hdds-test-utils-1.3.0-SNAPSHOT.jar:/home/runner/.m2/repository/com/google/guava/guava/30.1.1-jre/guava-30.1.1-jre.jar:/home/runner/.m2/repository/com/google/guava/failureaccess/1.0.1/failureaccess-1.0.1.jar:/home/runner/.m2/repository/com/google/guava/listenablefuture/9999.0-empty-to-avoid-conflict-with-guava/listenablefuture-9999.0-empty-to-avoid-conflict-with-guava.jar:/home/runner/.m2/repository/com/google/code/findbugs/jsr305/3.0.0/jsr305-3.0.0.jar:/home/runner/.m2/repository/org/checkerframework/checker-qual/3.8.0/checker-qual-3.8.0.jar:/home/runner/.m2/repository/com/google/errorprone/error_prone_annotations/2.2.0/error_prone_annotations-2.2.0.jar:/home/runner/.m2/repository/com/google/j2objc/j2objc-annotations/1.3/j2objc-annotations-1.3.jar:/home/runner/.m2/repository/commons-io/commons-io/2.11.0/commons-io-2.11.0.jar:/home/runner/.m2/repository/commons-logging/commons-logging/1.2/commons-logging-1.2.jar:/home/runner/.m2/repository/log4j/log4j/1.2.17/log4j-1.2.17.jar:/home/runner/.m2/repository/org/slf4j/slf4j-api/1.7.30/slf4j-api-1.7.30.jar:/home/runner/.m2/repository/org/apache/ozone/hdds-server-scm/1.3.0-SNAPSHOT/hdds-server-scm-1.3.0-SNAPSHOT.jar:/home/runner/.m2/repository/org/apache/ozone/hdds-container-service/1.3.0-SNAPSHOT/hdds-container-service-1.3.0-SNAPSHOT.jar:/home/runner/.m2/repository/org/apache/ozone/hdds-hadoop-dependency-server/1.3.0-SNAPSHOT/hdds-hadoop-dependency-server-1.3.0-SNAPSHOT.jar:/home/runner/.m2/repository/org/apache/hadoop/hadoop-hdfs/3.3.1/hadoop-hdfs-3.3.1.jar:/home/runner/.m2/repository/org/apache/ozone/hdds-server-framework/1.3.0-SNAPSHOT/hdds-server-framework-1.3.0-SNAPSHOT.jar:/home/runner/.m2/repository/org/apache/ozone/hdds-interface-server/1.3.0-SNAPSHOT/hdds-interface-server-1.3.0-SNAPSHOT.jar:/home/runner/.m2/repository/org/eclipse/jetty/jetty-servlet/9.4.43.v20210629/jetty-servlet-9.4.43.v20210629.jar:/home/runner/.m2/repository/org/eclipse/jetty/jetty-security/9.4.43.v20210629/jetty-security-9.4.43.v20210629.jar:/home/runner/.m2/repository/org/rocksdb/rocksdbjni/6.25.3/rocksdbjni-6.25.3.jar:/home/runner/.m2/repository/io/prometheus/simpleclient_dropwizard/0.7.0/simpleclient_dropwizard-0.7.0.jar:/home/runner/.m2/repository/io/prometheus/simpleclient/0.7.0/simpleclient-0.7.0.jar:/home/runner/.m2/repository/io/prometheus/simpleclient_common/0.7.0/simpleclient_common-0.7.0.jar:/home/runner/.m2/repository/com/fasterxml/jackson/datatype/jackson-datatype-jsr310/2.12.1/jackson-datatype-jsr310-2.12.1.jar:/home/runner/.m2/repository/io/dropwizard/metrics/metrics-core/3.2.4/metrics-core-3.2.4.jar:/home/runner/.m2/repository/org/apache/hadoop/hadoop-hdfs-client/3.3.1/hadoop-hdfs-client-3.3.1.jar:/home/runner/.m2/repository/org/bouncycastle/bcprov-jdk15on/1.67/bcprov-jdk15on-1.67.jar:/home/runner/.m2/repository/com/google/protobuf/protobuf-java/2.5.0/protobuf-java-2.5.0.jar:/home/runner/.m2/repository/org/apache/ozone/ozone-manager/1.3.0-SNAPSHOT/ozone-manager-1.3.0-SNAPSHOT.jar:/home/runner/.m2/repository/org/aspectj/aspectjrt/1.9.7/aspectjrt-1.9.7.jar:/home/runner/.m2/repository/org/aspectj/aspectjweaver/1.9.7/aspectjweaver-1.9.7.jar:/home/runner/.m2/repository/org/apache/ozone/hdds-interface-client/1.3.0-SNAPSHOT/hdds-interface-client-1.3.0-SNAPSHOT.jar:/home/runner/.m2/repository/org/apache/hadoop/thirdparty/hadoop-shaded-protobuf_3_7/1.1.1/hadoop-shaded-protobuf_3_7-1.1.1.jar:/home/runner/.m2/repository/org/apache/ozone/ozone-interface-storage/1.3.0-SNAPSHOT/ozone-interface-storage-1.3.0-SNAPSHOT.jar:/home/runner/.m2/repository/org/reflections/reflections/0.9.11/reflections-0.9.11.jar:/home/runner/.m2/repository/org/apache/hadoop/hadoop-minikdc/3.3.1/hadoop-minikdc-3.3.1.jar:/home/runner/.m2/repository/org/apache/kerby/kerb-simplekdc/1.0.1/kerb-simplekdc-1.0.1.jar:/home/runner/.m2/repository/org/apache/kerby/kerb-client/1.0.1/kerb-client-1.0.1.jar:/home/runner/.m2/repository/org/apache/kerby/kerby-config/1.0.1/kerby-config-1.0.1.jar:/home/runner/.m2/repository/org/apache/kerby/kerb-common/1.0.1/kerb-common-1.0.1.jar:/home/runner/.m2/repository/org/apache/kerby/kerb-crypto/1.0.1/kerb-crypto-1.0.1.jar:/home/runner/.m2/repository/org/apache/kerby/kerb-util/1.0.1/kerb-util-1.0.1.jar:/home/runner/.m2/repository/org/apache/kerby/token-provider/1.0.1/token-provider-1.0.1.jar:/home/runner/.m2/repository/org/apache/kerby/kerb-admin/1.0.1/kerb-admin-1.0.1.jar:/home/runner/.m2/repository/org/apache/kerby/kerb-server/1.0.1/kerb-server-1.0.1.jar:/home/runner/.m2/repository/org/apache/kerby/kerb-identity/1.0.1/kerb-identity-1.0.1.jar:/home/runner/.m2/repository/org/apache/kerby/kerby-xdr/1.0.1/kerby-xdr-1.0.1.jar:/home/runner/.m2/repository/org/slf4j/slf4j-log4j12/1.7.30/slf4j-log4j12-1.7.30.jar:/home/runner/.m2/repository/org/apache/ozone/ozone-s3gateway/1.3.0-SNAPSHOT/ozone-s3gateway-1.3.0-SNAPSHOT.jar:/home/runner/.m2/repository/org/javassist/javassist/3.21.0-GA/javassist-3.21.0-GA.jar:/home/runner/.m2/repository/org/jboss/weld/servlet/weld-servlet/2.4.7.Final/weld-servlet-2.4.7.Final.jar:/home/runner/.m2/repository/org/glassfish/jersey/containers/jersey-container-servlet-core/2.33/jersey-container-servlet-core-2.33.jar:/home/runner/.m2/repository/org/glassfish/hk2/external/jakarta.inject/2.6.1/jakarta.inject-2.6.1.jar:/home/runner/.m2/repository/org/glassfish/jersey/core/jersey-common/2.33/jersey-common-2.33.jar:/home/runner/.m2/repository/jakarta/ws/rs/jakarta.ws.rs-api/2.1.6/jakarta.ws.rs-api-2.1.6.jar:/home/runner/.m2/repository/org/glassfish/jersey/ext/cdi/jersey-cdi1x/2.33/jersey-cdi1x-2.33.jar:/home/runner/.m2/repository/org/glassfish/jersey/inject/jersey-hk2/2.33/jersey-hk2-2.33.jar:/home/runner/.m2/repository/org/glassfish/hk2/hk2-locator/2.6.1/hk2-locator-2.6.1.jar:/home/runner/.m2/repository/org/glassfish/jersey/media/jersey-media-jaxb/2.33/jersey-media-jaxb-2.33.jar:/home/runner/.m2/repository/org/glassfish/hk2/osgi-resource-locator/1.0.3/osgi-resource-locator-1.0.3.jar:/home/runner/.m2/repository/org/glassfish/hk2/hk2-api/2.5.0/hk2-api-2.5.0.jar:/home/runner/.m2/repository/org/glassfish/hk2/hk2-utils/2.5.0/hk2-utils-2.5.0.jar:/home/runner/.m2/repository/org/glassfish/hk2/external/aopalliance-repackaged/2.5.0/aopalliance-repackaged-2.5.0.jar:/home/runner/.m2/repository/com/fasterxml/jackson/dataformat/jackson-dataformat-xml/2.12.1/jackson-dataformat-xml-2.12.1.jar:/home/runner/.m2/repository/com/fasterxml/jackson/core/jackson-core/2.12.1/jackson-core-2.12.1.jar:/home/runner/.m2/repository/com/fasterxml/jackson/module/jackson-module-jaxb-annotations/2.12.1/jackson-module-jaxb-annotations-2.12.1.jar:/home/runner/.m2/repository/jakarta/xml/bind/jakarta.xml.bind-api/2.3.2/jakarta.xml.bind-api-2.3.2.jar:/home/runner/.m2/repository/org/codehaus/woodstox/stax2-api/3.1.4/stax2-api-3.1.4.jar:/home/runner/.m2/repository/com/fasterxml/woodstox/woodstox-core/5.0.3/woodstox-core-5.0.3.jar:/home/runner/.m2/repository/javax/enterprise/cdi-api/1.2/cdi-api-1.2.jar:/home/runner/.m2/repository/javax/el/javax.el-api/3.0.0/javax.el-api-3.0.0.jar:/home/runner/.m2/repository/javax/interceptor/javax.interceptor-api/1.2/javax.interceptor-api-1.2.jar:/home/runner/.m2/repository/javax/inject/javax.inject/1/javax.inject-1.jar:/home/runner/.m2/repository/javax/xml/bind/jaxb-api/2.3.0/jaxb-api-2.3.0.jar:/home/runner/.m2/repository/org/glassfish/jaxb/jaxb-runtime/2.3.0.1/jaxb-runtime-2.3.0.1.jar:/home/runner/.m2/repository/org/glassfish/jaxb/jaxb-core/2.3.0.1/jaxb-core-2.3.0.1.jar:/home/runner/.m2/repository/org/glassfish/jaxb/txw2/2.3.0.1/txw2-2.3.0.1.jar:/home/runner/.m2/repository/com/sun/istack/istack-commons-runtime/3.0.5/istack-commons-runtime-3.0.5.jar:/home/runner/.m2/repository/org/jvnet/staxex/stax-ex/1.7.8/stax-ex-1.7.8.jar:/home/runner/.m2/repository/com/sun/xml/fastinfoset/FastInfoset/1.2.13/FastInfoset-1.2.13.jar:/home/runner/.m2/repository/javax/activation/activation/1.1.1/activation-1.1.1.jar:/home/runner/.m2/repository/org/apache/ozone/ozone-csi/1.3.0-SNAPSHOT/ozone-csi-1.3.0-SNAPSHOT.jar:/home/runner/.m2/repository/com/google/protobuf/protobuf-java-util/3.12.0/protobuf-java-util-3.12.0.jar:/home/runner/.m2/repository/com/google/code/gson/gson/2.2.4/gson-2.2.4.jar:/home/runner/.m2/repository/org/apache/ozone/hdds-config/1.3.0-SNAPSHOT/hdds-config-1.3.0-SNAPSHOT.jar:/home/runner/.m2/repository/io/grpc/grpc-netty/1.33.0/grpc-netty-1.33.0.jar:/home/runner/.m2/repository/io/grpc/grpc-core/1.33.0/grpc-core-1.33.0.jar:/home/runner/.m2/repository/com/google/android/annotations/4.1.1.4/annotations-4.1.1.4.jar:/home/runner/.m2/repository/io/netty/netty-codec-http2/4.1.63.Final/netty-codec-http2-4.1.63.Final.jar:/home/runner/.m2/repository/io/netty/netty-codec-http/4.1.63.Final/netty-codec-http-4.1.63.Final.jar:/home/runner/.m2/repository/io/netty/netty-handler-proxy/4.1.63.Final/netty-handler-proxy-4.1.63.Final.jar:/home/runner/.m2/repository/io/netty/netty-codec-socks/4.1.63.Final/netty-codec-socks-4.1.63.Final.jar:/home/runner/.m2/repository/io/perfmark/perfmark-api/0.19.0/perfmark-api-0.19.0.jar:/home/runner/.m2/repository/org/codehaus/mojo/animal-sniffer-annotations/1.18/animal-sniffer-annotations-1.18.jar:/home/runner/.m2/repository/io/netty/netty-transport-native-epoll/4.1.63.Final/netty-transport-native-epoll-4.1.63.Final.jar:/home/runner/.m2/repository/io/netty/netty-common/4.1.63.Final/netty-common-4.1.63.Final.jar:/home/runner/.m2/repository/io/netty/netty-buffer/4.1.63.Final/netty-buffer-4.1.63.Final.jar:/home/runner/.m2/repository/io/netty/netty-transport-native-unix-common/4.1.63.Final/netty-transport-native-unix-common-4.1.63.Final.jar:/home/runner/.m2/repository/io/grpc/grpc-protobuf/1.33.0/grpc-protobuf-1.33.0.jar:/home/runner/.m2/repository/io/grpc/grpc-api/1.33.0/grpc-api-1.33.0.jar:/home/runner/.m2/repository/io/grpc/grpc-context/1.33.0/grpc-context-1.33.0.jar:/home/runner/.m2/repository/com/google/api/grpc/proto-google-common-protos/1.17.0/proto-google-common-protos-1.17.0.jar:/home/runner/.m2/repository/io/grpc/grpc-protobuf-lite/1.33.0/grpc-protobuf-lite-1.33.0.jar:/home/runner/.m2/repository/io/grpc/grpc-stub/1.33.0/grpc-stub-1.33.0.jar:/home/runner/.m2/repository/org/apache/ozone/ozone-recon/1.3.0-SNAPSHOT/ozone-recon-1.3.0-SNAPSHOT.jar:/home/runner/.m2/repository/org/apache/ozone/ozone-reconcodegen/1.3.0-SNAPSHOT/ozone-reconcodegen-1.3.0-SNAPSHOT.jar:/home/runner/.m2/repository/com/google/inject/extensions/guice-multibindings/4.0/guice-multibindings-4.0.jar:/home/runner/.m2/repository/com/google/inject/guice/4.0/guice-4.0.jar:/home/runner/.m2/repository/aopalliance/aopalliance/1.0/aopalliance-1.0.jar:/home/runner/.m2/repository/com/google/inject/extensions/guice-assistedinject/4.0/guice-assistedinject-4.0.jar:/home/runner/.m2/repository/com/google/inject/extensions/guice-servlet/4.0/guice-servlet-4.0.jar:/home/runner/.m2/repository/org/glassfish/jersey/containers/jersey-container-servlet/2.33/jersey-container-servlet-2.33.jar:/home/runner/.m2/repository/org/glassfish/hk2/guice-bridge/2.5.0/guice-bridge-2.5.0.jar:/home/runner/.m2/repository/org/glassfish/jersey/core/jersey-server/2.33/jersey-server-2.33.jar:/home/runner/.m2/repository/org/glassfish/jersey/core/jersey-client/2.33/jersey-client-2.33.jar:/home/runner/.m2/repository/jakarta/annotation/jakarta.annotation-api/1.3.5/jakarta.annotation-api-1.3.5.jar:/home/runner/.m2/repository/jakarta/validation/jakarta.validation-api/2.0.2/jakarta.validation-api-2.0.2.jar:/home/runner/.m2/repository/org/glassfish/jersey/media/jersey-media-json-jackson/2.33/jersey-media-json-jackson-2.33.jar:/home/runner/.m2/repository/org/glassfish/jersey/ext/jersey-entity-filtering/2.33/jersey-entity-filtering-2.33.jar:/home/runner/.m2/repository/org/jooq/jooq/3.11.10/jooq-3.11.10.jar:/home/runner/.m2/repository/org/jooq/jooq-meta/3.11.10/jooq-meta-3.11.10.jar:/home/runner/.m2/repository/org/jooq/jooq-codegen/3.11.10/jooq-codegen-3.11.10.jar:/home/runner/.m2/repository/com/jolbox/bonecp/0.8.0.RELEASE/bonecp-0.8.0.RELEASE.jar:/home/runner/.m2/repository/org/apache/derby/derby/10.14.2.0/derby-10.14.2.0.jar:/home/runner/.m2/repository/org/xerial/sqlite-jdbc/3.25.2/sqlite-jdbc-3.25.2.jar:/home/runner/.m2/repository/org/springframework/spring-jdbc/5.2.18.RELEASE/spring-jdbc-5.2.18.RELEASE.jar:/home/runner/.m2/repository/org/springframework/spring-beans/5.2.18.RELEASE/spring-beans-5.2.18.RELEASE.jar:/home/runner/.m2/repository/org/springframework/spring-core/5.2.18.RELEASE/spring-core-5.2.18.RELEASE.jar:/home/runner/.m2/repository/org/springframework/spring-jcl/5.2.18.RELEASE/spring-jcl-5.2.18.RELEASE.jar:/home/runner/.m2/repository/org/springframework/spring-tx/5.2.18.RELEASE/spring-tx-5.2.18.RELEASE.jar:/home/runner/.m2/repository/org/apache/ozone/ozone-client/1.3.0-SNAPSHOT/ozone-client-1.3.0-SNAPSHOT.jar:/home/runner/.m2/repository/org/apache/ozone/ozone-filesystem/1.3.0-SNAPSHOT/ozone-filesystem-1.3.0-SNAPSHOT.jar:/home/runner/.m2/repository/org/apache/ozone/ozone-filesystem-common/1.3.0-SNAPSHOT/ozone-filesystem-common-1.3.0-SNAPSHOT.jar:/home/runner/.m2/repository/org/apache/ozone/ozone-tools/1.3.0-SNAPSHOT/ozone-tools-1.3.0-SNAPSHOT.jar:/home/runner/.m2/repository/org/apache/ratis/ratis-tools/2.2.0/ratis-tools-2.2.0.jar:/home/runner/.m2/repository/com/amazonaws/aws-java-sdk-core/1.12.124/aws-java-sdk-core-1.12.124.jar:/home/runner/.m2/repository/org/apache/httpcomponents/httpclient/4.5.13/httpclient-4.5.13.jar:/home/runner/.m2/repository/org/apache/httpcomponents/httpcore/4.4.13/httpcore-4.4.13.jar:/home/runner/.m2/repository/software/amazon/ion/ion-java/1.0.2/ion-java-1.0.2.jar:/home/runner/.m2/repository/com/fasterxml/jackson/dataformat/jackson-dataformat-cbor/2.12.1/jackson-dataformat-cbor-2.12.1.jar:/home/runner/.m2/repository/joda-time/joda-time/2.8.1/joda-time-2.8.1.jar:/home/runner/.m2/repository/com/amazonaws/aws-java-sdk-s3/1.12.124/aws-java-sdk-s3-1.12.124.jar:/home/runner/.m2/repository/com/amazonaws/aws-java-sdk-kms/1.12.124/aws-java-sdk-kms-1.12.124.jar:/home/runner/.m2/repository/com/amazonaws/jmespath-java/1.12.124/jmespath-java-1.12.124.jar:/home/runner/.m2/repository/org/kohsuke/metainf-services/metainf-services/1.8/metainf-services-1.8.jar:/home/runner/.m2/repository/org/apache/ozone/hdds-tools/1.3.0-SNAPSHOT/hdds-tools-1.3.0-SNAPSHOT.jar:/home/runner/.m2/repository/commons-cli/commons-cli/1.2/commons-cli-1.2.jar:/home/runner/.m2/repository/org/apache/commons/commons-lang3/3.7/commons-lang3-3.7.jar:/home/runner/.m2/repository/org/apache/ozone/ozone-manager/1.3.0-SNAPSHOT/ozone-manager-1.3.0-SNAPSHOT-tests.jar:/home/runner/.m2/repository/org/apache/ozone/hdds-common/1.3.0-SNAPSHOT/hdds-common-1.3.0-SNAPSHOT-tests.jar:/home/runner/.m2/repository/org/apache/ozone/hdds-hadoop-dependency-client/1.3.0-SNAPSHOT/hdds-hadoop-dependency-client-1.3.0-SNAPSHOT.jar:/home/runner/.m2/repository/info/picocli/picocli/4.6.1/picocli-4.6.1.jar:/home/runner/.m2/repository/com/fasterxml/jackson/core/jackson-annotations/2.12.1/jackson-annotations-2.12.1.jar:/home/runner/.m2/repository/javax/annotation/javax.annotation-api/1.2/javax.annotation-api-1.2.jar:/home/runner/.m2/repository/org/apache/ratis/ratis-server/2.2.0/ratis-server-2.2.0.jar:/home/runner/.m2/repository/org/apache/ratis/ratis-client/2.2.0/ratis-client-2.2.0.jar:/home/runner/.m2/repository/org/apache/ratis/ratis-server-api/2.2.0/ratis-server-api-2.2.0.jar:/home/runner/.m2/repository/org/apache/ratis/ratis-metrics/2.2.0/ratis-metrics-2.2.0.jar:/home/runner/.m2/repository/org/apache/ratis/ratis-netty/2.2.0/ratis-netty-2.2.0.jar:/home/runner/.m2/repository/org/apache/ratis/ratis-grpc/2.2.0/ratis-grpc-2.2.0.jar:/home/runner/.m2/repository/org/apache/logging/log4j/log4j-api/2.17.1/log4j-api-2.17.1.jar:/home/runner/.m2/repository/org/apache/logging/log4j/log4j-core/2.17.1/log4j-core-2.17.1.jar:/home/runner/.m2/repository/com/lmax/disruptor/3.4.2/disruptor-3.4.2.jar:/home/runner/.m2/repository/org/apache/commons/commons-pool2/2.6.0/commons-pool2-2.6.0.jar:/home/runner/.m2/repository/org/bouncycastle/bcpkix-jdk15on/1.67/bcpkix-jdk15on-1.67.jar:/home/runner/.m2/repository/commons-validator/commons-validator/1.6/commons-validator-1.6.jar:/home/runner/.m2/repository/commons-beanutils/commons-beanutils/1.9.4/commons-beanutils-1.9.4.jar:/home/runner/.m2/repository/commons-digester/commons-digester/1.8.1/commons-digester-1.8.1.jar:/home/runner/.m2/repository/commons-collections/commons-collections/3.2.2/commons-collections-3.2.2.jar:/home/runner/.m2/repository/io/jaegertracing/jaeger-client/1.6.0/jaeger-client-1.6.0.jar:/home/runner/.m2/repository/io/jaegertracing/jaeger-thrift/1.6.0/jaeger-thrift-1.6.0.jar:/home/runner/.m2/repository/org/apache/thrift/libthrift/0.14.1/libthrift-0.14.1.jar:/home/runner/.m2/repository/com/squareup/okhttp3/okhttp/4.9.0/okhttp-4.9.0.jar:/home/runner/.m2/repository/com/squareup/okio/okio/2.8.0/okio-2.8.0.jar:/home/runner/.m2/repository/io/jaegertracing/jaeger-core/1.6.0/jaeger-core-1.6.0.jar:/home/runner/.m2/repository/io/jaegertracing/jaeger-tracerresolver/1.6.0/jaeger-tracerresolver-1.6.0.jar:/home/runner/.m2/repository/io/opentracing/contrib/opentracing-tracerresolver/0.1.8/opentracing-tracerresolver-0.1.8.jar:/home/runner/.m2/repository/org/jetbrains/kotlin/kotlin-stdlib/1.4.31/kotlin-stdlib-1.4.31.jar:/home/runner/.m2/repository/org/jetbrains/kotlin/kotlin-stdlib-common/1.4.31/kotlin-stdlib-common-1.4.31.jar:/home/runner/.m2/repository/org/jetbrains/annotations/13.0/annotations-13.0.jar:/home/runner/.m2/repository/io/opentracing/opentracing-util/0.33.0/opentracing-util-0.33.0.jar:/home/runner/.m2/repository/io/opentracing/opentracing-api/0.33.0/opentracing-api-0.33.0.jar:/home/runner/.m2/repository/io/opentracing/opentracing-noop/0.33.0/opentracing-noop-0.33.0.jar:/home/runner/.m2/repository/org/yaml/snakeyaml/1.26/snakeyaml-1.26.jar:/home/runner/.m2/repository/org/apache/ozone/hdds-interface-admin/1.3.0-SNAPSHOT/hdds-interface-admin-1.3.0-SNAPSHOT.jar:/home/runner/.m2/repository/junit/junit/4.13.1/junit-4.13.1.jar:/home/runner/.m2/repository/org/hamcrest/hamcrest-core/1.3/hamcrest-core-1.3.jar:/home/runner/.m2/repository/org/junit/jupiter/junit-jupiter-api/5.7.0/junit-jupiter-api-5.7.0.jar:/home/runner/.m2/repository/org/apiguardian/apiguardian-api/1.1.0/apiguardian-api-1.1.0.jar:/home/runner/.m2/repository/org/opentest4j/opentest4j/1.2.0/opentest4j-1.2.0.jar:/home/runner/.m2/repository/org/junit/platform/junit-platform-commons/1.7.0/junit-platform-commons-1.7.0.jar:/home/runner/.m2/repository/org/junit/jupiter/junit-jupiter-engine/5.7.0/junit-jupiter-engine-5.7.0.jar:/home/runner/.m2/repository/org/junit/platform/junit-platform-engine/1.7.0/junit-platform-engine-1.7.0.jar:/home/runner/.m2/repository/org/junit/vintage/junit-vintage-engine/5.7.0/junit-vintage-engine-5.7.0.jar:/home/runner/.m2/repository/org/junit/platform/junit-platform-launcher/1.7.0/junit-platform-launcher-1.7.0.jar:/home/runner/.m2/repository/org/mockito/mockito-core/2.28.2/mockito-core-2.28.2.jar:/home/runner/.m2/repository/net/bytebuddy/byte-buddy/1.9.10/byte-buddy-1.9.10.jar:/home/runner/.m2/repository/net/bytebuddy/byte-buddy-agent/1.9.10/byte-buddy-agent-1.9.10.jar:/home/runner/.m2/repository/org/objenesis/objenesis/1.0/objenesis-1.0.jar:/home/runner/.m2/repository/org/apache/hadoop/hadoop-kms/3.3.1/hadoop-kms-3.3.1.jar:/home/runner/.m2/repository/org/apache/hadoop/hadoop-auth/3.3.1/hadoop-auth-3.3.1.jar:/home/runner/.m2/repository/com/nimbusds/nimbus-jose-jwt/7.9/nimbus-jose-jwt-7.9.jar:/home/runner/.m2/repository/com/github/stephenc/jcip/jcip-annotations/1.0-1/jcip-annotations-1.0-1.jar:/home/runner/.m2/repository/net/minidev/json-smart/2.3.1/json-smart-2.3.1.jar:/home/runner/.m2/repository/net/minidev/accessors-smart/2.3.1/accessors-smart-2.3.1.jar:/home/runner/.m2/repository/org/ow2/asm/asm/5.0.4/asm-5.0.4.jar:/home/runner/.m2/repository/org/apache/zookeeper/zookeeper/3.5.6/zookeeper-3.5.6.jar:/home/runner/.m2/repository/org/apache/zookeeper/zookeeper-jute/3.5.6/zookeeper-jute-3.5.6.jar:/home/runner/.m2/repository/org/apache/yetus/audience-annotations/0.5.0/audience-annotations-0.5.0.jar:/home/runner/.m2/repository/org/apache/curator/curator-framework/4.2.0/curator-framework-4.2.0.jar:/home/runner/.m2/repository/org/apache/hadoop/thirdparty/hadoop-shaded-guava/1.1.1/hadoop-shaded-guava-1.1.1.jar:/home/runner/.m2/repository/com/sun/jersey/jersey-core/1.19/jersey-core-1.19.jar:/home/runner/.m2/repository/javax/ws/rs/jsr311-api/1.1.1/jsr311-api-1.1.1.jar:/home/runner/.m2/repository/com/sun/jersey/jersey-server/1.19/jersey-server-1.19.jar:/home/runner/.m2/repository/javax/servlet/javax.servlet-api/3.1.0/javax.servlet-api-3.1.0.jar:/home/runner/.m2/repository/org/eclipse/jetty/jetty-server/9.4.43.v20210629/jetty-server-9.4.43.v20210629.jar:/home/runner/.m2/repository/org/eclipse/jetty/jetty-http/9.4.43.v20210629/jetty-http-9.4.43.v20210629.jar:/home/runner/.m2/repository/org/eclipse/jetty/jetty-io/9.4.43.v20210629/jetty-io-9.4.43.v20210629.jar:/home/runner/.m2/repository/org/eclipse/jetty/jetty-webapp/9.4.43.v20210629/jetty-webapp-9.4.43.v20210629.jar:/home/runner/.m2/repository/org/eclipse/jetty/jetty-xml/9.4.43.v20210629/jetty-xml-9.4.43.v20210629.jar:/home/runner/.m2/repository/org/apache/hadoop/hadoop-common/3.3.1/hadoop-common-3.3.1.jar:/home/runner/.m2/repository/org/apache/commons/commons-math3/3.1.1/commons-math3-3.1.1.jar:/home/runner/.m2/repository/commons-net/commons-net/3.6/commons-net-3.6.jar:/home/runner/.m2/repository/jakarta/activation/jakarta.activation-api/1.2.1/jakarta.activation-api-1.2.1.jar:/home/runner/.m2/repository/com/sun/jersey/jersey-servlet/1.19/jersey-servlet-1.19.jar:/home/runner/.m2/repository/com/sun/jersey/jersey-json/1.19/jersey-json-1.19.jar:/home/runner/.m2/repository/org/codehaus/jettison/jettison/1.1/jettison-1.1.jar:/home/runner/.m2/repository/com/sun/xml/bind/jaxb-impl/2.2.3-1/jaxb-impl-2.2.3-1.jar:/home/runner/.m2/repository/org/codehaus/jackson/jackson-jaxrs/1.9.2/jackson-jaxrs-1.9.2.jar:/home/runner/.m2/repository/org/codehaus/jackson/jackson-xc/1.9.2/jackson-xc-1.9.2.jar:/home/runner/.m2/repository/org/apache/commons/commons-configuration2/2.1.1/commons-configuration2-2.1.1.jar:/home/runner/.m2/repository/org/apache/commons/commons-text/1.4/commons-text-1.4.jar:/home/runner/.m2/repository/com/google/re2j/re2j/1.1/re2j-1.1.jar:/home/runner/.m2/repository/com/jcraft/jsch/0.1.54/jsch-0.1.54.jar:/home/runner/.m2/repository/org/apache/curator/curator-client/4.2.0/curator-client-4.2.0.jar:/home/runner/.m2/repository/org/apache/curator/curator-recipes/4.2.0/curator-recipes-4.2.0.jar:/home/runner/.m2/repository/org/apache/kerby/kerb-core/1.0.1/kerb-core-1.0.1.jar:/home/runner/.m2/repository/org/apache/kerby/kerby-pkix/1.0.1/kerby-pkix-1.0.1.jar:/home/runner/.m2/repository/org/apache/kerby/kerby-asn1/1.0.1/kerby-asn1-1.0.1.jar:/home/runner/.m2/repository/org/apache/kerby/kerby-util/1.0.1/kerby-util-1.0.1.jar:/home/runner/.m2/repository/dnsjava/dnsjava/2.1.7/dnsjava-2.1.7.jar:/home/runner/.m2/repository/org/xerial/snappy/snappy-java/1.1.8.2/snappy-java-1.1.8.2.jar:/home/runner/.m2/repository/org/slf4j/jul-to-slf4j/1.7.30/jul-to-slf4j-1.7.30.jar:/home/runner/.m2/repository/org/eclipse/jetty/jetty-util/9.4.43.v20210629/jetty-util-9.4.43.v20210629.jar:/home/runner/.m2/repository/com/fasterxml/jackson/core/jackson-databind/2.12.1/jackson-databind-2.12.1.jar:/home/runner/.m2/repository/org/apache/hadoop/hadoop-kms/3.3.1/hadoop-kms-3.3.1-tests.jar:/home/runner/.m2/repository/org/apache/ozone/hdds-server-scm/1.3.0-SNAPSHOT/hdds-server-scm-1.3.0-SNAPSHOT-tests.jar:/home/runner/.m2/repository/org/apache/ozone/hdds-container-service/1.3.0-SNAPSHOT/hdds-container-service-1.3.0-SNAPSHOT-tests.jar:/home/runner/.m2/repository/commons-codec/commons-codec/1.11/commons-codec-1.11.jar:/home/runner/.m2/repository/io/netty/netty-transport/4.1.63.Final/netty-transport-4.1.63.Final.jar:/home/runner/.m2/repository/io/netty/netty-resolver/4.1.63.Final/netty-resolver-4.1.63.Final.jar:/home/runner/.m2/repository/io/netty/netty-codec/4.1.63.Final/netty-codec-4.1.63.Final.jar:/home/runner/.m2/repository/io/netty/netty-handler/4.1.63.Final/netty-handler-4.1.63.Final.jar:/home/runner/.m2/repository/org/apache/ozone/hdds-hadoop-dependency-test/1.3.0-SNAPSHOT/hdds-hadoop-dependency-test-1.3.0-SNAPSHOT.jar:/home/runner/.m2/repository/org/apache/hadoop/hadoop-common/3.3.1/hadoop-common-3.3.1-tests.jar:/home/runner/.m2/repository/org/assertj/assertj-core/3.12.2/assertj-core-3.12.2.jar:/home/runner/.m2/repository/org/apache/hadoop/hadoop-hdfs/3.3.1/hadoop-hdfs-3.3.1-tests.jar:/home/runner/.m2/repository/org/eclipse/jetty/jetty-util-ajax/9.4.43.v20210629/jetty-util-ajax-9.4.43.v20210629.jar:/home/runner/.m2/repository/commons-daemon/commons-daemon/1.0.13/commons-daemon-1.0.13.jar:/home/runner/.m2/repository/io/netty/netty/3.10.6.Final/netty-3.10.6.Final.jar:/home/runner/.m2/repository/io/netty/netty-all/4.1.63.Final/netty-all-4.1.63.Final.jar:/home/runner/.m2/repository/org/apache/htrace/htrace-core4/4.1.0-incubating/htrace-core4-4.1.0-incubating.jar:/home/runner/.m2/repository/org/fusesource/leveldbjni/leveldbjni-all/1.8/leveldbjni-all-1.8.jar:/home/runner/.m2/repository/org/apache/hadoop/hadoop-distcp/3.3.1/hadoop-distcp-3.3.1.jar:/home/runner/.m2/repository/org/apache/hadoop/hadoop-mapreduce-client-jobclient/3.3.1/hadoop-mapreduce-client-jobclient-3.3.1.jar:/home/runner/.m2/repository/org/apache/hadoop/hadoop-mapreduce-client-common/3.3.1/hadoop-mapreduce-client-common-3.3.1.jar:/home/runner/.m2/repository/org/apache/hadoop/hadoop-yarn-common/3.3.1/hadoop-yarn-common-3.3.1.jar:/home/runner/.m2/repository/org/apache/hadoop/hadoop-yarn-api/3.3.1/hadoop-yarn-api-3.3.1.jar:/home/runner/.m2/repository/com/sun/jersey/jersey-client/1.19/jersey-client-1.19.jar:/home/runner/.m2/repository/com/sun/jersey/contribs/jersey-guice/1.19/jersey-guice-1.19.jar:/home/runner/.m2/repository/com/fasterxml/jackson/jaxrs/jackson-jaxrs-json-provider/2.12.1/jackson-jaxrs-json-provider-2.12.1.jar:/home/runner/.m2/repository/com/fasterxml/jackson/jaxrs/jackson-jaxrs-base/2.12.1/jackson-jaxrs-base-2.12.1.jar:/home/runner/.m2/repository/org/apache/hadoop/hadoop-yarn-client/3.3.1/hadoop-yarn-client-3.3.1.jar:/home/runner/.m2/repository/org/eclipse/jetty/websocket/websocket-client/9.4.40.v20210413/websocket-client-9.4.40.v20210413.jar:/home/runner/.m2/repository/org/eclipse/jetty/jetty-client/9.4.40.v20210413/jetty-client-9.4.40.v20210413.jar:/home/runner/.m2/repository/org/eclipse/jetty/websocket/websocket-common/9.4.40.v20210413/websocket-common-9.4.40.v20210413.jar:/home/runner/.m2/repository/org/eclipse/jetty/websocket/websocket-api/9.4.40.v20210413/websocket-api-9.4.40.v20210413.jar:/home/runner/.m2/repository/org/jline/jline/3.9.0/jline-3.9.0.jar:/home/runner/.m2/repository/org/apache/hadoop/hadoop-mapreduce-client-core/3.3.1/hadoop-mapreduce-client-core-3.3.1.jar:/home/runner/.m2/repository/org/apache/avro/avro/1.7.7/avro-1.7.7.jar:/home/runner/.m2/repository/org/codehaus/jackson/jackson-core-asl/1.9.13/jackson-core-asl-1.9.13.jar:/home/runner/.m2/repository/org/codehaus/jackson/jackson-mapper-asl/1.9.13/jackson-mapper-asl-1.9.13.jar:/home/runner/.m2/repository/com/thoughtworks/paranamer/paranamer/2.3/paranamer-2.3.jar:/home/runner/.m2/repository/org/apache/hadoop/hadoop-annotations/3.3.1/hadoop-annotations-3.3.1.jar:/usr/lib/jvm/temurin-8-jdk-amd64/jre/../lib/tools.jar:/home/runner/.m2/repository/org/apache/hadoop/hadoop-distcp/3.3.1/hadoop-distcp-3.3.1-tests.jar:/home/runner/.m2/repository/org/apache/ratis/ratis-common/2.2.0/ratis-common-2.2.0.jar:/home/runner/.m2/repository/org/apache/ratis/ratis-thirdparty-misc/0.7.0/ratis-thirdparty-misc-0.7.0.jar:/home/runner/.m2/repository/org/apache/ratis/ratis-proto/2.2.0/ratis-proto-2.2.0.jar:"/>
    <property name="java.vm.vendor" value="Temurin"/>
    <property name="sun.arch.data.model" value="64"/>
    <property name="test.build.dir" value="/home/runner/work/ozone/ozone/hadoop-ozone/integration-test/target/test-dir"/>
    <property name="test.cache.data" value=""/>
    <property name="java.vendor.url" value="https://adoptium.net/"/>
    <property name="user.timezone" value=""/>
    <property name="java.vm.specification.version" value="1.8"/>
    <property name="os.name" value="Linux"/>
    <property name="test.build.data" value="/home/runner/work/ozone/ozone/hadoop-ozone/integration-test/target/test-dir"/>
    <property name="sun.java.launcher" value="SUN_STANDARD"/>
    <property name="sun.boot.library.path" value="/usr/lib/jvm/temurin-8-jdk-amd64/jre/lib/amd64"/>
    <property name="sun.java.command" value="/home/runner/work/ozone/ozone/hadoop-ozone/integration-test/target/surefire/surefirebooter5475309767367438427.jar /home/runner/work/ozone/ozone/hadoop-ozone/integration-test/target/surefire 2022-01-21T20-47-50_151-jvmRun1 surefire8364565287163553640tmp surefire_96993274261329688004tmp"/>
    <property name="surefire.test.class.path" value="/home/runner/work/ozone/ozone/hadoop-ozone/integration-test/target/test-classes:/home/runner/work/ozone/ozone/hadoop-ozone/integration-test/target/classes:/home/runner/.m2/repository/org/apache/ozone/ozone-common/1.3.0-SNAPSHOT/ozone-common-1.3.0-SNAPSHOT.jar:/home/runner/.m2/repository/org/apache/commons/commons-compress/1.21/commons-compress-1.21.jar:/home/runner/.m2/repository/org/apache/ozone/hdds-common/1.3.0-SNAPSHOT/hdds-common-1.3.0-SNAPSHOT.jar:/home/runner/.m2/repository/org/apache/ozone/hdds-client/1.3.0-SNAPSHOT/hdds-client-1.3.0-SNAPSHOT.jar:/home/runner/.m2/repository/org/apache/ozone/ozone-interface-client/1.3.0-SNAPSHOT/ozone-interface-client-1.3.0-SNAPSHOT.jar:/home/runner/.m2/repository/org/apache/ozone/hdds-test-utils/1.3.0-SNAPSHOT/hdds-test-utils-1.3.0-SNAPSHOT.jar:/home/runner/.m2/repository/com/google/guava/guava/30.1.1-jre/guava-30.1.1-jre.jar:/home/runner/.m2/repository/com/google/guava/failureaccess/1.0.1/failureaccess-1.0.1.jar:/home/runner/.m2/repository/com/google/guava/listenablefuture/9999.0-empty-to-avoid-conflict-with-guava/listenablefuture-9999.0-empty-to-avoid-conflict-with-guava.jar:/home/runner/.m2/repository/com/google/code/findbugs/jsr305/3.0.0/jsr305-3.0.0.jar:/home/runner/.m2/repository/org/checkerframework/checker-qual/3.8.0/checker-qual-3.8.0.jar:/home/runner/.m2/repository/com/google/errorprone/error_prone_annotations/2.2.0/error_prone_annotations-2.2.0.jar:/home/runner/.m2/repository/com/google/j2objc/j2objc-annotations/1.3/j2objc-annotations-1.3.jar:/home/runner/.m2/repository/commons-io/commons-io/2.11.0/commons-io-2.11.0.jar:/home/runner/.m2/repository/commons-logging/commons-logging/1.2/commons-logging-1.2.jar:/home/runner/.m2/repository/log4j/log4j/1.2.17/log4j-1.2.17.jar:/home/runner/.m2/repository/org/slf4j/slf4j-api/1.7.30/slf4j-api-1.7.30.jar:/home/runner/.m2/repository/org/apache/ozone/hdds-server-scm/1.3.0-SNAPSHOT/hdds-server-scm-1.3.0-SNAPSHOT.jar:/home/runner/.m2/repository/org/apache/ozone/hdds-container-service/1.3.0-SNAPSHOT/hdds-container-service-1.3.0-SNAPSHOT.jar:/home/runner/.m2/repository/org/apache/ozone/hdds-hadoop-dependency-server/1.3.0-SNAPSHOT/hdds-hadoop-dependency-server-1.3.0-SNAPSHOT.jar:/home/runner/.m2/repository/org/apache/hadoop/hadoop-hdfs/3.3.1/hadoop-hdfs-3.3.1.jar:/home/runner/.m2/repository/org/apache/ozone/hdds-server-framework/1.3.0-SNAPSHOT/hdds-server-framework-1.3.0-SNAPSHOT.jar:/home/runner/.m2/repository/org/apache/ozone/hdds-interface-server/1.3.0-SNAPSHOT/hdds-interface-server-1.3.0-SNAPSHOT.jar:/home/runner/.m2/repository/org/eclipse/jetty/jetty-servlet/9.4.43.v20210629/jetty-servlet-9.4.43.v20210629.jar:/home/runner/.m2/repository/org/eclipse/jetty/jetty-security/9.4.43.v20210629/jetty-security-9.4.43.v20210629.jar:/home/runner/.m2/repository/org/rocksdb/rocksdbjni/6.25.3/rocksdbjni-6.25.3.jar:/home/runner/.m2/repository/io/prometheus/simpleclient_dropwizard/0.7.0/simpleclient_dropwizard-0.7.0.jar:/home/runner/.m2/repository/io/prometheus/simpleclient/0.7.0/simpleclient-0.7.0.jar:/home/runner/.m2/repository/io/prometheus/simpleclient_common/0.7.0/simpleclient_common-0.7.0.jar:/home/runner/.m2/repository/com/fasterxml/jackson/datatype/jackson-datatype-jsr310/2.12.1/jackson-datatype-jsr310-2.12.1.jar:/home/runner/.m2/repository/io/dropwizard/metrics/metrics-core/3.2.4/metrics-core-3.2.4.jar:/home/runner/.m2/repository/org/apache/hadoop/hadoop-hdfs-client/3.3.1/hadoop-hdfs-client-3.3.1.jar:/home/runner/.m2/repository/org/bouncycastle/bcprov-jdk15on/1.67/bcprov-jdk15on-1.67.jar:/home/runner/.m2/repository/com/google/protobuf/protobuf-java/2.5.0/protobuf-java-2.5.0.jar:/home/runner/.m2/repository/org/apache/ozone/ozone-manager/1.3.0-SNAPSHOT/ozone-manager-1.3.0-SNAPSHOT.jar:/home/runner/.m2/repository/org/aspectj/aspectjrt/1.9.7/aspectjrt-1.9.7.jar:/home/runner/.m2/repository/org/aspectj/aspectjweaver/1.9.7/aspectjweaver-1.9.7.jar:/home/runner/.m2/repository/org/apache/ozone/hdds-interface-client/1.3.0-SNAPSHOT/hdds-interface-client-1.3.0-SNAPSHOT.jar:/home/runner/.m2/repository/org/apache/hadoop/thirdparty/hadoop-shaded-protobuf_3_7/1.1.1/hadoop-shaded-protobuf_3_7-1.1.1.jar:/home/runner/.m2/repository/org/apache/ozone/ozone-interface-storage/1.3.0-SNAPSHOT/ozone-interface-storage-1.3.0-SNAPSHOT.jar:/home/runner/.m2/repository/org/reflections/reflections/0.9.11/reflections-0.9.11.jar:/home/runner/.m2/repository/org/apache/hadoop/hadoop-minikdc/3.3.1/hadoop-minikdc-3.3.1.jar:/home/runner/.m2/repository/org/apache/kerby/kerb-simplekdc/1.0.1/kerb-simplekdc-1.0.1.jar:/home/runner/.m2/repository/org/apache/kerby/kerb-client/1.0.1/kerb-client-1.0.1.jar:/home/runner/.m2/repository/org/apache/kerby/kerby-config/1.0.1/kerby-config-1.0.1.jar:/home/runner/.m2/repository/org/apache/kerby/kerb-common/1.0.1/kerb-common-1.0.1.jar:/home/runner/.m2/repository/org/apache/kerby/kerb-crypto/1.0.1/kerb-crypto-1.0.1.jar:/home/runner/.m2/repository/org/apache/kerby/kerb-util/1.0.1/kerb-util-1.0.1.jar:/home/runner/.m2/repository/org/apache/kerby/token-provider/1.0.1/token-provider-1.0.1.jar:/home/runner/.m2/repository/org/apache/kerby/kerb-admin/1.0.1/kerb-admin-1.0.1.jar:/home/runner/.m2/repository/org/apache/kerby/kerb-server/1.0.1/kerb-server-1.0.1.jar:/home/runner/.m2/repository/org/apache/kerby/kerb-identity/1.0.1/kerb-identity-1.0.1.jar:/home/runner/.m2/repository/org/apache/kerby/kerby-xdr/1.0.1/kerby-xdr-1.0.1.jar:/home/runner/.m2/repository/org/slf4j/slf4j-log4j12/1.7.30/slf4j-log4j12-1.7.30.jar:/home/runner/.m2/repository/org/apache/ozone/ozone-s3gateway/1.3.0-SNAPSHOT/ozone-s3gateway-1.3.0-SNAPSHOT.jar:/home/runner/.m2/repository/org/javassist/javassist/3.21.0-GA/javassist-3.21.0-GA.jar:/home/runner/.m2/repository/org/jboss/weld/servlet/weld-servlet/2.4.7.Final/weld-servlet-2.4.7.Final.jar:/home/runner/.m2/repository/org/glassfish/jersey/containers/jersey-container-servlet-core/2.33/jersey-container-servlet-core-2.33.jar:/home/runner/.m2/repository/org/glassfish/hk2/external/jakarta.inject/2.6.1/jakarta.inject-2.6.1.jar:/home/runner/.m2/repository/org/glassfish/jersey/core/jersey-common/2.33/jersey-common-2.33.jar:/home/runner/.m2/repository/jakarta/ws/rs/jakarta.ws.rs-api/2.1.6/jakarta.ws.rs-api-2.1.6.jar:/home/runner/.m2/repository/org/glassfish/jersey/ext/cdi/jersey-cdi1x/2.33/jersey-cdi1x-2.33.jar:/home/runner/.m2/repository/org/glassfish/jersey/inject/jersey-hk2/2.33/jersey-hk2-2.33.jar:/home/runner/.m2/repository/org/glassfish/hk2/hk2-locator/2.6.1/hk2-locator-2.6.1.jar:/home/runner/.m2/repository/org/glassfish/jersey/media/jersey-media-jaxb/2.33/jersey-media-jaxb-2.33.jar:/home/runner/.m2/repository/org/glassfish/hk2/osgi-resource-locator/1.0.3/osgi-resource-locator-1.0.3.jar:/home/runner/.m2/repository/org/glassfish/hk2/hk2-api/2.5.0/hk2-api-2.5.0.jar:/home/runner/.m2/repository/org/glassfish/hk2/hk2-utils/2.5.0/hk2-utils-2.5.0.jar:/home/runner/.m2/repository/org/glassfish/hk2/external/aopalliance-repackaged/2.5.0/aopalliance-repackaged-2.5.0.jar:/home/runner/.m2/repository/com/fasterxml/jackson/dataformat/jackson-dataformat-xml/2.12.1/jackson-dataformat-xml-2.12.1.jar:/home/runner/.m2/repository/com/fasterxml/jackson/core/jackson-core/2.12.1/jackson-core-2.12.1.jar:/home/runner/.m2/repository/com/fasterxml/jackson/module/jackson-module-jaxb-annotations/2.12.1/jackson-module-jaxb-annotations-2.12.1.jar:/home/runner/.m2/repository/jakarta/xml/bind/jakarta.xml.bind-api/2.3.2/jakarta.xml.bind-api-2.3.2.jar:/home/runner/.m2/repository/org/codehaus/woodstox/stax2-api/3.1.4/stax2-api-3.1.4.jar:/home/runner/.m2/repository/com/fasterxml/woodstox/woodstox-core/5.0.3/woodstox-core-5.0.3.jar:/home/runner/.m2/repository/javax/enterprise/cdi-api/1.2/cdi-api-1.2.jar:/home/runner/.m2/repository/javax/el/javax.el-api/3.0.0/javax.el-api-3.0.0.jar:/home/runner/.m2/repository/javax/interceptor/javax.interceptor-api/1.2/javax.interceptor-api-1.2.jar:/home/runner/.m2/repository/javax/inject/javax.inject/1/javax.inject-1.jar:/home/runner/.m2/repository/javax/xml/bind/jaxb-api/2.3.0/jaxb-api-2.3.0.jar:/home/runner/.m2/repository/org/glassfish/jaxb/jaxb-runtime/2.3.0.1/jaxb-runtime-2.3.0.1.jar:/home/runner/.m2/repository/org/glassfish/jaxb/jaxb-core/2.3.0.1/jaxb-core-2.3.0.1.jar:/home/runner/.m2/repository/org/glassfish/jaxb/txw2/2.3.0.1/txw2-2.3.0.1.jar:/home/runner/.m2/repository/com/sun/istack/istack-commons-runtime/3.0.5/istack-commons-runtime-3.0.5.jar:/home/runner/.m2/repository/org/jvnet/staxex/stax-ex/1.7.8/stax-ex-1.7.8.jar:/home/runner/.m2/repository/com/sun/xml/fastinfoset/FastInfoset/1.2.13/FastInfoset-1.2.13.jar:/home/runner/.m2/repository/javax/activation/activation/1.1.1/activation-1.1.1.jar:/home/runner/.m2/repository/org/apache/ozone/ozone-csi/1.3.0-SNAPSHOT/ozone-csi-1.3.0-SNAPSHOT.jar:/home/runner/.m2/repository/com/google/protobuf/protobuf-java-util/3.12.0/protobuf-java-util-3.12.0.jar:/home/runner/.m2/repository/com/google/code/gson/gson/2.2.4/gson-2.2.4.jar:/home/runner/.m2/repository/org/apache/ozone/hdds-config/1.3.0-SNAPSHOT/hdds-config-1.3.0-SNAPSHOT.jar:/home/runner/.m2/repository/io/grpc/grpc-netty/1.33.0/grpc-netty-1.33.0.jar:/home/runner/.m2/repository/io/grpc/grpc-core/1.33.0/grpc-core-1.33.0.jar:/home/runner/.m2/repository/com/google/android/annotations/4.1.1.4/annotations-4.1.1.4.jar:/home/runner/.m2/repository/io/netty/netty-codec-http2/4.1.63.Final/netty-codec-http2-4.1.63.Final.jar:/home/runner/.m2/repository/io/netty/netty-codec-http/4.1.63.Final/netty-codec-http-4.1.63.Final.jar:/home/runner/.m2/repository/io/netty/netty-handler-proxy/4.1.63.Final/netty-handler-proxy-4.1.63.Final.jar:/home/runner/.m2/repository/io/netty/netty-codec-socks/4.1.63.Final/netty-codec-socks-4.1.63.Final.jar:/home/runner/.m2/repository/io/perfmark/perfmark-api/0.19.0/perfmark-api-0.19.0.jar:/home/runner/.m2/repository/org/codehaus/mojo/animal-sniffer-annotations/1.18/animal-sniffer-annotations-1.18.jar:/home/runner/.m2/repository/io/netty/netty-transport-native-epoll/4.1.63.Final/netty-transport-native-epoll-4.1.63.Final.jar:/home/runner/.m2/repository/io/netty/netty-common/4.1.63.Final/netty-common-4.1.63.Final.jar:/home/runner/.m2/repository/io/netty/netty-buffer/4.1.63.Final/netty-buffer-4.1.63.Final.jar:/home/runner/.m2/repository/io/netty/netty-transport-native-unix-common/4.1.63.Final/netty-transport-native-unix-common-4.1.63.Final.jar:/home/runner/.m2/repository/io/grpc/grpc-protobuf/1.33.0/grpc-protobuf-1.33.0.jar:/home/runner/.m2/repository/io/grpc/grpc-api/1.33.0/grpc-api-1.33.0.jar:/home/runner/.m2/repository/io/grpc/grpc-context/1.33.0/grpc-context-1.33.0.jar:/home/runner/.m2/repository/com/google/api/grpc/proto-google-common-protos/1.17.0/proto-google-common-protos-1.17.0.jar:/home/runner/.m2/repository/io/grpc/grpc-protobuf-lite/1.33.0/grpc-protobuf-lite-1.33.0.jar:/home/runner/.m2/repository/io/grpc/grpc-stub/1.33.0/grpc-stub-1.33.0.jar:/home/runner/.m2/repository/org/apache/ozone/ozone-recon/1.3.0-SNAPSHOT/ozone-recon-1.3.0-SNAPSHOT.jar:/home/runner/.m2/repository/org/apache/ozone/ozone-reconcodegen/1.3.0-SNAPSHOT/ozone-reconcodegen-1.3.0-SNAPSHOT.jar:/home/runner/.m2/repository/com/google/inject/extensions/guice-multibindings/4.0/guice-multibindings-4.0.jar:/home/runner/.m2/repository/com/google/inject/guice/4.0/guice-4.0.jar:/home/runner/.m2/repository/aopalliance/aopalliance/1.0/aopalliance-1.0.jar:/home/runner/.m2/repository/com/google/inject/extensions/guice-assistedinject/4.0/guice-assistedinject-4.0.jar:/home/runner/.m2/repository/com/google/inject/extensions/guice-servlet/4.0/guice-servlet-4.0.jar:/home/runner/.m2/repository/org/glassfish/jersey/containers/jersey-container-servlet/2.33/jersey-container-servlet-2.33.jar:/home/runner/.m2/repository/org/glassfish/hk2/guice-bridge/2.5.0/guice-bridge-2.5.0.jar:/home/runner/.m2/repository/org/glassfish/jersey/core/jersey-server/2.33/jersey-server-2.33.jar:/home/runner/.m2/repository/org/glassfish/jersey/core/jersey-client/2.33/jersey-client-2.33.jar:/home/runner/.m2/repository/jakarta/annotation/jakarta.annotation-api/1.3.5/jakarta.annotation-api-1.3.5.jar:/home/runner/.m2/repository/jakarta/validation/jakarta.validation-api/2.0.2/jakarta.validation-api-2.0.2.jar:/home/runner/.m2/repository/org/glassfish/jersey/media/jersey-media-json-jackson/2.33/jersey-media-json-jackson-2.33.jar:/home/runner/.m2/repository/org/glassfish/jersey/ext/jersey-entity-filtering/2.33/jersey-entity-filtering-2.33.jar:/home/runner/.m2/repository/org/jooq/jooq/3.11.10/jooq-3.11.10.jar:/home/runner/.m2/repository/org/jooq/jooq-meta/3.11.10/jooq-meta-3.11.10.jar:/home/runner/.m2/repository/org/jooq/jooq-codegen/3.11.10/jooq-codegen-3.11.10.jar:/home/runner/.m2/repository/com/jolbox/bonecp/0.8.0.RELEASE/bonecp-0.8.0.RELEASE.jar:/home/runner/.m2/repository/org/apache/derby/derby/10.14.2.0/derby-10.14.2.0.jar:/home/runner/.m2/repository/org/xerial/sqlite-jdbc/3.25.2/sqlite-jdbc-3.25.2.jar:/home/runner/.m2/repository/org/springframework/spring-jdbc/5.2.18.RELEASE/spring-jdbc-5.2.18.RELEASE.jar:/home/runner/.m2/repository/org/springframework/spring-beans/5.2.18.RELEASE/spring-beans-5.2.18.RELEASE.jar:/home/runner/.m2/repository/org/springframework/spring-core/5.2.18.RELEASE/spring-core-5.2.18.RELEASE.jar:/home/runner/.m2/repository/org/springframework/spring-jcl/5.2.18.RELEASE/spring-jcl-5.2.18.RELEASE.jar:/home/runner/.m2/repository/org/springframework/spring-tx/5.2.18.RELEASE/spring-tx-5.2.18.RELEASE.jar:/home/runner/.m2/repository/org/apache/ozone/ozone-client/1.3.0-SNAPSHOT/ozone-client-1.3.0-SNAPSHOT.jar:/home/runner/.m2/repository/org/apache/ozone/ozone-filesystem/1.3.0-SNAPSHOT/ozone-filesystem-1.3.0-SNAPSHOT.jar:/home/runner/.m2/repository/org/apache/ozone/ozone-filesystem-common/1.3.0-SNAPSHOT/ozone-filesystem-common-1.3.0-SNAPSHOT.jar:/home/runner/.m2/repository/org/apache/ozone/ozone-tools/1.3.0-SNAPSHOT/ozone-tools-1.3.0-SNAPSHOT.jar:/home/runner/.m2/repository/org/apache/ratis/ratis-tools/2.2.0/ratis-tools-2.2.0.jar:/home/runner/.m2/repository/com/amazonaws/aws-java-sdk-core/1.12.124/aws-java-sdk-core-1.12.124.jar:/home/runner/.m2/repository/org/apache/httpcomponents/httpclient/4.5.13/httpclient-4.5.13.jar:/home/runner/.m2/repository/org/apache/httpcomponents/httpcore/4.4.13/httpcore-4.4.13.jar:/home/runner/.m2/repository/software/amazon/ion/ion-java/1.0.2/ion-java-1.0.2.jar:/home/runner/.m2/repository/com/fasterxml/jackson/dataformat/jackson-dataformat-cbor/2.12.1/jackson-dataformat-cbor-2.12.1.jar:/home/runner/.m2/repository/joda-time/joda-time/2.8.1/joda-time-2.8.1.jar:/home/runner/.m2/repository/com/amazonaws/aws-java-sdk-s3/1.12.124/aws-java-sdk-s3-1.12.124.jar:/home/runner/.m2/repository/com/amazonaws/aws-java-sdk-kms/1.12.124/aws-java-sdk-kms-1.12.124.jar:/home/runner/.m2/repository/com/amazonaws/jmespath-java/1.12.124/jmespath-java-1.12.124.jar:/home/runner/.m2/repository/org/kohsuke/metainf-services/metainf-services/1.8/metainf-services-1.8.jar:/home/runner/.m2/repository/org/apache/ozone/hdds-tools/1.3.0-SNAPSHOT/hdds-tools-1.3.0-SNAPSHOT.jar:/home/runner/.m2/repository/commons-cli/commons-cli/1.2/commons-cli-1.2.jar:/home/runner/.m2/repository/org/apache/commons/commons-lang3/3.7/commons-lang3-3.7.jar:/home/runner/.m2/repository/org/apache/ozone/ozone-manager/1.3.0-SNAPSHOT/ozone-manager-1.3.0-SNAPSHOT-tests.jar:/home/runner/.m2/repository/org/apache/ozone/hdds-common/1.3.0-SNAPSHOT/hdds-common-1.3.0-SNAPSHOT-tests.jar:/home/runner/.m2/repository/org/apache/ozone/hdds-hadoop-dependency-client/1.3.0-SNAPSHOT/hdds-hadoop-dependency-client-1.3.0-SNAPSHOT.jar:/home/runner/.m2/repository/info/picocli/picocli/4.6.1/picocli-4.6.1.jar:/home/runner/.m2/repository/com/fasterxml/jackson/core/jackson-annotations/2.12.1/jackson-annotations-2.12.1.jar:/home/runner/.m2/repository/javax/annotation/javax.annotation-api/1.2/javax.annotation-api-1.2.jar:/home/runner/.m2/repository/org/apache/ratis/ratis-server/2.2.0/ratis-server-2.2.0.jar:/home/runner/.m2/repository/org/apache/ratis/ratis-client/2.2.0/ratis-client-2.2.0.jar:/home/runner/.m2/repository/org/apache/ratis/ratis-server-api/2.2.0/ratis-server-api-2.2.0.jar:/home/runner/.m2/repository/org/apache/ratis/ratis-metrics/2.2.0/ratis-metrics-2.2.0.jar:/home/runner/.m2/repository/org/apache/ratis/ratis-netty/2.2.0/ratis-netty-2.2.0.jar:/home/runner/.m2/repository/org/apache/ratis/ratis-grpc/2.2.0/ratis-grpc-2.2.0.jar:/home/runner/.m2/repository/org/apache/logging/log4j/log4j-api/2.17.1/log4j-api-2.17.1.jar:/home/runner/.m2/repository/org/apache/logging/log4j/log4j-core/2.17.1/log4j-core-2.17.1.jar:/home/runner/.m2/repository/com/lmax/disruptor/3.4.2/disruptor-3.4.2.jar:/home/runner/.m2/repository/org/apache/commons/commons-pool2/2.6.0/commons-pool2-2.6.0.jar:/home/runner/.m2/repository/org/bouncycastle/bcpkix-jdk15on/1.67/bcpkix-jdk15on-1.67.jar:/home/runner/.m2/repository/commons-validator/commons-validator/1.6/commons-validator-1.6.jar:/home/runner/.m2/repository/commons-beanutils/commons-beanutils/1.9.4/commons-beanutils-1.9.4.jar:/home/runner/.m2/repository/commons-digester/commons-digester/1.8.1/commons-digester-1.8.1.jar:/home/runner/.m2/repository/commons-collections/commons-collections/3.2.2/commons-collections-3.2.2.jar:/home/runner/.m2/repository/io/jaegertracing/jaeger-client/1.6.0/jaeger-client-1.6.0.jar:/home/runner/.m2/repository/io/jaegertracing/jaeger-thrift/1.6.0/jaeger-thrift-1.6.0.jar:/home/runner/.m2/repository/org/apache/thrift/libthrift/0.14.1/libthrift-0.14.1.jar:/home/runner/.m2/repository/com/squareup/okhttp3/okhttp/4.9.0/okhttp-4.9.0.jar:/home/runner/.m2/repository/com/squareup/okio/okio/2.8.0/okio-2.8.0.jar:/home/runner/.m2/repository/io/jaegertracing/jaeger-core/1.6.0/jaeger-core-1.6.0.jar:/home/runner/.m2/repository/io/jaegertracing/jaeger-tracerresolver/1.6.0/jaeger-tracerresolver-1.6.0.jar:/home/runner/.m2/repository/io/opentracing/contrib/opentracing-tracerresolver/0.1.8/opentracing-tracerresolver-0.1.8.jar:/home/runner/.m2/repository/org/jetbrains/kotlin/kotlin-stdlib/1.4.31/kotlin-stdlib-1.4.31.jar:/home/runner/.m2/repository/org/jetbrains/kotlin/kotlin-stdlib-common/1.4.31/kotlin-stdlib-common-1.4.31.jar:/home/runner/.m2/repository/org/jetbrains/annotations/13.0/annotations-13.0.jar:/home/runner/.m2/repository/io/opentracing/opentracing-util/0.33.0/opentracing-util-0.33.0.jar:/home/runner/.m2/repository/io/opentracing/opentracing-api/0.33.0/opentracing-api-0.33.0.jar:/home/runner/.m2/repository/io/opentracing/opentracing-noop/0.33.0/opentracing-noop-0.33.0.jar:/home/runner/.m2/repository/org/yaml/snakeyaml/1.26/snakeyaml-1.26.jar:/home/runner/.m2/repository/org/apache/ozone/hdds-interface-admin/1.3.0-SNAPSHOT/hdds-interface-admin-1.3.0-SNAPSHOT.jar:/home/runner/.m2/repository/junit/junit/4.13.1/junit-4.13.1.jar:/home/runner/.m2/repository/org/hamcrest/hamcrest-core/1.3/hamcrest-core-1.3.jar:/home/runner/.m2/repository/org/junit/jupiter/junit-jupiter-api/5.7.0/junit-jupiter-api-5.7.0.jar:/home/runner/.m2/repository/org/apiguardian/apiguardian-api/1.1.0/apiguardian-api-1.1.0.jar:/home/runner/.m2/repository/org/opentest4j/opentest4j/1.2.0/opentest4j-1.2.0.jar:/home/runner/.m2/repository/org/junit/platform/junit-platform-commons/1.7.0/junit-platform-commons-1.7.0.jar:/home/runner/.m2/repository/org/junit/jupiter/junit-jupiter-engine/5.7.0/junit-jupiter-engine-5.7.0.jar:/home/runner/.m2/repository/org/junit/platform/junit-platform-engine/1.7.0/junit-platform-engine-1.7.0.jar:/home/runner/.m2/repository/org/junit/vintage/junit-vintage-engine/5.7.0/junit-vintage-engine-5.7.0.jar:/home/runner/.m2/repository/org/junit/platform/junit-platform-launcher/1.7.0/junit-platform-launcher-1.7.0.jar:/home/runner/.m2/repository/org/mockito/mockito-core/2.28.2/mockito-core-2.28.2.jar:/home/runner/.m2/repository/net/bytebuddy/byte-buddy/1.9.10/byte-buddy-1.9.10.jar:/home/runner/.m2/repository/net/bytebuddy/byte-buddy-agent/1.9.10/byte-buddy-agent-1.9.10.jar:/home/runner/.m2/repository/org/objenesis/objenesis/1.0/objenesis-1.0.jar:/home/runner/.m2/repository/org/apache/hadoop/hadoop-kms/3.3.1/hadoop-kms-3.3.1.jar:/home/runner/.m2/repository/org/apache/hadoop/hadoop-auth/3.3.1/hadoop-auth-3.3.1.jar:/home/runner/.m2/repository/com/nimbusds/nimbus-jose-jwt/7.9/nimbus-jose-jwt-7.9.jar:/home/runner/.m2/repository/com/github/stephenc/jcip/jcip-annotations/1.0-1/jcip-annotations-1.0-1.jar:/home/runner/.m2/repository/net/minidev/json-smart/2.3.1/json-smart-2.3.1.jar:/home/runner/.m2/repository/net/minidev/accessors-smart/2.3.1/accessors-smart-2.3.1.jar:/home/runner/.m2/repository/org/ow2/asm/asm/5.0.4/asm-5.0.4.jar:/home/runner/.m2/repository/org/apache/zookeeper/zookeeper/3.5.6/zookeeper-3.5.6.jar:/home/runner/.m2/repository/org/apache/zookeeper/zookeeper-jute/3.5.6/zookeeper-jute-3.5.6.jar:/home/runner/.m2/repository/org/apache/yetus/audience-annotations/0.5.0/audience-annotations-0.5.0.jar:/home/runner/.m2/repository/org/apache/curator/curator-framework/4.2.0/curator-framework-4.2.0.jar:/home/runner/.m2/repository/org/apache/hadoop/thirdparty/hadoop-shaded-guava/1.1.1/hadoop-shaded-guava-1.1.1.jar:/home/runner/.m2/repository/com/sun/jersey/jersey-core/1.19/jersey-core-1.19.jar:/home/runner/.m2/repository/javax/ws/rs/jsr311-api/1.1.1/jsr311-api-1.1.1.jar:/home/runner/.m2/repository/com/sun/jersey/jersey-server/1.19/jersey-server-1.19.jar:/home/runner/.m2/repository/javax/servlet/javax.servlet-api/3.1.0/javax.servlet-api-3.1.0.jar:/home/runner/.m2/repository/org/eclipse/jetty/jetty-server/9.4.43.v20210629/jetty-server-9.4.43.v20210629.jar:/home/runner/.m2/repository/org/eclipse/jetty/jetty-http/9.4.43.v20210629/jetty-http-9.4.43.v20210629.jar:/home/runner/.m2/repository/org/eclipse/jetty/jetty-io/9.4.43.v20210629/jetty-io-9.4.43.v20210629.jar:/home/runner/.m2/repository/org/eclipse/jetty/jetty-webapp/9.4.43.v20210629/jetty-webapp-9.4.43.v20210629.jar:/home/runner/.m2/repository/org/eclipse/jetty/jetty-xml/9.4.43.v20210629/jetty-xml-9.4.43.v20210629.jar:/home/runner/.m2/repository/org/apache/hadoop/hadoop-common/3.3.1/hadoop-common-3.3.1.jar:/home/runner/.m2/repository/org/apache/commons/commons-math3/3.1.1/commons-math3-3.1.1.jar:/home/runner/.m2/repository/commons-net/commons-net/3.6/commons-net-3.6.jar:/home/runner/.m2/repository/jakarta/activation/jakarta.activation-api/1.2.1/jakarta.activation-api-1.2.1.jar:/home/runner/.m2/repository/com/sun/jersey/jersey-servlet/1.19/jersey-servlet-1.19.jar:/home/runner/.m2/repository/com/sun/jersey/jersey-json/1.19/jersey-json-1.19.jar:/home/runner/.m2/repository/org/codehaus/jettison/jettison/1.1/jettison-1.1.jar:/home/runner/.m2/repository/com/sun/xml/bind/jaxb-impl/2.2.3-1/jaxb-impl-2.2.3-1.jar:/home/runner/.m2/repository/org/codehaus/jackson/jackson-jaxrs/1.9.2/jackson-jaxrs-1.9.2.jar:/home/runner/.m2/repository/org/codehaus/jackson/jackson-xc/1.9.2/jackson-xc-1.9.2.jar:/home/runner/.m2/repository/org/apache/commons/commons-configuration2/2.1.1/commons-configuration2-2.1.1.jar:/home/runner/.m2/repository/org/apache/commons/commons-text/1.4/commons-text-1.4.jar:/home/runner/.m2/repository/com/google/re2j/re2j/1.1/re2j-1.1.jar:/home/runner/.m2/repository/com/jcraft/jsch/0.1.54/jsch-0.1.54.jar:/home/runner/.m2/repository/org/apache/curator/curator-client/4.2.0/curator-client-4.2.0.jar:/home/runner/.m2/repository/org/apache/curator/curator-recipes/4.2.0/curator-recipes-4.2.0.jar:/home/runner/.m2/repository/org/apache/kerby/kerb-core/1.0.1/kerb-core-1.0.1.jar:/home/runner/.m2/repository/org/apache/kerby/kerby-pkix/1.0.1/kerby-pkix-1.0.1.jar:/home/runner/.m2/repository/org/apache/kerby/kerby-asn1/1.0.1/kerby-asn1-1.0.1.jar:/home/runner/.m2/repository/org/apache/kerby/kerby-util/1.0.1/kerby-util-1.0.1.jar:/home/runner/.m2/repository/dnsjava/dnsjava/2.1.7/dnsjava-2.1.7.jar:/home/runner/.m2/repository/org/xerial/snappy/snappy-java/1.1.8.2/snappy-java-1.1.8.2.jar:/home/runner/.m2/repository/org/slf4j/jul-to-slf4j/1.7.30/jul-to-slf4j-1.7.30.jar:/home/runner/.m2/repository/org/eclipse/jetty/jetty-util/9.4.43.v20210629/jetty-util-9.4.43.v20210629.jar:/home/runner/.m2/repository/com/fasterxml/jackson/core/jackson-databind/2.12.1/jackson-databind-2.12.1.jar:/home/runner/.m2/repository/org/apache/hadoop/hadoop-kms/3.3.1/hadoop-kms-3.3.1-tests.jar:/home/runner/.m2/repository/org/apache/ozone/hdds-server-scm/1.3.0-SNAPSHOT/hdds-server-scm-1.3.0-SNAPSHOT-tests.jar:/home/runner/.m2/repository/org/apache/ozone/hdds-container-service/1.3.0-SNAPSHOT/hdds-container-service-1.3.0-SNAPSHOT-tests.jar:/home/runner/.m2/repository/commons-codec/commons-codec/1.11/commons-codec-1.11.jar:/home/runner/.m2/repository/io/netty/netty-transport/4.1.63.Final/netty-transport-4.1.63.Final.jar:/home/runner/.m2/repository/io/netty/netty-resolver/4.1.63.Final/netty-resolver-4.1.63.Final.jar:/home/runner/.m2/repository/io/netty/netty-codec/4.1.63.Final/netty-codec-4.1.63.Final.jar:/home/runner/.m2/repository/io/netty/netty-handler/4.1.63.Final/netty-handler-4.1.63.Final.jar:/home/runner/.m2/repository/org/apache/ozone/hdds-hadoop-dependency-test/1.3.0-SNAPSHOT/hdds-hadoop-dependency-test-1.3.0-SNAPSHOT.jar:/home/runner/.m2/repository/org/apache/hadoop/hadoop-common/3.3.1/hadoop-common-3.3.1-tests.jar:/home/runner/.m2/repository/org/assertj/assertj-core/3.12.2/assertj-core-3.12.2.jar:/home/runner/.m2/repository/org/apache/hadoop/hadoop-hdfs/3.3.1/hadoop-hdfs-3.3.1-tests.jar:/home/runner/.m2/repository/org/eclipse/jetty/jetty-util-ajax/9.4.43.v20210629/jetty-util-ajax-9.4.43.v20210629.jar:/home/runner/.m2/repository/commons-daemon/commons-daemon/1.0.13/commons-daemon-1.0.13.jar:/home/runner/.m2/repository/io/netty/netty/3.10.6.Final/netty-3.10.6.Final.jar:/home/runner/.m2/repository/io/netty/netty-all/4.1.63.Final/netty-all-4.1.63.Final.jar:/home/runner/.m2/repository/org/apache/htrace/htrace-core4/4.1.0-incubating/htrace-core4-4.1.0-incubating.jar:/home/runner/.m2/repository/org/fusesource/leveldbjni/leveldbjni-all/1.8/leveldbjni-all-1.8.jar:/home/runner/.m2/repository/org/apache/hadoop/hadoop-distcp/3.3.1/hadoop-distcp-3.3.1.jar:/home/runner/.m2/repository/org/apache/hadoop/hadoop-mapreduce-client-jobclient/3.3.1/hadoop-mapreduce-client-jobclient-3.3.1.jar:/home/runner/.m2/repository/org/apache/hadoop/hadoop-mapreduce-client-common/3.3.1/hadoop-mapreduce-client-common-3.3.1.jar:/home/runner/.m2/repository/org/apache/hadoop/hadoop-yarn-common/3.3.1/hadoop-yarn-common-3.3.1.jar:/home/runner/.m2/repository/org/apache/hadoop/hadoop-yarn-api/3.3.1/hadoop-yarn-api-3.3.1.jar:/home/runner/.m2/repository/com/sun/jersey/jersey-client/1.19/jersey-client-1.19.jar:/home/runner/.m2/repository/com/sun/jersey/contribs/jersey-guice/1.19/jersey-guice-1.19.jar:/home/runner/.m2/repository/com/fasterxml/jackson/jaxrs/jackson-jaxrs-json-provider/2.12.1/jackson-jaxrs-json-provider-2.12.1.jar:/home/runner/.m2/repository/com/fasterxml/jackson/jaxrs/jackson-jaxrs-base/2.12.1/jackson-jaxrs-base-2.12.1.jar:/home/runner/.m2/repository/org/apache/hadoop/hadoop-yarn-client/3.3.1/hadoop-yarn-client-3.3.1.jar:/home/runner/.m2/repository/org/eclipse/jetty/websocket/websocket-client/9.4.40.v20210413/websocket-client-9.4.40.v20210413.jar:/home/runner/.m2/repository/org/eclipse/jetty/jetty-client/9.4.40.v20210413/jetty-client-9.4.40.v20210413.jar:/home/runner/.m2/repository/org/eclipse/jetty/websocket/websocket-common/9.4.40.v20210413/websocket-common-9.4.40.v20210413.jar:/home/runner/.m2/repository/org/eclipse/jetty/websocket/websocket-api/9.4.40.v20210413/websocket-api-9.4.40.v20210413.jar:/home/runner/.m2/repository/org/jline/jline/3.9.0/jline-3.9.0.jar:/home/runner/.m2/repository/org/apache/hadoop/hadoop-mapreduce-client-core/3.3.1/hadoop-mapreduce-client-core-3.3.1.jar:/home/runner/.m2/repository/org/apache/avro/avro/1.7.7/avro-1.7.7.jar:/home/runner/.m2/repository/org/codehaus/jackson/jackson-core-asl/1.9.13/jackson-core-asl-1.9.13.jar:/home/runner/.m2/repository/org/codehaus/jackson/jackson-mapper-asl/1.9.13/jackson-mapper-asl-1.9.13.jar:/home/runner/.m2/repository/com/thoughtworks/paranamer/paranamer/2.3/paranamer-2.3.jar:/home/runner/.m2/repository/org/apache/hadoop/hadoop-annotations/3.3.1/hadoop-annotations-3.3.1.jar:/usr/lib/jvm/temurin-8-jdk-amd64/jre/../lib/tools.jar:/home/runner/.m2/repository/org/apache/hadoop/hadoop-distcp/3.3.1/hadoop-distcp-3.3.1-tests.jar:/home/runner/.m2/repository/org/apache/ratis/ratis-common/2.2.0/ratis-common-2.2.0.jar:/home/runner/.m2/repository/org/apache/ratis/ratis-thirdparty-misc/0.7.0/ratis-thirdparty-misc-0.7.0.jar:/home/runner/.m2/repository/org/apache/ratis/ratis-proto/2.2.0/ratis-proto-2.2.0.jar:"/>
    <property name="sun.cpu.endian" value="little"/>
    <property name="user.home" value="/home/runner"/>
    <property name="user.language" value="en"/>
    <property name="java.specification.vendor" value="Oracle Corporation"/>
    <property name="java.home" value="/usr/lib/jvm/temurin-8-jdk-amd64/jre"/>
    <property name="java.security.krb5.conf" value="/home/runner/work/ozone/ozone/hadoop-ozone/integration-test/target/test-classes/krb5.conf"/>
    <property name="basedir" value="/home/runner/work/ozone/ozone/hadoop-ozone/integration-test"/>
    <property name="file.separator" value="/"/>
    <property name="line.separator" value="&#10;"/>
    <property name="java.vm.specification.vendor" value="Oracle Corporation"/>
    <property name="java.specification.name" value="Java Platform API Specification"/>
    <property name="java.awt.graphicsenv" value="sun.awt.X11GraphicsEnvironment"/>
    <property name="skip.installnpx" value="true"/>
    <property name="surefire.real.class.path" value="/home/runner/work/ozone/ozone/hadoop-ozone/integration-test/target/surefire/surefirebooter5475309767367438427.jar:/home/runner/.m2/repository/org/jacoco/org.jacoco.agent/0.8.5/org.jacoco.agent-0.8.5-runtime.jar"/>
    <property name="hadoop.log.dir" value="/home/runner/work/ozone/ozone/hadoop-ozone/integration-test/target/log"/>
    <property name="sun.boot.class.path" value="/usr/lib/jvm/temurin-8-jdk-amd64/jre/lib/resources.jar:/usr/lib/jvm/temurin-8-jdk-amd64/jre/lib/rt.jar:/usr/lib/jvm/temurin-8-jdk-amd64/jre/lib/sunrsasign.jar:/usr/lib/jvm/temurin-8-jdk-amd64/jre/lib/jsse.jar:/usr/lib/jvm/temurin-8-jdk-amd64/jre/lib/jce.jar:/usr/lib/jvm/temurin-8-jdk-amd64/jre/lib/charsets.jar:/usr/lib/jvm/temurin-8-jdk-amd64/jre/lib/jfr.jar:/usr/lib/jvm/temurin-8-jdk-amd64/jre/classes"/>
    <property name="sun.management.compiler" value="HotSpot 64-Bit Tiered Compilers"/>
    <property name="skip.npx" value="true"/>
    <property name="java.runtime.version" value="1.8.0_312-b07"/>
    <property name="java.net.preferIPv4Stack" value="true"/>
    <property name="user.name" value="runner"/>
    <property name="path.separator" value=":"/>
    <property name="java.security.egd" value="file:///dev/urandom"/>
    <property name="os.version" value="5.4.0-1065-azure"/>
    <property name="java.endorsed.dirs" value="/usr/lib/jvm/temurin-8-jdk-amd64/jre/lib/endorsed"/>
    <property name="java.runtime.name" value="OpenJDK Runtime Environment"/>
    <property name="file.encoding" value="UTF-8"/>
    <property name="java.vm.name" value="OpenJDK 64-Bit Server VM"/>
    <property name="test.build.webapps" value=""/>
    <property name="localRepository" value="/home/runner/.m2/repository"/>
    <property name="java.vendor.url.bug" value="https://github.com/adoptium/adoptium-support/issues"/>
    <property name="java.io.tmpdir" value="/tmp"/>
    <property name="require.test.libhadoop" value=""/>
    <property name="java.version" value="1.8.0_312"/>
    <property name="user.dir" value="/home/runner/work/ozone/ozone/hadoop-ozone/integration-test"/>
    <property name="os.arch" value="amd64"/>
    <property name="java.vm.specification.name" value="Java Virtual Machine Specification"/>
    <property name="test.build.classes" value="/home/runner/work/ozone/ozone/hadoop-ozone/integration-test/target/test-classes"/>
    <property name="java.awt.printerjob" value="sun.print.PSPrinterJob"/>
    <property name="sun.os.patch.level" value="unknown"/>
    <property name="hadoop.tmp.dir" value="/home/runner/work/ozone/ozone/hadoop-ozone/integration-test/target/tmp"/>
    <property name="java.library.path" value="/usr/java/packages/lib/amd64:/usr/lib64:/lib64:/lib:/usr/lib"/>
    <property name="java.vm.info" value="mixed mode"/>
    <property name="java.vendor" value="Temurin"/>
    <property name="java.vm.version" value="25.312-b07"/>
    <property name="java.ext.dirs" value="/usr/lib/jvm/temurin-8-jdk-amd64/jre/lib/ext:/usr/java/packages/lib/ext"/>
    <property name="sun.io.unicode.encoding" value="UnicodeLittle"/>
    <property name="java.class.version" value="52.0"/>
  </properties>
  <testcase name="testMultipleDataDirs" classname="org.apache.hadoop.ozone.TestMiniOzoneCluster" time="30.118"/>
  <testcase name="testStartMultipleDatanodes" classname="org.apache.hadoop.ozone.TestMiniOzoneCluster" time="45.892"/>
  <testcase name="testDNstartAfterSCM" classname="org.apache.hadoop.ozone.TestMiniOzoneCluster" time="118.247">
    <error message="test timed out after 100000 milliseconds" type="org.junit.runners.model.TestTimedOutException">org.junit.runners.model.TestTimedOutException: test timed out after 100000 milliseconds
	at java.lang.Thread.sleep(Native Method)
	at org.apache.hadoop.ozone.TestMiniOzoneCluster.testDNstartAfterSCM(TestMiniOzoneCluster.java:334)
	at sun.reflect.NativeMethodAccessorImpl.invoke0(Native Method)
	at sun.reflect.NativeMethodAccessorImpl.invoke(NativeMethodAccessorImpl.java:62)
	at sun.reflect.DelegatingMethodAccessorImpl.invoke(DelegatingMethodAccessorImpl.java:43)
	at java.lang.reflect.Method.invoke(Method.java:498)
	at org.junit.runners.model.FrameworkMethod$1.runReflectiveCall(FrameworkMethod.java:59)
	at org.junit.internal.runners.model.ReflectiveCallable.run(ReflectiveCallable.java:12)
	at org.junit.runners.model.FrameworkMethod.invokeExplosively(FrameworkMethod.java:56)
	at org.junit.internal.runners.statements.InvokeMethod.evaluate(InvokeMethod.java:17)
	at org.junit.internal.runners.statements.FailOnTimeout$CallableStatement.call(FailOnTimeout.java:288)
	at org.junit.internal.runners.statements.FailOnTimeout$CallableStatement.call(FailOnTimeout.java:282)
	at java.util.concurrent.FutureTask.run(FutureTask.java:266)
	at java.lang.Thread.run(Thread.java:748)
</error>
    <system-out><![CDATA[2022-01-21 22:41:44,501 [Time-limited test] WARN  server.ServerUtils (ServerUtils.java:getScmDbDir(148)) - ozone.scm.db.dirs is not configured. We recommend adding this setting. Falling back to ozone.metadata.dirs instead.
2022-01-21 22:41:44,518 [Time-limited test] INFO  ha.SCMHANodeDetails (SCMHANodeDetails.java:loadSCMHAConfig(157)) - ServiceID for StorageContainerManager is null
2022-01-21 22:41:44,518 [Time-limited test] INFO  ha.SCMHANodeDetails (SCMHANodeDetails.java:loadSCMHAConfig(162)) - ozone.scm.default.service.id is not defined, falling back to ozone.scm.service.ids to find serviceID for StorageContainerManager if it is HA enabled cluster
2022-01-21 22:41:44,519 [Time-limited test] INFO  server.RaftServer (ConfUtils.java:logGet(44)) - raft.rpc.type = GRPC (default)
2022-01-21 22:41:44,519 [Time-limited test] INFO  grpc.GrpcFactory (GrpcFactory.java:checkPooledByteBufAllocatorUseCacheForAllThreads(48)) - PERFORMANCE WARNING: useCacheForAllThreads is true that may cause Netty to create a lot garbage objects and, as a result, trigger GC.
	It is recommended to disable useCacheForAllThreads by setting -Dorg.apache.ratis.thirdparty.io.netty.allocator.useCacheForAllThreads=false in command line.
2022-01-21 22:41:44,519 [Time-limited test] INFO  grpc.GrpcConfigKeys (ConfUtils.java:logGet(44)) - raft.grpc.admin.port = -1 (default)
2022-01-21 22:41:44,519 [Time-limited test] INFO  grpc.GrpcConfigKeys (ConfUtils.java:logGet(44)) - raft.grpc.server.port = 9894 (custom)
2022-01-21 22:41:44,519 [Time-limited test] INFO  grpc.GrpcConfigKeys (ConfUtils.java:logGet(44)) - raft.grpc.client.port = -1 (default)
2022-01-21 22:41:44,519 [Time-limited test] INFO  grpc.GrpcConfigKeys (ConfUtils.java:logGet(44)) - raft.grpc.server.port = 9894 (custom)
2022-01-21 22:41:44,519 [Time-limited test] INFO  grpc.GrpcConfigKeys (ConfUtils.java:logGet(44)) - raft.grpc.server.port = 9894 (custom)
2022-01-21 22:41:44,519 [Time-limited test] INFO  server.GrpcService (ConfUtils.java:logGet(44)) - raft.grpc.message.size.max = 32m (=33554432) (custom)
2022-01-21 22:41:44,519 [Time-limited test] INFO  server.RaftServerConfigKeys (ConfUtils.java:logGet(44)) - raft.server.log.appender.buffer.byte-limit = 33554432 (custom)
2022-01-21 22:41:44,519 [Time-limited test] INFO  server.GrpcService (ConfUtils.java:logGet(44)) - raft.grpc.flow.control.window = 1MB (=1048576) (default)
2022-01-21 22:41:44,519 [Time-limited test] INFO  server.RaftServerConfigKeys (ConfUtils.java:logGet(44)) - raft.server.rpc.request.timeout = 30000ms (custom)
2022-01-21 22:41:44,520 [Time-limited test] INFO  impl.DataStreamServerImpl (ConfUtils.java:logGet(44)) - raft.datastream.type = DISABLED (default)
2022-01-21 22:41:44,521 [Time-limited test] INFO  server.RaftServerConfigKeys (ConfUtils.java:logGet(44)) - raft.server.rpc.slowness.timeout = 120000ms (custom)
2022-01-21 22:41:44,521 [Time-limited test] INFO  server.RaftServerConfigKeys (ConfUtils.java:logGet(44)) - raft.server.leaderelection.leader.step-down.wait-time = 10s (default)
2022-01-21 22:41:44,521 [Time-limited test] INFO  server.RaftServerConfigKeys (ConfUtils.java:logGet(44)) - raft.server.storage.dir = [/home/runner/work/ozone/ozone/hadoop-ozone/integration-test/target/test-dir/MiniOzoneClusterImpl-5c2351a1-b605-4f96-be75-a807118e8034/ozone-meta/scm-ha] (custom)
2022-01-21 22:41:44,521 [Time-limited test] INFO  server.RaftServer (RaftServerProxy.java:addNew(95)) - ae63a35f-302e-44fc-ab4d-43f01902f64a: addNew group-A807118E8034:[ae63a35f-302e-44fc-ab4d-43f01902f64a|rpc:fv-az148-708:9894|priority:0] returns group-A807118E8034:java.util.concurrent.CompletableFuture@cc24c5c[Not completed]
2022-01-21 22:41:44,523 [pool-188-thread-1] INFO  server.RaftServer$Division (RaftServerImpl.java:<init>(184)) - ae63a35f-302e-44fc-ab4d-43f01902f64a: new RaftServerImpl for group-A807118E8034:[ae63a35f-302e-44fc-ab4d-43f01902f64a|rpc:fv-az148-708:9894|priority:0] with SCMStateMachine:uninitialized
2022-01-21 22:41:44,523 [pool-188-thread-1] INFO  server.RaftServerConfigKeys (ConfUtils.java:logGet(44)) - raft.server.rpc.timeout.min = 5000ms (custom)
2022-01-21 22:41:44,523 [pool-188-thread-1] INFO  server.RaftServerConfigKeys (ConfUtils.java:logGet(44)) - raft.server.rpc.timeout.max = 5200ms (custom)
2022-01-21 22:41:44,524 [pool-188-thread-1] INFO  server.RaftServerConfigKeys (ConfUtils.java:logGet(44)) - raft.server.rpc.sleep.time = 25ms (default)
2022-01-21 22:41:44,524 [pool-188-thread-1] INFO  server.RaftServerConfigKeys (ConfUtils.java:logGet(44)) - raft.server.rpc.slowness.timeout = 120000ms (custom)
2022-01-21 22:41:44,524 [pool-188-thread-1] INFO  server.RaftServerConfigKeys (ConfUtils.java:logGet(44)) - raft.server.leaderelection.leader.step-down.wait-time = 10s (default)
2022-01-21 22:41:44,524 [pool-188-thread-1] INFO  server.RaftServerConfigKeys (ConfUtils.java:logGet(44)) - raft.server.sleep.deviation.threshold = 300ms (default)
2022-01-21 22:41:44,524 [pool-188-thread-1] INFO  server.RaftServerConfigKeys (ConfUtils.java:logGet(44)) - raft.server.log.appender.install.snapshot.enabled = false (custom)
2022-01-21 22:41:44,524 [pool-188-thread-1] INFO  server.RaftServer$Division (ServerState.java:<init>(105)) - ae63a35f-302e-44fc-ab4d-43f01902f64a@group-A807118E8034: ConfigurationManager, init=-1: [ae63a35f-302e-44fc-ab4d-43f01902f64a|rpc:fv-az148-708:9894|priority:0], old=null, confs=<EMPTY_MAP>
2022-01-21 22:41:44,524 [pool-188-thread-1] INFO  server.RaftServerConfigKeys (ConfUtils.java:logGet(44)) - raft.server.storage.dir = [/home/runner/work/ozone/ozone/hadoop-ozone/integration-test/target/test-dir/MiniOzoneClusterImpl-5c2351a1-b605-4f96-be75-a807118e8034/ozone-meta/scm-ha] (custom)
2022-01-21 22:41:44,530 [pool-188-thread-1] INFO  server.RaftServerConfigKeys (ConfUtils.java:logGet(44)) - raft.server.log.corruption.policy = EXCEPTION (default)
2022-01-21 22:41:44,530 [pool-188-thread-1] INFO  server.RaftServerConfigKeys (ConfUtils.java:logGet(44)) - raft.server.storage.free-space.min = 0MB (=0) (default)
2022-01-21 22:41:44,530 [pool-188-thread-1] INFO  storage.RaftStorageDirectory (RaftStorageDirectoryImpl.java:analyzeStorage(135)) - The storage directory /home/runner/work/ozone/ozone/hadoop-ozone/integration-test/target/test-dir/MiniOzoneClusterImpl-5c2351a1-b605-4f96-be75-a807118e8034/ozone-meta/scm-ha/5c2351a1-b605-4f96-be75-a807118e8034 does not exist. Creating ...
2022-01-21 22:41:44,539 [pool-188-thread-1] INFO  storage.RaftStorageDirectory (RaftStorageDirectoryImpl.java:tryLock(230)) - Lock on /home/runner/work/ozone/ozone/hadoop-ozone/integration-test/target/test-dir/MiniOzoneClusterImpl-5c2351a1-b605-4f96-be75-a807118e8034/ozone-meta/scm-ha/5c2351a1-b605-4f96-be75-a807118e8034/in_use.lock acquired by nodename 27576@fv-az148-708
2022-01-21 22:41:44,544 [pool-188-thread-1] INFO  storage.RaftStorage (RaftStorageImpl.java:format(89)) - Storage directory /home/runner/work/ozone/ozone/hadoop-ozone/integration-test/target/test-dir/MiniOzoneClusterImpl-5c2351a1-b605-4f96-be75-a807118e8034/ozone-meta/scm-ha/5c2351a1-b605-4f96-be75-a807118e8034 has been successfully formatted.
2022-01-21 22:41:44,544 [pool-188-thread-1] INFO  server.RaftServerConfigKeys (ConfUtils.java:logGet(44)) - raft.server.notification.no-leader.timeout = 60s (default)
2022-01-21 22:41:44,544 [pool-188-thread-1] INFO  server.RaftServerConfigKeys (ConfUtils.java:logGet(44)) - raft.server.log.use.memory = false (default)
2022-01-21 22:41:44,544 [pool-188-thread-1] INFO  server.RaftServerConfigKeys (ConfUtils.java:logGet(44)) - raft.server.log.purge.gap = 1000000 (custom)
2022-01-21 22:41:44,544 [pool-188-thread-1] INFO  server.RaftServerConfigKeys (ConfUtils.java:logGet(44)) - raft.server.log.appender.buffer.byte-limit = 33554432 (custom)
2022-01-21 22:41:44,544 [pool-188-thread-1] INFO  server.RaftServerConfigKeys (ConfUtils.java:logGet(44)) - raft.server.log.segment.size.max = 4194304 (custom)
2022-01-21 22:41:44,552 [pool-188-thread-1] INFO  server.RaftServerConfigKeys (ConfUtils.java:logGet(44)) - raft.server.log.segment.cache.num.max = 2 (custom)
2022-01-21 22:41:44,552 [pool-188-thread-1] INFO  server.RaftServerConfigKeys (ConfUtils.java:logGet(44)) - raft.server.log.segment.cache.size.max = 200MB (=209715200) (default)
2022-01-21 22:41:44,552 [pool-188-thread-1] INFO  segmented.SegmentedRaftLogWorker (SegmentedRaftLogWorker.java:<init>(182)) - new ae63a35f-302e-44fc-ab4d-43f01902f64a@group-A807118E8034-SegmentedRaftLogWorker for RaftStorageImpl:Storage Directory /home/runner/work/ozone/ozone/hadoop-ozone/integration-test/target/test-dir/MiniOzoneClusterImpl-5c2351a1-b605-4f96-be75-a807118e8034/ozone-meta/scm-ha/5c2351a1-b605-4f96-be75-a807118e8034
2022-01-21 22:41:44,552 [pool-188-thread-1] INFO  server.RaftServerConfigKeys (ConfUtils.java:logGet(44)) - raft.server.log.queue.byte-limit = 64MB (=67108864) (default)
2022-01-21 22:41:44,552 [pool-188-thread-1] INFO  server.RaftServerConfigKeys (ConfUtils.java:logGet(44)) - raft.server.log.queue.element-limit = 4096 (default)
2022-01-21 22:41:44,552 [pool-188-thread-1] INFO  server.RaftServerConfigKeys (ConfUtils.java:logGet(44)) - raft.server.log.segment.size.max = 4194304 (custom)
2022-01-21 22:41:44,552 [pool-188-thread-1] INFO  server.RaftServerConfigKeys (ConfUtils.java:logGet(44)) - raft.server.log.preallocated.size = 4194304 (custom)
2022-01-21 22:41:44,552 [pool-188-thread-1] INFO  server.RaftServerConfigKeys (ConfUtils.java:logGet(44)) - raft.server.log.force.sync.num = 128 (default)
2022-01-21 22:41:44,552 [pool-188-thread-1] INFO  server.RaftServerConfigKeys (ConfUtils.java:logGet(44)) - raft.server.log.statemachine.data.sync = true (default)
2022-01-21 22:41:44,552 [pool-188-thread-1] INFO  server.RaftServerConfigKeys (ConfUtils.java:logGet(44)) - raft.server.log.statemachine.data.sync.timeout = 10s (default)
2022-01-21 22:41:44,552 [pool-188-thread-1] INFO  server.RaftServerConfigKeys (ConfUtils.java:logGet(44)) - raft.server.log.statemachine.data.sync.timeout.retry = -1 (default)
2022-01-21 22:41:44,553 [pool-188-thread-1] INFO  server.RaftServerConfigKeys (ConfUtils.java:logGet(44)) - raft.server.log.write.buffer.size = 64KB (=65536) (default)
2022-01-21 22:41:44,553 [pool-188-thread-1] INFO  server.RaftServerConfigKeys (ConfUtils.java:logGet(44)) - raft.server.log.statemachine.data.caching.enabled = false (default)
2022-01-21 22:41:44,553 [pool-188-thread-1] INFO  segmented.SegmentedRaftLogWorker (SegmentedRaftLogWorker.java:lambda$new$0(133)) - ae63a35f-302e-44fc-ab4d-43f01902f64a@group-A807118E8034-SegmentedRaftLogWorker: flushIndex: setUnconditionally 0 -> -1
2022-01-21 22:41:44,553 [pool-188-thread-1] INFO  segmented.SegmentedRaftLogWorker (SegmentedRaftLogWorker.java:lambda$new$0(133)) - ae63a35f-302e-44fc-ab4d-43f01902f64a@group-A807118E8034-SegmentedRaftLogWorker: safeCacheEvictIndex: setUnconditionally 0 -> -1
2022-01-21 22:41:44,567 [pool-188-thread-1] INFO  server.RaftServerConfigKeys (ConfUtils.java:logGet(44)) - raft.server.snapshot.auto.trigger.enabled = true (custom)
2022-01-21 22:41:44,567 [pool-188-thread-1] INFO  server.RaftServerConfigKeys (ConfUtils.java:logGet(44)) - raft.server.snapshot.auto.trigger.threshold = 1000 (custom)
2022-01-21 22:41:44,568 [pool-188-thread-1] INFO  server.RaftServerConfigKeys (ConfUtils.java:logGet(44)) - raft.server.snapshot.retention.file.num = -1 (default)
2022-01-21 22:41:44,568 [pool-188-thread-1] INFO  server.RaftServerConfigKeys (ConfUtils.java:logGet(44)) - raft.server.log.purge.upto.snapshot.index = false (default)
2022-01-21 22:41:44,568 [pool-188-thread-1] INFO  server.RaftServerConfigKeys (ConfUtils.java:logGet(44)) - raft.server.retrycache.expirytime = 60000ms (default)
2022-01-21 22:41:44,568 [pool-188-thread-1] INFO  server.RaftServerConfigKeys (ConfUtils.java:logGet(44)) - raft.server.retrycache.statistics.expirytime = 100μs (default)
2022-01-21 22:41:44,569 [Time-limited test] INFO  server.RaftServer$Division (RaftServerImpl.java:start(301)) - ae63a35f-302e-44fc-ab4d-43f01902f64a@group-A807118E8034: start as a follower, conf=-1: [ae63a35f-302e-44fc-ab4d-43f01902f64a|rpc:fv-az148-708:9894|priority:0], old=null
2022-01-21 22:41:44,569 [Time-limited test] INFO  server.RaftServer$Division (RaftServerImpl.java:setRole(290)) - ae63a35f-302e-44fc-ab4d-43f01902f64a@group-A807118E8034: changes role from      null to FOLLOWER at term 0 for startAsFollower
2022-01-21 22:41:44,569 [Time-limited test] INFO  impl.RoleInfo (RoleInfo.java:updateAndGet(130)) - ae63a35f-302e-44fc-ab4d-43f01902f64a: start ae63a35f-302e-44fc-ab4d-43f01902f64a@group-A807118E8034-FollowerState
2022-01-21 22:41:44,575 [Time-limited test] INFO  util.JmxRegister (JmxRegister.java:tryRegister(44)) - Successfully registered JMX Bean with object name Ratis:service=RaftServer,group=group-A807118E8034,id=ae63a35f-302e-44fc-ab4d-43f01902f64a
2022-01-21 22:41:44,579 [Time-limited test] INFO  server.RaftServer (RaftServerProxy.java:lambda$start$5(374)) - ae63a35f-302e-44fc-ab4d-43f01902f64a: start RPC server
2022-01-21 22:41:44,580 [Time-limited test] INFO  server.GrpcService (GrpcService.java:startImpl(253)) - ae63a35f-302e-44fc-ab4d-43f01902f64a: GrpcService started, listening on 9894
2022-01-21 22:41:44,603 [org.apache.ratis.util.JvmPauseMonitor$$Lambda$431/1288267183@853d746] INFO  util.JvmPauseMonitor (JvmPauseMonitor.java:run(103)) - JvmPauseMonitor-ae63a35f-302e-44fc-ab4d-43f01902f64a: Started
2022-01-21 22:41:49,645 [ae63a35f-302e-44fc-ab4d-43f01902f64a@group-A807118E8034-FollowerState] INFO  impl.FollowerState (FollowerState.java:run(134)) - ae63a35f-302e-44fc-ab4d-43f01902f64a@group-A807118E8034-FollowerState: change to CANDIDATE, lastRpcElapsedTime:5076153524ns, electionTimeout:5069ms
2022-01-21 22:41:49,645 [ae63a35f-302e-44fc-ab4d-43f01902f64a@group-A807118E8034-FollowerState] INFO  impl.RoleInfo (RoleInfo.java:shutdownFollowerState(108)) - ae63a35f-302e-44fc-ab4d-43f01902f64a: shutdown ae63a35f-302e-44fc-ab4d-43f01902f64a@group-A807118E8034-FollowerState
2022-01-21 22:41:49,646 [ae63a35f-302e-44fc-ab4d-43f01902f64a@group-A807118E8034-FollowerState] INFO  server.RaftServer$Division (RaftServerImpl.java:setRole(290)) - ae63a35f-302e-44fc-ab4d-43f01902f64a@group-A807118E8034: changes role from  FOLLOWER to CANDIDATE at term 0 for changeToCandidate
2022-01-21 22:41:49,646 [ae63a35f-302e-44fc-ab4d-43f01902f64a@group-A807118E8034-FollowerState] INFO  server.RaftServerConfigKeys (ConfUtils.java:logGet(44)) - raft.server.leaderelection.pre-vote = false (custom)
2022-01-21 22:41:49,646 [ae63a35f-302e-44fc-ab4d-43f01902f64a@group-A807118E8034-FollowerState] INFO  impl.RoleInfo (RoleInfo.java:updateAndGet(130)) - ae63a35f-302e-44fc-ab4d-43f01902f64a: start ae63a35f-302e-44fc-ab4d-43f01902f64a@group-A807118E8034-LeaderElection12
2022-01-21 22:41:49,660 [ae63a35f-302e-44fc-ab4d-43f01902f64a@group-A807118E8034-LeaderElection12] INFO  impl.LeaderElection (LeaderElection.java:askForVotes(306)) - ae63a35f-302e-44fc-ab4d-43f01902f64a@group-A807118E8034-LeaderElection12 ELECTION round 0: submit vote requests at term 1 for -1: [ae63a35f-302e-44fc-ab4d-43f01902f64a|rpc:fv-az148-708:9894|priority:0], old=null
2022-01-21 22:41:49,660 [ae63a35f-302e-44fc-ab4d-43f01902f64a@group-A807118E8034-LeaderElection12] INFO  impl.LeaderElection (LeaderElection.java:askForVotes(308)) - ae63a35f-302e-44fc-ab4d-43f01902f64a@group-A807118E8034-LeaderElection12 ELECTION round 0: result PASSED (term=1)
2022-01-21 22:41:49,660 [ae63a35f-302e-44fc-ab4d-43f01902f64a@group-A807118E8034-LeaderElection12] INFO  impl.RoleInfo (RoleInfo.java:shutdownLeaderElection(121)) - ae63a35f-302e-44fc-ab4d-43f01902f64a: shutdown ae63a35f-302e-44fc-ab4d-43f01902f64a@group-A807118E8034-LeaderElection12
2022-01-21 22:41:49,660 [ae63a35f-302e-44fc-ab4d-43f01902f64a@group-A807118E8034-LeaderElection12] INFO  server.RaftServer$Division (RaftServerImpl.java:setRole(290)) - ae63a35f-302e-44fc-ab4d-43f01902f64a@group-A807118E8034: changes role from CANDIDATE to LEADER at term 1 for changeToLeader
2022-01-21 22:41:49,660 [ae63a35f-302e-44fc-ab4d-43f01902f64a@group-A807118E8034-LeaderElection12] INFO  server.RaftServer$Division (ServerState.java:setLeader(285)) - ae63a35f-302e-44fc-ab4d-43f01902f64a@group-A807118E8034: change Leader from null to ae63a35f-302e-44fc-ab4d-43f01902f64a at term 1 for becomeLeader, leader elected after 5116ms
2022-01-21 22:41:49,660 [ae63a35f-302e-44fc-ab4d-43f01902f64a@group-A807118E8034-LeaderElection12] INFO  server.RaftServerConfigKeys (ConfUtils.java:logGet(44)) - raft.server.staging.catchup.gap = 1000 (default)
2022-01-21 22:41:49,660 [ae63a35f-302e-44fc-ab4d-43f01902f64a@group-A807118E8034-LeaderElection12] INFO  server.RaftServerConfigKeys (ConfUtils.java:logGet(44)) - raft.server.write.element-limit = 4096 (default)
2022-01-21 22:41:49,660 [ae63a35f-302e-44fc-ab4d-43f01902f64a@group-A807118E8034-LeaderElection12] INFO  server.RaftServerConfigKeys (ConfUtils.java:logGet(44)) - raft.server.write.byte-limit = 64MB (=67108864) (default)
2022-01-21 22:41:49,661 [ae63a35f-302e-44fc-ab4d-43f01902f64a@group-A807118E8034-LeaderElection12] INFO  server.RaftServerConfigKeys (ConfUtils.java:logGet(44)) - raft.server.watch.timeout = 10s (default)
2022-01-21 22:41:49,661 [ae63a35f-302e-44fc-ab4d-43f01902f64a@group-A807118E8034-LeaderElection12] INFO  server.RaftServerConfigKeys (ConfUtils.java:logGet(44)) - raft.server.watch.timeout.denomination = 1s (default)
2022-01-21 22:41:49,661 [ae63a35f-302e-44fc-ab4d-43f01902f64a@group-A807118E8034-LeaderElection12] INFO  server.RaftServerConfigKeys (ConfUtils.java:logGet(44)) - raft.server.watch.element-limit = 65536 (default)
2022-01-21 22:41:49,661 [ae63a35f-302e-44fc-ab4d-43f01902f64a@group-A807118E8034-LeaderElection12] INFO  server.RaftServerConfigKeys (ConfUtils.java:logGet(44)) - raft.server.write.element-limit = 4096 (default)
2022-01-21 22:41:49,661 [ae63a35f-302e-44fc-ab4d-43f01902f64a@group-A807118E8034-LeaderElection12] INFO  server.RaftServerConfigKeys (ConfUtils.java:logGet(44)) - raft.server.write.follower.gap.ratio.max = -1.0 (default)
2022-01-21 22:41:49,661 [ae63a35f-302e-44fc-ab4d-43f01902f64a@group-A807118E8034-LeaderElection12] INFO  impl.RoleInfo (RoleInfo.java:updateAndGet(130)) - ae63a35f-302e-44fc-ab4d-43f01902f64a: start ae63a35f-302e-44fc-ab4d-43f01902f64a@group-A807118E8034-LeaderStateImpl
2022-01-21 22:41:49,661 [ae63a35f-302e-44fc-ab4d-43f01902f64a@group-A807118E8034-LeaderElection12] INFO  segmented.SegmentedRaftLogWorker (SegmentedRaftLogWorker.java:startLogSegment(394)) - ae63a35f-302e-44fc-ab4d-43f01902f64a@group-A807118E8034-SegmentedRaftLogWorker: Starting segment from index:0
2022-01-21 22:41:49,670 [ae63a35f-302e-44fc-ab4d-43f01902f64a@group-A807118E8034-LeaderElection12] INFO  server.RaftServer$Division (ServerState.java:setRaftConf(387)) - ae63a35f-302e-44fc-ab4d-43f01902f64a@group-A807118E8034: set configuration 0: [ae63a35f-302e-44fc-ab4d-43f01902f64a|rpc:fv-az148-708:9894|admin:|client:|dataStream:|priority:0], old=null
2022-01-21 22:41:49,671 [ae63a35f-302e-44fc-ab4d-43f01902f64a@group-A807118E8034-SegmentedRaftLogWorker] INFO  segmented.SegmentedRaftLogWorker (SegmentedRaftLogWorker.java:execute(601)) - ae63a35f-302e-44fc-ab4d-43f01902f64a@group-A807118E8034-SegmentedRaftLogWorker: created new log segment /home/runner/work/ozone/ozone/hadoop-ozone/integration-test/target/test-dir/MiniOzoneClusterImpl-5c2351a1-b605-4f96-be75-a807118e8034/ozone-meta/scm-ha/5c2351a1-b605-4f96-be75-a807118e8034/current/log_inprogress_0
2022-01-21 22:41:50,584 [Time-limited test] INFO  server.RaftServer (RaftServerProxy.java:lambda$close$6(391)) - ae63a35f-302e-44fc-ab4d-43f01902f64a: close
2022-01-21 22:41:50,584 [Time-limited test] INFO  server.RaftServer$Division (RaftServerImpl.java:lambda$close$4(412)) - ae63a35f-302e-44fc-ab4d-43f01902f64a@group-A807118E8034: shutdown
2022-01-21 22:41:50,584 [Time-limited test] INFO  util.JmxRegister (JmxRegister.java:unregister(73)) - Successfully un-registered JMX Bean with object name Ratis:service=RaftServer,group=group-A807118E8034,id=ae63a35f-302e-44fc-ab4d-43f01902f64a
2022-01-21 22:41:50,584 [Time-limited test] INFO  impl.RoleInfo (RoleInfo.java:shutdownLeaderState(91)) - ae63a35f-302e-44fc-ab4d-43f01902f64a: shutdown ae63a35f-302e-44fc-ab4d-43f01902f64a@group-A807118E8034-LeaderStateImpl
2022-01-21 22:41:50,585 [Time-limited test] INFO  impl.PendingRequests (PendingRequests.java:sendNotLeaderResponses(282)) - ae63a35f-302e-44fc-ab4d-43f01902f64a@group-A807118E8034-PendingRequests: sendNotLeaderResponses
2022-01-21 22:41:50,585 [Time-limited test] INFO  impl.StateMachineUpdater (StateMachineUpdater.java:stopAndJoin(149)) - ae63a35f-302e-44fc-ab4d-43f01902f64a@group-A807118E8034-StateMachineUpdater: set stopIndex = 0
2022-01-21 22:41:50,585 [ae63a35f-302e-44fc-ab4d-43f01902f64a@group-A807118E8034-StateMachineUpdater] INFO  impl.StateMachineUpdater (StateMachineUpdater.java:takeSnapshot(281)) - ae63a35f-302e-44fc-ab4d-43f01902f64a@group-A807118E8034-StateMachineUpdater: Took a snapshot at index 0
2022-01-21 22:41:50,585 [ae63a35f-302e-44fc-ab4d-43f01902f64a@group-A807118E8034-StateMachineUpdater] INFO  impl.StateMachineUpdater (StateMachineUpdater.java:lambda$new$0(89)) - ae63a35f-302e-44fc-ab4d-43f01902f64a@group-A807118E8034-StateMachineUpdater: snapshotIndex: updateIncreasingly -1 -> 0
2022-01-21 22:41:50,587 [Time-limited test] INFO  server.RaftServer$Division (ServerState.java:close(419)) - ae63a35f-302e-44fc-ab4d-43f01902f64a@group-A807118E8034: closes. applyIndex: 0
2022-01-21 22:41:50,588 [ae63a35f-302e-44fc-ab4d-43f01902f64a@group-A807118E8034-SegmentedRaftLogWorker] INFO  segmented.SegmentedRaftLogWorker (SegmentedRaftLogWorker.java:run(327)) - ae63a35f-302e-44fc-ab4d-43f01902f64a@group-A807118E8034-SegmentedRaftLogWorker was interrupted, exiting. There are 0 tasks remaining in the queue.
2022-01-21 22:41:50,590 [Time-limited test] INFO  segmented.SegmentedRaftLogWorker (SegmentedRaftLogWorker.java:close(237)) - ae63a35f-302e-44fc-ab4d-43f01902f64a@group-A807118E8034-SegmentedRaftLogWorker close()
2022-01-21 22:41:50,591 [Time-limited test] INFO  server.GrpcService (GrpcService.java:closeImpl(262)) - ae63a35f-302e-44fc-ab4d-43f01902f64a: shutdown server with port 9894 now
2022-01-21 22:41:50,591 [Time-limited test] INFO  server.GrpcService (GrpcService.java:closeImpl(271)) - ae63a35f-302e-44fc-ab4d-43f01902f64a: shutdown server with port 9894 successfully
2022-01-21 22:41:50,591 [org.apache.ratis.util.JvmPauseMonitor$$Lambda$431/1288267183@853d746] INFO  util.JvmPauseMonitor (JvmPauseMonitor.java:run(109)) - JvmPauseMonitor-ae63a35f-302e-44fc-ab4d-43f01902f64a: Stopped
2022-01-21 22:41:50,591 [Time-limited test] INFO  ha.SCMHANodeDetails (SCMHANodeDetails.java:loadSCMHAConfig(157)) - ServiceID for StorageContainerManager is null
2022-01-21 22:41:50,591 [Time-limited test] INFO  ha.SCMHANodeDetails (SCMHANodeDetails.java:loadSCMHAConfig(162)) - ozone.scm.default.service.id is not defined, falling back to ozone.scm.service.ids to find serviceID for StorageContainerManager if it is HA enabled cluster
2022-01-21 22:41:50,592 [Time-limited test] WARN  server.ServerUtils (ServerUtils.java:getScmDbDir(148)) - ozone.scm.db.dirs is not configured. We recommend adding this setting. Falling back to ozone.metadata.dirs instead.
2022-01-21 22:41:50,592 [Time-limited test] INFO  upgrade.AbstractLayoutVersionManager (AbstractLayoutVersionManager.java:init(79)) - Initializing Layout version manager with metadata layout = SCM_HA (version = 2), software layout = SCM_HA (version = 2)
2022-01-21 22:41:50,624 [Time-limited test] INFO  reflections.Reflections (Reflections.java:scan(232)) - Reflections took 31 ms to scan 7 urls, producing 119 keys and 279 values 
2022-01-21 22:41:50,647 [Time-limited test] WARN  utils.HAUtils (HAUtils.java:getMetaDir(342)) - ozone.scm.db.dirs is not configured. We recommend adding this setting. Falling back to ozone.metadata.dirs instead.
2022-01-21 22:41:50,649 [Time-limited test] WARN  db.DBStoreBuilder (DBStoreBuilder.java:applyDBDefinition(145)) - ozone.scm.db.dirs is not configured. We recommend adding this setting. Falling back to ozone.metadata.dirs instead.
2022-01-21 22:41:50,787 [Time-limited test] INFO  net.NodeSchemaLoader (NodeSchemaLoader.java:loadSchemaFromFile(129)) - Loading schema from [jar:file:/home/runner/.m2/repository/org/apache/ozone/hdds-common/1.3.0-SNAPSHOT/hdds-common-1.3.0-SNAPSHOT.jar!/network-topology-default.xml]
2022-01-21 22:41:50,788 [Time-limited test] INFO  net.NodeSchemaLoader (NodeSchemaLoader.java:loadSchema(176)) - Loading network topology layer schema file
2022-01-21 22:41:50,790 [Time-limited test] INFO  ha.SCMRatisServerImpl (SCMRatisServerImpl.java:<init>(87)) - starting Raft server for scm:ae63a35f-302e-44fc-ab4d-43f01902f64a
2022-01-21 22:41:50,791 [Time-limited test] INFO  server.RaftServer (ConfUtils.java:logGet(44)) - raft.rpc.type = GRPC (default)
2022-01-21 22:41:50,791 [Time-limited test] INFO  grpc.GrpcFactory (GrpcFactory.java:checkPooledByteBufAllocatorUseCacheForAllThreads(48)) - PERFORMANCE WARNING: useCacheForAllThreads is true that may cause Netty to create a lot garbage objects and, as a result, trigger GC.
	It is recommended to disable useCacheForAllThreads by setting -Dorg.apache.ratis.thirdparty.io.netty.allocator.useCacheForAllThreads=false in command line.
2022-01-21 22:41:50,791 [Time-limited test] INFO  grpc.GrpcConfigKeys (ConfUtils.java:logGet(44)) - raft.grpc.admin.port = -1 (default)
2022-01-21 22:41:50,792 [Time-limited test] INFO  grpc.GrpcConfigKeys (ConfUtils.java:logGet(44)) - raft.grpc.server.port = 9894 (custom)
2022-01-21 22:41:50,792 [Time-limited test] INFO  grpc.GrpcConfigKeys (ConfUtils.java:logGet(44)) - raft.grpc.client.port = -1 (default)
2022-01-21 22:41:50,793 [Time-limited test] INFO  grpc.GrpcConfigKeys (ConfUtils.java:logGet(44)) - raft.grpc.server.port = 9894 (custom)
2022-01-21 22:41:50,793 [Time-limited test] INFO  grpc.GrpcConfigKeys (ConfUtils.java:logGet(44)) - raft.grpc.server.port = 9894 (custom)
2022-01-21 22:41:50,794 [Time-limited test] INFO  server.GrpcService (ConfUtils.java:logGet(44)) - raft.grpc.message.size.max = 32m (=33554432) (custom)
2022-01-21 22:41:50,794 [Time-limited test] INFO  server.RaftServerConfigKeys (ConfUtils.java:logGet(44)) - raft.server.log.appender.buffer.byte-limit = 33554432 (custom)
2022-01-21 22:41:50,794 [Time-limited test] INFO  server.GrpcService (ConfUtils.java:logGet(44)) - raft.grpc.flow.control.window = 1MB (=1048576) (default)
2022-01-21 22:41:50,794 [Time-limited test] INFO  server.RaftServerConfigKeys (ConfUtils.java:logGet(44)) - raft.server.rpc.request.timeout = 30000ms (custom)
2022-01-21 22:41:50,795 [Time-limited test] INFO  impl.DataStreamServerImpl (ConfUtils.java:logGet(44)) - raft.datastream.type = DISABLED (default)
2022-01-21 22:41:50,802 [Time-limited test] INFO  server.RaftServerConfigKeys (ConfUtils.java:logGet(44)) - raft.server.rpc.slowness.timeout = 120000ms (custom)
2022-01-21 22:41:50,802 [Time-limited test] INFO  server.RaftServerConfigKeys (ConfUtils.java:logGet(44)) - raft.server.leaderelection.leader.step-down.wait-time = 10s (default)
2022-01-21 22:41:50,802 [Time-limited test] INFO  server.RaftServerConfigKeys (ConfUtils.java:logGet(44)) - raft.server.storage.dir = [/home/runner/work/ozone/ozone/hadoop-ozone/integration-test/target/test-dir/MiniOzoneClusterImpl-5c2351a1-b605-4f96-be75-a807118e8034/ozone-meta/scm-ha] (custom)
2022-01-21 22:41:50,803 [Time-limited test] INFO  server.RaftServer (RaftServerProxy.java:lambda$null$1(235)) - ae63a35f-302e-44fc-ab4d-43f01902f64a: found a subdirectory /home/runner/work/ozone/ozone/hadoop-ozone/integration-test/target/test-dir/MiniOzoneClusterImpl-5c2351a1-b605-4f96-be75-a807118e8034/ozone-meta/scm-ha/5c2351a1-b605-4f96-be75-a807118e8034
2022-01-21 22:41:50,807 [Time-limited test] INFO  server.RaftServer (RaftServerProxy.java:addNew(95)) - ae63a35f-302e-44fc-ab4d-43f01902f64a: addNew group-A807118E8034:[] returns group-A807118E8034:java.util.concurrent.CompletableFuture@2761a9e4[Not completed]
2022-01-21 22:41:50,807 [pool-201-thread-1] INFO  server.RaftServer$Division (RaftServerImpl.java:<init>(184)) - ae63a35f-302e-44fc-ab4d-43f01902f64a: new RaftServerImpl for group-A807118E8034:[] with SCMStateMachine:uninitialized
2022-01-21 22:41:50,824 [pool-201-thread-1] INFO  server.RaftServerConfigKeys (ConfUtils.java:logGet(44)) - raft.server.rpc.timeout.min = 5000ms (custom)
2022-01-21 22:41:50,824 [pool-201-thread-1] INFO  server.RaftServerConfigKeys (ConfUtils.java:logGet(44)) - raft.server.rpc.timeout.max = 5200ms (custom)
2022-01-21 22:41:50,824 [pool-201-thread-1] INFO  server.RaftServerConfigKeys (ConfUtils.java:logGet(44)) - raft.server.rpc.sleep.time = 25ms (default)
2022-01-21 22:41:50,824 [pool-201-thread-1] INFO  server.RaftServerConfigKeys (ConfUtils.java:logGet(44)) - raft.server.rpc.slowness.timeout = 120000ms (custom)
2022-01-21 22:41:50,824 [pool-201-thread-1] INFO  server.RaftServerConfigKeys (ConfUtils.java:logGet(44)) - raft.server.leaderelection.leader.step-down.wait-time = 10s (default)
2022-01-21 22:41:50,824 [pool-201-thread-1] INFO  server.RaftServerConfigKeys (ConfUtils.java:logGet(44)) - raft.server.sleep.deviation.threshold = 300ms (default)
2022-01-21 22:41:50,824 [pool-201-thread-1] INFO  server.RaftServerConfigKeys (ConfUtils.java:logGet(44)) - raft.server.log.appender.install.snapshot.enabled = false (custom)
2022-01-21 22:41:50,824 [pool-201-thread-1] INFO  server.RaftServer$Division (ServerState.java:<init>(105)) - ae63a35f-302e-44fc-ab4d-43f01902f64a@group-A807118E8034: ConfigurationManager, init=-1: [], old=null, confs=<EMPTY_MAP>
2022-01-21 22:41:50,824 [pool-201-thread-1] INFO  server.RaftServerConfigKeys (ConfUtils.java:logGet(44)) - raft.server.storage.dir = [/home/runner/work/ozone/ozone/hadoop-ozone/integration-test/target/test-dir/MiniOzoneClusterImpl-5c2351a1-b605-4f96-be75-a807118e8034/ozone-meta/scm-ha] (custom)
2022-01-21 22:41:50,824 [pool-201-thread-1] INFO  server.RaftServerConfigKeys (ConfUtils.java:logGet(44)) - raft.server.log.corruption.policy = EXCEPTION (default)
2022-01-21 22:41:50,824 [pool-201-thread-1] INFO  server.RaftServerConfigKeys (ConfUtils.java:logGet(44)) - raft.server.storage.free-space.min = 0MB (=0) (default)
2022-01-21 22:41:50,825 [pool-201-thread-1] INFO  storage.RaftStorageDirectory (RaftStorageDirectoryImpl.java:tryLock(230)) - Lock on /home/runner/work/ozone/ozone/hadoop-ozone/integration-test/target/test-dir/MiniOzoneClusterImpl-5c2351a1-b605-4f96-be75-a807118e8034/ozone-meta/scm-ha/5c2351a1-b605-4f96-be75-a807118e8034/in_use.lock acquired by nodename 27576@fv-az148-708
2022-01-21 22:41:50,826 [pool-201-thread-1] INFO  storage.RaftStorage (RaftStorageImpl.java:analyzeAndRecoverStorage(110)) - Read RaftStorageMetadata{term=1, votedFor=ae63a35f-302e-44fc-ab4d-43f01902f64a} from /home/runner/work/ozone/ozone/hadoop-ozone/integration-test/target/test-dir/MiniOzoneClusterImpl-5c2351a1-b605-4f96-be75-a807118e8034/ozone-meta/scm-ha/5c2351a1-b605-4f96-be75-a807118e8034/current/raft-meta
2022-01-21 22:41:50,826 [pool-201-thread-1] INFO  server.RaftServer$Division (ServerState.java:setRaftConf(387)) - ae63a35f-302e-44fc-ab4d-43f01902f64a@group-A807118E8034: set configuration 0: [ae63a35f-302e-44fc-ab4d-43f01902f64a|rpc:fv-az148-708:9894|admin:|client:|dataStream:|priority:0], old=null
2022-01-21 22:41:50,826 [pool-201-thread-1] INFO  server.RaftServerConfigKeys (ConfUtils.java:logGet(44)) - raft.server.notification.no-leader.timeout = 60s (default)
2022-01-21 22:41:50,826 [pool-201-thread-1] INFO  server.RaftServerConfigKeys (ConfUtils.java:logGet(44)) - raft.server.log.use.memory = false (default)
2022-01-21 22:41:50,826 [pool-201-thread-1] INFO  server.RaftServerConfigKeys (ConfUtils.java:logGet(44)) - raft.server.log.purge.gap = 1000000 (custom)
2022-01-21 22:41:50,826 [pool-201-thread-1] INFO  server.RaftServerConfigKeys (ConfUtils.java:logGet(44)) - raft.server.log.appender.buffer.byte-limit = 33554432 (custom)
2022-01-21 22:41:50,826 [pool-201-thread-1] INFO  server.RaftServerConfigKeys (ConfUtils.java:logGet(44)) - raft.server.log.segment.size.max = 4194304 (custom)
2022-01-21 22:41:50,827 [pool-201-thread-1] INFO  server.RaftServerConfigKeys (ConfUtils.java:logGet(44)) - raft.server.log.segment.cache.num.max = 2 (custom)
2022-01-21 22:41:50,827 [pool-201-thread-1] INFO  server.RaftServerConfigKeys (ConfUtils.java:logGet(44)) - raft.server.log.segment.cache.size.max = 200MB (=209715200) (default)
2022-01-21 22:41:50,827 [pool-201-thread-1] INFO  segmented.SegmentedRaftLogWorker (SegmentedRaftLogWorker.java:<init>(182)) - new ae63a35f-302e-44fc-ab4d-43f01902f64a@group-A807118E8034-SegmentedRaftLogWorker for RaftStorageImpl:Storage Directory /home/runner/work/ozone/ozone/hadoop-ozone/integration-test/target/test-dir/MiniOzoneClusterImpl-5c2351a1-b605-4f96-be75-a807118e8034/ozone-meta/scm-ha/5c2351a1-b605-4f96-be75-a807118e8034
2022-01-21 22:41:50,827 [pool-201-thread-1] INFO  server.RaftServerConfigKeys (ConfUtils.java:logGet(44)) - raft.server.log.queue.byte-limit = 64MB (=67108864) (default)
2022-01-21 22:41:50,827 [pool-201-thread-1] INFO  server.RaftServerConfigKeys (ConfUtils.java:logGet(44)) - raft.server.log.queue.element-limit = 4096 (default)
2022-01-21 22:41:50,827 [pool-201-thread-1] INFO  server.RaftServerConfigKeys (ConfUtils.java:logGet(44)) - raft.server.log.segment.size.max = 4194304 (custom)
2022-01-21 22:41:50,827 [pool-201-thread-1] INFO  server.RaftServerConfigKeys (ConfUtils.java:logGet(44)) - raft.server.log.preallocated.size = 4194304 (custom)
2022-01-21 22:41:50,827 [pool-201-thread-1] INFO  server.RaftServerConfigKeys (ConfUtils.java:logGet(44)) - raft.server.log.force.sync.num = 128 (default)
2022-01-21 22:41:50,827 [pool-201-thread-1] INFO  server.RaftServerConfigKeys (ConfUtils.java:logGet(44)) - raft.server.log.statemachine.data.sync = true (default)
2022-01-21 22:41:50,827 [pool-201-thread-1] INFO  server.RaftServerConfigKeys (ConfUtils.java:logGet(44)) - raft.server.log.statemachine.data.sync.timeout = 10s (default)
2022-01-21 22:41:50,827 [pool-201-thread-1] INFO  server.RaftServerConfigKeys (ConfUtils.java:logGet(44)) - raft.server.log.statemachine.data.sync.timeout.retry = -1 (default)
2022-01-21 22:41:50,832 [pool-201-thread-1] INFO  server.RaftServerConfigKeys (ConfUtils.java:logGet(44)) - raft.server.log.write.buffer.size = 64KB (=65536) (default)
2022-01-21 22:41:50,836 [pool-201-thread-1] INFO  server.RaftServerConfigKeys (ConfUtils.java:logGet(44)) - raft.server.log.statemachine.data.caching.enabled = false (default)
2022-01-21 22:41:50,836 [pool-201-thread-1] INFO  server.RaftServer$Division (ServerState.java:setRaftConf(387)) - ae63a35f-302e-44fc-ab4d-43f01902f64a@group-A807118E8034: set configuration 0: [ae63a35f-302e-44fc-ab4d-43f01902f64a|rpc:fv-az148-708:9894|admin:|client:|dataStream:|priority:0], old=null
2022-01-21 22:41:50,837 [pool-201-thread-1] INFO  segmented.LogSegment (LogSegment.java:loadSegment(173)) - Successfully read 1 entries from segment file /home/runner/work/ozone/ozone/hadoop-ozone/integration-test/target/test-dir/MiniOzoneClusterImpl-5c2351a1-b605-4f96-be75-a807118e8034/ozone-meta/scm-ha/5c2351a1-b605-4f96-be75-a807118e8034/current/log_inprogress_0
2022-01-21 22:41:50,843 [pool-201-thread-1] INFO  segmented.SegmentedRaftLogWorker (SegmentedRaftLogWorker.java:lambda$new$0(133)) - ae63a35f-302e-44fc-ab4d-43f01902f64a@group-A807118E8034-SegmentedRaftLogWorker: flushIndex: setUnconditionally 0 -> 0
2022-01-21 22:41:50,844 [pool-201-thread-1] INFO  segmented.SegmentedRaftLogWorker (SegmentedRaftLogWorker.java:lambda$new$0(133)) - ae63a35f-302e-44fc-ab4d-43f01902f64a@group-A807118E8034-SegmentedRaftLogWorker: safeCacheEvictIndex: setUnconditionally 0 -> -1
2022-01-21 22:41:50,854 [pool-201-thread-1] INFO  server.RaftServerConfigKeys (ConfUtils.java:logGet(44)) - raft.server.snapshot.auto.trigger.enabled = true (custom)
2022-01-21 22:41:50,854 [pool-201-thread-1] INFO  server.RaftServerConfigKeys (ConfUtils.java:logGet(44)) - raft.server.snapshot.auto.trigger.threshold = 1000 (custom)
2022-01-21 22:41:50,854 [pool-201-thread-1] INFO  server.RaftServerConfigKeys (ConfUtils.java:logGet(44)) - raft.server.snapshot.retention.file.num = -1 (default)
2022-01-21 22:41:50,854 [pool-201-thread-1] INFO  server.RaftServerConfigKeys (ConfUtils.java:logGet(44)) - raft.server.log.purge.upto.snapshot.index = false (default)
2022-01-21 22:41:50,854 [pool-201-thread-1] INFO  server.RaftServerConfigKeys (ConfUtils.java:logGet(44)) - raft.server.retrycache.expirytime = 60000ms (default)
2022-01-21 22:41:50,855 [pool-201-thread-1] INFO  server.RaftServerConfigKeys (ConfUtils.java:logGet(44)) - raft.server.retrycache.statistics.expirytime = 100μs (default)
2022-01-21 22:41:50,859 [Time-limited test] INFO  ha.SCMSnapshotProvider (SCMSnapshotProvider.java:<init>(66)) - Initializing SCM Snapshot Provider
2022-01-21 22:41:50,860 [Time-limited test] WARN  server.ServerUtils (ServerUtils.java:getDefaultRatisDirectory(237)) - Storage directory for Ratis is not configured. It is a good idea to map this to an SSD disk. Falling back to ozone.metadata.dirs
2022-01-21 22:41:50,860 [Time-limited test] WARN  ha.SCMHAUtils (SCMHAUtils.java:getSCMRatisSnapshotDirectory(146)) - SCM snapshot dir is not configured. Falling back to ozone.metadata.dirs config
2022-01-21 22:41:50,861 [Time-limited test] INFO  ha.SequenceIdGenerator (SequenceIdGenerator.java:upgradeToSequenceId(347)) - upgrade localId to 109611004723200000
2022-01-21 22:41:50,867 [Time-limited test] INFO  ha.SequenceIdGenerator (SequenceIdGenerator.java:upgradeToSequenceId(357)) - upgrade delTxnId to 0
2022-01-21 22:41:50,868 [Time-limited test] INFO  ha.SequenceIdGenerator (SequenceIdGenerator.java:upgradeToSequenceId(371)) - upgrade containerId to 0
2022-01-21 22:41:50,868 [Time-limited test] INFO  ha.SequenceIdGenerator (SequenceIdGenerator.java:<init>(218)) - Init the HA SequenceIdGenerator.
2022-01-21 22:41:50,868 [Time-limited test] WARN  server.ServerUtils (ServerUtils.java:sanitizeUserArgs(73)) - ozone.scm.stale.node.interval value = 300000 is larger than max = 100000 based on the key value of ozone.scm.heartbeat.thread.interval, reset to the max value 100000.
2022-01-21 22:41:50,868 [Time-limited test] WARN  server.ServerUtils (ServerUtils.java:sanitizeUserArgs(73)) - ozone.scm.stale.node.interval value = 300000 is larger than max = 100000 based on the key value of ozone.scm.heartbeat.thread.interval, reset to the max value 100000.
2022-01-21 22:41:50,868 [Time-limited test] INFO  node.SCMNodeManager (SCMNodeManager.java:<init>(144)) - Entering startup safe mode.
2022-01-21 22:41:50,869 [Time-limited test] INFO  algorithms.ContainerPlacementPolicyFactory (ContainerPlacementPolicyFactory.java:getPolicy(60)) - Create container placement policy of type org.apache.hadoop.hdds.scm.container.placement.algorithms.SCMContainerPlacementRandom
2022-01-21 22:41:50,872 [Time-limited test] INFO  pipeline.PipelineStateManagerImpl (PipelineStateManagerImpl.java:initialize(78)) - No pipeline exists in current db
2022-01-21 22:41:50,872 [Time-limited test] INFO  algorithms.LeaderChoosePolicyFactory (LeaderChoosePolicyFactory.java:getPolicy(57)) - Create leader choose policy of type org.apache.hadoop.hdds.scm.pipeline.leader.choose.algorithms.MinLeaderCountChoosePolicy
2022-01-21 22:41:50,889 [Time-limited test] INFO  ha.SCMServiceManager (SCMServiceManager.java:register(43)) - Registering service BackgroundPipelineCreator.
2022-01-21 22:41:50,889 [Time-limited test] INFO  pipeline.BackgroundPipelineCreator (BackgroundPipelineCreator.java:start(130)) - Starting RatisPipelineUtilsThread.
2022-01-21 22:41:50,896 [Time-limited test] INFO  algorithms.PipelineChoosePolicyFactory (PipelineChoosePolicyFactory.java:createPipelineChoosePolicyFromClass(73)) - Create pipeline choose policy of type org.apache.hadoop.hdds.scm.pipeline.choose.algorithms.RandomPipelineChoosePolicy
2022-01-21 22:41:50,896 [Time-limited test] INFO  ha.SCMServiceManager (SCMServiceManager.java:register(43)) - Registering service SCMBlockDeletingService.
2022-01-21 22:41:50,896 [Time-limited test] INFO  ha.SCMServiceManager (SCMServiceManager.java:register(43)) - Registering service ReplicationManager.
2022-01-21 22:41:50,897 [Time-limited test] INFO  container.ReplicationManager (ReplicationManager.java:start(326)) - Starting Replication Monitor Thread.
2022-01-21 22:41:50,897 [Time-limited test] INFO  safemode.ContainerSafeModeRule (ContainerSafeModeRule.java:<init>(89)) - containers with one replica threshold count 0
2022-01-21 22:41:50,897 [Time-limited test] INFO  safemode.HealthyPipelineSafeModeRule (HealthyPipelineSafeModeRule.java:initializeRule(156)) - Total pipeline count is 0, healthy pipeline threshold count is 1
2022-01-21 22:41:50,897 [Time-limited test] INFO  safemode.OneReplicaPipelineSafeModeRule (OneReplicaPipelineSafeModeRule.java:initializeRule(180)) - Total pipeline count is 0, pipeline's with at least one datanode reported threshold count is 0
2022-01-21 22:41:50,908 [ReplicationMonitor] INFO  container.ReplicationManager (ReplicationManager.java:processAll(382)) - Replication Monitor Thread took 0 milliseconds for processing 0 containers.
2022-01-21 22:41:50,923 [Time-limited test] INFO  ipc.CallQueueManager (CallQueueManager.java:<init>(90)) - Using callQueue: class java.util.concurrent.LinkedBlockingQueue, queueCapacity: 2000, scheduler: class org.apache.hadoop.ipc.DefaultRpcScheduler, ipcBackoff: false.
2022-01-21 22:41:50,930 [Socket Reader #1 for port 0] INFO  ipc.Server (Server.java:run(1265)) - Starting Socket Reader #1 for port 0
2022-01-21 22:41:50,940 [Listener at 0.0.0.0/36573] INFO  ipc.CallQueueManager (CallQueueManager.java:<init>(90)) - Using callQueue: class java.util.concurrent.LinkedBlockingQueue, queueCapacity: 2000, scheduler: class org.apache.hadoop.ipc.DefaultRpcScheduler, ipcBackoff: false.
2022-01-21 22:41:50,952 [Listener at 0.0.0.0/43095] INFO  ipc.CallQueueManager (CallQueueManager.java:<init>(90)) - Using callQueue: class java.util.concurrent.LinkedBlockingQueue, queueCapacity: 2000, scheduler: class org.apache.hadoop.ipc.DefaultRpcScheduler, ipcBackoff: false.
2022-01-21 22:41:50,953 [Socket Reader #1 for port 0] INFO  ipc.Server (Server.java:run(1265)) - Starting Socket Reader #1 for port 0
2022-01-21 22:41:50,953 [Socket Reader #1 for port 0] INFO  ipc.Server (Server.java:run(1265)) - Starting Socket Reader #1 for port 0
2022-01-21 22:41:50,994 [Listener at 0.0.0.0/33369] INFO  algorithms.ContainerPlacementPolicyFactory (ContainerPlacementPolicyFactory.java:getPolicy(60)) - Create container placement policy of type org.apache.hadoop.hdds.scm.container.placement.algorithms.SCMContainerPlacementRandom
2022-01-21 22:41:50,994 [Listener at 0.0.0.0/33369] INFO  server.StorageContainerManager (StorageContainerManager.java:<init>(388)) - 
Container Balancer status:
Key                            Value
Running                        false
Container Balancer Configuration values:
Key                                                Value
Threshold                                          10
Max Datanodes to Involve per Iteration(percent)    20
Max Size to Move per Iteration                     500GB
Max Size Entering Target per Iteration             26GB
Max Size Leaving Source per Iteration              26GB

2022-01-21 22:41:50,994 [Listener at 0.0.0.0/33369] WARN  events.EventQueue (EventQueue.java:fireEvent(194)) - No event handler registered for event TypedEvent{payloadType=SafeModeStatus, name='Safe mode status'}
2022-01-21 22:41:50,994 [Listener at 0.0.0.0/33369] INFO  ha.SCMContext (SCMContext.java:updateSafeModeStatus(211)) - Update SafeModeStatus from SafeModeStatus{safeModeStatus=true, preCheckPassed=false} to SafeModeStatus{safeModeStatus=true, preCheckPassed=false}.
2022-01-21 22:41:50,995 [Listener at 0.0.0.0/33369] INFO  server.StorageContainerManager (StorageContainerManager.java:start(1303)) - StorageContainerLocationProtocol RPC server is listening at /0.0.0.0:33369
2022-01-21 22:41:50,995 [Listener at 0.0.0.0/33369] INFO  ha.SCMRatisServerImpl (SCMRatisServerImpl.java:start(177)) - starting ratis server 0.0.0.0:9894
2022-01-21 22:41:50,995 [Listener at 0.0.0.0/33369] INFO  server.RaftServer$Division (RaftServerImpl.java:start(301)) - ae63a35f-302e-44fc-ab4d-43f01902f64a@group-A807118E8034: start as a follower, conf=0: [ae63a35f-302e-44fc-ab4d-43f01902f64a|rpc:fv-az148-708:9894|admin:|client:|dataStream:|priority:0], old=null
2022-01-21 22:41:50,995 [Listener at 0.0.0.0/33369] INFO  server.RaftServer$Division (RaftServerImpl.java:setRole(290)) - ae63a35f-302e-44fc-ab4d-43f01902f64a@group-A807118E8034: changes role from      null to FOLLOWER at term 1 for startAsFollower
2022-01-21 22:41:50,995 [Listener at 0.0.0.0/33369] INFO  impl.RoleInfo (RoleInfo.java:updateAndGet(130)) - ae63a35f-302e-44fc-ab4d-43f01902f64a: start ae63a35f-302e-44fc-ab4d-43f01902f64a@group-A807118E8034-FollowerState
2022-01-21 22:41:50,998 [Listener at 0.0.0.0/33369] INFO  util.JmxRegister (JmxRegister.java:tryRegister(44)) - Successfully registered JMX Bean with object name Ratis:service=RaftServer,group=group-A807118E8034,id=ae63a35f-302e-44fc-ab4d-43f01902f64a
2022-01-21 22:41:50,999 [Listener at 0.0.0.0/33369] INFO  server.RaftServer (RaftServerProxy.java:lambda$start$5(374)) - ae63a35f-302e-44fc-ab4d-43f01902f64a: start RPC server
2022-01-21 22:41:51,008 [Listener at 0.0.0.0/33369] INFO  server.GrpcService (GrpcService.java:startImpl(253)) - ae63a35f-302e-44fc-ab4d-43f01902f64a: GrpcService started, listening on 9894
2022-01-21 22:41:51,008 [Listener at 0.0.0.0/33369] INFO  ha.SCMHAManagerImpl (SCMHAManagerImpl.java:start(121)) -  scm role is FOLLOWER peers [ae63a35f-302e-44fc-ab4d-43f01902f64a|rpc:fv-az148-708:9894|admin:|client:|dataStream:|priority:0]
2022-01-21 22:41:51,008 [Listener at 0.0.0.0/33369] INFO  ha.InterSCMGrpcService (InterSCMGrpcProtocolService.java:start(94)) - Starting SCM Grpc Service at port 9895
2022-01-21 22:41:51,013 [Listener at 0.0.0.0/33369] WARN  impl.MetricsConfig (MetricsConfig.java:loadFirst(136)) - Cannot locate configuration: tried hadoop-metrics2-storagecontainermanager.properties,hadoop-metrics2.properties
2022-01-21 22:41:51,014 [Listener at 0.0.0.0/33369] INFO  impl.MetricsSystemImpl (MetricsSystemImpl.java:startTimer(378)) - Scheduled Metric snapshot period at 10 second(s).
2022-01-21 22:41:51,014 [Listener at 0.0.0.0/33369] INFO  impl.MetricsSystemImpl (MetricsSystemImpl.java:start(191)) - StorageContainerManager metrics system started
2022-01-21 22:41:51,021 [org.apache.ratis.util.JvmPauseMonitor$$Lambda$431/1288267183@32a7bac3] INFO  util.JvmPauseMonitor (JvmPauseMonitor.java:run(103)) - JvmPauseMonitor-ae63a35f-302e-44fc-ab4d-43f01902f64a: Started
2022-01-21 22:41:51,033 [Listener at 0.0.0.0/33369] INFO  impl.MetricsSinkAdapter (MetricsSinkAdapter.java:start(204)) - Sink prometheus started
2022-01-21 22:41:51,035 [Listener at 0.0.0.0/33369] INFO  impl.MetricsSystemImpl (MetricsSystemImpl.java:registerSink(305)) - Registered sink prometheus
2022-01-21 22:41:51,064 [Listener at 0.0.0.0/33369] INFO  server.SCMClientProtocolServer (SCMClientProtocolServer.java:start(164)) - RPC server for Client  is listening at /0.0.0.0:33369
2022-01-21 22:41:51,067 [IPC Server Responder] INFO  ipc.Server (Server.java:run(1507)) - IPC Server Responder: starting
2022-01-21 22:41:51,067 [IPC Server listener on 0] INFO  ipc.Server (Server.java:run(1344)) - IPC Server listener on 0: starting
2022-01-21 22:41:51,071 [Listener at 0.0.0.0/33369] INFO  server.StorageContainerManager (StorageContainerManager.java:start(1318)) - ScmBlockLocationProtocol RPC server is listening at /0.0.0.0:43095
2022-01-21 22:41:51,072 [Listener at 0.0.0.0/33369] INFO  server.SCMBlockProtocolServer (SCMBlockProtocolServer.java:start(151)) - RPC server for Block Protocol is listening at /0.0.0.0:43095
2022-01-21 22:41:51,083 [IPC Server Responder] INFO  ipc.Server (Server.java:run(1507)) - IPC Server Responder: starting
2022-01-21 22:41:51,090 [IPC Server listener on 0] INFO  ipc.Server (Server.java:run(1344)) - IPC Server listener on 0: starting
2022-01-21 22:41:51,101 [Listener at 0.0.0.0/33369] INFO  http.BaseHttpServer (BaseHttpServer.java:newHttpServer2BuilderForOzone(209)) - Starting Web-server for scm at: http://0.0.0.0:0
2022-01-21 22:41:51,101 [Listener at 0.0.0.0/33369] INFO  http.BaseHttpServer (BaseHttpServer.java:<init>(107)) - Hadoop Security Enabled: false Ozone Security Enabled: false Ozone HTTP Security Enabled: false 
2022-01-21 22:41:51,102 [Listener at 0.0.0.0/33369] INFO  server.AuthenticationFilter (AuthenticationFilter.java:constructSecretProvider(240)) - Unable to initialize FileSignerSecretProvider, falling back to use random secrets.
2022-01-21 22:41:51,102 [Listener at 0.0.0.0/33369] WARN  http.HttpRequestLog (HttpRequestLog.java:getRequestLog(103)) - Jetty request log can only be enabled using Log4j
2022-01-21 22:41:51,103 [Listener at 0.0.0.0/33369] INFO  http.HttpServer2 (HttpServer2.java:addGlobalFilter(1030)) - Added global filter 'safety' (class=org.apache.hadoop.hdds.server.http.HttpServer2$QuotingInputFilter)
2022-01-21 22:41:51,104 [Listener at 0.0.0.0/33369] INFO  http.HttpServer2 (HttpServer2.java:addFilter(1006)) - Added filter static_user_filter (class=org.apache.hadoop.http.lib.StaticUserWebFilter$StaticUserFilter) to context scm
2022-01-21 22:41:51,104 [Listener at 0.0.0.0/33369] INFO  http.HttpServer2 (HttpServer2.java:addFilter(1014)) - Added filter static_user_filter (class=org.apache.hadoop.http.lib.StaticUserWebFilter$StaticUserFilter) to context static
2022-01-21 22:41:51,104 [Listener at 0.0.0.0/33369] INFO  http.HttpServer2 (HttpServer2.java:addFilter(1014)) - Added filter static_user_filter (class=org.apache.hadoop.http.lib.StaticUserWebFilter$StaticUserFilter) to context logs
2022-01-21 22:41:51,105 [Listener at 0.0.0.0/33369] INFO  http.HttpServer2 (HttpServer2.java:bindListener(1249)) - Jetty bound to port 35655
2022-01-21 22:41:51,105 [Listener at 0.0.0.0/33369] INFO  server.Server (Server.java:doStart(375)) - jetty-9.4.43.v20210629; built: 2021-06-30T11:07:22.254Z; git: 526006ecfa3af7f1a27ef3a288e2bef7ea9dd7e8; jvm 1.8.0_312-b07
2022-01-21 22:41:51,106 [Listener at 0.0.0.0/33369] INFO  server.session (DefaultSessionIdManager.java:doStart(334)) - DefaultSessionIdManager workerName=node0
2022-01-21 22:41:51,106 [Listener at 0.0.0.0/33369] INFO  server.session (DefaultSessionIdManager.java:doStart(339)) - No SessionScavenger set, using defaults
2022-01-21 22:41:51,106 [Listener at 0.0.0.0/33369] INFO  server.session (HouseKeeper.java:startScavenging(132)) - node0 Scavenging every 660000ms
2022-01-21 22:41:51,107 [Listener at 0.0.0.0/33369] INFO  handler.ContextHandler (ContextHandler.java:doStart(915)) - Started o.e.j.s.ServletContextHandler@11cbf162{logs,/logs,file:///home/runner/work/ozone/ozone/hadoop-ozone/integration-test/target/log,AVAILABLE}
2022-01-21 22:41:51,107 [Listener at 0.0.0.0/33369] INFO  handler.ContextHandler (ContextHandler.java:doStart(915)) - Started o.e.j.s.ServletContextHandler@57211fa9{static,/static,file:///home/runner/work/ozone/ozone/hadoop-ozone/integration-test/target/test-classes/webapps/static,AVAILABLE}
2022-01-21 22:41:51,110 [Listener at 0.0.0.0/33369] INFO  handler.ContextHandler (ContextHandler.java:doStart(915)) - Started o.e.j.w.WebAppContext@3aad4c48{scm,/,file:///home/runner/work/ozone/ozone/hadoop-ozone/integration-test/target/test-classes/webapps/scm/,AVAILABLE}{file:/home/runner/work/ozone/ozone/hadoop-ozone/integration-test/target/test-classes/webapps/scm}
2022-01-21 22:41:51,120 [Listener at 0.0.0.0/33369] INFO  server.AbstractConnector (AbstractConnector.java:doStart(331)) - Started ServerConnector@4fea9d51{HTTP/1.1, (http/1.1)}{0.0.0.0:35655}
2022-01-21 22:41:51,120 [Listener at 0.0.0.0/33369] INFO  server.Server (Server.java:doStart(415)) - Started @83715ms
2022-01-21 22:41:51,120 [Listener at 0.0.0.0/33369] WARN  impl.MetricsSystemImpl (MetricsSystemImpl.java:register(279)) - Sink prometheus already exists!
2022-01-21 22:41:51,120 [Listener at 0.0.0.0/33369] INFO  http.BaseHttpServer (BaseHttpServer.java:updateConnectorAddress(329)) - HTTP server of scm listening at http://0.0.0.0:35655
2022-01-21 22:41:51,121 [Listener at 0.0.0.0/33369] WARN  server.ServerUtils (ServerUtils.java:getDBPath(225)) - ozone.om.db.dirs is not configured. We recommend adding this setting. Falling back to ozone.metadata.dirs instead.
2022-01-21 22:41:51,121 [org.apache.hadoop.util.JvmPauseMonitor$Monitor@c8ad3c8] INFO  util.JvmPauseMonitor (JvmPauseMonitor.java:run(188)) - Starting JVM pause monitor
2022-01-21 22:41:51,122 [Listener at 0.0.0.0/33369] INFO  ha.OMHANodeDetails (OMHANodeDetails.java:loadOMHAConfig(112)) - ozone.om.internal.service.id is not defined, falling back to ozone.om.service.ids to find serviceID for OzoneManager if it is HA enabled cluster
2022-01-21 22:41:51,122 [Listener at 0.0.0.0/33369] INFO  ha.OMHANodeDetails (OMHANodeDetails.java:loadOMHAConfig(218)) - Configuration does not have ozone.om.address set. Falling back to the default OM address /127.0.0.1:0
2022-01-21 22:41:51,122 [Listener at 0.0.0.0/33369] INFO  ha.OMHANodeDetails (OMHANodeDetails.java:getOMNodeDetailsForNonHA(246)) - OM Service ID is not set. Setting it to the default ID: omServiceIdDefault
2022-01-21 22:41:51,122 [Listener at 0.0.0.0/33369] INFO  ha.OMHANodeDetails (OMHANodeDetails.java:getOMNodeDetailsForNonHA(253)) - OM Node ID is not set. Setting it to the default ID: om1
2022-01-21 22:41:51,122 [Listener at 0.0.0.0/33369] WARN  server.ServerUtils (ServerUtils.java:getDBPath(225)) - ozone.om.db.dirs is not configured. We recommend adding this setting. Falling back to ozone.metadata.dirs instead.
2022-01-21 22:41:51,123 [Listener at 0.0.0.0/33369] INFO  upgrade.AbstractLayoutVersionManager (AbstractLayoutVersionManager.java:init(79)) - Initializing Layout version manager with metadata layout = INITIAL_VERSION (version = 0), software layout = INITIAL_VERSION (version = 0)
2022-01-21 22:41:51,219 [Listener at 0.0.0.0/33369] INFO  reflections.Reflections (Reflections.java:scan(232)) - Reflections took 96 ms to scan 2 urls, producing 133 keys and 348 values [using 2 cores]
2022-01-21 22:41:51,220 [Listener at 0.0.0.0/33369] INFO  upgrade.OMLayoutVersionManager (OMLayoutVersionManager.java:lambda$0(115)) - Skipping Upgrade Action MockOmUpgradeAction since it has been finalized.
2022-01-21 22:41:51,220 [Listener at 0.0.0.0/33369] WARN  server.ServerUtils (ServerUtils.java:getDBPath(225)) - ozone.om.db.dirs is not configured. We recommend adding this setting. Falling back to ozone.metadata.dirs instead.
2022-01-21 22:41:53,263 [Listener at 0.0.0.0/33369] INFO  retry.RetryInvocationHandler (RetryInvocationHandler.java:log(411)) - com.google.protobuf.ServiceException: org.apache.hadoop.ipc.RemoteException(org.apache.hadoop.hdds.ratis.ServerNotLeaderException): Server:ae63a35f-302e-44fc-ab4d-43f01902f64a is not the leader. Could not determine the leader node.
	at org.apache.hadoop.hdds.ratis.ServerNotLeaderException.convertToNotLeaderException(ServerNotLeaderException.java:109)
	at org.apache.hadoop.hdds.scm.ha.RatisUtil.checkRatisException(RatisUtil.java:245)
	at org.apache.hadoop.hdds.scm.protocol.ScmBlockLocationProtocolServerSideTranslatorPB.send(ScmBlockLocationProtocolServerSideTranslatorPB.java:108)
	at org.apache.hadoop.hdds.protocol.proto.ScmBlockLocationProtocolProtos$ScmBlockLocationProtocolService$2.callBlockingMethod(ScmBlockLocationProtocolProtos.java:13937)
	at org.apache.hadoop.ipc.ProtobufRpcEngine$Server.processCall(ProtobufRpcEngine.java:466)
	at org.apache.hadoop.ipc.ProtobufRpcEngine2$Server$ProtoBufRpcInvoker.call(ProtobufRpcEngine2.java:574)
	at org.apache.hadoop.ipc.ProtobufRpcEngine2$Server$ProtoBufRpcInvoker.call(ProtobufRpcEngine2.java:552)
	at org.apache.hadoop.ipc.RPC$Server.call(RPC.java:1093)
	at org.apache.hadoop.ipc.Server$RpcCall.run(Server.java:1035)
	at org.apache.hadoop.ipc.Server$RpcCall.run(Server.java:963)
	at java.security.AccessController.doPrivileged(Native Method)
	at javax.security.auth.Subject.doAs(Subject.java:422)
	at org.apache.hadoop.security.UserGroupInformation.doAs(UserGroupInformation.java:1878)
	at org.apache.hadoop.ipc.Server$Handler.run(Server.java:2966)
, while invoking $Proxy44.send over nodeId=scmNodeId,nodeAddress=/0.0.0.0:43095 after 1 failover attempts. Trying to failover after sleeping for 2000ms.
2022-01-21 22:41:55,268 [Listener at 0.0.0.0/33369] INFO  retry.RetryInvocationHandler (RetryInvocationHandler.java:log(411)) - com.google.protobuf.ServiceException: org.apache.hadoop.ipc.RemoteException(org.apache.hadoop.hdds.ratis.ServerNotLeaderException): Server:ae63a35f-302e-44fc-ab4d-43f01902f64a is not the leader. Could not determine the leader node.
	at org.apache.hadoop.hdds.ratis.ServerNotLeaderException.convertToNotLeaderException(ServerNotLeaderException.java:109)
	at org.apache.hadoop.hdds.scm.ha.RatisUtil.checkRatisException(RatisUtil.java:245)
	at org.apache.hadoop.hdds.scm.protocol.ScmBlockLocationProtocolServerSideTranslatorPB.send(ScmBlockLocationProtocolServerSideTranslatorPB.java:108)
	at org.apache.hadoop.hdds.protocol.proto.ScmBlockLocationProtocolProtos$ScmBlockLocationProtocolService$2.callBlockingMethod(ScmBlockLocationProtocolProtos.java:13937)
	at org.apache.hadoop.ipc.ProtobufRpcEngine$Server.processCall(ProtobufRpcEngine.java:466)
	at org.apache.hadoop.ipc.ProtobufRpcEngine2$Server$ProtoBufRpcInvoker.call(ProtobufRpcEngine2.java:574)
	at org.apache.hadoop.ipc.ProtobufRpcEngine2$Server$ProtoBufRpcInvoker.call(ProtobufRpcEngine2.java:552)
	at org.apache.hadoop.ipc.RPC$Server.call(RPC.java:1093)
	at org.apache.hadoop.ipc.Server$RpcCall.run(Server.java:1035)
	at org.apache.hadoop.ipc.Server$RpcCall.run(Server.java:963)
	at java.security.AccessController.doPrivileged(Native Method)
	at javax.security.auth.Subject.doAs(Subject.java:422)
	at org.apache.hadoop.security.UserGroupInformation.doAs(UserGroupInformation.java:1878)
	at org.apache.hadoop.ipc.Server$Handler.run(Server.java:2966)
, while invoking $Proxy44.send over nodeId=scmNodeId,nodeAddress=/0.0.0.0:43095 after 2 failover attempts. Trying to failover after sleeping for 2000ms.
2022-01-21 22:41:56,081 [ae63a35f-302e-44fc-ab4d-43f01902f64a@group-A807118E8034-FollowerState] INFO  impl.FollowerState (FollowerState.java:run(134)) - ae63a35f-302e-44fc-ab4d-43f01902f64a@group-A807118E8034-FollowerState: change to CANDIDATE, lastRpcElapsedTime:5085769347ns, electionTimeout:5073ms
2022-01-21 22:41:56,082 [ae63a35f-302e-44fc-ab4d-43f01902f64a@group-A807118E8034-FollowerState] INFO  impl.RoleInfo (RoleInfo.java:shutdownFollowerState(108)) - ae63a35f-302e-44fc-ab4d-43f01902f64a: shutdown ae63a35f-302e-44fc-ab4d-43f01902f64a@group-A807118E8034-FollowerState
2022-01-21 22:41:56,082 [ae63a35f-302e-44fc-ab4d-43f01902f64a@group-A807118E8034-FollowerState] INFO  server.RaftServer$Division (RaftServerImpl.java:setRole(290)) - ae63a35f-302e-44fc-ab4d-43f01902f64a@group-A807118E8034: changes role from  FOLLOWER to CANDIDATE at term 1 for changeToCandidate
2022-01-21 22:41:56,082 [ae63a35f-302e-44fc-ab4d-43f01902f64a@group-A807118E8034-FollowerState] INFO  server.RaftServerConfigKeys (ConfUtils.java:logGet(44)) - raft.server.leaderelection.pre-vote = false (custom)
2022-01-21 22:41:56,082 [ae63a35f-302e-44fc-ab4d-43f01902f64a@group-A807118E8034-FollowerState] INFO  impl.RoleInfo (RoleInfo.java:updateAndGet(130)) - ae63a35f-302e-44fc-ab4d-43f01902f64a: start ae63a35f-302e-44fc-ab4d-43f01902f64a@group-A807118E8034-LeaderElection13
2022-01-21 22:41:56,093 [ae63a35f-302e-44fc-ab4d-43f01902f64a@group-A807118E8034-LeaderElection13] INFO  impl.LeaderElection (LeaderElection.java:askForVotes(306)) - ae63a35f-302e-44fc-ab4d-43f01902f64a@group-A807118E8034-LeaderElection13 ELECTION round 0: submit vote requests at term 2 for 0: [ae63a35f-302e-44fc-ab4d-43f01902f64a|rpc:fv-az148-708:9894|admin:|client:|dataStream:|priority:0], old=null
2022-01-21 22:41:56,093 [ae63a35f-302e-44fc-ab4d-43f01902f64a@group-A807118E8034-LeaderElection13] INFO  impl.LeaderElection (LeaderElection.java:askForVotes(308)) - ae63a35f-302e-44fc-ab4d-43f01902f64a@group-A807118E8034-LeaderElection13 ELECTION round 0: result PASSED (term=2)
2022-01-21 22:41:56,093 [ae63a35f-302e-44fc-ab4d-43f01902f64a@group-A807118E8034-LeaderElection13] INFO  impl.RoleInfo (RoleInfo.java:shutdownLeaderElection(121)) - ae63a35f-302e-44fc-ab4d-43f01902f64a: shutdown ae63a35f-302e-44fc-ab4d-43f01902f64a@group-A807118E8034-LeaderElection13
2022-01-21 22:41:56,093 [ae63a35f-302e-44fc-ab4d-43f01902f64a@group-A807118E8034-LeaderElection13] INFO  server.RaftServer$Division (RaftServerImpl.java:setRole(290)) - ae63a35f-302e-44fc-ab4d-43f01902f64a@group-A807118E8034: changes role from CANDIDATE to LEADER at term 2 for changeToLeader
2022-01-21 22:41:56,093 [ae63a35f-302e-44fc-ab4d-43f01902f64a@group-A807118E8034-LeaderElection13] INFO  ha.SCMStateMachine (SCMStateMachine.java:notifyLeaderChanged(259)) - current SCM becomes leader of term 2.
2022-01-21 22:41:56,093 [ae63a35f-302e-44fc-ab4d-43f01902f64a@group-A807118E8034-LeaderElection13] INFO  ha.SCMContext (SCMContext.java:updateLeaderAndTerm(90)) - update <isLeader,term> from <false,0> to <true,2>
2022-01-21 22:41:56,093 [ae63a35f-302e-44fc-ab4d-43f01902f64a@group-A807118E8034-LeaderElection13] INFO  server.RaftServer$Division (ServerState.java:setLeader(285)) - ae63a35f-302e-44fc-ab4d-43f01902f64a@group-A807118E8034: change Leader from null to ae63a35f-302e-44fc-ab4d-43f01902f64a at term 2 for becomeLeader, leader elected after 5267ms
2022-01-21 22:41:56,094 [ae63a35f-302e-44fc-ab4d-43f01902f64a@group-A807118E8034-LeaderElection13] INFO  server.RaftServerConfigKeys (ConfUtils.java:logGet(44)) - raft.server.staging.catchup.gap = 1000 (default)
2022-01-21 22:41:56,094 [ae63a35f-302e-44fc-ab4d-43f01902f64a@group-A807118E8034-LeaderElection13] INFO  server.RaftServerConfigKeys (ConfUtils.java:logGet(44)) - raft.server.write.element-limit = 4096 (default)
2022-01-21 22:41:56,094 [ae63a35f-302e-44fc-ab4d-43f01902f64a@group-A807118E8034-LeaderElection13] INFO  server.RaftServerConfigKeys (ConfUtils.java:logGet(44)) - raft.server.write.byte-limit = 64MB (=67108864) (default)
2022-01-21 22:41:56,094 [ae63a35f-302e-44fc-ab4d-43f01902f64a@group-A807118E8034-LeaderElection13] INFO  server.RaftServerConfigKeys (ConfUtils.java:logGet(44)) - raft.server.watch.timeout = 10s (default)
2022-01-21 22:41:56,094 [ae63a35f-302e-44fc-ab4d-43f01902f64a@group-A807118E8034-LeaderElection13] INFO  server.RaftServerConfigKeys (ConfUtils.java:logGet(44)) - raft.server.watch.timeout.denomination = 1s (default)
2022-01-21 22:41:56,094 [ae63a35f-302e-44fc-ab4d-43f01902f64a@group-A807118E8034-LeaderElection13] INFO  server.RaftServerConfigKeys (ConfUtils.java:logGet(44)) - raft.server.watch.element-limit = 65536 (default)
2022-01-21 22:41:56,094 [ae63a35f-302e-44fc-ab4d-43f01902f64a@group-A807118E8034-LeaderElection13] INFO  server.RaftServerConfigKeys (ConfUtils.java:logGet(44)) - raft.server.write.element-limit = 4096 (default)
2022-01-21 22:41:56,094 [ae63a35f-302e-44fc-ab4d-43f01902f64a@group-A807118E8034-LeaderElection13] INFO  server.RaftServerConfigKeys (ConfUtils.java:logGet(44)) - raft.server.write.follower.gap.ratio.max = -1.0 (default)
2022-01-21 22:41:56,094 [ae63a35f-302e-44fc-ab4d-43f01902f64a@group-A807118E8034-LeaderElection13] INFO  impl.RoleInfo (RoleInfo.java:updateAndGet(130)) - ae63a35f-302e-44fc-ab4d-43f01902f64a: start ae63a35f-302e-44fc-ab4d-43f01902f64a@group-A807118E8034-LeaderStateImpl
2022-01-21 22:41:56,095 [ae63a35f-302e-44fc-ab4d-43f01902f64a@group-A807118E8034-LeaderElection13] INFO  segmented.SegmentedRaftLogWorker (SegmentedRaftLogWorker.java:rollLogSegment(399)) - ae63a35f-302e-44fc-ab4d-43f01902f64a@group-A807118E8034-SegmentedRaftLogWorker: Rolling segment log-0_0 to index:0
2022-01-21 22:41:56,096 [ae63a35f-302e-44fc-ab4d-43f01902f64a@group-A807118E8034-SegmentedRaftLogWorker] INFO  segmented.SegmentedRaftLogWorker (SegmentedRaftLogWorker.java:execute(558)) - ae63a35f-302e-44fc-ab4d-43f01902f64a@group-A807118E8034-SegmentedRaftLogWorker: Rolled log segment from /home/runner/work/ozone/ozone/hadoop-ozone/integration-test/target/test-dir/MiniOzoneClusterImpl-5c2351a1-b605-4f96-be75-a807118e8034/ozone-meta/scm-ha/5c2351a1-b605-4f96-be75-a807118e8034/current/log_inprogress_0 to /home/runner/work/ozone/ozone/hadoop-ozone/integration-test/target/test-dir/MiniOzoneClusterImpl-5c2351a1-b605-4f96-be75-a807118e8034/ozone-meta/scm-ha/5c2351a1-b605-4f96-be75-a807118e8034/current/log_0-0
2022-01-21 22:41:56,110 [ae63a35f-302e-44fc-ab4d-43f01902f64a@group-A807118E8034-LeaderElection13] INFO  server.RaftServer$Division (ServerState.java:setRaftConf(387)) - ae63a35f-302e-44fc-ab4d-43f01902f64a@group-A807118E8034: set configuration 1: [ae63a35f-302e-44fc-ab4d-43f01902f64a|rpc:fv-az148-708:9894|admin:|client:|dataStream:|priority:0], old=null
2022-01-21 22:41:56,112 [ae63a35f-302e-44fc-ab4d-43f01902f64a@group-A807118E8034-SegmentedRaftLogWorker] INFO  segmented.SegmentedRaftLogWorker (SegmentedRaftLogWorker.java:execute(601)) - ae63a35f-302e-44fc-ab4d-43f01902f64a@group-A807118E8034-SegmentedRaftLogWorker: created new log segment /home/runner/work/ozone/ozone/hadoop-ozone/integration-test/target/test-dir/MiniOzoneClusterImpl-5c2351a1-b605-4f96-be75-a807118e8034/ozone-meta/scm-ha/5c2351a1-b605-4f96-be75-a807118e8034/current/log_inprogress_1
2022-01-21 22:41:56,113 [ae63a35f-302e-44fc-ab4d-43f01902f64a@group-A807118E8034-StateMachineUpdater] INFO  ha.SCMContext (SCMContext.java:setLeaderReady(117)) - update <isLeaderReady> from <false> to <true>
2022-01-21 22:41:56,118 [ae63a35f-302e-44fc-ab4d-43f01902f64a@group-A807118E8034-StateMachineUpdater] INFO  pipeline.BackgroundPipelineCreator (BackgroundPipelineCreator.java:notifyStatusChanged(264)) - Service BackgroundPipelineCreator transitions to RUNNING.
2022-01-21 22:41:56,118 [ae63a35f-302e-44fc-ab4d-43f01902f64a@group-A807118E8034-StateMachineUpdater] INFO  safemode.HealthyPipelineSafeModeRule (HealthyPipelineSafeModeRule.java:initializeRule(152)) - Refreshed total pipeline count is 0, healthy pipeline threshold count is 1
2022-01-21 22:41:56,118 [ae63a35f-302e-44fc-ab4d-43f01902f64a@group-A807118E8034-StateMachineUpdater] INFO  safemode.ContainerSafeModeRule (ContainerSafeModeRule.java:reInitializeRule(177)) - Refreshed one replica container threshold 0, currentThreshold 0
2022-01-21 22:41:56,118 [ae63a35f-302e-44fc-ab4d-43f01902f64a@group-A807118E8034-StateMachineUpdater] INFO  safemode.OneReplicaPipelineSafeModeRule (OneReplicaPipelineSafeModeRule.java:initializeRule(176)) - Refreshed Total pipeline count is 0, pipeline's with at least one datanode reported threshold count is 0
2022-01-21 22:41:56,118 [ae63a35f-302e-44fc-ab4d-43f01902f64a@group-A807118E8034-StateMachineUpdater] INFO  server.SCMDatanodeProtocolServer (SCMDatanodeProtocolServer.java:start(181)) - ScmDatanodeProtocol RPC server for DataNodes is listening at /0.0.0.0:36573
2022-01-21 22:41:56,122 [IPC Server listener on 0] INFO  ipc.Server (Server.java:run(1344)) - IPC Server listener on 0: starting
2022-01-21 22:41:56,136 [IPC Server Responder] INFO  ipc.Server (Server.java:run(1507)) - IPC Server Responder: starting
2022-01-21 22:41:57,271 [Listener at 0.0.0.0/33369] WARN  server.ServerUtils (ServerUtils.java:getDBPath(225)) - ozone.om.db.dirs is not configured. We recommend adding this setting. Falling back to ozone.metadata.dirs instead.
2022-01-21 22:41:57,271 [Listener at 0.0.0.0/33369] INFO  codec.OmKeyInfoCodec (OmKeyInfoCodec.java:<init>(50)) - OmKeyInfoCodec ignorePipeline = true
2022-01-21 22:41:57,271 [Listener at 0.0.0.0/33369] INFO  codec.RepeatedOmKeyInfoCodec (RepeatedOmKeyInfoCodec.java:<init>(42)) - RepeatedOmKeyInfoCodec ignorePipeline = true
2022-01-21 22:41:57,442 [Listener at 0.0.0.0/33369] INFO  om.OzoneManager (OzoneManager.java:addS3GVolumeToDB(3732)) - Created Volume s3v With Owner runner required for S3Gateway operations.
2022-01-21 22:41:57,442 [Listener at 0.0.0.0/33369] WARN  server.ServerUtils (ServerUtils.java:getDefaultRatisDirectory(237)) - Storage directory for Ratis is not configured. It is a good idea to map this to an SSD disk. Falling back to ozone.metadata.dirs
2022-01-21 22:41:57,443 [Listener at 0.0.0.0/33369] WARN  utils.OzoneManagerRatisUtils (OzoneManagerRatisUtils.java:getOMRatisSnapshotDirectory(330)) - ozone.om.ratis.snapshot.dir is not configured. Falling back to ozone.metadata.dirs config
2022-01-21 22:41:57,443 [Listener at 0.0.0.0/33369] WARN  impl.MetricRegistriesImpl (MetricRegistriesImpl.java:addReporterRegistration(111)) - New reporters are added after registries were created. Some metrics will be missing from the reporter. Please add reporter before adding any new registry.
2022-01-21 22:41:57,443 [Listener at 0.0.0.0/33369] WARN  impl.MetricRegistriesImpl (MetricRegistriesImpl.java:addReporterRegistration(111)) - New reporters are added after registries were created. Some metrics will be missing from the reporter. Please add reporter before adding any new registry.
2022-01-21 22:41:57,443 [Listener at 0.0.0.0/33369] WARN  server.ServerUtils (ServerUtils.java:getDefaultRatisDirectory(237)) - Storage directory for Ratis is not configured. It is a good idea to map this to an SSD disk. Falling back to ozone.metadata.dirs
2022-01-21 22:41:57,444 [Listener at 0.0.0.0/33369] INFO  ratis.OzoneManagerRatisServer (OzoneManagerRatisServer.java:<init>(159)) - Instantiating OM Ratis server with groupID: omServiceIdDefault and peers: localhost:9872
2022-01-21 22:41:57,447 [Listener at 0.0.0.0/33369] INFO  ratis.OzoneManagerStateMachine (OzoneManagerStateMachine.java:loadSnapshotInfoFromDB(605)) - LastAppliedIndex is set from TransactionInfo from OM DB as (t:0, i:~)
2022-01-21 22:41:57,459 [Listener at 0.0.0.0/33369] INFO  server.RaftServer (ConfUtils.java:logGet(44)) - raft.rpc.type = GRPC (default)
2022-01-21 22:41:57,459 [Listener at 0.0.0.0/33369] INFO  grpc.GrpcFactory (GrpcFactory.java:checkPooledByteBufAllocatorUseCacheForAllThreads(48)) - PERFORMANCE WARNING: useCacheForAllThreads is true that may cause Netty to create a lot garbage objects and, as a result, trigger GC.
	It is recommended to disable useCacheForAllThreads by setting -Dorg.apache.ratis.thirdparty.io.netty.allocator.useCacheForAllThreads=false in command line.
2022-01-21 22:41:57,459 [Listener at 0.0.0.0/33369] INFO  grpc.GrpcConfigKeys (ConfUtils.java:logGet(44)) - raft.grpc.admin.port = -1 (default)
2022-01-21 22:41:57,459 [Listener at 0.0.0.0/33369] INFO  grpc.GrpcConfigKeys (ConfUtils.java:logGet(44)) - raft.grpc.server.port = 9872 (custom)
2022-01-21 22:41:57,460 [Listener at 0.0.0.0/33369] INFO  grpc.GrpcConfigKeys (ConfUtils.java:logGet(44)) - raft.grpc.client.port = -1 (default)
2022-01-21 22:41:57,460 [Listener at 0.0.0.0/33369] INFO  grpc.GrpcConfigKeys (ConfUtils.java:logGet(44)) - raft.grpc.server.port = 9872 (custom)
2022-01-21 22:41:57,460 [Listener at 0.0.0.0/33369] INFO  grpc.GrpcConfigKeys (ConfUtils.java:logGet(44)) - raft.grpc.server.port = 9872 (custom)
2022-01-21 22:41:57,460 [Listener at 0.0.0.0/33369] INFO  server.GrpcService (ConfUtils.java:logGet(44)) - raft.grpc.message.size.max = 33554432 (custom)
2022-01-21 22:41:57,460 [Listener at 0.0.0.0/33369] INFO  server.RaftServerConfigKeys (ConfUtils.java:logGet(44)) - raft.server.log.appender.buffer.byte-limit = 33554432 (custom)
2022-01-21 22:41:57,460 [Listener at 0.0.0.0/33369] INFO  server.GrpcService (ConfUtils.java:logGet(44)) - raft.grpc.flow.control.window = 1MB (=1048576) (default)
2022-01-21 22:41:57,460 [Listener at 0.0.0.0/33369] INFO  server.RaftServerConfigKeys (ConfUtils.java:logGet(44)) - raft.server.rpc.request.timeout = 3000ms (default)
2022-01-21 22:41:57,462 [Listener at 0.0.0.0/33369] INFO  impl.DataStreamServerImpl (ConfUtils.java:logGet(44)) - raft.datastream.type = DISABLED (default)
2022-01-21 22:41:57,465 [Listener at 0.0.0.0/33369] INFO  server.RaftServerConfigKeys (ConfUtils.java:logGet(44)) - raft.server.rpc.slowness.timeout = 120s (custom)
2022-01-21 22:41:57,465 [Listener at 0.0.0.0/33369] INFO  server.RaftServerConfigKeys (ConfUtils.java:logGet(44)) - raft.server.leaderelection.leader.step-down.wait-time = 10s (default)
2022-01-21 22:41:57,468 [Listener at 0.0.0.0/33369] INFO  server.RaftServerConfigKeys (ConfUtils.java:logGet(44)) - raft.server.storage.dir = [/home/runner/work/ozone/ozone/hadoop-ozone/integration-test/target/test-dir/MiniOzoneClusterImpl-5c2351a1-b605-4f96-be75-a807118e8034/ozone-meta/ratis] (custom)
2022-01-21 22:41:57,471 [Listener at 0.0.0.0/33369] INFO  server.RaftServer (RaftServerProxy.java:addNew(95)) - om1: addNew group-C5BA1605619E:[om1|rpc:localhost:9872|priority:0] returns group-C5BA1605619E:java.util.concurrent.CompletableFuture@75509e96[Not completed]
2022-01-21 22:41:57,471 [Listener at 0.0.0.0/33369] INFO  om.OzoneManager (OzoneManager.java:initializeRatisServer(1834)) - OzoneManager Ratis server initialized at port 9872
2022-01-21 22:41:57,480 [Listener at 0.0.0.0/33369] INFO  ipc.CallQueueManager (CallQueueManager.java:<init>(90)) - Using callQueue: class java.util.concurrent.LinkedBlockingQueue, queueCapacity: 2000, scheduler: class org.apache.hadoop.ipc.DefaultRpcScheduler, ipcBackoff: false.
2022-01-21 22:41:57,482 [pool-227-thread-1] INFO  server.RaftServer$Division (RaftServerImpl.java:<init>(184)) - om1: new RaftServerImpl for group-C5BA1605619E:[om1|rpc:localhost:9872|priority:0] with OzoneManagerStateMachine:uninitialized
2022-01-21 22:41:57,504 [Socket Reader #1 for port 0] INFO  ipc.Server (Server.java:run(1265)) - Starting Socket Reader #1 for port 0
2022-01-21 22:41:57,532 [pool-227-thread-1] INFO  server.RaftServerConfigKeys (ConfUtils.java:logGet(44)) - raft.server.rpc.timeout.min = 1s (custom)
2022-01-21 22:41:57,532 [pool-227-thread-1] INFO  server.RaftServerConfigKeys (ConfUtils.java:logGet(44)) - raft.server.rpc.timeout.max = 1200ms (custom)
2022-01-21 22:41:57,532 [pool-227-thread-1] INFO  server.RaftServerConfigKeys (ConfUtils.java:logGet(44)) - raft.server.rpc.sleep.time = 25ms (default)
2022-01-21 22:41:57,532 [pool-227-thread-1] INFO  server.RaftServerConfigKeys (ConfUtils.java:logGet(44)) - raft.server.rpc.slowness.timeout = 120s (custom)
2022-01-21 22:41:57,532 [pool-227-thread-1] INFO  server.RaftServerConfigKeys (ConfUtils.java:logGet(44)) - raft.server.leaderelection.leader.step-down.wait-time = 10s (default)
2022-01-21 22:41:57,532 [pool-227-thread-1] INFO  server.RaftServerConfigKeys (ConfUtils.java:logGet(44)) - raft.server.sleep.deviation.threshold = 300ms (default)
2022-01-21 22:41:57,532 [pool-227-thread-1] INFO  server.RaftServerConfigKeys (ConfUtils.java:logGet(44)) - raft.server.log.appender.install.snapshot.enabled = false (custom)
2022-01-21 22:41:57,532 [pool-227-thread-1] INFO  server.RaftServer$Division (ServerState.java:<init>(105)) - om1@group-C5BA1605619E: ConfigurationManager, init=-1: [om1|rpc:localhost:9872|priority:0], old=null, confs=<EMPTY_MAP>
2022-01-21 22:41:57,532 [pool-227-thread-1] INFO  server.RaftServerConfigKeys (ConfUtils.java:logGet(44)) - raft.server.storage.dir = [/home/runner/work/ozone/ozone/hadoop-ozone/integration-test/target/test-dir/MiniOzoneClusterImpl-5c2351a1-b605-4f96-be75-a807118e8034/ozone-meta/ratis] (custom)
2022-01-21 22:41:57,533 [pool-227-thread-1] INFO  server.RaftServerConfigKeys (ConfUtils.java:logGet(44)) - raft.server.log.corruption.policy = EXCEPTION (default)
2022-01-21 22:41:57,533 [pool-227-thread-1] INFO  server.RaftServerConfigKeys (ConfUtils.java:logGet(44)) - raft.server.storage.free-space.min = 0MB (=0) (default)
2022-01-21 22:41:57,533 [pool-227-thread-1] INFO  storage.RaftStorageDirectory (RaftStorageDirectoryImpl.java:analyzeStorage(135)) - The storage directory /home/runner/work/ozone/ozone/hadoop-ozone/integration-test/target/test-dir/MiniOzoneClusterImpl-5c2351a1-b605-4f96-be75-a807118e8034/ozone-meta/ratis/bf265839-605b-3f16-9796-c5ba1605619e does not exist. Creating ...
2022-01-21 22:41:57,534 [pool-227-thread-1] INFO  storage.RaftStorageDirectory (RaftStorageDirectoryImpl.java:tryLock(230)) - Lock on /home/runner/work/ozone/ozone/hadoop-ozone/integration-test/target/test-dir/MiniOzoneClusterImpl-5c2351a1-b605-4f96-be75-a807118e8034/ozone-meta/ratis/bf265839-605b-3f16-9796-c5ba1605619e/in_use.lock acquired by nodename 27576@fv-az148-708
2022-01-21 22:41:57,535 [pool-227-thread-1] INFO  storage.RaftStorage (RaftStorageImpl.java:format(89)) - Storage directory /home/runner/work/ozone/ozone/hadoop-ozone/integration-test/target/test-dir/MiniOzoneClusterImpl-5c2351a1-b605-4f96-be75-a807118e8034/ozone-meta/ratis/bf265839-605b-3f16-9796-c5ba1605619e has been successfully formatted.
2022-01-21 22:41:57,536 [pool-227-thread-1] INFO  server.RaftServerConfigKeys (ConfUtils.java:logGet(44)) - raft.server.notification.no-leader.timeout = 120s (custom)
2022-01-21 22:41:57,536 [pool-227-thread-1] INFO  server.RaftServerConfigKeys (ConfUtils.java:logGet(44)) - raft.server.log.use.memory = false (default)
2022-01-21 22:41:57,536 [pool-227-thread-1] INFO  server.RaftServerConfigKeys (ConfUtils.java:logGet(44)) - raft.server.log.purge.gap = 1000000 (custom)
2022-01-21 22:41:57,536 [pool-227-thread-1] INFO  server.RaftServerConfigKeys (ConfUtils.java:logGet(44)) - raft.server.log.appender.buffer.byte-limit = 33554432 (custom)
2022-01-21 22:41:57,536 [pool-227-thread-1] INFO  server.RaftServerConfigKeys (ConfUtils.java:logGet(44)) - raft.server.log.segment.size.max = 4194304 (custom)
2022-01-21 22:41:57,536 [pool-227-thread-1] INFO  server.RaftServerConfigKeys (ConfUtils.java:logGet(44)) - raft.server.log.segment.cache.num.max = 2 (custom)
2022-01-21 22:41:57,536 [pool-227-thread-1] INFO  server.RaftServerConfigKeys (ConfUtils.java:logGet(44)) - raft.server.log.segment.cache.size.max = 200MB (=209715200) (default)
2022-01-21 22:41:57,536 [pool-227-thread-1] INFO  segmented.SegmentedRaftLogWorker (SegmentedRaftLogWorker.java:<init>(182)) - new om1@group-C5BA1605619E-SegmentedRaftLogWorker for RaftStorageImpl:Storage Directory /home/runner/work/ozone/ozone/hadoop-ozone/integration-test/target/test-dir/MiniOzoneClusterImpl-5c2351a1-b605-4f96-be75-a807118e8034/ozone-meta/ratis/bf265839-605b-3f16-9796-c5ba1605619e
2022-01-21 22:41:57,536 [pool-227-thread-1] INFO  server.RaftServerConfigKeys (ConfUtils.java:logGet(44)) - raft.server.log.queue.byte-limit = 64MB (=67108864) (default)
2022-01-21 22:41:57,537 [pool-227-thread-1] INFO  server.RaftServerConfigKeys (ConfUtils.java:logGet(44)) - raft.server.log.queue.element-limit = 4096 (default)
2022-01-21 22:41:57,537 [pool-227-thread-1] INFO  server.RaftServerConfigKeys (ConfUtils.java:logGet(44)) - raft.server.log.segment.size.max = 4194304 (custom)
2022-01-21 22:41:57,537 [pool-227-thread-1] INFO  server.RaftServerConfigKeys (ConfUtils.java:logGet(44)) - raft.server.log.preallocated.size = 4194304 (custom)
2022-01-21 22:41:57,537 [pool-227-thread-1] INFO  server.RaftServerConfigKeys (ConfUtils.java:logGet(44)) - raft.server.log.force.sync.num = 128 (default)
2022-01-21 22:41:57,537 [pool-227-thread-1] INFO  server.RaftServerConfigKeys (ConfUtils.java:logGet(44)) - raft.server.log.statemachine.data.sync = true (default)
2022-01-21 22:41:57,537 [pool-227-thread-1] INFO  server.RaftServerConfigKeys (ConfUtils.java:logGet(44)) - raft.server.log.statemachine.data.sync.timeout = 10s (default)
2022-01-21 22:41:57,537 [pool-227-thread-1] INFO  server.RaftServerConfigKeys (ConfUtils.java:logGet(44)) - raft.server.log.statemachine.data.sync.timeout.retry = -1 (default)
2022-01-21 22:41:57,538 [pool-227-thread-1] INFO  server.RaftServerConfigKeys (ConfUtils.java:logGet(44)) - raft.server.log.write.buffer.size = 64KB (=65536) (default)
2022-01-21 22:41:57,538 [pool-227-thread-1] INFO  server.RaftServerConfigKeys (ConfUtils.java:logGet(44)) - raft.server.log.statemachine.data.caching.enabled = false (default)
2022-01-21 22:41:57,538 [pool-227-thread-1] INFO  segmented.SegmentedRaftLogWorker (SegmentedRaftLogWorker.java:lambda$new$0(133)) - om1@group-C5BA1605619E-SegmentedRaftLogWorker: flushIndex: setUnconditionally 0 -> -1
2022-01-21 22:41:57,539 [pool-227-thread-1] INFO  segmented.SegmentedRaftLogWorker (SegmentedRaftLogWorker.java:lambda$new$0(133)) - om1@group-C5BA1605619E-SegmentedRaftLogWorker: safeCacheEvictIndex: setUnconditionally 0 -> -1
2022-01-21 22:41:57,542 [pool-227-thread-1] INFO  server.RaftServerConfigKeys (ConfUtils.java:logGet(44)) - raft.server.snapshot.auto.trigger.enabled = true (custom)
2022-01-21 22:41:57,542 [pool-227-thread-1] INFO  server.RaftServerConfigKeys (ConfUtils.java:logGet(44)) - raft.server.snapshot.auto.trigger.threshold = 400000 (default)
2022-01-21 22:41:57,542 [pool-227-thread-1] INFO  server.RaftServerConfigKeys (ConfUtils.java:logGet(44)) - raft.server.snapshot.retention.file.num = -1 (default)
2022-01-21 22:41:57,543 [pool-227-thread-1] INFO  server.RaftServerConfigKeys (ConfUtils.java:logGet(44)) - raft.server.log.purge.upto.snapshot.index = true (custom)
2022-01-21 22:41:57,543 [pool-227-thread-1] INFO  server.RaftServerConfigKeys (ConfUtils.java:logGet(44)) - raft.server.retrycache.expirytime = 300s (custom)
2022-01-21 22:41:57,543 [pool-227-thread-1] INFO  server.RaftServerConfigKeys (ConfUtils.java:logGet(44)) - raft.server.retrycache.statistics.expirytime = 100μs (default)
2022-01-21 22:41:57,549 [Listener at 127.0.0.1/33563] INFO  impl.MetricsSystemImpl (MetricsSystemImpl.java:init(158)) - OzoneManager metrics system started (again)
2022-01-21 22:41:57,584 [Listener at 127.0.0.1/33563] INFO  om.OzoneManager (OzoneManager.java:start(1365)) - OzoneManager RPC server is listening at localhost/127.0.0.1:33563
2022-01-21 22:41:57,584 [Listener at 127.0.0.1/33563] INFO  ratis.OzoneManagerRatisServer (OzoneManagerRatisServer.java:start(554)) - Starting OzoneManagerRatisServer om1 at port 9872
2022-01-21 22:41:57,585 [Listener at 127.0.0.1/33563] INFO  server.RaftServer$Division (RaftServerImpl.java:start(301)) - om1@group-C5BA1605619E: start as a follower, conf=-1: [om1|rpc:localhost:9872|priority:0], old=null
2022-01-21 22:41:57,585 [Listener at 127.0.0.1/33563] INFO  server.RaftServer$Division (RaftServerImpl.java:setRole(290)) - om1@group-C5BA1605619E: changes role from      null to FOLLOWER at term 0 for startAsFollower
2022-01-21 22:41:57,585 [Listener at 127.0.0.1/33563] INFO  impl.RoleInfo (RoleInfo.java:updateAndGet(130)) - om1: start om1@group-C5BA1605619E-FollowerState
2022-01-21 22:41:57,585 [Listener at 127.0.0.1/33563] INFO  util.JmxRegister (JmxRegister.java:tryRegister(44)) - Successfully registered JMX Bean with object name Ratis:service=RaftServer,group=group-C5BA1605619E,id=om1
2022-01-21 22:41:57,586 [Listener at 127.0.0.1/33563] INFO  server.RaftServer (RaftServerProxy.java:lambda$start$5(374)) - om1: start RPC server
2022-01-21 22:41:57,593 [Listener at 127.0.0.1/33563] INFO  server.GrpcService (GrpcService.java:startImpl(253)) - om1: GrpcService started, listening on 9872
2022-01-21 22:41:57,593 [Listener at 127.0.0.1/33563] INFO  om.OzoneManager (OzoneManager.java:start(1381)) - Version File has different layout version (0) than OM DB (null). That is expected if this OM has never been finalized to a newer layout version.
2022-01-21 22:41:57,601 [org.apache.ratis.util.JvmPauseMonitor$$Lambda$431/1288267183@5c1bbb47] INFO  util.JvmPauseMonitor (JvmPauseMonitor.java:run(103)) - JvmPauseMonitor-om1: Started
2022-01-21 22:41:57,608 [Listener at 127.0.0.1/33563] INFO  http.BaseHttpServer (BaseHttpServer.java:newHttpServer2BuilderForOzone(209)) - Starting Web-server for ozoneManager at: http://0.0.0.0:0
2022-01-21 22:41:57,609 [Listener at 127.0.0.1/33563] INFO  http.BaseHttpServer (BaseHttpServer.java:<init>(107)) - Hadoop Security Enabled: false Ozone Security Enabled: false Ozone HTTP Security Enabled: false 
2022-01-21 22:41:57,610 [Listener at 127.0.0.1/33563] INFO  server.AuthenticationFilter (AuthenticationFilter.java:constructSecretProvider(240)) - Unable to initialize FileSignerSecretProvider, falling back to use random secrets.
2022-01-21 22:41:57,623 [Listener at 127.0.0.1/33563] WARN  http.HttpRequestLog (HttpRequestLog.java:getRequestLog(103)) - Jetty request log can only be enabled using Log4j
2022-01-21 22:41:57,624 [Listener at 127.0.0.1/33563] INFO  http.HttpServer2 (HttpServer2.java:addGlobalFilter(1030)) - Added global filter 'safety' (class=org.apache.hadoop.hdds.server.http.HttpServer2$QuotingInputFilter)
2022-01-21 22:41:57,625 [Listener at 127.0.0.1/33563] INFO  http.HttpServer2 (HttpServer2.java:addFilter(1006)) - Added filter static_user_filter (class=org.apache.hadoop.http.lib.StaticUserWebFilter$StaticUserFilter) to context ozoneManager
2022-01-21 22:41:57,625 [Listener at 127.0.0.1/33563] INFO  http.HttpServer2 (HttpServer2.java:addFilter(1014)) - Added filter static_user_filter (class=org.apache.hadoop.http.lib.StaticUserWebFilter$StaticUserFilter) to context logs
2022-01-21 22:41:57,625 [Listener at 127.0.0.1/33563] INFO  http.HttpServer2 (HttpServer2.java:addFilter(1014)) - Added filter static_user_filter (class=org.apache.hadoop.http.lib.StaticUserWebFilter$StaticUserFilter) to context static
2022-01-21 22:41:57,625 [Listener at 127.0.0.1/33563] INFO  http.HttpServer2 (HttpServer2.java:bindListener(1249)) - Jetty bound to port 41077
2022-01-21 22:41:57,625 [Listener at 127.0.0.1/33563] INFO  server.Server (Server.java:doStart(375)) - jetty-9.4.43.v20210629; built: 2021-06-30T11:07:22.254Z; git: 526006ecfa3af7f1a27ef3a288e2bef7ea9dd7e8; jvm 1.8.0_312-b07
2022-01-21 22:41:57,629 [Listener at 127.0.0.1/33563] INFO  server.session (DefaultSessionIdManager.java:doStart(334)) - DefaultSessionIdManager workerName=node0
2022-01-21 22:41:57,629 [Listener at 127.0.0.1/33563] INFO  server.session (DefaultSessionIdManager.java:doStart(339)) - No SessionScavenger set, using defaults
2022-01-21 22:41:57,629 [Listener at 127.0.0.1/33563] INFO  server.session (HouseKeeper.java:startScavenging(132)) - node0 Scavenging every 600000ms
2022-01-21 22:41:57,636 [Listener at 127.0.0.1/33563] INFO  handler.ContextHandler (ContextHandler.java:doStart(915)) - Started o.e.j.s.ServletContextHandler@58207cfa{logs,/logs,file:///home/runner/work/ozone/ozone/hadoop-ozone/integration-test/target/log,AVAILABLE}
2022-01-21 22:41:57,636 [Listener at 127.0.0.1/33563] INFO  handler.ContextHandler (ContextHandler.java:doStart(915)) - Started o.e.j.s.ServletContextHandler@1054fa7f{static,/static,file:///home/runner/work/ozone/ozone/hadoop-ozone/integration-test/target/test-classes/webapps/static,AVAILABLE}
2022-01-21 22:41:57,639 [Listener at 127.0.0.1/33563] INFO  handler.ContextHandler (ContextHandler.java:doStart(915)) - Started o.e.j.w.WebAppContext@24cb1492{ozoneManager,/,file:///home/runner/work/ozone/ozone/hadoop-ozone/integration-test/target/test-classes/webapps/ozoneManager/,AVAILABLE}{file:/home/runner/work/ozone/ozone/hadoop-ozone/integration-test/target/test-classes/webapps/ozoneManager}
2022-01-21 22:41:57,641 [Listener at 127.0.0.1/33563] INFO  server.AbstractConnector (AbstractConnector.java:doStart(331)) - Started ServerConnector@7ae69c0f{HTTP/1.1, (http/1.1)}{0.0.0.0:41077}
2022-01-21 22:41:57,642 [Listener at 127.0.0.1/33563] INFO  server.Server (Server.java:doStart(415)) - Started @90237ms
2022-01-21 22:41:57,642 [Listener at 127.0.0.1/33563] WARN  impl.MetricsSystemImpl (MetricsSystemImpl.java:register(279)) - Sink prometheus already exists!
2022-01-21 22:41:57,642 [Listener at 127.0.0.1/33563] INFO  http.BaseHttpServer (BaseHttpServer.java:updateConnectorAddress(329)) - HTTP server of ozoneManager listening at http://0.0.0.0:41077
2022-01-21 22:41:57,643 [IPC Server Responder] INFO  ipc.Server (Server.java:run(1507)) - IPC Server Responder: starting
2022-01-21 22:41:57,643 [IPC Server listener on 0] INFO  ipc.Server (Server.java:run(1344)) - IPC Server listener on 0: starting
2022-01-21 22:41:57,655 [Listener at 127.0.0.1/33563] INFO  om.OzoneManager (OzoneManager.java:startTrashEmptier(1792)) - Trash Interval set to 0. Files deleted will not move to trash
2022-01-21 22:41:57,674 [Listener at 127.0.0.1/33563] WARN  impl.MetricRegistriesImpl (MetricRegistriesImpl.java:addReporterRegistration(111)) - New reporters are added after registries were created. Some metrics will be missing from the reporter. Please add reporter before adding any new registry.
2022-01-21 22:41:57,674 [Listener at 127.0.0.1/33563] WARN  impl.MetricRegistriesImpl (MetricRegistriesImpl.java:addReporterRegistration(111)) - New reporters are added after registries were created. Some metrics will be missing from the reporter. Please add reporter before adding any new registry.
2022-01-21 22:41:57,674 [Listener at 127.0.0.1/33563] INFO  impl.MetricsSystemImpl (MetricsSystemImpl.java:init(158)) - HddsDatanode metrics system started (again)
2022-01-21 22:41:57,676 [org.apache.hadoop.util.JvmPauseMonitor$Monitor@25da7ab1] INFO  util.JvmPauseMonitor (JvmPauseMonitor.java:run(188)) - Starting JVM pause monitor
2022-01-21 22:41:57,710 [Listener at 127.0.0.1/33563] INFO  ozone.HddsDatanodeService (HddsDatanodeService.java:start(234)) - HddsDatanodeService host:fv-az148-708.bm4ck3pvxvsene1rjriu5fhcdb.bx.internal.cloudapp.net ip:10.1.0.82
2022-01-21 22:41:57,747 [Listener at 127.0.0.1/33563] INFO  upgrade.AbstractLayoutVersionManager (AbstractLayoutVersionManager.java:init(79)) - Initializing Layout version manager with metadata layout = SCM_HA (version = 2), software layout = SCM_HA (version = 2)
2022-01-21 22:41:57,779 [Listener at 127.0.0.1/33563] INFO  reflections.Reflections (Reflections.java:scan(232)) - Reflections took 31 ms to scan 7 urls, producing 119 keys and 279 values 
2022-01-21 22:41:57,780 [Listener at 127.0.0.1/33563] INFO  statemachine.DatanodeStateMachine (DatanodeStateMachine.java:getEndPointTaskThreadPoolSize(222)) - Datanode State Machine Task Thread Pool size 2
2022-01-21 22:41:57,781 [Listener at 127.0.0.1/33563] INFO  volume.HddsVolume (HddsVolume.java:<init>(120)) - Creating HddsVolume: /home/runner/work/ozone/ozone/hadoop-ozone/integration-test/target/test-dir/MiniOzoneClusterImpl-5c2351a1-b605-4f96-be75-a807118e8034/datanode-0/data-0/containers/hdds of storage type : DISK capacity : 9223372036854775807
2022-01-21 22:41:57,781 [Listener at 127.0.0.1/33563] INFO  volume.MutableVolumeSet (MutableVolumeSet.java:initializeVolumeSet(168)) - Added Volume : /home/runner/work/ozone/ozone/hadoop-ozone/integration-test/target/test-dir/MiniOzoneClusterImpl-5c2351a1-b605-4f96-be75-a807118e8034/datanode-0/data-0/containers/hdds to VolumeSet
2022-01-21 22:41:57,781 [Listener at 127.0.0.1/33563] INFO  volume.ThrottledAsyncChecker (ThrottledAsyncChecker.java:schedule(141)) - Scheduling a check for /home/runner/work/ozone/ozone/hadoop-ozone/integration-test/target/test-dir/MiniOzoneClusterImpl-5c2351a1-b605-4f96-be75-a807118e8034/datanode-0/data-0/containers/hdds
2022-01-21 22:41:57,782 [Listener at 127.0.0.1/33563] INFO  volume.StorageVolumeChecker (StorageVolumeChecker.java:checkAllVolumes(202)) - Scheduled health check for volume /home/runner/work/ozone/ozone/hadoop-ozone/integration-test/target/test-dir/MiniOzoneClusterImpl-5c2351a1-b605-4f96-be75-a807118e8034/datanode-0/data-0/containers/hdds
2022-01-21 22:41:57,797 [Listener at 127.0.0.1/33563] INFO  volume.MutableVolumeSet (MutableVolumeSet.java:initializeVolumeSet(168)) - Added Volume : /home/runner/work/ozone/ozone/hadoop-ozone/integration-test/target/test-dir/MiniOzoneClusterImpl-5c2351a1-b605-4f96-be75-a807118e8034/datanode-0/data/ratis to VolumeSet
2022-01-21 22:41:57,798 [Listener at 127.0.0.1/33563] INFO  volume.ThrottledAsyncChecker (ThrottledAsyncChecker.java:schedule(141)) - Scheduling a check for /home/runner/work/ozone/ozone/hadoop-ozone/integration-test/target/test-dir/MiniOzoneClusterImpl-5c2351a1-b605-4f96-be75-a807118e8034/datanode-0/data/ratis
2022-01-21 22:41:57,798 [Listener at 127.0.0.1/33563] INFO  volume.StorageVolumeChecker (StorageVolumeChecker.java:checkAllVolumes(202)) - Scheduled health check for volume /home/runner/work/ozone/ozone/hadoop-ozone/integration-test/target/test-dir/MiniOzoneClusterImpl-5c2351a1-b605-4f96-be75-a807118e8034/datanode-0/data/ratis
2022-01-21 22:41:57,807 [Thread-535] INFO  ozoneimpl.ContainerReader (ContainerReader.java:readVolume(172)) - Finish verifying containers on volume /home/runner/work/ozone/ozone/hadoop-ozone/integration-test/target/test-dir/MiniOzoneClusterImpl-5c2351a1-b605-4f96-be75-a807118e8034/datanode-0/data-0/containers/hdds
2022-01-21 22:41:57,807 [Listener at 127.0.0.1/33563] INFO  ozoneimpl.OzoneContainer (OzoneContainer.java:buildContainerSet(237)) - Build ContainerSet costs 0s
2022-01-21 22:41:57,810 [Listener at 127.0.0.1/33563] INFO  server.RaftServer (ConfUtils.java:logGet(44)) - raft.rpc.type = GRPC (default)
2022-01-21 22:41:57,816 [Listener at 127.0.0.1/33563] INFO  grpc.GrpcFactory (GrpcFactory.java:checkPooledByteBufAllocatorUseCacheForAllThreads(48)) - PERFORMANCE WARNING: useCacheForAllThreads is true that may cause Netty to create a lot garbage objects and, as a result, trigger GC.
	It is recommended to disable useCacheForAllThreads by setting -Dorg.apache.ratis.thirdparty.io.netty.allocator.useCacheForAllThreads=false in command line.
2022-01-21 22:41:57,816 [Listener at 127.0.0.1/33563] INFO  grpc.GrpcConfigKeys (ConfUtils.java:logGet(44)) - raft.grpc.admin.port = 0 (custom)
2022-01-21 22:41:57,816 [Listener at 127.0.0.1/33563] INFO  grpc.GrpcConfigKeys (ConfUtils.java:logGet(44)) - raft.grpc.client.port = 0 (custom)
2022-01-21 22:41:57,816 [Listener at 127.0.0.1/33563] INFO  grpc.GrpcConfigKeys (ConfUtils.java:logGet(44)) - raft.grpc.server.port = 0 (default)
2022-01-21 22:41:57,816 [Listener at 127.0.0.1/33563] INFO  server.GrpcService (ConfUtils.java:logGet(44)) - raft.grpc.message.size.max = 32MB (=33554432) (custom)
2022-01-21 22:41:57,816 [Listener at 127.0.0.1/33563] INFO  server.RaftServerConfigKeys (ConfUtils.java:logGet(44)) - raft.server.log.appender.buffer.byte-limit = 33554432 (custom)
2022-01-21 22:41:57,816 [Listener at 127.0.0.1/33563] INFO  server.GrpcService (ConfUtils.java:logGet(44)) - raft.grpc.flow.control.window = 5MB (=5242880) (custom)
2022-01-21 22:41:57,816 [Listener at 127.0.0.1/33563] INFO  server.RaftServerConfigKeys (ConfUtils.java:logGet(44)) - raft.server.rpc.request.timeout = 60s (custom)
2022-01-21 22:41:57,817 [Listener at 127.0.0.1/33563] INFO  impl.DataStreamServerImpl (ConfUtils.java:logGet(44)) - raft.datastream.type = DISABLED (default)
2022-01-21 22:41:57,817 [Listener at 127.0.0.1/33563] INFO  server.RaftServerConfigKeys (ConfUtils.java:logGet(44)) - raft.server.rpc.slowness.timeout = 300s (custom)
2022-01-21 22:41:57,818 [Listener at 127.0.0.1/33563] INFO  server.RaftServerConfigKeys (ConfUtils.java:logGet(44)) - raft.server.leaderelection.leader.step-down.wait-time = 10s (default)
2022-01-21 22:41:57,818 [Listener at 127.0.0.1/33563] INFO  server.RaftServerConfigKeys (ConfUtils.java:logGet(44)) - raft.server.storage.dir = [/home/runner/work/ozone/ozone/hadoop-ozone/integration-test/target/test-dir/MiniOzoneClusterImpl-5c2351a1-b605-4f96-be75-a807118e8034/datanode-0/data/ratis] (custom)
2022-01-21 22:41:57,819 [Listener at 127.0.0.1/33563] INFO  server.XceiverServerGrpc (XceiverServerGrpc.java:<init>(132)) - GrpcServer channel type EpollServerSocketChannel
2022-01-21 22:41:57,830 [Listener at 127.0.0.1/33563] INFO  http.BaseHttpServer (BaseHttpServer.java:newHttpServer2BuilderForOzone(209)) - Starting Web-server for hddsDatanode at: http://0.0.0.0:0
2022-01-21 22:41:57,831 [Listener at 127.0.0.1/33563] INFO  http.BaseHttpServer (BaseHttpServer.java:<init>(107)) - Hadoop Security Enabled: false Ozone Security Enabled: false Ozone HTTP Security Enabled: false 
2022-01-21 22:41:57,832 [Listener at 127.0.0.1/33563] INFO  server.AuthenticationFilter (AuthenticationFilter.java:constructSecretProvider(240)) - Unable to initialize FileSignerSecretProvider, falling back to use random secrets.
2022-01-21 22:41:57,832 [Listener at 127.0.0.1/33563] WARN  http.HttpRequestLog (HttpRequestLog.java:getRequestLog(103)) - Jetty request log can only be enabled using Log4j
2022-01-21 22:41:57,832 [Listener at 127.0.0.1/33563] INFO  http.HttpServer2 (HttpServer2.java:addGlobalFilter(1030)) - Added global filter 'safety' (class=org.apache.hadoop.hdds.server.http.HttpServer2$QuotingInputFilter)
2022-01-21 22:41:57,833 [Listener at 127.0.0.1/33563] INFO  http.HttpServer2 (HttpServer2.java:addFilter(1006)) - Added filter static_user_filter (class=org.apache.hadoop.http.lib.StaticUserWebFilter$StaticUserFilter) to context hddsDatanode
2022-01-21 22:41:57,833 [Listener at 127.0.0.1/33563] INFO  http.HttpServer2 (HttpServer2.java:addFilter(1014)) - Added filter static_user_filter (class=org.apache.hadoop.http.lib.StaticUserWebFilter$StaticUserFilter) to context logs
2022-01-21 22:41:57,833 [Listener at 127.0.0.1/33563] INFO  http.HttpServer2 (HttpServer2.java:addFilter(1014)) - Added filter static_user_filter (class=org.apache.hadoop.http.lib.StaticUserWebFilter$StaticUserFilter) to context static
2022-01-21 22:41:57,834 [Listener at 127.0.0.1/33563] INFO  http.HttpServer2 (HttpServer2.java:bindListener(1249)) - Jetty bound to port 39841
2022-01-21 22:41:57,834 [Listener at 127.0.0.1/33563] INFO  server.Server (Server.java:doStart(375)) - jetty-9.4.43.v20210629; built: 2021-06-30T11:07:22.254Z; git: 526006ecfa3af7f1a27ef3a288e2bef7ea9dd7e8; jvm 1.8.0_312-b07
2022-01-21 22:41:57,836 [Listener at 127.0.0.1/33563] INFO  server.session (DefaultSessionIdManager.java:doStart(334)) - DefaultSessionIdManager workerName=node0
2022-01-21 22:41:57,836 [Listener at 127.0.0.1/33563] INFO  server.session (DefaultSessionIdManager.java:doStart(339)) - No SessionScavenger set, using defaults
2022-01-21 22:41:57,836 [Listener at 127.0.0.1/33563] INFO  server.session (HouseKeeper.java:startScavenging(132)) - node0 Scavenging every 660000ms
2022-01-21 22:41:57,837 [Listener at 127.0.0.1/33563] INFO  handler.ContextHandler (ContextHandler.java:doStart(915)) - Started o.e.j.s.ServletContextHandler@1c982222{logs,/logs,file:///home/runner/work/ozone/ozone/hadoop-ozone/integration-test/target/log,AVAILABLE}
2022-01-21 22:41:57,837 [Listener at 127.0.0.1/33563] INFO  handler.ContextHandler (ContextHandler.java:doStart(915)) - Started o.e.j.s.ServletContextHandler@51d79bcb{static,/static,jar:file:/home/runner/.m2/repository/org/apache/ozone/hdds-container-service/1.3.0-SNAPSHOT/hdds-container-service-1.3.0-SNAPSHOT.jar!/webapps/static,AVAILABLE}
2022-01-21 22:41:57,894 [Listener at 127.0.0.1/33563] INFO  handler.ContextHandler (ContextHandler.java:doStart(915)) - Started o.e.j.w.WebAppContext@75b00bd{hddsDatanode,/,file:///tmp/jetty-0_0_0_0-39841-hdds-container-service-1_3_0-SNAPSHOT_jar-_-any-5618939563985586716/webapp/,AVAILABLE}{jar:file:/home/runner/.m2/repository/org/apache/ozone/hdds-container-service/1.3.0-SNAPSHOT/hdds-container-service-1.3.0-SNAPSHOT.jar!/webapps/hddsDatanode}
2022-01-21 22:41:57,895 [Listener at 127.0.0.1/33563] INFO  server.AbstractConnector (AbstractConnector.java:doStart(331)) - Started ServerConnector@e16f466{HTTP/1.1, (http/1.1)}{0.0.0.0:39841}
2022-01-21 22:41:57,896 [Listener at 127.0.0.1/33563] INFO  server.Server (Server.java:doStart(415)) - Started @90491ms
2022-01-21 22:41:57,896 [Listener at 127.0.0.1/33563] WARN  impl.MetricsSystemImpl (MetricsSystemImpl.java:register(279)) - Sink prometheus already exists!
2022-01-21 22:41:57,896 [Listener at 127.0.0.1/33563] INFO  http.BaseHttpServer (BaseHttpServer.java:updateConnectorAddress(329)) - HTTP server of hddsDatanode listening at http://0.0.0.0:39841
2022-01-21 22:41:57,897 [Listener at 127.0.0.1/33563] WARN  impl.MetricRegistriesImpl (MetricRegistriesImpl.java:addReporterRegistration(111)) - New reporters are added after registries were created. Some metrics will be missing from the reporter. Please add reporter before adding any new registry.
2022-01-21 22:41:57,897 [Listener at 127.0.0.1/33563] WARN  impl.MetricRegistriesImpl (MetricRegistriesImpl.java:addReporterRegistration(111)) - New reporters are added after registries were created. Some metrics will be missing from the reporter. Please add reporter before adding any new registry.
2022-01-21 22:41:57,897 [Listener at 127.0.0.1/33563] INFO  impl.MetricsSystemImpl (MetricsSystemImpl.java:init(158)) - HddsDatanode metrics system started (again)
2022-01-21 22:41:57,906 [Listener at 127.0.0.1/33563] INFO  ozone.HddsDatanodeService (HddsDatanodeService.java:start(234)) - HddsDatanodeService host:fv-az148-708.bm4ck3pvxvsene1rjriu5fhcdb.bx.internal.cloudapp.net ip:10.1.0.82
2022-01-21 22:41:57,906 [Datanode State Machine Daemon Thread] INFO  statemachine.DatanodeStateMachine (DatanodeStateMachine.java:lambda$startDaemon$0(470)) - Ozone container server started.
2022-01-21 22:41:57,922 [org.apache.hadoop.util.JvmPauseMonitor$Monitor@681ac297] INFO  util.JvmPauseMonitor (JvmPauseMonitor.java:run(188)) - Starting JVM pause monitor
2022-01-21 22:41:57,938 [Datanode State Machine Task Thread - 0] INFO  datanode.InitDatanodeState (InitDatanodeState.java:persistContainerDatanodeDetails(145)) - DatanodeDetails is persisted to /home/runner/work/ozone/ozone/hadoop-ozone/integration-test/target/test-dir/MiniOzoneClusterImpl-5c2351a1-b605-4f96-be75-a807118e8034/datanode-0/meta/datanode.id
2022-01-21 22:41:57,954 [Listener at 127.0.0.1/33563] INFO  upgrade.AbstractLayoutVersionManager (AbstractLayoutVersionManager.java:init(79)) - Initializing Layout version manager with metadata layout = SCM_HA (version = 2), software layout = SCM_HA (version = 2)
2022-01-21 22:41:58,029 [Listener at 127.0.0.1/33563] INFO  reflections.Reflections (Reflections.java:scan(232)) - Reflections took 74 ms to scan 7 urls, producing 119 keys and 279 values 
2022-01-21 22:41:58,034 [Listener at 127.0.0.1/33563] INFO  statemachine.DatanodeStateMachine (DatanodeStateMachine.java:getEndPointTaskThreadPoolSize(222)) - Datanode State Machine Task Thread Pool size 2
2022-01-21 22:41:58,044 [Listener at 127.0.0.1/33563] INFO  volume.HddsVolume (HddsVolume.java:<init>(120)) - Creating HddsVolume: /home/runner/work/ozone/ozone/hadoop-ozone/integration-test/target/test-dir/MiniOzoneClusterImpl-5c2351a1-b605-4f96-be75-a807118e8034/datanode-1/data-0/containers/hdds of storage type : DISK capacity : 9223372036854775807
2022-01-21 22:41:58,044 [Listener at 127.0.0.1/33563] INFO  volume.MutableVolumeSet (MutableVolumeSet.java:initializeVolumeSet(168)) - Added Volume : /home/runner/work/ozone/ozone/hadoop-ozone/integration-test/target/test-dir/MiniOzoneClusterImpl-5c2351a1-b605-4f96-be75-a807118e8034/datanode-1/data-0/containers/hdds to VolumeSet
2022-01-21 22:41:58,045 [Listener at 127.0.0.1/33563] INFO  volume.ThrottledAsyncChecker (ThrottledAsyncChecker.java:schedule(141)) - Scheduling a check for /home/runner/work/ozone/ozone/hadoop-ozone/integration-test/target/test-dir/MiniOzoneClusterImpl-5c2351a1-b605-4f96-be75-a807118e8034/datanode-1/data-0/containers/hdds
2022-01-21 22:41:58,057 [Listener at 127.0.0.1/33563] INFO  volume.StorageVolumeChecker (StorageVolumeChecker.java:checkAllVolumes(202)) - Scheduled health check for volume /home/runner/work/ozone/ozone/hadoop-ozone/integration-test/target/test-dir/MiniOzoneClusterImpl-5c2351a1-b605-4f96-be75-a807118e8034/datanode-1/data-0/containers/hdds
2022-01-21 22:41:58,072 [Listener at 127.0.0.1/33563] INFO  volume.MutableVolumeSet (MutableVolumeSet.java:initializeVolumeSet(168)) - Added Volume : /home/runner/work/ozone/ozone/hadoop-ozone/integration-test/target/test-dir/MiniOzoneClusterImpl-5c2351a1-b605-4f96-be75-a807118e8034/datanode-1/data/ratis to VolumeSet
2022-01-21 22:41:58,072 [Listener at 127.0.0.1/33563] INFO  volume.ThrottledAsyncChecker (ThrottledAsyncChecker.java:schedule(141)) - Scheduling a check for /home/runner/work/ozone/ozone/hadoop-ozone/integration-test/target/test-dir/MiniOzoneClusterImpl-5c2351a1-b605-4f96-be75-a807118e8034/datanode-1/data/ratis
2022-01-21 22:41:58,072 [Listener at 127.0.0.1/33563] INFO  volume.StorageVolumeChecker (StorageVolumeChecker.java:checkAllVolumes(202)) - Scheduled health check for volume /home/runner/work/ozone/ozone/hadoop-ozone/integration-test/target/test-dir/MiniOzoneClusterImpl-5c2351a1-b605-4f96-be75-a807118e8034/datanode-1/data/ratis
2022-01-21 22:41:58,099 [Thread-547] INFO  ozoneimpl.ContainerReader (ContainerReader.java:readVolume(172)) - Finish verifying containers on volume /home/runner/work/ozone/ozone/hadoop-ozone/integration-test/target/test-dir/MiniOzoneClusterImpl-5c2351a1-b605-4f96-be75-a807118e8034/datanode-1/data-0/containers/hdds
2022-01-21 22:41:58,099 [Listener at 127.0.0.1/33563] INFO  ozoneimpl.OzoneContainer (OzoneContainer.java:buildContainerSet(237)) - Build ContainerSet costs 0s
2022-01-21 22:41:58,116 [Listener at 127.0.0.1/33563] INFO  server.RaftServer (ConfUtils.java:logGet(44)) - raft.rpc.type = GRPC (default)
2022-01-21 22:41:58,116 [Listener at 127.0.0.1/33563] INFO  grpc.GrpcFactory (GrpcFactory.java:checkPooledByteBufAllocatorUseCacheForAllThreads(48)) - PERFORMANCE WARNING: useCacheForAllThreads is true that may cause Netty to create a lot garbage objects and, as a result, trigger GC.
	It is recommended to disable useCacheForAllThreads by setting -Dorg.apache.ratis.thirdparty.io.netty.allocator.useCacheForAllThreads=false in command line.
2022-01-21 22:41:58,116 [Listener at 127.0.0.1/33563] INFO  grpc.GrpcConfigKeys (ConfUtils.java:logGet(44)) - raft.grpc.admin.port = 0 (custom)
2022-01-21 22:41:58,116 [Listener at 127.0.0.1/33563] INFO  grpc.GrpcConfigKeys (ConfUtils.java:logGet(44)) - raft.grpc.client.port = 0 (custom)
2022-01-21 22:41:58,116 [Listener at 127.0.0.1/33563] INFO  grpc.GrpcConfigKeys (ConfUtils.java:logGet(44)) - raft.grpc.server.port = 0 (default)
2022-01-21 22:41:58,116 [Listener at 127.0.0.1/33563] INFO  server.GrpcService (ConfUtils.java:logGet(44)) - raft.grpc.message.size.max = 32MB (=33554432) (custom)
2022-01-21 22:41:58,116 [Listener at 127.0.0.1/33563] INFO  server.RaftServerConfigKeys (ConfUtils.java:logGet(44)) - raft.server.log.appender.buffer.byte-limit = 33554432 (custom)
2022-01-21 22:41:58,116 [Listener at 127.0.0.1/33563] INFO  server.GrpcService (ConfUtils.java:logGet(44)) - raft.grpc.flow.control.window = 5MB (=5242880) (custom)
2022-01-21 22:41:58,116 [Listener at 127.0.0.1/33563] INFO  server.RaftServerConfigKeys (ConfUtils.java:logGet(44)) - raft.server.rpc.request.timeout = 60s (custom)
2022-01-21 22:41:58,117 [Listener at 127.0.0.1/33563] INFO  impl.DataStreamServerImpl (ConfUtils.java:logGet(44)) - raft.datastream.type = DISABLED (default)
2022-01-21 22:41:58,117 [Listener at 127.0.0.1/33563] INFO  server.RaftServerConfigKeys (ConfUtils.java:logGet(44)) - raft.server.rpc.slowness.timeout = 300s (custom)
2022-01-21 22:41:58,117 [Listener at 127.0.0.1/33563] INFO  server.RaftServerConfigKeys (ConfUtils.java:logGet(44)) - raft.server.leaderelection.leader.step-down.wait-time = 10s (default)
2022-01-21 22:41:58,117 [Listener at 127.0.0.1/33563] INFO  server.RaftServerConfigKeys (ConfUtils.java:logGet(44)) - raft.server.storage.dir = [/home/runner/work/ozone/ozone/hadoop-ozone/integration-test/target/test-dir/MiniOzoneClusterImpl-5c2351a1-b605-4f96-be75-a807118e8034/datanode-1/data/ratis] (custom)
2022-01-21 22:41:58,118 [Listener at 127.0.0.1/33563] INFO  server.XceiverServerGrpc (XceiverServerGrpc.java:<init>(132)) - GrpcServer channel type EpollServerSocketChannel
2022-01-21 22:41:58,128 [Listener at 127.0.0.1/33563] INFO  http.BaseHttpServer (BaseHttpServer.java:newHttpServer2BuilderForOzone(209)) - Starting Web-server for hddsDatanode at: http://0.0.0.0:0
2022-01-21 22:41:58,128 [Listener at 127.0.0.1/33563] INFO  http.BaseHttpServer (BaseHttpServer.java:<init>(107)) - Hadoop Security Enabled: false Ozone Security Enabled: false Ozone HTTP Security Enabled: false 
2022-01-21 22:41:58,129 [Listener at 127.0.0.1/33563] INFO  server.AuthenticationFilter (AuthenticationFilter.java:constructSecretProvider(240)) - Unable to initialize FileSignerSecretProvider, falling back to use random secrets.
2022-01-21 22:41:58,130 [Listener at 127.0.0.1/33563] WARN  http.HttpRequestLog (HttpRequestLog.java:getRequestLog(103)) - Jetty request log can only be enabled using Log4j
2022-01-21 22:41:58,130 [Listener at 127.0.0.1/33563] INFO  http.HttpServer2 (HttpServer2.java:addGlobalFilter(1030)) - Added global filter 'safety' (class=org.apache.hadoop.hdds.server.http.HttpServer2$QuotingInputFilter)
2022-01-21 22:41:58,131 [Listener at 127.0.0.1/33563] INFO  http.HttpServer2 (HttpServer2.java:addFilter(1006)) - Added filter static_user_filter (class=org.apache.hadoop.http.lib.StaticUserWebFilter$StaticUserFilter) to context hddsDatanode
2022-01-21 22:41:58,131 [Listener at 127.0.0.1/33563] INFO  http.HttpServer2 (HttpServer2.java:addFilter(1014)) - Added filter static_user_filter (class=org.apache.hadoop.http.lib.StaticUserWebFilter$StaticUserFilter) to context logs
2022-01-21 22:41:58,131 [Listener at 127.0.0.1/33563] INFO  http.HttpServer2 (HttpServer2.java:addFilter(1014)) - Added filter static_user_filter (class=org.apache.hadoop.http.lib.StaticUserWebFilter$StaticUserFilter) to context static
2022-01-21 22:41:58,131 [Listener at 127.0.0.1/33563] INFO  http.HttpServer2 (HttpServer2.java:bindListener(1249)) - Jetty bound to port 41401
2022-01-21 22:41:58,131 [Listener at 127.0.0.1/33563] INFO  server.Server (Server.java:doStart(375)) - jetty-9.4.43.v20210629; built: 2021-06-30T11:07:22.254Z; git: 526006ecfa3af7f1a27ef3a288e2bef7ea9dd7e8; jvm 1.8.0_312-b07
2022-01-21 22:41:58,147 [Listener at 127.0.0.1/33563] INFO  server.session (DefaultSessionIdManager.java:doStart(334)) - DefaultSessionIdManager workerName=node0
2022-01-21 22:41:58,148 [Listener at 127.0.0.1/33563] INFO  server.session (DefaultSessionIdManager.java:doStart(339)) - No SessionScavenger set, using defaults
2022-01-21 22:41:58,148 [Listener at 127.0.0.1/33563] INFO  server.session (HouseKeeper.java:startScavenging(132)) - node0 Scavenging every 660000ms
2022-01-21 22:41:58,152 [Listener at 127.0.0.1/33563] INFO  handler.ContextHandler (ContextHandler.java:doStart(915)) - Started o.e.j.s.ServletContextHandler@6d201cea{logs,/logs,file:///home/runner/work/ozone/ozone/hadoop-ozone/integration-test/target/log,AVAILABLE}
2022-01-21 22:41:58,152 [Listener at 127.0.0.1/33563] INFO  handler.ContextHandler (ContextHandler.java:doStart(915)) - Started o.e.j.s.ServletContextHandler@5cf47a38{static,/static,jar:file:/home/runner/.m2/repository/org/apache/ozone/hdds-container-service/1.3.0-SNAPSHOT/hdds-container-service-1.3.0-SNAPSHOT.jar!/webapps/static,AVAILABLE}
2022-01-21 22:41:58,208 [Listener at 127.0.0.1/33563] INFO  handler.ContextHandler (ContextHandler.java:doStart(915)) - Started o.e.j.w.WebAppContext@3b461241{hddsDatanode,/,file:///tmp/jetty-0_0_0_0-41401-hdds-container-service-1_3_0-SNAPSHOT_jar-_-any-5500998558910333072/webapp/,AVAILABLE}{jar:file:/home/runner/.m2/repository/org/apache/ozone/hdds-container-service/1.3.0-SNAPSHOT/hdds-container-service-1.3.0-SNAPSHOT.jar!/webapps/hddsDatanode}
2022-01-21 22:41:58,223 [Listener at 127.0.0.1/33563] INFO  server.AbstractConnector (AbstractConnector.java:doStart(331)) - Started ServerConnector@602d407c{HTTP/1.1, (http/1.1)}{0.0.0.0:41401}
2022-01-21 22:41:58,223 [Listener at 127.0.0.1/33563] INFO  server.Server (Server.java:doStart(415)) - Started @90818ms
2022-01-21 22:41:58,223 [Listener at 127.0.0.1/33563] WARN  impl.MetricsSystemImpl (MetricsSystemImpl.java:register(279)) - Sink prometheus already exists!
2022-01-21 22:41:58,224 [Listener at 127.0.0.1/33563] INFO  http.BaseHttpServer (BaseHttpServer.java:updateConnectorAddress(329)) - HTTP server of hddsDatanode listening at http://0.0.0.0:41401
2022-01-21 22:41:58,236 [Datanode State Machine Daemon Thread] INFO  statemachine.DatanodeStateMachine (DatanodeStateMachine.java:lambda$startDaemon$0(470)) - Ozone container server started.
2022-01-21 22:41:58,236 [Listener at 127.0.0.1/33563] WARN  impl.MetricRegistriesImpl (MetricRegistriesImpl.java:addReporterRegistration(111)) - New reporters are added after registries were created. Some metrics will be missing from the reporter. Please add reporter before adding any new registry.
2022-01-21 22:41:58,237 [Listener at 127.0.0.1/33563] WARN  impl.MetricRegistriesImpl (MetricRegistriesImpl.java:addReporterRegistration(111)) - New reporters are added after registries were created. Some metrics will be missing from the reporter. Please add reporter before adding any new registry.
2022-01-21 22:41:58,237 [Listener at 127.0.0.1/33563] INFO  impl.MetricsSystemImpl (MetricsSystemImpl.java:init(158)) - HddsDatanode metrics system started (again)
2022-01-21 22:41:58,259 [Listener at 127.0.0.1/33563] INFO  ozone.HddsDatanodeService (HddsDatanodeService.java:start(234)) - HddsDatanodeService host:fv-az148-708.bm4ck3pvxvsene1rjriu5fhcdb.bx.internal.cloudapp.net ip:10.1.0.82
2022-01-21 22:41:58,279 [org.apache.hadoop.util.JvmPauseMonitor$Monitor@94c3956] INFO  util.JvmPauseMonitor (JvmPauseMonitor.java:run(188)) - Starting JVM pause monitor
2022-01-21 22:41:58,312 [Listener at 127.0.0.1/33563] INFO  upgrade.AbstractLayoutVersionManager (AbstractLayoutVersionManager.java:init(79)) - Initializing Layout version manager with metadata layout = SCM_HA (version = 2), software layout = SCM_HA (version = 2)
2022-01-21 22:41:58,335 [Datanode State Machine Task Thread - 0] INFO  datanode.InitDatanodeState (InitDatanodeState.java:persistContainerDatanodeDetails(145)) - DatanodeDetails is persisted to /home/runner/work/ozone/ozone/hadoop-ozone/integration-test/target/test-dir/MiniOzoneClusterImpl-5c2351a1-b605-4f96-be75-a807118e8034/datanode-1/meta/datanode.id
2022-01-21 22:41:58,409 [Listener at 127.0.0.1/33563] INFO  reflections.Reflections (Reflections.java:scan(232)) - Reflections took 96 ms to scan 7 urls, producing 119 keys and 279 values 
2022-01-21 22:41:58,413 [Listener at 127.0.0.1/33563] INFO  statemachine.DatanodeStateMachine (DatanodeStateMachine.java:getEndPointTaskThreadPoolSize(222)) - Datanode State Machine Task Thread Pool size 2
2022-01-21 22:41:58,419 [Listener at 127.0.0.1/33563] INFO  volume.HddsVolume (HddsVolume.java:<init>(120)) - Creating HddsVolume: /home/runner/work/ozone/ozone/hadoop-ozone/integration-test/target/test-dir/MiniOzoneClusterImpl-5c2351a1-b605-4f96-be75-a807118e8034/datanode-2/data-0/containers/hdds of storage type : DISK capacity : 9223372036854775807
2022-01-21 22:41:58,421 [Listener at 127.0.0.1/33563] INFO  volume.MutableVolumeSet (MutableVolumeSet.java:initializeVolumeSet(168)) - Added Volume : /home/runner/work/ozone/ozone/hadoop-ozone/integration-test/target/test-dir/MiniOzoneClusterImpl-5c2351a1-b605-4f96-be75-a807118e8034/datanode-2/data-0/containers/hdds to VolumeSet
2022-01-21 22:41:58,421 [Listener at 127.0.0.1/33563] INFO  volume.ThrottledAsyncChecker (ThrottledAsyncChecker.java:schedule(141)) - Scheduling a check for /home/runner/work/ozone/ozone/hadoop-ozone/integration-test/target/test-dir/MiniOzoneClusterImpl-5c2351a1-b605-4f96-be75-a807118e8034/datanode-2/data-0/containers/hdds
2022-01-21 22:41:58,437 [Listener at 127.0.0.1/33563] INFO  volume.StorageVolumeChecker (StorageVolumeChecker.java:checkAllVolumes(202)) - Scheduled health check for volume /home/runner/work/ozone/ozone/hadoop-ozone/integration-test/target/test-dir/MiniOzoneClusterImpl-5c2351a1-b605-4f96-be75-a807118e8034/datanode-2/data-0/containers/hdds
2022-01-21 22:41:58,447 [Listener at 127.0.0.1/33563] INFO  volume.MutableVolumeSet (MutableVolumeSet.java:initializeVolumeSet(168)) - Added Volume : /home/runner/work/ozone/ozone/hadoop-ozone/integration-test/target/test-dir/MiniOzoneClusterImpl-5c2351a1-b605-4f96-be75-a807118e8034/datanode-2/data/ratis to VolumeSet
2022-01-21 22:41:58,456 [Listener at 127.0.0.1/33563] INFO  volume.ThrottledAsyncChecker (ThrottledAsyncChecker.java:schedule(141)) - Scheduling a check for /home/runner/work/ozone/ozone/hadoop-ozone/integration-test/target/test-dir/MiniOzoneClusterImpl-5c2351a1-b605-4f96-be75-a807118e8034/datanode-2/data/ratis
2022-01-21 22:41:58,456 [Listener at 127.0.0.1/33563] INFO  volume.StorageVolumeChecker (StorageVolumeChecker.java:checkAllVolumes(202)) - Scheduled health check for volume /home/runner/work/ozone/ozone/hadoop-ozone/integration-test/target/test-dir/MiniOzoneClusterImpl-5c2351a1-b605-4f96-be75-a807118e8034/datanode-2/data/ratis
2022-01-21 22:41:58,487 [Thread-559] INFO  ozoneimpl.ContainerReader (ContainerReader.java:readVolume(172)) - Finish verifying containers on volume /home/runner/work/ozone/ozone/hadoop-ozone/integration-test/target/test-dir/MiniOzoneClusterImpl-5c2351a1-b605-4f96-be75-a807118e8034/datanode-2/data-0/containers/hdds
2022-01-21 22:41:58,488 [Listener at 127.0.0.1/33563] INFO  ozoneimpl.OzoneContainer (OzoneContainer.java:buildContainerSet(237)) - Build ContainerSet costs 0s
2022-01-21 22:41:58,493 [Listener at 127.0.0.1/33563] INFO  server.RaftServer (ConfUtils.java:logGet(44)) - raft.rpc.type = GRPC (default)
2022-01-21 22:41:58,493 [Listener at 127.0.0.1/33563] INFO  grpc.GrpcFactory (GrpcFactory.java:checkPooledByteBufAllocatorUseCacheForAllThreads(48)) - PERFORMANCE WARNING: useCacheForAllThreads is true that may cause Netty to create a lot garbage objects and, as a result, trigger GC.
	It is recommended to disable useCacheForAllThreads by setting -Dorg.apache.ratis.thirdparty.io.netty.allocator.useCacheForAllThreads=false in command line.
2022-01-21 22:41:58,493 [Listener at 127.0.0.1/33563] INFO  grpc.GrpcConfigKeys (ConfUtils.java:logGet(44)) - raft.grpc.admin.port = 0 (custom)
2022-01-21 22:41:58,493 [Listener at 127.0.0.1/33563] INFO  grpc.GrpcConfigKeys (ConfUtils.java:logGet(44)) - raft.grpc.client.port = 0 (custom)
2022-01-21 22:41:58,494 [Listener at 127.0.0.1/33563] INFO  grpc.GrpcConfigKeys (ConfUtils.java:logGet(44)) - raft.grpc.server.port = 0 (default)
2022-01-21 22:41:58,494 [Listener at 127.0.0.1/33563] INFO  server.GrpcService (ConfUtils.java:logGet(44)) - raft.grpc.message.size.max = 32MB (=33554432) (custom)
2022-01-21 22:41:58,494 [Listener at 127.0.0.1/33563] INFO  server.RaftServerConfigKeys (ConfUtils.java:logGet(44)) - raft.server.log.appender.buffer.byte-limit = 33554432 (custom)
2022-01-21 22:41:58,494 [Listener at 127.0.0.1/33563] INFO  server.GrpcService (ConfUtils.java:logGet(44)) - raft.grpc.flow.control.window = 5MB (=5242880) (custom)
2022-01-21 22:41:58,499 [Listener at 127.0.0.1/33563] INFO  server.RaftServerConfigKeys (ConfUtils.java:logGet(44)) - raft.server.rpc.request.timeout = 60s (custom)
2022-01-21 22:41:58,501 [Listener at 127.0.0.1/33563] INFO  impl.DataStreamServerImpl (ConfUtils.java:logGet(44)) - raft.datastream.type = DISABLED (default)
2022-01-21 22:41:58,501 [Listener at 127.0.0.1/33563] INFO  server.RaftServerConfigKeys (ConfUtils.java:logGet(44)) - raft.server.rpc.slowness.timeout = 300s (custom)
2022-01-21 22:41:58,501 [Listener at 127.0.0.1/33563] INFO  server.RaftServerConfigKeys (ConfUtils.java:logGet(44)) - raft.server.leaderelection.leader.step-down.wait-time = 10s (default)
2022-01-21 22:41:58,502 [Listener at 127.0.0.1/33563] INFO  server.RaftServerConfigKeys (ConfUtils.java:logGet(44)) - raft.server.storage.dir = [/home/runner/work/ozone/ozone/hadoop-ozone/integration-test/target/test-dir/MiniOzoneClusterImpl-5c2351a1-b605-4f96-be75-a807118e8034/datanode-2/data/ratis] (custom)
2022-01-21 22:41:58,503 [Listener at 127.0.0.1/33563] INFO  server.XceiverServerGrpc (XceiverServerGrpc.java:<init>(132)) - GrpcServer channel type EpollServerSocketChannel
2022-01-21 22:41:58,518 [Listener at 127.0.0.1/33563] INFO  http.BaseHttpServer (BaseHttpServer.java:newHttpServer2BuilderForOzone(209)) - Starting Web-server for hddsDatanode at: http://0.0.0.0:0
2022-01-21 22:41:58,519 [Listener at 127.0.0.1/33563] INFO  http.BaseHttpServer (BaseHttpServer.java:<init>(107)) - Hadoop Security Enabled: false Ozone Security Enabled: false Ozone HTTP Security Enabled: false 
2022-01-21 22:41:58,519 [Listener at 127.0.0.1/33563] INFO  server.AuthenticationFilter (AuthenticationFilter.java:constructSecretProvider(240)) - Unable to initialize FileSignerSecretProvider, falling back to use random secrets.
2022-01-21 22:41:58,527 [Listener at 127.0.0.1/33563] WARN  http.HttpRequestLog (HttpRequestLog.java:getRequestLog(103)) - Jetty request log can only be enabled using Log4j
2022-01-21 22:41:58,528 [Listener at 127.0.0.1/33563] INFO  http.HttpServer2 (HttpServer2.java:addGlobalFilter(1030)) - Added global filter 'safety' (class=org.apache.hadoop.hdds.server.http.HttpServer2$QuotingInputFilter)
2022-01-21 22:41:58,528 [Listener at 127.0.0.1/33563] INFO  http.HttpServer2 (HttpServer2.java:addFilter(1006)) - Added filter static_user_filter (class=org.apache.hadoop.http.lib.StaticUserWebFilter$StaticUserFilter) to context hddsDatanode
2022-01-21 22:41:58,529 [Listener at 127.0.0.1/33563] INFO  http.HttpServer2 (HttpServer2.java:addFilter(1014)) - Added filter static_user_filter (class=org.apache.hadoop.http.lib.StaticUserWebFilter$StaticUserFilter) to context logs
2022-01-21 22:41:58,529 [Listener at 127.0.0.1/33563] INFO  http.HttpServer2 (HttpServer2.java:addFilter(1014)) - Added filter static_user_filter (class=org.apache.hadoop.http.lib.StaticUserWebFilter$StaticUserFilter) to context static
2022-01-21 22:41:58,529 [Listener at 127.0.0.1/33563] INFO  http.HttpServer2 (HttpServer2.java:bindListener(1249)) - Jetty bound to port 36765
2022-01-21 22:41:58,529 [Listener at 127.0.0.1/33563] INFO  server.Server (Server.java:doStart(375)) - jetty-9.4.43.v20210629; built: 2021-06-30T11:07:22.254Z; git: 526006ecfa3af7f1a27ef3a288e2bef7ea9dd7e8; jvm 1.8.0_312-b07
2022-01-21 22:41:58,565 [Listener at 127.0.0.1/33563] INFO  server.session (DefaultSessionIdManager.java:doStart(334)) - DefaultSessionIdManager workerName=node0
2022-01-21 22:41:58,565 [Listener at 127.0.0.1/33563] INFO  server.session (DefaultSessionIdManager.java:doStart(339)) - No SessionScavenger set, using defaults
2022-01-21 22:41:58,565 [Listener at 127.0.0.1/33563] INFO  server.session (HouseKeeper.java:startScavenging(132)) - node0 Scavenging every 600000ms
2022-01-21 22:41:58,566 [Listener at 127.0.0.1/33563] INFO  handler.ContextHandler (ContextHandler.java:doStart(915)) - Started o.e.j.s.ServletContextHandler@24f844b5{logs,/logs,file:///home/runner/work/ozone/ozone/hadoop-ozone/integration-test/target/log,AVAILABLE}
2022-01-21 22:41:58,566 [Listener at 127.0.0.1/33563] INFO  handler.ContextHandler (ContextHandler.java:doStart(915)) - Started o.e.j.s.ServletContextHandler@77a273df{static,/static,jar:file:/home/runner/.m2/repository/org/apache/ozone/hdds-container-service/1.3.0-SNAPSHOT/hdds-container-service-1.3.0-SNAPSHOT.jar!/webapps/static,AVAILABLE}
2022-01-21 22:41:58,627 [om1@group-C5BA1605619E-FollowerState] INFO  impl.FollowerState (FollowerState.java:run(134)) - om1@group-C5BA1605619E-FollowerState: change to CANDIDATE, lastRpcElapsedTime:1042150446ns, electionTimeout:1036ms
2022-01-21 22:41:58,627 [om1@group-C5BA1605619E-FollowerState] INFO  impl.RoleInfo (RoleInfo.java:shutdownFollowerState(108)) - om1: shutdown om1@group-C5BA1605619E-FollowerState
2022-01-21 22:41:58,627 [om1@group-C5BA1605619E-FollowerState] INFO  server.RaftServer$Division (RaftServerImpl.java:setRole(290)) - om1@group-C5BA1605619E: changes role from  FOLLOWER to CANDIDATE at term 0 for changeToCandidate
2022-01-21 22:41:58,627 [om1@group-C5BA1605619E-FollowerState] INFO  server.RaftServerConfigKeys (ConfUtils.java:logGet(44)) - raft.server.leaderelection.pre-vote = false (custom)
2022-01-21 22:41:58,627 [om1@group-C5BA1605619E-FollowerState] INFO  impl.RoleInfo (RoleInfo.java:updateAndGet(130)) - om1: start om1@group-C5BA1605619E-LeaderElection14
2022-01-21 22:41:58,659 [om1@group-C5BA1605619E-LeaderElection14] INFO  impl.LeaderElection (LeaderElection.java:askForVotes(306)) - om1@group-C5BA1605619E-LeaderElection14 ELECTION round 0: submit vote requests at term 1 for -1: [om1|rpc:localhost:9872|priority:0], old=null
2022-01-21 22:41:58,659 [om1@group-C5BA1605619E-LeaderElection14] INFO  impl.LeaderElection (LeaderElection.java:askForVotes(308)) - om1@group-C5BA1605619E-LeaderElection14 ELECTION round 0: result PASSED (term=1)
2022-01-21 22:41:58,659 [om1@group-C5BA1605619E-LeaderElection14] INFO  impl.RoleInfo (RoleInfo.java:shutdownLeaderElection(121)) - om1: shutdown om1@group-C5BA1605619E-LeaderElection14
2022-01-21 22:41:58,660 [om1@group-C5BA1605619E-LeaderElection14] INFO  server.RaftServer$Division (RaftServerImpl.java:setRole(290)) - om1@group-C5BA1605619E: changes role from CANDIDATE to LEADER at term 1 for changeToLeader
2022-01-21 22:41:58,660 [om1@group-C5BA1605619E-LeaderElection14] INFO  server.RaftServer$Division (ServerState.java:setLeader(285)) - om1@group-C5BA1605619E: change Leader from null to om1 at term 1 for becomeLeader, leader elected after 1124ms
2022-01-21 22:41:58,660 [om1@group-C5BA1605619E-LeaderElection14] INFO  server.RaftServerConfigKeys (ConfUtils.java:logGet(44)) - raft.server.staging.catchup.gap = 1000 (default)
2022-01-21 22:41:58,668 [Listener at 127.0.0.1/33563] INFO  handler.ContextHandler (ContextHandler.java:doStart(915)) - Started o.e.j.w.WebAppContext@61da7cae{hddsDatanode,/,file:///tmp/jetty-0_0_0_0-36765-hdds-container-service-1_3_0-SNAPSHOT_jar-_-any-6079311560885814309/webapp/,AVAILABLE}{jar:file:/home/runner/.m2/repository/org/apache/ozone/hdds-container-service/1.3.0-SNAPSHOT/hdds-container-service-1.3.0-SNAPSHOT.jar!/webapps/hddsDatanode}
2022-01-21 22:41:58,669 [Listener at 127.0.0.1/33563] INFO  server.AbstractConnector (AbstractConnector.java:doStart(331)) - Started ServerConnector@36f3d628{HTTP/1.1, (http/1.1)}{0.0.0.0:36765}
2022-01-21 22:41:58,669 [Listener at 127.0.0.1/33563] INFO  server.Server (Server.java:doStart(415)) - Started @91264ms
2022-01-21 22:41:58,669 [Listener at 127.0.0.1/33563] WARN  impl.MetricsSystemImpl (MetricsSystemImpl.java:register(279)) - Sink prometheus already exists!
2022-01-21 22:41:58,671 [Listener at 127.0.0.1/33563] INFO  http.BaseHttpServer (BaseHttpServer.java:updateConnectorAddress(329)) - HTTP server of hddsDatanode listening at http://0.0.0.0:36765
2022-01-21 22:41:58,670 [om1@group-C5BA1605619E-LeaderElection14] INFO  server.RaftServerConfigKeys (ConfUtils.java:logGet(44)) - raft.server.write.element-limit = 4096 (default)
2022-01-21 22:41:58,675 [om1@group-C5BA1605619E-LeaderElection14] INFO  server.RaftServerConfigKeys (ConfUtils.java:logGet(44)) - raft.server.write.byte-limit = 64MB (=67108864) (default)
2022-01-21 22:41:58,675 [om1@group-C5BA1605619E-LeaderElection14] INFO  server.RaftServerConfigKeys (ConfUtils.java:logGet(44)) - raft.server.watch.timeout = 10s (default)
2022-01-21 22:41:58,675 [om1@group-C5BA1605619E-LeaderElection14] INFO  server.RaftServerConfigKeys (ConfUtils.java:logGet(44)) - raft.server.watch.timeout.denomination = 1s (default)
2022-01-21 22:41:58,675 [om1@group-C5BA1605619E-LeaderElection14] INFO  server.RaftServerConfigKeys (ConfUtils.java:logGet(44)) - raft.server.watch.element-limit = 65536 (default)
2022-01-21 22:41:58,675 [om1@group-C5BA1605619E-LeaderElection14] INFO  server.RaftServerConfigKeys (ConfUtils.java:logGet(44)) - raft.server.write.element-limit = 4096 (default)
2022-01-21 22:41:58,675 [om1@group-C5BA1605619E-LeaderElection14] INFO  server.RaftServerConfigKeys (ConfUtils.java:logGet(44)) - raft.server.write.follower.gap.ratio.max = -1.0 (default)
2022-01-21 22:41:58,675 [om1@group-C5BA1605619E-LeaderElection14] INFO  impl.RoleInfo (RoleInfo.java:updateAndGet(130)) - om1: start om1@group-C5BA1605619E-LeaderStateImpl
2022-01-21 22:41:58,676 [om1@group-C5BA1605619E-LeaderElection14] INFO  segmented.SegmentedRaftLogWorker (SegmentedRaftLogWorker.java:startLogSegment(394)) - om1@group-C5BA1605619E-SegmentedRaftLogWorker: Starting segment from index:0
2022-01-21 22:41:58,680 [Listener at 127.0.0.1/33563] INFO  ozone.MiniOzoneClusterImpl (MiniOzoneClusterImpl.java:lambda$waitForClusterToBeReady$0(219)) - Waiting for nodes to be ready. Got 0 of 3 DN Heartbeats.
2022-01-21 22:41:58,680 [Listener at 127.0.0.1/33563] INFO  ozone.MiniOzoneClusterImpl (MiniOzoneClusterImpl.java:lambda$waitForClusterToBeReady$0(222)) - Waiting for cluster to exit safe mode
2022-01-21 22:41:58,680 [Listener at 127.0.0.1/33563] INFO  ozone.MiniOzoneClusterImpl (MiniOzoneClusterImpl.java:lambda$waitForClusterToBeReady$0(224)) - SCM became leader
2022-01-21 22:41:58,684 [Datanode State Machine Daemon Thread] INFO  statemachine.DatanodeStateMachine (DatanodeStateMachine.java:lambda$startDaemon$0(470)) - Ozone container server started.
2022-01-21 22:41:58,694 [om1@group-C5BA1605619E-SegmentedRaftLogWorker] INFO  segmented.SegmentedRaftLogWorker (SegmentedRaftLogWorker.java:execute(601)) - om1@group-C5BA1605619E-SegmentedRaftLogWorker: created new log segment /home/runner/work/ozone/ozone/hadoop-ozone/integration-test/target/test-dir/MiniOzoneClusterImpl-5c2351a1-b605-4f96-be75-a807118e8034/ozone-meta/ratis/bf265839-605b-3f16-9796-c5ba1605619e/current/log_inprogress_0
2022-01-21 22:41:58,703 [org.apache.hadoop.util.JvmPauseMonitor$Monitor@129bd36c] INFO  util.JvmPauseMonitor (JvmPauseMonitor.java:run(188)) - Starting JVM pause monitor
2022-01-21 22:41:58,712 [om1@group-C5BA1605619E-LeaderElection14] INFO  server.RaftServer$Division (ServerState.java:setRaftConf(387)) - om1@group-C5BA1605619E: set configuration 0: [om1|rpc:localhost:9872|admin:|client:|dataStream:|priority:0], old=null
2022-01-21 22:41:58,722 [om1@group-C5BA1605619E-StateMachineUpdater] INFO  ratis.OzoneManagerStateMachine (OzoneManagerStateMachine.java:notifyConfigurationChanged(188)) - Received Configuration change notification from Ratis. New Peer list:
[id: "om1"
address: "localhost:9872"
]
2022-01-21 22:41:58,732 [Datanode State Machine Task Thread - 0] INFO  datanode.InitDatanodeState (InitDatanodeState.java:persistContainerDatanodeDetails(145)) - DatanodeDetails is persisted to /home/runner/work/ozone/ozone/hadoop-ozone/integration-test/target/test-dir/MiniOzoneClusterImpl-5c2351a1-b605-4f96-be75-a807118e8034/datanode-2/meta/datanode.id
2022-01-21 22:41:59,680 [Listener at 127.0.0.1/33563] INFO  ozone.MiniOzoneClusterImpl (MiniOzoneClusterImpl.java:lambda$waitForClusterToBeReady$0(219)) - Waiting for nodes to be ready. Got 0 of 3 DN Heartbeats.
2022-01-21 22:41:59,680 [Listener at 127.0.0.1/33563] INFO  ozone.MiniOzoneClusterImpl (MiniOzoneClusterImpl.java:lambda$waitForClusterToBeReady$0(222)) - Waiting for cluster to exit safe mode
2022-01-21 22:41:59,680 [Listener at 127.0.0.1/33563] INFO  ozone.MiniOzoneClusterImpl (MiniOzoneClusterImpl.java:lambda$waitForClusterToBeReady$0(224)) - SCM became leader
2022-01-21 22:41:59,941 [EndpointStateMachine task thread for /0.0.0.0:36573 - 0 ] INFO  ozoneimpl.OzoneContainer (OzoneContainer.java:start(315)) - Attempting to start container services.
2022-01-21 22:41:59,942 [EndpointStateMachine task thread for /0.0.0.0:36573 - 0 ] INFO  ozoneimpl.OzoneContainer (OzoneContainer.java:startContainerScrub(250)) - Background container scanner has been disabled.
2022-01-21 22:41:59,943 [EndpointStateMachine task thread for /0.0.0.0:36573 - 0 ] INFO  replication.ReplicationServer (ReplicationServer.java:start(111)) - ReplicationServer is started using port 34695
2022-01-21 22:41:59,943 [EndpointStateMachine task thread for /0.0.0.0:36573 - 0 ] INFO  ratis.XceiverServerRatis (XceiverServerRatis.java:start(484)) - Starting XceiverServerRatis 33960171-3598-4c9a-8f0c-3d16f1502dba
2022-01-21 22:41:59,944 [EndpointStateMachine task thread for /0.0.0.0:36573 - 0 ] INFO  server.RaftServer (RaftServerProxy.java:lambda$start$5(374)) - 33960171-3598-4c9a-8f0c-3d16f1502dba: start RPC server
2022-01-21 22:41:59,951 [EndpointStateMachine task thread for /0.0.0.0:36573 - 0 ] INFO  server.GrpcService (GrpcService.java:startImpl(253)) - 33960171-3598-4c9a-8f0c-3d16f1502dba: GrpcService started, listening on 44949
2022-01-21 22:41:59,955 [EndpointStateMachine task thread for /0.0.0.0:36573 - 0 ] INFO  ratis.XceiverServerRatis (XceiverServerRatis.java:getRealPort(505)) - XceiverServerRatis 33960171-3598-4c9a-8f0c-3d16f1502dba is started using port 44949 for RATIS
2022-01-21 22:41:59,955 [EndpointStateMachine task thread for /0.0.0.0:36573 - 0 ] INFO  ratis.XceiverServerRatis (XceiverServerRatis.java:getRealPort(505)) - XceiverServerRatis 33960171-3598-4c9a-8f0c-3d16f1502dba is started using port 44949 for RATIS_ADMIN
2022-01-21 22:41:59,955 [EndpointStateMachine task thread for /0.0.0.0:36573 - 0 ] INFO  ratis.XceiverServerRatis (XceiverServerRatis.java:getRealPort(505)) - XceiverServerRatis 33960171-3598-4c9a-8f0c-3d16f1502dba is started using port 44949 for RATIS_SERVER
2022-01-21 22:41:59,956 [org.apache.ratis.util.JvmPauseMonitor$$Lambda$431/1288267183@6d2c3f1f] INFO  util.JvmPauseMonitor (JvmPauseMonitor.java:run(103)) - JvmPauseMonitor-33960171-3598-4c9a-8f0c-3d16f1502dba: Started
2022-01-21 22:41:59,969 [EndpointStateMachine task thread for /0.0.0.0:36573 - 0 ] INFO  server.XceiverServerGrpc (XceiverServerGrpc.java:start(180)) - XceiverServerGrpc 33960171-3598-4c9a-8f0c-3d16f1502dba is started using port 45471
2022-01-21 22:42:00,294 [EndpointStateMachine task thread for /0.0.0.0:36573 - 0 ] INFO  ozoneimpl.OzoneContainer (OzoneContainer.java:start(315)) - Attempting to start container services.
2022-01-21 22:42:00,295 [EndpointStateMachine task thread for /0.0.0.0:36573 - 0 ] INFO  ozoneimpl.OzoneContainer (OzoneContainer.java:startContainerScrub(250)) - Background container scanner has been disabled.
2022-01-21 22:42:00,297 [EndpointStateMachine task thread for /0.0.0.0:36573 - 0 ] INFO  replication.ReplicationServer (ReplicationServer.java:start(111)) - ReplicationServer is started using port 38691
2022-01-21 22:42:00,302 [EndpointStateMachine task thread for /0.0.0.0:36573 - 0 ] INFO  ratis.XceiverServerRatis (XceiverServerRatis.java:start(484)) - Starting XceiverServerRatis 3b795d5a-b002-4e0e-8d87-bd187dac4e43
2022-01-21 22:42:00,304 [EndpointStateMachine task thread for /0.0.0.0:36573 - 0 ] INFO  server.RaftServer (RaftServerProxy.java:lambda$start$5(374)) - 3b795d5a-b002-4e0e-8d87-bd187dac4e43: start RPC server
2022-01-21 22:42:00,306 [EndpointStateMachine task thread for /0.0.0.0:36573 - 0 ] INFO  server.GrpcService (GrpcService.java:startImpl(253)) - 3b795d5a-b002-4e0e-8d87-bd187dac4e43: GrpcService started, listening on 39307
2022-01-21 22:42:00,307 [EndpointStateMachine task thread for /0.0.0.0:36573 - 0 ] INFO  ratis.XceiverServerRatis (XceiverServerRatis.java:getRealPort(505)) - XceiverServerRatis 3b795d5a-b002-4e0e-8d87-bd187dac4e43 is started using port 39307 for RATIS
2022-01-21 22:42:00,307 [EndpointStateMachine task thread for /0.0.0.0:36573 - 0 ] INFO  ratis.XceiverServerRatis (XceiverServerRatis.java:getRealPort(505)) - XceiverServerRatis 3b795d5a-b002-4e0e-8d87-bd187dac4e43 is started using port 39307 for RATIS_ADMIN
2022-01-21 22:42:00,307 [EndpointStateMachine task thread for /0.0.0.0:36573 - 0 ] INFO  ratis.XceiverServerRatis (XceiverServerRatis.java:getRealPort(505)) - XceiverServerRatis 3b795d5a-b002-4e0e-8d87-bd187dac4e43 is started using port 39307 for RATIS_SERVER
2022-01-21 22:42:00,308 [org.apache.ratis.util.JvmPauseMonitor$$Lambda$431/1288267183@69a89920] INFO  util.JvmPauseMonitor (JvmPauseMonitor.java:run(103)) - JvmPauseMonitor-3b795d5a-b002-4e0e-8d87-bd187dac4e43: Started
2022-01-21 22:42:00,320 [EndpointStateMachine task thread for /0.0.0.0:36573 - 0 ] INFO  server.XceiverServerGrpc (XceiverServerGrpc.java:start(180)) - XceiverServerGrpc 3b795d5a-b002-4e0e-8d87-bd187dac4e43 is started using port 34625
2022-01-21 22:42:00,680 [Listener at 127.0.0.1/33563] INFO  ozone.MiniOzoneClusterImpl (MiniOzoneClusterImpl.java:lambda$waitForClusterToBeReady$0(219)) - Waiting for nodes to be ready. Got 0 of 3 DN Heartbeats.
2022-01-21 22:42:00,680 [Listener at 127.0.0.1/33563] INFO  ozone.MiniOzoneClusterImpl (MiniOzoneClusterImpl.java:lambda$waitForClusterToBeReady$0(222)) - Waiting for cluster to exit safe mode
2022-01-21 22:42:00,680 [Listener at 127.0.0.1/33563] INFO  ozone.MiniOzoneClusterImpl (MiniOzoneClusterImpl.java:lambda$waitForClusterToBeReady$0(224)) - SCM became leader
2022-01-21 22:42:00,727 [EndpointStateMachine task thread for /0.0.0.0:36573 - 0 ] INFO  ozoneimpl.OzoneContainer (OzoneContainer.java:start(315)) - Attempting to start container services.
2022-01-21 22:42:00,727 [EndpointStateMachine task thread for /0.0.0.0:36573 - 0 ] INFO  ozoneimpl.OzoneContainer (OzoneContainer.java:startContainerScrub(250)) - Background container scanner has been disabled.
2022-01-21 22:42:00,733 [EndpointStateMachine task thread for /0.0.0.0:36573 - 0 ] INFO  replication.ReplicationServer (ReplicationServer.java:start(111)) - ReplicationServer is started using port 38143
2022-01-21 22:42:00,734 [EndpointStateMachine task thread for /0.0.0.0:36573 - 0 ] INFO  ratis.XceiverServerRatis (XceiverServerRatis.java:start(484)) - Starting XceiverServerRatis 85f03e38-9c25-442e-a296-583332b1e3c2
2022-01-21 22:42:00,734 [EndpointStateMachine task thread for /0.0.0.0:36573 - 0 ] INFO  server.RaftServer (RaftServerProxy.java:lambda$start$5(374)) - 85f03e38-9c25-442e-a296-583332b1e3c2: start RPC server
2022-01-21 22:42:00,752 [EndpointStateMachine task thread for /0.0.0.0:36573 - 0 ] INFO  server.GrpcService (GrpcService.java:startImpl(253)) - 85f03e38-9c25-442e-a296-583332b1e3c2: GrpcService started, listening on 45945
2022-01-21 22:42:00,758 [EndpointStateMachine task thread for /0.0.0.0:36573 - 0 ] INFO  ratis.XceiverServerRatis (XceiverServerRatis.java:getRealPort(505)) - XceiverServerRatis 85f03e38-9c25-442e-a296-583332b1e3c2 is started using port 45945 for RATIS
2022-01-21 22:42:00,758 [EndpointStateMachine task thread for /0.0.0.0:36573 - 0 ] INFO  ratis.XceiverServerRatis (XceiverServerRatis.java:getRealPort(505)) - XceiverServerRatis 85f03e38-9c25-442e-a296-583332b1e3c2 is started using port 45945 for RATIS_ADMIN
2022-01-21 22:42:00,758 [EndpointStateMachine task thread for /0.0.0.0:36573 - 0 ] INFO  ratis.XceiverServerRatis (XceiverServerRatis.java:getRealPort(505)) - XceiverServerRatis 85f03e38-9c25-442e-a296-583332b1e3c2 is started using port 45945 for RATIS_SERVER
2022-01-21 22:42:00,759 [org.apache.ratis.util.JvmPauseMonitor$$Lambda$431/1288267183@4d70917e] INFO  util.JvmPauseMonitor (JvmPauseMonitor.java:run(103)) - JvmPauseMonitor-85f03e38-9c25-442e-a296-583332b1e3c2: Started
2022-01-21 22:42:00,764 [EndpointStateMachine task thread for /0.0.0.0:36573 - 0 ] INFO  server.XceiverServerGrpc (XceiverServerGrpc.java:start(180)) - XceiverServerGrpc 85f03e38-9c25-442e-a296-583332b1e3c2 is started using port 37015
2022-01-21 22:42:01,681 [Listener at 127.0.0.1/33563] INFO  ozone.MiniOzoneClusterImpl (MiniOzoneClusterImpl.java:lambda$waitForClusterToBeReady$0(219)) - Waiting for nodes to be ready. Got 0 of 3 DN Heartbeats.
2022-01-21 22:42:01,681 [Listener at 127.0.0.1/33563] INFO  ozone.MiniOzoneClusterImpl (MiniOzoneClusterImpl.java:lambda$waitForClusterToBeReady$0(222)) - Waiting for cluster to exit safe mode
2022-01-21 22:42:01,681 [Listener at 127.0.0.1/33563] INFO  ozone.MiniOzoneClusterImpl (MiniOzoneClusterImpl.java:lambda$waitForClusterToBeReady$0(224)) - SCM became leader
2022-01-21 22:42:01,923 [IPC Server handler 2 on default port 36573] INFO  net.NetworkTopologyImpl (NetworkTopologyImpl.java:add(112)) - Added a new node: /default-rack/33960171-3598-4c9a-8f0c-3d16f1502dba
2022-01-21 22:42:01,923 [IPC Server handler 2 on default port 36573] INFO  node.SCMNodeManager (SCMNodeManager.java:register(389)) - Registered Data node : 33960171-3598-4c9a-8f0c-3d16f1502dba{ip: 10.1.0.82, host: fv-az148-708.bm4ck3pvxvsene1rjriu5fhcdb.bx.internal.cloudapp.net, ports: [REPLICATION=34695, RATIS=44949, RATIS_ADMIN=44949, RATIS_SERVER=44949, STANDALONE=45471], networkLocation: /default-rack, certSerialId: null, persistedOpState: null, persistedOpStateExpiryEpochSec: 0}
2022-01-21 22:42:01,933 [EventQueue-NewNodeForNewNodeHandler] INFO  pipeline.BackgroundPipelineCreator (BackgroundPipelineCreator.java:notifyEventTriggered(285)) - trigger a one-shot run on RatisPipelineUtilsThread.
2022-01-21 22:42:01,934 [RatisPipelineUtilsThread - 0] INFO  pipeline.RatisPipelineProvider (RatisPipelineProvider.java:lambda$create$0(183)) - Sending CreatePipelineCommand for pipeline:PipelineID=3ea29c09-960e-4d77-a31e-09f0eff3bf9d to datanode:33960171-3598-4c9a-8f0c-3d16f1502dba
2022-01-21 22:42:01,944 [EventQueue-NodeRegistrationContainerReportForDataNodeSafeModeRule] INFO  safemode.SCMSafeModeManager (DataNodeSafeModeRule.java:process(71)) - SCM in safe mode. 1 DataNodes registered, 3 required.
2022-01-21 22:42:01,958 [EventQueue-NodeRegistrationContainerReportForContainerSafeModeRule] INFO  safemode.SCMSafeModeManager (SCMSafeModeManager.java:validateSafeModeExitRules(204)) - ContainerSafeModeRule rule is successfully validated
2022-01-21 22:42:01,967 [EventQueue-PipelineReportForOneReplicaPipelineSafeModeRule] INFO  safemode.SCMSafeModeManager (SCMSafeModeManager.java:validateSafeModeExitRules(204)) - AtleastOneDatanodeReportedRule rule is successfully validated
2022-01-21 22:42:01,981 [ae63a35f-302e-44fc-ab4d-43f01902f64a@group-A807118E8034-StateMachineUpdater] INFO  pipeline.PipelineStateManagerImpl (PipelineStateManagerImpl.java:addPipeline(101)) - Created pipeline Pipeline[ Id: 3ea29c09-960e-4d77-a31e-09f0eff3bf9d, Nodes: 33960171-3598-4c9a-8f0c-3d16f1502dba{ip: 10.1.0.82, host: fv-az148-708.bm4ck3pvxvsene1rjriu5fhcdb.bx.internal.cloudapp.net, ports: [REPLICATION=34695, RATIS=44949, RATIS_ADMIN=44949, RATIS_SERVER=44949, STANDALONE=45471], networkLocation: /default-rack, certSerialId: null, persistedOpState: IN_SERVICE, persistedOpStateExpiryEpochSec: 0}, ReplicationConfig: RATIS/ONE, State:ALLOCATED, leaderId:, CreationTimestamp2022-01-21T22:42:01.934Z[Etc/UTC]].
2022-01-21 22:42:01,981 [ae63a35f-302e-44fc-ab4d-43f01902f64a@group-A807118E8034-StateMachineUpdater] INFO  safemode.HealthyPipelineSafeModeRule (HealthyPipelineSafeModeRule.java:initializeRule(152)) - Refreshed total pipeline count is 0, healthy pipeline threshold count is 1
2022-01-21 22:42:01,984 [RatisPipelineUtilsThread - 0] INFO  ha.SCMHAInvocationHandler (SCMHAInvocationHandler.java:invokeRatis(113)) - Invoking method public abstract void org.apache.hadoop.hdds.scm.pipeline.PipelineStateManager.addPipeline(org.apache.hadoop.hdds.protocol.proto.HddsProtos$Pipeline) throws java.io.IOException on target org.apache.hadoop.hdds.scm.ha.SCMRatisServerImpl@35527c23, cost 33281.575us
2022-01-21 22:42:02,282 [IPC Server handler 0 on default port 36573] INFO  net.NetworkTopologyImpl (NetworkTopologyImpl.java:add(112)) - Added a new node: /default-rack/3b795d5a-b002-4e0e-8d87-bd187dac4e43
2022-01-21 22:42:02,283 [IPC Server handler 0 on default port 36573] INFO  node.SCMNodeManager (SCMNodeManager.java:register(389)) - Registered Data node : 3b795d5a-b002-4e0e-8d87-bd187dac4e43{ip: 10.1.0.82, host: fv-az148-708.bm4ck3pvxvsene1rjriu5fhcdb.bx.internal.cloudapp.net, ports: [REPLICATION=38691, RATIS=39307, RATIS_ADMIN=39307, RATIS_SERVER=39307, STANDALONE=34625], networkLocation: /default-rack, certSerialId: null, persistedOpState: null, persistedOpStateExpiryEpochSec: 0}
2022-01-21 22:42:02,283 [EventQueue-NewNodeForNewNodeHandler] INFO  pipeline.BackgroundPipelineCreator (BackgroundPipelineCreator.java:notifyEventTriggered(285)) - trigger a one-shot run on RatisPipelineUtilsThread.
2022-01-21 22:42:02,293 [RatisPipelineUtilsThread - 0] INFO  pipeline.RatisPipelineProvider (RatisPipelineProvider.java:lambda$create$0(183)) - Sending CreatePipelineCommand for pipeline:PipelineID=452b4478-3ab3-44f4-8089-8dd89ce91408 to datanode:3b795d5a-b002-4e0e-8d87-bd187dac4e43
2022-01-21 22:42:02,293 [EventQueue-NodeRegistrationContainerReportForDataNodeSafeModeRule] INFO  safemode.SCMSafeModeManager (DataNodeSafeModeRule.java:process(71)) - SCM in safe mode. 2 DataNodes registered, 3 required.
2022-01-21 22:42:02,304 [ae63a35f-302e-44fc-ab4d-43f01902f64a@group-A807118E8034-StateMachineUpdater] INFO  pipeline.PipelineStateManagerImpl (PipelineStateManagerImpl.java:addPipeline(101)) - Created pipeline Pipeline[ Id: 452b4478-3ab3-44f4-8089-8dd89ce91408, Nodes: 3b795d5a-b002-4e0e-8d87-bd187dac4e43{ip: 10.1.0.82, host: fv-az148-708.bm4ck3pvxvsene1rjriu5fhcdb.bx.internal.cloudapp.net, ports: [REPLICATION=38691, RATIS=39307, RATIS_ADMIN=39307, RATIS_SERVER=39307, STANDALONE=34625], networkLocation: /default-rack, certSerialId: null, persistedOpState: IN_SERVICE, persistedOpStateExpiryEpochSec: 0}, ReplicationConfig: RATIS/ONE, State:ALLOCATED, leaderId:, CreationTimestamp2022-01-21T22:42:02.293Z[Etc/UTC]].
2022-01-21 22:42:02,304 [ae63a35f-302e-44fc-ab4d-43f01902f64a@group-A807118E8034-StateMachineUpdater] INFO  safemode.HealthyPipelineSafeModeRule (HealthyPipelineSafeModeRule.java:initializeRule(152)) - Refreshed total pipeline count is 0, healthy pipeline threshold count is 1
2022-01-21 22:42:02,307 [RatisPipelineUtilsThread - 0] INFO  ha.SCMHAInvocationHandler (SCMHAInvocationHandler.java:invokeRatis(113)) - Invoking method public abstract void org.apache.hadoop.hdds.scm.pipeline.PipelineStateManager.addPipeline(org.apache.hadoop.hdds.protocol.proto.HddsProtos$Pipeline) throws java.io.IOException on target org.apache.hadoop.hdds.scm.ha.SCMRatisServerImpl@35527c23, cost 14344.09us
2022-01-21 22:42:02,681 [Listener at 127.0.0.1/33563] INFO  ozone.MiniOzoneClusterImpl (MiniOzoneClusterImpl.java:lambda$waitForClusterToBeReady$0(219)) - Waiting for nodes to be ready. Got 2 of 3 DN Heartbeats.
2022-01-21 22:42:02,681 [Listener at 127.0.0.1/33563] INFO  ozone.MiniOzoneClusterImpl (MiniOzoneClusterImpl.java:lambda$waitForClusterToBeReady$0(222)) - Waiting for cluster to exit safe mode
2022-01-21 22:42:02,681 [Listener at 127.0.0.1/33563] INFO  ozone.MiniOzoneClusterImpl (MiniOzoneClusterImpl.java:lambda$waitForClusterToBeReady$0(224)) - SCM became leader
2022-01-21 22:42:02,710 [IPC Server handler 1 on default port 36573] INFO  net.NetworkTopologyImpl (NetworkTopologyImpl.java:add(112)) - Added a new node: /default-rack/85f03e38-9c25-442e-a296-583332b1e3c2
2022-01-21 22:42:02,711 [IPC Server handler 1 on default port 36573] INFO  node.SCMNodeManager (SCMNodeManager.java:register(389)) - Registered Data node : 85f03e38-9c25-442e-a296-583332b1e3c2{ip: 10.1.0.82, host: fv-az148-708.bm4ck3pvxvsene1rjriu5fhcdb.bx.internal.cloudapp.net, ports: [REPLICATION=38143, RATIS=45945, RATIS_ADMIN=45945, RATIS_SERVER=45945, STANDALONE=37015], networkLocation: /default-rack, certSerialId: null, persistedOpState: null, persistedOpStateExpiryEpochSec: 0}
2022-01-21 22:42:02,711 [EventQueue-NewNodeForNewNodeHandler] INFO  pipeline.BackgroundPipelineCreator (BackgroundPipelineCreator.java:notifyEventTriggered(285)) - trigger a one-shot run on RatisPipelineUtilsThread.
2022-01-21 22:42:02,716 [RatisPipelineUtilsThread - 0] INFO  pipeline.RatisPipelineProvider (RatisPipelineProvider.java:lambda$create$0(183)) - Sending CreatePipelineCommand for pipeline:PipelineID=8d83a443-7802-498f-b41d-2f871dd9860f to datanode:85f03e38-9c25-442e-a296-583332b1e3c2
2022-01-21 22:42:02,718 [ae63a35f-302e-44fc-ab4d-43f01902f64a@group-A807118E8034-StateMachineUpdater] INFO  pipeline.PipelineStateManagerImpl (PipelineStateManagerImpl.java:addPipeline(101)) - Created pipeline Pipeline[ Id: 8d83a443-7802-498f-b41d-2f871dd9860f, Nodes: 85f03e38-9c25-442e-a296-583332b1e3c2{ip: 10.1.0.82, host: fv-az148-708.bm4ck3pvxvsene1rjriu5fhcdb.bx.internal.cloudapp.net, ports: [REPLICATION=38143, RATIS=45945, RATIS_ADMIN=45945, RATIS_SERVER=45945, STANDALONE=37015], networkLocation: /default-rack, certSerialId: null, persistedOpState: IN_SERVICE, persistedOpStateExpiryEpochSec: 0}, ReplicationConfig: RATIS/ONE, State:ALLOCATED, leaderId:, CreationTimestamp2022-01-21T22:42:02.716Z[Etc/UTC]].
2022-01-21 22:42:02,718 [ae63a35f-302e-44fc-ab4d-43f01902f64a@group-A807118E8034-StateMachineUpdater] INFO  safemode.HealthyPipelineSafeModeRule (HealthyPipelineSafeModeRule.java:initializeRule(152)) - Refreshed total pipeline count is 0, healthy pipeline threshold count is 1
2022-01-21 22:42:02,718 [RatisPipelineUtilsThread - 0] INFO  ha.SCMHAInvocationHandler (SCMHAInvocationHandler.java:invokeRatis(113)) - Invoking method public abstract void org.apache.hadoop.hdds.scm.pipeline.PipelineStateManager.addPipeline(org.apache.hadoop.hdds.protocol.proto.HddsProtos$Pipeline) throws java.io.IOException on target org.apache.hadoop.hdds.scm.ha.SCMRatisServerImpl@35527c23, cost 2570.053us
2022-01-21 22:42:02,734 [EventQueue-NodeRegistrationContainerReportForDataNodeSafeModeRule] INFO  safemode.SCMSafeModeManager (DataNodeSafeModeRule.java:process(71)) - SCM in safe mode. 3 DataNodes registered, 3 required.
2022-01-21 22:42:02,734 [EventQueue-NodeRegistrationContainerReportForDataNodeSafeModeRule] INFO  safemode.SCMSafeModeManager (SCMSafeModeManager.java:validateSafeModeExitRules(204)) - DataNodeSafeModeRule rule is successfully validated
2022-01-21 22:42:02,734 [EventQueue-NodeRegistrationContainerReportForDataNodeSafeModeRule] INFO  safemode.SCMSafeModeManager (SCMSafeModeManager.java:completePreCheck(233)) - All SCM safe mode pre check rules have passed
2022-01-21 22:42:02,734 [EventQueue-NodeRegistrationContainerReportForDataNodeSafeModeRule] WARN  events.EventQueue (EventQueue.java:fireEvent(194)) - No event handler registered for event TypedEvent{payloadType=SafeModeStatus, name='Safe mode status'}
2022-01-21 22:42:02,734 [EventQueue-NodeRegistrationContainerReportForDataNodeSafeModeRule] INFO  ha.SCMContext (SCMContext.java:updateSafeModeStatus(211)) - Update SafeModeStatus from SafeModeStatus{safeModeStatus=true, preCheckPassed=false} to SafeModeStatus{safeModeStatus=true, preCheckPassed=true}.
2022-01-21 22:42:02,734 [EventQueue-NodeRegistrationContainerReportForDataNodeSafeModeRule] INFO  pipeline.BackgroundPipelineCreator (BackgroundPipelineCreator.java:notifyEventTriggered(285)) - trigger a one-shot run on RatisPipelineUtilsThread.
2022-01-21 22:42:02,735 [RatisPipelineUtilsThread - 0] INFO  pipeline.RatisPipelineProvider (RatisPipelineProvider.java:lambda$create$0(183)) - Sending CreatePipelineCommand for pipeline:PipelineID=e38a47b2-0f2b-43ed-bf73-b1d18a7504cd to datanode:3b795d5a-b002-4e0e-8d87-bd187dac4e43
2022-01-21 22:42:02,735 [RatisPipelineUtilsThread - 0] INFO  pipeline.RatisPipelineProvider (RatisPipelineProvider.java:lambda$create$0(183)) - Sending CreatePipelineCommand for pipeline:PipelineID=e38a47b2-0f2b-43ed-bf73-b1d18a7504cd to datanode:85f03e38-9c25-442e-a296-583332b1e3c2
2022-01-21 22:42:02,735 [RatisPipelineUtilsThread - 0] INFO  pipeline.RatisPipelineProvider (RatisPipelineProvider.java:lambda$create$0(183)) - Sending CreatePipelineCommand for pipeline:PipelineID=e38a47b2-0f2b-43ed-bf73-b1d18a7504cd to datanode:33960171-3598-4c9a-8f0c-3d16f1502dba
2022-01-21 22:42:02,736 [ae63a35f-302e-44fc-ab4d-43f01902f64a@group-A807118E8034-StateMachineUpdater] INFO  pipeline.PipelineStateManagerImpl (PipelineStateManagerImpl.java:addPipeline(101)) - Created pipeline Pipeline[ Id: e38a47b2-0f2b-43ed-bf73-b1d18a7504cd, Nodes: 3b795d5a-b002-4e0e-8d87-bd187dac4e43{ip: 10.1.0.82, host: fv-az148-708.bm4ck3pvxvsene1rjriu5fhcdb.bx.internal.cloudapp.net, ports: [REPLICATION=38691, RATIS=39307, RATIS_ADMIN=39307, RATIS_SERVER=39307, STANDALONE=34625], networkLocation: /default-rack, certSerialId: null, persistedOpState: IN_SERVICE, persistedOpStateExpiryEpochSec: 0}85f03e38-9c25-442e-a296-583332b1e3c2{ip: 10.1.0.82, host: fv-az148-708.bm4ck3pvxvsene1rjriu5fhcdb.bx.internal.cloudapp.net, ports: [REPLICATION=38143, RATIS=45945, RATIS_ADMIN=45945, RATIS_SERVER=45945, STANDALONE=37015], networkLocation: /default-rack, certSerialId: null, persistedOpState: IN_SERVICE, persistedOpStateExpiryEpochSec: 0}33960171-3598-4c9a-8f0c-3d16f1502dba{ip: 10.1.0.82, host: fv-az148-708.bm4ck3pvxvsene1rjriu5fhcdb.bx.internal.cloudapp.net, ports: [REPLICATION=34695, RATIS=44949, RATIS_ADMIN=44949, RATIS_SERVER=44949, STANDALONE=45471], networkLocation: /default-rack, certSerialId: null, persistedOpState: IN_SERVICE, persistedOpStateExpiryEpochSec: 0}, ReplicationConfig: RATIS/THREE, State:ALLOCATED, leaderId:, CreationTimestamp2022-01-21T22:42:02.734Z[Etc/UTC]].
2022-01-21 22:42:02,736 [ae63a35f-302e-44fc-ab4d-43f01902f64a@group-A807118E8034-StateMachineUpdater] INFO  safemode.HealthyPipelineSafeModeRule (HealthyPipelineSafeModeRule.java:initializeRule(152)) - Refreshed total pipeline count is 0, healthy pipeline threshold count is 1
2022-01-21 22:42:02,737 [RatisPipelineUtilsThread - 0] INFO  ha.SCMHAInvocationHandler (SCMHAInvocationHandler.java:invokeRatis(113)) - Invoking method public abstract void org.apache.hadoop.hdds.scm.pipeline.PipelineStateManager.addPipeline(org.apache.hadoop.hdds.protocol.proto.HddsProtos$Pipeline) throws java.io.IOException on target org.apache.hadoop.hdds.scm.ha.SCMRatisServerImpl@35527c23, cost 1799.937us
2022-01-21 22:42:03,682 [Listener at 127.0.0.1/33563] INFO  ozone.MiniOzoneClusterImpl (MiniOzoneClusterImpl.java:lambda$waitForClusterToBeReady$0(219)) - Nodes are ready. Got 3 of 3 DN Heartbeats.
2022-01-21 22:42:03,682 [Listener at 127.0.0.1/33563] INFO  ozone.MiniOzoneClusterImpl (MiniOzoneClusterImpl.java:lambda$waitForClusterToBeReady$0(222)) - Waiting for cluster to exit safe mode
2022-01-21 22:42:03,682 [Listener at 127.0.0.1/33563] INFO  ozone.MiniOzoneClusterImpl (MiniOzoneClusterImpl.java:lambda$waitForClusterToBeReady$0(224)) - SCM became leader
2022-01-21 22:42:04,682 [Listener at 127.0.0.1/33563] INFO  ozone.MiniOzoneClusterImpl (MiniOzoneClusterImpl.java:lambda$waitForClusterToBeReady$0(219)) - Nodes are ready. Got 3 of 3 DN Heartbeats.
2022-01-21 22:42:04,683 [Listener at 127.0.0.1/33563] INFO  ozone.MiniOzoneClusterImpl (MiniOzoneClusterImpl.java:lambda$waitForClusterToBeReady$0(222)) - Waiting for cluster to exit safe mode
2022-01-21 22:42:04,683 [Listener at 127.0.0.1/33563] INFO  ozone.MiniOzoneClusterImpl (MiniOzoneClusterImpl.java:lambda$waitForClusterToBeReady$0(224)) - SCM became leader
2022-01-21 22:42:04,924 [Command processor thread] INFO  server.RaftServer (RaftServerProxy.java:addNew(95)) - 33960171-3598-4c9a-8f0c-3d16f1502dba: addNew group-09F0EFF3BF9D:[33960171-3598-4c9a-8f0c-3d16f1502dba|rpc:10.1.0.82:44949|priority:1] returns group-09F0EFF3BF9D:java.util.concurrent.CompletableFuture@3f26f61d[Not completed]
2022-01-21 22:42:04,939 [pool-240-thread-1] INFO  server.RaftServer$Division (RaftServerImpl.java:<init>(184)) - 33960171-3598-4c9a-8f0c-3d16f1502dba: new RaftServerImpl for group-09F0EFF3BF9D:[33960171-3598-4c9a-8f0c-3d16f1502dba|rpc:10.1.0.82:44949|priority:1] with ContainerStateMachine:uninitialized
2022-01-21 22:42:04,944 [pool-240-thread-1] INFO  server.RaftServerConfigKeys (ConfUtils.java:logGet(44)) - raft.server.rpc.timeout.min = 5s (custom)
2022-01-21 22:42:04,945 [pool-240-thread-1] INFO  server.RaftServerConfigKeys (ConfUtils.java:logGet(44)) - raft.server.rpc.timeout.max = 5200ms (custom)
2022-01-21 22:42:04,945 [pool-240-thread-1] INFO  server.RaftServerConfigKeys (ConfUtils.java:logGet(44)) - raft.server.rpc.sleep.time = 25ms (default)
2022-01-21 22:42:04,945 [pool-240-thread-1] INFO  server.RaftServerConfigKeys (ConfUtils.java:logGet(44)) - raft.server.rpc.slowness.timeout = 300s (custom)
2022-01-21 22:42:04,945 [pool-240-thread-1] INFO  server.RaftServerConfigKeys (ConfUtils.java:logGet(44)) - raft.server.leaderelection.leader.step-down.wait-time = 10s (default)
2022-01-21 22:42:04,945 [pool-240-thread-1] INFO  server.RaftServerConfigKeys (ConfUtils.java:logGet(44)) - raft.server.sleep.deviation.threshold = 300ms (default)
2022-01-21 22:42:04,945 [pool-240-thread-1] INFO  server.RaftServerConfigKeys (ConfUtils.java:logGet(44)) - raft.server.log.appender.install.snapshot.enabled = false (custom)
2022-01-21 22:42:04,945 [pool-240-thread-1] INFO  server.RaftServer$Division (ServerState.java:<init>(105)) - 33960171-3598-4c9a-8f0c-3d16f1502dba@group-09F0EFF3BF9D: ConfigurationManager, init=-1: [33960171-3598-4c9a-8f0c-3d16f1502dba|rpc:10.1.0.82:44949|priority:1], old=null, confs=<EMPTY_MAP>
2022-01-21 22:42:04,945 [pool-240-thread-1] INFO  server.RaftServerConfigKeys (ConfUtils.java:logGet(44)) - raft.server.storage.dir = [/home/runner/work/ozone/ozone/hadoop-ozone/integration-test/target/test-dir/MiniOzoneClusterImpl-5c2351a1-b605-4f96-be75-a807118e8034/datanode-0/data/ratis] (custom)
2022-01-21 22:42:04,945 [pool-240-thread-1] INFO  server.RaftServerConfigKeys (ConfUtils.java:logGet(44)) - raft.server.log.corruption.policy = EXCEPTION (default)
2022-01-21 22:42:04,945 [pool-240-thread-1] INFO  server.RaftServerConfigKeys (ConfUtils.java:logGet(44)) - raft.server.storage.free-space.min = 0MB (=0) (default)
2022-01-21 22:42:04,945 [pool-240-thread-1] INFO  storage.RaftStorageDirectory (RaftStorageDirectoryImpl.java:analyzeStorage(135)) - The storage directory /home/runner/work/ozone/ozone/hadoop-ozone/integration-test/target/test-dir/MiniOzoneClusterImpl-5c2351a1-b605-4f96-be75-a807118e8034/datanode-0/data/ratis/3ea29c09-960e-4d77-a31e-09f0eff3bf9d does not exist. Creating ...
2022-01-21 22:42:04,949 [pool-240-thread-1] INFO  storage.RaftStorageDirectory (RaftStorageDirectoryImpl.java:tryLock(230)) - Lock on /home/runner/work/ozone/ozone/hadoop-ozone/integration-test/target/test-dir/MiniOzoneClusterImpl-5c2351a1-b605-4f96-be75-a807118e8034/datanode-0/data/ratis/3ea29c09-960e-4d77-a31e-09f0eff3bf9d/in_use.lock acquired by nodename 27576@fv-az148-708
2022-01-21 22:42:04,951 [pool-240-thread-1] INFO  storage.RaftStorage (RaftStorageImpl.java:format(89)) - Storage directory /home/runner/work/ozone/ozone/hadoop-ozone/integration-test/target/test-dir/MiniOzoneClusterImpl-5c2351a1-b605-4f96-be75-a807118e8034/datanode-0/data/ratis/3ea29c09-960e-4d77-a31e-09f0eff3bf9d has been successfully formatted.
2022-01-21 22:42:04,963 [pool-240-thread-1] INFO  ratis.ContainerStateMachine (ContainerStateMachine.java:loadSnapshot(231)) - group-09F0EFF3BF9D: The snapshot info is null. Setting the last applied indexto:(t:0, i:~)
2022-01-21 22:42:04,964 [pool-240-thread-1] INFO  server.RaftServerConfigKeys (ConfUtils.java:logGet(44)) - raft.server.notification.no-leader.timeout = 300s (custom)
2022-01-21 22:42:04,964 [pool-240-thread-1] INFO  server.RaftServerConfigKeys (ConfUtils.java:logGet(44)) - raft.server.log.use.memory = false (default)
2022-01-21 22:42:04,964 [pool-240-thread-1] INFO  server.RaftServerConfigKeys (ConfUtils.java:logGet(44)) - raft.server.log.purge.gap = 1000000 (custom)
2022-01-21 22:42:04,964 [pool-240-thread-1] INFO  server.RaftServerConfigKeys (ConfUtils.java:logGet(44)) - raft.server.log.appender.buffer.byte-limit = 33554432 (custom)
2022-01-21 22:42:04,964 [pool-240-thread-1] INFO  server.RaftServerConfigKeys (ConfUtils.java:logGet(44)) - raft.server.log.segment.size.max = 1048576 (custom)
2022-01-21 22:42:04,964 [pool-240-thread-1] INFO  server.RaftServerConfigKeys (ConfUtils.java:logGet(44)) - raft.server.log.segment.cache.num.max = 2 (custom)
2022-01-21 22:42:04,964 [pool-240-thread-1] INFO  server.RaftServerConfigKeys (ConfUtils.java:logGet(44)) - raft.server.log.segment.cache.size.max = 200MB (=209715200) (default)
2022-01-21 22:42:04,964 [pool-240-thread-1] INFO  segmented.SegmentedRaftLogWorker (SegmentedRaftLogWorker.java:<init>(182)) - new 33960171-3598-4c9a-8f0c-3d16f1502dba@group-09F0EFF3BF9D-SegmentedRaftLogWorker for RaftStorageImpl:Storage Directory /home/runner/work/ozone/ozone/hadoop-ozone/integration-test/target/test-dir/MiniOzoneClusterImpl-5c2351a1-b605-4f96-be75-a807118e8034/datanode-0/data/ratis/3ea29c09-960e-4d77-a31e-09f0eff3bf9d
2022-01-21 22:42:04,964 [pool-240-thread-1] INFO  server.RaftServerConfigKeys (ConfUtils.java:logGet(44)) - raft.server.log.queue.byte-limit = 2147483647 (custom)
2022-01-21 22:42:04,964 [pool-240-thread-1] INFO  server.RaftServerConfigKeys (ConfUtils.java:logGet(44)) - raft.server.log.queue.element-limit = 1024 (custom)
2022-01-21 22:42:04,965 [pool-240-thread-1] INFO  server.RaftServerConfigKeys (ConfUtils.java:logGet(44)) - raft.server.log.segment.size.max = 1048576 (custom)
2022-01-21 22:42:04,965 [pool-240-thread-1] INFO  server.RaftServerConfigKeys (ConfUtils.java:logGet(44)) - raft.server.log.preallocated.size = 16384 (custom)
2022-01-21 22:42:04,965 [pool-240-thread-1] INFO  server.RaftServerConfigKeys (ConfUtils.java:logGet(44)) - raft.server.log.force.sync.num = 128 (default)
2022-01-21 22:42:04,965 [pool-240-thread-1] INFO  server.RaftServerConfigKeys (ConfUtils.java:logGet(44)) - raft.server.log.statemachine.data.sync = true (default)
2022-01-21 22:42:04,965 [pool-240-thread-1] INFO  server.RaftServerConfigKeys (ConfUtils.java:logGet(44)) - raft.server.log.statemachine.data.sync.timeout = 10s (default)
2022-01-21 22:42:04,965 [pool-240-thread-1] INFO  server.RaftServerConfigKeys (ConfUtils.java:logGet(44)) - raft.server.log.statemachine.data.sync.timeout.retry = -1 (default)
2022-01-21 22:42:04,965 [pool-240-thread-1] INFO  server.RaftServerConfigKeys (ConfUtils.java:logGet(44)) - raft.server.log.write.buffer.size = 1048576 (custom)
2022-01-21 22:42:04,966 [pool-240-thread-1] INFO  server.RaftServerConfigKeys (ConfUtils.java:logGet(44)) - raft.server.log.statemachine.data.caching.enabled = true (custom)
2022-01-21 22:42:04,966 [pool-240-thread-1] INFO  segmented.SegmentedRaftLogWorker (SegmentedRaftLogWorker.java:lambda$new$0(133)) - 33960171-3598-4c9a-8f0c-3d16f1502dba@group-09F0EFF3BF9D-SegmentedRaftLogWorker: flushIndex: setUnconditionally 0 -> -1
2022-01-21 22:42:04,966 [pool-240-thread-1] INFO  segmented.SegmentedRaftLogWorker (SegmentedRaftLogWorker.java:lambda$new$0(133)) - 33960171-3598-4c9a-8f0c-3d16f1502dba@group-09F0EFF3BF9D-SegmentedRaftLogWorker: safeCacheEvictIndex: setUnconditionally 0 -> -1
2022-01-21 22:42:04,967 [pool-240-thread-1] INFO  server.RaftServerConfigKeys (ConfUtils.java:logGet(44)) - raft.server.snapshot.auto.trigger.enabled = true (custom)
2022-01-21 22:42:04,967 [pool-240-thread-1] INFO  server.RaftServerConfigKeys (ConfUtils.java:logGet(44)) - raft.server.snapshot.auto.trigger.threshold = 10000 (custom)
2022-01-21 22:42:04,967 [pool-240-thread-1] INFO  server.RaftServerConfigKeys (ConfUtils.java:logGet(44)) - raft.server.snapshot.retention.file.num = 5 (custom)
2022-01-21 22:42:04,967 [pool-240-thread-1] INFO  server.RaftServerConfigKeys (ConfUtils.java:logGet(44)) - raft.server.log.purge.upto.snapshot.index = false (default)
2022-01-21 22:42:04,967 [pool-240-thread-1] INFO  server.RaftServerConfigKeys (ConfUtils.java:logGet(44)) - raft.server.retrycache.expirytime = 600000ms (custom)
2022-01-21 22:42:04,967 [pool-240-thread-1] INFO  server.RaftServerConfigKeys (ConfUtils.java:logGet(44)) - raft.server.retrycache.statistics.expirytime = 100μs (default)
2022-01-21 22:42:04,969 [pool-240-thread-1] INFO  server.RaftServer$Division (RaftServerImpl.java:start(301)) - 33960171-3598-4c9a-8f0c-3d16f1502dba@group-09F0EFF3BF9D: start as a follower, conf=-1: [33960171-3598-4c9a-8f0c-3d16f1502dba|rpc:10.1.0.82:44949|priority:1], old=null
2022-01-21 22:42:04,969 [pool-240-thread-1] INFO  server.RaftServer$Division (RaftServerImpl.java:setRole(290)) - 33960171-3598-4c9a-8f0c-3d16f1502dba@group-09F0EFF3BF9D: changes role from      null to FOLLOWER at term 0 for startAsFollower
2022-01-21 22:42:04,969 [pool-240-thread-1] INFO  impl.RoleInfo (RoleInfo.java:updateAndGet(130)) - 33960171-3598-4c9a-8f0c-3d16f1502dba: start 33960171-3598-4c9a-8f0c-3d16f1502dba@group-09F0EFF3BF9D-FollowerState
2022-01-21 22:42:04,969 [EventQueue-PipelineReportForPipelineReportHandler] INFO  pipeline.PipelineManagerImpl (PipelineManagerImpl.java:openPipeline(291)) - Pipeline Pipeline[ Id: 3ea29c09-960e-4d77-a31e-09f0eff3bf9d, Nodes: 33960171-3598-4c9a-8f0c-3d16f1502dba{ip: 10.1.0.82, host: fv-az148-708.bm4ck3pvxvsene1rjriu5fhcdb.bx.internal.cloudapp.net, ports: [REPLICATION=34695, RATIS=44949, RATIS_ADMIN=44949, RATIS_SERVER=44949, STANDALONE=45471], networkLocation: /default-rack, certSerialId: null, persistedOpState: IN_SERVICE, persistedOpStateExpiryEpochSec: 0}, ReplicationConfig: RATIS/ONE, State:ALLOCATED, leaderId:33960171-3598-4c9a-8f0c-3d16f1502dba, CreationTimestamp2022-01-21T22:42:01.934Z[Etc/UTC]] moved to OPEN state
2022-01-21 22:42:04,970 [pool-240-thread-1] INFO  util.JmxRegister (JmxRegister.java:tryRegister(44)) - Successfully registered JMX Bean with object name Ratis:service=RaftServer,group=group-09F0EFF3BF9D,id=33960171-3598-4c9a-8f0c-3d16f1502dba
2022-01-21 22:42:04,970 [Command processor thread] INFO  ratis.XceiverServerRatis (XceiverServerRatis.java:addGroup(768)) - Created group PipelineID=3ea29c09-960e-4d77-a31e-09f0eff3bf9d
2022-01-21 22:42:04,980 [Command processor thread] INFO  commandhandler.CreatePipelineCommandHandler (CreatePipelineCommandHandler.java:handle(106)) - Created Pipeline RATIS ONE PipelineID=3ea29c09-960e-4d77-a31e-09f0eff3bf9d.
2022-01-21 22:42:04,980 [Command processor thread] INFO  server.RaftServer (RaftServerProxy.java:addNew(95)) - 33960171-3598-4c9a-8f0c-3d16f1502dba: addNew group-B1D18A7504CD:[33960171-3598-4c9a-8f0c-3d16f1502dba|rpc:10.1.0.82:44949|priority:0, 85f03e38-9c25-442e-a296-583332b1e3c2|rpc:10.1.0.82:45945|priority:1, 3b795d5a-b002-4e0e-8d87-bd187dac4e43|rpc:10.1.0.82:39307|priority:0] returns group-B1D18A7504CD:java.util.concurrent.CompletableFuture@3b197521[Not completed]
2022-01-21 22:42:04,981 [pool-240-thread-1] INFO  server.RaftServer$Division (RaftServerImpl.java:<init>(184)) - 33960171-3598-4c9a-8f0c-3d16f1502dba: new RaftServerImpl for group-B1D18A7504CD:[33960171-3598-4c9a-8f0c-3d16f1502dba|rpc:10.1.0.82:44949|priority:0, 85f03e38-9c25-442e-a296-583332b1e3c2|rpc:10.1.0.82:45945|priority:1, 3b795d5a-b002-4e0e-8d87-bd187dac4e43|rpc:10.1.0.82:39307|priority:0] with ContainerStateMachine:uninitialized
2022-01-21 22:42:04,981 [pool-240-thread-1] INFO  server.RaftServerConfigKeys (ConfUtils.java:logGet(44)) - raft.server.rpc.timeout.min = 5s (custom)
2022-01-21 22:42:04,981 [pool-240-thread-1] INFO  server.RaftServerConfigKeys (ConfUtils.java:logGet(44)) - raft.server.rpc.timeout.max = 5200ms (custom)
2022-01-21 22:42:04,981 [pool-240-thread-1] INFO  server.RaftServerConfigKeys (ConfUtils.java:logGet(44)) - raft.server.rpc.sleep.time = 25ms (default)
2022-01-21 22:42:04,981 [pool-240-thread-1] INFO  server.RaftServerConfigKeys (ConfUtils.java:logGet(44)) - raft.server.rpc.slowness.timeout = 300s (custom)
2022-01-21 22:42:04,981 [pool-240-thread-1] INFO  server.RaftServerConfigKeys (ConfUtils.java:logGet(44)) - raft.server.leaderelection.leader.step-down.wait-time = 10s (default)
2022-01-21 22:42:04,981 [pool-240-thread-1] INFO  server.RaftServerConfigKeys (ConfUtils.java:logGet(44)) - raft.server.sleep.deviation.threshold = 300ms (default)
2022-01-21 22:42:04,981 [pool-240-thread-1] INFO  server.RaftServerConfigKeys (ConfUtils.java:logGet(44)) - raft.server.log.appender.install.snapshot.enabled = false (custom)
2022-01-21 22:42:04,981 [pool-240-thread-1] INFO  server.RaftServer$Division (ServerState.java:<init>(105)) - 33960171-3598-4c9a-8f0c-3d16f1502dba@group-B1D18A7504CD: ConfigurationManager, init=-1: [33960171-3598-4c9a-8f0c-3d16f1502dba|rpc:10.1.0.82:44949|priority:0, 85f03e38-9c25-442e-a296-583332b1e3c2|rpc:10.1.0.82:45945|priority:1, 3b795d5a-b002-4e0e-8d87-bd187dac4e43|rpc:10.1.0.82:39307|priority:0], old=null, confs=<EMPTY_MAP>
2022-01-21 22:42:04,982 [pool-240-thread-1] INFO  server.RaftServerConfigKeys (ConfUtils.java:logGet(44)) - raft.server.storage.dir = [/home/runner/work/ozone/ozone/hadoop-ozone/integration-test/target/test-dir/MiniOzoneClusterImpl-5c2351a1-b605-4f96-be75-a807118e8034/datanode-0/data/ratis] (custom)
2022-01-21 22:42:04,982 [pool-240-thread-1] INFO  server.RaftServerConfigKeys (ConfUtils.java:logGet(44)) - raft.server.log.corruption.policy = EXCEPTION (default)
2022-01-21 22:42:04,982 [pool-240-thread-1] INFO  server.RaftServerConfigKeys (ConfUtils.java:logGet(44)) - raft.server.storage.free-space.min = 0MB (=0) (default)
2022-01-21 22:42:04,982 [pool-240-thread-1] INFO  storage.RaftStorageDirectory (RaftStorageDirectoryImpl.java:analyzeStorage(135)) - The storage directory /home/runner/work/ozone/ozone/hadoop-ozone/integration-test/target/test-dir/MiniOzoneClusterImpl-5c2351a1-b605-4f96-be75-a807118e8034/datanode-0/data/ratis/e38a47b2-0f2b-43ed-bf73-b1d18a7504cd does not exist. Creating ...
2022-01-21 22:42:04,983 [pool-240-thread-1] INFO  storage.RaftStorageDirectory (RaftStorageDirectoryImpl.java:tryLock(230)) - Lock on /home/runner/work/ozone/ozone/hadoop-ozone/integration-test/target/test-dir/MiniOzoneClusterImpl-5c2351a1-b605-4f96-be75-a807118e8034/datanode-0/data/ratis/e38a47b2-0f2b-43ed-bf73-b1d18a7504cd/in_use.lock acquired by nodename 27576@fv-az148-708
2022-01-21 22:42:04,987 [ae63a35f-302e-44fc-ab4d-43f01902f64a@group-A807118E8034-StateMachineUpdater] INFO  safemode.HealthyPipelineSafeModeRule (HealthyPipelineSafeModeRule.java:initializeRule(152)) - Refreshed total pipeline count is 0, healthy pipeline threshold count is 1
2022-01-21 22:42:04,988 [EventQueue-PipelineReportForPipelineReportHandler] INFO  ha.SCMHAInvocationHandler (SCMHAInvocationHandler.java:invokeRatis(113)) - Invoking method public abstract void org.apache.hadoop.hdds.scm.pipeline.PipelineStateManager.updatePipelineState(org.apache.hadoop.hdds.protocol.proto.HddsProtos$PipelineID,org.apache.hadoop.hdds.protocol.proto.HddsProtos$PipelineState) throws java.io.IOException on target org.apache.hadoop.hdds.scm.ha.SCMRatisServerImpl@35527c23, cost 18456.174us
2022-01-21 22:42:04,990 [pool-240-thread-1] INFO  storage.RaftStorage (RaftStorageImpl.java:format(89)) - Storage directory /home/runner/work/ozone/ozone/hadoop-ozone/integration-test/target/test-dir/MiniOzoneClusterImpl-5c2351a1-b605-4f96-be75-a807118e8034/datanode-0/data/ratis/e38a47b2-0f2b-43ed-bf73-b1d18a7504cd has been successfully formatted.
2022-01-21 22:42:04,990 [pool-240-thread-1] INFO  ratis.ContainerStateMachine (ContainerStateMachine.java:loadSnapshot(231)) - group-B1D18A7504CD: The snapshot info is null. Setting the last applied indexto:(t:0, i:~)
2022-01-21 22:42:04,991 [pool-240-thread-1] INFO  server.RaftServerConfigKeys (ConfUtils.java:logGet(44)) - raft.server.notification.no-leader.timeout = 300s (custom)
2022-01-21 22:42:04,991 [pool-240-thread-1] INFO  server.RaftServerConfigKeys (ConfUtils.java:logGet(44)) - raft.server.log.use.memory = false (default)
2022-01-21 22:42:04,991 [pool-240-thread-1] INFO  server.RaftServerConfigKeys (ConfUtils.java:logGet(44)) - raft.server.log.purge.gap = 1000000 (custom)
2022-01-21 22:42:04,991 [pool-240-thread-1] INFO  server.RaftServerConfigKeys (ConfUtils.java:logGet(44)) - raft.server.log.appender.buffer.byte-limit = 33554432 (custom)
2022-01-21 22:42:04,991 [pool-240-thread-1] INFO  server.RaftServerConfigKeys (ConfUtils.java:logGet(44)) - raft.server.log.segment.size.max = 1048576 (custom)
2022-01-21 22:42:04,993 [pool-240-thread-1] INFO  server.RaftServerConfigKeys (ConfUtils.java:logGet(44)) - raft.server.log.segment.cache.num.max = 2 (custom)
2022-01-21 22:42:04,993 [pool-240-thread-1] INFO  server.RaftServerConfigKeys (ConfUtils.java:logGet(44)) - raft.server.log.segment.cache.size.max = 200MB (=209715200) (default)
2022-01-21 22:42:04,993 [pool-240-thread-1] INFO  segmented.SegmentedRaftLogWorker (SegmentedRaftLogWorker.java:<init>(182)) - new 33960171-3598-4c9a-8f0c-3d16f1502dba@group-B1D18A7504CD-SegmentedRaftLogWorker for RaftStorageImpl:Storage Directory /home/runner/work/ozone/ozone/hadoop-ozone/integration-test/target/test-dir/MiniOzoneClusterImpl-5c2351a1-b605-4f96-be75-a807118e8034/datanode-0/data/ratis/e38a47b2-0f2b-43ed-bf73-b1d18a7504cd
2022-01-21 22:42:04,993 [pool-240-thread-1] INFO  server.RaftServerConfigKeys (ConfUtils.java:logGet(44)) - raft.server.log.queue.byte-limit = 2147483647 (custom)
2022-01-21 22:42:04,993 [pool-240-thread-1] INFO  server.RaftServerConfigKeys (ConfUtils.java:logGet(44)) - raft.server.log.queue.element-limit = 1024 (custom)
2022-01-21 22:42:04,993 [pool-240-thread-1] INFO  server.RaftServerConfigKeys (ConfUtils.java:logGet(44)) - raft.server.log.segment.size.max = 1048576 (custom)
2022-01-21 22:42:04,993 [pool-240-thread-1] INFO  server.RaftServerConfigKeys (ConfUtils.java:logGet(44)) - raft.server.log.preallocated.size = 16384 (custom)
2022-01-21 22:42:04,993 [pool-240-thread-1] INFO  server.RaftServerConfigKeys (ConfUtils.java:logGet(44)) - raft.server.log.force.sync.num = 128 (default)
2022-01-21 22:42:04,993 [pool-240-thread-1] INFO  server.RaftServerConfigKeys (ConfUtils.java:logGet(44)) - raft.server.log.statemachine.data.sync = true (default)
2022-01-21 22:42:04,994 [pool-240-thread-1] INFO  server.RaftServerConfigKeys (ConfUtils.java:logGet(44)) - raft.server.log.statemachine.data.sync.timeout = 10s (default)
2022-01-21 22:42:04,994 [pool-240-thread-1] INFO  server.RaftServerConfigKeys (ConfUtils.java:logGet(44)) - raft.server.log.statemachine.data.sync.timeout.retry = -1 (default)
2022-01-21 22:42:05,020 [EventQueue-OpenPipelineForHealthyPipelineSafeModeRule] INFO  safemode.SCMSafeModeManager (HealthyPipelineSafeModeRule.java:process(124)) - SCM in safe mode. Healthy pipelines reported count is 0, required healthy pipeline reported count is 1
2022-01-21 22:42:05,028 [EventQueue-OpenPipelineForHealthyPipelineSafeModeRule] INFO  safemode.SCMSafeModeManager (HealthyPipelineSafeModeRule.java:process(124)) - SCM in safe mode. Healthy pipelines reported count is 0, required healthy pipeline reported count is 1
2022-01-21 22:42:05,028 [pool-240-thread-1] INFO  server.RaftServerConfigKeys (ConfUtils.java:logGet(44)) - raft.server.log.write.buffer.size = 1048576 (custom)
2022-01-21 22:42:05,030 [pool-240-thread-1] INFO  server.RaftServerConfigKeys (ConfUtils.java:logGet(44)) - raft.server.log.statemachine.data.caching.enabled = true (custom)
2022-01-21 22:42:05,040 [pool-240-thread-1] INFO  segmented.SegmentedRaftLogWorker (SegmentedRaftLogWorker.java:lambda$new$0(133)) - 33960171-3598-4c9a-8f0c-3d16f1502dba@group-B1D18A7504CD-SegmentedRaftLogWorker: flushIndex: setUnconditionally 0 -> -1
2022-01-21 22:42:05,040 [pool-240-thread-1] INFO  segmented.SegmentedRaftLogWorker (SegmentedRaftLogWorker.java:lambda$new$0(133)) - 33960171-3598-4c9a-8f0c-3d16f1502dba@group-B1D18A7504CD-SegmentedRaftLogWorker: safeCacheEvictIndex: setUnconditionally 0 -> -1
2022-01-21 22:42:05,040 [pool-240-thread-1] INFO  server.RaftServerConfigKeys (ConfUtils.java:logGet(44)) - raft.server.snapshot.auto.trigger.enabled = true (custom)
2022-01-21 22:42:05,040 [pool-240-thread-1] INFO  server.RaftServerConfigKeys (ConfUtils.java:logGet(44)) - raft.server.snapshot.auto.trigger.threshold = 10000 (custom)
2022-01-21 22:42:05,041 [pool-240-thread-1] INFO  server.RaftServerConfigKeys (ConfUtils.java:logGet(44)) - raft.server.snapshot.retention.file.num = 5 (custom)
2022-01-21 22:42:05,041 [pool-240-thread-1] INFO  server.RaftServerConfigKeys (ConfUtils.java:logGet(44)) - raft.server.log.purge.upto.snapshot.index = false (default)
2022-01-21 22:42:05,041 [pool-240-thread-1] INFO  server.RaftServerConfigKeys (ConfUtils.java:logGet(44)) - raft.server.retrycache.expirytime = 600000ms (custom)
2022-01-21 22:42:05,041 [pool-240-thread-1] INFO  server.RaftServerConfigKeys (ConfUtils.java:logGet(44)) - raft.server.retrycache.statistics.expirytime = 100μs (default)
2022-01-21 22:42:05,050 [pool-240-thread-1] INFO  server.RaftServer$Division (RaftServerImpl.java:start(301)) - 33960171-3598-4c9a-8f0c-3d16f1502dba@group-B1D18A7504CD: start as a follower, conf=-1: [33960171-3598-4c9a-8f0c-3d16f1502dba|rpc:10.1.0.82:44949|priority:0, 85f03e38-9c25-442e-a296-583332b1e3c2|rpc:10.1.0.82:45945|priority:1, 3b795d5a-b002-4e0e-8d87-bd187dac4e43|rpc:10.1.0.82:39307|priority:0], old=null
2022-01-21 22:42:05,051 [pool-240-thread-1] INFO  server.RaftServer$Division (RaftServerImpl.java:setRole(290)) - 33960171-3598-4c9a-8f0c-3d16f1502dba@group-B1D18A7504CD: changes role from      null to FOLLOWER at term 0 for startAsFollower
2022-01-21 22:42:05,052 [pool-240-thread-1] INFO  impl.RoleInfo (RoleInfo.java:updateAndGet(130)) - 33960171-3598-4c9a-8f0c-3d16f1502dba: start 33960171-3598-4c9a-8f0c-3d16f1502dba@group-B1D18A7504CD-FollowerState
2022-01-21 22:42:05,065 [pool-240-thread-1] INFO  util.JmxRegister (JmxRegister.java:tryRegister(44)) - Successfully registered JMX Bean with object name Ratis:service=RaftServer,group=group-B1D18A7504CD,id=33960171-3598-4c9a-8f0c-3d16f1502dba
2022-01-21 22:42:05,067 [Command processor thread] INFO  ratis.XceiverServerRatis (XceiverServerRatis.java:addGroup(768)) - Created group PipelineID=e38a47b2-0f2b-43ed-bf73-b1d18a7504cd
2022-01-21 22:42:05,103 [grpc-default-executor-2] INFO  server.RaftServer (RaftServerProxy.java:addNew(95)) - 3b795d5a-b002-4e0e-8d87-bd187dac4e43: addNew group-B1D18A7504CD:[33960171-3598-4c9a-8f0c-3d16f1502dba|rpc:10.1.0.82:44949|dataStream:|priority:0, 85f03e38-9c25-442e-a296-583332b1e3c2|rpc:10.1.0.82:45945|dataStream:|priority:1, 3b795d5a-b002-4e0e-8d87-bd187dac4e43|rpc:10.1.0.82:39307|dataStream:|priority:0] returns group-B1D18A7504CD:java.util.concurrent.CompletableFuture@32666cd7[Not completed]
2022-01-21 22:42:05,104 [pool-261-thread-1] INFO  server.RaftServer$Division (RaftServerImpl.java:<init>(184)) - 3b795d5a-b002-4e0e-8d87-bd187dac4e43: new RaftServerImpl for group-B1D18A7504CD:[33960171-3598-4c9a-8f0c-3d16f1502dba|rpc:10.1.0.82:44949|dataStream:|priority:0, 85f03e38-9c25-442e-a296-583332b1e3c2|rpc:10.1.0.82:45945|dataStream:|priority:1, 3b795d5a-b002-4e0e-8d87-bd187dac4e43|rpc:10.1.0.82:39307|dataStream:|priority:0] with ContainerStateMachine:uninitialized
2022-01-21 22:42:05,119 [pool-261-thread-1] INFO  server.RaftServerConfigKeys (ConfUtils.java:logGet(44)) - raft.server.rpc.timeout.min = 5s (custom)
2022-01-21 22:42:05,120 [pool-261-thread-1] INFO  server.RaftServerConfigKeys (ConfUtils.java:logGet(44)) - raft.server.rpc.timeout.max = 5200ms (custom)
2022-01-21 22:42:05,120 [pool-261-thread-1] INFO  server.RaftServerConfigKeys (ConfUtils.java:logGet(44)) - raft.server.rpc.sleep.time = 25ms (default)
2022-01-21 22:42:05,120 [pool-261-thread-1] INFO  server.RaftServerConfigKeys (ConfUtils.java:logGet(44)) - raft.server.rpc.slowness.timeout = 300s (custom)
2022-01-21 22:42:05,120 [pool-261-thread-1] INFO  server.RaftServerConfigKeys (ConfUtils.java:logGet(44)) - raft.server.leaderelection.leader.step-down.wait-time = 10s (default)
2022-01-21 22:42:05,120 [pool-261-thread-1] INFO  server.RaftServerConfigKeys (ConfUtils.java:logGet(44)) - raft.server.sleep.deviation.threshold = 300ms (default)
2022-01-21 22:42:05,120 [pool-261-thread-1] INFO  server.RaftServerConfigKeys (ConfUtils.java:logGet(44)) - raft.server.log.appender.install.snapshot.enabled = false (custom)
2022-01-21 22:42:05,120 [pool-261-thread-1] INFO  server.RaftServer$Division (ServerState.java:<init>(105)) - 3b795d5a-b002-4e0e-8d87-bd187dac4e43@group-B1D18A7504CD: ConfigurationManager, init=-1: [33960171-3598-4c9a-8f0c-3d16f1502dba|rpc:10.1.0.82:44949|dataStream:|priority:0, 85f03e38-9c25-442e-a296-583332b1e3c2|rpc:10.1.0.82:45945|dataStream:|priority:1, 3b795d5a-b002-4e0e-8d87-bd187dac4e43|rpc:10.1.0.82:39307|dataStream:|priority:0], old=null, confs=<EMPTY_MAP>
2022-01-21 22:42:05,120 [pool-261-thread-1] INFO  server.RaftServerConfigKeys (ConfUtils.java:logGet(44)) - raft.server.storage.dir = [/home/runner/work/ozone/ozone/hadoop-ozone/integration-test/target/test-dir/MiniOzoneClusterImpl-5c2351a1-b605-4f96-be75-a807118e8034/datanode-1/data/ratis] (custom)
2022-01-21 22:42:05,120 [pool-261-thread-1] INFO  server.RaftServerConfigKeys (ConfUtils.java:logGet(44)) - raft.server.log.corruption.policy = EXCEPTION (default)
2022-01-21 22:42:05,120 [pool-261-thread-1] INFO  server.RaftServerConfigKeys (ConfUtils.java:logGet(44)) - raft.server.storage.free-space.min = 0MB (=0) (default)
2022-01-21 22:42:05,120 [pool-261-thread-1] INFO  storage.RaftStorageDirectory (RaftStorageDirectoryImpl.java:analyzeStorage(135)) - The storage directory /home/runner/work/ozone/ozone/hadoop-ozone/integration-test/target/test-dir/MiniOzoneClusterImpl-5c2351a1-b605-4f96-be75-a807118e8034/datanode-1/data/ratis/e38a47b2-0f2b-43ed-bf73-b1d18a7504cd does not exist. Creating ...
2022-01-21 22:42:05,122 [pool-261-thread-1] INFO  storage.RaftStorageDirectory (RaftStorageDirectoryImpl.java:tryLock(230)) - Lock on /home/runner/work/ozone/ozone/hadoop-ozone/integration-test/target/test-dir/MiniOzoneClusterImpl-5c2351a1-b605-4f96-be75-a807118e8034/datanode-1/data/ratis/e38a47b2-0f2b-43ed-bf73-b1d18a7504cd/in_use.lock acquired by nodename 27576@fv-az148-708
2022-01-21 22:42:05,124 [pool-261-thread-1] INFO  storage.RaftStorage (RaftStorageImpl.java:format(89)) - Storage directory /home/runner/work/ozone/ozone/hadoop-ozone/integration-test/target/test-dir/MiniOzoneClusterImpl-5c2351a1-b605-4f96-be75-a807118e8034/datanode-1/data/ratis/e38a47b2-0f2b-43ed-bf73-b1d18a7504cd has been successfully formatted.
2022-01-21 22:42:05,132 [pool-261-thread-1] INFO  ratis.ContainerStateMachine (ContainerStateMachine.java:loadSnapshot(231)) - group-B1D18A7504CD: The snapshot info is null. Setting the last applied indexto:(t:0, i:~)
2022-01-21 22:42:05,132 [pool-261-thread-1] INFO  server.RaftServerConfigKeys (ConfUtils.java:logGet(44)) - raft.server.notification.no-leader.timeout = 300s (custom)
2022-01-21 22:42:05,132 [pool-261-thread-1] INFO  server.RaftServerConfigKeys (ConfUtils.java:logGet(44)) - raft.server.log.use.memory = false (default)
2022-01-21 22:42:05,132 [pool-261-thread-1] INFO  server.RaftServerConfigKeys (ConfUtils.java:logGet(44)) - raft.server.log.purge.gap = 1000000 (custom)
2022-01-21 22:42:05,132 [pool-261-thread-1] INFO  server.RaftServerConfigKeys (ConfUtils.java:logGet(44)) - raft.server.log.appender.buffer.byte-limit = 33554432 (custom)
2022-01-21 22:42:05,132 [pool-261-thread-1] INFO  server.RaftServerConfigKeys (ConfUtils.java:logGet(44)) - raft.server.log.segment.size.max = 1048576 (custom)
2022-01-21 22:42:05,133 [pool-261-thread-1] INFO  server.RaftServerConfigKeys (ConfUtils.java:logGet(44)) - raft.server.log.segment.cache.num.max = 2 (custom)
2022-01-21 22:42:05,133 [pool-261-thread-1] INFO  server.RaftServerConfigKeys (ConfUtils.java:logGet(44)) - raft.server.log.segment.cache.size.max = 200MB (=209715200) (default)
2022-01-21 22:42:05,133 [pool-261-thread-1] INFO  segmented.SegmentedRaftLogWorker (SegmentedRaftLogWorker.java:<init>(182)) - new 3b795d5a-b002-4e0e-8d87-bd187dac4e43@group-B1D18A7504CD-SegmentedRaftLogWorker for RaftStorageImpl:Storage Directory /home/runner/work/ozone/ozone/hadoop-ozone/integration-test/target/test-dir/MiniOzoneClusterImpl-5c2351a1-b605-4f96-be75-a807118e8034/datanode-1/data/ratis/e38a47b2-0f2b-43ed-bf73-b1d18a7504cd
2022-01-21 22:42:05,133 [pool-261-thread-1] INFO  server.RaftServerConfigKeys (ConfUtils.java:logGet(44)) - raft.server.log.queue.byte-limit = 2147483647 (custom)
2022-01-21 22:42:05,133 [pool-261-thread-1] INFO  server.RaftServerConfigKeys (ConfUtils.java:logGet(44)) - raft.server.log.queue.element-limit = 1024 (custom)
2022-01-21 22:42:05,133 [pool-261-thread-1] INFO  server.RaftServerConfigKeys (ConfUtils.java:logGet(44)) - raft.server.log.segment.size.max = 1048576 (custom)
2022-01-21 22:42:05,133 [pool-261-thread-1] INFO  server.RaftServerConfigKeys (ConfUtils.java:logGet(44)) - raft.server.log.preallocated.size = 16384 (custom)
2022-01-21 22:42:05,133 [pool-261-thread-1] INFO  server.RaftServerConfigKeys (ConfUtils.java:logGet(44)) - raft.server.log.force.sync.num = 128 (default)
2022-01-21 22:42:05,133 [pool-261-thread-1] INFO  server.RaftServerConfigKeys (ConfUtils.java:logGet(44)) - raft.server.log.statemachine.data.sync = true (default)
2022-01-21 22:42:05,133 [pool-261-thread-1] INFO  server.RaftServerConfigKeys (ConfUtils.java:logGet(44)) - raft.server.log.statemachine.data.sync.timeout = 10s (default)
2022-01-21 22:42:05,133 [pool-261-thread-1] INFO  server.RaftServerConfigKeys (ConfUtils.java:logGet(44)) - raft.server.log.statemachine.data.sync.timeout.retry = -1 (default)
2022-01-21 22:42:05,134 [pool-261-thread-1] INFO  server.RaftServerConfigKeys (ConfUtils.java:logGet(44)) - raft.server.log.write.buffer.size = 1048576 (custom)
2022-01-21 22:42:05,135 [pool-261-thread-1] INFO  server.RaftServerConfigKeys (ConfUtils.java:logGet(44)) - raft.server.log.statemachine.data.caching.enabled = true (custom)
2022-01-21 22:42:05,135 [pool-261-thread-1] INFO  segmented.SegmentedRaftLogWorker (SegmentedRaftLogWorker.java:lambda$new$0(133)) - 3b795d5a-b002-4e0e-8d87-bd187dac4e43@group-B1D18A7504CD-SegmentedRaftLogWorker: flushIndex: setUnconditionally 0 -> -1
2022-01-21 22:42:05,135 [pool-261-thread-1] INFO  segmented.SegmentedRaftLogWorker (SegmentedRaftLogWorker.java:lambda$new$0(133)) - 3b795d5a-b002-4e0e-8d87-bd187dac4e43@group-B1D18A7504CD-SegmentedRaftLogWorker: safeCacheEvictIndex: setUnconditionally 0 -> -1
2022-01-21 22:42:05,143 [pool-261-thread-1] INFO  server.RaftServerConfigKeys (ConfUtils.java:logGet(44)) - raft.server.snapshot.auto.trigger.enabled = true (custom)
2022-01-21 22:42:05,144 [pool-261-thread-1] INFO  server.RaftServerConfigKeys (ConfUtils.java:logGet(44)) - raft.server.snapshot.auto.trigger.threshold = 10000 (custom)
2022-01-21 22:42:05,144 [pool-261-thread-1] INFO  server.RaftServerConfigKeys (ConfUtils.java:logGet(44)) - raft.server.snapshot.retention.file.num = 5 (custom)
2022-01-21 22:42:05,144 [pool-261-thread-1] INFO  server.RaftServerConfigKeys (ConfUtils.java:logGet(44)) - raft.server.log.purge.upto.snapshot.index = false (default)
2022-01-21 22:42:05,144 [pool-261-thread-1] INFO  server.RaftServerConfigKeys (ConfUtils.java:logGet(44)) - raft.server.retrycache.expirytime = 600000ms (custom)
2022-01-21 22:42:05,144 [pool-261-thread-1] INFO  server.RaftServerConfigKeys (ConfUtils.java:logGet(44)) - raft.server.retrycache.statistics.expirytime = 100μs (default)
2022-01-21 22:42:05,145 [pool-261-thread-1] INFO  server.RaftServer$Division (RaftServerImpl.java:start(301)) - 3b795d5a-b002-4e0e-8d87-bd187dac4e43@group-B1D18A7504CD: start as a follower, conf=-1: [33960171-3598-4c9a-8f0c-3d16f1502dba|rpc:10.1.0.82:44949|dataStream:|priority:0, 85f03e38-9c25-442e-a296-583332b1e3c2|rpc:10.1.0.82:45945|dataStream:|priority:1, 3b795d5a-b002-4e0e-8d87-bd187dac4e43|rpc:10.1.0.82:39307|dataStream:|priority:0], old=null
2022-01-21 22:42:05,145 [pool-261-thread-1] INFO  server.RaftServer$Division (RaftServerImpl.java:setRole(290)) - 3b795d5a-b002-4e0e-8d87-bd187dac4e43@group-B1D18A7504CD: changes role from      null to FOLLOWER at term 0 for startAsFollower
2022-01-21 22:42:05,145 [pool-261-thread-1] INFO  impl.RoleInfo (RoleInfo.java:updateAndGet(130)) - 3b795d5a-b002-4e0e-8d87-bd187dac4e43: start 3b795d5a-b002-4e0e-8d87-bd187dac4e43@group-B1D18A7504CD-FollowerState
2022-01-21 22:42:05,155 [pool-261-thread-1] INFO  util.JmxRegister (JmxRegister.java:tryRegister(44)) - Successfully registered JMX Bean with object name Ratis:service=RaftServer,group=group-B1D18A7504CD,id=3b795d5a-b002-4e0e-8d87-bd187dac4e43
2022-01-21 22:42:05,301 [Command processor thread] INFO  server.RaftServer (RaftServerProxy.java:addNew(95)) - 3b795d5a-b002-4e0e-8d87-bd187dac4e43: addNew group-8DD89CE91408:[3b795d5a-b002-4e0e-8d87-bd187dac4e43|rpc:10.1.0.82:39307|priority:1] returns group-8DD89CE91408:java.util.concurrent.CompletableFuture@65325617[Not completed]
2022-01-21 22:42:05,302 [pool-261-thread-1] INFO  server.RaftServer$Division (RaftServerImpl.java:<init>(184)) - 3b795d5a-b002-4e0e-8d87-bd187dac4e43: new RaftServerImpl for group-8DD89CE91408:[3b795d5a-b002-4e0e-8d87-bd187dac4e43|rpc:10.1.0.82:39307|priority:1] with ContainerStateMachine:uninitialized
2022-01-21 22:42:05,303 [pool-261-thread-1] INFO  server.RaftServerConfigKeys (ConfUtils.java:logGet(44)) - raft.server.rpc.timeout.min = 5s (custom)
2022-01-21 22:42:05,303 [pool-261-thread-1] INFO  server.RaftServerConfigKeys (ConfUtils.java:logGet(44)) - raft.server.rpc.timeout.max = 5200ms (custom)
2022-01-21 22:42:05,303 [pool-261-thread-1] INFO  server.RaftServerConfigKeys (ConfUtils.java:logGet(44)) - raft.server.rpc.sleep.time = 25ms (default)
2022-01-21 22:42:05,303 [pool-261-thread-1] INFO  server.RaftServerConfigKeys (ConfUtils.java:logGet(44)) - raft.server.rpc.slowness.timeout = 300s (custom)
2022-01-21 22:42:05,303 [pool-261-thread-1] INFO  server.RaftServerConfigKeys (ConfUtils.java:logGet(44)) - raft.server.leaderelection.leader.step-down.wait-time = 10s (default)
2022-01-21 22:42:05,303 [pool-261-thread-1] INFO  server.RaftServerConfigKeys (ConfUtils.java:logGet(44)) - raft.server.sleep.deviation.threshold = 300ms (default)
2022-01-21 22:42:05,303 [pool-261-thread-1] INFO  server.RaftServerConfigKeys (ConfUtils.java:logGet(44)) - raft.server.log.appender.install.snapshot.enabled = false (custom)
2022-01-21 22:42:05,303 [pool-261-thread-1] INFO  server.RaftServer$Division (ServerState.java:<init>(105)) - 3b795d5a-b002-4e0e-8d87-bd187dac4e43@group-8DD89CE91408: ConfigurationManager, init=-1: [3b795d5a-b002-4e0e-8d87-bd187dac4e43|rpc:10.1.0.82:39307|priority:1], old=null, confs=<EMPTY_MAP>
2022-01-21 22:42:05,303 [pool-261-thread-1] INFO  server.RaftServerConfigKeys (ConfUtils.java:logGet(44)) - raft.server.storage.dir = [/home/runner/work/ozone/ozone/hadoop-ozone/integration-test/target/test-dir/MiniOzoneClusterImpl-5c2351a1-b605-4f96-be75-a807118e8034/datanode-1/data/ratis] (custom)
2022-01-21 22:42:05,303 [pool-261-thread-1] INFO  server.RaftServerConfigKeys (ConfUtils.java:logGet(44)) - raft.server.log.corruption.policy = EXCEPTION (default)
2022-01-21 22:42:05,303 [pool-261-thread-1] INFO  server.RaftServerConfigKeys (ConfUtils.java:logGet(44)) - raft.server.storage.free-space.min = 0MB (=0) (default)
2022-01-21 22:42:05,311 [pool-261-thread-1] INFO  storage.RaftStorageDirectory (RaftStorageDirectoryImpl.java:analyzeStorage(135)) - The storage directory /home/runner/work/ozone/ozone/hadoop-ozone/integration-test/target/test-dir/MiniOzoneClusterImpl-5c2351a1-b605-4f96-be75-a807118e8034/datanode-1/data/ratis/452b4478-3ab3-44f4-8089-8dd89ce91408 does not exist. Creating ...
2022-01-21 22:42:05,313 [pool-261-thread-1] INFO  storage.RaftStorageDirectory (RaftStorageDirectoryImpl.java:tryLock(230)) - Lock on /home/runner/work/ozone/ozone/hadoop-ozone/integration-test/target/test-dir/MiniOzoneClusterImpl-5c2351a1-b605-4f96-be75-a807118e8034/datanode-1/data/ratis/452b4478-3ab3-44f4-8089-8dd89ce91408/in_use.lock acquired by nodename 27576@fv-az148-708
2022-01-21 22:42:05,324 [pool-261-thread-1] INFO  storage.RaftStorage (RaftStorageImpl.java:format(89)) - Storage directory /home/runner/work/ozone/ozone/hadoop-ozone/integration-test/target/test-dir/MiniOzoneClusterImpl-5c2351a1-b605-4f96-be75-a807118e8034/datanode-1/data/ratis/452b4478-3ab3-44f4-8089-8dd89ce91408 has been successfully formatted.
2022-01-21 22:42:05,325 [pool-261-thread-1] INFO  ratis.ContainerStateMachine (ContainerStateMachine.java:loadSnapshot(231)) - group-8DD89CE91408: The snapshot info is null. Setting the last applied indexto:(t:0, i:~)
2022-01-21 22:42:05,325 [pool-261-thread-1] INFO  server.RaftServerConfigKeys (ConfUtils.java:logGet(44)) - raft.server.notification.no-leader.timeout = 300s (custom)
2022-01-21 22:42:05,325 [pool-261-thread-1] INFO  server.RaftServerConfigKeys (ConfUtils.java:logGet(44)) - raft.server.log.use.memory = false (default)
2022-01-21 22:42:05,325 [pool-261-thread-1] INFO  server.RaftServerConfigKeys (ConfUtils.java:logGet(44)) - raft.server.log.purge.gap = 1000000 (custom)
2022-01-21 22:42:05,325 [pool-261-thread-1] INFO  server.RaftServerConfigKeys (ConfUtils.java:logGet(44)) - raft.server.log.appender.buffer.byte-limit = 33554432 (custom)
2022-01-21 22:42:05,325 [pool-261-thread-1] INFO  server.RaftServerConfigKeys (ConfUtils.java:logGet(44)) - raft.server.log.segment.size.max = 1048576 (custom)
2022-01-21 22:42:05,325 [pool-261-thread-1] INFO  server.RaftServerConfigKeys (ConfUtils.java:logGet(44)) - raft.server.log.segment.cache.num.max = 2 (custom)
2022-01-21 22:42:05,325 [pool-261-thread-1] INFO  server.RaftServerConfigKeys (ConfUtils.java:logGet(44)) - raft.server.log.segment.cache.size.max = 200MB (=209715200) (default)
2022-01-21 22:42:05,325 [pool-261-thread-1] INFO  segmented.SegmentedRaftLogWorker (SegmentedRaftLogWorker.java:<init>(182)) - new 3b795d5a-b002-4e0e-8d87-bd187dac4e43@group-8DD89CE91408-SegmentedRaftLogWorker for RaftStorageImpl:Storage Directory /home/runner/work/ozone/ozone/hadoop-ozone/integration-test/target/test-dir/MiniOzoneClusterImpl-5c2351a1-b605-4f96-be75-a807118e8034/datanode-1/data/ratis/452b4478-3ab3-44f4-8089-8dd89ce91408
2022-01-21 22:42:05,326 [pool-261-thread-1] INFO  server.RaftServerConfigKeys (ConfUtils.java:logGet(44)) - raft.server.log.queue.byte-limit = 2147483647 (custom)
2022-01-21 22:42:05,326 [pool-261-thread-1] INFO  server.RaftServerConfigKeys (ConfUtils.java:logGet(44)) - raft.server.log.queue.element-limit = 1024 (custom)
2022-01-21 22:42:05,326 [pool-261-thread-1] INFO  server.RaftServerConfigKeys (ConfUtils.java:logGet(44)) - raft.server.log.segment.size.max = 1048576 (custom)
2022-01-21 22:42:05,326 [pool-261-thread-1] INFO  server.RaftServerConfigKeys (ConfUtils.java:logGet(44)) - raft.server.log.preallocated.size = 16384 (custom)
2022-01-21 22:42:05,326 [pool-261-thread-1] INFO  server.RaftServerConfigKeys (ConfUtils.java:logGet(44)) - raft.server.log.force.sync.num = 128 (default)
2022-01-21 22:42:05,326 [pool-261-thread-1] INFO  server.RaftServerConfigKeys (ConfUtils.java:logGet(44)) - raft.server.log.statemachine.data.sync = true (default)
2022-01-21 22:42:05,326 [pool-261-thread-1] INFO  server.RaftServerConfigKeys (ConfUtils.java:logGet(44)) - raft.server.log.statemachine.data.sync.timeout = 10s (default)
2022-01-21 22:42:05,326 [pool-261-thread-1] INFO  server.RaftServerConfigKeys (ConfUtils.java:logGet(44)) - raft.server.log.statemachine.data.sync.timeout.retry = -1 (default)
2022-01-21 22:42:05,326 [pool-261-thread-1] INFO  server.RaftServerConfigKeys (ConfUtils.java:logGet(44)) - raft.server.log.write.buffer.size = 1048576 (custom)
2022-01-21 22:42:05,327 [pool-261-thread-1] INFO  server.RaftServerConfigKeys (ConfUtils.java:logGet(44)) - raft.server.log.statemachine.data.caching.enabled = true (custom)
2022-01-21 22:42:05,327 [pool-261-thread-1] INFO  segmented.SegmentedRaftLogWorker (SegmentedRaftLogWorker.java:lambda$new$0(133)) - 3b795d5a-b002-4e0e-8d87-bd187dac4e43@group-8DD89CE91408-SegmentedRaftLogWorker: flushIndex: setUnconditionally 0 -> -1
2022-01-21 22:42:05,329 [EventQueue-PipelineReportForPipelineReportHandler] INFO  pipeline.PipelineManagerImpl (PipelineManagerImpl.java:openPipeline(291)) - Pipeline Pipeline[ Id: 452b4478-3ab3-44f4-8089-8dd89ce91408, Nodes: 3b795d5a-b002-4e0e-8d87-bd187dac4e43{ip: 10.1.0.82, host: fv-az148-708.bm4ck3pvxvsene1rjriu5fhcdb.bx.internal.cloudapp.net, ports: [REPLICATION=38691, RATIS=39307, RATIS_ADMIN=39307, RATIS_SERVER=39307, STANDALONE=34625], networkLocation: /default-rack, certSerialId: null, persistedOpState: IN_SERVICE, persistedOpStateExpiryEpochSec: 0}, ReplicationConfig: RATIS/ONE, State:ALLOCATED, leaderId:3b795d5a-b002-4e0e-8d87-bd187dac4e43, CreationTimestamp2022-01-21T22:42:02.293Z[Etc/UTC]] moved to OPEN state
2022-01-21 22:42:05,343 [grpc-default-executor-2] INFO  server.RaftServer (RaftServerProxy.java:addNew(95)) - 85f03e38-9c25-442e-a296-583332b1e3c2: addNew group-B1D18A7504CD:[33960171-3598-4c9a-8f0c-3d16f1502dba|rpc:10.1.0.82:44949|dataStream:|priority:0, 85f03e38-9c25-442e-a296-583332b1e3c2|rpc:10.1.0.82:45945|dataStream:|priority:1, 3b795d5a-b002-4e0e-8d87-bd187dac4e43|rpc:10.1.0.82:39307|dataStream:|priority:0] returns group-B1D18A7504CD:java.util.concurrent.CompletableFuture@4342d2cf[Not completed]
2022-01-21 22:42:05,344 [pool-261-thread-1] INFO  segmented.SegmentedRaftLogWorker (SegmentedRaftLogWorker.java:lambda$new$0(133)) - 3b795d5a-b002-4e0e-8d87-bd187dac4e43@group-8DD89CE91408-SegmentedRaftLogWorker: safeCacheEvictIndex: setUnconditionally 0 -> -1
2022-01-21 22:42:05,351 [pool-261-thread-1] INFO  server.RaftServerConfigKeys (ConfUtils.java:logGet(44)) - raft.server.snapshot.auto.trigger.enabled = true (custom)
2022-01-21 22:42:05,351 [pool-261-thread-1] INFO  server.RaftServerConfigKeys (ConfUtils.java:logGet(44)) - raft.server.snapshot.auto.trigger.threshold = 10000 (custom)
2022-01-21 22:42:05,351 [pool-261-thread-1] INFO  server.RaftServerConfigKeys (ConfUtils.java:logGet(44)) - raft.server.snapshot.retention.file.num = 5 (custom)
2022-01-21 22:42:05,351 [pool-261-thread-1] INFO  server.RaftServerConfigKeys (ConfUtils.java:logGet(44)) - raft.server.log.purge.upto.snapshot.index = false (default)
2022-01-21 22:42:05,351 [pool-261-thread-1] INFO  server.RaftServerConfigKeys (ConfUtils.java:logGet(44)) - raft.server.retrycache.expirytime = 600000ms (custom)
2022-01-21 22:42:05,351 [pool-261-thread-1] INFO  server.RaftServerConfigKeys (ConfUtils.java:logGet(44)) - raft.server.retrycache.statistics.expirytime = 100μs (default)
2022-01-21 22:42:05,352 [pool-261-thread-1] INFO  server.RaftServer$Division (RaftServerImpl.java:start(301)) - 3b795d5a-b002-4e0e-8d87-bd187dac4e43@group-8DD89CE91408: start as a follower, conf=-1: [3b795d5a-b002-4e0e-8d87-bd187dac4e43|rpc:10.1.0.82:39307|priority:1], old=null
2022-01-21 22:42:05,353 [pool-261-thread-1] INFO  server.RaftServer$Division (RaftServerImpl.java:setRole(290)) - 3b795d5a-b002-4e0e-8d87-bd187dac4e43@group-8DD89CE91408: changes role from      null to FOLLOWER at term 0 for startAsFollower
2022-01-21 22:42:05,353 [pool-261-thread-1] INFO  impl.RoleInfo (RoleInfo.java:updateAndGet(130)) - 3b795d5a-b002-4e0e-8d87-bd187dac4e43: start 3b795d5a-b002-4e0e-8d87-bd187dac4e43@group-8DD89CE91408-FollowerState
2022-01-21 22:42:05,359 [pool-261-thread-1] INFO  util.JmxRegister (JmxRegister.java:tryRegister(44)) - Successfully registered JMX Bean with object name Ratis:service=RaftServer,group=group-8DD89CE91408,id=3b795d5a-b002-4e0e-8d87-bd187dac4e43
2022-01-21 22:42:05,362 [Command processor thread] INFO  ratis.XceiverServerRatis (XceiverServerRatis.java:addGroup(768)) - Created group PipelineID=452b4478-3ab3-44f4-8089-8dd89ce91408
2022-01-21 22:42:05,362 [Command processor thread] INFO  commandhandler.CreatePipelineCommandHandler (CreatePipelineCommandHandler.java:handle(106)) - Created Pipeline RATIS ONE PipelineID=452b4478-3ab3-44f4-8089-8dd89ce91408.
2022-01-21 22:42:05,362 [pool-282-thread-1] INFO  server.RaftServer$Division (RaftServerImpl.java:<init>(184)) - 85f03e38-9c25-442e-a296-583332b1e3c2: new RaftServerImpl for group-B1D18A7504CD:[33960171-3598-4c9a-8f0c-3d16f1502dba|rpc:10.1.0.82:44949|dataStream:|priority:0, 85f03e38-9c25-442e-a296-583332b1e3c2|rpc:10.1.0.82:45945|dataStream:|priority:1, 3b795d5a-b002-4e0e-8d87-bd187dac4e43|rpc:10.1.0.82:39307|dataStream:|priority:0] with ContainerStateMachine:uninitialized
2022-01-21 22:42:05,369 [pool-282-thread-1] INFO  server.RaftServerConfigKeys (ConfUtils.java:logGet(44)) - raft.server.rpc.timeout.min = 5s (custom)
2022-01-21 22:42:05,369 [pool-282-thread-1] INFO  server.RaftServerConfigKeys (ConfUtils.java:logGet(44)) - raft.server.rpc.timeout.max = 5200ms (custom)
2022-01-21 22:42:05,369 [pool-282-thread-1] INFO  server.RaftServerConfigKeys (ConfUtils.java:logGet(44)) - raft.server.rpc.sleep.time = 25ms (default)
2022-01-21 22:42:05,369 [pool-282-thread-1] INFO  server.RaftServerConfigKeys (ConfUtils.java:logGet(44)) - raft.server.rpc.slowness.timeout = 300s (custom)
2022-01-21 22:42:05,369 [pool-282-thread-1] INFO  server.RaftServerConfigKeys (ConfUtils.java:logGet(44)) - raft.server.leaderelection.leader.step-down.wait-time = 10s (default)
2022-01-21 22:42:05,369 [pool-282-thread-1] INFO  server.RaftServerConfigKeys (ConfUtils.java:logGet(44)) - raft.server.sleep.deviation.threshold = 300ms (default)
2022-01-21 22:42:05,369 [pool-282-thread-1] INFO  server.RaftServerConfigKeys (ConfUtils.java:logGet(44)) - raft.server.log.appender.install.snapshot.enabled = false (custom)
2022-01-21 22:42:05,369 [pool-282-thread-1] INFO  server.RaftServer$Division (ServerState.java:<init>(105)) - 85f03e38-9c25-442e-a296-583332b1e3c2@group-B1D18A7504CD: ConfigurationManager, init=-1: [33960171-3598-4c9a-8f0c-3d16f1502dba|rpc:10.1.0.82:44949|dataStream:|priority:0, 85f03e38-9c25-442e-a296-583332b1e3c2|rpc:10.1.0.82:45945|dataStream:|priority:1, 3b795d5a-b002-4e0e-8d87-bd187dac4e43|rpc:10.1.0.82:39307|dataStream:|priority:0], old=null, confs=<EMPTY_MAP>
2022-01-21 22:42:05,371 [ae63a35f-302e-44fc-ab4d-43f01902f64a@group-A807118E8034-StateMachineUpdater] INFO  safemode.HealthyPipelineSafeModeRule (HealthyPipelineSafeModeRule.java:initializeRule(152)) - Refreshed total pipeline count is 0, healthy pipeline threshold count is 1
2022-01-21 22:42:05,371 [EventQueue-PipelineReportForPipelineReportHandler] INFO  ha.SCMHAInvocationHandler (SCMHAInvocationHandler.java:invokeRatis(113)) - Invoking method public abstract void org.apache.hadoop.hdds.scm.pipeline.PipelineStateManager.updatePipelineState(org.apache.hadoop.hdds.protocol.proto.HddsProtos$PipelineID,org.apache.hadoop.hdds.protocol.proto.HddsProtos$PipelineState) throws java.io.IOException on target org.apache.hadoop.hdds.scm.ha.SCMRatisServerImpl@35527c23, cost 40270.816us
2022-01-21 22:42:05,371 [EventQueue-OpenPipelineForHealthyPipelineSafeModeRule] INFO  safemode.SCMSafeModeManager (HealthyPipelineSafeModeRule.java:process(124)) - SCM in safe mode. Healthy pipelines reported count is 0, required healthy pipeline reported count is 1
2022-01-21 22:42:05,375 [pool-282-thread-1] INFO  server.RaftServerConfigKeys (ConfUtils.java:logGet(44)) - raft.server.storage.dir = [/home/runner/work/ozone/ozone/hadoop-ozone/integration-test/target/test-dir/MiniOzoneClusterImpl-5c2351a1-b605-4f96-be75-a807118e8034/datanode-2/data/ratis] (custom)
2022-01-21 22:42:05,376 [pool-282-thread-1] INFO  server.RaftServerConfigKeys (ConfUtils.java:logGet(44)) - raft.server.log.corruption.policy = EXCEPTION (default)
2022-01-21 22:42:05,376 [pool-282-thread-1] INFO  server.RaftServerConfigKeys (ConfUtils.java:logGet(44)) - raft.server.storage.free-space.min = 0MB (=0) (default)
2022-01-21 22:42:05,376 [pool-282-thread-1] INFO  storage.RaftStorageDirectory (RaftStorageDirectoryImpl.java:analyzeStorage(135)) - The storage directory /home/runner/work/ozone/ozone/hadoop-ozone/integration-test/target/test-dir/MiniOzoneClusterImpl-5c2351a1-b605-4f96-be75-a807118e8034/datanode-2/data/ratis/e38a47b2-0f2b-43ed-bf73-b1d18a7504cd does not exist. Creating ...
2022-01-21 22:42:05,378 [pool-282-thread-1] INFO  storage.RaftStorageDirectory (RaftStorageDirectoryImpl.java:tryLock(230)) - Lock on /home/runner/work/ozone/ozone/hadoop-ozone/integration-test/target/test-dir/MiniOzoneClusterImpl-5c2351a1-b605-4f96-be75-a807118e8034/datanode-2/data/ratis/e38a47b2-0f2b-43ed-bf73-b1d18a7504cd/in_use.lock acquired by nodename 27576@fv-az148-708
2022-01-21 22:42:05,380 [pool-282-thread-1] INFO  storage.RaftStorage (RaftStorageImpl.java:format(89)) - Storage directory /home/runner/work/ozone/ozone/hadoop-ozone/integration-test/target/test-dir/MiniOzoneClusterImpl-5c2351a1-b605-4f96-be75-a807118e8034/datanode-2/data/ratis/e38a47b2-0f2b-43ed-bf73-b1d18a7504cd has been successfully formatted.
2022-01-21 22:42:05,385 [pool-282-thread-1] INFO  ratis.ContainerStateMachine (ContainerStateMachine.java:loadSnapshot(231)) - group-B1D18A7504CD: The snapshot info is null. Setting the last applied indexto:(t:0, i:~)
2022-01-21 22:42:05,385 [pool-282-thread-1] INFO  server.RaftServerConfigKeys (ConfUtils.java:logGet(44)) - raft.server.notification.no-leader.timeout = 300s (custom)
2022-01-21 22:42:05,385 [pool-282-thread-1] INFO  server.RaftServerConfigKeys (ConfUtils.java:logGet(44)) - raft.server.log.use.memory = false (default)
2022-01-21 22:42:05,386 [pool-282-thread-1] INFO  server.RaftServerConfigKeys (ConfUtils.java:logGet(44)) - raft.server.log.purge.gap = 1000000 (custom)
2022-01-21 22:42:05,386 [pool-282-thread-1] INFO  server.RaftServerConfigKeys (ConfUtils.java:logGet(44)) - raft.server.log.appender.buffer.byte-limit = 33554432 (custom)
2022-01-21 22:42:05,386 [pool-282-thread-1] INFO  server.RaftServerConfigKeys (ConfUtils.java:logGet(44)) - raft.server.log.segment.size.max = 1048576 (custom)
2022-01-21 22:42:05,395 [pool-282-thread-1] INFO  server.RaftServerConfigKeys (ConfUtils.java:logGet(44)) - raft.server.log.segment.cache.num.max = 2 (custom)
2022-01-21 22:42:05,396 [pool-282-thread-1] INFO  server.RaftServerConfigKeys (ConfUtils.java:logGet(44)) - raft.server.log.segment.cache.size.max = 200MB (=209715200) (default)
2022-01-21 22:42:05,396 [pool-282-thread-1] INFO  segmented.SegmentedRaftLogWorker (SegmentedRaftLogWorker.java:<init>(182)) - new 85f03e38-9c25-442e-a296-583332b1e3c2@group-B1D18A7504CD-SegmentedRaftLogWorker for RaftStorageImpl:Storage Directory /home/runner/work/ozone/ozone/hadoop-ozone/integration-test/target/test-dir/MiniOzoneClusterImpl-5c2351a1-b605-4f96-be75-a807118e8034/datanode-2/data/ratis/e38a47b2-0f2b-43ed-bf73-b1d18a7504cd
2022-01-21 22:42:05,396 [pool-282-thread-1] INFO  server.RaftServerConfigKeys (ConfUtils.java:logGet(44)) - raft.server.log.queue.byte-limit = 2147483647 (custom)
2022-01-21 22:42:05,396 [pool-282-thread-1] INFO  server.RaftServerConfigKeys (ConfUtils.java:logGet(44)) - raft.server.log.queue.element-limit = 1024 (custom)
2022-01-21 22:42:05,396 [pool-282-thread-1] INFO  server.RaftServerConfigKeys (ConfUtils.java:logGet(44)) - raft.server.log.segment.size.max = 1048576 (custom)
2022-01-21 22:42:05,397 [pool-282-thread-1] INFO  server.RaftServerConfigKeys (ConfUtils.java:logGet(44)) - raft.server.log.preallocated.size = 16384 (custom)
2022-01-21 22:42:05,397 [pool-282-thread-1] INFO  server.RaftServerConfigKeys (ConfUtils.java:logGet(44)) - raft.server.log.force.sync.num = 128 (default)
2022-01-21 22:42:05,397 [pool-282-thread-1] INFO  server.RaftServerConfigKeys (ConfUtils.java:logGet(44)) - raft.server.log.statemachine.data.sync = true (default)
2022-01-21 22:42:05,397 [pool-282-thread-1] INFO  server.RaftServerConfigKeys (ConfUtils.java:logGet(44)) - raft.server.log.statemachine.data.sync.timeout = 10s (default)
2022-01-21 22:42:05,397 [pool-282-thread-1] INFO  server.RaftServerConfigKeys (ConfUtils.java:logGet(44)) - raft.server.log.statemachine.data.sync.timeout.retry = -1 (default)
2022-01-21 22:42:05,400 [pool-282-thread-1] INFO  server.RaftServerConfigKeys (ConfUtils.java:logGet(44)) - raft.server.log.write.buffer.size = 1048576 (custom)
2022-01-21 22:42:05,402 [pool-282-thread-1] INFO  server.RaftServerConfigKeys (ConfUtils.java:logGet(44)) - raft.server.log.statemachine.data.caching.enabled = true (custom)
2022-01-21 22:42:05,404 [pool-282-thread-1] INFO  segmented.SegmentedRaftLogWorker (SegmentedRaftLogWorker.java:lambda$new$0(133)) - 85f03e38-9c25-442e-a296-583332b1e3c2@group-B1D18A7504CD-SegmentedRaftLogWorker: flushIndex: setUnconditionally 0 -> -1
2022-01-21 22:42:05,405 [pool-282-thread-1] INFO  segmented.SegmentedRaftLogWorker (SegmentedRaftLogWorker.java:lambda$new$0(133)) - 85f03e38-9c25-442e-a296-583332b1e3c2@group-B1D18A7504CD-SegmentedRaftLogWorker: safeCacheEvictIndex: setUnconditionally 0 -> -1
2022-01-21 22:42:05,411 [pool-282-thread-1] INFO  server.RaftServerConfigKeys (ConfUtils.java:logGet(44)) - raft.server.snapshot.auto.trigger.enabled = true (custom)
2022-01-21 22:42:05,412 [pool-282-thread-1] INFO  server.RaftServerConfigKeys (ConfUtils.java:logGet(44)) - raft.server.snapshot.auto.trigger.threshold = 10000 (custom)
2022-01-21 22:42:05,412 [pool-282-thread-1] INFO  server.RaftServerConfigKeys (ConfUtils.java:logGet(44)) - raft.server.snapshot.retention.file.num = 5 (custom)
2022-01-21 22:42:05,412 [pool-282-thread-1] INFO  server.RaftServerConfigKeys (ConfUtils.java:logGet(44)) - raft.server.log.purge.upto.snapshot.index = false (default)
2022-01-21 22:42:05,412 [pool-282-thread-1] INFO  server.RaftServerConfigKeys (ConfUtils.java:logGet(44)) - raft.server.retrycache.expirytime = 600000ms (custom)
2022-01-21 22:42:05,412 [pool-282-thread-1] INFO  server.RaftServerConfigKeys (ConfUtils.java:logGet(44)) - raft.server.retrycache.statistics.expirytime = 100μs (default)
2022-01-21 22:42:05,413 [pool-282-thread-1] INFO  server.RaftServer$Division (RaftServerImpl.java:start(301)) - 85f03e38-9c25-442e-a296-583332b1e3c2@group-B1D18A7504CD: start as a follower, conf=-1: [33960171-3598-4c9a-8f0c-3d16f1502dba|rpc:10.1.0.82:44949|dataStream:|priority:0, 85f03e38-9c25-442e-a296-583332b1e3c2|rpc:10.1.0.82:45945|dataStream:|priority:1, 3b795d5a-b002-4e0e-8d87-bd187dac4e43|rpc:10.1.0.82:39307|dataStream:|priority:0], old=null
2022-01-21 22:42:05,413 [pool-282-thread-1] INFO  server.RaftServer$Division (RaftServerImpl.java:setRole(290)) - 85f03e38-9c25-442e-a296-583332b1e3c2@group-B1D18A7504CD: changes role from      null to FOLLOWER at term 0 for startAsFollower
2022-01-21 22:42:05,413 [pool-282-thread-1] INFO  impl.RoleInfo (RoleInfo.java:updateAndGet(130)) - 85f03e38-9c25-442e-a296-583332b1e3c2: start 85f03e38-9c25-442e-a296-583332b1e3c2@group-B1D18A7504CD-FollowerState
2022-01-21 22:42:05,435 [pool-282-thread-1] INFO  util.JmxRegister (JmxRegister.java:tryRegister(44)) - Successfully registered JMX Bean with object name Ratis:service=RaftServer,group=group-B1D18A7504CD,id=85f03e38-9c25-442e-a296-583332b1e3c2
2022-01-21 22:42:05,468 [Command processor thread] INFO  commandhandler.CreatePipelineCommandHandler (CreatePipelineCommandHandler.java:handle(106)) - Created Pipeline RATIS THREE PipelineID=e38a47b2-0f2b-43ed-bf73-b1d18a7504cd.
2022-01-21 22:42:05,683 [Listener at 127.0.0.1/33563] INFO  ozone.MiniOzoneClusterImpl (MiniOzoneClusterImpl.java:lambda$waitForClusterToBeReady$0(219)) - Nodes are ready. Got 3 of 3 DN Heartbeats.
2022-01-21 22:42:05,683 [Listener at 127.0.0.1/33563] INFO  ozone.MiniOzoneClusterImpl (MiniOzoneClusterImpl.java:lambda$waitForClusterToBeReady$0(222)) - Waiting for cluster to exit safe mode
2022-01-21 22:42:05,683 [Listener at 127.0.0.1/33563] INFO  ozone.MiniOzoneClusterImpl (MiniOzoneClusterImpl.java:lambda$waitForClusterToBeReady$0(224)) - SCM became leader
2022-01-21 22:42:05,708 [Command processor thread] INFO  server.RaftServer (RaftServerProxy.java:addNew(95)) - 85f03e38-9c25-442e-a296-583332b1e3c2: addNew group-2F871DD9860F:[85f03e38-9c25-442e-a296-583332b1e3c2|rpc:10.1.0.82:45945|priority:1] returns group-2F871DD9860F:java.util.concurrent.CompletableFuture@29c92140[Not completed]
2022-01-21 22:42:05,709 [pool-282-thread-1] INFO  server.RaftServer$Division (RaftServerImpl.java:<init>(184)) - 85f03e38-9c25-442e-a296-583332b1e3c2: new RaftServerImpl for group-2F871DD9860F:[85f03e38-9c25-442e-a296-583332b1e3c2|rpc:10.1.0.82:45945|priority:1] with ContainerStateMachine:uninitialized
2022-01-21 22:42:05,709 [pool-282-thread-1] INFO  server.RaftServerConfigKeys (ConfUtils.java:logGet(44)) - raft.server.rpc.timeout.min = 5s (custom)
2022-01-21 22:42:05,709 [pool-282-thread-1] INFO  server.RaftServerConfigKeys (ConfUtils.java:logGet(44)) - raft.server.rpc.timeout.max = 5200ms (custom)
2022-01-21 22:42:05,709 [pool-282-thread-1] INFO  server.RaftServerConfigKeys (ConfUtils.java:logGet(44)) - raft.server.rpc.sleep.time = 25ms (default)
2022-01-21 22:42:05,709 [pool-282-thread-1] INFO  server.RaftServerConfigKeys (ConfUtils.java:logGet(44)) - raft.server.rpc.slowness.timeout = 300s (custom)
2022-01-21 22:42:05,709 [pool-282-thread-1] INFO  server.RaftServerConfigKeys (ConfUtils.java:logGet(44)) - raft.server.leaderelection.leader.step-down.wait-time = 10s (default)
2022-01-21 22:42:05,709 [pool-282-thread-1] INFO  server.RaftServerConfigKeys (ConfUtils.java:logGet(44)) - raft.server.sleep.deviation.threshold = 300ms (default)
2022-01-21 22:42:05,709 [pool-282-thread-1] INFO  server.RaftServerConfigKeys (ConfUtils.java:logGet(44)) - raft.server.log.appender.install.snapshot.enabled = false (custom)
2022-01-21 22:42:05,709 [pool-282-thread-1] INFO  server.RaftServer$Division (ServerState.java:<init>(105)) - 85f03e38-9c25-442e-a296-583332b1e3c2@group-2F871DD9860F: ConfigurationManager, init=-1: [85f03e38-9c25-442e-a296-583332b1e3c2|rpc:10.1.0.82:45945|priority:1], old=null, confs=<EMPTY_MAP>
2022-01-21 22:42:05,709 [pool-282-thread-1] INFO  server.RaftServerConfigKeys (ConfUtils.java:logGet(44)) - raft.server.storage.dir = [/home/runner/work/ozone/ozone/hadoop-ozone/integration-test/target/test-dir/MiniOzoneClusterImpl-5c2351a1-b605-4f96-be75-a807118e8034/datanode-2/data/ratis] (custom)
2022-01-21 22:42:05,710 [pool-282-thread-1] INFO  server.RaftServerConfigKeys (ConfUtils.java:logGet(44)) - raft.server.log.corruption.policy = EXCEPTION (default)
2022-01-21 22:42:05,710 [pool-282-thread-1] INFO  server.RaftServerConfigKeys (ConfUtils.java:logGet(44)) - raft.server.storage.free-space.min = 0MB (=0) (default)
2022-01-21 22:42:05,710 [pool-282-thread-1] INFO  storage.RaftStorageDirectory (RaftStorageDirectoryImpl.java:analyzeStorage(135)) - The storage directory /home/runner/work/ozone/ozone/hadoop-ozone/integration-test/target/test-dir/MiniOzoneClusterImpl-5c2351a1-b605-4f96-be75-a807118e8034/datanode-2/data/ratis/8d83a443-7802-498f-b41d-2f871dd9860f does not exist. Creating ...
2022-01-21 22:42:05,712 [pool-282-thread-1] INFO  storage.RaftStorageDirectory (RaftStorageDirectoryImpl.java:tryLock(230)) - Lock on /home/runner/work/ozone/ozone/hadoop-ozone/integration-test/target/test-dir/MiniOzoneClusterImpl-5c2351a1-b605-4f96-be75-a807118e8034/datanode-2/data/ratis/8d83a443-7802-498f-b41d-2f871dd9860f/in_use.lock acquired by nodename 27576@fv-az148-708
2022-01-21 22:42:05,716 [pool-282-thread-1] INFO  storage.RaftStorage (RaftStorageImpl.java:format(89)) - Storage directory /home/runner/work/ozone/ozone/hadoop-ozone/integration-test/target/test-dir/MiniOzoneClusterImpl-5c2351a1-b605-4f96-be75-a807118e8034/datanode-2/data/ratis/8d83a443-7802-498f-b41d-2f871dd9860f has been successfully formatted.
2022-01-21 22:42:05,716 [pool-282-thread-1] INFO  ratis.ContainerStateMachine (ContainerStateMachine.java:loadSnapshot(231)) - group-2F871DD9860F: The snapshot info is null. Setting the last applied indexto:(t:0, i:~)
2022-01-21 22:42:05,716 [pool-282-thread-1] INFO  server.RaftServerConfigKeys (ConfUtils.java:logGet(44)) - raft.server.notification.no-leader.timeout = 300s (custom)
2022-01-21 22:42:05,716 [pool-282-thread-1] INFO  server.RaftServerConfigKeys (ConfUtils.java:logGet(44)) - raft.server.log.use.memory = false (default)
2022-01-21 22:42:05,716 [pool-282-thread-1] INFO  server.RaftServerConfigKeys (ConfUtils.java:logGet(44)) - raft.server.log.purge.gap = 1000000 (custom)
2022-01-21 22:42:05,717 [pool-282-thread-1] INFO  server.RaftServerConfigKeys (ConfUtils.java:logGet(44)) - raft.server.log.appender.buffer.byte-limit = 33554432 (custom)
2022-01-21 22:42:05,717 [pool-282-thread-1] INFO  server.RaftServerConfigKeys (ConfUtils.java:logGet(44)) - raft.server.log.segment.size.max = 1048576 (custom)
2022-01-21 22:42:05,717 [pool-282-thread-1] INFO  server.RaftServerConfigKeys (ConfUtils.java:logGet(44)) - raft.server.log.segment.cache.num.max = 2 (custom)
2022-01-21 22:42:05,717 [pool-282-thread-1] INFO  server.RaftServerConfigKeys (ConfUtils.java:logGet(44)) - raft.server.log.segment.cache.size.max = 200MB (=209715200) (default)
2022-01-21 22:42:05,717 [pool-282-thread-1] INFO  segmented.SegmentedRaftLogWorker (SegmentedRaftLogWorker.java:<init>(182)) - new 85f03e38-9c25-442e-a296-583332b1e3c2@group-2F871DD9860F-SegmentedRaftLogWorker for RaftStorageImpl:Storage Directory /home/runner/work/ozone/ozone/hadoop-ozone/integration-test/target/test-dir/MiniOzoneClusterImpl-5c2351a1-b605-4f96-be75-a807118e8034/datanode-2/data/ratis/8d83a443-7802-498f-b41d-2f871dd9860f
2022-01-21 22:42:05,717 [pool-282-thread-1] INFO  server.RaftServerConfigKeys (ConfUtils.java:logGet(44)) - raft.server.log.queue.byte-limit = 2147483647 (custom)
2022-01-21 22:42:05,717 [pool-282-thread-1] INFO  server.RaftServerConfigKeys (ConfUtils.java:logGet(44)) - raft.server.log.queue.element-limit = 1024 (custom)
2022-01-21 22:42:05,717 [pool-282-thread-1] INFO  server.RaftServerConfigKeys (ConfUtils.java:logGet(44)) - raft.server.log.segment.size.max = 1048576 (custom)
2022-01-21 22:42:05,717 [pool-282-thread-1] INFO  server.RaftServerConfigKeys (ConfUtils.java:logGet(44)) - raft.server.log.preallocated.size = 16384 (custom)
2022-01-21 22:42:05,717 [pool-282-thread-1] INFO  server.RaftServerConfigKeys (ConfUtils.java:logGet(44)) - raft.server.log.force.sync.num = 128 (default)
2022-01-21 22:42:05,717 [pool-282-thread-1] INFO  server.RaftServerConfigKeys (ConfUtils.java:logGet(44)) - raft.server.log.statemachine.data.sync = true (default)
2022-01-21 22:42:05,717 [pool-282-thread-1] INFO  server.RaftServerConfigKeys (ConfUtils.java:logGet(44)) - raft.server.log.statemachine.data.sync.timeout = 10s (default)
2022-01-21 22:42:05,717 [pool-282-thread-1] INFO  server.RaftServerConfigKeys (ConfUtils.java:logGet(44)) - raft.server.log.statemachine.data.sync.timeout.retry = -1 (default)
2022-01-21 22:42:05,718 [pool-282-thread-1] INFO  server.RaftServerConfigKeys (ConfUtils.java:logGet(44)) - raft.server.log.write.buffer.size = 1048576 (custom)
2022-01-21 22:42:05,719 [pool-282-thread-1] INFO  server.RaftServerConfigKeys (ConfUtils.java:logGet(44)) - raft.server.log.statemachine.data.caching.enabled = true (custom)
2022-01-21 22:42:05,719 [pool-282-thread-1] INFO  segmented.SegmentedRaftLogWorker (SegmentedRaftLogWorker.java:lambda$new$0(133)) - 85f03e38-9c25-442e-a296-583332b1e3c2@group-2F871DD9860F-SegmentedRaftLogWorker: flushIndex: setUnconditionally 0 -> -1
2022-01-21 22:42:05,719 [pool-282-thread-1] INFO  segmented.SegmentedRaftLogWorker (SegmentedRaftLogWorker.java:lambda$new$0(133)) - 85f03e38-9c25-442e-a296-583332b1e3c2@group-2F871DD9860F-SegmentedRaftLogWorker: safeCacheEvictIndex: setUnconditionally 0 -> -1
2022-01-21 22:42:05,720 [EventQueue-PipelineReportForPipelineReportHandler] INFO  pipeline.PipelineManagerImpl (PipelineManagerImpl.java:openPipeline(291)) - Pipeline Pipeline[ Id: 8d83a443-7802-498f-b41d-2f871dd9860f, Nodes: 85f03e38-9c25-442e-a296-583332b1e3c2{ip: 10.1.0.82, host: fv-az148-708.bm4ck3pvxvsene1rjriu5fhcdb.bx.internal.cloudapp.net, ports: [REPLICATION=38143, RATIS=45945, RATIS_ADMIN=45945, RATIS_SERVER=45945, STANDALONE=37015], networkLocation: /default-rack, certSerialId: null, persistedOpState: IN_SERVICE, persistedOpStateExpiryEpochSec: 0}, ReplicationConfig: RATIS/ONE, State:ALLOCATED, leaderId:85f03e38-9c25-442e-a296-583332b1e3c2, CreationTimestamp2022-01-21T22:42:02.716Z[Etc/UTC]] moved to OPEN state
2022-01-21 22:42:05,724 [pool-282-thread-1] INFO  server.RaftServerConfigKeys (ConfUtils.java:logGet(44)) - raft.server.snapshot.auto.trigger.enabled = true (custom)
2022-01-21 22:42:05,724 [pool-282-thread-1] INFO  server.RaftServerConfigKeys (ConfUtils.java:logGet(44)) - raft.server.snapshot.auto.trigger.threshold = 10000 (custom)
2022-01-21 22:42:05,724 [pool-282-thread-1] INFO  server.RaftServerConfigKeys (ConfUtils.java:logGet(44)) - raft.server.snapshot.retention.file.num = 5 (custom)
2022-01-21 22:42:05,724 [pool-282-thread-1] INFO  server.RaftServerConfigKeys (ConfUtils.java:logGet(44)) - raft.server.log.purge.upto.snapshot.index = false (default)
2022-01-21 22:42:05,724 [pool-282-thread-1] INFO  server.RaftServerConfigKeys (ConfUtils.java:logGet(44)) - raft.server.retrycache.expirytime = 600000ms (custom)
2022-01-21 22:42:05,724 [pool-282-thread-1] INFO  server.RaftServerConfigKeys (ConfUtils.java:logGet(44)) - raft.server.retrycache.statistics.expirytime = 100μs (default)
2022-01-21 22:42:05,725 [ae63a35f-302e-44fc-ab4d-43f01902f64a@group-A807118E8034-StateMachineUpdater] INFO  safemode.HealthyPipelineSafeModeRule (HealthyPipelineSafeModeRule.java:initializeRule(152)) - Refreshed total pipeline count is 0, healthy pipeline threshold count is 1
2022-01-21 22:42:05,727 [EventQueue-PipelineReportForPipelineReportHandler] INFO  ha.SCMHAInvocationHandler (SCMHAInvocationHandler.java:invokeRatis(113)) - Invoking method public abstract void org.apache.hadoop.hdds.scm.pipeline.PipelineStateManager.updatePipelineState(org.apache.hadoop.hdds.protocol.proto.HddsProtos$PipelineID,org.apache.hadoop.hdds.protocol.proto.HddsProtos$PipelineState) throws java.io.IOException on target org.apache.hadoop.hdds.scm.ha.SCMRatisServerImpl@35527c23, cost 7539.553us
2022-01-21 22:42:05,728 [EventQueue-OpenPipelineForHealthyPipelineSafeModeRule] INFO  safemode.SCMSafeModeManager (HealthyPipelineSafeModeRule.java:process(124)) - SCM in safe mode. Healthy pipelines reported count is 0, required healthy pipeline reported count is 1
2022-01-21 22:42:05,729 [pool-282-thread-1] INFO  server.RaftServer$Division (RaftServerImpl.java:start(301)) - 85f03e38-9c25-442e-a296-583332b1e3c2@group-2F871DD9860F: start as a follower, conf=-1: [85f03e38-9c25-442e-a296-583332b1e3c2|rpc:10.1.0.82:45945|priority:1], old=null
2022-01-21 22:42:05,729 [pool-282-thread-1] INFO  server.RaftServer$Division (RaftServerImpl.java:setRole(290)) - 85f03e38-9c25-442e-a296-583332b1e3c2@group-2F871DD9860F: changes role from      null to FOLLOWER at term 0 for startAsFollower
2022-01-21 22:42:05,729 [pool-282-thread-1] INFO  impl.RoleInfo (RoleInfo.java:updateAndGet(130)) - 85f03e38-9c25-442e-a296-583332b1e3c2: start 85f03e38-9c25-442e-a296-583332b1e3c2@group-2F871DD9860F-FollowerState
2022-01-21 22:42:05,761 [pool-282-thread-1] INFO  util.JmxRegister (JmxRegister.java:tryRegister(44)) - Successfully registered JMX Bean with object name Ratis:service=RaftServer,group=group-2F871DD9860F,id=85f03e38-9c25-442e-a296-583332b1e3c2
2022-01-21 22:42:05,763 [Command processor thread] INFO  ratis.XceiverServerRatis (XceiverServerRatis.java:addGroup(768)) - Created group PipelineID=8d83a443-7802-498f-b41d-2f871dd9860f
2022-01-21 22:42:05,763 [Command processor thread] INFO  commandhandler.CreatePipelineCommandHandler (CreatePipelineCommandHandler.java:handle(106)) - Created Pipeline RATIS ONE PipelineID=8d83a443-7802-498f-b41d-2f871dd9860f.
2022-01-21 22:42:06,683 [Listener at 127.0.0.1/33563] INFO  ozone.MiniOzoneClusterImpl (MiniOzoneClusterImpl.java:lambda$waitForClusterToBeReady$0(219)) - Nodes are ready. Got 3 of 3 DN Heartbeats.
2022-01-21 22:42:06,684 [Listener at 127.0.0.1/33563] INFO  ozone.MiniOzoneClusterImpl (MiniOzoneClusterImpl.java:lambda$waitForClusterToBeReady$0(222)) - Waiting for cluster to exit safe mode
2022-01-21 22:42:06,684 [Listener at 127.0.0.1/33563] INFO  ozone.MiniOzoneClusterImpl (MiniOzoneClusterImpl.java:lambda$waitForClusterToBeReady$0(224)) - SCM became leader
2022-01-21 22:42:07,684 [Listener at 127.0.0.1/33563] INFO  ozone.MiniOzoneClusterImpl (MiniOzoneClusterImpl.java:lambda$waitForClusterToBeReady$0(219)) - Nodes are ready. Got 3 of 3 DN Heartbeats.
2022-01-21 22:42:07,684 [Listener at 127.0.0.1/33563] INFO  ozone.MiniOzoneClusterImpl (MiniOzoneClusterImpl.java:lambda$waitForClusterToBeReady$0(222)) - Waiting for cluster to exit safe mode
2022-01-21 22:42:07,684 [Listener at 127.0.0.1/33563] INFO  ozone.MiniOzoneClusterImpl (MiniOzoneClusterImpl.java:lambda$waitForClusterToBeReady$0(224)) - SCM became leader
2022-01-21 22:42:08,684 [Listener at 127.0.0.1/33563] INFO  ozone.MiniOzoneClusterImpl (MiniOzoneClusterImpl.java:lambda$waitForClusterToBeReady$0(219)) - Nodes are ready. Got 3 of 3 DN Heartbeats.
2022-01-21 22:42:08,684 [Listener at 127.0.0.1/33563] INFO  ozone.MiniOzoneClusterImpl (MiniOzoneClusterImpl.java:lambda$waitForClusterToBeReady$0(222)) - Waiting for cluster to exit safe mode
2022-01-21 22:42:08,684 [Listener at 127.0.0.1/33563] INFO  ozone.MiniOzoneClusterImpl (MiniOzoneClusterImpl.java:lambda$waitForClusterToBeReady$0(224)) - SCM became leader
2022-01-21 22:42:09,685 [Listener at 127.0.0.1/33563] INFO  ozone.MiniOzoneClusterImpl (MiniOzoneClusterImpl.java:lambda$waitForClusterToBeReady$0(219)) - Nodes are ready. Got 3 of 3 DN Heartbeats.
2022-01-21 22:42:09,685 [Listener at 127.0.0.1/33563] INFO  ozone.MiniOzoneClusterImpl (MiniOzoneClusterImpl.java:lambda$waitForClusterToBeReady$0(222)) - Waiting for cluster to exit safe mode
2022-01-21 22:42:09,685 [Listener at 127.0.0.1/33563] INFO  ozone.MiniOzoneClusterImpl (MiniOzoneClusterImpl.java:lambda$waitForClusterToBeReady$0(224)) - SCM became leader
2022-01-21 22:42:10,081 [33960171-3598-4c9a-8f0c-3d16f1502dba@group-09F0EFF3BF9D-FollowerState] INFO  impl.FollowerState (FollowerState.java:run(134)) - 33960171-3598-4c9a-8f0c-3d16f1502dba@group-09F0EFF3BF9D-FollowerState: change to CANDIDATE, lastRpcElapsedTime:5112790841ns, electionTimeout:5111ms
2022-01-21 22:42:10,082 [33960171-3598-4c9a-8f0c-3d16f1502dba@group-09F0EFF3BF9D-FollowerState] INFO  impl.RoleInfo (RoleInfo.java:shutdownFollowerState(108)) - 33960171-3598-4c9a-8f0c-3d16f1502dba: shutdown 33960171-3598-4c9a-8f0c-3d16f1502dba@group-09F0EFF3BF9D-FollowerState
2022-01-21 22:42:10,082 [33960171-3598-4c9a-8f0c-3d16f1502dba@group-09F0EFF3BF9D-FollowerState] INFO  server.RaftServer$Division (RaftServerImpl.java:setRole(290)) - 33960171-3598-4c9a-8f0c-3d16f1502dba@group-09F0EFF3BF9D: changes role from  FOLLOWER to CANDIDATE at term 0 for changeToCandidate
2022-01-21 22:42:10,082 [33960171-3598-4c9a-8f0c-3d16f1502dba@group-09F0EFF3BF9D-FollowerState] INFO  server.RaftServerConfigKeys (ConfUtils.java:logGet(44)) - raft.server.leaderelection.pre-vote = false (custom)
2022-01-21 22:42:10,082 [33960171-3598-4c9a-8f0c-3d16f1502dba@group-09F0EFF3BF9D-FollowerState] INFO  impl.RoleInfo (RoleInfo.java:updateAndGet(130)) - 33960171-3598-4c9a-8f0c-3d16f1502dba: start 33960171-3598-4c9a-8f0c-3d16f1502dba@group-09F0EFF3BF9D-LeaderElection15
2022-01-21 22:42:10,097 [33960171-3598-4c9a-8f0c-3d16f1502dba@group-09F0EFF3BF9D-LeaderElection15] INFO  impl.LeaderElection (LeaderElection.java:askForVotes(306)) - 33960171-3598-4c9a-8f0c-3d16f1502dba@group-09F0EFF3BF9D-LeaderElection15 ELECTION round 0: submit vote requests at term 1 for -1: [33960171-3598-4c9a-8f0c-3d16f1502dba|rpc:10.1.0.82:44949|priority:1], old=null
2022-01-21 22:42:10,097 [33960171-3598-4c9a-8f0c-3d16f1502dba@group-09F0EFF3BF9D-LeaderElection15] INFO  impl.LeaderElection (LeaderElection.java:askForVotes(308)) - 33960171-3598-4c9a-8f0c-3d16f1502dba@group-09F0EFF3BF9D-LeaderElection15 ELECTION round 0: result PASSED (term=1)
2022-01-21 22:42:10,097 [33960171-3598-4c9a-8f0c-3d16f1502dba@group-09F0EFF3BF9D-LeaderElection15] INFO  impl.RoleInfo (RoleInfo.java:shutdownLeaderElection(121)) - 33960171-3598-4c9a-8f0c-3d16f1502dba: shutdown 33960171-3598-4c9a-8f0c-3d16f1502dba@group-09F0EFF3BF9D-LeaderElection15
2022-01-21 22:42:10,097 [33960171-3598-4c9a-8f0c-3d16f1502dba@group-09F0EFF3BF9D-LeaderElection15] INFO  server.RaftServer$Division (RaftServerImpl.java:setRole(290)) - 33960171-3598-4c9a-8f0c-3d16f1502dba@group-09F0EFF3BF9D: changes role from CANDIDATE to LEADER at term 1 for changeToLeader
2022-01-21 22:42:10,098 [33960171-3598-4c9a-8f0c-3d16f1502dba@group-09F0EFF3BF9D-LeaderElection15] INFO  ratis.XceiverServerRatis (XceiverServerRatis.java:handleLeaderChangedNotification(866)) - Leader change notification received for group: group-09F0EFF3BF9D with new leaderId: 33960171-3598-4c9a-8f0c-3d16f1502dba
2022-01-21 22:42:10,098 [33960171-3598-4c9a-8f0c-3d16f1502dba@group-09F0EFF3BF9D-LeaderElection15] INFO  server.RaftServer$Division (ServerState.java:setLeader(285)) - 33960171-3598-4c9a-8f0c-3d16f1502dba@group-09F0EFF3BF9D: change Leader from null to 33960171-3598-4c9a-8f0c-3d16f1502dba at term 1 for becomeLeader, leader elected after 5134ms
2022-01-21 22:42:10,098 [33960171-3598-4c9a-8f0c-3d16f1502dba@group-09F0EFF3BF9D-LeaderElection15] INFO  server.RaftServerConfigKeys (ConfUtils.java:logGet(44)) - raft.server.staging.catchup.gap = 1000 (default)
2022-01-21 22:42:10,098 [33960171-3598-4c9a-8f0c-3d16f1502dba@group-09F0EFF3BF9D-LeaderElection15] INFO  server.RaftServerConfigKeys (ConfUtils.java:logGet(44)) - raft.server.write.element-limit = 1024 (custom)
2022-01-21 22:42:10,098 [33960171-3598-4c9a-8f0c-3d16f1502dba@group-09F0EFF3BF9D-LeaderElection15] INFO  server.RaftServerConfigKeys (ConfUtils.java:logGet(44)) - raft.server.write.byte-limit = 1024 M (=1073741824) (custom)
2022-01-21 22:42:10,098 [33960171-3598-4c9a-8f0c-3d16f1502dba@group-09F0EFF3BF9D-LeaderElection15] INFO  server.RaftServerConfigKeys (ConfUtils.java:logGet(44)) - raft.server.watch.timeout = 180s (custom)
2022-01-21 22:42:10,098 [33960171-3598-4c9a-8f0c-3d16f1502dba@group-09F0EFF3BF9D-LeaderElection15] INFO  server.RaftServerConfigKeys (ConfUtils.java:logGet(44)) - raft.server.watch.timeout.denomination = 1s (default)
2022-01-21 22:42:10,099 [33960171-3598-4c9a-8f0c-3d16f1502dba@group-09F0EFF3BF9D-LeaderElection15] INFO  server.RaftServerConfigKeys (ConfUtils.java:logGet(44)) - raft.server.watch.element-limit = 65536 (default)
2022-01-21 22:42:10,099 [33960171-3598-4c9a-8f0c-3d16f1502dba@group-09F0EFF3BF9D-LeaderElection15] INFO  server.RaftServerConfigKeys (ConfUtils.java:logGet(44)) - raft.server.write.element-limit = 1024 (custom)
2022-01-21 22:42:10,099 [33960171-3598-4c9a-8f0c-3d16f1502dba@group-09F0EFF3BF9D-LeaderElection15] INFO  server.RaftServerConfigKeys (ConfUtils.java:logGet(44)) - raft.server.write.follower.gap.ratio.max = -1.0 (default)
2022-01-21 22:42:10,099 [33960171-3598-4c9a-8f0c-3d16f1502dba@group-09F0EFF3BF9D-LeaderElection15] INFO  impl.RoleInfo (RoleInfo.java:updateAndGet(130)) - 33960171-3598-4c9a-8f0c-3d16f1502dba: start 33960171-3598-4c9a-8f0c-3d16f1502dba@group-09F0EFF3BF9D-LeaderStateImpl
2022-01-21 22:42:10,099 [33960171-3598-4c9a-8f0c-3d16f1502dba@group-09F0EFF3BF9D-LeaderElection15] INFO  segmented.SegmentedRaftLogWorker (SegmentedRaftLogWorker.java:startLogSegment(394)) - 33960171-3598-4c9a-8f0c-3d16f1502dba@group-09F0EFF3BF9D-SegmentedRaftLogWorker: Starting segment from index:0
2022-01-21 22:42:10,099 [EventQueue-OpenPipelineForHealthyPipelineSafeModeRule] INFO  safemode.SCMSafeModeManager (HealthyPipelineSafeModeRule.java:process(124)) - SCM in safe mode. Healthy pipelines reported count is 0, required healthy pipeline reported count is 1
2022-01-21 22:42:10,101 [33960171-3598-4c9a-8f0c-3d16f1502dba@group-09F0EFF3BF9D-SegmentedRaftLogWorker] INFO  segmented.SegmentedRaftLogWorker (SegmentedRaftLogWorker.java:execute(601)) - 33960171-3598-4c9a-8f0c-3d16f1502dba@group-09F0EFF3BF9D-SegmentedRaftLogWorker: created new log segment /home/runner/work/ozone/ozone/hadoop-ozone/integration-test/target/test-dir/MiniOzoneClusterImpl-5c2351a1-b605-4f96-be75-a807118e8034/datanode-0/data/ratis/3ea29c09-960e-4d77-a31e-09f0eff3bf9d/current/log_inprogress_0
2022-01-21 22:42:10,105 [33960171-3598-4c9a-8f0c-3d16f1502dba@group-09F0EFF3BF9D-LeaderElection15] INFO  server.RaftServer$Division (ServerState.java:setRaftConf(387)) - 33960171-3598-4c9a-8f0c-3d16f1502dba@group-09F0EFF3BF9D: set configuration 0: [33960171-3598-4c9a-8f0c-3d16f1502dba|rpc:10.1.0.82:44949|dataStream:|priority:1], old=null
2022-01-21 22:42:10,166 [33960171-3598-4c9a-8f0c-3d16f1502dba@group-B1D18A7504CD-FollowerState] INFO  impl.FollowerState (FollowerState.java:run(134)) - 33960171-3598-4c9a-8f0c-3d16f1502dba@group-B1D18A7504CD-FollowerState: change to CANDIDATE, lastRpcElapsedTime:5114169167ns, electionTimeout:5099ms
2022-01-21 22:42:10,166 [33960171-3598-4c9a-8f0c-3d16f1502dba@group-B1D18A7504CD-FollowerState] INFO  impl.RoleInfo (RoleInfo.java:shutdownFollowerState(108)) - 33960171-3598-4c9a-8f0c-3d16f1502dba: shutdown 33960171-3598-4c9a-8f0c-3d16f1502dba@group-B1D18A7504CD-FollowerState
2022-01-21 22:42:10,166 [33960171-3598-4c9a-8f0c-3d16f1502dba@group-B1D18A7504CD-FollowerState] INFO  server.RaftServer$Division (RaftServerImpl.java:setRole(290)) - 33960171-3598-4c9a-8f0c-3d16f1502dba@group-B1D18A7504CD: changes role from  FOLLOWER to CANDIDATE at term 0 for changeToCandidate
2022-01-21 22:42:10,166 [33960171-3598-4c9a-8f0c-3d16f1502dba@group-B1D18A7504CD-FollowerState] INFO  server.RaftServerConfigKeys (ConfUtils.java:logGet(44)) - raft.server.leaderelection.pre-vote = false (custom)
2022-01-21 22:42:10,166 [33960171-3598-4c9a-8f0c-3d16f1502dba@group-B1D18A7504CD-FollowerState] INFO  impl.RoleInfo (RoleInfo.java:updateAndGet(130)) - 33960171-3598-4c9a-8f0c-3d16f1502dba: start 33960171-3598-4c9a-8f0c-3d16f1502dba@group-B1D18A7504CD-LeaderElection16
2022-01-21 22:42:10,182 [33960171-3598-4c9a-8f0c-3d16f1502dba@group-B1D18A7504CD-LeaderElection16] INFO  impl.LeaderElection (LeaderElection.java:askForVotes(306)) - 33960171-3598-4c9a-8f0c-3d16f1502dba@group-B1D18A7504CD-LeaderElection16 ELECTION round 0: submit vote requests at term 1 for -1: [33960171-3598-4c9a-8f0c-3d16f1502dba|rpc:10.1.0.82:44949|priority:0, 85f03e38-9c25-442e-a296-583332b1e3c2|rpc:10.1.0.82:45945|priority:1, 3b795d5a-b002-4e0e-8d87-bd187dac4e43|rpc:10.1.0.82:39307|priority:0], old=null
2022-01-21 22:42:10,203 [3b795d5a-b002-4e0e-8d87-bd187dac4e43@group-B1D18A7504CD-FollowerState] INFO  impl.FollowerState (FollowerState.java:run(134)) - 3b795d5a-b002-4e0e-8d87-bd187dac4e43@group-B1D18A7504CD-FollowerState: change to CANDIDATE, lastRpcElapsedTime:5057885826ns, electionTimeout:5042ms
2022-01-21 22:42:10,203 [3b795d5a-b002-4e0e-8d87-bd187dac4e43@group-B1D18A7504CD-FollowerState] INFO  impl.RoleInfo (RoleInfo.java:shutdownFollowerState(108)) - 3b795d5a-b002-4e0e-8d87-bd187dac4e43: shutdown 3b795d5a-b002-4e0e-8d87-bd187dac4e43@group-B1D18A7504CD-FollowerState
2022-01-21 22:42:10,203 [3b795d5a-b002-4e0e-8d87-bd187dac4e43@group-B1D18A7504CD-FollowerState] INFO  server.RaftServer$Division (RaftServerImpl.java:setRole(290)) - 3b795d5a-b002-4e0e-8d87-bd187dac4e43@group-B1D18A7504CD: changes role from  FOLLOWER to CANDIDATE at term 0 for changeToCandidate
2022-01-21 22:42:10,203 [3b795d5a-b002-4e0e-8d87-bd187dac4e43@group-B1D18A7504CD-FollowerState] INFO  server.RaftServerConfigKeys (ConfUtils.java:logGet(44)) - raft.server.leaderelection.pre-vote = false (custom)
2022-01-21 22:42:10,203 [3b795d5a-b002-4e0e-8d87-bd187dac4e43@group-B1D18A7504CD-FollowerState] INFO  impl.RoleInfo (RoleInfo.java:updateAndGet(130)) - 3b795d5a-b002-4e0e-8d87-bd187dac4e43: start 3b795d5a-b002-4e0e-8d87-bd187dac4e43@group-B1D18A7504CD-LeaderElection17
2022-01-21 22:42:10,215 [grpc-default-executor-2] INFO  server.RaftServer$Division (RaftServerImpl.java:requestVote(1046)) - 85f03e38-9c25-442e-a296-583332b1e3c2@group-B1D18A7504CD: receive requestVote(ELECTION, 33960171-3598-4c9a-8f0c-3d16f1502dba, group-B1D18A7504CD, 1, (t:0, i:0))
2022-01-21 22:42:10,215 [grpc-default-executor-2] INFO  impl.VoteContext (VoteContext.java:log(48)) - 85f03e38-9c25-442e-a296-583332b1e3c2@group-B1D18A7504CD-FOLLOWER: reject ELECTION from 33960171-3598-4c9a-8f0c-3d16f1502dba: our priority 1 > candidate's priority 0
2022-01-21 22:42:10,215 [grpc-default-executor-2] INFO  server.RaftServer$Division (RaftServerImpl.java:setRole(290)) - 85f03e38-9c25-442e-a296-583332b1e3c2@group-B1D18A7504CD: changes role from  FOLLOWER to FOLLOWER at term 1 for candidate:33960171-3598-4c9a-8f0c-3d16f1502dba
2022-01-21 22:42:10,215 [grpc-default-executor-2] INFO  impl.RoleInfo (RoleInfo.java:shutdownFollowerState(108)) - 85f03e38-9c25-442e-a296-583332b1e3c2: shutdown 85f03e38-9c25-442e-a296-583332b1e3c2@group-B1D18A7504CD-FollowerState
2022-01-21 22:42:10,215 [grpc-default-executor-2] INFO  impl.RoleInfo (RoleInfo.java:updateAndGet(130)) - 85f03e38-9c25-442e-a296-583332b1e3c2: start 85f03e38-9c25-442e-a296-583332b1e3c2@group-B1D18A7504CD-FollowerState
2022-01-21 22:42:10,215 [85f03e38-9c25-442e-a296-583332b1e3c2@group-B1D18A7504CD-FollowerState] INFO  impl.FollowerState (FollowerState.java:run(143)) - 85f03e38-9c25-442e-a296-583332b1e3c2@group-B1D18A7504CD-FollowerState was interrupted: {}
java.lang.InterruptedException: sleep interrupted
	at java.lang.Thread.sleep(Native Method)
	at java.lang.Thread.sleep(Thread.java:340)
	at java.util.concurrent.TimeUnit.sleep(TimeUnit.java:386)
	at org.apache.ratis.util.TimeDuration.sleep(TimeDuration.java:324)
	at org.apache.ratis.util.TimeDuration.sleep(TimeDuration.java:309)
	at org.apache.ratis.server.impl.FollowerState.run(FollowerState.java:118)
2022-01-21 22:42:10,217 [3b795d5a-b002-4e0e-8d87-bd187dac4e43@group-B1D18A7504CD-LeaderElection17] INFO  impl.LeaderElection (LeaderElection.java:askForVotes(306)) - 3b795d5a-b002-4e0e-8d87-bd187dac4e43@group-B1D18A7504CD-LeaderElection17 ELECTION round 0: submit vote requests at term 1 for -1: [33960171-3598-4c9a-8f0c-3d16f1502dba|rpc:10.1.0.82:44949|dataStream:|priority:0, 85f03e38-9c25-442e-a296-583332b1e3c2|rpc:10.1.0.82:45945|dataStream:|priority:1, 3b795d5a-b002-4e0e-8d87-bd187dac4e43|rpc:10.1.0.82:39307|dataStream:|priority:0], old=null
2022-01-21 22:42:10,220 [grpc-default-executor-2] INFO  server.RaftServer$Division (RaftServerImpl.java:requestVote(1078)) - 85f03e38-9c25-442e-a296-583332b1e3c2@group-B1D18A7504CD replies to ELECTION vote request: 33960171-3598-4c9a-8f0c-3d16f1502dba<-85f03e38-9c25-442e-a296-583332b1e3c2#0:FAIL-t1. Peer's state: 85f03e38-9c25-442e-a296-583332b1e3c2@group-B1D18A7504CD:t1, leader=null, voted=null, raftlog=85f03e38-9c25-442e-a296-583332b1e3c2@group-B1D18A7504CD-SegmentedRaftLog:OPENED:c-1, conf=-1: [33960171-3598-4c9a-8f0c-3d16f1502dba|rpc:10.1.0.82:44949|dataStream:|priority:0, 85f03e38-9c25-442e-a296-583332b1e3c2|rpc:10.1.0.82:45945|dataStream:|priority:1, 3b795d5a-b002-4e0e-8d87-bd187dac4e43|rpc:10.1.0.82:39307|dataStream:|priority:0], old=null
2022-01-21 22:42:10,254 [33960171-3598-4c9a-8f0c-3d16f1502dba@group-B1D18A7504CD-LeaderElection16] INFO  impl.LeaderElection (LeaderElection.java:logAndReturn(89)) - 33960171-3598-4c9a-8f0c-3d16f1502dba@group-B1D18A7504CD-LeaderElection16: ELECTION REJECTED received 1 response(s) and 0 exception(s):
2022-01-21 22:42:10,259 [33960171-3598-4c9a-8f0c-3d16f1502dba@group-B1D18A7504CD-LeaderElection16] INFO  impl.LeaderElection (LeaderElection.java:logAndReturn(93)) -   Response 0: 33960171-3598-4c9a-8f0c-3d16f1502dba<-85f03e38-9c25-442e-a296-583332b1e3c2#0:FAIL-t1
2022-01-21 22:42:10,259 [33960171-3598-4c9a-8f0c-3d16f1502dba@group-B1D18A7504CD-LeaderElection16] INFO  impl.LeaderElection (LeaderElection.java:askForVotes(308)) - 33960171-3598-4c9a-8f0c-3d16f1502dba@group-B1D18A7504CD-LeaderElection16 ELECTION round 0: result REJECTED
2022-01-21 22:42:10,259 [33960171-3598-4c9a-8f0c-3d16f1502dba@group-B1D18A7504CD-LeaderElection16] INFO  server.RaftServer$Division (RaftServerImpl.java:setRole(290)) - 33960171-3598-4c9a-8f0c-3d16f1502dba@group-B1D18A7504CD: changes role from CANDIDATE to FOLLOWER at term 1 for REJECTED
2022-01-21 22:42:10,259 [33960171-3598-4c9a-8f0c-3d16f1502dba@group-B1D18A7504CD-LeaderElection16] INFO  impl.RoleInfo (RoleInfo.java:shutdownLeaderElection(121)) - 33960171-3598-4c9a-8f0c-3d16f1502dba: shutdown 33960171-3598-4c9a-8f0c-3d16f1502dba@group-B1D18A7504CD-LeaderElection16
2022-01-21 22:42:10,259 [33960171-3598-4c9a-8f0c-3d16f1502dba@group-B1D18A7504CD-LeaderElection16] INFO  impl.RoleInfo (RoleInfo.java:updateAndGet(130)) - 33960171-3598-4c9a-8f0c-3d16f1502dba: start 33960171-3598-4c9a-8f0c-3d16f1502dba@group-B1D18A7504CD-FollowerState
2022-01-21 22:42:10,259 [grpc-default-executor-2] INFO  server.RaftServer$Division (RaftServerImpl.java:requestVote(1046)) - 33960171-3598-4c9a-8f0c-3d16f1502dba@group-B1D18A7504CD: receive requestVote(ELECTION, 3b795d5a-b002-4e0e-8d87-bd187dac4e43, group-B1D18A7504CD, 1, (t:0, i:0))
2022-01-21 22:42:10,264 [grpc-default-executor-2] INFO  impl.VoteContext (VoteContext.java:log(48)) - 33960171-3598-4c9a-8f0c-3d16f1502dba@group-B1D18A7504CD-FOLLOWER: reject ELECTION from 3b795d5a-b002-4e0e-8d87-bd187dac4e43: already has voted for 33960171-3598-4c9a-8f0c-3d16f1502dba at current term 1
2022-01-21 22:42:10,264 [grpc-default-executor-2] INFO  server.RaftServer$Division (RaftServerImpl.java:requestVote(1078)) - 33960171-3598-4c9a-8f0c-3d16f1502dba@group-B1D18A7504CD replies to ELECTION vote request: 3b795d5a-b002-4e0e-8d87-bd187dac4e43<-33960171-3598-4c9a-8f0c-3d16f1502dba#0:FAIL-t1. Peer's state: 33960171-3598-4c9a-8f0c-3d16f1502dba@group-B1D18A7504CD:t1, leader=null, voted=33960171-3598-4c9a-8f0c-3d16f1502dba, raftlog=33960171-3598-4c9a-8f0c-3d16f1502dba@group-B1D18A7504CD-SegmentedRaftLog:OPENED:c-1, conf=-1: [33960171-3598-4c9a-8f0c-3d16f1502dba|rpc:10.1.0.82:44949|priority:0, 85f03e38-9c25-442e-a296-583332b1e3c2|rpc:10.1.0.82:45945|priority:1, 3b795d5a-b002-4e0e-8d87-bd187dac4e43|rpc:10.1.0.82:39307|priority:0], old=null
2022-01-21 22:42:10,267 [grpc-default-executor-2] INFO  server.RaftServer$Division (RaftServerImpl.java:requestVote(1046)) - 3b795d5a-b002-4e0e-8d87-bd187dac4e43@group-B1D18A7504CD: receive requestVote(ELECTION, 33960171-3598-4c9a-8f0c-3d16f1502dba, group-B1D18A7504CD, 1, (t:0, i:0))
2022-01-21 22:42:10,267 [grpc-default-executor-2] INFO  impl.VoteContext (VoteContext.java:log(48)) - 3b795d5a-b002-4e0e-8d87-bd187dac4e43@group-B1D18A7504CD-CANDIDATE: reject ELECTION from 33960171-3598-4c9a-8f0c-3d16f1502dba: already has voted for 3b795d5a-b002-4e0e-8d87-bd187dac4e43 at current term 1
2022-01-21 22:42:10,267 [grpc-default-executor-2] INFO  server.RaftServer$Division (RaftServerImpl.java:requestVote(1078)) - 3b795d5a-b002-4e0e-8d87-bd187dac4e43@group-B1D18A7504CD replies to ELECTION vote request: 33960171-3598-4c9a-8f0c-3d16f1502dba<-3b795d5a-b002-4e0e-8d87-bd187dac4e43#0:FAIL-t1. Peer's state: 3b795d5a-b002-4e0e-8d87-bd187dac4e43@group-B1D18A7504CD:t1, leader=null, voted=3b795d5a-b002-4e0e-8d87-bd187dac4e43, raftlog=3b795d5a-b002-4e0e-8d87-bd187dac4e43@group-B1D18A7504CD-SegmentedRaftLog:OPENED:c-1, conf=-1: [33960171-3598-4c9a-8f0c-3d16f1502dba|rpc:10.1.0.82:44949|dataStream:|priority:0, 85f03e38-9c25-442e-a296-583332b1e3c2|rpc:10.1.0.82:45945|dataStream:|priority:1, 3b795d5a-b002-4e0e-8d87-bd187dac4e43|rpc:10.1.0.82:39307|dataStream:|priority:0], old=null
2022-01-21 22:42:10,291 [grpc-default-executor-2] INFO  server.RaftServer$Division (RaftServerImpl.java:requestVote(1046)) - 85f03e38-9c25-442e-a296-583332b1e3c2@group-B1D18A7504CD: receive requestVote(ELECTION, 3b795d5a-b002-4e0e-8d87-bd187dac4e43, group-B1D18A7504CD, 1, (t:0, i:0))
2022-01-21 22:42:10,291 [grpc-default-executor-2] INFO  impl.VoteContext (VoteContext.java:log(48)) - 85f03e38-9c25-442e-a296-583332b1e3c2@group-B1D18A7504CD-FOLLOWER: reject ELECTION from 3b795d5a-b002-4e0e-8d87-bd187dac4e43: our priority 1 > candidate's priority 0
2022-01-21 22:42:10,291 [grpc-default-executor-2] INFO  server.RaftServer$Division (RaftServerImpl.java:setRole(290)) - 85f03e38-9c25-442e-a296-583332b1e3c2@group-B1D18A7504CD: changes role from  FOLLOWER to FOLLOWER at term 1 for candidate:3b795d5a-b002-4e0e-8d87-bd187dac4e43
2022-01-21 22:42:10,291 [grpc-default-executor-2] INFO  impl.RoleInfo (RoleInfo.java:shutdownFollowerState(108)) - 85f03e38-9c25-442e-a296-583332b1e3c2: shutdown 85f03e38-9c25-442e-a296-583332b1e3c2@group-B1D18A7504CD-FollowerState
2022-01-21 22:42:10,291 [grpc-default-executor-2] INFO  impl.RoleInfo (RoleInfo.java:updateAndGet(130)) - 85f03e38-9c25-442e-a296-583332b1e3c2: start 85f03e38-9c25-442e-a296-583332b1e3c2@group-B1D18A7504CD-FollowerState
2022-01-21 22:42:10,292 [85f03e38-9c25-442e-a296-583332b1e3c2@group-B1D18A7504CD-FollowerState] INFO  impl.FollowerState (FollowerState.java:run(143)) - 85f03e38-9c25-442e-a296-583332b1e3c2@group-B1D18A7504CD-FollowerState was interrupted: {}
java.lang.InterruptedException: sleep interrupted
	at java.lang.Thread.sleep(Native Method)
	at java.lang.Thread.sleep(Thread.java:340)
	at java.util.concurrent.TimeUnit.sleep(TimeUnit.java:386)
	at org.apache.ratis.util.TimeDuration.sleep(TimeDuration.java:324)
	at org.apache.ratis.util.TimeDuration.sleep(TimeDuration.java:309)
	at org.apache.ratis.server.impl.FollowerState.run(FollowerState.java:118)
2022-01-21 22:42:10,295 [grpc-default-executor-2] INFO  server.RaftServer$Division (RaftServerImpl.java:requestVote(1078)) - 85f03e38-9c25-442e-a296-583332b1e3c2@group-B1D18A7504CD replies to ELECTION vote request: 3b795d5a-b002-4e0e-8d87-bd187dac4e43<-85f03e38-9c25-442e-a296-583332b1e3c2#0:FAIL-t1. Peer's state: 85f03e38-9c25-442e-a296-583332b1e3c2@group-B1D18A7504CD:t1, leader=null, voted=null, raftlog=85f03e38-9c25-442e-a296-583332b1e3c2@group-B1D18A7504CD-SegmentedRaftLog:OPENED:c-1, conf=-1: [33960171-3598-4c9a-8f0c-3d16f1502dba|rpc:10.1.0.82:44949|dataStream:|priority:0, 85f03e38-9c25-442e-a296-583332b1e3c2|rpc:10.1.0.82:45945|dataStream:|priority:1, 3b795d5a-b002-4e0e-8d87-bd187dac4e43|rpc:10.1.0.82:39307|dataStream:|priority:0], old=null
2022-01-21 22:42:10,323 [3b795d5a-b002-4e0e-8d87-bd187dac4e43@group-B1D18A7504CD-LeaderElection17] INFO  impl.LeaderElection (LeaderElection.java:logAndReturn(89)) - 3b795d5a-b002-4e0e-8d87-bd187dac4e43@group-B1D18A7504CD-LeaderElection17: ELECTION REJECTED received 2 response(s) and 0 exception(s):
2022-01-21 22:42:10,323 [3b795d5a-b002-4e0e-8d87-bd187dac4e43@group-B1D18A7504CD-LeaderElection17] INFO  impl.LeaderElection (LeaderElection.java:logAndReturn(93)) -   Response 0: 3b795d5a-b002-4e0e-8d87-bd187dac4e43<-33960171-3598-4c9a-8f0c-3d16f1502dba#0:FAIL-t1
2022-01-21 22:42:10,323 [3b795d5a-b002-4e0e-8d87-bd187dac4e43@group-B1D18A7504CD-LeaderElection17] INFO  impl.LeaderElection (LeaderElection.java:logAndReturn(93)) -   Response 1: 3b795d5a-b002-4e0e-8d87-bd187dac4e43<-85f03e38-9c25-442e-a296-583332b1e3c2#0:FAIL-t1
2022-01-21 22:42:10,323 [3b795d5a-b002-4e0e-8d87-bd187dac4e43@group-B1D18A7504CD-LeaderElection17] INFO  impl.LeaderElection (LeaderElection.java:askForVotes(308)) - 3b795d5a-b002-4e0e-8d87-bd187dac4e43@group-B1D18A7504CD-LeaderElection17 ELECTION round 0: result REJECTED
2022-01-21 22:42:10,323 [3b795d5a-b002-4e0e-8d87-bd187dac4e43@group-B1D18A7504CD-LeaderElection17] INFO  server.RaftServer$Division (RaftServerImpl.java:setRole(290)) - 3b795d5a-b002-4e0e-8d87-bd187dac4e43@group-B1D18A7504CD: changes role from CANDIDATE to FOLLOWER at term 1 for REJECTED
2022-01-21 22:42:10,323 [3b795d5a-b002-4e0e-8d87-bd187dac4e43@group-B1D18A7504CD-LeaderElection17] INFO  impl.RoleInfo (RoleInfo.java:shutdownLeaderElection(121)) - 3b795d5a-b002-4e0e-8d87-bd187dac4e43: shutdown 3b795d5a-b002-4e0e-8d87-bd187dac4e43@group-B1D18A7504CD-LeaderElection17
2022-01-21 22:42:10,323 [3b795d5a-b002-4e0e-8d87-bd187dac4e43@group-B1D18A7504CD-LeaderElection17] INFO  impl.RoleInfo (RoleInfo.java:updateAndGet(130)) - 3b795d5a-b002-4e0e-8d87-bd187dac4e43: start 3b795d5a-b002-4e0e-8d87-bd187dac4e43@group-B1D18A7504CD-FollowerState
2022-01-21 22:42:10,404 [3b795d5a-b002-4e0e-8d87-bd187dac4e43@group-8DD89CE91408-FollowerState] INFO  impl.FollowerState (FollowerState.java:run(134)) - 3b795d5a-b002-4e0e-8d87-bd187dac4e43@group-8DD89CE91408-FollowerState: change to CANDIDATE, lastRpcElapsedTime:5051245590ns, electionTimeout:5044ms
2022-01-21 22:42:10,405 [3b795d5a-b002-4e0e-8d87-bd187dac4e43@group-8DD89CE91408-FollowerState] INFO  impl.RoleInfo (RoleInfo.java:shutdownFollowerState(108)) - 3b795d5a-b002-4e0e-8d87-bd187dac4e43: shutdown 3b795d5a-b002-4e0e-8d87-bd187dac4e43@group-8DD89CE91408-FollowerState
2022-01-21 22:42:10,405 [3b795d5a-b002-4e0e-8d87-bd187dac4e43@group-8DD89CE91408-FollowerState] INFO  server.RaftServer$Division (RaftServerImpl.java:setRole(290)) - 3b795d5a-b002-4e0e-8d87-bd187dac4e43@group-8DD89CE91408: changes role from  FOLLOWER to CANDIDATE at term 0 for changeToCandidate
2022-01-21 22:42:10,405 [3b795d5a-b002-4e0e-8d87-bd187dac4e43@group-8DD89CE91408-FollowerState] INFO  server.RaftServerConfigKeys (ConfUtils.java:logGet(44)) - raft.server.leaderelection.pre-vote = false (custom)
2022-01-21 22:42:10,405 [3b795d5a-b002-4e0e-8d87-bd187dac4e43@group-8DD89CE91408-FollowerState] INFO  impl.RoleInfo (RoleInfo.java:updateAndGet(130)) - 3b795d5a-b002-4e0e-8d87-bd187dac4e43: start 3b795d5a-b002-4e0e-8d87-bd187dac4e43@group-8DD89CE91408-LeaderElection18
2022-01-21 22:42:10,416 [3b795d5a-b002-4e0e-8d87-bd187dac4e43@group-8DD89CE91408-LeaderElection18] INFO  impl.LeaderElection (LeaderElection.java:askForVotes(306)) - 3b795d5a-b002-4e0e-8d87-bd187dac4e43@group-8DD89CE91408-LeaderElection18 ELECTION round 0: submit vote requests at term 1 for -1: [3b795d5a-b002-4e0e-8d87-bd187dac4e43|rpc:10.1.0.82:39307|priority:1], old=null
2022-01-21 22:42:10,416 [3b795d5a-b002-4e0e-8d87-bd187dac4e43@group-8DD89CE91408-LeaderElection18] INFO  impl.LeaderElection (LeaderElection.java:askForVotes(308)) - 3b795d5a-b002-4e0e-8d87-bd187dac4e43@group-8DD89CE91408-LeaderElection18 ELECTION round 0: result PASSED (term=1)
2022-01-21 22:42:10,416 [3b795d5a-b002-4e0e-8d87-bd187dac4e43@group-8DD89CE91408-LeaderElection18] INFO  impl.RoleInfo (RoleInfo.java:shutdownLeaderElection(121)) - 3b795d5a-b002-4e0e-8d87-bd187dac4e43: shutdown 3b795d5a-b002-4e0e-8d87-bd187dac4e43@group-8DD89CE91408-LeaderElection18
2022-01-21 22:42:10,416 [3b795d5a-b002-4e0e-8d87-bd187dac4e43@group-8DD89CE91408-LeaderElection18] INFO  server.RaftServer$Division (RaftServerImpl.java:setRole(290)) - 3b795d5a-b002-4e0e-8d87-bd187dac4e43@group-8DD89CE91408: changes role from CANDIDATE to LEADER at term 1 for changeToLeader
2022-01-21 22:42:10,416 [3b795d5a-b002-4e0e-8d87-bd187dac4e43@group-8DD89CE91408-LeaderElection18] INFO  ratis.XceiverServerRatis (XceiverServerRatis.java:handleLeaderChangedNotification(866)) - Leader change notification received for group: group-8DD89CE91408 with new leaderId: 3b795d5a-b002-4e0e-8d87-bd187dac4e43
2022-01-21 22:42:10,419 [EventQueue-OpenPipelineForHealthyPipelineSafeModeRule] INFO  safemode.SCMSafeModeManager (HealthyPipelineSafeModeRule.java:process(124)) - SCM in safe mode. Healthy pipelines reported count is 0, required healthy pipeline reported count is 1
2022-01-21 22:42:10,422 [3b795d5a-b002-4e0e-8d87-bd187dac4e43@group-8DD89CE91408-LeaderElection18] INFO  server.RaftServer$Division (ServerState.java:setLeader(285)) - 3b795d5a-b002-4e0e-8d87-bd187dac4e43@group-8DD89CE91408: change Leader from null to 3b795d5a-b002-4e0e-8d87-bd187dac4e43 at term 1 for becomeLeader, leader elected after 5091ms
2022-01-21 22:42:10,422 [3b795d5a-b002-4e0e-8d87-bd187dac4e43@group-8DD89CE91408-LeaderElection18] INFO  server.RaftServerConfigKeys (ConfUtils.java:logGet(44)) - raft.server.staging.catchup.gap = 1000 (default)
2022-01-21 22:42:10,422 [3b795d5a-b002-4e0e-8d87-bd187dac4e43@group-8DD89CE91408-LeaderElection18] INFO  server.RaftServerConfigKeys (ConfUtils.java:logGet(44)) - raft.server.write.element-limit = 1024 (custom)
2022-01-21 22:42:10,422 [3b795d5a-b002-4e0e-8d87-bd187dac4e43@group-8DD89CE91408-LeaderElection18] INFO  server.RaftServerConfigKeys (ConfUtils.java:logGet(44)) - raft.server.write.byte-limit = 1024 M (=1073741824) (custom)
2022-01-21 22:42:10,423 [3b795d5a-b002-4e0e-8d87-bd187dac4e43@group-8DD89CE91408-LeaderElection18] INFO  server.RaftServerConfigKeys (ConfUtils.java:logGet(44)) - raft.server.watch.timeout = 180s (custom)
2022-01-21 22:42:10,423 [3b795d5a-b002-4e0e-8d87-bd187dac4e43@group-8DD89CE91408-LeaderElection18] INFO  server.RaftServerConfigKeys (ConfUtils.java:logGet(44)) - raft.server.watch.timeout.denomination = 1s (default)
2022-01-21 22:42:10,423 [3b795d5a-b002-4e0e-8d87-bd187dac4e43@group-8DD89CE91408-LeaderElection18] INFO  server.RaftServerConfigKeys (ConfUtils.java:logGet(44)) - raft.server.watch.element-limit = 65536 (default)
2022-01-21 22:42:10,423 [3b795d5a-b002-4e0e-8d87-bd187dac4e43@group-8DD89CE91408-LeaderElection18] INFO  server.RaftServerConfigKeys (ConfUtils.java:logGet(44)) - raft.server.write.element-limit = 1024 (custom)
2022-01-21 22:42:10,424 [3b795d5a-b002-4e0e-8d87-bd187dac4e43@group-8DD89CE91408-LeaderElection18] INFO  server.RaftServerConfigKeys (ConfUtils.java:logGet(44)) - raft.server.write.follower.gap.ratio.max = -1.0 (default)
2022-01-21 22:42:10,424 [3b795d5a-b002-4e0e-8d87-bd187dac4e43@group-8DD89CE91408-LeaderElection18] INFO  impl.RoleInfo (RoleInfo.java:updateAndGet(130)) - 3b795d5a-b002-4e0e-8d87-bd187dac4e43: start 3b795d5a-b002-4e0e-8d87-bd187dac4e43@group-8DD89CE91408-LeaderStateImpl
2022-01-21 22:42:10,428 [3b795d5a-b002-4e0e-8d87-bd187dac4e43@group-8DD89CE91408-LeaderElection18] INFO  segmented.SegmentedRaftLogWorker (SegmentedRaftLogWorker.java:startLogSegment(394)) - 3b795d5a-b002-4e0e-8d87-bd187dac4e43@group-8DD89CE91408-SegmentedRaftLogWorker: Starting segment from index:0
2022-01-21 22:42:10,430 [3b795d5a-b002-4e0e-8d87-bd187dac4e43@group-8DD89CE91408-SegmentedRaftLogWorker] INFO  segmented.SegmentedRaftLogWorker (SegmentedRaftLogWorker.java:execute(601)) - 3b795d5a-b002-4e0e-8d87-bd187dac4e43@group-8DD89CE91408-SegmentedRaftLogWorker: created new log segment /home/runner/work/ozone/ozone/hadoop-ozone/integration-test/target/test-dir/MiniOzoneClusterImpl-5c2351a1-b605-4f96-be75-a807118e8034/datanode-1/data/ratis/452b4478-3ab3-44f4-8089-8dd89ce91408/current/log_inprogress_0
2022-01-21 22:42:10,436 [3b795d5a-b002-4e0e-8d87-bd187dac4e43@group-8DD89CE91408-LeaderElection18] INFO  server.RaftServer$Division (ServerState.java:setRaftConf(387)) - 3b795d5a-b002-4e0e-8d87-bd187dac4e43@group-8DD89CE91408: set configuration 0: [3b795d5a-b002-4e0e-8d87-bd187dac4e43|rpc:10.1.0.82:39307|dataStream:|priority:1], old=null
2022-01-21 22:42:10,685 [Listener at 127.0.0.1/33563] INFO  ozone.MiniOzoneClusterImpl (MiniOzoneClusterImpl.java:lambda$waitForClusterToBeReady$0(219)) - Nodes are ready. Got 3 of 3 DN Heartbeats.
2022-01-21 22:42:10,685 [Listener at 127.0.0.1/33563] INFO  ozone.MiniOzoneClusterImpl (MiniOzoneClusterImpl.java:lambda$waitForClusterToBeReady$0(222)) - Waiting for cluster to exit safe mode
2022-01-21 22:42:10,685 [Listener at 127.0.0.1/33563] INFO  ozone.MiniOzoneClusterImpl (MiniOzoneClusterImpl.java:lambda$waitForClusterToBeReady$0(224)) - SCM became leader
2022-01-21 22:42:10,837 [85f03e38-9c25-442e-a296-583332b1e3c2@group-2F871DD9860F-FollowerState] INFO  impl.FollowerState (FollowerState.java:run(134)) - 85f03e38-9c25-442e-a296-583332b1e3c2@group-2F871DD9860F-FollowerState: change to CANDIDATE, lastRpcElapsedTime:5108586747ns, electionTimeout:5071ms
2022-01-21 22:42:10,838 [85f03e38-9c25-442e-a296-583332b1e3c2@group-2F871DD9860F-FollowerState] INFO  impl.RoleInfo (RoleInfo.java:shutdownFollowerState(108)) - 85f03e38-9c25-442e-a296-583332b1e3c2: shutdown 85f03e38-9c25-442e-a296-583332b1e3c2@group-2F871DD9860F-FollowerState
2022-01-21 22:42:10,838 [85f03e38-9c25-442e-a296-583332b1e3c2@group-2F871DD9860F-FollowerState] INFO  server.RaftServer$Division (RaftServerImpl.java:setRole(290)) - 85f03e38-9c25-442e-a296-583332b1e3c2@group-2F871DD9860F: changes role from  FOLLOWER to CANDIDATE at term 0 for changeToCandidate
2022-01-21 22:42:10,838 [85f03e38-9c25-442e-a296-583332b1e3c2@group-2F871DD9860F-FollowerState] INFO  server.RaftServerConfigKeys (ConfUtils.java:logGet(44)) - raft.server.leaderelection.pre-vote = false (custom)
2022-01-21 22:42:10,838 [85f03e38-9c25-442e-a296-583332b1e3c2@group-2F871DD9860F-FollowerState] INFO  impl.RoleInfo (RoleInfo.java:updateAndGet(130)) - 85f03e38-9c25-442e-a296-583332b1e3c2: start 85f03e38-9c25-442e-a296-583332b1e3c2@group-2F871DD9860F-LeaderElection19
2022-01-21 22:42:10,845 [85f03e38-9c25-442e-a296-583332b1e3c2@group-2F871DD9860F-LeaderElection19] INFO  impl.LeaderElection (LeaderElection.java:askForVotes(306)) - 85f03e38-9c25-442e-a296-583332b1e3c2@group-2F871DD9860F-LeaderElection19 ELECTION round 0: submit vote requests at term 1 for -1: [85f03e38-9c25-442e-a296-583332b1e3c2|rpc:10.1.0.82:45945|priority:1], old=null
2022-01-21 22:42:10,845 [85f03e38-9c25-442e-a296-583332b1e3c2@group-2F871DD9860F-LeaderElection19] INFO  impl.LeaderElection (LeaderElection.java:askForVotes(308)) - 85f03e38-9c25-442e-a296-583332b1e3c2@group-2F871DD9860F-LeaderElection19 ELECTION round 0: result PASSED (term=1)
2022-01-21 22:42:10,845 [85f03e38-9c25-442e-a296-583332b1e3c2@group-2F871DD9860F-LeaderElection19] INFO  impl.RoleInfo (RoleInfo.java:shutdownLeaderElection(121)) - 85f03e38-9c25-442e-a296-583332b1e3c2: shutdown 85f03e38-9c25-442e-a296-583332b1e3c2@group-2F871DD9860F-LeaderElection19
2022-01-21 22:42:10,845 [85f03e38-9c25-442e-a296-583332b1e3c2@group-2F871DD9860F-LeaderElection19] INFO  server.RaftServer$Division (RaftServerImpl.java:setRole(290)) - 85f03e38-9c25-442e-a296-583332b1e3c2@group-2F871DD9860F: changes role from CANDIDATE to LEADER at term 1 for changeToLeader
2022-01-21 22:42:10,845 [85f03e38-9c25-442e-a296-583332b1e3c2@group-2F871DD9860F-LeaderElection19] INFO  ratis.XceiverServerRatis (XceiverServerRatis.java:handleLeaderChangedNotification(866)) - Leader change notification received for group: group-2F871DD9860F with new leaderId: 85f03e38-9c25-442e-a296-583332b1e3c2
2022-01-21 22:42:10,847 [85f03e38-9c25-442e-a296-583332b1e3c2@group-2F871DD9860F-LeaderElection19] INFO  server.RaftServer$Division (ServerState.java:setLeader(285)) - 85f03e38-9c25-442e-a296-583332b1e3c2@group-2F871DD9860F: change Leader from null to 85f03e38-9c25-442e-a296-583332b1e3c2 at term 1 for becomeLeader, leader elected after 5128ms
2022-01-21 22:42:10,848 [85f03e38-9c25-442e-a296-583332b1e3c2@group-2F871DD9860F-LeaderElection19] INFO  server.RaftServerConfigKeys (ConfUtils.java:logGet(44)) - raft.server.staging.catchup.gap = 1000 (default)
2022-01-21 22:42:10,848 [85f03e38-9c25-442e-a296-583332b1e3c2@group-2F871DD9860F-LeaderElection19] INFO  server.RaftServerConfigKeys (ConfUtils.java:logGet(44)) - raft.server.write.element-limit = 1024 (custom)
2022-01-21 22:42:10,848 [85f03e38-9c25-442e-a296-583332b1e3c2@group-2F871DD9860F-LeaderElection19] INFO  server.RaftServerConfigKeys (ConfUtils.java:logGet(44)) - raft.server.write.byte-limit = 1024 M (=1073741824) (custom)
2022-01-21 22:42:10,848 [85f03e38-9c25-442e-a296-583332b1e3c2@group-2F871DD9860F-LeaderElection19] INFO  server.RaftServerConfigKeys (ConfUtils.java:logGet(44)) - raft.server.watch.timeout = 180s (custom)
2022-01-21 22:42:10,848 [85f03e38-9c25-442e-a296-583332b1e3c2@group-2F871DD9860F-LeaderElection19] INFO  server.RaftServerConfigKeys (ConfUtils.java:logGet(44)) - raft.server.watch.timeout.denomination = 1s (default)
2022-01-21 22:42:10,848 [85f03e38-9c25-442e-a296-583332b1e3c2@group-2F871DD9860F-LeaderElection19] INFO  server.RaftServerConfigKeys (ConfUtils.java:logGet(44)) - raft.server.watch.element-limit = 65536 (default)
2022-01-21 22:42:10,848 [85f03e38-9c25-442e-a296-583332b1e3c2@group-2F871DD9860F-LeaderElection19] INFO  server.RaftServerConfigKeys (ConfUtils.java:logGet(44)) - raft.server.write.element-limit = 1024 (custom)
2022-01-21 22:42:10,848 [85f03e38-9c25-442e-a296-583332b1e3c2@group-2F871DD9860F-LeaderElection19] INFO  server.RaftServerConfigKeys (ConfUtils.java:logGet(44)) - raft.server.write.follower.gap.ratio.max = -1.0 (default)
2022-01-21 22:42:10,850 [85f03e38-9c25-442e-a296-583332b1e3c2@group-2F871DD9860F-LeaderElection19] INFO  impl.RoleInfo (RoleInfo.java:updateAndGet(130)) - 85f03e38-9c25-442e-a296-583332b1e3c2: start 85f03e38-9c25-442e-a296-583332b1e3c2@group-2F871DD9860F-LeaderStateImpl
2022-01-21 22:42:10,849 [EventQueue-OpenPipelineForHealthyPipelineSafeModeRule] INFO  safemode.SCMSafeModeManager (HealthyPipelineSafeModeRule.java:process(124)) - SCM in safe mode. Healthy pipelines reported count is 0, required healthy pipeline reported count is 1
2022-01-21 22:42:10,850 [85f03e38-9c25-442e-a296-583332b1e3c2@group-2F871DD9860F-LeaderElection19] INFO  segmented.SegmentedRaftLogWorker (SegmentedRaftLogWorker.java:startLogSegment(394)) - 85f03e38-9c25-442e-a296-583332b1e3c2@group-2F871DD9860F-SegmentedRaftLogWorker: Starting segment from index:0
2022-01-21 22:42:10,852 [85f03e38-9c25-442e-a296-583332b1e3c2@group-2F871DD9860F-SegmentedRaftLogWorker] INFO  segmented.SegmentedRaftLogWorker (SegmentedRaftLogWorker.java:execute(601)) - 85f03e38-9c25-442e-a296-583332b1e3c2@group-2F871DD9860F-SegmentedRaftLogWorker: created new log segment /home/runner/work/ozone/ozone/hadoop-ozone/integration-test/target/test-dir/MiniOzoneClusterImpl-5c2351a1-b605-4f96-be75-a807118e8034/datanode-2/data/ratis/8d83a443-7802-498f-b41d-2f871dd9860f/current/log_inprogress_0
2022-01-21 22:42:10,876 [85f03e38-9c25-442e-a296-583332b1e3c2@group-2F871DD9860F-LeaderElection19] INFO  server.RaftServer$Division (ServerState.java:setRaftConf(387)) - 85f03e38-9c25-442e-a296-583332b1e3c2@group-2F871DD9860F: set configuration 0: [85f03e38-9c25-442e-a296-583332b1e3c2|rpc:10.1.0.82:45945|dataStream:|priority:1], old=null
2022-01-21 22:42:11,686 [Listener at 127.0.0.1/33563] INFO  ozone.MiniOzoneClusterImpl (MiniOzoneClusterImpl.java:lambda$waitForClusterToBeReady$0(219)) - Nodes are ready. Got 3 of 3 DN Heartbeats.
2022-01-21 22:42:11,686 [Listener at 127.0.0.1/33563] INFO  ozone.MiniOzoneClusterImpl (MiniOzoneClusterImpl.java:lambda$waitForClusterToBeReady$0(222)) - Waiting for cluster to exit safe mode
2022-01-21 22:42:11,686 [Listener at 127.0.0.1/33563] INFO  ozone.MiniOzoneClusterImpl (MiniOzoneClusterImpl.java:lambda$waitForClusterToBeReady$0(224)) - SCM became leader
2022-01-21 22:42:12,686 [Listener at 127.0.0.1/33563] INFO  ozone.MiniOzoneClusterImpl (MiniOzoneClusterImpl.java:lambda$waitForClusterToBeReady$0(219)) - Nodes are ready. Got 3 of 3 DN Heartbeats.
2022-01-21 22:42:12,686 [Listener at 127.0.0.1/33563] INFO  ozone.MiniOzoneClusterImpl (MiniOzoneClusterImpl.java:lambda$waitForClusterToBeReady$0(222)) - Waiting for cluster to exit safe mode
2022-01-21 22:42:12,686 [Listener at 127.0.0.1/33563] INFO  ozone.MiniOzoneClusterImpl (MiniOzoneClusterImpl.java:lambda$waitForClusterToBeReady$0(224)) - SCM became leader
2022-01-21 22:42:13,686 [Listener at 127.0.0.1/33563] INFO  ozone.MiniOzoneClusterImpl (MiniOzoneClusterImpl.java:lambda$waitForClusterToBeReady$0(219)) - Nodes are ready. Got 3 of 3 DN Heartbeats.
2022-01-21 22:42:13,687 [Listener at 127.0.0.1/33563] INFO  ozone.MiniOzoneClusterImpl (MiniOzoneClusterImpl.java:lambda$waitForClusterToBeReady$0(222)) - Waiting for cluster to exit safe mode
2022-01-21 22:42:13,687 [Listener at 127.0.0.1/33563] INFO  ozone.MiniOzoneClusterImpl (MiniOzoneClusterImpl.java:lambda$waitForClusterToBeReady$0(224)) - SCM became leader
2022-01-21 22:42:14,687 [Listener at 127.0.0.1/33563] INFO  ozone.MiniOzoneClusterImpl (MiniOzoneClusterImpl.java:lambda$waitForClusterToBeReady$0(219)) - Nodes are ready. Got 3 of 3 DN Heartbeats.
2022-01-21 22:42:14,687 [Listener at 127.0.0.1/33563] INFO  ozone.MiniOzoneClusterImpl (MiniOzoneClusterImpl.java:lambda$waitForClusterToBeReady$0(222)) - Waiting for cluster to exit safe mode
2022-01-21 22:42:14,687 [Listener at 127.0.0.1/33563] INFO  ozone.MiniOzoneClusterImpl (MiniOzoneClusterImpl.java:lambda$waitForClusterToBeReady$0(224)) - SCM became leader
2022-01-21 22:42:15,406 [85f03e38-9c25-442e-a296-583332b1e3c2@group-B1D18A7504CD-FollowerState] INFO  impl.FollowerState (FollowerState.java:run(134)) - 85f03e38-9c25-442e-a296-583332b1e3c2@group-B1D18A7504CD-FollowerState: change to CANDIDATE, lastRpcElapsedTime:5114201012ns, electionTimeout:5091ms
2022-01-21 22:42:15,406 [85f03e38-9c25-442e-a296-583332b1e3c2@group-B1D18A7504CD-FollowerState] INFO  impl.RoleInfo (RoleInfo.java:shutdownFollowerState(108)) - 85f03e38-9c25-442e-a296-583332b1e3c2: shutdown 85f03e38-9c25-442e-a296-583332b1e3c2@group-B1D18A7504CD-FollowerState
2022-01-21 22:42:15,406 [85f03e38-9c25-442e-a296-583332b1e3c2@group-B1D18A7504CD-FollowerState] INFO  server.RaftServer$Division (RaftServerImpl.java:setRole(290)) - 85f03e38-9c25-442e-a296-583332b1e3c2@group-B1D18A7504CD: changes role from  FOLLOWER to CANDIDATE at term 1 for changeToCandidate
2022-01-21 22:42:15,406 [85f03e38-9c25-442e-a296-583332b1e3c2@group-B1D18A7504CD-FollowerState] INFO  server.RaftServerConfigKeys (ConfUtils.java:logGet(44)) - raft.server.leaderelection.pre-vote = false (custom)
2022-01-21 22:42:15,406 [85f03e38-9c25-442e-a296-583332b1e3c2@group-B1D18A7504CD-FollowerState] INFO  impl.RoleInfo (RoleInfo.java:updateAndGet(130)) - 85f03e38-9c25-442e-a296-583332b1e3c2: start 85f03e38-9c25-442e-a296-583332b1e3c2@group-B1D18A7504CD-LeaderElection20
2022-01-21 22:42:15,413 [3b795d5a-b002-4e0e-8d87-bd187dac4e43@group-B1D18A7504CD-FollowerState] INFO  impl.FollowerState (FollowerState.java:run(134)) - 3b795d5a-b002-4e0e-8d87-bd187dac4e43@group-B1D18A7504CD-FollowerState: change to CANDIDATE, lastRpcElapsedTime:5090216825ns, electionTimeout:5077ms
2022-01-21 22:42:15,413 [3b795d5a-b002-4e0e-8d87-bd187dac4e43@group-B1D18A7504CD-FollowerState] INFO  impl.RoleInfo (RoleInfo.java:shutdownFollowerState(108)) - 3b795d5a-b002-4e0e-8d87-bd187dac4e43: shutdown 3b795d5a-b002-4e0e-8d87-bd187dac4e43@group-B1D18A7504CD-FollowerState
2022-01-21 22:42:15,413 [3b795d5a-b002-4e0e-8d87-bd187dac4e43@group-B1D18A7504CD-FollowerState] INFO  server.RaftServer$Division (RaftServerImpl.java:setRole(290)) - 3b795d5a-b002-4e0e-8d87-bd187dac4e43@group-B1D18A7504CD: changes role from  FOLLOWER to CANDIDATE at term 1 for changeToCandidate
2022-01-21 22:42:15,414 [3b795d5a-b002-4e0e-8d87-bd187dac4e43@group-B1D18A7504CD-FollowerState] INFO  server.RaftServerConfigKeys (ConfUtils.java:logGet(44)) - raft.server.leaderelection.pre-vote = false (custom)
2022-01-21 22:42:15,414 [3b795d5a-b002-4e0e-8d87-bd187dac4e43@group-B1D18A7504CD-FollowerState] INFO  impl.RoleInfo (RoleInfo.java:updateAndGet(130)) - 3b795d5a-b002-4e0e-8d87-bd187dac4e43: start 3b795d5a-b002-4e0e-8d87-bd187dac4e43@group-B1D18A7504CD-LeaderElection21
2022-01-21 22:42:15,428 [3b795d5a-b002-4e0e-8d87-bd187dac4e43@group-B1D18A7504CD-LeaderElection21] INFO  impl.LeaderElection (LeaderElection.java:askForVotes(306)) - 3b795d5a-b002-4e0e-8d87-bd187dac4e43@group-B1D18A7504CD-LeaderElection21 ELECTION round 0: submit vote requests at term 2 for -1: [33960171-3598-4c9a-8f0c-3d16f1502dba|rpc:10.1.0.82:44949|dataStream:|priority:0, 85f03e38-9c25-442e-a296-583332b1e3c2|rpc:10.1.0.82:45945|dataStream:|priority:1, 3b795d5a-b002-4e0e-8d87-bd187dac4e43|rpc:10.1.0.82:39307|dataStream:|priority:0], old=null
2022-01-21 22:42:15,437 [85f03e38-9c25-442e-a296-583332b1e3c2@group-B1D18A7504CD-LeaderElection20] INFO  impl.LeaderElection (LeaderElection.java:askForVotes(306)) - 85f03e38-9c25-442e-a296-583332b1e3c2@group-B1D18A7504CD-LeaderElection20 ELECTION round 0: submit vote requests at term 2 for -1: [33960171-3598-4c9a-8f0c-3d16f1502dba|rpc:10.1.0.82:44949|dataStream:|priority:0, 85f03e38-9c25-442e-a296-583332b1e3c2|rpc:10.1.0.82:45945|dataStream:|priority:1, 3b795d5a-b002-4e0e-8d87-bd187dac4e43|rpc:10.1.0.82:39307|dataStream:|priority:0], old=null
2022-01-21 22:42:15,445 [33960171-3598-4c9a-8f0c-3d16f1502dba@group-B1D18A7504CD-FollowerState] INFO  impl.FollowerState (FollowerState.java:run(134)) - 33960171-3598-4c9a-8f0c-3d16f1502dba@group-B1D18A7504CD-FollowerState: change to CANDIDATE, lastRpcElapsedTime:5186479076ns, electionTimeout:5174ms
2022-01-21 22:42:15,457 [33960171-3598-4c9a-8f0c-3d16f1502dba@group-B1D18A7504CD-FollowerState] INFO  impl.RoleInfo (RoleInfo.java:shutdownFollowerState(108)) - 33960171-3598-4c9a-8f0c-3d16f1502dba: shutdown 33960171-3598-4c9a-8f0c-3d16f1502dba@group-B1D18A7504CD-FollowerState
2022-01-21 22:42:15,457 [33960171-3598-4c9a-8f0c-3d16f1502dba@group-B1D18A7504CD-FollowerState] INFO  server.RaftServer$Division (RaftServerImpl.java:setRole(290)) - 33960171-3598-4c9a-8f0c-3d16f1502dba@group-B1D18A7504CD: changes role from  FOLLOWER to CANDIDATE at term 1 for changeToCandidate
2022-01-21 22:42:15,457 [33960171-3598-4c9a-8f0c-3d16f1502dba@group-B1D18A7504CD-FollowerState] INFO  server.RaftServerConfigKeys (ConfUtils.java:logGet(44)) - raft.server.leaderelection.pre-vote = false (custom)
2022-01-21 22:42:15,457 [33960171-3598-4c9a-8f0c-3d16f1502dba@group-B1D18A7504CD-FollowerState] INFO  impl.RoleInfo (RoleInfo.java:updateAndGet(130)) - 33960171-3598-4c9a-8f0c-3d16f1502dba: start 33960171-3598-4c9a-8f0c-3d16f1502dba@group-B1D18A7504CD-LeaderElection22
2022-01-21 22:42:15,456 [grpc-default-executor-2] INFO  server.RaftServer$Division (RaftServerImpl.java:requestVote(1046)) - 33960171-3598-4c9a-8f0c-3d16f1502dba@group-B1D18A7504CD: receive requestVote(ELECTION, 3b795d5a-b002-4e0e-8d87-bd187dac4e43, group-B1D18A7504CD, 2, (t:0, i:0))
2022-01-21 22:42:15,464 [grpc-default-executor-2] INFO  impl.VoteContext (VoteContext.java:log(48)) - 33960171-3598-4c9a-8f0c-3d16f1502dba@group-B1D18A7504CD-CANDIDATE: accept ELECTION from 3b795d5a-b002-4e0e-8d87-bd187dac4e43: our priority 0 <= candidate's priority 0
2022-01-21 22:42:15,464 [grpc-default-executor-2] INFO  server.RaftServer$Division (RaftServerImpl.java:setRole(290)) - 33960171-3598-4c9a-8f0c-3d16f1502dba@group-B1D18A7504CD: changes role from CANDIDATE to FOLLOWER at term 2 for candidate:3b795d5a-b002-4e0e-8d87-bd187dac4e43
2022-01-21 22:42:15,464 [grpc-default-executor-2] INFO  impl.RoleInfo (RoleInfo.java:shutdownLeaderElection(121)) - 33960171-3598-4c9a-8f0c-3d16f1502dba: shutdown 33960171-3598-4c9a-8f0c-3d16f1502dba@group-B1D18A7504CD-LeaderElection22
2022-01-21 22:42:15,464 [grpc-default-executor-2] INFO  impl.RoleInfo (RoleInfo.java:updateAndGet(130)) - 33960171-3598-4c9a-8f0c-3d16f1502dba: start 33960171-3598-4c9a-8f0c-3d16f1502dba@group-B1D18A7504CD-FollowerState
2022-01-21 22:42:15,469 [grpc-default-executor-2] INFO  server.RaftServer$Division (RaftServerImpl.java:requestVote(1078)) - 33960171-3598-4c9a-8f0c-3d16f1502dba@group-B1D18A7504CD replies to ELECTION vote request: 3b795d5a-b002-4e0e-8d87-bd187dac4e43<-33960171-3598-4c9a-8f0c-3d16f1502dba#0:OK-t2. Peer's state: 33960171-3598-4c9a-8f0c-3d16f1502dba@group-B1D18A7504CD:t2, leader=null, voted=3b795d5a-b002-4e0e-8d87-bd187dac4e43, raftlog=33960171-3598-4c9a-8f0c-3d16f1502dba@group-B1D18A7504CD-SegmentedRaftLog:OPENED:c-1, conf=-1: [33960171-3598-4c9a-8f0c-3d16f1502dba|rpc:10.1.0.82:44949|priority:0, 85f03e38-9c25-442e-a296-583332b1e3c2|rpc:10.1.0.82:45945|priority:1, 3b795d5a-b002-4e0e-8d87-bd187dac4e43|rpc:10.1.0.82:39307|priority:0], old=null
2022-01-21 22:42:15,471 [33960171-3598-4c9a-8f0c-3d16f1502dba@group-B1D18A7504CD-LeaderElection22] INFO  impl.LeaderElection (LeaderElection.java:run(230)) - 33960171-3598-4c9a-8f0c-3d16f1502dba@group-B1D18A7504CD-LeaderElection22: skip running since this is already CLOSING
2022-01-21 22:42:15,476 [grpc-default-executor-2] INFO  server.RaftServer$Division (RaftServerImpl.java:requestVote(1046)) - 85f03e38-9c25-442e-a296-583332b1e3c2@group-B1D18A7504CD: receive requestVote(ELECTION, 3b795d5a-b002-4e0e-8d87-bd187dac4e43, group-B1D18A7504CD, 2, (t:0, i:0))
2022-01-21 22:42:15,486 [grpc-default-executor-2] INFO  impl.VoteContext (VoteContext.java:log(48)) - 85f03e38-9c25-442e-a296-583332b1e3c2@group-B1D18A7504CD-CANDIDATE: reject ELECTION from 3b795d5a-b002-4e0e-8d87-bd187dac4e43: already has voted for 85f03e38-9c25-442e-a296-583332b1e3c2 at current term 2
2022-01-21 22:42:15,486 [grpc-default-executor-2] INFO  server.RaftServer$Division (RaftServerImpl.java:requestVote(1078)) - 85f03e38-9c25-442e-a296-583332b1e3c2@group-B1D18A7504CD replies to ELECTION vote request: 3b795d5a-b002-4e0e-8d87-bd187dac4e43<-85f03e38-9c25-442e-a296-583332b1e3c2#0:FAIL-t2. Peer's state: 85f03e38-9c25-442e-a296-583332b1e3c2@group-B1D18A7504CD:t2, leader=null, voted=85f03e38-9c25-442e-a296-583332b1e3c2, raftlog=85f03e38-9c25-442e-a296-583332b1e3c2@group-B1D18A7504CD-SegmentedRaftLog:OPENED:c-1, conf=-1: [33960171-3598-4c9a-8f0c-3d16f1502dba|rpc:10.1.0.82:44949|dataStream:|priority:0, 85f03e38-9c25-442e-a296-583332b1e3c2|rpc:10.1.0.82:45945|dataStream:|priority:1, 3b795d5a-b002-4e0e-8d87-bd187dac4e43|rpc:10.1.0.82:39307|dataStream:|priority:0], old=null
2022-01-21 22:42:15,490 [3b795d5a-b002-4e0e-8d87-bd187dac4e43@group-B1D18A7504CD-LeaderElection21] INFO  impl.LeaderElection (LeaderElection.java:logAndReturn(89)) - 3b795d5a-b002-4e0e-8d87-bd187dac4e43@group-B1D18A7504CD-LeaderElection21: ELECTION REJECTED received 2 response(s) and 0 exception(s):
2022-01-21 22:42:15,490 [3b795d5a-b002-4e0e-8d87-bd187dac4e43@group-B1D18A7504CD-LeaderElection21] INFO  impl.LeaderElection (LeaderElection.java:logAndReturn(93)) -   Response 0: 3b795d5a-b002-4e0e-8d87-bd187dac4e43<-33960171-3598-4c9a-8f0c-3d16f1502dba#0:OK-t2
2022-01-21 22:42:15,490 [3b795d5a-b002-4e0e-8d87-bd187dac4e43@group-B1D18A7504CD-LeaderElection21] INFO  impl.LeaderElection (LeaderElection.java:logAndReturn(93)) -   Response 1: 3b795d5a-b002-4e0e-8d87-bd187dac4e43<-85f03e38-9c25-442e-a296-583332b1e3c2#0:FAIL-t2
2022-01-21 22:42:15,490 [3b795d5a-b002-4e0e-8d87-bd187dac4e43@group-B1D18A7504CD-LeaderElection21] INFO  impl.LeaderElection (LeaderElection.java:askForVotes(308)) - 3b795d5a-b002-4e0e-8d87-bd187dac4e43@group-B1D18A7504CD-LeaderElection21 ELECTION round 0: result REJECTED
2022-01-21 22:42:15,490 [3b795d5a-b002-4e0e-8d87-bd187dac4e43@group-B1D18A7504CD-LeaderElection21] INFO  server.RaftServer$Division (RaftServerImpl.java:setRole(290)) - 3b795d5a-b002-4e0e-8d87-bd187dac4e43@group-B1D18A7504CD: changes role from CANDIDATE to FOLLOWER at term 2 for REJECTED
2022-01-21 22:42:15,490 [3b795d5a-b002-4e0e-8d87-bd187dac4e43@group-B1D18A7504CD-LeaderElection21] INFO  impl.RoleInfo (RoleInfo.java:shutdownLeaderElection(121)) - 3b795d5a-b002-4e0e-8d87-bd187dac4e43: shutdown 3b795d5a-b002-4e0e-8d87-bd187dac4e43@group-B1D18A7504CD-LeaderElection21
2022-01-21 22:42:15,490 [3b795d5a-b002-4e0e-8d87-bd187dac4e43@group-B1D18A7504CD-LeaderElection21] INFO  impl.RoleInfo (RoleInfo.java:updateAndGet(130)) - 3b795d5a-b002-4e0e-8d87-bd187dac4e43: start 3b795d5a-b002-4e0e-8d87-bd187dac4e43@group-B1D18A7504CD-FollowerState
2022-01-21 22:42:15,510 [grpc-default-executor-2] INFO  server.RaftServer$Division (RaftServerImpl.java:requestVote(1046)) - 33960171-3598-4c9a-8f0c-3d16f1502dba@group-B1D18A7504CD: receive requestVote(ELECTION, 85f03e38-9c25-442e-a296-583332b1e3c2, group-B1D18A7504CD, 2, (t:0, i:0))
2022-01-21 22:42:15,517 [grpc-default-executor-2] INFO  impl.VoteContext (VoteContext.java:log(48)) - 33960171-3598-4c9a-8f0c-3d16f1502dba@group-B1D18A7504CD-FOLLOWER: reject ELECTION from 85f03e38-9c25-442e-a296-583332b1e3c2: already has voted for 3b795d5a-b002-4e0e-8d87-bd187dac4e43 at current term 2
2022-01-21 22:42:15,517 [grpc-default-executor-2] INFO  server.RaftServer$Division (RaftServerImpl.java:requestVote(1078)) - 33960171-3598-4c9a-8f0c-3d16f1502dba@group-B1D18A7504CD replies to ELECTION vote request: 85f03e38-9c25-442e-a296-583332b1e3c2<-33960171-3598-4c9a-8f0c-3d16f1502dba#0:FAIL-t2. Peer's state: 33960171-3598-4c9a-8f0c-3d16f1502dba@group-B1D18A7504CD:t2, leader=null, voted=3b795d5a-b002-4e0e-8d87-bd187dac4e43, raftlog=33960171-3598-4c9a-8f0c-3d16f1502dba@group-B1D18A7504CD-SegmentedRaftLog:OPENED:c-1, conf=-1: [33960171-3598-4c9a-8f0c-3d16f1502dba|rpc:10.1.0.82:44949|priority:0, 85f03e38-9c25-442e-a296-583332b1e3c2|rpc:10.1.0.82:45945|priority:1, 3b795d5a-b002-4e0e-8d87-bd187dac4e43|rpc:10.1.0.82:39307|priority:0], old=null
2022-01-21 22:42:15,510 [grpc-default-executor-1] INFO  server.RaftServer$Division (RaftServerImpl.java:requestVote(1046)) - 3b795d5a-b002-4e0e-8d87-bd187dac4e43@group-B1D18A7504CD: receive requestVote(ELECTION, 85f03e38-9c25-442e-a296-583332b1e3c2, group-B1D18A7504CD, 2, (t:0, i:0))
2022-01-21 22:42:15,517 [grpc-default-executor-1] INFO  impl.VoteContext (VoteContext.java:log(48)) - 3b795d5a-b002-4e0e-8d87-bd187dac4e43@group-B1D18A7504CD-FOLLOWER: reject ELECTION from 85f03e38-9c25-442e-a296-583332b1e3c2: already has voted for 3b795d5a-b002-4e0e-8d87-bd187dac4e43 at current term 2
2022-01-21 22:42:15,517 [grpc-default-executor-1] INFO  server.RaftServer$Division (RaftServerImpl.java:requestVote(1078)) - 3b795d5a-b002-4e0e-8d87-bd187dac4e43@group-B1D18A7504CD replies to ELECTION vote request: 85f03e38-9c25-442e-a296-583332b1e3c2<-3b795d5a-b002-4e0e-8d87-bd187dac4e43#0:FAIL-t2. Peer's state: 3b795d5a-b002-4e0e-8d87-bd187dac4e43@group-B1D18A7504CD:t2, leader=null, voted=3b795d5a-b002-4e0e-8d87-bd187dac4e43, raftlog=3b795d5a-b002-4e0e-8d87-bd187dac4e43@group-B1D18A7504CD-SegmentedRaftLog:OPENED:c-1, conf=-1: [33960171-3598-4c9a-8f0c-3d16f1502dba|rpc:10.1.0.82:44949|dataStream:|priority:0, 85f03e38-9c25-442e-a296-583332b1e3c2|rpc:10.1.0.82:45945|dataStream:|priority:1, 3b795d5a-b002-4e0e-8d87-bd187dac4e43|rpc:10.1.0.82:39307|dataStream:|priority:0], old=null
2022-01-21 22:42:15,532 [85f03e38-9c25-442e-a296-583332b1e3c2@group-B1D18A7504CD-LeaderElection20] INFO  impl.LeaderElection (LeaderElection.java:logAndReturn(89)) - 85f03e38-9c25-442e-a296-583332b1e3c2@group-B1D18A7504CD-LeaderElection20: ELECTION REJECTED received 2 response(s) and 0 exception(s):
2022-01-21 22:42:15,534 [85f03e38-9c25-442e-a296-583332b1e3c2@group-B1D18A7504CD-LeaderElection20] INFO  impl.LeaderElection (LeaderElection.java:logAndReturn(93)) -   Response 0: 85f03e38-9c25-442e-a296-583332b1e3c2<-33960171-3598-4c9a-8f0c-3d16f1502dba#0:FAIL-t2
2022-01-21 22:42:15,534 [85f03e38-9c25-442e-a296-583332b1e3c2@group-B1D18A7504CD-LeaderElection20] INFO  impl.LeaderElection (LeaderElection.java:logAndReturn(93)) -   Response 1: 85f03e38-9c25-442e-a296-583332b1e3c2<-3b795d5a-b002-4e0e-8d87-bd187dac4e43#0:FAIL-t2
2022-01-21 22:42:15,534 [85f03e38-9c25-442e-a296-583332b1e3c2@group-B1D18A7504CD-LeaderElection20] INFO  impl.LeaderElection (LeaderElection.java:askForVotes(308)) - 85f03e38-9c25-442e-a296-583332b1e3c2@group-B1D18A7504CD-LeaderElection20 ELECTION round 0: result REJECTED
2022-01-21 22:42:15,545 [85f03e38-9c25-442e-a296-583332b1e3c2@group-B1D18A7504CD-LeaderElection20] INFO  server.RaftServer$Division (RaftServerImpl.java:setRole(290)) - 85f03e38-9c25-442e-a296-583332b1e3c2@group-B1D18A7504CD: changes role from CANDIDATE to FOLLOWER at term 2 for REJECTED
2022-01-21 22:42:15,545 [85f03e38-9c25-442e-a296-583332b1e3c2@group-B1D18A7504CD-LeaderElection20] INFO  impl.RoleInfo (RoleInfo.java:shutdownLeaderElection(121)) - 85f03e38-9c25-442e-a296-583332b1e3c2: shutdown 85f03e38-9c25-442e-a296-583332b1e3c2@group-B1D18A7504CD-LeaderElection20
2022-01-21 22:42:15,545 [85f03e38-9c25-442e-a296-583332b1e3c2@group-B1D18A7504CD-LeaderElection20] INFO  impl.RoleInfo (RoleInfo.java:updateAndGet(130)) - 85f03e38-9c25-442e-a296-583332b1e3c2: start 85f03e38-9c25-442e-a296-583332b1e3c2@group-B1D18A7504CD-FollowerState
2022-01-21 22:42:15,687 [Listener at 127.0.0.1/33563] INFO  ozone.MiniOzoneClusterImpl (MiniOzoneClusterImpl.java:lambda$waitForClusterToBeReady$0(219)) - Nodes are ready. Got 3 of 3 DN Heartbeats.
2022-01-21 22:42:15,688 [Listener at 127.0.0.1/33563] INFO  ozone.MiniOzoneClusterImpl (MiniOzoneClusterImpl.java:lambda$waitForClusterToBeReady$0(222)) - Waiting for cluster to exit safe mode
2022-01-21 22:42:15,688 [Listener at 127.0.0.1/33563] INFO  ozone.MiniOzoneClusterImpl (MiniOzoneClusterImpl.java:lambda$waitForClusterToBeReady$0(224)) - SCM became leader
2022-01-21 22:42:16,688 [Listener at 127.0.0.1/33563] INFO  ozone.MiniOzoneClusterImpl (MiniOzoneClusterImpl.java:lambda$waitForClusterToBeReady$0(219)) - Nodes are ready. Got 3 of 3 DN Heartbeats.
2022-01-21 22:42:16,688 [Listener at 127.0.0.1/33563] INFO  ozone.MiniOzoneClusterImpl (MiniOzoneClusterImpl.java:lambda$waitForClusterToBeReady$0(222)) - Waiting for cluster to exit safe mode
2022-01-21 22:42:16,688 [Listener at 127.0.0.1/33563] INFO  ozone.MiniOzoneClusterImpl (MiniOzoneClusterImpl.java:lambda$waitForClusterToBeReady$0(224)) - SCM became leader
2022-01-21 22:42:17,688 [Listener at 127.0.0.1/33563] INFO  ozone.MiniOzoneClusterImpl (MiniOzoneClusterImpl.java:lambda$waitForClusterToBeReady$0(219)) - Nodes are ready. Got 3 of 3 DN Heartbeats.
2022-01-21 22:42:17,688 [Listener at 127.0.0.1/33563] INFO  ozone.MiniOzoneClusterImpl (MiniOzoneClusterImpl.java:lambda$waitForClusterToBeReady$0(222)) - Waiting for cluster to exit safe mode
2022-01-21 22:42:17,689 [Listener at 127.0.0.1/33563] INFO  ozone.MiniOzoneClusterImpl (MiniOzoneClusterImpl.java:lambda$waitForClusterToBeReady$0(224)) - SCM became leader
2022-01-21 22:42:18,689 [Listener at 127.0.0.1/33563] INFO  ozone.MiniOzoneClusterImpl (MiniOzoneClusterImpl.java:lambda$waitForClusterToBeReady$0(219)) - Nodes are ready. Got 3 of 3 DN Heartbeats.
2022-01-21 22:42:18,689 [Listener at 127.0.0.1/33563] INFO  ozone.MiniOzoneClusterImpl (MiniOzoneClusterImpl.java:lambda$waitForClusterToBeReady$0(222)) - Waiting for cluster to exit safe mode
2022-01-21 22:42:18,689 [Listener at 127.0.0.1/33563] INFO  ozone.MiniOzoneClusterImpl (MiniOzoneClusterImpl.java:lambda$waitForClusterToBeReady$0(224)) - SCM became leader
2022-01-21 22:42:19,689 [Listener at 127.0.0.1/33563] INFO  ozone.MiniOzoneClusterImpl (MiniOzoneClusterImpl.java:lambda$waitForClusterToBeReady$0(219)) - Nodes are ready. Got 3 of 3 DN Heartbeats.
2022-01-21 22:42:19,689 [Listener at 127.0.0.1/33563] INFO  ozone.MiniOzoneClusterImpl (MiniOzoneClusterImpl.java:lambda$waitForClusterToBeReady$0(222)) - Waiting for cluster to exit safe mode
2022-01-21 22:42:19,689 [Listener at 127.0.0.1/33563] INFO  ozone.MiniOzoneClusterImpl (MiniOzoneClusterImpl.java:lambda$waitForClusterToBeReady$0(224)) - SCM became leader
2022-01-21 22:42:20,530 [3b795d5a-b002-4e0e-8d87-bd187dac4e43@group-B1D18A7504CD-FollowerState] INFO  impl.FollowerState (FollowerState.java:run(134)) - 3b795d5a-b002-4e0e-8d87-bd187dac4e43@group-B1D18A7504CD-FollowerState: change to CANDIDATE, lastRpcElapsedTime:5040199457ns, electionTimeout:5020ms
2022-01-21 22:42:20,531 [3b795d5a-b002-4e0e-8d87-bd187dac4e43@group-B1D18A7504CD-FollowerState] INFO  impl.RoleInfo (RoleInfo.java:shutdownFollowerState(108)) - 3b795d5a-b002-4e0e-8d87-bd187dac4e43: shutdown 3b795d5a-b002-4e0e-8d87-bd187dac4e43@group-B1D18A7504CD-FollowerState
2022-01-21 22:42:20,531 [3b795d5a-b002-4e0e-8d87-bd187dac4e43@group-B1D18A7504CD-FollowerState] INFO  server.RaftServer$Division (RaftServerImpl.java:setRole(290)) - 3b795d5a-b002-4e0e-8d87-bd187dac4e43@group-B1D18A7504CD: changes role from  FOLLOWER to CANDIDATE at term 2 for changeToCandidate
2022-01-21 22:42:20,531 [3b795d5a-b002-4e0e-8d87-bd187dac4e43@group-B1D18A7504CD-FollowerState] INFO  server.RaftServerConfigKeys (ConfUtils.java:logGet(44)) - raft.server.leaderelection.pre-vote = false (custom)
2022-01-21 22:42:20,531 [3b795d5a-b002-4e0e-8d87-bd187dac4e43@group-B1D18A7504CD-FollowerState] INFO  impl.RoleInfo (RoleInfo.java:updateAndGet(130)) - 3b795d5a-b002-4e0e-8d87-bd187dac4e43: start 3b795d5a-b002-4e0e-8d87-bd187dac4e43@group-B1D18A7504CD-LeaderElection23
2022-01-21 22:42:20,543 [3b795d5a-b002-4e0e-8d87-bd187dac4e43@group-B1D18A7504CD-LeaderElection23] INFO  impl.LeaderElection (LeaderElection.java:askForVotes(306)) - 3b795d5a-b002-4e0e-8d87-bd187dac4e43@group-B1D18A7504CD-LeaderElection23 ELECTION round 0: submit vote requests at term 3 for -1: [33960171-3598-4c9a-8f0c-3d16f1502dba|rpc:10.1.0.82:44949|dataStream:|priority:0, 85f03e38-9c25-442e-a296-583332b1e3c2|rpc:10.1.0.82:45945|dataStream:|priority:1, 3b795d5a-b002-4e0e-8d87-bd187dac4e43|rpc:10.1.0.82:39307|dataStream:|priority:0], old=null
2022-01-21 22:42:20,560 [grpc-default-executor-2] INFO  server.RaftServer$Division (RaftServerImpl.java:requestVote(1046)) - 85f03e38-9c25-442e-a296-583332b1e3c2@group-B1D18A7504CD: receive requestVote(ELECTION, 3b795d5a-b002-4e0e-8d87-bd187dac4e43, group-B1D18A7504CD, 3, (t:0, i:0))
2022-01-21 22:42:20,560 [grpc-default-executor-2] INFO  impl.VoteContext (VoteContext.java:log(48)) - 85f03e38-9c25-442e-a296-583332b1e3c2@group-B1D18A7504CD-FOLLOWER: reject ELECTION from 3b795d5a-b002-4e0e-8d87-bd187dac4e43: our priority 1 > candidate's priority 0
2022-01-21 22:42:20,560 [grpc-default-executor-2] INFO  server.RaftServer$Division (RaftServerImpl.java:setRole(290)) - 85f03e38-9c25-442e-a296-583332b1e3c2@group-B1D18A7504CD: changes role from  FOLLOWER to FOLLOWER at term 3 for candidate:3b795d5a-b002-4e0e-8d87-bd187dac4e43
2022-01-21 22:42:20,560 [grpc-default-executor-2] INFO  impl.RoleInfo (RoleInfo.java:shutdownFollowerState(108)) - 85f03e38-9c25-442e-a296-583332b1e3c2: shutdown 85f03e38-9c25-442e-a296-583332b1e3c2@group-B1D18A7504CD-FollowerState
2022-01-21 22:42:20,560 [grpc-default-executor-2] INFO  impl.RoleInfo (RoleInfo.java:updateAndGet(130)) - 85f03e38-9c25-442e-a296-583332b1e3c2: start 85f03e38-9c25-442e-a296-583332b1e3c2@group-B1D18A7504CD-FollowerState
2022-01-21 22:42:20,560 [85f03e38-9c25-442e-a296-583332b1e3c2@group-B1D18A7504CD-FollowerState] INFO  impl.FollowerState (FollowerState.java:run(143)) - 85f03e38-9c25-442e-a296-583332b1e3c2@group-B1D18A7504CD-FollowerState was interrupted: {}
java.lang.InterruptedException: sleep interrupted
	at java.lang.Thread.sleep(Native Method)
	at java.lang.Thread.sleep(Thread.java:340)
	at java.util.concurrent.TimeUnit.sleep(TimeUnit.java:386)
	at org.apache.ratis.util.TimeDuration.sleep(TimeDuration.java:324)
	at org.apache.ratis.util.TimeDuration.sleep(TimeDuration.java:309)
	at org.apache.ratis.server.impl.FollowerState.run(FollowerState.java:118)
2022-01-21 22:42:20,576 [grpc-default-executor-1] INFO  server.RaftServer$Division (RaftServerImpl.java:requestVote(1046)) - 33960171-3598-4c9a-8f0c-3d16f1502dba@group-B1D18A7504CD: receive requestVote(ELECTION, 3b795d5a-b002-4e0e-8d87-bd187dac4e43, group-B1D18A7504CD, 3, (t:0, i:0))
2022-01-21 22:42:20,576 [grpc-default-executor-1] INFO  impl.VoteContext (VoteContext.java:log(48)) - 33960171-3598-4c9a-8f0c-3d16f1502dba@group-B1D18A7504CD-FOLLOWER: accept ELECTION from 3b795d5a-b002-4e0e-8d87-bd187dac4e43: our priority 0 <= candidate's priority 0
2022-01-21 22:42:20,576 [grpc-default-executor-1] INFO  server.RaftServer$Division (RaftServerImpl.java:setRole(290)) - 33960171-3598-4c9a-8f0c-3d16f1502dba@group-B1D18A7504CD: changes role from  FOLLOWER to FOLLOWER at term 3 for candidate:3b795d5a-b002-4e0e-8d87-bd187dac4e43
2022-01-21 22:42:20,576 [grpc-default-executor-1] INFO  impl.RoleInfo (RoleInfo.java:shutdownFollowerState(108)) - 33960171-3598-4c9a-8f0c-3d16f1502dba: shutdown 33960171-3598-4c9a-8f0c-3d16f1502dba@group-B1D18A7504CD-FollowerState
2022-01-21 22:42:20,576 [grpc-default-executor-1] INFO  impl.RoleInfo (RoleInfo.java:updateAndGet(130)) - 33960171-3598-4c9a-8f0c-3d16f1502dba: start 33960171-3598-4c9a-8f0c-3d16f1502dba@group-B1D18A7504CD-FollowerState
2022-01-21 22:42:20,577 [33960171-3598-4c9a-8f0c-3d16f1502dba@group-B1D18A7504CD-FollowerState] INFO  impl.FollowerState (FollowerState.java:run(143)) - 33960171-3598-4c9a-8f0c-3d16f1502dba@group-B1D18A7504CD-FollowerState was interrupted: {}
java.lang.InterruptedException: sleep interrupted
	at java.lang.Thread.sleep(Native Method)
	at java.lang.Thread.sleep(Thread.java:340)
	at java.util.concurrent.TimeUnit.sleep(TimeUnit.java:386)
	at org.apache.ratis.util.TimeDuration.sleep(TimeDuration.java:324)
	at org.apache.ratis.util.TimeDuration.sleep(TimeDuration.java:309)
	at org.apache.ratis.server.impl.FollowerState.run(FollowerState.java:118)
2022-01-21 22:42:20,585 [grpc-default-executor-1] INFO  server.RaftServer$Division (RaftServerImpl.java:requestVote(1078)) - 33960171-3598-4c9a-8f0c-3d16f1502dba@group-B1D18A7504CD replies to ELECTION vote request: 3b795d5a-b002-4e0e-8d87-bd187dac4e43<-33960171-3598-4c9a-8f0c-3d16f1502dba#0:OK-t3. Peer's state: 33960171-3598-4c9a-8f0c-3d16f1502dba@group-B1D18A7504CD:t3, leader=null, voted=3b795d5a-b002-4e0e-8d87-bd187dac4e43, raftlog=33960171-3598-4c9a-8f0c-3d16f1502dba@group-B1D18A7504CD-SegmentedRaftLog:OPENED:c-1, conf=-1: [33960171-3598-4c9a-8f0c-3d16f1502dba|rpc:10.1.0.82:44949|priority:0, 85f03e38-9c25-442e-a296-583332b1e3c2|rpc:10.1.0.82:45945|priority:1, 3b795d5a-b002-4e0e-8d87-bd187dac4e43|rpc:10.1.0.82:39307|priority:0], old=null
2022-01-21 22:42:20,585 [grpc-default-executor-2] INFO  server.RaftServer$Division (RaftServerImpl.java:requestVote(1078)) - 85f03e38-9c25-442e-a296-583332b1e3c2@group-B1D18A7504CD replies to ELECTION vote request: 3b795d5a-b002-4e0e-8d87-bd187dac4e43<-85f03e38-9c25-442e-a296-583332b1e3c2#0:FAIL-t3. Peer's state: 85f03e38-9c25-442e-a296-583332b1e3c2@group-B1D18A7504CD:t3, leader=null, voted=null, raftlog=85f03e38-9c25-442e-a296-583332b1e3c2@group-B1D18A7504CD-SegmentedRaftLog:OPENED:c-1, conf=-1: [33960171-3598-4c9a-8f0c-3d16f1502dba|rpc:10.1.0.82:44949|dataStream:|priority:0, 85f03e38-9c25-442e-a296-583332b1e3c2|rpc:10.1.0.82:45945|dataStream:|priority:1, 3b795d5a-b002-4e0e-8d87-bd187dac4e43|rpc:10.1.0.82:39307|dataStream:|priority:0], old=null
2022-01-21 22:42:20,587 [3b795d5a-b002-4e0e-8d87-bd187dac4e43@group-B1D18A7504CD-LeaderElection23] INFO  impl.LeaderElection (LeaderElection.java:logAndReturn(89)) - 3b795d5a-b002-4e0e-8d87-bd187dac4e43@group-B1D18A7504CD-LeaderElection23: ELECTION REJECTED received 1 response(s) and 0 exception(s):
2022-01-21 22:42:20,587 [3b795d5a-b002-4e0e-8d87-bd187dac4e43@group-B1D18A7504CD-LeaderElection23] INFO  impl.LeaderElection (LeaderElection.java:logAndReturn(93)) -   Response 0: 3b795d5a-b002-4e0e-8d87-bd187dac4e43<-85f03e38-9c25-442e-a296-583332b1e3c2#0:FAIL-t3
2022-01-21 22:42:20,587 [3b795d5a-b002-4e0e-8d87-bd187dac4e43@group-B1D18A7504CD-LeaderElection23] INFO  impl.LeaderElection (LeaderElection.java:askForVotes(308)) - 3b795d5a-b002-4e0e-8d87-bd187dac4e43@group-B1D18A7504CD-LeaderElection23 ELECTION round 0: result REJECTED
2022-01-21 22:42:20,587 [3b795d5a-b002-4e0e-8d87-bd187dac4e43@group-B1D18A7504CD-LeaderElection23] INFO  server.RaftServer$Division (RaftServerImpl.java:setRole(290)) - 3b795d5a-b002-4e0e-8d87-bd187dac4e43@group-B1D18A7504CD: changes role from CANDIDATE to FOLLOWER at term 3 for REJECTED
2022-01-21 22:42:20,587 [3b795d5a-b002-4e0e-8d87-bd187dac4e43@group-B1D18A7504CD-LeaderElection23] INFO  impl.RoleInfo (RoleInfo.java:shutdownLeaderElection(121)) - 3b795d5a-b002-4e0e-8d87-bd187dac4e43: shutdown 3b795d5a-b002-4e0e-8d87-bd187dac4e43@group-B1D18A7504CD-LeaderElection23
2022-01-21 22:42:20,587 [3b795d5a-b002-4e0e-8d87-bd187dac4e43@group-B1D18A7504CD-LeaderElection23] INFO  impl.RoleInfo (RoleInfo.java:updateAndGet(130)) - 3b795d5a-b002-4e0e-8d87-bd187dac4e43: start 3b795d5a-b002-4e0e-8d87-bd187dac4e43@group-B1D18A7504CD-FollowerState
2022-01-21 22:42:20,690 [Listener at 127.0.0.1/33563] INFO  ozone.MiniOzoneClusterImpl (MiniOzoneClusterImpl.java:lambda$waitForClusterToBeReady$0(219)) - Nodes are ready. Got 3 of 3 DN Heartbeats.
2022-01-21 22:42:20,690 [Listener at 127.0.0.1/33563] INFO  ozone.MiniOzoneClusterImpl (MiniOzoneClusterImpl.java:lambda$waitForClusterToBeReady$0(222)) - Waiting for cluster to exit safe mode
2022-01-21 22:42:20,690 [Listener at 127.0.0.1/33563] INFO  ozone.MiniOzoneClusterImpl (MiniOzoneClusterImpl.java:lambda$waitForClusterToBeReady$0(224)) - SCM became leader
2022-01-21 22:42:21,690 [Listener at 127.0.0.1/33563] INFO  ozone.MiniOzoneClusterImpl (MiniOzoneClusterImpl.java:lambda$waitForClusterToBeReady$0(219)) - Nodes are ready. Got 3 of 3 DN Heartbeats.
2022-01-21 22:42:21,690 [Listener at 127.0.0.1/33563] INFO  ozone.MiniOzoneClusterImpl (MiniOzoneClusterImpl.java:lambda$waitForClusterToBeReady$0(222)) - Waiting for cluster to exit safe mode
2022-01-21 22:42:21,690 [Listener at 127.0.0.1/33563] INFO  ozone.MiniOzoneClusterImpl (MiniOzoneClusterImpl.java:lambda$waitForClusterToBeReady$0(224)) - SCM became leader
2022-01-21 22:42:22,691 [Listener at 127.0.0.1/33563] INFO  ozone.MiniOzoneClusterImpl (MiniOzoneClusterImpl.java:lambda$waitForClusterToBeReady$0(219)) - Nodes are ready. Got 3 of 3 DN Heartbeats.
2022-01-21 22:42:22,691 [Listener at 127.0.0.1/33563] INFO  ozone.MiniOzoneClusterImpl (MiniOzoneClusterImpl.java:lambda$waitForClusterToBeReady$0(222)) - Waiting for cluster to exit safe mode
2022-01-21 22:42:22,691 [Listener at 127.0.0.1/33563] INFO  ozone.MiniOzoneClusterImpl (MiniOzoneClusterImpl.java:lambda$waitForClusterToBeReady$0(224)) - SCM became leader
2022-01-21 22:42:23,691 [Listener at 127.0.0.1/33563] INFO  ozone.MiniOzoneClusterImpl (MiniOzoneClusterImpl.java:lambda$waitForClusterToBeReady$0(219)) - Nodes are ready. Got 3 of 3 DN Heartbeats.
2022-01-21 22:42:23,691 [Listener at 127.0.0.1/33563] INFO  ozone.MiniOzoneClusterImpl (MiniOzoneClusterImpl.java:lambda$waitForClusterToBeReady$0(222)) - Waiting for cluster to exit safe mode
2022-01-21 22:42:23,691 [Listener at 127.0.0.1/33563] INFO  ozone.MiniOzoneClusterImpl (MiniOzoneClusterImpl.java:lambda$waitForClusterToBeReady$0(224)) - SCM became leader
2022-01-21 22:42:24,692 [Listener at 127.0.0.1/33563] INFO  ozone.MiniOzoneClusterImpl (MiniOzoneClusterImpl.java:lambda$waitForClusterToBeReady$0(219)) - Nodes are ready. Got 3 of 3 DN Heartbeats.
2022-01-21 22:42:24,692 [Listener at 127.0.0.1/33563] INFO  ozone.MiniOzoneClusterImpl (MiniOzoneClusterImpl.java:lambda$waitForClusterToBeReady$0(222)) - Waiting for cluster to exit safe mode
2022-01-21 22:42:24,692 [Listener at 127.0.0.1/33563] INFO  ozone.MiniOzoneClusterImpl (MiniOzoneClusterImpl.java:lambda$waitForClusterToBeReady$0(224)) - SCM became leader
2022-01-21 22:42:25,613 [3b795d5a-b002-4e0e-8d87-bd187dac4e43@group-B1D18A7504CD-FollowerState] INFO  impl.FollowerState (FollowerState.java:run(134)) - 3b795d5a-b002-4e0e-8d87-bd187dac4e43@group-B1D18A7504CD-FollowerState: change to CANDIDATE, lastRpcElapsedTime:5025729812ns, electionTimeout:5009ms
2022-01-21 22:42:25,613 [3b795d5a-b002-4e0e-8d87-bd187dac4e43@group-B1D18A7504CD-FollowerState] INFO  impl.RoleInfo (RoleInfo.java:shutdownFollowerState(108)) - 3b795d5a-b002-4e0e-8d87-bd187dac4e43: shutdown 3b795d5a-b002-4e0e-8d87-bd187dac4e43@group-B1D18A7504CD-FollowerState
2022-01-21 22:42:25,613 [3b795d5a-b002-4e0e-8d87-bd187dac4e43@group-B1D18A7504CD-FollowerState] INFO  server.RaftServer$Division (RaftServerImpl.java:setRole(290)) - 3b795d5a-b002-4e0e-8d87-bd187dac4e43@group-B1D18A7504CD: changes role from  FOLLOWER to CANDIDATE at term 3 for changeToCandidate
2022-01-21 22:42:25,613 [3b795d5a-b002-4e0e-8d87-bd187dac4e43@group-B1D18A7504CD-FollowerState] INFO  server.RaftServerConfigKeys (ConfUtils.java:logGet(44)) - raft.server.leaderelection.pre-vote = false (custom)
2022-01-21 22:42:25,613 [3b795d5a-b002-4e0e-8d87-bd187dac4e43@group-B1D18A7504CD-FollowerState] INFO  impl.RoleInfo (RoleInfo.java:updateAndGet(130)) - 3b795d5a-b002-4e0e-8d87-bd187dac4e43: start 3b795d5a-b002-4e0e-8d87-bd187dac4e43@group-B1D18A7504CD-LeaderElection24
2022-01-21 22:42:25,628 [3b795d5a-b002-4e0e-8d87-bd187dac4e43@group-B1D18A7504CD-LeaderElection24] INFO  impl.LeaderElection (LeaderElection.java:askForVotes(306)) - 3b795d5a-b002-4e0e-8d87-bd187dac4e43@group-B1D18A7504CD-LeaderElection24 ELECTION round 0: submit vote requests at term 4 for -1: [33960171-3598-4c9a-8f0c-3d16f1502dba|rpc:10.1.0.82:44949|dataStream:|priority:0, 85f03e38-9c25-442e-a296-583332b1e3c2|rpc:10.1.0.82:45945|dataStream:|priority:1, 3b795d5a-b002-4e0e-8d87-bd187dac4e43|rpc:10.1.0.82:39307|dataStream:|priority:0], old=null
2022-01-21 22:42:25,637 [grpc-default-executor-2] INFO  server.RaftServer$Division (RaftServerImpl.java:requestVote(1046)) - 33960171-3598-4c9a-8f0c-3d16f1502dba@group-B1D18A7504CD: receive requestVote(ELECTION, 3b795d5a-b002-4e0e-8d87-bd187dac4e43, group-B1D18A7504CD, 4, (t:0, i:0))
2022-01-21 22:42:25,637 [grpc-default-executor-2] INFO  impl.VoteContext (VoteContext.java:log(48)) - 33960171-3598-4c9a-8f0c-3d16f1502dba@group-B1D18A7504CD-FOLLOWER: accept ELECTION from 3b795d5a-b002-4e0e-8d87-bd187dac4e43: our priority 0 <= candidate's priority 0
2022-01-21 22:42:25,637 [grpc-default-executor-2] INFO  server.RaftServer$Division (RaftServerImpl.java:setRole(290)) - 33960171-3598-4c9a-8f0c-3d16f1502dba@group-B1D18A7504CD: changes role from  FOLLOWER to FOLLOWER at term 4 for candidate:3b795d5a-b002-4e0e-8d87-bd187dac4e43
2022-01-21 22:42:25,637 [grpc-default-executor-2] INFO  impl.RoleInfo (RoleInfo.java:shutdownFollowerState(108)) - 33960171-3598-4c9a-8f0c-3d16f1502dba: shutdown 33960171-3598-4c9a-8f0c-3d16f1502dba@group-B1D18A7504CD-FollowerState
2022-01-21 22:42:25,637 [grpc-default-executor-2] INFO  impl.RoleInfo (RoleInfo.java:updateAndGet(130)) - 33960171-3598-4c9a-8f0c-3d16f1502dba: start 33960171-3598-4c9a-8f0c-3d16f1502dba@group-B1D18A7504CD-FollowerState
2022-01-21 22:42:25,638 [33960171-3598-4c9a-8f0c-3d16f1502dba@group-B1D18A7504CD-FollowerState] INFO  impl.FollowerState (FollowerState.java:run(143)) - 33960171-3598-4c9a-8f0c-3d16f1502dba@group-B1D18A7504CD-FollowerState was interrupted: {}
java.lang.InterruptedException: sleep interrupted
	at java.lang.Thread.sleep(Native Method)
	at java.lang.Thread.sleep(Thread.java:340)
	at java.util.concurrent.TimeUnit.sleep(TimeUnit.java:386)
	at org.apache.ratis.util.TimeDuration.sleep(TimeDuration.java:324)
	at org.apache.ratis.util.TimeDuration.sleep(TimeDuration.java:309)
	at org.apache.ratis.server.impl.FollowerState.run(FollowerState.java:118)
2022-01-21 22:42:25,639 [grpc-default-executor-2] INFO  server.RaftServer$Division (RaftServerImpl.java:requestVote(1078)) - 33960171-3598-4c9a-8f0c-3d16f1502dba@group-B1D18A7504CD replies to ELECTION vote request: 3b795d5a-b002-4e0e-8d87-bd187dac4e43<-33960171-3598-4c9a-8f0c-3d16f1502dba#0:OK-t4. Peer's state: 33960171-3598-4c9a-8f0c-3d16f1502dba@group-B1D18A7504CD:t4, leader=null, voted=3b795d5a-b002-4e0e-8d87-bd187dac4e43, raftlog=33960171-3598-4c9a-8f0c-3d16f1502dba@group-B1D18A7504CD-SegmentedRaftLog:OPENED:c-1, conf=-1: [33960171-3598-4c9a-8f0c-3d16f1502dba|rpc:10.1.0.82:44949|priority:0, 85f03e38-9c25-442e-a296-583332b1e3c2|rpc:10.1.0.82:45945|priority:1, 3b795d5a-b002-4e0e-8d87-bd187dac4e43|rpc:10.1.0.82:39307|priority:0], old=null
2022-01-21 22:42:25,652 [grpc-default-executor-2] INFO  server.RaftServer$Division (RaftServerImpl.java:requestVote(1046)) - 85f03e38-9c25-442e-a296-583332b1e3c2@group-B1D18A7504CD: receive requestVote(ELECTION, 3b795d5a-b002-4e0e-8d87-bd187dac4e43, group-B1D18A7504CD, 4, (t:0, i:0))
2022-01-21 22:42:25,652 [grpc-default-executor-2] INFO  impl.VoteContext (VoteContext.java:log(48)) - 85f03e38-9c25-442e-a296-583332b1e3c2@group-B1D18A7504CD-FOLLOWER: reject ELECTION from 3b795d5a-b002-4e0e-8d87-bd187dac4e43: our priority 1 > candidate's priority 0
2022-01-21 22:42:25,652 [grpc-default-executor-2] INFO  server.RaftServer$Division (RaftServerImpl.java:setRole(290)) - 85f03e38-9c25-442e-a296-583332b1e3c2@group-B1D18A7504CD: changes role from  FOLLOWER to FOLLOWER at term 4 for candidate:3b795d5a-b002-4e0e-8d87-bd187dac4e43
2022-01-21 22:42:25,652 [grpc-default-executor-2] INFO  impl.RoleInfo (RoleInfo.java:shutdownFollowerState(108)) - 85f03e38-9c25-442e-a296-583332b1e3c2: shutdown 85f03e38-9c25-442e-a296-583332b1e3c2@group-B1D18A7504CD-FollowerState
2022-01-21 22:42:25,652 [grpc-default-executor-2] INFO  impl.RoleInfo (RoleInfo.java:updateAndGet(130)) - 85f03e38-9c25-442e-a296-583332b1e3c2: start 85f03e38-9c25-442e-a296-583332b1e3c2@group-B1D18A7504CD-FollowerState
2022-01-21 22:42:25,652 [85f03e38-9c25-442e-a296-583332b1e3c2@group-B1D18A7504CD-FollowerState] INFO  impl.FollowerState (FollowerState.java:run(143)) - 85f03e38-9c25-442e-a296-583332b1e3c2@group-B1D18A7504CD-FollowerState was interrupted: {}
java.lang.InterruptedException: sleep interrupted
	at java.lang.Thread.sleep(Native Method)
	at java.lang.Thread.sleep(Thread.java:340)
	at java.util.concurrent.TimeUnit.sleep(TimeUnit.java:386)
	at org.apache.ratis.util.TimeDuration.sleep(TimeDuration.java:324)
	at org.apache.ratis.util.TimeDuration.sleep(TimeDuration.java:309)
	at org.apache.ratis.server.impl.FollowerState.run(FollowerState.java:118)
2022-01-21 22:42:25,659 [grpc-default-executor-2] INFO  server.RaftServer$Division (RaftServerImpl.java:requestVote(1078)) - 85f03e38-9c25-442e-a296-583332b1e3c2@group-B1D18A7504CD replies to ELECTION vote request: 3b795d5a-b002-4e0e-8d87-bd187dac4e43<-85f03e38-9c25-442e-a296-583332b1e3c2#0:FAIL-t4. Peer's state: 85f03e38-9c25-442e-a296-583332b1e3c2@group-B1D18A7504CD:t4, leader=null, voted=null, raftlog=85f03e38-9c25-442e-a296-583332b1e3c2@group-B1D18A7504CD-SegmentedRaftLog:OPENED:c-1, conf=-1: [33960171-3598-4c9a-8f0c-3d16f1502dba|rpc:10.1.0.82:44949|dataStream:|priority:0, 85f03e38-9c25-442e-a296-583332b1e3c2|rpc:10.1.0.82:45945|dataStream:|priority:1, 3b795d5a-b002-4e0e-8d87-bd187dac4e43|rpc:10.1.0.82:39307|dataStream:|priority:0], old=null
2022-01-21 22:42:25,660 [3b795d5a-b002-4e0e-8d87-bd187dac4e43@group-B1D18A7504CD-LeaderElection24] INFO  impl.LeaderElection (LeaderElection.java:logAndReturn(89)) - 3b795d5a-b002-4e0e-8d87-bd187dac4e43@group-B1D18A7504CD-LeaderElection24: ELECTION REJECTED received 2 response(s) and 0 exception(s):
2022-01-21 22:42:25,660 [3b795d5a-b002-4e0e-8d87-bd187dac4e43@group-B1D18A7504CD-LeaderElection24] INFO  impl.LeaderElection (LeaderElection.java:logAndReturn(93)) -   Response 0: 3b795d5a-b002-4e0e-8d87-bd187dac4e43<-33960171-3598-4c9a-8f0c-3d16f1502dba#0:OK-t4
2022-01-21 22:42:25,660 [3b795d5a-b002-4e0e-8d87-bd187dac4e43@group-B1D18A7504CD-LeaderElection24] INFO  impl.LeaderElection (LeaderElection.java:logAndReturn(93)) -   Response 1: 3b795d5a-b002-4e0e-8d87-bd187dac4e43<-85f03e38-9c25-442e-a296-583332b1e3c2#0:FAIL-t4
2022-01-21 22:42:25,660 [3b795d5a-b002-4e0e-8d87-bd187dac4e43@group-B1D18A7504CD-LeaderElection24] INFO  impl.LeaderElection (LeaderElection.java:askForVotes(308)) - 3b795d5a-b002-4e0e-8d87-bd187dac4e43@group-B1D18A7504CD-LeaderElection24 ELECTION round 0: result REJECTED
2022-01-21 22:42:25,661 [3b795d5a-b002-4e0e-8d87-bd187dac4e43@group-B1D18A7504CD-LeaderElection24] INFO  server.RaftServer$Division (RaftServerImpl.java:setRole(290)) - 3b795d5a-b002-4e0e-8d87-bd187dac4e43@group-B1D18A7504CD: changes role from CANDIDATE to FOLLOWER at term 4 for REJECTED
2022-01-21 22:42:25,661 [3b795d5a-b002-4e0e-8d87-bd187dac4e43@group-B1D18A7504CD-LeaderElection24] INFO  impl.RoleInfo (RoleInfo.java:shutdownLeaderElection(121)) - 3b795d5a-b002-4e0e-8d87-bd187dac4e43: shutdown 3b795d5a-b002-4e0e-8d87-bd187dac4e43@group-B1D18A7504CD-LeaderElection24
2022-01-21 22:42:25,661 [3b795d5a-b002-4e0e-8d87-bd187dac4e43@group-B1D18A7504CD-LeaderElection24] INFO  impl.RoleInfo (RoleInfo.java:updateAndGet(130)) - 3b795d5a-b002-4e0e-8d87-bd187dac4e43: start 3b795d5a-b002-4e0e-8d87-bd187dac4e43@group-B1D18A7504CD-FollowerState
2022-01-21 22:42:25,692 [Listener at 127.0.0.1/33563] INFO  ozone.MiniOzoneClusterImpl (MiniOzoneClusterImpl.java:lambda$waitForClusterToBeReady$0(219)) - Nodes are ready. Got 3 of 3 DN Heartbeats.
2022-01-21 22:42:25,692 [Listener at 127.0.0.1/33563] INFO  ozone.MiniOzoneClusterImpl (MiniOzoneClusterImpl.java:lambda$waitForClusterToBeReady$0(222)) - Waiting for cluster to exit safe mode
2022-01-21 22:42:25,692 [Listener at 127.0.0.1/33563] INFO  ozone.MiniOzoneClusterImpl (MiniOzoneClusterImpl.java:lambda$waitForClusterToBeReady$0(224)) - SCM became leader
2022-01-21 22:42:26,692 [Listener at 127.0.0.1/33563] INFO  ozone.MiniOzoneClusterImpl (MiniOzoneClusterImpl.java:lambda$waitForClusterToBeReady$0(219)) - Nodes are ready. Got 3 of 3 DN Heartbeats.
2022-01-21 22:42:26,693 [Listener at 127.0.0.1/33563] INFO  ozone.MiniOzoneClusterImpl (MiniOzoneClusterImpl.java:lambda$waitForClusterToBeReady$0(222)) - Waiting for cluster to exit safe mode
2022-01-21 22:42:26,693 [Listener at 127.0.0.1/33563] INFO  ozone.MiniOzoneClusterImpl (MiniOzoneClusterImpl.java:lambda$waitForClusterToBeReady$0(224)) - SCM became leader
2022-01-21 22:42:27,693 [Listener at 127.0.0.1/33563] INFO  ozone.MiniOzoneClusterImpl (MiniOzoneClusterImpl.java:lambda$waitForClusterToBeReady$0(219)) - Nodes are ready. Got 3 of 3 DN Heartbeats.
2022-01-21 22:42:27,693 [Listener at 127.0.0.1/33563] INFO  ozone.MiniOzoneClusterImpl (MiniOzoneClusterImpl.java:lambda$waitForClusterToBeReady$0(222)) - Waiting for cluster to exit safe mode
2022-01-21 22:42:27,693 [Listener at 127.0.0.1/33563] INFO  ozone.MiniOzoneClusterImpl (MiniOzoneClusterImpl.java:lambda$waitForClusterToBeReady$0(224)) - SCM became leader
2022-01-21 22:42:28,693 [Listener at 127.0.0.1/33563] INFO  ozone.MiniOzoneClusterImpl (MiniOzoneClusterImpl.java:lambda$waitForClusterToBeReady$0(219)) - Nodes are ready. Got 3 of 3 DN Heartbeats.
2022-01-21 22:42:28,694 [Listener at 127.0.0.1/33563] INFO  ozone.MiniOzoneClusterImpl (MiniOzoneClusterImpl.java:lambda$waitForClusterToBeReady$0(222)) - Waiting for cluster to exit safe mode
2022-01-21 22:42:28,694 [Listener at 127.0.0.1/33563] INFO  ozone.MiniOzoneClusterImpl (MiniOzoneClusterImpl.java:lambda$waitForClusterToBeReady$0(224)) - SCM became leader
2022-01-21 22:42:29,694 [Listener at 127.0.0.1/33563] INFO  ozone.MiniOzoneClusterImpl (MiniOzoneClusterImpl.java:lambda$waitForClusterToBeReady$0(219)) - Nodes are ready. Got 3 of 3 DN Heartbeats.
2022-01-21 22:42:29,694 [Listener at 127.0.0.1/33563] INFO  ozone.MiniOzoneClusterImpl (MiniOzoneClusterImpl.java:lambda$waitForClusterToBeReady$0(222)) - Waiting for cluster to exit safe mode
2022-01-21 22:42:29,694 [Listener at 127.0.0.1/33563] INFO  ozone.MiniOzoneClusterImpl (MiniOzoneClusterImpl.java:lambda$waitForClusterToBeReady$0(224)) - SCM became leader
2022-01-21 22:42:30,694 [Listener at 127.0.0.1/33563] INFO  ozone.MiniOzoneClusterImpl (MiniOzoneClusterImpl.java:lambda$waitForClusterToBeReady$0(219)) - Nodes are ready. Got 3 of 3 DN Heartbeats.
2022-01-21 22:42:30,694 [Listener at 127.0.0.1/33563] INFO  ozone.MiniOzoneClusterImpl (MiniOzoneClusterImpl.java:lambda$waitForClusterToBeReady$0(222)) - Waiting for cluster to exit safe mode
2022-01-21 22:42:30,694 [Listener at 127.0.0.1/33563] INFO  ozone.MiniOzoneClusterImpl (MiniOzoneClusterImpl.java:lambda$waitForClusterToBeReady$0(224)) - SCM became leader
2022-01-21 22:42:30,797 [85f03e38-9c25-442e-a296-583332b1e3c2@group-B1D18A7504CD-FollowerState] INFO  impl.FollowerState (FollowerState.java:run(134)) - 85f03e38-9c25-442e-a296-583332b1e3c2@group-B1D18A7504CD-FollowerState: change to CANDIDATE, lastRpcElapsedTime:5145005171ns, electionTimeout:5137ms
2022-01-21 22:42:30,797 [85f03e38-9c25-442e-a296-583332b1e3c2@group-B1D18A7504CD-FollowerState] INFO  impl.RoleInfo (RoleInfo.java:shutdownFollowerState(108)) - 85f03e38-9c25-442e-a296-583332b1e3c2: shutdown 85f03e38-9c25-442e-a296-583332b1e3c2@group-B1D18A7504CD-FollowerState
2022-01-21 22:42:30,797 [85f03e38-9c25-442e-a296-583332b1e3c2@group-B1D18A7504CD-FollowerState] INFO  server.RaftServer$Division (RaftServerImpl.java:setRole(290)) - 85f03e38-9c25-442e-a296-583332b1e3c2@group-B1D18A7504CD: changes role from  FOLLOWER to CANDIDATE at term 4 for changeToCandidate
2022-01-21 22:42:30,797 [85f03e38-9c25-442e-a296-583332b1e3c2@group-B1D18A7504CD-FollowerState] INFO  server.RaftServerConfigKeys (ConfUtils.java:logGet(44)) - raft.server.leaderelection.pre-vote = false (custom)
2022-01-21 22:42:30,797 [85f03e38-9c25-442e-a296-583332b1e3c2@group-B1D18A7504CD-FollowerState] INFO  impl.RoleInfo (RoleInfo.java:updateAndGet(130)) - 85f03e38-9c25-442e-a296-583332b1e3c2: start 85f03e38-9c25-442e-a296-583332b1e3c2@group-B1D18A7504CD-LeaderElection25
2022-01-21 22:42:30,800 [3b795d5a-b002-4e0e-8d87-bd187dac4e43@group-B1D18A7504CD-FollowerState] INFO  impl.FollowerState (FollowerState.java:run(134)) - 3b795d5a-b002-4e0e-8d87-bd187dac4e43@group-B1D18A7504CD-FollowerState: change to CANDIDATE, lastRpcElapsedTime:5139808666ns, electionTimeout:5125ms
2022-01-21 22:42:30,802 [3b795d5a-b002-4e0e-8d87-bd187dac4e43@group-B1D18A7504CD-FollowerState] INFO  impl.RoleInfo (RoleInfo.java:shutdownFollowerState(108)) - 3b795d5a-b002-4e0e-8d87-bd187dac4e43: shutdown 3b795d5a-b002-4e0e-8d87-bd187dac4e43@group-B1D18A7504CD-FollowerState
2022-01-21 22:42:30,802 [3b795d5a-b002-4e0e-8d87-bd187dac4e43@group-B1D18A7504CD-FollowerState] INFO  server.RaftServer$Division (RaftServerImpl.java:setRole(290)) - 3b795d5a-b002-4e0e-8d87-bd187dac4e43@group-B1D18A7504CD: changes role from  FOLLOWER to CANDIDATE at term 4 for changeToCandidate
2022-01-21 22:42:30,802 [3b795d5a-b002-4e0e-8d87-bd187dac4e43@group-B1D18A7504CD-FollowerState] INFO  server.RaftServerConfigKeys (ConfUtils.java:logGet(44)) - raft.server.leaderelection.pre-vote = false (custom)
2022-01-21 22:42:30,802 [3b795d5a-b002-4e0e-8d87-bd187dac4e43@group-B1D18A7504CD-FollowerState] INFO  impl.RoleInfo (RoleInfo.java:updateAndGet(130)) - 3b795d5a-b002-4e0e-8d87-bd187dac4e43: start 3b795d5a-b002-4e0e-8d87-bd187dac4e43@group-B1D18A7504CD-LeaderElection26
2022-01-21 22:42:30,809 [3b795d5a-b002-4e0e-8d87-bd187dac4e43@group-B1D18A7504CD-LeaderElection26] INFO  impl.LeaderElection (LeaderElection.java:askForVotes(306)) - 3b795d5a-b002-4e0e-8d87-bd187dac4e43@group-B1D18A7504CD-LeaderElection26 ELECTION round 0: submit vote requests at term 5 for -1: [33960171-3598-4c9a-8f0c-3d16f1502dba|rpc:10.1.0.82:44949|dataStream:|priority:0, 85f03e38-9c25-442e-a296-583332b1e3c2|rpc:10.1.0.82:45945|dataStream:|priority:1, 3b795d5a-b002-4e0e-8d87-bd187dac4e43|rpc:10.1.0.82:39307|dataStream:|priority:0], old=null
2022-01-21 22:42:30,809 [85f03e38-9c25-442e-a296-583332b1e3c2@group-B1D18A7504CD-LeaderElection25] INFO  impl.LeaderElection (LeaderElection.java:askForVotes(306)) - 85f03e38-9c25-442e-a296-583332b1e3c2@group-B1D18A7504CD-LeaderElection25 ELECTION round 0: submit vote requests at term 5 for -1: [33960171-3598-4c9a-8f0c-3d16f1502dba|rpc:10.1.0.82:44949|dataStream:|priority:0, 85f03e38-9c25-442e-a296-583332b1e3c2|rpc:10.1.0.82:45945|dataStream:|priority:1, 3b795d5a-b002-4e0e-8d87-bd187dac4e43|rpc:10.1.0.82:39307|dataStream:|priority:0], old=null
2022-01-21 22:42:30,830 [grpc-default-executor-2] INFO  server.RaftServer$Division (RaftServerImpl.java:requestVote(1046)) - 33960171-3598-4c9a-8f0c-3d16f1502dba@group-B1D18A7504CD: receive requestVote(ELECTION, 3b795d5a-b002-4e0e-8d87-bd187dac4e43, group-B1D18A7504CD, 5, (t:0, i:0))
2022-01-21 22:42:30,830 [grpc-default-executor-2] INFO  impl.VoteContext (VoteContext.java:log(48)) - 33960171-3598-4c9a-8f0c-3d16f1502dba@group-B1D18A7504CD-FOLLOWER: accept ELECTION from 3b795d5a-b002-4e0e-8d87-bd187dac4e43: our priority 0 <= candidate's priority 0
2022-01-21 22:42:30,830 [grpc-default-executor-2] INFO  server.RaftServer$Division (RaftServerImpl.java:setRole(290)) - 33960171-3598-4c9a-8f0c-3d16f1502dba@group-B1D18A7504CD: changes role from  FOLLOWER to FOLLOWER at term 5 for candidate:3b795d5a-b002-4e0e-8d87-bd187dac4e43
2022-01-21 22:42:30,830 [grpc-default-executor-2] INFO  impl.RoleInfo (RoleInfo.java:shutdownFollowerState(108)) - 33960171-3598-4c9a-8f0c-3d16f1502dba: shutdown 33960171-3598-4c9a-8f0c-3d16f1502dba@group-B1D18A7504CD-FollowerState
2022-01-21 22:42:30,830 [grpc-default-executor-2] INFO  impl.RoleInfo (RoleInfo.java:updateAndGet(130)) - 33960171-3598-4c9a-8f0c-3d16f1502dba: start 33960171-3598-4c9a-8f0c-3d16f1502dba@group-B1D18A7504CD-FollowerState
2022-01-21 22:42:30,831 [33960171-3598-4c9a-8f0c-3d16f1502dba@group-B1D18A7504CD-FollowerState] INFO  impl.FollowerState (FollowerState.java:run(143)) - 33960171-3598-4c9a-8f0c-3d16f1502dba@group-B1D18A7504CD-FollowerState was interrupted: {}
java.lang.InterruptedException: sleep interrupted
	at java.lang.Thread.sleep(Native Method)
	at java.lang.Thread.sleep(Thread.java:340)
	at java.util.concurrent.TimeUnit.sleep(TimeUnit.java:386)
	at org.apache.ratis.util.TimeDuration.sleep(TimeDuration.java:324)
	at org.apache.ratis.util.TimeDuration.sleep(TimeDuration.java:309)
	at org.apache.ratis.server.impl.FollowerState.run(FollowerState.java:118)
2022-01-21 22:42:30,836 [grpc-default-executor-2] INFO  server.RaftServer$Division (RaftServerImpl.java:requestVote(1078)) - 33960171-3598-4c9a-8f0c-3d16f1502dba@group-B1D18A7504CD replies to ELECTION vote request: 3b795d5a-b002-4e0e-8d87-bd187dac4e43<-33960171-3598-4c9a-8f0c-3d16f1502dba#0:OK-t5. Peer's state: 33960171-3598-4c9a-8f0c-3d16f1502dba@group-B1D18A7504CD:t5, leader=null, voted=3b795d5a-b002-4e0e-8d87-bd187dac4e43, raftlog=33960171-3598-4c9a-8f0c-3d16f1502dba@group-B1D18A7504CD-SegmentedRaftLog:OPENED:c-1, conf=-1: [33960171-3598-4c9a-8f0c-3d16f1502dba|rpc:10.1.0.82:44949|priority:0, 85f03e38-9c25-442e-a296-583332b1e3c2|rpc:10.1.0.82:45945|priority:1, 3b795d5a-b002-4e0e-8d87-bd187dac4e43|rpc:10.1.0.82:39307|priority:0], old=null
2022-01-21 22:42:30,843 [grpc-default-executor-1] INFO  server.RaftServer$Division (RaftServerImpl.java:requestVote(1046)) - 3b795d5a-b002-4e0e-8d87-bd187dac4e43@group-B1D18A7504CD: receive requestVote(ELECTION, 85f03e38-9c25-442e-a296-583332b1e3c2, group-B1D18A7504CD, 5, (t:0, i:0))
2022-01-21 22:42:30,844 [grpc-default-executor-4] INFO  server.RaftServer$Division (RaftServerImpl.java:requestVote(1046)) - 85f03e38-9c25-442e-a296-583332b1e3c2@group-B1D18A7504CD: receive requestVote(ELECTION, 3b795d5a-b002-4e0e-8d87-bd187dac4e43, group-B1D18A7504CD, 5, (t:0, i:0))
2022-01-21 22:42:30,844 [grpc-default-executor-1] INFO  impl.VoteContext (VoteContext.java:log(48)) - 3b795d5a-b002-4e0e-8d87-bd187dac4e43@group-B1D18A7504CD-CANDIDATE: reject ELECTION from 85f03e38-9c25-442e-a296-583332b1e3c2: already has voted for 3b795d5a-b002-4e0e-8d87-bd187dac4e43 at current term 5
2022-01-21 22:42:30,844 [grpc-default-executor-4] INFO  impl.VoteContext (VoteContext.java:log(48)) - 85f03e38-9c25-442e-a296-583332b1e3c2@group-B1D18A7504CD-CANDIDATE: reject ELECTION from 3b795d5a-b002-4e0e-8d87-bd187dac4e43: already has voted for 85f03e38-9c25-442e-a296-583332b1e3c2 at current term 5
2022-01-21 22:42:30,844 [grpc-default-executor-1] INFO  server.RaftServer$Division (RaftServerImpl.java:requestVote(1078)) - 3b795d5a-b002-4e0e-8d87-bd187dac4e43@group-B1D18A7504CD replies to ELECTION vote request: 85f03e38-9c25-442e-a296-583332b1e3c2<-3b795d5a-b002-4e0e-8d87-bd187dac4e43#0:FAIL-t5. Peer's state: 3b795d5a-b002-4e0e-8d87-bd187dac4e43@group-B1D18A7504CD:t5, leader=null, voted=3b795d5a-b002-4e0e-8d87-bd187dac4e43, raftlog=3b795d5a-b002-4e0e-8d87-bd187dac4e43@group-B1D18A7504CD-SegmentedRaftLog:OPENED:c-1, conf=-1: [33960171-3598-4c9a-8f0c-3d16f1502dba|rpc:10.1.0.82:44949|dataStream:|priority:0, 85f03e38-9c25-442e-a296-583332b1e3c2|rpc:10.1.0.82:45945|dataStream:|priority:1, 3b795d5a-b002-4e0e-8d87-bd187dac4e43|rpc:10.1.0.82:39307|dataStream:|priority:0], old=null
2022-01-21 22:42:30,844 [grpc-default-executor-4] INFO  server.RaftServer$Division (RaftServerImpl.java:requestVote(1078)) - 85f03e38-9c25-442e-a296-583332b1e3c2@group-B1D18A7504CD replies to ELECTION vote request: 3b795d5a-b002-4e0e-8d87-bd187dac4e43<-85f03e38-9c25-442e-a296-583332b1e3c2#0:FAIL-t5. Peer's state: 85f03e38-9c25-442e-a296-583332b1e3c2@group-B1D18A7504CD:t5, leader=null, voted=85f03e38-9c25-442e-a296-583332b1e3c2, raftlog=85f03e38-9c25-442e-a296-583332b1e3c2@group-B1D18A7504CD-SegmentedRaftLog:OPENED:c-1, conf=-1: [33960171-3598-4c9a-8f0c-3d16f1502dba|rpc:10.1.0.82:44949|dataStream:|priority:0, 85f03e38-9c25-442e-a296-583332b1e3c2|rpc:10.1.0.82:45945|dataStream:|priority:1, 3b795d5a-b002-4e0e-8d87-bd187dac4e43|rpc:10.1.0.82:39307|dataStream:|priority:0], old=null
2022-01-21 22:42:30,852 [3b795d5a-b002-4e0e-8d87-bd187dac4e43@group-B1D18A7504CD-LeaderElection26] INFO  impl.LeaderElection (LeaderElection.java:logAndReturn(89)) - 3b795d5a-b002-4e0e-8d87-bd187dac4e43@group-B1D18A7504CD-LeaderElection26: ELECTION REJECTED received 2 response(s) and 0 exception(s):
2022-01-21 22:42:30,852 [3b795d5a-b002-4e0e-8d87-bd187dac4e43@group-B1D18A7504CD-LeaderElection26] INFO  impl.LeaderElection (LeaderElection.java:logAndReturn(93)) -   Response 0: 3b795d5a-b002-4e0e-8d87-bd187dac4e43<-33960171-3598-4c9a-8f0c-3d16f1502dba#0:OK-t5
2022-01-21 22:42:30,852 [3b795d5a-b002-4e0e-8d87-bd187dac4e43@group-B1D18A7504CD-LeaderElection26] INFO  impl.LeaderElection (LeaderElection.java:logAndReturn(93)) -   Response 1: 3b795d5a-b002-4e0e-8d87-bd187dac4e43<-85f03e38-9c25-442e-a296-583332b1e3c2#0:FAIL-t5
2022-01-21 22:42:30,852 [3b795d5a-b002-4e0e-8d87-bd187dac4e43@group-B1D18A7504CD-LeaderElection26] INFO  impl.LeaderElection (LeaderElection.java:askForVotes(308)) - 3b795d5a-b002-4e0e-8d87-bd187dac4e43@group-B1D18A7504CD-LeaderElection26 ELECTION round 0: result REJECTED
2022-01-21 22:42:30,852 [3b795d5a-b002-4e0e-8d87-bd187dac4e43@group-B1D18A7504CD-LeaderElection26] INFO  server.RaftServer$Division (RaftServerImpl.java:setRole(290)) - 3b795d5a-b002-4e0e-8d87-bd187dac4e43@group-B1D18A7504CD: changes role from CANDIDATE to FOLLOWER at term 5 for REJECTED
2022-01-21 22:42:30,852 [3b795d5a-b002-4e0e-8d87-bd187dac4e43@group-B1D18A7504CD-LeaderElection26] INFO  impl.RoleInfo (RoleInfo.java:shutdownLeaderElection(121)) - 3b795d5a-b002-4e0e-8d87-bd187dac4e43: shutdown 3b795d5a-b002-4e0e-8d87-bd187dac4e43@group-B1D18A7504CD-LeaderElection26
2022-01-21 22:42:30,852 [3b795d5a-b002-4e0e-8d87-bd187dac4e43@group-B1D18A7504CD-LeaderElection26] INFO  impl.RoleInfo (RoleInfo.java:updateAndGet(130)) - 3b795d5a-b002-4e0e-8d87-bd187dac4e43: start 3b795d5a-b002-4e0e-8d87-bd187dac4e43@group-B1D18A7504CD-FollowerState
2022-01-21 22:42:30,857 [grpc-default-executor-5] INFO  server.RaftServer$Division (RaftServerImpl.java:requestVote(1046)) - 33960171-3598-4c9a-8f0c-3d16f1502dba@group-B1D18A7504CD: receive requestVote(ELECTION, 85f03e38-9c25-442e-a296-583332b1e3c2, group-B1D18A7504CD, 5, (t:0, i:0))
2022-01-21 22:42:30,857 [grpc-default-executor-5] INFO  impl.VoteContext (VoteContext.java:log(48)) - 33960171-3598-4c9a-8f0c-3d16f1502dba@group-B1D18A7504CD-FOLLOWER: reject ELECTION from 85f03e38-9c25-442e-a296-583332b1e3c2: already has voted for 3b795d5a-b002-4e0e-8d87-bd187dac4e43 at current term 5
2022-01-21 22:42:30,857 [grpc-default-executor-5] INFO  server.RaftServer$Division (RaftServerImpl.java:requestVote(1078)) - 33960171-3598-4c9a-8f0c-3d16f1502dba@group-B1D18A7504CD replies to ELECTION vote request: 85f03e38-9c25-442e-a296-583332b1e3c2<-33960171-3598-4c9a-8f0c-3d16f1502dba#0:FAIL-t5. Peer's state: 33960171-3598-4c9a-8f0c-3d16f1502dba@group-B1D18A7504CD:t5, leader=null, voted=3b795d5a-b002-4e0e-8d87-bd187dac4e43, raftlog=33960171-3598-4c9a-8f0c-3d16f1502dba@group-B1D18A7504CD-SegmentedRaftLog:OPENED:c-1, conf=-1: [33960171-3598-4c9a-8f0c-3d16f1502dba|rpc:10.1.0.82:44949|priority:0, 85f03e38-9c25-442e-a296-583332b1e3c2|rpc:10.1.0.82:45945|priority:1, 3b795d5a-b002-4e0e-8d87-bd187dac4e43|rpc:10.1.0.82:39307|priority:0], old=null
2022-01-21 22:42:30,861 [85f03e38-9c25-442e-a296-583332b1e3c2@group-B1D18A7504CD-LeaderElection25] INFO  impl.LeaderElection (LeaderElection.java:logAndReturn(89)) - 85f03e38-9c25-442e-a296-583332b1e3c2@group-B1D18A7504CD-LeaderElection25: ELECTION REJECTED received 2 response(s) and 0 exception(s):
2022-01-21 22:42:30,861 [85f03e38-9c25-442e-a296-583332b1e3c2@group-B1D18A7504CD-LeaderElection25] INFO  impl.LeaderElection (LeaderElection.java:logAndReturn(93)) -   Response 0: 85f03e38-9c25-442e-a296-583332b1e3c2<-33960171-3598-4c9a-8f0c-3d16f1502dba#0:FAIL-t5
2022-01-21 22:42:30,861 [85f03e38-9c25-442e-a296-583332b1e3c2@group-B1D18A7504CD-LeaderElection25] INFO  impl.LeaderElection (LeaderElection.java:logAndReturn(93)) -   Response 1: 85f03e38-9c25-442e-a296-583332b1e3c2<-3b795d5a-b002-4e0e-8d87-bd187dac4e43#0:FAIL-t5
2022-01-21 22:42:30,861 [85f03e38-9c25-442e-a296-583332b1e3c2@group-B1D18A7504CD-LeaderElection25] INFO  impl.LeaderElection (LeaderElection.java:askForVotes(308)) - 85f03e38-9c25-442e-a296-583332b1e3c2@group-B1D18A7504CD-LeaderElection25 ELECTION round 0: result REJECTED
2022-01-21 22:42:30,861 [85f03e38-9c25-442e-a296-583332b1e3c2@group-B1D18A7504CD-LeaderElection25] INFO  server.RaftServer$Division (RaftServerImpl.java:setRole(290)) - 85f03e38-9c25-442e-a296-583332b1e3c2@group-B1D18A7504CD: changes role from CANDIDATE to FOLLOWER at term 5 for REJECTED
2022-01-21 22:42:30,861 [85f03e38-9c25-442e-a296-583332b1e3c2@group-B1D18A7504CD-LeaderElection25] INFO  impl.RoleInfo (RoleInfo.java:shutdownLeaderElection(121)) - 85f03e38-9c25-442e-a296-583332b1e3c2: shutdown 85f03e38-9c25-442e-a296-583332b1e3c2@group-B1D18A7504CD-LeaderElection25
2022-01-21 22:42:30,861 [85f03e38-9c25-442e-a296-583332b1e3c2@group-B1D18A7504CD-LeaderElection25] INFO  impl.RoleInfo (RoleInfo.java:updateAndGet(130)) - 85f03e38-9c25-442e-a296-583332b1e3c2: start 85f03e38-9c25-442e-a296-583332b1e3c2@group-B1D18A7504CD-FollowerState
2022-01-21 22:42:31,695 [Listener at 127.0.0.1/33563] INFO  ozone.MiniOzoneClusterImpl (MiniOzoneClusterImpl.java:lambda$waitForClusterToBeReady$0(219)) - Nodes are ready. Got 3 of 3 DN Heartbeats.
2022-01-21 22:42:31,695 [Listener at 127.0.0.1/33563] INFO  ozone.MiniOzoneClusterImpl (MiniOzoneClusterImpl.java:lambda$waitForClusterToBeReady$0(222)) - Waiting for cluster to exit safe mode
2022-01-21 22:42:31,695 [Listener at 127.0.0.1/33563] INFO  ozone.MiniOzoneClusterImpl (MiniOzoneClusterImpl.java:lambda$waitForClusterToBeReady$0(224)) - SCM became leader
2022-01-21 22:42:32,695 [Listener at 127.0.0.1/33563] INFO  ozone.MiniOzoneClusterImpl (MiniOzoneClusterImpl.java:lambda$waitForClusterToBeReady$0(219)) - Nodes are ready. Got 3 of 3 DN Heartbeats.
2022-01-21 22:42:32,695 [Listener at 127.0.0.1/33563] INFO  ozone.MiniOzoneClusterImpl (MiniOzoneClusterImpl.java:lambda$waitForClusterToBeReady$0(222)) - Waiting for cluster to exit safe mode
2022-01-21 22:42:32,695 [Listener at 127.0.0.1/33563] INFO  ozone.MiniOzoneClusterImpl (MiniOzoneClusterImpl.java:lambda$waitForClusterToBeReady$0(224)) - SCM became leader
2022-01-21 22:42:33,696 [Listener at 127.0.0.1/33563] INFO  ozone.MiniOzoneClusterImpl (MiniOzoneClusterImpl.java:lambda$waitForClusterToBeReady$0(219)) - Nodes are ready. Got 3 of 3 DN Heartbeats.
2022-01-21 22:42:33,696 [Listener at 127.0.0.1/33563] INFO  ozone.MiniOzoneClusterImpl (MiniOzoneClusterImpl.java:lambda$waitForClusterToBeReady$0(222)) - Waiting for cluster to exit safe mode
2022-01-21 22:42:33,696 [Listener at 127.0.0.1/33563] INFO  ozone.MiniOzoneClusterImpl (MiniOzoneClusterImpl.java:lambda$waitForClusterToBeReady$0(224)) - SCM became leader
2022-01-21 22:42:34,697 [Listener at 127.0.0.1/33563] INFO  ozone.MiniOzoneClusterImpl (MiniOzoneClusterImpl.java:lambda$waitForClusterToBeReady$0(219)) - Nodes are ready. Got 3 of 3 DN Heartbeats.
2022-01-21 22:42:34,697 [Listener at 127.0.0.1/33563] INFO  ozone.MiniOzoneClusterImpl (MiniOzoneClusterImpl.java:lambda$waitForClusterToBeReady$0(222)) - Waiting for cluster to exit safe mode
2022-01-21 22:42:34,697 [Listener at 127.0.0.1/33563] INFO  ozone.MiniOzoneClusterImpl (MiniOzoneClusterImpl.java:lambda$waitForClusterToBeReady$0(224)) - SCM became leader
2022-01-21 22:42:35,697 [Listener at 127.0.0.1/33563] INFO  ozone.MiniOzoneClusterImpl (MiniOzoneClusterImpl.java:lambda$waitForClusterToBeReady$0(219)) - Nodes are ready. Got 3 of 3 DN Heartbeats.
2022-01-21 22:42:35,698 [Listener at 127.0.0.1/33563] INFO  ozone.MiniOzoneClusterImpl (MiniOzoneClusterImpl.java:lambda$waitForClusterToBeReady$0(222)) - Waiting for cluster to exit safe mode
2022-01-21 22:42:35,698 [Listener at 127.0.0.1/33563] INFO  ozone.MiniOzoneClusterImpl (MiniOzoneClusterImpl.java:lambda$waitForClusterToBeReady$0(224)) - SCM became leader
2022-01-21 22:42:35,929 [3b795d5a-b002-4e0e-8d87-bd187dac4e43@group-B1D18A7504CD-FollowerState] INFO  impl.FollowerState (FollowerState.java:run(134)) - 3b795d5a-b002-4e0e-8d87-bd187dac4e43@group-B1D18A7504CD-FollowerState: change to CANDIDATE, lastRpcElapsedTime:5076374729ns, electionTimeout:5072ms
2022-01-21 22:42:35,929 [3b795d5a-b002-4e0e-8d87-bd187dac4e43@group-B1D18A7504CD-FollowerState] INFO  impl.RoleInfo (RoleInfo.java:shutdownFollowerState(108)) - 3b795d5a-b002-4e0e-8d87-bd187dac4e43: shutdown 3b795d5a-b002-4e0e-8d87-bd187dac4e43@group-B1D18A7504CD-FollowerState
2022-01-21 22:42:35,929 [3b795d5a-b002-4e0e-8d87-bd187dac4e43@group-B1D18A7504CD-FollowerState] INFO  server.RaftServer$Division (RaftServerImpl.java:setRole(290)) - 3b795d5a-b002-4e0e-8d87-bd187dac4e43@group-B1D18A7504CD: changes role from  FOLLOWER to CANDIDATE at term 5 for changeToCandidate
2022-01-21 22:42:35,929 [3b795d5a-b002-4e0e-8d87-bd187dac4e43@group-B1D18A7504CD-FollowerState] INFO  server.RaftServerConfigKeys (ConfUtils.java:logGet(44)) - raft.server.leaderelection.pre-vote = false (custom)
2022-01-21 22:42:35,929 [3b795d5a-b002-4e0e-8d87-bd187dac4e43@group-B1D18A7504CD-FollowerState] INFO  impl.RoleInfo (RoleInfo.java:updateAndGet(130)) - 3b795d5a-b002-4e0e-8d87-bd187dac4e43: start 3b795d5a-b002-4e0e-8d87-bd187dac4e43@group-B1D18A7504CD-LeaderElection27
2022-01-21 22:42:35,931 [85f03e38-9c25-442e-a296-583332b1e3c2@group-B1D18A7504CD-FollowerState] INFO  impl.FollowerState (FollowerState.java:run(134)) - 85f03e38-9c25-442e-a296-583332b1e3c2@group-B1D18A7504CD-FollowerState: change to CANDIDATE, lastRpcElapsedTime:5069677394ns, electionTimeout:5054ms
2022-01-21 22:42:35,931 [85f03e38-9c25-442e-a296-583332b1e3c2@group-B1D18A7504CD-FollowerState] INFO  impl.RoleInfo (RoleInfo.java:shutdownFollowerState(108)) - 85f03e38-9c25-442e-a296-583332b1e3c2: shutdown 85f03e38-9c25-442e-a296-583332b1e3c2@group-B1D18A7504CD-FollowerState
2022-01-21 22:42:35,931 [85f03e38-9c25-442e-a296-583332b1e3c2@group-B1D18A7504CD-FollowerState] INFO  server.RaftServer$Division (RaftServerImpl.java:setRole(290)) - 85f03e38-9c25-442e-a296-583332b1e3c2@group-B1D18A7504CD: changes role from  FOLLOWER to CANDIDATE at term 5 for changeToCandidate
2022-01-21 22:42:35,938 [85f03e38-9c25-442e-a296-583332b1e3c2@group-B1D18A7504CD-FollowerState] INFO  server.RaftServerConfigKeys (ConfUtils.java:logGet(44)) - raft.server.leaderelection.pre-vote = false (custom)
2022-01-21 22:42:35,939 [85f03e38-9c25-442e-a296-583332b1e3c2@group-B1D18A7504CD-FollowerState] INFO  impl.RoleInfo (RoleInfo.java:updateAndGet(130)) - 85f03e38-9c25-442e-a296-583332b1e3c2: start 85f03e38-9c25-442e-a296-583332b1e3c2@group-B1D18A7504CD-LeaderElection28
2022-01-21 22:42:35,945 [3b795d5a-b002-4e0e-8d87-bd187dac4e43@group-B1D18A7504CD-LeaderElection27] INFO  impl.LeaderElection (LeaderElection.java:askForVotes(306)) - 3b795d5a-b002-4e0e-8d87-bd187dac4e43@group-B1D18A7504CD-LeaderElection27 ELECTION round 0: submit vote requests at term 6 for -1: [33960171-3598-4c9a-8f0c-3d16f1502dba|rpc:10.1.0.82:44949|dataStream:|priority:0, 85f03e38-9c25-442e-a296-583332b1e3c2|rpc:10.1.0.82:45945|dataStream:|priority:1, 3b795d5a-b002-4e0e-8d87-bd187dac4e43|rpc:10.1.0.82:39307|dataStream:|priority:0], old=null
2022-01-21 22:42:35,956 [grpc-default-executor-5] INFO  server.RaftServer$Division (RaftServerImpl.java:requestVote(1046)) - 33960171-3598-4c9a-8f0c-3d16f1502dba@group-B1D18A7504CD: receive requestVote(ELECTION, 3b795d5a-b002-4e0e-8d87-bd187dac4e43, group-B1D18A7504CD, 6, (t:0, i:0))
2022-01-21 22:42:35,956 [grpc-default-executor-5] INFO  impl.VoteContext (VoteContext.java:log(48)) - 33960171-3598-4c9a-8f0c-3d16f1502dba@group-B1D18A7504CD-FOLLOWER: accept ELECTION from 3b795d5a-b002-4e0e-8d87-bd187dac4e43: our priority 0 <= candidate's priority 0
2022-01-21 22:42:35,956 [grpc-default-executor-5] INFO  server.RaftServer$Division (RaftServerImpl.java:setRole(290)) - 33960171-3598-4c9a-8f0c-3d16f1502dba@group-B1D18A7504CD: changes role from  FOLLOWER to FOLLOWER at term 6 for candidate:3b795d5a-b002-4e0e-8d87-bd187dac4e43
2022-01-21 22:42:35,956 [grpc-default-executor-5] INFO  impl.RoleInfo (RoleInfo.java:shutdownFollowerState(108)) - 33960171-3598-4c9a-8f0c-3d16f1502dba: shutdown 33960171-3598-4c9a-8f0c-3d16f1502dba@group-B1D18A7504CD-FollowerState
2022-01-21 22:42:35,956 [grpc-default-executor-5] INFO  impl.RoleInfo (RoleInfo.java:updateAndGet(130)) - 33960171-3598-4c9a-8f0c-3d16f1502dba: start 33960171-3598-4c9a-8f0c-3d16f1502dba@group-B1D18A7504CD-FollowerState
2022-01-21 22:42:35,956 [33960171-3598-4c9a-8f0c-3d16f1502dba@group-B1D18A7504CD-FollowerState] INFO  impl.FollowerState (FollowerState.java:run(143)) - 33960171-3598-4c9a-8f0c-3d16f1502dba@group-B1D18A7504CD-FollowerState was interrupted: {}
java.lang.InterruptedException: sleep interrupted
	at java.lang.Thread.sleep(Native Method)
	at java.lang.Thread.sleep(Thread.java:340)
	at java.util.concurrent.TimeUnit.sleep(TimeUnit.java:386)
	at org.apache.ratis.util.TimeDuration.sleep(TimeDuration.java:324)
	at org.apache.ratis.util.TimeDuration.sleep(TimeDuration.java:309)
	at org.apache.ratis.server.impl.FollowerState.run(FollowerState.java:118)
2022-01-21 22:42:35,960 [grpc-default-executor-5] INFO  server.RaftServer$Division (RaftServerImpl.java:requestVote(1078)) - 33960171-3598-4c9a-8f0c-3d16f1502dba@group-B1D18A7504CD replies to ELECTION vote request: 3b795d5a-b002-4e0e-8d87-bd187dac4e43<-33960171-3598-4c9a-8f0c-3d16f1502dba#0:OK-t6. Peer's state: 33960171-3598-4c9a-8f0c-3d16f1502dba@group-B1D18A7504CD:t6, leader=null, voted=3b795d5a-b002-4e0e-8d87-bd187dac4e43, raftlog=33960171-3598-4c9a-8f0c-3d16f1502dba@group-B1D18A7504CD-SegmentedRaftLog:OPENED:c-1, conf=-1: [33960171-3598-4c9a-8f0c-3d16f1502dba|rpc:10.1.0.82:44949|priority:0, 85f03e38-9c25-442e-a296-583332b1e3c2|rpc:10.1.0.82:45945|priority:1, 3b795d5a-b002-4e0e-8d87-bd187dac4e43|rpc:10.1.0.82:39307|priority:0], old=null
2022-01-21 22:42:35,971 [85f03e38-9c25-442e-a296-583332b1e3c2@group-B1D18A7504CD-LeaderElection28] INFO  impl.LeaderElection (LeaderElection.java:askForVotes(306)) - 85f03e38-9c25-442e-a296-583332b1e3c2@group-B1D18A7504CD-LeaderElection28 ELECTION round 0: submit vote requests at term 6 for -1: [33960171-3598-4c9a-8f0c-3d16f1502dba|rpc:10.1.0.82:44949|dataStream:|priority:0, 85f03e38-9c25-442e-a296-583332b1e3c2|rpc:10.1.0.82:45945|dataStream:|priority:1, 3b795d5a-b002-4e0e-8d87-bd187dac4e43|rpc:10.1.0.82:39307|dataStream:|priority:0], old=null
2022-01-21 22:42:35,996 [grpc-default-executor-5] INFO  server.RaftServer$Division (RaftServerImpl.java:requestVote(1046)) - 85f03e38-9c25-442e-a296-583332b1e3c2@group-B1D18A7504CD: receive requestVote(ELECTION, 3b795d5a-b002-4e0e-8d87-bd187dac4e43, group-B1D18A7504CD, 6, (t:0, i:0))
2022-01-21 22:42:35,997 [grpc-default-executor-5] INFO  impl.VoteContext (VoteContext.java:log(48)) - 85f03e38-9c25-442e-a296-583332b1e3c2@group-B1D18A7504CD-CANDIDATE: reject ELECTION from 3b795d5a-b002-4e0e-8d87-bd187dac4e43: already has voted for 85f03e38-9c25-442e-a296-583332b1e3c2 at current term 6
2022-01-21 22:42:35,997 [grpc-default-executor-5] INFO  server.RaftServer$Division (RaftServerImpl.java:requestVote(1078)) - 85f03e38-9c25-442e-a296-583332b1e3c2@group-B1D18A7504CD replies to ELECTION vote request: 3b795d5a-b002-4e0e-8d87-bd187dac4e43<-85f03e38-9c25-442e-a296-583332b1e3c2#0:FAIL-t6. Peer's state: 85f03e38-9c25-442e-a296-583332b1e3c2@group-B1D18A7504CD:t6, leader=null, voted=85f03e38-9c25-442e-a296-583332b1e3c2, raftlog=85f03e38-9c25-442e-a296-583332b1e3c2@group-B1D18A7504CD-SegmentedRaftLog:OPENED:c-1, conf=-1: [33960171-3598-4c9a-8f0c-3d16f1502dba|rpc:10.1.0.82:44949|dataStream:|priority:0, 85f03e38-9c25-442e-a296-583332b1e3c2|rpc:10.1.0.82:45945|dataStream:|priority:1, 3b795d5a-b002-4e0e-8d87-bd187dac4e43|rpc:10.1.0.82:39307|dataStream:|priority:0], old=null
2022-01-21 22:42:36,005 [grpc-default-executor-4] INFO  server.RaftServer$Division (RaftServerImpl.java:requestVote(1046)) - 33960171-3598-4c9a-8f0c-3d16f1502dba@group-B1D18A7504CD: receive requestVote(ELECTION, 85f03e38-9c25-442e-a296-583332b1e3c2, group-B1D18A7504CD, 6, (t:0, i:0))
2022-01-21 22:42:36,005 [grpc-default-executor-4] INFO  impl.VoteContext (VoteContext.java:log(48)) - 33960171-3598-4c9a-8f0c-3d16f1502dba@group-B1D18A7504CD-FOLLOWER: reject ELECTION from 85f03e38-9c25-442e-a296-583332b1e3c2: already has voted for 3b795d5a-b002-4e0e-8d87-bd187dac4e43 at current term 6
2022-01-21 22:42:36,005 [grpc-default-executor-4] INFO  server.RaftServer$Division (RaftServerImpl.java:requestVote(1078)) - 33960171-3598-4c9a-8f0c-3d16f1502dba@group-B1D18A7504CD replies to ELECTION vote request: 85f03e38-9c25-442e-a296-583332b1e3c2<-33960171-3598-4c9a-8f0c-3d16f1502dba#0:FAIL-t6. Peer's state: 33960171-3598-4c9a-8f0c-3d16f1502dba@group-B1D18A7504CD:t6, leader=null, voted=3b795d5a-b002-4e0e-8d87-bd187dac4e43, raftlog=33960171-3598-4c9a-8f0c-3d16f1502dba@group-B1D18A7504CD-SegmentedRaftLog:OPENED:c-1, conf=-1: [33960171-3598-4c9a-8f0c-3d16f1502dba|rpc:10.1.0.82:44949|priority:0, 85f03e38-9c25-442e-a296-583332b1e3c2|rpc:10.1.0.82:45945|priority:1, 3b795d5a-b002-4e0e-8d87-bd187dac4e43|rpc:10.1.0.82:39307|priority:0], old=null
2022-01-21 22:42:36,007 [grpc-default-executor-5] INFO  server.RaftServer$Division (RaftServerImpl.java:requestVote(1046)) - 3b795d5a-b002-4e0e-8d87-bd187dac4e43@group-B1D18A7504CD: receive requestVote(ELECTION, 85f03e38-9c25-442e-a296-583332b1e3c2, group-B1D18A7504CD, 6, (t:0, i:0))
2022-01-21 22:42:36,007 [grpc-default-executor-5] INFO  impl.VoteContext (VoteContext.java:log(48)) - 3b795d5a-b002-4e0e-8d87-bd187dac4e43@group-B1D18A7504CD-CANDIDATE: reject ELECTION from 85f03e38-9c25-442e-a296-583332b1e3c2: already has voted for 3b795d5a-b002-4e0e-8d87-bd187dac4e43 at current term 6
2022-01-21 22:42:36,007 [grpc-default-executor-5] INFO  server.RaftServer$Division (RaftServerImpl.java:requestVote(1078)) - 3b795d5a-b002-4e0e-8d87-bd187dac4e43@group-B1D18A7504CD replies to ELECTION vote request: 85f03e38-9c25-442e-a296-583332b1e3c2<-3b795d5a-b002-4e0e-8d87-bd187dac4e43#0:FAIL-t6. Peer's state: 3b795d5a-b002-4e0e-8d87-bd187dac4e43@group-B1D18A7504CD:t6, leader=null, voted=3b795d5a-b002-4e0e-8d87-bd187dac4e43, raftlog=3b795d5a-b002-4e0e-8d87-bd187dac4e43@group-B1D18A7504CD-SegmentedRaftLog:OPENED:c-1, conf=-1: [33960171-3598-4c9a-8f0c-3d16f1502dba|rpc:10.1.0.82:44949|dataStream:|priority:0, 85f03e38-9c25-442e-a296-583332b1e3c2|rpc:10.1.0.82:45945|dataStream:|priority:1, 3b795d5a-b002-4e0e-8d87-bd187dac4e43|rpc:10.1.0.82:39307|dataStream:|priority:0], old=null
2022-01-21 22:42:36,012 [3b795d5a-b002-4e0e-8d87-bd187dac4e43@group-B1D18A7504CD-LeaderElection27] INFO  impl.LeaderElection (LeaderElection.java:logAndReturn(89)) - 3b795d5a-b002-4e0e-8d87-bd187dac4e43@group-B1D18A7504CD-LeaderElection27: ELECTION REJECTED received 2 response(s) and 0 exception(s):
2022-01-21 22:42:36,012 [3b795d5a-b002-4e0e-8d87-bd187dac4e43@group-B1D18A7504CD-LeaderElection27] INFO  impl.LeaderElection (LeaderElection.java:logAndReturn(93)) -   Response 0: 3b795d5a-b002-4e0e-8d87-bd187dac4e43<-33960171-3598-4c9a-8f0c-3d16f1502dba#0:OK-t6
2022-01-21 22:42:36,012 [3b795d5a-b002-4e0e-8d87-bd187dac4e43@group-B1D18A7504CD-LeaderElection27] INFO  impl.LeaderElection (LeaderElection.java:logAndReturn(93)) -   Response 1: 3b795d5a-b002-4e0e-8d87-bd187dac4e43<-85f03e38-9c25-442e-a296-583332b1e3c2#0:FAIL-t6
2022-01-21 22:42:36,012 [3b795d5a-b002-4e0e-8d87-bd187dac4e43@group-B1D18A7504CD-LeaderElection27] INFO  impl.LeaderElection (LeaderElection.java:askForVotes(308)) - 3b795d5a-b002-4e0e-8d87-bd187dac4e43@group-B1D18A7504CD-LeaderElection27 ELECTION round 0: result REJECTED
2022-01-21 22:42:36,013 [3b795d5a-b002-4e0e-8d87-bd187dac4e43@group-B1D18A7504CD-LeaderElection27] INFO  server.RaftServer$Division (RaftServerImpl.java:setRole(290)) - 3b795d5a-b002-4e0e-8d87-bd187dac4e43@group-B1D18A7504CD: changes role from CANDIDATE to FOLLOWER at term 6 for REJECTED
2022-01-21 22:42:36,013 [3b795d5a-b002-4e0e-8d87-bd187dac4e43@group-B1D18A7504CD-LeaderElection27] INFO  impl.RoleInfo (RoleInfo.java:shutdownLeaderElection(121)) - 3b795d5a-b002-4e0e-8d87-bd187dac4e43: shutdown 3b795d5a-b002-4e0e-8d87-bd187dac4e43@group-B1D18A7504CD-LeaderElection27
2022-01-21 22:42:36,013 [3b795d5a-b002-4e0e-8d87-bd187dac4e43@group-B1D18A7504CD-LeaderElection27] INFO  impl.RoleInfo (RoleInfo.java:updateAndGet(130)) - 3b795d5a-b002-4e0e-8d87-bd187dac4e43: start 3b795d5a-b002-4e0e-8d87-bd187dac4e43@group-B1D18A7504CD-FollowerState
2022-01-21 22:42:36,024 [85f03e38-9c25-442e-a296-583332b1e3c2@group-B1D18A7504CD-LeaderElection28] INFO  impl.LeaderElection (LeaderElection.java:logAndReturn(89)) - 85f03e38-9c25-442e-a296-583332b1e3c2@group-B1D18A7504CD-LeaderElection28: ELECTION REJECTED received 2 response(s) and 0 exception(s):
2022-01-21 22:42:36,024 [85f03e38-9c25-442e-a296-583332b1e3c2@group-B1D18A7504CD-LeaderElection28] INFO  impl.LeaderElection (LeaderElection.java:logAndReturn(93)) -   Response 0: 85f03e38-9c25-442e-a296-583332b1e3c2<-33960171-3598-4c9a-8f0c-3d16f1502dba#0:FAIL-t6
2022-01-21 22:42:36,024 [85f03e38-9c25-442e-a296-583332b1e3c2@group-B1D18A7504CD-LeaderElection28] INFO  impl.LeaderElection (LeaderElection.java:logAndReturn(93)) -   Response 1: 85f03e38-9c25-442e-a296-583332b1e3c2<-3b795d5a-b002-4e0e-8d87-bd187dac4e43#0:FAIL-t6
2022-01-21 22:42:36,024 [85f03e38-9c25-442e-a296-583332b1e3c2@group-B1D18A7504CD-LeaderElection28] INFO  impl.LeaderElection (LeaderElection.java:askForVotes(308)) - 85f03e38-9c25-442e-a296-583332b1e3c2@group-B1D18A7504CD-LeaderElection28 ELECTION round 0: result REJECTED
2022-01-21 22:42:36,024 [85f03e38-9c25-442e-a296-583332b1e3c2@group-B1D18A7504CD-LeaderElection28] INFO  server.RaftServer$Division (RaftServerImpl.java:setRole(290)) - 85f03e38-9c25-442e-a296-583332b1e3c2@group-B1D18A7504CD: changes role from CANDIDATE to FOLLOWER at term 6 for REJECTED
2022-01-21 22:42:36,024 [85f03e38-9c25-442e-a296-583332b1e3c2@group-B1D18A7504CD-LeaderElection28] INFO  impl.RoleInfo (RoleInfo.java:shutdownLeaderElection(121)) - 85f03e38-9c25-442e-a296-583332b1e3c2: shutdown 85f03e38-9c25-442e-a296-583332b1e3c2@group-B1D18A7504CD-LeaderElection28
2022-01-21 22:42:36,024 [85f03e38-9c25-442e-a296-583332b1e3c2@group-B1D18A7504CD-LeaderElection28] INFO  impl.RoleInfo (RoleInfo.java:updateAndGet(130)) - 85f03e38-9c25-442e-a296-583332b1e3c2: start 85f03e38-9c25-442e-a296-583332b1e3c2@group-B1D18A7504CD-FollowerState
2022-01-21 22:42:36,698 [Listener at 127.0.0.1/33563] INFO  ozone.MiniOzoneClusterImpl (MiniOzoneClusterImpl.java:lambda$waitForClusterToBeReady$0(219)) - Nodes are ready. Got 3 of 3 DN Heartbeats.
2022-01-21 22:42:36,698 [Listener at 127.0.0.1/33563] INFO  ozone.MiniOzoneClusterImpl (MiniOzoneClusterImpl.java:lambda$waitForClusterToBeReady$0(222)) - Waiting for cluster to exit safe mode
2022-01-21 22:42:36,698 [Listener at 127.0.0.1/33563] INFO  ozone.MiniOzoneClusterImpl (MiniOzoneClusterImpl.java:lambda$waitForClusterToBeReady$0(224)) - SCM became leader
2022-01-21 22:42:37,698 [Listener at 127.0.0.1/33563] INFO  ozone.MiniOzoneClusterImpl (MiniOzoneClusterImpl.java:lambda$waitForClusterToBeReady$0(219)) - Nodes are ready. Got 3 of 3 DN Heartbeats.
2022-01-21 22:42:37,698 [Listener at 127.0.0.1/33563] INFO  ozone.MiniOzoneClusterImpl (MiniOzoneClusterImpl.java:lambda$waitForClusterToBeReady$0(222)) - Waiting for cluster to exit safe mode
2022-01-21 22:42:37,699 [Listener at 127.0.0.1/33563] INFO  ozone.MiniOzoneClusterImpl (MiniOzoneClusterImpl.java:lambda$waitForClusterToBeReady$0(224)) - SCM became leader
2022-01-21 22:42:38,699 [Listener at 127.0.0.1/33563] INFO  ozone.MiniOzoneClusterImpl (MiniOzoneClusterImpl.java:lambda$waitForClusterToBeReady$0(219)) - Nodes are ready. Got 3 of 3 DN Heartbeats.
2022-01-21 22:42:38,699 [Listener at 127.0.0.1/33563] INFO  ozone.MiniOzoneClusterImpl (MiniOzoneClusterImpl.java:lambda$waitForClusterToBeReady$0(222)) - Waiting for cluster to exit safe mode
2022-01-21 22:42:38,699 [Listener at 127.0.0.1/33563] INFO  ozone.MiniOzoneClusterImpl (MiniOzoneClusterImpl.java:lambda$waitForClusterToBeReady$0(224)) - SCM became leader
2022-01-21 22:42:39,699 [Listener at 127.0.0.1/33563] INFO  ozone.MiniOzoneClusterImpl (MiniOzoneClusterImpl.java:lambda$waitForClusterToBeReady$0(219)) - Nodes are ready. Got 3 of 3 DN Heartbeats.
2022-01-21 22:42:39,699 [Listener at 127.0.0.1/33563] INFO  ozone.MiniOzoneClusterImpl (MiniOzoneClusterImpl.java:lambda$waitForClusterToBeReady$0(222)) - Waiting for cluster to exit safe mode
2022-01-21 22:42:39,700 [Listener at 127.0.0.1/33563] INFO  ozone.MiniOzoneClusterImpl (MiniOzoneClusterImpl.java:lambda$waitForClusterToBeReady$0(224)) - SCM became leader
2022-01-21 22:42:40,700 [Listener at 127.0.0.1/33563] INFO  ozone.MiniOzoneClusterImpl (MiniOzoneClusterImpl.java:lambda$waitForClusterToBeReady$0(219)) - Nodes are ready. Got 3 of 3 DN Heartbeats.
2022-01-21 22:42:40,700 [Listener at 127.0.0.1/33563] INFO  ozone.MiniOzoneClusterImpl (MiniOzoneClusterImpl.java:lambda$waitForClusterToBeReady$0(222)) - Waiting for cluster to exit safe mode
2022-01-21 22:42:40,700 [Listener at 127.0.0.1/33563] INFO  ozone.MiniOzoneClusterImpl (MiniOzoneClusterImpl.java:lambda$waitForClusterToBeReady$0(224)) - SCM became leader
2022-01-21 22:42:41,018 [3b795d5a-b002-4e0e-8d87-bd187dac4e43@group-B1D18A7504CD-FollowerState] INFO  impl.FollowerState (FollowerState.java:run(134)) - 3b795d5a-b002-4e0e-8d87-bd187dac4e43@group-B1D18A7504CD-FollowerState: change to CANDIDATE, lastRpcElapsedTime:5004611026ns, electionTimeout:5002ms
2022-01-21 22:42:41,018 [3b795d5a-b002-4e0e-8d87-bd187dac4e43@group-B1D18A7504CD-FollowerState] INFO  impl.RoleInfo (RoleInfo.java:shutdownFollowerState(108)) - 3b795d5a-b002-4e0e-8d87-bd187dac4e43: shutdown 3b795d5a-b002-4e0e-8d87-bd187dac4e43@group-B1D18A7504CD-FollowerState
2022-01-21 22:42:41,018 [3b795d5a-b002-4e0e-8d87-bd187dac4e43@group-B1D18A7504CD-FollowerState] INFO  server.RaftServer$Division (RaftServerImpl.java:setRole(290)) - 3b795d5a-b002-4e0e-8d87-bd187dac4e43@group-B1D18A7504CD: changes role from  FOLLOWER to CANDIDATE at term 6 for changeToCandidate
2022-01-21 22:42:41,018 [3b795d5a-b002-4e0e-8d87-bd187dac4e43@group-B1D18A7504CD-FollowerState] INFO  server.RaftServerConfigKeys (ConfUtils.java:logGet(44)) - raft.server.leaderelection.pre-vote = false (custom)
2022-01-21 22:42:41,018 [3b795d5a-b002-4e0e-8d87-bd187dac4e43@group-B1D18A7504CD-FollowerState] INFO  impl.RoleInfo (RoleInfo.java:updateAndGet(130)) - 3b795d5a-b002-4e0e-8d87-bd187dac4e43: start 3b795d5a-b002-4e0e-8d87-bd187dac4e43@group-B1D18A7504CD-LeaderElection29
2022-01-21 22:42:41,041 [3b795d5a-b002-4e0e-8d87-bd187dac4e43@group-B1D18A7504CD-LeaderElection29] INFO  impl.LeaderElection (LeaderElection.java:askForVotes(306)) - 3b795d5a-b002-4e0e-8d87-bd187dac4e43@group-B1D18A7504CD-LeaderElection29 ELECTION round 0: submit vote requests at term 7 for -1: [33960171-3598-4c9a-8f0c-3d16f1502dba|rpc:10.1.0.82:44949|dataStream:|priority:0, 85f03e38-9c25-442e-a296-583332b1e3c2|rpc:10.1.0.82:45945|dataStream:|priority:1, 3b795d5a-b002-4e0e-8d87-bd187dac4e43|rpc:10.1.0.82:39307|dataStream:|priority:0], old=null
2022-01-21 22:42:41,068 [grpc-default-executor-5] INFO  server.RaftServer$Division (RaftServerImpl.java:requestVote(1046)) - 33960171-3598-4c9a-8f0c-3d16f1502dba@group-B1D18A7504CD: receive requestVote(ELECTION, 3b795d5a-b002-4e0e-8d87-bd187dac4e43, group-B1D18A7504CD, 7, (t:0, i:0))
2022-01-21 22:42:41,068 [grpc-default-executor-5] INFO  impl.VoteContext (VoteContext.java:log(48)) - 33960171-3598-4c9a-8f0c-3d16f1502dba@group-B1D18A7504CD-FOLLOWER: accept ELECTION from 3b795d5a-b002-4e0e-8d87-bd187dac4e43: our priority 0 <= candidate's priority 0
2022-01-21 22:42:41,068 [grpc-default-executor-5] INFO  server.RaftServer$Division (RaftServerImpl.java:setRole(290)) - 33960171-3598-4c9a-8f0c-3d16f1502dba@group-B1D18A7504CD: changes role from  FOLLOWER to FOLLOWER at term 7 for candidate:3b795d5a-b002-4e0e-8d87-bd187dac4e43
2022-01-21 22:42:41,068 [grpc-default-executor-5] INFO  impl.RoleInfo (RoleInfo.java:shutdownFollowerState(108)) - 33960171-3598-4c9a-8f0c-3d16f1502dba: shutdown 33960171-3598-4c9a-8f0c-3d16f1502dba@group-B1D18A7504CD-FollowerState
2022-01-21 22:42:41,068 [grpc-default-executor-5] INFO  impl.RoleInfo (RoleInfo.java:updateAndGet(130)) - 33960171-3598-4c9a-8f0c-3d16f1502dba: start 33960171-3598-4c9a-8f0c-3d16f1502dba@group-B1D18A7504CD-FollowerState
2022-01-21 22:42:41,069 [33960171-3598-4c9a-8f0c-3d16f1502dba@group-B1D18A7504CD-FollowerState] INFO  impl.FollowerState (FollowerState.java:run(143)) - 33960171-3598-4c9a-8f0c-3d16f1502dba@group-B1D18A7504CD-FollowerState was interrupted: {}
java.lang.InterruptedException: sleep interrupted
	at java.lang.Thread.sleep(Native Method)
	at java.lang.Thread.sleep(Thread.java:340)
	at java.util.concurrent.TimeUnit.sleep(TimeUnit.java:386)
	at org.apache.ratis.util.TimeDuration.sleep(TimeDuration.java:324)
	at org.apache.ratis.util.TimeDuration.sleep(TimeDuration.java:309)
	at org.apache.ratis.server.impl.FollowerState.run(FollowerState.java:118)
2022-01-21 22:42:41,074 [grpc-default-executor-5] INFO  server.RaftServer$Division (RaftServerImpl.java:requestVote(1078)) - 33960171-3598-4c9a-8f0c-3d16f1502dba@group-B1D18A7504CD replies to ELECTION vote request: 3b795d5a-b002-4e0e-8d87-bd187dac4e43<-33960171-3598-4c9a-8f0c-3d16f1502dba#0:OK-t7. Peer's state: 33960171-3598-4c9a-8f0c-3d16f1502dba@group-B1D18A7504CD:t7, leader=null, voted=3b795d5a-b002-4e0e-8d87-bd187dac4e43, raftlog=33960171-3598-4c9a-8f0c-3d16f1502dba@group-B1D18A7504CD-SegmentedRaftLog:OPENED:c-1, conf=-1: [33960171-3598-4c9a-8f0c-3d16f1502dba|rpc:10.1.0.82:44949|priority:0, 85f03e38-9c25-442e-a296-583332b1e3c2|rpc:10.1.0.82:45945|priority:1, 3b795d5a-b002-4e0e-8d87-bd187dac4e43|rpc:10.1.0.82:39307|priority:0], old=null
2022-01-21 22:42:41,074 [grpc-default-executor-4] INFO  server.RaftServer$Division (RaftServerImpl.java:requestVote(1046)) - 85f03e38-9c25-442e-a296-583332b1e3c2@group-B1D18A7504CD: receive requestVote(ELECTION, 3b795d5a-b002-4e0e-8d87-bd187dac4e43, group-B1D18A7504CD, 7, (t:0, i:0))
2022-01-21 22:42:41,075 [grpc-default-executor-4] INFO  impl.VoteContext (VoteContext.java:log(48)) - 85f03e38-9c25-442e-a296-583332b1e3c2@group-B1D18A7504CD-FOLLOWER: reject ELECTION from 3b795d5a-b002-4e0e-8d87-bd187dac4e43: our priority 1 > candidate's priority 0
2022-01-21 22:42:41,075 [grpc-default-executor-4] INFO  server.RaftServer$Division (RaftServerImpl.java:setRole(290)) - 85f03e38-9c25-442e-a296-583332b1e3c2@group-B1D18A7504CD: changes role from  FOLLOWER to FOLLOWER at term 7 for candidate:3b795d5a-b002-4e0e-8d87-bd187dac4e43
2022-01-21 22:42:41,075 [grpc-default-executor-4] INFO  impl.RoleInfo (RoleInfo.java:shutdownFollowerState(108)) - 85f03e38-9c25-442e-a296-583332b1e3c2: shutdown 85f03e38-9c25-442e-a296-583332b1e3c2@group-B1D18A7504CD-FollowerState
2022-01-21 22:42:41,075 [grpc-default-executor-4] INFO  impl.RoleInfo (RoleInfo.java:updateAndGet(130)) - 85f03e38-9c25-442e-a296-583332b1e3c2: start 85f03e38-9c25-442e-a296-583332b1e3c2@group-B1D18A7504CD-FollowerState
2022-01-21 22:42:41,075 [85f03e38-9c25-442e-a296-583332b1e3c2@group-B1D18A7504CD-FollowerState] INFO  impl.FollowerState (FollowerState.java:run(143)) - 85f03e38-9c25-442e-a296-583332b1e3c2@group-B1D18A7504CD-FollowerState was interrupted: {}
java.lang.InterruptedException: sleep interrupted
	at java.lang.Thread.sleep(Native Method)
	at java.lang.Thread.sleep(Thread.java:340)
	at java.util.concurrent.TimeUnit.sleep(TimeUnit.java:386)
	at org.apache.ratis.util.TimeDuration.sleep(TimeDuration.java:324)
	at org.apache.ratis.util.TimeDuration.sleep(TimeDuration.java:309)
	at org.apache.ratis.server.impl.FollowerState.run(FollowerState.java:118)
2022-01-21 22:42:41,077 [grpc-default-executor-4] INFO  server.RaftServer$Division (RaftServerImpl.java:requestVote(1078)) - 85f03e38-9c25-442e-a296-583332b1e3c2@group-B1D18A7504CD replies to ELECTION vote request: 3b795d5a-b002-4e0e-8d87-bd187dac4e43<-85f03e38-9c25-442e-a296-583332b1e3c2#0:FAIL-t7. Peer's state: 85f03e38-9c25-442e-a296-583332b1e3c2@group-B1D18A7504CD:t7, leader=null, voted=null, raftlog=85f03e38-9c25-442e-a296-583332b1e3c2@group-B1D18A7504CD-SegmentedRaftLog:OPENED:c-1, conf=-1: [33960171-3598-4c9a-8f0c-3d16f1502dba|rpc:10.1.0.82:44949|dataStream:|priority:0, 85f03e38-9c25-442e-a296-583332b1e3c2|rpc:10.1.0.82:45945|dataStream:|priority:1, 3b795d5a-b002-4e0e-8d87-bd187dac4e43|rpc:10.1.0.82:39307|dataStream:|priority:0], old=null
2022-01-21 22:42:41,083 [3b795d5a-b002-4e0e-8d87-bd187dac4e43@group-B1D18A7504CD-LeaderElection29] INFO  impl.LeaderElection (LeaderElection.java:logAndReturn(89)) - 3b795d5a-b002-4e0e-8d87-bd187dac4e43@group-B1D18A7504CD-LeaderElection29: ELECTION REJECTED received 2 response(s) and 0 exception(s):
2022-01-21 22:42:41,083 [3b795d5a-b002-4e0e-8d87-bd187dac4e43@group-B1D18A7504CD-LeaderElection29] INFO  impl.LeaderElection (LeaderElection.java:logAndReturn(93)) -   Response 0: 3b795d5a-b002-4e0e-8d87-bd187dac4e43<-33960171-3598-4c9a-8f0c-3d16f1502dba#0:OK-t7
2022-01-21 22:42:41,083 [3b795d5a-b002-4e0e-8d87-bd187dac4e43@group-B1D18A7504CD-LeaderElection29] INFO  impl.LeaderElection (LeaderElection.java:logAndReturn(93)) -   Response 1: 3b795d5a-b002-4e0e-8d87-bd187dac4e43<-85f03e38-9c25-442e-a296-583332b1e3c2#0:FAIL-t7
2022-01-21 22:42:41,084 [3b795d5a-b002-4e0e-8d87-bd187dac4e43@group-B1D18A7504CD-LeaderElection29] INFO  impl.LeaderElection (LeaderElection.java:askForVotes(308)) - 3b795d5a-b002-4e0e-8d87-bd187dac4e43@group-B1D18A7504CD-LeaderElection29 ELECTION round 0: result REJECTED
2022-01-21 22:42:41,088 [3b795d5a-b002-4e0e-8d87-bd187dac4e43@group-B1D18A7504CD-LeaderElection29] INFO  server.RaftServer$Division (RaftServerImpl.java:setRole(290)) - 3b795d5a-b002-4e0e-8d87-bd187dac4e43@group-B1D18A7504CD: changes role from CANDIDATE to FOLLOWER at term 7 for REJECTED
2022-01-21 22:42:41,088 [3b795d5a-b002-4e0e-8d87-bd187dac4e43@group-B1D18A7504CD-LeaderElection29] INFO  impl.RoleInfo (RoleInfo.java:shutdownLeaderElection(121)) - 3b795d5a-b002-4e0e-8d87-bd187dac4e43: shutdown 3b795d5a-b002-4e0e-8d87-bd187dac4e43@group-B1D18A7504CD-LeaderElection29
2022-01-21 22:42:41,088 [3b795d5a-b002-4e0e-8d87-bd187dac4e43@group-B1D18A7504CD-LeaderElection29] INFO  impl.RoleInfo (RoleInfo.java:updateAndGet(130)) - 3b795d5a-b002-4e0e-8d87-bd187dac4e43: start 3b795d5a-b002-4e0e-8d87-bd187dac4e43@group-B1D18A7504CD-FollowerState
2022-01-21 22:42:41,701 [Listener at 127.0.0.1/33563] INFO  ozone.MiniOzoneClusterImpl (MiniOzoneClusterImpl.java:lambda$waitForClusterToBeReady$0(219)) - Nodes are ready. Got 3 of 3 DN Heartbeats.
2022-01-21 22:42:41,701 [Listener at 127.0.0.1/33563] INFO  ozone.MiniOzoneClusterImpl (MiniOzoneClusterImpl.java:lambda$waitForClusterToBeReady$0(222)) - Waiting for cluster to exit safe mode
2022-01-21 22:42:41,701 [Listener at 127.0.0.1/33563] INFO  ozone.MiniOzoneClusterImpl (MiniOzoneClusterImpl.java:lambda$waitForClusterToBeReady$0(224)) - SCM became leader
2022-01-21 22:42:42,701 [Listener at 127.0.0.1/33563] INFO  ozone.MiniOzoneClusterImpl (MiniOzoneClusterImpl.java:lambda$waitForClusterToBeReady$0(219)) - Nodes are ready. Got 3 of 3 DN Heartbeats.
2022-01-21 22:42:42,701 [Listener at 127.0.0.1/33563] INFO  ozone.MiniOzoneClusterImpl (MiniOzoneClusterImpl.java:lambda$waitForClusterToBeReady$0(222)) - Waiting for cluster to exit safe mode
2022-01-21 22:42:42,701 [Listener at 127.0.0.1/33563] INFO  ozone.MiniOzoneClusterImpl (MiniOzoneClusterImpl.java:lambda$waitForClusterToBeReady$0(224)) - SCM became leader
2022-01-21 22:42:43,702 [Listener at 127.0.0.1/33563] INFO  ozone.MiniOzoneClusterImpl (MiniOzoneClusterImpl.java:lambda$waitForClusterToBeReady$0(219)) - Nodes are ready. Got 3 of 3 DN Heartbeats.
2022-01-21 22:42:43,702 [Listener at 127.0.0.1/33563] INFO  ozone.MiniOzoneClusterImpl (MiniOzoneClusterImpl.java:lambda$waitForClusterToBeReady$0(222)) - Waiting for cluster to exit safe mode
2022-01-21 22:42:43,702 [Listener at 127.0.0.1/33563] INFO  ozone.MiniOzoneClusterImpl (MiniOzoneClusterImpl.java:lambda$waitForClusterToBeReady$0(224)) - SCM became leader
2022-01-21 22:42:44,702 [Listener at 127.0.0.1/33563] INFO  ozone.MiniOzoneClusterImpl (MiniOzoneClusterImpl.java:lambda$waitForClusterToBeReady$0(219)) - Nodes are ready. Got 3 of 3 DN Heartbeats.
2022-01-21 22:42:44,702 [Listener at 127.0.0.1/33563] INFO  ozone.MiniOzoneClusterImpl (MiniOzoneClusterImpl.java:lambda$waitForClusterToBeReady$0(222)) - Waiting for cluster to exit safe mode
2022-01-21 22:42:44,702 [Listener at 127.0.0.1/33563] INFO  ozone.MiniOzoneClusterImpl (MiniOzoneClusterImpl.java:lambda$waitForClusterToBeReady$0(224)) - SCM became leader
2022-01-21 22:42:45,702 [Listener at 127.0.0.1/33563] INFO  ozone.MiniOzoneClusterImpl (MiniOzoneClusterImpl.java:lambda$waitForClusterToBeReady$0(219)) - Nodes are ready. Got 3 of 3 DN Heartbeats.
2022-01-21 22:42:45,703 [Listener at 127.0.0.1/33563] INFO  ozone.MiniOzoneClusterImpl (MiniOzoneClusterImpl.java:lambda$waitForClusterToBeReady$0(222)) - Waiting for cluster to exit safe mode
2022-01-21 22:42:45,703 [Listener at 127.0.0.1/33563] INFO  ozone.MiniOzoneClusterImpl (MiniOzoneClusterImpl.java:lambda$waitForClusterToBeReady$0(224)) - SCM became leader
2022-01-21 22:42:46,100 [3b795d5a-b002-4e0e-8d87-bd187dac4e43@group-B1D18A7504CD-FollowerState] INFO  impl.FollowerState (FollowerState.java:run(134)) - 3b795d5a-b002-4e0e-8d87-bd187dac4e43@group-B1D18A7504CD-FollowerState: change to CANDIDATE, lastRpcElapsedTime:5011953324ns, electionTimeout:5003ms
2022-01-21 22:42:46,100 [3b795d5a-b002-4e0e-8d87-bd187dac4e43@group-B1D18A7504CD-FollowerState] INFO  impl.RoleInfo (RoleInfo.java:shutdownFollowerState(108)) - 3b795d5a-b002-4e0e-8d87-bd187dac4e43: shutdown 3b795d5a-b002-4e0e-8d87-bd187dac4e43@group-B1D18A7504CD-FollowerState
2022-01-21 22:42:46,100 [3b795d5a-b002-4e0e-8d87-bd187dac4e43@group-B1D18A7504CD-FollowerState] INFO  server.RaftServer$Division (RaftServerImpl.java:setRole(290)) - 3b795d5a-b002-4e0e-8d87-bd187dac4e43@group-B1D18A7504CD: changes role from  FOLLOWER to CANDIDATE at term 7 for changeToCandidate
2022-01-21 22:42:46,100 [3b795d5a-b002-4e0e-8d87-bd187dac4e43@group-B1D18A7504CD-FollowerState] INFO  server.RaftServerConfigKeys (ConfUtils.java:logGet(44)) - raft.server.leaderelection.pre-vote = false (custom)
2022-01-21 22:42:46,100 [3b795d5a-b002-4e0e-8d87-bd187dac4e43@group-B1D18A7504CD-FollowerState] INFO  impl.RoleInfo (RoleInfo.java:updateAndGet(130)) - 3b795d5a-b002-4e0e-8d87-bd187dac4e43: start 3b795d5a-b002-4e0e-8d87-bd187dac4e43@group-B1D18A7504CD-LeaderElection30
2022-01-21 22:42:46,119 [3b795d5a-b002-4e0e-8d87-bd187dac4e43@group-B1D18A7504CD-LeaderElection30] INFO  impl.LeaderElection (LeaderElection.java:askForVotes(306)) - 3b795d5a-b002-4e0e-8d87-bd187dac4e43@group-B1D18A7504CD-LeaderElection30 ELECTION round 0: submit vote requests at term 8 for -1: [33960171-3598-4c9a-8f0c-3d16f1502dba|rpc:10.1.0.82:44949|dataStream:|priority:0, 85f03e38-9c25-442e-a296-583332b1e3c2|rpc:10.1.0.82:45945|dataStream:|priority:1, 3b795d5a-b002-4e0e-8d87-bd187dac4e43|rpc:10.1.0.82:39307|dataStream:|priority:0], old=null
2022-01-21 22:42:46,139 [grpc-default-executor-4] INFO  server.RaftServer$Division (RaftServerImpl.java:requestVote(1046)) - 33960171-3598-4c9a-8f0c-3d16f1502dba@group-B1D18A7504CD: receive requestVote(ELECTION, 3b795d5a-b002-4e0e-8d87-bd187dac4e43, group-B1D18A7504CD, 8, (t:0, i:0))
2022-01-21 22:42:46,139 [grpc-default-executor-4] INFO  impl.VoteContext (VoteContext.java:log(48)) - 33960171-3598-4c9a-8f0c-3d16f1502dba@group-B1D18A7504CD-FOLLOWER: accept ELECTION from 3b795d5a-b002-4e0e-8d87-bd187dac4e43: our priority 0 <= candidate's priority 0
2022-01-21 22:42:46,139 [grpc-default-executor-4] INFO  server.RaftServer$Division (RaftServerImpl.java:setRole(290)) - 33960171-3598-4c9a-8f0c-3d16f1502dba@group-B1D18A7504CD: changes role from  FOLLOWER to FOLLOWER at term 8 for candidate:3b795d5a-b002-4e0e-8d87-bd187dac4e43
2022-01-21 22:42:46,139 [grpc-default-executor-4] INFO  impl.RoleInfo (RoleInfo.java:shutdownFollowerState(108)) - 33960171-3598-4c9a-8f0c-3d16f1502dba: shutdown 33960171-3598-4c9a-8f0c-3d16f1502dba@group-B1D18A7504CD-FollowerState
2022-01-21 22:42:46,139 [33960171-3598-4c9a-8f0c-3d16f1502dba@group-B1D18A7504CD-FollowerState] INFO  impl.FollowerState (FollowerState.java:run(143)) - 33960171-3598-4c9a-8f0c-3d16f1502dba@group-B1D18A7504CD-FollowerState was interrupted: {}
java.lang.InterruptedException: sleep interrupted
	at java.lang.Thread.sleep(Native Method)
	at java.lang.Thread.sleep(Thread.java:340)
	at java.util.concurrent.TimeUnit.sleep(TimeUnit.java:386)
	at org.apache.ratis.util.TimeDuration.sleep(TimeDuration.java:324)
	at org.apache.ratis.util.TimeDuration.sleep(TimeDuration.java:309)
	at org.apache.ratis.server.impl.FollowerState.run(FollowerState.java:118)
2022-01-21 22:42:46,139 [grpc-default-executor-4] INFO  impl.RoleInfo (RoleInfo.java:updateAndGet(130)) - 33960171-3598-4c9a-8f0c-3d16f1502dba: start 33960171-3598-4c9a-8f0c-3d16f1502dba@group-B1D18A7504CD-FollowerState
2022-01-21 22:42:46,146 [grpc-default-executor-4] INFO  server.RaftServer$Division (RaftServerImpl.java:requestVote(1078)) - 33960171-3598-4c9a-8f0c-3d16f1502dba@group-B1D18A7504CD replies to ELECTION vote request: 3b795d5a-b002-4e0e-8d87-bd187dac4e43<-33960171-3598-4c9a-8f0c-3d16f1502dba#0:OK-t8. Peer's state: 33960171-3598-4c9a-8f0c-3d16f1502dba@group-B1D18A7504CD:t8, leader=null, voted=3b795d5a-b002-4e0e-8d87-bd187dac4e43, raftlog=33960171-3598-4c9a-8f0c-3d16f1502dba@group-B1D18A7504CD-SegmentedRaftLog:OPENED:c-1, conf=-1: [33960171-3598-4c9a-8f0c-3d16f1502dba|rpc:10.1.0.82:44949|priority:0, 85f03e38-9c25-442e-a296-583332b1e3c2|rpc:10.1.0.82:45945|priority:1, 3b795d5a-b002-4e0e-8d87-bd187dac4e43|rpc:10.1.0.82:39307|priority:0], old=null
2022-01-21 22:42:46,156 [grpc-default-executor-5] INFO  server.RaftServer$Division (RaftServerImpl.java:requestVote(1046)) - 85f03e38-9c25-442e-a296-583332b1e3c2@group-B1D18A7504CD: receive requestVote(ELECTION, 3b795d5a-b002-4e0e-8d87-bd187dac4e43, group-B1D18A7504CD, 8, (t:0, i:0))
2022-01-21 22:42:46,156 [grpc-default-executor-5] INFO  impl.VoteContext (VoteContext.java:log(48)) - 85f03e38-9c25-442e-a296-583332b1e3c2@group-B1D18A7504CD-FOLLOWER: reject ELECTION from 3b795d5a-b002-4e0e-8d87-bd187dac4e43: our priority 1 > candidate's priority 0
2022-01-21 22:42:46,156 [grpc-default-executor-5] INFO  server.RaftServer$Division (RaftServerImpl.java:setRole(290)) - 85f03e38-9c25-442e-a296-583332b1e3c2@group-B1D18A7504CD: changes role from  FOLLOWER to FOLLOWER at term 8 for candidate:3b795d5a-b002-4e0e-8d87-bd187dac4e43
2022-01-21 22:42:46,156 [grpc-default-executor-5] INFO  impl.RoleInfo (RoleInfo.java:shutdownFollowerState(108)) - 85f03e38-9c25-442e-a296-583332b1e3c2: shutdown 85f03e38-9c25-442e-a296-583332b1e3c2@group-B1D18A7504CD-FollowerState
2022-01-21 22:42:46,156 [grpc-default-executor-5] INFO  impl.RoleInfo (RoleInfo.java:updateAndGet(130)) - 85f03e38-9c25-442e-a296-583332b1e3c2: start 85f03e38-9c25-442e-a296-583332b1e3c2@group-B1D18A7504CD-FollowerState
2022-01-21 22:42:46,156 [85f03e38-9c25-442e-a296-583332b1e3c2@group-B1D18A7504CD-FollowerState] INFO  impl.FollowerState (FollowerState.java:run(143)) - 85f03e38-9c25-442e-a296-583332b1e3c2@group-B1D18A7504CD-FollowerState was interrupted: {}
java.lang.InterruptedException: sleep interrupted
	at java.lang.Thread.sleep(Native Method)
	at java.lang.Thread.sleep(Thread.java:340)
	at java.util.concurrent.TimeUnit.sleep(TimeUnit.java:386)
	at org.apache.ratis.util.TimeDuration.sleep(TimeDuration.java:324)
	at org.apache.ratis.util.TimeDuration.sleep(TimeDuration.java:309)
	at org.apache.ratis.server.impl.FollowerState.run(FollowerState.java:118)
2022-01-21 22:42:46,166 [grpc-default-executor-5] INFO  server.RaftServer$Division (RaftServerImpl.java:requestVote(1078)) - 85f03e38-9c25-442e-a296-583332b1e3c2@group-B1D18A7504CD replies to ELECTION vote request: 3b795d5a-b002-4e0e-8d87-bd187dac4e43<-85f03e38-9c25-442e-a296-583332b1e3c2#0:FAIL-t8. Peer's state: 85f03e38-9c25-442e-a296-583332b1e3c2@group-B1D18A7504CD:t8, leader=null, voted=null, raftlog=85f03e38-9c25-442e-a296-583332b1e3c2@group-B1D18A7504CD-SegmentedRaftLog:OPENED:c-1, conf=-1: [33960171-3598-4c9a-8f0c-3d16f1502dba|rpc:10.1.0.82:44949|dataStream:|priority:0, 85f03e38-9c25-442e-a296-583332b1e3c2|rpc:10.1.0.82:45945|dataStream:|priority:1, 3b795d5a-b002-4e0e-8d87-bd187dac4e43|rpc:10.1.0.82:39307|dataStream:|priority:0], old=null
2022-01-21 22:42:46,167 [3b795d5a-b002-4e0e-8d87-bd187dac4e43@group-B1D18A7504CD-LeaderElection30] INFO  impl.LeaderElection (LeaderElection.java:logAndReturn(89)) - 3b795d5a-b002-4e0e-8d87-bd187dac4e43@group-B1D18A7504CD-LeaderElection30: ELECTION REJECTED received 2 response(s) and 0 exception(s):
2022-01-21 22:42:46,167 [3b795d5a-b002-4e0e-8d87-bd187dac4e43@group-B1D18A7504CD-LeaderElection30] INFO  impl.LeaderElection (LeaderElection.java:logAndReturn(93)) -   Response 0: 3b795d5a-b002-4e0e-8d87-bd187dac4e43<-33960171-3598-4c9a-8f0c-3d16f1502dba#0:OK-t8
2022-01-21 22:42:46,167 [3b795d5a-b002-4e0e-8d87-bd187dac4e43@group-B1D18A7504CD-LeaderElection30] INFO  impl.LeaderElection (LeaderElection.java:logAndReturn(93)) -   Response 1: 3b795d5a-b002-4e0e-8d87-bd187dac4e43<-85f03e38-9c25-442e-a296-583332b1e3c2#0:FAIL-t8
2022-01-21 22:42:46,167 [3b795d5a-b002-4e0e-8d87-bd187dac4e43@group-B1D18A7504CD-LeaderElection30] INFO  impl.LeaderElection (LeaderElection.java:askForVotes(308)) - 3b795d5a-b002-4e0e-8d87-bd187dac4e43@group-B1D18A7504CD-LeaderElection30 ELECTION round 0: result REJECTED
2022-01-21 22:42:46,175 [3b795d5a-b002-4e0e-8d87-bd187dac4e43@group-B1D18A7504CD-LeaderElection30] INFO  server.RaftServer$Division (RaftServerImpl.java:setRole(290)) - 3b795d5a-b002-4e0e-8d87-bd187dac4e43@group-B1D18A7504CD: changes role from CANDIDATE to FOLLOWER at term 8 for REJECTED
2022-01-21 22:42:46,175 [3b795d5a-b002-4e0e-8d87-bd187dac4e43@group-B1D18A7504CD-LeaderElection30] INFO  impl.RoleInfo (RoleInfo.java:shutdownLeaderElection(121)) - 3b795d5a-b002-4e0e-8d87-bd187dac4e43: shutdown 3b795d5a-b002-4e0e-8d87-bd187dac4e43@group-B1D18A7504CD-LeaderElection30
2022-01-21 22:42:46,175 [3b795d5a-b002-4e0e-8d87-bd187dac4e43@group-B1D18A7504CD-LeaderElection30] INFO  impl.RoleInfo (RoleInfo.java:updateAndGet(130)) - 3b795d5a-b002-4e0e-8d87-bd187dac4e43: start 3b795d5a-b002-4e0e-8d87-bd187dac4e43@group-B1D18A7504CD-FollowerState
2022-01-21 22:42:46,703 [Listener at 127.0.0.1/33563] INFO  ozone.MiniOzoneClusterImpl (MiniOzoneClusterImpl.java:lambda$waitForClusterToBeReady$0(219)) - Nodes are ready. Got 3 of 3 DN Heartbeats.
2022-01-21 22:42:46,703 [Listener at 127.0.0.1/33563] INFO  ozone.MiniOzoneClusterImpl (MiniOzoneClusterImpl.java:lambda$waitForClusterToBeReady$0(222)) - Waiting for cluster to exit safe mode
2022-01-21 22:42:46,703 [Listener at 127.0.0.1/33563] INFO  ozone.MiniOzoneClusterImpl (MiniOzoneClusterImpl.java:lambda$waitForClusterToBeReady$0(224)) - SCM became leader
2022-01-21 22:42:47,703 [Listener at 127.0.0.1/33563] INFO  ozone.MiniOzoneClusterImpl (MiniOzoneClusterImpl.java:lambda$waitForClusterToBeReady$0(219)) - Nodes are ready. Got 3 of 3 DN Heartbeats.
2022-01-21 22:42:47,704 [Listener at 127.0.0.1/33563] INFO  ozone.MiniOzoneClusterImpl (MiniOzoneClusterImpl.java:lambda$waitForClusterToBeReady$0(222)) - Waiting for cluster to exit safe mode
2022-01-21 22:42:47,704 [Listener at 127.0.0.1/33563] INFO  ozone.MiniOzoneClusterImpl (MiniOzoneClusterImpl.java:lambda$waitForClusterToBeReady$0(224)) - SCM became leader
2022-01-21 22:42:48,704 [Listener at 127.0.0.1/33563] INFO  ozone.MiniOzoneClusterImpl (MiniOzoneClusterImpl.java:lambda$waitForClusterToBeReady$0(219)) - Nodes are ready. Got 3 of 3 DN Heartbeats.
2022-01-21 22:42:48,704 [Listener at 127.0.0.1/33563] INFO  ozone.MiniOzoneClusterImpl (MiniOzoneClusterImpl.java:lambda$waitForClusterToBeReady$0(222)) - Waiting for cluster to exit safe mode
2022-01-21 22:42:48,704 [Listener at 127.0.0.1/33563] INFO  ozone.MiniOzoneClusterImpl (MiniOzoneClusterImpl.java:lambda$waitForClusterToBeReady$0(224)) - SCM became leader
2022-01-21 22:42:49,704 [Listener at 127.0.0.1/33563] INFO  ozone.MiniOzoneClusterImpl (MiniOzoneClusterImpl.java:lambda$waitForClusterToBeReady$0(219)) - Nodes are ready. Got 3 of 3 DN Heartbeats.
2022-01-21 22:42:49,705 [Listener at 127.0.0.1/33563] INFO  ozone.MiniOzoneClusterImpl (MiniOzoneClusterImpl.java:lambda$waitForClusterToBeReady$0(222)) - Waiting for cluster to exit safe mode
2022-01-21 22:42:49,705 [Listener at 127.0.0.1/33563] INFO  ozone.MiniOzoneClusterImpl (MiniOzoneClusterImpl.java:lambda$waitForClusterToBeReady$0(224)) - SCM became leader
2022-01-21 22:42:50,705 [Listener at 127.0.0.1/33563] INFO  ozone.MiniOzoneClusterImpl (MiniOzoneClusterImpl.java:lambda$waitForClusterToBeReady$0(219)) - Nodes are ready. Got 3 of 3 DN Heartbeats.
2022-01-21 22:42:50,705 [Listener at 127.0.0.1/33563] INFO  ozone.MiniOzoneClusterImpl (MiniOzoneClusterImpl.java:lambda$waitForClusterToBeReady$0(222)) - Waiting for cluster to exit safe mode
2022-01-21 22:42:50,705 [Listener at 127.0.0.1/33563] INFO  ozone.MiniOzoneClusterImpl (MiniOzoneClusterImpl.java:lambda$waitForClusterToBeReady$0(224)) - SCM became leader
2022-01-21 22:42:51,291 [3b795d5a-b002-4e0e-8d87-bd187dac4e43@group-B1D18A7504CD-FollowerState] INFO  impl.FollowerState (FollowerState.java:run(134)) - 3b795d5a-b002-4e0e-8d87-bd187dac4e43@group-B1D18A7504CD-FollowerState: change to CANDIDATE, lastRpcElapsedTime:5115813970ns, electionTimeout:5107ms
2022-01-21 22:42:51,291 [3b795d5a-b002-4e0e-8d87-bd187dac4e43@group-B1D18A7504CD-FollowerState] INFO  impl.RoleInfo (RoleInfo.java:shutdownFollowerState(108)) - 3b795d5a-b002-4e0e-8d87-bd187dac4e43: shutdown 3b795d5a-b002-4e0e-8d87-bd187dac4e43@group-B1D18A7504CD-FollowerState
2022-01-21 22:42:51,291 [3b795d5a-b002-4e0e-8d87-bd187dac4e43@group-B1D18A7504CD-FollowerState] INFO  server.RaftServer$Division (RaftServerImpl.java:setRole(290)) - 3b795d5a-b002-4e0e-8d87-bd187dac4e43@group-B1D18A7504CD: changes role from  FOLLOWER to CANDIDATE at term 8 for changeToCandidate
2022-01-21 22:42:51,292 [3b795d5a-b002-4e0e-8d87-bd187dac4e43@group-B1D18A7504CD-FollowerState] INFO  server.RaftServerConfigKeys (ConfUtils.java:logGet(44)) - raft.server.leaderelection.pre-vote = false (custom)
2022-01-21 22:42:51,292 [3b795d5a-b002-4e0e-8d87-bd187dac4e43@group-B1D18A7504CD-FollowerState] INFO  impl.RoleInfo (RoleInfo.java:updateAndGet(130)) - 3b795d5a-b002-4e0e-8d87-bd187dac4e43: start 3b795d5a-b002-4e0e-8d87-bd187dac4e43@group-B1D18A7504CD-LeaderElection31
2022-01-21 22:42:51,311 [3b795d5a-b002-4e0e-8d87-bd187dac4e43@group-B1D18A7504CD-LeaderElection31] INFO  impl.LeaderElection (LeaderElection.java:askForVotes(306)) - 3b795d5a-b002-4e0e-8d87-bd187dac4e43@group-B1D18A7504CD-LeaderElection31 ELECTION round 0: submit vote requests at term 9 for -1: [33960171-3598-4c9a-8f0c-3d16f1502dba|rpc:10.1.0.82:44949|dataStream:|priority:0, 85f03e38-9c25-442e-a296-583332b1e3c2|rpc:10.1.0.82:45945|dataStream:|priority:1, 3b795d5a-b002-4e0e-8d87-bd187dac4e43|rpc:10.1.0.82:39307|dataStream:|priority:0], old=null
2022-01-21 22:42:51,325 [grpc-default-executor-5] INFO  server.RaftServer$Division (RaftServerImpl.java:requestVote(1046)) - 33960171-3598-4c9a-8f0c-3d16f1502dba@group-B1D18A7504CD: receive requestVote(ELECTION, 3b795d5a-b002-4e0e-8d87-bd187dac4e43, group-B1D18A7504CD, 9, (t:0, i:0))
2022-01-21 22:42:51,325 [grpc-default-executor-5] INFO  impl.VoteContext (VoteContext.java:log(48)) - 33960171-3598-4c9a-8f0c-3d16f1502dba@group-B1D18A7504CD-FOLLOWER: accept ELECTION from 3b795d5a-b002-4e0e-8d87-bd187dac4e43: our priority 0 <= candidate's priority 0
2022-01-21 22:42:51,325 [grpc-default-executor-5] INFO  server.RaftServer$Division (RaftServerImpl.java:setRole(290)) - 33960171-3598-4c9a-8f0c-3d16f1502dba@group-B1D18A7504CD: changes role from  FOLLOWER to FOLLOWER at term 9 for candidate:3b795d5a-b002-4e0e-8d87-bd187dac4e43
2022-01-21 22:42:51,325 [grpc-default-executor-5] INFO  impl.RoleInfo (RoleInfo.java:shutdownFollowerState(108)) - 33960171-3598-4c9a-8f0c-3d16f1502dba: shutdown 33960171-3598-4c9a-8f0c-3d16f1502dba@group-B1D18A7504CD-FollowerState
2022-01-21 22:42:51,325 [grpc-default-executor-5] INFO  impl.RoleInfo (RoleInfo.java:updateAndGet(130)) - 33960171-3598-4c9a-8f0c-3d16f1502dba: start 33960171-3598-4c9a-8f0c-3d16f1502dba@group-B1D18A7504CD-FollowerState
2022-01-21 22:42:51,325 [33960171-3598-4c9a-8f0c-3d16f1502dba@group-B1D18A7504CD-FollowerState] INFO  impl.FollowerState (FollowerState.java:run(143)) - 33960171-3598-4c9a-8f0c-3d16f1502dba@group-B1D18A7504CD-FollowerState was interrupted: {}
java.lang.InterruptedException: sleep interrupted
	at java.lang.Thread.sleep(Native Method)
	at java.lang.Thread.sleep(Thread.java:340)
	at java.util.concurrent.TimeUnit.sleep(TimeUnit.java:386)
	at org.apache.ratis.util.TimeDuration.sleep(TimeDuration.java:324)
	at org.apache.ratis.util.TimeDuration.sleep(TimeDuration.java:309)
	at org.apache.ratis.server.impl.FollowerState.run(FollowerState.java:118)
2022-01-21 22:42:51,326 [grpc-default-executor-5] INFO  server.RaftServer$Division (RaftServerImpl.java:requestVote(1078)) - 33960171-3598-4c9a-8f0c-3d16f1502dba@group-B1D18A7504CD replies to ELECTION vote request: 3b795d5a-b002-4e0e-8d87-bd187dac4e43<-33960171-3598-4c9a-8f0c-3d16f1502dba#0:OK-t9. Peer's state: 33960171-3598-4c9a-8f0c-3d16f1502dba@group-B1D18A7504CD:t9, leader=null, voted=3b795d5a-b002-4e0e-8d87-bd187dac4e43, raftlog=33960171-3598-4c9a-8f0c-3d16f1502dba@group-B1D18A7504CD-SegmentedRaftLog:OPENED:c-1, conf=-1: [33960171-3598-4c9a-8f0c-3d16f1502dba|rpc:10.1.0.82:44949|priority:0, 85f03e38-9c25-442e-a296-583332b1e3c2|rpc:10.1.0.82:45945|priority:1, 3b795d5a-b002-4e0e-8d87-bd187dac4e43|rpc:10.1.0.82:39307|priority:0], old=null
2022-01-21 22:42:51,340 [grpc-default-executor-5] INFO  server.RaftServer$Division (RaftServerImpl.java:requestVote(1046)) - 85f03e38-9c25-442e-a296-583332b1e3c2@group-B1D18A7504CD: receive requestVote(ELECTION, 3b795d5a-b002-4e0e-8d87-bd187dac4e43, group-B1D18A7504CD, 9, (t:0, i:0))
2022-01-21 22:42:51,340 [grpc-default-executor-5] INFO  impl.VoteContext (VoteContext.java:log(48)) - 85f03e38-9c25-442e-a296-583332b1e3c2@group-B1D18A7504CD-FOLLOWER: reject ELECTION from 3b795d5a-b002-4e0e-8d87-bd187dac4e43: our priority 1 > candidate's priority 0
2022-01-21 22:42:51,340 [grpc-default-executor-5] INFO  server.RaftServer$Division (RaftServerImpl.java:setRole(290)) - 85f03e38-9c25-442e-a296-583332b1e3c2@group-B1D18A7504CD: changes role from  FOLLOWER to FOLLOWER at term 9 for candidate:3b795d5a-b002-4e0e-8d87-bd187dac4e43
2022-01-21 22:42:51,340 [grpc-default-executor-5] INFO  impl.RoleInfo (RoleInfo.java:shutdownFollowerState(108)) - 85f03e38-9c25-442e-a296-583332b1e3c2: shutdown 85f03e38-9c25-442e-a296-583332b1e3c2@group-B1D18A7504CD-FollowerState
2022-01-21 22:42:51,340 [grpc-default-executor-5] INFO  impl.RoleInfo (RoleInfo.java:updateAndGet(130)) - 85f03e38-9c25-442e-a296-583332b1e3c2: start 85f03e38-9c25-442e-a296-583332b1e3c2@group-B1D18A7504CD-FollowerState
2022-01-21 22:42:51,341 [85f03e38-9c25-442e-a296-583332b1e3c2@group-B1D18A7504CD-FollowerState] INFO  impl.FollowerState (FollowerState.java:run(143)) - 85f03e38-9c25-442e-a296-583332b1e3c2@group-B1D18A7504CD-FollowerState was interrupted: {}
java.lang.InterruptedException: sleep interrupted
	at java.lang.Thread.sleep(Native Method)
	at java.lang.Thread.sleep(Thread.java:340)
	at java.util.concurrent.TimeUnit.sleep(TimeUnit.java:386)
	at org.apache.ratis.util.TimeDuration.sleep(TimeDuration.java:324)
	at org.apache.ratis.util.TimeDuration.sleep(TimeDuration.java:309)
	at org.apache.ratis.server.impl.FollowerState.run(FollowerState.java:118)
2022-01-21 22:42:51,341 [grpc-default-executor-5] INFO  server.RaftServer$Division (RaftServerImpl.java:requestVote(1078)) - 85f03e38-9c25-442e-a296-583332b1e3c2@group-B1D18A7504CD replies to ELECTION vote request: 3b795d5a-b002-4e0e-8d87-bd187dac4e43<-85f03e38-9c25-442e-a296-583332b1e3c2#0:FAIL-t9. Peer's state: 85f03e38-9c25-442e-a296-583332b1e3c2@group-B1D18A7504CD:t9, leader=null, voted=null, raftlog=85f03e38-9c25-442e-a296-583332b1e3c2@group-B1D18A7504CD-SegmentedRaftLog:OPENED:c-1, conf=-1: [33960171-3598-4c9a-8f0c-3d16f1502dba|rpc:10.1.0.82:44949|dataStream:|priority:0, 85f03e38-9c25-442e-a296-583332b1e3c2|rpc:10.1.0.82:45945|dataStream:|priority:1, 3b795d5a-b002-4e0e-8d87-bd187dac4e43|rpc:10.1.0.82:39307|dataStream:|priority:0], old=null
2022-01-21 22:42:51,347 [3b795d5a-b002-4e0e-8d87-bd187dac4e43@group-B1D18A7504CD-LeaderElection31] INFO  impl.LeaderElection (LeaderElection.java:logAndReturn(89)) - 3b795d5a-b002-4e0e-8d87-bd187dac4e43@group-B1D18A7504CD-LeaderElection31: ELECTION REJECTED received 2 response(s) and 0 exception(s):
2022-01-21 22:42:51,347 [3b795d5a-b002-4e0e-8d87-bd187dac4e43@group-B1D18A7504CD-LeaderElection31] INFO  impl.LeaderElection (LeaderElection.java:logAndReturn(93)) -   Response 0: 3b795d5a-b002-4e0e-8d87-bd187dac4e43<-33960171-3598-4c9a-8f0c-3d16f1502dba#0:OK-t9
2022-01-21 22:42:51,347 [3b795d5a-b002-4e0e-8d87-bd187dac4e43@group-B1D18A7504CD-LeaderElection31] INFO  impl.LeaderElection (LeaderElection.java:logAndReturn(93)) -   Response 1: 3b795d5a-b002-4e0e-8d87-bd187dac4e43<-85f03e38-9c25-442e-a296-583332b1e3c2#0:FAIL-t9
2022-01-21 22:42:51,347 [3b795d5a-b002-4e0e-8d87-bd187dac4e43@group-B1D18A7504CD-LeaderElection31] INFO  impl.LeaderElection (LeaderElection.java:askForVotes(308)) - 3b795d5a-b002-4e0e-8d87-bd187dac4e43@group-B1D18A7504CD-LeaderElection31 ELECTION round 0: result REJECTED
2022-01-21 22:42:51,347 [3b795d5a-b002-4e0e-8d87-bd187dac4e43@group-B1D18A7504CD-LeaderElection31] INFO  server.RaftServer$Division (RaftServerImpl.java:setRole(290)) - 3b795d5a-b002-4e0e-8d87-bd187dac4e43@group-B1D18A7504CD: changes role from CANDIDATE to FOLLOWER at term 9 for REJECTED
2022-01-21 22:42:51,347 [3b795d5a-b002-4e0e-8d87-bd187dac4e43@group-B1D18A7504CD-LeaderElection31] INFO  impl.RoleInfo (RoleInfo.java:shutdownLeaderElection(121)) - 3b795d5a-b002-4e0e-8d87-bd187dac4e43: shutdown 3b795d5a-b002-4e0e-8d87-bd187dac4e43@group-B1D18A7504CD-LeaderElection31
2022-01-21 22:42:51,347 [3b795d5a-b002-4e0e-8d87-bd187dac4e43@group-B1D18A7504CD-LeaderElection31] INFO  impl.RoleInfo (RoleInfo.java:updateAndGet(130)) - 3b795d5a-b002-4e0e-8d87-bd187dac4e43: start 3b795d5a-b002-4e0e-8d87-bd187dac4e43@group-B1D18A7504CD-FollowerState
2022-01-21 22:42:51,705 [Listener at 127.0.0.1/33563] INFO  ozone.MiniOzoneClusterImpl (MiniOzoneClusterImpl.java:lambda$waitForClusterToBeReady$0(219)) - Nodes are ready. Got 3 of 3 DN Heartbeats.
2022-01-21 22:42:51,705 [Listener at 127.0.0.1/33563] INFO  ozone.MiniOzoneClusterImpl (MiniOzoneClusterImpl.java:lambda$waitForClusterToBeReady$0(222)) - Waiting for cluster to exit safe mode
2022-01-21 22:42:51,706 [Listener at 127.0.0.1/33563] INFO  ozone.MiniOzoneClusterImpl (MiniOzoneClusterImpl.java:lambda$waitForClusterToBeReady$0(224)) - SCM became leader
2022-01-21 22:42:52,706 [Listener at 127.0.0.1/33563] INFO  ozone.MiniOzoneClusterImpl (MiniOzoneClusterImpl.java:lambda$waitForClusterToBeReady$0(219)) - Nodes are ready. Got 3 of 3 DN Heartbeats.
2022-01-21 22:42:52,706 [Listener at 127.0.0.1/33563] INFO  ozone.MiniOzoneClusterImpl (MiniOzoneClusterImpl.java:lambda$waitForClusterToBeReady$0(222)) - Waiting for cluster to exit safe mode
2022-01-21 22:42:52,706 [Listener at 127.0.0.1/33563] INFO  ozone.MiniOzoneClusterImpl (MiniOzoneClusterImpl.java:lambda$waitForClusterToBeReady$0(224)) - SCM became leader
2022-01-21 22:42:53,706 [Listener at 127.0.0.1/33563] INFO  ozone.MiniOzoneClusterImpl (MiniOzoneClusterImpl.java:lambda$waitForClusterToBeReady$0(219)) - Nodes are ready. Got 3 of 3 DN Heartbeats.
2022-01-21 22:42:53,706 [Listener at 127.0.0.1/33563] INFO  ozone.MiniOzoneClusterImpl (MiniOzoneClusterImpl.java:lambda$waitForClusterToBeReady$0(222)) - Waiting for cluster to exit safe mode
2022-01-21 22:42:53,706 [Listener at 127.0.0.1/33563] INFO  ozone.MiniOzoneClusterImpl (MiniOzoneClusterImpl.java:lambda$waitForClusterToBeReady$0(224)) - SCM became leader
2022-01-21 22:42:54,707 [Listener at 127.0.0.1/33563] INFO  ozone.MiniOzoneClusterImpl (MiniOzoneClusterImpl.java:lambda$waitForClusterToBeReady$0(219)) - Nodes are ready. Got 3 of 3 DN Heartbeats.
2022-01-21 22:42:54,707 [Listener at 127.0.0.1/33563] INFO  ozone.MiniOzoneClusterImpl (MiniOzoneClusterImpl.java:lambda$waitForClusterToBeReady$0(222)) - Waiting for cluster to exit safe mode
2022-01-21 22:42:54,707 [Listener at 127.0.0.1/33563] INFO  ozone.MiniOzoneClusterImpl (MiniOzoneClusterImpl.java:lambda$waitForClusterToBeReady$0(224)) - SCM became leader
2022-01-21 22:42:55,707 [Listener at 127.0.0.1/33563] INFO  ozone.MiniOzoneClusterImpl (MiniOzoneClusterImpl.java:lambda$waitForClusterToBeReady$0(219)) - Nodes are ready. Got 3 of 3 DN Heartbeats.
2022-01-21 22:42:55,707 [Listener at 127.0.0.1/33563] INFO  ozone.MiniOzoneClusterImpl (MiniOzoneClusterImpl.java:lambda$waitForClusterToBeReady$0(222)) - Waiting for cluster to exit safe mode
2022-01-21 22:42:55,707 [Listener at 127.0.0.1/33563] INFO  ozone.MiniOzoneClusterImpl (MiniOzoneClusterImpl.java:lambda$waitForClusterToBeReady$0(224)) - SCM became leader
2022-01-21 22:42:56,460 [85f03e38-9c25-442e-a296-583332b1e3c2@group-B1D18A7504CD-FollowerState] INFO  impl.FollowerState (FollowerState.java:run(134)) - 85f03e38-9c25-442e-a296-583332b1e3c2@group-B1D18A7504CD-FollowerState: change to CANDIDATE, lastRpcElapsedTime:5120542413ns, electionTimeout:5120ms
2022-01-21 22:42:56,461 [85f03e38-9c25-442e-a296-583332b1e3c2@group-B1D18A7504CD-FollowerState] INFO  impl.RoleInfo (RoleInfo.java:shutdownFollowerState(108)) - 85f03e38-9c25-442e-a296-583332b1e3c2: shutdown 85f03e38-9c25-442e-a296-583332b1e3c2@group-B1D18A7504CD-FollowerState
2022-01-21 22:42:56,461 [85f03e38-9c25-442e-a296-583332b1e3c2@group-B1D18A7504CD-FollowerState] INFO  server.RaftServer$Division (RaftServerImpl.java:setRole(290)) - 85f03e38-9c25-442e-a296-583332b1e3c2@group-B1D18A7504CD: changes role from  FOLLOWER to CANDIDATE at term 9 for changeToCandidate
2022-01-21 22:42:56,461 [85f03e38-9c25-442e-a296-583332b1e3c2@group-B1D18A7504CD-FollowerState] INFO  server.RaftServerConfigKeys (ConfUtils.java:logGet(44)) - raft.server.leaderelection.pre-vote = false (custom)
2022-01-21 22:42:56,461 [85f03e38-9c25-442e-a296-583332b1e3c2@group-B1D18A7504CD-FollowerState] INFO  impl.RoleInfo (RoleInfo.java:updateAndGet(130)) - 85f03e38-9c25-442e-a296-583332b1e3c2: start 85f03e38-9c25-442e-a296-583332b1e3c2@group-B1D18A7504CD-LeaderElection32
2022-01-21 22:42:56,476 [85f03e38-9c25-442e-a296-583332b1e3c2@group-B1D18A7504CD-LeaderElection32] INFO  impl.LeaderElection (LeaderElection.java:askForVotes(306)) - 85f03e38-9c25-442e-a296-583332b1e3c2@group-B1D18A7504CD-LeaderElection32 ELECTION round 0: submit vote requests at term 10 for -1: [33960171-3598-4c9a-8f0c-3d16f1502dba|rpc:10.1.0.82:44949|dataStream:|priority:0, 85f03e38-9c25-442e-a296-583332b1e3c2|rpc:10.1.0.82:45945|dataStream:|priority:1, 3b795d5a-b002-4e0e-8d87-bd187dac4e43|rpc:10.1.0.82:39307|dataStream:|priority:0], old=null
2022-01-21 22:42:56,484 [grpc-default-executor-5] INFO  server.RaftServer$Division (RaftServerImpl.java:requestVote(1046)) - 33960171-3598-4c9a-8f0c-3d16f1502dba@group-B1D18A7504CD: receive requestVote(ELECTION, 85f03e38-9c25-442e-a296-583332b1e3c2, group-B1D18A7504CD, 10, (t:0, i:0))
2022-01-21 22:42:56,485 [grpc-default-executor-5] INFO  impl.VoteContext (VoteContext.java:log(48)) - 33960171-3598-4c9a-8f0c-3d16f1502dba@group-B1D18A7504CD-FOLLOWER: accept ELECTION from 85f03e38-9c25-442e-a296-583332b1e3c2: our priority 0 <= candidate's priority 1
2022-01-21 22:42:56,485 [grpc-default-executor-5] INFO  server.RaftServer$Division (RaftServerImpl.java:setRole(290)) - 33960171-3598-4c9a-8f0c-3d16f1502dba@group-B1D18A7504CD: changes role from  FOLLOWER to FOLLOWER at term 10 for candidate:85f03e38-9c25-442e-a296-583332b1e3c2
2022-01-21 22:42:56,485 [grpc-default-executor-5] INFO  impl.RoleInfo (RoleInfo.java:shutdownFollowerState(108)) - 33960171-3598-4c9a-8f0c-3d16f1502dba: shutdown 33960171-3598-4c9a-8f0c-3d16f1502dba@group-B1D18A7504CD-FollowerState
2022-01-21 22:42:56,485 [grpc-default-executor-5] INFO  impl.RoleInfo (RoleInfo.java:updateAndGet(130)) - 33960171-3598-4c9a-8f0c-3d16f1502dba: start 33960171-3598-4c9a-8f0c-3d16f1502dba@group-B1D18A7504CD-FollowerState
2022-01-21 22:42:56,486 [33960171-3598-4c9a-8f0c-3d16f1502dba@group-B1D18A7504CD-FollowerState] INFO  impl.FollowerState (FollowerState.java:run(143)) - 33960171-3598-4c9a-8f0c-3d16f1502dba@group-B1D18A7504CD-FollowerState was interrupted: {}
java.lang.InterruptedException: sleep interrupted
	at java.lang.Thread.sleep(Native Method)
	at java.lang.Thread.sleep(Thread.java:340)
	at java.util.concurrent.TimeUnit.sleep(TimeUnit.java:386)
	at org.apache.ratis.util.TimeDuration.sleep(TimeDuration.java:324)
	at org.apache.ratis.util.TimeDuration.sleep(TimeDuration.java:309)
	at org.apache.ratis.server.impl.FollowerState.run(FollowerState.java:118)
2022-01-21 22:42:56,487 [grpc-default-executor-5] INFO  server.RaftServer$Division (RaftServerImpl.java:requestVote(1078)) - 33960171-3598-4c9a-8f0c-3d16f1502dba@group-B1D18A7504CD replies to ELECTION vote request: 85f03e38-9c25-442e-a296-583332b1e3c2<-33960171-3598-4c9a-8f0c-3d16f1502dba#0:OK-t10. Peer's state: 33960171-3598-4c9a-8f0c-3d16f1502dba@group-B1D18A7504CD:t10, leader=null, voted=85f03e38-9c25-442e-a296-583332b1e3c2, raftlog=33960171-3598-4c9a-8f0c-3d16f1502dba@group-B1D18A7504CD-SegmentedRaftLog:OPENED:c-1, conf=-1: [33960171-3598-4c9a-8f0c-3d16f1502dba|rpc:10.1.0.82:44949|priority:0, 85f03e38-9c25-442e-a296-583332b1e3c2|rpc:10.1.0.82:45945|priority:1, 3b795d5a-b002-4e0e-8d87-bd187dac4e43|rpc:10.1.0.82:39307|priority:0], old=null
2022-01-21 22:42:56,496 [grpc-default-executor-5] INFO  server.RaftServer$Division (RaftServerImpl.java:requestVote(1046)) - 3b795d5a-b002-4e0e-8d87-bd187dac4e43@group-B1D18A7504CD: receive requestVote(ELECTION, 85f03e38-9c25-442e-a296-583332b1e3c2, group-B1D18A7504CD, 10, (t:0, i:0))
2022-01-21 22:42:56,496 [grpc-default-executor-5] INFO  impl.VoteContext (VoteContext.java:log(48)) - 3b795d5a-b002-4e0e-8d87-bd187dac4e43@group-B1D18A7504CD-FOLLOWER: accept ELECTION from 85f03e38-9c25-442e-a296-583332b1e3c2: our priority 0 <= candidate's priority 1
2022-01-21 22:42:56,496 [grpc-default-executor-5] INFO  server.RaftServer$Division (RaftServerImpl.java:setRole(290)) - 3b795d5a-b002-4e0e-8d87-bd187dac4e43@group-B1D18A7504CD: changes role from  FOLLOWER to FOLLOWER at term 10 for candidate:85f03e38-9c25-442e-a296-583332b1e3c2
2022-01-21 22:42:56,496 [grpc-default-executor-5] INFO  impl.RoleInfo (RoleInfo.java:shutdownFollowerState(108)) - 3b795d5a-b002-4e0e-8d87-bd187dac4e43: shutdown 3b795d5a-b002-4e0e-8d87-bd187dac4e43@group-B1D18A7504CD-FollowerState
2022-01-21 22:42:56,496 [grpc-default-executor-5] INFO  impl.RoleInfo (RoleInfo.java:updateAndGet(130)) - 3b795d5a-b002-4e0e-8d87-bd187dac4e43: start 3b795d5a-b002-4e0e-8d87-bd187dac4e43@group-B1D18A7504CD-FollowerState
2022-01-21 22:42:56,496 [3b795d5a-b002-4e0e-8d87-bd187dac4e43@group-B1D18A7504CD-FollowerState] INFO  impl.FollowerState (FollowerState.java:run(143)) - 3b795d5a-b002-4e0e-8d87-bd187dac4e43@group-B1D18A7504CD-FollowerState was interrupted: {}
java.lang.InterruptedException: sleep interrupted
	at java.lang.Thread.sleep(Native Method)
	at java.lang.Thread.sleep(Thread.java:340)
	at java.util.concurrent.TimeUnit.sleep(TimeUnit.java:386)
	at org.apache.ratis.util.TimeDuration.sleep(TimeDuration.java:324)
	at org.apache.ratis.util.TimeDuration.sleep(TimeDuration.java:309)
	at org.apache.ratis.server.impl.FollowerState.run(FollowerState.java:118)
2022-01-21 22:42:56,496 [85f03e38-9c25-442e-a296-583332b1e3c2@group-B1D18A7504CD-LeaderElection32] INFO  impl.LeaderElection (LeaderElection.java:logAndReturn(89)) - 85f03e38-9c25-442e-a296-583332b1e3c2@group-B1D18A7504CD-LeaderElection32: ELECTION PASSED received 1 response(s) and 0 exception(s):
2022-01-21 22:42:56,503 [85f03e38-9c25-442e-a296-583332b1e3c2@group-B1D18A7504CD-LeaderElection32] INFO  impl.LeaderElection (LeaderElection.java:logAndReturn(93)) -   Response 0: 85f03e38-9c25-442e-a296-583332b1e3c2<-33960171-3598-4c9a-8f0c-3d16f1502dba#0:OK-t10
2022-01-21 22:42:56,503 [85f03e38-9c25-442e-a296-583332b1e3c2@group-B1D18A7504CD-LeaderElection32] INFO  impl.LeaderElection (LeaderElection.java:askForVotes(308)) - 85f03e38-9c25-442e-a296-583332b1e3c2@group-B1D18A7504CD-LeaderElection32 ELECTION round 0: result PASSED
2022-01-21 22:42:56,503 [85f03e38-9c25-442e-a296-583332b1e3c2@group-B1D18A7504CD-LeaderElection32] INFO  impl.RoleInfo (RoleInfo.java:shutdownLeaderElection(121)) - 85f03e38-9c25-442e-a296-583332b1e3c2: shutdown 85f03e38-9c25-442e-a296-583332b1e3c2@group-B1D18A7504CD-LeaderElection32
2022-01-21 22:42:56,504 [85f03e38-9c25-442e-a296-583332b1e3c2@group-B1D18A7504CD-LeaderElection32] INFO  server.RaftServer$Division (RaftServerImpl.java:setRole(290)) - 85f03e38-9c25-442e-a296-583332b1e3c2@group-B1D18A7504CD: changes role from CANDIDATE to LEADER at term 10 for changeToLeader
2022-01-21 22:42:56,504 [85f03e38-9c25-442e-a296-583332b1e3c2@group-B1D18A7504CD-LeaderElection32] INFO  ratis.XceiverServerRatis (XceiverServerRatis.java:handleLeaderChangedNotification(866)) - Leader change notification received for group: group-B1D18A7504CD with new leaderId: 85f03e38-9c25-442e-a296-583332b1e3c2
2022-01-21 22:42:56,504 [85f03e38-9c25-442e-a296-583332b1e3c2@group-B1D18A7504CD-LeaderElection32] INFO  server.RaftServer$Division (ServerState.java:setLeader(285)) - 85f03e38-9c25-442e-a296-583332b1e3c2@group-B1D18A7504CD: change Leader from null to 85f03e38-9c25-442e-a296-583332b1e3c2 at term 10 for becomeLeader, leader elected after 51118ms
2022-01-21 22:42:56,504 [85f03e38-9c25-442e-a296-583332b1e3c2@group-B1D18A7504CD-LeaderElection32] INFO  server.RaftServerConfigKeys (ConfUtils.java:logGet(44)) - raft.server.staging.catchup.gap = 1000 (default)
2022-01-21 22:42:56,504 [85f03e38-9c25-442e-a296-583332b1e3c2@group-B1D18A7504CD-LeaderElection32] INFO  server.RaftServerConfigKeys (ConfUtils.java:logGet(44)) - raft.server.write.element-limit = 1024 (custom)
2022-01-21 22:42:56,504 [85f03e38-9c25-442e-a296-583332b1e3c2@group-B1D18A7504CD-LeaderElection32] INFO  server.RaftServerConfigKeys (ConfUtils.java:logGet(44)) - raft.server.write.byte-limit = 1024 M (=1073741824) (custom)
2022-01-21 22:42:56,505 [85f03e38-9c25-442e-a296-583332b1e3c2@group-B1D18A7504CD-LeaderElection32] INFO  server.RaftServerConfigKeys (ConfUtils.java:logGet(44)) - raft.server.watch.timeout = 180s (custom)
2022-01-21 22:42:56,505 [85f03e38-9c25-442e-a296-583332b1e3c2@group-B1D18A7504CD-LeaderElection32] INFO  server.RaftServerConfigKeys (ConfUtils.java:logGet(44)) - raft.server.watch.timeout.denomination = 1s (default)
2022-01-21 22:42:56,505 [85f03e38-9c25-442e-a296-583332b1e3c2@group-B1D18A7504CD-LeaderElection32] INFO  server.RaftServerConfigKeys (ConfUtils.java:logGet(44)) - raft.server.watch.element-limit = 65536 (default)
2022-01-21 22:42:56,505 [85f03e38-9c25-442e-a296-583332b1e3c2@group-B1D18A7504CD-LeaderElection32] INFO  server.RaftServerConfigKeys (ConfUtils.java:logGet(44)) - raft.server.write.element-limit = 1024 (custom)
2022-01-21 22:42:56,505 [85f03e38-9c25-442e-a296-583332b1e3c2@group-B1D18A7504CD-LeaderElection32] INFO  server.RaftServerConfigKeys (ConfUtils.java:logGet(44)) - raft.server.write.follower.gap.ratio.max = -1.0 (default)
2022-01-21 22:42:56,506 [85f03e38-9c25-442e-a296-583332b1e3c2@group-B1D18A7504CD-LeaderElection32] INFO  server.RaftServerConfigKeys (ConfUtils.java:logGet(44)) - raft.server.log.appender.snapshot.chunk.size.max = 16MB (=16777216) (default)
2022-01-21 22:42:56,506 [85f03e38-9c25-442e-a296-583332b1e3c2@group-B1D18A7504CD-LeaderElection32] INFO  server.RaftServerConfigKeys (ConfUtils.java:logGet(44)) - raft.server.log.appender.buffer.byte-limit = 33554432 (custom)
2022-01-21 22:42:56,506 [85f03e38-9c25-442e-a296-583332b1e3c2@group-B1D18A7504CD-LeaderElection32] INFO  server.RaftServerConfigKeys (ConfUtils.java:logGet(44)) - raft.server.log.appender.buffer.element-limit = 1 (custom)
2022-01-21 22:42:56,506 [85f03e38-9c25-442e-a296-583332b1e3c2@group-B1D18A7504CD-LeaderElection32] INFO  grpc.GrpcConfigKeys (ConfUtils.java:logGet(44)) - raft.grpc.server.leader.outstanding.appends.max = 128 (default)
2022-01-21 22:42:56,506 [85f03e38-9c25-442e-a296-583332b1e3c2@group-B1D18A7504CD-LeaderElection32] INFO  server.RaftServerConfigKeys (ConfUtils.java:logGet(44)) - raft.server.rpc.request.timeout = 60s (custom)
2022-01-21 22:42:56,506 [85f03e38-9c25-442e-a296-583332b1e3c2@group-B1D18A7504CD-LeaderElection32] INFO  server.RaftServerConfigKeys (ConfUtils.java:logGet(44)) - raft.server.log.appender.install.snapshot.enabled = false (custom)
2022-01-21 22:42:56,506 [85f03e38-9c25-442e-a296-583332b1e3c2@group-B1D18A7504CD-LeaderElection32] INFO  server.RaftServerConfigKeys (ConfUtils.java:logGet(44)) - raft.server.log.appender.snapshot.chunk.size.max = 16MB (=16777216) (default)
2022-01-21 22:42:56,507 [85f03e38-9c25-442e-a296-583332b1e3c2@group-B1D18A7504CD-LeaderElection32] INFO  server.RaftServerConfigKeys (ConfUtils.java:logGet(44)) - raft.server.log.appender.buffer.byte-limit = 33554432 (custom)
2022-01-21 22:42:56,507 [85f03e38-9c25-442e-a296-583332b1e3c2@group-B1D18A7504CD-LeaderElection32] INFO  server.RaftServerConfigKeys (ConfUtils.java:logGet(44)) - raft.server.log.appender.buffer.element-limit = 1 (custom)
2022-01-21 22:42:56,507 [85f03e38-9c25-442e-a296-583332b1e3c2@group-B1D18A7504CD-LeaderElection32] INFO  grpc.GrpcConfigKeys (ConfUtils.java:logGet(44)) - raft.grpc.server.leader.outstanding.appends.max = 128 (default)
2022-01-21 22:42:56,507 [85f03e38-9c25-442e-a296-583332b1e3c2@group-B1D18A7504CD-LeaderElection32] INFO  server.RaftServerConfigKeys (ConfUtils.java:logGet(44)) - raft.server.rpc.request.timeout = 60s (custom)
2022-01-21 22:42:56,507 [85f03e38-9c25-442e-a296-583332b1e3c2@group-B1D18A7504CD-LeaderElection32] INFO  server.RaftServerConfigKeys (ConfUtils.java:logGet(44)) - raft.server.log.appender.install.snapshot.enabled = false (custom)
2022-01-21 22:42:56,507 [85f03e38-9c25-442e-a296-583332b1e3c2@group-B1D18A7504CD-LeaderElection32] INFO  impl.RoleInfo (RoleInfo.java:updateAndGet(130)) - 85f03e38-9c25-442e-a296-583332b1e3c2: start 85f03e38-9c25-442e-a296-583332b1e3c2@group-B1D18A7504CD-LeaderStateImpl
2022-01-21 22:42:56,507 [85f03e38-9c25-442e-a296-583332b1e3c2@group-B1D18A7504CD-LeaderElection32] INFO  segmented.SegmentedRaftLogWorker (SegmentedRaftLogWorker.java:startLogSegment(394)) - 85f03e38-9c25-442e-a296-583332b1e3c2@group-B1D18A7504CD-SegmentedRaftLogWorker: Starting segment from index:0
2022-01-21 22:42:56,509 [85f03e38-9c25-442e-a296-583332b1e3c2@group-B1D18A7504CD-SegmentedRaftLogWorker] INFO  segmented.SegmentedRaftLogWorker (SegmentedRaftLogWorker.java:execute(601)) - 85f03e38-9c25-442e-a296-583332b1e3c2@group-B1D18A7504CD-SegmentedRaftLogWorker: created new log segment /home/runner/work/ozone/ozone/hadoop-ozone/integration-test/target/test-dir/MiniOzoneClusterImpl-5c2351a1-b605-4f96-be75-a807118e8034/datanode-2/data/ratis/e38a47b2-0f2b-43ed-bf73-b1d18a7504cd/current/log_inprogress_0
2022-01-21 22:42:56,510 [EventQueue-PipelineReportForPipelineReportHandler] INFO  pipeline.PipelineManagerImpl (PipelineManagerImpl.java:openPipeline(291)) - Pipeline Pipeline[ Id: e38a47b2-0f2b-43ed-bf73-b1d18a7504cd, Nodes: 3b795d5a-b002-4e0e-8d87-bd187dac4e43{ip: 10.1.0.82, host: fv-az148-708.bm4ck3pvxvsene1rjriu5fhcdb.bx.internal.cloudapp.net, ports: [REPLICATION=38691, RATIS=39307, RATIS_ADMIN=39307, RATIS_SERVER=39307, STANDALONE=34625], networkLocation: /default-rack, certSerialId: null, persistedOpState: IN_SERVICE, persistedOpStateExpiryEpochSec: 0}85f03e38-9c25-442e-a296-583332b1e3c2{ip: 10.1.0.82, host: fv-az148-708.bm4ck3pvxvsene1rjriu5fhcdb.bx.internal.cloudapp.net, ports: [REPLICATION=38143, RATIS=45945, RATIS_ADMIN=45945, RATIS_SERVER=45945, STANDALONE=37015], networkLocation: /default-rack, certSerialId: null, persistedOpState: IN_SERVICE, persistedOpStateExpiryEpochSec: 0}33960171-3598-4c9a-8f0c-3d16f1502dba{ip: 10.1.0.82, host: fv-az148-708.bm4ck3pvxvsene1rjriu5fhcdb.bx.internal.cloudapp.net, ports: [REPLICATION=34695, RATIS=44949, RATIS_ADMIN=44949, RATIS_SERVER=44949, STANDALONE=45471], networkLocation: /default-rack, certSerialId: null, persistedOpState: IN_SERVICE, persistedOpStateExpiryEpochSec: 0}, ReplicationConfig: RATIS/THREE, State:ALLOCATED, leaderId:85f03e38-9c25-442e-a296-583332b1e3c2, CreationTimestamp2022-01-21T22:42:02.734Z[Etc/UTC]] moved to OPEN state
2022-01-21 22:42:56,511 [EventQueue-OpenPipelineForHealthyPipelineSafeModeRule] INFO  safemode.SCMSafeModeManager (HealthyPipelineSafeModeRule.java:process(124)) - SCM in safe mode. Healthy pipelines reported count is 0, required healthy pipeline reported count is 1
2022-01-21 22:42:56,511 [ae63a35f-302e-44fc-ab4d-43f01902f64a@group-A807118E8034-StateMachineUpdater] INFO  safemode.HealthyPipelineSafeModeRule (HealthyPipelineSafeModeRule.java:initializeRule(152)) - Refreshed total pipeline count is 1, healthy pipeline threshold count is 1
2022-01-21 22:42:56,512 [EventQueue-PipelineReportForPipelineReportHandler] INFO  ha.SCMHAInvocationHandler (SCMHAInvocationHandler.java:invokeRatis(113)) - Invoking method public abstract void org.apache.hadoop.hdds.scm.pipeline.PipelineStateManager.updatePipelineState(org.apache.hadoop.hdds.protocol.proto.HddsProtos$PipelineID,org.apache.hadoop.hdds.protocol.proto.HddsProtos$PipelineState) throws java.io.IOException on target org.apache.hadoop.hdds.scm.ha.SCMRatisServerImpl@35527c23, cost 1764.735us
2022-01-21 22:42:56,512 [EventQueue-OpenPipelineForHealthyPipelineSafeModeRule] INFO  safemode.SCMSafeModeManager (HealthyPipelineSafeModeRule.java:process(124)) - SCM in safe mode. Healthy pipelines reported count is 1, required healthy pipeline reported count is 1
2022-01-21 22:42:56,512 [EventQueue-OpenPipelineForHealthyPipelineSafeModeRule] INFO  safemode.SCMSafeModeManager (SCMSafeModeManager.java:validateSafeModeExitRules(204)) - HealthyPipelineSafeModeRule rule is successfully validated
2022-01-21 22:42:56,512 [EventQueue-OpenPipelineForHealthyPipelineSafeModeRule] INFO  safemode.SCMSafeModeManager (SCMSafeModeManager.java:validateSafeModeExitRules(219)) - ScmSafeModeManager, all rules are successfully validated
2022-01-21 22:42:56,512 [EventQueue-OpenPipelineForHealthyPipelineSafeModeRule] INFO  safemode.SCMSafeModeManager (SCMSafeModeManager.java:exitSafeMode(248)) - SCM exiting safe mode.
2022-01-21 22:42:56,512 [EventQueue-OpenPipelineForHealthyPipelineSafeModeRule] WARN  events.EventQueue (EventQueue.java:fireEvent(194)) - No event handler registered for event TypedEvent{payloadType=SafeModeStatus, name='Safe mode status'}
2022-01-21 22:42:56,512 [EventQueue-OpenPipelineForHealthyPipelineSafeModeRule] INFO  ha.SCMContext (SCMContext.java:updateSafeModeStatus(211)) - Update SafeModeStatus from SafeModeStatus{safeModeStatus=true, preCheckPassed=true} to SafeModeStatus{safeModeStatus=false, preCheckPassed=true}.
2022-01-21 22:42:56,512 [EventQueue-OpenPipelineForHealthyPipelineSafeModeRule] INFO  container.ReplicationManager (ReplicationManager.java:notifyStatusChanged(1802)) - Service ReplicationManager transitions to RUNNING.
2022-01-21 22:42:56,532 [grpc-default-executor-5] INFO  server.RaftServer$Division (RaftServerImpl.java:requestVote(1078)) - 3b795d5a-b002-4e0e-8d87-bd187dac4e43@group-B1D18A7504CD replies to ELECTION vote request: 85f03e38-9c25-442e-a296-583332b1e3c2<-3b795d5a-b002-4e0e-8d87-bd187dac4e43#0:OK-t10. Peer's state: 3b795d5a-b002-4e0e-8d87-bd187dac4e43@group-B1D18A7504CD:t10, leader=null, voted=85f03e38-9c25-442e-a296-583332b1e3c2, raftlog=3b795d5a-b002-4e0e-8d87-bd187dac4e43@group-B1D18A7504CD-SegmentedRaftLog:OPENED:c-1, conf=-1: [33960171-3598-4c9a-8f0c-3d16f1502dba|rpc:10.1.0.82:44949|dataStream:|priority:0, 85f03e38-9c25-442e-a296-583332b1e3c2|rpc:10.1.0.82:45945|dataStream:|priority:1, 3b795d5a-b002-4e0e-8d87-bd187dac4e43|rpc:10.1.0.82:39307|dataStream:|priority:0], old=null
2022-01-21 22:42:56,534 [85f03e38-9c25-442e-a296-583332b1e3c2@group-B1D18A7504CD-LeaderElection32] INFO  server.RaftServer$Division (ServerState.java:setRaftConf(387)) - 85f03e38-9c25-442e-a296-583332b1e3c2@group-B1D18A7504CD: set configuration 0: [33960171-3598-4c9a-8f0c-3d16f1502dba|rpc:10.1.0.82:44949|dataStream:|priority:0, 85f03e38-9c25-442e-a296-583332b1e3c2|rpc:10.1.0.82:45945|dataStream:|priority:1, 3b795d5a-b002-4e0e-8d87-bd187dac4e43|rpc:10.1.0.82:39307|dataStream:|priority:0], old=null
2022-01-21 22:42:56,554 [grpc-default-executor-4] INFO  ratis.XceiverServerRatis (XceiverServerRatis.java:handleLeaderChangedNotification(866)) - Leader change notification received for group: group-B1D18A7504CD with new leaderId: 85f03e38-9c25-442e-a296-583332b1e3c2
2022-01-21 22:42:56,554 [grpc-default-executor-4] INFO  server.RaftServer$Division (ServerState.java:setLeader(285)) - 3b795d5a-b002-4e0e-8d87-bd187dac4e43@group-B1D18A7504CD: change Leader from null to 85f03e38-9c25-442e-a296-583332b1e3c2 at term 10 for appendEntries, leader elected after 51421ms
2022-01-21 22:42:56,572 [grpc-default-executor-4] INFO  server.RaftServer$Division (ServerState.java:setRaftConf(387)) - 3b795d5a-b002-4e0e-8d87-bd187dac4e43@group-B1D18A7504CD: set configuration 0: [33960171-3598-4c9a-8f0c-3d16f1502dba|rpc:10.1.0.82:44949|dataStream:|priority:0, 85f03e38-9c25-442e-a296-583332b1e3c2|rpc:10.1.0.82:45945|dataStream:|priority:1, 3b795d5a-b002-4e0e-8d87-bd187dac4e43|rpc:10.1.0.82:39307|dataStream:|priority:0], old=null
2022-01-21 22:42:56,572 [grpc-default-executor-4] INFO  segmented.SegmentedRaftLogWorker (SegmentedRaftLogWorker.java:startLogSegment(394)) - 3b795d5a-b002-4e0e-8d87-bd187dac4e43@group-B1D18A7504CD-SegmentedRaftLogWorker: Starting segment from index:0
2022-01-21 22:42:56,581 [3b795d5a-b002-4e0e-8d87-bd187dac4e43@group-B1D18A7504CD-SegmentedRaftLogWorker] INFO  segmented.SegmentedRaftLogWorker (SegmentedRaftLogWorker.java:execute(601)) - 3b795d5a-b002-4e0e-8d87-bd187dac4e43@group-B1D18A7504CD-SegmentedRaftLogWorker: created new log segment /home/runner/work/ozone/ozone/hadoop-ozone/integration-test/target/test-dir/MiniOzoneClusterImpl-5c2351a1-b605-4f96-be75-a807118e8034/datanode-1/data/ratis/e38a47b2-0f2b-43ed-bf73-b1d18a7504cd/current/log_inprogress_0
2022-01-21 22:42:56,600 [grpc-default-executor-5] INFO  ratis.XceiverServerRatis (XceiverServerRatis.java:handleLeaderChangedNotification(866)) - Leader change notification received for group: group-B1D18A7504CD with new leaderId: 85f03e38-9c25-442e-a296-583332b1e3c2
2022-01-21 22:42:56,600 [grpc-default-executor-5] INFO  server.RaftServer$Division (ServerState.java:setLeader(285)) - 33960171-3598-4c9a-8f0c-3d16f1502dba@group-B1D18A7504CD: change Leader from null to 85f03e38-9c25-442e-a296-583332b1e3c2 at term 10 for appendEntries, leader elected after 51609ms
2022-01-21 22:42:56,604 [grpc-default-executor-5] INFO  server.RaftServer$Division (ServerState.java:setRaftConf(387)) - 33960171-3598-4c9a-8f0c-3d16f1502dba@group-B1D18A7504CD: set configuration 0: [33960171-3598-4c9a-8f0c-3d16f1502dba|rpc:10.1.0.82:44949|dataStream:|priority:0, 85f03e38-9c25-442e-a296-583332b1e3c2|rpc:10.1.0.82:45945|dataStream:|priority:1, 3b795d5a-b002-4e0e-8d87-bd187dac4e43|rpc:10.1.0.82:39307|dataStream:|priority:0], old=null
2022-01-21 22:42:56,611 [grpc-default-executor-5] INFO  segmented.SegmentedRaftLogWorker (SegmentedRaftLogWorker.java:startLogSegment(394)) - 33960171-3598-4c9a-8f0c-3d16f1502dba@group-B1D18A7504CD-SegmentedRaftLogWorker: Starting segment from index:0
2022-01-21 22:42:56,613 [33960171-3598-4c9a-8f0c-3d16f1502dba@group-B1D18A7504CD-SegmentedRaftLogWorker] INFO  segmented.SegmentedRaftLogWorker (SegmentedRaftLogWorker.java:execute(601)) - 33960171-3598-4c9a-8f0c-3d16f1502dba@group-B1D18A7504CD-SegmentedRaftLogWorker: created new log segment /home/runner/work/ozone/ozone/hadoop-ozone/integration-test/target/test-dir/MiniOzoneClusterImpl-5c2351a1-b605-4f96-be75-a807118e8034/datanode-0/data/ratis/e38a47b2-0f2b-43ed-bf73-b1d18a7504cd/current/log_inprogress_0
2022-01-21 22:42:56,708 [Listener at 127.0.0.1/33563] INFO  ozone.MiniOzoneClusterImpl (MiniOzoneClusterImpl.java:lambda$waitForClusterToBeReady$0(219)) - Nodes are ready. Got 3 of 3 DN Heartbeats.
2022-01-21 22:42:56,708 [Listener at 127.0.0.1/33563] INFO  ozone.MiniOzoneClusterImpl (MiniOzoneClusterImpl.java:lambda$waitForClusterToBeReady$0(222)) - Cluster exits safe mode
2022-01-21 22:42:56,708 [Listener at 127.0.0.1/33563] INFO  ozone.MiniOzoneClusterImpl (MiniOzoneClusterImpl.java:lambda$waitForClusterToBeReady$0(224)) - SCM became leader
2022-01-21 22:42:56,708 [Listener at 127.0.0.1/33563] INFO  server.StorageContainerManager (StorageContainerManager.java:stop(1390)) - Stopping Container Balancer service.
2022-01-21 22:42:56,708 [Listener at 127.0.0.1/33563] INFO  balancer.ContainerBalancer (ContainerBalancer.java:stop(751)) - Container Balancer is not running.
2022-01-21 22:42:56,708 [Listener at 127.0.0.1/33563] INFO  server.StorageContainerManager (StorageContainerManager.java:stop(1397)) - Stopping Replication Manager Service.
2022-01-21 22:42:56,708 [Listener at 127.0.0.1/33563] INFO  container.ReplicationManager (ReplicationManager.java:stop(357)) - Stopping Replication Monitor Thread.
2022-01-21 22:42:56,708 [Listener at 127.0.0.1/33563] INFO  server.StorageContainerManager (StorageContainerManager.java:stop(1404)) - Stopping the Datanode Admin Monitor.
2022-01-21 22:42:56,708 [Listener at 127.0.0.1/33563] INFO  server.StorageContainerManager (StorageContainerManager.java:stop(1411)) - Stopping Lease Manager of the command watchers
2022-01-21 22:42:56,708 [Listener at 127.0.0.1/33563] INFO  server.StorageContainerManager (StorageContainerManager.java:stop(1418)) - Stopping datanode service RPC server
2022-01-21 22:42:56,708 [Listener at 127.0.0.1/33563] INFO  server.SCMDatanodeProtocolServer (SCMDatanodeProtocolServer.java:stop(390)) - Stopping the RPC server for DataNodes
2022-01-21 22:42:56,709 [Listener at 127.0.0.1/33563] INFO  ipc.Server (Server.java:stop(3414)) - Stopping server on 36573
2022-01-21 22:42:56,713 [IPC Server listener on 0] INFO  ipc.Server (Server.java:run(1376)) - Stopping IPC Server listener on 0
2022-01-21 22:42:56,713 [IPC Server Responder] INFO  ipc.Server (Server.java:run(1512)) - Stopping IPC Server Responder
2022-01-21 22:42:56,715 [SCM Heartbeat Processing Thread - 0] WARN  node.NodeStateManager (NodeStateManager.java:scheduleNextHealthCheck(799)) - Current Thread is interrupted, shutting down HB processing thread for Node Manager.
2022-01-21 22:42:56,716 [Listener at 127.0.0.1/33563] INFO  server.StorageContainerManager (StorageContainerManager.java:stop(1426)) - Stopping block service RPC server
2022-01-21 22:42:56,716 [Listener at 127.0.0.1/33563] INFO  server.SCMBlockProtocolServer (SCMBlockProtocolServer.java:stop(160)) - Stopping the RPC server for Block Protocol
2022-01-21 22:42:56,716 [Listener at 127.0.0.1/33563] INFO  ipc.Server (Server.java:stop(3414)) - Stopping server on 43095
2022-01-21 22:42:56,720 [IPC Server listener on 0] INFO  ipc.Server (Server.java:run(1376)) - Stopping IPC Server listener on 0
2022-01-21 22:42:56,726 [Listener at 127.0.0.1/33563] INFO  server.StorageContainerManager (StorageContainerManager.java:stop(1433)) - Stopping the StorageContainerLocationProtocol RPC server
2022-01-21 22:42:56,726 [Listener at 127.0.0.1/33563] INFO  server.SCMClientProtocolServer (SCMClientProtocolServer.java:stop(173)) - Stopping the RPC server for Client Protocol
2022-01-21 22:42:56,726 [Listener at 127.0.0.1/33563] INFO  ipc.Server (Server.java:stop(3414)) - Stopping server on 33369
2022-01-21 22:42:56,726 [IPC Server Responder] INFO  ipc.Server (Server.java:run(1512)) - Stopping IPC Server Responder
2022-01-21 22:42:56,731 [IPC Server listener on 0] INFO  ipc.Server (Server.java:run(1376)) - Stopping IPC Server listener on 0
2022-01-21 22:42:56,735 [Listener at 127.0.0.1/33563] INFO  server.StorageContainerManager (StorageContainerManager.java:stop(1440)) - Stopping Storage Container Manager HTTP server.
2022-01-21 22:42:56,736 [Listener at 127.0.0.1/33563] INFO  handler.ContextHandler (ContextHandler.java:doStop(1153)) - Stopped o.e.j.w.WebAppContext@3aad4c48{scm,/,null,STOPPED}{file:/home/runner/work/ozone/ozone/hadoop-ozone/integration-test/target/test-classes/webapps/scm}
2022-01-21 22:42:56,736 [IPC Server Responder] INFO  ipc.Server (Server.java:run(1512)) - Stopping IPC Server Responder
2022-01-21 22:42:56,737 [Listener at 127.0.0.1/33563] INFO  server.AbstractConnector (AbstractConnector.java:doStop(381)) - Stopped ServerConnector@4fea9d51{HTTP/1.1, (http/1.1)}{0.0.0.0:0}
2022-01-21 22:42:56,737 [Listener at 127.0.0.1/33563] INFO  server.session (HouseKeeper.java:stopScavenging(149)) - node0 Stopped scavenging
2022-01-21 22:42:56,737 [Listener at 127.0.0.1/33563] INFO  handler.ContextHandler (ContextHandler.java:doStop(1153)) - Stopped o.e.j.s.ServletContextHandler@57211fa9{static,/static,file:///home/runner/work/ozone/ozone/hadoop-ozone/integration-test/target/test-classes/webapps/static,STOPPED}
2022-01-21 22:42:56,737 [Listener at 127.0.0.1/33563] INFO  handler.ContextHandler (ContextHandler.java:doStop(1153)) - Stopped o.e.j.s.ServletContextHandler@11cbf162{logs,/logs,file:///home/runner/work/ozone/ozone/hadoop-ozone/integration-test/target/log,STOPPED}
2022-01-21 22:42:56,738 [Listener at 127.0.0.1/33563] INFO  server.StorageContainerManager (StorageContainerManager.java:stop(1451)) - Stopping Block Manager Service.
2022-01-21 22:42:56,738 [Listener at 127.0.0.1/33563] INFO  utils.BackgroundService (BackgroundService.java:shutdown(132)) - Shutting down service SCMBlockDeletingService
2022-01-21 22:42:56,740 [Listener at 127.0.0.1/33563] INFO  utils.BackgroundService (BackgroundService.java:shutdown(132)) - Shutting down service SCMBlockDeletingService
2022-01-21 22:42:56,740 [Listener at 127.0.0.1/33563] INFO  server.StorageContainerManager (StorageContainerManager.java:stop(1478)) - Stopping SCM Event Queue.
2022-01-21 22:42:56,743 [Listener at 127.0.0.1/33563] INFO  server.StorageContainerManager (StorageContainerManager.java:stop(1489)) - Stopping SCM HA services.
2022-01-21 22:42:56,743 [Listener at 127.0.0.1/33563] INFO  ha.SCMRatisServerImpl (SCMRatisServerImpl.java:stop(236)) - stopping ratis server 0.0.0.0:9894
2022-01-21 22:42:56,744 [Listener at 127.0.0.1/33563] INFO  server.RaftServer (RaftServerProxy.java:lambda$close$6(391)) - ae63a35f-302e-44fc-ab4d-43f01902f64a: close
2022-01-21 22:42:56,744 [Listener at 127.0.0.1/33563] INFO  server.RaftServer$Division (RaftServerImpl.java:lambda$close$4(412)) - ae63a35f-302e-44fc-ab4d-43f01902f64a@group-A807118E8034: shutdown
2022-01-21 22:42:56,745 [Listener at 127.0.0.1/33563] INFO  util.JmxRegister (JmxRegister.java:unregister(73)) - Successfully un-registered JMX Bean with object name Ratis:service=RaftServer,group=group-A807118E8034,id=ae63a35f-302e-44fc-ab4d-43f01902f64a
2022-01-21 22:42:56,745 [Listener at 127.0.0.1/33563] INFO  impl.RoleInfo (RoleInfo.java:shutdownLeaderState(91)) - ae63a35f-302e-44fc-ab4d-43f01902f64a: shutdown ae63a35f-302e-44fc-ab4d-43f01902f64a@group-A807118E8034-LeaderStateImpl
2022-01-21 22:42:56,745 [Listener at 127.0.0.1/33563] INFO  impl.PendingRequests (PendingRequests.java:sendNotLeaderResponses(282)) - ae63a35f-302e-44fc-ab4d-43f01902f64a@group-A807118E8034-PendingRequests: sendNotLeaderResponses
2022-01-21 22:42:56,745 [Listener at 127.0.0.1/33563] INFO  ha.SCMStateMachine (SCMStateMachine.java:notifyNotLeader(190)) - current leader SCM steps down.
2022-01-21 22:42:56,745 [Listener at 127.0.0.1/33563] INFO  ha.SCMContext (SCMContext.java:updateLeaderAndTerm(90)) - update <isLeader,term> from <true,2> to <false,0>
2022-01-21 22:42:56,745 [Listener at 127.0.0.1/33563] INFO  ha.SCMContext (SCMContext.java:updateLeaderAndTerm(97)) - update <isLeaderReady> from <false> to <false>
2022-01-21 22:42:56,747 [Listener at 127.0.0.1/33563] INFO  impl.StateMachineUpdater (StateMachineUpdater.java:stopAndJoin(149)) - ae63a35f-302e-44fc-ab4d-43f01902f64a@group-A807118E8034-StateMachineUpdater: set stopIndex = 18
2022-01-21 22:42:56,747 [ae63a35f-302e-44fc-ab4d-43f01902f64a@group-A807118E8034-StateMachineUpdater] INFO  ha.SCMStateMachine (SCMStateMachine.java:takeSnapshot(297)) - Current Snapshot Index 18, takeSnapshot took 0 ms
2022-01-21 22:42:56,747 [ae63a35f-302e-44fc-ab4d-43f01902f64a@group-A807118E8034-StateMachineUpdater] INFO  impl.StateMachineUpdater (StateMachineUpdater.java:takeSnapshot(281)) - ae63a35f-302e-44fc-ab4d-43f01902f64a@group-A807118E8034-StateMachineUpdater: Took a snapshot at index 18
2022-01-21 22:42:56,747 [ae63a35f-302e-44fc-ab4d-43f01902f64a@group-A807118E8034-StateMachineUpdater] INFO  impl.StateMachineUpdater (StateMachineUpdater.java:lambda$new$0(89)) - ae63a35f-302e-44fc-ab4d-43f01902f64a@group-A807118E8034-StateMachineUpdater: snapshotIndex: updateIncreasingly -1 -> 18
2022-01-21 22:42:56,747 [Listener at 127.0.0.1/33563] INFO  server.RaftServer$Division (ServerState.java:close(419)) - ae63a35f-302e-44fc-ab4d-43f01902f64a@group-A807118E8034: closes. applyIndex: 18
2022-01-21 22:42:56,748 [ae63a35f-302e-44fc-ab4d-43f01902f64a@group-A807118E8034-SegmentedRaftLogWorker] INFO  segmented.SegmentedRaftLogWorker (SegmentedRaftLogWorker.java:run(327)) - ae63a35f-302e-44fc-ab4d-43f01902f64a@group-A807118E8034-SegmentedRaftLogWorker was interrupted, exiting. There are 0 tasks remaining in the queue.
2022-01-21 22:42:56,749 [Listener at 127.0.0.1/33563] INFO  segmented.SegmentedRaftLogWorker (SegmentedRaftLogWorker.java:close(237)) - ae63a35f-302e-44fc-ab4d-43f01902f64a@group-A807118E8034-SegmentedRaftLogWorker close()
2022-01-21 22:42:56,750 [Listener at 127.0.0.1/33563] INFO  server.GrpcService (GrpcService.java:closeImpl(262)) - ae63a35f-302e-44fc-ab4d-43f01902f64a: shutdown server with port 9894 now
2022-01-21 22:42:56,750 [Listener at 127.0.0.1/33563] INFO  server.GrpcService (GrpcService.java:closeImpl(271)) - ae63a35f-302e-44fc-ab4d-43f01902f64a: shutdown server with port 9894 successfully
2022-01-21 22:42:56,750 [org.apache.ratis.util.JvmPauseMonitor$$Lambda$431/1288267183@32a7bac3] INFO  util.JvmPauseMonitor (JvmPauseMonitor.java:run(109)) - JvmPauseMonitor-ae63a35f-302e-44fc-ab4d-43f01902f64a: Stopped
2022-01-21 22:42:56,755 [Listener at 127.0.0.1/33563] INFO  pipeline.BackgroundPipelineCreator (BackgroundPipelineCreator.java:stop(158)) - Stopping RatisPipelineUtilsThread.
2022-01-21 22:42:56,756 [Listener at 127.0.0.1/33563] INFO  server.StorageContainerManager (StorageContainerManager.java:stop(1499)) - Stopping SCM MetadataStore.
2022-01-21 22:42:56,757 [Listener at 127.0.0.1/33563] INFO  impl.MetricsSystemImpl (MetricsSystemImpl.java:stop(210)) - Stopping HddsDatanode metrics system...
2022-01-21 22:42:56,768 [prometheus] INFO  impl.MetricsSinkAdapter (MetricsSinkAdapter.java:publishMetricsFromQueue(141)) - prometheus thread interrupted.
2022-01-21 22:42:56,768 [Listener at 127.0.0.1/33563] INFO  impl.MetricsSystemImpl (MetricsSystemImpl.java:stop(216)) - HddsDatanode metrics system stopped.
2022-01-21 22:42:57,455 [EndpointStateMachine task thread for /0.0.0.0:36573 - 0 ] WARN  statemachine.EndpointStateMachine (EndpointStateMachine.java:logIfNeeded(236)) - Unable to communicate to SCM server at 0.0.0.0:36573 for past 0 seconds.
java.io.EOFException: End of File Exception between local host is: "fv-az148-708/10.1.0.82"; destination host is: "0.0.0.0":36573; : java.io.EOFException; For more details see:  http://wiki.apache.org/hadoop/EOFException
	at sun.reflect.NativeConstructorAccessorImpl.newInstance0(Native Method)
	at sun.reflect.NativeConstructorAccessorImpl.newInstance(NativeConstructorAccessorImpl.java:62)
	at sun.reflect.DelegatingConstructorAccessorImpl.newInstance(DelegatingConstructorAccessorImpl.java:45)
	at java.lang.reflect.Constructor.newInstance(Constructor.java:423)
	at org.apache.hadoop.net.NetUtils.wrapWithMessage(NetUtils.java:913)
	at org.apache.hadoop.net.NetUtils.wrapException(NetUtils.java:862)
	at org.apache.hadoop.ipc.Client.getRpcResponse(Client.java:1577)
	at org.apache.hadoop.ipc.Client.call(Client.java:1519)
	at org.apache.hadoop.ipc.Client.call(Client.java:1416)
	at org.apache.hadoop.ipc.ProtobufRpcEngine$Invoker.invoke(ProtobufRpcEngine.java:236)
	at org.apache.hadoop.ipc.ProtobufRpcEngine$Invoker.invoke(ProtobufRpcEngine.java:123)
	at com.sun.proxy.$Proxy49.submitRequest(Unknown Source)
	at org.apache.hadoop.ozone.protocolPB.StorageContainerDatanodeProtocolClientSideTranslatorPB.submitRequest(StorageContainerDatanodeProtocolClientSideTranslatorPB.java:117)
	at org.apache.hadoop.ozone.protocolPB.StorageContainerDatanodeProtocolClientSideTranslatorPB.sendHeartbeat(StorageContainerDatanodeProtocolClientSideTranslatorPB.java:149)
	at org.apache.hadoop.ozone.container.common.states.endpoint.HeartbeatEndpointTask.call(HeartbeatEndpointTask.java:179)
	at org.apache.hadoop.ozone.container.common.states.endpoint.HeartbeatEndpointTask.call(HeartbeatEndpointTask.java:82)
	at java.util.concurrent.FutureTask.run(FutureTask.java:266)
	at java.util.concurrent.ThreadPoolExecutor.runWorker(ThreadPoolExecutor.java:1149)
	at java.util.concurrent.ThreadPoolExecutor$Worker.run(ThreadPoolExecutor.java:624)
	at java.lang.Thread.run(Thread.java:748)
Caused by: java.io.EOFException
	at java.io.DataInputStream.readInt(DataInputStream.java:392)
	at org.apache.hadoop.ipc.Client$IpcStreams.readResponse(Client.java:1892)
	at org.apache.hadoop.ipc.Client$Connection.receiveRpcResponse(Client.java:1202)
	at org.apache.hadoop.ipc.Client$Connection.run(Client.java:1098)
2022-01-21 22:42:58,507 [EndpointStateMachine task thread for /0.0.0.0:36573 - 0 ] INFO  ipc.Client (Client.java:handleConnectionFailure(977)) - Retrying connect to server: 0.0.0.0/0.0.0.0:36573. Already tried 0 time(s); retry policy is RetryUpToMaximumCountWithFixedSleep(maxRetries=15, sleepTime=1000 MILLISECONDS)
2022-01-21 22:42:59,507 [EndpointStateMachine task thread for /0.0.0.0:36573 - 0 ] INFO  ipc.Client (Client.java:handleConnectionFailure(977)) - Retrying connect to server: 0.0.0.0/0.0.0.0:36573. Already tried 1 time(s); retry policy is RetryUpToMaximumCountWithFixedSleep(maxRetries=15, sleepTime=1000 MILLISECONDS)
2022-01-21 22:43:00,508 [EndpointStateMachine task thread for /0.0.0.0:36573 - 0 ] INFO  ipc.Client (Client.java:handleConnectionFailure(977)) - Retrying connect to server: 0.0.0.0/0.0.0.0:36573. Already tried 2 time(s); retry policy is RetryUpToMaximumCountWithFixedSleep(maxRetries=15, sleepTime=1000 MILLISECONDS)
2022-01-21 22:43:01,509 [EndpointStateMachine task thread for /0.0.0.0:36573 - 0 ] INFO  ipc.Client (Client.java:handleConnectionFailure(977)) - Retrying connect to server: 0.0.0.0/0.0.0.0:36573. Already tried 3 time(s); retry policy is RetryUpToMaximumCountWithFixedSleep(maxRetries=15, sleepTime=1000 MILLISECONDS)
2022-01-21 22:43:01,769 [Listener at 127.0.0.1/33563] INFO  ozoneimpl.OzoneContainer (OzoneContainer.java:stop(336)) - Attempting to stop container services.
2022-01-21 22:43:01,772 [Listener at 127.0.0.1/33563] INFO  server.RaftServer (RaftServerProxy.java:lambda$close$6(391)) - 33960171-3598-4c9a-8f0c-3d16f1502dba: close
2022-01-21 22:43:01,772 [Listener at 127.0.0.1/33563] INFO  server.RaftServer$Division (RaftServerImpl.java:lambda$close$4(412)) - 33960171-3598-4c9a-8f0c-3d16f1502dba@group-09F0EFF3BF9D: shutdown
2022-01-21 22:43:01,773 [Listener at 127.0.0.1/33563] INFO  util.JmxRegister (JmxRegister.java:unregister(73)) - Successfully un-registered JMX Bean with object name Ratis:service=RaftServer,group=group-09F0EFF3BF9D,id=33960171-3598-4c9a-8f0c-3d16f1502dba
2022-01-21 22:43:01,773 [Listener at 127.0.0.1/33563] INFO  impl.RoleInfo (RoleInfo.java:shutdownLeaderState(91)) - 33960171-3598-4c9a-8f0c-3d16f1502dba: shutdown 33960171-3598-4c9a-8f0c-3d16f1502dba@group-09F0EFF3BF9D-LeaderStateImpl
2022-01-21 22:43:01,773 [Listener at 127.0.0.1/33563] INFO  impl.PendingRequests (PendingRequests.java:sendNotLeaderResponses(282)) - 33960171-3598-4c9a-8f0c-3d16f1502dba@group-09F0EFF3BF9D-PendingRequests: sendNotLeaderResponses
2022-01-21 22:43:01,773 [Listener at 127.0.0.1/33563] INFO  impl.StateMachineUpdater (StateMachineUpdater.java:stopAndJoin(149)) - 33960171-3598-4c9a-8f0c-3d16f1502dba@group-09F0EFF3BF9D-StateMachineUpdater: set stopIndex = 0
2022-01-21 22:43:01,774 [33960171-3598-4c9a-8f0c-3d16f1502dba@group-09F0EFF3BF9D-StateMachineUpdater] INFO  ratis.ContainerStateMachine (ContainerStateMachine.java:takeSnapshot(299)) - group-09F0EFF3BF9D: Taking a snapshot at:(t:1, i:0) file /home/runner/work/ozone/ozone/hadoop-ozone/integration-test/target/test-dir/MiniOzoneClusterImpl-5c2351a1-b605-4f96-be75-a807118e8034/datanode-0/data/ratis/3ea29c09-960e-4d77-a31e-09f0eff3bf9d/sm/snapshot.1_0
2022-01-21 22:43:01,776 [33960171-3598-4c9a-8f0c-3d16f1502dba@group-09F0EFF3BF9D-StateMachineUpdater] INFO  ratis.ContainerStateMachine (ContainerStateMachine.java:takeSnapshot(310)) - group-09F0EFF3BF9D: Finished taking a snapshot at:(t:1, i:0) file:/home/runner/work/ozone/ozone/hadoop-ozone/integration-test/target/test-dir/MiniOzoneClusterImpl-5c2351a1-b605-4f96-be75-a807118e8034/datanode-0/data/ratis/3ea29c09-960e-4d77-a31e-09f0eff3bf9d/sm/snapshot.1_0 took: 2 ms
2022-01-21 22:43:01,776 [33960171-3598-4c9a-8f0c-3d16f1502dba@group-09F0EFF3BF9D-StateMachineUpdater] INFO  impl.StateMachineUpdater (StateMachineUpdater.java:takeSnapshot(281)) - 33960171-3598-4c9a-8f0c-3d16f1502dba@group-09F0EFF3BF9D-StateMachineUpdater: Took a snapshot at index 0
2022-01-21 22:43:01,776 [33960171-3598-4c9a-8f0c-3d16f1502dba@group-09F0EFF3BF9D-StateMachineUpdater] INFO  impl.StateMachineUpdater (StateMachineUpdater.java:lambda$new$0(89)) - 33960171-3598-4c9a-8f0c-3d16f1502dba@group-09F0EFF3BF9D-StateMachineUpdater: snapshotIndex: updateIncreasingly -1 -> 0
2022-01-21 22:43:01,776 [Listener at 127.0.0.1/33563] INFO  server.RaftServer$Division (ServerState.java:close(419)) - 33960171-3598-4c9a-8f0c-3d16f1502dba@group-09F0EFF3BF9D: closes. applyIndex: 0
2022-01-21 22:43:01,776 [33960171-3598-4c9a-8f0c-3d16f1502dba@group-09F0EFF3BF9D-SegmentedRaftLogWorker] INFO  segmented.SegmentedRaftLogWorker (SegmentedRaftLogWorker.java:run(327)) - 33960171-3598-4c9a-8f0c-3d16f1502dba@group-09F0EFF3BF9D-SegmentedRaftLogWorker was interrupted, exiting. There are 0 tasks remaining in the queue.
2022-01-21 22:43:01,777 [Listener at 127.0.0.1/33563] INFO  segmented.SegmentedRaftLogWorker (SegmentedRaftLogWorker.java:close(237)) - 33960171-3598-4c9a-8f0c-3d16f1502dba@group-09F0EFF3BF9D-SegmentedRaftLogWorker close()
2022-01-21 22:43:01,778 [Listener at 127.0.0.1/33563] INFO  server.RaftServer$Division (RaftServerImpl.java:lambda$close$4(412)) - 33960171-3598-4c9a-8f0c-3d16f1502dba@group-B1D18A7504CD: shutdown
2022-01-21 22:43:01,778 [Listener at 127.0.0.1/33563] INFO  util.JmxRegister (JmxRegister.java:unregister(73)) - Successfully un-registered JMX Bean with object name Ratis:service=RaftServer,group=group-B1D18A7504CD,id=33960171-3598-4c9a-8f0c-3d16f1502dba
2022-01-21 22:43:01,778 [Listener at 127.0.0.1/33563] INFO  impl.RoleInfo (RoleInfo.java:shutdownFollowerState(108)) - 33960171-3598-4c9a-8f0c-3d16f1502dba: shutdown 33960171-3598-4c9a-8f0c-3d16f1502dba@group-B1D18A7504CD-FollowerState
2022-01-21 22:43:01,778 [33960171-3598-4c9a-8f0c-3d16f1502dba@group-B1D18A7504CD-FollowerState] INFO  impl.FollowerState (FollowerState.java:run(143)) - 33960171-3598-4c9a-8f0c-3d16f1502dba@group-B1D18A7504CD-FollowerState was interrupted: {}
java.lang.InterruptedException: sleep interrupted
	at java.lang.Thread.sleep(Native Method)
	at java.lang.Thread.sleep(Thread.java:340)
	at java.util.concurrent.TimeUnit.sleep(TimeUnit.java:386)
	at org.apache.ratis.util.TimeDuration.sleep(TimeDuration.java:324)
	at org.apache.ratis.util.TimeDuration.sleep(TimeDuration.java:309)
	at org.apache.ratis.server.impl.FollowerState.run(FollowerState.java:118)
2022-01-21 22:43:01,778 [33960171-3598-4c9a-8f0c-3d16f1502dba@group-B1D18A7504CD-StateMachineUpdater] INFO  ratis.ContainerStateMachine (ContainerStateMachine.java:takeSnapshot(299)) - group-B1D18A7504CD: Taking a snapshot at:(t:10, i:0) file /home/runner/work/ozone/ozone/hadoop-ozone/integration-test/target/test-dir/MiniOzoneClusterImpl-5c2351a1-b605-4f96-be75-a807118e8034/datanode-0/data/ratis/e38a47b2-0f2b-43ed-bf73-b1d18a7504cd/sm/snapshot.10_0
2022-01-21 22:43:01,779 [Listener at 127.0.0.1/33563] INFO  impl.StateMachineUpdater (StateMachineUpdater.java:stopAndJoin(149)) - 33960171-3598-4c9a-8f0c-3d16f1502dba@group-B1D18A7504CD-StateMachineUpdater: set stopIndex = 0
2022-01-21 22:43:01,779 [33960171-3598-4c9a-8f0c-3d16f1502dba@group-B1D18A7504CD-StateMachineUpdater] INFO  ratis.ContainerStateMachine (ContainerStateMachine.java:takeSnapshot(310)) - group-B1D18A7504CD: Finished taking a snapshot at:(t:10, i:0) file:/home/runner/work/ozone/ozone/hadoop-ozone/integration-test/target/test-dir/MiniOzoneClusterImpl-5c2351a1-b605-4f96-be75-a807118e8034/datanode-0/data/ratis/e38a47b2-0f2b-43ed-bf73-b1d18a7504cd/sm/snapshot.10_0 took: 1 ms
2022-01-21 22:43:01,779 [33960171-3598-4c9a-8f0c-3d16f1502dba@group-B1D18A7504CD-StateMachineUpdater] INFO  impl.StateMachineUpdater (StateMachineUpdater.java:takeSnapshot(281)) - 33960171-3598-4c9a-8f0c-3d16f1502dba@group-B1D18A7504CD-StateMachineUpdater: Took a snapshot at index 0
2022-01-21 22:43:01,779 [33960171-3598-4c9a-8f0c-3d16f1502dba@group-B1D18A7504CD-StateMachineUpdater] INFO  impl.StateMachineUpdater (StateMachineUpdater.java:lambda$new$0(89)) - 33960171-3598-4c9a-8f0c-3d16f1502dba@group-B1D18A7504CD-StateMachineUpdater: snapshotIndex: updateIncreasingly -1 -> 0
2022-01-21 22:43:01,780 [Listener at 127.0.0.1/33563] INFO  server.RaftServer$Division (ServerState.java:close(419)) - 33960171-3598-4c9a-8f0c-3d16f1502dba@group-B1D18A7504CD: closes. applyIndex: 0
2022-01-21 22:43:01,780 [33960171-3598-4c9a-8f0c-3d16f1502dba@group-B1D18A7504CD-SegmentedRaftLogWorker] INFO  segmented.SegmentedRaftLogWorker (SegmentedRaftLogWorker.java:run(327)) - 33960171-3598-4c9a-8f0c-3d16f1502dba@group-B1D18A7504CD-SegmentedRaftLogWorker was interrupted, exiting. There are 0 tasks remaining in the queue.
2022-01-21 22:43:01,780 [Listener at 127.0.0.1/33563] INFO  segmented.SegmentedRaftLogWorker (SegmentedRaftLogWorker.java:close(237)) - 33960171-3598-4c9a-8f0c-3d16f1502dba@group-B1D18A7504CD-SegmentedRaftLogWorker close()
2022-01-21 22:43:01,781 [Listener at 127.0.0.1/33563] INFO  server.GrpcService (GrpcService.java:closeImpl(262)) - 33960171-3598-4c9a-8f0c-3d16f1502dba: shutdown server with port 44949 now
2022-01-21 22:43:01,792 [grpc-default-executor-2] WARN  server.GrpcServerProtocolService (LogUtils.java:warn(122)) - 33960171-3598-4c9a-8f0c-3d16f1502dba: installSnapshot onError, lastRequest: 85f03e38-9c25-442e-a296-583332b1e3c2->33960171-3598-4c9a-8f0c-3d16f1502dba#1-t10,previous=(t:0, i:0),leaderCommit=0,initializing? true,entries: size=1, first=(t:10, i:0), CONFIGURATIONENTRY: org.apache.ratis.thirdparty.io.grpc.StatusRuntimeException: CANCELLED: client cancelled
2022-01-21 22:43:01,800 [Listener at 127.0.0.1/33563] INFO  server.GrpcService (GrpcService.java:closeImpl(271)) - 33960171-3598-4c9a-8f0c-3d16f1502dba: shutdown server with port 44949 successfully
2022-01-21 22:43:01,800 [org.apache.ratis.util.JvmPauseMonitor$$Lambda$431/1288267183@6d2c3f1f] INFO  util.JvmPauseMonitor (JvmPauseMonitor.java:run(109)) - JvmPauseMonitor-33960171-3598-4c9a-8f0c-3d16f1502dba: Stopped
2022-01-21 22:43:01,801 [grpc-default-executor-5] WARN  server.GrpcLogAppender (LogUtils.java:warn(122)) - 85f03e38-9c25-442e-a296-583332b1e3c2@group-B1D18A7504CD->33960171-3598-4c9a-8f0c-3d16f1502dba-AppendLogResponseHandler: Failed appendEntries: org.apache.ratis.thirdparty.io.grpc.StatusRuntimeException: CANCELLED: HTTP/2 error code: CANCEL
Received Rst Stream
2022-01-21 22:43:01,802 [grpc-default-executor-5] WARN  server.GrpcLogAppender (GrpcLogAppender.java:resetClient(110)) - 85f03e38-9c25-442e-a296-583332b1e3c2@group-B1D18A7504CD->33960171-3598-4c9a-8f0c-3d16f1502dba-GrpcLogAppender: Leader has not got in touch with Follower 85f03e38-9c25-442e-a296-583332b1e3c2@group-B1D18A7504CD->33960171-3598-4c9a-8f0c-3d16f1502dba(c0,m0,n1, attendVote=true, lastRpcSendTime=164, lastRpcResponseTime=156) yet, just keep nextIndex unchanged and retry.
2022-01-21 22:43:02,509 [EndpointStateMachine task thread for /0.0.0.0:36573 - 0 ] INFO  ipc.Client (Client.java:handleConnectionFailure(977)) - Retrying connect to server: 0.0.0.0/0.0.0.0:36573. Already tried 4 time(s); retry policy is RetryUpToMaximumCountWithFixedSleep(maxRetries=15, sleepTime=1000 MILLISECONDS)
2022-01-21 22:43:03,515 [EndpointStateMachine task thread for /0.0.0.0:36573 - 0 ] INFO  ipc.Client (Client.java:handleConnectionFailure(977)) - Retrying connect to server: 0.0.0.0/0.0.0.0:36573. Already tried 5 time(s); retry policy is RetryUpToMaximumCountWithFixedSleep(maxRetries=15, sleepTime=1000 MILLISECONDS)
2022-01-21 22:43:03,822 [Listener at 127.0.0.1/33563] INFO  utils.BackgroundService (BackgroundService.java:shutdown(132)) - Shutting down service BlockDeletingService
2022-01-21 22:43:04,180 [grpc-default-executor-2] WARN  server.GrpcLogAppender (LogUtils.java:warn(122)) - 85f03e38-9c25-442e-a296-583332b1e3c2@group-B1D18A7504CD->33960171-3598-4c9a-8f0c-3d16f1502dba-AppendLogResponseHandler: Failed appendEntries: org.apache.ratis.thirdparty.io.grpc.StatusRuntimeException: UNAVAILABLE: io exception
2022-01-21 22:43:04,181 [grpc-default-executor-2] WARN  server.GrpcLogAppender (GrpcLogAppender.java:resetClient(110)) - 85f03e38-9c25-442e-a296-583332b1e3c2@group-B1D18A7504CD->33960171-3598-4c9a-8f0c-3d16f1502dba-GrpcLogAppender: Leader has not got in touch with Follower 85f03e38-9c25-442e-a296-583332b1e3c2@group-B1D18A7504CD->33960171-3598-4c9a-8f0c-3d16f1502dba(c0,m0,n1, attendVote=true, lastRpcSendTime=0, lastRpcResponseTime=2535) yet, just keep nextIndex unchanged and retry.
2022-01-21 22:43:04,518 [EndpointStateMachine task thread for /0.0.0.0:36573 - 0 ] INFO  ipc.Client (Client.java:handleConnectionFailure(977)) - Retrying connect to server: 0.0.0.0/0.0.0.0:36573. Already tried 6 time(s); retry policy is RetryUpToMaximumCountWithFixedSleep(maxRetries=15, sleepTime=1000 MILLISECONDS)
2022-01-21 22:43:05,519 [EndpointStateMachine task thread for /0.0.0.0:36573 - 0 ] INFO  ipc.Client (Client.java:handleConnectionFailure(977)) - Retrying connect to server: 0.0.0.0/0.0.0.0:36573. Already tried 7 time(s); retry policy is RetryUpToMaximumCountWithFixedSleep(maxRetries=15, sleepTime=1000 MILLISECONDS)
2022-01-21 22:43:06,519 [EndpointStateMachine task thread for /0.0.0.0:36573 - 0 ] INFO  ipc.Client (Client.java:handleConnectionFailure(977)) - Retrying connect to server: 0.0.0.0/0.0.0.0:36573. Already tried 8 time(s); retry policy is RetryUpToMaximumCountWithFixedSleep(maxRetries=15, sleepTime=1000 MILLISECONDS)
2022-01-21 22:43:06,688 [grpc-default-executor-2] WARN  server.GrpcLogAppender (LogUtils.java:warn(122)) - 85f03e38-9c25-442e-a296-583332b1e3c2@group-B1D18A7504CD->33960171-3598-4c9a-8f0c-3d16f1502dba-AppendLogResponseHandler: Failed appendEntries: org.apache.ratis.thirdparty.io.grpc.StatusRuntimeException: UNAVAILABLE: io exception
2022-01-21 22:43:06,689 [grpc-default-executor-2] WARN  server.GrpcLogAppender (GrpcLogAppender.java:resetClient(110)) - 85f03e38-9c25-442e-a296-583332b1e3c2@group-B1D18A7504CD->33960171-3598-4c9a-8f0c-3d16f1502dba-GrpcLogAppender: Leader has not got in touch with Follower 85f03e38-9c25-442e-a296-583332b1e3c2@group-B1D18A7504CD->33960171-3598-4c9a-8f0c-3d16f1502dba(c0,m0,n1, attendVote=true, lastRpcSendTime=0, lastRpcResponseTime=5043) yet, just keep nextIndex unchanged and retry.
2022-01-21 22:43:06,870 [Listener at 127.0.0.1/33563] INFO  statemachine.DatanodeStateMachine (DatanodeStateMachine.java:stopDaemon(529)) - Ozone container server stopped.
2022-01-21 22:43:06,871 [Listener at 127.0.0.1/33563] INFO  handler.ContextHandler (ContextHandler.java:doStop(1153)) - Stopped o.e.j.w.WebAppContext@75b00bd{hddsDatanode,/,null,STOPPED}{jar:file:/home/runner/.m2/repository/org/apache/ozone/hdds-container-service/1.3.0-SNAPSHOT/hdds-container-service-1.3.0-SNAPSHOT.jar!/webapps/hddsDatanode}
2022-01-21 22:43:06,873 [Listener at 127.0.0.1/33563] INFO  server.AbstractConnector (AbstractConnector.java:doStop(381)) - Stopped ServerConnector@e16f466{HTTP/1.1, (http/1.1)}{0.0.0.0:0}
2022-01-21 22:43:06,873 [Listener at 127.0.0.1/33563] INFO  server.session (HouseKeeper.java:stopScavenging(149)) - node0 Stopped scavenging
2022-01-21 22:43:06,873 [Listener at 127.0.0.1/33563] INFO  handler.ContextHandler (ContextHandler.java:doStop(1153)) - Stopped o.e.j.s.ServletContextHandler@51d79bcb{static,/static,jar:file:/home/runner/.m2/repository/org/apache/ozone/hdds-container-service/1.3.0-SNAPSHOT/hdds-container-service-1.3.0-SNAPSHOT.jar!/webapps/static,STOPPED}
2022-01-21 22:43:06,873 [Listener at 127.0.0.1/33563] INFO  handler.ContextHandler (ContextHandler.java:doStop(1153)) - Stopped o.e.j.s.ServletContextHandler@1c982222{logs,/logs,file:///home/runner/work/ozone/ozone/hadoop-ozone/integration-test/target/log,STOPPED}
2022-01-21 22:43:06,876 [Listener at 127.0.0.1/33563] WARN  impl.MetricRegistriesImpl (MetricRegistriesImpl.java:addReporterRegistration(111)) - New reporters are added after registries were created. Some metrics will be missing from the reporter. Please add reporter before adding any new registry.
2022-01-21 22:43:06,876 [Listener at 127.0.0.1/33563] WARN  impl.MetricRegistriesImpl (MetricRegistriesImpl.java:addReporterRegistration(111)) - New reporters are added after registries were created. Some metrics will be missing from the reporter. Please add reporter before adding any new registry.
2022-01-21 22:43:06,878 [Listener at 127.0.0.1/33563] WARN  impl.MetricsConfig (MetricsConfig.java:loadFirst(136)) - Cannot locate configuration: tried hadoop-metrics2-hddsdatanode.properties,hadoop-metrics2.properties
2022-01-21 22:43:06,887 [Listener at 127.0.0.1/33563] INFO  impl.MetricsSystemImpl (MetricsSystemImpl.java:startTimer(378)) - Scheduled Metric snapshot period at 10 second(s).
2022-01-21 22:43:06,887 [Listener at 127.0.0.1/33563] INFO  impl.MetricsSystemImpl (MetricsSystemImpl.java:start(191)) - HddsDatanode metrics system started
2022-01-21 22:43:07,010 [Listener at 127.0.0.1/33563] INFO  impl.MetricsSinkAdapter (MetricsSinkAdapter.java:start(204)) - Sink prometheus started
2022-01-21 22:43:07,010 [Listener at 127.0.0.1/33563] INFO  impl.MetricsSystemImpl (MetricsSystemImpl.java:registerSink(305)) - Registered sink prometheus
2022-01-21 22:43:07,143 [Listener at 127.0.0.1/33563] INFO  ozone.HddsDatanodeService (HddsDatanodeService.java:start(234)) - HddsDatanodeService host:fv-az148-708.bm4ck3pvxvsene1rjriu5fhcdb.bx.internal.cloudapp.net ip:10.1.0.82
2022-01-21 22:43:07,184 [Listener at 127.0.0.1/33563] INFO  upgrade.AbstractLayoutVersionManager (AbstractLayoutVersionManager.java:init(79)) - Initializing Layout version manager with metadata layout = SCM_HA (version = 2), software layout = SCM_HA (version = 2)
2022-01-21 22:43:07,318 [Listener at 127.0.0.1/33563] INFO  reflections.Reflections (Reflections.java:scan(232)) - Reflections took 132 ms to scan 7 urls, producing 119 keys and 279 values 
2022-01-21 22:43:07,321 [Listener at 127.0.0.1/33563] INFO  statemachine.DatanodeStateMachine (DatanodeStateMachine.java:getEndPointTaskThreadPoolSize(222)) - Datanode State Machine Task Thread Pool size 2
2022-01-21 22:43:07,328 [Listener at 127.0.0.1/33563] INFO  volume.HddsVolume (HddsVolume.java:<init>(120)) - Creating HddsVolume: /home/runner/work/ozone/ozone/hadoop-ozone/integration-test/target/test-dir/MiniOzoneClusterImpl-5c2351a1-b605-4f96-be75-a807118e8034/datanode-0/data-0/containers/hdds of storage type : DISK capacity : 9223372036854775807
2022-01-21 22:43:07,328 [Listener at 127.0.0.1/33563] INFO  volume.MutableVolumeSet (MutableVolumeSet.java:initializeVolumeSet(168)) - Added Volume : /home/runner/work/ozone/ozone/hadoop-ozone/integration-test/target/test-dir/MiniOzoneClusterImpl-5c2351a1-b605-4f96-be75-a807118e8034/datanode-0/data-0/containers/hdds to VolumeSet
2022-01-21 22:43:07,328 [Listener at 127.0.0.1/33563] INFO  volume.ThrottledAsyncChecker (ThrottledAsyncChecker.java:schedule(141)) - Scheduling a check for /home/runner/work/ozone/ozone/hadoop-ozone/integration-test/target/test-dir/MiniOzoneClusterImpl-5c2351a1-b605-4f96-be75-a807118e8034/datanode-0/data-0/containers/hdds
2022-01-21 22:43:07,346 [Listener at 127.0.0.1/33563] INFO  volume.StorageVolumeChecker (StorageVolumeChecker.java:checkAllVolumes(202)) - Scheduled health check for volume /home/runner/work/ozone/ozone/hadoop-ozone/integration-test/target/test-dir/MiniOzoneClusterImpl-5c2351a1-b605-4f96-be75-a807118e8034/datanode-0/data-0/containers/hdds
2022-01-21 22:43:07,383 [Listener at 127.0.0.1/33563] INFO  volume.MutableVolumeSet (MutableVolumeSet.java:initializeVolumeSet(168)) - Added Volume : /home/runner/work/ozone/ozone/hadoop-ozone/integration-test/target/test-dir/MiniOzoneClusterImpl-5c2351a1-b605-4f96-be75-a807118e8034/datanode-0/data/ratis to VolumeSet
2022-01-21 22:43:07,384 [Listener at 127.0.0.1/33563] INFO  volume.ThrottledAsyncChecker (ThrottledAsyncChecker.java:schedule(141)) - Scheduling a check for /home/runner/work/ozone/ozone/hadoop-ozone/integration-test/target/test-dir/MiniOzoneClusterImpl-5c2351a1-b605-4f96-be75-a807118e8034/datanode-0/data/ratis
2022-01-21 22:43:07,384 [Listener at 127.0.0.1/33563] INFO  volume.StorageVolumeChecker (StorageVolumeChecker.java:checkAllVolumes(202)) - Scheduled health check for volume /home/runner/work/ozone/ozone/hadoop-ozone/integration-test/target/test-dir/MiniOzoneClusterImpl-5c2351a1-b605-4f96-be75-a807118e8034/datanode-0/data/ratis
2022-01-21 22:43:07,449 [Thread-707] INFO  ozoneimpl.ContainerReader (ContainerReader.java:readVolume(142)) - Start to verify containers on volume /home/runner/work/ozone/ozone/hadoop-ozone/integration-test/target/test-dir/MiniOzoneClusterImpl-5c2351a1-b605-4f96-be75-a807118e8034/datanode-0/data-0/containers/hdds
2022-01-21 22:43:07,449 [Thread-707] INFO  ozoneimpl.ContainerReader (ContainerReader.java:readVolume(172)) - Finish verifying containers on volume /home/runner/work/ozone/ozone/hadoop-ozone/integration-test/target/test-dir/MiniOzoneClusterImpl-5c2351a1-b605-4f96-be75-a807118e8034/datanode-0/data-0/containers/hdds
2022-01-21 22:43:07,449 [Listener at 127.0.0.1/33563] INFO  ozoneimpl.OzoneContainer (OzoneContainer.java:buildContainerSet(237)) - Build ContainerSet costs 0s
2022-01-21 22:43:07,454 [Listener at 127.0.0.1/33563] INFO  server.RaftServer (ConfUtils.java:logGet(44)) - raft.rpc.type = GRPC (default)
2022-01-21 22:43:07,454 [Listener at 127.0.0.1/33563] INFO  grpc.GrpcFactory (GrpcFactory.java:checkPooledByteBufAllocatorUseCacheForAllThreads(48)) - PERFORMANCE WARNING: useCacheForAllThreads is true that may cause Netty to create a lot garbage objects and, as a result, trigger GC.
	It is recommended to disable useCacheForAllThreads by setting -Dorg.apache.ratis.thirdparty.io.netty.allocator.useCacheForAllThreads=false in command line.
2022-01-21 22:43:07,454 [Listener at 127.0.0.1/33563] INFO  grpc.GrpcConfigKeys (ConfUtils.java:logGet(44)) - raft.grpc.admin.port = 44949 (custom)
2022-01-21 22:43:07,455 [Listener at 127.0.0.1/33563] INFO  grpc.GrpcConfigKeys (ConfUtils.java:logGet(44)) - raft.grpc.client.port = 44949 (custom)
2022-01-21 22:43:07,455 [Listener at 127.0.0.1/33563] INFO  grpc.GrpcConfigKeys (ConfUtils.java:logGet(44)) - raft.grpc.server.port = 44949 (custom)
2022-01-21 22:43:07,455 [Listener at 127.0.0.1/33563] INFO  server.GrpcService (ConfUtils.java:logGet(44)) - raft.grpc.message.size.max = 32MB (=33554432) (custom)
2022-01-21 22:43:07,455 [Listener at 127.0.0.1/33563] INFO  server.RaftServerConfigKeys (ConfUtils.java:logGet(44)) - raft.server.log.appender.buffer.byte-limit = 33554432 (custom)
2022-01-21 22:43:07,455 [Listener at 127.0.0.1/33563] INFO  server.GrpcService (ConfUtils.java:logGet(44)) - raft.grpc.flow.control.window = 5MB (=5242880) (custom)
2022-01-21 22:43:07,455 [Listener at 127.0.0.1/33563] INFO  server.RaftServerConfigKeys (ConfUtils.java:logGet(44)) - raft.server.rpc.request.timeout = 60s (custom)
2022-01-21 22:43:07,464 [Listener at 127.0.0.1/33563] INFO  impl.DataStreamServerImpl (ConfUtils.java:logGet(44)) - raft.datastream.type = DISABLED (default)
2022-01-21 22:43:07,465 [Listener at 127.0.0.1/33563] INFO  server.RaftServerConfigKeys (ConfUtils.java:logGet(44)) - raft.server.rpc.slowness.timeout = 300s (custom)
2022-01-21 22:43:07,465 [Listener at 127.0.0.1/33563] INFO  server.RaftServerConfigKeys (ConfUtils.java:logGet(44)) - raft.server.leaderelection.leader.step-down.wait-time = 10s (default)
2022-01-21 22:43:07,465 [Listener at 127.0.0.1/33563] INFO  server.RaftServerConfigKeys (ConfUtils.java:logGet(44)) - raft.server.storage.dir = [/home/runner/work/ozone/ozone/hadoop-ozone/integration-test/target/test-dir/MiniOzoneClusterImpl-5c2351a1-b605-4f96-be75-a807118e8034/datanode-0/data/ratis] (custom)
2022-01-21 22:43:07,465 [Listener at 127.0.0.1/33563] INFO  server.RaftServer (RaftServerProxy.java:lambda$null$1(235)) - 33960171-3598-4c9a-8f0c-3d16f1502dba: found a subdirectory /home/runner/work/ozone/ozone/hadoop-ozone/integration-test/target/test-dir/MiniOzoneClusterImpl-5c2351a1-b605-4f96-be75-a807118e8034/datanode-0/data/ratis/e38a47b2-0f2b-43ed-bf73-b1d18a7504cd
2022-01-21 22:43:07,475 [Listener at 127.0.0.1/33563] INFO  server.RaftServer (RaftServerProxy.java:addNew(95)) - 33960171-3598-4c9a-8f0c-3d16f1502dba: addNew group-B1D18A7504CD:[] returns group-B1D18A7504CD:java.util.concurrent.CompletableFuture@108675ba[Not completed]
2022-01-21 22:43:07,475 [Listener at 127.0.0.1/33563] INFO  server.RaftServer (RaftServerProxy.java:lambda$null$1(235)) - 33960171-3598-4c9a-8f0c-3d16f1502dba: found a subdirectory /home/runner/work/ozone/ozone/hadoop-ozone/integration-test/target/test-dir/MiniOzoneClusterImpl-5c2351a1-b605-4f96-be75-a807118e8034/datanode-0/data/ratis/3ea29c09-960e-4d77-a31e-09f0eff3bf9d
2022-01-21 22:43:07,476 [Listener at 127.0.0.1/33563] INFO  server.RaftServer (RaftServerProxy.java:addNew(95)) - 33960171-3598-4c9a-8f0c-3d16f1502dba: addNew group-09F0EFF3BF9D:[] returns group-09F0EFF3BF9D:java.util.concurrent.CompletableFuture@7adc4aea[Not completed]
2022-01-21 22:43:07,477 [Listener at 127.0.0.1/33563] INFO  server.XceiverServerGrpc (XceiverServerGrpc.java:<init>(132)) - GrpcServer channel type EpollServerSocketChannel
2022-01-21 22:43:07,480 [pool-309-thread-1] INFO  server.RaftServer$Division (RaftServerImpl.java:<init>(184)) - 33960171-3598-4c9a-8f0c-3d16f1502dba: new RaftServerImpl for group-B1D18A7504CD:[] with ContainerStateMachine:uninitialized
2022-01-21 22:43:07,492 [pool-309-thread-1] INFO  server.RaftServerConfigKeys (ConfUtils.java:logGet(44)) - raft.server.rpc.timeout.min = 5s (custom)
2022-01-21 22:43:07,492 [pool-309-thread-1] INFO  server.RaftServerConfigKeys (ConfUtils.java:logGet(44)) - raft.server.rpc.timeout.max = 5200ms (custom)
2022-01-21 22:43:07,492 [pool-309-thread-1] INFO  server.RaftServerConfigKeys (ConfUtils.java:logGet(44)) - raft.server.rpc.sleep.time = 25ms (default)
2022-01-21 22:43:07,492 [pool-309-thread-1] INFO  server.RaftServerConfigKeys (ConfUtils.java:logGet(44)) - raft.server.rpc.slowness.timeout = 300s (custom)
2022-01-21 22:43:07,492 [pool-309-thread-1] INFO  server.RaftServerConfigKeys (ConfUtils.java:logGet(44)) - raft.server.leaderelection.leader.step-down.wait-time = 10s (default)
2022-01-21 22:43:07,492 [pool-309-thread-1] INFO  server.RaftServerConfigKeys (ConfUtils.java:logGet(44)) - raft.server.sleep.deviation.threshold = 300ms (default)
2022-01-21 22:43:07,492 [pool-309-thread-1] INFO  server.RaftServerConfigKeys (ConfUtils.java:logGet(44)) - raft.server.log.appender.install.snapshot.enabled = false (custom)
2022-01-21 22:43:07,492 [pool-309-thread-1] INFO  server.RaftServer$Division (ServerState.java:<init>(105)) - 33960171-3598-4c9a-8f0c-3d16f1502dba@group-B1D18A7504CD: ConfigurationManager, init=-1: [], old=null, confs=<EMPTY_MAP>
2022-01-21 22:43:07,492 [pool-309-thread-1] INFO  server.RaftServerConfigKeys (ConfUtils.java:logGet(44)) - raft.server.storage.dir = [/home/runner/work/ozone/ozone/hadoop-ozone/integration-test/target/test-dir/MiniOzoneClusterImpl-5c2351a1-b605-4f96-be75-a807118e8034/datanode-0/data/ratis] (custom)
2022-01-21 22:43:07,492 [pool-309-thread-1] INFO  server.RaftServerConfigKeys (ConfUtils.java:logGet(44)) - raft.server.log.corruption.policy = EXCEPTION (default)
2022-01-21 22:43:07,492 [pool-309-thread-1] INFO  server.RaftServerConfigKeys (ConfUtils.java:logGet(44)) - raft.server.storage.free-space.min = 0MB (=0) (default)
2022-01-21 22:43:07,493 [pool-309-thread-1] INFO  storage.RaftStorageDirectory (RaftStorageDirectoryImpl.java:tryLock(230)) - Lock on /home/runner/work/ozone/ozone/hadoop-ozone/integration-test/target/test-dir/MiniOzoneClusterImpl-5c2351a1-b605-4f96-be75-a807118e8034/datanode-0/data/ratis/e38a47b2-0f2b-43ed-bf73-b1d18a7504cd/in_use.lock acquired by nodename 27576@fv-az148-708
2022-01-21 22:43:07,494 [pool-309-thread-1] INFO  storage.RaftStorage (RaftStorageImpl.java:analyzeAndRecoverStorage(110)) - Read RaftStorageMetadata{term=10, votedFor=85f03e38-9c25-442e-a296-583332b1e3c2} from /home/runner/work/ozone/ozone/hadoop-ozone/integration-test/target/test-dir/MiniOzoneClusterImpl-5c2351a1-b605-4f96-be75-a807118e8034/datanode-0/data/ratis/e38a47b2-0f2b-43ed-bf73-b1d18a7504cd/current/raft-meta
2022-01-21 22:43:07,504 [Listener at 127.0.0.1/33563] INFO  http.BaseHttpServer (BaseHttpServer.java:newHttpServer2BuilderForOzone(209)) - Starting Web-server for hddsDatanode at: http://0.0.0.0:39841
2022-01-21 22:43:07,504 [Listener at 127.0.0.1/33563] INFO  http.BaseHttpServer (BaseHttpServer.java:<init>(107)) - Hadoop Security Enabled: false Ozone Security Enabled: false Ozone HTTP Security Enabled: false 
2022-01-21 22:43:07,505 [Listener at 127.0.0.1/33563] INFO  server.AuthenticationFilter (AuthenticationFilter.java:constructSecretProvider(240)) - Unable to initialize FileSignerSecretProvider, falling back to use random secrets.
2022-01-21 22:43:07,513 [Listener at 127.0.0.1/33563] WARN  http.HttpRequestLog (HttpRequestLog.java:getRequestLog(103)) - Jetty request log can only be enabled using Log4j
2022-01-21 22:43:07,513 [Listener at 127.0.0.1/33563] INFO  http.HttpServer2 (HttpServer2.java:addGlobalFilter(1030)) - Added global filter 'safety' (class=org.apache.hadoop.hdds.server.http.HttpServer2$QuotingInputFilter)
2022-01-21 22:43:07,514 [Listener at 127.0.0.1/33563] INFO  http.HttpServer2 (HttpServer2.java:addFilter(1006)) - Added filter static_user_filter (class=org.apache.hadoop.http.lib.StaticUserWebFilter$StaticUserFilter) to context hddsDatanode
2022-01-21 22:43:07,514 [Listener at 127.0.0.1/33563] INFO  http.HttpServer2 (HttpServer2.java:addFilter(1014)) - Added filter static_user_filter (class=org.apache.hadoop.http.lib.StaticUserWebFilter$StaticUserFilter) to context static
2022-01-21 22:43:07,514 [Listener at 127.0.0.1/33563] INFO  http.HttpServer2 (HttpServer2.java:addFilter(1014)) - Added filter static_user_filter (class=org.apache.hadoop.http.lib.StaticUserWebFilter$StaticUserFilter) to context logs
2022-01-21 22:43:07,515 [Listener at 127.0.0.1/33563] INFO  http.HttpServer2 (HttpServer2.java:bindListener(1249)) - Jetty bound to port 39841
2022-01-21 22:43:07,515 [Listener at 127.0.0.1/33563] INFO  server.Server (Server.java:doStart(375)) - jetty-9.4.43.v20210629; built: 2021-06-30T11:07:22.254Z; git: 526006ecfa3af7f1a27ef3a288e2bef7ea9dd7e8; jvm 1.8.0_312-b07
2022-01-21 22:43:07,520 [EndpointStateMachine task thread for /0.0.0.0:36573 - 0 ] INFO  ipc.Client (Client.java:handleConnectionFailure(977)) - Retrying connect to server: 0.0.0.0/0.0.0.0:36573. Already tried 9 time(s); retry policy is RetryUpToMaximumCountWithFixedSleep(maxRetries=15, sleepTime=1000 MILLISECONDS)
2022-01-21 22:43:07,579 [Listener at 127.0.0.1/33563] INFO  server.session (DefaultSessionIdManager.java:doStart(334)) - DefaultSessionIdManager workerName=node0
2022-01-21 22:43:07,580 [Listener at 127.0.0.1/33563] INFO  server.session (DefaultSessionIdManager.java:doStart(339)) - No SessionScavenger set, using defaults
2022-01-21 22:43:07,580 [Listener at 127.0.0.1/33563] INFO  server.session (HouseKeeper.java:startScavenging(132)) - node0 Scavenging every 660000ms
2022-01-21 22:43:07,588 [Listener at 127.0.0.1/33563] INFO  handler.ContextHandler (ContextHandler.java:doStart(915)) - Started o.e.j.s.ServletContextHandler@64e0095d{logs,/logs,file:///home/runner/work/ozone/ozone/hadoop-ozone/integration-test/target/log,AVAILABLE}
2022-01-21 22:43:07,588 [Listener at 127.0.0.1/33563] INFO  handler.ContextHandler (ContextHandler.java:doStart(915)) - Started o.e.j.s.ServletContextHandler@21a982a1{static,/static,jar:file:/home/runner/.m2/repository/org/apache/ozone/hdds-container-service/1.3.0-SNAPSHOT/hdds-container-service-1.3.0-SNAPSHOT.jar!/webapps/static,AVAILABLE}
2022-01-21 22:43:07,628 [pool-309-thread-1] INFO  ratis.ContainerStateMachine (ContainerStateMachine.java:loadSnapshot(240)) - group-B1D18A7504CD: Setting the last applied index to (t:10, i:0)
2022-01-21 22:43:07,629 [pool-309-thread-1] INFO  server.RaftServer$Division (ServerState.java:setRaftConf(387)) - 33960171-3598-4c9a-8f0c-3d16f1502dba@group-B1D18A7504CD: set configuration 0: [33960171-3598-4c9a-8f0c-3d16f1502dba|rpc:10.1.0.82:44949|dataStream:|priority:0, 85f03e38-9c25-442e-a296-583332b1e3c2|rpc:10.1.0.82:45945|dataStream:|priority:1, 3b795d5a-b002-4e0e-8d87-bd187dac4e43|rpc:10.1.0.82:39307|dataStream:|priority:0], old=null
2022-01-21 22:43:07,629 [pool-309-thread-1] INFO  server.RaftServerConfigKeys (ConfUtils.java:logGet(44)) - raft.server.notification.no-leader.timeout = 300s (custom)
2022-01-21 22:43:07,629 [pool-309-thread-1] INFO  server.RaftServerConfigKeys (ConfUtils.java:logGet(44)) - raft.server.log.use.memory = false (default)
2022-01-21 22:43:07,629 [pool-309-thread-1] INFO  server.RaftServerConfigKeys (ConfUtils.java:logGet(44)) - raft.server.log.purge.gap = 1000000 (custom)
2022-01-21 22:43:07,629 [pool-309-thread-1] INFO  server.RaftServerConfigKeys (ConfUtils.java:logGet(44)) - raft.server.log.appender.buffer.byte-limit = 33554432 (custom)
2022-01-21 22:43:07,629 [pool-309-thread-1] INFO  server.RaftServerConfigKeys (ConfUtils.java:logGet(44)) - raft.server.log.segment.size.max = 1048576 (custom)
2022-01-21 22:43:07,629 [pool-309-thread-1] INFO  server.RaftServerConfigKeys (ConfUtils.java:logGet(44)) - raft.server.log.segment.cache.num.max = 2 (custom)
2022-01-21 22:43:07,629 [pool-309-thread-1] INFO  server.RaftServerConfigKeys (ConfUtils.java:logGet(44)) - raft.server.log.segment.cache.size.max = 200MB (=209715200) (default)
2022-01-21 22:43:07,630 [pool-309-thread-1] INFO  segmented.SegmentedRaftLogWorker (SegmentedRaftLogWorker.java:<init>(182)) - new 33960171-3598-4c9a-8f0c-3d16f1502dba@group-B1D18A7504CD-SegmentedRaftLogWorker for RaftStorageImpl:Storage Directory /home/runner/work/ozone/ozone/hadoop-ozone/integration-test/target/test-dir/MiniOzoneClusterImpl-5c2351a1-b605-4f96-be75-a807118e8034/datanode-0/data/ratis/e38a47b2-0f2b-43ed-bf73-b1d18a7504cd
2022-01-21 22:43:07,630 [pool-309-thread-1] INFO  server.RaftServerConfigKeys (ConfUtils.java:logGet(44)) - raft.server.log.queue.byte-limit = 2147483647 (custom)
2022-01-21 22:43:07,630 [pool-309-thread-1] INFO  server.RaftServerConfigKeys (ConfUtils.java:logGet(44)) - raft.server.log.queue.element-limit = 1024 (custom)
2022-01-21 22:43:07,630 [pool-309-thread-1] INFO  server.RaftServerConfigKeys (ConfUtils.java:logGet(44)) - raft.server.log.segment.size.max = 1048576 (custom)
2022-01-21 22:43:07,630 [pool-309-thread-1] INFO  server.RaftServerConfigKeys (ConfUtils.java:logGet(44)) - raft.server.log.preallocated.size = 16384 (custom)
2022-01-21 22:43:07,630 [pool-309-thread-1] INFO  server.RaftServerConfigKeys (ConfUtils.java:logGet(44)) - raft.server.log.force.sync.num = 128 (default)
2022-01-21 22:43:07,630 [pool-309-thread-1] INFO  server.RaftServerConfigKeys (ConfUtils.java:logGet(44)) - raft.server.log.statemachine.data.sync = true (default)
2022-01-21 22:43:07,630 [pool-309-thread-1] INFO  server.RaftServerConfigKeys (ConfUtils.java:logGet(44)) - raft.server.log.statemachine.data.sync.timeout = 10s (default)
2022-01-21 22:43:07,630 [pool-309-thread-1] INFO  server.RaftServerConfigKeys (ConfUtils.java:logGet(44)) - raft.server.log.statemachine.data.sync.timeout.retry = -1 (default)
2022-01-21 22:43:07,631 [pool-309-thread-1] INFO  server.RaftServerConfigKeys (ConfUtils.java:logGet(44)) - raft.server.log.write.buffer.size = 1048576 (custom)
2022-01-21 22:43:07,631 [pool-309-thread-1] INFO  server.RaftServerConfigKeys (ConfUtils.java:logGet(44)) - raft.server.log.statemachine.data.caching.enabled = true (custom)
2022-01-21 22:43:07,633 [pool-309-thread-1] INFO  server.RaftServer$Division (ServerState.java:setRaftConf(387)) - 33960171-3598-4c9a-8f0c-3d16f1502dba@group-B1D18A7504CD: set configuration 0: [33960171-3598-4c9a-8f0c-3d16f1502dba|rpc:10.1.0.82:44949|dataStream:|priority:0, 85f03e38-9c25-442e-a296-583332b1e3c2|rpc:10.1.0.82:45945|dataStream:|priority:1, 3b795d5a-b002-4e0e-8d87-bd187dac4e43|rpc:10.1.0.82:39307|dataStream:|priority:0], old=null
2022-01-21 22:43:07,633 [pool-309-thread-1] INFO  segmented.LogSegment (LogSegment.java:loadSegment(173)) - Successfully read 1 entries from segment file /home/runner/work/ozone/ozone/hadoop-ozone/integration-test/target/test-dir/MiniOzoneClusterImpl-5c2351a1-b605-4f96-be75-a807118e8034/datanode-0/data/ratis/e38a47b2-0f2b-43ed-bf73-b1d18a7504cd/current/log_inprogress_0
2022-01-21 22:43:07,633 [pool-309-thread-1] INFO  segmented.SegmentedRaftLogWorker (SegmentedRaftLogWorker.java:lambda$new$0(133)) - 33960171-3598-4c9a-8f0c-3d16f1502dba@group-B1D18A7504CD-SegmentedRaftLogWorker: flushIndex: setUnconditionally 0 -> 0
2022-01-21 22:43:07,633 [pool-309-thread-1] INFO  segmented.SegmentedRaftLogWorker (SegmentedRaftLogWorker.java:lambda$new$0(133)) - 33960171-3598-4c9a-8f0c-3d16f1502dba@group-B1D18A7504CD-SegmentedRaftLogWorker: safeCacheEvictIndex: setUnconditionally 0 -> -1
2022-01-21 22:43:07,635 [pool-309-thread-1] INFO  server.RaftServerConfigKeys (ConfUtils.java:logGet(44)) - raft.server.snapshot.auto.trigger.enabled = true (custom)
2022-01-21 22:43:07,636 [pool-309-thread-1] INFO  server.RaftServerConfigKeys (ConfUtils.java:logGet(44)) - raft.server.snapshot.auto.trigger.threshold = 10000 (custom)
2022-01-21 22:43:07,636 [pool-309-thread-1] INFO  server.RaftServerConfigKeys (ConfUtils.java:logGet(44)) - raft.server.snapshot.retention.file.num = 5 (custom)
2022-01-21 22:43:07,636 [pool-309-thread-1] INFO  server.RaftServerConfigKeys (ConfUtils.java:logGet(44)) - raft.server.log.purge.upto.snapshot.index = false (default)
2022-01-21 22:43:07,636 [pool-309-thread-1] INFO  server.RaftServerConfigKeys (ConfUtils.java:logGet(44)) - raft.server.retrycache.expirytime = 600000ms (custom)
2022-01-21 22:43:07,636 [pool-309-thread-1] INFO  server.RaftServerConfigKeys (ConfUtils.java:logGet(44)) - raft.server.retrycache.statistics.expirytime = 100μs (default)
2022-01-21 22:43:07,637 [pool-309-thread-1] INFO  server.RaftServer$Division (RaftServerImpl.java:<init>(184)) - 33960171-3598-4c9a-8f0c-3d16f1502dba: new RaftServerImpl for group-09F0EFF3BF9D:[] with ContainerStateMachine:uninitialized
2022-01-21 22:43:07,637 [pool-309-thread-1] INFO  server.RaftServerConfigKeys (ConfUtils.java:logGet(44)) - raft.server.rpc.timeout.min = 5s (custom)
2022-01-21 22:43:07,637 [pool-309-thread-1] INFO  server.RaftServerConfigKeys (ConfUtils.java:logGet(44)) - raft.server.rpc.timeout.max = 5200ms (custom)
2022-01-21 22:43:07,637 [pool-309-thread-1] INFO  server.RaftServerConfigKeys (ConfUtils.java:logGet(44)) - raft.server.rpc.sleep.time = 25ms (default)
2022-01-21 22:43:07,637 [pool-309-thread-1] INFO  server.RaftServerConfigKeys (ConfUtils.java:logGet(44)) - raft.server.rpc.slowness.timeout = 300s (custom)
2022-01-21 22:43:07,638 [pool-309-thread-1] INFO  server.RaftServerConfigKeys (ConfUtils.java:logGet(44)) - raft.server.leaderelection.leader.step-down.wait-time = 10s (default)
2022-01-21 22:43:07,638 [pool-309-thread-1] INFO  server.RaftServerConfigKeys (ConfUtils.java:logGet(44)) - raft.server.sleep.deviation.threshold = 300ms (default)
2022-01-21 22:43:07,638 [pool-309-thread-1] INFO  server.RaftServerConfigKeys (ConfUtils.java:logGet(44)) - raft.server.log.appender.install.snapshot.enabled = false (custom)
2022-01-21 22:43:07,638 [pool-309-thread-1] INFO  server.RaftServer$Division (ServerState.java:<init>(105)) - 33960171-3598-4c9a-8f0c-3d16f1502dba@group-09F0EFF3BF9D: ConfigurationManager, init=-1: [], old=null, confs=<EMPTY_MAP>
2022-01-21 22:43:07,638 [pool-309-thread-1] INFO  server.RaftServerConfigKeys (ConfUtils.java:logGet(44)) - raft.server.storage.dir = [/home/runner/work/ozone/ozone/hadoop-ozone/integration-test/target/test-dir/MiniOzoneClusterImpl-5c2351a1-b605-4f96-be75-a807118e8034/datanode-0/data/ratis] (custom)
2022-01-21 22:43:07,638 [pool-309-thread-1] INFO  server.RaftServerConfigKeys (ConfUtils.java:logGet(44)) - raft.server.log.corruption.policy = EXCEPTION (default)
2022-01-21 22:43:07,638 [pool-309-thread-1] INFO  server.RaftServerConfigKeys (ConfUtils.java:logGet(44)) - raft.server.storage.free-space.min = 0MB (=0) (default)
2022-01-21 22:43:07,652 [pool-309-thread-1] INFO  storage.RaftStorageDirectory (RaftStorageDirectoryImpl.java:tryLock(230)) - Lock on /home/runner/work/ozone/ozone/hadoop-ozone/integration-test/target/test-dir/MiniOzoneClusterImpl-5c2351a1-b605-4f96-be75-a807118e8034/datanode-0/data/ratis/3ea29c09-960e-4d77-a31e-09f0eff3bf9d/in_use.lock acquired by nodename 27576@fv-az148-708
2022-01-21 22:43:07,652 [pool-309-thread-1] INFO  storage.RaftStorage (RaftStorageImpl.java:analyzeAndRecoverStorage(110)) - Read RaftStorageMetadata{term=1, votedFor=33960171-3598-4c9a-8f0c-3d16f1502dba} from /home/runner/work/ozone/ozone/hadoop-ozone/integration-test/target/test-dir/MiniOzoneClusterImpl-5c2351a1-b605-4f96-be75-a807118e8034/datanode-0/data/ratis/3ea29c09-960e-4d77-a31e-09f0eff3bf9d/current/raft-meta
2022-01-21 22:43:07,652 [pool-309-thread-1] INFO  ratis.ContainerStateMachine (ContainerStateMachine.java:loadSnapshot(240)) - group-09F0EFF3BF9D: Setting the last applied index to (t:1, i:0)
2022-01-21 22:43:07,652 [pool-309-thread-1] INFO  server.RaftServer$Division (ServerState.java:setRaftConf(387)) - 33960171-3598-4c9a-8f0c-3d16f1502dba@group-09F0EFF3BF9D: set configuration 0: [33960171-3598-4c9a-8f0c-3d16f1502dba|rpc:10.1.0.82:44949|dataStream:|priority:1], old=null
2022-01-21 22:43:07,653 [pool-309-thread-1] INFO  server.RaftServerConfigKeys (ConfUtils.java:logGet(44)) - raft.server.notification.no-leader.timeout = 300s (custom)
2022-01-21 22:43:07,653 [pool-309-thread-1] INFO  server.RaftServerConfigKeys (ConfUtils.java:logGet(44)) - raft.server.log.use.memory = false (default)
2022-01-21 22:43:07,653 [pool-309-thread-1] INFO  server.RaftServerConfigKeys (ConfUtils.java:logGet(44)) - raft.server.log.purge.gap = 1000000 (custom)
2022-01-21 22:43:07,653 [pool-309-thread-1] INFO  server.RaftServerConfigKeys (ConfUtils.java:logGet(44)) - raft.server.log.appender.buffer.byte-limit = 33554432 (custom)
2022-01-21 22:43:07,653 [pool-309-thread-1] INFO  server.RaftServerConfigKeys (ConfUtils.java:logGet(44)) - raft.server.log.segment.size.max = 1048576 (custom)
2022-01-21 22:43:07,653 [pool-309-thread-1] INFO  server.RaftServerConfigKeys (ConfUtils.java:logGet(44)) - raft.server.log.segment.cache.num.max = 2 (custom)
2022-01-21 22:43:07,653 [pool-309-thread-1] INFO  server.RaftServerConfigKeys (ConfUtils.java:logGet(44)) - raft.server.log.segment.cache.size.max = 200MB (=209715200) (default)
2022-01-21 22:43:07,653 [pool-309-thread-1] INFO  segmented.SegmentedRaftLogWorker (SegmentedRaftLogWorker.java:<init>(182)) - new 33960171-3598-4c9a-8f0c-3d16f1502dba@group-09F0EFF3BF9D-SegmentedRaftLogWorker for RaftStorageImpl:Storage Directory /home/runner/work/ozone/ozone/hadoop-ozone/integration-test/target/test-dir/MiniOzoneClusterImpl-5c2351a1-b605-4f96-be75-a807118e8034/datanode-0/data/ratis/3ea29c09-960e-4d77-a31e-09f0eff3bf9d
2022-01-21 22:43:07,653 [pool-309-thread-1] INFO  server.RaftServerConfigKeys (ConfUtils.java:logGet(44)) - raft.server.log.queue.byte-limit = 2147483647 (custom)
2022-01-21 22:43:07,653 [pool-309-thread-1] INFO  server.RaftServerConfigKeys (ConfUtils.java:logGet(44)) - raft.server.log.queue.element-limit = 1024 (custom)
2022-01-21 22:43:07,653 [pool-309-thread-1] INFO  server.RaftServerConfigKeys (ConfUtils.java:logGet(44)) - raft.server.log.segment.size.max = 1048576 (custom)
2022-01-21 22:43:07,653 [pool-309-thread-1] INFO  server.RaftServerConfigKeys (ConfUtils.java:logGet(44)) - raft.server.log.preallocated.size = 16384 (custom)
2022-01-21 22:43:07,653 [pool-309-thread-1] INFO  server.RaftServerConfigKeys (ConfUtils.java:logGet(44)) - raft.server.log.force.sync.num = 128 (default)
2022-01-21 22:43:07,653 [pool-309-thread-1] INFO  server.RaftServerConfigKeys (ConfUtils.java:logGet(44)) - raft.server.log.statemachine.data.sync = true (default)
2022-01-21 22:43:07,653 [pool-309-thread-1] INFO  server.RaftServerConfigKeys (ConfUtils.java:logGet(44)) - raft.server.log.statemachine.data.sync.timeout = 10s (default)
2022-01-21 22:43:07,653 [pool-309-thread-1] INFO  server.RaftServerConfigKeys (ConfUtils.java:logGet(44)) - raft.server.log.statemachine.data.sync.timeout.retry = -1 (default)
2022-01-21 22:43:07,654 [pool-309-thread-1] INFO  server.RaftServerConfigKeys (ConfUtils.java:logGet(44)) - raft.server.log.write.buffer.size = 1048576 (custom)
2022-01-21 22:43:07,655 [pool-309-thread-1] INFO  server.RaftServerConfigKeys (ConfUtils.java:logGet(44)) - raft.server.log.statemachine.data.caching.enabled = true (custom)
2022-01-21 22:43:07,655 [pool-309-thread-1] INFO  server.RaftServer$Division (ServerState.java:setRaftConf(387)) - 33960171-3598-4c9a-8f0c-3d16f1502dba@group-09F0EFF3BF9D: set configuration 0: [33960171-3598-4c9a-8f0c-3d16f1502dba|rpc:10.1.0.82:44949|dataStream:|priority:1], old=null
2022-01-21 22:43:07,655 [pool-309-thread-1] INFO  segmented.LogSegment (LogSegment.java:loadSegment(173)) - Successfully read 1 entries from segment file /home/runner/work/ozone/ozone/hadoop-ozone/integration-test/target/test-dir/MiniOzoneClusterImpl-5c2351a1-b605-4f96-be75-a807118e8034/datanode-0/data/ratis/3ea29c09-960e-4d77-a31e-09f0eff3bf9d/current/log_inprogress_0
2022-01-21 22:43:07,655 [pool-309-thread-1] INFO  segmented.SegmentedRaftLogWorker (SegmentedRaftLogWorker.java:lambda$new$0(133)) - 33960171-3598-4c9a-8f0c-3d16f1502dba@group-09F0EFF3BF9D-SegmentedRaftLogWorker: flushIndex: setUnconditionally 0 -> 0
2022-01-21 22:43:07,655 [pool-309-thread-1] INFO  segmented.SegmentedRaftLogWorker (SegmentedRaftLogWorker.java:lambda$new$0(133)) - 33960171-3598-4c9a-8f0c-3d16f1502dba@group-09F0EFF3BF9D-SegmentedRaftLogWorker: safeCacheEvictIndex: setUnconditionally 0 -> -1
2022-01-21 22:43:07,686 [pool-309-thread-1] INFO  server.RaftServerConfigKeys (ConfUtils.java:logGet(44)) - raft.server.snapshot.auto.trigger.enabled = true (custom)
2022-01-21 22:43:07,686 [pool-309-thread-1] INFO  server.RaftServerConfigKeys (ConfUtils.java:logGet(44)) - raft.server.snapshot.auto.trigger.threshold = 10000 (custom)
2022-01-21 22:43:07,686 [pool-309-thread-1] INFO  server.RaftServerConfigKeys (ConfUtils.java:logGet(44)) - raft.server.snapshot.retention.file.num = 5 (custom)
2022-01-21 22:43:07,686 [pool-309-thread-1] INFO  server.RaftServerConfigKeys (ConfUtils.java:logGet(44)) - raft.server.log.purge.upto.snapshot.index = false (default)
2022-01-21 22:43:07,686 [pool-309-thread-1] INFO  server.RaftServerConfigKeys (ConfUtils.java:logGet(44)) - raft.server.retrycache.expirytime = 600000ms (custom)
2022-01-21 22:43:07,686 [pool-309-thread-1] INFO  server.RaftServerConfigKeys (ConfUtils.java:logGet(44)) - raft.server.retrycache.statistics.expirytime = 100μs (default)
2022-01-21 22:43:07,797 [Listener at 127.0.0.1/33563] INFO  handler.ContextHandler (ContextHandler.java:doStart(915)) - Started o.e.j.w.WebAppContext@5b073465{hddsDatanode,/,file:///tmp/jetty-0_0_0_0-39841-hdds-container-service-1_3_0-SNAPSHOT_jar-_-any-6524562545459975797/webapp/,AVAILABLE}{jar:file:/home/runner/.m2/repository/org/apache/ozone/hdds-container-service/1.3.0-SNAPSHOT/hdds-container-service-1.3.0-SNAPSHOT.jar!/webapps/hddsDatanode}
2022-01-21 22:43:07,805 [Listener at 127.0.0.1/33563] INFO  server.AbstractConnector (AbstractConnector.java:doStart(331)) - Started ServerConnector@51b89b03{HTTP/1.1, (http/1.1)}{0.0.0.0:39841}
2022-01-21 22:43:07,805 [Listener at 127.0.0.1/33563] INFO  server.Server (Server.java:doStart(415)) - Started @160401ms
2022-01-21 22:43:07,806 [Listener at 127.0.0.1/33563] WARN  impl.MetricsSystemImpl (MetricsSystemImpl.java:register(279)) - Sink prometheus already exists!
2022-01-21 22:43:07,812 [Listener at 127.0.0.1/33563] INFO  http.BaseHttpServer (BaseHttpServer.java:updateConnectorAddress(329)) - HTTP server of hddsDatanode listening at http://0.0.0.0:39841
2022-01-21 22:43:07,822 [Datanode State Machine Daemon Thread] INFO  statemachine.DatanodeStateMachine (DatanodeStateMachine.java:lambda$startDaemon$0(470)) - Ozone container server started.
2022-01-21 22:43:07,887 [org.apache.hadoop.util.JvmPauseMonitor$Monitor@2e1ab168] INFO  util.JvmPauseMonitor (JvmPauseMonitor.java:run(188)) - Starting JVM pause monitor
2022-01-21 22:43:08,520 [EndpointStateMachine task thread for /0.0.0.0:36573 - 0 ] INFO  ipc.Client (Client.java:handleConnectionFailure(977)) - Retrying connect to server: 0.0.0.0/0.0.0.0:36573. Already tried 10 time(s); retry policy is RetryUpToMaximumCountWithFixedSleep(maxRetries=15, sleepTime=1000 MILLISECONDS)
2022-01-21 22:43:09,188 [grpc-default-executor-2] WARN  server.GrpcLogAppender (LogUtils.java:warn(122)) - 85f03e38-9c25-442e-a296-583332b1e3c2@group-B1D18A7504CD->33960171-3598-4c9a-8f0c-3d16f1502dba-AppendLogResponseHandler: Failed appendEntries: org.apache.ratis.thirdparty.io.grpc.StatusRuntimeException: UNAVAILABLE: io exception
2022-01-21 22:43:09,189 [grpc-default-executor-2] WARN  server.GrpcLogAppender (GrpcLogAppender.java:resetClient(110)) - 85f03e38-9c25-442e-a296-583332b1e3c2@group-B1D18A7504CD->33960171-3598-4c9a-8f0c-3d16f1502dba-GrpcLogAppender: Leader has not got in touch with Follower 85f03e38-9c25-442e-a296-583332b1e3c2@group-B1D18A7504CD->33960171-3598-4c9a-8f0c-3d16f1502dba(c0,m0,n1, attendVote=true, lastRpcSendTime=0, lastRpcResponseTime=7543) yet, just keep nextIndex unchanged and retry.
2022-01-21 22:43:09,521 [EndpointStateMachine task thread for /0.0.0.0:36573 - 0 ] INFO  ipc.Client (Client.java:handleConnectionFailure(977)) - Retrying connect to server: 0.0.0.0/0.0.0.0:36573. Already tried 11 time(s); retry policy is RetryUpToMaximumCountWithFixedSleep(maxRetries=15, sleepTime=1000 MILLISECONDS)
2022-01-21 22:43:10,522 [EndpointStateMachine task thread for /0.0.0.0:36573 - 0 ] INFO  ipc.Client (Client.java:handleConnectionFailure(977)) - Retrying connect to server: 0.0.0.0/0.0.0.0:36573. Already tried 12 time(s); retry policy is RetryUpToMaximumCountWithFixedSleep(maxRetries=15, sleepTime=1000 MILLISECONDS)
2022-01-21 22:43:11,522 [EndpointStateMachine task thread for /0.0.0.0:36573 - 0 ] INFO  ipc.Client (Client.java:handleConnectionFailure(977)) - Retrying connect to server: 0.0.0.0/0.0.0.0:36573. Already tried 13 time(s); retry policy is RetryUpToMaximumCountWithFixedSleep(maxRetries=15, sleepTime=1000 MILLISECONDS)
2022-01-21 22:43:11,689 [grpc-default-executor-5] WARN  server.GrpcLogAppender (LogUtils.java:warn(122)) - 85f03e38-9c25-442e-a296-583332b1e3c2@group-B1D18A7504CD->33960171-3598-4c9a-8f0c-3d16f1502dba-AppendLogResponseHandler: Failed appendEntries: org.apache.ratis.thirdparty.io.grpc.StatusRuntimeException: UNAVAILABLE: io exception
2022-01-21 22:43:11,689 [grpc-default-executor-5] WARN  server.GrpcLogAppender (GrpcLogAppender.java:resetClient(110)) - 85f03e38-9c25-442e-a296-583332b1e3c2@group-B1D18A7504CD->33960171-3598-4c9a-8f0c-3d16f1502dba-GrpcLogAppender: Leader has not got in touch with Follower 85f03e38-9c25-442e-a296-583332b1e3c2@group-B1D18A7504CD->33960171-3598-4c9a-8f0c-3d16f1502dba(c0,m0,n1, attendVote=true, lastRpcSendTime=2501, lastRpcResponseTime=10044) yet, just keep nextIndex unchanged and retry.
2022-01-21 22:43:12,523 [EndpointStateMachine task thread for /0.0.0.0:36573 - 0 ] INFO  ipc.Client (Client.java:handleConnectionFailure(977)) - Retrying connect to server: 0.0.0.0/0.0.0.0:36573. Already tried 14 time(s); retry policy is RetryUpToMaximumCountWithFixedSleep(maxRetries=15, sleepTime=1000 MILLISECONDS)
2022-01-21 22:43:12,524 [EndpointStateMachine task thread for /0.0.0.0:36573 - 0 ] WARN  statemachine.EndpointStateMachine (EndpointStateMachine.java:logIfNeeded(236)) - Unable to communicate to SCM server at 0.0.0.0:36573 for past 0 seconds.
java.net.ConnectException: Your endpoint configuration is wrong; For more details see:  http://wiki.apache.org/hadoop/UnsetHostnameOrPort
	at sun.reflect.NativeConstructorAccessorImpl.newInstance0(Native Method)
	at sun.reflect.NativeConstructorAccessorImpl.newInstance(NativeConstructorAccessorImpl.java:62)
	at sun.reflect.DelegatingConstructorAccessorImpl.newInstance(DelegatingConstructorAccessorImpl.java:45)
	at java.lang.reflect.Constructor.newInstance(Constructor.java:423)
	at org.apache.hadoop.net.NetUtils.wrapWithMessage(NetUtils.java:913)
	at org.apache.hadoop.net.NetUtils.wrapException(NetUtils.java:824)
	at org.apache.hadoop.ipc.Client.getRpcResponse(Client.java:1577)
	at org.apache.hadoop.ipc.Client.call(Client.java:1519)
	at org.apache.hadoop.ipc.Client.call(Client.java:1416)
	at org.apache.hadoop.ipc.ProtobufRpcEngine$Invoker.invoke(ProtobufRpcEngine.java:236)
	at org.apache.hadoop.ipc.ProtobufRpcEngine$Invoker.invoke(ProtobufRpcEngine.java:123)
	at com.sun.proxy.$Proxy49.submitRequest(Unknown Source)
	at org.apache.hadoop.ozone.protocolPB.StorageContainerDatanodeProtocolClientSideTranslatorPB.submitRequest(StorageContainerDatanodeProtocolClientSideTranslatorPB.java:117)
	at org.apache.hadoop.ozone.protocolPB.StorageContainerDatanodeProtocolClientSideTranslatorPB.sendHeartbeat(StorageContainerDatanodeProtocolClientSideTranslatorPB.java:149)
	at org.apache.hadoop.ozone.container.common.states.endpoint.HeartbeatEndpointTask.call(HeartbeatEndpointTask.java:179)
	at org.apache.hadoop.ozone.container.common.states.endpoint.HeartbeatEndpointTask.call(HeartbeatEndpointTask.java:82)
	at java.util.concurrent.FutureTask.run(FutureTask.java:266)
	at java.util.concurrent.ThreadPoolExecutor.runWorker(ThreadPoolExecutor.java:1149)
	at java.util.concurrent.ThreadPoolExecutor$Worker.run(ThreadPoolExecutor.java:624)
	at java.lang.Thread.run(Thread.java:748)
Caused by: java.net.ConnectException: Connection refused
	at sun.nio.ch.SocketChannelImpl.checkConnect(Native Method)
	at sun.nio.ch.SocketChannelImpl.finishConnect(SocketChannelImpl.java:716)
	at org.apache.hadoop.net.SocketIOWithTimeout.connect(SocketIOWithTimeout.java:206)
	at org.apache.hadoop.net.NetUtils.connect(NetUtils.java:586)
	at org.apache.hadoop.ipc.Client$Connection.setupConnection(Client.java:701)
	at org.apache.hadoop.ipc.Client$Connection.setupIOstreams(Client.java:822)
	at org.apache.hadoop.ipc.Client$Connection.access$3800(Client.java:414)
	at org.apache.hadoop.ipc.Client.getConnection(Client.java:1647)
	at org.apache.hadoop.ipc.Client.call(Client.java:1463)
	... 12 more
2022-01-21 22:43:13,525 [EndpointStateMachine task thread for /0.0.0.0:36573 - 0 ] INFO  ipc.Client (Client.java:handleConnectionFailure(977)) - Retrying connect to server: 0.0.0.0/0.0.0.0:36573. Already tried 0 time(s); retry policy is RetryUpToMaximumCountWithFixedSleep(maxRetries=15, sleepTime=1000 MILLISECONDS)
2022-01-21 22:43:14,197 [grpc-default-executor-2] WARN  server.GrpcLogAppender (LogUtils.java:warn(122)) - 85f03e38-9c25-442e-a296-583332b1e3c2@group-B1D18A7504CD->33960171-3598-4c9a-8f0c-3d16f1502dba-AppendLogResponseHandler: Failed appendEntries: org.apache.ratis.thirdparty.io.grpc.StatusRuntimeException: UNAVAILABLE: io exception
2022-01-21 22:43:14,198 [grpc-default-executor-2] WARN  server.GrpcLogAppender (GrpcLogAppender.java:resetClient(110)) - 85f03e38-9c25-442e-a296-583332b1e3c2@group-B1D18A7504CD->33960171-3598-4c9a-8f0c-3d16f1502dba-GrpcLogAppender: Leader has not got in touch with Follower 85f03e38-9c25-442e-a296-583332b1e3c2@group-B1D18A7504CD->33960171-3598-4c9a-8f0c-3d16f1502dba(c0,m0,n1, attendVote=true, lastRpcSendTime=2507, lastRpcResponseTime=12552) yet, just keep nextIndex unchanged and retry.
2022-01-21 22:43:14,527 [EndpointStateMachine task thread for /0.0.0.0:36573 - 0 ] INFO  ipc.Client (Client.java:handleConnectionFailure(977)) - Retrying connect to server: 0.0.0.0/0.0.0.0:36573. Already tried 1 time(s); retry policy is RetryUpToMaximumCountWithFixedSleep(maxRetries=15, sleepTime=1000 MILLISECONDS)
2022-01-21 22:43:15,527 [EndpointStateMachine task thread for /0.0.0.0:36573 - 0 ] INFO  ipc.Client (Client.java:handleConnectionFailure(977)) - Retrying connect to server: 0.0.0.0/0.0.0.0:36573. Already tried 2 time(s); retry policy is RetryUpToMaximumCountWithFixedSleep(maxRetries=15, sleepTime=1000 MILLISECONDS)
2022-01-21 22:43:16,528 [EndpointStateMachine task thread for /0.0.0.0:36573 - 0 ] INFO  ipc.Client (Client.java:handleConnectionFailure(977)) - Retrying connect to server: 0.0.0.0/0.0.0.0:36573. Already tried 3 time(s); retry policy is RetryUpToMaximumCountWithFixedSleep(maxRetries=15, sleepTime=1000 MILLISECONDS)
2022-01-21 22:43:16,723 [grpc-default-executor-2] WARN  server.GrpcLogAppender (LogUtils.java:warn(122)) - 85f03e38-9c25-442e-a296-583332b1e3c2@group-B1D18A7504CD->33960171-3598-4c9a-8f0c-3d16f1502dba-AppendLogResponseHandler: Failed appendEntries: org.apache.ratis.thirdparty.io.grpc.StatusRuntimeException: UNAVAILABLE: io exception
2022-01-21 22:43:16,724 [grpc-default-executor-2] WARN  server.GrpcLogAppender (GrpcLogAppender.java:resetClient(110)) - 85f03e38-9c25-442e-a296-583332b1e3c2@group-B1D18A7504CD->33960171-3598-4c9a-8f0c-3d16f1502dba-GrpcLogAppender: Leader has not got in touch with Follower 85f03e38-9c25-442e-a296-583332b1e3c2@group-B1D18A7504CD->33960171-3598-4c9a-8f0c-3d16f1502dba(c0,m0,n1, attendVote=true, lastRpcSendTime=9, lastRpcResponseTime=15079) yet, just keep nextIndex unchanged and retry.
2022-01-21 22:43:17,535 [EndpointStateMachine task thread for /0.0.0.0:36573 - 0 ] INFO  ipc.Client (Client.java:handleConnectionFailure(977)) - Retrying connect to server: 0.0.0.0/0.0.0.0:36573. Already tried 4 time(s); retry policy is RetryUpToMaximumCountWithFixedSleep(maxRetries=15, sleepTime=1000 MILLISECONDS)
2022-01-21 22:43:18,542 [EndpointStateMachine task thread for /0.0.0.0:36573 - 0 ] INFO  ipc.Client (Client.java:handleConnectionFailure(977)) - Retrying connect to server: 0.0.0.0/0.0.0.0:36573. Already tried 5 time(s); retry policy is RetryUpToMaximumCountWithFixedSleep(maxRetries=15, sleepTime=1000 MILLISECONDS)
2022-01-21 22:43:19,215 [grpc-default-executor-2] WARN  server.GrpcLogAppender (LogUtils.java:warn(122)) - 85f03e38-9c25-442e-a296-583332b1e3c2@group-B1D18A7504CD->33960171-3598-4c9a-8f0c-3d16f1502dba-AppendLogResponseHandler: Failed appendEntries: org.apache.ratis.thirdparty.io.grpc.StatusRuntimeException: UNAVAILABLE: io exception
2022-01-21 22:43:19,216 [grpc-default-executor-2] WARN  server.GrpcLogAppender (GrpcLogAppender.java:resetClient(110)) - 85f03e38-9c25-442e-a296-583332b1e3c2@group-B1D18A7504CD->33960171-3598-4c9a-8f0c-3d16f1502dba-GrpcLogAppender: Leader has not got in touch with Follower 85f03e38-9c25-442e-a296-583332b1e3c2@group-B1D18A7504CD->33960171-3598-4c9a-8f0c-3d16f1502dba(c0,m0,n1, attendVote=true, lastRpcSendTime=0, lastRpcResponseTime=17571) yet, just keep nextIndex unchanged and retry.
2022-01-21 22:43:19,543 [EndpointStateMachine task thread for /0.0.0.0:36573 - 0 ] INFO  ipc.Client (Client.java:handleConnectionFailure(977)) - Retrying connect to server: 0.0.0.0/0.0.0.0:36573. Already tried 6 time(s); retry policy is RetryUpToMaximumCountWithFixedSleep(maxRetries=15, sleepTime=1000 MILLISECONDS)
2022-01-21 22:43:20,544 [EndpointStateMachine task thread for /0.0.0.0:36573 - 0 ] INFO  ipc.Client (Client.java:handleConnectionFailure(977)) - Retrying connect to server: 0.0.0.0/0.0.0.0:36573. Already tried 7 time(s); retry policy is RetryUpToMaximumCountWithFixedSleep(maxRetries=15, sleepTime=1000 MILLISECONDS)
2022-01-21 22:43:21,544 [EndpointStateMachine task thread for /0.0.0.0:36573 - 0 ] INFO  ipc.Client (Client.java:handleConnectionFailure(977)) - Retrying connect to server: 0.0.0.0/0.0.0.0:36573. Already tried 8 time(s); retry policy is RetryUpToMaximumCountWithFixedSleep(maxRetries=15, sleepTime=1000 MILLISECONDS)
2022-01-21 22:43:21,716 [grpc-default-executor-5] WARN  server.GrpcLogAppender (LogUtils.java:warn(122)) - 85f03e38-9c25-442e-a296-583332b1e3c2@group-B1D18A7504CD->33960171-3598-4c9a-8f0c-3d16f1502dba-AppendLogResponseHandler: Failed appendEntries: org.apache.ratis.thirdparty.io.grpc.StatusRuntimeException: UNAVAILABLE: io exception
2022-01-21 22:43:21,717 [grpc-default-executor-5] WARN  server.GrpcLogAppender (GrpcLogAppender.java:resetClient(110)) - 85f03e38-9c25-442e-a296-583332b1e3c2@group-B1D18A7504CD->33960171-3598-4c9a-8f0c-3d16f1502dba-GrpcLogAppender: Leader has not got in touch with Follower 85f03e38-9c25-442e-a296-583332b1e3c2@group-B1D18A7504CD->33960171-3598-4c9a-8f0c-3d16f1502dba(c0,m0,n1, attendVote=true, lastRpcSendTime=0, lastRpcResponseTime=20072) yet, just keep nextIndex unchanged and retry.
2022-01-21 22:43:22,545 [EndpointStateMachine task thread for /0.0.0.0:36573 - 0 ] INFO  ipc.Client (Client.java:handleConnectionFailure(977)) - Retrying connect to server: 0.0.0.0/0.0.0.0:36573. Already tried 9 time(s); retry policy is RetryUpToMaximumCountWithFixedSleep(maxRetries=15, sleepTime=1000 MILLISECONDS)
2022-01-21 22:43:23,474 [Datanode State Machine Daemon Thread] ERROR datanode.RunningDatanodeState (RunningDatanodeState.java:computeNextContainerState(199)) - Error in executing end point task.
java.util.concurrent.ExecutionException: java.util.concurrent.TimeoutException
	at java.util.concurrent.FutureTask.report(FutureTask.java:122)
	at java.util.concurrent.FutureTask.get(FutureTask.java:192)
	at org.apache.hadoop.ozone.container.common.states.datanode.RunningDatanodeState.computeNextContainerState(RunningDatanodeState.java:191)
	at org.apache.hadoop.ozone.container.common.states.datanode.RunningDatanodeState.await(RunningDatanodeState.java:231)
	at org.apache.hadoop.ozone.container.common.states.datanode.RunningDatanodeState.await(RunningDatanodeState.java:50)
	at org.apache.hadoop.ozone.container.common.statemachine.StateContext.execute(StateContext.java:633)
	at org.apache.hadoop.ozone.container.common.statemachine.DatanodeStateMachine.start(DatanodeStateMachine.java:283)
	at org.apache.hadoop.ozone.container.common.statemachine.DatanodeStateMachine.lambda$startDaemon$0(DatanodeStateMachine.java:471)
	at java.lang.Thread.run(Thread.java:748)
Caused by: java.util.concurrent.TimeoutException
	at java.util.concurrent.FutureTask.get(FutureTask.java:205)
	at org.apache.hadoop.ozone.container.common.states.datanode.RunningDatanodeState.lambda$execute$0(RunningDatanodeState.java:149)
	at java.util.concurrent.FutureTask.run(FutureTask.java:266)
	at java.util.concurrent.Executors$RunnableAdapter.call(Executors.java:511)
	at java.util.concurrent.FutureTask.run(FutureTask.java:266)
	at java.util.concurrent.ThreadPoolExecutor.runWorker(ThreadPoolExecutor.java:1149)
	at java.util.concurrent.ThreadPoolExecutor$Worker.run(ThreadPoolExecutor.java:624)
	... 1 more
2022-01-21 22:43:23,546 [EndpointStateMachine task thread for /0.0.0.0:36573 - 0 ] INFO  ipc.Client (Client.java:handleConnectionFailure(977)) - Retrying connect to server: 0.0.0.0/0.0.0.0:36573. Already tried 10 time(s); retry policy is RetryUpToMaximumCountWithFixedSleep(maxRetries=15, sleepTime=1000 MILLISECONDS)
2022-01-21 22:43:24,217 [grpc-default-executor-5] WARN  server.GrpcLogAppender (LogUtils.java:warn(122)) - 85f03e38-9c25-442e-a296-583332b1e3c2@group-B1D18A7504CD->33960171-3598-4c9a-8f0c-3d16f1502dba-AppendLogResponseHandler: Failed appendEntries: org.apache.ratis.thirdparty.io.grpc.StatusRuntimeException: UNAVAILABLE: io exception
2022-01-21 22:43:24,218 [grpc-default-executor-5] WARN  server.GrpcLogAppender (GrpcLogAppender.java:resetClient(110)) - 85f03e38-9c25-442e-a296-583332b1e3c2@group-B1D18A7504CD->33960171-3598-4c9a-8f0c-3d16f1502dba-GrpcLogAppender: Leader has not got in touch with Follower 85f03e38-9c25-442e-a296-583332b1e3c2@group-B1D18A7504CD->33960171-3598-4c9a-8f0c-3d16f1502dba(c0,m0,n1, attendVote=true, lastRpcSendTime=2501, lastRpcResponseTime=22573) yet, just keep nextIndex unchanged and retry.
2022-01-21 22:43:24,503 [Time-limited test] INFO  ozone.MiniOzoneClusterImpl (MiniOzoneClusterImpl.java:shutdown(437)) - Shutting down the Mini Ozone Cluster
2022-01-21 22:43:24,504 [Time-limited test] INFO  ozone.MiniOzoneClusterImpl (MiniOzoneClusterImpl.java:stop(452)) - Stopping the Mini Ozone Cluster
2022-01-21 22:43:24,504 [Time-limited test] INFO  ozone.MiniOzoneClusterImpl (MiniOzoneClusterImpl.java:stopOM(534)) - Stopping the OzoneManager
2022-01-21 22:43:24,504 [Time-limited test] INFO  om.OzoneManager (OzoneManager.java:stop(1893)) - om1[localhost:0]: Stopping Ozone Manager
2022-01-21 22:43:24,504 [Time-limited test] INFO  ipc.Server (Server.java:stop(3414)) - Stopping server on 33563
2022-01-21 22:43:24,507 [IPC Server listener on 0] INFO  ipc.Server (Server.java:run(1376)) - Stopping IPC Server listener on 0
2022-01-21 22:43:24,507 [IPC Server Responder] INFO  ipc.Server (Server.java:run(1512)) - Stopping IPC Server Responder
2022-01-21 22:43:24,508 [Time-limited test] INFO  server.RaftServer (RaftServerProxy.java:lambda$close$6(391)) - om1: close
2022-01-21 22:43:24,509 [Time-limited test] INFO  server.RaftServer$Division (RaftServerImpl.java:lambda$close$4(412)) - om1@group-C5BA1605619E: shutdown
2022-01-21 22:43:24,509 [Time-limited test] INFO  util.JmxRegister (JmxRegister.java:unregister(73)) - Successfully un-registered JMX Bean with object name Ratis:service=RaftServer,group=group-C5BA1605619E,id=om1
2022-01-21 22:43:24,509 [Time-limited test] INFO  impl.RoleInfo (RoleInfo.java:shutdownLeaderState(91)) - om1: shutdown om1@group-C5BA1605619E-LeaderStateImpl
2022-01-21 22:43:24,510 [Time-limited test] INFO  impl.PendingRequests (PendingRequests.java:sendNotLeaderResponses(282)) - om1@group-C5BA1605619E-PendingRequests: sendNotLeaderResponses
2022-01-21 22:43:24,511 [om1@group-C5BA1605619E-StateMachineUpdater] INFO  ratis.OzoneManagerStateMachine (OzoneManagerStateMachine.java:takeSnapshot(417)) - Current Snapshot Index (t:1, i:0)
2022-01-21 22:43:24,511 [om1@group-C5BA1605619E-StateMachineUpdater] INFO  impl.StateMachineUpdater (StateMachineUpdater.java:takeSnapshot(281)) - om1@group-C5BA1605619E-StateMachineUpdater: Took a snapshot at index 0
2022-01-21 22:43:24,511 [om1@group-C5BA1605619E-StateMachineUpdater] INFO  impl.StateMachineUpdater (StateMachineUpdater.java:lambda$new$0(89)) - om1@group-C5BA1605619E-StateMachineUpdater: snapshotIndex: updateIncreasingly -1 -> 0
2022-01-21 22:43:24,511 [om1@group-C5BA1605619E-StateMachineUpdater] INFO  ratis.OzoneManagerStateMachine (OzoneManagerStateMachine.java:close(471)) - StateMachine has shutdown. Shutdown OzoneManager if not already shutdown.
2022-01-21 22:43:24,512 [Time-limited test] INFO  impl.StateMachineUpdater (StateMachineUpdater.java:stopAndJoin(149)) - om1@group-C5BA1605619E-StateMachineUpdater: set stopIndex = 0
2022-01-21 22:43:24,512 [Time-limited test] INFO  server.RaftServer$Division (ServerState.java:close(419)) - om1@group-C5BA1605619E: closes. applyIndex: 0
2022-01-21 22:43:24,512 [om1@group-C5BA1605619E-SegmentedRaftLogWorker] INFO  segmented.SegmentedRaftLogWorker (SegmentedRaftLogWorker.java:run(327)) - om1@group-C5BA1605619E-SegmentedRaftLogWorker was interrupted, exiting. There are 0 tasks remaining in the queue.
2022-01-21 22:43:24,513 [Time-limited test] INFO  segmented.SegmentedRaftLogWorker (SegmentedRaftLogWorker.java:close(237)) - om1@group-C5BA1605619E-SegmentedRaftLogWorker close()
2022-01-21 22:43:24,514 [Time-limited test] INFO  server.GrpcService (GrpcService.java:closeImpl(262)) - om1: shutdown server with port 9872 now
2022-01-21 22:43:24,515 [Time-limited test] INFO  server.GrpcService (GrpcService.java:closeImpl(271)) - om1: shutdown server with port 9872 successfully
2022-01-21 22:43:24,515 [org.apache.ratis.util.JvmPauseMonitor$$Lambda$431/1288267183@5c1bbb47] INFO  util.JvmPauseMonitor (JvmPauseMonitor.java:run(109)) - JvmPauseMonitor-om1: Stopped
2022-01-21 22:43:24,515 [Time-limited test] INFO  ratis.OzoneManagerDoubleBuffer (OzoneManagerDoubleBuffer.java:stop(437)) - Stopping OMDoubleBuffer flush thread
2022-01-21 22:43:24,514 [Datanode State Machine Daemon Thread] ERROR datanode.RunningDatanodeState (RunningDatanodeState.java:computeNextContainerState(199)) - Error in executing end point task.
java.util.concurrent.ExecutionException: java.util.concurrent.TimeoutException
	at java.util.concurrent.FutureTask.report(FutureTask.java:122)
	at java.util.concurrent.FutureTask.get(FutureTask.java:192)
	at org.apache.hadoop.ozone.container.common.states.datanode.RunningDatanodeState.computeNextContainerState(RunningDatanodeState.java:191)
	at org.apache.hadoop.ozone.container.common.states.datanode.RunningDatanodeState.await(RunningDatanodeState.java:231)
	at org.apache.hadoop.ozone.container.common.states.datanode.RunningDatanodeState.await(RunningDatanodeState.java:50)
	at org.apache.hadoop.ozone.container.common.statemachine.StateContext.execute(StateContext.java:633)
	at org.apache.hadoop.ozone.container.common.statemachine.DatanodeStateMachine.start(DatanodeStateMachine.java:283)
	at org.apache.hadoop.ozone.container.common.statemachine.DatanodeStateMachine.lambda$startDaemon$0(DatanodeStateMachine.java:471)
	at java.lang.Thread.run(Thread.java:748)
Caused by: java.util.concurrent.TimeoutException
	at java.util.concurrent.FutureTask.get(FutureTask.java:205)
	at org.apache.hadoop.ozone.container.common.states.datanode.RunningDatanodeState.lambda$execute$0(RunningDatanodeState.java:149)
	at java.util.concurrent.FutureTask.run(FutureTask.java:266)
	at java.util.concurrent.Executors$RunnableAdapter.call(Executors.java:511)
	at java.util.concurrent.FutureTask.run(FutureTask.java:266)
	at java.util.concurrent.ThreadPoolExecutor.runWorker(ThreadPoolExecutor.java:1149)
	at java.util.concurrent.ThreadPoolExecutor$Worker.run(ThreadPoolExecutor.java:624)
	... 1 more
2022-01-21 22:43:24,519 [OMDoubleBufferFlushThread] INFO  ratis.OzoneManagerDoubleBuffer (OzoneManagerDoubleBuffer.java:flushTransactions(356)) - OMDoubleBuffer flush thread OMDoubleBufferFlushThread is interrupted and will exit. OMDoubleBufferFlushThread
2022-01-21 22:43:24,536 [Time-limited test] INFO  utils.BackgroundService (BackgroundService.java:shutdown(132)) - Shutting down service KeyDeletingService
2022-01-21 22:43:24,536 [Time-limited test] INFO  utils.BackgroundService (BackgroundService.java:shutdown(132)) - Shutting down service DirectoryDeletingService
2022-01-21 22:43:24,539 [Time-limited test] INFO  handler.ContextHandler (ContextHandler.java:doStop(1153)) - Stopped o.e.j.w.WebAppContext@24cb1492{ozoneManager,/,null,STOPPED}{file:/home/runner/work/ozone/ozone/hadoop-ozone/integration-test/target/test-classes/webapps/ozoneManager}
2022-01-21 22:43:24,546 [EndpointStateMachine task thread for /0.0.0.0:36573 - 0 ] INFO  ipc.Client (Client.java:handleConnectionFailure(977)) - Retrying connect to server: 0.0.0.0/0.0.0.0:36573. Already tried 11 time(s); retry policy is RetryUpToMaximumCountWithFixedSleep(maxRetries=15, sleepTime=1000 MILLISECONDS)
2022-01-21 22:43:24,547 [Time-limited test] INFO  server.AbstractConnector (AbstractConnector.java:doStop(381)) - Stopped ServerConnector@7ae69c0f{HTTP/1.1, (http/1.1)}{0.0.0.0:0}
2022-01-21 22:43:24,547 [Time-limited test] INFO  server.session (HouseKeeper.java:stopScavenging(149)) - node0 Stopped scavenging
2022-01-21 22:43:24,548 [Time-limited test] INFO  handler.ContextHandler (ContextHandler.java:doStop(1153)) - Stopped o.e.j.s.ServletContextHandler@1054fa7f{static,/static,file:///home/runner/work/ozone/ozone/hadoop-ozone/integration-test/target/test-classes/webapps/static,STOPPED}
2022-01-21 22:43:24,549 [Time-limited test] INFO  handler.ContextHandler (ContextHandler.java:doStop(1153)) - Stopped o.e.j.s.ServletContextHandler@58207cfa{logs,/logs,file:///home/runner/work/ozone/ozone/hadoop-ozone/integration-test/target/log,STOPPED}
2022-01-21 22:43:24,560 [Time-limited test] INFO  ozone.MiniOzoneClusterImpl (MiniOzoneClusterImpl.java:stopDatanodes(511)) - Stopping the HddsDatanodes
2022-01-21 22:43:25,480 [Datanode State Machine Daemon Thread] WARN  statemachine.StateContext (StateContext.java:setState(249)) - Ignore disallowed transition from SHUTDOWN to RUNNING
2022-01-21 22:43:25,547 [EndpointStateMachine task thread for /0.0.0.0:36573 - 0 ] INFO  ipc.Client (Client.java:handleConnectionFailure(977)) - Retrying connect to server: 0.0.0.0/0.0.0.0:36573. Already tried 12 time(s); retry policy is RetryUpToMaximumCountWithFixedSleep(maxRetries=15, sleepTime=1000 MILLISECONDS)
2022-01-21 22:43:25,894 [Datanode State Machine Daemon Thread] WARN  statemachine.StateContext (StateContext.java:setState(249)) - Ignore disallowed transition from SHUTDOWN to RUNNING
2022-01-21 22:43:26,548 [EndpointStateMachine task thread for /0.0.0.0:36573 - 0 ] INFO  ipc.Client (Client.java:handleConnectionFailure(977)) - Retrying connect to server: 0.0.0.0/0.0.0.0:36573. Already tried 13 time(s); retry policy is RetryUpToMaximumCountWithFixedSleep(maxRetries=15, sleepTime=1000 MILLISECONDS)
2022-01-21 22:43:26,721 [grpc-default-executor-5] WARN  server.GrpcLogAppender (LogUtils.java:warn(122)) - 85f03e38-9c25-442e-a296-583332b1e3c2@group-B1D18A7504CD->33960171-3598-4c9a-8f0c-3d16f1502dba-AppendLogResponseHandler: Failed appendEntries: org.apache.ratis.thirdparty.io.grpc.StatusRuntimeException: UNAVAILABLE: io exception
2022-01-21 22:43:26,722 [grpc-default-executor-5] WARN  server.GrpcLogAppender (GrpcLogAppender.java:resetClient(110)) - 85f03e38-9c25-442e-a296-583332b1e3c2@group-B1D18A7504CD->33960171-3598-4c9a-8f0c-3d16f1502dba-GrpcLogAppender: Leader has not got in touch with Follower 85f03e38-9c25-442e-a296-583332b1e3c2@group-B1D18A7504CD->33960171-3598-4c9a-8f0c-3d16f1502dba(c0,m0,n1, attendVote=true, lastRpcSendTime=2501, lastRpcResponseTime=25077) yet, just keep nextIndex unchanged and retry.
2022-01-21 22:43:27,548 [EndpointStateMachine task thread for /0.0.0.0:36573 - 0 ] INFO  ipc.Client (Client.java:handleConnectionFailure(977)) - Retrying connect to server: 0.0.0.0/0.0.0.0:36573. Already tried 14 time(s); retry policy is RetryUpToMaximumCountWithFixedSleep(maxRetries=15, sleepTime=1000 MILLISECONDS)
2022-01-21 22:43:27,549 [EndpointStateMachine task thread for /0.0.0.0:36573 - 0 ] WARN  statemachine.EndpointStateMachine (EndpointStateMachine.java:logIfNeeded(236)) - Unable to communicate to SCM server at 0.0.0.0:36573 for past 0 seconds.
java.net.ConnectException: Your endpoint configuration is wrong; For more details see:  http://wiki.apache.org/hadoop/UnsetHostnameOrPort
	at sun.reflect.NativeConstructorAccessorImpl.newInstance0(Native Method)
	at sun.reflect.NativeConstructorAccessorImpl.newInstance(NativeConstructorAccessorImpl.java:62)
	at sun.reflect.DelegatingConstructorAccessorImpl.newInstance(DelegatingConstructorAccessorImpl.java:45)
	at java.lang.reflect.Constructor.newInstance(Constructor.java:423)
	at org.apache.hadoop.net.NetUtils.wrapWithMessage(NetUtils.java:913)
	at org.apache.hadoop.net.NetUtils.wrapException(NetUtils.java:824)
	at org.apache.hadoop.ipc.Client.getRpcResponse(Client.java:1577)
	at org.apache.hadoop.ipc.Client.call(Client.java:1519)
	at org.apache.hadoop.ipc.Client.call(Client.java:1416)
	at org.apache.hadoop.ipc.ProtobufRpcEngine$Invoker.invoke(ProtobufRpcEngine.java:236)
	at org.apache.hadoop.ipc.ProtobufRpcEngine$Invoker.invoke(ProtobufRpcEngine.java:123)
	at com.sun.proxy.$Proxy49.submitRequest(Unknown Source)
	at org.apache.hadoop.ozone.protocolPB.StorageContainerDatanodeProtocolClientSideTranslatorPB.submitRequest(StorageContainerDatanodeProtocolClientSideTranslatorPB.java:117)
	at org.apache.hadoop.ozone.protocolPB.StorageContainerDatanodeProtocolClientSideTranslatorPB.getVersion(StorageContainerDatanodeProtocolClientSideTranslatorPB.java:133)
	at org.apache.hadoop.ozone.container.common.states.endpoint.VersionEndpointTask.call(VersionEndpointTask.java:71)
	at org.apache.hadoop.ozone.container.common.states.endpoint.VersionEndpointTask.call(VersionEndpointTask.java:42)
	at java.util.concurrent.FutureTask.run(FutureTask.java:266)
	at java.util.concurrent.ThreadPoolExecutor.runWorker(ThreadPoolExecutor.java:1149)
	at java.util.concurrent.ThreadPoolExecutor$Worker.run(ThreadPoolExecutor.java:624)
	at java.lang.Thread.run(Thread.java:748)
Caused by: java.net.ConnectException: Connection refused
	at sun.nio.ch.SocketChannelImpl.checkConnect(Native Method)
	at sun.nio.ch.SocketChannelImpl.finishConnect(SocketChannelImpl.java:716)
	at org.apache.hadoop.net.SocketIOWithTimeout.connect(SocketIOWithTimeout.java:206)
	at org.apache.hadoop.net.NetUtils.connect(NetUtils.java:586)
	at org.apache.hadoop.ipc.Client$Connection.setupConnection(Client.java:701)
	at org.apache.hadoop.ipc.Client$Connection.setupIOstreams(Client.java:822)
	at org.apache.hadoop.ipc.Client$Connection.access$3800(Client.java:414)
	at org.apache.hadoop.ipc.Client.getConnection(Client.java:1647)
	at org.apache.hadoop.ipc.Client.call(Client.java:1463)
	... 12 more
2022-01-21 22:43:28,550 [EndpointStateMachine task thread for /0.0.0.0:36573 - 0 ] INFO  ipc.Client (Client.java:handleConnectionFailure(977)) - Retrying connect to server: 0.0.0.0/0.0.0.0:36573. Already tried 0 time(s); retry policy is RetryUpToMaximumCountWithFixedSleep(maxRetries=15, sleepTime=1000 MILLISECONDS)
2022-01-21 22:43:29,233 [grpc-default-executor-5] WARN  server.GrpcLogAppender (LogUtils.java:warn(122)) - 85f03e38-9c25-442e-a296-583332b1e3c2@group-B1D18A7504CD->33960171-3598-4c9a-8f0c-3d16f1502dba-AppendLogResponseHandler: Failed appendEntries: org.apache.ratis.thirdparty.io.grpc.StatusRuntimeException: UNAVAILABLE: io exception
2022-01-21 22:43:29,234 [grpc-default-executor-5] WARN  server.GrpcLogAppender (GrpcLogAppender.java:resetClient(110)) - 85f03e38-9c25-442e-a296-583332b1e3c2@group-B1D18A7504CD->33960171-3598-4c9a-8f0c-3d16f1502dba-GrpcLogAppender: Leader has not got in touch with Follower 85f03e38-9c25-442e-a296-583332b1e3c2@group-B1D18A7504CD->33960171-3598-4c9a-8f0c-3d16f1502dba(c0,m0,n1, attendVote=true, lastRpcSendTime=0, lastRpcResponseTime=27588) yet, just keep nextIndex unchanged and retry.
2022-01-21 22:43:29,551 [EndpointStateMachine task thread for /0.0.0.0:36573 - 0 ] INFO  ipc.Client (Client.java:handleConnectionFailure(977)) - Retrying connect to server: 0.0.0.0/0.0.0.0:36573. Already tried 1 time(s); retry policy is RetryUpToMaximumCountWithFixedSleep(maxRetries=15, sleepTime=1000 MILLISECONDS)
2022-01-21 22:43:29,567 [Time-limited test] INFO  ozoneimpl.OzoneContainer (OzoneContainer.java:stop(336)) - Attempting to stop container services.
2022-01-21 22:43:29,568 [Time-limited test] INFO  server.RaftServer (RaftServerProxy.java:lambda$close$6(391)) - 3b795d5a-b002-4e0e-8d87-bd187dac4e43: close
2022-01-21 22:43:29,568 [Time-limited test] INFO  server.RaftServer$Division (RaftServerImpl.java:lambda$close$4(412)) - 3b795d5a-b002-4e0e-8d87-bd187dac4e43@group-B1D18A7504CD: shutdown
2022-01-21 22:43:29,569 [Time-limited test] INFO  util.JmxRegister (JmxRegister.java:unregister(73)) - Successfully un-registered JMX Bean with object name Ratis:service=RaftServer,group=group-B1D18A7504CD,id=3b795d5a-b002-4e0e-8d87-bd187dac4e43
2022-01-21 22:43:29,569 [Time-limited test] INFO  impl.RoleInfo (RoleInfo.java:shutdownFollowerState(108)) - 3b795d5a-b002-4e0e-8d87-bd187dac4e43: shutdown 3b795d5a-b002-4e0e-8d87-bd187dac4e43@group-B1D18A7504CD-FollowerState
2022-01-21 22:43:29,569 [Time-limited test] INFO  impl.StateMachineUpdater (StateMachineUpdater.java:stopAndJoin(149)) - 3b795d5a-b002-4e0e-8d87-bd187dac4e43@group-B1D18A7504CD-StateMachineUpdater: set stopIndex = 0
2022-01-21 22:43:29,569 [3b795d5a-b002-4e0e-8d87-bd187dac4e43@group-B1D18A7504CD-FollowerState] INFO  impl.FollowerState (FollowerState.java:run(143)) - 3b795d5a-b002-4e0e-8d87-bd187dac4e43@group-B1D18A7504CD-FollowerState was interrupted: {}
java.lang.InterruptedException: sleep interrupted
	at java.lang.Thread.sleep(Native Method)
	at java.lang.Thread.sleep(Thread.java:340)
	at java.util.concurrent.TimeUnit.sleep(TimeUnit.java:386)
	at org.apache.ratis.util.TimeDuration.sleep(TimeDuration.java:324)
	at org.apache.ratis.util.TimeDuration.sleep(TimeDuration.java:309)
	at org.apache.ratis.server.impl.FollowerState.run(FollowerState.java:118)
2022-01-21 22:43:29,575 [ForkJoinPool.commonPool-worker-1] INFO  ozoneimpl.OzoneContainer (OzoneContainer.java:stop(336)) - Attempting to stop container services.
2022-01-21 22:43:29,575 [ForkJoinPool.commonPool-worker-1] INFO  utils.BackgroundService (BackgroundService.java:shutdown(132)) - Shutting down service BlockDeletingService
2022-01-21 22:43:29,575 [3b795d5a-b002-4e0e-8d87-bd187dac4e43@group-B1D18A7504CD-StateMachineUpdater] INFO  ratis.ContainerStateMachine (ContainerStateMachine.java:takeSnapshot(299)) - group-B1D18A7504CD: Taking a snapshot at:(t:10, i:0) file /home/runner/work/ozone/ozone/hadoop-ozone/integration-test/target/test-dir/MiniOzoneClusterImpl-5c2351a1-b605-4f96-be75-a807118e8034/datanode-1/data/ratis/e38a47b2-0f2b-43ed-bf73-b1d18a7504cd/sm/snapshot.10_0
2022-01-21 22:43:29,579 [3b795d5a-b002-4e0e-8d87-bd187dac4e43@group-B1D18A7504CD-StateMachineUpdater] INFO  ratis.ContainerStateMachine (ContainerStateMachine.java:takeSnapshot(310)) - group-B1D18A7504CD: Finished taking a snapshot at:(t:10, i:0) file:/home/runner/work/ozone/ozone/hadoop-ozone/integration-test/target/test-dir/MiniOzoneClusterImpl-5c2351a1-b605-4f96-be75-a807118e8034/datanode-1/data/ratis/e38a47b2-0f2b-43ed-bf73-b1d18a7504cd/sm/snapshot.10_0 took: 3 ms
2022-01-21 22:43:29,579 [3b795d5a-b002-4e0e-8d87-bd187dac4e43@group-B1D18A7504CD-StateMachineUpdater] INFO  impl.StateMachineUpdater (StateMachineUpdater.java:takeSnapshot(281)) - 3b795d5a-b002-4e0e-8d87-bd187dac4e43@group-B1D18A7504CD-StateMachineUpdater: Took a snapshot at index 0
2022-01-21 22:43:29,579 [3b795d5a-b002-4e0e-8d87-bd187dac4e43@group-B1D18A7504CD-StateMachineUpdater] INFO  impl.StateMachineUpdater (StateMachineUpdater.java:lambda$new$0(89)) - 3b795d5a-b002-4e0e-8d87-bd187dac4e43@group-B1D18A7504CD-StateMachineUpdater: snapshotIndex: updateIncreasingly -1 -> 0
2022-01-21 22:43:29,579 [Time-limited test] INFO  server.RaftServer$Division (ServerState.java:close(419)) - 3b795d5a-b002-4e0e-8d87-bd187dac4e43@group-B1D18A7504CD: closes. applyIndex: 0
2022-01-21 22:43:29,579 [3b795d5a-b002-4e0e-8d87-bd187dac4e43@group-B1D18A7504CD-SegmentedRaftLogWorker] INFO  segmented.SegmentedRaftLogWorker (SegmentedRaftLogWorker.java:run(327)) - 3b795d5a-b002-4e0e-8d87-bd187dac4e43@group-B1D18A7504CD-SegmentedRaftLogWorker was interrupted, exiting. There are 0 tasks remaining in the queue.
2022-01-21 22:43:29,580 [Time-limited test] INFO  segmented.SegmentedRaftLogWorker (SegmentedRaftLogWorker.java:close(237)) - 3b795d5a-b002-4e0e-8d87-bd187dac4e43@group-B1D18A7504CD-SegmentedRaftLogWorker close()
2022-01-21 22:43:29,580 [Time-limited test] INFO  server.RaftServer$Division (RaftServerImpl.java:lambda$close$4(412)) - 3b795d5a-b002-4e0e-8d87-bd187dac4e43@group-8DD89CE91408: shutdown
2022-01-21 22:43:29,581 [Time-limited test] INFO  util.JmxRegister (JmxRegister.java:unregister(73)) - Successfully un-registered JMX Bean with object name Ratis:service=RaftServer,group=group-8DD89CE91408,id=3b795d5a-b002-4e0e-8d87-bd187dac4e43
2022-01-21 22:43:29,581 [Time-limited test] INFO  impl.RoleInfo (RoleInfo.java:shutdownLeaderState(91)) - 3b795d5a-b002-4e0e-8d87-bd187dac4e43: shutdown 3b795d5a-b002-4e0e-8d87-bd187dac4e43@group-8DD89CE91408-LeaderStateImpl
2022-01-21 22:43:29,581 [Time-limited test] INFO  impl.PendingRequests (PendingRequests.java:sendNotLeaderResponses(282)) - 3b795d5a-b002-4e0e-8d87-bd187dac4e43@group-8DD89CE91408-PendingRequests: sendNotLeaderResponses
2022-01-21 22:43:29,581 [Time-limited test] INFO  impl.StateMachineUpdater (StateMachineUpdater.java:stopAndJoin(149)) - 3b795d5a-b002-4e0e-8d87-bd187dac4e43@group-8DD89CE91408-StateMachineUpdater: set stopIndex = 0
2022-01-21 22:43:29,581 [3b795d5a-b002-4e0e-8d87-bd187dac4e43@group-8DD89CE91408-StateMachineUpdater] INFO  ratis.ContainerStateMachine (ContainerStateMachine.java:takeSnapshot(299)) - group-8DD89CE91408: Taking a snapshot at:(t:1, i:0) file /home/runner/work/ozone/ozone/hadoop-ozone/integration-test/target/test-dir/MiniOzoneClusterImpl-5c2351a1-b605-4f96-be75-a807118e8034/datanode-1/data/ratis/452b4478-3ab3-44f4-8089-8dd89ce91408/sm/snapshot.1_0
2022-01-21 22:43:29,582 [3b795d5a-b002-4e0e-8d87-bd187dac4e43@group-8DD89CE91408-StateMachineUpdater] INFO  ratis.ContainerStateMachine (ContainerStateMachine.java:takeSnapshot(310)) - group-8DD89CE91408: Finished taking a snapshot at:(t:1, i:0) file:/home/runner/work/ozone/ozone/hadoop-ozone/integration-test/target/test-dir/MiniOzoneClusterImpl-5c2351a1-b605-4f96-be75-a807118e8034/datanode-1/data/ratis/452b4478-3ab3-44f4-8089-8dd89ce91408/sm/snapshot.1_0 took: 0 ms
2022-01-21 22:43:29,582 [3b795d5a-b002-4e0e-8d87-bd187dac4e43@group-8DD89CE91408-StateMachineUpdater] INFO  impl.StateMachineUpdater (StateMachineUpdater.java:takeSnapshot(281)) - 3b795d5a-b002-4e0e-8d87-bd187dac4e43@group-8DD89CE91408-StateMachineUpdater: Took a snapshot at index 0
2022-01-21 22:43:29,582 [3b795d5a-b002-4e0e-8d87-bd187dac4e43@group-8DD89CE91408-StateMachineUpdater] INFO  impl.StateMachineUpdater (StateMachineUpdater.java:lambda$new$0(89)) - 3b795d5a-b002-4e0e-8d87-bd187dac4e43@group-8DD89CE91408-StateMachineUpdater: snapshotIndex: updateIncreasingly -1 -> 0
2022-01-21 22:43:29,584 [Time-limited test] INFO  server.RaftServer$Division (ServerState.java:close(419)) - 3b795d5a-b002-4e0e-8d87-bd187dac4e43@group-8DD89CE91408: closes. applyIndex: 0
2022-01-21 22:43:29,585 [3b795d5a-b002-4e0e-8d87-bd187dac4e43@group-8DD89CE91408-SegmentedRaftLogWorker] INFO  segmented.SegmentedRaftLogWorker (SegmentedRaftLogWorker.java:run(327)) - 3b795d5a-b002-4e0e-8d87-bd187dac4e43@group-8DD89CE91408-SegmentedRaftLogWorker was interrupted, exiting. There are 0 tasks remaining in the queue.
2022-01-21 22:43:29,585 [Time-limited test] INFO  segmented.SegmentedRaftLogWorker (SegmentedRaftLogWorker.java:close(237)) - 3b795d5a-b002-4e0e-8d87-bd187dac4e43@group-8DD89CE91408-SegmentedRaftLogWorker close()
2022-01-21 22:43:29,586 [Time-limited test] INFO  server.GrpcService (GrpcService.java:closeImpl(262)) - 3b795d5a-b002-4e0e-8d87-bd187dac4e43: shutdown server with port 39307 now
2022-01-21 22:43:29,599 [grpc-default-executor-4] WARN  server.GrpcLogAppender (LogUtils.java:warn(122)) - 85f03e38-9c25-442e-a296-583332b1e3c2@group-B1D18A7504CD->3b795d5a-b002-4e0e-8d87-bd187dac4e43-AppendLogResponseHandler: Failed appendEntries: org.apache.ratis.thirdparty.io.grpc.StatusRuntimeException: CANCELLED: HTTP/2 error code: CANCEL
Received Rst Stream
2022-01-21 22:43:29,599 [grpc-default-executor-4] WARN  server.GrpcLogAppender (GrpcLogAppender.java:resetClient(110)) - 85f03e38-9c25-442e-a296-583332b1e3c2@group-B1D18A7504CD->3b795d5a-b002-4e0e-8d87-bd187dac4e43-GrpcLogAppender: Leader has not got in touch with Follower 85f03e38-9c25-442e-a296-583332b1e3c2@group-B1D18A7504CD->3b795d5a-b002-4e0e-8d87-bd187dac4e43(c0,m0,n1, attendVote=true, lastRpcSendTime=336, lastRpcResponseTime=326) yet, just keep nextIndex unchanged and retry.
2022-01-21 22:43:29,599 [grpc-default-executor-2] WARN  server.GrpcServerProtocolService (LogUtils.java:warn(122)) - 3b795d5a-b002-4e0e-8d87-bd187dac4e43: installSnapshot onError, lastRequest: 85f03e38-9c25-442e-a296-583332b1e3c2->3b795d5a-b002-4e0e-8d87-bd187dac4e43#1-t10,previous=(t:0, i:0),leaderCommit=0,initializing? true,entries: size=1, first=(t:10, i:0), CONFIGURATIONENTRY: org.apache.ratis.thirdparty.io.grpc.StatusRuntimeException: CANCELLED: client cancelled
2022-01-21 22:43:29,624 [Time-limited test] INFO  server.GrpcService (GrpcService.java:closeImpl(271)) - 3b795d5a-b002-4e0e-8d87-bd187dac4e43: shutdown server with port 39307 successfully
2022-01-21 22:43:29,624 [org.apache.ratis.util.JvmPauseMonitor$$Lambda$431/1288267183@69a89920] INFO  util.JvmPauseMonitor (JvmPauseMonitor.java:run(109)) - JvmPauseMonitor-3b795d5a-b002-4e0e-8d87-bd187dac4e43: Stopped
2022-01-21 22:43:30,551 [EndpointStateMachine task thread for /0.0.0.0:36573 - 0 ] INFO  ipc.Client (Client.java:handleConnectionFailure(977)) - Retrying connect to server: 0.0.0.0/0.0.0.0:36573. Already tried 2 time(s); retry policy is RetryUpToMaximumCountWithFixedSleep(maxRetries=15, sleepTime=1000 MILLISECONDS)
2022-01-21 22:43:31,552 [EndpointStateMachine task thread for /0.0.0.0:36573 - 0 ] INFO  ipc.Client (Client.java:handleConnectionFailure(977)) - Retrying connect to server: 0.0.0.0/0.0.0.0:36573. Already tried 3 time(s); retry policy is RetryUpToMaximumCountWithFixedSleep(maxRetries=15, sleepTime=1000 MILLISECONDS)
2022-01-21 22:43:31,696 [Time-limited test] INFO  utils.BackgroundService (BackgroundService.java:shutdown(132)) - Shutting down service BlockDeletingService
2022-01-21 22:43:31,740 [grpc-default-executor-5] WARN  server.GrpcLogAppender (LogUtils.java:warn(122)) - 85f03e38-9c25-442e-a296-583332b1e3c2@group-B1D18A7504CD->33960171-3598-4c9a-8f0c-3d16f1502dba-AppendLogResponseHandler: Failed appendEntries: org.apache.ratis.thirdparty.io.grpc.StatusRuntimeException: UNAVAILABLE: io exception
2022-01-21 22:43:31,741 [grpc-default-executor-5] WARN  server.GrpcLogAppender (GrpcLogAppender.java:resetClient(110)) - 85f03e38-9c25-442e-a296-583332b1e3c2@group-B1D18A7504CD->33960171-3598-4c9a-8f0c-3d16f1502dba-GrpcLogAppender: Leader has not got in touch with Follower 85f03e38-9c25-442e-a296-583332b1e3c2@group-B1D18A7504CD->33960171-3598-4c9a-8f0c-3d16f1502dba(c0,m0,n1, attendVote=true, lastRpcSendTime=2507, lastRpcResponseTime=30095) yet, just keep nextIndex unchanged and retry.
2022-01-21 22:43:31,787 [grpc-default-executor-2] WARN  server.GrpcLogAppender (LogUtils.java:warn(122)) - 85f03e38-9c25-442e-a296-583332b1e3c2@group-B1D18A7504CD->3b795d5a-b002-4e0e-8d87-bd187dac4e43-AppendLogResponseHandler: Failed appendEntries: org.apache.ratis.thirdparty.io.grpc.StatusRuntimeException: UNAVAILABLE: io exception
2022-01-21 22:43:31,788 [grpc-default-executor-2] WARN  server.GrpcLogAppender (GrpcLogAppender.java:resetClient(110)) - 85f03e38-9c25-442e-a296-583332b1e3c2@group-B1D18A7504CD->3b795d5a-b002-4e0e-8d87-bd187dac4e43-GrpcLogAppender: Leader has not got in touch with Follower 85f03e38-9c25-442e-a296-583332b1e3c2@group-B1D18A7504CD->3b795d5a-b002-4e0e-8d87-bd187dac4e43(c0,m0,n1, attendVote=true, lastRpcSendTime=5, lastRpcResponseTime=2514) yet, just keep nextIndex unchanged and retry.
2022-01-21 22:43:32,553 [EndpointStateMachine task thread for /0.0.0.0:36573 - 0 ] INFO  ipc.Client (Client.java:handleConnectionFailure(977)) - Retrying connect to server: 0.0.0.0/0.0.0.0:36573. Already tried 4 time(s); retry policy is RetryUpToMaximumCountWithFixedSleep(maxRetries=15, sleepTime=1000 MILLISECONDS)
2022-01-21 22:43:32,579 [ForkJoinPool.commonPool-worker-1] INFO  statemachine.DatanodeStateMachine (DatanodeStateMachine.java:stopDaemon(529)) - Ozone container server stopped.
2022-01-21 22:43:32,579 [ForkJoinPool.commonPool-worker-1] INFO  handler.ContextHandler (ContextHandler.java:doStop(1153)) - Stopped o.e.j.w.WebAppContext@5b073465{hddsDatanode,/,null,STOPPED}{jar:file:/home/runner/.m2/repository/org/apache/ozone/hdds-container-service/1.3.0-SNAPSHOT/hdds-container-service-1.3.0-SNAPSHOT.jar!/webapps/hddsDatanode}
2022-01-21 22:43:32,583 [ForkJoinPool.commonPool-worker-1] INFO  server.AbstractConnector (AbstractConnector.java:doStop(381)) - Stopped ServerConnector@51b89b03{HTTP/1.1, (http/1.1)}{0.0.0.0:39841}
2022-01-21 22:43:32,584 [ForkJoinPool.commonPool-worker-1] INFO  server.session (HouseKeeper.java:stopScavenging(149)) - node0 Stopped scavenging
2022-01-21 22:43:32,584 [ForkJoinPool.commonPool-worker-1] INFO  handler.ContextHandler (ContextHandler.java:doStop(1153)) - Stopped o.e.j.s.ServletContextHandler@21a982a1{static,/static,jar:file:/home/runner/.m2/repository/org/apache/ozone/hdds-container-service/1.3.0-SNAPSHOT/hdds-container-service-1.3.0-SNAPSHOT.jar!/webapps/static,STOPPED}
2022-01-21 22:43:32,584 [ForkJoinPool.commonPool-worker-1] INFO  handler.ContextHandler (ContextHandler.java:doStop(1153)) - Stopped o.e.j.s.ServletContextHandler@64e0095d{logs,/logs,file:///home/runner/work/ozone/ozone/hadoop-ozone/integration-test/target/log,STOPPED}
2022-01-21 22:43:33,541 [Datanode State Machine Daemon Thread] WARN  statemachine.StateContext (StateContext.java:setState(249)) - Ignore disallowed transition from SHUTDOWN to RUNNING
2022-01-21 22:43:33,554 [EndpointStateMachine task thread for /0.0.0.0:36573 - 0 ] INFO  ipc.Client (Client.java:handleConnectionFailure(977)) - Retrying connect to server: 0.0.0.0/0.0.0.0:36573. Already tried 5 time(s); retry policy is RetryUpToMaximumCountWithFixedSleep(maxRetries=15, sleepTime=1000 MILLISECONDS)
2022-01-21 22:43:34,274 [grpc-default-executor-2] WARN  server.GrpcLogAppender (LogUtils.java:warn(122)) - 85f03e38-9c25-442e-a296-583332b1e3c2@group-B1D18A7504CD->33960171-3598-4c9a-8f0c-3d16f1502dba-AppendLogResponseHandler: Failed appendEntries: org.apache.ratis.thirdparty.io.grpc.StatusRuntimeException: UNAVAILABLE: io exception
2022-01-21 22:43:34,275 [grpc-default-executor-2] WARN  server.GrpcLogAppender (GrpcLogAppender.java:resetClient(110)) - 85f03e38-9c25-442e-a296-583332b1e3c2@group-B1D18A7504CD->33960171-3598-4c9a-8f0c-3d16f1502dba-GrpcLogAppender: Leader has not got in touch with Follower 85f03e38-9c25-442e-a296-583332b1e3c2@group-B1D18A7504CD->33960171-3598-4c9a-8f0c-3d16f1502dba(c0,m0,n1, attendVote=true, lastRpcSendTime=2502, lastRpcResponseTime=32630) yet, just keep nextIndex unchanged and retry.
2022-01-21 22:43:34,288 [grpc-default-executor-2] WARN  server.GrpcLogAppender (LogUtils.java:warn(122)) - 85f03e38-9c25-442e-a296-583332b1e3c2@group-B1D18A7504CD->3b795d5a-b002-4e0e-8d87-bd187dac4e43-AppendLogResponseHandler: Failed appendEntries: org.apache.ratis.thirdparty.io.grpc.StatusRuntimeException: UNAVAILABLE: io exception
2022-01-21 22:43:34,303 [grpc-default-executor-2] WARN  server.GrpcLogAppender (GrpcLogAppender.java:resetClient(110)) - 85f03e38-9c25-442e-a296-583332b1e3c2@group-B1D18A7504CD->3b795d5a-b002-4e0e-8d87-bd187dac4e43-GrpcLogAppender: Leader has not got in touch with Follower 85f03e38-9c25-442e-a296-583332b1e3c2@group-B1D18A7504CD->3b795d5a-b002-4e0e-8d87-bd187dac4e43(c0,m0,n1, attendVote=true, lastRpcSendTime=14, lastRpcResponseTime=5030) yet, just keep nextIndex unchanged and retry.
2022-01-21 22:43:34,554 [EndpointStateMachine task thread for /0.0.0.0:36573 - 0 ] INFO  ipc.Client (Client.java:handleConnectionFailure(977)) - Retrying connect to server: 0.0.0.0/0.0.0.0:36573. Already tried 6 time(s); retry policy is RetryUpToMaximumCountWithFixedSleep(maxRetries=15, sleepTime=1000 MILLISECONDS)
2022-01-21 22:43:34,708 [Time-limited test] INFO  statemachine.DatanodeStateMachine (DatanodeStateMachine.java:stopDaemon(529)) - Ozone container server stopped.
2022-01-21 22:43:34,740 [Time-limited test] INFO  handler.ContextHandler (ContextHandler.java:doStop(1153)) - Stopped o.e.j.w.WebAppContext@3b461241{hddsDatanode,/,null,STOPPED}{jar:file:/home/runner/.m2/repository/org/apache/ozone/hdds-container-service/1.3.0-SNAPSHOT/hdds-container-service-1.3.0-SNAPSHOT.jar!/webapps/hddsDatanode}
2022-01-21 22:43:34,741 [Time-limited test] INFO  server.AbstractConnector (AbstractConnector.java:doStop(381)) - Stopped ServerConnector@602d407c{HTTP/1.1, (http/1.1)}{0.0.0.0:0}
2022-01-21 22:43:34,742 [Time-limited test] INFO  server.session (HouseKeeper.java:stopScavenging(149)) - node0 Stopped scavenging
2022-01-21 22:43:34,742 [Time-limited test] INFO  handler.ContextHandler (ContextHandler.java:doStop(1153)) - Stopped o.e.j.s.ServletContextHandler@5cf47a38{static,/static,jar:file:/home/runner/.m2/repository/org/apache/ozone/hdds-container-service/1.3.0-SNAPSHOT/hdds-container-service-1.3.0-SNAPSHOT.jar!/webapps/static,STOPPED}
2022-01-21 22:43:34,743 [Time-limited test] INFO  handler.ContextHandler (ContextHandler.java:doStop(1153)) - Stopped o.e.j.s.ServletContextHandler@6d201cea{logs,/logs,file:///home/runner/work/ozone/ozone/hadoop-ozone/integration-test/target/log,STOPPED}
2022-01-21 22:43:35,555 [EndpointStateMachine task thread for /0.0.0.0:36573 - 0 ] INFO  ipc.Client (Client.java:handleConnectionFailure(977)) - Retrying connect to server: 0.0.0.0/0.0.0.0:36573. Already tried 7 time(s); retry policy is RetryUpToMaximumCountWithFixedSleep(maxRetries=15, sleepTime=1000 MILLISECONDS)
2022-01-21 22:43:36,556 [EndpointStateMachine task thread for /0.0.0.0:36573 - 0 ] INFO  ipc.Client (Client.java:handleConnectionFailure(977)) - Retrying connect to server: 0.0.0.0/0.0.0.0:36573. Already tried 8 time(s); retry policy is RetryUpToMaximumCountWithFixedSleep(maxRetries=15, sleepTime=1000 MILLISECONDS)
2022-01-21 22:43:36,789 [grpc-default-executor-2] WARN  server.GrpcLogAppender (LogUtils.java:warn(122)) - 85f03e38-9c25-442e-a296-583332b1e3c2@group-B1D18A7504CD->3b795d5a-b002-4e0e-8d87-bd187dac4e43-AppendLogResponseHandler: Failed appendEntries: org.apache.ratis.thirdparty.io.grpc.StatusRuntimeException: UNAVAILABLE: io exception
2022-01-21 22:43:36,795 [grpc-default-executor-5] WARN  server.GrpcLogAppender (LogUtils.java:warn(122)) - 85f03e38-9c25-442e-a296-583332b1e3c2@group-B1D18A7504CD->33960171-3598-4c9a-8f0c-3d16f1502dba-AppendLogResponseHandler: Failed appendEntries: org.apache.ratis.thirdparty.io.grpc.StatusRuntimeException: UNAVAILABLE: io exception
2022-01-21 22:43:36,796 [grpc-default-executor-5] WARN  server.GrpcLogAppender (GrpcLogAppender.java:resetClient(110)) - 85f03e38-9c25-442e-a296-583332b1e3c2@group-B1D18A7504CD->33960171-3598-4c9a-8f0c-3d16f1502dba-GrpcLogAppender: Leader has not got in touch with Follower 85f03e38-9c25-442e-a296-583332b1e3c2@group-B1D18A7504CD->33960171-3598-4c9a-8f0c-3d16f1502dba(c0,m0,n1, attendVote=true, lastRpcSendTime=4, lastRpcResponseTime=35151) yet, just keep nextIndex unchanged and retry.
2022-01-21 22:43:36,808 [grpc-default-executor-2] WARN  server.GrpcLogAppender (GrpcLogAppender.java:resetClient(110)) - 85f03e38-9c25-442e-a296-583332b1e3c2@group-B1D18A7504CD->3b795d5a-b002-4e0e-8d87-bd187dac4e43-GrpcLogAppender: Leader has not got in touch with Follower 85f03e38-9c25-442e-a296-583332b1e3c2@group-B1D18A7504CD->3b795d5a-b002-4e0e-8d87-bd187dac4e43(c0,m0,n1, attendVote=true, lastRpcSendTime=16, lastRpcResponseTime=7535) yet, just keep nextIndex unchanged and retry.
2022-01-21 22:43:37,556 [EndpointStateMachine task thread for /0.0.0.0:36573 - 0 ] INFO  ipc.Client (Client.java:handleConnectionFailure(977)) - Retrying connect to server: 0.0.0.0/0.0.0.0:36573. Already tried 9 time(s); retry policy is RetryUpToMaximumCountWithFixedSleep(maxRetries=15, sleepTime=1000 MILLISECONDS)
2022-01-21 22:43:37,591 [ForkJoinPool.commonPool-worker-1] INFO  ozoneimpl.OzoneContainer (OzoneContainer.java:stop(336)) - Attempting to stop container services.
2022-01-21 22:43:37,593 [ForkJoinPool.commonPool-worker-1] INFO  server.RaftServer (RaftServerProxy.java:lambda$close$6(391)) - 85f03e38-9c25-442e-a296-583332b1e3c2: close
2022-01-21 22:43:37,593 [ForkJoinPool.commonPool-worker-1] INFO  server.RaftServer$Division (RaftServerImpl.java:lambda$close$4(412)) - 85f03e38-9c25-442e-a296-583332b1e3c2@group-2F871DD9860F: shutdown
2022-01-21 22:43:37,594 [ForkJoinPool.commonPool-worker-1] INFO  util.JmxRegister (JmxRegister.java:unregister(73)) - Successfully un-registered JMX Bean with object name Ratis:service=RaftServer,group=group-2F871DD9860F,id=85f03e38-9c25-442e-a296-583332b1e3c2
2022-01-21 22:43:37,594 [ForkJoinPool.commonPool-worker-1] INFO  impl.RoleInfo (RoleInfo.java:shutdownLeaderState(91)) - 85f03e38-9c25-442e-a296-583332b1e3c2: shutdown 85f03e38-9c25-442e-a296-583332b1e3c2@group-2F871DD9860F-LeaderStateImpl
2022-01-21 22:43:37,594 [ForkJoinPool.commonPool-worker-1] INFO  impl.PendingRequests (PendingRequests.java:sendNotLeaderResponses(282)) - 85f03e38-9c25-442e-a296-583332b1e3c2@group-2F871DD9860F-PendingRequests: sendNotLeaderResponses
2022-01-21 22:43:37,594 [ForkJoinPool.commonPool-worker-1] INFO  impl.StateMachineUpdater (StateMachineUpdater.java:stopAndJoin(149)) - 85f03e38-9c25-442e-a296-583332b1e3c2@group-2F871DD9860F-StateMachineUpdater: set stopIndex = 0
2022-01-21 22:43:37,596 [85f03e38-9c25-442e-a296-583332b1e3c2@group-2F871DD9860F-StateMachineUpdater] INFO  ratis.ContainerStateMachine (ContainerStateMachine.java:takeSnapshot(299)) - group-2F871DD9860F: Taking a snapshot at:(t:1, i:0) file /home/runner/work/ozone/ozone/hadoop-ozone/integration-test/target/test-dir/MiniOzoneClusterImpl-5c2351a1-b605-4f96-be75-a807118e8034/datanode-2/data/ratis/8d83a443-7802-498f-b41d-2f871dd9860f/sm/snapshot.1_0
2022-01-21 22:43:37,597 [85f03e38-9c25-442e-a296-583332b1e3c2@group-2F871DD9860F-StateMachineUpdater] INFO  ratis.ContainerStateMachine (ContainerStateMachine.java:takeSnapshot(310)) - group-2F871DD9860F: Finished taking a snapshot at:(t:1, i:0) file:/home/runner/work/ozone/ozone/hadoop-ozone/integration-test/target/test-dir/MiniOzoneClusterImpl-5c2351a1-b605-4f96-be75-a807118e8034/datanode-2/data/ratis/8d83a443-7802-498f-b41d-2f871dd9860f/sm/snapshot.1_0 took: 1 ms
2022-01-21 22:43:37,621 [85f03e38-9c25-442e-a296-583332b1e3c2@group-2F871DD9860F-StateMachineUpdater] INFO  impl.StateMachineUpdater (StateMachineUpdater.java:takeSnapshot(281)) - 85f03e38-9c25-442e-a296-583332b1e3c2@group-2F871DD9860F-StateMachineUpdater: Took a snapshot at index 0
2022-01-21 22:43:37,621 [85f03e38-9c25-442e-a296-583332b1e3c2@group-2F871DD9860F-StateMachineUpdater] INFO  impl.StateMachineUpdater (StateMachineUpdater.java:lambda$new$0(89)) - 85f03e38-9c25-442e-a296-583332b1e3c2@group-2F871DD9860F-StateMachineUpdater: snapshotIndex: updateIncreasingly -1 -> 0
2022-01-21 22:43:37,624 [ForkJoinPool.commonPool-worker-1] INFO  server.RaftServer$Division (ServerState.java:close(419)) - 85f03e38-9c25-442e-a296-583332b1e3c2@group-2F871DD9860F: closes. applyIndex: 0
2022-01-21 22:43:37,624 [85f03e38-9c25-442e-a296-583332b1e3c2@group-2F871DD9860F-SegmentedRaftLogWorker] INFO  segmented.SegmentedRaftLogWorker (SegmentedRaftLogWorker.java:run(327)) - 85f03e38-9c25-442e-a296-583332b1e3c2@group-2F871DD9860F-SegmentedRaftLogWorker was interrupted, exiting. There are 0 tasks remaining in the queue.
2022-01-21 22:43:37,624 [ForkJoinPool.commonPool-worker-1] INFO  segmented.SegmentedRaftLogWorker (SegmentedRaftLogWorker.java:close(237)) - 85f03e38-9c25-442e-a296-583332b1e3c2@group-2F871DD9860F-SegmentedRaftLogWorker close()
2022-01-21 22:43:37,632 [ForkJoinPool.commonPool-worker-1] INFO  server.RaftServer$Division (RaftServerImpl.java:lambda$close$4(412)) - 85f03e38-9c25-442e-a296-583332b1e3c2@group-B1D18A7504CD: shutdown
2022-01-21 22:43:37,632 [ForkJoinPool.commonPool-worker-1] INFO  util.JmxRegister (JmxRegister.java:unregister(73)) - Successfully un-registered JMX Bean with object name Ratis:service=RaftServer,group=group-B1D18A7504CD,id=85f03e38-9c25-442e-a296-583332b1e3c2
2022-01-21 22:43:37,632 [ForkJoinPool.commonPool-worker-1] INFO  impl.RoleInfo (RoleInfo.java:shutdownLeaderState(91)) - 85f03e38-9c25-442e-a296-583332b1e3c2: shutdown 85f03e38-9c25-442e-a296-583332b1e3c2@group-B1D18A7504CD-LeaderStateImpl
2022-01-21 22:43:37,632 [ForkJoinPool.commonPool-worker-1] INFO  impl.PendingRequests (PendingRequests.java:sendNotLeaderResponses(282)) - 85f03e38-9c25-442e-a296-583332b1e3c2@group-B1D18A7504CD-PendingRequests: sendNotLeaderResponses
2022-01-21 22:43:37,633 [ForkJoinPool.commonPool-worker-1] INFO  impl.StateMachineUpdater (StateMachineUpdater.java:stopAndJoin(149)) - 85f03e38-9c25-442e-a296-583332b1e3c2@group-B1D18A7504CD-StateMachineUpdater: set stopIndex = 0
2022-01-21 22:43:37,633 [85f03e38-9c25-442e-a296-583332b1e3c2@group-B1D18A7504CD-StateMachineUpdater] INFO  ratis.ContainerStateMachine (ContainerStateMachine.java:takeSnapshot(299)) - group-B1D18A7504CD: Taking a snapshot at:(t:10, i:0) file /home/runner/work/ozone/ozone/hadoop-ozone/integration-test/target/test-dir/MiniOzoneClusterImpl-5c2351a1-b605-4f96-be75-a807118e8034/datanode-2/data/ratis/e38a47b2-0f2b-43ed-bf73-b1d18a7504cd/sm/snapshot.10_0
2022-01-21 22:43:37,634 [85f03e38-9c25-442e-a296-583332b1e3c2@group-B1D18A7504CD-StateMachineUpdater] INFO  ratis.ContainerStateMachine (ContainerStateMachine.java:takeSnapshot(310)) - group-B1D18A7504CD: Finished taking a snapshot at:(t:10, i:0) file:/home/runner/work/ozone/ozone/hadoop-ozone/integration-test/target/test-dir/MiniOzoneClusterImpl-5c2351a1-b605-4f96-be75-a807118e8034/datanode-2/data/ratis/e38a47b2-0f2b-43ed-bf73-b1d18a7504cd/sm/snapshot.10_0 took: 1 ms
2022-01-21 22:43:37,634 [85f03e38-9c25-442e-a296-583332b1e3c2@group-B1D18A7504CD-StateMachineUpdater] INFO  impl.StateMachineUpdater (StateMachineUpdater.java:takeSnapshot(281)) - 85f03e38-9c25-442e-a296-583332b1e3c2@group-B1D18A7504CD-StateMachineUpdater: Took a snapshot at index 0
2022-01-21 22:43:37,634 [85f03e38-9c25-442e-a296-583332b1e3c2@group-B1D18A7504CD-StateMachineUpdater] INFO  impl.StateMachineUpdater (StateMachineUpdater.java:lambda$new$0(89)) - 85f03e38-9c25-442e-a296-583332b1e3c2@group-B1D18A7504CD-StateMachineUpdater: snapshotIndex: updateIncreasingly -1 -> 0
2022-01-21 22:43:37,634 [ForkJoinPool.commonPool-worker-1] INFO  server.RaftServer$Division (ServerState.java:close(419)) - 85f03e38-9c25-442e-a296-583332b1e3c2@group-B1D18A7504CD: closes. applyIndex: 0
2022-01-21 22:43:37,642 [85f03e38-9c25-442e-a296-583332b1e3c2@group-B1D18A7504CD-SegmentedRaftLogWorker] INFO  segmented.SegmentedRaftLogWorker (SegmentedRaftLogWorker.java:run(327)) - 85f03e38-9c25-442e-a296-583332b1e3c2@group-B1D18A7504CD-SegmentedRaftLogWorker was interrupted, exiting. There are 0 tasks remaining in the queue.
2022-01-21 22:43:37,642 [ForkJoinPool.commonPool-worker-1] INFO  segmented.SegmentedRaftLogWorker (SegmentedRaftLogWorker.java:close(237)) - 85f03e38-9c25-442e-a296-583332b1e3c2@group-B1D18A7504CD-SegmentedRaftLogWorker close()
2022-01-21 22:43:37,644 [ForkJoinPool.commonPool-worker-1] INFO  server.GrpcService (GrpcService.java:closeImpl(262)) - 85f03e38-9c25-442e-a296-583332b1e3c2: shutdown server with port 45945 now
2022-01-21 22:43:37,644 [ForkJoinPool.commonPool-worker-1] INFO  server.GrpcService (GrpcService.java:closeImpl(271)) - 85f03e38-9c25-442e-a296-583332b1e3c2: shutdown server with port 45945 successfully
2022-01-21 22:43:37,645 [org.apache.ratis.util.JvmPauseMonitor$$Lambda$431/1288267183@4d70917e] INFO  util.JvmPauseMonitor (JvmPauseMonitor.java:run(109)) - JvmPauseMonitor-85f03e38-9c25-442e-a296-583332b1e3c2: Stopped
2022-01-21 22:43:37,645 [85f03e38-9c25-442e-a296-583332b1e3c2@group-B1D18A7504CD->3b795d5a-b002-4e0e-8d87-bd187dac4e43-GrpcLogAppender-LogAppenderDaemon] ERROR leader.LogAppenderDaemon (LogAppenderDaemon.java:run(86)) - 85f03e38-9c25-442e-a296-583332b1e3c2@group-B1D18A7504CD->3b795d5a-b002-4e0e-8d87-bd187dac4e43-GrpcLogAppender-LogAppenderDaemon failed
java.lang.IllegalArgumentException: 85f03e38-9c25-442e-a296-583332b1e3c2@group-B1D18A7504CD-SegmentedRaftLog is expected to be opened but it is CLOSED
	at org.apache.ratis.util.OpenCloseState.assertOpen(OpenCloseState.java:63)
	at org.apache.ratis.server.raftlog.RaftLogBase.checkLogState(RaftLogBase.java:107)
	at org.apache.ratis.server.raftlog.segmented.SegmentedRaftLog.getLastEntryTermIndex(SegmentedRaftLog.java:339)
	at org.apache.ratis.server.raftlog.RaftLog.getNextIndex(RaftLog.java:83)
	at org.apache.ratis.server.leader.LogAppenderBase.newAppendEntriesRequest(LogAppenderBase.java:138)
	at org.apache.ratis.grpc.server.GrpcLogAppender.appendLog(GrpcLogAppender.java:213)
	at org.apache.ratis.grpc.server.GrpcLogAppender.run(GrpcLogAppender.java:147)
	at org.apache.ratis.server.leader.LogAppenderDaemon.run(LogAppenderDaemon.java:77)
	at java.lang.Thread.run(Thread.java:748)
Caused by: org.apache.ratis.util.OpenCloseState$CloseTrace: Close 85f03e38-9c25-442e-a296-583332b1e3c2@group-B1D18A7504CD-SegmentedRaftLog
	at org.apache.ratis.util.OpenCloseState.lambda$close$1(OpenCloseState.java:109)
	at java.util.concurrent.atomic.AtomicReference.getAndUpdate(AtomicReference.java:160)
	at org.apache.ratis.util.OpenCloseState.close(OpenCloseState.java:109)
	at org.apache.ratis.server.raftlog.RaftLogBase.close(RaftLogBase.java:356)
	at org.apache.ratis.server.raftlog.segmented.SegmentedRaftLog.close(SegmentedRaftLog.java:505)
	at org.apache.ratis.server.impl.ServerState.close(ServerState.java:421)
	at org.apache.ratis.server.impl.RaftServerImpl.lambda$close$4(RaftServerImpl.java:434)
	at org.apache.ratis.util.LifeCycle.lambda$checkStateAndClose$4(LifeCycle.java:299)
	at org.apache.ratis.util.LifeCycle.checkStateAndClose(LifeCycle.java:319)
	at org.apache.ratis.util.LifeCycle.checkStateAndClose(LifeCycle.java:297)
	at org.apache.ratis.server.impl.RaftServerImpl.close(RaftServerImpl.java:411)
	at org.apache.ratis.server.impl.RaftServerProxy$ImplMap.close(RaftServerProxy.java:129)
	at org.apache.ratis.server.impl.RaftServerProxy$ImplMap.lambda$close$0(RaftServerProxy.java:117)
	at java.util.stream.ForEachOps$ForEachOp$OfRef.accept(ForEachOps.java:183)
	at java.util.concurrent.ConcurrentHashMap$EntrySpliterator.forEachRemaining(ConcurrentHashMap.java:3606)
	at java.util.stream.AbstractPipeline.copyInto(AbstractPipeline.java:482)
	at java.util.stream.ForEachOps$ForEachTask.compute(ForEachOps.java:290)
	at java.util.concurrent.CountedCompleter.exec(CountedCompleter.java:731)
	at java.util.concurrent.ForkJoinTask.doExec(ForkJoinTask.java:289)
	at java.util.concurrent.ForkJoinTask.doInvoke(ForkJoinTask.java:401)
	at java.util.concurrent.ForkJoinTask.invoke(ForkJoinTask.java:734)
	at java.util.stream.ForEachOps$ForEachOp.evaluateParallel(ForEachOps.java:159)
	at java.util.stream.ForEachOps$ForEachOp$OfRef.evaluateParallel(ForEachOps.java:173)
	at java.util.stream.AbstractPipeline.evaluate(AbstractPipeline.java:233)
	at java.util.stream.ReferencePipeline.forEach(ReferencePipeline.java:485)
	at java.util.stream.ReferencePipeline$Head.forEach(ReferencePipeline.java:650)
	at org.apache.ratis.server.impl.RaftServerProxy$ImplMap.close(RaftServerProxy.java:117)
	at org.apache.ratis.server.impl.RaftServerProxy.lambda$close$6(RaftServerProxy.java:392)
	at org.apache.ratis.util.LifeCycle.lambda$checkStateAndClose$4(LifeCycle.java:299)
	at org.apache.ratis.util.LifeCycle.checkStateAndClose(LifeCycle.java:319)
	at org.apache.ratis.util.LifeCycle.checkStateAndClose(LifeCycle.java:297)
	at org.apache.ratis.server.impl.RaftServerProxy.close(RaftServerProxy.java:390)
	at org.apache.hadoop.ozone.container.common.transport.server.ratis.XceiverServerRatis.stop(XceiverServerRatis.java:516)
	at org.apache.hadoop.ozone.container.ozoneimpl.OzoneContainer.stop(OzoneContainer.java:339)
	at org.apache.hadoop.ozone.container.common.statemachine.DatanodeStateMachine.close(DatanodeStateMachine.java:383)
	at org.apache.hadoop.ozone.container.common.statemachine.DatanodeStateMachine.stopDaemon(DatanodeStateMachine.java:528)
	at org.apache.hadoop.ozone.HddsDatanodeService.stop(HddsDatanodeService.java:589)
	at org.apache.hadoop.ozone.MiniOzoneClusterImpl.stopDatanode(MiniOzoneClusterImpl.java:519)
	at java.util.stream.ForEachOps$ForEachOp$OfRef.accept(ForEachOps.java:183)
	at java.util.ArrayList$ArrayListSpliterator.forEachRemaining(ArrayList.java:1384)
	at java.util.stream.AbstractPipeline.copyInto(AbstractPipeline.java:482)
	at java.util.stream.ForEachOps$ForEachTask.compute(ForEachOps.java:290)
	at java.util.concurrent.CountedCompleter.exec(CountedCompleter.java:731)
	at java.util.concurrent.ForkJoinTask.doExec(ForkJoinTask.java:289)
	at java.util.concurrent.ForkJoinPool$WorkQueue.runTask(ForkJoinPool.java:1056)
	at java.util.concurrent.ForkJoinPool.runWorker(ForkJoinPool.java:1692)
	at java.util.concurrent.ForkJoinWorkerThread.run(ForkJoinWorkerThread.java:175)
2022-01-21 22:43:38,557 [EndpointStateMachine task thread for /0.0.0.0:36573 - 0 ] INFO  ipc.Client (Client.java:handleConnectionFailure(977)) - Retrying connect to server: 0.0.0.0/0.0.0.0:36573. Already tried 10 time(s); retry policy is RetryUpToMaximumCountWithFixedSleep(maxRetries=15, sleepTime=1000 MILLISECONDS)
2022-01-21 22:43:39,558 [EndpointStateMachine task thread for /0.0.0.0:36573 - 0 ] INFO  ipc.Client (Client.java:handleConnectionFailure(977)) - Retrying connect to server: 0.0.0.0/0.0.0.0:36573. Already tried 11 time(s); retry policy is RetryUpToMaximumCountWithFixedSleep(maxRetries=15, sleepTime=1000 MILLISECONDS)
2022-01-21 22:43:39,652 [ForkJoinPool.commonPool-worker-1] INFO  utils.BackgroundService (BackgroundService.java:shutdown(132)) - Shutting down service BlockDeletingService
2022-01-21 22:43:40,559 [EndpointStateMachine task thread for /0.0.0.0:36573 - 0 ] INFO  ipc.Client (Client.java:handleConnectionFailure(977)) - Retrying connect to server: 0.0.0.0/0.0.0.0:36573. Already tried 12 time(s); retry policy is RetryUpToMaximumCountWithFixedSleep(maxRetries=15, sleepTime=1000 MILLISECONDS)
2022-01-21 22:43:41,559 [EndpointStateMachine task thread for /0.0.0.0:36573 - 0 ] INFO  ipc.Client (Client.java:handleConnectionFailure(977)) - Retrying connect to server: 0.0.0.0/0.0.0.0:36573. Already tried 13 time(s); retry policy is RetryUpToMaximumCountWithFixedSleep(maxRetries=15, sleepTime=1000 MILLISECONDS)
2022-01-21 22:43:42,560 [EndpointStateMachine task thread for /0.0.0.0:36573 - 0 ] INFO  ipc.Client (Client.java:handleConnectionFailure(977)) - Retrying connect to server: 0.0.0.0/0.0.0.0:36573. Already tried 14 time(s); retry policy is RetryUpToMaximumCountWithFixedSleep(maxRetries=15, sleepTime=1000 MILLISECONDS)
2022-01-21 22:43:42,655 [ForkJoinPool.commonPool-worker-1] INFO  statemachine.DatanodeStateMachine (DatanodeStateMachine.java:stopDaemon(529)) - Ozone container server stopped.
2022-01-21 22:43:42,657 [ForkJoinPool.commonPool-worker-1] INFO  handler.ContextHandler (ContextHandler.java:doStop(1153)) - Stopped o.e.j.w.WebAppContext@61da7cae{hddsDatanode,/,null,STOPPED}{jar:file:/home/runner/.m2/repository/org/apache/ozone/hdds-container-service/1.3.0-SNAPSHOT/hdds-container-service-1.3.0-SNAPSHOT.jar!/webapps/hddsDatanode}
2022-01-21 22:43:42,667 [ForkJoinPool.commonPool-worker-1] INFO  server.AbstractConnector (AbstractConnector.java:doStop(381)) - Stopped ServerConnector@36f3d628{HTTP/1.1, (http/1.1)}{0.0.0.0:0}
2022-01-21 22:43:42,667 [ForkJoinPool.commonPool-worker-1] INFO  server.session (HouseKeeper.java:stopScavenging(149)) - node0 Stopped scavenging
2022-01-21 22:43:42,668 [ForkJoinPool.commonPool-worker-1] INFO  handler.ContextHandler (ContextHandler.java:doStop(1153)) - Stopped o.e.j.s.ServletContextHandler@77a273df{static,/static,jar:file:/home/runner/.m2/repository/org/apache/ozone/hdds-container-service/1.3.0-SNAPSHOT/hdds-container-service-1.3.0-SNAPSHOT.jar!/webapps/static,STOPPED}
2022-01-21 22:43:42,668 [ForkJoinPool.commonPool-worker-1] INFO  handler.ContextHandler (ContextHandler.java:doStop(1153)) - Stopped o.e.j.s.ServletContextHandler@24f844b5{logs,/logs,file:///home/runner/work/ozone/ozone/hadoop-ozone/integration-test/target/log,STOPPED}
2022-01-21 22:43:42,672 [Time-limited test] INFO  ozone.MiniOzoneClusterImpl (MiniOzoneClusterImpl.java:stopSCM(526)) - Stopping the StorageContainerManager
2022-01-21 22:43:42,672 [Time-limited test] INFO  server.StorageContainerManager (StorageContainerManager.java:stop(1390)) - Stopping Container Balancer service.
2022-01-21 22:43:42,672 [Time-limited test] INFO  balancer.ContainerBalancer (ContainerBalancer.java:stop(751)) - Container Balancer is not running.
2022-01-21 22:43:42,672 [Time-limited test] INFO  server.StorageContainerManager (StorageContainerManager.java:stop(1397)) - Stopping Replication Manager Service.
2022-01-21 22:43:42,673 [Time-limited test] INFO  container.ReplicationManager (ReplicationManager.java:stop(364)) - Replication Monitor Thread is not running.
2022-01-21 22:43:42,673 [Time-limited test] INFO  server.StorageContainerManager (StorageContainerManager.java:stop(1404)) - Stopping the Datanode Admin Monitor.
2022-01-21 22:43:42,673 [Time-limited test] INFO  server.StorageContainerManager (StorageContainerManager.java:stop(1411)) - Stopping Lease Manager of the command watchers
2022-01-21 22:43:42,673 [Time-limited test] ERROR server.StorageContainerManager (StorageContainerManager.java:stop(1414)) - Lease Manager of the command watchers stop failed
2022-01-21 22:43:42,673 [Time-limited test] INFO  server.StorageContainerManager (StorageContainerManager.java:stop(1418)) - Stopping datanode service RPC server
2022-01-21 22:43:42,673 [Time-limited test] INFO  server.SCMDatanodeProtocolServer (SCMDatanodeProtocolServer.java:stop(390)) - Stopping the RPC server for DataNodes
2022-01-21 22:43:42,673 [Time-limited test] INFO  ipc.Server (Server.java:stop(3414)) - Stopping server on 36573
2022-01-21 22:43:42,673 [Time-limited test] INFO  server.StorageContainerManager (StorageContainerManager.java:stop(1426)) - Stopping block service RPC server
2022-01-21 22:43:42,673 [Time-limited test] INFO  server.SCMBlockProtocolServer (SCMBlockProtocolServer.java:stop(160)) - Stopping the RPC server for Block Protocol
2022-01-21 22:43:42,673 [Time-limited test] INFO  ipc.Server (Server.java:stop(3414)) - Stopping server on 43095
2022-01-21 22:43:42,673 [Time-limited test] INFO  server.StorageContainerManager (StorageContainerManager.java:stop(1433)) - Stopping the StorageContainerLocationProtocol RPC server
2022-01-21 22:43:42,673 [Time-limited test] INFO  server.SCMClientProtocolServer (SCMClientProtocolServer.java:stop(173)) - Stopping the RPC server for Client Protocol
2022-01-21 22:43:42,673 [Time-limited test] INFO  ipc.Server (Server.java:stop(3414)) - Stopping server on 33369
2022-01-21 22:43:42,673 [Time-limited test] INFO  server.StorageContainerManager (StorageContainerManager.java:stop(1440)) - Stopping Storage Container Manager HTTP server.
2022-01-21 22:43:42,674 [Time-limited test] INFO  server.StorageContainerManager (StorageContainerManager.java:stop(1451)) - Stopping Block Manager Service.
2022-01-21 22:43:42,674 [Time-limited test] INFO  utils.BackgroundService (BackgroundService.java:shutdown(132)) - Shutting down service SCMBlockDeletingService
2022-01-21 22:43:42,674 [Time-limited test] INFO  utils.BackgroundService (BackgroundService.java:shutdown(132)) - Shutting down service SCMBlockDeletingService
2022-01-21 22:43:42,674 [Time-limited test] INFO  server.StorageContainerManager (StorageContainerManager.java:stop(1478)) - Stopping SCM Event Queue.
2022-01-21 22:43:42,674 [Time-limited test] INFO  server.StorageContainerManager (StorageContainerManager.java:stop(1489)) - Stopping SCM HA services.
2022-01-21 22:43:42,674 [Time-limited test] INFO  ha.SCMRatisServerImpl (SCMRatisServerImpl.java:stop(236)) - stopping ratis server 0.0.0.0:9894
2022-01-21 22:43:42,674 [Time-limited test] WARN  pipeline.BackgroundPipelineCreator (BackgroundPipelineCreator.java:stop(154)) - RatisPipelineUtilsThread is not running, just ignore.
2022-01-21 22:43:42,674 [Time-limited test] INFO  server.StorageContainerManager (StorageContainerManager.java:stop(1499)) - Stopping SCM MetadataStore.
2022-01-21 22:43:42,674 [Time-limited test] INFO  impl.MetricsSystemImpl (MetricsSystemImpl.java:stop(210)) - Stopping HddsDatanode metrics system...
2022-01-21 22:43:42,682 [prometheus] INFO  impl.MetricsSinkAdapter (MetricsSinkAdapter.java:publishMetricsFromQueue(141)) - prometheus thread interrupted.
2022-01-21 22:43:42,689 [Time-limited test] INFO  impl.MetricsSystemImpl (MetricsSystemImpl.java:stop(216)) - HddsDatanode metrics system stopped.
]]></system-out>
  </testcase>
  <testcase name="testDatanodeIDPersistent" classname="org.apache.hadoop.ozone.TestMiniOzoneCluster" time="0.118"/>
  <testcase name="testContainerRandomPort" classname="org.apache.hadoop.ozone.TestMiniOzoneCluster" time="24.802"/>
</testsuite>