<?xml version="1.0" encoding="UTF-8"?>
<testsuite xmlns:xsi="http://www.w3.org/2001/XMLSchema-instance" xsi:noNamespaceSchemaLocation="https://maven.apache.org/surefire/maven-surefire-plugin/xsd/surefire-test-report.xsd" name="org.apache.hadoop.ozone.client.rpc.TestBlockOutputStreamWithFailures" time="432.956" tests="8" errors="0" skipped="0" failures="1">
  <properties>
    <property name="awt.toolkit" value="sun.awt.X11.XToolkit"/>
    <property name="file.encoding.pkg" value="sun.io"/>
    <property name="java.specification.version" value="1.8"/>
    <property name="sun.cpu.isalist" value=""/>
    <property name="sun.jnu.encoding" value="ANSI_X3.4-1968"/>
    <property name="java.class.path" value="/github/workspace/mnt/ozone/hadoop-ozone/integration-test/target/test-classes:/github/workspace/mnt/ozone/hadoop-ozone/integration-test/target/classes:/home/user/.m2/repository/org/apache/hadoop/hadoop-ozone-common/0.6.0-SNAPSHOT/hadoop-ozone-common-0.6.0-SNAPSHOT.jar:/home/user/.m2/repository/org/apache/commons/commons-compress/1.4.1/commons-compress-1.4.1.jar:/home/user/.m2/repository/org/tukaani/xz/1.0/xz-1.0.jar:/home/user/.m2/repository/org/apache/hadoop/hadoop-hdds-common/0.6.0-SNAPSHOT/hadoop-hdds-common-0.6.0-SNAPSHOT.jar:/home/user/.m2/repository/org/apache/hadoop/hadoop-hdds-hadoop-dependency-client/0.6.0-SNAPSHOT/hadoop-hdds-hadoop-dependency-client-0.6.0-SNAPSHOT.jar:/home/user/.m2/repository/info/picocli/picocli/3.9.6/picocli-3.9.6.jar:/home/user/.m2/repository/com/fasterxml/jackson/core/jackson-annotations/2.10.3/jackson-annotations-2.10.3.jar:/home/user/.m2/repository/javax/annotation/javax.annotation-api/1.2/javax.annotation-api-1.2.jar:/home/user/.m2/repository/org/apache/ratis/ratis-server/0.6.0-6ab75ae-SNAPSHOT/ratis-server-0.6.0-6ab75ae-SNAPSHOT.jar:/home/user/.m2/repository/org/apache/ratis/ratis-client/0.6.0-6ab75ae-SNAPSHOT/ratis-client-0.6.0-6ab75ae-SNAPSHOT.jar:/home/user/.m2/repository/org/apache/ratis/ratis-metrics/0.6.0-6ab75ae-SNAPSHOT/ratis-metrics-0.6.0-6ab75ae-SNAPSHOT.jar:/home/user/.m2/repository/org/apache/ratis/ratis-netty/0.6.0-6ab75ae-SNAPSHOT/ratis-netty-0.6.0-6ab75ae-SNAPSHOT.jar:/home/user/.m2/repository/org/apache/ratis/ratis-grpc/0.6.0-6ab75ae-SNAPSHOT/ratis-grpc-0.6.0-6ab75ae-SNAPSHOT.jar:/home/user/.m2/repository/org/apache/logging/log4j/log4j-api/2.11.0/log4j-api-2.11.0.jar:/home/user/.m2/repository/org/apache/logging/log4j/log4j-core/2.11.0/log4j-core-2.11.0.jar:/home/user/.m2/repository/com/lmax/disruptor/3.4.2/disruptor-3.4.2.jar:/home/user/.m2/repository/org/apache/commons/commons-pool2/2.6.0/commons-pool2-2.6.0.jar:/home/user/.m2/repository/org/bouncycastle/bcpkix-jdk15on/1.60/bcpkix-jdk15on-1.60.jar:/home/user/.m2/repository/commons-validator/commons-validator/1.6/commons-validator-1.6.jar:/home/user/.m2/repository/commons-digester/commons-digester/1.8.1/commons-digester-1.8.1.jar:/home/user/.m2/repository/io/jaegertracing/jaeger-client/1.2.0/jaeger-client-1.2.0.jar:/home/user/.m2/repository/io/jaegertracing/jaeger-thrift/1.2.0/jaeger-thrift-1.2.0.jar:/home/user/.m2/repository/org/apache/thrift/libthrift/0.13.0/libthrift-0.13.0.jar:/home/user/.m2/repository/com/squareup/okhttp3/okhttp/4.2.2/okhttp-4.2.2.jar:/home/user/.m2/repository/com/squareup/okio/okio/2.2.2/okio-2.2.2.jar:/home/user/.m2/repository/org/jetbrains/kotlin/kotlin-stdlib/1.3.50/kotlin-stdlib-1.3.50.jar:/home/user/.m2/repository/org/jetbrains/kotlin/kotlin-stdlib-common/1.3.50/kotlin-stdlib-common-1.3.50.jar:/home/user/.m2/repository/org/jetbrains/annotations/13.0/annotations-13.0.jar:/home/user/.m2/repository/io/jaegertracing/jaeger-core/1.2.0/jaeger-core-1.2.0.jar:/home/user/.m2/repository/io/jaegertracing/jaeger-tracerresolver/1.2.0/jaeger-tracerresolver-1.2.0.jar:/home/user/.m2/repository/io/opentracing/contrib/opentracing-tracerresolver/0.1.8/opentracing-tracerresolver-0.1.8.jar:/home/user/.m2/repository/io/opentracing/opentracing-util/0.33.0/opentracing-util-0.33.0.jar:/home/user/.m2/repository/io/opentracing/opentracing-api/0.33.0/opentracing-api-0.33.0.jar:/home/user/.m2/repository/io/opentracing/opentracing-noop/0.33.0/opentracing-noop-0.33.0.jar:/home/user/.m2/repository/org/apache/hadoop/hadoop-hdds-client/0.6.0-SNAPSHOT/hadoop-hdds-client-0.6.0-SNAPSHOT.jar:/home/user/.m2/repository/org/apache/hadoop/hadoop-ozone-interface-client/0.6.0-SNAPSHOT/hadoop-ozone-interface-client-0.6.0-SNAPSHOT.jar:/home/user/.m2/repository/org/apache/hadoop/hadoop-hdds-test-utils/0.6.0-SNAPSHOT/hadoop-hdds-test-utils-0.6.0-SNAPSHOT.jar:/home/user/.m2/repository/com/google/guava/guava/28.2-jre/guava-28.2-jre.jar:/home/user/.m2/repository/com/google/guava/failureaccess/1.0.1/failureaccess-1.0.1.jar:/home/user/.m2/repository/com/google/guava/listenablefuture/9999.0-empty-to-avoid-conflict-with-guava/listenablefuture-9999.0-empty-to-avoid-conflict-with-guava.jar:/home/user/.m2/repository/com/google/code/findbugs/jsr305/3.0.0/jsr305-3.0.0.jar:/home/user/.m2/repository/org/checkerframework/checker-qual/2.10.0/checker-qual-2.10.0.jar:/home/user/.m2/repository/com/google/errorprone/error_prone_annotations/2.2.0/error_prone_annotations-2.2.0.jar:/home/user/.m2/repository/com/google/j2objc/j2objc-annotations/1.3/j2objc-annotations-1.3.jar:/home/user/.m2/repository/commons-io/commons-io/2.5/commons-io-2.5.jar:/home/user/.m2/repository/commons-logging/commons-logging/1.2/commons-logging-1.2.jar:/home/user/.m2/repository/log4j/log4j/1.2.17/log4j-1.2.17.jar:/home/user/.m2/repository/org/slf4j/slf4j-api/1.7.25/slf4j-api-1.7.25.jar:/home/user/.m2/repository/org/apache/hadoop/hadoop-hdds-server-scm/0.6.0-SNAPSHOT/hadoop-hdds-server-scm-0.6.0-SNAPSHOT.jar:/home/user/.m2/repository/org/apache/hadoop/hadoop-hdds-container-service/0.6.0-SNAPSHOT/hadoop-hdds-container-service-0.6.0-SNAPSHOT.jar:/home/user/.m2/repository/org/apache/hadoop/hadoop-hdds-hadoop-dependency-server/0.6.0-SNAPSHOT/hadoop-hdds-hadoop-dependency-server-0.6.0-SNAPSHOT.jar:/home/user/.m2/repository/org/apache/hadoop/hadoop-hdds-server-framework/0.6.0-SNAPSHOT/hadoop-hdds-server-framework-0.6.0-SNAPSHOT.jar:/home/user/.m2/repository/org/apache/hadoop/hadoop-hdds-interface-server/0.6.0-SNAPSHOT/hadoop-hdds-interface-server-0.6.0-SNAPSHOT.jar:/home/user/.m2/repository/org/apache/hadoop/hadoop-hdds-interface-admin/0.6.0-SNAPSHOT/hadoop-hdds-interface-admin-0.6.0-SNAPSHOT.jar:/home/user/.m2/repository/org/rocksdb/rocksdbjni/6.8.1/rocksdbjni-6.8.1.jar:/home/user/.m2/repository/io/prometheus/simpleclient_dropwizard/0.7.0/simpleclient_dropwizard-0.7.0.jar:/home/user/.m2/repository/io/prometheus/simpleclient/0.7.0/simpleclient-0.7.0.jar:/home/user/.m2/repository/io/prometheus/simpleclient_common/0.7.0/simpleclient_common-0.7.0.jar:/home/user/.m2/repository/com/fasterxml/jackson/datatype/jackson-datatype-jsr310/2.10.3/jackson-datatype-jsr310-2.10.3.jar:/home/user/.m2/repository/org/apache/hadoop/hadoop-hdds-docs/0.6.0-SNAPSHOT/hadoop-hdds-docs-0.6.0-SNAPSHOT.jar:/home/user/.m2/repository/io/dropwizard/metrics/metrics-core/3.2.4/metrics-core-3.2.4.jar:/home/user/.m2/repository/org/apache/hadoop/hadoop-hdfs-client/3.2.1/hadoop-hdfs-client-3.2.1.jar:/home/user/.m2/repository/org/bouncycastle/bcprov-jdk15on/1.60/bcprov-jdk15on-1.60.jar:/home/user/.m2/repository/org/apache/hadoop/hadoop-ozone-ozone-manager/0.6.0-SNAPSHOT/hadoop-ozone-ozone-manager-0.6.0-SNAPSHOT.jar:/home/user/.m2/repository/org/apache/hadoop/hadoop-hdds-interface-client/0.6.0-SNAPSHOT/hadoop-hdds-interface-client-0.6.0-SNAPSHOT.jar:/home/user/.m2/repository/org/apache/ratis/ratis-thirdparty-misc/0.4.0/ratis-thirdparty-misc-0.4.0.jar:/home/user/.m2/repository/org/apache/hadoop/hadoop-minikdc/3.2.1/hadoop-minikdc-3.2.1.jar:/home/user/.m2/repository/org/apache/kerby/kerb-simplekdc/1.0.1/kerb-simplekdc-1.0.1.jar:/home/user/.m2/repository/org/apache/kerby/kerb-client/1.0.1/kerb-client-1.0.1.jar:/home/user/.m2/repository/org/apache/kerby/kerby-config/1.0.1/kerby-config-1.0.1.jar:/home/user/.m2/repository/org/apache/kerby/kerb-core/1.0.1/kerb-core-1.0.1.jar:/home/user/.m2/repository/org/apache/kerby/kerby-pkix/1.0.1/kerby-pkix-1.0.1.jar:/home/user/.m2/repository/org/apache/kerby/kerby-asn1/1.0.1/kerby-asn1-1.0.1.jar:/home/user/.m2/repository/org/apache/kerby/kerby-util/1.0.1/kerby-util-1.0.1.jar:/home/user/.m2/repository/org/apache/kerby/kerb-common/1.0.1/kerb-common-1.0.1.jar:/home/user/.m2/repository/org/apache/kerby/kerb-crypto/1.0.1/kerb-crypto-1.0.1.jar:/home/user/.m2/repository/org/apache/kerby/kerb-util/1.0.1/kerb-util-1.0.1.jar:/home/user/.m2/repository/org/apache/kerby/token-provider/1.0.1/token-provider-1.0.1.jar:/home/user/.m2/repository/org/apache/kerby/kerb-admin/1.0.1/kerb-admin-1.0.1.jar:/home/user/.m2/repository/org/apache/kerby/kerb-server/1.0.1/kerb-server-1.0.1.jar:/home/user/.m2/repository/org/apache/kerby/kerb-identity/1.0.1/kerb-identity-1.0.1.jar:/home/user/.m2/repository/org/apache/kerby/kerby-xdr/1.0.1/kerby-xdr-1.0.1.jar:/home/user/.m2/repository/org/slf4j/slf4j-log4j12/1.7.25/slf4j-log4j12-1.7.25.jar:/home/user/.m2/repository/org/apache/hadoop/hadoop-ozone-s3gateway/0.6.0-SNAPSHOT/hadoop-ozone-s3gateway-0.6.0-SNAPSHOT.jar:/home/user/.m2/repository/org/jboss/weld/servlet/weld-servlet/2.4.7.Final/weld-servlet-2.4.7.Final.jar:/home/user/.m2/repository/org/glassfish/jersey/containers/jersey-container-servlet-core/2.27/jersey-container-servlet-core-2.27.jar:/home/user/.m2/repository/org/glassfish/hk2/external/javax.inject/2.5.0-b42/javax.inject-2.5.0-b42.jar:/home/user/.m2/repository/org/glassfish/jersey/core/jersey-common/2.27/jersey-common-2.27.jar:/home/user/.m2/repository/org/glassfish/hk2/osgi-resource-locator/1.0.1/osgi-resource-locator-1.0.1.jar:/home/user/.m2/repository/javax/ws/rs/javax.ws.rs-api/2.1/javax.ws.rs-api-2.1.jar:/home/user/.m2/repository/org/glassfish/jersey/ext/cdi/jersey-cdi1x/2.27/jersey-cdi1x-2.27.jar:/home/user/.m2/repository/org/glassfish/jersey/inject/jersey-hk2/2.27/jersey-hk2-2.27.jar:/home/user/.m2/repository/org/glassfish/hk2/hk2-locator/2.5.0-b42/hk2-locator-2.5.0-b42.jar:/home/user/.m2/repository/org/javassist/javassist/3.22.0-CR2/javassist-3.22.0-CR2.jar:/home/user/.m2/repository/org/glassfish/hk2/hk2-api/2.5.0/hk2-api-2.5.0.jar:/home/user/.m2/repository/org/glassfish/hk2/external/jakarta.inject/2.5.0/jakarta.inject-2.5.0.jar:/home/user/.m2/repository/org/glassfish/hk2/hk2-utils/2.5.0/hk2-utils-2.5.0.jar:/home/user/.m2/repository/jakarta/annotation/jakarta.annotation-api/1.3.4/jakarta.annotation-api-1.3.4.jar:/home/user/.m2/repository/org/glassfish/hk2/external/aopalliance-repackaged/2.5.0/aopalliance-repackaged-2.5.0.jar:/home/user/.m2/repository/com/fasterxml/jackson/dataformat/jackson-dataformat-xml/2.10.3/jackson-dataformat-xml-2.10.3.jar:/home/user/.m2/repository/com/fasterxml/jackson/core/jackson-core/2.10.3/jackson-core-2.10.3.jar:/home/user/.m2/repository/com/fasterxml/jackson/module/jackson-module-jaxb-annotations/2.10.3/jackson-module-jaxb-annotations-2.10.3.jar:/home/user/.m2/repository/jakarta/xml/bind/jakarta.xml.bind-api/2.3.2/jakarta.xml.bind-api-2.3.2.jar:/home/user/.m2/repository/jakarta/activation/jakarta.activation-api/1.2.1/jakarta.activation-api-1.2.1.jar:/home/user/.m2/repository/org/codehaus/woodstox/stax2-api/3.1.4/stax2-api-3.1.4.jar:/home/user/.m2/repository/com/fasterxml/woodstox/woodstox-core/5.0.3/woodstox-core-5.0.3.jar:/home/user/.m2/repository/javax/enterprise/cdi-api/1.2/cdi-api-1.2.jar:/home/user/.m2/repository/javax/el/javax.el-api/3.0.0/javax.el-api-3.0.0.jar:/home/user/.m2/repository/javax/interceptor/javax.interceptor-api/1.2/javax.interceptor-api-1.2.jar:/home/user/.m2/repository/javax/inject/javax.inject/1/javax.inject-1.jar:/home/user/.m2/repository/com/sun/xml/bind/jaxb-impl/2.3.0.1/jaxb-impl-2.3.0.1.jar:/home/user/.m2/repository/com/sun/xml/bind/jaxb-core/2.3.0.1/jaxb-core-2.3.0.1.jar:/home/user/.m2/repository/javax/xml/bind/jaxb-api/2.3.0/jaxb-api-2.3.0.jar:/home/user/.m2/repository/javax/activation/activation/1.1.1/activation-1.1.1.jar:/home/user/.m2/repository/org/apache/hadoop/hadoop-ozone-csi/0.6.0-SNAPSHOT/hadoop-ozone-csi-0.6.0-SNAPSHOT.jar:/home/user/.m2/repository/com/google/protobuf/protobuf-java-util/3.11.0/protobuf-java-util-3.11.0.jar:/home/user/.m2/repository/com/google/code/gson/gson/2.2.4/gson-2.2.4.jar:/home/user/.m2/repository/org/apache/hadoop/hadoop-hdds-config/0.6.0-SNAPSHOT/hadoop-hdds-config-0.6.0-SNAPSHOT.jar:/home/user/.m2/repository/com/google/protobuf/protobuf-java/2.5.0/protobuf-java-2.5.0.jar:/home/user/.m2/repository/io/grpc/grpc-netty/1.29.0/grpc-netty-1.29.0.jar:/home/user/.m2/repository/io/grpc/grpc-core/1.29.0/grpc-core-1.29.0.jar:/home/user/.m2/repository/com/google/android/annotations/4.1.1.4/annotations-4.1.1.4.jar:/home/user/.m2/repository/io/perfmark/perfmark-api/0.19.0/perfmark-api-0.19.0.jar:/home/user/.m2/repository/io/netty/netty-codec-http2/4.1.48.Final/netty-codec-http2-4.1.48.Final.jar:/home/user/.m2/repository/io/netty/netty-codec/4.1.48.Final/netty-codec-4.1.48.Final.jar:/home/user/.m2/repository/io/netty/netty-handler/4.1.48.Final/netty-handler-4.1.48.Final.jar:/home/user/.m2/repository/io/netty/netty-codec-http/4.1.48.Final/netty-codec-http-4.1.48.Final.jar:/home/user/.m2/repository/io/netty/netty-handler-proxy/4.1.48.Final/netty-handler-proxy-4.1.48.Final.jar:/home/user/.m2/repository/io/netty/netty-codec-socks/4.1.48.Final/netty-codec-socks-4.1.48.Final.jar:/home/user/.m2/repository/io/netty/netty-transport-native-epoll/4.1.48.Final/netty-transport-native-epoll-4.1.48.Final.jar:/home/user/.m2/repository/io/netty/netty-common/4.1.48.Final/netty-common-4.1.48.Final.jar:/home/user/.m2/repository/io/netty/netty-buffer/4.1.48.Final/netty-buffer-4.1.48.Final.jar:/home/user/.m2/repository/io/netty/netty-transport/4.1.48.Final/netty-transport-4.1.48.Final.jar:/home/user/.m2/repository/io/netty/netty-resolver/4.1.48.Final/netty-resolver-4.1.48.Final.jar:/home/user/.m2/repository/io/netty/netty-transport-native-unix-common/4.1.48.Final/netty-transport-native-unix-common-4.1.48.Final.jar:/home/user/.m2/repository/io/grpc/grpc-protobuf/1.29.0/grpc-protobuf-1.29.0.jar:/home/user/.m2/repository/io/grpc/grpc-api/1.29.0/grpc-api-1.29.0.jar:/home/user/.m2/repository/io/grpc/grpc-context/1.29.0/grpc-context-1.29.0.jar:/home/user/.m2/repository/org/codehaus/mojo/animal-sniffer-annotations/1.18/animal-sniffer-annotations-1.18.jar:/home/user/.m2/repository/com/google/api/grpc/proto-google-common-protos/1.17.0/proto-google-common-protos-1.17.0.jar:/home/user/.m2/repository/io/grpc/grpc-protobuf-lite/1.29.0/grpc-protobuf-lite-1.29.0.jar:/home/user/.m2/repository/io/grpc/grpc-stub/1.29.0/grpc-stub-1.29.0.jar:/home/user/.m2/repository/org/apache/hadoop/hadoop-ozone-recon/0.6.0-SNAPSHOT/hadoop-ozone-recon-0.6.0-SNAPSHOT.jar:/home/user/.m2/repository/org/apache/hadoop/hadoop-ozone-reconcodegen/0.6.0-SNAPSHOT/hadoop-ozone-reconcodegen-0.6.0-SNAPSHOT.jar:/home/user/.m2/repository/com/google/inject/extensions/guice-multibindings/4.0/guice-multibindings-4.0.jar:/home/user/.m2/repository/com/google/inject/guice/4.0/guice-4.0.jar:/home/user/.m2/repository/aopalliance/aopalliance/1.0/aopalliance-1.0.jar:/home/user/.m2/repository/com/google/inject/extensions/guice-assistedinject/4.0/guice-assistedinject-4.0.jar:/home/user/.m2/repository/com/google/inject/extensions/guice-servlet/4.0/guice-servlet-4.0.jar:/home/user/.m2/repository/org/glassfish/jersey/containers/jersey-container-servlet/2.27/jersey-container-servlet-2.27.jar:/home/user/.m2/repository/org/glassfish/hk2/guice-bridge/2.5.0/guice-bridge-2.5.0.jar:/home/user/.m2/repository/org/glassfish/jersey/core/jersey-server/2.27/jersey-server-2.27.jar:/home/user/.m2/repository/org/glassfish/jersey/core/jersey-client/2.27/jersey-client-2.27.jar:/home/user/.m2/repository/org/glassfish/jersey/media/jersey-media-jaxb/2.27/jersey-media-jaxb-2.27.jar:/home/user/.m2/repository/javax/validation/validation-api/1.1.0.Final/validation-api-1.1.0.Final.jar:/home/user/.m2/repository/org/glassfish/jersey/media/jersey-media-json-jackson/2.27/jersey-media-json-jackson-2.27.jar:/home/user/.m2/repository/org/glassfish/jersey/ext/jersey-entity-filtering/2.27/jersey-entity-filtering-2.27.jar:/home/user/.m2/repository/org/jooq/jooq/3.11.10/jooq-3.11.10.jar:/home/user/.m2/repository/org/jooq/jooq-meta/3.11.10/jooq-meta-3.11.10.jar:/home/user/.m2/repository/org/jooq/jooq-codegen/3.11.10/jooq-codegen-3.11.10.jar:/home/user/.m2/repository/com/jolbox/bonecp/0.8.0.RELEASE/bonecp-0.8.0.RELEASE.jar:/home/user/.m2/repository/org/apache/derby/derby/10.14.2.0/derby-10.14.2.0.jar:/home/user/.m2/repository/org/xerial/sqlite-jdbc/3.25.2/sqlite-jdbc-3.25.2.jar:/home/user/.m2/repository/org/springframework/spring-jdbc/5.2.5.RELEASE/spring-jdbc-5.2.5.RELEASE.jar:/home/user/.m2/repository/org/springframework/spring-beans/5.2.5.RELEASE/spring-beans-5.2.5.RELEASE.jar:/home/user/.m2/repository/org/springframework/spring-core/5.2.5.RELEASE/spring-core-5.2.5.RELEASE.jar:/home/user/.m2/repository/org/springframework/spring-jcl/5.2.5.RELEASE/spring-jcl-5.2.5.RELEASE.jar:/home/user/.m2/repository/org/springframework/spring-tx/5.2.5.RELEASE/spring-tx-5.2.5.RELEASE.jar:/home/user/.m2/repository/org/apache/hadoop/hadoop-ozone-client/0.6.0-SNAPSHOT/hadoop-ozone-client-0.6.0-SNAPSHOT.jar:/home/user/.m2/repository/org/apache/hadoop/hadoop-ozone-filesystem/0.6.0-SNAPSHOT/hadoop-ozone-filesystem-0.6.0-SNAPSHOT.jar:/home/user/.m2/repository/org/apache/hadoop/hadoop-ozone-filesystem-common/0.6.0-SNAPSHOT/hadoop-ozone-filesystem-common-0.6.0-SNAPSHOT.jar:/home/user/.m2/repository/org/apache/hadoop/hadoop-ozone-tools/0.6.0-SNAPSHOT/hadoop-ozone-tools-0.6.0-SNAPSHOT.jar:/home/user/.m2/repository/org/apache/hadoop/hadoop-hdfs/3.2.1/hadoop-hdfs-3.2.1.jar:/home/user/.m2/repository/org/apache/ratis/ratis-tools/0.6.0-6ab75ae-SNAPSHOT/ratis-tools-0.6.0-6ab75ae-SNAPSHOT.jar:/home/user/.m2/repository/org/apache/ratis/ratis-proto/0.6.0-6ab75ae-SNAPSHOT/ratis-proto-0.6.0-6ab75ae-SNAPSHOT.jar:/home/user/.m2/repository/org/apache/ratis/ratis-common/0.6.0-6ab75ae-SNAPSHOT/ratis-common-0.6.0-6ab75ae-SNAPSHOT.jar:/home/user/.m2/repository/com/amazonaws/aws-java-sdk-core/1.11.615/aws-java-sdk-core-1.11.615.jar:/home/user/.m2/repository/org/apache/httpcomponents/httpclient/4.5.2/httpclient-4.5.2.jar:/home/user/.m2/repository/org/apache/httpcomponents/httpcore/4.4.4/httpcore-4.4.4.jar:/home/user/.m2/repository/software/amazon/ion/ion-java/1.0.2/ion-java-1.0.2.jar:/home/user/.m2/repository/com/fasterxml/jackson/dataformat/jackson-dataformat-cbor/2.10.3/jackson-dataformat-cbor-2.10.3.jar:/home/user/.m2/repository/joda-time/joda-time/2.8.1/joda-time-2.8.1.jar:/home/user/.m2/repository/com/amazonaws/aws-java-sdk-s3/1.11.615/aws-java-sdk-s3-1.11.615.jar:/home/user/.m2/repository/com/amazonaws/aws-java-sdk-kms/1.11.615/aws-java-sdk-kms-1.11.615.jar:/home/user/.m2/repository/com/amazonaws/jmespath-java/1.11.615/jmespath-java-1.11.615.jar:/home/user/.m2/repository/org/apache/hadoop/hadoop-hdds-tools/0.6.0-SNAPSHOT/hadoop-hdds-tools-0.6.0-SNAPSHOT.jar:/home/user/.m2/repository/commons-cli/commons-cli/1.2/commons-cli-1.2.jar:/home/user/.m2/repository/org/apache/commons/commons-lang3/3.7/commons-lang3-3.7.jar:/home/user/.m2/repository/org/apache/hadoop/hadoop-ozone-ozone-manager/0.6.0-SNAPSHOT/hadoop-ozone-ozone-manager-0.6.0-SNAPSHOT-tests.jar:/home/user/.m2/repository/junit/junit/4.11/junit-4.11.jar:/home/user/.m2/repository/org/hamcrest/hamcrest-core/1.3/hamcrest-core-1.3.jar:/home/user/.m2/repository/org/openjdk/jmh/jmh-core/1.19/jmh-core-1.19.jar:/home/user/.m2/repository/net/sf/jopt-simple/jopt-simple/4.6/jopt-simple-4.6.jar:/home/user/.m2/repository/org/apache/commons/commons-math3/3.1.1/commons-math3-3.1.1.jar:/home/user/.m2/repository/org/openjdk/jmh/jmh-generator-annprocess/1.19/jmh-generator-annprocess-1.19.jar:/home/user/.m2/repository/org/mockito/mockito-all/1.8.5/mockito-all-1.8.5.jar:/home/user/.m2/repository/org/apache/hadoop/hadoop-kms/3.2.1/hadoop-kms-3.2.1.jar:/home/user/.m2/repository/org/apache/hadoop/hadoop-auth/3.2.1/hadoop-auth-3.2.1.jar:/home/user/.m2/repository/com/nimbusds/nimbus-jose-jwt/7.9/nimbus-jose-jwt-7.9.jar:/home/user/.m2/repository/com/github/stephenc/jcip/jcip-annotations/1.0-1/jcip-annotations-1.0-1.jar:/home/user/.m2/repository/net/minidev/json-smart/2.3/json-smart-2.3.jar:/home/user/.m2/repository/net/minidev/accessors-smart/1.2/accessors-smart-1.2.jar:/home/user/.m2/repository/org/ow2/asm/asm/5.0.4/asm-5.0.4.jar:/home/user/.m2/repository/org/apache/zookeeper/zookeeper/3.4.13/zookeeper-3.4.13.jar:/home/user/.m2/repository/org/apache/yetus/audience-annotations/0.5.0/audience-annotations-0.5.0.jar:/home/user/.m2/repository/org/apache/curator/curator-framework/2.13.0/curator-framework-2.13.0.jar:/home/user/.m2/repository/com/sun/jersey/jersey-core/1.19/jersey-core-1.19.jar:/home/user/.m2/repository/javax/ws/rs/jsr311-api/1.1.1/jsr311-api-1.1.1.jar:/home/user/.m2/repository/com/sun/jersey/jersey-server/1.19/jersey-server-1.19.jar:/home/user/.m2/repository/javax/servlet/javax.servlet-api/3.1.0/javax.servlet-api-3.1.0.jar:/home/user/.m2/repository/org/eclipse/jetty/jetty-server/9.4.26.v20200117/jetty-server-9.4.26.v20200117.jar:/home/user/.m2/repository/org/eclipse/jetty/jetty-http/9.4.26.v20200117/jetty-http-9.4.26.v20200117.jar:/home/user/.m2/repository/org/eclipse/jetty/jetty-io/9.4.26.v20200117/jetty-io-9.4.26.v20200117.jar:/home/user/.m2/repository/org/eclipse/jetty/jetty-webapp/9.4.26.v20200117/jetty-webapp-9.4.26.v20200117.jar:/home/user/.m2/repository/org/eclipse/jetty/jetty-xml/9.4.26.v20200117/jetty-xml-9.4.26.v20200117.jar:/home/user/.m2/repository/org/eclipse/jetty/jetty-servlet/9.4.26.v20200117/jetty-servlet-9.4.26.v20200117.jar:/home/user/.m2/repository/org/eclipse/jetty/jetty-security/9.4.26.v20200117/jetty-security-9.4.26.v20200117.jar:/home/user/.m2/repository/org/apache/hadoop/hadoop-common/3.2.1/hadoop-common-3.2.1.jar:/home/user/.m2/repository/commons-net/commons-net/3.6/commons-net-3.6.jar:/home/user/.m2/repository/commons-collections/commons-collections/3.2.2/commons-collections-3.2.2.jar:/home/user/.m2/repository/com/sun/jersey/jersey-servlet/1.19/jersey-servlet-1.19.jar:/home/user/.m2/repository/com/sun/jersey/jersey-json/1.19/jersey-json-1.19.jar:/home/user/.m2/repository/org/codehaus/jettison/jettison/1.1/jettison-1.1.jar:/home/user/.m2/repository/org/codehaus/jackson/jackson-jaxrs/1.9.2/jackson-jaxrs-1.9.2.jar:/home/user/.m2/repository/org/codehaus/jackson/jackson-xc/1.9.2/jackson-xc-1.9.2.jar:/home/user/.m2/repository/commons-beanutils/commons-beanutils/1.9.4/commons-beanutils-1.9.4.jar:/home/user/.m2/repository/org/apache/commons/commons-configuration2/2.1.1/commons-configuration2-2.1.1.jar:/home/user/.m2/repository/org/apache/commons/commons-text/1.4/commons-text-1.4.jar:/home/user/.m2/repository/com/google/re2j/re2j/1.1/re2j-1.1.jar:/home/user/.m2/repository/com/jcraft/jsch/0.1.54/jsch-0.1.54.jar:/home/user/.m2/repository/org/apache/curator/curator-client/2.13.0/curator-client-2.13.0.jar:/home/user/.m2/repository/org/apache/curator/curator-recipes/2.13.0/curator-recipes-2.13.0.jar:/home/user/.m2/repository/dnsjava/dnsjava/2.1.7/dnsjava-2.1.7.jar:/home/user/.m2/repository/org/slf4j/jul-to-slf4j/1.7.25/jul-to-slf4j-1.7.25.jar:/home/user/.m2/repository/org/eclipse/jetty/jetty-util/9.4.26.v20200117/jetty-util-9.4.26.v20200117.jar:/home/user/.m2/repository/com/fasterxml/jackson/core/jackson-databind/2.10.3/jackson-databind-2.10.3.jar:/home/user/.m2/repository/org/apache/hadoop/hadoop-kms/3.2.1/hadoop-kms-3.2.1-tests.jar:/home/user/.m2/repository/org/apache/hadoop/hadoop-hdds-server-scm/0.6.0-SNAPSHOT/hadoop-hdds-server-scm-0.6.0-SNAPSHOT-tests.jar:/home/user/.m2/repository/org/apache/hadoop/hadoop-hdds-container-service/0.6.0-SNAPSHOT/hadoop-hdds-container-service-0.6.0-SNAPSHOT-tests.jar:/home/user/.m2/repository/org/apache/hadoop/hadoop-hdds-common/0.6.0-SNAPSHOT/hadoop-hdds-common-0.6.0-SNAPSHOT-tests.jar:/home/user/.m2/repository/org/yaml/snakeyaml/1.16/snakeyaml-1.16.jar:/home/user/.m2/repository/org/apache/hadoop/hadoop-hdds-hadoop-dependency-test/0.6.0-SNAPSHOT/hadoop-hdds-hadoop-dependency-test-0.6.0-SNAPSHOT.jar:/home/user/.m2/repository/org/apache/hadoop/hadoop-common/3.2.1/hadoop-common-3.2.1-tests.jar:/home/user/.m2/repository/javax/servlet/jsp/jsp-api/2.1/jsp-api-2.1.jar:/home/user/.m2/repository/org/apache/hadoop/hadoop-hdfs/3.2.1/hadoop-hdfs-3.2.1-tests.jar:/home/user/.m2/repository/org/eclipse/jetty/jetty-util-ajax/9.4.26.v20200117/jetty-util-ajax-9.4.26.v20200117.jar:/home/user/.m2/repository/commons-codec/commons-codec/1.11/commons-codec-1.11.jar:/home/user/.m2/repository/commons-daemon/commons-daemon/1.0.13/commons-daemon-1.0.13.jar:/home/user/.m2/repository/io/netty/netty/3.10.5.Final/netty-3.10.5.Final.jar:/home/user/.m2/repository/io/netty/netty-all/4.1.48.Final/netty-all-4.1.48.Final.jar:/home/user/.m2/repository/org/apache/htrace/htrace-core4/4.1.0-incubating/htrace-core4-4.1.0-incubating.jar:/home/user/.m2/repository/org/fusesource/leveldbjni/leveldbjni-all/1.8/leveldbjni-all-1.8.jar:/home/user/.m2/repository/org/apache/hadoop/hadoop-distcp/3.2.1/hadoop-distcp-3.2.1.jar:/home/user/.m2/repository/org/apache/hadoop/hadoop-mapreduce-client-jobclient/3.2.1/hadoop-mapreduce-client-jobclient-3.2.1.jar:/home/user/.m2/repository/org/apache/hadoop/hadoop-mapreduce-client-common/3.2.1/hadoop-mapreduce-client-common-3.2.1.jar:/home/user/.m2/repository/org/apache/hadoop/hadoop-yarn-common/3.2.1/hadoop-yarn-common-3.2.1.jar:/home/user/.m2/repository/org/apache/hadoop/hadoop-yarn-api/3.2.1/hadoop-yarn-api-3.2.1.jar:/home/user/.m2/repository/com/sun/jersey/jersey-client/1.19/jersey-client-1.19.jar:/home/user/.m2/repository/com/sun/jersey/contribs/jersey-guice/1.19/jersey-guice-1.19.jar:/home/user/.m2/repository/com/fasterxml/jackson/jaxrs/jackson-jaxrs-json-provider/2.10.3/jackson-jaxrs-json-provider-2.10.3.jar:/home/user/.m2/repository/com/fasterxml/jackson/jaxrs/jackson-jaxrs-base/2.10.3/jackson-jaxrs-base-2.10.3.jar:/home/user/.m2/repository/org/apache/hadoop/hadoop-yarn-client/3.2.1/hadoop-yarn-client-3.2.1.jar:/home/user/.m2/repository/org/apache/hadoop/hadoop-mapreduce-client-core/3.2.1/hadoop-mapreduce-client-core-3.2.1.jar:/home/user/.m2/repository/org/apache/avro/avro/1.7.7/avro-1.7.7.jar:/home/user/.m2/repository/org/codehaus/jackson/jackson-core-asl/1.9.13/jackson-core-asl-1.9.13.jar:/home/user/.m2/repository/org/codehaus/jackson/jackson-mapper-asl/1.9.13/jackson-mapper-asl-1.9.13.jar:/home/user/.m2/repository/com/thoughtworks/paranamer/paranamer/2.3/paranamer-2.3.jar:/home/user/.m2/repository/org/xerial/snappy/snappy-java/1.0.5/snappy-java-1.0.5.jar:/home/user/.m2/repository/org/apache/hadoop/hadoop-annotations/3.2.1/hadoop-annotations-3.2.1.jar:/usr/lib/jvm/java-1.8.0-openjdk-1.8.0.232.b09-0.el7_7.x86_64/jre/../lib/tools.jar:/home/user/.m2/repository/org/apache/hadoop/hadoop-distcp/3.2.1/hadoop-distcp-3.2.1-tests.jar:"/>
    <property name="java.vm.vendor" value="Oracle Corporation"/>
    <property name="sun.arch.data.model" value="64"/>
    <property name="test.build.dir" value="/github/workspace/mnt/ozone/hadoop-ozone/integration-test/target/test-dir"/>
    <property name="test.cache.data" value=""/>
    <property name="java.vendor.url" value="http://java.oracle.com/"/>
    <property name="user.timezone" value=""/>
    <property name="java.vm.specification.version" value="1.8"/>
    <property name="os.name" value="Linux"/>
    <property name="test.build.data" value="/github/workspace/mnt/ozone/hadoop-ozone/integration-test/target/test-dir"/>
    <property name="user.country" value="US"/>
    <property name="sun.java.launcher" value="SUN_STANDARD"/>
    <property name="sun.boot.library.path" value="/usr/lib/jvm/java-1.8.0-openjdk-1.8.0.232.b09-0.el7_7.x86_64/jre/lib/amd64"/>
    <property name="sun.java.command" value="/github/workspace/mnt/ozone/hadoop-ozone/integration-test/target/surefire/surefirebooter4837091204152283240.jar /github/workspace/mnt/ozone/hadoop-ozone/integration-test/target/surefire 2020-07-20T07-51-55_208-jvmRun1 surefire4750973977844989471tmp surefire_263421496246933919467tmp"/>
    <property name="surefire.test.class.path" value="/github/workspace/mnt/ozone/hadoop-ozone/integration-test/target/test-classes:/github/workspace/mnt/ozone/hadoop-ozone/integration-test/target/classes:/home/user/.m2/repository/org/apache/hadoop/hadoop-ozone-common/0.6.0-SNAPSHOT/hadoop-ozone-common-0.6.0-SNAPSHOT.jar:/home/user/.m2/repository/org/apache/commons/commons-compress/1.4.1/commons-compress-1.4.1.jar:/home/user/.m2/repository/org/tukaani/xz/1.0/xz-1.0.jar:/home/user/.m2/repository/org/apache/hadoop/hadoop-hdds-common/0.6.0-SNAPSHOT/hadoop-hdds-common-0.6.0-SNAPSHOT.jar:/home/user/.m2/repository/org/apache/hadoop/hadoop-hdds-hadoop-dependency-client/0.6.0-SNAPSHOT/hadoop-hdds-hadoop-dependency-client-0.6.0-SNAPSHOT.jar:/home/user/.m2/repository/info/picocli/picocli/3.9.6/picocli-3.9.6.jar:/home/user/.m2/repository/com/fasterxml/jackson/core/jackson-annotations/2.10.3/jackson-annotations-2.10.3.jar:/home/user/.m2/repository/javax/annotation/javax.annotation-api/1.2/javax.annotation-api-1.2.jar:/home/user/.m2/repository/org/apache/ratis/ratis-server/0.6.0-6ab75ae-SNAPSHOT/ratis-server-0.6.0-6ab75ae-SNAPSHOT.jar:/home/user/.m2/repository/org/apache/ratis/ratis-client/0.6.0-6ab75ae-SNAPSHOT/ratis-client-0.6.0-6ab75ae-SNAPSHOT.jar:/home/user/.m2/repository/org/apache/ratis/ratis-metrics/0.6.0-6ab75ae-SNAPSHOT/ratis-metrics-0.6.0-6ab75ae-SNAPSHOT.jar:/home/user/.m2/repository/org/apache/ratis/ratis-netty/0.6.0-6ab75ae-SNAPSHOT/ratis-netty-0.6.0-6ab75ae-SNAPSHOT.jar:/home/user/.m2/repository/org/apache/ratis/ratis-grpc/0.6.0-6ab75ae-SNAPSHOT/ratis-grpc-0.6.0-6ab75ae-SNAPSHOT.jar:/home/user/.m2/repository/org/apache/logging/log4j/log4j-api/2.11.0/log4j-api-2.11.0.jar:/home/user/.m2/repository/org/apache/logging/log4j/log4j-core/2.11.0/log4j-core-2.11.0.jar:/home/user/.m2/repository/com/lmax/disruptor/3.4.2/disruptor-3.4.2.jar:/home/user/.m2/repository/org/apache/commons/commons-pool2/2.6.0/commons-pool2-2.6.0.jar:/home/user/.m2/repository/org/bouncycastle/bcpkix-jdk15on/1.60/bcpkix-jdk15on-1.60.jar:/home/user/.m2/repository/commons-validator/commons-validator/1.6/commons-validator-1.6.jar:/home/user/.m2/repository/commons-digester/commons-digester/1.8.1/commons-digester-1.8.1.jar:/home/user/.m2/repository/io/jaegertracing/jaeger-client/1.2.0/jaeger-client-1.2.0.jar:/home/user/.m2/repository/io/jaegertracing/jaeger-thrift/1.2.0/jaeger-thrift-1.2.0.jar:/home/user/.m2/repository/org/apache/thrift/libthrift/0.13.0/libthrift-0.13.0.jar:/home/user/.m2/repository/com/squareup/okhttp3/okhttp/4.2.2/okhttp-4.2.2.jar:/home/user/.m2/repository/com/squareup/okio/okio/2.2.2/okio-2.2.2.jar:/home/user/.m2/repository/org/jetbrains/kotlin/kotlin-stdlib/1.3.50/kotlin-stdlib-1.3.50.jar:/home/user/.m2/repository/org/jetbrains/kotlin/kotlin-stdlib-common/1.3.50/kotlin-stdlib-common-1.3.50.jar:/home/user/.m2/repository/org/jetbrains/annotations/13.0/annotations-13.0.jar:/home/user/.m2/repository/io/jaegertracing/jaeger-core/1.2.0/jaeger-core-1.2.0.jar:/home/user/.m2/repository/io/jaegertracing/jaeger-tracerresolver/1.2.0/jaeger-tracerresolver-1.2.0.jar:/home/user/.m2/repository/io/opentracing/contrib/opentracing-tracerresolver/0.1.8/opentracing-tracerresolver-0.1.8.jar:/home/user/.m2/repository/io/opentracing/opentracing-util/0.33.0/opentracing-util-0.33.0.jar:/home/user/.m2/repository/io/opentracing/opentracing-api/0.33.0/opentracing-api-0.33.0.jar:/home/user/.m2/repository/io/opentracing/opentracing-noop/0.33.0/opentracing-noop-0.33.0.jar:/home/user/.m2/repository/org/apache/hadoop/hadoop-hdds-client/0.6.0-SNAPSHOT/hadoop-hdds-client-0.6.0-SNAPSHOT.jar:/home/user/.m2/repository/org/apache/hadoop/hadoop-ozone-interface-client/0.6.0-SNAPSHOT/hadoop-ozone-interface-client-0.6.0-SNAPSHOT.jar:/home/user/.m2/repository/org/apache/hadoop/hadoop-hdds-test-utils/0.6.0-SNAPSHOT/hadoop-hdds-test-utils-0.6.0-SNAPSHOT.jar:/home/user/.m2/repository/com/google/guava/guava/28.2-jre/guava-28.2-jre.jar:/home/user/.m2/repository/com/google/guava/failureaccess/1.0.1/failureaccess-1.0.1.jar:/home/user/.m2/repository/com/google/guava/listenablefuture/9999.0-empty-to-avoid-conflict-with-guava/listenablefuture-9999.0-empty-to-avoid-conflict-with-guava.jar:/home/user/.m2/repository/com/google/code/findbugs/jsr305/3.0.0/jsr305-3.0.0.jar:/home/user/.m2/repository/org/checkerframework/checker-qual/2.10.0/checker-qual-2.10.0.jar:/home/user/.m2/repository/com/google/errorprone/error_prone_annotations/2.2.0/error_prone_annotations-2.2.0.jar:/home/user/.m2/repository/com/google/j2objc/j2objc-annotations/1.3/j2objc-annotations-1.3.jar:/home/user/.m2/repository/commons-io/commons-io/2.5/commons-io-2.5.jar:/home/user/.m2/repository/commons-logging/commons-logging/1.2/commons-logging-1.2.jar:/home/user/.m2/repository/log4j/log4j/1.2.17/log4j-1.2.17.jar:/home/user/.m2/repository/org/slf4j/slf4j-api/1.7.25/slf4j-api-1.7.25.jar:/home/user/.m2/repository/org/apache/hadoop/hadoop-hdds-server-scm/0.6.0-SNAPSHOT/hadoop-hdds-server-scm-0.6.0-SNAPSHOT.jar:/home/user/.m2/repository/org/apache/hadoop/hadoop-hdds-container-service/0.6.0-SNAPSHOT/hadoop-hdds-container-service-0.6.0-SNAPSHOT.jar:/home/user/.m2/repository/org/apache/hadoop/hadoop-hdds-hadoop-dependency-server/0.6.0-SNAPSHOT/hadoop-hdds-hadoop-dependency-server-0.6.0-SNAPSHOT.jar:/home/user/.m2/repository/org/apache/hadoop/hadoop-hdds-server-framework/0.6.0-SNAPSHOT/hadoop-hdds-server-framework-0.6.0-SNAPSHOT.jar:/home/user/.m2/repository/org/apache/hadoop/hadoop-hdds-interface-server/0.6.0-SNAPSHOT/hadoop-hdds-interface-server-0.6.0-SNAPSHOT.jar:/home/user/.m2/repository/org/apache/hadoop/hadoop-hdds-interface-admin/0.6.0-SNAPSHOT/hadoop-hdds-interface-admin-0.6.0-SNAPSHOT.jar:/home/user/.m2/repository/org/rocksdb/rocksdbjni/6.8.1/rocksdbjni-6.8.1.jar:/home/user/.m2/repository/io/prometheus/simpleclient_dropwizard/0.7.0/simpleclient_dropwizard-0.7.0.jar:/home/user/.m2/repository/io/prometheus/simpleclient/0.7.0/simpleclient-0.7.0.jar:/home/user/.m2/repository/io/prometheus/simpleclient_common/0.7.0/simpleclient_common-0.7.0.jar:/home/user/.m2/repository/com/fasterxml/jackson/datatype/jackson-datatype-jsr310/2.10.3/jackson-datatype-jsr310-2.10.3.jar:/home/user/.m2/repository/org/apache/hadoop/hadoop-hdds-docs/0.6.0-SNAPSHOT/hadoop-hdds-docs-0.6.0-SNAPSHOT.jar:/home/user/.m2/repository/io/dropwizard/metrics/metrics-core/3.2.4/metrics-core-3.2.4.jar:/home/user/.m2/repository/org/apache/hadoop/hadoop-hdfs-client/3.2.1/hadoop-hdfs-client-3.2.1.jar:/home/user/.m2/repository/org/bouncycastle/bcprov-jdk15on/1.60/bcprov-jdk15on-1.60.jar:/home/user/.m2/repository/org/apache/hadoop/hadoop-ozone-ozone-manager/0.6.0-SNAPSHOT/hadoop-ozone-ozone-manager-0.6.0-SNAPSHOT.jar:/home/user/.m2/repository/org/apache/hadoop/hadoop-hdds-interface-client/0.6.0-SNAPSHOT/hadoop-hdds-interface-client-0.6.0-SNAPSHOT.jar:/home/user/.m2/repository/org/apache/ratis/ratis-thirdparty-misc/0.4.0/ratis-thirdparty-misc-0.4.0.jar:/home/user/.m2/repository/org/apache/hadoop/hadoop-minikdc/3.2.1/hadoop-minikdc-3.2.1.jar:/home/user/.m2/repository/org/apache/kerby/kerb-simplekdc/1.0.1/kerb-simplekdc-1.0.1.jar:/home/user/.m2/repository/org/apache/kerby/kerb-client/1.0.1/kerb-client-1.0.1.jar:/home/user/.m2/repository/org/apache/kerby/kerby-config/1.0.1/kerby-config-1.0.1.jar:/home/user/.m2/repository/org/apache/kerby/kerb-core/1.0.1/kerb-core-1.0.1.jar:/home/user/.m2/repository/org/apache/kerby/kerby-pkix/1.0.1/kerby-pkix-1.0.1.jar:/home/user/.m2/repository/org/apache/kerby/kerby-asn1/1.0.1/kerby-asn1-1.0.1.jar:/home/user/.m2/repository/org/apache/kerby/kerby-util/1.0.1/kerby-util-1.0.1.jar:/home/user/.m2/repository/org/apache/kerby/kerb-common/1.0.1/kerb-common-1.0.1.jar:/home/user/.m2/repository/org/apache/kerby/kerb-crypto/1.0.1/kerb-crypto-1.0.1.jar:/home/user/.m2/repository/org/apache/kerby/kerb-util/1.0.1/kerb-util-1.0.1.jar:/home/user/.m2/repository/org/apache/kerby/token-provider/1.0.1/token-provider-1.0.1.jar:/home/user/.m2/repository/org/apache/kerby/kerb-admin/1.0.1/kerb-admin-1.0.1.jar:/home/user/.m2/repository/org/apache/kerby/kerb-server/1.0.1/kerb-server-1.0.1.jar:/home/user/.m2/repository/org/apache/kerby/kerb-identity/1.0.1/kerb-identity-1.0.1.jar:/home/user/.m2/repository/org/apache/kerby/kerby-xdr/1.0.1/kerby-xdr-1.0.1.jar:/home/user/.m2/repository/org/slf4j/slf4j-log4j12/1.7.25/slf4j-log4j12-1.7.25.jar:/home/user/.m2/repository/org/apache/hadoop/hadoop-ozone-s3gateway/0.6.0-SNAPSHOT/hadoop-ozone-s3gateway-0.6.0-SNAPSHOT.jar:/home/user/.m2/repository/org/jboss/weld/servlet/weld-servlet/2.4.7.Final/weld-servlet-2.4.7.Final.jar:/home/user/.m2/repository/org/glassfish/jersey/containers/jersey-container-servlet-core/2.27/jersey-container-servlet-core-2.27.jar:/home/user/.m2/repository/org/glassfish/hk2/external/javax.inject/2.5.0-b42/javax.inject-2.5.0-b42.jar:/home/user/.m2/repository/org/glassfish/jersey/core/jersey-common/2.27/jersey-common-2.27.jar:/home/user/.m2/repository/org/glassfish/hk2/osgi-resource-locator/1.0.1/osgi-resource-locator-1.0.1.jar:/home/user/.m2/repository/javax/ws/rs/javax.ws.rs-api/2.1/javax.ws.rs-api-2.1.jar:/home/user/.m2/repository/org/glassfish/jersey/ext/cdi/jersey-cdi1x/2.27/jersey-cdi1x-2.27.jar:/home/user/.m2/repository/org/glassfish/jersey/inject/jersey-hk2/2.27/jersey-hk2-2.27.jar:/home/user/.m2/repository/org/glassfish/hk2/hk2-locator/2.5.0-b42/hk2-locator-2.5.0-b42.jar:/home/user/.m2/repository/org/javassist/javassist/3.22.0-CR2/javassist-3.22.0-CR2.jar:/home/user/.m2/repository/org/glassfish/hk2/hk2-api/2.5.0/hk2-api-2.5.0.jar:/home/user/.m2/repository/org/glassfish/hk2/external/jakarta.inject/2.5.0/jakarta.inject-2.5.0.jar:/home/user/.m2/repository/org/glassfish/hk2/hk2-utils/2.5.0/hk2-utils-2.5.0.jar:/home/user/.m2/repository/jakarta/annotation/jakarta.annotation-api/1.3.4/jakarta.annotation-api-1.3.4.jar:/home/user/.m2/repository/org/glassfish/hk2/external/aopalliance-repackaged/2.5.0/aopalliance-repackaged-2.5.0.jar:/home/user/.m2/repository/com/fasterxml/jackson/dataformat/jackson-dataformat-xml/2.10.3/jackson-dataformat-xml-2.10.3.jar:/home/user/.m2/repository/com/fasterxml/jackson/core/jackson-core/2.10.3/jackson-core-2.10.3.jar:/home/user/.m2/repository/com/fasterxml/jackson/module/jackson-module-jaxb-annotations/2.10.3/jackson-module-jaxb-annotations-2.10.3.jar:/home/user/.m2/repository/jakarta/xml/bind/jakarta.xml.bind-api/2.3.2/jakarta.xml.bind-api-2.3.2.jar:/home/user/.m2/repository/jakarta/activation/jakarta.activation-api/1.2.1/jakarta.activation-api-1.2.1.jar:/home/user/.m2/repository/org/codehaus/woodstox/stax2-api/3.1.4/stax2-api-3.1.4.jar:/home/user/.m2/repository/com/fasterxml/woodstox/woodstox-core/5.0.3/woodstox-core-5.0.3.jar:/home/user/.m2/repository/javax/enterprise/cdi-api/1.2/cdi-api-1.2.jar:/home/user/.m2/repository/javax/el/javax.el-api/3.0.0/javax.el-api-3.0.0.jar:/home/user/.m2/repository/javax/interceptor/javax.interceptor-api/1.2/javax.interceptor-api-1.2.jar:/home/user/.m2/repository/javax/inject/javax.inject/1/javax.inject-1.jar:/home/user/.m2/repository/com/sun/xml/bind/jaxb-impl/2.3.0.1/jaxb-impl-2.3.0.1.jar:/home/user/.m2/repository/com/sun/xml/bind/jaxb-core/2.3.0.1/jaxb-core-2.3.0.1.jar:/home/user/.m2/repository/javax/xml/bind/jaxb-api/2.3.0/jaxb-api-2.3.0.jar:/home/user/.m2/repository/javax/activation/activation/1.1.1/activation-1.1.1.jar:/home/user/.m2/repository/org/apache/hadoop/hadoop-ozone-csi/0.6.0-SNAPSHOT/hadoop-ozone-csi-0.6.0-SNAPSHOT.jar:/home/user/.m2/repository/com/google/protobuf/protobuf-java-util/3.11.0/protobuf-java-util-3.11.0.jar:/home/user/.m2/repository/com/google/code/gson/gson/2.2.4/gson-2.2.4.jar:/home/user/.m2/repository/org/apache/hadoop/hadoop-hdds-config/0.6.0-SNAPSHOT/hadoop-hdds-config-0.6.0-SNAPSHOT.jar:/home/user/.m2/repository/com/google/protobuf/protobuf-java/2.5.0/protobuf-java-2.5.0.jar:/home/user/.m2/repository/io/grpc/grpc-netty/1.29.0/grpc-netty-1.29.0.jar:/home/user/.m2/repository/io/grpc/grpc-core/1.29.0/grpc-core-1.29.0.jar:/home/user/.m2/repository/com/google/android/annotations/4.1.1.4/annotations-4.1.1.4.jar:/home/user/.m2/repository/io/perfmark/perfmark-api/0.19.0/perfmark-api-0.19.0.jar:/home/user/.m2/repository/io/netty/netty-codec-http2/4.1.48.Final/netty-codec-http2-4.1.48.Final.jar:/home/user/.m2/repository/io/netty/netty-codec/4.1.48.Final/netty-codec-4.1.48.Final.jar:/home/user/.m2/repository/io/netty/netty-handler/4.1.48.Final/netty-handler-4.1.48.Final.jar:/home/user/.m2/repository/io/netty/netty-codec-http/4.1.48.Final/netty-codec-http-4.1.48.Final.jar:/home/user/.m2/repository/io/netty/netty-handler-proxy/4.1.48.Final/netty-handler-proxy-4.1.48.Final.jar:/home/user/.m2/repository/io/netty/netty-codec-socks/4.1.48.Final/netty-codec-socks-4.1.48.Final.jar:/home/user/.m2/repository/io/netty/netty-transport-native-epoll/4.1.48.Final/netty-transport-native-epoll-4.1.48.Final.jar:/home/user/.m2/repository/io/netty/netty-common/4.1.48.Final/netty-common-4.1.48.Final.jar:/home/user/.m2/repository/io/netty/netty-buffer/4.1.48.Final/netty-buffer-4.1.48.Final.jar:/home/user/.m2/repository/io/netty/netty-transport/4.1.48.Final/netty-transport-4.1.48.Final.jar:/home/user/.m2/repository/io/netty/netty-resolver/4.1.48.Final/netty-resolver-4.1.48.Final.jar:/home/user/.m2/repository/io/netty/netty-transport-native-unix-common/4.1.48.Final/netty-transport-native-unix-common-4.1.48.Final.jar:/home/user/.m2/repository/io/grpc/grpc-protobuf/1.29.0/grpc-protobuf-1.29.0.jar:/home/user/.m2/repository/io/grpc/grpc-api/1.29.0/grpc-api-1.29.0.jar:/home/user/.m2/repository/io/grpc/grpc-context/1.29.0/grpc-context-1.29.0.jar:/home/user/.m2/repository/org/codehaus/mojo/animal-sniffer-annotations/1.18/animal-sniffer-annotations-1.18.jar:/home/user/.m2/repository/com/google/api/grpc/proto-google-common-protos/1.17.0/proto-google-common-protos-1.17.0.jar:/home/user/.m2/repository/io/grpc/grpc-protobuf-lite/1.29.0/grpc-protobuf-lite-1.29.0.jar:/home/user/.m2/repository/io/grpc/grpc-stub/1.29.0/grpc-stub-1.29.0.jar:/home/user/.m2/repository/org/apache/hadoop/hadoop-ozone-recon/0.6.0-SNAPSHOT/hadoop-ozone-recon-0.6.0-SNAPSHOT.jar:/home/user/.m2/repository/org/apache/hadoop/hadoop-ozone-reconcodegen/0.6.0-SNAPSHOT/hadoop-ozone-reconcodegen-0.6.0-SNAPSHOT.jar:/home/user/.m2/repository/com/google/inject/extensions/guice-multibindings/4.0/guice-multibindings-4.0.jar:/home/user/.m2/repository/com/google/inject/guice/4.0/guice-4.0.jar:/home/user/.m2/repository/aopalliance/aopalliance/1.0/aopalliance-1.0.jar:/home/user/.m2/repository/com/google/inject/extensions/guice-assistedinject/4.0/guice-assistedinject-4.0.jar:/home/user/.m2/repository/com/google/inject/extensions/guice-servlet/4.0/guice-servlet-4.0.jar:/home/user/.m2/repository/org/glassfish/jersey/containers/jersey-container-servlet/2.27/jersey-container-servlet-2.27.jar:/home/user/.m2/repository/org/glassfish/hk2/guice-bridge/2.5.0/guice-bridge-2.5.0.jar:/home/user/.m2/repository/org/glassfish/jersey/core/jersey-server/2.27/jersey-server-2.27.jar:/home/user/.m2/repository/org/glassfish/jersey/core/jersey-client/2.27/jersey-client-2.27.jar:/home/user/.m2/repository/org/glassfish/jersey/media/jersey-media-jaxb/2.27/jersey-media-jaxb-2.27.jar:/home/user/.m2/repository/javax/validation/validation-api/1.1.0.Final/validation-api-1.1.0.Final.jar:/home/user/.m2/repository/org/glassfish/jersey/media/jersey-media-json-jackson/2.27/jersey-media-json-jackson-2.27.jar:/home/user/.m2/repository/org/glassfish/jersey/ext/jersey-entity-filtering/2.27/jersey-entity-filtering-2.27.jar:/home/user/.m2/repository/org/jooq/jooq/3.11.10/jooq-3.11.10.jar:/home/user/.m2/repository/org/jooq/jooq-meta/3.11.10/jooq-meta-3.11.10.jar:/home/user/.m2/repository/org/jooq/jooq-codegen/3.11.10/jooq-codegen-3.11.10.jar:/home/user/.m2/repository/com/jolbox/bonecp/0.8.0.RELEASE/bonecp-0.8.0.RELEASE.jar:/home/user/.m2/repository/org/apache/derby/derby/10.14.2.0/derby-10.14.2.0.jar:/home/user/.m2/repository/org/xerial/sqlite-jdbc/3.25.2/sqlite-jdbc-3.25.2.jar:/home/user/.m2/repository/org/springframework/spring-jdbc/5.2.5.RELEASE/spring-jdbc-5.2.5.RELEASE.jar:/home/user/.m2/repository/org/springframework/spring-beans/5.2.5.RELEASE/spring-beans-5.2.5.RELEASE.jar:/home/user/.m2/repository/org/springframework/spring-core/5.2.5.RELEASE/spring-core-5.2.5.RELEASE.jar:/home/user/.m2/repository/org/springframework/spring-jcl/5.2.5.RELEASE/spring-jcl-5.2.5.RELEASE.jar:/home/user/.m2/repository/org/springframework/spring-tx/5.2.5.RELEASE/spring-tx-5.2.5.RELEASE.jar:/home/user/.m2/repository/org/apache/hadoop/hadoop-ozone-client/0.6.0-SNAPSHOT/hadoop-ozone-client-0.6.0-SNAPSHOT.jar:/home/user/.m2/repository/org/apache/hadoop/hadoop-ozone-filesystem/0.6.0-SNAPSHOT/hadoop-ozone-filesystem-0.6.0-SNAPSHOT.jar:/home/user/.m2/repository/org/apache/hadoop/hadoop-ozone-filesystem-common/0.6.0-SNAPSHOT/hadoop-ozone-filesystem-common-0.6.0-SNAPSHOT.jar:/home/user/.m2/repository/org/apache/hadoop/hadoop-ozone-tools/0.6.0-SNAPSHOT/hadoop-ozone-tools-0.6.0-SNAPSHOT.jar:/home/user/.m2/repository/org/apache/hadoop/hadoop-hdfs/3.2.1/hadoop-hdfs-3.2.1.jar:/home/user/.m2/repository/org/apache/ratis/ratis-tools/0.6.0-6ab75ae-SNAPSHOT/ratis-tools-0.6.0-6ab75ae-SNAPSHOT.jar:/home/user/.m2/repository/org/apache/ratis/ratis-proto/0.6.0-6ab75ae-SNAPSHOT/ratis-proto-0.6.0-6ab75ae-SNAPSHOT.jar:/home/user/.m2/repository/org/apache/ratis/ratis-common/0.6.0-6ab75ae-SNAPSHOT/ratis-common-0.6.0-6ab75ae-SNAPSHOT.jar:/home/user/.m2/repository/com/amazonaws/aws-java-sdk-core/1.11.615/aws-java-sdk-core-1.11.615.jar:/home/user/.m2/repository/org/apache/httpcomponents/httpclient/4.5.2/httpclient-4.5.2.jar:/home/user/.m2/repository/org/apache/httpcomponents/httpcore/4.4.4/httpcore-4.4.4.jar:/home/user/.m2/repository/software/amazon/ion/ion-java/1.0.2/ion-java-1.0.2.jar:/home/user/.m2/repository/com/fasterxml/jackson/dataformat/jackson-dataformat-cbor/2.10.3/jackson-dataformat-cbor-2.10.3.jar:/home/user/.m2/repository/joda-time/joda-time/2.8.1/joda-time-2.8.1.jar:/home/user/.m2/repository/com/amazonaws/aws-java-sdk-s3/1.11.615/aws-java-sdk-s3-1.11.615.jar:/home/user/.m2/repository/com/amazonaws/aws-java-sdk-kms/1.11.615/aws-java-sdk-kms-1.11.615.jar:/home/user/.m2/repository/com/amazonaws/jmespath-java/1.11.615/jmespath-java-1.11.615.jar:/home/user/.m2/repository/org/apache/hadoop/hadoop-hdds-tools/0.6.0-SNAPSHOT/hadoop-hdds-tools-0.6.0-SNAPSHOT.jar:/home/user/.m2/repository/commons-cli/commons-cli/1.2/commons-cli-1.2.jar:/home/user/.m2/repository/org/apache/commons/commons-lang3/3.7/commons-lang3-3.7.jar:/home/user/.m2/repository/org/apache/hadoop/hadoop-ozone-ozone-manager/0.6.0-SNAPSHOT/hadoop-ozone-ozone-manager-0.6.0-SNAPSHOT-tests.jar:/home/user/.m2/repository/junit/junit/4.11/junit-4.11.jar:/home/user/.m2/repository/org/hamcrest/hamcrest-core/1.3/hamcrest-core-1.3.jar:/home/user/.m2/repository/org/openjdk/jmh/jmh-core/1.19/jmh-core-1.19.jar:/home/user/.m2/repository/net/sf/jopt-simple/jopt-simple/4.6/jopt-simple-4.6.jar:/home/user/.m2/repository/org/apache/commons/commons-math3/3.1.1/commons-math3-3.1.1.jar:/home/user/.m2/repository/org/openjdk/jmh/jmh-generator-annprocess/1.19/jmh-generator-annprocess-1.19.jar:/home/user/.m2/repository/org/mockito/mockito-all/1.8.5/mockito-all-1.8.5.jar:/home/user/.m2/repository/org/apache/hadoop/hadoop-kms/3.2.1/hadoop-kms-3.2.1.jar:/home/user/.m2/repository/org/apache/hadoop/hadoop-auth/3.2.1/hadoop-auth-3.2.1.jar:/home/user/.m2/repository/com/nimbusds/nimbus-jose-jwt/7.9/nimbus-jose-jwt-7.9.jar:/home/user/.m2/repository/com/github/stephenc/jcip/jcip-annotations/1.0-1/jcip-annotations-1.0-1.jar:/home/user/.m2/repository/net/minidev/json-smart/2.3/json-smart-2.3.jar:/home/user/.m2/repository/net/minidev/accessors-smart/1.2/accessors-smart-1.2.jar:/home/user/.m2/repository/org/ow2/asm/asm/5.0.4/asm-5.0.4.jar:/home/user/.m2/repository/org/apache/zookeeper/zookeeper/3.4.13/zookeeper-3.4.13.jar:/home/user/.m2/repository/org/apache/yetus/audience-annotations/0.5.0/audience-annotations-0.5.0.jar:/home/user/.m2/repository/org/apache/curator/curator-framework/2.13.0/curator-framework-2.13.0.jar:/home/user/.m2/repository/com/sun/jersey/jersey-core/1.19/jersey-core-1.19.jar:/home/user/.m2/repository/javax/ws/rs/jsr311-api/1.1.1/jsr311-api-1.1.1.jar:/home/user/.m2/repository/com/sun/jersey/jersey-server/1.19/jersey-server-1.19.jar:/home/user/.m2/repository/javax/servlet/javax.servlet-api/3.1.0/javax.servlet-api-3.1.0.jar:/home/user/.m2/repository/org/eclipse/jetty/jetty-server/9.4.26.v20200117/jetty-server-9.4.26.v20200117.jar:/home/user/.m2/repository/org/eclipse/jetty/jetty-http/9.4.26.v20200117/jetty-http-9.4.26.v20200117.jar:/home/user/.m2/repository/org/eclipse/jetty/jetty-io/9.4.26.v20200117/jetty-io-9.4.26.v20200117.jar:/home/user/.m2/repository/org/eclipse/jetty/jetty-webapp/9.4.26.v20200117/jetty-webapp-9.4.26.v20200117.jar:/home/user/.m2/repository/org/eclipse/jetty/jetty-xml/9.4.26.v20200117/jetty-xml-9.4.26.v20200117.jar:/home/user/.m2/repository/org/eclipse/jetty/jetty-servlet/9.4.26.v20200117/jetty-servlet-9.4.26.v20200117.jar:/home/user/.m2/repository/org/eclipse/jetty/jetty-security/9.4.26.v20200117/jetty-security-9.4.26.v20200117.jar:/home/user/.m2/repository/org/apache/hadoop/hadoop-common/3.2.1/hadoop-common-3.2.1.jar:/home/user/.m2/repository/commons-net/commons-net/3.6/commons-net-3.6.jar:/home/user/.m2/repository/commons-collections/commons-collections/3.2.2/commons-collections-3.2.2.jar:/home/user/.m2/repository/com/sun/jersey/jersey-servlet/1.19/jersey-servlet-1.19.jar:/home/user/.m2/repository/com/sun/jersey/jersey-json/1.19/jersey-json-1.19.jar:/home/user/.m2/repository/org/codehaus/jettison/jettison/1.1/jettison-1.1.jar:/home/user/.m2/repository/org/codehaus/jackson/jackson-jaxrs/1.9.2/jackson-jaxrs-1.9.2.jar:/home/user/.m2/repository/org/codehaus/jackson/jackson-xc/1.9.2/jackson-xc-1.9.2.jar:/home/user/.m2/repository/commons-beanutils/commons-beanutils/1.9.4/commons-beanutils-1.9.4.jar:/home/user/.m2/repository/org/apache/commons/commons-configuration2/2.1.1/commons-configuration2-2.1.1.jar:/home/user/.m2/repository/org/apache/commons/commons-text/1.4/commons-text-1.4.jar:/home/user/.m2/repository/com/google/re2j/re2j/1.1/re2j-1.1.jar:/home/user/.m2/repository/com/jcraft/jsch/0.1.54/jsch-0.1.54.jar:/home/user/.m2/repository/org/apache/curator/curator-client/2.13.0/curator-client-2.13.0.jar:/home/user/.m2/repository/org/apache/curator/curator-recipes/2.13.0/curator-recipes-2.13.0.jar:/home/user/.m2/repository/dnsjava/dnsjava/2.1.7/dnsjava-2.1.7.jar:/home/user/.m2/repository/org/slf4j/jul-to-slf4j/1.7.25/jul-to-slf4j-1.7.25.jar:/home/user/.m2/repository/org/eclipse/jetty/jetty-util/9.4.26.v20200117/jetty-util-9.4.26.v20200117.jar:/home/user/.m2/repository/com/fasterxml/jackson/core/jackson-databind/2.10.3/jackson-databind-2.10.3.jar:/home/user/.m2/repository/org/apache/hadoop/hadoop-kms/3.2.1/hadoop-kms-3.2.1-tests.jar:/home/user/.m2/repository/org/apache/hadoop/hadoop-hdds-server-scm/0.6.0-SNAPSHOT/hadoop-hdds-server-scm-0.6.0-SNAPSHOT-tests.jar:/home/user/.m2/repository/org/apache/hadoop/hadoop-hdds-container-service/0.6.0-SNAPSHOT/hadoop-hdds-container-service-0.6.0-SNAPSHOT-tests.jar:/home/user/.m2/repository/org/apache/hadoop/hadoop-hdds-common/0.6.0-SNAPSHOT/hadoop-hdds-common-0.6.0-SNAPSHOT-tests.jar:/home/user/.m2/repository/org/yaml/snakeyaml/1.16/snakeyaml-1.16.jar:/home/user/.m2/repository/org/apache/hadoop/hadoop-hdds-hadoop-dependency-test/0.6.0-SNAPSHOT/hadoop-hdds-hadoop-dependency-test-0.6.0-SNAPSHOT.jar:/home/user/.m2/repository/org/apache/hadoop/hadoop-common/3.2.1/hadoop-common-3.2.1-tests.jar:/home/user/.m2/repository/javax/servlet/jsp/jsp-api/2.1/jsp-api-2.1.jar:/home/user/.m2/repository/org/apache/hadoop/hadoop-hdfs/3.2.1/hadoop-hdfs-3.2.1-tests.jar:/home/user/.m2/repository/org/eclipse/jetty/jetty-util-ajax/9.4.26.v20200117/jetty-util-ajax-9.4.26.v20200117.jar:/home/user/.m2/repository/commons-codec/commons-codec/1.11/commons-codec-1.11.jar:/home/user/.m2/repository/commons-daemon/commons-daemon/1.0.13/commons-daemon-1.0.13.jar:/home/user/.m2/repository/io/netty/netty/3.10.5.Final/netty-3.10.5.Final.jar:/home/user/.m2/repository/io/netty/netty-all/4.1.48.Final/netty-all-4.1.48.Final.jar:/home/user/.m2/repository/org/apache/htrace/htrace-core4/4.1.0-incubating/htrace-core4-4.1.0-incubating.jar:/home/user/.m2/repository/org/fusesource/leveldbjni/leveldbjni-all/1.8/leveldbjni-all-1.8.jar:/home/user/.m2/repository/org/apache/hadoop/hadoop-distcp/3.2.1/hadoop-distcp-3.2.1.jar:/home/user/.m2/repository/org/apache/hadoop/hadoop-mapreduce-client-jobclient/3.2.1/hadoop-mapreduce-client-jobclient-3.2.1.jar:/home/user/.m2/repository/org/apache/hadoop/hadoop-mapreduce-client-common/3.2.1/hadoop-mapreduce-client-common-3.2.1.jar:/home/user/.m2/repository/org/apache/hadoop/hadoop-yarn-common/3.2.1/hadoop-yarn-common-3.2.1.jar:/home/user/.m2/repository/org/apache/hadoop/hadoop-yarn-api/3.2.1/hadoop-yarn-api-3.2.1.jar:/home/user/.m2/repository/com/sun/jersey/jersey-client/1.19/jersey-client-1.19.jar:/home/user/.m2/repository/com/sun/jersey/contribs/jersey-guice/1.19/jersey-guice-1.19.jar:/home/user/.m2/repository/com/fasterxml/jackson/jaxrs/jackson-jaxrs-json-provider/2.10.3/jackson-jaxrs-json-provider-2.10.3.jar:/home/user/.m2/repository/com/fasterxml/jackson/jaxrs/jackson-jaxrs-base/2.10.3/jackson-jaxrs-base-2.10.3.jar:/home/user/.m2/repository/org/apache/hadoop/hadoop-yarn-client/3.2.1/hadoop-yarn-client-3.2.1.jar:/home/user/.m2/repository/org/apache/hadoop/hadoop-mapreduce-client-core/3.2.1/hadoop-mapreduce-client-core-3.2.1.jar:/home/user/.m2/repository/org/apache/avro/avro/1.7.7/avro-1.7.7.jar:/home/user/.m2/repository/org/codehaus/jackson/jackson-core-asl/1.9.13/jackson-core-asl-1.9.13.jar:/home/user/.m2/repository/org/codehaus/jackson/jackson-mapper-asl/1.9.13/jackson-mapper-asl-1.9.13.jar:/home/user/.m2/repository/com/thoughtworks/paranamer/paranamer/2.3/paranamer-2.3.jar:/home/user/.m2/repository/org/xerial/snappy/snappy-java/1.0.5/snappy-java-1.0.5.jar:/home/user/.m2/repository/org/apache/hadoop/hadoop-annotations/3.2.1/hadoop-annotations-3.2.1.jar:/usr/lib/jvm/java-1.8.0-openjdk-1.8.0.232.b09-0.el7_7.x86_64/jre/../lib/tools.jar:/home/user/.m2/repository/org/apache/hadoop/hadoop-distcp/3.2.1/hadoop-distcp-3.2.1-tests.jar:"/>
    <property name="sun.cpu.endian" value="little"/>
    <property name="user.home" value="/home/user"/>
    <property name="user.language" value="en"/>
    <property name="java.specification.vendor" value="Oracle Corporation"/>
    <property name="java.home" value="/usr/lib/jvm/java-1.8.0-openjdk-1.8.0.232.b09-0.el7_7.x86_64/jre"/>
    <property name="java.security.krb5.conf" value="/github/workspace/mnt/ozone/hadoop-ozone/integration-test/target/test-classes/krb5.conf"/>
    <property name="basedir" value="/github/workspace/mnt/ozone/hadoop-ozone/integration-test"/>
    <property name="file.separator" value="/"/>
    <property name="line.separator" value="&#10;"/>
    <property name="java.vm.specification.vendor" value="Oracle Corporation"/>
    <property name="java.specification.name" value="Java Platform API Specification"/>
    <property name="java.awt.graphicsenv" value="sun.awt.X11GraphicsEnvironment"/>
    <property name="skip.installnpx" value="true"/>
    <property name="surefire.real.class.path" value="/github/workspace/mnt/ozone/hadoop-ozone/integration-test/target/surefire/surefirebooter4837091204152283240.jar:/home/user/.m2/repository/org/jacoco/org.jacoco.agent/0.8.5/org.jacoco.agent-0.8.5-runtime.jar"/>
    <property name="hadoop.log.dir" value="/github/workspace/mnt/ozone/hadoop-ozone/integration-test/target/log"/>
    <property name="sun.boot.class.path" value="/usr/lib/jvm/java-1.8.0-openjdk-1.8.0.232.b09-0.el7_7.x86_64/jre/lib/resources.jar:/usr/lib/jvm/java-1.8.0-openjdk-1.8.0.232.b09-0.el7_7.x86_64/jre/lib/rt.jar:/usr/lib/jvm/java-1.8.0-openjdk-1.8.0.232.b09-0.el7_7.x86_64/jre/lib/sunrsasign.jar:/usr/lib/jvm/java-1.8.0-openjdk-1.8.0.232.b09-0.el7_7.x86_64/jre/lib/jsse.jar:/usr/lib/jvm/java-1.8.0-openjdk-1.8.0.232.b09-0.el7_7.x86_64/jre/lib/jce.jar:/usr/lib/jvm/java-1.8.0-openjdk-1.8.0.232.b09-0.el7_7.x86_64/jre/lib/charsets.jar:/usr/lib/jvm/java-1.8.0-openjdk-1.8.0.232.b09-0.el7_7.x86_64/jre/lib/jfr.jar:/usr/lib/jvm/java-1.8.0-openjdk-1.8.0.232.b09-0.el7_7.x86_64/jre/classes"/>
    <property name="sun.management.compiler" value="HotSpot 64-Bit Tiered Compilers"/>
    <property name="skip.npx" value="true"/>
    <property name="java.runtime.version" value="1.8.0_232-b09"/>
    <property name="java.net.preferIPv4Stack" value="true"/>
    <property name="user.name" value="jenkins1001"/>
    <property name="path.separator" value=":"/>
    <property name="java.security.egd" value="file:///dev/urandom"/>
    <property name="os.version" value="5.3.0-1032-azure"/>
    <property name="java.endorsed.dirs" value="/usr/lib/jvm/java-1.8.0-openjdk-1.8.0.232.b09-0.el7_7.x86_64/jre/lib/endorsed"/>
    <property name="java.runtime.name" value="OpenJDK Runtime Environment"/>
    <property name="file.encoding" value="ANSI_X3.4-1968"/>
    <property name="java.vm.name" value="OpenJDK 64-Bit Server VM"/>
    <property name="test.build.webapps" value=""/>
    <property name="localRepository" value="/home/user/.m2/repository"/>
    <property name="java.vendor.url.bug" value="http://bugreport.sun.com/bugreport/"/>
    <property name="java.io.tmpdir" value="/tmp"/>
    <property name="require.test.libhadoop" value=""/>
    <property name="java.version" value="1.8.0_232"/>
    <property name="user.dir" value="/github/workspace/mnt/ozone/hadoop-ozone/integration-test"/>
    <property name="os.arch" value="amd64"/>
    <property name="java.vm.specification.name" value="Java Virtual Machine Specification"/>
    <property name="test.build.classes" value="/github/workspace/mnt/ozone/hadoop-ozone/integration-test/target/test-classes"/>
    <property name="java.awt.printerjob" value="sun.print.PSPrinterJob"/>
    <property name="sun.os.patch.level" value="unknown"/>
    <property name="hadoop.tmp.dir" value="/github/workspace/mnt/ozone/hadoop-ozone/integration-test/target/tmp"/>
    <property name="java.library.path" value="/usr/lib:/usr/java/packages/lib/amd64:/usr/lib64:/lib64:/lib:/usr/lib"/>
    <property name="java.vm.info" value="mixed mode"/>
    <property name="java.vendor" value="Oracle Corporation"/>
    <property name="java.vm.version" value="25.232-b09"/>
    <property name="java.ext.dirs" value="/usr/lib/jvm/java-1.8.0-openjdk-1.8.0.232.b09-0.el7_7.x86_64/jre/lib/ext:/usr/java/packages/lib/ext"/>
    <property name="sun.io.unicode.encoding" value="UnicodeLittle"/>
    <property name="java.class.version" value="52.0"/>
  </properties>
  <testcase name="test2DatanodesFailure" classname="org.apache.hadoop.ozone.client.rpc.TestBlockOutputStreamWithFailures" time="67.063"/>
  <testcase name="testDatanodeFailureWithPreAllocation" classname="org.apache.hadoop.ozone.client.rpc.TestBlockOutputStreamWithFailures" time="82.14"/>
  <testcase name="testDatanodeFailureWithSingleNodeRatis" classname="org.apache.hadoop.ozone.client.rpc.TestBlockOutputStreamWithFailures" time="87.038"/>
  <testcase name="testWatchForCommitWithSingleNodeRatis" classname="org.apache.hadoop.ozone.client.rpc.TestBlockOutputStreamWithFailures" time="35.644"/>
  <testcase name="testWatchForCommitDatanodeFailure" classname="org.apache.hadoop.ozone.client.rpc.TestBlockOutputStreamWithFailures" time="45.518"/>
  <testcase name="testFailureWithPrimeSizedData" classname="org.apache.hadoop.ozone.client.rpc.TestBlockOutputStreamWithFailures" time="43.787">
    <failure type="java.lang.AssertionError">java.lang.AssertionError
	at org.junit.Assert.fail(Assert.java:86)
	at org.junit.Assert.assertTrue(Assert.java:41)
	at org.junit.Assert.assertTrue(Assert.java:52)
	at org.apache.hadoop.ozone.client.rpc.TestBlockOutputStreamWithFailures.testFailureWithPrimeSizedData(TestBlockOutputStreamWithFailures.java:454)
	at sun.reflect.NativeMethodAccessorImpl.invoke0(Native Method)
	at sun.reflect.NativeMethodAccessorImpl.invoke(NativeMethodAccessorImpl.java:62)
	at sun.reflect.DelegatingMethodAccessorImpl.invoke(DelegatingMethodAccessorImpl.java:43)
	at java.lang.reflect.Method.invoke(Method.java:498)
	at org.junit.runners.model.FrameworkMethod$1.runReflectiveCall(FrameworkMethod.java:47)
	at org.junit.internal.runners.model.ReflectiveCallable.run(ReflectiveCallable.java:12)
	at org.junit.runners.model.FrameworkMethod.invokeExplosively(FrameworkMethod.java:44)
	at org.junit.internal.runners.statements.InvokeMethod.evaluate(InvokeMethod.java:17)
	at org.junit.internal.runners.statements.RunBefores.evaluate(RunBefores.java:26)
	at org.junit.internal.runners.statements.RunAfters.evaluate(RunAfters.java:27)
	at org.junit.internal.runners.statements.FailOnTimeout$StatementThread.run(FailOnTimeout.java:74)
</failure>
    <system-out><![CDATA[2020-07-20 08:35:25,908 [Thread-2813] WARN  server.ServerUtils (ServerUtils.java:getScmDbDir(148)) - ozone.scm.db.dirs is not configured. We recommend adding this setting. Falling back to ozone.metadata.dirs instead.
2020-07-20 08:35:25,910 [Thread-2813] WARN  server.ServerUtils (ServerUtils.java:getScmDbDir(148)) - ozone.scm.db.dirs is not configured. We recommend adding this setting. Falling back to ozone.metadata.dirs instead.
2020-07-20 08:35:25,910 [Thread-2813] WARN  db.DBStoreBuilder (DBStoreBuilder.java:createDBStoreBuilder(277)) - ozone.scm.db.dirs is not configured. We recommend adding this setting. Falling back to ozone.metadata.dirs instead.
2020-07-20 08:35:25,934 [Thread-2813] INFO  net.NodeSchemaLoader (NodeSchemaLoader.java:loadSchemaFromFile(126)) - Loading file from sun.misc.CompoundEnumeration@7cd77363
2020-07-20 08:35:25,935 [Thread-2813] INFO  net.NodeSchemaLoader (NodeSchemaLoader.java:loadSchema(172)) - Loading network topology layer schema file
2020-07-20 08:35:25,940 [Thread-2813] WARN  server.ServerUtils (ServerUtils.java:sanitizeUserArgs(67)) - ozone.scm.dead.node.interval value = 10000 is smaller than min = 20000 based on the key value of ozone.scm.stale.node.interval, reset to the min value 20000.
2020-07-20 08:35:25,941 [Thread-2813] INFO  node.SCMNodeManager (SCMNodeManager.java:<init>(116)) - Entering startup safe mode.
2020-07-20 08:35:25,941 [Thread-2813] INFO  algorithms.ContainerPlacementPolicyFactory (ContainerPlacementPolicyFactory.java:getPolicy(60)) - Create container placement policy of type org.apache.hadoop.hdds.scm.container.placement.algorithms.SCMContainerPlacementRandom
2020-07-20 08:35:25,941 [Thread-2813] INFO  pipeline.SCMPipelineManager (SCMPipelineManager.java:initializePipelineState(158)) - No pipeline exists in current db
2020-07-20 08:35:25,942 [Thread-2813] INFO  safemode.HealthyPipelineSafeModeRule (HealthyPipelineSafeModeRule.java:<init>(89)) - Total pipeline count is 0, healthy pipeline threshold count is 0
2020-07-20 08:35:25,943 [Thread-2813] INFO  safemode.OneReplicaPipelineSafeModeRule (OneReplicaPipelineSafeModeRule.java:<init>(79)) - Total pipeline count is 0, pipeline's with at least one datanode reported threshold count is 0
2020-07-20 08:35:25,944 [Thread-2813] INFO  ipc.CallQueueManager (CallQueueManager.java:<init>(84)) - Using callQueue: class java.util.concurrent.LinkedBlockingQueue, queueCapacity: 2000, scheduler: class org.apache.hadoop.ipc.DefaultRpcScheduler, ipcBackoff: false.
2020-07-20 08:35:25,948 [RatisPipelineUtilsThread] ERROR pipeline.SCMPipelineManager (SCMPipelineManager.java:createPipeline(275)) - Failed to create pipeline of type RATIS and factor ONE. Exception: Cannot create pipeline of factor 1 using 0 nodes. Used 0 nodes. Healthy nodes 0
2020-07-20 08:35:25,951 [Socket Reader #1 for port 0] INFO  ipc.Server (Server.java:run(1219)) - Starting Socket Reader #1 for port 0
2020-07-20 08:35:25,952 [Listener at 0.0.0.0/44185] INFO  ipc.CallQueueManager (CallQueueManager.java:<init>(84)) - Using callQueue: class java.util.concurrent.LinkedBlockingQueue, queueCapacity: 2000, scheduler: class org.apache.hadoop.ipc.DefaultRpcScheduler, ipcBackoff: false.
2020-07-20 08:35:25,953 [Socket Reader #1 for port 0] INFO  ipc.Server (Server.java:run(1219)) - Starting Socket Reader #1 for port 0
2020-07-20 08:35:25,956 [Listener at 0.0.0.0/46137] INFO  ipc.CallQueueManager (CallQueueManager.java:<init>(84)) - Using callQueue: class java.util.concurrent.LinkedBlockingQueue, queueCapacity: 2000, scheduler: class org.apache.hadoop.ipc.DefaultRpcScheduler, ipcBackoff: false.
2020-07-20 08:35:25,957 [Socket Reader #1 for port 0] INFO  ipc.Server (Server.java:run(1219)) - Starting Socket Reader #1 for port 0
2020-07-20 08:35:25,964 [Listener at 0.0.0.0/43107] INFO  http.BaseHttpServer (BaseHttpServer.java:newHttpServer2BuilderForOzone(207)) - Starting Web-server for scm at: http://0.0.0.0:0
2020-07-20 08:35:25,964 [Listener at 0.0.0.0/43107] INFO  http.BaseHttpServer (BaseHttpServer.java:<init>(106)) - Hadoop Security Enabled: false Ozone Security Enabled: false Ozone HTTP Security Enabled: false 
2020-07-20 08:35:25,966 [Listener at 0.0.0.0/43107] INFO  server.AuthenticationFilter (AuthenticationFilter.java:constructSecretProvider(240)) - Unable to initialize FileSignerSecretProvider, falling back to use random secrets.
2020-07-20 08:35:25,966 [Listener at 0.0.0.0/43107] WARN  http.HttpRequestLog (HttpRequestLog.java:getRequestLog(103)) - Jetty request log can only be enabled using Log4j
2020-07-20 08:35:25,967 [Listener at 0.0.0.0/43107] INFO  http.HttpServer2 (HttpServer2.java:addGlobalFilter(998)) - Added global filter 'safety' (class=org.apache.hadoop.hdds.server.http.HttpServer2$QuotingInputFilter)
2020-07-20 08:35:25,967 [Listener at 0.0.0.0/43107] INFO  http.HttpServer2 (HttpServer2.java:addFilter(974)) - Added filter static_user_filter (class=org.apache.hadoop.http.lib.StaticUserWebFilter$StaticUserFilter) to context scm
2020-07-20 08:35:25,967 [Listener at 0.0.0.0/43107] INFO  http.HttpServer2 (HttpServer2.java:addFilter(982)) - Added filter static_user_filter (class=org.apache.hadoop.http.lib.StaticUserWebFilter$StaticUserFilter) to context static
2020-07-20 08:35:25,967 [Listener at 0.0.0.0/43107] INFO  http.HttpServer2 (HttpServer2.java:addFilter(982)) - Added filter static_user_filter (class=org.apache.hadoop.http.lib.StaticUserWebFilter$StaticUserFilter) to context logs
2020-07-20 08:35:25,969 [Listener at 0.0.0.0/43107] INFO  server.StorageContainerManager (StorageContainerManager.java:start(784)) - StorageContainerLocationProtocol RPC server is listening at /0.0.0.0:43107
2020-07-20 08:35:25,970 [Listener at 0.0.0.0/43107] WARN  impl.MetricsConfig (MetricsConfig.java:loadFirst(134)) - Cannot locate configuration: tried hadoop-metrics2-storagecontainermanager.properties,hadoop-metrics2.properties
2020-07-20 08:35:25,971 [Listener at 0.0.0.0/43107] INFO  impl.MetricsSystemImpl (MetricsSystemImpl.java:startTimer(374)) - Scheduled Metric snapshot period at 10 second(s).
2020-07-20 08:35:25,971 [Listener at 0.0.0.0/43107] INFO  impl.MetricsSystemImpl (MetricsSystemImpl.java:start(191)) - StorageContainerManager metrics system started
2020-07-20 08:35:25,996 [Listener at 0.0.0.0/43107] WARN  impl.MetricsSystemImpl (MetricsSystemImpl.java:register(276)) - Sink prometheus already exists!
2020-07-20 08:35:26,020 [Listener at 0.0.0.0/43107] INFO  server.SCMClientProtocolServer (SCMClientProtocolServer.java:start(156)) - RPC server for Client  is listening at /0.0.0.0:43107
2020-07-20 08:35:26,022 [IPC Server Responder] INFO  ipc.Server (Server.java:run(1460)) - IPC Server Responder: starting
2020-07-20 08:35:26,023 [IPC Server listener on 0] INFO  ipc.Server (Server.java:run(1298)) - IPC Server listener on 0: starting
2020-07-20 08:35:26,028 [Listener at 0.0.0.0/43107] INFO  server.StorageContainerManager (StorageContainerManager.java:start(796)) - ScmBlockLocationProtocol RPC server is listening at /0.0.0.0:46137
2020-07-20 08:35:26,028 [Listener at 0.0.0.0/43107] INFO  server.SCMBlockProtocolServer (SCMBlockProtocolServer.java:start(149)) - RPC server for Block Protocol is listening at /0.0.0.0:46137
2020-07-20 08:35:26,032 [IPC Server Responder] INFO  ipc.Server (Server.java:run(1460)) - IPC Server Responder: starting
2020-07-20 08:35:26,032 [IPC Server listener on 0] INFO  ipc.Server (Server.java:run(1298)) - IPC Server listener on 0: starting
2020-07-20 08:35:26,040 [Listener at 0.0.0.0/43107] INFO  server.StorageContainerManager (StorageContainerManager.java:start(802)) - ScmDatanodeProtocl RPC server is listening at /0.0.0.0:44185
2020-07-20 08:35:26,040 [Listener at 0.0.0.0/43107] INFO  server.SCMDatanodeProtocolServer (SCMDatanodeProtocolServer.java:start(172)) - RPC server for DataNodes is listening at /0.0.0.0:44185
2020-07-20 08:35:26,044 [IPC Server Responder] INFO  ipc.Server (Server.java:run(1460)) - IPC Server Responder: starting
2020-07-20 08:35:26,044 [IPC Server listener on 0] INFO  ipc.Server (Server.java:run(1298)) - IPC Server listener on 0: starting
2020-07-20 08:35:26,052 [Listener at 0.0.0.0/43107] INFO  http.HttpServer2 (HttpServer2.java:bindListener(1216)) - Jetty bound to port 39311
2020-07-20 08:35:26,052 [Listener at 0.0.0.0/43107] INFO  server.Server (Server.java:doStart(359)) - jetty-9.4.26.v20200117; built: 2020-01-17T12:35:33.676Z; git: 7b38981d25d14afb4a12ff1f2596756144edf695; jvm 1.8.0_232-b09
2020-07-20 08:35:26,060 [Listener at 0.0.0.0/43107] INFO  server.session (DefaultSessionIdManager.java:doStart(333)) - DefaultSessionIdManager workerName=node0
2020-07-20 08:35:26,061 [Listener at 0.0.0.0/43107] INFO  server.session (DefaultSessionIdManager.java:doStart(338)) - No SessionScavenger set, using defaults
2020-07-20 08:35:26,061 [Listener at 0.0.0.0/43107] INFO  server.session (HouseKeeper.java:startScavenging(140)) - node0 Scavenging every 600000ms
2020-07-20 08:35:26,061 [Listener at 0.0.0.0/43107] INFO  handler.ContextHandler (ContextHandler.java:doStart(825)) - Started o.e.j.s.ServletContextHandler@3adaf666{logs,/logs,file:///github/workspace/mnt/ozone/hadoop-ozone/integration-test/target/log,AVAILABLE}
2020-07-20 08:35:26,062 [Listener at 0.0.0.0/43107] INFO  handler.ContextHandler (ContextHandler.java:doStart(825)) - Started o.e.j.s.ServletContextHandler@7b88e55a{static,/static,file:///github/workspace/mnt/ozone/hadoop-ozone/integration-test/target/test-classes/webapps/static,AVAILABLE}
2020-07-20 08:35:26,065 [Listener at 0.0.0.0/43107] INFO  handler.ContextHandler (ContextHandler.java:doStart(825)) - Started o.e.j.w.WebAppContext@c87886a{scm,/,file:///github/workspace/mnt/ozone/hadoop-ozone/integration-test/target/test-classes/webapps/scm/,AVAILABLE}{file:/github/workspace/mnt/ozone/hadoop-ozone/integration-test/target/test-classes/webapps/scm}
2020-07-20 08:35:26,075 [Listener at 0.0.0.0/43107] INFO  server.AbstractConnector (AbstractConnector.java:doStart(330)) - Started ServerConnector@7c814b6f{HTTP/1.1,[http/1.1]}{0.0.0.0:39311}
2020-07-20 08:35:26,075 [Listener at 0.0.0.0/43107] INFO  server.Server (Server.java:doStart(399)) - Started @318568ms
2020-07-20 08:35:26,075 [Listener at 0.0.0.0/43107] WARN  impl.MetricsSystemImpl (MetricsSystemImpl.java:register(276)) - Sink prometheus already exists!
2020-07-20 08:35:26,079 [Listener at 0.0.0.0/43107] INFO  http.BaseHttpServer (BaseHttpServer.java:updateConnectorAddress(327)) - HTTP server of scm listening at http://0.0.0.0:39311
2020-07-20 08:35:26,080 [org.apache.hadoop.util.JvmPauseMonitor$Monitor@53d3363f] INFO  util.JvmPauseMonitor (JvmPauseMonitor.java:run(188)) - Starting JVM pause monitor
2020-07-20 08:35:26,080 [Listener at 0.0.0.0/43107] WARN  server.ServerUtils (ServerUtils.java:getDBPath(225)) - ozone.om.db.dirs is not configured. We recommend adding this setting. Falling back to ozone.metadata.dirs instead.
2020-07-20 08:35:26,082 [Listener at 0.0.0.0/43107] INFO  ha.OMHANodeDetails (OMHANodeDetails.java:loadOMHAConfig(104)) - ozone.om.internal.service.id is not defined, falling back to ozone.om.service.ids to find serviceID for OzoneManager if it is HA enabled cluster
2020-07-20 08:35:26,082 [Listener at 0.0.0.0/43107] INFO  ha.OMHANodeDetails (OMHANodeDetails.java:loadOMHAConfig(213)) - Configuration either no ozone.om.address set. Falling back to the default OM address /127.0.0.1:0
2020-07-20 08:35:26,082 [Listener at 0.0.0.0/43107] INFO  ha.OMHANodeDetails (OMHANodeDetails.java:getOMNodeDetails(241)) - OM Service ID is not set. Setting it to the default ID: omServiceIdDefault
2020-07-20 08:35:26,082 [Listener at 0.0.0.0/43107] WARN  server.ServerUtils (ServerUtils.java:getDBPath(225)) - ozone.om.db.dirs is not configured. We recommend adding this setting. Falling back to ozone.metadata.dirs instead.
2020-07-20 08:35:26,082 [Listener at 0.0.0.0/43107] WARN  server.ServerUtils (ServerUtils.java:getDBPath(225)) - ozone.om.db.dirs is not configured. We recommend adding this setting. Falling back to ozone.metadata.dirs instead.
2020-07-20 08:35:26,091 [Listener at 0.0.0.0/43107] WARN  server.ServerUtils (ServerUtils.java:getDBPath(225)) - ozone.om.db.dirs is not configured. We recommend adding this setting. Falling back to ozone.metadata.dirs instead.
2020-07-20 08:35:26,155 [Listener at 0.0.0.0/43107] INFO  ipc.CallQueueManager (CallQueueManager.java:<init>(84)) - Using callQueue: class java.util.concurrent.LinkedBlockingQueue, queueCapacity: 2000, scheduler: class org.apache.hadoop.ipc.DefaultRpcScheduler, ipcBackoff: false.
2020-07-20 08:35:26,157 [Socket Reader #1 for port 0] INFO  ipc.Server (Server.java:run(1219)) - Starting Socket Reader #1 for port 0
2020-07-20 08:35:26,175 [Listener at 127.0.0.1/33185] INFO  impl.MetricsSystemImpl (MetricsSystemImpl.java:init(158)) - OzoneManager metrics system started (again)
2020-07-20 08:35:26,176 [Listener at 127.0.0.1/33185] INFO  om.OzoneManager (OzoneManager.java:start(1101)) - OzoneManager RPC server is listening at localhost/127.0.0.1:33185
2020-07-20 08:35:26,177 [IPC Server Responder] INFO  ipc.Server (Server.java:run(1460)) - IPC Server Responder: starting
2020-07-20 08:35:26,181 [IPC Server listener on 0] INFO  ipc.Server (Server.java:run(1298)) - IPC Server listener on 0: starting
2020-07-20 08:35:26,197 [Listener at 127.0.0.1/33185] INFO  http.BaseHttpServer (BaseHttpServer.java:newHttpServer2BuilderForOzone(207)) - Starting Web-server for ozoneManager at: http://0.0.0.0:0
2020-07-20 08:35:26,197 [Listener at 127.0.0.1/33185] INFO  http.BaseHttpServer (BaseHttpServer.java:<init>(106)) - Hadoop Security Enabled: false Ozone Security Enabled: false Ozone HTTP Security Enabled: false 
2020-07-20 08:35:26,198 [Listener at 127.0.0.1/33185] INFO  server.AuthenticationFilter (AuthenticationFilter.java:constructSecretProvider(240)) - Unable to initialize FileSignerSecretProvider, falling back to use random secrets.
2020-07-20 08:35:26,199 [Listener at 127.0.0.1/33185] WARN  http.HttpRequestLog (HttpRequestLog.java:getRequestLog(103)) - Jetty request log can only be enabled using Log4j
2020-07-20 08:35:26,200 [Listener at 127.0.0.1/33185] INFO  http.HttpServer2 (HttpServer2.java:addGlobalFilter(998)) - Added global filter 'safety' (class=org.apache.hadoop.hdds.server.http.HttpServer2$QuotingInputFilter)
2020-07-20 08:35:26,200 [Listener at 127.0.0.1/33185] INFO  http.HttpServer2 (HttpServer2.java:addFilter(974)) - Added filter static_user_filter (class=org.apache.hadoop.http.lib.StaticUserWebFilter$StaticUserFilter) to context ozoneManager
2020-07-20 08:35:26,200 [Listener at 127.0.0.1/33185] INFO  http.HttpServer2 (HttpServer2.java:addFilter(982)) - Added filter static_user_filter (class=org.apache.hadoop.http.lib.StaticUserWebFilter$StaticUserFilter) to context static
2020-07-20 08:35:26,200 [Listener at 127.0.0.1/33185] INFO  http.HttpServer2 (HttpServer2.java:addFilter(982)) - Added filter static_user_filter (class=org.apache.hadoop.http.lib.StaticUserWebFilter$StaticUserFilter) to context logs
2020-07-20 08:35:26,201 [Listener at 127.0.0.1/33185] INFO  http.HttpServer2 (HttpServer2.java:bindListener(1216)) - Jetty bound to port 42761
2020-07-20 08:35:26,201 [Listener at 127.0.0.1/33185] INFO  server.Server (Server.java:doStart(359)) - jetty-9.4.26.v20200117; built: 2020-01-17T12:35:33.676Z; git: 7b38981d25d14afb4a12ff1f2596756144edf695; jvm 1.8.0_232-b09
2020-07-20 08:35:26,202 [Listener at 127.0.0.1/33185] INFO  server.session (DefaultSessionIdManager.java:doStart(333)) - DefaultSessionIdManager workerName=node0
2020-07-20 08:35:26,202 [Listener at 127.0.0.1/33185] INFO  server.session (DefaultSessionIdManager.java:doStart(338)) - No SessionScavenger set, using defaults
2020-07-20 08:35:26,202 [Listener at 127.0.0.1/33185] INFO  server.session (HouseKeeper.java:startScavenging(140)) - node0 Scavenging every 660000ms
2020-07-20 08:35:26,203 [Listener at 127.0.0.1/33185] INFO  handler.ContextHandler (ContextHandler.java:doStart(825)) - Started o.e.j.s.ServletContextHandler@5dd1c6f3{logs,/logs,file:///github/workspace/mnt/ozone/hadoop-ozone/integration-test/target/log,AVAILABLE}
2020-07-20 08:35:26,203 [Listener at 127.0.0.1/33185] INFO  handler.ContextHandler (ContextHandler.java:doStart(825)) - Started o.e.j.s.ServletContextHandler@edb271b{static,/static,file:///github/workspace/mnt/ozone/hadoop-ozone/integration-test/target/test-classes/webapps/static,AVAILABLE}
2020-07-20 08:35:26,206 [Listener at 127.0.0.1/33185] INFO  handler.ContextHandler (ContextHandler.java:doStart(825)) - Started o.e.j.w.WebAppContext@7e02016c{ozoneManager,/,file:///github/workspace/mnt/ozone/hadoop-ozone/integration-test/target/test-classes/webapps/ozoneManager/,AVAILABLE}{file:/github/workspace/mnt/ozone/hadoop-ozone/integration-test/target/test-classes/webapps/ozoneManager}
2020-07-20 08:35:26,207 [Listener at 127.0.0.1/33185] INFO  server.AbstractConnector (AbstractConnector.java:doStart(330)) - Started ServerConnector@1118676d{HTTP/1.1,[http/1.1]}{0.0.0.0:42761}
2020-07-20 08:35:26,207 [Listener at 127.0.0.1/33185] INFO  server.Server (Server.java:doStart(399)) - Started @318700ms
2020-07-20 08:35:26,207 [Listener at 127.0.0.1/33185] WARN  impl.MetricsSystemImpl (MetricsSystemImpl.java:register(276)) - Sink prometheus already exists!
2020-07-20 08:35:26,210 [Listener at 127.0.0.1/33185] INFO  http.BaseHttpServer (BaseHttpServer.java:updateConnectorAddress(327)) - HTTP server of ozoneManager listening at http://0.0.0.0:42761
2020-07-20 08:35:26,216 [org.apache.hadoop.util.JvmPauseMonitor$Monitor@333e5c9] INFO  util.JvmPauseMonitor (JvmPauseMonitor.java:run(188)) - Starting JVM pause monitor
2020-07-20 08:35:26,223 [Listener at 127.0.0.1/33185] INFO  impl.MetricsSystemImpl (MetricsSystemImpl.java:init(158)) - HddsDatanode metrics system started (again)
2020-07-20 08:35:26,224 [Listener at 127.0.0.1/33185] INFO  ozone.HddsDatanodeService (HddsDatanodeService.java:start(214)) - HddsDatanodeService host:795ad43b6c28 ip:172.17.0.2
2020-07-20 08:35:26,228 [Listener at 127.0.0.1/33185] INFO  volume.HddsVolume (HddsVolume.java:<init>(176)) - Creating Volume: /github/workspace/mnt/ozone/hadoop-ozone/integration-test/target/test-dir/MiniOzoneClusterImpl-77fe6979-9426-4b74-982f-524262e25198/datanode-0/data-0/containers/hdds of storage type : DISK and capacity : 9223372036854775807
2020-07-20 08:35:26,228 [Listener at 127.0.0.1/33185] INFO  volume.MutableVolumeSet (MutableVolumeSet.java:initializeVolumeSet(179)) - Added Volume : /github/workspace/mnt/ozone/hadoop-ozone/integration-test/target/test-dir/MiniOzoneClusterImpl-77fe6979-9426-4b74-982f-524262e25198/datanode-0/data-0/containers/hdds to VolumeSet
2020-07-20 08:35:26,228 [Listener at 127.0.0.1/33185] INFO  volume.ThrottledAsyncChecker (ThrottledAsyncChecker.java:schedule(141)) - Scheduling a check for /github/workspace/mnt/ozone/hadoop-ozone/integration-test/target/test-dir/MiniOzoneClusterImpl-77fe6979-9426-4b74-982f-524262e25198/datanode-0/data-0/containers/hdds
2020-07-20 08:35:26,229 [Listener at 127.0.0.1/33185] INFO  volume.HddsVolumeChecker (HddsVolumeChecker.java:checkAllVolumes(200)) - Scheduled health check for volume /github/workspace/mnt/ozone/hadoop-ozone/integration-test/target/test-dir/MiniOzoneClusterImpl-77fe6979-9426-4b74-982f-524262e25198/datanode-0/data-0/containers/hdds
2020-07-20 08:35:26,245 [Listener at 127.0.0.1/33185] INFO  impl.RaftServerProxy (ConfUtils.java:logGet(44)) - raft.rpc.type = GRPC (default)
2020-07-20 08:35:26,245 [Listener at 127.0.0.1/33185] INFO  grpc.GrpcFactory (GrpcFactory.java:checkPooledByteBufAllocatorUseCacheForAllThreads(45)) - PERFORMANCE WARNING: useCacheForAllThreads is true that may cause Netty to create a lot garbage objects and, as a result, trigger GC.
	It is recommended to disable useCacheForAllThreads by setting -Dorg.apache.ratis.thirdparty.io.netty.allocator.useCacheForAllThreads=false in command line.
2020-07-20 08:35:26,245 [Listener at 127.0.0.1/33185] INFO  grpc.GrpcConfigKeys (ConfUtils.java:logGet(44)) - raft.grpc.server.port = 0 (default)
2020-07-20 08:35:26,245 [Listener at 127.0.0.1/33185] INFO  server.GrpcService (ConfUtils.java:logGet(44)) - raft.grpc.message.size.max = 32MB (=33554432) (custom)
2020-07-20 08:35:26,245 [Listener at 127.0.0.1/33185] INFO  server.RaftServerConfigKeys (ConfUtils.java:logGet(44)) - raft.server.log.appender.buffer.byte-limit = 33554432 (custom)
2020-07-20 08:35:26,245 [Listener at 127.0.0.1/33185] INFO  server.GrpcService (ConfUtils.java:logGet(44)) - raft.grpc.flow.control.window = 5MB (=5242880) (custom)
2020-07-20 08:35:26,245 [Listener at 127.0.0.1/33185] INFO  server.RaftServerConfigKeys (ConfUtils.java:logGet(44)) - raft.server.rpc.request.timeout = 3000ms (default)
2020-07-20 08:35:26,246 [Listener at 127.0.0.1/33185] INFO  server.RaftServerConfigKeys (ConfUtils.java:logGet(44)) - raft.server.storage.dir = [/github/workspace/mnt/ozone/hadoop-ozone/integration-test/target/test-dir/MiniOzoneClusterImpl-77fe6979-9426-4b74-982f-524262e25198/datanode-0/data/ratis] (custom)
2020-07-20 08:35:26,250 [Listener at 127.0.0.1/33185] INFO  http.BaseHttpServer (BaseHttpServer.java:newHttpServer2BuilderForOzone(207)) - Starting Web-server for hddsDatanode at: http://0.0.0.0:0
2020-07-20 08:35:26,250 [Listener at 127.0.0.1/33185] INFO  http.BaseHttpServer (BaseHttpServer.java:<init>(106)) - Hadoop Security Enabled: false Ozone Security Enabled: false Ozone HTTP Security Enabled: false 
2020-07-20 08:35:26,251 [Listener at 127.0.0.1/33185] INFO  server.AuthenticationFilter (AuthenticationFilter.java:constructSecretProvider(240)) - Unable to initialize FileSignerSecretProvider, falling back to use random secrets.
2020-07-20 08:35:26,251 [Listener at 127.0.0.1/33185] WARN  http.HttpRequestLog (HttpRequestLog.java:getRequestLog(103)) - Jetty request log can only be enabled using Log4j
2020-07-20 08:35:26,252 [Listener at 127.0.0.1/33185] INFO  http.HttpServer2 (HttpServer2.java:addGlobalFilter(998)) - Added global filter 'safety' (class=org.apache.hadoop.hdds.server.http.HttpServer2$QuotingInputFilter)
2020-07-20 08:35:26,253 [Listener at 127.0.0.1/33185] INFO  http.HttpServer2 (HttpServer2.java:addFilter(974)) - Added filter static_user_filter (class=org.apache.hadoop.http.lib.StaticUserWebFilter$StaticUserFilter) to context hddsDatanode
2020-07-20 08:35:26,253 [Listener at 127.0.0.1/33185] INFO  http.HttpServer2 (HttpServer2.java:addFilter(982)) - Added filter static_user_filter (class=org.apache.hadoop.http.lib.StaticUserWebFilter$StaticUserFilter) to context logs
2020-07-20 08:35:26,253 [Listener at 127.0.0.1/33185] INFO  http.HttpServer2 (HttpServer2.java:addFilter(982)) - Added filter static_user_filter (class=org.apache.hadoop.http.lib.StaticUserWebFilter$StaticUserFilter) to context static
2020-07-20 08:35:26,253 [Listener at 127.0.0.1/33185] INFO  http.HttpServer2 (HttpServer2.java:bindListener(1216)) - Jetty bound to port 36589
2020-07-20 08:35:26,253 [Listener at 127.0.0.1/33185] INFO  server.Server (Server.java:doStart(359)) - jetty-9.4.26.v20200117; built: 2020-01-17T12:35:33.676Z; git: 7b38981d25d14afb4a12ff1f2596756144edf695; jvm 1.8.0_232-b09
2020-07-20 08:35:26,257 [Listener at 127.0.0.1/33185] INFO  server.session (DefaultSessionIdManager.java:doStart(333)) - DefaultSessionIdManager workerName=node0
2020-07-20 08:35:26,257 [Listener at 127.0.0.1/33185] INFO  server.session (DefaultSessionIdManager.java:doStart(338)) - No SessionScavenger set, using defaults
2020-07-20 08:35:26,257 [Listener at 127.0.0.1/33185] INFO  server.session (HouseKeeper.java:startScavenging(140)) - node0 Scavenging every 600000ms
2020-07-20 08:35:26,258 [Listener at 127.0.0.1/33185] INFO  handler.ContextHandler (ContextHandler.java:doStart(825)) - Started o.e.j.s.ServletContextHandler@30669a51{logs,/logs,file:///github/workspace/mnt/ozone/hadoop-ozone/integration-test/target/log,AVAILABLE}
2020-07-20 08:35:26,258 [Listener at 127.0.0.1/33185] INFO  handler.ContextHandler (ContextHandler.java:doStart(825)) - Started o.e.j.s.ServletContextHandler@5a53f1ab{static,/static,jar:file:/home/user/.m2/repository/org/apache/hadoop/hadoop-hdds-container-service/0.6.0-SNAPSHOT/hadoop-hdds-container-service-0.6.0-SNAPSHOT.jar!/webapps/static,AVAILABLE}
2020-07-20 08:35:26,333 [Listener at 127.0.0.1/33185] INFO  handler.ContextHandler (ContextHandler.java:doStart(825)) - Started o.e.j.w.WebAppContext@4ea73979{hddsDatanode,/,file:///tmp/jetty-0_0_0_0-36589-hadoop-hdds-container-service-0_6_0-SNAPSHOT_jar-_-any-5600458317952347274.dir/webapp/,AVAILABLE}{jar:file:/home/user/.m2/repository/org/apache/hadoop/hadoop-hdds-container-service/0.6.0-SNAPSHOT/hadoop-hdds-container-service-0.6.0-SNAPSHOT.jar!/webapps/hddsDatanode}
2020-07-20 08:35:26,334 [Listener at 127.0.0.1/33185] INFO  server.AbstractConnector (AbstractConnector.java:doStart(330)) - Started ServerConnector@1ec47d90{HTTP/1.1,[http/1.1]}{0.0.0.0:36589}
2020-07-20 08:35:26,335 [Listener at 127.0.0.1/33185] INFO  server.Server (Server.java:doStart(399)) - Started @318828ms
2020-07-20 08:35:26,335 [Listener at 127.0.0.1/33185] WARN  impl.MetricsSystemImpl (MetricsSystemImpl.java:register(276)) - Sink prometheus already exists!
2020-07-20 08:35:26,338 [Listener at 127.0.0.1/33185] INFO  http.BaseHttpServer (BaseHttpServer.java:updateConnectorAddress(327)) - HTTP server of hddsDatanode listening at http://0.0.0.0:36589
2020-07-20 08:35:26,340 [Listener at 127.0.0.1/33185] INFO  impl.MetricsSystemImpl (MetricsSystemImpl.java:init(158)) - HddsDatanode metrics system started (again)
2020-07-20 08:35:26,342 [Listener at 127.0.0.1/33185] INFO  ozone.HddsDatanodeService (HddsDatanodeService.java:start(214)) - HddsDatanodeService host:795ad43b6c28 ip:172.17.0.2
2020-07-20 08:35:26,348 [org.apache.hadoop.util.JvmPauseMonitor$Monitor@35fb8dac] INFO  util.JvmPauseMonitor (JvmPauseMonitor.java:run(188)) - Starting JVM pause monitor
2020-07-20 08:35:26,349 [Datanode State Machine Thread - 0] INFO  datanode.InitDatanodeState (InitDatanodeState.java:persistContainerDatanodeDetails(145)) - DatanodeDetails is persisted to /github/workspace/mnt/ozone/hadoop-ozone/integration-test/target/test-dir/MiniOzoneClusterImpl-77fe6979-9426-4b74-982f-524262e25198/datanode-0/meta/datanode.id
2020-07-20 08:35:26,349 [Listener at 127.0.0.1/33185] INFO  volume.HddsVolume (HddsVolume.java:<init>(176)) - Creating Volume: /github/workspace/mnt/ozone/hadoop-ozone/integration-test/target/test-dir/MiniOzoneClusterImpl-77fe6979-9426-4b74-982f-524262e25198/datanode-1/data-0/containers/hdds of storage type : DISK and capacity : 9223372036854775807
2020-07-20 08:35:26,349 [Listener at 127.0.0.1/33185] INFO  volume.MutableVolumeSet (MutableVolumeSet.java:initializeVolumeSet(179)) - Added Volume : /github/workspace/mnt/ozone/hadoop-ozone/integration-test/target/test-dir/MiniOzoneClusterImpl-77fe6979-9426-4b74-982f-524262e25198/datanode-1/data-0/containers/hdds to VolumeSet
2020-07-20 08:35:26,349 [Listener at 127.0.0.1/33185] INFO  volume.ThrottledAsyncChecker (ThrottledAsyncChecker.java:schedule(141)) - Scheduling a check for /github/workspace/mnt/ozone/hadoop-ozone/integration-test/target/test-dir/MiniOzoneClusterImpl-77fe6979-9426-4b74-982f-524262e25198/datanode-1/data-0/containers/hdds
2020-07-20 08:35:26,350 [Listener at 127.0.0.1/33185] INFO  volume.HddsVolumeChecker (HddsVolumeChecker.java:checkAllVolumes(200)) - Scheduled health check for volume /github/workspace/mnt/ozone/hadoop-ozone/integration-test/target/test-dir/MiniOzoneClusterImpl-77fe6979-9426-4b74-982f-524262e25198/datanode-1/data-0/containers/hdds
2020-07-20 08:35:26,363 [Listener at 127.0.0.1/33185] INFO  impl.RaftServerProxy (ConfUtils.java:logGet(44)) - raft.rpc.type = GRPC (default)
2020-07-20 08:35:26,363 [Listener at 127.0.0.1/33185] INFO  grpc.GrpcFactory (GrpcFactory.java:checkPooledByteBufAllocatorUseCacheForAllThreads(45)) - PERFORMANCE WARNING: useCacheForAllThreads is true that may cause Netty to create a lot garbage objects and, as a result, trigger GC.
	It is recommended to disable useCacheForAllThreads by setting -Dorg.apache.ratis.thirdparty.io.netty.allocator.useCacheForAllThreads=false in command line.
2020-07-20 08:35:26,363 [Listener at 127.0.0.1/33185] INFO  grpc.GrpcConfigKeys (ConfUtils.java:logGet(44)) - raft.grpc.server.port = 0 (default)
2020-07-20 08:35:26,363 [Listener at 127.0.0.1/33185] INFO  server.GrpcService (ConfUtils.java:logGet(44)) - raft.grpc.message.size.max = 32MB (=33554432) (custom)
2020-07-20 08:35:26,363 [Listener at 127.0.0.1/33185] INFO  server.RaftServerConfigKeys (ConfUtils.java:logGet(44)) - raft.server.log.appender.buffer.byte-limit = 33554432 (custom)
2020-07-20 08:35:26,364 [Listener at 127.0.0.1/33185] INFO  server.GrpcService (ConfUtils.java:logGet(44)) - raft.grpc.flow.control.window = 5MB (=5242880) (custom)
2020-07-20 08:35:26,364 [Listener at 127.0.0.1/33185] INFO  server.RaftServerConfigKeys (ConfUtils.java:logGet(44)) - raft.server.rpc.request.timeout = 3000ms (default)
2020-07-20 08:35:26,365 [Listener at 127.0.0.1/33185] INFO  server.RaftServerConfigKeys (ConfUtils.java:logGet(44)) - raft.server.storage.dir = [/github/workspace/mnt/ozone/hadoop-ozone/integration-test/target/test-dir/MiniOzoneClusterImpl-77fe6979-9426-4b74-982f-524262e25198/datanode-1/data/ratis] (custom)
2020-07-20 08:35:26,369 [Listener at 127.0.0.1/33185] INFO  http.BaseHttpServer (BaseHttpServer.java:newHttpServer2BuilderForOzone(207)) - Starting Web-server for hddsDatanode at: http://0.0.0.0:0
2020-07-20 08:35:26,369 [Listener at 127.0.0.1/33185] INFO  http.BaseHttpServer (BaseHttpServer.java:<init>(106)) - Hadoop Security Enabled: false Ozone Security Enabled: false Ozone HTTP Security Enabled: false 
2020-07-20 08:35:26,370 [Listener at 127.0.0.1/33185] INFO  server.AuthenticationFilter (AuthenticationFilter.java:constructSecretProvider(240)) - Unable to initialize FileSignerSecretProvider, falling back to use random secrets.
2020-07-20 08:35:26,370 [Listener at 127.0.0.1/33185] WARN  http.HttpRequestLog (HttpRequestLog.java:getRequestLog(103)) - Jetty request log can only be enabled using Log4j
2020-07-20 08:35:26,371 [Listener at 127.0.0.1/33185] INFO  http.HttpServer2 (HttpServer2.java:addGlobalFilter(998)) - Added global filter 'safety' (class=org.apache.hadoop.hdds.server.http.HttpServer2$QuotingInputFilter)
2020-07-20 08:35:26,372 [Listener at 127.0.0.1/33185] INFO  http.HttpServer2 (HttpServer2.java:addFilter(974)) - Added filter static_user_filter (class=org.apache.hadoop.http.lib.StaticUserWebFilter$StaticUserFilter) to context hddsDatanode
2020-07-20 08:35:26,372 [Listener at 127.0.0.1/33185] INFO  http.HttpServer2 (HttpServer2.java:addFilter(982)) - Added filter static_user_filter (class=org.apache.hadoop.http.lib.StaticUserWebFilter$StaticUserFilter) to context static
2020-07-20 08:35:26,372 [Listener at 127.0.0.1/33185] INFO  http.HttpServer2 (HttpServer2.java:addFilter(982)) - Added filter static_user_filter (class=org.apache.hadoop.http.lib.StaticUserWebFilter$StaticUserFilter) to context logs
2020-07-20 08:35:26,372 [Listener at 127.0.0.1/33185] INFO  http.HttpServer2 (HttpServer2.java:bindListener(1216)) - Jetty bound to port 37419
2020-07-20 08:35:26,372 [Listener at 127.0.0.1/33185] INFO  server.Server (Server.java:doStart(359)) - jetty-9.4.26.v20200117; built: 2020-01-17T12:35:33.676Z; git: 7b38981d25d14afb4a12ff1f2596756144edf695; jvm 1.8.0_232-b09
2020-07-20 08:35:26,373 [Listener at 127.0.0.1/33185] INFO  server.session (DefaultSessionIdManager.java:doStart(333)) - DefaultSessionIdManager workerName=node0
2020-07-20 08:35:26,373 [Listener at 127.0.0.1/33185] INFO  server.session (DefaultSessionIdManager.java:doStart(338)) - No SessionScavenger set, using defaults
2020-07-20 08:35:26,374 [Listener at 127.0.0.1/33185] INFO  server.session (HouseKeeper.java:startScavenging(140)) - node0 Scavenging every 660000ms
2020-07-20 08:35:26,377 [Listener at 127.0.0.1/33185] INFO  handler.ContextHandler (ContextHandler.java:doStart(825)) - Started o.e.j.s.ServletContextHandler@5a68200d{logs,/logs,file:///github/workspace/mnt/ozone/hadoop-ozone/integration-test/target/log,AVAILABLE}
2020-07-20 08:35:26,378 [Listener at 127.0.0.1/33185] INFO  handler.ContextHandler (ContextHandler.java:doStart(825)) - Started o.e.j.s.ServletContextHandler@4a343156{static,/static,jar:file:/home/user/.m2/repository/org/apache/hadoop/hadoop-hdds-container-service/0.6.0-SNAPSHOT/hadoop-hdds-container-service-0.6.0-SNAPSHOT.jar!/webapps/static,AVAILABLE}
2020-07-20 08:35:26,450 [Listener at 127.0.0.1/33185] INFO  handler.ContextHandler (ContextHandler.java:doStart(825)) - Started o.e.j.w.WebAppContext@4e678353{hddsDatanode,/,file:///tmp/jetty-0_0_0_0-37419-hadoop-hdds-container-service-0_6_0-SNAPSHOT_jar-_-any-6301547140388079428.dir/webapp/,AVAILABLE}{jar:file:/home/user/.m2/repository/org/apache/hadoop/hadoop-hdds-container-service/0.6.0-SNAPSHOT/hadoop-hdds-container-service-0.6.0-SNAPSHOT.jar!/webapps/hddsDatanode}
2020-07-20 08:35:26,451 [Listener at 127.0.0.1/33185] INFO  server.AbstractConnector (AbstractConnector.java:doStart(330)) - Started ServerConnector@13234a32{HTTP/1.1,[http/1.1]}{0.0.0.0:37419}
2020-07-20 08:35:26,451 [Listener at 127.0.0.1/33185] INFO  server.Server (Server.java:doStart(399)) - Started @318944ms
2020-07-20 08:35:26,451 [Listener at 127.0.0.1/33185] WARN  impl.MetricsSystemImpl (MetricsSystemImpl.java:register(276)) - Sink prometheus already exists!
2020-07-20 08:35:26,454 [Listener at 127.0.0.1/33185] INFO  http.BaseHttpServer (BaseHttpServer.java:updateConnectorAddress(327)) - HTTP server of hddsDatanode listening at http://0.0.0.0:37419
2020-07-20 08:35:26,455 [Listener at 127.0.0.1/33185] INFO  impl.MetricsSystemImpl (MetricsSystemImpl.java:init(158)) - HddsDatanode metrics system started (again)
2020-07-20 08:35:26,461 [Listener at 127.0.0.1/33185] INFO  ozone.HddsDatanodeService (HddsDatanodeService.java:start(214)) - HddsDatanodeService host:795ad43b6c28 ip:172.17.0.2
2020-07-20 08:35:26,461 [org.apache.hadoop.util.JvmPauseMonitor$Monitor@69841d57] INFO  util.JvmPauseMonitor (JvmPauseMonitor.java:run(188)) - Starting JVM pause monitor
2020-07-20 08:35:26,462 [Listener at 127.0.0.1/33185] INFO  volume.HddsVolume (HddsVolume.java:<init>(176)) - Creating Volume: /github/workspace/mnt/ozone/hadoop-ozone/integration-test/target/test-dir/MiniOzoneClusterImpl-77fe6979-9426-4b74-982f-524262e25198/datanode-2/data-0/containers/hdds of storage type : DISK and capacity : 9223372036854775807
2020-07-20 08:35:26,462 [Listener at 127.0.0.1/33185] INFO  volume.MutableVolumeSet (MutableVolumeSet.java:initializeVolumeSet(179)) - Added Volume : /github/workspace/mnt/ozone/hadoop-ozone/integration-test/target/test-dir/MiniOzoneClusterImpl-77fe6979-9426-4b74-982f-524262e25198/datanode-2/data-0/containers/hdds to VolumeSet
2020-07-20 08:35:26,462 [Listener at 127.0.0.1/33185] INFO  volume.ThrottledAsyncChecker (ThrottledAsyncChecker.java:schedule(141)) - Scheduling a check for /github/workspace/mnt/ozone/hadoop-ozone/integration-test/target/test-dir/MiniOzoneClusterImpl-77fe6979-9426-4b74-982f-524262e25198/datanode-2/data-0/containers/hdds
2020-07-20 08:35:26,463 [Datanode State Machine Thread - 0] INFO  datanode.InitDatanodeState (InitDatanodeState.java:persistContainerDatanodeDetails(145)) - DatanodeDetails is persisted to /github/workspace/mnt/ozone/hadoop-ozone/integration-test/target/test-dir/MiniOzoneClusterImpl-77fe6979-9426-4b74-982f-524262e25198/datanode-1/meta/datanode.id
2020-07-20 08:35:26,463 [Listener at 127.0.0.1/33185] INFO  volume.HddsVolumeChecker (HddsVolumeChecker.java:checkAllVolumes(200)) - Scheduled health check for volume /github/workspace/mnt/ozone/hadoop-ozone/integration-test/target/test-dir/MiniOzoneClusterImpl-77fe6979-9426-4b74-982f-524262e25198/datanode-2/data-0/containers/hdds
2020-07-20 08:35:26,476 [Listener at 127.0.0.1/33185] INFO  impl.RaftServerProxy (ConfUtils.java:logGet(44)) - raft.rpc.type = GRPC (default)
2020-07-20 08:35:26,476 [Listener at 127.0.0.1/33185] INFO  grpc.GrpcFactory (GrpcFactory.java:checkPooledByteBufAllocatorUseCacheForAllThreads(45)) - PERFORMANCE WARNING: useCacheForAllThreads is true that may cause Netty to create a lot garbage objects and, as a result, trigger GC.
	It is recommended to disable useCacheForAllThreads by setting -Dorg.apache.ratis.thirdparty.io.netty.allocator.useCacheForAllThreads=false in command line.
2020-07-20 08:35:26,476 [Listener at 127.0.0.1/33185] INFO  grpc.GrpcConfigKeys (ConfUtils.java:logGet(44)) - raft.grpc.server.port = 0 (default)
2020-07-20 08:35:26,476 [Listener at 127.0.0.1/33185] INFO  server.GrpcService (ConfUtils.java:logGet(44)) - raft.grpc.message.size.max = 32MB (=33554432) (custom)
2020-07-20 08:35:26,476 [Listener at 127.0.0.1/33185] INFO  server.RaftServerConfigKeys (ConfUtils.java:logGet(44)) - raft.server.log.appender.buffer.byte-limit = 33554432 (custom)
2020-07-20 08:35:26,476 [Listener at 127.0.0.1/33185] INFO  server.GrpcService (ConfUtils.java:logGet(44)) - raft.grpc.flow.control.window = 5MB (=5242880) (custom)
2020-07-20 08:35:26,476 [Listener at 127.0.0.1/33185] INFO  server.RaftServerConfigKeys (ConfUtils.java:logGet(44)) - raft.server.rpc.request.timeout = 3000ms (default)
2020-07-20 08:35:26,477 [Listener at 127.0.0.1/33185] INFO  server.RaftServerConfigKeys (ConfUtils.java:logGet(44)) - raft.server.storage.dir = [/github/workspace/mnt/ozone/hadoop-ozone/integration-test/target/test-dir/MiniOzoneClusterImpl-77fe6979-9426-4b74-982f-524262e25198/datanode-2/data/ratis] (custom)
2020-07-20 08:35:26,481 [Listener at 127.0.0.1/33185] INFO  http.BaseHttpServer (BaseHttpServer.java:newHttpServer2BuilderForOzone(207)) - Starting Web-server for hddsDatanode at: http://0.0.0.0:0
2020-07-20 08:35:26,481 [Listener at 127.0.0.1/33185] INFO  http.BaseHttpServer (BaseHttpServer.java:<init>(106)) - Hadoop Security Enabled: false Ozone Security Enabled: false Ozone HTTP Security Enabled: false 
2020-07-20 08:35:26,482 [Listener at 127.0.0.1/33185] INFO  server.AuthenticationFilter (AuthenticationFilter.java:constructSecretProvider(240)) - Unable to initialize FileSignerSecretProvider, falling back to use random secrets.
2020-07-20 08:35:26,483 [Listener at 127.0.0.1/33185] WARN  http.HttpRequestLog (HttpRequestLog.java:getRequestLog(103)) - Jetty request log can only be enabled using Log4j
2020-07-20 08:35:26,483 [Listener at 127.0.0.1/33185] INFO  http.HttpServer2 (HttpServer2.java:addGlobalFilter(998)) - Added global filter 'safety' (class=org.apache.hadoop.hdds.server.http.HttpServer2$QuotingInputFilter)
2020-07-20 08:35:26,484 [Listener at 127.0.0.1/33185] INFO  http.HttpServer2 (HttpServer2.java:addFilter(974)) - Added filter static_user_filter (class=org.apache.hadoop.http.lib.StaticUserWebFilter$StaticUserFilter) to context hddsDatanode
2020-07-20 08:35:26,484 [Listener at 127.0.0.1/33185] INFO  http.HttpServer2 (HttpServer2.java:addFilter(982)) - Added filter static_user_filter (class=org.apache.hadoop.http.lib.StaticUserWebFilter$StaticUserFilter) to context logs
2020-07-20 08:35:26,484 [Listener at 127.0.0.1/33185] INFO  http.HttpServer2 (HttpServer2.java:addFilter(982)) - Added filter static_user_filter (class=org.apache.hadoop.http.lib.StaticUserWebFilter$StaticUserFilter) to context static
2020-07-20 08:35:26,484 [Listener at 127.0.0.1/33185] INFO  http.HttpServer2 (HttpServer2.java:bindListener(1216)) - Jetty bound to port 33421
2020-07-20 08:35:26,484 [Listener at 127.0.0.1/33185] INFO  server.Server (Server.java:doStart(359)) - jetty-9.4.26.v20200117; built: 2020-01-17T12:35:33.676Z; git: 7b38981d25d14afb4a12ff1f2596756144edf695; jvm 1.8.0_232-b09
2020-07-20 08:35:26,488 [Listener at 127.0.0.1/33185] INFO  server.session (DefaultSessionIdManager.java:doStart(333)) - DefaultSessionIdManager workerName=node0
2020-07-20 08:35:26,488 [Listener at 127.0.0.1/33185] INFO  server.session (DefaultSessionIdManager.java:doStart(338)) - No SessionScavenger set, using defaults
2020-07-20 08:35:26,488 [Listener at 127.0.0.1/33185] INFO  server.session (HouseKeeper.java:startScavenging(140)) - node0 Scavenging every 660000ms
2020-07-20 08:35:26,489 [Listener at 127.0.0.1/33185] INFO  handler.ContextHandler (ContextHandler.java:doStart(825)) - Started o.e.j.s.ServletContextHandler@5a908d69{logs,/logs,file:///github/workspace/mnt/ozone/hadoop-ozone/integration-test/target/log,AVAILABLE}
2020-07-20 08:35:26,489 [Listener at 127.0.0.1/33185] INFO  handler.ContextHandler (ContextHandler.java:doStart(825)) - Started o.e.j.s.ServletContextHandler@76f6d0cb{static,/static,jar:file:/home/user/.m2/repository/org/apache/hadoop/hadoop-hdds-container-service/0.6.0-SNAPSHOT/hadoop-hdds-container-service-0.6.0-SNAPSHOT.jar!/webapps/static,AVAILABLE}
2020-07-20 08:35:26,562 [Listener at 127.0.0.1/33185] INFO  handler.ContextHandler (ContextHandler.java:doStart(825)) - Started o.e.j.w.WebAppContext@690226d0{hddsDatanode,/,file:///tmp/jetty-0_0_0_0-33421-hadoop-hdds-container-service-0_6_0-SNAPSHOT_jar-_-any-3855129404078576871.dir/webapp/,AVAILABLE}{jar:file:/home/user/.m2/repository/org/apache/hadoop/hadoop-hdds-container-service/0.6.0-SNAPSHOT/hadoop-hdds-container-service-0.6.0-SNAPSHOT.jar!/webapps/hddsDatanode}
2020-07-20 08:35:26,563 [Listener at 127.0.0.1/33185] INFO  server.AbstractConnector (AbstractConnector.java:doStart(330)) - Started ServerConnector@91016d6{HTTP/1.1,[http/1.1]}{0.0.0.0:33421}
2020-07-20 08:35:26,563 [Listener at 127.0.0.1/33185] INFO  server.Server (Server.java:doStart(399)) - Started @319056ms
2020-07-20 08:35:26,563 [Listener at 127.0.0.1/33185] WARN  impl.MetricsSystemImpl (MetricsSystemImpl.java:register(276)) - Sink prometheus already exists!
2020-07-20 08:35:26,566 [Listener at 127.0.0.1/33185] INFO  http.BaseHttpServer (BaseHttpServer.java:updateConnectorAddress(327)) - HTTP server of hddsDatanode listening at http://0.0.0.0:33421
2020-07-20 08:35:26,567 [Listener at 127.0.0.1/33185] INFO  impl.MetricsSystemImpl (MetricsSystemImpl.java:init(158)) - HddsDatanode metrics system started (again)
2020-07-20 08:35:26,568 [Listener at 127.0.0.1/33185] INFO  ozone.HddsDatanodeService (HddsDatanodeService.java:start(214)) - HddsDatanodeService host:795ad43b6c28 ip:172.17.0.2
2020-07-20 08:35:26,570 [Listener at 127.0.0.1/33185] INFO  volume.HddsVolume (HddsVolume.java:<init>(176)) - Creating Volume: /github/workspace/mnt/ozone/hadoop-ozone/integration-test/target/test-dir/MiniOzoneClusterImpl-77fe6979-9426-4b74-982f-524262e25198/datanode-3/data-0/containers/hdds of storage type : DISK and capacity : 9223372036854775807
2020-07-20 08:35:26,571 [Listener at 127.0.0.1/33185] INFO  volume.MutableVolumeSet (MutableVolumeSet.java:initializeVolumeSet(179)) - Added Volume : /github/workspace/mnt/ozone/hadoop-ozone/integration-test/target/test-dir/MiniOzoneClusterImpl-77fe6979-9426-4b74-982f-524262e25198/datanode-3/data-0/containers/hdds to VolumeSet
2020-07-20 08:35:26,571 [Listener at 127.0.0.1/33185] INFO  volume.ThrottledAsyncChecker (ThrottledAsyncChecker.java:schedule(141)) - Scheduling a check for /github/workspace/mnt/ozone/hadoop-ozone/integration-test/target/test-dir/MiniOzoneClusterImpl-77fe6979-9426-4b74-982f-524262e25198/datanode-3/data-0/containers/hdds
2020-07-20 08:35:26,576 [Listener at 127.0.0.1/33185] INFO  volume.HddsVolumeChecker (HddsVolumeChecker.java:checkAllVolumes(200)) - Scheduled health check for volume /github/workspace/mnt/ozone/hadoop-ozone/integration-test/target/test-dir/MiniOzoneClusterImpl-77fe6979-9426-4b74-982f-524262e25198/datanode-3/data-0/containers/hdds
2020-07-20 08:35:26,594 [org.apache.hadoop.util.JvmPauseMonitor$Monitor@51db726f] INFO  util.JvmPauseMonitor (JvmPauseMonitor.java:run(188)) - Starting JVM pause monitor
2020-07-20 08:35:26,595 [Listener at 127.0.0.1/33185] INFO  impl.RaftServerProxy (ConfUtils.java:logGet(44)) - raft.rpc.type = GRPC (default)
2020-07-20 08:35:26,596 [Listener at 127.0.0.1/33185] INFO  grpc.GrpcFactory (GrpcFactory.java:checkPooledByteBufAllocatorUseCacheForAllThreads(45)) - PERFORMANCE WARNING: useCacheForAllThreads is true that may cause Netty to create a lot garbage objects and, as a result, trigger GC.
	It is recommended to disable useCacheForAllThreads by setting -Dorg.apache.ratis.thirdparty.io.netty.allocator.useCacheForAllThreads=false in command line.
2020-07-20 08:35:26,596 [Listener at 127.0.0.1/33185] INFO  grpc.GrpcConfigKeys (ConfUtils.java:logGet(44)) - raft.grpc.server.port = 0 (default)
2020-07-20 08:35:26,596 [Listener at 127.0.0.1/33185] INFO  server.GrpcService (ConfUtils.java:logGet(44)) - raft.grpc.message.size.max = 32MB (=33554432) (custom)
2020-07-20 08:35:26,596 [Listener at 127.0.0.1/33185] INFO  server.RaftServerConfigKeys (ConfUtils.java:logGet(44)) - raft.server.log.appender.buffer.byte-limit = 33554432 (custom)
2020-07-20 08:35:26,596 [Listener at 127.0.0.1/33185] INFO  server.GrpcService (ConfUtils.java:logGet(44)) - raft.grpc.flow.control.window = 5MB (=5242880) (custom)
2020-07-20 08:35:26,596 [Listener at 127.0.0.1/33185] INFO  server.RaftServerConfigKeys (ConfUtils.java:logGet(44)) - raft.server.rpc.request.timeout = 3000ms (default)
2020-07-20 08:35:26,597 [Listener at 127.0.0.1/33185] INFO  server.RaftServerConfigKeys (ConfUtils.java:logGet(44)) - raft.server.storage.dir = [/github/workspace/mnt/ozone/hadoop-ozone/integration-test/target/test-dir/MiniOzoneClusterImpl-77fe6979-9426-4b74-982f-524262e25198/datanode-3/data/ratis] (custom)
2020-07-20 08:35:26,600 [Datanode State Machine Thread - 0] INFO  datanode.InitDatanodeState (InitDatanodeState.java:persistContainerDatanodeDetails(145)) - DatanodeDetails is persisted to /github/workspace/mnt/ozone/hadoop-ozone/integration-test/target/test-dir/MiniOzoneClusterImpl-77fe6979-9426-4b74-982f-524262e25198/datanode-2/meta/datanode.id
2020-07-20 08:35:26,602 [Listener at 127.0.0.1/33185] INFO  http.BaseHttpServer (BaseHttpServer.java:newHttpServer2BuilderForOzone(207)) - Starting Web-server for hddsDatanode at: http://0.0.0.0:0
2020-07-20 08:35:26,602 [Listener at 127.0.0.1/33185] INFO  http.BaseHttpServer (BaseHttpServer.java:<init>(106)) - Hadoop Security Enabled: false Ozone Security Enabled: false Ozone HTTP Security Enabled: false 
2020-07-20 08:35:26,603 [Listener at 127.0.0.1/33185] INFO  server.AuthenticationFilter (AuthenticationFilter.java:constructSecretProvider(240)) - Unable to initialize FileSignerSecretProvider, falling back to use random secrets.
2020-07-20 08:35:26,603 [Listener at 127.0.0.1/33185] WARN  http.HttpRequestLog (HttpRequestLog.java:getRequestLog(103)) - Jetty request log can only be enabled using Log4j
2020-07-20 08:35:26,604 [Listener at 127.0.0.1/33185] INFO  http.HttpServer2 (HttpServer2.java:addGlobalFilter(998)) - Added global filter 'safety' (class=org.apache.hadoop.hdds.server.http.HttpServer2$QuotingInputFilter)
2020-07-20 08:35:26,604 [Listener at 127.0.0.1/33185] INFO  http.HttpServer2 (HttpServer2.java:addFilter(974)) - Added filter static_user_filter (class=org.apache.hadoop.http.lib.StaticUserWebFilter$StaticUserFilter) to context hddsDatanode
2020-07-20 08:35:26,605 [Listener at 127.0.0.1/33185] INFO  http.HttpServer2 (HttpServer2.java:addFilter(982)) - Added filter static_user_filter (class=org.apache.hadoop.http.lib.StaticUserWebFilter$StaticUserFilter) to context logs
2020-07-20 08:35:26,605 [Listener at 127.0.0.1/33185] INFO  http.HttpServer2 (HttpServer2.java:addFilter(982)) - Added filter static_user_filter (class=org.apache.hadoop.http.lib.StaticUserWebFilter$StaticUserFilter) to context static
2020-07-20 08:35:26,605 [Listener at 127.0.0.1/33185] INFO  http.HttpServer2 (HttpServer2.java:bindListener(1216)) - Jetty bound to port 34049
2020-07-20 08:35:26,605 [Listener at 127.0.0.1/33185] INFO  server.Server (Server.java:doStart(359)) - jetty-9.4.26.v20200117; built: 2020-01-17T12:35:33.676Z; git: 7b38981d25d14afb4a12ff1f2596756144edf695; jvm 1.8.0_232-b09
2020-07-20 08:35:26,612 [Listener at 127.0.0.1/33185] INFO  server.session (DefaultSessionIdManager.java:doStart(333)) - DefaultSessionIdManager workerName=node0
2020-07-20 08:35:26,612 [Listener at 127.0.0.1/33185] INFO  server.session (DefaultSessionIdManager.java:doStart(338)) - No SessionScavenger set, using defaults
2020-07-20 08:35:26,612 [Listener at 127.0.0.1/33185] INFO  server.session (HouseKeeper.java:startScavenging(140)) - node0 Scavenging every 660000ms
2020-07-20 08:35:26,613 [Listener at 127.0.0.1/33185] INFO  handler.ContextHandler (ContextHandler.java:doStart(825)) - Started o.e.j.s.ServletContextHandler@17b509a7{logs,/logs,file:///github/workspace/mnt/ozone/hadoop-ozone/integration-test/target/log,AVAILABLE}
2020-07-20 08:35:26,613 [Listener at 127.0.0.1/33185] INFO  handler.ContextHandler (ContextHandler.java:doStart(825)) - Started o.e.j.s.ServletContextHandler@e3b3b6f{static,/static,jar:file:/home/user/.m2/repository/org/apache/hadoop/hadoop-hdds-container-service/0.6.0-SNAPSHOT/hadoop-hdds-container-service-0.6.0-SNAPSHOT.jar!/webapps/static,AVAILABLE}
2020-07-20 08:35:26,682 [Listener at 127.0.0.1/33185] INFO  handler.ContextHandler (ContextHandler.java:doStart(825)) - Started o.e.j.w.WebAppContext@47607daa{hddsDatanode,/,file:///tmp/jetty-0_0_0_0-34049-hadoop-hdds-container-service-0_6_0-SNAPSHOT_jar-_-any-4991461793885957796.dir/webapp/,AVAILABLE}{jar:file:/home/user/.m2/repository/org/apache/hadoop/hadoop-hdds-container-service/0.6.0-SNAPSHOT/hadoop-hdds-container-service-0.6.0-SNAPSHOT.jar!/webapps/hddsDatanode}
2020-07-20 08:35:26,683 [Listener at 127.0.0.1/33185] INFO  server.AbstractConnector (AbstractConnector.java:doStart(330)) - Started ServerConnector@1044d06e{HTTP/1.1,[http/1.1]}{0.0.0.0:34049}
2020-07-20 08:35:26,684 [Listener at 127.0.0.1/33185] INFO  server.Server (Server.java:doStart(399)) - Started @319177ms
2020-07-20 08:35:26,684 [Listener at 127.0.0.1/33185] WARN  impl.MetricsSystemImpl (MetricsSystemImpl.java:register(276)) - Sink prometheus already exists!
2020-07-20 08:35:26,687 [Listener at 127.0.0.1/33185] INFO  http.BaseHttpServer (BaseHttpServer.java:updateConnectorAddress(327)) - HTTP server of hddsDatanode listening at http://0.0.0.0:34049
2020-07-20 08:35:26,687 [Listener at 127.0.0.1/33185] INFO  impl.MetricsSystemImpl (MetricsSystemImpl.java:init(158)) - HddsDatanode metrics system started (again)
2020-07-20 08:35:26,689 [Listener at 127.0.0.1/33185] INFO  ozone.HddsDatanodeService (HddsDatanodeService.java:start(214)) - HddsDatanodeService host:795ad43b6c28 ip:172.17.0.2
2020-07-20 08:35:26,691 [Listener at 127.0.0.1/33185] INFO  volume.HddsVolume (HddsVolume.java:<init>(176)) - Creating Volume: /github/workspace/mnt/ozone/hadoop-ozone/integration-test/target/test-dir/MiniOzoneClusterImpl-77fe6979-9426-4b74-982f-524262e25198/datanode-4/data-0/containers/hdds of storage type : DISK and capacity : 9223372036854775807
2020-07-20 08:35:26,691 [Listener at 127.0.0.1/33185] INFO  volume.MutableVolumeSet (MutableVolumeSet.java:initializeVolumeSet(179)) - Added Volume : /github/workspace/mnt/ozone/hadoop-ozone/integration-test/target/test-dir/MiniOzoneClusterImpl-77fe6979-9426-4b74-982f-524262e25198/datanode-4/data-0/containers/hdds to VolumeSet
2020-07-20 08:35:26,691 [Listener at 127.0.0.1/33185] INFO  volume.ThrottledAsyncChecker (ThrottledAsyncChecker.java:schedule(141)) - Scheduling a check for /github/workspace/mnt/ozone/hadoop-ozone/integration-test/target/test-dir/MiniOzoneClusterImpl-77fe6979-9426-4b74-982f-524262e25198/datanode-4/data-0/containers/hdds
2020-07-20 08:35:26,692 [Listener at 127.0.0.1/33185] INFO  volume.HddsVolumeChecker (HddsVolumeChecker.java:checkAllVolumes(200)) - Scheduled health check for volume /github/workspace/mnt/ozone/hadoop-ozone/integration-test/target/test-dir/MiniOzoneClusterImpl-77fe6979-9426-4b74-982f-524262e25198/datanode-4/data-0/containers/hdds
2020-07-20 08:35:26,760 [org.apache.hadoop.util.JvmPauseMonitor$Monitor@54f0c56f] INFO  util.JvmPauseMonitor (JvmPauseMonitor.java:run(188)) - Starting JVM pause monitor
2020-07-20 08:35:26,771 [Datanode State Machine Thread - 0] INFO  datanode.InitDatanodeState (InitDatanodeState.java:persistContainerDatanodeDetails(145)) - DatanodeDetails is persisted to /github/workspace/mnt/ozone/hadoop-ozone/integration-test/target/test-dir/MiniOzoneClusterImpl-77fe6979-9426-4b74-982f-524262e25198/datanode-3/meta/datanode.id
2020-07-20 08:35:26,773 [Listener at 127.0.0.1/33185] INFO  impl.RaftServerProxy (ConfUtils.java:logGet(44)) - raft.rpc.type = GRPC (default)
2020-07-20 08:35:26,778 [Listener at 127.0.0.1/33185] INFO  grpc.GrpcFactory (GrpcFactory.java:checkPooledByteBufAllocatorUseCacheForAllThreads(45)) - PERFORMANCE WARNING: useCacheForAllThreads is true that may cause Netty to create a lot garbage objects and, as a result, trigger GC.
	It is recommended to disable useCacheForAllThreads by setting -Dorg.apache.ratis.thirdparty.io.netty.allocator.useCacheForAllThreads=false in command line.
2020-07-20 08:35:26,778 [Listener at 127.0.0.1/33185] INFO  grpc.GrpcConfigKeys (ConfUtils.java:logGet(44)) - raft.grpc.server.port = 0 (default)
2020-07-20 08:35:26,778 [Listener at 127.0.0.1/33185] INFO  server.GrpcService (ConfUtils.java:logGet(44)) - raft.grpc.message.size.max = 32MB (=33554432) (custom)
2020-07-20 08:35:26,778 [Listener at 127.0.0.1/33185] INFO  server.RaftServerConfigKeys (ConfUtils.java:logGet(44)) - raft.server.log.appender.buffer.byte-limit = 33554432 (custom)
2020-07-20 08:35:26,778 [Listener at 127.0.0.1/33185] INFO  server.GrpcService (ConfUtils.java:logGet(44)) - raft.grpc.flow.control.window = 5MB (=5242880) (custom)
2020-07-20 08:35:26,779 [Listener at 127.0.0.1/33185] INFO  server.RaftServerConfigKeys (ConfUtils.java:logGet(44)) - raft.server.rpc.request.timeout = 3000ms (default)
2020-07-20 08:35:26,780 [Listener at 127.0.0.1/33185] INFO  server.RaftServerConfigKeys (ConfUtils.java:logGet(44)) - raft.server.storage.dir = [/github/workspace/mnt/ozone/hadoop-ozone/integration-test/target/test-dir/MiniOzoneClusterImpl-77fe6979-9426-4b74-982f-524262e25198/datanode-4/data/ratis] (custom)
2020-07-20 08:35:26,783 [Listener at 127.0.0.1/33185] INFO  http.BaseHttpServer (BaseHttpServer.java:newHttpServer2BuilderForOzone(207)) - Starting Web-server for hddsDatanode at: http://0.0.0.0:0
2020-07-20 08:35:26,783 [Listener at 127.0.0.1/33185] INFO  http.BaseHttpServer (BaseHttpServer.java:<init>(106)) - Hadoop Security Enabled: false Ozone Security Enabled: false Ozone HTTP Security Enabled: false 
2020-07-20 08:35:26,784 [Listener at 127.0.0.1/33185] INFO  server.AuthenticationFilter (AuthenticationFilter.java:constructSecretProvider(240)) - Unable to initialize FileSignerSecretProvider, falling back to use random secrets.
2020-07-20 08:35:26,785 [Listener at 127.0.0.1/33185] WARN  http.HttpRequestLog (HttpRequestLog.java:getRequestLog(103)) - Jetty request log can only be enabled using Log4j
2020-07-20 08:35:26,786 [Listener at 127.0.0.1/33185] INFO  http.HttpServer2 (HttpServer2.java:addGlobalFilter(998)) - Added global filter 'safety' (class=org.apache.hadoop.hdds.server.http.HttpServer2$QuotingInputFilter)
2020-07-20 08:35:26,786 [Listener at 127.0.0.1/33185] INFO  http.HttpServer2 (HttpServer2.java:addFilter(974)) - Added filter static_user_filter (class=org.apache.hadoop.http.lib.StaticUserWebFilter$StaticUserFilter) to context hddsDatanode
2020-07-20 08:35:26,787 [Listener at 127.0.0.1/33185] INFO  http.HttpServer2 (HttpServer2.java:addFilter(982)) - Added filter static_user_filter (class=org.apache.hadoop.http.lib.StaticUserWebFilter$StaticUserFilter) to context logs
2020-07-20 08:35:26,787 [Listener at 127.0.0.1/33185] INFO  http.HttpServer2 (HttpServer2.java:addFilter(982)) - Added filter static_user_filter (class=org.apache.hadoop.http.lib.StaticUserWebFilter$StaticUserFilter) to context static
2020-07-20 08:35:26,787 [Listener at 127.0.0.1/33185] INFO  http.HttpServer2 (HttpServer2.java:bindListener(1216)) - Jetty bound to port 39969
2020-07-20 08:35:26,787 [Listener at 127.0.0.1/33185] INFO  server.Server (Server.java:doStart(359)) - jetty-9.4.26.v20200117; built: 2020-01-17T12:35:33.676Z; git: 7b38981d25d14afb4a12ff1f2596756144edf695; jvm 1.8.0_232-b09
2020-07-20 08:35:26,793 [Listener at 127.0.0.1/33185] INFO  server.session (DefaultSessionIdManager.java:doStart(333)) - DefaultSessionIdManager workerName=node0
2020-07-20 08:35:26,793 [Listener at 127.0.0.1/33185] INFO  server.session (DefaultSessionIdManager.java:doStart(338)) - No SessionScavenger set, using defaults
2020-07-20 08:35:26,793 [Listener at 127.0.0.1/33185] INFO  server.session (HouseKeeper.java:startScavenging(140)) - node0 Scavenging every 600000ms
2020-07-20 08:35:26,794 [Listener at 127.0.0.1/33185] INFO  handler.ContextHandler (ContextHandler.java:doStart(825)) - Started o.e.j.s.ServletContextHandler@3e8a1ea9{logs,/logs,file:///github/workspace/mnt/ozone/hadoop-ozone/integration-test/target/log,AVAILABLE}
2020-07-20 08:35:26,794 [Listener at 127.0.0.1/33185] INFO  handler.ContextHandler (ContextHandler.java:doStart(825)) - Started o.e.j.s.ServletContextHandler@77a686c3{static,/static,jar:file:/home/user/.m2/repository/org/apache/hadoop/hadoop-hdds-container-service/0.6.0-SNAPSHOT/hadoop-hdds-container-service-0.6.0-SNAPSHOT.jar!/webapps/static,AVAILABLE}
2020-07-20 08:35:26,874 [Listener at 127.0.0.1/33185] INFO  handler.ContextHandler (ContextHandler.java:doStart(825)) - Started o.e.j.w.WebAppContext@645c694b{hddsDatanode,/,file:///tmp/jetty-0_0_0_0-39969-hadoop-hdds-container-service-0_6_0-SNAPSHOT_jar-_-any-2616916597915769734.dir/webapp/,AVAILABLE}{jar:file:/home/user/.m2/repository/org/apache/hadoop/hadoop-hdds-container-service/0.6.0-SNAPSHOT/hadoop-hdds-container-service-0.6.0-SNAPSHOT.jar!/webapps/hddsDatanode}
2020-07-20 08:35:26,875 [Listener at 127.0.0.1/33185] INFO  server.AbstractConnector (AbstractConnector.java:doStart(330)) - Started ServerConnector@6a10fda2{HTTP/1.1,[http/1.1]}{0.0.0.0:39969}
2020-07-20 08:35:26,875 [Listener at 127.0.0.1/33185] INFO  server.Server (Server.java:doStart(399)) - Started @319368ms
2020-07-20 08:35:26,875 [Listener at 127.0.0.1/33185] WARN  impl.MetricsSystemImpl (MetricsSystemImpl.java:register(276)) - Sink prometheus already exists!
2020-07-20 08:35:26,879 [Listener at 127.0.0.1/33185] INFO  http.BaseHttpServer (BaseHttpServer.java:updateConnectorAddress(327)) - HTTP server of hddsDatanode listening at http://0.0.0.0:39969
2020-07-20 08:35:26,880 [Listener at 127.0.0.1/33185] INFO  impl.MetricsSystemImpl (MetricsSystemImpl.java:init(158)) - HddsDatanode metrics system started (again)
2020-07-20 08:35:26,882 [Listener at 127.0.0.1/33185] INFO  ozone.HddsDatanodeService (HddsDatanodeService.java:start(214)) - HddsDatanodeService host:795ad43b6c28 ip:172.17.0.2
2020-07-20 08:35:26,883 [Listener at 127.0.0.1/33185] INFO  volume.HddsVolume (HddsVolume.java:<init>(176)) - Creating Volume: /github/workspace/mnt/ozone/hadoop-ozone/integration-test/target/test-dir/MiniOzoneClusterImpl-77fe6979-9426-4b74-982f-524262e25198/datanode-5/data-0/containers/hdds of storage type : DISK and capacity : 9223372036854775807
2020-07-20 08:35:26,889 [Listener at 127.0.0.1/33185] INFO  volume.MutableVolumeSet (MutableVolumeSet.java:initializeVolumeSet(179)) - Added Volume : /github/workspace/mnt/ozone/hadoop-ozone/integration-test/target/test-dir/MiniOzoneClusterImpl-77fe6979-9426-4b74-982f-524262e25198/datanode-5/data-0/containers/hdds to VolumeSet
2020-07-20 08:35:26,889 [Listener at 127.0.0.1/33185] INFO  volume.ThrottledAsyncChecker (ThrottledAsyncChecker.java:schedule(141)) - Scheduling a check for /github/workspace/mnt/ozone/hadoop-ozone/integration-test/target/test-dir/MiniOzoneClusterImpl-77fe6979-9426-4b74-982f-524262e25198/datanode-5/data-0/containers/hdds
2020-07-20 08:35:26,889 [org.apache.hadoop.util.JvmPauseMonitor$Monitor@5a377a30] INFO  util.JvmPauseMonitor (JvmPauseMonitor.java:run(188)) - Starting JVM pause monitor
2020-07-20 08:35:26,891 [Datanode State Machine Thread - 0] INFO  datanode.InitDatanodeState (InitDatanodeState.java:persistContainerDatanodeDetails(145)) - DatanodeDetails is persisted to /github/workspace/mnt/ozone/hadoop-ozone/integration-test/target/test-dir/MiniOzoneClusterImpl-77fe6979-9426-4b74-982f-524262e25198/datanode-4/meta/datanode.id
2020-07-20 08:35:26,892 [Listener at 127.0.0.1/33185] INFO  volume.HddsVolumeChecker (HddsVolumeChecker.java:checkAllVolumes(200)) - Scheduled health check for volume /github/workspace/mnt/ozone/hadoop-ozone/integration-test/target/test-dir/MiniOzoneClusterImpl-77fe6979-9426-4b74-982f-524262e25198/datanode-5/data-0/containers/hdds
2020-07-20 08:35:26,904 [Listener at 127.0.0.1/33185] INFO  impl.RaftServerProxy (ConfUtils.java:logGet(44)) - raft.rpc.type = GRPC (default)
2020-07-20 08:35:26,904 [Listener at 127.0.0.1/33185] INFO  grpc.GrpcFactory (GrpcFactory.java:checkPooledByteBufAllocatorUseCacheForAllThreads(45)) - PERFORMANCE WARNING: useCacheForAllThreads is true that may cause Netty to create a lot garbage objects and, as a result, trigger GC.
	It is recommended to disable useCacheForAllThreads by setting -Dorg.apache.ratis.thirdparty.io.netty.allocator.useCacheForAllThreads=false in command line.
2020-07-20 08:35:26,905 [Listener at 127.0.0.1/33185] INFO  grpc.GrpcConfigKeys (ConfUtils.java:logGet(44)) - raft.grpc.server.port = 0 (default)
2020-07-20 08:35:26,905 [Listener at 127.0.0.1/33185] INFO  server.GrpcService (ConfUtils.java:logGet(44)) - raft.grpc.message.size.max = 32MB (=33554432) (custom)
2020-07-20 08:35:26,905 [Listener at 127.0.0.1/33185] INFO  server.RaftServerConfigKeys (ConfUtils.java:logGet(44)) - raft.server.log.appender.buffer.byte-limit = 33554432 (custom)
2020-07-20 08:35:26,905 [Listener at 127.0.0.1/33185] INFO  server.GrpcService (ConfUtils.java:logGet(44)) - raft.grpc.flow.control.window = 5MB (=5242880) (custom)
2020-07-20 08:35:26,905 [Listener at 127.0.0.1/33185] INFO  server.RaftServerConfigKeys (ConfUtils.java:logGet(44)) - raft.server.rpc.request.timeout = 3000ms (default)
2020-07-20 08:35:26,906 [Listener at 127.0.0.1/33185] INFO  server.RaftServerConfigKeys (ConfUtils.java:logGet(44)) - raft.server.storage.dir = [/github/workspace/mnt/ozone/hadoop-ozone/integration-test/target/test-dir/MiniOzoneClusterImpl-77fe6979-9426-4b74-982f-524262e25198/datanode-5/data/ratis] (custom)
2020-07-20 08:35:26,910 [Listener at 127.0.0.1/33185] INFO  http.BaseHttpServer (BaseHttpServer.java:newHttpServer2BuilderForOzone(207)) - Starting Web-server for hddsDatanode at: http://0.0.0.0:0
2020-07-20 08:35:26,910 [Listener at 127.0.0.1/33185] INFO  http.BaseHttpServer (BaseHttpServer.java:<init>(106)) - Hadoop Security Enabled: false Ozone Security Enabled: false Ozone HTTP Security Enabled: false 
2020-07-20 08:35:26,911 [Listener at 127.0.0.1/33185] INFO  server.AuthenticationFilter (AuthenticationFilter.java:constructSecretProvider(240)) - Unable to initialize FileSignerSecretProvider, falling back to use random secrets.
2020-07-20 08:35:26,911 [Listener at 127.0.0.1/33185] WARN  http.HttpRequestLog (HttpRequestLog.java:getRequestLog(103)) - Jetty request log can only be enabled using Log4j
2020-07-20 08:35:26,912 [Listener at 127.0.0.1/33185] INFO  http.HttpServer2 (HttpServer2.java:addGlobalFilter(998)) - Added global filter 'safety' (class=org.apache.hadoop.hdds.server.http.HttpServer2$QuotingInputFilter)
2020-07-20 08:35:26,912 [Listener at 127.0.0.1/33185] INFO  http.HttpServer2 (HttpServer2.java:addFilter(974)) - Added filter static_user_filter (class=org.apache.hadoop.http.lib.StaticUserWebFilter$StaticUserFilter) to context hddsDatanode
2020-07-20 08:35:26,913 [Listener at 127.0.0.1/33185] INFO  http.HttpServer2 (HttpServer2.java:addFilter(982)) - Added filter static_user_filter (class=org.apache.hadoop.http.lib.StaticUserWebFilter$StaticUserFilter) to context logs
2020-07-20 08:35:26,913 [Listener at 127.0.0.1/33185] INFO  http.HttpServer2 (HttpServer2.java:addFilter(982)) - Added filter static_user_filter (class=org.apache.hadoop.http.lib.StaticUserWebFilter$StaticUserFilter) to context static
2020-07-20 08:35:26,913 [Listener at 127.0.0.1/33185] INFO  http.HttpServer2 (HttpServer2.java:bindListener(1216)) - Jetty bound to port 38667
2020-07-20 08:35:26,913 [Listener at 127.0.0.1/33185] INFO  server.Server (Server.java:doStart(359)) - jetty-9.4.26.v20200117; built: 2020-01-17T12:35:33.676Z; git: 7b38981d25d14afb4a12ff1f2596756144edf695; jvm 1.8.0_232-b09
2020-07-20 08:35:26,914 [Listener at 127.0.0.1/33185] INFO  server.session (DefaultSessionIdManager.java:doStart(333)) - DefaultSessionIdManager workerName=node0
2020-07-20 08:35:26,914 [Listener at 127.0.0.1/33185] INFO  server.session (DefaultSessionIdManager.java:doStart(338)) - No SessionScavenger set, using defaults
2020-07-20 08:35:26,914 [Listener at 127.0.0.1/33185] INFO  server.session (HouseKeeper.java:startScavenging(140)) - node0 Scavenging every 660000ms
2020-07-20 08:35:26,915 [Listener at 127.0.0.1/33185] INFO  handler.ContextHandler (ContextHandler.java:doStart(825)) - Started o.e.j.s.ServletContextHandler@298e0cee{logs,/logs,file:///github/workspace/mnt/ozone/hadoop-ozone/integration-test/target/log,AVAILABLE}
2020-07-20 08:35:26,915 [Listener at 127.0.0.1/33185] INFO  handler.ContextHandler (ContextHandler.java:doStart(825)) - Started o.e.j.s.ServletContextHandler@14b72430{static,/static,jar:file:/home/user/.m2/repository/org/apache/hadoop/hadoop-hdds-container-service/0.6.0-SNAPSHOT/hadoop-hdds-container-service-0.6.0-SNAPSHOT.jar!/webapps/static,AVAILABLE}
2020-07-20 08:35:27,001 [Listener at 127.0.0.1/33185] INFO  handler.ContextHandler (ContextHandler.java:doStart(825)) - Started o.e.j.w.WebAppContext@2e8c10a4{hddsDatanode,/,file:///tmp/jetty-0_0_0_0-38667-hadoop-hdds-container-service-0_6_0-SNAPSHOT_jar-_-any-8331672350896260682.dir/webapp/,AVAILABLE}{jar:file:/home/user/.m2/repository/org/apache/hadoop/hadoop-hdds-container-service/0.6.0-SNAPSHOT/hadoop-hdds-container-service-0.6.0-SNAPSHOT.jar!/webapps/hddsDatanode}
2020-07-20 08:35:27,002 [Listener at 127.0.0.1/33185] INFO  server.AbstractConnector (AbstractConnector.java:doStart(330)) - Started ServerConnector@639db104{HTTP/1.1,[http/1.1]}{0.0.0.0:38667}
2020-07-20 08:35:27,002 [Listener at 127.0.0.1/33185] INFO  server.Server (Server.java:doStart(399)) - Started @319495ms
2020-07-20 08:35:27,002 [Listener at 127.0.0.1/33185] WARN  impl.MetricsSystemImpl (MetricsSystemImpl.java:register(276)) - Sink prometheus already exists!
2020-07-20 08:35:27,006 [Listener at 127.0.0.1/33185] INFO  http.BaseHttpServer (BaseHttpServer.java:updateConnectorAddress(327)) - HTTP server of hddsDatanode listening at http://0.0.0.0:38667
2020-07-20 08:35:27,006 [Listener at 127.0.0.1/33185] INFO  impl.MetricsSystemImpl (MetricsSystemImpl.java:init(158)) - HddsDatanode metrics system started (again)
2020-07-20 08:35:27,008 [Listener at 127.0.0.1/33185] INFO  ozone.HddsDatanodeService (HddsDatanodeService.java:start(214)) - HddsDatanodeService host:795ad43b6c28 ip:172.17.0.2
2020-07-20 08:35:27,010 [Listener at 127.0.0.1/33185] INFO  volume.HddsVolume (HddsVolume.java:<init>(176)) - Creating Volume: /github/workspace/mnt/ozone/hadoop-ozone/integration-test/target/test-dir/MiniOzoneClusterImpl-77fe6979-9426-4b74-982f-524262e25198/datanode-6/data-0/containers/hdds of storage type : DISK and capacity : 9223372036854775807
2020-07-20 08:35:27,010 [Listener at 127.0.0.1/33185] INFO  volume.MutableVolumeSet (MutableVolumeSet.java:initializeVolumeSet(179)) - Added Volume : /github/workspace/mnt/ozone/hadoop-ozone/integration-test/target/test-dir/MiniOzoneClusterImpl-77fe6979-9426-4b74-982f-524262e25198/datanode-6/data-0/containers/hdds to VolumeSet
2020-07-20 08:35:27,010 [Listener at 127.0.0.1/33185] INFO  volume.ThrottledAsyncChecker (ThrottledAsyncChecker.java:schedule(141)) - Scheduling a check for /github/workspace/mnt/ozone/hadoop-ozone/integration-test/target/test-dir/MiniOzoneClusterImpl-77fe6979-9426-4b74-982f-524262e25198/datanode-6/data-0/containers/hdds
2020-07-20 08:35:27,011 [Listener at 127.0.0.1/33185] INFO  volume.HddsVolumeChecker (HddsVolumeChecker.java:checkAllVolumes(200)) - Scheduled health check for volume /github/workspace/mnt/ozone/hadoop-ozone/integration-test/target/test-dir/MiniOzoneClusterImpl-77fe6979-9426-4b74-982f-524262e25198/datanode-6/data-0/containers/hdds
2020-07-20 08:35:27,028 [org.apache.hadoop.util.JvmPauseMonitor$Monitor@4c84b97b] INFO  util.JvmPauseMonitor (JvmPauseMonitor.java:run(188)) - Starting JVM pause monitor
2020-07-20 08:35:27,029 [Datanode State Machine Thread - 0] INFO  datanode.InitDatanodeState (InitDatanodeState.java:persistContainerDatanodeDetails(145)) - DatanodeDetails is persisted to /github/workspace/mnt/ozone/hadoop-ozone/integration-test/target/test-dir/MiniOzoneClusterImpl-77fe6979-9426-4b74-982f-524262e25198/datanode-5/meta/datanode.id
2020-07-20 08:35:27,030 [Listener at 127.0.0.1/33185] INFO  impl.RaftServerProxy (ConfUtils.java:logGet(44)) - raft.rpc.type = GRPC (default)
2020-07-20 08:35:27,030 [Listener at 127.0.0.1/33185] INFO  grpc.GrpcFactory (GrpcFactory.java:checkPooledByteBufAllocatorUseCacheForAllThreads(45)) - PERFORMANCE WARNING: useCacheForAllThreads is true that may cause Netty to create a lot garbage objects and, as a result, trigger GC.
	It is recommended to disable useCacheForAllThreads by setting -Dorg.apache.ratis.thirdparty.io.netty.allocator.useCacheForAllThreads=false in command line.
2020-07-20 08:35:27,031 [Listener at 127.0.0.1/33185] INFO  grpc.GrpcConfigKeys (ConfUtils.java:logGet(44)) - raft.grpc.server.port = 0 (default)
2020-07-20 08:35:27,031 [Listener at 127.0.0.1/33185] INFO  server.GrpcService (ConfUtils.java:logGet(44)) - raft.grpc.message.size.max = 32MB (=33554432) (custom)
2020-07-20 08:35:27,031 [Listener at 127.0.0.1/33185] INFO  server.RaftServerConfigKeys (ConfUtils.java:logGet(44)) - raft.server.log.appender.buffer.byte-limit = 33554432 (custom)
2020-07-20 08:35:27,031 [Listener at 127.0.0.1/33185] INFO  server.GrpcService (ConfUtils.java:logGet(44)) - raft.grpc.flow.control.window = 5MB (=5242880) (custom)
2020-07-20 08:35:27,031 [Listener at 127.0.0.1/33185] INFO  server.RaftServerConfigKeys (ConfUtils.java:logGet(44)) - raft.server.rpc.request.timeout = 3000ms (default)
2020-07-20 08:35:27,032 [Listener at 127.0.0.1/33185] INFO  server.RaftServerConfigKeys (ConfUtils.java:logGet(44)) - raft.server.storage.dir = [/github/workspace/mnt/ozone/hadoop-ozone/integration-test/target/test-dir/MiniOzoneClusterImpl-77fe6979-9426-4b74-982f-524262e25198/datanode-6/data/ratis] (custom)
2020-07-20 08:35:27,035 [Listener at 127.0.0.1/33185] INFO  http.BaseHttpServer (BaseHttpServer.java:newHttpServer2BuilderForOzone(207)) - Starting Web-server for hddsDatanode at: http://0.0.0.0:0
2020-07-20 08:35:27,035 [Listener at 127.0.0.1/33185] INFO  http.BaseHttpServer (BaseHttpServer.java:<init>(106)) - Hadoop Security Enabled: false Ozone Security Enabled: false Ozone HTTP Security Enabled: false 
2020-07-20 08:35:27,036 [Listener at 127.0.0.1/33185] INFO  server.AuthenticationFilter (AuthenticationFilter.java:constructSecretProvider(240)) - Unable to initialize FileSignerSecretProvider, falling back to use random secrets.
2020-07-20 08:35:27,037 [Listener at 127.0.0.1/33185] WARN  http.HttpRequestLog (HttpRequestLog.java:getRequestLog(103)) - Jetty request log can only be enabled using Log4j
2020-07-20 08:35:27,037 [Listener at 127.0.0.1/33185] INFO  http.HttpServer2 (HttpServer2.java:addGlobalFilter(998)) - Added global filter 'safety' (class=org.apache.hadoop.hdds.server.http.HttpServer2$QuotingInputFilter)
2020-07-20 08:35:27,038 [Listener at 127.0.0.1/33185] INFO  http.HttpServer2 (HttpServer2.java:addFilter(974)) - Added filter static_user_filter (class=org.apache.hadoop.http.lib.StaticUserWebFilter$StaticUserFilter) to context hddsDatanode
2020-07-20 08:35:27,038 [Listener at 127.0.0.1/33185] INFO  http.HttpServer2 (HttpServer2.java:addFilter(982)) - Added filter static_user_filter (class=org.apache.hadoop.http.lib.StaticUserWebFilter$StaticUserFilter) to context logs
2020-07-20 08:35:27,038 [Listener at 127.0.0.1/33185] INFO  http.HttpServer2 (HttpServer2.java:addFilter(982)) - Added filter static_user_filter (class=org.apache.hadoop.http.lib.StaticUserWebFilter$StaticUserFilter) to context static
2020-07-20 08:35:27,038 [Listener at 127.0.0.1/33185] INFO  http.HttpServer2 (HttpServer2.java:bindListener(1216)) - Jetty bound to port 37063
2020-07-20 08:35:27,038 [Listener at 127.0.0.1/33185] INFO  server.Server (Server.java:doStart(359)) - jetty-9.4.26.v20200117; built: 2020-01-17T12:35:33.676Z; git: 7b38981d25d14afb4a12ff1f2596756144edf695; jvm 1.8.0_232-b09
2020-07-20 08:35:27,040 [Listener at 127.0.0.1/33185] INFO  server.session (DefaultSessionIdManager.java:doStart(333)) - DefaultSessionIdManager workerName=node0
2020-07-20 08:35:27,040 [Listener at 127.0.0.1/33185] INFO  server.session (DefaultSessionIdManager.java:doStart(338)) - No SessionScavenger set, using defaults
2020-07-20 08:35:27,040 [Listener at 127.0.0.1/33185] INFO  server.session (HouseKeeper.java:startScavenging(140)) - node0 Scavenging every 660000ms
2020-07-20 08:35:27,041 [Listener at 127.0.0.1/33185] INFO  handler.ContextHandler (ContextHandler.java:doStart(825)) - Started o.e.j.s.ServletContextHandler@3b360dc4{logs,/logs,file:///github/workspace/mnt/ozone/hadoop-ozone/integration-test/target/log,AVAILABLE}
2020-07-20 08:35:27,041 [Listener at 127.0.0.1/33185] INFO  handler.ContextHandler (ContextHandler.java:doStart(825)) - Started o.e.j.s.ServletContextHandler@1db533c1{static,/static,jar:file:/home/user/.m2/repository/org/apache/hadoop/hadoop-hdds-container-service/0.6.0-SNAPSHOT/hadoop-hdds-container-service-0.6.0-SNAPSHOT.jar!/webapps/static,AVAILABLE}
2020-07-20 08:35:27,116 [Listener at 127.0.0.1/33185] INFO  handler.ContextHandler (ContextHandler.java:doStart(825)) - Started o.e.j.w.WebAppContext@48d9bd34{hddsDatanode,/,file:///tmp/jetty-0_0_0_0-37063-hadoop-hdds-container-service-0_6_0-SNAPSHOT_jar-_-any-289419267291300145.dir/webapp/,AVAILABLE}{jar:file:/home/user/.m2/repository/org/apache/hadoop/hadoop-hdds-container-service/0.6.0-SNAPSHOT/hadoop-hdds-container-service-0.6.0-SNAPSHOT.jar!/webapps/hddsDatanode}
2020-07-20 08:35:27,117 [Listener at 127.0.0.1/33185] INFO  server.AbstractConnector (AbstractConnector.java:doStart(330)) - Started ServerConnector@77eee118{HTTP/1.1,[http/1.1]}{0.0.0.0:37063}
2020-07-20 08:35:27,117 [Listener at 127.0.0.1/33185] INFO  server.Server (Server.java:doStart(399)) - Started @319610ms
2020-07-20 08:35:27,117 [Listener at 127.0.0.1/33185] WARN  impl.MetricsSystemImpl (MetricsSystemImpl.java:register(276)) - Sink prometheus already exists!
2020-07-20 08:35:27,120 [Listener at 127.0.0.1/33185] INFO  http.BaseHttpServer (BaseHttpServer.java:updateConnectorAddress(327)) - HTTP server of hddsDatanode listening at http://0.0.0.0:37063
2020-07-20 08:35:27,121 [Listener at 127.0.0.1/33185] INFO  ozone.MiniOzoneClusterImpl (MiniOzoneClusterImpl.java:lambda$waitForClusterToBeReady$0(177)) - Waiting for nodes to be ready. Got 0 of 7 DN Heartbeats.
2020-07-20 08:35:27,121 [Listener at 127.0.0.1/33185] INFO  ozone.MiniOzoneClusterImpl (MiniOzoneClusterImpl.java:lambda$waitForClusterToBeReady$0(180)) - Waiting for cluster to exit safe mode
2020-07-20 08:35:27,128 [org.apache.hadoop.util.JvmPauseMonitor$Monitor@71b38ecf] INFO  util.JvmPauseMonitor (JvmPauseMonitor.java:run(188)) - Starting JVM pause monitor
2020-07-20 08:35:27,128 [Datanode State Machine Thread - 0] INFO  datanode.InitDatanodeState (InitDatanodeState.java:persistContainerDatanodeDetails(145)) - DatanodeDetails is persisted to /github/workspace/mnt/ozone/hadoop-ozone/integration-test/target/test-dir/MiniOzoneClusterImpl-77fe6979-9426-4b74-982f-524262e25198/datanode-6/meta/datanode.id
2020-07-20 08:35:28,122 [Listener at 127.0.0.1/33185] INFO  ozone.MiniOzoneClusterImpl (MiniOzoneClusterImpl.java:lambda$waitForClusterToBeReady$0(177)) - Waiting for nodes to be ready. Got 0 of 7 DN Heartbeats.
2020-07-20 08:35:28,122 [Listener at 127.0.0.1/33185] INFO  ozone.MiniOzoneClusterImpl (MiniOzoneClusterImpl.java:lambda$waitForClusterToBeReady$0(180)) - Waiting for cluster to exit safe mode
2020-07-20 08:35:28,353 [Datanode State Machine Thread - 0] INFO  ozoneimpl.OzoneContainer (OzoneContainer.java:start(233)) - Attempting to start container services.
2020-07-20 08:35:28,353 [Datanode State Machine Thread - 0] INFO  ozoneimpl.OzoneContainer (OzoneContainer.java:startContainerScrub(197)) - Background container scanner has been disabled.
2020-07-20 08:35:28,353 [Datanode State Machine Thread - 0] INFO  ratis.XceiverServerRatis (XceiverServerRatis.java:start(438)) - Starting XceiverServerRatis 8aff4af6-6cc7-479f-9fca-879319b0e7e4 at port 0
2020-07-20 08:35:28,360 [Datanode State Machine Thread - 0] INFO  impl.RaftServerProxy (RaftServerProxy.java:lambda$start$3(304)) - 8aff4af6-6cc7-479f-9fca-879319b0e7e4: start RPC server
2020-07-20 08:35:28,361 [Datanode State Machine Thread - 0] INFO  server.GrpcService (GrpcService.java:startImpl(160)) - 8aff4af6-6cc7-479f-9fca-879319b0e7e4: GrpcService started, listening on 0.0.0.0/0.0.0.0:44873
2020-07-20 08:35:28,361 [Datanode State Machine Thread - 0] INFO  ratis.XceiverServerRatis (XceiverServerRatis.java:start(450)) - XceiverServerRatis 8aff4af6-6cc7-479f-9fca-879319b0e7e4 is started using port 44873
2020-07-20 08:35:28,361 [Datanode State Machine Thread - 0] INFO  server.XceiverServerGrpc (XceiverServerGrpc.java:start(145)) - XceiverServerGrpc 8aff4af6-6cc7-479f-9fca-879319b0e7e4 is started using port 46109
2020-07-20 08:35:28,463 [Datanode State Machine Thread - 0] INFO  ozoneimpl.OzoneContainer (OzoneContainer.java:start(233)) - Attempting to start container services.
2020-07-20 08:35:28,464 [Datanode State Machine Thread - 0] INFO  ozoneimpl.OzoneContainer (OzoneContainer.java:startContainerScrub(197)) - Background container scanner has been disabled.
2020-07-20 08:35:28,464 [Datanode State Machine Thread - 0] INFO  ratis.XceiverServerRatis (XceiverServerRatis.java:start(438)) - Starting XceiverServerRatis 7cb3e755-c8bb-4f00-be15-bc5c4dd112b5 at port 0
2020-07-20 08:35:28,465 [Datanode State Machine Thread - 0] INFO  impl.RaftServerProxy (RaftServerProxy.java:lambda$start$3(304)) - 7cb3e755-c8bb-4f00-be15-bc5c4dd112b5: start RPC server
2020-07-20 08:35:28,468 [Datanode State Machine Thread - 0] INFO  server.GrpcService (GrpcService.java:startImpl(160)) - 7cb3e755-c8bb-4f00-be15-bc5c4dd112b5: GrpcService started, listening on 0.0.0.0/0.0.0.0:45527
2020-07-20 08:35:28,468 [Datanode State Machine Thread - 0] INFO  ratis.XceiverServerRatis (XceiverServerRatis.java:start(450)) - XceiverServerRatis 7cb3e755-c8bb-4f00-be15-bc5c4dd112b5 is started using port 45527
2020-07-20 08:35:28,468 [Datanode State Machine Thread - 0] INFO  server.XceiverServerGrpc (XceiverServerGrpc.java:start(145)) - XceiverServerGrpc 7cb3e755-c8bb-4f00-be15-bc5c4dd112b5 is started using port 36023
2020-07-20 08:35:28,597 [Datanode State Machine Thread - 0] INFO  ozoneimpl.OzoneContainer (OzoneContainer.java:start(233)) - Attempting to start container services.
2020-07-20 08:35:28,597 [Datanode State Machine Thread - 0] INFO  ozoneimpl.OzoneContainer (OzoneContainer.java:startContainerScrub(197)) - Background container scanner has been disabled.
2020-07-20 08:35:28,597 [Datanode State Machine Thread - 0] INFO  ratis.XceiverServerRatis (XceiverServerRatis.java:start(438)) - Starting XceiverServerRatis d7c912f8-2b11-470a-8112-2e2f3de1c844 at port 0
2020-07-20 08:35:28,598 [Datanode State Machine Thread - 0] INFO  impl.RaftServerProxy (RaftServerProxy.java:lambda$start$3(304)) - d7c912f8-2b11-470a-8112-2e2f3de1c844: start RPC server
2020-07-20 08:35:28,598 [Datanode State Machine Thread - 0] INFO  server.GrpcService (GrpcService.java:startImpl(160)) - d7c912f8-2b11-470a-8112-2e2f3de1c844: GrpcService started, listening on 0.0.0.0/0.0.0.0:43855
2020-07-20 08:35:28,598 [Datanode State Machine Thread - 0] INFO  ratis.XceiverServerRatis (XceiverServerRatis.java:start(450)) - XceiverServerRatis d7c912f8-2b11-470a-8112-2e2f3de1c844 is started using port 43855
2020-07-20 08:35:28,599 [Datanode State Machine Thread - 0] INFO  server.XceiverServerGrpc (XceiverServerGrpc.java:start(145)) - XceiverServerGrpc d7c912f8-2b11-470a-8112-2e2f3de1c844 is started using port 43203
2020-07-20 08:35:28,761 [Datanode State Machine Thread - 0] INFO  ozoneimpl.OzoneContainer (OzoneContainer.java:start(233)) - Attempting to start container services.
2020-07-20 08:35:28,762 [Datanode State Machine Thread - 0] INFO  ozoneimpl.OzoneContainer (OzoneContainer.java:startContainerScrub(197)) - Background container scanner has been disabled.
2020-07-20 08:35:28,762 [Datanode State Machine Thread - 0] INFO  ratis.XceiverServerRatis (XceiverServerRatis.java:start(438)) - Starting XceiverServerRatis 2385bf93-00fb-4b21-a15d-4691d542b867 at port 0
2020-07-20 08:35:28,763 [Datanode State Machine Thread - 0] INFO  impl.RaftServerProxy (RaftServerProxy.java:lambda$start$3(304)) - 2385bf93-00fb-4b21-a15d-4691d542b867: start RPC server
2020-07-20 08:35:28,763 [Datanode State Machine Thread - 0] INFO  server.GrpcService (GrpcService.java:startImpl(160)) - 2385bf93-00fb-4b21-a15d-4691d542b867: GrpcService started, listening on 0.0.0.0/0.0.0.0:36609
2020-07-20 08:35:28,763 [Datanode State Machine Thread - 0] INFO  ratis.XceiverServerRatis (XceiverServerRatis.java:start(450)) - XceiverServerRatis 2385bf93-00fb-4b21-a15d-4691d542b867 is started using port 36609
2020-07-20 08:35:28,766 [Datanode State Machine Thread - 0] INFO  server.XceiverServerGrpc (XceiverServerGrpc.java:start(145)) - XceiverServerGrpc 2385bf93-00fb-4b21-a15d-4691d542b867 is started using port 38171
2020-07-20 08:35:28,891 [Datanode State Machine Thread - 0] INFO  ozoneimpl.OzoneContainer (OzoneContainer.java:start(233)) - Attempting to start container services.
2020-07-20 08:35:28,891 [Datanode State Machine Thread - 0] INFO  ozoneimpl.OzoneContainer (OzoneContainer.java:startContainerScrub(197)) - Background container scanner has been disabled.
2020-07-20 08:35:28,891 [Datanode State Machine Thread - 0] INFO  ratis.XceiverServerRatis (XceiverServerRatis.java:start(438)) - Starting XceiverServerRatis be0851b3-0322-40a6-8ce8-d00f153a9faf at port 0
2020-07-20 08:35:28,892 [Datanode State Machine Thread - 0] INFO  impl.RaftServerProxy (RaftServerProxy.java:lambda$start$3(304)) - be0851b3-0322-40a6-8ce8-d00f153a9faf: start RPC server
2020-07-20 08:35:28,892 [Datanode State Machine Thread - 0] INFO  server.GrpcService (GrpcService.java:startImpl(160)) - be0851b3-0322-40a6-8ce8-d00f153a9faf: GrpcService started, listening on 0.0.0.0/0.0.0.0:36267
2020-07-20 08:35:28,892 [Datanode State Machine Thread - 0] INFO  ratis.XceiverServerRatis (XceiverServerRatis.java:start(450)) - XceiverServerRatis be0851b3-0322-40a6-8ce8-d00f153a9faf is started using port 36267
2020-07-20 08:35:28,893 [Datanode State Machine Thread - 0] INFO  server.XceiverServerGrpc (XceiverServerGrpc.java:start(145)) - XceiverServerGrpc be0851b3-0322-40a6-8ce8-d00f153a9faf is started using port 39677
2020-07-20 08:35:29,030 [Datanode State Machine Thread - 0] INFO  ozoneimpl.OzoneContainer (OzoneContainer.java:start(233)) - Attempting to start container services.
2020-07-20 08:35:29,031 [Datanode State Machine Thread - 0] INFO  ozoneimpl.OzoneContainer (OzoneContainer.java:startContainerScrub(197)) - Background container scanner has been disabled.
2020-07-20 08:35:29,031 [Datanode State Machine Thread - 0] INFO  ratis.XceiverServerRatis (XceiverServerRatis.java:start(438)) - Starting XceiverServerRatis a427f57b-033e-4f4a-af2c-a26eb345c30a at port 0
2020-07-20 08:35:29,033 [Datanode State Machine Thread - 0] INFO  impl.RaftServerProxy (RaftServerProxy.java:lambda$start$3(304)) - a427f57b-033e-4f4a-af2c-a26eb345c30a: start RPC server
2020-07-20 08:35:29,043 [Datanode State Machine Thread - 0] INFO  server.GrpcService (GrpcService.java:startImpl(160)) - a427f57b-033e-4f4a-af2c-a26eb345c30a: GrpcService started, listening on 0.0.0.0/0.0.0.0:39469
2020-07-20 08:35:29,043 [Datanode State Machine Thread - 0] INFO  ratis.XceiverServerRatis (XceiverServerRatis.java:start(450)) - XceiverServerRatis a427f57b-033e-4f4a-af2c-a26eb345c30a is started using port 39469
2020-07-20 08:35:29,043 [Datanode State Machine Thread - 0] INFO  server.XceiverServerGrpc (XceiverServerGrpc.java:start(145)) - XceiverServerGrpc a427f57b-033e-4f4a-af2c-a26eb345c30a is started using port 42129
2020-07-20 08:35:29,122 [Listener at 127.0.0.1/33185] INFO  ozone.MiniOzoneClusterImpl (MiniOzoneClusterImpl.java:lambda$waitForClusterToBeReady$0(177)) - Waiting for nodes to be ready. Got 0 of 7 DN Heartbeats.
2020-07-20 08:35:29,122 [Listener at 127.0.0.1/33185] INFO  ozone.MiniOzoneClusterImpl (MiniOzoneClusterImpl.java:lambda$waitForClusterToBeReady$0(180)) - Waiting for cluster to exit safe mode
2020-07-20 08:35:29,129 [Datanode State Machine Thread - 0] INFO  ozoneimpl.OzoneContainer (OzoneContainer.java:start(233)) - Attempting to start container services.
2020-07-20 08:35:29,130 [Datanode State Machine Thread - 0] INFO  ozoneimpl.OzoneContainer (OzoneContainer.java:startContainerScrub(197)) - Background container scanner has been disabled.
2020-07-20 08:35:29,130 [Datanode State Machine Thread - 0] INFO  ratis.XceiverServerRatis (XceiverServerRatis.java:start(438)) - Starting XceiverServerRatis 3919f044-c444-401f-b769-0fe77364d419 at port 0
2020-07-20 08:35:29,130 [Datanode State Machine Thread - 0] INFO  impl.RaftServerProxy (RaftServerProxy.java:lambda$start$3(304)) - 3919f044-c444-401f-b769-0fe77364d419: start RPC server
2020-07-20 08:35:29,131 [Datanode State Machine Thread - 0] INFO  server.GrpcService (GrpcService.java:startImpl(160)) - 3919f044-c444-401f-b769-0fe77364d419: GrpcService started, listening on 0.0.0.0/0.0.0.0:35003
2020-07-20 08:35:29,131 [Datanode State Machine Thread - 0] INFO  ratis.XceiverServerRatis (XceiverServerRatis.java:start(450)) - XceiverServerRatis 3919f044-c444-401f-b769-0fe77364d419 is started using port 35003
2020-07-20 08:35:29,132 [Datanode State Machine Thread - 0] INFO  server.XceiverServerGrpc (XceiverServerGrpc.java:start(145)) - XceiverServerGrpc 3919f044-c444-401f-b769-0fe77364d419 is started using port 33891
2020-07-20 08:35:30,123 [Listener at 127.0.0.1/33185] INFO  ozone.MiniOzoneClusterImpl (MiniOzoneClusterImpl.java:lambda$waitForClusterToBeReady$0(177)) - Waiting for nodes to be ready. Got 0 of 7 DN Heartbeats.
2020-07-20 08:35:30,123 [Listener at 127.0.0.1/33185] INFO  ozone.MiniOzoneClusterImpl (MiniOzoneClusterImpl.java:lambda$waitForClusterToBeReady$0(180)) - Waiting for cluster to exit safe mode
2020-07-20 08:35:30,349 [IPC Server handler 1 on default port 44185] INFO  net.NetworkTopology (NetworkTopologyImpl.java:add(111)) - Added a new node: /default-rack/8aff4af6-6cc7-479f-9fca-879319b0e7e4
2020-07-20 08:35:30,352 [IPC Server handler 1 on default port 44185] INFO  node.SCMNodeManager (SCMNodeManager.java:register(273)) - Registered Data node : 8aff4af6-6cc7-479f-9fca-879319b0e7e4{ip: 172.17.0.2, host: 795ad43b6c28, networkLocation: /default-rack, certSerialId: null}
2020-07-20 08:35:30,352 [RatisPipelineUtilsThread] INFO  pipeline.RatisPipelineProvider (RatisPipelineProvider.java:lambda$create$0(138)) - Sending CreatePipelineCommand for pipeline:PipelineID=ef12d9c4-cb08-4b58-8f77-cac960e322ab to datanode:8aff4af6-6cc7-479f-9fca-879319b0e7e4
2020-07-20 08:35:30,353 [EventQueue-NodeRegistrationContainerReportForContainerSafeModeRule] INFO  safemode.SCMSafeModeManager (SCMSafeModeManager.java:validateSafeModeExitRules(214)) - ContainerSafeModeRule rule is successfully validated
2020-07-20 08:35:30,354 [EventQueue-NodeRegistrationContainerReportForDataNodeSafeModeRule] INFO  safemode.SCMSafeModeManager (DataNodeSafeModeRule.java:process(71)) - SCM in safe mode. 1 DataNodes registered, 1 required.
2020-07-20 08:35:30,354 [RatisPipelineUtilsThread] INFO  pipeline.PipelineStateManager (PipelineStateManager.java:addPipeline(54)) - Created pipeline Pipeline[ Id: ef12d9c4-cb08-4b58-8f77-cac960e322ab, Nodes: 8aff4af6-6cc7-479f-9fca-879319b0e7e4{ip: 172.17.0.2, host: 795ad43b6c28, networkLocation: /default-rack, certSerialId: null}, Type:RATIS, Factor:ONE, State:ALLOCATED, leaderId:, CreationTimestamp2020-07-20T08:35:30.352Z]
2020-07-20 08:35:30,354 [RatisPipelineUtilsThread] ERROR pipeline.SCMPipelineManager (SCMPipelineManager.java:createPipeline(275)) - Failed to create pipeline of type RATIS and factor ONE. Exception: Cannot create pipeline of factor 1 using 0 nodes. Used 1 nodes. Healthy nodes 1
2020-07-20 08:35:30,356 [EventQueue-NodeRegistrationContainerReportForDataNodeSafeModeRule] INFO  safemode.SCMSafeModeManager (SCMSafeModeManager.java:validateSafeModeExitRules(214)) - DataNodeSafeModeRule rule is successfully validated
2020-07-20 08:35:30,356 [EventQueue-NodeRegistrationContainerReportForDataNodeSafeModeRule] INFO  safemode.SCMSafeModeManager (SCMSafeModeManager.java:completePreCheck(242)) - All SCM safe mode pre check rules have passed
2020-07-20 08:35:30,357 [RatisPipelineUtilsThread] ERROR pipeline.SCMPipelineManager (SCMPipelineManager.java:createPipeline(275)) - Failed to create pipeline of type RATIS and factor ONE. Exception: Cannot create pipeline of factor 1 using 0 nodes. Used 1 nodes. Healthy nodes 1
2020-07-20 08:35:30,357 [RatisPipelineUtilsThread] WARN  pipeline.PipelinePlacementPolicy (PipelinePlacementPolicy.java:filterViableNodes(133)) - Pipeline creation failed due to no sufficient healthy datanodes. Required 3. Found 1.
2020-07-20 08:35:30,357 [RatisPipelineUtilsThread] ERROR pipeline.SCMPipelineManager (SCMPipelineManager.java:createPipeline(275)) - Failed to create pipeline of type RATIS and factor THREE. Exception: Pipeline creation failed due to no sufficient healthy datanodes. Required 3. Found 1.
2020-07-20 08:35:30,461 [IPC Server handler 2 on default port 44185] INFO  net.NetworkTopology (NetworkTopologyImpl.java:add(111)) - Added a new node: /default-rack/7cb3e755-c8bb-4f00-be15-bc5c4dd112b5
2020-07-20 08:35:30,461 [IPC Server handler 2 on default port 44185] INFO  node.SCMNodeManager (SCMNodeManager.java:register(273)) - Registered Data node : 7cb3e755-c8bb-4f00-be15-bc5c4dd112b5{ip: 172.17.0.2, host: 795ad43b6c28, networkLocation: /default-rack, certSerialId: null}
2020-07-20 08:35:30,461 [EventQueue-NodeRegistrationContainerReportForContainerSafeModeRule] INFO  safemode.SCMSafeModeManager (SCMSafeModeManager.java:validateSafeModeExitRules(214)) - ContainerSafeModeRule rule is successfully validated
2020-07-20 08:35:30,462 [EventQueue-NodeRegistrationContainerReportForDataNodeSafeModeRule] INFO  safemode.SCMSafeModeManager (SCMSafeModeManager.java:validateSafeModeExitRules(214)) - DataNodeSafeModeRule rule is successfully validated
2020-07-20 08:35:30,462 [RatisPipelineUtilsThread] INFO  pipeline.RatisPipelineProvider (RatisPipelineProvider.java:lambda$create$0(138)) - Sending CreatePipelineCommand for pipeline:PipelineID=aff47c86-ddaa-4c2c-95b2-add4e95c7d82 to datanode:7cb3e755-c8bb-4f00-be15-bc5c4dd112b5
2020-07-20 08:35:30,462 [RatisPipelineUtilsThread] INFO  pipeline.PipelineStateManager (PipelineStateManager.java:addPipeline(54)) - Created pipeline Pipeline[ Id: aff47c86-ddaa-4c2c-95b2-add4e95c7d82, Nodes: 7cb3e755-c8bb-4f00-be15-bc5c4dd112b5{ip: 172.17.0.2, host: 795ad43b6c28, networkLocation: /default-rack, certSerialId: null}, Type:RATIS, Factor:ONE, State:ALLOCATED, leaderId:, CreationTimestamp2020-07-20T08:35:30.462Z]
2020-07-20 08:35:30,462 [RatisPipelineUtilsThread] ERROR pipeline.SCMPipelineManager (SCMPipelineManager.java:createPipeline(275)) - Failed to create pipeline of type RATIS and factor ONE. Exception: Cannot create pipeline of factor 1 using 0 nodes. Used 2 nodes. Healthy nodes 2
2020-07-20 08:35:30,463 [RatisPipelineUtilsThread] WARN  pipeline.PipelinePlacementPolicy (PipelinePlacementPolicy.java:filterViableNodes(133)) - Pipeline creation failed due to no sufficient healthy datanodes. Required 3. Found 2.
2020-07-20 08:35:30,463 [RatisPipelineUtilsThread] ERROR pipeline.SCMPipelineManager (SCMPipelineManager.java:createPipeline(275)) - Failed to create pipeline of type RATIS and factor THREE. Exception: Pipeline creation failed due to no sufficient healthy datanodes. Required 3. Found 2.
2020-07-20 08:35:30,596 [IPC Server handler 3 on default port 44185] INFO  net.NetworkTopology (NetworkTopologyImpl.java:add(111)) - Added a new node: /default-rack/d7c912f8-2b11-470a-8112-2e2f3de1c844
2020-07-20 08:35:30,596 [IPC Server handler 3 on default port 44185] INFO  node.SCMNodeManager (SCMNodeManager.java:register(273)) - Registered Data node : d7c912f8-2b11-470a-8112-2e2f3de1c844{ip: 172.17.0.2, host: 795ad43b6c28, networkLocation: /default-rack, certSerialId: null}
2020-07-20 08:35:30,597 [EventQueue-NodeRegistrationContainerReportForContainerSafeModeRule] INFO  safemode.SCMSafeModeManager (SCMSafeModeManager.java:validateSafeModeExitRules(214)) - ContainerSafeModeRule rule is successfully validated
2020-07-20 08:35:30,597 [EventQueue-NodeRegistrationContainerReportForDataNodeSafeModeRule] INFO  safemode.SCMSafeModeManager (SCMSafeModeManager.java:validateSafeModeExitRules(214)) - DataNodeSafeModeRule rule is successfully validated
2020-07-20 08:35:30,597 [RatisPipelineUtilsThread] INFO  pipeline.RatisPipelineProvider (RatisPipelineProvider.java:lambda$create$0(138)) - Sending CreatePipelineCommand for pipeline:PipelineID=8af61142-beb9-4b35-88a3-ab3f7b191960 to datanode:d7c912f8-2b11-470a-8112-2e2f3de1c844
2020-07-20 08:35:30,597 [RatisPipelineUtilsThread] INFO  pipeline.PipelineStateManager (PipelineStateManager.java:addPipeline(54)) - Created pipeline Pipeline[ Id: 8af61142-beb9-4b35-88a3-ab3f7b191960, Nodes: d7c912f8-2b11-470a-8112-2e2f3de1c844{ip: 172.17.0.2, host: 795ad43b6c28, networkLocation: /default-rack, certSerialId: null}, Type:RATIS, Factor:ONE, State:ALLOCATED, leaderId:, CreationTimestamp2020-07-20T08:35:30.597Z]
2020-07-20 08:35:30,597 [RatisPipelineUtilsThread] ERROR pipeline.SCMPipelineManager (SCMPipelineManager.java:createPipeline(275)) - Failed to create pipeline of type RATIS and factor ONE. Exception: Cannot create pipeline of factor 1 using 0 nodes. Used 3 nodes. Healthy nodes 3
2020-07-20 08:35:30,598 [RatisPipelineUtilsThread] INFO  pipeline.RatisPipelineProvider (RatisPipelineProvider.java:lambda$create$0(138)) - Sending CreatePipelineCommand for pipeline:PipelineID=f7c62648-2a61-4adf-bbe9-b98aa3197be4 to datanode:7cb3e755-c8bb-4f00-be15-bc5c4dd112b5
2020-07-20 08:35:30,598 [RatisPipelineUtilsThread] INFO  pipeline.RatisPipelineProvider (RatisPipelineProvider.java:lambda$create$0(138)) - Sending CreatePipelineCommand for pipeline:PipelineID=f7c62648-2a61-4adf-bbe9-b98aa3197be4 to datanode:d7c912f8-2b11-470a-8112-2e2f3de1c844
2020-07-20 08:35:30,598 [RatisPipelineUtilsThread] INFO  pipeline.RatisPipelineProvider (RatisPipelineProvider.java:lambda$create$0(138)) - Sending CreatePipelineCommand for pipeline:PipelineID=f7c62648-2a61-4adf-bbe9-b98aa3197be4 to datanode:8aff4af6-6cc7-479f-9fca-879319b0e7e4
2020-07-20 08:35:30,598 [RatisPipelineUtilsThread] INFO  pipeline.PipelineStateManager (PipelineStateManager.java:addPipeline(54)) - Created pipeline Pipeline[ Id: f7c62648-2a61-4adf-bbe9-b98aa3197be4, Nodes: 7cb3e755-c8bb-4f00-be15-bc5c4dd112b5{ip: 172.17.0.2, host: 795ad43b6c28, networkLocation: /default-rack, certSerialId: null}d7c912f8-2b11-470a-8112-2e2f3de1c844{ip: 172.17.0.2, host: 795ad43b6c28, networkLocation: /default-rack, certSerialId: null}8aff4af6-6cc7-479f-9fca-879319b0e7e4{ip: 172.17.0.2, host: 795ad43b6c28, networkLocation: /default-rack, certSerialId: null}, Type:RATIS, Factor:THREE, State:ALLOCATED, leaderId:, CreationTimestamp2020-07-20T08:35:30.598Z]
2020-07-20 08:35:30,598 [RatisPipelineUtilsThread] INFO  pipeline.RatisPipelineProvider (RatisPipelineProvider.java:lambda$create$0(138)) - Sending CreatePipelineCommand for pipeline:PipelineID=f9bee2f1-1abd-48d4-ab94-75b56ba316c6 to datanode:7cb3e755-c8bb-4f00-be15-bc5c4dd112b5
2020-07-20 08:35:30,598 [RatisPipelineUtilsThread] INFO  pipeline.RatisPipelineProvider (RatisPipelineProvider.java:lambda$create$0(138)) - Sending CreatePipelineCommand for pipeline:PipelineID=f9bee2f1-1abd-48d4-ab94-75b56ba316c6 to datanode:d7c912f8-2b11-470a-8112-2e2f3de1c844
2020-07-20 08:35:30,598 [RatisPipelineUtilsThread] INFO  pipeline.RatisPipelineProvider (RatisPipelineProvider.java:lambda$create$0(138)) - Sending CreatePipelineCommand for pipeline:PipelineID=f9bee2f1-1abd-48d4-ab94-75b56ba316c6 to datanode:8aff4af6-6cc7-479f-9fca-879319b0e7e4
2020-07-20 08:35:30,599 [RatisPipelineUtilsThread] INFO  pipeline.PipelineStateManager (PipelineStateManager.java:addPipeline(54)) - Created pipeline Pipeline[ Id: f9bee2f1-1abd-48d4-ab94-75b56ba316c6, Nodes: 7cb3e755-c8bb-4f00-be15-bc5c4dd112b5{ip: 172.17.0.2, host: 795ad43b6c28, networkLocation: /default-rack, certSerialId: null}d7c912f8-2b11-470a-8112-2e2f3de1c844{ip: 172.17.0.2, host: 795ad43b6c28, networkLocation: /default-rack, certSerialId: null}8aff4af6-6cc7-479f-9fca-879319b0e7e4{ip: 172.17.0.2, host: 795ad43b6c28, networkLocation: /default-rack, certSerialId: null}, Type:RATIS, Factor:THREE, State:ALLOCATED, leaderId:, CreationTimestamp2020-07-20T08:35:30.598Z]
2020-07-20 08:35:30,599 [RatisPipelineUtilsThread] INFO  pipeline.SCMPipelineManager (SCMPipelineManager.java:recordMetricsForPipeline(240)) - Pipeline: PipelineID=f9bee2f1-1abd-48d4-ab94-75b56ba316c6 contains same datanodes as previous pipelines: PipelineID=f7c62648-2a61-4adf-bbe9-b98aa3197be4 nodeIds: 7cb3e755-c8bb-4f00-be15-bc5c4dd112b5, d7c912f8-2b11-470a-8112-2e2f3de1c844, 8aff4af6-6cc7-479f-9fca-879319b0e7e4
2020-07-20 08:35:30,600 [RatisPipelineUtilsThread] ERROR pipeline.SCMPipelineManager (SCMPipelineManager.java:createPipeline(275)) - Failed to create pipeline of type RATIS and factor THREE. Exception: Pipeline creation failed because nodes are engaged in other pipelines and every node can only be engaged in max 3 pipelines. Required 3. Found 0
2020-07-20 08:35:30,760 [IPC Server handler 4 on default port 44185] INFO  net.NetworkTopology (NetworkTopologyImpl.java:add(111)) - Added a new node: /default-rack/2385bf93-00fb-4b21-a15d-4691d542b867
2020-07-20 08:35:30,760 [IPC Server handler 4 on default port 44185] INFO  node.SCMNodeManager (SCMNodeManager.java:register(273)) - Registered Data node : 2385bf93-00fb-4b21-a15d-4691d542b867{ip: 172.17.0.2, host: 795ad43b6c28, networkLocation: /default-rack, certSerialId: null}
2020-07-20 08:35:30,760 [EventQueue-NodeRegistrationContainerReportForContainerSafeModeRule] INFO  safemode.SCMSafeModeManager (SCMSafeModeManager.java:validateSafeModeExitRules(214)) - ContainerSafeModeRule rule is successfully validated
2020-07-20 08:35:30,760 [EventQueue-NodeRegistrationContainerReportForDataNodeSafeModeRule] INFO  safemode.SCMSafeModeManager (SCMSafeModeManager.java:validateSafeModeExitRules(214)) - DataNodeSafeModeRule rule is successfully validated
2020-07-20 08:35:30,761 [RatisPipelineUtilsThread] INFO  pipeline.RatisPipelineProvider (RatisPipelineProvider.java:lambda$create$0(138)) - Sending CreatePipelineCommand for pipeline:PipelineID=96541ff9-665c-4226-8dd9-2379f1448477 to datanode:2385bf93-00fb-4b21-a15d-4691d542b867
2020-07-20 08:35:30,761 [RatisPipelineUtilsThread] INFO  pipeline.PipelineStateManager (PipelineStateManager.java:addPipeline(54)) - Created pipeline Pipeline[ Id: 96541ff9-665c-4226-8dd9-2379f1448477, Nodes: 2385bf93-00fb-4b21-a15d-4691d542b867{ip: 172.17.0.2, host: 795ad43b6c28, networkLocation: /default-rack, certSerialId: null}, Type:RATIS, Factor:ONE, State:ALLOCATED, leaderId:, CreationTimestamp2020-07-20T08:35:30.761Z]
2020-07-20 08:35:30,761 [RatisPipelineUtilsThread] ERROR pipeline.SCMPipelineManager (SCMPipelineManager.java:createPipeline(275)) - Failed to create pipeline of type RATIS and factor ONE. Exception: Cannot create pipeline of factor 1 using 0 nodes. Used 4 nodes. Healthy nodes 4
2020-07-20 08:35:30,762 [RatisPipelineUtilsThread] ERROR pipeline.SCMPipelineManager (SCMPipelineManager.java:createPipeline(275)) - Failed to create pipeline of type RATIS and factor THREE. Exception: Pipeline creation failed because nodes are engaged in other pipelines and every node can only be engaged in max 3 pipelines. Required 3. Found 1
2020-07-20 08:35:30,890 [IPC Server handler 5 on default port 44185] INFO  net.NetworkTopology (NetworkTopologyImpl.java:add(111)) - Added a new node: /default-rack/be0851b3-0322-40a6-8ce8-d00f153a9faf
2020-07-20 08:35:30,891 [IPC Server handler 5 on default port 44185] INFO  node.SCMNodeManager (SCMNodeManager.java:register(273)) - Registered Data node : be0851b3-0322-40a6-8ce8-d00f153a9faf{ip: 172.17.0.2, host: 795ad43b6c28, networkLocation: /default-rack, certSerialId: null}
2020-07-20 08:35:30,891 [EventQueue-NodeRegistrationContainerReportForContainerSafeModeRule] INFO  safemode.SCMSafeModeManager (SCMSafeModeManager.java:validateSafeModeExitRules(214)) - ContainerSafeModeRule rule is successfully validated
2020-07-20 08:35:30,891 [EventQueue-NodeRegistrationContainerReportForDataNodeSafeModeRule] INFO  safemode.SCMSafeModeManager (SCMSafeModeManager.java:validateSafeModeExitRules(214)) - DataNodeSafeModeRule rule is successfully validated
2020-07-20 08:35:30,891 [RatisPipelineUtilsThread] INFO  pipeline.RatisPipelineProvider (RatisPipelineProvider.java:lambda$create$0(138)) - Sending CreatePipelineCommand for pipeline:PipelineID=8ee1dee4-40ce-41a1-8fc0-58530e919918 to datanode:be0851b3-0322-40a6-8ce8-d00f153a9faf
2020-07-20 08:35:30,892 [RatisPipelineUtilsThread] INFO  pipeline.PipelineStateManager (PipelineStateManager.java:addPipeline(54)) - Created pipeline Pipeline[ Id: 8ee1dee4-40ce-41a1-8fc0-58530e919918, Nodes: be0851b3-0322-40a6-8ce8-d00f153a9faf{ip: 172.17.0.2, host: 795ad43b6c28, networkLocation: /default-rack, certSerialId: null}, Type:RATIS, Factor:ONE, State:ALLOCATED, leaderId:, CreationTimestamp2020-07-20T08:35:30.891Z]
2020-07-20 08:35:30,892 [RatisPipelineUtilsThread] ERROR pipeline.SCMPipelineManager (SCMPipelineManager.java:createPipeline(275)) - Failed to create pipeline of type RATIS and factor ONE. Exception: Cannot create pipeline of factor 1 using 0 nodes. Used 5 nodes. Healthy nodes 5
2020-07-20 08:35:30,892 [RatisPipelineUtilsThread] ERROR pipeline.SCMPipelineManager (SCMPipelineManager.java:createPipeline(275)) - Failed to create pipeline of type RATIS and factor THREE. Exception: Pipeline creation failed because nodes are engaged in other pipelines and every node can only be engaged in max 3 pipelines. Required 3. Found 2
2020-07-20 08:35:31,029 [IPC Server handler 6 on default port 44185] INFO  net.NetworkTopology (NetworkTopologyImpl.java:add(111)) - Added a new node: /default-rack/a427f57b-033e-4f4a-af2c-a26eb345c30a
2020-07-20 08:35:31,030 [IPC Server handler 6 on default port 44185] INFO  node.SCMNodeManager (SCMNodeManager.java:register(273)) - Registered Data node : a427f57b-033e-4f4a-af2c-a26eb345c30a{ip: 172.17.0.2, host: 795ad43b6c28, networkLocation: /default-rack, certSerialId: null}
2020-07-20 08:35:31,030 [EventQueue-NodeRegistrationContainerReportForDataNodeSafeModeRule] INFO  safemode.SCMSafeModeManager (SCMSafeModeManager.java:validateSafeModeExitRules(214)) - DataNodeSafeModeRule rule is successfully validated
2020-07-20 08:35:31,030 [EventQueue-NodeRegistrationContainerReportForContainerSafeModeRule] INFO  safemode.SCMSafeModeManager (SCMSafeModeManager.java:validateSafeModeExitRules(214)) - ContainerSafeModeRule rule is successfully validated
2020-07-20 08:35:31,034 [RatisPipelineUtilsThread] INFO  pipeline.RatisPipelineProvider (RatisPipelineProvider.java:lambda$create$0(138)) - Sending CreatePipelineCommand for pipeline:PipelineID=1dc62b56-38db-4747-a590-3ddc9b78938c to datanode:a427f57b-033e-4f4a-af2c-a26eb345c30a
2020-07-20 08:35:31,034 [RatisPipelineUtilsThread] INFO  pipeline.PipelineStateManager (PipelineStateManager.java:addPipeline(54)) - Created pipeline Pipeline[ Id: 1dc62b56-38db-4747-a590-3ddc9b78938c, Nodes: a427f57b-033e-4f4a-af2c-a26eb345c30a{ip: 172.17.0.2, host: 795ad43b6c28, networkLocation: /default-rack, certSerialId: null}, Type:RATIS, Factor:ONE, State:ALLOCATED, leaderId:, CreationTimestamp2020-07-20T08:35:31.034Z]
2020-07-20 08:35:31,034 [RatisPipelineUtilsThread] ERROR pipeline.SCMPipelineManager (SCMPipelineManager.java:createPipeline(275)) - Failed to create pipeline of type RATIS and factor ONE. Exception: Cannot create pipeline of factor 1 using 0 nodes. Used 6 nodes. Healthy nodes 6
2020-07-20 08:35:31,035 [RatisPipelineUtilsThread] INFO  pipeline.RatisPipelineProvider (RatisPipelineProvider.java:lambda$create$0(138)) - Sending CreatePipelineCommand for pipeline:PipelineID=f1e6931a-3535-455b-b0ea-f7b35d7d5d69 to datanode:2385bf93-00fb-4b21-a15d-4691d542b867
2020-07-20 08:35:31,035 [RatisPipelineUtilsThread] INFO  pipeline.RatisPipelineProvider (RatisPipelineProvider.java:lambda$create$0(138)) - Sending CreatePipelineCommand for pipeline:PipelineID=f1e6931a-3535-455b-b0ea-f7b35d7d5d69 to datanode:a427f57b-033e-4f4a-af2c-a26eb345c30a
2020-07-20 08:35:31,035 [RatisPipelineUtilsThread] INFO  pipeline.RatisPipelineProvider (RatisPipelineProvider.java:lambda$create$0(138)) - Sending CreatePipelineCommand for pipeline:PipelineID=f1e6931a-3535-455b-b0ea-f7b35d7d5d69 to datanode:be0851b3-0322-40a6-8ce8-d00f153a9faf
2020-07-20 08:35:31,035 [RatisPipelineUtilsThread] INFO  pipeline.PipelineStateManager (PipelineStateManager.java:addPipeline(54)) - Created pipeline Pipeline[ Id: f1e6931a-3535-455b-b0ea-f7b35d7d5d69, Nodes: 2385bf93-00fb-4b21-a15d-4691d542b867{ip: 172.17.0.2, host: 795ad43b6c28, networkLocation: /default-rack, certSerialId: null}a427f57b-033e-4f4a-af2c-a26eb345c30a{ip: 172.17.0.2, host: 795ad43b6c28, networkLocation: /default-rack, certSerialId: null}be0851b3-0322-40a6-8ce8-d00f153a9faf{ip: 172.17.0.2, host: 795ad43b6c28, networkLocation: /default-rack, certSerialId: null}, Type:RATIS, Factor:THREE, State:ALLOCATED, leaderId:, CreationTimestamp2020-07-20T08:35:31.035Z]
2020-07-20 08:35:31,035 [RatisPipelineUtilsThread] INFO  pipeline.RatisPipelineProvider (RatisPipelineProvider.java:lambda$create$0(138)) - Sending CreatePipelineCommand for pipeline:PipelineID=880b83f7-33db-4677-b2a6-810b540ded91 to datanode:2385bf93-00fb-4b21-a15d-4691d542b867
2020-07-20 08:35:31,035 [RatisPipelineUtilsThread] INFO  pipeline.RatisPipelineProvider (RatisPipelineProvider.java:lambda$create$0(138)) - Sending CreatePipelineCommand for pipeline:PipelineID=880b83f7-33db-4677-b2a6-810b540ded91 to datanode:a427f57b-033e-4f4a-af2c-a26eb345c30a
2020-07-20 08:35:31,036 [RatisPipelineUtilsThread] INFO  pipeline.RatisPipelineProvider (RatisPipelineProvider.java:lambda$create$0(138)) - Sending CreatePipelineCommand for pipeline:PipelineID=880b83f7-33db-4677-b2a6-810b540ded91 to datanode:be0851b3-0322-40a6-8ce8-d00f153a9faf
2020-07-20 08:35:31,036 [RatisPipelineUtilsThread] INFO  pipeline.PipelineStateManager (PipelineStateManager.java:addPipeline(54)) - Created pipeline Pipeline[ Id: 880b83f7-33db-4677-b2a6-810b540ded91, Nodes: 2385bf93-00fb-4b21-a15d-4691d542b867{ip: 172.17.0.2, host: 795ad43b6c28, networkLocation: /default-rack, certSerialId: null}a427f57b-033e-4f4a-af2c-a26eb345c30a{ip: 172.17.0.2, host: 795ad43b6c28, networkLocation: /default-rack, certSerialId: null}be0851b3-0322-40a6-8ce8-d00f153a9faf{ip: 172.17.0.2, host: 795ad43b6c28, networkLocation: /default-rack, certSerialId: null}, Type:RATIS, Factor:THREE, State:ALLOCATED, leaderId:, CreationTimestamp2020-07-20T08:35:31.035Z]
2020-07-20 08:35:31,036 [RatisPipelineUtilsThread] INFO  pipeline.SCMPipelineManager (SCMPipelineManager.java:recordMetricsForPipeline(240)) - Pipeline: PipelineID=880b83f7-33db-4677-b2a6-810b540ded91 contains same datanodes as previous pipelines: PipelineID=f1e6931a-3535-455b-b0ea-f7b35d7d5d69 nodeIds: 2385bf93-00fb-4b21-a15d-4691d542b867, a427f57b-033e-4f4a-af2c-a26eb345c30a, be0851b3-0322-40a6-8ce8-d00f153a9faf
2020-07-20 08:35:31,036 [RatisPipelineUtilsThread] ERROR pipeline.SCMPipelineManager (SCMPipelineManager.java:createPipeline(275)) - Failed to create pipeline of type RATIS and factor THREE. Exception: Pipeline creation failed because nodes are engaged in other pipelines and every node can only be engaged in max 3 pipelines. Required 3. Found 0
2020-07-20 08:35:31,123 [Listener at 127.0.0.1/33185] INFO  ozone.MiniOzoneClusterImpl (MiniOzoneClusterImpl.java:lambda$waitForClusterToBeReady$0(177)) - Waiting for nodes to be ready. Got 6 of 7 DN Heartbeats.
2020-07-20 08:35:31,123 [Listener at 127.0.0.1/33185] INFO  ozone.MiniOzoneClusterImpl (MiniOzoneClusterImpl.java:lambda$waitForClusterToBeReady$0(180)) - Waiting for cluster to exit safe mode
2020-07-20 08:35:31,128 [IPC Server handler 1 on default port 44185] INFO  net.NetworkTopology (NetworkTopologyImpl.java:add(111)) - Added a new node: /default-rack/3919f044-c444-401f-b769-0fe77364d419
2020-07-20 08:35:31,128 [IPC Server handler 1 on default port 44185] INFO  node.SCMNodeManager (SCMNodeManager.java:register(273)) - Registered Data node : 3919f044-c444-401f-b769-0fe77364d419{ip: 172.17.0.2, host: 795ad43b6c28, networkLocation: /default-rack, certSerialId: null}
2020-07-20 08:35:31,129 [EventQueue-NodeRegistrationContainerReportForContainerSafeModeRule] INFO  safemode.SCMSafeModeManager (SCMSafeModeManager.java:validateSafeModeExitRules(214)) - ContainerSafeModeRule rule is successfully validated
2020-07-20 08:35:31,129 [EventQueue-NodeRegistrationContainerReportForDataNodeSafeModeRule] INFO  safemode.SCMSafeModeManager (SCMSafeModeManager.java:validateSafeModeExitRules(214)) - DataNodeSafeModeRule rule is successfully validated
2020-07-20 08:35:31,131 [RatisPipelineUtilsThread] INFO  pipeline.RatisPipelineProvider (RatisPipelineProvider.java:lambda$create$0(138)) - Sending CreatePipelineCommand for pipeline:PipelineID=a926af43-8811-4f1b-b41f-8621978cd09e to datanode:3919f044-c444-401f-b769-0fe77364d419
2020-07-20 08:35:31,131 [RatisPipelineUtilsThread] INFO  pipeline.PipelineStateManager (PipelineStateManager.java:addPipeline(54)) - Created pipeline Pipeline[ Id: a926af43-8811-4f1b-b41f-8621978cd09e, Nodes: 3919f044-c444-401f-b769-0fe77364d419{ip: 172.17.0.2, host: 795ad43b6c28, networkLocation: /default-rack, certSerialId: null}, Type:RATIS, Factor:ONE, State:ALLOCATED, leaderId:, CreationTimestamp2020-07-20T08:35:31.131Z]
2020-07-20 08:35:31,132 [RatisPipelineUtilsThread] ERROR pipeline.SCMPipelineManager (SCMPipelineManager.java:createPipeline(275)) - Failed to create pipeline of type RATIS and factor ONE. Exception: Cannot create pipeline of factor 1 using 0 nodes. Used 7 nodes. Healthy nodes 7
2020-07-20 08:35:31,132 [RatisPipelineUtilsThread] ERROR pipeline.SCMPipelineManager (SCMPipelineManager.java:createPipeline(275)) - Failed to create pipeline of type RATIS and factor THREE. Exception: Pipeline creation failed because nodes are engaged in other pipelines and every node can only be engaged in max 3 pipelines. Required 3. Found 1
2020-07-20 08:35:32,123 [Listener at 127.0.0.1/33185] INFO  ozone.MiniOzoneClusterImpl (MiniOzoneClusterImpl.java:lambda$waitForClusterToBeReady$0(177)) - Nodes are ready. Got 7 of 7 DN Heartbeats.
2020-07-20 08:35:32,124 [Listener at 127.0.0.1/33185] INFO  ozone.MiniOzoneClusterImpl (MiniOzoneClusterImpl.java:lambda$waitForClusterToBeReady$0(180)) - Waiting for cluster to exit safe mode
2020-07-20 08:35:33,124 [Listener at 127.0.0.1/33185] INFO  ozone.MiniOzoneClusterImpl (MiniOzoneClusterImpl.java:lambda$waitForClusterToBeReady$0(177)) - Nodes are ready. Got 7 of 7 DN Heartbeats.
2020-07-20 08:35:33,124 [Listener at 127.0.0.1/33185] INFO  ozone.MiniOzoneClusterImpl (MiniOzoneClusterImpl.java:lambda$waitForClusterToBeReady$0(180)) - Waiting for cluster to exit safe mode
2020-07-20 08:35:33,349 [Command processor thread] INFO  impl.RaftServerProxy (RaftServerProxy.java:addNew(89)) - 8aff4af6-6cc7-479f-9fca-879319b0e7e4: addNew group-CAC960E322AB:[8aff4af6-6cc7-479f-9fca-879319b0e7e4:172.17.0.2:44873] returns group-CAC960E322AB:java.util.concurrent.CompletableFuture@7fadbf5a[Not completed]
2020-07-20 08:35:33,351 [pool-700-thread-1] INFO  impl.RaftServerImpl (RaftServerImpl.java:<init>(99)) - 8aff4af6-6cc7-479f-9fca-879319b0e7e4: new RaftServerImpl for group-CAC960E322AB:[8aff4af6-6cc7-479f-9fca-879319b0e7e4:172.17.0.2:44873] with ContainerStateMachine:uninitialized
2020-07-20 08:35:33,351 [pool-700-thread-1] INFO  server.RaftServerConfigKeys (ConfUtils.java:logGet(44)) - raft.server.rpc.timeout.min = 5s (custom)
2020-07-20 08:35:33,351 [pool-700-thread-1] INFO  server.RaftServerConfigKeys (ConfUtils.java:logGet(44)) - raft.server.rpc.timeout.max = 5200ms (custom)
2020-07-20 08:35:33,351 [pool-700-thread-1] INFO  server.RaftServerConfigKeys (ConfUtils.java:logGet(44)) - raft.server.rpcslowness.timeout = 300000ms (custom)
2020-07-20 08:35:33,352 [pool-700-thread-1] INFO  server.RaftServerConfigKeys (ConfUtils.java:logGet(44)) - raft.server.sleep.deviation.threshold = 300 (default)
2020-07-20 08:35:33,352 [pool-700-thread-1] INFO  server.RaftServerConfigKeys (ConfUtils.java:logGet(44)) - raft.server.log.appender.install.snapshot.enabled = false (custom)
2020-07-20 08:35:33,352 [pool-700-thread-1] INFO  impl.RaftServerImpl (ServerState.java:<init>(103)) - 8aff4af6-6cc7-479f-9fca-879319b0e7e4@group-CAC960E322AB: ConfigurationManager, init=-1: [8aff4af6-6cc7-479f-9fca-879319b0e7e4:172.17.0.2:44873], old=null, confs=<EMPTY_MAP>
2020-07-20 08:35:33,352 [pool-700-thread-1] INFO  server.RaftServerConfigKeys (ConfUtils.java:logGet(44)) - raft.server.storage.dir = [/github/workspace/mnt/ozone/hadoop-ozone/integration-test/target/test-dir/MiniOzoneClusterImpl-77fe6979-9426-4b74-982f-524262e25198/datanode-0/data/ratis] (custom)
2020-07-20 08:35:33,352 [pool-700-thread-1] INFO  server.RaftServerConfigKeys (ConfUtils.java:logGet(44)) - raft.server.log.corruption.policy = EXCEPTION (default)
2020-07-20 08:35:33,352 [pool-700-thread-1] INFO  storage.RaftStorageDirectory (RaftStorageDirectory.java:analyzeStorage(261)) - The storage directory /github/workspace/mnt/ozone/hadoop-ozone/integration-test/target/test-dir/MiniOzoneClusterImpl-77fe6979-9426-4b74-982f-524262e25198/datanode-0/data/ratis/ef12d9c4-cb08-4b58-8f77-cac960e322ab does not exist. Creating ...
2020-07-20 08:35:33,354 [pool-700-thread-1] INFO  storage.RaftStorageDirectory (RaftStorageDirectory.java:tryLock(343)) - Lock on /github/workspace/mnt/ozone/hadoop-ozone/integration-test/target/test-dir/MiniOzoneClusterImpl-77fe6979-9426-4b74-982f-524262e25198/datanode-0/data/ratis/ef12d9c4-cb08-4b58-8f77-cac960e322ab/in_use.lock acquired by nodename 39787@795ad43b6c28
2020-07-20 08:35:33,355 [pool-700-thread-1] INFO  storage.RaftStorage (RaftStorage.java:format(84)) - Storage directory /github/workspace/mnt/ozone/hadoop-ozone/integration-test/target/test-dir/MiniOzoneClusterImpl-77fe6979-9426-4b74-982f-524262e25198/datanode-0/data/ratis/ef12d9c4-cb08-4b58-8f77-cac960e322ab has been successfully formatted.
2020-07-20 08:35:33,356 [pool-700-thread-1] INFO  ratis.ContainerStateMachine (ContainerStateMachine.java:loadSnapshot(225)) - group-CAC960E322AB: The snapshot info is null. Setting the last applied indexto:(t:0, i:~)
2020-07-20 08:35:33,356 [pool-700-thread-1] INFO  server.RaftServerConfigKeys (ConfUtils.java:logGet(44)) - raft.server.notification.no-leader.timeout = 300000ms (custom)
2020-07-20 08:35:33,356 [pool-700-thread-1] INFO  server.RaftServerConfigKeys (ConfUtils.java:logGet(44)) - raft.server.log.use.memory = false (default)
2020-07-20 08:35:33,356 [EventQueue-PipelineReportForPipelineReportHandler] INFO  pipeline.PipelineStateManager (PipelineStateManager.java:openPipeline(131)) - Pipeline Pipeline[ Id: ef12d9c4-cb08-4b58-8f77-cac960e322ab, Nodes: 8aff4af6-6cc7-479f-9fca-879319b0e7e4{ip: 172.17.0.2, host: 795ad43b6c28, networkLocation: /default-rack, certSerialId: null}, Type:RATIS, Factor:ONE, State:ALLOCATED, leaderId:8aff4af6-6cc7-479f-9fca-879319b0e7e4, CreationTimestamp2020-07-20T08:35:30.352Z] moved to OPEN state
2020-07-20 08:35:33,356 [pool-700-thread-1] INFO  server.RaftServerConfigKeys (ConfUtils.java:logGet(44)) - raft.server.log.purge.gap = 1000000 (custom)
2020-07-20 08:35:33,356 [pool-700-thread-1] INFO  server.RaftServerConfigKeys (ConfUtils.java:logGet(44)) - raft.server.log.appender.buffer.byte-limit = 33554432 (custom)
2020-07-20 08:35:33,357 [pool-700-thread-1] INFO  server.RaftServerConfigKeys (ConfUtils.java:logGet(44)) - raft.server.log.segment.size.max = 1048576 (custom)
2020-07-20 08:35:33,357 [pool-700-thread-1] INFO  metrics.RatisMetrics (RatisMetrics.java:lambda$create$0(36)) - Creating Metrics Registry : ratis.log_worker.8aff4af6-6cc7-479f-9fca-879319b0e7e4@group-CAC960E322AB
2020-07-20 08:35:33,357 [EventQueue-OpenPipelineForHealthyPipelineSafeModeRule] INFO  safemode.SCMSafeModeManager (HealthyPipelineSafeModeRule.java:process(129)) - SCM in safe mode. Healthy pipelines reported count is 0, required healthy pipeline reported count is 1
2020-07-20 08:35:33,357 [pool-700-thread-1] INFO  server.RaftServerConfigKeys (ConfUtils.java:logGet(44)) - raft.server.log.segment.cache.num.max = 2 (custom)
2020-07-20 08:35:33,357 [pool-700-thread-1] INFO  segmented.SegmentedRaftLogWorker (SegmentedRaftLogWorker.java:<init>(180)) - new 8aff4af6-6cc7-479f-9fca-879319b0e7e4@group-CAC960E322AB-SegmentedRaftLogWorker for RaftStorage:Storage Directory /github/workspace/mnt/ozone/hadoop-ozone/integration-test/target/test-dir/MiniOzoneClusterImpl-77fe6979-9426-4b74-982f-524262e25198/datanode-0/data/ratis/ef12d9c4-cb08-4b58-8f77-cac960e322ab
2020-07-20 08:35:33,357 [pool-700-thread-1] INFO  server.RaftServerConfigKeys (ConfUtils.java:logGet(44)) - raft.server.log.queue.byte-limit = 2147483647 (custom)
2020-07-20 08:35:33,358 [pool-700-thread-1] INFO  server.RaftServerConfigKeys (ConfUtils.java:logGet(44)) - raft.server.log.queue.element-limit = 1024 (custom)
2020-07-20 08:35:33,358 [pool-700-thread-1] INFO  server.RaftServerConfigKeys (ConfUtils.java:logGet(44)) - raft.server.log.segment.size.max = 1048576 (custom)
2020-07-20 08:35:33,358 [pool-700-thread-1] INFO  server.RaftServerConfigKeys (ConfUtils.java:logGet(44)) - raft.server.log.preallocated.size = 16384 (custom)
2020-07-20 08:35:33,358 [pool-700-thread-1] INFO  server.RaftServerConfigKeys (ConfUtils.java:logGet(44)) - raft.server.log.write.buffer.size = 1048576 (custom)
2020-07-20 08:35:33,358 [pool-700-thread-1] INFO  server.RaftServerConfigKeys (ConfUtils.java:logGet(44)) - raft.server.log.force.sync.num = 128 (default)
2020-07-20 08:35:33,358 [pool-700-thread-1] INFO  server.RaftServerConfigKeys (ConfUtils.java:logGet(44)) - raft.server.log.statemachine.data.sync = true (default)
2020-07-20 08:35:33,358 [pool-700-thread-1] INFO  server.RaftServerConfigKeys (ConfUtils.java:logGet(44)) - raft.server.log.statemachine.data.sync.timeout = 10s (default)
2020-07-20 08:35:33,358 [pool-700-thread-1] INFO  server.RaftServerConfigKeys (ConfUtils.java:logGet(44)) - raft.server.log.statemachine.data.sync.timeout.retry = -1 (default)
2020-07-20 08:35:33,361 [pool-700-thread-1] INFO  server.RaftServerConfigKeys (ConfUtils.java:logGet(44)) - raft.server.log.statemachine.data.caching.enabled = true (custom)
2020-07-20 08:35:33,361 [pool-700-thread-1] INFO  segmented.SegmentedRaftLogWorker (SegmentedRaftLogWorker.java:lambda$new$0(129)) - 8aff4af6-6cc7-479f-9fca-879319b0e7e4@group-CAC960E322AB-SegmentedRaftLogWorker: flushIndex: setUnconditionally 0 -> -1
2020-07-20 08:35:33,361 [pool-700-thread-1] INFO  segmented.SegmentedRaftLogWorker (SegmentedRaftLogWorker.java:lambda$new$0(129)) - 8aff4af6-6cc7-479f-9fca-879319b0e7e4@group-CAC960E322AB-SegmentedRaftLogWorker: safeCacheEvictIndex: setUnconditionally 0 -> -1
2020-07-20 08:35:33,361 [EventQueue-OpenPipelineForOneReplicaPipelineSafeModeRule] INFO  safemode.SCMSafeModeManager (SCMSafeModeManager.java:validateSafeModeExitRules(214)) - AtleastOneDatanodeReportedRule rule is successfully validated
2020-07-20 08:35:33,361 [pool-700-thread-1] INFO  server.RaftServerConfigKeys (ConfUtils.java:logGet(44)) - raft.server.snapshot.auto.trigger.enabled = true (custom)
2020-07-20 08:35:33,362 [pool-700-thread-1] INFO  server.RaftServerConfigKeys (ConfUtils.java:logGet(44)) - raft.server.snapshot.auto.trigger.threshold = 10000 (custom)
2020-07-20 08:35:33,362 [pool-700-thread-1] INFO  server.RaftServerConfigKeys (ConfUtils.java:logGet(44)) - raft.server.snapshot.retention.file.num = 5 (custom)
2020-07-20 08:35:33,362 [pool-700-thread-1] INFO  server.RaftServerConfigKeys (ConfUtils.java:logGet(44)) - raft.server.log.purge.upto.snapshot.index = false (default)
2020-07-20 08:35:33,362 [pool-700-thread-1] INFO  server.RaftServerConfigKeys (ConfUtils.java:logGet(44)) - raft.server.retrycache.expirytime = 600000ms (custom)
2020-07-20 08:35:33,362 [pool-700-thread-1] INFO  metrics.RatisMetrics (RatisMetrics.java:lambda$create$0(36)) - Creating Metrics Registry : ratis.leader_election.8aff4af6-6cc7-479f-9fca-879319b0e7e4@group-CAC960E322AB
2020-07-20 08:35:33,363 [pool-700-thread-1] INFO  metrics.RatisMetrics (RatisMetrics.java:lambda$create$0(36)) - Creating Metrics Registry : ratis.server.8aff4af6-6cc7-479f-9fca-879319b0e7e4@group-CAC960E322AB
2020-07-20 08:35:33,364 [pool-700-thread-1] INFO  impl.RaftServerImpl (RaftServerImpl.java:start(186)) - 8aff4af6-6cc7-479f-9fca-879319b0e7e4@group-CAC960E322AB: start as a follower, conf=-1: [8aff4af6-6cc7-479f-9fca-879319b0e7e4:172.17.0.2:44873], old=null
2020-07-20 08:35:33,364 [pool-700-thread-1] INFO  impl.RaftServerImpl (RaftServerImpl.java:setRole(175)) - 8aff4af6-6cc7-479f-9fca-879319b0e7e4@group-CAC960E322AB: changes role from      null to FOLLOWER at term 0 for startAsFollower
2020-07-20 08:35:33,364 [pool-700-thread-1] INFO  impl.RoleInfo (RoleInfo.java:updateAndGet(143)) - 8aff4af6-6cc7-479f-9fca-879319b0e7e4: start FollowerState
2020-07-20 08:35:33,365 [pool-700-thread-1] INFO  util.JmxRegister (JmxRegister.java:tryRegister(44)) - Successfully registered JMX Bean with object name Ratis:service=RaftServer,group=group-CAC960E322AB,id=8aff4af6-6cc7-479f-9fca-879319b0e7e4
2020-07-20 08:35:33,365 [pool-700-thread-1] INFO  metrics.RatisMetrics (RatisMetrics.java:lambda$create$0(36)) - Creating Metrics Registry : ratis.state_machine.8aff4af6-6cc7-479f-9fca-879319b0e7e4@group-CAC960E322AB
2020-07-20 08:35:33,366 [Command processor thread] INFO  commandhandler.CreatePipelineCommandHandler (CreatePipelineCommandHandler.java:handle(109)) - Created Pipeline RATIS ONE #id: "ef12d9c4-cb08-4b58-8f77-cac960e322ab"
uuid128 {
  mostSigBits: -1219673109820847272
  leastSigBits: -8108789637794553173
}
.
2020-07-20 08:35:33,366 [Command processor thread] INFO  impl.RaftServerProxy (RaftServerProxy.java:addNew(89)) - 8aff4af6-6cc7-479f-9fca-879319b0e7e4: addNew group-B98AA3197BE4:[d7c912f8-2b11-470a-8112-2e2f3de1c844:172.17.0.2:43855, 8aff4af6-6cc7-479f-9fca-879319b0e7e4:172.17.0.2:44873, 7cb3e755-c8bb-4f00-be15-bc5c4dd112b5:172.17.0.2:45527] returns group-B98AA3197BE4:java.util.concurrent.CompletableFuture@7b922477[Not completed]
2020-07-20 08:35:33,367 [pool-700-thread-1] INFO  impl.RaftServerImpl (RaftServerImpl.java:<init>(99)) - 8aff4af6-6cc7-479f-9fca-879319b0e7e4: new RaftServerImpl for group-B98AA3197BE4:[d7c912f8-2b11-470a-8112-2e2f3de1c844:172.17.0.2:43855, 8aff4af6-6cc7-479f-9fca-879319b0e7e4:172.17.0.2:44873, 7cb3e755-c8bb-4f00-be15-bc5c4dd112b5:172.17.0.2:45527] with ContainerStateMachine:uninitialized
2020-07-20 08:35:33,367 [pool-700-thread-1] INFO  server.RaftServerConfigKeys (ConfUtils.java:logGet(44)) - raft.server.rpc.timeout.min = 5s (custom)
2020-07-20 08:35:33,367 [pool-700-thread-1] INFO  server.RaftServerConfigKeys (ConfUtils.java:logGet(44)) - raft.server.rpc.timeout.max = 5200ms (custom)
2020-07-20 08:35:33,367 [pool-700-thread-1] INFO  server.RaftServerConfigKeys (ConfUtils.java:logGet(44)) - raft.server.rpcslowness.timeout = 300000ms (custom)
2020-07-20 08:35:33,367 [pool-700-thread-1] INFO  server.RaftServerConfigKeys (ConfUtils.java:logGet(44)) - raft.server.sleep.deviation.threshold = 300 (default)
2020-07-20 08:35:33,367 [pool-700-thread-1] INFO  server.RaftServerConfigKeys (ConfUtils.java:logGet(44)) - raft.server.log.appender.install.snapshot.enabled = false (custom)
2020-07-20 08:35:33,367 [pool-700-thread-1] INFO  impl.RaftServerImpl (ServerState.java:<init>(103)) - 8aff4af6-6cc7-479f-9fca-879319b0e7e4@group-B98AA3197BE4: ConfigurationManager, init=-1: [d7c912f8-2b11-470a-8112-2e2f3de1c844:172.17.0.2:43855, 8aff4af6-6cc7-479f-9fca-879319b0e7e4:172.17.0.2:44873, 7cb3e755-c8bb-4f00-be15-bc5c4dd112b5:172.17.0.2:45527], old=null, confs=<EMPTY_MAP>
2020-07-20 08:35:33,367 [pool-700-thread-1] INFO  server.RaftServerConfigKeys (ConfUtils.java:logGet(44)) - raft.server.storage.dir = [/github/workspace/mnt/ozone/hadoop-ozone/integration-test/target/test-dir/MiniOzoneClusterImpl-77fe6979-9426-4b74-982f-524262e25198/datanode-0/data/ratis] (custom)
2020-07-20 08:35:33,367 [pool-700-thread-1] INFO  server.RaftServerConfigKeys (ConfUtils.java:logGet(44)) - raft.server.log.corruption.policy = EXCEPTION (default)
2020-07-20 08:35:33,368 [pool-700-thread-1] INFO  storage.RaftStorageDirectory (RaftStorageDirectory.java:analyzeStorage(261)) - The storage directory /github/workspace/mnt/ozone/hadoop-ozone/integration-test/target/test-dir/MiniOzoneClusterImpl-77fe6979-9426-4b74-982f-524262e25198/datanode-0/data/ratis/f7c62648-2a61-4adf-bbe9-b98aa3197be4 does not exist. Creating ...
2020-07-20 08:35:33,369 [pool-700-thread-1] INFO  storage.RaftStorageDirectory (RaftStorageDirectory.java:tryLock(343)) - Lock on /github/workspace/mnt/ozone/hadoop-ozone/integration-test/target/test-dir/MiniOzoneClusterImpl-77fe6979-9426-4b74-982f-524262e25198/datanode-0/data/ratis/f7c62648-2a61-4adf-bbe9-b98aa3197be4/in_use.lock acquired by nodename 39787@795ad43b6c28
2020-07-20 08:35:33,370 [pool-700-thread-1] INFO  storage.RaftStorage (RaftStorage.java:format(84)) - Storage directory /github/workspace/mnt/ozone/hadoop-ozone/integration-test/target/test-dir/MiniOzoneClusterImpl-77fe6979-9426-4b74-982f-524262e25198/datanode-0/data/ratis/f7c62648-2a61-4adf-bbe9-b98aa3197be4 has been successfully formatted.
2020-07-20 08:35:33,370 [pool-700-thread-1] INFO  ratis.ContainerStateMachine (ContainerStateMachine.java:loadSnapshot(225)) - group-B98AA3197BE4: The snapshot info is null. Setting the last applied indexto:(t:0, i:~)
2020-07-20 08:35:33,370 [pool-700-thread-1] INFO  server.RaftServerConfigKeys (ConfUtils.java:logGet(44)) - raft.server.notification.no-leader.timeout = 300000ms (custom)
2020-07-20 08:35:33,370 [pool-700-thread-1] INFO  server.RaftServerConfigKeys (ConfUtils.java:logGet(44)) - raft.server.log.use.memory = false (default)
2020-07-20 08:35:33,370 [pool-700-thread-1] INFO  server.RaftServerConfigKeys (ConfUtils.java:logGet(44)) - raft.server.log.purge.gap = 1000000 (custom)
2020-07-20 08:35:33,370 [pool-700-thread-1] INFO  server.RaftServerConfigKeys (ConfUtils.java:logGet(44)) - raft.server.log.appender.buffer.byte-limit = 33554432 (custom)
2020-07-20 08:35:33,370 [pool-700-thread-1] INFO  server.RaftServerConfigKeys (ConfUtils.java:logGet(44)) - raft.server.log.segment.size.max = 1048576 (custom)
2020-07-20 08:35:33,371 [pool-700-thread-1] INFO  metrics.RatisMetrics (RatisMetrics.java:lambda$create$0(36)) - Creating Metrics Registry : ratis.log_worker.8aff4af6-6cc7-479f-9fca-879319b0e7e4@group-B98AA3197BE4
2020-07-20 08:35:33,371 [pool-700-thread-1] INFO  server.RaftServerConfigKeys (ConfUtils.java:logGet(44)) - raft.server.log.segment.cache.num.max = 2 (custom)
2020-07-20 08:35:33,371 [pool-700-thread-1] INFO  segmented.SegmentedRaftLogWorker (SegmentedRaftLogWorker.java:<init>(180)) - new 8aff4af6-6cc7-479f-9fca-879319b0e7e4@group-B98AA3197BE4-SegmentedRaftLogWorker for RaftStorage:Storage Directory /github/workspace/mnt/ozone/hadoop-ozone/integration-test/target/test-dir/MiniOzoneClusterImpl-77fe6979-9426-4b74-982f-524262e25198/datanode-0/data/ratis/f7c62648-2a61-4adf-bbe9-b98aa3197be4
2020-07-20 08:35:33,371 [pool-700-thread-1] INFO  server.RaftServerConfigKeys (ConfUtils.java:logGet(44)) - raft.server.log.queue.byte-limit = 2147483647 (custom)
2020-07-20 08:35:33,371 [pool-700-thread-1] INFO  server.RaftServerConfigKeys (ConfUtils.java:logGet(44)) - raft.server.log.queue.element-limit = 1024 (custom)
2020-07-20 08:35:33,371 [pool-700-thread-1] INFO  server.RaftServerConfigKeys (ConfUtils.java:logGet(44)) - raft.server.log.segment.size.max = 1048576 (custom)
2020-07-20 08:35:33,371 [pool-700-thread-1] INFO  server.RaftServerConfigKeys (ConfUtils.java:logGet(44)) - raft.server.log.preallocated.size = 16384 (custom)
2020-07-20 08:35:33,371 [pool-700-thread-1] INFO  server.RaftServerConfigKeys (ConfUtils.java:logGet(44)) - raft.server.log.write.buffer.size = 1048576 (custom)
2020-07-20 08:35:33,371 [pool-700-thread-1] INFO  server.RaftServerConfigKeys (ConfUtils.java:logGet(44)) - raft.server.log.force.sync.num = 128 (default)
2020-07-20 08:35:33,371 [pool-700-thread-1] INFO  server.RaftServerConfigKeys (ConfUtils.java:logGet(44)) - raft.server.log.statemachine.data.sync = true (default)
2020-07-20 08:35:33,371 [pool-700-thread-1] INFO  server.RaftServerConfigKeys (ConfUtils.java:logGet(44)) - raft.server.log.statemachine.data.sync.timeout = 10s (default)
2020-07-20 08:35:33,372 [pool-700-thread-1] INFO  server.RaftServerConfigKeys (ConfUtils.java:logGet(44)) - raft.server.log.statemachine.data.sync.timeout.retry = -1 (default)
2020-07-20 08:35:33,374 [pool-700-thread-1] INFO  server.RaftServerConfigKeys (ConfUtils.java:logGet(44)) - raft.server.log.statemachine.data.caching.enabled = true (custom)
2020-07-20 08:35:33,374 [pool-700-thread-1] INFO  segmented.SegmentedRaftLogWorker (SegmentedRaftLogWorker.java:lambda$new$0(129)) - 8aff4af6-6cc7-479f-9fca-879319b0e7e4@group-B98AA3197BE4-SegmentedRaftLogWorker: flushIndex: setUnconditionally 0 -> -1
2020-07-20 08:35:33,374 [pool-700-thread-1] INFO  segmented.SegmentedRaftLogWorker (SegmentedRaftLogWorker.java:lambda$new$0(129)) - 8aff4af6-6cc7-479f-9fca-879319b0e7e4@group-B98AA3197BE4-SegmentedRaftLogWorker: safeCacheEvictIndex: setUnconditionally 0 -> -1
2020-07-20 08:35:33,374 [pool-700-thread-1] INFO  server.RaftServerConfigKeys (ConfUtils.java:logGet(44)) - raft.server.snapshot.auto.trigger.enabled = true (custom)
2020-07-20 08:35:33,375 [pool-700-thread-1] INFO  server.RaftServerConfigKeys (ConfUtils.java:logGet(44)) - raft.server.snapshot.auto.trigger.threshold = 10000 (custom)
2020-07-20 08:35:33,375 [pool-700-thread-1] INFO  server.RaftServerConfigKeys (ConfUtils.java:logGet(44)) - raft.server.snapshot.retention.file.num = 5 (custom)
2020-07-20 08:35:33,375 [pool-700-thread-1] INFO  server.RaftServerConfigKeys (ConfUtils.java:logGet(44)) - raft.server.log.purge.upto.snapshot.index = false (default)
2020-07-20 08:35:33,375 [pool-700-thread-1] INFO  server.RaftServerConfigKeys (ConfUtils.java:logGet(44)) - raft.server.retrycache.expirytime = 600000ms (custom)
2020-07-20 08:35:33,375 [pool-700-thread-1] INFO  metrics.RatisMetrics (RatisMetrics.java:lambda$create$0(36)) - Creating Metrics Registry : ratis.leader_election.8aff4af6-6cc7-479f-9fca-879319b0e7e4@group-B98AA3197BE4
2020-07-20 08:35:33,376 [pool-700-thread-1] INFO  metrics.RatisMetrics (RatisMetrics.java:lambda$create$0(36)) - Creating Metrics Registry : ratis.server.8aff4af6-6cc7-479f-9fca-879319b0e7e4@group-B98AA3197BE4
2020-07-20 08:35:33,377 [pool-700-thread-1] INFO  impl.RaftServerImpl (RaftServerImpl.java:start(186)) - 8aff4af6-6cc7-479f-9fca-879319b0e7e4@group-B98AA3197BE4: start as a follower, conf=-1: [d7c912f8-2b11-470a-8112-2e2f3de1c844:172.17.0.2:43855, 8aff4af6-6cc7-479f-9fca-879319b0e7e4:172.17.0.2:44873, 7cb3e755-c8bb-4f00-be15-bc5c4dd112b5:172.17.0.2:45527], old=null
2020-07-20 08:35:33,377 [pool-700-thread-1] INFO  impl.RaftServerImpl (RaftServerImpl.java:setRole(175)) - 8aff4af6-6cc7-479f-9fca-879319b0e7e4@group-B98AA3197BE4: changes role from      null to FOLLOWER at term 0 for startAsFollower
2020-07-20 08:35:33,377 [pool-700-thread-1] INFO  impl.RoleInfo (RoleInfo.java:updateAndGet(143)) - 8aff4af6-6cc7-479f-9fca-879319b0e7e4: start FollowerState
2020-07-20 08:35:33,378 [pool-700-thread-1] INFO  util.JmxRegister (JmxRegister.java:tryRegister(44)) - Successfully registered JMX Bean with object name Ratis:service=RaftServer,group=group-B98AA3197BE4,id=8aff4af6-6cc7-479f-9fca-879319b0e7e4
2020-07-20 08:35:33,378 [pool-700-thread-1] INFO  metrics.RatisMetrics (RatisMetrics.java:lambda$create$0(36)) - Creating Metrics Registry : ratis.state_machine.8aff4af6-6cc7-479f-9fca-879319b0e7e4@group-B98AA3197BE4
2020-07-20 08:35:33,387 [grpc-default-executor-1] INFO  impl.RaftServerProxy (RaftServerProxy.java:addNew(89)) - 7cb3e755-c8bb-4f00-be15-bc5c4dd112b5: addNew group-B98AA3197BE4:[d7c912f8-2b11-470a-8112-2e2f3de1c844:172.17.0.2:43855, 8aff4af6-6cc7-479f-9fca-879319b0e7e4:172.17.0.2:44873, 7cb3e755-c8bb-4f00-be15-bc5c4dd112b5:172.17.0.2:45527] returns group-B98AA3197BE4:java.util.concurrent.CompletableFuture@36cf8a91[Not completed]
2020-07-20 08:35:33,388 [pool-715-thread-1] INFO  impl.RaftServerImpl (RaftServerImpl.java:<init>(99)) - 7cb3e755-c8bb-4f00-be15-bc5c4dd112b5: new RaftServerImpl for group-B98AA3197BE4:[d7c912f8-2b11-470a-8112-2e2f3de1c844:172.17.0.2:43855, 8aff4af6-6cc7-479f-9fca-879319b0e7e4:172.17.0.2:44873, 7cb3e755-c8bb-4f00-be15-bc5c4dd112b5:172.17.0.2:45527] with ContainerStateMachine:uninitialized
2020-07-20 08:35:33,389 [pool-715-thread-1] INFO  server.RaftServerConfigKeys (ConfUtils.java:logGet(44)) - raft.server.rpc.timeout.min = 5s (custom)
2020-07-20 08:35:33,389 [pool-715-thread-1] INFO  server.RaftServerConfigKeys (ConfUtils.java:logGet(44)) - raft.server.rpc.timeout.max = 5200ms (custom)
2020-07-20 08:35:33,389 [pool-715-thread-1] INFO  server.RaftServerConfigKeys (ConfUtils.java:logGet(44)) - raft.server.rpcslowness.timeout = 300000ms (custom)
2020-07-20 08:35:33,389 [pool-715-thread-1] INFO  server.RaftServerConfigKeys (ConfUtils.java:logGet(44)) - raft.server.sleep.deviation.threshold = 300 (default)
2020-07-20 08:35:33,389 [pool-715-thread-1] INFO  server.RaftServerConfigKeys (ConfUtils.java:logGet(44)) - raft.server.log.appender.install.snapshot.enabled = false (custom)
2020-07-20 08:35:33,389 [pool-715-thread-1] INFO  impl.RaftServerImpl (ServerState.java:<init>(103)) - 7cb3e755-c8bb-4f00-be15-bc5c4dd112b5@group-B98AA3197BE4: ConfigurationManager, init=-1: [d7c912f8-2b11-470a-8112-2e2f3de1c844:172.17.0.2:43855, 8aff4af6-6cc7-479f-9fca-879319b0e7e4:172.17.0.2:44873, 7cb3e755-c8bb-4f00-be15-bc5c4dd112b5:172.17.0.2:45527], old=null, confs=<EMPTY_MAP>
2020-07-20 08:35:33,389 [pool-715-thread-1] INFO  server.RaftServerConfigKeys (ConfUtils.java:logGet(44)) - raft.server.storage.dir = [/github/workspace/mnt/ozone/hadoop-ozone/integration-test/target/test-dir/MiniOzoneClusterImpl-77fe6979-9426-4b74-982f-524262e25198/datanode-1/data/ratis] (custom)
2020-07-20 08:35:33,389 [pool-715-thread-1] INFO  server.RaftServerConfigKeys (ConfUtils.java:logGet(44)) - raft.server.log.corruption.policy = EXCEPTION (default)
2020-07-20 08:35:33,390 [pool-715-thread-1] INFO  storage.RaftStorageDirectory (RaftStorageDirectory.java:analyzeStorage(261)) - The storage directory /github/workspace/mnt/ozone/hadoop-ozone/integration-test/target/test-dir/MiniOzoneClusterImpl-77fe6979-9426-4b74-982f-524262e25198/datanode-1/data/ratis/f7c62648-2a61-4adf-bbe9-b98aa3197be4 does not exist. Creating ...
2020-07-20 08:35:33,391 [pool-715-thread-1] INFO  storage.RaftStorageDirectory (RaftStorageDirectory.java:tryLock(343)) - Lock on /github/workspace/mnt/ozone/hadoop-ozone/integration-test/target/test-dir/MiniOzoneClusterImpl-77fe6979-9426-4b74-982f-524262e25198/datanode-1/data/ratis/f7c62648-2a61-4adf-bbe9-b98aa3197be4/in_use.lock acquired by nodename 39787@795ad43b6c28
2020-07-20 08:35:33,392 [pool-715-thread-1] INFO  storage.RaftStorage (RaftStorage.java:format(84)) - Storage directory /github/workspace/mnt/ozone/hadoop-ozone/integration-test/target/test-dir/MiniOzoneClusterImpl-77fe6979-9426-4b74-982f-524262e25198/datanode-1/data/ratis/f7c62648-2a61-4adf-bbe9-b98aa3197be4 has been successfully formatted.
2020-07-20 08:35:33,392 [pool-715-thread-1] INFO  ratis.ContainerStateMachine (ContainerStateMachine.java:loadSnapshot(225)) - group-B98AA3197BE4: The snapshot info is null. Setting the last applied indexto:(t:0, i:~)
2020-07-20 08:35:33,393 [pool-715-thread-1] INFO  server.RaftServerConfigKeys (ConfUtils.java:logGet(44)) - raft.server.notification.no-leader.timeout = 300000ms (custom)
2020-07-20 08:35:33,393 [pool-715-thread-1] INFO  server.RaftServerConfigKeys (ConfUtils.java:logGet(44)) - raft.server.log.use.memory = false (default)
2020-07-20 08:35:33,393 [pool-715-thread-1] INFO  server.RaftServerConfigKeys (ConfUtils.java:logGet(44)) - raft.server.log.purge.gap = 1000000 (custom)
2020-07-20 08:35:33,393 [pool-715-thread-1] INFO  server.RaftServerConfigKeys (ConfUtils.java:logGet(44)) - raft.server.log.appender.buffer.byte-limit = 33554432 (custom)
2020-07-20 08:35:33,393 [pool-715-thread-1] INFO  server.RaftServerConfigKeys (ConfUtils.java:logGet(44)) - raft.server.log.segment.size.max = 1048576 (custom)
2020-07-20 08:35:33,393 [pool-715-thread-1] INFO  metrics.RatisMetrics (RatisMetrics.java:lambda$create$0(36)) - Creating Metrics Registry : ratis.log_worker.7cb3e755-c8bb-4f00-be15-bc5c4dd112b5@group-B98AA3197BE4
2020-07-20 08:35:33,393 [pool-715-thread-1] INFO  server.RaftServerConfigKeys (ConfUtils.java:logGet(44)) - raft.server.log.segment.cache.num.max = 2 (custom)
2020-07-20 08:35:33,393 [pool-715-thread-1] INFO  segmented.SegmentedRaftLogWorker (SegmentedRaftLogWorker.java:<init>(180)) - new 7cb3e755-c8bb-4f00-be15-bc5c4dd112b5@group-B98AA3197BE4-SegmentedRaftLogWorker for RaftStorage:Storage Directory /github/workspace/mnt/ozone/hadoop-ozone/integration-test/target/test-dir/MiniOzoneClusterImpl-77fe6979-9426-4b74-982f-524262e25198/datanode-1/data/ratis/f7c62648-2a61-4adf-bbe9-b98aa3197be4
2020-07-20 08:35:33,393 [pool-715-thread-1] INFO  server.RaftServerConfigKeys (ConfUtils.java:logGet(44)) - raft.server.log.queue.byte-limit = 2147483647 (custom)
2020-07-20 08:35:33,394 [pool-715-thread-1] INFO  server.RaftServerConfigKeys (ConfUtils.java:logGet(44)) - raft.server.log.queue.element-limit = 1024 (custom)
2020-07-20 08:35:33,394 [pool-715-thread-1] INFO  server.RaftServerConfigKeys (ConfUtils.java:logGet(44)) - raft.server.log.segment.size.max = 1048576 (custom)
2020-07-20 08:35:33,394 [pool-715-thread-1] INFO  server.RaftServerConfigKeys (ConfUtils.java:logGet(44)) - raft.server.log.preallocated.size = 16384 (custom)
2020-07-20 08:35:33,394 [pool-715-thread-1] INFO  server.RaftServerConfigKeys (ConfUtils.java:logGet(44)) - raft.server.log.write.buffer.size = 1048576 (custom)
2020-07-20 08:35:33,394 [pool-715-thread-1] INFO  server.RaftServerConfigKeys (ConfUtils.java:logGet(44)) - raft.server.log.force.sync.num = 128 (default)
2020-07-20 08:35:33,394 [pool-715-thread-1] INFO  server.RaftServerConfigKeys (ConfUtils.java:logGet(44)) - raft.server.log.statemachine.data.sync = true (default)
2020-07-20 08:35:33,394 [pool-715-thread-1] INFO  server.RaftServerConfigKeys (ConfUtils.java:logGet(44)) - raft.server.log.statemachine.data.sync.timeout = 10s (default)
2020-07-20 08:35:33,394 [pool-715-thread-1] INFO  server.RaftServerConfigKeys (ConfUtils.java:logGet(44)) - raft.server.log.statemachine.data.sync.timeout.retry = -1 (default)
2020-07-20 08:35:33,396 [pool-715-thread-1] INFO  server.RaftServerConfigKeys (ConfUtils.java:logGet(44)) - raft.server.log.statemachine.data.caching.enabled = true (custom)
2020-07-20 08:35:33,397 [pool-715-thread-1] INFO  segmented.SegmentedRaftLogWorker (SegmentedRaftLogWorker.java:lambda$new$0(129)) - 7cb3e755-c8bb-4f00-be15-bc5c4dd112b5@group-B98AA3197BE4-SegmentedRaftLogWorker: flushIndex: setUnconditionally 0 -> -1
2020-07-20 08:35:33,397 [pool-715-thread-1] INFO  segmented.SegmentedRaftLogWorker (SegmentedRaftLogWorker.java:lambda$new$0(129)) - 7cb3e755-c8bb-4f00-be15-bc5c4dd112b5@group-B98AA3197BE4-SegmentedRaftLogWorker: safeCacheEvictIndex: setUnconditionally 0 -> -1
2020-07-20 08:35:33,397 [pool-715-thread-1] INFO  server.RaftServerConfigKeys (ConfUtils.java:logGet(44)) - raft.server.snapshot.auto.trigger.enabled = true (custom)
2020-07-20 08:35:33,397 [pool-715-thread-1] INFO  server.RaftServerConfigKeys (ConfUtils.java:logGet(44)) - raft.server.snapshot.auto.trigger.threshold = 10000 (custom)
2020-07-20 08:35:33,397 [pool-715-thread-1] INFO  server.RaftServerConfigKeys (ConfUtils.java:logGet(44)) - raft.server.snapshot.retention.file.num = 5 (custom)
2020-07-20 08:35:33,397 [pool-715-thread-1] INFO  server.RaftServerConfigKeys (ConfUtils.java:logGet(44)) - raft.server.log.purge.upto.snapshot.index = false (default)
2020-07-20 08:35:33,397 [pool-715-thread-1] INFO  server.RaftServerConfigKeys (ConfUtils.java:logGet(44)) - raft.server.retrycache.expirytime = 600000ms (custom)
2020-07-20 08:35:33,397 [pool-715-thread-1] INFO  metrics.RatisMetrics (RatisMetrics.java:lambda$create$0(36)) - Creating Metrics Registry : ratis.leader_election.7cb3e755-c8bb-4f00-be15-bc5c4dd112b5@group-B98AA3197BE4
2020-07-20 08:35:33,398 [pool-715-thread-1] INFO  metrics.RatisMetrics (RatisMetrics.java:lambda$create$0(36)) - Creating Metrics Registry : ratis.server.7cb3e755-c8bb-4f00-be15-bc5c4dd112b5@group-B98AA3197BE4
2020-07-20 08:35:33,400 [pool-715-thread-1] INFO  impl.RaftServerImpl (RaftServerImpl.java:start(186)) - 7cb3e755-c8bb-4f00-be15-bc5c4dd112b5@group-B98AA3197BE4: start as a follower, conf=-1: [d7c912f8-2b11-470a-8112-2e2f3de1c844:172.17.0.2:43855, 8aff4af6-6cc7-479f-9fca-879319b0e7e4:172.17.0.2:44873, 7cb3e755-c8bb-4f00-be15-bc5c4dd112b5:172.17.0.2:45527], old=null
2020-07-20 08:35:33,400 [pool-715-thread-1] INFO  impl.RaftServerImpl (RaftServerImpl.java:setRole(175)) - 7cb3e755-c8bb-4f00-be15-bc5c4dd112b5@group-B98AA3197BE4: changes role from      null to FOLLOWER at term 0 for startAsFollower
2020-07-20 08:35:33,400 [pool-715-thread-1] INFO  impl.RoleInfo (RoleInfo.java:updateAndGet(143)) - 7cb3e755-c8bb-4f00-be15-bc5c4dd112b5: start FollowerState
2020-07-20 08:35:33,400 [pool-715-thread-1] INFO  util.JmxRegister (JmxRegister.java:tryRegister(44)) - Successfully registered JMX Bean with object name Ratis:service=RaftServer,group=group-B98AA3197BE4,id=7cb3e755-c8bb-4f00-be15-bc5c4dd112b5
2020-07-20 08:35:33,400 [pool-715-thread-1] INFO  metrics.RatisMetrics (RatisMetrics.java:lambda$create$0(36)) - Creating Metrics Registry : ratis.state_machine.7cb3e755-c8bb-4f00-be15-bc5c4dd112b5@group-B98AA3197BE4
2020-07-20 08:35:33,408 [grpc-default-executor-1] INFO  impl.RaftServerProxy (RaftServerProxy.java:addNew(89)) - d7c912f8-2b11-470a-8112-2e2f3de1c844: addNew group-B98AA3197BE4:[d7c912f8-2b11-470a-8112-2e2f3de1c844:172.17.0.2:43855, 8aff4af6-6cc7-479f-9fca-879319b0e7e4:172.17.0.2:44873, 7cb3e755-c8bb-4f00-be15-bc5c4dd112b5:172.17.0.2:45527] returns group-B98AA3197BE4:java.util.concurrent.CompletableFuture@74d60e1c[Not completed]
2020-07-20 08:35:33,408 [pool-730-thread-1] INFO  impl.RaftServerImpl (RaftServerImpl.java:<init>(99)) - d7c912f8-2b11-470a-8112-2e2f3de1c844: new RaftServerImpl for group-B98AA3197BE4:[d7c912f8-2b11-470a-8112-2e2f3de1c844:172.17.0.2:43855, 8aff4af6-6cc7-479f-9fca-879319b0e7e4:172.17.0.2:44873, 7cb3e755-c8bb-4f00-be15-bc5c4dd112b5:172.17.0.2:45527] with ContainerStateMachine:uninitialized
2020-07-20 08:35:33,411 [pool-730-thread-1] INFO  server.RaftServerConfigKeys (ConfUtils.java:logGet(44)) - raft.server.rpc.timeout.min = 5s (custom)
2020-07-20 08:35:33,411 [pool-730-thread-1] INFO  server.RaftServerConfigKeys (ConfUtils.java:logGet(44)) - raft.server.rpc.timeout.max = 5200ms (custom)
2020-07-20 08:35:33,411 [pool-730-thread-1] INFO  server.RaftServerConfigKeys (ConfUtils.java:logGet(44)) - raft.server.rpcslowness.timeout = 300000ms (custom)
2020-07-20 08:35:33,411 [pool-730-thread-1] INFO  server.RaftServerConfigKeys (ConfUtils.java:logGet(44)) - raft.server.sleep.deviation.threshold = 300 (default)
2020-07-20 08:35:33,411 [pool-730-thread-1] INFO  server.RaftServerConfigKeys (ConfUtils.java:logGet(44)) - raft.server.log.appender.install.snapshot.enabled = false (custom)
2020-07-20 08:35:33,411 [pool-730-thread-1] INFO  impl.RaftServerImpl (ServerState.java:<init>(103)) - d7c912f8-2b11-470a-8112-2e2f3de1c844@group-B98AA3197BE4: ConfigurationManager, init=-1: [d7c912f8-2b11-470a-8112-2e2f3de1c844:172.17.0.2:43855, 8aff4af6-6cc7-479f-9fca-879319b0e7e4:172.17.0.2:44873, 7cb3e755-c8bb-4f00-be15-bc5c4dd112b5:172.17.0.2:45527], old=null, confs=<EMPTY_MAP>
2020-07-20 08:35:33,411 [pool-730-thread-1] INFO  server.RaftServerConfigKeys (ConfUtils.java:logGet(44)) - raft.server.storage.dir = [/github/workspace/mnt/ozone/hadoop-ozone/integration-test/target/test-dir/MiniOzoneClusterImpl-77fe6979-9426-4b74-982f-524262e25198/datanode-2/data/ratis] (custom)
2020-07-20 08:35:33,411 [pool-730-thread-1] INFO  server.RaftServerConfigKeys (ConfUtils.java:logGet(44)) - raft.server.log.corruption.policy = EXCEPTION (default)
2020-07-20 08:35:33,411 [pool-730-thread-1] INFO  storage.RaftStorageDirectory (RaftStorageDirectory.java:analyzeStorage(261)) - The storage directory /github/workspace/mnt/ozone/hadoop-ozone/integration-test/target/test-dir/MiniOzoneClusterImpl-77fe6979-9426-4b74-982f-524262e25198/datanode-2/data/ratis/f7c62648-2a61-4adf-bbe9-b98aa3197be4 does not exist. Creating ...
2020-07-20 08:35:33,412 [pool-730-thread-1] INFO  storage.RaftStorageDirectory (RaftStorageDirectory.java:tryLock(343)) - Lock on /github/workspace/mnt/ozone/hadoop-ozone/integration-test/target/test-dir/MiniOzoneClusterImpl-77fe6979-9426-4b74-982f-524262e25198/datanode-2/data/ratis/f7c62648-2a61-4adf-bbe9-b98aa3197be4/in_use.lock acquired by nodename 39787@795ad43b6c28
2020-07-20 08:35:33,413 [pool-730-thread-1] INFO  storage.RaftStorage (RaftStorage.java:format(84)) - Storage directory /github/workspace/mnt/ozone/hadoop-ozone/integration-test/target/test-dir/MiniOzoneClusterImpl-77fe6979-9426-4b74-982f-524262e25198/datanode-2/data/ratis/f7c62648-2a61-4adf-bbe9-b98aa3197be4 has been successfully formatted.
2020-07-20 08:35:33,414 [pool-730-thread-1] INFO  ratis.ContainerStateMachine (ContainerStateMachine.java:loadSnapshot(225)) - group-B98AA3197BE4: The snapshot info is null. Setting the last applied indexto:(t:0, i:~)
2020-07-20 08:35:33,414 [pool-730-thread-1] INFO  server.RaftServerConfigKeys (ConfUtils.java:logGet(44)) - raft.server.notification.no-leader.timeout = 300000ms (custom)
2020-07-20 08:35:33,414 [pool-730-thread-1] INFO  server.RaftServerConfigKeys (ConfUtils.java:logGet(44)) - raft.server.log.use.memory = false (default)
2020-07-20 08:35:33,415 [pool-730-thread-1] INFO  server.RaftServerConfigKeys (ConfUtils.java:logGet(44)) - raft.server.log.purge.gap = 1000000 (custom)
2020-07-20 08:35:33,415 [pool-730-thread-1] INFO  server.RaftServerConfigKeys (ConfUtils.java:logGet(44)) - raft.server.log.appender.buffer.byte-limit = 33554432 (custom)
2020-07-20 08:35:33,415 [pool-730-thread-1] INFO  server.RaftServerConfigKeys (ConfUtils.java:logGet(44)) - raft.server.log.segment.size.max = 1048576 (custom)
2020-07-20 08:35:33,415 [pool-730-thread-1] INFO  metrics.RatisMetrics (RatisMetrics.java:lambda$create$0(36)) - Creating Metrics Registry : ratis.log_worker.d7c912f8-2b11-470a-8112-2e2f3de1c844@group-B98AA3197BE4
2020-07-20 08:35:33,415 [pool-730-thread-1] INFO  server.RaftServerConfigKeys (ConfUtils.java:logGet(44)) - raft.server.log.segment.cache.num.max = 2 (custom)
2020-07-20 08:35:33,415 [pool-730-thread-1] INFO  segmented.SegmentedRaftLogWorker (SegmentedRaftLogWorker.java:<init>(180)) - new d7c912f8-2b11-470a-8112-2e2f3de1c844@group-B98AA3197BE4-SegmentedRaftLogWorker for RaftStorage:Storage Directory /github/workspace/mnt/ozone/hadoop-ozone/integration-test/target/test-dir/MiniOzoneClusterImpl-77fe6979-9426-4b74-982f-524262e25198/datanode-2/data/ratis/f7c62648-2a61-4adf-bbe9-b98aa3197be4
2020-07-20 08:35:33,415 [pool-730-thread-1] INFO  server.RaftServerConfigKeys (ConfUtils.java:logGet(44)) - raft.server.log.queue.byte-limit = 2147483647 (custom)
2020-07-20 08:35:33,416 [pool-730-thread-1] INFO  server.RaftServerConfigKeys (ConfUtils.java:logGet(44)) - raft.server.log.queue.element-limit = 1024 (custom)
2020-07-20 08:35:33,416 [pool-730-thread-1] INFO  server.RaftServerConfigKeys (ConfUtils.java:logGet(44)) - raft.server.log.segment.size.max = 1048576 (custom)
2020-07-20 08:35:33,416 [pool-730-thread-1] INFO  server.RaftServerConfigKeys (ConfUtils.java:logGet(44)) - raft.server.log.preallocated.size = 16384 (custom)
2020-07-20 08:35:33,416 [pool-730-thread-1] INFO  server.RaftServerConfigKeys (ConfUtils.java:logGet(44)) - raft.server.log.write.buffer.size = 1048576 (custom)
2020-07-20 08:35:33,416 [pool-730-thread-1] INFO  server.RaftServerConfigKeys (ConfUtils.java:logGet(44)) - raft.server.log.force.sync.num = 128 (default)
2020-07-20 08:35:33,416 [pool-730-thread-1] INFO  server.RaftServerConfigKeys (ConfUtils.java:logGet(44)) - raft.server.log.statemachine.data.sync = true (default)
2020-07-20 08:35:33,416 [pool-730-thread-1] INFO  server.RaftServerConfigKeys (ConfUtils.java:logGet(44)) - raft.server.log.statemachine.data.sync.timeout = 10s (default)
2020-07-20 08:35:33,416 [pool-730-thread-1] INFO  server.RaftServerConfigKeys (ConfUtils.java:logGet(44)) - raft.server.log.statemachine.data.sync.timeout.retry = -1 (default)
2020-07-20 08:35:33,419 [pool-730-thread-1] INFO  server.RaftServerConfigKeys (ConfUtils.java:logGet(44)) - raft.server.log.statemachine.data.caching.enabled = true (custom)
2020-07-20 08:35:33,419 [pool-730-thread-1] INFO  segmented.SegmentedRaftLogWorker (SegmentedRaftLogWorker.java:lambda$new$0(129)) - d7c912f8-2b11-470a-8112-2e2f3de1c844@group-B98AA3197BE4-SegmentedRaftLogWorker: flushIndex: setUnconditionally 0 -> -1
2020-07-20 08:35:33,419 [pool-730-thread-1] INFO  segmented.SegmentedRaftLogWorker (SegmentedRaftLogWorker.java:lambda$new$0(129)) - d7c912f8-2b11-470a-8112-2e2f3de1c844@group-B98AA3197BE4-SegmentedRaftLogWorker: safeCacheEvictIndex: setUnconditionally 0 -> -1
2020-07-20 08:35:33,419 [pool-730-thread-1] INFO  server.RaftServerConfigKeys (ConfUtils.java:logGet(44)) - raft.server.snapshot.auto.trigger.enabled = true (custom)
2020-07-20 08:35:33,420 [pool-730-thread-1] INFO  server.RaftServerConfigKeys (ConfUtils.java:logGet(44)) - raft.server.snapshot.auto.trigger.threshold = 10000 (custom)
2020-07-20 08:35:33,420 [pool-730-thread-1] INFO  server.RaftServerConfigKeys (ConfUtils.java:logGet(44)) - raft.server.snapshot.retention.file.num = 5 (custom)
2020-07-20 08:35:33,420 [pool-730-thread-1] INFO  server.RaftServerConfigKeys (ConfUtils.java:logGet(44)) - raft.server.log.purge.upto.snapshot.index = false (default)
2020-07-20 08:35:33,420 [pool-730-thread-1] INFO  server.RaftServerConfigKeys (ConfUtils.java:logGet(44)) - raft.server.retrycache.expirytime = 600000ms (custom)
2020-07-20 08:35:33,420 [pool-730-thread-1] INFO  metrics.RatisMetrics (RatisMetrics.java:lambda$create$0(36)) - Creating Metrics Registry : ratis.leader_election.d7c912f8-2b11-470a-8112-2e2f3de1c844@group-B98AA3197BE4
2020-07-20 08:35:33,420 [pool-730-thread-1] INFO  metrics.RatisMetrics (RatisMetrics.java:lambda$create$0(36)) - Creating Metrics Registry : ratis.server.d7c912f8-2b11-470a-8112-2e2f3de1c844@group-B98AA3197BE4
2020-07-20 08:35:33,422 [pool-730-thread-1] INFO  impl.RaftServerImpl (RaftServerImpl.java:start(186)) - d7c912f8-2b11-470a-8112-2e2f3de1c844@group-B98AA3197BE4: start as a follower, conf=-1: [d7c912f8-2b11-470a-8112-2e2f3de1c844:172.17.0.2:43855, 8aff4af6-6cc7-479f-9fca-879319b0e7e4:172.17.0.2:44873, 7cb3e755-c8bb-4f00-be15-bc5c4dd112b5:172.17.0.2:45527], old=null
2020-07-20 08:35:33,422 [pool-730-thread-1] INFO  impl.RaftServerImpl (RaftServerImpl.java:setRole(175)) - d7c912f8-2b11-470a-8112-2e2f3de1c844@group-B98AA3197BE4: changes role from      null to FOLLOWER at term 0 for startAsFollower
2020-07-20 08:35:33,422 [pool-730-thread-1] INFO  impl.RoleInfo (RoleInfo.java:updateAndGet(143)) - d7c912f8-2b11-470a-8112-2e2f3de1c844: start FollowerState
2020-07-20 08:35:33,425 [pool-730-thread-1] INFO  util.JmxRegister (JmxRegister.java:tryRegister(44)) - Successfully registered JMX Bean with object name Ratis:service=RaftServer,group=group-B98AA3197BE4,id=d7c912f8-2b11-470a-8112-2e2f3de1c844
2020-07-20 08:35:33,425 [pool-730-thread-1] INFO  metrics.RatisMetrics (RatisMetrics.java:lambda$create$0(36)) - Creating Metrics Registry : ratis.state_machine.d7c912f8-2b11-470a-8112-2e2f3de1c844@group-B98AA3197BE4
2020-07-20 08:35:33,431 [Command processor thread] INFO  commandhandler.CreatePipelineCommandHandler (CreatePipelineCommandHandler.java:handle(109)) - Created Pipeline RATIS THREE #id: "f7c62648-2a61-4adf-bbe9-b98aa3197be4"
uuid128 {
  mostSigBits: -592744209562121505
  leastSigBits: -4906186313950463004
}
.
2020-07-20 08:35:33,431 [Command processor thread] INFO  impl.RaftServerProxy (RaftServerProxy.java:addNew(89)) - 8aff4af6-6cc7-479f-9fca-879319b0e7e4: addNew group-75B56BA316C6:[d7c912f8-2b11-470a-8112-2e2f3de1c844:172.17.0.2:43855, 8aff4af6-6cc7-479f-9fca-879319b0e7e4:172.17.0.2:44873, 7cb3e755-c8bb-4f00-be15-bc5c4dd112b5:172.17.0.2:45527] returns group-75B56BA316C6:java.util.concurrent.CompletableFuture@26df2855[Not completed]
2020-07-20 08:35:33,432 [pool-700-thread-1] INFO  impl.RaftServerImpl (RaftServerImpl.java:<init>(99)) - 8aff4af6-6cc7-479f-9fca-879319b0e7e4: new RaftServerImpl for group-75B56BA316C6:[d7c912f8-2b11-470a-8112-2e2f3de1c844:172.17.0.2:43855, 8aff4af6-6cc7-479f-9fca-879319b0e7e4:172.17.0.2:44873, 7cb3e755-c8bb-4f00-be15-bc5c4dd112b5:172.17.0.2:45527] with ContainerStateMachine:uninitialized
2020-07-20 08:35:33,432 [pool-700-thread-1] INFO  server.RaftServerConfigKeys (ConfUtils.java:logGet(44)) - raft.server.rpc.timeout.min = 5s (custom)
2020-07-20 08:35:33,432 [pool-700-thread-1] INFO  server.RaftServerConfigKeys (ConfUtils.java:logGet(44)) - raft.server.rpc.timeout.max = 5200ms (custom)
2020-07-20 08:35:33,432 [pool-700-thread-1] INFO  server.RaftServerConfigKeys (ConfUtils.java:logGet(44)) - raft.server.rpcslowness.timeout = 300000ms (custom)
2020-07-20 08:35:33,432 [pool-700-thread-1] INFO  server.RaftServerConfigKeys (ConfUtils.java:logGet(44)) - raft.server.sleep.deviation.threshold = 300 (default)
2020-07-20 08:35:33,432 [pool-700-thread-1] INFO  server.RaftServerConfigKeys (ConfUtils.java:logGet(44)) - raft.server.log.appender.install.snapshot.enabled = false (custom)
2020-07-20 08:35:33,432 [pool-700-thread-1] INFO  impl.RaftServerImpl (ServerState.java:<init>(103)) - 8aff4af6-6cc7-479f-9fca-879319b0e7e4@group-75B56BA316C6: ConfigurationManager, init=-1: [d7c912f8-2b11-470a-8112-2e2f3de1c844:172.17.0.2:43855, 8aff4af6-6cc7-479f-9fca-879319b0e7e4:172.17.0.2:44873, 7cb3e755-c8bb-4f00-be15-bc5c4dd112b5:172.17.0.2:45527], old=null, confs=<EMPTY_MAP>
2020-07-20 08:35:33,432 [pool-700-thread-1] INFO  server.RaftServerConfigKeys (ConfUtils.java:logGet(44)) - raft.server.storage.dir = [/github/workspace/mnt/ozone/hadoop-ozone/integration-test/target/test-dir/MiniOzoneClusterImpl-77fe6979-9426-4b74-982f-524262e25198/datanode-0/data/ratis] (custom)
2020-07-20 08:35:33,432 [pool-700-thread-1] INFO  server.RaftServerConfigKeys (ConfUtils.java:logGet(44)) - raft.server.log.corruption.policy = EXCEPTION (default)
2020-07-20 08:35:33,432 [pool-700-thread-1] INFO  storage.RaftStorageDirectory (RaftStorageDirectory.java:analyzeStorage(261)) - The storage directory /github/workspace/mnt/ozone/hadoop-ozone/integration-test/target/test-dir/MiniOzoneClusterImpl-77fe6979-9426-4b74-982f-524262e25198/datanode-0/data/ratis/f9bee2f1-1abd-48d4-ab94-75b56ba316c6 does not exist. Creating ...
2020-07-20 08:35:33,434 [pool-700-thread-1] INFO  storage.RaftStorageDirectory (RaftStorageDirectory.java:tryLock(343)) - Lock on /github/workspace/mnt/ozone/hadoop-ozone/integration-test/target/test-dir/MiniOzoneClusterImpl-77fe6979-9426-4b74-982f-524262e25198/datanode-0/data/ratis/f9bee2f1-1abd-48d4-ab94-75b56ba316c6/in_use.lock acquired by nodename 39787@795ad43b6c28
2020-07-20 08:35:33,435 [pool-700-thread-1] INFO  storage.RaftStorage (RaftStorage.java:format(84)) - Storage directory /github/workspace/mnt/ozone/hadoop-ozone/integration-test/target/test-dir/MiniOzoneClusterImpl-77fe6979-9426-4b74-982f-524262e25198/datanode-0/data/ratis/f9bee2f1-1abd-48d4-ab94-75b56ba316c6 has been successfully formatted.
2020-07-20 08:35:33,435 [pool-700-thread-1] INFO  ratis.ContainerStateMachine (ContainerStateMachine.java:loadSnapshot(225)) - group-75B56BA316C6: The snapshot info is null. Setting the last applied indexto:(t:0, i:~)
2020-07-20 08:35:33,435 [pool-700-thread-1] INFO  server.RaftServerConfigKeys (ConfUtils.java:logGet(44)) - raft.server.notification.no-leader.timeout = 300000ms (custom)
2020-07-20 08:35:33,436 [pool-700-thread-1] INFO  server.RaftServerConfigKeys (ConfUtils.java:logGet(44)) - raft.server.log.use.memory = false (default)
2020-07-20 08:35:33,436 [pool-700-thread-1] INFO  server.RaftServerConfigKeys (ConfUtils.java:logGet(44)) - raft.server.log.purge.gap = 1000000 (custom)
2020-07-20 08:35:33,436 [pool-700-thread-1] INFO  server.RaftServerConfigKeys (ConfUtils.java:logGet(44)) - raft.server.log.appender.buffer.byte-limit = 33554432 (custom)
2020-07-20 08:35:33,436 [pool-700-thread-1] INFO  server.RaftServerConfigKeys (ConfUtils.java:logGet(44)) - raft.server.log.segment.size.max = 1048576 (custom)
2020-07-20 08:35:33,436 [pool-700-thread-1] INFO  metrics.RatisMetrics (RatisMetrics.java:lambda$create$0(36)) - Creating Metrics Registry : ratis.log_worker.8aff4af6-6cc7-479f-9fca-879319b0e7e4@group-75B56BA316C6
2020-07-20 08:35:33,437 [pool-700-thread-1] INFO  server.RaftServerConfigKeys (ConfUtils.java:logGet(44)) - raft.server.log.segment.cache.num.max = 2 (custom)
2020-07-20 08:35:33,437 [pool-700-thread-1] INFO  segmented.SegmentedRaftLogWorker (SegmentedRaftLogWorker.java:<init>(180)) - new 8aff4af6-6cc7-479f-9fca-879319b0e7e4@group-75B56BA316C6-SegmentedRaftLogWorker for RaftStorage:Storage Directory /github/workspace/mnt/ozone/hadoop-ozone/integration-test/target/test-dir/MiniOzoneClusterImpl-77fe6979-9426-4b74-982f-524262e25198/datanode-0/data/ratis/f9bee2f1-1abd-48d4-ab94-75b56ba316c6
2020-07-20 08:35:33,437 [pool-700-thread-1] INFO  server.RaftServerConfigKeys (ConfUtils.java:logGet(44)) - raft.server.log.queue.byte-limit = 2147483647 (custom)
2020-07-20 08:35:33,437 [pool-700-thread-1] INFO  server.RaftServerConfigKeys (ConfUtils.java:logGet(44)) - raft.server.log.queue.element-limit = 1024 (custom)
2020-07-20 08:35:33,437 [pool-700-thread-1] INFO  server.RaftServerConfigKeys (ConfUtils.java:logGet(44)) - raft.server.log.segment.size.max = 1048576 (custom)
2020-07-20 08:35:33,437 [pool-700-thread-1] INFO  server.RaftServerConfigKeys (ConfUtils.java:logGet(44)) - raft.server.log.preallocated.size = 16384 (custom)
2020-07-20 08:35:33,437 [pool-700-thread-1] INFO  server.RaftServerConfigKeys (ConfUtils.java:logGet(44)) - raft.server.log.write.buffer.size = 1048576 (custom)
2020-07-20 08:35:33,437 [pool-700-thread-1] INFO  server.RaftServerConfigKeys (ConfUtils.java:logGet(44)) - raft.server.log.force.sync.num = 128 (default)
2020-07-20 08:35:33,437 [pool-700-thread-1] INFO  server.RaftServerConfigKeys (ConfUtils.java:logGet(44)) - raft.server.log.statemachine.data.sync = true (default)
2020-07-20 08:35:33,437 [pool-700-thread-1] INFO  server.RaftServerConfigKeys (ConfUtils.java:logGet(44)) - raft.server.log.statemachine.data.sync.timeout = 10s (default)
2020-07-20 08:35:33,437 [pool-700-thread-1] INFO  server.RaftServerConfigKeys (ConfUtils.java:logGet(44)) - raft.server.log.statemachine.data.sync.timeout.retry = -1 (default)
2020-07-20 08:35:33,440 [pool-700-thread-1] INFO  server.RaftServerConfigKeys (ConfUtils.java:logGet(44)) - raft.server.log.statemachine.data.caching.enabled = true (custom)
2020-07-20 08:35:33,441 [pool-700-thread-1] INFO  segmented.SegmentedRaftLogWorker (SegmentedRaftLogWorker.java:lambda$new$0(129)) - 8aff4af6-6cc7-479f-9fca-879319b0e7e4@group-75B56BA316C6-SegmentedRaftLogWorker: flushIndex: setUnconditionally 0 -> -1
2020-07-20 08:35:33,441 [pool-700-thread-1] INFO  segmented.SegmentedRaftLogWorker (SegmentedRaftLogWorker.java:lambda$new$0(129)) - 8aff4af6-6cc7-479f-9fca-879319b0e7e4@group-75B56BA316C6-SegmentedRaftLogWorker: safeCacheEvictIndex: setUnconditionally 0 -> -1
2020-07-20 08:35:33,441 [pool-700-thread-1] INFO  server.RaftServerConfigKeys (ConfUtils.java:logGet(44)) - raft.server.snapshot.auto.trigger.enabled = true (custom)
2020-07-20 08:35:33,441 [pool-700-thread-1] INFO  server.RaftServerConfigKeys (ConfUtils.java:logGet(44)) - raft.server.snapshot.auto.trigger.threshold = 10000 (custom)
2020-07-20 08:35:33,441 [pool-700-thread-1] INFO  server.RaftServerConfigKeys (ConfUtils.java:logGet(44)) - raft.server.snapshot.retention.file.num = 5 (custom)
2020-07-20 08:35:33,441 [pool-700-thread-1] INFO  server.RaftServerConfigKeys (ConfUtils.java:logGet(44)) - raft.server.log.purge.upto.snapshot.index = false (default)
2020-07-20 08:35:33,441 [pool-700-thread-1] INFO  server.RaftServerConfigKeys (ConfUtils.java:logGet(44)) - raft.server.retrycache.expirytime = 600000ms (custom)
2020-07-20 08:35:33,441 [pool-700-thread-1] INFO  metrics.RatisMetrics (RatisMetrics.java:lambda$create$0(36)) - Creating Metrics Registry : ratis.leader_election.8aff4af6-6cc7-479f-9fca-879319b0e7e4@group-75B56BA316C6
2020-07-20 08:35:33,442 [pool-700-thread-1] INFO  metrics.RatisMetrics (RatisMetrics.java:lambda$create$0(36)) - Creating Metrics Registry : ratis.server.8aff4af6-6cc7-479f-9fca-879319b0e7e4@group-75B56BA316C6
2020-07-20 08:35:33,444 [pool-700-thread-1] INFO  impl.RaftServerImpl (RaftServerImpl.java:start(186)) - 8aff4af6-6cc7-479f-9fca-879319b0e7e4@group-75B56BA316C6: start as a follower, conf=-1: [d7c912f8-2b11-470a-8112-2e2f3de1c844:172.17.0.2:43855, 8aff4af6-6cc7-479f-9fca-879319b0e7e4:172.17.0.2:44873, 7cb3e755-c8bb-4f00-be15-bc5c4dd112b5:172.17.0.2:45527], old=null
2020-07-20 08:35:33,444 [pool-700-thread-1] INFO  impl.RaftServerImpl (RaftServerImpl.java:setRole(175)) - 8aff4af6-6cc7-479f-9fca-879319b0e7e4@group-75B56BA316C6: changes role from      null to FOLLOWER at term 0 for startAsFollower
2020-07-20 08:35:33,444 [pool-700-thread-1] INFO  impl.RoleInfo (RoleInfo.java:updateAndGet(143)) - 8aff4af6-6cc7-479f-9fca-879319b0e7e4: start FollowerState
2020-07-20 08:35:33,444 [pool-700-thread-1] INFO  util.JmxRegister (JmxRegister.java:tryRegister(44)) - Successfully registered JMX Bean with object name Ratis:service=RaftServer,group=group-75B56BA316C6,id=8aff4af6-6cc7-479f-9fca-879319b0e7e4
2020-07-20 08:35:33,444 [pool-700-thread-1] INFO  metrics.RatisMetrics (RatisMetrics.java:lambda$create$0(36)) - Creating Metrics Registry : ratis.state_machine.8aff4af6-6cc7-479f-9fca-879319b0e7e4@group-75B56BA316C6
2020-07-20 08:35:33,452 [grpc-default-executor-1] INFO  impl.RaftServerProxy (RaftServerProxy.java:addNew(89)) - 7cb3e755-c8bb-4f00-be15-bc5c4dd112b5: addNew group-75B56BA316C6:[d7c912f8-2b11-470a-8112-2e2f3de1c844:172.17.0.2:43855, 8aff4af6-6cc7-479f-9fca-879319b0e7e4:172.17.0.2:44873, 7cb3e755-c8bb-4f00-be15-bc5c4dd112b5:172.17.0.2:45527] returns group-75B56BA316C6:java.util.concurrent.CompletableFuture@3e878915[Not completed]
2020-07-20 08:35:33,453 [pool-715-thread-1] INFO  impl.RaftServerImpl (RaftServerImpl.java:<init>(99)) - 7cb3e755-c8bb-4f00-be15-bc5c4dd112b5: new RaftServerImpl for group-75B56BA316C6:[d7c912f8-2b11-470a-8112-2e2f3de1c844:172.17.0.2:43855, 8aff4af6-6cc7-479f-9fca-879319b0e7e4:172.17.0.2:44873, 7cb3e755-c8bb-4f00-be15-bc5c4dd112b5:172.17.0.2:45527] with ContainerStateMachine:uninitialized
2020-07-20 08:35:33,453 [pool-715-thread-1] INFO  server.RaftServerConfigKeys (ConfUtils.java:logGet(44)) - raft.server.rpc.timeout.min = 5s (custom)
2020-07-20 08:35:33,453 [pool-715-thread-1] INFO  server.RaftServerConfigKeys (ConfUtils.java:logGet(44)) - raft.server.rpc.timeout.max = 5200ms (custom)
2020-07-20 08:35:33,453 [pool-715-thread-1] INFO  server.RaftServerConfigKeys (ConfUtils.java:logGet(44)) - raft.server.rpcslowness.timeout = 300000ms (custom)
2020-07-20 08:35:33,453 [pool-715-thread-1] INFO  server.RaftServerConfigKeys (ConfUtils.java:logGet(44)) - raft.server.sleep.deviation.threshold = 300 (default)
2020-07-20 08:35:33,453 [pool-715-thread-1] INFO  server.RaftServerConfigKeys (ConfUtils.java:logGet(44)) - raft.server.log.appender.install.snapshot.enabled = false (custom)
2020-07-20 08:35:33,453 [pool-715-thread-1] INFO  impl.RaftServerImpl (ServerState.java:<init>(103)) - 7cb3e755-c8bb-4f00-be15-bc5c4dd112b5@group-75B56BA316C6: ConfigurationManager, init=-1: [d7c912f8-2b11-470a-8112-2e2f3de1c844:172.17.0.2:43855, 8aff4af6-6cc7-479f-9fca-879319b0e7e4:172.17.0.2:44873, 7cb3e755-c8bb-4f00-be15-bc5c4dd112b5:172.17.0.2:45527], old=null, confs=<EMPTY_MAP>
2020-07-20 08:35:33,453 [pool-715-thread-1] INFO  server.RaftServerConfigKeys (ConfUtils.java:logGet(44)) - raft.server.storage.dir = [/github/workspace/mnt/ozone/hadoop-ozone/integration-test/target/test-dir/MiniOzoneClusterImpl-77fe6979-9426-4b74-982f-524262e25198/datanode-1/data/ratis] (custom)
2020-07-20 08:35:33,453 [pool-715-thread-1] INFO  server.RaftServerConfigKeys (ConfUtils.java:logGet(44)) - raft.server.log.corruption.policy = EXCEPTION (default)
2020-07-20 08:35:33,454 [pool-715-thread-1] INFO  storage.RaftStorageDirectory (RaftStorageDirectory.java:analyzeStorage(261)) - The storage directory /github/workspace/mnt/ozone/hadoop-ozone/integration-test/target/test-dir/MiniOzoneClusterImpl-77fe6979-9426-4b74-982f-524262e25198/datanode-1/data/ratis/f9bee2f1-1abd-48d4-ab94-75b56ba316c6 does not exist. Creating ...
2020-07-20 08:35:33,456 [pool-715-thread-1] INFO  storage.RaftStorageDirectory (RaftStorageDirectory.java:tryLock(343)) - Lock on /github/workspace/mnt/ozone/hadoop-ozone/integration-test/target/test-dir/MiniOzoneClusterImpl-77fe6979-9426-4b74-982f-524262e25198/datanode-1/data/ratis/f9bee2f1-1abd-48d4-ab94-75b56ba316c6/in_use.lock acquired by nodename 39787@795ad43b6c28
2020-07-20 08:35:33,457 [pool-715-thread-1] INFO  storage.RaftStorage (RaftStorage.java:format(84)) - Storage directory /github/workspace/mnt/ozone/hadoop-ozone/integration-test/target/test-dir/MiniOzoneClusterImpl-77fe6979-9426-4b74-982f-524262e25198/datanode-1/data/ratis/f9bee2f1-1abd-48d4-ab94-75b56ba316c6 has been successfully formatted.
2020-07-20 08:35:33,458 [pool-715-thread-1] INFO  ratis.ContainerStateMachine (ContainerStateMachine.java:loadSnapshot(225)) - group-75B56BA316C6: The snapshot info is null. Setting the last applied indexto:(t:0, i:~)
2020-07-20 08:35:33,458 [pool-715-thread-1] INFO  server.RaftServerConfigKeys (ConfUtils.java:logGet(44)) - raft.server.notification.no-leader.timeout = 300000ms (custom)
2020-07-20 08:35:33,458 [pool-715-thread-1] INFO  server.RaftServerConfigKeys (ConfUtils.java:logGet(44)) - raft.server.log.use.memory = false (default)
2020-07-20 08:35:33,458 [pool-715-thread-1] INFO  server.RaftServerConfigKeys (ConfUtils.java:logGet(44)) - raft.server.log.purge.gap = 1000000 (custom)
2020-07-20 08:35:33,458 [pool-715-thread-1] INFO  server.RaftServerConfigKeys (ConfUtils.java:logGet(44)) - raft.server.log.appender.buffer.byte-limit = 33554432 (custom)
2020-07-20 08:35:33,459 [pool-715-thread-1] INFO  server.RaftServerConfigKeys (ConfUtils.java:logGet(44)) - raft.server.log.segment.size.max = 1048576 (custom)
2020-07-20 08:35:33,459 [pool-715-thread-1] INFO  metrics.RatisMetrics (RatisMetrics.java:lambda$create$0(36)) - Creating Metrics Registry : ratis.log_worker.7cb3e755-c8bb-4f00-be15-bc5c4dd112b5@group-75B56BA316C6
2020-07-20 08:35:33,459 [pool-715-thread-1] INFO  server.RaftServerConfigKeys (ConfUtils.java:logGet(44)) - raft.server.log.segment.cache.num.max = 2 (custom)
2020-07-20 08:35:33,459 [pool-715-thread-1] INFO  segmented.SegmentedRaftLogWorker (SegmentedRaftLogWorker.java:<init>(180)) - new 7cb3e755-c8bb-4f00-be15-bc5c4dd112b5@group-75B56BA316C6-SegmentedRaftLogWorker for RaftStorage:Storage Directory /github/workspace/mnt/ozone/hadoop-ozone/integration-test/target/test-dir/MiniOzoneClusterImpl-77fe6979-9426-4b74-982f-524262e25198/datanode-1/data/ratis/f9bee2f1-1abd-48d4-ab94-75b56ba316c6
2020-07-20 08:35:33,459 [pool-715-thread-1] INFO  server.RaftServerConfigKeys (ConfUtils.java:logGet(44)) - raft.server.log.queue.byte-limit = 2147483647 (custom)
2020-07-20 08:35:33,459 [pool-715-thread-1] INFO  server.RaftServerConfigKeys (ConfUtils.java:logGet(44)) - raft.server.log.queue.element-limit = 1024 (custom)
2020-07-20 08:35:33,459 [pool-715-thread-1] INFO  server.RaftServerConfigKeys (ConfUtils.java:logGet(44)) - raft.server.log.segment.size.max = 1048576 (custom)
2020-07-20 08:35:33,459 [pool-715-thread-1] INFO  server.RaftServerConfigKeys (ConfUtils.java:logGet(44)) - raft.server.log.preallocated.size = 16384 (custom)
2020-07-20 08:35:33,460 [pool-715-thread-1] INFO  server.RaftServerConfigKeys (ConfUtils.java:logGet(44)) - raft.server.log.write.buffer.size = 1048576 (custom)
2020-07-20 08:35:33,460 [pool-715-thread-1] INFO  server.RaftServerConfigKeys (ConfUtils.java:logGet(44)) - raft.server.log.force.sync.num = 128 (default)
2020-07-20 08:35:33,460 [pool-715-thread-1] INFO  server.RaftServerConfigKeys (ConfUtils.java:logGet(44)) - raft.server.log.statemachine.data.sync = true (default)
2020-07-20 08:35:33,460 [pool-715-thread-1] INFO  server.RaftServerConfigKeys (ConfUtils.java:logGet(44)) - raft.server.log.statemachine.data.sync.timeout = 10s (default)
2020-07-20 08:35:33,460 [Command processor thread] INFO  impl.RaftServerProxy (RaftServerProxy.java:addNew(89)) - 7cb3e755-c8bb-4f00-be15-bc5c4dd112b5: addNew group-ADD4E95C7D82:[7cb3e755-c8bb-4f00-be15-bc5c4dd112b5:172.17.0.2:45527] returns group-ADD4E95C7D82:java.util.concurrent.CompletableFuture@7bd1138d[Not completed]
2020-07-20 08:35:33,460 [pool-715-thread-1] INFO  server.RaftServerConfigKeys (ConfUtils.java:logGet(44)) - raft.server.log.statemachine.data.sync.timeout.retry = -1 (default)
2020-07-20 08:35:33,463 [pool-715-thread-1] INFO  server.RaftServerConfigKeys (ConfUtils.java:logGet(44)) - raft.server.log.statemachine.data.caching.enabled = true (custom)
2020-07-20 08:35:33,463 [pool-715-thread-1] INFO  segmented.SegmentedRaftLogWorker (SegmentedRaftLogWorker.java:lambda$new$0(129)) - 7cb3e755-c8bb-4f00-be15-bc5c4dd112b5@group-75B56BA316C6-SegmentedRaftLogWorker: flushIndex: setUnconditionally 0 -> -1
2020-07-20 08:35:33,463 [pool-715-thread-1] INFO  segmented.SegmentedRaftLogWorker (SegmentedRaftLogWorker.java:lambda$new$0(129)) - 7cb3e755-c8bb-4f00-be15-bc5c4dd112b5@group-75B56BA316C6-SegmentedRaftLogWorker: safeCacheEvictIndex: setUnconditionally 0 -> -1
2020-07-20 08:35:33,466 [pool-715-thread-1] INFO  server.RaftServerConfigKeys (ConfUtils.java:logGet(44)) - raft.server.snapshot.auto.trigger.enabled = true (custom)
2020-07-20 08:35:33,466 [pool-715-thread-1] INFO  server.RaftServerConfigKeys (ConfUtils.java:logGet(44)) - raft.server.snapshot.auto.trigger.threshold = 10000 (custom)
2020-07-20 08:35:33,466 [pool-715-thread-1] INFO  server.RaftServerConfigKeys (ConfUtils.java:logGet(44)) - raft.server.snapshot.retention.file.num = 5 (custom)
2020-07-20 08:35:33,466 [pool-715-thread-1] INFO  server.RaftServerConfigKeys (ConfUtils.java:logGet(44)) - raft.server.log.purge.upto.snapshot.index = false (default)
2020-07-20 08:35:33,467 [pool-715-thread-1] INFO  server.RaftServerConfigKeys (ConfUtils.java:logGet(44)) - raft.server.retrycache.expirytime = 600000ms (custom)
2020-07-20 08:35:33,467 [pool-715-thread-1] INFO  metrics.RatisMetrics (RatisMetrics.java:lambda$create$0(36)) - Creating Metrics Registry : ratis.leader_election.7cb3e755-c8bb-4f00-be15-bc5c4dd112b5@group-75B56BA316C6
2020-07-20 08:35:33,467 [pool-715-thread-1] INFO  metrics.RatisMetrics (RatisMetrics.java:lambda$create$0(36)) - Creating Metrics Registry : ratis.server.7cb3e755-c8bb-4f00-be15-bc5c4dd112b5@group-75B56BA316C6
2020-07-20 08:35:33,470 [pool-715-thread-1] INFO  impl.RaftServerImpl (RaftServerImpl.java:<init>(99)) - 7cb3e755-c8bb-4f00-be15-bc5c4dd112b5: new RaftServerImpl for group-ADD4E95C7D82:[7cb3e755-c8bb-4f00-be15-bc5c4dd112b5:172.17.0.2:45527] with ContainerStateMachine:uninitialized
2020-07-20 08:35:33,470 [pool-715-thread-1] INFO  server.RaftServerConfigKeys (ConfUtils.java:logGet(44)) - raft.server.rpc.timeout.min = 5s (custom)
2020-07-20 08:35:33,470 [pool-715-thread-1] INFO  server.RaftServerConfigKeys (ConfUtils.java:logGet(44)) - raft.server.rpc.timeout.max = 5200ms (custom)
2020-07-20 08:35:33,470 [pool-715-thread-1] INFO  server.RaftServerConfigKeys (ConfUtils.java:logGet(44)) - raft.server.rpcslowness.timeout = 300000ms (custom)
2020-07-20 08:35:33,470 [pool-715-thread-1] INFO  server.RaftServerConfigKeys (ConfUtils.java:logGet(44)) - raft.server.sleep.deviation.threshold = 300 (default)
2020-07-20 08:35:33,470 [pool-715-thread-1] INFO  server.RaftServerConfigKeys (ConfUtils.java:logGet(44)) - raft.server.log.appender.install.snapshot.enabled = false (custom)
2020-07-20 08:35:33,470 [pool-715-thread-1] INFO  impl.RaftServerImpl (ServerState.java:<init>(103)) - 7cb3e755-c8bb-4f00-be15-bc5c4dd112b5@group-ADD4E95C7D82: ConfigurationManager, init=-1: [7cb3e755-c8bb-4f00-be15-bc5c4dd112b5:172.17.0.2:45527], old=null, confs=<EMPTY_MAP>
2020-07-20 08:35:33,470 [pool-715-thread-1] INFO  server.RaftServerConfigKeys (ConfUtils.java:logGet(44)) - raft.server.storage.dir = [/github/workspace/mnt/ozone/hadoop-ozone/integration-test/target/test-dir/MiniOzoneClusterImpl-77fe6979-9426-4b74-982f-524262e25198/datanode-1/data/ratis] (custom)
2020-07-20 08:35:33,470 [pool-715-thread-1] INFO  server.RaftServerConfigKeys (ConfUtils.java:logGet(44)) - raft.server.log.corruption.policy = EXCEPTION (default)
2020-07-20 08:35:33,470 [pool-715-thread-1] INFO  storage.RaftStorageDirectory (RaftStorageDirectory.java:analyzeStorage(261)) - The storage directory /github/workspace/mnt/ozone/hadoop-ozone/integration-test/target/test-dir/MiniOzoneClusterImpl-77fe6979-9426-4b74-982f-524262e25198/datanode-1/data/ratis/aff47c86-ddaa-4c2c-95b2-add4e95c7d82 does not exist. Creating ...
2020-07-20 08:35:33,472 [pool-715-thread-1] INFO  storage.RaftStorageDirectory (RaftStorageDirectory.java:tryLock(343)) - Lock on /github/workspace/mnt/ozone/hadoop-ozone/integration-test/target/test-dir/MiniOzoneClusterImpl-77fe6979-9426-4b74-982f-524262e25198/datanode-1/data/ratis/aff47c86-ddaa-4c2c-95b2-add4e95c7d82/in_use.lock acquired by nodename 39787@795ad43b6c28
2020-07-20 08:35:33,473 [pool-715-thread-1] INFO  storage.RaftStorage (RaftStorage.java:format(84)) - Storage directory /github/workspace/mnt/ozone/hadoop-ozone/integration-test/target/test-dir/MiniOzoneClusterImpl-77fe6979-9426-4b74-982f-524262e25198/datanode-1/data/ratis/aff47c86-ddaa-4c2c-95b2-add4e95c7d82 has been successfully formatted.
2020-07-20 08:35:33,473 [pool-715-thread-1] INFO  ratis.ContainerStateMachine (ContainerStateMachine.java:loadSnapshot(225)) - group-ADD4E95C7D82: The snapshot info is null. Setting the last applied indexto:(t:0, i:~)
2020-07-20 08:35:33,473 [pool-715-thread-1] INFO  server.RaftServerConfigKeys (ConfUtils.java:logGet(44)) - raft.server.notification.no-leader.timeout = 300000ms (custom)
2020-07-20 08:35:33,473 [pool-715-thread-1] INFO  server.RaftServerConfigKeys (ConfUtils.java:logGet(44)) - raft.server.log.use.memory = false (default)
2020-07-20 08:35:33,473 [pool-715-thread-1] INFO  server.RaftServerConfigKeys (ConfUtils.java:logGet(44)) - raft.server.log.purge.gap = 1000000 (custom)
2020-07-20 08:35:33,474 [pool-715-thread-1] INFO  server.RaftServerConfigKeys (ConfUtils.java:logGet(44)) - raft.server.log.appender.buffer.byte-limit = 33554432 (custom)
2020-07-20 08:35:33,474 [EventQueue-PipelineReportForPipelineReportHandler] INFO  pipeline.PipelineStateManager (PipelineStateManager.java:openPipeline(131)) - Pipeline Pipeline[ Id: aff47c86-ddaa-4c2c-95b2-add4e95c7d82, Nodes: 7cb3e755-c8bb-4f00-be15-bc5c4dd112b5{ip: 172.17.0.2, host: 795ad43b6c28, networkLocation: /default-rack, certSerialId: null}, Type:RATIS, Factor:ONE, State:ALLOCATED, leaderId:7cb3e755-c8bb-4f00-be15-bc5c4dd112b5, CreationTimestamp2020-07-20T08:35:30.462Z] moved to OPEN state
2020-07-20 08:35:33,474 [EventQueue-OpenPipelineForHealthyPipelineSafeModeRule] INFO  safemode.SCMSafeModeManager (HealthyPipelineSafeModeRule.java:process(129)) - SCM in safe mode. Healthy pipelines reported count is 0, required healthy pipeline reported count is 1
2020-07-20 08:35:33,474 [EventQueue-OpenPipelineForOneReplicaPipelineSafeModeRule] INFO  safemode.SCMSafeModeManager (SCMSafeModeManager.java:validateSafeModeExitRules(214)) - AtleastOneDatanodeReportedRule rule is successfully validated
2020-07-20 08:35:33,474 [pool-715-thread-1] INFO  server.RaftServerConfigKeys (ConfUtils.java:logGet(44)) - raft.server.log.segment.size.max = 1048576 (custom)
2020-07-20 08:35:33,474 [pool-715-thread-1] INFO  metrics.RatisMetrics (RatisMetrics.java:lambda$create$0(36)) - Creating Metrics Registry : ratis.log_worker.7cb3e755-c8bb-4f00-be15-bc5c4dd112b5@group-ADD4E95C7D82
2020-07-20 08:35:33,474 [pool-715-thread-1] INFO  server.RaftServerConfigKeys (ConfUtils.java:logGet(44)) - raft.server.log.segment.cache.num.max = 2 (custom)
2020-07-20 08:35:33,474 [pool-715-thread-1] INFO  segmented.SegmentedRaftLogWorker (SegmentedRaftLogWorker.java:<init>(180)) - new 7cb3e755-c8bb-4f00-be15-bc5c4dd112b5@group-ADD4E95C7D82-SegmentedRaftLogWorker for RaftStorage:Storage Directory /github/workspace/mnt/ozone/hadoop-ozone/integration-test/target/test-dir/MiniOzoneClusterImpl-77fe6979-9426-4b74-982f-524262e25198/datanode-1/data/ratis/aff47c86-ddaa-4c2c-95b2-add4e95c7d82
2020-07-20 08:35:33,475 [pool-715-thread-1] INFO  server.RaftServerConfigKeys (ConfUtils.java:logGet(44)) - raft.server.log.queue.byte-limit = 2147483647 (custom)
2020-07-20 08:35:33,475 [pool-715-thread-1] INFO  server.RaftServerConfigKeys (ConfUtils.java:logGet(44)) - raft.server.log.queue.element-limit = 1024 (custom)
2020-07-20 08:35:33,475 [pool-715-thread-1] INFO  server.RaftServerConfigKeys (ConfUtils.java:logGet(44)) - raft.server.log.segment.size.max = 1048576 (custom)
2020-07-20 08:35:33,475 [pool-715-thread-1] INFO  server.RaftServerConfigKeys (ConfUtils.java:logGet(44)) - raft.server.log.preallocated.size = 16384 (custom)
2020-07-20 08:35:33,475 [pool-715-thread-1] INFO  server.RaftServerConfigKeys (ConfUtils.java:logGet(44)) - raft.server.log.write.buffer.size = 1048576 (custom)
2020-07-20 08:35:33,475 [pool-715-thread-1] INFO  server.RaftServerConfigKeys (ConfUtils.java:logGet(44)) - raft.server.log.force.sync.num = 128 (default)
2020-07-20 08:35:33,475 [pool-715-thread-1] INFO  server.RaftServerConfigKeys (ConfUtils.java:logGet(44)) - raft.server.log.statemachine.data.sync = true (default)
2020-07-20 08:35:33,475 [pool-715-thread-1] INFO  server.RaftServerConfigKeys (ConfUtils.java:logGet(44)) - raft.server.log.statemachine.data.sync.timeout = 10s (default)
2020-07-20 08:35:33,475 [pool-715-thread-1] INFO  server.RaftServerConfigKeys (ConfUtils.java:logGet(44)) - raft.server.log.statemachine.data.sync.timeout.retry = -1 (default)
2020-07-20 08:35:33,477 [pool-715-thread-1] INFO  server.RaftServerConfigKeys (ConfUtils.java:logGet(44)) - raft.server.log.statemachine.data.caching.enabled = true (custom)
2020-07-20 08:35:33,478 [pool-715-thread-1] INFO  segmented.SegmentedRaftLogWorker (SegmentedRaftLogWorker.java:lambda$new$0(129)) - 7cb3e755-c8bb-4f00-be15-bc5c4dd112b5@group-ADD4E95C7D82-SegmentedRaftLogWorker: flushIndex: setUnconditionally 0 -> -1
2020-07-20 08:35:33,478 [pool-715-thread-1] INFO  segmented.SegmentedRaftLogWorker (SegmentedRaftLogWorker.java:lambda$new$0(129)) - 7cb3e755-c8bb-4f00-be15-bc5c4dd112b5@group-ADD4E95C7D82-SegmentedRaftLogWorker: safeCacheEvictIndex: setUnconditionally 0 -> -1
2020-07-20 08:35:33,478 [pool-715-thread-1] INFO  server.RaftServerConfigKeys (ConfUtils.java:logGet(44)) - raft.server.snapshot.auto.trigger.enabled = true (custom)
2020-07-20 08:35:33,478 [pool-715-thread-1] INFO  server.RaftServerConfigKeys (ConfUtils.java:logGet(44)) - raft.server.snapshot.auto.trigger.threshold = 10000 (custom)
2020-07-20 08:35:33,478 [pool-715-thread-1] INFO  server.RaftServerConfigKeys (ConfUtils.java:logGet(44)) - raft.server.snapshot.retention.file.num = 5 (custom)
2020-07-20 08:35:33,478 [pool-715-thread-1] INFO  server.RaftServerConfigKeys (ConfUtils.java:logGet(44)) - raft.server.log.purge.upto.snapshot.index = false (default)
2020-07-20 08:35:33,478 [pool-715-thread-1] INFO  server.RaftServerConfigKeys (ConfUtils.java:logGet(44)) - raft.server.retrycache.expirytime = 600000ms (custom)
2020-07-20 08:35:33,479 [pool-715-thread-1] INFO  metrics.RatisMetrics (RatisMetrics.java:lambda$create$0(36)) - Creating Metrics Registry : ratis.leader_election.7cb3e755-c8bb-4f00-be15-bc5c4dd112b5@group-ADD4E95C7D82
2020-07-20 08:35:33,479 [pool-715-thread-1] INFO  metrics.RatisMetrics (RatisMetrics.java:lambda$create$0(36)) - Creating Metrics Registry : ratis.server.7cb3e755-c8bb-4f00-be15-bc5c4dd112b5@group-ADD4E95C7D82
2020-07-20 08:35:33,481 [pool-715-thread-1] INFO  impl.RaftServerImpl (RaftServerImpl.java:start(186)) - 7cb3e755-c8bb-4f00-be15-bc5c4dd112b5@group-75B56BA316C6: start as a follower, conf=-1: [d7c912f8-2b11-470a-8112-2e2f3de1c844:172.17.0.2:43855, 8aff4af6-6cc7-479f-9fca-879319b0e7e4:172.17.0.2:44873, 7cb3e755-c8bb-4f00-be15-bc5c4dd112b5:172.17.0.2:45527], old=null
2020-07-20 08:35:33,481 [pool-715-thread-1] INFO  impl.RaftServerImpl (RaftServerImpl.java:setRole(175)) - 7cb3e755-c8bb-4f00-be15-bc5c4dd112b5@group-75B56BA316C6: changes role from      null to FOLLOWER at term 0 for startAsFollower
2020-07-20 08:35:33,481 [pool-715-thread-1] INFO  impl.RoleInfo (RoleInfo.java:updateAndGet(143)) - 7cb3e755-c8bb-4f00-be15-bc5c4dd112b5: start FollowerState
2020-07-20 08:35:33,482 [pool-715-thread-1] INFO  util.JmxRegister (JmxRegister.java:tryRegister(44)) - Successfully registered JMX Bean with object name Ratis:service=RaftServer,group=group-75B56BA316C6,id=7cb3e755-c8bb-4f00-be15-bc5c4dd112b5
2020-07-20 08:35:33,482 [pool-715-thread-1] INFO  metrics.RatisMetrics (RatisMetrics.java:lambda$create$0(36)) - Creating Metrics Registry : ratis.state_machine.7cb3e755-c8bb-4f00-be15-bc5c4dd112b5@group-75B56BA316C6
2020-07-20 08:35:33,483 [pool-715-thread-1] INFO  impl.RaftServerImpl (RaftServerImpl.java:start(186)) - 7cb3e755-c8bb-4f00-be15-bc5c4dd112b5@group-ADD4E95C7D82: start as a follower, conf=-1: [7cb3e755-c8bb-4f00-be15-bc5c4dd112b5:172.17.0.2:45527], old=null
2020-07-20 08:35:33,483 [pool-715-thread-1] INFO  impl.RaftServerImpl (RaftServerImpl.java:setRole(175)) - 7cb3e755-c8bb-4f00-be15-bc5c4dd112b5@group-ADD4E95C7D82: changes role from      null to FOLLOWER at term 0 for startAsFollower
2020-07-20 08:35:33,483 [pool-715-thread-1] INFO  impl.RoleInfo (RoleInfo.java:updateAndGet(143)) - 7cb3e755-c8bb-4f00-be15-bc5c4dd112b5: start FollowerState
2020-07-20 08:35:33,491 [pool-715-thread-1] INFO  util.JmxRegister (JmxRegister.java:tryRegister(44)) - Successfully registered JMX Bean with object name Ratis:service=RaftServer,group=group-ADD4E95C7D82,id=7cb3e755-c8bb-4f00-be15-bc5c4dd112b5
2020-07-20 08:35:33,491 [pool-715-thread-1] INFO  metrics.RatisMetrics (RatisMetrics.java:lambda$create$0(36)) - Creating Metrics Registry : ratis.state_machine.7cb3e755-c8bb-4f00-be15-bc5c4dd112b5@group-ADD4E95C7D82
2020-07-20 08:35:33,492 [Command processor thread] INFO  commandhandler.CreatePipelineCommandHandler (CreatePipelineCommandHandler.java:handle(109)) - Created Pipeline RATIS ONE #id: "aff47c86-ddaa-4c2c-95b2-add4e95c7d82"
uuid128 {
  mostSigBits: -5767848304068375508
  leastSigBits: -7659868886243967614
}
.
2020-07-20 08:35:33,497 [grpc-default-executor-1] INFO  impl.RaftServerProxy (RaftServerProxy.java:addNew(89)) - d7c912f8-2b11-470a-8112-2e2f3de1c844: addNew group-75B56BA316C6:[d7c912f8-2b11-470a-8112-2e2f3de1c844:172.17.0.2:43855, 8aff4af6-6cc7-479f-9fca-879319b0e7e4:172.17.0.2:44873, 7cb3e755-c8bb-4f00-be15-bc5c4dd112b5:172.17.0.2:45527] returns group-75B56BA316C6:java.util.concurrent.CompletableFuture@42655dd6[Not completed]
2020-07-20 08:35:33,498 [pool-730-thread-1] INFO  impl.RaftServerImpl (RaftServerImpl.java:<init>(99)) - d7c912f8-2b11-470a-8112-2e2f3de1c844: new RaftServerImpl for group-75B56BA316C6:[d7c912f8-2b11-470a-8112-2e2f3de1c844:172.17.0.2:43855, 8aff4af6-6cc7-479f-9fca-879319b0e7e4:172.17.0.2:44873, 7cb3e755-c8bb-4f00-be15-bc5c4dd112b5:172.17.0.2:45527] with ContainerStateMachine:uninitialized
2020-07-20 08:35:33,498 [pool-730-thread-1] INFO  server.RaftServerConfigKeys (ConfUtils.java:logGet(44)) - raft.server.rpc.timeout.min = 5s (custom)
2020-07-20 08:35:33,498 [pool-730-thread-1] INFO  server.RaftServerConfigKeys (ConfUtils.java:logGet(44)) - raft.server.rpc.timeout.max = 5200ms (custom)
2020-07-20 08:35:33,498 [pool-730-thread-1] INFO  server.RaftServerConfigKeys (ConfUtils.java:logGet(44)) - raft.server.rpcslowness.timeout = 300000ms (custom)
2020-07-20 08:35:33,498 [pool-730-thread-1] INFO  server.RaftServerConfigKeys (ConfUtils.java:logGet(44)) - raft.server.sleep.deviation.threshold = 300 (default)
2020-07-20 08:35:33,498 [pool-730-thread-1] INFO  server.RaftServerConfigKeys (ConfUtils.java:logGet(44)) - raft.server.log.appender.install.snapshot.enabled = false (custom)
2020-07-20 08:35:33,498 [pool-730-thread-1] INFO  impl.RaftServerImpl (ServerState.java:<init>(103)) - d7c912f8-2b11-470a-8112-2e2f3de1c844@group-75B56BA316C6: ConfigurationManager, init=-1: [d7c912f8-2b11-470a-8112-2e2f3de1c844:172.17.0.2:43855, 8aff4af6-6cc7-479f-9fca-879319b0e7e4:172.17.0.2:44873, 7cb3e755-c8bb-4f00-be15-bc5c4dd112b5:172.17.0.2:45527], old=null, confs=<EMPTY_MAP>
2020-07-20 08:35:33,498 [pool-730-thread-1] INFO  server.RaftServerConfigKeys (ConfUtils.java:logGet(44)) - raft.server.storage.dir = [/github/workspace/mnt/ozone/hadoop-ozone/integration-test/target/test-dir/MiniOzoneClusterImpl-77fe6979-9426-4b74-982f-524262e25198/datanode-2/data/ratis] (custom)
2020-07-20 08:35:33,498 [pool-730-thread-1] INFO  server.RaftServerConfigKeys (ConfUtils.java:logGet(44)) - raft.server.log.corruption.policy = EXCEPTION (default)
2020-07-20 08:35:33,498 [pool-730-thread-1] INFO  storage.RaftStorageDirectory (RaftStorageDirectory.java:analyzeStorage(261)) - The storage directory /github/workspace/mnt/ozone/hadoop-ozone/integration-test/target/test-dir/MiniOzoneClusterImpl-77fe6979-9426-4b74-982f-524262e25198/datanode-2/data/ratis/f9bee2f1-1abd-48d4-ab94-75b56ba316c6 does not exist. Creating ...
2020-07-20 08:35:33,499 [pool-730-thread-1] INFO  storage.RaftStorageDirectory (RaftStorageDirectory.java:tryLock(343)) - Lock on /github/workspace/mnt/ozone/hadoop-ozone/integration-test/target/test-dir/MiniOzoneClusterImpl-77fe6979-9426-4b74-982f-524262e25198/datanode-2/data/ratis/f9bee2f1-1abd-48d4-ab94-75b56ba316c6/in_use.lock acquired by nodename 39787@795ad43b6c28
2020-07-20 08:35:33,500 [pool-730-thread-1] INFO  storage.RaftStorage (RaftStorage.java:format(84)) - Storage directory /github/workspace/mnt/ozone/hadoop-ozone/integration-test/target/test-dir/MiniOzoneClusterImpl-77fe6979-9426-4b74-982f-524262e25198/datanode-2/data/ratis/f9bee2f1-1abd-48d4-ab94-75b56ba316c6 has been successfully formatted.
2020-07-20 08:35:33,501 [pool-730-thread-1] INFO  ratis.ContainerStateMachine (ContainerStateMachine.java:loadSnapshot(225)) - group-75B56BA316C6: The snapshot info is null. Setting the last applied indexto:(t:0, i:~)
2020-07-20 08:35:33,501 [pool-730-thread-1] INFO  server.RaftServerConfigKeys (ConfUtils.java:logGet(44)) - raft.server.notification.no-leader.timeout = 300000ms (custom)
2020-07-20 08:35:33,501 [pool-730-thread-1] INFO  server.RaftServerConfigKeys (ConfUtils.java:logGet(44)) - raft.server.log.use.memory = false (default)
2020-07-20 08:35:33,501 [pool-730-thread-1] INFO  server.RaftServerConfigKeys (ConfUtils.java:logGet(44)) - raft.server.log.purge.gap = 1000000 (custom)
2020-07-20 08:35:33,501 [pool-730-thread-1] INFO  server.RaftServerConfigKeys (ConfUtils.java:logGet(44)) - raft.server.log.appender.buffer.byte-limit = 33554432 (custom)
2020-07-20 08:35:33,501 [pool-730-thread-1] INFO  server.RaftServerConfigKeys (ConfUtils.java:logGet(44)) - raft.server.log.segment.size.max = 1048576 (custom)
2020-07-20 08:35:33,501 [pool-730-thread-1] INFO  metrics.RatisMetrics (RatisMetrics.java:lambda$create$0(36)) - Creating Metrics Registry : ratis.log_worker.d7c912f8-2b11-470a-8112-2e2f3de1c844@group-75B56BA316C6
2020-07-20 08:35:33,501 [pool-730-thread-1] INFO  server.RaftServerConfigKeys (ConfUtils.java:logGet(44)) - raft.server.log.segment.cache.num.max = 2 (custom)
2020-07-20 08:35:33,501 [pool-730-thread-1] INFO  segmented.SegmentedRaftLogWorker (SegmentedRaftLogWorker.java:<init>(180)) - new d7c912f8-2b11-470a-8112-2e2f3de1c844@group-75B56BA316C6-SegmentedRaftLogWorker for RaftStorage:Storage Directory /github/workspace/mnt/ozone/hadoop-ozone/integration-test/target/test-dir/MiniOzoneClusterImpl-77fe6979-9426-4b74-982f-524262e25198/datanode-2/data/ratis/f9bee2f1-1abd-48d4-ab94-75b56ba316c6
2020-07-20 08:35:33,502 [pool-730-thread-1] INFO  server.RaftServerConfigKeys (ConfUtils.java:logGet(44)) - raft.server.log.queue.byte-limit = 2147483647 (custom)
2020-07-20 08:35:33,502 [pool-730-thread-1] INFO  server.RaftServerConfigKeys (ConfUtils.java:logGet(44)) - raft.server.log.queue.element-limit = 1024 (custom)
2020-07-20 08:35:33,502 [pool-730-thread-1] INFO  server.RaftServerConfigKeys (ConfUtils.java:logGet(44)) - raft.server.log.segment.size.max = 1048576 (custom)
2020-07-20 08:35:33,502 [pool-730-thread-1] INFO  server.RaftServerConfigKeys (ConfUtils.java:logGet(44)) - raft.server.log.preallocated.size = 16384 (custom)
2020-07-20 08:35:33,502 [pool-730-thread-1] INFO  server.RaftServerConfigKeys (ConfUtils.java:logGet(44)) - raft.server.log.write.buffer.size = 1048576 (custom)
2020-07-20 08:35:33,502 [pool-730-thread-1] INFO  server.RaftServerConfigKeys (ConfUtils.java:logGet(44)) - raft.server.log.force.sync.num = 128 (default)
2020-07-20 08:35:33,502 [pool-730-thread-1] INFO  server.RaftServerConfigKeys (ConfUtils.java:logGet(44)) - raft.server.log.statemachine.data.sync = true (default)
2020-07-20 08:35:33,502 [pool-730-thread-1] INFO  server.RaftServerConfigKeys (ConfUtils.java:logGet(44)) - raft.server.log.statemachine.data.sync.timeout = 10s (default)
2020-07-20 08:35:33,502 [pool-730-thread-1] INFO  server.RaftServerConfigKeys (ConfUtils.java:logGet(44)) - raft.server.log.statemachine.data.sync.timeout.retry = -1 (default)
2020-07-20 08:35:33,505 [pool-730-thread-1] INFO  server.RaftServerConfigKeys (ConfUtils.java:logGet(44)) - raft.server.log.statemachine.data.caching.enabled = true (custom)
2020-07-20 08:35:33,505 [pool-730-thread-1] INFO  segmented.SegmentedRaftLogWorker (SegmentedRaftLogWorker.java:lambda$new$0(129)) - d7c912f8-2b11-470a-8112-2e2f3de1c844@group-75B56BA316C6-SegmentedRaftLogWorker: flushIndex: setUnconditionally 0 -> -1
2020-07-20 08:35:33,505 [pool-730-thread-1] INFO  segmented.SegmentedRaftLogWorker (SegmentedRaftLogWorker.java:lambda$new$0(129)) - d7c912f8-2b11-470a-8112-2e2f3de1c844@group-75B56BA316C6-SegmentedRaftLogWorker: safeCacheEvictIndex: setUnconditionally 0 -> -1
2020-07-20 08:35:33,505 [pool-730-thread-1] INFO  server.RaftServerConfigKeys (ConfUtils.java:logGet(44)) - raft.server.snapshot.auto.trigger.enabled = true (custom)
2020-07-20 08:35:33,505 [pool-730-thread-1] INFO  server.RaftServerConfigKeys (ConfUtils.java:logGet(44)) - raft.server.snapshot.auto.trigger.threshold = 10000 (custom)
2020-07-20 08:35:33,505 [pool-730-thread-1] INFO  server.RaftServerConfigKeys (ConfUtils.java:logGet(44)) - raft.server.snapshot.retention.file.num = 5 (custom)
2020-07-20 08:35:33,505 [pool-730-thread-1] INFO  server.RaftServerConfigKeys (ConfUtils.java:logGet(44)) - raft.server.log.purge.upto.snapshot.index = false (default)
2020-07-20 08:35:33,505 [pool-730-thread-1] INFO  server.RaftServerConfigKeys (ConfUtils.java:logGet(44)) - raft.server.retrycache.expirytime = 600000ms (custom)
2020-07-20 08:35:33,505 [pool-730-thread-1] INFO  metrics.RatisMetrics (RatisMetrics.java:lambda$create$0(36)) - Creating Metrics Registry : ratis.leader_election.d7c912f8-2b11-470a-8112-2e2f3de1c844@group-75B56BA316C6
2020-07-20 08:35:33,506 [pool-730-thread-1] INFO  metrics.RatisMetrics (RatisMetrics.java:lambda$create$0(36)) - Creating Metrics Registry : ratis.server.d7c912f8-2b11-470a-8112-2e2f3de1c844@group-75B56BA316C6
2020-07-20 08:35:33,508 [pool-730-thread-1] INFO  impl.RaftServerImpl (RaftServerImpl.java:start(186)) - d7c912f8-2b11-470a-8112-2e2f3de1c844@group-75B56BA316C6: start as a follower, conf=-1: [d7c912f8-2b11-470a-8112-2e2f3de1c844:172.17.0.2:43855, 8aff4af6-6cc7-479f-9fca-879319b0e7e4:172.17.0.2:44873, 7cb3e755-c8bb-4f00-be15-bc5c4dd112b5:172.17.0.2:45527], old=null
2020-07-20 08:35:33,508 [pool-730-thread-1] INFO  impl.RaftServerImpl (RaftServerImpl.java:setRole(175)) - d7c912f8-2b11-470a-8112-2e2f3de1c844@group-75B56BA316C6: changes role from      null to FOLLOWER at term 0 for startAsFollower
2020-07-20 08:35:33,508 [pool-730-thread-1] INFO  impl.RoleInfo (RoleInfo.java:updateAndGet(143)) - d7c912f8-2b11-470a-8112-2e2f3de1c844: start FollowerState
2020-07-20 08:35:33,508 [pool-730-thread-1] INFO  util.JmxRegister (JmxRegister.java:tryRegister(44)) - Successfully registered JMX Bean with object name Ratis:service=RaftServer,group=group-75B56BA316C6,id=d7c912f8-2b11-470a-8112-2e2f3de1c844
2020-07-20 08:35:33,508 [pool-730-thread-1] INFO  metrics.RatisMetrics (RatisMetrics.java:lambda$create$0(36)) - Creating Metrics Registry : ratis.state_machine.d7c912f8-2b11-470a-8112-2e2f3de1c844@group-75B56BA316C6
2020-07-20 08:35:33,511 [Command processor thread] INFO  commandhandler.CreatePipelineCommandHandler (CreatePipelineCommandHandler.java:handle(109)) - Created Pipeline RATIS THREE #id: "f9bee2f1-1abd-48d4-ab94-75b56ba316c6"
uuid128 {
  mostSigBits: -450673387526862636
  leastSigBits: -6083107774615316794
}
.
2020-07-20 08:35:33,595 [Command processor thread] INFO  impl.RaftServerProxy (RaftServerProxy.java:addNew(89)) - d7c912f8-2b11-470a-8112-2e2f3de1c844: addNew group-AB3F7B191960:[d7c912f8-2b11-470a-8112-2e2f3de1c844:172.17.0.2:43855] returns group-AB3F7B191960:java.util.concurrent.CompletableFuture@22296402[Not completed]
2020-07-20 08:35:33,596 [pool-730-thread-1] INFO  impl.RaftServerImpl (RaftServerImpl.java:<init>(99)) - d7c912f8-2b11-470a-8112-2e2f3de1c844: new RaftServerImpl for group-AB3F7B191960:[d7c912f8-2b11-470a-8112-2e2f3de1c844:172.17.0.2:43855] with ContainerStateMachine:uninitialized
2020-07-20 08:35:33,596 [pool-730-thread-1] INFO  server.RaftServerConfigKeys (ConfUtils.java:logGet(44)) - raft.server.rpc.timeout.min = 5s (custom)
2020-07-20 08:35:33,596 [pool-730-thread-1] INFO  server.RaftServerConfigKeys (ConfUtils.java:logGet(44)) - raft.server.rpc.timeout.max = 5200ms (custom)
2020-07-20 08:35:33,596 [pool-730-thread-1] INFO  server.RaftServerConfigKeys (ConfUtils.java:logGet(44)) - raft.server.rpcslowness.timeout = 300000ms (custom)
2020-07-20 08:35:33,596 [pool-730-thread-1] INFO  server.RaftServerConfigKeys (ConfUtils.java:logGet(44)) - raft.server.sleep.deviation.threshold = 300 (default)
2020-07-20 08:35:33,596 [pool-730-thread-1] INFO  server.RaftServerConfigKeys (ConfUtils.java:logGet(44)) - raft.server.log.appender.install.snapshot.enabled = false (custom)
2020-07-20 08:35:33,596 [pool-730-thread-1] INFO  impl.RaftServerImpl (ServerState.java:<init>(103)) - d7c912f8-2b11-470a-8112-2e2f3de1c844@group-AB3F7B191960: ConfigurationManager, init=-1: [d7c912f8-2b11-470a-8112-2e2f3de1c844:172.17.0.2:43855], old=null, confs=<EMPTY_MAP>
2020-07-20 08:35:33,597 [pool-730-thread-1] INFO  server.RaftServerConfigKeys (ConfUtils.java:logGet(44)) - raft.server.storage.dir = [/github/workspace/mnt/ozone/hadoop-ozone/integration-test/target/test-dir/MiniOzoneClusterImpl-77fe6979-9426-4b74-982f-524262e25198/datanode-2/data/ratis] (custom)
2020-07-20 08:35:33,597 [pool-730-thread-1] INFO  server.RaftServerConfigKeys (ConfUtils.java:logGet(44)) - raft.server.log.corruption.policy = EXCEPTION (default)
2020-07-20 08:35:33,597 [pool-730-thread-1] INFO  storage.RaftStorageDirectory (RaftStorageDirectory.java:analyzeStorage(261)) - The storage directory /github/workspace/mnt/ozone/hadoop-ozone/integration-test/target/test-dir/MiniOzoneClusterImpl-77fe6979-9426-4b74-982f-524262e25198/datanode-2/data/ratis/8af61142-beb9-4b35-88a3-ab3f7b191960 does not exist. Creating ...
2020-07-20 08:35:33,598 [pool-730-thread-1] INFO  storage.RaftStorageDirectory (RaftStorageDirectory.java:tryLock(343)) - Lock on /github/workspace/mnt/ozone/hadoop-ozone/integration-test/target/test-dir/MiniOzoneClusterImpl-77fe6979-9426-4b74-982f-524262e25198/datanode-2/data/ratis/8af61142-beb9-4b35-88a3-ab3f7b191960/in_use.lock acquired by nodename 39787@795ad43b6c28
2020-07-20 08:35:33,599 [pool-730-thread-1] INFO  storage.RaftStorage (RaftStorage.java:format(84)) - Storage directory /github/workspace/mnt/ozone/hadoop-ozone/integration-test/target/test-dir/MiniOzoneClusterImpl-77fe6979-9426-4b74-982f-524262e25198/datanode-2/data/ratis/8af61142-beb9-4b35-88a3-ab3f7b191960 has been successfully formatted.
2020-07-20 08:35:33,600 [pool-730-thread-1] INFO  ratis.ContainerStateMachine (ContainerStateMachine.java:loadSnapshot(225)) - group-AB3F7B191960: The snapshot info is null. Setting the last applied indexto:(t:0, i:~)
2020-07-20 08:35:33,600 [pool-730-thread-1] INFO  server.RaftServerConfigKeys (ConfUtils.java:logGet(44)) - raft.server.notification.no-leader.timeout = 300000ms (custom)
2020-07-20 08:35:33,600 [pool-730-thread-1] INFO  server.RaftServerConfigKeys (ConfUtils.java:logGet(44)) - raft.server.log.use.memory = false (default)
2020-07-20 08:35:33,600 [EventQueue-PipelineReportForPipelineReportHandler] INFO  pipeline.PipelineStateManager (PipelineStateManager.java:openPipeline(131)) - Pipeline Pipeline[ Id: 8af61142-beb9-4b35-88a3-ab3f7b191960, Nodes: d7c912f8-2b11-470a-8112-2e2f3de1c844{ip: 172.17.0.2, host: 795ad43b6c28, networkLocation: /default-rack, certSerialId: null}, Type:RATIS, Factor:ONE, State:ALLOCATED, leaderId:d7c912f8-2b11-470a-8112-2e2f3de1c844, CreationTimestamp2020-07-20T08:35:30.597Z] moved to OPEN state
2020-07-20 08:35:33,601 [EventQueue-OpenPipelineForHealthyPipelineSafeModeRule] INFO  safemode.SCMSafeModeManager (HealthyPipelineSafeModeRule.java:process(129)) - SCM in safe mode. Healthy pipelines reported count is 0, required healthy pipeline reported count is 1
2020-07-20 08:35:33,601 [EventQueue-OpenPipelineForOneReplicaPipelineSafeModeRule] INFO  safemode.SCMSafeModeManager (SCMSafeModeManager.java:validateSafeModeExitRules(214)) - AtleastOneDatanodeReportedRule rule is successfully validated
2020-07-20 08:35:33,601 [pool-730-thread-1] INFO  server.RaftServerConfigKeys (ConfUtils.java:logGet(44)) - raft.server.log.purge.gap = 1000000 (custom)
2020-07-20 08:35:33,601 [pool-730-thread-1] INFO  server.RaftServerConfigKeys (ConfUtils.java:logGet(44)) - raft.server.log.appender.buffer.byte-limit = 33554432 (custom)
2020-07-20 08:35:33,601 [pool-730-thread-1] INFO  server.RaftServerConfigKeys (ConfUtils.java:logGet(44)) - raft.server.log.segment.size.max = 1048576 (custom)
2020-07-20 08:35:33,601 [pool-730-thread-1] INFO  metrics.RatisMetrics (RatisMetrics.java:lambda$create$0(36)) - Creating Metrics Registry : ratis.log_worker.d7c912f8-2b11-470a-8112-2e2f3de1c844@group-AB3F7B191960
2020-07-20 08:35:33,601 [pool-730-thread-1] INFO  server.RaftServerConfigKeys (ConfUtils.java:logGet(44)) - raft.server.log.segment.cache.num.max = 2 (custom)
2020-07-20 08:35:33,601 [pool-730-thread-1] INFO  segmented.SegmentedRaftLogWorker (SegmentedRaftLogWorker.java:<init>(180)) - new d7c912f8-2b11-470a-8112-2e2f3de1c844@group-AB3F7B191960-SegmentedRaftLogWorker for RaftStorage:Storage Directory /github/workspace/mnt/ozone/hadoop-ozone/integration-test/target/test-dir/MiniOzoneClusterImpl-77fe6979-9426-4b74-982f-524262e25198/datanode-2/data/ratis/8af61142-beb9-4b35-88a3-ab3f7b191960
2020-07-20 08:35:33,601 [pool-730-thread-1] INFO  server.RaftServerConfigKeys (ConfUtils.java:logGet(44)) - raft.server.log.queue.byte-limit = 2147483647 (custom)
2020-07-20 08:35:33,602 [pool-730-thread-1] INFO  server.RaftServerConfigKeys (ConfUtils.java:logGet(44)) - raft.server.log.queue.element-limit = 1024 (custom)
2020-07-20 08:35:33,602 [pool-730-thread-1] INFO  server.RaftServerConfigKeys (ConfUtils.java:logGet(44)) - raft.server.log.segment.size.max = 1048576 (custom)
2020-07-20 08:35:33,602 [pool-730-thread-1] INFO  server.RaftServerConfigKeys (ConfUtils.java:logGet(44)) - raft.server.log.preallocated.size = 16384 (custom)
2020-07-20 08:35:33,602 [pool-730-thread-1] INFO  server.RaftServerConfigKeys (ConfUtils.java:logGet(44)) - raft.server.log.write.buffer.size = 1048576 (custom)
2020-07-20 08:35:33,602 [pool-730-thread-1] INFO  server.RaftServerConfigKeys (ConfUtils.java:logGet(44)) - raft.server.log.force.sync.num = 128 (default)
2020-07-20 08:35:33,602 [pool-730-thread-1] INFO  server.RaftServerConfigKeys (ConfUtils.java:logGet(44)) - raft.server.log.statemachine.data.sync = true (default)
2020-07-20 08:35:33,602 [pool-730-thread-1] INFO  server.RaftServerConfigKeys (ConfUtils.java:logGet(44)) - raft.server.log.statemachine.data.sync.timeout = 10s (default)
2020-07-20 08:35:33,602 [pool-730-thread-1] INFO  server.RaftServerConfigKeys (ConfUtils.java:logGet(44)) - raft.server.log.statemachine.data.sync.timeout.retry = -1 (default)
2020-07-20 08:35:33,605 [pool-730-thread-1] INFO  server.RaftServerConfigKeys (ConfUtils.java:logGet(44)) - raft.server.log.statemachine.data.caching.enabled = true (custom)
2020-07-20 08:35:33,605 [pool-730-thread-1] INFO  segmented.SegmentedRaftLogWorker (SegmentedRaftLogWorker.java:lambda$new$0(129)) - d7c912f8-2b11-470a-8112-2e2f3de1c844@group-AB3F7B191960-SegmentedRaftLogWorker: flushIndex: setUnconditionally 0 -> -1
2020-07-20 08:35:33,605 [pool-730-thread-1] INFO  segmented.SegmentedRaftLogWorker (SegmentedRaftLogWorker.java:lambda$new$0(129)) - d7c912f8-2b11-470a-8112-2e2f3de1c844@group-AB3F7B191960-SegmentedRaftLogWorker: safeCacheEvictIndex: setUnconditionally 0 -> -1
2020-07-20 08:35:33,606 [pool-730-thread-1] INFO  server.RaftServerConfigKeys (ConfUtils.java:logGet(44)) - raft.server.snapshot.auto.trigger.enabled = true (custom)
2020-07-20 08:35:33,606 [pool-730-thread-1] INFO  server.RaftServerConfigKeys (ConfUtils.java:logGet(44)) - raft.server.snapshot.auto.trigger.threshold = 10000 (custom)
2020-07-20 08:35:33,606 [pool-730-thread-1] INFO  server.RaftServerConfigKeys (ConfUtils.java:logGet(44)) - raft.server.snapshot.retention.file.num = 5 (custom)
2020-07-20 08:35:33,606 [pool-730-thread-1] INFO  server.RaftServerConfigKeys (ConfUtils.java:logGet(44)) - raft.server.log.purge.upto.snapshot.index = false (default)
2020-07-20 08:35:33,606 [pool-730-thread-1] INFO  server.RaftServerConfigKeys (ConfUtils.java:logGet(44)) - raft.server.retrycache.expirytime = 600000ms (custom)
2020-07-20 08:35:33,606 [pool-730-thread-1] INFO  metrics.RatisMetrics (RatisMetrics.java:lambda$create$0(36)) - Creating Metrics Registry : ratis.leader_election.d7c912f8-2b11-470a-8112-2e2f3de1c844@group-AB3F7B191960
2020-07-20 08:35:33,607 [pool-730-thread-1] INFO  metrics.RatisMetrics (RatisMetrics.java:lambda$create$0(36)) - Creating Metrics Registry : ratis.server.d7c912f8-2b11-470a-8112-2e2f3de1c844@group-AB3F7B191960
2020-07-20 08:35:33,609 [pool-730-thread-1] INFO  impl.RaftServerImpl (RaftServerImpl.java:start(186)) - d7c912f8-2b11-470a-8112-2e2f3de1c844@group-AB3F7B191960: start as a follower, conf=-1: [d7c912f8-2b11-470a-8112-2e2f3de1c844:172.17.0.2:43855], old=null
2020-07-20 08:35:33,609 [pool-730-thread-1] INFO  impl.RaftServerImpl (RaftServerImpl.java:setRole(175)) - d7c912f8-2b11-470a-8112-2e2f3de1c844@group-AB3F7B191960: changes role from      null to FOLLOWER at term 0 for startAsFollower
2020-07-20 08:35:33,609 [pool-730-thread-1] INFO  impl.RoleInfo (RoleInfo.java:updateAndGet(143)) - d7c912f8-2b11-470a-8112-2e2f3de1c844: start FollowerState
2020-07-20 08:35:33,609 [pool-730-thread-1] INFO  util.JmxRegister (JmxRegister.java:tryRegister(44)) - Successfully registered JMX Bean with object name Ratis:service=RaftServer,group=group-AB3F7B191960,id=d7c912f8-2b11-470a-8112-2e2f3de1c844
2020-07-20 08:35:33,609 [pool-730-thread-1] INFO  metrics.RatisMetrics (RatisMetrics.java:lambda$create$0(36)) - Creating Metrics Registry : ratis.state_machine.d7c912f8-2b11-470a-8112-2e2f3de1c844@group-AB3F7B191960
2020-07-20 08:35:33,611 [Command processor thread] INFO  commandhandler.CreatePipelineCommandHandler (CreatePipelineCommandHandler.java:handle(109)) - Created Pipeline RATIS ONE #id: "8af61142-beb9-4b35-88a3-ab3f7b191960"
uuid128 {
  mostSigBits: -8433534273839346891
  leastSigBits: -8600842574210983584
}
.
2020-07-20 08:35:33,761 [Command processor thread] INFO  impl.RaftServerProxy (RaftServerProxy.java:addNew(89)) - 2385bf93-00fb-4b21-a15d-4691d542b867: addNew group-2379F1448477:[2385bf93-00fb-4b21-a15d-4691d542b867:172.17.0.2:36609] returns group-2379F1448477:java.util.concurrent.CompletableFuture@2e8b04d3[Not completed]
2020-07-20 08:35:33,762 [pool-745-thread-1] INFO  impl.RaftServerImpl (RaftServerImpl.java:<init>(99)) - 2385bf93-00fb-4b21-a15d-4691d542b867: new RaftServerImpl for group-2379F1448477:[2385bf93-00fb-4b21-a15d-4691d542b867:172.17.0.2:36609] with ContainerStateMachine:uninitialized
2020-07-20 08:35:33,762 [pool-745-thread-1] INFO  server.RaftServerConfigKeys (ConfUtils.java:logGet(44)) - raft.server.rpc.timeout.min = 5s (custom)
2020-07-20 08:35:33,763 [pool-745-thread-1] INFO  server.RaftServerConfigKeys (ConfUtils.java:logGet(44)) - raft.server.rpc.timeout.max = 5200ms (custom)
2020-07-20 08:35:33,763 [pool-745-thread-1] INFO  server.RaftServerConfigKeys (ConfUtils.java:logGet(44)) - raft.server.rpcslowness.timeout = 300000ms (custom)
2020-07-20 08:35:33,763 [pool-745-thread-1] INFO  server.RaftServerConfigKeys (ConfUtils.java:logGet(44)) - raft.server.sleep.deviation.threshold = 300 (default)
2020-07-20 08:35:33,763 [pool-745-thread-1] INFO  server.RaftServerConfigKeys (ConfUtils.java:logGet(44)) - raft.server.log.appender.install.snapshot.enabled = false (custom)
2020-07-20 08:35:33,763 [pool-745-thread-1] INFO  impl.RaftServerImpl (ServerState.java:<init>(103)) - 2385bf93-00fb-4b21-a15d-4691d542b867@group-2379F1448477: ConfigurationManager, init=-1: [2385bf93-00fb-4b21-a15d-4691d542b867:172.17.0.2:36609], old=null, confs=<EMPTY_MAP>
2020-07-20 08:35:33,763 [pool-745-thread-1] INFO  server.RaftServerConfigKeys (ConfUtils.java:logGet(44)) - raft.server.storage.dir = [/github/workspace/mnt/ozone/hadoop-ozone/integration-test/target/test-dir/MiniOzoneClusterImpl-77fe6979-9426-4b74-982f-524262e25198/datanode-3/data/ratis] (custom)
2020-07-20 08:35:33,763 [pool-745-thread-1] INFO  server.RaftServerConfigKeys (ConfUtils.java:logGet(44)) - raft.server.log.corruption.policy = EXCEPTION (default)
2020-07-20 08:35:33,763 [pool-745-thread-1] INFO  storage.RaftStorageDirectory (RaftStorageDirectory.java:analyzeStorage(261)) - The storage directory /github/workspace/mnt/ozone/hadoop-ozone/integration-test/target/test-dir/MiniOzoneClusterImpl-77fe6979-9426-4b74-982f-524262e25198/datanode-3/data/ratis/96541ff9-665c-4226-8dd9-2379f1448477 does not exist. Creating ...
2020-07-20 08:35:33,764 [pool-745-thread-1] INFO  storage.RaftStorageDirectory (RaftStorageDirectory.java:tryLock(343)) - Lock on /github/workspace/mnt/ozone/hadoop-ozone/integration-test/target/test-dir/MiniOzoneClusterImpl-77fe6979-9426-4b74-982f-524262e25198/datanode-3/data/ratis/96541ff9-665c-4226-8dd9-2379f1448477/in_use.lock acquired by nodename 39787@795ad43b6c28
2020-07-20 08:35:33,765 [pool-745-thread-1] INFO  storage.RaftStorage (RaftStorage.java:format(84)) - Storage directory /github/workspace/mnt/ozone/hadoop-ozone/integration-test/target/test-dir/MiniOzoneClusterImpl-77fe6979-9426-4b74-982f-524262e25198/datanode-3/data/ratis/96541ff9-665c-4226-8dd9-2379f1448477 has been successfully formatted.
2020-07-20 08:35:33,767 [EventQueue-PipelineReportForPipelineReportHandler] INFO  pipeline.PipelineStateManager (PipelineStateManager.java:openPipeline(131)) - Pipeline Pipeline[ Id: 96541ff9-665c-4226-8dd9-2379f1448477, Nodes: 2385bf93-00fb-4b21-a15d-4691d542b867{ip: 172.17.0.2, host: 795ad43b6c28, networkLocation: /default-rack, certSerialId: null}, Type:RATIS, Factor:ONE, State:ALLOCATED, leaderId:2385bf93-00fb-4b21-a15d-4691d542b867, CreationTimestamp2020-07-20T08:35:30.761Z] moved to OPEN state
2020-07-20 08:35:33,767 [pool-745-thread-1] INFO  ratis.ContainerStateMachine (ContainerStateMachine.java:loadSnapshot(225)) - group-2379F1448477: The snapshot info is null. Setting the last applied indexto:(t:0, i:~)
2020-07-20 08:35:33,767 [pool-745-thread-1] INFO  server.RaftServerConfigKeys (ConfUtils.java:logGet(44)) - raft.server.notification.no-leader.timeout = 300000ms (custom)
2020-07-20 08:35:33,767 [EventQueue-OpenPipelineForHealthyPipelineSafeModeRule] INFO  safemode.SCMSafeModeManager (HealthyPipelineSafeModeRule.java:process(129)) - SCM in safe mode. Healthy pipelines reported count is 0, required healthy pipeline reported count is 1
2020-07-20 08:35:33,767 [pool-745-thread-1] INFO  server.RaftServerConfigKeys (ConfUtils.java:logGet(44)) - raft.server.log.use.memory = false (default)
2020-07-20 08:35:33,767 [EventQueue-OpenPipelineForOneReplicaPipelineSafeModeRule] INFO  safemode.SCMSafeModeManager (SCMSafeModeManager.java:validateSafeModeExitRules(214)) - AtleastOneDatanodeReportedRule rule is successfully validated
2020-07-20 08:35:33,767 [pool-745-thread-1] INFO  server.RaftServerConfigKeys (ConfUtils.java:logGet(44)) - raft.server.log.purge.gap = 1000000 (custom)
2020-07-20 08:35:33,767 [pool-745-thread-1] INFO  server.RaftServerConfigKeys (ConfUtils.java:logGet(44)) - raft.server.log.appender.buffer.byte-limit = 33554432 (custom)
2020-07-20 08:35:33,767 [pool-745-thread-1] INFO  server.RaftServerConfigKeys (ConfUtils.java:logGet(44)) - raft.server.log.segment.size.max = 1048576 (custom)
2020-07-20 08:35:33,767 [pool-745-thread-1] INFO  metrics.RatisMetrics (RatisMetrics.java:lambda$create$0(36)) - Creating Metrics Registry : ratis.log_worker.2385bf93-00fb-4b21-a15d-4691d542b867@group-2379F1448477
2020-07-20 08:35:33,768 [pool-745-thread-1] INFO  server.RaftServerConfigKeys (ConfUtils.java:logGet(44)) - raft.server.log.segment.cache.num.max = 2 (custom)
2020-07-20 08:35:33,768 [pool-745-thread-1] INFO  segmented.SegmentedRaftLogWorker (SegmentedRaftLogWorker.java:<init>(180)) - new 2385bf93-00fb-4b21-a15d-4691d542b867@group-2379F1448477-SegmentedRaftLogWorker for RaftStorage:Storage Directory /github/workspace/mnt/ozone/hadoop-ozone/integration-test/target/test-dir/MiniOzoneClusterImpl-77fe6979-9426-4b74-982f-524262e25198/datanode-3/data/ratis/96541ff9-665c-4226-8dd9-2379f1448477
2020-07-20 08:35:33,768 [pool-745-thread-1] INFO  server.RaftServerConfigKeys (ConfUtils.java:logGet(44)) - raft.server.log.queue.byte-limit = 2147483647 (custom)
2020-07-20 08:35:33,768 [pool-745-thread-1] INFO  server.RaftServerConfigKeys (ConfUtils.java:logGet(44)) - raft.server.log.queue.element-limit = 1024 (custom)
2020-07-20 08:35:33,768 [pool-745-thread-1] INFO  server.RaftServerConfigKeys (ConfUtils.java:logGet(44)) - raft.server.log.segment.size.max = 1048576 (custom)
2020-07-20 08:35:33,768 [pool-745-thread-1] INFO  server.RaftServerConfigKeys (ConfUtils.java:logGet(44)) - raft.server.log.preallocated.size = 16384 (custom)
2020-07-20 08:35:33,768 [pool-745-thread-1] INFO  server.RaftServerConfigKeys (ConfUtils.java:logGet(44)) - raft.server.log.write.buffer.size = 1048576 (custom)
2020-07-20 08:35:33,768 [pool-745-thread-1] INFO  server.RaftServerConfigKeys (ConfUtils.java:logGet(44)) - raft.server.log.force.sync.num = 128 (default)
2020-07-20 08:35:33,768 [pool-745-thread-1] INFO  server.RaftServerConfigKeys (ConfUtils.java:logGet(44)) - raft.server.log.statemachine.data.sync = true (default)
2020-07-20 08:35:33,768 [pool-745-thread-1] INFO  server.RaftServerConfigKeys (ConfUtils.java:logGet(44)) - raft.server.log.statemachine.data.sync.timeout = 10s (default)
2020-07-20 08:35:33,768 [pool-745-thread-1] INFO  server.RaftServerConfigKeys (ConfUtils.java:logGet(44)) - raft.server.log.statemachine.data.sync.timeout.retry = -1 (default)
2020-07-20 08:35:33,771 [pool-745-thread-1] INFO  server.RaftServerConfigKeys (ConfUtils.java:logGet(44)) - raft.server.log.statemachine.data.caching.enabled = true (custom)
2020-07-20 08:35:33,771 [pool-745-thread-1] INFO  segmented.SegmentedRaftLogWorker (SegmentedRaftLogWorker.java:lambda$new$0(129)) - 2385bf93-00fb-4b21-a15d-4691d542b867@group-2379F1448477-SegmentedRaftLogWorker: flushIndex: setUnconditionally 0 -> -1
2020-07-20 08:35:33,771 [pool-745-thread-1] INFO  segmented.SegmentedRaftLogWorker (SegmentedRaftLogWorker.java:lambda$new$0(129)) - 2385bf93-00fb-4b21-a15d-4691d542b867@group-2379F1448477-SegmentedRaftLogWorker: safeCacheEvictIndex: setUnconditionally 0 -> -1
2020-07-20 08:35:33,772 [pool-745-thread-1] INFO  server.RaftServerConfigKeys (ConfUtils.java:logGet(44)) - raft.server.snapshot.auto.trigger.enabled = true (custom)
2020-07-20 08:35:33,772 [pool-745-thread-1] INFO  server.RaftServerConfigKeys (ConfUtils.java:logGet(44)) - raft.server.snapshot.auto.trigger.threshold = 10000 (custom)
2020-07-20 08:35:33,772 [pool-745-thread-1] INFO  server.RaftServerConfigKeys (ConfUtils.java:logGet(44)) - raft.server.snapshot.retention.file.num = 5 (custom)
2020-07-20 08:35:33,772 [pool-745-thread-1] INFO  server.RaftServerConfigKeys (ConfUtils.java:logGet(44)) - raft.server.log.purge.upto.snapshot.index = false (default)
2020-07-20 08:35:33,772 [pool-745-thread-1] INFO  server.RaftServerConfigKeys (ConfUtils.java:logGet(44)) - raft.server.retrycache.expirytime = 600000ms (custom)
2020-07-20 08:35:33,772 [pool-745-thread-1] INFO  metrics.RatisMetrics (RatisMetrics.java:lambda$create$0(36)) - Creating Metrics Registry : ratis.leader_election.2385bf93-00fb-4b21-a15d-4691d542b867@group-2379F1448477
2020-07-20 08:35:33,773 [pool-745-thread-1] INFO  metrics.RatisMetrics (RatisMetrics.java:lambda$create$0(36)) - Creating Metrics Registry : ratis.server.2385bf93-00fb-4b21-a15d-4691d542b867@group-2379F1448477
2020-07-20 08:35:33,774 [pool-745-thread-1] INFO  impl.RaftServerImpl (RaftServerImpl.java:start(186)) - 2385bf93-00fb-4b21-a15d-4691d542b867@group-2379F1448477: start as a follower, conf=-1: [2385bf93-00fb-4b21-a15d-4691d542b867:172.17.0.2:36609], old=null
2020-07-20 08:35:33,774 [pool-745-thread-1] INFO  impl.RaftServerImpl (RaftServerImpl.java:setRole(175)) - 2385bf93-00fb-4b21-a15d-4691d542b867@group-2379F1448477: changes role from      null to FOLLOWER at term 0 for startAsFollower
2020-07-20 08:35:33,774 [pool-745-thread-1] INFO  impl.RoleInfo (RoleInfo.java:updateAndGet(143)) - 2385bf93-00fb-4b21-a15d-4691d542b867: start FollowerState
2020-07-20 08:35:33,775 [pool-745-thread-1] INFO  util.JmxRegister (JmxRegister.java:tryRegister(44)) - Successfully registered JMX Bean with object name Ratis:service=RaftServer,group=group-2379F1448477,id=2385bf93-00fb-4b21-a15d-4691d542b867
2020-07-20 08:35:33,775 [pool-745-thread-1] INFO  metrics.RatisMetrics (RatisMetrics.java:lambda$create$0(36)) - Creating Metrics Registry : ratis.state_machine.2385bf93-00fb-4b21-a15d-4691d542b867@group-2379F1448477
2020-07-20 08:35:33,776 [Command processor thread] INFO  commandhandler.CreatePipelineCommandHandler (CreatePipelineCommandHandler.java:handle(109)) - Created Pipeline RATIS ONE #id: "96541ff9-665c-4226-8dd9-2379f1448477"
uuid128 {
  mostSigBits: -7614425913952026074
  leastSigBits: -8225504237769685897
}
.
2020-07-20 08:35:33,776 [Command processor thread] INFO  impl.RaftServerProxy (RaftServerProxy.java:addNew(89)) - 2385bf93-00fb-4b21-a15d-4691d542b867: addNew group-F7B35D7D5D69:[2385bf93-00fb-4b21-a15d-4691d542b867:172.17.0.2:36609, be0851b3-0322-40a6-8ce8-d00f153a9faf:172.17.0.2:36267, a427f57b-033e-4f4a-af2c-a26eb345c30a:172.17.0.2:39469] returns group-F7B35D7D5D69:java.util.concurrent.CompletableFuture@2ab495da[Not completed]
2020-07-20 08:35:33,777 [pool-745-thread-1] INFO  impl.RaftServerImpl (RaftServerImpl.java:<init>(99)) - 2385bf93-00fb-4b21-a15d-4691d542b867: new RaftServerImpl for group-F7B35D7D5D69:[2385bf93-00fb-4b21-a15d-4691d542b867:172.17.0.2:36609, be0851b3-0322-40a6-8ce8-d00f153a9faf:172.17.0.2:36267, a427f57b-033e-4f4a-af2c-a26eb345c30a:172.17.0.2:39469] with ContainerStateMachine:uninitialized
2020-07-20 08:35:33,777 [pool-745-thread-1] INFO  server.RaftServerConfigKeys (ConfUtils.java:logGet(44)) - raft.server.rpc.timeout.min = 5s (custom)
2020-07-20 08:35:33,777 [pool-745-thread-1] INFO  server.RaftServerConfigKeys (ConfUtils.java:logGet(44)) - raft.server.rpc.timeout.max = 5200ms (custom)
2020-07-20 08:35:33,777 [pool-745-thread-1] INFO  server.RaftServerConfigKeys (ConfUtils.java:logGet(44)) - raft.server.rpcslowness.timeout = 300000ms (custom)
2020-07-20 08:35:33,777 [pool-745-thread-1] INFO  server.RaftServerConfigKeys (ConfUtils.java:logGet(44)) - raft.server.sleep.deviation.threshold = 300 (default)
2020-07-20 08:35:33,777 [pool-745-thread-1] INFO  server.RaftServerConfigKeys (ConfUtils.java:logGet(44)) - raft.server.log.appender.install.snapshot.enabled = false (custom)
2020-07-20 08:35:33,777 [pool-745-thread-1] INFO  impl.RaftServerImpl (ServerState.java:<init>(103)) - 2385bf93-00fb-4b21-a15d-4691d542b867@group-F7B35D7D5D69: ConfigurationManager, init=-1: [2385bf93-00fb-4b21-a15d-4691d542b867:172.17.0.2:36609, be0851b3-0322-40a6-8ce8-d00f153a9faf:172.17.0.2:36267, a427f57b-033e-4f4a-af2c-a26eb345c30a:172.17.0.2:39469], old=null, confs=<EMPTY_MAP>
2020-07-20 08:35:33,777 [pool-745-thread-1] INFO  server.RaftServerConfigKeys (ConfUtils.java:logGet(44)) - raft.server.storage.dir = [/github/workspace/mnt/ozone/hadoop-ozone/integration-test/target/test-dir/MiniOzoneClusterImpl-77fe6979-9426-4b74-982f-524262e25198/datanode-3/data/ratis] (custom)
2020-07-20 08:35:33,777 [pool-745-thread-1] INFO  server.RaftServerConfigKeys (ConfUtils.java:logGet(44)) - raft.server.log.corruption.policy = EXCEPTION (default)
2020-07-20 08:35:33,778 [pool-745-thread-1] INFO  storage.RaftStorageDirectory (RaftStorageDirectory.java:analyzeStorage(261)) - The storage directory /github/workspace/mnt/ozone/hadoop-ozone/integration-test/target/test-dir/MiniOzoneClusterImpl-77fe6979-9426-4b74-982f-524262e25198/datanode-3/data/ratis/f1e6931a-3535-455b-b0ea-f7b35d7d5d69 does not exist. Creating ...
2020-07-20 08:35:33,778 [pool-745-thread-1] INFO  storage.RaftStorageDirectory (RaftStorageDirectory.java:tryLock(343)) - Lock on /github/workspace/mnt/ozone/hadoop-ozone/integration-test/target/test-dir/MiniOzoneClusterImpl-77fe6979-9426-4b74-982f-524262e25198/datanode-3/data/ratis/f1e6931a-3535-455b-b0ea-f7b35d7d5d69/in_use.lock acquired by nodename 39787@795ad43b6c28
2020-07-20 08:35:33,779 [pool-745-thread-1] INFO  storage.RaftStorage (RaftStorage.java:format(84)) - Storage directory /github/workspace/mnt/ozone/hadoop-ozone/integration-test/target/test-dir/MiniOzoneClusterImpl-77fe6979-9426-4b74-982f-524262e25198/datanode-3/data/ratis/f1e6931a-3535-455b-b0ea-f7b35d7d5d69 has been successfully formatted.
2020-07-20 08:35:33,780 [pool-745-thread-1] INFO  ratis.ContainerStateMachine (ContainerStateMachine.java:loadSnapshot(225)) - group-F7B35D7D5D69: The snapshot info is null. Setting the last applied indexto:(t:0, i:~)
2020-07-20 08:35:33,780 [pool-745-thread-1] INFO  server.RaftServerConfigKeys (ConfUtils.java:logGet(44)) - raft.server.notification.no-leader.timeout = 300000ms (custom)
2020-07-20 08:35:33,780 [pool-745-thread-1] INFO  server.RaftServerConfigKeys (ConfUtils.java:logGet(44)) - raft.server.log.use.memory = false (default)
2020-07-20 08:35:33,780 [pool-745-thread-1] INFO  server.RaftServerConfigKeys (ConfUtils.java:logGet(44)) - raft.server.log.purge.gap = 1000000 (custom)
2020-07-20 08:35:33,780 [pool-745-thread-1] INFO  server.RaftServerConfigKeys (ConfUtils.java:logGet(44)) - raft.server.log.appender.buffer.byte-limit = 33554432 (custom)
2020-07-20 08:35:33,780 [pool-745-thread-1] INFO  server.RaftServerConfigKeys (ConfUtils.java:logGet(44)) - raft.server.log.segment.size.max = 1048576 (custom)
2020-07-20 08:35:33,780 [pool-745-thread-1] INFO  metrics.RatisMetrics (RatisMetrics.java:lambda$create$0(36)) - Creating Metrics Registry : ratis.log_worker.2385bf93-00fb-4b21-a15d-4691d542b867@group-F7B35D7D5D69
2020-07-20 08:35:33,781 [pool-745-thread-1] INFO  server.RaftServerConfigKeys (ConfUtils.java:logGet(44)) - raft.server.log.segment.cache.num.max = 2 (custom)
2020-07-20 08:35:33,781 [pool-745-thread-1] INFO  segmented.SegmentedRaftLogWorker (SegmentedRaftLogWorker.java:<init>(180)) - new 2385bf93-00fb-4b21-a15d-4691d542b867@group-F7B35D7D5D69-SegmentedRaftLogWorker for RaftStorage:Storage Directory /github/workspace/mnt/ozone/hadoop-ozone/integration-test/target/test-dir/MiniOzoneClusterImpl-77fe6979-9426-4b74-982f-524262e25198/datanode-3/data/ratis/f1e6931a-3535-455b-b0ea-f7b35d7d5d69
2020-07-20 08:35:33,781 [pool-745-thread-1] INFO  server.RaftServerConfigKeys (ConfUtils.java:logGet(44)) - raft.server.log.queue.byte-limit = 2147483647 (custom)
2020-07-20 08:35:33,781 [pool-745-thread-1] INFO  server.RaftServerConfigKeys (ConfUtils.java:logGet(44)) - raft.server.log.queue.element-limit = 1024 (custom)
2020-07-20 08:35:33,781 [pool-745-thread-1] INFO  server.RaftServerConfigKeys (ConfUtils.java:logGet(44)) - raft.server.log.segment.size.max = 1048576 (custom)
2020-07-20 08:35:33,781 [pool-745-thread-1] INFO  server.RaftServerConfigKeys (ConfUtils.java:logGet(44)) - raft.server.log.preallocated.size = 16384 (custom)
2020-07-20 08:35:33,781 [pool-745-thread-1] INFO  server.RaftServerConfigKeys (ConfUtils.java:logGet(44)) - raft.server.log.write.buffer.size = 1048576 (custom)
2020-07-20 08:35:33,781 [pool-745-thread-1] INFO  server.RaftServerConfigKeys (ConfUtils.java:logGet(44)) - raft.server.log.force.sync.num = 128 (default)
2020-07-20 08:35:33,781 [pool-745-thread-1] INFO  server.RaftServerConfigKeys (ConfUtils.java:logGet(44)) - raft.server.log.statemachine.data.sync = true (default)
2020-07-20 08:35:33,781 [pool-745-thread-1] INFO  server.RaftServerConfigKeys (ConfUtils.java:logGet(44)) - raft.server.log.statemachine.data.sync.timeout = 10s (default)
2020-07-20 08:35:33,781 [pool-745-thread-1] INFO  server.RaftServerConfigKeys (ConfUtils.java:logGet(44)) - raft.server.log.statemachine.data.sync.timeout.retry = -1 (default)
2020-07-20 08:35:33,784 [pool-745-thread-1] INFO  server.RaftServerConfigKeys (ConfUtils.java:logGet(44)) - raft.server.log.statemachine.data.caching.enabled = true (custom)
2020-07-20 08:35:33,784 [pool-745-thread-1] INFO  segmented.SegmentedRaftLogWorker (SegmentedRaftLogWorker.java:lambda$new$0(129)) - 2385bf93-00fb-4b21-a15d-4691d542b867@group-F7B35D7D5D69-SegmentedRaftLogWorker: flushIndex: setUnconditionally 0 -> -1
2020-07-20 08:35:33,784 [pool-745-thread-1] INFO  segmented.SegmentedRaftLogWorker (SegmentedRaftLogWorker.java:lambda$new$0(129)) - 2385bf93-00fb-4b21-a15d-4691d542b867@group-F7B35D7D5D69-SegmentedRaftLogWorker: safeCacheEvictIndex: setUnconditionally 0 -> -1
2020-07-20 08:35:33,785 [pool-745-thread-1] INFO  server.RaftServerConfigKeys (ConfUtils.java:logGet(44)) - raft.server.snapshot.auto.trigger.enabled = true (custom)
2020-07-20 08:35:33,785 [pool-745-thread-1] INFO  server.RaftServerConfigKeys (ConfUtils.java:logGet(44)) - raft.server.snapshot.auto.trigger.threshold = 10000 (custom)
2020-07-20 08:35:33,785 [pool-745-thread-1] INFO  server.RaftServerConfigKeys (ConfUtils.java:logGet(44)) - raft.server.snapshot.retention.file.num = 5 (custom)
2020-07-20 08:35:33,785 [pool-745-thread-1] INFO  server.RaftServerConfigKeys (ConfUtils.java:logGet(44)) - raft.server.log.purge.upto.snapshot.index = false (default)
2020-07-20 08:35:33,785 [pool-745-thread-1] INFO  server.RaftServerConfigKeys (ConfUtils.java:logGet(44)) - raft.server.retrycache.expirytime = 600000ms (custom)
2020-07-20 08:35:33,785 [pool-745-thread-1] INFO  metrics.RatisMetrics (RatisMetrics.java:lambda$create$0(36)) - Creating Metrics Registry : ratis.leader_election.2385bf93-00fb-4b21-a15d-4691d542b867@group-F7B35D7D5D69
2020-07-20 08:35:33,786 [pool-745-thread-1] INFO  metrics.RatisMetrics (RatisMetrics.java:lambda$create$0(36)) - Creating Metrics Registry : ratis.server.2385bf93-00fb-4b21-a15d-4691d542b867@group-F7B35D7D5D69
2020-07-20 08:35:33,787 [pool-745-thread-1] INFO  impl.RaftServerImpl (RaftServerImpl.java:start(186)) - 2385bf93-00fb-4b21-a15d-4691d542b867@group-F7B35D7D5D69: start as a follower, conf=-1: [2385bf93-00fb-4b21-a15d-4691d542b867:172.17.0.2:36609, be0851b3-0322-40a6-8ce8-d00f153a9faf:172.17.0.2:36267, a427f57b-033e-4f4a-af2c-a26eb345c30a:172.17.0.2:39469], old=null
2020-07-20 08:35:33,787 [pool-745-thread-1] INFO  impl.RaftServerImpl (RaftServerImpl.java:setRole(175)) - 2385bf93-00fb-4b21-a15d-4691d542b867@group-F7B35D7D5D69: changes role from      null to FOLLOWER at term 0 for startAsFollower
2020-07-20 08:35:33,787 [pool-745-thread-1] INFO  impl.RoleInfo (RoleInfo.java:updateAndGet(143)) - 2385bf93-00fb-4b21-a15d-4691d542b867: start FollowerState
2020-07-20 08:35:33,792 [pool-745-thread-1] INFO  util.JmxRegister (JmxRegister.java:tryRegister(44)) - Successfully registered JMX Bean with object name Ratis:service=RaftServer,group=group-F7B35D7D5D69,id=2385bf93-00fb-4b21-a15d-4691d542b867
2020-07-20 08:35:33,792 [pool-745-thread-1] INFO  metrics.RatisMetrics (RatisMetrics.java:lambda$create$0(36)) - Creating Metrics Registry : ratis.state_machine.2385bf93-00fb-4b21-a15d-4691d542b867@group-F7B35D7D5D69
2020-07-20 08:35:33,802 [grpc-default-executor-1] INFO  impl.RaftServerProxy (RaftServerProxy.java:addNew(89)) - a427f57b-033e-4f4a-af2c-a26eb345c30a: addNew group-F7B35D7D5D69:[2385bf93-00fb-4b21-a15d-4691d542b867:172.17.0.2:36609, be0851b3-0322-40a6-8ce8-d00f153a9faf:172.17.0.2:36267, a427f57b-033e-4f4a-af2c-a26eb345c30a:172.17.0.2:39469] returns group-F7B35D7D5D69:java.util.concurrent.CompletableFuture@44af38c[Not completed]
2020-07-20 08:35:33,803 [pool-775-thread-1] INFO  impl.RaftServerImpl (RaftServerImpl.java:<init>(99)) - a427f57b-033e-4f4a-af2c-a26eb345c30a: new RaftServerImpl for group-F7B35D7D5D69:[2385bf93-00fb-4b21-a15d-4691d542b867:172.17.0.2:36609, be0851b3-0322-40a6-8ce8-d00f153a9faf:172.17.0.2:36267, a427f57b-033e-4f4a-af2c-a26eb345c30a:172.17.0.2:39469] with ContainerStateMachine:uninitialized
2020-07-20 08:35:33,803 [pool-775-thread-1] INFO  server.RaftServerConfigKeys (ConfUtils.java:logGet(44)) - raft.server.rpc.timeout.min = 5s (custom)
2020-07-20 08:35:33,803 [pool-775-thread-1] INFO  server.RaftServerConfigKeys (ConfUtils.java:logGet(44)) - raft.server.rpc.timeout.max = 5200ms (custom)
2020-07-20 08:35:33,803 [pool-775-thread-1] INFO  server.RaftServerConfigKeys (ConfUtils.java:logGet(44)) - raft.server.rpcslowness.timeout = 300000ms (custom)
2020-07-20 08:35:33,803 [pool-775-thread-1] INFO  server.RaftServerConfigKeys (ConfUtils.java:logGet(44)) - raft.server.sleep.deviation.threshold = 300 (default)
2020-07-20 08:35:33,803 [pool-775-thread-1] INFO  server.RaftServerConfigKeys (ConfUtils.java:logGet(44)) - raft.server.log.appender.install.snapshot.enabled = false (custom)
2020-07-20 08:35:33,803 [pool-775-thread-1] INFO  impl.RaftServerImpl (ServerState.java:<init>(103)) - a427f57b-033e-4f4a-af2c-a26eb345c30a@group-F7B35D7D5D69: ConfigurationManager, init=-1: [2385bf93-00fb-4b21-a15d-4691d542b867:172.17.0.2:36609, be0851b3-0322-40a6-8ce8-d00f153a9faf:172.17.0.2:36267, a427f57b-033e-4f4a-af2c-a26eb345c30a:172.17.0.2:39469], old=null, confs=<EMPTY_MAP>
2020-07-20 08:35:33,803 [pool-775-thread-1] INFO  server.RaftServerConfigKeys (ConfUtils.java:logGet(44)) - raft.server.storage.dir = [/github/workspace/mnt/ozone/hadoop-ozone/integration-test/target/test-dir/MiniOzoneClusterImpl-77fe6979-9426-4b74-982f-524262e25198/datanode-5/data/ratis] (custom)
2020-07-20 08:35:33,803 [pool-775-thread-1] INFO  server.RaftServerConfigKeys (ConfUtils.java:logGet(44)) - raft.server.log.corruption.policy = EXCEPTION (default)
2020-07-20 08:35:33,804 [pool-775-thread-1] INFO  storage.RaftStorageDirectory (RaftStorageDirectory.java:analyzeStorage(261)) - The storage directory /github/workspace/mnt/ozone/hadoop-ozone/integration-test/target/test-dir/MiniOzoneClusterImpl-77fe6979-9426-4b74-982f-524262e25198/datanode-5/data/ratis/f1e6931a-3535-455b-b0ea-f7b35d7d5d69 does not exist. Creating ...
2020-07-20 08:35:33,805 [pool-775-thread-1] INFO  storage.RaftStorageDirectory (RaftStorageDirectory.java:tryLock(343)) - Lock on /github/workspace/mnt/ozone/hadoop-ozone/integration-test/target/test-dir/MiniOzoneClusterImpl-77fe6979-9426-4b74-982f-524262e25198/datanode-5/data/ratis/f1e6931a-3535-455b-b0ea-f7b35d7d5d69/in_use.lock acquired by nodename 39787@795ad43b6c28
2020-07-20 08:35:33,806 [pool-775-thread-1] INFO  storage.RaftStorage (RaftStorage.java:format(84)) - Storage directory /github/workspace/mnt/ozone/hadoop-ozone/integration-test/target/test-dir/MiniOzoneClusterImpl-77fe6979-9426-4b74-982f-524262e25198/datanode-5/data/ratis/f1e6931a-3535-455b-b0ea-f7b35d7d5d69 has been successfully formatted.
2020-07-20 08:35:33,809 [pool-775-thread-1] INFO  ratis.ContainerStateMachine (ContainerStateMachine.java:loadSnapshot(225)) - group-F7B35D7D5D69: The snapshot info is null. Setting the last applied indexto:(t:0, i:~)
2020-07-20 08:35:33,809 [pool-775-thread-1] INFO  server.RaftServerConfigKeys (ConfUtils.java:logGet(44)) - raft.server.notification.no-leader.timeout = 300000ms (custom)
2020-07-20 08:35:33,809 [pool-775-thread-1] INFO  server.RaftServerConfigKeys (ConfUtils.java:logGet(44)) - raft.server.log.use.memory = false (default)
2020-07-20 08:35:33,810 [pool-775-thread-1] INFO  server.RaftServerConfigKeys (ConfUtils.java:logGet(44)) - raft.server.log.purge.gap = 1000000 (custom)
2020-07-20 08:35:33,811 [pool-775-thread-1] INFO  server.RaftServerConfigKeys (ConfUtils.java:logGet(44)) - raft.server.log.appender.buffer.byte-limit = 33554432 (custom)
2020-07-20 08:35:33,811 [pool-775-thread-1] INFO  server.RaftServerConfigKeys (ConfUtils.java:logGet(44)) - raft.server.log.segment.size.max = 1048576 (custom)
2020-07-20 08:35:33,811 [pool-775-thread-1] INFO  metrics.RatisMetrics (RatisMetrics.java:lambda$create$0(36)) - Creating Metrics Registry : ratis.log_worker.a427f57b-033e-4f4a-af2c-a26eb345c30a@group-F7B35D7D5D69
2020-07-20 08:35:33,811 [pool-775-thread-1] INFO  server.RaftServerConfigKeys (ConfUtils.java:logGet(44)) - raft.server.log.segment.cache.num.max = 2 (custom)
2020-07-20 08:35:33,811 [pool-775-thread-1] INFO  segmented.SegmentedRaftLogWorker (SegmentedRaftLogWorker.java:<init>(180)) - new a427f57b-033e-4f4a-af2c-a26eb345c30a@group-F7B35D7D5D69-SegmentedRaftLogWorker for RaftStorage:Storage Directory /github/workspace/mnt/ozone/hadoop-ozone/integration-test/target/test-dir/MiniOzoneClusterImpl-77fe6979-9426-4b74-982f-524262e25198/datanode-5/data/ratis/f1e6931a-3535-455b-b0ea-f7b35d7d5d69
2020-07-20 08:35:33,811 [pool-775-thread-1] INFO  server.RaftServerConfigKeys (ConfUtils.java:logGet(44)) - raft.server.log.queue.byte-limit = 2147483647 (custom)
2020-07-20 08:35:33,811 [pool-775-thread-1] INFO  server.RaftServerConfigKeys (ConfUtils.java:logGet(44)) - raft.server.log.queue.element-limit = 1024 (custom)
2020-07-20 08:35:33,811 [pool-775-thread-1] INFO  server.RaftServerConfigKeys (ConfUtils.java:logGet(44)) - raft.server.log.segment.size.max = 1048576 (custom)
2020-07-20 08:35:33,811 [pool-775-thread-1] INFO  server.RaftServerConfigKeys (ConfUtils.java:logGet(44)) - raft.server.log.preallocated.size = 16384 (custom)
2020-07-20 08:35:33,811 [pool-775-thread-1] INFO  server.RaftServerConfigKeys (ConfUtils.java:logGet(44)) - raft.server.log.write.buffer.size = 1048576 (custom)
2020-07-20 08:35:33,812 [pool-775-thread-1] INFO  server.RaftServerConfigKeys (ConfUtils.java:logGet(44)) - raft.server.log.force.sync.num = 128 (default)
2020-07-20 08:35:33,812 [pool-775-thread-1] INFO  server.RaftServerConfigKeys (ConfUtils.java:logGet(44)) - raft.server.log.statemachine.data.sync = true (default)
2020-07-20 08:35:33,812 [pool-775-thread-1] INFO  server.RaftServerConfigKeys (ConfUtils.java:logGet(44)) - raft.server.log.statemachine.data.sync.timeout = 10s (default)
2020-07-20 08:35:33,812 [pool-775-thread-1] INFO  server.RaftServerConfigKeys (ConfUtils.java:logGet(44)) - raft.server.log.statemachine.data.sync.timeout.retry = -1 (default)
2020-07-20 08:35:33,814 [pool-775-thread-1] INFO  server.RaftServerConfigKeys (ConfUtils.java:logGet(44)) - raft.server.log.statemachine.data.caching.enabled = true (custom)
2020-07-20 08:35:33,815 [pool-775-thread-1] INFO  segmented.SegmentedRaftLogWorker (SegmentedRaftLogWorker.java:lambda$new$0(129)) - a427f57b-033e-4f4a-af2c-a26eb345c30a@group-F7B35D7D5D69-SegmentedRaftLogWorker: flushIndex: setUnconditionally 0 -> -1
2020-07-20 08:35:33,815 [pool-775-thread-1] INFO  segmented.SegmentedRaftLogWorker (SegmentedRaftLogWorker.java:lambda$new$0(129)) - a427f57b-033e-4f4a-af2c-a26eb345c30a@group-F7B35D7D5D69-SegmentedRaftLogWorker: safeCacheEvictIndex: setUnconditionally 0 -> -1
2020-07-20 08:35:33,815 [pool-775-thread-1] INFO  server.RaftServerConfigKeys (ConfUtils.java:logGet(44)) - raft.server.snapshot.auto.trigger.enabled = true (custom)
2020-07-20 08:35:33,815 [pool-775-thread-1] INFO  server.RaftServerConfigKeys (ConfUtils.java:logGet(44)) - raft.server.snapshot.auto.trigger.threshold = 10000 (custom)
2020-07-20 08:35:33,815 [pool-775-thread-1] INFO  server.RaftServerConfigKeys (ConfUtils.java:logGet(44)) - raft.server.snapshot.retention.file.num = 5 (custom)
2020-07-20 08:35:33,815 [pool-775-thread-1] INFO  server.RaftServerConfigKeys (ConfUtils.java:logGet(44)) - raft.server.log.purge.upto.snapshot.index = false (default)
2020-07-20 08:35:33,815 [pool-775-thread-1] INFO  server.RaftServerConfigKeys (ConfUtils.java:logGet(44)) - raft.server.retrycache.expirytime = 600000ms (custom)
2020-07-20 08:35:33,815 [pool-775-thread-1] INFO  metrics.RatisMetrics (RatisMetrics.java:lambda$create$0(36)) - Creating Metrics Registry : ratis.leader_election.a427f57b-033e-4f4a-af2c-a26eb345c30a@group-F7B35D7D5D69
2020-07-20 08:35:33,816 [pool-775-thread-1] INFO  metrics.RatisMetrics (RatisMetrics.java:lambda$create$0(36)) - Creating Metrics Registry : ratis.server.a427f57b-033e-4f4a-af2c-a26eb345c30a@group-F7B35D7D5D69
2020-07-20 08:35:33,818 [pool-775-thread-1] INFO  impl.RaftServerImpl (RaftServerImpl.java:start(186)) - a427f57b-033e-4f4a-af2c-a26eb345c30a@group-F7B35D7D5D69: start as a follower, conf=-1: [2385bf93-00fb-4b21-a15d-4691d542b867:172.17.0.2:36609, be0851b3-0322-40a6-8ce8-d00f153a9faf:172.17.0.2:36267, a427f57b-033e-4f4a-af2c-a26eb345c30a:172.17.0.2:39469], old=null
2020-07-20 08:35:33,818 [pool-775-thread-1] INFO  impl.RaftServerImpl (RaftServerImpl.java:setRole(175)) - a427f57b-033e-4f4a-af2c-a26eb345c30a@group-F7B35D7D5D69: changes role from      null to FOLLOWER at term 0 for startAsFollower
2020-07-20 08:35:33,818 [pool-775-thread-1] INFO  impl.RoleInfo (RoleInfo.java:updateAndGet(143)) - a427f57b-033e-4f4a-af2c-a26eb345c30a: start FollowerState
2020-07-20 08:35:33,819 [pool-775-thread-1] INFO  util.JmxRegister (JmxRegister.java:tryRegister(44)) - Successfully registered JMX Bean with object name Ratis:service=RaftServer,group=group-F7B35D7D5D69,id=a427f57b-033e-4f4a-af2c-a26eb345c30a
2020-07-20 08:35:33,819 [pool-775-thread-1] INFO  metrics.RatisMetrics (RatisMetrics.java:lambda$create$0(36)) - Creating Metrics Registry : ratis.state_machine.a427f57b-033e-4f4a-af2c-a26eb345c30a@group-F7B35D7D5D69
2020-07-20 08:35:33,827 [grpc-default-executor-1] INFO  impl.RaftServerProxy (RaftServerProxy.java:addNew(89)) - be0851b3-0322-40a6-8ce8-d00f153a9faf: addNew group-F7B35D7D5D69:[2385bf93-00fb-4b21-a15d-4691d542b867:172.17.0.2:36609, be0851b3-0322-40a6-8ce8-d00f153a9faf:172.17.0.2:36267, a427f57b-033e-4f4a-af2c-a26eb345c30a:172.17.0.2:39469] returns group-F7B35D7D5D69:java.util.concurrent.CompletableFuture@37988c37[Not completed]
2020-07-20 08:35:33,828 [pool-760-thread-1] INFO  impl.RaftServerImpl (RaftServerImpl.java:<init>(99)) - be0851b3-0322-40a6-8ce8-d00f153a9faf: new RaftServerImpl for group-F7B35D7D5D69:[2385bf93-00fb-4b21-a15d-4691d542b867:172.17.0.2:36609, be0851b3-0322-40a6-8ce8-d00f153a9faf:172.17.0.2:36267, a427f57b-033e-4f4a-af2c-a26eb345c30a:172.17.0.2:39469] with ContainerStateMachine:uninitialized
2020-07-20 08:35:33,828 [pool-760-thread-1] INFO  server.RaftServerConfigKeys (ConfUtils.java:logGet(44)) - raft.server.rpc.timeout.min = 5s (custom)
2020-07-20 08:35:33,828 [pool-760-thread-1] INFO  server.RaftServerConfigKeys (ConfUtils.java:logGet(44)) - raft.server.rpc.timeout.max = 5200ms (custom)
2020-07-20 08:35:33,828 [pool-760-thread-1] INFO  server.RaftServerConfigKeys (ConfUtils.java:logGet(44)) - raft.server.rpcslowness.timeout = 300000ms (custom)
2020-07-20 08:35:33,828 [pool-760-thread-1] INFO  server.RaftServerConfigKeys (ConfUtils.java:logGet(44)) - raft.server.sleep.deviation.threshold = 300 (default)
2020-07-20 08:35:33,828 [pool-760-thread-1] INFO  server.RaftServerConfigKeys (ConfUtils.java:logGet(44)) - raft.server.log.appender.install.snapshot.enabled = false (custom)
2020-07-20 08:35:33,828 [pool-760-thread-1] INFO  impl.RaftServerImpl (ServerState.java:<init>(103)) - be0851b3-0322-40a6-8ce8-d00f153a9faf@group-F7B35D7D5D69: ConfigurationManager, init=-1: [2385bf93-00fb-4b21-a15d-4691d542b867:172.17.0.2:36609, be0851b3-0322-40a6-8ce8-d00f153a9faf:172.17.0.2:36267, a427f57b-033e-4f4a-af2c-a26eb345c30a:172.17.0.2:39469], old=null, confs=<EMPTY_MAP>
2020-07-20 08:35:33,828 [pool-760-thread-1] INFO  server.RaftServerConfigKeys (ConfUtils.java:logGet(44)) - raft.server.storage.dir = [/github/workspace/mnt/ozone/hadoop-ozone/integration-test/target/test-dir/MiniOzoneClusterImpl-77fe6979-9426-4b74-982f-524262e25198/datanode-4/data/ratis] (custom)
2020-07-20 08:35:33,829 [pool-760-thread-1] INFO  server.RaftServerConfigKeys (ConfUtils.java:logGet(44)) - raft.server.log.corruption.policy = EXCEPTION (default)
2020-07-20 08:35:33,829 [pool-760-thread-1] INFO  storage.RaftStorageDirectory (RaftStorageDirectory.java:analyzeStorage(261)) - The storage directory /github/workspace/mnt/ozone/hadoop-ozone/integration-test/target/test-dir/MiniOzoneClusterImpl-77fe6979-9426-4b74-982f-524262e25198/datanode-4/data/ratis/f1e6931a-3535-455b-b0ea-f7b35d7d5d69 does not exist. Creating ...
2020-07-20 08:35:33,830 [pool-760-thread-1] INFO  storage.RaftStorageDirectory (RaftStorageDirectory.java:tryLock(343)) - Lock on /github/workspace/mnt/ozone/hadoop-ozone/integration-test/target/test-dir/MiniOzoneClusterImpl-77fe6979-9426-4b74-982f-524262e25198/datanode-4/data/ratis/f1e6931a-3535-455b-b0ea-f7b35d7d5d69/in_use.lock acquired by nodename 39787@795ad43b6c28
2020-07-20 08:35:33,831 [pool-760-thread-1] INFO  storage.RaftStorage (RaftStorage.java:format(84)) - Storage directory /github/workspace/mnt/ozone/hadoop-ozone/integration-test/target/test-dir/MiniOzoneClusterImpl-77fe6979-9426-4b74-982f-524262e25198/datanode-4/data/ratis/f1e6931a-3535-455b-b0ea-f7b35d7d5d69 has been successfully formatted.
2020-07-20 08:35:33,832 [pool-760-thread-1] INFO  ratis.ContainerStateMachine (ContainerStateMachine.java:loadSnapshot(225)) - group-F7B35D7D5D69: The snapshot info is null. Setting the last applied indexto:(t:0, i:~)
2020-07-20 08:35:33,832 [pool-760-thread-1] INFO  server.RaftServerConfigKeys (ConfUtils.java:logGet(44)) - raft.server.notification.no-leader.timeout = 300000ms (custom)
2020-07-20 08:35:33,833 [pool-760-thread-1] INFO  server.RaftServerConfigKeys (ConfUtils.java:logGet(44)) - raft.server.log.use.memory = false (default)
2020-07-20 08:35:33,833 [pool-760-thread-1] INFO  server.RaftServerConfigKeys (ConfUtils.java:logGet(44)) - raft.server.log.purge.gap = 1000000 (custom)
2020-07-20 08:35:33,833 [pool-760-thread-1] INFO  server.RaftServerConfigKeys (ConfUtils.java:logGet(44)) - raft.server.log.appender.buffer.byte-limit = 33554432 (custom)
2020-07-20 08:35:33,833 [pool-760-thread-1] INFO  server.RaftServerConfigKeys (ConfUtils.java:logGet(44)) - raft.server.log.segment.size.max = 1048576 (custom)
2020-07-20 08:35:33,833 [pool-760-thread-1] INFO  metrics.RatisMetrics (RatisMetrics.java:lambda$create$0(36)) - Creating Metrics Registry : ratis.log_worker.be0851b3-0322-40a6-8ce8-d00f153a9faf@group-F7B35D7D5D69
2020-07-20 08:35:33,833 [pool-760-thread-1] INFO  server.RaftServerConfigKeys (ConfUtils.java:logGet(44)) - raft.server.log.segment.cache.num.max = 2 (custom)
2020-07-20 08:35:33,833 [pool-760-thread-1] INFO  segmented.SegmentedRaftLogWorker (SegmentedRaftLogWorker.java:<init>(180)) - new be0851b3-0322-40a6-8ce8-d00f153a9faf@group-F7B35D7D5D69-SegmentedRaftLogWorker for RaftStorage:Storage Directory /github/workspace/mnt/ozone/hadoop-ozone/integration-test/target/test-dir/MiniOzoneClusterImpl-77fe6979-9426-4b74-982f-524262e25198/datanode-4/data/ratis/f1e6931a-3535-455b-b0ea-f7b35d7d5d69
2020-07-20 08:35:33,833 [pool-760-thread-1] INFO  server.RaftServerConfigKeys (ConfUtils.java:logGet(44)) - raft.server.log.queue.byte-limit = 2147483647 (custom)
2020-07-20 08:35:33,833 [pool-760-thread-1] INFO  server.RaftServerConfigKeys (ConfUtils.java:logGet(44)) - raft.server.log.queue.element-limit = 1024 (custom)
2020-07-20 08:35:33,833 [pool-760-thread-1] INFO  server.RaftServerConfigKeys (ConfUtils.java:logGet(44)) - raft.server.log.segment.size.max = 1048576 (custom)
2020-07-20 08:35:33,833 [pool-760-thread-1] INFO  server.RaftServerConfigKeys (ConfUtils.java:logGet(44)) - raft.server.log.preallocated.size = 16384 (custom)
2020-07-20 08:35:33,833 [pool-760-thread-1] INFO  server.RaftServerConfigKeys (ConfUtils.java:logGet(44)) - raft.server.log.write.buffer.size = 1048576 (custom)
2020-07-20 08:35:33,834 [pool-760-thread-1] INFO  server.RaftServerConfigKeys (ConfUtils.java:logGet(44)) - raft.server.log.force.sync.num = 128 (default)
2020-07-20 08:35:33,834 [pool-760-thread-1] INFO  server.RaftServerConfigKeys (ConfUtils.java:logGet(44)) - raft.server.log.statemachine.data.sync = true (default)
2020-07-20 08:35:33,834 [pool-760-thread-1] INFO  server.RaftServerConfigKeys (ConfUtils.java:logGet(44)) - raft.server.log.statemachine.data.sync.timeout = 10s (default)
2020-07-20 08:35:33,834 [pool-760-thread-1] INFO  server.RaftServerConfigKeys (ConfUtils.java:logGet(44)) - raft.server.log.statemachine.data.sync.timeout.retry = -1 (default)
2020-07-20 08:35:33,836 [pool-760-thread-1] INFO  server.RaftServerConfigKeys (ConfUtils.java:logGet(44)) - raft.server.log.statemachine.data.caching.enabled = true (custom)
2020-07-20 08:35:33,837 [pool-760-thread-1] INFO  segmented.SegmentedRaftLogWorker (SegmentedRaftLogWorker.java:lambda$new$0(129)) - be0851b3-0322-40a6-8ce8-d00f153a9faf@group-F7B35D7D5D69-SegmentedRaftLogWorker: flushIndex: setUnconditionally 0 -> -1
2020-07-20 08:35:33,837 [pool-760-thread-1] INFO  segmented.SegmentedRaftLogWorker (SegmentedRaftLogWorker.java:lambda$new$0(129)) - be0851b3-0322-40a6-8ce8-d00f153a9faf@group-F7B35D7D5D69-SegmentedRaftLogWorker: safeCacheEvictIndex: setUnconditionally 0 -> -1
2020-07-20 08:35:33,837 [pool-760-thread-1] INFO  server.RaftServerConfigKeys (ConfUtils.java:logGet(44)) - raft.server.snapshot.auto.trigger.enabled = true (custom)
2020-07-20 08:35:33,837 [pool-760-thread-1] INFO  server.RaftServerConfigKeys (ConfUtils.java:logGet(44)) - raft.server.snapshot.auto.trigger.threshold = 10000 (custom)
2020-07-20 08:35:33,837 [pool-760-thread-1] INFO  server.RaftServerConfigKeys (ConfUtils.java:logGet(44)) - raft.server.snapshot.retention.file.num = 5 (custom)
2020-07-20 08:35:33,837 [pool-760-thread-1] INFO  server.RaftServerConfigKeys (ConfUtils.java:logGet(44)) - raft.server.log.purge.upto.snapshot.index = false (default)
2020-07-20 08:35:33,837 [pool-760-thread-1] INFO  server.RaftServerConfigKeys (ConfUtils.java:logGet(44)) - raft.server.retrycache.expirytime = 600000ms (custom)
2020-07-20 08:35:33,837 [pool-760-thread-1] INFO  metrics.RatisMetrics (RatisMetrics.java:lambda$create$0(36)) - Creating Metrics Registry : ratis.leader_election.be0851b3-0322-40a6-8ce8-d00f153a9faf@group-F7B35D7D5D69
2020-07-20 08:35:33,838 [pool-760-thread-1] INFO  metrics.RatisMetrics (RatisMetrics.java:lambda$create$0(36)) - Creating Metrics Registry : ratis.server.be0851b3-0322-40a6-8ce8-d00f153a9faf@group-F7B35D7D5D69
2020-07-20 08:35:33,840 [pool-760-thread-1] INFO  impl.RaftServerImpl (RaftServerImpl.java:start(186)) - be0851b3-0322-40a6-8ce8-d00f153a9faf@group-F7B35D7D5D69: start as a follower, conf=-1: [2385bf93-00fb-4b21-a15d-4691d542b867:172.17.0.2:36609, be0851b3-0322-40a6-8ce8-d00f153a9faf:172.17.0.2:36267, a427f57b-033e-4f4a-af2c-a26eb345c30a:172.17.0.2:39469], old=null
2020-07-20 08:35:33,840 [pool-760-thread-1] INFO  impl.RaftServerImpl (RaftServerImpl.java:setRole(175)) - be0851b3-0322-40a6-8ce8-d00f153a9faf@group-F7B35D7D5D69: changes role from      null to FOLLOWER at term 0 for startAsFollower
2020-07-20 08:35:33,840 [pool-760-thread-1] INFO  impl.RoleInfo (RoleInfo.java:updateAndGet(143)) - be0851b3-0322-40a6-8ce8-d00f153a9faf: start FollowerState
2020-07-20 08:35:33,840 [pool-760-thread-1] INFO  util.JmxRegister (JmxRegister.java:tryRegister(44)) - Successfully registered JMX Bean with object name Ratis:service=RaftServer,group=group-F7B35D7D5D69,id=be0851b3-0322-40a6-8ce8-d00f153a9faf
2020-07-20 08:35:33,840 [pool-760-thread-1] INFO  metrics.RatisMetrics (RatisMetrics.java:lambda$create$0(36)) - Creating Metrics Registry : ratis.state_machine.be0851b3-0322-40a6-8ce8-d00f153a9faf@group-F7B35D7D5D69
2020-07-20 08:35:33,843 [Command processor thread] INFO  commandhandler.CreatePipelineCommandHandler (CreatePipelineCommandHandler.java:handle(109)) - Created Pipeline RATIS THREE #id: "f1e6931a-3535-455b-b0ea-f7b35d7d5d69"
uuid128 {
  mostSigBits: -1015962925154351781
  leastSigBits: -5698470028744237719
}
.
2020-07-20 08:35:33,844 [Command processor thread] INFO  impl.RaftServerProxy (RaftServerProxy.java:addNew(89)) - 2385bf93-00fb-4b21-a15d-4691d542b867: addNew group-810B540DED91:[2385bf93-00fb-4b21-a15d-4691d542b867:172.17.0.2:36609, be0851b3-0322-40a6-8ce8-d00f153a9faf:172.17.0.2:36267, a427f57b-033e-4f4a-af2c-a26eb345c30a:172.17.0.2:39469] returns group-810B540DED91:java.util.concurrent.CompletableFuture@2bbdb9fb[Not completed]
2020-07-20 08:35:33,844 [pool-745-thread-1] INFO  impl.RaftServerImpl (RaftServerImpl.java:<init>(99)) - 2385bf93-00fb-4b21-a15d-4691d542b867: new RaftServerImpl for group-810B540DED91:[2385bf93-00fb-4b21-a15d-4691d542b867:172.17.0.2:36609, be0851b3-0322-40a6-8ce8-d00f153a9faf:172.17.0.2:36267, a427f57b-033e-4f4a-af2c-a26eb345c30a:172.17.0.2:39469] with ContainerStateMachine:uninitialized
2020-07-20 08:35:33,844 [pool-745-thread-1] INFO  server.RaftServerConfigKeys (ConfUtils.java:logGet(44)) - raft.server.rpc.timeout.min = 5s (custom)
2020-07-20 08:35:33,844 [pool-745-thread-1] INFO  server.RaftServerConfigKeys (ConfUtils.java:logGet(44)) - raft.server.rpc.timeout.max = 5200ms (custom)
2020-07-20 08:35:33,844 [pool-745-thread-1] INFO  server.RaftServerConfigKeys (ConfUtils.java:logGet(44)) - raft.server.rpcslowness.timeout = 300000ms (custom)
2020-07-20 08:35:33,844 [pool-745-thread-1] INFO  server.RaftServerConfigKeys (ConfUtils.java:logGet(44)) - raft.server.sleep.deviation.threshold = 300 (default)
2020-07-20 08:35:33,845 [pool-745-thread-1] INFO  server.RaftServerConfigKeys (ConfUtils.java:logGet(44)) - raft.server.log.appender.install.snapshot.enabled = false (custom)
2020-07-20 08:35:33,845 [pool-745-thread-1] INFO  impl.RaftServerImpl (ServerState.java:<init>(103)) - 2385bf93-00fb-4b21-a15d-4691d542b867@group-810B540DED91: ConfigurationManager, init=-1: [2385bf93-00fb-4b21-a15d-4691d542b867:172.17.0.2:36609, be0851b3-0322-40a6-8ce8-d00f153a9faf:172.17.0.2:36267, a427f57b-033e-4f4a-af2c-a26eb345c30a:172.17.0.2:39469], old=null, confs=<EMPTY_MAP>
2020-07-20 08:35:33,845 [pool-745-thread-1] INFO  server.RaftServerConfigKeys (ConfUtils.java:logGet(44)) - raft.server.storage.dir = [/github/workspace/mnt/ozone/hadoop-ozone/integration-test/target/test-dir/MiniOzoneClusterImpl-77fe6979-9426-4b74-982f-524262e25198/datanode-3/data/ratis] (custom)
2020-07-20 08:35:33,845 [pool-745-thread-1] INFO  server.RaftServerConfigKeys (ConfUtils.java:logGet(44)) - raft.server.log.corruption.policy = EXCEPTION (default)
2020-07-20 08:35:33,845 [pool-745-thread-1] INFO  storage.RaftStorageDirectory (RaftStorageDirectory.java:analyzeStorage(261)) - The storage directory /github/workspace/mnt/ozone/hadoop-ozone/integration-test/target/test-dir/MiniOzoneClusterImpl-77fe6979-9426-4b74-982f-524262e25198/datanode-3/data/ratis/880b83f7-33db-4677-b2a6-810b540ded91 does not exist. Creating ...
2020-07-20 08:35:33,846 [pool-745-thread-1] INFO  storage.RaftStorageDirectory (RaftStorageDirectory.java:tryLock(343)) - Lock on /github/workspace/mnt/ozone/hadoop-ozone/integration-test/target/test-dir/MiniOzoneClusterImpl-77fe6979-9426-4b74-982f-524262e25198/datanode-3/data/ratis/880b83f7-33db-4677-b2a6-810b540ded91/in_use.lock acquired by nodename 39787@795ad43b6c28
2020-07-20 08:35:33,847 [pool-745-thread-1] INFO  storage.RaftStorage (RaftStorage.java:format(84)) - Storage directory /github/workspace/mnt/ozone/hadoop-ozone/integration-test/target/test-dir/MiniOzoneClusterImpl-77fe6979-9426-4b74-982f-524262e25198/datanode-3/data/ratis/880b83f7-33db-4677-b2a6-810b540ded91 has been successfully formatted.
2020-07-20 08:35:33,847 [pool-745-thread-1] INFO  ratis.ContainerStateMachine (ContainerStateMachine.java:loadSnapshot(225)) - group-810B540DED91: The snapshot info is null. Setting the last applied indexto:(t:0, i:~)
2020-07-20 08:35:33,847 [pool-745-thread-1] INFO  server.RaftServerConfigKeys (ConfUtils.java:logGet(44)) - raft.server.notification.no-leader.timeout = 300000ms (custom)
2020-07-20 08:35:33,847 [pool-745-thread-1] INFO  server.RaftServerConfigKeys (ConfUtils.java:logGet(44)) - raft.server.log.use.memory = false (default)
2020-07-20 08:35:33,847 [pool-745-thread-1] INFO  server.RaftServerConfigKeys (ConfUtils.java:logGet(44)) - raft.server.log.purge.gap = 1000000 (custom)
2020-07-20 08:35:33,847 [pool-745-thread-1] INFO  server.RaftServerConfigKeys (ConfUtils.java:logGet(44)) - raft.server.log.appender.buffer.byte-limit = 33554432 (custom)
2020-07-20 08:35:33,847 [pool-745-thread-1] INFO  server.RaftServerConfigKeys (ConfUtils.java:logGet(44)) - raft.server.log.segment.size.max = 1048576 (custom)
2020-07-20 08:35:33,848 [pool-745-thread-1] INFO  metrics.RatisMetrics (RatisMetrics.java:lambda$create$0(36)) - Creating Metrics Registry : ratis.log_worker.2385bf93-00fb-4b21-a15d-4691d542b867@group-810B540DED91
2020-07-20 08:35:33,848 [pool-745-thread-1] INFO  server.RaftServerConfigKeys (ConfUtils.java:logGet(44)) - raft.server.log.segment.cache.num.max = 2 (custom)
2020-07-20 08:35:33,848 [pool-745-thread-1] INFO  segmented.SegmentedRaftLogWorker (SegmentedRaftLogWorker.java:<init>(180)) - new 2385bf93-00fb-4b21-a15d-4691d542b867@group-810B540DED91-SegmentedRaftLogWorker for RaftStorage:Storage Directory /github/workspace/mnt/ozone/hadoop-ozone/integration-test/target/test-dir/MiniOzoneClusterImpl-77fe6979-9426-4b74-982f-524262e25198/datanode-3/data/ratis/880b83f7-33db-4677-b2a6-810b540ded91
2020-07-20 08:35:33,848 [pool-745-thread-1] INFO  server.RaftServerConfigKeys (ConfUtils.java:logGet(44)) - raft.server.log.queue.byte-limit = 2147483647 (custom)
2020-07-20 08:35:33,848 [pool-745-thread-1] INFO  server.RaftServerConfigKeys (ConfUtils.java:logGet(44)) - raft.server.log.queue.element-limit = 1024 (custom)
2020-07-20 08:35:33,848 [pool-745-thread-1] INFO  server.RaftServerConfigKeys (ConfUtils.java:logGet(44)) - raft.server.log.segment.size.max = 1048576 (custom)
2020-07-20 08:35:33,848 [pool-745-thread-1] INFO  server.RaftServerConfigKeys (ConfUtils.java:logGet(44)) - raft.server.log.preallocated.size = 16384 (custom)
2020-07-20 08:35:33,848 [pool-745-thread-1] INFO  server.RaftServerConfigKeys (ConfUtils.java:logGet(44)) - raft.server.log.write.buffer.size = 1048576 (custom)
2020-07-20 08:35:33,849 [pool-745-thread-1] INFO  server.RaftServerConfigKeys (ConfUtils.java:logGet(44)) - raft.server.log.force.sync.num = 128 (default)
2020-07-20 08:35:33,849 [pool-745-thread-1] INFO  server.RaftServerConfigKeys (ConfUtils.java:logGet(44)) - raft.server.log.statemachine.data.sync = true (default)
2020-07-20 08:35:33,849 [pool-745-thread-1] INFO  server.RaftServerConfigKeys (ConfUtils.java:logGet(44)) - raft.server.log.statemachine.data.sync.timeout = 10s (default)
2020-07-20 08:35:33,849 [pool-745-thread-1] INFO  server.RaftServerConfigKeys (ConfUtils.java:logGet(44)) - raft.server.log.statemachine.data.sync.timeout.retry = -1 (default)
2020-07-20 08:35:33,851 [pool-745-thread-1] INFO  server.RaftServerConfigKeys (ConfUtils.java:logGet(44)) - raft.server.log.statemachine.data.caching.enabled = true (custom)
2020-07-20 08:35:33,851 [pool-745-thread-1] INFO  segmented.SegmentedRaftLogWorker (SegmentedRaftLogWorker.java:lambda$new$0(129)) - 2385bf93-00fb-4b21-a15d-4691d542b867@group-810B540DED91-SegmentedRaftLogWorker: flushIndex: setUnconditionally 0 -> -1
2020-07-20 08:35:33,852 [pool-745-thread-1] INFO  segmented.SegmentedRaftLogWorker (SegmentedRaftLogWorker.java:lambda$new$0(129)) - 2385bf93-00fb-4b21-a15d-4691d542b867@group-810B540DED91-SegmentedRaftLogWorker: safeCacheEvictIndex: setUnconditionally 0 -> -1
2020-07-20 08:35:33,852 [pool-745-thread-1] INFO  server.RaftServerConfigKeys (ConfUtils.java:logGet(44)) - raft.server.snapshot.auto.trigger.enabled = true (custom)
2020-07-20 08:35:33,852 [pool-745-thread-1] INFO  server.RaftServerConfigKeys (ConfUtils.java:logGet(44)) - raft.server.snapshot.auto.trigger.threshold = 10000 (custom)
2020-07-20 08:35:33,852 [pool-745-thread-1] INFO  server.RaftServerConfigKeys (ConfUtils.java:logGet(44)) - raft.server.snapshot.retention.file.num = 5 (custom)
2020-07-20 08:35:33,852 [pool-745-thread-1] INFO  server.RaftServerConfigKeys (ConfUtils.java:logGet(44)) - raft.server.log.purge.upto.snapshot.index = false (default)
2020-07-20 08:35:33,852 [pool-745-thread-1] INFO  server.RaftServerConfigKeys (ConfUtils.java:logGet(44)) - raft.server.retrycache.expirytime = 600000ms (custom)
2020-07-20 08:35:33,852 [pool-745-thread-1] INFO  metrics.RatisMetrics (RatisMetrics.java:lambda$create$0(36)) - Creating Metrics Registry : ratis.leader_election.2385bf93-00fb-4b21-a15d-4691d542b867@group-810B540DED91
2020-07-20 08:35:33,853 [pool-745-thread-1] INFO  metrics.RatisMetrics (RatisMetrics.java:lambda$create$0(36)) - Creating Metrics Registry : ratis.server.2385bf93-00fb-4b21-a15d-4691d542b867@group-810B540DED91
2020-07-20 08:35:33,854 [pool-745-thread-1] INFO  impl.RaftServerImpl (RaftServerImpl.java:start(186)) - 2385bf93-00fb-4b21-a15d-4691d542b867@group-810B540DED91: start as a follower, conf=-1: [2385bf93-00fb-4b21-a15d-4691d542b867:172.17.0.2:36609, be0851b3-0322-40a6-8ce8-d00f153a9faf:172.17.0.2:36267, a427f57b-033e-4f4a-af2c-a26eb345c30a:172.17.0.2:39469], old=null
2020-07-20 08:35:33,855 [pool-745-thread-1] INFO  impl.RaftServerImpl (RaftServerImpl.java:setRole(175)) - 2385bf93-00fb-4b21-a15d-4691d542b867@group-810B540DED91: changes role from      null to FOLLOWER at term 0 for startAsFollower
2020-07-20 08:35:33,855 [pool-745-thread-1] INFO  impl.RoleInfo (RoleInfo.java:updateAndGet(143)) - 2385bf93-00fb-4b21-a15d-4691d542b867: start FollowerState
2020-07-20 08:35:33,855 [pool-745-thread-1] INFO  util.JmxRegister (JmxRegister.java:tryRegister(44)) - Successfully registered JMX Bean with object name Ratis:service=RaftServer,group=group-810B540DED91,id=2385bf93-00fb-4b21-a15d-4691d542b867
2020-07-20 08:35:33,855 [pool-745-thread-1] INFO  metrics.RatisMetrics (RatisMetrics.java:lambda$create$0(36)) - Creating Metrics Registry : ratis.state_machine.2385bf93-00fb-4b21-a15d-4691d542b867@group-810B540DED91
2020-07-20 08:35:33,860 [grpc-default-executor-1] INFO  impl.RaftServerProxy (RaftServerProxy.java:addNew(89)) - a427f57b-033e-4f4a-af2c-a26eb345c30a: addNew group-810B540DED91:[2385bf93-00fb-4b21-a15d-4691d542b867:172.17.0.2:36609, be0851b3-0322-40a6-8ce8-d00f153a9faf:172.17.0.2:36267, a427f57b-033e-4f4a-af2c-a26eb345c30a:172.17.0.2:39469] returns group-810B540DED91:java.util.concurrent.CompletableFuture@649ddfdb[Not completed]
2020-07-20 08:35:33,861 [pool-775-thread-1] INFO  impl.RaftServerImpl (RaftServerImpl.java:<init>(99)) - a427f57b-033e-4f4a-af2c-a26eb345c30a: new RaftServerImpl for group-810B540DED91:[2385bf93-00fb-4b21-a15d-4691d542b867:172.17.0.2:36609, be0851b3-0322-40a6-8ce8-d00f153a9faf:172.17.0.2:36267, a427f57b-033e-4f4a-af2c-a26eb345c30a:172.17.0.2:39469] with ContainerStateMachine:uninitialized
2020-07-20 08:35:33,861 [pool-775-thread-1] INFO  server.RaftServerConfigKeys (ConfUtils.java:logGet(44)) - raft.server.rpc.timeout.min = 5s (custom)
2020-07-20 08:35:33,861 [pool-775-thread-1] INFO  server.RaftServerConfigKeys (ConfUtils.java:logGet(44)) - raft.server.rpc.timeout.max = 5200ms (custom)
2020-07-20 08:35:33,861 [pool-775-thread-1] INFO  server.RaftServerConfigKeys (ConfUtils.java:logGet(44)) - raft.server.rpcslowness.timeout = 300000ms (custom)
2020-07-20 08:35:33,861 [pool-775-thread-1] INFO  server.RaftServerConfigKeys (ConfUtils.java:logGet(44)) - raft.server.sleep.deviation.threshold = 300 (default)
2020-07-20 08:35:33,861 [pool-775-thread-1] INFO  server.RaftServerConfigKeys (ConfUtils.java:logGet(44)) - raft.server.log.appender.install.snapshot.enabled = false (custom)
2020-07-20 08:35:33,861 [pool-775-thread-1] INFO  impl.RaftServerImpl (ServerState.java:<init>(103)) - a427f57b-033e-4f4a-af2c-a26eb345c30a@group-810B540DED91: ConfigurationManager, init=-1: [2385bf93-00fb-4b21-a15d-4691d542b867:172.17.0.2:36609, be0851b3-0322-40a6-8ce8-d00f153a9faf:172.17.0.2:36267, a427f57b-033e-4f4a-af2c-a26eb345c30a:172.17.0.2:39469], old=null, confs=<EMPTY_MAP>
2020-07-20 08:35:33,861 [pool-775-thread-1] INFO  server.RaftServerConfigKeys (ConfUtils.java:logGet(44)) - raft.server.storage.dir = [/github/workspace/mnt/ozone/hadoop-ozone/integration-test/target/test-dir/MiniOzoneClusterImpl-77fe6979-9426-4b74-982f-524262e25198/datanode-5/data/ratis] (custom)
2020-07-20 08:35:33,861 [pool-775-thread-1] INFO  server.RaftServerConfigKeys (ConfUtils.java:logGet(44)) - raft.server.log.corruption.policy = EXCEPTION (default)
2020-07-20 08:35:33,862 [pool-775-thread-1] INFO  storage.RaftStorageDirectory (RaftStorageDirectory.java:analyzeStorage(261)) - The storage directory /github/workspace/mnt/ozone/hadoop-ozone/integration-test/target/test-dir/MiniOzoneClusterImpl-77fe6979-9426-4b74-982f-524262e25198/datanode-5/data/ratis/880b83f7-33db-4677-b2a6-810b540ded91 does not exist. Creating ...
2020-07-20 08:35:33,863 [pool-775-thread-1] INFO  storage.RaftStorageDirectory (RaftStorageDirectory.java:tryLock(343)) - Lock on /github/workspace/mnt/ozone/hadoop-ozone/integration-test/target/test-dir/MiniOzoneClusterImpl-77fe6979-9426-4b74-982f-524262e25198/datanode-5/data/ratis/880b83f7-33db-4677-b2a6-810b540ded91/in_use.lock acquired by nodename 39787@795ad43b6c28
2020-07-20 08:35:33,864 [pool-775-thread-1] INFO  storage.RaftStorage (RaftStorage.java:format(84)) - Storage directory /github/workspace/mnt/ozone/hadoop-ozone/integration-test/target/test-dir/MiniOzoneClusterImpl-77fe6979-9426-4b74-982f-524262e25198/datanode-5/data/ratis/880b83f7-33db-4677-b2a6-810b540ded91 has been successfully formatted.
2020-07-20 08:35:33,864 [pool-775-thread-1] INFO  ratis.ContainerStateMachine (ContainerStateMachine.java:loadSnapshot(225)) - group-810B540DED91: The snapshot info is null. Setting the last applied indexto:(t:0, i:~)
2020-07-20 08:35:33,864 [pool-775-thread-1] INFO  server.RaftServerConfigKeys (ConfUtils.java:logGet(44)) - raft.server.notification.no-leader.timeout = 300000ms (custom)
2020-07-20 08:35:33,864 [pool-775-thread-1] INFO  server.RaftServerConfigKeys (ConfUtils.java:logGet(44)) - raft.server.log.use.memory = false (default)
2020-07-20 08:35:33,865 [pool-775-thread-1] INFO  server.RaftServerConfigKeys (ConfUtils.java:logGet(44)) - raft.server.log.purge.gap = 1000000 (custom)
2020-07-20 08:35:33,865 [pool-775-thread-1] INFO  server.RaftServerConfigKeys (ConfUtils.java:logGet(44)) - raft.server.log.appender.buffer.byte-limit = 33554432 (custom)
2020-07-20 08:35:33,865 [pool-775-thread-1] INFO  server.RaftServerConfigKeys (ConfUtils.java:logGet(44)) - raft.server.log.segment.size.max = 1048576 (custom)
2020-07-20 08:35:33,865 [pool-775-thread-1] INFO  metrics.RatisMetrics (RatisMetrics.java:lambda$create$0(36)) - Creating Metrics Registry : ratis.log_worker.a427f57b-033e-4f4a-af2c-a26eb345c30a@group-810B540DED91
2020-07-20 08:35:33,865 [pool-775-thread-1] INFO  server.RaftServerConfigKeys (ConfUtils.java:logGet(44)) - raft.server.log.segment.cache.num.max = 2 (custom)
2020-07-20 08:35:33,865 [pool-775-thread-1] INFO  segmented.SegmentedRaftLogWorker (SegmentedRaftLogWorker.java:<init>(180)) - new a427f57b-033e-4f4a-af2c-a26eb345c30a@group-810B540DED91-SegmentedRaftLogWorker for RaftStorage:Storage Directory /github/workspace/mnt/ozone/hadoop-ozone/integration-test/target/test-dir/MiniOzoneClusterImpl-77fe6979-9426-4b74-982f-524262e25198/datanode-5/data/ratis/880b83f7-33db-4677-b2a6-810b540ded91
2020-07-20 08:35:33,866 [pool-775-thread-1] INFO  server.RaftServerConfigKeys (ConfUtils.java:logGet(44)) - raft.server.log.queue.byte-limit = 2147483647 (custom)
2020-07-20 08:35:33,866 [pool-775-thread-1] INFO  server.RaftServerConfigKeys (ConfUtils.java:logGet(44)) - raft.server.log.queue.element-limit = 1024 (custom)
2020-07-20 08:35:33,866 [pool-775-thread-1] INFO  server.RaftServerConfigKeys (ConfUtils.java:logGet(44)) - raft.server.log.segment.size.max = 1048576 (custom)
2020-07-20 08:35:33,866 [pool-775-thread-1] INFO  server.RaftServerConfigKeys (ConfUtils.java:logGet(44)) - raft.server.log.preallocated.size = 16384 (custom)
2020-07-20 08:35:33,866 [pool-775-thread-1] INFO  server.RaftServerConfigKeys (ConfUtils.java:logGet(44)) - raft.server.log.write.buffer.size = 1048576 (custom)
2020-07-20 08:35:33,866 [pool-775-thread-1] INFO  server.RaftServerConfigKeys (ConfUtils.java:logGet(44)) - raft.server.log.force.sync.num = 128 (default)
2020-07-20 08:35:33,866 [pool-775-thread-1] INFO  server.RaftServerConfigKeys (ConfUtils.java:logGet(44)) - raft.server.log.statemachine.data.sync = true (default)
2020-07-20 08:35:33,866 [pool-775-thread-1] INFO  server.RaftServerConfigKeys (ConfUtils.java:logGet(44)) - raft.server.log.statemachine.data.sync.timeout = 10s (default)
2020-07-20 08:35:33,866 [pool-775-thread-1] INFO  server.RaftServerConfigKeys (ConfUtils.java:logGet(44)) - raft.server.log.statemachine.data.sync.timeout.retry = -1 (default)
2020-07-20 08:35:33,869 [pool-775-thread-1] INFO  server.RaftServerConfigKeys (ConfUtils.java:logGet(44)) - raft.server.log.statemachine.data.caching.enabled = true (custom)
2020-07-20 08:35:33,869 [pool-775-thread-1] INFO  segmented.SegmentedRaftLogWorker (SegmentedRaftLogWorker.java:lambda$new$0(129)) - a427f57b-033e-4f4a-af2c-a26eb345c30a@group-810B540DED91-SegmentedRaftLogWorker: flushIndex: setUnconditionally 0 -> -1
2020-07-20 08:35:33,869 [pool-775-thread-1] INFO  segmented.SegmentedRaftLogWorker (SegmentedRaftLogWorker.java:lambda$new$0(129)) - a427f57b-033e-4f4a-af2c-a26eb345c30a@group-810B540DED91-SegmentedRaftLogWorker: safeCacheEvictIndex: setUnconditionally 0 -> -1
2020-07-20 08:35:33,870 [pool-775-thread-1] INFO  server.RaftServerConfigKeys (ConfUtils.java:logGet(44)) - raft.server.snapshot.auto.trigger.enabled = true (custom)
2020-07-20 08:35:33,870 [pool-775-thread-1] INFO  server.RaftServerConfigKeys (ConfUtils.java:logGet(44)) - raft.server.snapshot.auto.trigger.threshold = 10000 (custom)
2020-07-20 08:35:33,870 [pool-775-thread-1] INFO  server.RaftServerConfigKeys (ConfUtils.java:logGet(44)) - raft.server.snapshot.retention.file.num = 5 (custom)
2020-07-20 08:35:33,870 [pool-775-thread-1] INFO  server.RaftServerConfigKeys (ConfUtils.java:logGet(44)) - raft.server.log.purge.upto.snapshot.index = false (default)
2020-07-20 08:35:33,870 [pool-775-thread-1] INFO  server.RaftServerConfigKeys (ConfUtils.java:logGet(44)) - raft.server.retrycache.expirytime = 600000ms (custom)
2020-07-20 08:35:33,870 [pool-775-thread-1] INFO  metrics.RatisMetrics (RatisMetrics.java:lambda$create$0(36)) - Creating Metrics Registry : ratis.leader_election.a427f57b-033e-4f4a-af2c-a26eb345c30a@group-810B540DED91
2020-07-20 08:35:33,871 [pool-775-thread-1] INFO  metrics.RatisMetrics (RatisMetrics.java:lambda$create$0(36)) - Creating Metrics Registry : ratis.server.a427f57b-033e-4f4a-af2c-a26eb345c30a@group-810B540DED91
2020-07-20 08:35:33,873 [pool-775-thread-1] INFO  impl.RaftServerImpl (RaftServerImpl.java:start(186)) - a427f57b-033e-4f4a-af2c-a26eb345c30a@group-810B540DED91: start as a follower, conf=-1: [2385bf93-00fb-4b21-a15d-4691d542b867:172.17.0.2:36609, be0851b3-0322-40a6-8ce8-d00f153a9faf:172.17.0.2:36267, a427f57b-033e-4f4a-af2c-a26eb345c30a:172.17.0.2:39469], old=null
2020-07-20 08:35:33,873 [pool-775-thread-1] INFO  impl.RaftServerImpl (RaftServerImpl.java:setRole(175)) - a427f57b-033e-4f4a-af2c-a26eb345c30a@group-810B540DED91: changes role from      null to FOLLOWER at term 0 for startAsFollower
2020-07-20 08:35:33,873 [pool-775-thread-1] INFO  impl.RoleInfo (RoleInfo.java:updateAndGet(143)) - a427f57b-033e-4f4a-af2c-a26eb345c30a: start FollowerState
2020-07-20 08:35:33,876 [pool-775-thread-1] INFO  util.JmxRegister (JmxRegister.java:tryRegister(44)) - Successfully registered JMX Bean with object name Ratis:service=RaftServer,group=group-810B540DED91,id=a427f57b-033e-4f4a-af2c-a26eb345c30a
2020-07-20 08:35:33,876 [pool-775-thread-1] INFO  metrics.RatisMetrics (RatisMetrics.java:lambda$create$0(36)) - Creating Metrics Registry : ratis.state_machine.a427f57b-033e-4f4a-af2c-a26eb345c30a@group-810B540DED91
2020-07-20 08:35:33,889 [grpc-default-executor-1] INFO  impl.RaftServerProxy (RaftServerProxy.java:addNew(89)) - be0851b3-0322-40a6-8ce8-d00f153a9faf: addNew group-810B540DED91:[2385bf93-00fb-4b21-a15d-4691d542b867:172.17.0.2:36609, be0851b3-0322-40a6-8ce8-d00f153a9faf:172.17.0.2:36267, a427f57b-033e-4f4a-af2c-a26eb345c30a:172.17.0.2:39469] returns group-810B540DED91:java.util.concurrent.CompletableFuture@17dd73a9[Not completed]
2020-07-20 08:35:33,890 [pool-760-thread-1] INFO  impl.RaftServerImpl (RaftServerImpl.java:<init>(99)) - be0851b3-0322-40a6-8ce8-d00f153a9faf: new RaftServerImpl for group-810B540DED91:[2385bf93-00fb-4b21-a15d-4691d542b867:172.17.0.2:36609, be0851b3-0322-40a6-8ce8-d00f153a9faf:172.17.0.2:36267, a427f57b-033e-4f4a-af2c-a26eb345c30a:172.17.0.2:39469] with ContainerStateMachine:uninitialized
2020-07-20 08:35:33,890 [pool-760-thread-1] INFO  server.RaftServerConfigKeys (ConfUtils.java:logGet(44)) - raft.server.rpc.timeout.min = 5s (custom)
2020-07-20 08:35:33,890 [pool-760-thread-1] INFO  server.RaftServerConfigKeys (ConfUtils.java:logGet(44)) - raft.server.rpc.timeout.max = 5200ms (custom)
2020-07-20 08:35:33,890 [pool-760-thread-1] INFO  server.RaftServerConfigKeys (ConfUtils.java:logGet(44)) - raft.server.rpcslowness.timeout = 300000ms (custom)
2020-07-20 08:35:33,890 [pool-760-thread-1] INFO  server.RaftServerConfigKeys (ConfUtils.java:logGet(44)) - raft.server.sleep.deviation.threshold = 300 (default)
2020-07-20 08:35:33,890 [pool-760-thread-1] INFO  server.RaftServerConfigKeys (ConfUtils.java:logGet(44)) - raft.server.log.appender.install.snapshot.enabled = false (custom)
2020-07-20 08:35:33,890 [pool-760-thread-1] INFO  impl.RaftServerImpl (ServerState.java:<init>(103)) - be0851b3-0322-40a6-8ce8-d00f153a9faf@group-810B540DED91: ConfigurationManager, init=-1: [2385bf93-00fb-4b21-a15d-4691d542b867:172.17.0.2:36609, be0851b3-0322-40a6-8ce8-d00f153a9faf:172.17.0.2:36267, a427f57b-033e-4f4a-af2c-a26eb345c30a:172.17.0.2:39469], old=null, confs=<EMPTY_MAP>
2020-07-20 08:35:33,890 [pool-760-thread-1] INFO  server.RaftServerConfigKeys (ConfUtils.java:logGet(44)) - raft.server.storage.dir = [/github/workspace/mnt/ozone/hadoop-ozone/integration-test/target/test-dir/MiniOzoneClusterImpl-77fe6979-9426-4b74-982f-524262e25198/datanode-4/data/ratis] (custom)
2020-07-20 08:35:33,890 [pool-760-thread-1] INFO  server.RaftServerConfigKeys (ConfUtils.java:logGet(44)) - raft.server.log.corruption.policy = EXCEPTION (default)
2020-07-20 08:35:33,890 [pool-760-thread-1] INFO  storage.RaftStorageDirectory (RaftStorageDirectory.java:analyzeStorage(261)) - The storage directory /github/workspace/mnt/ozone/hadoop-ozone/integration-test/target/test-dir/MiniOzoneClusterImpl-77fe6979-9426-4b74-982f-524262e25198/datanode-4/data/ratis/880b83f7-33db-4677-b2a6-810b540ded91 does not exist. Creating ...
2020-07-20 08:35:33,896 [Command processor thread] INFO  impl.RaftServerProxy (RaftServerProxy.java:addNew(89)) - be0851b3-0322-40a6-8ce8-d00f153a9faf: addNew group-58530E919918:[be0851b3-0322-40a6-8ce8-d00f153a9faf:172.17.0.2:36267] returns group-58530E919918:java.util.concurrent.CompletableFuture@4cab3572[Not completed]
2020-07-20 08:35:33,897 [pool-760-thread-1] INFO  storage.RaftStorageDirectory (RaftStorageDirectory.java:tryLock(343)) - Lock on /github/workspace/mnt/ozone/hadoop-ozone/integration-test/target/test-dir/MiniOzoneClusterImpl-77fe6979-9426-4b74-982f-524262e25198/datanode-4/data/ratis/880b83f7-33db-4677-b2a6-810b540ded91/in_use.lock acquired by nodename 39787@795ad43b6c28
2020-07-20 08:35:33,899 [pool-760-thread-1] INFO  storage.RaftStorage (RaftStorage.java:format(84)) - Storage directory /github/workspace/mnt/ozone/hadoop-ozone/integration-test/target/test-dir/MiniOzoneClusterImpl-77fe6979-9426-4b74-982f-524262e25198/datanode-4/data/ratis/880b83f7-33db-4677-b2a6-810b540ded91 has been successfully formatted.
2020-07-20 08:35:33,899 [pool-760-thread-1] INFO  ratis.ContainerStateMachine (ContainerStateMachine.java:loadSnapshot(225)) - group-810B540DED91: The snapshot info is null. Setting the last applied indexto:(t:0, i:~)
2020-07-20 08:35:33,899 [pool-760-thread-1] INFO  server.RaftServerConfigKeys (ConfUtils.java:logGet(44)) - raft.server.notification.no-leader.timeout = 300000ms (custom)
2020-07-20 08:35:33,899 [pool-760-thread-1] INFO  server.RaftServerConfigKeys (ConfUtils.java:logGet(44)) - raft.server.log.use.memory = false (default)
2020-07-20 08:35:33,899 [pool-760-thread-1] INFO  server.RaftServerConfigKeys (ConfUtils.java:logGet(44)) - raft.server.log.purge.gap = 1000000 (custom)
2020-07-20 08:35:33,899 [pool-760-thread-1] INFO  server.RaftServerConfigKeys (ConfUtils.java:logGet(44)) - raft.server.log.appender.buffer.byte-limit = 33554432 (custom)
2020-07-20 08:35:33,899 [pool-760-thread-1] INFO  server.RaftServerConfigKeys (ConfUtils.java:logGet(44)) - raft.server.log.segment.size.max = 1048576 (custom)
2020-07-20 08:35:33,899 [pool-760-thread-1] INFO  metrics.RatisMetrics (RatisMetrics.java:lambda$create$0(36)) - Creating Metrics Registry : ratis.log_worker.be0851b3-0322-40a6-8ce8-d00f153a9faf@group-810B540DED91
2020-07-20 08:35:33,900 [pool-760-thread-1] INFO  server.RaftServerConfigKeys (ConfUtils.java:logGet(44)) - raft.server.log.segment.cache.num.max = 2 (custom)
2020-07-20 08:35:33,900 [EventQueue-PipelineReportForPipelineReportHandler] INFO  pipeline.PipelineStateManager (PipelineStateManager.java:openPipeline(131)) - Pipeline Pipeline[ Id: 8ee1dee4-40ce-41a1-8fc0-58530e919918, Nodes: be0851b3-0322-40a6-8ce8-d00f153a9faf{ip: 172.17.0.2, host: 795ad43b6c28, networkLocation: /default-rack, certSerialId: null}, Type:RATIS, Factor:ONE, State:ALLOCATED, leaderId:be0851b3-0322-40a6-8ce8-d00f153a9faf, CreationTimestamp2020-07-20T08:35:30.891Z] moved to OPEN state
2020-07-20 08:35:33,900 [pool-760-thread-1] INFO  segmented.SegmentedRaftLogWorker (SegmentedRaftLogWorker.java:<init>(180)) - new be0851b3-0322-40a6-8ce8-d00f153a9faf@group-810B540DED91-SegmentedRaftLogWorker for RaftStorage:Storage Directory /github/workspace/mnt/ozone/hadoop-ozone/integration-test/target/test-dir/MiniOzoneClusterImpl-77fe6979-9426-4b74-982f-524262e25198/datanode-4/data/ratis/880b83f7-33db-4677-b2a6-810b540ded91
2020-07-20 08:35:33,900 [EventQueue-OpenPipelineForOneReplicaPipelineSafeModeRule] INFO  safemode.SCMSafeModeManager (SCMSafeModeManager.java:validateSafeModeExitRules(214)) - AtleastOneDatanodeReportedRule rule is successfully validated
2020-07-20 08:35:33,900 [EventQueue-OpenPipelineForHealthyPipelineSafeModeRule] INFO  safemode.SCMSafeModeManager (HealthyPipelineSafeModeRule.java:process(129)) - SCM in safe mode. Healthy pipelines reported count is 0, required healthy pipeline reported count is 1
2020-07-20 08:35:33,900 [pool-760-thread-1] INFO  server.RaftServerConfigKeys (ConfUtils.java:logGet(44)) - raft.server.log.queue.byte-limit = 2147483647 (custom)
2020-07-20 08:35:33,900 [pool-760-thread-1] INFO  server.RaftServerConfigKeys (ConfUtils.java:logGet(44)) - raft.server.log.queue.element-limit = 1024 (custom)
2020-07-20 08:35:33,900 [pool-760-thread-1] INFO  server.RaftServerConfigKeys (ConfUtils.java:logGet(44)) - raft.server.log.segment.size.max = 1048576 (custom)
2020-07-20 08:35:33,900 [pool-760-thread-1] INFO  server.RaftServerConfigKeys (ConfUtils.java:logGet(44)) - raft.server.log.preallocated.size = 16384 (custom)
2020-07-20 08:35:33,900 [pool-760-thread-1] INFO  server.RaftServerConfigKeys (ConfUtils.java:logGet(44)) - raft.server.log.write.buffer.size = 1048576 (custom)
2020-07-20 08:35:33,901 [pool-760-thread-1] INFO  server.RaftServerConfigKeys (ConfUtils.java:logGet(44)) - raft.server.log.force.sync.num = 128 (default)
2020-07-20 08:35:33,901 [pool-760-thread-1] INFO  server.RaftServerConfigKeys (ConfUtils.java:logGet(44)) - raft.server.log.statemachine.data.sync = true (default)
2020-07-20 08:35:33,901 [pool-760-thread-1] INFO  server.RaftServerConfigKeys (ConfUtils.java:logGet(44)) - raft.server.log.statemachine.data.sync.timeout = 10s (default)
2020-07-20 08:35:33,901 [pool-760-thread-1] INFO  server.RaftServerConfigKeys (ConfUtils.java:logGet(44)) - raft.server.log.statemachine.data.sync.timeout.retry = -1 (default)
2020-07-20 08:35:33,904 [pool-760-thread-1] INFO  server.RaftServerConfigKeys (ConfUtils.java:logGet(44)) - raft.server.log.statemachine.data.caching.enabled = true (custom)
2020-07-20 08:35:33,904 [pool-760-thread-1] INFO  segmented.SegmentedRaftLogWorker (SegmentedRaftLogWorker.java:lambda$new$0(129)) - be0851b3-0322-40a6-8ce8-d00f153a9faf@group-810B540DED91-SegmentedRaftLogWorker: flushIndex: setUnconditionally 0 -> -1
2020-07-20 08:35:33,904 [pool-760-thread-1] INFO  segmented.SegmentedRaftLogWorker (SegmentedRaftLogWorker.java:lambda$new$0(129)) - be0851b3-0322-40a6-8ce8-d00f153a9faf@group-810B540DED91-SegmentedRaftLogWorker: safeCacheEvictIndex: setUnconditionally 0 -> -1
2020-07-20 08:35:33,904 [pool-760-thread-1] INFO  server.RaftServerConfigKeys (ConfUtils.java:logGet(44)) - raft.server.snapshot.auto.trigger.enabled = true (custom)
2020-07-20 08:35:33,904 [pool-760-thread-1] INFO  server.RaftServerConfigKeys (ConfUtils.java:logGet(44)) - raft.server.snapshot.auto.trigger.threshold = 10000 (custom)
2020-07-20 08:35:33,904 [pool-760-thread-1] INFO  server.RaftServerConfigKeys (ConfUtils.java:logGet(44)) - raft.server.snapshot.retention.file.num = 5 (custom)
2020-07-20 08:35:33,904 [pool-760-thread-1] INFO  server.RaftServerConfigKeys (ConfUtils.java:logGet(44)) - raft.server.log.purge.upto.snapshot.index = false (default)
2020-07-20 08:35:33,904 [pool-760-thread-1] INFO  server.RaftServerConfigKeys (ConfUtils.java:logGet(44)) - raft.server.retrycache.expirytime = 600000ms (custom)
2020-07-20 08:35:33,905 [pool-760-thread-1] INFO  metrics.RatisMetrics (RatisMetrics.java:lambda$create$0(36)) - Creating Metrics Registry : ratis.leader_election.be0851b3-0322-40a6-8ce8-d00f153a9faf@group-810B540DED91
2020-07-20 08:35:33,905 [pool-760-thread-1] INFO  metrics.RatisMetrics (RatisMetrics.java:lambda$create$0(36)) - Creating Metrics Registry : ratis.server.be0851b3-0322-40a6-8ce8-d00f153a9faf@group-810B540DED91
2020-07-20 08:35:33,907 [pool-760-thread-1] INFO  impl.RaftServerImpl (RaftServerImpl.java:<init>(99)) - be0851b3-0322-40a6-8ce8-d00f153a9faf: new RaftServerImpl for group-58530E919918:[be0851b3-0322-40a6-8ce8-d00f153a9faf:172.17.0.2:36267] with ContainerStateMachine:uninitialized
2020-07-20 08:35:33,907 [pool-760-thread-1] INFO  server.RaftServerConfigKeys (ConfUtils.java:logGet(44)) - raft.server.rpc.timeout.min = 5s (custom)
2020-07-20 08:35:33,908 [pool-760-thread-1] INFO  server.RaftServerConfigKeys (ConfUtils.java:logGet(44)) - raft.server.rpc.timeout.max = 5200ms (custom)
2020-07-20 08:35:33,908 [pool-760-thread-1] INFO  server.RaftServerConfigKeys (ConfUtils.java:logGet(44)) - raft.server.rpcslowness.timeout = 300000ms (custom)
2020-07-20 08:35:33,908 [pool-760-thread-1] INFO  server.RaftServerConfigKeys (ConfUtils.java:logGet(44)) - raft.server.sleep.deviation.threshold = 300 (default)
2020-07-20 08:35:33,908 [pool-760-thread-1] INFO  server.RaftServerConfigKeys (ConfUtils.java:logGet(44)) - raft.server.log.appender.install.snapshot.enabled = false (custom)
2020-07-20 08:35:33,908 [pool-760-thread-1] INFO  impl.RaftServerImpl (ServerState.java:<init>(103)) - be0851b3-0322-40a6-8ce8-d00f153a9faf@group-58530E919918: ConfigurationManager, init=-1: [be0851b3-0322-40a6-8ce8-d00f153a9faf:172.17.0.2:36267], old=null, confs=<EMPTY_MAP>
2020-07-20 08:35:33,908 [pool-760-thread-1] INFO  server.RaftServerConfigKeys (ConfUtils.java:logGet(44)) - raft.server.storage.dir = [/github/workspace/mnt/ozone/hadoop-ozone/integration-test/target/test-dir/MiniOzoneClusterImpl-77fe6979-9426-4b74-982f-524262e25198/datanode-4/data/ratis] (custom)
2020-07-20 08:35:33,908 [pool-760-thread-1] INFO  server.RaftServerConfigKeys (ConfUtils.java:logGet(44)) - raft.server.log.corruption.policy = EXCEPTION (default)
2020-07-20 08:35:33,908 [pool-760-thread-1] INFO  storage.RaftStorageDirectory (RaftStorageDirectory.java:analyzeStorage(261)) - The storage directory /github/workspace/mnt/ozone/hadoop-ozone/integration-test/target/test-dir/MiniOzoneClusterImpl-77fe6979-9426-4b74-982f-524262e25198/datanode-4/data/ratis/8ee1dee4-40ce-41a1-8fc0-58530e919918 does not exist. Creating ...
2020-07-20 08:35:33,909 [pool-760-thread-1] INFO  storage.RaftStorageDirectory (RaftStorageDirectory.java:tryLock(343)) - Lock on /github/workspace/mnt/ozone/hadoop-ozone/integration-test/target/test-dir/MiniOzoneClusterImpl-77fe6979-9426-4b74-982f-524262e25198/datanode-4/data/ratis/8ee1dee4-40ce-41a1-8fc0-58530e919918/in_use.lock acquired by nodename 39787@795ad43b6c28
2020-07-20 08:35:33,910 [pool-760-thread-1] INFO  storage.RaftStorage (RaftStorage.java:format(84)) - Storage directory /github/workspace/mnt/ozone/hadoop-ozone/integration-test/target/test-dir/MiniOzoneClusterImpl-77fe6979-9426-4b74-982f-524262e25198/datanode-4/data/ratis/8ee1dee4-40ce-41a1-8fc0-58530e919918 has been successfully formatted.
2020-07-20 08:35:33,910 [pool-760-thread-1] INFO  ratis.ContainerStateMachine (ContainerStateMachine.java:loadSnapshot(225)) - group-58530E919918: The snapshot info is null. Setting the last applied indexto:(t:0, i:~)
2020-07-20 08:35:33,910 [pool-760-thread-1] INFO  server.RaftServerConfigKeys (ConfUtils.java:logGet(44)) - raft.server.notification.no-leader.timeout = 300000ms (custom)
2020-07-20 08:35:33,910 [pool-760-thread-1] INFO  server.RaftServerConfigKeys (ConfUtils.java:logGet(44)) - raft.server.log.use.memory = false (default)
2020-07-20 08:35:33,910 [pool-760-thread-1] INFO  server.RaftServerConfigKeys (ConfUtils.java:logGet(44)) - raft.server.log.purge.gap = 1000000 (custom)
2020-07-20 08:35:33,910 [pool-760-thread-1] INFO  server.RaftServerConfigKeys (ConfUtils.java:logGet(44)) - raft.server.log.appender.buffer.byte-limit = 33554432 (custom)
2020-07-20 08:35:33,911 [pool-760-thread-1] INFO  server.RaftServerConfigKeys (ConfUtils.java:logGet(44)) - raft.server.log.segment.size.max = 1048576 (custom)
2020-07-20 08:35:33,911 [pool-760-thread-1] INFO  metrics.RatisMetrics (RatisMetrics.java:lambda$create$0(36)) - Creating Metrics Registry : ratis.log_worker.be0851b3-0322-40a6-8ce8-d00f153a9faf@group-58530E919918
2020-07-20 08:35:33,911 [pool-760-thread-1] INFO  server.RaftServerConfigKeys (ConfUtils.java:logGet(44)) - raft.server.log.segment.cache.num.max = 2 (custom)
2020-07-20 08:35:33,911 [pool-760-thread-1] INFO  segmented.SegmentedRaftLogWorker (SegmentedRaftLogWorker.java:<init>(180)) - new be0851b3-0322-40a6-8ce8-d00f153a9faf@group-58530E919918-SegmentedRaftLogWorker for RaftStorage:Storage Directory /github/workspace/mnt/ozone/hadoop-ozone/integration-test/target/test-dir/MiniOzoneClusterImpl-77fe6979-9426-4b74-982f-524262e25198/datanode-4/data/ratis/8ee1dee4-40ce-41a1-8fc0-58530e919918
2020-07-20 08:35:33,911 [pool-760-thread-1] INFO  server.RaftServerConfigKeys (ConfUtils.java:logGet(44)) - raft.server.log.queue.byte-limit = 2147483647 (custom)
2020-07-20 08:35:33,911 [pool-760-thread-1] INFO  server.RaftServerConfigKeys (ConfUtils.java:logGet(44)) - raft.server.log.queue.element-limit = 1024 (custom)
2020-07-20 08:35:33,911 [pool-760-thread-1] INFO  server.RaftServerConfigKeys (ConfUtils.java:logGet(44)) - raft.server.log.segment.size.max = 1048576 (custom)
2020-07-20 08:35:33,911 [pool-760-thread-1] INFO  server.RaftServerConfigKeys (ConfUtils.java:logGet(44)) - raft.server.log.preallocated.size = 16384 (custom)
2020-07-20 08:35:33,911 [pool-760-thread-1] INFO  server.RaftServerConfigKeys (ConfUtils.java:logGet(44)) - raft.server.log.write.buffer.size = 1048576 (custom)
2020-07-20 08:35:33,911 [pool-760-thread-1] INFO  server.RaftServerConfigKeys (ConfUtils.java:logGet(44)) - raft.server.log.force.sync.num = 128 (default)
2020-07-20 08:35:33,911 [pool-760-thread-1] INFO  server.RaftServerConfigKeys (ConfUtils.java:logGet(44)) - raft.server.log.statemachine.data.sync = true (default)
2020-07-20 08:35:33,911 [pool-760-thread-1] INFO  server.RaftServerConfigKeys (ConfUtils.java:logGet(44)) - raft.server.log.statemachine.data.sync.timeout = 10s (default)
2020-07-20 08:35:33,911 [pool-760-thread-1] INFO  server.RaftServerConfigKeys (ConfUtils.java:logGet(44)) - raft.server.log.statemachine.data.sync.timeout.retry = -1 (default)
2020-07-20 08:35:33,914 [pool-760-thread-1] INFO  server.RaftServerConfigKeys (ConfUtils.java:logGet(44)) - raft.server.log.statemachine.data.caching.enabled = true (custom)
2020-07-20 08:35:33,914 [pool-760-thread-1] INFO  segmented.SegmentedRaftLogWorker (SegmentedRaftLogWorker.java:lambda$new$0(129)) - be0851b3-0322-40a6-8ce8-d00f153a9faf@group-58530E919918-SegmentedRaftLogWorker: flushIndex: setUnconditionally 0 -> -1
2020-07-20 08:35:33,914 [pool-760-thread-1] INFO  segmented.SegmentedRaftLogWorker (SegmentedRaftLogWorker.java:lambda$new$0(129)) - be0851b3-0322-40a6-8ce8-d00f153a9faf@group-58530E919918-SegmentedRaftLogWorker: safeCacheEvictIndex: setUnconditionally 0 -> -1
2020-07-20 08:35:33,915 [pool-760-thread-1] INFO  server.RaftServerConfigKeys (ConfUtils.java:logGet(44)) - raft.server.snapshot.auto.trigger.enabled = true (custom)
2020-07-20 08:35:33,915 [pool-760-thread-1] INFO  server.RaftServerConfigKeys (ConfUtils.java:logGet(44)) - raft.server.snapshot.auto.trigger.threshold = 10000 (custom)
2020-07-20 08:35:33,915 [pool-760-thread-1] INFO  server.RaftServerConfigKeys (ConfUtils.java:logGet(44)) - raft.server.snapshot.retention.file.num = 5 (custom)
2020-07-20 08:35:33,915 [pool-760-thread-1] INFO  server.RaftServerConfigKeys (ConfUtils.java:logGet(44)) - raft.server.log.purge.upto.snapshot.index = false (default)
2020-07-20 08:35:33,915 [pool-760-thread-1] INFO  server.RaftServerConfigKeys (ConfUtils.java:logGet(44)) - raft.server.retrycache.expirytime = 600000ms (custom)
2020-07-20 08:35:33,915 [pool-760-thread-1] INFO  metrics.RatisMetrics (RatisMetrics.java:lambda$create$0(36)) - Creating Metrics Registry : ratis.leader_election.be0851b3-0322-40a6-8ce8-d00f153a9faf@group-58530E919918
2020-07-20 08:35:33,915 [pool-760-thread-1] INFO  metrics.RatisMetrics (RatisMetrics.java:lambda$create$0(36)) - Creating Metrics Registry : ratis.server.be0851b3-0322-40a6-8ce8-d00f153a9faf@group-58530E919918
2020-07-20 08:35:33,917 [pool-760-thread-1] INFO  impl.RaftServerImpl (RaftServerImpl.java:start(186)) - be0851b3-0322-40a6-8ce8-d00f153a9faf@group-810B540DED91: start as a follower, conf=-1: [2385bf93-00fb-4b21-a15d-4691d542b867:172.17.0.2:36609, be0851b3-0322-40a6-8ce8-d00f153a9faf:172.17.0.2:36267, a427f57b-033e-4f4a-af2c-a26eb345c30a:172.17.0.2:39469], old=null
2020-07-20 08:35:33,917 [pool-760-thread-1] INFO  impl.RaftServerImpl (RaftServerImpl.java:setRole(175)) - be0851b3-0322-40a6-8ce8-d00f153a9faf@group-810B540DED91: changes role from      null to FOLLOWER at term 0 for startAsFollower
2020-07-20 08:35:33,917 [pool-760-thread-1] INFO  impl.RoleInfo (RoleInfo.java:updateAndGet(143)) - be0851b3-0322-40a6-8ce8-d00f153a9faf: start FollowerState
2020-07-20 08:35:33,918 [pool-760-thread-1] INFO  util.JmxRegister (JmxRegister.java:tryRegister(44)) - Successfully registered JMX Bean with object name Ratis:service=RaftServer,group=group-810B540DED91,id=be0851b3-0322-40a6-8ce8-d00f153a9faf
2020-07-20 08:35:33,918 [pool-760-thread-1] INFO  metrics.RatisMetrics (RatisMetrics.java:lambda$create$0(36)) - Creating Metrics Registry : ratis.state_machine.be0851b3-0322-40a6-8ce8-d00f153a9faf@group-810B540DED91
2020-07-20 08:35:33,924 [pool-760-thread-1] INFO  impl.RaftServerImpl (RaftServerImpl.java:start(186)) - be0851b3-0322-40a6-8ce8-d00f153a9faf@group-58530E919918: start as a follower, conf=-1: [be0851b3-0322-40a6-8ce8-d00f153a9faf:172.17.0.2:36267], old=null
2020-07-20 08:35:33,924 [pool-760-thread-1] INFO  impl.RaftServerImpl (RaftServerImpl.java:setRole(175)) - be0851b3-0322-40a6-8ce8-d00f153a9faf@group-58530E919918: changes role from      null to FOLLOWER at term 0 for startAsFollower
2020-07-20 08:35:33,924 [pool-760-thread-1] INFO  impl.RoleInfo (RoleInfo.java:updateAndGet(143)) - be0851b3-0322-40a6-8ce8-d00f153a9faf: start FollowerState
2020-07-20 08:35:33,924 [pool-760-thread-1] INFO  util.JmxRegister (JmxRegister.java:tryRegister(44)) - Successfully registered JMX Bean with object name Ratis:service=RaftServer,group=group-58530E919918,id=be0851b3-0322-40a6-8ce8-d00f153a9faf
2020-07-20 08:35:33,925 [pool-760-thread-1] INFO  metrics.RatisMetrics (RatisMetrics.java:lambda$create$0(36)) - Creating Metrics Registry : ratis.state_machine.be0851b3-0322-40a6-8ce8-d00f153a9faf@group-58530E919918
2020-07-20 08:35:33,926 [Command processor thread] INFO  commandhandler.CreatePipelineCommandHandler (CreatePipelineCommandHandler.java:handle(109)) - Created Pipeline RATIS ONE #id: "8ee1dee4-40ce-41a1-8fc0-58530e919918"
uuid128 {
  mostSigBits: -8150988778642718303
  leastSigBits: -8088367817007458024
}
.
2020-07-20 08:35:33,926 [Command processor thread] INFO  commandhandler.CreatePipelineCommandHandler (CreatePipelineCommandHandler.java:handle(109)) - Created Pipeline RATIS THREE #id: "880b83f7-33db-4677-b2a6-810b540ded91"
uuid128 {
  mostSigBits: -8643669962057365897
  leastSigBits: -5573625603169587823
}
.
2020-07-20 08:35:34,029 [Command processor thread] INFO  impl.RaftServerProxy (RaftServerProxy.java:addNew(89)) - a427f57b-033e-4f4a-af2c-a26eb345c30a: addNew group-3DDC9B78938C:[a427f57b-033e-4f4a-af2c-a26eb345c30a:172.17.0.2:39469] returns group-3DDC9B78938C:java.util.concurrent.CompletableFuture@3b2588d1[Not completed]
2020-07-20 08:35:34,029 [pool-775-thread-1] INFO  impl.RaftServerImpl (RaftServerImpl.java:<init>(99)) - a427f57b-033e-4f4a-af2c-a26eb345c30a: new RaftServerImpl for group-3DDC9B78938C:[a427f57b-033e-4f4a-af2c-a26eb345c30a:172.17.0.2:39469] with ContainerStateMachine:uninitialized
2020-07-20 08:35:34,030 [pool-775-thread-1] INFO  server.RaftServerConfigKeys (ConfUtils.java:logGet(44)) - raft.server.rpc.timeout.min = 5s (custom)
2020-07-20 08:35:34,030 [pool-775-thread-1] INFO  server.RaftServerConfigKeys (ConfUtils.java:logGet(44)) - raft.server.rpc.timeout.max = 5200ms (custom)
2020-07-20 08:35:34,030 [pool-775-thread-1] INFO  server.RaftServerConfigKeys (ConfUtils.java:logGet(44)) - raft.server.rpcslowness.timeout = 300000ms (custom)
2020-07-20 08:35:34,030 [pool-775-thread-1] INFO  server.RaftServerConfigKeys (ConfUtils.java:logGet(44)) - raft.server.sleep.deviation.threshold = 300 (default)
2020-07-20 08:35:34,030 [pool-775-thread-1] INFO  server.RaftServerConfigKeys (ConfUtils.java:logGet(44)) - raft.server.log.appender.install.snapshot.enabled = false (custom)
2020-07-20 08:35:34,030 [pool-775-thread-1] INFO  impl.RaftServerImpl (ServerState.java:<init>(103)) - a427f57b-033e-4f4a-af2c-a26eb345c30a@group-3DDC9B78938C: ConfigurationManager, init=-1: [a427f57b-033e-4f4a-af2c-a26eb345c30a:172.17.0.2:39469], old=null, confs=<EMPTY_MAP>
2020-07-20 08:35:34,030 [pool-775-thread-1] INFO  server.RaftServerConfigKeys (ConfUtils.java:logGet(44)) - raft.server.storage.dir = [/github/workspace/mnt/ozone/hadoop-ozone/integration-test/target/test-dir/MiniOzoneClusterImpl-77fe6979-9426-4b74-982f-524262e25198/datanode-5/data/ratis] (custom)
2020-07-20 08:35:34,030 [pool-775-thread-1] INFO  server.RaftServerConfigKeys (ConfUtils.java:logGet(44)) - raft.server.log.corruption.policy = EXCEPTION (default)
2020-07-20 08:35:34,030 [pool-775-thread-1] INFO  storage.RaftStorageDirectory (RaftStorageDirectory.java:analyzeStorage(261)) - The storage directory /github/workspace/mnt/ozone/hadoop-ozone/integration-test/target/test-dir/MiniOzoneClusterImpl-77fe6979-9426-4b74-982f-524262e25198/datanode-5/data/ratis/1dc62b56-38db-4747-a590-3ddc9b78938c does not exist. Creating ...
2020-07-20 08:35:34,032 [pool-775-thread-1] INFO  storage.RaftStorageDirectory (RaftStorageDirectory.java:tryLock(343)) - Lock on /github/workspace/mnt/ozone/hadoop-ozone/integration-test/target/test-dir/MiniOzoneClusterImpl-77fe6979-9426-4b74-982f-524262e25198/datanode-5/data/ratis/1dc62b56-38db-4747-a590-3ddc9b78938c/in_use.lock acquired by nodename 39787@795ad43b6c28
2020-07-20 08:35:34,033 [pool-775-thread-1] INFO  storage.RaftStorage (RaftStorage.java:format(84)) - Storage directory /github/workspace/mnt/ozone/hadoop-ozone/integration-test/target/test-dir/MiniOzoneClusterImpl-77fe6979-9426-4b74-982f-524262e25198/datanode-5/data/ratis/1dc62b56-38db-4747-a590-3ddc9b78938c has been successfully formatted.
2020-07-20 08:35:34,033 [pool-775-thread-1] INFO  ratis.ContainerStateMachine (ContainerStateMachine.java:loadSnapshot(225)) - group-3DDC9B78938C: The snapshot info is null. Setting the last applied indexto:(t:0, i:~)
2020-07-20 08:35:34,033 [pool-775-thread-1] INFO  server.RaftServerConfigKeys (ConfUtils.java:logGet(44)) - raft.server.notification.no-leader.timeout = 300000ms (custom)
2020-07-20 08:35:34,033 [pool-775-thread-1] INFO  server.RaftServerConfigKeys (ConfUtils.java:logGet(44)) - raft.server.log.use.memory = false (default)
2020-07-20 08:35:34,034 [EventQueue-PipelineReportForPipelineReportHandler] INFO  pipeline.PipelineStateManager (PipelineStateManager.java:openPipeline(131)) - Pipeline Pipeline[ Id: 1dc62b56-38db-4747-a590-3ddc9b78938c, Nodes: a427f57b-033e-4f4a-af2c-a26eb345c30a{ip: 172.17.0.2, host: 795ad43b6c28, networkLocation: /default-rack, certSerialId: null}, Type:RATIS, Factor:ONE, State:ALLOCATED, leaderId:a427f57b-033e-4f4a-af2c-a26eb345c30a, CreationTimestamp2020-07-20T08:35:31.034Z] moved to OPEN state
2020-07-20 08:35:34,035 [pool-775-thread-1] INFO  server.RaftServerConfigKeys (ConfUtils.java:logGet(44)) - raft.server.log.purge.gap = 1000000 (custom)
2020-07-20 08:35:34,035 [pool-775-thread-1] INFO  server.RaftServerConfigKeys (ConfUtils.java:logGet(44)) - raft.server.log.appender.buffer.byte-limit = 33554432 (custom)
2020-07-20 08:35:34,036 [EventQueue-OpenPipelineForOneReplicaPipelineSafeModeRule] INFO  safemode.SCMSafeModeManager (SCMSafeModeManager.java:validateSafeModeExitRules(214)) - AtleastOneDatanodeReportedRule rule is successfully validated
2020-07-20 08:35:34,035 [EventQueue-OpenPipelineForHealthyPipelineSafeModeRule] INFO  safemode.SCMSafeModeManager (HealthyPipelineSafeModeRule.java:process(129)) - SCM in safe mode. Healthy pipelines reported count is 0, required healthy pipeline reported count is 1
2020-07-20 08:35:34,036 [pool-775-thread-1] INFO  server.RaftServerConfigKeys (ConfUtils.java:logGet(44)) - raft.server.log.segment.size.max = 1048576 (custom)
2020-07-20 08:35:34,036 [pool-775-thread-1] INFO  metrics.RatisMetrics (RatisMetrics.java:lambda$create$0(36)) - Creating Metrics Registry : ratis.log_worker.a427f57b-033e-4f4a-af2c-a26eb345c30a@group-3DDC9B78938C
2020-07-20 08:35:34,036 [pool-775-thread-1] INFO  server.RaftServerConfigKeys (ConfUtils.java:logGet(44)) - raft.server.log.segment.cache.num.max = 2 (custom)
2020-07-20 08:35:34,036 [pool-775-thread-1] INFO  segmented.SegmentedRaftLogWorker (SegmentedRaftLogWorker.java:<init>(180)) - new a427f57b-033e-4f4a-af2c-a26eb345c30a@group-3DDC9B78938C-SegmentedRaftLogWorker for RaftStorage:Storage Directory /github/workspace/mnt/ozone/hadoop-ozone/integration-test/target/test-dir/MiniOzoneClusterImpl-77fe6979-9426-4b74-982f-524262e25198/datanode-5/data/ratis/1dc62b56-38db-4747-a590-3ddc9b78938c
2020-07-20 08:35:34,036 [pool-775-thread-1] INFO  server.RaftServerConfigKeys (ConfUtils.java:logGet(44)) - raft.server.log.queue.byte-limit = 2147483647 (custom)
2020-07-20 08:35:34,036 [pool-775-thread-1] INFO  server.RaftServerConfigKeys (ConfUtils.java:logGet(44)) - raft.server.log.queue.element-limit = 1024 (custom)
2020-07-20 08:35:34,036 [pool-775-thread-1] INFO  server.RaftServerConfigKeys (ConfUtils.java:logGet(44)) - raft.server.log.segment.size.max = 1048576 (custom)
2020-07-20 08:35:34,036 [pool-775-thread-1] INFO  server.RaftServerConfigKeys (ConfUtils.java:logGet(44)) - raft.server.log.preallocated.size = 16384 (custom)
2020-07-20 08:35:34,036 [pool-775-thread-1] INFO  server.RaftServerConfigKeys (ConfUtils.java:logGet(44)) - raft.server.log.write.buffer.size = 1048576 (custom)
2020-07-20 08:35:34,036 [pool-775-thread-1] INFO  server.RaftServerConfigKeys (ConfUtils.java:logGet(44)) - raft.server.log.force.sync.num = 128 (default)
2020-07-20 08:35:34,036 [pool-775-thread-1] INFO  server.RaftServerConfigKeys (ConfUtils.java:logGet(44)) - raft.server.log.statemachine.data.sync = true (default)
2020-07-20 08:35:34,037 [pool-775-thread-1] INFO  server.RaftServerConfigKeys (ConfUtils.java:logGet(44)) - raft.server.log.statemachine.data.sync.timeout = 10s (default)
2020-07-20 08:35:34,037 [pool-775-thread-1] INFO  server.RaftServerConfigKeys (ConfUtils.java:logGet(44)) - raft.server.log.statemachine.data.sync.timeout.retry = -1 (default)
2020-07-20 08:35:34,039 [pool-775-thread-1] INFO  server.RaftServerConfigKeys (ConfUtils.java:logGet(44)) - raft.server.log.statemachine.data.caching.enabled = true (custom)
2020-07-20 08:35:34,039 [pool-775-thread-1] INFO  segmented.SegmentedRaftLogWorker (SegmentedRaftLogWorker.java:lambda$new$0(129)) - a427f57b-033e-4f4a-af2c-a26eb345c30a@group-3DDC9B78938C-SegmentedRaftLogWorker: flushIndex: setUnconditionally 0 -> -1
2020-07-20 08:35:34,039 [pool-775-thread-1] INFO  segmented.SegmentedRaftLogWorker (SegmentedRaftLogWorker.java:lambda$new$0(129)) - a427f57b-033e-4f4a-af2c-a26eb345c30a@group-3DDC9B78938C-SegmentedRaftLogWorker: safeCacheEvictIndex: setUnconditionally 0 -> -1
2020-07-20 08:35:34,039 [pool-775-thread-1] INFO  server.RaftServerConfigKeys (ConfUtils.java:logGet(44)) - raft.server.snapshot.auto.trigger.enabled = true (custom)
2020-07-20 08:35:34,040 [pool-775-thread-1] INFO  server.RaftServerConfigKeys (ConfUtils.java:logGet(44)) - raft.server.snapshot.auto.trigger.threshold = 10000 (custom)
2020-07-20 08:35:34,040 [pool-775-thread-1] INFO  server.RaftServerConfigKeys (ConfUtils.java:logGet(44)) - raft.server.snapshot.retention.file.num = 5 (custom)
2020-07-20 08:35:34,040 [pool-775-thread-1] INFO  server.RaftServerConfigKeys (ConfUtils.java:logGet(44)) - raft.server.log.purge.upto.snapshot.index = false (default)
2020-07-20 08:35:34,040 [pool-775-thread-1] INFO  server.RaftServerConfigKeys (ConfUtils.java:logGet(44)) - raft.server.retrycache.expirytime = 600000ms (custom)
2020-07-20 08:35:34,040 [pool-775-thread-1] INFO  metrics.RatisMetrics (RatisMetrics.java:lambda$create$0(36)) - Creating Metrics Registry : ratis.leader_election.a427f57b-033e-4f4a-af2c-a26eb345c30a@group-3DDC9B78938C
2020-07-20 08:35:34,040 [pool-775-thread-1] INFO  metrics.RatisMetrics (RatisMetrics.java:lambda$create$0(36)) - Creating Metrics Registry : ratis.server.a427f57b-033e-4f4a-af2c-a26eb345c30a@group-3DDC9B78938C
2020-07-20 08:35:34,042 [pool-775-thread-1] INFO  impl.RaftServerImpl (RaftServerImpl.java:start(186)) - a427f57b-033e-4f4a-af2c-a26eb345c30a@group-3DDC9B78938C: start as a follower, conf=-1: [a427f57b-033e-4f4a-af2c-a26eb345c30a:172.17.0.2:39469], old=null
2020-07-20 08:35:34,042 [pool-775-thread-1] INFO  impl.RaftServerImpl (RaftServerImpl.java:setRole(175)) - a427f57b-033e-4f4a-af2c-a26eb345c30a@group-3DDC9B78938C: changes role from      null to FOLLOWER at term 0 for startAsFollower
2020-07-20 08:35:34,042 [pool-775-thread-1] INFO  impl.RoleInfo (RoleInfo.java:updateAndGet(143)) - a427f57b-033e-4f4a-af2c-a26eb345c30a: start FollowerState
2020-07-20 08:35:34,043 [pool-775-thread-1] INFO  util.JmxRegister (JmxRegister.java:tryRegister(44)) - Successfully registered JMX Bean with object name Ratis:service=RaftServer,group=group-3DDC9B78938C,id=a427f57b-033e-4f4a-af2c-a26eb345c30a
2020-07-20 08:35:34,043 [pool-775-thread-1] INFO  metrics.RatisMetrics (RatisMetrics.java:lambda$create$0(36)) - Creating Metrics Registry : ratis.state_machine.a427f57b-033e-4f4a-af2c-a26eb345c30a@group-3DDC9B78938C
2020-07-20 08:35:34,044 [Command processor thread] INFO  commandhandler.CreatePipelineCommandHandler (CreatePipelineCommandHandler.java:handle(109)) - Created Pipeline RATIS ONE #id: "1dc62b56-38db-4747-a590-3ddc9b78938c"
uuid128 {
  mostSigBits: 2145449921809696583
  leastSigBits: -6516640643094637684
}
.
2020-07-20 08:35:34,124 [Listener at 127.0.0.1/33185] INFO  ozone.MiniOzoneClusterImpl (MiniOzoneClusterImpl.java:lambda$waitForClusterToBeReady$0(177)) - Nodes are ready. Got 7 of 7 DN Heartbeats.
2020-07-20 08:35:34,124 [Listener at 127.0.0.1/33185] INFO  ozone.MiniOzoneClusterImpl (MiniOzoneClusterImpl.java:lambda$waitForClusterToBeReady$0(180)) - Waiting for cluster to exit safe mode
2020-07-20 08:35:34,127 [Command processor thread] INFO  impl.RaftServerProxy (RaftServerProxy.java:addNew(89)) - 3919f044-c444-401f-b769-0fe77364d419: addNew group-8621978CD09E:[3919f044-c444-401f-b769-0fe77364d419:172.17.0.2:35003] returns group-8621978CD09E:java.util.concurrent.CompletableFuture@20edbddd[Not completed]
2020-07-20 08:35:34,128 [pool-790-thread-1] INFO  impl.RaftServerImpl (RaftServerImpl.java:<init>(99)) - 3919f044-c444-401f-b769-0fe77364d419: new RaftServerImpl for group-8621978CD09E:[3919f044-c444-401f-b769-0fe77364d419:172.17.0.2:35003] with ContainerStateMachine:uninitialized
2020-07-20 08:35:34,128 [pool-790-thread-1] INFO  server.RaftServerConfigKeys (ConfUtils.java:logGet(44)) - raft.server.rpc.timeout.min = 5s (custom)
2020-07-20 08:35:34,128 [pool-790-thread-1] INFO  server.RaftServerConfigKeys (ConfUtils.java:logGet(44)) - raft.server.rpc.timeout.max = 5200ms (custom)
2020-07-20 08:35:34,128 [pool-790-thread-1] INFO  server.RaftServerConfigKeys (ConfUtils.java:logGet(44)) - raft.server.rpcslowness.timeout = 300000ms (custom)
2020-07-20 08:35:34,128 [pool-790-thread-1] INFO  server.RaftServerConfigKeys (ConfUtils.java:logGet(44)) - raft.server.sleep.deviation.threshold = 300 (default)
2020-07-20 08:35:34,128 [pool-790-thread-1] INFO  server.RaftServerConfigKeys (ConfUtils.java:logGet(44)) - raft.server.log.appender.install.snapshot.enabled = false (custom)
2020-07-20 08:35:34,128 [pool-790-thread-1] INFO  impl.RaftServerImpl (ServerState.java:<init>(103)) - 3919f044-c444-401f-b769-0fe77364d419@group-8621978CD09E: ConfigurationManager, init=-1: [3919f044-c444-401f-b769-0fe77364d419:172.17.0.2:35003], old=null, confs=<EMPTY_MAP>
2020-07-20 08:35:34,129 [pool-790-thread-1] INFO  server.RaftServerConfigKeys (ConfUtils.java:logGet(44)) - raft.server.storage.dir = [/github/workspace/mnt/ozone/hadoop-ozone/integration-test/target/test-dir/MiniOzoneClusterImpl-77fe6979-9426-4b74-982f-524262e25198/datanode-6/data/ratis] (custom)
2020-07-20 08:35:34,129 [pool-790-thread-1] INFO  server.RaftServerConfigKeys (ConfUtils.java:logGet(44)) - raft.server.log.corruption.policy = EXCEPTION (default)
2020-07-20 08:35:34,129 [pool-790-thread-1] INFO  storage.RaftStorageDirectory (RaftStorageDirectory.java:analyzeStorage(261)) - The storage directory /github/workspace/mnt/ozone/hadoop-ozone/integration-test/target/test-dir/MiniOzoneClusterImpl-77fe6979-9426-4b74-982f-524262e25198/datanode-6/data/ratis/a926af43-8811-4f1b-b41f-8621978cd09e does not exist. Creating ...
2020-07-20 08:35:34,130 [pool-790-thread-1] INFO  storage.RaftStorageDirectory (RaftStorageDirectory.java:tryLock(343)) - Lock on /github/workspace/mnt/ozone/hadoop-ozone/integration-test/target/test-dir/MiniOzoneClusterImpl-77fe6979-9426-4b74-982f-524262e25198/datanode-6/data/ratis/a926af43-8811-4f1b-b41f-8621978cd09e/in_use.lock acquired by nodename 39787@795ad43b6c28
2020-07-20 08:35:34,131 [pool-790-thread-1] INFO  storage.RaftStorage (RaftStorage.java:format(84)) - Storage directory /github/workspace/mnt/ozone/hadoop-ozone/integration-test/target/test-dir/MiniOzoneClusterImpl-77fe6979-9426-4b74-982f-524262e25198/datanode-6/data/ratis/a926af43-8811-4f1b-b41f-8621978cd09e has been successfully formatted.
2020-07-20 08:35:34,133 [pool-790-thread-1] INFO  ratis.ContainerStateMachine (ContainerStateMachine.java:loadSnapshot(225)) - group-8621978CD09E: The snapshot info is null. Setting the last applied indexto:(t:0, i:~)
2020-07-20 08:35:34,133 [EventQueue-PipelineReportForPipelineReportHandler] INFO  pipeline.PipelineStateManager (PipelineStateManager.java:openPipeline(131)) - Pipeline Pipeline[ Id: a926af43-8811-4f1b-b41f-8621978cd09e, Nodes: 3919f044-c444-401f-b769-0fe77364d419{ip: 172.17.0.2, host: 795ad43b6c28, networkLocation: /default-rack, certSerialId: null}, Type:RATIS, Factor:ONE, State:ALLOCATED, leaderId:3919f044-c444-401f-b769-0fe77364d419, CreationTimestamp2020-07-20T08:35:31.131Z] moved to OPEN state
2020-07-20 08:35:34,134 [EventQueue-OpenPipelineForHealthyPipelineSafeModeRule] INFO  safemode.SCMSafeModeManager (HealthyPipelineSafeModeRule.java:process(129)) - SCM in safe mode. Healthy pipelines reported count is 0, required healthy pipeline reported count is 1
2020-07-20 08:35:34,134 [EventQueue-OpenPipelineForOneReplicaPipelineSafeModeRule] INFO  safemode.SCMSafeModeManager (SCMSafeModeManager.java:validateSafeModeExitRules(214)) - AtleastOneDatanodeReportedRule rule is successfully validated
2020-07-20 08:35:34,134 [pool-790-thread-1] INFO  server.RaftServerConfigKeys (ConfUtils.java:logGet(44)) - raft.server.notification.no-leader.timeout = 300000ms (custom)
2020-07-20 08:35:34,134 [pool-790-thread-1] INFO  server.RaftServerConfigKeys (ConfUtils.java:logGet(44)) - raft.server.log.use.memory = false (default)
2020-07-20 08:35:34,134 [pool-790-thread-1] INFO  server.RaftServerConfigKeys (ConfUtils.java:logGet(44)) - raft.server.log.purge.gap = 1000000 (custom)
2020-07-20 08:35:34,134 [pool-790-thread-1] INFO  server.RaftServerConfigKeys (ConfUtils.java:logGet(44)) - raft.server.log.appender.buffer.byte-limit = 33554432 (custom)
2020-07-20 08:35:34,134 [pool-790-thread-1] INFO  server.RaftServerConfigKeys (ConfUtils.java:logGet(44)) - raft.server.log.segment.size.max = 1048576 (custom)
2020-07-20 08:35:34,134 [pool-790-thread-1] INFO  metrics.RatisMetrics (RatisMetrics.java:lambda$create$0(36)) - Creating Metrics Registry : ratis.log_worker.3919f044-c444-401f-b769-0fe77364d419@group-8621978CD09E
2020-07-20 08:35:34,134 [pool-790-thread-1] INFO  server.RaftServerConfigKeys (ConfUtils.java:logGet(44)) - raft.server.log.segment.cache.num.max = 2 (custom)
2020-07-20 08:35:34,135 [pool-790-thread-1] INFO  segmented.SegmentedRaftLogWorker (SegmentedRaftLogWorker.java:<init>(180)) - new 3919f044-c444-401f-b769-0fe77364d419@group-8621978CD09E-SegmentedRaftLogWorker for RaftStorage:Storage Directory /github/workspace/mnt/ozone/hadoop-ozone/integration-test/target/test-dir/MiniOzoneClusterImpl-77fe6979-9426-4b74-982f-524262e25198/datanode-6/data/ratis/a926af43-8811-4f1b-b41f-8621978cd09e
2020-07-20 08:35:34,135 [pool-790-thread-1] INFO  server.RaftServerConfigKeys (ConfUtils.java:logGet(44)) - raft.server.log.queue.byte-limit = 2147483647 (custom)
2020-07-20 08:35:34,135 [pool-790-thread-1] INFO  server.RaftServerConfigKeys (ConfUtils.java:logGet(44)) - raft.server.log.queue.element-limit = 1024 (custom)
2020-07-20 08:35:34,135 [pool-790-thread-1] INFO  server.RaftServerConfigKeys (ConfUtils.java:logGet(44)) - raft.server.log.segment.size.max = 1048576 (custom)
2020-07-20 08:35:34,135 [pool-790-thread-1] INFO  server.RaftServerConfigKeys (ConfUtils.java:logGet(44)) - raft.server.log.preallocated.size = 16384 (custom)
2020-07-20 08:35:34,135 [pool-790-thread-1] INFO  server.RaftServerConfigKeys (ConfUtils.java:logGet(44)) - raft.server.log.write.buffer.size = 1048576 (custom)
2020-07-20 08:35:34,135 [pool-790-thread-1] INFO  server.RaftServerConfigKeys (ConfUtils.java:logGet(44)) - raft.server.log.force.sync.num = 128 (default)
2020-07-20 08:35:34,135 [pool-790-thread-1] INFO  server.RaftServerConfigKeys (ConfUtils.java:logGet(44)) - raft.server.log.statemachine.data.sync = true (default)
2020-07-20 08:35:34,135 [pool-790-thread-1] INFO  server.RaftServerConfigKeys (ConfUtils.java:logGet(44)) - raft.server.log.statemachine.data.sync.timeout = 10s (default)
2020-07-20 08:35:34,135 [pool-790-thread-1] INFO  server.RaftServerConfigKeys (ConfUtils.java:logGet(44)) - raft.server.log.statemachine.data.sync.timeout.retry = -1 (default)
2020-07-20 08:35:34,139 [pool-790-thread-1] INFO  server.RaftServerConfigKeys (ConfUtils.java:logGet(44)) - raft.server.log.statemachine.data.caching.enabled = true (custom)
2020-07-20 08:35:34,140 [pool-790-thread-1] INFO  segmented.SegmentedRaftLogWorker (SegmentedRaftLogWorker.java:lambda$new$0(129)) - 3919f044-c444-401f-b769-0fe77364d419@group-8621978CD09E-SegmentedRaftLogWorker: flushIndex: setUnconditionally 0 -> -1
2020-07-20 08:35:34,140 [pool-790-thread-1] INFO  segmented.SegmentedRaftLogWorker (SegmentedRaftLogWorker.java:lambda$new$0(129)) - 3919f044-c444-401f-b769-0fe77364d419@group-8621978CD09E-SegmentedRaftLogWorker: safeCacheEvictIndex: setUnconditionally 0 -> -1
2020-07-20 08:35:34,140 [pool-790-thread-1] INFO  server.RaftServerConfigKeys (ConfUtils.java:logGet(44)) - raft.server.snapshot.auto.trigger.enabled = true (custom)
2020-07-20 08:35:34,140 [pool-790-thread-1] INFO  server.RaftServerConfigKeys (ConfUtils.java:logGet(44)) - raft.server.snapshot.auto.trigger.threshold = 10000 (custom)
2020-07-20 08:35:34,140 [pool-790-thread-1] INFO  server.RaftServerConfigKeys (ConfUtils.java:logGet(44)) - raft.server.snapshot.retention.file.num = 5 (custom)
2020-07-20 08:35:34,140 [pool-790-thread-1] INFO  server.RaftServerConfigKeys (ConfUtils.java:logGet(44)) - raft.server.log.purge.upto.snapshot.index = false (default)
2020-07-20 08:35:34,140 [pool-790-thread-1] INFO  server.RaftServerConfigKeys (ConfUtils.java:logGet(44)) - raft.server.retrycache.expirytime = 600000ms (custom)
2020-07-20 08:35:34,140 [pool-790-thread-1] INFO  metrics.RatisMetrics (RatisMetrics.java:lambda$create$0(36)) - Creating Metrics Registry : ratis.leader_election.3919f044-c444-401f-b769-0fe77364d419@group-8621978CD09E
2020-07-20 08:35:34,141 [pool-790-thread-1] INFO  metrics.RatisMetrics (RatisMetrics.java:lambda$create$0(36)) - Creating Metrics Registry : ratis.server.3919f044-c444-401f-b769-0fe77364d419@group-8621978CD09E
2020-07-20 08:35:34,143 [pool-790-thread-1] INFO  impl.RaftServerImpl (RaftServerImpl.java:start(186)) - 3919f044-c444-401f-b769-0fe77364d419@group-8621978CD09E: start as a follower, conf=-1: [3919f044-c444-401f-b769-0fe77364d419:172.17.0.2:35003], old=null
2020-07-20 08:35:34,143 [pool-790-thread-1] INFO  impl.RaftServerImpl (RaftServerImpl.java:setRole(175)) - 3919f044-c444-401f-b769-0fe77364d419@group-8621978CD09E: changes role from      null to FOLLOWER at term 0 for startAsFollower
2020-07-20 08:35:34,143 [pool-790-thread-1] INFO  impl.RoleInfo (RoleInfo.java:updateAndGet(143)) - 3919f044-c444-401f-b769-0fe77364d419: start FollowerState
2020-07-20 08:35:34,144 [pool-790-thread-1] INFO  util.JmxRegister (JmxRegister.java:tryRegister(44)) - Successfully registered JMX Bean with object name Ratis:service=RaftServer,group=group-8621978CD09E,id=3919f044-c444-401f-b769-0fe77364d419
2020-07-20 08:35:34,144 [pool-790-thread-1] INFO  metrics.RatisMetrics (RatisMetrics.java:lambda$create$0(36)) - Creating Metrics Registry : ratis.state_machine.3919f044-c444-401f-b769-0fe77364d419@group-8621978CD09E
2020-07-20 08:35:34,145 [Command processor thread] INFO  commandhandler.CreatePipelineCommandHandler (CreatePipelineCommandHandler.java:handle(109)) - Created Pipeline RATIS ONE #id: "a926af43-8811-4f1b-b41f-8621978cd09e"
uuid128 {
  mostSigBits: -6258121927604220133
  leastSigBits: -5467503943769861986
}
.
2020-07-20 08:35:35,125 [Listener at 127.0.0.1/33185] INFO  ozone.MiniOzoneClusterImpl (MiniOzoneClusterImpl.java:lambda$waitForClusterToBeReady$0(177)) - Nodes are ready. Got 7 of 7 DN Heartbeats.
2020-07-20 08:35:35,125 [Listener at 127.0.0.1/33185] INFO  ozone.MiniOzoneClusterImpl (MiniOzoneClusterImpl.java:lambda$waitForClusterToBeReady$0(180)) - Waiting for cluster to exit safe mode
2020-07-20 08:35:36,125 [Listener at 127.0.0.1/33185] INFO  ozone.MiniOzoneClusterImpl (MiniOzoneClusterImpl.java:lambda$waitForClusterToBeReady$0(177)) - Nodes are ready. Got 7 of 7 DN Heartbeats.
2020-07-20 08:35:36,125 [Listener at 127.0.0.1/33185] INFO  ozone.MiniOzoneClusterImpl (MiniOzoneClusterImpl.java:lambda$waitForClusterToBeReady$0(180)) - Waiting for cluster to exit safe mode
2020-07-20 08:35:37,125 [Listener at 127.0.0.1/33185] INFO  ozone.MiniOzoneClusterImpl (MiniOzoneClusterImpl.java:lambda$waitForClusterToBeReady$0(177)) - Nodes are ready. Got 7 of 7 DN Heartbeats.
2020-07-20 08:35:37,126 [Listener at 127.0.0.1/33185] INFO  ozone.MiniOzoneClusterImpl (MiniOzoneClusterImpl.java:lambda$waitForClusterToBeReady$0(180)) - Waiting for cluster to exit safe mode
2020-07-20 08:35:38,126 [Listener at 127.0.0.1/33185] INFO  ozone.MiniOzoneClusterImpl (MiniOzoneClusterImpl.java:lambda$waitForClusterToBeReady$0(177)) - Nodes are ready. Got 7 of 7 DN Heartbeats.
2020-07-20 08:35:38,126 [Listener at 127.0.0.1/33185] INFO  ozone.MiniOzoneClusterImpl (MiniOzoneClusterImpl.java:lambda$waitForClusterToBeReady$0(180)) - Waiting for cluster to exit safe mode
2020-07-20 08:35:38,422 [Thread-3041] INFO  impl.FollowerState (FollowerState.java:run(108)) - 8aff4af6-6cc7-479f-9fca-879319b0e7e4@group-B98AA3197BE4-FollowerState: change to CANDIDATE, lastRpcTime:5044ms, electionTimeout:5043ms
2020-07-20 08:35:38,422 [Thread-3041] INFO  impl.RoleInfo (RoleInfo.java:shutdownFollowerState(121)) - 8aff4af6-6cc7-479f-9fca-879319b0e7e4: shutdown FollowerState
2020-07-20 08:35:38,422 [Thread-3041] INFO  impl.RaftServerImpl (RaftServerImpl.java:setRole(175)) - 8aff4af6-6cc7-479f-9fca-879319b0e7e4@group-B98AA3197BE4: changes role from  FOLLOWER to CANDIDATE at term 0 for changeToCandidate
2020-07-20 08:35:38,422 [Thread-3041] INFO  impl.RoleInfo (RoleInfo.java:updateAndGet(143)) - 8aff4af6-6cc7-479f-9fca-879319b0e7e4: start LeaderElection
2020-07-20 08:35:38,425 [8aff4af6-6cc7-479f-9fca-879319b0e7e4@group-B98AA3197BE4-LeaderElection90] INFO  impl.LeaderElection (LeaderElection.java:askForVotes(206)) - 8aff4af6-6cc7-479f-9fca-879319b0e7e4@group-B98AA3197BE4-LeaderElection90: begin an election at term 1 for -1: [d7c912f8-2b11-470a-8112-2e2f3de1c844:172.17.0.2:43855, 8aff4af6-6cc7-479f-9fca-879319b0e7e4:172.17.0.2:44873, 7cb3e755-c8bb-4f00-be15-bc5c4dd112b5:172.17.0.2:45527], old=null
2020-07-20 08:35:38,440 [grpc-default-executor-1] INFO  impl.RaftServerImpl (RaftServerImpl.java:setRole(175)) - d7c912f8-2b11-470a-8112-2e2f3de1c844@group-B98AA3197BE4: changes role from  FOLLOWER to FOLLOWER at term 1 for recognizeCandidate:8aff4af6-6cc7-479f-9fca-879319b0e7e4
2020-07-20 08:35:38,440 [grpc-default-executor-1] INFO  impl.RoleInfo (RoleInfo.java:shutdownFollowerState(121)) - d7c912f8-2b11-470a-8112-2e2f3de1c844: shutdown FollowerState
2020-07-20 08:35:38,440 [grpc-default-executor-1] INFO  impl.RoleInfo (RoleInfo.java:updateAndGet(143)) - d7c912f8-2b11-470a-8112-2e2f3de1c844: start FollowerState
2020-07-20 08:35:38,440 [Thread-3046] INFO  impl.FollowerState (FollowerState.java:run(117)) - d7c912f8-2b11-470a-8112-2e2f3de1c844@group-B98AA3197BE4-FollowerState was interrupted: java.lang.InterruptedException: sleep interrupted
2020-07-20 08:35:38,448 [grpc-default-executor-6] INFO  impl.RaftServerImpl (RaftServerImpl.java:setRole(175)) - 7cb3e755-c8bb-4f00-be15-bc5c4dd112b5@group-B98AA3197BE4: changes role from  FOLLOWER to FOLLOWER at term 1 for recognizeCandidate:8aff4af6-6cc7-479f-9fca-879319b0e7e4
2020-07-20 08:35:38,448 [grpc-default-executor-6] INFO  impl.RoleInfo (RoleInfo.java:shutdownFollowerState(121)) - 7cb3e755-c8bb-4f00-be15-bc5c4dd112b5: shutdown FollowerState
2020-07-20 08:35:38,448 [grpc-default-executor-6] INFO  impl.RoleInfo (RoleInfo.java:updateAndGet(143)) - 7cb3e755-c8bb-4f00-be15-bc5c4dd112b5: start FollowerState
2020-07-20 08:35:38,448 [Thread-3043] INFO  impl.FollowerState (FollowerState.java:run(117)) - 7cb3e755-c8bb-4f00-be15-bc5c4dd112b5@group-B98AA3197BE4-FollowerState was interrupted: java.lang.InterruptedException: sleep interrupted
2020-07-20 08:35:38,452 [8aff4af6-6cc7-479f-9fca-879319b0e7e4@group-B98AA3197BE4-LeaderElection90] INFO  impl.LeaderElection (LeaderElection.java:logAndReturn(61)) - 8aff4af6-6cc7-479f-9fca-879319b0e7e4@group-B98AA3197BE4-LeaderElection90: Election PASSED; received 1 response(s) [8aff4af6-6cc7-479f-9fca-879319b0e7e4<-d7c912f8-2b11-470a-8112-2e2f3de1c844#0:OK-t1] and 0 exception(s); 8aff4af6-6cc7-479f-9fca-879319b0e7e4@group-B98AA3197BE4:t1, leader=null, voted=8aff4af6-6cc7-479f-9fca-879319b0e7e4, raftlog=8aff4af6-6cc7-479f-9fca-879319b0e7e4@group-B98AA3197BE4-SegmentedRaftLog:OPENED:c-1,f-1,i0, conf=-1: [d7c912f8-2b11-470a-8112-2e2f3de1c844:172.17.0.2:43855, 8aff4af6-6cc7-479f-9fca-879319b0e7e4:172.17.0.2:44873, 7cb3e755-c8bb-4f00-be15-bc5c4dd112b5:172.17.0.2:45527], old=null
2020-07-20 08:35:38,452 [8aff4af6-6cc7-479f-9fca-879319b0e7e4@group-B98AA3197BE4-LeaderElection90] INFO  impl.RoleInfo (RoleInfo.java:shutdownLeaderElection(134)) - 8aff4af6-6cc7-479f-9fca-879319b0e7e4: shutdown LeaderElection
2020-07-20 08:35:38,453 [8aff4af6-6cc7-479f-9fca-879319b0e7e4@group-B98AA3197BE4-LeaderElection90] INFO  impl.RaftServerImpl (RaftServerImpl.java:setRole(175)) - 8aff4af6-6cc7-479f-9fca-879319b0e7e4@group-B98AA3197BE4: changes role from CANDIDATE to LEADER at term 1 for changeToLeader
2020-07-20 08:35:38,453 [8aff4af6-6cc7-479f-9fca-879319b0e7e4@group-B98AA3197BE4-LeaderElection90] INFO  ratis.XceiverServerRatis (XceiverServerRatis.java:handleLeaderChangedNotification(820)) - Leader change notification received for group: group-B98AA3197BE4 with new leaderId: 8aff4af6-6cc7-479f-9fca-879319b0e7e4
2020-07-20 08:35:38,453 [8aff4af6-6cc7-479f-9fca-879319b0e7e4@group-B98AA3197BE4-LeaderElection90] INFO  impl.RaftServerImpl (ServerState.java:setLeader(255)) - 8aff4af6-6cc7-479f-9fca-879319b0e7e4@group-B98AA3197BE4: change Leader from null to 8aff4af6-6cc7-479f-9fca-879319b0e7e4 at term 1 for becomeLeader, leader elected after 5082ms
2020-07-20 08:35:38,453 [8aff4af6-6cc7-479f-9fca-879319b0e7e4@group-B98AA3197BE4-LeaderElection90] INFO  server.RaftServerConfigKeys (ConfUtils.java:logGet(44)) - raft.server.staging.catchup.gap = 1000 (default)
2020-07-20 08:35:38,453 [8aff4af6-6cc7-479f-9fca-879319b0e7e4@group-B98AA3197BE4-LeaderElection90] INFO  server.RaftServerConfigKeys (ConfUtils.java:logGet(44)) - raft.server.rpc.sleep.time = 25ms (default)
2020-07-20 08:35:38,453 [8aff4af6-6cc7-479f-9fca-879319b0e7e4@group-B98AA3197BE4-LeaderElection90] INFO  metrics.RatisMetrics (RatisMetrics.java:lambda$create$0(36)) - Creating Metrics Registry : ratis.log_appender.8aff4af6-6cc7-479f-9fca-879319b0e7e4@group-B98AA3197BE4
2020-07-20 08:35:38,453 [8aff4af6-6cc7-479f-9fca-879319b0e7e4@group-B98AA3197BE4-LeaderElection90] INFO  server.RaftServerConfigKeys (ConfUtils.java:logGet(44)) - raft.server.write.element-limit = 1024 (custom)
2020-07-20 08:35:38,453 [8aff4af6-6cc7-479f-9fca-879319b0e7e4@group-B98AA3197BE4-LeaderElection90] INFO  server.RaftServerConfigKeys (ConfUtils.java:logGet(44)) - raft.server.write.byte-limit = 1073741824 (custom)
2020-07-20 08:35:38,454 [8aff4af6-6cc7-479f-9fca-879319b0e7e4@group-B98AA3197BE4-LeaderElection90] INFO  server.RaftServerConfigKeys (ConfUtils.java:logGet(44)) - raft.server.watch.timeout = 3000ms (custom)
2020-07-20 08:35:38,454 [8aff4af6-6cc7-479f-9fca-879319b0e7e4@group-B98AA3197BE4-LeaderElection90] INFO  server.RaftServerConfigKeys (ConfUtils.java:logGet(44)) - raft.server.watch.timeout.denomination = 1s (default)
2020-07-20 08:35:38,454 [8aff4af6-6cc7-479f-9fca-879319b0e7e4@group-B98AA3197BE4-LeaderElection90] INFO  server.RaftServerConfigKeys (ConfUtils.java:logGet(44)) - raft.server.watch.element-limit = 65536 (default)
2020-07-20 08:35:38,454 [8aff4af6-6cc7-479f-9fca-879319b0e7e4@group-B98AA3197BE4-LeaderElection90] INFO  server.RaftServerConfigKeys (ConfUtils.java:logGet(44)) - raft.server.log.appender.snapshot.chunk.size.max = 16MB (=16777216) (default)
2020-07-20 08:35:38,454 [8aff4af6-6cc7-479f-9fca-879319b0e7e4@group-B98AA3197BE4-LeaderElection90] INFO  server.RaftServerConfigKeys (ConfUtils.java:logGet(44)) - raft.server.log.appender.buffer.byte-limit = 33554432 (custom)
2020-07-20 08:35:38,454 [8aff4af6-6cc7-479f-9fca-879319b0e7e4@group-B98AA3197BE4-LeaderElection90] INFO  server.RaftServerConfigKeys (ConfUtils.java:logGet(44)) - raft.server.log.appender.buffer.element-limit = 1 (custom)
2020-07-20 08:35:38,454 [8aff4af6-6cc7-479f-9fca-879319b0e7e4@group-B98AA3197BE4-LeaderElection90] INFO  grpc.GrpcConfigKeys (ConfUtils.java:logGet(44)) - raft.grpc.server.leader.outstanding.appends.max = 128 (default)
2020-07-20 08:35:38,454 [8aff4af6-6cc7-479f-9fca-879319b0e7e4@group-B98AA3197BE4-LeaderElection90] INFO  server.RaftServerConfigKeys (ConfUtils.java:logGet(44)) - raft.server.rpc.request.timeout = 3000ms (default)
2020-07-20 08:35:38,454 [8aff4af6-6cc7-479f-9fca-879319b0e7e4@group-B98AA3197BE4-LeaderElection90] INFO  server.RaftServerConfigKeys (ConfUtils.java:logGet(44)) - raft.server.log.appender.install.snapshot.enabled = false (custom)
2020-07-20 08:35:38,454 [8aff4af6-6cc7-479f-9fca-879319b0e7e4@group-B98AA3197BE4-LeaderElection90] INFO  metrics.RatisMetrics (RatisMetrics.java:lambda$create$0(36)) - Creating Metrics Registry : ratis_grpc.log_appender.8aff4af6-6cc7-479f-9fca-879319b0e7e4@group-B98AA3197BE4
2020-07-20 08:35:38,457 [Thread-3049] INFO  impl.FollowerState (FollowerState.java:run(108)) - 8aff4af6-6cc7-479f-9fca-879319b0e7e4@group-75B56BA316C6-FollowerState: change to CANDIDATE, lastRpcTime:5012ms, electionTimeout:5012ms
2020-07-20 08:35:38,457 [EventQueue-PipelineReportForPipelineReportHandler] INFO  pipeline.PipelineStateManager (PipelineStateManager.java:openPipeline(131)) - Pipeline Pipeline[ Id: f7c62648-2a61-4adf-bbe9-b98aa3197be4, Nodes: 7cb3e755-c8bb-4f00-be15-bc5c4dd112b5{ip: 172.17.0.2, host: 795ad43b6c28, networkLocation: /default-rack, certSerialId: null}d7c912f8-2b11-470a-8112-2e2f3de1c844{ip: 172.17.0.2, host: 795ad43b6c28, networkLocation: /default-rack, certSerialId: null}8aff4af6-6cc7-479f-9fca-879319b0e7e4{ip: 172.17.0.2, host: 795ad43b6c28, networkLocation: /default-rack, certSerialId: null}, Type:RATIS, Factor:THREE, State:ALLOCATED, leaderId:8aff4af6-6cc7-479f-9fca-879319b0e7e4, CreationTimestamp2020-07-20T08:35:30.598Z] moved to OPEN state
2020-07-20 08:35:38,457 [EventQueue-OpenPipelineForHealthyPipelineSafeModeRule] INFO  safemode.SCMSafeModeManager (HealthyPipelineSafeModeRule.java:process(129)) - SCM in safe mode. Healthy pipelines reported count is 1, required healthy pipeline reported count is 1
2020-07-20 08:35:38,457 [EventQueue-OpenPipelineForHealthyPipelineSafeModeRule] INFO  safemode.SCMSafeModeManager (SCMSafeModeManager.java:validateSafeModeExitRules(214)) - HealthyPipelineSafeModeRule rule is successfully validated
2020-07-20 08:35:38,457 [EventQueue-OpenPipelineForHealthyPipelineSafeModeRule] INFO  safemode.SCMSafeModeManager (SCMSafeModeManager.java:validateSafeModeExitRules(228)) - ScmSafeModeManager, all rules are successfully validated
2020-07-20 08:35:38,457 [EventQueue-OpenPipelineForHealthyPipelineSafeModeRule] INFO  safemode.SCMSafeModeManager (SCMSafeModeManager.java:exitSafeMode(257)) - SCM exiting safe mode.
2020-07-20 08:35:38,458 [Thread-3049] INFO  impl.RoleInfo (RoleInfo.java:shutdownFollowerState(121)) - 8aff4af6-6cc7-479f-9fca-879319b0e7e4: shutdown FollowerState
2020-07-20 08:35:38,458 [Thread-3049] INFO  impl.RaftServerImpl (RaftServerImpl.java:setRole(175)) - 8aff4af6-6cc7-479f-9fca-879319b0e7e4@group-75B56BA316C6: changes role from  FOLLOWER to CANDIDATE at term 0 for changeToCandidate
2020-07-20 08:35:38,459 [8aff4af6-6cc7-479f-9fca-879319b0e7e4@group-B98AA3197BE4-LeaderElection90] INFO  server.RaftServerConfigKeys (ConfUtils.java:logGet(44)) - raft.server.log.appender.snapshot.chunk.size.max = 16MB (=16777216) (default)
2020-07-20 08:35:38,459 [8aff4af6-6cc7-479f-9fca-879319b0e7e4@group-B98AA3197BE4-LeaderElection90] INFO  server.RaftServerConfigKeys (ConfUtils.java:logGet(44)) - raft.server.log.appender.buffer.byte-limit = 33554432 (custom)
2020-07-20 08:35:38,459 [8aff4af6-6cc7-479f-9fca-879319b0e7e4@group-B98AA3197BE4-LeaderElection90] INFO  server.RaftServerConfigKeys (ConfUtils.java:logGet(44)) - raft.server.log.appender.buffer.element-limit = 1 (custom)
2020-07-20 08:35:38,460 [8aff4af6-6cc7-479f-9fca-879319b0e7e4@group-B98AA3197BE4-LeaderElection90] INFO  grpc.GrpcConfigKeys (ConfUtils.java:logGet(44)) - raft.grpc.server.leader.outstanding.appends.max = 128 (default)
2020-07-20 08:35:38,460 [8aff4af6-6cc7-479f-9fca-879319b0e7e4@group-B98AA3197BE4-LeaderElection90] INFO  server.RaftServerConfigKeys (ConfUtils.java:logGet(44)) - raft.server.rpc.request.timeout = 3000ms (default)
2020-07-20 08:35:38,460 [8aff4af6-6cc7-479f-9fca-879319b0e7e4@group-B98AA3197BE4-LeaderElection90] INFO  server.RaftServerConfigKeys (ConfUtils.java:logGet(44)) - raft.server.log.appender.install.snapshot.enabled = false (custom)
2020-07-20 08:35:38,461 [Thread-3049] INFO  impl.RoleInfo (RoleInfo.java:updateAndGet(143)) - 8aff4af6-6cc7-479f-9fca-879319b0e7e4: start LeaderElection
2020-07-20 08:35:38,462 [8aff4af6-6cc7-479f-9fca-879319b0e7e4@group-B98AA3197BE4-LeaderElection90] INFO  impl.RoleInfo (RoleInfo.java:updateAndGet(143)) - 8aff4af6-6cc7-479f-9fca-879319b0e7e4: start LeaderState
2020-07-20 08:35:38,463 [8aff4af6-6cc7-479f-9fca-879319b0e7e4@group-B98AA3197BE4-LeaderElection90] INFO  segmented.SegmentedRaftLogWorker (SegmentedRaftLogWorker.java:startLogSegment(397)) - 8aff4af6-6cc7-479f-9fca-879319b0e7e4@group-B98AA3197BE4-SegmentedRaftLogWorker: Starting segment from index:0
2020-07-20 08:35:38,465 [8aff4af6-6cc7-479f-9fca-879319b0e7e4@group-B98AA3197BE4-SegmentedRaftLogWorker] INFO  segmented.SegmentedRaftLogWorker (SegmentedRaftLogWorker.java:execute(596)) - 8aff4af6-6cc7-479f-9fca-879319b0e7e4@group-B98AA3197BE4-SegmentedRaftLogWorker: created new log segment /github/workspace/mnt/ozone/hadoop-ozone/integration-test/target/test-dir/MiniOzoneClusterImpl-77fe6979-9426-4b74-982f-524262e25198/datanode-0/data/ratis/f7c62648-2a61-4adf-bbe9-b98aa3197be4/current/log_inprogress_0
2020-07-20 08:35:38,472 [8aff4af6-6cc7-479f-9fca-879319b0e7e4@group-B98AA3197BE4-LeaderElection90] INFO  impl.RaftServerImpl (ServerState.java:setRaftConf(356)) - 8aff4af6-6cc7-479f-9fca-879319b0e7e4@group-B98AA3197BE4: set configuration 0: [d7c912f8-2b11-470a-8112-2e2f3de1c844:172.17.0.2:43855, 8aff4af6-6cc7-479f-9fca-879319b0e7e4:172.17.0.2:44873, 7cb3e755-c8bb-4f00-be15-bc5c4dd112b5:172.17.0.2:45527], old=null at 0
2020-07-20 08:35:38,473 [8aff4af6-6cc7-479f-9fca-879319b0e7e4@group-75B56BA316C6-LeaderElection91] INFO  impl.LeaderElection (LeaderElection.java:askForVotes(206)) - 8aff4af6-6cc7-479f-9fca-879319b0e7e4@group-75B56BA316C6-LeaderElection91: begin an election at term 1 for -1: [d7c912f8-2b11-470a-8112-2e2f3de1c844:172.17.0.2:43855, 8aff4af6-6cc7-479f-9fca-879319b0e7e4:172.17.0.2:44873, 7cb3e755-c8bb-4f00-be15-bc5c4dd112b5:172.17.0.2:45527], old=null
2020-07-20 08:35:38,480 [grpc-default-executor-6] INFO  impl.RaftServerImpl (RaftServerImpl.java:setRole(175)) - d7c912f8-2b11-470a-8112-2e2f3de1c844@group-75B56BA316C6: changes role from  FOLLOWER to FOLLOWER at term 1 for recognizeCandidate:8aff4af6-6cc7-479f-9fca-879319b0e7e4
2020-07-20 08:35:38,480 [grpc-default-executor-6] INFO  impl.RoleInfo (RoleInfo.java:shutdownFollowerState(121)) - d7c912f8-2b11-470a-8112-2e2f3de1c844: shutdown FollowerState
2020-07-20 08:35:38,480 [grpc-default-executor-6] INFO  impl.RoleInfo (RoleInfo.java:updateAndGet(143)) - d7c912f8-2b11-470a-8112-2e2f3de1c844: start FollowerState
2020-07-20 08:35:38,480 [Thread-3056] INFO  impl.FollowerState (FollowerState.java:run(117)) - d7c912f8-2b11-470a-8112-2e2f3de1c844@group-75B56BA316C6-FollowerState was interrupted: java.lang.InterruptedException: sleep interrupted
2020-07-20 08:35:38,482 [grpc-default-executor-1] INFO  impl.RaftServerImpl (RaftServerImpl.java:setRole(175)) - 7cb3e755-c8bb-4f00-be15-bc5c4dd112b5@group-75B56BA316C6: changes role from  FOLLOWER to FOLLOWER at term 1 for recognizeCandidate:8aff4af6-6cc7-479f-9fca-879319b0e7e4
2020-07-20 08:35:38,482 [grpc-default-executor-1] INFO  impl.RoleInfo (RoleInfo.java:shutdownFollowerState(121)) - 7cb3e755-c8bb-4f00-be15-bc5c4dd112b5: shutdown FollowerState
2020-07-20 08:35:38,482 [grpc-default-executor-1] INFO  impl.RoleInfo (RoleInfo.java:updateAndGet(143)) - 7cb3e755-c8bb-4f00-be15-bc5c4dd112b5: start FollowerState
2020-07-20 08:35:38,483 [Thread-3052] INFO  impl.FollowerState (FollowerState.java:run(117)) - 7cb3e755-c8bb-4f00-be15-bc5c4dd112b5@group-75B56BA316C6-FollowerState was interrupted: java.lang.InterruptedException: sleep interrupted
2020-07-20 08:35:38,484 [8aff4af6-6cc7-479f-9fca-879319b0e7e4@group-75B56BA316C6-LeaderElection91] INFO  impl.LeaderElection (LeaderElection.java:logAndReturn(61)) - 8aff4af6-6cc7-479f-9fca-879319b0e7e4@group-75B56BA316C6-LeaderElection91: Election PASSED; received 1 response(s) [8aff4af6-6cc7-479f-9fca-879319b0e7e4<-d7c912f8-2b11-470a-8112-2e2f3de1c844#0:OK-t1] and 0 exception(s); 8aff4af6-6cc7-479f-9fca-879319b0e7e4@group-75B56BA316C6:t1, leader=null, voted=8aff4af6-6cc7-479f-9fca-879319b0e7e4, raftlog=8aff4af6-6cc7-479f-9fca-879319b0e7e4@group-75B56BA316C6-SegmentedRaftLog:OPENED:c-1,f-1,i0, conf=-1: [d7c912f8-2b11-470a-8112-2e2f3de1c844:172.17.0.2:43855, 8aff4af6-6cc7-479f-9fca-879319b0e7e4:172.17.0.2:44873, 7cb3e755-c8bb-4f00-be15-bc5c4dd112b5:172.17.0.2:45527], old=null
2020-07-20 08:35:38,485 [8aff4af6-6cc7-479f-9fca-879319b0e7e4@group-75B56BA316C6-LeaderElection91] INFO  impl.RoleInfo (RoleInfo.java:shutdownLeaderElection(134)) - 8aff4af6-6cc7-479f-9fca-879319b0e7e4: shutdown LeaderElection
2020-07-20 08:35:38,485 [8aff4af6-6cc7-479f-9fca-879319b0e7e4@group-75B56BA316C6-LeaderElection91] INFO  impl.RaftServerImpl (RaftServerImpl.java:setRole(175)) - 8aff4af6-6cc7-479f-9fca-879319b0e7e4@group-75B56BA316C6: changes role from CANDIDATE to LEADER at term 1 for changeToLeader
2020-07-20 08:35:38,485 [8aff4af6-6cc7-479f-9fca-879319b0e7e4@group-75B56BA316C6-LeaderElection91] INFO  ratis.XceiverServerRatis (XceiverServerRatis.java:handleLeaderChangedNotification(820)) - Leader change notification received for group: group-75B56BA316C6 with new leaderId: 8aff4af6-6cc7-479f-9fca-879319b0e7e4
2020-07-20 08:35:38,485 [8aff4af6-6cc7-479f-9fca-879319b0e7e4@group-75B56BA316C6-LeaderElection91] INFO  impl.RaftServerImpl (ServerState.java:setLeader(255)) - 8aff4af6-6cc7-479f-9fca-879319b0e7e4@group-75B56BA316C6: change Leader from null to 8aff4af6-6cc7-479f-9fca-879319b0e7e4 at term 1 for becomeLeader, leader elected after 5049ms
2020-07-20 08:35:38,485 [8aff4af6-6cc7-479f-9fca-879319b0e7e4@group-75B56BA316C6-LeaderElection91] INFO  server.RaftServerConfigKeys (ConfUtils.java:logGet(44)) - raft.server.staging.catchup.gap = 1000 (default)
2020-07-20 08:35:38,485 [8aff4af6-6cc7-479f-9fca-879319b0e7e4@group-75B56BA316C6-LeaderElection91] INFO  server.RaftServerConfigKeys (ConfUtils.java:logGet(44)) - raft.server.rpc.sleep.time = 25ms (default)
2020-07-20 08:35:38,485 [8aff4af6-6cc7-479f-9fca-879319b0e7e4@group-75B56BA316C6-LeaderElection91] INFO  metrics.RatisMetrics (RatisMetrics.java:lambda$create$0(36)) - Creating Metrics Registry : ratis.log_appender.8aff4af6-6cc7-479f-9fca-879319b0e7e4@group-75B56BA316C6
2020-07-20 08:35:38,485 [8aff4af6-6cc7-479f-9fca-879319b0e7e4@group-75B56BA316C6-LeaderElection91] INFO  server.RaftServerConfigKeys (ConfUtils.java:logGet(44)) - raft.server.write.element-limit = 1024 (custom)
2020-07-20 08:35:38,485 [8aff4af6-6cc7-479f-9fca-879319b0e7e4@group-75B56BA316C6-LeaderElection91] INFO  server.RaftServerConfigKeys (ConfUtils.java:logGet(44)) - raft.server.write.byte-limit = 1073741824 (custom)
2020-07-20 08:35:38,486 [EventQueue-PipelineReportForPipelineReportHandler] INFO  pipeline.PipelineStateManager (PipelineStateManager.java:openPipeline(131)) - Pipeline Pipeline[ Id: f9bee2f1-1abd-48d4-ab94-75b56ba316c6, Nodes: 7cb3e755-c8bb-4f00-be15-bc5c4dd112b5{ip: 172.17.0.2, host: 795ad43b6c28, networkLocation: /default-rack, certSerialId: null}d7c912f8-2b11-470a-8112-2e2f3de1c844{ip: 172.17.0.2, host: 795ad43b6c28, networkLocation: /default-rack, certSerialId: null}8aff4af6-6cc7-479f-9fca-879319b0e7e4{ip: 172.17.0.2, host: 795ad43b6c28, networkLocation: /default-rack, certSerialId: null}, Type:RATIS, Factor:THREE, State:ALLOCATED, leaderId:8aff4af6-6cc7-479f-9fca-879319b0e7e4, CreationTimestamp2020-07-20T08:35:30.598Z] moved to OPEN state
2020-07-20 08:35:38,491 [grpc-default-executor-2] INFO  ratis.XceiverServerRatis (XceiverServerRatis.java:handleLeaderChangedNotification(820)) - Leader change notification received for group: group-B98AA3197BE4 with new leaderId: 8aff4af6-6cc7-479f-9fca-879319b0e7e4
2020-07-20 08:35:38,491 [grpc-default-executor-2] INFO  impl.RaftServerImpl (ServerState.java:setLeader(255)) - 7cb3e755-c8bb-4f00-be15-bc5c4dd112b5@group-B98AA3197BE4: change Leader from null to 8aff4af6-6cc7-479f-9fca-879319b0e7e4 at term 1 for appendEntries, leader elected after 5098ms
2020-07-20 08:35:38,492 [grpc-default-executor-5] INFO  ratis.XceiverServerRatis (XceiverServerRatis.java:handleLeaderChangedNotification(820)) - Leader change notification received for group: group-B98AA3197BE4 with new leaderId: 8aff4af6-6cc7-479f-9fca-879319b0e7e4
2020-07-20 08:35:38,498 [grpc-default-executor-5] INFO  impl.RaftServerImpl (ServerState.java:setLeader(255)) - d7c912f8-2b11-470a-8112-2e2f3de1c844@group-B98AA3197BE4: change Leader from null to 8aff4af6-6cc7-479f-9fca-879319b0e7e4 at term 1 for appendEntries, leader elected after 5077ms
2020-07-20 08:35:38,506 [8aff4af6-6cc7-479f-9fca-879319b0e7e4@group-75B56BA316C6-LeaderElection91] INFO  server.RaftServerConfigKeys (ConfUtils.java:logGet(44)) - raft.server.watch.timeout = 3000ms (custom)
2020-07-20 08:35:38,506 [8aff4af6-6cc7-479f-9fca-879319b0e7e4@group-75B56BA316C6-LeaderElection91] INFO  server.RaftServerConfigKeys (ConfUtils.java:logGet(44)) - raft.server.watch.timeout.denomination = 1s (default)
2020-07-20 08:35:38,506 [Thread-3039] INFO  impl.FollowerState (FollowerState.java:run(108)) - 8aff4af6-6cc7-479f-9fca-879319b0e7e4@group-CAC960E322AB-FollowerState: change to CANDIDATE, lastRpcTime:5141ms, electionTimeout:5141ms
2020-07-20 08:35:38,506 [8aff4af6-6cc7-479f-9fca-879319b0e7e4@group-75B56BA316C6-LeaderElection91] INFO  server.RaftServerConfigKeys (ConfUtils.java:logGet(44)) - raft.server.watch.element-limit = 65536 (default)
2020-07-20 08:35:38,506 [8aff4af6-6cc7-479f-9fca-879319b0e7e4@group-75B56BA316C6-LeaderElection91] INFO  server.RaftServerConfigKeys (ConfUtils.java:logGet(44)) - raft.server.log.appender.snapshot.chunk.size.max = 16MB (=16777216) (default)
2020-07-20 08:35:38,506 [8aff4af6-6cc7-479f-9fca-879319b0e7e4@group-75B56BA316C6-LeaderElection91] INFO  server.RaftServerConfigKeys (ConfUtils.java:logGet(44)) - raft.server.log.appender.buffer.byte-limit = 33554432 (custom)
2020-07-20 08:35:38,506 [8aff4af6-6cc7-479f-9fca-879319b0e7e4@group-75B56BA316C6-LeaderElection91] INFO  server.RaftServerConfigKeys (ConfUtils.java:logGet(44)) - raft.server.log.appender.buffer.element-limit = 1 (custom)
2020-07-20 08:35:38,506 [8aff4af6-6cc7-479f-9fca-879319b0e7e4@group-75B56BA316C6-LeaderElection91] INFO  grpc.GrpcConfigKeys (ConfUtils.java:logGet(44)) - raft.grpc.server.leader.outstanding.appends.max = 128 (default)
2020-07-20 08:35:38,506 [8aff4af6-6cc7-479f-9fca-879319b0e7e4@group-75B56BA316C6-LeaderElection91] INFO  server.RaftServerConfigKeys (ConfUtils.java:logGet(44)) - raft.server.rpc.request.timeout = 3000ms (default)
2020-07-20 08:35:38,506 [8aff4af6-6cc7-479f-9fca-879319b0e7e4@group-75B56BA316C6-LeaderElection91] INFO  server.RaftServerConfigKeys (ConfUtils.java:logGet(44)) - raft.server.log.appender.install.snapshot.enabled = false (custom)
2020-07-20 08:35:38,507 [8aff4af6-6cc7-479f-9fca-879319b0e7e4@group-75B56BA316C6-LeaderElection91] INFO  metrics.RatisMetrics (RatisMetrics.java:lambda$create$0(36)) - Creating Metrics Registry : ratis_grpc.log_appender.8aff4af6-6cc7-479f-9fca-879319b0e7e4@group-75B56BA316C6
2020-07-20 08:35:38,511 [grpc-default-executor-6] INFO  impl.RaftServerImpl (ServerState.java:setRaftConf(356)) - d7c912f8-2b11-470a-8112-2e2f3de1c844@group-B98AA3197BE4: set configuration 0: [d7c912f8-2b11-470a-8112-2e2f3de1c844:172.17.0.2:43855, 8aff4af6-6cc7-479f-9fca-879319b0e7e4:172.17.0.2:44873, 7cb3e755-c8bb-4f00-be15-bc5c4dd112b5:172.17.0.2:45527], old=null at 0
2020-07-20 08:35:38,511 [Thread-3039] INFO  impl.RoleInfo (RoleInfo.java:shutdownFollowerState(121)) - 8aff4af6-6cc7-479f-9fca-879319b0e7e4: shutdown FollowerState
2020-07-20 08:35:38,511 [Thread-3039] INFO  impl.RaftServerImpl (RaftServerImpl.java:setRole(175)) - 8aff4af6-6cc7-479f-9fca-879319b0e7e4@group-CAC960E322AB: changes role from  FOLLOWER to CANDIDATE at term 0 for changeToCandidate
2020-07-20 08:35:38,511 [Thread-3039] INFO  impl.RoleInfo (RoleInfo.java:updateAndGet(143)) - 8aff4af6-6cc7-479f-9fca-879319b0e7e4: start LeaderElection
2020-07-20 08:35:38,511 [grpc-default-executor-1] INFO  impl.RaftServerImpl (ServerState.java:setRaftConf(356)) - 7cb3e755-c8bb-4f00-be15-bc5c4dd112b5@group-B98AA3197BE4: set configuration 0: [d7c912f8-2b11-470a-8112-2e2f3de1c844:172.17.0.2:43855, 8aff4af6-6cc7-479f-9fca-879319b0e7e4:172.17.0.2:44873, 7cb3e755-c8bb-4f00-be15-bc5c4dd112b5:172.17.0.2:45527], old=null at 0
2020-07-20 08:35:38,515 [grpc-default-executor-6] INFO  segmented.SegmentedRaftLogWorker (SegmentedRaftLogWorker.java:startLogSegment(397)) - d7c912f8-2b11-470a-8112-2e2f3de1c844@group-B98AA3197BE4-SegmentedRaftLogWorker: Starting segment from index:0
2020-07-20 08:35:38,516 [grpc-default-executor-1] INFO  segmented.SegmentedRaftLogWorker (SegmentedRaftLogWorker.java:startLogSegment(397)) - 7cb3e755-c8bb-4f00-be15-bc5c4dd112b5@group-B98AA3197BE4-SegmentedRaftLogWorker: Starting segment from index:0
2020-07-20 08:35:38,519 [8aff4af6-6cc7-479f-9fca-879319b0e7e4@group-CAC960E322AB-LeaderElection92] INFO  impl.LeaderElection (LeaderElection.java:askForVotes(206)) - 8aff4af6-6cc7-479f-9fca-879319b0e7e4@group-CAC960E322AB-LeaderElection92: begin an election at term 1 for -1: [8aff4af6-6cc7-479f-9fca-879319b0e7e4:172.17.0.2:44873], old=null
2020-07-20 08:35:38,519 [8aff4af6-6cc7-479f-9fca-879319b0e7e4@group-CAC960E322AB-LeaderElection92] INFO  impl.RoleInfo (RoleInfo.java:shutdownLeaderElection(134)) - 8aff4af6-6cc7-479f-9fca-879319b0e7e4: shutdown LeaderElection
2020-07-20 08:35:38,519 [8aff4af6-6cc7-479f-9fca-879319b0e7e4@group-CAC960E322AB-LeaderElection92] INFO  impl.RaftServerImpl (RaftServerImpl.java:setRole(175)) - 8aff4af6-6cc7-479f-9fca-879319b0e7e4@group-CAC960E322AB: changes role from CANDIDATE to LEADER at term 1 for changeToLeader
2020-07-20 08:35:38,519 [8aff4af6-6cc7-479f-9fca-879319b0e7e4@group-CAC960E322AB-LeaderElection92] INFO  ratis.XceiverServerRatis (XceiverServerRatis.java:handleLeaderChangedNotification(820)) - Leader change notification received for group: group-CAC960E322AB with new leaderId: 8aff4af6-6cc7-479f-9fca-879319b0e7e4
2020-07-20 08:35:38,519 [8aff4af6-6cc7-479f-9fca-879319b0e7e4@group-CAC960E322AB-LeaderElection92] INFO  impl.RaftServerImpl (ServerState.java:setLeader(255)) - 8aff4af6-6cc7-479f-9fca-879319b0e7e4@group-CAC960E322AB: change Leader from null to 8aff4af6-6cc7-479f-9fca-879319b0e7e4 at term 1 for becomeLeader, leader elected after 5163ms
2020-07-20 08:35:38,519 [8aff4af6-6cc7-479f-9fca-879319b0e7e4@group-CAC960E322AB-LeaderElection92] INFO  server.RaftServerConfigKeys (ConfUtils.java:logGet(44)) - raft.server.staging.catchup.gap = 1000 (default)
2020-07-20 08:35:38,519 [8aff4af6-6cc7-479f-9fca-879319b0e7e4@group-CAC960E322AB-LeaderElection92] INFO  server.RaftServerConfigKeys (ConfUtils.java:logGet(44)) - raft.server.rpc.sleep.time = 25ms (default)
2020-07-20 08:35:38,519 [8aff4af6-6cc7-479f-9fca-879319b0e7e4@group-CAC960E322AB-LeaderElection92] INFO  metrics.RatisMetrics (RatisMetrics.java:lambda$create$0(36)) - Creating Metrics Registry : ratis.log_appender.8aff4af6-6cc7-479f-9fca-879319b0e7e4@group-CAC960E322AB
2020-07-20 08:35:38,520 [8aff4af6-6cc7-479f-9fca-879319b0e7e4@group-CAC960E322AB-LeaderElection92] INFO  server.RaftServerConfigKeys (ConfUtils.java:logGet(44)) - raft.server.write.element-limit = 1024 (custom)
2020-07-20 08:35:38,520 [8aff4af6-6cc7-479f-9fca-879319b0e7e4@group-CAC960E322AB-LeaderElection92] INFO  server.RaftServerConfigKeys (ConfUtils.java:logGet(44)) - raft.server.write.byte-limit = 1073741824 (custom)
2020-07-20 08:35:38,522 [d7c912f8-2b11-470a-8112-2e2f3de1c844@group-B98AA3197BE4-SegmentedRaftLogWorker] INFO  segmented.SegmentedRaftLogWorker (SegmentedRaftLogWorker.java:execute(596)) - d7c912f8-2b11-470a-8112-2e2f3de1c844@group-B98AA3197BE4-SegmentedRaftLogWorker: created new log segment /github/workspace/mnt/ozone/hadoop-ozone/integration-test/target/test-dir/MiniOzoneClusterImpl-77fe6979-9426-4b74-982f-524262e25198/datanode-2/data/ratis/f7c62648-2a61-4adf-bbe9-b98aa3197be4/current/log_inprogress_0
2020-07-20 08:35:38,523 [7cb3e755-c8bb-4f00-be15-bc5c4dd112b5@group-B98AA3197BE4-SegmentedRaftLogWorker] INFO  segmented.SegmentedRaftLogWorker (SegmentedRaftLogWorker.java:execute(596)) - 7cb3e755-c8bb-4f00-be15-bc5c4dd112b5@group-B98AA3197BE4-SegmentedRaftLogWorker: created new log segment /github/workspace/mnt/ozone/hadoop-ozone/integration-test/target/test-dir/MiniOzoneClusterImpl-77fe6979-9426-4b74-982f-524262e25198/datanode-1/data/ratis/f7c62648-2a61-4adf-bbe9-b98aa3197be4/current/log_inprogress_0
2020-07-20 08:35:38,529 [8aff4af6-6cc7-479f-9fca-879319b0e7e4@group-CAC960E322AB-LeaderElection92] INFO  server.RaftServerConfigKeys (ConfUtils.java:logGet(44)) - raft.server.watch.timeout = 3000ms (custom)
2020-07-20 08:35:38,530 [8aff4af6-6cc7-479f-9fca-879319b0e7e4@group-CAC960E322AB-LeaderElection92] INFO  server.RaftServerConfigKeys (ConfUtils.java:logGet(44)) - raft.server.watch.timeout.denomination = 1s (default)
2020-07-20 08:35:38,530 [8aff4af6-6cc7-479f-9fca-879319b0e7e4@group-CAC960E322AB-LeaderElection92] INFO  server.RaftServerConfigKeys (ConfUtils.java:logGet(44)) - raft.server.watch.element-limit = 65536 (default)
2020-07-20 08:35:38,530 [8aff4af6-6cc7-479f-9fca-879319b0e7e4@group-CAC960E322AB-LeaderElection92] INFO  impl.RoleInfo (RoleInfo.java:updateAndGet(143)) - 8aff4af6-6cc7-479f-9fca-879319b0e7e4: start LeaderState
2020-07-20 08:35:38,534 [8aff4af6-6cc7-479f-9fca-879319b0e7e4@group-CAC960E322AB-LeaderElection92] INFO  segmented.SegmentedRaftLogWorker (SegmentedRaftLogWorker.java:startLogSegment(397)) - 8aff4af6-6cc7-479f-9fca-879319b0e7e4@group-CAC960E322AB-SegmentedRaftLogWorker: Starting segment from index:0
2020-07-20 08:35:38,534 [8aff4af6-6cc7-479f-9fca-879319b0e7e4@group-CAC960E322AB-LeaderElection92] INFO  impl.RaftServerImpl (ServerState.java:setRaftConf(356)) - 8aff4af6-6cc7-479f-9fca-879319b0e7e4@group-CAC960E322AB: set configuration 0: [8aff4af6-6cc7-479f-9fca-879319b0e7e4:172.17.0.2:44873], old=null at 0
2020-07-20 08:35:38,535 [8aff4af6-6cc7-479f-9fca-879319b0e7e4@group-75B56BA316C6-LeaderElection91] INFO  server.RaftServerConfigKeys (ConfUtils.java:logGet(44)) - raft.server.log.appender.snapshot.chunk.size.max = 16MB (=16777216) (default)
2020-07-20 08:35:38,535 [8aff4af6-6cc7-479f-9fca-879319b0e7e4@group-75B56BA316C6-LeaderElection91] INFO  server.RaftServerConfigKeys (ConfUtils.java:logGet(44)) - raft.server.log.appender.buffer.byte-limit = 33554432 (custom)
2020-07-20 08:35:38,535 [8aff4af6-6cc7-479f-9fca-879319b0e7e4@group-75B56BA316C6-LeaderElection91] INFO  server.RaftServerConfigKeys (ConfUtils.java:logGet(44)) - raft.server.log.appender.buffer.element-limit = 1 (custom)
2020-07-20 08:35:38,536 [8aff4af6-6cc7-479f-9fca-879319b0e7e4@group-75B56BA316C6-LeaderElection91] INFO  grpc.GrpcConfigKeys (ConfUtils.java:logGet(44)) - raft.grpc.server.leader.outstanding.appends.max = 128 (default)
2020-07-20 08:35:38,536 [8aff4af6-6cc7-479f-9fca-879319b0e7e4@group-75B56BA316C6-LeaderElection91] INFO  server.RaftServerConfigKeys (ConfUtils.java:logGet(44)) - raft.server.rpc.request.timeout = 3000ms (default)
2020-07-20 08:35:38,536 [8aff4af6-6cc7-479f-9fca-879319b0e7e4@group-75B56BA316C6-LeaderElection91] INFO  server.RaftServerConfigKeys (ConfUtils.java:logGet(44)) - raft.server.log.appender.install.snapshot.enabled = false (custom)
2020-07-20 08:35:38,536 [8aff4af6-6cc7-479f-9fca-879319b0e7e4@group-CAC960E322AB-SegmentedRaftLogWorker] INFO  segmented.SegmentedRaftLogWorker (SegmentedRaftLogWorker.java:execute(596)) - 8aff4af6-6cc7-479f-9fca-879319b0e7e4@group-CAC960E322AB-SegmentedRaftLogWorker: created new log segment /github/workspace/mnt/ozone/hadoop-ozone/integration-test/target/test-dir/MiniOzoneClusterImpl-77fe6979-9426-4b74-982f-524262e25198/datanode-0/data/ratis/ef12d9c4-cb08-4b58-8f77-cac960e322ab/current/log_inprogress_0
2020-07-20 08:35:38,541 [8aff4af6-6cc7-479f-9fca-879319b0e7e4@group-75B56BA316C6-LeaderElection91] INFO  impl.RoleInfo (RoleInfo.java:updateAndGet(143)) - 8aff4af6-6cc7-479f-9fca-879319b0e7e4: start LeaderState
2020-07-20 08:35:38,541 [8aff4af6-6cc7-479f-9fca-879319b0e7e4@group-75B56BA316C6-LeaderElection91] INFO  segmented.SegmentedRaftLogWorker (SegmentedRaftLogWorker.java:startLogSegment(397)) - 8aff4af6-6cc7-479f-9fca-879319b0e7e4@group-75B56BA316C6-SegmentedRaftLogWorker: Starting segment from index:0
2020-07-20 08:35:38,543 [8aff4af6-6cc7-479f-9fca-879319b0e7e4@group-75B56BA316C6-LeaderElection91] INFO  impl.RaftServerImpl (ServerState.java:setRaftConf(356)) - 8aff4af6-6cc7-479f-9fca-879319b0e7e4@group-75B56BA316C6: set configuration 0: [d7c912f8-2b11-470a-8112-2e2f3de1c844:172.17.0.2:43855, 8aff4af6-6cc7-479f-9fca-879319b0e7e4:172.17.0.2:44873, 7cb3e755-c8bb-4f00-be15-bc5c4dd112b5:172.17.0.2:45527], old=null at 0
2020-07-20 08:35:38,544 [8aff4af6-6cc7-479f-9fca-879319b0e7e4@group-75B56BA316C6-SegmentedRaftLogWorker] INFO  segmented.SegmentedRaftLogWorker (SegmentedRaftLogWorker.java:execute(596)) - 8aff4af6-6cc7-479f-9fca-879319b0e7e4@group-75B56BA316C6-SegmentedRaftLogWorker: created new log segment /github/workspace/mnt/ozone/hadoop-ozone/integration-test/target/test-dir/MiniOzoneClusterImpl-77fe6979-9426-4b74-982f-524262e25198/datanode-0/data/ratis/f9bee2f1-1abd-48d4-ab94-75b56ba316c6/current/log_inprogress_0
2020-07-20 08:35:38,551 [grpc-default-executor-6] INFO  ratis.XceiverServerRatis (XceiverServerRatis.java:handleLeaderChangedNotification(820)) - Leader change notification received for group: group-75B56BA316C6 with new leaderId: 8aff4af6-6cc7-479f-9fca-879319b0e7e4
2020-07-20 08:35:38,551 [grpc-default-executor-6] INFO  impl.RaftServerImpl (ServerState.java:setLeader(255)) - 7cb3e755-c8bb-4f00-be15-bc5c4dd112b5@group-75B56BA316C6: change Leader from null to 8aff4af6-6cc7-479f-9fca-879319b0e7e4 at term 1 for appendEntries, leader elected after 5093ms
2020-07-20 08:35:38,555 [grpc-default-executor-5] INFO  ratis.XceiverServerRatis (XceiverServerRatis.java:handleLeaderChangedNotification(820)) - Leader change notification received for group: group-75B56BA316C6 with new leaderId: 8aff4af6-6cc7-479f-9fca-879319b0e7e4
2020-07-20 08:35:38,556 [grpc-default-executor-5] INFO  impl.RaftServerImpl (ServerState.java:setLeader(255)) - d7c912f8-2b11-470a-8112-2e2f3de1c844@group-75B56BA316C6: change Leader from null to 8aff4af6-6cc7-479f-9fca-879319b0e7e4 at term 1 for appendEntries, leader elected after 5054ms
2020-07-20 08:35:38,571 [grpc-default-executor-1] INFO  impl.RaftServerImpl (ServerState.java:setRaftConf(356)) - d7c912f8-2b11-470a-8112-2e2f3de1c844@group-75B56BA316C6: set configuration 0: [d7c912f8-2b11-470a-8112-2e2f3de1c844:172.17.0.2:43855, 8aff4af6-6cc7-479f-9fca-879319b0e7e4:172.17.0.2:44873, 7cb3e755-c8bb-4f00-be15-bc5c4dd112b5:172.17.0.2:45527], old=null at 0
2020-07-20 08:35:38,572 [grpc-default-executor-1] INFO  segmented.SegmentedRaftLogWorker (SegmentedRaftLogWorker.java:startLogSegment(397)) - d7c912f8-2b11-470a-8112-2e2f3de1c844@group-75B56BA316C6-SegmentedRaftLogWorker: Starting segment from index:0
2020-07-20 08:35:38,573 [d7c912f8-2b11-470a-8112-2e2f3de1c844@group-75B56BA316C6-SegmentedRaftLogWorker] INFO  segmented.SegmentedRaftLogWorker (SegmentedRaftLogWorker.java:execute(596)) - d7c912f8-2b11-470a-8112-2e2f3de1c844@group-75B56BA316C6-SegmentedRaftLogWorker: created new log segment /github/workspace/mnt/ozone/hadoop-ozone/integration-test/target/test-dir/MiniOzoneClusterImpl-77fe6979-9426-4b74-982f-524262e25198/datanode-2/data/ratis/f9bee2f1-1abd-48d4-ab94-75b56ba316c6/current/log_inprogress_0
2020-07-20 08:35:38,574 [grpc-default-executor-6] INFO  impl.RaftServerImpl (ServerState.java:setRaftConf(356)) - 7cb3e755-c8bb-4f00-be15-bc5c4dd112b5@group-75B56BA316C6: set configuration 0: [d7c912f8-2b11-470a-8112-2e2f3de1c844:172.17.0.2:43855, 8aff4af6-6cc7-479f-9fca-879319b0e7e4:172.17.0.2:44873, 7cb3e755-c8bb-4f00-be15-bc5c4dd112b5:172.17.0.2:45527], old=null at 0
2020-07-20 08:35:38,576 [grpc-default-executor-6] INFO  segmented.SegmentedRaftLogWorker (SegmentedRaftLogWorker.java:startLogSegment(397)) - 7cb3e755-c8bb-4f00-be15-bc5c4dd112b5@group-75B56BA316C6-SegmentedRaftLogWorker: Starting segment from index:0
2020-07-20 08:35:38,581 [7cb3e755-c8bb-4f00-be15-bc5c4dd112b5@group-75B56BA316C6-SegmentedRaftLogWorker] INFO  segmented.SegmentedRaftLogWorker (SegmentedRaftLogWorker.java:execute(596)) - 7cb3e755-c8bb-4f00-be15-bc5c4dd112b5@group-75B56BA316C6-SegmentedRaftLogWorker: created new log segment /github/workspace/mnt/ozone/hadoop-ozone/integration-test/target/test-dir/MiniOzoneClusterImpl-77fe6979-9426-4b74-982f-524262e25198/datanode-1/data/ratis/f9bee2f1-1abd-48d4-ab94-75b56ba316c6/current/log_inprogress_0
2020-07-20 08:35:38,659 [Thread-3054] INFO  impl.FollowerState (FollowerState.java:run(108)) - 7cb3e755-c8bb-4f00-be15-bc5c4dd112b5@group-ADD4E95C7D82-FollowerState: change to CANDIDATE, lastRpcTime:5175ms, electionTimeout:5164ms
2020-07-20 08:35:38,659 [Thread-3054] INFO  impl.RoleInfo (RoleInfo.java:shutdownFollowerState(121)) - 7cb3e755-c8bb-4f00-be15-bc5c4dd112b5: shutdown FollowerState
2020-07-20 08:35:38,659 [Thread-3054] INFO  impl.RaftServerImpl (RaftServerImpl.java:setRole(175)) - 7cb3e755-c8bb-4f00-be15-bc5c4dd112b5@group-ADD4E95C7D82: changes role from  FOLLOWER to CANDIDATE at term 0 for changeToCandidate
2020-07-20 08:35:38,659 [Thread-3054] INFO  impl.RoleInfo (RoleInfo.java:updateAndGet(143)) - 7cb3e755-c8bb-4f00-be15-bc5c4dd112b5: start LeaderElection
2020-07-20 08:35:38,663 [7cb3e755-c8bb-4f00-be15-bc5c4dd112b5@group-ADD4E95C7D82-LeaderElection93] INFO  impl.LeaderElection (LeaderElection.java:askForVotes(206)) - 7cb3e755-c8bb-4f00-be15-bc5c4dd112b5@group-ADD4E95C7D82-LeaderElection93: begin an election at term 1 for -1: [7cb3e755-c8bb-4f00-be15-bc5c4dd112b5:172.17.0.2:45527], old=null
2020-07-20 08:35:38,663 [7cb3e755-c8bb-4f00-be15-bc5c4dd112b5@group-ADD4E95C7D82-LeaderElection93] INFO  impl.RoleInfo (RoleInfo.java:shutdownLeaderElection(134)) - 7cb3e755-c8bb-4f00-be15-bc5c4dd112b5: shutdown LeaderElection
2020-07-20 08:35:38,663 [7cb3e755-c8bb-4f00-be15-bc5c4dd112b5@group-ADD4E95C7D82-LeaderElection93] INFO  impl.RaftServerImpl (RaftServerImpl.java:setRole(175)) - 7cb3e755-c8bb-4f00-be15-bc5c4dd112b5@group-ADD4E95C7D82: changes role from CANDIDATE to LEADER at term 1 for changeToLeader
2020-07-20 08:35:38,663 [7cb3e755-c8bb-4f00-be15-bc5c4dd112b5@group-ADD4E95C7D82-LeaderElection93] INFO  ratis.XceiverServerRatis (XceiverServerRatis.java:handleLeaderChangedNotification(820)) - Leader change notification received for group: group-ADD4E95C7D82 with new leaderId: 7cb3e755-c8bb-4f00-be15-bc5c4dd112b5
2020-07-20 08:35:38,663 [7cb3e755-c8bb-4f00-be15-bc5c4dd112b5@group-ADD4E95C7D82-LeaderElection93] INFO  impl.RaftServerImpl (ServerState.java:setLeader(255)) - 7cb3e755-c8bb-4f00-be15-bc5c4dd112b5@group-ADD4E95C7D82: change Leader from null to 7cb3e755-c8bb-4f00-be15-bc5c4dd112b5 at term 1 for becomeLeader, leader elected after 5189ms
2020-07-20 08:35:38,663 [7cb3e755-c8bb-4f00-be15-bc5c4dd112b5@group-ADD4E95C7D82-LeaderElection93] INFO  server.RaftServerConfigKeys (ConfUtils.java:logGet(44)) - raft.server.staging.catchup.gap = 1000 (default)
2020-07-20 08:35:38,663 [7cb3e755-c8bb-4f00-be15-bc5c4dd112b5@group-ADD4E95C7D82-LeaderElection93] INFO  server.RaftServerConfigKeys (ConfUtils.java:logGet(44)) - raft.server.rpc.sleep.time = 25ms (default)
2020-07-20 08:35:38,664 [7cb3e755-c8bb-4f00-be15-bc5c4dd112b5@group-ADD4E95C7D82-LeaderElection93] INFO  metrics.RatisMetrics (RatisMetrics.java:lambda$create$0(36)) - Creating Metrics Registry : ratis.log_appender.7cb3e755-c8bb-4f00-be15-bc5c4dd112b5@group-ADD4E95C7D82
2020-07-20 08:35:38,664 [7cb3e755-c8bb-4f00-be15-bc5c4dd112b5@group-ADD4E95C7D82-LeaderElection93] INFO  server.RaftServerConfigKeys (ConfUtils.java:logGet(44)) - raft.server.write.element-limit = 1024 (custom)
2020-07-20 08:35:38,664 [7cb3e755-c8bb-4f00-be15-bc5c4dd112b5@group-ADD4E95C7D82-LeaderElection93] INFO  server.RaftServerConfigKeys (ConfUtils.java:logGet(44)) - raft.server.write.byte-limit = 1073741824 (custom)
2020-07-20 08:35:38,664 [7cb3e755-c8bb-4f00-be15-bc5c4dd112b5@group-ADD4E95C7D82-LeaderElection93] INFO  server.RaftServerConfigKeys (ConfUtils.java:logGet(44)) - raft.server.watch.timeout = 3000ms (custom)
2020-07-20 08:35:38,664 [7cb3e755-c8bb-4f00-be15-bc5c4dd112b5@group-ADD4E95C7D82-LeaderElection93] INFO  server.RaftServerConfigKeys (ConfUtils.java:logGet(44)) - raft.server.watch.timeout.denomination = 1s (default)
2020-07-20 08:35:38,665 [7cb3e755-c8bb-4f00-be15-bc5c4dd112b5@group-ADD4E95C7D82-LeaderElection93] INFO  server.RaftServerConfigKeys (ConfUtils.java:logGet(44)) - raft.server.watch.element-limit = 65536 (default)
2020-07-20 08:35:38,665 [7cb3e755-c8bb-4f00-be15-bc5c4dd112b5@group-ADD4E95C7D82-LeaderElection93] INFO  impl.RoleInfo (RoleInfo.java:updateAndGet(143)) - 7cb3e755-c8bb-4f00-be15-bc5c4dd112b5: start LeaderState
2020-07-20 08:35:38,665 [7cb3e755-c8bb-4f00-be15-bc5c4dd112b5@group-ADD4E95C7D82-LeaderElection93] INFO  segmented.SegmentedRaftLogWorker (SegmentedRaftLogWorker.java:startLogSegment(397)) - 7cb3e755-c8bb-4f00-be15-bc5c4dd112b5@group-ADD4E95C7D82-SegmentedRaftLogWorker: Starting segment from index:0
2020-07-20 08:35:38,666 [7cb3e755-c8bb-4f00-be15-bc5c4dd112b5@group-ADD4E95C7D82-LeaderElection93] INFO  impl.RaftServerImpl (ServerState.java:setRaftConf(356)) - 7cb3e755-c8bb-4f00-be15-bc5c4dd112b5@group-ADD4E95C7D82: set configuration 0: [7cb3e755-c8bb-4f00-be15-bc5c4dd112b5:172.17.0.2:45527], old=null at 0
2020-07-20 08:35:38,666 [7cb3e755-c8bb-4f00-be15-bc5c4dd112b5@group-ADD4E95C7D82-SegmentedRaftLogWorker] INFO  segmented.SegmentedRaftLogWorker (SegmentedRaftLogWorker.java:execute(596)) - 7cb3e755-c8bb-4f00-be15-bc5c4dd112b5@group-ADD4E95C7D82-SegmentedRaftLogWorker: created new log segment /github/workspace/mnt/ozone/hadoop-ozone/integration-test/target/test-dir/MiniOzoneClusterImpl-77fe6979-9426-4b74-982f-524262e25198/datanode-1/data/ratis/aff47c86-ddaa-4c2c-95b2-add4e95c7d82/current/log_inprogress_0
2020-07-20 08:35:38,704 [Thread-3059] INFO  impl.FollowerState (FollowerState.java:run(108)) - d7c912f8-2b11-470a-8112-2e2f3de1c844@group-AB3F7B191960-FollowerState: change to CANDIDATE, lastRpcTime:5094ms, electionTimeout:5094ms
2020-07-20 08:35:38,704 [Thread-3059] INFO  impl.RoleInfo (RoleInfo.java:shutdownFollowerState(121)) - d7c912f8-2b11-470a-8112-2e2f3de1c844: shutdown FollowerState
2020-07-20 08:35:38,704 [Thread-3059] INFO  impl.RaftServerImpl (RaftServerImpl.java:setRole(175)) - d7c912f8-2b11-470a-8112-2e2f3de1c844@group-AB3F7B191960: changes role from  FOLLOWER to CANDIDATE at term 0 for changeToCandidate
2020-07-20 08:35:38,704 [Thread-3059] INFO  impl.RoleInfo (RoleInfo.java:updateAndGet(143)) - d7c912f8-2b11-470a-8112-2e2f3de1c844: start LeaderElection
2020-07-20 08:35:38,707 [d7c912f8-2b11-470a-8112-2e2f3de1c844@group-AB3F7B191960-LeaderElection94] INFO  impl.LeaderElection (LeaderElection.java:askForVotes(206)) - d7c912f8-2b11-470a-8112-2e2f3de1c844@group-AB3F7B191960-LeaderElection94: begin an election at term 1 for -1: [d7c912f8-2b11-470a-8112-2e2f3de1c844:172.17.0.2:43855], old=null
2020-07-20 08:35:38,707 [d7c912f8-2b11-470a-8112-2e2f3de1c844@group-AB3F7B191960-LeaderElection94] INFO  impl.RoleInfo (RoleInfo.java:shutdownLeaderElection(134)) - d7c912f8-2b11-470a-8112-2e2f3de1c844: shutdown LeaderElection
2020-07-20 08:35:38,707 [d7c912f8-2b11-470a-8112-2e2f3de1c844@group-AB3F7B191960-LeaderElection94] INFO  impl.RaftServerImpl (RaftServerImpl.java:setRole(175)) - d7c912f8-2b11-470a-8112-2e2f3de1c844@group-AB3F7B191960: changes role from CANDIDATE to LEADER at term 1 for changeToLeader
2020-07-20 08:35:38,707 [d7c912f8-2b11-470a-8112-2e2f3de1c844@group-AB3F7B191960-LeaderElection94] INFO  ratis.XceiverServerRatis (XceiverServerRatis.java:handleLeaderChangedNotification(820)) - Leader change notification received for group: group-AB3F7B191960 with new leaderId: d7c912f8-2b11-470a-8112-2e2f3de1c844
2020-07-20 08:35:38,707 [d7c912f8-2b11-470a-8112-2e2f3de1c844@group-AB3F7B191960-LeaderElection94] INFO  impl.RaftServerImpl (ServerState.java:setLeader(255)) - d7c912f8-2b11-470a-8112-2e2f3de1c844@group-AB3F7B191960: change Leader from null to d7c912f8-2b11-470a-8112-2e2f3de1c844 at term 1 for becomeLeader, leader elected after 5107ms
2020-07-20 08:35:38,708 [d7c912f8-2b11-470a-8112-2e2f3de1c844@group-AB3F7B191960-LeaderElection94] INFO  server.RaftServerConfigKeys (ConfUtils.java:logGet(44)) - raft.server.staging.catchup.gap = 1000 (default)
2020-07-20 08:35:38,709 [d7c912f8-2b11-470a-8112-2e2f3de1c844@group-AB3F7B191960-LeaderElection94] INFO  server.RaftServerConfigKeys (ConfUtils.java:logGet(44)) - raft.server.rpc.sleep.time = 25ms (default)
2020-07-20 08:35:38,709 [d7c912f8-2b11-470a-8112-2e2f3de1c844@group-AB3F7B191960-LeaderElection94] INFO  metrics.RatisMetrics (RatisMetrics.java:lambda$create$0(36)) - Creating Metrics Registry : ratis.log_appender.d7c912f8-2b11-470a-8112-2e2f3de1c844@group-AB3F7B191960
2020-07-20 08:35:38,709 [d7c912f8-2b11-470a-8112-2e2f3de1c844@group-AB3F7B191960-LeaderElection94] INFO  server.RaftServerConfigKeys (ConfUtils.java:logGet(44)) - raft.server.write.element-limit = 1024 (custom)
2020-07-20 08:35:38,709 [d7c912f8-2b11-470a-8112-2e2f3de1c844@group-AB3F7B191960-LeaderElection94] INFO  server.RaftServerConfigKeys (ConfUtils.java:logGet(44)) - raft.server.write.byte-limit = 1073741824 (custom)
2020-07-20 08:35:38,710 [d7c912f8-2b11-470a-8112-2e2f3de1c844@group-AB3F7B191960-LeaderElection94] INFO  server.RaftServerConfigKeys (ConfUtils.java:logGet(44)) - raft.server.watch.timeout = 3000ms (custom)
2020-07-20 08:35:38,710 [d7c912f8-2b11-470a-8112-2e2f3de1c844@group-AB3F7B191960-LeaderElection94] INFO  server.RaftServerConfigKeys (ConfUtils.java:logGet(44)) - raft.server.watch.timeout.denomination = 1s (default)
2020-07-20 08:35:38,710 [d7c912f8-2b11-470a-8112-2e2f3de1c844@group-AB3F7B191960-LeaderElection94] INFO  server.RaftServerConfigKeys (ConfUtils.java:logGet(44)) - raft.server.watch.element-limit = 65536 (default)
2020-07-20 08:35:38,710 [d7c912f8-2b11-470a-8112-2e2f3de1c844@group-AB3F7B191960-LeaderElection94] INFO  impl.RoleInfo (RoleInfo.java:updateAndGet(143)) - d7c912f8-2b11-470a-8112-2e2f3de1c844: start LeaderState
2020-07-20 08:35:38,711 [d7c912f8-2b11-470a-8112-2e2f3de1c844@group-AB3F7B191960-LeaderElection94] INFO  segmented.SegmentedRaftLogWorker (SegmentedRaftLogWorker.java:startLogSegment(397)) - d7c912f8-2b11-470a-8112-2e2f3de1c844@group-AB3F7B191960-SegmentedRaftLogWorker: Starting segment from index:0
2020-07-20 08:35:38,712 [d7c912f8-2b11-470a-8112-2e2f3de1c844@group-AB3F7B191960-SegmentedRaftLogWorker] INFO  segmented.SegmentedRaftLogWorker (SegmentedRaftLogWorker.java:execute(596)) - d7c912f8-2b11-470a-8112-2e2f3de1c844@group-AB3F7B191960-SegmentedRaftLogWorker: created new log segment /github/workspace/mnt/ozone/hadoop-ozone/integration-test/target/test-dir/MiniOzoneClusterImpl-77fe6979-9426-4b74-982f-524262e25198/datanode-2/data/ratis/8af61142-beb9-4b35-88a3-ab3f7b191960/current/log_inprogress_0
2020-07-20 08:35:38,712 [d7c912f8-2b11-470a-8112-2e2f3de1c844@group-AB3F7B191960-LeaderElection94] INFO  impl.RaftServerImpl (ServerState.java:setRaftConf(356)) - d7c912f8-2b11-470a-8112-2e2f3de1c844@group-AB3F7B191960: set configuration 0: [d7c912f8-2b11-470a-8112-2e2f3de1c844:172.17.0.2:43855], old=null at 0
2020-07-20 08:35:38,813 [Thread-3061] INFO  impl.FollowerState (FollowerState.java:run(108)) - 2385bf93-00fb-4b21-a15d-4691d542b867@group-2379F1448477-FollowerState: change to CANDIDATE, lastRpcTime:5038ms, electionTimeout:5038ms
2020-07-20 08:35:38,813 [Thread-3061] INFO  impl.RoleInfo (RoleInfo.java:shutdownFollowerState(121)) - 2385bf93-00fb-4b21-a15d-4691d542b867: shutdown FollowerState
2020-07-20 08:35:38,813 [Thread-3061] INFO  impl.RaftServerImpl (RaftServerImpl.java:setRole(175)) - 2385bf93-00fb-4b21-a15d-4691d542b867@group-2379F1448477: changes role from  FOLLOWER to CANDIDATE at term 0 for changeToCandidate
2020-07-20 08:35:38,813 [Thread-3061] INFO  impl.RoleInfo (RoleInfo.java:updateAndGet(143)) - 2385bf93-00fb-4b21-a15d-4691d542b867: start LeaderElection
2020-07-20 08:35:38,816 [2385bf93-00fb-4b21-a15d-4691d542b867@group-2379F1448477-LeaderElection95] INFO  impl.LeaderElection (LeaderElection.java:askForVotes(206)) - 2385bf93-00fb-4b21-a15d-4691d542b867@group-2379F1448477-LeaderElection95: begin an election at term 1 for -1: [2385bf93-00fb-4b21-a15d-4691d542b867:172.17.0.2:36609], old=null
2020-07-20 08:35:38,816 [2385bf93-00fb-4b21-a15d-4691d542b867@group-2379F1448477-LeaderElection95] INFO  impl.RoleInfo (RoleInfo.java:shutdownLeaderElection(134)) - 2385bf93-00fb-4b21-a15d-4691d542b867: shutdown LeaderElection
2020-07-20 08:35:38,816 [2385bf93-00fb-4b21-a15d-4691d542b867@group-2379F1448477-LeaderElection95] INFO  impl.RaftServerImpl (RaftServerImpl.java:setRole(175)) - 2385bf93-00fb-4b21-a15d-4691d542b867@group-2379F1448477: changes role from CANDIDATE to LEADER at term 1 for changeToLeader
2020-07-20 08:35:38,816 [2385bf93-00fb-4b21-a15d-4691d542b867@group-2379F1448477-LeaderElection95] INFO  ratis.XceiverServerRatis (XceiverServerRatis.java:handleLeaderChangedNotification(820)) - Leader change notification received for group: group-2379F1448477 with new leaderId: 2385bf93-00fb-4b21-a15d-4691d542b867
2020-07-20 08:35:38,817 [2385bf93-00fb-4b21-a15d-4691d542b867@group-2379F1448477-LeaderElection95] INFO  impl.RaftServerImpl (ServerState.java:setLeader(255)) - 2385bf93-00fb-4b21-a15d-4691d542b867@group-2379F1448477: change Leader from null to 2385bf93-00fb-4b21-a15d-4691d542b867 at term 1 for becomeLeader, leader elected after 5049ms
2020-07-20 08:35:38,817 [2385bf93-00fb-4b21-a15d-4691d542b867@group-2379F1448477-LeaderElection95] INFO  server.RaftServerConfigKeys (ConfUtils.java:logGet(44)) - raft.server.staging.catchup.gap = 1000 (default)
2020-07-20 08:35:38,818 [2385bf93-00fb-4b21-a15d-4691d542b867@group-2379F1448477-LeaderElection95] INFO  server.RaftServerConfigKeys (ConfUtils.java:logGet(44)) - raft.server.rpc.sleep.time = 25ms (default)
2020-07-20 08:35:38,818 [2385bf93-00fb-4b21-a15d-4691d542b867@group-2379F1448477-LeaderElection95] INFO  metrics.RatisMetrics (RatisMetrics.java:lambda$create$0(36)) - Creating Metrics Registry : ratis.log_appender.2385bf93-00fb-4b21-a15d-4691d542b867@group-2379F1448477
2020-07-20 08:35:38,818 [2385bf93-00fb-4b21-a15d-4691d542b867@group-2379F1448477-LeaderElection95] INFO  server.RaftServerConfigKeys (ConfUtils.java:logGet(44)) - raft.server.write.element-limit = 1024 (custom)
2020-07-20 08:35:38,818 [2385bf93-00fb-4b21-a15d-4691d542b867@group-2379F1448477-LeaderElection95] INFO  server.RaftServerConfigKeys (ConfUtils.java:logGet(44)) - raft.server.write.byte-limit = 1073741824 (custom)
2020-07-20 08:35:38,819 [2385bf93-00fb-4b21-a15d-4691d542b867@group-2379F1448477-LeaderElection95] INFO  server.RaftServerConfigKeys (ConfUtils.java:logGet(44)) - raft.server.watch.timeout = 3000ms (custom)
2020-07-20 08:35:38,819 [2385bf93-00fb-4b21-a15d-4691d542b867@group-2379F1448477-LeaderElection95] INFO  server.RaftServerConfigKeys (ConfUtils.java:logGet(44)) - raft.server.watch.timeout.denomination = 1s (default)
2020-07-20 08:35:38,819 [2385bf93-00fb-4b21-a15d-4691d542b867@group-2379F1448477-LeaderElection95] INFO  server.RaftServerConfigKeys (ConfUtils.java:logGet(44)) - raft.server.watch.element-limit = 65536 (default)
2020-07-20 08:35:38,819 [2385bf93-00fb-4b21-a15d-4691d542b867@group-2379F1448477-LeaderElection95] INFO  impl.RoleInfo (RoleInfo.java:updateAndGet(143)) - 2385bf93-00fb-4b21-a15d-4691d542b867: start LeaderState
2020-07-20 08:35:38,820 [2385bf93-00fb-4b21-a15d-4691d542b867@group-2379F1448477-LeaderElection95] INFO  segmented.SegmentedRaftLogWorker (SegmentedRaftLogWorker.java:startLogSegment(397)) - 2385bf93-00fb-4b21-a15d-4691d542b867@group-2379F1448477-SegmentedRaftLogWorker: Starting segment from index:0
2020-07-20 08:35:38,821 [2385bf93-00fb-4b21-a15d-4691d542b867@group-2379F1448477-LeaderElection95] INFO  impl.RaftServerImpl (ServerState.java:setRaftConf(356)) - 2385bf93-00fb-4b21-a15d-4691d542b867@group-2379F1448477: set configuration 0: [2385bf93-00fb-4b21-a15d-4691d542b867:172.17.0.2:36609], old=null at 0
2020-07-20 08:35:38,821 [2385bf93-00fb-4b21-a15d-4691d542b867@group-2379F1448477-SegmentedRaftLogWorker] INFO  segmented.SegmentedRaftLogWorker (SegmentedRaftLogWorker.java:execute(596)) - 2385bf93-00fb-4b21-a15d-4691d542b867@group-2379F1448477-SegmentedRaftLogWorker: created new log segment /github/workspace/mnt/ozone/hadoop-ozone/integration-test/target/test-dir/MiniOzoneClusterImpl-77fe6979-9426-4b74-982f-524262e25198/datanode-3/data/ratis/96541ff9-665c-4226-8dd9-2379f1448477/current/log_inprogress_0
2020-07-20 08:35:38,891 [Thread-3063] INFO  impl.FollowerState (FollowerState.java:run(108)) - 2385bf93-00fb-4b21-a15d-4691d542b867@group-F7B35D7D5D69-FollowerState: change to CANDIDATE, lastRpcTime:5103ms, electionTimeout:5098ms
2020-07-20 08:35:38,891 [Thread-3063] INFO  impl.RoleInfo (RoleInfo.java:shutdownFollowerState(121)) - 2385bf93-00fb-4b21-a15d-4691d542b867: shutdown FollowerState
2020-07-20 08:35:38,891 [Thread-3063] INFO  impl.RaftServerImpl (RaftServerImpl.java:setRole(175)) - 2385bf93-00fb-4b21-a15d-4691d542b867@group-F7B35D7D5D69: changes role from  FOLLOWER to CANDIDATE at term 0 for changeToCandidate
2020-07-20 08:35:38,892 [Thread-3063] INFO  impl.RoleInfo (RoleInfo.java:updateAndGet(143)) - 2385bf93-00fb-4b21-a15d-4691d542b867: start LeaderElection
2020-07-20 08:35:38,894 [2385bf93-00fb-4b21-a15d-4691d542b867@group-F7B35D7D5D69-LeaderElection96] INFO  impl.LeaderElection (LeaderElection.java:askForVotes(206)) - 2385bf93-00fb-4b21-a15d-4691d542b867@group-F7B35D7D5D69-LeaderElection96: begin an election at term 1 for -1: [2385bf93-00fb-4b21-a15d-4691d542b867:172.17.0.2:36609, be0851b3-0322-40a6-8ce8-d00f153a9faf:172.17.0.2:36267, a427f57b-033e-4f4a-af2c-a26eb345c30a:172.17.0.2:39469], old=null
2020-07-20 08:35:38,903 [grpc-default-executor-6] INFO  impl.RaftServerImpl (RaftServerImpl.java:setRole(175)) - be0851b3-0322-40a6-8ce8-d00f153a9faf@group-F7B35D7D5D69: changes role from  FOLLOWER to FOLLOWER at term 1 for recognizeCandidate:2385bf93-00fb-4b21-a15d-4691d542b867
2020-07-20 08:35:38,903 [grpc-default-executor-6] INFO  impl.RoleInfo (RoleInfo.java:shutdownFollowerState(121)) - be0851b3-0322-40a6-8ce8-d00f153a9faf: shutdown FollowerState
2020-07-20 08:35:38,904 [grpc-default-executor-6] INFO  impl.RoleInfo (RoleInfo.java:updateAndGet(143)) - be0851b3-0322-40a6-8ce8-d00f153a9faf: start FollowerState
2020-07-20 08:35:38,904 [Thread-3068] INFO  impl.FollowerState (FollowerState.java:run(117)) - be0851b3-0322-40a6-8ce8-d00f153a9faf@group-F7B35D7D5D69-FollowerState was interrupted: java.lang.InterruptedException: sleep interrupted
2020-07-20 08:35:38,916 [2385bf93-00fb-4b21-a15d-4691d542b867@group-F7B35D7D5D69-LeaderElection96] INFO  impl.LeaderElection (LeaderElection.java:logAndReturn(61)) - 2385bf93-00fb-4b21-a15d-4691d542b867@group-F7B35D7D5D69-LeaderElection96: Election PASSED; received 1 response(s) [2385bf93-00fb-4b21-a15d-4691d542b867<-be0851b3-0322-40a6-8ce8-d00f153a9faf#0:OK-t1] and 0 exception(s); 2385bf93-00fb-4b21-a15d-4691d542b867@group-F7B35D7D5D69:t1, leader=null, voted=2385bf93-00fb-4b21-a15d-4691d542b867, raftlog=2385bf93-00fb-4b21-a15d-4691d542b867@group-F7B35D7D5D69-SegmentedRaftLog:OPENED:c-1,f-1,i0, conf=-1: [2385bf93-00fb-4b21-a15d-4691d542b867:172.17.0.2:36609, be0851b3-0322-40a6-8ce8-d00f153a9faf:172.17.0.2:36267, a427f57b-033e-4f4a-af2c-a26eb345c30a:172.17.0.2:39469], old=null
2020-07-20 08:35:38,916 [2385bf93-00fb-4b21-a15d-4691d542b867@group-F7B35D7D5D69-LeaderElection96] INFO  impl.RoleInfo (RoleInfo.java:shutdownLeaderElection(134)) - 2385bf93-00fb-4b21-a15d-4691d542b867: shutdown LeaderElection
2020-07-20 08:35:38,916 [2385bf93-00fb-4b21-a15d-4691d542b867@group-F7B35D7D5D69-LeaderElection96] INFO  impl.RaftServerImpl (RaftServerImpl.java:setRole(175)) - 2385bf93-00fb-4b21-a15d-4691d542b867@group-F7B35D7D5D69: changes role from CANDIDATE to LEADER at term 1 for changeToLeader
2020-07-20 08:35:38,916 [2385bf93-00fb-4b21-a15d-4691d542b867@group-F7B35D7D5D69-LeaderElection96] INFO  ratis.XceiverServerRatis (XceiverServerRatis.java:handleLeaderChangedNotification(820)) - Leader change notification received for group: group-F7B35D7D5D69 with new leaderId: 2385bf93-00fb-4b21-a15d-4691d542b867
2020-07-20 08:35:38,916 [2385bf93-00fb-4b21-a15d-4691d542b867@group-F7B35D7D5D69-LeaderElection96] INFO  impl.RaftServerImpl (ServerState.java:setLeader(255)) - 2385bf93-00fb-4b21-a15d-4691d542b867@group-F7B35D7D5D69: change Leader from null to 2385bf93-00fb-4b21-a15d-4691d542b867 at term 1 for becomeLeader, leader elected after 5136ms
2020-07-20 08:35:38,917 [2385bf93-00fb-4b21-a15d-4691d542b867@group-F7B35D7D5D69-LeaderElection96] INFO  server.RaftServerConfigKeys (ConfUtils.java:logGet(44)) - raft.server.staging.catchup.gap = 1000 (default)
2020-07-20 08:35:38,917 [2385bf93-00fb-4b21-a15d-4691d542b867@group-F7B35D7D5D69-LeaderElection96] INFO  server.RaftServerConfigKeys (ConfUtils.java:logGet(44)) - raft.server.rpc.sleep.time = 25ms (default)
2020-07-20 08:35:38,917 [2385bf93-00fb-4b21-a15d-4691d542b867@group-F7B35D7D5D69-LeaderElection96] INFO  metrics.RatisMetrics (RatisMetrics.java:lambda$create$0(36)) - Creating Metrics Registry : ratis.log_appender.2385bf93-00fb-4b21-a15d-4691d542b867@group-F7B35D7D5D69
2020-07-20 08:35:38,917 [2385bf93-00fb-4b21-a15d-4691d542b867@group-F7B35D7D5D69-LeaderElection96] INFO  server.RaftServerConfigKeys (ConfUtils.java:logGet(44)) - raft.server.write.element-limit = 1024 (custom)
2020-07-20 08:35:38,917 [2385bf93-00fb-4b21-a15d-4691d542b867@group-F7B35D7D5D69-LeaderElection96] INFO  server.RaftServerConfigKeys (ConfUtils.java:logGet(44)) - raft.server.write.byte-limit = 1073741824 (custom)
2020-07-20 08:35:38,918 [2385bf93-00fb-4b21-a15d-4691d542b867@group-F7B35D7D5D69-LeaderElection96] INFO  server.RaftServerConfigKeys (ConfUtils.java:logGet(44)) - raft.server.watch.timeout = 3000ms (custom)
2020-07-20 08:35:38,918 [2385bf93-00fb-4b21-a15d-4691d542b867@group-F7B35D7D5D69-LeaderElection96] INFO  server.RaftServerConfigKeys (ConfUtils.java:logGet(44)) - raft.server.watch.timeout.denomination = 1s (default)
2020-07-20 08:35:38,918 [2385bf93-00fb-4b21-a15d-4691d542b867@group-F7B35D7D5D69-LeaderElection96] INFO  server.RaftServerConfigKeys (ConfUtils.java:logGet(44)) - raft.server.watch.element-limit = 65536 (default)
2020-07-20 08:35:38,918 [2385bf93-00fb-4b21-a15d-4691d542b867@group-F7B35D7D5D69-LeaderElection96] INFO  server.RaftServerConfigKeys (ConfUtils.java:logGet(44)) - raft.server.log.appender.snapshot.chunk.size.max = 16MB (=16777216) (default)
2020-07-20 08:35:38,918 [2385bf93-00fb-4b21-a15d-4691d542b867@group-F7B35D7D5D69-LeaderElection96] INFO  server.RaftServerConfigKeys (ConfUtils.java:logGet(44)) - raft.server.log.appender.buffer.byte-limit = 33554432 (custom)
2020-07-20 08:35:38,918 [2385bf93-00fb-4b21-a15d-4691d542b867@group-F7B35D7D5D69-LeaderElection96] INFO  server.RaftServerConfigKeys (ConfUtils.java:logGet(44)) - raft.server.log.appender.buffer.element-limit = 1 (custom)
2020-07-20 08:35:38,918 [2385bf93-00fb-4b21-a15d-4691d542b867@group-F7B35D7D5D69-LeaderElection96] INFO  grpc.GrpcConfigKeys (ConfUtils.java:logGet(44)) - raft.grpc.server.leader.outstanding.appends.max = 128 (default)
2020-07-20 08:35:38,918 [2385bf93-00fb-4b21-a15d-4691d542b867@group-F7B35D7D5D69-LeaderElection96] INFO  server.RaftServerConfigKeys (ConfUtils.java:logGet(44)) - raft.server.rpc.request.timeout = 3000ms (default)
2020-07-20 08:35:38,919 [2385bf93-00fb-4b21-a15d-4691d542b867@group-F7B35D7D5D69-LeaderElection96] INFO  server.RaftServerConfigKeys (ConfUtils.java:logGet(44)) - raft.server.log.appender.install.snapshot.enabled = false (custom)
2020-07-20 08:35:38,919 [2385bf93-00fb-4b21-a15d-4691d542b867@group-F7B35D7D5D69-LeaderElection96] INFO  metrics.RatisMetrics (RatisMetrics.java:lambda$create$0(36)) - Creating Metrics Registry : ratis_grpc.log_appender.2385bf93-00fb-4b21-a15d-4691d542b867@group-F7B35D7D5D69
2020-07-20 08:35:38,921 [EventQueue-PipelineReportForPipelineReportHandler] INFO  pipeline.PipelineStateManager (PipelineStateManager.java:openPipeline(131)) - Pipeline Pipeline[ Id: f1e6931a-3535-455b-b0ea-f7b35d7d5d69, Nodes: 2385bf93-00fb-4b21-a15d-4691d542b867{ip: 172.17.0.2, host: 795ad43b6c28, networkLocation: /default-rack, certSerialId: null}a427f57b-033e-4f4a-af2c-a26eb345c30a{ip: 172.17.0.2, host: 795ad43b6c28, networkLocation: /default-rack, certSerialId: null}be0851b3-0322-40a6-8ce8-d00f153a9faf{ip: 172.17.0.2, host: 795ad43b6c28, networkLocation: /default-rack, certSerialId: null}, Type:RATIS, Factor:THREE, State:ALLOCATED, leaderId:2385bf93-00fb-4b21-a15d-4691d542b867, CreationTimestamp2020-07-20T08:35:31.035Z] moved to OPEN state
2020-07-20 08:35:38,928 [grpc-default-executor-6] INFO  impl.RaftServerImpl (RaftServerImpl.java:setRole(175)) - a427f57b-033e-4f4a-af2c-a26eb345c30a@group-F7B35D7D5D69: changes role from  FOLLOWER to FOLLOWER at term 1 for recognizeCandidate:2385bf93-00fb-4b21-a15d-4691d542b867
2020-07-20 08:35:38,928 [grpc-default-executor-6] INFO  impl.RoleInfo (RoleInfo.java:shutdownFollowerState(121)) - a427f57b-033e-4f4a-af2c-a26eb345c30a: shutdown FollowerState
2020-07-20 08:35:38,928 [grpc-default-executor-6] INFO  impl.RoleInfo (RoleInfo.java:updateAndGet(143)) - a427f57b-033e-4f4a-af2c-a26eb345c30a: start FollowerState
2020-07-20 08:35:38,929 [Thread-3065] INFO  impl.FollowerState (FollowerState.java:run(117)) - a427f57b-033e-4f4a-af2c-a26eb345c30a@group-F7B35D7D5D69-FollowerState was interrupted: java.lang.InterruptedException: sleep interrupted
2020-07-20 08:35:38,929 [2385bf93-00fb-4b21-a15d-4691d542b867@group-F7B35D7D5D69-LeaderElection96] INFO  server.RaftServerConfigKeys (ConfUtils.java:logGet(44)) - raft.server.log.appender.snapshot.chunk.size.max = 16MB (=16777216) (default)
2020-07-20 08:35:38,929 [2385bf93-00fb-4b21-a15d-4691d542b867@group-F7B35D7D5D69-LeaderElection96] INFO  server.RaftServerConfigKeys (ConfUtils.java:logGet(44)) - raft.server.log.appender.buffer.byte-limit = 33554432 (custom)
2020-07-20 08:35:38,929 [2385bf93-00fb-4b21-a15d-4691d542b867@group-F7B35D7D5D69-LeaderElection96] INFO  server.RaftServerConfigKeys (ConfUtils.java:logGet(44)) - raft.server.log.appender.buffer.element-limit = 1 (custom)
2020-07-20 08:35:38,929 [2385bf93-00fb-4b21-a15d-4691d542b867@group-F7B35D7D5D69-LeaderElection96] INFO  grpc.GrpcConfigKeys (ConfUtils.java:logGet(44)) - raft.grpc.server.leader.outstanding.appends.max = 128 (default)
2020-07-20 08:35:38,929 [2385bf93-00fb-4b21-a15d-4691d542b867@group-F7B35D7D5D69-LeaderElection96] INFO  server.RaftServerConfigKeys (ConfUtils.java:logGet(44)) - raft.server.rpc.request.timeout = 3000ms (default)
2020-07-20 08:35:38,929 [2385bf93-00fb-4b21-a15d-4691d542b867@group-F7B35D7D5D69-LeaderElection96] INFO  server.RaftServerConfigKeys (ConfUtils.java:logGet(44)) - raft.server.log.appender.install.snapshot.enabled = false (custom)
2020-07-20 08:35:38,934 [2385bf93-00fb-4b21-a15d-4691d542b867@group-F7B35D7D5D69-LeaderElection96] INFO  impl.RoleInfo (RoleInfo.java:updateAndGet(143)) - 2385bf93-00fb-4b21-a15d-4691d542b867: start LeaderState
2020-07-20 08:35:38,935 [2385bf93-00fb-4b21-a15d-4691d542b867@group-F7B35D7D5D69-LeaderElection96] INFO  segmented.SegmentedRaftLogWorker (SegmentedRaftLogWorker.java:startLogSegment(397)) - 2385bf93-00fb-4b21-a15d-4691d542b867@group-F7B35D7D5D69-SegmentedRaftLogWorker: Starting segment from index:0
2020-07-20 08:35:38,936 [2385bf93-00fb-4b21-a15d-4691d542b867@group-F7B35D7D5D69-LeaderElection96] INFO  impl.RaftServerImpl (ServerState.java:setRaftConf(356)) - 2385bf93-00fb-4b21-a15d-4691d542b867@group-F7B35D7D5D69: set configuration 0: [2385bf93-00fb-4b21-a15d-4691d542b867:172.17.0.2:36609, be0851b3-0322-40a6-8ce8-d00f153a9faf:172.17.0.2:36267, a427f57b-033e-4f4a-af2c-a26eb345c30a:172.17.0.2:39469], old=null at 0
2020-07-20 08:35:38,936 [2385bf93-00fb-4b21-a15d-4691d542b867@group-F7B35D7D5D69-SegmentedRaftLogWorker] INFO  segmented.SegmentedRaftLogWorker (SegmentedRaftLogWorker.java:execute(596)) - 2385bf93-00fb-4b21-a15d-4691d542b867@group-F7B35D7D5D69-SegmentedRaftLogWorker: created new log segment /github/workspace/mnt/ozone/hadoop-ozone/integration-test/target/test-dir/MiniOzoneClusterImpl-77fe6979-9426-4b74-982f-524262e25198/datanode-3/data/ratis/f1e6931a-3535-455b-b0ea-f7b35d7d5d69/current/log_inprogress_0
2020-07-20 08:35:38,938 [Thread-3079] INFO  impl.FollowerState (FollowerState.java:run(108)) - be0851b3-0322-40a6-8ce8-d00f153a9faf@group-58530E919918-FollowerState: change to CANDIDATE, lastRpcTime:5013ms, electionTimeout:5012ms
2020-07-20 08:35:38,939 [Thread-3071] INFO  impl.FollowerState (FollowerState.java:run(108)) - 2385bf93-00fb-4b21-a15d-4691d542b867@group-810B540DED91-FollowerState: change to CANDIDATE, lastRpcTime:5084ms, electionTimeout:5084ms
2020-07-20 08:35:38,943 [Thread-3079] INFO  impl.RoleInfo (RoleInfo.java:shutdownFollowerState(121)) - be0851b3-0322-40a6-8ce8-d00f153a9faf: shutdown FollowerState
2020-07-20 08:35:38,943 [Thread-3079] INFO  impl.RaftServerImpl (RaftServerImpl.java:setRole(175)) - be0851b3-0322-40a6-8ce8-d00f153a9faf@group-58530E919918: changes role from  FOLLOWER to CANDIDATE at term 0 for changeToCandidate
2020-07-20 08:35:38,943 [Thread-3079] INFO  impl.RoleInfo (RoleInfo.java:updateAndGet(143)) - be0851b3-0322-40a6-8ce8-d00f153a9faf: start LeaderElection
2020-07-20 08:35:38,945 [Thread-3071] INFO  impl.RoleInfo (RoleInfo.java:shutdownFollowerState(121)) - 2385bf93-00fb-4b21-a15d-4691d542b867: shutdown FollowerState
2020-07-20 08:35:38,945 [Thread-3071] INFO  impl.RaftServerImpl (RaftServerImpl.java:setRole(175)) - 2385bf93-00fb-4b21-a15d-4691d542b867@group-810B540DED91: changes role from  FOLLOWER to CANDIDATE at term 0 for changeToCandidate
2020-07-20 08:35:38,945 [Thread-3071] INFO  impl.RoleInfo (RoleInfo.java:updateAndGet(143)) - 2385bf93-00fb-4b21-a15d-4691d542b867: start LeaderElection
2020-07-20 08:35:38,951 [Thread-3077] INFO  impl.FollowerState (FollowerState.java:run(108)) - be0851b3-0322-40a6-8ce8-d00f153a9faf@group-810B540DED91-FollowerState: change to CANDIDATE, lastRpcTime:5033ms, electionTimeout:5033ms
2020-07-20 08:35:38,951 [grpc-default-executor-6] INFO  ratis.XceiverServerRatis (XceiverServerRatis.java:handleLeaderChangedNotification(820)) - Leader change notification received for group: group-F7B35D7D5D69 with new leaderId: 2385bf93-00fb-4b21-a15d-4691d542b867
2020-07-20 08:35:38,952 [grpc-default-executor-6] INFO  impl.RaftServerImpl (ServerState.java:setLeader(255)) - be0851b3-0322-40a6-8ce8-d00f153a9faf@group-F7B35D7D5D69: change Leader from null to 2385bf93-00fb-4b21-a15d-4691d542b867 at term 1 for appendEntries, leader elected after 5119ms
2020-07-20 08:35:38,956 [be0851b3-0322-40a6-8ce8-d00f153a9faf@group-58530E919918-LeaderElection97] INFO  impl.LeaderElection (LeaderElection.java:askForVotes(206)) - be0851b3-0322-40a6-8ce8-d00f153a9faf@group-58530E919918-LeaderElection97: begin an election at term 1 for -1: [be0851b3-0322-40a6-8ce8-d00f153a9faf:172.17.0.2:36267], old=null
2020-07-20 08:35:38,956 [be0851b3-0322-40a6-8ce8-d00f153a9faf@group-58530E919918-LeaderElection97] INFO  impl.RoleInfo (RoleInfo.java:shutdownLeaderElection(134)) - be0851b3-0322-40a6-8ce8-d00f153a9faf: shutdown LeaderElection
2020-07-20 08:35:38,956 [be0851b3-0322-40a6-8ce8-d00f153a9faf@group-58530E919918-LeaderElection97] INFO  impl.RaftServerImpl (RaftServerImpl.java:setRole(175)) - be0851b3-0322-40a6-8ce8-d00f153a9faf@group-58530E919918: changes role from CANDIDATE to LEADER at term 1 for changeToLeader
2020-07-20 08:35:38,956 [be0851b3-0322-40a6-8ce8-d00f153a9faf@group-58530E919918-LeaderElection97] INFO  ratis.XceiverServerRatis (XceiverServerRatis.java:handleLeaderChangedNotification(820)) - Leader change notification received for group: group-58530E919918 with new leaderId: be0851b3-0322-40a6-8ce8-d00f153a9faf
2020-07-20 08:35:38,956 [be0851b3-0322-40a6-8ce8-d00f153a9faf@group-58530E919918-LeaderElection97] INFO  impl.RaftServerImpl (ServerState.java:setLeader(255)) - be0851b3-0322-40a6-8ce8-d00f153a9faf@group-58530E919918: change Leader from null to be0851b3-0322-40a6-8ce8-d00f153a9faf at term 1 for becomeLeader, leader elected after 5046ms
2020-07-20 08:35:38,958 [be0851b3-0322-40a6-8ce8-d00f153a9faf@group-58530E919918-LeaderElection97] INFO  server.RaftServerConfigKeys (ConfUtils.java:logGet(44)) - raft.server.staging.catchup.gap = 1000 (default)
2020-07-20 08:35:38,958 [be0851b3-0322-40a6-8ce8-d00f153a9faf@group-58530E919918-LeaderElection97] INFO  server.RaftServerConfigKeys (ConfUtils.java:logGet(44)) - raft.server.rpc.sleep.time = 25ms (default)
2020-07-20 08:35:38,958 [be0851b3-0322-40a6-8ce8-d00f153a9faf@group-58530E919918-LeaderElection97] INFO  metrics.RatisMetrics (RatisMetrics.java:lambda$create$0(36)) - Creating Metrics Registry : ratis.log_appender.be0851b3-0322-40a6-8ce8-d00f153a9faf@group-58530E919918
2020-07-20 08:35:38,959 [be0851b3-0322-40a6-8ce8-d00f153a9faf@group-58530E919918-LeaderElection97] INFO  server.RaftServerConfigKeys (ConfUtils.java:logGet(44)) - raft.server.write.element-limit = 1024 (custom)
2020-07-20 08:35:38,959 [be0851b3-0322-40a6-8ce8-d00f153a9faf@group-58530E919918-LeaderElection97] INFO  server.RaftServerConfigKeys (ConfUtils.java:logGet(44)) - raft.server.write.byte-limit = 1073741824 (custom)
2020-07-20 08:35:38,964 [2385bf93-00fb-4b21-a15d-4691d542b867@group-810B540DED91-LeaderElection98] INFO  impl.LeaderElection (LeaderElection.java:askForVotes(206)) - 2385bf93-00fb-4b21-a15d-4691d542b867@group-810B540DED91-LeaderElection98: begin an election at term 1 for -1: [2385bf93-00fb-4b21-a15d-4691d542b867:172.17.0.2:36609, be0851b3-0322-40a6-8ce8-d00f153a9faf:172.17.0.2:36267, a427f57b-033e-4f4a-af2c-a26eb345c30a:172.17.0.2:39469], old=null
2020-07-20 08:35:38,965 [grpc-default-executor-5] INFO  ratis.XceiverServerRatis (XceiverServerRatis.java:handleLeaderChangedNotification(820)) - Leader change notification received for group: group-F7B35D7D5D69 with new leaderId: 2385bf93-00fb-4b21-a15d-4691d542b867
2020-07-20 08:35:38,965 [grpc-default-executor-5] INFO  impl.RaftServerImpl (ServerState.java:setLeader(255)) - a427f57b-033e-4f4a-af2c-a26eb345c30a@group-F7B35D7D5D69: change Leader from null to 2385bf93-00fb-4b21-a15d-4691d542b867 at term 1 for appendEntries, leader elected after 5155ms
2020-07-20 08:35:38,972 [grpc-default-executor-2] INFO  impl.RaftServerImpl (RaftServerImpl.java:setRole(175)) - a427f57b-033e-4f4a-af2c-a26eb345c30a@group-810B540DED91: changes role from  FOLLOWER to FOLLOWER at term 1 for recognizeCandidate:2385bf93-00fb-4b21-a15d-4691d542b867
2020-07-20 08:35:38,972 [grpc-default-executor-2] INFO  impl.RoleInfo (RoleInfo.java:shutdownFollowerState(121)) - a427f57b-033e-4f4a-af2c-a26eb345c30a: shutdown FollowerState
2020-07-20 08:35:38,972 [grpc-default-executor-2] INFO  impl.RoleInfo (RoleInfo.java:updateAndGet(143)) - a427f57b-033e-4f4a-af2c-a26eb345c30a: start FollowerState
2020-07-20 08:35:38,972 [Thread-3073] INFO  impl.FollowerState (FollowerState.java:run(117)) - a427f57b-033e-4f4a-af2c-a26eb345c30a@group-810B540DED91-FollowerState was interrupted: java.lang.InterruptedException: sleep interrupted
2020-07-20 08:35:38,977 [Thread-3077] INFO  impl.RoleInfo (RoleInfo.java:shutdownFollowerState(121)) - be0851b3-0322-40a6-8ce8-d00f153a9faf: shutdown FollowerState
2020-07-20 08:35:38,977 [Thread-3077] INFO  impl.RaftServerImpl (RaftServerImpl.java:setRole(175)) - be0851b3-0322-40a6-8ce8-d00f153a9faf@group-810B540DED91: changes role from  FOLLOWER to CANDIDATE at term 0 for changeToCandidate
2020-07-20 08:35:38,977 [Thread-3077] INFO  impl.RoleInfo (RoleInfo.java:updateAndGet(143)) - be0851b3-0322-40a6-8ce8-d00f153a9faf: start LeaderElection
2020-07-20 08:35:38,977 [2385bf93-00fb-4b21-a15d-4691d542b867@group-810B540DED91-LeaderElection98] INFO  impl.LeaderElection (LeaderElection.java:logAndReturn(61)) - 2385bf93-00fb-4b21-a15d-4691d542b867@group-810B540DED91-LeaderElection98: Election PASSED; received 1 response(s) [2385bf93-00fb-4b21-a15d-4691d542b867<-a427f57b-033e-4f4a-af2c-a26eb345c30a#0:OK-t1] and 0 exception(s); 2385bf93-00fb-4b21-a15d-4691d542b867@group-810B540DED91:t1, leader=null, voted=2385bf93-00fb-4b21-a15d-4691d542b867, raftlog=2385bf93-00fb-4b21-a15d-4691d542b867@group-810B540DED91-SegmentedRaftLog:OPENED:c-1,f-1,i0, conf=-1: [2385bf93-00fb-4b21-a15d-4691d542b867:172.17.0.2:36609, be0851b3-0322-40a6-8ce8-d00f153a9faf:172.17.0.2:36267, a427f57b-033e-4f4a-af2c-a26eb345c30a:172.17.0.2:39469], old=null
2020-07-20 08:35:38,978 [2385bf93-00fb-4b21-a15d-4691d542b867@group-810B540DED91-LeaderElection98] INFO  impl.RoleInfo (RoleInfo.java:shutdownLeaderElection(134)) - 2385bf93-00fb-4b21-a15d-4691d542b867: shutdown LeaderElection
2020-07-20 08:35:38,978 [2385bf93-00fb-4b21-a15d-4691d542b867@group-810B540DED91-LeaderElection98] INFO  impl.RaftServerImpl (RaftServerImpl.java:setRole(175)) - 2385bf93-00fb-4b21-a15d-4691d542b867@group-810B540DED91: changes role from CANDIDATE to LEADER at term 1 for changeToLeader
2020-07-20 08:35:38,978 [2385bf93-00fb-4b21-a15d-4691d542b867@group-810B540DED91-LeaderElection98] INFO  ratis.XceiverServerRatis (XceiverServerRatis.java:handleLeaderChangedNotification(820)) - Leader change notification received for group: group-810B540DED91 with new leaderId: 2385bf93-00fb-4b21-a15d-4691d542b867
2020-07-20 08:35:38,978 [2385bf93-00fb-4b21-a15d-4691d542b867@group-810B540DED91-LeaderElection98] INFO  impl.RaftServerImpl (ServerState.java:setLeader(255)) - 2385bf93-00fb-4b21-a15d-4691d542b867@group-810B540DED91: change Leader from null to 2385bf93-00fb-4b21-a15d-4691d542b867 at term 1 for becomeLeader, leader elected after 5130ms
2020-07-20 08:35:38,978 [2385bf93-00fb-4b21-a15d-4691d542b867@group-810B540DED91-LeaderElection98] INFO  server.RaftServerConfigKeys (ConfUtils.java:logGet(44)) - raft.server.staging.catchup.gap = 1000 (default)
2020-07-20 08:35:38,978 [2385bf93-00fb-4b21-a15d-4691d542b867@group-810B540DED91-LeaderElection98] INFO  server.RaftServerConfigKeys (ConfUtils.java:logGet(44)) - raft.server.rpc.sleep.time = 25ms (default)
2020-07-20 08:35:38,978 [2385bf93-00fb-4b21-a15d-4691d542b867@group-810B540DED91-LeaderElection98] INFO  metrics.RatisMetrics (RatisMetrics.java:lambda$create$0(36)) - Creating Metrics Registry : ratis.log_appender.2385bf93-00fb-4b21-a15d-4691d542b867@group-810B540DED91
2020-07-20 08:35:38,978 [2385bf93-00fb-4b21-a15d-4691d542b867@group-810B540DED91-LeaderElection98] INFO  server.RaftServerConfigKeys (ConfUtils.java:logGet(44)) - raft.server.write.element-limit = 1024 (custom)
2020-07-20 08:35:38,978 [2385bf93-00fb-4b21-a15d-4691d542b867@group-810B540DED91-LeaderElection98] INFO  server.RaftServerConfigKeys (ConfUtils.java:logGet(44)) - raft.server.write.byte-limit = 1073741824 (custom)
2020-07-20 08:35:38,979 [EventQueue-PipelineReportForPipelineReportHandler] INFO  pipeline.PipelineStateManager (PipelineStateManager.java:openPipeline(131)) - Pipeline Pipeline[ Id: 880b83f7-33db-4677-b2a6-810b540ded91, Nodes: 2385bf93-00fb-4b21-a15d-4691d542b867{ip: 172.17.0.2, host: 795ad43b6c28, networkLocation: /default-rack, certSerialId: null}a427f57b-033e-4f4a-af2c-a26eb345c30a{ip: 172.17.0.2, host: 795ad43b6c28, networkLocation: /default-rack, certSerialId: null}be0851b3-0322-40a6-8ce8-d00f153a9faf{ip: 172.17.0.2, host: 795ad43b6c28, networkLocation: /default-rack, certSerialId: null}, Type:RATIS, Factor:THREE, State:ALLOCATED, leaderId:2385bf93-00fb-4b21-a15d-4691d542b867, CreationTimestamp2020-07-20T08:35:31.035Z] moved to OPEN state
2020-07-20 08:35:38,992 [grpc-default-executor-2] INFO  impl.RaftServerImpl (ServerState.java:setRaftConf(356)) - be0851b3-0322-40a6-8ce8-d00f153a9faf@group-F7B35D7D5D69: set configuration 0: [2385bf93-00fb-4b21-a15d-4691d542b867:172.17.0.2:36609, be0851b3-0322-40a6-8ce8-d00f153a9faf:172.17.0.2:36267, a427f57b-033e-4f4a-af2c-a26eb345c30a:172.17.0.2:39469], old=null at 0
2020-07-20 08:35:38,993 [be0851b3-0322-40a6-8ce8-d00f153a9faf@group-810B540DED91-LeaderElection99] INFO  impl.LeaderElection (LeaderElection.java:askForVotes(206)) - be0851b3-0322-40a6-8ce8-d00f153a9faf@group-810B540DED91-LeaderElection99: begin an election at term 1 for -1: [2385bf93-00fb-4b21-a15d-4691d542b867:172.17.0.2:36609, be0851b3-0322-40a6-8ce8-d00f153a9faf:172.17.0.2:36267, a427f57b-033e-4f4a-af2c-a26eb345c30a:172.17.0.2:39469], old=null
2020-07-20 08:35:38,994 [be0851b3-0322-40a6-8ce8-d00f153a9faf@group-58530E919918-LeaderElection97] INFO  server.RaftServerConfigKeys (ConfUtils.java:logGet(44)) - raft.server.watch.timeout = 3000ms (custom)
2020-07-20 08:35:38,994 [be0851b3-0322-40a6-8ce8-d00f153a9faf@group-58530E919918-LeaderElection97] INFO  server.RaftServerConfigKeys (ConfUtils.java:logGet(44)) - raft.server.watch.timeout.denomination = 1s (default)
2020-07-20 08:35:38,994 [be0851b3-0322-40a6-8ce8-d00f153a9faf@group-58530E919918-LeaderElection97] INFO  server.RaftServerConfigKeys (ConfUtils.java:logGet(44)) - raft.server.watch.element-limit = 65536 (default)
2020-07-20 08:35:38,995 [be0851b3-0322-40a6-8ce8-d00f153a9faf@group-58530E919918-LeaderElection97] INFO  impl.RoleInfo (RoleInfo.java:updateAndGet(143)) - be0851b3-0322-40a6-8ce8-d00f153a9faf: start LeaderState
2020-07-20 08:35:39,000 [grpc-default-executor-6] INFO  impl.RaftServerImpl (ServerState.java:setRaftConf(356)) - a427f57b-033e-4f4a-af2c-a26eb345c30a@group-F7B35D7D5D69: set configuration 0: [2385bf93-00fb-4b21-a15d-4691d542b867:172.17.0.2:36609, be0851b3-0322-40a6-8ce8-d00f153a9faf:172.17.0.2:36267, a427f57b-033e-4f4a-af2c-a26eb345c30a:172.17.0.2:39469], old=null at 0
2020-07-20 08:35:39,001 [2385bf93-00fb-4b21-a15d-4691d542b867@group-810B540DED91-LeaderElection98] INFO  server.RaftServerConfigKeys (ConfUtils.java:logGet(44)) - raft.server.watch.timeout = 3000ms (custom)
2020-07-20 08:35:39,001 [2385bf93-00fb-4b21-a15d-4691d542b867@group-810B540DED91-LeaderElection98] INFO  server.RaftServerConfigKeys (ConfUtils.java:logGet(44)) - raft.server.watch.timeout.denomination = 1s (default)
2020-07-20 08:35:39,001 [2385bf93-00fb-4b21-a15d-4691d542b867@group-810B540DED91-LeaderElection98] INFO  server.RaftServerConfigKeys (ConfUtils.java:logGet(44)) - raft.server.watch.element-limit = 65536 (default)
2020-07-20 08:35:39,001 [grpc-default-executor-2] INFO  segmented.SegmentedRaftLogWorker (SegmentedRaftLogWorker.java:startLogSegment(397)) - be0851b3-0322-40a6-8ce8-d00f153a9faf@group-F7B35D7D5D69-SegmentedRaftLogWorker: Starting segment from index:0
2020-07-20 08:35:39,001 [2385bf93-00fb-4b21-a15d-4691d542b867@group-810B540DED91-LeaderElection98] INFO  server.RaftServerConfigKeys (ConfUtils.java:logGet(44)) - raft.server.log.appender.snapshot.chunk.size.max = 16MB (=16777216) (default)
2020-07-20 08:35:39,001 [2385bf93-00fb-4b21-a15d-4691d542b867@group-810B540DED91-LeaderElection98] INFO  server.RaftServerConfigKeys (ConfUtils.java:logGet(44)) - raft.server.log.appender.buffer.byte-limit = 33554432 (custom)
2020-07-20 08:35:39,001 [2385bf93-00fb-4b21-a15d-4691d542b867@group-810B540DED91-LeaderElection98] INFO  server.RaftServerConfigKeys (ConfUtils.java:logGet(44)) - raft.server.log.appender.buffer.element-limit = 1 (custom)
2020-07-20 08:35:39,002 [2385bf93-00fb-4b21-a15d-4691d542b867@group-810B540DED91-LeaderElection98] INFO  grpc.GrpcConfigKeys (ConfUtils.java:logGet(44)) - raft.grpc.server.leader.outstanding.appends.max = 128 (default)
2020-07-20 08:35:39,002 [2385bf93-00fb-4b21-a15d-4691d542b867@group-810B540DED91-LeaderElection98] INFO  server.RaftServerConfigKeys (ConfUtils.java:logGet(44)) - raft.server.rpc.request.timeout = 3000ms (default)
2020-07-20 08:35:39,002 [2385bf93-00fb-4b21-a15d-4691d542b867@group-810B540DED91-LeaderElection98] INFO  server.RaftServerConfigKeys (ConfUtils.java:logGet(44)) - raft.server.log.appender.install.snapshot.enabled = false (custom)
2020-07-20 08:35:39,002 [2385bf93-00fb-4b21-a15d-4691d542b867@group-810B540DED91-LeaderElection98] INFO  metrics.RatisMetrics (RatisMetrics.java:lambda$create$0(36)) - Creating Metrics Registry : ratis_grpc.log_appender.2385bf93-00fb-4b21-a15d-4691d542b867@group-810B540DED91
2020-07-20 08:35:39,002 [grpc-default-executor-6] INFO  segmented.SegmentedRaftLogWorker (SegmentedRaftLogWorker.java:startLogSegment(397)) - a427f57b-033e-4f4a-af2c-a26eb345c30a@group-F7B35D7D5D69-SegmentedRaftLogWorker: Starting segment from index:0
2020-07-20 08:35:39,003 [be0851b3-0322-40a6-8ce8-d00f153a9faf@group-F7B35D7D5D69-SegmentedRaftLogWorker] INFO  segmented.SegmentedRaftLogWorker (SegmentedRaftLogWorker.java:execute(596)) - be0851b3-0322-40a6-8ce8-d00f153a9faf@group-F7B35D7D5D69-SegmentedRaftLogWorker: created new log segment /github/workspace/mnt/ozone/hadoop-ozone/integration-test/target/test-dir/MiniOzoneClusterImpl-77fe6979-9426-4b74-982f-524262e25198/datanode-4/data/ratis/f1e6931a-3535-455b-b0ea-f7b35d7d5d69/current/log_inprogress_0
2020-07-20 08:35:39,005 [be0851b3-0322-40a6-8ce8-d00f153a9faf@group-58530E919918-LeaderElection97] INFO  segmented.SegmentedRaftLogWorker (SegmentedRaftLogWorker.java:startLogSegment(397)) - be0851b3-0322-40a6-8ce8-d00f153a9faf@group-58530E919918-SegmentedRaftLogWorker: Starting segment from index:0
2020-07-20 08:35:39,006 [a427f57b-033e-4f4a-af2c-a26eb345c30a@group-F7B35D7D5D69-SegmentedRaftLogWorker] INFO  segmented.SegmentedRaftLogWorker (SegmentedRaftLogWorker.java:execute(596)) - a427f57b-033e-4f4a-af2c-a26eb345c30a@group-F7B35D7D5D69-SegmentedRaftLogWorker: created new log segment /github/workspace/mnt/ozone/hadoop-ozone/integration-test/target/test-dir/MiniOzoneClusterImpl-77fe6979-9426-4b74-982f-524262e25198/datanode-5/data/ratis/f1e6931a-3535-455b-b0ea-f7b35d7d5d69/current/log_inprogress_0
2020-07-20 08:35:39,017 [be0851b3-0322-40a6-8ce8-d00f153a9faf@group-58530E919918-LeaderElection97] INFO  impl.RaftServerImpl (ServerState.java:setRaftConf(356)) - be0851b3-0322-40a6-8ce8-d00f153a9faf@group-58530E919918: set configuration 0: [be0851b3-0322-40a6-8ce8-d00f153a9faf:172.17.0.2:36267], old=null at 0
2020-07-20 08:35:39,018 [be0851b3-0322-40a6-8ce8-d00f153a9faf@group-58530E919918-SegmentedRaftLogWorker] INFO  segmented.SegmentedRaftLogWorker (SegmentedRaftLogWorker.java:execute(596)) - be0851b3-0322-40a6-8ce8-d00f153a9faf@group-58530E919918-SegmentedRaftLogWorker: created new log segment /github/workspace/mnt/ozone/hadoop-ozone/integration-test/target/test-dir/MiniOzoneClusterImpl-77fe6979-9426-4b74-982f-524262e25198/datanode-4/data/ratis/8ee1dee4-40ce-41a1-8fc0-58530e919918/current/log_inprogress_0
2020-07-20 08:35:39,029 [2385bf93-00fb-4b21-a15d-4691d542b867@group-810B540DED91-LeaderElection98] INFO  server.RaftServerConfigKeys (ConfUtils.java:logGet(44)) - raft.server.log.appender.snapshot.chunk.size.max = 16MB (=16777216) (default)
2020-07-20 08:35:39,029 [2385bf93-00fb-4b21-a15d-4691d542b867@group-810B540DED91-LeaderElection98] INFO  server.RaftServerConfigKeys (ConfUtils.java:logGet(44)) - raft.server.log.appender.buffer.byte-limit = 33554432 (custom)
2020-07-20 08:35:39,030 [2385bf93-00fb-4b21-a15d-4691d542b867@group-810B540DED91-LeaderElection98] INFO  server.RaftServerConfigKeys (ConfUtils.java:logGet(44)) - raft.server.log.appender.buffer.element-limit = 1 (custom)
2020-07-20 08:35:39,030 [2385bf93-00fb-4b21-a15d-4691d542b867@group-810B540DED91-LeaderElection98] INFO  grpc.GrpcConfigKeys (ConfUtils.java:logGet(44)) - raft.grpc.server.leader.outstanding.appends.max = 128 (default)
2020-07-20 08:35:39,030 [2385bf93-00fb-4b21-a15d-4691d542b867@group-810B540DED91-LeaderElection98] INFO  server.RaftServerConfigKeys (ConfUtils.java:logGet(44)) - raft.server.rpc.request.timeout = 3000ms (default)
2020-07-20 08:35:39,030 [2385bf93-00fb-4b21-a15d-4691d542b867@group-810B540DED91-LeaderElection98] INFO  server.RaftServerConfigKeys (ConfUtils.java:logGet(44)) - raft.server.log.appender.install.snapshot.enabled = false (custom)
2020-07-20 08:35:39,033 [2385bf93-00fb-4b21-a15d-4691d542b867@group-810B540DED91-LeaderElection98] INFO  impl.RoleInfo (RoleInfo.java:updateAndGet(143)) - 2385bf93-00fb-4b21-a15d-4691d542b867: start LeaderState
2020-07-20 08:35:39,033 [2385bf93-00fb-4b21-a15d-4691d542b867@group-810B540DED91-LeaderElection98] INFO  segmented.SegmentedRaftLogWorker (SegmentedRaftLogWorker.java:startLogSegment(397)) - 2385bf93-00fb-4b21-a15d-4691d542b867@group-810B540DED91-SegmentedRaftLogWorker: Starting segment from index:0
2020-07-20 08:35:39,034 [2385bf93-00fb-4b21-a15d-4691d542b867@group-810B540DED91-SegmentedRaftLogWorker] INFO  segmented.SegmentedRaftLogWorker (SegmentedRaftLogWorker.java:execute(596)) - 2385bf93-00fb-4b21-a15d-4691d542b867@group-810B540DED91-SegmentedRaftLogWorker: created new log segment /github/workspace/mnt/ozone/hadoop-ozone/integration-test/target/test-dir/MiniOzoneClusterImpl-77fe6979-9426-4b74-982f-524262e25198/datanode-3/data/ratis/880b83f7-33db-4677-b2a6-810b540ded91/current/log_inprogress_0
2020-07-20 08:35:39,035 [2385bf93-00fb-4b21-a15d-4691d542b867@group-810B540DED91-LeaderElection98] INFO  impl.RaftServerImpl (ServerState.java:setRaftConf(356)) - 2385bf93-00fb-4b21-a15d-4691d542b867@group-810B540DED91: set configuration 0: [2385bf93-00fb-4b21-a15d-4691d542b867:172.17.0.2:36609, be0851b3-0322-40a6-8ce8-d00f153a9faf:172.17.0.2:36267, a427f57b-033e-4f4a-af2c-a26eb345c30a:172.17.0.2:39469], old=null at 0
2020-07-20 08:35:39,035 [grpc-default-executor-1] INFO  impl.RaftServerImpl (RaftServerImpl.java:requestVote(832)) - 2385bf93-00fb-4b21-a15d-4691d542b867@group-810B540DED91-   LEADER: Withhold vote from candidate be0851b3-0322-40a6-8ce8-d00f153a9faf with term 1. State: leader=2385bf93-00fb-4b21-a15d-4691d542b867, term=1, lastRpcElapsed=null
2020-07-20 08:35:39,036 [be0851b3-0322-40a6-8ce8-d00f153a9faf@group-810B540DED91-LeaderElection99] INFO  impl.LeaderElection (LeaderElection.java:logAndReturn(61)) - be0851b3-0322-40a6-8ce8-d00f153a9faf@group-810B540DED91-LeaderElection99: Election REJECTED; received 2 response(s) [be0851b3-0322-40a6-8ce8-d00f153a9faf<-2385bf93-00fb-4b21-a15d-4691d542b867#0:FAIL-t1, be0851b3-0322-40a6-8ce8-d00f153a9faf<-a427f57b-033e-4f4a-af2c-a26eb345c30a#0:FAIL-t1] and 0 exception(s); be0851b3-0322-40a6-8ce8-d00f153a9faf@group-810B540DED91:t1, leader=null, voted=be0851b3-0322-40a6-8ce8-d00f153a9faf, raftlog=be0851b3-0322-40a6-8ce8-d00f153a9faf@group-810B540DED91-SegmentedRaftLog:OPENED:c-1,f-1,i0, conf=-1: [2385bf93-00fb-4b21-a15d-4691d542b867:172.17.0.2:36609, be0851b3-0322-40a6-8ce8-d00f153a9faf:172.17.0.2:36267, a427f57b-033e-4f4a-af2c-a26eb345c30a:172.17.0.2:39469], old=null
2020-07-20 08:35:39,036 [be0851b3-0322-40a6-8ce8-d00f153a9faf@group-810B540DED91-LeaderElection99] INFO  impl.RaftServerImpl (RaftServerImpl.java:setRole(175)) - be0851b3-0322-40a6-8ce8-d00f153a9faf@group-810B540DED91: changes role from CANDIDATE to FOLLOWER at term 1 for DISCOVERED_A_NEW_TERM
2020-07-20 08:35:39,036 [be0851b3-0322-40a6-8ce8-d00f153a9faf@group-810B540DED91-LeaderElection99] INFO  impl.RoleInfo (RoleInfo.java:shutdownLeaderElection(134)) - be0851b3-0322-40a6-8ce8-d00f153a9faf: shutdown LeaderElection
2020-07-20 08:35:39,036 [be0851b3-0322-40a6-8ce8-d00f153a9faf@group-810B540DED91-LeaderElection99] INFO  impl.RoleInfo (RoleInfo.java:updateAndGet(143)) - be0851b3-0322-40a6-8ce8-d00f153a9faf: start FollowerState
2020-07-20 08:35:39,046 [grpc-default-executor-2] INFO  ratis.XceiverServerRatis (XceiverServerRatis.java:handleLeaderChangedNotification(820)) - Leader change notification received for group: group-810B540DED91 with new leaderId: 2385bf93-00fb-4b21-a15d-4691d542b867
2020-07-20 08:35:39,046 [grpc-default-executor-2] INFO  impl.RaftServerImpl (ServerState.java:setLeader(255)) - be0851b3-0322-40a6-8ce8-d00f153a9faf@group-810B540DED91: change Leader from null to 2385bf93-00fb-4b21-a15d-4691d542b867 at term 1 for appendEntries, leader elected after 5147ms
2020-07-20 08:35:39,047 [grpc-default-executor-2] INFO  impl.RaftServerImpl (ServerState.java:setRaftConf(356)) - be0851b3-0322-40a6-8ce8-d00f153a9faf@group-810B540DED91: set configuration 0: [2385bf93-00fb-4b21-a15d-4691d542b867:172.17.0.2:36609, be0851b3-0322-40a6-8ce8-d00f153a9faf:172.17.0.2:36267, a427f57b-033e-4f4a-af2c-a26eb345c30a:172.17.0.2:39469], old=null at 0
2020-07-20 08:35:39,048 [grpc-default-executor-2] INFO  segmented.SegmentedRaftLogWorker (SegmentedRaftLogWorker.java:startLogSegment(397)) - be0851b3-0322-40a6-8ce8-d00f153a9faf@group-810B540DED91-SegmentedRaftLogWorker: Starting segment from index:0
2020-07-20 08:35:39,050 [be0851b3-0322-40a6-8ce8-d00f153a9faf@group-810B540DED91-SegmentedRaftLogWorker] INFO  segmented.SegmentedRaftLogWorker (SegmentedRaftLogWorker.java:execute(596)) - be0851b3-0322-40a6-8ce8-d00f153a9faf@group-810B540DED91-SegmentedRaftLogWorker: created new log segment /github/workspace/mnt/ozone/hadoop-ozone/integration-test/target/test-dir/MiniOzoneClusterImpl-77fe6979-9426-4b74-982f-524262e25198/datanode-4/data/ratis/880b83f7-33db-4677-b2a6-810b540ded91/current/log_inprogress_0
2020-07-20 08:35:39,054 [grpc-default-executor-1] WARN  server.GrpcLogAppender (LogUtils.java:warn(122)) - 2385bf93-00fb-4b21-a15d-4691d542b867@group-810B540DED91->be0851b3-0322-40a6-8ce8-d00f153a9faf-AppendLogResponseHandler: Failed appendEntries: org.apache.ratis.thirdparty.io.grpc.StatusRuntimeException: CANCELLED: Failed to read message.
2020-07-20 08:35:39,054 [grpc-default-executor-2] INFO  ratis.XceiverServerRatis (XceiverServerRatis.java:handleLeaderChangedNotification(820)) - Leader change notification received for group: group-810B540DED91 with new leaderId: 2385bf93-00fb-4b21-a15d-4691d542b867
2020-07-20 08:35:39,055 [grpc-default-executor-2] INFO  impl.RaftServerImpl (ServerState.java:setLeader(255)) - a427f57b-033e-4f4a-af2c-a26eb345c30a@group-810B540DED91: change Leader from null to 2385bf93-00fb-4b21-a15d-4691d542b867 at term 1 for appendEntries, leader elected after 5190ms
2020-07-20 08:35:39,055 [grpc-default-executor-5] WARN  server.GrpcServerProtocolService (LogUtils.java:warn(122)) - be0851b3-0322-40a6-8ce8-d00f153a9faf: installSnapshot onError, lastRequest: 2385bf93-00fb-4b21-a15d-4691d542b867->be0851b3-0322-40a6-8ce8-d00f153a9faf#1-t1, previous=(t:0, i:0), leaderCommit=0, initializing? false, entries: size=1, first=(t:1, i:0), CONFIGURATIONENTRY: org.apache.ratis.thirdparty.io.grpc.StatusRuntimeException: CANCELLED: cancelled before receiving half close
2020-07-20 08:35:39,056 [grpc-default-executor-2] INFO  impl.RaftServerImpl (ServerState.java:setRaftConf(356)) - a427f57b-033e-4f4a-af2c-a26eb345c30a@group-810B540DED91: set configuration 0: [2385bf93-00fb-4b21-a15d-4691d542b867:172.17.0.2:36609, be0851b3-0322-40a6-8ce8-d00f153a9faf:172.17.0.2:36267, a427f57b-033e-4f4a-af2c-a26eb345c30a:172.17.0.2:39469], old=null at 0
2020-07-20 08:35:39,056 [grpc-default-executor-2] INFO  segmented.SegmentedRaftLogWorker (SegmentedRaftLogWorker.java:startLogSegment(397)) - a427f57b-033e-4f4a-af2c-a26eb345c30a@group-810B540DED91-SegmentedRaftLogWorker: Starting segment from index:0
2020-07-20 08:35:39,058 [a427f57b-033e-4f4a-af2c-a26eb345c30a@group-810B540DED91-SegmentedRaftLogWorker] INFO  segmented.SegmentedRaftLogWorker (SegmentedRaftLogWorker.java:execute(596)) - a427f57b-033e-4f4a-af2c-a26eb345c30a@group-810B540DED91-SegmentedRaftLogWorker: created new log segment /github/workspace/mnt/ozone/hadoop-ozone/integration-test/target/test-dir/MiniOzoneClusterImpl-77fe6979-9426-4b74-982f-524262e25198/datanode-5/data/ratis/880b83f7-33db-4677-b2a6-810b540ded91/current/log_inprogress_0
2020-07-20 08:35:39,126 [Listener at 127.0.0.1/33185] INFO  ozone.MiniOzoneClusterImpl (MiniOzoneClusterImpl.java:lambda$waitForClusterToBeReady$0(177)) - Nodes are ready. Got 7 of 7 DN Heartbeats.
2020-07-20 08:35:39,126 [Listener at 127.0.0.1/33185] INFO  ozone.MiniOzoneClusterImpl (MiniOzoneClusterImpl.java:lambda$waitForClusterToBeReady$0(180)) - Cluster exits safe mode
2020-07-20 08:35:39,146 [Listener at 127.0.0.1/33185] INFO  rpc.RpcClient (RpcClient.java:createVolume(314)) - Creating Volume: testblockoutputstream, with jenkins1001 as owner.
2020-07-20 08:35:39,152 [IPC Server handler 4 on default port 33185] INFO  volume.OMVolumeCreateRequest (OMVolumeCreateRequest.java:validateAndUpdateCache(195)) - created volume:testblockoutputstream for user:jenkins1001
2020-07-20 08:35:39,156 [Listener at 127.0.0.1/33185] INFO  rpc.RpcClient (RpcClient.java:createBucket(459)) - Creating Bucket: testblockoutputstream/testblockoutputstream, with Versioning false and Storage Type set to DISK and Encryption set to false 
2020-07-20 08:35:39,187 [Thread-3081] INFO  impl.FollowerState (FollowerState.java:run(108)) - a427f57b-033e-4f4a-af2c-a26eb345c30a@group-3DDC9B78938C-FollowerState: change to CANDIDATE, lastRpcTime:5144ms, electionTimeout:5144ms
2020-07-20 08:35:39,188 [Thread-3081] INFO  impl.RoleInfo (RoleInfo.java:shutdownFollowerState(121)) - a427f57b-033e-4f4a-af2c-a26eb345c30a: shutdown FollowerState
2020-07-20 08:35:39,188 [Thread-3081] INFO  impl.RaftServerImpl (RaftServerImpl.java:setRole(175)) - a427f57b-033e-4f4a-af2c-a26eb345c30a@group-3DDC9B78938C: changes role from  FOLLOWER to CANDIDATE at term 0 for changeToCandidate
2020-07-20 08:35:39,188 [Thread-3081] INFO  impl.RoleInfo (RoleInfo.java:updateAndGet(143)) - a427f57b-033e-4f4a-af2c-a26eb345c30a: start LeaderElection
2020-07-20 08:35:39,194 [a427f57b-033e-4f4a-af2c-a26eb345c30a@group-3DDC9B78938C-LeaderElection100] INFO  impl.LeaderElection (LeaderElection.java:askForVotes(206)) - a427f57b-033e-4f4a-af2c-a26eb345c30a@group-3DDC9B78938C-LeaderElection100: begin an election at term 1 for -1: [a427f57b-033e-4f4a-af2c-a26eb345c30a:172.17.0.2:39469], old=null
2020-07-20 08:35:39,195 [a427f57b-033e-4f4a-af2c-a26eb345c30a@group-3DDC9B78938C-LeaderElection100] INFO  impl.RoleInfo (RoleInfo.java:shutdownLeaderElection(134)) - a427f57b-033e-4f4a-af2c-a26eb345c30a: shutdown LeaderElection
2020-07-20 08:35:39,195 [a427f57b-033e-4f4a-af2c-a26eb345c30a@group-3DDC9B78938C-LeaderElection100] INFO  impl.RaftServerImpl (RaftServerImpl.java:setRole(175)) - a427f57b-033e-4f4a-af2c-a26eb345c30a@group-3DDC9B78938C: changes role from CANDIDATE to LEADER at term 1 for changeToLeader
2020-07-20 08:35:39,195 [a427f57b-033e-4f4a-af2c-a26eb345c30a@group-3DDC9B78938C-LeaderElection100] INFO  ratis.XceiverServerRatis (XceiverServerRatis.java:handleLeaderChangedNotification(820)) - Leader change notification received for group: group-3DDC9B78938C with new leaderId: a427f57b-033e-4f4a-af2c-a26eb345c30a
2020-07-20 08:35:39,195 [a427f57b-033e-4f4a-af2c-a26eb345c30a@group-3DDC9B78938C-LeaderElection100] INFO  impl.RaftServerImpl (ServerState.java:setLeader(255)) - a427f57b-033e-4f4a-af2c-a26eb345c30a@group-3DDC9B78938C: change Leader from null to a427f57b-033e-4f4a-af2c-a26eb345c30a at term 1 for becomeLeader, leader elected after 5161ms
2020-07-20 08:35:39,198 [a427f57b-033e-4f4a-af2c-a26eb345c30a@group-3DDC9B78938C-LeaderElection100] INFO  server.RaftServerConfigKeys (ConfUtils.java:logGet(44)) - raft.server.staging.catchup.gap = 1000 (default)
2020-07-20 08:35:39,198 [a427f57b-033e-4f4a-af2c-a26eb345c30a@group-3DDC9B78938C-LeaderElection100] INFO  server.RaftServerConfigKeys (ConfUtils.java:logGet(44)) - raft.server.rpc.sleep.time = 25ms (default)
2020-07-20 08:35:39,198 [a427f57b-033e-4f4a-af2c-a26eb345c30a@group-3DDC9B78938C-LeaderElection100] INFO  metrics.RatisMetrics (RatisMetrics.java:lambda$create$0(36)) - Creating Metrics Registry : ratis.log_appender.a427f57b-033e-4f4a-af2c-a26eb345c30a@group-3DDC9B78938C
2020-07-20 08:35:39,199 [a427f57b-033e-4f4a-af2c-a26eb345c30a@group-3DDC9B78938C-LeaderElection100] INFO  server.RaftServerConfigKeys (ConfUtils.java:logGet(44)) - raft.server.write.element-limit = 1024 (custom)
2020-07-20 08:35:39,199 [a427f57b-033e-4f4a-af2c-a26eb345c30a@group-3DDC9B78938C-LeaderElection100] INFO  server.RaftServerConfigKeys (ConfUtils.java:logGet(44)) - raft.server.write.byte-limit = 1073741824 (custom)
2020-07-20 08:35:39,199 [a427f57b-033e-4f4a-af2c-a26eb345c30a@group-3DDC9B78938C-LeaderElection100] INFO  server.RaftServerConfigKeys (ConfUtils.java:logGet(44)) - raft.server.watch.timeout = 3000ms (custom)
2020-07-20 08:35:39,199 [a427f57b-033e-4f4a-af2c-a26eb345c30a@group-3DDC9B78938C-LeaderElection100] INFO  server.RaftServerConfigKeys (ConfUtils.java:logGet(44)) - raft.server.watch.timeout.denomination = 1s (default)
2020-07-20 08:35:39,199 [a427f57b-033e-4f4a-af2c-a26eb345c30a@group-3DDC9B78938C-LeaderElection100] INFO  server.RaftServerConfigKeys (ConfUtils.java:logGet(44)) - raft.server.watch.element-limit = 65536 (default)
2020-07-20 08:35:39,200 [a427f57b-033e-4f4a-af2c-a26eb345c30a@group-3DDC9B78938C-LeaderElection100] INFO  impl.RoleInfo (RoleInfo.java:updateAndGet(143)) - a427f57b-033e-4f4a-af2c-a26eb345c30a: start LeaderState
2020-07-20 08:35:39,200 [a427f57b-033e-4f4a-af2c-a26eb345c30a@group-3DDC9B78938C-LeaderElection100] INFO  segmented.SegmentedRaftLogWorker (SegmentedRaftLogWorker.java:startLogSegment(397)) - a427f57b-033e-4f4a-af2c-a26eb345c30a@group-3DDC9B78938C-SegmentedRaftLogWorker: Starting segment from index:0
2020-07-20 08:35:39,202 [a427f57b-033e-4f4a-af2c-a26eb345c30a@group-3DDC9B78938C-SegmentedRaftLogWorker] INFO  segmented.SegmentedRaftLogWorker (SegmentedRaftLogWorker.java:execute(596)) - a427f57b-033e-4f4a-af2c-a26eb345c30a@group-3DDC9B78938C-SegmentedRaftLogWorker: created new log segment /github/workspace/mnt/ozone/hadoop-ozone/integration-test/target/test-dir/MiniOzoneClusterImpl-77fe6979-9426-4b74-982f-524262e25198/datanode-5/data/ratis/1dc62b56-38db-4747-a590-3ddc9b78938c/current/log_inprogress_0
2020-07-20 08:35:39,203 [a427f57b-033e-4f4a-af2c-a26eb345c30a@group-3DDC9B78938C-LeaderElection100] INFO  impl.RaftServerImpl (ServerState.java:setRaftConf(356)) - a427f57b-033e-4f4a-af2c-a26eb345c30a@group-3DDC9B78938C: set configuration 0: [a427f57b-033e-4f4a-af2c-a26eb345c30a:172.17.0.2:39469], old=null at 0
2020-07-20 08:35:39,337 [Thread-3083] INFO  impl.FollowerState (FollowerState.java:run(108)) - 3919f044-c444-401f-b769-0fe77364d419@group-8621978CD09E-FollowerState: change to CANDIDATE, lastRpcTime:5193ms, electionTimeout:5193ms
2020-07-20 08:35:39,337 [Thread-3083] INFO  impl.RoleInfo (RoleInfo.java:shutdownFollowerState(121)) - 3919f044-c444-401f-b769-0fe77364d419: shutdown FollowerState
2020-07-20 08:35:39,337 [Thread-3083] INFO  impl.RaftServerImpl (RaftServerImpl.java:setRole(175)) - 3919f044-c444-401f-b769-0fe77364d419@group-8621978CD09E: changes role from  FOLLOWER to CANDIDATE at term 0 for changeToCandidate
2020-07-20 08:35:39,338 [Thread-3083] INFO  impl.RoleInfo (RoleInfo.java:updateAndGet(143)) - 3919f044-c444-401f-b769-0fe77364d419: start LeaderElection
2020-07-20 08:35:39,340 [3919f044-c444-401f-b769-0fe77364d419@group-8621978CD09E-LeaderElection101] INFO  impl.LeaderElection (LeaderElection.java:askForVotes(206)) - 3919f044-c444-401f-b769-0fe77364d419@group-8621978CD09E-LeaderElection101: begin an election at term 1 for -1: [3919f044-c444-401f-b769-0fe77364d419:172.17.0.2:35003], old=null
2020-07-20 08:35:39,340 [3919f044-c444-401f-b769-0fe77364d419@group-8621978CD09E-LeaderElection101] INFO  impl.RoleInfo (RoleInfo.java:shutdownLeaderElection(134)) - 3919f044-c444-401f-b769-0fe77364d419: shutdown LeaderElection
2020-07-20 08:35:39,340 [3919f044-c444-401f-b769-0fe77364d419@group-8621978CD09E-LeaderElection101] INFO  impl.RaftServerImpl (RaftServerImpl.java:setRole(175)) - 3919f044-c444-401f-b769-0fe77364d419@group-8621978CD09E: changes role from CANDIDATE to LEADER at term 1 for changeToLeader
2020-07-20 08:35:39,340 [3919f044-c444-401f-b769-0fe77364d419@group-8621978CD09E-LeaderElection101] INFO  ratis.XceiverServerRatis (XceiverServerRatis.java:handleLeaderChangedNotification(820)) - Leader change notification received for group: group-8621978CD09E with new leaderId: 3919f044-c444-401f-b769-0fe77364d419
2020-07-20 08:35:39,340 [3919f044-c444-401f-b769-0fe77364d419@group-8621978CD09E-LeaderElection101] INFO  impl.RaftServerImpl (ServerState.java:setLeader(255)) - 3919f044-c444-401f-b769-0fe77364d419@group-8621978CD09E: change Leader from null to 3919f044-c444-401f-b769-0fe77364d419 at term 1 for becomeLeader, leader elected after 5205ms
2020-07-20 08:35:39,341 [3919f044-c444-401f-b769-0fe77364d419@group-8621978CD09E-LeaderElection101] INFO  server.RaftServerConfigKeys (ConfUtils.java:logGet(44)) - raft.server.staging.catchup.gap = 1000 (default)
2020-07-20 08:35:39,342 [3919f044-c444-401f-b769-0fe77364d419@group-8621978CD09E-LeaderElection101] INFO  server.RaftServerConfigKeys (ConfUtils.java:logGet(44)) - raft.server.rpc.sleep.time = 25ms (default)
2020-07-20 08:35:39,342 [3919f044-c444-401f-b769-0fe77364d419@group-8621978CD09E-LeaderElection101] INFO  metrics.RatisMetrics (RatisMetrics.java:lambda$create$0(36)) - Creating Metrics Registry : ratis.log_appender.3919f044-c444-401f-b769-0fe77364d419@group-8621978CD09E
2020-07-20 08:35:39,342 [3919f044-c444-401f-b769-0fe77364d419@group-8621978CD09E-LeaderElection101] INFO  server.RaftServerConfigKeys (ConfUtils.java:logGet(44)) - raft.server.write.element-limit = 1024 (custom)
2020-07-20 08:35:39,342 [3919f044-c444-401f-b769-0fe77364d419@group-8621978CD09E-LeaderElection101] INFO  server.RaftServerConfigKeys (ConfUtils.java:logGet(44)) - raft.server.write.byte-limit = 1073741824 (custom)
2020-07-20 08:35:39,343 [3919f044-c444-401f-b769-0fe77364d419@group-8621978CD09E-LeaderElection101] INFO  server.RaftServerConfigKeys (ConfUtils.java:logGet(44)) - raft.server.watch.timeout = 3000ms (custom)
2020-07-20 08:35:39,343 [3919f044-c444-401f-b769-0fe77364d419@group-8621978CD09E-LeaderElection101] INFO  server.RaftServerConfigKeys (ConfUtils.java:logGet(44)) - raft.server.watch.timeout.denomination = 1s (default)
2020-07-20 08:35:39,343 [3919f044-c444-401f-b769-0fe77364d419@group-8621978CD09E-LeaderElection101] INFO  server.RaftServerConfigKeys (ConfUtils.java:logGet(44)) - raft.server.watch.element-limit = 65536 (default)
2020-07-20 08:35:39,343 [3919f044-c444-401f-b769-0fe77364d419@group-8621978CD09E-LeaderElection101] INFO  impl.RoleInfo (RoleInfo.java:updateAndGet(143)) - 3919f044-c444-401f-b769-0fe77364d419: start LeaderState
2020-07-20 08:35:39,343 [3919f044-c444-401f-b769-0fe77364d419@group-8621978CD09E-LeaderElection101] INFO  segmented.SegmentedRaftLogWorker (SegmentedRaftLogWorker.java:startLogSegment(397)) - 3919f044-c444-401f-b769-0fe77364d419@group-8621978CD09E-SegmentedRaftLogWorker: Starting segment from index:0
2020-07-20 08:35:39,344 [3919f044-c444-401f-b769-0fe77364d419@group-8621978CD09E-LeaderElection101] INFO  impl.RaftServerImpl (ServerState.java:setRaftConf(356)) - 3919f044-c444-401f-b769-0fe77364d419@group-8621978CD09E: set configuration 0: [3919f044-c444-401f-b769-0fe77364d419:172.17.0.2:35003], old=null at 0
2020-07-20 08:35:39,345 [3919f044-c444-401f-b769-0fe77364d419@group-8621978CD09E-SegmentedRaftLogWorker] INFO  segmented.SegmentedRaftLogWorker (SegmentedRaftLogWorker.java:execute(596)) - 3919f044-c444-401f-b769-0fe77364d419@group-8621978CD09E-SegmentedRaftLogWorker: created new log segment /github/workspace/mnt/ozone/hadoop-ozone/integration-test/target/test-dir/MiniOzoneClusterImpl-77fe6979-9426-4b74-982f-524262e25198/datanode-6/data/ratis/a926af43-8811-4f1b-b41f-8621978cd09e/current/log_inprogress_0
2020-07-20 08:35:41,461 [EventQueue-Delayed safe mode statusForReplicationManager] INFO  container.ReplicationManager (ReplicationManager.java:start(177)) - Starting Replication Monitor Thread.
2020-07-20 08:35:41,462 [ReplicationMonitor] INFO  container.ReplicationManager (ReplicationManager.java:run(241)) - Replication Monitor Thread took 0 milliseconds for processing 1 containers.
2020-07-20 08:35:41,462 [EventQueue-CloseContainerForCloseContainerEventHandler] INFO  container.CloseContainerEventHandler (CloseContainerEventHandler.java:onMessage(61)) - Close container Event triggered for container : #1
2020-07-20 08:35:42,040 [java.util.concurrent.ThreadPoolExecutor$Worker@7e6065ec[State = -1, empty queue]] WARN  server.GrpcLogAppender (GrpcLogAppender.java:timeoutAppendRequest(219)) - 2385bf93-00fb-4b21-a15d-4691d542b867@group-810B540DED91->be0851b3-0322-40a6-8ce8-d00f153a9faf-GrpcLogAppender: HEARTBEAT appendEntries Timeout, request=AppendEntriesRequest:cid=0,entriesCount=0,lastEntry=null
2020-07-20 08:35:42,046 [java.util.concurrent.ThreadPoolExecutor$Worker@7e6065ec[State = -1, empty queue]] WARN  server.GrpcLogAppender (GrpcLogAppender.java:timeoutAppendRequest(219)) - 2385bf93-00fb-4b21-a15d-4691d542b867@group-810B540DED91->be0851b3-0322-40a6-8ce8-d00f153a9faf-GrpcLogAppender:  appendEntries Timeout, request=AppendEntriesRequest:cid=1,entriesCount=1,lastEntry=(t:1, i:0)
2020-07-20 08:35:42,956 [Command processor thread] ERROR commandhandler.CloseContainerCommandHandler (CloseContainerCommandHandler.java:handle(85)) - Container #1 does not exist in datanode. Container close failed.
2020-07-20 08:35:44,055 [grpc-default-executor-1] INFO  impl.FollowerInfo (FollowerInfo.java:lambda$new$0(51)) - 2385bf93-00fb-4b21-a15d-4691d542b867@group-810B540DED91->be0851b3-0322-40a6-8ce8-d00f153a9faf: nextIndex: updateUnconditionally 1 -> 0
08:35:44.060 [grpc-default-executor-5] ERROR DNAudit - user=null | ip=null | op=WRITE_CHUNK {blockData=conID: 1 locID: 104545264544514064 bcsId: 0} | ret=FAILURE
org.apache.hadoop.hdds.scm.container.common.helpers.ContainerNotOpenException: Container 1 in CLOSING state
	at org.apache.hadoop.ozone.container.common.impl.HddsDispatcher.validateContainerCommand(HddsDispatcher.java:479) ~[hadoop-hdds-container-service-0.6.0-SNAPSHOT.jar:?]
	at org.apache.hadoop.ozone.container.common.transport.server.ratis.ContainerStateMachine.startTransaction(ContainerStateMachine.java:319) ~[hadoop-hdds-container-service-0.6.0-SNAPSHOT.jar:?]
	at org.apache.ratis.server.impl.RaftServerImpl.submitClientRequestAsync(RaftServerImpl.java:623) ~[ratis-server-0.6.0-6ab75ae-SNAPSHOT.jar:0.6.0-6ab75ae-SNAPSHOT]
	at org.apache.ratis.server.impl.RaftServerProxy.lambda$submitClientRequestAsync$7(RaftServerProxy.java:338) ~[ratis-server-0.6.0-6ab75ae-SNAPSHOT.jar:0.6.0-6ab75ae-SNAPSHOT]
	at org.apache.ratis.server.impl.RaftServerProxy.lambda$null$5(RaftServerProxy.java:333) ~[ratis-server-0.6.0-6ab75ae-SNAPSHOT.jar:0.6.0-6ab75ae-SNAPSHOT]
	at org.apache.ratis.util.JavaUtils.callAsUnchecked(JavaUtils.java:109) ~[ratis-common-0.6.0-6ab75ae-SNAPSHOT.jar:0.6.0-6ab75ae-SNAPSHOT]
	at org.apache.ratis.server.impl.RaftServerProxy.lambda$submitRequest$6(RaftServerProxy.java:333) ~[ratis-server-0.6.0-6ab75ae-SNAPSHOT.jar:0.6.0-6ab75ae-SNAPSHOT]
	at java.util.concurrent.CompletableFuture.uniComposeStage(CompletableFuture.java:995) ~[?:1.8.0_232]
	at java.util.concurrent.CompletableFuture.thenCompose(CompletableFuture.java:2137) ~[?:1.8.0_232]
	at org.apache.ratis.server.impl.RaftServerProxy.submitRequest(RaftServerProxy.java:332) ~[ratis-server-0.6.0-6ab75ae-SNAPSHOT.jar:0.6.0-6ab75ae-SNAPSHOT]
	at org.apache.ratis.server.impl.RaftServerProxy.submitClientRequestAsync(RaftServerProxy.java:338) ~[ratis-server-0.6.0-6ab75ae-SNAPSHOT.jar:0.6.0-6ab75ae-SNAPSHOT]
	at org.apache.ratis.grpc.client.GrpcClientProtocolService$RequestStreamObserver.processClientRequest(GrpcClientProtocolService.java:225) ~[ratis-grpc-0.6.0-6ab75ae-SNAPSHOT.jar:0.6.0-6ab75ae-SNAPSHOT]
	at org.apache.ratis.grpc.client.GrpcClientProtocolService$OrderedRequestStreamObserver.processClientRequest(GrpcClientProtocolService.java:331) ~[ratis-grpc-0.6.0-6ab75ae-SNAPSHOT.jar:0.6.0-6ab75ae-SNAPSHOT]
	at org.apache.ratis.util.SlidingWindow$Server.processRequestsFromHead(SlidingWindow.java:429) [ratis-common-0.6.0-6ab75ae-SNAPSHOT.jar:0.6.0-6ab75ae-SNAPSHOT]
	at org.apache.ratis.util.SlidingWindow$Server.receivedRequest(SlidingWindow.java:421) [ratis-common-0.6.0-6ab75ae-SNAPSHOT.jar:0.6.0-6ab75ae-SNAPSHOT]
	at org.apache.ratis.grpc.client.GrpcClientProtocolService$OrderedRequestStreamObserver.processClientRequest(GrpcClientProtocolService.java:355) [ratis-grpc-0.6.0-6ab75ae-SNAPSHOT.jar:0.6.0-6ab75ae-SNAPSHOT]
	at org.apache.ratis.grpc.client.GrpcClientProtocolService$RequestStreamObserver.onNext(GrpcClientProtocolService.java:245) [ratis-grpc-0.6.0-6ab75ae-SNAPSHOT.jar:0.6.0-6ab75ae-SNAPSHOT]
	at org.apache.ratis.grpc.client.GrpcClientProtocolService$RequestStreamObserver.onNext(GrpcClientProtocolService.java:168) [ratis-grpc-0.6.0-6ab75ae-SNAPSHOT.jar:0.6.0-6ab75ae-SNAPSHOT]
	at org.apache.ratis.thirdparty.io.grpc.stub.ServerCalls$StreamingServerCallHandler$StreamingServerCallListener.onMessage(ServerCalls.java:251) [ratis-thirdparty-misc-0.4.0.jar:0.4.0]
	at org.apache.ratis.thirdparty.io.grpc.internal.ServerCallImpl$ServerStreamListenerImpl.messagesAvailableInternal(ServerCallImpl.java:309) [ratis-thirdparty-misc-0.4.0.jar:0.4.0]
	at org.apache.ratis.thirdparty.io.grpc.internal.ServerCallImpl$ServerStreamListenerImpl.messagesAvailable(ServerCallImpl.java:292) [ratis-thirdparty-misc-0.4.0.jar:0.4.0]
	at org.apache.ratis.thirdparty.io.grpc.internal.ServerImpl$JumpToApplicationThreadServerStreamListener$1MessagesAvailable.runInContext(ServerImpl.java:782) [ratis-thirdparty-misc-0.4.0.jar:0.4.0]
	at org.apache.ratis.thirdparty.io.grpc.internal.ContextRunnable.run(ContextRunnable.java:37) [ratis-thirdparty-misc-0.4.0.jar:0.4.0]
	at org.apache.ratis.thirdparty.io.grpc.internal.SerializingExecutor.run(SerializingExecutor.java:123) [ratis-thirdparty-misc-0.4.0.jar:0.4.0]
	at java.util.concurrent.ThreadPoolExecutor.runWorker(ThreadPoolExecutor.java:1149) [?:1.8.0_232]
	at java.util.concurrent.ThreadPoolExecutor$Worker.run(ThreadPoolExecutor.java:624) [?:1.8.0_232]
	at java.lang.Thread.run(Thread.java:748) [?:1.8.0_232]
2020-07-20 08:35:44,063 [grpc-default-executor-1] INFO  impl.RaftServerImpl (ServerState.java:setRaftConf(356)) - be0851b3-0322-40a6-8ce8-d00f153a9faf@group-810B540DED91: set configuration 0: [2385bf93-00fb-4b21-a15d-4691d542b867:172.17.0.2:36609, be0851b3-0322-40a6-8ce8-d00f153a9faf:172.17.0.2:36267, a427f57b-033e-4f4a-af2c-a26eb345c30a:172.17.0.2:39469], old=null at 0
2020-07-20 08:35:44,074 [RatisApplyTransactionExecutor 1] INFO  interfaces.Container (KeyValueContainer.java:flushAndSyncDB(382)) - Container 1 is synced with bcsId 0.
2020-07-20 08:35:44,074 [RatisApplyTransactionExecutor 1] INFO  interfaces.Container (KeyValueContainer.java:flushAndSyncDB(382)) - Container 1 is synced with bcsId 0.
2020-07-20 08:35:44,079 [RatisApplyTransactionExecutor 1] INFO  interfaces.Container (KeyValueContainer.java:close(320)) - Container 1 is closed with bcsId 0.
2020-07-20 08:35:44,083 [EventQueue-IncrementalContainerReportForIncrementalContainerReportHandler] INFO  container.IncrementalContainerReportHandler (AbstractContainerReportHandler.java:updateContainerState(171)) - Moving container #1 to CLOSED state, datanode 2385bf93-00fb-4b21-a15d-4691d542b867{ip: 172.17.0.2, host: 795ad43b6c28, networkLocation: /default-rack, certSerialId: null} reported CLOSED replica.
08:35:44.084 [grpc-default-executor-2] ERROR DNAudit - user=null | ip=null | op=PUT_BLOCK {blockData=[blockId=conID: 1 locID: 104545264544514064 bcsId: 0,size=200]} | ret=FAILURE
org.apache.hadoop.hdds.scm.container.common.helpers.ContainerNotOpenException: Container 1 in CLOSED state
	at org.apache.hadoop.ozone.container.common.impl.HddsDispatcher.validateContainerCommand(HddsDispatcher.java:479) ~[hadoop-hdds-container-service-0.6.0-SNAPSHOT.jar:?]
	at org.apache.hadoop.ozone.container.common.transport.server.ratis.ContainerStateMachine.startTransaction(ContainerStateMachine.java:319) ~[hadoop-hdds-container-service-0.6.0-SNAPSHOT.jar:?]
	at org.apache.ratis.server.impl.RaftServerImpl.submitClientRequestAsync(RaftServerImpl.java:623) ~[ratis-server-0.6.0-6ab75ae-SNAPSHOT.jar:0.6.0-6ab75ae-SNAPSHOT]
	at org.apache.ratis.server.impl.RaftServerProxy.lambda$submitClientRequestAsync$7(RaftServerProxy.java:338) ~[ratis-server-0.6.0-6ab75ae-SNAPSHOT.jar:0.6.0-6ab75ae-SNAPSHOT]
	at org.apache.ratis.server.impl.RaftServerProxy.lambda$null$5(RaftServerProxy.java:333) ~[ratis-server-0.6.0-6ab75ae-SNAPSHOT.jar:0.6.0-6ab75ae-SNAPSHOT]
	at org.apache.ratis.util.JavaUtils.callAsUnchecked(JavaUtils.java:109) ~[ratis-common-0.6.0-6ab75ae-SNAPSHOT.jar:0.6.0-6ab75ae-SNAPSHOT]
	at org.apache.ratis.server.impl.RaftServerProxy.lambda$submitRequest$6(RaftServerProxy.java:333) ~[ratis-server-0.6.0-6ab75ae-SNAPSHOT.jar:0.6.0-6ab75ae-SNAPSHOT]
	at java.util.concurrent.CompletableFuture.uniComposeStage(CompletableFuture.java:995) ~[?:1.8.0_232]
	at java.util.concurrent.CompletableFuture.thenCompose(CompletableFuture.java:2137) ~[?:1.8.0_232]
	at org.apache.ratis.server.impl.RaftServerProxy.submitRequest(RaftServerProxy.java:332) ~[ratis-server-0.6.0-6ab75ae-SNAPSHOT.jar:0.6.0-6ab75ae-SNAPSHOT]
	at org.apache.ratis.server.impl.RaftServerProxy.submitClientRequestAsync(RaftServerProxy.java:338) ~[ratis-server-0.6.0-6ab75ae-SNAPSHOT.jar:0.6.0-6ab75ae-SNAPSHOT]
	at org.apache.ratis.grpc.client.GrpcClientProtocolService$RequestStreamObserver.processClientRequest(GrpcClientProtocolService.java:225) ~[ratis-grpc-0.6.0-6ab75ae-SNAPSHOT.jar:0.6.0-6ab75ae-SNAPSHOT]
	at org.apache.ratis.grpc.client.GrpcClientProtocolService$OrderedRequestStreamObserver.processClientRequest(GrpcClientProtocolService.java:331) ~[ratis-grpc-0.6.0-6ab75ae-SNAPSHOT.jar:0.6.0-6ab75ae-SNAPSHOT]
	at org.apache.ratis.util.SlidingWindow$Server.processRequestsFromHead(SlidingWindow.java:429) [ratis-common-0.6.0-6ab75ae-SNAPSHOT.jar:0.6.0-6ab75ae-SNAPSHOT]
	at org.apache.ratis.util.SlidingWindow$Server.receivedRequest(SlidingWindow.java:421) [ratis-common-0.6.0-6ab75ae-SNAPSHOT.jar:0.6.0-6ab75ae-SNAPSHOT]
	at org.apache.ratis.grpc.client.GrpcClientProtocolService$OrderedRequestStreamObserver.processClientRequest(GrpcClientProtocolService.java:355) [ratis-grpc-0.6.0-6ab75ae-SNAPSHOT.jar:0.6.0-6ab75ae-SNAPSHOT]
	at org.apache.ratis.grpc.client.GrpcClientProtocolService$RequestStreamObserver.onNext(GrpcClientProtocolService.java:245) [ratis-grpc-0.6.0-6ab75ae-SNAPSHOT.jar:0.6.0-6ab75ae-SNAPSHOT]
	at org.apache.ratis.grpc.client.GrpcClientProtocolService$RequestStreamObserver.onNext(GrpcClientProtocolService.java:168) [ratis-grpc-0.6.0-6ab75ae-SNAPSHOT.jar:0.6.0-6ab75ae-SNAPSHOT]
	at org.apache.ratis.thirdparty.io.grpc.stub.ServerCalls$StreamingServerCallHandler$StreamingServerCallListener.onMessage(ServerCalls.java:251) [ratis-thirdparty-misc-0.4.0.jar:0.4.0]
	at org.apache.ratis.thirdparty.io.grpc.internal.ServerCallImpl$ServerStreamListenerImpl.messagesAvailableInternal(ServerCallImpl.java:309) [ratis-thirdparty-misc-0.4.0.jar:0.4.0]
	at org.apache.ratis.thirdparty.io.grpc.internal.ServerCallImpl$ServerStreamListenerImpl.messagesAvailable(ServerCallImpl.java:292) [ratis-thirdparty-misc-0.4.0.jar:0.4.0]
	at org.apache.ratis.thirdparty.io.grpc.internal.ServerImpl$JumpToApplicationThreadServerStreamListener$1MessagesAvailable.runInContext(ServerImpl.java:782) [ratis-thirdparty-misc-0.4.0.jar:0.4.0]
	at org.apache.ratis.thirdparty.io.grpc.internal.ContextRunnable.run(ContextRunnable.java:37) [ratis-thirdparty-misc-0.4.0.jar:0.4.0]
	at org.apache.ratis.thirdparty.io.grpc.internal.SerializingExecutor.run(SerializingExecutor.java:123) [ratis-thirdparty-misc-0.4.0.jar:0.4.0]
	at java.util.concurrent.ThreadPoolExecutor.runWorker(ThreadPoolExecutor.java:1149) [?:1.8.0_232]
	at java.util.concurrent.ThreadPoolExecutor$Worker.run(ThreadPoolExecutor.java:624) [?:1.8.0_232]
	at java.lang.Thread.run(Thread.java:748) [?:1.8.0_232]
2020-07-20 08:35:44,085 [RatisApplyTransactionExecutor 1] INFO  interfaces.Container (KeyValueContainer.java:flushAndSyncDB(382)) - Container 1 is synced with bcsId 0.
2020-07-20 08:35:44,092 [RatisApplyTransactionExecutor 1] INFO  interfaces.Container (KeyValueContainer.java:flushAndSyncDB(382)) - Container 1 is synced with bcsId 0.
08:35:44.093 [grpc-default-executor-2] ERROR DNAudit - user=null | ip=null | op=WRITE_CHUNK {blockData=conID: 1 locID: 104545264544514064 bcsId: 0} | ret=FAILURE
org.apache.hadoop.hdds.scm.container.common.helpers.ContainerNotOpenException: Container 1 in CLOSED state
	at org.apache.hadoop.ozone.container.common.impl.HddsDispatcher.validateContainerCommand(HddsDispatcher.java:479) ~[hadoop-hdds-container-service-0.6.0-SNAPSHOT.jar:?]
	at org.apache.hadoop.ozone.container.common.transport.server.ratis.ContainerStateMachine.startTransaction(ContainerStateMachine.java:319) ~[hadoop-hdds-container-service-0.6.0-SNAPSHOT.jar:?]
	at org.apache.ratis.server.impl.RaftServerImpl.submitClientRequestAsync(RaftServerImpl.java:623) ~[ratis-server-0.6.0-6ab75ae-SNAPSHOT.jar:0.6.0-6ab75ae-SNAPSHOT]
	at org.apache.ratis.server.impl.RaftServerProxy.lambda$submitClientRequestAsync$7(RaftServerProxy.java:338) ~[ratis-server-0.6.0-6ab75ae-SNAPSHOT.jar:0.6.0-6ab75ae-SNAPSHOT]
	at org.apache.ratis.server.impl.RaftServerProxy.lambda$null$5(RaftServerProxy.java:333) ~[ratis-server-0.6.0-6ab75ae-SNAPSHOT.jar:0.6.0-6ab75ae-SNAPSHOT]
	at org.apache.ratis.util.JavaUtils.callAsUnchecked(JavaUtils.java:109) ~[ratis-common-0.6.0-6ab75ae-SNAPSHOT.jar:0.6.0-6ab75ae-SNAPSHOT]
	at org.apache.ratis.server.impl.RaftServerProxy.lambda$submitRequest$6(RaftServerProxy.java:333) ~[ratis-server-0.6.0-6ab75ae-SNAPSHOT.jar:0.6.0-6ab75ae-SNAPSHOT]
	at java.util.concurrent.CompletableFuture.uniComposeStage(CompletableFuture.java:995) ~[?:1.8.0_232]
	at java.util.concurrent.CompletableFuture.thenCompose(CompletableFuture.java:2137) ~[?:1.8.0_232]
	at org.apache.ratis.server.impl.RaftServerProxy.submitRequest(RaftServerProxy.java:332) ~[ratis-server-0.6.0-6ab75ae-SNAPSHOT.jar:0.6.0-6ab75ae-SNAPSHOT]
	at org.apache.ratis.server.impl.RaftServerProxy.submitClientRequestAsync(RaftServerProxy.java:338) ~[ratis-server-0.6.0-6ab75ae-SNAPSHOT.jar:0.6.0-6ab75ae-SNAPSHOT]
	at org.apache.ratis.grpc.client.GrpcClientProtocolService$RequestStreamObserver.processClientRequest(GrpcClientProtocolService.java:225) ~[ratis-grpc-0.6.0-6ab75ae-SNAPSHOT.jar:0.6.0-6ab75ae-SNAPSHOT]
	at org.apache.ratis.grpc.client.GrpcClientProtocolService$OrderedRequestStreamObserver.processClientRequest(GrpcClientProtocolService.java:331) ~[ratis-grpc-0.6.0-6ab75ae-SNAPSHOT.jar:0.6.0-6ab75ae-SNAPSHOT]
	at org.apache.ratis.util.SlidingWindow$Server.processRequestsFromHead(SlidingWindow.java:429) [ratis-common-0.6.0-6ab75ae-SNAPSHOT.jar:0.6.0-6ab75ae-SNAPSHOT]
	at org.apache.ratis.util.SlidingWindow$Server.receivedRequest(SlidingWindow.java:421) [ratis-common-0.6.0-6ab75ae-SNAPSHOT.jar:0.6.0-6ab75ae-SNAPSHOT]
	at org.apache.ratis.grpc.client.GrpcClientProtocolService$OrderedRequestStreamObserver.processClientRequest(GrpcClientProtocolService.java:355) [ratis-grpc-0.6.0-6ab75ae-SNAPSHOT.jar:0.6.0-6ab75ae-SNAPSHOT]
	at org.apache.ratis.grpc.client.GrpcClientProtocolService$RequestStreamObserver.onNext(GrpcClientProtocolService.java:245) [ratis-grpc-0.6.0-6ab75ae-SNAPSHOT.jar:0.6.0-6ab75ae-SNAPSHOT]
	at org.apache.ratis.grpc.client.GrpcClientProtocolService$RequestStreamObserver.onNext(GrpcClientProtocolService.java:168) [ratis-grpc-0.6.0-6ab75ae-SNAPSHOT.jar:0.6.0-6ab75ae-SNAPSHOT]
	at org.apache.ratis.thirdparty.io.grpc.stub.ServerCalls$StreamingServerCallHandler$StreamingServerCallListener.onMessage(ServerCalls.java:251) [ratis-thirdparty-misc-0.4.0.jar:0.4.0]
	at org.apache.ratis.thirdparty.io.grpc.internal.ServerCallImpl$ServerStreamListenerImpl.messagesAvailableInternal(ServerCallImpl.java:309) [ratis-thirdparty-misc-0.4.0.jar:0.4.0]
	at org.apache.ratis.thirdparty.io.grpc.internal.ServerCallImpl$ServerStreamListenerImpl.messagesAvailable(ServerCallImpl.java:292) [ratis-thirdparty-misc-0.4.0.jar:0.4.0]
	at org.apache.ratis.thirdparty.io.grpc.internal.ServerImpl$JumpToApplicationThreadServerStreamListener$1MessagesAvailable.runInContext(ServerImpl.java:782) [ratis-thirdparty-misc-0.4.0.jar:0.4.0]
	at org.apache.ratis.thirdparty.io.grpc.internal.ContextRunnable.run(ContextRunnable.java:37) [ratis-thirdparty-misc-0.4.0.jar:0.4.0]
	at org.apache.ratis.thirdparty.io.grpc.internal.SerializingExecutor.run(SerializingExecutor.java:123) [ratis-thirdparty-misc-0.4.0.jar:0.4.0]
	at java.util.concurrent.ThreadPoolExecutor.runWorker(ThreadPoolExecutor.java:1149) [?:1.8.0_232]
	at java.util.concurrent.ThreadPoolExecutor$Worker.run(ThreadPoolExecutor.java:624) [?:1.8.0_232]
	at java.lang.Thread.run(Thread.java:748) [?:1.8.0_232]
08:35:44.098 [grpc-default-executor-2] ERROR DNAudit - user=null | ip=null | op=WRITE_CHUNK {blockData=conID: 1 locID: 104545264544514064 bcsId: 0} | ret=FAILURE
org.apache.hadoop.hdds.scm.container.common.helpers.ContainerNotOpenException: Container 1 in CLOSED state
	at org.apache.hadoop.ozone.container.common.impl.HddsDispatcher.validateContainerCommand(HddsDispatcher.java:479) ~[hadoop-hdds-container-service-0.6.0-SNAPSHOT.jar:?]
	at org.apache.hadoop.ozone.container.common.transport.server.ratis.ContainerStateMachine.startTransaction(ContainerStateMachine.java:319) ~[hadoop-hdds-container-service-0.6.0-SNAPSHOT.jar:?]
	at org.apache.ratis.server.impl.RaftServerImpl.submitClientRequestAsync(RaftServerImpl.java:623) ~[ratis-server-0.6.0-6ab75ae-SNAPSHOT.jar:0.6.0-6ab75ae-SNAPSHOT]
	at org.apache.ratis.server.impl.RaftServerProxy.lambda$submitClientRequestAsync$7(RaftServerProxy.java:338) ~[ratis-server-0.6.0-6ab75ae-SNAPSHOT.jar:0.6.0-6ab75ae-SNAPSHOT]
	at org.apache.ratis.server.impl.RaftServerProxy.lambda$null$5(RaftServerProxy.java:333) ~[ratis-server-0.6.0-6ab75ae-SNAPSHOT.jar:0.6.0-6ab75ae-SNAPSHOT]
	at org.apache.ratis.util.JavaUtils.callAsUnchecked(JavaUtils.java:109) ~[ratis-common-0.6.0-6ab75ae-SNAPSHOT.jar:0.6.0-6ab75ae-SNAPSHOT]
	at org.apache.ratis.server.impl.RaftServerProxy.lambda$submitRequest$6(RaftServerProxy.java:333) ~[ratis-server-0.6.0-6ab75ae-SNAPSHOT.jar:0.6.0-6ab75ae-SNAPSHOT]
	at java.util.concurrent.CompletableFuture.uniComposeStage(CompletableFuture.java:995) ~[?:1.8.0_232]
	at java.util.concurrent.CompletableFuture.thenCompose(CompletableFuture.java:2137) ~[?:1.8.0_232]
	at org.apache.ratis.server.impl.RaftServerProxy.submitRequest(RaftServerProxy.java:332) ~[ratis-server-0.6.0-6ab75ae-SNAPSHOT.jar:0.6.0-6ab75ae-SNAPSHOT]
	at org.apache.ratis.server.impl.RaftServerProxy.submitClientRequestAsync(RaftServerProxy.java:338) ~[ratis-server-0.6.0-6ab75ae-SNAPSHOT.jar:0.6.0-6ab75ae-SNAPSHOT]
	at org.apache.ratis.grpc.client.GrpcClientProtocolService$RequestStreamObserver.processClientRequest(GrpcClientProtocolService.java:225) ~[ratis-grpc-0.6.0-6ab75ae-SNAPSHOT.jar:0.6.0-6ab75ae-SNAPSHOT]
	at org.apache.ratis.grpc.client.GrpcClientProtocolService$OrderedRequestStreamObserver.processClientRequest(GrpcClientProtocolService.java:331) ~[ratis-grpc-0.6.0-6ab75ae-SNAPSHOT.jar:0.6.0-6ab75ae-SNAPSHOT]
	at org.apache.ratis.util.SlidingWindow$Server.processRequestsFromHead(SlidingWindow.java:429) [ratis-common-0.6.0-6ab75ae-SNAPSHOT.jar:0.6.0-6ab75ae-SNAPSHOT]
	at org.apache.ratis.util.SlidingWindow$Server.receivedRequest(SlidingWindow.java:421) [ratis-common-0.6.0-6ab75ae-SNAPSHOT.jar:0.6.0-6ab75ae-SNAPSHOT]
	at org.apache.ratis.grpc.client.GrpcClientProtocolService$OrderedRequestStreamObserver.processClientRequest(GrpcClientProtocolService.java:355) [ratis-grpc-0.6.0-6ab75ae-SNAPSHOT.jar:0.6.0-6ab75ae-SNAPSHOT]
	at org.apache.ratis.grpc.client.GrpcClientProtocolService$RequestStreamObserver.onNext(GrpcClientProtocolService.java:245) [ratis-grpc-0.6.0-6ab75ae-SNAPSHOT.jar:0.6.0-6ab75ae-SNAPSHOT]
	at org.apache.ratis.grpc.client.GrpcClientProtocolService$RequestStreamObserver.onNext(GrpcClientProtocolService.java:168) [ratis-grpc-0.6.0-6ab75ae-SNAPSHOT.jar:0.6.0-6ab75ae-SNAPSHOT]
	at org.apache.ratis.thirdparty.io.grpc.stub.ServerCalls$StreamingServerCallHandler$StreamingServerCallListener.onMessage(ServerCalls.java:251) [ratis-thirdparty-misc-0.4.0.jar:0.4.0]
	at org.apache.ratis.thirdparty.io.grpc.internal.ServerCallImpl$ServerStreamListenerImpl.messagesAvailableInternal(ServerCallImpl.java:309) [ratis-thirdparty-misc-0.4.0.jar:0.4.0]
	at org.apache.ratis.thirdparty.io.grpc.internal.ServerCallImpl$ServerStreamListenerImpl.messagesAvailable(ServerCallImpl.java:292) [ratis-thirdparty-misc-0.4.0.jar:0.4.0]
	at org.apache.ratis.thirdparty.io.grpc.internal.ServerImpl$JumpToApplicationThreadServerStreamListener$1MessagesAvailable.runInContext(ServerImpl.java:782) [ratis-thirdparty-misc-0.4.0.jar:0.4.0]
	at org.apache.ratis.thirdparty.io.grpc.internal.ContextRunnable.run(ContextRunnable.java:37) [ratis-thirdparty-misc-0.4.0.jar:0.4.0]
	at org.apache.ratis.thirdparty.io.grpc.internal.SerializingExecutor.run(SerializingExecutor.java:123) [ratis-thirdparty-misc-0.4.0.jar:0.4.0]
	at java.util.concurrent.ThreadPoolExecutor.runWorker(ThreadPoolExecutor.java:1149) [?:1.8.0_232]
	at java.util.concurrent.ThreadPoolExecutor$Worker.run(ThreadPoolExecutor.java:624) [?:1.8.0_232]
	at java.lang.Thread.run(Thread.java:748) [?:1.8.0_232]
08:35:44.099 [grpc-default-executor-2] ERROR DNAudit - user=null | ip=null | op=PUT_BLOCK {blockData=[blockId=conID: 1 locID: 104545264544514064 bcsId: 0,size=400]} | ret=FAILURE
org.apache.hadoop.hdds.scm.container.common.helpers.ContainerNotOpenException: Container 1 in CLOSED state
	at org.apache.hadoop.ozone.container.common.impl.HddsDispatcher.validateContainerCommand(HddsDispatcher.java:479) ~[hadoop-hdds-container-service-0.6.0-SNAPSHOT.jar:?]
	at org.apache.hadoop.ozone.container.common.transport.server.ratis.ContainerStateMachine.startTransaction(ContainerStateMachine.java:319) ~[hadoop-hdds-container-service-0.6.0-SNAPSHOT.jar:?]
	at org.apache.ratis.server.impl.RaftServerImpl.submitClientRequestAsync(RaftServerImpl.java:623) ~[ratis-server-0.6.0-6ab75ae-SNAPSHOT.jar:0.6.0-6ab75ae-SNAPSHOT]
	at org.apache.ratis.server.impl.RaftServerProxy.lambda$submitClientRequestAsync$7(RaftServerProxy.java:338) ~[ratis-server-0.6.0-6ab75ae-SNAPSHOT.jar:0.6.0-6ab75ae-SNAPSHOT]
	at org.apache.ratis.server.impl.RaftServerProxy.lambda$null$5(RaftServerProxy.java:333) ~[ratis-server-0.6.0-6ab75ae-SNAPSHOT.jar:0.6.0-6ab75ae-SNAPSHOT]
	at org.apache.ratis.util.JavaUtils.callAsUnchecked(JavaUtils.java:109) ~[ratis-common-0.6.0-6ab75ae-SNAPSHOT.jar:0.6.0-6ab75ae-SNAPSHOT]
	at org.apache.ratis.server.impl.RaftServerProxy.lambda$submitRequest$6(RaftServerProxy.java:333) ~[ratis-server-0.6.0-6ab75ae-SNAPSHOT.jar:0.6.0-6ab75ae-SNAPSHOT]
	at java.util.concurrent.CompletableFuture.uniComposeStage(CompletableFuture.java:995) ~[?:1.8.0_232]
	at java.util.concurrent.CompletableFuture.thenCompose(CompletableFuture.java:2137) ~[?:1.8.0_232]
	at org.apache.ratis.server.impl.RaftServerProxy.submitRequest(RaftServerProxy.java:332) ~[ratis-server-0.6.0-6ab75ae-SNAPSHOT.jar:0.6.0-6ab75ae-SNAPSHOT]
	at org.apache.ratis.server.impl.RaftServerProxy.submitClientRequestAsync(RaftServerProxy.java:338) ~[ratis-server-0.6.0-6ab75ae-SNAPSHOT.jar:0.6.0-6ab75ae-SNAPSHOT]
	at org.apache.ratis.grpc.client.GrpcClientProtocolService$RequestStreamObserver.processClientRequest(GrpcClientProtocolService.java:225) ~[ratis-grpc-0.6.0-6ab75ae-SNAPSHOT.jar:0.6.0-6ab75ae-SNAPSHOT]
	at org.apache.ratis.grpc.client.GrpcClientProtocolService$OrderedRequestStreamObserver.processClientRequest(GrpcClientProtocolService.java:331) ~[ratis-grpc-0.6.0-6ab75ae-SNAPSHOT.jar:0.6.0-6ab75ae-SNAPSHOT]
	at org.apache.ratis.util.SlidingWindow$Server.processRequestsFromHead(SlidingWindow.java:429) [ratis-common-0.6.0-6ab75ae-SNAPSHOT.jar:0.6.0-6ab75ae-SNAPSHOT]
	at org.apache.ratis.util.SlidingWindow$Server.receivedRequest(SlidingWindow.java:421) [ratis-common-0.6.0-6ab75ae-SNAPSHOT.jar:0.6.0-6ab75ae-SNAPSHOT]
	at org.apache.ratis.grpc.client.GrpcClientProtocolService$OrderedRequestStreamObserver.processClientRequest(GrpcClientProtocolService.java:355) [ratis-grpc-0.6.0-6ab75ae-SNAPSHOT.jar:0.6.0-6ab75ae-SNAPSHOT]
	at org.apache.ratis.grpc.client.GrpcClientProtocolService$RequestStreamObserver.onNext(GrpcClientProtocolService.java:245) [ratis-grpc-0.6.0-6ab75ae-SNAPSHOT.jar:0.6.0-6ab75ae-SNAPSHOT]
	at org.apache.ratis.grpc.client.GrpcClientProtocolService$RequestStreamObserver.onNext(GrpcClientProtocolService.java:168) [ratis-grpc-0.6.0-6ab75ae-SNAPSHOT.jar:0.6.0-6ab75ae-SNAPSHOT]
	at org.apache.ratis.thirdparty.io.grpc.stub.ServerCalls$StreamingServerCallHandler$StreamingServerCallListener.onMessage(ServerCalls.java:251) [ratis-thirdparty-misc-0.4.0.jar:0.4.0]
	at org.apache.ratis.thirdparty.io.grpc.internal.ServerCallImpl$ServerStreamListenerImpl.messagesAvailableInternal(ServerCallImpl.java:309) [ratis-thirdparty-misc-0.4.0.jar:0.4.0]
	at org.apache.ratis.thirdparty.io.grpc.internal.ServerCallImpl$ServerStreamListenerImpl.messagesAvailable(ServerCallImpl.java:292) [ratis-thirdparty-misc-0.4.0.jar:0.4.0]
	at org.apache.ratis.thirdparty.io.grpc.internal.ServerImpl$JumpToApplicationThreadServerStreamListener$1MessagesAvailable.runInContext(ServerImpl.java:782) [ratis-thirdparty-misc-0.4.0.jar:0.4.0]
	at org.apache.ratis.thirdparty.io.grpc.internal.ContextRunnable.run(ContextRunnable.java:37) [ratis-thirdparty-misc-0.4.0.jar:0.4.0]
	at org.apache.ratis.thirdparty.io.grpc.internal.SerializingExecutor.run(SerializingExecutor.java:123) [ratis-thirdparty-misc-0.4.0.jar:0.4.0]
	at java.util.concurrent.ThreadPoolExecutor.runWorker(ThreadPoolExecutor.java:1149) [?:1.8.0_232]
	at java.util.concurrent.ThreadPoolExecutor$Worker.run(ThreadPoolExecutor.java:624) [?:1.8.0_232]
	at java.lang.Thread.run(Thread.java:748) [?:1.8.0_232]
2020-07-20 08:35:44,100 [RatisApplyTransactionExecutor 1] INFO  interfaces.Container (KeyValueContainer.java:close(320)) - Container 1 is closed with bcsId 0.
2020-07-20 08:35:44,132 [RatisApplyTransactionExecutor 1] INFO  interfaces.Container (KeyValueContainer.java:flushAndSyncDB(382)) - Container 1 is synced with bcsId 0.
2020-07-20 08:35:44,132 [RatisApplyTransactionExecutor 1] INFO  interfaces.Container (KeyValueContainer.java:flushAndSyncDB(382)) - Container 1 is synced with bcsId 0.
2020-07-20 08:35:44,134 [RatisApplyTransactionExecutor 1] INFO  interfaces.Container (KeyValueContainer.java:close(320)) - Container 1 is closed with bcsId 0.
08:35:49.150 [grpc-default-executor-0] ERROR DNAudit - user=null | ip=null | op=WRITE_CHUNK {blockData=conID: 1 locID: 104545264544514064 bcsId: 0} | ret=FAILURE
org.apache.hadoop.hdds.scm.container.common.helpers.ContainerNotOpenException: Container 1 in CLOSED state
	at org.apache.hadoop.ozone.container.common.impl.HddsDispatcher.validateContainerCommand(HddsDispatcher.java:479) ~[hadoop-hdds-container-service-0.6.0-SNAPSHOT.jar:?]
	at org.apache.hadoop.ozone.container.common.transport.server.ratis.ContainerStateMachine.startTransaction(ContainerStateMachine.java:319) ~[hadoop-hdds-container-service-0.6.0-SNAPSHOT.jar:?]
	at org.apache.ratis.server.impl.RaftServerImpl.submitClientRequestAsync(RaftServerImpl.java:623) ~[ratis-server-0.6.0-6ab75ae-SNAPSHOT.jar:0.6.0-6ab75ae-SNAPSHOT]
	at org.apache.ratis.server.impl.RaftServerProxy.lambda$submitClientRequestAsync$7(RaftServerProxy.java:338) ~[ratis-server-0.6.0-6ab75ae-SNAPSHOT.jar:0.6.0-6ab75ae-SNAPSHOT]
	at org.apache.ratis.server.impl.RaftServerProxy.lambda$null$5(RaftServerProxy.java:333) ~[ratis-server-0.6.0-6ab75ae-SNAPSHOT.jar:0.6.0-6ab75ae-SNAPSHOT]
	at org.apache.ratis.util.JavaUtils.callAsUnchecked(JavaUtils.java:109) ~[ratis-common-0.6.0-6ab75ae-SNAPSHOT.jar:0.6.0-6ab75ae-SNAPSHOT]
	at org.apache.ratis.server.impl.RaftServerProxy.lambda$submitRequest$6(RaftServerProxy.java:333) ~[ratis-server-0.6.0-6ab75ae-SNAPSHOT.jar:0.6.0-6ab75ae-SNAPSHOT]
	at java.util.concurrent.CompletableFuture.uniComposeStage(CompletableFuture.java:995) ~[?:1.8.0_232]
	at java.util.concurrent.CompletableFuture.thenCompose(CompletableFuture.java:2137) ~[?:1.8.0_232]
	at org.apache.ratis.server.impl.RaftServerProxy.submitRequest(RaftServerProxy.java:332) ~[ratis-server-0.6.0-6ab75ae-SNAPSHOT.jar:0.6.0-6ab75ae-SNAPSHOT]
	at org.apache.ratis.server.impl.RaftServerProxy.submitClientRequestAsync(RaftServerProxy.java:338) ~[ratis-server-0.6.0-6ab75ae-SNAPSHOT.jar:0.6.0-6ab75ae-SNAPSHOT]
	at org.apache.ratis.grpc.client.GrpcClientProtocolService$RequestStreamObserver.processClientRequest(GrpcClientProtocolService.java:225) ~[ratis-grpc-0.6.0-6ab75ae-SNAPSHOT.jar:0.6.0-6ab75ae-SNAPSHOT]
	at org.apache.ratis.grpc.client.GrpcClientProtocolService$OrderedRequestStreamObserver.processClientRequest(GrpcClientProtocolService.java:331) ~[ratis-grpc-0.6.0-6ab75ae-SNAPSHOT.jar:0.6.0-6ab75ae-SNAPSHOT]
	at org.apache.ratis.util.SlidingWindow$Server.processRequestsFromHead(SlidingWindow.java:429) [ratis-common-0.6.0-6ab75ae-SNAPSHOT.jar:0.6.0-6ab75ae-SNAPSHOT]
	at org.apache.ratis.util.SlidingWindow$Server.receivedRequest(SlidingWindow.java:421) [ratis-common-0.6.0-6ab75ae-SNAPSHOT.jar:0.6.0-6ab75ae-SNAPSHOT]
	at org.apache.ratis.grpc.client.GrpcClientProtocolService$OrderedRequestStreamObserver.processClientRequest(GrpcClientProtocolService.java:355) [ratis-grpc-0.6.0-6ab75ae-SNAPSHOT.jar:0.6.0-6ab75ae-SNAPSHOT]
	at org.apache.ratis.grpc.client.GrpcClientProtocolService$RequestStreamObserver.onNext(GrpcClientProtocolService.java:245) [ratis-grpc-0.6.0-6ab75ae-SNAPSHOT.jar:0.6.0-6ab75ae-SNAPSHOT]
	at org.apache.ratis.grpc.client.GrpcClientProtocolService$RequestStreamObserver.onNext(GrpcClientProtocolService.java:168) [ratis-grpc-0.6.0-6ab75ae-SNAPSHOT.jar:0.6.0-6ab75ae-SNAPSHOT]
	at org.apache.ratis.thirdparty.io.grpc.stub.ServerCalls$StreamingServerCallHandler$StreamingServerCallListener.onMessage(ServerCalls.java:251) [ratis-thirdparty-misc-0.4.0.jar:0.4.0]
	at org.apache.ratis.thirdparty.io.grpc.internal.ServerCallImpl$ServerStreamListenerImpl.messagesAvailableInternal(ServerCallImpl.java:309) [ratis-thirdparty-misc-0.4.0.jar:0.4.0]
	at org.apache.ratis.thirdparty.io.grpc.internal.ServerCallImpl$ServerStreamListenerImpl.messagesAvailable(ServerCallImpl.java:292) [ratis-thirdparty-misc-0.4.0.jar:0.4.0]
	at org.apache.ratis.thirdparty.io.grpc.internal.ServerImpl$JumpToApplicationThreadServerStreamListener$1MessagesAvailable.runInContext(ServerImpl.java:782) [ratis-thirdparty-misc-0.4.0.jar:0.4.0]
	at org.apache.ratis.thirdparty.io.grpc.internal.ContextRunnable.run(ContextRunnable.java:37) [ratis-thirdparty-misc-0.4.0.jar:0.4.0]
	at org.apache.ratis.thirdparty.io.grpc.internal.SerializingExecutor.run(SerializingExecutor.java:123) [ratis-thirdparty-misc-0.4.0.jar:0.4.0]
	at java.util.concurrent.ThreadPoolExecutor.runWorker(ThreadPoolExecutor.java:1149) [?:1.8.0_232]
	at java.util.concurrent.ThreadPoolExecutor$Worker.run(ThreadPoolExecutor.java:624) [?:1.8.0_232]
	at java.lang.Thread.run(Thread.java:748) [?:1.8.0_232]
08:35:49.154 [grpc-default-executor-0] ERROR DNAudit - user=null | ip=null | op=PUT_BLOCK {blockData=[blockId=conID: 1 locID: 104545264544514064 bcsId: 0,size=200]} | ret=FAILURE
org.apache.hadoop.hdds.scm.container.common.helpers.ContainerNotOpenException: Container 1 in CLOSED state
	at org.apache.hadoop.ozone.container.common.impl.HddsDispatcher.validateContainerCommand(HddsDispatcher.java:479) ~[hadoop-hdds-container-service-0.6.0-SNAPSHOT.jar:?]
	at org.apache.hadoop.ozone.container.common.transport.server.ratis.ContainerStateMachine.startTransaction(ContainerStateMachine.java:319) ~[hadoop-hdds-container-service-0.6.0-SNAPSHOT.jar:?]
	at org.apache.ratis.server.impl.RaftServerImpl.submitClientRequestAsync(RaftServerImpl.java:623) ~[ratis-server-0.6.0-6ab75ae-SNAPSHOT.jar:0.6.0-6ab75ae-SNAPSHOT]
	at org.apache.ratis.server.impl.RaftServerProxy.lambda$submitClientRequestAsync$7(RaftServerProxy.java:338) ~[ratis-server-0.6.0-6ab75ae-SNAPSHOT.jar:0.6.0-6ab75ae-SNAPSHOT]
	at org.apache.ratis.server.impl.RaftServerProxy.lambda$null$5(RaftServerProxy.java:333) ~[ratis-server-0.6.0-6ab75ae-SNAPSHOT.jar:0.6.0-6ab75ae-SNAPSHOT]
	at org.apache.ratis.util.JavaUtils.callAsUnchecked(JavaUtils.java:109) ~[ratis-common-0.6.0-6ab75ae-SNAPSHOT.jar:0.6.0-6ab75ae-SNAPSHOT]
	at org.apache.ratis.server.impl.RaftServerProxy.lambda$submitRequest$6(RaftServerProxy.java:333) ~[ratis-server-0.6.0-6ab75ae-SNAPSHOT.jar:0.6.0-6ab75ae-SNAPSHOT]
	at java.util.concurrent.CompletableFuture.uniComposeStage(CompletableFuture.java:995) ~[?:1.8.0_232]
	at java.util.concurrent.CompletableFuture.thenCompose(CompletableFuture.java:2137) ~[?:1.8.0_232]
	at org.apache.ratis.server.impl.RaftServerProxy.submitRequest(RaftServerProxy.java:332) ~[ratis-server-0.6.0-6ab75ae-SNAPSHOT.jar:0.6.0-6ab75ae-SNAPSHOT]
	at org.apache.ratis.server.impl.RaftServerProxy.submitClientRequestAsync(RaftServerProxy.java:338) ~[ratis-server-0.6.0-6ab75ae-SNAPSHOT.jar:0.6.0-6ab75ae-SNAPSHOT]
	at org.apache.ratis.grpc.client.GrpcClientProtocolService$RequestStreamObserver.processClientRequest(GrpcClientProtocolService.java:225) ~[ratis-grpc-0.6.0-6ab75ae-SNAPSHOT.jar:0.6.0-6ab75ae-SNAPSHOT]
	at org.apache.ratis.grpc.client.GrpcClientProtocolService$OrderedRequestStreamObserver.processClientRequest(GrpcClientProtocolService.java:331) ~[ratis-grpc-0.6.0-6ab75ae-SNAPSHOT.jar:0.6.0-6ab75ae-SNAPSHOT]
	at org.apache.ratis.util.SlidingWindow$Server.processRequestsFromHead(SlidingWindow.java:429) [ratis-common-0.6.0-6ab75ae-SNAPSHOT.jar:0.6.0-6ab75ae-SNAPSHOT]
	at org.apache.ratis.util.SlidingWindow$Server.receivedRequest(SlidingWindow.java:421) [ratis-common-0.6.0-6ab75ae-SNAPSHOT.jar:0.6.0-6ab75ae-SNAPSHOT]
	at org.apache.ratis.grpc.client.GrpcClientProtocolService$OrderedRequestStreamObserver.processClientRequest(GrpcClientProtocolService.java:355) [ratis-grpc-0.6.0-6ab75ae-SNAPSHOT.jar:0.6.0-6ab75ae-SNAPSHOT]
	at org.apache.ratis.grpc.client.GrpcClientProtocolService$RequestStreamObserver.onNext(GrpcClientProtocolService.java:245) [ratis-grpc-0.6.0-6ab75ae-SNAPSHOT.jar:0.6.0-6ab75ae-SNAPSHOT]
	at org.apache.ratis.grpc.client.GrpcClientProtocolService$RequestStreamObserver.onNext(GrpcClientProtocolService.java:168) [ratis-grpc-0.6.0-6ab75ae-SNAPSHOT.jar:0.6.0-6ab75ae-SNAPSHOT]
	at org.apache.ratis.thirdparty.io.grpc.stub.ServerCalls$StreamingServerCallHandler$StreamingServerCallListener.onMessage(ServerCalls.java:251) [ratis-thirdparty-misc-0.4.0.jar:0.4.0]
	at org.apache.ratis.thirdparty.io.grpc.internal.ServerCallImpl$ServerStreamListenerImpl.messagesAvailableInternal(ServerCallImpl.java:309) [ratis-thirdparty-misc-0.4.0.jar:0.4.0]
	at org.apache.ratis.thirdparty.io.grpc.internal.ServerCallImpl$ServerStreamListenerImpl.messagesAvailable(ServerCallImpl.java:292) [ratis-thirdparty-misc-0.4.0.jar:0.4.0]
	at org.apache.ratis.thirdparty.io.grpc.internal.ServerImpl$JumpToApplicationThreadServerStreamListener$1MessagesAvailable.runInContext(ServerImpl.java:782) [ratis-thirdparty-misc-0.4.0.jar:0.4.0]
	at org.apache.ratis.thirdparty.io.grpc.internal.ContextRunnable.run(ContextRunnable.java:37) [ratis-thirdparty-misc-0.4.0.jar:0.4.0]
	at org.apache.ratis.thirdparty.io.grpc.internal.SerializingExecutor.run(SerializingExecutor.java:123) [ratis-thirdparty-misc-0.4.0.jar:0.4.0]
	at java.util.concurrent.ThreadPoolExecutor.runWorker(ThreadPoolExecutor.java:1149) [?:1.8.0_232]
	at java.util.concurrent.ThreadPoolExecutor$Worker.run(ThreadPoolExecutor.java:624) [?:1.8.0_232]
	at java.lang.Thread.run(Thread.java:748) [?:1.8.0_232]
2020-07-20 08:35:49,163 [grpc-default-executor-2] ERROR storage.BlockOutputStream (BlockOutputStream.java:lambda$writeChunkToContainer$3(643)) - writing chunk failed 104545264544514064_chunk_2 blockID conID: 1 locID: 104545264544514064 bcsId: 0 with exception org.apache.ratis.protocol.StateMachineException: org.apache.hadoop.hdds.scm.container.common.helpers.ContainerNotOpenException from Server 2385bf93-00fb-4b21-a15d-4691d542b867@group-810B540DED91: Container 1 in CLOSED state
08:35:49.164 [grpc-default-executor-0] ERROR DNAudit - user=null | ip=null | op=WRITE_CHUNK {blockData=conID: 1 locID: 104545264544514064 bcsId: 0} | ret=FAILURE
org.apache.hadoop.hdds.scm.container.common.helpers.ContainerNotOpenException: Container 1 in CLOSED state
	at org.apache.hadoop.ozone.container.common.impl.HddsDispatcher.validateContainerCommand(HddsDispatcher.java:479) ~[hadoop-hdds-container-service-0.6.0-SNAPSHOT.jar:?]
	at org.apache.hadoop.ozone.container.common.transport.server.ratis.ContainerStateMachine.startTransaction(ContainerStateMachine.java:319) ~[hadoop-hdds-container-service-0.6.0-SNAPSHOT.jar:?]
	at org.apache.ratis.server.impl.RaftServerImpl.submitClientRequestAsync(RaftServerImpl.java:623) ~[ratis-server-0.6.0-6ab75ae-SNAPSHOT.jar:0.6.0-6ab75ae-SNAPSHOT]
	at org.apache.ratis.server.impl.RaftServerProxy.lambda$submitClientRequestAsync$7(RaftServerProxy.java:338) ~[ratis-server-0.6.0-6ab75ae-SNAPSHOT.jar:0.6.0-6ab75ae-SNAPSHOT]
	at org.apache.ratis.server.impl.RaftServerProxy.lambda$null$5(RaftServerProxy.java:333) ~[ratis-server-0.6.0-6ab75ae-SNAPSHOT.jar:0.6.0-6ab75ae-SNAPSHOT]
	at org.apache.ratis.util.JavaUtils.callAsUnchecked(JavaUtils.java:109) ~[ratis-common-0.6.0-6ab75ae-SNAPSHOT.jar:0.6.0-6ab75ae-SNAPSHOT]
	at org.apache.ratis.server.impl.RaftServerProxy.lambda$submitRequest$6(RaftServerProxy.java:333) ~[ratis-server-0.6.0-6ab75ae-SNAPSHOT.jar:0.6.0-6ab75ae-SNAPSHOT]
	at java.util.concurrent.CompletableFuture.uniComposeStage(CompletableFuture.java:995) ~[?:1.8.0_232]
	at java.util.concurrent.CompletableFuture.thenCompose(CompletableFuture.java:2137) ~[?:1.8.0_232]
	at org.apache.ratis.server.impl.RaftServerProxy.submitRequest(RaftServerProxy.java:332) ~[ratis-server-0.6.0-6ab75ae-SNAPSHOT.jar:0.6.0-6ab75ae-SNAPSHOT]
	at org.apache.ratis.server.impl.RaftServerProxy.submitClientRequestAsync(RaftServerProxy.java:338) ~[ratis-server-0.6.0-6ab75ae-SNAPSHOT.jar:0.6.0-6ab75ae-SNAPSHOT]
	at org.apache.ratis.grpc.client.GrpcClientProtocolService$RequestStreamObserver.processClientRequest(GrpcClientProtocolService.java:225) ~[ratis-grpc-0.6.0-6ab75ae-SNAPSHOT.jar:0.6.0-6ab75ae-SNAPSHOT]
	at org.apache.ratis.grpc.client.GrpcClientProtocolService$OrderedRequestStreamObserver.processClientRequest(GrpcClientProtocolService.java:331) ~[ratis-grpc-0.6.0-6ab75ae-SNAPSHOT.jar:0.6.0-6ab75ae-SNAPSHOT]
	at org.apache.ratis.util.SlidingWindow$Server.processRequestsFromHead(SlidingWindow.java:429) [ratis-common-0.6.0-6ab75ae-SNAPSHOT.jar:0.6.0-6ab75ae-SNAPSHOT]
	at org.apache.ratis.util.SlidingWindow$Server.receivedRequest(SlidingWindow.java:421) [ratis-common-0.6.0-6ab75ae-SNAPSHOT.jar:0.6.0-6ab75ae-SNAPSHOT]
	at org.apache.ratis.grpc.client.GrpcClientProtocolService$OrderedRequestStreamObserver.processClientRequest(GrpcClientProtocolService.java:355) [ratis-grpc-0.6.0-6ab75ae-SNAPSHOT.jar:0.6.0-6ab75ae-SNAPSHOT]
	at org.apache.ratis.grpc.client.GrpcClientProtocolService$RequestStreamObserver.onNext(GrpcClientProtocolService.java:245) [ratis-grpc-0.6.0-6ab75ae-SNAPSHOT.jar:0.6.0-6ab75ae-SNAPSHOT]
	at org.apache.ratis.grpc.client.GrpcClientProtocolService$RequestStreamObserver.onNext(GrpcClientProtocolService.java:168) [ratis-grpc-0.6.0-6ab75ae-SNAPSHOT.jar:0.6.0-6ab75ae-SNAPSHOT]
	at org.apache.ratis.thirdparty.io.grpc.stub.ServerCalls$StreamingServerCallHandler$StreamingServerCallListener.onMessage(ServerCalls.java:251) [ratis-thirdparty-misc-0.4.0.jar:0.4.0]
	at org.apache.ratis.thirdparty.io.grpc.internal.ServerCallImpl$ServerStreamListenerImpl.messagesAvailableInternal(ServerCallImpl.java:309) [ratis-thirdparty-misc-0.4.0.jar:0.4.0]
	at org.apache.ratis.thirdparty.io.grpc.internal.ServerCallImpl$ServerStreamListenerImpl.messagesAvailable(ServerCallImpl.java:292) [ratis-thirdparty-misc-0.4.0.jar:0.4.0]
	at org.apache.ratis.thirdparty.io.grpc.internal.ServerImpl$JumpToApplicationThreadServerStreamListener$1MessagesAvailable.runInContext(ServerImpl.java:782) [ratis-thirdparty-misc-0.4.0.jar:0.4.0]
	at org.apache.ratis.thirdparty.io.grpc.internal.ContextRunnable.run(ContextRunnable.java:37) [ratis-thirdparty-misc-0.4.0.jar:0.4.0]
	at org.apache.ratis.thirdparty.io.grpc.internal.SerializingExecutor.run(SerializingExecutor.java:123) [ratis-thirdparty-misc-0.4.0.jar:0.4.0]
	at java.util.concurrent.ThreadPoolExecutor.runWorker(ThreadPoolExecutor.java:1149) [?:1.8.0_232]
	at java.util.concurrent.ThreadPoolExecutor$Worker.run(ThreadPoolExecutor.java:624) [?:1.8.0_232]
	at java.lang.Thread.run(Thread.java:748) [?:1.8.0_232]
08:35:49.171 [grpc-default-executor-0] ERROR DNAudit - user=null | ip=null | op=WRITE_CHUNK {blockData=conID: 1 locID: 104545264544514064 bcsId: 0} | ret=FAILURE
org.apache.hadoop.hdds.scm.container.common.helpers.ContainerNotOpenException: Container 1 in CLOSED state
	at org.apache.hadoop.ozone.container.common.impl.HddsDispatcher.validateContainerCommand(HddsDispatcher.java:479) ~[hadoop-hdds-container-service-0.6.0-SNAPSHOT.jar:?]
	at org.apache.hadoop.ozone.container.common.transport.server.ratis.ContainerStateMachine.startTransaction(ContainerStateMachine.java:319) ~[hadoop-hdds-container-service-0.6.0-SNAPSHOT.jar:?]
	at org.apache.ratis.server.impl.RaftServerImpl.submitClientRequestAsync(RaftServerImpl.java:623) ~[ratis-server-0.6.0-6ab75ae-SNAPSHOT.jar:0.6.0-6ab75ae-SNAPSHOT]
	at org.apache.ratis.server.impl.RaftServerProxy.lambda$submitClientRequestAsync$7(RaftServerProxy.java:338) ~[ratis-server-0.6.0-6ab75ae-SNAPSHOT.jar:0.6.0-6ab75ae-SNAPSHOT]
	at org.apache.ratis.server.impl.RaftServerProxy.lambda$null$5(RaftServerProxy.java:333) ~[ratis-server-0.6.0-6ab75ae-SNAPSHOT.jar:0.6.0-6ab75ae-SNAPSHOT]
	at org.apache.ratis.util.JavaUtils.callAsUnchecked(JavaUtils.java:109) ~[ratis-common-0.6.0-6ab75ae-SNAPSHOT.jar:0.6.0-6ab75ae-SNAPSHOT]
	at org.apache.ratis.server.impl.RaftServerProxy.lambda$submitRequest$6(RaftServerProxy.java:333) ~[ratis-server-0.6.0-6ab75ae-SNAPSHOT.jar:0.6.0-6ab75ae-SNAPSHOT]
	at java.util.concurrent.CompletableFuture.uniComposeStage(CompletableFuture.java:995) ~[?:1.8.0_232]
	at java.util.concurrent.CompletableFuture.thenCompose(CompletableFuture.java:2137) ~[?:1.8.0_232]
	at org.apache.ratis.server.impl.RaftServerProxy.submitRequest(RaftServerProxy.java:332) ~[ratis-server-0.6.0-6ab75ae-SNAPSHOT.jar:0.6.0-6ab75ae-SNAPSHOT]
	at org.apache.ratis.server.impl.RaftServerProxy.submitClientRequestAsync(RaftServerProxy.java:338) ~[ratis-server-0.6.0-6ab75ae-SNAPSHOT.jar:0.6.0-6ab75ae-SNAPSHOT]
	at org.apache.ratis.grpc.client.GrpcClientProtocolService$RequestStreamObserver.processClientRequest(GrpcClientProtocolService.java:225) ~[ratis-grpc-0.6.0-6ab75ae-SNAPSHOT.jar:0.6.0-6ab75ae-SNAPSHOT]
	at org.apache.ratis.grpc.client.GrpcClientProtocolService$OrderedRequestStreamObserver.processClientRequest(GrpcClientProtocolService.java:331) ~[ratis-grpc-0.6.0-6ab75ae-SNAPSHOT.jar:0.6.0-6ab75ae-SNAPSHOT]
	at org.apache.ratis.util.SlidingWindow$Server.processRequestsFromHead(SlidingWindow.java:429) [ratis-common-0.6.0-6ab75ae-SNAPSHOT.jar:0.6.0-6ab75ae-SNAPSHOT]
	at org.apache.ratis.util.SlidingWindow$Server.receivedRequest(SlidingWindow.java:421) [ratis-common-0.6.0-6ab75ae-SNAPSHOT.jar:0.6.0-6ab75ae-SNAPSHOT]
	at org.apache.ratis.grpc.client.GrpcClientProtocolService$OrderedRequestStreamObserver.processClientRequest(GrpcClientProtocolService.java:355) [ratis-grpc-0.6.0-6ab75ae-SNAPSHOT.jar:0.6.0-6ab75ae-SNAPSHOT]
	at org.apache.ratis.grpc.client.GrpcClientProtocolService$RequestStreamObserver.onNext(GrpcClientProtocolService.java:245) [ratis-grpc-0.6.0-6ab75ae-SNAPSHOT.jar:0.6.0-6ab75ae-SNAPSHOT]
	at org.apache.ratis.grpc.client.GrpcClientProtocolService$RequestStreamObserver.onNext(GrpcClientProtocolService.java:168) [ratis-grpc-0.6.0-6ab75ae-SNAPSHOT.jar:0.6.0-6ab75ae-SNAPSHOT]
	at org.apache.ratis.thirdparty.io.grpc.stub.ServerCalls$StreamingServerCallHandler$StreamingServerCallListener.onMessage(ServerCalls.java:251) [ratis-thirdparty-misc-0.4.0.jar:0.4.0]
	at org.apache.ratis.thirdparty.io.grpc.internal.ServerCallImpl$ServerStreamListenerImpl.messagesAvailableInternal(ServerCallImpl.java:309) [ratis-thirdparty-misc-0.4.0.jar:0.4.0]
	at org.apache.ratis.thirdparty.io.grpc.internal.ServerCallImpl$ServerStreamListenerImpl.messagesAvailable(ServerCallImpl.java:292) [ratis-thirdparty-misc-0.4.0.jar:0.4.0]
	at org.apache.ratis.thirdparty.io.grpc.internal.ServerImpl$JumpToApplicationThreadServerStreamListener$1MessagesAvailable.runInContext(ServerImpl.java:782) [ratis-thirdparty-misc-0.4.0.jar:0.4.0]
	at org.apache.ratis.thirdparty.io.grpc.internal.ContextRunnable.run(ContextRunnable.java:37) [ratis-thirdparty-misc-0.4.0.jar:0.4.0]
	at org.apache.ratis.thirdparty.io.grpc.internal.SerializingExecutor.run(SerializingExecutor.java:123) [ratis-thirdparty-misc-0.4.0.jar:0.4.0]
	at java.util.concurrent.ThreadPoolExecutor.runWorker(ThreadPoolExecutor.java:1149) [?:1.8.0_232]
	at java.util.concurrent.ThreadPoolExecutor$Worker.run(ThreadPoolExecutor.java:624) [?:1.8.0_232]
	at java.lang.Thread.run(Thread.java:748) [?:1.8.0_232]
2020-07-20 08:35:49,180 [grpc-default-executor-2] ERROR storage.BlockOutputStream (BlockOutputStream.java:lambda$writeChunkToContainer$3(643)) - writing chunk failed 104545264544514064_chunk_3 blockID conID: 1 locID: 104545264544514064 bcsId: 0 with exception org.apache.ratis.protocol.StateMachineException: org.apache.hadoop.hdds.scm.container.common.helpers.ContainerNotOpenException from Server 2385bf93-00fb-4b21-a15d-4691d542b867@group-810B540DED91: Container 1 in CLOSED state
08:35:49.182 [grpc-default-executor-0] ERROR DNAudit - user=null | ip=null | op=PUT_BLOCK {blockData=[blockId=conID: 1 locID: 104545264544514064 bcsId: 0,size=400]} | ret=FAILURE
org.apache.hadoop.hdds.scm.container.common.helpers.ContainerNotOpenException: Container 1 in CLOSED state
	at org.apache.hadoop.ozone.container.common.impl.HddsDispatcher.validateContainerCommand(HddsDispatcher.java:479) ~[hadoop-hdds-container-service-0.6.0-SNAPSHOT.jar:?]
	at org.apache.hadoop.ozone.container.common.transport.server.ratis.ContainerStateMachine.startTransaction(ContainerStateMachine.java:319) ~[hadoop-hdds-container-service-0.6.0-SNAPSHOT.jar:?]
	at org.apache.ratis.server.impl.RaftServerImpl.submitClientRequestAsync(RaftServerImpl.java:623) ~[ratis-server-0.6.0-6ab75ae-SNAPSHOT.jar:0.6.0-6ab75ae-SNAPSHOT]
	at org.apache.ratis.server.impl.RaftServerProxy.lambda$submitClientRequestAsync$7(RaftServerProxy.java:338) ~[ratis-server-0.6.0-6ab75ae-SNAPSHOT.jar:0.6.0-6ab75ae-SNAPSHOT]
	at org.apache.ratis.server.impl.RaftServerProxy.lambda$null$5(RaftServerProxy.java:333) ~[ratis-server-0.6.0-6ab75ae-SNAPSHOT.jar:0.6.0-6ab75ae-SNAPSHOT]
	at org.apache.ratis.util.JavaUtils.callAsUnchecked(JavaUtils.java:109) ~[ratis-common-0.6.0-6ab75ae-SNAPSHOT.jar:0.6.0-6ab75ae-SNAPSHOT]
	at org.apache.ratis.server.impl.RaftServerProxy.lambda$submitRequest$6(RaftServerProxy.java:333) ~[ratis-server-0.6.0-6ab75ae-SNAPSHOT.jar:0.6.0-6ab75ae-SNAPSHOT]
	at java.util.concurrent.CompletableFuture.uniComposeStage(CompletableFuture.java:995) ~[?:1.8.0_232]
	at java.util.concurrent.CompletableFuture.thenCompose(CompletableFuture.java:2137) ~[?:1.8.0_232]
	at org.apache.ratis.server.impl.RaftServerProxy.submitRequest(RaftServerProxy.java:332) ~[ratis-server-0.6.0-6ab75ae-SNAPSHOT.jar:0.6.0-6ab75ae-SNAPSHOT]
	at org.apache.ratis.server.impl.RaftServerProxy.submitClientRequestAsync(RaftServerProxy.java:338) ~[ratis-server-0.6.0-6ab75ae-SNAPSHOT.jar:0.6.0-6ab75ae-SNAPSHOT]
	at org.apache.ratis.grpc.client.GrpcClientProtocolService$RequestStreamObserver.processClientRequest(GrpcClientProtocolService.java:225) ~[ratis-grpc-0.6.0-6ab75ae-SNAPSHOT.jar:0.6.0-6ab75ae-SNAPSHOT]
	at org.apache.ratis.grpc.client.GrpcClientProtocolService$OrderedRequestStreamObserver.processClientRequest(GrpcClientProtocolService.java:331) ~[ratis-grpc-0.6.0-6ab75ae-SNAPSHOT.jar:0.6.0-6ab75ae-SNAPSHOT]
	at org.apache.ratis.util.SlidingWindow$Server.processRequestsFromHead(SlidingWindow.java:429) [ratis-common-0.6.0-6ab75ae-SNAPSHOT.jar:0.6.0-6ab75ae-SNAPSHOT]
	at org.apache.ratis.util.SlidingWindow$Server.receivedRequest(SlidingWindow.java:421) [ratis-common-0.6.0-6ab75ae-SNAPSHOT.jar:0.6.0-6ab75ae-SNAPSHOT]
	at org.apache.ratis.grpc.client.GrpcClientProtocolService$OrderedRequestStreamObserver.processClientRequest(GrpcClientProtocolService.java:355) [ratis-grpc-0.6.0-6ab75ae-SNAPSHOT.jar:0.6.0-6ab75ae-SNAPSHOT]
	at org.apache.ratis.grpc.client.GrpcClientProtocolService$RequestStreamObserver.onNext(GrpcClientProtocolService.java:245) [ratis-grpc-0.6.0-6ab75ae-SNAPSHOT.jar:0.6.0-6ab75ae-SNAPSHOT]
	at org.apache.ratis.grpc.client.GrpcClientProtocolService$RequestStreamObserver.onNext(GrpcClientProtocolService.java:168) [ratis-grpc-0.6.0-6ab75ae-SNAPSHOT.jar:0.6.0-6ab75ae-SNAPSHOT]
	at org.apache.ratis.thirdparty.io.grpc.stub.ServerCalls$StreamingServerCallHandler$StreamingServerCallListener.onMessage(ServerCalls.java:251) [ratis-thirdparty-misc-0.4.0.jar:0.4.0]
	at org.apache.ratis.thirdparty.io.grpc.internal.ServerCallImpl$ServerStreamListenerImpl.messagesAvailableInternal(ServerCallImpl.java:309) [ratis-thirdparty-misc-0.4.0.jar:0.4.0]
	at org.apache.ratis.thirdparty.io.grpc.internal.ServerCallImpl$ServerStreamListenerImpl.messagesAvailable(ServerCallImpl.java:292) [ratis-thirdparty-misc-0.4.0.jar:0.4.0]
	at org.apache.ratis.thirdparty.io.grpc.internal.ServerImpl$JumpToApplicationThreadServerStreamListener$1MessagesAvailable.runInContext(ServerImpl.java:782) [ratis-thirdparty-misc-0.4.0.jar:0.4.0]
	at org.apache.ratis.thirdparty.io.grpc.internal.ContextRunnable.run(ContextRunnable.java:37) [ratis-thirdparty-misc-0.4.0.jar:0.4.0]
	at org.apache.ratis.thirdparty.io.grpc.internal.SerializingExecutor.run(SerializingExecutor.java:123) [ratis-thirdparty-misc-0.4.0.jar:0.4.0]
	at java.util.concurrent.ThreadPoolExecutor.runWorker(ThreadPoolExecutor.java:1149) [?:1.8.0_232]
	at java.util.concurrent.ThreadPoolExecutor$Worker.run(ThreadPoolExecutor.java:624) [?:1.8.0_232]
	at java.lang.Thread.run(Thread.java:748) [?:1.8.0_232]
2020-07-20 08:35:49,182 [grpc-default-executor-2] ERROR storage.BlockOutputStream (BlockOutputStream.java:lambda$writeChunkToContainer$3(643)) - writing chunk failed 104545264544514064_chunk_4 blockID conID: 1 locID: 104545264544514064 bcsId: 0 with exception org.apache.ratis.protocol.StateMachineException: org.apache.hadoop.hdds.scm.container.common.helpers.ContainerNotOpenException from Server 2385bf93-00fb-4b21-a15d-4691d542b867@group-810B540DED91: Container 1 in CLOSED state
2020-07-20 08:35:49,197 [Listener at 127.0.0.1/33185] INFO  io.BlockOutputStreamEntryPool (BlockOutputStreamEntryPool.java:allocateNewBlock(284)) - Allocating block with ExcludeList {datanodes = [], containerIds = [#1], pipelineIds = []}
2020-07-20 08:35:49,322 [Listener at 127.0.0.1/33185] INFO  ozone.MiniOzoneClusterImpl (MiniOzoneClusterImpl.java:shutdown(387)) - Shutting down the Mini Ozone Cluster
2020-07-20 08:35:49,322 [Listener at 127.0.0.1/33185] INFO  ozone.MiniOzoneClusterImpl (MiniOzoneClusterImpl.java:stop(402)) - Stopping the Mini Ozone Cluster
2020-07-20 08:35:49,322 [Listener at 127.0.0.1/33185] INFO  ozone.MiniOzoneClusterImpl (MiniOzoneClusterImpl.java:stopOM(484)) - Stopping the OzoneManager
2020-07-20 08:35:49,322 [Listener at 127.0.0.1/33185] INFO  ipc.Server (Server.java:stop(3359)) - Stopping server on 33185
2020-07-20 08:35:49,324 [Listener at 127.0.0.1/33185] INFO  ratis.OzoneManagerDoubleBuffer (OzoneManagerDoubleBuffer.java:stop(458)) - Stopping OMDoubleBuffer flush thread
2020-07-20 08:35:49,325 [IPC Server Responder] INFO  ipc.Server (Server.java:run(1465)) - Stopping IPC Server Responder
2020-07-20 08:35:49,325 [OMDoubleBufferFlushThread] INFO  ratis.OzoneManagerDoubleBuffer (OzoneManagerDoubleBuffer.java:flushTransactions(357)) - OMDoubleBuffer flush thread OMDoubleBufferFlushThread is interrupted and will exit. OMDoubleBufferFlushThread
2020-07-20 08:35:49,325 [Listener at 127.0.0.1/33185] INFO  utils.BackgroundService (BackgroundService.java:shutdown(157)) - Shutting down service KeyDeletingService
2020-07-20 08:35:49,326 [Listener at 127.0.0.1/33185] INFO  handler.ContextHandler (ContextHandler.java:doStop(1016)) - Stopped o.e.j.w.WebAppContext@7e02016c{ozoneManager,/,null,UNAVAILABLE}{file:/github/workspace/mnt/ozone/hadoop-ozone/integration-test/target/test-classes/webapps/ozoneManager}
2020-07-20 08:35:49,326 [Listener at 127.0.0.1/33185] INFO  server.AbstractConnector (AbstractConnector.java:doStop(380)) - Stopped ServerConnector@1118676d{HTTP/1.1,[http/1.1]}{0.0.0.0:0}
2020-07-20 08:35:49,326 [Listener at 127.0.0.1/33185] INFO  server.session (HouseKeeper.java:stopScavenging(158)) - node0 Stopped scavenging
2020-07-20 08:35:49,326 [Listener at 127.0.0.1/33185] INFO  handler.ContextHandler (ContextHandler.java:doStop(1016)) - Stopped o.e.j.s.ServletContextHandler@edb271b{static,/static,file:///github/workspace/mnt/ozone/hadoop-ozone/integration-test/target/test-classes/webapps/static,UNAVAILABLE}
2020-07-20 08:35:49,326 [Listener at 127.0.0.1/33185] INFO  handler.ContextHandler (ContextHandler.java:doStop(1016)) - Stopped o.e.j.s.ServletContextHandler@5dd1c6f3{logs,/logs,file:///github/workspace/mnt/ozone/hadoop-ozone/integration-test/target/log,UNAVAILABLE}
2020-07-20 08:35:49,327 [IPC Server listener on 0] INFO  ipc.Server (Server.java:run(1330)) - Stopping IPC Server listener on 0
2020-07-20 08:35:49,336 [Listener at 127.0.0.1/33185] INFO  ozone.MiniOzoneClusterImpl (MiniOzoneClusterImpl.java:stopDatanodes(461)) - Stopping the HddsDatanodes
2020-07-20 08:35:50,136 [Datanode State Machine Thread - 0] INFO  statemachine.DatanodeStateMachine (DatanodeStateMachine.java:lambda$startDaemon$0(380)) - Ozone container server started.
2020-07-20 08:35:50,259 [Datanode State Machine Thread - 0] INFO  statemachine.DatanodeStateMachine (DatanodeStateMachine.java:lambda$startDaemon$0(380)) - Ozone container server started.
2020-07-20 08:35:54,336 [ForkJoinPool.commonPool-worker-0] INFO  ozoneimpl.OzoneContainer (OzoneContainer.java:stop(247)) - Attempting to stop container services.
2020-07-20 08:35:54,337 [ForkJoinPool.commonPool-worker-0] INFO  impl.RaftServerProxy (RaftServerProxy.java:lambda$close$4(319)) - 7cb3e755-c8bb-4f00-be15-bc5c4dd112b5: close
2020-07-20 08:35:54,337 [Listener at 127.0.0.1/33185] INFO  ozoneimpl.OzoneContainer (OzoneContainer.java:stop(247)) - Attempting to stop container services.
2020-07-20 08:35:54,337 [ForkJoinPool.commonPool-worker-0] INFO  impl.RaftServerImpl (RaftServerImpl.java:lambda$shutdown$3(252)) - 7cb3e755-c8bb-4f00-be15-bc5c4dd112b5@group-75B56BA316C6: shutdown
2020-07-20 08:35:54,337 [Listener at 127.0.0.1/33185] INFO  impl.RaftServerProxy (RaftServerProxy.java:lambda$close$4(319)) - be0851b3-0322-40a6-8ce8-d00f153a9faf: close
2020-07-20 08:35:54,337 [Listener at 127.0.0.1/33185] INFO  impl.RaftServerImpl (RaftServerImpl.java:lambda$shutdown$3(252)) - be0851b3-0322-40a6-8ce8-d00f153a9faf@group-58530E919918: shutdown
2020-07-20 08:35:54,337 [Listener at 127.0.0.1/33185] INFO  util.JmxRegister (JmxRegister.java:unregister(73)) - Successfully un-registered JMX Bean with object name Ratis:service=RaftServer,group=group-58530E919918,id=be0851b3-0322-40a6-8ce8-d00f153a9faf
2020-07-20 08:35:54,338 [Listener at 127.0.0.1/33185] INFO  impl.RoleInfo (RoleInfo.java:shutdownLeaderState(104)) - be0851b3-0322-40a6-8ce8-d00f153a9faf: shutdown LeaderState
2020-07-20 08:35:54,337 [ForkJoinPool.commonPool-worker-0] INFO  util.JmxRegister (JmxRegister.java:unregister(73)) - Successfully un-registered JMX Bean with object name Ratis:service=RaftServer,group=group-75B56BA316C6,id=7cb3e755-c8bb-4f00-be15-bc5c4dd112b5
2020-07-20 08:35:54,338 [ForkJoinPool.commonPool-worker-0] INFO  impl.RoleInfo (RoleInfo.java:shutdownFollowerState(121)) - 7cb3e755-c8bb-4f00-be15-bc5c4dd112b5: shutdown FollowerState
2020-07-20 08:35:54,338 [ForkJoinPool.commonPool-worker-0] INFO  impl.StateMachineUpdater (StateMachineUpdater.java:stopAndJoin(142)) - 7cb3e755-c8bb-4f00-be15-bc5c4dd112b5@group-75B56BA316C6-StateMachineUpdater: set stopIndex = 12
2020-07-20 08:35:54,338 [7cb3e755-c8bb-4f00-be15-bc5c4dd112b5@group-75B56BA316C6-StateMachineUpdater] INFO  ratis.ContainerStateMachine (ContainerStateMachine.java:takeSnapshot(293)) - group-75B56BA316C6: Taking a snapshot at:(t:1, i:12) file /github/workspace/mnt/ozone/hadoop-ozone/integration-test/target/test-dir/MiniOzoneClusterImpl-77fe6979-9426-4b74-982f-524262e25198/datanode-1/data/ratis/f9bee2f1-1abd-48d4-ab94-75b56ba316c6/sm/snapshot.1_12
2020-07-20 08:35:54,339 [Thread-3098] INFO  impl.FollowerState (FollowerState.java:run(117)) - 7cb3e755-c8bb-4f00-be15-bc5c4dd112b5@group-75B56BA316C6-FollowerState was interrupted: java.lang.InterruptedException: sleep interrupted
2020-07-20 08:35:54,338 [Listener at 127.0.0.1/33185] INFO  impl.PendingRequests (PendingRequests.java:sendNotLeaderResponses(249)) - be0851b3-0322-40a6-8ce8-d00f153a9faf@group-58530E919918-PendingRequests: sendNotLeaderResponses
2020-07-20 08:35:54,339 [Listener at 127.0.0.1/33185] INFO  metrics.RatisMetrics (RatisMetrics.java:unregister(43)) - Unregistering Metrics Registry : ratis.log_appender.be0851b3-0322-40a6-8ce8-d00f153a9faf@group-58530E919918
2020-07-20 08:35:54,339 [Listener at 127.0.0.1/33185] INFO  metrics.RatisMetrics (RatisMetrics.java:unregister(43)) - Unregistering Metrics Registry : ratis.server.be0851b3-0322-40a6-8ce8-d00f153a9faf@group-58530E919918
2020-07-20 08:35:54,340 [7cb3e755-c8bb-4f00-be15-bc5c4dd112b5@group-75B56BA316C6-StateMachineUpdater] INFO  ratis.ContainerStateMachine (ContainerStateMachine.java:takeSnapshot(304)) - group-75B56BA316C6: Finished taking a snapshot at:(t:1, i:12) file:/github/workspace/mnt/ozone/hadoop-ozone/integration-test/target/test-dir/MiniOzoneClusterImpl-77fe6979-9426-4b74-982f-524262e25198/datanode-1/data/ratis/f9bee2f1-1abd-48d4-ab94-75b56ba316c6/sm/snapshot.1_12 time:2
2020-07-20 08:35:54,340 [7cb3e755-c8bb-4f00-be15-bc5c4dd112b5@group-75B56BA316C6-StateMachineUpdater] INFO  impl.StateMachineUpdater (StateMachineUpdater.java:takeSnapshot(277)) - 7cb3e755-c8bb-4f00-be15-bc5c4dd112b5@group-75B56BA316C6-StateMachineUpdater: Took a snapshot at index 12
2020-07-20 08:35:54,340 [7cb3e755-c8bb-4f00-be15-bc5c4dd112b5@group-75B56BA316C6-StateMachineUpdater] INFO  impl.StateMachineUpdater (StateMachineUpdater.java:lambda$new$0(87)) - 7cb3e755-c8bb-4f00-be15-bc5c4dd112b5@group-75B56BA316C6-StateMachineUpdater: snapshotIndex: updateIncreasingly -1 -> 12
2020-07-20 08:35:54,340 [7cb3e755-c8bb-4f00-be15-bc5c4dd112b5@group-75B56BA316C6-StateMachineUpdater] INFO  metrics.RatisMetrics (RatisMetrics.java:unregister(43)) - Unregistering Metrics Registry : ratis.state_machine.7cb3e755-c8bb-4f00-be15-bc5c4dd112b5@group-75B56BA316C6
2020-07-20 08:35:54,340 [ForkJoinPool.commonPool-worker-0] INFO  impl.RaftServerImpl (ServerState.java:close(387)) - 7cb3e755-c8bb-4f00-be15-bc5c4dd112b5@group-75B56BA316C6: closes. applyIndex: 12
2020-07-20 08:35:54,341 [7cb3e755-c8bb-4f00-be15-bc5c4dd112b5@group-75B56BA316C6-SegmentedRaftLogWorker] INFO  segmented.SegmentedRaftLogWorker (SegmentedRaftLogWorker.java:run(327)) - 7cb3e755-c8bb-4f00-be15-bc5c4dd112b5@group-75B56BA316C6-SegmentedRaftLogWorker was interrupted, exiting. There are 0 tasks remaining in the queue.
2020-07-20 08:35:54,342 [ForkJoinPool.commonPool-worker-0] INFO  segmented.SegmentedRaftLogWorker (SegmentedRaftLogWorker.java:close(234)) - 7cb3e755-c8bb-4f00-be15-bc5c4dd112b5@group-75B56BA316C6-SegmentedRaftLogWorker close()
2020-07-20 08:35:54,342 [Listener at 127.0.0.1/33185] INFO  impl.StateMachineUpdater (StateMachineUpdater.java:stopAndJoin(142)) - be0851b3-0322-40a6-8ce8-d00f153a9faf@group-58530E919918-StateMachineUpdater: set stopIndex = 0
2020-07-20 08:35:54,343 [be0851b3-0322-40a6-8ce8-d00f153a9faf@group-58530E919918-StateMachineUpdater] INFO  ratis.ContainerStateMachine (ContainerStateMachine.java:takeSnapshot(293)) - group-58530E919918: Taking a snapshot at:(t:1, i:0) file /github/workspace/mnt/ozone/hadoop-ozone/integration-test/target/test-dir/MiniOzoneClusterImpl-77fe6979-9426-4b74-982f-524262e25198/datanode-4/data/ratis/8ee1dee4-40ce-41a1-8fc0-58530e919918/sm/snapshot.1_0
2020-07-20 08:35:54,343 [be0851b3-0322-40a6-8ce8-d00f153a9faf@group-58530E919918-StateMachineUpdater] INFO  ratis.ContainerStateMachine (ContainerStateMachine.java:takeSnapshot(304)) - group-58530E919918: Finished taking a snapshot at:(t:1, i:0) file:/github/workspace/mnt/ozone/hadoop-ozone/integration-test/target/test-dir/MiniOzoneClusterImpl-77fe6979-9426-4b74-982f-524262e25198/datanode-4/data/ratis/8ee1dee4-40ce-41a1-8fc0-58530e919918/sm/snapshot.1_0 time:0
2020-07-20 08:35:54,344 [be0851b3-0322-40a6-8ce8-d00f153a9faf@group-58530E919918-StateMachineUpdater] INFO  impl.StateMachineUpdater (StateMachineUpdater.java:takeSnapshot(277)) - be0851b3-0322-40a6-8ce8-d00f153a9faf@group-58530E919918-StateMachineUpdater: Took a snapshot at index 0
2020-07-20 08:35:54,344 [be0851b3-0322-40a6-8ce8-d00f153a9faf@group-58530E919918-StateMachineUpdater] INFO  impl.StateMachineUpdater (StateMachineUpdater.java:lambda$new$0(87)) - be0851b3-0322-40a6-8ce8-d00f153a9faf@group-58530E919918-StateMachineUpdater: snapshotIndex: updateIncreasingly -1 -> 0
2020-07-20 08:35:54,344 [be0851b3-0322-40a6-8ce8-d00f153a9faf@group-58530E919918-StateMachineUpdater] INFO  metrics.RatisMetrics (RatisMetrics.java:unregister(43)) - Unregistering Metrics Registry : ratis.state_machine.be0851b3-0322-40a6-8ce8-d00f153a9faf@group-58530E919918
2020-07-20 08:35:54,344 [Listener at 127.0.0.1/33185] INFO  impl.RaftServerImpl (ServerState.java:close(387)) - be0851b3-0322-40a6-8ce8-d00f153a9faf@group-58530E919918: closes. applyIndex: 0
2020-07-20 08:35:54,344 [be0851b3-0322-40a6-8ce8-d00f153a9faf@group-58530E919918-SegmentedRaftLogWorker] INFO  segmented.SegmentedRaftLogWorker (SegmentedRaftLogWorker.java:run(327)) - be0851b3-0322-40a6-8ce8-d00f153a9faf@group-58530E919918-SegmentedRaftLogWorker was interrupted, exiting. There are 0 tasks remaining in the queue.
2020-07-20 08:35:54,345 [Listener at 127.0.0.1/33185] INFO  segmented.SegmentedRaftLogWorker (SegmentedRaftLogWorker.java:close(234)) - be0851b3-0322-40a6-8ce8-d00f153a9faf@group-58530E919918-SegmentedRaftLogWorker close()
2020-07-20 08:35:54,346 [ForkJoinPool.commonPool-worker-0] INFO  metrics.RatisMetrics (RatisMetrics.java:unregister(43)) - Unregistering Metrics Registry : ratis.log_worker.7cb3e755-c8bb-4f00-be15-bc5c4dd112b5@group-75B56BA316C6
2020-07-20 08:35:54,346 [ForkJoinPool.commonPool-worker-0] INFO  metrics.RatisMetrics (RatisMetrics.java:unregister(43)) - Unregistering Metrics Registry : ratis.leader_election.7cb3e755-c8bb-4f00-be15-bc5c4dd112b5@group-75B56BA316C6
2020-07-20 08:35:54,346 [ForkJoinPool.commonPool-worker-0] INFO  metrics.RatisMetrics (RatisMetrics.java:unregister(43)) - Unregistering Metrics Registry : ratis.server.7cb3e755-c8bb-4f00-be15-bc5c4dd112b5@group-75B56BA316C6
2020-07-20 08:35:54,346 [ForkJoinPool.commonPool-worker-0] INFO  impl.RaftServerImpl (RaftServerImpl.java:lambda$shutdown$3(252)) - 7cb3e755-c8bb-4f00-be15-bc5c4dd112b5@group-ADD4E95C7D82: shutdown
2020-07-20 08:35:54,346 [ForkJoinPool.commonPool-worker-0] INFO  util.JmxRegister (JmxRegister.java:unregister(73)) - Successfully un-registered JMX Bean with object name Ratis:service=RaftServer,group=group-ADD4E95C7D82,id=7cb3e755-c8bb-4f00-be15-bc5c4dd112b5
2020-07-20 08:35:54,346 [ForkJoinPool.commonPool-worker-0] INFO  impl.RoleInfo (RoleInfo.java:shutdownLeaderState(104)) - 7cb3e755-c8bb-4f00-be15-bc5c4dd112b5: shutdown LeaderState
2020-07-20 08:35:54,346 [ForkJoinPool.commonPool-worker-0] INFO  impl.PendingRequests (PendingRequests.java:sendNotLeaderResponses(249)) - 7cb3e755-c8bb-4f00-be15-bc5c4dd112b5@group-ADD4E95C7D82-PendingRequests: sendNotLeaderResponses
2020-07-20 08:35:54,346 [ForkJoinPool.commonPool-worker-0] INFO  metrics.RatisMetrics (RatisMetrics.java:unregister(43)) - Unregistering Metrics Registry : ratis.log_appender.7cb3e755-c8bb-4f00-be15-bc5c4dd112b5@group-ADD4E95C7D82
2020-07-20 08:35:54,347 [ForkJoinPool.commonPool-worker-0] INFO  metrics.RatisMetrics (RatisMetrics.java:unregister(43)) - Unregistering Metrics Registry : ratis.server.7cb3e755-c8bb-4f00-be15-bc5c4dd112b5@group-ADD4E95C7D82
2020-07-20 08:35:54,348 [ForkJoinPool.commonPool-worker-0] INFO  impl.StateMachineUpdater (StateMachineUpdater.java:stopAndJoin(142)) - 7cb3e755-c8bb-4f00-be15-bc5c4dd112b5@group-ADD4E95C7D82-StateMachineUpdater: set stopIndex = 0
2020-07-20 08:35:54,349 [Listener at 127.0.0.1/33185] INFO  metrics.RatisMetrics (RatisMetrics.java:unregister(43)) - Unregistering Metrics Registry : ratis.log_worker.be0851b3-0322-40a6-8ce8-d00f153a9faf@group-58530E919918
2020-07-20 08:35:54,349 [Listener at 127.0.0.1/33185] INFO  metrics.RatisMetrics (RatisMetrics.java:unregister(43)) - Unregistering Metrics Registry : ratis.leader_election.be0851b3-0322-40a6-8ce8-d00f153a9faf@group-58530E919918
2020-07-20 08:35:54,349 [Listener at 127.0.0.1/33185] INFO  metrics.RatisMetrics (RatisMetrics.java:unregister(43)) - Unregistering Metrics Registry : ratis.server.be0851b3-0322-40a6-8ce8-d00f153a9faf@group-58530E919918
2020-07-20 08:35:54,350 [Listener at 127.0.0.1/33185] INFO  impl.RaftServerImpl (RaftServerImpl.java:lambda$shutdown$3(252)) - be0851b3-0322-40a6-8ce8-d00f153a9faf@group-810B540DED91: shutdown
2020-07-20 08:35:54,350 [Listener at 127.0.0.1/33185] INFO  util.JmxRegister (JmxRegister.java:unregister(73)) - Successfully un-registered JMX Bean with object name Ratis:service=RaftServer,group=group-810B540DED91,id=be0851b3-0322-40a6-8ce8-d00f153a9faf
2020-07-20 08:35:54,350 [Listener at 127.0.0.1/33185] INFO  impl.RoleInfo (RoleInfo.java:shutdownFollowerState(121)) - be0851b3-0322-40a6-8ce8-d00f153a9faf: shutdown FollowerState
2020-07-20 08:35:54,350 [Listener at 127.0.0.1/33185] INFO  impl.StateMachineUpdater (StateMachineUpdater.java:stopAndJoin(142)) - be0851b3-0322-40a6-8ce8-d00f153a9faf@group-810B540DED91-StateMachineUpdater: set stopIndex = 4
2020-07-20 08:35:54,350 [be0851b3-0322-40a6-8ce8-d00f153a9faf@group-810B540DED91-StateMachineUpdater] INFO  ratis.ContainerStateMachine (ContainerStateMachine.java:takeSnapshot(293)) - group-810B540DED91: Taking a snapshot at:(t:1, i:4) file /github/workspace/mnt/ozone/hadoop-ozone/integration-test/target/test-dir/MiniOzoneClusterImpl-77fe6979-9426-4b74-982f-524262e25198/datanode-4/data/ratis/880b83f7-33db-4677-b2a6-810b540ded91/sm/snapshot.1_4
2020-07-20 08:35:54,349 [7cb3e755-c8bb-4f00-be15-bc5c4dd112b5@group-ADD4E95C7D82-StateMachineUpdater] INFO  ratis.ContainerStateMachine (ContainerStateMachine.java:takeSnapshot(293)) - group-ADD4E95C7D82: Taking a snapshot at:(t:1, i:0) file /github/workspace/mnt/ozone/hadoop-ozone/integration-test/target/test-dir/MiniOzoneClusterImpl-77fe6979-9426-4b74-982f-524262e25198/datanode-1/data/ratis/aff47c86-ddaa-4c2c-95b2-add4e95c7d82/sm/snapshot.1_0
2020-07-20 08:35:54,350 [Thread-3142] INFO  impl.FollowerState (FollowerState.java:run(117)) - be0851b3-0322-40a6-8ce8-d00f153a9faf@group-810B540DED91-FollowerState was interrupted: java.lang.InterruptedException: sleep interrupted
2020-07-20 08:35:54,351 [be0851b3-0322-40a6-8ce8-d00f153a9faf@group-810B540DED91-StateMachineUpdater] INFO  ratis.ContainerStateMachine (ContainerStateMachine.java:takeSnapshot(304)) - group-810B540DED91: Finished taking a snapshot at:(t:1, i:4) file:/github/workspace/mnt/ozone/hadoop-ozone/integration-test/target/test-dir/MiniOzoneClusterImpl-77fe6979-9426-4b74-982f-524262e25198/datanode-4/data/ratis/880b83f7-33db-4677-b2a6-810b540ded91/sm/snapshot.1_4 time:1
2020-07-20 08:35:54,352 [be0851b3-0322-40a6-8ce8-d00f153a9faf@group-810B540DED91-StateMachineUpdater] INFO  impl.StateMachineUpdater (StateMachineUpdater.java:takeSnapshot(277)) - be0851b3-0322-40a6-8ce8-d00f153a9faf@group-810B540DED91-StateMachineUpdater: Took a snapshot at index 4
2020-07-20 08:35:54,352 [be0851b3-0322-40a6-8ce8-d00f153a9faf@group-810B540DED91-StateMachineUpdater] INFO  impl.StateMachineUpdater (StateMachineUpdater.java:lambda$new$0(87)) - be0851b3-0322-40a6-8ce8-d00f153a9faf@group-810B540DED91-StateMachineUpdater: snapshotIndex: updateIncreasingly -1 -> 4
2020-07-20 08:35:54,352 [be0851b3-0322-40a6-8ce8-d00f153a9faf@group-810B540DED91-StateMachineUpdater] INFO  metrics.RatisMetrics (RatisMetrics.java:unregister(43)) - Unregistering Metrics Registry : ratis.state_machine.be0851b3-0322-40a6-8ce8-d00f153a9faf@group-810B540DED91
2020-07-20 08:35:54,352 [7cb3e755-c8bb-4f00-be15-bc5c4dd112b5@group-ADD4E95C7D82-StateMachineUpdater] INFO  ratis.ContainerStateMachine (ContainerStateMachine.java:takeSnapshot(304)) - group-ADD4E95C7D82: Finished taking a snapshot at:(t:1, i:0) file:/github/workspace/mnt/ozone/hadoop-ozone/integration-test/target/test-dir/MiniOzoneClusterImpl-77fe6979-9426-4b74-982f-524262e25198/datanode-1/data/ratis/aff47c86-ddaa-4c2c-95b2-add4e95c7d82/sm/snapshot.1_0 time:3
2020-07-20 08:35:54,352 [Listener at 127.0.0.1/33185] INFO  impl.RaftServerImpl (ServerState.java:close(387)) - be0851b3-0322-40a6-8ce8-d00f153a9faf@group-810B540DED91: closes. applyIndex: 4
2020-07-20 08:35:54,352 [7cb3e755-c8bb-4f00-be15-bc5c4dd112b5@group-ADD4E95C7D82-StateMachineUpdater] INFO  impl.StateMachineUpdater (StateMachineUpdater.java:takeSnapshot(277)) - 7cb3e755-c8bb-4f00-be15-bc5c4dd112b5@group-ADD4E95C7D82-StateMachineUpdater: Took a snapshot at index 0
2020-07-20 08:35:54,352 [7cb3e755-c8bb-4f00-be15-bc5c4dd112b5@group-ADD4E95C7D82-StateMachineUpdater] INFO  impl.StateMachineUpdater (StateMachineUpdater.java:lambda$new$0(87)) - 7cb3e755-c8bb-4f00-be15-bc5c4dd112b5@group-ADD4E95C7D82-StateMachineUpdater: snapshotIndex: updateIncreasingly -1 -> 0
2020-07-20 08:35:54,352 [7cb3e755-c8bb-4f00-be15-bc5c4dd112b5@group-ADD4E95C7D82-StateMachineUpdater] INFO  metrics.RatisMetrics (RatisMetrics.java:unregister(43)) - Unregistering Metrics Registry : ratis.state_machine.7cb3e755-c8bb-4f00-be15-bc5c4dd112b5@group-ADD4E95C7D82
2020-07-20 08:35:54,352 [ForkJoinPool.commonPool-worker-0] INFO  impl.RaftServerImpl (ServerState.java:close(387)) - 7cb3e755-c8bb-4f00-be15-bc5c4dd112b5@group-ADD4E95C7D82: closes. applyIndex: 0
2020-07-20 08:35:54,353 [be0851b3-0322-40a6-8ce8-d00f153a9faf@group-810B540DED91-SegmentedRaftLogWorker] INFO  segmented.SegmentedRaftLogWorker (SegmentedRaftLogWorker.java:run(327)) - be0851b3-0322-40a6-8ce8-d00f153a9faf@group-810B540DED91-SegmentedRaftLogWorker was interrupted, exiting. There are 0 tasks remaining in the queue.
2020-07-20 08:35:54,353 [7cb3e755-c8bb-4f00-be15-bc5c4dd112b5@group-ADD4E95C7D82-SegmentedRaftLogWorker] INFO  segmented.SegmentedRaftLogWorker (SegmentedRaftLogWorker.java:run(327)) - 7cb3e755-c8bb-4f00-be15-bc5c4dd112b5@group-ADD4E95C7D82-SegmentedRaftLogWorker was interrupted, exiting. There are 0 tasks remaining in the queue.
2020-07-20 08:35:54,357 [ForkJoinPool.commonPool-worker-0] INFO  segmented.SegmentedRaftLogWorker (SegmentedRaftLogWorker.java:close(234)) - 7cb3e755-c8bb-4f00-be15-bc5c4dd112b5@group-ADD4E95C7D82-SegmentedRaftLogWorker close()
2020-07-20 08:35:54,358 [ForkJoinPool.commonPool-worker-0] INFO  metrics.RatisMetrics (RatisMetrics.java:unregister(43)) - Unregistering Metrics Registry : ratis.log_worker.7cb3e755-c8bb-4f00-be15-bc5c4dd112b5@group-ADD4E95C7D82
2020-07-20 08:35:54,358 [Listener at 127.0.0.1/33185] INFO  segmented.SegmentedRaftLogWorker (SegmentedRaftLogWorker.java:close(234)) - be0851b3-0322-40a6-8ce8-d00f153a9faf@group-810B540DED91-SegmentedRaftLogWorker close()
2020-07-20 08:35:54,358 [ForkJoinPool.commonPool-worker-0] INFO  metrics.RatisMetrics (RatisMetrics.java:unregister(43)) - Unregistering Metrics Registry : ratis.leader_election.7cb3e755-c8bb-4f00-be15-bc5c4dd112b5@group-ADD4E95C7D82
2020-07-20 08:35:54,358 [ForkJoinPool.commonPool-worker-0] INFO  metrics.RatisMetrics (RatisMetrics.java:unregister(43)) - Unregistering Metrics Registry : ratis.server.7cb3e755-c8bb-4f00-be15-bc5c4dd112b5@group-ADD4E95C7D82
2020-07-20 08:35:54,358 [ForkJoinPool.commonPool-worker-0] INFO  impl.RaftServerImpl (RaftServerImpl.java:lambda$shutdown$3(252)) - 7cb3e755-c8bb-4f00-be15-bc5c4dd112b5@group-B98AA3197BE4: shutdown
2020-07-20 08:35:54,358 [ForkJoinPool.commonPool-worker-0] INFO  util.JmxRegister (JmxRegister.java:unregister(73)) - Successfully un-registered JMX Bean with object name Ratis:service=RaftServer,group=group-B98AA3197BE4,id=7cb3e755-c8bb-4f00-be15-bc5c4dd112b5
2020-07-20 08:35:54,358 [ForkJoinPool.commonPool-worker-0] INFO  impl.RoleInfo (RoleInfo.java:shutdownFollowerState(121)) - 7cb3e755-c8bb-4f00-be15-bc5c4dd112b5: shutdown FollowerState
2020-07-20 08:35:54,359 [Thread-3088] INFO  impl.FollowerState (FollowerState.java:run(117)) - 7cb3e755-c8bb-4f00-be15-bc5c4dd112b5@group-B98AA3197BE4-FollowerState was interrupted: java.lang.InterruptedException: sleep interrupted
2020-07-20 08:35:54,359 [7cb3e755-c8bb-4f00-be15-bc5c4dd112b5@group-B98AA3197BE4-StateMachineUpdater] INFO  ratis.ContainerStateMachine (ContainerStateMachine.java:takeSnapshot(293)) - group-B98AA3197BE4: Taking a snapshot at:(t:1, i:0) file /github/workspace/mnt/ozone/hadoop-ozone/integration-test/target/test-dir/MiniOzoneClusterImpl-77fe6979-9426-4b74-982f-524262e25198/datanode-1/data/ratis/f7c62648-2a61-4adf-bbe9-b98aa3197be4/sm/snapshot.1_0
2020-07-20 08:35:54,359 [ForkJoinPool.commonPool-worker-0] INFO  impl.StateMachineUpdater (StateMachineUpdater.java:stopAndJoin(142)) - 7cb3e755-c8bb-4f00-be15-bc5c4dd112b5@group-B98AA3197BE4-StateMachineUpdater: set stopIndex = 0
2020-07-20 08:35:54,360 [7cb3e755-c8bb-4f00-be15-bc5c4dd112b5@group-B98AA3197BE4-StateMachineUpdater] INFO  ratis.ContainerStateMachine (ContainerStateMachine.java:takeSnapshot(304)) - group-B98AA3197BE4: Finished taking a snapshot at:(t:1, i:0) file:/github/workspace/mnt/ozone/hadoop-ozone/integration-test/target/test-dir/MiniOzoneClusterImpl-77fe6979-9426-4b74-982f-524262e25198/datanode-1/data/ratis/f7c62648-2a61-4adf-bbe9-b98aa3197be4/sm/snapshot.1_0 time:1
2020-07-20 08:35:54,360 [7cb3e755-c8bb-4f00-be15-bc5c4dd112b5@group-B98AA3197BE4-StateMachineUpdater] INFO  impl.StateMachineUpdater (StateMachineUpdater.java:takeSnapshot(277)) - 7cb3e755-c8bb-4f00-be15-bc5c4dd112b5@group-B98AA3197BE4-StateMachineUpdater: Took a snapshot at index 0
2020-07-20 08:35:54,360 [7cb3e755-c8bb-4f00-be15-bc5c4dd112b5@group-B98AA3197BE4-StateMachineUpdater] INFO  impl.StateMachineUpdater (StateMachineUpdater.java:lambda$new$0(87)) - 7cb3e755-c8bb-4f00-be15-bc5c4dd112b5@group-B98AA3197BE4-StateMachineUpdater: snapshotIndex: updateIncreasingly -1 -> 0
2020-07-20 08:35:54,360 [7cb3e755-c8bb-4f00-be15-bc5c4dd112b5@group-B98AA3197BE4-StateMachineUpdater] INFO  metrics.RatisMetrics (RatisMetrics.java:unregister(43)) - Unregistering Metrics Registry : ratis.state_machine.7cb3e755-c8bb-4f00-be15-bc5c4dd112b5@group-B98AA3197BE4
2020-07-20 08:35:54,360 [ForkJoinPool.commonPool-worker-0] INFO  impl.RaftServerImpl (ServerState.java:close(387)) - 7cb3e755-c8bb-4f00-be15-bc5c4dd112b5@group-B98AA3197BE4: closes. applyIndex: 0
2020-07-20 08:35:54,360 [7cb3e755-c8bb-4f00-be15-bc5c4dd112b5@group-B98AA3197BE4-SegmentedRaftLogWorker] INFO  segmented.SegmentedRaftLogWorker (SegmentedRaftLogWorker.java:run(327)) - 7cb3e755-c8bb-4f00-be15-bc5c4dd112b5@group-B98AA3197BE4-SegmentedRaftLogWorker was interrupted, exiting. There are 0 tasks remaining in the queue.
2020-07-20 08:35:54,361 [Listener at 127.0.0.1/33185] INFO  metrics.RatisMetrics (RatisMetrics.java:unregister(43)) - Unregistering Metrics Registry : ratis.log_worker.be0851b3-0322-40a6-8ce8-d00f153a9faf@group-810B540DED91
2020-07-20 08:35:54,361 [ForkJoinPool.commonPool-worker-0] INFO  segmented.SegmentedRaftLogWorker (SegmentedRaftLogWorker.java:close(234)) - 7cb3e755-c8bb-4f00-be15-bc5c4dd112b5@group-B98AA3197BE4-SegmentedRaftLogWorker close()
2020-07-20 08:35:54,361 [Listener at 127.0.0.1/33185] INFO  metrics.RatisMetrics (RatisMetrics.java:unregister(43)) - Unregistering Metrics Registry : ratis.leader_election.be0851b3-0322-40a6-8ce8-d00f153a9faf@group-810B540DED91
2020-07-20 08:35:54,363 [Listener at 127.0.0.1/33185] INFO  metrics.RatisMetrics (RatisMetrics.java:unregister(43)) - Unregistering Metrics Registry : ratis.server.be0851b3-0322-40a6-8ce8-d00f153a9faf@group-810B540DED91
2020-07-20 08:35:54,362 [ForkJoinPool.commonPool-worker-0] INFO  metrics.RatisMetrics (RatisMetrics.java:unregister(43)) - Unregistering Metrics Registry : ratis.log_worker.7cb3e755-c8bb-4f00-be15-bc5c4dd112b5@group-B98AA3197BE4
2020-07-20 08:35:54,364 [ForkJoinPool.commonPool-worker-0] INFO  metrics.RatisMetrics (RatisMetrics.java:unregister(43)) - Unregistering Metrics Registry : ratis.leader_election.7cb3e755-c8bb-4f00-be15-bc5c4dd112b5@group-B98AA3197BE4
2020-07-20 08:35:54,364 [ForkJoinPool.commonPool-worker-0] INFO  metrics.RatisMetrics (RatisMetrics.java:unregister(43)) - Unregistering Metrics Registry : ratis.server.7cb3e755-c8bb-4f00-be15-bc5c4dd112b5@group-B98AA3197BE4
2020-07-20 08:35:54,363 [Listener at 127.0.0.1/33185] INFO  impl.RaftServerImpl (RaftServerImpl.java:lambda$shutdown$3(252)) - be0851b3-0322-40a6-8ce8-d00f153a9faf@group-F7B35D7D5D69: shutdown
2020-07-20 08:35:54,364 [Listener at 127.0.0.1/33185] INFO  util.JmxRegister (JmxRegister.java:unregister(73)) - Successfully un-registered JMX Bean with object name Ratis:service=RaftServer,group=group-F7B35D7D5D69,id=be0851b3-0322-40a6-8ce8-d00f153a9faf
2020-07-20 08:35:54,364 [Listener at 127.0.0.1/33185] INFO  impl.RoleInfo (RoleInfo.java:shutdownFollowerState(121)) - be0851b3-0322-40a6-8ce8-d00f153a9faf: shutdown FollowerState
2020-07-20 08:35:54,364 [ForkJoinPool.commonPool-worker-0] INFO  server.GrpcService (GrpcService.java:closeImpl(166)) - 7cb3e755-c8bb-4f00-be15-bc5c4dd112b5: shutdown server with port 45527 now
2020-07-20 08:35:54,364 [Thread-3121] INFO  impl.FollowerState (FollowerState.java:run(117)) - be0851b3-0322-40a6-8ce8-d00f153a9faf@group-F7B35D7D5D69-FollowerState was interrupted: java.lang.InterruptedException: sleep interrupted
2020-07-20 08:35:54,365 [grpc-default-executor-2] WARN  server.GrpcServerProtocolService (LogUtils.java:warn(122)) - 7cb3e755-c8bb-4f00-be15-bc5c4dd112b5: installSnapshot onError, lastRequest: 8aff4af6-6cc7-479f-9fca-879319b0e7e4->7cb3e755-c8bb-4f00-be15-bc5c4dd112b5#1-t1, previous=(t:0, i:0), leaderCommit=-1, initializing? false, entries: size=1, first=(t:1, i:0), CONFIGURATIONENTRY: org.apache.ratis.thirdparty.io.grpc.StatusRuntimeException: CANCELLED: cancelled before receiving half close
2020-07-20 08:35:54,365 [ForkJoinPool.commonPool-worker-0] INFO  server.GrpcService (GrpcService.java:closeImpl(174)) - 7cb3e755-c8bb-4f00-be15-bc5c4dd112b5: shutdown server with port 45527 successfully
2020-07-20 08:35:54,365 [grpc-default-executor-6] WARN  server.GrpcServerProtocolService (LogUtils.java:warn(122)) - 7cb3e755-c8bb-4f00-be15-bc5c4dd112b5: installSnapshot onError, lastRequest: 8aff4af6-6cc7-479f-9fca-879319b0e7e4->7cb3e755-c8bb-4f00-be15-bc5c4dd112b5#17-t1, previous=(t:1, i:11), leaderCommit=6, initializing? false, entries: size=1, first=(t:1, i:12), METADATAENTRY(c:6): org.apache.ratis.thirdparty.io.grpc.StatusRuntimeException: CANCELLED: cancelled before receiving half close
2020-07-20 08:35:54,366 [grpc-default-executor-1] WARN  server.GrpcLogAppender (LogUtils.java:warn(122)) - 8aff4af6-6cc7-479f-9fca-879319b0e7e4@group-B98AA3197BE4->7cb3e755-c8bb-4f00-be15-bc5c4dd112b5-AppendLogResponseHandler: Failed appendEntries: org.apache.ratis.thirdparty.io.grpc.StatusRuntimeException: CANCELLED: HTTP/2 error code: CANCEL
Received Rst Stream
2020-07-20 08:35:54,366 [be0851b3-0322-40a6-8ce8-d00f153a9faf@group-F7B35D7D5D69-StateMachineUpdater] INFO  ratis.ContainerStateMachine (ContainerStateMachine.java:takeSnapshot(293)) - group-F7B35D7D5D69: Taking a snapshot at:(t:1, i:0) file /github/workspace/mnt/ozone/hadoop-ozone/integration-test/target/test-dir/MiniOzoneClusterImpl-77fe6979-9426-4b74-982f-524262e25198/datanode-4/data/ratis/f1e6931a-3535-455b-b0ea-f7b35d7d5d69/sm/snapshot.1_0
2020-07-20 08:35:54,370 [be0851b3-0322-40a6-8ce8-d00f153a9faf@group-F7B35D7D5D69-StateMachineUpdater] INFO  ratis.ContainerStateMachine (ContainerStateMachine.java:takeSnapshot(304)) - group-F7B35D7D5D69: Finished taking a snapshot at:(t:1, i:0) file:/github/workspace/mnt/ozone/hadoop-ozone/integration-test/target/test-dir/MiniOzoneClusterImpl-77fe6979-9426-4b74-982f-524262e25198/datanode-4/data/ratis/f1e6931a-3535-455b-b0ea-f7b35d7d5d69/sm/snapshot.1_0 time:4
2020-07-20 08:35:54,370 [grpc-default-executor-1] INFO  impl.FollowerInfo (FollowerInfo.java:lambda$new$0(51)) - 8aff4af6-6cc7-479f-9fca-879319b0e7e4@group-B98AA3197BE4->7cb3e755-c8bb-4f00-be15-bc5c4dd112b5: nextIndex: updateUnconditionally 1 -> 0
2020-07-20 08:35:54,370 [be0851b3-0322-40a6-8ce8-d00f153a9faf@group-F7B35D7D5D69-StateMachineUpdater] INFO  impl.StateMachineUpdater (StateMachineUpdater.java:takeSnapshot(277)) - be0851b3-0322-40a6-8ce8-d00f153a9faf@group-F7B35D7D5D69-StateMachineUpdater: Took a snapshot at index 0
2020-07-20 08:35:54,370 [be0851b3-0322-40a6-8ce8-d00f153a9faf@group-F7B35D7D5D69-StateMachineUpdater] INFO  impl.StateMachineUpdater (StateMachineUpdater.java:lambda$new$0(87)) - be0851b3-0322-40a6-8ce8-d00f153a9faf@group-F7B35D7D5D69-StateMachineUpdater: snapshotIndex: updateIncreasingly -1 -> 0
2020-07-20 08:35:54,370 [be0851b3-0322-40a6-8ce8-d00f153a9faf@group-F7B35D7D5D69-StateMachineUpdater] INFO  metrics.RatisMetrics (RatisMetrics.java:unregister(43)) - Unregistering Metrics Registry : ratis.state_machine.be0851b3-0322-40a6-8ce8-d00f153a9faf@group-F7B35D7D5D69
2020-07-20 08:35:54,370 [Listener at 127.0.0.1/33185] INFO  impl.StateMachineUpdater (StateMachineUpdater.java:stopAndJoin(142)) - be0851b3-0322-40a6-8ce8-d00f153a9faf@group-F7B35D7D5D69-StateMachineUpdater: set stopIndex = 0
2020-07-20 08:35:54,371 [Listener at 127.0.0.1/33185] INFO  impl.RaftServerImpl (ServerState.java:close(387)) - be0851b3-0322-40a6-8ce8-d00f153a9faf@group-F7B35D7D5D69: closes. applyIndex: 0
2020-07-20 08:35:54,371 [be0851b3-0322-40a6-8ce8-d00f153a9faf@group-F7B35D7D5D69-SegmentedRaftLogWorker] INFO  segmented.SegmentedRaftLogWorker (SegmentedRaftLogWorker.java:run(327)) - be0851b3-0322-40a6-8ce8-d00f153a9faf@group-F7B35D7D5D69-SegmentedRaftLogWorker was interrupted, exiting. There are 0 tasks remaining in the queue.
2020-07-20 08:35:54,371 [grpc-default-executor-7] WARN  server.GrpcLogAppender (LogUtils.java:warn(122)) - 8aff4af6-6cc7-479f-9fca-879319b0e7e4@group-75B56BA316C6->7cb3e755-c8bb-4f00-be15-bc5c4dd112b5-AppendLogResponseHandler: Failed appendEntries: org.apache.ratis.thirdparty.io.grpc.StatusRuntimeException: CANCELLED: HTTP/2 error code: CANCEL
Received Rst Stream
2020-07-20 08:35:54,372 [ForkJoinPool.commonPool-worker-0] INFO  utils.BackgroundService (BackgroundService.java:shutdown(157)) - Shutting down service BlockDeletingService
2020-07-20 08:35:54,373 [Listener at 127.0.0.1/33185] INFO  segmented.SegmentedRaftLogWorker (SegmentedRaftLogWorker.java:close(234)) - be0851b3-0322-40a6-8ce8-d00f153a9faf@group-F7B35D7D5D69-SegmentedRaftLogWorker close()
2020-07-20 08:35:54,376 [ForkJoinPool.commonPool-worker-0] INFO  statemachine.DatanodeStateMachine (DatanodeStateMachine.java:stopDaemon(428)) - Ozone container server stopped.
2020-07-20 08:35:54,376 [grpc-default-executor-7] INFO  impl.FollowerInfo (FollowerInfo.java:lambda$new$0(51)) - 8aff4af6-6cc7-479f-9fca-879319b0e7e4@group-75B56BA316C6->7cb3e755-c8bb-4f00-be15-bc5c4dd112b5: nextIndex: updateUnconditionally 13 -> 12
2020-07-20 08:35:54,383 [Listener at 127.0.0.1/33185] INFO  metrics.RatisMetrics (RatisMetrics.java:unregister(43)) - Unregistering Metrics Registry : ratis.log_worker.be0851b3-0322-40a6-8ce8-d00f153a9faf@group-F7B35D7D5D69
2020-07-20 08:35:54,383 [ForkJoinPool.commonPool-worker-0] INFO  handler.ContextHandler (ContextHandler.java:doStop(1016)) - Stopped o.e.j.w.WebAppContext@4e678353{hddsDatanode,/,null,UNAVAILABLE}{jar:file:/home/user/.m2/repository/org/apache/hadoop/hadoop-hdds-container-service/0.6.0-SNAPSHOT/hadoop-hdds-container-service-0.6.0-SNAPSHOT.jar!/webapps/hddsDatanode}
2020-07-20 08:35:54,383 [Listener at 127.0.0.1/33185] INFO  metrics.RatisMetrics (RatisMetrics.java:unregister(43)) - Unregistering Metrics Registry : ratis.leader_election.be0851b3-0322-40a6-8ce8-d00f153a9faf@group-F7B35D7D5D69
2020-07-20 08:35:54,384 [ForkJoinPool.commonPool-worker-0] INFO  server.AbstractConnector (AbstractConnector.java:doStop(380)) - Stopped ServerConnector@13234a32{HTTP/1.1,[http/1.1]}{0.0.0.0:0}
2020-07-20 08:35:54,384 [Listener at 127.0.0.1/33185] INFO  metrics.RatisMetrics (RatisMetrics.java:unregister(43)) - Unregistering Metrics Registry : ratis.server.be0851b3-0322-40a6-8ce8-d00f153a9faf@group-F7B35D7D5D69
2020-07-20 08:35:54,385 [Listener at 127.0.0.1/33185] INFO  server.GrpcService (GrpcService.java:closeImpl(166)) - be0851b3-0322-40a6-8ce8-d00f153a9faf: shutdown server with port 36267 now
2020-07-20 08:35:54,384 [ForkJoinPool.commonPool-worker-0] INFO  server.session (HouseKeeper.java:stopScavenging(158)) - node0 Stopped scavenging
2020-07-20 08:35:54,387 [ForkJoinPool.commonPool-worker-0] INFO  handler.ContextHandler (ContextHandler.java:doStop(1016)) - Stopped o.e.j.s.ServletContextHandler@4a343156{static,/static,jar:file:/home/user/.m2/repository/org/apache/hadoop/hadoop-hdds-container-service/0.6.0-SNAPSHOT/hadoop-hdds-container-service-0.6.0-SNAPSHOT.jar!/webapps/static,UNAVAILABLE}
2020-07-20 08:35:54,388 [grpc-default-executor-1] WARN  server.GrpcServerProtocolService (LogUtils.java:warn(122)) - be0851b3-0322-40a6-8ce8-d00f153a9faf: installSnapshot onError, lastRequest: 2385bf93-00fb-4b21-a15d-4691d542b867->be0851b3-0322-40a6-8ce8-d00f153a9faf#7-t1, previous=(t:1, i:3), leaderCommit=2, initializing? false, entries: size=1, first=(t:1, i:4), METADATAENTRY(c:2): org.apache.ratis.thirdparty.io.grpc.StatusRuntimeException: CANCELLED: cancelled before receiving half close
2020-07-20 08:35:54,388 [grpc-default-executor-7] WARN  server.GrpcLogAppender (LogUtils.java:warn(122)) - 2385bf93-00fb-4b21-a15d-4691d542b867@group-810B540DED91->be0851b3-0322-40a6-8ce8-d00f153a9faf-AppendLogResponseHandler: Failed appendEntries: org.apache.ratis.thirdparty.io.grpc.StatusRuntimeException: CANCELLED: HTTP/2 error code: CANCEL
Received Rst Stream
2020-07-20 08:35:54,388 [grpc-default-executor-6] WARN  server.GrpcServerProtocolService (LogUtils.java:warn(122)) - be0851b3-0322-40a6-8ce8-d00f153a9faf: installSnapshot onError, lastRequest: 2385bf93-00fb-4b21-a15d-4691d542b867->be0851b3-0322-40a6-8ce8-d00f153a9faf#1-t1, previous=(t:0, i:0), leaderCommit=-1, initializing? false, entries: size=1, first=(t:1, i:0), CONFIGURATIONENTRY: org.apache.ratis.thirdparty.io.grpc.StatusRuntimeException: CANCELLED: cancelled before receiving half close
2020-07-20 08:35:54,389 [grpc-default-executor-1] WARN  server.GrpcLogAppender (LogUtils.java:warn(122)) - 2385bf93-00fb-4b21-a15d-4691d542b867@group-F7B35D7D5D69->be0851b3-0322-40a6-8ce8-d00f153a9faf-AppendLogResponseHandler: Failed appendEntries: org.apache.ratis.thirdparty.io.grpc.StatusRuntimeException: CANCELLED: HTTP/2 error code: CANCEL
Received Rst Stream
2020-07-20 08:35:54,389 [grpc-default-executor-1] INFO  impl.FollowerInfo (FollowerInfo.java:lambda$new$0(51)) - 2385bf93-00fb-4b21-a15d-4691d542b867@group-F7B35D7D5D69->be0851b3-0322-40a6-8ce8-d00f153a9faf: nextIndex: updateUnconditionally 1 -> 0
2020-07-20 08:35:54,390 [ForkJoinPool.commonPool-worker-0] INFO  handler.ContextHandler (ContextHandler.java:doStop(1016)) - Stopped o.e.j.s.ServletContextHandler@5a68200d{logs,/logs,file:///github/workspace/mnt/ozone/hadoop-ozone/integration-test/target/log,UNAVAILABLE}
2020-07-20 08:35:54,390 [grpc-default-executor-7] INFO  impl.FollowerInfo (FollowerInfo.java:lambda$new$0(51)) - 2385bf93-00fb-4b21-a15d-4691d542b867@group-810B540DED91->be0851b3-0322-40a6-8ce8-d00f153a9faf: nextIndex: updateUnconditionally 5 -> 4
2020-07-20 08:35:54,395 [Listener at 127.0.0.1/33185] INFO  server.GrpcService (GrpcService.java:closeImpl(174)) - be0851b3-0322-40a6-8ce8-d00f153a9faf: shutdown server with port 36267 successfully
2020-07-20 08:35:54,396 [Listener at 127.0.0.1/33185] INFO  utils.BackgroundService (BackgroundService.java:shutdown(157)) - Shutting down service BlockDeletingService
2020-07-20 08:35:54,398 [Listener at 127.0.0.1/33185] INFO  statemachine.DatanodeStateMachine (DatanodeStateMachine.java:stopDaemon(428)) - Ozone container server stopped.
2020-07-20 08:35:54,404 [Listener at 127.0.0.1/33185] INFO  handler.ContextHandler (ContextHandler.java:doStop(1016)) - Stopped o.e.j.w.WebAppContext@645c694b{hddsDatanode,/,null,UNAVAILABLE}{jar:file:/home/user/.m2/repository/org/apache/hadoop/hadoop-hdds-container-service/0.6.0-SNAPSHOT/hadoop-hdds-container-service-0.6.0-SNAPSHOT.jar!/webapps/hddsDatanode}
2020-07-20 08:35:54,405 [Listener at 127.0.0.1/33185] INFO  server.AbstractConnector (AbstractConnector.java:doStop(380)) - Stopped ServerConnector@6a10fda2{HTTP/1.1,[http/1.1]}{0.0.0.0:0}
2020-07-20 08:35:54,405 [Listener at 127.0.0.1/33185] INFO  server.session (HouseKeeper.java:stopScavenging(158)) - node0 Stopped scavenging
2020-07-20 08:35:54,405 [Listener at 127.0.0.1/33185] INFO  handler.ContextHandler (ContextHandler.java:doStop(1016)) - Stopped o.e.j.s.ServletContextHandler@77a686c3{static,/static,jar:file:/home/user/.m2/repository/org/apache/hadoop/hadoop-hdds-container-service/0.6.0-SNAPSHOT/hadoop-hdds-container-service-0.6.0-SNAPSHOT.jar!/webapps/static,UNAVAILABLE}
2020-07-20 08:35:54,405 [Listener at 127.0.0.1/33185] INFO  handler.ContextHandler (ContextHandler.java:doStop(1016)) - Stopped o.e.j.s.ServletContextHandler@3e8a1ea9{logs,/logs,file:///github/workspace/mnt/ozone/hadoop-ozone/integration-test/target/log,UNAVAILABLE}
2020-07-20 08:35:55,084 [Datanode State Machine Thread - 0] INFO  statemachine.DatanodeStateMachine (DatanodeStateMachine.java:lambda$startDaemon$0(380)) - Ozone container server started.
2020-07-20 08:35:55,278 [Datanode State Machine Thread - 0] INFO  statemachine.DatanodeStateMachine (DatanodeStateMachine.java:lambda$startDaemon$0(380)) - Ozone container server started.
2020-07-20 08:35:56,053 [grpc-default-executor-1] WARN  server.GrpcLogAppender (LogUtils.java:warn(122)) - 8aff4af6-6cc7-479f-9fca-879319b0e7e4@group-B98AA3197BE4->7cb3e755-c8bb-4f00-be15-bc5c4dd112b5-AppendLogResponseHandler: Failed appendEntries: org.apache.ratis.thirdparty.io.grpc.StatusRuntimeException: UNAVAILABLE: io exception
2020-07-20 08:35:56,053 [grpc-default-executor-1] INFO  impl.FollowerInfo (FollowerInfo.java:lambda$new$0(51)) - 8aff4af6-6cc7-479f-9fca-879319b0e7e4@group-B98AA3197BE4->7cb3e755-c8bb-4f00-be15-bc5c4dd112b5: nextIndex: updateUnconditionally 1 -> 0
2020-07-20 08:35:56,531 [grpc-default-executor-7] WARN  server.GrpcLogAppender (LogUtils.java:warn(122)) - 2385bf93-00fb-4b21-a15d-4691d542b867@group-F7B35D7D5D69->be0851b3-0322-40a6-8ce8-d00f153a9faf-AppendLogResponseHandler: Failed appendEntries: org.apache.ratis.thirdparty.io.grpc.StatusRuntimeException: UNAVAILABLE: io exception
2020-07-20 08:35:56,531 [grpc-default-executor-7] INFO  impl.FollowerInfo (FollowerInfo.java:lambda$new$0(51)) - 2385bf93-00fb-4b21-a15d-4691d542b867@group-F7B35D7D5D69->be0851b3-0322-40a6-8ce8-d00f153a9faf: nextIndex: updateUnconditionally 1 -> 0
2020-07-20 08:35:56,624 [grpc-default-executor-1] WARN  server.GrpcLogAppender (LogUtils.java:warn(122)) - 2385bf93-00fb-4b21-a15d-4691d542b867@group-810B540DED91->be0851b3-0322-40a6-8ce8-d00f153a9faf-AppendLogResponseHandler: Failed appendEntries: org.apache.ratis.thirdparty.io.grpc.StatusRuntimeException: UNAVAILABLE: io exception
2020-07-20 08:35:56,624 [grpc-default-executor-1] INFO  impl.FollowerInfo (FollowerInfo.java:lambda$new$0(51)) - 2385bf93-00fb-4b21-a15d-4691d542b867@group-810B540DED91->be0851b3-0322-40a6-8ce8-d00f153a9faf: nextIndex: updateUnconditionally 5 -> 4
2020-07-20 08:35:56,815 [grpc-default-executor-7] WARN  server.GrpcLogAppender (LogUtils.java:warn(122)) - 8aff4af6-6cc7-479f-9fca-879319b0e7e4@group-75B56BA316C6->7cb3e755-c8bb-4f00-be15-bc5c4dd112b5-AppendLogResponseHandler: Failed appendEntries: org.apache.ratis.thirdparty.io.grpc.StatusRuntimeException: UNAVAILABLE: io exception
2020-07-20 08:35:56,815 [grpc-default-executor-7] INFO  impl.FollowerInfo (FollowerInfo.java:lambda$new$0(51)) - 8aff4af6-6cc7-479f-9fca-879319b0e7e4@group-75B56BA316C6->7cb3e755-c8bb-4f00-be15-bc5c4dd112b5: nextIndex: updateUnconditionally 13 -> 12
2020-07-20 08:35:58,554 [grpc-default-executor-1] WARN  server.GrpcLogAppender (LogUtils.java:warn(122)) - 8aff4af6-6cc7-479f-9fca-879319b0e7e4@group-B98AA3197BE4->7cb3e755-c8bb-4f00-be15-bc5c4dd112b5-AppendLogResponseHandler: Failed appendEntries: org.apache.ratis.thirdparty.io.grpc.StatusRuntimeException: UNAVAILABLE: io exception
2020-07-20 08:35:58,554 [grpc-default-executor-1] INFO  impl.FollowerInfo (FollowerInfo.java:lambda$new$0(51)) - 8aff4af6-6cc7-479f-9fca-879319b0e7e4@group-B98AA3197BE4->7cb3e755-c8bb-4f00-be15-bc5c4dd112b5: nextIndex: updateUnconditionally 1 -> 0
2020-07-20 08:35:59,033 [grpc-default-executor-7] WARN  server.GrpcLogAppender (LogUtils.java:warn(122)) - 2385bf93-00fb-4b21-a15d-4691d542b867@group-F7B35D7D5D69->be0851b3-0322-40a6-8ce8-d00f153a9faf-AppendLogResponseHandler: Failed appendEntries: org.apache.ratis.thirdparty.io.grpc.StatusRuntimeException: UNAVAILABLE: io exception
2020-07-20 08:35:59,033 [grpc-default-executor-7] INFO  impl.FollowerInfo (FollowerInfo.java:lambda$new$0(51)) - 2385bf93-00fb-4b21-a15d-4691d542b867@group-F7B35D7D5D69->be0851b3-0322-40a6-8ce8-d00f153a9faf: nextIndex: updateUnconditionally 1 -> 0
2020-07-20 08:35:59,125 [grpc-default-executor-1] WARN  server.GrpcLogAppender (LogUtils.java:warn(122)) - 2385bf93-00fb-4b21-a15d-4691d542b867@group-810B540DED91->be0851b3-0322-40a6-8ce8-d00f153a9faf-AppendLogResponseHandler: Failed appendEntries: org.apache.ratis.thirdparty.io.grpc.StatusRuntimeException: UNAVAILABLE: io exception
2020-07-20 08:35:59,126 [grpc-default-executor-1] INFO  impl.FollowerInfo (FollowerInfo.java:lambda$new$0(51)) - 2385bf93-00fb-4b21-a15d-4691d542b867@group-810B540DED91->be0851b3-0322-40a6-8ce8-d00f153a9faf: nextIndex: updateUnconditionally 5 -> 4
2020-07-20 08:35:59,210 [EventQueue-StaleNodeForStaleNodeHandler] INFO  node.StaleNodeHandler (StaleNodeHandler.java:onMessage(58)) - Datanode be0851b3-0322-40a6-8ce8-d00f153a9faf{ip: 172.17.0.2, host: 795ad43b6c28, networkLocation: /default-rack, certSerialId: null} moved to stale state. Finalizing its pipelines [PipelineID=8ee1dee4-40ce-41a1-8fc0-58530e919918, PipelineID=880b83f7-33db-4677-b2a6-810b540ded91, PipelineID=f1e6931a-3535-455b-b0ea-f7b35d7d5d69]
2020-07-20 08:35:59,210 [EventQueue-StaleNodeForStaleNodeHandler] INFO  pipeline.SCMPipelineManager (SCMPipelineManager.java:finalizeAndDestroyPipeline(450)) - Destroying pipeline:Pipeline[ Id: 8ee1dee4-40ce-41a1-8fc0-58530e919918, Nodes: be0851b3-0322-40a6-8ce8-d00f153a9faf{ip: 172.17.0.2, host: 795ad43b6c28, networkLocation: /default-rack, certSerialId: null}, Type:RATIS, Factor:ONE, State:OPEN, leaderId:be0851b3-0322-40a6-8ce8-d00f153a9faf, CreationTimestamp2020-07-20T08:35:30.891Z]
2020-07-20 08:35:59,210 [EventQueue-StaleNodeForStaleNodeHandler] INFO  pipeline.PipelineStateManager (PipelineStateManager.java:finalizePipeline(120)) - Pipeline Pipeline[ Id: 8ee1dee4-40ce-41a1-8fc0-58530e919918, Nodes: be0851b3-0322-40a6-8ce8-d00f153a9faf{ip: 172.17.0.2, host: 795ad43b6c28, networkLocation: /default-rack, certSerialId: null}, Type:RATIS, Factor:ONE, State:CLOSED, leaderId:be0851b3-0322-40a6-8ce8-d00f153a9faf, CreationTimestamp2020-07-20T08:35:30.891Z] moved to CLOSED state
2020-07-20 08:35:59,210 [EventQueue-StaleNodeForStaleNodeHandler] INFO  pipeline.SCMPipelineManager (SCMPipelineManager.java:finalizeAndDestroyPipeline(450)) - Destroying pipeline:Pipeline[ Id: 880b83f7-33db-4677-b2a6-810b540ded91, Nodes: 2385bf93-00fb-4b21-a15d-4691d542b867{ip: 172.17.0.2, host: 795ad43b6c28, networkLocation: /default-rack, certSerialId: null}a427f57b-033e-4f4a-af2c-a26eb345c30a{ip: 172.17.0.2, host: 795ad43b6c28, networkLocation: /default-rack, certSerialId: null}be0851b3-0322-40a6-8ce8-d00f153a9faf{ip: 172.17.0.2, host: 795ad43b6c28, networkLocation: /default-rack, certSerialId: null}, Type:RATIS, Factor:THREE, State:OPEN, leaderId:2385bf93-00fb-4b21-a15d-4691d542b867, CreationTimestamp2020-07-20T08:35:31.035Z]
2020-07-20 08:35:59,210 [EventQueue-StaleNodeForStaleNodeHandler] INFO  pipeline.PipelineStateManager (PipelineStateManager.java:finalizePipeline(120)) - Pipeline Pipeline[ Id: 880b83f7-33db-4677-b2a6-810b540ded91, Nodes: 2385bf93-00fb-4b21-a15d-4691d542b867{ip: 172.17.0.2, host: 795ad43b6c28, networkLocation: /default-rack, certSerialId: null}a427f57b-033e-4f4a-af2c-a26eb345c30a{ip: 172.17.0.2, host: 795ad43b6c28, networkLocation: /default-rack, certSerialId: null}be0851b3-0322-40a6-8ce8-d00f153a9faf{ip: 172.17.0.2, host: 795ad43b6c28, networkLocation: /default-rack, certSerialId: null}, Type:RATIS, Factor:THREE, State:CLOSED, leaderId:2385bf93-00fb-4b21-a15d-4691d542b867, CreationTimestamp2020-07-20T08:35:31.035Z] moved to CLOSED state
2020-07-20 08:35:59,210 [EventQueue-StaleNodeForStaleNodeHandler] INFO  pipeline.SCMPipelineManager (SCMPipelineManager.java:finalizeAndDestroyPipeline(450)) - Destroying pipeline:Pipeline[ Id: f1e6931a-3535-455b-b0ea-f7b35d7d5d69, Nodes: 2385bf93-00fb-4b21-a15d-4691d542b867{ip: 172.17.0.2, host: 795ad43b6c28, networkLocation: /default-rack, certSerialId: null}a427f57b-033e-4f4a-af2c-a26eb345c30a{ip: 172.17.0.2, host: 795ad43b6c28, networkLocation: /default-rack, certSerialId: null}be0851b3-0322-40a6-8ce8-d00f153a9faf{ip: 172.17.0.2, host: 795ad43b6c28, networkLocation: /default-rack, certSerialId: null}, Type:RATIS, Factor:THREE, State:OPEN, leaderId:2385bf93-00fb-4b21-a15d-4691d542b867, CreationTimestamp2020-07-20T08:35:31.035Z]
2020-07-20 08:35:59,210 [EventQueue-StaleNodeForStaleNodeHandler] INFO  pipeline.PipelineStateManager (PipelineStateManager.java:finalizePipeline(120)) - Pipeline Pipeline[ Id: f1e6931a-3535-455b-b0ea-f7b35d7d5d69, Nodes: 2385bf93-00fb-4b21-a15d-4691d542b867{ip: 172.17.0.2, host: 795ad43b6c28, networkLocation: /default-rack, certSerialId: null}a427f57b-033e-4f4a-af2c-a26eb345c30a{ip: 172.17.0.2, host: 795ad43b6c28, networkLocation: /default-rack, certSerialId: null}be0851b3-0322-40a6-8ce8-d00f153a9faf{ip: 172.17.0.2, host: 795ad43b6c28, networkLocation: /default-rack, certSerialId: null}, Type:RATIS, Factor:THREE, State:CLOSED, leaderId:2385bf93-00fb-4b21-a15d-4691d542b867, CreationTimestamp2020-07-20T08:35:31.035Z] moved to CLOSED state
2020-07-20 08:35:59,310 [EventQueue-StaleNodeForStaleNodeHandler] INFO  node.StaleNodeHandler (StaleNodeHandler.java:onMessage(58)) - Datanode 7cb3e755-c8bb-4f00-be15-bc5c4dd112b5{ip: 172.17.0.2, host: 795ad43b6c28, networkLocation: /default-rack, certSerialId: null} moved to stale state. Finalizing its pipelines [PipelineID=f9bee2f1-1abd-48d4-ab94-75b56ba316c6, PipelineID=aff47c86-ddaa-4c2c-95b2-add4e95c7d82, PipelineID=f7c62648-2a61-4adf-bbe9-b98aa3197be4]
2020-07-20 08:35:59,310 [EventQueue-StaleNodeForStaleNodeHandler] INFO  pipeline.SCMPipelineManager (SCMPipelineManager.java:finalizeAndDestroyPipeline(450)) - Destroying pipeline:Pipeline[ Id: f9bee2f1-1abd-48d4-ab94-75b56ba316c6, Nodes: 7cb3e755-c8bb-4f00-be15-bc5c4dd112b5{ip: 172.17.0.2, host: 795ad43b6c28, networkLocation: /default-rack, certSerialId: null}d7c912f8-2b11-470a-8112-2e2f3de1c844{ip: 172.17.0.2, host: 795ad43b6c28, networkLocation: /default-rack, certSerialId: null}8aff4af6-6cc7-479f-9fca-879319b0e7e4{ip: 172.17.0.2, host: 795ad43b6c28, networkLocation: /default-rack, certSerialId: null}, Type:RATIS, Factor:THREE, State:OPEN, leaderId:8aff4af6-6cc7-479f-9fca-879319b0e7e4, CreationTimestamp2020-07-20T08:35:30.598Z]
2020-07-20 08:35:59,310 [EventQueue-StaleNodeForStaleNodeHandler] INFO  pipeline.PipelineStateManager (PipelineStateManager.java:finalizePipeline(120)) - Pipeline Pipeline[ Id: f9bee2f1-1abd-48d4-ab94-75b56ba316c6, Nodes: 7cb3e755-c8bb-4f00-be15-bc5c4dd112b5{ip: 172.17.0.2, host: 795ad43b6c28, networkLocation: /default-rack, certSerialId: null}d7c912f8-2b11-470a-8112-2e2f3de1c844{ip: 172.17.0.2, host: 795ad43b6c28, networkLocation: /default-rack, certSerialId: null}8aff4af6-6cc7-479f-9fca-879319b0e7e4{ip: 172.17.0.2, host: 795ad43b6c28, networkLocation: /default-rack, certSerialId: null}, Type:RATIS, Factor:THREE, State:CLOSED, leaderId:8aff4af6-6cc7-479f-9fca-879319b0e7e4, CreationTimestamp2020-07-20T08:35:30.598Z] moved to CLOSED state
2020-07-20 08:35:59,310 [EventQueue-StaleNodeForStaleNodeHandler] INFO  pipeline.SCMPipelineManager (SCMPipelineManager.java:finalizeAndDestroyPipeline(450)) - Destroying pipeline:Pipeline[ Id: aff47c86-ddaa-4c2c-95b2-add4e95c7d82, Nodes: 7cb3e755-c8bb-4f00-be15-bc5c4dd112b5{ip: 172.17.0.2, host: 795ad43b6c28, networkLocation: /default-rack, certSerialId: null}, Type:RATIS, Factor:ONE, State:OPEN, leaderId:7cb3e755-c8bb-4f00-be15-bc5c4dd112b5, CreationTimestamp2020-07-20T08:35:30.462Z]
2020-07-20 08:35:59,311 [EventQueue-StaleNodeForStaleNodeHandler] INFO  pipeline.PipelineStateManager (PipelineStateManager.java:finalizePipeline(120)) - Pipeline Pipeline[ Id: aff47c86-ddaa-4c2c-95b2-add4e95c7d82, Nodes: 7cb3e755-c8bb-4f00-be15-bc5c4dd112b5{ip: 172.17.0.2, host: 795ad43b6c28, networkLocation: /default-rack, certSerialId: null}, Type:RATIS, Factor:ONE, State:CLOSED, leaderId:7cb3e755-c8bb-4f00-be15-bc5c4dd112b5, CreationTimestamp2020-07-20T08:35:30.462Z] moved to CLOSED state
2020-07-20 08:35:59,311 [EventQueue-StaleNodeForStaleNodeHandler] INFO  pipeline.SCMPipelineManager (SCMPipelineManager.java:finalizeAndDestroyPipeline(450)) - Destroying pipeline:Pipeline[ Id: f7c62648-2a61-4adf-bbe9-b98aa3197be4, Nodes: 7cb3e755-c8bb-4f00-be15-bc5c4dd112b5{ip: 172.17.0.2, host: 795ad43b6c28, networkLocation: /default-rack, certSerialId: null}d7c912f8-2b11-470a-8112-2e2f3de1c844{ip: 172.17.0.2, host: 795ad43b6c28, networkLocation: /default-rack, certSerialId: null}8aff4af6-6cc7-479f-9fca-879319b0e7e4{ip: 172.17.0.2, host: 795ad43b6c28, networkLocation: /default-rack, certSerialId: null}, Type:RATIS, Factor:THREE, State:OPEN, leaderId:8aff4af6-6cc7-479f-9fca-879319b0e7e4, CreationTimestamp2020-07-20T08:35:30.598Z]
2020-07-20 08:35:59,311 [EventQueue-StaleNodeForStaleNodeHandler] INFO  pipeline.PipelineStateManager (PipelineStateManager.java:finalizePipeline(120)) - Pipeline Pipeline[ Id: f7c62648-2a61-4adf-bbe9-b98aa3197be4, Nodes: 7cb3e755-c8bb-4f00-be15-bc5c4dd112b5{ip: 172.17.0.2, host: 795ad43b6c28, networkLocation: /default-rack, certSerialId: null}d7c912f8-2b11-470a-8112-2e2f3de1c844{ip: 172.17.0.2, host: 795ad43b6c28, networkLocation: /default-rack, certSerialId: null}8aff4af6-6cc7-479f-9fca-879319b0e7e4{ip: 172.17.0.2, host: 795ad43b6c28, networkLocation: /default-rack, certSerialId: null}, Type:RATIS, Factor:THREE, State:CLOSED, leaderId:8aff4af6-6cc7-479f-9fca-879319b0e7e4, CreationTimestamp2020-07-20T08:35:30.598Z] moved to CLOSED state
2020-07-20 08:35:59,310 [EventQueue-CloseContainerForCloseContainerEventHandler] INFO  container.CloseContainerEventHandler (CloseContainerEventHandler.java:onMessage(61)) - Close container Event triggered for container : #2
2020-07-20 08:35:59,316 [grpc-default-executor-7] WARN  server.GrpcLogAppender (LogUtils.java:warn(122)) - 8aff4af6-6cc7-479f-9fca-879319b0e7e4@group-75B56BA316C6->7cb3e755-c8bb-4f00-be15-bc5c4dd112b5-AppendLogResponseHandler: Failed appendEntries: org.apache.ratis.thirdparty.io.grpc.StatusRuntimeException: UNAVAILABLE: io exception
2020-07-20 08:35:59,317 [grpc-default-executor-7] INFO  impl.FollowerInfo (FollowerInfo.java:lambda$new$0(51)) - 8aff4af6-6cc7-479f-9fca-879319b0e7e4@group-75B56BA316C6->7cb3e755-c8bb-4f00-be15-bc5c4dd112b5: nextIndex: updateUnconditionally 13 -> 12
2020-07-20 08:35:59,391 [ForkJoinPool.commonPool-worker-0] INFO  ozoneimpl.OzoneContainer (OzoneContainer.java:stop(247)) - Attempting to stop container services.
2020-07-20 08:35:59,392 [ForkJoinPool.commonPool-worker-0] INFO  impl.RaftServerProxy (RaftServerProxy.java:lambda$close$4(319)) - d7c912f8-2b11-470a-8112-2e2f3de1c844: close
2020-07-20 08:35:59,392 [ForkJoinPool.commonPool-worker-0] INFO  impl.RaftServerImpl (RaftServerImpl.java:lambda$shutdown$3(252)) - d7c912f8-2b11-470a-8112-2e2f3de1c844@group-75B56BA316C6: shutdown
2020-07-20 08:35:59,392 [ForkJoinPool.commonPool-worker-0] INFO  util.JmxRegister (JmxRegister.java:unregister(73)) - Successfully un-registered JMX Bean with object name Ratis:service=RaftServer,group=group-75B56BA316C6,id=d7c912f8-2b11-470a-8112-2e2f3de1c844
2020-07-20 08:35:59,392 [ForkJoinPool.commonPool-worker-0] INFO  impl.RoleInfo (RoleInfo.java:shutdownFollowerState(121)) - d7c912f8-2b11-470a-8112-2e2f3de1c844: shutdown FollowerState
2020-07-20 08:35:59,392 [ForkJoinPool.commonPool-worker-0] INFO  impl.StateMachineUpdater (StateMachineUpdater.java:stopAndJoin(142)) - d7c912f8-2b11-470a-8112-2e2f3de1c844@group-75B56BA316C6-StateMachineUpdater: set stopIndex = 12
2020-07-20 08:35:59,392 [Thread-3097] INFO  impl.FollowerState (FollowerState.java:run(117)) - d7c912f8-2b11-470a-8112-2e2f3de1c844@group-75B56BA316C6-FollowerState was interrupted: java.lang.InterruptedException: sleep interrupted
2020-07-20 08:35:59,393 [d7c912f8-2b11-470a-8112-2e2f3de1c844@group-75B56BA316C6-StateMachineUpdater] INFO  ratis.ContainerStateMachine (ContainerStateMachine.java:takeSnapshot(293)) - group-75B56BA316C6: Taking a snapshot at:(t:1, i:12) file /github/workspace/mnt/ozone/hadoop-ozone/integration-test/target/test-dir/MiniOzoneClusterImpl-77fe6979-9426-4b74-982f-524262e25198/datanode-2/data/ratis/f9bee2f1-1abd-48d4-ab94-75b56ba316c6/sm/snapshot.1_12
2020-07-20 08:35:59,394 [d7c912f8-2b11-470a-8112-2e2f3de1c844@group-75B56BA316C6-StateMachineUpdater] INFO  ratis.ContainerStateMachine (ContainerStateMachine.java:takeSnapshot(304)) - group-75B56BA316C6: Finished taking a snapshot at:(t:1, i:12) file:/github/workspace/mnt/ozone/hadoop-ozone/integration-test/target/test-dir/MiniOzoneClusterImpl-77fe6979-9426-4b74-982f-524262e25198/datanode-2/data/ratis/f9bee2f1-1abd-48d4-ab94-75b56ba316c6/sm/snapshot.1_12 time:1
2020-07-20 08:35:59,394 [d7c912f8-2b11-470a-8112-2e2f3de1c844@group-75B56BA316C6-StateMachineUpdater] INFO  impl.StateMachineUpdater (StateMachineUpdater.java:takeSnapshot(277)) - d7c912f8-2b11-470a-8112-2e2f3de1c844@group-75B56BA316C6-StateMachineUpdater: Took a snapshot at index 12
2020-07-20 08:35:59,394 [d7c912f8-2b11-470a-8112-2e2f3de1c844@group-75B56BA316C6-StateMachineUpdater] INFO  impl.StateMachineUpdater (StateMachineUpdater.java:lambda$new$0(87)) - d7c912f8-2b11-470a-8112-2e2f3de1c844@group-75B56BA316C6-StateMachineUpdater: snapshotIndex: updateIncreasingly -1 -> 12
2020-07-20 08:35:59,394 [d7c912f8-2b11-470a-8112-2e2f3de1c844@group-75B56BA316C6-StateMachineUpdater] INFO  metrics.RatisMetrics (RatisMetrics.java:unregister(43)) - Unregistering Metrics Registry : ratis.state_machine.d7c912f8-2b11-470a-8112-2e2f3de1c844@group-75B56BA316C6
2020-07-20 08:35:59,394 [ForkJoinPool.commonPool-worker-0] INFO  impl.RaftServerImpl (ServerState.java:close(387)) - d7c912f8-2b11-470a-8112-2e2f3de1c844@group-75B56BA316C6: closes. applyIndex: 12
2020-07-20 08:35:59,395 [d7c912f8-2b11-470a-8112-2e2f3de1c844@group-75B56BA316C6-SegmentedRaftLogWorker] INFO  segmented.SegmentedRaftLogWorker (SegmentedRaftLogWorker.java:run(327)) - d7c912f8-2b11-470a-8112-2e2f3de1c844@group-75B56BA316C6-SegmentedRaftLogWorker was interrupted, exiting. There are 0 tasks remaining in the queue.
2020-07-20 08:35:59,396 [ForkJoinPool.commonPool-worker-0] INFO  segmented.SegmentedRaftLogWorker (SegmentedRaftLogWorker.java:close(234)) - d7c912f8-2b11-470a-8112-2e2f3de1c844@group-75B56BA316C6-SegmentedRaftLogWorker close()
2020-07-20 08:35:59,397 [ForkJoinPool.commonPool-worker-0] INFO  metrics.RatisMetrics (RatisMetrics.java:unregister(43)) - Unregistering Metrics Registry : ratis.log_worker.d7c912f8-2b11-470a-8112-2e2f3de1c844@group-75B56BA316C6
2020-07-20 08:35:59,397 [ForkJoinPool.commonPool-worker-0] INFO  metrics.RatisMetrics (RatisMetrics.java:unregister(43)) - Unregistering Metrics Registry : ratis.leader_election.d7c912f8-2b11-470a-8112-2e2f3de1c844@group-75B56BA316C6
2020-07-20 08:35:59,397 [ForkJoinPool.commonPool-worker-0] INFO  metrics.RatisMetrics (RatisMetrics.java:unregister(43)) - Unregistering Metrics Registry : ratis.server.d7c912f8-2b11-470a-8112-2e2f3de1c844@group-75B56BA316C6
2020-07-20 08:35:59,397 [ForkJoinPool.commonPool-worker-0] INFO  impl.RaftServerImpl (RaftServerImpl.java:lambda$shutdown$3(252)) - d7c912f8-2b11-470a-8112-2e2f3de1c844@group-AB3F7B191960: shutdown
2020-07-20 08:35:59,397 [ForkJoinPool.commonPool-worker-0] INFO  util.JmxRegister (JmxRegister.java:unregister(73)) - Successfully un-registered JMX Bean with object name Ratis:service=RaftServer,group=group-AB3F7B191960,id=d7c912f8-2b11-470a-8112-2e2f3de1c844
2020-07-20 08:35:59,397 [ForkJoinPool.commonPool-worker-0] INFO  impl.RoleInfo (RoleInfo.java:shutdownLeaderState(104)) - d7c912f8-2b11-470a-8112-2e2f3de1c844: shutdown LeaderState
2020-07-20 08:35:59,397 [ForkJoinPool.commonPool-worker-0] INFO  impl.PendingRequests (PendingRequests.java:sendNotLeaderResponses(249)) - d7c912f8-2b11-470a-8112-2e2f3de1c844@group-AB3F7B191960-PendingRequests: sendNotLeaderResponses
2020-07-20 08:35:59,398 [ForkJoinPool.commonPool-worker-0] INFO  metrics.RatisMetrics (RatisMetrics.java:unregister(43)) - Unregistering Metrics Registry : ratis.log_appender.d7c912f8-2b11-470a-8112-2e2f3de1c844@group-AB3F7B191960
2020-07-20 08:35:59,398 [ForkJoinPool.commonPool-worker-0] INFO  metrics.RatisMetrics (RatisMetrics.java:unregister(43)) - Unregistering Metrics Registry : ratis.server.d7c912f8-2b11-470a-8112-2e2f3de1c844@group-AB3F7B191960
2020-07-20 08:35:59,399 [ForkJoinPool.commonPool-worker-0] INFO  impl.StateMachineUpdater (StateMachineUpdater.java:stopAndJoin(142)) - d7c912f8-2b11-470a-8112-2e2f3de1c844@group-AB3F7B191960-StateMachineUpdater: set stopIndex = 0
2020-07-20 08:35:59,399 [d7c912f8-2b11-470a-8112-2e2f3de1c844@group-AB3F7B191960-StateMachineUpdater] INFO  ratis.ContainerStateMachine (ContainerStateMachine.java:takeSnapshot(293)) - group-AB3F7B191960: Taking a snapshot at:(t:1, i:0) file /github/workspace/mnt/ozone/hadoop-ozone/integration-test/target/test-dir/MiniOzoneClusterImpl-77fe6979-9426-4b74-982f-524262e25198/datanode-2/data/ratis/8af61142-beb9-4b35-88a3-ab3f7b191960/sm/snapshot.1_0
2020-07-20 08:35:59,401 [d7c912f8-2b11-470a-8112-2e2f3de1c844@group-AB3F7B191960-StateMachineUpdater] INFO  ratis.ContainerStateMachine (ContainerStateMachine.java:takeSnapshot(304)) - group-AB3F7B191960: Finished taking a snapshot at:(t:1, i:0) file:/github/workspace/mnt/ozone/hadoop-ozone/integration-test/target/test-dir/MiniOzoneClusterImpl-77fe6979-9426-4b74-982f-524262e25198/datanode-2/data/ratis/8af61142-beb9-4b35-88a3-ab3f7b191960/sm/snapshot.1_0 time:1
2020-07-20 08:35:59,401 [d7c912f8-2b11-470a-8112-2e2f3de1c844@group-AB3F7B191960-StateMachineUpdater] INFO  impl.StateMachineUpdater (StateMachineUpdater.java:takeSnapshot(277)) - d7c912f8-2b11-470a-8112-2e2f3de1c844@group-AB3F7B191960-StateMachineUpdater: Took a snapshot at index 0
2020-07-20 08:35:59,401 [d7c912f8-2b11-470a-8112-2e2f3de1c844@group-AB3F7B191960-StateMachineUpdater] INFO  impl.StateMachineUpdater (StateMachineUpdater.java:lambda$new$0(87)) - d7c912f8-2b11-470a-8112-2e2f3de1c844@group-AB3F7B191960-StateMachineUpdater: snapshotIndex: updateIncreasingly -1 -> 0
2020-07-20 08:35:59,401 [d7c912f8-2b11-470a-8112-2e2f3de1c844@group-AB3F7B191960-StateMachineUpdater] INFO  metrics.RatisMetrics (RatisMetrics.java:unregister(43)) - Unregistering Metrics Registry : ratis.state_machine.d7c912f8-2b11-470a-8112-2e2f3de1c844@group-AB3F7B191960
2020-07-20 08:35:59,401 [ForkJoinPool.commonPool-worker-0] INFO  impl.RaftServerImpl (ServerState.java:close(387)) - d7c912f8-2b11-470a-8112-2e2f3de1c844@group-AB3F7B191960: closes. applyIndex: 0
2020-07-20 08:35:59,401 [d7c912f8-2b11-470a-8112-2e2f3de1c844@group-AB3F7B191960-SegmentedRaftLogWorker] INFO  segmented.SegmentedRaftLogWorker (SegmentedRaftLogWorker.java:run(327)) - d7c912f8-2b11-470a-8112-2e2f3de1c844@group-AB3F7B191960-SegmentedRaftLogWorker was interrupted, exiting. There are 0 tasks remaining in the queue.
2020-07-20 08:35:59,402 [ForkJoinPool.commonPool-worker-0] INFO  segmented.SegmentedRaftLogWorker (SegmentedRaftLogWorker.java:close(234)) - d7c912f8-2b11-470a-8112-2e2f3de1c844@group-AB3F7B191960-SegmentedRaftLogWorker close()
2020-07-20 08:35:59,403 [ForkJoinPool.commonPool-worker-0] INFO  metrics.RatisMetrics (RatisMetrics.java:unregister(43)) - Unregistering Metrics Registry : ratis.log_worker.d7c912f8-2b11-470a-8112-2e2f3de1c844@group-AB3F7B191960
2020-07-20 08:35:59,403 [ForkJoinPool.commonPool-worker-0] INFO  metrics.RatisMetrics (RatisMetrics.java:unregister(43)) - Unregistering Metrics Registry : ratis.leader_election.d7c912f8-2b11-470a-8112-2e2f3de1c844@group-AB3F7B191960
2020-07-20 08:35:59,403 [ForkJoinPool.commonPool-worker-0] INFO  metrics.RatisMetrics (RatisMetrics.java:unregister(43)) - Unregistering Metrics Registry : ratis.server.d7c912f8-2b11-470a-8112-2e2f3de1c844@group-AB3F7B191960
2020-07-20 08:35:59,403 [ForkJoinPool.commonPool-worker-0] INFO  impl.RaftServerImpl (RaftServerImpl.java:lambda$shutdown$3(252)) - d7c912f8-2b11-470a-8112-2e2f3de1c844@group-B98AA3197BE4: shutdown
2020-07-20 08:35:59,403 [ForkJoinPool.commonPool-worker-0] INFO  util.JmxRegister (JmxRegister.java:unregister(73)) - Successfully un-registered JMX Bean with object name Ratis:service=RaftServer,group=group-B98AA3197BE4,id=d7c912f8-2b11-470a-8112-2e2f3de1c844
2020-07-20 08:35:59,404 [ForkJoinPool.commonPool-worker-0] INFO  impl.RoleInfo (RoleInfo.java:shutdownFollowerState(121)) - d7c912f8-2b11-470a-8112-2e2f3de1c844: shutdown FollowerState
2020-07-20 08:35:59,404 [ForkJoinPool.commonPool-worker-0] INFO  impl.StateMachineUpdater (StateMachineUpdater.java:stopAndJoin(142)) - d7c912f8-2b11-470a-8112-2e2f3de1c844@group-B98AA3197BE4-StateMachineUpdater: set stopIndex = 0
2020-07-20 08:35:59,404 [d7c912f8-2b11-470a-8112-2e2f3de1c844@group-B98AA3197BE4-StateMachineUpdater] INFO  ratis.ContainerStateMachine (ContainerStateMachine.java:takeSnapshot(293)) - group-B98AA3197BE4: Taking a snapshot at:(t:1, i:0) file /github/workspace/mnt/ozone/hadoop-ozone/integration-test/target/test-dir/MiniOzoneClusterImpl-77fe6979-9426-4b74-982f-524262e25198/datanode-2/data/ratis/f7c62648-2a61-4adf-bbe9-b98aa3197be4/sm/snapshot.1_0
2020-07-20 08:35:59,404 [Thread-3087] INFO  impl.FollowerState (FollowerState.java:run(117)) - d7c912f8-2b11-470a-8112-2e2f3de1c844@group-B98AA3197BE4-FollowerState was interrupted: java.lang.InterruptedException: sleep interrupted
2020-07-20 08:35:59,405 [d7c912f8-2b11-470a-8112-2e2f3de1c844@group-B98AA3197BE4-StateMachineUpdater] INFO  ratis.ContainerStateMachine (ContainerStateMachine.java:takeSnapshot(304)) - group-B98AA3197BE4: Finished taking a snapshot at:(t:1, i:0) file:/github/workspace/mnt/ozone/hadoop-ozone/integration-test/target/test-dir/MiniOzoneClusterImpl-77fe6979-9426-4b74-982f-524262e25198/datanode-2/data/ratis/f7c62648-2a61-4adf-bbe9-b98aa3197be4/sm/snapshot.1_0 time:1
2020-07-20 08:35:59,405 [d7c912f8-2b11-470a-8112-2e2f3de1c844@group-B98AA3197BE4-StateMachineUpdater] INFO  impl.StateMachineUpdater (StateMachineUpdater.java:takeSnapshot(277)) - d7c912f8-2b11-470a-8112-2e2f3de1c844@group-B98AA3197BE4-StateMachineUpdater: Took a snapshot at index 0
2020-07-20 08:35:59,405 [d7c912f8-2b11-470a-8112-2e2f3de1c844@group-B98AA3197BE4-StateMachineUpdater] INFO  impl.StateMachineUpdater (StateMachineUpdater.java:lambda$new$0(87)) - d7c912f8-2b11-470a-8112-2e2f3de1c844@group-B98AA3197BE4-StateMachineUpdater: snapshotIndex: updateIncreasingly -1 -> 0
2020-07-20 08:35:59,405 [d7c912f8-2b11-470a-8112-2e2f3de1c844@group-B98AA3197BE4-StateMachineUpdater] INFO  metrics.RatisMetrics (RatisMetrics.java:unregister(43)) - Unregistering Metrics Registry : ratis.state_machine.d7c912f8-2b11-470a-8112-2e2f3de1c844@group-B98AA3197BE4
2020-07-20 08:35:59,405 [ForkJoinPool.commonPool-worker-0] INFO  impl.RaftServerImpl (ServerState.java:close(387)) - d7c912f8-2b11-470a-8112-2e2f3de1c844@group-B98AA3197BE4: closes. applyIndex: 0
2020-07-20 08:35:59,406 [d7c912f8-2b11-470a-8112-2e2f3de1c844@group-B98AA3197BE4-SegmentedRaftLogWorker] INFO  segmented.SegmentedRaftLogWorker (SegmentedRaftLogWorker.java:run(327)) - d7c912f8-2b11-470a-8112-2e2f3de1c844@group-B98AA3197BE4-SegmentedRaftLogWorker was interrupted, exiting. There are 0 tasks remaining in the queue.
2020-07-20 08:35:59,406 [ForkJoinPool.commonPool-worker-0] INFO  segmented.SegmentedRaftLogWorker (SegmentedRaftLogWorker.java:close(234)) - d7c912f8-2b11-470a-8112-2e2f3de1c844@group-B98AA3197BE4-SegmentedRaftLogWorker close()
2020-07-20 08:35:59,406 [Listener at 127.0.0.1/33185] INFO  ozoneimpl.OzoneContainer (OzoneContainer.java:stop(247)) - Attempting to stop container services.
2020-07-20 08:35:59,407 [Listener at 127.0.0.1/33185] INFO  impl.RaftServerProxy (RaftServerProxy.java:lambda$close$4(319)) - 2385bf93-00fb-4b21-a15d-4691d542b867: close
2020-07-20 08:35:59,407 [Listener at 127.0.0.1/33185] INFO  impl.RaftServerImpl (RaftServerImpl.java:lambda$shutdown$3(252)) - 2385bf93-00fb-4b21-a15d-4691d542b867@group-810B540DED91: shutdown
2020-07-20 08:35:59,407 [Listener at 127.0.0.1/33185] INFO  util.JmxRegister (JmxRegister.java:unregister(73)) - Successfully un-registered JMX Bean with object name Ratis:service=RaftServer,group=group-810B540DED91,id=2385bf93-00fb-4b21-a15d-4691d542b867
2020-07-20 08:35:59,407 [Listener at 127.0.0.1/33185] INFO  impl.RoleInfo (RoleInfo.java:shutdownLeaderState(104)) - 2385bf93-00fb-4b21-a15d-4691d542b867: shutdown LeaderState
2020-07-20 08:35:59,407 [Listener at 127.0.0.1/33185] INFO  metrics.RatisMetrics (RatisMetrics.java:unregister(43)) - Unregistering Metrics Registry : ratis_grpc.log_appender.2385bf93-00fb-4b21-a15d-4691d542b867@group-810B540DED91
2020-07-20 08:35:59,408 [Listener at 127.0.0.1/33185] INFO  metrics.RatisMetrics (RatisMetrics.java:unregister(43)) - Unregistering Metrics Registry : ratis_grpc.log_appender.2385bf93-00fb-4b21-a15d-4691d542b867@group-810B540DED91
2020-07-20 08:35:59,408 [org.apache.ratis.server.impl.LogAppender$AppenderDaemon$$Lambda$460/2094247135@7f10ff55] WARN  server.GrpcLogAppender (GrpcLogAppender.java:mayWait(153)) - 2385bf93-00fb-4b21-a15d-4691d542b867@group-810B540DED91->be0851b3-0322-40a6-8ce8-d00f153a9faf-GrpcLogAppender: Wait interrupted by java.lang.InterruptedException
2020-07-20 08:35:59,409 [ForkJoinPool.commonPool-worker-0] INFO  metrics.RatisMetrics (RatisMetrics.java:unregister(43)) - Unregistering Metrics Registry : ratis.log_worker.d7c912f8-2b11-470a-8112-2e2f3de1c844@group-B98AA3197BE4
2020-07-20 08:35:59,409 [org.apache.ratis.server.impl.LogAppender$AppenderDaemon$$Lambda$460/2094247135@56b6c7e] WARN  server.GrpcLogAppender (GrpcLogAppender.java:mayWait(153)) - 2385bf93-00fb-4b21-a15d-4691d542b867@group-810B540DED91->a427f57b-033e-4f4a-af2c-a26eb345c30a-GrpcLogAppender: Wait interrupted by java.lang.InterruptedException
2020-07-20 08:35:59,409 [Listener at 127.0.0.1/33185] INFO  impl.PendingRequests (PendingRequests.java:sendNotLeaderResponses(249)) - 2385bf93-00fb-4b21-a15d-4691d542b867@group-810B540DED91-PendingRequests: sendNotLeaderResponses
2020-07-20 08:35:59,409 [ForkJoinPool.commonPool-worker-0] INFO  metrics.RatisMetrics (RatisMetrics.java:unregister(43)) - Unregistering Metrics Registry : ratis.leader_election.d7c912f8-2b11-470a-8112-2e2f3de1c844@group-B98AA3197BE4
2020-07-20 08:35:59,409 [ForkJoinPool.commonPool-worker-0] INFO  metrics.RatisMetrics (RatisMetrics.java:unregister(43)) - Unregistering Metrics Registry : ratis.server.d7c912f8-2b11-470a-8112-2e2f3de1c844@group-B98AA3197BE4
2020-07-20 08:35:59,409 [grpc-default-executor-7] INFO  server.GrpcServerProtocolService (GrpcServerProtocolService.java:onCompleted(138)) - a427f57b-033e-4f4a-af2c-a26eb345c30a: Completed APPEND_ENTRIES, lastRequest: 2385bf93-00fb-4b21-a15d-4691d542b867->a427f57b-033e-4f4a-af2c-a26eb345c30a#6-t1, previous=(t:1, i:3), leaderCommit=2, initializing? false, entries: size=1, first=(t:1, i:4), METADATAENTRY(c:2)
2020-07-20 08:35:59,409 [ForkJoinPool.commonPool-worker-0] INFO  server.GrpcService (GrpcService.java:closeImpl(166)) - d7c912f8-2b11-470a-8112-2e2f3de1c844: shutdown server with port 43855 now
2020-07-20 08:35:59,410 [grpc-default-executor-1] INFO  server.GrpcLogAppender (GrpcLogAppender.java:onCompleted(319)) - 2385bf93-00fb-4b21-a15d-4691d542b867@group-810B540DED91->a427f57b-033e-4f4a-af2c-a26eb345c30a-AppendLogResponseHandler: follower responses appendEntries COMPLETED
2020-07-20 08:35:59,410 [ForkJoinPool.commonPool-worker-0] INFO  server.GrpcService (GrpcService.java:closeImpl(174)) - d7c912f8-2b11-470a-8112-2e2f3de1c844: shutdown server with port 43855 successfully
2020-07-20 08:35:59,411 [grpc-default-executor-6] WARN  server.GrpcServerProtocolService (LogUtils.java:warn(122)) - d7c912f8-2b11-470a-8112-2e2f3de1c844: installSnapshot onError, lastRequest: 8aff4af6-6cc7-479f-9fca-879319b0e7e4->d7c912f8-2b11-470a-8112-2e2f3de1c844#1-t1, previous=(t:0, i:0), leaderCommit=-1, initializing? false, entries: size=1, first=(t:1, i:0), CONFIGURATIONENTRY: org.apache.ratis.thirdparty.io.grpc.StatusRuntimeException: CANCELLED: cancelled before receiving half close
2020-07-20 08:35:59,411 [grpc-default-executor-5] WARN  server.GrpcServerProtocolService (LogUtils.java:warn(122)) - d7c912f8-2b11-470a-8112-2e2f3de1c844: installSnapshot onError, lastRequest: 8aff4af6-6cc7-479f-9fca-879319b0e7e4->d7c912f8-2b11-470a-8112-2e2f3de1c844#17-t1, previous=(t:1, i:11), leaderCommit=6, initializing? false, entries: size=1, first=(t:1, i:12), METADATAENTRY(c:6): org.apache.ratis.thirdparty.io.grpc.StatusRuntimeException: CANCELLED: cancelled before receiving half close
2020-07-20 08:35:59,411 [grpc-default-executor-5] WARN  server.GrpcLogAppender (LogUtils.java:warn(122)) - 8aff4af6-6cc7-479f-9fca-879319b0e7e4@group-B98AA3197BE4->d7c912f8-2b11-470a-8112-2e2f3de1c844-AppendLogResponseHandler: Failed appendEntries: org.apache.ratis.thirdparty.io.grpc.StatusRuntimeException: CANCELLED: HTTP/2 error code: CANCEL
Received Rst Stream
2020-07-20 08:35:59,411 [grpc-default-executor-6] WARN  server.GrpcLogAppender (LogUtils.java:warn(122)) - 8aff4af6-6cc7-479f-9fca-879319b0e7e4@group-75B56BA316C6->d7c912f8-2b11-470a-8112-2e2f3de1c844-AppendLogResponseHandler: Failed appendEntries: org.apache.ratis.thirdparty.io.grpc.StatusRuntimeException: CANCELLED: HTTP/2 error code: CANCEL
Received Rst Stream
2020-07-20 08:35:59,412 [grpc-default-executor-6] INFO  impl.FollowerInfo (FollowerInfo.java:lambda$new$0(51)) - 8aff4af6-6cc7-479f-9fca-879319b0e7e4@group-75B56BA316C6->d7c912f8-2b11-470a-8112-2e2f3de1c844: nextIndex: updateUnconditionally 13 -> 12
2020-07-20 08:35:59,412 [grpc-default-executor-5] INFO  impl.FollowerInfo (FollowerInfo.java:lambda$new$0(51)) - 8aff4af6-6cc7-479f-9fca-879319b0e7e4@group-B98AA3197BE4->d7c912f8-2b11-470a-8112-2e2f3de1c844: nextIndex: updateUnconditionally 1 -> 0
2020-07-20 08:35:59,413 [ForkJoinPool.commonPool-worker-0] INFO  utils.BackgroundService (BackgroundService.java:shutdown(157)) - Shutting down service BlockDeletingService
2020-07-20 08:35:59,413 [Listener at 127.0.0.1/33185] INFO  metrics.RatisMetrics (RatisMetrics.java:unregister(43)) - Unregistering Metrics Registry : ratis.log_appender.2385bf93-00fb-4b21-a15d-4691d542b867@group-810B540DED91
2020-07-20 08:35:59,414 [Listener at 127.0.0.1/33185] INFO  metrics.RatisMetrics (RatisMetrics.java:unregister(43)) - Unregistering Metrics Registry : ratis.server.2385bf93-00fb-4b21-a15d-4691d542b867@group-810B540DED91
2020-07-20 08:35:59,420 [Listener at 127.0.0.1/33185] INFO  impl.StateMachineUpdater (StateMachineUpdater.java:stopAndJoin(142)) - 2385bf93-00fb-4b21-a15d-4691d542b867@group-810B540DED91-StateMachineUpdater: set stopIndex = 4
2020-07-20 08:35:59,421 [ForkJoinPool.commonPool-worker-0] INFO  statemachine.DatanodeStateMachine (DatanodeStateMachine.java:stopDaemon(428)) - Ozone container server stopped.
2020-07-20 08:35:59,422 [2385bf93-00fb-4b21-a15d-4691d542b867@group-810B540DED91-StateMachineUpdater] INFO  ratis.ContainerStateMachine (ContainerStateMachine.java:takeSnapshot(293)) - group-810B540DED91: Taking a snapshot at:(t:1, i:4) file /github/workspace/mnt/ozone/hadoop-ozone/integration-test/target/test-dir/MiniOzoneClusterImpl-77fe6979-9426-4b74-982f-524262e25198/datanode-3/data/ratis/880b83f7-33db-4677-b2a6-810b540ded91/sm/snapshot.1_4
2020-07-20 08:35:59,423 [2385bf93-00fb-4b21-a15d-4691d542b867@group-810B540DED91-StateMachineUpdater] INFO  ratis.ContainerStateMachine (ContainerStateMachine.java:takeSnapshot(304)) - group-810B540DED91: Finished taking a snapshot at:(t:1, i:4) file:/github/workspace/mnt/ozone/hadoop-ozone/integration-test/target/test-dir/MiniOzoneClusterImpl-77fe6979-9426-4b74-982f-524262e25198/datanode-3/data/ratis/880b83f7-33db-4677-b2a6-810b540ded91/sm/snapshot.1_4 time:2
2020-07-20 08:35:59,424 [2385bf93-00fb-4b21-a15d-4691d542b867@group-810B540DED91-StateMachineUpdater] INFO  impl.StateMachineUpdater (StateMachineUpdater.java:takeSnapshot(277)) - 2385bf93-00fb-4b21-a15d-4691d542b867@group-810B540DED91-StateMachineUpdater: Took a snapshot at index 4
2020-07-20 08:35:59,424 [2385bf93-00fb-4b21-a15d-4691d542b867@group-810B540DED91-StateMachineUpdater] INFO  impl.StateMachineUpdater (StateMachineUpdater.java:lambda$new$0(87)) - 2385bf93-00fb-4b21-a15d-4691d542b867@group-810B540DED91-StateMachineUpdater: snapshotIndex: updateIncreasingly -1 -> 4
2020-07-20 08:35:59,424 [2385bf93-00fb-4b21-a15d-4691d542b867@group-810B540DED91-StateMachineUpdater] INFO  metrics.RatisMetrics (RatisMetrics.java:unregister(43)) - Unregistering Metrics Registry : ratis.state_machine.2385bf93-00fb-4b21-a15d-4691d542b867@group-810B540DED91
2020-07-20 08:35:59,425 [Listener at 127.0.0.1/33185] INFO  impl.RaftServerImpl (ServerState.java:close(387)) - 2385bf93-00fb-4b21-a15d-4691d542b867@group-810B540DED91: closes. applyIndex: 4
2020-07-20 08:35:59,425 [2385bf93-00fb-4b21-a15d-4691d542b867@group-810B540DED91-SegmentedRaftLogWorker] INFO  segmented.SegmentedRaftLogWorker (SegmentedRaftLogWorker.java:run(327)) - 2385bf93-00fb-4b21-a15d-4691d542b867@group-810B540DED91-SegmentedRaftLogWorker was interrupted, exiting. There are 0 tasks remaining in the queue.
2020-07-20 08:35:59,426 [Listener at 127.0.0.1/33185] INFO  segmented.SegmentedRaftLogWorker (SegmentedRaftLogWorker.java:close(234)) - 2385bf93-00fb-4b21-a15d-4691d542b867@group-810B540DED91-SegmentedRaftLogWorker close()
2020-07-20 08:35:59,431 [Listener at 127.0.0.1/33185] INFO  metrics.RatisMetrics (RatisMetrics.java:unregister(43)) - Unregistering Metrics Registry : ratis.log_worker.2385bf93-00fb-4b21-a15d-4691d542b867@group-810B540DED91
2020-07-20 08:35:59,431 [Listener at 127.0.0.1/33185] INFO  metrics.RatisMetrics (RatisMetrics.java:unregister(43)) - Unregistering Metrics Registry : ratis.leader_election.2385bf93-00fb-4b21-a15d-4691d542b867@group-810B540DED91
2020-07-20 08:35:59,431 [Listener at 127.0.0.1/33185] INFO  metrics.RatisMetrics (RatisMetrics.java:unregister(43)) - Unregistering Metrics Registry : ratis.server.2385bf93-00fb-4b21-a15d-4691d542b867@group-810B540DED91
2020-07-20 08:35:59,431 [Listener at 127.0.0.1/33185] INFO  impl.RaftServerImpl (RaftServerImpl.java:lambda$shutdown$3(252)) - 2385bf93-00fb-4b21-a15d-4691d542b867@group-2379F1448477: shutdown
2020-07-20 08:35:59,431 [Listener at 127.0.0.1/33185] INFO  util.JmxRegister (JmxRegister.java:unregister(73)) - Successfully un-registered JMX Bean with object name Ratis:service=RaftServer,group=group-2379F1448477,id=2385bf93-00fb-4b21-a15d-4691d542b867
2020-07-20 08:35:59,433 [Listener at 127.0.0.1/33185] INFO  impl.RoleInfo (RoleInfo.java:shutdownLeaderState(104)) - 2385bf93-00fb-4b21-a15d-4691d542b867: shutdown LeaderState
2020-07-20 08:35:59,433 [Listener at 127.0.0.1/33185] INFO  impl.PendingRequests (PendingRequests.java:sendNotLeaderResponses(249)) - 2385bf93-00fb-4b21-a15d-4691d542b867@group-2379F1448477-PendingRequests: sendNotLeaderResponses
2020-07-20 08:35:59,434 [Listener at 127.0.0.1/33185] INFO  metrics.RatisMetrics (RatisMetrics.java:unregister(43)) - Unregistering Metrics Registry : ratis.log_appender.2385bf93-00fb-4b21-a15d-4691d542b867@group-2379F1448477
2020-07-20 08:35:59,434 [Listener at 127.0.0.1/33185] INFO  metrics.RatisMetrics (RatisMetrics.java:unregister(43)) - Unregistering Metrics Registry : ratis.server.2385bf93-00fb-4b21-a15d-4691d542b867@group-2379F1448477
2020-07-20 08:35:59,435 [Listener at 127.0.0.1/33185] INFO  impl.StateMachineUpdater (StateMachineUpdater.java:stopAndJoin(142)) - 2385bf93-00fb-4b21-a15d-4691d542b867@group-2379F1448477-StateMachineUpdater: set stopIndex = 0
2020-07-20 08:35:59,436 [ForkJoinPool.commonPool-worker-0] INFO  handler.ContextHandler (ContextHandler.java:doStop(1016)) - Stopped o.e.j.w.WebAppContext@690226d0{hddsDatanode,/,null,UNAVAILABLE}{jar:file:/home/user/.m2/repository/org/apache/hadoop/hadoop-hdds-container-service/0.6.0-SNAPSHOT/hadoop-hdds-container-service-0.6.0-SNAPSHOT.jar!/webapps/hddsDatanode}
2020-07-20 08:35:59,437 [2385bf93-00fb-4b21-a15d-4691d542b867@group-2379F1448477-StateMachineUpdater] INFO  ratis.ContainerStateMachine (ContainerStateMachine.java:takeSnapshot(293)) - group-2379F1448477: Taking a snapshot at:(t:1, i:0) file /github/workspace/mnt/ozone/hadoop-ozone/integration-test/target/test-dir/MiniOzoneClusterImpl-77fe6979-9426-4b74-982f-524262e25198/datanode-3/data/ratis/96541ff9-665c-4226-8dd9-2379f1448477/sm/snapshot.1_0
2020-07-20 08:35:59,437 [ForkJoinPool.commonPool-worker-0] INFO  server.AbstractConnector (AbstractConnector.java:doStop(380)) - Stopped ServerConnector@91016d6{HTTP/1.1,[http/1.1]}{0.0.0.0:0}
2020-07-20 08:35:59,437 [ForkJoinPool.commonPool-worker-0] INFO  server.session (HouseKeeper.java:stopScavenging(158)) - node0 Stopped scavenging
2020-07-20 08:35:59,438 [2385bf93-00fb-4b21-a15d-4691d542b867@group-2379F1448477-StateMachineUpdater] INFO  ratis.ContainerStateMachine (ContainerStateMachine.java:takeSnapshot(304)) - group-2379F1448477: Finished taking a snapshot at:(t:1, i:0) file:/github/workspace/mnt/ozone/hadoop-ozone/integration-test/target/test-dir/MiniOzoneClusterImpl-77fe6979-9426-4b74-982f-524262e25198/datanode-3/data/ratis/96541ff9-665c-4226-8dd9-2379f1448477/sm/snapshot.1_0 time:1
2020-07-20 08:35:59,438 [2385bf93-00fb-4b21-a15d-4691d542b867@group-2379F1448477-StateMachineUpdater] INFO  impl.StateMachineUpdater (StateMachineUpdater.java:takeSnapshot(277)) - 2385bf93-00fb-4b21-a15d-4691d542b867@group-2379F1448477-StateMachineUpdater: Took a snapshot at index 0
2020-07-20 08:35:59,438 [2385bf93-00fb-4b21-a15d-4691d542b867@group-2379F1448477-StateMachineUpdater] INFO  impl.StateMachineUpdater (StateMachineUpdater.java:lambda$new$0(87)) - 2385bf93-00fb-4b21-a15d-4691d542b867@group-2379F1448477-StateMachineUpdater: snapshotIndex: updateIncreasingly -1 -> 0
2020-07-20 08:35:59,438 [2385bf93-00fb-4b21-a15d-4691d542b867@group-2379F1448477-StateMachineUpdater] INFO  metrics.RatisMetrics (RatisMetrics.java:unregister(43)) - Unregistering Metrics Registry : ratis.state_machine.2385bf93-00fb-4b21-a15d-4691d542b867@group-2379F1448477
2020-07-20 08:35:59,438 [Listener at 127.0.0.1/33185] INFO  impl.RaftServerImpl (ServerState.java:close(387)) - 2385bf93-00fb-4b21-a15d-4691d542b867@group-2379F1448477: closes. applyIndex: 0
2020-07-20 08:35:59,438 [ForkJoinPool.commonPool-worker-0] INFO  handler.ContextHandler (ContextHandler.java:doStop(1016)) - Stopped o.e.j.s.ServletContextHandler@76f6d0cb{static,/static,jar:file:/home/user/.m2/repository/org/apache/hadoop/hadoop-hdds-container-service/0.6.0-SNAPSHOT/hadoop-hdds-container-service-0.6.0-SNAPSHOT.jar!/webapps/static,UNAVAILABLE}
2020-07-20 08:35:59,439 [2385bf93-00fb-4b21-a15d-4691d542b867@group-2379F1448477-SegmentedRaftLogWorker] INFO  segmented.SegmentedRaftLogWorker (SegmentedRaftLogWorker.java:run(327)) - 2385bf93-00fb-4b21-a15d-4691d542b867@group-2379F1448477-SegmentedRaftLogWorker was interrupted, exiting. There are 0 tasks remaining in the queue.
2020-07-20 08:35:59,440 [ForkJoinPool.commonPool-worker-0] INFO  handler.ContextHandler (ContextHandler.java:doStop(1016)) - Stopped o.e.j.s.ServletContextHandler@5a908d69{logs,/logs,file:///github/workspace/mnt/ozone/hadoop-ozone/integration-test/target/log,UNAVAILABLE}
2020-07-20 08:35:59,440 [Listener at 127.0.0.1/33185] INFO  segmented.SegmentedRaftLogWorker (SegmentedRaftLogWorker.java:close(234)) - 2385bf93-00fb-4b21-a15d-4691d542b867@group-2379F1448477-SegmentedRaftLogWorker close()
2020-07-20 08:35:59,441 [Listener at 127.0.0.1/33185] INFO  metrics.RatisMetrics (RatisMetrics.java:unregister(43)) - Unregistering Metrics Registry : ratis.log_worker.2385bf93-00fb-4b21-a15d-4691d542b867@group-2379F1448477
2020-07-20 08:35:59,442 [Listener at 127.0.0.1/33185] INFO  metrics.RatisMetrics (RatisMetrics.java:unregister(43)) - Unregistering Metrics Registry : ratis.leader_election.2385bf93-00fb-4b21-a15d-4691d542b867@group-2379F1448477
2020-07-20 08:35:59,442 [Listener at 127.0.0.1/33185] INFO  metrics.RatisMetrics (RatisMetrics.java:unregister(43)) - Unregistering Metrics Registry : ratis.server.2385bf93-00fb-4b21-a15d-4691d542b867@group-2379F1448477
2020-07-20 08:35:59,442 [Listener at 127.0.0.1/33185] INFO  impl.RaftServerImpl (RaftServerImpl.java:lambda$shutdown$3(252)) - 2385bf93-00fb-4b21-a15d-4691d542b867@group-F7B35D7D5D69: shutdown
2020-07-20 08:35:59,442 [Listener at 127.0.0.1/33185] INFO  util.JmxRegister (JmxRegister.java:unregister(73)) - Successfully un-registered JMX Bean with object name Ratis:service=RaftServer,group=group-F7B35D7D5D69,id=2385bf93-00fb-4b21-a15d-4691d542b867
2020-07-20 08:35:59,442 [Listener at 127.0.0.1/33185] INFO  impl.RoleInfo (RoleInfo.java:shutdownLeaderState(104)) - 2385bf93-00fb-4b21-a15d-4691d542b867: shutdown LeaderState
2020-07-20 08:35:59,442 [Listener at 127.0.0.1/33185] INFO  metrics.RatisMetrics (RatisMetrics.java:unregister(43)) - Unregistering Metrics Registry : ratis_grpc.log_appender.2385bf93-00fb-4b21-a15d-4691d542b867@group-F7B35D7D5D69
2020-07-20 08:35:59,443 [Listener at 127.0.0.1/33185] INFO  metrics.RatisMetrics (RatisMetrics.java:unregister(43)) - Unregistering Metrics Registry : ratis_grpc.log_appender.2385bf93-00fb-4b21-a15d-4691d542b867@group-F7B35D7D5D69
2020-07-20 08:35:59,443 [org.apache.ratis.server.impl.LogAppender$AppenderDaemon$$Lambda$460/2094247135@42b99137] WARN  server.GrpcLogAppender (GrpcLogAppender.java:mayWait(153)) - 2385bf93-00fb-4b21-a15d-4691d542b867@group-F7B35D7D5D69->be0851b3-0322-40a6-8ce8-d00f153a9faf-GrpcLogAppender: Wait interrupted by java.lang.InterruptedException
2020-07-20 08:35:59,444 [Listener at 127.0.0.1/33185] INFO  impl.PendingRequests (PendingRequests.java:sendNotLeaderResponses(249)) - 2385bf93-00fb-4b21-a15d-4691d542b867@group-F7B35D7D5D69-PendingRequests: sendNotLeaderResponses
2020-07-20 08:35:59,444 [org.apache.ratis.server.impl.LogAppender$AppenderDaemon$$Lambda$460/2094247135@751214a3] WARN  server.GrpcLogAppender (GrpcLogAppender.java:mayWait(153)) - 2385bf93-00fb-4b21-a15d-4691d542b867@group-F7B35D7D5D69->a427f57b-033e-4f4a-af2c-a26eb345c30a-GrpcLogAppender: Wait interrupted by java.lang.InterruptedException
2020-07-20 08:35:59,445 [Listener at 127.0.0.1/33185] INFO  metrics.RatisMetrics (RatisMetrics.java:unregister(43)) - Unregistering Metrics Registry : ratis.log_appender.2385bf93-00fb-4b21-a15d-4691d542b867@group-F7B35D7D5D69
2020-07-20 08:35:59,445 [grpc-default-executor-5] INFO  server.GrpcServerProtocolService (GrpcServerProtocolService.java:onCompleted(138)) - a427f57b-033e-4f4a-af2c-a26eb345c30a: Completed APPEND_ENTRIES, lastRequest: 2385bf93-00fb-4b21-a15d-4691d542b867->a427f57b-033e-4f4a-af2c-a26eb345c30a#1-t1, previous=(t:0, i:0), leaderCommit=-1, initializing? false, entries: size=1, first=(t:1, i:0), CONFIGURATIONENTRY
2020-07-20 08:35:59,445 [Listener at 127.0.0.1/33185] INFO  metrics.RatisMetrics (RatisMetrics.java:unregister(43)) - Unregistering Metrics Registry : ratis.server.2385bf93-00fb-4b21-a15d-4691d542b867@group-F7B35D7D5D69
2020-07-20 08:35:59,445 [grpc-default-executor-6] INFO  server.GrpcLogAppender (GrpcLogAppender.java:onCompleted(319)) - 2385bf93-00fb-4b21-a15d-4691d542b867@group-F7B35D7D5D69->a427f57b-033e-4f4a-af2c-a26eb345c30a-AppendLogResponseHandler: follower responses appendEntries COMPLETED
2020-07-20 08:35:59,446 [grpc-default-executor-6] INFO  impl.FollowerInfo (FollowerInfo.java:lambda$new$0(51)) - 2385bf93-00fb-4b21-a15d-4691d542b867@group-F7B35D7D5D69->a427f57b-033e-4f4a-af2c-a26eb345c30a: nextIndex: updateUnconditionally 1 -> 0
2020-07-20 08:35:59,446 [grpc-default-executor-1] INFO  impl.FollowerInfo (FollowerInfo.java:lambda$new$0(51)) - 2385bf93-00fb-4b21-a15d-4691d542b867@group-810B540DED91->a427f57b-033e-4f4a-af2c-a26eb345c30a: nextIndex: updateUnconditionally 5 -> 4
2020-07-20 08:35:59,447 [2385bf93-00fb-4b21-a15d-4691d542b867@group-F7B35D7D5D69-StateMachineUpdater] INFO  ratis.ContainerStateMachine (ContainerStateMachine.java:takeSnapshot(293)) - group-F7B35D7D5D69: Taking a snapshot at:(t:1, i:0) file /github/workspace/mnt/ozone/hadoop-ozone/integration-test/target/test-dir/MiniOzoneClusterImpl-77fe6979-9426-4b74-982f-524262e25198/datanode-3/data/ratis/f1e6931a-3535-455b-b0ea-f7b35d7d5d69/sm/snapshot.1_0
2020-07-20 08:35:59,447 [Listener at 127.0.0.1/33185] INFO  impl.StateMachineUpdater (StateMachineUpdater.java:stopAndJoin(142)) - 2385bf93-00fb-4b21-a15d-4691d542b867@group-F7B35D7D5D69-StateMachineUpdater: set stopIndex = 0
2020-07-20 08:35:59,448 [2385bf93-00fb-4b21-a15d-4691d542b867@group-F7B35D7D5D69-StateMachineUpdater] INFO  ratis.ContainerStateMachine (ContainerStateMachine.java:takeSnapshot(304)) - group-F7B35D7D5D69: Finished taking a snapshot at:(t:1, i:0) file:/github/workspace/mnt/ozone/hadoop-ozone/integration-test/target/test-dir/MiniOzoneClusterImpl-77fe6979-9426-4b74-982f-524262e25198/datanode-3/data/ratis/f1e6931a-3535-455b-b0ea-f7b35d7d5d69/sm/snapshot.1_0 time:1
2020-07-20 08:35:59,448 [2385bf93-00fb-4b21-a15d-4691d542b867@group-F7B35D7D5D69-StateMachineUpdater] INFO  impl.StateMachineUpdater (StateMachineUpdater.java:takeSnapshot(277)) - 2385bf93-00fb-4b21-a15d-4691d542b867@group-F7B35D7D5D69-StateMachineUpdater: Took a snapshot at index 0
2020-07-20 08:35:59,448 [2385bf93-00fb-4b21-a15d-4691d542b867@group-F7B35D7D5D69-StateMachineUpdater] INFO  impl.StateMachineUpdater (StateMachineUpdater.java:lambda$new$0(87)) - 2385bf93-00fb-4b21-a15d-4691d542b867@group-F7B35D7D5D69-StateMachineUpdater: snapshotIndex: updateIncreasingly -1 -> 0
2020-07-20 08:35:59,448 [2385bf93-00fb-4b21-a15d-4691d542b867@group-F7B35D7D5D69-StateMachineUpdater] INFO  metrics.RatisMetrics (RatisMetrics.java:unregister(43)) - Unregistering Metrics Registry : ratis.state_machine.2385bf93-00fb-4b21-a15d-4691d542b867@group-F7B35D7D5D69
2020-07-20 08:35:59,449 [Listener at 127.0.0.1/33185] INFO  impl.RaftServerImpl (ServerState.java:close(387)) - 2385bf93-00fb-4b21-a15d-4691d542b867@group-F7B35D7D5D69: closes. applyIndex: 0
2020-07-20 08:35:59,449 [2385bf93-00fb-4b21-a15d-4691d542b867@group-F7B35D7D5D69-SegmentedRaftLogWorker] INFO  segmented.SegmentedRaftLogWorker (SegmentedRaftLogWorker.java:run(327)) - 2385bf93-00fb-4b21-a15d-4691d542b867@group-F7B35D7D5D69-SegmentedRaftLogWorker was interrupted, exiting. There are 0 tasks remaining in the queue.
2020-07-20 08:35:59,449 [Listener at 127.0.0.1/33185] INFO  segmented.SegmentedRaftLogWorker (SegmentedRaftLogWorker.java:close(234)) - 2385bf93-00fb-4b21-a15d-4691d542b867@group-F7B35D7D5D69-SegmentedRaftLogWorker close()
2020-07-20 08:35:59,450 [Listener at 127.0.0.1/33185] INFO  metrics.RatisMetrics (RatisMetrics.java:unregister(43)) - Unregistering Metrics Registry : ratis.log_worker.2385bf93-00fb-4b21-a15d-4691d542b867@group-F7B35D7D5D69
2020-07-20 08:35:59,450 [Listener at 127.0.0.1/33185] INFO  metrics.RatisMetrics (RatisMetrics.java:unregister(43)) - Unregistering Metrics Registry : ratis.leader_election.2385bf93-00fb-4b21-a15d-4691d542b867@group-F7B35D7D5D69
2020-07-20 08:35:59,450 [Listener at 127.0.0.1/33185] INFO  metrics.RatisMetrics (RatisMetrics.java:unregister(43)) - Unregistering Metrics Registry : ratis.server.2385bf93-00fb-4b21-a15d-4691d542b867@group-F7B35D7D5D69
2020-07-20 08:35:59,450 [Listener at 127.0.0.1/33185] INFO  server.GrpcService (GrpcService.java:closeImpl(166)) - 2385bf93-00fb-4b21-a15d-4691d542b867: shutdown server with port 36609 now
2020-07-20 08:35:59,451 [Listener at 127.0.0.1/33185] INFO  server.GrpcService (GrpcService.java:closeImpl(174)) - 2385bf93-00fb-4b21-a15d-4691d542b867: shutdown server with port 36609 successfully
2020-07-20 08:35:59,458 [Listener at 127.0.0.1/33185] INFO  utils.BackgroundService (BackgroundService.java:shutdown(157)) - Shutting down service BlockDeletingService
2020-07-20 08:35:59,459 [Listener at 127.0.0.1/33185] INFO  statemachine.DatanodeStateMachine (DatanodeStateMachine.java:stopDaemon(428)) - Ozone container server stopped.
2020-07-20 08:35:59,466 [Listener at 127.0.0.1/33185] INFO  handler.ContextHandler (ContextHandler.java:doStop(1016)) - Stopped o.e.j.w.WebAppContext@47607daa{hddsDatanode,/,null,UNAVAILABLE}{jar:file:/home/user/.m2/repository/org/apache/hadoop/hadoop-hdds-container-service/0.6.0-SNAPSHOT/hadoop-hdds-container-service-0.6.0-SNAPSHOT.jar!/webapps/hddsDatanode}
2020-07-20 08:35:59,466 [Listener at 127.0.0.1/33185] INFO  server.AbstractConnector (AbstractConnector.java:doStop(380)) - Stopped ServerConnector@1044d06e{HTTP/1.1,[http/1.1]}{0.0.0.0:0}
2020-07-20 08:35:59,466 [Listener at 127.0.0.1/33185] INFO  server.session (HouseKeeper.java:stopScavenging(158)) - node0 Stopped scavenging
2020-07-20 08:35:59,467 [Listener at 127.0.0.1/33185] INFO  handler.ContextHandler (ContextHandler.java:doStop(1016)) - Stopped o.e.j.s.ServletContextHandler@e3b3b6f{static,/static,jar:file:/home/user/.m2/repository/org/apache/hadoop/hadoop-hdds-container-service/0.6.0-SNAPSHOT/hadoop-hdds-container-service-0.6.0-SNAPSHOT.jar!/webapps/static,UNAVAILABLE}
2020-07-20 08:35:59,467 [Listener at 127.0.0.1/33185] INFO  handler.ContextHandler (ContextHandler.java:doStop(1016)) - Stopped o.e.j.s.ServletContextHandler@17b509a7{logs,/logs,file:///github/workspace/mnt/ozone/hadoop-ozone/integration-test/target/log,UNAVAILABLE}
2020-07-20 08:36:00,257 [Datanode State Machine Thread - 0] INFO  statemachine.DatanodeStateMachine (DatanodeStateMachine.java:lambda$startDaemon$0(380)) - Ozone container server started.
2020-07-20 08:36:00,343 [Datanode State Machine Thread - 0] INFO  statemachine.DatanodeStateMachine (DatanodeStateMachine.java:lambda$startDaemon$0(380)) - Ozone container server started.
2020-07-20 08:36:01,052 [grpc-default-executor-1] WARN  server.GrpcLogAppender (LogUtils.java:warn(122)) - 8aff4af6-6cc7-479f-9fca-879319b0e7e4@group-B98AA3197BE4->d7c912f8-2b11-470a-8112-2e2f3de1c844-AppendLogResponseHandler: Failed appendEntries: org.apache.ratis.thirdparty.io.grpc.StatusRuntimeException: UNAVAILABLE: io exception
2020-07-20 08:36:01,052 [grpc-default-executor-1] INFO  impl.FollowerInfo (FollowerInfo.java:lambda$new$0(51)) - 8aff4af6-6cc7-479f-9fca-879319b0e7e4@group-B98AA3197BE4->d7c912f8-2b11-470a-8112-2e2f3de1c844: nextIndex: updateUnconditionally 1 -> 0
2020-07-20 08:36:01,055 [grpc-default-executor-5] WARN  server.GrpcLogAppender (LogUtils.java:warn(122)) - 8aff4af6-6cc7-479f-9fca-879319b0e7e4@group-B98AA3197BE4->7cb3e755-c8bb-4f00-be15-bc5c4dd112b5-AppendLogResponseHandler: Failed appendEntries: org.apache.ratis.thirdparty.io.grpc.StatusRuntimeException: UNAVAILABLE: io exception
2020-07-20 08:36:01,055 [grpc-default-executor-5] INFO  impl.FollowerInfo (FollowerInfo.java:lambda$new$0(51)) - 8aff4af6-6cc7-479f-9fca-879319b0e7e4@group-B98AA3197BE4->7cb3e755-c8bb-4f00-be15-bc5c4dd112b5: nextIndex: updateUnconditionally 1 -> 0
2020-07-20 08:36:01,815 [grpc-default-executor-1] WARN  server.GrpcLogAppender (LogUtils.java:warn(122)) - 8aff4af6-6cc7-479f-9fca-879319b0e7e4@group-75B56BA316C6->d7c912f8-2b11-470a-8112-2e2f3de1c844-AppendLogResponseHandler: Failed appendEntries: org.apache.ratis.thirdparty.io.grpc.StatusRuntimeException: UNAVAILABLE: io exception
2020-07-20 08:36:01,815 [grpc-default-executor-1] INFO  impl.FollowerInfo (FollowerInfo.java:lambda$new$0(51)) - 8aff4af6-6cc7-479f-9fca-879319b0e7e4@group-75B56BA316C6->d7c912f8-2b11-470a-8112-2e2f3de1c844: nextIndex: updateUnconditionally 13 -> 12
2020-07-20 08:36:01,817 [grpc-default-executor-5] WARN  server.GrpcLogAppender (LogUtils.java:warn(122)) - 8aff4af6-6cc7-479f-9fca-879319b0e7e4@group-75B56BA316C6->7cb3e755-c8bb-4f00-be15-bc5c4dd112b5-AppendLogResponseHandler: Failed appendEntries: org.apache.ratis.thirdparty.io.grpc.StatusRuntimeException: UNAVAILABLE: io exception
2020-07-20 08:36:01,817 [grpc-default-executor-5] INFO  impl.FollowerInfo (FollowerInfo.java:lambda$new$0(51)) - 8aff4af6-6cc7-479f-9fca-879319b0e7e4@group-75B56BA316C6->7cb3e755-c8bb-4f00-be15-bc5c4dd112b5: nextIndex: updateUnconditionally 13 -> 12
2020-07-20 08:36:03,553 [grpc-default-executor-1] WARN  server.GrpcLogAppender (LogUtils.java:warn(122)) - 8aff4af6-6cc7-479f-9fca-879319b0e7e4@group-B98AA3197BE4->d7c912f8-2b11-470a-8112-2e2f3de1c844-AppendLogResponseHandler: Failed appendEntries: org.apache.ratis.thirdparty.io.grpc.StatusRuntimeException: UNAVAILABLE: io exception
2020-07-20 08:36:03,554 [grpc-default-executor-1] INFO  impl.FollowerInfo (FollowerInfo.java:lambda$new$0(51)) - 8aff4af6-6cc7-479f-9fca-879319b0e7e4@group-B98AA3197BE4->d7c912f8-2b11-470a-8112-2e2f3de1c844: nextIndex: updateUnconditionally 1 -> 0
2020-07-20 08:36:03,556 [grpc-default-executor-5] WARN  server.GrpcLogAppender (LogUtils.java:warn(122)) - 8aff4af6-6cc7-479f-9fca-879319b0e7e4@group-B98AA3197BE4->7cb3e755-c8bb-4f00-be15-bc5c4dd112b5-AppendLogResponseHandler: Failed appendEntries: org.apache.ratis.thirdparty.io.grpc.StatusRuntimeException: UNAVAILABLE: io exception
2020-07-20 08:36:03,556 [grpc-default-executor-5] INFO  impl.FollowerInfo (FollowerInfo.java:lambda$new$0(51)) - 8aff4af6-6cc7-479f-9fca-879319b0e7e4@group-B98AA3197BE4->7cb3e755-c8bb-4f00-be15-bc5c4dd112b5: nextIndex: updateUnconditionally 1 -> 0
2020-07-20 08:36:04,118 [EventQueue-StaleNodeForStaleNodeHandler] INFO  node.StaleNodeHandler (StaleNodeHandler.java:onMessage(58)) - Datanode 2385bf93-00fb-4b21-a15d-4691d542b867{ip: 172.17.0.2, host: 795ad43b6c28, networkLocation: /default-rack, certSerialId: null} moved to stale state. Finalizing its pipelines [PipelineID=880b83f7-33db-4677-b2a6-810b540ded91, PipelineID=96541ff9-665c-4226-8dd9-2379f1448477, PipelineID=f1e6931a-3535-455b-b0ea-f7b35d7d5d69]
2020-07-20 08:36:04,118 [EventQueue-StaleNodeForStaleNodeHandler] INFO  pipeline.SCMPipelineManager (SCMPipelineManager.java:finalizeAndDestroyPipeline(450)) - Destroying pipeline:Pipeline[ Id: 880b83f7-33db-4677-b2a6-810b540ded91, Nodes: 2385bf93-00fb-4b21-a15d-4691d542b867{ip: 172.17.0.2, host: 795ad43b6c28, networkLocation: /default-rack, certSerialId: null}a427f57b-033e-4f4a-af2c-a26eb345c30a{ip: 172.17.0.2, host: 795ad43b6c28, networkLocation: /default-rack, certSerialId: null}be0851b3-0322-40a6-8ce8-d00f153a9faf{ip: 172.17.0.2, host: 795ad43b6c28, networkLocation: /default-rack, certSerialId: null}, Type:RATIS, Factor:THREE, State:CLOSED, leaderId:2385bf93-00fb-4b21-a15d-4691d542b867, CreationTimestamp2020-07-20T08:35:31.035Z]
2020-07-20 08:36:04,118 [EventQueue-StaleNodeForStaleNodeHandler] INFO  pipeline.SCMPipelineManager (SCMPipelineManager.java:finalizeAndDestroyPipeline(450)) - Destroying pipeline:Pipeline[ Id: 96541ff9-665c-4226-8dd9-2379f1448477, Nodes: 2385bf93-00fb-4b21-a15d-4691d542b867{ip: 172.17.0.2, host: 795ad43b6c28, networkLocation: /default-rack, certSerialId: null}, Type:RATIS, Factor:ONE, State:OPEN, leaderId:2385bf93-00fb-4b21-a15d-4691d542b867, CreationTimestamp2020-07-20T08:35:30.761Z]
2020-07-20 08:36:04,118 [EventQueue-StaleNodeForStaleNodeHandler] INFO  pipeline.PipelineStateManager (PipelineStateManager.java:finalizePipeline(120)) - Pipeline Pipeline[ Id: 96541ff9-665c-4226-8dd9-2379f1448477, Nodes: 2385bf93-00fb-4b21-a15d-4691d542b867{ip: 172.17.0.2, host: 795ad43b6c28, networkLocation: /default-rack, certSerialId: null}, Type:RATIS, Factor:ONE, State:CLOSED, leaderId:2385bf93-00fb-4b21-a15d-4691d542b867, CreationTimestamp2020-07-20T08:35:30.761Z] moved to CLOSED state
2020-07-20 08:36:04,118 [EventQueue-StaleNodeForStaleNodeHandler] INFO  pipeline.SCMPipelineManager (SCMPipelineManager.java:finalizeAndDestroyPipeline(450)) - Destroying pipeline:Pipeline[ Id: f1e6931a-3535-455b-b0ea-f7b35d7d5d69, Nodes: 2385bf93-00fb-4b21-a15d-4691d542b867{ip: 172.17.0.2, host: 795ad43b6c28, networkLocation: /default-rack, certSerialId: null}a427f57b-033e-4f4a-af2c-a26eb345c30a{ip: 172.17.0.2, host: 795ad43b6c28, networkLocation: /default-rack, certSerialId: null}be0851b3-0322-40a6-8ce8-d00f153a9faf{ip: 172.17.0.2, host: 795ad43b6c28, networkLocation: /default-rack, certSerialId: null}, Type:RATIS, Factor:THREE, State:CLOSED, leaderId:2385bf93-00fb-4b21-a15d-4691d542b867, CreationTimestamp2020-07-20T08:35:31.035Z]
2020-07-20 08:36:04,318 [grpc-default-executor-6] WARN  server.GrpcLogAppender (LogUtils.java:warn(122)) - 8aff4af6-6cc7-479f-9fca-879319b0e7e4@group-75B56BA316C6->d7c912f8-2b11-470a-8112-2e2f3de1c844-AppendLogResponseHandler: Failed appendEntries: org.apache.ratis.thirdparty.io.grpc.StatusRuntimeException: UNAVAILABLE: io exception
2020-07-20 08:36:04,318 [grpc-default-executor-6] INFO  impl.FollowerInfo (FollowerInfo.java:lambda$new$0(51)) - 8aff4af6-6cc7-479f-9fca-879319b0e7e4@group-75B56BA316C6->d7c912f8-2b11-470a-8112-2e2f3de1c844: nextIndex: updateUnconditionally 13 -> 12
2020-07-20 08:36:04,319 [EventQueue-StaleNodeForStaleNodeHandler] INFO  node.StaleNodeHandler (StaleNodeHandler.java:onMessage(58)) - Datanode d7c912f8-2b11-470a-8112-2e2f3de1c844{ip: 172.17.0.2, host: 795ad43b6c28, networkLocation: /default-rack, certSerialId: null} moved to stale state. Finalizing its pipelines [PipelineID=f9bee2f1-1abd-48d4-ab94-75b56ba316c6, PipelineID=8af61142-beb9-4b35-88a3-ab3f7b191960, PipelineID=f7c62648-2a61-4adf-bbe9-b98aa3197be4]
2020-07-20 08:36:04,319 [EventQueue-StaleNodeForStaleNodeHandler] INFO  pipeline.SCMPipelineManager (SCMPipelineManager.java:finalizeAndDestroyPipeline(450)) - Destroying pipeline:Pipeline[ Id: f9bee2f1-1abd-48d4-ab94-75b56ba316c6, Nodes: 7cb3e755-c8bb-4f00-be15-bc5c4dd112b5{ip: 172.17.0.2, host: 795ad43b6c28, networkLocation: /default-rack, certSerialId: null}d7c912f8-2b11-470a-8112-2e2f3de1c844{ip: 172.17.0.2, host: 795ad43b6c28, networkLocation: /default-rack, certSerialId: null}8aff4af6-6cc7-479f-9fca-879319b0e7e4{ip: 172.17.0.2, host: 795ad43b6c28, networkLocation: /default-rack, certSerialId: null}, Type:RATIS, Factor:THREE, State:CLOSED, leaderId:8aff4af6-6cc7-479f-9fca-879319b0e7e4, CreationTimestamp2020-07-20T08:35:30.598Z]
2020-07-20 08:36:04,319 [EventQueue-StaleNodeForStaleNodeHandler] INFO  pipeline.SCMPipelineManager (SCMPipelineManager.java:finalizeAndDestroyPipeline(450)) - Destroying pipeline:Pipeline[ Id: 8af61142-beb9-4b35-88a3-ab3f7b191960, Nodes: d7c912f8-2b11-470a-8112-2e2f3de1c844{ip: 172.17.0.2, host: 795ad43b6c28, networkLocation: /default-rack, certSerialId: null}, Type:RATIS, Factor:ONE, State:OPEN, leaderId:d7c912f8-2b11-470a-8112-2e2f3de1c844, CreationTimestamp2020-07-20T08:35:30.597Z]
2020-07-20 08:36:04,319 [EventQueue-StaleNodeForStaleNodeHandler] INFO  pipeline.PipelineStateManager (PipelineStateManager.java:finalizePipeline(120)) - Pipeline Pipeline[ Id: 8af61142-beb9-4b35-88a3-ab3f7b191960, Nodes: d7c912f8-2b11-470a-8112-2e2f3de1c844{ip: 172.17.0.2, host: 795ad43b6c28, networkLocation: /default-rack, certSerialId: null}, Type:RATIS, Factor:ONE, State:CLOSED, leaderId:d7c912f8-2b11-470a-8112-2e2f3de1c844, CreationTimestamp2020-07-20T08:35:30.597Z] moved to CLOSED state
2020-07-20 08:36:04,319 [EventQueue-StaleNodeForStaleNodeHandler] INFO  pipeline.SCMPipelineManager (SCMPipelineManager.java:finalizeAndDestroyPipeline(450)) - Destroying pipeline:Pipeline[ Id: f7c62648-2a61-4adf-bbe9-b98aa3197be4, Nodes: 7cb3e755-c8bb-4f00-be15-bc5c4dd112b5{ip: 172.17.0.2, host: 795ad43b6c28, networkLocation: /default-rack, certSerialId: null}d7c912f8-2b11-470a-8112-2e2f3de1c844{ip: 172.17.0.2, host: 795ad43b6c28, networkLocation: /default-rack, certSerialId: null}8aff4af6-6cc7-479f-9fca-879319b0e7e4{ip: 172.17.0.2, host: 795ad43b6c28, networkLocation: /default-rack, certSerialId: null}, Type:RATIS, Factor:THREE, State:CLOSED, leaderId:8aff4af6-6cc7-479f-9fca-879319b0e7e4, CreationTimestamp2020-07-20T08:35:30.598Z]
2020-07-20 08:36:04,320 [grpc-default-executor-6] WARN  server.GrpcLogAppender (LogUtils.java:warn(122)) - 8aff4af6-6cc7-479f-9fca-879319b0e7e4@group-75B56BA316C6->7cb3e755-c8bb-4f00-be15-bc5c4dd112b5-AppendLogResponseHandler: Failed appendEntries: org.apache.ratis.thirdparty.io.grpc.StatusRuntimeException: UNAVAILABLE: io exception
2020-07-20 08:36:04,320 [grpc-default-executor-6] INFO  impl.FollowerInfo (FollowerInfo.java:lambda$new$0(51)) - 8aff4af6-6cc7-479f-9fca-879319b0e7e4@group-75B56BA316C6->7cb3e755-c8bb-4f00-be15-bc5c4dd112b5: nextIndex: updateUnconditionally 13 -> 12
2020-07-20 08:36:04,372 [Thread-3124] INFO  impl.FollowerState (FollowerState.java:run(108)) - a427f57b-033e-4f4a-af2c-a26eb345c30a@group-F7B35D7D5D69-FollowerState: change to CANDIDATE, lastRpcTime:5338ms, electionTimeout:5171ms
2020-07-20 08:36:04,372 [Thread-3124] INFO  impl.RoleInfo (RoleInfo.java:shutdownFollowerState(121)) - a427f57b-033e-4f4a-af2c-a26eb345c30a: shutdown FollowerState
2020-07-20 08:36:04,372 [Thread-3124] INFO  impl.RaftServerImpl (RaftServerImpl.java:setRole(175)) - a427f57b-033e-4f4a-af2c-a26eb345c30a@group-F7B35D7D5D69: changes role from  FOLLOWER to CANDIDATE at term 1 for changeToCandidate
2020-07-20 08:36:04,373 [Thread-3124] INFO  impl.RoleInfo (RoleInfo.java:updateAndGet(143)) - a427f57b-033e-4f4a-af2c-a26eb345c30a: start LeaderElection
2020-07-20 08:36:04,373 [a427f57b-033e-4f4a-af2c-a26eb345c30a@group-F7B35D7D5D69-LeaderElection102] INFO  impl.RaftServerImpl (ServerState.java:setLeader(255)) - a427f57b-033e-4f4a-af2c-a26eb345c30a@group-F7B35D7D5D69: change Leader from 2385bf93-00fb-4b21-a15d-4691d542b867 to null at term 1 for initElection
2020-07-20 08:36:04,375 [a427f57b-033e-4f4a-af2c-a26eb345c30a@group-F7B35D7D5D69-LeaderElection102] INFO  impl.LeaderElection (LeaderElection.java:askForVotes(206)) - a427f57b-033e-4f4a-af2c-a26eb345c30a@group-F7B35D7D5D69-LeaderElection102: begin an election at term 2 for 0: [2385bf93-00fb-4b21-a15d-4691d542b867:172.17.0.2:36609, be0851b3-0322-40a6-8ce8-d00f153a9faf:172.17.0.2:36267, a427f57b-033e-4f4a-af2c-a26eb345c30a:172.17.0.2:39469], old=null
2020-07-20 08:36:04,380 [a427f57b-033e-4f4a-af2c-a26eb345c30a@group-F7B35D7D5D69-LeaderElection102] INFO  impl.LeaderElection (LogUtils.java:infoOrTrace(137)) - a427f57b-033e-4f4a-af2c-a26eb345c30a@group-F7B35D7D5D69-LeaderElection102 got exception when requesting votes: java.util.concurrent.ExecutionException: org.apache.ratis.thirdparty.io.grpc.StatusRuntimeException: UNAVAILABLE: io exception
2020-07-20 08:36:04,384 [a427f57b-033e-4f4a-af2c-a26eb345c30a@group-F7B35D7D5D69-LeaderElection102] INFO  impl.LeaderElection (LogUtils.java:infoOrTrace(137)) - a427f57b-033e-4f4a-af2c-a26eb345c30a@group-F7B35D7D5D69-LeaderElection102 got exception when requesting votes: java.util.concurrent.ExecutionException: org.apache.ratis.thirdparty.io.grpc.StatusRuntimeException: UNAVAILABLE: io exception
2020-07-20 08:36:04,384 [a427f57b-033e-4f4a-af2c-a26eb345c30a@group-F7B35D7D5D69-LeaderElection102] INFO  impl.LeaderElection (LeaderElection.java:logAndReturn(61)) - a427f57b-033e-4f4a-af2c-a26eb345c30a@group-F7B35D7D5D69-LeaderElection102: Election REJECTED; received 0 response(s) [] and 2 exception(s); a427f57b-033e-4f4a-af2c-a26eb345c30a@group-F7B35D7D5D69:t2, leader=null, voted=a427f57b-033e-4f4a-af2c-a26eb345c30a, raftlog=a427f57b-033e-4f4a-af2c-a26eb345c30a@group-F7B35D7D5D69-SegmentedRaftLog:OPENED:c0,f0,i0, conf=0: [2385bf93-00fb-4b21-a15d-4691d542b867:172.17.0.2:36609, be0851b3-0322-40a6-8ce8-d00f153a9faf:172.17.0.2:36267, a427f57b-033e-4f4a-af2c-a26eb345c30a:172.17.0.2:39469], old=null
2020-07-20 08:36:04,384 [a427f57b-033e-4f4a-af2c-a26eb345c30a@group-F7B35D7D5D69-LeaderElection102] INFO  impl.LeaderElection (LogUtils.java:infoOrTrace(137)) -   Exception 0: java.util.concurrent.ExecutionException: org.apache.ratis.thirdparty.io.grpc.StatusRuntimeException: UNAVAILABLE: io exception
2020-07-20 08:36:04,384 [a427f57b-033e-4f4a-af2c-a26eb345c30a@group-F7B35D7D5D69-LeaderElection102] INFO  impl.LeaderElection (LogUtils.java:infoOrTrace(137)) -   Exception 1: java.util.concurrent.ExecutionException: org.apache.ratis.thirdparty.io.grpc.StatusRuntimeException: UNAVAILABLE: io exception
2020-07-20 08:36:04,384 [a427f57b-033e-4f4a-af2c-a26eb345c30a@group-F7B35D7D5D69-LeaderElection102] INFO  impl.RaftServerImpl (RaftServerImpl.java:setRole(175)) - a427f57b-033e-4f4a-af2c-a26eb345c30a@group-F7B35D7D5D69: changes role from CANDIDATE to FOLLOWER at term 2 for DISCOVERED_A_NEW_TERM
2020-07-20 08:36:04,384 [a427f57b-033e-4f4a-af2c-a26eb345c30a@group-F7B35D7D5D69-LeaderElection102] INFO  impl.RoleInfo (RoleInfo.java:shutdownLeaderElection(134)) - a427f57b-033e-4f4a-af2c-a26eb345c30a: shutdown LeaderElection
2020-07-20 08:36:04,384 [a427f57b-033e-4f4a-af2c-a26eb345c30a@group-F7B35D7D5D69-LeaderElection102] INFO  impl.RoleInfo (RoleInfo.java:updateAndGet(143)) - a427f57b-033e-4f4a-af2c-a26eb345c30a: start FollowerState
2020-07-20 08:36:04,438 [Thread-3133] INFO  impl.FollowerState (FollowerState.java:run(108)) - a427f57b-033e-4f4a-af2c-a26eb345c30a@group-810B540DED91-FollowerState: change to CANDIDATE, lastRpcTime:5343ms, electionTimeout:5117ms
2020-07-20 08:36:04,438 [Thread-3133] INFO  impl.RoleInfo (RoleInfo.java:shutdownFollowerState(121)) - a427f57b-033e-4f4a-af2c-a26eb345c30a: shutdown FollowerState
2020-07-20 08:36:04,439 [Thread-3133] INFO  impl.RaftServerImpl (RaftServerImpl.java:setRole(175)) - a427f57b-033e-4f4a-af2c-a26eb345c30a@group-810B540DED91: changes role from  FOLLOWER to CANDIDATE at term 1 for changeToCandidate
2020-07-20 08:36:04,439 [Thread-3133] INFO  impl.RoleInfo (RoleInfo.java:updateAndGet(143)) - a427f57b-033e-4f4a-af2c-a26eb345c30a: start LeaderElection
2020-07-20 08:36:04,439 [a427f57b-033e-4f4a-af2c-a26eb345c30a@group-810B540DED91-LeaderElection103] INFO  impl.RaftServerImpl (ServerState.java:setLeader(255)) - a427f57b-033e-4f4a-af2c-a26eb345c30a@group-810B540DED91: change Leader from 2385bf93-00fb-4b21-a15d-4691d542b867 to null at term 1 for initElection
2020-07-20 08:36:04,441 [a427f57b-033e-4f4a-af2c-a26eb345c30a@group-810B540DED91-LeaderElection103] INFO  impl.LeaderElection (LeaderElection.java:askForVotes(206)) - a427f57b-033e-4f4a-af2c-a26eb345c30a@group-810B540DED91-LeaderElection103: begin an election at term 2 for 0: [2385bf93-00fb-4b21-a15d-4691d542b867:172.17.0.2:36609, be0851b3-0322-40a6-8ce8-d00f153a9faf:172.17.0.2:36267, a427f57b-033e-4f4a-af2c-a26eb345c30a:172.17.0.2:39469], old=null
2020-07-20 08:36:04,441 [a427f57b-033e-4f4a-af2c-a26eb345c30a@group-810B540DED91-LeaderElection103] INFO  impl.LeaderElection (LogUtils.java:infoOrTrace(137)) - a427f57b-033e-4f4a-af2c-a26eb345c30a@group-810B540DED91-LeaderElection103 got exception when requesting votes: java.util.concurrent.ExecutionException: org.apache.ratis.thirdparty.io.grpc.StatusRuntimeException: UNAVAILABLE: io exception
2020-07-20 08:36:04,441 [a427f57b-033e-4f4a-af2c-a26eb345c30a@group-810B540DED91-LeaderElection103] INFO  impl.LeaderElection (LogUtils.java:infoOrTrace(137)) - a427f57b-033e-4f4a-af2c-a26eb345c30a@group-810B540DED91-LeaderElection103 got exception when requesting votes: java.util.concurrent.ExecutionException: org.apache.ratis.thirdparty.io.grpc.StatusRuntimeException: UNAVAILABLE: io exception
2020-07-20 08:36:04,441 [a427f57b-033e-4f4a-af2c-a26eb345c30a@group-810B540DED91-LeaderElection103] INFO  impl.LeaderElection (LeaderElection.java:logAndReturn(61)) - a427f57b-033e-4f4a-af2c-a26eb345c30a@group-810B540DED91-LeaderElection103: Election REJECTED; received 0 response(s) [] and 2 exception(s); a427f57b-033e-4f4a-af2c-a26eb345c30a@group-810B540DED91:t2, leader=null, voted=a427f57b-033e-4f4a-af2c-a26eb345c30a, raftlog=a427f57b-033e-4f4a-af2c-a26eb345c30a@group-810B540DED91-SegmentedRaftLog:OPENED:c4,f4,i4, conf=0: [2385bf93-00fb-4b21-a15d-4691d542b867:172.17.0.2:36609, be0851b3-0322-40a6-8ce8-d00f153a9faf:172.17.0.2:36267, a427f57b-033e-4f4a-af2c-a26eb345c30a:172.17.0.2:39469], old=null
2020-07-20 08:36:04,441 [a427f57b-033e-4f4a-af2c-a26eb345c30a@group-810B540DED91-LeaderElection103] INFO  impl.LeaderElection (LogUtils.java:infoOrTrace(137)) -   Exception 0: java.util.concurrent.ExecutionException: org.apache.ratis.thirdparty.io.grpc.StatusRuntimeException: UNAVAILABLE: io exception
2020-07-20 08:36:04,441 [a427f57b-033e-4f4a-af2c-a26eb345c30a@group-810B540DED91-LeaderElection103] INFO  impl.LeaderElection (LogUtils.java:infoOrTrace(137)) -   Exception 1: java.util.concurrent.ExecutionException: org.apache.ratis.thirdparty.io.grpc.StatusRuntimeException: UNAVAILABLE: io exception
2020-07-20 08:36:04,442 [a427f57b-033e-4f4a-af2c-a26eb345c30a@group-810B540DED91-LeaderElection103] INFO  impl.RaftServerImpl (RaftServerImpl.java:setRole(175)) - a427f57b-033e-4f4a-af2c-a26eb345c30a@group-810B540DED91: changes role from CANDIDATE to FOLLOWER at term 2 for DISCOVERED_A_NEW_TERM
2020-07-20 08:36:04,442 [a427f57b-033e-4f4a-af2c-a26eb345c30a@group-810B540DED91-LeaderElection103] INFO  impl.RoleInfo (RoleInfo.java:shutdownLeaderElection(134)) - a427f57b-033e-4f4a-af2c-a26eb345c30a: shutdown LeaderElection
2020-07-20 08:36:04,442 [ForkJoinPool.commonPool-worker-0] INFO  ozoneimpl.OzoneContainer (OzoneContainer.java:stop(247)) - Attempting to stop container services.
2020-07-20 08:36:04,442 [ForkJoinPool.commonPool-worker-0] INFO  impl.RaftServerProxy (RaftServerProxy.java:lambda$close$4(319)) - 8aff4af6-6cc7-479f-9fca-879319b0e7e4: close
2020-07-20 08:36:04,442 [a427f57b-033e-4f4a-af2c-a26eb345c30a@group-810B540DED91-LeaderElection103] INFO  impl.RoleInfo (RoleInfo.java:updateAndGet(143)) - a427f57b-033e-4f4a-af2c-a26eb345c30a: start FollowerState
2020-07-20 08:36:04,442 [ForkJoinPool.commonPool-worker-0] INFO  impl.RaftServerImpl (RaftServerImpl.java:lambda$shutdown$3(252)) - 8aff4af6-6cc7-479f-9fca-879319b0e7e4@group-CAC960E322AB: shutdown
2020-07-20 08:36:04,442 [ForkJoinPool.commonPool-worker-0] INFO  util.JmxRegister (JmxRegister.java:unregister(73)) - Successfully un-registered JMX Bean with object name Ratis:service=RaftServer,group=group-CAC960E322AB,id=8aff4af6-6cc7-479f-9fca-879319b0e7e4
2020-07-20 08:36:04,443 [ForkJoinPool.commonPool-worker-0] INFO  impl.RoleInfo (RoleInfo.java:shutdownLeaderState(104)) - 8aff4af6-6cc7-479f-9fca-879319b0e7e4: shutdown LeaderState
2020-07-20 08:36:04,443 [ForkJoinPool.commonPool-worker-0] INFO  impl.PendingRequests (PendingRequests.java:sendNotLeaderResponses(249)) - 8aff4af6-6cc7-479f-9fca-879319b0e7e4@group-CAC960E322AB-PendingRequests: sendNotLeaderResponses
2020-07-20 08:36:04,443 [ForkJoinPool.commonPool-worker-0] INFO  metrics.RatisMetrics (RatisMetrics.java:unregister(43)) - Unregistering Metrics Registry : ratis.log_appender.8aff4af6-6cc7-479f-9fca-879319b0e7e4@group-CAC960E322AB
2020-07-20 08:36:04,443 [ForkJoinPool.commonPool-worker-0] INFO  metrics.RatisMetrics (RatisMetrics.java:unregister(43)) - Unregistering Metrics Registry : ratis.server.8aff4af6-6cc7-479f-9fca-879319b0e7e4@group-CAC960E322AB
2020-07-20 08:36:04,444 [ForkJoinPool.commonPool-worker-0] INFO  impl.StateMachineUpdater (StateMachineUpdater.java:stopAndJoin(142)) - 8aff4af6-6cc7-479f-9fca-879319b0e7e4@group-CAC960E322AB-StateMachineUpdater: set stopIndex = 0
2020-07-20 08:36:04,444 [8aff4af6-6cc7-479f-9fca-879319b0e7e4@group-CAC960E322AB-StateMachineUpdater] INFO  ratis.ContainerStateMachine (ContainerStateMachine.java:takeSnapshot(293)) - group-CAC960E322AB: Taking a snapshot at:(t:1, i:0) file /github/workspace/mnt/ozone/hadoop-ozone/integration-test/target/test-dir/MiniOzoneClusterImpl-77fe6979-9426-4b74-982f-524262e25198/datanode-0/data/ratis/ef12d9c4-cb08-4b58-8f77-cac960e322ab/sm/snapshot.1_0
2020-07-20 08:36:04,445 [8aff4af6-6cc7-479f-9fca-879319b0e7e4@group-CAC960E322AB-StateMachineUpdater] INFO  ratis.ContainerStateMachine (ContainerStateMachine.java:takeSnapshot(304)) - group-CAC960E322AB: Finished taking a snapshot at:(t:1, i:0) file:/github/workspace/mnt/ozone/hadoop-ozone/integration-test/target/test-dir/MiniOzoneClusterImpl-77fe6979-9426-4b74-982f-524262e25198/datanode-0/data/ratis/ef12d9c4-cb08-4b58-8f77-cac960e322ab/sm/snapshot.1_0 time:1
2020-07-20 08:36:04,445 [8aff4af6-6cc7-479f-9fca-879319b0e7e4@group-CAC960E322AB-StateMachineUpdater] INFO  impl.StateMachineUpdater (StateMachineUpdater.java:takeSnapshot(277)) - 8aff4af6-6cc7-479f-9fca-879319b0e7e4@group-CAC960E322AB-StateMachineUpdater: Took a snapshot at index 0
2020-07-20 08:36:04,445 [8aff4af6-6cc7-479f-9fca-879319b0e7e4@group-CAC960E322AB-StateMachineUpdater] INFO  impl.StateMachineUpdater (StateMachineUpdater.java:lambda$new$0(87)) - 8aff4af6-6cc7-479f-9fca-879319b0e7e4@group-CAC960E322AB-StateMachineUpdater: snapshotIndex: updateIncreasingly -1 -> 0
2020-07-20 08:36:04,445 [8aff4af6-6cc7-479f-9fca-879319b0e7e4@group-CAC960E322AB-StateMachineUpdater] INFO  metrics.RatisMetrics (RatisMetrics.java:unregister(43)) - Unregistering Metrics Registry : ratis.state_machine.8aff4af6-6cc7-479f-9fca-879319b0e7e4@group-CAC960E322AB
2020-07-20 08:36:04,446 [ForkJoinPool.commonPool-worker-0] INFO  impl.RaftServerImpl (ServerState.java:close(387)) - 8aff4af6-6cc7-479f-9fca-879319b0e7e4@group-CAC960E322AB: closes. applyIndex: 0
2020-07-20 08:36:04,446 [8aff4af6-6cc7-479f-9fca-879319b0e7e4@group-CAC960E322AB-SegmentedRaftLogWorker] INFO  segmented.SegmentedRaftLogWorker (SegmentedRaftLogWorker.java:run(327)) - 8aff4af6-6cc7-479f-9fca-879319b0e7e4@group-CAC960E322AB-SegmentedRaftLogWorker was interrupted, exiting. There are 0 tasks remaining in the queue.
2020-07-20 08:36:04,446 [ForkJoinPool.commonPool-worker-0] INFO  segmented.SegmentedRaftLogWorker (SegmentedRaftLogWorker.java:close(234)) - 8aff4af6-6cc7-479f-9fca-879319b0e7e4@group-CAC960E322AB-SegmentedRaftLogWorker close()
2020-07-20 08:36:04,447 [ForkJoinPool.commonPool-worker-0] INFO  metrics.RatisMetrics (RatisMetrics.java:unregister(43)) - Unregistering Metrics Registry : ratis.log_worker.8aff4af6-6cc7-479f-9fca-879319b0e7e4@group-CAC960E322AB
2020-07-20 08:36:04,447 [ForkJoinPool.commonPool-worker-0] INFO  metrics.RatisMetrics (RatisMetrics.java:unregister(43)) - Unregistering Metrics Registry : ratis.leader_election.8aff4af6-6cc7-479f-9fca-879319b0e7e4@group-CAC960E322AB
2020-07-20 08:36:04,447 [ForkJoinPool.commonPool-worker-0] INFO  metrics.RatisMetrics (RatisMetrics.java:unregister(43)) - Unregistering Metrics Registry : ratis.server.8aff4af6-6cc7-479f-9fca-879319b0e7e4@group-CAC960E322AB
2020-07-20 08:36:04,448 [ForkJoinPool.commonPool-worker-0] INFO  impl.RaftServerImpl (RaftServerImpl.java:lambda$shutdown$3(252)) - 8aff4af6-6cc7-479f-9fca-879319b0e7e4@group-75B56BA316C6: shutdown
2020-07-20 08:36:04,448 [ForkJoinPool.commonPool-worker-0] INFO  util.JmxRegister (JmxRegister.java:unregister(73)) - Successfully un-registered JMX Bean with object name Ratis:service=RaftServer,group=group-75B56BA316C6,id=8aff4af6-6cc7-479f-9fca-879319b0e7e4
2020-07-20 08:36:04,448 [ForkJoinPool.commonPool-worker-0] INFO  impl.RoleInfo (RoleInfo.java:shutdownLeaderState(104)) - 8aff4af6-6cc7-479f-9fca-879319b0e7e4: shutdown LeaderState
2020-07-20 08:36:04,448 [ForkJoinPool.commonPool-worker-0] INFO  metrics.RatisMetrics (RatisMetrics.java:unregister(43)) - Unregistering Metrics Registry : ratis_grpc.log_appender.8aff4af6-6cc7-479f-9fca-879319b0e7e4@group-75B56BA316C6
2020-07-20 08:36:04,449 [ForkJoinPool.commonPool-worker-0] INFO  metrics.RatisMetrics (RatisMetrics.java:unregister(43)) - Unregistering Metrics Registry : ratis_grpc.log_appender.8aff4af6-6cc7-479f-9fca-879319b0e7e4@group-75B56BA316C6
2020-07-20 08:36:04,449 [org.apache.ratis.server.impl.LogAppender$AppenderDaemon$$Lambda$460/2094247135@4b8eb3da] WARN  server.GrpcLogAppender (GrpcLogAppender.java:mayWait(153)) - 8aff4af6-6cc7-479f-9fca-879319b0e7e4@group-75B56BA316C6->d7c912f8-2b11-470a-8112-2e2f3de1c844-GrpcLogAppender: Wait interrupted by java.lang.InterruptedException
2020-07-20 08:36:04,449 [ForkJoinPool.commonPool-worker-0] INFO  impl.PendingRequests (PendingRequests.java:sendNotLeaderResponses(249)) - 8aff4af6-6cc7-479f-9fca-879319b0e7e4@group-75B56BA316C6-PendingRequests: sendNotLeaderResponses
2020-07-20 08:36:04,449 [org.apache.ratis.server.impl.LogAppender$AppenderDaemon$$Lambda$460/2094247135@7080fc2b] WARN  server.GrpcLogAppender (GrpcLogAppender.java:mayWait(153)) - 8aff4af6-6cc7-479f-9fca-879319b0e7e4@group-75B56BA316C6->7cb3e755-c8bb-4f00-be15-bc5c4dd112b5-GrpcLogAppender: Wait interrupted by java.lang.InterruptedException
2020-07-20 08:36:04,451 [ForkJoinPool.commonPool-worker-0] INFO  metrics.RatisMetrics (RatisMetrics.java:unregister(43)) - Unregistering Metrics Registry : ratis.log_appender.8aff4af6-6cc7-479f-9fca-879319b0e7e4@group-75B56BA316C6
2020-07-20 08:36:04,452 [ForkJoinPool.commonPool-worker-0] INFO  metrics.RatisMetrics (RatisMetrics.java:unregister(43)) - Unregistering Metrics Registry : ratis.server.8aff4af6-6cc7-479f-9fca-879319b0e7e4@group-75B56BA316C6
2020-07-20 08:36:04,453 [ForkJoinPool.commonPool-worker-0] INFO  impl.StateMachineUpdater (StateMachineUpdater.java:stopAndJoin(142)) - 8aff4af6-6cc7-479f-9fca-879319b0e7e4@group-75B56BA316C6-StateMachineUpdater: set stopIndex = 12
2020-07-20 08:36:04,453 [8aff4af6-6cc7-479f-9fca-879319b0e7e4@group-75B56BA316C6-StateMachineUpdater] INFO  ratis.ContainerStateMachine (ContainerStateMachine.java:takeSnapshot(293)) - group-75B56BA316C6: Taking a snapshot at:(t:1, i:12) file /github/workspace/mnt/ozone/hadoop-ozone/integration-test/target/test-dir/MiniOzoneClusterImpl-77fe6979-9426-4b74-982f-524262e25198/datanode-0/data/ratis/f9bee2f1-1abd-48d4-ab94-75b56ba316c6/sm/snapshot.1_12
2020-07-20 08:36:04,454 [8aff4af6-6cc7-479f-9fca-879319b0e7e4@group-75B56BA316C6-StateMachineUpdater] INFO  ratis.ContainerStateMachine (ContainerStateMachine.java:takeSnapshot(304)) - group-75B56BA316C6: Finished taking a snapshot at:(t:1, i:12) file:/github/workspace/mnt/ozone/hadoop-ozone/integration-test/target/test-dir/MiniOzoneClusterImpl-77fe6979-9426-4b74-982f-524262e25198/datanode-0/data/ratis/f9bee2f1-1abd-48d4-ab94-75b56ba316c6/sm/snapshot.1_12 time:1
2020-07-20 08:36:04,454 [8aff4af6-6cc7-479f-9fca-879319b0e7e4@group-75B56BA316C6-StateMachineUpdater] INFO  impl.StateMachineUpdater (StateMachineUpdater.java:takeSnapshot(277)) - 8aff4af6-6cc7-479f-9fca-879319b0e7e4@group-75B56BA316C6-StateMachineUpdater: Took a snapshot at index 12
2020-07-20 08:36:04,454 [8aff4af6-6cc7-479f-9fca-879319b0e7e4@group-75B56BA316C6-StateMachineUpdater] INFO  impl.StateMachineUpdater (StateMachineUpdater.java:lambda$new$0(87)) - 8aff4af6-6cc7-479f-9fca-879319b0e7e4@group-75B56BA316C6-StateMachineUpdater: snapshotIndex: updateIncreasingly -1 -> 12
2020-07-20 08:36:04,454 [8aff4af6-6cc7-479f-9fca-879319b0e7e4@group-75B56BA316C6-StateMachineUpdater] INFO  metrics.RatisMetrics (RatisMetrics.java:unregister(43)) - Unregistering Metrics Registry : ratis.state_machine.8aff4af6-6cc7-479f-9fca-879319b0e7e4@group-75B56BA316C6
2020-07-20 08:36:04,455 [ForkJoinPool.commonPool-worker-0] INFO  impl.RaftServerImpl (ServerState.java:close(387)) - 8aff4af6-6cc7-479f-9fca-879319b0e7e4@group-75B56BA316C6: closes. applyIndex: 12
2020-07-20 08:36:04,455 [8aff4af6-6cc7-479f-9fca-879319b0e7e4@group-75B56BA316C6-SegmentedRaftLogWorker] INFO  segmented.SegmentedRaftLogWorker (SegmentedRaftLogWorker.java:run(327)) - 8aff4af6-6cc7-479f-9fca-879319b0e7e4@group-75B56BA316C6-SegmentedRaftLogWorker was interrupted, exiting. There are 0 tasks remaining in the queue.
2020-07-20 08:36:04,455 [ForkJoinPool.commonPool-worker-0] INFO  segmented.SegmentedRaftLogWorker (SegmentedRaftLogWorker.java:close(234)) - 8aff4af6-6cc7-479f-9fca-879319b0e7e4@group-75B56BA316C6-SegmentedRaftLogWorker close()
2020-07-20 08:36:04,456 [ForkJoinPool.commonPool-worker-0] INFO  metrics.RatisMetrics (RatisMetrics.java:unregister(43)) - Unregistering Metrics Registry : ratis.log_worker.8aff4af6-6cc7-479f-9fca-879319b0e7e4@group-75B56BA316C6
2020-07-20 08:36:04,456 [ForkJoinPool.commonPool-worker-0] INFO  metrics.RatisMetrics (RatisMetrics.java:unregister(43)) - Unregistering Metrics Registry : ratis.leader_election.8aff4af6-6cc7-479f-9fca-879319b0e7e4@group-75B56BA316C6
2020-07-20 08:36:04,456 [ForkJoinPool.commonPool-worker-0] INFO  metrics.RatisMetrics (RatisMetrics.java:unregister(43)) - Unregistering Metrics Registry : ratis.server.8aff4af6-6cc7-479f-9fca-879319b0e7e4@group-75B56BA316C6
2020-07-20 08:36:04,456 [ForkJoinPool.commonPool-worker-0] INFO  impl.RaftServerImpl (RaftServerImpl.java:lambda$shutdown$3(252)) - 8aff4af6-6cc7-479f-9fca-879319b0e7e4@group-B98AA3197BE4: shutdown
2020-07-20 08:36:04,456 [ForkJoinPool.commonPool-worker-0] INFO  util.JmxRegister (JmxRegister.java:unregister(73)) - Successfully un-registered JMX Bean with object name Ratis:service=RaftServer,group=group-B98AA3197BE4,id=8aff4af6-6cc7-479f-9fca-879319b0e7e4
2020-07-20 08:36:04,456 [ForkJoinPool.commonPool-worker-0] INFO  impl.RoleInfo (RoleInfo.java:shutdownLeaderState(104)) - 8aff4af6-6cc7-479f-9fca-879319b0e7e4: shutdown LeaderState
2020-07-20 08:36:04,456 [ForkJoinPool.commonPool-worker-0] INFO  metrics.RatisMetrics (RatisMetrics.java:unregister(43)) - Unregistering Metrics Registry : ratis_grpc.log_appender.8aff4af6-6cc7-479f-9fca-879319b0e7e4@group-B98AA3197BE4
2020-07-20 08:36:04,457 [ForkJoinPool.commonPool-worker-0] INFO  metrics.RatisMetrics (RatisMetrics.java:unregister(43)) - Unregistering Metrics Registry : ratis_grpc.log_appender.8aff4af6-6cc7-479f-9fca-879319b0e7e4@group-B98AA3197BE4
2020-07-20 08:36:04,457 [org.apache.ratis.server.impl.LogAppender$AppenderDaemon$$Lambda$460/2094247135@18509fc7] WARN  server.GrpcLogAppender (GrpcLogAppender.java:mayWait(153)) - 8aff4af6-6cc7-479f-9fca-879319b0e7e4@group-B98AA3197BE4->d7c912f8-2b11-470a-8112-2e2f3de1c844-GrpcLogAppender: Wait interrupted by java.lang.InterruptedException
2020-07-20 08:36:04,458 [ForkJoinPool.commonPool-worker-0] INFO  impl.PendingRequests (PendingRequests.java:sendNotLeaderResponses(249)) - 8aff4af6-6cc7-479f-9fca-879319b0e7e4@group-B98AA3197BE4-PendingRequests: sendNotLeaderResponses
2020-07-20 08:36:04,458 [org.apache.ratis.server.impl.LogAppender$AppenderDaemon$$Lambda$460/2094247135@6ba172] WARN  server.GrpcLogAppender (GrpcLogAppender.java:mayWait(153)) - 8aff4af6-6cc7-479f-9fca-879319b0e7e4@group-B98AA3197BE4->7cb3e755-c8bb-4f00-be15-bc5c4dd112b5-GrpcLogAppender: Wait interrupted by java.lang.InterruptedException
2020-07-20 08:36:04,458 [ForkJoinPool.commonPool-worker-0] INFO  metrics.RatisMetrics (RatisMetrics.java:unregister(43)) - Unregistering Metrics Registry : ratis.log_appender.8aff4af6-6cc7-479f-9fca-879319b0e7e4@group-B98AA3197BE4
2020-07-20 08:36:04,458 [ForkJoinPool.commonPool-worker-0] INFO  metrics.RatisMetrics (RatisMetrics.java:unregister(43)) - Unregistering Metrics Registry : ratis.server.8aff4af6-6cc7-479f-9fca-879319b0e7e4@group-B98AA3197BE4
2020-07-20 08:36:04,459 [ForkJoinPool.commonPool-worker-0] INFO  impl.StateMachineUpdater (StateMachineUpdater.java:stopAndJoin(142)) - 8aff4af6-6cc7-479f-9fca-879319b0e7e4@group-B98AA3197BE4-StateMachineUpdater: set stopIndex = 0
2020-07-20 08:36:04,460 [8aff4af6-6cc7-479f-9fca-879319b0e7e4@group-B98AA3197BE4-StateMachineUpdater] INFO  ratis.ContainerStateMachine (ContainerStateMachine.java:takeSnapshot(293)) - group-B98AA3197BE4: Taking a snapshot at:(t:1, i:0) file /github/workspace/mnt/ozone/hadoop-ozone/integration-test/target/test-dir/MiniOzoneClusterImpl-77fe6979-9426-4b74-982f-524262e25198/datanode-0/data/ratis/f7c62648-2a61-4adf-bbe9-b98aa3197be4/sm/snapshot.1_0
2020-07-20 08:36:04,460 [8aff4af6-6cc7-479f-9fca-879319b0e7e4@group-B98AA3197BE4-StateMachineUpdater] INFO  ratis.ContainerStateMachine (ContainerStateMachine.java:takeSnapshot(304)) - group-B98AA3197BE4: Finished taking a snapshot at:(t:1, i:0) file:/github/workspace/mnt/ozone/hadoop-ozone/integration-test/target/test-dir/MiniOzoneClusterImpl-77fe6979-9426-4b74-982f-524262e25198/datanode-0/data/ratis/f7c62648-2a61-4adf-bbe9-b98aa3197be4/sm/snapshot.1_0 time:0
2020-07-20 08:36:04,460 [8aff4af6-6cc7-479f-9fca-879319b0e7e4@group-B98AA3197BE4-StateMachineUpdater] INFO  impl.StateMachineUpdater (StateMachineUpdater.java:takeSnapshot(277)) - 8aff4af6-6cc7-479f-9fca-879319b0e7e4@group-B98AA3197BE4-StateMachineUpdater: Took a snapshot at index 0
2020-07-20 08:36:04,460 [8aff4af6-6cc7-479f-9fca-879319b0e7e4@group-B98AA3197BE4-StateMachineUpdater] INFO  impl.StateMachineUpdater (StateMachineUpdater.java:lambda$new$0(87)) - 8aff4af6-6cc7-479f-9fca-879319b0e7e4@group-B98AA3197BE4-StateMachineUpdater: snapshotIndex: updateIncreasingly -1 -> 0
2020-07-20 08:36:04,460 [8aff4af6-6cc7-479f-9fca-879319b0e7e4@group-B98AA3197BE4-StateMachineUpdater] INFO  metrics.RatisMetrics (RatisMetrics.java:unregister(43)) - Unregistering Metrics Registry : ratis.state_machine.8aff4af6-6cc7-479f-9fca-879319b0e7e4@group-B98AA3197BE4
2020-07-20 08:36:04,460 [ForkJoinPool.commonPool-worker-0] INFO  impl.RaftServerImpl (ServerState.java:close(387)) - 8aff4af6-6cc7-479f-9fca-879319b0e7e4@group-B98AA3197BE4: closes. applyIndex: 0
2020-07-20 08:36:04,461 [8aff4af6-6cc7-479f-9fca-879319b0e7e4@group-B98AA3197BE4-SegmentedRaftLogWorker] INFO  segmented.SegmentedRaftLogWorker (SegmentedRaftLogWorker.java:run(327)) - 8aff4af6-6cc7-479f-9fca-879319b0e7e4@group-B98AA3197BE4-SegmentedRaftLogWorker was interrupted, exiting. There are 0 tasks remaining in the queue.
2020-07-20 08:36:04,461 [ForkJoinPool.commonPool-worker-0] INFO  segmented.SegmentedRaftLogWorker (SegmentedRaftLogWorker.java:close(234)) - 8aff4af6-6cc7-479f-9fca-879319b0e7e4@group-B98AA3197BE4-SegmentedRaftLogWorker close()
2020-07-20 08:36:04,461 [ForkJoinPool.commonPool-worker-0] INFO  metrics.RatisMetrics (RatisMetrics.java:unregister(43)) - Unregistering Metrics Registry : ratis.log_worker.8aff4af6-6cc7-479f-9fca-879319b0e7e4@group-B98AA3197BE4
2020-07-20 08:36:04,461 [ForkJoinPool.commonPool-worker-0] INFO  metrics.RatisMetrics (RatisMetrics.java:unregister(43)) - Unregistering Metrics Registry : ratis.leader_election.8aff4af6-6cc7-479f-9fca-879319b0e7e4@group-B98AA3197BE4
2020-07-20 08:36:04,462 [ForkJoinPool.commonPool-worker-0] INFO  metrics.RatisMetrics (RatisMetrics.java:unregister(43)) - Unregistering Metrics Registry : ratis.server.8aff4af6-6cc7-479f-9fca-879319b0e7e4@group-B98AA3197BE4
2020-07-20 08:36:04,462 [ForkJoinPool.commonPool-worker-0] INFO  server.GrpcService (GrpcService.java:closeImpl(166)) - 8aff4af6-6cc7-479f-9fca-879319b0e7e4: shutdown server with port 44873 now
2020-07-20 08:36:04,463 [ForkJoinPool.commonPool-worker-0] INFO  server.GrpcService (GrpcService.java:closeImpl(174)) - 8aff4af6-6cc7-479f-9fca-879319b0e7e4: shutdown server with port 44873 successfully
2020-07-20 08:36:04,464 [ForkJoinPool.commonPool-worker-0] INFO  utils.BackgroundService (BackgroundService.java:shutdown(157)) - Shutting down service BlockDeletingService
2020-07-20 08:36:04,465 [ForkJoinPool.commonPool-worker-0] INFO  statemachine.DatanodeStateMachine (DatanodeStateMachine.java:stopDaemon(428)) - Ozone container server stopped.
2020-07-20 08:36:04,468 [Listener at 127.0.0.1/33185] INFO  ozoneimpl.OzoneContainer (OzoneContainer.java:stop(247)) - Attempting to stop container services.
2020-07-20 08:36:04,468 [Listener at 127.0.0.1/33185] INFO  impl.RaftServerProxy (RaftServerProxy.java:lambda$close$4(319)) - 3919f044-c444-401f-b769-0fe77364d419: close
2020-07-20 08:36:04,469 [Listener at 127.0.0.1/33185] INFO  impl.RaftServerImpl (RaftServerImpl.java:lambda$shutdown$3(252)) - 3919f044-c444-401f-b769-0fe77364d419@group-8621978CD09E: shutdown
2020-07-20 08:36:04,469 [Listener at 127.0.0.1/33185] INFO  util.JmxRegister (JmxRegister.java:unregister(73)) - Successfully un-registered JMX Bean with object name Ratis:service=RaftServer,group=group-8621978CD09E,id=3919f044-c444-401f-b769-0fe77364d419
2020-07-20 08:36:04,469 [Listener at 127.0.0.1/33185] INFO  impl.RoleInfo (RoleInfo.java:shutdownLeaderState(104)) - 3919f044-c444-401f-b769-0fe77364d419: shutdown LeaderState
2020-07-20 08:36:04,469 [Listener at 127.0.0.1/33185] INFO  impl.PendingRequests (PendingRequests.java:sendNotLeaderResponses(249)) - 3919f044-c444-401f-b769-0fe77364d419@group-8621978CD09E-PendingRequests: sendNotLeaderResponses
2020-07-20 08:36:04,469 [Listener at 127.0.0.1/33185] INFO  metrics.RatisMetrics (RatisMetrics.java:unregister(43)) - Unregistering Metrics Registry : ratis.log_appender.3919f044-c444-401f-b769-0fe77364d419@group-8621978CD09E
2020-07-20 08:36:04,469 [Listener at 127.0.0.1/33185] INFO  metrics.RatisMetrics (RatisMetrics.java:unregister(43)) - Unregistering Metrics Registry : ratis.server.3919f044-c444-401f-b769-0fe77364d419@group-8621978CD09E
2020-07-20 08:36:04,470 [Listener at 127.0.0.1/33185] INFO  impl.StateMachineUpdater (StateMachineUpdater.java:stopAndJoin(142)) - 3919f044-c444-401f-b769-0fe77364d419@group-8621978CD09E-StateMachineUpdater: set stopIndex = 0
2020-07-20 08:36:04,471 [3919f044-c444-401f-b769-0fe77364d419@group-8621978CD09E-StateMachineUpdater] INFO  ratis.ContainerStateMachine (ContainerStateMachine.java:takeSnapshot(293)) - group-8621978CD09E: Taking a snapshot at:(t:1, i:0) file /github/workspace/mnt/ozone/hadoop-ozone/integration-test/target/test-dir/MiniOzoneClusterImpl-77fe6979-9426-4b74-982f-524262e25198/datanode-6/data/ratis/a926af43-8811-4f1b-b41f-8621978cd09e/sm/snapshot.1_0
2020-07-20 08:36:04,472 [3919f044-c444-401f-b769-0fe77364d419@group-8621978CD09E-StateMachineUpdater] INFO  ratis.ContainerStateMachine (ContainerStateMachine.java:takeSnapshot(304)) - group-8621978CD09E: Finished taking a snapshot at:(t:1, i:0) file:/github/workspace/mnt/ozone/hadoop-ozone/integration-test/target/test-dir/MiniOzoneClusterImpl-77fe6979-9426-4b74-982f-524262e25198/datanode-6/data/ratis/a926af43-8811-4f1b-b41f-8621978cd09e/sm/snapshot.1_0 time:0
2020-07-20 08:36:04,472 [3919f044-c444-401f-b769-0fe77364d419@group-8621978CD09E-StateMachineUpdater] INFO  impl.StateMachineUpdater (StateMachineUpdater.java:takeSnapshot(277)) - 3919f044-c444-401f-b769-0fe77364d419@group-8621978CD09E-StateMachineUpdater: Took a snapshot at index 0
2020-07-20 08:36:04,472 [3919f044-c444-401f-b769-0fe77364d419@group-8621978CD09E-StateMachineUpdater] INFO  impl.StateMachineUpdater (StateMachineUpdater.java:lambda$new$0(87)) - 3919f044-c444-401f-b769-0fe77364d419@group-8621978CD09E-StateMachineUpdater: snapshotIndex: updateIncreasingly -1 -> 0
2020-07-20 08:36:04,472 [3919f044-c444-401f-b769-0fe77364d419@group-8621978CD09E-StateMachineUpdater] INFO  metrics.RatisMetrics (RatisMetrics.java:unregister(43)) - Unregistering Metrics Registry : ratis.state_machine.3919f044-c444-401f-b769-0fe77364d419@group-8621978CD09E
2020-07-20 08:36:04,472 [Listener at 127.0.0.1/33185] INFO  impl.RaftServerImpl (ServerState.java:close(387)) - 3919f044-c444-401f-b769-0fe77364d419@group-8621978CD09E: closes. applyIndex: 0
2020-07-20 08:36:04,472 [3919f044-c444-401f-b769-0fe77364d419@group-8621978CD09E-SegmentedRaftLogWorker] INFO  segmented.SegmentedRaftLogWorker (SegmentedRaftLogWorker.java:run(327)) - 3919f044-c444-401f-b769-0fe77364d419@group-8621978CD09E-SegmentedRaftLogWorker was interrupted, exiting. There are 0 tasks remaining in the queue.
2020-07-20 08:36:04,472 [Listener at 127.0.0.1/33185] INFO  segmented.SegmentedRaftLogWorker (SegmentedRaftLogWorker.java:close(234)) - 3919f044-c444-401f-b769-0fe77364d419@group-8621978CD09E-SegmentedRaftLogWorker close()
2020-07-20 08:36:04,473 [Listener at 127.0.0.1/33185] INFO  metrics.RatisMetrics (RatisMetrics.java:unregister(43)) - Unregistering Metrics Registry : ratis.log_worker.3919f044-c444-401f-b769-0fe77364d419@group-8621978CD09E
2020-07-20 08:36:04,473 [Listener at 127.0.0.1/33185] INFO  metrics.RatisMetrics (RatisMetrics.java:unregister(43)) - Unregistering Metrics Registry : ratis.leader_election.3919f044-c444-401f-b769-0fe77364d419@group-8621978CD09E
2020-07-20 08:36:04,473 [Listener at 127.0.0.1/33185] INFO  metrics.RatisMetrics (RatisMetrics.java:unregister(43)) - Unregistering Metrics Registry : ratis.server.3919f044-c444-401f-b769-0fe77364d419@group-8621978CD09E
2020-07-20 08:36:04,474 [Listener at 127.0.0.1/33185] INFO  server.GrpcService (GrpcService.java:closeImpl(166)) - 3919f044-c444-401f-b769-0fe77364d419: shutdown server with port 35003 now
2020-07-20 08:36:04,474 [Listener at 127.0.0.1/33185] INFO  server.GrpcService (GrpcService.java:closeImpl(174)) - 3919f044-c444-401f-b769-0fe77364d419: shutdown server with port 35003 successfully
2020-07-20 08:36:04,475 [Listener at 127.0.0.1/33185] INFO  utils.BackgroundService (BackgroundService.java:shutdown(157)) - Shutting down service BlockDeletingService
2020-07-20 08:36:04,477 [Listener at 127.0.0.1/33185] INFO  statemachine.DatanodeStateMachine (DatanodeStateMachine.java:stopDaemon(428)) - Ozone container server stopped.
2020-07-20 08:36:04,485 [ForkJoinPool.commonPool-worker-0] INFO  handler.ContextHandler (ContextHandler.java:doStop(1016)) - Stopped o.e.j.w.WebAppContext@4ea73979{hddsDatanode,/,null,UNAVAILABLE}{jar:file:/home/user/.m2/repository/org/apache/hadoop/hadoop-hdds-container-service/0.6.0-SNAPSHOT/hadoop-hdds-container-service-0.6.0-SNAPSHOT.jar!/webapps/hddsDatanode}
2020-07-20 08:36:04,486 [Listener at 127.0.0.1/33185] INFO  handler.ContextHandler (ContextHandler.java:doStop(1016)) - Stopped o.e.j.w.WebAppContext@48d9bd34{hddsDatanode,/,null,UNAVAILABLE}{jar:file:/home/user/.m2/repository/org/apache/hadoop/hadoop-hdds-container-service/0.6.0-SNAPSHOT/hadoop-hdds-container-service-0.6.0-SNAPSHOT.jar!/webapps/hddsDatanode}
2020-07-20 08:36:04,486 [ForkJoinPool.commonPool-worker-0] INFO  server.AbstractConnector (AbstractConnector.java:doStop(380)) - Stopped ServerConnector@1ec47d90{HTTP/1.1,[http/1.1]}{0.0.0.0:0}
2020-07-20 08:36:04,486 [ForkJoinPool.commonPool-worker-0] INFO  server.session (HouseKeeper.java:stopScavenging(158)) - node0 Stopped scavenging
2020-07-20 08:36:04,487 [Listener at 127.0.0.1/33185] INFO  server.AbstractConnector (AbstractConnector.java:doStop(380)) - Stopped ServerConnector@77eee118{HTTP/1.1,[http/1.1]}{0.0.0.0:0}
2020-07-20 08:36:04,487 [Listener at 127.0.0.1/33185] INFO  server.session (HouseKeeper.java:stopScavenging(158)) - node0 Stopped scavenging
2020-07-20 08:36:04,487 [Listener at 127.0.0.1/33185] INFO  handler.ContextHandler (ContextHandler.java:doStop(1016)) - Stopped o.e.j.s.ServletContextHandler@1db533c1{static,/static,jar:file:/home/user/.m2/repository/org/apache/hadoop/hadoop-hdds-container-service/0.6.0-SNAPSHOT/hadoop-hdds-container-service-0.6.0-SNAPSHOT.jar!/webapps/static,UNAVAILABLE}
2020-07-20 08:36:04,487 [ForkJoinPool.commonPool-worker-0] INFO  handler.ContextHandler (ContextHandler.java:doStop(1016)) - Stopped o.e.j.s.ServletContextHandler@5a53f1ab{static,/static,jar:file:/home/user/.m2/repository/org/apache/hadoop/hadoop-hdds-container-service/0.6.0-SNAPSHOT/hadoop-hdds-container-service-0.6.0-SNAPSHOT.jar!/webapps/static,UNAVAILABLE}
2020-07-20 08:36:04,488 [Listener at 127.0.0.1/33185] INFO  handler.ContextHandler (ContextHandler.java:doStop(1016)) - Stopped o.e.j.s.ServletContextHandler@3b360dc4{logs,/logs,file:///github/workspace/mnt/ozone/hadoop-ozone/integration-test/target/log,UNAVAILABLE}
2020-07-20 08:36:04,489 [ForkJoinPool.commonPool-worker-0] INFO  handler.ContextHandler (ContextHandler.java:doStop(1016)) - Stopped o.e.j.s.ServletContextHandler@30669a51{logs,/logs,file:///github/workspace/mnt/ozone/hadoop-ozone/integration-test/target/log,UNAVAILABLE}
2020-07-20 08:36:05,106 [Datanode State Machine Thread - 0] INFO  statemachine.DatanodeStateMachine (DatanodeStateMachine.java:lambda$startDaemon$0(380)) - Ozone container server started.
2020-07-20 08:36:09,227 [EventQueue-DeadNodeForDeadNodeHandler] INFO  pipeline.SCMPipelineManager (SCMPipelineManager.java:finalizeAndDestroyPipeline(450)) - Destroying pipeline:Pipeline[ Id: 8ee1dee4-40ce-41a1-8fc0-58530e919918, Nodes: be0851b3-0322-40a6-8ce8-d00f153a9faf{ip: 172.17.0.2, host: 795ad43b6c28, networkLocation: /default-rack, certSerialId: null}, Type:RATIS, Factor:ONE, State:CLOSED, leaderId:be0851b3-0322-40a6-8ce8-d00f153a9faf, CreationTimestamp2020-07-20T08:35:30.891Z]
2020-07-20 08:36:09,227 [EventQueue-DeadNodeForDeadNodeHandler] INFO  pipeline.RatisPipelineProvider (RatisPipelineProvider.java:lambda$close$1(176)) - Send pipeline:PipelineID=8ee1dee4-40ce-41a1-8fc0-58530e919918 close command to datanode be0851b3-0322-40a6-8ce8-d00f153a9faf
2020-07-20 08:36:09,228 [EventQueue-DeadNodeForDeadNodeHandler] INFO  pipeline.PipelineStateManager (PipelineStateManager.java:removePipeline(105)) - Pipeline Pipeline[ Id: 8ee1dee4-40ce-41a1-8fc0-58530e919918, Nodes: be0851b3-0322-40a6-8ce8-d00f153a9faf{ip: 172.17.0.2, host: 795ad43b6c28, networkLocation: /default-rack, certSerialId: null}, Type:RATIS, Factor:ONE, State:CLOSED, leaderId:be0851b3-0322-40a6-8ce8-d00f153a9faf, CreationTimestamp2020-07-20T08:35:30.891Z] removed from db
2020-07-20 08:36:09,228 [EventQueue-DeadNodeForDeadNodeHandler] INFO  pipeline.SCMPipelineManager (SCMPipelineManager.java:finalizeAndDestroyPipeline(450)) - Destroying pipeline:Pipeline[ Id: 880b83f7-33db-4677-b2a6-810b540ded91, Nodes: 2385bf93-00fb-4b21-a15d-4691d542b867{ip: 172.17.0.2, host: 795ad43b6c28, networkLocation: /default-rack, certSerialId: null}a427f57b-033e-4f4a-af2c-a26eb345c30a{ip: 172.17.0.2, host: 795ad43b6c28, networkLocation: /default-rack, certSerialId: null}be0851b3-0322-40a6-8ce8-d00f153a9faf{ip: 172.17.0.2, host: 795ad43b6c28, networkLocation: /default-rack, certSerialId: null}, Type:RATIS, Factor:THREE, State:CLOSED, leaderId:2385bf93-00fb-4b21-a15d-4691d542b867, CreationTimestamp2020-07-20T08:35:31.035Z]
2020-07-20 08:36:09,228 [RatisPipelineUtilsThread] ERROR pipeline.SCMPipelineManager (SCMPipelineManager.java:createPipeline(275)) - Failed to create pipeline of type RATIS and factor ONE. Exception: Cannot create pipeline of factor 1 using 0 nodes. Used 3 nodes. Healthy nodes 3
2020-07-20 08:36:09,229 [EventQueue-DeadNodeForDeadNodeHandler] INFO  pipeline.RatisPipelineProvider (RatisPipelineProvider.java:lambda$close$1(176)) - Send pipeline:PipelineID=880b83f7-33db-4677-b2a6-810b540ded91 close command to datanode 2385bf93-00fb-4b21-a15d-4691d542b867
2020-07-20 08:36:09,229 [RatisPipelineUtilsThread] INFO  pipeline.RatisPipelineProvider (RatisPipelineProvider.java:lambda$create$0(138)) - Sending CreatePipelineCommand for pipeline:PipelineID=cba37b0a-865f-40ce-8216-6931683224d1 to datanode:a427f57b-033e-4f4a-af2c-a26eb345c30a
2020-07-20 08:36:09,229 [RatisPipelineUtilsThread] INFO  pipeline.RatisPipelineProvider (RatisPipelineProvider.java:lambda$create$0(138)) - Sending CreatePipelineCommand for pipeline:PipelineID=cba37b0a-865f-40ce-8216-6931683224d1 to datanode:3919f044-c444-401f-b769-0fe77364d419
2020-07-20 08:36:09,229 [RatisPipelineUtilsThread] INFO  pipeline.RatisPipelineProvider (RatisPipelineProvider.java:lambda$create$0(138)) - Sending CreatePipelineCommand for pipeline:PipelineID=cba37b0a-865f-40ce-8216-6931683224d1 to datanode:8aff4af6-6cc7-479f-9fca-879319b0e7e4
2020-07-20 08:36:09,229 [EventQueue-DeadNodeForDeadNodeHandler] INFO  pipeline.RatisPipelineProvider (RatisPipelineProvider.java:lambda$close$1(176)) - Send pipeline:PipelineID=880b83f7-33db-4677-b2a6-810b540ded91 close command to datanode a427f57b-033e-4f4a-af2c-a26eb345c30a
2020-07-20 08:36:09,229 [EventQueue-DeadNodeForDeadNodeHandler] INFO  pipeline.RatisPipelineProvider (RatisPipelineProvider.java:lambda$close$1(176)) - Send pipeline:PipelineID=880b83f7-33db-4677-b2a6-810b540ded91 close command to datanode be0851b3-0322-40a6-8ce8-d00f153a9faf
2020-07-20 08:36:09,229 [RatisPipelineUtilsThread] INFO  pipeline.PipelineStateManager (PipelineStateManager.java:addPipeline(54)) - Created pipeline Pipeline[ Id: cba37b0a-865f-40ce-8216-6931683224d1, Nodes: a427f57b-033e-4f4a-af2c-a26eb345c30a{ip: 172.17.0.2, host: 795ad43b6c28, networkLocation: /default-rack, certSerialId: null}3919f044-c444-401f-b769-0fe77364d419{ip: 172.17.0.2, host: 795ad43b6c28, networkLocation: /default-rack, certSerialId: null}8aff4af6-6cc7-479f-9fca-879319b0e7e4{ip: 172.17.0.2, host: 795ad43b6c28, networkLocation: /default-rack, certSerialId: null}, Type:RATIS, Factor:THREE, State:ALLOCATED, leaderId:, CreationTimestamp2020-07-20T08:36:09.229Z]
2020-07-20 08:36:09,229 [RatisPipelineUtilsThread] INFO  pipeline.RatisPipelineProvider (RatisPipelineProvider.java:lambda$create$0(138)) - Sending CreatePipelineCommand for pipeline:PipelineID=5442cee7-8508-4ca2-bfe6-67112b37bfe3 to datanode:a427f57b-033e-4f4a-af2c-a26eb345c30a
2020-07-20 08:36:09,229 [RatisPipelineUtilsThread] INFO  pipeline.RatisPipelineProvider (RatisPipelineProvider.java:lambda$create$0(138)) - Sending CreatePipelineCommand for pipeline:PipelineID=5442cee7-8508-4ca2-bfe6-67112b37bfe3 to datanode:3919f044-c444-401f-b769-0fe77364d419
2020-07-20 08:36:09,229 [RatisPipelineUtilsThread] INFO  pipeline.RatisPipelineProvider (RatisPipelineProvider.java:lambda$create$0(138)) - Sending CreatePipelineCommand for pipeline:PipelineID=5442cee7-8508-4ca2-bfe6-67112b37bfe3 to datanode:8aff4af6-6cc7-479f-9fca-879319b0e7e4
2020-07-20 08:36:09,230 [RatisPipelineUtilsThread] INFO  pipeline.PipelineStateManager (PipelineStateManager.java:addPipeline(54)) - Created pipeline Pipeline[ Id: 5442cee7-8508-4ca2-bfe6-67112b37bfe3, Nodes: a427f57b-033e-4f4a-af2c-a26eb345c30a{ip: 172.17.0.2, host: 795ad43b6c28, networkLocation: /default-rack, certSerialId: null}3919f044-c444-401f-b769-0fe77364d419{ip: 172.17.0.2, host: 795ad43b6c28, networkLocation: /default-rack, certSerialId: null}8aff4af6-6cc7-479f-9fca-879319b0e7e4{ip: 172.17.0.2, host: 795ad43b6c28, networkLocation: /default-rack, certSerialId: null}, Type:RATIS, Factor:THREE, State:ALLOCATED, leaderId:, CreationTimestamp2020-07-20T08:36:09.229Z]
2020-07-20 08:36:09,230 [RatisPipelineUtilsThread] INFO  pipeline.SCMPipelineManager (SCMPipelineManager.java:recordMetricsForPipeline(240)) - Pipeline: PipelineID=5442cee7-8508-4ca2-bfe6-67112b37bfe3 contains same datanodes as previous pipelines: PipelineID=cba37b0a-865f-40ce-8216-6931683224d1 nodeIds: a427f57b-033e-4f4a-af2c-a26eb345c30a, 3919f044-c444-401f-b769-0fe77364d419, 8aff4af6-6cc7-479f-9fca-879319b0e7e4
2020-07-20 08:36:09,230 [RatisPipelineUtilsThread] ERROR pipeline.SCMPipelineManager (SCMPipelineManager.java:createPipeline(275)) - Failed to create pipeline of type RATIS and factor THREE. Exception: Pipeline creation failed because nodes are engaged in other pipelines and every node can only be engaged in max 3 pipelines. Required 3. Found 0
2020-07-20 08:36:09,230 [EventQueue-DeadNodeForDeadNodeHandler] INFO  pipeline.PipelineStateManager (PipelineStateManager.java:removePipeline(105)) - Pipeline Pipeline[ Id: 880b83f7-33db-4677-b2a6-810b540ded91, Nodes: 2385bf93-00fb-4b21-a15d-4691d542b867{ip: 172.17.0.2, host: 795ad43b6c28, networkLocation: /default-rack, certSerialId: null}a427f57b-033e-4f4a-af2c-a26eb345c30a{ip: 172.17.0.2, host: 795ad43b6c28, networkLocation: /default-rack, certSerialId: null}be0851b3-0322-40a6-8ce8-d00f153a9faf{ip: 172.17.0.2, host: 795ad43b6c28, networkLocation: /default-rack, certSerialId: null}, Type:RATIS, Factor:THREE, State:CLOSED, leaderId:2385bf93-00fb-4b21-a15d-4691d542b867, CreationTimestamp2020-07-20T08:35:31.035Z] removed from db
2020-07-20 08:36:09,230 [EventQueue-DeadNodeForDeadNodeHandler] INFO  pipeline.SCMPipelineManager (SCMPipelineManager.java:finalizeAndDestroyPipeline(450)) - Destroying pipeline:Pipeline[ Id: f1e6931a-3535-455b-b0ea-f7b35d7d5d69, Nodes: 2385bf93-00fb-4b21-a15d-4691d542b867{ip: 172.17.0.2, host: 795ad43b6c28, networkLocation: /default-rack, certSerialId: null}a427f57b-033e-4f4a-af2c-a26eb345c30a{ip: 172.17.0.2, host: 795ad43b6c28, networkLocation: /default-rack, certSerialId: null}be0851b3-0322-40a6-8ce8-d00f153a9faf{ip: 172.17.0.2, host: 795ad43b6c28, networkLocation: /default-rack, certSerialId: null}, Type:RATIS, Factor:THREE, State:CLOSED, leaderId:2385bf93-00fb-4b21-a15d-4691d542b867, CreationTimestamp2020-07-20T08:35:31.035Z]
2020-07-20 08:36:09,231 [RatisPipelineUtilsThread] ERROR pipeline.SCMPipelineManager (SCMPipelineManager.java:createPipeline(275)) - Failed to create pipeline of type RATIS and factor ONE. Exception: Cannot create pipeline of factor 1 using 0 nodes. Used 3 nodes. Healthy nodes 3
2020-07-20 08:36:09,231 [EventQueue-DeadNodeForDeadNodeHandler] INFO  pipeline.RatisPipelineProvider (RatisPipelineProvider.java:lambda$close$1(176)) - Send pipeline:PipelineID=f1e6931a-3535-455b-b0ea-f7b35d7d5d69 close command to datanode 2385bf93-00fb-4b21-a15d-4691d542b867
2020-07-20 08:36:09,231 [RatisPipelineUtilsThread] ERROR pipeline.SCMPipelineManager (SCMPipelineManager.java:createPipeline(275)) - Failed to create pipeline of type RATIS and factor THREE. Exception: Pipeline creation failed because nodes are engaged in other pipelines and every node can only be engaged in max 3 pipelines. Required 3. Found 0
2020-07-20 08:36:09,231 [EventQueue-DeadNodeForDeadNodeHandler] INFO  pipeline.RatisPipelineProvider (RatisPipelineProvider.java:lambda$close$1(176)) - Send pipeline:PipelineID=f1e6931a-3535-455b-b0ea-f7b35d7d5d69 close command to datanode a427f57b-033e-4f4a-af2c-a26eb345c30a
2020-07-20 08:36:09,231 [EventQueue-DeadNodeForDeadNodeHandler] INFO  pipeline.RatisPipelineProvider (RatisPipelineProvider.java:lambda$close$1(176)) - Send pipeline:PipelineID=f1e6931a-3535-455b-b0ea-f7b35d7d5d69 close command to datanode be0851b3-0322-40a6-8ce8-d00f153a9faf
2020-07-20 08:36:09,231 [EventQueue-DeadNodeForDeadNodeHandler] INFO  pipeline.PipelineStateManager (PipelineStateManager.java:removePipeline(105)) - Pipeline Pipeline[ Id: f1e6931a-3535-455b-b0ea-f7b35d7d5d69, Nodes: 2385bf93-00fb-4b21-a15d-4691d542b867{ip: 172.17.0.2, host: 795ad43b6c28, networkLocation: /default-rack, certSerialId: null}a427f57b-033e-4f4a-af2c-a26eb345c30a{ip: 172.17.0.2, host: 795ad43b6c28, networkLocation: /default-rack, certSerialId: null}be0851b3-0322-40a6-8ce8-d00f153a9faf{ip: 172.17.0.2, host: 795ad43b6c28, networkLocation: /default-rack, certSerialId: null}, Type:RATIS, Factor:THREE, State:CLOSED, leaderId:2385bf93-00fb-4b21-a15d-4691d542b867, CreationTimestamp2020-07-20T08:35:31.035Z] removed from db
2020-07-20 08:36:09,233 [RatisPipelineUtilsThread] ERROR pipeline.SCMPipelineManager (SCMPipelineManager.java:createPipeline(275)) - Failed to create pipeline of type RATIS and factor ONE. Exception: Cannot create pipeline of factor 1 using 0 nodes. Used 3 nodes. Healthy nodes 3
2020-07-20 08:36:09,233 [RatisPipelineUtilsThread] ERROR pipeline.SCMPipelineManager (SCMPipelineManager.java:createPipeline(275)) - Failed to create pipeline of type RATIS and factor THREE. Exception: Pipeline creation failed because nodes are engaged in other pipelines and every node can only be engaged in max 3 pipelines. Required 3. Found 0
2020-07-20 08:36:09,327 [EventQueue-StaleNodeForStaleNodeHandler] INFO  node.StaleNodeHandler (StaleNodeHandler.java:onMessage(58)) - Datanode 8aff4af6-6cc7-479f-9fca-879319b0e7e4{ip: 172.17.0.2, host: 795ad43b6c28, networkLocation: /default-rack, certSerialId: null} moved to stale state. Finalizing its pipelines [PipelineID=ef12d9c4-cb08-4b58-8f77-cac960e322ab, PipelineID=f9bee2f1-1abd-48d4-ab94-75b56ba316c6, PipelineID=cba37b0a-865f-40ce-8216-6931683224d1, PipelineID=5442cee7-8508-4ca2-bfe6-67112b37bfe3, PipelineID=f7c62648-2a61-4adf-bbe9-b98aa3197be4]
2020-07-20 08:36:09,327 [EventQueue-StaleNodeForStaleNodeHandler] INFO  pipeline.SCMPipelineManager (SCMPipelineManager.java:finalizeAndDestroyPipeline(450)) - Destroying pipeline:Pipeline[ Id: ef12d9c4-cb08-4b58-8f77-cac960e322ab, Nodes: 8aff4af6-6cc7-479f-9fca-879319b0e7e4{ip: 172.17.0.2, host: 795ad43b6c28, networkLocation: /default-rack, certSerialId: null}, Type:RATIS, Factor:ONE, State:OPEN, leaderId:8aff4af6-6cc7-479f-9fca-879319b0e7e4, CreationTimestamp2020-07-20T08:35:30.352Z]
2020-07-20 08:36:09,327 [EventQueue-DeadNodeForDeadNodeHandler] INFO  pipeline.SCMPipelineManager (SCMPipelineManager.java:finalizeAndDestroyPipeline(450)) - Destroying pipeline:Pipeline[ Id: f9bee2f1-1abd-48d4-ab94-75b56ba316c6, Nodes: 7cb3e755-c8bb-4f00-be15-bc5c4dd112b5{ip: 172.17.0.2, host: 795ad43b6c28, networkLocation: /default-rack, certSerialId: null}d7c912f8-2b11-470a-8112-2e2f3de1c844{ip: 172.17.0.2, host: 795ad43b6c28, networkLocation: /default-rack, certSerialId: null}8aff4af6-6cc7-479f-9fca-879319b0e7e4{ip: 172.17.0.2, host: 795ad43b6c28, networkLocation: /default-rack, certSerialId: null}, Type:RATIS, Factor:THREE, State:CLOSED, leaderId:8aff4af6-6cc7-479f-9fca-879319b0e7e4, CreationTimestamp2020-07-20T08:35:30.598Z]
2020-07-20 08:36:09,327 [EventQueue-StaleNodeForStaleNodeHandler] INFO  pipeline.PipelineStateManager (PipelineStateManager.java:finalizePipeline(120)) - Pipeline Pipeline[ Id: ef12d9c4-cb08-4b58-8f77-cac960e322ab, Nodes: 8aff4af6-6cc7-479f-9fca-879319b0e7e4{ip: 172.17.0.2, host: 795ad43b6c28, networkLocation: /default-rack, certSerialId: null}, Type:RATIS, Factor:ONE, State:CLOSED, leaderId:8aff4af6-6cc7-479f-9fca-879319b0e7e4, CreationTimestamp2020-07-20T08:35:30.352Z] moved to CLOSED state
2020-07-20 08:36:09,328 [EventQueue-DeadNodeForDeadNodeHandler] INFO  pipeline.RatisPipelineProvider (RatisPipelineProvider.java:lambda$close$1(176)) - Send pipeline:PipelineID=f9bee2f1-1abd-48d4-ab94-75b56ba316c6 close command to datanode 7cb3e755-c8bb-4f00-be15-bc5c4dd112b5
2020-07-20 08:36:09,328 [EventQueue-StaleNodeForStaleNodeHandler] INFO  pipeline.SCMPipelineManager (SCMPipelineManager.java:finalizeAndDestroyPipeline(450)) - Destroying pipeline:Pipeline[ Id: f9bee2f1-1abd-48d4-ab94-75b56ba316c6, Nodes: 7cb3e755-c8bb-4f00-be15-bc5c4dd112b5{ip: 172.17.0.2, host: 795ad43b6c28, networkLocation: /default-rack, certSerialId: null}d7c912f8-2b11-470a-8112-2e2f3de1c844{ip: 172.17.0.2, host: 795ad43b6c28, networkLocation: /default-rack, certSerialId: null}8aff4af6-6cc7-479f-9fca-879319b0e7e4{ip: 172.17.0.2, host: 795ad43b6c28, networkLocation: /default-rack, certSerialId: null}, Type:RATIS, Factor:THREE, State:CLOSED, leaderId:8aff4af6-6cc7-479f-9fca-879319b0e7e4, CreationTimestamp2020-07-20T08:35:30.598Z]
2020-07-20 08:36:09,328 [EventQueue-DeadNodeForDeadNodeHandler] INFO  pipeline.RatisPipelineProvider (RatisPipelineProvider.java:lambda$close$1(176)) - Send pipeline:PipelineID=f9bee2f1-1abd-48d4-ab94-75b56ba316c6 close command to datanode d7c912f8-2b11-470a-8112-2e2f3de1c844
2020-07-20 08:36:09,328 [EventQueue-DeadNodeForDeadNodeHandler] INFO  pipeline.RatisPipelineProvider (RatisPipelineProvider.java:lambda$close$1(176)) - Send pipeline:PipelineID=f9bee2f1-1abd-48d4-ab94-75b56ba316c6 close command to datanode 8aff4af6-6cc7-479f-9fca-879319b0e7e4
2020-07-20 08:36:09,328 [EventQueue-StaleNodeForStaleNodeHandler] INFO  pipeline.SCMPipelineManager (SCMPipelineManager.java:finalizeAndDestroyPipeline(450)) - Destroying pipeline:Pipeline[ Id: cba37b0a-865f-40ce-8216-6931683224d1, Nodes: a427f57b-033e-4f4a-af2c-a26eb345c30a{ip: 172.17.0.2, host: 795ad43b6c28, networkLocation: /default-rack, certSerialId: null}3919f044-c444-401f-b769-0fe77364d419{ip: 172.17.0.2, host: 795ad43b6c28, networkLocation: /default-rack, certSerialId: null}8aff4af6-6cc7-479f-9fca-879319b0e7e4{ip: 172.17.0.2, host: 795ad43b6c28, networkLocation: /default-rack, certSerialId: null}, Type:RATIS, Factor:THREE, State:ALLOCATED, leaderId:, CreationTimestamp2020-07-20T08:36:09.229Z]
2020-07-20 08:36:09,328 [EventQueue-DeadNodeForDeadNodeHandler] INFO  pipeline.PipelineStateManager (PipelineStateManager.java:removePipeline(105)) - Pipeline Pipeline[ Id: f9bee2f1-1abd-48d4-ab94-75b56ba316c6, Nodes: 7cb3e755-c8bb-4f00-be15-bc5c4dd112b5{ip: 172.17.0.2, host: 795ad43b6c28, networkLocation: /default-rack, certSerialId: null}d7c912f8-2b11-470a-8112-2e2f3de1c844{ip: 172.17.0.2, host: 795ad43b6c28, networkLocation: /default-rack, certSerialId: null}8aff4af6-6cc7-479f-9fca-879319b0e7e4{ip: 172.17.0.2, host: 795ad43b6c28, networkLocation: /default-rack, certSerialId: null}, Type:RATIS, Factor:THREE, State:CLOSED, leaderId:8aff4af6-6cc7-479f-9fca-879319b0e7e4, CreationTimestamp2020-07-20T08:35:30.598Z] removed from db
2020-07-20 08:36:09,328 [EventQueue-StaleNodeForStaleNodeHandler] INFO  pipeline.PipelineStateManager (PipelineStateManager.java:finalizePipeline(120)) - Pipeline Pipeline[ Id: cba37b0a-865f-40ce-8216-6931683224d1, Nodes: a427f57b-033e-4f4a-af2c-a26eb345c30a{ip: 172.17.0.2, host: 795ad43b6c28, networkLocation: /default-rack, certSerialId: null}3919f044-c444-401f-b769-0fe77364d419{ip: 172.17.0.2, host: 795ad43b6c28, networkLocation: /default-rack, certSerialId: null}8aff4af6-6cc7-479f-9fca-879319b0e7e4{ip: 172.17.0.2, host: 795ad43b6c28, networkLocation: /default-rack, certSerialId: null}, Type:RATIS, Factor:THREE, State:CLOSED, leaderId:, CreationTimestamp2020-07-20T08:36:09.229Z] moved to CLOSED state
2020-07-20 08:36:09,329 [RatisPipelineUtilsThread] ERROR pipeline.SCMPipelineManager (SCMPipelineManager.java:createPipeline(275)) - Failed to create pipeline of type RATIS and factor ONE. Exception: Cannot create pipeline of factor 1 using 0 nodes. Used 2 nodes. Healthy nodes 2
2020-07-20 08:36:09,329 [RatisPipelineUtilsThread] WARN  pipeline.PipelinePlacementPolicy (PipelinePlacementPolicy.java:filterViableNodes(133)) - Pipeline creation failed due to no sufficient healthy datanodes. Required 3. Found 2.
2020-07-20 08:36:09,329 [RatisPipelineUtilsThread] ERROR pipeline.SCMPipelineManager (SCMPipelineManager.java:createPipeline(275)) - Failed to create pipeline of type RATIS and factor THREE. Exception: Pipeline creation failed due to no sufficient healthy datanodes. Required 3. Found 2.
2020-07-20 08:36:09,329 [EventQueue-DeadNodeForDeadNodeHandler] INFO  pipeline.SCMPipelineManager (SCMPipelineManager.java:finalizeAndDestroyPipeline(450)) - Destroying pipeline:Pipeline[ Id: aff47c86-ddaa-4c2c-95b2-add4e95c7d82, Nodes: 7cb3e755-c8bb-4f00-be15-bc5c4dd112b5{ip: 172.17.0.2, host: 795ad43b6c28, networkLocation: /default-rack, certSerialId: null}, Type:RATIS, Factor:ONE, State:CLOSED, leaderId:7cb3e755-c8bb-4f00-be15-bc5c4dd112b5, CreationTimestamp2020-07-20T08:35:30.462Z]
2020-07-20 08:36:09,329 [EventQueue-DeadNodeForDeadNodeHandler] INFO  pipeline.RatisPipelineProvider (RatisPipelineProvider.java:lambda$close$1(176)) - Send pipeline:PipelineID=aff47c86-ddaa-4c2c-95b2-add4e95c7d82 close command to datanode 7cb3e755-c8bb-4f00-be15-bc5c4dd112b5
2020-07-20 08:36:09,329 [EventQueue-StaleNodeForStaleNodeHandler] INFO  pipeline.SCMPipelineManager (SCMPipelineManager.java:finalizeAndDestroyPipeline(450)) - Destroying pipeline:Pipeline[ Id: 5442cee7-8508-4ca2-bfe6-67112b37bfe3, Nodes: a427f57b-033e-4f4a-af2c-a26eb345c30a{ip: 172.17.0.2, host: 795ad43b6c28, networkLocation: /default-rack, certSerialId: null}3919f044-c444-401f-b769-0fe77364d419{ip: 172.17.0.2, host: 795ad43b6c28, networkLocation: /default-rack, certSerialId: null}8aff4af6-6cc7-479f-9fca-879319b0e7e4{ip: 172.17.0.2, host: 795ad43b6c28, networkLocation: /default-rack, certSerialId: null}, Type:RATIS, Factor:THREE, State:ALLOCATED, leaderId:, CreationTimestamp2020-07-20T08:36:09.229Z]
2020-07-20 08:36:09,329 [EventQueue-DeadNodeForDeadNodeHandler] INFO  pipeline.PipelineStateManager (PipelineStateManager.java:removePipeline(105)) - Pipeline Pipeline[ Id: aff47c86-ddaa-4c2c-95b2-add4e95c7d82, Nodes: 7cb3e755-c8bb-4f00-be15-bc5c4dd112b5{ip: 172.17.0.2, host: 795ad43b6c28, networkLocation: /default-rack, certSerialId: null}, Type:RATIS, Factor:ONE, State:CLOSED, leaderId:7cb3e755-c8bb-4f00-be15-bc5c4dd112b5, CreationTimestamp2020-07-20T08:35:30.462Z] removed from db
2020-07-20 08:36:09,329 [EventQueue-StaleNodeForStaleNodeHandler] INFO  pipeline.PipelineStateManager (PipelineStateManager.java:finalizePipeline(120)) - Pipeline Pipeline[ Id: 5442cee7-8508-4ca2-bfe6-67112b37bfe3, Nodes: a427f57b-033e-4f4a-af2c-a26eb345c30a{ip: 172.17.0.2, host: 795ad43b6c28, networkLocation: /default-rack, certSerialId: null}3919f044-c444-401f-b769-0fe77364d419{ip: 172.17.0.2, host: 795ad43b6c28, networkLocation: /default-rack, certSerialId: null}8aff4af6-6cc7-479f-9fca-879319b0e7e4{ip: 172.17.0.2, host: 795ad43b6c28, networkLocation: /default-rack, certSerialId: null}, Type:RATIS, Factor:THREE, State:CLOSED, leaderId:, CreationTimestamp2020-07-20T08:36:09.229Z] moved to CLOSED state
2020-07-20 08:36:09,330 [RatisPipelineUtilsThread] ERROR pipeline.SCMPipelineManager (SCMPipelineManager.java:createPipeline(275)) - Failed to create pipeline of type RATIS and factor ONE. Exception: Cannot create pipeline of factor 1 using 0 nodes. Used 2 nodes. Healthy nodes 2
2020-07-20 08:36:09,330 [RatisPipelineUtilsThread] WARN  pipeline.PipelinePlacementPolicy (PipelinePlacementPolicy.java:filterViableNodes(133)) - Pipeline creation failed due to no sufficient healthy datanodes. Required 3. Found 2.
2020-07-20 08:36:09,330 [RatisPipelineUtilsThread] ERROR pipeline.SCMPipelineManager (SCMPipelineManager.java:createPipeline(275)) - Failed to create pipeline of type RATIS and factor THREE. Exception: Pipeline creation failed due to no sufficient healthy datanodes. Required 3. Found 2.
2020-07-20 08:36:09,330 [EventQueue-DeadNodeForDeadNodeHandler] INFO  pipeline.SCMPipelineManager (SCMPipelineManager.java:finalizeAndDestroyPipeline(450)) - Destroying pipeline:Pipeline[ Id: f7c62648-2a61-4adf-bbe9-b98aa3197be4, Nodes: 7cb3e755-c8bb-4f00-be15-bc5c4dd112b5{ip: 172.17.0.2, host: 795ad43b6c28, networkLocation: /default-rack, certSerialId: null}d7c912f8-2b11-470a-8112-2e2f3de1c844{ip: 172.17.0.2, host: 795ad43b6c28, networkLocation: /default-rack, certSerialId: null}8aff4af6-6cc7-479f-9fca-879319b0e7e4{ip: 172.17.0.2, host: 795ad43b6c28, networkLocation: /default-rack, certSerialId: null}, Type:RATIS, Factor:THREE, State:CLOSED, leaderId:8aff4af6-6cc7-479f-9fca-879319b0e7e4, CreationTimestamp2020-07-20T08:35:30.598Z]
2020-07-20 08:36:09,330 [EventQueue-DeadNodeForDeadNodeHandler] INFO  pipeline.RatisPipelineProvider (RatisPipelineProvider.java:lambda$close$1(176)) - Send pipeline:PipelineID=f7c62648-2a61-4adf-bbe9-b98aa3197be4 close command to datanode 7cb3e755-c8bb-4f00-be15-bc5c4dd112b5
2020-07-20 08:36:09,330 [EventQueue-DeadNodeForDeadNodeHandler] INFO  pipeline.RatisPipelineProvider (RatisPipelineProvider.java:lambda$close$1(176)) - Send pipeline:PipelineID=f7c62648-2a61-4adf-bbe9-b98aa3197be4 close command to datanode d7c912f8-2b11-470a-8112-2e2f3de1c844
2020-07-20 08:36:09,330 [EventQueue-DeadNodeForDeadNodeHandler] INFO  pipeline.RatisPipelineProvider (RatisPipelineProvider.java:lambda$close$1(176)) - Send pipeline:PipelineID=f7c62648-2a61-4adf-bbe9-b98aa3197be4 close command to datanode 8aff4af6-6cc7-479f-9fca-879319b0e7e4
2020-07-20 08:36:09,330 [EventQueue-StaleNodeForStaleNodeHandler] INFO  pipeline.SCMPipelineManager (SCMPipelineManager.java:finalizeAndDestroyPipeline(450)) - Destroying pipeline:Pipeline[ Id: f7c62648-2a61-4adf-bbe9-b98aa3197be4, Nodes: 7cb3e755-c8bb-4f00-be15-bc5c4dd112b5{ip: 172.17.0.2, host: 795ad43b6c28, networkLocation: /default-rack, certSerialId: null}d7c912f8-2b11-470a-8112-2e2f3de1c844{ip: 172.17.0.2, host: 795ad43b6c28, networkLocation: /default-rack, certSerialId: null}8aff4af6-6cc7-479f-9fca-879319b0e7e4{ip: 172.17.0.2, host: 795ad43b6c28, networkLocation: /default-rack, certSerialId: null}, Type:RATIS, Factor:THREE, State:CLOSED, leaderId:8aff4af6-6cc7-479f-9fca-879319b0e7e4, CreationTimestamp2020-07-20T08:35:30.598Z]
2020-07-20 08:36:09,331 [EventQueue-DeadNodeForDeadNodeHandler] INFO  pipeline.PipelineStateManager (PipelineStateManager.java:removePipeline(105)) - Pipeline Pipeline[ Id: f7c62648-2a61-4adf-bbe9-b98aa3197be4, Nodes: 7cb3e755-c8bb-4f00-be15-bc5c4dd112b5{ip: 172.17.0.2, host: 795ad43b6c28, networkLocation: /default-rack, certSerialId: null}d7c912f8-2b11-470a-8112-2e2f3de1c844{ip: 172.17.0.2, host: 795ad43b6c28, networkLocation: /default-rack, certSerialId: null}8aff4af6-6cc7-479f-9fca-879319b0e7e4{ip: 172.17.0.2, host: 795ad43b6c28, networkLocation: /default-rack, certSerialId: null}, Type:RATIS, Factor:THREE, State:CLOSED, leaderId:8aff4af6-6cc7-479f-9fca-879319b0e7e4, CreationTimestamp2020-07-20T08:35:30.598Z] removed from db
2020-07-20 08:36:09,331 [RatisPipelineUtilsThread] ERROR pipeline.SCMPipelineManager (SCMPipelineManager.java:createPipeline(275)) - Failed to create pipeline of type RATIS and factor ONE. Exception: Cannot create pipeline of factor 1 using 0 nodes. Used 2 nodes. Healthy nodes 2
2020-07-20 08:36:09,331 [EventQueue-StaleNodeForStaleNodeHandler] INFO  node.StaleNodeHandler (StaleNodeHandler.java:onMessage(65)) - Could not finalize pipeline=PipelineID=f7c62648-2a61-4adf-bbe9-b98aa3197be4 for dn=8aff4af6-6cc7-479f-9fca-879319b0e7e4{ip: 172.17.0.2, host: 795ad43b6c28, networkLocation: /default-rack, certSerialId: null}
2020-07-20 08:36:09,331 [RatisPipelineUtilsThread] WARN  pipeline.PipelinePlacementPolicy (PipelinePlacementPolicy.java:filterViableNodes(133)) - Pipeline creation failed due to no sufficient healthy datanodes. Required 3. Found 2.
2020-07-20 08:36:09,331 [RatisPipelineUtilsThread] ERROR pipeline.SCMPipelineManager (SCMPipelineManager.java:createPipeline(275)) - Failed to create pipeline of type RATIS and factor THREE. Exception: Pipeline creation failed due to no sufficient healthy datanodes. Required 3. Found 2.
2020-07-20 08:36:09,409 [Thread-3279] INFO  impl.FollowerState (FollowerState.java:run(108)) - a427f57b-033e-4f4a-af2c-a26eb345c30a@group-F7B35D7D5D69-FollowerState: change to CANDIDATE, lastRpcTime:5024ms, electionTimeout:5024ms
2020-07-20 08:36:09,409 [Thread-3279] INFO  impl.RoleInfo (RoleInfo.java:shutdownFollowerState(121)) - a427f57b-033e-4f4a-af2c-a26eb345c30a: shutdown FollowerState
2020-07-20 08:36:09,409 [Thread-3279] INFO  impl.RaftServerImpl (RaftServerImpl.java:setRole(175)) - a427f57b-033e-4f4a-af2c-a26eb345c30a@group-F7B35D7D5D69: changes role from  FOLLOWER to CANDIDATE at term 2 for changeToCandidate
2020-07-20 08:36:09,409 [Thread-3279] INFO  impl.RoleInfo (RoleInfo.java:updateAndGet(143)) - a427f57b-033e-4f4a-af2c-a26eb345c30a: start LeaderElection
2020-07-20 08:36:09,411 [a427f57b-033e-4f4a-af2c-a26eb345c30a@group-F7B35D7D5D69-LeaderElection104] INFO  impl.LeaderElection (LeaderElection.java:askForVotes(206)) - a427f57b-033e-4f4a-af2c-a26eb345c30a@group-F7B35D7D5D69-LeaderElection104: begin an election at term 3 for 0: [2385bf93-00fb-4b21-a15d-4691d542b867:172.17.0.2:36609, be0851b3-0322-40a6-8ce8-d00f153a9faf:172.17.0.2:36267, a427f57b-033e-4f4a-af2c-a26eb345c30a:172.17.0.2:39469], old=null
2020-07-20 08:36:09,411 [a427f57b-033e-4f4a-af2c-a26eb345c30a@group-F7B35D7D5D69-LeaderElection104] INFO  impl.LeaderElection (LogUtils.java:infoOrTrace(137)) - a427f57b-033e-4f4a-af2c-a26eb345c30a@group-F7B35D7D5D69-LeaderElection104 got exception when requesting votes: java.util.concurrent.ExecutionException: org.apache.ratis.thirdparty.io.grpc.StatusRuntimeException: UNAVAILABLE: io exception
2020-07-20 08:36:09,411 [a427f57b-033e-4f4a-af2c-a26eb345c30a@group-F7B35D7D5D69-LeaderElection104] INFO  impl.LeaderElection (LogUtils.java:infoOrTrace(137)) - a427f57b-033e-4f4a-af2c-a26eb345c30a@group-F7B35D7D5D69-LeaderElection104 got exception when requesting votes: java.util.concurrent.ExecutionException: org.apache.ratis.thirdparty.io.grpc.StatusRuntimeException: UNAVAILABLE: io exception
2020-07-20 08:36:09,411 [a427f57b-033e-4f4a-af2c-a26eb345c30a@group-F7B35D7D5D69-LeaderElection104] INFO  impl.LeaderElection (LeaderElection.java:logAndReturn(61)) - a427f57b-033e-4f4a-af2c-a26eb345c30a@group-F7B35D7D5D69-LeaderElection104: Election REJECTED; received 0 response(s) [] and 2 exception(s); a427f57b-033e-4f4a-af2c-a26eb345c30a@group-F7B35D7D5D69:t3, leader=null, voted=a427f57b-033e-4f4a-af2c-a26eb345c30a, raftlog=a427f57b-033e-4f4a-af2c-a26eb345c30a@group-F7B35D7D5D69-SegmentedRaftLog:OPENED:c0,f0,i0, conf=0: [2385bf93-00fb-4b21-a15d-4691d542b867:172.17.0.2:36609, be0851b3-0322-40a6-8ce8-d00f153a9faf:172.17.0.2:36267, a427f57b-033e-4f4a-af2c-a26eb345c30a:172.17.0.2:39469], old=null
2020-07-20 08:36:09,412 [a427f57b-033e-4f4a-af2c-a26eb345c30a@group-F7B35D7D5D69-LeaderElection104] INFO  impl.LeaderElection (LogUtils.java:infoOrTrace(137)) -   Exception 0: java.util.concurrent.ExecutionException: org.apache.ratis.thirdparty.io.grpc.StatusRuntimeException: UNAVAILABLE: io exception
2020-07-20 08:36:09,412 [a427f57b-033e-4f4a-af2c-a26eb345c30a@group-F7B35D7D5D69-LeaderElection104] INFO  impl.LeaderElection (LogUtils.java:infoOrTrace(137)) -   Exception 1: java.util.concurrent.ExecutionException: org.apache.ratis.thirdparty.io.grpc.StatusRuntimeException: UNAVAILABLE: io exception
2020-07-20 08:36:09,412 [a427f57b-033e-4f4a-af2c-a26eb345c30a@group-F7B35D7D5D69-LeaderElection104] INFO  impl.RaftServerImpl (RaftServerImpl.java:setRole(175)) - a427f57b-033e-4f4a-af2c-a26eb345c30a@group-F7B35D7D5D69: changes role from CANDIDATE to FOLLOWER at term 3 for DISCOVERED_A_NEW_TERM
2020-07-20 08:36:09,412 [a427f57b-033e-4f4a-af2c-a26eb345c30a@group-F7B35D7D5D69-LeaderElection104] INFO  impl.RoleInfo (RoleInfo.java:shutdownLeaderElection(134)) - a427f57b-033e-4f4a-af2c-a26eb345c30a: shutdown LeaderElection
2020-07-20 08:36:09,412 [a427f57b-033e-4f4a-af2c-a26eb345c30a@group-F7B35D7D5D69-LeaderElection104] INFO  impl.RoleInfo (RoleInfo.java:updateAndGet(143)) - a427f57b-033e-4f4a-af2c-a26eb345c30a: start FollowerState
2020-07-20 08:36:09,427 [EventQueue-StaleNodeForStaleNodeHandler] INFO  node.StaleNodeHandler (StaleNodeHandler.java:onMessage(58)) - Datanode 3919f044-c444-401f-b769-0fe77364d419{ip: 172.17.0.2, host: 795ad43b6c28, networkLocation: /default-rack, certSerialId: null} moved to stale state. Finalizing its pipelines [PipelineID=a926af43-8811-4f1b-b41f-8621978cd09e, PipelineID=cba37b0a-865f-40ce-8216-6931683224d1, PipelineID=5442cee7-8508-4ca2-bfe6-67112b37bfe3]
2020-07-20 08:36:09,427 [EventQueue-StaleNodeForStaleNodeHandler] INFO  pipeline.SCMPipelineManager (SCMPipelineManager.java:finalizeAndDestroyPipeline(450)) - Destroying pipeline:Pipeline[ Id: a926af43-8811-4f1b-b41f-8621978cd09e, Nodes: 3919f044-c444-401f-b769-0fe77364d419{ip: 172.17.0.2, host: 795ad43b6c28, networkLocation: /default-rack, certSerialId: null}, Type:RATIS, Factor:ONE, State:OPEN, leaderId:3919f044-c444-401f-b769-0fe77364d419, CreationTimestamp2020-07-20T08:35:31.131Z]
2020-07-20 08:36:09,427 [EventQueue-StaleNodeForStaleNodeHandler] INFO  pipeline.PipelineStateManager (PipelineStateManager.java:finalizePipeline(120)) - Pipeline Pipeline[ Id: a926af43-8811-4f1b-b41f-8621978cd09e, Nodes: 3919f044-c444-401f-b769-0fe77364d419{ip: 172.17.0.2, host: 795ad43b6c28, networkLocation: /default-rack, certSerialId: null}, Type:RATIS, Factor:ONE, State:CLOSED, leaderId:3919f044-c444-401f-b769-0fe77364d419, CreationTimestamp2020-07-20T08:35:31.131Z] moved to CLOSED state
2020-07-20 08:36:09,428 [EventQueue-StaleNodeForStaleNodeHandler] INFO  pipeline.SCMPipelineManager (SCMPipelineManager.java:finalizeAndDestroyPipeline(450)) - Destroying pipeline:Pipeline[ Id: cba37b0a-865f-40ce-8216-6931683224d1, Nodes: a427f57b-033e-4f4a-af2c-a26eb345c30a{ip: 172.17.0.2, host: 795ad43b6c28, networkLocation: /default-rack, certSerialId: null}3919f044-c444-401f-b769-0fe77364d419{ip: 172.17.0.2, host: 795ad43b6c28, networkLocation: /default-rack, certSerialId: null}8aff4af6-6cc7-479f-9fca-879319b0e7e4{ip: 172.17.0.2, host: 795ad43b6c28, networkLocation: /default-rack, certSerialId: null}, Type:RATIS, Factor:THREE, State:CLOSED, leaderId:, CreationTimestamp2020-07-20T08:36:09.229Z]
2020-07-20 08:36:09,428 [EventQueue-StaleNodeForStaleNodeHandler] INFO  pipeline.SCMPipelineManager (SCMPipelineManager.java:finalizeAndDestroyPipeline(450)) - Destroying pipeline:Pipeline[ Id: 5442cee7-8508-4ca2-bfe6-67112b37bfe3, Nodes: a427f57b-033e-4f4a-af2c-a26eb345c30a{ip: 172.17.0.2, host: 795ad43b6c28, networkLocation: /default-rack, certSerialId: null}3919f044-c444-401f-b769-0fe77364d419{ip: 172.17.0.2, host: 795ad43b6c28, networkLocation: /default-rack, certSerialId: null}8aff4af6-6cc7-479f-9fca-879319b0e7e4{ip: 172.17.0.2, host: 795ad43b6c28, networkLocation: /default-rack, certSerialId: null}, Type:RATIS, Factor:THREE, State:CLOSED, leaderId:, CreationTimestamp2020-07-20T08:36:09.229Z]
2020-07-20 08:36:09,491 [ForkJoinPool.commonPool-worker-0] INFO  ozoneimpl.OzoneContainer (OzoneContainer.java:stop(247)) - Attempting to stop container services.
2020-07-20 08:36:09,491 [ForkJoinPool.commonPool-worker-0] INFO  impl.RaftServerProxy (RaftServerProxy.java:lambda$close$4(319)) - a427f57b-033e-4f4a-af2c-a26eb345c30a: close
2020-07-20 08:36:09,491 [ForkJoinPool.commonPool-worker-0] INFO  impl.RaftServerImpl (RaftServerImpl.java:lambda$shutdown$3(252)) - a427f57b-033e-4f4a-af2c-a26eb345c30a@group-810B540DED91: shutdown
2020-07-20 08:36:09,491 [ForkJoinPool.commonPool-worker-0] INFO  util.JmxRegister (JmxRegister.java:unregister(73)) - Successfully un-registered JMX Bean with object name Ratis:service=RaftServer,group=group-810B540DED91,id=a427f57b-033e-4f4a-af2c-a26eb345c30a
2020-07-20 08:36:09,491 [ForkJoinPool.commonPool-worker-0] INFO  impl.RoleInfo (RoleInfo.java:shutdownFollowerState(121)) - a427f57b-033e-4f4a-af2c-a26eb345c30a: shutdown FollowerState
2020-07-20 08:36:09,492 [ForkJoinPool.commonPool-worker-0] INFO  impl.StateMachineUpdater (StateMachineUpdater.java:stopAndJoin(142)) - a427f57b-033e-4f4a-af2c-a26eb345c30a@group-810B540DED91-StateMachineUpdater: set stopIndex = 4
2020-07-20 08:36:09,492 [a427f57b-033e-4f4a-af2c-a26eb345c30a@group-810B540DED91-StateMachineUpdater] INFO  ratis.ContainerStateMachine (ContainerStateMachine.java:takeSnapshot(293)) - group-810B540DED91: Taking a snapshot at:(t:1, i:4) file /github/workspace/mnt/ozone/hadoop-ozone/integration-test/target/test-dir/MiniOzoneClusterImpl-77fe6979-9426-4b74-982f-524262e25198/datanode-5/data/ratis/880b83f7-33db-4677-b2a6-810b540ded91/sm/snapshot.1_4
2020-07-20 08:36:09,492 [Thread-3283] INFO  impl.FollowerState (FollowerState.java:run(117)) - a427f57b-033e-4f4a-af2c-a26eb345c30a@group-810B540DED91-FollowerState was interrupted: java.lang.InterruptedException: sleep interrupted
2020-07-20 08:36:09,494 [a427f57b-033e-4f4a-af2c-a26eb345c30a@group-810B540DED91-StateMachineUpdater] INFO  ratis.ContainerStateMachine (ContainerStateMachine.java:takeSnapshot(304)) - group-810B540DED91: Finished taking a snapshot at:(t:1, i:4) file:/github/workspace/mnt/ozone/hadoop-ozone/integration-test/target/test-dir/MiniOzoneClusterImpl-77fe6979-9426-4b74-982f-524262e25198/datanode-5/data/ratis/880b83f7-33db-4677-b2a6-810b540ded91/sm/snapshot.1_4 time:2
2020-07-20 08:36:09,494 [a427f57b-033e-4f4a-af2c-a26eb345c30a@group-810B540DED91-StateMachineUpdater] INFO  impl.StateMachineUpdater (StateMachineUpdater.java:takeSnapshot(277)) - a427f57b-033e-4f4a-af2c-a26eb345c30a@group-810B540DED91-StateMachineUpdater: Took a snapshot at index 4
2020-07-20 08:36:09,494 [a427f57b-033e-4f4a-af2c-a26eb345c30a@group-810B540DED91-StateMachineUpdater] INFO  impl.StateMachineUpdater (StateMachineUpdater.java:lambda$new$0(87)) - a427f57b-033e-4f4a-af2c-a26eb345c30a@group-810B540DED91-StateMachineUpdater: snapshotIndex: updateIncreasingly -1 -> 4
2020-07-20 08:36:09,494 [a427f57b-033e-4f4a-af2c-a26eb345c30a@group-810B540DED91-StateMachineUpdater] INFO  metrics.RatisMetrics (RatisMetrics.java:unregister(43)) - Unregistering Metrics Registry : ratis.state_machine.a427f57b-033e-4f4a-af2c-a26eb345c30a@group-810B540DED91
2020-07-20 08:36:09,495 [ForkJoinPool.commonPool-worker-0] INFO  impl.RaftServerImpl (ServerState.java:close(387)) - a427f57b-033e-4f4a-af2c-a26eb345c30a@group-810B540DED91: closes. applyIndex: 4
2020-07-20 08:36:09,495 [a427f57b-033e-4f4a-af2c-a26eb345c30a@group-810B540DED91-SegmentedRaftLogWorker] INFO  segmented.SegmentedRaftLogWorker (SegmentedRaftLogWorker.java:run(327)) - a427f57b-033e-4f4a-af2c-a26eb345c30a@group-810B540DED91-SegmentedRaftLogWorker was interrupted, exiting. There are 0 tasks remaining in the queue.
2020-07-20 08:36:09,495 [ForkJoinPool.commonPool-worker-0] INFO  segmented.SegmentedRaftLogWorker (SegmentedRaftLogWorker.java:close(234)) - a427f57b-033e-4f4a-af2c-a26eb345c30a@group-810B540DED91-SegmentedRaftLogWorker close()
2020-07-20 08:36:09,496 [ForkJoinPool.commonPool-worker-0] INFO  metrics.RatisMetrics (RatisMetrics.java:unregister(43)) - Unregistering Metrics Registry : ratis.log_worker.a427f57b-033e-4f4a-af2c-a26eb345c30a@group-810B540DED91
2020-07-20 08:36:09,496 [ForkJoinPool.commonPool-worker-0] INFO  metrics.RatisMetrics (RatisMetrics.java:unregister(43)) - Unregistering Metrics Registry : ratis.leader_election.a427f57b-033e-4f4a-af2c-a26eb345c30a@group-810B540DED91
2020-07-20 08:36:09,496 [ForkJoinPool.commonPool-worker-0] INFO  metrics.RatisMetrics (RatisMetrics.java:unregister(43)) - Unregistering Metrics Registry : ratis.server.a427f57b-033e-4f4a-af2c-a26eb345c30a@group-810B540DED91
2020-07-20 08:36:09,497 [ForkJoinPool.commonPool-worker-0] INFO  impl.RaftServerImpl (RaftServerImpl.java:lambda$shutdown$3(252)) - a427f57b-033e-4f4a-af2c-a26eb345c30a@group-3DDC9B78938C: shutdown
2020-07-20 08:36:09,497 [ForkJoinPool.commonPool-worker-0] INFO  util.JmxRegister (JmxRegister.java:unregister(73)) - Successfully un-registered JMX Bean with object name Ratis:service=RaftServer,group=group-3DDC9B78938C,id=a427f57b-033e-4f4a-af2c-a26eb345c30a
2020-07-20 08:36:09,497 [ForkJoinPool.commonPool-worker-0] INFO  impl.RoleInfo (RoleInfo.java:shutdownLeaderState(104)) - a427f57b-033e-4f4a-af2c-a26eb345c30a: shutdown LeaderState
2020-07-20 08:36:09,497 [ForkJoinPool.commonPool-worker-0] INFO  impl.PendingRequests (PendingRequests.java:sendNotLeaderResponses(249)) - a427f57b-033e-4f4a-af2c-a26eb345c30a@group-3DDC9B78938C-PendingRequests: sendNotLeaderResponses
2020-07-20 08:36:09,497 [ForkJoinPool.commonPool-worker-0] INFO  metrics.RatisMetrics (RatisMetrics.java:unregister(43)) - Unregistering Metrics Registry : ratis.log_appender.a427f57b-033e-4f4a-af2c-a26eb345c30a@group-3DDC9B78938C
2020-07-20 08:36:09,497 [ForkJoinPool.commonPool-worker-0] INFO  metrics.RatisMetrics (RatisMetrics.java:unregister(43)) - Unregistering Metrics Registry : ratis.server.a427f57b-033e-4f4a-af2c-a26eb345c30a@group-3DDC9B78938C
2020-07-20 08:36:09,499 [a427f57b-033e-4f4a-af2c-a26eb345c30a@group-3DDC9B78938C-StateMachineUpdater] INFO  ratis.ContainerStateMachine (ContainerStateMachine.java:takeSnapshot(293)) - group-3DDC9B78938C: Taking a snapshot at:(t:1, i:0) file /github/workspace/mnt/ozone/hadoop-ozone/integration-test/target/test-dir/MiniOzoneClusterImpl-77fe6979-9426-4b74-982f-524262e25198/datanode-5/data/ratis/1dc62b56-38db-4747-a590-3ddc9b78938c/sm/snapshot.1_0
2020-07-20 08:36:09,499 [ForkJoinPool.commonPool-worker-0] INFO  impl.StateMachineUpdater (StateMachineUpdater.java:stopAndJoin(142)) - a427f57b-033e-4f4a-af2c-a26eb345c30a@group-3DDC9B78938C-StateMachineUpdater: set stopIndex = 0
2020-07-20 08:36:09,500 [a427f57b-033e-4f4a-af2c-a26eb345c30a@group-3DDC9B78938C-StateMachineUpdater] INFO  ratis.ContainerStateMachine (ContainerStateMachine.java:takeSnapshot(304)) - group-3DDC9B78938C: Finished taking a snapshot at:(t:1, i:0) file:/github/workspace/mnt/ozone/hadoop-ozone/integration-test/target/test-dir/MiniOzoneClusterImpl-77fe6979-9426-4b74-982f-524262e25198/datanode-5/data/ratis/1dc62b56-38db-4747-a590-3ddc9b78938c/sm/snapshot.1_0 time:1
2020-07-20 08:36:09,500 [a427f57b-033e-4f4a-af2c-a26eb345c30a@group-3DDC9B78938C-StateMachineUpdater] INFO  impl.StateMachineUpdater (StateMachineUpdater.java:takeSnapshot(277)) - a427f57b-033e-4f4a-af2c-a26eb345c30a@group-3DDC9B78938C-StateMachineUpdater: Took a snapshot at index 0
2020-07-20 08:36:09,500 [a427f57b-033e-4f4a-af2c-a26eb345c30a@group-3DDC9B78938C-StateMachineUpdater] INFO  impl.StateMachineUpdater (StateMachineUpdater.java:lambda$new$0(87)) - a427f57b-033e-4f4a-af2c-a26eb345c30a@group-3DDC9B78938C-StateMachineUpdater: snapshotIndex: updateIncreasingly -1 -> 0
2020-07-20 08:36:09,500 [a427f57b-033e-4f4a-af2c-a26eb345c30a@group-3DDC9B78938C-StateMachineUpdater] INFO  metrics.RatisMetrics (RatisMetrics.java:unregister(43)) - Unregistering Metrics Registry : ratis.state_machine.a427f57b-033e-4f4a-af2c-a26eb345c30a@group-3DDC9B78938C
2020-07-20 08:36:09,500 [ForkJoinPool.commonPool-worker-0] INFO  impl.RaftServerImpl (ServerState.java:close(387)) - a427f57b-033e-4f4a-af2c-a26eb345c30a@group-3DDC9B78938C: closes. applyIndex: 0
2020-07-20 08:36:09,500 [a427f57b-033e-4f4a-af2c-a26eb345c30a@group-3DDC9B78938C-SegmentedRaftLogWorker] INFO  segmented.SegmentedRaftLogWorker (SegmentedRaftLogWorker.java:run(327)) - a427f57b-033e-4f4a-af2c-a26eb345c30a@group-3DDC9B78938C-SegmentedRaftLogWorker was interrupted, exiting. There are 0 tasks remaining in the queue.
2020-07-20 08:36:09,501 [ForkJoinPool.commonPool-worker-0] INFO  segmented.SegmentedRaftLogWorker (SegmentedRaftLogWorker.java:close(234)) - a427f57b-033e-4f4a-af2c-a26eb345c30a@group-3DDC9B78938C-SegmentedRaftLogWorker close()
2020-07-20 08:36:09,502 [ForkJoinPool.commonPool-worker-0] INFO  metrics.RatisMetrics (RatisMetrics.java:unregister(43)) - Unregistering Metrics Registry : ratis.log_worker.a427f57b-033e-4f4a-af2c-a26eb345c30a@group-3DDC9B78938C
2020-07-20 08:36:09,502 [ForkJoinPool.commonPool-worker-0] INFO  metrics.RatisMetrics (RatisMetrics.java:unregister(43)) - Unregistering Metrics Registry : ratis.leader_election.a427f57b-033e-4f4a-af2c-a26eb345c30a@group-3DDC9B78938C
2020-07-20 08:36:09,502 [ForkJoinPool.commonPool-worker-0] INFO  metrics.RatisMetrics (RatisMetrics.java:unregister(43)) - Unregistering Metrics Registry : ratis.server.a427f57b-033e-4f4a-af2c-a26eb345c30a@group-3DDC9B78938C
2020-07-20 08:36:09,503 [ForkJoinPool.commonPool-worker-0] INFO  impl.RaftServerImpl (RaftServerImpl.java:lambda$shutdown$3(252)) - a427f57b-033e-4f4a-af2c-a26eb345c30a@group-F7B35D7D5D69: shutdown
2020-07-20 08:36:09,503 [ForkJoinPool.commonPool-worker-0] INFO  util.JmxRegister (JmxRegister.java:unregister(73)) - Successfully un-registered JMX Bean with object name Ratis:service=RaftServer,group=group-F7B35D7D5D69,id=a427f57b-033e-4f4a-af2c-a26eb345c30a
2020-07-20 08:36:09,503 [ForkJoinPool.commonPool-worker-0] INFO  impl.RoleInfo (RoleInfo.java:shutdownFollowerState(121)) - a427f57b-033e-4f4a-af2c-a26eb345c30a: shutdown FollowerState
2020-07-20 08:36:09,503 [ForkJoinPool.commonPool-worker-0] INFO  impl.StateMachineUpdater (StateMachineUpdater.java:stopAndJoin(142)) - a427f57b-033e-4f4a-af2c-a26eb345c30a@group-F7B35D7D5D69-StateMachineUpdater: set stopIndex = 0
2020-07-20 08:36:09,503 [a427f57b-033e-4f4a-af2c-a26eb345c30a@group-F7B35D7D5D69-StateMachineUpdater] INFO  ratis.ContainerStateMachine (ContainerStateMachine.java:takeSnapshot(293)) - group-F7B35D7D5D69: Taking a snapshot at:(t:1, i:0) file /github/workspace/mnt/ozone/hadoop-ozone/integration-test/target/test-dir/MiniOzoneClusterImpl-77fe6979-9426-4b74-982f-524262e25198/datanode-5/data/ratis/f1e6931a-3535-455b-b0ea-f7b35d7d5d69/sm/snapshot.1_0
2020-07-20 08:36:09,503 [Thread-3288] INFO  impl.FollowerState (FollowerState.java:run(117)) - a427f57b-033e-4f4a-af2c-a26eb345c30a@group-F7B35D7D5D69-FollowerState was interrupted: java.lang.InterruptedException: sleep interrupted
2020-07-20 08:36:09,504 [a427f57b-033e-4f4a-af2c-a26eb345c30a@group-F7B35D7D5D69-StateMachineUpdater] INFO  ratis.ContainerStateMachine (ContainerStateMachine.java:takeSnapshot(304)) - group-F7B35D7D5D69: Finished taking a snapshot at:(t:1, i:0) file:/github/workspace/mnt/ozone/hadoop-ozone/integration-test/target/test-dir/MiniOzoneClusterImpl-77fe6979-9426-4b74-982f-524262e25198/datanode-5/data/ratis/f1e6931a-3535-455b-b0ea-f7b35d7d5d69/sm/snapshot.1_0 time:1
2020-07-20 08:36:09,504 [a427f57b-033e-4f4a-af2c-a26eb345c30a@group-F7B35D7D5D69-StateMachineUpdater] INFO  impl.StateMachineUpdater (StateMachineUpdater.java:takeSnapshot(277)) - a427f57b-033e-4f4a-af2c-a26eb345c30a@group-F7B35D7D5D69-StateMachineUpdater: Took a snapshot at index 0
2020-07-20 08:36:09,504 [a427f57b-033e-4f4a-af2c-a26eb345c30a@group-F7B35D7D5D69-StateMachineUpdater] INFO  impl.StateMachineUpdater (StateMachineUpdater.java:lambda$new$0(87)) - a427f57b-033e-4f4a-af2c-a26eb345c30a@group-F7B35D7D5D69-StateMachineUpdater: snapshotIndex: updateIncreasingly -1 -> 0
2020-07-20 08:36:09,504 [a427f57b-033e-4f4a-af2c-a26eb345c30a@group-F7B35D7D5D69-StateMachineUpdater] INFO  metrics.RatisMetrics (RatisMetrics.java:unregister(43)) - Unregistering Metrics Registry : ratis.state_machine.a427f57b-033e-4f4a-af2c-a26eb345c30a@group-F7B35D7D5D69
2020-07-20 08:36:09,504 [ForkJoinPool.commonPool-worker-0] INFO  impl.RaftServerImpl (ServerState.java:close(387)) - a427f57b-033e-4f4a-af2c-a26eb345c30a@group-F7B35D7D5D69: closes. applyIndex: 0
2020-07-20 08:36:09,504 [a427f57b-033e-4f4a-af2c-a26eb345c30a@group-F7B35D7D5D69-SegmentedRaftLogWorker] INFO  segmented.SegmentedRaftLogWorker (SegmentedRaftLogWorker.java:run(327)) - a427f57b-033e-4f4a-af2c-a26eb345c30a@group-F7B35D7D5D69-SegmentedRaftLogWorker was interrupted, exiting. There are 0 tasks remaining in the queue.
2020-07-20 08:36:09,505 [ForkJoinPool.commonPool-worker-0] INFO  segmented.SegmentedRaftLogWorker (SegmentedRaftLogWorker.java:close(234)) - a427f57b-033e-4f4a-af2c-a26eb345c30a@group-F7B35D7D5D69-SegmentedRaftLogWorker close()
2020-07-20 08:36:09,505 [ForkJoinPool.commonPool-worker-0] INFO  metrics.RatisMetrics (RatisMetrics.java:unregister(43)) - Unregistering Metrics Registry : ratis.log_worker.a427f57b-033e-4f4a-af2c-a26eb345c30a@group-F7B35D7D5D69
2020-07-20 08:36:09,505 [ForkJoinPool.commonPool-worker-0] INFO  metrics.RatisMetrics (RatisMetrics.java:unregister(43)) - Unregistering Metrics Registry : ratis.leader_election.a427f57b-033e-4f4a-af2c-a26eb345c30a@group-F7B35D7D5D69
2020-07-20 08:36:09,505 [ForkJoinPool.commonPool-worker-0] INFO  metrics.RatisMetrics (RatisMetrics.java:unregister(43)) - Unregistering Metrics Registry : ratis.server.a427f57b-033e-4f4a-af2c-a26eb345c30a@group-F7B35D7D5D69
2020-07-20 08:36:09,505 [ForkJoinPool.commonPool-worker-0] INFO  server.GrpcService (GrpcService.java:closeImpl(166)) - a427f57b-033e-4f4a-af2c-a26eb345c30a: shutdown server with port 39469 now
2020-07-20 08:36:09,505 [ForkJoinPool.commonPool-worker-0] INFO  server.GrpcService (GrpcService.java:closeImpl(174)) - a427f57b-033e-4f4a-af2c-a26eb345c30a: shutdown server with port 39469 successfully
2020-07-20 08:36:09,507 [ForkJoinPool.commonPool-worker-0] INFO  utils.BackgroundService (BackgroundService.java:shutdown(157)) - Shutting down service BlockDeletingService
2020-07-20 08:36:09,509 [ForkJoinPool.commonPool-worker-0] INFO  statemachine.DatanodeStateMachine (DatanodeStateMachine.java:stopDaemon(428)) - Ozone container server stopped.
2020-07-20 08:36:09,517 [ForkJoinPool.commonPool-worker-0] INFO  handler.ContextHandler (ContextHandler.java:doStop(1016)) - Stopped o.e.j.w.WebAppContext@2e8c10a4{hddsDatanode,/,null,UNAVAILABLE}{jar:file:/home/user/.m2/repository/org/apache/hadoop/hadoop-hdds-container-service/0.6.0-SNAPSHOT/hadoop-hdds-container-service-0.6.0-SNAPSHOT.jar!/webapps/hddsDatanode}
2020-07-20 08:36:09,518 [ForkJoinPool.commonPool-worker-0] INFO  server.AbstractConnector (AbstractConnector.java:doStop(380)) - Stopped ServerConnector@639db104{HTTP/1.1,[http/1.1]}{0.0.0.0:0}
2020-07-20 08:36:09,518 [ForkJoinPool.commonPool-worker-0] INFO  server.session (HouseKeeper.java:stopScavenging(158)) - node0 Stopped scavenging
2020-07-20 08:36:09,519 [ForkJoinPool.commonPool-worker-0] INFO  handler.ContextHandler (ContextHandler.java:doStop(1016)) - Stopped o.e.j.s.ServletContextHandler@14b72430{static,/static,jar:file:/home/user/.m2/repository/org/apache/hadoop/hadoop-hdds-container-service/0.6.0-SNAPSHOT/hadoop-hdds-container-service-0.6.0-SNAPSHOT.jar!/webapps/static,UNAVAILABLE}
2020-07-20 08:36:09,520 [ForkJoinPool.commonPool-worker-0] INFO  handler.ContextHandler (ContextHandler.java:doStop(1016)) - Stopped o.e.j.s.ServletContextHandler@298e0cee{logs,/logs,file:///github/workspace/mnt/ozone/hadoop-ozone/integration-test/target/log,UNAVAILABLE}
2020-07-20 08:36:09,521 [Listener at 127.0.0.1/33185] INFO  ozone.MiniOzoneClusterImpl (MiniOzoneClusterImpl.java:stopSCM(476)) - Stopping the StorageContainerManager
2020-07-20 08:36:09,521 [Listener at 127.0.0.1/33185] INFO  server.StorageContainerManager (StorageContainerManager.java:stop(827)) - Stopping Replication Manager Service.
2020-07-20 08:36:09,521 [Listener at 127.0.0.1/33185] INFO  container.ReplicationManager (ReplicationManager.java:stop(218)) - Stopping Replication Monitor Thread.
2020-07-20 08:36:09,528 [Listener at 127.0.0.1/33185] INFO  server.StorageContainerManager (StorageContainerManager.java:stop(834)) - Stopping Lease Manager of the command watchers
2020-07-20 08:36:09,528 [Listener at 127.0.0.1/33185] INFO  server.StorageContainerManager (StorageContainerManager.java:stop(841)) - Stopping datanode service RPC server
2020-07-20 08:36:09,528 [CommandWatcher-LeaseManager#LeaseMonitor] ERROR lease.LeaseManager (LeaseManager.java:run(238)) - Execution was interrupted 
java.lang.InterruptedException: sleep interrupted
	at java.lang.Thread.sleep(Native Method)
	at org.apache.hadoop.ozone.lease.LeaseManager$LeaseMonitor.run(LeaseManager.java:234)
	at java.lang.Thread.run(Thread.java:748)
2020-07-20 08:36:09,528 [Listener at 127.0.0.1/33185] INFO  server.SCMDatanodeProtocolServer (SCMDatanodeProtocolServer.java:stop(361)) - Stopping the RPC server for DataNodes
2020-07-20 08:36:09,528 [Listener at 127.0.0.1/33185] INFO  ipc.Server (Server.java:stop(3359)) - Stopping server on 44185
2020-07-20 08:36:09,530 [IPC Server Responder] INFO  ipc.Server (Server.java:run(1465)) - Stopping IPC Server Responder
2020-07-20 08:36:09,530 [IPC Server listener on 0] INFO  ipc.Server (Server.java:run(1330)) - Stopping IPC Server listener on 0
2020-07-20 08:36:09,628 [SCM Heartbeat Processing Thread - 0] WARN  node.NodeStateManager (NodeStateManager.java:scheduleNextHealthCheck(661)) - Current Thread is interrupted, shutting down HB processing thread for Node Manager.
2020-07-20 08:36:09,628 [Listener at 127.0.0.1/33185] INFO  server.StorageContainerManager (StorageContainerManager.java:stop(849)) - Stopping block service RPC server
2020-07-20 08:36:09,628 [Listener at 127.0.0.1/33185] INFO  server.SCMBlockProtocolServer (SCMBlockProtocolServer.java:stop(158)) - Stopping the RPC server for Block Protocol
2020-07-20 08:36:09,628 [Listener at 127.0.0.1/33185] INFO  ipc.Server (Server.java:stop(3359)) - Stopping server on 46137
2020-07-20 08:36:09,631 [IPC Server listener on 0] INFO  ipc.Server (Server.java:run(1330)) - Stopping IPC Server listener on 0
2020-07-20 08:36:09,631 [IPC Server Responder] INFO  ipc.Server (Server.java:run(1465)) - Stopping IPC Server Responder
2020-07-20 08:36:09,631 [Listener at 127.0.0.1/33185] INFO  server.StorageContainerManager (StorageContainerManager.java:stop(856)) - Stopping the StorageContainerLocationProtocol RPC server
2020-07-20 08:36:09,631 [Listener at 127.0.0.1/33185] INFO  server.SCMClientProtocolServer (SCMClientProtocolServer.java:stop(165)) - Stopping the RPC server for Client Protocol
2020-07-20 08:36:09,631 [Listener at 127.0.0.1/33185] INFO  ipc.Server (Server.java:stop(3359)) - Stopping server on 43107
2020-07-20 08:36:09,633 [IPC Server Responder] INFO  ipc.Server (Server.java:run(1465)) - Stopping IPC Server Responder
2020-07-20 08:36:09,634 [IPC Server listener on 0] INFO  ipc.Server (Server.java:run(1330)) - Stopping IPC Server listener on 0
2020-07-20 08:36:09,635 [Listener at 127.0.0.1/33185] INFO  server.StorageContainerManager (StorageContainerManager.java:stop(863)) - Stopping Storage Container Manager HTTP server.
2020-07-20 08:36:09,635 [Listener at 127.0.0.1/33185] INFO  handler.ContextHandler (ContextHandler.java:doStop(1016)) - Stopped o.e.j.w.WebAppContext@c87886a{scm,/,null,UNAVAILABLE}{file:/github/workspace/mnt/ozone/hadoop-ozone/integration-test/target/test-classes/webapps/scm}
2020-07-20 08:36:09,636 [Listener at 127.0.0.1/33185] INFO  server.AbstractConnector (AbstractConnector.java:doStop(380)) - Stopped ServerConnector@7c814b6f{HTTP/1.1,[http/1.1]}{0.0.0.0:0}
2020-07-20 08:36:09,636 [Listener at 127.0.0.1/33185] INFO  server.session (HouseKeeper.java:stopScavenging(158)) - node0 Stopped scavenging
2020-07-20 08:36:09,636 [Listener at 127.0.0.1/33185] INFO  handler.ContextHandler (ContextHandler.java:doStop(1016)) - Stopped o.e.j.s.ServletContextHandler@7b88e55a{static,/static,file:///github/workspace/mnt/ozone/hadoop-ozone/integration-test/target/test-classes/webapps/static,UNAVAILABLE}
2020-07-20 08:36:09,637 [Listener at 127.0.0.1/33185] INFO  handler.ContextHandler (ContextHandler.java:doStop(1016)) - Stopped o.e.j.s.ServletContextHandler@3adaf666{logs,/logs,file:///github/workspace/mnt/ozone/hadoop-ozone/integration-test/target/log,UNAVAILABLE}
2020-07-20 08:36:09,642 [Listener at 127.0.0.1/33185] INFO  server.StorageContainerManager (StorageContainerManager.java:stop(874)) - Stopping Block Manager Service.
2020-07-20 08:36:09,642 [Listener at 127.0.0.1/33185] INFO  utils.BackgroundService (BackgroundService.java:shutdown(157)) - Shutting down service SCMBlockDeletingService
2020-07-20 08:36:09,642 [Listener at 127.0.0.1/33185] INFO  utils.BackgroundService (BackgroundService.java:shutdown(157)) - Shutting down service SCMBlockDeletingService
2020-07-20 08:36:09,642 [Listener at 127.0.0.1/33185] INFO  server.StorageContainerManager (StorageContainerManager.java:stop(899)) - Stopping SCM Event Queue.
2020-07-20 08:36:09,648 [Listener at 127.0.0.1/33185] INFO  impl.MetricsSystemImpl (MetricsSystemImpl.java:stop(210)) - Stopping HddsDatanode metrics system...
2020-07-20 08:36:09,654 [Listener at 127.0.0.1/33185] INFO  impl.MetricsSystemImpl (MetricsSystemImpl.java:stop(216)) - HddsDatanode metrics system stopped.
]]></system-out>
  </testcase>
  <testcase name="testWatchForCommitWithCloseContainerException" classname="org.apache.hadoop.ozone.client.rpc.TestBlockOutputStreamWithFailures" time="35.857"/>
  <testcase name="testExceptionDuringClose" classname="org.apache.hadoop.ozone.client.rpc.TestBlockOutputStreamWithFailures" time="35.653"/>
</testsuite>