<?xml version="1.0" encoding="UTF-8"?>
<testsuite xmlns:xsi="http://www.w3.org/2001/XMLSchema-instance" xsi:noNamespaceSchemaLocation="https://maven.apache.org/surefire/maven-surefire-plugin/xsd/surefire-test-report-3.0.xsd" version="3.0" name="org.apache.hadoop.ozone.recon.TestReconScmSnapshot" time="93.378" tests="2" errors="1" skipped="0" failures="0">
  <properties>
    <property name="org.jooq.no-logo" value="true"/>
    <property name="java.specification.version" value="17"/>
    <property name="sun.jnu.encoding" value="UTF-8"/>
    <property name="java.class.path" value="/home/runner/work/ozone/ozone/hadoop-ozone/integration-test/target/test-classes:/home/runner/work/ozone/ozone/hadoop-ozone/integration-test/target/classes:/home/runner/work/ozone/ozone/hadoop-ozone/common/target/ozone-common-2.0.0-SNAPSHOT.jar:/home/runner/.m2/repository/io/grpc/grpc-netty/1.58.0/grpc-netty-1.58.0.jar:/home/runner/.m2/repository/io/grpc/grpc-core/1.58.0/grpc-core-1.58.0.jar:/home/runner/.m2/repository/com/google/android/annotations/4.1.1.4/annotations-4.1.1.4.jar:/home/runner/.m2/repository/org/codehaus/mojo/animal-sniffer-annotations/1.23/animal-sniffer-annotations-1.23.jar:/home/runner/.m2/repository/io/grpc/grpc-context/1.58.0/grpc-context-1.58.0.jar:/home/runner/.m2/repository/io/grpc/grpc-util/1.58.0/grpc-util-1.58.0.jar:/home/runner/.m2/repository/com/google/errorprone/error_prone_annotations/2.29.2/error_prone_annotations-2.29.2.jar:/home/runner/.m2/repository/io/perfmark/perfmark-api/0.26.0/perfmark-api-0.26.0.jar:/home/runner/.m2/repository/io/netty/netty-codec-http2/4.1.109.Final/netty-codec-http2-4.1.109.Final.jar:/home/runner/.m2/repository/io/netty/netty-codec-http/4.1.109.Final/netty-codec-http-4.1.109.Final.jar:/home/runner/.m2/repository/io/netty/netty-handler-proxy/4.1.109.Final/netty-handler-proxy-4.1.109.Final.jar:/home/runner/.m2/repository/io/netty/netty-codec-socks/4.1.109.Final/netty-codec-socks-4.1.109.Final.jar:/home/runner/.m2/repository/io/netty/netty-tcnative-boringssl-static/2.0.65.Final/netty-tcnative-boringssl-static-2.0.65.Final.jar:/home/runner/.m2/repository/io/netty/netty-tcnative-classes/2.0.65.Final/netty-tcnative-classes-2.0.65.Final.jar:/home/runner/.m2/repository/io/netty/netty-tcnative-boringssl-static/2.0.65.Final/netty-tcnative-boringssl-static-2.0.65.Final-linux-x86_64.jar:/home/runner/.m2/repository/io/netty/netty-tcnative-boringssl-static/2.0.65.Final/netty-tcnative-boringssl-static-2.0.65.Final-linux-aarch_64.jar:/home/runner/.m2/repository/io/netty/netty-tcnative-boringssl-static/2.0.65.Final/netty-tcnative-boringssl-static-2.0.65.Final-osx-x86_64.jar:/home/runner/.m2/repository/io/netty/netty-tcnative-boringssl-static/2.0.65.Final/netty-tcnative-boringssl-static-2.0.65.Final-osx-aarch_64.jar:/home/runner/.m2/repository/io/netty/netty-tcnative-boringssl-static/2.0.65.Final/netty-tcnative-boringssl-static-2.0.65.Final-windows-x86_64.jar:/home/runner/.m2/repository/org/apache/commons/commons-compress/1.27.1/commons-compress-1.27.1.jar:/home/runner/work/ozone/ozone/hadoop-hdds/common/target/hdds-common-2.0.0-SNAPSHOT.jar:/home/runner/work/ozone/ozone/hadoop-hdds/client/target/hdds-client-2.0.0-SNAPSHOT.jar:/home/runner/work/ozone/ozone/hadoop-hdds/config/target/hdds-config-2.0.0-SNAPSHOT.jar:/home/runner/work/ozone/ozone/hadoop-hdds/interface-client/target/hdds-interface-client-2.0.0-SNAPSHOT.jar:/home/runner/.m2/repository/org/apache/hadoop/thirdparty/hadoop-shaded-protobuf_3_7/1.1.1/hadoop-shaded-protobuf_3_7-1.1.1.jar:/home/runner/work/ozone/ozone/hadoop-ozone/interface-client/target/ozone-interface-client-2.0.0-SNAPSHOT.jar:/home/runner/.m2/repository/org/apache/hadoop/hadoop-hdfs-client/3.3.6/hadoop-hdfs-client-3.3.6.jar:/home/runner/.m2/repository/com/squareup/okhttp3/okhttp/4.12.0/okhttp-4.12.0.jar:/home/runner/.m2/repository/com/squareup/okio/okio/3.6.0/okio-3.6.0.jar:/home/runner/.m2/repository/com/squareup/okio/okio-jvm/3.6.0/okio-jvm-3.6.0.jar:/home/runner/.m2/repository/org/jetbrains/kotlin/kotlin-stdlib-jdk8/1.9.25/kotlin-stdlib-jdk8-1.9.25.jar:/home/runner/.m2/repository/org/jetbrains/kotlin/kotlin-stdlib-jdk7/1.9.25/kotlin-stdlib-jdk7-1.9.25.jar:/home/runner/.m2/repository/org/jetbrains/kotlin/kotlin-stdlib-common/1.9.25/kotlin-stdlib-common-1.9.25.jar:/home/runner/.m2/repository/org/apache/httpcomponents/httpclient/4.5.14/httpclient-4.5.14.jar:/home/runner/.m2/repository/org/apache/httpcomponents/httpcore/4.4.16/httpcore-4.4.16.jar:/home/runner/.m2/repository/org/apache/ratis/ratis-common/3.1.1/ratis-common-3.1.1.jar:/home/runner/.m2/repository/org/apache/ratis/ratis-proto/3.1.1/ratis-proto-3.1.1.jar:/home/runner/.m2/repository/org/apache/ratis/ratis-thirdparty-misc/1.0.6/ratis-thirdparty-misc-1.0.6.jar:/home/runner/.m2/repository/org/slf4j/slf4j-api/2.0.16/slf4j-api-2.0.16.jar:/home/runner/.m2/repository/com/fasterxml/jackson/core/jackson-annotations/2.16.2/jackson-annotations-2.16.2.jar:/home/runner/.m2/repository/com/fasterxml/jackson/core/jackson-databind/2.16.2/jackson-databind-2.16.2.jar:/home/runner/.m2/repository/com/github/stephenc/jcip/jcip-annotations/1.0-1/jcip-annotations-1.0-1.jar:/home/runner/.m2/repository/com/google/guava/guava/32.1.3-jre/guava-32.1.3-jre.jar:/home/runner/.m2/repository/com/google/guava/failureaccess/1.0.1/failureaccess-1.0.1.jar:/home/runner/.m2/repository/com/google/guava/listenablefuture/9999.0-empty-to-avoid-conflict-with-guava/listenablefuture-9999.0-empty-to-avoid-conflict-with-guava.jar:/home/runner/.m2/repository/org/checkerframework/checker-qual/3.37.0/checker-qual-3.37.0.jar:/home/runner/.m2/repository/com/google/j2objc/j2objc-annotations/2.8/j2objc-annotations-2.8.jar:/home/runner/.m2/repository/com/google/protobuf/protobuf-java/2.5.0/protobuf-java-2.5.0.jar:/home/runner/.m2/repository/io/grpc/grpc-api/1.58.0/grpc-api-1.58.0.jar:/home/runner/.m2/repository/io/grpc/grpc-stub/1.58.0/grpc-stub-1.58.0.jar:/home/runner/.m2/repository/io/netty/netty-common/4.1.109.Final/netty-common-4.1.109.Final.jar:/home/runner/.m2/repository/io/netty/netty-handler/4.1.109.Final/netty-handler-4.1.109.Final.jar:/home/runner/.m2/repository/io/netty/netty-resolver/4.1.109.Final/netty-resolver-4.1.109.Final.jar:/home/runner/.m2/repository/jakarta/annotation/jakarta.annotation-api/2.1.1/jakarta.annotation-api-2.1.1.jar:/home/runner/work/ozone/ozone/hadoop-hdds/test-utils/target/hdds-test-utils-2.0.0-SNAPSHOT.jar:/home/runner/.m2/repository/org/assertj/assertj-core/3.26.3/assertj-core-3.26.3.jar:/home/runner/.m2/repository/net/bytebuddy/byte-buddy/1.14.18/byte-buddy-1.14.18.jar:/home/runner/.m2/repository/commons-io/commons-io/2.17.0/commons-io-2.17.0.jar:/home/runner/.m2/repository/commons-logging/commons-logging/1.2/commons-logging-1.2.jar:/home/runner/.m2/repository/org/junit/jupiter/junit-jupiter-api/5.10.3/junit-jupiter-api-5.10.3.jar:/home/runner/.m2/repository/org/opentest4j/opentest4j/1.3.0/opentest4j-1.3.0.jar:/home/runner/.m2/repository/org/junit/platform/junit-platform-commons/1.10.3/junit-platform-commons-1.10.3.jar:/home/runner/.m2/repository/ch/qos/reload4j/reload4j/1.2.25/reload4j-1.2.25.jar:/home/runner/.m2/repository/org/apache/logging/log4j/log4j-api/2.24.1/log4j-api-2.24.1.jar:/home/runner/work/ozone/ozone/hadoop-hdds/server-scm/target/hdds-server-scm-2.0.0-SNAPSHOT.jar:/home/runner/work/ozone/ozone/hadoop-hdds/container-service/target/hdds-container-service-2.0.0-SNAPSHOT.jar:/home/runner/work/ozone/ozone/hadoop-hdds/hadoop-dependency-server/target/hdds-hadoop-dependency-server-2.0.0-SNAPSHOT.jar:/home/runner/.m2/repository/com/nimbusds/nimbus-jose-jwt/9.40/nimbus-jose-jwt-9.40.jar:/home/runner/.m2/repository/org/apache/hadoop/hadoop-hdfs/3.3.6/hadoop-hdfs-3.3.6.jar:/home/runner/.m2/repository/commons-daemon/commons-daemon/1.4.0/commons-daemon-1.4.0.jar:/home/runner/.m2/repository/org/apache/kerby/kerb-core/1.0.1/kerb-core-1.0.1.jar:/home/runner/.m2/repository/org/apache/kerby/kerby-pkix/1.0.1/kerby-pkix-1.0.1.jar:/home/runner/.m2/repository/org/apache/kerby/kerby-asn1/1.0.1/kerby-asn1-1.0.1.jar:/home/runner/.m2/repository/org/apache/kerby/kerb-util/1.0.1/kerb-util-1.0.1.jar:/home/runner/.m2/repository/org/apache/kerby/kerby-config/1.0.1/kerby-config-1.0.1.jar:/home/runner/.m2/repository/org/apache/kerby/kerb-crypto/1.0.1/kerb-crypto-1.0.1.jar:/home/runner/.m2/repository/org/xerial/snappy/snappy-java/1.1.10.7/snappy-java-1.1.10.7.jar:/home/runner/work/ozone/ozone/hadoop-hdds/interface-admin/target/hdds-interface-admin-2.0.0-SNAPSHOT.jar:/home/runner/work/ozone/ozone/hadoop-hdds/interface-server/target/hdds-interface-server-2.0.0-SNAPSHOT.jar:/home/runner/work/ozone/ozone/hadoop-hdds/framework/target/hdds-server-framework-2.0.0-SNAPSHOT.jar:/home/runner/.m2/repository/org/apache/ratis/ratis-client/3.1.1/ratis-client-3.1.1.jar:/home/runner/.m2/repository/org/apache/ratis/ratis-grpc/3.1.1/ratis-grpc-3.1.1.jar:/home/runner/.m2/repository/org/apache/ratis/ratis-netty/3.1.1/ratis-netty-3.1.1.jar:/home/runner/.m2/repository/org/apache/ratis/ratis-server-api/3.1.1/ratis-server-api-3.1.1.jar:/home/runner/.m2/repository/org/bouncycastle/bcpkix-jdk18on/1.78.1/bcpkix-jdk18on-1.78.1.jar:/home/runner/.m2/repository/org/bouncycastle/bcprov-jdk18on/1.78.1/bcprov-jdk18on-1.78.1.jar:/home/runner/.m2/repository/io/dropwizard/metrics/metrics-core/3.2.6/metrics-core-3.2.6.jar:/home/runner/.m2/repository/org/apache/commons/commons-text/1.12.0/commons-text-1.12.0.jar:/home/runner/.m2/repository/org/eclipse/jetty/jetty-webapp/9.4.56.v20240826/jetty-webapp-9.4.56.v20240826.jar:/home/runner/.m2/repository/org/eclipse/jetty/jetty-xml/9.4.56.v20240826/jetty-xml-9.4.56.v20240826.jar:/home/runner/.m2/repository/com/fasterxml/jackson/core/jackson-core/2.16.2/jackson-core-2.16.2.jar:/home/runner/.m2/repository/info/picocli/picocli/4.7.5/picocli-4.7.5.jar:/home/runner/.m2/repository/javax/servlet/javax.servlet-api/3.1.0/javax.servlet-api-3.1.0.jar:/home/runner/.m2/repository/commons-collections/commons-collections/3.2.2/commons-collections-3.2.2.jar:/home/runner/work/ozone/ozone/hadoop-hdds/framework/target/hdds-server-framework-2.0.0-SNAPSHOT-tests.jar:/home/runner/work/ozone/ozone/hadoop-hdds/managed-rocksdb/target/hdds-managed-rocksdb-2.0.0-SNAPSHOT.jar:/home/runner/.m2/repository/org/slf4j/slf4j-reload4j/2.0.16/slf4j-reload4j-2.0.16.jar:/home/runner/.m2/repository/org/apache/commons/commons-configuration2/2.11.0/commons-configuration2-2.11.0.jar:/home/runner/.m2/repository/commons-codec/commons-codec/1.17.1/commons-codec-1.17.1.jar:/home/runner/.m2/repository/commons-fileupload/commons-fileupload/1.5/commons-fileupload-1.5.jar:/home/runner/.m2/repository/commons-validator/commons-validator/1.6/commons-validator-1.6.jar:/home/runner/.m2/repository/commons-beanutils/commons-beanutils/1.9.4/commons-beanutils-1.9.4.jar:/home/runner/.m2/repository/commons-digester/commons-digester/1.8.1/commons-digester-1.8.1.jar:/home/runner/.m2/repository/org/apache/logging/log4j/log4j-core/2.24.1/log4j-core-2.24.1.jar:/home/runner/.m2/repository/com/lmax/disruptor/3.4.4/disruptor-3.4.4.jar:/home/runner/.m2/repository/org/eclipse/jetty/jetty-http/9.4.56.v20240826/jetty-http-9.4.56.v20240826.jar:/home/runner/.m2/repository/org/eclipse/jetty/jetty-io/9.4.56.v20240826/jetty-io-9.4.56.v20240826.jar:/home/runner/.m2/repository/org/eclipse/jetty/jetty-util/9.4.56.v20240826/jetty-util-9.4.56.v20240826.jar:/home/runner/.m2/repository/org/eclipse/jetty/jetty-server/9.4.56.v20240826/jetty-server-9.4.56.v20240826.jar:/home/runner/.m2/repository/org/eclipse/jetty/jetty-servlet/9.4.56.v20240826/jetty-servlet-9.4.56.v20240826.jar:/home/runner/.m2/repository/org/eclipse/jetty/jetty-security/9.4.56.v20240826/jetty-security-9.4.56.v20240826.jar:/home/runner/.m2/repository/org/eclipse/jetty/jetty-util-ajax/9.4.56.v20240826/jetty-util-ajax-9.4.56.v20240826.jar:/home/runner/.m2/repository/org/glassfish/jersey/core/jersey-server/2.45/jersey-server-2.45.jar:/home/runner/.m2/repository/org/glassfish/jersey/core/jersey-client/2.45/jersey-client-2.45.jar:/home/runner/.m2/repository/org/glassfish/jersey/containers/jersey-container-servlet-core/2.45/jersey-container-servlet-core-2.45.jar:/home/runner/.m2/repository/org/rocksdb/rocksdbjni/7.7.3/rocksdbjni-7.7.3.jar:/home/runner/.m2/repository/org/apache/ratis/ratis-metrics-api/3.1.1/ratis-metrics-api-3.1.1.jar:/home/runner/.m2/repository/org/apache/ratis/ratis-metrics-dropwizard3/3.1.1/ratis-metrics-dropwizard3-3.1.1.jar:/home/runner/.m2/repository/io/opentracing/opentracing-api/0.33.0/opentracing-api-0.33.0.jar:/home/runner/.m2/repository/io/prometheus/simpleclient/0.16.0/simpleclient-0.16.0.jar:/home/runner/.m2/repository/io/prometheus/simpleclient_dropwizard/0.16.0/simpleclient_dropwizard-0.16.0.jar:/home/runner/.m2/repository/io/prometheus/simpleclient_common/0.16.0/simpleclient_common-0.16.0.jar:/home/runner/.m2/repository/com/fasterxml/jackson/datatype/jackson-datatype-jsr310/2.16.2/jackson-datatype-jsr310-2.16.2.jar:/home/runner/.m2/repository/com/github/jnr/jnr-constants/0.10.4/jnr-constants-0.10.4.jar:/home/runner/.m2/repository/com/github/jnr/jnr-posix/3.1.20/jnr-posix-3.1.20.jar:/home/runner/.m2/repository/com/github/jnr/jnr-ffi/2.2.17/jnr-ffi-2.2.17.jar:/home/runner/.m2/repository/com/github/jnr/jffi/1.3.13/jffi-1.3.13.jar:/home/runner/.m2/repository/com/github/jnr/jffi/1.3.13/jffi-1.3.13-native.jar:/home/runner/.m2/repository/org/ow2/asm/asm/9.7.1/asm-9.7.1.jar:/home/runner/.m2/repository/org/ow2/asm/asm-commons/9.7.1/asm-commons-9.7.1.jar:/home/runner/.m2/repository/org/ow2/asm/asm-analysis/9.7.1/asm-analysis-9.7.1.jar:/home/runner/.m2/repository/org/ow2/asm/asm-tree/9.7.1/asm-tree-9.7.1.jar:/home/runner/.m2/repository/org/ow2/asm/asm-util/9.7.1/asm-util-9.7.1.jar:/home/runner/.m2/repository/com/github/jnr/jnr-a64asm/1.0.0/jnr-a64asm-1.0.0.jar:/home/runner/.m2/repository/com/github/jnr/jnr-x86asm/1.0.2/jnr-x86asm-1.0.2.jar:/home/runner/.m2/repository/com/google/code/gson/gson/2.10.1/gson-2.10.1.jar:/home/runner/work/ozone/ozone/hadoop-hdds/rocksdb-checkpoint-differ/target/rocksdb-checkpoint-differ-2.0.0-SNAPSHOT.jar:/home/runner/.m2/repository/org/jgrapht/jgrapht-core/1.4.0/jgrapht-core-1.4.0.jar:/home/runner/.m2/repository/org/jheaps/jheaps/0.11/jheaps-0.11.jar:/home/runner/.m2/repository/org/jgrapht/jgrapht-ext/1.4.0/jgrapht-ext-1.4.0.jar:/home/runner/.m2/repository/com/github/vlsi/mxgraph/jgraphx/3.9.12/jgraphx-3.9.12.jar:/home/runner/.m2/repository/jakarta/ws/rs/jakarta.ws.rs-api/2.1.6/jakarta.ws.rs-api-2.1.6.jar:/home/runner/work/ozone/ozone/hadoop-ozone/ozone-manager/target/ozone-manager-2.0.0-SNAPSHOT.jar:/home/runner/.m2/repository/org/aspectj/aspectjrt/1.9.7/aspectjrt-1.9.7.jar:/home/runner/.m2/repository/org/aspectj/aspectjweaver/1.9.7/aspectjweaver-1.9.7.jar:/home/runner/work/ozone/ozone/hadoop-ozone/interface-storage/target/ozone-interface-storage-2.0.0-SNAPSHOT.jar:/home/runner/.m2/repository/org/apache/kerby/kerby-util/1.0.1/kerby-util-1.0.1.jar:/home/runner/.m2/repository/io/netty/netty-transport/4.1.109.Final/netty-transport-4.1.109.Final.jar:/home/runner/.m2/repository/org/reflections/reflections/0.10.2/reflections-0.10.2.jar:/home/runner/.m2/repository/com/sun/jersey/jersey-client/1.19.4/jersey-client-1.19.4.jar:/home/runner/.m2/repository/jakarta/xml/bind/jakarta.xml.bind-api/2.3.3/jakarta.xml.bind-api-2.3.3.jar:/home/runner/.m2/repository/org/codehaus/jackson/jackson-core-asl/1.9.13/jackson-core-asl-1.9.13.jar:/home/runner/.m2/repository/org/codehaus/jackson/jackson-mapper-asl/1.9.13/jackson-mapper-asl-1.9.13.jar:/home/runner/.m2/repository/org/codehaus/jackson/jackson-jaxrs/1.9.13/jackson-jaxrs-1.9.13.jar:/home/runner/.m2/repository/org/apache/ranger/ranger-plugins-common/2.3.0/ranger-plugins-common-2.3.0.jar:/home/runner/.m2/repository/commons-lang/commons-lang/2.6/commons-lang-2.6.jar:/home/runner/.m2/repository/org/apache/ranger/ranger-plugins-cred/2.3.0/ranger-plugins-cred-2.3.0.jar:/home/runner/.m2/repository/org/apache/ranger/ranger-plugins-audit/2.3.0/ranger-plugins-audit-2.3.0.jar:/home/runner/.m2/repository/org/eclipse/jetty/jetty-client/9.4.56.v20240826/jetty-client-9.4.56.v20240826.jar:/home/runner/.m2/repository/org/apache/httpcomponents/httpmime/4.5.6/httpmime-4.5.6.jar:/home/runner/.m2/repository/org/apache/httpcomponents/httpcore-nio/4.4.16/httpcore-nio-4.4.16.jar:/home/runner/.m2/repository/org/apache/httpcomponents/httpasyncclient/4.1.3/httpasyncclient-4.1.3.jar:/home/runner/.m2/repository/com/carrotsearch/hppc/0.8.0/hppc-0.8.0.jar:/home/runner/.m2/repository/org/apache/orc/orc-core/1.5.8/orc-core-1.5.8.jar:/home/runner/.m2/repository/net/java/dev/jna/jna/5.2.0/jna-5.2.0.jar:/home/runner/.m2/repository/net/java/dev/jna/jna-platform/5.2.0/jna-platform-5.2.0.jar:/home/runner/.m2/repository/com/kstruct/gethostname4j/0.0.2/gethostname4j-0.0.2.jar:/home/runner/.m2/repository/org/apache/ranger/ranger-plugin-classloader/2.3.0/ranger-plugin-classloader-2.3.0.jar:/home/runner/.m2/repository/org/apache/ranger/ranger-intg/2.3.0/ranger-intg-2.3.0.jar:/home/runner/work/ozone/ozone/hadoop-hdds/rocks-native/target/hdds-rocks-native-2.0.0-SNAPSHOT.jar:/home/runner/.m2/repository/org/apache/hadoop/hadoop-minikdc/3.3.6/hadoop-minikdc-3.3.6.jar:/home/runner/.m2/repository/org/apache/kerby/kerb-simplekdc/1.0.1/kerb-simplekdc-1.0.1.jar:/home/runner/.m2/repository/org/apache/kerby/kerb-client/1.0.1/kerb-client-1.0.1.jar:/home/runner/.m2/repository/org/apache/kerby/kerb-common/1.0.1/kerb-common-1.0.1.jar:/home/runner/.m2/repository/org/apache/kerby/token-provider/1.0.1/token-provider-1.0.1.jar:/home/runner/.m2/repository/org/apache/kerby/kerb-admin/1.0.1/kerb-admin-1.0.1.jar:/home/runner/.m2/repository/org/apache/kerby/kerb-server/1.0.1/kerb-server-1.0.1.jar:/home/runner/.m2/repository/org/apache/kerby/kerb-identity/1.0.1/kerb-identity-1.0.1.jar:/home/runner/.m2/repository/org/apache/kerby/kerby-xdr/1.0.1/kerby-xdr-1.0.1.jar:/home/runner/.m2/repository/junit/junit/4.13.2/junit-4.13.2.jar:/home/runner/.m2/repository/org/hamcrest/hamcrest-core/1.3/hamcrest-core-1.3.jar:/home/runner/work/ozone/ozone/hadoop-ozone/s3gateway/target/ozone-s3gateway-2.0.0-SNAPSHOT.jar:/home/runner/.m2/repository/org/javassist/javassist/3.30.2-GA/javassist-3.30.2-GA.jar:/home/runner/.m2/repository/org/jboss/weld/servlet/weld-servlet-shaded/3.1.9.Final/weld-servlet-shaded-3.1.9.Final.jar:/home/runner/.m2/repository/org/glassfish/jersey/core/jersey-common/2.45/jersey-common-2.45.jar:/home/runner/.m2/repository/org/glassfish/hk2/osgi-resource-locator/1.0.3/osgi-resource-locator-1.0.3.jar:/home/runner/.m2/repository/org/glassfish/jersey/ext/cdi/jersey-cdi1x/2.45/jersey-cdi1x-2.45.jar:/home/runner/.m2/repository/org/glassfish/jersey/inject/jersey-hk2/2.45/jersey-hk2-2.45.jar:/home/runner/.m2/repository/org/glassfish/hk2/hk2-locator/2.6.1/hk2-locator-2.6.1.jar:/home/runner/.m2/repository/org/glassfish/jersey/media/jersey-media-jaxb/2.45/jersey-media-jaxb-2.45.jar:/home/runner/.m2/repository/org/glassfish/hk2/hk2-api/2.6.1/hk2-api-2.6.1.jar:/home/runner/.m2/repository/org/glassfish/hk2/hk2-utils/2.6.1/hk2-utils-2.6.1.jar:/home/runner/.m2/repository/org/glassfish/hk2/external/aopalliance-repackaged/2.6.1/aopalliance-repackaged-2.6.1.jar:/home/runner/.m2/repository/com/fasterxml/jackson/dataformat/jackson-dataformat-xml/2.16.2/jackson-dataformat-xml-2.16.2.jar:/home/runner/.m2/repository/org/codehaus/woodstox/stax2-api/4.2.2/stax2-api-4.2.2.jar:/home/runner/.m2/repository/com/fasterxml/woodstox/woodstox-core/5.4.0/woodstox-core-5.4.0.jar:/home/runner/.m2/repository/com/fasterxml/jackson/module/jackson-module-jaxb-annotations/2.16.2/jackson-module-jaxb-annotations-2.16.2.jar:/home/runner/.m2/repository/javax/annotation/javax.annotation-api/1.3.2/javax.annotation-api-1.3.2.jar:/home/runner/.m2/repository/javax/enterprise/cdi-api/2.0/cdi-api-2.0.jar:/home/runner/.m2/repository/javax/el/javax.el-api/3.0.0/javax.el-api-3.0.0.jar:/home/runner/.m2/repository/javax/interceptor/javax.interceptor-api/1.2/javax.interceptor-api-1.2.jar:/home/runner/.m2/repository/org/glassfish/jaxb/jaxb-runtime/2.3.9/jaxb-runtime-2.3.9.jar:/home/runner/.m2/repository/org/glassfish/jaxb/txw2/2.3.9/txw2-2.3.9.jar:/home/runner/.m2/repository/com/sun/istack/istack-commons-runtime/3.0.12/istack-commons-runtime-3.0.12.jar:/home/runner/.m2/repository/com/sun/activation/jakarta.activation/1.2.2/jakarta.activation-1.2.2.jar:/home/runner/.m2/repository/jakarta/activation/jakarta.activation-api/1.2.2/jakarta.activation-api-1.2.2.jar:/home/runner/.m2/repository/io/grpc/grpc-protobuf/1.58.0/grpc-protobuf-1.58.0.jar:/home/runner/.m2/repository/com/google/api/grpc/proto-google-common-protos/2.22.0/proto-google-common-protos-2.22.0.jar:/home/runner/.m2/repository/io/grpc/grpc-protobuf-lite/1.58.0/grpc-protobuf-lite-1.58.0.jar:/home/runner/.m2/repository/io/opentracing/opentracing-noop/0.33.0/opentracing-noop-0.33.0.jar:/home/runner/.m2/repository/io/opentracing/opentracing-util/0.33.0/opentracing-util-0.33.0.jar:/home/runner/work/ozone/ozone/hadoop-ozone/csi/target/ozone-csi-2.0.0-SNAPSHOT.jar:/home/runner/.m2/repository/com/google/protobuf/protobuf-java-util/3.19.6/protobuf-java-util-3.19.6.jar:/home/runner/.m2/repository/io/netty/netty-transport-classes-epoll/4.1.109.Final/netty-transport-classes-epoll-4.1.109.Final.jar:/home/runner/.m2/repository/io/netty/netty-transport-native-epoll/4.1.109.Final/netty-transport-native-epoll-4.1.109.Final-linux-x86_64.jar:/home/runner/.m2/repository/io/netty/netty-transport-native-unix-common/4.1.109.Final/netty-transport-native-unix-common-4.1.109.Final.jar:/home/runner/work/ozone/ozone/hadoop-ozone/recon/target/ozone-recon-2.0.0-SNAPSHOT.jar:/home/runner/work/ozone/ozone/hadoop-ozone/recon-codegen/target/ozone-reconcodegen-2.0.0-SNAPSHOT.jar:/home/runner/.m2/repository/aopalliance/aopalliance/1.0/aopalliance-1.0.jar:/home/runner/.m2/repository/com/google/inject/guice/6.0.0/guice-6.0.0.jar:/home/runner/.m2/repository/jakarta/inject/jakarta.inject-api/2.0.1/jakarta.inject-api-2.0.1.jar:/home/runner/.m2/repository/com/google/inject/extensions/guice-assistedinject/6.0.0/guice-assistedinject-6.0.0.jar:/home/runner/.m2/repository/com/google/inject/extensions/guice-servlet/6.0.0/guice-servlet-6.0.0.jar:/home/runner/.m2/repository/org/glassfish/jersey/containers/jersey-container-servlet/2.45/jersey-container-servlet-2.45.jar:/home/runner/.m2/repository/org/glassfish/hk2/guice-bridge/2.6.1/guice-bridge-2.6.1.jar:/home/runner/.m2/repository/org/glassfish/hk2/external/jakarta.inject/2.6.1/jakarta.inject-2.6.1.jar:/home/runner/.m2/repository/org/glassfish/jersey/media/jersey-media-json-jackson/2.45/jersey-media-json-jackson-2.45.jar:/home/runner/.m2/repository/org/glassfish/jersey/ext/jersey-entity-filtering/2.45/jersey-entity-filtering-2.45.jar:/home/runner/.m2/repository/org/jooq/jooq/3.11.10/jooq-3.11.10.jar:/home/runner/.m2/repository/org/jooq/jooq-meta/3.11.10/jooq-meta-3.11.10.jar:/home/runner/.m2/repository/org/jooq/jooq-codegen/3.11.10/jooq-codegen-3.11.10.jar:/home/runner/.m2/repository/com/jolbox/bonecp/0.8.0.RELEASE/bonecp-0.8.0.RELEASE.jar:/home/runner/.m2/repository/org/apache/derby/derby/10.14.2.0/derby-10.14.2.0.jar:/home/runner/.m2/repository/org/xerial/sqlite-jdbc/3.46.1.3/sqlite-jdbc-3.46.1.3.jar:/home/runner/.m2/repository/org/springframework/spring-core/5.3.39/spring-core-5.3.39.jar:/home/runner/.m2/repository/org/springframework/spring-jdbc/5.3.39/spring-jdbc-5.3.39.jar:/home/runner/.m2/repository/org/springframework/spring-beans/5.3.39/spring-beans-5.3.39.jar:/home/runner/.m2/repository/org/springframework/spring-tx/5.3.39/spring-tx-5.3.39.jar:/home/runner/.m2/repository/jakarta/validation/jakarta.validation-api/2.0.2/jakarta.validation-api-2.0.2.jar:/home/runner/.m2/repository/javax/inject/javax.inject/1/javax.inject-1.jar:/home/runner/work/ozone/ozone/hadoop-ozone/client/target/ozone-client-2.0.0-SNAPSHOT.jar:/home/runner/work/ozone/ozone/hadoop-hdds/erasurecode/target/hdds-erasurecode-2.0.0-SNAPSHOT.jar:/home/runner/work/ozone/ozone/hadoop-ozone/ozonefs/target/ozone-filesystem-2.0.0-SNAPSHOT.jar:/home/runner/work/ozone/ozone/hadoop-ozone/ozonefs-common/target/ozone-filesystem-common-2.0.0-SNAPSHOT.jar:/home/runner/work/ozone/ozone/hadoop-ozone/tools/target/ozone-tools-2.0.0-SNAPSHOT.jar:/home/runner/.m2/repository/org/apache/ratis/ratis-tools/3.1.1/ratis-tools-3.1.1.jar:/home/runner/.m2/repository/org/apache/ratis/ratis-shell/3.1.1/ratis-shell-3.1.1.jar:/home/runner/.m2/repository/com/amazonaws/aws-java-sdk-core/1.12.661/aws-java-sdk-core-1.12.661.jar:/home/runner/.m2/repository/com/fasterxml/jackson/dataformat/jackson-dataformat-cbor/2.16.2/jackson-dataformat-cbor-2.16.2.jar:/home/runner/.m2/repository/joda-time/joda-time/2.12.7/joda-time-2.12.7.jar:/home/runner/.m2/repository/com/amazonaws/aws-java-sdk-s3/1.12.661/aws-java-sdk-s3-1.12.661.jar:/home/runner/.m2/repository/com/amazonaws/aws-java-sdk-kms/1.12.661/aws-java-sdk-kms-1.12.661.jar:/home/runner/.m2/repository/com/amazonaws/jmespath-java/1.12.661/jmespath-java-1.12.661.jar:/home/runner/.m2/repository/org/kohsuke/metainf-services/metainf-services/1.11/metainf-services-1.11.jar:/home/runner/work/ozone/ozone/hadoop-hdds/tools/target/hdds-tools-2.0.0-SNAPSHOT.jar:/home/runner/.m2/repository/commons-cli/commons-cli/1.8.0/commons-cli-1.8.0.jar:/home/runner/.m2/repository/org/apache/commons/commons-lang3/3.14.0/commons-lang3-3.14.0.jar:/home/runner/work/ozone/ozone/hadoop-ozone/ozone-manager/target/ozone-manager-2.0.0-SNAPSHOT-tests.jar:/home/runner/work/ozone/ozone/hadoop-hdds/common/target/hdds-common-2.0.0-SNAPSHOT-tests.jar:/home/runner/work/ozone/ozone/hadoop-hdds/hadoop-dependency-client/target/hdds-hadoop-dependency-client-2.0.0-SNAPSHOT.jar:/home/runner/work/ozone/ozone/hadoop-hdds/annotations/target/hdds-annotation-processing-2.0.0-SNAPSHOT.jar:/home/runner/.m2/repository/org/bouncycastle/bcutil-jdk18on/1.78.1/bcutil-jdk18on-1.78.1.jar:/home/runner/.m2/repository/io/jaegertracing/jaeger-client/1.8.1/jaeger-client-1.8.1.jar:/home/runner/.m2/repository/io/jaegertracing/jaeger-thrift/1.8.1/jaeger-thrift-1.8.1.jar:/home/runner/.m2/repository/org/apache/thrift/libthrift/0.15.0/libthrift-0.15.0.jar:/home/runner/.m2/repository/io/jaegertracing/jaeger-tracerresolver/1.8.1/jaeger-tracerresolver-1.8.1.jar:/home/runner/.m2/repository/io/opentracing/contrib/opentracing-tracerresolver/0.1.8/opentracing-tracerresolver-0.1.8.jar:/home/runner/.m2/repository/io/jaegertracing/jaeger-core/1.8.1/jaeger-core-1.8.1.jar:/home/runner/.m2/repository/org/jetbrains/kotlin/kotlin-stdlib/1.9.25/kotlin-stdlib-1.9.25.jar:/home/runner/.m2/repository/org/jetbrains/annotations/13.0/annotations-13.0.jar:/home/runner/.m2/repository/org/yaml/snakeyaml/2.0/snakeyaml-2.0.jar:/home/runner/.m2/repository/org/junit/platform/junit-platform-launcher/1.10.3/junit-platform-launcher-1.10.3.jar:/home/runner/.m2/repository/org/junit/platform/junit-platform-engine/1.10.3/junit-platform-engine-1.10.3.jar:/home/runner/.m2/repository/org/apiguardian/apiguardian-api/1.1.2/apiguardian-api-1.1.2.jar:/home/runner/.m2/repository/org/apache/hadoop/hadoop-kms/3.3.6/hadoop-kms-3.3.6.jar:/home/runner/.m2/repository/org/apache/hadoop/hadoop-auth/3.3.6/hadoop-auth-3.3.6.jar:/home/runner/.m2/repository/org/apache/zookeeper/zookeeper/3.8.4/zookeeper-3.8.4.jar:/home/runner/.m2/repository/org/apache/zookeeper/zookeeper-jute/3.8.4/zookeeper-jute-3.8.4.jar:/home/runner/.m2/repository/org/apache/yetus/audience-annotations/0.12.0/audience-annotations-0.12.0.jar:/home/runner/.m2/repository/org/apache/curator/curator-framework/4.2.0/curator-framework-4.2.0.jar:/home/runner/.m2/repository/org/apache/hadoop/thirdparty/hadoop-shaded-guava/1.1.1/hadoop-shaded-guava-1.1.1.jar:/home/runner/.m2/repository/com/sun/jersey/jersey-core/1.19.4/jersey-core-1.19.4.jar:/home/runner/.m2/repository/javax/ws/rs/jsr311-api/1.1.1/jsr311-api-1.1.1.jar:/home/runner/.m2/repository/com/sun/jersey/jersey-server/1.19.4/jersey-server-1.19.4.jar:/home/runner/.m2/repository/org/apache/hadoop/hadoop-common/3.3.6/hadoop-common-3.3.6.jar:/home/runner/.m2/repository/org/apache/commons/commons-math3/3.6.1/commons-math3-3.6.1.jar:/home/runner/.m2/repository/commons-net/commons-net/3.11.1/commons-net-3.11.1.jar:/home/runner/.m2/repository/com/github/pjfanning/jersey-json/1.20/jersey-json-1.20.jar:/home/runner/.m2/repository/org/codehaus/jettison/jettison/1.1/jettison-1.1.jar:/home/runner/.m2/repository/com/sun/xml/bind/jaxb-impl/2.2.3-1/jaxb-impl-2.2.3-1.jar:/home/runner/.m2/repository/com/google/re2j/re2j/1.7/re2j-1.7.jar:/home/runner/.m2/repository/com/jcraft/jsch/0.1.55/jsch-0.1.55.jar:/home/runner/.m2/repository/org/apache/curator/curator-client/4.2.0/curator-client-4.2.0.jar:/home/runner/.m2/repository/org/apache/curator/curator-recipes/5.2.0/curator-recipes-5.2.0.jar:/home/runner/.m2/repository/com/google/code/findbugs/jsr305/3.0.2/jsr305-3.0.2.jar:/home/runner/.m2/repository/dnsjava/dnsjava/2.1.9/dnsjava-2.1.9.jar:/home/runner/.m2/repository/org/apache/hadoop/hadoop-kms/3.3.6/hadoop-kms-3.3.6-tests.jar:/home/runner/work/ozone/ozone/hadoop-hdds/server-scm/target/hdds-server-scm-2.0.0-SNAPSHOT-tests.jar:/home/runner/work/ozone/ozone/hadoop-hdds/container-service/target/hdds-container-service-2.0.0-SNAPSHOT-tests.jar:/home/runner/.m2/repository/com/github/luben/zstd-jni/1.5.6-4/zstd-jni-1.5.6-4.jar:/home/runner/.m2/repository/io/netty/netty-buffer/4.1.109.Final/netty-buffer-4.1.109.Final.jar:/home/runner/.m2/repository/io/netty/netty-codec/4.1.109.Final/netty-codec-4.1.109.Final.jar:/home/runner/work/ozone/ozone/hadoop-hdds/hadoop-dependency-test/target/hdds-hadoop-dependency-test-2.0.0-SNAPSHOT.jar:/home/runner/.m2/repository/org/apache/hadoop/hadoop-common/3.3.6/hadoop-common-3.3.6-tests.jar:/home/runner/.m2/repository/org/apache/hadoop/hadoop-hdfs/3.3.6/hadoop-hdfs-3.3.6-tests.jar:/home/runner/.m2/repository/org/junit/jupiter/junit-jupiter-engine/5.10.3/junit-jupiter-engine-5.10.3.jar:/home/runner/.m2/repository/org/junit/jupiter/junit-jupiter-params/5.10.3/junit-jupiter-params-5.10.3.jar:/home/runner/.m2/repository/org/mockito/mockito-core/4.11.0/mockito-core-4.11.0.jar:/home/runner/.m2/repository/net/bytebuddy/byte-buddy-agent/1.12.19/byte-buddy-agent-1.12.19.jar:/home/runner/.m2/repository/org/objenesis/objenesis/3.3/objenesis-3.3.jar:/home/runner/.m2/repository/org/mockito/mockito-inline/4.11.0/mockito-inline-4.11.0.jar:/home/runner/.m2/repository/org/mockito/mockito-junit-jupiter/4.11.0/mockito-junit-jupiter-4.11.0.jar:/home/runner/.m2/repository/org/apache/hadoop/hadoop-distcp/3.3.6/hadoop-distcp-3.3.6.jar:/home/runner/.m2/repository/org/apache/hadoop/hadoop-mapreduce-client-jobclient/3.3.6/hadoop-mapreduce-client-jobclient-3.3.6.jar:/home/runner/.m2/repository/org/apache/hadoop/hadoop-mapreduce-client-common/3.3.6/hadoop-mapreduce-client-common-3.3.6.jar:/home/runner/.m2/repository/org/apache/hadoop/hadoop-yarn-common/3.3.6/hadoop-yarn-common-3.3.6.jar:/home/runner/.m2/repository/org/apache/hadoop/hadoop-yarn-api/3.3.6/hadoop-yarn-api-3.3.6.jar:/home/runner/.m2/repository/javax/xml/bind/jaxb-api/2.2.11/jaxb-api-2.2.11.jar:/home/runner/.m2/repository/com/sun/jersey/contribs/jersey-guice/1.19.4/jersey-guice-1.19.4.jar:/home/runner/.m2/repository/com/fasterxml/jackson/jaxrs/jackson-jaxrs-json-provider/2.16.2/jackson-jaxrs-json-provider-2.16.2.jar:/home/runner/.m2/repository/com/fasterxml/jackson/jaxrs/jackson-jaxrs-base/2.16.2/jackson-jaxrs-base-2.16.2.jar:/home/runner/.m2/repository/org/apache/hadoop/hadoop-yarn-client/3.3.6/hadoop-yarn-client-3.3.6.jar:/home/runner/.m2/repository/org/eclipse/jetty/websocket/websocket-client/9.4.51.v20230217/websocket-client-9.4.51.v20230217.jar:/home/runner/.m2/repository/org/eclipse/jetty/websocket/websocket-common/9.4.51.v20230217/websocket-common-9.4.51.v20230217.jar:/home/runner/.m2/repository/org/eclipse/jetty/websocket/websocket-api/9.4.51.v20230217/websocket-api-9.4.51.v20230217.jar:/home/runner/.m2/repository/org/jline/jline/3.9.0/jline-3.9.0.jar:/home/runner/.m2/repository/org/apache/hadoop/hadoop-mapreduce-client-core/3.3.6/hadoop-mapreduce-client-core-3.3.6.jar:/home/runner/.m2/repository/org/apache/avro/avro/1.7.7/avro-1.7.7.jar:/home/runner/.m2/repository/com/thoughtworks/paranamer/paranamer/2.3/paranamer-2.3.jar:/home/runner/.m2/repository/org/apache/hadoop/hadoop-annotations/3.3.6/hadoop-annotations-3.3.6.jar:/home/runner/.m2/repository/io/netty/netty/3.10.6.Final/netty-3.10.6.Final.jar:/home/runner/.m2/repository/org/apache/hadoop/hadoop-distcp/3.3.6/hadoop-distcp-3.3.6-tests.jar:/home/runner/.m2/repository/org/apache/ratis/ratis-server/3.1.1/ratis-server-3.1.1.jar:/home/runner/.m2/repository/org/hamcrest/hamcrest/2.2/hamcrest-2.2.jar:/home/runner/.m2/repository/org/slf4j/jul-to-slf4j/2.0.16/jul-to-slf4j-2.0.16.jar:/home/runner/work/ozone/ozone/hadoop-ozone/integration-test/target/gradle-enterprise/test-listeners.jar:"/>
    <property name="java.vm.vendor" value="Eclipse Adoptium"/>
    <property name="sun.arch.data.model" value="64"/>
    <property name="test.build.dir" value="/home/runner/work/ozone/ozone/hadoop-ozone/integration-test/target/test-dir"/>
    <property name="test.cache.data" value=""/>
    <property name="java.vendor.url" value="https://adoptium.net/"/>
    <property name="user.timezone" value="Etc/UTC"/>
    <property name="maven-surefire-plugin.argLineAccessArgs" value=" --add-opens java.management/com.sun.jmx.mbeanserver=ALL-UNNAMED --add-exports java.management/com.sun.jmx.mbeanserver=ALL-UNNAMED --add-opens java.base/java.nio=ALL-UNNAMED --add-opens java.base/java.lang=ALL-UNNAMED --add-opens java.base/java.lang.reflect=ALL-UNNAMED"/>
    <property name="java.vm.specification.version" value="17"/>
    <property name="os.name" value="Linux"/>
    <property name="test.build.data" value="/home/runner/work/ozone/ozone/hadoop-ozone/integration-test/target/test-dir"/>
    <property name="sun.java.launcher" value="SUN_STANDARD"/>
    <property name="sun.boot.library.path" value="/usr/lib/jvm/temurin-17-jdk-amd64/lib"/>
    <property name="derby.stream.error.method" value="org.hadoop.ozone.recon.codegen.SqlDbUtils.disableDerbyLogFile"/>
    <property name="sun.java.command" value="/home/runner/work/ozone/ozone/hadoop-ozone/integration-test/target/surefire/surefirebooter4340674139140751871.jar /home/runner/work/ozone/ozone/hadoop-ozone/integration-test/target/surefire 2024-11-05T05-56-06_463-jvmRun1 surefire4792597461815400481tmp surefire_615978694700676506167tmp"/>
    <property name="jdk.debug" value="release"/>
    <property name="native.lib.tmp.dir" value="/tmp"/>
    <property name="surefire.test.class.path" value="/home/runner/work/ozone/ozone/hadoop-ozone/integration-test/target/test-classes:/home/runner/work/ozone/ozone/hadoop-ozone/integration-test/target/classes:/home/runner/work/ozone/ozone/hadoop-ozone/common/target/ozone-common-2.0.0-SNAPSHOT.jar:/home/runner/.m2/repository/io/grpc/grpc-netty/1.58.0/grpc-netty-1.58.0.jar:/home/runner/.m2/repository/io/grpc/grpc-core/1.58.0/grpc-core-1.58.0.jar:/home/runner/.m2/repository/com/google/android/annotations/4.1.1.4/annotations-4.1.1.4.jar:/home/runner/.m2/repository/org/codehaus/mojo/animal-sniffer-annotations/1.23/animal-sniffer-annotations-1.23.jar:/home/runner/.m2/repository/io/grpc/grpc-context/1.58.0/grpc-context-1.58.0.jar:/home/runner/.m2/repository/io/grpc/grpc-util/1.58.0/grpc-util-1.58.0.jar:/home/runner/.m2/repository/com/google/errorprone/error_prone_annotations/2.29.2/error_prone_annotations-2.29.2.jar:/home/runner/.m2/repository/io/perfmark/perfmark-api/0.26.0/perfmark-api-0.26.0.jar:/home/runner/.m2/repository/io/netty/netty-codec-http2/4.1.109.Final/netty-codec-http2-4.1.109.Final.jar:/home/runner/.m2/repository/io/netty/netty-codec-http/4.1.109.Final/netty-codec-http-4.1.109.Final.jar:/home/runner/.m2/repository/io/netty/netty-handler-proxy/4.1.109.Final/netty-handler-proxy-4.1.109.Final.jar:/home/runner/.m2/repository/io/netty/netty-codec-socks/4.1.109.Final/netty-codec-socks-4.1.109.Final.jar:/home/runner/.m2/repository/io/netty/netty-tcnative-boringssl-static/2.0.65.Final/netty-tcnative-boringssl-static-2.0.65.Final.jar:/home/runner/.m2/repository/io/netty/netty-tcnative-classes/2.0.65.Final/netty-tcnative-classes-2.0.65.Final.jar:/home/runner/.m2/repository/io/netty/netty-tcnative-boringssl-static/2.0.65.Final/netty-tcnative-boringssl-static-2.0.65.Final-linux-x86_64.jar:/home/runner/.m2/repository/io/netty/netty-tcnative-boringssl-static/2.0.65.Final/netty-tcnative-boringssl-static-2.0.65.Final-linux-aarch_64.jar:/home/runner/.m2/repository/io/netty/netty-tcnative-boringssl-static/2.0.65.Final/netty-tcnative-boringssl-static-2.0.65.Final-osx-x86_64.jar:/home/runner/.m2/repository/io/netty/netty-tcnative-boringssl-static/2.0.65.Final/netty-tcnative-boringssl-static-2.0.65.Final-osx-aarch_64.jar:/home/runner/.m2/repository/io/netty/netty-tcnative-boringssl-static/2.0.65.Final/netty-tcnative-boringssl-static-2.0.65.Final-windows-x86_64.jar:/home/runner/.m2/repository/org/apache/commons/commons-compress/1.27.1/commons-compress-1.27.1.jar:/home/runner/work/ozone/ozone/hadoop-hdds/common/target/hdds-common-2.0.0-SNAPSHOT.jar:/home/runner/work/ozone/ozone/hadoop-hdds/client/target/hdds-client-2.0.0-SNAPSHOT.jar:/home/runner/work/ozone/ozone/hadoop-hdds/config/target/hdds-config-2.0.0-SNAPSHOT.jar:/home/runner/work/ozone/ozone/hadoop-hdds/interface-client/target/hdds-interface-client-2.0.0-SNAPSHOT.jar:/home/runner/.m2/repository/org/apache/hadoop/thirdparty/hadoop-shaded-protobuf_3_7/1.1.1/hadoop-shaded-protobuf_3_7-1.1.1.jar:/home/runner/work/ozone/ozone/hadoop-ozone/interface-client/target/ozone-interface-client-2.0.0-SNAPSHOT.jar:/home/runner/.m2/repository/org/apache/hadoop/hadoop-hdfs-client/3.3.6/hadoop-hdfs-client-3.3.6.jar:/home/runner/.m2/repository/com/squareup/okhttp3/okhttp/4.12.0/okhttp-4.12.0.jar:/home/runner/.m2/repository/com/squareup/okio/okio/3.6.0/okio-3.6.0.jar:/home/runner/.m2/repository/com/squareup/okio/okio-jvm/3.6.0/okio-jvm-3.6.0.jar:/home/runner/.m2/repository/org/jetbrains/kotlin/kotlin-stdlib-jdk8/1.9.25/kotlin-stdlib-jdk8-1.9.25.jar:/home/runner/.m2/repository/org/jetbrains/kotlin/kotlin-stdlib-jdk7/1.9.25/kotlin-stdlib-jdk7-1.9.25.jar:/home/runner/.m2/repository/org/jetbrains/kotlin/kotlin-stdlib-common/1.9.25/kotlin-stdlib-common-1.9.25.jar:/home/runner/.m2/repository/org/apache/httpcomponents/httpclient/4.5.14/httpclient-4.5.14.jar:/home/runner/.m2/repository/org/apache/httpcomponents/httpcore/4.4.16/httpcore-4.4.16.jar:/home/runner/.m2/repository/org/apache/ratis/ratis-common/3.1.1/ratis-common-3.1.1.jar:/home/runner/.m2/repository/org/apache/ratis/ratis-proto/3.1.1/ratis-proto-3.1.1.jar:/home/runner/.m2/repository/org/apache/ratis/ratis-thirdparty-misc/1.0.6/ratis-thirdparty-misc-1.0.6.jar:/home/runner/.m2/repository/org/slf4j/slf4j-api/2.0.16/slf4j-api-2.0.16.jar:/home/runner/.m2/repository/com/fasterxml/jackson/core/jackson-annotations/2.16.2/jackson-annotations-2.16.2.jar:/home/runner/.m2/repository/com/fasterxml/jackson/core/jackson-databind/2.16.2/jackson-databind-2.16.2.jar:/home/runner/.m2/repository/com/github/stephenc/jcip/jcip-annotations/1.0-1/jcip-annotations-1.0-1.jar:/home/runner/.m2/repository/com/google/guava/guava/32.1.3-jre/guava-32.1.3-jre.jar:/home/runner/.m2/repository/com/google/guava/failureaccess/1.0.1/failureaccess-1.0.1.jar:/home/runner/.m2/repository/com/google/guava/listenablefuture/9999.0-empty-to-avoid-conflict-with-guava/listenablefuture-9999.0-empty-to-avoid-conflict-with-guava.jar:/home/runner/.m2/repository/org/checkerframework/checker-qual/3.37.0/checker-qual-3.37.0.jar:/home/runner/.m2/repository/com/google/j2objc/j2objc-annotations/2.8/j2objc-annotations-2.8.jar:/home/runner/.m2/repository/com/google/protobuf/protobuf-java/2.5.0/protobuf-java-2.5.0.jar:/home/runner/.m2/repository/io/grpc/grpc-api/1.58.0/grpc-api-1.58.0.jar:/home/runner/.m2/repository/io/grpc/grpc-stub/1.58.0/grpc-stub-1.58.0.jar:/home/runner/.m2/repository/io/netty/netty-common/4.1.109.Final/netty-common-4.1.109.Final.jar:/home/runner/.m2/repository/io/netty/netty-handler/4.1.109.Final/netty-handler-4.1.109.Final.jar:/home/runner/.m2/repository/io/netty/netty-resolver/4.1.109.Final/netty-resolver-4.1.109.Final.jar:/home/runner/.m2/repository/jakarta/annotation/jakarta.annotation-api/2.1.1/jakarta.annotation-api-2.1.1.jar:/home/runner/work/ozone/ozone/hadoop-hdds/test-utils/target/hdds-test-utils-2.0.0-SNAPSHOT.jar:/home/runner/.m2/repository/org/assertj/assertj-core/3.26.3/assertj-core-3.26.3.jar:/home/runner/.m2/repository/net/bytebuddy/byte-buddy/1.14.18/byte-buddy-1.14.18.jar:/home/runner/.m2/repository/commons-io/commons-io/2.17.0/commons-io-2.17.0.jar:/home/runner/.m2/repository/commons-logging/commons-logging/1.2/commons-logging-1.2.jar:/home/runner/.m2/repository/org/junit/jupiter/junit-jupiter-api/5.10.3/junit-jupiter-api-5.10.3.jar:/home/runner/.m2/repository/org/opentest4j/opentest4j/1.3.0/opentest4j-1.3.0.jar:/home/runner/.m2/repository/org/junit/platform/junit-platform-commons/1.10.3/junit-platform-commons-1.10.3.jar:/home/runner/.m2/repository/ch/qos/reload4j/reload4j/1.2.25/reload4j-1.2.25.jar:/home/runner/.m2/repository/org/apache/logging/log4j/log4j-api/2.24.1/log4j-api-2.24.1.jar:/home/runner/work/ozone/ozone/hadoop-hdds/server-scm/target/hdds-server-scm-2.0.0-SNAPSHOT.jar:/home/runner/work/ozone/ozone/hadoop-hdds/container-service/target/hdds-container-service-2.0.0-SNAPSHOT.jar:/home/runner/work/ozone/ozone/hadoop-hdds/hadoop-dependency-server/target/hdds-hadoop-dependency-server-2.0.0-SNAPSHOT.jar:/home/runner/.m2/repository/com/nimbusds/nimbus-jose-jwt/9.40/nimbus-jose-jwt-9.40.jar:/home/runner/.m2/repository/org/apache/hadoop/hadoop-hdfs/3.3.6/hadoop-hdfs-3.3.6.jar:/home/runner/.m2/repository/commons-daemon/commons-daemon/1.4.0/commons-daemon-1.4.0.jar:/home/runner/.m2/repository/org/apache/kerby/kerb-core/1.0.1/kerb-core-1.0.1.jar:/home/runner/.m2/repository/org/apache/kerby/kerby-pkix/1.0.1/kerby-pkix-1.0.1.jar:/home/runner/.m2/repository/org/apache/kerby/kerby-asn1/1.0.1/kerby-asn1-1.0.1.jar:/home/runner/.m2/repository/org/apache/kerby/kerb-util/1.0.1/kerb-util-1.0.1.jar:/home/runner/.m2/repository/org/apache/kerby/kerby-config/1.0.1/kerby-config-1.0.1.jar:/home/runner/.m2/repository/org/apache/kerby/kerb-crypto/1.0.1/kerb-crypto-1.0.1.jar:/home/runner/.m2/repository/org/xerial/snappy/snappy-java/1.1.10.7/snappy-java-1.1.10.7.jar:/home/runner/work/ozone/ozone/hadoop-hdds/interface-admin/target/hdds-interface-admin-2.0.0-SNAPSHOT.jar:/home/runner/work/ozone/ozone/hadoop-hdds/interface-server/target/hdds-interface-server-2.0.0-SNAPSHOT.jar:/home/runner/work/ozone/ozone/hadoop-hdds/framework/target/hdds-server-framework-2.0.0-SNAPSHOT.jar:/home/runner/.m2/repository/org/apache/ratis/ratis-client/3.1.1/ratis-client-3.1.1.jar:/home/runner/.m2/repository/org/apache/ratis/ratis-grpc/3.1.1/ratis-grpc-3.1.1.jar:/home/runner/.m2/repository/org/apache/ratis/ratis-netty/3.1.1/ratis-netty-3.1.1.jar:/home/runner/.m2/repository/org/apache/ratis/ratis-server-api/3.1.1/ratis-server-api-3.1.1.jar:/home/runner/.m2/repository/org/bouncycastle/bcpkix-jdk18on/1.78.1/bcpkix-jdk18on-1.78.1.jar:/home/runner/.m2/repository/org/bouncycastle/bcprov-jdk18on/1.78.1/bcprov-jdk18on-1.78.1.jar:/home/runner/.m2/repository/io/dropwizard/metrics/metrics-core/3.2.6/metrics-core-3.2.6.jar:/home/runner/.m2/repository/org/apache/commons/commons-text/1.12.0/commons-text-1.12.0.jar:/home/runner/.m2/repository/org/eclipse/jetty/jetty-webapp/9.4.56.v20240826/jetty-webapp-9.4.56.v20240826.jar:/home/runner/.m2/repository/org/eclipse/jetty/jetty-xml/9.4.56.v20240826/jetty-xml-9.4.56.v20240826.jar:/home/runner/.m2/repository/com/fasterxml/jackson/core/jackson-core/2.16.2/jackson-core-2.16.2.jar:/home/runner/.m2/repository/info/picocli/picocli/4.7.5/picocli-4.7.5.jar:/home/runner/.m2/repository/javax/servlet/javax.servlet-api/3.1.0/javax.servlet-api-3.1.0.jar:/home/runner/.m2/repository/commons-collections/commons-collections/3.2.2/commons-collections-3.2.2.jar:/home/runner/work/ozone/ozone/hadoop-hdds/framework/target/hdds-server-framework-2.0.0-SNAPSHOT-tests.jar:/home/runner/work/ozone/ozone/hadoop-hdds/managed-rocksdb/target/hdds-managed-rocksdb-2.0.0-SNAPSHOT.jar:/home/runner/.m2/repository/org/slf4j/slf4j-reload4j/2.0.16/slf4j-reload4j-2.0.16.jar:/home/runner/.m2/repository/org/apache/commons/commons-configuration2/2.11.0/commons-configuration2-2.11.0.jar:/home/runner/.m2/repository/commons-codec/commons-codec/1.17.1/commons-codec-1.17.1.jar:/home/runner/.m2/repository/commons-fileupload/commons-fileupload/1.5/commons-fileupload-1.5.jar:/home/runner/.m2/repository/commons-validator/commons-validator/1.6/commons-validator-1.6.jar:/home/runner/.m2/repository/commons-beanutils/commons-beanutils/1.9.4/commons-beanutils-1.9.4.jar:/home/runner/.m2/repository/commons-digester/commons-digester/1.8.1/commons-digester-1.8.1.jar:/home/runner/.m2/repository/org/apache/logging/log4j/log4j-core/2.24.1/log4j-core-2.24.1.jar:/home/runner/.m2/repository/com/lmax/disruptor/3.4.4/disruptor-3.4.4.jar:/home/runner/.m2/repository/org/eclipse/jetty/jetty-http/9.4.56.v20240826/jetty-http-9.4.56.v20240826.jar:/home/runner/.m2/repository/org/eclipse/jetty/jetty-io/9.4.56.v20240826/jetty-io-9.4.56.v20240826.jar:/home/runner/.m2/repository/org/eclipse/jetty/jetty-util/9.4.56.v20240826/jetty-util-9.4.56.v20240826.jar:/home/runner/.m2/repository/org/eclipse/jetty/jetty-server/9.4.56.v20240826/jetty-server-9.4.56.v20240826.jar:/home/runner/.m2/repository/org/eclipse/jetty/jetty-servlet/9.4.56.v20240826/jetty-servlet-9.4.56.v20240826.jar:/home/runner/.m2/repository/org/eclipse/jetty/jetty-security/9.4.56.v20240826/jetty-security-9.4.56.v20240826.jar:/home/runner/.m2/repository/org/eclipse/jetty/jetty-util-ajax/9.4.56.v20240826/jetty-util-ajax-9.4.56.v20240826.jar:/home/runner/.m2/repository/org/glassfish/jersey/core/jersey-server/2.45/jersey-server-2.45.jar:/home/runner/.m2/repository/org/glassfish/jersey/core/jersey-client/2.45/jersey-client-2.45.jar:/home/runner/.m2/repository/org/glassfish/jersey/containers/jersey-container-servlet-core/2.45/jersey-container-servlet-core-2.45.jar:/home/runner/.m2/repository/org/rocksdb/rocksdbjni/7.7.3/rocksdbjni-7.7.3.jar:/home/runner/.m2/repository/org/apache/ratis/ratis-metrics-api/3.1.1/ratis-metrics-api-3.1.1.jar:/home/runner/.m2/repository/org/apache/ratis/ratis-metrics-dropwizard3/3.1.1/ratis-metrics-dropwizard3-3.1.1.jar:/home/runner/.m2/repository/io/opentracing/opentracing-api/0.33.0/opentracing-api-0.33.0.jar:/home/runner/.m2/repository/io/prometheus/simpleclient/0.16.0/simpleclient-0.16.0.jar:/home/runner/.m2/repository/io/prometheus/simpleclient_dropwizard/0.16.0/simpleclient_dropwizard-0.16.0.jar:/home/runner/.m2/repository/io/prometheus/simpleclient_common/0.16.0/simpleclient_common-0.16.0.jar:/home/runner/.m2/repository/com/fasterxml/jackson/datatype/jackson-datatype-jsr310/2.16.2/jackson-datatype-jsr310-2.16.2.jar:/home/runner/.m2/repository/com/github/jnr/jnr-constants/0.10.4/jnr-constants-0.10.4.jar:/home/runner/.m2/repository/com/github/jnr/jnr-posix/3.1.20/jnr-posix-3.1.20.jar:/home/runner/.m2/repository/com/github/jnr/jnr-ffi/2.2.17/jnr-ffi-2.2.17.jar:/home/runner/.m2/repository/com/github/jnr/jffi/1.3.13/jffi-1.3.13.jar:/home/runner/.m2/repository/com/github/jnr/jffi/1.3.13/jffi-1.3.13-native.jar:/home/runner/.m2/repository/org/ow2/asm/asm/9.7.1/asm-9.7.1.jar:/home/runner/.m2/repository/org/ow2/asm/asm-commons/9.7.1/asm-commons-9.7.1.jar:/home/runner/.m2/repository/org/ow2/asm/asm-analysis/9.7.1/asm-analysis-9.7.1.jar:/home/runner/.m2/repository/org/ow2/asm/asm-tree/9.7.1/asm-tree-9.7.1.jar:/home/runner/.m2/repository/org/ow2/asm/asm-util/9.7.1/asm-util-9.7.1.jar:/home/runner/.m2/repository/com/github/jnr/jnr-a64asm/1.0.0/jnr-a64asm-1.0.0.jar:/home/runner/.m2/repository/com/github/jnr/jnr-x86asm/1.0.2/jnr-x86asm-1.0.2.jar:/home/runner/.m2/repository/com/google/code/gson/gson/2.10.1/gson-2.10.1.jar:/home/runner/work/ozone/ozone/hadoop-hdds/rocksdb-checkpoint-differ/target/rocksdb-checkpoint-differ-2.0.0-SNAPSHOT.jar:/home/runner/.m2/repository/org/jgrapht/jgrapht-core/1.4.0/jgrapht-core-1.4.0.jar:/home/runner/.m2/repository/org/jheaps/jheaps/0.11/jheaps-0.11.jar:/home/runner/.m2/repository/org/jgrapht/jgrapht-ext/1.4.0/jgrapht-ext-1.4.0.jar:/home/runner/.m2/repository/com/github/vlsi/mxgraph/jgraphx/3.9.12/jgraphx-3.9.12.jar:/home/runner/.m2/repository/jakarta/ws/rs/jakarta.ws.rs-api/2.1.6/jakarta.ws.rs-api-2.1.6.jar:/home/runner/work/ozone/ozone/hadoop-ozone/ozone-manager/target/ozone-manager-2.0.0-SNAPSHOT.jar:/home/runner/.m2/repository/org/aspectj/aspectjrt/1.9.7/aspectjrt-1.9.7.jar:/home/runner/.m2/repository/org/aspectj/aspectjweaver/1.9.7/aspectjweaver-1.9.7.jar:/home/runner/work/ozone/ozone/hadoop-ozone/interface-storage/target/ozone-interface-storage-2.0.0-SNAPSHOT.jar:/home/runner/.m2/repository/org/apache/kerby/kerby-util/1.0.1/kerby-util-1.0.1.jar:/home/runner/.m2/repository/io/netty/netty-transport/4.1.109.Final/netty-transport-4.1.109.Final.jar:/home/runner/.m2/repository/org/reflections/reflections/0.10.2/reflections-0.10.2.jar:/home/runner/.m2/repository/com/sun/jersey/jersey-client/1.19.4/jersey-client-1.19.4.jar:/home/runner/.m2/repository/jakarta/xml/bind/jakarta.xml.bind-api/2.3.3/jakarta.xml.bind-api-2.3.3.jar:/home/runner/.m2/repository/org/codehaus/jackson/jackson-core-asl/1.9.13/jackson-core-asl-1.9.13.jar:/home/runner/.m2/repository/org/codehaus/jackson/jackson-mapper-asl/1.9.13/jackson-mapper-asl-1.9.13.jar:/home/runner/.m2/repository/org/codehaus/jackson/jackson-jaxrs/1.9.13/jackson-jaxrs-1.9.13.jar:/home/runner/.m2/repository/org/apache/ranger/ranger-plugins-common/2.3.0/ranger-plugins-common-2.3.0.jar:/home/runner/.m2/repository/commons-lang/commons-lang/2.6/commons-lang-2.6.jar:/home/runner/.m2/repository/org/apache/ranger/ranger-plugins-cred/2.3.0/ranger-plugins-cred-2.3.0.jar:/home/runner/.m2/repository/org/apache/ranger/ranger-plugins-audit/2.3.0/ranger-plugins-audit-2.3.0.jar:/home/runner/.m2/repository/org/eclipse/jetty/jetty-client/9.4.56.v20240826/jetty-client-9.4.56.v20240826.jar:/home/runner/.m2/repository/org/apache/httpcomponents/httpmime/4.5.6/httpmime-4.5.6.jar:/home/runner/.m2/repository/org/apache/httpcomponents/httpcore-nio/4.4.16/httpcore-nio-4.4.16.jar:/home/runner/.m2/repository/org/apache/httpcomponents/httpasyncclient/4.1.3/httpasyncclient-4.1.3.jar:/home/runner/.m2/repository/com/carrotsearch/hppc/0.8.0/hppc-0.8.0.jar:/home/runner/.m2/repository/org/apache/orc/orc-core/1.5.8/orc-core-1.5.8.jar:/home/runner/.m2/repository/net/java/dev/jna/jna/5.2.0/jna-5.2.0.jar:/home/runner/.m2/repository/net/java/dev/jna/jna-platform/5.2.0/jna-platform-5.2.0.jar:/home/runner/.m2/repository/com/kstruct/gethostname4j/0.0.2/gethostname4j-0.0.2.jar:/home/runner/.m2/repository/org/apache/ranger/ranger-plugin-classloader/2.3.0/ranger-plugin-classloader-2.3.0.jar:/home/runner/.m2/repository/org/apache/ranger/ranger-intg/2.3.0/ranger-intg-2.3.0.jar:/home/runner/work/ozone/ozone/hadoop-hdds/rocks-native/target/hdds-rocks-native-2.0.0-SNAPSHOT.jar:/home/runner/.m2/repository/org/apache/hadoop/hadoop-minikdc/3.3.6/hadoop-minikdc-3.3.6.jar:/home/runner/.m2/repository/org/apache/kerby/kerb-simplekdc/1.0.1/kerb-simplekdc-1.0.1.jar:/home/runner/.m2/repository/org/apache/kerby/kerb-client/1.0.1/kerb-client-1.0.1.jar:/home/runner/.m2/repository/org/apache/kerby/kerb-common/1.0.1/kerb-common-1.0.1.jar:/home/runner/.m2/repository/org/apache/kerby/token-provider/1.0.1/token-provider-1.0.1.jar:/home/runner/.m2/repository/org/apache/kerby/kerb-admin/1.0.1/kerb-admin-1.0.1.jar:/home/runner/.m2/repository/org/apache/kerby/kerb-server/1.0.1/kerb-server-1.0.1.jar:/home/runner/.m2/repository/org/apache/kerby/kerb-identity/1.0.1/kerb-identity-1.0.1.jar:/home/runner/.m2/repository/org/apache/kerby/kerby-xdr/1.0.1/kerby-xdr-1.0.1.jar:/home/runner/.m2/repository/junit/junit/4.13.2/junit-4.13.2.jar:/home/runner/.m2/repository/org/hamcrest/hamcrest-core/1.3/hamcrest-core-1.3.jar:/home/runner/work/ozone/ozone/hadoop-ozone/s3gateway/target/ozone-s3gateway-2.0.0-SNAPSHOT.jar:/home/runner/.m2/repository/org/javassist/javassist/3.30.2-GA/javassist-3.30.2-GA.jar:/home/runner/.m2/repository/org/jboss/weld/servlet/weld-servlet-shaded/3.1.9.Final/weld-servlet-shaded-3.1.9.Final.jar:/home/runner/.m2/repository/org/glassfish/jersey/core/jersey-common/2.45/jersey-common-2.45.jar:/home/runner/.m2/repository/org/glassfish/hk2/osgi-resource-locator/1.0.3/osgi-resource-locator-1.0.3.jar:/home/runner/.m2/repository/org/glassfish/jersey/ext/cdi/jersey-cdi1x/2.45/jersey-cdi1x-2.45.jar:/home/runner/.m2/repository/org/glassfish/jersey/inject/jersey-hk2/2.45/jersey-hk2-2.45.jar:/home/runner/.m2/repository/org/glassfish/hk2/hk2-locator/2.6.1/hk2-locator-2.6.1.jar:/home/runner/.m2/repository/org/glassfish/jersey/media/jersey-media-jaxb/2.45/jersey-media-jaxb-2.45.jar:/home/runner/.m2/repository/org/glassfish/hk2/hk2-api/2.6.1/hk2-api-2.6.1.jar:/home/runner/.m2/repository/org/glassfish/hk2/hk2-utils/2.6.1/hk2-utils-2.6.1.jar:/home/runner/.m2/repository/org/glassfish/hk2/external/aopalliance-repackaged/2.6.1/aopalliance-repackaged-2.6.1.jar:/home/runner/.m2/repository/com/fasterxml/jackson/dataformat/jackson-dataformat-xml/2.16.2/jackson-dataformat-xml-2.16.2.jar:/home/runner/.m2/repository/org/codehaus/woodstox/stax2-api/4.2.2/stax2-api-4.2.2.jar:/home/runner/.m2/repository/com/fasterxml/woodstox/woodstox-core/5.4.0/woodstox-core-5.4.0.jar:/home/runner/.m2/repository/com/fasterxml/jackson/module/jackson-module-jaxb-annotations/2.16.2/jackson-module-jaxb-annotations-2.16.2.jar:/home/runner/.m2/repository/javax/annotation/javax.annotation-api/1.3.2/javax.annotation-api-1.3.2.jar:/home/runner/.m2/repository/javax/enterprise/cdi-api/2.0/cdi-api-2.0.jar:/home/runner/.m2/repository/javax/el/javax.el-api/3.0.0/javax.el-api-3.0.0.jar:/home/runner/.m2/repository/javax/interceptor/javax.interceptor-api/1.2/javax.interceptor-api-1.2.jar:/home/runner/.m2/repository/org/glassfish/jaxb/jaxb-runtime/2.3.9/jaxb-runtime-2.3.9.jar:/home/runner/.m2/repository/org/glassfish/jaxb/txw2/2.3.9/txw2-2.3.9.jar:/home/runner/.m2/repository/com/sun/istack/istack-commons-runtime/3.0.12/istack-commons-runtime-3.0.12.jar:/home/runner/.m2/repository/com/sun/activation/jakarta.activation/1.2.2/jakarta.activation-1.2.2.jar:/home/runner/.m2/repository/jakarta/activation/jakarta.activation-api/1.2.2/jakarta.activation-api-1.2.2.jar:/home/runner/.m2/repository/io/grpc/grpc-protobuf/1.58.0/grpc-protobuf-1.58.0.jar:/home/runner/.m2/repository/com/google/api/grpc/proto-google-common-protos/2.22.0/proto-google-common-protos-2.22.0.jar:/home/runner/.m2/repository/io/grpc/grpc-protobuf-lite/1.58.0/grpc-protobuf-lite-1.58.0.jar:/home/runner/.m2/repository/io/opentracing/opentracing-noop/0.33.0/opentracing-noop-0.33.0.jar:/home/runner/.m2/repository/io/opentracing/opentracing-util/0.33.0/opentracing-util-0.33.0.jar:/home/runner/work/ozone/ozone/hadoop-ozone/csi/target/ozone-csi-2.0.0-SNAPSHOT.jar:/home/runner/.m2/repository/com/google/protobuf/protobuf-java-util/3.19.6/protobuf-java-util-3.19.6.jar:/home/runner/.m2/repository/io/netty/netty-transport-classes-epoll/4.1.109.Final/netty-transport-classes-epoll-4.1.109.Final.jar:/home/runner/.m2/repository/io/netty/netty-transport-native-epoll/4.1.109.Final/netty-transport-native-epoll-4.1.109.Final-linux-x86_64.jar:/home/runner/.m2/repository/io/netty/netty-transport-native-unix-common/4.1.109.Final/netty-transport-native-unix-common-4.1.109.Final.jar:/home/runner/work/ozone/ozone/hadoop-ozone/recon/target/ozone-recon-2.0.0-SNAPSHOT.jar:/home/runner/work/ozone/ozone/hadoop-ozone/recon-codegen/target/ozone-reconcodegen-2.0.0-SNAPSHOT.jar:/home/runner/.m2/repository/aopalliance/aopalliance/1.0/aopalliance-1.0.jar:/home/runner/.m2/repository/com/google/inject/guice/6.0.0/guice-6.0.0.jar:/home/runner/.m2/repository/jakarta/inject/jakarta.inject-api/2.0.1/jakarta.inject-api-2.0.1.jar:/home/runner/.m2/repository/com/google/inject/extensions/guice-assistedinject/6.0.0/guice-assistedinject-6.0.0.jar:/home/runner/.m2/repository/com/google/inject/extensions/guice-servlet/6.0.0/guice-servlet-6.0.0.jar:/home/runner/.m2/repository/org/glassfish/jersey/containers/jersey-container-servlet/2.45/jersey-container-servlet-2.45.jar:/home/runner/.m2/repository/org/glassfish/hk2/guice-bridge/2.6.1/guice-bridge-2.6.1.jar:/home/runner/.m2/repository/org/glassfish/hk2/external/jakarta.inject/2.6.1/jakarta.inject-2.6.1.jar:/home/runner/.m2/repository/org/glassfish/jersey/media/jersey-media-json-jackson/2.45/jersey-media-json-jackson-2.45.jar:/home/runner/.m2/repository/org/glassfish/jersey/ext/jersey-entity-filtering/2.45/jersey-entity-filtering-2.45.jar:/home/runner/.m2/repository/org/jooq/jooq/3.11.10/jooq-3.11.10.jar:/home/runner/.m2/repository/org/jooq/jooq-meta/3.11.10/jooq-meta-3.11.10.jar:/home/runner/.m2/repository/org/jooq/jooq-codegen/3.11.10/jooq-codegen-3.11.10.jar:/home/runner/.m2/repository/com/jolbox/bonecp/0.8.0.RELEASE/bonecp-0.8.0.RELEASE.jar:/home/runner/.m2/repository/org/apache/derby/derby/10.14.2.0/derby-10.14.2.0.jar:/home/runner/.m2/repository/org/xerial/sqlite-jdbc/3.46.1.3/sqlite-jdbc-3.46.1.3.jar:/home/runner/.m2/repository/org/springframework/spring-core/5.3.39/spring-core-5.3.39.jar:/home/runner/.m2/repository/org/springframework/spring-jdbc/5.3.39/spring-jdbc-5.3.39.jar:/home/runner/.m2/repository/org/springframework/spring-beans/5.3.39/spring-beans-5.3.39.jar:/home/runner/.m2/repository/org/springframework/spring-tx/5.3.39/spring-tx-5.3.39.jar:/home/runner/.m2/repository/jakarta/validation/jakarta.validation-api/2.0.2/jakarta.validation-api-2.0.2.jar:/home/runner/.m2/repository/javax/inject/javax.inject/1/javax.inject-1.jar:/home/runner/work/ozone/ozone/hadoop-ozone/client/target/ozone-client-2.0.0-SNAPSHOT.jar:/home/runner/work/ozone/ozone/hadoop-hdds/erasurecode/target/hdds-erasurecode-2.0.0-SNAPSHOT.jar:/home/runner/work/ozone/ozone/hadoop-ozone/ozonefs/target/ozone-filesystem-2.0.0-SNAPSHOT.jar:/home/runner/work/ozone/ozone/hadoop-ozone/ozonefs-common/target/ozone-filesystem-common-2.0.0-SNAPSHOT.jar:/home/runner/work/ozone/ozone/hadoop-ozone/tools/target/ozone-tools-2.0.0-SNAPSHOT.jar:/home/runner/.m2/repository/org/apache/ratis/ratis-tools/3.1.1/ratis-tools-3.1.1.jar:/home/runner/.m2/repository/org/apache/ratis/ratis-shell/3.1.1/ratis-shell-3.1.1.jar:/home/runner/.m2/repository/com/amazonaws/aws-java-sdk-core/1.12.661/aws-java-sdk-core-1.12.661.jar:/home/runner/.m2/repository/com/fasterxml/jackson/dataformat/jackson-dataformat-cbor/2.16.2/jackson-dataformat-cbor-2.16.2.jar:/home/runner/.m2/repository/joda-time/joda-time/2.12.7/joda-time-2.12.7.jar:/home/runner/.m2/repository/com/amazonaws/aws-java-sdk-s3/1.12.661/aws-java-sdk-s3-1.12.661.jar:/home/runner/.m2/repository/com/amazonaws/aws-java-sdk-kms/1.12.661/aws-java-sdk-kms-1.12.661.jar:/home/runner/.m2/repository/com/amazonaws/jmespath-java/1.12.661/jmespath-java-1.12.661.jar:/home/runner/.m2/repository/org/kohsuke/metainf-services/metainf-services/1.11/metainf-services-1.11.jar:/home/runner/work/ozone/ozone/hadoop-hdds/tools/target/hdds-tools-2.0.0-SNAPSHOT.jar:/home/runner/.m2/repository/commons-cli/commons-cli/1.8.0/commons-cli-1.8.0.jar:/home/runner/.m2/repository/org/apache/commons/commons-lang3/3.14.0/commons-lang3-3.14.0.jar:/home/runner/work/ozone/ozone/hadoop-ozone/ozone-manager/target/ozone-manager-2.0.0-SNAPSHOT-tests.jar:/home/runner/work/ozone/ozone/hadoop-hdds/common/target/hdds-common-2.0.0-SNAPSHOT-tests.jar:/home/runner/work/ozone/ozone/hadoop-hdds/hadoop-dependency-client/target/hdds-hadoop-dependency-client-2.0.0-SNAPSHOT.jar:/home/runner/work/ozone/ozone/hadoop-hdds/annotations/target/hdds-annotation-processing-2.0.0-SNAPSHOT.jar:/home/runner/.m2/repository/org/bouncycastle/bcutil-jdk18on/1.78.1/bcutil-jdk18on-1.78.1.jar:/home/runner/.m2/repository/io/jaegertracing/jaeger-client/1.8.1/jaeger-client-1.8.1.jar:/home/runner/.m2/repository/io/jaegertracing/jaeger-thrift/1.8.1/jaeger-thrift-1.8.1.jar:/home/runner/.m2/repository/org/apache/thrift/libthrift/0.15.0/libthrift-0.15.0.jar:/home/runner/.m2/repository/io/jaegertracing/jaeger-tracerresolver/1.8.1/jaeger-tracerresolver-1.8.1.jar:/home/runner/.m2/repository/io/opentracing/contrib/opentracing-tracerresolver/0.1.8/opentracing-tracerresolver-0.1.8.jar:/home/runner/.m2/repository/io/jaegertracing/jaeger-core/1.8.1/jaeger-core-1.8.1.jar:/home/runner/.m2/repository/org/jetbrains/kotlin/kotlin-stdlib/1.9.25/kotlin-stdlib-1.9.25.jar:/home/runner/.m2/repository/org/jetbrains/annotations/13.0/annotations-13.0.jar:/home/runner/.m2/repository/org/yaml/snakeyaml/2.0/snakeyaml-2.0.jar:/home/runner/.m2/repository/org/junit/platform/junit-platform-launcher/1.10.3/junit-platform-launcher-1.10.3.jar:/home/runner/.m2/repository/org/junit/platform/junit-platform-engine/1.10.3/junit-platform-engine-1.10.3.jar:/home/runner/.m2/repository/org/apiguardian/apiguardian-api/1.1.2/apiguardian-api-1.1.2.jar:/home/runner/.m2/repository/org/apache/hadoop/hadoop-kms/3.3.6/hadoop-kms-3.3.6.jar:/home/runner/.m2/repository/org/apache/hadoop/hadoop-auth/3.3.6/hadoop-auth-3.3.6.jar:/home/runner/.m2/repository/org/apache/zookeeper/zookeeper/3.8.4/zookeeper-3.8.4.jar:/home/runner/.m2/repository/org/apache/zookeeper/zookeeper-jute/3.8.4/zookeeper-jute-3.8.4.jar:/home/runner/.m2/repository/org/apache/yetus/audience-annotations/0.12.0/audience-annotations-0.12.0.jar:/home/runner/.m2/repository/org/apache/curator/curator-framework/4.2.0/curator-framework-4.2.0.jar:/home/runner/.m2/repository/org/apache/hadoop/thirdparty/hadoop-shaded-guava/1.1.1/hadoop-shaded-guava-1.1.1.jar:/home/runner/.m2/repository/com/sun/jersey/jersey-core/1.19.4/jersey-core-1.19.4.jar:/home/runner/.m2/repository/javax/ws/rs/jsr311-api/1.1.1/jsr311-api-1.1.1.jar:/home/runner/.m2/repository/com/sun/jersey/jersey-server/1.19.4/jersey-server-1.19.4.jar:/home/runner/.m2/repository/org/apache/hadoop/hadoop-common/3.3.6/hadoop-common-3.3.6.jar:/home/runner/.m2/repository/org/apache/commons/commons-math3/3.6.1/commons-math3-3.6.1.jar:/home/runner/.m2/repository/commons-net/commons-net/3.11.1/commons-net-3.11.1.jar:/home/runner/.m2/repository/com/github/pjfanning/jersey-json/1.20/jersey-json-1.20.jar:/home/runner/.m2/repository/org/codehaus/jettison/jettison/1.1/jettison-1.1.jar:/home/runner/.m2/repository/com/sun/xml/bind/jaxb-impl/2.2.3-1/jaxb-impl-2.2.3-1.jar:/home/runner/.m2/repository/com/google/re2j/re2j/1.7/re2j-1.7.jar:/home/runner/.m2/repository/com/jcraft/jsch/0.1.55/jsch-0.1.55.jar:/home/runner/.m2/repository/org/apache/curator/curator-client/4.2.0/curator-client-4.2.0.jar:/home/runner/.m2/repository/org/apache/curator/curator-recipes/5.2.0/curator-recipes-5.2.0.jar:/home/runner/.m2/repository/com/google/code/findbugs/jsr305/3.0.2/jsr305-3.0.2.jar:/home/runner/.m2/repository/dnsjava/dnsjava/2.1.9/dnsjava-2.1.9.jar:/home/runner/.m2/repository/org/apache/hadoop/hadoop-kms/3.3.6/hadoop-kms-3.3.6-tests.jar:/home/runner/work/ozone/ozone/hadoop-hdds/server-scm/target/hdds-server-scm-2.0.0-SNAPSHOT-tests.jar:/home/runner/work/ozone/ozone/hadoop-hdds/container-service/target/hdds-container-service-2.0.0-SNAPSHOT-tests.jar:/home/runner/.m2/repository/com/github/luben/zstd-jni/1.5.6-4/zstd-jni-1.5.6-4.jar:/home/runner/.m2/repository/io/netty/netty-buffer/4.1.109.Final/netty-buffer-4.1.109.Final.jar:/home/runner/.m2/repository/io/netty/netty-codec/4.1.109.Final/netty-codec-4.1.109.Final.jar:/home/runner/work/ozone/ozone/hadoop-hdds/hadoop-dependency-test/target/hdds-hadoop-dependency-test-2.0.0-SNAPSHOT.jar:/home/runner/.m2/repository/org/apache/hadoop/hadoop-common/3.3.6/hadoop-common-3.3.6-tests.jar:/home/runner/.m2/repository/org/apache/hadoop/hadoop-hdfs/3.3.6/hadoop-hdfs-3.3.6-tests.jar:/home/runner/.m2/repository/org/junit/jupiter/junit-jupiter-engine/5.10.3/junit-jupiter-engine-5.10.3.jar:/home/runner/.m2/repository/org/junit/jupiter/junit-jupiter-params/5.10.3/junit-jupiter-params-5.10.3.jar:/home/runner/.m2/repository/org/mockito/mockito-core/4.11.0/mockito-core-4.11.0.jar:/home/runner/.m2/repository/net/bytebuddy/byte-buddy-agent/1.12.19/byte-buddy-agent-1.12.19.jar:/home/runner/.m2/repository/org/objenesis/objenesis/3.3/objenesis-3.3.jar:/home/runner/.m2/repository/org/mockito/mockito-inline/4.11.0/mockito-inline-4.11.0.jar:/home/runner/.m2/repository/org/mockito/mockito-junit-jupiter/4.11.0/mockito-junit-jupiter-4.11.0.jar:/home/runner/.m2/repository/org/apache/hadoop/hadoop-distcp/3.3.6/hadoop-distcp-3.3.6.jar:/home/runner/.m2/repository/org/apache/hadoop/hadoop-mapreduce-client-jobclient/3.3.6/hadoop-mapreduce-client-jobclient-3.3.6.jar:/home/runner/.m2/repository/org/apache/hadoop/hadoop-mapreduce-client-common/3.3.6/hadoop-mapreduce-client-common-3.3.6.jar:/home/runner/.m2/repository/org/apache/hadoop/hadoop-yarn-common/3.3.6/hadoop-yarn-common-3.3.6.jar:/home/runner/.m2/repository/org/apache/hadoop/hadoop-yarn-api/3.3.6/hadoop-yarn-api-3.3.6.jar:/home/runner/.m2/repository/javax/xml/bind/jaxb-api/2.2.11/jaxb-api-2.2.11.jar:/home/runner/.m2/repository/com/sun/jersey/contribs/jersey-guice/1.19.4/jersey-guice-1.19.4.jar:/home/runner/.m2/repository/com/fasterxml/jackson/jaxrs/jackson-jaxrs-json-provider/2.16.2/jackson-jaxrs-json-provider-2.16.2.jar:/home/runner/.m2/repository/com/fasterxml/jackson/jaxrs/jackson-jaxrs-base/2.16.2/jackson-jaxrs-base-2.16.2.jar:/home/runner/.m2/repository/org/apache/hadoop/hadoop-yarn-client/3.3.6/hadoop-yarn-client-3.3.6.jar:/home/runner/.m2/repository/org/eclipse/jetty/websocket/websocket-client/9.4.51.v20230217/websocket-client-9.4.51.v20230217.jar:/home/runner/.m2/repository/org/eclipse/jetty/websocket/websocket-common/9.4.51.v20230217/websocket-common-9.4.51.v20230217.jar:/home/runner/.m2/repository/org/eclipse/jetty/websocket/websocket-api/9.4.51.v20230217/websocket-api-9.4.51.v20230217.jar:/home/runner/.m2/repository/org/jline/jline/3.9.0/jline-3.9.0.jar:/home/runner/.m2/repository/org/apache/hadoop/hadoop-mapreduce-client-core/3.3.6/hadoop-mapreduce-client-core-3.3.6.jar:/home/runner/.m2/repository/org/apache/avro/avro/1.7.7/avro-1.7.7.jar:/home/runner/.m2/repository/com/thoughtworks/paranamer/paranamer/2.3/paranamer-2.3.jar:/home/runner/.m2/repository/org/apache/hadoop/hadoop-annotations/3.3.6/hadoop-annotations-3.3.6.jar:/home/runner/.m2/repository/io/netty/netty/3.10.6.Final/netty-3.10.6.Final.jar:/home/runner/.m2/repository/org/apache/hadoop/hadoop-distcp/3.3.6/hadoop-distcp-3.3.6-tests.jar:/home/runner/.m2/repository/org/apache/ratis/ratis-server/3.1.1/ratis-server-3.1.1.jar:/home/runner/.m2/repository/org/hamcrest/hamcrest/2.2/hamcrest-2.2.jar:/home/runner/.m2/repository/org/slf4j/jul-to-slf4j/2.0.16/jul-to-slf4j-2.0.16.jar:/home/runner/work/ozone/ozone/hadoop-ozone/integration-test/target/gradle-enterprise/test-listeners.jar:"/>
    <property name="sun.cpu.endian" value="little"/>
    <property name="user.home" value="/home/runner"/>
    <property name="user.language" value="en"/>
    <property name="java.specification.vendor" value="Oracle Corporation"/>
    <property name="java.version.date" value="2024-07-16"/>
    <property name="java.home" value="/usr/lib/jvm/temurin-17-jdk-amd64"/>
    <property name="java.security.krb5.conf" value="/home/runner/work/ozone/ozone/hadoop-ozone/integration-test/target/test-classes/krb5.conf"/>
    <property name="file.separator" value="/"/>
    <property name="basedir" value="/home/runner/work/ozone/ozone/hadoop-ozone/integration-test"/>
    <property name="java.vm.compressedOopsMode" value="Zero based"/>
    <property name="line.separator" value="&#10;"/>
    <property name="java.vm.specification.vendor" value="Oracle Corporation"/>
    <property name="java.specification.name" value="Java Platform API Specification"/>
    <property name="skip.installnpx" value="true"/>
    <property name="surefire.real.class.path" value="/home/runner/work/ozone/ozone/hadoop-ozone/integration-test/target/surefire/surefirebooter4340674139140751871.jar"/>
    <property name="hadoop.log.dir" value="/home/runner/work/ozone/ozone/hadoop-ozone/integration-test/target/log"/>
    <property name="sun.management.compiler" value="HotSpot 64-Bit Tiered Compilers"/>
    <property name="java.runtime.version" value="17.0.12+7"/>
    <property name="skip.npx" value="true"/>
    <property name="user.name" value="runner"/>
    <property name="java.net.preferIPv4Stack" value="true"/>
    <property name="path.separator" value=":"/>
    <property name="java.security.egd" value="file:///dev/urandom"/>
    <property name="os.version" value="5.15.0-1073-azure"/>
    <property name="java.runtime.name" value="OpenJDK Runtime Environment"/>
    <property name="com.gradle.maven.scan.extension.test.listener.junitplatform.NestedExecutionSafeDelegatingTestExecutionListener" value="72e5a8e"/>
    <property name="file.encoding" value="UTF-8"/>
    <property name="java.vm.name" value="OpenJDK 64-Bit Server VM"/>
    <property name="java.vendor.version" value="Temurin-17.0.12+7"/>
    <property name="test.build.webapps" value=""/>
    <property name="develocity.listener.surefire.forkId" value="1"/>
    <property name="localRepository" value="/home/runner/.m2/repository"/>
    <property name="java.vendor.url.bug" value="https://github.com/adoptium/adoptium-support/issues"/>
    <property name="jetty.git.hash" value="ec6782ff5ead824dabdcf47fa98f90a4aedff401"/>
    <property name="java.io.tmpdir" value="/tmp"/>
    <property name="require.test.libhadoop" value=""/>
    <property name="java.version" value="17.0.12"/>
    <property name="user.dir" value="/home/runner/work/ozone/ozone/hadoop-ozone/integration-test"/>
    <property name="os.arch" value="amd64"/>
    <property name="java.vm.specification.name" value="Java Virtual Machine Specification"/>
    <property name="test.build.classes" value="/home/runner/work/ozone/ozone/hadoop-ozone/integration-test/target/test-classes"/>
    <property name="org.apache.ratis.thirdparty.io.netty.allocator.useCacheForAllThreads" value="false"/>
    <property name="native.encoding" value="UTF-8"/>
    <property name="hadoop.tmp.dir" value="/home/runner/work/ozone/ozone/hadoop-ozone/integration-test/target/tmp"/>
    <property name="java.library.path" value="/usr/java/packages/lib:/usr/lib64:/lib64:/lib:/usr/lib"/>
    <property name="java.vm.info" value="mixed mode, sharing"/>
    <property name="java.vendor" value="Eclipse Adoptium"/>
    <property name="java.vm.version" value="17.0.12+7"/>
    <property name="sun.io.unicode.encoding" value="UnicodeLittle"/>
    <property name="develocity.listener.port" value="38843"/>
    <property name="java.class.version" value="61.0"/>
  </properties>
  <testcase name="testExplicitRemovalOfNode" classname="org.apache.hadoop.ozone.recon.TestReconScmSnapshot" time="51.717">
    <error type="java.util.concurrent.TimeoutException"><![CDATA[java.util.concurrent.TimeoutException: 
Timed out waiting for condition. Thread diagnostics:
Timestamp: 2024-11-05 06:16:55,764

"IPC Server handler 84 on default port 15009" daemon prio=5 tid=603 timed_waiting
java.lang.Thread.State: TIMED_WAITING
        at java.base@17.0.12/jdk.internal.misc.Unsafe.park(Native Method)
        at java.base@17.0.12/java.util.concurrent.locks.LockSupport.parkNanos(LockSupport.java:252)
        at java.base@17.0.12/java.util.concurrent.locks.AbstractQueuedSynchronizer$ConditionObject.awaitNanos(AbstractQueuedSynchronizer.java:1674)
        at java.base@17.0.12/java.util.concurrent.LinkedBlockingQueue.poll(LinkedBlockingQueue.java:460)
        at app//org.apache.hadoop.ipc.CallQueueManager.take(CallQueueManager.java:317)
        at app//org.apache.hadoop.ipc.Server$Handler.run(Server.java:3014)
"IPC Server handler 74 on default port 15009" daemon prio=5 tid=593 timed_waiting
java.lang.Thread.State: TIMED_WAITING
        at java.base@17.0.12/jdk.internal.misc.Unsafe.park(Native Method)
        at java.base@17.0.12/java.util.concurrent.locks.LockSupport.parkNanos(LockSupport.java:252)
        at java.base@17.0.12/java.util.concurrent.locks.AbstractQueuedSynchronizer$ConditionObject.awaitNanos(AbstractQueuedSynchronizer.java:1674)
        at java.base@17.0.12/java.util.concurrent.LinkedBlockingQueue.poll(LinkedBlockingQueue.java:460)
        at app//org.apache.hadoop.ipc.CallQueueManager.take(CallQueueManager.java:317)
        at app//org.apache.hadoop.ipc.Server$Handler.run(Server.java:3014)
"IPC Server handler 87 on default port 15001" daemon prio=5 tid=272 timed_waiting
java.lang.Thread.State: TIMED_WAITING
        at java.base@17.0.12/jdk.internal.misc.Unsafe.park(Native Method)
        at java.base@17.0.12/java.util.concurrent.locks.LockSupport.parkNanos(LockSupport.java:252)
        at java.base@17.0.12/java.util.concurrent.locks.AbstractQueuedSynchronizer$ConditionObject.awaitNanos(AbstractQueuedSynchronizer.java:1674)
        at java.base@17.0.12/java.util.concurrent.LinkedBlockingQueue.poll(LinkedBlockingQueue.java:460)
        at app//org.apache.hadoop.ipc.CallQueueManager.take(CallQueueManager.java:317)
        at app//org.apache.hadoop.ipc.Server$Handler.run(Server.java:3014)
"IPC Server handler 74 on default port 15001" daemon prio=5 tid=259 timed_waiting
java.lang.Thread.State: TIMED_WAITING
        at java.base@17.0.12/jdk.internal.misc.Unsafe.park(Native Method)
        at java.base@17.0.12/java.util.concurrent.locks.LockSupport.parkNanos(LockSupport.java:252)
        at java.base@17.0.12/java.util.concurrent.locks.AbstractQueuedSynchronizer$ConditionObject.awaitNanos(AbstractQueuedSynchronizer.java:1674)
        at java.base@17.0.12/java.util.concurrent.LinkedBlockingQueue.poll(LinkedBlockingQueue.java:460)
        at app//org.apache.hadoop.ipc.CallQueueManager.take(CallQueueManager.java:317)
        at app//org.apache.hadoop.ipc.Server$Handler.run(Server.java:3014)
"IPC Server handler 18 on default port 15009" daemon prio=5 tid=537 timed_waiting
java.lang.Thread.State: TIMED_WAITING
        at java.base@17.0.12/jdk.internal.misc.Unsafe.park(Native Method)
        at java.base@17.0.12/java.util.concurrent.locks.LockSupport.parkNanos(LockSupport.java:252)
        at java.base@17.0.12/java.util.concurrent.locks.AbstractQueuedSynchronizer$ConditionObject.awaitNanos(AbstractQueuedSynchronizer.java:1674)
        at java.base@17.0.12/java.util.concurrent.LinkedBlockingQueue.poll(LinkedBlockingQueue.java:460)
        at app//org.apache.hadoop.ipc.CallQueueManager.take(CallQueueManager.java:317)
        at app//org.apache.hadoop.ipc.Server$Handler.run(Server.java:3014)
"43b7afd8-9e19-4b34-aad7-81b8e915bbb6@group-83D748725593-cacheEviction-AwaitToRun" daemon prio=5 tid=947 in Object.wait()
java.lang.Thread.State: WAITING (on object monitor)
        at java.base@17.0.12/jdk.internal.misc.Unsafe.park(Native Method)
        at java.base@17.0.12/java.util.concurrent.locks.LockSupport.park(LockSupport.java:341)
        at java.base@17.0.12/java.util.concurrent.locks.AbstractQueuedSynchronizer$ConditionNode.block(AbstractQueuedSynchronizer.java:506)
        at java.base@17.0.12/java.util.concurrent.ForkJoinPool.unmanagedBlock(ForkJoinPool.java:3465)
        at java.base@17.0.12/java.util.concurrent.ForkJoinPool.managedBlock(ForkJoinPool.java:3436)
        at java.base@17.0.12/java.util.concurrent.locks.AbstractQueuedSynchronizer$ConditionObject.await(AbstractQueuedSynchronizer.java:1625)
        at app//org.apache.ratis.util.AwaitForSignal.await(AwaitForSignal.java:48)
        at app//org.apache.ratis.util.AwaitToRun$RunnableImpl.run(AwaitToRun.java:47)
        at java.base@17.0.12/java.lang.Thread.run(Thread.java:840)
"731aafee-c06b-4662-9d20-472061f2d46e-EndpointStateMachineTaskThread-/0.0.0.0:15002-0 "  prio=5 tid=812 in Object.wait()
java.lang.Thread.State: WAITING (on object monitor)
        at java.base@17.0.12/jdk.internal.misc.Unsafe.park(Native Method)
        at java.base@17.0.12/java.util.concurrent.locks.LockSupport.park(LockSupport.java:341)
        at java.base@17.0.12/java.util.concurrent.locks.AbstractQueuedSynchronizer$ConditionNode.block(AbstractQueuedSynchronizer.java:506)
        at java.base@17.0.12/java.util.concurrent.ForkJoinPool.unmanagedBlock(ForkJoinPool.java:3465)
        at java.base@17.0.12/java.util.concurrent.ForkJoinPool.managedBlock(ForkJoinPool.java:3436)
        at java.base@17.0.12/java.util.concurrent.locks.AbstractQueuedSynchronizer$ConditionObject.await(AbstractQueuedSynchronizer.java:1625)
        at java.base@17.0.12/java.util.concurrent.LinkedBlockingQueue.take(LinkedBlockingQueue.java:435)
        at java.base@17.0.12/java.util.concurrent.ThreadPoolExecutor.getTask(ThreadPoolExecutor.java:1062)
        at java.base@17.0.12/java.util.concurrent.ThreadPoolExecutor.runWorker(ThreadPoolExecutor.java:1122)
        at java.base@17.0.12/java.util.concurrent.ThreadPoolExecutor$Worker.run(ThreadPoolExecutor.java:635)
        at java.base@17.0.12/java.lang.Thread.run(Thread.java:840)
"IPC Server handler 66 on default port 15002" daemon prio=5 tid=351 timed_waiting
java.lang.Thread.State: TIMED_WAITING
        at java.base@17.0.12/jdk.internal.misc.Unsafe.park(Native Method)
        at java.base@17.0.12/java.util.concurrent.locks.LockSupport.parkNanos(LockSupport.java:252)
        at java.base@17.0.12/java.util.concurrent.locks.AbstractQueuedSynchronizer$ConditionObject.awaitNanos(AbstractQueuedSynchronizer.java:1674)
        at java.base@17.0.12/java.util.concurrent.LinkedBlockingQueue.poll(LinkedBlockingQueue.java:460)
        at app//org.apache.hadoop.ipc.CallQueueManager.take(CallQueueManager.java:317)
        at app//org.apache.hadoop.ipc.Server$Handler.run(Server.java:3014)
"RatisPipelineUtilsThread-0"  prio=5 tid=25 timed_waiting
java.lang.Thread.State: TIMED_WAITING
        at java.base@17.0.12/java.lang.Object.wait(Native Method)
        at app//org.apache.hadoop.hdds.scm.pipeline.BackgroundPipelineCreator.run(BackgroundPipelineCreator.java:179)
        at app//org.apache.hadoop.hdds.scm.pipeline.BackgroundPipelineCreator$$Lambda$672/0x00007fa908368b18.run(Unknown Source)
        at java.base@17.0.12/java.lang.Thread.run(Thread.java:840)
"IPC Server handler 7 on default port 15012" daemon prio=5 tid=662 timed_waiting
java.lang.Thread.State: TIMED_WAITING
        at java.base@17.0.12/jdk.internal.misc.Unsafe.park(Native Method)
        at java.base@17.0.12/java.util.concurrent.locks.LockSupport.parkNanos(LockSupport.java:252)
        at java.base@17.0.12/java.util.concurrent.locks.AbstractQueuedSynchronizer$ConditionObject.awaitNanos(AbstractQueuedSynchronizer.java:1674)
        at java.base@17.0.12/java.util.concurrent.LinkedBlockingQueue.poll(LinkedBlockingQueue.java:460)
        at app//org.apache.hadoop.ipc.CallQueueManager.take(CallQueueManager.java:317)
        at app//org.apache.hadoop.ipc.Server$Handler.run(Server.java:3014)
"timer3" daemon prio=5 tid=996 timed_waiting
java.lang.Thread.State: TIMED_WAITING
        at java.base@17.0.12/java.lang.Object.wait(Native Method)
        at java.base@17.0.12/java.util.TimerThread.mainLoop(Timer.java:563)
        at java.base@17.0.12/java.util.TimerThread.run(Timer.java:516)
"IPC Server handler 38 on default port 15002" daemon prio=5 tid=323 timed_waiting
java.lang.Thread.State: TIMED_WAITING
        at java.base@17.0.12/jdk.internal.misc.Unsafe.park(Native Method)
        at java.base@17.0.12/java.util.concurrent.locks.LockSupport.parkNanos(LockSupport.java:252)
        at java.base@17.0.12/java.util.concurrent.locks.AbstractQueuedSynchronizer$ConditionObject.awaitNanos(AbstractQueuedSynchronizer.java:1674)
        at java.base@17.0.12/java.util.concurrent.LinkedBlockingQueue.poll(LinkedBlockingQueue.java:460)
        at app//org.apache.hadoop.ipc.CallQueueManager.take(CallQueueManager.java:317)
        at app//org.apache.hadoop.ipc.Server$Handler.run(Server.java:3014)
"IPC Server handler 40 on default port 15009" daemon prio=5 tid=559 timed_waiting
java.lang.Thread.State: TIMED_WAITING
        at java.base@17.0.12/jdk.internal.misc.Unsafe.park(Native Method)
        at java.base@17.0.12/java.util.concurrent.locks.LockSupport.parkNanos(LockSupport.java:252)
        at java.base@17.0.12/java.util.concurrent.locks.AbstractQueuedSynchronizer$ConditionObject.awaitNanos(AbstractQueuedSynchronizer.java:1674)
        at java.base@17.0.12/java.util.concurrent.LinkedBlockingQueue.poll(LinkedBlockingQueue.java:460)
        at app//org.apache.hadoop.ipc.CallQueueManager.take(CallQueueManager.java:317)
        at app//org.apache.hadoop.ipc.Server$Handler.run(Server.java:3014)
"IPC Server handler 81 on default port 15001" daemon prio=5 tid=266 timed_waiting
java.lang.Thread.State: TIMED_WAITING
        at java.base@17.0.12/jdk.internal.misc.Unsafe.park(Native Method)
        at java.base@17.0.12/java.util.concurrent.locks.LockSupport.parkNanos(LockSupport.java:252)
        at java.base@17.0.12/java.util.concurrent.locks.AbstractQueuedSynchronizer$ConditionObject.awaitNanos(AbstractQueuedSynchronizer.java:1674)
        at java.base@17.0.12/java.util.concurrent.LinkedBlockingQueue.poll(LinkedBlockingQueue.java:460)
        at app//org.apache.hadoop.ipc.CallQueueManager.take(CallQueueManager.java:317)
        at app//org.apache.hadoop.ipc.Server$Handler.run(Server.java:3014)
"Socket Reader #10 for port 15021"  prio=5 tid=697 runnable
java.lang.Thread.State: RUNNABLE
        at java.base@17.0.12/sun.nio.ch.EPoll.wait(Native Method)
        at java.base@17.0.12/sun.nio.ch.EPollSelectorImpl.doSelect(EPollSelectorImpl.java:118)
        at java.base@17.0.12/sun.nio.ch.SelectorImpl.lockAndDoSelect(SelectorImpl.java:129)
        at java.base@17.0.12/sun.nio.ch.SelectorImpl.select(SelectorImpl.java:146)
        at app//org.apache.hadoop.ipc.Server$Listener$Reader.doRunLoop(Server.java:1346)
        at app//org.apache.hadoop.ipc.Server$Listener$Reader.run(Server.java:1325)
"Socket Reader #2 for port 15030"  prio=5 tid=735 runnable
java.lang.Thread.State: RUNNABLE
        at java.base@17.0.12/sun.nio.ch.EPoll.wait(Native Method)
        at java.base@17.0.12/sun.nio.ch.EPollSelectorImpl.doSelect(EPollSelectorImpl.java:118)
        at java.base@17.0.12/sun.nio.ch.SelectorImpl.lockAndDoSelect(SelectorImpl.java:129)
        at java.base@17.0.12/sun.nio.ch.SelectorImpl.select(SelectorImpl.java:146)
        at app//org.apache.hadoop.ipc.Server$Listener$Reader.doRunLoop(Server.java:1346)
        at app//org.apache.hadoop.ipc.Server$Listener$Reader.run(Server.java:1325)
"Hadoop-Metrics-Updater-0" daemon prio=5 tid=45 timed_waiting
java.lang.Thread.State: TIMED_WAITING
        at java.base@17.0.12/jdk.internal.misc.Unsafe.park(Native Method)
        at java.base@17.0.12/java.util.concurrent.locks.LockSupport.parkNanos(LockSupport.java:252)
        at java.base@17.0.12/java.util.concurrent.locks.AbstractQueuedSynchronizer$ConditionObject.awaitNanos(AbstractQueuedSynchronizer.java:1674)
        at java.base@17.0.12/java.util.concurrent.ScheduledThreadPoolExecutor$DelayedWorkQueue.take(ScheduledThreadPoolExecutor.java:1182)
        at java.base@17.0.12/java.util.concurrent.ScheduledThreadPoolExecutor$DelayedWorkQueue.take(ScheduledThreadPoolExecutor.java:899)
        at java.base@17.0.12/java.util.concurrent.ThreadPoolExecutor.getTask(ThreadPoolExecutor.java:1062)
        at java.base@17.0.12/java.util.concurrent.ThreadPoolExecutor.runWorker(ThreadPoolExecutor.java:1122)
        at java.base@17.0.12/java.util.concurrent.ThreadPoolExecutor$Worker.run(ThreadPoolExecutor.java:635)
        at java.base@17.0.12/java.lang.Thread.run(Thread.java:840)
"IPC Server handler 91 on default port 15000" daemon prio=5 tid=176 timed_waiting
java.lang.Thread.State: TIMED_WAITING
        at java.base@17.0.12/jdk.internal.misc.Unsafe.park(Native Method)
        at java.base@17.0.12/java.util.concurrent.locks.LockSupport.parkNanos(LockSupport.java:252)
        at java.base@17.0.12/java.util.concurrent.locks.AbstractQueuedSynchronizer$ConditionObject.awaitNanos(AbstractQueuedSynchronizer.java:1674)
        at java.base@17.0.12/java.util.concurrent.LinkedBlockingQueue.poll(LinkedBlockingQueue.java:460)
        at app//org.apache.hadoop.ipc.CallQueueManager.take(CallQueueManager.java:317)
        at app//org.apache.hadoop.ipc.Server$Handler.run(Server.java:3014)
"IPC Server handler 13 on default port 15004" daemon prio=5 tid=465 timed_waiting
java.lang.Thread.State: TIMED_WAITING
        at java.base@17.0.12/jdk.internal.misc.Unsafe.park(Native Method)
        at java.base@17.0.12/java.util.concurrent.locks.LockSupport.parkNanos(LockSupport.java:252)
        at java.base@17.0.12/java.util.concurrent.locks.AbstractQueuedSynchronizer$ConditionObject.awaitNanos(AbstractQueuedSynchronizer.java:1674)
        at java.base@17.0.12/java.util.concurrent.LinkedBlockingQueue.poll(LinkedBlockingQueue.java:460)
        at app//org.apache.hadoop.ipc.CallQueueManager.take(CallQueueManager.java:317)
        at app//org.apache.hadoop.ipc.Server$Handler.run(Server.java:3014)
"43b7afd8-9e19-4b34-aad7-81b8e915bbb6-ChunkWriter-1-0" daemon prio=5 tid=843 in Object.wait()
java.lang.Thread.State: WAITING (on object monitor)
        at java.base@17.0.12/jdk.internal.misc.Unsafe.park(Native Method)
        at java.base@17.0.12/java.util.concurrent.locks.LockSupport.park(LockSupport.java:341)
        at java.base@17.0.12/java.util.concurrent.locks.AbstractQueuedSynchronizer$ConditionNode.block(AbstractQueuedSynchronizer.java:506)
        at java.base@17.0.12/java.util.concurrent.ForkJoinPool.unmanagedBlock(ForkJoinPool.java:3465)
        at java.base@17.0.12/java.util.concurrent.ForkJoinPool.managedBlock(ForkJoinPool.java:3436)
        at java.base@17.0.12/java.util.concurrent.locks.AbstractQueuedSynchronizer$ConditionObject.await(AbstractQueuedSynchronizer.java:1625)
        at java.base@17.0.12/java.util.concurrent.LinkedBlockingDeque.takeFirst(LinkedBlockingDeque.java:485)
        at java.base@17.0.12/java.util.concurrent.LinkedBlockingDeque.take(LinkedBlockingDeque.java:673)
        at java.base@17.0.12/java.util.concurrent.ThreadPoolExecutor.getTask(ThreadPoolExecutor.java:1062)
        at java.base@17.0.12/java.util.concurrent.ThreadPoolExecutor.runWorker(ThreadPoolExecutor.java:1122)
        at java.base@17.0.12/java.util.concurrent.ThreadPoolExecutor$Worker.run(ThreadPoolExecutor.java:635)
        at java.base@17.0.12/java.lang.Thread.run(Thread.java:840)
"Notification Thread" daemon prio=9 tid=13 runnable
java.lang.Thread.State: RUNNABLE
"Socket Reader #6 for port 15012"  prio=5 tid=647 runnable
java.lang.Thread.State: RUNNABLE
        at java.base@17.0.12/sun.nio.ch.EPoll.wait(Native Method)
        at java.base@17.0.12/sun.nio.ch.EPollSelectorImpl.doSelect(EPollSelectorImpl.java:118)
        at java.base@17.0.12/sun.nio.ch.SelectorImpl.lockAndDoSelect(SelectorImpl.java:129)
        at java.base@17.0.12/sun.nio.ch.SelectorImpl.select(SelectorImpl.java:146)
        at app//org.apache.hadoop.ipc.Server$Listener$Reader.doRunLoop(Server.java:1346)
        at app//org.apache.hadoop.ipc.Server$Listener$Reader.run(Server.java:1325)
"IPC Server handler 59 on default port 15002" daemon prio=5 tid=344 timed_waiting
java.lang.Thread.State: TIMED_WAITING
        at java.base@17.0.12/jdk.internal.misc.Unsafe.park(Native Method)
        at java.base@17.0.12/java.util.concurrent.locks.LockSupport.parkNanos(LockSupport.java:252)
        at java.base@17.0.12/java.util.concurrent.locks.AbstractQueuedSynchronizer$ConditionObject.awaitNanos(AbstractQueuedSynchronizer.java:1674)
        at java.base@17.0.12/java.util.concurrent.LinkedBlockingQueue.poll(LinkedBlockingQueue.java:460)
        at app//org.apache.hadoop.ipc.CallQueueManager.take(CallQueueManager.java:317)
        at app//org.apache.hadoop.ipc.Server$Handler.run(Server.java:3014)
"qtp884289676-632" daemon prio=5 tid=632 runnable
java.lang.Thread.State: RUNNABLE
        at java.base@17.0.12/sun.nio.ch.EPoll.wait(Native Method)
        at java.base@17.0.12/sun.nio.ch.EPollSelectorImpl.doSelect(EPollSelectorImpl.java:118)
        at java.base@17.0.12/sun.nio.ch.SelectorImpl.lockAndDoSelect(SelectorImpl.java:129)
        at java.base@17.0.12/sun.nio.ch.SelectorImpl.select(SelectorImpl.java:146)
        at app//org.eclipse.jetty.io.ManagedSelector.nioSelect(ManagedSelector.java:183)
        at app//org.eclipse.jetty.io.ManagedSelector.select(ManagedSelector.java:190)
        at app//org.eclipse.jetty.io.ManagedSelector$SelectorProducer.select(ManagedSelector.java:606)
        at app//org.eclipse.jetty.io.ManagedSelector$SelectorProducer.produce(ManagedSelector.java:543)
        at app//org.eclipse.jetty.util.thread.strategy.EatWhatYouKill.produceTask(EatWhatYouKill.java:362)
        at app//org.eclipse.jetty.util.thread.strategy.EatWhatYouKill.doProduce(EatWhatYouKill.java:186)
        at app//org.eclipse.jetty.util.thread.strategy.EatWhatYouKill.tryProduce(EatWhatYouKill.java:173)
        at app//org.eclipse.jetty.util.thread.strategy.EatWhatYouKill.produce(EatWhatYouKill.java:137)
        at app//org.eclipse.jetty.io.ManagedSelector$$Lambda$824/0x00007fa908550000.run(Unknown Source)
        at app//org.eclipse.jetty.util.thread.QueuedThreadPool.runJob(QueuedThreadPool.java:883)
        at app//org.eclipse.jetty.util.thread.QueuedThreadPool$Runner.run(QueuedThreadPool.java:1034)
        at java.base@17.0.12/java.lang.Thread.run(Thread.java:840)
"IPC Server handler 25 on default port 15000" daemon prio=5 tid=110 timed_waiting
java.lang.Thread.State: TIMED_WAITING
        at java.base@17.0.12/jdk.internal.misc.Unsafe.park(Native Method)
        at java.base@17.0.12/java.util.concurrent.locks.LockSupport.parkNanos(LockSupport.java:252)
        at java.base@17.0.12/java.util.concurrent.locks.AbstractQueuedSynchronizer$ConditionObject.awaitNanos(AbstractQueuedSynchronizer.java:1674)
        at java.base@17.0.12/java.util.concurrent.LinkedBlockingQueue.poll(LinkedBlockingQueue.java:460)
        at app//org.apache.hadoop.ipc.CallQueueManager.take(CallQueueManager.java:317)
        at app//org.apache.hadoop.ipc.Server$Handler.run(Server.java:3014)
"IPC Server handler 54 on default port 15002" daemon prio=5 tid=339 timed_waiting
java.lang.Thread.State: TIMED_WAITING
        at java.base@17.0.12/jdk.internal.misc.Unsafe.park(Native Method)
        at java.base@17.0.12/java.util.concurrent.locks.LockSupport.parkNanos(LockSupport.java:252)
        at java.base@17.0.12/java.util.concurrent.locks.AbstractQueuedSynchronizer$ConditionObject.awaitNanos(AbstractQueuedSynchronizer.java:1674)
        at java.base@17.0.12/java.util.concurrent.LinkedBlockingQueue.poll(LinkedBlockingQueue.java:460)
        at app//org.apache.hadoop.ipc.CallQueueManager.take(CallQueueManager.java:317)
        at app//org.apache.hadoop.ipc.Server$Handler.run(Server.java:3014)
"IPC Client (1268635527) connection to 0.0.0.0/0.0.0.0:15002 from runner" daemon prio=5 tid=813 timed_waiting
java.lang.Thread.State: TIMED_WAITING
        at java.base@17.0.12/java.lang.Object.wait(Native Method)
        at app//org.apache.hadoop.ipc.Client$Connection.waitForWork(Client.java:1026)
        at app//org.apache.hadoop.ipc.Client$Connection.run(Client.java:1077)
"IPC Server handler 76 on default port 15009" daemon prio=5 tid=595 timed_waiting
java.lang.Thread.State: TIMED_WAITING
        at java.base@17.0.12/jdk.internal.misc.Unsafe.park(Native Method)
        at java.base@17.0.12/java.util.concurrent.locks.LockSupport.parkNanos(LockSupport.java:252)
        at java.base@17.0.12/java.util.concurrent.locks.AbstractQueuedSynchronizer$ConditionObject.awaitNanos(AbstractQueuedSynchronizer.java:1674)
        at java.base@17.0.12/java.util.concurrent.LinkedBlockingQueue.poll(LinkedBlockingQueue.java:460)
        at app//org.apache.hadoop.ipc.CallQueueManager.take(CallQueueManager.java:317)
        at app//org.apache.hadoop.ipc.Server$Handler.run(Server.java:3014)
"Socket Reader #6 for port 15004"  prio=5 tid=417 runnable
java.lang.Thread.State: RUNNABLE
        at java.base@17.0.12/sun.nio.ch.EPoll.wait(Native Method)
        at java.base@17.0.12/sun.nio.ch.EPollSelectorImpl.doSelect(EPollSelectorImpl.java:118)
        at java.base@17.0.12/sun.nio.ch.SelectorImpl.lockAndDoSelect(SelectorImpl.java:129)
        at java.base@17.0.12/sun.nio.ch.SelectorImpl.select(SelectorImpl.java:146)
        at app//org.apache.hadoop.ipc.Server$Listener$Reader.doRunLoop(Server.java:1346)
        at app//org.apache.hadoop.ipc.Server$Listener$Reader.run(Server.java:1325)
"Recon-FixedThreadPoolWithAffinityExecutor-1-0" daemon prio=5 tid=497 timed_waiting
java.lang.Thread.State: TIMED_WAITING
        at java.base@17.0.12/jdk.internal.misc.Unsafe.park(Native Method)
        at java.base@17.0.12/java.util.concurrent.locks.LockSupport.parkNanos(LockSupport.java:252)
        at java.base@17.0.12/java.util.concurrent.locks.AbstractQueuedSynchronizer$ConditionObject.awaitNanos(AbstractQueuedSynchronizer.java:1674)
        at java.base@17.0.12/java.util.concurrent.LinkedBlockingQueue.poll(LinkedBlockingQueue.java:460)
        at app//org.apache.hadoop.hdds.scm.server.ContainerReportQueue.poll(ContainerReportQueue.java:269)
        at app//org.apache.hadoop.hdds.scm.server.ContainerReportQueue.poll(ContainerReportQueue.java:42)
        at app//org.apache.hadoop.hdds.server.events.FixedThreadPoolWithAffinityExecutor$ContainerReportProcessTask.run(FixedThreadPoolWithAffinityExecutor.java:253)
        at java.base@17.0.12/java.util.concurrent.Executors$RunnableAdapter.call(Executors.java:539)
        at java.base@17.0.12/java.util.concurrent.FutureTask.run(FutureTask.java:264)
        at java.base@17.0.12/java.util.concurrent.ThreadPoolExecutor.runWorker(ThreadPoolExecutor.java:1136)
        at java.base@17.0.12/java.util.concurrent.ThreadPoolExecutor$Worker.run(ThreadPoolExecutor.java:635)
        at java.base@17.0.12/java.lang.Thread.run(Thread.java:840)
"IPC Server handler 84 on default port 15001" daemon prio=5 tid=269 timed_waiting
java.lang.Thread.State: TIMED_WAITING
        at java.base@17.0.12/jdk.internal.misc.Unsafe.park(Native Method)
        at java.base@17.0.12/java.util.concurrent.locks.LockSupport.parkNanos(LockSupport.java:252)
        at java.base@17.0.12/java.util.concurrent.locks.AbstractQueuedSynchronizer$ConditionObject.awaitNanos(AbstractQueuedSynchronizer.java:1674)
        at java.base@17.0.12/java.util.concurrent.LinkedBlockingQueue.poll(LinkedBlockingQueue.java:460)
        at app//org.apache.hadoop.ipc.CallQueueManager.take(CallQueueManager.java:317)
        at app//org.apache.hadoop.ipc.Server$Handler.run(Server.java:3014)
"IPC Server handler 49 on default port 15009" daemon prio=5 tid=568 timed_waiting
java.lang.Thread.State: TIMED_WAITING
        at java.base@17.0.12/jdk.internal.misc.Unsafe.park(Native Method)
        at java.base@17.0.12/java.util.concurrent.locks.LockSupport.parkNanos(LockSupport.java:252)
        at java.base@17.0.12/java.util.concurrent.locks.AbstractQueuedSynchronizer$ConditionObject.awaitNanos(AbstractQueuedSynchronizer.java:1674)
        at java.base@17.0.12/java.util.concurrent.LinkedBlockingQueue.poll(LinkedBlockingQueue.java:460)
        at app//org.apache.hadoop.ipc.CallQueueManager.take(CallQueueManager.java:317)
        at app//org.apache.hadoop.ipc.Server$Handler.run(Server.java:3014)
"IPC Server handler 29 on default port 15002" daemon prio=5 tid=314 timed_waiting
java.lang.Thread.State: TIMED_WAITING
        at java.base@17.0.12/jdk.internal.misc.Unsafe.park(Native Method)
        at java.base@17.0.12/java.util.concurrent.locks.LockSupport.parkNanos(LockSupport.java:252)
        at java.base@17.0.12/java.util.concurrent.locks.AbstractQueuedSynchronizer$ConditionObject.awaitNanos(AbstractQueuedSynchronizer.java:1674)
        at java.base@17.0.12/java.util.concurrent.LinkedBlockingQueue.poll(LinkedBlockingQueue.java:460)
        at app//org.apache.hadoop.ipc.CallQueueManager.take(CallQueueManager.java:317)
        at app//org.apache.hadoop.ipc.Server$Handler.run(Server.java:3014)
"IPC Server handler 35 on default port 15002" daemon prio=5 tid=320 timed_waiting
java.lang.Thread.State: TIMED_WAITING
        at java.base@17.0.12/jdk.internal.misc.Unsafe.park(Native Method)
        at java.base@17.0.12/java.util.concurrent.locks.LockSupport.parkNanos(LockSupport.java:252)
        at java.base@17.0.12/java.util.concurrent.locks.AbstractQueuedSynchronizer$ConditionObject.awaitNanos(AbstractQueuedSynchronizer.java:1674)
        at java.base@17.0.12/java.util.concurrent.LinkedBlockingQueue.poll(LinkedBlockingQueue.java:460)
        at app//org.apache.hadoop.ipc.CallQueueManager.take(CallQueueManager.java:317)
        at app//org.apache.hadoop.ipc.Server$Handler.run(Server.java:3014)
"StaleRecoveringContainerScrubbingService#1" daemon prio=5 tid=869 in Object.wait()
java.lang.Thread.State: WAITING (on object monitor)
        at java.base@17.0.12/jdk.internal.misc.Unsafe.park(Native Method)
        at java.base@17.0.12/java.util.concurrent.locks.LockSupport.park(LockSupport.java:341)
        at java.base@17.0.12/java.util.concurrent.locks.AbstractQueuedSynchronizer$ConditionNode.block(AbstractQueuedSynchronizer.java:506)
        at java.base@17.0.12/java.util.concurrent.ForkJoinPool.unmanagedBlock(ForkJoinPool.java:3465)
        at java.base@17.0.12/java.util.concurrent.ForkJoinPool.managedBlock(ForkJoinPool.java:3436)
        at java.base@17.0.12/java.util.concurrent.locks.AbstractQueuedSynchronizer$ConditionObject.await(AbstractQueuedSynchronizer.java:1625)
        at java.base@17.0.12/java.util.concurrent.ScheduledThreadPoolExecutor$DelayedWorkQueue.take(ScheduledThreadPoolExecutor.java:1177)
        at java.base@17.0.12/java.util.concurrent.ScheduledThreadPoolExecutor$DelayedWorkQueue.take(ScheduledThreadPoolExecutor.java:899)
        at java.base@17.0.12/java.util.concurrent.ThreadPoolExecutor.getTask(ThreadPoolExecutor.java:1062)
        at java.base@17.0.12/java.util.concurrent.ThreadPoolExecutor.runWorker(ThreadPoolExecutor.java:1122)
        at java.base@17.0.12/java.util.concurrent.ThreadPoolExecutor$Worker.run(ThreadPoolExecutor.java:635)
        at java.base@17.0.12/java.lang.Thread.run(Thread.java:840)
"qtp884289676-637" daemon prio=5 tid=637 timed_waiting
java.lang.Thread.State: TIMED_WAITING
        at java.base@17.0.12/jdk.internal.misc.Unsafe.park(Native Method)
        at java.base@17.0.12/java.util.concurrent.locks.LockSupport.parkNanos(LockSupport.java:252)
        at java.base@17.0.12/java.util.concurrent.locks.AbstractQueuedSynchronizer$ConditionObject.awaitNanos(AbstractQueuedSynchronizer.java:1674)
        at app//org.eclipse.jetty.util.BlockingArrayQueue.poll(BlockingArrayQueue.java:382)
        at app//org.eclipse.jetty.util.thread.QueuedThreadPool$Runner.idleJobPoll(QueuedThreadPool.java:974)
        at app//org.eclipse.jetty.util.thread.QueuedThreadPool$Runner.run(QueuedThreadPool.java:1018)
        at java.base@17.0.12/java.lang.Thread.run(Thread.java:840)
"Socket Reader #5 for port 15000"  prio=5 tid=65 runnable
java.lang.Thread.State: RUNNABLE
        at java.base@17.0.12/sun.nio.ch.EPoll.wait(Native Method)
        at java.base@17.0.12/sun.nio.ch.EPollSelectorImpl.doSelect(EPollSelectorImpl.java:118)
        at java.base@17.0.12/sun.nio.ch.SelectorImpl.lockAndDoSelect(SelectorImpl.java:129)
        at java.base@17.0.12/sun.nio.ch.SelectorImpl.select(SelectorImpl.java:146)
        at app//org.apache.hadoop.ipc.Server$Listener$Reader.doRunLoop(Server.java:1346)
        at app//org.apache.hadoop.ipc.Server$Listener$Reader.run(Server.java:1325)
"Hadoop-Metrics-Updater-0" daemon prio=5 tid=495 timed_waiting
java.lang.Thread.State: TIMED_WAITING
        at java.base@17.0.12/jdk.internal.misc.Unsafe.park(Native Method)
        at java.base@17.0.12/java.util.concurrent.locks.LockSupport.parkNanos(LockSupport.java:252)
        at java.base@17.0.12/java.util.concurrent.locks.AbstractQueuedSynchronizer$ConditionObject.awaitNanos(AbstractQueuedSynchronizer.java:1674)
        at java.base@17.0.12/java.util.concurrent.ScheduledThreadPoolExecutor$DelayedWorkQueue.take(ScheduledThreadPoolExecutor.java:1182)
        at java.base@17.0.12/java.util.concurrent.ScheduledThreadPoolExecutor$DelayedWorkQueue.take(ScheduledThreadPoolExecutor.java:899)
        at java.base@17.0.12/java.util.concurrent.ThreadPoolExecutor.getTask(ThreadPoolExecutor.java:1062)
        at java.base@17.0.12/java.util.concurrent.ThreadPoolExecutor.runWorker(ThreadPoolExecutor.java:1122)
        at java.base@17.0.12/java.util.concurrent.ThreadPoolExecutor$Worker.run(ThreadPoolExecutor.java:635)
        at java.base@17.0.12/java.lang.Thread.run(Thread.java:840)
"IPC Server handler 44 on default port 15000" daemon prio=5 tid=129 timed_waiting
java.lang.Thread.State: TIMED_WAITING
        at java.base@17.0.12/jdk.internal.misc.Unsafe.park(Native Method)
        at java.base@17.0.12/java.util.concurrent.locks.LockSupport.parkNanos(LockSupport.java:252)
        at java.base@17.0.12/java.util.concurrent.locks.AbstractQueuedSynchronizer$ConditionObject.awaitNanos(AbstractQueuedSynchronizer.java:1674)
        at java.base@17.0.12/java.util.concurrent.LinkedBlockingQueue.poll(LinkedBlockingQueue.java:460)
        at app//org.apache.hadoop.ipc.CallQueueManager.take(CallQueueManager.java:317)
        at app//org.apache.hadoop.ipc.Server$Handler.run(Server.java:3014)
"IPC Server handler 9 on default port 15009" daemon prio=5 tid=528 timed_waiting
java.lang.Thread.State: TIMED_WAITING
        at java.base@17.0.12/jdk.internal.misc.Unsafe.park(Native Method)
        at java.base@17.0.12/java.util.concurrent.locks.LockSupport.parkNanos(LockSupport.java:252)
        at java.base@17.0.12/java.util.concurrent.locks.AbstractQueuedSynchronizer$ConditionObject.awaitNanos(AbstractQueuedSynchronizer.java:1674)
        at java.base@17.0.12/java.util.concurrent.LinkedBlockingQueue.poll(LinkedBlockingQueue.java:460)
        at app//org.apache.hadoop.ipc.CallQueueManager.take(CallQueueManager.java:317)
        at app//org.apache.hadoop.ipc.Server$Handler.run(Server.java:3014)
"IPC Server handler 81 on default port 15000" daemon prio=5 tid=166 timed_waiting
java.lang.Thread.State: TIMED_WAITING
        at java.base@17.0.12/jdk.internal.misc.Unsafe.park(Native Method)
        at java.base@17.0.12/java.util.concurrent.locks.LockSupport.parkNanos(LockSupport.java:252)
        at java.base@17.0.12/java.util.concurrent.locks.AbstractQueuedSynchronizer$ConditionObject.awaitNanos(AbstractQueuedSynchronizer.java:1674)
        at java.base@17.0.12/java.util.concurrent.LinkedBlockingQueue.poll(LinkedBlockingQueue.java:460)
        at app//org.apache.hadoop.ipc.CallQueueManager.take(CallQueueManager.java:317)
        at app//org.apache.hadoop.ipc.Server$Handler.run(Server.java:3014)
"IPC Server handler 80 on default port 15000" daemon prio=5 tid=165 timed_waiting
java.lang.Thread.State: TIMED_WAITING
        at java.base@17.0.12/jdk.internal.misc.Unsafe.park(Native Method)
        at java.base@17.0.12/java.util.concurrent.locks.LockSupport.parkNanos(LockSupport.java:252)
        at java.base@17.0.12/java.util.concurrent.locks.AbstractQueuedSynchronizer$ConditionObject.awaitNanos(AbstractQueuedSynchronizer.java:1674)
        at java.base@17.0.12/java.util.concurrent.LinkedBlockingQueue.poll(LinkedBlockingQueue.java:460)
        at app//org.apache.hadoop.ipc.CallQueueManager.take(CallQueueManager.java:317)
        at app//org.apache.hadoop.ipc.Server$Handler.run(Server.java:3014)
"FixedThreadPoolWithAffinityExecutor-5-0" daemon prio=5 tid=79 timed_waiting
java.lang.Thread.State: TIMED_WAITING
        at java.base@17.0.12/jdk.internal.misc.Unsafe.park(Native Method)
        at java.base@17.0.12/java.util.concurrent.locks.LockSupport.parkNanos(LockSupport.java:252)
        at java.base@17.0.12/java.util.concurrent.locks.AbstractQueuedSynchronizer$ConditionObject.awaitNanos(AbstractQueuedSynchronizer.java:1674)
        at java.base@17.0.12/java.util.concurrent.LinkedBlockingQueue.poll(LinkedBlockingQueue.java:460)
        at app//org.apache.hadoop.hdds.scm.server.ContainerReportQueue.poll(ContainerReportQueue.java:269)
        at app//org.apache.hadoop.hdds.scm.server.ContainerReportQueue.poll(ContainerReportQueue.java:42)
        at app//org.apache.hadoop.hdds.server.events.FixedThreadPoolWithAffinityExecutor$ContainerReportProcessTask.run(FixedThreadPoolWithAffinityExecutor.java:253)
        at java.base@17.0.12/java.util.concurrent.Executors$RunnableAdapter.call(Executors.java:539)
        at java.base@17.0.12/java.util.concurrent.FutureTask.run(FutureTask.java:264)
        at java.base@17.0.12/java.util.concurrent.ThreadPoolExecutor.runWorker(ThreadPoolExecutor.java:1136)
        at java.base@17.0.12/java.util.concurrent.ThreadPoolExecutor$Worker.run(ThreadPoolExecutor.java:635)
        at java.base@17.0.12/java.lang.Thread.run(Thread.java:840)
"IPC Server handler 84 on default port 15000" daemon prio=5 tid=169 timed_waiting
java.lang.Thread.State: TIMED_WAITING
        at java.base@17.0.12/jdk.internal.misc.Unsafe.park(Native Method)
        at java.base@17.0.12/java.util.concurrent.locks.LockSupport.parkNanos(LockSupport.java:252)
        at java.base@17.0.12/java.util.concurrent.locks.AbstractQueuedSynchronizer$ConditionObject.awaitNanos(AbstractQueuedSynchronizer.java:1674)
        at java.base@17.0.12/java.util.concurrent.LinkedBlockingQueue.poll(LinkedBlockingQueue.java:460)
        at app//org.apache.hadoop.ipc.CallQueueManager.take(CallQueueManager.java:317)
        at app//org.apache.hadoop.ipc.Server$Handler.run(Server.java:3014)
"44ff6b06-02d2-44ad-8aa1-4af94363565f@group-83D748725593->43b7afd8-9e19-4b34-aad7-81b8e915bbb6-GrpcLogAppender-LogAppenderDaemon" daemon prio=5 tid=1017 timed_waiting
java.lang.Thread.State: TIMED_WAITING
        at java.base@17.0.12/jdk.internal.misc.Unsafe.park(Native Method)
        at java.base@17.0.12/java.util.concurrent.locks.LockSupport.parkNanos(LockSupport.java:252)
        at java.base@17.0.12/java.util.concurrent.locks.AbstractQueuedSynchronizer$ConditionObject.await(AbstractQueuedSynchronizer.java:1759)
        at app//org.apache.ratis.util.AwaitForSignal.await(AwaitForSignal.java:65)
        at app//org.apache.ratis.grpc.server.GrpcLogAppender.mayWait(GrpcLogAppender.java:290)
        at app//org.apache.ratis.grpc.server.GrpcLogAppender.run(GrpcLogAppender.java:258)
        at app//org.apache.ratis.server.leader.LogAppenderDaemon.run(LogAppenderDaemon.java:80)
        at app//org.apache.ratis.server.leader.LogAppenderDaemon$$Lambda$1935/0x00007fa908ea5b28.run(Unknown Source)
        at java.base@17.0.12/java.lang.Thread.run(Thread.java:840)
"44ff6b06-02d2-44ad-8aa1-4af94363565f-BlockDeletingService#0" daemon prio=5 tid=867 timed_waiting
java.lang.Thread.State: TIMED_WAITING
        at java.base@17.0.12/jdk.internal.misc.Unsafe.park(Native Method)
        at java.base@17.0.12/java.util.concurrent.locks.LockSupport.parkNanos(LockSupport.java:252)
        at java.base@17.0.12/java.util.concurrent.locks.AbstractQueuedSynchronizer$ConditionObject.awaitNanos(AbstractQueuedSynchronizer.java:1674)
        at java.base@17.0.12/java.util.concurrent.ScheduledThreadPoolExecutor$DelayedWorkQueue.take(ScheduledThreadPoolExecutor.java:1182)
        at java.base@17.0.12/java.util.concurrent.ScheduledThreadPoolExecutor$DelayedWorkQueue.take(ScheduledThreadPoolExecutor.java:899)
        at java.base@17.0.12/java.util.concurrent.ThreadPoolExecutor.getTask(ThreadPoolExecutor.java:1062)
        at java.base@17.0.12/java.util.concurrent.ThreadPoolExecutor.runWorker(ThreadPoolExecutor.java:1122)
        at java.base@17.0.12/java.util.concurrent.ThreadPoolExecutor$Worker.run(ThreadPoolExecutor.java:635)
        at java.base@17.0.12/java.lang.Thread.run(Thread.java:840)
"IPC Server idle connection scanner for port 15030" daemon prio=5 tid=744 timed_waiting
java.lang.Thread.State: TIMED_WAITING
        at java.base@17.0.12/java.lang.Object.wait(Native Method)
        at java.base@17.0.12/java.util.TimerThread.mainLoop(Timer.java:563)
        at java.base@17.0.12/java.util.TimerThread.run(Timer.java:516)
"EventQueue-PipelineReportForPipelineReportHandler" daemon prio=5 tid=896 in Object.wait()
java.lang.Thread.State: WAITING (on object monitor)
        at java.base@17.0.12/jdk.internal.misc.Unsafe.park(Native Method)
        at java.base@17.0.12/java.util.concurrent.locks.LockSupport.park(LockSupport.java:341)
        at java.base@17.0.12/java.util.concurrent.locks.AbstractQueuedSynchronizer$ConditionNode.block(AbstractQueuedSynchronizer.java:506)
        at java.base@17.0.12/java.util.concurrent.ForkJoinPool.unmanagedBlock(ForkJoinPool.java:3465)
        at java.base@17.0.12/java.util.concurrent.ForkJoinPool.managedBlock(ForkJoinPool.java:3436)
        at java.base@17.0.12/java.util.concurrent.locks.AbstractQueuedSynchronizer$ConditionObject.await(AbstractQueuedSynchronizer.java:1625)
        at java.base@17.0.12/java.util.concurrent.LinkedBlockingQueue.take(LinkedBlockingQueue.java:435)
        at java.base@17.0.12/java.util.concurrent.ThreadPoolExecutor.getTask(ThreadPoolExecutor.java:1062)
        at java.base@17.0.12/java.util.concurrent.ThreadPoolExecutor.runWorker(ThreadPoolExecutor.java:1122)
        at java.base@17.0.12/java.util.concurrent.ThreadPoolExecutor$Worker.run(ThreadPoolExecutor.java:635)
        at java.base@17.0.12/java.lang.Thread.run(Thread.java:840)
"LeaseManager#LeaseMonitor" daemon prio=5 tid=386 timed_waiting
java.lang.Thread.State: TIMED_WAITING
        at java.base@17.0.12/jdk.internal.misc.Unsafe.park(Native Method)
        at java.base@17.0.12/java.util.concurrent.locks.LockSupport.parkNanos(LockSupport.java:252)
        at java.base@17.0.12/java.util.concurrent.locks.AbstractQueuedSynchronizer.acquire(AbstractQueuedSynchronizer.java:717)
        at java.base@17.0.12/java.util.concurrent.locks.AbstractQueuedSynchronizer.tryAcquireSharedNanos(AbstractQueuedSynchronizer.java:1074)
        at java.base@17.0.12/java.util.concurrent.Semaphore.tryAcquire(Semaphore.java:415)
        at app//org.apache.hadoop.ozone.lease.LeaseManager$LeaseMonitor.run(LeaseManager.java:284)
        at java.base@17.0.12/java.lang.Thread.run(Thread.java:840)
"IPC Server handler 25 on default port 15001" daemon prio=5 tid=210 timed_waiting
java.lang.Thread.State: TIMED_WAITING
        at java.base@17.0.12/jdk.internal.misc.Unsafe.park(Native Method)
        at java.base@17.0.12/java.util.concurrent.locks.LockSupport.parkNanos(LockSupport.java:252)
        at java.base@17.0.12/java.util.concurrent.locks.AbstractQueuedSynchronizer$ConditionObject.awaitNanos(AbstractQueuedSynchronizer.java:1674)
        at java.base@17.0.12/java.util.concurrent.LinkedBlockingQueue.poll(LinkedBlockingQueue.java:460)
        at app//org.apache.hadoop.ipc.CallQueueManager.take(CallQueueManager.java:317)
        at app//org.apache.hadoop.ipc.Server$Handler.run(Server.java:3014)
"IPC Server handler 50 on default port 15002" daemon prio=5 tid=335 timed_waiting
java.lang.Thread.State: TIMED_WAITING
        at java.base@17.0.12/jdk.internal.misc.Unsafe.park(Native Method)
        at java.base@17.0.12/java.util.concurrent.locks.LockSupport.parkNanos(LockSupport.java:252)
        at java.base@17.0.12/java.util.concurrent.locks.AbstractQueuedSynchronizer$ConditionObject.awaitNanos(AbstractQueuedSynchronizer.java:1674)
        at java.base@17.0.12/java.util.concurrent.LinkedBlockingQueue.poll(LinkedBlockingQueue.java:460)
        at app//org.apache.hadoop.ipc.CallQueueManager.take(CallQueueManager.java:317)
        at app//org.apache.hadoop.ipc.Server$Handler.run(Server.java:3014)
"Recon-FixedThreadPoolWithAffinityExecutor-4-0" daemon prio=5 tid=500 timed_waiting
java.lang.Thread.State: TIMED_WAITING
        at java.base@17.0.12/jdk.internal.misc.Unsafe.park(Native Method)
        at java.base@17.0.12/java.util.concurrent.locks.LockSupport.parkNanos(LockSupport.java:252)
        at java.base@17.0.12/java.util.concurrent.locks.AbstractQueuedSynchronizer$ConditionObject.awaitNanos(AbstractQueuedSynchronizer.java:1674)
        at java.base@17.0.12/java.util.concurrent.LinkedBlockingQueue.poll(LinkedBlockingQueue.java:460)
        at app//org.apache.hadoop.hdds.scm.server.ContainerReportQueue.poll(ContainerReportQueue.java:269)
        at app//org.apache.hadoop.hdds.scm.server.ContainerReportQueue.poll(ContainerReportQueue.java:42)
        at app//org.apache.hadoop.hdds.server.events.FixedThreadPoolWithAffinityExecutor$ContainerReportProcessTask.run(FixedThreadPoolWithAffinityExecutor.java:253)
        at java.base@17.0.12/java.util.concurrent.Executors$RunnableAdapter.call(Executors.java:539)
        at java.base@17.0.12/java.util.concurrent.FutureTask.run(FutureTask.java:264)
        at java.base@17.0.12/java.util.concurrent.ThreadPoolExecutor.runWorker(ThreadPoolExecutor.java:1136)
        at java.base@17.0.12/java.util.concurrent.ThreadPoolExecutor$Worker.run(ThreadPoolExecutor.java:635)
        at java.base@17.0.12/java.lang.Thread.run(Thread.java:840)
"43b7afd8-9e19-4b34-aad7-81b8e915bbb6-DatanodeStateMachineDaemonThread" daemon prio=5 tid=711 timed_waiting
java.lang.Thread.State: TIMED_WAITING
        at java.base@17.0.12/java.lang.Thread.sleep(Native Method)
        at app//org.apache.hadoop.ozone.container.common.statemachine.DatanodeStateMachine.startStateMachineThread(DatanodeStateMachine.java:358)
        at app//org.apache.hadoop.ozone.container.common.statemachine.DatanodeStateMachine.lambda$startDaemon$1(DatanodeStateMachine.java:544)
        at app//org.apache.hadoop.ozone.container.common.statemachine.DatanodeStateMachine$$Lambda$1696/0x00007fa908d75848.run(Unknown Source)
        at java.base@17.0.12/java.lang.Thread.run(Thread.java:840)
"IPC Server handler 4 on default port 15021" daemon prio=5 tid=705 timed_waiting
java.lang.Thread.State: TIMED_WAITING
        at java.base@17.0.12/jdk.internal.misc.Unsafe.park(Native Method)
        at java.base@17.0.12/java.util.concurrent.locks.LockSupport.parkNanos(LockSupport.java:252)
        at java.base@17.0.12/java.util.concurrent.locks.AbstractQueuedSynchronizer$ConditionObject.awaitNanos(AbstractQueuedSynchronizer.java:1674)
        at java.base@17.0.12/java.util.concurrent.LinkedBlockingQueue.poll(LinkedBlockingQueue.java:460)
        at app//org.apache.hadoop.ipc.CallQueueManager.take(CallQueueManager.java:317)
        at app//org.apache.hadoop.ipc.Server$Handler.run(Server.java:3014)
"IPC Server handler 79 on default port 15009" daemon prio=5 tid=598 timed_waiting
java.lang.Thread.State: TIMED_WAITING
        at java.base@17.0.12/jdk.internal.misc.Unsafe.park(Native Method)
        at java.base@17.0.12/java.util.concurrent.locks.LockSupport.parkNanos(LockSupport.java:252)
        at java.base@17.0.12/java.util.concurrent.locks.AbstractQueuedSynchronizer$ConditionObject.awaitNanos(AbstractQueuedSynchronizer.java:1674)
        at java.base@17.0.12/java.util.concurrent.LinkedBlockingQueue.poll(LinkedBlockingQueue.java:460)
        at app//org.apache.hadoop.ipc.CallQueueManager.take(CallQueueManager.java:317)
        at app//org.apache.hadoop.ipc.Server$Handler.run(Server.java:3014)
"IPC Server handler 89 on default port 15001" daemon prio=5 tid=274 timed_waiting
java.lang.Thread.State: TIMED_WAITING
        at java.base@17.0.12/jdk.internal.misc.Unsafe.park(Native Method)
        at java.base@17.0.12/java.util.concurrent.locks.LockSupport.parkNanos(LockSupport.java:252)
        at java.base@17.0.12/java.util.concurrent.locks.AbstractQueuedSynchronizer$ConditionObject.awaitNanos(AbstractQueuedSynchronizer.java:1674)
        at java.base@17.0.12/java.util.concurrent.LinkedBlockingQueue.poll(LinkedBlockingQueue.java:460)
        at app//org.apache.hadoop.ipc.CallQueueManager.take(CallQueueManager.java:317)
        at app//org.apache.hadoop.ipc.Server$Handler.run(Server.java:3014)
"Recon-FixedThreadPoolWithAffinityExecutor-0-0" daemon prio=5 tid=496 timed_waiting
java.lang.Thread.State: TIMED_WAITING
        at java.base@17.0.12/jdk.internal.misc.Unsafe.park(Native Method)
        at java.base@17.0.12/java.util.concurrent.locks.LockSupport.parkNanos(LockSupport.java:252)
        at java.base@17.0.12/java.util.concurrent.locks.AbstractQueuedSynchronizer$ConditionObject.awaitNanos(AbstractQueuedSynchronizer.java:1674)
        at java.base@17.0.12/java.util.concurrent.LinkedBlockingQueue.poll(LinkedBlockingQueue.java:460)
        at app//org.apache.hadoop.hdds.scm.server.ContainerReportQueue.poll(ContainerReportQueue.java:269)
        at app//org.apache.hadoop.hdds.scm.server.ContainerReportQueue.poll(ContainerReportQueue.java:42)
        at app//org.apache.hadoop.hdds.server.events.FixedThreadPoolWithAffinityExecutor$ContainerReportProcessTask.run(FixedThreadPoolWithAffinityExecutor.java:253)
        at java.base@17.0.12/java.util.concurrent.Executors$RunnableAdapter.call(Executors.java:539)
        at java.base@17.0.12/java.util.concurrent.FutureTask.run(FutureTask.java:264)
        at java.base@17.0.12/java.util.concurrent.ThreadPoolExecutor.runWorker(ThreadPoolExecutor.java:1136)
        at java.base@17.0.12/java.util.concurrent.ThreadPoolExecutor$Worker.run(ThreadPoolExecutor.java:635)
        at java.base@17.0.12/java.lang.Thread.run(Thread.java:840)
"IPC Server handler 3 on default port 15004" daemon prio=5 tid=455 timed_waiting
java.lang.Thread.State: TIMED_WAITING
        at java.base@17.0.12/jdk.internal.misc.Unsafe.park(Native Method)
        at java.base@17.0.12/java.util.concurrent.locks.LockSupport.parkNanos(LockSupport.java:252)
        at java.base@17.0.12/java.util.concurrent.locks.AbstractQueuedSynchronizer$ConditionObject.awaitNanos(AbstractQueuedSynchronizer.java:1674)
        at java.base@17.0.12/java.util.concurrent.LinkedBlockingQueue.poll(LinkedBlockingQueue.java:460)
        at app//org.apache.hadoop.ipc.CallQueueManager.take(CallQueueManager.java:317)
        at app//org.apache.hadoop.ipc.Server$Handler.run(Server.java:3014)
"Timer-0"  prio=5 tid=432 timed_waiting
java.lang.Thread.State: TIMED_WAITING
        at java.base@17.0.12/java.lang.Object.wait(Native Method)
        at java.base@17.0.12/java.util.TimerThread.mainLoop(Timer.java:563)
        at java.base@17.0.12/java.util.TimerThread.run(Timer.java:516)
"IPC Server handler 41 on default port 15001" daemon prio=5 tid=226 timed_waiting
java.lang.Thread.State: TIMED_WAITING
        at java.base@17.0.12/jdk.internal.misc.Unsafe.park(Native Method)
        at java.base@17.0.12/java.util.concurrent.locks.LockSupport.parkNanos(LockSupport.java:252)
        at java.base@17.0.12/java.util.concurrent.locks.AbstractQueuedSynchronizer$ConditionObject.awaitNanos(AbstractQueuedSynchronizer.java:1674)
        at java.base@17.0.12/java.util.concurrent.LinkedBlockingQueue.poll(LinkedBlockingQueue.java:460)
        at app//org.apache.hadoop.ipc.CallQueueManager.take(CallQueueManager.java:317)
        at app//org.apache.hadoop.ipc.Server$Handler.run(Server.java:3014)
"om1-DirectoryDeletingService#0" daemon prio=5 tid=437 timed_waiting
java.lang.Thread.State: TIMED_WAITING
        at java.base@17.0.12/jdk.internal.misc.Unsafe.park(Native Method)
        at java.base@17.0.12/java.util.concurrent.locks.LockSupport.parkNanos(LockSupport.java:252)
        at java.base@17.0.12/java.util.concurrent.locks.AbstractQueuedSynchronizer$ConditionObject.awaitNanos(AbstractQueuedSynchronizer.java:1674)
        at java.base@17.0.12/java.util.concurrent.ScheduledThreadPoolExecutor$DelayedWorkQueue.take(ScheduledThreadPoolExecutor.java:1182)
        at java.base@17.0.12/java.util.concurrent.ScheduledThreadPoolExecutor$DelayedWorkQueue.take(ScheduledThreadPoolExecutor.java:899)
        at java.base@17.0.12/java.util.concurrent.ThreadPoolExecutor.getTask(ThreadPoolExecutor.java:1062)
        at java.base@17.0.12/java.util.concurrent.ThreadPoolExecutor.runWorker(ThreadPoolExecutor.java:1122)
        at java.base@17.0.12/java.util.concurrent.ThreadPoolExecutor$Worker.run(ThreadPoolExecutor.java:635)
        at java.base@17.0.12/java.lang.Thread.run(Thread.java:840)
"IPC Server handler 5 on default port 15001" daemon prio=5 tid=190 timed_waiting
java.lang.Thread.State: TIMED_WAITING
        at java.base@17.0.12/jdk.internal.misc.Unsafe.park(Native Method)
        at java.base@17.0.12/java.util.concurrent.locks.LockSupport.parkNanos(LockSupport.java:252)
        at java.base@17.0.12/java.util.concurrent.locks.AbstractQueuedSynchronizer$ConditionObject.awaitNanos(AbstractQueuedSynchronizer.java:1674)
        at java.base@17.0.12/java.util.concurrent.LinkedBlockingQueue.poll(LinkedBlockingQueue.java:460)
        at app//org.apache.hadoop.ipc.CallQueueManager.take(CallQueueManager.java:317)
        at app//org.apache.hadoop.ipc.Server$Handler.run(Server.java:3014)
"Socket Reader #7 for port 15021"  prio=5 tid=694 runnable
java.lang.Thread.State: RUNNABLE
        at java.base@17.0.12/sun.nio.ch.EPoll.wait(Native Method)
        at java.base@17.0.12/sun.nio.ch.EPollSelectorImpl.doSelect(EPollSelectorImpl.java:118)
        at java.base@17.0.12/sun.nio.ch.SelectorImpl.lockAndDoSelect(SelectorImpl.java:129)
        at java.base@17.0.12/sun.nio.ch.SelectorImpl.select(SelectorImpl.java:146)
        at app//org.apache.hadoop.ipc.Server$Listener$Reader.doRunLoop(Server.java:1346)
        at app//org.apache.hadoop.ipc.Server$Listener$Reader.run(Server.java:1325)
"Socket Reader #9 for port 15030"  prio=5 tid=742 runnable
java.lang.Thread.State: RUNNABLE
        at java.base@17.0.12/sun.nio.ch.EPoll.wait(Native Method)
        at java.base@17.0.12/sun.nio.ch.EPollSelectorImpl.doSelect(EPollSelectorImpl.java:118)
        at java.base@17.0.12/sun.nio.ch.SelectorImpl.lockAndDoSelect(SelectorImpl.java:129)
        at java.base@17.0.12/sun.nio.ch.SelectorImpl.select(SelectorImpl.java:146)
        at app//org.apache.hadoop.ipc.Server$Listener$Reader.doRunLoop(Server.java:1346)
        at app//org.apache.hadoop.ipc.Server$Listener$Reader.run(Server.java:1325)
"Socket Reader #3 for port 15009"  prio=5 tid=485 runnable
java.lang.Thread.State: RUNNABLE
        at java.base@17.0.12/sun.nio.ch.EPoll.wait(Native Method)
        at java.base@17.0.12/sun.nio.ch.EPollSelectorImpl.doSelect(EPollSelectorImpl.java:118)
        at java.base@17.0.12/sun.nio.ch.SelectorImpl.lockAndDoSelect(SelectorImpl.java:129)
        at java.base@17.0.12/sun.nio.ch.SelectorImpl.select(SelectorImpl.java:146)
        at app//org.apache.hadoop.ipc.Server$Listener$Reader.doRunLoop(Server.java:1346)
        at app//org.apache.hadoop.ipc.Server$Listener$Reader.run(Server.java:1325)
"IPC Server handler 8 on default port 15021" daemon prio=5 tid=709 timed_waiting
java.lang.Thread.State: TIMED_WAITING
        at java.base@17.0.12/jdk.internal.misc.Unsafe.park(Native Method)
        at java.base@17.0.12/java.util.concurrent.locks.LockSupport.parkNanos(LockSupport.java:252)
        at java.base@17.0.12/java.util.concurrent.locks.AbstractQueuedSynchronizer$ConditionObject.awaitNanos(AbstractQueuedSynchronizer.java:1674)
        at java.base@17.0.12/java.util.concurrent.LinkedBlockingQueue.poll(LinkedBlockingQueue.java:460)
        at app//org.apache.hadoop.ipc.CallQueueManager.take(CallQueueManager.java:317)
        at app//org.apache.hadoop.ipc.Server$Handler.run(Server.java:3014)
"IPC Server handler 28 on default port 15000" daemon prio=5 tid=113 timed_waiting
java.lang.Thread.State: TIMED_WAITING
        at java.base@17.0.12/jdk.internal.misc.Unsafe.park(Native Method)
        at java.base@17.0.12/java.util.concurrent.locks.LockSupport.parkNanos(LockSupport.java:252)
        at java.base@17.0.12/java.util.concurrent.locks.AbstractQueuedSynchronizer$ConditionObject.awaitNanos(AbstractQueuedSynchronizer.java:1674)
        at java.base@17.0.12/java.util.concurrent.LinkedBlockingQueue.poll(LinkedBlockingQueue.java:460)
        at app//org.apache.hadoop.ipc.CallQueueManager.take(CallQueueManager.java:317)
        at app//org.apache.hadoop.ipc.Server$Handler.run(Server.java:3014)
"IPC Server idle connection scanner for port 15021" daemon prio=5 tid=698 timed_waiting
java.lang.Thread.State: TIMED_WAITING
        at java.base@17.0.12/java.lang.Object.wait(Native Method)
        at java.base@17.0.12/java.util.TimerThread.mainLoop(Timer.java:563)
        at java.base@17.0.12/java.util.TimerThread.run(Timer.java:516)
"IPC Server handler 69 on default port 15000" daemon prio=5 tid=154 timed_waiting
java.lang.Thread.State: TIMED_WAITING
        at java.base@17.0.12/jdk.internal.misc.Unsafe.park(Native Method)
        at java.base@17.0.12/java.util.concurrent.locks.LockSupport.parkNanos(LockSupport.java:252)
        at java.base@17.0.12/java.util.concurrent.locks.AbstractQueuedSynchronizer$ConditionObject.awaitNanos(AbstractQueuedSynchronizer.java:1674)
        at java.base@17.0.12/java.util.concurrent.LinkedBlockingQueue.poll(LinkedBlockingQueue.java:460)
        at app//org.apache.hadoop.ipc.CallQueueManager.take(CallQueueManager.java:317)
        at app//org.apache.hadoop.ipc.Server$Handler.run(Server.java:3014)
"731aafee-c06b-4662-9d20-472061f2d46e-DatanodeReportManager-2" daemon prio=5 tid=668 in Object.wait()
java.lang.Thread.State: WAITING (on object monitor)
        at java.base@17.0.12/jdk.internal.misc.Unsafe.park(Native Method)
        at java.base@17.0.12/java.util.concurrent.locks.LockSupport.park(LockSupport.java:341)
        at java.base@17.0.12/java.util.concurrent.locks.AbstractQueuedSynchronizer$ConditionNode.block(AbstractQueuedSynchronizer.java:506)
        at java.base@17.0.12/java.util.concurrent.ForkJoinPool.unmanagedBlock(ForkJoinPool.java:3465)
        at java.base@17.0.12/java.util.concurrent.ForkJoinPool.managedBlock(ForkJoinPool.java:3436)
        at java.base@17.0.12/java.util.concurrent.locks.AbstractQueuedSynchronizer$ConditionObject.await(AbstractQueuedSynchronizer.java:1625)
        at java.base@17.0.12/java.util.concurrent.ScheduledThreadPoolExecutor$DelayedWorkQueue.take(ScheduledThreadPoolExecutor.java:1177)
        at java.base@17.0.12/java.util.concurrent.ScheduledThreadPoolExecutor$DelayedWorkQueue.take(ScheduledThreadPoolExecutor.java:899)
        at java.base@17.0.12/java.util.concurrent.ThreadPoolExecutor.getTask(ThreadPoolExecutor.java:1062)
        at java.base@17.0.12/java.util.concurrent.ThreadPoolExecutor.runWorker(ThreadPoolExecutor.java:1122)
        at java.base@17.0.12/java.util.concurrent.ThreadPoolExecutor$Worker.run(ThreadPoolExecutor.java:635)
        at java.base@17.0.12/java.lang.Thread.run(Thread.java:840)
"IPC Server handler 45 on default port 15002" daemon prio=5 tid=330 timed_waiting
java.lang.Thread.State: TIMED_WAITING
        at java.base@17.0.12/jdk.internal.misc.Unsafe.park(Native Method)
        at java.base@17.0.12/java.util.concurrent.locks.LockSupport.parkNanos(LockSupport.java:252)
        at java.base@17.0.12/java.util.concurrent.locks.AbstractQueuedSynchronizer$ConditionObject.awaitNanos(AbstractQueuedSynchronizer.java:1674)
        at java.base@17.0.12/java.util.concurrent.LinkedBlockingQueue.poll(LinkedBlockingQueue.java:460)
        at app//org.apache.hadoop.ipc.CallQueueManager.take(CallQueueManager.java:317)
        at app//org.apache.hadoop.ipc.Server$Handler.run(Server.java:3014)
"FullTableCache-Cleanup-0" daemon prio=5 tid=403 timed_waiting
java.lang.Thread.State: TIMED_WAITING
        at java.base@17.0.12/jdk.internal.misc.Unsafe.park(Native Method)
        at java.base@17.0.12/java.util.concurrent.locks.LockSupport.parkNanos(LockSupport.java:252)
        at java.base@17.0.12/java.util.concurrent.locks.AbstractQueuedSynchronizer$ConditionObject.awaitNanos(AbstractQueuedSynchronizer.java:1674)
        at java.base@17.0.12/java.util.concurrent.ScheduledThreadPoolExecutor$DelayedWorkQueue.take(ScheduledThreadPoolExecutor.java:1182)
        at java.base@17.0.12/java.util.concurrent.ScheduledThreadPoolExecutor$DelayedWorkQueue.take(ScheduledThreadPoolExecutor.java:899)
        at java.base@17.0.12/java.util.concurrent.ThreadPoolExecutor.getTask(ThreadPoolExecutor.java:1062)
        at java.base@17.0.12/java.util.concurrent.ThreadPoolExecutor.runWorker(ThreadPoolExecutor.java:1122)
        at java.base@17.0.12/java.util.concurrent.ThreadPoolExecutor$Worker.run(ThreadPoolExecutor.java:635)
        at java.base@17.0.12/java.lang.Thread.run(Thread.java:840)
"43b7afd8-9e19-4b34-aad7-81b8e915bbb6-EndpointStateMachineTaskThread-/0.0.0.0:15009-0 "  prio=5 tid=835 in Object.wait()
java.lang.Thread.State: WAITING (on object monitor)
        at java.base@17.0.12/jdk.internal.misc.Unsafe.park(Native Method)
        at java.base@17.0.12/java.util.concurrent.locks.LockSupport.park(LockSupport.java:341)
        at java.base@17.0.12/java.util.concurrent.locks.AbstractQueuedSynchronizer$ConditionNode.block(AbstractQueuedSynchronizer.java:506)
        at java.base@17.0.12/java.util.concurrent.ForkJoinPool.unmanagedBlock(ForkJoinPool.java:3465)
        at java.base@17.0.12/java.util.concurrent.ForkJoinPool.managedBlock(ForkJoinPool.java:3436)
        at java.base@17.0.12/java.util.concurrent.locks.AbstractQueuedSynchronizer$ConditionObject.await(AbstractQueuedSynchronizer.java:1625)
        at java.base@17.0.12/java.util.concurrent.LinkedBlockingQueue.take(LinkedBlockingQueue.java:435)
        at java.base@17.0.12/java.util.concurrent.ThreadPoolExecutor.getTask(ThreadPoolExecutor.java:1062)
        at java.base@17.0.12/java.util.concurrent.ThreadPoolExecutor.runWorker(ThreadPoolExecutor.java:1122)
        at java.base@17.0.12/java.util.concurrent.ThreadPoolExecutor$Worker.run(ThreadPoolExecutor.java:635)
        at java.base@17.0.12/java.lang.Thread.run(Thread.java:840)
"om1-groupManagement"  prio=5 tid=409 in Object.wait()
java.lang.Thread.State: WAITING (on object monitor)
        at java.base@17.0.12/jdk.internal.misc.Unsafe.park(Native Method)
        at java.base@17.0.12/java.util.concurrent.locks.LockSupport.park(LockSupport.java:341)
        at java.base@17.0.12/java.util.concurrent.locks.AbstractQueuedSynchronizer$ConditionNode.block(AbstractQueuedSynchronizer.java:506)
        at java.base@17.0.12/java.util.concurrent.ForkJoinPool.unmanagedBlock(ForkJoinPool.java:3465)
        at java.base@17.0.12/java.util.concurrent.ForkJoinPool.managedBlock(ForkJoinPool.java:3436)
        at java.base@17.0.12/java.util.concurrent.locks.AbstractQueuedSynchronizer$ConditionObject.await(AbstractQueuedSynchronizer.java:1625)
        at java.base@17.0.12/java.util.concurrent.LinkedBlockingQueue.take(LinkedBlockingQueue.java:435)
        at java.base@17.0.12/java.util.concurrent.ThreadPoolExecutor.getTask(ThreadPoolExecutor.java:1062)
        at java.base@17.0.12/java.util.concurrent.ThreadPoolExecutor.runWorker(ThreadPoolExecutor.java:1122)
        at java.base@17.0.12/java.util.concurrent.ThreadPoolExecutor$Worker.run(ThreadPoolExecutor.java:635)
        at java.base@17.0.12/java.lang.Thread.run(Thread.java:840)
"om1-KeyDeletingService#0" daemon prio=5 tid=436 timed_waiting
java.lang.Thread.State: TIMED_WAITING
        at java.base@17.0.12/jdk.internal.misc.Unsafe.park(Native Method)
        at java.base@17.0.12/java.util.concurrent.locks.LockSupport.parkNanos(LockSupport.java:252)
        at java.base@17.0.12/java.util.concurrent.locks.AbstractQueuedSynchronizer$ConditionObject.awaitNanos(AbstractQueuedSynchronizer.java:1674)
        at java.base@17.0.12/java.util.concurrent.ScheduledThreadPoolExecutor$DelayedWorkQueue.take(ScheduledThreadPoolExecutor.java:1182)
        at java.base@17.0.12/java.util.concurrent.ScheduledThreadPoolExecutor$DelayedWorkQueue.take(ScheduledThreadPoolExecutor.java:899)
        at java.base@17.0.12/java.util.concurrent.ThreadPoolExecutor.getTask(ThreadPoolExecutor.java:1062)
        at java.base@17.0.12/java.util.concurrent.ThreadPoolExecutor.runWorker(ThreadPoolExecutor.java:1122)
        at java.base@17.0.12/java.util.concurrent.ThreadPoolExecutor$Worker.run(ThreadPoolExecutor.java:635)
        at java.base@17.0.12/java.lang.Thread.run(Thread.java:840)
"org.apache.hadoop.ozone.container.common.statemachine.commandhandler.DeleteBlocksCommandHandler$DeleteCmdWorker@315dd1ef" daemon prio=5 tid=722 timed_waiting
java.lang.Thread.State: TIMED_WAITING
        at java.base@17.0.12/java.lang.Thread.sleep(Native Method)
        at app//org.apache.hadoop.ozone.container.common.statemachine.commandhandler.DeleteBlocksCommandHandler$DeleteCmdWorker.run(DeleteBlocksCommandHandler.java:264)
        at java.base@17.0.12/java.lang.Thread.run(Thread.java:840)
"SSL Certificates Store Monitor" daemon prio=5 tid=480 in Object.wait()
java.lang.Thread.State: WAITING (on object monitor)
        at java.base@17.0.12/java.lang.Object.wait(Native Method)
        at java.base@17.0.12/java.lang.Object.wait(Object.java:338)
        at java.base@17.0.12/java.util.TimerThread.mainLoop(Timer.java:537)
        at java.base@17.0.12/java.util.TimerThread.run(Timer.java:516)
"grpc-default-worker-ELG-3-1" daemon prio=5 tid=910 runnable
java.lang.Thread.State: RUNNABLE
        at app//org.apache.ratis.thirdparty.io.netty.channel.epoll.Native.epollWait0(Native Method)
        at app//org.apache.ratis.thirdparty.io.netty.channel.epoll.Native.epollWait(Native.java:193)
        at app//org.apache.ratis.thirdparty.io.netty.channel.epoll.EpollEventLoop.epollWait(EpollEventLoop.java:304)
        at app//org.apache.ratis.thirdparty.io.netty.channel.epoll.EpollEventLoop.run(EpollEventLoop.java:368)
        at app//org.apache.ratis.thirdparty.io.netty.util.concurrent.SingleThreadEventExecutor$4.run(SingleThreadEventExecutor.java:997)
        at app//org.apache.ratis.thirdparty.io.netty.util.internal.ThreadExecutorMap$2.run(ThreadExecutorMap.java:74)
        at app//org.apache.ratis.thirdparty.io.netty.util.concurrent.FastThreadLocalRunnable.run(FastThreadLocalRunnable.java:30)
        at java.base@17.0.12/java.lang.Thread.run(Thread.java:840)
"IPC Server handler 11 on default port 15009" daemon prio=5 tid=530 timed_waiting
java.lang.Thread.State: TIMED_WAITING
        at java.base@17.0.12/jdk.internal.misc.Unsafe.park(Native Method)
        at java.base@17.0.12/java.util.concurrent.locks.LockSupport.parkNanos(LockSupport.java:252)
        at java.base@17.0.12/java.util.concurrent.locks.AbstractQueuedSynchronizer$ConditionObject.awaitNanos(AbstractQueuedSynchronizer.java:1674)
        at java.base@17.0.12/java.util.concurrent.LinkedBlockingQueue.poll(LinkedBlockingQueue.java:460)
        at app//org.apache.hadoop.ipc.CallQueueManager.take(CallQueueManager.java:317)
        at app//org.apache.hadoop.ipc.Server$Handler.run(Server.java:3014)
"IPC Server handler 94 on default port 15009" daemon prio=5 tid=613 timed_waiting
java.lang.Thread.State: TIMED_WAITING
        at java.base@17.0.12/jdk.internal.misc.Unsafe.park(Native Method)
        at java.base@17.0.12/java.util.concurrent.locks.LockSupport.parkNanos(LockSupport.java:252)
        at java.base@17.0.12/java.util.concurrent.locks.AbstractQueuedSynchronizer$ConditionObject.awaitNanos(AbstractQueuedSynchronizer.java:1674)
        at java.base@17.0.12/java.util.concurrent.LinkedBlockingQueue.poll(LinkedBlockingQueue.java:460)
        at app//org.apache.hadoop.ipc.CallQueueManager.take(CallQueueManager.java:317)
        at app//org.apache.hadoop.ipc.Server$Handler.run(Server.java:3014)
"JvmPauseMonitor1" daemon prio=5 tid=431 timed_waiting
java.lang.Thread.State: TIMED_WAITING
        at java.base@17.0.12/java.lang.Thread.sleep(Native Method)
        at java.base@17.0.12/java.lang.Thread.sleep(Thread.java:344)
        at java.base@17.0.12/java.util.concurrent.TimeUnit.sleep(TimeUnit.java:446)
        at app//org.apache.ratis.util.TimeDuration.sleep(TimeDuration.java:353)
        at app//org.apache.ratis.util.TimeDuration.sleep(TimeDuration.java:338)
        at app//org.apache.ratis.util.JvmPauseMonitor.detectPause(JvmPauseMonitor.java:160)
        at app//org.apache.ratis.util.JvmPauseMonitor.run(JvmPauseMonitor.java:149)
        at app//org.apache.ratis.util.JvmPauseMonitor$$Lambda$784/0x00007fa9084f6228.run(Unknown Source)
        at java.base@17.0.12/java.lang.Thread.run(Thread.java:840)
"IPC Server idle connection scanner for port 15004" daemon prio=5 tid=422 timed_waiting
java.lang.Thread.State: TIMED_WAITING
        at java.base@17.0.12/java.lang.Object.wait(Native Method)
        at java.base@17.0.12/java.util.TimerThread.mainLoop(Timer.java:563)
        at java.base@17.0.12/java.util.TimerThread.run(Timer.java:516)
"Socket Reader #10 for port 15012"  prio=5 tid=651 runnable
java.lang.Thread.State: RUNNABLE
        at java.base@17.0.12/sun.nio.ch.EPoll.wait(Native Method)
        at java.base@17.0.12/sun.nio.ch.EPollSelectorImpl.doSelect(EPollSelectorImpl.java:118)
        at java.base@17.0.12/sun.nio.ch.SelectorImpl.lockAndDoSelect(SelectorImpl.java:129)
        at java.base@17.0.12/sun.nio.ch.SelectorImpl.select(SelectorImpl.java:146)
        at app//org.apache.hadoop.ipc.Server$Listener$Reader.doRunLoop(Server.java:1346)
        at app//org.apache.hadoop.ipc.Server$Listener$Reader.run(Server.java:1325)
"IPC Server handler 92 on default port 15000" daemon prio=5 tid=177 timed_waiting
java.lang.Thread.State: TIMED_WAITING
        at java.base@17.0.12/jdk.internal.misc.Unsafe.park(Native Method)
        at java.base@17.0.12/java.util.concurrent.locks.LockSupport.parkNanos(LockSupport.java:252)
        at java.base@17.0.12/java.util.concurrent.locks.AbstractQueuedSynchronizer$ConditionObject.awaitNanos(AbstractQueuedSynchronizer.java:1674)
        at java.base@17.0.12/java.util.concurrent.LinkedBlockingQueue.poll(LinkedBlockingQueue.java:460)
        at app//org.apache.hadoop.ipc.CallQueueManager.take(CallQueueManager.java:317)
        at app//org.apache.hadoop.ipc.Server$Handler.run(Server.java:3014)
"IPC Server handler 59 on default port 15001" daemon prio=5 tid=244 timed_waiting
java.lang.Thread.State: TIMED_WAITING
        at java.base@17.0.12/jdk.internal.misc.Unsafe.park(Native Method)
        at java.base@17.0.12/java.util.concurrent.locks.LockSupport.parkNanos(LockSupport.java:252)
        at java.base@17.0.12/java.util.concurrent.locks.AbstractQueuedSynchronizer$ConditionObject.awaitNanos(AbstractQueuedSynchronizer.java:1674)
        at java.base@17.0.12/java.util.concurrent.LinkedBlockingQueue.poll(LinkedBlockingQueue.java:460)
        at app//org.apache.hadoop.ipc.CallQueueManager.take(CallQueueManager.java:317)
        at app//org.apache.hadoop.ipc.Server$Handler.run(Server.java:3014)
"IPC Server handler 43 on default port 15009" daemon prio=5 tid=562 timed_waiting
java.lang.Thread.State: TIMED_WAITING
        at java.base@17.0.12/jdk.internal.misc.Unsafe.park(Native Method)
        at java.base@17.0.12/java.util.concurrent.locks.LockSupport.parkNanos(LockSupport.java:252)
        at java.base@17.0.12/java.util.concurrent.locks.AbstractQueuedSynchronizer$ConditionObject.awaitNanos(AbstractQueuedSynchronizer.java:1674)
        at java.base@17.0.12/java.util.concurrent.LinkedBlockingQueue.poll(LinkedBlockingQueue.java:460)
        at app//org.apache.hadoop.ipc.CallQueueManager.take(CallQueueManager.java:317)
        at app//org.apache.hadoop.ipc.Server$Handler.run(Server.java:3014)
"IPC Server handler 83 on default port 15009" daemon prio=5 tid=602 timed_waiting
java.lang.Thread.State: TIMED_WAITING
        at java.base@17.0.12/jdk.internal.misc.Unsafe.park(Native Method)
        at java.base@17.0.12/java.util.concurrent.locks.LockSupport.parkNanos(LockSupport.java:252)
        at java.base@17.0.12/java.util.concurrent.locks.AbstractQueuedSynchronizer$ConditionObject.awaitNanos(AbstractQueuedSynchronizer.java:1674)
        at java.base@17.0.12/java.util.concurrent.LinkedBlockingQueue.poll(LinkedBlockingQueue.java:460)
        at app//org.apache.hadoop.ipc.CallQueueManager.take(CallQueueManager.java:317)
        at app//org.apache.hadoop.ipc.Server$Handler.run(Server.java:3014)
"Socket Reader #3 for port 15004"  prio=5 tid=414 runnable
java.lang.Thread.State: RUNNABLE
        at java.base@17.0.12/sun.nio.ch.EPoll.wait(Native Method)
        at java.base@17.0.12/sun.nio.ch.EPollSelectorImpl.doSelect(EPollSelectorImpl.java:118)
        at java.base@17.0.12/sun.nio.ch.SelectorImpl.lockAndDoSelect(SelectorImpl.java:129)
        at java.base@17.0.12/sun.nio.ch.SelectorImpl.select(SelectorImpl.java:146)
        at app//org.apache.hadoop.ipc.Server$Listener$Reader.doRunLoop(Server.java:1346)
        at app//org.apache.hadoop.ipc.Server$Listener$Reader.run(Server.java:1325)
"Socket Reader #6 for port 15021"  prio=5 tid=693 runnable
java.lang.Thread.State: RUNNABLE
        at java.base@17.0.12/sun.nio.ch.EPoll.wait(Native Method)
        at java.base@17.0.12/sun.nio.ch.EPollSelectorImpl.doSelect(EPollSelectorImpl.java:118)
        at java.base@17.0.12/sun.nio.ch.SelectorImpl.lockAndDoSelect(SelectorImpl.java:129)
        at java.base@17.0.12/sun.nio.ch.SelectorImpl.select(SelectorImpl.java:146)
        at app//org.apache.hadoop.ipc.Server$Listener$Reader.doRunLoop(Server.java:1346)
        at app//org.apache.hadoop.ipc.Server$Listener$Reader.run(Server.java:1325)
"731aafee-c06b-4662-9d20-472061f2d46e@group-83D748725593-FollowerState" daemon prio=5 tid=1013 timed_waiting
java.lang.Thread.State: TIMED_WAITING
        at java.base@17.0.12/java.lang.Thread.sleep(Native Method)
        at java.base@17.0.12/java.lang.Thread.sleep(Thread.java:344)
        at java.base@17.0.12/java.util.concurrent.TimeUnit.sleep(TimeUnit.java:446)
        at app//org.apache.ratis.util.TimeDuration.sleep(TimeDuration.java:353)
        at app//org.apache.ratis.util.TimeDuration.sleep(TimeDuration.java:338)
        at app//org.apache.ratis.server.impl.FollowerState.run(FollowerState.java:129)
"IPC Server handler 6 on default port 15030" daemon prio=5 tid=753 timed_waiting
java.lang.Thread.State: TIMED_WAITING
        at java.base@17.0.12/jdk.internal.misc.Unsafe.park(Native Method)
        at java.base@17.0.12/java.util.concurrent.locks.LockSupport.parkNanos(LockSupport.java:252)
        at java.base@17.0.12/java.util.concurrent.locks.AbstractQueuedSynchronizer$ConditionObject.awaitNanos(AbstractQueuedSynchronizer.java:1674)
        at java.base@17.0.12/java.util.concurrent.LinkedBlockingQueue.poll(LinkedBlockingQueue.java:460)
        at app//org.apache.hadoop.ipc.CallQueueManager.take(CallQueueManager.java:317)
        at app//org.apache.hadoop.ipc.Server$Handler.run(Server.java:3014)
"qtp798439904-449" daemon prio=5 tid=449 timed_waiting
java.lang.Thread.State: TIMED_WAITING
        at java.base@17.0.12/jdk.internal.misc.Unsafe.park(Native Method)
        at java.base@17.0.12/java.util.concurrent.locks.LockSupport.parkNanos(LockSupport.java:252)
        at java.base@17.0.12/java.util.concurrent.locks.AbstractQueuedSynchronizer$ConditionObject.awaitNanos(AbstractQueuedSynchronizer.java:1674)
        at app//org.eclipse.jetty.util.BlockingArrayQueue.poll(BlockingArrayQueue.java:382)
        at app//org.eclipse.jetty.util.thread.QueuedThreadPool$Runner.idleJobPoll(QueuedThreadPool.java:974)
        at app//org.eclipse.jetty.util.thread.QueuedThreadPool$Runner.run(QueuedThreadPool.java:1018)
        at java.base@17.0.12/java.lang.Thread.run(Thread.java:840)
"IPC Server handler 30 on default port 15000" daemon prio=5 tid=115 timed_waiting
java.lang.Thread.State: TIMED_WAITING
        at java.base@17.0.12/jdk.internal.misc.Unsafe.park(Native Method)
        at java.base@17.0.12/java.util.concurrent.locks.LockSupport.parkNanos(LockSupport.java:252)
        at java.base@17.0.12/java.util.concurrent.locks.AbstractQueuedSynchronizer$ConditionObject.awaitNanos(AbstractQueuedSynchronizer.java:1674)
        at java.base@17.0.12/java.util.concurrent.LinkedBlockingQueue.poll(LinkedBlockingQueue.java:460)
        at app//org.apache.hadoop.ipc.CallQueueManager.take(CallQueueManager.java:317)
        at app//org.apache.hadoop.ipc.Server$Handler.run(Server.java:3014)
"IPC Server handler 22 on default port 15009" daemon prio=5 tid=541 timed_waiting
java.lang.Thread.State: TIMED_WAITING
        at java.base@17.0.12/jdk.internal.misc.Unsafe.park(Native Method)
        at java.base@17.0.12/java.util.concurrent.locks.LockSupport.parkNanos(LockSupport.java:252)
        at java.base@17.0.12/java.util.concurrent.locks.AbstractQueuedSynchronizer$ConditionObject.awaitNanos(AbstractQueuedSynchronizer.java:1674)
        at java.base@17.0.12/java.util.concurrent.LinkedBlockingQueue.poll(LinkedBlockingQueue.java:460)
        at app//org.apache.hadoop.ipc.CallQueueManager.take(CallQueueManager.java:317)
        at app//org.apache.hadoop.ipc.Server$Handler.run(Server.java:3014)
"IPC Server handler 3 on default port 15021" daemon prio=5 tid=704 timed_waiting
java.lang.Thread.State: TIMED_WAITING
        at java.base@17.0.12/jdk.internal.misc.Unsafe.park(Native Method)
        at java.base@17.0.12/java.util.concurrent.locks.LockSupport.parkNanos(LockSupport.java:252)
        at java.base@17.0.12/java.util.concurrent.locks.AbstractQueuedSynchronizer$ConditionObject.awaitNanos(AbstractQueuedSynchronizer.java:1674)
        at java.base@17.0.12/java.util.concurrent.LinkedBlockingQueue.poll(LinkedBlockingQueue.java:460)
        at app//org.apache.hadoop.ipc.CallQueueManager.take(CallQueueManager.java:317)
        at app//org.apache.hadoop.ipc.Server$Handler.run(Server.java:3014)
"43b7afd8-9e19-4b34-aad7-81b8e915bbb6-DatanodeReportManager-3" daemon prio=5 tid=715 in Object.wait()
java.lang.Thread.State: WAITING (on object monitor)
        at java.base@17.0.12/jdk.internal.misc.Unsafe.park(Native Method)
        at java.base@17.0.12/java.util.concurrent.locks.LockSupport.park(LockSupport.java:341)
        at java.base@17.0.12/java.util.concurrent.locks.AbstractQueuedSynchronizer$ConditionNode.block(AbstractQueuedSynchronizer.java:506)
        at java.base@17.0.12/java.util.concurrent.ForkJoinPool.unmanagedBlock(ForkJoinPool.java:3465)
        at java.base@17.0.12/java.util.concurrent.ForkJoinPool.managedBlock(ForkJoinPool.java:3436)
        at java.base@17.0.12/java.util.concurrent.locks.AbstractQueuedSynchronizer$ConditionObject.await(AbstractQueuedSynchronizer.java:1625)
        at java.base@17.0.12/java.util.concurrent.ScheduledThreadPoolExecutor$DelayedWorkQueue.take(ScheduledThreadPoolExecutor.java:1177)
        at java.base@17.0.12/java.util.concurrent.ScheduledThreadPoolExecutor$DelayedWorkQueue.take(ScheduledThreadPoolExecutor.java:899)
        at java.base@17.0.12/java.util.concurrent.ThreadPoolExecutor.getTask(ThreadPoolExecutor.java:1062)
        at java.base@17.0.12/java.util.concurrent.ThreadPoolExecutor.runWorker(ThreadPoolExecutor.java:1122)
        at java.base@17.0.12/java.util.concurrent.ThreadPoolExecutor$Worker.run(ThreadPoolExecutor.java:635)
        at java.base@17.0.12/java.lang.Thread.run(Thread.java:840)
"43b7afd8-9e19-4b34-aad7-81b8e915bbb6-ChunkWriter-2-0" daemon prio=5 tid=844 in Object.wait()
java.lang.Thread.State: WAITING (on object monitor)
        at java.base@17.0.12/jdk.internal.misc.Unsafe.park(Native Method)
        at java.base@17.0.12/java.util.concurrent.locks.LockSupport.park(LockSupport.java:341)
        at java.base@17.0.12/java.util.concurrent.locks.AbstractQueuedSynchronizer$ConditionNode.block(AbstractQueuedSynchronizer.java:506)
        at java.base@17.0.12/java.util.concurrent.ForkJoinPool.unmanagedBlock(ForkJoinPool.java:3465)
        at java.base@17.0.12/java.util.concurrent.ForkJoinPool.managedBlock(ForkJoinPool.java:3436)
        at java.base@17.0.12/java.util.concurrent.locks.AbstractQueuedSynchronizer$ConditionObject.await(AbstractQueuedSynchronizer.java:1625)
        at java.base@17.0.12/java.util.concurrent.LinkedBlockingDeque.takeFirst(LinkedBlockingDeque.java:485)
        at java.base@17.0.12/java.util.concurrent.LinkedBlockingDeque.take(LinkedBlockingDeque.java:673)
        at java.base@17.0.12/java.util.concurrent.ThreadPoolExecutor.getTask(ThreadPoolExecutor.java:1062)
        at java.base@17.0.12/java.util.concurrent.ThreadPoolExecutor.runWorker(ThreadPoolExecutor.java:1122)
        at java.base@17.0.12/java.util.concurrent.ThreadPoolExecutor$Worker.run(ThreadPoolExecutor.java:635)
        at java.base@17.0.12/java.lang.Thread.run(Thread.java:840)
"IPC Server Responder" daemon prio=5 tid=494 runnable
java.lang.Thread.State: RUNNABLE
        at java.base@17.0.12/sun.nio.ch.EPoll.wait(Native Method)
        at java.base@17.0.12/sun.nio.ch.EPollSelectorImpl.doSelect(EPollSelectorImpl.java:118)
        at java.base@17.0.12/sun.nio.ch.SelectorImpl.lockAndDoSelect(SelectorImpl.java:129)
        at java.base@17.0.12/sun.nio.ch.SelectorImpl.select(SelectorImpl.java:141)
        at app//org.apache.hadoop.ipc.Server$Responder.doRunLoop(Server.java:1582)
        at app//org.apache.hadoop.ipc.Server$Responder.run(Server.java:1565)
"IPC Server handler 11 on default port 15000" daemon prio=5 tid=96 timed_waiting
java.lang.Thread.State: TIMED_WAITING
        at java.base@17.0.12/jdk.internal.misc.Unsafe.park(Native Method)
        at java.base@17.0.12/java.util.concurrent.locks.LockSupport.parkNanos(LockSupport.java:252)
        at java.base@17.0.12/java.util.concurrent.locks.AbstractQueuedSynchronizer$ConditionObject.awaitNanos(AbstractQueuedSynchronizer.java:1674)
        at java.base@17.0.12/java.util.concurrent.LinkedBlockingQueue.poll(LinkedBlockingQueue.java:460)
        at app//org.apache.hadoop.ipc.CallQueueManager.take(CallQueueManager.java:317)
        at app//org.apache.hadoop.ipc.Server$Handler.run(Server.java:3014)
"Socket Reader #8 for port 15030"  prio=5 tid=741 runnable
java.lang.Thread.State: RUNNABLE
        at java.base@17.0.12/sun.nio.ch.EPoll.wait(Native Method)
        at java.base@17.0.12/sun.nio.ch.EPollSelectorImpl.doSelect(EPollSelectorImpl.java:118)
        at java.base@17.0.12/sun.nio.ch.SelectorImpl.lockAndDoSelect(SelectorImpl.java:129)
        at java.base@17.0.12/sun.nio.ch.SelectorImpl.select(SelectorImpl.java:146)
        at app//org.apache.hadoop.ipc.Server$Listener$Reader.doRunLoop(Server.java:1346)
        at app//org.apache.hadoop.ipc.Server$Listener$Reader.run(Server.java:1325)
"Socket Reader #8 for port 15012"  prio=5 tid=649 runnable
java.lang.Thread.State: RUNNABLE
        at java.base@17.0.12/sun.nio.ch.EPoll.wait(Native Method)
        at java.base@17.0.12/sun.nio.ch.EPollSelectorImpl.doSelect(EPollSelectorImpl.java:118)
        at java.base@17.0.12/sun.nio.ch.SelectorImpl.lockAndDoSelect(SelectorImpl.java:129)
        at java.base@17.0.12/sun.nio.ch.SelectorImpl.select(SelectorImpl.java:146)
        at app//org.apache.hadoop.ipc.Server$Listener$Reader.doRunLoop(Server.java:1346)
        at app//org.apache.hadoop.ipc.Server$Listener$Reader.run(Server.java:1325)
"qtp1756926561-681" daemon prio=5 tid=681 timed_waiting
java.lang.Thread.State: TIMED_WAITING
        at java.base@17.0.12/jdk.internal.misc.Unsafe.park(Native Method)
        at java.base@17.0.12/java.util.concurrent.locks.LockSupport.parkNanos(LockSupport.java:252)
        at java.base@17.0.12/java.util.concurrent.locks.AbstractQueuedSynchronizer$ConditionObject.awaitNanos(AbstractQueuedSynchronizer.java:1674)
        at app//org.eclipse.jetty.util.BlockingArrayQueue.poll(BlockingArrayQueue.java:382)
        at app//org.eclipse.jetty.util.thread.QueuedThreadPool$Runner.idleJobPoll(QueuedThreadPool.java:974)
        at app//org.eclipse.jetty.util.thread.QueuedThreadPool$Runner.run(QueuedThreadPool.java:1018)
        at java.base@17.0.12/java.lang.Thread.run(Thread.java:840)
"IPC Server handler 39 on default port 15001" daemon prio=5 tid=224 timed_waiting
java.lang.Thread.State: TIMED_WAITING
        at java.base@17.0.12/jdk.internal.misc.Unsafe.park(Native Method)
        at java.base@17.0.12/java.util.concurrent.locks.LockSupport.parkNanos(LockSupport.java:252)
        at java.base@17.0.12/java.util.concurrent.locks.AbstractQueuedSynchronizer$ConditionObject.awaitNanos(AbstractQueuedSynchronizer.java:1674)
        at java.base@17.0.12/java.util.concurrent.LinkedBlockingQueue.poll(LinkedBlockingQueue.java:460)
        at app//org.apache.hadoop.ipc.CallQueueManager.take(CallQueueManager.java:317)
        at app//org.apache.hadoop.ipc.Server$Handler.run(Server.java:3014)
"qtp119423135-394" daemon prio=5 tid=394 timed_waiting
java.lang.Thread.State: TIMED_WAITING
        at java.base@17.0.12/jdk.internal.misc.Unsafe.park(Native Method)
        at java.base@17.0.12/java.util.concurrent.locks.LockSupport.parkNanos(LockSupport.java:252)
        at java.base@17.0.12/java.util.concurrent.locks.AbstractQueuedSynchronizer$ConditionObject.awaitNanos(AbstractQueuedSynchronizer.java:1674)
        at app//org.eclipse.jetty.util.BlockingArrayQueue.poll(BlockingArrayQueue.java:382)
        at app//org.eclipse.jetty.util.thread.QueuedThreadPool$Runner.idleJobPoll(QueuedThreadPool.java:974)
        at app//org.eclipse.jetty.util.thread.QueuedThreadPool$Runner.run(QueuedThreadPool.java:1018)
        at java.base@17.0.12/java.lang.Thread.run(Thread.java:840)
"IPC Server handler 71 on default port 15009" daemon prio=5 tid=590 timed_waiting
java.lang.Thread.State: TIMED_WAITING
        at java.base@17.0.12/jdk.internal.misc.Unsafe.park(Native Method)
        at java.base@17.0.12/java.util.concurrent.locks.LockSupport.parkNanos(LockSupport.java:252)
        at java.base@17.0.12/java.util.concurrent.locks.AbstractQueuedSynchronizer$ConditionObject.awaitNanos(AbstractQueuedSynchronizer.java:1674)
        at java.base@17.0.12/java.util.concurrent.LinkedBlockingQueue.poll(LinkedBlockingQueue.java:460)
        at app//org.apache.hadoop.ipc.CallQueueManager.take(CallQueueManager.java:317)
        at app//org.apache.hadoop.ipc.Server$Handler.run(Server.java:3014)
"ForkJoinPool.commonPool-worker-3" daemon prio=5 tid=410 in Object.wait()
java.lang.Thread.State: WAITING (on object monitor)
        at java.base@17.0.12/jdk.internal.misc.Unsafe.park(Native Method)
        at java.base@17.0.12/java.util.concurrent.locks.LockSupport.park(LockSupport.java:341)
        at java.base@17.0.12/java.util.concurrent.ForkJoinPool.awaitWork(ForkJoinPool.java:1724)
        at java.base@17.0.12/java.util.concurrent.ForkJoinPool.runWorker(ForkJoinPool.java:1623)
        at java.base@17.0.12/java.util.concurrent.ForkJoinWorkerThread.run(ForkJoinWorkerThread.java:165)
"731aafee-c06b-4662-9d20-472061f2d46e-DatanodeStateMachineDaemonThread" daemon prio=5 tid=665 timed_waiting
java.lang.Thread.State: TIMED_WAITING
        at java.base@17.0.12/java.lang.Thread.sleep(Native Method)
        at app//org.apache.hadoop.ozone.container.common.statemachine.DatanodeStateMachine.startStateMachineThread(DatanodeStateMachine.java:358)
        at app//org.apache.hadoop.ozone.container.common.statemachine.DatanodeStateMachine.lambda$startDaemon$1(DatanodeStateMachine.java:544)
        at app//org.apache.hadoop.ozone.container.common.statemachine.DatanodeStateMachine$$Lambda$1696/0x00007fa908d75848.run(Unknown Source)
        at java.base@17.0.12/java.lang.Thread.run(Thread.java:840)
"SSL Certificates Store Monitor" daemon prio=5 tid=479 in Object.wait()
java.lang.Thread.State: WAITING (on object monitor)
        at java.base@17.0.12/java.lang.Object.wait(Native Method)
        at java.base@17.0.12/java.lang.Object.wait(Object.java:338)
        at java.base@17.0.12/java.util.TimerThread.mainLoop(Timer.java:537)
        at java.base@17.0.12/java.util.TimerThread.run(Timer.java:516)
"731aafee-c06b-4662-9d20-472061f2d46e-ChunkWriter-2-0" daemon prio=5 tid=825 in Object.wait()
java.lang.Thread.State: WAITING (on object monitor)
        at java.base@17.0.12/jdk.internal.misc.Unsafe.park(Native Method)
        at java.base@17.0.12/java.util.concurrent.locks.LockSupport.park(LockSupport.java:341)
        at java.base@17.0.12/java.util.concurrent.locks.AbstractQueuedSynchronizer$ConditionNode.block(AbstractQueuedSynchronizer.java:506)
        at java.base@17.0.12/java.util.concurrent.ForkJoinPool.unmanagedBlock(ForkJoinPool.java:3465)
        at java.base@17.0.12/java.util.concurrent.ForkJoinPool.managedBlock(ForkJoinPool.java:3436)
        at java.base@17.0.12/java.util.concurrent.locks.AbstractQueuedSynchronizer$ConditionObject.await(AbstractQueuedSynchronizer.java:1625)
        at java.base@17.0.12/java.util.concurrent.LinkedBlockingDeque.takeFirst(LinkedBlockingDeque.java:485)
        at java.base@17.0.12/java.util.concurrent.LinkedBlockingDeque.take(LinkedBlockingDeque.java:673)
        at java.base@17.0.12/java.util.concurrent.ThreadPoolExecutor.getTask(ThreadPoolExecutor.java:1062)
        at java.base@17.0.12/java.util.concurrent.ThreadPoolExecutor.runWorker(ThreadPoolExecutor.java:1122)
        at java.base@17.0.12/java.util.concurrent.ThreadPoolExecutor$Worker.run(ThreadPoolExecutor.java:635)
        at java.base@17.0.12/java.lang.Thread.run(Thread.java:840)
"IPC Server handler 10 on default port 15004" daemon prio=5 tid=462 timed_waiting
java.lang.Thread.State: TIMED_WAITING
        at java.base@17.0.12/jdk.internal.misc.Unsafe.park(Native Method)
        at java.base@17.0.12/java.util.concurrent.locks.LockSupport.parkNanos(LockSupport.java:252)
        at java.base@17.0.12/java.util.concurrent.locks.AbstractQueuedSynchronizer$ConditionObject.awaitNanos(AbstractQueuedSynchronizer.java:1674)
        at java.base@17.0.12/java.util.concurrent.LinkedBlockingQueue.poll(LinkedBlockingQueue.java:460)
        at app//org.apache.hadoop.ipc.CallQueueManager.take(CallQueueManager.java:317)
        at app//org.apache.hadoop.ipc.Server$Handler.run(Server.java:3014)
"junit-jupiter-timeout-watcher"  prio=10 tid=1030 timed_waiting
java.lang.Thread.State: TIMED_WAITING
        at java.base@17.0.12/jdk.internal.misc.Unsafe.park(Native Method)
        at java.base@17.0.12/java.util.concurrent.locks.LockSupport.parkNanos(LockSupport.java:252)
        at java.base@17.0.12/java.util.concurrent.locks.AbstractQueuedSynchronizer$ConditionObject.awaitNanos(AbstractQueuedSynchronizer.java:1674)
        at java.base@17.0.12/java.util.concurrent.ScheduledThreadPoolExecutor$DelayedWorkQueue.take(ScheduledThreadPoolExecutor.java:1182)
        at java.base@17.0.12/java.util.concurrent.ScheduledThreadPoolExecutor$DelayedWorkQueue.take(ScheduledThreadPoolExecutor.java:899)
        at java.base@17.0.12/java.util.concurrent.ThreadPoolExecutor.getTask(ThreadPoolExecutor.java:1062)
        at java.base@17.0.12/java.util.concurrent.ThreadPoolExecutor.runWorker(ThreadPoolExecutor.java:1122)
        at java.base@17.0.12/java.util.concurrent.ThreadPoolExecutor$Worker.run(ThreadPoolExecutor.java:635)
        at java.base@17.0.12/java.lang.Thread.run(Thread.java:840)
"IPC Server Responder" daemon prio=5 tid=44 runnable
java.lang.Thread.State: RUNNABLE
        at java.base@17.0.12/sun.nio.ch.EPoll.wait(Native Method)
        at java.base@17.0.12/sun.nio.ch.EPollSelectorImpl.doSelect(EPollSelectorImpl.java:118)
        at java.base@17.0.12/sun.nio.ch.SelectorImpl.lockAndDoSelect(SelectorImpl.java:129)
        at java.base@17.0.12/sun.nio.ch.SelectorImpl.select(SelectorImpl.java:141)
        at app//org.apache.hadoop.ipc.Server$Responder.doRunLoop(Server.java:1582)
        at app//org.apache.hadoop.ipc.Server$Responder.run(Server.java:1565)
"IPC Server handler 17 on default port 15009" daemon prio=5 tid=536 timed_waiting
java.lang.Thread.State: TIMED_WAITING
        at java.base@17.0.12/jdk.internal.misc.Unsafe.park(Native Method)
        at java.base@17.0.12/java.util.concurrent.locks.LockSupport.parkNanos(LockSupport.java:252)
        at java.base@17.0.12/java.util.concurrent.locks.AbstractQueuedSynchronizer$ConditionObject.awaitNanos(AbstractQueuedSynchronizer.java:1674)
        at java.base@17.0.12/java.util.concurrent.LinkedBlockingQueue.poll(LinkedBlockingQueue.java:460)
        at app//org.apache.hadoop.ipc.CallQueueManager.take(CallQueueManager.java:317)
        at app//org.apache.hadoop.ipc.Server$Handler.run(Server.java:3014)
"IPC Server handler 19 on default port 15001" daemon prio=5 tid=204 timed_waiting
java.lang.Thread.State: TIMED_WAITING
        at java.base@17.0.12/jdk.internal.misc.Unsafe.park(Native Method)
        at java.base@17.0.12/java.util.concurrent.locks.LockSupport.parkNanos(LockSupport.java:252)
        at java.base@17.0.12/java.util.concurrent.locks.AbstractQueuedSynchronizer$ConditionObject.awaitNanos(AbstractQueuedSynchronizer.java:1674)
        at java.base@17.0.12/java.util.concurrent.LinkedBlockingQueue.poll(LinkedBlockingQueue.java:460)
        at app//org.apache.hadoop.ipc.CallQueueManager.take(CallQueueManager.java:317)
        at app//org.apache.hadoop.ipc.Server$Handler.run(Server.java:3014)
"44ff6b06-02d2-44ad-8aa1-4af94363565f@group-D91AC16046A8-StateMachineUpdater" daemon prio=5 tid=971 timed_waiting
java.lang.Thread.State: TIMED_WAITING
        at java.base@17.0.12/jdk.internal.misc.Unsafe.park(Native Method)
        at java.base@17.0.12/java.util.concurrent.locks.LockSupport.parkNanos(LockSupport.java:252)
        at java.base@17.0.12/java.util.concurrent.locks.AbstractQueuedSynchronizer$ConditionObject.await(AbstractQueuedSynchronizer.java:1759)
        at app//org.apache.ratis.util.AwaitForSignal.await(AwaitForSignal.java:65)
        at app//org.apache.ratis.server.impl.StateMachineUpdater.waitForCommit(StateMachineUpdater.java:219)
        at app//org.apache.ratis.server.impl.StateMachineUpdater.run(StateMachineUpdater.java:187)
        at java.base@17.0.12/java.lang.Thread.run(Thread.java:840)
"pool-142-thread-1" daemon prio=5 tid=858 timed_waiting
java.lang.Thread.State: TIMED_WAITING
        at java.base@17.0.12/jdk.internal.misc.Unsafe.park(Native Method)
        at java.base@17.0.12/java.util.concurrent.locks.LockSupport.parkNanos(LockSupport.java:252)
        at java.base@17.0.12/java.util.concurrent.locks.AbstractQueuedSynchronizer$ConditionObject.awaitNanos(AbstractQueuedSynchronizer.java:1674)
        at java.base@17.0.12/java.util.concurrent.ScheduledThreadPoolExecutor$DelayedWorkQueue.take(ScheduledThreadPoolExecutor.java:1182)
        at java.base@17.0.12/java.util.concurrent.ScheduledThreadPoolExecutor$DelayedWorkQueue.take(ScheduledThreadPoolExecutor.java:899)
        at java.base@17.0.12/java.util.concurrent.ThreadPoolExecutor.getTask(ThreadPoolExecutor.java:1062)
        at java.base@17.0.12/java.util.concurrent.ThreadPoolExecutor.runWorker(ThreadPoolExecutor.java:1122)
        at java.base@17.0.12/java.util.concurrent.ThreadPoolExecutor$Worker.run(ThreadPoolExecutor.java:635)
        at java.base@17.0.12/java.lang.Thread.run(Thread.java:840)
"qtp119423135-395" daemon prio=5 tid=395 timed_waiting
java.lang.Thread.State: TIMED_WAITING
        at java.base@17.0.12/jdk.internal.misc.Unsafe.park(Native Method)
        at java.base@17.0.12/java.util.concurrent.locks.LockSupport.parkNanos(LockSupport.java:252)
        at java.base@17.0.12/java.util.concurrent.locks.AbstractQueuedSynchronizer$ConditionObject.awaitNanos(AbstractQueuedSynchronizer.java:1674)
        at app//org.eclipse.jetty.util.BlockingArrayQueue.poll(BlockingArrayQueue.java:382)
        at app//org.eclipse.jetty.util.thread.QueuedThreadPool$Runner.idleJobPoll(QueuedThreadPool.java:974)
        at app//org.eclipse.jetty.util.thread.QueuedThreadPool$Runner.run(QueuedThreadPool.java:1018)
        at java.base@17.0.12/java.lang.Thread.run(Thread.java:840)
"IPC Server handler 53 on default port 15009" daemon prio=5 tid=572 timed_waiting
java.lang.Thread.State: TIMED_WAITING
        at java.base@17.0.12/jdk.internal.misc.Unsafe.park(Native Method)
        at java.base@17.0.12/java.util.concurrent.locks.LockSupport.parkNanos(LockSupport.java:252)
        at java.base@17.0.12/java.util.concurrent.locks.AbstractQueuedSynchronizer$ConditionObject.awaitNanos(AbstractQueuedSynchronizer.java:1674)
        at java.base@17.0.12/java.util.concurrent.LinkedBlockingQueue.poll(LinkedBlockingQueue.java:460)
        at app//org.apache.hadoop.ipc.CallQueueManager.take(CallQueueManager.java:317)
        at app//org.apache.hadoop.ipc.Server$Handler.run(Server.java:3014)
"IPC Server handler 3 on default port 15012" daemon prio=5 tid=658 timed_waiting
java.lang.Thread.State: TIMED_WAITING
        at java.base@17.0.12/jdk.internal.misc.Unsafe.park(Native Method)
        at java.base@17.0.12/java.util.concurrent.locks.LockSupport.parkNanos(LockSupport.java:252)
        at java.base@17.0.12/java.util.concurrent.locks.AbstractQueuedSynchronizer$ConditionObject.awaitNanos(AbstractQueuedSynchronizer.java:1674)
        at java.base@17.0.12/java.util.concurrent.LinkedBlockingQueue.poll(LinkedBlockingQueue.java:460)
        at app//org.apache.hadoop.ipc.CallQueueManager.take(CallQueueManager.java:317)
        at app//org.apache.hadoop.ipc.Server$Handler.run(Server.java:3014)
"IPC Server handler 32 on default port 15001" daemon prio=5 tid=217 timed_waiting
java.lang.Thread.State: TIMED_WAITING
        at java.base@17.0.12/jdk.internal.misc.Unsafe.park(Native Method)
        at java.base@17.0.12/java.util.concurrent.locks.LockSupport.parkNanos(LockSupport.java:252)
        at java.base@17.0.12/java.util.concurrent.locks.AbstractQueuedSynchronizer$ConditionObject.awaitNanos(AbstractQueuedSynchronizer.java:1674)
        at java.base@17.0.12/java.util.concurrent.LinkedBlockingQueue.poll(LinkedBlockingQueue.java:460)
        at app//org.apache.hadoop.ipc.CallQueueManager.take(CallQueueManager.java:317)
        at app//org.apache.hadoop.ipc.Server$Handler.run(Server.java:3014)
"IPC Server idle connection scanner for port 15001" daemon prio=5 tid=57 timed_waiting
java.lang.Thread.State: TIMED_WAITING
        at java.base@17.0.12/java.lang.Object.wait(Native Method)
        at java.base@17.0.12/java.util.TimerThread.mainLoop(Timer.java:563)
        at java.base@17.0.12/java.util.TimerThread.run(Timer.java:516)
"EventQueue-NewNodeForNewNodeHandler" daemon prio=5 tid=891 in Object.wait()
java.lang.Thread.State: WAITING (on object monitor)
        at java.base@17.0.12/jdk.internal.misc.Unsafe.park(Native Method)
        at java.base@17.0.12/java.util.concurrent.locks.LockSupport.park(LockSupport.java:341)
        at java.base@17.0.12/java.util.concurrent.locks.AbstractQueuedSynchronizer$ConditionNode.block(AbstractQueuedSynchronizer.java:506)
        at java.base@17.0.12/java.util.concurrent.ForkJoinPool.unmanagedBlock(ForkJoinPool.java:3465)
        at java.base@17.0.12/java.util.concurrent.ForkJoinPool.managedBlock(ForkJoinPool.java:3436)
        at java.base@17.0.12/java.util.concurrent.locks.AbstractQueuedSynchronizer$ConditionObject.await(AbstractQueuedSynchronizer.java:1625)
        at java.base@17.0.12/java.util.concurrent.LinkedBlockingQueue.take(LinkedBlockingQueue.java:435)
        at java.base@17.0.12/java.util.concurrent.ThreadPoolExecutor.getTask(ThreadPoolExecutor.java:1062)
        at java.base@17.0.12/java.util.concurrent.ThreadPoolExecutor.runWorker(ThreadPoolExecutor.java:1122)
        at java.base@17.0.12/java.util.concurrent.ThreadPoolExecutor$Worker.run(ThreadPoolExecutor.java:635)
        at java.base@17.0.12/java.lang.Thread.run(Thread.java:840)
"IPC Server handler 95 on default port 15001" daemon prio=5 tid=280 timed_waiting
java.lang.Thread.State: TIMED_WAITING
        at java.base@17.0.12/jdk.internal.misc.Unsafe.park(Native Method)
        at java.base@17.0.12/java.util.concurrent.locks.LockSupport.parkNanos(LockSupport.java:252)
        at java.base@17.0.12/java.util.concurrent.locks.AbstractQueuedSynchronizer$ConditionObject.awaitNanos(AbstractQueuedSynchronizer.java:1674)
        at java.base@17.0.12/java.util.concurrent.LinkedBlockingQueue.poll(LinkedBlockingQueue.java:460)
        at app//org.apache.hadoop.ipc.CallQueueManager.take(CallQueueManager.java:317)
        at app//org.apache.hadoop.ipc.Server$Handler.run(Server.java:3014)
"Socket Reader #5 for port 15004"  prio=5 tid=416 runnable
java.lang.Thread.State: RUNNABLE
        at java.base@17.0.12/sun.nio.ch.EPoll.wait(Native Method)
        at java.base@17.0.12/sun.nio.ch.EPollSelectorImpl.doSelect(EPollSelectorImpl.java:118)
        at java.base@17.0.12/sun.nio.ch.SelectorImpl.lockAndDoSelect(SelectorImpl.java:129)
        at java.base@17.0.12/sun.nio.ch.SelectorImpl.select(SelectorImpl.java:146)
        at app//org.apache.hadoop.ipc.Server$Listener$Reader.doRunLoop(Server.java:1346)
        at app//org.apache.hadoop.ipc.Server$Listener$Reader.run(Server.java:1325)
"Hadoop-Metrics-Updater-0" daemon prio=5 tid=424 timed_waiting
java.lang.Thread.State: TIMED_WAITING
        at java.base@17.0.12/jdk.internal.misc.Unsafe.park(Native Method)
        at java.base@17.0.12/java.util.concurrent.locks.LockSupport.parkNanos(LockSupport.java:252)
        at java.base@17.0.12/java.util.concurrent.locks.AbstractQueuedSynchronizer$ConditionObject.awaitNanos(AbstractQueuedSynchronizer.java:1674)
        at java.base@17.0.12/java.util.concurrent.ScheduledThreadPoolExecutor$DelayedWorkQueue.take(ScheduledThreadPoolExecutor.java:1182)
        at java.base@17.0.12/java.util.concurrent.ScheduledThreadPoolExecutor$DelayedWorkQueue.take(ScheduledThreadPoolExecutor.java:899)
        at java.base@17.0.12/java.util.concurrent.ThreadPoolExecutor.getTask(ThreadPoolExecutor.java:1062)
        at java.base@17.0.12/java.util.concurrent.ThreadPoolExecutor.runWorker(ThreadPoolExecutor.java:1122)
        at java.base@17.0.12/java.util.concurrent.ThreadPoolExecutor$Worker.run(ThreadPoolExecutor.java:635)
        at java.base@17.0.12/java.lang.Thread.run(Thread.java:840)
"Socket Reader #8 for port 15009"  prio=5 tid=490 runnable
java.lang.Thread.State: RUNNABLE
        at java.base@17.0.12/sun.nio.ch.EPoll.wait(Native Method)
        at java.base@17.0.12/sun.nio.ch.EPollSelectorImpl.doSelect(EPollSelectorImpl.java:118)
        at java.base@17.0.12/sun.nio.ch.SelectorImpl.lockAndDoSelect(SelectorImpl.java:129)
        at java.base@17.0.12/sun.nio.ch.SelectorImpl.select(SelectorImpl.java:146)
        at app//org.apache.hadoop.ipc.Server$Listener$Reader.doRunLoop(Server.java:1346)
        at app//org.apache.hadoop.ipc.Server$Listener$Reader.run(Server.java:1325)
"43b7afd8-9e19-4b34-aad7-81b8e915bbb6-ChunkWriter-0-0" daemon prio=5 tid=842 in Object.wait()
java.lang.Thread.State: WAITING (on object monitor)
        at java.base@17.0.12/jdk.internal.misc.Unsafe.park(Native Method)
        at java.base@17.0.12/java.util.concurrent.locks.LockSupport.park(LockSupport.java:341)
        at java.base@17.0.12/java.util.concurrent.locks.AbstractQueuedSynchronizer$ConditionNode.block(AbstractQueuedSynchronizer.java:506)
        at java.base@17.0.12/java.util.concurrent.ForkJoinPool.unmanagedBlock(ForkJoinPool.java:3465)
        at java.base@17.0.12/java.util.concurrent.ForkJoinPool.managedBlock(ForkJoinPool.java:3436)
        at java.base@17.0.12/java.util.concurrent.locks.AbstractQueuedSynchronizer$ConditionObject.await(AbstractQueuedSynchronizer.java:1625)
        at java.base@17.0.12/java.util.concurrent.LinkedBlockingDeque.takeFirst(LinkedBlockingDeque.java:485)
        at java.base@17.0.12/java.util.concurrent.LinkedBlockingDeque.take(LinkedBlockingDeque.java:673)
        at java.base@17.0.12/java.util.concurrent.ThreadPoolExecutor.getTask(ThreadPoolExecutor.java:1062)
        at java.base@17.0.12/java.util.concurrent.ThreadPoolExecutor.runWorker(ThreadPoolExecutor.java:1122)
        at java.base@17.0.12/java.util.concurrent.ThreadPoolExecutor$Worker.run(ThreadPoolExecutor.java:635)
        at java.base@17.0.12/java.lang.Thread.run(Thread.java:840)
"Recon-SyncOM-0"  prio=5 tid=515 timed_waiting
java.lang.Thread.State: TIMED_WAITING
        at java.base@17.0.12/jdk.internal.misc.Unsafe.park(Native Method)
        at java.base@17.0.12/java.util.concurrent.locks.LockSupport.parkNanos(LockSupport.java:252)
        at java.base@17.0.12/java.util.concurrent.locks.AbstractQueuedSynchronizer$ConditionObject.awaitNanos(AbstractQueuedSynchronizer.java:1674)
        at java.base@17.0.12/java.util.concurrent.ScheduledThreadPoolExecutor$DelayedWorkQueue.take(ScheduledThreadPoolExecutor.java:1182)
        at java.base@17.0.12/java.util.concurrent.ScheduledThreadPoolExecutor$DelayedWorkQueue.take(ScheduledThreadPoolExecutor.java:899)
        at java.base@17.0.12/java.util.concurrent.ThreadPoolExecutor.getTask(ThreadPoolExecutor.java:1062)
        at java.base@17.0.12/java.util.concurrent.ThreadPoolExecutor.runWorker(ThreadPoolExecutor.java:1122)
        at java.base@17.0.12/java.util.concurrent.ThreadPoolExecutor$Worker.run(ThreadPoolExecutor.java:635)
        at java.base@17.0.12/java.lang.Thread.run(Thread.java:840)
"qtp884289676-636" daemon prio=5 tid=636 timed_waiting
java.lang.Thread.State: TIMED_WAITING
        at java.base@17.0.12/jdk.internal.misc.Unsafe.park(Native Method)
        at java.base@17.0.12/java.util.concurrent.locks.LockSupport.parkNanos(LockSupport.java:252)
        at java.base@17.0.12/java.util.concurrent.locks.AbstractQueuedSynchronizer$ConditionObject.awaitNanos(AbstractQueuedSynchronizer.java:1674)
        at app//org.eclipse.jetty.util.BlockingArrayQueue.poll(BlockingArrayQueue.java:382)
        at app//org.eclipse.jetty.util.thread.QueuedThreadPool$Runner.idleJobPoll(QueuedThreadPool.java:974)
        at app//org.eclipse.jetty.util.thread.QueuedThreadPool$Runner.run(QueuedThreadPool.java:1018)
        at java.base@17.0.12/java.lang.Thread.run(Thread.java:840)
"43b7afd8-9e19-4b34-aad7-81b8e915bbb6-DatanodeReportManager-0" daemon prio=5 tid=712 timed_waiting
java.lang.Thread.State: TIMED_WAITING
        at java.base@17.0.12/jdk.internal.misc.Unsafe.park(Native Method)
        at java.base@17.0.12/java.util.concurrent.locks.LockSupport.parkNanos(LockSupport.java:252)
        at java.base@17.0.12/java.util.concurrent.locks.AbstractQueuedSynchronizer$ConditionObject.awaitNanos(AbstractQueuedSynchronizer.java:1674)
        at java.base@17.0.12/java.util.concurrent.ScheduledThreadPoolExecutor$DelayedWorkQueue.take(ScheduledThreadPoolExecutor.java:1182)
        at java.base@17.0.12/java.util.concurrent.ScheduledThreadPoolExecutor$DelayedWorkQueue.take(ScheduledThreadPoolExecutor.java:899)
        at java.base@17.0.12/java.util.concurrent.ThreadPoolExecutor.getTask(ThreadPoolExecutor.java:1062)
        at java.base@17.0.12/java.util.concurrent.ThreadPoolExecutor.runWorker(ThreadPoolExecutor.java:1122)
        at java.base@17.0.12/java.util.concurrent.ThreadPoolExecutor$Worker.run(ThreadPoolExecutor.java:635)
        at java.base@17.0.12/java.lang.Thread.run(Thread.java:840)
"pool-135-thread-1"  prio=5 tid=677 timed_waiting
java.lang.Thread.State: TIMED_WAITING
        at java.base@17.0.12/jdk.internal.misc.Unsafe.park(Native Method)
        at java.base@17.0.12/java.util.concurrent.locks.LockSupport.parkNanos(LockSupport.java:252)
        at java.base@17.0.12/java.util.concurrent.locks.AbstractQueuedSynchronizer$ConditionObject.awaitNanos(AbstractQueuedSynchronizer.java:1674)
        at java.base@17.0.12/java.util.concurrent.ScheduledThreadPoolExecutor$DelayedWorkQueue.take(ScheduledThreadPoolExecutor.java:1182)
        at java.base@17.0.12/java.util.concurrent.ScheduledThreadPoolExecutor$DelayedWorkQueue.take(ScheduledThreadPoolExecutor.java:899)
        at java.base@17.0.12/java.util.concurrent.ThreadPoolExecutor.getTask(ThreadPoolExecutor.java:1062)
        at java.base@17.0.12/java.util.concurrent.ThreadPoolExecutor.runWorker(ThreadPoolExecutor.java:1122)
        at java.base@17.0.12/java.util.concurrent.ThreadPoolExecutor$Worker.run(ThreadPoolExecutor.java:635)
        at java.base@17.0.12/java.lang.Thread.run(Thread.java:840)
"IPC Server handler 74 on default port 15002" daemon prio=5 tid=359 timed_waiting
java.lang.Thread.State: TIMED_WAITING
        at java.base@17.0.12/jdk.internal.misc.Unsafe.park(Native Method)
        at java.base@17.0.12/java.util.concurrent.locks.LockSupport.parkNanos(LockSupport.java:252)
        at java.base@17.0.12/java.util.concurrent.locks.AbstractQueuedSynchronizer$ConditionObject.awaitNanos(AbstractQueuedSynchronizer.java:1674)
        at java.base@17.0.12/java.util.concurrent.LinkedBlockingQueue.poll(LinkedBlockingQueue.java:460)
        at app//org.apache.hadoop.ipc.CallQueueManager.take(CallQueueManager.java:317)
        at app//org.apache.hadoop.ipc.Server$Handler.run(Server.java:3014)
"IPC Server handler 9 on default port 15000" daemon prio=5 tid=94 timed_waiting
java.lang.Thread.State: TIMED_WAITING
        at java.base@17.0.12/jdk.internal.misc.Unsafe.park(Native Method)
        at java.base@17.0.12/java.util.concurrent.locks.LockSupport.parkNanos(LockSupport.java:252)
        at java.base@17.0.12/java.util.concurrent.locks.AbstractQueuedSynchronizer$ConditionObject.awaitNanos(AbstractQueuedSynchronizer.java:1674)
        at java.base@17.0.12/java.util.concurrent.LinkedBlockingQueue.poll(LinkedBlockingQueue.java:460)
        at app//org.apache.hadoop.ipc.CallQueueManager.take(CallQueueManager.java:317)
        at app//org.apache.hadoop.ipc.Server$Handler.run(Server.java:3014)
"ContainerHealthTask" daemon prio=5 tid=619 timed_waiting
java.lang.Thread.State: TIMED_WAITING
        at java.base@17.0.12/java.lang.Thread.sleep(Native Method)
        at app//org.apache.hadoop.ozone.recon.fsck.ContainerHealthTask.run(ContainerHealthTask.java:114)
        at app//org.apache.hadoop.ozone.recon.scm.ReconScmTask$$Lambda$1604/0x00007fa908d25390.run(Unknown Source)
        at java.base@17.0.12/java.lang.Thread.run(Thread.java:840)
"qtp11530087-510" daemon prio=5 tid=510 timed_waiting
java.lang.Thread.State: TIMED_WAITING
        at java.base@17.0.12/jdk.internal.misc.Unsafe.park(Native Method)
        at java.base@17.0.12/java.util.concurrent.locks.LockSupport.parkNanos(LockSupport.java:252)
        at java.base@17.0.12/java.util.concurrent.locks.AbstractQueuedSynchronizer$ConditionObject.awaitNanos(AbstractQueuedSynchronizer.java:1674)
        at app//org.eclipse.jetty.util.BlockingArrayQueue.poll(BlockingArrayQueue.java:382)
        at app//org.eclipse.jetty.util.thread.QueuedThreadPool$Runner.idleJobPoll(QueuedThreadPool.java:974)
        at app//org.eclipse.jetty.util.thread.QueuedThreadPool$Runner.run(QueuedThreadPool.java:1018)
        at java.base@17.0.12/java.lang.Thread.run(Thread.java:840)
"Socket Reader #9 for port 15002"  prio=5 tid=41 runnable
java.lang.Thread.State: RUNNABLE
        at java.base@17.0.12/sun.nio.ch.EPoll.wait(Native Method)
        at java.base@17.0.12/sun.nio.ch.EPollSelectorImpl.doSelect(EPollSelectorImpl.java:118)
        at java.base@17.0.12/sun.nio.ch.SelectorImpl.lockAndDoSelect(SelectorImpl.java:129)
        at java.base@17.0.12/sun.nio.ch.SelectorImpl.select(SelectorImpl.java:146)
        at app//org.apache.hadoop.ipc.Server$Listener$Reader.doRunLoop(Server.java:1346)
        at app//org.apache.hadoop.ipc.Server$Listener$Reader.run(Server.java:1325)
"IPC Server handler 82 on default port 15009" daemon prio=5 tid=601 timed_waiting
java.lang.Thread.State: TIMED_WAITING
        at java.base@17.0.12/jdk.internal.misc.Unsafe.park(Native Method)
        at java.base@17.0.12/java.util.concurrent.locks.LockSupport.parkNanos(LockSupport.java:252)
        at java.base@17.0.12/java.util.concurrent.locks.AbstractQueuedSynchronizer$ConditionObject.awaitNanos(AbstractQueuedSynchronizer.java:1674)
        at java.base@17.0.12/java.util.concurrent.LinkedBlockingQueue.poll(LinkedBlockingQueue.java:460)
        at app//org.apache.hadoop.ipc.CallQueueManager.take(CallQueueManager.java:317)
        at app//org.apache.hadoop.ipc.Server$Handler.run(Server.java:3014)
"IPC Server handler 97 on default port 15001" daemon prio=5 tid=282 timed_waiting
java.lang.Thread.State: TIMED_WAITING
        at java.base@17.0.12/jdk.internal.misc.Unsafe.park(Native Method)
        at java.base@17.0.12/java.util.concurrent.locks.LockSupport.parkNanos(LockSupport.java:252)
        at java.base@17.0.12/java.util.concurrent.locks.AbstractQueuedSynchronizer$ConditionObject.awaitNanos(AbstractQueuedSynchronizer.java:1674)
        at java.base@17.0.12/java.util.concurrent.LinkedBlockingQueue.poll(LinkedBlockingQueue.java:460)
        at app//org.apache.hadoop.ipc.CallQueueManager.take(CallQueueManager.java:317)
        at app//org.apache.hadoop.ipc.Server$Handler.run(Server.java:3014)
"IPC Server handler 23 on default port 15009" daemon prio=5 tid=542 timed_waiting
java.lang.Thread.State: TIMED_WAITING
        at java.base@17.0.12/jdk.internal.misc.Unsafe.park(Native Method)
        at java.base@17.0.12/java.util.concurrent.locks.LockSupport.parkNanos(LockSupport.java:252)
        at java.base@17.0.12/java.util.concurrent.locks.AbstractQueuedSynchronizer$ConditionObject.awaitNanos(AbstractQueuedSynchronizer.java:1674)
        at java.base@17.0.12/java.util.concurrent.LinkedBlockingQueue.poll(LinkedBlockingQueue.java:460)
        at app//org.apache.hadoop.ipc.CallQueueManager.take(CallQueueManager.java:317)
        at app//org.apache.hadoop.ipc.Server$Handler.run(Server.java:3014)
"IPC Server handler 6 on default port 15001" daemon prio=5 tid=191 timed_waiting
java.lang.Thread.State: TIMED_WAITING
        at java.base@17.0.12/jdk.internal.misc.Unsafe.park(Native Method)
        at java.base@17.0.12/java.util.concurrent.locks.LockSupport.parkNanos(LockSupport.java:252)
        at java.base@17.0.12/java.util.concurrent.locks.AbstractQueuedSynchronizer$ConditionObject.awaitNanos(AbstractQueuedSynchronizer.java:1674)
        at java.base@17.0.12/java.util.concurrent.LinkedBlockingQueue.poll(LinkedBlockingQueue.java:460)
        at app//org.apache.hadoop.ipc.CallQueueManager.take(CallQueueManager.java:317)
        at app//org.apache.hadoop.ipc.Server$Handler.run(Server.java:3014)
"Socket Reader #4 for port 15012"  prio=5 tid=645 runnable
java.lang.Thread.State: RUNNABLE
        at java.base@17.0.12/sun.nio.ch.EPoll.wait(Native Method)
        at java.base@17.0.12/sun.nio.ch.EPollSelectorImpl.doSelect(EPollSelectorImpl.java:118)
        at java.base@17.0.12/sun.nio.ch.SelectorImpl.lockAndDoSelect(SelectorImpl.java:129)
        at java.base@17.0.12/sun.nio.ch.SelectorImpl.select(SelectorImpl.java:146)
        at app//org.apache.hadoop.ipc.Server$Listener$Reader.doRunLoop(Server.java:1346)
        at app//org.apache.hadoop.ipc.Server$Listener$Reader.run(Server.java:1325)
"IPC Server handler 85 on default port 15002" daemon prio=5 tid=370 timed_waiting
java.lang.Thread.State: TIMED_WAITING
        at java.base@17.0.12/jdk.internal.misc.Unsafe.park(Native Method)
        at java.base@17.0.12/java.util.concurrent.locks.LockSupport.parkNanos(LockSupport.java:252)
        at java.base@17.0.12/java.util.concurrent.locks.AbstractQueuedSynchronizer$ConditionObject.awaitNanos(AbstractQueuedSynchronizer.java:1674)
        at java.base@17.0.12/java.util.concurrent.LinkedBlockingQueue.poll(LinkedBlockingQueue.java:460)
        at app//org.apache.hadoop.ipc.CallQueueManager.take(CallQueueManager.java:317)
        at app//org.apache.hadoop.ipc.Server$Handler.run(Server.java:3014)
"IPC Server handler 23 on default port 15002" daemon prio=5 tid=308 timed_waiting
java.lang.Thread.State: TIMED_WAITING
        at java.base@17.0.12/jdk.internal.misc.Unsafe.park(Native Method)
        at java.base@17.0.12/java.util.concurrent.locks.LockSupport.parkNanos(LockSupport.java:252)
        at java.base@17.0.12/java.util.concurrent.locks.AbstractQueuedSynchronizer$ConditionObject.awaitNanos(AbstractQueuedSynchronizer.java:1674)
        at java.base@17.0.12/java.util.concurrent.LinkedBlockingQueue.poll(LinkedBlockingQueue.java:460)
        at app//org.apache.hadoop.ipc.CallQueueManager.take(CallQueueManager.java:317)
        at app//org.apache.hadoop.ipc.Server$Handler.run(Server.java:3014)
"731aafee-c06b-4662-9d20-472061f2d46e-server-thread3" daemon prio=5 tid=1021 timed_waiting
java.lang.Thread.State: TIMED_WAITING
        at java.base@17.0.12/jdk.internal.misc.Unsafe.park(Native Method)
        at java.base@17.0.12/java.util.concurrent.locks.LockSupport.parkNanos(LockSupport.java:252)
        at java.base@17.0.12/java.util.concurrent.SynchronousQueue$TransferStack.transfer(SynchronousQueue.java:401)
        at java.base@17.0.12/java.util.concurrent.SynchronousQueue.poll(SynchronousQueue.java:903)
        at java.base@17.0.12/java.util.concurrent.ThreadPoolExecutor.getTask(ThreadPoolExecutor.java:1061)
        at java.base@17.0.12/java.util.concurrent.ThreadPoolExecutor.runWorker(ThreadPoolExecutor.java:1122)
        at java.base@17.0.12/java.util.concurrent.ThreadPoolExecutor$Worker.run(ThreadPoolExecutor.java:635)
        at java.base@17.0.12/java.lang.Thread.run(Thread.java:840)
"IPC Server handler 86 on default port 15001" daemon prio=5 tid=271 timed_waiting
java.lang.Thread.State: TIMED_WAITING
        at java.base@17.0.12/jdk.internal.misc.Unsafe.park(Native Method)
        at java.base@17.0.12/java.util.concurrent.locks.LockSupport.parkNanos(LockSupport.java:252)
        at java.base@17.0.12/java.util.concurrent.locks.AbstractQueuedSynchronizer$ConditionObject.awaitNanos(AbstractQueuedSynchronizer.java:1674)
        at java.base@17.0.12/java.util.concurrent.LinkedBlockingQueue.poll(LinkedBlockingQueue.java:460)
        at app//org.apache.hadoop.ipc.CallQueueManager.take(CallQueueManager.java:317)
        at app//org.apache.hadoop.ipc.Server$Handler.run(Server.java:3014)
"IPC Server handler 80 on default port 15009" daemon prio=5 tid=599 timed_waiting
java.lang.Thread.State: TIMED_WAITING
        at java.base@17.0.12/jdk.internal.misc.Unsafe.park(Native Method)
        at java.base@17.0.12/java.util.concurrent.locks.LockSupport.parkNanos(LockSupport.java:252)
        at java.base@17.0.12/java.util.concurrent.locks.AbstractQueuedSynchronizer$ConditionObject.awaitNanos(AbstractQueuedSynchronizer.java:1674)
        at java.base@17.0.12/java.util.concurrent.LinkedBlockingQueue.poll(LinkedBlockingQueue.java:460)
        at app//org.apache.hadoop.ipc.CallQueueManager.take(CallQueueManager.java:317)
        at app//org.apache.hadoop.ipc.Server$Handler.run(Server.java:3014)
"43b7afd8-9e19-4b34-aad7-81b8e915bbb6-server-thread3" daemon prio=5 tid=1027 timed_waiting
java.lang.Thread.State: TIMED_WAITING
        at java.base@17.0.12/jdk.internal.misc.Unsafe.park(Native Method)
        at java.base@17.0.12/java.util.concurrent.locks.LockSupport.parkNanos(LockSupport.java:252)
        at java.base@17.0.12/java.util.concurrent.SynchronousQueue$TransferStack.transfer(SynchronousQueue.java:401)
        at java.base@17.0.12/java.util.concurrent.SynchronousQueue.poll(SynchronousQueue.java:903)
        at java.base@17.0.12/java.util.concurrent.ThreadPoolExecutor.getTask(ThreadPoolExecutor.java:1061)
        at java.base@17.0.12/java.util.concurrent.ThreadPoolExecutor.runWorker(ThreadPoolExecutor.java:1122)
        at java.base@17.0.12/java.util.concurrent.ThreadPoolExecutor$Worker.run(ThreadPoolExecutor.java:635)
        at java.base@17.0.12/java.lang.Thread.run(Thread.java:840)
"IPC Server handler 36 on default port 15000" daemon prio=5 tid=121 timed_waiting
java.lang.Thread.State: TIMED_WAITING
        at java.base@17.0.12/jdk.internal.misc.Unsafe.park(Native Method)
        at java.base@17.0.12/java.util.concurrent.locks.LockSupport.parkNanos(LockSupport.java:252)
        at java.base@17.0.12/java.util.concurrent.locks.AbstractQueuedSynchronizer$ConditionObject.awaitNanos(AbstractQueuedSynchronizer.java:1674)
        at java.base@17.0.12/java.util.concurrent.LinkedBlockingQueue.poll(LinkedBlockingQueue.java:460)
        at app//org.apache.hadoop.ipc.CallQueueManager.take(CallQueueManager.java:317)
        at app//org.apache.hadoop.ipc.Server$Handler.run(Server.java:3014)
"FixedThreadPoolWithAffinityExecutor-8-0" daemon prio=5 tid=82 timed_waiting
java.lang.Thread.State: TIMED_WAITING
        at java.base@17.0.12/jdk.internal.misc.Unsafe.park(Native Method)
        at java.base@17.0.12/java.util.concurrent.locks.LockSupport.parkNanos(LockSupport.java:252)
        at java.base@17.0.12/java.util.concurrent.locks.AbstractQueuedSynchronizer$ConditionObject.awaitNanos(AbstractQueuedSynchronizer.java:1674)
        at java.base@17.0.12/java.util.concurrent.LinkedBlockingQueue.poll(LinkedBlockingQueue.java:460)
        at app//org.apache.hadoop.hdds.scm.server.ContainerReportQueue.poll(ContainerReportQueue.java:269)
        at app//org.apache.hadoop.hdds.scm.server.ContainerReportQueue.poll(ContainerReportQueue.java:42)
        at app//org.apache.hadoop.hdds.server.events.FixedThreadPoolWithAffinityExecutor$ContainerReportProcessTask.run(FixedThreadPoolWithAffinityExecutor.java:253)
        at java.base@17.0.12/java.util.concurrent.Executors$RunnableAdapter.call(Executors.java:539)
        at java.base@17.0.12/java.util.concurrent.FutureTask.run(FutureTask.java:264)
        at java.base@17.0.12/java.util.concurrent.ThreadPoolExecutor.runWorker(ThreadPoolExecutor.java:1136)
        at java.base@17.0.12/java.util.concurrent.ThreadPoolExecutor$Worker.run(ThreadPoolExecutor.java:635)
        at java.base@17.0.12/java.lang.Thread.run(Thread.java:840)
"IPC Server handler 1 on default port 15001" daemon prio=5 tid=186 timed_waiting
java.lang.Thread.State: TIMED_WAITING
        at java.base@17.0.12/jdk.internal.misc.Unsafe.park(Native Method)
        at java.base@17.0.12/java.util.concurrent.locks.LockSupport.parkNanos(LockSupport.java:252)
        at java.base@17.0.12/java.util.concurrent.locks.AbstractQueuedSynchronizer$ConditionObject.awaitNanos(AbstractQueuedSynchronizer.java:1674)
        at java.base@17.0.12/java.util.concurrent.LinkedBlockingQueue.poll(LinkedBlockingQueue.java:460)
        at app//org.apache.hadoop.ipc.CallQueueManager.take(CallQueueManager.java:317)
        at app//org.apache.hadoop.ipc.Server$Handler.run(Server.java:3014)
"qtp798439904-450" daemon prio=5 tid=450 timed_waiting
java.lang.Thread.State: TIMED_WAITING
        at java.base@17.0.12/jdk.internal.misc.Unsafe.park(Native Method)
        at java.base@17.0.12/java.util.concurrent.locks.LockSupport.parkNanos(LockSupport.java:252)
        at java.base@17.0.12/java.util.concurrent.locks.AbstractQueuedSynchronizer$ConditionObject.awaitNanos(AbstractQueuedSynchronizer.java:1674)
        at app//org.eclipse.jetty.util.BlockingArrayQueue.poll(BlockingArrayQueue.java:382)
        at app//org.eclipse.jetty.util.thread.QueuedThreadPool$Runner.idleJobPoll(QueuedThreadPool.java:974)
        at app//org.eclipse.jetty.util.thread.QueuedThreadPool$Runner.run(QueuedThreadPool.java:1018)
        at java.base@17.0.12/java.lang.Thread.run(Thread.java:840)
"IPC Server handler 31 on default port 15009" daemon prio=5 tid=550 timed_waiting
java.lang.Thread.State: TIMED_WAITING
        at java.base@17.0.12/jdk.internal.misc.Unsafe.park(Native Method)
        at java.base@17.0.12/java.util.concurrent.locks.LockSupport.parkNanos(LockSupport.java:252)
        at java.base@17.0.12/java.util.concurrent.locks.AbstractQueuedSynchronizer$ConditionObject.awaitNanos(AbstractQueuedSynchronizer.java:1674)
        at java.base@17.0.12/java.util.concurrent.LinkedBlockingQueue.poll(LinkedBlockingQueue.java:460)
        at app//org.apache.hadoop.ipc.CallQueueManager.take(CallQueueManager.java:317)
        at app//org.apache.hadoop.ipc.Server$Handler.run(Server.java:3014)
"IPC Server handler 34 on default port 15002" daemon prio=5 tid=319 timed_waiting
java.lang.Thread.State: TIMED_WAITING
        at java.base@17.0.12/jdk.internal.misc.Unsafe.park(Native Method)
        at java.base@17.0.12/java.util.concurrent.locks.LockSupport.parkNanos(LockSupport.java:252)
        at java.base@17.0.12/java.util.concurrent.locks.AbstractQueuedSynchronizer$ConditionObject.awaitNanos(AbstractQueuedSynchronizer.java:1674)
        at java.base@17.0.12/java.util.concurrent.LinkedBlockingQueue.poll(LinkedBlockingQueue.java:460)
        at app//org.apache.hadoop.ipc.CallQueueManager.take(CallQueueManager.java:317)
        at app//org.apache.hadoop.ipc.Server$Handler.run(Server.java:3014)
"731aafee-c06b-4662-9d20-472061f2d46e-ChunkWriter-0-0" daemon prio=5 tid=823 in Object.wait()
java.lang.Thread.State: WAITING (on object monitor)
        at java.base@17.0.12/jdk.internal.misc.Unsafe.park(Native Method)
        at java.base@17.0.12/java.util.concurrent.locks.LockSupport.park(LockSupport.java:341)
        at java.base@17.0.12/java.util.concurrent.locks.AbstractQueuedSynchronizer$ConditionNode.block(AbstractQueuedSynchronizer.java:506)
        at java.base@17.0.12/java.util.concurrent.ForkJoinPool.unmanagedBlock(ForkJoinPool.java:3465)
        at java.base@17.0.12/java.util.concurrent.ForkJoinPool.managedBlock(ForkJoinPool.java:3436)
        at java.base@17.0.12/java.util.concurrent.locks.AbstractQueuedSynchronizer$ConditionObject.await(AbstractQueuedSynchronizer.java:1625)
        at java.base@17.0.12/java.util.concurrent.LinkedBlockingDeque.takeFirst(LinkedBlockingDeque.java:485)
        at java.base@17.0.12/java.util.concurrent.LinkedBlockingDeque.take(LinkedBlockingDeque.java:673)
        at java.base@17.0.12/java.util.concurrent.ThreadPoolExecutor.getTask(ThreadPoolExecutor.java:1062)
        at java.base@17.0.12/java.util.concurrent.ThreadPoolExecutor.runWorker(ThreadPoolExecutor.java:1122)
        at java.base@17.0.12/java.util.concurrent.ThreadPoolExecutor$Worker.run(ThreadPoolExecutor.java:635)
        at java.base@17.0.12/java.lang.Thread.run(Thread.java:840)
"731aafee-c06b-4662-9d20-472061f2d46e-DatanodeStateMachineTaskThread-1"  prio=5 tid=810 in Object.wait()
java.lang.Thread.State: WAITING (on object monitor)
        at java.base@17.0.12/jdk.internal.misc.Unsafe.park(Native Method)
        at java.base@17.0.12/java.util.concurrent.locks.LockSupport.park(LockSupport.java:341)
        at java.base@17.0.12/java.util.concurrent.locks.AbstractQueuedSynchronizer$ConditionNode.block(AbstractQueuedSynchronizer.java:506)
        at java.base@17.0.12/java.util.concurrent.ForkJoinPool.unmanagedBlock(ForkJoinPool.java:3465)
        at java.base@17.0.12/java.util.concurrent.ForkJoinPool.managedBlock(ForkJoinPool.java:3436)
        at java.base@17.0.12/java.util.concurrent.locks.AbstractQueuedSynchronizer$ConditionObject.await(AbstractQueuedSynchronizer.java:1625)
        at java.base@17.0.12/java.util.concurrent.LinkedBlockingQueue.take(LinkedBlockingQueue.java:435)
        at java.base@17.0.12/java.util.concurrent.ThreadPoolExecutor.getTask(ThreadPoolExecutor.java:1062)
        at java.base@17.0.12/java.util.concurrent.ThreadPoolExecutor.runWorker(ThreadPoolExecutor.java:1122)
        at java.base@17.0.12/java.util.concurrent.ThreadPoolExecutor$Worker.run(ThreadPoolExecutor.java:635)
        at java.base@17.0.12/java.lang.Thread.run(Thread.java:840)
"IPC Server handler 85 on default port 15009" daemon prio=5 tid=604 timed_waiting
java.lang.Thread.State: TIMED_WAITING
        at java.base@17.0.12/jdk.internal.misc.Unsafe.park(Native Method)
        at java.base@17.0.12/java.util.concurrent.locks.LockSupport.parkNanos(LockSupport.java:252)
        at java.base@17.0.12/java.util.concurrent.locks.AbstractQueuedSynchronizer$ConditionObject.awaitNanos(AbstractQueuedSynchronizer.java:1674)
        at java.base@17.0.12/java.util.concurrent.LinkedBlockingQueue.poll(LinkedBlockingQueue.java:460)
        at app//org.apache.hadoop.ipc.CallQueueManager.take(CallQueueManager.java:317)
        at app//org.apache.hadoop.ipc.Server$Handler.run(Server.java:3014)
"IPC Server handler 55 on default port 15002" daemon prio=5 tid=340 timed_waiting
java.lang.Thread.State: TIMED_WAITING
        at java.base@17.0.12/jdk.internal.misc.Unsafe.park(Native Method)
        at java.base@17.0.12/java.util.concurrent.locks.LockSupport.parkNanos(LockSupport.java:252)
        at java.base@17.0.12/java.util.concurrent.locks.AbstractQueuedSynchronizer$ConditionObject.awaitNanos(AbstractQueuedSynchronizer.java:1674)
        at java.base@17.0.12/java.util.concurrent.LinkedBlockingQueue.poll(LinkedBlockingQueue.java:460)
        at app//org.apache.hadoop.ipc.CallQueueManager.take(CallQueueManager.java:317)
        at app//org.apache.hadoop.ipc.Server$Handler.run(Server.java:3014)
"IPC Server handler 2 on default port 15004" daemon prio=5 tid=454 timed_waiting
java.lang.Thread.State: TIMED_WAITING
        at java.base@17.0.12/jdk.internal.misc.Unsafe.park(Native Method)
        at java.base@17.0.12/java.util.concurrent.locks.LockSupport.parkNanos(LockSupport.java:252)
        at java.base@17.0.12/java.util.concurrent.locks.AbstractQueuedSynchronizer$ConditionObject.awaitNanos(AbstractQueuedSynchronizer.java:1674)
        at java.base@17.0.12/java.util.concurrent.LinkedBlockingQueue.poll(LinkedBlockingQueue.java:460)
        at app//org.apache.hadoop.ipc.CallQueueManager.take(CallQueueManager.java:317)
        at app//org.apache.hadoop.ipc.Server$Handler.run(Server.java:3014)
"IPC Server handler 17 on default port 15002" daemon prio=5 tid=302 timed_waiting
java.lang.Thread.State: TIMED_WAITING
        at java.base@17.0.12/jdk.internal.misc.Unsafe.park(Native Method)
        at java.base@17.0.12/java.util.concurrent.locks.LockSupport.parkNanos(LockSupport.java:252)
        at java.base@17.0.12/java.util.concurrent.locks.AbstractQueuedSynchronizer$ConditionObject.awaitNanos(AbstractQueuedSynchronizer.java:1674)
        at java.base@17.0.12/java.util.concurrent.LinkedBlockingQueue.poll(LinkedBlockingQueue.java:460)
        at app//org.apache.hadoop.ipc.CallQueueManager.take(CallQueueManager.java:317)
        at app//org.apache.hadoop.ipc.Server$Handler.run(Server.java:3014)
"IPC Server handler 15 on default port 15004" daemon prio=5 tid=467 timed_waiting
java.lang.Thread.State: TIMED_WAITING
        at java.base@17.0.12/jdk.internal.misc.Unsafe.park(Native Method)
        at java.base@17.0.12/java.util.concurrent.locks.LockSupport.parkNanos(LockSupport.java:252)
        at java.base@17.0.12/java.util.concurrent.locks.AbstractQueuedSynchronizer$ConditionObject.awaitNanos(AbstractQueuedSynchronizer.java:1674)
        at java.base@17.0.12/java.util.concurrent.LinkedBlockingQueue.poll(LinkedBlockingQueue.java:460)
        at app//org.apache.hadoop.ipc.CallQueueManager.take(CallQueueManager.java:317)
        at app//org.apache.hadoop.ipc.Server$Handler.run(Server.java:3014)
"timer4" daemon prio=5 tid=998 timed_waiting
java.lang.Thread.State: TIMED_WAITING
        at java.base@17.0.12/java.lang.Object.wait(Native Method)
        at java.base@17.0.12/java.util.TimerThread.mainLoop(Timer.java:563)
        at java.base@17.0.12/java.util.TimerThread.run(Timer.java:516)
"IPC Server handler 1 on default port 15000" daemon prio=5 tid=86 timed_waiting
java.lang.Thread.State: TIMED_WAITING
        at java.base@17.0.12/jdk.internal.misc.Unsafe.park(Native Method)
        at java.base@17.0.12/java.util.concurrent.locks.LockSupport.parkNanos(LockSupport.java:252)
        at java.base@17.0.12/java.util.concurrent.locks.AbstractQueuedSynchronizer$ConditionObject.awaitNanos(AbstractQueuedSynchronizer.java:1674)
        at java.base@17.0.12/java.util.concurrent.LinkedBlockingQueue.poll(LinkedBlockingQueue.java:460)
        at app//org.apache.hadoop.ipc.CallQueueManager.take(CallQueueManager.java:317)
        at app//org.apache.hadoop.ipc.Server$Handler.run(Server.java:3014)
"731aafee-c06b-4662-9d20-472061f2d46e-ChunkWriter-3-0" daemon prio=5 tid=826 in Object.wait()
java.lang.Thread.State: WAITING (on object monitor)
        at java.base@17.0.12/jdk.internal.misc.Unsafe.park(Native Method)
        at java.base@17.0.12/java.util.concurrent.locks.LockSupport.park(LockSupport.java:341)
        at java.base@17.0.12/java.util.concurrent.locks.AbstractQueuedSynchronizer$ConditionNode.block(AbstractQueuedSynchronizer.java:506)
        at java.base@17.0.12/java.util.concurrent.ForkJoinPool.unmanagedBlock(ForkJoinPool.java:3465)
        at java.base@17.0.12/java.util.concurrent.ForkJoinPool.managedBlock(ForkJoinPool.java:3436)
        at java.base@17.0.12/java.util.concurrent.locks.AbstractQueuedSynchronizer$ConditionObject.await(AbstractQueuedSynchronizer.java:1625)
        at java.base@17.0.12/java.util.concurrent.LinkedBlockingDeque.takeFirst(LinkedBlockingDeque.java:485)
        at java.base@17.0.12/java.util.concurrent.LinkedBlockingDeque.take(LinkedBlockingDeque.java:673)
        at java.base@17.0.12/java.util.concurrent.ThreadPoolExecutor.getTask(ThreadPoolExecutor.java:1062)
        at java.base@17.0.12/java.util.concurrent.ThreadPoolExecutor.runWorker(ThreadPoolExecutor.java:1122)
        at java.base@17.0.12/java.util.concurrent.ThreadPoolExecutor$Worker.run(ThreadPoolExecutor.java:635)
        at java.base@17.0.12/java.lang.Thread.run(Thread.java:840)
"IPC Server handler 37 on default port 15002" daemon prio=5 tid=322 timed_waiting
java.lang.Thread.State: TIMED_WAITING
        at java.base@17.0.12/jdk.internal.misc.Unsafe.park(Native Method)
        at java.base@17.0.12/java.util.concurrent.locks.LockSupport.parkNanos(LockSupport.java:252)
        at java.base@17.0.12/java.util.concurrent.locks.AbstractQueuedSynchronizer$ConditionObject.awaitNanos(AbstractQueuedSynchronizer.java:1674)
        at java.base@17.0.12/java.util.concurrent.LinkedBlockingQueue.poll(LinkedBlockingQueue.java:460)
        at app//org.apache.hadoop.ipc.CallQueueManager.take(CallQueueManager.java:317)
        at app//org.apache.hadoop.ipc.Server$Handler.run(Server.java:3014)
"IPC Server handler 14 on default port 15009" daemon prio=5 tid=533 timed_waiting
java.lang.Thread.State: TIMED_WAITING
        at java.base@17.0.12/jdk.internal.misc.Unsafe.park(Native Method)
        at java.base@17.0.12/java.util.concurrent.locks.LockSupport.parkNanos(LockSupport.java:252)
        at java.base@17.0.12/java.util.concurrent.locks.AbstractQueuedSynchronizer$ConditionObject.awaitNanos(AbstractQueuedSynchronizer.java:1674)
        at java.base@17.0.12/java.util.concurrent.LinkedBlockingQueue.poll(LinkedBlockingQueue.java:460)
        at app//org.apache.hadoop.ipc.CallQueueManager.take(CallQueueManager.java:317)
        at app//org.apache.hadoop.ipc.Server$Handler.run(Server.java:3014)
"IPC Server handler 19 on default port 15000" daemon prio=5 tid=104 timed_waiting
java.lang.Thread.State: TIMED_WAITING
        at java.base@17.0.12/jdk.internal.misc.Unsafe.park(Native Method)
        at java.base@17.0.12/java.util.concurrent.locks.LockSupport.parkNanos(LockSupport.java:252)
        at java.base@17.0.12/java.util.concurrent.locks.AbstractQueuedSynchronizer$ConditionObject.awaitNanos(AbstractQueuedSynchronizer.java:1674)
        at java.base@17.0.12/java.util.concurrent.LinkedBlockingQueue.poll(LinkedBlockingQueue.java:460)
        at app//org.apache.hadoop.ipc.CallQueueManager.take(CallQueueManager.java:317)
        at app//org.apache.hadoop.ipc.Server$Handler.run(Server.java:3014)
"IPC Server handler 49 on default port 15002" daemon prio=5 tid=334 timed_waiting
java.lang.Thread.State: TIMED_WAITING
        at java.base@17.0.12/jdk.internal.misc.Unsafe.park(Native Method)
        at java.base@17.0.12/java.util.concurrent.locks.LockSupport.parkNanos(LockSupport.java:252)
        at java.base@17.0.12/java.util.concurrent.locks.AbstractQueuedSynchronizer$ConditionObject.awaitNanos(AbstractQueuedSynchronizer.java:1674)
        at java.base@17.0.12/java.util.concurrent.LinkedBlockingQueue.poll(LinkedBlockingQueue.java:460)
        at app//org.apache.hadoop.ipc.CallQueueManager.take(CallQueueManager.java:317)
        at app//org.apache.hadoop.ipc.Server$Handler.run(Server.java:3014)
"731aafee-c06b-4662-9d20-472061f2d46e-groupManagement"  prio=5 tid=900 in Object.wait()
java.lang.Thread.State: WAITING (on object monitor)
        at java.base@17.0.12/jdk.internal.misc.Unsafe.park(Native Method)
        at java.base@17.0.12/java.util.concurrent.locks.LockSupport.park(LockSupport.java:341)
        at java.base@17.0.12/java.util.concurrent.locks.AbstractQueuedSynchronizer$ConditionNode.block(AbstractQueuedSynchronizer.java:506)
        at java.base@17.0.12/java.util.concurrent.ForkJoinPool.unmanagedBlock(ForkJoinPool.java:3465)
        at java.base@17.0.12/java.util.concurrent.ForkJoinPool.managedBlock(ForkJoinPool.java:3436)
        at java.base@17.0.12/java.util.concurrent.locks.AbstractQueuedSynchronizer$ConditionObject.await(AbstractQueuedSynchronizer.java:1625)
        at java.base@17.0.12/java.util.concurrent.LinkedBlockingQueue.take(LinkedBlockingQueue.java:435)
        at java.base@17.0.12/java.util.concurrent.ThreadPoolExecutor.getTask(ThreadPoolExecutor.java:1062)
        at java.base@17.0.12/java.util.concurrent.ThreadPoolExecutor.runWorker(ThreadPoolExecutor.java:1122)
        at java.base@17.0.12/java.util.concurrent.ThreadPoolExecutor$Worker.run(ThreadPoolExecutor.java:635)
        at java.base@17.0.12/java.lang.Thread.run(Thread.java:840)
"Socket Reader #5 for port 15012"  prio=5 tid=646 runnable
java.lang.Thread.State: RUNNABLE
        at java.base@17.0.12/sun.nio.ch.EPoll.wait(Native Method)
        at java.base@17.0.12/sun.nio.ch.EPollSelectorImpl.doSelect(EPollSelectorImpl.java:118)
        at java.base@17.0.12/sun.nio.ch.SelectorImpl.lockAndDoSelect(SelectorImpl.java:129)
        at java.base@17.0.12/sun.nio.ch.SelectorImpl.select(SelectorImpl.java:146)
        at app//org.apache.hadoop.ipc.Server$Listener$Reader.doRunLoop(Server.java:1346)
        at app//org.apache.hadoop.ipc.Server$Listener$Reader.run(Server.java:1325)
"731aafee-c06b-4662-9d20-472061f2d46e-DatanodeReportManager-0" daemon prio=5 tid=666 timed_waiting
java.lang.Thread.State: TIMED_WAITING
        at java.base@17.0.12/jdk.internal.misc.Unsafe.park(Native Method)
        at java.base@17.0.12/java.util.concurrent.locks.LockSupport.parkNanos(LockSupport.java:252)
        at java.base@17.0.12/java.util.concurrent.locks.AbstractQueuedSynchronizer$ConditionObject.awaitNanos(AbstractQueuedSynchronizer.java:1674)
        at java.base@17.0.12/java.util.concurrent.ScheduledThreadPoolExecutor$DelayedWorkQueue.take(ScheduledThreadPoolExecutor.java:1182)
        at java.base@17.0.12/java.util.concurrent.ScheduledThreadPoolExecutor$DelayedWorkQueue.take(ScheduledThreadPoolExecutor.java:899)
        at java.base@17.0.12/java.util.concurrent.ThreadPoolExecutor.getTask(ThreadPoolExecutor.java:1062)
        at java.base@17.0.12/java.util.concurrent.ThreadPoolExecutor.runWorker(ThreadPoolExecutor.java:1122)
        at java.base@17.0.12/java.util.concurrent.ThreadPoolExecutor$Worker.run(ThreadPoolExecutor.java:635)
        at java.base@17.0.12/java.lang.Thread.run(Thread.java:840)
"IPC Server handler 42 on default port 15001" daemon prio=5 tid=227 timed_waiting
java.lang.Thread.State: TIMED_WAITING
        at java.base@17.0.12/jdk.internal.misc.Unsafe.park(Native Method)
        at java.base@17.0.12/java.util.concurrent.locks.LockSupport.parkNanos(LockSupport.java:252)
        at java.base@17.0.12/java.util.concurrent.locks.AbstractQueuedSynchronizer$ConditionObject.awaitNanos(AbstractQueuedSynchronizer.java:1674)
        at java.base@17.0.12/java.util.concurrent.LinkedBlockingQueue.poll(LinkedBlockingQueue.java:460)
        at app//org.apache.hadoop.ipc.CallQueueManager.take(CallQueueManager.java:317)
        at app//org.apache.hadoop.ipc.Server$Handler.run(Server.java:3014)
"Socket Reader #5 for port 15009"  prio=5 tid=487 runnable
java.lang.Thread.State: RUNNABLE
        at java.base@17.0.12/sun.nio.ch.EPoll.wait(Native Method)
        at java.base@17.0.12/sun.nio.ch.EPollSelectorImpl.doSelect(EPollSelectorImpl.java:118)
        at java.base@17.0.12/sun.nio.ch.SelectorImpl.lockAndDoSelect(SelectorImpl.java:129)
        at java.base@17.0.12/sun.nio.ch.SelectorImpl.select(SelectorImpl.java:146)
        at app//org.apache.hadoop.ipc.Server$Listener$Reader.doRunLoop(Server.java:1346)
        at app//org.apache.hadoop.ipc.Server$Listener$Reader.run(Server.java:1325)
"EventQueue-NodeRegistrationContainerReportForDataNodeSafeModeRule" daemon prio=5 tid=895 in Object.wait()
java.lang.Thread.State: WAITING (on object monitor)
        at java.base@17.0.12/jdk.internal.misc.Unsafe.park(Native Method)
        at java.base@17.0.12/java.util.concurrent.locks.LockSupport.park(LockSupport.java:341)
        at java.base@17.0.12/java.util.concurrent.locks.AbstractQueuedSynchronizer$ConditionNode.block(AbstractQueuedSynchronizer.java:506)
        at java.base@17.0.12/java.util.concurrent.ForkJoinPool.unmanagedBlock(ForkJoinPool.java:3465)
        at java.base@17.0.12/java.util.concurrent.ForkJoinPool.managedBlock(ForkJoinPool.java:3436)
        at java.base@17.0.12/java.util.concurrent.locks.AbstractQueuedSynchronizer$ConditionObject.await(AbstractQueuedSynchronizer.java:1625)
        at java.base@17.0.12/java.util.concurrent.LinkedBlockingQueue.take(LinkedBlockingQueue.java:435)
        at java.base@17.0.12/java.util.concurrent.ThreadPoolExecutor.getTask(ThreadPoolExecutor.java:1062)
        at java.base@17.0.12/java.util.concurrent.ThreadPoolExecutor.runWorker(ThreadPoolExecutor.java:1122)
        at java.base@17.0.12/java.util.concurrent.ThreadPoolExecutor$Worker.run(ThreadPoolExecutor.java:635)
        at java.base@17.0.12/java.lang.Thread.run(Thread.java:840)
"IPC Server handler 17 on default port 15001" daemon prio=5 tid=202 timed_waiting
java.lang.Thread.State: TIMED_WAITING
        at java.base@17.0.12/jdk.internal.misc.Unsafe.park(Native Method)
        at java.base@17.0.12/java.util.concurrent.locks.LockSupport.parkNanos(LockSupport.java:252)
        at java.base@17.0.12/java.util.concurrent.locks.AbstractQueuedSynchronizer$ConditionObject.awaitNanos(AbstractQueuedSynchronizer.java:1674)
        at java.base@17.0.12/java.util.concurrent.LinkedBlockingQueue.poll(LinkedBlockingQueue.java:460)
        at app//org.apache.hadoop.ipc.CallQueueManager.take(CallQueueManager.java:317)
        at app//org.apache.hadoop.ipc.Server$Handler.run(Server.java:3014)
"IPC Server handler 19 on default port 15004" daemon prio=5 tid=471 timed_waiting
java.lang.Thread.State: TIMED_WAITING
        at java.base@17.0.12/jdk.internal.misc.Unsafe.park(Native Method)
        at java.base@17.0.12/java.util.concurrent.locks.LockSupport.parkNanos(LockSupport.java:252)
        at java.base@17.0.12/java.util.concurrent.locks.AbstractQueuedSynchronizer$ConditionObject.awaitNanos(AbstractQueuedSynchronizer.java:1674)
        at java.base@17.0.12/java.util.concurrent.LinkedBlockingQueue.poll(LinkedBlockingQueue.java:460)
        at app//org.apache.hadoop.ipc.CallQueueManager.take(CallQueueManager.java:317)
        at app//org.apache.hadoop.ipc.Server$Handler.run(Server.java:3014)
"44ff6b06-02d2-44ad-8aa1-4af94363565f-ChunkWriter-3-0" daemon prio=5 tid=864 in Object.wait()
java.lang.Thread.State: WAITING (on object monitor)
        at java.base@17.0.12/jdk.internal.misc.Unsafe.park(Native Method)
        at java.base@17.0.12/java.util.concurrent.locks.LockSupport.park(LockSupport.java:341)
        at java.base@17.0.12/java.util.concurrent.locks.AbstractQueuedSynchronizer$ConditionNode.block(AbstractQueuedSynchronizer.java:506)
        at java.base@17.0.12/java.util.concurrent.ForkJoinPool.unmanagedBlock(ForkJoinPool.java:3465)
        at java.base@17.0.12/java.util.concurrent.ForkJoinPool.managedBlock(ForkJoinPool.java:3436)
        at java.base@17.0.12/java.util.concurrent.locks.AbstractQueuedSynchronizer$ConditionObject.await(AbstractQueuedSynchronizer.java:1625)
        at java.base@17.0.12/java.util.concurrent.LinkedBlockingDeque.takeFirst(LinkedBlockingDeque.java:485)
        at java.base@17.0.12/java.util.concurrent.LinkedBlockingDeque.take(LinkedBlockingDeque.java:673)
        at java.base@17.0.12/java.util.concurrent.ThreadPoolExecutor.getTask(ThreadPoolExecutor.java:1062)
        at java.base@17.0.12/java.util.concurrent.ThreadPoolExecutor.runWorker(ThreadPoolExecutor.java:1122)
        at java.base@17.0.12/java.util.concurrent.ThreadPoolExecutor$Worker.run(ThreadPoolExecutor.java:635)
        at java.base@17.0.12/java.lang.Thread.run(Thread.java:840)
"IPC Client (1268635527) connection to 0.0.0.0/0.0.0.0:15009 from runner" daemon prio=5 tid=815 timed_waiting
java.lang.Thread.State: TIMED_WAITING
        at java.base@17.0.12/java.lang.Object.wait(Native Method)
        at app//org.apache.hadoop.ipc.Client$Connection.waitForWork(Client.java:1026)
        at app//org.apache.hadoop.ipc.Client$Connection.run(Client.java:1077)
"IPC Client (1268635527) connection to 0.0.0.0/0.0.0.0:15000 from runner" daemon prio=5 tid=1051 runnable
java.lang.Thread.State: RUNNABLE
        at java.base@17.0.12/java.lang.Object.wait(Native Method)
        at app//org.apache.hadoop.ipc.Client$Connection.waitForWork(Client.java:1026)
        at app//org.apache.hadoop.ipc.Client$Connection.run(Client.java:1077)
"IPC Server handler 70 on default port 15002" daemon prio=5 tid=355 timed_waiting
java.lang.Thread.State: TIMED_WAITING
        at java.base@17.0.12/jdk.internal.misc.Unsafe.park(Native Method)
        at java.base@17.0.12/java.util.concurrent.locks.LockSupport.parkNanos(LockSupport.java:252)
        at java.base@17.0.12/java.util.concurrent.locks.AbstractQueuedSynchronizer$ConditionObject.awaitNanos(AbstractQueuedSynchronizer.java:1674)
        at java.base@17.0.12/java.util.concurrent.LinkedBlockingQueue.poll(LinkedBlockingQueue.java:460)
        at app//org.apache.hadoop.ipc.CallQueueManager.take(CallQueueManager.java:317)
        at app//org.apache.hadoop.ipc.Server$Handler.run(Server.java:3014)
"IPC Server Responder" daemon prio=5 tid=58 runnable
java.lang.Thread.State: RUNNABLE
        at java.base@17.0.12/sun.nio.ch.EPoll.wait(Native Method)
        at java.base@17.0.12/sun.nio.ch.EPollSelectorImpl.doSelect(EPollSelectorImpl.java:118)
        at java.base@17.0.12/sun.nio.ch.SelectorImpl.lockAndDoSelect(SelectorImpl.java:129)
        at java.base@17.0.12/sun.nio.ch.SelectorImpl.select(SelectorImpl.java:141)
        at app//org.apache.hadoop.ipc.Server$Responder.doRunLoop(Server.java:1582)
        at app//org.apache.hadoop.ipc.Server$Responder.run(Server.java:1565)
"IPC Server handler 42 on default port 15009" daemon prio=5 tid=561 timed_waiting
java.lang.Thread.State: TIMED_WAITING
        at java.base@17.0.12/jdk.internal.misc.Unsafe.park(Native Method)
        at java.base@17.0.12/java.util.concurrent.locks.LockSupport.parkNanos(LockSupport.java:252)
        at java.base@17.0.12/java.util.concurrent.locks.AbstractQueuedSynchronizer$ConditionObject.awaitNanos(AbstractQueuedSynchronizer.java:1674)
        at java.base@17.0.12/java.util.concurrent.LinkedBlockingQueue.poll(LinkedBlockingQueue.java:460)
        at app//org.apache.hadoop.ipc.CallQueueManager.take(CallQueueManager.java:317)
        at app//org.apache.hadoop.ipc.Server$Handler.run(Server.java:3014)
"IPC Parameter Sending Thread for 0.0.0.0/0.0.0.0:15009" daemon prio=5 tid=816 timed_waiting
java.lang.Thread.State: TIMED_WAITING
        at java.base@17.0.12/jdk.internal.misc.Unsafe.park(Native Method)
        at java.base@17.0.12/java.util.concurrent.locks.LockSupport.parkNanos(LockSupport.java:252)
        at java.base@17.0.12/java.util.concurrent.SynchronousQueue$TransferQueue.transfer(SynchronousQueue.java:704)
        at java.base@17.0.12/java.util.concurrent.SynchronousQueue.poll(SynchronousQueue.java:903)
        at app//org.apache.hadoop.ipc.Client$Connection$RpcRequestSender.run(Client.java:1105)
        at java.base@17.0.12/java.lang.Thread.run(Thread.java:840)
"IPC Server handler 68 on default port 15009" daemon prio=5 tid=587 timed_waiting
java.lang.Thread.State: TIMED_WAITING
        at java.base@17.0.12/jdk.internal.misc.Unsafe.park(Native Method)
        at java.base@17.0.12/java.util.concurrent.locks.LockSupport.parkNanos(LockSupport.java:252)
        at java.base@17.0.12/java.util.concurrent.locks.AbstractQueuedSynchronizer$ConditionObject.awaitNanos(AbstractQueuedSynchronizer.java:1674)
        at java.base@17.0.12/java.util.concurrent.LinkedBlockingQueue.poll(LinkedBlockingQueue.java:460)
        at app//org.apache.hadoop.ipc.CallQueueManager.take(CallQueueManager.java:317)
        at app//org.apache.hadoop.ipc.Server$Handler.run(Server.java:3014)
"IPC Server handler 61 on default port 15000" daemon prio=5 tid=146 timed_waiting
java.lang.Thread.State: TIMED_WAITING
        at java.base@17.0.12/jdk.internal.misc.Unsafe.park(Native Method)
        at java.base@17.0.12/java.util.concurrent.locks.LockSupport.parkNanos(LockSupport.java:252)
        at java.base@17.0.12/java.util.concurrent.locks.AbstractQueuedSynchronizer$ConditionObject.awaitNanos(AbstractQueuedSynchronizer.java:1674)
        at java.base@17.0.12/java.util.concurrent.LinkedBlockingQueue.poll(LinkedBlockingQueue.java:460)
        at app//org.apache.hadoop.ipc.CallQueueManager.take(CallQueueManager.java:317)
        at app//org.apache.hadoop.ipc.Server$Handler.run(Server.java:3014)
"Socket Reader #2 for port 15000"  prio=5 tid=62 runnable
java.lang.Thread.State: RUNNABLE
        at java.base@17.0.12/sun.nio.ch.EPoll.wait(Native Method)
        at java.base@17.0.12/sun.nio.ch.EPollSelectorImpl.doSelect(EPollSelectorImpl.java:118)
        at java.base@17.0.12/sun.nio.ch.SelectorImpl.lockAndDoSelect(SelectorImpl.java:129)
        at java.base@17.0.12/sun.nio.ch.SelectorImpl.select(SelectorImpl.java:146)
        at app//org.apache.hadoop.ipc.Server$Listener$Reader.doRunLoop(Server.java:1346)
        at app//org.apache.hadoop.ipc.Server$Listener$Reader.run(Server.java:1325)
"IPC Server handler 20 on default port 15000" daemon prio=5 tid=105 timed_waiting
java.lang.Thread.State: TIMED_WAITING
        at java.base@17.0.12/jdk.internal.misc.Unsafe.park(Native Method)
        at java.base@17.0.12/java.util.concurrent.locks.LockSupport.parkNanos(LockSupport.java:252)
        at java.base@17.0.12/java.util.concurrent.locks.AbstractQueuedSynchronizer$ConditionObject.awaitNanos(AbstractQueuedSynchronizer.java:1674)
        at java.base@17.0.12/java.util.concurrent.LinkedBlockingQueue.poll(LinkedBlockingQueue.java:460)
        at app//org.apache.hadoop.ipc.CallQueueManager.take(CallQueueManager.java:317)
        at app//org.apache.hadoop.ipc.Server$Handler.run(Server.java:3014)
"44ff6b06-02d2-44ad-8aa1-4af94363565f@group-D91AC16046A8-SegmentedRaftLogWorker" daemon prio=5 tid=969 timed_waiting
java.lang.Thread.State: TIMED_WAITING
        at java.base@17.0.12/jdk.internal.misc.Unsafe.park(Native Method)
        at java.base@17.0.12/java.util.concurrent.locks.LockSupport.parkNanos(LockSupport.java:252)
        at java.base@17.0.12/java.util.concurrent.locks.AbstractQueuedSynchronizer$ConditionObject.awaitNanos(AbstractQueuedSynchronizer.java:1674)
        at app//org.apache.ratis.util.DataBlockingQueue.poll(DataBlockingQueue.java:148)
        at app//org.apache.ratis.server.raftlog.segmented.SegmentedRaftLogWorker.run(SegmentedRaftLogWorker.java:306)
        at app//org.apache.ratis.server.raftlog.segmented.SegmentedRaftLogWorker$$Lambda$1170/0x00007fa908729a20.run(Unknown Source)
        at java.base@17.0.12/java.util.concurrent.Executors$RunnableAdapter.call(Executors.java:539)
        at java.base@17.0.12/java.util.concurrent.FutureTask.run(FutureTask.java:264)
        at java.base@17.0.12/java.util.concurrent.ThreadPoolExecutor.runWorker(ThreadPoolExecutor.java:1136)
        at java.base@17.0.12/java.util.concurrent.ThreadPoolExecutor$Worker.run(ThreadPoolExecutor.java:635)
        at java.base@17.0.12/java.lang.Thread.run(Thread.java:840)
"grpc-default-executor-3" daemon prio=5 tid=991 timed_waiting
java.lang.Thread.State: TIMED_WAITING
        at java.base@17.0.12/jdk.internal.misc.Unsafe.park(Native Method)
        at java.base@17.0.12/java.util.concurrent.locks.LockSupport.parkNanos(LockSupport.java:252)
        at java.base@17.0.12/java.util.concurrent.SynchronousQueue$TransferStack.transfer(SynchronousQueue.java:401)
        at java.base@17.0.12/java.util.concurrent.SynchronousQueue.poll(SynchronousQueue.java:903)
        at java.base@17.0.12/java.util.concurrent.ThreadPoolExecutor.getTask(ThreadPoolExecutor.java:1061)
        at java.base@17.0.12/java.util.concurrent.ThreadPoolExecutor.runWorker(ThreadPoolExecutor.java:1122)
        at java.base@17.0.12/java.util.concurrent.ThreadPoolExecutor$Worker.run(ThreadPoolExecutor.java:635)
        at java.base@17.0.12/java.lang.Thread.run(Thread.java:840)
"IPC Server handler 43 on default port 15002" daemon prio=5 tid=328 timed_waiting
java.lang.Thread.State: TIMED_WAITING
        at java.base@17.0.12/jdk.internal.misc.Unsafe.park(Native Method)
        at java.base@17.0.12/java.util.concurrent.locks.LockSupport.parkNanos(LockSupport.java:252)
        at java.base@17.0.12/java.util.concurrent.locks.AbstractQueuedSynchronizer$ConditionObject.awaitNanos(AbstractQueuedSynchronizer.java:1674)
        at java.base@17.0.12/java.util.concurrent.LinkedBlockingQueue.poll(LinkedBlockingQueue.java:460)
        at app//org.apache.hadoop.ipc.CallQueueManager.take(CallQueueManager.java:317)
        at app//org.apache.hadoop.ipc.Server$Handler.run(Server.java:3014)
"IPC Server handler 50 on default port 15009" daemon prio=5 tid=569 timed_waiting
java.lang.Thread.State: TIMED_WAITING
        at java.base@17.0.12/jdk.internal.misc.Unsafe.park(Native Method)
        at java.base@17.0.12/java.util.concurrent.locks.LockSupport.parkNanos(LockSupport.java:252)
        at java.base@17.0.12/java.util.concurrent.locks.AbstractQueuedSynchronizer$ConditionObject.awaitNanos(AbstractQueuedSynchronizer.java:1674)
        at java.base@17.0.12/java.util.concurrent.LinkedBlockingQueue.poll(LinkedBlockingQueue.java:460)
        at app//org.apache.hadoop.ipc.CallQueueManager.take(CallQueueManager.java:317)
        at app//org.apache.hadoop.ipc.Server$Handler.run(Server.java:3014)
"qtp1756926561-685" daemon prio=5 tid=685 timed_waiting
java.lang.Thread.State: TIMED_WAITING
        at java.base@17.0.12/jdk.internal.misc.Unsafe.park(Native Method)
        at java.base@17.0.12/java.util.concurrent.locks.LockSupport.parkNanos(LockSupport.java:252)
        at java.base@17.0.12/java.util.concurrent.locks.AbstractQueuedSynchronizer$ConditionObject.awaitNanos(AbstractQueuedSynchronizer.java:1674)
        at app//org.eclipse.jetty.util.BlockingArrayQueue.poll(BlockingArrayQueue.java:382)
        at app//org.eclipse.jetty.util.thread.QueuedThreadPool$Runner.idleJobPoll(QueuedThreadPool.java:974)
        at app//org.eclipse.jetty.util.thread.QueuedThreadPool$Runner.run(QueuedThreadPool.java:1018)
        at java.base@17.0.12/java.lang.Thread.run(Thread.java:840)
"44ff6b06-02d2-44ad-8aa1-4af94363565f@group-C41EF94B1934-cacheEviction-AwaitToRun" daemon prio=5 tid=922 in Object.wait()
java.lang.Thread.State: WAITING (on object monitor)
        at java.base@17.0.12/jdk.internal.misc.Unsafe.park(Native Method)
        at java.base@17.0.12/java.util.concurrent.locks.LockSupport.park(LockSupport.java:341)
        at java.base@17.0.12/java.util.concurrent.locks.AbstractQueuedSynchronizer$ConditionNode.block(AbstractQueuedSynchronizer.java:506)
        at java.base@17.0.12/java.util.concurrent.ForkJoinPool.unmanagedBlock(ForkJoinPool.java:3465)
        at java.base@17.0.12/java.util.concurrent.ForkJoinPool.managedBlock(ForkJoinPool.java:3436)
        at java.base@17.0.12/java.util.concurrent.locks.AbstractQueuedSynchronizer$ConditionObject.await(AbstractQueuedSynchronizer.java:1625)
        at app//org.apache.ratis.util.AwaitForSignal.await(AwaitForSignal.java:48)
        at app//org.apache.ratis.util.AwaitToRun$RunnableImpl.run(AwaitToRun.java:47)
        at java.base@17.0.12/java.lang.Thread.run(Thread.java:840)
"IPC Server handler 76 on default port 15002" daemon prio=5 tid=361 timed_waiting
java.lang.Thread.State: TIMED_WAITING
        at java.base@17.0.12/jdk.internal.misc.Unsafe.park(Native Method)
        at java.base@17.0.12/java.util.concurrent.locks.LockSupport.parkNanos(LockSupport.java:252)
        at java.base@17.0.12/java.util.concurrent.locks.AbstractQueuedSynchronizer$ConditionObject.awaitNanos(AbstractQueuedSynchronizer.java:1674)
        at java.base@17.0.12/java.util.concurrent.LinkedBlockingQueue.poll(LinkedBlockingQueue.java:460)
        at app//org.apache.hadoop.ipc.CallQueueManager.take(CallQueueManager.java:317)
        at app//org.apache.hadoop.ipc.Server$Handler.run(Server.java:3014)
"731aafee-c06b-4662-9d20-472061f2d46e-server-thread2" daemon prio=5 tid=1020 timed_waiting
java.lang.Thread.State: TIMED_WAITING
        at java.base@17.0.12/jdk.internal.misc.Unsafe.park(Native Method)
        at java.base@17.0.12/java.util.concurrent.locks.LockSupport.parkNanos(LockSupport.java:252)
        at java.base@17.0.12/java.util.concurrent.SynchronousQueue$TransferStack.transfer(SynchronousQueue.java:401)
        at java.base@17.0.12/java.util.concurrent.SynchronousQueue.poll(SynchronousQueue.java:903)
        at java.base@17.0.12/java.util.concurrent.ThreadPoolExecutor.getTask(ThreadPoolExecutor.java:1061)
        at java.base@17.0.12/java.util.concurrent.ThreadPoolExecutor.runWorker(ThreadPoolExecutor.java:1122)
        at java.base@17.0.12/java.util.concurrent.ThreadPoolExecutor$Worker.run(ThreadPoolExecutor.java:635)
        at java.base@17.0.12/java.lang.Thread.run(Thread.java:840)
"IPC Server handler 84 on default port 15002" daemon prio=5 tid=369 timed_waiting
java.lang.Thread.State: TIMED_WAITING
        at java.base@17.0.12/jdk.internal.misc.Unsafe.park(Native Method)
        at java.base@17.0.12/java.util.concurrent.locks.LockSupport.parkNanos(LockSupport.java:252)
        at java.base@17.0.12/java.util.concurrent.locks.AbstractQueuedSynchronizer$ConditionObject.awaitNanos(AbstractQueuedSynchronizer.java:1674)
        at java.base@17.0.12/java.util.concurrent.LinkedBlockingQueue.poll(LinkedBlockingQueue.java:460)
        at app//org.apache.hadoop.ipc.CallQueueManager.take(CallQueueManager.java:317)
        at app//org.apache.hadoop.ipc.Server$Handler.run(Server.java:3014)
"IPC Server handler 22 on default port 15000" daemon prio=5 tid=107 timed_waiting
java.lang.Thread.State: TIMED_WAITING
        at java.base@17.0.12/jdk.internal.misc.Unsafe.park(Native Method)
        at java.base@17.0.12/java.util.concurrent.locks.LockSupport.parkNanos(LockSupport.java:252)
        at java.base@17.0.12/java.util.concurrent.locks.AbstractQueuedSynchronizer$ConditionObject.awaitNanos(AbstractQueuedSynchronizer.java:1674)
        at java.base@17.0.12/java.util.concurrent.LinkedBlockingQueue.poll(LinkedBlockingQueue.java:460)
        at app//org.apache.hadoop.ipc.CallQueueManager.take(CallQueueManager.java:317)
        at app//org.apache.hadoop.ipc.Server$Handler.run(Server.java:3014)
"Socket Reader #4 for port 15004"  prio=5 tid=415 runnable
java.lang.Thread.State: RUNNABLE
        at java.base@17.0.12/sun.nio.ch.EPoll.wait(Native Method)
        at java.base@17.0.12/sun.nio.ch.EPollSelectorImpl.doSelect(EPollSelectorImpl.java:118)
        at java.base@17.0.12/sun.nio.ch.SelectorImpl.lockAndDoSelect(SelectorImpl.java:129)
        at java.base@17.0.12/sun.nio.ch.SelectorImpl.select(SelectorImpl.java:146)
        at app//org.apache.hadoop.ipc.Server$Listener$Reader.doRunLoop(Server.java:1346)
        at app//org.apache.hadoop.ipc.Server$Listener$Reader.run(Server.java:1325)
"Socket Reader #3 for port 15030"  prio=5 tid=736 runnable
java.lang.Thread.State: RUNNABLE
        at java.base@17.0.12/sun.nio.ch.EPoll.wait(Native Method)
        at java.base@17.0.12/sun.nio.ch.EPollSelectorImpl.doSelect(EPollSelectorImpl.java:118)
        at java.base@17.0.12/sun.nio.ch.SelectorImpl.lockAndDoSelect(SelectorImpl.java:129)
        at java.base@17.0.12/sun.nio.ch.SelectorImpl.select(SelectorImpl.java:146)
        at app//org.apache.hadoop.ipc.Server$Listener$Reader.doRunLoop(Server.java:1346)
        at app//org.apache.hadoop.ipc.Server$Listener$Reader.run(Server.java:1325)
"731aafee-c06b-4662-9d20-472061f2d46e@group-83D748725593-cacheEviction-AwaitToRun" daemon prio=5 tid=940 in Object.wait()
java.lang.Thread.State: WAITING (on object monitor)
        at java.base@17.0.12/jdk.internal.misc.Unsafe.park(Native Method)
        at java.base@17.0.12/java.util.concurrent.locks.LockSupport.park(LockSupport.java:341)
        at java.base@17.0.12/java.util.concurrent.locks.AbstractQueuedSynchronizer$ConditionNode.block(AbstractQueuedSynchronizer.java:506)
        at java.base@17.0.12/java.util.concurrent.ForkJoinPool.unmanagedBlock(ForkJoinPool.java:3465)
        at java.base@17.0.12/java.util.concurrent.ForkJoinPool.managedBlock(ForkJoinPool.java:3436)
        at java.base@17.0.12/java.util.concurrent.locks.AbstractQueuedSynchronizer$ConditionObject.await(AbstractQueuedSynchronizer.java:1625)
        at app//org.apache.ratis.util.AwaitForSignal.await(AwaitForSignal.java:48)
        at app//org.apache.ratis.util.AwaitToRun$RunnableImpl.run(AwaitToRun.java:47)
        at java.base@17.0.12/java.lang.Thread.run(Thread.java:840)
"IPC Server handler 90 on default port 15000" daemon prio=5 tid=175 timed_waiting
java.lang.Thread.State: TIMED_WAITING
        at java.base@17.0.12/jdk.internal.misc.Unsafe.park(Native Method)
        at java.base@17.0.12/java.util.concurrent.locks.LockSupport.parkNanos(LockSupport.java:252)
        at java.base@17.0.12/java.util.concurrent.locks.AbstractQueuedSynchronizer$ConditionObject.awaitNanos(AbstractQueuedSynchronizer.java:1674)
        at java.base@17.0.12/java.util.concurrent.LinkedBlockingQueue.poll(LinkedBlockingQueue.java:460)
        at app//org.apache.hadoop.ipc.CallQueueManager.take(CallQueueManager.java:317)
        at app//org.apache.hadoop.ipc.Server$Handler.run(Server.java:3014)
"IPC Server handler 77 on default port 15009" daemon prio=5 tid=596 timed_waiting
java.lang.Thread.State: TIMED_WAITING
        at java.base@17.0.12/jdk.internal.misc.Unsafe.park(Native Method)
        at java.base@17.0.12/java.util.concurrent.locks.LockSupport.parkNanos(LockSupport.java:252)
        at java.base@17.0.12/java.util.concurrent.locks.AbstractQueuedSynchronizer$ConditionObject.awaitNanos(AbstractQueuedSynchronizer.java:1674)
        at java.base@17.0.12/java.util.concurrent.LinkedBlockingQueue.poll(LinkedBlockingQueue.java:460)
        at app//org.apache.hadoop.ipc.CallQueueManager.take(CallQueueManager.java:317)
        at app//org.apache.hadoop.ipc.Server$Handler.run(Server.java:3014)
"IPC Server handler 92 on default port 15001" daemon prio=5 tid=277 timed_waiting
java.lang.Thread.State: TIMED_WAITING
        at java.base@17.0.12/jdk.internal.misc.Unsafe.park(Native Method)
        at java.base@17.0.12/java.util.concurrent.locks.LockSupport.parkNanos(LockSupport.java:252)
        at java.base@17.0.12/java.util.concurrent.locks.AbstractQueuedSynchronizer$ConditionObject.awaitNanos(AbstractQueuedSynchronizer.java:1674)
        at java.base@17.0.12/java.util.concurrent.LinkedBlockingQueue.poll(LinkedBlockingQueue.java:460)
        at app//org.apache.hadoop.ipc.CallQueueManager.take(CallQueueManager.java:317)
        at app//org.apache.hadoop.ipc.Server$Handler.run(Server.java:3014)
"Socket Reader #5 for port 15002"  prio=5 tid=37 runnable
java.lang.Thread.State: RUNNABLE
        at java.base@17.0.12/sun.nio.ch.EPoll.wait(Native Method)
        at java.base@17.0.12/sun.nio.ch.EPollSelectorImpl.doSelect(EPollSelectorImpl.java:118)
        at java.base@17.0.12/sun.nio.ch.SelectorImpl.lockAndDoSelect(SelectorImpl.java:129)
        at java.base@17.0.12/sun.nio.ch.SelectorImpl.select(SelectorImpl.java:146)
        at app//org.apache.hadoop.ipc.Server$Listener$Reader.doRunLoop(Server.java:1346)
        at app//org.apache.hadoop.ipc.Server$Listener$Reader.run(Server.java:1325)
"44ff6b06-02d2-44ad-8aa1-4af94363565f-PipelineCommandHandlerThread-0"  prio=5 tid=967 in Object.wait()
java.lang.Thread.State: WAITING (on object monitor)
        at java.base@17.0.12/jdk.internal.misc.Unsafe.park(Native Method)
        at java.base@17.0.12/java.util.concurrent.locks.LockSupport.park(LockSupport.java:341)
        at java.base@17.0.12/java.util.concurrent.locks.AbstractQueuedSynchronizer$ConditionNode.block(AbstractQueuedSynchronizer.java:506)
        at java.base@17.0.12/java.util.concurrent.ForkJoinPool.unmanagedBlock(ForkJoinPool.java:3465)
        at java.base@17.0.12/java.util.concurrent.ForkJoinPool.managedBlock(ForkJoinPool.java:3436)
        at java.base@17.0.12/java.util.concurrent.locks.AbstractQueuedSynchronizer$ConditionObject.await(AbstractQueuedSynchronizer.java:1625)
        at java.base@17.0.12/java.util.concurrent.LinkedBlockingQueue.take(LinkedBlockingQueue.java:435)
        at java.base@17.0.12/java.util.concurrent.ThreadPoolExecutor.getTask(ThreadPoolExecutor.java:1062)
        at java.base@17.0.12/java.util.concurrent.ThreadPoolExecutor.runWorker(ThreadPoolExecutor.java:1122)
        at java.base@17.0.12/java.util.concurrent.ThreadPoolExecutor$Worker.run(ThreadPoolExecutor.java:635)
        at java.base@17.0.12/java.lang.Thread.run(Thread.java:840)
"timer6" daemon prio=5 tid=1022 timed_waiting
java.lang.Thread.State: TIMED_WAITING
        at java.base@17.0.12/java.lang.Object.wait(Native Method)
        at java.base@17.0.12/java.util.TimerThread.mainLoop(Timer.java:563)
        at java.base@17.0.12/java.util.TimerThread.run(Timer.java:516)
"731aafee-c06b-4662-9d20-472061f2d46e-CommandProcessorThread" daemon prio=5 tid=670 timed_waiting
java.lang.Thread.State: TIMED_WAITING
        at java.base@17.0.12/java.lang.Thread.sleep(Native Method)
        at app//org.apache.hadoop.ozone.container.common.statemachine.DatanodeStateMachine.lambda$initCommandHandlerThread$4(DatanodeStateMachine.java:670)
        at app//org.apache.hadoop.ozone.container.common.statemachine.DatanodeStateMachine$$Lambda$1698/0x00007fa908d75e98.run(Unknown Source)
        at java.base@17.0.12/java.lang.Thread.run(Thread.java:840)
"731aafee-c06b-4662-9d20-472061f2d46e@group-C41EF94B1934-cacheEviction-AwaitToRun" daemon prio=5 tid=906 in Object.wait()
java.lang.Thread.State: WAITING (on object monitor)
        at java.base@17.0.12/jdk.internal.misc.Unsafe.park(Native Method)
        at java.base@17.0.12/java.util.concurrent.locks.LockSupport.park(LockSupport.java:341)
        at java.base@17.0.12/java.util.concurrent.locks.AbstractQueuedSynchronizer$ConditionNode.block(AbstractQueuedSynchronizer.java:506)
        at java.base@17.0.12/java.util.concurrent.ForkJoinPool.unmanagedBlock(ForkJoinPool.java:3465)
        at java.base@17.0.12/java.util.concurrent.ForkJoinPool.managedBlock(ForkJoinPool.java:3436)
        at java.base@17.0.12/java.util.concurrent.locks.AbstractQueuedSynchronizer$ConditionObject.await(AbstractQueuedSynchronizer.java:1625)
        at app//org.apache.ratis.util.AwaitForSignal.await(AwaitForSignal.java:48)
        at app//org.apache.ratis.util.AwaitToRun$RunnableImpl.run(AwaitToRun.java:47)
        at java.base@17.0.12/java.lang.Thread.run(Thread.java:840)
"org.apache.hadoop.ozone.container.common.statemachine.commandhandler.DeleteBlocksCommandHandler$DeleteCmdWorker@78bb3a31" daemon prio=5 tid=630 timed_waiting
java.lang.Thread.State: TIMED_WAITING
        at java.base@17.0.12/java.lang.Thread.sleep(Native Method)
        at app//org.apache.hadoop.ozone.container.common.statemachine.commandhandler.DeleteBlocksCommandHandler$DeleteCmdWorker.run(DeleteBlocksCommandHandler.java:264)
        at java.base@17.0.12/java.lang.Thread.run(Thread.java:840)
"derby.rawStoreDaemon" daemon prio=5 tid=477 timed_waiting
java.lang.Thread.State: TIMED_WAITING
        at java.base@17.0.12/java.lang.Object.wait(Native Method)
        at app//org.apache.derby.impl.services.daemon.BasicDaemon.rest(Unknown Source)
        at app//org.apache.derby.impl.services.daemon.BasicDaemon.run(Unknown Source)
        at java.base@17.0.12/java.lang.Thread.run(Thread.java:840)
"43b7afd8-9e19-4b34-aad7-81b8e915bbb6-DatanodeStateMachineTaskThread-0"  prio=5 tid=717 in Object.wait()
java.lang.Thread.State: WAITING (on object monitor)
        at java.base@17.0.12/jdk.internal.misc.Unsafe.park(Native Method)
        at java.base@17.0.12/java.util.concurrent.locks.LockSupport.park(LockSupport.java:341)
        at java.base@17.0.12/java.util.concurrent.locks.AbstractQueuedSynchronizer$ConditionNode.block(AbstractQueuedSynchronizer.java:506)
        at java.base@17.0.12/java.util.concurrent.ForkJoinPool.unmanagedBlock(ForkJoinPool.java:3465)
        at java.base@17.0.12/java.util.concurrent.ForkJoinPool.managedBlock(ForkJoinPool.java:3436)
        at java.base@17.0.12/java.util.concurrent.locks.AbstractQueuedSynchronizer$ConditionObject.await(AbstractQueuedSynchronizer.java:1625)
        at java.base@17.0.12/java.util.concurrent.LinkedBlockingQueue.take(LinkedBlockingQueue.java:435)
        at java.base@17.0.12/java.util.concurrent.ThreadPoolExecutor.getTask(ThreadPoolExecutor.java:1062)
        at java.base@17.0.12/java.util.concurrent.ThreadPoolExecutor.runWorker(ThreadPoolExecutor.java:1122)
        at java.base@17.0.12/java.util.concurrent.ThreadPoolExecutor$Worker.run(ThreadPoolExecutor.java:635)
        at java.base@17.0.12/java.lang.Thread.run(Thread.java:840)
"grpc-default-boss-ELG-1-1" daemon prio=5 tid=430 runnable
java.lang.Thread.State: RUNNABLE
        at app//org.apache.ratis.thirdparty.io.netty.channel.epoll.Native.epollWait(Native Method)
        at app//org.apache.ratis.thirdparty.io.netty.channel.epoll.Native.epollWait(Native.java:220)
        at app//org.apache.ratis.thirdparty.io.netty.channel.epoll.Native.epollWait(Native.java:213)
        at app//org.apache.ratis.thirdparty.io.netty.channel.epoll.EpollEventLoop.epollWaitNoTimerChange(EpollEventLoop.java:308)
        at app//org.apache.ratis.thirdparty.io.netty.channel.epoll.EpollEventLoop.run(EpollEventLoop.java:365)
        at app//org.apache.ratis.thirdparty.io.netty.util.concurrent.SingleThreadEventExecutor$4.run(SingleThreadEventExecutor.java:997)
        at app//org.apache.ratis.thirdparty.io.netty.util.internal.ThreadExecutorMap$2.run(ThreadExecutorMap.java:74)
        at app//org.apache.ratis.thirdparty.io.netty.util.concurrent.FastThreadLocalRunnable.run(FastThreadLocalRunnable.java:30)
        at java.base@17.0.12/java.lang.Thread.run(Thread.java:840)
"IPC Parameter Sending Thread for 0.0.0.0/0.0.0.0:15002" daemon prio=5 tid=814 timed_waiting
java.lang.Thread.State: TIMED_WAITING
        at java.base@17.0.12/jdk.internal.misc.Unsafe.park(Native Method)
        at java.base@17.0.12/java.util.concurrent.locks.LockSupport.parkNanos(LockSupport.java:252)
        at java.base@17.0.12/java.util.concurrent.SynchronousQueue$TransferQueue.transfer(SynchronousQueue.java:704)
        at java.base@17.0.12/java.util.concurrent.SynchronousQueue.poll(SynchronousQueue.java:903)
        at app//org.apache.hadoop.ipc.Client$Connection$RpcRequestSender.run(Client.java:1105)
        at java.base@17.0.12/java.lang.Thread.run(Thread.java:840)
"IPC Server handler 1 on default port 15004" daemon prio=5 tid=453 timed_waiting
java.lang.Thread.State: TIMED_WAITING
        at java.base@17.0.12/jdk.internal.misc.Unsafe.park(Native Method)
        at java.base@17.0.12/java.util.concurrent.locks.LockSupport.parkNanos(LockSupport.java:252)
        at java.base@17.0.12/java.util.concurrent.locks.AbstractQueuedSynchronizer$ConditionObject.awaitNanos(AbstractQueuedSynchronizer.java:1674)
        at java.base@17.0.12/java.util.concurrent.LinkedBlockingQueue.poll(LinkedBlockingQueue.java:460)
        at app//org.apache.hadoop.ipc.CallQueueManager.take(CallQueueManager.java:317)
        at app//org.apache.hadoop.ipc.Server$Handler.run(Server.java:3014)
"Recon-FixedThreadPoolWithAffinityExecutor-6-0" daemon prio=5 tid=502 timed_waiting
java.lang.Thread.State: TIMED_WAITING
        at java.base@17.0.12/jdk.internal.misc.Unsafe.park(Native Method)
        at java.base@17.0.12/java.util.concurrent.locks.LockSupport.parkNanos(LockSupport.java:252)
        at java.base@17.0.12/java.util.concurrent.locks.AbstractQueuedSynchronizer$ConditionObject.awaitNanos(AbstractQueuedSynchronizer.java:1674)
        at java.base@17.0.12/java.util.concurrent.LinkedBlockingQueue.poll(LinkedBlockingQueue.java:460)
        at app//org.apache.hadoop.hdds.scm.server.ContainerReportQueue.poll(ContainerReportQueue.java:269)
        at app//org.apache.hadoop.hdds.scm.server.ContainerReportQueue.poll(ContainerReportQueue.java:42)
        at app//org.apache.hadoop.hdds.server.events.FixedThreadPoolWithAffinityExecutor$ContainerReportProcessTask.run(FixedThreadPoolWithAffinityExecutor.java:253)
        at java.base@17.0.12/java.util.concurrent.Executors$RunnableAdapter.call(Executors.java:539)
        at java.base@17.0.12/java.util.concurrent.FutureTask.run(FutureTask.java:264)
        at java.base@17.0.12/java.util.concurrent.ThreadPoolExecutor.runWorker(ThreadPoolExecutor.java:1136)
        at java.base@17.0.12/java.util.concurrent.ThreadPoolExecutor$Worker.run(ThreadPoolExecutor.java:635)
        at java.base@17.0.12/java.lang.Thread.run(Thread.java:840)
"IPC Server handler 2 on default port 15021" daemon prio=5 tid=703 timed_waiting
java.lang.Thread.State: TIMED_WAITING
        at java.base@17.0.12/jdk.internal.misc.Unsafe.park(Native Method)
        at java.base@17.0.12/java.util.concurrent.locks.LockSupport.parkNanos(LockSupport.java:252)
        at java.base@17.0.12/java.util.concurrent.locks.AbstractQueuedSynchronizer$ConditionObject.awaitNanos(AbstractQueuedSynchronizer.java:1674)
        at java.base@17.0.12/java.util.concurrent.LinkedBlockingQueue.poll(LinkedBlockingQueue.java:460)
        at app//org.apache.hadoop.ipc.CallQueueManager.take(CallQueueManager.java:317)
        at app//org.apache.hadoop.ipc.Server$Handler.run(Server.java:3014)
"qtp1438151538-726-acceptor-0@4bc78463-ServerConnector@3a1b07d{HTTP/1.1, (http/1.1)}{0.0.0.0:15029}" daemon prio=3 tid=726 runnable
java.lang.Thread.State: RUNNABLE
        at java.base@17.0.12/sun.nio.ch.Net.accept(Native Method)
        at java.base@17.0.12/sun.nio.ch.ServerSocketChannelImpl.implAccept(ServerSocketChannelImpl.java:425)
        at java.base@17.0.12/sun.nio.ch.ServerSocketChannelImpl.accept(ServerSocketChannelImpl.java:391)
        at app//org.eclipse.jetty.server.ServerConnector.accept(ServerConnector.java:388)
        at app//org.eclipse.jetty.server.AbstractConnector$Acceptor.run(AbstractConnector.java:704)
        at app//org.eclipse.jetty.util.thread.QueuedThreadPool.runJob(QueuedThreadPool.java:883)
        at app//org.eclipse.jetty.util.thread.QueuedThreadPool$Runner.run(QueuedThreadPool.java:1034)
        at java.base@17.0.12/java.lang.Thread.run(Thread.java:840)
"ContainerDataScanner(/home/runner/work/ozone/ozone/hadoop-ozone/integration-test/target/test-dir/MiniOzoneClusterImpl-58399722-4c39-4f0d-a4d6-8a89216b262d/ozone-meta/datanode-1/data-0/hdds)" daemon prio=5 tid=822 timed_waiting
java.lang.Thread.State: TIMED_WAITING
        at java.base@17.0.12/java.lang.Thread.sleep(Native Method)
        at app//org.apache.hadoop.ozone.container.ozoneimpl.AbstractBackgroundContainerScanner.handleRemainingSleep(AbstractBackgroundContainerScanner.java:131)
        at app//org.apache.hadoop.ozone.container.ozoneimpl.AbstractBackgroundContainerScanner.runIteration(AbstractBackgroundContainerScanner.java:98)
        at app//org.apache.hadoop.ozone.container.ozoneimpl.AbstractBackgroundContainerScanner.run(AbstractBackgroundContainerScanner.java:57)
"IPC Server handler 46 on default port 15009" daemon prio=5 tid=565 timed_waiting
java.lang.Thread.State: TIMED_WAITING
        at java.base@17.0.12/jdk.internal.misc.Unsafe.park(Native Method)
        at java.base@17.0.12/java.util.concurrent.locks.LockSupport.parkNanos(LockSupport.java:252)
        at java.base@17.0.12/java.util.concurrent.locks.AbstractQueuedSynchronizer$ConditionObject.awaitNanos(AbstractQueuedSynchronizer.java:1674)
        at java.base@17.0.12/java.util.concurrent.LinkedBlockingQueue.poll(LinkedBlockingQueue.java:460)
        at app//org.apache.hadoop.ipc.CallQueueManager.take(CallQueueManager.java:317)
        at app//org.apache.hadoop.ipc.Server$Handler.run(Server.java:3014)
"JvmPauseMonitor2" daemon prio=5 tid=624 timed_waiting
java.lang.Thread.State: TIMED_WAITING
        at java.base@17.0.12/java.lang.Thread.sleep(Native Method)
        at java.base@17.0.12/java.lang.Thread.sleep(Thread.java:344)
        at java.base@17.0.12/java.util.concurrent.TimeUnit.sleep(TimeUnit.java:446)
        at app//org.apache.ratis.util.TimeDuration.sleep(TimeDuration.java:353)
        at app//org.apache.ratis.util.TimeDuration.sleep(TimeDuration.java:338)
        at app//org.apache.ratis.util.JvmPauseMonitor.detectPause(JvmPauseMonitor.java:160)
        at app//org.apache.ratis.util.JvmPauseMonitor.run(JvmPauseMonitor.java:149)
        at app//org.apache.ratis.util.JvmPauseMonitor$$Lambda$784/0x00007fa9084f6228.run(Unknown Source)
        at java.base@17.0.12/java.lang.Thread.run(Thread.java:840)
"IPC Server handler 61 on default port 15002" daemon prio=5 tid=346 timed_waiting
java.lang.Thread.State: TIMED_WAITING
        at java.base@17.0.12/jdk.internal.misc.Unsafe.park(Native Method)
        at java.base@17.0.12/java.util.concurrent.locks.LockSupport.parkNanos(LockSupport.java:252)
        at java.base@17.0.12/java.util.concurrent.locks.AbstractQueuedSynchronizer$ConditionObject.awaitNanos(AbstractQueuedSynchronizer.java:1674)
        at java.base@17.0.12/java.util.concurrent.LinkedBlockingQueue.poll(LinkedBlockingQueue.java:460)
        at app//org.apache.hadoop.ipc.CallQueueManager.take(CallQueueManager.java:317)
        at app//org.apache.hadoop.ipc.Server$Handler.run(Server.java:3014)
"CompactionDagPruningService" daemon prio=5 tid=401 timed_waiting
java.lang.Thread.State: TIMED_WAITING
        at java.base@17.0.12/jdk.internal.misc.Unsafe.park(Native Method)
        at java.base@17.0.12/java.util.concurrent.locks.LockSupport.parkNanos(LockSupport.java:252)
        at java.base@17.0.12/java.util.concurrent.locks.AbstractQueuedSynchronizer$ConditionObject.awaitNanos(AbstractQueuedSynchronizer.java:1674)
        at java.base@17.0.12/java.util.concurrent.ScheduledThreadPoolExecutor$DelayedWorkQueue.take(ScheduledThreadPoolExecutor.java:1182)
        at java.base@17.0.12/java.util.concurrent.ScheduledThreadPoolExecutor$DelayedWorkQueue.take(ScheduledThreadPoolExecutor.java:899)
        at java.base@17.0.12/java.util.concurrent.ThreadPoolExecutor.getTask(ThreadPoolExecutor.java:1062)
        at java.base@17.0.12/java.util.concurrent.ThreadPoolExecutor.runWorker(ThreadPoolExecutor.java:1122)
        at java.base@17.0.12/java.util.concurrent.ThreadPoolExecutor$Worker.run(ThreadPoolExecutor.java:635)
        at java.base@17.0.12/java.lang.Thread.run(Thread.java:840)
"grpc-default-executor-0" daemon prio=5 tid=911 timed_waiting
java.lang.Thread.State: TIMED_WAITING
        at java.base@17.0.12/jdk.internal.misc.Unsafe.park(Native Method)
        at java.base@17.0.12/java.util.concurrent.locks.LockSupport.parkNanos(LockSupport.java:252)
        at java.base@17.0.12/java.util.concurrent.SynchronousQueue$TransferStack.transfer(SynchronousQueue.java:401)
        at java.base@17.0.12/java.util.concurrent.SynchronousQueue.poll(SynchronousQueue.java:903)
        at java.base@17.0.12/java.util.concurrent.ThreadPoolExecutor.getTask(ThreadPoolExecutor.java:1061)
        at java.base@17.0.12/java.util.concurrent.ThreadPoolExecutor.runWorker(ThreadPoolExecutor.java:1122)
        at java.base@17.0.12/java.util.concurrent.ThreadPoolExecutor$Worker.run(ThreadPoolExecutor.java:635)
        at java.base@17.0.12/java.lang.Thread.run(Thread.java:840)
"43b7afd8-9e19-4b34-aad7-81b8e915bbb6-server-thread2" daemon prio=5 tid=1000 timed_waiting
java.lang.Thread.State: TIMED_WAITING
        at java.base@17.0.12/jdk.internal.misc.Unsafe.park(Native Method)
        at java.base@17.0.12/java.util.concurrent.locks.LockSupport.parkNanos(LockSupport.java:252)
        at java.base@17.0.12/java.util.concurrent.SynchronousQueue$TransferStack.transfer(SynchronousQueue.java:401)
        at java.base@17.0.12/java.util.concurrent.SynchronousQueue.poll(SynchronousQueue.java:903)
        at java.base@17.0.12/java.util.concurrent.ThreadPoolExecutor.getTask(ThreadPoolExecutor.java:1061)
        at java.base@17.0.12/java.util.concurrent.ThreadPoolExecutor.runWorker(ThreadPoolExecutor.java:1122)
        at java.base@17.0.12/java.util.concurrent.ThreadPoolExecutor$Worker.run(ThreadPoolExecutor.java:635)
        at java.base@17.0.12/java.lang.Thread.run(Thread.java:840)
"IPC Server handler 32 on default port 15000" daemon prio=5 tid=117 timed_waiting
java.lang.Thread.State: TIMED_WAITING
        at java.base@17.0.12/jdk.internal.misc.Unsafe.park(Native Method)
        at java.base@17.0.12/java.util.concurrent.locks.LockSupport.parkNanos(LockSupport.java:252)
        at java.base@17.0.12/java.util.concurrent.locks.AbstractQueuedSynchronizer$ConditionObject.awaitNanos(AbstractQueuedSynchronizer.java:1674)
        at java.base@17.0.12/java.util.concurrent.LinkedBlockingQueue.poll(LinkedBlockingQueue.java:460)
        at app//org.apache.hadoop.ipc.CallQueueManager.take(CallQueueManager.java:317)
        at app//org.apache.hadoop.ipc.Server$Handler.run(Server.java:3014)
"731aafee-c06b-4662-9d20-472061f2d46e@group-ADA0F752C078-SegmentedRaftLogWorker"  prio=5 tid=902 timed_waiting
java.lang.Thread.State: TIMED_WAITING
        at java.base@17.0.12/jdk.internal.misc.Unsafe.park(Native Method)
        at java.base@17.0.12/java.util.concurrent.locks.LockSupport.parkNanos(LockSupport.java:252)
        at java.base@17.0.12/java.util.concurrent.locks.AbstractQueuedSynchronizer$ConditionObject.awaitNanos(AbstractQueuedSynchronizer.java:1674)
        at app//org.apache.ratis.util.DataBlockingQueue.poll(DataBlockingQueue.java:148)
        at app//org.apache.ratis.server.raftlog.segmented.SegmentedRaftLogWorker.run(SegmentedRaftLogWorker.java:306)
        at app//org.apache.ratis.server.raftlog.segmented.SegmentedRaftLogWorker$$Lambda$1170/0x00007fa908729a20.run(Unknown Source)
        at java.base@17.0.12/java.util.concurrent.Executors$RunnableAdapter.call(Executors.java:539)
        at java.base@17.0.12/java.util.concurrent.FutureTask.run(FutureTask.java:264)
        at java.base@17.0.12/java.util.concurrent.ThreadPoolExecutor.runWorker(ThreadPoolExecutor.java:1136)
        at java.base@17.0.12/java.util.concurrent.ThreadPoolExecutor$Worker.run(ThreadPoolExecutor.java:635)
        at java.base@17.0.12/java.lang.Thread.run(Thread.java:840)
"IPC Server handler 41 on default port 15009" daemon prio=5 tid=560 timed_waiting
java.lang.Thread.State: TIMED_WAITING
        at java.base@17.0.12/jdk.internal.misc.Unsafe.park(Native Method)
        at java.base@17.0.12/java.util.concurrent.locks.LockSupport.parkNanos(LockSupport.java:252)
        at java.base@17.0.12/java.util.concurrent.locks.AbstractQueuedSynchronizer$ConditionObject.awaitNanos(AbstractQueuedSynchronizer.java:1674)
        at java.base@17.0.12/java.util.concurrent.LinkedBlockingQueue.poll(LinkedBlockingQueue.java:460)
        at app//org.apache.hadoop.ipc.CallQueueManager.take(CallQueueManager.java:317)
        at app//org.apache.hadoop.ipc.Server$Handler.run(Server.java:3014)
"IPC Server handler 54 on default port 15001" daemon prio=5 tid=239 timed_waiting
java.lang.Thread.State: TIMED_WAITING
        at java.base@17.0.12/jdk.internal.misc.Unsafe.park(Native Method)
        at java.base@17.0.12/java.util.concurrent.locks.LockSupport.parkNanos(LockSupport.java:252)
        at java.base@17.0.12/java.util.concurrent.locks.AbstractQueuedSynchronizer$ConditionObject.awaitNanos(AbstractQueuedSynchronizer.java:1674)
        at java.base@17.0.12/java.util.concurrent.LinkedBlockingQueue.poll(LinkedBlockingQueue.java:460)
        at app//org.apache.hadoop.ipc.CallQueueManager.take(CallQueueManager.java:317)
        at app//org.apache.hadoop.ipc.Server$Handler.run(Server.java:3014)
"Hadoop-Metrics-Updater-0" daemon prio=5 tid=700 timed_waiting
java.lang.Thread.State: TIMED_WAITING
        at java.base@17.0.12/jdk.internal.misc.Unsafe.park(Native Method)
        at java.base@17.0.12/java.util.concurrent.locks.LockSupport.parkNanos(LockSupport.java:252)
        at java.base@17.0.12/java.util.concurrent.locks.AbstractQueuedSynchronizer$ConditionObject.awaitNanos(AbstractQueuedSynchronizer.java:1674)
        at java.base@17.0.12/java.util.concurrent.ScheduledThreadPoolExecutor$DelayedWorkQueue.take(ScheduledThreadPoolExecutor.java:1182)
        at java.base@17.0.12/java.util.concurrent.ScheduledThreadPoolExecutor$DelayedWorkQueue.take(ScheduledThreadPoolExecutor.java:899)
        at java.base@17.0.12/java.util.concurrent.ThreadPoolExecutor.getTask(ThreadPoolExecutor.java:1062)
        at java.base@17.0.12/java.util.concurrent.ThreadPoolExecutor.runWorker(ThreadPoolExecutor.java:1122)
        at java.base@17.0.12/java.util.concurrent.ThreadPoolExecutor$Worker.run(ThreadPoolExecutor.java:635)
        at java.base@17.0.12/java.lang.Thread.run(Thread.java:840)
"43b7afd8-9e19-4b34-aad7-81b8e915bbb6@group-0615DF56F7B4-cacheEviction-AwaitToRun" daemon prio=5 tid=917 in Object.wait()
java.lang.Thread.State: WAITING (on object monitor)
        at java.base@17.0.12/jdk.internal.misc.Unsafe.park(Native Method)
        at java.base@17.0.12/java.util.concurrent.locks.LockSupport.park(LockSupport.java:341)
        at java.base@17.0.12/java.util.concurrent.locks.AbstractQueuedSynchronizer$ConditionNode.block(AbstractQueuedSynchronizer.java:506)
        at java.base@17.0.12/java.util.concurrent.ForkJoinPool.unmanagedBlock(ForkJoinPool.java:3465)
        at java.base@17.0.12/java.util.concurrent.ForkJoinPool.managedBlock(ForkJoinPool.java:3436)
        at java.base@17.0.12/java.util.concurrent.locks.AbstractQueuedSynchronizer$ConditionObject.await(AbstractQueuedSynchronizer.java:1625)
        at app//org.apache.ratis.util.AwaitForSignal.await(AwaitForSignal.java:48)
        at app//org.apache.ratis.util.AwaitToRun$RunnableImpl.run(AwaitToRun.java:47)
        at java.base@17.0.12/java.lang.Thread.run(Thread.java:840)
"qtp1756926561-684" daemon prio=5 tid=684 timed_waiting
java.lang.Thread.State: TIMED_WAITING
        at java.base@17.0.12/jdk.internal.misc.Unsafe.park(Native Method)
        at java.base@17.0.12/java.util.concurrent.locks.LockSupport.parkNanos(LockSupport.java:252)
        at java.base@17.0.12/java.util.concurrent.locks.AbstractQueuedSynchronizer$ConditionObject.awaitNanos(AbstractQueuedSynchronizer.java:1674)
        at app//org.eclipse.jetty.util.BlockingArrayQueue.poll(BlockingArrayQueue.java:382)
        at app//org.eclipse.jetty.util.thread.QueuedThreadPool$Runner.idleJobPoll(QueuedThreadPool.java:974)
        at app//org.eclipse.jetty.util.thread.QueuedThreadPool$Runner.run(QueuedThreadPool.java:1018)
        at java.base@17.0.12/java.lang.Thread.run(Thread.java:840)
"IPC Server handler 46 on default port 15001" daemon prio=5 tid=231 timed_waiting
java.lang.Thread.State: TIMED_WAITING
        at java.base@17.0.12/jdk.internal.misc.Unsafe.park(Native Method)
        at java.base@17.0.12/java.util.concurrent.locks.LockSupport.parkNanos(LockSupport.java:252)
        at java.base@17.0.12/java.util.concurrent.locks.AbstractQueuedSynchronizer$ConditionObject.awaitNanos(AbstractQueuedSynchronizer.java:1674)
        at java.base@17.0.12/java.util.concurrent.LinkedBlockingQueue.poll(LinkedBlockingQueue.java:460)
        at app//org.apache.hadoop.ipc.CallQueueManager.take(CallQueueManager.java:317)
        at app//org.apache.hadoop.ipc.Server$Handler.run(Server.java:3014)
"qtp884289676-633" daemon prio=5 tid=633 runnable
java.lang.Thread.State: RUNNABLE
        at java.base@17.0.12/sun.nio.ch.EPoll.wait(Native Method)
        at java.base@17.0.12/sun.nio.ch.EPollSelectorImpl.doSelect(EPollSelectorImpl.java:118)
        at java.base@17.0.12/sun.nio.ch.SelectorImpl.lockAndDoSelect(SelectorImpl.java:129)
        at java.base@17.0.12/sun.nio.ch.SelectorImpl.select(SelectorImpl.java:146)
        at app//org.eclipse.jetty.io.ManagedSelector.nioSelect(ManagedSelector.java:183)
        at app//org.eclipse.jetty.io.ManagedSelector.select(ManagedSelector.java:190)
        at app//org.eclipse.jetty.io.ManagedSelector$SelectorProducer.select(ManagedSelector.java:606)
        at app//org.eclipse.jetty.io.ManagedSelector$SelectorProducer.produce(ManagedSelector.java:543)
        at app//org.eclipse.jetty.util.thread.strategy.EatWhatYouKill.produceTask(EatWhatYouKill.java:362)
        at app//org.eclipse.jetty.util.thread.strategy.EatWhatYouKill.doProduce(EatWhatYouKill.java:186)
        at app//org.eclipse.jetty.util.thread.strategy.EatWhatYouKill.tryProduce(EatWhatYouKill.java:173)
        at app//org.eclipse.jetty.util.thread.strategy.EatWhatYouKill.produce(EatWhatYouKill.java:137)
        at app//org.eclipse.jetty.io.ManagedSelector$$Lambda$824/0x00007fa908550000.run(Unknown Source)
        at app//org.eclipse.jetty.util.thread.QueuedThreadPool.runJob(QueuedThreadPool.java:883)
        at app//org.eclipse.jetty.util.thread.QueuedThreadPool$Runner.run(QueuedThreadPool.java:1034)
        at java.base@17.0.12/java.lang.Thread.run(Thread.java:840)
"43b7afd8-9e19-4b34-aad7-81b8e915bbb6-server-thread1" daemon prio=5 tid=1024 timed_waiting
java.lang.Thread.State: TIMED_WAITING
        at java.base@17.0.12/jdk.internal.misc.Unsafe.park(Native Method)
        at java.base@17.0.12/java.util.concurrent.locks.LockSupport.parkNanos(LockSupport.java:252)
        at java.base@17.0.12/java.util.concurrent.SynchronousQueue$TransferStack.transfer(SynchronousQueue.java:401)
        at java.base@17.0.12/java.util.concurrent.SynchronousQueue.poll(SynchronousQueue.java:903)
        at java.base@17.0.12/java.util.concurrent.ThreadPoolExecutor.getTask(ThreadPoolExecutor.java:1061)
        at java.base@17.0.12/java.util.concurrent.ThreadPoolExecutor.runWorker(ThreadPoolExecutor.java:1122)
        at java.base@17.0.12/java.util.concurrent.ThreadPoolExecutor$Worker.run(ThreadPoolExecutor.java:635)
        at java.base@17.0.12/java.lang.Thread.run(Thread.java:840)
"43b7afd8-9e19-4b34-aad7-81b8e915bbb6@group-83D748725593-SegmentedRaftLogWorker"  prio=5 tid=949 timed_waiting
java.lang.Thread.State: TIMED_WAITING
        at java.base@17.0.12/jdk.internal.misc.Unsafe.park(Native Method)
        at java.base@17.0.12/java.util.concurrent.locks.LockSupport.parkNanos(LockSupport.java:252)
        at java.base@17.0.12/java.util.concurrent.locks.AbstractQueuedSynchronizer$ConditionObject.awaitNanos(AbstractQueuedSynchronizer.java:1674)
        at app//org.apache.ratis.util.DataBlockingQueue.poll(DataBlockingQueue.java:148)
        at app//org.apache.ratis.server.raftlog.segmented.SegmentedRaftLogWorker.run(SegmentedRaftLogWorker.java:306)
        at app//org.apache.ratis.server.raftlog.segmented.SegmentedRaftLogWorker$$Lambda$1170/0x00007fa908729a20.run(Unknown Source)
        at java.base@17.0.12/java.util.concurrent.Executors$RunnableAdapter.call(Executors.java:539)
        at java.base@17.0.12/java.util.concurrent.FutureTask.run(FutureTask.java:264)
        at java.base@17.0.12/java.util.concurrent.ThreadPoolExecutor.runWorker(ThreadPoolExecutor.java:1136)
        at java.base@17.0.12/java.util.concurrent.ThreadPoolExecutor$Worker.run(ThreadPoolExecutor.java:635)
        at java.base@17.0.12/java.lang.Thread.run(Thread.java:840)
"IPC Server handler 63 on default port 15000" daemon prio=5 tid=148 timed_waiting
java.lang.Thread.State: TIMED_WAITING
        at java.base@17.0.12/jdk.internal.misc.Unsafe.park(Native Method)
        at java.base@17.0.12/java.util.concurrent.locks.LockSupport.parkNanos(LockSupport.java:252)
        at java.base@17.0.12/java.util.concurrent.locks.AbstractQueuedSynchronizer$ConditionObject.awaitNanos(AbstractQueuedSynchronizer.java:1674)
        at java.base@17.0.12/java.util.concurrent.LinkedBlockingQueue.poll(LinkedBlockingQueue.java:460)
        at app//org.apache.hadoop.ipc.CallQueueManager.take(CallQueueManager.java:317)
        at app//org.apache.hadoop.ipc.Server$Handler.run(Server.java:3014)
"IPC Server handler 89 on default port 15000" daemon prio=5 tid=174 timed_waiting
java.lang.Thread.State: TIMED_WAITING
        at java.base@17.0.12/jdk.internal.misc.Unsafe.park(Native Method)
        at java.base@17.0.12/java.util.concurrent.locks.LockSupport.parkNanos(LockSupport.java:252)
        at java.base@17.0.12/java.util.concurrent.locks.AbstractQueuedSynchronizer$ConditionObject.awaitNanos(AbstractQueuedSynchronizer.java:1674)
        at java.base@17.0.12/java.util.concurrent.LinkedBlockingQueue.poll(LinkedBlockingQueue.java:460)
        at app//org.apache.hadoop.ipc.CallQueueManager.take(CallQueueManager.java:317)
        at app//org.apache.hadoop.ipc.Server$Handler.run(Server.java:3014)
"44ff6b06-02d2-44ad-8aa1-4af94363565f@group-C41EF94B1934-SegmentedRaftLogWorker" daemon prio=5 tid=924 timed_waiting
java.lang.Thread.State: TIMED_WAITING
        at java.base@17.0.12/jdk.internal.misc.Unsafe.park(Native Method)
        at java.base@17.0.12/java.util.concurrent.locks.LockSupport.parkNanos(LockSupport.java:252)
        at java.base@17.0.12/java.util.concurrent.locks.AbstractQueuedSynchronizer$ConditionObject.awaitNanos(AbstractQueuedSynchronizer.java:1674)
        at app//org.apache.ratis.util.DataBlockingQueue.poll(DataBlockingQueue.java:148)
        at app//org.apache.ratis.server.raftlog.segmented.SegmentedRaftLogWorker.run(SegmentedRaftLogWorker.java:306)
        at app//org.apache.ratis.server.raftlog.segmented.SegmentedRaftLogWorker$$Lambda$1170/0x00007fa908729a20.run(Unknown Source)
        at java.base@17.0.12/java.util.concurrent.Executors$RunnableAdapter.call(Executors.java:539)
        at java.base@17.0.12/java.util.concurrent.FutureTask.run(FutureTask.java:264)
        at java.base@17.0.12/java.util.concurrent.ThreadPoolExecutor.runWorker(ThreadPoolExecutor.java:1136)
        at java.base@17.0.12/java.util.concurrent.ThreadPoolExecutor$Worker.run(ThreadPoolExecutor.java:635)
        at java.base@17.0.12/java.lang.Thread.run(Thread.java:840)
"IPC Server handler 36 on default port 15002" daemon prio=5 tid=321 timed_waiting
java.lang.Thread.State: TIMED_WAITING
        at java.base@17.0.12/jdk.internal.misc.Unsafe.park(Native Method)
        at java.base@17.0.12/java.util.concurrent.locks.LockSupport.parkNanos(LockSupport.java:252)
        at java.base@17.0.12/java.util.concurrent.locks.AbstractQueuedSynchronizer$ConditionObject.awaitNanos(AbstractQueuedSynchronizer.java:1674)
        at java.base@17.0.12/java.util.concurrent.LinkedBlockingQueue.poll(LinkedBlockingQueue.java:460)
        at app//org.apache.hadoop.ipc.CallQueueManager.take(CallQueueManager.java:317)
        at app//org.apache.hadoop.ipc.Server$Handler.run(Server.java:3014)
"IPC Server handler 31 on default port 15002" daemon prio=5 tid=316 timed_waiting
java.lang.Thread.State: TIMED_WAITING
        at java.base@17.0.12/jdk.internal.misc.Unsafe.park(Native Method)
        at java.base@17.0.12/java.util.concurrent.locks.LockSupport.parkNanos(LockSupport.java:252)
        at java.base@17.0.12/java.util.concurrent.locks.AbstractQueuedSynchronizer$ConditionObject.awaitNanos(AbstractQueuedSynchronizer.java:1674)
        at java.base@17.0.12/java.util.concurrent.LinkedBlockingQueue.poll(LinkedBlockingQueue.java:460)
        at app//org.apache.hadoop.ipc.CallQueueManager.take(CallQueueManager.java:317)
        at app//org.apache.hadoop.ipc.Server$Handler.run(Server.java:3014)
"IPC Server handler 38 on default port 15000" daemon prio=5 tid=123 timed_waiting
java.lang.Thread.State: TIMED_WAITING
        at java.base@17.0.12/jdk.internal.misc.Unsafe.park(Native Method)
        at java.base@17.0.12/java.util.concurrent.locks.LockSupport.parkNanos(LockSupport.java:252)
        at java.base@17.0.12/java.util.concurrent.locks.AbstractQueuedSynchronizer$ConditionObject.awaitNanos(AbstractQueuedSynchronizer.java:1674)
        at java.base@17.0.12/java.util.concurrent.LinkedBlockingQueue.poll(LinkedBlockingQueue.java:460)
        at app//org.apache.hadoop.ipc.CallQueueManager.take(CallQueueManager.java:317)
        at app//org.apache.hadoop.ipc.Server$Handler.run(Server.java:3014)
"IPC Server listener on 15021" daemon prio=5 tid=687 runnable
java.lang.Thread.State: RUNNABLE
        at java.base@17.0.12/sun.nio.ch.EPoll.wait(Native Method)
        at java.base@17.0.12/sun.nio.ch.EPollSelectorImpl.doSelect(EPollSelectorImpl.java:118)
        at java.base@17.0.12/sun.nio.ch.SelectorImpl.lockAndDoSelect(SelectorImpl.java:129)
        at java.base@17.0.12/sun.nio.ch.SelectorImpl.select(SelectorImpl.java:146)
        at app//org.apache.hadoop.ipc.Server$Listener.run(Server.java:1408)
"44ff6b06-02d2-44ad-8aa1-4af94363565f-ChunkWriter-2-0" daemon prio=5 tid=863 in Object.wait()
java.lang.Thread.State: WAITING (on object monitor)
        at java.base@17.0.12/jdk.internal.misc.Unsafe.park(Native Method)
        at java.base@17.0.12/java.util.concurrent.locks.LockSupport.park(LockSupport.java:341)
        at java.base@17.0.12/java.util.concurrent.locks.AbstractQueuedSynchronizer$ConditionNode.block(AbstractQueuedSynchronizer.java:506)
        at java.base@17.0.12/java.util.concurrent.ForkJoinPool.unmanagedBlock(ForkJoinPool.java:3465)
        at java.base@17.0.12/java.util.concurrent.ForkJoinPool.managedBlock(ForkJoinPool.java:3436)
        at java.base@17.0.12/java.util.concurrent.locks.AbstractQueuedSynchronizer$ConditionObject.await(AbstractQueuedSynchronizer.java:1625)
        at java.base@17.0.12/java.util.concurrent.LinkedBlockingDeque.takeFirst(LinkedBlockingDeque.java:485)
        at java.base@17.0.12/java.util.concurrent.LinkedBlockingDeque.take(LinkedBlockingDeque.java:673)
        at java.base@17.0.12/java.util.concurrent.ThreadPoolExecutor.getTask(ThreadPoolExecutor.java:1062)
        at java.base@17.0.12/java.util.concurrent.ThreadPoolExecutor.runWorker(ThreadPoolExecutor.java:1122)
        at java.base@17.0.12/java.util.concurrent.ThreadPoolExecutor$Worker.run(ThreadPoolExecutor.java:635)
        at java.base@17.0.12/java.lang.Thread.run(Thread.java:840)
"IPC Server handler 89 on default port 15002" daemon prio=5 tid=374 timed_waiting
java.lang.Thread.State: TIMED_WAITING
        at java.base@17.0.12/jdk.internal.misc.Unsafe.park(Native Method)
        at java.base@17.0.12/java.util.concurrent.locks.LockSupport.parkNanos(LockSupport.java:252)
        at java.base@17.0.12/java.util.concurrent.locks.AbstractQueuedSynchronizer$ConditionObject.awaitNanos(AbstractQueuedSynchronizer.java:1674)
        at java.base@17.0.12/java.util.concurrent.LinkedBlockingQueue.poll(LinkedBlockingQueue.java:460)
        at app//org.apache.hadoop.ipc.CallQueueManager.take(CallQueueManager.java:317)
        at app//org.apache.hadoop.ipc.Server$Handler.run(Server.java:3014)
"qtp1438151538-730" daemon prio=5 tid=730 timed_waiting
java.lang.Thread.State: TIMED_WAITING
        at java.base@17.0.12/jdk.internal.misc.Unsafe.park(Native Method)
        at java.base@17.0.12/java.util.concurrent.locks.LockSupport.parkNanos(LockSupport.java:252)
        at java.base@17.0.12/java.util.concurrent.locks.AbstractQueuedSynchronizer$ConditionObject.awaitNanos(AbstractQueuedSynchronizer.java:1674)
        at app//org.eclipse.jetty.util.BlockingArrayQueue.poll(BlockingArrayQueue.java:382)
        at app//org.eclipse.jetty.util.thread.QueuedThreadPool$Runner.idleJobPoll(QueuedThreadPool.java:974)
        at app//org.eclipse.jetty.util.thread.QueuedThreadPool$Runner.run(QueuedThreadPool.java:1018)
        at java.base@17.0.12/java.lang.Thread.run(Thread.java:840)
"IPC Server handler 34 on default port 15000" daemon prio=5 tid=119 timed_waiting
java.lang.Thread.State: TIMED_WAITING
        at java.base@17.0.12/jdk.internal.misc.Unsafe.park(Native Method)
        at java.base@17.0.12/java.util.concurrent.locks.LockSupport.parkNanos(LockSupport.java:252)
        at java.base@17.0.12/java.util.concurrent.locks.AbstractQueuedSynchronizer$ConditionObject.awaitNanos(AbstractQueuedSynchronizer.java:1674)
        at java.base@17.0.12/java.util.concurrent.LinkedBlockingQueue.poll(LinkedBlockingQueue.java:460)
        at app//org.apache.hadoop.ipc.CallQueueManager.take(CallQueueManager.java:317)
        at app//org.apache.hadoop.ipc.Server$Handler.run(Server.java:3014)
"IPC Server handler 22 on default port 15001" daemon prio=5 tid=207 timed_waiting
java.lang.Thread.State: TIMED_WAITING
        at java.base@17.0.12/jdk.internal.misc.Unsafe.park(Native Method)
        at java.base@17.0.12/java.util.concurrent.locks.LockSupport.parkNanos(LockSupport.java:252)
        at java.base@17.0.12/java.util.concurrent.locks.AbstractQueuedSynchronizer$ConditionObject.awaitNanos(AbstractQueuedSynchronizer.java:1674)
        at java.base@17.0.12/java.util.concurrent.LinkedBlockingQueue.poll(LinkedBlockingQueue.java:460)
        at app//org.apache.hadoop.ipc.CallQueueManager.take(CallQueueManager.java:317)
        at app//org.apache.hadoop.ipc.Server$Handler.run(Server.java:3014)
"IPC Server handler 37 on default port 15001" daemon prio=5 tid=222 timed_waiting
java.lang.Thread.State: TIMED_WAITING
        at java.base@17.0.12/jdk.internal.misc.Unsafe.park(Native Method)
        at java.base@17.0.12/java.util.concurrent.locks.LockSupport.parkNanos(LockSupport.java:252)
        at java.base@17.0.12/java.util.concurrent.locks.AbstractQueuedSynchronizer$ConditionObject.awaitNanos(AbstractQueuedSynchronizer.java:1674)
        at java.base@17.0.12/java.util.concurrent.LinkedBlockingQueue.poll(LinkedBlockingQueue.java:460)
        at app//org.apache.hadoop.ipc.CallQueueManager.take(CallQueueManager.java:317)
        at app//org.apache.hadoop.ipc.Server$Handler.run(Server.java:3014)
"StaleRecoveringContainerScrubbingService#1" daemon prio=5 tid=850 in Object.wait()
java.lang.Thread.State: WAITING (on object monitor)
        at java.base@17.0.12/jdk.internal.misc.Unsafe.park(Native Method)
        at java.base@17.0.12/java.util.concurrent.locks.LockSupport.park(LockSupport.java:341)
        at java.base@17.0.12/java.util.concurrent.locks.AbstractQueuedSynchronizer$ConditionNode.block(AbstractQueuedSynchronizer.java:506)
        at java.base@17.0.12/java.util.concurrent.ForkJoinPool.unmanagedBlock(ForkJoinPool.java:3465)
        at java.base@17.0.12/java.util.concurrent.ForkJoinPool.managedBlock(ForkJoinPool.java:3436)
        at java.base@17.0.12/java.util.concurrent.locks.AbstractQueuedSynchronizer$ConditionObject.await(AbstractQueuedSynchronizer.java:1625)
        at java.base@17.0.12/java.util.concurrent.ScheduledThreadPoolExecutor$DelayedWorkQueue.take(ScheduledThreadPoolExecutor.java:1177)
        at java.base@17.0.12/java.util.concurrent.ScheduledThreadPoolExecutor$DelayedWorkQueue.take(ScheduledThreadPoolExecutor.java:899)
        at java.base@17.0.12/java.util.concurrent.ThreadPoolExecutor.getTask(ThreadPoolExecutor.java:1062)
        at java.base@17.0.12/java.util.concurrent.ThreadPoolExecutor.runWorker(ThreadPoolExecutor.java:1122)
        at java.base@17.0.12/java.util.concurrent.ThreadPoolExecutor$Worker.run(ThreadPoolExecutor.java:635)
        at java.base@17.0.12/java.lang.Thread.run(Thread.java:840)
"timer2" daemon prio=5 tid=994 timed_waiting
java.lang.Thread.State: TIMED_WAITING
        at java.base@17.0.12/java.lang.Object.wait(Native Method)
        at java.base@17.0.12/java.util.TimerThread.mainLoop(Timer.java:563)
        at java.base@17.0.12/java.util.TimerThread.run(Timer.java:516)
"Socket Reader #4 for port 15009"  prio=5 tid=486 runnable
java.lang.Thread.State: RUNNABLE
        at java.base@17.0.12/sun.nio.ch.EPoll.wait(Native Method)
        at java.base@17.0.12/sun.nio.ch.EPollSelectorImpl.doSelect(EPollSelectorImpl.java:118)
        at java.base@17.0.12/sun.nio.ch.SelectorImpl.lockAndDoSelect(SelectorImpl.java:129)
        at java.base@17.0.12/sun.nio.ch.SelectorImpl.select(SelectorImpl.java:146)
        at app//org.apache.hadoop.ipc.Server$Listener$Reader.doRunLoop(Server.java:1346)
        at app//org.apache.hadoop.ipc.Server$Listener$Reader.run(Server.java:1325)
"IPC Server handler 77 on default port 15001" daemon prio=5 tid=262 timed_waiting
java.lang.Thread.State: TIMED_WAITING
        at java.base@17.0.12/jdk.internal.misc.Unsafe.park(Native Method)
        at java.base@17.0.12/java.util.concurrent.locks.LockSupport.parkNanos(LockSupport.java:252)
        at java.base@17.0.12/java.util.concurrent.locks.AbstractQueuedSynchronizer$ConditionObject.awaitNanos(AbstractQueuedSynchronizer.java:1674)
        at java.base@17.0.12/java.util.concurrent.LinkedBlockingQueue.poll(LinkedBlockingQueue.java:460)
        at app//org.apache.hadoop.ipc.CallQueueManager.take(CallQueueManager.java:317)
        at app//org.apache.hadoop.ipc.Server$Handler.run(Server.java:3014)
"731aafee-c06b-4662-9d20-472061f2d46e-EndpointStateMachineTaskThread-/0.0.0.0:15009-0 "  prio=5 tid=811 in Object.wait()
java.lang.Thread.State: WAITING (on object monitor)
        at java.base@17.0.12/jdk.internal.misc.Unsafe.park(Native Method)
        at java.base@17.0.12/java.util.concurrent.locks.LockSupport.park(LockSupport.java:341)
        at java.base@17.0.12/java.util.concurrent.locks.AbstractQueuedSynchronizer$ConditionNode.block(AbstractQueuedSynchronizer.java:506)
        at java.base@17.0.12/java.util.concurrent.ForkJoinPool.unmanagedBlock(ForkJoinPool.java:3465)
        at java.base@17.0.12/java.util.concurrent.ForkJoinPool.managedBlock(ForkJoinPool.java:3436)
        at java.base@17.0.12/java.util.concurrent.locks.AbstractQueuedSynchronizer$ConditionObject.await(AbstractQueuedSynchronizer.java:1625)
        at java.base@17.0.12/java.util.concurrent.LinkedBlockingQueue.take(LinkedBlockingQueue.java:435)
        at java.base@17.0.12/java.util.concurrent.ThreadPoolExecutor.getTask(ThreadPoolExecutor.java:1062)
        at java.base@17.0.12/java.util.concurrent.ThreadPoolExecutor.runWorker(ThreadPoolExecutor.java:1122)
        at java.base@17.0.12/java.util.concurrent.ThreadPoolExecutor$Worker.run(ThreadPoolExecutor.java:635)
        at java.base@17.0.12/java.lang.Thread.run(Thread.java:840)
"44ff6b06-02d2-44ad-8aa1-4af94363565f@group-C41EF94B1934-StateMachineUpdater" daemon prio=5 tid=927 timed_waiting
java.lang.Thread.State: TIMED_WAITING
        at java.base@17.0.12/jdk.internal.misc.Unsafe.park(Native Method)
        at java.base@17.0.12/java.util.concurrent.locks.LockSupport.parkNanos(LockSupport.java:252)
        at java.base@17.0.12/java.util.concurrent.locks.AbstractQueuedSynchronizer$ConditionObject.await(AbstractQueuedSynchronizer.java:1759)
        at app//org.apache.ratis.util.AwaitForSignal.await(AwaitForSignal.java:65)
        at app//org.apache.ratis.server.impl.StateMachineUpdater.waitForCommit(StateMachineUpdater.java:219)
        at app//org.apache.ratis.server.impl.StateMachineUpdater.run(StateMachineUpdater.java:187)
        at java.base@17.0.12/java.lang.Thread.run(Thread.java:840)
"IPC Server handler 34 on default port 15001" daemon prio=5 tid=219 timed_waiting
java.lang.Thread.State: TIMED_WAITING
        at java.base@17.0.12/jdk.internal.misc.Unsafe.park(Native Method)
        at java.base@17.0.12/java.util.concurrent.locks.LockSupport.parkNanos(LockSupport.java:252)
        at java.base@17.0.12/java.util.concurrent.locks.AbstractQueuedSynchronizer$ConditionObject.awaitNanos(AbstractQueuedSynchronizer.java:1674)
        at java.base@17.0.12/java.util.concurrent.LinkedBlockingQueue.poll(LinkedBlockingQueue.java:460)
        at app//org.apache.hadoop.ipc.CallQueueManager.take(CallQueueManager.java:317)
        at app//org.apache.hadoop.ipc.Server$Handler.run(Server.java:3014)
"731aafee-c06b-4662-9d20-472061f2d46e-BlockDeletingService#0" daemon prio=5 tid=829 timed_waiting
java.lang.Thread.State: TIMED_WAITING
        at java.base@17.0.12/jdk.internal.misc.Unsafe.park(Native Method)
        at java.base@17.0.12/java.util.concurrent.locks.LockSupport.parkNanos(LockSupport.java:252)
        at java.base@17.0.12/java.util.concurrent.locks.AbstractQueuedSynchronizer$ConditionObject.awaitNanos(AbstractQueuedSynchronizer.java:1674)
        at java.base@17.0.12/java.util.concurrent.ScheduledThreadPoolExecutor$DelayedWorkQueue.take(ScheduledThreadPoolExecutor.java:1182)
        at java.base@17.0.12/java.util.concurrent.ScheduledThreadPoolExecutor$DelayedWorkQueue.take(ScheduledThreadPoolExecutor.java:899)
        at java.base@17.0.12/java.util.concurrent.ThreadPoolExecutor.getTask(ThreadPoolExecutor.java:1062)
        at java.base@17.0.12/java.util.concurrent.ThreadPoolExecutor.runWorker(ThreadPoolExecutor.java:1122)
        at java.base@17.0.12/java.util.concurrent.ThreadPoolExecutor$Worker.run(ThreadPoolExecutor.java:635)
        at java.base@17.0.12/java.lang.Thread.run(Thread.java:840)
"IPC Server handler 4 on default port 15002" daemon prio=5 tid=289 timed_waiting
java.lang.Thread.State: TIMED_WAITING
        at java.base@17.0.12/jdk.internal.misc.Unsafe.park(Native Method)
        at java.base@17.0.12/java.util.concurrent.locks.LockSupport.parkNanos(LockSupport.java:252)
        at java.base@17.0.12/java.util.concurrent.locks.AbstractQueuedSynchronizer$ConditionObject.awaitNanos(AbstractQueuedSynchronizer.java:1674)
        at java.base@17.0.12/java.util.concurrent.LinkedBlockingQueue.poll(LinkedBlockingQueue.java:460)
        at app//org.apache.hadoop.ipc.CallQueueManager.take(CallQueueManager.java:317)
        at app//org.apache.hadoop.ipc.Server$Handler.run(Server.java:3014)
"731aafee-c06b-4662-9d20-472061f2d46e-DatanodeStateMachineTaskThread-0"  prio=5 tid=671 in Object.wait()
java.lang.Thread.State: WAITING (on object monitor)
        at java.base@17.0.12/jdk.internal.misc.Unsafe.park(Native Method)
        at java.base@17.0.12/java.util.concurrent.locks.LockSupport.park(LockSupport.java:341)
        at java.base@17.0.12/java.util.concurrent.locks.AbstractQueuedSynchronizer$ConditionNode.block(AbstractQueuedSynchronizer.java:506)
        at java.base@17.0.12/java.util.concurrent.ForkJoinPool.unmanagedBlock(ForkJoinPool.java:3465)
        at java.base@17.0.12/java.util.concurrent.ForkJoinPool.managedBlock(ForkJoinPool.java:3436)
        at java.base@17.0.12/java.util.concurrent.locks.AbstractQueuedSynchronizer$ConditionObject.await(AbstractQueuedSynchronizer.java:1625)
        at java.base@17.0.12/java.util.concurrent.LinkedBlockingQueue.take(LinkedBlockingQueue.java:435)
        at java.base@17.0.12/java.util.concurrent.ThreadPoolExecutor.getTask(ThreadPoolExecutor.java:1062)
        at java.base@17.0.12/java.util.concurrent.ThreadPoolExecutor.runWorker(ThreadPoolExecutor.java:1122)
        at java.base@17.0.12/java.util.concurrent.ThreadPoolExecutor$Worker.run(ThreadPoolExecutor.java:635)
        at java.base@17.0.12/java.lang.Thread.run(Thread.java:840)
"qtp11530087-512" daemon prio=5 tid=512 timed_waiting
java.lang.Thread.State: TIMED_WAITING
        at java.base@17.0.12/jdk.internal.misc.Unsafe.park(Native Method)
        at java.base@17.0.12/java.util.concurrent.locks.LockSupport.parkNanos(LockSupport.java:252)
        at java.base@17.0.12/java.util.concurrent.locks.AbstractQueuedSynchronizer$ConditionObject.awaitNanos(AbstractQueuedSynchronizer.java:1674)
        at app//org.eclipse.jetty.util.BlockingArrayQueue.poll(BlockingArrayQueue.java:382)
        at app//org.eclipse.jetty.util.thread.QueuedThreadPool$Runner.idleJobPoll(QueuedThreadPool.java:974)
        at app//org.eclipse.jetty.util.thread.QueuedThreadPool$Runner.run(QueuedThreadPool.java:1018)
        at java.base@17.0.12/java.lang.Thread.run(Thread.java:840)
"StaleRecoveringContainerScrubbingService#0" daemon prio=5 tid=868 timed_waiting
java.lang.Thread.State: TIMED_WAITING
        at java.base@17.0.12/jdk.internal.misc.Unsafe.park(Native Method)
        at java.base@17.0.12/java.util.concurrent.locks.LockSupport.parkNanos(LockSupport.java:252)
        at java.base@17.0.12/java.util.concurrent.locks.AbstractQueuedSynchronizer$ConditionObject.awaitNanos(AbstractQueuedSynchronizer.java:1674)
        at java.base@17.0.12/java.util.concurrent.ScheduledThreadPoolExecutor$DelayedWorkQueue.take(ScheduledThreadPoolExecutor.java:1182)
        at java.base@17.0.12/java.util.concurrent.ScheduledThreadPoolExecutor$DelayedWorkQueue.take(ScheduledThreadPoolExecutor.java:899)
        at java.base@17.0.12/java.util.concurrent.ThreadPoolExecutor.getTask(ThreadPoolExecutor.java:1062)
        at java.base@17.0.12/java.util.concurrent.ThreadPoolExecutor.runWorker(ThreadPoolExecutor.java:1122)
        at java.base@17.0.12/java.util.concurrent.ThreadPoolExecutor$Worker.run(ThreadPoolExecutor.java:635)
        at java.base@17.0.12/java.lang.Thread.run(Thread.java:840)
"Reference Handler" daemon prio=10 tid=2 runnable
java.lang.Thread.State: RUNNABLE
        at java.base@17.0.12/java.lang.ref.Reference.waitForReferencePendingList(Native Method)
        at java.base@17.0.12/java.lang.ref.Reference.processPendingReferences(Reference.java:253)
        at java.base@17.0.12/java.lang.ref.Reference$ReferenceHandler.run(Reference.java:215)
"IPC Server handler 36 on default port 15001" daemon prio=5 tid=221 timed_waiting
java.lang.Thread.State: TIMED_WAITING
        at java.base@17.0.12/jdk.internal.misc.Unsafe.park(Native Method)
        at java.base@17.0.12/java.util.concurrent.locks.LockSupport.parkNanos(LockSupport.java:252)
        at java.base@17.0.12/java.util.concurrent.locks.AbstractQueuedSynchronizer$ConditionObject.awaitNanos(AbstractQueuedSynchronizer.java:1674)
        at java.base@17.0.12/java.util.concurrent.LinkedBlockingQueue.poll(LinkedBlockingQueue.java:460)
        at app//org.apache.hadoop.ipc.CallQueueManager.take(CallQueueManager.java:317)
        at app//org.apache.hadoop.ipc.Server$Handler.run(Server.java:3014)
"pool-67-thread-1"  prio=5 tid=478 timed_waiting
java.lang.Thread.State: TIMED_WAITING
        at java.base@17.0.12/jdk.internal.misc.Unsafe.park(Native Method)
        at java.base@17.0.12/java.util.concurrent.locks.LockSupport.parkNanos(LockSupport.java:252)
        at java.base@17.0.12/java.util.concurrent.locks.AbstractQueuedSynchronizer$ConditionObject.awaitNanos(AbstractQueuedSynchronizer.java:1674)
        at java.base@17.0.12/java.util.concurrent.ScheduledThreadPoolExecutor$DelayedWorkQueue.take(ScheduledThreadPoolExecutor.java:1182)
        at java.base@17.0.12/java.util.concurrent.ScheduledThreadPoolExecutor$DelayedWorkQueue.take(ScheduledThreadPoolExecutor.java:899)
        at java.base@17.0.12/java.util.concurrent.ThreadPoolExecutor.getTask(ThreadPoolExecutor.java:1062)
        at java.base@17.0.12/java.util.concurrent.ThreadPoolExecutor.runWorker(ThreadPoolExecutor.java:1122)
        at java.base@17.0.12/java.util.concurrent.ThreadPoolExecutor$Worker.run(ThreadPoolExecutor.java:635)
        at java.base@17.0.12/java.lang.Thread.run(Thread.java:840)
"IPC Server handler 62 on default port 15001" daemon prio=5 tid=247 timed_waiting
java.lang.Thread.State: TIMED_WAITING
        at java.base@17.0.12/jdk.internal.misc.Unsafe.park(Native Method)
        at java.base@17.0.12/java.util.concurrent.locks.LockSupport.parkNanos(LockSupport.java:252)
        at java.base@17.0.12/java.util.concurrent.locks.AbstractQueuedSynchronizer$ConditionObject.awaitNanos(AbstractQueuedSynchronizer.java:1674)
        at java.base@17.0.12/java.util.concurrent.LinkedBlockingQueue.poll(LinkedBlockingQueue.java:460)
        at app//org.apache.hadoop.ipc.CallQueueManager.take(CallQueueManager.java:317)
        at app//org.apache.hadoop.ipc.Server$Handler.run(Server.java:3014)
"IPC Server handler 18 on default port 15002" daemon prio=5 tid=303 timed_waiting
java.lang.Thread.State: TIMED_WAITING
        at java.base@17.0.12/jdk.internal.misc.Unsafe.park(Native Method)
        at java.base@17.0.12/java.util.concurrent.locks.LockSupport.parkNanos(LockSupport.java:252)
        at java.base@17.0.12/java.util.concurrent.locks.AbstractQueuedSynchronizer$ConditionObject.awaitNanos(AbstractQueuedSynchronizer.java:1674)
        at java.base@17.0.12/java.util.concurrent.LinkedBlockingQueue.poll(LinkedBlockingQueue.java:460)
        at app//org.apache.hadoop.ipc.CallQueueManager.take(CallQueueManager.java:317)
        at app//org.apache.hadoop.ipc.Server$Handler.run(Server.java:3014)
"IPC Server idle connection scanner for port 15012" daemon prio=5 tid=652 timed_waiting
java.lang.Thread.State: TIMED_WAITING
        at java.base@17.0.12/java.lang.Object.wait(Native Method)
        at java.base@17.0.12/java.util.TimerThread.mainLoop(Timer.java:563)
        at java.base@17.0.12/java.util.TimerThread.run(Timer.java:516)
"IPC Server handler 60 on default port 15000" daemon prio=5 tid=145 timed_waiting
java.lang.Thread.State: TIMED_WAITING
        at java.base@17.0.12/jdk.internal.misc.Unsafe.park(Native Method)
        at java.base@17.0.12/java.util.concurrent.locks.LockSupport.parkNanos(LockSupport.java:252)
        at java.base@17.0.12/java.util.concurrent.locks.AbstractQueuedSynchronizer$ConditionObject.awaitNanos(AbstractQueuedSynchronizer.java:1674)
        at java.base@17.0.12/java.util.concurrent.LinkedBlockingQueue.poll(LinkedBlockingQueue.java:460)
        at app//org.apache.hadoop.ipc.CallQueueManager.take(CallQueueManager.java:317)
        at app//org.apache.hadoop.ipc.Server$Handler.run(Server.java:3014)
"IPC Server handler 47 on default port 15009" daemon prio=5 tid=566 timed_waiting
java.lang.Thread.State: TIMED_WAITING
        at java.base@17.0.12/jdk.internal.misc.Unsafe.park(Native Method)
        at java.base@17.0.12/java.util.concurrent.locks.LockSupport.parkNanos(LockSupport.java:252)
        at java.base@17.0.12/java.util.concurrent.locks.AbstractQueuedSynchronizer$ConditionObject.awaitNanos(AbstractQueuedSynchronizer.java:1674)
        at java.base@17.0.12/java.util.concurrent.LinkedBlockingQueue.poll(LinkedBlockingQueue.java:460)
        at app//org.apache.hadoop.ipc.CallQueueManager.take(CallQueueManager.java:317)
        at app//org.apache.hadoop.ipc.Server$Handler.run(Server.java:3014)
"IPC Server handler 57 on default port 15001" daemon prio=5 tid=242 timed_waiting
java.lang.Thread.State: TIMED_WAITING
        at java.base@17.0.12/jdk.internal.misc.Unsafe.park(Native Method)
        at java.base@17.0.12/java.util.concurrent.locks.LockSupport.parkNanos(LockSupport.java:252)
        at java.base@17.0.12/java.util.concurrent.locks.AbstractQueuedSynchronizer$ConditionObject.awaitNanos(AbstractQueuedSynchronizer.java:1674)
        at java.base@17.0.12/java.util.concurrent.LinkedBlockingQueue.poll(LinkedBlockingQueue.java:460)
        at app//org.apache.hadoop.ipc.CallQueueManager.take(CallQueueManager.java:317)
        at app//org.apache.hadoop.ipc.Server$Handler.run(Server.java:3014)
"IPC Server handler 60 on default port 15009" daemon prio=5 tid=579 timed_waiting
java.lang.Thread.State: TIMED_WAITING
        at java.base@17.0.12/jdk.internal.misc.Unsafe.park(Native Method)
        at java.base@17.0.12/java.util.concurrent.locks.LockSupport.parkNanos(LockSupport.java:252)
        at java.base@17.0.12/java.util.concurrent.locks.AbstractQueuedSynchronizer$ConditionObject.awaitNanos(AbstractQueuedSynchronizer.java:1674)
        at java.base@17.0.12/java.util.concurrent.LinkedBlockingQueue.poll(LinkedBlockingQueue.java:460)
        at app//org.apache.hadoop.ipc.CallQueueManager.take(CallQueueManager.java:317)
        at app//org.apache.hadoop.ipc.Server$Handler.run(Server.java:3014)
"Socket Reader #7 for port 15030"  prio=5 tid=740 runnable
java.lang.Thread.State: RUNNABLE
        at java.base@17.0.12/sun.nio.ch.EPoll.wait(Native Method)
        at java.base@17.0.12/sun.nio.ch.EPollSelectorImpl.doSelect(EPollSelectorImpl.java:118)
        at java.base@17.0.12/sun.nio.ch.SelectorImpl.lockAndDoSelect(SelectorImpl.java:129)
        at java.base@17.0.12/sun.nio.ch.SelectorImpl.select(SelectorImpl.java:146)
        at app//org.apache.hadoop.ipc.Server$Listener$Reader.doRunLoop(Server.java:1346)
        at app//org.apache.hadoop.ipc.Server$Listener$Reader.run(Server.java:1325)
"Socket Reader #10 for port 15000"  prio=5 tid=70 runnable
java.lang.Thread.State: RUNNABLE
        at java.base@17.0.12/sun.nio.ch.EPoll.wait(Native Method)
        at java.base@17.0.12/sun.nio.ch.EPollSelectorImpl.doSelect(EPollSelectorImpl.java:118)
        at java.base@17.0.12/sun.nio.ch.SelectorImpl.lockAndDoSelect(SelectorImpl.java:129)
        at java.base@17.0.12/sun.nio.ch.SelectorImpl.select(SelectorImpl.java:146)
        at app//org.apache.hadoop.ipc.Server$Listener$Reader.doRunLoop(Server.java:1346)
        at app//org.apache.hadoop.ipc.Server$Listener$Reader.run(Server.java:1325)
"om1-OMDoubleBufferFlushThread" daemon prio=5 tid=407 timed_waiting
java.lang.Thread.State: TIMED_WAITING
        at java.base@17.0.12/java.lang.Object.wait(Native Method)
        at app//org.apache.hadoop.ozone.om.ratis.OzoneManagerDoubleBuffer.canFlush(OzoneManagerDoubleBuffer.java:578)
        at app//org.apache.hadoop.ozone.om.ratis.OzoneManagerDoubleBuffer.flushTransactions(OzoneManagerDoubleBuffer.java:294)
        at app//org.apache.hadoop.ozone.om.ratis.OzoneManagerDoubleBuffer$$Lambda$948/0x00007fa9086464a8.run(Unknown Source)
        at java.base@17.0.12/java.lang.Thread.run(Thread.java:840)
"IPC Server handler 56 on default port 15001" daemon prio=5 tid=241 timed_waiting
java.lang.Thread.State: TIMED_WAITING
        at java.base@17.0.12/jdk.internal.misc.Unsafe.park(Native Method)
        at java.base@17.0.12/java.util.concurrent.locks.LockSupport.parkNanos(LockSupport.java:252)
        at java.base@17.0.12/java.util.concurrent.locks.AbstractQueuedSynchronizer$ConditionObject.awaitNanos(AbstractQueuedSynchronizer.java:1674)
        at java.base@17.0.12/java.util.concurrent.LinkedBlockingQueue.poll(LinkedBlockingQueue.java:460)
        at app//org.apache.hadoop.ipc.CallQueueManager.take(CallQueueManager.java:317)
        at app//org.apache.hadoop.ipc.Server$Handler.run(Server.java:3014)
"IPC Server handler 20 on default port 15002" daemon prio=5 tid=305 timed_waiting
java.lang.Thread.State: TIMED_WAITING
        at java.base@17.0.12/jdk.internal.misc.Unsafe.park(Native Method)
        at java.base@17.0.12/java.util.concurrent.locks.LockSupport.parkNanos(LockSupport.java:252)
        at java.base@17.0.12/java.util.concurrent.locks.AbstractQueuedSynchronizer$ConditionObject.awaitNanos(AbstractQueuedSynchronizer.java:1674)
        at java.base@17.0.12/java.util.concurrent.LinkedBlockingQueue.poll(LinkedBlockingQueue.java:460)
        at app//org.apache.hadoop.ipc.CallQueueManager.take(CallQueueManager.java:317)
        at app//org.apache.hadoop.ipc.Server$Handler.run(Server.java:3014)
"IPC Server handler 11 on default port 15001" daemon prio=5 tid=196 timed_waiting
java.lang.Thread.State: TIMED_WAITING
        at java.base@17.0.12/jdk.internal.misc.Unsafe.park(Native Method)
        at java.base@17.0.12/java.util.concurrent.locks.LockSupport.parkNanos(LockSupport.java:252)
        at java.base@17.0.12/java.util.concurrent.locks.AbstractQueuedSynchronizer$ConditionObject.awaitNanos(AbstractQueuedSynchronizer.java:1674)
        at java.base@17.0.12/java.util.concurrent.LinkedBlockingQueue.poll(LinkedBlockingQueue.java:460)
        at app//org.apache.hadoop.ipc.CallQueueManager.take(CallQueueManager.java:317)
        at app//org.apache.hadoop.ipc.Server$Handler.run(Server.java:3014)
"IPC Server handler 37 on default port 15000" daemon prio=5 tid=122 timed_waiting
java.lang.Thread.State: TIMED_WAITING
        at java.base@17.0.12/jdk.internal.misc.Unsafe.park(Native Method)
        at java.base@17.0.12/java.util.concurrent.locks.LockSupport.parkNanos(LockSupport.java:252)
        at java.base@17.0.12/java.util.concurrent.locks.AbstractQueuedSynchronizer$ConditionObject.awaitNanos(AbstractQueuedSynchronizer.java:1674)
        at java.base@17.0.12/java.util.concurrent.LinkedBlockingQueue.poll(LinkedBlockingQueue.java:460)
        at app//org.apache.hadoop.ipc.CallQueueManager.take(CallQueueManager.java:317)
        at app//org.apache.hadoop.ipc.Server$Handler.run(Server.java:3014)
"IPC Server handler 0 on default port 15001" daemon prio=5 tid=185 timed_waiting
java.lang.Thread.State: TIMED_WAITING
        at java.base@17.0.12/jdk.internal.misc.Unsafe.park(Native Method)
        at java.base@17.0.12/java.util.concurrent.locks.LockSupport.parkNanos(LockSupport.java:252)
        at java.base@17.0.12/java.util.concurrent.locks.AbstractQueuedSynchronizer$ConditionObject.awaitNanos(AbstractQueuedSynchronizer.java:1674)
        at java.base@17.0.12/java.util.concurrent.LinkedBlockingQueue.poll(LinkedBlockingQueue.java:460)
        at app//org.apache.hadoop.ipc.CallQueueManager.take(CallQueueManager.java:317)
        at app//org.apache.hadoop.ipc.Server$Handler.run(Server.java:3014)
"IPC Server handler 46 on default port 15002" daemon prio=5 tid=331 timed_waiting
java.lang.Thread.State: TIMED_WAITING
        at java.base@17.0.12/jdk.internal.misc.Unsafe.park(Native Method)
        at java.base@17.0.12/java.util.concurrent.locks.LockSupport.parkNanos(LockSupport.java:252)
        at java.base@17.0.12/java.util.concurrent.locks.AbstractQueuedSynchronizer$ConditionObject.awaitNanos(AbstractQueuedSynchronizer.java:1674)
        at java.base@17.0.12/java.util.concurrent.LinkedBlockingQueue.poll(LinkedBlockingQueue.java:460)
        at app//org.apache.hadoop.ipc.CallQueueManager.take(CallQueueManager.java:317)
        at app//org.apache.hadoop.ipc.Server$Handler.run(Server.java:3014)
"IPC Server handler 39 on default port 15000" daemon prio=5 tid=124 timed_waiting
java.lang.Thread.State: TIMED_WAITING
        at java.base@17.0.12/jdk.internal.misc.Unsafe.park(Native Method)
        at java.base@17.0.12/java.util.concurrent.locks.LockSupport.parkNanos(LockSupport.java:252)
        at java.base@17.0.12/java.util.concurrent.locks.AbstractQueuedSynchronizer$ConditionObject.awaitNanos(AbstractQueuedSynchronizer.java:1674)
        at java.base@17.0.12/java.util.concurrent.LinkedBlockingQueue.poll(LinkedBlockingQueue.java:460)
        at app//org.apache.hadoop.ipc.CallQueueManager.take(CallQueueManager.java:317)
        at app//org.apache.hadoop.ipc.Server$Handler.run(Server.java:3014)
"IPC Server handler 50 on default port 15001" daemon prio=5 tid=235 timed_waiting
java.lang.Thread.State: TIMED_WAITING
        at java.base@17.0.12/jdk.internal.misc.Unsafe.park(Native Method)
        at java.base@17.0.12/java.util.concurrent.locks.LockSupport.parkNanos(LockSupport.java:252)
        at java.base@17.0.12/java.util.concurrent.locks.AbstractQueuedSynchronizer$ConditionObject.awaitNanos(AbstractQueuedSynchronizer.java:1674)
        at java.base@17.0.12/java.util.concurrent.LinkedBlockingQueue.poll(LinkedBlockingQueue.java:460)
        at app//org.apache.hadoop.ipc.CallQueueManager.take(CallQueueManager.java:317)
        at app//org.apache.hadoop.ipc.Server$Handler.run(Server.java:3014)
"IPC Server handler 45 on default port 15009" daemon prio=5 tid=564 timed_waiting
java.lang.Thread.State: TIMED_WAITING
        at java.base@17.0.12/jdk.internal.misc.Unsafe.park(Native Method)
        at java.base@17.0.12/java.util.concurrent.locks.LockSupport.parkNanos(LockSupport.java:252)
        at java.base@17.0.12/java.util.concurrent.locks.AbstractQueuedSynchronizer$ConditionObject.awaitNanos(AbstractQueuedSynchronizer.java:1674)
        at java.base@17.0.12/java.util.concurrent.LinkedBlockingQueue.poll(LinkedBlockingQueue.java:460)
        at app//org.apache.hadoop.ipc.CallQueueManager.take(CallQueueManager.java:317)
        at app//org.apache.hadoop.ipc.Server$Handler.run(Server.java:3014)
"731aafee-c06b-4662-9d20-472061f2d46e@group-83D748725593-StateMachineUpdater" daemon prio=5 tid=946 timed_waiting
java.lang.Thread.State: TIMED_WAITING
        at java.base@17.0.12/jdk.internal.misc.Unsafe.park(Native Method)
        at java.base@17.0.12/java.util.concurrent.locks.LockSupport.parkNanos(LockSupport.java:252)
        at java.base@17.0.12/java.util.concurrent.locks.AbstractQueuedSynchronizer$ConditionObject.await(AbstractQueuedSynchronizer.java:1759)
        at app//org.apache.ratis.util.AwaitForSignal.await(AwaitForSignal.java:65)
        at app//org.apache.ratis.server.impl.StateMachineUpdater.waitForCommit(StateMachineUpdater.java:219)
        at app//org.apache.ratis.server.impl.StateMachineUpdater.run(StateMachineUpdater.java:187)
        at java.base@17.0.12/java.lang.Thread.run(Thread.java:840)
"IPC Server handler 7 on default port 15030" daemon prio=5 tid=754 timed_waiting
java.lang.Thread.State: TIMED_WAITING
        at java.base@17.0.12/jdk.internal.misc.Unsafe.park(Native Method)
        at java.base@17.0.12/java.util.concurrent.locks.LockSupport.parkNanos(LockSupport.java:252)
        at java.base@17.0.12/java.util.concurrent.locks.AbstractQueuedSynchronizer$ConditionObject.awaitNanos(AbstractQueuedSynchronizer.java:1674)
        at java.base@17.0.12/java.util.concurrent.LinkedBlockingQueue.poll(LinkedBlockingQueue.java:460)
        at app//org.apache.hadoop.ipc.CallQueueManager.take(CallQueueManager.java:317)
        at app//org.apache.hadoop.ipc.Server$Handler.run(Server.java:3014)
"Socket Reader #4 for port 15002"  prio=5 tid=36 runnable
java.lang.Thread.State: RUNNABLE
        at java.base@17.0.12/sun.nio.ch.EPoll.wait(Native Method)
        at java.base@17.0.12/sun.nio.ch.EPollSelectorImpl.doSelect(EPollSelectorImpl.java:118)
        at java.base@17.0.12/sun.nio.ch.SelectorImpl.lockAndDoSelect(SelectorImpl.java:129)
        at java.base@17.0.12/sun.nio.ch.SelectorImpl.select(SelectorImpl.java:146)
        at app//org.apache.hadoop.ipc.Server$Listener$Reader.doRunLoop(Server.java:1346)
        at app//org.apache.hadoop.ipc.Server$Listener$Reader.run(Server.java:1325)
"43b7afd8-9e19-4b34-aad7-81b8e915bbb6-groupManagement"  prio=5 tid=916 in Object.wait()
java.lang.Thread.State: WAITING (on object monitor)
        at java.base@17.0.12/jdk.internal.misc.Unsafe.park(Native Method)
        at java.base@17.0.12/java.util.concurrent.locks.LockSupport.park(LockSupport.java:341)
        at java.base@17.0.12/java.util.concurrent.locks.AbstractQueuedSynchronizer$ConditionNode.block(AbstractQueuedSynchronizer.java:506)
        at java.base@17.0.12/java.util.concurrent.ForkJoinPool.unmanagedBlock(ForkJoinPool.java:3465)
        at java.base@17.0.12/java.util.concurrent.ForkJoinPool.managedBlock(ForkJoinPool.java:3436)
        at java.base@17.0.12/java.util.concurrent.locks.AbstractQueuedSynchronizer$ConditionObject.await(AbstractQueuedSynchronizer.java:1625)
        at java.base@17.0.12/java.util.concurrent.LinkedBlockingQueue.take(LinkedBlockingQueue.java:435)
        at java.base@17.0.12/java.util.concurrent.ThreadPoolExecutor.getTask(ThreadPoolExecutor.java:1062)
        at java.base@17.0.12/java.util.concurrent.ThreadPoolExecutor.runWorker(ThreadPoolExecutor.java:1122)
        at java.base@17.0.12/java.util.concurrent.ThreadPoolExecutor$Worker.run(ThreadPoolExecutor.java:635)
        at java.base@17.0.12/java.lang.Thread.run(Thread.java:840)
"IPC Server handler 76 on default port 15000" daemon prio=5 tid=161 timed_waiting
java.lang.Thread.State: TIMED_WAITING
        at java.base@17.0.12/jdk.internal.misc.Unsafe.park(Native Method)
        at java.base@17.0.12/java.util.concurrent.locks.LockSupport.parkNanos(LockSupport.java:252)
        at java.base@17.0.12/java.util.concurrent.locks.AbstractQueuedSynchronizer$ConditionObject.awaitNanos(AbstractQueuedSynchronizer.java:1674)
        at java.base@17.0.12/java.util.concurrent.LinkedBlockingQueue.poll(LinkedBlockingQueue.java:460)
        at app//org.apache.hadoop.ipc.CallQueueManager.take(CallQueueManager.java:317)
        at app//org.apache.hadoop.ipc.Server$Handler.run(Server.java:3014)
"Socket Reader #7 for port 15000"  prio=5 tid=67 runnable
java.lang.Thread.State: RUNNABLE
        at java.base@17.0.12/sun.nio.ch.EPoll.wait(Native Method)
        at java.base@17.0.12/sun.nio.ch.EPollSelectorImpl.doSelect(EPollSelectorImpl.java:118)
        at java.base@17.0.12/sun.nio.ch.SelectorImpl.lockAndDoSelect(SelectorImpl.java:129)
        at java.base@17.0.12/sun.nio.ch.SelectorImpl.select(SelectorImpl.java:146)
        at app//org.apache.hadoop.ipc.Server$Listener$Reader.doRunLoop(Server.java:1346)
        at app//org.apache.hadoop.ipc.Server$Listener$Reader.run(Server.java:1325)
"44ff6b06-02d2-44ad-8aa1-4af94363565f@group-D91AC16046A8-LeaderStateImpl" daemon prio=5 tid=1029 timed_waiting
java.lang.Thread.State: TIMED_WAITING
        at java.base@17.0.12/jdk.internal.misc.Unsafe.park(Native Method)
        at java.base@17.0.12/java.util.concurrent.locks.LockSupport.parkNanos(LockSupport.java:252)
        at java.base@17.0.12/java.util.concurrent.locks.AbstractQueuedSynchronizer$ConditionObject.awaitNanos(AbstractQueuedSynchronizer.java:1674)
        at java.base@17.0.12/java.util.concurrent.ArrayBlockingQueue.poll(ArrayBlockingQueue.java:435)
        at app//org.apache.ratis.server.impl.LeaderStateImpl$EventQueue.poll(LeaderStateImpl.java:164)
        at app//org.apache.ratis.server.impl.LeaderStateImpl$EventProcessor.run(LeaderStateImpl.java:766)
"IPC Server handler 99 on default port 15001" daemon prio=5 tid=284 timed_waiting
java.lang.Thread.State: TIMED_WAITING
        at java.base@17.0.12/jdk.internal.misc.Unsafe.park(Native Method)
        at java.base@17.0.12/java.util.concurrent.locks.LockSupport.parkNanos(LockSupport.java:252)
        at java.base@17.0.12/java.util.concurrent.locks.AbstractQueuedSynchronizer$ConditionObject.awaitNanos(AbstractQueuedSynchronizer.java:1674)
        at java.base@17.0.12/java.util.concurrent.LinkedBlockingQueue.poll(LinkedBlockingQueue.java:460)
        at app//org.apache.hadoop.ipc.CallQueueManager.take(CallQueueManager.java:317)
        at app//org.apache.hadoop.ipc.Server$Handler.run(Server.java:3014)
"IPC Server handler 27 on default port 15002" daemon prio=5 tid=312 timed_waiting
java.lang.Thread.State: TIMED_WAITING
        at java.base@17.0.12/jdk.internal.misc.Unsafe.park(Native Method)
        at java.base@17.0.12/java.util.concurrent.locks.LockSupport.parkNanos(LockSupport.java:252)
        at java.base@17.0.12/java.util.concurrent.locks.AbstractQueuedSynchronizer$ConditionObject.awaitNanos(AbstractQueuedSynchronizer.java:1674)
        at java.base@17.0.12/java.util.concurrent.LinkedBlockingQueue.poll(LinkedBlockingQueue.java:460)
        at app//org.apache.hadoop.ipc.CallQueueManager.take(CallQueueManager.java:317)
        at app//org.apache.hadoop.ipc.Server$Handler.run(Server.java:3014)
"Socket Reader #5 for port 15030"  prio=5 tid=738 runnable
java.lang.Thread.State: RUNNABLE
        at java.base@17.0.12/sun.nio.ch.EPoll.wait(Native Method)
        at java.base@17.0.12/sun.nio.ch.EPollSelectorImpl.doSelect(EPollSelectorImpl.java:118)
        at java.base@17.0.12/sun.nio.ch.SelectorImpl.lockAndDoSelect(SelectorImpl.java:129)
        at java.base@17.0.12/sun.nio.ch.SelectorImpl.select(SelectorImpl.java:146)
        at app//org.apache.hadoop.ipc.Server$Listener$Reader.doRunLoop(Server.java:1346)
        at app//org.apache.hadoop.ipc.Server$Listener$Reader.run(Server.java:1325)
"IPC Server handler 59 on default port 15000" daemon prio=5 tid=144 timed_waiting
java.lang.Thread.State: TIMED_WAITING
        at java.base@17.0.12/jdk.internal.misc.Unsafe.park(Native Method)
        at java.base@17.0.12/java.util.concurrent.locks.LockSupport.parkNanos(LockSupport.java:252)
        at java.base@17.0.12/java.util.concurrent.locks.AbstractQueuedSynchronizer$ConditionObject.awaitNanos(AbstractQueuedSynchronizer.java:1674)
        at java.base@17.0.12/java.util.concurrent.LinkedBlockingQueue.poll(LinkedBlockingQueue.java:460)
        at app//org.apache.hadoop.ipc.CallQueueManager.take(CallQueueManager.java:317)
        at app//org.apache.hadoop.ipc.Server$Handler.run(Server.java:3014)
"IPC Server handler 8 on default port 15002" daemon prio=5 tid=293 timed_waiting
java.lang.Thread.State: TIMED_WAITING
        at java.base@17.0.12/jdk.internal.misc.Unsafe.park(Native Method)
        at java.base@17.0.12/java.util.concurrent.locks.LockSupport.parkNanos(LockSupport.java:252)
        at java.base@17.0.12/java.util.concurrent.locks.AbstractQueuedSynchronizer$ConditionObject.awaitNanos(AbstractQueuedSynchronizer.java:1674)
        at java.base@17.0.12/java.util.concurrent.LinkedBlockingQueue.poll(LinkedBlockingQueue.java:460)
        at app//org.apache.hadoop.ipc.CallQueueManager.take(CallQueueManager.java:317)
        at app//org.apache.hadoop.ipc.Server$Handler.run(Server.java:3014)
"IPC Server handler 60 on default port 15002" daemon prio=5 tid=345 timed_waiting
java.lang.Thread.State: TIMED_WAITING
        at java.base@17.0.12/jdk.internal.misc.Unsafe.park(Native Method)
        at java.base@17.0.12/java.util.concurrent.locks.LockSupport.parkNanos(LockSupport.java:252)
        at java.base@17.0.12/java.util.concurrent.locks.AbstractQueuedSynchronizer$ConditionObject.awaitNanos(AbstractQueuedSynchronizer.java:1674)
        at java.base@17.0.12/java.util.concurrent.LinkedBlockingQueue.poll(LinkedBlockingQueue.java:460)
        at app//org.apache.hadoop.ipc.CallQueueManager.take(CallQueueManager.java:317)
        at app//org.apache.hadoop.ipc.Server$Handler.run(Server.java:3014)
"44ff6b06-02d2-44ad-8aa1-4af94363565f-DatanodeReportManager-0" daemon prio=5 tid=758 timed_waiting
java.lang.Thread.State: TIMED_WAITING
        at java.base@17.0.12/jdk.internal.misc.Unsafe.park(Native Method)
        at java.base@17.0.12/java.util.concurrent.locks.LockSupport.parkNanos(LockSupport.java:252)
        at java.base@17.0.12/java.util.concurrent.locks.AbstractQueuedSynchronizer$ConditionObject.awaitNanos(AbstractQueuedSynchronizer.java:1674)
        at java.base@17.0.12/java.util.concurrent.ScheduledThreadPoolExecutor$DelayedWorkQueue.take(ScheduledThreadPoolExecutor.java:1182)
        at java.base@17.0.12/java.util.concurrent.ScheduledThreadPoolExecutor$DelayedWorkQueue.take(ScheduledThreadPoolExecutor.java:899)
        at java.base@17.0.12/java.util.concurrent.ThreadPoolExecutor.getTask(ThreadPoolExecutor.java:1062)
        at java.base@17.0.12/java.util.concurrent.ThreadPoolExecutor.runWorker(ThreadPoolExecutor.java:1122)
        at java.base@17.0.12/java.util.concurrent.ThreadPoolExecutor$Worker.run(ThreadPoolExecutor.java:635)
        at java.base@17.0.12/java.lang.Thread.run(Thread.java:840)
"IPC Server handler 31 on default port 15000" daemon prio=5 tid=116 timed_waiting
java.lang.Thread.State: TIMED_WAITING
        at java.base@17.0.12/jdk.internal.misc.Unsafe.park(Native Method)
        at java.base@17.0.12/java.util.concurrent.locks.LockSupport.parkNanos(LockSupport.java:252)
        at java.base@17.0.12/java.util.concurrent.locks.AbstractQueuedSynchronizer$ConditionObject.awaitNanos(AbstractQueuedSynchronizer.java:1674)
        at java.base@17.0.12/java.util.concurrent.LinkedBlockingQueue.poll(LinkedBlockingQueue.java:460)
        at app//org.apache.hadoop.ipc.CallQueueManager.take(CallQueueManager.java:317)
        at app//org.apache.hadoop.ipc.Server$Handler.run(Server.java:3014)
"IPC Server handler 74 on default port 15000" daemon prio=5 tid=159 timed_waiting
java.lang.Thread.State: TIMED_WAITING
        at java.base@17.0.12/jdk.internal.misc.Unsafe.park(Native Method)
        at java.base@17.0.12/java.util.concurrent.locks.LockSupport.parkNanos(LockSupport.java:252)
        at java.base@17.0.12/java.util.concurrent.locks.AbstractQueuedSynchronizer$ConditionObject.awaitNanos(AbstractQueuedSynchronizer.java:1674)
        at java.base@17.0.12/java.util.concurrent.LinkedBlockingQueue.poll(LinkedBlockingQueue.java:460)
        at app//org.apache.hadoop.ipc.CallQueueManager.take(CallQueueManager.java:317)
        at app//org.apache.hadoop.ipc.Server$Handler.run(Server.java:3014)
"731aafee-c06b-4662-9d20-472061f2d46e@group-83D748725593-SegmentedRaftLogWorker"  prio=5 tid=944 timed_waiting
java.lang.Thread.State: TIMED_WAITING
        at java.base@17.0.12/jdk.internal.misc.Unsafe.park(Native Method)
        at java.base@17.0.12/java.util.concurrent.locks.LockSupport.parkNanos(LockSupport.java:252)
        at java.base@17.0.12/java.util.concurrent.locks.AbstractQueuedSynchronizer$ConditionObject.awaitNanos(AbstractQueuedSynchronizer.java:1674)
        at app//org.apache.ratis.util.DataBlockingQueue.poll(DataBlockingQueue.java:148)
        at app//org.apache.ratis.server.raftlog.segmented.SegmentedRaftLogWorker.run(SegmentedRaftLogWorker.java:306)
        at app//org.apache.ratis.server.raftlog.segmented.SegmentedRaftLogWorker$$Lambda$1170/0x00007fa908729a20.run(Unknown Source)
        at java.base@17.0.12/java.util.concurrent.Executors$RunnableAdapter.call(Executors.java:539)
        at java.base@17.0.12/java.util.concurrent.FutureTask.run(FutureTask.java:264)
        at java.base@17.0.12/java.util.concurrent.ThreadPoolExecutor.runWorker(ThreadPoolExecutor.java:1136)
        at java.base@17.0.12/java.util.concurrent.ThreadPoolExecutor$Worker.run(ThreadPoolExecutor.java:635)
        at java.base@17.0.12/java.lang.Thread.run(Thread.java:840)
"IPC Server handler 49 on default port 15001" daemon prio=5 tid=234 timed_waiting
java.lang.Thread.State: TIMED_WAITING
        at java.base@17.0.12/jdk.internal.misc.Unsafe.park(Native Method)
        at java.base@17.0.12/java.util.concurrent.locks.LockSupport.parkNanos(LockSupport.java:252)
        at java.base@17.0.12/java.util.concurrent.locks.AbstractQueuedSynchronizer$ConditionObject.awaitNanos(AbstractQueuedSynchronizer.java:1674)
        at java.base@17.0.12/java.util.concurrent.LinkedBlockingQueue.poll(LinkedBlockingQueue.java:460)
        at app//org.apache.hadoop.ipc.CallQueueManager.take(CallQueueManager.java:317)
        at app//org.apache.hadoop.ipc.Server$Handler.run(Server.java:3014)
"IPC Server handler 52 on default port 15000" daemon prio=5 tid=137 timed_waiting
java.lang.Thread.State: TIMED_WAITING
        at java.base@17.0.12/jdk.internal.misc.Unsafe.park(Native Method)
        at java.base@17.0.12/java.util.concurrent.locks.LockSupport.parkNanos(LockSupport.java:252)
        at java.base@17.0.12/java.util.concurrent.locks.AbstractQueuedSynchronizer$ConditionObject.awaitNanos(AbstractQueuedSynchronizer.java:1674)
        at java.base@17.0.12/java.util.concurrent.LinkedBlockingQueue.poll(LinkedBlockingQueue.java:460)
        at app//org.apache.hadoop.ipc.CallQueueManager.take(CallQueueManager.java:317)
        at app//org.apache.hadoop.ipc.Server$Handler.run(Server.java:3014)
"IPC Server handler 83 on default port 15000" daemon prio=5 tid=168 timed_waiting
java.lang.Thread.State: TIMED_WAITING
        at java.base@17.0.12/jdk.internal.misc.Unsafe.park(Native Method)
        at java.base@17.0.12/java.util.concurrent.locks.LockSupport.parkNanos(LockSupport.java:252)
        at java.base@17.0.12/java.util.concurrent.locks.AbstractQueuedSynchronizer$ConditionObject.awaitNanos(AbstractQueuedSynchronizer.java:1674)
        at java.base@17.0.12/java.util.concurrent.LinkedBlockingQueue.poll(LinkedBlockingQueue.java:460)
        at app//org.apache.hadoop.ipc.CallQueueManager.take(CallQueueManager.java:317)
        at app//org.apache.hadoop.ipc.Server$Handler.run(Server.java:3014)
"Socket Reader #9 for port 15001"  prio=5 tid=55 runnable
java.lang.Thread.State: RUNNABLE
        at java.base@17.0.12/sun.nio.ch.EPoll.wait(Native Method)
        at java.base@17.0.12/sun.nio.ch.EPollSelectorImpl.doSelect(EPollSelectorImpl.java:118)
        at java.base@17.0.12/sun.nio.ch.SelectorImpl.lockAndDoSelect(SelectorImpl.java:129)
        at java.base@17.0.12/sun.nio.ch.SelectorImpl.select(SelectorImpl.java:146)
        at app//org.apache.hadoop.ipc.Server$Listener$Reader.doRunLoop(Server.java:1346)
        at app//org.apache.hadoop.ipc.Server$Listener$Reader.run(Server.java:1325)
"IPC Server handler 63 on default port 15009" daemon prio=5 tid=582 timed_waiting
java.lang.Thread.State: TIMED_WAITING
        at java.base@17.0.12/jdk.internal.misc.Unsafe.park(Native Method)
        at java.base@17.0.12/java.util.concurrent.locks.LockSupport.parkNanos(LockSupport.java:252)
        at java.base@17.0.12/java.util.concurrent.locks.AbstractQueuedSynchronizer$ConditionObject.awaitNanos(AbstractQueuedSynchronizer.java:1674)
        at java.base@17.0.12/java.util.concurrent.LinkedBlockingQueue.poll(LinkedBlockingQueue.java:460)
        at app//org.apache.hadoop.ipc.CallQueueManager.take(CallQueueManager.java:317)
        at app//org.apache.hadoop.ipc.Server$Handler.run(Server.java:3014)
"IPC Server handler 25 on default port 15002" daemon prio=5 tid=310 timed_waiting
java.lang.Thread.State: TIMED_WAITING
        at java.base@17.0.12/jdk.internal.misc.Unsafe.park(Native Method)
        at java.base@17.0.12/java.util.concurrent.locks.LockSupport.parkNanos(LockSupport.java:252)
        at java.base@17.0.12/java.util.concurrent.locks.AbstractQueuedSynchronizer$ConditionObject.awaitNanos(AbstractQueuedSynchronizer.java:1674)
        at java.base@17.0.12/java.util.concurrent.LinkedBlockingQueue.poll(LinkedBlockingQueue.java:460)
        at app//org.apache.hadoop.ipc.CallQueueManager.take(CallQueueManager.java:317)
        at app//org.apache.hadoop.ipc.Server$Handler.run(Server.java:3014)
"IPC Server handler 93 on default port 15009" daemon prio=5 tid=612 timed_waiting
java.lang.Thread.State: TIMED_WAITING
        at java.base@17.0.12/jdk.internal.misc.Unsafe.park(Native Method)
        at java.base@17.0.12/java.util.concurrent.locks.LockSupport.parkNanos(LockSupport.java:252)
        at java.base@17.0.12/java.util.concurrent.locks.AbstractQueuedSynchronizer$ConditionObject.awaitNanos(AbstractQueuedSynchronizer.java:1674)
        at java.base@17.0.12/java.util.concurrent.LinkedBlockingQueue.poll(LinkedBlockingQueue.java:460)
        at app//org.apache.hadoop.ipc.CallQueueManager.take(CallQueueManager.java:317)
        at app//org.apache.hadoop.ipc.Server$Handler.run(Server.java:3014)
"IPC Server handler 53 on default port 15001" daemon prio=5 tid=238 timed_waiting
java.lang.Thread.State: TIMED_WAITING
        at java.base@17.0.12/jdk.internal.misc.Unsafe.park(Native Method)
        at java.base@17.0.12/java.util.concurrent.locks.LockSupport.parkNanos(LockSupport.java:252)
        at java.base@17.0.12/java.util.concurrent.locks.AbstractQueuedSynchronizer$ConditionObject.awaitNanos(AbstractQueuedSynchronizer.java:1674)
        at java.base@17.0.12/java.util.concurrent.LinkedBlockingQueue.poll(LinkedBlockingQueue.java:460)
        at app//org.apache.hadoop.ipc.CallQueueManager.take(CallQueueManager.java:317)
        at app//org.apache.hadoop.ipc.Server$Handler.run(Server.java:3014)
"IPC Server handler 5 on default port 15012" daemon prio=5 tid=660 timed_waiting
java.lang.Thread.State: TIMED_WAITING
        at java.base@17.0.12/jdk.internal.misc.Unsafe.park(Native Method)
        at java.base@17.0.12/java.util.concurrent.locks.LockSupport.parkNanos(LockSupport.java:252)
        at java.base@17.0.12/java.util.concurrent.locks.AbstractQueuedSynchronizer$ConditionObject.awaitNanos(AbstractQueuedSynchronizer.java:1674)
        at java.base@17.0.12/java.util.concurrent.LinkedBlockingQueue.poll(LinkedBlockingQueue.java:460)
        at app//org.apache.hadoop.ipc.CallQueueManager.take(CallQueueManager.java:317)
        at app//org.apache.hadoop.ipc.Server$Handler.run(Server.java:3014)
"Socket Reader #2 for port 15012"  prio=5 tid=643 runnable
java.lang.Thread.State: RUNNABLE
        at java.base@17.0.12/sun.nio.ch.EPoll.wait(Native Method)
        at java.base@17.0.12/sun.nio.ch.EPollSelectorImpl.doSelect(EPollSelectorImpl.java:118)
        at java.base@17.0.12/sun.nio.ch.SelectorImpl.lockAndDoSelect(SelectorImpl.java:129)
        at java.base@17.0.12/sun.nio.ch.SelectorImpl.select(SelectorImpl.java:146)
        at app//org.apache.hadoop.ipc.Server$Listener$Reader.doRunLoop(Server.java:1346)
        at app//org.apache.hadoop.ipc.Server$Listener$Reader.run(Server.java:1325)
"43b7afd8-9e19-4b34-aad7-81b8e915bbb6-ChunkWriter-3-0" daemon prio=5 tid=845 in Object.wait()
java.lang.Thread.State: WAITING (on object monitor)
        at java.base@17.0.12/jdk.internal.misc.Unsafe.park(Native Method)
        at java.base@17.0.12/java.util.concurrent.locks.LockSupport.park(LockSupport.java:341)
        at java.base@17.0.12/java.util.concurrent.locks.AbstractQueuedSynchronizer$ConditionNode.block(AbstractQueuedSynchronizer.java:506)
        at java.base@17.0.12/java.util.concurrent.ForkJoinPool.unmanagedBlock(ForkJoinPool.java:3465)
        at java.base@17.0.12/java.util.concurrent.ForkJoinPool.managedBlock(ForkJoinPool.java:3436)
        at java.base@17.0.12/java.util.concurrent.locks.AbstractQueuedSynchronizer$ConditionObject.await(AbstractQueuedSynchronizer.java:1625)
        at java.base@17.0.12/java.util.concurrent.LinkedBlockingDeque.takeFirst(LinkedBlockingDeque.java:485)
        at java.base@17.0.12/java.util.concurrent.LinkedBlockingDeque.take(LinkedBlockingDeque.java:673)
        at java.base@17.0.12/java.util.concurrent.ThreadPoolExecutor.getTask(ThreadPoolExecutor.java:1062)
        at java.base@17.0.12/java.util.concurrent.ThreadPoolExecutor.runWorker(ThreadPoolExecutor.java:1122)
        at java.base@17.0.12/java.util.concurrent.ThreadPoolExecutor$Worker.run(ThreadPoolExecutor.java:635)
        at java.base@17.0.12/java.lang.Thread.run(Thread.java:840)
"Socket Reader #1 for port 15021"  prio=5 tid=688 runnable
java.lang.Thread.State: RUNNABLE
        at java.base@17.0.12/sun.nio.ch.EPoll.wait(Native Method)
        at java.base@17.0.12/sun.nio.ch.EPollSelectorImpl.doSelect(EPollSelectorImpl.java:118)
        at java.base@17.0.12/sun.nio.ch.SelectorImpl.lockAndDoSelect(SelectorImpl.java:129)
        at java.base@17.0.12/sun.nio.ch.SelectorImpl.select(SelectorImpl.java:146)
        at app//org.apache.hadoop.ipc.Server$Listener$Reader.doRunLoop(Server.java:1346)
        at app//org.apache.hadoop.ipc.Server$Listener$Reader.run(Server.java:1325)
"ForkJoinPool.commonPool-worker-2" daemon prio=5 tid=22 timed_waiting
java.lang.Thread.State: TIMED_WAITING
        at java.base@17.0.12/jdk.internal.misc.Unsafe.park(Native Method)
        at java.base@17.0.12/java.util.concurrent.locks.LockSupport.parkUntil(LockSupport.java:410)
        at java.base@17.0.12/java.util.concurrent.ForkJoinPool.awaitWork(ForkJoinPool.java:1726)
        at java.base@17.0.12/java.util.concurrent.ForkJoinPool.runWorker(ForkJoinPool.java:1623)
        at java.base@17.0.12/java.util.concurrent.ForkJoinWorkerThread.run(ForkJoinWorkerThread.java:165)
"Socket Reader #7 for port 15002"  prio=5 tid=39 runnable
java.lang.Thread.State: RUNNABLE
        at java.base@17.0.12/sun.nio.ch.EPoll.wait(Native Method)
        at java.base@17.0.12/sun.nio.ch.EPollSelectorImpl.doSelect(EPollSelectorImpl.java:118)
        at java.base@17.0.12/sun.nio.ch.SelectorImpl.lockAndDoSelect(SelectorImpl.java:129)
        at java.base@17.0.12/sun.nio.ch.SelectorImpl.select(SelectorImpl.java:146)
        at app//org.apache.hadoop.ipc.Server$Listener$Reader.doRunLoop(Server.java:1346)
        at app//org.apache.hadoop.ipc.Server$Listener$Reader.run(Server.java:1325)
"qtp798439904-447" daemon prio=5 tid=447 timed_waiting
java.lang.Thread.State: TIMED_WAITING
        at java.base@17.0.12/jdk.internal.misc.Unsafe.park(Native Method)
        at java.base@17.0.12/java.util.concurrent.locks.LockSupport.parkNanos(LockSupport.java:252)
        at java.base@17.0.12/java.util.concurrent.locks.AbstractQueuedSynchronizer$ConditionObject.awaitNanos(AbstractQueuedSynchronizer.java:1674)
        at app//org.eclipse.jetty.util.BlockingArrayQueue.poll(BlockingArrayQueue.java:382)
        at app//org.eclipse.jetty.util.thread.QueuedThreadPool$Runner.idleJobPoll(QueuedThreadPool.java:974)
        at app//org.eclipse.jetty.util.thread.QueuedThreadPool$Runner.run(QueuedThreadPool.java:1018)
        at java.base@17.0.12/java.lang.Thread.run(Thread.java:840)
"IPC Server handler 0 on default port 15002" daemon prio=5 tid=285 timed_waiting
java.lang.Thread.State: TIMED_WAITING
        at java.base@17.0.12/jdk.internal.misc.Unsafe.park(Native Method)
        at java.base@17.0.12/java.util.concurrent.locks.LockSupport.parkNanos(LockSupport.java:252)
        at java.base@17.0.12/java.util.concurrent.locks.AbstractQueuedSynchronizer$ConditionObject.awaitNanos(AbstractQueuedSynchronizer.java:1674)
        at java.base@17.0.12/java.util.concurrent.LinkedBlockingQueue.poll(LinkedBlockingQueue.java:460)
        at app//org.apache.hadoop.ipc.CallQueueManager.take(CallQueueManager.java:317)
        at app//org.apache.hadoop.ipc.Server$Handler.run(Server.java:3014)
"IPC Server handler 24 on default port 15000" daemon prio=5 tid=109 timed_waiting
java.lang.Thread.State: TIMED_WAITING
        at java.base@17.0.12/jdk.internal.misc.Unsafe.park(Native Method)
        at java.base@17.0.12/java.util.concurrent.locks.LockSupport.parkNanos(LockSupport.java:252)
        at java.base@17.0.12/java.util.concurrent.locks.AbstractQueuedSynchronizer$ConditionObject.awaitNanos(AbstractQueuedSynchronizer.java:1674)
        at java.base@17.0.12/java.util.concurrent.LinkedBlockingQueue.poll(LinkedBlockingQueue.java:460)
        at app//org.apache.hadoop.ipc.CallQueueManager.take(CallQueueManager.java:317)
        at app//org.apache.hadoop.ipc.Server$Handler.run(Server.java:3014)
"IPC Server handler 92 on default port 15002" daemon prio=5 tid=377 timed_waiting
java.lang.Thread.State: TIMED_WAITING
        at java.base@17.0.12/jdk.internal.misc.Unsafe.park(Native Method)
        at java.base@17.0.12/java.util.concurrent.locks.LockSupport.parkNanos(LockSupport.java:252)
        at java.base@17.0.12/java.util.concurrent.locks.AbstractQueuedSynchronizer$ConditionObject.awaitNanos(AbstractQueuedSynchronizer.java:1674)
        at java.base@17.0.12/java.util.concurrent.LinkedBlockingQueue.poll(LinkedBlockingQueue.java:460)
        at app//org.apache.hadoop.ipc.CallQueueManager.take(CallQueueManager.java:317)
        at app//org.apache.hadoop.ipc.Server$Handler.run(Server.java:3014)
"IPC Server handler 87 on default port 15009" daemon prio=5 tid=606 timed_waiting
java.lang.Thread.State: TIMED_WAITING
        at java.base@17.0.12/jdk.internal.misc.Unsafe.park(Native Method)
        at java.base@17.0.12/java.util.concurrent.locks.LockSupport.parkNanos(LockSupport.java:252)
        at java.base@17.0.12/java.util.concurrent.locks.AbstractQueuedSynchronizer$ConditionObject.awaitNanos(AbstractQueuedSynchronizer.java:1674)
        at java.base@17.0.12/java.util.concurrent.LinkedBlockingQueue.poll(LinkedBlockingQueue.java:460)
        at app//org.apache.hadoop.ipc.CallQueueManager.take(CallQueueManager.java:317)
        at app//org.apache.hadoop.ipc.Server$Handler.run(Server.java:3014)
"IPC Server Responder" daemon prio=5 tid=699 runnable
java.lang.Thread.State: RUNNABLE
        at java.base@17.0.12/sun.nio.ch.EPoll.wait(Native Method)
        at java.base@17.0.12/sun.nio.ch.EPollSelectorImpl.doSelect(EPollSelectorImpl.java:118)
        at java.base@17.0.12/sun.nio.ch.SelectorImpl.lockAndDoSelect(SelectorImpl.java:129)
        at java.base@17.0.12/sun.nio.ch.SelectorImpl.select(SelectorImpl.java:141)
        at app//org.apache.hadoop.ipc.Server$Responder.doRunLoop(Server.java:1582)
        at app//org.apache.hadoop.ipc.Server$Responder.run(Server.java:1565)
"IPC Server handler 8 on default port 15000" daemon prio=5 tid=93 timed_waiting
java.lang.Thread.State: TIMED_WAITING
        at java.base@17.0.12/jdk.internal.misc.Unsafe.park(Native Method)
        at java.base@17.0.12/java.util.concurrent.locks.LockSupport.parkNanos(LockSupport.java:252)
        at java.base@17.0.12/java.util.concurrent.locks.AbstractQueuedSynchronizer$ConditionObject.awaitNanos(AbstractQueuedSynchronizer.java:1674)
        at java.base@17.0.12/java.util.concurrent.LinkedBlockingQueue.poll(LinkedBlockingQueue.java:460)
        at app//org.apache.hadoop.ipc.CallQueueManager.take(CallQueueManager.java:317)
        at app//org.apache.hadoop.ipc.Server$Handler.run(Server.java:3014)
"IPC Server handler 59 on default port 15009" daemon prio=5 tid=578 timed_waiting
java.lang.Thread.State: TIMED_WAITING
        at java.base@17.0.12/jdk.internal.misc.Unsafe.park(Native Method)
        at java.base@17.0.12/java.util.concurrent.locks.LockSupport.parkNanos(LockSupport.java:252)
        at java.base@17.0.12/java.util.concurrent.locks.AbstractQueuedSynchronizer$ConditionObject.awaitNanos(AbstractQueuedSynchronizer.java:1674)
        at java.base@17.0.12/java.util.concurrent.LinkedBlockingQueue.poll(LinkedBlockingQueue.java:460)
        at app//org.apache.hadoop.ipc.CallQueueManager.take(CallQueueManager.java:317)
        at app//org.apache.hadoop.ipc.Server$Handler.run(Server.java:3014)
"IPC Server handler 79 on default port 15000" daemon prio=5 tid=164 timed_waiting
java.lang.Thread.State: TIMED_WAITING
        at java.base@17.0.12/jdk.internal.misc.Unsafe.park(Native Method)
        at java.base@17.0.12/java.util.concurrent.locks.LockSupport.parkNanos(LockSupport.java:252)
        at java.base@17.0.12/java.util.concurrent.locks.AbstractQueuedSynchronizer$ConditionObject.awaitNanos(AbstractQueuedSynchronizer.java:1674)
        at java.base@17.0.12/java.util.concurrent.LinkedBlockingQueue.poll(LinkedBlockingQueue.java:460)
        at app//org.apache.hadoop.ipc.CallQueueManager.take(CallQueueManager.java:317)
        at app//org.apache.hadoop.ipc.Server$Handler.run(Server.java:3014)
"IPC Server handler 18 on default port 15000" daemon prio=5 tid=103 timed_waiting
java.lang.Thread.State: TIMED_WAITING
        at java.base@17.0.12/jdk.internal.misc.Unsafe.park(Native Method)
        at java.base@17.0.12/java.util.concurrent.locks.LockSupport.parkNanos(LockSupport.java:252)
        at java.base@17.0.12/java.util.concurrent.locks.AbstractQueuedSynchronizer$ConditionObject.awaitNanos(AbstractQueuedSynchronizer.java:1674)
        at java.base@17.0.12/java.util.concurrent.LinkedBlockingQueue.poll(LinkedBlockingQueue.java:460)
        at app//org.apache.hadoop.ipc.CallQueueManager.take(CallQueueManager.java:317)
        at app//org.apache.hadoop.ipc.Server$Handler.run(Server.java:3014)
"IPC Server handler 67 on default port 15009" daemon prio=5 tid=586 timed_waiting
java.lang.Thread.State: TIMED_WAITING
        at java.base@17.0.12/jdk.internal.misc.Unsafe.park(Native Method)
        at java.base@17.0.12/java.util.concurrent.locks.LockSupport.parkNanos(LockSupport.java:252)
        at java.base@17.0.12/java.util.concurrent.locks.AbstractQueuedSynchronizer$ConditionObject.awaitNanos(AbstractQueuedSynchronizer.java:1674)
        at java.base@17.0.12/java.util.concurrent.LinkedBlockingQueue.poll(LinkedBlockingQueue.java:460)
        at app//org.apache.hadoop.ipc.CallQueueManager.take(CallQueueManager.java:317)
        at app//org.apache.hadoop.ipc.Server$Handler.run(Server.java:3014)
"Signal Dispatcher" daemon prio=9 tid=4 runnable
java.lang.Thread.State: RUNNABLE
"IPC Server handler 42 on default port 15002" daemon prio=5 tid=327 timed_waiting
java.lang.Thread.State: TIMED_WAITING
        at java.base@17.0.12/jdk.internal.misc.Unsafe.park(Native Method)
        at java.base@17.0.12/java.util.concurrent.locks.LockSupport.parkNanos(LockSupport.java:252)
        at java.base@17.0.12/java.util.concurrent.locks.AbstractQueuedSynchronizer$ConditionObject.awaitNanos(AbstractQueuedSynchronizer.java:1674)
        at java.base@17.0.12/java.util.concurrent.LinkedBlockingQueue.poll(LinkedBlockingQueue.java:460)
        at app//org.apache.hadoop.ipc.CallQueueManager.take(CallQueueManager.java:317)
        at app//org.apache.hadoop.ipc.Server$Handler.run(Server.java:3014)
"IPC Server handler 9 on default port 15001" daemon prio=5 tid=194 timed_waiting
java.lang.Thread.State: TIMED_WAITING
        at java.base@17.0.12/jdk.internal.misc.Unsafe.park(Native Method)
        at java.base@17.0.12/java.util.concurrent.locks.LockSupport.parkNanos(LockSupport.java:252)
        at java.base@17.0.12/java.util.concurrent.locks.AbstractQueuedSynchronizer$ConditionObject.awaitNanos(AbstractQueuedSynchronizer.java:1674)
        at java.base@17.0.12/java.util.concurrent.LinkedBlockingQueue.poll(LinkedBlockingQueue.java:460)
        at app//org.apache.hadoop.ipc.CallQueueManager.take(CallQueueManager.java:317)
        at app//org.apache.hadoop.ipc.Server$Handler.run(Server.java:3014)
"IPC Server handler 14 on default port 15001" daemon prio=5 tid=199 timed_waiting
java.lang.Thread.State: TIMED_WAITING
        at java.base@17.0.12/jdk.internal.misc.Unsafe.park(Native Method)
        at java.base@17.0.12/java.util.concurrent.locks.LockSupport.parkNanos(LockSupport.java:252)
        at java.base@17.0.12/java.util.concurrent.locks.AbstractQueuedSynchronizer$ConditionObject.awaitNanos(AbstractQueuedSynchronizer.java:1674)
        at java.base@17.0.12/java.util.concurrent.LinkedBlockingQueue.poll(LinkedBlockingQueue.java:460)
        at app//org.apache.hadoop.ipc.CallQueueManager.take(CallQueueManager.java:317)
        at app//org.apache.hadoop.ipc.Server$Handler.run(Server.java:3014)
"IPC Server Responder" daemon prio=5 tid=653 runnable
java.lang.Thread.State: RUNNABLE
        at java.base@17.0.12/sun.nio.ch.EPoll.wait(Native Method)
        at java.base@17.0.12/sun.nio.ch.EPollSelectorImpl.doSelect(EPollSelectorImpl.java:118)
        at java.base@17.0.12/sun.nio.ch.SelectorImpl.lockAndDoSelect(SelectorImpl.java:129)
        at java.base@17.0.12/sun.nio.ch.SelectorImpl.select(SelectorImpl.java:141)
        at app//org.apache.hadoop.ipc.Server$Responder.doRunLoop(Server.java:1582)
        at app//org.apache.hadoop.ipc.Server$Responder.run(Server.java:1565)
"IPC Server handler 21 on default port 15009" daemon prio=5 tid=540 timed_waiting
java.lang.Thread.State: TIMED_WAITING
        at java.base@17.0.12/jdk.internal.misc.Unsafe.park(Native Method)
        at java.base@17.0.12/java.util.concurrent.locks.LockSupport.parkNanos(LockSupport.java:252)
        at java.base@17.0.12/java.util.concurrent.locks.AbstractQueuedSynchronizer$ConditionObject.awaitNanos(AbstractQueuedSynchronizer.java:1674)
        at java.base@17.0.12/java.util.concurrent.LinkedBlockingQueue.poll(LinkedBlockingQueue.java:460)
        at app//org.apache.hadoop.ipc.CallQueueManager.take(CallQueueManager.java:317)
        at app//org.apache.hadoop.ipc.Server$Handler.run(Server.java:3014)
"44ff6b06-02d2-44ad-8aa1-4af94363565f-ChunkReader-ELG-0" daemon prio=5 tid=866 runnable
java.lang.Thread.State: RUNNABLE
        at app//org.apache.ratis.thirdparty.io.netty.channel.epoll.Native.epollWait(Native Method)
        at app//org.apache.ratis.thirdparty.io.netty.channel.epoll.Native.epollWait(Native.java:220)
        at app//org.apache.ratis.thirdparty.io.netty.channel.epoll.Native.epollWait(Native.java:213)
        at app//org.apache.ratis.thirdparty.io.netty.channel.epoll.EpollEventLoop.epollWaitNoTimerChange(EpollEventLoop.java:308)
        at app//org.apache.ratis.thirdparty.io.netty.channel.epoll.EpollEventLoop.run(EpollEventLoop.java:365)
        at app//org.apache.ratis.thirdparty.io.netty.util.concurrent.SingleThreadEventExecutor$4.run(SingleThreadEventExecutor.java:997)
        at app//org.apache.ratis.thirdparty.io.netty.util.internal.ThreadExecutorMap$2.run(ThreadExecutorMap.java:74)
        at java.base@17.0.12/java.lang.Thread.run(Thread.java:840)
"IPC Server handler 95 on default port 15000" daemon prio=5 tid=180 timed_waiting
java.lang.Thread.State: TIMED_WAITING
        at java.base@17.0.12/jdk.internal.misc.Unsafe.park(Native Method)
        at java.base@17.0.12/java.util.concurrent.locks.LockSupport.parkNanos(LockSupport.java:252)
        at java.base@17.0.12/java.util.concurrent.locks.AbstractQueuedSynchronizer$ConditionObject.awaitNanos(AbstractQueuedSynchronizer.java:1674)
        at java.base@17.0.12/java.util.concurrent.LinkedBlockingQueue.poll(LinkedBlockingQueue.java:460)
        at app//org.apache.hadoop.ipc.CallQueueManager.take(CallQueueManager.java:317)
        at app//org.apache.hadoop.ipc.Server$Handler.run(Server.java:3014)
"IPC Server handler 26 on default port 15002" daemon prio=5 tid=311 timed_waiting
java.lang.Thread.State: TIMED_WAITING
        at java.base@17.0.12/jdk.internal.misc.Unsafe.park(Native Method)
        at java.base@17.0.12/java.util.concurrent.locks.LockSupport.parkNanos(LockSupport.java:252)
        at java.base@17.0.12/java.util.concurrent.locks.AbstractQueuedSynchronizer$ConditionObject.awaitNanos(AbstractQueuedSynchronizer.java:1674)
        at java.base@17.0.12/java.util.concurrent.LinkedBlockingQueue.poll(LinkedBlockingQueue.java:460)
        at app//org.apache.hadoop.ipc.CallQueueManager.take(CallQueueManager.java:317)
        at app//org.apache.hadoop.ipc.Server$Handler.run(Server.java:3014)
"IPC Server handler 21 on default port 15000" daemon prio=5 tid=106 timed_waiting
java.lang.Thread.State: TIMED_WAITING
        at java.base@17.0.12/jdk.internal.misc.Unsafe.park(Native Method)
        at java.base@17.0.12/java.util.concurrent.locks.LockSupport.parkNanos(LockSupport.java:252)
        at java.base@17.0.12/java.util.concurrent.locks.AbstractQueuedSynchronizer$ConditionObject.awaitNanos(AbstractQueuedSynchronizer.java:1674)
        at java.base@17.0.12/java.util.concurrent.LinkedBlockingQueue.poll(LinkedBlockingQueue.java:460)
        at app//org.apache.hadoop.ipc.CallQueueManager.take(CallQueueManager.java:317)
        at app//org.apache.hadoop.ipc.Server$Handler.run(Server.java:3014)
"StaleRecoveringContainerScrubbingService#1" daemon prio=5 tid=832 in Object.wait()
java.lang.Thread.State: WAITING (on object monitor)
        at java.base@17.0.12/jdk.internal.misc.Unsafe.park(Native Method)
        at java.base@17.0.12/java.util.concurrent.locks.LockSupport.park(LockSupport.java:341)
        at java.base@17.0.12/java.util.concurrent.locks.AbstractQueuedSynchronizer$ConditionNode.block(AbstractQueuedSynchronizer.java:506)
        at java.base@17.0.12/java.util.concurrent.ForkJoinPool.unmanagedBlock(ForkJoinPool.java:3465)
        at java.base@17.0.12/java.util.concurrent.ForkJoinPool.managedBlock(ForkJoinPool.java:3436)
        at java.base@17.0.12/java.util.concurrent.locks.AbstractQueuedSynchronizer$ConditionObject.await(AbstractQueuedSynchronizer.java:1625)
        at java.base@17.0.12/java.util.concurrent.ScheduledThreadPoolExecutor$DelayedWorkQueue.take(ScheduledThreadPoolExecutor.java:1177)
        at java.base@17.0.12/java.util.concurrent.ScheduledThreadPoolExecutor$DelayedWorkQueue.take(ScheduledThreadPoolExecutor.java:899)
        at java.base@17.0.12/java.util.concurrent.ThreadPoolExecutor.getTask(ThreadPoolExecutor.java:1062)
        at java.base@17.0.12/java.util.concurrent.ThreadPoolExecutor.runWorker(ThreadPoolExecutor.java:1122)
        at java.base@17.0.12/java.util.concurrent.ThreadPoolExecutor$Worker.run(ThreadPoolExecutor.java:635)
        at java.base@17.0.12/java.lang.Thread.run(Thread.java:840)
"731aafee-c06b-4662-9d20-472061f2d46e@group-ADA0F752C078-StateMachineUpdater" daemon prio=5 tid=905 timed_waiting
java.lang.Thread.State: TIMED_WAITING
        at java.base@17.0.12/jdk.internal.misc.Unsafe.park(Native Method)
        at java.base@17.0.12/java.util.concurrent.locks.LockSupport.parkNanos(LockSupport.java:252)
        at java.base@17.0.12/java.util.concurrent.locks.AbstractQueuedSynchronizer$ConditionObject.await(AbstractQueuedSynchronizer.java:1759)
        at app//org.apache.ratis.util.AwaitForSignal.await(AwaitForSignal.java:65)
        at app//org.apache.ratis.server.impl.StateMachineUpdater.waitForCommit(StateMachineUpdater.java:219)
        at app//org.apache.ratis.server.impl.StateMachineUpdater.run(StateMachineUpdater.java:187)
        at java.base@17.0.12/java.lang.Thread.run(Thread.java:840)
"Session-HouseKeeper-481bd693-1"  prio=5 tid=514 timed_waiting
java.lang.Thread.State: TIMED_WAITING
        at java.base@17.0.12/jdk.internal.misc.Unsafe.park(Native Method)
        at java.base@17.0.12/java.util.concurrent.locks.LockSupport.parkNanos(LockSupport.java:252)
        at java.base@17.0.12/java.util.concurrent.locks.AbstractQueuedSynchronizer$ConditionObject.awaitNanos(AbstractQueuedSynchronizer.java:1674)
        at java.base@17.0.12/java.util.concurrent.ScheduledThreadPoolExecutor$DelayedWorkQueue.take(ScheduledThreadPoolExecutor.java:1182)
        at java.base@17.0.12/java.util.concurrent.ScheduledThreadPoolExecutor$DelayedWorkQueue.take(ScheduledThreadPoolExecutor.java:899)
        at java.base@17.0.12/java.util.concurrent.ThreadPoolExecutor.getTask(ThreadPoolExecutor.java:1062)
        at java.base@17.0.12/java.util.concurrent.ThreadPoolExecutor.runWorker(ThreadPoolExecutor.java:1122)
        at java.base@17.0.12/java.util.concurrent.ThreadPoolExecutor$Worker.run(ThreadPoolExecutor.java:635)
        at java.base@17.0.12/java.lang.Thread.run(Thread.java:840)
"IPC Server handler 21 on default port 15001" daemon prio=5 tid=206 timed_waiting
java.lang.Thread.State: TIMED_WAITING
        at java.base@17.0.12/jdk.internal.misc.Unsafe.park(Native Method)
        at java.base@17.0.12/java.util.concurrent.locks.LockSupport.parkNanos(LockSupport.java:252)
        at java.base@17.0.12/java.util.concurrent.locks.AbstractQueuedSynchronizer$ConditionObject.awaitNanos(AbstractQueuedSynchronizer.java:1674)
        at java.base@17.0.12/java.util.concurrent.LinkedBlockingQueue.poll(LinkedBlockingQueue.java:460)
        at app//org.apache.hadoop.ipc.CallQueueManager.take(CallQueueManager.java:317)
        at app//org.apache.hadoop.ipc.Server$Handler.run(Server.java:3014)
"IPC Server handler 99 on default port 15002" daemon prio=5 tid=384 timed_waiting
java.lang.Thread.State: TIMED_WAITING
        at java.base@17.0.12/jdk.internal.misc.Unsafe.park(Native Method)
        at java.base@17.0.12/java.util.concurrent.locks.LockSupport.parkNanos(LockSupport.java:252)
        at java.base@17.0.12/java.util.concurrent.locks.AbstractQueuedSynchronizer$ConditionObject.awaitNanos(AbstractQueuedSynchronizer.java:1674)
        at java.base@17.0.12/java.util.concurrent.LinkedBlockingQueue.poll(LinkedBlockingQueue.java:460)
        at app//org.apache.hadoop.ipc.CallQueueManager.take(CallQueueManager.java:317)
        at app//org.apache.hadoop.ipc.Server$Handler.run(Server.java:3014)
"grpc-default-worker-ELG-3-3" daemon prio=5 tid=913 runnable
java.lang.Thread.State: RUNNABLE
        at app//org.apache.ratis.thirdparty.io.netty.channel.epoll.Native.epollWait0(Native Method)
        at app//org.apache.ratis.thirdparty.io.netty.channel.epoll.Native.epollWait(Native.java:193)
        at app//org.apache.ratis.thirdparty.io.netty.channel.epoll.EpollEventLoop.epollWait(EpollEventLoop.java:304)
        at app//org.apache.ratis.thirdparty.io.netty.channel.epoll.EpollEventLoop.run(EpollEventLoop.java:368)
        at app//org.apache.ratis.thirdparty.io.netty.util.concurrent.SingleThreadEventExecutor$4.run(SingleThreadEventExecutor.java:997)
        at app//org.apache.ratis.thirdparty.io.netty.util.internal.ThreadExecutorMap$2.run(ThreadExecutorMap.java:74)
        at app//org.apache.ratis.thirdparty.io.netty.util.concurrent.FastThreadLocalRunnable.run(FastThreadLocalRunnable.java:30)
        at java.base@17.0.12/java.lang.Thread.run(Thread.java:840)
"IPC Server handler 13 on default port 15002" daemon prio=5 tid=298 timed_waiting
java.lang.Thread.State: TIMED_WAITING
        at java.base@17.0.12/jdk.internal.misc.Unsafe.park(Native Method)
        at java.base@17.0.12/java.util.concurrent.locks.LockSupport.parkNanos(LockSupport.java:252)
        at java.base@17.0.12/java.util.concurrent.locks.AbstractQueuedSynchronizer$ConditionObject.awaitNanos(AbstractQueuedSynchronizer.java:1674)
        at java.base@17.0.12/java.util.concurrent.LinkedBlockingQueue.poll(LinkedBlockingQueue.java:460)
        at app//org.apache.hadoop.ipc.CallQueueManager.take(CallQueueManager.java:317)
        at app//org.apache.hadoop.ipc.Server$Handler.run(Server.java:3014)
"Session-HouseKeeper-2c9d03ee-1"  prio=5 tid=686 timed_waiting
java.lang.Thread.State: TIMED_WAITING
        at java.base@17.0.12/jdk.internal.misc.Unsafe.park(Native Method)
        at java.base@17.0.12/java.util.concurrent.locks.LockSupport.parkNanos(LockSupport.java:252)
        at java.base@17.0.12/java.util.concurrent.locks.AbstractQueuedSynchronizer$ConditionObject.awaitNanos(AbstractQueuedSynchronizer.java:1674)
        at java.base@17.0.12/java.util.concurrent.ScheduledThreadPoolExecutor$DelayedWorkQueue.take(ScheduledThreadPoolExecutor.java:1182)
        at java.base@17.0.12/java.util.concurrent.ScheduledThreadPoolExecutor$DelayedWorkQueue.take(ScheduledThreadPoolExecutor.java:899)
        at java.base@17.0.12/java.util.concurrent.ThreadPoolExecutor.getTask(ThreadPoolExecutor.java:1062)
        at java.base@17.0.12/java.util.concurrent.ThreadPoolExecutor.runWorker(ThreadPoolExecutor.java:1122)
        at java.base@17.0.12/java.util.concurrent.ThreadPoolExecutor$Worker.run(ThreadPoolExecutor.java:635)
        at java.base@17.0.12/java.lang.Thread.run(Thread.java:840)
"44ff6b06-02d2-44ad-8aa1-4af94363565f@group-D91AC16046A8-cacheEviction-AwaitToRun" daemon prio=5 tid=968 in Object.wait()
java.lang.Thread.State: WAITING (on object monitor)
        at java.base@17.0.12/jdk.internal.misc.Unsafe.park(Native Method)
        at java.base@17.0.12/java.util.concurrent.locks.LockSupport.park(LockSupport.java:341)
        at java.base@17.0.12/java.util.concurrent.locks.AbstractQueuedSynchronizer$ConditionNode.block(AbstractQueuedSynchronizer.java:506)
        at java.base@17.0.12/java.util.concurrent.ForkJoinPool.unmanagedBlock(ForkJoinPool.java:3465)
        at java.base@17.0.12/java.util.concurrent.ForkJoinPool.managedBlock(ForkJoinPool.java:3436)
        at java.base@17.0.12/java.util.concurrent.locks.AbstractQueuedSynchronizer$ConditionObject.await(AbstractQueuedSynchronizer.java:1625)
        at app//org.apache.ratis.util.AwaitForSignal.await(AwaitForSignal.java:48)
        at app//org.apache.ratis.util.AwaitToRun$RunnableImpl.run(AwaitToRun.java:47)
        at java.base@17.0.12/java.lang.Thread.run(Thread.java:840)
"IPC Server handler 73 on default port 15001" daemon prio=5 tid=258 timed_waiting
java.lang.Thread.State: TIMED_WAITING
        at java.base@17.0.12/jdk.internal.misc.Unsafe.park(Native Method)
        at java.base@17.0.12/java.util.concurrent.locks.LockSupport.parkNanos(LockSupport.java:252)
        at java.base@17.0.12/java.util.concurrent.locks.AbstractQueuedSynchronizer$ConditionObject.awaitNanos(AbstractQueuedSynchronizer.java:1674)
        at java.base@17.0.12/java.util.concurrent.LinkedBlockingQueue.poll(LinkedBlockingQueue.java:460)
        at app//org.apache.hadoop.ipc.CallQueueManager.take(CallQueueManager.java:317)
        at app//org.apache.hadoop.ipc.Server$Handler.run(Server.java:3014)
"44ff6b06-02d2-44ad-8aa1-4af94363565f-EndpointStateMachineTaskThread-/0.0.0.0:15002-0 "  prio=5 tid=853 in Object.wait()
java.lang.Thread.State: WAITING (on object monitor)
        at java.base@17.0.12/jdk.internal.misc.Unsafe.park(Native Method)
        at java.base@17.0.12/java.util.concurrent.locks.LockSupport.park(LockSupport.java:341)
        at java.base@17.0.12/java.util.concurrent.locks.AbstractQueuedSynchronizer$ConditionNode.block(AbstractQueuedSynchronizer.java:506)
        at java.base@17.0.12/java.util.concurrent.ForkJoinPool.unmanagedBlock(ForkJoinPool.java:3465)
        at java.base@17.0.12/java.util.concurrent.ForkJoinPool.managedBlock(ForkJoinPool.java:3436)
        at java.base@17.0.12/java.util.concurrent.locks.AbstractQueuedSynchronizer$ConditionObject.await(AbstractQueuedSynchronizer.java:1625)
        at java.base@17.0.12/java.util.concurrent.LinkedBlockingQueue.take(LinkedBlockingQueue.java:435)
        at java.base@17.0.12/java.util.concurrent.ThreadPoolExecutor.getTask(ThreadPoolExecutor.java:1062)
        at java.base@17.0.12/java.util.concurrent.ThreadPoolExecutor.runWorker(ThreadPoolExecutor.java:1122)
        at java.base@17.0.12/java.util.concurrent.ThreadPoolExecutor$Worker.run(ThreadPoolExecutor.java:635)
        at java.base@17.0.12/java.lang.Thread.run(Thread.java:840)
"IPC Server handler 16 on default port 15000" daemon prio=5 tid=101 timed_waiting
java.lang.Thread.State: TIMED_WAITING
        at java.base@17.0.12/jdk.internal.misc.Unsafe.park(Native Method)
        at java.base@17.0.12/java.util.concurrent.locks.LockSupport.parkNanos(LockSupport.java:252)
        at java.base@17.0.12/java.util.concurrent.locks.AbstractQueuedSynchronizer$ConditionObject.awaitNanos(AbstractQueuedSynchronizer.java:1674)
        at java.base@17.0.12/java.util.concurrent.LinkedBlockingQueue.poll(LinkedBlockingQueue.java:460)
        at app//org.apache.hadoop.ipc.CallQueueManager.take(CallQueueManager.java:317)
        at app//org.apache.hadoop.ipc.Server$Handler.run(Server.java:3014)
"IPC Server handler 21 on default port 15002" daemon prio=5 tid=306 timed_waiting
java.lang.Thread.State: TIMED_WAITING
        at java.base@17.0.12/jdk.internal.misc.Unsafe.park(Native Method)
        at java.base@17.0.12/java.util.concurrent.locks.LockSupport.parkNanos(LockSupport.java:252)
        at java.base@17.0.12/java.util.concurrent.locks.AbstractQueuedSynchronizer$ConditionObject.awaitNanos(AbstractQueuedSynchronizer.java:1674)
        at java.base@17.0.12/java.util.concurrent.LinkedBlockingQueue.poll(LinkedBlockingQueue.java:460)
        at app//org.apache.hadoop.ipc.CallQueueManager.take(CallQueueManager.java:317)
        at app//org.apache.hadoop.ipc.Server$Handler.run(Server.java:3014)
"IPC Server handler 52 on default port 15002" daemon prio=5 tid=337 timed_waiting
java.lang.Thread.State: TIMED_WAITING
        at java.base@17.0.12/jdk.internal.misc.Unsafe.park(Native Method)
        at java.base@17.0.12/java.util.concurrent.locks.LockSupport.parkNanos(LockSupport.java:252)
        at java.base@17.0.12/java.util.concurrent.locks.AbstractQueuedSynchronizer$ConditionObject.awaitNanos(AbstractQueuedSynchronizer.java:1674)
        at java.base@17.0.12/java.util.concurrent.LinkedBlockingQueue.poll(LinkedBlockingQueue.java:460)
        at app//org.apache.hadoop.ipc.CallQueueManager.take(CallQueueManager.java:317)
        at app//org.apache.hadoop.ipc.Server$Handler.run(Server.java:3014)
"Socket Reader #1 for port 15009"  prio=5 tid=483 runnable
java.lang.Thread.State: RUNNABLE
        at java.base@17.0.12/sun.nio.ch.EPoll.wait(Native Method)
        at java.base@17.0.12/sun.nio.ch.EPollSelectorImpl.doSelect(EPollSelectorImpl.java:118)
        at java.base@17.0.12/sun.nio.ch.SelectorImpl.lockAndDoSelect(SelectorImpl.java:129)
        at java.base@17.0.12/sun.nio.ch.SelectorImpl.select(SelectorImpl.java:146)
        at app//org.apache.hadoop.ipc.Server$Listener$Reader.doRunLoop(Server.java:1346)
        at app//org.apache.hadoop.ipc.Server$Listener$Reader.run(Server.java:1325)
"FixedThreadPoolWithAffinityExecutor-1-0" daemon prio=5 tid=75 timed_waiting
java.lang.Thread.State: TIMED_WAITING
        at java.base@17.0.12/jdk.internal.misc.Unsafe.park(Native Method)
        at java.base@17.0.12/java.util.concurrent.locks.LockSupport.parkNanos(LockSupport.java:252)
        at java.base@17.0.12/java.util.concurrent.locks.AbstractQueuedSynchronizer$ConditionObject.awaitNanos(AbstractQueuedSynchronizer.java:1674)
        at java.base@17.0.12/java.util.concurrent.LinkedBlockingQueue.poll(LinkedBlockingQueue.java:460)
        at app//org.apache.hadoop.hdds.scm.server.ContainerReportQueue.poll(ContainerReportQueue.java:269)
        at app//org.apache.hadoop.hdds.scm.server.ContainerReportQueue.poll(ContainerReportQueue.java:42)
        at app//org.apache.hadoop.hdds.server.events.FixedThreadPoolWithAffinityExecutor$ContainerReportProcessTask.run(FixedThreadPoolWithAffinityExecutor.java:253)
        at java.base@17.0.12/java.util.concurrent.Executors$RunnableAdapter.call(Executors.java:539)
        at java.base@17.0.12/java.util.concurrent.FutureTask.run(FutureTask.java:264)
        at java.base@17.0.12/java.util.concurrent.ThreadPoolExecutor.runWorker(ThreadPoolExecutor.java:1136)
        at java.base@17.0.12/java.util.concurrent.ThreadPoolExecutor$Worker.run(ThreadPoolExecutor.java:635)
        at java.base@17.0.12/java.lang.Thread.run(Thread.java:840)
"IPC Server handler 67 on default port 15002" daemon prio=5 tid=352 timed_waiting
java.lang.Thread.State: TIMED_WAITING
        at java.base@17.0.12/jdk.internal.misc.Unsafe.park(Native Method)
        at java.base@17.0.12/java.util.concurrent.locks.LockSupport.parkNanos(LockSupport.java:252)
        at java.base@17.0.12/java.util.concurrent.locks.AbstractQueuedSynchronizer$ConditionObject.awaitNanos(AbstractQueuedSynchronizer.java:1674)
        at java.base@17.0.12/java.util.concurrent.LinkedBlockingQueue.poll(LinkedBlockingQueue.java:460)
        at app//org.apache.hadoop.ipc.CallQueueManager.take(CallQueueManager.java:317)
        at app//org.apache.hadoop.ipc.Server$Handler.run(Server.java:3014)
"731aafee-c06b-4662-9d20-472061f2d46e-ChunkReader-ELG-0" daemon prio=5 tid=828 runnable
java.lang.Thread.State: RUNNABLE
        at app//org.apache.ratis.thirdparty.io.netty.channel.epoll.Native.epollWait(Native Method)
        at app//org.apache.ratis.thirdparty.io.netty.channel.epoll.Native.epollWait(Native.java:220)
        at app//org.apache.ratis.thirdparty.io.netty.channel.epoll.Native.epollWait(Native.java:213)
        at app//org.apache.ratis.thirdparty.io.netty.channel.epoll.EpollEventLoop.epollWaitNoTimerChange(EpollEventLoop.java:308)
        at app//org.apache.ratis.thirdparty.io.netty.channel.epoll.EpollEventLoop.run(EpollEventLoop.java:365)
        at app//org.apache.ratis.thirdparty.io.netty.util.concurrent.SingleThreadEventExecutor$4.run(SingleThreadEventExecutor.java:997)
        at app//org.apache.ratis.thirdparty.io.netty.util.internal.ThreadExecutorMap$2.run(ThreadExecutorMap.java:74)
        at java.base@17.0.12/java.lang.Thread.run(Thread.java:840)
"Hadoop-Metrics-Updater-0" daemon prio=5 tid=73 timed_waiting
java.lang.Thread.State: TIMED_WAITING
        at java.base@17.0.12/jdk.internal.misc.Unsafe.park(Native Method)
        at java.base@17.0.12/java.util.concurrent.locks.LockSupport.parkNanos(LockSupport.java:252)
        at java.base@17.0.12/java.util.concurrent.locks.AbstractQueuedSynchronizer$ConditionObject.awaitNanos(AbstractQueuedSynchronizer.java:1674)
        at java.base@17.0.12/java.util.concurrent.ScheduledThreadPoolExecutor$DelayedWorkQueue.take(ScheduledThreadPoolExecutor.java:1182)
        at java.base@17.0.12/java.util.concurrent.ScheduledThreadPoolExecutor$DelayedWorkQueue.take(ScheduledThreadPoolExecutor.java:899)
        at java.base@17.0.12/java.util.concurrent.ThreadPoolExecutor.getTask(ThreadPoolExecutor.java:1062)
        at java.base@17.0.12/java.util.concurrent.ThreadPoolExecutor.runWorker(ThreadPoolExecutor.java:1122)
        at java.base@17.0.12/java.util.concurrent.ThreadPoolExecutor$Worker.run(ThreadPoolExecutor.java:635)
        at java.base@17.0.12/java.lang.Thread.run(Thread.java:840)
"IPC Server handler 4 on default port 15030" daemon prio=5 tid=751 timed_waiting
java.lang.Thread.State: TIMED_WAITING
        at java.base@17.0.12/jdk.internal.misc.Unsafe.park(Native Method)
        at java.base@17.0.12/java.util.concurrent.locks.LockSupport.parkNanos(LockSupport.java:252)
        at java.base@17.0.12/java.util.concurrent.locks.AbstractQueuedSynchronizer$ConditionObject.awaitNanos(AbstractQueuedSynchronizer.java:1674)
        at java.base@17.0.12/java.util.concurrent.LinkedBlockingQueue.poll(LinkedBlockingQueue.java:460)
        at app//org.apache.hadoop.ipc.CallQueueManager.take(CallQueueManager.java:317)
        at app//org.apache.hadoop.ipc.Server$Handler.run(Server.java:3014)
"pool-91-thread-1" daemon prio=5 tid=820 timed_waiting
java.lang.Thread.State: TIMED_WAITING
        at java.base@17.0.12/jdk.internal.misc.Unsafe.park(Native Method)
        at java.base@17.0.12/java.util.concurrent.locks.LockSupport.parkNanos(LockSupport.java:252)
        at java.base@17.0.12/java.util.concurrent.locks.AbstractQueuedSynchronizer$ConditionObject.awaitNanos(AbstractQueuedSynchronizer.java:1674)
        at java.base@17.0.12/java.util.concurrent.ScheduledThreadPoolExecutor$DelayedWorkQueue.take(ScheduledThreadPoolExecutor.java:1182)
        at java.base@17.0.12/java.util.concurrent.ScheduledThreadPoolExecutor$DelayedWorkQueue.take(ScheduledThreadPoolExecutor.java:899)
        at java.base@17.0.12/java.util.concurrent.ThreadPoolExecutor.getTask(ThreadPoolExecutor.java:1062)
        at java.base@17.0.12/java.util.concurrent.ThreadPoolExecutor.runWorker(ThreadPoolExecutor.java:1122)
        at java.base@17.0.12/java.util.concurrent.ThreadPoolExecutor$Worker.run(ThreadPoolExecutor.java:635)
        at java.base@17.0.12/java.lang.Thread.run(Thread.java:840)
"qtp798439904-443" daemon prio=5 tid=443 runnable
java.lang.Thread.State: RUNNABLE
        at java.base@17.0.12/sun.nio.ch.EPoll.wait(Native Method)
        at java.base@17.0.12/sun.nio.ch.EPollSelectorImpl.doSelect(EPollSelectorImpl.java:118)
        at java.base@17.0.12/sun.nio.ch.SelectorImpl.lockAndDoSelect(SelectorImpl.java:129)
        at java.base@17.0.12/sun.nio.ch.SelectorImpl.select(SelectorImpl.java:146)
        at app//org.eclipse.jetty.io.ManagedSelector.nioSelect(ManagedSelector.java:183)
        at app//org.eclipse.jetty.io.ManagedSelector.select(ManagedSelector.java:190)
        at app//org.eclipse.jetty.io.ManagedSelector$SelectorProducer.select(ManagedSelector.java:606)
        at app//org.eclipse.jetty.io.ManagedSelector$SelectorProducer.produce(ManagedSelector.java:543)
        at app//org.eclipse.jetty.util.thread.strategy.EatWhatYouKill.produceTask(EatWhatYouKill.java:362)
        at app//org.eclipse.jetty.util.thread.strategy.EatWhatYouKill.doProduce(EatWhatYouKill.java:186)
        at app//org.eclipse.jetty.util.thread.strategy.EatWhatYouKill.tryProduce(EatWhatYouKill.java:173)
        at app//org.eclipse.jetty.util.thread.strategy.EatWhatYouKill.produce(EatWhatYouKill.java:137)
        at app//org.eclipse.jetty.io.ManagedSelector$$Lambda$824/0x00007fa908550000.run(Unknown Source)
        at app//org.eclipse.jetty.util.thread.QueuedThreadPool.runJob(QueuedThreadPool.java:883)
        at app//org.eclipse.jetty.util.thread.QueuedThreadPool$Runner.run(QueuedThreadPool.java:1034)
        at java.base@17.0.12/java.lang.Thread.run(Thread.java:840)
"Socket Reader #8 for port 15000"  prio=5 tid=68 runnable
java.lang.Thread.State: RUNNABLE
        at java.base@17.0.12/sun.nio.ch.EPoll.wait(Native Method)
        at java.base@17.0.12/sun.nio.ch.EPollSelectorImpl.doSelect(EPollSelectorImpl.java:118)
        at java.base@17.0.12/sun.nio.ch.SelectorImpl.lockAndDoSelect(SelectorImpl.java:129)
        at java.base@17.0.12/sun.nio.ch.SelectorImpl.select(SelectorImpl.java:146)
        at app//org.apache.hadoop.ipc.Server$Listener$Reader.doRunLoop(Server.java:1346)
        at app//org.apache.hadoop.ipc.Server$Listener$Reader.run(Server.java:1325)
"IPC Server handler 97 on default port 15009" daemon prio=5 tid=616 timed_waiting
java.lang.Thread.State: TIMED_WAITING
        at java.base@17.0.12/jdk.internal.misc.Unsafe.park(Native Method)
        at java.base@17.0.12/java.util.concurrent.locks.LockSupport.parkNanos(LockSupport.java:252)
        at java.base@17.0.12/java.util.concurrent.locks.AbstractQueuedSynchronizer$ConditionObject.awaitNanos(AbstractQueuedSynchronizer.java:1674)
        at java.base@17.0.12/java.util.concurrent.LinkedBlockingQueue.poll(LinkedBlockingQueue.java:460)
        at app//org.apache.hadoop.ipc.CallQueueManager.take(CallQueueManager.java:317)
        at app//org.apache.hadoop.ipc.Server$Handler.run(Server.java:3014)
"IPC Server handler 96 on default port 15002" daemon prio=5 tid=381 timed_waiting
java.lang.Thread.State: TIMED_WAITING
        at java.base@17.0.12/jdk.internal.misc.Unsafe.park(Native Method)
        at java.base@17.0.12/java.util.concurrent.locks.LockSupport.parkNanos(LockSupport.java:252)
        at java.base@17.0.12/java.util.concurrent.locks.AbstractQueuedSynchronizer$ConditionObject.awaitNanos(AbstractQueuedSynchronizer.java:1674)
        at java.base@17.0.12/java.util.concurrent.LinkedBlockingQueue.poll(LinkedBlockingQueue.java:460)
        at app//org.apache.hadoop.ipc.CallQueueManager.take(CallQueueManager.java:317)
        at app//org.apache.hadoop.ipc.Server$Handler.run(Server.java:3014)
"IPC Server handler 41 on default port 15000" daemon prio=5 tid=126 timed_waiting
java.lang.Thread.State: TIMED_WAITING
        at java.base@17.0.12/jdk.internal.misc.Unsafe.park(Native Method)
        at java.base@17.0.12/java.util.concurrent.locks.LockSupport.parkNanos(LockSupport.java:252)
        at java.base@17.0.12/java.util.concurrent.locks.AbstractQueuedSynchronizer$ConditionObject.awaitNanos(AbstractQueuedSynchronizer.java:1674)
        at java.base@17.0.12/java.util.concurrent.LinkedBlockingQueue.poll(LinkedBlockingQueue.java:460)
        at app//org.apache.hadoop.ipc.CallQueueManager.take(CallQueueManager.java:317)
        at app//org.apache.hadoop.ipc.Server$Handler.run(Server.java:3014)
"43b7afd8-9e19-4b34-aad7-81b8e915bbb6-CommandProcessorThread" daemon prio=5 tid=716 timed_waiting
java.lang.Thread.State: TIMED_WAITING
        at java.base@17.0.12/java.lang.Thread.sleep(Native Method)
        at app//org.apache.hadoop.ozone.container.common.statemachine.DatanodeStateMachine.lambda$initCommandHandlerThread$4(DatanodeStateMachine.java:670)
        at app//org.apache.hadoop.ozone.container.common.statemachine.DatanodeStateMachine$$Lambda$1698/0x00007fa908d75e98.run(Unknown Source)
        at java.base@17.0.12/java.lang.Thread.run(Thread.java:840)
"IPC Server handler 92 on default port 15009" daemon prio=5 tid=611 timed_waiting
java.lang.Thread.State: TIMED_WAITING
        at java.base@17.0.12/jdk.internal.misc.Unsafe.park(Native Method)
        at java.base@17.0.12/java.util.concurrent.locks.LockSupport.parkNanos(LockSupport.java:252)
        at java.base@17.0.12/java.util.concurrent.locks.AbstractQueuedSynchronizer$ConditionObject.awaitNanos(AbstractQueuedSynchronizer.java:1674)
        at java.base@17.0.12/java.util.concurrent.LinkedBlockingQueue.poll(LinkedBlockingQueue.java:460)
        at app//org.apache.hadoop.ipc.CallQueueManager.take(CallQueueManager.java:317)
        at app//org.apache.hadoop.ipc.Server$Handler.run(Server.java:3014)
"IPC Server handler 94 on default port 15000" daemon prio=5 tid=179 timed_waiting
java.lang.Thread.State: TIMED_WAITING
        at java.base@17.0.12/jdk.internal.misc.Unsafe.park(Native Method)
        at java.base@17.0.12/java.util.concurrent.locks.LockSupport.parkNanos(LockSupport.java:252)
        at java.base@17.0.12/java.util.concurrent.locks.AbstractQueuedSynchronizer$ConditionObject.awaitNanos(AbstractQueuedSynchronizer.java:1674)
        at java.base@17.0.12/java.util.concurrent.LinkedBlockingQueue.poll(LinkedBlockingQueue.java:460)
        at app//org.apache.hadoop.ipc.CallQueueManager.take(CallQueueManager.java:317)
        at app//org.apache.hadoop.ipc.Server$Handler.run(Server.java:3014)
"Hadoop-Metrics-Updater-0" daemon prio=5 tid=59 timed_waiting
java.lang.Thread.State: TIMED_WAITING
        at java.base@17.0.12/jdk.internal.misc.Unsafe.park(Native Method)
        at java.base@17.0.12/java.util.concurrent.locks.LockSupport.parkNanos(LockSupport.java:252)
        at java.base@17.0.12/java.util.concurrent.locks.AbstractQueuedSynchronizer$ConditionObject.awaitNanos(AbstractQueuedSynchronizer.java:1674)
        at java.base@17.0.12/java.util.concurrent.ScheduledThreadPoolExecutor$DelayedWorkQueue.take(ScheduledThreadPoolExecutor.java:1182)
        at java.base@17.0.12/java.util.concurrent.ScheduledThreadPoolExecutor$DelayedWorkQueue.take(ScheduledThreadPoolExecutor.java:899)
        at java.base@17.0.12/java.util.concurrent.ThreadPoolExecutor.getTask(ThreadPoolExecutor.java:1062)
        at java.base@17.0.12/java.util.concurrent.ThreadPoolExecutor.runWorker(ThreadPoolExecutor.java:1122)
        at java.base@17.0.12/java.util.concurrent.ThreadPoolExecutor$Worker.run(ThreadPoolExecutor.java:635)
        at java.base@17.0.12/java.lang.Thread.run(Thread.java:840)
"IPC Server handler 66 on default port 15001" daemon prio=5 tid=251 timed_waiting
java.lang.Thread.State: TIMED_WAITING
        at java.base@17.0.12/jdk.internal.misc.Unsafe.park(Native Method)
        at java.base@17.0.12/java.util.concurrent.locks.LockSupport.parkNanos(LockSupport.java:252)
        at java.base@17.0.12/java.util.concurrent.locks.AbstractQueuedSynchronizer$ConditionObject.awaitNanos(AbstractQueuedSynchronizer.java:1674)
        at java.base@17.0.12/java.util.concurrent.LinkedBlockingQueue.poll(LinkedBlockingQueue.java:460)
        at app//org.apache.hadoop.ipc.CallQueueManager.take(CallQueueManager.java:317)
        at app//org.apache.hadoop.ipc.Server$Handler.run(Server.java:3014)
"Socket Reader #7 for port 15004"  prio=5 tid=418 runnable
java.lang.Thread.State: RUNNABLE
        at java.base@17.0.12/sun.nio.ch.EPoll.wait(Native Method)
        at java.base@17.0.12/sun.nio.ch.EPollSelectorImpl.doSelect(EPollSelectorImpl.java:118)
        at java.base@17.0.12/sun.nio.ch.SelectorImpl.lockAndDoSelect(SelectorImpl.java:129)
        at java.base@17.0.12/sun.nio.ch.SelectorImpl.select(SelectorImpl.java:146)
        at app//org.apache.hadoop.ipc.Server$Listener$Reader.doRunLoop(Server.java:1346)
        at app//org.apache.hadoop.ipc.Server$Listener$Reader.run(Server.java:1325)
"731aafee-c06b-4662-9d20-472061f2d46e-DatanodeReportManager-3" daemon prio=5 tid=669 in Object.wait()
java.lang.Thread.State: WAITING (on object monitor)
        at java.base@17.0.12/jdk.internal.misc.Unsafe.park(Native Method)
        at java.base@17.0.12/java.util.concurrent.locks.LockSupport.park(LockSupport.java:341)
        at java.base@17.0.12/java.util.concurrent.locks.AbstractQueuedSynchronizer$ConditionNode.block(AbstractQueuedSynchronizer.java:506)
        at java.base@17.0.12/java.util.concurrent.ForkJoinPool.unmanagedBlock(ForkJoinPool.java:3465)
        at java.base@17.0.12/java.util.concurrent.ForkJoinPool.managedBlock(ForkJoinPool.java:3436)
        at java.base@17.0.12/java.util.concurrent.locks.AbstractQueuedSynchronizer$ConditionObject.await(AbstractQueuedSynchronizer.java:1625)
        at java.base@17.0.12/java.util.concurrent.ScheduledThreadPoolExecutor$DelayedWorkQueue.take(ScheduledThreadPoolExecutor.java:1177)
        at java.base@17.0.12/java.util.concurrent.ScheduledThreadPoolExecutor$DelayedWorkQueue.take(ScheduledThreadPoolExecutor.java:899)
        at java.base@17.0.12/java.util.concurrent.ThreadPoolExecutor.getTask(ThreadPoolExecutor.java:1062)
        at java.base@17.0.12/java.util.concurrent.ThreadPoolExecutor.runWorker(ThreadPoolExecutor.java:1122)
        at java.base@17.0.12/java.util.concurrent.ThreadPoolExecutor$Worker.run(ThreadPoolExecutor.java:635)
        at java.base@17.0.12/java.lang.Thread.run(Thread.java:840)
"qtp884289676-635-acceptor-0@53d0713b-ServerConnector@2d18085f{HTTP/1.1, (http/1.1)}{0.0.0.0:15011}" daemon prio=3 tid=635 runnable
java.lang.Thread.State: RUNNABLE
        at java.base@17.0.12/sun.nio.ch.Net.accept(Native Method)
        at java.base@17.0.12/sun.nio.ch.ServerSocketChannelImpl.implAccept(ServerSocketChannelImpl.java:425)
        at java.base@17.0.12/sun.nio.ch.ServerSocketChannelImpl.accept(ServerSocketChannelImpl.java:391)
        at app//org.eclipse.jetty.server.ServerConnector.accept(ServerConnector.java:388)
        at app//org.eclipse.jetty.server.AbstractConnector$Acceptor.run(AbstractConnector.java:704)
        at app//org.eclipse.jetty.util.thread.QueuedThreadPool.runJob(QueuedThreadPool.java:883)
        at app//org.eclipse.jetty.util.thread.QueuedThreadPool$Runner.run(QueuedThreadPool.java:1034)
        at java.base@17.0.12/java.lang.Thread.run(Thread.java:840)
"IPC Server listener on 15002" daemon prio=5 tid=32 runnable
java.lang.Thread.State: RUNNABLE
        at java.base@17.0.12/sun.nio.ch.EPoll.wait(Native Method)
        at java.base@17.0.12/sun.nio.ch.EPollSelectorImpl.doSelect(EPollSelectorImpl.java:118)
        at java.base@17.0.12/sun.nio.ch.SelectorImpl.lockAndDoSelect(SelectorImpl.java:129)
        at java.base@17.0.12/sun.nio.ch.SelectorImpl.select(SelectorImpl.java:146)
        at app//org.apache.hadoop.ipc.Server$Listener.run(Server.java:1408)
"IPC Server handler 58 on default port 15009" daemon prio=5 tid=577 timed_waiting
java.lang.Thread.State: TIMED_WAITING
        at java.base@17.0.12/jdk.internal.misc.Unsafe.park(Native Method)
        at java.base@17.0.12/java.util.concurrent.locks.LockSupport.parkNanos(LockSupport.java:252)
        at java.base@17.0.12/java.util.concurrent.locks.AbstractQueuedSynchronizer$ConditionObject.awaitNanos(AbstractQueuedSynchronizer.java:1674)
        at java.base@17.0.12/java.util.concurrent.LinkedBlockingQueue.poll(LinkedBlockingQueue.java:460)
        at app//org.apache.hadoop.ipc.CallQueueManager.take(CallQueueManager.java:317)
        at app//org.apache.hadoop.ipc.Server$Handler.run(Server.java:3014)
"IPC Server handler 23 on default port 15000" daemon prio=5 tid=108 timed_waiting
java.lang.Thread.State: TIMED_WAITING
        at java.base@17.0.12/jdk.internal.misc.Unsafe.park(Native Method)
        at java.base@17.0.12/java.util.concurrent.locks.LockSupport.parkNanos(LockSupport.java:252)
        at java.base@17.0.12/java.util.concurrent.locks.AbstractQueuedSynchronizer$ConditionObject.awaitNanos(AbstractQueuedSynchronizer.java:1674)
        at java.base@17.0.12/java.util.concurrent.LinkedBlockingQueue.poll(LinkedBlockingQueue.java:460)
        at app//org.apache.hadoop.ipc.CallQueueManager.take(CallQueueManager.java:317)
        at app//org.apache.hadoop.ipc.Server$Handler.run(Server.java:3014)
"IPC Server handler 50 on default port 15000" daemon prio=5 tid=135 timed_waiting
java.lang.Thread.State: TIMED_WAITING
        at java.base@17.0.12/jdk.internal.misc.Unsafe.park(Native Method)
        at java.base@17.0.12/java.util.concurrent.locks.LockSupport.parkNanos(LockSupport.java:252)
        at java.base@17.0.12/java.util.concurrent.locks.AbstractQueuedSynchronizer$ConditionObject.awaitNanos(AbstractQueuedSynchronizer.java:1674)
        at java.base@17.0.12/java.util.concurrent.LinkedBlockingQueue.poll(LinkedBlockingQueue.java:460)
        at app//org.apache.hadoop.ipc.CallQueueManager.take(CallQueueManager.java:317)
        at app//org.apache.hadoop.ipc.Server$Handler.run(Server.java:3014)
"731aafee-c06b-4662-9d20-472061f2d46e@group-C41EF94B1934->43b7afd8-9e19-4b34-aad7-81b8e915bbb6-GrpcLogAppender-LogAppenderDaemon" daemon prio=5 tid=989 timed_waiting
java.lang.Thread.State: TIMED_WAITING
        at java.base@17.0.12/jdk.internal.misc.Unsafe.park(Native Method)
        at java.base@17.0.12/java.util.concurrent.locks.LockSupport.parkNanos(LockSupport.java:252)
        at java.base@17.0.12/java.util.concurrent.locks.AbstractQueuedSynchronizer$ConditionObject.await(AbstractQueuedSynchronizer.java:1759)
        at app//org.apache.ratis.util.AwaitForSignal.await(AwaitForSignal.java:65)
        at app//org.apache.ratis.grpc.server.GrpcLogAppender.mayWait(GrpcLogAppender.java:290)
        at app//org.apache.ratis.grpc.server.GrpcLogAppender.run(GrpcLogAppender.java:258)
        at app//org.apache.ratis.server.leader.LogAppenderDaemon.run(LogAppenderDaemon.java:80)
        at app//org.apache.ratis.server.leader.LogAppenderDaemon$$Lambda$1935/0x00007fa908ea5b28.run(Unknown Source)
        at java.base@17.0.12/java.lang.Thread.run(Thread.java:840)
"IPC Server handler 54 on default port 15009" daemon prio=5 tid=573 timed_waiting
java.lang.Thread.State: TIMED_WAITING
        at java.base@17.0.12/jdk.internal.misc.Unsafe.park(Native Method)
        at java.base@17.0.12/java.util.concurrent.locks.LockSupport.parkNanos(LockSupport.java:252)
        at java.base@17.0.12/java.util.concurrent.locks.AbstractQueuedSynchronizer$ConditionObject.awaitNanos(AbstractQueuedSynchronizer.java:1674)
        at java.base@17.0.12/java.util.concurrent.LinkedBlockingQueue.poll(LinkedBlockingQueue.java:460)
        at app//org.apache.hadoop.ipc.CallQueueManager.take(CallQueueManager.java:317)
        at app//org.apache.hadoop.ipc.Server$Handler.run(Server.java:3014)
"Socket Reader #1 for port 15001"  prio=5 tid=47 runnable
java.lang.Thread.State: RUNNABLE
        at java.base@17.0.12/sun.nio.ch.EPoll.wait(Native Method)
        at java.base@17.0.12/sun.nio.ch.EPollSelectorImpl.doSelect(EPollSelectorImpl.java:118)
        at java.base@17.0.12/sun.nio.ch.SelectorImpl.lockAndDoSelect(SelectorImpl.java:129)
        at java.base@17.0.12/sun.nio.ch.SelectorImpl.select(SelectorImpl.java:146)
        at app//org.apache.hadoop.ipc.Server$Listener$Reader.doRunLoop(Server.java:1346)
        at app//org.apache.hadoop.ipc.Server$Listener$Reader.run(Server.java:1325)
"IPC Server handler 51 on default port 15002" daemon prio=5 tid=336 timed_waiting
java.lang.Thread.State: TIMED_WAITING
        at java.base@17.0.12/jdk.internal.misc.Unsafe.park(Native Method)
        at java.base@17.0.12/java.util.concurrent.locks.LockSupport.parkNanos(LockSupport.java:252)
        at java.base@17.0.12/java.util.concurrent.locks.AbstractQueuedSynchronizer$ConditionObject.awaitNanos(AbstractQueuedSynchronizer.java:1674)
        at java.base@17.0.12/java.util.concurrent.LinkedBlockingQueue.poll(LinkedBlockingQueue.java:460)
        at app//org.apache.hadoop.ipc.CallQueueManager.take(CallQueueManager.java:317)
        at app//org.apache.hadoop.ipc.Server$Handler.run(Server.java:3014)
"qtp1756926561-679" daemon prio=5 tid=679 runnable
java.lang.Thread.State: RUNNABLE
        at java.base@17.0.12/sun.nio.ch.EPoll.wait(Native Method)
        at java.base@17.0.12/sun.nio.ch.EPollSelectorImpl.doSelect(EPollSelectorImpl.java:118)
        at java.base@17.0.12/sun.nio.ch.SelectorImpl.lockAndDoSelect(SelectorImpl.java:129)
        at java.base@17.0.12/sun.nio.ch.SelectorImpl.select(SelectorImpl.java:146)
        at app//org.eclipse.jetty.io.ManagedSelector.nioSelect(ManagedSelector.java:183)
        at app//org.eclipse.jetty.io.ManagedSelector.select(ManagedSelector.java:190)
        at app//org.eclipse.jetty.io.ManagedSelector$SelectorProducer.select(ManagedSelector.java:606)
        at app//org.eclipse.jetty.io.ManagedSelector$SelectorProducer.produce(ManagedSelector.java:543)
        at app//org.eclipse.jetty.util.thread.strategy.EatWhatYouKill.produceTask(EatWhatYouKill.java:362)
        at app//org.eclipse.jetty.util.thread.strategy.EatWhatYouKill.doProduce(EatWhatYouKill.java:186)
        at app//org.eclipse.jetty.util.thread.strategy.EatWhatYouKill.tryProduce(EatWhatYouKill.java:173)
        at app//org.eclipse.jetty.util.thread.strategy.EatWhatYouKill.produce(EatWhatYouKill.java:137)
        at app//org.eclipse.jetty.io.ManagedSelector$$Lambda$824/0x00007fa908550000.run(Unknown Source)
        at app//org.eclipse.jetty.util.thread.QueuedThreadPool.runJob(QueuedThreadPool.java:883)
        at app//org.eclipse.jetty.util.thread.QueuedThreadPool$Runner.run(QueuedThreadPool.java:1034)
        at java.base@17.0.12/java.lang.Thread.run(Thread.java:840)
"DatanodeAdminManager-0" daemon prio=5 tid=31 timed_waiting
java.lang.Thread.State: TIMED_WAITING
        at java.base@17.0.12/jdk.internal.misc.Unsafe.park(Native Method)
        at java.base@17.0.12/java.util.concurrent.locks.LockSupport.parkNanos(LockSupport.java:252)
        at java.base@17.0.12/java.util.concurrent.locks.AbstractQueuedSynchronizer$ConditionObject.awaitNanos(AbstractQueuedSynchronizer.java:1674)
        at java.base@17.0.12/java.util.concurrent.ScheduledThreadPoolExecutor$DelayedWorkQueue.take(ScheduledThreadPoolExecutor.java:1182)
        at java.base@17.0.12/java.util.concurrent.ScheduledThreadPoolExecutor$DelayedWorkQueue.take(ScheduledThreadPoolExecutor.java:899)
        at java.base@17.0.12/java.util.concurrent.ThreadPoolExecutor.getTask(ThreadPoolExecutor.java:1062)
        at java.base@17.0.12/java.util.concurrent.ThreadPoolExecutor.runWorker(ThreadPoolExecutor.java:1122)
        at java.base@17.0.12/java.util.concurrent.ThreadPoolExecutor$Worker.run(ThreadPoolExecutor.java:635)
        at java.base@17.0.12/java.lang.Thread.run(Thread.java:840)
"IPC Server handler 75 on default port 15000" daemon prio=5 tid=160 timed_waiting
java.lang.Thread.State: TIMED_WAITING
        at java.base@17.0.12/jdk.internal.misc.Unsafe.park(Native Method)
        at java.base@17.0.12/java.util.concurrent.locks.LockSupport.parkNanos(LockSupport.java:252)
        at java.base@17.0.12/java.util.concurrent.locks.AbstractQueuedSynchronizer$ConditionObject.awaitNanos(AbstractQueuedSynchronizer.java:1674)
        at java.base@17.0.12/java.util.concurrent.LinkedBlockingQueue.poll(LinkedBlockingQueue.java:460)
        at app//org.apache.hadoop.ipc.CallQueueManager.take(CallQueueManager.java:317)
        at app//org.apache.hadoop.ipc.Server$Handler.run(Server.java:3014)
"Socket Reader #1 for port 15004"  prio=5 tid=412 runnable
java.lang.Thread.State: RUNNABLE
        at java.base@17.0.12/sun.nio.ch.EPoll.wait(Native Method)
        at java.base@17.0.12/sun.nio.ch.EPollSelectorImpl.doSelect(EPollSelectorImpl.java:118)
        at java.base@17.0.12/sun.nio.ch.SelectorImpl.lockAndDoSelect(SelectorImpl.java:129)
        at java.base@17.0.12/sun.nio.ch.SelectorImpl.select(SelectorImpl.java:146)
        at app//org.apache.hadoop.ipc.Server$Listener$Reader.doRunLoop(Server.java:1346)
        at app//org.apache.hadoop.ipc.Server$Listener$Reader.run(Server.java:1325)
"IPC Server handler 48 on default port 15002" daemon prio=5 tid=333 timed_waiting
java.lang.Thread.State: TIMED_WAITING
        at java.base@17.0.12/jdk.internal.misc.Unsafe.park(Native Method)
        at java.base@17.0.12/java.util.concurrent.locks.LockSupport.parkNanos(LockSupport.java:252)
        at java.base@17.0.12/java.util.concurrent.locks.AbstractQueuedSynchronizer$ConditionObject.awaitNanos(AbstractQueuedSynchronizer.java:1674)
        at java.base@17.0.12/java.util.concurrent.LinkedBlockingQueue.poll(LinkedBlockingQueue.java:460)
        at app//org.apache.hadoop.ipc.CallQueueManager.take(CallQueueManager.java:317)
        at app//org.apache.hadoop.ipc.Server$Handler.run(Server.java:3014)
"Socket Reader #6 for port 15001"  prio=5 tid=52 runnable
java.lang.Thread.State: RUNNABLE
        at java.base@17.0.12/sun.nio.ch.EPoll.wait(Native Method)
        at java.base@17.0.12/sun.nio.ch.EPollSelectorImpl.doSelect(EPollSelectorImpl.java:118)
        at java.base@17.0.12/sun.nio.ch.SelectorImpl.lockAndDoSelect(SelectorImpl.java:129)
        at java.base@17.0.12/sun.nio.ch.SelectorImpl.select(SelectorImpl.java:146)
        at app//org.apache.hadoop.ipc.Server$Listener$Reader.doRunLoop(Server.java:1346)
        at app//org.apache.hadoop.ipc.Server$Listener$Reader.run(Server.java:1325)
"grpc-default-executor-2" daemon prio=5 tid=990 timed_waiting
java.lang.Thread.State: TIMED_WAITING
        at java.base@17.0.12/jdk.internal.misc.Unsafe.park(Native Method)
        at java.base@17.0.12/java.util.concurrent.locks.LockSupport.parkNanos(LockSupport.java:252)
        at java.base@17.0.12/java.util.concurrent.SynchronousQueue$TransferStack.transfer(SynchronousQueue.java:401)
        at java.base@17.0.12/java.util.concurrent.SynchronousQueue.poll(SynchronousQueue.java:903)
        at java.base@17.0.12/java.util.concurrent.ThreadPoolExecutor.getTask(ThreadPoolExecutor.java:1061)
        at java.base@17.0.12/java.util.concurrent.ThreadPoolExecutor.runWorker(ThreadPoolExecutor.java:1122)
        at java.base@17.0.12/java.util.concurrent.ThreadPoolExecutor$Worker.run(ThreadPoolExecutor.java:635)
        at java.base@17.0.12/java.lang.Thread.run(Thread.java:840)
"44ff6b06-02d2-44ad-8aa1-4af94363565f-DatanodeReportManager-2" daemon prio=5 tid=760 in Object.wait()
java.lang.Thread.State: WAITING (on object monitor)
        at java.base@17.0.12/jdk.internal.misc.Unsafe.park(Native Method)
        at java.base@17.0.12/java.util.concurrent.locks.LockSupport.park(LockSupport.java:341)
        at java.base@17.0.12/java.util.concurrent.locks.AbstractQueuedSynchronizer$ConditionNode.block(AbstractQueuedSynchronizer.java:506)
        at java.base@17.0.12/java.util.concurrent.ForkJoinPool.unmanagedBlock(ForkJoinPool.java:3465)
        at java.base@17.0.12/java.util.concurrent.ForkJoinPool.managedBlock(ForkJoinPool.java:3436)
        at java.base@17.0.12/java.util.concurrent.locks.AbstractQueuedSynchronizer$ConditionObject.await(AbstractQueuedSynchronizer.java:1625)
        at java.base@17.0.12/java.util.concurrent.ScheduledThreadPoolExecutor$DelayedWorkQueue.take(ScheduledThreadPoolExecutor.java:1177)
        at java.base@17.0.12/java.util.concurrent.ScheduledThreadPoolExecutor$DelayedWorkQueue.take(ScheduledThreadPoolExecutor.java:899)
        at java.base@17.0.12/java.util.concurrent.ThreadPoolExecutor.getTask(ThreadPoolExecutor.java:1062)
        at java.base@17.0.12/java.util.concurrent.ThreadPoolExecutor.runWorker(ThreadPoolExecutor.java:1122)
        at java.base@17.0.12/java.util.concurrent.ThreadPoolExecutor$Worker.run(ThreadPoolExecutor.java:635)
        at java.base@17.0.12/java.lang.Thread.run(Thread.java:840)
"IPC Server handler 91 on default port 15009" daemon prio=5 tid=610 timed_waiting
java.lang.Thread.State: TIMED_WAITING
        at java.base@17.0.12/jdk.internal.misc.Unsafe.park(Native Method)
        at java.base@17.0.12/java.util.concurrent.locks.LockSupport.parkNanos(LockSupport.java:252)
        at java.base@17.0.12/java.util.concurrent.locks.AbstractQueuedSynchronizer$ConditionObject.awaitNanos(AbstractQueuedSynchronizer.java:1674)
        at java.base@17.0.12/java.util.concurrent.LinkedBlockingQueue.poll(LinkedBlockingQueue.java:460)
        at app//org.apache.hadoop.ipc.CallQueueManager.take(CallQueueManager.java:317)
        at app//org.apache.hadoop.ipc.Server$Handler.run(Server.java:3014)
"44ff6b06-02d2-44ad-8aa1-4af94363565f-DatanodeStateMachineDaemonThread" daemon prio=5 tid=757 timed_waiting
java.lang.Thread.State: TIMED_WAITING
        at java.base@17.0.12/java.lang.Thread.sleep(Native Method)
        at app//org.apache.hadoop.ozone.container.common.statemachine.DatanodeStateMachine.startStateMachineThread(DatanodeStateMachine.java:358)
        at app//org.apache.hadoop.ozone.container.common.statemachine.DatanodeStateMachine.lambda$startDaemon$1(DatanodeStateMachine.java:544)
        at app//org.apache.hadoop.ozone.container.common.statemachine.DatanodeStateMachine$$Lambda$1696/0x00007fa908d75848.run(Unknown Source)
        at java.base@17.0.12/java.lang.Thread.run(Thread.java:840)
"43b7afd8-9e19-4b34-aad7-81b8e915bbb6-ChunkReader-ELG-0" daemon prio=5 tid=847 runnable
java.lang.Thread.State: RUNNABLE
        at app//org.apache.ratis.thirdparty.io.netty.channel.epoll.Native.epollWait(Native Method)
        at app//org.apache.ratis.thirdparty.io.netty.channel.epoll.Native.epollWait(Native.java:220)
        at app//org.apache.ratis.thirdparty.io.netty.channel.epoll.Native.epollWait(Native.java:213)
        at app//org.apache.ratis.thirdparty.io.netty.channel.epoll.EpollEventLoop.epollWaitNoTimerChange(EpollEventLoop.java:308)
        at app//org.apache.ratis.thirdparty.io.netty.channel.epoll.EpollEventLoop.run(EpollEventLoop.java:365)
        at app//org.apache.ratis.thirdparty.io.netty.util.concurrent.SingleThreadEventExecutor$4.run(SingleThreadEventExecutor.java:997)
        at app//org.apache.ratis.thirdparty.io.netty.util.internal.ThreadExecutorMap$2.run(ThreadExecutorMap.java:74)
        at java.base@17.0.12/java.lang.Thread.run(Thread.java:840)
"qtp11530087-509" daemon prio=5 tid=509 timed_waiting
java.lang.Thread.State: TIMED_WAITING
        at java.base@17.0.12/jdk.internal.misc.Unsafe.park(Native Method)
        at java.base@17.0.12/java.util.concurrent.locks.LockSupport.parkNanos(LockSupport.java:252)
        at java.base@17.0.12/java.util.concurrent.locks.AbstractQueuedSynchronizer$ConditionObject.awaitNanos(AbstractQueuedSynchronizer.java:1674)
        at app//org.eclipse.jetty.util.BlockingArrayQueue.poll(BlockingArrayQueue.java:382)
        at app//org.eclipse.jetty.util.thread.QueuedThreadPool$Runner.idleJobPoll(QueuedThreadPool.java:974)
        at app//org.eclipse.jetty.util.thread.QueuedThreadPool$Runner.run(QueuedThreadPool.java:1018)
        at java.base@17.0.12/java.lang.Thread.run(Thread.java:840)
"IPC Server handler 55 on default port 15001" daemon prio=5 tid=240 timed_waiting
java.lang.Thread.State: TIMED_WAITING
        at java.base@17.0.12/jdk.internal.misc.Unsafe.park(Native Method)
        at java.base@17.0.12/java.util.concurrent.locks.LockSupport.parkNanos(LockSupport.java:252)
        at java.base@17.0.12/java.util.concurrent.locks.AbstractQueuedSynchronizer$ConditionObject.awaitNanos(AbstractQueuedSynchronizer.java:1674)
        at java.base@17.0.12/java.util.concurrent.LinkedBlockingQueue.poll(LinkedBlockingQueue.java:460)
        at app//org.apache.hadoop.ipc.CallQueueManager.take(CallQueueManager.java:317)
        at app//org.apache.hadoop.ipc.Server$Handler.run(Server.java:3014)
"IPC Server handler 44 on default port 15001" daemon prio=5 tid=229 timed_waiting
java.lang.Thread.State: TIMED_WAITING
        at java.base@17.0.12/jdk.internal.misc.Unsafe.park(Native Method)
        at java.base@17.0.12/java.util.concurrent.locks.LockSupport.parkNanos(LockSupport.java:252)
        at java.base@17.0.12/java.util.concurrent.locks.AbstractQueuedSynchronizer$ConditionObject.awaitNanos(AbstractQueuedSynchronizer.java:1674)
        at java.base@17.0.12/java.util.concurrent.LinkedBlockingQueue.poll(LinkedBlockingQueue.java:460)
        at app//org.apache.hadoop.ipc.CallQueueManager.take(CallQueueManager.java:317)
        at app//org.apache.hadoop.ipc.Server$Handler.run(Server.java:3014)
"44ff6b06-02d2-44ad-8aa1-4af94363565f-EndpointStateMachineTaskThread-/0.0.0.0:15009-0 "  prio=5 tid=854 in Object.wait()
java.lang.Thread.State: WAITING (on object monitor)
        at java.base@17.0.12/jdk.internal.misc.Unsafe.park(Native Method)
        at java.base@17.0.12/java.util.concurrent.locks.LockSupport.park(LockSupport.java:341)
        at java.base@17.0.12/java.util.concurrent.locks.AbstractQueuedSynchronizer$ConditionNode.block(AbstractQueuedSynchronizer.java:506)
        at java.base@17.0.12/java.util.concurrent.ForkJoinPool.unmanagedBlock(ForkJoinPool.java:3465)
        at java.base@17.0.12/java.util.concurrent.ForkJoinPool.managedBlock(ForkJoinPool.java:3436)
        at java.base@17.0.12/java.util.concurrent.locks.AbstractQueuedSynchronizer$ConditionObject.await(AbstractQueuedSynchronizer.java:1625)
        at java.base@17.0.12/java.util.concurrent.LinkedBlockingQueue.take(LinkedBlockingQueue.java:435)
        at java.base@17.0.12/java.util.concurrent.ThreadPoolExecutor.getTask(ThreadPoolExecutor.java:1062)
        at java.base@17.0.12/java.util.concurrent.ThreadPoolExecutor.runWorker(ThreadPoolExecutor.java:1122)
        at java.base@17.0.12/java.util.concurrent.ThreadPoolExecutor$Worker.run(ThreadPoolExecutor.java:635)
        at java.base@17.0.12/java.lang.Thread.run(Thread.java:840)
"IPC Server handler 14 on default port 15004" daemon prio=5 tid=466 timed_waiting
java.lang.Thread.State: TIMED_WAITING
        at java.base@17.0.12/jdk.internal.misc.Unsafe.park(Native Method)
        at java.base@17.0.12/java.util.concurrent.locks.LockSupport.parkNanos(LockSupport.java:252)
        at java.base@17.0.12/java.util.concurrent.locks.AbstractQueuedSynchronizer$ConditionObject.awaitNanos(AbstractQueuedSynchronizer.java:1674)
        at java.base@17.0.12/java.util.concurrent.LinkedBlockingQueue.poll(LinkedBlockingQueue.java:460)
        at app//org.apache.hadoop.ipc.CallQueueManager.take(CallQueueManager.java:317)
        at app//org.apache.hadoop.ipc.Server$Handler.run(Server.java:3014)
"44ff6b06-02d2-44ad-8aa1-4af94363565f@group-C41EF94B1934-FollowerState" daemon prio=5 tid=985 timed_waiting
java.lang.Thread.State: TIMED_WAITING
        at java.base@17.0.12/java.lang.Thread.sleep(Native Method)
        at java.base@17.0.12/java.lang.Thread.sleep(Thread.java:344)
        at java.base@17.0.12/java.util.concurrent.TimeUnit.sleep(TimeUnit.java:446)
        at app//org.apache.ratis.util.TimeDuration.sleep(TimeDuration.java:353)
        at app//org.apache.ratis.util.TimeDuration.sleep(TimeDuration.java:338)
        at app//org.apache.ratis.server.impl.FollowerState.run(FollowerState.java:129)
"IPC Server handler 34 on default port 15009" daemon prio=5 tid=553 timed_waiting
java.lang.Thread.State: TIMED_WAITING
        at java.base@17.0.12/jdk.internal.misc.Unsafe.park(Native Method)
        at java.base@17.0.12/java.util.concurrent.locks.LockSupport.parkNanos(LockSupport.java:252)
        at java.base@17.0.12/java.util.concurrent.locks.AbstractQueuedSynchronizer$ConditionObject.awaitNanos(AbstractQueuedSynchronizer.java:1674)
        at java.base@17.0.12/java.util.concurrent.LinkedBlockingQueue.poll(LinkedBlockingQueue.java:460)
        at app//org.apache.hadoop.ipc.CallQueueManager.take(CallQueueManager.java:317)
        at app//org.apache.hadoop.ipc.Server$Handler.run(Server.java:3014)
"qtp1438151538-731" daemon prio=5 tid=731 timed_waiting
java.lang.Thread.State: TIMED_WAITING
        at java.base@17.0.12/jdk.internal.misc.Unsafe.park(Native Method)
        at java.base@17.0.12/java.util.concurrent.locks.LockSupport.parkNanos(LockSupport.java:252)
        at java.base@17.0.12/java.util.concurrent.locks.AbstractQueuedSynchronizer$ConditionObject.awaitNanos(AbstractQueuedSynchronizer.java:1674)
        at app//org.eclipse.jetty.util.BlockingArrayQueue.poll(BlockingArrayQueue.java:382)
        at app//org.eclipse.jetty.util.thread.QueuedThreadPool$Runner.idleJobPoll(QueuedThreadPool.java:974)
        at app//org.eclipse.jetty.util.thread.QueuedThreadPool$Runner.run(QueuedThreadPool.java:1018)
        at java.base@17.0.12/java.lang.Thread.run(Thread.java:840)
"Finalizer" daemon prio=8 tid=3 in Object.wait()
java.lang.Thread.State: WAITING (on object monitor)
        at java.base@17.0.12/java.lang.Object.wait(Native Method)
        at java.base@17.0.12/java.lang.ref.ReferenceQueue.remove(ReferenceQueue.java:155)
        at java.base@17.0.12/java.lang.ref.ReferenceQueue.remove(ReferenceQueue.java:176)
        at java.base@17.0.12/java.lang.ref.Finalizer$FinalizerThread.run(Finalizer.java:172)
"IPC Server handler 5 on default port 15004" daemon prio=5 tid=457 timed_waiting
java.lang.Thread.State: TIMED_WAITING
        at java.base@17.0.12/jdk.internal.misc.Unsafe.park(Native Method)
        at java.base@17.0.12/java.util.concurrent.locks.LockSupport.parkNanos(LockSupport.java:252)
        at java.base@17.0.12/java.util.concurrent.locks.AbstractQueuedSynchronizer$ConditionObject.awaitNanos(AbstractQueuedSynchronizer.java:1674)
        at java.base@17.0.12/java.util.concurrent.LinkedBlockingQueue.poll(LinkedBlockingQueue.java:460)
        at app//org.apache.hadoop.ipc.CallQueueManager.take(CallQueueManager.java:317)
        at app//org.apache.hadoop.ipc.Server$Handler.run(Server.java:3014)
"Socket Reader #7 for port 15009"  prio=5 tid=489 runnable
java.lang.Thread.State: RUNNABLE
        at java.base@17.0.12/sun.nio.ch.EPoll.wait(Native Method)
        at java.base@17.0.12/sun.nio.ch.EPollSelectorImpl.doSelect(EPollSelectorImpl.java:118)
        at java.base@17.0.12/sun.nio.ch.SelectorImpl.lockAndDoSelect(SelectorImpl.java:129)
        at java.base@17.0.12/sun.nio.ch.SelectorImpl.select(SelectorImpl.java:146)
        at app//org.apache.hadoop.ipc.Server$Listener$Reader.doRunLoop(Server.java:1346)
        at app//org.apache.hadoop.ipc.Server$Listener$Reader.run(Server.java:1325)
"IPC Server handler 63 on default port 15001" daemon prio=5 tid=248 timed_waiting
java.lang.Thread.State: TIMED_WAITING
        at java.base@17.0.12/jdk.internal.misc.Unsafe.park(Native Method)
        at java.base@17.0.12/java.util.concurrent.locks.LockSupport.parkNanos(LockSupport.java:252)
        at java.base@17.0.12/java.util.concurrent.locks.AbstractQueuedSynchronizer$ConditionObject.awaitNanos(AbstractQueuedSynchronizer.java:1674)
        at java.base@17.0.12/java.util.concurrent.LinkedBlockingQueue.poll(LinkedBlockingQueue.java:460)
        at app//org.apache.hadoop.ipc.CallQueueManager.take(CallQueueManager.java:317)
        at app//org.apache.hadoop.ipc.Server$Handler.run(Server.java:3014)
"Socket Reader #3 for port 15000"  prio=5 tid=63 runnable
java.lang.Thread.State: RUNNABLE
        at java.base@17.0.12/sun.nio.ch.EPoll.wait(Native Method)
        at java.base@17.0.12/sun.nio.ch.EPollSelectorImpl.doSelect(EPollSelectorImpl.java:118)
        at java.base@17.0.12/sun.nio.ch.SelectorImpl.lockAndDoSelect(SelectorImpl.java:129)
        at java.base@17.0.12/sun.nio.ch.SelectorImpl.select(SelectorImpl.java:146)
        at app//org.apache.hadoop.ipc.Server$Listener$Reader.doRunLoop(Server.java:1346)
        at app//org.apache.hadoop.ipc.Server$Listener$Reader.run(Server.java:1325)
"44ff6b06-02d2-44ad-8aa1-4af94363565f@group-83D748725593->731aafee-c06b-4662-9d20-472061f2d46e-GrpcLogAppender-LogAppenderDaemon" daemon prio=5 tid=1016 timed_waiting
java.lang.Thread.State: TIMED_WAITING
        at java.base@17.0.12/jdk.internal.misc.Unsafe.park(Native Method)
        at java.base@17.0.12/java.util.concurrent.locks.LockSupport.parkNanos(LockSupport.java:252)
        at java.base@17.0.12/java.util.concurrent.locks.AbstractQueuedSynchronizer$ConditionObject.await(AbstractQueuedSynchronizer.java:1759)
        at app//org.apache.ratis.util.AwaitForSignal.await(AwaitForSignal.java:65)
        at app//org.apache.ratis.grpc.server.GrpcLogAppender.mayWait(GrpcLogAppender.java:290)
        at app//org.apache.ratis.grpc.server.GrpcLogAppender.run(GrpcLogAppender.java:258)
        at app//org.apache.ratis.server.leader.LogAppenderDaemon.run(LogAppenderDaemon.java:80)
        at app//org.apache.ratis.server.leader.LogAppenderDaemon$$Lambda$1935/0x00007fa908ea5b28.run(Unknown Source)
        at java.base@17.0.12/java.lang.Thread.run(Thread.java:840)
"IPC Server handler 75 on default port 15002" daemon prio=5 tid=360 timed_waiting
java.lang.Thread.State: TIMED_WAITING
        at java.base@17.0.12/jdk.internal.misc.Unsafe.park(Native Method)
        at java.base@17.0.12/java.util.concurrent.locks.LockSupport.parkNanos(LockSupport.java:252)
        at java.base@17.0.12/java.util.concurrent.locks.AbstractQueuedSynchronizer$ConditionObject.awaitNanos(AbstractQueuedSynchronizer.java:1674)
        at java.base@17.0.12/java.util.concurrent.LinkedBlockingQueue.poll(LinkedBlockingQueue.java:460)
        at app//org.apache.hadoop.ipc.CallQueueManager.take(CallQueueManager.java:317)
        at app//org.apache.hadoop.ipc.Server$Handler.run(Server.java:3014)
"IPC Server handler 24 on default port 15001" daemon prio=5 tid=209 timed_waiting
java.lang.Thread.State: TIMED_WAITING
        at java.base@17.0.12/jdk.internal.misc.Unsafe.park(Native Method)
        at java.base@17.0.12/java.util.concurrent.locks.LockSupport.parkNanos(LockSupport.java:252)
        at java.base@17.0.12/java.util.concurrent.locks.AbstractQueuedSynchronizer$ConditionObject.awaitNanos(AbstractQueuedSynchronizer.java:1674)
        at java.base@17.0.12/java.util.concurrent.LinkedBlockingQueue.poll(LinkedBlockingQueue.java:460)
        at app//org.apache.hadoop.ipc.CallQueueManager.take(CallQueueManager.java:317)
        at app//org.apache.hadoop.ipc.Server$Handler.run(Server.java:3014)
"IPC Server idle connection scanner for port 15000" daemon prio=5 tid=71 timed_waiting
java.lang.Thread.State: TIMED_WAITING
        at java.base@17.0.12/java.lang.Object.wait(Native Method)
        at java.base@17.0.12/java.util.TimerThread.mainLoop(Timer.java:563)
        at java.base@17.0.12/java.util.TimerThread.run(Timer.java:516)
"IPC Server handler 5 on default port 15009" daemon prio=5 tid=524 timed_waiting
java.lang.Thread.State: TIMED_WAITING
        at java.base@17.0.12/jdk.internal.misc.Unsafe.park(Native Method)
        at java.base@17.0.12/java.util.concurrent.locks.LockSupport.parkNanos(LockSupport.java:252)
        at java.base@17.0.12/java.util.concurrent.locks.AbstractQueuedSynchronizer$ConditionObject.awaitNanos(AbstractQueuedSynchronizer.java:1674)
        at java.base@17.0.12/java.util.concurrent.LinkedBlockingQueue.poll(LinkedBlockingQueue.java:460)
        at app//org.apache.hadoop.ipc.CallQueueManager.take(CallQueueManager.java:317)
        at app//org.apache.hadoop.ipc.Server$Handler.run(Server.java:3014)
"IPC Server handler 65 on default port 15001" daemon prio=5 tid=250 timed_waiting
java.lang.Thread.State: TIMED_WAITING
        at java.base@17.0.12/jdk.internal.misc.Unsafe.park(Native Method)
        at java.base@17.0.12/java.util.concurrent.locks.LockSupport.parkNanos(LockSupport.java:252)
        at java.base@17.0.12/java.util.concurrent.locks.AbstractQueuedSynchronizer$ConditionObject.awaitNanos(AbstractQueuedSynchronizer.java:1674)
        at java.base@17.0.12/java.util.concurrent.LinkedBlockingQueue.poll(LinkedBlockingQueue.java:460)
        at app//org.apache.hadoop.ipc.CallQueueManager.take(CallQueueManager.java:317)
        at app//org.apache.hadoop.ipc.Server$Handler.run(Server.java:3014)
"IPC Server handler 2 on default port 15002" daemon prio=5 tid=287 timed_waiting
java.lang.Thread.State: TIMED_WAITING
        at java.base@17.0.12/jdk.internal.misc.Unsafe.park(Native Method)
        at java.base@17.0.12/java.util.concurrent.locks.LockSupport.parkNanos(LockSupport.java:252)
        at java.base@17.0.12/java.util.concurrent.locks.AbstractQueuedSynchronizer$ConditionObject.awaitNanos(AbstractQueuedSynchronizer.java:1674)
        at java.base@17.0.12/java.util.concurrent.LinkedBlockingQueue.poll(LinkedBlockingQueue.java:460)
        at app//org.apache.hadoop.ipc.CallQueueManager.take(CallQueueManager.java:317)
        at app//org.apache.hadoop.ipc.Server$Handler.run(Server.java:3014)
"IPC Server handler 26 on default port 15001" daemon prio=5 tid=211 timed_waiting
java.lang.Thread.State: TIMED_WAITING
        at java.base@17.0.12/jdk.internal.misc.Unsafe.park(Native Method)
        at java.base@17.0.12/java.util.concurrent.locks.LockSupport.parkNanos(LockSupport.java:252)
        at java.base@17.0.12/java.util.concurrent.locks.AbstractQueuedSynchronizer$ConditionObject.awaitNanos(AbstractQueuedSynchronizer.java:1674)
        at java.base@17.0.12/java.util.concurrent.LinkedBlockingQueue.poll(LinkedBlockingQueue.java:460)
        at app//org.apache.hadoop.ipc.CallQueueManager.take(CallQueueManager.java:317)
        at app//org.apache.hadoop.ipc.Server$Handler.run(Server.java:3014)
"731aafee-c06b-4662-9d20-472061f2d46e@group-C41EF94B1934-StateMachineUpdater" daemon prio=5 tid=909 timed_waiting
java.lang.Thread.State: TIMED_WAITING
        at java.base@17.0.12/jdk.internal.misc.Unsafe.park(Native Method)
        at java.base@17.0.12/java.util.concurrent.locks.LockSupport.parkNanos(LockSupport.java:252)
        at java.base@17.0.12/java.util.concurrent.locks.AbstractQueuedSynchronizer$ConditionObject.await(AbstractQueuedSynchronizer.java:1759)
        at app//org.apache.ratis.util.AwaitForSignal.await(AwaitForSignal.java:65)
        at app//org.apache.ratis.server.impl.StateMachineUpdater.waitForCommit(StateMachineUpdater.java:219)
        at app//org.apache.ratis.server.impl.StateMachineUpdater.run(StateMachineUpdater.java:187)
        at java.base@17.0.12/java.lang.Thread.run(Thread.java:840)
"MutableQuantiles-0" daemon prio=5 tid=629 timed_waiting
java.lang.Thread.State: TIMED_WAITING
        at java.base@17.0.12/jdk.internal.misc.Unsafe.park(Native Method)
        at java.base@17.0.12/java.util.concurrent.locks.LockSupport.parkNanos(LockSupport.java:252)
        at java.base@17.0.12/java.util.concurrent.locks.AbstractQueuedSynchronizer$ConditionObject.awaitNanos(AbstractQueuedSynchronizer.java:1674)
        at java.base@17.0.12/java.util.concurrent.ScheduledThreadPoolExecutor$DelayedWorkQueue.take(ScheduledThreadPoolExecutor.java:1182)
        at java.base@17.0.12/java.util.concurrent.ScheduledThreadPoolExecutor$DelayedWorkQueue.take(ScheduledThreadPoolExecutor.java:899)
        at java.base@17.0.12/java.util.concurrent.ThreadPoolExecutor.getTask(ThreadPoolExecutor.java:1062)
        at java.base@17.0.12/java.util.concurrent.ThreadPoolExecutor.runWorker(ThreadPoolExecutor.java:1122)
        at java.base@17.0.12/java.util.concurrent.ThreadPoolExecutor$Worker.run(ThreadPoolExecutor.java:635)
        at java.base@17.0.12/java.lang.Thread.run(Thread.java:840)
"IPC Server handler 47 on default port 15001" daemon prio=5 tid=232 timed_waiting
java.lang.Thread.State: TIMED_WAITING
        at java.base@17.0.12/jdk.internal.misc.Unsafe.park(Native Method)
        at java.base@17.0.12/java.util.concurrent.locks.LockSupport.parkNanos(LockSupport.java:252)
        at java.base@17.0.12/java.util.concurrent.locks.AbstractQueuedSynchronizer$ConditionObject.awaitNanos(AbstractQueuedSynchronizer.java:1674)
        at java.base@17.0.12/java.util.concurrent.LinkedBlockingQueue.poll(LinkedBlockingQueue.java:460)
        at app//org.apache.hadoop.ipc.CallQueueManager.take(CallQueueManager.java:317)
        at app//org.apache.hadoop.ipc.Server$Handler.run(Server.java:3014)
"JvmPauseMonitor3" daemon prio=5 tid=827 timed_waiting
java.lang.Thread.State: TIMED_WAITING
        at java.base@17.0.12/java.lang.Thread.sleep(Native Method)
        at java.base@17.0.12/java.lang.Thread.sleep(Thread.java:344)
        at java.base@17.0.12/java.util.concurrent.TimeUnit.sleep(TimeUnit.java:446)
        at app//org.apache.ratis.util.TimeDuration.sleep(TimeDuration.java:353)
        at app//org.apache.ratis.util.TimeDuration.sleep(TimeDuration.java:338)
        at app//org.apache.ratis.util.JvmPauseMonitor.detectPause(JvmPauseMonitor.java:160)
        at app//org.apache.ratis.util.JvmPauseMonitor.run(JvmPauseMonitor.java:149)
        at app//org.apache.ratis.util.JvmPauseMonitor$$Lambda$784/0x00007fa9084f6228.run(Unknown Source)
        at java.base@17.0.12/java.lang.Thread.run(Thread.java:840)
"qtp11530087-511" daemon prio=5 tid=511 timed_waiting
java.lang.Thread.State: TIMED_WAITING
        at java.base@17.0.12/jdk.internal.misc.Unsafe.park(Native Method)
        at java.base@17.0.12/java.util.concurrent.locks.LockSupport.parkNanos(LockSupport.java:252)
        at java.base@17.0.12/java.util.concurrent.locks.AbstractQueuedSynchronizer$ConditionObject.awaitNanos(AbstractQueuedSynchronizer.java:1674)
        at app//org.eclipse.jetty.util.BlockingArrayQueue.poll(BlockingArrayQueue.java:382)
        at app//org.eclipse.jetty.util.thread.QueuedThreadPool$Runner.idleJobPoll(QueuedThreadPool.java:974)
        at app//org.eclipse.jetty.util.thread.QueuedThreadPool$Runner.run(QueuedThreadPool.java:1018)
        at java.base@17.0.12/java.lang.Thread.run(Thread.java:840)
"IPC Server handler 35 on default port 15000" daemon prio=5 tid=120 timed_waiting
java.lang.Thread.State: TIMED_WAITING
        at java.base@17.0.12/jdk.internal.misc.Unsafe.park(Native Method)
        at java.base@17.0.12/java.util.concurrent.locks.LockSupport.parkNanos(LockSupport.java:252)
        at java.base@17.0.12/java.util.concurrent.locks.AbstractQueuedSynchronizer$ConditionObject.awaitNanos(AbstractQueuedSynchronizer.java:1674)
        at java.base@17.0.12/java.util.concurrent.LinkedBlockingQueue.poll(LinkedBlockingQueue.java:460)
        at app//org.apache.hadoop.ipc.CallQueueManager.take(CallQueueManager.java:317)
        at app//org.apache.hadoop.ipc.Server$Handler.run(Server.java:3014)
"IPC Server handler 70 on default port 15001" daemon prio=5 tid=255 timed_waiting
java.lang.Thread.State: TIMED_WAITING
        at java.base@17.0.12/jdk.internal.misc.Unsafe.park(Native Method)
        at java.base@17.0.12/java.util.concurrent.locks.LockSupport.parkNanos(LockSupport.java:252)
        at java.base@17.0.12/java.util.concurrent.locks.AbstractQueuedSynchronizer$ConditionObject.awaitNanos(AbstractQueuedSynchronizer.java:1674)
        at java.base@17.0.12/java.util.concurrent.LinkedBlockingQueue.poll(LinkedBlockingQueue.java:460)
        at app//org.apache.hadoop.ipc.CallQueueManager.take(CallQueueManager.java:317)
        at app//org.apache.hadoop.ipc.Server$Handler.run(Server.java:3014)
"Timer-1" daemon prio=5 tid=476 in Object.wait()
java.lang.Thread.State: WAITING (on object monitor)
        at java.base@17.0.12/java.lang.Object.wait(Native Method)
        at java.base@17.0.12/java.lang.Object.wait(Object.java:338)
        at java.base@17.0.12/java.util.TimerThread.mainLoop(Timer.java:537)
        at java.base@17.0.12/java.util.TimerThread.run(Timer.java:516)
"IPC Server handler 4 on default port 15009" daemon prio=5 tid=523 timed_waiting
java.lang.Thread.State: TIMED_WAITING
        at java.base@17.0.12/jdk.internal.misc.Unsafe.park(Native Method)
        at java.base@17.0.12/java.util.concurrent.locks.LockSupport.parkNanos(LockSupport.java:252)
        at java.base@17.0.12/java.util.concurrent.locks.AbstractQueuedSynchronizer$ConditionObject.awaitNanos(AbstractQueuedSynchronizer.java:1674)
        at java.base@17.0.12/java.util.concurrent.LinkedBlockingQueue.poll(LinkedBlockingQueue.java:460)
        at app//org.apache.hadoop.ipc.CallQueueManager.take(CallQueueManager.java:317)
        at app//org.apache.hadoop.ipc.Server$Handler.run(Server.java:3014)
"IPC Server handler 6 on default port 15021" daemon prio=5 tid=707 timed_waiting
java.lang.Thread.State: TIMED_WAITING
        at java.base@17.0.12/jdk.internal.misc.Unsafe.park(Native Method)
        at java.base@17.0.12/java.util.concurrent.locks.LockSupport.parkNanos(LockSupport.java:252)
        at java.base@17.0.12/java.util.concurrent.locks.AbstractQueuedSynchronizer$ConditionObject.awaitNanos(AbstractQueuedSynchronizer.java:1674)
        at java.base@17.0.12/java.util.concurrent.LinkedBlockingQueue.poll(LinkedBlockingQueue.java:460)
        at app//org.apache.hadoop.ipc.CallQueueManager.take(CallQueueManager.java:317)
        at app//org.apache.hadoop.ipc.Server$Handler.run(Server.java:3014)
"surefire-forkedjvm-ping-30s" daemon prio=5 tid=15 timed_waiting
java.lang.Thread.State: TIMED_WAITING
        at java.base@17.0.12/jdk.internal.misc.Unsafe.park(Native Method)
        at java.base@17.0.12/java.util.concurrent.locks.LockSupport.parkNanos(LockSupport.java:252)
        at java.base@17.0.12/java.util.concurrent.locks.AbstractQueuedSynchronizer$ConditionObject.awaitNanos(AbstractQueuedSynchronizer.java:1674)
        at java.base@17.0.12/java.util.concurrent.ScheduledThreadPoolExecutor$DelayedWorkQueue.take(ScheduledThreadPoolExecutor.java:1182)
        at java.base@17.0.12/java.util.concurrent.ScheduledThreadPoolExecutor$DelayedWorkQueue.take(ScheduledThreadPoolExecutor.java:899)
        at java.base@17.0.12/java.util.concurrent.ThreadPoolExecutor.getTask(ThreadPoolExecutor.java:1062)
        at java.base@17.0.12/java.util.concurrent.ThreadPoolExecutor.runWorker(ThreadPoolExecutor.java:1122)
        at java.base@17.0.12/java.util.concurrent.ThreadPoolExecutor$Worker.run(ThreadPoolExecutor.java:635)
        at java.base@17.0.12/java.lang.Thread.run(Thread.java:840)
"IPC Server handler 65 on default port 15000" daemon prio=5 tid=150 timed_waiting
java.lang.Thread.State: TIMED_WAITING
        at java.base@17.0.12/jdk.internal.misc.Unsafe.park(Native Method)
        at java.base@17.0.12/java.util.concurrent.locks.LockSupport.parkNanos(LockSupport.java:252)
        at java.base@17.0.12/java.util.concurrent.locks.AbstractQueuedSynchronizer$ConditionObject.awaitNanos(AbstractQueuedSynchronizer.java:1674)
        at java.base@17.0.12/java.util.concurrent.LinkedBlockingQueue.poll(LinkedBlockingQueue.java:460)
        at app//org.apache.hadoop.ipc.CallQueueManager.take(CallQueueManager.java:317)
        at app//org.apache.hadoop.ipc.Server$Handler.run(Server.java:3014)
"SnapshotCacheCleanupService" daemon prio=5 tid=404 timed_waiting
java.lang.Thread.State: TIMED_WAITING
        at java.base@17.0.12/jdk.internal.misc.Unsafe.park(Native Method)
        at java.base@17.0.12/java.util.concurrent.locks.LockSupport.parkNanos(LockSupport.java:252)
        at java.base@17.0.12/java.util.concurrent.locks.AbstractQueuedSynchronizer$ConditionObject.awaitNanos(AbstractQueuedSynchronizer.java:1674)
        at java.base@17.0.12/java.util.concurrent.ScheduledThreadPoolExecutor$DelayedWorkQueue.take(ScheduledThreadPoolExecutor.java:1182)
        at java.base@17.0.12/java.util.concurrent.ScheduledThreadPoolExecutor$DelayedWorkQueue.take(ScheduledThreadPoolExecutor.java:899)
        at java.base@17.0.12/java.util.concurrent.ThreadPoolExecutor.getTask(ThreadPoolExecutor.java:1062)
        at java.base@17.0.12/java.util.concurrent.ThreadPoolExecutor.runWorker(ThreadPoolExecutor.java:1122)
        at java.base@17.0.12/java.util.concurrent.ThreadPoolExecutor$Worker.run(ThreadPoolExecutor.java:635)
        at java.base@17.0.12/java.lang.Thread.run(Thread.java:840)
"IPC Server handler 66 on default port 15000" daemon prio=5 tid=151 timed_waiting
java.lang.Thread.State: TIMED_WAITING
        at java.base@17.0.12/jdk.internal.misc.Unsafe.park(Native Method)
        at java.base@17.0.12/java.util.concurrent.locks.LockSupport.parkNanos(LockSupport.java:252)
        at java.base@17.0.12/java.util.concurrent.locks.AbstractQueuedSynchronizer$ConditionObject.awaitNanos(AbstractQueuedSynchronizer.java:1674)
        at java.base@17.0.12/java.util.concurrent.LinkedBlockingQueue.poll(LinkedBlockingQueue.java:460)
        at app//org.apache.hadoop.ipc.CallQueueManager.take(CallQueueManager.java:317)
        at app//org.apache.hadoop.ipc.Server$Handler.run(Server.java:3014)
"Socket Reader #9 for port 15004"  prio=5 tid=420 runnable
java.lang.Thread.State: RUNNABLE
        at java.base@17.0.12/sun.nio.ch.EPoll.wait(Native Method)
        at java.base@17.0.12/sun.nio.ch.EPollSelectorImpl.doSelect(EPollSelectorImpl.java:118)
        at java.base@17.0.12/sun.nio.ch.SelectorImpl.lockAndDoSelect(SelectorImpl.java:129)
        at java.base@17.0.12/sun.nio.ch.SelectorImpl.select(SelectorImpl.java:146)
        at app//org.apache.hadoop.ipc.Server$Listener$Reader.doRunLoop(Server.java:1346)
        at app//org.apache.hadoop.ipc.Server$Listener$Reader.run(Server.java:1325)
"ContainerDataScanner(/home/runner/work/ozone/ozone/hadoop-ozone/integration-test/target/test-dir/MiniOzoneClusterImpl-58399722-4c39-4f0d-a4d6-8a89216b262d/ozone-meta/datanode-2/data-0/hdds)" daemon prio=5 tid=841 timed_waiting
java.lang.Thread.State: TIMED_WAITING
        at java.base@17.0.12/java.lang.Thread.sleep(Native Method)
        at app//org.apache.hadoop.ozone.container.ozoneimpl.AbstractBackgroundContainerScanner.handleRemainingSleep(AbstractBackgroundContainerScanner.java:131)
        at app//org.apache.hadoop.ozone.container.ozoneimpl.AbstractBackgroundContainerScanner.runIteration(AbstractBackgroundContainerScanner.java:98)
        at app//org.apache.hadoop.ozone.container.ozoneimpl.AbstractBackgroundContainerScanner.run(AbstractBackgroundContainerScanner.java:57)
"IPC Server handler 24 on default port 15009" daemon prio=5 tid=543 timed_waiting
java.lang.Thread.State: TIMED_WAITING
        at java.base@17.0.12/jdk.internal.misc.Unsafe.park(Native Method)
        at java.base@17.0.12/java.util.concurrent.locks.LockSupport.parkNanos(LockSupport.java:252)
        at java.base@17.0.12/java.util.concurrent.locks.AbstractQueuedSynchronizer$ConditionObject.awaitNanos(AbstractQueuedSynchronizer.java:1674)
        at java.base@17.0.12/java.util.concurrent.LinkedBlockingQueue.poll(LinkedBlockingQueue.java:460)
        at app//org.apache.hadoop.ipc.CallQueueManager.take(CallQueueManager.java:317)
        at app//org.apache.hadoop.ipc.Server$Handler.run(Server.java:3014)
"IPC Server handler 29 on default port 15000" daemon prio=5 tid=114 timed_waiting
java.lang.Thread.State: TIMED_WAITING
        at java.base@17.0.12/jdk.internal.misc.Unsafe.park(Native Method)
        at java.base@17.0.12/java.util.concurrent.locks.LockSupport.parkNanos(LockSupport.java:252)
        at java.base@17.0.12/java.util.concurrent.locks.AbstractQueuedSynchronizer$ConditionObject.awaitNanos(AbstractQueuedSynchronizer.java:1674)
        at java.base@17.0.12/java.util.concurrent.LinkedBlockingQueue.poll(LinkedBlockingQueue.java:460)
        at app//org.apache.hadoop.ipc.CallQueueManager.take(CallQueueManager.java:317)
        at app//org.apache.hadoop.ipc.Server$Handler.run(Server.java:3014)
"IPC Server handler 10 on default port 15009" daemon prio=5 tid=529 timed_waiting
java.lang.Thread.State: TIMED_WAITING
        at java.base@17.0.12/jdk.internal.misc.Unsafe.park(Native Method)
        at java.base@17.0.12/java.util.concurrent.locks.LockSupport.parkNanos(LockSupport.java:252)
        at java.base@17.0.12/java.util.concurrent.locks.AbstractQueuedSynchronizer$ConditionObject.awaitNanos(AbstractQueuedSynchronizer.java:1674)
        at java.base@17.0.12/java.util.concurrent.LinkedBlockingQueue.poll(LinkedBlockingQueue.java:460)
        at app//org.apache.hadoop.ipc.CallQueueManager.take(CallQueueManager.java:317)
        at app//org.apache.hadoop.ipc.Server$Handler.run(Server.java:3014)
"IPC Server handler 35 on default port 15009" daemon prio=5 tid=554 timed_waiting
java.lang.Thread.State: TIMED_WAITING
        at java.base@17.0.12/jdk.internal.misc.Unsafe.park(Native Method)
        at java.base@17.0.12/java.util.concurrent.locks.LockSupport.parkNanos(LockSupport.java:252)
        at java.base@17.0.12/java.util.concurrent.locks.AbstractQueuedSynchronizer$ConditionObject.awaitNanos(AbstractQueuedSynchronizer.java:1674)
        at java.base@17.0.12/java.util.concurrent.LinkedBlockingQueue.poll(LinkedBlockingQueue.java:460)
        at app//org.apache.hadoop.ipc.CallQueueManager.take(CallQueueManager.java:317)
        at app//org.apache.hadoop.ipc.Server$Handler.run(Server.java:3014)
"ExpiredContainerReplicaOpScrubber" daemon prio=5 tid=27 timed_waiting
java.lang.Thread.State: TIMED_WAITING
        at java.base@17.0.12/java.lang.Object.wait(Native Method)
        at app//org.apache.hadoop.hdds.scm.ha.BackgroundSCMService.run(BackgroundSCMService.java:107)
        at app//org.apache.hadoop.hdds.scm.ha.BackgroundSCMService$$Lambda$674/0x00007fa908369410.run(Unknown Source)
        at java.base@17.0.12/java.lang.Thread.run(Thread.java:840)
"IPC Server handler 77 on default port 15002" daemon prio=5 tid=362 timed_waiting
java.lang.Thread.State: TIMED_WAITING
        at java.base@17.0.12/jdk.internal.misc.Unsafe.park(Native Method)
        at java.base@17.0.12/java.util.concurrent.locks.LockSupport.parkNanos(LockSupport.java:252)
        at java.base@17.0.12/java.util.concurrent.locks.AbstractQueuedSynchronizer$ConditionObject.awaitNanos(AbstractQueuedSynchronizer.java:1674)
        at java.base@17.0.12/java.util.concurrent.LinkedBlockingQueue.poll(LinkedBlockingQueue.java:460)
        at app//org.apache.hadoop.ipc.CallQueueManager.take(CallQueueManager.java:317)
        at app//org.apache.hadoop.ipc.Server$Handler.run(Server.java:3014)
"IPC Server handler 7 on default port 15021" daemon prio=5 tid=708 timed_waiting
java.lang.Thread.State: TIMED_WAITING
        at java.base@17.0.12/jdk.internal.misc.Unsafe.park(Native Method)
        at java.base@17.0.12/java.util.concurrent.locks.LockSupport.parkNanos(LockSupport.java:252)
        at java.base@17.0.12/java.util.concurrent.locks.AbstractQueuedSynchronizer$ConditionObject.awaitNanos(AbstractQueuedSynchronizer.java:1674)
        at java.base@17.0.12/java.util.concurrent.LinkedBlockingQueue.poll(LinkedBlockingQueue.java:460)
        at app//org.apache.hadoop.ipc.CallQueueManager.take(CallQueueManager.java:317)
        at app//org.apache.hadoop.ipc.Server$Handler.run(Server.java:3014)
"qtp884289676-639" daemon prio=5 tid=639 timed_waiting
java.lang.Thread.State: TIMED_WAITING
        at java.base@17.0.12/jdk.internal.misc.Unsafe.park(Native Method)
        at java.base@17.0.12/java.util.concurrent.locks.LockSupport.parkNanos(LockSupport.java:252)
        at java.base@17.0.12/java.util.concurrent.locks.AbstractQueuedSynchronizer$ConditionObject.awaitNanos(AbstractQueuedSynchronizer.java:1674)
        at app//org.eclipse.jetty.util.BlockingArrayQueue.poll(BlockingArrayQueue.java:382)
        at app//org.eclipse.jetty.util.thread.QueuedThreadPool$Runner.idleJobPoll(QueuedThreadPool.java:974)
        at app//org.eclipse.jetty.util.thread.QueuedThreadPool$Runner.run(QueuedThreadPool.java:1018)
        at java.base@17.0.12/java.lang.Thread.run(Thread.java:840)
"IPC Server handler 27 on default port 15009" daemon prio=5 tid=546 timed_waiting
java.lang.Thread.State: TIMED_WAITING
        at java.base@17.0.12/jdk.internal.misc.Unsafe.park(Native Method)
        at java.base@17.0.12/java.util.concurrent.locks.LockSupport.parkNanos(LockSupport.java:252)
        at java.base@17.0.12/java.util.concurrent.locks.AbstractQueuedSynchronizer$ConditionObject.awaitNanos(AbstractQueuedSynchronizer.java:1674)
        at java.base@17.0.12/java.util.concurrent.LinkedBlockingQueue.poll(LinkedBlockingQueue.java:460)
        at app//org.apache.hadoop.ipc.CallQueueManager.take(CallQueueManager.java:317)
        at app//org.apache.hadoop.ipc.Server$Handler.run(Server.java:3014)
"IPC Server handler 37 on default port 15009" daemon prio=5 tid=556 timed_waiting
java.lang.Thread.State: TIMED_WAITING
        at java.base@17.0.12/jdk.internal.misc.Unsafe.park(Native Method)
        at java.base@17.0.12/java.util.concurrent.locks.LockSupport.parkNanos(LockSupport.java:252)
        at java.base@17.0.12/java.util.concurrent.locks.AbstractQueuedSynchronizer$ConditionObject.awaitNanos(AbstractQueuedSynchronizer.java:1674)
        at java.base@17.0.12/java.util.concurrent.LinkedBlockingQueue.poll(LinkedBlockingQueue.java:460)
        at app//org.apache.hadoop.ipc.CallQueueManager.take(CallQueueManager.java:317)
        at app//org.apache.hadoop.ipc.Server$Handler.run(Server.java:3014)
"IPC Server handler 83 on default port 15002" daemon prio=5 tid=368 timed_waiting
java.lang.Thread.State: TIMED_WAITING
        at java.base@17.0.12/jdk.internal.misc.Unsafe.park(Native Method)
        at java.base@17.0.12/java.util.concurrent.locks.LockSupport.parkNanos(LockSupport.java:252)
        at java.base@17.0.12/java.util.concurrent.locks.AbstractQueuedSynchronizer$ConditionObject.awaitNanos(AbstractQueuedSynchronizer.java:1674)
        at java.base@17.0.12/java.util.concurrent.LinkedBlockingQueue.poll(LinkedBlockingQueue.java:460)
        at app//org.apache.hadoop.ipc.CallQueueManager.take(CallQueueManager.java:317)
        at app//org.apache.hadoop.ipc.Server$Handler.run(Server.java:3014)
"44ff6b06-02d2-44ad-8aa1-4af94363565f-DataNodeDiskCheckerThread-0" daemon prio=5 tid=857 timed_waiting
java.lang.Thread.State: TIMED_WAITING
        at java.base@17.0.12/jdk.internal.misc.Unsafe.park(Native Method)
        at java.base@17.0.12/java.util.concurrent.locks.LockSupport.parkNanos(LockSupport.java:252)
        at java.base@17.0.12/java.util.concurrent.SynchronousQueue$TransferStack.transfer(SynchronousQueue.java:401)
        at java.base@17.0.12/java.util.concurrent.SynchronousQueue.poll(SynchronousQueue.java:903)
        at java.base@17.0.12/java.util.concurrent.ThreadPoolExecutor.getTask(ThreadPoolExecutor.java:1061)
        at java.base@17.0.12/java.util.concurrent.ThreadPoolExecutor.runWorker(ThreadPoolExecutor.java:1122)
        at java.base@17.0.12/java.util.concurrent.ThreadPoolExecutor$Worker.run(ThreadPoolExecutor.java:635)
        at java.base@17.0.12/java.lang.Thread.run(Thread.java:840)
"FixedThreadPoolWithAffinityExecutor-7-0" daemon prio=5 tid=81 timed_waiting
java.lang.Thread.State: TIMED_WAITING
        at java.base@17.0.12/jdk.internal.misc.Unsafe.park(Native Method)
        at java.base@17.0.12/java.util.concurrent.locks.LockSupport.parkNanos(LockSupport.java:252)
        at java.base@17.0.12/java.util.concurrent.locks.AbstractQueuedSynchronizer$ConditionObject.awaitNanos(AbstractQueuedSynchronizer.java:1674)
        at java.base@17.0.12/java.util.concurrent.LinkedBlockingQueue.poll(LinkedBlockingQueue.java:460)
        at app//org.apache.hadoop.hdds.scm.server.ContainerReportQueue.poll(ContainerReportQueue.java:269)
        at app//org.apache.hadoop.hdds.scm.server.ContainerReportQueue.poll(ContainerReportQueue.java:42)
        at app//org.apache.hadoop.hdds.server.events.FixedThreadPoolWithAffinityExecutor$ContainerReportProcessTask.run(FixedThreadPoolWithAffinityExecutor.java:253)
        at java.base@17.0.12/java.util.concurrent.Executors$RunnableAdapter.call(Executors.java:539)
        at java.base@17.0.12/java.util.concurrent.FutureTask.run(FutureTask.java:264)
        at java.base@17.0.12/java.util.concurrent.ThreadPoolExecutor.runWorker(ThreadPoolExecutor.java:1136)
        at java.base@17.0.12/java.util.concurrent.ThreadPoolExecutor$Worker.run(ThreadPoolExecutor.java:635)
        at java.base@17.0.12/java.lang.Thread.run(Thread.java:840)
"IPC Server handler 18 on default port 15001" daemon prio=5 tid=203 timed_waiting
java.lang.Thread.State: TIMED_WAITING
        at java.base@17.0.12/jdk.internal.misc.Unsafe.park(Native Method)
        at java.base@17.0.12/java.util.concurrent.locks.LockSupport.parkNanos(LockSupport.java:252)
        at java.base@17.0.12/java.util.concurrent.locks.AbstractQueuedSynchronizer$ConditionObject.awaitNanos(AbstractQueuedSynchronizer.java:1674)
        at java.base@17.0.12/java.util.concurrent.LinkedBlockingQueue.poll(LinkedBlockingQueue.java:460)
        at app//org.apache.hadoop.ipc.CallQueueManager.take(CallQueueManager.java:317)
        at app//org.apache.hadoop.ipc.Server$Handler.run(Server.java:3014)
"IPC Server handler 72 on default port 15002" daemon prio=5 tid=357 timed_waiting
java.lang.Thread.State: TIMED_WAITING
        at java.base@17.0.12/jdk.internal.misc.Unsafe.park(Native Method)
        at java.base@17.0.12/java.util.concurrent.locks.LockSupport.parkNanos(LockSupport.java:252)
        at java.base@17.0.12/java.util.concurrent.locks.AbstractQueuedSynchronizer$ConditionObject.awaitNanos(AbstractQueuedSynchronizer.java:1674)
        at java.base@17.0.12/java.util.concurrent.LinkedBlockingQueue.poll(LinkedBlockingQueue.java:460)
        at app//org.apache.hadoop.ipc.CallQueueManager.take(CallQueueManager.java:317)
        at app//org.apache.hadoop.ipc.Server$Handler.run(Server.java:3014)
"Socket Reader #2 for port 15021"  prio=5 tid=689 runnable
java.lang.Thread.State: RUNNABLE
        at java.base@17.0.12/sun.nio.ch.EPoll.wait(Native Method)
        at java.base@17.0.12/sun.nio.ch.EPollSelectorImpl.doSelect(EPollSelectorImpl.java:118)
        at java.base@17.0.12/sun.nio.ch.SelectorImpl.lockAndDoSelect(SelectorImpl.java:129)
        at java.base@17.0.12/sun.nio.ch.SelectorImpl.select(SelectorImpl.java:146)
        at app//org.apache.hadoop.ipc.Server$Listener$Reader.doRunLoop(Server.java:1346)
        at app//org.apache.hadoop.ipc.Server$Listener$Reader.run(Server.java:1325)
"IPC Server handler 0 on default port 15004" daemon prio=5 tid=452 timed_waiting
java.lang.Thread.State: TIMED_WAITING
        at java.base@17.0.12/jdk.internal.misc.Unsafe.park(Native Method)
        at java.base@17.0.12/java.util.concurrent.locks.LockSupport.parkNanos(LockSupport.java:252)
        at java.base@17.0.12/java.util.concurrent.locks.AbstractQueuedSynchronizer$ConditionObject.awaitNanos(AbstractQueuedSynchronizer.java:1674)
        at java.base@17.0.12/java.util.concurrent.LinkedBlockingQueue.poll(LinkedBlockingQueue.java:460)
        at app//org.apache.hadoop.ipc.CallQueueManager.take(CallQueueManager.java:317)
        at app//org.apache.hadoop.ipc.Server$Handler.run(Server.java:3014)
"43b7afd8-9e19-4b34-aad7-81b8e915bbb6@group-0615DF56F7B4-LeaderStateImpl" daemon prio=5 tid=1003 timed_waiting
java.lang.Thread.State: TIMED_WAITING
        at java.base@17.0.12/jdk.internal.misc.Unsafe.park(Native Method)
        at java.base@17.0.12/java.util.concurrent.locks.LockSupport.parkNanos(LockSupport.java:252)
        at java.base@17.0.12/java.util.concurrent.locks.AbstractQueuedSynchronizer$ConditionObject.awaitNanos(AbstractQueuedSynchronizer.java:1674)
        at java.base@17.0.12/java.util.concurrent.ArrayBlockingQueue.poll(ArrayBlockingQueue.java:435)
        at app//org.apache.ratis.server.impl.LeaderStateImpl$EventQueue.poll(LeaderStateImpl.java:164)
        at app//org.apache.ratis.server.impl.LeaderStateImpl$EventProcessor.run(LeaderStateImpl.java:766)
"44ff6b06-02d2-44ad-8aa1-4af94363565f-NettyServerStreamRpc-bossGroup--thread1"  prio=5 tid=720 runnable
java.lang.Thread.State: RUNNABLE
        at app//org.apache.ratis.thirdparty.io.netty.channel.epoll.Native.epollWait(Native Method)
        at app//org.apache.ratis.thirdparty.io.netty.channel.epoll.Native.epollWait(Native.java:220)
        at app//org.apache.ratis.thirdparty.io.netty.channel.epoll.Native.epollWait(Native.java:213)
        at app//org.apache.ratis.thirdparty.io.netty.channel.epoll.EpollEventLoop.epollWaitNoTimerChange(EpollEventLoop.java:308)
        at app//org.apache.ratis.thirdparty.io.netty.channel.epoll.EpollEventLoop.run(EpollEventLoop.java:365)
        at app//org.apache.ratis.thirdparty.io.netty.util.concurrent.SingleThreadEventExecutor$4.run(SingleThreadEventExecutor.java:997)
        at app//org.apache.ratis.thirdparty.io.netty.util.internal.ThreadExecutorMap$2.run(ThreadExecutorMap.java:74)
        at java.base@17.0.12/java.lang.Thread.run(Thread.java:840)
"IPC Server handler 81 on default port 15002" daemon prio=5 tid=366 timed_waiting
java.lang.Thread.State: TIMED_WAITING
        at java.base@17.0.12/jdk.internal.misc.Unsafe.park(Native Method)
        at java.base@17.0.12/java.util.concurrent.locks.LockSupport.parkNanos(LockSupport.java:252)
        at java.base@17.0.12/java.util.concurrent.locks.AbstractQueuedSynchronizer$ConditionObject.awaitNanos(AbstractQueuedSynchronizer.java:1674)
        at java.base@17.0.12/java.util.concurrent.LinkedBlockingQueue.poll(LinkedBlockingQueue.java:460)
        at app//org.apache.hadoop.ipc.CallQueueManager.take(CallQueueManager.java:317)
        at app//org.apache.hadoop.ipc.Server$Handler.run(Server.java:3014)
"timer5" daemon prio=5 tid=1018 timed_waiting
java.lang.Thread.State: TIMED_WAITING
        at java.base@17.0.12/java.lang.Object.wait(Native Method)
        at java.base@17.0.12/java.util.TimerThread.mainLoop(Timer.java:563)
        at java.base@17.0.12/java.util.TimerThread.run(Timer.java:516)
"IPC Server handler 56 on default port 15000" daemon prio=5 tid=141 timed_waiting
java.lang.Thread.State: TIMED_WAITING
        at java.base@17.0.12/jdk.internal.misc.Unsafe.park(Native Method)
        at java.base@17.0.12/java.util.concurrent.locks.LockSupport.parkNanos(LockSupport.java:252)
        at java.base@17.0.12/java.util.concurrent.locks.AbstractQueuedSynchronizer$ConditionObject.awaitNanos(AbstractQueuedSynchronizer.java:1674)
        at java.base@17.0.12/java.util.concurrent.LinkedBlockingQueue.poll(LinkedBlockingQueue.java:460)
        at app//org.apache.hadoop.ipc.CallQueueManager.take(CallQueueManager.java:317)
        at app//org.apache.hadoop.ipc.Server$Handler.run(Server.java:3014)
"IPC Server handler 58 on default port 15000" daemon prio=5 tid=143 timed_waiting
java.lang.Thread.State: TIMED_WAITING
        at java.base@17.0.12/jdk.internal.misc.Unsafe.park(Native Method)
        at java.base@17.0.12/java.util.concurrent.locks.LockSupport.parkNanos(LockSupport.java:252)
        at java.base@17.0.12/java.util.concurrent.locks.AbstractQueuedSynchronizer$ConditionObject.awaitNanos(AbstractQueuedSynchronizer.java:1674)
        at java.base@17.0.12/java.util.concurrent.LinkedBlockingQueue.poll(LinkedBlockingQueue.java:460)
        at app//org.apache.hadoop.ipc.CallQueueManager.take(CallQueueManager.java:317)
        at app//org.apache.hadoop.ipc.Server$Handler.run(Server.java:3014)
"IPC Server handler 62 on default port 15000" daemon prio=5 tid=147 timed_waiting
java.lang.Thread.State: TIMED_WAITING
        at java.base@17.0.12/jdk.internal.misc.Unsafe.park(Native Method)
        at java.base@17.0.12/java.util.concurrent.locks.LockSupport.parkNanos(LockSupport.java:252)
        at java.base@17.0.12/java.util.concurrent.locks.AbstractQueuedSynchronizer$ConditionObject.awaitNanos(AbstractQueuedSynchronizer.java:1674)
        at java.base@17.0.12/java.util.concurrent.LinkedBlockingQueue.poll(LinkedBlockingQueue.java:460)
        at app//org.apache.hadoop.ipc.CallQueueManager.take(CallQueueManager.java:317)
        at app//org.apache.hadoop.ipc.Server$Handler.run(Server.java:3014)
"Socket Reader #3 for port 15002"  prio=5 tid=35 runnable
java.lang.Thread.State: RUNNABLE
        at java.base@17.0.12/sun.nio.ch.EPoll.wait(Native Method)
        at java.base@17.0.12/sun.nio.ch.EPollSelectorImpl.doSelect(EPollSelectorImpl.java:118)
        at java.base@17.0.12/sun.nio.ch.SelectorImpl.lockAndDoSelect(SelectorImpl.java:129)
        at java.base@17.0.12/sun.nio.ch.SelectorImpl.select(SelectorImpl.java:146)
        at app//org.apache.hadoop.ipc.Server$Listener$Reader.doRunLoop(Server.java:1346)
        at app//org.apache.hadoop.ipc.Server$Listener$Reader.run(Server.java:1325)
"IPC Server handler 33 on default port 15001" daemon prio=5 tid=218 timed_waiting
java.lang.Thread.State: TIMED_WAITING
        at java.base@17.0.12/jdk.internal.misc.Unsafe.park(Native Method)
        at java.base@17.0.12/java.util.concurrent.locks.LockSupport.parkNanos(LockSupport.java:252)
        at java.base@17.0.12/java.util.concurrent.locks.AbstractQueuedSynchronizer$ConditionObject.awaitNanos(AbstractQueuedSynchronizer.java:1674)
        at java.base@17.0.12/java.util.concurrent.LinkedBlockingQueue.poll(LinkedBlockingQueue.java:460)
        at app//org.apache.hadoop.ipc.CallQueueManager.take(CallQueueManager.java:317)
        at app//org.apache.hadoop.ipc.Server$Handler.run(Server.java:3014)
"Socket Reader #10 for port 15009"  prio=5 tid=492 runnable
java.lang.Thread.State: RUNNABLE
        at java.base@17.0.12/sun.nio.ch.EPoll.wait(Native Method)
        at java.base@17.0.12/sun.nio.ch.EPollSelectorImpl.doSelect(EPollSelectorImpl.java:118)
        at java.base@17.0.12/sun.nio.ch.SelectorImpl.lockAndDoSelect(SelectorImpl.java:129)
        at java.base@17.0.12/sun.nio.ch.SelectorImpl.select(SelectorImpl.java:146)
        at app//org.apache.hadoop.ipc.Server$Listener$Reader.doRunLoop(Server.java:1346)
        at app//org.apache.hadoop.ipc.Server$Listener$Reader.run(Server.java:1325)
"IPC Server handler 32 on default port 15002" daemon prio=5 tid=317 timed_waiting
java.lang.Thread.State: TIMED_WAITING
        at java.base@17.0.12/jdk.internal.misc.Unsafe.park(Native Method)
        at java.base@17.0.12/java.util.concurrent.locks.LockSupport.parkNanos(LockSupport.java:252)
        at java.base@17.0.12/java.util.concurrent.locks.AbstractQueuedSynchronizer$ConditionObject.awaitNanos(AbstractQueuedSynchronizer.java:1674)
        at java.base@17.0.12/java.util.concurrent.LinkedBlockingQueue.poll(LinkedBlockingQueue.java:460)
        at app//org.apache.hadoop.ipc.CallQueueManager.take(CallQueueManager.java:317)
        at app//org.apache.hadoop.ipc.Server$Handler.run(Server.java:3014)
"IPC Server handler 54 on default port 15000" daemon prio=5 tid=139 timed_waiting
java.lang.Thread.State: TIMED_WAITING
        at java.base@17.0.12/jdk.internal.misc.Unsafe.park(Native Method)
        at java.base@17.0.12/java.util.concurrent.locks.LockSupport.parkNanos(LockSupport.java:252)
        at java.base@17.0.12/java.util.concurrent.locks.AbstractQueuedSynchronizer$ConditionObject.awaitNanos(AbstractQueuedSynchronizer.java:1674)
        at java.base@17.0.12/java.util.concurrent.LinkedBlockingQueue.poll(LinkedBlockingQueue.java:460)
        at app//org.apache.hadoop.ipc.CallQueueManager.take(CallQueueManager.java:317)
        at app//org.apache.hadoop.ipc.Server$Handler.run(Server.java:3014)
"IPC Server handler 52 on default port 15009" daemon prio=5 tid=571 timed_waiting
java.lang.Thread.State: TIMED_WAITING
        at java.base@17.0.12/jdk.internal.misc.Unsafe.park(Native Method)
        at java.base@17.0.12/java.util.concurrent.locks.LockSupport.parkNanos(LockSupport.java:252)
        at java.base@17.0.12/java.util.concurrent.locks.AbstractQueuedSynchronizer$ConditionObject.awaitNanos(AbstractQueuedSynchronizer.java:1674)
        at java.base@17.0.12/java.util.concurrent.LinkedBlockingQueue.poll(LinkedBlockingQueue.java:460)
        at app//org.apache.hadoop.ipc.CallQueueManager.take(CallQueueManager.java:317)
        at app//org.apache.hadoop.ipc.Server$Handler.run(Server.java:3014)
"IPC Server handler 16 on default port 15009" daemon prio=5 tid=535 timed_waiting
java.lang.Thread.State: TIMED_WAITING
        at java.base@17.0.12/jdk.internal.misc.Unsafe.park(Native Method)
        at java.base@17.0.12/java.util.concurrent.locks.LockSupport.parkNanos(LockSupport.java:252)
        at java.base@17.0.12/java.util.concurrent.locks.AbstractQueuedSynchronizer$ConditionObject.awaitNanos(AbstractQueuedSynchronizer.java:1674)
        at java.base@17.0.12/java.util.concurrent.LinkedBlockingQueue.poll(LinkedBlockingQueue.java:460)
        at app//org.apache.hadoop.ipc.CallQueueManager.take(CallQueueManager.java:317)
        at app//org.apache.hadoop.ipc.Server$Handler.run(Server.java:3014)
"qtp884289676-638" daemon prio=5 tid=638 timed_waiting
java.lang.Thread.State: TIMED_WAITING
        at java.base@17.0.12/jdk.internal.misc.Unsafe.park(Native Method)
        at java.base@17.0.12/java.util.concurrent.locks.LockSupport.parkNanos(LockSupport.java:252)
        at java.base@17.0.12/java.util.concurrent.locks.AbstractQueuedSynchronizer$ConditionObject.awaitNanos(AbstractQueuedSynchronizer.java:1674)
        at app//org.eclipse.jetty.util.BlockingArrayQueue.poll(BlockingArrayQueue.java:382)
        at app//org.eclipse.jetty.util.thread.QueuedThreadPool$Runner.idleJobPoll(QueuedThreadPool.java:974)
        at app//org.eclipse.jetty.util.thread.QueuedThreadPool$Runner.run(QueuedThreadPool.java:1018)
        at java.base@17.0.12/java.lang.Thread.run(Thread.java:840)
"IPC Server listener on 15012" daemon prio=5 tid=641 runnable
java.lang.Thread.State: RUNNABLE
        at java.base@17.0.12/sun.nio.ch.EPoll.wait(Native Method)
        at java.base@17.0.12/sun.nio.ch.EPollSelectorImpl.doSelect(EPollSelectorImpl.java:118)
        at java.base@17.0.12/sun.nio.ch.SelectorImpl.lockAndDoSelect(SelectorImpl.java:129)
        at java.base@17.0.12/sun.nio.ch.SelectorImpl.select(SelectorImpl.java:146)
        at app//org.apache.hadoop.ipc.Server$Listener.run(Server.java:1408)
"Socket Reader #4 for port 15030"  prio=5 tid=737 runnable
java.lang.Thread.State: RUNNABLE
        at java.base@17.0.12/sun.nio.ch.EPoll.wait(Native Method)
        at java.base@17.0.12/sun.nio.ch.EPollSelectorImpl.doSelect(EPollSelectorImpl.java:118)
        at java.base@17.0.12/sun.nio.ch.SelectorImpl.lockAndDoSelect(SelectorImpl.java:129)
        at java.base@17.0.12/sun.nio.ch.SelectorImpl.select(SelectorImpl.java:146)
        at app//org.apache.hadoop.ipc.Server$Listener$Reader.doRunLoop(Server.java:1346)
        at app//org.apache.hadoop.ipc.Server$Listener$Reader.run(Server.java:1325)
"IPC Server handler 2 on default port 15030" daemon prio=5 tid=749 timed_waiting
java.lang.Thread.State: TIMED_WAITING
        at java.base@17.0.12/jdk.internal.misc.Unsafe.park(Native Method)
        at java.base@17.0.12/java.util.concurrent.locks.LockSupport.parkNanos(LockSupport.java:252)
        at java.base@17.0.12/java.util.concurrent.locks.AbstractQueuedSynchronizer$ConditionObject.awaitNanos(AbstractQueuedSynchronizer.java:1674)
        at java.base@17.0.12/java.util.concurrent.LinkedBlockingQueue.poll(LinkedBlockingQueue.java:460)
        at app//org.apache.hadoop.ipc.CallQueueManager.take(CallQueueManager.java:317)
        at app//org.apache.hadoop.ipc.Server$Handler.run(Server.java:3014)
"Socket Reader #2 for port 15001"  prio=5 tid=48 runnable
java.lang.Thread.State: RUNNABLE
        at java.base@17.0.12/sun.nio.ch.EPoll.wait(Native Method)
        at java.base@17.0.12/sun.nio.ch.EPollSelectorImpl.doSelect(EPollSelectorImpl.java:118)
        at java.base@17.0.12/sun.nio.ch.SelectorImpl.lockAndDoSelect(SelectorImpl.java:129)
        at java.base@17.0.12/sun.nio.ch.SelectorImpl.select(SelectorImpl.java:146)
        at app//org.apache.hadoop.ipc.Server$Listener$Reader.doRunLoop(Server.java:1346)
        at app//org.apache.hadoop.ipc.Server$Listener$Reader.run(Server.java:1325)
"IPC Server handler 5 on default port 15030" daemon prio=5 tid=752 timed_waiting
java.lang.Thread.State: TIMED_WAITING
        at java.base@17.0.12/jdk.internal.misc.Unsafe.park(Native Method)
        at java.base@17.0.12/java.util.concurrent.locks.LockSupport.parkNanos(LockSupport.java:252)
        at java.base@17.0.12/java.util.concurrent.locks.AbstractQueuedSynchronizer$ConditionObject.awaitNanos(AbstractQueuedSynchronizer.java:1674)
        at java.base@17.0.12/java.util.concurrent.LinkedBlockingQueue.poll(LinkedBlockingQueue.java:460)
        at app//org.apache.hadoop.ipc.CallQueueManager.take(CallQueueManager.java:317)
        at app//org.apache.hadoop.ipc.Server$Handler.run(Server.java:3014)
"IPC Server handler 86 on default port 15000" daemon prio=5 tid=171 timed_waiting
java.lang.Thread.State: TIMED_WAITING
        at java.base@17.0.12/jdk.internal.misc.Unsafe.park(Native Method)
        at java.base@17.0.12/java.util.concurrent.locks.LockSupport.parkNanos(LockSupport.java:252)
        at java.base@17.0.12/java.util.concurrent.locks.AbstractQueuedSynchronizer$ConditionObject.awaitNanos(AbstractQueuedSynchronizer.java:1674)
        at java.base@17.0.12/java.util.concurrent.LinkedBlockingQueue.poll(LinkedBlockingQueue.java:460)
        at app//org.apache.hadoop.ipc.CallQueueManager.take(CallQueueManager.java:317)
        at app//org.apache.hadoop.ipc.Server$Handler.run(Server.java:3014)
"prometheus" daemon prio=5 tid=398 in Object.wait()
java.lang.Thread.State: WAITING (on object monitor)
        at java.base@17.0.12/java.lang.Object.wait(Native Method)
        at java.base@17.0.12/java.lang.Object.wait(Object.java:338)
        at app//org.apache.hadoop.metrics2.impl.SinkQueue.waitForData(SinkQueue.java:114)
        at app//org.apache.hadoop.metrics2.impl.SinkQueue.consumeAll(SinkQueue.java:83)
        at app//org.apache.hadoop.metrics2.impl.MetricsSinkAdapter.publishMetricsFromQueue(MetricsSinkAdapter.java:135)
        at app//org.apache.hadoop.metrics2.impl.MetricsSinkAdapter$1.run(MetricsSinkAdapter.java:89)
"IPC Server handler 9 on default port 15012" daemon prio=5 tid=664 timed_waiting
java.lang.Thread.State: TIMED_WAITING
        at java.base@17.0.12/jdk.internal.misc.Unsafe.park(Native Method)
        at java.base@17.0.12/java.util.concurrent.locks.LockSupport.parkNanos(LockSupport.java:252)
        at java.base@17.0.12/java.util.concurrent.locks.AbstractQueuedSynchronizer$ConditionObject.awaitNanos(AbstractQueuedSynchronizer.java:1674)
        at java.base@17.0.12/java.util.concurrent.LinkedBlockingQueue.poll(LinkedBlockingQueue.java:460)
        at app//org.apache.hadoop.ipc.CallQueueManager.take(CallQueueManager.java:317)
        at app//org.apache.hadoop.ipc.Server$Handler.run(Server.java:3014)
"IPC Server handler 5 on default port 15000" daemon prio=5 tid=90 timed_waiting
java.lang.Thread.State: TIMED_WAITING
        at java.base@17.0.12/jdk.internal.misc.Unsafe.park(Native Method)
        at java.base@17.0.12/java.util.concurrent.locks.LockSupport.parkNanos(LockSupport.java:252)
        at java.base@17.0.12/java.util.concurrent.locks.AbstractQueuedSynchronizer$ConditionObject.awaitNanos(AbstractQueuedSynchronizer.java:1674)
        at java.base@17.0.12/java.util.concurrent.LinkedBlockingQueue.poll(LinkedBlockingQueue.java:460)
        at app//org.apache.hadoop.ipc.CallQueueManager.take(CallQueueManager.java:317)
        at app//org.apache.hadoop.ipc.Server$Handler.run(Server.java:3014)
"IPC Server handler 95 on default port 15002" daemon prio=5 tid=380 timed_waiting
java.lang.Thread.State: TIMED_WAITING
        at java.base@17.0.12/jdk.internal.misc.Unsafe.park(Native Method)
        at java.base@17.0.12/java.util.concurrent.locks.LockSupport.parkNanos(LockSupport.java:252)
        at java.base@17.0.12/java.util.concurrent.locks.AbstractQueuedSynchronizer$ConditionObject.awaitNanos(AbstractQueuedSynchronizer.java:1674)
        at java.base@17.0.12/java.util.concurrent.LinkedBlockingQueue.poll(LinkedBlockingQueue.java:460)
        at app//org.apache.hadoop.ipc.CallQueueManager.take(CallQueueManager.java:317)
        at app//org.apache.hadoop.ipc.Server$Handler.run(Server.java:3014)
"IPC Server handler 52 on default port 15001" daemon prio=5 tid=237 timed_waiting
java.lang.Thread.State: TIMED_WAITING
        at java.base@17.0.12/jdk.internal.misc.Unsafe.park(Native Method)
        at java.base@17.0.12/java.util.concurrent.locks.LockSupport.parkNanos(LockSupport.java:252)
        at java.base@17.0.12/java.util.concurrent.locks.AbstractQueuedSynchronizer$ConditionObject.awaitNanos(AbstractQueuedSynchronizer.java:1674)
        at java.base@17.0.12/java.util.concurrent.LinkedBlockingQueue.poll(LinkedBlockingQueue.java:460)
        at app//org.apache.hadoop.ipc.CallQueueManager.take(CallQueueManager.java:317)
        at app//org.apache.hadoop.ipc.Server$Handler.run(Server.java:3014)
"FixedThreadPoolWithAffinityExecutor-6-0" daemon prio=5 tid=80 timed_waiting
java.lang.Thread.State: TIMED_WAITING
        at java.base@17.0.12/jdk.internal.misc.Unsafe.park(Native Method)
        at java.base@17.0.12/java.util.concurrent.locks.LockSupport.parkNanos(LockSupport.java:252)
        at java.base@17.0.12/java.util.concurrent.locks.AbstractQueuedSynchronizer$ConditionObject.awaitNanos(AbstractQueuedSynchronizer.java:1674)
        at java.base@17.0.12/java.util.concurrent.LinkedBlockingQueue.poll(LinkedBlockingQueue.java:460)
        at app//org.apache.hadoop.hdds.scm.server.ContainerReportQueue.poll(ContainerReportQueue.java:269)
        at app//org.apache.hadoop.hdds.scm.server.ContainerReportQueue.poll(ContainerReportQueue.java:42)
        at app//org.apache.hadoop.hdds.server.events.FixedThreadPoolWithAffinityExecutor$ContainerReportProcessTask.run(FixedThreadPoolWithAffinityExecutor.java:253)
        at java.base@17.0.12/java.util.concurrent.Executors$RunnableAdapter.call(Executors.java:539)
        at java.base@17.0.12/java.util.concurrent.FutureTask.run(FutureTask.java:264)
        at java.base@17.0.12/java.util.concurrent.ThreadPoolExecutor.runWorker(ThreadPoolExecutor.java:1136)
        at java.base@17.0.12/java.util.concurrent.ThreadPoolExecutor$Worker.run(ThreadPoolExecutor.java:635)
        at java.base@17.0.12/java.lang.Thread.run(Thread.java:840)
"IPC Server handler 1 on default port 15030" daemon prio=5 tid=748 timed_waiting
java.lang.Thread.State: TIMED_WAITING
        at java.base@17.0.12/jdk.internal.misc.Unsafe.park(Native Method)
        at java.base@17.0.12/java.util.concurrent.locks.LockSupport.parkNanos(LockSupport.java:252)
        at java.base@17.0.12/java.util.concurrent.locks.AbstractQueuedSynchronizer$ConditionObject.awaitNanos(AbstractQueuedSynchronizer.java:1674)
        at java.base@17.0.12/java.util.concurrent.LinkedBlockingQueue.poll(LinkedBlockingQueue.java:460)
        at app//org.apache.hadoop.ipc.CallQueueManager.take(CallQueueManager.java:317)
        at app//org.apache.hadoop.ipc.Server$Handler.run(Server.java:3014)
"Recon-EventQueue-NewNodeForReconNewNodeHandler" daemon prio=5 tid=890 in Object.wait()
java.lang.Thread.State: WAITING (on object monitor)
        at java.base@17.0.12/jdk.internal.misc.Unsafe.park(Native Method)
        at java.base@17.0.12/java.util.concurrent.locks.LockSupport.park(LockSupport.java:341)
        at java.base@17.0.12/java.util.concurrent.locks.AbstractQueuedSynchronizer$ConditionNode.block(AbstractQueuedSynchronizer.java:506)
        at java.base@17.0.12/java.util.concurrent.ForkJoinPool.unmanagedBlock(ForkJoinPool.java:3465)
        at java.base@17.0.12/java.util.concurrent.ForkJoinPool.managedBlock(ForkJoinPool.java:3436)
        at java.base@17.0.12/java.util.concurrent.locks.AbstractQueuedSynchronizer$ConditionObject.await(AbstractQueuedSynchronizer.java:1625)
        at java.base@17.0.12/java.util.concurrent.LinkedBlockingQueue.take(LinkedBlockingQueue.java:435)
        at java.base@17.0.12/java.util.concurrent.ThreadPoolExecutor.getTask(ThreadPoolExecutor.java:1062)
        at java.base@17.0.12/java.util.concurrent.ThreadPoolExecutor.runWorker(ThreadPoolExecutor.java:1122)
        at java.base@17.0.12/java.util.concurrent.ThreadPoolExecutor$Worker.run(ThreadPoolExecutor.java:635)
        at java.base@17.0.12/java.lang.Thread.run(Thread.java:840)
"IPC Server handler 65 on default port 15009" daemon prio=5 tid=584 timed_waiting
java.lang.Thread.State: TIMED_WAITING
        at java.base@17.0.12/jdk.internal.misc.Unsafe.park(Native Method)
        at java.base@17.0.12/java.util.concurrent.locks.LockSupport.parkNanos(LockSupport.java:252)
        at java.base@17.0.12/java.util.concurrent.locks.AbstractQueuedSynchronizer$ConditionObject.awaitNanos(AbstractQueuedSynchronizer.java:1674)
        at java.base@17.0.12/java.util.concurrent.LinkedBlockingQueue.poll(LinkedBlockingQueue.java:460)
        at app//org.apache.hadoop.ipc.CallQueueManager.take(CallQueueManager.java:317)
        at app//org.apache.hadoop.ipc.Server$Handler.run(Server.java:3014)
"qtp1438151538-728" daemon prio=5 tid=728 timed_waiting
java.lang.Thread.State: TIMED_WAITING
        at java.base@17.0.12/jdk.internal.misc.Unsafe.park(Native Method)
        at java.base@17.0.12/java.util.concurrent.locks.LockSupport.parkNanos(LockSupport.java:252)
        at java.base@17.0.12/java.util.concurrent.locks.AbstractQueuedSynchronizer$ConditionObject.awaitNanos(AbstractQueuedSynchronizer.java:1674)
        at app//org.eclipse.jetty.util.BlockingArrayQueue.poll(BlockingArrayQueue.java:382)
        at app//org.eclipse.jetty.util.thread.QueuedThreadPool$Runner.idleJobPoll(QueuedThreadPool.java:974)
        at app//org.eclipse.jetty.util.thread.QueuedThreadPool$Runner.run(QueuedThreadPool.java:1018)
        at java.base@17.0.12/java.lang.Thread.run(Thread.java:840)
"43b7afd8-9e19-4b34-aad7-81b8e915bbb6@group-0615DF56F7B4-SegmentedRaftLogWorker"  prio=5 tid=918 timed_waiting
java.lang.Thread.State: TIMED_WAITING
        at java.base@17.0.12/jdk.internal.misc.Unsafe.park(Native Method)
        at java.base@17.0.12/java.util.concurrent.locks.LockSupport.parkNanos(LockSupport.java:252)
        at java.base@17.0.12/java.util.concurrent.locks.AbstractQueuedSynchronizer$ConditionObject.awaitNanos(AbstractQueuedSynchronizer.java:1674)
        at app//org.apache.ratis.util.DataBlockingQueue.poll(DataBlockingQueue.java:148)
        at app//org.apache.ratis.server.raftlog.segmented.SegmentedRaftLogWorker.run(SegmentedRaftLogWorker.java:306)
        at app//org.apache.ratis.server.raftlog.segmented.SegmentedRaftLogWorker$$Lambda$1170/0x00007fa908729a20.run(Unknown Source)
        at java.base@17.0.12/java.util.concurrent.Executors$RunnableAdapter.call(Executors.java:539)
        at java.base@17.0.12/java.util.concurrent.FutureTask.run(FutureTask.java:264)
        at java.base@17.0.12/java.util.concurrent.ThreadPoolExecutor.runWorker(ThreadPoolExecutor.java:1136)
        at java.base@17.0.12/java.util.concurrent.ThreadPoolExecutor$Worker.run(ThreadPoolExecutor.java:635)
        at java.base@17.0.12/java.lang.Thread.run(Thread.java:840)
"IPC Server handler 2 on default port 15009" daemon prio=5 tid=521 timed_waiting
java.lang.Thread.State: TIMED_WAITING
        at java.base@17.0.12/jdk.internal.misc.Unsafe.park(Native Method)
        at java.base@17.0.12/java.util.concurrent.locks.LockSupport.parkNanos(LockSupport.java:252)
        at java.base@17.0.12/java.util.concurrent.locks.AbstractQueuedSynchronizer$ConditionObject.awaitNanos(AbstractQueuedSynchronizer.java:1674)
        at java.base@17.0.12/java.util.concurrent.LinkedBlockingQueue.poll(LinkedBlockingQueue.java:460)
        at app//org.apache.hadoop.ipc.CallQueueManager.take(CallQueueManager.java:317)
        at app//org.apache.hadoop.ipc.Server$Handler.run(Server.java:3014)
"44ff6b06-02d2-44ad-8aa1-4af94363565f-DatanodeReportManager-1" daemon prio=5 tid=759 in Object.wait()
java.lang.Thread.State: WAITING (on object monitor)
        at java.base@17.0.12/jdk.internal.misc.Unsafe.park(Native Method)
        at java.base@17.0.12/java.util.concurrent.locks.LockSupport.park(LockSupport.java:341)
        at java.base@17.0.12/java.util.concurrent.locks.AbstractQueuedSynchronizer$ConditionNode.block(AbstractQueuedSynchronizer.java:506)
        at java.base@17.0.12/java.util.concurrent.ForkJoinPool.unmanagedBlock(ForkJoinPool.java:3465)
        at java.base@17.0.12/java.util.concurrent.ForkJoinPool.managedBlock(ForkJoinPool.java:3436)
        at java.base@17.0.12/java.util.concurrent.locks.AbstractQueuedSynchronizer$ConditionObject.await(AbstractQueuedSynchronizer.java:1625)
        at java.base@17.0.12/java.util.concurrent.ScheduledThreadPoolExecutor$DelayedWorkQueue.take(ScheduledThreadPoolExecutor.java:1177)
        at java.base@17.0.12/java.util.concurrent.ScheduledThreadPoolExecutor$DelayedWorkQueue.take(ScheduledThreadPoolExecutor.java:899)
        at java.base@17.0.12/java.util.concurrent.ThreadPoolExecutor.getTask(ThreadPoolExecutor.java:1062)
        at java.base@17.0.12/java.util.concurrent.ThreadPoolExecutor.runWorker(ThreadPoolExecutor.java:1122)
        at java.base@17.0.12/java.util.concurrent.ThreadPoolExecutor$Worker.run(ThreadPoolExecutor.java:635)
        at java.base@17.0.12/java.lang.Thread.run(Thread.java:840)
"IPC Server handler 71 on default port 15002" daemon prio=5 tid=356 timed_waiting
java.lang.Thread.State: TIMED_WAITING
        at java.base@17.0.12/jdk.internal.misc.Unsafe.park(Native Method)
        at java.base@17.0.12/java.util.concurrent.locks.LockSupport.parkNanos(LockSupport.java:252)
        at java.base@17.0.12/java.util.concurrent.locks.AbstractQueuedSynchronizer$ConditionObject.awaitNanos(AbstractQueuedSynchronizer.java:1674)
        at java.base@17.0.12/java.util.concurrent.LinkedBlockingQueue.poll(LinkedBlockingQueue.java:460)
        at app//org.apache.hadoop.ipc.CallQueueManager.take(CallQueueManager.java:317)
        at app//org.apache.hadoop.ipc.Server$Handler.run(Server.java:3014)
"IPC Server handler 78 on default port 15002" daemon prio=5 tid=363 timed_waiting
java.lang.Thread.State: TIMED_WAITING
        at java.base@17.0.12/jdk.internal.misc.Unsafe.park(Native Method)
        at java.base@17.0.12/java.util.concurrent.locks.LockSupport.parkNanos(LockSupport.java:252)
        at java.base@17.0.12/java.util.concurrent.locks.AbstractQueuedSynchronizer$ConditionObject.awaitNanos(AbstractQueuedSynchronizer.java:1674)
        at java.base@17.0.12/java.util.concurrent.LinkedBlockingQueue.poll(LinkedBlockingQueue.java:460)
        at app//org.apache.hadoop.ipc.CallQueueManager.take(CallQueueManager.java:317)
        at app//org.apache.hadoop.ipc.Server$Handler.run(Server.java:3014)
"IPC Server handler 7 on default port 15000" daemon prio=5 tid=92 timed_waiting
java.lang.Thread.State: TIMED_WAITING
        at java.base@17.0.12/jdk.internal.misc.Unsafe.park(Native Method)
        at java.base@17.0.12/java.util.concurrent.locks.LockSupport.parkNanos(LockSupport.java:252)
        at java.base@17.0.12/java.util.concurrent.locks.AbstractQueuedSynchronizer$ConditionObject.awaitNanos(AbstractQueuedSynchronizer.java:1674)
        at java.base@17.0.12/java.util.concurrent.LinkedBlockingQueue.poll(LinkedBlockingQueue.java:460)
        at app//org.apache.hadoop.ipc.CallQueueManager.take(CallQueueManager.java:317)
        at app//org.apache.hadoop.ipc.Server$Handler.run(Server.java:3014)
"IPC Server handler 4 on default port 15012" daemon prio=5 tid=659 timed_waiting
java.lang.Thread.State: TIMED_WAITING
        at java.base@17.0.12/jdk.internal.misc.Unsafe.park(Native Method)
        at java.base@17.0.12/java.util.concurrent.locks.LockSupport.parkNanos(LockSupport.java:252)
        at java.base@17.0.12/java.util.concurrent.locks.AbstractQueuedSynchronizer$ConditionObject.awaitNanos(AbstractQueuedSynchronizer.java:1674)
        at java.base@17.0.12/java.util.concurrent.LinkedBlockingQueue.poll(LinkedBlockingQueue.java:460)
        at app//org.apache.hadoop.ipc.CallQueueManager.take(CallQueueManager.java:317)
        at app//org.apache.hadoop.ipc.Server$Handler.run(Server.java:3014)
"surefire-forkedjvm-command-thread" daemon prio=5 tid=14 runnable
java.lang.Thread.State: RUNNABLE
        at java.base@17.0.12/java.io.FileInputStream.readBytes(Native Method)
        at java.base@17.0.12/java.io.FileInputStream.read(FileInputStream.java:276)
        at java.base@17.0.12/java.io.BufferedInputStream.fill(BufferedInputStream.java:244)
        at java.base@17.0.12/java.io.BufferedInputStream.read(BufferedInputStream.java:263)
        at java.base@17.0.12/java.io.DataInputStream.readInt(DataInputStream.java:381)
        at app//org.apache.maven.surefire.booter.MasterProcessCommand.decode(MasterProcessCommand.java:113)
        at app//org.apache.maven.surefire.booter.CommandReader$CommandRunnable.run(CommandReader.java:383)
        at java.base@17.0.12/java.lang.Thread.run(Thread.java:840)
"ContainerMetadataScanner" daemon prio=5 tid=840 timed_waiting
java.lang.Thread.State: TIMED_WAITING
        at java.base@17.0.12/java.lang.Thread.sleep(Native Method)
        at app//org.apache.hadoop.ozone.container.ozoneimpl.AbstractBackgroundContainerScanner.handleRemainingSleep(AbstractBackgroundContainerScanner.java:131)
        at app//org.apache.hadoop.ozone.container.ozoneimpl.AbstractBackgroundContainerScanner.runIteration(AbstractBackgroundContainerScanner.java:98)
        at app//org.apache.hadoop.ozone.container.ozoneimpl.AbstractBackgroundContainerScanner.run(AbstractBackgroundContainerScanner.java:57)
"IPC Server handler 81 on default port 15009" daemon prio=5 tid=600 timed_waiting
java.lang.Thread.State: TIMED_WAITING
        at java.base@17.0.12/jdk.internal.misc.Unsafe.park(Native Method)
        at java.base@17.0.12/java.util.concurrent.locks.LockSupport.parkNanos(LockSupport.java:252)
        at java.base@17.0.12/java.util.concurrent.locks.AbstractQueuedSynchronizer$ConditionObject.awaitNanos(AbstractQueuedSynchronizer.java:1674)
        at java.base@17.0.12/java.util.concurrent.LinkedBlockingQueue.poll(LinkedBlockingQueue.java:460)
        at app//org.apache.hadoop.ipc.CallQueueManager.take(CallQueueManager.java:317)
        at app//org.apache.hadoop.ipc.Server$Handler.run(Server.java:3014)
"IPC Server handler 35 on default port 15001" daemon prio=5 tid=220 timed_waiting
java.lang.Thread.State: TIMED_WAITING
        at java.base@17.0.12/jdk.internal.misc.Unsafe.park(Native Method)
        at java.base@17.0.12/java.util.concurrent.locks.LockSupport.parkNanos(LockSupport.java:252)
        at java.base@17.0.12/java.util.concurrent.locks.AbstractQueuedSynchronizer$ConditionObject.awaitNanos(AbstractQueuedSynchronizer.java:1674)
        at java.base@17.0.12/java.util.concurrent.LinkedBlockingQueue.poll(LinkedBlockingQueue.java:460)
        at app//org.apache.hadoop.ipc.CallQueueManager.take(CallQueueManager.java:317)
        at app//org.apache.hadoop.ipc.Server$Handler.run(Server.java:3014)
"Socket Reader #9 for port 15009"  prio=5 tid=491 runnable
java.lang.Thread.State: RUNNABLE
        at java.base@17.0.12/sun.nio.ch.EPoll.wait(Native Method)
        at java.base@17.0.12/sun.nio.ch.EPollSelectorImpl.doSelect(EPollSelectorImpl.java:118)
        at java.base@17.0.12/sun.nio.ch.SelectorImpl.lockAndDoSelect(SelectorImpl.java:129)
        at java.base@17.0.12/sun.nio.ch.SelectorImpl.select(SelectorImpl.java:146)
        at app//org.apache.hadoop.ipc.Server$Listener$Reader.doRunLoop(Server.java:1346)
        at app//org.apache.hadoop.ipc.Server$Listener$Reader.run(Server.java:1325)
"qtp1756926561-682" daemon prio=5 tid=682 timed_waiting
java.lang.Thread.State: TIMED_WAITING
        at java.base@17.0.12/jdk.internal.misc.Unsafe.park(Native Method)
        at java.base@17.0.12/java.util.concurrent.locks.LockSupport.parkNanos(LockSupport.java:252)
        at java.base@17.0.12/java.util.concurrent.locks.AbstractQueuedSynchronizer$ConditionObject.awaitNanos(AbstractQueuedSynchronizer.java:1674)
        at app//org.eclipse.jetty.util.BlockingArrayQueue.poll(BlockingArrayQueue.java:382)
        at app//org.eclipse.jetty.util.thread.QueuedThreadPool$Runner.idleJobPoll(QueuedThreadPool.java:974)
        at app//org.eclipse.jetty.util.thread.QueuedThreadPool$Runner.run(QueuedThreadPool.java:1018)
        at java.base@17.0.12/java.lang.Thread.run(Thread.java:840)
"IPC Server handler 53 on default port 15002" daemon prio=5 tid=338 timed_waiting
java.lang.Thread.State: TIMED_WAITING
        at java.base@17.0.12/jdk.internal.misc.Unsafe.park(Native Method)
        at java.base@17.0.12/java.util.concurrent.locks.LockSupport.parkNanos(LockSupport.java:252)
        at java.base@17.0.12/java.util.concurrent.locks.AbstractQueuedSynchronizer$ConditionObject.awaitNanos(AbstractQueuedSynchronizer.java:1674)
        at java.base@17.0.12/java.util.concurrent.LinkedBlockingQueue.poll(LinkedBlockingQueue.java:460)
        at app//org.apache.hadoop.ipc.CallQueueManager.take(CallQueueManager.java:317)
        at app//org.apache.hadoop.ipc.Server$Handler.run(Server.java:3014)
"IPC Server handler 65 on default port 15002" daemon prio=5 tid=350 timed_waiting
java.lang.Thread.State: TIMED_WAITING
        at java.base@17.0.12/jdk.internal.misc.Unsafe.park(Native Method)
        at java.base@17.0.12/java.util.concurrent.locks.LockSupport.parkNanos(LockSupport.java:252)
        at java.base@17.0.12/java.util.concurrent.locks.AbstractQueuedSynchronizer$ConditionObject.awaitNanos(AbstractQueuedSynchronizer.java:1674)
        at java.base@17.0.12/java.util.concurrent.LinkedBlockingQueue.poll(LinkedBlockingQueue.java:460)
        at app//org.apache.hadoop.ipc.CallQueueManager.take(CallQueueManager.java:317)
        at app//org.apache.hadoop.ipc.Server$Handler.run(Server.java:3014)
"IPC Server handler 82 on default port 15002" daemon prio=5 tid=367 timed_waiting
java.lang.Thread.State: TIMED_WAITING
        at java.base@17.0.12/jdk.internal.misc.Unsafe.park(Native Method)
        at java.base@17.0.12/java.util.concurrent.locks.LockSupport.parkNanos(LockSupport.java:252)
        at java.base@17.0.12/java.util.concurrent.locks.AbstractQueuedSynchronizer$ConditionObject.awaitNanos(AbstractQueuedSynchronizer.java:1674)
        at java.base@17.0.12/java.util.concurrent.LinkedBlockingQueue.poll(LinkedBlockingQueue.java:460)
        at app//org.apache.hadoop.ipc.CallQueueManager.take(CallQueueManager.java:317)
        at app//org.apache.hadoop.ipc.Server$Handler.run(Server.java:3014)
"IPC Server handler 6 on default port 15009" daemon prio=5 tid=525 timed_waiting
java.lang.Thread.State: TIMED_WAITING
        at java.base@17.0.12/jdk.internal.misc.Unsafe.park(Native Method)
        at java.base@17.0.12/java.util.concurrent.locks.LockSupport.parkNanos(LockSupport.java:252)
        at java.base@17.0.12/java.util.concurrent.locks.AbstractQueuedSynchronizer$ConditionObject.awaitNanos(AbstractQueuedSynchronizer.java:1674)
        at java.base@17.0.12/java.util.concurrent.LinkedBlockingQueue.poll(LinkedBlockingQueue.java:460)
        at app//org.apache.hadoop.ipc.CallQueueManager.take(CallQueueManager.java:317)
        at app//org.apache.hadoop.ipc.Server$Handler.run(Server.java:3014)
"qtp1756926561-683" daemon prio=5 tid=683 timed_waiting
java.lang.Thread.State: TIMED_WAITING
        at java.base@17.0.12/jdk.internal.misc.Unsafe.park(Native Method)
        at java.base@17.0.12/java.util.concurrent.locks.LockSupport.parkNanos(LockSupport.java:252)
        at java.base@17.0.12/java.util.concurrent.locks.AbstractQueuedSynchronizer$ConditionObject.awaitNanos(AbstractQueuedSynchronizer.java:1674)
        at app//org.eclipse.jetty.util.BlockingArrayQueue.poll(BlockingArrayQueue.java:382)
        at app//org.eclipse.jetty.util.thread.QueuedThreadPool$Runner.idleJobPoll(QueuedThreadPool.java:974)
        at app//org.eclipse.jetty.util.thread.QueuedThreadPool$Runner.run(QueuedThreadPool.java:1018)
        at java.base@17.0.12/java.lang.Thread.run(Thread.java:840)
"IPC Server handler 91 on default port 15001" daemon prio=5 tid=276 timed_waiting
java.lang.Thread.State: TIMED_WAITING
        at java.base@17.0.12/jdk.internal.misc.Unsafe.park(Native Method)
        at java.base@17.0.12/java.util.concurrent.locks.LockSupport.parkNanos(LockSupport.java:252)
        at java.base@17.0.12/java.util.concurrent.locks.AbstractQueuedSynchronizer$ConditionObject.awaitNanos(AbstractQueuedSynchronizer.java:1674)
        at java.base@17.0.12/java.util.concurrent.LinkedBlockingQueue.poll(LinkedBlockingQueue.java:460)
        at app//org.apache.hadoop.ipc.CallQueueManager.take(CallQueueManager.java:317)
        at app//org.apache.hadoop.ipc.Server$Handler.run(Server.java:3014)
"IPC Server handler 99 on default port 15000" daemon prio=5 tid=184 timed_waiting
java.lang.Thread.State: TIMED_WAITING
        at java.base@17.0.12/jdk.internal.misc.Unsafe.park(Native Method)
        at java.base@17.0.12/java.util.concurrent.locks.LockSupport.parkNanos(LockSupport.java:252)
        at java.base@17.0.12/java.util.concurrent.locks.AbstractQueuedSynchronizer$ConditionObject.awaitNanos(AbstractQueuedSynchronizer.java:1674)
        at java.base@17.0.12/java.util.concurrent.LinkedBlockingQueue.poll(LinkedBlockingQueue.java:460)
        at app//org.apache.hadoop.ipc.CallQueueManager.take(CallQueueManager.java:317)
        at app//org.apache.hadoop.ipc.Server$Handler.run(Server.java:3014)
"pool-115-thread-1" daemon prio=5 tid=839 timed_waiting
java.lang.Thread.State: TIMED_WAITING
        at java.base@17.0.12/jdk.internal.misc.Unsafe.park(Native Method)
        at java.base@17.0.12/java.util.concurrent.locks.LockSupport.parkNanos(LockSupport.java:252)
        at java.base@17.0.12/java.util.concurrent.locks.AbstractQueuedSynchronizer$ConditionObject.awaitNanos(AbstractQueuedSynchronizer.java:1674)
        at java.base@17.0.12/java.util.concurrent.ScheduledThreadPoolExecutor$DelayedWorkQueue.take(ScheduledThreadPoolExecutor.java:1182)
        at java.base@17.0.12/java.util.concurrent.ScheduledThreadPoolExecutor$DelayedWorkQueue.take(ScheduledThreadPoolExecutor.java:899)
        at java.base@17.0.12/java.util.concurrent.ThreadPoolExecutor.getTask(ThreadPoolExecutor.java:1062)
        at java.base@17.0.12/java.util.concurrent.ThreadPoolExecutor.runWorker(ThreadPoolExecutor.java:1122)
        at java.base@17.0.12/java.util.concurrent.ThreadPoolExecutor$Worker.run(ThreadPoolExecutor.java:635)
        at java.base@17.0.12/java.lang.Thread.run(Thread.java:840)
"44ff6b06-02d2-44ad-8aa1-4af94363565f-server-thread2" daemon prio=5 tid=997 timed_waiting
java.lang.Thread.State: TIMED_WAITING
        at java.base@17.0.12/jdk.internal.misc.Unsafe.park(Native Method)
        at java.base@17.0.12/java.util.concurrent.locks.LockSupport.parkNanos(LockSupport.java:252)
        at java.base@17.0.12/java.util.concurrent.SynchronousQueue$TransferStack.transfer(SynchronousQueue.java:401)
        at java.base@17.0.12/java.util.concurrent.SynchronousQueue.poll(SynchronousQueue.java:903)
        at java.base@17.0.12/java.util.concurrent.ThreadPoolExecutor.getTask(ThreadPoolExecutor.java:1061)
        at java.base@17.0.12/java.util.concurrent.ThreadPoolExecutor.runWorker(ThreadPoolExecutor.java:1122)
        at java.base@17.0.12/java.util.concurrent.ThreadPoolExecutor$Worker.run(ThreadPoolExecutor.java:635)
        at java.base@17.0.12/java.lang.Thread.run(Thread.java:840)
"IPC Server handler 3 on default port 15000" daemon prio=5 tid=88 timed_waiting
java.lang.Thread.State: TIMED_WAITING
        at java.base@17.0.12/jdk.internal.misc.Unsafe.park(Native Method)
        at java.base@17.0.12/java.util.concurrent.locks.LockSupport.parkNanos(LockSupport.java:252)
        at java.base@17.0.12/java.util.concurrent.locks.AbstractQueuedSynchronizer$ConditionObject.awaitNanos(AbstractQueuedSynchronizer.java:1674)
        at java.base@17.0.12/java.util.concurrent.LinkedBlockingQueue.poll(LinkedBlockingQueue.java:460)
        at app//org.apache.hadoop.ipc.CallQueueManager.take(CallQueueManager.java:317)
        at app//org.apache.hadoop.ipc.Server$Handler.run(Server.java:3014)
"timer7" daemon prio=5 tid=1023 timed_waiting
java.lang.Thread.State: TIMED_WAITING
        at java.base@17.0.12/java.lang.Object.wait(Native Method)
        at java.base@17.0.12/java.util.TimerThread.mainLoop(Timer.java:563)
        at java.base@17.0.12/java.util.TimerThread.run(Timer.java:516)
"IPC Server handler 44 on default port 15002" daemon prio=5 tid=329 timed_waiting
java.lang.Thread.State: TIMED_WAITING
        at java.base@17.0.12/jdk.internal.misc.Unsafe.park(Native Method)
        at java.base@17.0.12/java.util.concurrent.locks.LockSupport.parkNanos(LockSupport.java:252)
        at java.base@17.0.12/java.util.concurrent.locks.AbstractQueuedSynchronizer$ConditionObject.awaitNanos(AbstractQueuedSynchronizer.java:1674)
        at java.base@17.0.12/java.util.concurrent.LinkedBlockingQueue.poll(LinkedBlockingQueue.java:460)
        at app//org.apache.hadoop.ipc.CallQueueManager.take(CallQueueManager.java:317)
        at app//org.apache.hadoop.ipc.Server$Handler.run(Server.java:3014)
"IPC Server handler 40 on default port 15000" daemon prio=5 tid=125 timed_waiting
java.lang.Thread.State: TIMED_WAITING
        at java.base@17.0.12/jdk.internal.misc.Unsafe.park(Native Method)
        at java.base@17.0.12/java.util.concurrent.locks.LockSupport.parkNanos(LockSupport.java:252)
        at java.base@17.0.12/java.util.concurrent.locks.AbstractQueuedSynchronizer$ConditionObject.awaitNanos(AbstractQueuedSynchronizer.java:1674)
        at java.base@17.0.12/java.util.concurrent.LinkedBlockingQueue.poll(LinkedBlockingQueue.java:460)
        at app//org.apache.hadoop.ipc.CallQueueManager.take(CallQueueManager.java:317)
        at app//org.apache.hadoop.ipc.Server$Handler.run(Server.java:3014)
"om1-MultipartUploadCleanupService#0" daemon prio=5 tid=441 timed_waiting
java.lang.Thread.State: TIMED_WAITING
        at java.base@17.0.12/jdk.internal.misc.Unsafe.park(Native Method)
        at java.base@17.0.12/java.util.concurrent.locks.LockSupport.parkNanos(LockSupport.java:252)
        at java.base@17.0.12/java.util.concurrent.locks.AbstractQueuedSynchronizer$ConditionObject.awaitNanos(AbstractQueuedSynchronizer.java:1674)
        at java.base@17.0.12/java.util.concurrent.ScheduledThreadPoolExecutor$DelayedWorkQueue.take(ScheduledThreadPoolExecutor.java:1182)
        at java.base@17.0.12/java.util.concurrent.ScheduledThreadPoolExecutor$DelayedWorkQueue.take(ScheduledThreadPoolExecutor.java:899)
        at java.base@17.0.12/java.util.concurrent.ThreadPoolExecutor.getTask(ThreadPoolExecutor.java:1062)
        at java.base@17.0.12/java.util.concurrent.ThreadPoolExecutor.runWorker(ThreadPoolExecutor.java:1122)
        at java.base@17.0.12/java.util.concurrent.ThreadPoolExecutor$Worker.run(ThreadPoolExecutor.java:635)
        at java.base@17.0.12/java.lang.Thread.run(Thread.java:840)
"43b7afd8-9e19-4b34-aad7-81b8e915bbb6@group-C41EF94B1934-SegmentedRaftLogWorker"  prio=5 tid=926 timed_waiting
java.lang.Thread.State: TIMED_WAITING
        at java.base@17.0.12/jdk.internal.misc.Unsafe.park(Native Method)
        at java.base@17.0.12/java.util.concurrent.locks.LockSupport.parkNanos(LockSupport.java:252)
        at java.base@17.0.12/java.util.concurrent.locks.AbstractQueuedSynchronizer$ConditionObject.awaitNanos(AbstractQueuedSynchronizer.java:1674)
        at app//org.apache.ratis.util.DataBlockingQueue.poll(DataBlockingQueue.java:148)
        at app//org.apache.ratis.server.raftlog.segmented.SegmentedRaftLogWorker.run(SegmentedRaftLogWorker.java:306)
        at app//org.apache.ratis.server.raftlog.segmented.SegmentedRaftLogWorker$$Lambda$1170/0x00007fa908729a20.run(Unknown Source)
        at java.base@17.0.12/java.util.concurrent.Executors$RunnableAdapter.call(Executors.java:539)
        at java.base@17.0.12/java.util.concurrent.FutureTask.run(FutureTask.java:264)
        at java.base@17.0.12/java.util.concurrent.ThreadPoolExecutor.runWorker(ThreadPoolExecutor.java:1136)
        at java.base@17.0.12/java.util.concurrent.ThreadPoolExecutor$Worker.run(ThreadPoolExecutor.java:635)
        at java.base@17.0.12/java.lang.Thread.run(Thread.java:840)
"IPC Server handler 47 on default port 15002" daemon prio=5 tid=332 timed_waiting
java.lang.Thread.State: TIMED_WAITING
        at java.base@17.0.12/jdk.internal.misc.Unsafe.park(Native Method)
        at java.base@17.0.12/java.util.concurrent.locks.LockSupport.parkNanos(LockSupport.java:252)
        at java.base@17.0.12/java.util.concurrent.locks.AbstractQueuedSynchronizer$ConditionObject.awaitNanos(AbstractQueuedSynchronizer.java:1674)
        at java.base@17.0.12/java.util.concurrent.LinkedBlockingQueue.poll(LinkedBlockingQueue.java:460)
        at app//org.apache.hadoop.ipc.CallQueueManager.take(CallQueueManager.java:317)
        at app//org.apache.hadoop.ipc.Server$Handler.run(Server.java:3014)
"731aafee-c06b-4662-9d20-472061f2d46e-server-thread1" daemon prio=5 tid=1019 timed_waiting
java.lang.Thread.State: TIMED_WAITING
        at java.base@17.0.12/jdk.internal.misc.Unsafe.park(Native Method)
        at java.base@17.0.12/java.util.concurrent.locks.LockSupport.parkNanos(LockSupport.java:252)
        at java.base@17.0.12/java.util.concurrent.SynchronousQueue$TransferStack.transfer(SynchronousQueue.java:401)
        at java.base@17.0.12/java.util.concurrent.SynchronousQueue.poll(SynchronousQueue.java:903)
        at java.base@17.0.12/java.util.concurrent.ThreadPoolExecutor.getTask(ThreadPoolExecutor.java:1061)
        at java.base@17.0.12/java.util.concurrent.ThreadPoolExecutor.runWorker(ThreadPoolExecutor.java:1122)
        at java.base@17.0.12/java.util.concurrent.ThreadPoolExecutor$Worker.run(ThreadPoolExecutor.java:635)
        at java.base@17.0.12/java.lang.Thread.run(Thread.java:840)
"Socket Reader #3 for port 15001"  prio=5 tid=49 runnable
java.lang.Thread.State: RUNNABLE
        at java.base@17.0.12/sun.nio.ch.EPoll.wait(Native Method)
        at java.base@17.0.12/sun.nio.ch.EPollSelectorImpl.doSelect(EPollSelectorImpl.java:118)
        at java.base@17.0.12/sun.nio.ch.SelectorImpl.lockAndDoSelect(SelectorImpl.java:129)
        at java.base@17.0.12/sun.nio.ch.SelectorImpl.select(SelectorImpl.java:146)
        at app//org.apache.hadoop.ipc.Server$Listener$Reader.doRunLoop(Server.java:1346)
        at app//org.apache.hadoop.ipc.Server$Listener$Reader.run(Server.java:1325)
"IPC Server handler 68 on default port 15000" daemon prio=5 tid=153 timed_waiting
java.lang.Thread.State: TIMED_WAITING
        at java.base@17.0.12/jdk.internal.misc.Unsafe.park(Native Method)
        at java.base@17.0.12/java.util.concurrent.locks.LockSupport.parkNanos(LockSupport.java:252)
        at java.base@17.0.12/java.util.concurrent.locks.AbstractQueuedSynchronizer$ConditionObject.awaitNanos(AbstractQueuedSynchronizer.java:1674)
        at java.base@17.0.12/java.util.concurrent.LinkedBlockingQueue.poll(LinkedBlockingQueue.java:460)
        at app//org.apache.hadoop.ipc.CallQueueManager.take(CallQueueManager.java:317)
        at app//org.apache.hadoop.ipc.Server$Handler.run(Server.java:3014)
"Session-HouseKeeper-7b24d5e4-1"  prio=5 tid=397 timed_waiting
java.lang.Thread.State: TIMED_WAITING
        at java.base@17.0.12/jdk.internal.misc.Unsafe.park(Native Method)
        at java.base@17.0.12/java.util.concurrent.locks.LockSupport.parkNanos(LockSupport.java:252)
        at java.base@17.0.12/java.util.concurrent.locks.AbstractQueuedSynchronizer$ConditionObject.awaitNanos(AbstractQueuedSynchronizer.java:1674)
        at java.base@17.0.12/java.util.concurrent.ScheduledThreadPoolExecutor$DelayedWorkQueue.take(ScheduledThreadPoolExecutor.java:1182)
        at java.base@17.0.12/java.util.concurrent.ScheduledThreadPoolExecutor$DelayedWorkQueue.take(ScheduledThreadPoolExecutor.java:899)
        at java.base@17.0.12/java.util.concurrent.ThreadPoolExecutor.getTask(ThreadPoolExecutor.java:1062)
        at java.base@17.0.12/java.util.concurrent.ThreadPoolExecutor.runWorker(ThreadPoolExecutor.java:1122)
        at java.base@17.0.12/java.util.concurrent.ThreadPoolExecutor$Worker.run(ThreadPoolExecutor.java:635)
        at java.base@17.0.12/java.lang.Thread.run(Thread.java:840)
"731aafee-c06b-4662-9d20-472061f2d46e@group-ADA0F752C078-cacheEviction-AwaitToRun" daemon prio=5 tid=901 in Object.wait()
java.lang.Thread.State: WAITING (on object monitor)
        at java.base@17.0.12/jdk.internal.misc.Unsafe.park(Native Method)
        at java.base@17.0.12/java.util.concurrent.locks.LockSupport.park(LockSupport.java:341)
        at java.base@17.0.12/java.util.concurrent.locks.AbstractQueuedSynchronizer$ConditionNode.block(AbstractQueuedSynchronizer.java:506)
        at java.base@17.0.12/java.util.concurrent.ForkJoinPool.unmanagedBlock(ForkJoinPool.java:3465)
        at java.base@17.0.12/java.util.concurrent.ForkJoinPool.managedBlock(ForkJoinPool.java:3436)
        at java.base@17.0.12/java.util.concurrent.locks.AbstractQueuedSynchronizer$ConditionObject.await(AbstractQueuedSynchronizer.java:1625)
        at app//org.apache.ratis.util.AwaitForSignal.await(AwaitForSignal.java:48)
        at app//org.apache.ratis.util.AwaitToRun$RunnableImpl.run(AwaitToRun.java:47)
        at java.base@17.0.12/java.lang.Thread.run(Thread.java:840)
"Socket Reader #1 for port 15002"  prio=5 tid=33 runnable
java.lang.Thread.State: RUNNABLE
        at java.base@17.0.12/sun.nio.ch.EPoll.wait(Native Method)
        at java.base@17.0.12/sun.nio.ch.EPollSelectorImpl.doSelect(EPollSelectorImpl.java:118)
        at java.base@17.0.12/sun.nio.ch.SelectorImpl.lockAndDoSelect(SelectorImpl.java:129)
        at java.base@17.0.12/sun.nio.ch.SelectorImpl.select(SelectorImpl.java:146)
        at app//org.apache.hadoop.ipc.Server$Listener$Reader.doRunLoop(Server.java:1346)
        at app//org.apache.hadoop.ipc.Server$Listener$Reader.run(Server.java:1325)
"ContainerDataScanner(/home/runner/work/ozone/ozone/hadoop-ozone/integration-test/target/test-dir/MiniOzoneClusterImpl-58399722-4c39-4f0d-a4d6-8a89216b262d/ozone-meta/datanode-3/data-0/hdds)" daemon prio=5 tid=860 timed_waiting
java.lang.Thread.State: TIMED_WAITING
        at java.base@17.0.12/java.lang.Thread.sleep(Native Method)
        at app//org.apache.hadoop.ozone.container.ozoneimpl.AbstractBackgroundContainerScanner.handleRemainingSleep(AbstractBackgroundContainerScanner.java:131)
        at app//org.apache.hadoop.ozone.container.ozoneimpl.AbstractBackgroundContainerScanner.runIteration(AbstractBackgroundContainerScanner.java:98)
        at app//org.apache.hadoop.ozone.container.ozoneimpl.AbstractBackgroundContainerScanner.run(AbstractBackgroundContainerScanner.java:57)
"IPC Server handler 87 on default port 15002" daemon prio=5 tid=372 timed_waiting
java.lang.Thread.State: TIMED_WAITING
        at java.base@17.0.12/jdk.internal.misc.Unsafe.park(Native Method)
        at java.base@17.0.12/java.util.concurrent.locks.LockSupport.parkNanos(LockSupport.java:252)
        at java.base@17.0.12/java.util.concurrent.locks.AbstractQueuedSynchronizer$ConditionObject.awaitNanos(AbstractQueuedSynchronizer.java:1674)
        at java.base@17.0.12/java.util.concurrent.LinkedBlockingQueue.poll(LinkedBlockingQueue.java:460)
        at app//org.apache.hadoop.ipc.CallQueueManager.take(CallQueueManager.java:317)
        at app//org.apache.hadoop.ipc.Server$Handler.run(Server.java:3014)
"qtp119423135-396" daemon prio=5 tid=396 timed_waiting
java.lang.Thread.State: TIMED_WAITING
        at java.base@17.0.12/jdk.internal.misc.Unsafe.park(Native Method)
        at java.base@17.0.12/java.util.concurrent.locks.LockSupport.parkNanos(LockSupport.java:252)
        at java.base@17.0.12/java.util.concurrent.locks.AbstractQueuedSynchronizer$ConditionObject.awaitNanos(AbstractQueuedSynchronizer.java:1674)
        at app//org.eclipse.jetty.util.BlockingArrayQueue.poll(BlockingArrayQueue.java:382)
        at app//org.eclipse.jetty.util.thread.QueuedThreadPool$Runner.idleJobPoll(QueuedThreadPool.java:974)
        at app//org.eclipse.jetty.util.thread.QueuedThreadPool$Runner.run(QueuedThreadPool.java:1018)
        at java.base@17.0.12/java.lang.Thread.run(Thread.java:840)
"IPC Server handler 48 on default port 15009" daemon prio=5 tid=567 timed_waiting
java.lang.Thread.State: TIMED_WAITING
        at java.base@17.0.12/jdk.internal.misc.Unsafe.park(Native Method)
        at java.base@17.0.12/java.util.concurrent.locks.LockSupport.parkNanos(LockSupport.java:252)
        at java.base@17.0.12/java.util.concurrent.locks.AbstractQueuedSynchronizer$ConditionObject.awaitNanos(AbstractQueuedSynchronizer.java:1674)
        at java.base@17.0.12/java.util.concurrent.LinkedBlockingQueue.poll(LinkedBlockingQueue.java:460)
        at app//org.apache.hadoop.ipc.CallQueueManager.take(CallQueueManager.java:317)
        at app//org.apache.hadoop.ipc.Server$Handler.run(Server.java:3014)
"Socket Reader #9 for port 15012"  prio=5 tid=650 runnable
java.lang.Thread.State: RUNNABLE
        at java.base@17.0.12/sun.nio.ch.EPoll.wait(Native Method)
        at java.base@17.0.12/sun.nio.ch.EPollSelectorImpl.doSelect(EPollSelectorImpl.java:118)
        at java.base@17.0.12/sun.nio.ch.SelectorImpl.lockAndDoSelect(SelectorImpl.java:129)
        at java.base@17.0.12/sun.nio.ch.SelectorImpl.select(SelectorImpl.java:146)
        at app//org.apache.hadoop.ipc.Server$Listener$Reader.doRunLoop(Server.java:1346)
        at app//org.apache.hadoop.ipc.Server$Listener$Reader.run(Server.java:1325)
"IPC Server handler 88 on default port 15001" daemon prio=5 tid=273 timed_waiting
java.lang.Thread.State: TIMED_WAITING
        at java.base@17.0.12/jdk.internal.misc.Unsafe.park(Native Method)
        at java.base@17.0.12/java.util.concurrent.locks.LockSupport.parkNanos(LockSupport.java:252)
        at java.base@17.0.12/java.util.concurrent.locks.AbstractQueuedSynchronizer$ConditionObject.awaitNanos(AbstractQueuedSynchronizer.java:1674)
        at java.base@17.0.12/java.util.concurrent.LinkedBlockingQueue.poll(LinkedBlockingQueue.java:460)
        at app//org.apache.hadoop.ipc.CallQueueManager.take(CallQueueManager.java:317)
        at app//org.apache.hadoop.ipc.Server$Handler.run(Server.java:3014)
"IPC Server handler 45 on default port 15000" daemon prio=5 tid=130 timed_waiting
java.lang.Thread.State: TIMED_WAITING
        at java.base@17.0.12/jdk.internal.misc.Unsafe.park(Native Method)
        at java.base@17.0.12/java.util.concurrent.locks.LockSupport.parkNanos(LockSupport.java:252)
        at java.base@17.0.12/java.util.concurrent.locks.AbstractQueuedSynchronizer$ConditionObject.awaitNanos(AbstractQueuedSynchronizer.java:1674)
        at java.base@17.0.12/java.util.concurrent.LinkedBlockingQueue.poll(LinkedBlockingQueue.java:460)
        at app//org.apache.hadoop.ipc.CallQueueManager.take(CallQueueManager.java:317)
        at app//org.apache.hadoop.ipc.Server$Handler.run(Server.java:3014)
"IPC Server handler 56 on default port 15002" daemon prio=5 tid=341 timed_waiting
java.lang.Thread.State: TIMED_WAITING
        at java.base@17.0.12/jdk.internal.misc.Unsafe.park(Native Method)
        at java.base@17.0.12/java.util.concurrent.locks.LockSupport.parkNanos(LockSupport.java:252)
        at java.base@17.0.12/java.util.concurrent.locks.AbstractQueuedSynchronizer$ConditionObject.awaitNanos(AbstractQueuedSynchronizer.java:1674)
        at java.base@17.0.12/java.util.concurrent.LinkedBlockingQueue.poll(LinkedBlockingQueue.java:460)
        at app//org.apache.hadoop.ipc.CallQueueManager.take(CallQueueManager.java:317)
        at app//org.apache.hadoop.ipc.Server$Handler.run(Server.java:3014)
"IPC Server handler 43 on default port 15001" daemon prio=5 tid=228 timed_waiting
java.lang.Thread.State: TIMED_WAITING
        at java.base@17.0.12/jdk.internal.misc.Unsafe.park(Native Method)
        at java.base@17.0.12/java.util.concurrent.locks.LockSupport.parkNanos(LockSupport.java:252)
        at java.base@17.0.12/java.util.concurrent.locks.AbstractQueuedSynchronizer$ConditionObject.awaitNanos(AbstractQueuedSynchronizer.java:1674)
        at java.base@17.0.12/java.util.concurrent.LinkedBlockingQueue.poll(LinkedBlockingQueue.java:460)
        at app//org.apache.hadoop.ipc.CallQueueManager.take(CallQueueManager.java:317)
        at app//org.apache.hadoop.ipc.Server$Handler.run(Server.java:3014)
"IPC Server handler 32 on default port 15009" daemon prio=5 tid=551 timed_waiting
java.lang.Thread.State: TIMED_WAITING
        at java.base@17.0.12/jdk.internal.misc.Unsafe.park(Native Method)
        at java.base@17.0.12/java.util.concurrent.locks.LockSupport.parkNanos(LockSupport.java:252)
        at java.base@17.0.12/java.util.concurrent.locks.AbstractQueuedSynchronizer$ConditionObject.awaitNanos(AbstractQueuedSynchronizer.java:1674)
        at java.base@17.0.12/java.util.concurrent.LinkedBlockingQueue.poll(LinkedBlockingQueue.java:460)
        at app//org.apache.hadoop.ipc.CallQueueManager.take(CallQueueManager.java:317)
        at app//org.apache.hadoop.ipc.Server$Handler.run(Server.java:3014)
"731aafee-c06b-4662-9d20-472061f2d46e-PipelineCommandHandlerThread-0"  prio=5 tid=899 in Object.wait()
java.lang.Thread.State: WAITING (on object monitor)
        at java.base@17.0.12/jdk.internal.misc.Unsafe.park(Native Method)
        at java.base@17.0.12/java.util.concurrent.locks.LockSupport.park(LockSupport.java:341)
        at java.base@17.0.12/java.util.concurrent.locks.AbstractQueuedSynchronizer$ConditionNode.block(AbstractQueuedSynchronizer.java:506)
        at java.base@17.0.12/java.util.concurrent.ForkJoinPool.unmanagedBlock(ForkJoinPool.java:3465)
        at java.base@17.0.12/java.util.concurrent.ForkJoinPool.managedBlock(ForkJoinPool.java:3436)
        at java.base@17.0.12/java.util.concurrent.locks.AbstractQueuedSynchronizer$ConditionObject.await(AbstractQueuedSynchronizer.java:1625)
        at java.base@17.0.12/java.util.concurrent.LinkedBlockingQueue.take(LinkedBlockingQueue.java:435)
        at java.base@17.0.12/java.util.concurrent.ThreadPoolExecutor.getTask(ThreadPoolExecutor.java:1062)
        at java.base@17.0.12/java.util.concurrent.ThreadPoolExecutor.runWorker(ThreadPoolExecutor.java:1122)
        at java.base@17.0.12/java.util.concurrent.ThreadPoolExecutor$Worker.run(ThreadPoolExecutor.java:635)
        at java.base@17.0.12/java.lang.Thread.run(Thread.java:840)
"IPC Server handler 16 on default port 15004" daemon prio=5 tid=468 timed_waiting
java.lang.Thread.State: TIMED_WAITING
        at java.base@17.0.12/jdk.internal.misc.Unsafe.park(Native Method)
        at java.base@17.0.12/java.util.concurrent.locks.LockSupport.parkNanos(LockSupport.java:252)
        at java.base@17.0.12/java.util.concurrent.locks.AbstractQueuedSynchronizer$ConditionObject.awaitNanos(AbstractQueuedSynchronizer.java:1674)
        at java.base@17.0.12/java.util.concurrent.LinkedBlockingQueue.poll(LinkedBlockingQueue.java:460)
        at app//org.apache.hadoop.ipc.CallQueueManager.take(CallQueueManager.java:317)
        at app//org.apache.hadoop.ipc.Server$Handler.run(Server.java:3014)
"om1-OpenKeyCleanupService#0" daemon prio=5 tid=438 timed_waiting
java.lang.Thread.State: TIMED_WAITING
        at java.base@17.0.12/jdk.internal.misc.Unsafe.park(Native Method)
        at java.base@17.0.12/java.util.concurrent.locks.LockSupport.parkNanos(LockSupport.java:252)
        at java.base@17.0.12/java.util.concurrent.locks.AbstractQueuedSynchronizer$ConditionObject.awaitNanos(AbstractQueuedSynchronizer.java:1674)
        at java.base@17.0.12/java.util.concurrent.ScheduledThreadPoolExecutor$DelayedWorkQueue.take(ScheduledThreadPoolExecutor.java:1182)
        at java.base@17.0.12/java.util.concurrent.ScheduledThreadPoolExecutor$DelayedWorkQueue.take(ScheduledThreadPoolExecutor.java:899)
        at java.base@17.0.12/java.util.concurrent.ThreadPoolExecutor.getTask(ThreadPoolExecutor.java:1062)
        at java.base@17.0.12/java.util.concurrent.ThreadPoolExecutor.runWorker(ThreadPoolExecutor.java:1122)
        at java.base@17.0.12/java.util.concurrent.ThreadPoolExecutor$Worker.run(ThreadPoolExecutor.java:635)
        at java.base@17.0.12/java.lang.Thread.run(Thread.java:840)
"Recon-FixedThreadPoolWithAffinityExecutor-5-0" daemon prio=5 tid=501 timed_waiting
java.lang.Thread.State: TIMED_WAITING
        at java.base@17.0.12/jdk.internal.misc.Unsafe.park(Native Method)
        at java.base@17.0.12/java.util.concurrent.locks.LockSupport.parkNanos(LockSupport.java:252)
        at java.base@17.0.12/java.util.concurrent.locks.AbstractQueuedSynchronizer$ConditionObject.awaitNanos(AbstractQueuedSynchronizer.java:1674)
        at java.base@17.0.12/java.util.concurrent.LinkedBlockingQueue.poll(LinkedBlockingQueue.java:460)
        at app//org.apache.hadoop.hdds.scm.server.ContainerReportQueue.poll(ContainerReportQueue.java:269)
        at app//org.apache.hadoop.hdds.scm.server.ContainerReportQueue.poll(ContainerReportQueue.java:42)
        at app//org.apache.hadoop.hdds.server.events.FixedThreadPoolWithAffinityExecutor$ContainerReportProcessTask.run(FixedThreadPoolWithAffinityExecutor.java:253)
        at java.base@17.0.12/java.util.concurrent.Executors$RunnableAdapter.call(Executors.java:539)
        at java.base@17.0.12/java.util.concurrent.FutureTask.run(FutureTask.java:264)
        at java.base@17.0.12/java.util.concurrent.ThreadPoolExecutor.runWorker(ThreadPoolExecutor.java:1136)
        at java.base@17.0.12/java.util.concurrent.ThreadPoolExecutor$Worker.run(ThreadPoolExecutor.java:635)
        at java.base@17.0.12/java.lang.Thread.run(Thread.java:840)
"Socket Reader #10 for port 15002"  prio=5 tid=42 runnable
java.lang.Thread.State: RUNNABLE
        at java.base@17.0.12/sun.nio.ch.EPoll.wait(Native Method)
        at java.base@17.0.12/sun.nio.ch.EPollSelectorImpl.doSelect(EPollSelectorImpl.java:118)
        at java.base@17.0.12/sun.nio.ch.SelectorImpl.lockAndDoSelect(SelectorImpl.java:129)
        at java.base@17.0.12/sun.nio.ch.SelectorImpl.select(SelectorImpl.java:146)
        at app//org.apache.hadoop.ipc.Server$Listener$Reader.doRunLoop(Server.java:1346)
        at app//org.apache.hadoop.ipc.Server$Listener$Reader.run(Server.java:1325)
"IPC Server handler 56 on default port 15009" daemon prio=5 tid=575 timed_waiting
java.lang.Thread.State: TIMED_WAITING
        at java.base@17.0.12/jdk.internal.misc.Unsafe.park(Native Method)
        at java.base@17.0.12/java.util.concurrent.locks.LockSupport.parkNanos(LockSupport.java:252)
        at java.base@17.0.12/java.util.concurrent.locks.AbstractQueuedSynchronizer$ConditionObject.awaitNanos(AbstractQueuedSynchronizer.java:1674)
        at java.base@17.0.12/java.util.concurrent.LinkedBlockingQueue.poll(LinkedBlockingQueue.java:460)
        at app//org.apache.hadoop.ipc.CallQueueManager.take(CallQueueManager.java:317)
        at app//org.apache.hadoop.ipc.Server$Handler.run(Server.java:3014)
"qtp798439904-445-acceptor-0@5d836c00-ServerConnector@156542b7{HTTP/1.1, (http/1.1)}{0.0.0.0:15005}" daemon prio=3 tid=445 runnable
java.lang.Thread.State: RUNNABLE
        at java.base@17.0.12/sun.nio.ch.Net.accept(Native Method)
        at java.base@17.0.12/sun.nio.ch.ServerSocketChannelImpl.implAccept(ServerSocketChannelImpl.java:425)
        at java.base@17.0.12/sun.nio.ch.ServerSocketChannelImpl.accept(ServerSocketChannelImpl.java:391)
        at app//org.eclipse.jetty.server.ServerConnector.accept(ServerConnector.java:388)
        at app//org.eclipse.jetty.server.AbstractConnector$Acceptor.run(AbstractConnector.java:704)
        at app//org.eclipse.jetty.util.thread.QueuedThreadPool.runJob(QueuedThreadPool.java:883)
        at app//org.eclipse.jetty.util.thread.QueuedThreadPool$Runner.run(QueuedThreadPool.java:1034)
        at java.base@17.0.12/java.lang.Thread.run(Thread.java:840)
"IPC Server handler 42 on default port 15000" daemon prio=5 tid=127 timed_waiting
java.lang.Thread.State: TIMED_WAITING
        at java.base@17.0.12/jdk.internal.misc.Unsafe.park(Native Method)
        at java.base@17.0.12/java.util.concurrent.locks.LockSupport.parkNanos(LockSupport.java:252)
        at java.base@17.0.12/java.util.concurrent.locks.AbstractQueuedSynchronizer$ConditionObject.awaitNanos(AbstractQueuedSynchronizer.java:1674)
        at java.base@17.0.12/java.util.concurrent.LinkedBlockingQueue.poll(LinkedBlockingQueue.java:460)
        at app//org.apache.hadoop.ipc.CallQueueManager.take(CallQueueManager.java:317)
        at app//org.apache.hadoop.ipc.Server$Handler.run(Server.java:3014)
"Socket Reader #6 for port 15009"  prio=5 tid=488 runnable
java.lang.Thread.State: RUNNABLE
        at java.base@17.0.12/sun.nio.ch.EPoll.wait(Native Method)
        at java.base@17.0.12/sun.nio.ch.EPollSelectorImpl.doSelect(EPollSelectorImpl.java:118)
        at java.base@17.0.12/sun.nio.ch.SelectorImpl.lockAndDoSelect(SelectorImpl.java:129)
        at java.base@17.0.12/sun.nio.ch.SelectorImpl.select(SelectorImpl.java:146)
        at app//org.apache.hadoop.ipc.Server$Listener$Reader.doRunLoop(Server.java:1346)
        at app//org.apache.hadoop.ipc.Server$Listener$Reader.run(Server.java:1325)
"Recon-SyncSCMContainerInfo-0"  prio=5 tid=518 timed_waiting
java.lang.Thread.State: TIMED_WAITING
        at java.base@17.0.12/jdk.internal.misc.Unsafe.park(Native Method)
        at java.base@17.0.12/java.util.concurrent.locks.LockSupport.parkNanos(LockSupport.java:252)
        at java.base@17.0.12/java.util.concurrent.locks.AbstractQueuedSynchronizer$ConditionObject.awaitNanos(AbstractQueuedSynchronizer.java:1674)
        at java.base@17.0.12/java.util.concurrent.ScheduledThreadPoolExecutor$DelayedWorkQueue.take(ScheduledThreadPoolExecutor.java:1182)
        at java.base@17.0.12/java.util.concurrent.ScheduledThreadPoolExecutor$DelayedWorkQueue.take(ScheduledThreadPoolExecutor.java:899)
        at java.base@17.0.12/java.util.concurrent.ThreadPoolExecutor.getTask(ThreadPoolExecutor.java:1062)
        at java.base@17.0.12/java.util.concurrent.ThreadPoolExecutor.runWorker(ThreadPoolExecutor.java:1122)
        at java.base@17.0.12/java.util.concurrent.ThreadPoolExecutor$Worker.run(ThreadPoolExecutor.java:635)
        at java.base@17.0.12/java.lang.Thread.run(Thread.java:840)
"IPC Server handler 9 on default port 15030" daemon prio=5 tid=756 timed_waiting
java.lang.Thread.State: TIMED_WAITING
        at java.base@17.0.12/jdk.internal.misc.Unsafe.park(Native Method)
        at java.base@17.0.12/java.util.concurrent.locks.LockSupport.parkNanos(LockSupport.java:252)
        at java.base@17.0.12/java.util.concurrent.locks.AbstractQueuedSynchronizer$ConditionObject.awaitNanos(AbstractQueuedSynchronizer.java:1674)
        at java.base@17.0.12/java.util.concurrent.LinkedBlockingQueue.poll(LinkedBlockingQueue.java:460)
        at app//org.apache.hadoop.ipc.CallQueueManager.take(CallQueueManager.java:317)
        at app//org.apache.hadoop.ipc.Server$Handler.run(Server.java:3014)
"IPC Server handler 14 on default port 15000" daemon prio=5 tid=99 timed_waiting
java.lang.Thread.State: TIMED_WAITING
        at java.base@17.0.12/jdk.internal.misc.Unsafe.park(Native Method)
        at java.base@17.0.12/java.util.concurrent.locks.LockSupport.parkNanos(LockSupport.java:252)
        at java.base@17.0.12/java.util.concurrent.locks.AbstractQueuedSynchronizer$ConditionObject.awaitNanos(AbstractQueuedSynchronizer.java:1674)
        at java.base@17.0.12/java.util.concurrent.LinkedBlockingQueue.poll(LinkedBlockingQueue.java:460)
        at app//org.apache.hadoop.ipc.CallQueueManager.take(CallQueueManager.java:317)
        at app//org.apache.hadoop.ipc.Server$Handler.run(Server.java:3014)
"IPC Server handler 94 on default port 15002" daemon prio=5 tid=379 timed_waiting
java.lang.Thread.State: TIMED_WAITING
        at java.base@17.0.12/jdk.internal.misc.Unsafe.park(Native Method)
        at java.base@17.0.12/java.util.concurrent.locks.LockSupport.parkNanos(LockSupport.java:252)
        at java.base@17.0.12/java.util.concurrent.locks.AbstractQueuedSynchronizer$ConditionObject.awaitNanos(AbstractQueuedSynchronizer.java:1674)
        at java.base@17.0.12/java.util.concurrent.LinkedBlockingQueue.poll(LinkedBlockingQueue.java:460)
        at app//org.apache.hadoop.ipc.CallQueueManager.take(CallQueueManager.java:317)
        at app//org.apache.hadoop.ipc.Server$Handler.run(Server.java:3014)
"43b7afd8-9e19-4b34-aad7-81b8e915bbb6@group-0615DF56F7B4-StateMachineUpdater" daemon prio=5 tid=921 timed_waiting
java.lang.Thread.State: TIMED_WAITING
        at java.base@17.0.12/jdk.internal.misc.Unsafe.park(Native Method)
        at java.base@17.0.12/java.util.concurrent.locks.LockSupport.parkNanos(LockSupport.java:252)
        at java.base@17.0.12/java.util.concurrent.locks.AbstractQueuedSynchronizer$ConditionObject.await(AbstractQueuedSynchronizer.java:1759)
        at app//org.apache.ratis.util.AwaitForSignal.await(AwaitForSignal.java:65)
        at app//org.apache.ratis.server.impl.StateMachineUpdater.waitForCommit(StateMachineUpdater.java:219)
        at app//org.apache.ratis.server.impl.StateMachineUpdater.run(StateMachineUpdater.java:187)
        at java.base@17.0.12/java.lang.Thread.run(Thread.java:840)
"IPC Server handler 48 on default port 15001" daemon prio=5 tid=233 timed_waiting
java.lang.Thread.State: TIMED_WAITING
        at java.base@17.0.12/jdk.internal.misc.Unsafe.park(Native Method)
        at java.base@17.0.12/java.util.concurrent.locks.LockSupport.parkNanos(LockSupport.java:252)
        at java.base@17.0.12/java.util.concurrent.locks.AbstractQueuedSynchronizer$ConditionObject.awaitNanos(AbstractQueuedSynchronizer.java:1674)
        at java.base@17.0.12/java.util.concurrent.LinkedBlockingQueue.poll(LinkedBlockingQueue.java:460)
        at app//org.apache.hadoop.ipc.CallQueueManager.take(CallQueueManager.java:317)
        at app//org.apache.hadoop.ipc.Server$Handler.run(Server.java:3014)
"43b7afd8-9e19-4b34-aad7-81b8e915bbb6-EndpointStateMachineTaskThread-/0.0.0.0:15002-0 "  prio=5 tid=834 in Object.wait()
java.lang.Thread.State: WAITING (on object monitor)
        at java.base@17.0.12/jdk.internal.misc.Unsafe.park(Native Method)
        at java.base@17.0.12/java.util.concurrent.locks.LockSupport.park(LockSupport.java:341)
        at java.base@17.0.12/java.util.concurrent.locks.AbstractQueuedSynchronizer$ConditionNode.block(AbstractQueuedSynchronizer.java:506)
        at java.base@17.0.12/java.util.concurrent.ForkJoinPool.unmanagedBlock(ForkJoinPool.java:3465)
        at java.base@17.0.12/java.util.concurrent.ForkJoinPool.managedBlock(ForkJoinPool.java:3436)
        at java.base@17.0.12/java.util.concurrent.locks.AbstractQueuedSynchronizer$ConditionObject.await(AbstractQueuedSynchronizer.java:1625)
        at java.base@17.0.12/java.util.concurrent.LinkedBlockingQueue.take(LinkedBlockingQueue.java:435)
        at java.base@17.0.12/java.util.concurrent.ThreadPoolExecutor.getTask(ThreadPoolExecutor.java:1062)
        at java.base@17.0.12/java.util.concurrent.ThreadPoolExecutor.runWorker(ThreadPoolExecutor.java:1122)
        at java.base@17.0.12/java.util.concurrent.ThreadPoolExecutor$Worker.run(ThreadPoolExecutor.java:635)
        at java.base@17.0.12/java.lang.Thread.run(Thread.java:840)
"43b7afd8-9e19-4b34-aad7-81b8e915bbb6@group-83D748725593-StateMachineUpdater" daemon prio=5 tid=952 timed_waiting
java.lang.Thread.State: TIMED_WAITING
        at java.base@17.0.12/jdk.internal.misc.Unsafe.park(Native Method)
        at java.base@17.0.12/java.util.concurrent.locks.LockSupport.parkNanos(LockSupport.java:252)
        at java.base@17.0.12/java.util.concurrent.locks.AbstractQueuedSynchronizer$ConditionObject.await(AbstractQueuedSynchronizer.java:1759)
        at app//org.apache.ratis.util.AwaitForSignal.await(AwaitForSignal.java:65)
        at app//org.apache.ratis.server.impl.StateMachineUpdater.waitForCommit(StateMachineUpdater.java:219)
        at app//org.apache.ratis.server.impl.StateMachineUpdater.run(StateMachineUpdater.java:187)
        at java.base@17.0.12/java.lang.Thread.run(Thread.java:840)
"qtp1438151538-727" daemon prio=5 tid=727 timed_waiting
java.lang.Thread.State: TIMED_WAITING
        at java.base@17.0.12/jdk.internal.misc.Unsafe.park(Native Method)
        at java.base@17.0.12/java.util.concurrent.locks.LockSupport.parkNanos(LockSupport.java:252)
        at java.base@17.0.12/java.util.concurrent.locks.AbstractQueuedSynchronizer$ConditionObject.awaitNanos(AbstractQueuedSynchronizer.java:1674)
        at app//org.eclipse.jetty.util.BlockingArrayQueue.poll(BlockingArrayQueue.java:382)
        at app//org.eclipse.jetty.util.thread.QueuedThreadPool$Runner.idleJobPoll(QueuedThreadPool.java:974)
        at app//org.eclipse.jetty.util.thread.QueuedThreadPool$Runner.run(QueuedThreadPool.java:1018)
        at java.base@17.0.12/java.lang.Thread.run(Thread.java:840)
"44ff6b06-02d2-44ad-8aa1-4af94363565f-groupManagement" daemon prio=5 tid=920 in Object.wait()
java.lang.Thread.State: WAITING (on object monitor)
        at java.base@17.0.12/jdk.internal.misc.Unsafe.park(Native Method)
        at java.base@17.0.12/java.util.concurrent.locks.LockSupport.park(LockSupport.java:341)
        at java.base@17.0.12/java.util.concurrent.locks.AbstractQueuedSynchronizer$ConditionNode.block(AbstractQueuedSynchronizer.java:506)
        at java.base@17.0.12/java.util.concurrent.ForkJoinPool.unmanagedBlock(ForkJoinPool.java:3465)
        at java.base@17.0.12/java.util.concurrent.ForkJoinPool.managedBlock(ForkJoinPool.java:3436)
        at java.base@17.0.12/java.util.concurrent.locks.AbstractQueuedSynchronizer$ConditionObject.await(AbstractQueuedSynchronizer.java:1625)
        at java.base@17.0.12/java.util.concurrent.LinkedBlockingQueue.take(LinkedBlockingQueue.java:435)
        at java.base@17.0.12/java.util.concurrent.ThreadPoolExecutor.getTask(ThreadPoolExecutor.java:1062)
        at java.base@17.0.12/java.util.concurrent.ThreadPoolExecutor.runWorker(ThreadPoolExecutor.java:1122)
        at java.base@17.0.12/java.util.concurrent.ThreadPoolExecutor$Worker.run(ThreadPoolExecutor.java:635)
        at java.base@17.0.12/java.lang.Thread.run(Thread.java:840)
"BackgroundPipelineScrubber" daemon prio=5 tid=26 timed_waiting
java.lang.Thread.State: TIMED_WAITING
        at java.base@17.0.12/java.lang.Object.wait(Native Method)
        at app//org.apache.hadoop.hdds.scm.ha.BackgroundSCMService.run(BackgroundSCMService.java:107)
        at app//org.apache.hadoop.hdds.scm.ha.BackgroundSCMService$$Lambda$674/0x00007fa908369410.run(Unknown Source)
        at java.base@17.0.12/java.lang.Thread.run(Thread.java:840)
"Timer for 'StorageContainerManager' metrics system" daemon prio=5 tid=84 timed_waiting
java.lang.Thread.State: TIMED_WAITING
        at java.base@17.0.12/java.lang.Object.wait(Native Method)
        at java.base@17.0.12/java.util.TimerThread.mainLoop(Timer.java:563)
        at java.base@17.0.12/java.util.TimerThread.run(Timer.java:516)
"IPC Server handler 73 on default port 15009" daemon prio=5 tid=592 timed_waiting
java.lang.Thread.State: TIMED_WAITING
        at java.base@17.0.12/jdk.internal.misc.Unsafe.park(Native Method)
        at java.base@17.0.12/java.util.concurrent.locks.LockSupport.parkNanos(LockSupport.java:252)
        at java.base@17.0.12/java.util.concurrent.locks.AbstractQueuedSynchronizer$ConditionObject.awaitNanos(AbstractQueuedSynchronizer.java:1674)
        at java.base@17.0.12/java.util.concurrent.LinkedBlockingQueue.poll(LinkedBlockingQueue.java:460)
        at app//org.apache.hadoop.ipc.CallQueueManager.take(CallQueueManager.java:317)
        at app//org.apache.hadoop.ipc.Server$Handler.run(Server.java:3014)
"Socket Reader #6 for port 15000"  prio=5 tid=66 runnable
java.lang.Thread.State: RUNNABLE
        at java.base@17.0.12/sun.nio.ch.EPoll.wait(Native Method)
        at java.base@17.0.12/sun.nio.ch.EPollSelectorImpl.doSelect(EPollSelectorImpl.java:118)
        at java.base@17.0.12/sun.nio.ch.SelectorImpl.lockAndDoSelect(SelectorImpl.java:129)
        at java.base@17.0.12/sun.nio.ch.SelectorImpl.select(SelectorImpl.java:146)
        at app//org.apache.hadoop.ipc.Server$Listener$Reader.doRunLoop(Server.java:1346)
        at app//org.apache.hadoop.ipc.Server$Listener$Reader.run(Server.java:1325)
"IPC Server handler 10 on default port 15000" daemon prio=5 tid=95 timed_waiting
java.lang.Thread.State: TIMED_WAITING
        at java.base@17.0.12/jdk.internal.misc.Unsafe.park(Native Method)
        at java.base@17.0.12/java.util.concurrent.locks.LockSupport.parkNanos(LockSupport.java:252)
        at java.base@17.0.12/java.util.concurrent.locks.AbstractQueuedSynchronizer$ConditionObject.awaitNanos(AbstractQueuedSynchronizer.java:1674)
        at java.base@17.0.12/java.util.concurrent.LinkedBlockingQueue.poll(LinkedBlockingQueue.java:460)
        at app//org.apache.hadoop.ipc.CallQueueManager.take(CallQueueManager.java:317)
        at app//org.apache.hadoop.ipc.Server$Handler.run(Server.java:3014)
"FixedThreadPoolWithAffinityExecutor-9-0" daemon prio=5 tid=83 timed_waiting
java.lang.Thread.State: TIMED_WAITING
        at java.base@17.0.12/jdk.internal.misc.Unsafe.park(Native Method)
        at java.base@17.0.12/java.util.concurrent.locks.LockSupport.parkNanos(LockSupport.java:252)
        at java.base@17.0.12/java.util.concurrent.locks.AbstractQueuedSynchronizer$ConditionObject.awaitNanos(AbstractQueuedSynchronizer.java:1674)
        at java.base@17.0.12/java.util.concurrent.LinkedBlockingQueue.poll(LinkedBlockingQueue.java:460)
        at app//org.apache.hadoop.hdds.scm.server.ContainerReportQueue.poll(ContainerReportQueue.java:269)
        at app//org.apache.hadoop.hdds.scm.server.ContainerReportQueue.poll(ContainerReportQueue.java:42)
        at app//org.apache.hadoop.hdds.server.events.FixedThreadPoolWithAffinityExecutor$ContainerReportProcessTask.run(FixedThreadPoolWithAffinityExecutor.java:253)
        at java.base@17.0.12/java.util.concurrent.Executors$RunnableAdapter.call(Executors.java:539)
        at java.base@17.0.12/java.util.concurrent.FutureTask.run(FutureTask.java:264)
        at java.base@17.0.12/java.util.concurrent.ThreadPoolExecutor.runWorker(ThreadPoolExecutor.java:1136)
        at java.base@17.0.12/java.util.concurrent.ThreadPoolExecutor$Worker.run(ThreadPoolExecutor.java:635)
        at java.base@17.0.12/java.lang.Thread.run(Thread.java:840)
"IPC Server handler 85 on default port 15000" daemon prio=5 tid=170 timed_waiting
java.lang.Thread.State: TIMED_WAITING
        at java.base@17.0.12/jdk.internal.misc.Unsafe.park(Native Method)
        at java.base@17.0.12/java.util.concurrent.locks.LockSupport.parkNanos(LockSupport.java:252)
        at java.base@17.0.12/java.util.concurrent.locks.AbstractQueuedSynchronizer$ConditionObject.awaitNanos(AbstractQueuedSynchronizer.java:1674)
        at java.base@17.0.12/java.util.concurrent.LinkedBlockingQueue.poll(LinkedBlockingQueue.java:460)
        at app//org.apache.hadoop.ipc.CallQueueManager.take(CallQueueManager.java:317)
        at app//org.apache.hadoop.ipc.Server$Handler.run(Server.java:3014)
"process reaper" daemon prio=10 tid=16 timed_waiting
java.lang.Thread.State: TIMED_WAITING
        at java.base@17.0.12/jdk.internal.misc.Unsafe.park(Native Method)
        at java.base@17.0.12/java.util.concurrent.locks.LockSupport.parkNanos(LockSupport.java:252)
        at java.base@17.0.12/java.util.concurrent.SynchronousQueue$TransferStack.transfer(SynchronousQueue.java:401)
        at java.base@17.0.12/java.util.concurrent.SynchronousQueue.poll(SynchronousQueue.java:903)
        at java.base@17.0.12/java.util.concurrent.ThreadPoolExecutor.getTask(ThreadPoolExecutor.java:1061)
        at java.base@17.0.12/java.util.concurrent.ThreadPoolExecutor.runWorker(ThreadPoolExecutor.java:1122)
        at java.base@17.0.12/java.util.concurrent.ThreadPoolExecutor$Worker.run(ThreadPoolExecutor.java:635)
        at java.base@17.0.12/java.lang.Thread.run(Thread.java:840)
"IPC Server handler 45 on default port 15001" daemon prio=5 tid=230 timed_waiting
java.lang.Thread.State: TIMED_WAITING
        at java.base@17.0.12/jdk.internal.misc.Unsafe.park(Native Method)
        at java.base@17.0.12/java.util.concurrent.locks.LockSupport.parkNanos(LockSupport.java:252)
        at java.base@17.0.12/java.util.concurrent.locks.AbstractQueuedSynchronizer$ConditionObject.awaitNanos(AbstractQueuedSynchronizer.java:1674)
        at java.base@17.0.12/java.util.concurrent.LinkedBlockingQueue.poll(LinkedBlockingQueue.java:460)
        at app//org.apache.hadoop.ipc.CallQueueManager.take(CallQueueManager.java:317)
        at app//org.apache.hadoop.ipc.Server$Handler.run(Server.java:3014)
"qtp119423135-393" daemon prio=5 tid=393 timed_waiting
java.lang.Thread.State: TIMED_WAITING
        at java.base@17.0.12/jdk.internal.misc.Unsafe.park(Native Method)
        at java.base@17.0.12/java.util.concurrent.locks.LockSupport.parkNanos(LockSupport.java:252)
        at java.base@17.0.12/java.util.concurrent.locks.AbstractQueuedSynchronizer$ConditionObject.awaitNanos(AbstractQueuedSynchronizer.java:1674)
        at app//org.eclipse.jetty.util.BlockingArrayQueue.poll(BlockingArrayQueue.java:382)
        at app//org.eclipse.jetty.util.thread.QueuedThreadPool$Runner.idleJobPoll(QueuedThreadPool.java:974)
        at app//org.eclipse.jetty.util.thread.QueuedThreadPool$Runner.run(QueuedThreadPool.java:1018)
        at java.base@17.0.12/java.lang.Thread.run(Thread.java:840)
"IPC Server handler 33 on default port 15002" daemon prio=5 tid=318 timed_waiting
java.lang.Thread.State: TIMED_WAITING
        at java.base@17.0.12/jdk.internal.misc.Unsafe.park(Native Method)
        at java.base@17.0.12/java.util.concurrent.locks.LockSupport.parkNanos(LockSupport.java:252)
        at java.base@17.0.12/java.util.concurrent.locks.AbstractQueuedSynchronizer$ConditionObject.awaitNanos(AbstractQueuedSynchronizer.java:1674)
        at java.base@17.0.12/java.util.concurrent.LinkedBlockingQueue.poll(LinkedBlockingQueue.java:460)
        at app//org.apache.hadoop.ipc.CallQueueManager.take(CallQueueManager.java:317)
        at app//org.apache.hadoop.ipc.Server$Handler.run(Server.java:3014)
"IPC Server handler 80 on default port 15001" daemon prio=5 tid=265 timed_waiting
java.lang.Thread.State: TIMED_WAITING
        at java.base@17.0.12/jdk.internal.misc.Unsafe.park(Native Method)
        at java.base@17.0.12/java.util.concurrent.locks.LockSupport.parkNanos(LockSupport.java:252)
        at java.base@17.0.12/java.util.concurrent.locks.AbstractQueuedSynchronizer$ConditionObject.awaitNanos(AbstractQueuedSynchronizer.java:1674)
        at java.base@17.0.12/java.util.concurrent.LinkedBlockingQueue.poll(LinkedBlockingQueue.java:460)
        at app//org.apache.hadoop.ipc.CallQueueManager.take(CallQueueManager.java:317)
        at app//org.apache.hadoop.ipc.Server$Handler.run(Server.java:3014)
"44ff6b06-02d2-44ad-8aa1-4af94363565f@group-83D748725593-LeaderStateImpl" daemon prio=5 tid=1015 timed_waiting
java.lang.Thread.State: TIMED_WAITING
        at java.base@17.0.12/jdk.internal.misc.Unsafe.park(Native Method)
        at java.base@17.0.12/java.util.concurrent.locks.LockSupport.parkNanos(LockSupport.java:252)
        at java.base@17.0.12/java.util.concurrent.locks.AbstractQueuedSynchronizer$ConditionObject.awaitNanos(AbstractQueuedSynchronizer.java:1674)
        at java.base@17.0.12/java.util.concurrent.ArrayBlockingQueue.poll(ArrayBlockingQueue.java:435)
        at app//org.apache.ratis.server.impl.LeaderStateImpl$EventQueue.poll(LeaderStateImpl.java:164)
        at app//org.apache.ratis.server.impl.LeaderStateImpl$EventProcessor.run(LeaderStateImpl.java:766)
"Socket Reader #4 for port 15000"  prio=5 tid=64 runnable
java.lang.Thread.State: RUNNABLE
        at java.base@17.0.12/sun.nio.ch.EPoll.wait(Native Method)
        at java.base@17.0.12/sun.nio.ch.EPollSelectorImpl.doSelect(EPollSelectorImpl.java:118)
        at java.base@17.0.12/sun.nio.ch.SelectorImpl.lockAndDoSelect(SelectorImpl.java:129)
        at java.base@17.0.12/sun.nio.ch.SelectorImpl.select(SelectorImpl.java:146)
        at app//org.apache.hadoop.ipc.Server$Listener$Reader.doRunLoop(Server.java:1346)
        at app//org.apache.hadoop.ipc.Server$Listener$Reader.run(Server.java:1325)
"IPC Server handler 13 on default port 15000" daemon prio=5 tid=98 timed_waiting
java.lang.Thread.State: TIMED_WAITING
        at java.base@17.0.12/jdk.internal.misc.Unsafe.park(Native Method)
        at java.base@17.0.12/java.util.concurrent.locks.LockSupport.parkNanos(LockSupport.java:252)
        at java.base@17.0.12/java.util.concurrent.locks.AbstractQueuedSynchronizer$ConditionObject.awaitNanos(AbstractQueuedSynchronizer.java:1674)
        at java.base@17.0.12/java.util.concurrent.LinkedBlockingQueue.poll(LinkedBlockingQueue.java:460)
        at app//org.apache.hadoop.ipc.CallQueueManager.take(CallQueueManager.java:317)
        at app//org.apache.hadoop.ipc.Server$Handler.run(Server.java:3014)
"IPC Server handler 72 on default port 15001" daemon prio=5 tid=257 timed_waiting
java.lang.Thread.State: TIMED_WAITING
        at java.base@17.0.12/jdk.internal.misc.Unsafe.park(Native Method)
        at java.base@17.0.12/java.util.concurrent.locks.LockSupport.parkNanos(LockSupport.java:252)
        at java.base@17.0.12/java.util.concurrent.locks.AbstractQueuedSynchronizer$ConditionObject.awaitNanos(AbstractQueuedSynchronizer.java:1674)
        at java.base@17.0.12/java.util.concurrent.LinkedBlockingQueue.poll(LinkedBlockingQueue.java:460)
        at app//org.apache.hadoop.ipc.CallQueueManager.take(CallQueueManager.java:317)
        at app//org.apache.hadoop.ipc.Server$Handler.run(Server.java:3014)
"731aafee-c06b-4662-9d20-472061f2d46e-DatanodeReportManager-1" daemon prio=5 tid=667 in Object.wait()
java.lang.Thread.State: WAITING (on object monitor)
        at java.base@17.0.12/jdk.internal.misc.Unsafe.park(Native Method)
        at java.base@17.0.12/java.util.concurrent.locks.LockSupport.park(LockSupport.java:341)
        at java.base@17.0.12/java.util.concurrent.locks.AbstractQueuedSynchronizer$ConditionNode.block(AbstractQueuedSynchronizer.java:506)
        at java.base@17.0.12/java.util.concurrent.ForkJoinPool.unmanagedBlock(ForkJoinPool.java:3465)
        at java.base@17.0.12/java.util.concurrent.ForkJoinPool.managedBlock(ForkJoinPool.java:3436)
        at java.base@17.0.12/java.util.concurrent.locks.AbstractQueuedSynchronizer$ConditionObject.await(AbstractQueuedSynchronizer.java:1625)
        at java.base@17.0.12/java.util.concurrent.ScheduledThreadPoolExecutor$DelayedWorkQueue.take(ScheduledThreadPoolExecutor.java:1177)
        at java.base@17.0.12/java.util.concurrent.ScheduledThreadPoolExecutor$DelayedWorkQueue.take(ScheduledThreadPoolExecutor.java:899)
        at java.base@17.0.12/java.util.concurrent.ThreadPoolExecutor.getTask(ThreadPoolExecutor.java:1062)
        at java.base@17.0.12/java.util.concurrent.ThreadPoolExecutor.runWorker(ThreadPoolExecutor.java:1122)
        at java.base@17.0.12/java.util.concurrent.ThreadPoolExecutor$Worker.run(ThreadPoolExecutor.java:635)
        at java.base@17.0.12/java.lang.Thread.run(Thread.java:840)
"43b7afd8-9e19-4b34-aad7-81b8e915bbb6-BlockDeletingService#0" daemon prio=5 tid=848 timed_waiting
java.lang.Thread.State: TIMED_WAITING
        at java.base@17.0.12/jdk.internal.misc.Unsafe.park(Native Method)
        at java.base@17.0.12/java.util.concurrent.locks.LockSupport.parkNanos(LockSupport.java:252)
        at java.base@17.0.12/java.util.concurrent.locks.AbstractQueuedSynchronizer$ConditionObject.awaitNanos(AbstractQueuedSynchronizer.java:1674)
        at java.base@17.0.12/java.util.concurrent.ScheduledThreadPoolExecutor$DelayedWorkQueue.take(ScheduledThreadPoolExecutor.java:1182)
        at java.base@17.0.12/java.util.concurrent.ScheduledThreadPoolExecutor$DelayedWorkQueue.take(ScheduledThreadPoolExecutor.java:899)
        at java.base@17.0.12/java.util.concurrent.ThreadPoolExecutor.getTask(ThreadPoolExecutor.java:1062)
        at java.base@17.0.12/java.util.concurrent.ThreadPoolExecutor.runWorker(ThreadPoolExecutor.java:1122)
        at java.base@17.0.12/java.util.concurrent.ThreadPoolExecutor$Worker.run(ThreadPoolExecutor.java:635)
        at java.base@17.0.12/java.lang.Thread.run(Thread.java:840)
"IPC Server handler 1 on default port 15021" daemon prio=5 tid=702 timed_waiting
java.lang.Thread.State: TIMED_WAITING
        at java.base@17.0.12/jdk.internal.misc.Unsafe.park(Native Method)
        at java.base@17.0.12/java.util.concurrent.locks.LockSupport.parkNanos(LockSupport.java:252)
        at java.base@17.0.12/java.util.concurrent.locks.AbstractQueuedSynchronizer$ConditionObject.awaitNanos(AbstractQueuedSynchronizer.java:1674)
        at java.base@17.0.12/java.util.concurrent.LinkedBlockingQueue.poll(LinkedBlockingQueue.java:460)
        at app//org.apache.hadoop.ipc.CallQueueManager.take(CallQueueManager.java:317)
        at app//org.apache.hadoop.ipc.Server$Handler.run(Server.java:3014)
"IPC Server handler 64 on default port 15002" daemon prio=5 tid=349 timed_waiting
java.lang.Thread.State: TIMED_WAITING
        at java.base@17.0.12/jdk.internal.misc.Unsafe.park(Native Method)
        at java.base@17.0.12/java.util.concurrent.locks.LockSupport.parkNanos(LockSupport.java:252)
        at java.base@17.0.12/java.util.concurrent.locks.AbstractQueuedSynchronizer$ConditionObject.awaitNanos(AbstractQueuedSynchronizer.java:1674)
        at java.base@17.0.12/java.util.concurrent.LinkedBlockingQueue.poll(LinkedBlockingQueue.java:460)
        at app//org.apache.hadoop.ipc.CallQueueManager.take(CallQueueManager.java:317)
        at app//org.apache.hadoop.ipc.Server$Handler.run(Server.java:3014)
"Socket Reader #6 for port 15030"  prio=5 tid=739 runnable
java.lang.Thread.State: RUNNABLE
        at java.base@17.0.12/sun.nio.ch.EPoll.wait(Native Method)
        at java.base@17.0.12/sun.nio.ch.EPollSelectorImpl.doSelect(EPollSelectorImpl.java:118)
        at java.base@17.0.12/sun.nio.ch.SelectorImpl.lockAndDoSelect(SelectorImpl.java:129)
        at java.base@17.0.12/sun.nio.ch.SelectorImpl.select(SelectorImpl.java:146)
        at app//org.apache.hadoop.ipc.Server$Listener$Reader.doRunLoop(Server.java:1346)
        at app//org.apache.hadoop.ipc.Server$Listener$Reader.run(Server.java:1325)
"IPC Server handler 19 on default port 15009" daemon prio=5 tid=538 timed_waiting
java.lang.Thread.State: TIMED_WAITING
        at java.base@17.0.12/jdk.internal.misc.Unsafe.park(Native Method)
        at java.base@17.0.12/java.util.concurrent.locks.LockSupport.parkNanos(LockSupport.java:252)
        at java.base@17.0.12/java.util.concurrent.locks.AbstractQueuedSynchronizer$ConditionObject.awaitNanos(AbstractQueuedSynchronizer.java:1674)
        at java.base@17.0.12/java.util.concurrent.LinkedBlockingQueue.poll(LinkedBlockingQueue.java:460)
        at app//org.apache.hadoop.ipc.CallQueueManager.take(CallQueueManager.java:317)
        at app//org.apache.hadoop.ipc.Server$Handler.run(Server.java:3014)
"IPC Server handler 1 on default port 15009" daemon prio=5 tid=520 timed_waiting
java.lang.Thread.State: TIMED_WAITING
        at java.base@17.0.12/jdk.internal.misc.Unsafe.park(Native Method)
        at java.base@17.0.12/java.util.concurrent.locks.LockSupport.parkNanos(LockSupport.java:252)
        at java.base@17.0.12/java.util.concurrent.locks.AbstractQueuedSynchronizer$ConditionObject.awaitNanos(AbstractQueuedSynchronizer.java:1674)
        at java.base@17.0.12/java.util.concurrent.LinkedBlockingQueue.poll(LinkedBlockingQueue.java:460)
        at app//org.apache.hadoop.ipc.CallQueueManager.take(CallQueueManager.java:317)
        at app//org.apache.hadoop.ipc.Server$Handler.run(Server.java:3014)
"43b7afd8-9e19-4b34-aad7-81b8e915bbb6-PipelineCommandHandlerThread-0"  prio=5 tid=915 in Object.wait()
java.lang.Thread.State: WAITING (on object monitor)
        at java.base@17.0.12/jdk.internal.misc.Unsafe.park(Native Method)
        at java.base@17.0.12/java.util.concurrent.locks.LockSupport.park(LockSupport.java:341)
        at java.base@17.0.12/java.util.concurrent.locks.AbstractQueuedSynchronizer$ConditionNode.block(AbstractQueuedSynchronizer.java:506)
        at java.base@17.0.12/java.util.concurrent.ForkJoinPool.unmanagedBlock(ForkJoinPool.java:3465)
        at java.base@17.0.12/java.util.concurrent.ForkJoinPool.managedBlock(ForkJoinPool.java:3436)
        at java.base@17.0.12/java.util.concurrent.locks.AbstractQueuedSynchronizer$ConditionObject.await(AbstractQueuedSynchronizer.java:1625)
        at java.base@17.0.12/java.util.concurrent.LinkedBlockingQueue.take(LinkedBlockingQueue.java:435)
        at java.base@17.0.12/java.util.concurrent.ThreadPoolExecutor.getTask(ThreadPoolExecutor.java:1062)
        at java.base@17.0.12/java.util.concurrent.ThreadPoolExecutor.runWorker(ThreadPoolExecutor.java:1122)
        at java.base@17.0.12/java.util.concurrent.ThreadPoolExecutor$Worker.run(ThreadPoolExecutor.java:635)
        at java.base@17.0.12/java.lang.Thread.run(Thread.java:840)
"qtp798439904-446" daemon prio=5 tid=446 timed_waiting
java.lang.Thread.State: TIMED_WAITING
        at java.base@17.0.12/jdk.internal.misc.Unsafe.park(Native Method)
        at java.base@17.0.12/java.util.concurrent.locks.LockSupport.parkNanos(LockSupport.java:252)
        at java.base@17.0.12/java.util.concurrent.locks.AbstractQueuedSynchronizer$ConditionObject.awaitNanos(AbstractQueuedSynchronizer.java:1674)
        at app//org.eclipse.jetty.util.BlockingArrayQueue.poll(BlockingArrayQueue.java:382)
        at app//org.eclipse.jetty.util.thread.QueuedThreadPool$Runner.idleJobPoll(QueuedThreadPool.java:974)
        at app//org.eclipse.jetty.util.thread.QueuedThreadPool$Runner.run(QueuedThreadPool.java:1018)
        at java.base@17.0.12/java.lang.Thread.run(Thread.java:840)
"43b7afd8-9e19-4b34-aad7-81b8e915bbb6-PeriodicHDDSVolumeChecker" daemon prio=5 tid=837 timed_waiting
java.lang.Thread.State: TIMED_WAITING
        at java.base@17.0.12/jdk.internal.misc.Unsafe.park(Native Method)
        at java.base@17.0.12/java.util.concurrent.locks.LockSupport.parkNanos(LockSupport.java:252)
        at java.base@17.0.12/java.util.concurrent.locks.AbstractQueuedSynchronizer$ConditionObject.awaitNanos(AbstractQueuedSynchronizer.java:1674)
        at java.base@17.0.12/java.util.concurrent.ScheduledThreadPoolExecutor$DelayedWorkQueue.take(ScheduledThreadPoolExecutor.java:1182)
        at java.base@17.0.12/java.util.concurrent.ScheduledThreadPoolExecutor$DelayedWorkQueue.take(ScheduledThreadPoolExecutor.java:899)
        at java.base@17.0.12/java.util.concurrent.ThreadPoolExecutor.getTask(ThreadPoolExecutor.java:1062)
        at java.base@17.0.12/java.util.concurrent.ThreadPoolExecutor.runWorker(ThreadPoolExecutor.java:1122)
        at java.base@17.0.12/java.util.concurrent.ThreadPoolExecutor$Worker.run(ThreadPoolExecutor.java:635)
        at java.base@17.0.12/java.lang.Thread.run(Thread.java:840)
"ForkJoinPool.commonPool-worker-1" daemon prio=5 tid=21 in Object.wait()
java.lang.Thread.State: WAITING (on object monitor)
        at java.base@17.0.12/jdk.internal.misc.Unsafe.park(Native Method)
        at java.base@17.0.12/java.util.concurrent.locks.LockSupport.park(LockSupport.java:341)
        at java.base@17.0.12/java.util.concurrent.ForkJoinPool.awaitWork(ForkJoinPool.java:1724)
        at java.base@17.0.12/java.util.concurrent.ForkJoinPool.runWorker(ForkJoinPool.java:1623)
        at java.base@17.0.12/java.util.concurrent.ForkJoinWorkerThread.run(ForkJoinWorkerThread.java:165)
"IPC Server handler 27 on default port 15001" daemon prio=5 tid=212 timed_waiting
java.lang.Thread.State: TIMED_WAITING
        at java.base@17.0.12/jdk.internal.misc.Unsafe.park(Native Method)
        at java.base@17.0.12/java.util.concurrent.locks.LockSupport.parkNanos(LockSupport.java:252)
        at java.base@17.0.12/java.util.concurrent.locks.AbstractQueuedSynchronizer$ConditionObject.awaitNanos(AbstractQueuedSynchronizer.java:1674)
        at java.base@17.0.12/java.util.concurrent.LinkedBlockingQueue.poll(LinkedBlockingQueue.java:460)
        at app//org.apache.hadoop.ipc.CallQueueManager.take(CallQueueManager.java:317)
        at app//org.apache.hadoop.ipc.Server$Handler.run(Server.java:3014)
"731aafee-c06b-4662-9d20-472061f2d46e-NettyServerStreamRpc-bossGroup--thread1"  prio=5 tid=627 runnable
java.lang.Thread.State: RUNNABLE
        at app//org.apache.ratis.thirdparty.io.netty.channel.epoll.Native.epollWait(Native Method)
        at app//org.apache.ratis.thirdparty.io.netty.channel.epoll.Native.epollWait(Native.java:220)
        at app//org.apache.ratis.thirdparty.io.netty.channel.epoll.Native.epollWait(Native.java:213)
        at app//org.apache.ratis.thirdparty.io.netty.channel.epoll.EpollEventLoop.epollWaitNoTimerChange(EpollEventLoop.java:308)
        at app//org.apache.ratis.thirdparty.io.netty.channel.epoll.EpollEventLoop.run(EpollEventLoop.java:365)
        at app//org.apache.ratis.thirdparty.io.netty.util.concurrent.SingleThreadEventExecutor$4.run(SingleThreadEventExecutor.java:997)
        at app//org.apache.ratis.thirdparty.io.netty.util.internal.ThreadExecutorMap$2.run(ThreadExecutorMap.java:74)
        at java.base@17.0.12/java.lang.Thread.run(Thread.java:840)
"pool-110-thread-1"  prio=5 tid=631 timed_waiting
java.lang.Thread.State: TIMED_WAITING
        at java.base@17.0.12/jdk.internal.misc.Unsafe.park(Native Method)
        at java.base@17.0.12/java.util.concurrent.locks.LockSupport.parkNanos(LockSupport.java:252)
        at java.base@17.0.12/java.util.concurrent.locks.AbstractQueuedSynchronizer$ConditionObject.awaitNanos(AbstractQueuedSynchronizer.java:1674)
        at java.base@17.0.12/java.util.concurrent.ScheduledThreadPoolExecutor$DelayedWorkQueue.take(ScheduledThreadPoolExecutor.java:1182)
        at java.base@17.0.12/java.util.concurrent.ScheduledThreadPoolExecutor$DelayedWorkQueue.take(ScheduledThreadPoolExecutor.java:899)
        at java.base@17.0.12/java.util.concurrent.ThreadPoolExecutor.getTask(ThreadPoolExecutor.java:1062)
        at java.base@17.0.12/java.util.concurrent.ThreadPoolExecutor.runWorker(ThreadPoolExecutor.java:1122)
        at java.base@17.0.12/java.util.concurrent.ThreadPoolExecutor$Worker.run(ThreadPoolExecutor.java:635)
        at java.base@17.0.12/java.lang.Thread.run(Thread.java:840)
"IPC Server handler 1 on default port 15002" daemon prio=5 tid=286 timed_waiting
java.lang.Thread.State: TIMED_WAITING
        at java.base@17.0.12/jdk.internal.misc.Unsafe.park(Native Method)
        at java.base@17.0.12/java.util.concurrent.locks.LockSupport.parkNanos(LockSupport.java:252)
        at java.base@17.0.12/java.util.concurrent.locks.AbstractQueuedSynchronizer$ConditionObject.awaitNanos(AbstractQueuedSynchronizer.java:1674)
        at java.base@17.0.12/java.util.concurrent.LinkedBlockingQueue.poll(LinkedBlockingQueue.java:460)
        at app//org.apache.hadoop.ipc.CallQueueManager.take(CallQueueManager.java:317)
        at app//org.apache.hadoop.ipc.Server$Handler.run(Server.java:3014)
"44ff6b06-02d2-44ad-8aa1-4af94363565f-server-thread3" daemon prio=5 tid=999 timed_waiting
java.lang.Thread.State: TIMED_WAITING
        at java.base@17.0.12/jdk.internal.misc.Unsafe.park(Native Method)
        at java.base@17.0.12/java.util.concurrent.locks.LockSupport.parkNanos(LockSupport.java:252)
        at java.base@17.0.12/java.util.concurrent.SynchronousQueue$TransferStack.transfer(SynchronousQueue.java:401)
        at java.base@17.0.12/java.util.concurrent.SynchronousQueue.poll(SynchronousQueue.java:903)
        at java.base@17.0.12/java.util.concurrent.ThreadPoolExecutor.getTask(ThreadPoolExecutor.java:1061)
        at java.base@17.0.12/java.util.concurrent.ThreadPoolExecutor.runWorker(ThreadPoolExecutor.java:1122)
        at java.base@17.0.12/java.util.concurrent.ThreadPoolExecutor$Worker.run(ThreadPoolExecutor.java:635)
        at java.base@17.0.12/java.lang.Thread.run(Thread.java:840)
"IPC Server handler 57 on default port 15009" daemon prio=5 tid=576 timed_waiting
java.lang.Thread.State: TIMED_WAITING
        at java.base@17.0.12/jdk.internal.misc.Unsafe.park(Native Method)
        at java.base@17.0.12/java.util.concurrent.locks.LockSupport.parkNanos(LockSupport.java:252)
        at java.base@17.0.12/java.util.concurrent.locks.AbstractQueuedSynchronizer$ConditionObject.awaitNanos(AbstractQueuedSynchronizer.java:1674)
        at java.base@17.0.12/java.util.concurrent.LinkedBlockingQueue.poll(LinkedBlockingQueue.java:460)
        at app//org.apache.hadoop.ipc.CallQueueManager.take(CallQueueManager.java:317)
        at app//org.apache.hadoop.ipc.Server$Handler.run(Server.java:3014)
"FixedThreadPoolWithAffinityExecutor-2-0" daemon prio=5 tid=76 timed_waiting
java.lang.Thread.State: TIMED_WAITING
        at java.base@17.0.12/jdk.internal.misc.Unsafe.park(Native Method)
        at java.base@17.0.12/java.util.concurrent.locks.LockSupport.parkNanos(LockSupport.java:252)
        at java.base@17.0.12/java.util.concurrent.locks.AbstractQueuedSynchronizer$ConditionObject.awaitNanos(AbstractQueuedSynchronizer.java:1674)
        at java.base@17.0.12/java.util.concurrent.LinkedBlockingQueue.poll(LinkedBlockingQueue.java:460)
        at app//org.apache.hadoop.hdds.scm.server.ContainerReportQueue.poll(ContainerReportQueue.java:269)
        at app//org.apache.hadoop.hdds.scm.server.ContainerReportQueue.poll(ContainerReportQueue.java:42)
        at app//org.apache.hadoop.hdds.server.events.FixedThreadPoolWithAffinityExecutor$ContainerReportProcessTask.run(FixedThreadPoolWithAffinityExecutor.java:253)
        at java.base@17.0.12/java.util.concurrent.Executors$RunnableAdapter.call(Executors.java:539)
        at java.base@17.0.12/java.util.concurrent.FutureTask.run(FutureTask.java:264)
        at java.base@17.0.12/java.util.concurrent.ThreadPoolExecutor.runWorker(ThreadPoolExecutor.java:1136)
        at java.base@17.0.12/java.util.concurrent.ThreadPoolExecutor$Worker.run(ThreadPoolExecutor.java:635)
        at java.base@17.0.12/java.lang.Thread.run(Thread.java:840)
"IPC Server handler 11 on default port 15004" daemon prio=5 tid=463 timed_waiting
java.lang.Thread.State: TIMED_WAITING
        at java.base@17.0.12/jdk.internal.misc.Unsafe.park(Native Method)
        at java.base@17.0.12/java.util.concurrent.locks.LockSupport.parkNanos(LockSupport.java:252)
        at java.base@17.0.12/java.util.concurrent.locks.AbstractQueuedSynchronizer$ConditionObject.awaitNanos(AbstractQueuedSynchronizer.java:1674)
        at java.base@17.0.12/java.util.concurrent.LinkedBlockingQueue.poll(LinkedBlockingQueue.java:460)
        at app//org.apache.hadoop.ipc.CallQueueManager.take(CallQueueManager.java:317)
        at app//org.apache.hadoop.ipc.Server$Handler.run(Server.java:3014)
"IPC Server handler 12 on default port 15002" daemon prio=5 tid=297 timed_waiting
java.lang.Thread.State: TIMED_WAITING
        at java.base@17.0.12/jdk.internal.misc.Unsafe.park(Native Method)
        at java.base@17.0.12/java.util.concurrent.locks.LockSupport.parkNanos(LockSupport.java:252)
        at java.base@17.0.12/java.util.concurrent.locks.AbstractQueuedSynchronizer$ConditionObject.awaitNanos(AbstractQueuedSynchronizer.java:1674)
        at java.base@17.0.12/java.util.concurrent.LinkedBlockingQueue.poll(LinkedBlockingQueue.java:460)
        at app//org.apache.hadoop.ipc.CallQueueManager.take(CallQueueManager.java:317)
        at app//org.apache.hadoop.ipc.Server$Handler.run(Server.java:3014)
"IPC Server handler 8 on default port 15030" daemon prio=5 tid=755 timed_waiting
java.lang.Thread.State: TIMED_WAITING
        at java.base@17.0.12/jdk.internal.misc.Unsafe.park(Native Method)
        at java.base@17.0.12/java.util.concurrent.locks.LockSupport.parkNanos(LockSupport.java:252)
        at java.base@17.0.12/java.util.concurrent.locks.AbstractQueuedSynchronizer$ConditionObject.awaitNanos(AbstractQueuedSynchronizer.java:1674)
        at java.base@17.0.12/java.util.concurrent.LinkedBlockingQueue.poll(LinkedBlockingQueue.java:460)
        at app//org.apache.hadoop.ipc.CallQueueManager.take(CallQueueManager.java:317)
        at app//org.apache.hadoop.ipc.Server$Handler.run(Server.java:3014)
"IPC Server handler 12 on default port 15004" daemon prio=5 tid=464 timed_waiting
java.lang.Thread.State: TIMED_WAITING
        at java.base@17.0.12/jdk.internal.misc.Unsafe.park(Native Method)
        at java.base@17.0.12/java.util.concurrent.locks.LockSupport.parkNanos(LockSupport.java:252)
        at java.base@17.0.12/java.util.concurrent.locks.AbstractQueuedSynchronizer$ConditionObject.awaitNanos(AbstractQueuedSynchronizer.java:1674)
        at java.base@17.0.12/java.util.concurrent.LinkedBlockingQueue.poll(LinkedBlockingQueue.java:460)
        at app//org.apache.hadoop.ipc.CallQueueManager.take(CallQueueManager.java:317)
        at app//org.apache.hadoop.ipc.Server$Handler.run(Server.java:3014)
"IPC Server handler 69 on default port 15002" daemon prio=5 tid=354 timed_waiting
java.lang.Thread.State: TIMED_WAITING
        at java.base@17.0.12/jdk.internal.misc.Unsafe.park(Native Method)
        at java.base@17.0.12/java.util.concurrent.locks.LockSupport.parkNanos(LockSupport.java:252)
        at java.base@17.0.12/java.util.concurrent.locks.AbstractQueuedSynchronizer$ConditionObject.awaitNanos(AbstractQueuedSynchronizer.java:1674)
        at java.base@17.0.12/java.util.concurrent.LinkedBlockingQueue.poll(LinkedBlockingQueue.java:460)
        at app//org.apache.hadoop.ipc.CallQueueManager.take(CallQueueManager.java:317)
        at app//org.apache.hadoop.ipc.Server$Handler.run(Server.java:3014)
"IPC Server handler 93 on default port 15000" daemon prio=5 tid=178 timed_waiting
java.lang.Thread.State: TIMED_WAITING
        at java.base@17.0.12/jdk.internal.misc.Unsafe.park(Native Method)
        at java.base@17.0.12/java.util.concurrent.locks.LockSupport.parkNanos(LockSupport.java:252)
        at java.base@17.0.12/java.util.concurrent.locks.AbstractQueuedSynchronizer$ConditionObject.awaitNanos(AbstractQueuedSynchronizer.java:1674)
        at java.base@17.0.12/java.util.concurrent.LinkedBlockingQueue.poll(LinkedBlockingQueue.java:460)
        at app//org.apache.hadoop.ipc.CallQueueManager.take(CallQueueManager.java:317)
        at app//org.apache.hadoop.ipc.Server$Handler.run(Server.java:3014)
"IPC Server handler 64 on default port 15009" daemon prio=5 tid=583 timed_waiting
java.lang.Thread.State: TIMED_WAITING
        at java.base@17.0.12/jdk.internal.misc.Unsafe.park(Native Method)
        at java.base@17.0.12/java.util.concurrent.locks.LockSupport.parkNanos(LockSupport.java:252)
        at java.base@17.0.12/java.util.concurrent.locks.AbstractQueuedSynchronizer$ConditionObject.awaitNanos(AbstractQueuedSynchronizer.java:1674)
        at java.base@17.0.12/java.util.concurrent.LinkedBlockingQueue.poll(LinkedBlockingQueue.java:460)
        at app//org.apache.hadoop.ipc.CallQueueManager.take(CallQueueManager.java:317)
        at app//org.apache.hadoop.ipc.Server$Handler.run(Server.java:3014)
"IPC Server handler 0 on default port 15021" daemon prio=5 tid=701 timed_waiting
java.lang.Thread.State: TIMED_WAITING
        at java.base@17.0.12/jdk.internal.misc.Unsafe.park(Native Method)
        at java.base@17.0.12/java.util.concurrent.locks.LockSupport.parkNanos(LockSupport.java:252)
        at java.base@17.0.12/java.util.concurrent.locks.AbstractQueuedSynchronizer$ConditionObject.awaitNanos(AbstractQueuedSynchronizer.java:1674)
        at java.base@17.0.12/java.util.concurrent.LinkedBlockingQueue.poll(LinkedBlockingQueue.java:460)
        at app//org.apache.hadoop.ipc.CallQueueManager.take(CallQueueManager.java:317)
        at app//org.apache.hadoop.ipc.Server$Handler.run(Server.java:3014)
"IPC Server handler 8 on default port 15001" daemon prio=5 tid=193 timed_waiting
java.lang.Thread.State: TIMED_WAITING
        at java.base@17.0.12/jdk.internal.misc.Unsafe.park(Native Method)
        at java.base@17.0.12/java.util.concurrent.locks.LockSupport.parkNanos(LockSupport.java:252)
        at java.base@17.0.12/java.util.concurrent.locks.AbstractQueuedSynchronizer$ConditionObject.awaitNanos(AbstractQueuedSynchronizer.java:1674)
        at java.base@17.0.12/java.util.concurrent.LinkedBlockingQueue.poll(LinkedBlockingQueue.java:460)
        at app//org.apache.hadoop.ipc.CallQueueManager.take(CallQueueManager.java:317)
        at app//org.apache.hadoop.ipc.Server$Handler.run(Server.java:3014)
"Socket Reader #10 for port 15004"  prio=5 tid=421 runnable
java.lang.Thread.State: RUNNABLE
        at java.base@17.0.12/sun.nio.ch.EPoll.wait(Native Method)
        at java.base@17.0.12/sun.nio.ch.EPollSelectorImpl.doSelect(EPollSelectorImpl.java:118)
        at java.base@17.0.12/sun.nio.ch.SelectorImpl.lockAndDoSelect(SelectorImpl.java:129)
        at java.base@17.0.12/sun.nio.ch.SelectorImpl.select(SelectorImpl.java:146)
        at app//org.apache.hadoop.ipc.Server$Listener$Reader.doRunLoop(Server.java:1346)
        at app//org.apache.hadoop.ipc.Server$Listener$Reader.run(Server.java:1325)
"Hadoop-Metrics-Updater-0" daemon prio=5 tid=746 timed_waiting
java.lang.Thread.State: TIMED_WAITING
        at java.base@17.0.12/jdk.internal.misc.Unsafe.park(Native Method)
        at java.base@17.0.12/java.util.concurrent.locks.LockSupport.parkNanos(LockSupport.java:252)
        at java.base@17.0.12/java.util.concurrent.locks.AbstractQueuedSynchronizer$ConditionObject.awaitNanos(AbstractQueuedSynchronizer.java:1674)
        at java.base@17.0.12/java.util.concurrent.ScheduledThreadPoolExecutor$DelayedWorkQueue.take(ScheduledThreadPoolExecutor.java:1182)
        at java.base@17.0.12/java.util.concurrent.ScheduledThreadPoolExecutor$DelayedWorkQueue.take(ScheduledThreadPoolExecutor.java:899)
        at java.base@17.0.12/java.util.concurrent.ThreadPoolExecutor.getTask(ThreadPoolExecutor.java:1062)
        at java.base@17.0.12/java.util.concurrent.ThreadPoolExecutor.runWorker(ThreadPoolExecutor.java:1122)
        at java.base@17.0.12/java.util.concurrent.ThreadPoolExecutor$Worker.run(ThreadPoolExecutor.java:635)
        at java.base@17.0.12/java.lang.Thread.run(Thread.java:840)
"NetworkTopologyPoller" daemon prio=5 tid=435 timed_waiting
java.lang.Thread.State: TIMED_WAITING
        at java.base@17.0.12/jdk.internal.misc.Unsafe.park(Native Method)
        at java.base@17.0.12/java.util.concurrent.locks.LockSupport.parkNanos(LockSupport.java:252)
        at java.base@17.0.12/java.util.concurrent.locks.AbstractQueuedSynchronizer$ConditionObject.awaitNanos(AbstractQueuedSynchronizer.java:1674)
        at java.base@17.0.12/java.util.concurrent.ScheduledThreadPoolExecutor$DelayedWorkQueue.take(ScheduledThreadPoolExecutor.java:1182)
        at java.base@17.0.12/java.util.concurrent.ScheduledThreadPoolExecutor$DelayedWorkQueue.take(ScheduledThreadPoolExecutor.java:899)
        at java.base@17.0.12/java.util.concurrent.ThreadPoolExecutor.getTask(ThreadPoolExecutor.java:1062)
        at java.base@17.0.12/java.util.concurrent.ThreadPoolExecutor.runWorker(ThreadPoolExecutor.java:1122)
        at java.base@17.0.12/java.util.concurrent.ThreadPoolExecutor$Worker.run(ThreadPoolExecutor.java:635)
        at java.base@17.0.12/java.lang.Thread.run(Thread.java:840)
"IPC Server handler 17 on default port 15000" daemon prio=5 tid=102 timed_waiting
java.lang.Thread.State: TIMED_WAITING
        at java.base@17.0.12/jdk.internal.misc.Unsafe.park(Native Method)
        at java.base@17.0.12/java.util.concurrent.locks.LockSupport.parkNanos(LockSupport.java:252)
        at java.base@17.0.12/java.util.concurrent.locks.AbstractQueuedSynchronizer$ConditionObject.awaitNanos(AbstractQueuedSynchronizer.java:1674)
        at java.base@17.0.12/java.util.concurrent.LinkedBlockingQueue.poll(LinkedBlockingQueue.java:460)
        at app//org.apache.hadoop.ipc.CallQueueManager.take(CallQueueManager.java:317)
        at app//org.apache.hadoop.ipc.Server$Handler.run(Server.java:3014)
"IPC Server handler 49 on default port 15000" daemon prio=5 tid=134 timed_waiting
java.lang.Thread.State: TIMED_WAITING
        at java.base@17.0.12/jdk.internal.misc.Unsafe.park(Native Method)
        at java.base@17.0.12/java.util.concurrent.locks.LockSupport.parkNanos(LockSupport.java:252)
        at java.base@17.0.12/java.util.concurrent.locks.AbstractQueuedSynchronizer$ConditionObject.awaitNanos(AbstractQueuedSynchronizer.java:1674)
        at java.base@17.0.12/java.util.concurrent.LinkedBlockingQueue.poll(LinkedBlockingQueue.java:460)
        at app//org.apache.hadoop.ipc.CallQueueManager.take(CallQueueManager.java:317)
        at app//org.apache.hadoop.ipc.Server$Handler.run(Server.java:3014)
"IPC Server handler 30 on default port 15009" daemon prio=5 tid=549 timed_waiting
java.lang.Thread.State: TIMED_WAITING
        at java.base@17.0.12/jdk.internal.misc.Unsafe.park(Native Method)
        at java.base@17.0.12/java.util.concurrent.locks.LockSupport.parkNanos(LockSupport.java:252)
        at java.base@17.0.12/java.util.concurrent.locks.AbstractQueuedSynchronizer$ConditionObject.awaitNanos(AbstractQueuedSynchronizer.java:1674)
        at java.base@17.0.12/java.util.concurrent.LinkedBlockingQueue.poll(LinkedBlockingQueue.java:460)
        at app//org.apache.hadoop.ipc.CallQueueManager.take(CallQueueManager.java:317)
        at app//org.apache.hadoop.ipc.Server$Handler.run(Server.java:3014)
"43b7afd8-9e19-4b34-aad7-81b8e915bbb6-server-thread2" daemon prio=5 tid=1026 timed_waiting
java.lang.Thread.State: TIMED_WAITING
        at java.base@17.0.12/jdk.internal.misc.Unsafe.park(Native Method)
        at java.base@17.0.12/java.util.concurrent.locks.LockSupport.parkNanos(LockSupport.java:252)
        at java.base@17.0.12/java.util.concurrent.SynchronousQueue$TransferStack.transfer(SynchronousQueue.java:401)
        at java.base@17.0.12/java.util.concurrent.SynchronousQueue.poll(SynchronousQueue.java:903)
        at java.base@17.0.12/java.util.concurrent.ThreadPoolExecutor.getTask(ThreadPoolExecutor.java:1061)
        at java.base@17.0.12/java.util.concurrent.ThreadPoolExecutor.runWorker(ThreadPoolExecutor.java:1122)
        at java.base@17.0.12/java.util.concurrent.ThreadPoolExecutor$Worker.run(ThreadPoolExecutor.java:635)
        at java.base@17.0.12/java.lang.Thread.run(Thread.java:840)
"44ff6b06-02d2-44ad-8aa1-4af94363565f-DatanodeStateMachineTaskThread-1"  prio=5 tid=852 in Object.wait()
java.lang.Thread.State: WAITING (on object monitor)
        at java.base@17.0.12/jdk.internal.misc.Unsafe.park(Native Method)
        at java.base@17.0.12/java.util.concurrent.locks.LockSupport.park(LockSupport.java:341)
        at java.base@17.0.12/java.util.concurrent.locks.AbstractQueuedSynchronizer$ConditionNode.block(AbstractQueuedSynchronizer.java:506)
        at java.base@17.0.12/java.util.concurrent.ForkJoinPool.unmanagedBlock(ForkJoinPool.java:3465)
        at java.base@17.0.12/java.util.concurrent.ForkJoinPool.managedBlock(ForkJoinPool.java:3436)
        at java.base@17.0.12/java.util.concurrent.locks.AbstractQueuedSynchronizer$ConditionObject.await(AbstractQueuedSynchronizer.java:1625)
        at java.base@17.0.12/java.util.concurrent.LinkedBlockingQueue.take(LinkedBlockingQueue.java:435)
        at java.base@17.0.12/java.util.concurrent.ThreadPoolExecutor.getTask(ThreadPoolExecutor.java:1062)
        at java.base@17.0.12/java.util.concurrent.ThreadPoolExecutor.runWorker(ThreadPoolExecutor.java:1122)
        at java.base@17.0.12/java.util.concurrent.ThreadPoolExecutor$Worker.run(ThreadPoolExecutor.java:635)
        at java.base@17.0.12/java.lang.Thread.run(Thread.java:840)
"IPC Server handler 63 on default port 15002" daemon prio=5 tid=348 timed_waiting
java.lang.Thread.State: TIMED_WAITING
        at java.base@17.0.12/jdk.internal.misc.Unsafe.park(Native Method)
        at java.base@17.0.12/java.util.concurrent.locks.LockSupport.parkNanos(LockSupport.java:252)
        at java.base@17.0.12/java.util.concurrent.locks.AbstractQueuedSynchronizer$ConditionObject.awaitNanos(AbstractQueuedSynchronizer.java:1674)
        at java.base@17.0.12/java.util.concurrent.LinkedBlockingQueue.poll(LinkedBlockingQueue.java:460)
        at app//org.apache.hadoop.ipc.CallQueueManager.take(CallQueueManager.java:317)
        at app//org.apache.hadoop.ipc.Server$Handler.run(Server.java:3014)
"IPC Server handler 70 on default port 15000" daemon prio=5 tid=155 timed_waiting
java.lang.Thread.State: TIMED_WAITING
        at java.base@17.0.12/jdk.internal.misc.Unsafe.park(Native Method)
        at java.base@17.0.12/java.util.concurrent.locks.LockSupport.parkNanos(LockSupport.java:252)
        at java.base@17.0.12/java.util.concurrent.locks.AbstractQueuedSynchronizer$ConditionObject.awaitNanos(AbstractQueuedSynchronizer.java:1674)
        at java.base@17.0.12/java.util.concurrent.LinkedBlockingQueue.poll(LinkedBlockingQueue.java:460)
        at app//org.apache.hadoop.ipc.CallQueueManager.take(CallQueueManager.java:317)
        at app//org.apache.hadoop.ipc.Server$Handler.run(Server.java:3014)
"IPC Server handler 79 on default port 15001" daemon prio=5 tid=264 timed_waiting
java.lang.Thread.State: TIMED_WAITING
        at java.base@17.0.12/jdk.internal.misc.Unsafe.park(Native Method)
        at java.base@17.0.12/java.util.concurrent.locks.LockSupport.parkNanos(LockSupport.java:252)
        at java.base@17.0.12/java.util.concurrent.locks.AbstractQueuedSynchronizer$ConditionObject.awaitNanos(AbstractQueuedSynchronizer.java:1674)
        at java.base@17.0.12/java.util.concurrent.LinkedBlockingQueue.poll(LinkedBlockingQueue.java:460)
        at app//org.apache.hadoop.ipc.CallQueueManager.take(CallQueueManager.java:317)
        at app//org.apache.hadoop.ipc.Server$Handler.run(Server.java:3014)
"44ff6b06-02d2-44ad-8aa1-4af94363565f-CommandProcessorThread" daemon prio=5 tid=762 timed_waiting
java.lang.Thread.State: TIMED_WAITING
        at java.base@17.0.12/java.lang.Thread.sleep(Native Method)
        at app//org.apache.hadoop.ozone.container.common.statemachine.DatanodeStateMachine.lambda$initCommandHandlerThread$4(DatanodeStateMachine.java:670)
        at app//org.apache.hadoop.ozone.container.common.statemachine.DatanodeStateMachine$$Lambda$1698/0x00007fa908d75e98.run(Unknown Source)
        at java.base@17.0.12/java.lang.Thread.run(Thread.java:840)
"43b7afd8-9e19-4b34-aad7-81b8e915bbb6-DatanodeStateMachineTaskThread-1"  prio=5 tid=833 in Object.wait()
java.lang.Thread.State: WAITING (on object monitor)
        at java.base@17.0.12/jdk.internal.misc.Unsafe.park(Native Method)
        at java.base@17.0.12/java.util.concurrent.locks.LockSupport.park(LockSupport.java:341)
        at java.base@17.0.12/java.util.concurrent.locks.AbstractQueuedSynchronizer$ConditionNode.block(AbstractQueuedSynchronizer.java:506)
        at java.base@17.0.12/java.util.concurrent.ForkJoinPool.unmanagedBlock(ForkJoinPool.java:3465)
        at java.base@17.0.12/java.util.concurrent.ForkJoinPool.managedBlock(ForkJoinPool.java:3436)
        at java.base@17.0.12/java.util.concurrent.locks.AbstractQueuedSynchronizer$ConditionObject.await(AbstractQueuedSynchronizer.java:1625)
        at java.base@17.0.12/java.util.concurrent.LinkedBlockingQueue.take(LinkedBlockingQueue.java:435)
        at java.base@17.0.12/java.util.concurrent.ThreadPoolExecutor.getTask(ThreadPoolExecutor.java:1062)
        at java.base@17.0.12/java.util.concurrent.ThreadPoolExecutor.runWorker(ThreadPoolExecutor.java:1122)
        at java.base@17.0.12/java.util.concurrent.ThreadPoolExecutor$Worker.run(ThreadPoolExecutor.java:635)
        at java.base@17.0.12/java.lang.Thread.run(Thread.java:840)
"IPC Server handler 51 on default port 15009" daemon prio=5 tid=570 timed_waiting
java.lang.Thread.State: TIMED_WAITING
        at java.base@17.0.12/jdk.internal.misc.Unsafe.park(Native Method)
        at java.base@17.0.12/java.util.concurrent.locks.LockSupport.parkNanos(LockSupport.java:252)
        at java.base@17.0.12/java.util.concurrent.locks.AbstractQueuedSynchronizer$ConditionObject.awaitNanos(AbstractQueuedSynchronizer.java:1674)
        at java.base@17.0.12/java.util.concurrent.LinkedBlockingQueue.poll(LinkedBlockingQueue.java:460)
        at app//org.apache.hadoop.ipc.CallQueueManager.take(CallQueueManager.java:317)
        at app//org.apache.hadoop.ipc.Server$Handler.run(Server.java:3014)
"IPC Server handler 18 on default port 15004" daemon prio=5 tid=470 timed_waiting
java.lang.Thread.State: TIMED_WAITING
        at java.base@17.0.12/jdk.internal.misc.Unsafe.park(Native Method)
        at java.base@17.0.12/java.util.concurrent.locks.LockSupport.parkNanos(LockSupport.java:252)
        at java.base@17.0.12/java.util.concurrent.locks.AbstractQueuedSynchronizer$ConditionObject.awaitNanos(AbstractQueuedSynchronizer.java:1674)
        at java.base@17.0.12/java.util.concurrent.LinkedBlockingQueue.poll(LinkedBlockingQueue.java:460)
        at app//org.apache.hadoop.ipc.CallQueueManager.take(CallQueueManager.java:317)
        at app//org.apache.hadoop.ipc.Server$Handler.run(Server.java:3014)
"IPC Server handler 67 on default port 15001" daemon prio=5 tid=252 timed_waiting
java.lang.Thread.State: TIMED_WAITING
        at java.base@17.0.12/jdk.internal.misc.Unsafe.park(Native Method)
        at java.base@17.0.12/java.util.concurrent.locks.LockSupport.parkNanos(LockSupport.java:252)
        at java.base@17.0.12/java.util.concurrent.locks.AbstractQueuedSynchronizer$ConditionObject.awaitNanos(AbstractQueuedSynchronizer.java:1674)
        at java.base@17.0.12/java.util.concurrent.LinkedBlockingQueue.poll(LinkedBlockingQueue.java:460)
        at app//org.apache.hadoop.ipc.CallQueueManager.take(CallQueueManager.java:317)
        at app//org.apache.hadoop.ipc.Server$Handler.run(Server.java:3014)
"timer0" daemon prio=5 tid=1025 timed_waiting
java.lang.Thread.State: TIMED_WAITING
        at java.base@17.0.12/java.lang.Object.wait(Native Method)
        at java.base@17.0.12/java.util.TimerThread.mainLoop(Timer.java:563)
        at java.base@17.0.12/java.util.TimerThread.run(Timer.java:516)
"IPC Server handler 3 on default port 15030" daemon prio=5 tid=750 timed_waiting
java.lang.Thread.State: TIMED_WAITING
        at java.base@17.0.12/jdk.internal.misc.Unsafe.park(Native Method)
        at java.base@17.0.12/java.util.concurrent.locks.LockSupport.parkNanos(LockSupport.java:252)
        at java.base@17.0.12/java.util.concurrent.locks.AbstractQueuedSynchronizer$ConditionObject.awaitNanos(AbstractQueuedSynchronizer.java:1674)
        at java.base@17.0.12/java.util.concurrent.LinkedBlockingQueue.poll(LinkedBlockingQueue.java:460)
        at app//org.apache.hadoop.ipc.CallQueueManager.take(CallQueueManager.java:317)
        at app//org.apache.hadoop.ipc.Server$Handler.run(Server.java:3014)
"IPC Server handler 31 on default port 15001" daemon prio=5 tid=216 timed_waiting
java.lang.Thread.State: TIMED_WAITING
        at java.base@17.0.12/jdk.internal.misc.Unsafe.park(Native Method)
        at java.base@17.0.12/java.util.concurrent.locks.LockSupport.parkNanos(LockSupport.java:252)
        at java.base@17.0.12/java.util.concurrent.locks.AbstractQueuedSynchronizer$ConditionObject.awaitNanos(AbstractQueuedSynchronizer.java:1674)
        at java.base@17.0.12/java.util.concurrent.LinkedBlockingQueue.poll(LinkedBlockingQueue.java:460)
        at app//org.apache.hadoop.ipc.CallQueueManager.take(CallQueueManager.java:317)
        at app//org.apache.hadoop.ipc.Server$Handler.run(Server.java:3014)
"IPC Server handler 29 on default port 15001" daemon prio=5 tid=214 timed_waiting
java.lang.Thread.State: TIMED_WAITING
        at java.base@17.0.12/jdk.internal.misc.Unsafe.park(Native Method)
        at java.base@17.0.12/java.util.concurrent.locks.LockSupport.parkNanos(LockSupport.java:252)
        at java.base@17.0.12/java.util.concurrent.locks.AbstractQueuedSynchronizer$ConditionObject.awaitNanos(AbstractQueuedSynchronizer.java:1674)
        at java.base@17.0.12/java.util.concurrent.LinkedBlockingQueue.poll(LinkedBlockingQueue.java:460)
        at app//org.apache.hadoop.ipc.CallQueueManager.take(CallQueueManager.java:317)
        at app//org.apache.hadoop.ipc.Server$Handler.run(Server.java:3014)
"IPC Server handler 82 on default port 15001" daemon prio=5 tid=267 timed_waiting
java.lang.Thread.State: TIMED_WAITING
        at java.base@17.0.12/jdk.internal.misc.Unsafe.park(Native Method)
        at java.base@17.0.12/java.util.concurrent.locks.LockSupport.parkNanos(LockSupport.java:252)
        at java.base@17.0.12/java.util.concurrent.locks.AbstractQueuedSynchronizer$ConditionObject.awaitNanos(AbstractQueuedSynchronizer.java:1674)
        at java.base@17.0.12/java.util.concurrent.LinkedBlockingQueue.poll(LinkedBlockingQueue.java:460)
        at app//org.apache.hadoop.ipc.CallQueueManager.take(CallQueueManager.java:317)
        at app//org.apache.hadoop.ipc.Server$Handler.run(Server.java:3014)
"pool-60-thread-1"  prio=5 tid=442 timed_waiting
java.lang.Thread.State: TIMED_WAITING
        at java.base@17.0.12/jdk.internal.misc.Unsafe.park(Native Method)
        at java.base@17.0.12/java.util.concurrent.locks.LockSupport.parkNanos(LockSupport.java:252)
        at java.base@17.0.12/java.util.concurrent.locks.AbstractQueuedSynchronizer$ConditionObject.awaitNanos(AbstractQueuedSynchronizer.java:1674)
        at java.base@17.0.12/java.util.concurrent.ScheduledThreadPoolExecutor$DelayedWorkQueue.take(ScheduledThreadPoolExecutor.java:1182)
        at java.base@17.0.12/java.util.concurrent.ScheduledThreadPoolExecutor$DelayedWorkQueue.take(ScheduledThreadPoolExecutor.java:899)
        at java.base@17.0.12/java.util.concurrent.ThreadPoolExecutor.getTask(ThreadPoolExecutor.java:1062)
        at java.base@17.0.12/java.util.concurrent.ThreadPoolExecutor.runWorker(ThreadPoolExecutor.java:1122)
        at java.base@17.0.12/java.util.concurrent.ThreadPoolExecutor$Worker.run(ThreadPoolExecutor.java:635)
        at java.base@17.0.12/java.lang.Thread.run(Thread.java:840)
"IPC Server handler 15 on default port 15001" daemon prio=5 tid=200 timed_waiting
java.lang.Thread.State: TIMED_WAITING
        at java.base@17.0.12/jdk.internal.misc.Unsafe.park(Native Method)
        at java.base@17.0.12/java.util.concurrent.locks.LockSupport.parkNanos(LockSupport.java:252)
        at java.base@17.0.12/java.util.concurrent.locks.AbstractQueuedSynchronizer$ConditionObject.awaitNanos(AbstractQueuedSynchronizer.java:1674)
        at java.base@17.0.12/java.util.concurrent.LinkedBlockingQueue.poll(LinkedBlockingQueue.java:460)
        at app//org.apache.hadoop.ipc.CallQueueManager.take(CallQueueManager.java:317)
        at app//org.apache.hadoop.ipc.Server$Handler.run(Server.java:3014)
"IPC Server handler 19 on default port 15002" daemon prio=5 tid=304 timed_waiting
java.lang.Thread.State: TIMED_WAITING
        at java.base@17.0.12/jdk.internal.misc.Unsafe.park(Native Method)
        at java.base@17.0.12/java.util.concurrent.locks.LockSupport.parkNanos(LockSupport.java:252)
        at java.base@17.0.12/java.util.concurrent.locks.AbstractQueuedSynchronizer$ConditionObject.awaitNanos(AbstractQueuedSynchronizer.java:1674)
        at java.base@17.0.12/java.util.concurrent.LinkedBlockingQueue.poll(LinkedBlockingQueue.java:460)
        at app//org.apache.hadoop.ipc.CallQueueManager.take(CallQueueManager.java:317)
        at app//org.apache.hadoop.ipc.Server$Handler.run(Server.java:3014)
"IPC Server listener on 15000" daemon prio=5 tid=60 runnable
java.lang.Thread.State: RUNNABLE
        at java.base@17.0.12/sun.nio.ch.EPoll.wait(Native Method)
        at java.base@17.0.12/sun.nio.ch.EPollSelectorImpl.doSelect(EPollSelectorImpl.java:118)
        at java.base@17.0.12/sun.nio.ch.SelectorImpl.lockAndDoSelect(SelectorImpl.java:129)
        at java.base@17.0.12/sun.nio.ch.SelectorImpl.select(SelectorImpl.java:146)
        at app//org.apache.hadoop.ipc.Server$Listener.run(Server.java:1408)
"IPC Server handler 12 on default port 15000" daemon prio=5 tid=97 timed_waiting
java.lang.Thread.State: TIMED_WAITING
        at java.base@17.0.12/jdk.internal.misc.Unsafe.park(Native Method)
        at java.base@17.0.12/java.util.concurrent.locks.LockSupport.parkNanos(LockSupport.java:252)
        at java.base@17.0.12/java.util.concurrent.locks.AbstractQueuedSynchronizer$ConditionObject.awaitNanos(AbstractQueuedSynchronizer.java:1674)
        at java.base@17.0.12/java.util.concurrent.LinkedBlockingQueue.poll(LinkedBlockingQueue.java:460)
        at app//org.apache.hadoop.ipc.CallQueueManager.take(CallQueueManager.java:317)
        at app//org.apache.hadoop.ipc.Server$Handler.run(Server.java:3014)
"IPC Server handler 61 on default port 15009" daemon prio=5 tid=580 timed_waiting
java.lang.Thread.State: TIMED_WAITING
        at java.base@17.0.12/jdk.internal.misc.Unsafe.park(Native Method)
        at java.base@17.0.12/java.util.concurrent.locks.LockSupport.parkNanos(LockSupport.java:252)
        at java.base@17.0.12/java.util.concurrent.locks.AbstractQueuedSynchronizer$ConditionObject.awaitNanos(AbstractQueuedSynchronizer.java:1674)
        at java.base@17.0.12/java.util.concurrent.LinkedBlockingQueue.poll(LinkedBlockingQueue.java:460)
        at app//org.apache.hadoop.ipc.CallQueueManager.take(CallQueueManager.java:317)
        at app//org.apache.hadoop.ipc.Server$Handler.run(Server.java:3014)
"grpc-default-worker-ELG-3-4" daemon prio=5 tid=914 runnable
java.lang.Thread.State: RUNNABLE
        at app//org.apache.ratis.thirdparty.io.netty.channel.epoll.Native.epollWait0(Native Method)
        at app//org.apache.ratis.thirdparty.io.netty.channel.epoll.Native.epollWait(Native.java:193)
        at app//org.apache.ratis.thirdparty.io.netty.channel.epoll.EpollEventLoop.epollWait(EpollEventLoop.java:304)
        at app//org.apache.ratis.thirdparty.io.netty.channel.epoll.EpollEventLoop.run(EpollEventLoop.java:368)
        at app//org.apache.ratis.thirdparty.io.netty.util.concurrent.SingleThreadEventExecutor$4.run(SingleThreadEventExecutor.java:997)
        at app//org.apache.ratis.thirdparty.io.netty.util.internal.ThreadExecutorMap$2.run(ThreadExecutorMap.java:74)
        at app//org.apache.ratis.thirdparty.io.netty.util.concurrent.FastThreadLocalRunnable.run(FastThreadLocalRunnable.java:30)
        at java.base@17.0.12/java.lang.Thread.run(Thread.java:840)
"IPC Server handler 96 on default port 15001" daemon prio=5 tid=281 timed_waiting
java.lang.Thread.State: TIMED_WAITING
        at java.base@17.0.12/jdk.internal.misc.Unsafe.park(Native Method)
        at java.base@17.0.12/java.util.concurrent.locks.LockSupport.parkNanos(LockSupport.java:252)
        at java.base@17.0.12/java.util.concurrent.locks.AbstractQueuedSynchronizer$ConditionObject.awaitNanos(AbstractQueuedSynchronizer.java:1674)
        at java.base@17.0.12/java.util.concurrent.LinkedBlockingQueue.poll(LinkedBlockingQueue.java:460)
        at app//org.apache.hadoop.ipc.CallQueueManager.take(CallQueueManager.java:317)
        at app//org.apache.hadoop.ipc.Server$Handler.run(Server.java:3014)
"IPC Server handler 95 on default port 15009" daemon prio=5 tid=614 timed_waiting
java.lang.Thread.State: TIMED_WAITING
        at java.base@17.0.12/jdk.internal.misc.Unsafe.park(Native Method)
        at java.base@17.0.12/java.util.concurrent.locks.LockSupport.parkNanos(LockSupport.java:252)
        at java.base@17.0.12/java.util.concurrent.locks.AbstractQueuedSynchronizer$ConditionObject.awaitNanos(AbstractQueuedSynchronizer.java:1674)
        at java.base@17.0.12/java.util.concurrent.LinkedBlockingQueue.poll(LinkedBlockingQueue.java:460)
        at app//org.apache.hadoop.ipc.CallQueueManager.take(CallQueueManager.java:317)
        at app//org.apache.hadoop.ipc.Server$Handler.run(Server.java:3014)
"IPC Server handler 78 on default port 15009" daemon prio=5 tid=597 timed_waiting
java.lang.Thread.State: TIMED_WAITING
        at java.base@17.0.12/jdk.internal.misc.Unsafe.park(Native Method)
        at java.base@17.0.12/java.util.concurrent.locks.LockSupport.parkNanos(LockSupport.java:252)
        at java.base@17.0.12/java.util.concurrent.locks.AbstractQueuedSynchronizer$ConditionObject.awaitNanos(AbstractQueuedSynchronizer.java:1674)
        at java.base@17.0.12/java.util.concurrent.LinkedBlockingQueue.poll(LinkedBlockingQueue.java:460)
        at app//org.apache.hadoop.ipc.CallQueueManager.take(CallQueueManager.java:317)
        at app//org.apache.hadoop.ipc.Server$Handler.run(Server.java:3014)
"IPC Server handler 47 on default port 15000" daemon prio=5 tid=132 timed_waiting
java.lang.Thread.State: TIMED_WAITING
        at java.base@17.0.12/jdk.internal.misc.Unsafe.park(Native Method)
        at java.base@17.0.12/java.util.concurrent.locks.LockSupport.parkNanos(LockSupport.java:252)
        at java.base@17.0.12/java.util.concurrent.locks.AbstractQueuedSynchronizer$ConditionObject.awaitNanos(AbstractQueuedSynchronizer.java:1674)
        at java.base@17.0.12/java.util.concurrent.LinkedBlockingQueue.poll(LinkedBlockingQueue.java:460)
        at app//org.apache.hadoop.ipc.CallQueueManager.take(CallQueueManager.java:317)
        at app//org.apache.hadoop.ipc.Server$Handler.run(Server.java:3014)
"IPC Server handler 76 on default port 15001" daemon prio=5 tid=261 timed_waiting
java.lang.Thread.State: TIMED_WAITING
        at java.base@17.0.12/jdk.internal.misc.Unsafe.park(Native Method)
        at java.base@17.0.12/java.util.concurrent.locks.LockSupport.parkNanos(LockSupport.java:252)
        at java.base@17.0.12/java.util.concurrent.locks.AbstractQueuedSynchronizer$ConditionObject.awaitNanos(AbstractQueuedSynchronizer.java:1674)
        at java.base@17.0.12/java.util.concurrent.LinkedBlockingQueue.poll(LinkedBlockingQueue.java:460)
        at app//org.apache.hadoop.ipc.CallQueueManager.take(CallQueueManager.java:317)
        at app//org.apache.hadoop.ipc.Server$Handler.run(Server.java:3014)
"ReplicationMonitor" daemon prio=5 tid=28 timed_waiting
java.lang.Thread.State: TIMED_WAITING
        at java.base@17.0.12/java.lang.Object.wait(Native Method)
        at app//org.apache.hadoop.hdds.scm.container.replication.ReplicationManager.run(ReplicationManager.java:934)
        at app//org.apache.hadoop.hdds.scm.container.replication.ReplicationManager$$Lambda$689/0x00007fa9083894d8.run(Unknown Source)
        at java.base@17.0.12/java.lang.Thread.run(Thread.java:840)
"IPC Server handler 16 on default port 15001" daemon prio=5 tid=201 timed_waiting
java.lang.Thread.State: TIMED_WAITING
        at java.base@17.0.12/jdk.internal.misc.Unsafe.park(Native Method)
        at java.base@17.0.12/java.util.concurrent.locks.LockSupport.parkNanos(LockSupport.java:252)
        at java.base@17.0.12/java.util.concurrent.locks.AbstractQueuedSynchronizer$ConditionObject.awaitNanos(AbstractQueuedSynchronizer.java:1674)
        at java.base@17.0.12/java.util.concurrent.LinkedBlockingQueue.poll(LinkedBlockingQueue.java:460)
        at app//org.apache.hadoop.ipc.CallQueueManager.take(CallQueueManager.java:317)
        at app//org.apache.hadoop.ipc.Server$Handler.run(Server.java:3014)
"43b7afd8-9e19-4b34-aad7-81b8e915bbb6-DatanodeReportManager-2" daemon prio=5 tid=714 in Object.wait()
java.lang.Thread.State: WAITING (on object monitor)
        at java.base@17.0.12/jdk.internal.misc.Unsafe.park(Native Method)
        at java.base@17.0.12/java.util.concurrent.locks.LockSupport.park(LockSupport.java:341)
        at java.base@17.0.12/java.util.concurrent.locks.AbstractQueuedSynchronizer$ConditionNode.block(AbstractQueuedSynchronizer.java:506)
        at java.base@17.0.12/java.util.concurrent.ForkJoinPool.unmanagedBlock(ForkJoinPool.java:3465)
        at java.base@17.0.12/java.util.concurrent.ForkJoinPool.managedBlock(ForkJoinPool.java:3436)
        at java.base@17.0.12/java.util.concurrent.locks.AbstractQueuedSynchronizer$ConditionObject.await(AbstractQueuedSynchronizer.java:1625)
        at java.base@17.0.12/java.util.concurrent.ScheduledThreadPoolExecutor$DelayedWorkQueue.take(ScheduledThreadPoolExecutor.java:1177)
        at java.base@17.0.12/java.util.concurrent.ScheduledThreadPoolExecutor$DelayedWorkQueue.take(ScheduledThreadPoolExecutor.java:899)
        at java.base@17.0.12/java.util.concurrent.ThreadPoolExecutor.getTask(ThreadPoolExecutor.java:1062)
        at java.base@17.0.12/java.util.concurrent.ThreadPoolExecutor.runWorker(ThreadPoolExecutor.java:1122)
        at java.base@17.0.12/java.util.concurrent.ThreadPoolExecutor$Worker.run(ThreadPoolExecutor.java:635)
        at java.base@17.0.12/java.lang.Thread.run(Thread.java:840)
"StaleRecoveringContainerScrubbingService#0" daemon prio=5 tid=830 timed_waiting
java.lang.Thread.State: TIMED_WAITING
        at java.base@17.0.12/jdk.internal.misc.Unsafe.park(Native Method)
        at java.base@17.0.12/java.util.concurrent.locks.LockSupport.parkNanos(LockSupport.java:252)
        at java.base@17.0.12/java.util.concurrent.locks.AbstractQueuedSynchronizer$ConditionObject.awaitNanos(AbstractQueuedSynchronizer.java:1674)
        at java.base@17.0.12/java.util.concurrent.ScheduledThreadPoolExecutor$DelayedWorkQueue.take(ScheduledThreadPoolExecutor.java:1182)
        at java.base@17.0.12/java.util.concurrent.ScheduledThreadPoolExecutor$DelayedWorkQueue.take(ScheduledThreadPoolExecutor.java:899)
        at java.base@17.0.12/java.util.concurrent.ThreadPoolExecutor.getTask(ThreadPoolExecutor.java:1062)
        at java.base@17.0.12/java.util.concurrent.ThreadPoolExecutor.runWorker(ThreadPoolExecutor.java:1122)
        at java.base@17.0.12/java.util.concurrent.ThreadPoolExecutor$Worker.run(ThreadPoolExecutor.java:635)
        at java.base@17.0.12/java.lang.Thread.run(Thread.java:840)
"IPC Server handler 39 on default port 15002" daemon prio=5 tid=324 timed_waiting
java.lang.Thread.State: TIMED_WAITING
        at java.base@17.0.12/jdk.internal.misc.Unsafe.park(Native Method)
        at java.base@17.0.12/java.util.concurrent.locks.LockSupport.parkNanos(LockSupport.java:252)
        at java.base@17.0.12/java.util.concurrent.locks.AbstractQueuedSynchronizer$ConditionObject.awaitNanos(AbstractQueuedSynchronizer.java:1674)
        at java.base@17.0.12/java.util.concurrent.LinkedBlockingQueue.poll(LinkedBlockingQueue.java:460)
        at app//org.apache.hadoop.ipc.CallQueueManager.take(CallQueueManager.java:317)
        at app//org.apache.hadoop.ipc.Server$Handler.run(Server.java:3014)
"om1-SstFilteringService#0" daemon prio=5 tid=439 timed_waiting
java.lang.Thread.State: TIMED_WAITING
        at java.base@17.0.12/jdk.internal.misc.Unsafe.park(Native Method)
        at java.base@17.0.12/java.util.concurrent.locks.LockSupport.parkNanos(LockSupport.java:252)
        at java.base@17.0.12/java.util.concurrent.locks.AbstractQueuedSynchronizer$ConditionObject.awaitNanos(AbstractQueuedSynchronizer.java:1674)
        at java.base@17.0.12/java.util.concurrent.ScheduledThreadPoolExecutor$DelayedWorkQueue.take(ScheduledThreadPoolExecutor.java:1182)
        at java.base@17.0.12/java.util.concurrent.ScheduledThreadPoolExecutor$DelayedWorkQueue.take(ScheduledThreadPoolExecutor.java:899)
        at java.base@17.0.12/java.util.concurrent.ThreadPoolExecutor.getTask(ThreadPoolExecutor.java:1062)
        at java.base@17.0.12/java.util.concurrent.ThreadPoolExecutor.runWorker(ThreadPoolExecutor.java:1122)
        at java.base@17.0.12/java.util.concurrent.ThreadPoolExecutor$Worker.run(ThreadPoolExecutor.java:635)
        at java.base@17.0.12/java.lang.Thread.run(Thread.java:840)
"IPC Server handler 75 on default port 15009" daemon prio=5 tid=594 timed_waiting
java.lang.Thread.State: TIMED_WAITING
        at java.base@17.0.12/jdk.internal.misc.Unsafe.park(Native Method)
        at java.base@17.0.12/java.util.concurrent.locks.LockSupport.parkNanos(LockSupport.java:252)
        at java.base@17.0.12/java.util.concurrent.locks.AbstractQueuedSynchronizer$ConditionObject.awaitNanos(AbstractQueuedSynchronizer.java:1674)
        at java.base@17.0.12/java.util.concurrent.LinkedBlockingQueue.poll(LinkedBlockingQueue.java:460)
        at app//org.apache.hadoop.ipc.CallQueueManager.take(CallQueueManager.java:317)
        at app//org.apache.hadoop.ipc.Server$Handler.run(Server.java:3014)
"IPC Server handler 28 on default port 15001" daemon prio=5 tid=213 timed_waiting
java.lang.Thread.State: TIMED_WAITING
        at java.base@17.0.12/jdk.internal.misc.Unsafe.park(Native Method)
        at java.base@17.0.12/java.util.concurrent.locks.LockSupport.parkNanos(LockSupport.java:252)
        at java.base@17.0.12/java.util.concurrent.locks.AbstractQueuedSynchronizer$ConditionObject.awaitNanos(AbstractQueuedSynchronizer.java:1674)
        at java.base@17.0.12/java.util.concurrent.LinkedBlockingQueue.poll(LinkedBlockingQueue.java:460)
        at app//org.apache.hadoop.ipc.CallQueueManager.take(CallQueueManager.java:317)
        at app//org.apache.hadoop.ipc.Server$Handler.run(Server.java:3014)
"IPC Server Responder" daemon prio=5 tid=423 runnable
java.lang.Thread.State: RUNNABLE
        at java.base@17.0.12/sun.nio.ch.EPoll.wait(Native Method)
        at java.base@17.0.12/sun.nio.ch.EPollSelectorImpl.doSelect(EPollSelectorImpl.java:118)
        at java.base@17.0.12/sun.nio.ch.SelectorImpl.lockAndDoSelect(SelectorImpl.java:129)
        at java.base@17.0.12/sun.nio.ch.SelectorImpl.select(SelectorImpl.java:141)
        at app//org.apache.hadoop.ipc.Server$Responder.doRunLoop(Server.java:1582)
        at app//org.apache.hadoop.ipc.Server$Responder.run(Server.java:1565)
"43b7afd8-9e19-4b34-aad7-81b8e915bbb6@group-C41EF94B1934-StateMachineUpdater" daemon prio=5 tid=929 timed_waiting
java.lang.Thread.State: TIMED_WAITING
        at java.base@17.0.12/jdk.internal.misc.Unsafe.park(Native Method)
        at java.base@17.0.12/java.util.concurrent.locks.LockSupport.parkNanos(LockSupport.java:252)
        at java.base@17.0.12/java.util.concurrent.locks.AbstractQueuedSynchronizer$ConditionObject.await(AbstractQueuedSynchronizer.java:1759)
        at app//org.apache.ratis.util.AwaitForSignal.await(AwaitForSignal.java:65)
        at app//org.apache.ratis.server.impl.StateMachineUpdater.waitForCommit(StateMachineUpdater.java:219)
        at app//org.apache.ratis.server.impl.StateMachineUpdater.run(StateMachineUpdater.java:187)
        at java.base@17.0.12/java.lang.Thread.run(Thread.java:840)
"IPC Server handler 51 on default port 15001" daemon prio=5 tid=236 timed_waiting
java.lang.Thread.State: TIMED_WAITING
        at java.base@17.0.12/jdk.internal.misc.Unsafe.park(Native Method)
        at java.base@17.0.12/java.util.concurrent.locks.LockSupport.parkNanos(LockSupport.java:252)
        at java.base@17.0.12/java.util.concurrent.locks.AbstractQueuedSynchronizer$ConditionObject.awaitNanos(AbstractQueuedSynchronizer.java:1674)
        at java.base@17.0.12/java.util.concurrent.LinkedBlockingQueue.poll(LinkedBlockingQueue.java:460)
        at app//org.apache.hadoop.ipc.CallQueueManager.take(CallQueueManager.java:317)
        at app//org.apache.hadoop.ipc.Server$Handler.run(Server.java:3014)
"IPC Server handler 87 on default port 15000" daemon prio=5 tid=172 timed_waiting
java.lang.Thread.State: TIMED_WAITING
        at java.base@17.0.12/jdk.internal.misc.Unsafe.park(Native Method)
        at java.base@17.0.12/java.util.concurrent.locks.LockSupport.parkNanos(LockSupport.java:252)
        at java.base@17.0.12/java.util.concurrent.locks.AbstractQueuedSynchronizer$ConditionObject.awaitNanos(AbstractQueuedSynchronizer.java:1674)
        at java.base@17.0.12/java.util.concurrent.LinkedBlockingQueue.poll(LinkedBlockingQueue.java:460)
        at app//org.apache.hadoop.ipc.CallQueueManager.take(CallQueueManager.java:317)
        at app//org.apache.hadoop.ipc.Server$Handler.run(Server.java:3014)
"IPC Server handler 4 on default port 15004" daemon prio=5 tid=456 timed_waiting
java.lang.Thread.State: TIMED_WAITING
        at java.base@17.0.12/jdk.internal.misc.Unsafe.park(Native Method)
        at java.base@17.0.12/java.util.concurrent.locks.LockSupport.parkNanos(LockSupport.java:252)
        at java.base@17.0.12/java.util.concurrent.locks.AbstractQueuedSynchronizer$ConditionObject.awaitNanos(AbstractQueuedSynchronizer.java:1674)
        at java.base@17.0.12/java.util.concurrent.LinkedBlockingQueue.poll(LinkedBlockingQueue.java:460)
        at app//org.apache.hadoop.ipc.CallQueueManager.take(CallQueueManager.java:317)
        at app//org.apache.hadoop.ipc.Server$Handler.run(Server.java:3014)
"FixedThreadPoolWithAffinityExecutor-4-0" daemon prio=5 tid=78 timed_waiting
java.lang.Thread.State: TIMED_WAITING
        at java.base@17.0.12/jdk.internal.misc.Unsafe.park(Native Method)
        at java.base@17.0.12/java.util.concurrent.locks.LockSupport.parkNanos(LockSupport.java:252)
        at java.base@17.0.12/java.util.concurrent.locks.AbstractQueuedSynchronizer$ConditionObject.awaitNanos(AbstractQueuedSynchronizer.java:1674)
        at java.base@17.0.12/java.util.concurrent.LinkedBlockingQueue.poll(LinkedBlockingQueue.java:460)
        at app//org.apache.hadoop.hdds.scm.server.ContainerReportQueue.poll(ContainerReportQueue.java:269)
        at app//org.apache.hadoop.hdds.scm.server.ContainerReportQueue.poll(ContainerReportQueue.java:42)
        at app//org.apache.hadoop.hdds.server.events.FixedThreadPoolWithAffinityExecutor$ContainerReportProcessTask.run(FixedThreadPoolWithAffinityExecutor.java:253)
        at java.base@17.0.12/java.util.concurrent.Executors$RunnableAdapter.call(Executors.java:539)
        at java.base@17.0.12/java.util.concurrent.FutureTask.run(FutureTask.java:264)
        at java.base@17.0.12/java.util.concurrent.ThreadPoolExecutor.runWorker(ThreadPoolExecutor.java:1136)
        at java.base@17.0.12/java.util.concurrent.ThreadPoolExecutor$Worker.run(ThreadPoolExecutor.java:635)
        at java.base@17.0.12/java.lang.Thread.run(Thread.java:840)
"IPC Server handler 0 on default port 15009" daemon prio=5 tid=519 timed_waiting
java.lang.Thread.State: TIMED_WAITING
        at java.base@17.0.12/jdk.internal.misc.Unsafe.park(Native Method)
        at java.base@17.0.12/java.util.concurrent.locks.LockSupport.parkNanos(LockSupport.java:252)
        at java.base@17.0.12/java.util.concurrent.locks.AbstractQueuedSynchronizer$ConditionObject.awaitNanos(AbstractQueuedSynchronizer.java:1674)
        at java.base@17.0.12/java.util.concurrent.LinkedBlockingQueue.poll(LinkedBlockingQueue.java:460)
        at app//org.apache.hadoop.ipc.CallQueueManager.take(CallQueueManager.java:317)
        at app//org.apache.hadoop.ipc.Server$Handler.run(Server.java:3014)
"om1-SnapshotDiffCleanupService#0" daemon prio=5 tid=405 timed_waiting
java.lang.Thread.State: TIMED_WAITING
        at java.base@17.0.12/jdk.internal.misc.Unsafe.park(Native Method)
        at java.base@17.0.12/java.util.concurrent.locks.LockSupport.parkNanos(LockSupport.java:252)
        at java.base@17.0.12/java.util.concurrent.locks.AbstractQueuedSynchronizer$ConditionObject.awaitNanos(AbstractQueuedSynchronizer.java:1674)
        at java.base@17.0.12/java.util.concurrent.ScheduledThreadPoolExecutor$DelayedWorkQueue.take(ScheduledThreadPoolExecutor.java:1182)
        at java.base@17.0.12/java.util.concurrent.ScheduledThreadPoolExecutor$DelayedWorkQueue.take(ScheduledThreadPoolExecutor.java:899)
        at java.base@17.0.12/java.util.concurrent.ThreadPoolExecutor.getTask(ThreadPoolExecutor.java:1062)
        at java.base@17.0.12/java.util.concurrent.ThreadPoolExecutor.runWorker(ThreadPoolExecutor.java:1122)
        at java.base@17.0.12/java.util.concurrent.ThreadPoolExecutor$Worker.run(ThreadPoolExecutor.java:635)
        at java.base@17.0.12/java.lang.Thread.run(Thread.java:840)
"Recon-FixedThreadPoolWithAffinityExecutor-3-0" daemon prio=5 tid=499 timed_waiting
java.lang.Thread.State: TIMED_WAITING
        at java.base@17.0.12/jdk.internal.misc.Unsafe.park(Native Method)
        at java.base@17.0.12/java.util.concurrent.locks.LockSupport.parkNanos(LockSupport.java:252)
        at java.base@17.0.12/java.util.concurrent.locks.AbstractQueuedSynchronizer$ConditionObject.awaitNanos(AbstractQueuedSynchronizer.java:1674)
        at java.base@17.0.12/java.util.concurrent.LinkedBlockingQueue.poll(LinkedBlockingQueue.java:460)
        at app//org.apache.hadoop.hdds.scm.server.ContainerReportQueue.poll(ContainerReportQueue.java:269)
        at app//org.apache.hadoop.hdds.scm.server.ContainerReportQueue.poll(ContainerReportQueue.java:42)
        at app//org.apache.hadoop.hdds.server.events.FixedThreadPoolWithAffinityExecutor$ContainerReportProcessTask.run(FixedThreadPoolWithAffinityExecutor.java:253)
        at java.base@17.0.12/java.util.concurrent.Executors$RunnableAdapter.call(Executors.java:539)
        at java.base@17.0.12/java.util.concurrent.FutureTask.run(FutureTask.java:264)
        at java.base@17.0.12/java.util.concurrent.ThreadPoolExecutor.runWorker(ThreadPoolExecutor.java:1136)
        at java.base@17.0.12/java.util.concurrent.ThreadPoolExecutor$Worker.run(ThreadPoolExecutor.java:635)
        at java.base@17.0.12/java.lang.Thread.run(Thread.java:840)
"IPC Server handler 77 on default port 15000" daemon prio=5 tid=162 timed_waiting
java.lang.Thread.State: TIMED_WAITING
        at java.base@17.0.12/jdk.internal.misc.Unsafe.park(Native Method)
        at java.base@17.0.12/java.util.concurrent.locks.LockSupport.parkNanos(LockSupport.java:252)
        at java.base@17.0.12/java.util.concurrent.locks.AbstractQueuedSynchronizer$ConditionObject.awaitNanos(AbstractQueuedSynchronizer.java:1674)
        at java.base@17.0.12/java.util.concurrent.LinkedBlockingQueue.poll(LinkedBlockingQueue.java:460)
        at app//org.apache.hadoop.ipc.CallQueueManager.take(CallQueueManager.java:317)
        at app//org.apache.hadoop.ipc.Server$Handler.run(Server.java:3014)
"Recon-FixedThreadPoolWithAffinityExecutor-2-0" daemon prio=5 tid=498 timed_waiting
java.lang.Thread.State: TIMED_WAITING
        at java.base@17.0.12/jdk.internal.misc.Unsafe.park(Native Method)
        at java.base@17.0.12/java.util.concurrent.locks.LockSupport.parkNanos(LockSupport.java:252)
        at java.base@17.0.12/java.util.concurrent.locks.AbstractQueuedSynchronizer$ConditionObject.awaitNanos(AbstractQueuedSynchronizer.java:1674)
        at java.base@17.0.12/java.util.concurrent.LinkedBlockingQueue.poll(LinkedBlockingQueue.java:460)
        at app//org.apache.hadoop.hdds.scm.server.ContainerReportQueue.poll(ContainerReportQueue.java:269)
        at app//org.apache.hadoop.hdds.scm.server.ContainerReportQueue.poll(ContainerReportQueue.java:42)
        at app//org.apache.hadoop.hdds.server.events.FixedThreadPoolWithAffinityExecutor$ContainerReportProcessTask.run(FixedThreadPoolWithAffinityExecutor.java:253)
        at java.base@17.0.12/java.util.concurrent.Executors$RunnableAdapter.call(Executors.java:539)
        at java.base@17.0.12/java.util.concurrent.FutureTask.run(FutureTask.java:264)
        at java.base@17.0.12/java.util.concurrent.ThreadPoolExecutor.runWorker(ThreadPoolExecutor.java:1136)
        at java.base@17.0.12/java.util.concurrent.ThreadPoolExecutor$Worker.run(ThreadPoolExecutor.java:635)
        at java.base@17.0.12/java.lang.Thread.run(Thread.java:840)
"IPC Server handler 39 on default port 15009" daemon prio=5 tid=558 timed_waiting
java.lang.Thread.State: TIMED_WAITING
        at java.base@17.0.12/jdk.internal.misc.Unsafe.park(Native Method)
        at java.base@17.0.12/java.util.concurrent.locks.LockSupport.parkNanos(LockSupport.java:252)
        at java.base@17.0.12/java.util.concurrent.locks.AbstractQueuedSynchronizer$ConditionObject.awaitNanos(AbstractQueuedSynchronizer.java:1674)
        at java.base@17.0.12/java.util.concurrent.LinkedBlockingQueue.poll(LinkedBlockingQueue.java:460)
        at app//org.apache.hadoop.ipc.CallQueueManager.take(CallQueueManager.java:317)
        at app//org.apache.hadoop.ipc.Server$Handler.run(Server.java:3014)
"IPC Server handler 64 on default port 15000" daemon prio=5 tid=149 timed_waiting
java.lang.Thread.State: TIMED_WAITING
        at java.base@17.0.12/jdk.internal.misc.Unsafe.park(Native Method)
        at java.base@17.0.12/java.util.concurrent.locks.LockSupport.parkNanos(LockSupport.java:252)
        at java.base@17.0.12/java.util.concurrent.locks.AbstractQueuedSynchronizer$ConditionObject.awaitNanos(AbstractQueuedSynchronizer.java:1674)
        at java.base@17.0.12/java.util.concurrent.LinkedBlockingQueue.poll(LinkedBlockingQueue.java:460)
        at app//org.apache.hadoop.ipc.CallQueueManager.take(CallQueueManager.java:317)
        at app//org.apache.hadoop.ipc.Server$Handler.run(Server.java:3014)
"Hadoop-Metrics-Updater-0" daemon prio=5 tid=654 timed_waiting
java.lang.Thread.State: TIMED_WAITING
        at java.base@17.0.12/jdk.internal.misc.Unsafe.park(Native Method)
        at java.base@17.0.12/java.util.concurrent.locks.LockSupport.parkNanos(LockSupport.java:252)
        at java.base@17.0.12/java.util.concurrent.locks.AbstractQueuedSynchronizer$ConditionObject.awaitNanos(AbstractQueuedSynchronizer.java:1674)
        at java.base@17.0.12/java.util.concurrent.ScheduledThreadPoolExecutor$DelayedWorkQueue.take(ScheduledThreadPoolExecutor.java:1182)
        at java.base@17.0.12/java.util.concurrent.ScheduledThreadPoolExecutor$DelayedWorkQueue.take(ScheduledThreadPoolExecutor.java:899)
        at java.base@17.0.12/java.util.concurrent.ThreadPoolExecutor.getTask(ThreadPoolExecutor.java:1062)
        at java.base@17.0.12/java.util.concurrent.ThreadPoolExecutor.runWorker(ThreadPoolExecutor.java:1122)
        at java.base@17.0.12/java.util.concurrent.ThreadPoolExecutor$Worker.run(ThreadPoolExecutor.java:635)
        at java.base@17.0.12/java.lang.Thread.run(Thread.java:840)
"IPC Server handler 94 on default port 15001" daemon prio=5 tid=279 timed_waiting
java.lang.Thread.State: TIMED_WAITING
        at java.base@17.0.12/jdk.internal.misc.Unsafe.park(Native Method)
        at java.base@17.0.12/java.util.concurrent.locks.LockSupport.parkNanos(LockSupport.java:252)
        at java.base@17.0.12/java.util.concurrent.locks.AbstractQueuedSynchronizer$ConditionObject.awaitNanos(AbstractQueuedSynchronizer.java:1674)
        at java.base@17.0.12/java.util.concurrent.LinkedBlockingQueue.poll(LinkedBlockingQueue.java:460)
        at app//org.apache.hadoop.ipc.CallQueueManager.take(CallQueueManager.java:317)
        at app//org.apache.hadoop.ipc.Server$Handler.run(Server.java:3014)
"IPC Server handler 10 on default port 15002" daemon prio=5 tid=295 timed_waiting
java.lang.Thread.State: TIMED_WAITING
        at java.base@17.0.12/jdk.internal.misc.Unsafe.park(Native Method)
        at java.base@17.0.12/java.util.concurrent.locks.LockSupport.parkNanos(LockSupport.java:252)
        at java.base@17.0.12/java.util.concurrent.locks.AbstractQueuedSynchronizer$ConditionObject.awaitNanos(AbstractQueuedSynchronizer.java:1674)
        at java.base@17.0.12/java.util.concurrent.LinkedBlockingQueue.poll(LinkedBlockingQueue.java:460)
        at app//org.apache.hadoop.ipc.CallQueueManager.take(CallQueueManager.java:317)
        at app//org.apache.hadoop.ipc.Server$Handler.run(Server.java:3014)
"44ff6b06-02d2-44ad-8aa1-4af94363565f-impl-thread1"  prio=5 tid=721 timed_waiting
java.lang.Thread.State: TIMED_WAITING
        at java.base@17.0.12/jdk.internal.misc.Unsafe.park(Native Method)
        at java.base@17.0.12/java.util.concurrent.locks.LockSupport.parkNanos(LockSupport.java:252)
        at java.base@17.0.12/java.util.concurrent.SynchronousQueue$TransferStack.transfer(SynchronousQueue.java:401)
        at java.base@17.0.12/java.util.concurrent.SynchronousQueue.poll(SynchronousQueue.java:903)
        at java.base@17.0.12/java.util.concurrent.ThreadPoolExecutor.getTask(ThreadPoolExecutor.java:1061)
        at java.base@17.0.12/java.util.concurrent.ThreadPoolExecutor.runWorker(ThreadPoolExecutor.java:1122)
        at java.base@17.0.12/java.util.concurrent.ThreadPoolExecutor$Worker.run(ThreadPoolExecutor.java:635)
        at java.base@17.0.12/java.lang.Thread.run(Thread.java:840)
"IPC Server listener on 15030" daemon prio=5 tid=733 runnable
java.lang.Thread.State: RUNNABLE
        at java.base@17.0.12/sun.nio.ch.EPoll.wait(Native Method)
        at java.base@17.0.12/sun.nio.ch.EPollSelectorImpl.doSelect(EPollSelectorImpl.java:118)
        at java.base@17.0.12/sun.nio.ch.SelectorImpl.lockAndDoSelect(SelectorImpl.java:129)
        at java.base@17.0.12/sun.nio.ch.SelectorImpl.select(SelectorImpl.java:146)
        at app//org.apache.hadoop.ipc.Server$Listener.run(Server.java:1408)
"IPC Server listener on 15004" daemon prio=5 tid=411 runnable
java.lang.Thread.State: RUNNABLE
        at java.base@17.0.12/sun.nio.ch.EPoll.wait(Native Method)
        at java.base@17.0.12/sun.nio.ch.EPollSelectorImpl.doSelect(EPollSelectorImpl.java:118)
        at java.base@17.0.12/sun.nio.ch.SelectorImpl.lockAndDoSelect(SelectorImpl.java:129)
        at java.base@17.0.12/sun.nio.ch.SelectorImpl.select(SelectorImpl.java:146)
        at app//org.apache.hadoop.ipc.Server$Listener.run(Server.java:1408)
"IPC Server handler 5 on default port 15002" daemon prio=5 tid=290 timed_waiting
java.lang.Thread.State: TIMED_WAITING
        at java.base@17.0.12/jdk.internal.misc.Unsafe.park(Native Method)
        at java.base@17.0.12/java.util.concurrent.locks.LockSupport.parkNanos(LockSupport.java:252)
        at java.base@17.0.12/java.util.concurrent.locks.AbstractQueuedSynchronizer$ConditionObject.awaitNanos(AbstractQueuedSynchronizer.java:1674)
        at java.base@17.0.12/java.util.concurrent.LinkedBlockingQueue.poll(LinkedBlockingQueue.java:460)
        at app//org.apache.hadoop.ipc.CallQueueManager.take(CallQueueManager.java:317)
        at app//org.apache.hadoop.ipc.Server$Handler.run(Server.java:3014)
"grpc-default-worker-ELG-3-2" daemon prio=5 tid=912 runnable
java.lang.Thread.State: RUNNABLE
        at app//org.apache.ratis.thirdparty.io.netty.channel.epoll.Native.epollWait0(Native Method)
        at app//org.apache.ratis.thirdparty.io.netty.channel.epoll.Native.epollWait(Native.java:193)
        at app//org.apache.ratis.thirdparty.io.netty.channel.epoll.EpollEventLoop.epollWait(EpollEventLoop.java:304)
        at app//org.apache.ratis.thirdparty.io.netty.channel.epoll.EpollEventLoop.run(EpollEventLoop.java:368)
        at app//org.apache.ratis.thirdparty.io.netty.util.concurrent.SingleThreadEventExecutor$4.run(SingleThreadEventExecutor.java:997)
        at app//org.apache.ratis.thirdparty.io.netty.util.internal.ThreadExecutorMap$2.run(ThreadExecutorMap.java:74)
        at app//org.apache.ratis.thirdparty.io.netty.util.concurrent.FastThreadLocalRunnable.run(FastThreadLocalRunnable.java:30)
        at java.base@17.0.12/java.lang.Thread.run(Thread.java:840)
"IPC Server listener on 15009" daemon prio=5 tid=482 runnable
java.lang.Thread.State: RUNNABLE
        at java.base@17.0.12/sun.nio.ch.EPoll.wait(Native Method)
        at java.base@17.0.12/sun.nio.ch.EPollSelectorImpl.doSelect(EPollSelectorImpl.java:118)
        at java.base@17.0.12/sun.nio.ch.SelectorImpl.lockAndDoSelect(SelectorImpl.java:129)
        at java.base@17.0.12/sun.nio.ch.SelectorImpl.select(SelectorImpl.java:146)
        at app//org.apache.hadoop.ipc.Server$Listener.run(Server.java:1408)
"IPC Server handler 88 on default port 15009" daemon prio=5 tid=607 timed_waiting
java.lang.Thread.State: TIMED_WAITING
        at java.base@17.0.12/jdk.internal.misc.Unsafe.park(Native Method)
        at java.base@17.0.12/java.util.concurrent.locks.LockSupport.parkNanos(LockSupport.java:252)
        at java.base@17.0.12/java.util.concurrent.locks.AbstractQueuedSynchronizer$ConditionObject.awaitNanos(AbstractQueuedSynchronizer.java:1674)
        at java.base@17.0.12/java.util.concurrent.LinkedBlockingQueue.poll(LinkedBlockingQueue.java:460)
        at app//org.apache.hadoop.ipc.CallQueueManager.take(CallQueueManager.java:317)
        at app//org.apache.hadoop.ipc.Server$Handler.run(Server.java:3014)
"IPC Server handler 6 on default port 15000" daemon prio=5 tid=91 timed_waiting
java.lang.Thread.State: TIMED_WAITING
        at java.base@17.0.12/jdk.internal.misc.Unsafe.park(Native Method)
        at java.base@17.0.12/java.util.concurrent.locks.LockSupport.parkNanos(LockSupport.java:252)
        at java.base@17.0.12/java.util.concurrent.locks.AbstractQueuedSynchronizer$ConditionObject.awaitNanos(AbstractQueuedSynchronizer.java:1674)
        at java.base@17.0.12/java.util.concurrent.LinkedBlockingQueue.poll(LinkedBlockingQueue.java:460)
        at app//org.apache.hadoop.ipc.CallQueueManager.take(CallQueueManager.java:317)
        at app//org.apache.hadoop.ipc.Server$Handler.run(Server.java:3014)
"IPC Server handler 43 on default port 15000" daemon prio=5 tid=128 timed_waiting
java.lang.Thread.State: TIMED_WAITING
        at java.base@17.0.12/jdk.internal.misc.Unsafe.park(Native Method)
        at java.base@17.0.12/java.util.concurrent.locks.LockSupport.parkNanos(LockSupport.java:252)
        at java.base@17.0.12/java.util.concurrent.locks.AbstractQueuedSynchronizer$ConditionObject.awaitNanos(AbstractQueuedSynchronizer.java:1674)
        at java.base@17.0.12/java.util.concurrent.LinkedBlockingQueue.poll(LinkedBlockingQueue.java:460)
        at app//org.apache.hadoop.ipc.CallQueueManager.take(CallQueueManager.java:317)
        at app//org.apache.hadoop.ipc.Server$Handler.run(Server.java:3014)
"ContainerMetadataScanner" daemon prio=5 tid=821 timed_waiting
java.lang.Thread.State: TIMED_WAITING
        at java.base@17.0.12/java.lang.Thread.sleep(Native Method)
        at app//org.apache.hadoop.ozone.container.ozoneimpl.AbstractBackgroundContainerScanner.handleRemainingSleep(AbstractBackgroundContainerScanner.java:131)
        at app//org.apache.hadoop.ozone.container.ozoneimpl.AbstractBackgroundContainerScanner.runIteration(AbstractBackgroundContainerScanner.java:98)
        at app//org.apache.hadoop.ozone.container.ozoneimpl.AbstractBackgroundContainerScanner.run(AbstractBackgroundContainerScanner.java:57)
"731aafee-c06b-4662-9d20-472061f2d46e-impl-thread1"  prio=5 tid=628 timed_waiting
java.lang.Thread.State: TIMED_WAITING
        at java.base@17.0.12/jdk.internal.misc.Unsafe.park(Native Method)
        at java.base@17.0.12/java.util.concurrent.locks.LockSupport.parkNanos(LockSupport.java:252)
        at java.base@17.0.12/java.util.concurrent.SynchronousQueue$TransferStack.transfer(SynchronousQueue.java:401)
        at java.base@17.0.12/java.util.concurrent.SynchronousQueue.poll(SynchronousQueue.java:903)
        at java.base@17.0.12/java.util.concurrent.ThreadPoolExecutor.getTask(ThreadPoolExecutor.java:1061)
        at java.base@17.0.12/java.util.concurrent.ThreadPoolExecutor.runWorker(ThreadPoolExecutor.java:1122)
        at java.base@17.0.12/java.util.concurrent.ThreadPoolExecutor$Worker.run(ThreadPoolExecutor.java:635)
        at java.base@17.0.12/java.lang.Thread.run(Thread.java:840)
"Socket Reader #6 for port 15002"  prio=5 tid=38 runnable
java.lang.Thread.State: RUNNABLE
        at java.base@17.0.12/sun.nio.ch.EPoll.wait(Native Method)
        at java.base@17.0.12/sun.nio.ch.EPollSelectorImpl.doSelect(EPollSelectorImpl.java:118)
        at java.base@17.0.12/sun.nio.ch.SelectorImpl.lockAndDoSelect(SelectorImpl.java:129)
        at java.base@17.0.12/sun.nio.ch.SelectorImpl.select(SelectorImpl.java:146)
        at app//org.apache.hadoop.ipc.Server$Listener$Reader.doRunLoop(Server.java:1346)
        at app//org.apache.hadoop.ipc.Server$Listener$Reader.run(Server.java:1325)
"IPC Server handler 9 on default port 15002" daemon prio=5 tid=294 timed_waiting
java.lang.Thread.State: TIMED_WAITING
        at java.base@17.0.12/jdk.internal.misc.Unsafe.park(Native Method)
        at java.base@17.0.12/java.util.concurrent.locks.LockSupport.parkNanos(LockSupport.java:252)
        at java.base@17.0.12/java.util.concurrent.locks.AbstractQueuedSynchronizer$ConditionObject.awaitNanos(AbstractQueuedSynchronizer.java:1674)
        at java.base@17.0.12/java.util.concurrent.LinkedBlockingQueue.poll(LinkedBlockingQueue.java:460)
        at app//org.apache.hadoop.ipc.CallQueueManager.take(CallQueueManager.java:317)
        at app//org.apache.hadoop.ipc.Server$Handler.run(Server.java:3014)
"IPC Server handler 15 on default port 15000" daemon prio=5 tid=100 timed_waiting
java.lang.Thread.State: TIMED_WAITING
        at java.base@17.0.12/jdk.internal.misc.Unsafe.park(Native Method)
        at java.base@17.0.12/java.util.concurrent.locks.LockSupport.parkNanos(LockSupport.java:252)
        at java.base@17.0.12/java.util.concurrent.locks.AbstractQueuedSynchronizer$ConditionObject.awaitNanos(AbstractQueuedSynchronizer.java:1674)
        at java.base@17.0.12/java.util.concurrent.LinkedBlockingQueue.poll(LinkedBlockingQueue.java:460)
        at app//org.apache.hadoop.ipc.CallQueueManager.take(CallQueueManager.java:317)
        at app//org.apache.hadoop.ipc.Server$Handler.run(Server.java:3014)
"IPC Server handler 96 on default port 15009" daemon prio=5 tid=615 timed_waiting
java.lang.Thread.State: TIMED_WAITING
        at java.base@17.0.12/jdk.internal.misc.Unsafe.park(Native Method)
        at java.base@17.0.12/java.util.concurrent.locks.LockSupport.parkNanos(LockSupport.java:252)
        at java.base@17.0.12/java.util.concurrent.locks.AbstractQueuedSynchronizer$ConditionObject.awaitNanos(AbstractQueuedSynchronizer.java:1674)
        at java.base@17.0.12/java.util.concurrent.LinkedBlockingQueue.poll(LinkedBlockingQueue.java:460)
        at app//org.apache.hadoop.ipc.CallQueueManager.take(CallQueueManager.java:317)
        at app//org.apache.hadoop.ipc.Server$Handler.run(Server.java:3014)
"IPC Server handler 10 on default port 15001" daemon prio=5 tid=195 timed_waiting
java.lang.Thread.State: TIMED_WAITING
        at java.base@17.0.12/jdk.internal.misc.Unsafe.park(Native Method)
        at java.base@17.0.12/java.util.concurrent.locks.LockSupport.parkNanos(LockSupport.java:252)
        at java.base@17.0.12/java.util.concurrent.locks.AbstractQueuedSynchronizer$ConditionObject.awaitNanos(AbstractQueuedSynchronizer.java:1674)
        at java.base@17.0.12/java.util.concurrent.LinkedBlockingQueue.poll(LinkedBlockingQueue.java:460)
        at app//org.apache.hadoop.ipc.CallQueueManager.take(CallQueueManager.java:317)
        at app//org.apache.hadoop.ipc.Server$Handler.run(Server.java:3014)
"IPC Server handler 72 on default port 15009" daemon prio=5 tid=591 timed_waiting
java.lang.Thread.State: TIMED_WAITING
        at java.base@17.0.12/jdk.internal.misc.Unsafe.park(Native Method)
        at java.base@17.0.12/java.util.concurrent.locks.LockSupport.parkNanos(LockSupport.java:252)
        at java.base@17.0.12/java.util.concurrent.locks.AbstractQueuedSynchronizer$ConditionObject.awaitNanos(AbstractQueuedSynchronizer.java:1674)
        at java.base@17.0.12/java.util.concurrent.LinkedBlockingQueue.poll(LinkedBlockingQueue.java:460)
        at app//org.apache.hadoop.ipc.CallQueueManager.take(CallQueueManager.java:317)
        at app//org.apache.hadoop.ipc.Server$Handler.run(Server.java:3014)
"731aafee-c06b-4662-9d20-472061f2d46e@group-ADA0F752C078-LeaderStateImpl" daemon prio=5 tid=979 timed_waiting
java.lang.Thread.State: TIMED_WAITING
        at java.base@17.0.12/jdk.internal.misc.Unsafe.park(Native Method)
        at java.base@17.0.12/java.util.concurrent.locks.LockSupport.parkNanos(LockSupport.java:252)
        at java.base@17.0.12/java.util.concurrent.locks.AbstractQueuedSynchronizer$ConditionObject.awaitNanos(AbstractQueuedSynchronizer.java:1674)
        at java.base@17.0.12/java.util.concurrent.ArrayBlockingQueue.poll(ArrayBlockingQueue.java:435)
        at app//org.apache.ratis.server.impl.LeaderStateImpl$EventQueue.poll(LeaderStateImpl.java:164)
        at app//org.apache.ratis.server.impl.LeaderStateImpl$EventProcessor.run(LeaderStateImpl.java:766)
"IPC Server handler 7 on default port 15004" daemon prio=5 tid=459 timed_waiting
java.lang.Thread.State: TIMED_WAITING
        at java.base@17.0.12/jdk.internal.misc.Unsafe.park(Native Method)
        at java.base@17.0.12/java.util.concurrent.locks.LockSupport.parkNanos(LockSupport.java:252)
        at java.base@17.0.12/java.util.concurrent.locks.AbstractQueuedSynchronizer$ConditionObject.awaitNanos(AbstractQueuedSynchronizer.java:1674)
        at java.base@17.0.12/java.util.concurrent.LinkedBlockingQueue.poll(LinkedBlockingQueue.java:460)
        at app//org.apache.hadoop.ipc.CallQueueManager.take(CallQueueManager.java:317)
        at app//org.apache.hadoop.ipc.Server$Handler.run(Server.java:3014)
"IPC Server handler 3 on default port 15001" daemon prio=5 tid=188 timed_waiting
java.lang.Thread.State: TIMED_WAITING
        at java.base@17.0.12/jdk.internal.misc.Unsafe.park(Native Method)
        at java.base@17.0.12/java.util.concurrent.locks.LockSupport.parkNanos(LockSupport.java:252)
        at java.base@17.0.12/java.util.concurrent.locks.AbstractQueuedSynchronizer$ConditionObject.awaitNanos(AbstractQueuedSynchronizer.java:1674)
        at java.base@17.0.12/java.util.concurrent.LinkedBlockingQueue.poll(LinkedBlockingQueue.java:460)
        at app//org.apache.hadoop.ipc.CallQueueManager.take(CallQueueManager.java:317)
        at app//org.apache.hadoop.ipc.Server$Handler.run(Server.java:3014)
"IPC Server handler 62 on default port 15009" daemon prio=5 tid=581 timed_waiting
java.lang.Thread.State: TIMED_WAITING
        at java.base@17.0.12/jdk.internal.misc.Unsafe.park(Native Method)
        at java.base@17.0.12/java.util.concurrent.locks.LockSupport.parkNanos(LockSupport.java:252)
        at java.base@17.0.12/java.util.concurrent.locks.AbstractQueuedSynchronizer$ConditionObject.awaitNanos(AbstractQueuedSynchronizer.java:1674)
        at java.base@17.0.12/java.util.concurrent.LinkedBlockingQueue.poll(LinkedBlockingQueue.java:460)
        at app//org.apache.hadoop.ipc.CallQueueManager.take(CallQueueManager.java:317)
        at app//org.apache.hadoop.ipc.Server$Handler.run(Server.java:3014)
"IPC Server handler 8 on default port 15004" daemon prio=5 tid=460 timed_waiting
java.lang.Thread.State: TIMED_WAITING
        at java.base@17.0.12/jdk.internal.misc.Unsafe.park(Native Method)
        at java.base@17.0.12/java.util.concurrent.locks.LockSupport.parkNanos(LockSupport.java:252)
        at java.base@17.0.12/java.util.concurrent.locks.AbstractQueuedSynchronizer$ConditionObject.awaitNanos(AbstractQueuedSynchronizer.java:1674)
        at java.base@17.0.12/java.util.concurrent.LinkedBlockingQueue.poll(LinkedBlockingQueue.java:460)
        at app//org.apache.hadoop.ipc.CallQueueManager.take(CallQueueManager.java:317)
        at app//org.apache.hadoop.ipc.Server$Handler.run(Server.java:3014)
"IPC Server handler 80 on default port 15002" daemon prio=5 tid=365 timed_waiting
java.lang.Thread.State: TIMED_WAITING
        at java.base@17.0.12/jdk.internal.misc.Unsafe.park(Native Method)
        at java.base@17.0.12/java.util.concurrent.locks.LockSupport.parkNanos(LockSupport.java:252)
        at java.base@17.0.12/java.util.concurrent.locks.AbstractQueuedSynchronizer$ConditionObject.awaitNanos(AbstractQueuedSynchronizer.java:1674)
        at java.base@17.0.12/java.util.concurrent.LinkedBlockingQueue.poll(LinkedBlockingQueue.java:460)
        at app//org.apache.hadoop.ipc.CallQueueManager.take(CallQueueManager.java:317)
        at app//org.apache.hadoop.ipc.Server$Handler.run(Server.java:3014)
"44ff6b06-02d2-44ad-8aa1-4af94363565f-PeriodicHDDSVolumeChecker" daemon prio=5 tid=856 timed_waiting
java.lang.Thread.State: TIMED_WAITING
        at java.base@17.0.12/jdk.internal.misc.Unsafe.park(Native Method)
        at java.base@17.0.12/java.util.concurrent.locks.LockSupport.parkNanos(LockSupport.java:252)
        at java.base@17.0.12/java.util.concurrent.locks.AbstractQueuedSynchronizer$ConditionObject.awaitNanos(AbstractQueuedSynchronizer.java:1674)
        at java.base@17.0.12/java.util.concurrent.ScheduledThreadPoolExecutor$DelayedWorkQueue.take(ScheduledThreadPoolExecutor.java:1182)
        at java.base@17.0.12/java.util.concurrent.ScheduledThreadPoolExecutor$DelayedWorkQueue.take(ScheduledThreadPoolExecutor.java:899)
        at java.base@17.0.12/java.util.concurrent.ThreadPoolExecutor.getTask(ThreadPoolExecutor.java:1062)
        at java.base@17.0.12/java.util.concurrent.ThreadPoolExecutor.runWorker(ThreadPoolExecutor.java:1122)
        at java.base@17.0.12/java.util.concurrent.ThreadPoolExecutor$Worker.run(ThreadPoolExecutor.java:635)
        at java.base@17.0.12/java.lang.Thread.run(Thread.java:840)
"44ff6b06-02d2-44ad-8aa1-4af94363565f-RocksDBCompactionThread-0"  prio=5 tid=719 timed_waiting
java.lang.Thread.State: TIMED_WAITING
        at java.base@17.0.12/jdk.internal.misc.Unsafe.park(Native Method)
        at java.base@17.0.12/java.util.concurrent.locks.LockSupport.parkNanos(LockSupport.java:252)
        at java.base@17.0.12/java.util.concurrent.locks.AbstractQueuedSynchronizer$ConditionObject.awaitNanos(AbstractQueuedSynchronizer.java:1674)
        at java.base@17.0.12/java.util.concurrent.ScheduledThreadPoolExecutor$DelayedWorkQueue.take(ScheduledThreadPoolExecutor.java:1182)
        at java.base@17.0.12/java.util.concurrent.ScheduledThreadPoolExecutor$DelayedWorkQueue.take(ScheduledThreadPoolExecutor.java:899)
        at java.base@17.0.12/java.util.concurrent.ThreadPoolExecutor.getTask(ThreadPoolExecutor.java:1062)
        at java.base@17.0.12/java.util.concurrent.ThreadPoolExecutor.runWorker(ThreadPoolExecutor.java:1122)
        at java.base@17.0.12/java.util.concurrent.ThreadPoolExecutor$Worker.run(ThreadPoolExecutor.java:635)
        at java.base@17.0.12/java.lang.Thread.run(Thread.java:840)
"Socket Reader #8 for port 15001"  prio=5 tid=54 runnable
java.lang.Thread.State: RUNNABLE
        at java.base@17.0.12/sun.nio.ch.EPoll.wait(Native Method)
        at java.base@17.0.12/sun.nio.ch.EPollSelectorImpl.doSelect(EPollSelectorImpl.java:118)
        at java.base@17.0.12/sun.nio.ch.SelectorImpl.lockAndDoSelect(SelectorImpl.java:129)
        at java.base@17.0.12/sun.nio.ch.SelectorImpl.select(SelectorImpl.java:146)
        at app//org.apache.hadoop.ipc.Server$Listener$Reader.doRunLoop(Server.java:1346)
        at app//org.apache.hadoop.ipc.Server$Listener$Reader.run(Server.java:1325)
"EventQueue-NodeRegistrationContainerReportForContainerSafeModeRule" daemon prio=5 tid=893 in Object.wait()
java.lang.Thread.State: WAITING (on object monitor)
        at java.base@17.0.12/jdk.internal.misc.Unsafe.park(Native Method)
        at java.base@17.0.12/java.util.concurrent.locks.LockSupport.park(LockSupport.java:341)
        at java.base@17.0.12/java.util.concurrent.locks.AbstractQueuedSynchronizer$ConditionNode.block(AbstractQueuedSynchronizer.java:506)
        at java.base@17.0.12/java.util.concurrent.ForkJoinPool.unmanagedBlock(ForkJoinPool.java:3465)
        at java.base@17.0.12/java.util.concurrent.ForkJoinPool.managedBlock(ForkJoinPool.java:3436)
        at java.base@17.0.12/java.util.concurrent.locks.AbstractQueuedSynchronizer$ConditionObject.await(AbstractQueuedSynchronizer.java:1625)
        at java.base@17.0.12/java.util.concurrent.LinkedBlockingQueue.take(LinkedBlockingQueue.java:435)
        at java.base@17.0.12/java.util.concurrent.ThreadPoolExecutor.getTask(ThreadPoolExecutor.java:1062)
        at java.base@17.0.12/java.util.concurrent.ThreadPoolExecutor.runWorker(ThreadPoolExecutor.java:1122)
        at java.base@17.0.12/java.util.concurrent.ThreadPoolExecutor$Worker.run(ThreadPoolExecutor.java:635)
        at java.base@17.0.12/java.lang.Thread.run(Thread.java:840)
"IPC Server handler 6 on default port 15002" daemon prio=5 tid=291 timed_waiting
java.lang.Thread.State: TIMED_WAITING
        at java.base@17.0.12/jdk.internal.misc.Unsafe.park(Native Method)
        at java.base@17.0.12/java.util.concurrent.locks.LockSupport.parkNanos(LockSupport.java:252)
        at java.base@17.0.12/java.util.concurrent.locks.AbstractQueuedSynchronizer$ConditionObject.awaitNanos(AbstractQueuedSynchronizer.java:1674)
        at java.base@17.0.12/java.util.concurrent.LinkedBlockingQueue.poll(LinkedBlockingQueue.java:460)
        at app//org.apache.hadoop.ipc.CallQueueManager.take(CallQueueManager.java:317)
        at app//org.apache.hadoop.ipc.Server$Handler.run(Server.java:3014)
"IPC Server handler 28 on default port 15009" daemon prio=5 tid=547 timed_waiting
java.lang.Thread.State: TIMED_WAITING
        at java.base@17.0.12/jdk.internal.misc.Unsafe.park(Native Method)
        at java.base@17.0.12/java.util.concurrent.locks.LockSupport.parkNanos(LockSupport.java:252)
        at java.base@17.0.12/java.util.concurrent.locks.AbstractQueuedSynchronizer$ConditionObject.awaitNanos(AbstractQueuedSynchronizer.java:1674)
        at java.base@17.0.12/java.util.concurrent.LinkedBlockingQueue.poll(LinkedBlockingQueue.java:460)
        at app//org.apache.hadoop.ipc.CallQueueManager.take(CallQueueManager.java:317)
        at app//org.apache.hadoop.ipc.Server$Handler.run(Server.java:3014)
"IPC Server handler 16 on default port 15002" daemon prio=5 tid=301 timed_waiting
java.lang.Thread.State: TIMED_WAITING
        at java.base@17.0.12/jdk.internal.misc.Unsafe.park(Native Method)
        at java.base@17.0.12/java.util.concurrent.locks.LockSupport.parkNanos(LockSupport.java:252)
        at java.base@17.0.12/java.util.concurrent.locks.AbstractQueuedSynchronizer$ConditionObject.awaitNanos(AbstractQueuedSynchronizer.java:1674)
        at java.base@17.0.12/java.util.concurrent.LinkedBlockingQueue.poll(LinkedBlockingQueue.java:460)
        at app//org.apache.hadoop.ipc.CallQueueManager.take(CallQueueManager.java:317)
        at app//org.apache.hadoop.ipc.Server$Handler.run(Server.java:3014)
"Socket Reader #8 for port 15004"  prio=5 tid=419 runnable
java.lang.Thread.State: RUNNABLE
        at java.base@17.0.12/sun.nio.ch.EPoll.wait(Native Method)
        at java.base@17.0.12/sun.nio.ch.EPollSelectorImpl.doSelect(EPollSelectorImpl.java:118)
        at java.base@17.0.12/sun.nio.ch.SelectorImpl.lockAndDoSelect(SelectorImpl.java:129)
        at java.base@17.0.12/sun.nio.ch.SelectorImpl.select(SelectorImpl.java:146)
        at app//org.apache.hadoop.ipc.Server$Listener$Reader.doRunLoop(Server.java:1346)
        at app//org.apache.hadoop.ipc.Server$Listener$Reader.run(Server.java:1325)
"IPC Server handler 20 on default port 15009" daemon prio=5 tid=539 timed_waiting
java.lang.Thread.State: TIMED_WAITING
        at java.base@17.0.12/jdk.internal.misc.Unsafe.park(Native Method)
        at java.base@17.0.12/java.util.concurrent.locks.LockSupport.parkNanos(LockSupport.java:252)
        at java.base@17.0.12/java.util.concurrent.locks.AbstractQueuedSynchronizer$ConditionObject.awaitNanos(AbstractQueuedSynchronizer.java:1674)
        at java.base@17.0.12/java.util.concurrent.LinkedBlockingQueue.poll(LinkedBlockingQueue.java:460)
        at app//org.apache.hadoop.ipc.CallQueueManager.take(CallQueueManager.java:317)
        at app//org.apache.hadoop.ipc.Server$Handler.run(Server.java:3014)
"IPC Server handler 6 on default port 15004" daemon prio=5 tid=458 timed_waiting
java.lang.Thread.State: TIMED_WAITING
        at java.base@17.0.12/jdk.internal.misc.Unsafe.park(Native Method)
        at java.base@17.0.12/java.util.concurrent.locks.LockSupport.parkNanos(LockSupport.java:252)
        at java.base@17.0.12/java.util.concurrent.locks.AbstractQueuedSynchronizer$ConditionObject.awaitNanos(AbstractQueuedSynchronizer.java:1674)
        at java.base@17.0.12/java.util.concurrent.LinkedBlockingQueue.poll(LinkedBlockingQueue.java:460)
        at app//org.apache.hadoop.ipc.CallQueueManager.take(CallQueueManager.java:317)
        at app//org.apache.hadoop.ipc.Server$Handler.run(Server.java:3014)
"Socket Reader #4 for port 15021"  prio=5 tid=691 runnable
java.lang.Thread.State: RUNNABLE
        at java.base@17.0.12/sun.nio.ch.EPoll.wait(Native Method)
        at java.base@17.0.12/sun.nio.ch.EPollSelectorImpl.doSelect(EPollSelectorImpl.java:118)
        at java.base@17.0.12/sun.nio.ch.SelectorImpl.lockAndDoSelect(SelectorImpl.java:129)
        at java.base@17.0.12/sun.nio.ch.SelectorImpl.select(SelectorImpl.java:146)
        at app//org.apache.hadoop.ipc.Server$Listener$Reader.doRunLoop(Server.java:1346)
        at app//org.apache.hadoop.ipc.Server$Listener$Reader.run(Server.java:1325)
"EventQueue-DatanodeCommandQueueUpdatedForDatanodeCommandCountUpdatedHandler" daemon prio=5 tid=898 in Object.wait()
java.lang.Thread.State: WAITING (on object monitor)
        at java.base@17.0.12/jdk.internal.misc.Unsafe.park(Native Method)
        at java.base@17.0.12/java.util.concurrent.locks.LockSupport.park(LockSupport.java:341)
        at java.base@17.0.12/java.util.concurrent.locks.AbstractQueuedSynchronizer$ConditionNode.block(AbstractQueuedSynchronizer.java:506)
        at java.base@17.0.12/java.util.concurrent.ForkJoinPool.unmanagedBlock(ForkJoinPool.java:3465)
        at java.base@17.0.12/java.util.concurrent.ForkJoinPool.managedBlock(ForkJoinPool.java:3436)
        at java.base@17.0.12/java.util.concurrent.locks.AbstractQueuedSynchronizer$ConditionObject.await(AbstractQueuedSynchronizer.java:1625)
        at java.base@17.0.12/java.util.concurrent.LinkedBlockingQueue.take(LinkedBlockingQueue.java:435)
        at java.base@17.0.12/java.util.concurrent.ThreadPoolExecutor.getTask(ThreadPoolExecutor.java:1062)
        at java.base@17.0.12/java.util.concurrent.ThreadPoolExecutor.runWorker(ThreadPoolExecutor.java:1122)
        at java.base@17.0.12/java.util.concurrent.ThreadPoolExecutor$Worker.run(ThreadPoolExecutor.java:635)
        at java.base@17.0.12/java.lang.Thread.run(Thread.java:840)
"IPC Server handler 55 on default port 15009" daemon prio=5 tid=574 timed_waiting
java.lang.Thread.State: TIMED_WAITING
        at java.base@17.0.12/jdk.internal.misc.Unsafe.park(Native Method)
        at java.base@17.0.12/java.util.concurrent.locks.LockSupport.parkNanos(LockSupport.java:252)
        at java.base@17.0.12/java.util.concurrent.locks.AbstractQueuedSynchronizer$ConditionObject.awaitNanos(AbstractQueuedSynchronizer.java:1674)
        at java.base@17.0.12/java.util.concurrent.LinkedBlockingQueue.poll(LinkedBlockingQueue.java:460)
        at app//org.apache.hadoop.ipc.CallQueueManager.take(CallQueueManager.java:317)
        at app//org.apache.hadoop.ipc.Server$Handler.run(Server.java:3014)
"IPC Server listener on 15001" daemon prio=5 tid=46 runnable
java.lang.Thread.State: RUNNABLE
        at java.base@17.0.12/sun.nio.ch.EPoll.wait(Native Method)
        at java.base@17.0.12/sun.nio.ch.EPollSelectorImpl.doSelect(EPollSelectorImpl.java:118)
        at java.base@17.0.12/sun.nio.ch.SelectorImpl.lockAndDoSelect(SelectorImpl.java:129)
        at java.base@17.0.12/sun.nio.ch.SelectorImpl.select(SelectorImpl.java:146)
        at app//org.apache.hadoop.ipc.Server$Listener.run(Server.java:1408)
"IPC Server handler 75 on default port 15001" daemon prio=5 tid=260 timed_waiting
java.lang.Thread.State: TIMED_WAITING
        at java.base@17.0.12/jdk.internal.misc.Unsafe.park(Native Method)
        at java.base@17.0.12/java.util.concurrent.locks.LockSupport.parkNanos(LockSupport.java:252)
        at java.base@17.0.12/java.util.concurrent.locks.AbstractQueuedSynchronizer$ConditionObject.awaitNanos(AbstractQueuedSynchronizer.java:1674)
        at java.base@17.0.12/java.util.concurrent.LinkedBlockingQueue.poll(LinkedBlockingQueue.java:460)
        at app//org.apache.hadoop.ipc.CallQueueManager.take(CallQueueManager.java:317)
        at app//org.apache.hadoop.ipc.Server$Handler.run(Server.java:3014)
"Socket Reader #1 for port 15012"  prio=5 tid=642 runnable
java.lang.Thread.State: RUNNABLE
        at java.base@17.0.12/sun.nio.ch.EPoll.wait(Native Method)
        at java.base@17.0.12/sun.nio.ch.EPollSelectorImpl.doSelect(EPollSelectorImpl.java:118)
        at java.base@17.0.12/sun.nio.ch.SelectorImpl.lockAndDoSelect(SelectorImpl.java:129)
        at java.base@17.0.12/sun.nio.ch.SelectorImpl.select(SelectorImpl.java:146)
        at app//org.apache.hadoop.ipc.Server$Listener$Reader.doRunLoop(Server.java:1346)
        at app//org.apache.hadoop.ipc.Server$Listener$Reader.run(Server.java:1325)
"SCMHeartbeatProcessor-0" daemon prio=5 tid=24 timed_waiting
java.lang.Thread.State: TIMED_WAITING
        at java.base@17.0.12/jdk.internal.misc.Unsafe.park(Native Method)
        at java.base@17.0.12/java.util.concurrent.locks.LockSupport.parkNanos(LockSupport.java:252)
        at java.base@17.0.12/java.util.concurrent.locks.AbstractQueuedSynchronizer$ConditionObject.awaitNanos(AbstractQueuedSynchronizer.java:1674)
        at java.base@17.0.12/java.util.concurrent.ScheduledThreadPoolExecutor$DelayedWorkQueue.take(ScheduledThreadPoolExecutor.java:1182)
        at java.base@17.0.12/java.util.concurrent.ScheduledThreadPoolExecutor$DelayedWorkQueue.take(ScheduledThreadPoolExecutor.java:899)
        at java.base@17.0.12/java.util.concurrent.ThreadPoolExecutor.getTask(ThreadPoolExecutor.java:1062)
        at java.base@17.0.12/java.util.concurrent.ThreadPoolExecutor.runWorker(ThreadPoolExecutor.java:1122)
        at java.base@17.0.12/java.util.concurrent.ThreadPoolExecutor$Worker.run(ThreadPoolExecutor.java:635)
        at java.base@17.0.12/java.lang.Thread.run(Thread.java:840)
"IPC Server handler 86 on default port 15009" daemon prio=5 tid=605 timed_waiting
java.lang.Thread.State: TIMED_WAITING
        at java.base@17.0.12/jdk.internal.misc.Unsafe.park(Native Method)
        at java.base@17.0.12/java.util.concurrent.locks.LockSupport.parkNanos(LockSupport.java:252)
        at java.base@17.0.12/java.util.concurrent.locks.AbstractQueuedSynchronizer$ConditionObject.awaitNanos(AbstractQueuedSynchronizer.java:1674)
        at java.base@17.0.12/java.util.concurrent.LinkedBlockingQueue.poll(LinkedBlockingQueue.java:460)
        at app//org.apache.hadoop.ipc.CallQueueManager.take(CallQueueManager.java:317)
        at app//org.apache.hadoop.ipc.Server$Handler.run(Server.java:3014)
"qtp798439904-444" daemon prio=5 tid=444 runnable
java.lang.Thread.State: RUNNABLE
        at java.base@17.0.12/sun.nio.ch.EPoll.wait(Native Method)
        at java.base@17.0.12/sun.nio.ch.EPollSelectorImpl.doSelect(EPollSelectorImpl.java:118)
        at java.base@17.0.12/sun.nio.ch.SelectorImpl.lockAndDoSelect(SelectorImpl.java:129)
        at java.base@17.0.12/sun.nio.ch.SelectorImpl.select(SelectorImpl.java:146)
        at app//org.eclipse.jetty.io.ManagedSelector.nioSelect(ManagedSelector.java:183)
        at app//org.eclipse.jetty.io.ManagedSelector.select(ManagedSelector.java:190)
        at app//org.eclipse.jetty.io.ManagedSelector$SelectorProducer.select(ManagedSelector.java:606)
        at app//org.eclipse.jetty.io.ManagedSelector$SelectorProducer.produce(ManagedSelector.java:543)
        at app//org.eclipse.jetty.util.thread.strategy.EatWhatYouKill.produceTask(EatWhatYouKill.java:362)
        at app//org.eclipse.jetty.util.thread.strategy.EatWhatYouKill.doProduce(EatWhatYouKill.java:186)
        at app//org.eclipse.jetty.util.thread.strategy.EatWhatYouKill.tryProduce(EatWhatYouKill.java:173)
        at app//org.eclipse.jetty.util.thread.strategy.EatWhatYouKill.produce(EatWhatYouKill.java:137)
        at app//org.eclipse.jetty.io.ManagedSelector$$Lambda$824/0x00007fa908550000.run(Unknown Source)
        at app//org.eclipse.jetty.util.thread.QueuedThreadPool.runJob(QueuedThreadPool.java:883)
        at app//org.eclipse.jetty.util.thread.QueuedThreadPool$Runner.run(QueuedThreadPool.java:1034)
        at java.base@17.0.12/java.lang.Thread.run(Thread.java:840)
"PipelineSyncTask" daemon prio=5 tid=620 timed_waiting
java.lang.Thread.State: TIMED_WAITING
        at java.base@17.0.12/java.lang.Thread.sleep(Native Method)
        at app//org.apache.hadoop.ozone.recon.scm.PipelineSyncTask.run(PipelineSyncTask.java:76)
        at app//org.apache.hadoop.ozone.recon.scm.ReconScmTask$$Lambda$1604/0x00007fa908d25390.run(Unknown Source)
        at java.base@17.0.12/java.lang.Thread.run(Thread.java:840)
"IPC Server handler 4 on default port 15001" daemon prio=5 tid=189 timed_waiting
java.lang.Thread.State: TIMED_WAITING
        at java.base@17.0.12/jdk.internal.misc.Unsafe.park(Native Method)
        at java.base@17.0.12/java.util.concurrent.locks.LockSupport.parkNanos(LockSupport.java:252)
        at java.base@17.0.12/java.util.concurrent.locks.AbstractQueuedSynchronizer$ConditionObject.awaitNanos(AbstractQueuedSynchronizer.java:1674)
        at java.base@17.0.12/java.util.concurrent.LinkedBlockingQueue.poll(LinkedBlockingQueue.java:460)
        at app//org.apache.hadoop.ipc.CallQueueManager.take(CallQueueManager.java:317)
        at app//org.apache.hadoop.ipc.Server$Handler.run(Server.java:3014)
"IPC Server handler 82 on default port 15000" daemon prio=5 tid=167 timed_waiting
java.lang.Thread.State: TIMED_WAITING
        at java.base@17.0.12/jdk.internal.misc.Unsafe.park(Native Method)
        at java.base@17.0.12/java.util.concurrent.locks.LockSupport.parkNanos(LockSupport.java:252)
        at java.base@17.0.12/java.util.concurrent.locks.AbstractQueuedSynchronizer$ConditionObject.awaitNanos(AbstractQueuedSynchronizer.java:1674)
        at java.base@17.0.12/java.util.concurrent.LinkedBlockingQueue.poll(LinkedBlockingQueue.java:460)
        at app//org.apache.hadoop.ipc.CallQueueManager.take(CallQueueManager.java:317)
        at app//org.apache.hadoop.ipc.Server$Handler.run(Server.java:3014)
"Socket Reader #10 for port 15030"  prio=5 tid=743 runnable
java.lang.Thread.State: RUNNABLE
        at java.base@17.0.12/sun.nio.ch.EPoll.wait(Native Method)
        at java.base@17.0.12/sun.nio.ch.EPollSelectorImpl.doSelect(EPollSelectorImpl.java:118)
        at java.base@17.0.12/sun.nio.ch.SelectorImpl.lockAndDoSelect(SelectorImpl.java:129)
        at java.base@17.0.12/sun.nio.ch.SelectorImpl.select(SelectorImpl.java:146)
        at app//org.apache.hadoop.ipc.Server$Listener$Reader.doRunLoop(Server.java:1346)
        at app//org.apache.hadoop.ipc.Server$Listener$Reader.run(Server.java:1325)
"om1@group-C5BA1605619E-cacheEviction-AwaitToRun" daemon prio=5 tid=426 in Object.wait()
java.lang.Thread.State: WAITING (on object monitor)
        at java.base@17.0.12/jdk.internal.misc.Unsafe.park(Native Method)
        at java.base@17.0.12/java.util.concurrent.locks.LockSupport.park(LockSupport.java:341)
        at java.base@17.0.12/java.util.concurrent.locks.AbstractQueuedSynchronizer$ConditionNode.block(AbstractQueuedSynchronizer.java:506)
        at java.base@17.0.12/java.util.concurrent.ForkJoinPool.unmanagedBlock(ForkJoinPool.java:3465)
        at java.base@17.0.12/java.util.concurrent.ForkJoinPool.managedBlock(ForkJoinPool.java:3436)
        at java.base@17.0.12/java.util.concurrent.locks.AbstractQueuedSynchronizer$ConditionObject.await(AbstractQueuedSynchronizer.java:1625)
        at app//org.apache.ratis.util.AwaitForSignal.await(AwaitForSignal.java:48)
        at app//org.apache.ratis.util.AwaitToRun$RunnableImpl.run(AwaitToRun.java:47)
        at java.base@17.0.12/java.lang.Thread.run(Thread.java:840)
"JvmPauseMonitor0" daemon prio=5 tid=387 timed_waiting
java.lang.Thread.State: TIMED_WAITING
        at java.base@17.0.12/java.lang.Thread.sleep(Native Method)
        at java.base@17.0.12/java.lang.Thread.sleep(Thread.java:344)
        at java.base@17.0.12/java.util.concurrent.TimeUnit.sleep(TimeUnit.java:446)
        at app//org.apache.ratis.util.TimeDuration.sleep(TimeDuration.java:353)
        at app//org.apache.ratis.util.TimeDuration.sleep(TimeDuration.java:338)
        at app//org.apache.ratis.util.JvmPauseMonitor.detectPause(JvmPauseMonitor.java:160)
        at app//org.apache.ratis.util.JvmPauseMonitor.run(JvmPauseMonitor.java:149)
        at app//org.apache.ratis.util.JvmPauseMonitor$$Lambda$784/0x00007fa9084f6228.run(Unknown Source)
        at java.base@17.0.12/java.lang.Thread.run(Thread.java:840)
"Socket Reader #10 for port 15001"  prio=5 tid=56 runnable
java.lang.Thread.State: RUNNABLE
        at java.base@17.0.12/sun.nio.ch.EPoll.wait(Native Method)
        at java.base@17.0.12/sun.nio.ch.EPollSelectorImpl.doSelect(EPollSelectorImpl.java:118)
        at java.base@17.0.12/sun.nio.ch.SelectorImpl.lockAndDoSelect(SelectorImpl.java:129)
        at java.base@17.0.12/sun.nio.ch.SelectorImpl.select(SelectorImpl.java:146)
        at app//org.apache.hadoop.ipc.Server$Listener$Reader.doRunLoop(Server.java:1346)
        at app//org.apache.hadoop.ipc.Server$Listener$Reader.run(Server.java:1325)
"IPC Server idle connection scanner for port 15009" daemon prio=5 tid=493 timed_waiting
java.lang.Thread.State: TIMED_WAITING
        at java.base@17.0.12/java.lang.Object.wait(Native Method)
        at java.base@17.0.12/java.util.TimerThread.mainLoop(Timer.java:563)
        at java.base@17.0.12/java.util.TimerThread.run(Timer.java:516)
"qtp1756926561-680-acceptor-0@5993545a-ServerConnector@4f3a6be0{HTTP/1.1, (http/1.1)}{0.0.0.0:15020}" daemon prio=3 tid=680 runnable
java.lang.Thread.State: RUNNABLE
        at java.base@17.0.12/sun.nio.ch.Net.accept(Native Method)
        at java.base@17.0.12/sun.nio.ch.ServerSocketChannelImpl.implAccept(ServerSocketChannelImpl.java:425)
        at java.base@17.0.12/sun.nio.ch.ServerSocketChannelImpl.accept(ServerSocketChannelImpl.java:391)
        at app//org.eclipse.jetty.server.ServerConnector.accept(ServerConnector.java:388)
        at app//org.eclipse.jetty.server.AbstractConnector$Acceptor.run(AbstractConnector.java:704)
        at app//org.eclipse.jetty.util.thread.QueuedThreadPool.runJob(QueuedThreadPool.java:883)
        at app//org.eclipse.jetty.util.thread.QueuedThreadPool$Runner.run(QueuedThreadPool.java:1034)
        at java.base@17.0.12/java.lang.Thread.run(Thread.java:840)
"IPC Server handler 30 on default port 15001" daemon prio=5 tid=215 timed_waiting
java.lang.Thread.State: TIMED_WAITING
        at java.base@17.0.12/jdk.internal.misc.Unsafe.park(Native Method)
        at java.base@17.0.12/java.util.concurrent.locks.LockSupport.parkNanos(LockSupport.java:252)
        at java.base@17.0.12/java.util.concurrent.locks.AbstractQueuedSynchronizer$ConditionObject.awaitNanos(AbstractQueuedSynchronizer.java:1674)
        at java.base@17.0.12/java.util.concurrent.LinkedBlockingQueue.poll(LinkedBlockingQueue.java:460)
        at app//org.apache.hadoop.ipc.CallQueueManager.take(CallQueueManager.java:317)
        at app//org.apache.hadoop.ipc.Server$Handler.run(Server.java:3014)
"IPC Server handler 69 on default port 15009" daemon prio=5 tid=588 timed_waiting
java.lang.Thread.State: TIMED_WAITING
        at java.base@17.0.12/jdk.internal.misc.Unsafe.park(Native Method)
        at java.base@17.0.12/java.util.concurrent.locks.LockSupport.parkNanos(LockSupport.java:252)
        at java.base@17.0.12/java.util.concurrent.locks.AbstractQueuedSynchronizer$ConditionObject.awaitNanos(AbstractQueuedSynchronizer.java:1674)
        at java.base@17.0.12/java.util.concurrent.LinkedBlockingQueue.poll(LinkedBlockingQueue.java:460)
        at app//org.apache.hadoop.ipc.CallQueueManager.take(CallQueueManager.java:317)
        at app//org.apache.hadoop.ipc.Server$Handler.run(Server.java:3014)
"43b7afd8-9e19-4b34-aad7-81b8e915bbb6-DatanodeReportManager-1" daemon prio=5 tid=713 in Object.wait()
java.lang.Thread.State: WAITING (on object monitor)
        at java.base@17.0.12/jdk.internal.misc.Unsafe.park(Native Method)
        at java.base@17.0.12/java.util.concurrent.locks.LockSupport.park(LockSupport.java:341)
        at java.base@17.0.12/java.util.concurrent.locks.AbstractQueuedSynchronizer$ConditionNode.block(AbstractQueuedSynchronizer.java:506)
        at java.base@17.0.12/java.util.concurrent.ForkJoinPool.unmanagedBlock(ForkJoinPool.java:3465)
        at java.base@17.0.12/java.util.concurrent.ForkJoinPool.managedBlock(ForkJoinPool.java:3436)
        at java.base@17.0.12/java.util.concurrent.locks.AbstractQueuedSynchronizer$ConditionObject.await(AbstractQueuedSynchronizer.java:1625)
        at java.base@17.0.12/java.util.concurrent.ScheduledThreadPoolExecutor$DelayedWorkQueue.take(ScheduledThreadPoolExecutor.java:1177)
        at java.base@17.0.12/java.util.concurrent.ScheduledThreadPoolExecutor$DelayedWorkQueue.take(ScheduledThreadPoolExecutor.java:899)
        at java.base@17.0.12/java.util.concurrent.ThreadPoolExecutor.getTask(ThreadPoolExecutor.java:1062)
        at java.base@17.0.12/java.util.concurrent.ThreadPoolExecutor.runWorker(ThreadPoolExecutor.java:1122)
        at java.base@17.0.12/java.util.concurrent.ThreadPoolExecutor$Worker.run(ThreadPoolExecutor.java:635)
        at java.base@17.0.12/java.lang.Thread.run(Thread.java:840)
"IPC Server handler 73 on default port 15000" daemon prio=5 tid=158 timed_waiting
java.lang.Thread.State: TIMED_WAITING
        at java.base@17.0.12/jdk.internal.misc.Unsafe.park(Native Method)
        at java.base@17.0.12/java.util.concurrent.locks.LockSupport.parkNanos(LockSupport.java:252)
        at java.base@17.0.12/java.util.concurrent.locks.AbstractQueuedSynchronizer$ConditionObject.awaitNanos(AbstractQueuedSynchronizer.java:1674)
        at java.base@17.0.12/java.util.concurrent.LinkedBlockingQueue.poll(LinkedBlockingQueue.java:460)
        at app//org.apache.hadoop.ipc.CallQueueManager.take(CallQueueManager.java:317)
        at app//org.apache.hadoop.ipc.Server$Handler.run(Server.java:3014)
"qtp119423135-390" daemon prio=5 tid=390 runnable
java.lang.Thread.State: RUNNABLE
        at java.base@17.0.12/sun.nio.ch.EPoll.wait(Native Method)
        at java.base@17.0.12/sun.nio.ch.EPollSelectorImpl.doSelect(EPollSelectorImpl.java:118)
        at java.base@17.0.12/sun.nio.ch.SelectorImpl.lockAndDoSelect(SelectorImpl.java:129)
        at java.base@17.0.12/sun.nio.ch.SelectorImpl.select(SelectorImpl.java:146)
        at app//org.eclipse.jetty.io.ManagedSelector.nioSelect(ManagedSelector.java:183)
        at app//org.eclipse.jetty.io.ManagedSelector.select(ManagedSelector.java:190)
        at app//org.eclipse.jetty.io.ManagedSelector$SelectorProducer.select(ManagedSelector.java:606)
        at app//org.eclipse.jetty.io.ManagedSelector$SelectorProducer.produce(ManagedSelector.java:543)
        at app//org.eclipse.jetty.util.thread.strategy.EatWhatYouKill.produceTask(EatWhatYouKill.java:362)
        at app//org.eclipse.jetty.util.thread.strategy.EatWhatYouKill.doProduce(EatWhatYouKill.java:186)
        at app//org.eclipse.jetty.util.thread.strategy.EatWhatYouKill.tryProduce(EatWhatYouKill.java:173)
        at app//org.eclipse.jetty.util.thread.strategy.EatWhatYouKill.produce(EatWhatYouKill.java:137)
        at app//org.eclipse.jetty.io.ManagedSelector$$Lambda$824/0x00007fa908550000.run(Unknown Source)
        at app//org.eclipse.jetty.util.thread.QueuedThreadPool.runJob(QueuedThreadPool.java:883)
        at app//org.eclipse.jetty.util.thread.QueuedThreadPool$Runner.run(QueuedThreadPool.java:1034)
        at java.base@17.0.12/java.lang.Thread.run(Thread.java:840)
"IPC Parameter Sending Thread for 0.0.0.0/0.0.0.0:15000" daemon prio=5 tid=1052 timed_waiting
java.lang.Thread.State: TIMED_WAITING
        at java.base@17.0.12/jdk.internal.misc.Unsafe.park(Native Method)
        at java.base@17.0.12/java.util.concurrent.locks.LockSupport.parkNanos(LockSupport.java:252)
        at java.base@17.0.12/java.util.concurrent.SynchronousQueue$TransferQueue.transfer(SynchronousQueue.java:704)
        at java.base@17.0.12/java.util.concurrent.SynchronousQueue.poll(SynchronousQueue.java:903)
        at app//org.apache.hadoop.ipc.Client$Connection$RpcRequestSender.run(Client.java:1105)
        at java.base@17.0.12/java.lang.Thread.run(Thread.java:840)
"IPC Server handler 13 on default port 15009" daemon prio=5 tid=532 timed_waiting
java.lang.Thread.State: TIMED_WAITING
        at java.base@17.0.12/jdk.internal.misc.Unsafe.park(Native Method)
        at java.base@17.0.12/java.util.concurrent.locks.LockSupport.parkNanos(LockSupport.java:252)
        at java.base@17.0.12/java.util.concurrent.locks.AbstractQueuedSynchronizer$ConditionObject.awaitNanos(AbstractQueuedSynchronizer.java:1674)
        at java.base@17.0.12/java.util.concurrent.LinkedBlockingQueue.poll(LinkedBlockingQueue.java:460)
        at app//org.apache.hadoop.ipc.CallQueueManager.take(CallQueueManager.java:317)
        at app//org.apache.hadoop.ipc.Server$Handler.run(Server.java:3014)
"IPC Server handler 12 on default port 15001" daemon prio=5 tid=197 timed_waiting
java.lang.Thread.State: TIMED_WAITING
        at java.base@17.0.12/jdk.internal.misc.Unsafe.park(Native Method)
        at java.base@17.0.12/java.util.concurrent.locks.LockSupport.parkNanos(LockSupport.java:252)
        at java.base@17.0.12/java.util.concurrent.locks.AbstractQueuedSynchronizer$ConditionObject.awaitNanos(AbstractQueuedSynchronizer.java:1674)
        at java.base@17.0.12/java.util.concurrent.LinkedBlockingQueue.poll(LinkedBlockingQueue.java:460)
        at app//org.apache.hadoop.ipc.CallQueueManager.take(CallQueueManager.java:317)
        at app//org.apache.hadoop.ipc.Server$Handler.run(Server.java:3014)
"om1@group-C5BA1605619E-StateMachineUpdater" daemon prio=5 tid=429 timed_waiting
java.lang.Thread.State: TIMED_WAITING
        at java.base@17.0.12/jdk.internal.misc.Unsafe.park(Native Method)
        at java.base@17.0.12/java.util.concurrent.locks.LockSupport.parkNanos(LockSupport.java:252)
        at java.base@17.0.12/java.util.concurrent.locks.AbstractQueuedSynchronizer$ConditionObject.await(AbstractQueuedSynchronizer.java:1759)
        at app//org.apache.ratis.util.AwaitForSignal.await(AwaitForSignal.java:65)
        at app//org.apache.ratis.server.impl.StateMachineUpdater.waitForCommit(StateMachineUpdater.java:219)
        at app//org.apache.ratis.server.impl.StateMachineUpdater.run(StateMachineUpdater.java:187)
        at java.base@17.0.12/java.lang.Thread.run(Thread.java:840)
"IPC Server handler 53 on default port 15000" daemon prio=5 tid=138 timed_waiting
java.lang.Thread.State: TIMED_WAITING
        at java.base@17.0.12/jdk.internal.misc.Unsafe.park(Native Method)
        at java.base@17.0.12/java.util.concurrent.locks.LockSupport.parkNanos(LockSupport.java:252)
        at java.base@17.0.12/java.util.concurrent.locks.AbstractQueuedSynchronizer$ConditionObject.awaitNanos(AbstractQueuedSynchronizer.java:1674)
        at java.base@17.0.12/java.util.concurrent.LinkedBlockingQueue.poll(LinkedBlockingQueue.java:460)
        at app//org.apache.hadoop.ipc.CallQueueManager.take(CallQueueManager.java:317)
        at app//org.apache.hadoop.ipc.Server$Handler.run(Server.java:3014)
"Socket Reader #5 for port 15021"  prio=5 tid=692 runnable
java.lang.Thread.State: RUNNABLE
        at java.base@17.0.12/sun.nio.ch.EPoll.wait(Native Method)
        at java.base@17.0.12/sun.nio.ch.EPollSelectorImpl.doSelect(EPollSelectorImpl.java:118)
        at java.base@17.0.12/sun.nio.ch.SelectorImpl.lockAndDoSelect(SelectorImpl.java:129)
        at java.base@17.0.12/sun.nio.ch.SelectorImpl.select(SelectorImpl.java:146)
        at app//org.apache.hadoop.ipc.Server$Listener$Reader.doRunLoop(Server.java:1346)
        at app//org.apache.hadoop.ipc.Server$Listener$Reader.run(Server.java:1325)
"IPC Server handler 0 on default port 15030" daemon prio=5 tid=747 timed_waiting
java.lang.Thread.State: TIMED_WAITING
        at java.base@17.0.12/jdk.internal.misc.Unsafe.park(Native Method)
        at java.base@17.0.12/java.util.concurrent.locks.LockSupport.parkNanos(LockSupport.java:252)
        at java.base@17.0.12/java.util.concurrent.locks.AbstractQueuedSynchronizer$ConditionObject.awaitNanos(AbstractQueuedSynchronizer.java:1674)
        at java.base@17.0.12/java.util.concurrent.LinkedBlockingQueue.poll(LinkedBlockingQueue.java:460)
        at app//org.apache.hadoop.ipc.CallQueueManager.take(CallQueueManager.java:317)
        at app//org.apache.hadoop.ipc.Server$Handler.run(Server.java:3014)
"IPC Server handler 89 on default port 15009" daemon prio=5 tid=608 timed_waiting
java.lang.Thread.State: TIMED_WAITING
        at java.base@17.0.12/jdk.internal.misc.Unsafe.park(Native Method)
        at java.base@17.0.12/java.util.concurrent.locks.LockSupport.parkNanos(LockSupport.java:252)
        at java.base@17.0.12/java.util.concurrent.locks.AbstractQueuedSynchronizer$ConditionObject.awaitNanos(AbstractQueuedSynchronizer.java:1674)
        at java.base@17.0.12/java.util.concurrent.LinkedBlockingQueue.poll(LinkedBlockingQueue.java:460)
        at app//org.apache.hadoop.ipc.CallQueueManager.take(CallQueueManager.java:317)
        at app//org.apache.hadoop.ipc.Server$Handler.run(Server.java:3014)
"IPC Server Responder" daemon prio=5 tid=745 runnable
java.lang.Thread.State: RUNNABLE
        at java.base@17.0.12/sun.nio.ch.EPoll.wait(Native Method)
        at java.base@17.0.12/sun.nio.ch.EPollSelectorImpl.doSelect(EPollSelectorImpl.java:118)
        at java.base@17.0.12/sun.nio.ch.SelectorImpl.lockAndDoSelect(SelectorImpl.java:129)
        at java.base@17.0.12/sun.nio.ch.SelectorImpl.select(SelectorImpl.java:141)
        at app//org.apache.hadoop.ipc.Server$Responder.doRunLoop(Server.java:1582)
        at app//org.apache.hadoop.ipc.Server$Responder.run(Server.java:1565)
"IPC Server handler 58 on default port 15002" daemon prio=5 tid=343 timed_waiting
java.lang.Thread.State: TIMED_WAITING
        at java.base@17.0.12/jdk.internal.misc.Unsafe.park(Native Method)
        at java.base@17.0.12/java.util.concurrent.locks.LockSupport.parkNanos(LockSupport.java:252)
        at java.base@17.0.12/java.util.concurrent.locks.AbstractQueuedSynchronizer$ConditionObject.awaitNanos(AbstractQueuedSynchronizer.java:1674)
        at java.base@17.0.12/java.util.concurrent.LinkedBlockingQueue.poll(LinkedBlockingQueue.java:460)
        at app//org.apache.hadoop.ipc.CallQueueManager.take(CallQueueManager.java:317)
        at app//org.apache.hadoop.ipc.Server$Handler.run(Server.java:3014)
"qtp119423135-392-acceptor-0@466c9e3a-ServerConnector@74cff17c{HTTP/1.1, (http/1.1)}{0.0.0.0:15003}" daemon prio=3 tid=392 runnable
java.lang.Thread.State: RUNNABLE
        at java.base@17.0.12/sun.nio.ch.Net.accept(Native Method)
        at java.base@17.0.12/sun.nio.ch.ServerSocketChannelImpl.implAccept(ServerSocketChannelImpl.java:425)
        at java.base@17.0.12/sun.nio.ch.ServerSocketChannelImpl.accept(ServerSocketChannelImpl.java:391)
        at app//org.eclipse.jetty.server.ServerConnector.accept(ServerConnector.java:388)
        at app//org.eclipse.jetty.server.AbstractConnector$Acceptor.run(AbstractConnector.java:704)
        at app//org.eclipse.jetty.util.thread.QueuedThreadPool.runJob(QueuedThreadPool.java:883)
        at app//org.eclipse.jetty.util.thread.QueuedThreadPool$Runner.run(QueuedThreadPool.java:1034)
        at java.base@17.0.12/java.lang.Thread.run(Thread.java:840)
"44ff6b06-02d2-44ad-8aa1-4af94363565f-ChunkWriter-1-0" daemon prio=5 tid=862 in Object.wait()
java.lang.Thread.State: WAITING (on object monitor)
        at java.base@17.0.12/jdk.internal.misc.Unsafe.park(Native Method)
        at java.base@17.0.12/java.util.concurrent.locks.LockSupport.park(LockSupport.java:341)
        at java.base@17.0.12/java.util.concurrent.locks.AbstractQueuedSynchronizer$ConditionNode.block(AbstractQueuedSynchronizer.java:506)
        at java.base@17.0.12/java.util.concurrent.ForkJoinPool.unmanagedBlock(ForkJoinPool.java:3465)
        at java.base@17.0.12/java.util.concurrent.ForkJoinPool.managedBlock(ForkJoinPool.java:3436)
        at java.base@17.0.12/java.util.concurrent.locks.AbstractQueuedSynchronizer$ConditionObject.await(AbstractQueuedSynchronizer.java:1625)
        at java.base@17.0.12/java.util.concurrent.LinkedBlockingDeque.takeFirst(LinkedBlockingDeque.java:485)
        at java.base@17.0.12/java.util.concurrent.LinkedBlockingDeque.take(LinkedBlockingDeque.java:673)
        at java.base@17.0.12/java.util.concurrent.ThreadPoolExecutor.getTask(ThreadPoolExecutor.java:1062)
        at java.base@17.0.12/java.util.concurrent.ThreadPoolExecutor.runWorker(ThreadPoolExecutor.java:1122)
        at java.base@17.0.12/java.util.concurrent.ThreadPoolExecutor$Worker.run(ThreadPoolExecutor.java:635)
        at java.base@17.0.12/java.lang.Thread.run(Thread.java:840)
"IPC Server handler 2 on default port 15001" daemon prio=5 tid=187 timed_waiting
java.lang.Thread.State: TIMED_WAITING
        at java.base@17.0.12/jdk.internal.misc.Unsafe.park(Native Method)
        at java.base@17.0.12/java.util.concurrent.locks.LockSupport.parkNanos(LockSupport.java:252)
        at java.base@17.0.12/java.util.concurrent.locks.AbstractQueuedSynchronizer$ConditionObject.awaitNanos(AbstractQueuedSynchronizer.java:1674)
        at java.base@17.0.12/java.util.concurrent.LinkedBlockingQueue.poll(LinkedBlockingQueue.java:460)
        at app//org.apache.hadoop.ipc.CallQueueManager.take(CallQueueManager.java:317)
        at app//org.apache.hadoop.ipc.Server$Handler.run(Server.java:3014)
"qtp884289676-634" daemon prio=5 tid=634 timed_waiting
java.lang.Thread.State: TIMED_WAITING
        at java.base@17.0.12/jdk.internal.misc.Unsafe.park(Native Method)
        at java.base@17.0.12/java.util.concurrent.locks.LockSupport.parkNanos(LockSupport.java:252)
        at java.base@17.0.12/java.util.concurrent.locks.AbstractQueuedSynchronizer$ConditionObject.awaitNanos(AbstractQueuedSynchronizer.java:1674)
        at app//org.eclipse.jetty.util.BlockingArrayQueue.poll(BlockingArrayQueue.java:382)
        at app//org.eclipse.jetty.util.thread.QueuedThreadPool$Runner.idleJobPoll(QueuedThreadPool.java:974)
        at app//org.eclipse.jetty.util.thread.QueuedThreadPool$Runner.run(QueuedThreadPool.java:1018)
        at java.base@17.0.12/java.lang.Thread.run(Thread.java:840)
"43b7afd8-9e19-4b34-aad7-81b8e915bbb6-impl-thread1"  prio=5 tid=675 timed_waiting
java.lang.Thread.State: TIMED_WAITING
        at java.base@17.0.12/jdk.internal.misc.Unsafe.park(Native Method)
        at java.base@17.0.12/java.util.concurrent.locks.LockSupport.parkNanos(LockSupport.java:252)
        at java.base@17.0.12/java.util.concurrent.SynchronousQueue$TransferStack.transfer(SynchronousQueue.java:401)
        at java.base@17.0.12/java.util.concurrent.SynchronousQueue.poll(SynchronousQueue.java:903)
        at java.base@17.0.12/java.util.concurrent.ThreadPoolExecutor.getTask(ThreadPoolExecutor.java:1061)
        at java.base@17.0.12/java.util.concurrent.ThreadPoolExecutor.runWorker(ThreadPoolExecutor.java:1122)
        at java.base@17.0.12/java.util.concurrent.ThreadPoolExecutor$Worker.run(ThreadPoolExecutor.java:635)
        at java.base@17.0.12/java.lang.Thread.run(Thread.java:840)
"Recon-FixedThreadPoolWithAffinityExecutor-9-0" daemon prio=5 tid=505 timed_waiting
java.lang.Thread.State: TIMED_WAITING
        at java.base@17.0.12/jdk.internal.misc.Unsafe.park(Native Method)
        at java.base@17.0.12/java.util.concurrent.locks.LockSupport.parkNanos(LockSupport.java:252)
        at java.base@17.0.12/java.util.concurrent.locks.AbstractQueuedSynchronizer$ConditionObject.awaitNanos(AbstractQueuedSynchronizer.java:1674)
        at java.base@17.0.12/java.util.concurrent.LinkedBlockingQueue.poll(LinkedBlockingQueue.java:460)
        at app//org.apache.hadoop.hdds.scm.server.ContainerReportQueue.poll(ContainerReportQueue.java:269)
        at app//org.apache.hadoop.hdds.scm.server.ContainerReportQueue.poll(ContainerReportQueue.java:42)
        at app//org.apache.hadoop.hdds.server.events.FixedThreadPoolWithAffinityExecutor$ContainerReportProcessTask.run(FixedThreadPoolWithAffinityExecutor.java:253)
        at java.base@17.0.12/java.util.concurrent.Executors$RunnableAdapter.call(Executors.java:539)
        at java.base@17.0.12/java.util.concurrent.FutureTask.run(FutureTask.java:264)
        at java.base@17.0.12/java.util.concurrent.ThreadPoolExecutor.runWorker(ThreadPoolExecutor.java:1136)
        at java.base@17.0.12/java.util.concurrent.ThreadPoolExecutor$Worker.run(ThreadPoolExecutor.java:635)
        at java.base@17.0.12/java.lang.Thread.run(Thread.java:840)
"IPC Server handler 46 on default port 15000" daemon prio=5 tid=131 timed_waiting
java.lang.Thread.State: TIMED_WAITING
        at java.base@17.0.12/jdk.internal.misc.Unsafe.park(Native Method)
        at java.base@17.0.12/java.util.concurrent.locks.LockSupport.parkNanos(LockSupport.java:252)
        at java.base@17.0.12/java.util.concurrent.locks.AbstractQueuedSynchronizer$ConditionObject.awaitNanos(AbstractQueuedSynchronizer.java:1674)
        at java.base@17.0.12/java.util.concurrent.LinkedBlockingQueue.poll(LinkedBlockingQueue.java:460)
        at app//org.apache.hadoop.ipc.CallQueueManager.take(CallQueueManager.java:317)
        at app//org.apache.hadoop.ipc.Server$Handler.run(Server.java:3014)
"Socket Reader #9 for port 15021"  prio=5 tid=696 runnable
java.lang.Thread.State: RUNNABLE
        at java.base@17.0.12/sun.nio.ch.EPoll.wait(Native Method)
        at java.base@17.0.12/sun.nio.ch.EPollSelectorImpl.doSelect(EPollSelectorImpl.java:118)
        at java.base@17.0.12/sun.nio.ch.SelectorImpl.lockAndDoSelect(SelectorImpl.java:129)
        at java.base@17.0.12/sun.nio.ch.SelectorImpl.select(SelectorImpl.java:146)
        at app//org.apache.hadoop.ipc.Server$Listener$Reader.doRunLoop(Server.java:1346)
        at app//org.apache.hadoop.ipc.Server$Listener$Reader.run(Server.java:1325)
"IPC Server handler 24 on default port 15002" daemon prio=5 tid=309 timed_waiting
java.lang.Thread.State: TIMED_WAITING
        at java.base@17.0.12/jdk.internal.misc.Unsafe.park(Native Method)
        at java.base@17.0.12/java.util.concurrent.locks.LockSupport.parkNanos(LockSupport.java:252)
        at java.base@17.0.12/java.util.concurrent.locks.AbstractQueuedSynchronizer$ConditionObject.awaitNanos(AbstractQueuedSynchronizer.java:1674)
        at java.base@17.0.12/java.util.concurrent.LinkedBlockingQueue.poll(LinkedBlockingQueue.java:460)
        at app//org.apache.hadoop.ipc.CallQueueManager.take(CallQueueManager.java:317)
        at app//org.apache.hadoop.ipc.Server$Handler.run(Server.java:3014)
"IPC Server handler 9 on default port 15021" daemon prio=5 tid=710 timed_waiting
java.lang.Thread.State: TIMED_WAITING
        at java.base@17.0.12/jdk.internal.misc.Unsafe.park(Native Method)
        at java.base@17.0.12/java.util.concurrent.locks.LockSupport.parkNanos(LockSupport.java:252)
        at java.base@17.0.12/java.util.concurrent.locks.AbstractQueuedSynchronizer$ConditionObject.awaitNanos(AbstractQueuedSynchronizer.java:1674)
        at java.base@17.0.12/java.util.concurrent.LinkedBlockingQueue.poll(LinkedBlockingQueue.java:460)
        at app//org.apache.hadoop.ipc.CallQueueManager.take(CallQueueManager.java:317)
        at app//org.apache.hadoop.ipc.Server$Handler.run(Server.java:3014)
"IPC Server handler 67 on default port 15000" daemon prio=5 tid=152 timed_waiting
java.lang.Thread.State: TIMED_WAITING
        at java.base@17.0.12/jdk.internal.misc.Unsafe.park(Native Method)
        at java.base@17.0.12/java.util.concurrent.locks.LockSupport.parkNanos(LockSupport.java:252)
        at java.base@17.0.12/java.util.concurrent.locks.AbstractQueuedSynchronizer$ConditionObject.awaitNanos(AbstractQueuedSynchronizer.java:1674)
        at java.base@17.0.12/java.util.concurrent.LinkedBlockingQueue.poll(LinkedBlockingQueue.java:460)
        at app//org.apache.hadoop.ipc.CallQueueManager.take(CallQueueManager.java:317)
        at app//org.apache.hadoop.ipc.Server$Handler.run(Server.java:3014)
"IPC Server handler 98 on default port 15009" daemon prio=5 tid=617 timed_waiting
java.lang.Thread.State: TIMED_WAITING
        at java.base@17.0.12/jdk.internal.misc.Unsafe.park(Native Method)
        at java.base@17.0.12/java.util.concurrent.locks.LockSupport.parkNanos(LockSupport.java:252)
        at java.base@17.0.12/java.util.concurrent.locks.AbstractQueuedSynchronizer$ConditionObject.awaitNanos(AbstractQueuedSynchronizer.java:1674)
        at java.base@17.0.12/java.util.concurrent.LinkedBlockingQueue.poll(LinkedBlockingQueue.java:460)
        at app//org.apache.hadoop.ipc.CallQueueManager.take(CallQueueManager.java:317)
        at app//org.apache.hadoop.ipc.Server$Handler.run(Server.java:3014)
"Socket Reader #2 for port 15002"  prio=5 tid=34 runnable
java.lang.Thread.State: RUNNABLE
        at java.base@17.0.12/sun.nio.ch.EPoll.wait(Native Method)
        at java.base@17.0.12/sun.nio.ch.EPollSelectorImpl.doSelect(EPollSelectorImpl.java:118)
        at java.base@17.0.12/sun.nio.ch.SelectorImpl.lockAndDoSelect(SelectorImpl.java:129)
        at java.base@17.0.12/sun.nio.ch.SelectorImpl.select(SelectorImpl.java:146)
        at app//org.apache.hadoop.ipc.Server$Listener$Reader.doRunLoop(Server.java:1346)
        at app//org.apache.hadoop.ipc.Server$Listener$Reader.run(Server.java:1325)
"IPC Server handler 3 on default port 15002" daemon prio=5 tid=288 timed_waiting
java.lang.Thread.State: TIMED_WAITING
        at java.base@17.0.12/jdk.internal.misc.Unsafe.park(Native Method)
        at java.base@17.0.12/java.util.concurrent.locks.LockSupport.parkNanos(LockSupport.java:252)
        at java.base@17.0.12/java.util.concurrent.locks.AbstractQueuedSynchronizer$ConditionObject.awaitNanos(AbstractQueuedSynchronizer.java:1674)
        at java.base@17.0.12/java.util.concurrent.LinkedBlockingQueue.poll(LinkedBlockingQueue.java:460)
        at app//org.apache.hadoop.ipc.CallQueueManager.take(CallQueueManager.java:317)
        at app//org.apache.hadoop.ipc.Server$Handler.run(Server.java:3014)
"IPC Server handler 97 on default port 15002" daemon prio=5 tid=382 timed_waiting
java.lang.Thread.State: TIMED_WAITING
        at java.base@17.0.12/jdk.internal.misc.Unsafe.park(Native Method)
        at java.base@17.0.12/java.util.concurrent.locks.LockSupport.parkNanos(LockSupport.java:252)
        at java.base@17.0.12/java.util.concurrent.locks.AbstractQueuedSynchronizer$ConditionObject.awaitNanos(AbstractQueuedSynchronizer.java:1674)
        at java.base@17.0.12/java.util.concurrent.LinkedBlockingQueue.poll(LinkedBlockingQueue.java:460)
        at app//org.apache.hadoop.ipc.CallQueueManager.take(CallQueueManager.java:317)
        at app//org.apache.hadoop.ipc.Server$Handler.run(Server.java:3014)
"timer1" daemon prio=5 tid=992 timed_waiting
java.lang.Thread.State: TIMED_WAITING
        at java.base@17.0.12/java.lang.Object.wait(Native Method)
        at java.base@17.0.12/java.util.TimerThread.mainLoop(Timer.java:563)
        at java.base@17.0.12/java.util.TimerThread.run(Timer.java:516)
"IPC Server handler 2 on default port 15012" daemon prio=5 tid=657 timed_waiting
java.lang.Thread.State: TIMED_WAITING
        at java.base@17.0.12/jdk.internal.misc.Unsafe.park(Native Method)
        at java.base@17.0.12/java.util.concurrent.locks.LockSupport.parkNanos(LockSupport.java:252)
        at java.base@17.0.12/java.util.concurrent.locks.AbstractQueuedSynchronizer$ConditionObject.awaitNanos(AbstractQueuedSynchronizer.java:1674)
        at java.base@17.0.12/java.util.concurrent.LinkedBlockingQueue.poll(LinkedBlockingQueue.java:460)
        at app//org.apache.hadoop.ipc.CallQueueManager.take(CallQueueManager.java:317)
        at app//org.apache.hadoop.ipc.Server$Handler.run(Server.java:3014)
"Common-Cleaner" daemon prio=8 tid=11 timed_waiting
java.lang.Thread.State: TIMED_WAITING
        at java.base@17.0.12/java.lang.Object.wait(Native Method)
        at java.base@17.0.12/java.lang.ref.ReferenceQueue.remove(ReferenceQueue.java:155)
        at java.base@17.0.12/jdk.internal.ref.CleanerImpl.run(CleanerImpl.java:140)
        at java.base@17.0.12/java.lang.Thread.run(Thread.java:840)
        at java.base@17.0.12/jdk.internal.misc.InnocuousThread.run(InnocuousThread.java:162)
"IPC Server handler 68 on default port 15001" daemon prio=5 tid=253 timed_waiting
java.lang.Thread.State: TIMED_WAITING
        at java.base@17.0.12/jdk.internal.misc.Unsafe.park(Native Method)
        at java.base@17.0.12/java.util.concurrent.locks.LockSupport.parkNanos(LockSupport.java:252)
        at java.base@17.0.12/java.util.concurrent.locks.AbstractQueuedSynchronizer$ConditionObject.awaitNanos(AbstractQueuedSynchronizer.java:1674)
        at java.base@17.0.12/java.util.concurrent.LinkedBlockingQueue.poll(LinkedBlockingQueue.java:460)
        at app//org.apache.hadoop.ipc.CallQueueManager.take(CallQueueManager.java:317)
        at app//org.apache.hadoop.ipc.Server$Handler.run(Server.java:3014)
"43b7afd8-9e19-4b34-aad7-81b8e915bbb6-server-thread1" daemon prio=5 tid=995 timed_waiting
java.lang.Thread.State: TIMED_WAITING
        at java.base@17.0.12/jdk.internal.misc.Unsafe.park(Native Method)
        at java.base@17.0.12/java.util.concurrent.locks.LockSupport.parkNanos(LockSupport.java:252)
        at java.base@17.0.12/java.util.concurrent.SynchronousQueue$TransferStack.transfer(SynchronousQueue.java:401)
        at java.base@17.0.12/java.util.concurrent.SynchronousQueue.poll(SynchronousQueue.java:903)
        at java.base@17.0.12/java.util.concurrent.ThreadPoolExecutor.getTask(ThreadPoolExecutor.java:1061)
        at java.base@17.0.12/java.util.concurrent.ThreadPoolExecutor.runWorker(ThreadPoolExecutor.java:1122)
        at java.base@17.0.12/java.util.concurrent.ThreadPoolExecutor$Worker.run(ThreadPoolExecutor.java:635)
        at java.base@17.0.12/java.lang.Thread.run(Thread.java:840)
"IPC Server handler 78 on default port 15000" daemon prio=5 tid=163 timed_waiting
java.lang.Thread.State: TIMED_WAITING
        at java.base@17.0.12/jdk.internal.misc.Unsafe.park(Native Method)
        at java.base@17.0.12/java.util.concurrent.locks.LockSupport.parkNanos(LockSupport.java:252)
        at java.base@17.0.12/java.util.concurrent.locks.AbstractQueuedSynchronizer$ConditionObject.awaitNanos(AbstractQueuedSynchronizer.java:1674)
        at java.base@17.0.12/java.util.concurrent.LinkedBlockingQueue.poll(LinkedBlockingQueue.java:460)
        at app//org.apache.hadoop.ipc.CallQueueManager.take(CallQueueManager.java:317)
        at app//org.apache.hadoop.ipc.Server$Handler.run(Server.java:3014)
"qtp1438151538-729" daemon prio=5 tid=729 timed_waiting
java.lang.Thread.State: TIMED_WAITING
        at java.base@17.0.12/jdk.internal.misc.Unsafe.park(Native Method)
        at java.base@17.0.12/java.util.concurrent.locks.LockSupport.parkNanos(LockSupport.java:252)
        at java.base@17.0.12/java.util.concurrent.locks.AbstractQueuedSynchronizer$ConditionObject.awaitNanos(AbstractQueuedSynchronizer.java:1674)
        at app//org.eclipse.jetty.util.BlockingArrayQueue.poll(BlockingArrayQueue.java:382)
        at app//org.eclipse.jetty.util.thread.QueuedThreadPool$Runner.idleJobPoll(QueuedThreadPool.java:974)
        at app//org.eclipse.jetty.util.thread.QueuedThreadPool$Runner.run(QueuedThreadPool.java:1018)
        at java.base@17.0.12/java.lang.Thread.run(Thread.java:840)
"IPC Server handler 30 on default port 15002" daemon prio=5 tid=315 timed_waiting
java.lang.Thread.State: TIMED_WAITING
        at java.base@17.0.12/jdk.internal.misc.Unsafe.park(Native Method)
        at java.base@17.0.12/java.util.concurrent.locks.LockSupport.parkNanos(LockSupport.java:252)
        at java.base@17.0.12/java.util.concurrent.locks.AbstractQueuedSynchronizer$ConditionObject.awaitNanos(AbstractQueuedSynchronizer.java:1674)
        at java.base@17.0.12/java.util.concurrent.LinkedBlockingQueue.poll(LinkedBlockingQueue.java:460)
        at app//org.apache.hadoop.ipc.CallQueueManager.take(CallQueueManager.java:317)
        at app//org.apache.hadoop.ipc.Server$Handler.run(Server.java:3014)
"IPC Server handler 27 on default port 15000" daemon prio=5 tid=112 timed_waiting
java.lang.Thread.State: TIMED_WAITING
        at java.base@17.0.12/jdk.internal.misc.Unsafe.park(Native Method)
        at java.base@17.0.12/java.util.concurrent.locks.LockSupport.parkNanos(LockSupport.java:252)
        at java.base@17.0.12/java.util.concurrent.locks.AbstractQueuedSynchronizer$ConditionObject.awaitNanos(AbstractQueuedSynchronizer.java:1674)
        at java.base@17.0.12/java.util.concurrent.LinkedBlockingQueue.poll(LinkedBlockingQueue.java:460)
        at app//org.apache.hadoop.ipc.CallQueueManager.take(CallQueueManager.java:317)
        at app//org.apache.hadoop.ipc.Server$Handler.run(Server.java:3014)
"IPC Server handler 51 on default port 15000" daemon prio=5 tid=136 timed_waiting
java.lang.Thread.State: TIMED_WAITING
        at java.base@17.0.12/jdk.internal.misc.Unsafe.park(Native Method)
        at java.base@17.0.12/java.util.concurrent.locks.LockSupport.parkNanos(LockSupport.java:252)
        at java.base@17.0.12/java.util.concurrent.locks.AbstractQueuedSynchronizer$ConditionObject.awaitNanos(AbstractQueuedSynchronizer.java:1674)
        at java.base@17.0.12/java.util.concurrent.LinkedBlockingQueue.poll(LinkedBlockingQueue.java:460)
        at app//org.apache.hadoop.ipc.CallQueueManager.take(CallQueueManager.java:317)
        at app//org.apache.hadoop.ipc.Server$Handler.run(Server.java:3014)
"Recon-FixedThreadPoolWithAffinityExecutor-8-0" daemon prio=5 tid=504 timed_waiting
java.lang.Thread.State: TIMED_WAITING
        at java.base@17.0.12/jdk.internal.misc.Unsafe.park(Native Method)
        at java.base@17.0.12/java.util.concurrent.locks.LockSupport.parkNanos(LockSupport.java:252)
        at java.base@17.0.12/java.util.concurrent.locks.AbstractQueuedSynchronizer$ConditionObject.awaitNanos(AbstractQueuedSynchronizer.java:1674)
        at java.base@17.0.12/java.util.concurrent.LinkedBlockingQueue.poll(LinkedBlockingQueue.java:460)
        at app//org.apache.hadoop.hdds.scm.server.ContainerReportQueue.poll(ContainerReportQueue.java:269)
        at app//org.apache.hadoop.hdds.scm.server.ContainerReportQueue.poll(ContainerReportQueue.java:42)
        at app//org.apache.hadoop.hdds.server.events.FixedThreadPoolWithAffinityExecutor$ContainerReportProcessTask.run(FixedThreadPoolWithAffinityExecutor.java:253)
        at java.base@17.0.12/java.util.concurrent.Executors$RunnableAdapter.call(Executors.java:539)
        at java.base@17.0.12/java.util.concurrent.FutureTask.run(FutureTask.java:264)
        at java.base@17.0.12/java.util.concurrent.ThreadPoolExecutor.runWorker(ThreadPoolExecutor.java:1136)
        at java.base@17.0.12/java.util.concurrent.ThreadPoolExecutor$Worker.run(ThreadPoolExecutor.java:635)
        at java.base@17.0.12/java.lang.Thread.run(Thread.java:840)
"IPC Server handler 93 on default port 15002" daemon prio=5 tid=378 timed_waiting
java.lang.Thread.State: TIMED_WAITING
        at java.base@17.0.12/jdk.internal.misc.Unsafe.park(Native Method)
        at java.base@17.0.12/java.util.concurrent.locks.LockSupport.parkNanos(LockSupport.java:252)
        at java.base@17.0.12/java.util.concurrent.locks.AbstractQueuedSynchronizer$ConditionObject.awaitNanos(AbstractQueuedSynchronizer.java:1674)
        at java.base@17.0.12/java.util.concurrent.LinkedBlockingQueue.poll(LinkedBlockingQueue.java:460)
        at app//org.apache.hadoop.ipc.CallQueueManager.take(CallQueueManager.java:317)
        at app//org.apache.hadoop.ipc.Server$Handler.run(Server.java:3014)
"qtp11530087-508-acceptor-0@5734b38e-ServerConnector@2fd250ed{HTTP/1.1, (http/1.1)}{0.0.0.0:15008}" daemon prio=3 tid=508 runnable
java.lang.Thread.State: RUNNABLE
        at java.base@17.0.12/sun.nio.ch.Net.accept(Native Method)
        at java.base@17.0.12/sun.nio.ch.ServerSocketChannelImpl.implAccept(ServerSocketChannelImpl.java:425)
        at java.base@17.0.12/sun.nio.ch.ServerSocketChannelImpl.accept(ServerSocketChannelImpl.java:391)
        at app//org.eclipse.jetty.server.ServerConnector.accept(ServerConnector.java:388)
        at app//org.eclipse.jetty.server.AbstractConnector$Acceptor.run(AbstractConnector.java:704)
        at app//org.eclipse.jetty.util.thread.QueuedThreadPool.runJob(QueuedThreadPool.java:883)
        at app//org.eclipse.jetty.util.thread.QueuedThreadPool$Runner.run(QueuedThreadPool.java:1034)
        at java.base@17.0.12/java.lang.Thread.run(Thread.java:840)
"Recon-FixedThreadPoolWithAffinityExecutor-7-0" daemon prio=5 tid=503 timed_waiting
java.lang.Thread.State: TIMED_WAITING
        at java.base@17.0.12/jdk.internal.misc.Unsafe.park(Native Method)
        at java.base@17.0.12/java.util.concurrent.locks.LockSupport.parkNanos(LockSupport.java:252)
        at java.base@17.0.12/java.util.concurrent.locks.AbstractQueuedSynchronizer$ConditionObject.awaitNanos(AbstractQueuedSynchronizer.java:1674)
        at java.base@17.0.12/java.util.concurrent.LinkedBlockingQueue.poll(LinkedBlockingQueue.java:460)
        at app//org.apache.hadoop.hdds.scm.server.ContainerReportQueue.poll(ContainerReportQueue.java:269)
        at app//org.apache.hadoop.hdds.scm.server.ContainerReportQueue.poll(ContainerReportQueue.java:42)
        at app//org.apache.hadoop.hdds.server.events.FixedThreadPoolWithAffinityExecutor$ContainerReportProcessTask.run(FixedThreadPoolWithAffinityExecutor.java:253)
        at java.base@17.0.12/java.util.concurrent.Executors$RunnableAdapter.call(Executors.java:539)
        at java.base@17.0.12/java.util.concurrent.FutureTask.run(FutureTask.java:264)
        at java.base@17.0.12/java.util.concurrent.ThreadPoolExecutor.runWorker(ThreadPoolExecutor.java:1136)
        at java.base@17.0.12/java.util.concurrent.ThreadPoolExecutor$Worker.run(ThreadPoolExecutor.java:635)
        at java.base@17.0.12/java.lang.Thread.run(Thread.java:840)
"IPC Server handler 26 on default port 15009" daemon prio=5 tid=545 timed_waiting
java.lang.Thread.State: TIMED_WAITING
        at java.base@17.0.12/jdk.internal.misc.Unsafe.park(Native Method)
        at java.base@17.0.12/java.util.concurrent.locks.LockSupport.parkNanos(LockSupport.java:252)
        at java.base@17.0.12/java.util.concurrent.locks.AbstractQueuedSynchronizer$ConditionObject.awaitNanos(AbstractQueuedSynchronizer.java:1674)
        at java.base@17.0.12/java.util.concurrent.LinkedBlockingQueue.poll(LinkedBlockingQueue.java:460)
        at app//org.apache.hadoop.ipc.CallQueueManager.take(CallQueueManager.java:317)
        at app//org.apache.hadoop.ipc.Server$Handler.run(Server.java:3014)
"EventQueue-DatanodeCommandForSCMNodeManager"  prio=5 tid=894 in Object.wait()
java.lang.Thread.State: WAITING (on object monitor)
        at java.base@17.0.12/jdk.internal.misc.Unsafe.park(Native Method)
        at java.base@17.0.12/java.util.concurrent.locks.LockSupport.park(LockSupport.java:341)
        at java.base@17.0.12/java.util.concurrent.locks.AbstractQueuedSynchronizer$ConditionNode.block(AbstractQueuedSynchronizer.java:506)
        at java.base@17.0.12/java.util.concurrent.ForkJoinPool.unmanagedBlock(ForkJoinPool.java:3465)
        at java.base@17.0.12/java.util.concurrent.ForkJoinPool.managedBlock(ForkJoinPool.java:3436)
        at java.base@17.0.12/java.util.concurrent.locks.AbstractQueuedSynchronizer$ConditionObject.await(AbstractQueuedSynchronizer.java:1625)
        at java.base@17.0.12/java.util.concurrent.LinkedBlockingQueue.take(LinkedBlockingQueue.java:435)
        at java.base@17.0.12/java.util.concurrent.ThreadPoolExecutor.getTask(ThreadPoolExecutor.java:1062)
        at java.base@17.0.12/java.util.concurrent.ThreadPoolExecutor.runWorker(ThreadPoolExecutor.java:1122)
        at java.base@17.0.12/java.util.concurrent.ThreadPoolExecutor$Worker.run(ThreadPoolExecutor.java:635)
        at java.base@17.0.12/java.lang.Thread.run(Thread.java:840)
"43b7afd8-9e19-4b34-aad7-81b8e915bbb6@group-83D748725593-FollowerState" daemon prio=5 tid=1014 timed_waiting
java.lang.Thread.State: TIMED_WAITING
        at java.base@17.0.12/java.lang.Thread.sleep(Native Method)
        at java.base@17.0.12/java.lang.Thread.sleep(Thread.java:344)
        at java.base@17.0.12/java.util.concurrent.TimeUnit.sleep(TimeUnit.java:446)
        at app//org.apache.ratis.util.TimeDuration.sleep(TimeDuration.java:353)
        at app//org.apache.ratis.util.TimeDuration.sleep(TimeDuration.java:338)
        at app//org.apache.ratis.server.impl.FollowerState.run(FollowerState.java:129)
"43b7afd8-9e19-4b34-aad7-81b8e915bbb6-BlockDeletingService#1" daemon prio=5 tid=851 in Object.wait()
java.lang.Thread.State: WAITING (on object monitor)
        at java.base@17.0.12/jdk.internal.misc.Unsafe.park(Native Method)
        at java.base@17.0.12/java.util.concurrent.locks.LockSupport.park(LockSupport.java:341)
        at java.base@17.0.12/java.util.concurrent.locks.AbstractQueuedSynchronizer$ConditionNode.block(AbstractQueuedSynchronizer.java:506)
        at java.base@17.0.12/java.util.concurrent.ForkJoinPool.unmanagedBlock(ForkJoinPool.java:3465)
        at java.base@17.0.12/java.util.concurrent.ForkJoinPool.managedBlock(ForkJoinPool.java:3436)
        at java.base@17.0.12/java.util.concurrent.locks.AbstractQueuedSynchronizer$ConditionObject.await(AbstractQueuedSynchronizer.java:1625)
        at java.base@17.0.12/java.util.concurrent.ScheduledThreadPoolExecutor$DelayedWorkQueue.take(ScheduledThreadPoolExecutor.java:1177)
        at java.base@17.0.12/java.util.concurrent.ScheduledThreadPoolExecutor$DelayedWorkQueue.take(ScheduledThreadPoolExecutor.java:899)
        at java.base@17.0.12/java.util.concurrent.ThreadPoolExecutor.getTask(ThreadPoolExecutor.java:1062)
        at java.base@17.0.12/java.util.concurrent.ThreadPoolExecutor.runWorker(ThreadPoolExecutor.java:1122)
        at java.base@17.0.12/java.util.concurrent.ThreadPoolExecutor$Worker.run(ThreadPoolExecutor.java:635)
        at java.base@17.0.12/java.lang.Thread.run(Thread.java:840)
"main"  prio=5 tid=1 runnable
java.lang.Thread.State: RUNNABLE
        at java.base@17.0.12/java.lang.Thread.dumpThreads(Native Method)
        at java.base@17.0.12/java.lang.Thread.getAllStackTraces(Thread.java:1671)
        at app//org.apache.ozone.test.TimedOutTestsListener.buildThreadDump(TimedOutTestsListener.java:83)
        at app//org.apache.ozone.test.TimedOutTestsListener.buildThreadDiagnosticString(TimedOutTestsListener.java:69)
        at app//org.apache.ozone.test.GenericTestUtils.waitFor(GenericTestUtils.java:205)
        at app//org.apache.hadoop.ozone.recon.TestReconScmSnapshot.testExplicitRemovalOfNode(TestReconScmSnapshot.java:139)
        at java.base@17.0.12/jdk.internal.reflect.NativeMethodAccessorImpl.invoke0(Native Method)
        at java.base@17.0.12/jdk.internal.reflect.NativeMethodAccessorImpl.invoke(NativeMethodAccessorImpl.java:77)
        at java.base@17.0.12/jdk.internal.reflect.DelegatingMethodAccessorImpl.invoke(DelegatingMethodAccessorImpl.java:43)
        at java.base@17.0.12/java.lang.reflect.Method.invoke(Method.java:569)
        at app//org.junit.platform.commons.util.ReflectionUtils.invokeMethod(ReflectionUtils.java:728)
        at app//org.junit.jupiter.engine.execution.MethodInvocation.proceed(MethodInvocation.java:60)
        at app//org.junit.jupiter.engine.execution.InvocationInterceptorChain$ValidatingInvocation.proceed(InvocationInterceptorChain.java:131)
        at app//org.junit.jupiter.engine.extension.SameThreadTimeoutInvocation.proceed(SameThreadTimeoutInvocation.java:45)
        at app//org.junit.jupiter.engine.extension.TimeoutExtension.intercept(TimeoutExtension.java:156)
        at app//org.junit.jupiter.engine.extension.TimeoutExtension.interceptTestableMethod(TimeoutExtension.java:147)
        at app//org.junit.jupiter.engine.extension.TimeoutExtension.interceptTestMethod(TimeoutExtension.java:86)
        at app//org.junit.jupiter.engine.descriptor.TestMethodTestDescriptor$$Lambda$229/0x00007fa9080a77c8.apply(Unknown Source)
        at app//org.junit.jupiter.engine.execution.InterceptingExecutableInvoker$ReflectiveInterceptorCall.lambda$ofVoidMethod$0(InterceptingExecutableInvoker.java:103)
        at app//org.junit.jupiter.engine.execution.InterceptingExecutableInvoker$ReflectiveInterceptorCall$$Lambda$230/0x00007fa9080a7be8.apply(Unknown Source)
        at app//org.junit.jupiter.engine.execution.InterceptingExecutableInvoker.lambda$invoke$0(InterceptingExecutableInvoker.java:93)
        at app//org.junit.jupiter.engine.execution.InterceptingExecutableInvoker$$Lambda$447/0x00007fa90812a498.apply(Unknown Source)
        at app//org.junit.jupiter.engine.execution.InvocationInterceptorChain$InterceptedInvocation.proceed(InvocationInterceptorChain.java:106)
        at app//org.junit.jupiter.engine.execution.InvocationInterceptorChain.proceed(InvocationInterceptorChain.java:64)
        at app//org.junit.jupiter.engine.execution.InvocationInterceptorChain.chainAndInvoke(InvocationInterceptorChain.java:45)
        at app//org.junit.jupiter.engine.execution.InvocationInterceptorChain.invoke(InvocationInterceptorChain.java:37)
        at app//org.junit.jupiter.engine.execution.InterceptingExecutableInvoker.invoke(InterceptingExecutableInvoker.java:92)
        at app//org.junit.jupiter.engine.execution.InterceptingExecutableInvoker.invoke(InterceptingExecutableInvoker.java:86)
        at app//org.junit.jupiter.engine.descriptor.TestMethodTestDescriptor.lambda$invokeTestMethod$7(TestMethodTestDescriptor.java:218)
        at app//org.junit.jupiter.engine.descriptor.TestMethodTestDescriptor$$Lambda$2000/0x00007fa908eb3b20.execute(Unknown Source)
        at app//org.junit.platform.engine.support.hierarchical.ThrowableCollector.execute(ThrowableCollector.java:73)
        at app//org.junit.jupiter.engine.descriptor.TestMethodTestDescriptor.invokeTestMethod(TestMethodTestDescriptor.java:214)
        at app//org.junit.jupiter.engine.descriptor.TestMethodTestDescriptor.execute(TestMethodTestDescriptor.java:139)
        at app//org.junit.jupiter.engine.descriptor.TestMethodTestDescriptor.execute(TestMethodTestDescriptor.java:69)
        at app//org.junit.platform.engine.support.hierarchical.NodeTestTask.lambda$executeRecursively$6(NodeTestTask.java:151)
        at app//org.junit.platform.engine.support.hierarchical.NodeTestTask$$Lambda$373/0x00007fa90811d7e8.execute(Unknown Source)
        at app//org.junit.platform.engine.support.hierarchical.ThrowableCollector.execute(ThrowableCollector.java:73)
        at app//org.junit.platform.engine.support.hierarchical.NodeTestTask.lambda$executeRecursively$8(NodeTestTask.java:141)
        at app//org.junit.platform.engine.support.hierarchical.NodeTestTask$$Lambda$372/0x00007fa90811d378.invoke(Unknown Source)
        at app//org.junit.platform.engine.support.hierarchical.Node.around(Node.java:137)
        at app//org.junit.platform.engine.support.hierarchical.NodeTestTask.lambda$executeRecursively$9(NodeTestTask.java:139)
        at app//org.junit.platform.engine.support.hierarchical.NodeTestTask$$Lambda$371/0x00007fa90811cf50.execute(Unknown Source)
        at app//org.junit.platform.engine.support.hierarchical.ThrowableCollector.execute(ThrowableCollector.java:73)
        at app//org.junit.platform.engine.support.hierarchical.NodeTestTask.executeRecursively(NodeTestTask.java:138)
        at app//org.junit.platform.engine.support.hierarchical.NodeTestTask.execute(NodeTestTask.java:95)
        at app//org.junit.platform.engine.support.hierarchical.SameThreadHierarchicalTestExecutorService$$Lambda$377/0x00007fa90811e548.accept(Unknown Source)
        at java.base@17.0.12/java.util.ArrayList.forEach(ArrayList.java:1511)
        at app//org.junit.platform.engine.support.hierarchical.SameThreadHierarchicalTestExecutorService.invokeAll(SameThreadHierarchicalTestExecutorService.java:41)
        at app//org.junit.platform.engine.support.hierarchical.NodeTestTask.lambda$executeRecursively$6(NodeTestTask.java:155)
        at app//org.junit.platform.engine.support.hierarchical.NodeTestTask$$Lambda$373/0x00007fa90811d7e8.execute(Unknown Source)
        at app//org.junit.platform.engine.support.hierarchical.ThrowableCollector.execute(ThrowableCollector.java:73)
        at app//org.junit.platform.engine.support.hierarchical.NodeTestTask.lambda$executeRecursively$8(NodeTestTask.java:141)
        at app//org.junit.platform.engine.support.hierarchical.NodeTestTask$$Lambda$372/0x00007fa90811d378.invoke(Unknown Source)
        at app//org.junit.platform.engine.support.hierarchical.Node.around(Node.java:137)
        at app//org.junit.platform.engine.support.hierarchical.NodeTestTask.lambda$executeRecursively$9(NodeTestTask.java:139)
        at app//org.junit.platform.engine.support.hierarchical.NodeTestTask$$Lambda$371/0x00007fa90811cf50.execute(Unknown Source)
        at app//org.junit.platform.engine.support.hierarchical.ThrowableCollector.execute(ThrowableCollector.java:73)
        at app//org.junit.platform.engine.support.hierarchical.NodeTestTask.executeRecursively(NodeTestTask.java:138)
        at app//org.junit.platform.engine.support.hierarchical.NodeTestTask.execute(NodeTestTask.java:95)
        at app//org.junit.platform.engine.support.hierarchical.SameThreadHierarchicalTestExecutorService$$Lambda$377/0x00007fa90811e548.accept(Unknown Source)
        at java.base@17.0.12/java.util.ArrayList.forEach(ArrayList.java:1511)
        at app//org.junit.platform.engine.support.hierarchical.SameThreadHierarchicalTestExecutorService.invokeAll(SameThreadHierarchicalTestExecutorService.java:41)
        at app//org.junit.platform.engine.support.hierarchical.NodeTestTask.lambda$executeRecursively$6(NodeTestTask.java:155)
        at app//org.junit.platform.engine.support.hierarchical.NodeTestTask$$Lambda$373/0x00007fa90811d7e8.execute(Unknown Source)
        at app//org.junit.platform.engine.support.hierarchical.ThrowableCollector.execute(ThrowableCollector.java:73)
        at app//org.junit.platform.engine.support.hierarchical.NodeTestTask.lambda$executeRecursively$8(NodeTestTask.java:141)
        at app//org.junit.platform.engine.support.hierarchical.NodeTestTask$$Lambda$372/0x00007fa90811d378.invoke(Unknown Source)
        at app//org.junit.platform.engine.support.hierarchical.Node.around(Node.java:137)
        at app//org.junit.platform.engine.support.hierarchical.NodeTestTask.lambda$executeRecursively$9(NodeTestTask.java:139)
        at app//org.junit.platform.engine.support.hierarchical.NodeTestTask$$Lambda$371/0x00007fa90811cf50.execute(Unknown Source)
        at app//org.junit.platform.engine.support.hierarchical.ThrowableCollector.execute(ThrowableCollector.java:73)
        at app//org.junit.platform.engine.support.hierarchical.NodeTestTask.executeRecursively(NodeTestTask.java:138)
        at app//org.junit.platform.engine.support.hierarchical.NodeTestTask.execute(NodeTestTask.java:95)
        at app//org.junit.platform.engine.support.hierarchical.SameThreadHierarchicalTestExecutorService.submit(SameThreadHierarchicalTestExecutorService.java:35)
        at app//org.junit.platform.engine.support.hierarchical.HierarchicalTestExecutor.execute(HierarchicalTestExecutor.java:57)
        at app//org.junit.platform.engine.support.hierarchical.HierarchicalTestEngine.execute(HierarchicalTestEngine.java:54)
        at app//org.junit.platform.launcher.core.EngineExecutionOrchestrator.execute(EngineExecutionOrchestrator.java:198)
        at app//org.junit.platform.launcher.core.EngineExecutionOrchestrator.execute(EngineExecutionOrchestrator.java:169)
        at app//org.junit.platform.launcher.core.EngineExecutionOrchestrator.execute(EngineExecutionOrchestrator.java:93)
        at app//org.junit.platform.launcher.core.EngineExecutionOrchestrator.lambda$execute$0(EngineExecutionOrchestrator.java:58)
        at app//org.junit.platform.launcher.core.EngineExecutionOrchestrator$$Lambda$285/0x00007fa9080b13d0.accept(Unknown Source)
        at app//org.junit.platform.launcher.core.EngineExecutionOrchestrator.withInterceptedStreams(EngineExecutionOrchestrator.java:141)
        at app//org.junit.platform.launcher.core.EngineExecutionOrchestrator.execute(EngineExecutionOrchestrator.java:57)
        at app//org.junit.platform.launcher.core.DefaultLauncher.execute(DefaultLauncher.java:103)
        at app//org.junit.platform.launcher.core.DefaultLauncher.execute(DefaultLauncher.java:85)
        at app//org.junit.platform.launcher.core.DelegatingLauncher.execute(DelegatingLauncher.java:47)
        at app//org.junit.platform.launcher.core.SessionPerRequestLauncher.execute(SessionPerRequestLauncher.java:63)
        at app//org.apache.maven.surefire.junitplatform.JUnitPlatformProvider.invokeAllTests(JUnitPlatformProvider.java:154)
        at app//org.apache.maven.surefire.junitplatform.JUnitPlatformProvider.invoke(JUnitPlatformProvider.java:123)
        at app//org.apache.maven.surefire.booter.ForkedBooter.runSuitesInProcess(ForkedBooter.java:377)
        at app//org.apache.maven.surefire.booter.ForkedBooter.execute(ForkedBooter.java:138)
        at app//org.apache.maven.surefire.booter.ForkedBooter.run(ForkedBooter.java:465)
        at app//org.apache.maven.surefire.booter.ForkedBooter.main(ForkedBooter.java:451)
"om1@group-C5BA1605619E-SegmentedRaftLogWorker"  prio=5 tid=427 timed_waiting
java.lang.Thread.State: TIMED_WAITING
        at java.base@17.0.12/jdk.internal.misc.Unsafe.park(Native Method)
        at java.base@17.0.12/java.util.concurrent.locks.LockSupport.parkNanos(LockSupport.java:252)
        at java.base@17.0.12/java.util.concurrent.locks.AbstractQueuedSynchronizer$ConditionObject.awaitNanos(AbstractQueuedSynchronizer.java:1674)
        at app//org.apache.ratis.util.DataBlockingQueue.poll(DataBlockingQueue.java:148)
        at app//org.apache.ratis.server.raftlog.segmented.SegmentedRaftLogWorker.run(SegmentedRaftLogWorker.java:306)
        at app//org.apache.ratis.server.raftlog.segmented.SegmentedRaftLogWorker$$Lambda$1170/0x00007fa908729a20.run(Unknown Source)
        at java.base@17.0.12/java.util.concurrent.Executors$RunnableAdapter.call(Executors.java:539)
        at java.base@17.0.12/java.util.concurrent.FutureTask.run(FutureTask.java:264)
        at java.base@17.0.12/java.util.concurrent.ThreadPoolExecutor.runWorker(ThreadPoolExecutor.java:1136)
        at java.base@17.0.12/java.util.concurrent.ThreadPoolExecutor$Worker.run(ThreadPoolExecutor.java:635)
        at java.base@17.0.12/java.lang.Thread.run(Thread.java:840)
"EventQueue-OpenPipelineForHealthyPipelineSafeModeRule" daemon prio=5 tid=904 in Object.wait()
java.lang.Thread.State: WAITING (on object monitor)
        at java.base@17.0.12/jdk.internal.misc.Unsafe.park(Native Method)
        at java.base@17.0.12/java.util.concurrent.locks.LockSupport.park(LockSupport.java:341)
        at java.base@17.0.12/java.util.concurrent.locks.AbstractQueuedSynchronizer$ConditionNode.block(AbstractQueuedSynchronizer.java:506)
        at java.base@17.0.12/java.util.concurrent.ForkJoinPool.unmanagedBlock(ForkJoinPool.java:3465)
        at java.base@17.0.12/java.util.concurrent.ForkJoinPool.managedBlock(ForkJoinPool.java:3436)
        at java.base@17.0.12/java.util.concurrent.locks.AbstractQueuedSynchronizer$ConditionObject.await(AbstractQueuedSynchronizer.java:1625)
        at java.base@17.0.12/java.util.concurrent.LinkedBlockingQueue.take(LinkedBlockingQueue.java:435)
        at java.base@17.0.12/java.util.concurrent.ThreadPoolExecutor.getTask(ThreadPoolExecutor.java:1062)
        at java.base@17.0.12/java.util.concurrent.ThreadPoolExecutor.runWorker(ThreadPoolExecutor.java:1122)
        at java.base@17.0.12/java.util.concurrent.ThreadPoolExecutor$Worker.run(ThreadPoolExecutor.java:635)
        at java.base@17.0.12/java.lang.Thread.run(Thread.java:840)
"IPC Server handler 23 on default port 15001" daemon prio=5 tid=208 timed_waiting
java.lang.Thread.State: TIMED_WAITING
        at java.base@17.0.12/jdk.internal.misc.Unsafe.park(Native Method)
        at java.base@17.0.12/java.util.concurrent.locks.LockSupport.parkNanos(LockSupport.java:252)
        at java.base@17.0.12/java.util.concurrent.locks.AbstractQueuedSynchronizer$ConditionObject.awaitNanos(AbstractQueuedSynchronizer.java:1674)
        at java.base@17.0.12/java.util.concurrent.LinkedBlockingQueue.poll(LinkedBlockingQueue.java:460)
        at app//org.apache.hadoop.ipc.CallQueueManager.take(CallQueueManager.java:317)
        at app//org.apache.hadoop.ipc.Server$Handler.run(Server.java:3014)
"IPC Server handler 8 on default port 15009" daemon prio=5 tid=527 timed_waiting
java.lang.Thread.State: TIMED_WAITING
        at java.base@17.0.12/jdk.internal.misc.Unsafe.park(Native Method)
        at java.base@17.0.12/java.util.concurrent.locks.LockSupport.parkNanos(LockSupport.java:252)
        at java.base@17.0.12/java.util.concurrent.locks.AbstractQueuedSynchronizer$ConditionObject.awaitNanos(AbstractQueuedSynchronizer.java:1674)
        at java.base@17.0.12/java.util.concurrent.LinkedBlockingQueue.poll(LinkedBlockingQueue.java:460)
        at app//org.apache.hadoop.ipc.CallQueueManager.take(CallQueueManager.java:317)
        at app//org.apache.hadoop.ipc.Server$Handler.run(Server.java:3014)
"IPC Server handler 38 on default port 15001" daemon prio=5 tid=223 timed_waiting
java.lang.Thread.State: TIMED_WAITING
        at java.base@17.0.12/jdk.internal.misc.Unsafe.park(Native Method)
        at java.base@17.0.12/java.util.concurrent.locks.LockSupport.parkNanos(LockSupport.java:252)
        at java.base@17.0.12/java.util.concurrent.locks.AbstractQueuedSynchronizer$ConditionObject.awaitNanos(AbstractQueuedSynchronizer.java:1674)
        at java.base@17.0.12/java.util.concurrent.LinkedBlockingQueue.poll(LinkedBlockingQueue.java:460)
        at app//org.apache.hadoop.ipc.CallQueueManager.take(CallQueueManager.java:317)
        at app//org.apache.hadoop.ipc.Server$Handler.run(Server.java:3014)
"Session-HouseKeeper-4f099ad6-1"  prio=5 tid=640 timed_waiting
java.lang.Thread.State: TIMED_WAITING
        at java.base@17.0.12/jdk.internal.misc.Unsafe.park(Native Method)
        at java.base@17.0.12/java.util.concurrent.locks.LockSupport.parkNanos(LockSupport.java:252)
        at java.base@17.0.12/java.util.concurrent.locks.AbstractQueuedSynchronizer$ConditionObject.awaitNanos(AbstractQueuedSynchronizer.java:1674)
        at java.base@17.0.12/java.util.concurrent.ScheduledThreadPoolExecutor$DelayedWorkQueue.take(ScheduledThreadPoolExecutor.java:1182)
        at java.base@17.0.12/java.util.concurrent.ScheduledThreadPoolExecutor$DelayedWorkQueue.take(ScheduledThreadPoolExecutor.java:899)
        at java.base@17.0.12/java.util.concurrent.ThreadPoolExecutor.getTask(ThreadPoolExecutor.java:1062)
        at java.base@17.0.12/java.util.concurrent.ThreadPoolExecutor.runWorker(ThreadPoolExecutor.java:1122)
        at java.base@17.0.12/java.util.concurrent.ThreadPoolExecutor$Worker.run(ThreadPoolExecutor.java:635)
        at java.base@17.0.12/java.lang.Thread.run(Thread.java:840)
"IPC Server handler 86 on default port 15002" daemon prio=5 tid=371 timed_waiting
java.lang.Thread.State: TIMED_WAITING
        at java.base@17.0.12/jdk.internal.misc.Unsafe.park(Native Method)
        at java.base@17.0.12/java.util.concurrent.locks.LockSupport.parkNanos(LockSupport.java:252)
        at java.base@17.0.12/java.util.concurrent.locks.AbstractQueuedSynchronizer$ConditionObject.awaitNanos(AbstractQueuedSynchronizer.java:1674)
        at java.base@17.0.12/java.util.concurrent.LinkedBlockingQueue.poll(LinkedBlockingQueue.java:460)
        at app//org.apache.hadoop.ipc.CallQueueManager.take(CallQueueManager.java:317)
        at app//org.apache.hadoop.ipc.Server$Handler.run(Server.java:3014)
"IPC Server handler 73 on default port 15002" daemon prio=5 tid=358 timed_waiting
java.lang.Thread.State: TIMED_WAITING
        at java.base@17.0.12/jdk.internal.misc.Unsafe.park(Native Method)
        at java.base@17.0.12/java.util.concurrent.locks.LockSupport.parkNanos(LockSupport.java:252)
        at java.base@17.0.12/java.util.concurrent.locks.AbstractQueuedSynchronizer$ConditionObject.awaitNanos(AbstractQueuedSynchronizer.java:1674)
        at java.base@17.0.12/java.util.concurrent.LinkedBlockingQueue.poll(LinkedBlockingQueue.java:460)
        at app//org.apache.hadoop.ipc.CallQueueManager.take(CallQueueManager.java:317)
        at app//org.apache.hadoop.ipc.Server$Handler.run(Server.java:3014)
"Socket Reader #4 for port 15001"  prio=5 tid=50 runnable
java.lang.Thread.State: RUNNABLE
        at java.base@17.0.12/sun.nio.ch.EPoll.wait(Native Method)
        at java.base@17.0.12/sun.nio.ch.EPollSelectorImpl.doSelect(EPollSelectorImpl.java:118)
        at java.base@17.0.12/sun.nio.ch.SelectorImpl.lockAndDoSelect(SelectorImpl.java:129)
        at java.base@17.0.12/sun.nio.ch.SelectorImpl.select(SelectorImpl.java:146)
        at app//org.apache.hadoop.ipc.Server$Listener$Reader.doRunLoop(Server.java:1346)
        at app//org.apache.hadoop.ipc.Server$Listener$Reader.run(Server.java:1325)
"om1@group-C5BA1605619E-LeaderStateImpl" daemon prio=5 tid=474 timed_waiting
java.lang.Thread.State: TIMED_WAITING
        at java.base@17.0.12/jdk.internal.misc.Unsafe.park(Native Method)
        at java.base@17.0.12/java.util.concurrent.locks.LockSupport.parkNanos(LockSupport.java:252)
        at java.base@17.0.12/java.util.concurrent.locks.AbstractQueuedSynchronizer$ConditionObject.awaitNanos(AbstractQueuedSynchronizer.java:1674)
        at java.base@17.0.12/java.util.concurrent.ArrayBlockingQueue.poll(ArrayBlockingQueue.java:435)
        at app//org.apache.ratis.server.impl.LeaderStateImpl$EventQueue.poll(LeaderStateImpl.java:164)
        at app//org.apache.ratis.server.impl.LeaderStateImpl$EventProcessor.run(LeaderStateImpl.java:766)
"IPC Server handler 29 on default port 15009" daemon prio=5 tid=548 timed_waiting
java.lang.Thread.State: TIMED_WAITING
        at java.base@17.0.12/jdk.internal.misc.Unsafe.park(Native Method)
        at java.base@17.0.12/java.util.concurrent.locks.LockSupport.parkNanos(LockSupport.java:252)
        at java.base@17.0.12/java.util.concurrent.locks.AbstractQueuedSynchronizer$ConditionObject.awaitNanos(AbstractQueuedSynchronizer.java:1674)
        at java.base@17.0.12/java.util.concurrent.LinkedBlockingQueue.poll(LinkedBlockingQueue.java:460)
        at app//org.apache.hadoop.ipc.CallQueueManager.take(CallQueueManager.java:317)
        at app//org.apache.hadoop.ipc.Server$Handler.run(Server.java:3014)
"Socket Reader #3 for port 15021"  prio=5 tid=690 runnable
java.lang.Thread.State: RUNNABLE
        at java.base@17.0.12/sun.nio.ch.EPoll.wait(Native Method)
        at java.base@17.0.12/sun.nio.ch.EPollSelectorImpl.doSelect(EPollSelectorImpl.java:118)
        at java.base@17.0.12/sun.nio.ch.SelectorImpl.lockAndDoSelect(SelectorImpl.java:129)
        at java.base@17.0.12/sun.nio.ch.SelectorImpl.select(SelectorImpl.java:146)
        at app//org.apache.hadoop.ipc.Server$Listener$Reader.doRunLoop(Server.java:1346)
        at app//org.apache.hadoop.ipc.Server$Listener$Reader.run(Server.java:1325)
"IPC Server handler 88 on default port 15002" daemon prio=5 tid=373 timed_waiting
java.lang.Thread.State: TIMED_WAITING
        at java.base@17.0.12/jdk.internal.misc.Unsafe.park(Native Method)
        at java.base@17.0.12/java.util.concurrent.locks.LockSupport.parkNanos(LockSupport.java:252)
        at java.base@17.0.12/java.util.concurrent.locks.AbstractQueuedSynchronizer$ConditionObject.awaitNanos(AbstractQueuedSynchronizer.java:1674)
        at java.base@17.0.12/java.util.concurrent.LinkedBlockingQueue.poll(LinkedBlockingQueue.java:460)
        at app//org.apache.hadoop.ipc.CallQueueManager.take(CallQueueManager.java:317)
        at app//org.apache.hadoop.ipc.Server$Handler.run(Server.java:3014)
"org.apache.hadoop.ozone.container.common.statemachine.commandhandler.DeleteBlocksCommandHandler$DeleteCmdWorker@56f4226" daemon prio=5 tid=676 timed_waiting
java.lang.Thread.State: TIMED_WAITING
        at java.base@17.0.12/java.lang.Thread.sleep(Native Method)
        at app//org.apache.hadoop.ozone.container.common.statemachine.commandhandler.DeleteBlocksCommandHandler$DeleteCmdWorker.run(DeleteBlocksCommandHandler.java:264)
        at java.base@17.0.12/java.lang.Thread.run(Thread.java:840)
"IPC Server handler 7 on default port 15001" daemon prio=5 tid=192 timed_waiting
java.lang.Thread.State: TIMED_WAITING
        at java.base@17.0.12/jdk.internal.misc.Unsafe.park(Native Method)
        at java.base@17.0.12/java.util.concurrent.locks.LockSupport.parkNanos(LockSupport.java:252)
        at java.base@17.0.12/java.util.concurrent.locks.AbstractQueuedSynchronizer$ConditionObject.awaitNanos(AbstractQueuedSynchronizer.java:1674)
        at java.base@17.0.12/java.util.concurrent.LinkedBlockingQueue.poll(LinkedBlockingQueue.java:460)
        at app//org.apache.hadoop.ipc.CallQueueManager.take(CallQueueManager.java:317)
        at app//org.apache.hadoop.ipc.Server$Handler.run(Server.java:3014)
"IPC Server handler 20 on default port 15001" daemon prio=5 tid=205 timed_waiting
java.lang.Thread.State: TIMED_WAITING
        at java.base@17.0.12/jdk.internal.misc.Unsafe.park(Native Method)
        at java.base@17.0.12/java.util.concurrent.locks.LockSupport.parkNanos(LockSupport.java:252)
        at java.base@17.0.12/java.util.concurrent.locks.AbstractQueuedSynchronizer$ConditionObject.awaitNanos(AbstractQueuedSynchronizer.java:1674)
        at java.base@17.0.12/java.util.concurrent.LinkedBlockingQueue.poll(LinkedBlockingQueue.java:460)
        at app//org.apache.hadoop.ipc.CallQueueManager.take(CallQueueManager.java:317)
        at app//org.apache.hadoop.ipc.Server$Handler.run(Server.java:3014)
"43b7afd8-9e19-4b34-aad7-81b8e915bbb6@group-C41EF94B1934-cacheEviction-AwaitToRun" daemon prio=5 tid=923 in Object.wait()
java.lang.Thread.State: WAITING (on object monitor)
        at java.base@17.0.12/jdk.internal.misc.Unsafe.park(Native Method)
        at java.base@17.0.12/java.util.concurrent.locks.LockSupport.park(LockSupport.java:341)
        at java.base@17.0.12/java.util.concurrent.locks.AbstractQueuedSynchronizer$ConditionNode.block(AbstractQueuedSynchronizer.java:506)
        at java.base@17.0.12/java.util.concurrent.ForkJoinPool.unmanagedBlock(ForkJoinPool.java:3465)
        at java.base@17.0.12/java.util.concurrent.ForkJoinPool.managedBlock(ForkJoinPool.java:3436)
        at java.base@17.0.12/java.util.concurrent.locks.AbstractQueuedSynchronizer$ConditionObject.await(AbstractQueuedSynchronizer.java:1625)
        at app//org.apache.ratis.util.AwaitForSignal.await(AwaitForSignal.java:48)
        at app//org.apache.ratis.util.AwaitToRun$RunnableImpl.run(AwaitToRun.java:47)
        at java.base@17.0.12/java.lang.Thread.run(Thread.java:840)
"731aafee-c06b-4662-9d20-472061f2d46e@group-C41EF94B1934->44ff6b06-02d2-44ad-8aa1-4af94363565f-GrpcLogAppender-LogAppenderDaemon" daemon prio=5 tid=988 timed_waiting
java.lang.Thread.State: TIMED_WAITING
        at java.base@17.0.12/jdk.internal.misc.Unsafe.park(Native Method)
        at java.base@17.0.12/java.util.concurrent.locks.LockSupport.parkNanos(LockSupport.java:252)
        at java.base@17.0.12/java.util.concurrent.locks.AbstractQueuedSynchronizer$ConditionObject.await(AbstractQueuedSynchronizer.java:1759)
        at app//org.apache.ratis.util.AwaitForSignal.await(AwaitForSignal.java:65)
        at app//org.apache.ratis.grpc.server.GrpcLogAppender.mayWait(GrpcLogAppender.java:290)
        at app//org.apache.ratis.grpc.server.GrpcLogAppender.run(GrpcLogAppender.java:258)
        at app//org.apache.ratis.server.leader.LogAppenderDaemon.run(LogAppenderDaemon.java:80)
        at app//org.apache.ratis.server.leader.LogAppenderDaemon$$Lambda$1935/0x00007fa908ea5b28.run(Unknown Source)
        at java.base@17.0.12/java.lang.Thread.run(Thread.java:840)
"gradle-enterprise-test-client-gradle-enterprise-test-listener"  prio=5 tid=18 in Object.wait()
java.lang.Thread.State: WAITING (on object monitor)
        at java.base@17.0.12/jdk.internal.misc.Unsafe.park(Native Method)
        at java.base@17.0.12/java.util.concurrent.locks.LockSupport.park(LockSupport.java:341)
        at java.base@17.0.12/java.util.concurrent.locks.AbstractQueuedSynchronizer$ConditionNode.block(AbstractQueuedSynchronizer.java:506)
        at java.base@17.0.12/java.util.concurrent.ForkJoinPool.unmanagedBlock(ForkJoinPool.java:3465)
        at java.base@17.0.12/java.util.concurrent.ForkJoinPool.managedBlock(ForkJoinPool.java:3436)
        at java.base@17.0.12/java.util.concurrent.locks.AbstractQueuedSynchronizer$ConditionObject.await(AbstractQueuedSynchronizer.java:1625)
        at java.base@17.0.12/java.util.concurrent.ArrayBlockingQueue.take(ArrayBlockingQueue.java:420)
        at app//com.gradle.maven.scan.extension.test.listener.obfuscated.k.a.a(SourceFile:130)
        at app//com.gradle.maven.scan.extension.test.listener.obfuscated.k.a.b(SourceFile:93)
        at app//com.gradle.maven.scan.extension.test.listener.obfuscated.k.a$$Lambda$307/0x00007fa9080bd000.run(Unknown Source)
        at java.base@17.0.12/java.util.concurrent.Executors$RunnableAdapter.call(Executors.java:539)
        at java.base@17.0.12/java.util.concurrent.FutureTask.run(FutureTask.java:264)
        at java.base@17.0.12/java.util.concurrent.ThreadPoolExecutor.runWorker(ThreadPoolExecutor.java:1136)
        at java.base@17.0.12/java.util.concurrent.ThreadPoolExecutor$Worker.run(ThreadPoolExecutor.java:635)
        at java.base@17.0.12/java.lang.Thread.run(Thread.java:840)
"IPC Server handler 85 on default port 15001" daemon prio=5 tid=270 timed_waiting
java.lang.Thread.State: TIMED_WAITING
        at java.base@17.0.12/jdk.internal.misc.Unsafe.park(Native Method)
        at java.base@17.0.12/java.util.concurrent.locks.LockSupport.parkNanos(LockSupport.java:252)
        at java.base@17.0.12/java.util.concurrent.locks.AbstractQueuedSynchronizer$ConditionObject.awaitNanos(AbstractQueuedSynchronizer.java:1674)
        at java.base@17.0.12/java.util.concurrent.LinkedBlockingQueue.poll(LinkedBlockingQueue.java:460)
        at app//org.apache.hadoop.ipc.CallQueueManager.take(CallQueueManager.java:317)
        at app//org.apache.hadoop.ipc.Server$Handler.run(Server.java:3014)
"IPC Server handler 38 on default port 15009" daemon prio=5 tid=557 timed_waiting
java.lang.Thread.State: TIMED_WAITING
        at java.base@17.0.12/jdk.internal.misc.Unsafe.park(Native Method)
        at java.base@17.0.12/java.util.concurrent.locks.LockSupport.parkNanos(LockSupport.java:252)
        at java.base@17.0.12/java.util.concurrent.locks.AbstractQueuedSynchronizer$ConditionObject.awaitNanos(AbstractQueuedSynchronizer.java:1674)
        at java.base@17.0.12/java.util.concurrent.LinkedBlockingQueue.poll(LinkedBlockingQueue.java:460)
        at app//org.apache.hadoop.ipc.CallQueueManager.take(CallQueueManager.java:317)
        at app//org.apache.hadoop.ipc.Server$Handler.run(Server.java:3014)
"Session-HouseKeeper-359c9b3b-1"  prio=5 tid=451 timed_waiting
java.lang.Thread.State: TIMED_WAITING
        at java.base@17.0.12/jdk.internal.misc.Unsafe.park(Native Method)
        at java.base@17.0.12/java.util.concurrent.locks.LockSupport.parkNanos(LockSupport.java:252)
        at java.base@17.0.12/java.util.concurrent.locks.AbstractQueuedSynchronizer$ConditionObject.awaitNanos(AbstractQueuedSynchronizer.java:1674)
        at java.base@17.0.12/java.util.concurrent.ScheduledThreadPoolExecutor$DelayedWorkQueue.take(ScheduledThreadPoolExecutor.java:1182)
        at java.base@17.0.12/java.util.concurrent.ScheduledThreadPoolExecutor$DelayedWorkQueue.take(ScheduledThreadPoolExecutor.java:899)
        at java.base@17.0.12/java.util.concurrent.ThreadPoolExecutor.getTask(ThreadPoolExecutor.java:1062)
        at java.base@17.0.12/java.util.concurrent.ThreadPoolExecutor.runWorker(ThreadPoolExecutor.java:1122)
        at java.base@17.0.12/java.util.concurrent.ThreadPoolExecutor$Worker.run(ThreadPoolExecutor.java:635)
        at java.base@17.0.12/java.lang.Thread.run(Thread.java:840)
"IPC Server handler 83 on default port 15001" daemon prio=5 tid=268 timed_waiting
java.lang.Thread.State: TIMED_WAITING
        at java.base@17.0.12/jdk.internal.misc.Unsafe.park(Native Method)
        at java.base@17.0.12/java.util.concurrent.locks.LockSupport.parkNanos(LockSupport.java:252)
        at java.base@17.0.12/java.util.concurrent.locks.AbstractQueuedSynchronizer$ConditionObject.awaitNanos(AbstractQueuedSynchronizer.java:1674)
        at java.base@17.0.12/java.util.concurrent.LinkedBlockingQueue.poll(LinkedBlockingQueue.java:460)
        at app//org.apache.hadoop.ipc.CallQueueManager.take(CallQueueManager.java:317)
        at app//org.apache.hadoop.ipc.Server$Handler.run(Server.java:3014)
"IPC Server handler 7 on default port 15009" daemon prio=5 tid=526 timed_waiting
java.lang.Thread.State: TIMED_WAITING
        at java.base@17.0.12/jdk.internal.misc.Unsafe.park(Native Method)
        at java.base@17.0.12/java.util.concurrent.locks.LockSupport.parkNanos(LockSupport.java:252)
        at java.base@17.0.12/java.util.concurrent.locks.AbstractQueuedSynchronizer$ConditionObject.awaitNanos(AbstractQueuedSynchronizer.java:1674)
        at java.base@17.0.12/java.util.concurrent.LinkedBlockingQueue.poll(LinkedBlockingQueue.java:460)
        at app//org.apache.hadoop.ipc.CallQueueManager.take(CallQueueManager.java:317)
        at app//org.apache.hadoop.ipc.Server$Handler.run(Server.java:3014)
"IPC Server handler 3 on default port 15009" daemon prio=5 tid=522 timed_waiting
java.lang.Thread.State: TIMED_WAITING
        at java.base@17.0.12/jdk.internal.misc.Unsafe.park(Native Method)
        at java.base@17.0.12/java.util.concurrent.locks.LockSupport.parkNanos(LockSupport.java:252)
        at java.base@17.0.12/java.util.concurrent.locks.AbstractQueuedSynchronizer$ConditionObject.awaitNanos(AbstractQueuedSynchronizer.java:1674)
        at java.base@17.0.12/java.util.concurrent.LinkedBlockingQueue.poll(LinkedBlockingQueue.java:460)
        at app//org.apache.hadoop.ipc.CallQueueManager.take(CallQueueManager.java:317)
        at app//org.apache.hadoop.ipc.Server$Handler.run(Server.java:3014)
"43b7afd8-9e19-4b34-aad7-81b8e915bbb6-RocksDBCompactionThread-0"  prio=5 tid=673 timed_waiting
java.lang.Thread.State: TIMED_WAITING
        at java.base@17.0.12/jdk.internal.misc.Unsafe.park(Native Method)
        at java.base@17.0.12/java.util.concurrent.locks.LockSupport.parkNanos(LockSupport.java:252)
        at java.base@17.0.12/java.util.concurrent.locks.AbstractQueuedSynchronizer$ConditionObject.awaitNanos(AbstractQueuedSynchronizer.java:1674)
        at java.base@17.0.12/java.util.concurrent.ScheduledThreadPoolExecutor$DelayedWorkQueue.take(ScheduledThreadPoolExecutor.java:1182)
        at java.base@17.0.12/java.util.concurrent.ScheduledThreadPoolExecutor$DelayedWorkQueue.take(ScheduledThreadPoolExecutor.java:899)
        at java.base@17.0.12/java.util.concurrent.ThreadPoolExecutor.getTask(ThreadPoolExecutor.java:1062)
        at java.base@17.0.12/java.util.concurrent.ThreadPoolExecutor.runWorker(ThreadPoolExecutor.java:1122)
        at java.base@17.0.12/java.util.concurrent.ThreadPoolExecutor$Worker.run(ThreadPoolExecutor.java:635)
        at java.base@17.0.12/java.lang.Thread.run(Thread.java:840)
"731aafee-c06b-4662-9d20-472061f2d46e-PeriodicHDDSVolumeChecker" daemon prio=5 tid=818 timed_waiting
java.lang.Thread.State: TIMED_WAITING
        at java.base@17.0.12/jdk.internal.misc.Unsafe.park(Native Method)
        at java.base@17.0.12/java.util.concurrent.locks.LockSupport.parkNanos(LockSupport.java:252)
        at java.base@17.0.12/java.util.concurrent.locks.AbstractQueuedSynchronizer$ConditionObject.awaitNanos(AbstractQueuedSynchronizer.java:1674)
        at java.base@17.0.12/java.util.concurrent.ScheduledThreadPoolExecutor$DelayedWorkQueue.take(ScheduledThreadPoolExecutor.java:1182)
        at java.base@17.0.12/java.util.concurrent.ScheduledThreadPoolExecutor$DelayedWorkQueue.take(ScheduledThreadPoolExecutor.java:899)
        at java.base@17.0.12/java.util.concurrent.ThreadPoolExecutor.getTask(ThreadPoolExecutor.java:1062)
        at java.base@17.0.12/java.util.concurrent.ThreadPoolExecutor.runWorker(ThreadPoolExecutor.java:1122)
        at java.base@17.0.12/java.util.concurrent.ThreadPoolExecutor$Worker.run(ThreadPoolExecutor.java:635)
        at java.base@17.0.12/java.lang.Thread.run(Thread.java:840)
"IPC Server handler 33 on default port 15000" daemon prio=5 tid=118 timed_waiting
java.lang.Thread.State: TIMED_WAITING
        at java.base@17.0.12/jdk.internal.misc.Unsafe.park(Native Method)
        at java.base@17.0.12/java.util.concurrent.locks.LockSupport.parkNanos(LockSupport.java:252)
        at java.base@17.0.12/java.util.concurrent.locks.AbstractQueuedSynchronizer$ConditionObject.awaitNanos(AbstractQueuedSynchronizer.java:1674)
        at java.base@17.0.12/java.util.concurrent.LinkedBlockingQueue.poll(LinkedBlockingQueue.java:460)
        at app//org.apache.hadoop.ipc.CallQueueManager.take(CallQueueManager.java:317)
        at app//org.apache.hadoop.ipc.Server$Handler.run(Server.java:3014)
"731aafee-c06b-4662-9d20-472061f2d46e-RocksDBCompactionThread-0"  prio=5 tid=626 timed_waiting
java.lang.Thread.State: TIMED_WAITING
        at java.base@17.0.12/jdk.internal.misc.Unsafe.park(Native Method)
        at java.base@17.0.12/java.util.concurrent.locks.LockSupport.parkNanos(LockSupport.java:252)
        at java.base@17.0.12/java.util.concurrent.locks.AbstractQueuedSynchronizer$ConditionObject.awaitNanos(AbstractQueuedSynchronizer.java:1674)
        at java.base@17.0.12/java.util.concurrent.ScheduledThreadPoolExecutor$DelayedWorkQueue.take(ScheduledThreadPoolExecutor.java:1182)
        at java.base@17.0.12/java.util.concurrent.ScheduledThreadPoolExecutor$DelayedWorkQueue.take(ScheduledThreadPoolExecutor.java:899)
        at java.base@17.0.12/java.util.concurrent.ThreadPoolExecutor.getTask(ThreadPoolExecutor.java:1062)
        at java.base@17.0.12/java.util.concurrent.ThreadPoolExecutor.runWorker(ThreadPoolExecutor.java:1122)
        at java.base@17.0.12/java.util.concurrent.ThreadPoolExecutor$Worker.run(ThreadPoolExecutor.java:635)
        at java.base@17.0.12/java.lang.Thread.run(Thread.java:840)
"44ff6b06-02d2-44ad-8aa1-4af94363565f@group-83D748725593-StateMachineUpdater" daemon prio=5 tid=954 timed_waiting
java.lang.Thread.State: TIMED_WAITING
        at java.base@17.0.12/jdk.internal.misc.Unsafe.park(Native Method)
        at java.base@17.0.12/java.util.concurrent.locks.LockSupport.parkNanos(LockSupport.java:252)
        at java.base@17.0.12/java.util.concurrent.locks.AbstractQueuedSynchronizer$ConditionObject.await(AbstractQueuedSynchronizer.java:1759)
        at app//org.apache.ratis.util.AwaitForSignal.await(AwaitForSignal.java:65)
        at app//org.apache.ratis.server.impl.StateMachineUpdater.waitForCommit(StateMachineUpdater.java:219)
        at app//org.apache.ratis.server.impl.StateMachineUpdater.run(StateMachineUpdater.java:187)
        at java.base@17.0.12/java.lang.Thread.run(Thread.java:840)
"IPC Server handler 17 on default port 15004" daemon prio=5 tid=469 timed_waiting
java.lang.Thread.State: TIMED_WAITING
        at java.base@17.0.12/jdk.internal.misc.Unsafe.park(Native Method)
        at java.base@17.0.12/java.util.concurrent.locks.LockSupport.parkNanos(LockSupport.java:252)
        at java.base@17.0.12/java.util.concurrent.locks.AbstractQueuedSynchronizer$ConditionObject.awaitNanos(AbstractQueuedSynchronizer.java:1674)
        at java.base@17.0.12/java.util.concurrent.LinkedBlockingQueue.poll(LinkedBlockingQueue.java:460)
        at app//org.apache.hadoop.ipc.CallQueueManager.take(CallQueueManager.java:317)
        at app//org.apache.hadoop.ipc.Server$Handler.run(Server.java:3014)
"Socket Reader #7 for port 15001"  prio=5 tid=53 runnable
java.lang.Thread.State: RUNNABLE
        at java.base@17.0.12/sun.nio.ch.EPoll.wait(Native Method)
        at java.base@17.0.12/sun.nio.ch.EPollSelectorImpl.doSelect(EPollSelectorImpl.java:118)
        at java.base@17.0.12/sun.nio.ch.SelectorImpl.lockAndDoSelect(SelectorImpl.java:129)
        at java.base@17.0.12/sun.nio.ch.SelectorImpl.select(SelectorImpl.java:146)
        at app//org.apache.hadoop.ipc.Server$Listener$Reader.doRunLoop(Server.java:1346)
        at app//org.apache.hadoop.ipc.Server$Listener$Reader.run(Server.java:1325)
"731aafee-c06b-4662-9d20-472061f2d46e-DataNodeDiskCheckerThread-0" daemon prio=5 tid=819 timed_waiting
java.lang.Thread.State: TIMED_WAITING
        at java.base@17.0.12/jdk.internal.misc.Unsafe.park(Native Method)
        at java.base@17.0.12/java.util.concurrent.locks.LockSupport.parkNanos(LockSupport.java:252)
        at java.base@17.0.12/java.util.concurrent.SynchronousQueue$TransferStack.transfer(SynchronousQueue.java:401)
        at java.base@17.0.12/java.util.concurrent.SynchronousQueue.poll(SynchronousQueue.java:903)
        at java.base@17.0.12/java.util.concurrent.ThreadPoolExecutor.getTask(ThreadPoolExecutor.java:1061)
        at java.base@17.0.12/java.util.concurrent.ThreadPoolExecutor.runWorker(ThreadPoolExecutor.java:1122)
        at java.base@17.0.12/java.util.concurrent.ThreadPoolExecutor$Worker.run(ThreadPoolExecutor.java:635)
        at java.base@17.0.12/java.lang.Thread.run(Thread.java:840)
"pool-160-thread-1"  prio=5 tid=723 timed_waiting
java.lang.Thread.State: TIMED_WAITING
        at java.base@17.0.12/jdk.internal.misc.Unsafe.park(Native Method)
        at java.base@17.0.12/java.util.concurrent.locks.LockSupport.parkNanos(LockSupport.java:252)
        at java.base@17.0.12/java.util.concurrent.locks.AbstractQueuedSynchronizer$ConditionObject.awaitNanos(AbstractQueuedSynchronizer.java:1674)
        at java.base@17.0.12/java.util.concurrent.ScheduledThreadPoolExecutor$DelayedWorkQueue.take(ScheduledThreadPoolExecutor.java:1182)
        at java.base@17.0.12/java.util.concurrent.ScheduledThreadPoolExecutor$DelayedWorkQueue.take(ScheduledThreadPoolExecutor.java:899)
        at java.base@17.0.12/java.util.concurrent.ThreadPoolExecutor.getTask(ThreadPoolExecutor.java:1062)
        at java.base@17.0.12/java.util.concurrent.ThreadPoolExecutor.runWorker(ThreadPoolExecutor.java:1122)
        at java.base@17.0.12/java.util.concurrent.ThreadPoolExecutor$Worker.run(ThreadPoolExecutor.java:635)
        at java.base@17.0.12/java.lang.Thread.run(Thread.java:840)
"IPC Server handler 13 on default port 15001" daemon prio=5 tid=198 timed_waiting
java.lang.Thread.State: TIMED_WAITING
        at java.base@17.0.12/jdk.internal.misc.Unsafe.park(Native Method)
        at java.base@17.0.12/java.util.concurrent.locks.LockSupport.parkNanos(LockSupport.java:252)
        at java.base@17.0.12/java.util.concurrent.locks.AbstractQueuedSynchronizer$ConditionObject.awaitNanos(AbstractQueuedSynchronizer.java:1674)
        at java.base@17.0.12/java.util.concurrent.LinkedBlockingQueue.poll(LinkedBlockingQueue.java:460)
        at app//org.apache.hadoop.ipc.CallQueueManager.take(CallQueueManager.java:317)
        at app//org.apache.hadoop.ipc.Server$Handler.run(Server.java:3014)
"731aafee-c06b-4662-9d20-472061f2d46e-ChunkWriter-1-0" daemon prio=5 tid=824 in Object.wait()
java.lang.Thread.State: WAITING (on object monitor)
        at java.base@17.0.12/jdk.internal.misc.Unsafe.park(Native Method)
        at java.base@17.0.12/java.util.concurrent.locks.LockSupport.park(LockSupport.java:341)
        at java.base@17.0.12/java.util.concurrent.locks.AbstractQueuedSynchronizer$ConditionNode.block(AbstractQueuedSynchronizer.java:506)
        at java.base@17.0.12/java.util.concurrent.ForkJoinPool.unmanagedBlock(ForkJoinPool.java:3465)
        at java.base@17.0.12/java.util.concurrent.ForkJoinPool.managedBlock(ForkJoinPool.java:3436)
        at java.base@17.0.12/java.util.concurrent.locks.AbstractQueuedSynchronizer$ConditionObject.await(AbstractQueuedSynchronizer.java:1625)
        at java.base@17.0.12/java.util.concurrent.LinkedBlockingDeque.takeFirst(LinkedBlockingDeque.java:485)
        at java.base@17.0.12/java.util.concurrent.LinkedBlockingDeque.take(LinkedBlockingDeque.java:673)
        at java.base@17.0.12/java.util.concurrent.ThreadPoolExecutor.getTask(ThreadPoolExecutor.java:1062)
        at java.base@17.0.12/java.util.concurrent.ThreadPoolExecutor.runWorker(ThreadPoolExecutor.java:1122)
        at java.base@17.0.12/java.util.concurrent.ThreadPoolExecutor$Worker.run(ThreadPoolExecutor.java:635)
        at java.base@17.0.12/java.lang.Thread.run(Thread.java:840)
"IPC Server handler 72 on default port 15000" daemon prio=5 tid=157 timed_waiting
java.lang.Thread.State: TIMED_WAITING
        at java.base@17.0.12/jdk.internal.misc.Unsafe.park(Native Method)
        at java.base@17.0.12/java.util.concurrent.locks.LockSupport.parkNanos(LockSupport.java:252)
        at java.base@17.0.12/java.util.concurrent.locks.AbstractQueuedSynchronizer$ConditionObject.awaitNanos(AbstractQueuedSynchronizer.java:1674)
        at java.base@17.0.12/java.util.concurrent.LinkedBlockingQueue.poll(LinkedBlockingQueue.java:460)
        at app//org.apache.hadoop.ipc.CallQueueManager.take(CallQueueManager.java:317)
        at app//org.apache.hadoop.ipc.Server$Handler.run(Server.java:3014)
"IPC Server handler 71 on default port 15000" daemon prio=5 tid=156 timed_waiting
java.lang.Thread.State: TIMED_WAITING
        at java.base@17.0.12/jdk.internal.misc.Unsafe.park(Native Method)
        at java.base@17.0.12/java.util.concurrent.locks.LockSupport.parkNanos(LockSupport.java:252)
        at java.base@17.0.12/java.util.concurrent.locks.AbstractQueuedSynchronizer$ConditionObject.awaitNanos(AbstractQueuedSynchronizer.java:1674)
        at java.base@17.0.12/java.util.concurrent.LinkedBlockingQueue.poll(LinkedBlockingQueue.java:460)
        at app//org.apache.hadoop.ipc.CallQueueManager.take(CallQueueManager.java:317)
        at app//org.apache.hadoop.ipc.Server$Handler.run(Server.java:3014)
"IPC Server handler 15 on default port 15002" daemon prio=5 tid=300 timed_waiting
java.lang.Thread.State: TIMED_WAITING
        at java.base@17.0.12/jdk.internal.misc.Unsafe.park(Native Method)
        at java.base@17.0.12/java.util.concurrent.locks.LockSupport.parkNanos(LockSupport.java:252)
        at java.base@17.0.12/java.util.concurrent.locks.AbstractQueuedSynchronizer$ConditionObject.awaitNanos(AbstractQueuedSynchronizer.java:1674)
        at java.base@17.0.12/java.util.concurrent.LinkedBlockingQueue.poll(LinkedBlockingQueue.java:460)
        at app//org.apache.hadoop.ipc.CallQueueManager.take(CallQueueManager.java:317)
        at app//org.apache.hadoop.ipc.Server$Handler.run(Server.java:3014)
"EventQueue-PipelineReportForOneReplicaPipelineSafeModeRule" daemon prio=5 tid=897 in Object.wait()
java.lang.Thread.State: WAITING (on object monitor)
        at java.base@17.0.12/jdk.internal.misc.Unsafe.park(Native Method)
        at java.base@17.0.12/java.util.concurrent.locks.LockSupport.park(LockSupport.java:341)
        at java.base@17.0.12/java.util.concurrent.locks.AbstractQueuedSynchronizer$ConditionNode.block(AbstractQueuedSynchronizer.java:506)
        at java.base@17.0.12/java.util.concurrent.ForkJoinPool.unmanagedBlock(ForkJoinPool.java:3465)
        at java.base@17.0.12/java.util.concurrent.ForkJoinPool.managedBlock(ForkJoinPool.java:3436)
        at java.base@17.0.12/java.util.concurrent.locks.AbstractQueuedSynchronizer$ConditionObject.await(AbstractQueuedSynchronizer.java:1625)
        at java.base@17.0.12/java.util.concurrent.LinkedBlockingQueue.take(LinkedBlockingQueue.java:435)
        at java.base@17.0.12/java.util.concurrent.ThreadPoolExecutor.getTask(ThreadPoolExecutor.java:1062)
        at java.base@17.0.12/java.util.concurrent.ThreadPoolExecutor.runWorker(ThreadPoolExecutor.java:1122)
        at java.base@17.0.12/java.util.concurrent.ThreadPoolExecutor$Worker.run(ThreadPoolExecutor.java:635)
        at java.base@17.0.12/java.lang.Thread.run(Thread.java:840)
"IPC Server handler 57 on default port 15002" daemon prio=5 tid=342 timed_waiting
java.lang.Thread.State: TIMED_WAITING
        at java.base@17.0.12/jdk.internal.misc.Unsafe.park(Native Method)
        at java.base@17.0.12/java.util.concurrent.locks.LockSupport.parkNanos(LockSupport.java:252)
        at java.base@17.0.12/java.util.concurrent.locks.AbstractQueuedSynchronizer$ConditionObject.awaitNanos(AbstractQueuedSynchronizer.java:1674)
        at java.base@17.0.12/java.util.concurrent.LinkedBlockingQueue.poll(LinkedBlockingQueue.java:460)
        at app//org.apache.hadoop.ipc.CallQueueManager.take(CallQueueManager.java:317)
        at app//org.apache.hadoop.ipc.Server$Handler.run(Server.java:3014)
"SCMBlockDeletingService#0" daemon prio=5 tid=385 timed_waiting
java.lang.Thread.State: TIMED_WAITING
        at java.base@17.0.12/jdk.internal.misc.Unsafe.park(Native Method)
        at java.base@17.0.12/java.util.concurrent.locks.LockSupport.parkNanos(LockSupport.java:252)
        at java.base@17.0.12/java.util.concurrent.locks.AbstractQueuedSynchronizer$ConditionObject.awaitNanos(AbstractQueuedSynchronizer.java:1674)
        at java.base@17.0.12/java.util.concurrent.ScheduledThreadPoolExecutor$DelayedWorkQueue.take(ScheduledThreadPoolExecutor.java:1182)
        at java.base@17.0.12/java.util.concurrent.ScheduledThreadPoolExecutor$DelayedWorkQueue.take(ScheduledThreadPoolExecutor.java:899)
        at java.base@17.0.12/java.util.concurrent.ThreadPoolExecutor.getTask(ThreadPoolExecutor.java:1062)
        at java.base@17.0.12/java.util.concurrent.ThreadPoolExecutor.runWorker(ThreadPoolExecutor.java:1122)
        at java.base@17.0.12/java.util.concurrent.ThreadPoolExecutor$Worker.run(ThreadPoolExecutor.java:635)
        at java.base@17.0.12/java.lang.Thread.run(Thread.java:840)
"qtp798439904-448" daemon prio=5 tid=448 timed_waiting
java.lang.Thread.State: TIMED_WAITING
        at java.base@17.0.12/jdk.internal.misc.Unsafe.park(Native Method)
        at java.base@17.0.12/java.util.concurrent.locks.LockSupport.parkNanos(LockSupport.java:252)
        at java.base@17.0.12/java.util.concurrent.locks.AbstractQueuedSynchronizer$ConditionObject.awaitNanos(AbstractQueuedSynchronizer.java:1674)
        at app//org.eclipse.jetty.util.BlockingArrayQueue.poll(BlockingArrayQueue.java:382)
        at app//org.eclipse.jetty.util.thread.QueuedThreadPool$Runner.idleJobPoll(QueuedThreadPool.java:974)
        at app//org.eclipse.jetty.util.thread.QueuedThreadPool$Runner.run(QueuedThreadPool.java:1018)
        at java.base@17.0.12/java.lang.Thread.run(Thread.java:840)
"IPC Server handler 41 on default port 15002" daemon prio=5 tid=326 timed_waiting
java.lang.Thread.State: TIMED_WAITING
        at java.base@17.0.12/jdk.internal.misc.Unsafe.park(Native Method)
        at java.base@17.0.12/java.util.concurrent.locks.LockSupport.parkNanos(LockSupport.java:252)
        at java.base@17.0.12/java.util.concurrent.locks.AbstractQueuedSynchronizer$ConditionObject.awaitNanos(AbstractQueuedSynchronizer.java:1674)
        at java.base@17.0.12/java.util.concurrent.LinkedBlockingQueue.poll(LinkedBlockingQueue.java:460)
        at app//org.apache.hadoop.ipc.CallQueueManager.take(CallQueueManager.java:317)
        at app//org.apache.hadoop.ipc.Server$Handler.run(Server.java:3014)
"om1-SnapshotDeletingService#0" daemon prio=5 tid=440 timed_waiting
java.lang.Thread.State: TIMED_WAITING
        at java.base@17.0.12/jdk.internal.misc.Unsafe.park(Native Method)
        at java.base@17.0.12/java.util.concurrent.locks.LockSupport.parkNanos(LockSupport.java:252)
        at java.base@17.0.12/java.util.concurrent.locks.AbstractQueuedSynchronizer$ConditionObject.awaitNanos(AbstractQueuedSynchronizer.java:1674)
        at java.base@17.0.12/java.util.concurrent.ScheduledThreadPoolExecutor$DelayedWorkQueue.take(ScheduledThreadPoolExecutor.java:1182)
        at java.base@17.0.12/java.util.concurrent.ScheduledThreadPoolExecutor$DelayedWorkQueue.take(ScheduledThreadPoolExecutor.java:899)
        at java.base@17.0.12/java.util.concurrent.ThreadPoolExecutor.getTask(ThreadPoolExecutor.java:1062)
        at java.base@17.0.12/java.util.concurrent.ThreadPoolExecutor.runWorker(ThreadPoolExecutor.java:1122)
        at java.base@17.0.12/java.util.concurrent.ThreadPoolExecutor$Worker.run(ThreadPoolExecutor.java:635)
        at java.base@17.0.12/java.lang.Thread.run(Thread.java:840)
"IPC Server handler 14 on default port 15002" daemon prio=5 tid=299 timed_waiting
java.lang.Thread.State: TIMED_WAITING
        at java.base@17.0.12/jdk.internal.misc.Unsafe.park(Native Method)
        at java.base@17.0.12/java.util.concurrent.locks.LockSupport.parkNanos(LockSupport.java:252)
        at java.base@17.0.12/java.util.concurrent.locks.AbstractQueuedSynchronizer$ConditionObject.awaitNanos(AbstractQueuedSynchronizer.java:1674)
        at java.base@17.0.12/java.util.concurrent.LinkedBlockingQueue.poll(LinkedBlockingQueue.java:460)
        at app//org.apache.hadoop.ipc.CallQueueManager.take(CallQueueManager.java:317)
        at app//org.apache.hadoop.ipc.Server$Handler.run(Server.java:3014)
"IPC Server handler 7 on default port 15002" daemon prio=5 tid=292 timed_waiting
java.lang.Thread.State: TIMED_WAITING
        at java.base@17.0.12/jdk.internal.misc.Unsafe.park(Native Method)
        at java.base@17.0.12/java.util.concurrent.locks.LockSupport.parkNanos(LockSupport.java:252)
        at java.base@17.0.12/java.util.concurrent.locks.AbstractQueuedSynchronizer$ConditionObject.awaitNanos(AbstractQueuedSynchronizer.java:1674)
        at java.base@17.0.12/java.util.concurrent.LinkedBlockingQueue.poll(LinkedBlockingQueue.java:460)
        at app//org.apache.hadoop.ipc.CallQueueManager.take(CallQueueManager.java:317)
        at app//org.apache.hadoop.ipc.Server$Handler.run(Server.java:3014)
"Session-HouseKeeper-3111291c-1"  prio=5 tid=732 timed_waiting
java.lang.Thread.State: TIMED_WAITING
        at java.base@17.0.12/jdk.internal.misc.Unsafe.park(Native Method)
        at java.base@17.0.12/java.util.concurrent.locks.LockSupport.parkNanos(LockSupport.java:252)
        at java.base@17.0.12/java.util.concurrent.locks.AbstractQueuedSynchronizer$ConditionObject.awaitNanos(AbstractQueuedSynchronizer.java:1674)
        at java.base@17.0.12/java.util.concurrent.ScheduledThreadPoolExecutor$DelayedWorkQueue.take(ScheduledThreadPoolExecutor.java:1182)
        at java.base@17.0.12/java.util.concurrent.ScheduledThreadPoolExecutor$DelayedWorkQueue.take(ScheduledThreadPoolExecutor.java:899)
        at java.base@17.0.12/java.util.concurrent.ThreadPoolExecutor.getTask(ThreadPoolExecutor.java:1062)
        at java.base@17.0.12/java.util.concurrent.ThreadPoolExecutor.runWorker(ThreadPoolExecutor.java:1122)
        at java.base@17.0.12/java.util.concurrent.ThreadPoolExecutor$Worker.run(ThreadPoolExecutor.java:635)
        at java.base@17.0.12/java.lang.Thread.run(Thread.java:840)
"IPC Server handler 58 on default port 15001" daemon prio=5 tid=243 timed_waiting
java.lang.Thread.State: TIMED_WAITING
        at java.base@17.0.12/jdk.internal.misc.Unsafe.park(Native Method)
        at java.base@17.0.12/java.util.concurrent.locks.LockSupport.parkNanos(LockSupport.java:252)
        at java.base@17.0.12/java.util.concurrent.locks.AbstractQueuedSynchronizer$ConditionObject.awaitNanos(AbstractQueuedSynchronizer.java:1674)
        at java.base@17.0.12/java.util.concurrent.LinkedBlockingQueue.poll(LinkedBlockingQueue.java:460)
        at app//org.apache.hadoop.ipc.CallQueueManager.take(CallQueueManager.java:317)
        at app//org.apache.hadoop.ipc.Server$Handler.run(Server.java:3014)
"Socket Reader #2 for port 15004"  prio=5 tid=413 runnable
java.lang.Thread.State: RUNNABLE
        at java.base@17.0.12/sun.nio.ch.EPoll.wait(Native Method)
        at java.base@17.0.12/sun.nio.ch.EPollSelectorImpl.doSelect(EPollSelectorImpl.java:118)
        at java.base@17.0.12/sun.nio.ch.SelectorImpl.lockAndDoSelect(SelectorImpl.java:129)
        at java.base@17.0.12/sun.nio.ch.SelectorImpl.select(SelectorImpl.java:146)
        at app//org.apache.hadoop.ipc.Server$Listener$Reader.doRunLoop(Server.java:1346)
        at app//org.apache.hadoop.ipc.Server$Listener$Reader.run(Server.java:1325)
"IPC Server handler 48 on default port 15000" daemon prio=5 tid=133 timed_waiting
java.lang.Thread.State: TIMED_WAITING
        at java.base@17.0.12/jdk.internal.misc.Unsafe.park(Native Method)
        at java.base@17.0.12/java.util.concurrent.locks.LockSupport.parkNanos(LockSupport.java:252)
        at java.base@17.0.12/java.util.concurrent.locks.AbstractQueuedSynchronizer$ConditionObject.awaitNanos(AbstractQueuedSynchronizer.java:1674)
        at java.base@17.0.12/java.util.concurrent.LinkedBlockingQueue.poll(LinkedBlockingQueue.java:460)
        at app//org.apache.hadoop.ipc.CallQueueManager.take(CallQueueManager.java:317)
        at app//org.apache.hadoop.ipc.Server$Handler.run(Server.java:3014)
"IPC Server handler 88 on default port 15000" daemon prio=5 tid=173 timed_waiting
java.lang.Thread.State: TIMED_WAITING
        at java.base@17.0.12/jdk.internal.misc.Unsafe.park(Native Method)
        at java.base@17.0.12/java.util.concurrent.locks.LockSupport.parkNanos(LockSupport.java:252)
        at java.base@17.0.12/java.util.concurrent.locks.AbstractQueuedSynchronizer$ConditionObject.awaitNanos(AbstractQueuedSynchronizer.java:1674)
        at java.base@17.0.12/java.util.concurrent.LinkedBlockingQueue.poll(LinkedBlockingQueue.java:460)
        at app//org.apache.hadoop.ipc.CallQueueManager.take(CallQueueManager.java:317)
        at app//org.apache.hadoop.ipc.Server$Handler.run(Server.java:3014)
"44ff6b06-02d2-44ad-8aa1-4af94363565f-BlockDeletingService#1" daemon prio=5 tid=870 in Object.wait()
java.lang.Thread.State: WAITING (on object monitor)
        at java.base@17.0.12/jdk.internal.misc.Unsafe.park(Native Method)
        at java.base@17.0.12/java.util.concurrent.locks.LockSupport.park(LockSupport.java:341)
        at java.base@17.0.12/java.util.concurrent.locks.AbstractQueuedSynchronizer$ConditionNode.block(AbstractQueuedSynchronizer.java:506)
        at java.base@17.0.12/java.util.concurrent.ForkJoinPool.unmanagedBlock(ForkJoinPool.java:3465)
        at java.base@17.0.12/java.util.concurrent.ForkJoinPool.managedBlock(ForkJoinPool.java:3436)
        at java.base@17.0.12/java.util.concurrent.locks.AbstractQueuedSynchronizer$ConditionObject.await(AbstractQueuedSynchronizer.java:1625)
        at java.base@17.0.12/java.util.concurrent.ScheduledThreadPoolExecutor$DelayedWorkQueue.take(ScheduledThreadPoolExecutor.java:1177)
        at java.base@17.0.12/java.util.concurrent.ScheduledThreadPoolExecutor$DelayedWorkQueue.take(ScheduledThreadPoolExecutor.java:899)
        at java.base@17.0.12/java.util.concurrent.ThreadPoolExecutor.getTask(ThreadPoolExecutor.java:1062)
        at java.base@17.0.12/java.util.concurrent.ThreadPoolExecutor.runWorker(ThreadPoolExecutor.java:1122)
        at java.base@17.0.12/java.util.concurrent.ThreadPoolExecutor$Worker.run(ThreadPoolExecutor.java:635)
        at java.base@17.0.12/java.lang.Thread.run(Thread.java:840)
"IPC Server handler 96 on default port 15000" daemon prio=5 tid=181 timed_waiting
java.lang.Thread.State: TIMED_WAITING
        at java.base@17.0.12/jdk.internal.misc.Unsafe.park(Native Method)
        at java.base@17.0.12/java.util.concurrent.locks.LockSupport.parkNanos(LockSupport.java:252)
        at java.base@17.0.12/java.util.concurrent.locks.AbstractQueuedSynchronizer$ConditionObject.awaitNanos(AbstractQueuedSynchronizer.java:1674)
        at java.base@17.0.12/java.util.concurrent.LinkedBlockingQueue.poll(LinkedBlockingQueue.java:460)
        at app//org.apache.hadoop.ipc.CallQueueManager.take(CallQueueManager.java:317)
        at app//org.apache.hadoop.ipc.Server$Handler.run(Server.java:3014)
"IPC Server handler 8 on default port 15012" daemon prio=5 tid=663 timed_waiting
java.lang.Thread.State: TIMED_WAITING
        at java.base@17.0.12/jdk.internal.misc.Unsafe.park(Native Method)
        at java.base@17.0.12/java.util.concurrent.locks.LockSupport.parkNanos(LockSupport.java:252)
        at java.base@17.0.12/java.util.concurrent.locks.AbstractQueuedSynchronizer$ConditionObject.awaitNanos(AbstractQueuedSynchronizer.java:1674)
        at java.base@17.0.12/java.util.concurrent.LinkedBlockingQueue.poll(LinkedBlockingQueue.java:460)
        at app//org.apache.hadoop.ipc.CallQueueManager.take(CallQueueManager.java:317)
        at app//org.apache.hadoop.ipc.Server$Handler.run(Server.java:3014)
"JvmPauseMonitor5" daemon prio=5 tid=865 timed_waiting
java.lang.Thread.State: TIMED_WAITING
        at java.base@17.0.12/java.lang.Thread.sleep(Native Method)
        at java.base@17.0.12/java.lang.Thread.sleep(Thread.java:344)
        at java.base@17.0.12/java.util.concurrent.TimeUnit.sleep(TimeUnit.java:446)
        at app//org.apache.ratis.util.TimeDuration.sleep(TimeDuration.java:353)
        at app//org.apache.ratis.util.TimeDuration.sleep(TimeDuration.java:338)
        at app//org.apache.ratis.util.JvmPauseMonitor.detectPause(JvmPauseMonitor.java:160)
        at app//org.apache.ratis.util.JvmPauseMonitor.run(JvmPauseMonitor.java:149)
        at app//org.apache.ratis.util.JvmPauseMonitor$$Lambda$784/0x00007fa9084f6228.run(Unknown Source)
        at java.base@17.0.12/java.lang.Thread.run(Thread.java:840)
"IPC Server Responder" daemon prio=5 tid=72 runnable
java.lang.Thread.State: RUNNABLE
        at java.base@17.0.12/sun.nio.ch.EPoll.wait(Native Method)
        at java.base@17.0.12/sun.nio.ch.EPollSelectorImpl.doSelect(EPollSelectorImpl.java:118)
        at java.base@17.0.12/sun.nio.ch.SelectorImpl.lockAndDoSelect(SelectorImpl.java:129)
        at java.base@17.0.12/sun.nio.ch.SelectorImpl.select(SelectorImpl.java:141)
        at app//org.apache.hadoop.ipc.Server$Responder.doRunLoop(Server.java:1582)
        at app//org.apache.hadoop.ipc.Server$Responder.run(Server.java:1565)
"Socket Reader #1 for port 15030"  prio=5 tid=734 runnable
java.lang.Thread.State: RUNNABLE
        at java.base@17.0.12/sun.nio.ch.EPoll.wait(Native Method)
        at java.base@17.0.12/sun.nio.ch.EPollSelectorImpl.doSelect(EPollSelectorImpl.java:118)
        at java.base@17.0.12/sun.nio.ch.SelectorImpl.lockAndDoSelect(SelectorImpl.java:129)
        at java.base@17.0.12/sun.nio.ch.SelectorImpl.select(SelectorImpl.java:146)
        at app//org.apache.hadoop.ipc.Server$Listener$Reader.doRunLoop(Server.java:1346)
        at app//org.apache.hadoop.ipc.Server$Listener$Reader.run(Server.java:1325)
"IPC Server handler 79 on default port 15002" daemon prio=5 tid=364 timed_waiting
java.lang.Thread.State: TIMED_WAITING
        at java.base@17.0.12/jdk.internal.misc.Unsafe.park(Native Method)
        at java.base@17.0.12/java.util.concurrent.locks.LockSupport.parkNanos(LockSupport.java:252)
        at java.base@17.0.12/java.util.concurrent.locks.AbstractQueuedSynchronizer$ConditionObject.awaitNanos(AbstractQueuedSynchronizer.java:1674)
        at java.base@17.0.12/java.util.concurrent.LinkedBlockingQueue.poll(LinkedBlockingQueue.java:460)
        at app//org.apache.hadoop.ipc.CallQueueManager.take(CallQueueManager.java:317)
        at app//org.apache.hadoop.ipc.Server$Handler.run(Server.java:3014)
"IPC Server handler 28 on default port 15002" daemon prio=5 tid=313 timed_waiting
java.lang.Thread.State: TIMED_WAITING
        at java.base@17.0.12/jdk.internal.misc.Unsafe.park(Native Method)
        at java.base@17.0.12/java.util.concurrent.locks.LockSupport.parkNanos(LockSupport.java:252)
        at java.base@17.0.12/java.util.concurrent.locks.AbstractQueuedSynchronizer$ConditionObject.awaitNanos(AbstractQueuedSynchronizer.java:1674)
        at java.base@17.0.12/java.util.concurrent.LinkedBlockingQueue.poll(LinkedBlockingQueue.java:460)
        at app//org.apache.hadoop.ipc.CallQueueManager.take(CallQueueManager.java:317)
        at app//org.apache.hadoop.ipc.Server$Handler.run(Server.java:3014)
"pool-30-thread-1"  prio=5 tid=388 timed_waiting
java.lang.Thread.State: TIMED_WAITING
        at java.base@17.0.12/jdk.internal.misc.Unsafe.park(Native Method)
        at java.base@17.0.12/java.util.concurrent.locks.LockSupport.parkNanos(LockSupport.java:252)
        at java.base@17.0.12/java.util.concurrent.locks.AbstractQueuedSynchronizer$ConditionObject.awaitNanos(AbstractQueuedSynchronizer.java:1674)
        at java.base@17.0.12/java.util.concurrent.ScheduledThreadPoolExecutor$DelayedWorkQueue.take(ScheduledThreadPoolExecutor.java:1182)
        at java.base@17.0.12/java.util.concurrent.ScheduledThreadPoolExecutor$DelayedWorkQueue.take(ScheduledThreadPoolExecutor.java:899)
        at java.base@17.0.12/java.util.concurrent.ThreadPoolExecutor.getTask(ThreadPoolExecutor.java:1062)
        at java.base@17.0.12/java.util.concurrent.ThreadPoolExecutor.runWorker(ThreadPoolExecutor.java:1122)
        at java.base@17.0.12/java.util.concurrent.ThreadPoolExecutor$Worker.run(ThreadPoolExecutor.java:635)
        at java.base@17.0.12/java.lang.Thread.run(Thread.java:840)
"IPC Server handler 57 on default port 15000" daemon prio=5 tid=142 timed_waiting
java.lang.Thread.State: TIMED_WAITING
        at java.base@17.0.12/jdk.internal.misc.Unsafe.park(Native Method)
        at java.base@17.0.12/java.util.concurrent.locks.LockSupport.parkNanos(LockSupport.java:252)
        at java.base@17.0.12/java.util.concurrent.locks.AbstractQueuedSynchronizer$ConditionObject.awaitNanos(AbstractQueuedSynchronizer.java:1674)
        at java.base@17.0.12/java.util.concurrent.LinkedBlockingQueue.poll(LinkedBlockingQueue.java:460)
        at app//org.apache.hadoop.ipc.CallQueueManager.take(CallQueueManager.java:317)
        at app//org.apache.hadoop.ipc.Server$Handler.run(Server.java:3014)
"qtp119423135-389" daemon prio=5 tid=389 runnable
java.lang.Thread.State: RUNNABLE
        at java.base@17.0.12/sun.nio.ch.EPoll.wait(Native Method)
        at java.base@17.0.12/sun.nio.ch.EPollSelectorImpl.doSelect(EPollSelectorImpl.java:118)
        at java.base@17.0.12/sun.nio.ch.SelectorImpl.lockAndDoSelect(SelectorImpl.java:129)
        at java.base@17.0.12/sun.nio.ch.SelectorImpl.select(SelectorImpl.java:146)
        at app//org.eclipse.jetty.io.ManagedSelector.nioSelect(ManagedSelector.java:183)
        at app//org.eclipse.jetty.io.ManagedSelector.select(ManagedSelector.java:190)
        at app//org.eclipse.jetty.io.ManagedSelector$SelectorProducer.select(ManagedSelector.java:606)
        at app//org.eclipse.jetty.io.ManagedSelector$SelectorProducer.produce(ManagedSelector.java:543)
        at app//org.eclipse.jetty.util.thread.strategy.EatWhatYouKill.produceTask(EatWhatYouKill.java:362)
        at app//org.eclipse.jetty.util.thread.strategy.EatWhatYouKill.doProduce(EatWhatYouKill.java:186)
        at app//org.eclipse.jetty.util.thread.strategy.EatWhatYouKill.tryProduce(EatWhatYouKill.java:173)
        at app//org.eclipse.jetty.util.thread.strategy.EatWhatYouKill.produce(EatWhatYouKill.java:137)
        at app//org.eclipse.jetty.io.ManagedSelector$$Lambda$824/0x00007fa908550000.run(Unknown Source)
        at app//org.eclipse.jetty.util.thread.QueuedThreadPool.runJob(QueuedThreadPool.java:883)
        at app//org.eclipse.jetty.util.thread.QueuedThreadPool$Runner.run(QueuedThreadPool.java:1034)
        at java.base@17.0.12/java.lang.Thread.run(Thread.java:840)
"Socket Reader #2 for port 15009"  prio=5 tid=484 runnable
java.lang.Thread.State: RUNNABLE
        at java.base@17.0.12/sun.nio.ch.EPoll.wait(Native Method)
        at java.base@17.0.12/sun.nio.ch.EPollSelectorImpl.doSelect(EPollSelectorImpl.java:118)
        at java.base@17.0.12/sun.nio.ch.SelectorImpl.lockAndDoSelect(SelectorImpl.java:129)
        at java.base@17.0.12/sun.nio.ch.SelectorImpl.select(SelectorImpl.java:146)
        at app//org.apache.hadoop.ipc.Server$Listener$Reader.doRunLoop(Server.java:1346)
        at app//org.apache.hadoop.ipc.Server$Listener$Reader.run(Server.java:1325)
"IPC Server handler 44 on default port 15009" daemon prio=5 tid=563 timed_waiting
java.lang.Thread.State: TIMED_WAITING
        at java.base@17.0.12/jdk.internal.misc.Unsafe.park(Native Method)
        at java.base@17.0.12/java.util.concurrent.locks.LockSupport.parkNanos(LockSupport.java:252)
        at java.base@17.0.12/java.util.concurrent.locks.AbstractQueuedSynchronizer$ConditionObject.awaitNanos(AbstractQueuedSynchronizer.java:1674)
        at java.base@17.0.12/java.util.concurrent.LinkedBlockingQueue.poll(LinkedBlockingQueue.java:460)
        at app//org.apache.hadoop.ipc.CallQueueManager.take(CallQueueManager.java:317)
        at app//org.apache.hadoop.ipc.Server$Handler.run(Server.java:3014)
"qtp119423135-391" daemon prio=5 tid=391 timed_waiting
java.lang.Thread.State: TIMED_WAITING
        at java.base@17.0.12/jdk.internal.misc.Unsafe.park(Native Method)
        at java.base@17.0.12/java.util.concurrent.locks.LockSupport.parkNanos(LockSupport.java:252)
        at java.base@17.0.12/java.util.concurrent.locks.AbstractQueuedSynchronizer$ConditionObject.awaitNanos(AbstractQueuedSynchronizer.java:1674)
        at app//org.eclipse.jetty.util.BlockingArrayQueue.poll(BlockingArrayQueue.java:382)
        at app//org.eclipse.jetty.util.thread.QueuedThreadPool$Runner.idleJobPoll(QueuedThreadPool.java:974)
        at app//org.eclipse.jetty.util.thread.QueuedThreadPool$Runner.run(QueuedThreadPool.java:1018)
        at java.base@17.0.12/java.lang.Thread.run(Thread.java:840)
"FixedThreadPoolWithAffinityExecutor-3-0" daemon prio=5 tid=77 timed_waiting
java.lang.Thread.State: TIMED_WAITING
        at java.base@17.0.12/jdk.internal.misc.Unsafe.park(Native Method)
        at java.base@17.0.12/java.util.concurrent.locks.LockSupport.parkNanos(LockSupport.java:252)
        at java.base@17.0.12/java.util.concurrent.locks.AbstractQueuedSynchronizer$ConditionObject.awaitNanos(AbstractQueuedSynchronizer.java:1674)
        at java.base@17.0.12/java.util.concurrent.LinkedBlockingQueue.poll(LinkedBlockingQueue.java:460)
        at app//org.apache.hadoop.hdds.scm.server.ContainerReportQueue.poll(ContainerReportQueue.java:269)
        at app//org.apache.hadoop.hdds.scm.server.ContainerReportQueue.poll(ContainerReportQueue.java:42)
        at app//org.apache.hadoop.hdds.server.events.FixedThreadPoolWithAffinityExecutor$ContainerReportProcessTask.run(FixedThreadPoolWithAffinityExecutor.java:253)
        at java.base@17.0.12/java.util.concurrent.Executors$RunnableAdapter.call(Executors.java:539)
        at java.base@17.0.12/java.util.concurrent.FutureTask.run(FutureTask.java:264)
        at java.base@17.0.12/java.util.concurrent.ThreadPoolExecutor.runWorker(ThreadPoolExecutor.java:1136)
        at java.base@17.0.12/java.util.concurrent.ThreadPoolExecutor$Worker.run(ThreadPoolExecutor.java:635)
        at java.base@17.0.12/java.lang.Thread.run(Thread.java:840)
"IPC Server handler 2 on default port 15000" daemon prio=5 tid=87 timed_waiting
java.lang.Thread.State: TIMED_WAITING
        at java.base@17.0.12/jdk.internal.misc.Unsafe.park(Native Method)
        at java.base@17.0.12/java.util.concurrent.locks.LockSupport.parkNanos(LockSupport.java:252)
        at java.base@17.0.12/java.util.concurrent.locks.AbstractQueuedSynchronizer$ConditionObject.awaitNanos(AbstractQueuedSynchronizer.java:1674)
        at java.base@17.0.12/java.util.concurrent.LinkedBlockingQueue.poll(LinkedBlockingQueue.java:460)
        at app//org.apache.hadoop.ipc.CallQueueManager.take(CallQueueManager.java:317)
        at app//org.apache.hadoop.ipc.Server$Handler.run(Server.java:3014)
"IPC Server handler 36 on default port 15009" daemon prio=5 tid=555 timed_waiting
java.lang.Thread.State: TIMED_WAITING
        at java.base@17.0.12/jdk.internal.misc.Unsafe.park(Native Method)
        at java.base@17.0.12/java.util.concurrent.locks.LockSupport.parkNanos(LockSupport.java:252)
        at java.base@17.0.12/java.util.concurrent.locks.AbstractQueuedSynchronizer$ConditionObject.awaitNanos(AbstractQueuedSynchronizer.java:1674)
        at java.base@17.0.12/java.util.concurrent.LinkedBlockingQueue.poll(LinkedBlockingQueue.java:460)
        at app//org.apache.hadoop.ipc.CallQueueManager.take(CallQueueManager.java:317)
        at app//org.apache.hadoop.ipc.Server$Handler.run(Server.java:3014)
"FixedThreadPoolWithAffinityExecutor-0-0" daemon prio=5 tid=74 timed_waiting
java.lang.Thread.State: TIMED_WAITING
        at java.base@17.0.12/jdk.internal.misc.Unsafe.park(Native Method)
        at java.base@17.0.12/java.util.concurrent.locks.LockSupport.parkNanos(LockSupport.java:252)
        at java.base@17.0.12/java.util.concurrent.locks.AbstractQueuedSynchronizer$ConditionObject.awaitNanos(AbstractQueuedSynchronizer.java:1674)
        at java.base@17.0.12/java.util.concurrent.LinkedBlockingQueue.poll(LinkedBlockingQueue.java:460)
        at app//org.apache.hadoop.hdds.scm.server.ContainerReportQueue.poll(ContainerReportQueue.java:269)
        at app//org.apache.hadoop.hdds.scm.server.ContainerReportQueue.poll(ContainerReportQueue.java:42)
        at app//org.apache.hadoop.hdds.server.events.FixedThreadPoolWithAffinityExecutor$ContainerReportProcessTask.run(FixedThreadPoolWithAffinityExecutor.java:253)
        at java.base@17.0.12/java.util.concurrent.Executors$RunnableAdapter.call(Executors.java:539)
        at java.base@17.0.12/java.util.concurrent.FutureTask.run(FutureTask.java:264)
        at java.base@17.0.12/java.util.concurrent.ThreadPoolExecutor.runWorker(ThreadPoolExecutor.java:1136)
        at java.base@17.0.12/java.util.concurrent.ThreadPoolExecutor$Worker.run(ThreadPoolExecutor.java:635)
        at java.base@17.0.12/java.lang.Thread.run(Thread.java:840)
"IPC Server handler 68 on default port 15002" daemon prio=5 tid=353 timed_waiting
java.lang.Thread.State: TIMED_WAITING
        at java.base@17.0.12/jdk.internal.misc.Unsafe.park(Native Method)
        at java.base@17.0.12/java.util.concurrent.locks.LockSupport.parkNanos(LockSupport.java:252)
        at java.base@17.0.12/java.util.concurrent.locks.AbstractQueuedSynchronizer$ConditionObject.awaitNanos(AbstractQueuedSynchronizer.java:1674)
        at java.base@17.0.12/java.util.concurrent.LinkedBlockingQueue.poll(LinkedBlockingQueue.java:460)
        at app//org.apache.hadoop.ipc.CallQueueManager.take(CallQueueManager.java:317)
        at app//org.apache.hadoop.ipc.Server$Handler.run(Server.java:3014)
"44ff6b06-02d2-44ad-8aa1-4af94363565f-DatanodeStateMachineTaskThread-0"  prio=5 tid=763 in Object.wait()
java.lang.Thread.State: WAITING (on object monitor)
        at java.base@17.0.12/jdk.internal.misc.Unsafe.park(Native Method)
        at java.base@17.0.12/java.util.concurrent.locks.LockSupport.park(LockSupport.java:341)
        at java.base@17.0.12/java.util.concurrent.locks.AbstractQueuedSynchronizer$ConditionNode.block(AbstractQueuedSynchronizer.java:506)
        at java.base@17.0.12/java.util.concurrent.ForkJoinPool.unmanagedBlock(ForkJoinPool.java:3465)
        at java.base@17.0.12/java.util.concurrent.ForkJoinPool.managedBlock(ForkJoinPool.java:3436)
        at java.base@17.0.12/java.util.concurrent.locks.AbstractQueuedSynchronizer$ConditionObject.await(AbstractQueuedSynchronizer.java:1625)
        at java.base@17.0.12/java.util.concurrent.LinkedBlockingQueue.take(LinkedBlockingQueue.java:435)
        at java.base@17.0.12/java.util.concurrent.ThreadPoolExecutor.getTask(ThreadPoolExecutor.java:1062)
        at java.base@17.0.12/java.util.concurrent.ThreadPoolExecutor.runWorker(ThreadPoolExecutor.java:1122)
        at java.base@17.0.12/java.util.concurrent.ThreadPoolExecutor$Worker.run(ThreadPoolExecutor.java:635)
        at java.base@17.0.12/java.lang.Thread.run(Thread.java:840)
"44ff6b06-02d2-44ad-8aa1-4af94363565f-DatanodeReportManager-3" daemon prio=5 tid=761 in Object.wait()
java.lang.Thread.State: WAITING (on object monitor)
        at java.base@17.0.12/jdk.internal.misc.Unsafe.park(Native Method)
        at java.base@17.0.12/java.util.concurrent.locks.LockSupport.park(LockSupport.java:341)
        at java.base@17.0.12/java.util.concurrent.locks.AbstractQueuedSynchronizer$ConditionNode.block(AbstractQueuedSynchronizer.java:506)
        at java.base@17.0.12/java.util.concurrent.ForkJoinPool.unmanagedBlock(ForkJoinPool.java:3465)
        at java.base@17.0.12/java.util.concurrent.ForkJoinPool.managedBlock(ForkJoinPool.java:3436)
        at java.base@17.0.12/java.util.concurrent.locks.AbstractQueuedSynchronizer$ConditionObject.await(AbstractQueuedSynchronizer.java:1625)
        at java.base@17.0.12/java.util.concurrent.ScheduledThreadPoolExecutor$DelayedWorkQueue.take(ScheduledThreadPoolExecutor.java:1177)
        at java.base@17.0.12/java.util.concurrent.ScheduledThreadPoolExecutor$DelayedWorkQueue.take(ScheduledThreadPoolExecutor.java:899)
        at java.base@17.0.12/java.util.concurrent.ThreadPoolExecutor.getTask(ThreadPoolExecutor.java:1062)
        at java.base@17.0.12/java.util.concurrent.ThreadPoolExecutor.runWorker(ThreadPoolExecutor.java:1122)
        at java.base@17.0.12/java.util.concurrent.ThreadPoolExecutor$Worker.run(ThreadPoolExecutor.java:635)
        at java.base@17.0.12/java.lang.Thread.run(Thread.java:840)
"IPC Server handler 0 on default port 15012" daemon prio=5 tid=655 timed_waiting
java.lang.Thread.State: TIMED_WAITING
        at java.base@17.0.12/jdk.internal.misc.Unsafe.park(Native Method)
        at java.base@17.0.12/java.util.concurrent.locks.LockSupport.parkNanos(LockSupport.java:252)
        at java.base@17.0.12/java.util.concurrent.locks.AbstractQueuedSynchronizer$ConditionObject.awaitNanos(AbstractQueuedSynchronizer.java:1674)
        at java.base@17.0.12/java.util.concurrent.LinkedBlockingQueue.poll(LinkedBlockingQueue.java:460)
        at app//org.apache.hadoop.ipc.CallQueueManager.take(CallQueueManager.java:317)
        at app//org.apache.hadoop.ipc.Server$Handler.run(Server.java:3014)
"om1-impl-thread1"  prio=5 tid=408 timed_waiting
java.lang.Thread.State: TIMED_WAITING
        at java.base@17.0.12/jdk.internal.misc.Unsafe.park(Native Method)
        at java.base@17.0.12/java.util.concurrent.locks.LockSupport.parkNanos(LockSupport.java:252)
        at java.base@17.0.12/java.util.concurrent.SynchronousQueue$TransferStack.transfer(SynchronousQueue.java:401)
        at java.base@17.0.12/java.util.concurrent.SynchronousQueue.poll(SynchronousQueue.java:903)
        at java.base@17.0.12/java.util.concurrent.ThreadPoolExecutor.getTask(ThreadPoolExecutor.java:1061)
        at java.base@17.0.12/java.util.concurrent.ThreadPoolExecutor.runWorker(ThreadPoolExecutor.java:1122)
        at java.base@17.0.12/java.util.concurrent.ThreadPoolExecutor$Worker.run(ThreadPoolExecutor.java:635)
        at java.base@17.0.12/java.lang.Thread.run(Thread.java:840)
"Socket Reader #9 for port 15000"  prio=5 tid=69 runnable
java.lang.Thread.State: RUNNABLE
        at java.base@17.0.12/sun.nio.ch.EPoll.wait(Native Method)
        at java.base@17.0.12/sun.nio.ch.EPollSelectorImpl.doSelect(EPollSelectorImpl.java:118)
        at java.base@17.0.12/sun.nio.ch.SelectorImpl.lockAndDoSelect(SelectorImpl.java:129)
        at java.base@17.0.12/sun.nio.ch.SelectorImpl.select(SelectorImpl.java:146)
        at app//org.apache.hadoop.ipc.Server$Listener$Reader.doRunLoop(Server.java:1346)
        at app//org.apache.hadoop.ipc.Server$Listener$Reader.run(Server.java:1325)
"qtp1438151538-725" daemon prio=5 tid=725 runnable
java.lang.Thread.State: RUNNABLE
        at java.base@17.0.12/sun.nio.ch.EPoll.wait(Native Method)
        at java.base@17.0.12/sun.nio.ch.EPollSelectorImpl.doSelect(EPollSelectorImpl.java:118)
        at java.base@17.0.12/sun.nio.ch.SelectorImpl.lockAndDoSelect(SelectorImpl.java:129)
        at java.base@17.0.12/sun.nio.ch.SelectorImpl.select(SelectorImpl.java:146)
        at app//org.eclipse.jetty.io.ManagedSelector.nioSelect(ManagedSelector.java:183)
        at app//org.eclipse.jetty.io.ManagedSelector.select(ManagedSelector.java:190)
        at app//org.eclipse.jetty.io.ManagedSelector$SelectorProducer.select(ManagedSelector.java:606)
        at app//org.eclipse.jetty.io.ManagedSelector$SelectorProducer.produce(ManagedSelector.java:543)
        at app//org.eclipse.jetty.util.thread.strategy.EatWhatYouKill.produceTask(EatWhatYouKill.java:362)
        at app//org.eclipse.jetty.util.thread.strategy.EatWhatYouKill.doProduce(EatWhatYouKill.java:186)
        at app//org.eclipse.jetty.util.thread.strategy.EatWhatYouKill.tryProduce(EatWhatYouKill.java:173)
        at app//org.eclipse.jetty.util.thread.strategy.EatWhatYouKill.produce(EatWhatYouKill.java:137)
        at app//org.eclipse.jetty.io.ManagedSelector$$Lambda$824/0x00007fa908550000.run(Unknown Source)
        at app//org.eclipse.jetty.util.thread.QueuedThreadPool.runJob(QueuedThreadPool.java:883)
        at app//org.eclipse.jetty.util.thread.QueuedThreadPool$Runner.run(QueuedThreadPool.java:1034)
        at java.base@17.0.12/java.lang.Thread.run(Thread.java:840)
"IPC Server handler 9 on default port 15004" daemon prio=5 tid=461 timed_waiting
java.lang.Thread.State: TIMED_WAITING
        at java.base@17.0.12/jdk.internal.misc.Unsafe.park(Native Method)
        at java.base@17.0.12/java.util.concurrent.locks.LockSupport.parkNanos(LockSupport.java:252)
        at java.base@17.0.12/java.util.concurrent.locks.AbstractQueuedSynchronizer$ConditionObject.awaitNanos(AbstractQueuedSynchronizer.java:1674)
        at java.base@17.0.12/java.util.concurrent.LinkedBlockingQueue.poll(LinkedBlockingQueue.java:460)
        at app//org.apache.hadoop.ipc.CallQueueManager.take(CallQueueManager.java:317)
        at app//org.apache.hadoop.ipc.Server$Handler.run(Server.java:3014)
"IPC Server idle connection scanner for port 15002" daemon prio=5 tid=43 timed_waiting
java.lang.Thread.State: TIMED_WAITING
        at java.base@17.0.12/java.lang.Object.wait(Native Method)
        at java.base@17.0.12/java.util.TimerThread.mainLoop(Timer.java:563)
        at java.base@17.0.12/java.util.TimerThread.run(Timer.java:516)
"FullTableCache-Cleanup-0" daemon prio=5 tid=402 timed_waiting
java.lang.Thread.State: TIMED_WAITING
        at java.base@17.0.12/jdk.internal.misc.Unsafe.park(Native Method)
        at java.base@17.0.12/java.util.concurrent.locks.LockSupport.parkNanos(LockSupport.java:252)
        at java.base@17.0.12/java.util.concurrent.locks.AbstractQueuedSynchronizer$ConditionObject.awaitNanos(AbstractQueuedSynchronizer.java:1674)
        at java.base@17.0.12/java.util.concurrent.ScheduledThreadPoolExecutor$DelayedWorkQueue.take(ScheduledThreadPoolExecutor.java:1182)
        at java.base@17.0.12/java.util.concurrent.ScheduledThreadPoolExecutor$DelayedWorkQueue.take(ScheduledThreadPoolExecutor.java:899)
        at java.base@17.0.12/java.util.concurrent.ThreadPoolExecutor.getTask(ThreadPoolExecutor.java:1062)
        at java.base@17.0.12/java.util.concurrent.ThreadPoolExecutor.runWorker(ThreadPoolExecutor.java:1122)
        at java.base@17.0.12/java.util.concurrent.ThreadPoolExecutor$Worker.run(ThreadPoolExecutor.java:635)
        at java.base@17.0.12/java.lang.Thread.run(Thread.java:840)
"43b7afd8-9e19-4b34-aad7-81b8e915bbb6-DataNodeDiskCheckerThread-0" daemon prio=5 tid=838 timed_waiting
java.lang.Thread.State: TIMED_WAITING
        at java.base@17.0.12/jdk.internal.misc.Unsafe.park(Native Method)
        at java.base@17.0.12/java.util.concurrent.locks.LockSupport.parkNanos(LockSupport.java:252)
        at java.base@17.0.12/java.util.concurrent.SynchronousQueue$TransferStack.transfer(SynchronousQueue.java:401)
        at java.base@17.0.12/java.util.concurrent.SynchronousQueue.poll(SynchronousQueue.java:903)
        at java.base@17.0.12/java.util.concurrent.ThreadPoolExecutor.getTask(ThreadPoolExecutor.java:1061)
        at java.base@17.0.12/java.util.concurrent.ThreadPoolExecutor.runWorker(ThreadPoolExecutor.java:1122)
        at java.base@17.0.12/java.util.concurrent.ThreadPoolExecutor$Worker.run(ThreadPoolExecutor.java:635)
        at java.base@17.0.12/java.lang.Thread.run(Thread.java:840)
"IPC Server handler 91 on default port 15002" daemon prio=5 tid=376 timed_waiting
java.lang.Thread.State: TIMED_WAITING
        at java.base@17.0.12/jdk.internal.misc.Unsafe.park(Native Method)
        at java.base@17.0.12/java.util.concurrent.locks.LockSupport.parkNanos(LockSupport.java:252)
        at java.base@17.0.12/java.util.concurrent.locks.AbstractQueuedSynchronizer$ConditionObject.awaitNanos(AbstractQueuedSynchronizer.java:1674)
        at java.base@17.0.12/java.util.concurrent.LinkedBlockingQueue.poll(LinkedBlockingQueue.java:460)
        at app//org.apache.hadoop.ipc.CallQueueManager.take(CallQueueManager.java:317)
        at app//org.apache.hadoop.ipc.Server$Handler.run(Server.java:3014)
"44ff6b06-02d2-44ad-8aa1-4af94363565f@group-83D748725593-SegmentedRaftLogWorker" daemon prio=5 tid=951 timed_waiting
java.lang.Thread.State: TIMED_WAITING
        at java.base@17.0.12/jdk.internal.misc.Unsafe.park(Native Method)
        at java.base@17.0.12/java.util.concurrent.locks.LockSupport.parkNanos(LockSupport.java:252)
        at java.base@17.0.12/java.util.concurrent.locks.AbstractQueuedSynchronizer$ConditionObject.awaitNanos(AbstractQueuedSynchronizer.java:1674)
        at app//org.apache.ratis.util.DataBlockingQueue.poll(DataBlockingQueue.java:148)
        at app//org.apache.ratis.server.raftlog.segmented.SegmentedRaftLogWorker.run(SegmentedRaftLogWorker.java:306)
        at app//org.apache.ratis.server.raftlog.segmented.SegmentedRaftLogWorker$$Lambda$1170/0x00007fa908729a20.run(Unknown Source)
        at java.base@17.0.12/java.util.concurrent.Executors$RunnableAdapter.call(Executors.java:539)
        at java.base@17.0.12/java.util.concurrent.FutureTask.run(FutureTask.java:264)
        at java.base@17.0.12/java.util.concurrent.ThreadPoolExecutor.runWorker(ThreadPoolExecutor.java:1136)
        at java.base@17.0.12/java.util.concurrent.ThreadPoolExecutor$Worker.run(ThreadPoolExecutor.java:635)
        at java.base@17.0.12/java.lang.Thread.run(Thread.java:840)
"44ff6b06-02d2-44ad-8aa1-4af94363565f-ChunkWriter-0-0" daemon prio=5 tid=861 in Object.wait()
java.lang.Thread.State: WAITING (on object monitor)
        at java.base@17.0.12/jdk.internal.misc.Unsafe.park(Native Method)
        at java.base@17.0.12/java.util.concurrent.locks.LockSupport.park(LockSupport.java:341)
        at java.base@17.0.12/java.util.concurrent.locks.AbstractQueuedSynchronizer$ConditionNode.block(AbstractQueuedSynchronizer.java:506)
        at java.base@17.0.12/java.util.concurrent.ForkJoinPool.unmanagedBlock(ForkJoinPool.java:3465)
        at java.base@17.0.12/java.util.concurrent.ForkJoinPool.managedBlock(ForkJoinPool.java:3436)
        at java.base@17.0.12/java.util.concurrent.locks.AbstractQueuedSynchronizer$ConditionObject.await(AbstractQueuedSynchronizer.java:1625)
        at java.base@17.0.12/java.util.concurrent.LinkedBlockingDeque.takeFirst(LinkedBlockingDeque.java:485)
        at java.base@17.0.12/java.util.concurrent.LinkedBlockingDeque.take(LinkedBlockingDeque.java:673)
        at java.base@17.0.12/java.util.concurrent.ThreadPoolExecutor.getTask(ThreadPoolExecutor.java:1062)
        at java.base@17.0.12/java.util.concurrent.ThreadPoolExecutor.runWorker(ThreadPoolExecutor.java:1122)
        at java.base@17.0.12/java.util.concurrent.ThreadPoolExecutor$Worker.run(ThreadPoolExecutor.java:635)
        at java.base@17.0.12/java.lang.Thread.run(Thread.java:840)
"731aafee-c06b-4662-9d20-472061f2d46e-BlockDeletingService#1" daemon prio=5 tid=831 in Object.wait()
java.lang.Thread.State: WAITING (on object monitor)
        at java.base@17.0.12/jdk.internal.misc.Unsafe.park(Native Method)
        at java.base@17.0.12/java.util.concurrent.locks.LockSupport.park(LockSupport.java:341)
        at java.base@17.0.12/java.util.concurrent.locks.AbstractQueuedSynchronizer$ConditionNode.block(AbstractQueuedSynchronizer.java:506)
        at java.base@17.0.12/java.util.concurrent.ForkJoinPool.unmanagedBlock(ForkJoinPool.java:3465)
        at java.base@17.0.12/java.util.concurrent.ForkJoinPool.managedBlock(ForkJoinPool.java:3436)
        at java.base@17.0.12/java.util.concurrent.locks.AbstractQueuedSynchronizer$ConditionObject.await(AbstractQueuedSynchronizer.java:1625)
        at java.base@17.0.12/java.util.concurrent.ScheduledThreadPoolExecutor$DelayedWorkQueue.take(ScheduledThreadPoolExecutor.java:1177)
        at java.base@17.0.12/java.util.concurrent.ScheduledThreadPoolExecutor$DelayedWorkQueue.take(ScheduledThreadPoolExecutor.java:899)
        at java.base@17.0.12/java.util.concurrent.ThreadPoolExecutor.getTask(ThreadPoolExecutor.java:1062)
        at java.base@17.0.12/java.util.concurrent.ThreadPoolExecutor.runWorker(ThreadPoolExecutor.java:1122)
        at java.base@17.0.12/java.util.concurrent.ThreadPoolExecutor$Worker.run(ThreadPoolExecutor.java:635)
        at java.base@17.0.12/java.lang.Thread.run(Thread.java:840)
"IPC Server handler 78 on default port 15001" daemon prio=5 tid=263 timed_waiting
java.lang.Thread.State: TIMED_WAITING
        at java.base@17.0.12/jdk.internal.misc.Unsafe.park(Native Method)
        at java.base@17.0.12/java.util.concurrent.locks.LockSupport.parkNanos(LockSupport.java:252)
        at java.base@17.0.12/java.util.concurrent.locks.AbstractQueuedSynchronizer$ConditionObject.awaitNanos(AbstractQueuedSynchronizer.java:1674)
        at java.base@17.0.12/java.util.concurrent.LinkedBlockingQueue.poll(LinkedBlockingQueue.java:460)
        at app//org.apache.hadoop.ipc.CallQueueManager.take(CallQueueManager.java:317)
        at app//org.apache.hadoop.ipc.Server$Handler.run(Server.java:3014)
"IPC Server handler 71 on default port 15001" daemon prio=5 tid=256 timed_waiting
java.lang.Thread.State: TIMED_WAITING
        at java.base@17.0.12/jdk.internal.misc.Unsafe.park(Native Method)
        at java.base@17.0.12/java.util.concurrent.locks.LockSupport.parkNanos(LockSupport.java:252)
        at java.base@17.0.12/java.util.concurrent.locks.AbstractQueuedSynchronizer$ConditionObject.awaitNanos(AbstractQueuedSynchronizer.java:1674)
        at java.base@17.0.12/java.util.concurrent.LinkedBlockingQueue.poll(LinkedBlockingQueue.java:460)
        at app//org.apache.hadoop.ipc.CallQueueManager.take(CallQueueManager.java:317)
        at app//org.apache.hadoop.ipc.Server$Handler.run(Server.java:3014)
"IPC Server handler 1 on default port 15012" daemon prio=5 tid=656 timed_waiting
java.lang.Thread.State: TIMED_WAITING
        at java.base@17.0.12/jdk.internal.misc.Unsafe.park(Native Method)
        at java.base@17.0.12/java.util.concurrent.locks.LockSupport.parkNanos(LockSupport.java:252)
        at java.base@17.0.12/java.util.concurrent.locks.AbstractQueuedSynchronizer$ConditionObject.awaitNanos(AbstractQueuedSynchronizer.java:1674)
        at java.base@17.0.12/java.util.concurrent.LinkedBlockingQueue.poll(LinkedBlockingQueue.java:460)
        at app//org.apache.hadoop.ipc.CallQueueManager.take(CallQueueManager.java:317)
        at app//org.apache.hadoop.ipc.Server$Handler.run(Server.java:3014)
"44ff6b06-02d2-44ad-8aa1-4af94363565f@group-83D748725593-cacheEviction-AwaitToRun" daemon prio=5 tid=948 in Object.wait()
java.lang.Thread.State: WAITING (on object monitor)
        at java.base@17.0.12/jdk.internal.misc.Unsafe.park(Native Method)
        at java.base@17.0.12/java.util.concurrent.locks.LockSupport.park(LockSupport.java:341)
        at java.base@17.0.12/java.util.concurrent.locks.AbstractQueuedSynchronizer$ConditionNode.block(AbstractQueuedSynchronizer.java:506)
        at java.base@17.0.12/java.util.concurrent.ForkJoinPool.unmanagedBlock(ForkJoinPool.java:3465)
        at java.base@17.0.12/java.util.concurrent.ForkJoinPool.managedBlock(ForkJoinPool.java:3436)
        at java.base@17.0.12/java.util.concurrent.locks.AbstractQueuedSynchronizer$ConditionObject.await(AbstractQueuedSynchronizer.java:1625)
        at app//org.apache.ratis.util.AwaitForSignal.await(AwaitForSignal.java:48)
        at app//org.apache.ratis.util.AwaitToRun$RunnableImpl.run(AwaitToRun.java:47)
        at java.base@17.0.12/java.lang.Thread.run(Thread.java:840)
"IPC Server handler 97 on default port 15000" daemon prio=5 tid=182 timed_waiting
java.lang.Thread.State: TIMED_WAITING
        at java.base@17.0.12/jdk.internal.misc.Unsafe.park(Native Method)
        at java.base@17.0.12/java.util.concurrent.locks.LockSupport.parkNanos(LockSupport.java:252)
        at java.base@17.0.12/java.util.concurrent.locks.AbstractQueuedSynchronizer$ConditionObject.awaitNanos(AbstractQueuedSynchronizer.java:1674)
        at java.base@17.0.12/java.util.concurrent.LinkedBlockingQueue.poll(LinkedBlockingQueue.java:460)
        at app//org.apache.hadoop.ipc.CallQueueManager.take(CallQueueManager.java:317)
        at app//org.apache.hadoop.ipc.Server$Handler.run(Server.java:3014)
"Socket Reader #8 for port 15002"  prio=5 tid=40 runnable
java.lang.Thread.State: RUNNABLE
        at java.base@17.0.12/sun.nio.ch.EPoll.wait(Native Method)
        at java.base@17.0.12/sun.nio.ch.EPollSelectorImpl.doSelect(EPollSelectorImpl.java:118)
        at java.base@17.0.12/sun.nio.ch.SelectorImpl.lockAndDoSelect(SelectorImpl.java:129)
        at java.base@17.0.12/sun.nio.ch.SelectorImpl.select(SelectorImpl.java:146)
        at app//org.apache.hadoop.ipc.Server$Listener$Reader.doRunLoop(Server.java:1346)
        at app//org.apache.hadoop.ipc.Server$Listener$Reader.run(Server.java:1325)
"SCMHeartbeatProcessor-0" daemon prio=5 tid=481 timed_waiting
java.lang.Thread.State: TIMED_WAITING
        at java.base@17.0.12/jdk.internal.misc.Unsafe.park(Native Method)
        at java.base@17.0.12/java.util.concurrent.locks.LockSupport.parkNanos(LockSupport.java:252)
        at java.base@17.0.12/java.util.concurrent.locks.AbstractQueuedSynchronizer$ConditionObject.awaitNanos(AbstractQueuedSynchronizer.java:1674)
        at java.base@17.0.12/java.util.concurrent.ScheduledThreadPoolExecutor$DelayedWorkQueue.take(ScheduledThreadPoolExecutor.java:1182)
        at java.base@17.0.12/java.util.concurrent.ScheduledThreadPoolExecutor$DelayedWorkQueue.take(ScheduledThreadPoolExecutor.java:899)
        at java.base@17.0.12/java.util.concurrent.ThreadPoolExecutor.getTask(ThreadPoolExecutor.java:1062)
        at java.base@17.0.12/java.util.concurrent.ThreadPoolExecutor.runWorker(ThreadPoolExecutor.java:1122)
        at java.base@17.0.12/java.util.concurrent.ThreadPoolExecutor$Worker.run(ThreadPoolExecutor.java:635)
        at java.base@17.0.12/java.lang.Thread.run(Thread.java:840)
"qtp1756926561-678" daemon prio=5 tid=678 runnable
java.lang.Thread.State: RUNNABLE
        at java.base@17.0.12/sun.nio.ch.EPoll.wait(Native Method)
        at java.base@17.0.12/sun.nio.ch.EPollSelectorImpl.doSelect(EPollSelectorImpl.java:118)
        at java.base@17.0.12/sun.nio.ch.SelectorImpl.lockAndDoSelect(SelectorImpl.java:129)
        at java.base@17.0.12/sun.nio.ch.SelectorImpl.select(SelectorImpl.java:146)
        at app//org.eclipse.jetty.io.ManagedSelector.nioSelect(ManagedSelector.java:183)
        at app//org.eclipse.jetty.io.ManagedSelector.select(ManagedSelector.java:190)
        at app//org.eclipse.jetty.io.ManagedSelector$SelectorProducer.select(ManagedSelector.java:606)
        at app//org.eclipse.jetty.io.ManagedSelector$SelectorProducer.produce(ManagedSelector.java:543)
        at app//org.eclipse.jetty.util.thread.strategy.EatWhatYouKill.produceTask(EatWhatYouKill.java:362)
        at app//org.eclipse.jetty.util.thread.strategy.EatWhatYouKill.doProduce(EatWhatYouKill.java:186)
        at app//org.eclipse.jetty.util.thread.strategy.EatWhatYouKill.tryProduce(EatWhatYouKill.java:173)
        at app//org.eclipse.jetty.util.thread.strategy.EatWhatYouKill.produce(EatWhatYouKill.java:137)
        at app//org.eclipse.jetty.io.ManagedSelector$$Lambda$824/0x00007fa908550000.run(Unknown Source)
        at app//org.eclipse.jetty.util.thread.QueuedThreadPool.runJob(QueuedThreadPool.java:883)
        at app//org.eclipse.jetty.util.thread.QueuedThreadPool$Runner.run(QueuedThreadPool.java:1034)
        at java.base@17.0.12/java.lang.Thread.run(Thread.java:840)
"IPC Server handler 40 on default port 15002" daemon prio=5 tid=325 timed_waiting
java.lang.Thread.State: TIMED_WAITING
        at java.base@17.0.12/jdk.internal.misc.Unsafe.park(Native Method)
        at java.base@17.0.12/java.util.concurrent.locks.LockSupport.parkNanos(LockSupport.java:252)
        at java.base@17.0.12/java.util.concurrent.locks.AbstractQueuedSynchronizer$ConditionObject.awaitNanos(AbstractQueuedSynchronizer.java:1674)
        at java.base@17.0.12/java.util.concurrent.LinkedBlockingQueue.poll(LinkedBlockingQueue.java:460)
        at app//org.apache.hadoop.ipc.CallQueueManager.take(CallQueueManager.java:317)
        at app//org.apache.hadoop.ipc.Server$Handler.run(Server.java:3014)
"IPC Server handler 40 on default port 15001" daemon prio=5 tid=225 timed_waiting
java.lang.Thread.State: TIMED_WAITING
        at java.base@17.0.12/jdk.internal.misc.Unsafe.park(Native Method)
        at java.base@17.0.12/java.util.concurrent.locks.LockSupport.parkNanos(LockSupport.java:252)
        at java.base@17.0.12/java.util.concurrent.locks.AbstractQueuedSynchronizer$ConditionObject.awaitNanos(AbstractQueuedSynchronizer.java:1674)
        at java.base@17.0.12/java.util.concurrent.LinkedBlockingQueue.poll(LinkedBlockingQueue.java:460)
        at app//org.apache.hadoop.ipc.CallQueueManager.take(CallQueueManager.java:317)
        at app//org.apache.hadoop.ipc.Server$Handler.run(Server.java:3014)
"IPC Server handler 6 on default port 15012" daemon prio=5 tid=661 timed_waiting
java.lang.Thread.State: TIMED_WAITING
        at java.base@17.0.12/jdk.internal.misc.Unsafe.park(Native Method)
        at java.base@17.0.12/java.util.concurrent.locks.LockSupport.parkNanos(LockSupport.java:252)
        at java.base@17.0.12/java.util.concurrent.locks.AbstractQueuedSynchronizer$ConditionObject.awaitNanos(AbstractQueuedSynchronizer.java:1674)
        at java.base@17.0.12/java.util.concurrent.LinkedBlockingQueue.poll(LinkedBlockingQueue.java:460)
        at app//org.apache.hadoop.ipc.CallQueueManager.take(CallQueueManager.java:317)
        at app//org.apache.hadoop.ipc.Server$Handler.run(Server.java:3014)
"ContainerSizeCountTask" daemon prio=5 tid=621 timed_waiting
java.lang.Thread.State: TIMED_WAITING
        at java.base@17.0.12/java.lang.Object.wait(Native Method)
        at app//org.apache.hadoop.ozone.recon.tasks.ContainerSizeCountTask.run(ContainerSizeCountTask.java:94)
        at app//org.apache.hadoop.ozone.recon.scm.ReconScmTask$$Lambda$1604/0x00007fa908d25390.run(Unknown Source)
        at java.base@17.0.12/java.lang.Thread.run(Thread.java:840)
"Socket Reader #7 for port 15012"  prio=5 tid=648 runnable
java.lang.Thread.State: RUNNABLE
        at java.base@17.0.12/sun.nio.ch.EPoll.wait(Native Method)
        at java.base@17.0.12/sun.nio.ch.EPollSelectorImpl.doSelect(EPollSelectorImpl.java:118)
        at java.base@17.0.12/sun.nio.ch.SelectorImpl.lockAndDoSelect(SelectorImpl.java:129)
        at java.base@17.0.12/sun.nio.ch.SelectorImpl.select(SelectorImpl.java:146)
        at app//org.apache.hadoop.ipc.Server$Listener$Reader.doRunLoop(Server.java:1346)
        at app//org.apache.hadoop.ipc.Server$Listener$Reader.run(Server.java:1325)
"OverReplicatedProcessor" daemon prio=5 tid=30 timed_waiting
java.lang.Thread.State: TIMED_WAITING
        at java.base@17.0.12/java.lang.Object.wait(Native Method)
        at app//org.apache.hadoop.hdds.scm.container.replication.UnhealthyReplicationProcessor.run(UnhealthyReplicationProcessor.java:174)
        at java.base@17.0.12/java.lang.Thread.run(Thread.java:840)
"IPC Server handler 64 on default port 15001" daemon prio=5 tid=249 timed_waiting
java.lang.Thread.State: TIMED_WAITING
        at java.base@17.0.12/jdk.internal.misc.Unsafe.park(Native Method)
        at java.base@17.0.12/java.util.concurrent.locks.LockSupport.parkNanos(LockSupport.java:252)
        at java.base@17.0.12/java.util.concurrent.locks.AbstractQueuedSynchronizer$ConditionObject.awaitNanos(AbstractQueuedSynchronizer.java:1674)
        at java.base@17.0.12/java.util.concurrent.LinkedBlockingQueue.poll(LinkedBlockingQueue.java:460)
        at app//org.apache.hadoop.ipc.CallQueueManager.take(CallQueueManager.java:317)
        at app//org.apache.hadoop.ipc.Server$Handler.run(Server.java:3014)
"IPC Server handler 5 on default port 15021" daemon prio=5 tid=706 timed_waiting
java.lang.Thread.State: TIMED_WAITING
        at java.base@17.0.12/jdk.internal.misc.Unsafe.park(Native Method)
        at java.base@17.0.12/java.util.concurrent.locks.LockSupport.parkNanos(LockSupport.java:252)
        at java.base@17.0.12/java.util.concurrent.locks.AbstractQueuedSynchronizer$ConditionObject.awaitNanos(AbstractQueuedSynchronizer.java:1674)
        at java.base@17.0.12/java.util.concurrent.LinkedBlockingQueue.poll(LinkedBlockingQueue.java:460)
        at app//org.apache.hadoop.ipc.CallQueueManager.take(CallQueueManager.java:317)
        at app//org.apache.hadoop.ipc.Server$Handler.run(Server.java:3014)
"Attach Listener" daemon prio=9 tid=472 runnable
java.lang.Thread.State: RUNNABLE
"JvmPauseMonitor4" daemon prio=5 tid=846 timed_waiting
java.lang.Thread.State: TIMED_WAITING
        at java.base@17.0.12/java.lang.Thread.sleep(Native Method)
        at java.base@17.0.12/java.lang.Thread.sleep(Thread.java:344)
        at java.base@17.0.12/java.util.concurrent.TimeUnit.sleep(TimeUnit.java:446)
        at app//org.apache.ratis.util.TimeDuration.sleep(TimeDuration.java:353)
        at app//org.apache.ratis.util.TimeDuration.sleep(TimeDuration.java:338)
        at app//org.apache.ratis.util.JvmPauseMonitor.detectPause(JvmPauseMonitor.java:160)
        at app//org.apache.ratis.util.JvmPauseMonitor.run(JvmPauseMonitor.java:149)
        at app//org.apache.ratis.util.JvmPauseMonitor$$Lambda$784/0x00007fa9084f6228.run(Unknown Source)
        at java.base@17.0.12/java.lang.Thread.run(Thread.java:840)
"IPC Server handler 62 on default port 15002" daemon prio=5 tid=347 timed_waiting
java.lang.Thread.State: TIMED_WAITING
        at java.base@17.0.12/jdk.internal.misc.Unsafe.park(Native Method)
        at java.base@17.0.12/java.util.concurrent.locks.LockSupport.parkNanos(LockSupport.java:252)
        at java.base@17.0.12/java.util.concurrent.locks.AbstractQueuedSynchronizer$ConditionObject.awaitNanos(AbstractQueuedSynchronizer.java:1674)
        at java.base@17.0.12/java.util.concurrent.LinkedBlockingQueue.poll(LinkedBlockingQueue.java:460)
        at app//org.apache.hadoop.ipc.CallQueueManager.take(CallQueueManager.java:317)
        at app//org.apache.hadoop.ipc.Server$Handler.run(Server.java:3014)
"qtp11530087-507" daemon prio=5 tid=507 runnable
java.lang.Thread.State: RUNNABLE
        at java.base@17.0.12/sun.nio.ch.EPoll.wait(Native Method)
        at java.base@17.0.12/sun.nio.ch.EPollSelectorImpl.doSelect(EPollSelectorImpl.java:118)
        at java.base@17.0.12/sun.nio.ch.SelectorImpl.lockAndDoSelect(SelectorImpl.java:129)
        at java.base@17.0.12/sun.nio.ch.SelectorImpl.select(SelectorImpl.java:146)
        at app//org.eclipse.jetty.io.ManagedSelector.nioSelect(ManagedSelector.java:183)
        at app//org.eclipse.jetty.io.ManagedSelector.select(ManagedSelector.java:190)
        at app//org.eclipse.jetty.io.ManagedSelector$SelectorProducer.select(ManagedSelector.java:606)
        at app//org.eclipse.jetty.io.ManagedSelector$SelectorProducer.produce(ManagedSelector.java:543)
        at app//org.eclipse.jetty.util.thread.strategy.EatWhatYouKill.produceTask(EatWhatYouKill.java:362)
        at app//org.eclipse.jetty.util.thread.strategy.EatWhatYouKill.doProduce(EatWhatYouKill.java:186)
        at app//org.eclipse.jetty.util.thread.strategy.EatWhatYouKill.tryProduce(EatWhatYouKill.java:173)
        at app//org.eclipse.jetty.util.thread.strategy.EatWhatYouKill.produce(EatWhatYouKill.java:137)
        at app//org.eclipse.jetty.io.ManagedSelector$$Lambda$824/0x00007fa908550000.run(Unknown Source)
        at app//org.eclipse.jetty.util.thread.QueuedThreadPool.runJob(QueuedThreadPool.java:883)
        at app//org.eclipse.jetty.util.thread.QueuedThreadPool$Runner.run(QueuedThreadPool.java:1034)
        at java.base@17.0.12/java.lang.Thread.run(Thread.java:840)
"43b7afd8-9e19-4b34-aad7-81b8e915bbb6-NettyServerStreamRpc-bossGroup--thread1"  prio=5 tid=674 runnable
java.lang.Thread.State: RUNNABLE
        at app//org.apache.ratis.thirdparty.io.netty.channel.epoll.Native.epollWait(Native Method)
        at app//org.apache.ratis.thirdparty.io.netty.channel.epoll.Native.epollWait(Native.java:220)
        at app//org.apache.ratis.thirdparty.io.netty.channel.epoll.Native.epollWait(Native.java:213)
        at app//org.apache.ratis.thirdparty.io.netty.channel.epoll.EpollEventLoop.epollWaitNoTimerChange(EpollEventLoop.java:308)
        at app//org.apache.ratis.thirdparty.io.netty.channel.epoll.EpollEventLoop.run(EpollEventLoop.java:365)
        at app//org.apache.ratis.thirdparty.io.netty.util.concurrent.SingleThreadEventExecutor$4.run(SingleThreadEventExecutor.java:997)
        at app//org.apache.ratis.thirdparty.io.netty.util.internal.ThreadExecutorMap$2.run(ThreadExecutorMap.java:74)
        at java.base@17.0.12/java.lang.Thread.run(Thread.java:840)
"IPC Server handler 12 on default port 15009" daemon prio=5 tid=531 timed_waiting
java.lang.Thread.State: TIMED_WAITING
        at java.base@17.0.12/jdk.internal.misc.Unsafe.park(Native Method)
        at java.base@17.0.12/java.util.concurrent.locks.LockSupport.parkNanos(LockSupport.java:252)
        at java.base@17.0.12/java.util.concurrent.locks.AbstractQueuedSynchronizer$ConditionObject.awaitNanos(AbstractQueuedSynchronizer.java:1674)
        at java.base@17.0.12/java.util.concurrent.LinkedBlockingQueue.poll(LinkedBlockingQueue.java:460)
        at app//org.apache.hadoop.ipc.CallQueueManager.take(CallQueueManager.java:317)
        at app//org.apache.hadoop.ipc.Server$Handler.run(Server.java:3014)
"IPC Server handler 25 on default port 15009" daemon prio=5 tid=544 timed_waiting
java.lang.Thread.State: TIMED_WAITING
        at java.base@17.0.12/jdk.internal.misc.Unsafe.park(Native Method)
        at java.base@17.0.12/java.util.concurrent.locks.LockSupport.parkNanos(LockSupport.java:252)
        at java.base@17.0.12/java.util.concurrent.locks.AbstractQueuedSynchronizer$ConditionObject.awaitNanos(AbstractQueuedSynchronizer.java:1674)
        at java.base@17.0.12/java.util.concurrent.LinkedBlockingQueue.poll(LinkedBlockingQueue.java:460)
        at app//org.apache.hadoop.ipc.CallQueueManager.take(CallQueueManager.java:317)
        at app//org.apache.hadoop.ipc.Server$Handler.run(Server.java:3014)
"IPC Server handler 33 on default port 15009" daemon prio=5 tid=552 timed_waiting
java.lang.Thread.State: TIMED_WAITING
        at java.base@17.0.12/jdk.internal.misc.Unsafe.park(Native Method)
        at java.base@17.0.12/java.util.concurrent.locks.LockSupport.parkNanos(LockSupport.java:252)
        at java.base@17.0.12/java.util.concurrent.locks.AbstractQueuedSynchronizer$ConditionObject.awaitNanos(AbstractQueuedSynchronizer.java:1674)
        at java.base@17.0.12/java.util.concurrent.LinkedBlockingQueue.poll(LinkedBlockingQueue.java:460)
        at app//org.apache.hadoop.ipc.CallQueueManager.take(CallQueueManager.java:317)
        at app//org.apache.hadoop.ipc.Server$Handler.run(Server.java:3014)
"IPC Server handler 90 on default port 15001" daemon prio=5 tid=275 timed_waiting
java.lang.Thread.State: TIMED_WAITING
        at java.base@17.0.12/jdk.internal.misc.Unsafe.park(Native Method)
        at java.base@17.0.12/java.util.concurrent.locks.LockSupport.parkNanos(LockSupport.java:252)
        at java.base@17.0.12/java.util.concurrent.locks.AbstractQueuedSynchronizer$ConditionObject.awaitNanos(AbstractQueuedSynchronizer.java:1674)
        at java.base@17.0.12/java.util.concurrent.LinkedBlockingQueue.poll(LinkedBlockingQueue.java:460)
        at app//org.apache.hadoop.ipc.CallQueueManager.take(CallQueueManager.java:317)
        at app//org.apache.hadoop.ipc.Server$Handler.run(Server.java:3014)
"IPC Server handler 26 on default port 15000" daemon prio=5 tid=111 timed_waiting
java.lang.Thread.State: TIMED_WAITING
        at java.base@17.0.12/jdk.internal.misc.Unsafe.park(Native Method)
        at java.base@17.0.12/java.util.concurrent.locks.LockSupport.parkNanos(LockSupport.java:252)
        at java.base@17.0.12/java.util.concurrent.locks.AbstractQueuedSynchronizer$ConditionObject.awaitNanos(AbstractQueuedSynchronizer.java:1674)
        at java.base@17.0.12/java.util.concurrent.LinkedBlockingQueue.poll(LinkedBlockingQueue.java:460)
        at app//org.apache.hadoop.ipc.CallQueueManager.take(CallQueueManager.java:317)
        at app//org.apache.hadoop.ipc.Server$Handler.run(Server.java:3014)
"qtp11530087-513" daemon prio=5 tid=513 timed_waiting
java.lang.Thread.State: TIMED_WAITING
        at java.base@17.0.12/jdk.internal.misc.Unsafe.park(Native Method)
        at java.base@17.0.12/java.util.concurrent.locks.LockSupport.parkNanos(LockSupport.java:252)
        at java.base@17.0.12/java.util.concurrent.locks.AbstractQueuedSynchronizer$ConditionObject.awaitNanos(AbstractQueuedSynchronizer.java:1674)
        at app//org.eclipse.jetty.util.BlockingArrayQueue.poll(BlockingArrayQueue.java:382)
        at app//org.eclipse.jetty.util.thread.QueuedThreadPool$Runner.idleJobPoll(QueuedThreadPool.java:974)
        at app//org.eclipse.jetty.util.thread.QueuedThreadPool$Runner.run(QueuedThreadPool.java:1018)
        at java.base@17.0.12/java.lang.Thread.run(Thread.java:840)
"IPC Server handler 60 on default port 15001" daemon prio=5 tid=245 timed_waiting
java.lang.Thread.State: TIMED_WAITING
        at java.base@17.0.12/jdk.internal.misc.Unsafe.park(Native Method)
        at java.base@17.0.12/java.util.concurrent.locks.LockSupport.parkNanos(LockSupport.java:252)
        at java.base@17.0.12/java.util.concurrent.locks.AbstractQueuedSynchronizer$ConditionObject.awaitNanos(AbstractQueuedSynchronizer.java:1674)
        at java.base@17.0.12/java.util.concurrent.LinkedBlockingQueue.poll(LinkedBlockingQueue.java:460)
        at app//org.apache.hadoop.ipc.CallQueueManager.take(CallQueueManager.java:317)
        at app//org.apache.hadoop.ipc.Server$Handler.run(Server.java:3014)
"43b7afd8-9e19-4b34-aad7-81b8e915bbb6@group-C41EF94B1934-FollowerState" daemon prio=5 tid=986 timed_waiting
java.lang.Thread.State: TIMED_WAITING
        at java.base@17.0.12/java.lang.Thread.sleep(Native Method)
        at java.base@17.0.12/java.lang.Thread.sleep(Thread.java:344)
        at java.base@17.0.12/java.util.concurrent.TimeUnit.sleep(TimeUnit.java:446)
        at app//org.apache.ratis.util.TimeDuration.sleep(TimeDuration.java:353)
        at app//org.apache.ratis.util.TimeDuration.sleep(TimeDuration.java:338)
        at app//org.apache.ratis.server.impl.FollowerState.run(FollowerState.java:129)
"IPC Server handler 4 on default port 15000" daemon prio=5 tid=89 timed_waiting
java.lang.Thread.State: TIMED_WAITING
        at java.base@17.0.12/jdk.internal.misc.Unsafe.park(Native Method)
        at java.base@17.0.12/java.util.concurrent.locks.LockSupport.parkNanos(LockSupport.java:252)
        at java.base@17.0.12/java.util.concurrent.locks.AbstractQueuedSynchronizer$ConditionObject.awaitNanos(AbstractQueuedSynchronizer.java:1674)
        at java.base@17.0.12/java.util.concurrent.LinkedBlockingQueue.poll(LinkedBlockingQueue.java:460)
        at app//org.apache.hadoop.ipc.CallQueueManager.take(CallQueueManager.java:317)
        at app//org.apache.hadoop.ipc.Server$Handler.run(Server.java:3014)
"Socket Reader #5 for port 15001"  prio=5 tid=51 runnable
java.lang.Thread.State: RUNNABLE
        at java.base@17.0.12/sun.nio.ch.EPoll.wait(Native Method)
        at java.base@17.0.12/sun.nio.ch.EPollSelectorImpl.doSelect(EPollSelectorImpl.java:118)
        at java.base@17.0.12/sun.nio.ch.SelectorImpl.lockAndDoSelect(SelectorImpl.java:129)
        at java.base@17.0.12/sun.nio.ch.SelectorImpl.select(SelectorImpl.java:146)
        at app//org.apache.hadoop.ipc.Server$Listener$Reader.doRunLoop(Server.java:1346)
        at app//org.apache.hadoop.ipc.Server$Listener$Reader.run(Server.java:1325)
"Recon-EventQueue-PipelineReportForReconPipelineReportHandler" daemon prio=5 tid=892 in Object.wait()
java.lang.Thread.State: WAITING (on object monitor)
        at java.base@17.0.12/jdk.internal.misc.Unsafe.park(Native Method)
        at java.base@17.0.12/java.util.concurrent.locks.LockSupport.park(LockSupport.java:341)
        at java.base@17.0.12/java.util.concurrent.locks.AbstractQueuedSynchronizer$ConditionNode.block(AbstractQueuedSynchronizer.java:506)
        at java.base@17.0.12/java.util.concurrent.ForkJoinPool.unmanagedBlock(ForkJoinPool.java:3465)
        at java.base@17.0.12/java.util.concurrent.ForkJoinPool.managedBlock(ForkJoinPool.java:3436)
        at java.base@17.0.12/java.util.concurrent.locks.AbstractQueuedSynchronizer$ConditionObject.await(AbstractQueuedSynchronizer.java:1625)
        at java.base@17.0.12/java.util.concurrent.LinkedBlockingQueue.take(LinkedBlockingQueue.java:435)
        at java.base@17.0.12/java.util.concurrent.ThreadPoolExecutor.getTask(ThreadPoolExecutor.java:1062)
        at java.base@17.0.12/java.util.concurrent.ThreadPoolExecutor.runWorker(ThreadPoolExecutor.java:1122)
        at java.base@17.0.12/java.util.concurrent.ThreadPoolExecutor$Worker.run(ThreadPoolExecutor.java:635)
        at java.base@17.0.12/java.lang.Thread.run(Thread.java:840)
"IPC Server handler 70 on default port 15009" daemon prio=5 tid=589 timed_waiting
java.lang.Thread.State: TIMED_WAITING
        at java.base@17.0.12/jdk.internal.misc.Unsafe.park(Native Method)
        at java.base@17.0.12/java.util.concurrent.locks.LockSupport.parkNanos(LockSupport.java:252)
        at java.base@17.0.12/java.util.concurrent.locks.AbstractQueuedSynchronizer$ConditionObject.awaitNanos(AbstractQueuedSynchronizer.java:1674)
        at java.base@17.0.12/java.util.concurrent.LinkedBlockingQueue.poll(LinkedBlockingQueue.java:460)
        at app//org.apache.hadoop.ipc.CallQueueManager.take(CallQueueManager.java:317)
        at app//org.apache.hadoop.ipc.Server$Handler.run(Server.java:3014)
"IPC Server handler 99 on default port 15009" daemon prio=5 tid=618 timed_waiting
java.lang.Thread.State: TIMED_WAITING
        at java.base@17.0.12/jdk.internal.misc.Unsafe.park(Native Method)
        at java.base@17.0.12/java.util.concurrent.locks.LockSupport.parkNanos(LockSupport.java:252)
        at java.base@17.0.12/java.util.concurrent.locks.AbstractQueuedSynchronizer$ConditionObject.awaitNanos(AbstractQueuedSynchronizer.java:1674)
        at java.base@17.0.12/java.util.concurrent.LinkedBlockingQueue.poll(LinkedBlockingQueue.java:460)
        at app//org.apache.hadoop.ipc.CallQueueManager.take(CallQueueManager.java:317)
        at app//org.apache.hadoop.ipc.Server$Handler.run(Server.java:3014)
"Socket Reader #1 for port 15000"  prio=5 tid=61 runnable
java.lang.Thread.State: RUNNABLE
        at java.base@17.0.12/sun.nio.ch.EPoll.wait(Native Method)
        at java.base@17.0.12/sun.nio.ch.EPollSelectorImpl.doSelect(EPollSelectorImpl.java:118)
        at java.base@17.0.12/sun.nio.ch.SelectorImpl.lockAndDoSelect(SelectorImpl.java:129)
        at java.base@17.0.12/sun.nio.ch.SelectorImpl.select(SelectorImpl.java:146)
        at app//org.apache.hadoop.ipc.Server$Listener$Reader.doRunLoop(Server.java:1346)
        at app//org.apache.hadoop.ipc.Server$Listener$Reader.run(Server.java:1325)
"44ff6b06-02d2-44ad-8aa1-4af94363565f-server-thread1" daemon prio=5 tid=993 timed_waiting
java.lang.Thread.State: TIMED_WAITING
        at java.base@17.0.12/jdk.internal.misc.Unsafe.park(Native Method)
        at java.base@17.0.12/java.util.concurrent.locks.LockSupport.parkNanos(LockSupport.java:252)
        at java.base@17.0.12/java.util.concurrent.SynchronousQueue$TransferStack.transfer(SynchronousQueue.java:401)
        at java.base@17.0.12/java.util.concurrent.SynchronousQueue.poll(SynchronousQueue.java:903)
        at java.base@17.0.12/java.util.concurrent.ThreadPoolExecutor.getTask(ThreadPoolExecutor.java:1061)
        at java.base@17.0.12/java.util.concurrent.ThreadPoolExecutor.runWorker(ThreadPoolExecutor.java:1122)
        at java.base@17.0.12/java.util.concurrent.ThreadPoolExecutor$Worker.run(ThreadPoolExecutor.java:635)
        at java.base@17.0.12/java.lang.Thread.run(Thread.java:840)
"Recon-EventQueue-StaleNodeForReconStaleNodeHandler" daemon prio=5 tid=1050 in Object.wait()
java.lang.Thread.State: WAITING (on object monitor)
        at java.base@17.0.12/jdk.internal.misc.Unsafe.park(Native Method)
        at java.base@17.0.12/java.util.concurrent.locks.LockSupport.park(LockSupport.java:341)
        at java.base@17.0.12/java.util.concurrent.locks.AbstractQueuedSynchronizer$ConditionNode.block(AbstractQueuedSynchronizer.java:506)
        at java.base@17.0.12/java.util.concurrent.ForkJoinPool.unmanagedBlock(ForkJoinPool.java:3465)
        at java.base@17.0.12/java.util.concurrent.ForkJoinPool.managedBlock(ForkJoinPool.java:3436)
        at java.base@17.0.12/java.util.concurrent.locks.AbstractQueuedSynchronizer$ConditionObject.await(AbstractQueuedSynchronizer.java:1625)
        at java.base@17.0.12/java.util.concurrent.LinkedBlockingQueue.take(LinkedBlockingQueue.java:435)
        at java.base@17.0.12/java.util.concurrent.ThreadPoolExecutor.getTask(ThreadPoolExecutor.java:1062)
        at java.base@17.0.12/java.util.concurrent.ThreadPoolExecutor.runWorker(ThreadPoolExecutor.java:1122)
        at java.base@17.0.12/java.util.concurrent.ThreadPoolExecutor$Worker.run(ThreadPoolExecutor.java:635)
        at java.base@17.0.12/java.lang.Thread.run(Thread.java:840)
"qtp11530087-506" daemon prio=5 tid=506 runnable
java.lang.Thread.State: RUNNABLE
        at java.base@17.0.12/sun.nio.ch.EPoll.wait(Native Method)
        at java.base@17.0.12/sun.nio.ch.EPollSelectorImpl.doSelect(EPollSelectorImpl.java:118)
        at java.base@17.0.12/sun.nio.ch.SelectorImpl.lockAndDoSelect(SelectorImpl.java:129)
        at java.base@17.0.12/sun.nio.ch.SelectorImpl.select(SelectorImpl.java:146)
        at app//org.eclipse.jetty.io.ManagedSelector.nioSelect(ManagedSelector.java:183)
        at app//org.eclipse.jetty.io.ManagedSelector.select(ManagedSelector.java:190)
        at app//org.eclipse.jetty.io.ManagedSelector$SelectorProducer.select(ManagedSelector.java:606)
        at app//org.eclipse.jetty.io.ManagedSelector$SelectorProducer.produce(ManagedSelector.java:543)
        at app//org.eclipse.jetty.util.thread.strategy.EatWhatYouKill.produceTask(EatWhatYouKill.java:362)
        at app//org.eclipse.jetty.util.thread.strategy.EatWhatYouKill.doProduce(EatWhatYouKill.java:186)
        at app//org.eclipse.jetty.util.thread.strategy.EatWhatYouKill.tryProduce(EatWhatYouKill.java:173)
        at app//org.eclipse.jetty.util.thread.strategy.EatWhatYouKill.produce(EatWhatYouKill.java:137)
        at app//org.eclipse.jetty.io.ManagedSelector$$Lambda$824/0x00007fa908550000.run(Unknown Source)
        at app//org.eclipse.jetty.util.thread.QueuedThreadPool.runJob(QueuedThreadPool.java:883)
        at app//org.eclipse.jetty.util.thread.QueuedThreadPool$Runner.run(QueuedThreadPool.java:1034)
        at java.base@17.0.12/java.lang.Thread.run(Thread.java:840)
"IPC Server handler 0 on default port 15000" daemon prio=5 tid=85 timed_waiting
java.lang.Thread.State: TIMED_WAITING
        at java.base@17.0.12/jdk.internal.misc.Unsafe.park(Native Method)
        at java.base@17.0.12/java.util.concurrent.locks.LockSupport.parkNanos(LockSupport.java:252)
        at java.base@17.0.12/java.util.concurrent.locks.AbstractQueuedSynchronizer$ConditionObject.awaitNanos(AbstractQueuedSynchronizer.java:1674)
        at java.base@17.0.12/java.util.concurrent.LinkedBlockingQueue.poll(LinkedBlockingQueue.java:460)
        at app//org.apache.hadoop.ipc.CallQueueManager.take(CallQueueManager.java:317)
        at app//org.apache.hadoop.ipc.Server$Handler.run(Server.java:3014)
"IPC Server handler 69 on default port 15001" daemon prio=5 tid=254 timed_waiting
java.lang.Thread.State: TIMED_WAITING
        at java.base@17.0.12/jdk.internal.misc.Unsafe.park(Native Method)
        at java.base@17.0.12/java.util.concurrent.locks.LockSupport.parkNanos(LockSupport.java:252)
        at java.base@17.0.12/java.util.concurrent.locks.AbstractQueuedSynchronizer$ConditionObject.awaitNanos(AbstractQueuedSynchronizer.java:1674)
        at java.base@17.0.12/java.util.concurrent.LinkedBlockingQueue.poll(LinkedBlockingQueue.java:460)
        at app//org.apache.hadoop.ipc.CallQueueManager.take(CallQueueManager.java:317)
        at app//org.apache.hadoop.ipc.Server$Handler.run(Server.java:3014)
"IPC Server handler 11 on default port 15002" daemon prio=5 tid=296 timed_waiting
java.lang.Thread.State: TIMED_WAITING
        at java.base@17.0.12/jdk.internal.misc.Unsafe.park(Native Method)
        at java.base@17.0.12/java.util.concurrent.locks.LockSupport.parkNanos(LockSupport.java:252)
        at java.base@17.0.12/java.util.concurrent.locks.AbstractQueuedSynchronizer$ConditionObject.awaitNanos(AbstractQueuedSynchronizer.java:1674)
        at java.base@17.0.12/java.util.concurrent.LinkedBlockingQueue.poll(LinkedBlockingQueue.java:460)
        at app//org.apache.hadoop.ipc.CallQueueManager.take(CallQueueManager.java:317)
        at app//org.apache.hadoop.ipc.Server$Handler.run(Server.java:3014)
"Socket Reader #3 for port 15012"  prio=5 tid=644 runnable
java.lang.Thread.State: RUNNABLE
        at java.base@17.0.12/sun.nio.ch.EPoll.wait(Native Method)
        at java.base@17.0.12/sun.nio.ch.EPollSelectorImpl.doSelect(EPollSelectorImpl.java:118)
        at java.base@17.0.12/sun.nio.ch.SelectorImpl.lockAndDoSelect(SelectorImpl.java:129)
        at java.base@17.0.12/sun.nio.ch.SelectorImpl.select(SelectorImpl.java:146)
        at app//org.apache.hadoop.ipc.Server$Listener$Reader.doRunLoop(Server.java:1346)
        at app//org.apache.hadoop.ipc.Server$Listener$Reader.run(Server.java:1325)
"IPC Server handler 98 on default port 15001" daemon prio=5 tid=283 timed_waiting
java.lang.Thread.State: TIMED_WAITING
        at java.base@17.0.12/jdk.internal.misc.Unsafe.park(Native Method)
        at java.base@17.0.12/java.util.concurrent.locks.LockSupport.parkNanos(LockSupport.java:252)
        at java.base@17.0.12/java.util.concurrent.locks.AbstractQueuedSynchronizer$ConditionObject.awaitNanos(AbstractQueuedSynchronizer.java:1674)
        at java.base@17.0.12/java.util.concurrent.LinkedBlockingQueue.poll(LinkedBlockingQueue.java:460)
        at app//org.apache.hadoop.ipc.CallQueueManager.take(CallQueueManager.java:317)
        at app//org.apache.hadoop.ipc.Server$Handler.run(Server.java:3014)
"IPC Server handler 98 on default port 15002" daemon prio=5 tid=383 timed_waiting
java.lang.Thread.State: TIMED_WAITING
        at java.base@17.0.12/jdk.internal.misc.Unsafe.park(Native Method)
        at java.base@17.0.12/java.util.concurrent.locks.LockSupport.parkNanos(LockSupport.java:252)
        at java.base@17.0.12/java.util.concurrent.locks.AbstractQueuedSynchronizer$ConditionObject.awaitNanos(AbstractQueuedSynchronizer.java:1674)
        at java.base@17.0.12/java.util.concurrent.LinkedBlockingQueue.poll(LinkedBlockingQueue.java:460)
        at app//org.apache.hadoop.ipc.CallQueueManager.take(CallQueueManager.java:317)
        at app//org.apache.hadoop.ipc.Server$Handler.run(Server.java:3014)
"ContainerMetadataScanner" daemon prio=5 tid=859 timed_waiting
java.lang.Thread.State: TIMED_WAITING
        at java.base@17.0.12/java.lang.Thread.sleep(Native Method)
        at app//org.apache.hadoop.ozone.container.ozoneimpl.AbstractBackgroundContainerScanner.handleRemainingSleep(AbstractBackgroundContainerScanner.java:131)
        at app//org.apache.hadoop.ozone.container.ozoneimpl.AbstractBackgroundContainerScanner.runIteration(AbstractBackgroundContainerScanner.java:98)
        at app//org.apache.hadoop.ozone.container.ozoneimpl.AbstractBackgroundContainerScanner.run(AbstractBackgroundContainerScanner.java:57)
"IPC Server handler 93 on default port 15001" daemon prio=5 tid=278 timed_waiting
java.lang.Thread.State: TIMED_WAITING
        at java.base@17.0.12/jdk.internal.misc.Unsafe.park(Native Method)
        at java.base@17.0.12/java.util.concurrent.locks.LockSupport.parkNanos(LockSupport.java:252)
        at java.base@17.0.12/java.util.concurrent.locks.AbstractQueuedSynchronizer$ConditionObject.awaitNanos(AbstractQueuedSynchronizer.java:1674)
        at java.base@17.0.12/java.util.concurrent.LinkedBlockingQueue.poll(LinkedBlockingQueue.java:460)
        at app//org.apache.hadoop.ipc.CallQueueManager.take(CallQueueManager.java:317)
        at app//org.apache.hadoop.ipc.Server$Handler.run(Server.java:3014)
"StaleRecoveringContainerScrubbingService#0" daemon prio=5 tid=849 timed_waiting
java.lang.Thread.State: TIMED_WAITING
        at java.base@17.0.12/jdk.internal.misc.Unsafe.park(Native Method)
        at java.base@17.0.12/java.util.concurrent.locks.LockSupport.parkNanos(LockSupport.java:252)
        at java.base@17.0.12/java.util.concurrent.locks.AbstractQueuedSynchronizer$ConditionObject.awaitNanos(AbstractQueuedSynchronizer.java:1674)
        at java.base@17.0.12/java.util.concurrent.ScheduledThreadPoolExecutor$DelayedWorkQueue.take(ScheduledThreadPoolExecutor.java:1182)
        at java.base@17.0.12/java.util.concurrent.ScheduledThreadPoolExecutor$DelayedWorkQueue.take(ScheduledThreadPoolExecutor.java:899)
        at java.base@17.0.12/java.util.concurrent.ThreadPoolExecutor.getTask(ThreadPoolExecutor.java:1062)
        at java.base@17.0.12/java.util.concurrent.ThreadPoolExecutor.runWorker(ThreadPoolExecutor.java:1122)
        at java.base@17.0.12/java.util.concurrent.ThreadPoolExecutor$Worker.run(ThreadPoolExecutor.java:635)
        at java.base@17.0.12/java.lang.Thread.run(Thread.java:840)
"grpc-default-executor-1" daemon prio=5 tid=931 timed_waiting
java.lang.Thread.State: TIMED_WAITING
        at java.base@17.0.12/jdk.internal.misc.Unsafe.park(Native Method)
        at java.base@17.0.12/java.util.concurrent.locks.LockSupport.parkNanos(LockSupport.java:252)
        at java.base@17.0.12/java.util.concurrent.SynchronousQueue$TransferStack.transfer(SynchronousQueue.java:401)
        at java.base@17.0.12/java.util.concurrent.SynchronousQueue.poll(SynchronousQueue.java:903)
        at java.base@17.0.12/java.util.concurrent.ThreadPoolExecutor.getTask(ThreadPoolExecutor.java:1061)
        at java.base@17.0.12/java.util.concurrent.ThreadPoolExecutor.runWorker(ThreadPoolExecutor.java:1122)
        at java.base@17.0.12/java.util.concurrent.ThreadPoolExecutor$Worker.run(ThreadPoolExecutor.java:635)
        at java.base@17.0.12/java.lang.Thread.run(Thread.java:840)
"LeakDetector-ManagedRocksObject0" daemon prio=5 tid=23 in Object.wait()
java.lang.Thread.State: WAITING (on object monitor)
        at java.base@17.0.12/java.lang.Object.wait(Native Method)
        at java.base@17.0.12/java.lang.ref.ReferenceQueue.remove(ReferenceQueue.java:155)
        at java.base@17.0.12/java.lang.ref.ReferenceQueue.remove(ReferenceQueue.java:176)
        at app//org.apache.hadoop.hdds.utils.LeakDetector.run(LeakDetector.java:81)
        at app//org.apache.hadoop.hdds.utils.LeakDetector$$Lambda$591/0x00007fa908293a48.run(Unknown Source)
        at java.base@17.0.12/java.lang.Thread.run(Thread.java:840)
"qtp1438151538-724" daemon prio=5 tid=724 runnable
java.lang.Thread.State: RUNNABLE
        at java.base@17.0.12/sun.nio.ch.EPoll.wait(Native Method)
        at java.base@17.0.12/sun.nio.ch.EPollSelectorImpl.doSelect(EPollSelectorImpl.java:118)
        at java.base@17.0.12/sun.nio.ch.SelectorImpl.lockAndDoSelect(SelectorImpl.java:129)
        at java.base@17.0.12/sun.nio.ch.SelectorImpl.select(SelectorImpl.java:146)
        at app//org.eclipse.jetty.io.ManagedSelector.nioSelect(ManagedSelector.java:183)
        at app//org.eclipse.jetty.io.ManagedSelector.select(ManagedSelector.java:190)
        at app//org.eclipse.jetty.io.ManagedSelector$SelectorProducer.select(ManagedSelector.java:606)
        at app//org.eclipse.jetty.io.ManagedSelector$SelectorProducer.produce(ManagedSelector.java:543)
        at app//org.eclipse.jetty.util.thread.strategy.EatWhatYouKill.produceTask(EatWhatYouKill.java:362)
        at app//org.eclipse.jetty.util.thread.strategy.EatWhatYouKill.doProduce(EatWhatYouKill.java:186)
        at app//org.eclipse.jetty.util.thread.strategy.EatWhatYouKill.tryProduce(EatWhatYouKill.java:173)
        at app//org.eclipse.jetty.util.thread.strategy.EatWhatYouKill.produce(EatWhatYouKill.java:137)
        at app//org.eclipse.jetty.io.ManagedSelector$$Lambda$824/0x00007fa908550000.run(Unknown Source)
        at app//org.eclipse.jetty.util.thread.QueuedThreadPool.runJob(QueuedThreadPool.java:883)
        at app//org.eclipse.jetty.util.thread.QueuedThreadPool$Runner.run(QueuedThreadPool.java:1034)
        at java.base@17.0.12/java.lang.Thread.run(Thread.java:840)
"IPC Server handler 90 on default port 15009" daemon prio=5 tid=609 timed_waiting
java.lang.Thread.State: TIMED_WAITING
        at java.base@17.0.12/jdk.internal.misc.Unsafe.park(Native Method)
        at java.base@17.0.12/java.util.concurrent.locks.LockSupport.parkNanos(LockSupport.java:252)
        at java.base@17.0.12/java.util.concurrent.locks.AbstractQueuedSynchronizer$ConditionObject.awaitNanos(AbstractQueuedSynchronizer.java:1674)
        at java.base@17.0.12/java.util.concurrent.LinkedBlockingQueue.poll(LinkedBlockingQueue.java:460)
        at app//org.apache.hadoop.ipc.CallQueueManager.take(CallQueueManager.java:317)
        at app//org.apache.hadoop.ipc.Server$Handler.run(Server.java:3014)
"IPC Server handler 55 on default port 15000" daemon prio=5 tid=140 timed_waiting
java.lang.Thread.State: TIMED_WAITING
        at java.base@17.0.12/jdk.internal.misc.Unsafe.park(Native Method)
        at java.base@17.0.12/java.util.concurrent.locks.LockSupport.parkNanos(LockSupport.java:252)
        at java.base@17.0.12/java.util.concurrent.locks.AbstractQueuedSynchronizer$ConditionObject.awaitNanos(AbstractQueuedSynchronizer.java:1674)
        at java.base@17.0.12/java.util.concurrent.LinkedBlockingQueue.poll(LinkedBlockingQueue.java:460)
        at app//org.apache.hadoop.ipc.CallQueueManager.take(CallQueueManager.java:317)
        at app//org.apache.hadoop.ipc.Server$Handler.run(Server.java:3014)
"EventQueue-StaleNodeForStaleNodeHandler" daemon prio=5 tid=1049 in Object.wait()
java.lang.Thread.State: WAITING (on object monitor)
        at java.base@17.0.12/jdk.internal.misc.Unsafe.park(Native Method)
        at java.base@17.0.12/java.util.concurrent.locks.LockSupport.park(LockSupport.java:341)
        at java.base@17.0.12/java.util.concurrent.locks.AbstractQueuedSynchronizer$ConditionNode.block(AbstractQueuedSynchronizer.java:506)
        at java.base@17.0.12/java.util.concurrent.ForkJoinPool.unmanagedBlock(ForkJoinPool.java:3465)
        at java.base@17.0.12/java.util.concurrent.ForkJoinPool.managedBlock(ForkJoinPool.java:3436)
        at java.base@17.0.12/java.util.concurrent.locks.AbstractQueuedSynchronizer$ConditionObject.await(AbstractQueuedSynchronizer.java:1625)
        at java.base@17.0.12/java.util.concurrent.LinkedBlockingQueue.take(LinkedBlockingQueue.java:435)
        at java.base@17.0.12/java.util.concurrent.ThreadPoolExecutor.getTask(ThreadPoolExecutor.java:1062)
        at java.base@17.0.12/java.util.concurrent.ThreadPoolExecutor.runWorker(ThreadPoolExecutor.java:1122)
        at java.base@17.0.12/java.util.concurrent.ThreadPoolExecutor$Worker.run(ThreadPoolExecutor.java:635)
        at java.base@17.0.12/java.lang.Thread.run(Thread.java:840)
"Socket Reader #8 for port 15021"  prio=5 tid=695 runnable
java.lang.Thread.State: RUNNABLE
        at java.base@17.0.12/sun.nio.ch.EPoll.wait(Native Method)
        at java.base@17.0.12/sun.nio.ch.EPollSelectorImpl.doSelect(EPollSelectorImpl.java:118)
        at java.base@17.0.12/sun.nio.ch.SelectorImpl.lockAndDoSelect(SelectorImpl.java:129)
        at java.base@17.0.12/sun.nio.ch.SelectorImpl.select(SelectorImpl.java:146)
        at app//org.apache.hadoop.ipc.Server$Listener$Reader.doRunLoop(Server.java:1346)
        at app//org.apache.hadoop.ipc.Server$Listener$Reader.run(Server.java:1325)
"UnderReplicatedProcessor" daemon prio=5 tid=29 timed_waiting
java.lang.Thread.State: TIMED_WAITING
        at java.base@17.0.12/java.lang.Object.wait(Native Method)
        at app//org.apache.hadoop.hdds.scm.container.replication.UnhealthyReplicationProcessor.run(UnhealthyReplicationProcessor.java:174)
        at java.base@17.0.12/java.lang.Thread.run(Thread.java:840)
"731aafee-c06b-4662-9d20-472061f2d46e@group-C41EF94B1934-LeaderStateImpl" daemon prio=5 tid=987 timed_waiting
java.lang.Thread.State: TIMED_WAITING
        at java.base@17.0.12/jdk.internal.misc.Unsafe.park(Native Method)
        at java.base@17.0.12/java.util.concurrent.locks.LockSupport.parkNanos(LockSupport.java:252)
        at java.base@17.0.12/java.util.concurrent.locks.AbstractQueuedSynchronizer$ConditionObject.awaitNanos(AbstractQueuedSynchronizer.java:1674)
        at java.base@17.0.12/java.util.concurrent.ArrayBlockingQueue.poll(ArrayBlockingQueue.java:435)
        at app//org.apache.ratis.server.impl.LeaderStateImpl$EventQueue.poll(LeaderStateImpl.java:164)
        at app//org.apache.ratis.server.impl.LeaderStateImpl$EventProcessor.run(LeaderStateImpl.java:766)
"43b7afd8-9e19-4b34-aad7-81b8e915bbb6-server-thread3" daemon prio=5 tid=1001 timed_waiting
java.lang.Thread.State: TIMED_WAITING
        at java.base@17.0.12/jdk.internal.misc.Unsafe.park(Native Method)
        at java.base@17.0.12/java.util.concurrent.locks.LockSupport.parkNanos(LockSupport.java:252)
        at java.base@17.0.12/java.util.concurrent.SynchronousQueue$TransferStack.transfer(SynchronousQueue.java:401)
        at java.base@17.0.12/java.util.concurrent.SynchronousQueue.poll(SynchronousQueue.java:903)
        at java.base@17.0.12/java.util.concurrent.ThreadPoolExecutor.getTask(ThreadPoolExecutor.java:1061)
        at java.base@17.0.12/java.util.concurrent.ThreadPoolExecutor.runWorker(ThreadPoolExecutor.java:1122)
        at java.base@17.0.12/java.util.concurrent.ThreadPoolExecutor$Worker.run(ThreadPoolExecutor.java:635)
        at java.base@17.0.12/java.lang.Thread.run(Thread.java:840)
"IPC Server handler 90 on default port 15002" daemon prio=5 tid=375 timed_waiting
java.lang.Thread.State: TIMED_WAITING
        at java.base@17.0.12/jdk.internal.misc.Unsafe.park(Native Method)
        at java.base@17.0.12/java.util.concurrent.locks.LockSupport.parkNanos(LockSupport.java:252)
        at java.base@17.0.12/java.util.concurrent.locks.AbstractQueuedSynchronizer$ConditionObject.awaitNanos(AbstractQueuedSynchronizer.java:1674)
        at java.base@17.0.12/java.util.concurrent.LinkedBlockingQueue.poll(LinkedBlockingQueue.java:460)
        at app//org.apache.hadoop.ipc.CallQueueManager.take(CallQueueManager.java:317)
        at app//org.apache.hadoop.ipc.Server$Handler.run(Server.java:3014)
"IPC Server handler 61 on default port 15001" daemon prio=5 tid=246 timed_waiting
java.lang.Thread.State: TIMED_WAITING
        at java.base@17.0.12/jdk.internal.misc.Unsafe.park(Native Method)
        at java.base@17.0.12/java.util.concurrent.locks.LockSupport.parkNanos(LockSupport.java:252)
        at java.base@17.0.12/java.util.concurrent.locks.AbstractQueuedSynchronizer$ConditionObject.awaitNanos(AbstractQueuedSynchronizer.java:1674)
        at java.base@17.0.12/java.util.concurrent.LinkedBlockingQueue.poll(LinkedBlockingQueue.java:460)
        at app//org.apache.hadoop.ipc.CallQueueManager.take(CallQueueManager.java:317)
        at app//org.apache.hadoop.ipc.Server$Handler.run(Server.java:3014)
"IPC Server handler 22 on default port 15002" daemon prio=5 tid=307 timed_waiting
java.lang.Thread.State: TIMED_WAITING
        at java.base@17.0.12/jdk.internal.misc.Unsafe.park(Native Method)
        at java.base@17.0.12/java.util.concurrent.locks.LockSupport.parkNanos(LockSupport.java:252)
        at java.base@17.0.12/java.util.concurrent.locks.AbstractQueuedSynchronizer$ConditionObject.awaitNanos(AbstractQueuedSynchronizer.java:1674)
        at java.base@17.0.12/java.util.concurrent.LinkedBlockingQueue.poll(LinkedBlockingQueue.java:460)
        at app//org.apache.hadoop.ipc.CallQueueManager.take(CallQueueManager.java:317)
        at app//org.apache.hadoop.ipc.Server$Handler.run(Server.java:3014)
"IPC Server handler 15 on default port 15009" daemon prio=5 tid=534 timed_waiting
java.lang.Thread.State: TIMED_WAITING
        at java.base@17.0.12/jdk.internal.misc.Unsafe.park(Native Method)
        at java.base@17.0.12/java.util.concurrent.locks.LockSupport.parkNanos(LockSupport.java:252)
        at java.base@17.0.12/java.util.concurrent.locks.AbstractQueuedSynchronizer$ConditionObject.awaitNanos(AbstractQueuedSynchronizer.java:1674)
        at java.base@17.0.12/java.util.concurrent.LinkedBlockingQueue.poll(LinkedBlockingQueue.java:460)
        at app//org.apache.hadoop.ipc.CallQueueManager.take(CallQueueManager.java:317)
        at app//org.apache.hadoop.ipc.Server$Handler.run(Server.java:3014)
"731aafee-c06b-4662-9d20-472061f2d46e@group-C41EF94B1934-SegmentedRaftLogWorker"  prio=5 tid=907 timed_waiting
java.lang.Thread.State: TIMED_WAITING
        at java.base@17.0.12/jdk.internal.misc.Unsafe.park(Native Method)
        at java.base@17.0.12/java.util.concurrent.locks.LockSupport.parkNanos(LockSupport.java:252)
        at java.base@17.0.12/java.util.concurrent.locks.AbstractQueuedSynchronizer$ConditionObject.awaitNanos(AbstractQueuedSynchronizer.java:1674)
        at app//org.apache.ratis.util.DataBlockingQueue.poll(DataBlockingQueue.java:148)
        at app//org.apache.ratis.server.raftlog.segmented.SegmentedRaftLogWorker.run(SegmentedRaftLogWorker.java:306)
        at app//org.apache.ratis.server.raftlog.segmented.SegmentedRaftLogWorker$$Lambda$1170/0x00007fa908729a20.run(Unknown Source)
        at java.base@17.0.12/java.util.concurrent.Executors$RunnableAdapter.call(Executors.java:539)
        at java.base@17.0.12/java.util.concurrent.FutureTask.run(FutureTask.java:264)
        at java.base@17.0.12/java.util.concurrent.ThreadPoolExecutor.runWorker(ThreadPoolExecutor.java:1136)
        at java.base@17.0.12/java.util.concurrent.ThreadPoolExecutor$Worker.run(ThreadPoolExecutor.java:635)
        at java.base@17.0.12/java.lang.Thread.run(Thread.java:840)
"IPC Server handler 98 on default port 15000" daemon prio=5 tid=183 timed_waiting
java.lang.Thread.State: TIMED_WAITING
        at java.base@17.0.12/jdk.internal.misc.Unsafe.park(Native Method)
        at java.base@17.0.12/java.util.concurrent.locks.LockSupport.parkNanos(LockSupport.java:252)
        at java.base@17.0.12/java.util.concurrent.locks.AbstractQueuedSynchronizer$ConditionObject.awaitNanos(AbstractQueuedSynchronizer.java:1674)
        at java.base@17.0.12/java.util.concurrent.LinkedBlockingQueue.poll(LinkedBlockingQueue.java:460)
        at app//org.apache.hadoop.ipc.CallQueueManager.take(CallQueueManager.java:317)
        at app//org.apache.hadoop.ipc.Server$Handler.run(Server.java:3014)
"IPC Server handler 66 on default port 15009" daemon prio=5 tid=585 timed_waiting
java.lang.Thread.State: TIMED_WAITING
        at java.base@17.0.12/jdk.internal.misc.Unsafe.park(Native Method)
        at java.base@17.0.12/java.util.concurrent.locks.LockSupport.parkNanos(LockSupport.java:252)
        at java.base@17.0.12/java.util.concurrent.locks.AbstractQueuedSynchronizer$ConditionObject.awaitNanos(AbstractQueuedSynchronizer.java:1674)
        at java.base@17.0.12/java.util.concurrent.LinkedBlockingQueue.poll(LinkedBlockingQueue.java:460)
        at app//org.apache.hadoop.ipc.CallQueueManager.take(CallQueueManager.java:317)
        at app//org.apache.hadoop.ipc.Server$Handler.run(Server.java:3014)


	at org.apache.ozone.test.GenericTestUtils.waitFor(GenericTestUtils.java:205)
	at org.apache.hadoop.ozone.recon.TestReconScmSnapshot.testExplicitRemovalOfNode(TestReconScmSnapshot.java:139)
	at java.base/java.lang.reflect.Method.invoke(Method.java:569)
	at java.base/java.util.ArrayList.forEach(ArrayList.java:1511)
	at java.base/java.util.ArrayList.forEach(ArrayList.java:1511)
]]></error>
    <system-out><![CDATA[2024-11-05 06:16:08,716 [main] WARN  server.ServerUtils (ServerUtils.java:getScmDbDir(143)) - ozone.scm.db.dirs is not configured. We recommend adding this setting. Falling back to ozone.metadata.dirs instead.
2024-11-05 06:16:08,887 [main] INFO  reflections.Reflections (Reflections.java:scan(219)) - Reflections took 136 ms to scan 7 urls, producing 160 keys and 376 values
2024-11-05 06:16:09,027 [main] WARN  server.ServerUtils (ServerUtils.java:getScmDbDir(143)) - ozone.scm.db.dirs is not configured. We recommend adding this setting. Falling back to ozone.metadata.dirs instead.
2024-11-05 06:16:09,031 [main] INFO  ha.SCMHANodeDetails (SCMHANodeDetails.java:loadSCMHAConfig(207)) - ServiceID for StorageContainerManager is null
2024-11-05 06:16:09,037 [main] WARN  ha.SCMHANodeDetails (SCMHANodeDetails.java:validateSCMHAConfig(180)) - Default/Configured value of config ozone.scm.ratis.enable conflicts with the expected value. Default/Configured: true. Expected: false. Falling back to the expected value. Current State of SCM: SCM is running without Ratis. Ratis SCM -> Non Ratis SCM is not supported.
2024-11-05 06:16:09,038 [main] INFO  ha.SCMHANodeDetails (SCMHANodeDetails.java:loadSCMHAConfig(212)) - ozone.scm.default.service.id is not defined, falling back to ozone.scm.service.ids to find serviceID for StorageContainerManager if it is HA enabled cluster
2024-11-05 06:16:09,473 [main] WARN  utils.HAUtils (HAUtils.java:getMetaDir(337)) - ozone.scm.db.dirs is not configured. We recommend adding this setting. Falling back to ozone.metadata.dirs instead.
2024-11-05 06:16:09,589 [main] WARN  db.DBStoreBuilder (DBStoreBuilder.java:applyDBDefinition(171)) - ozone.scm.db.dirs is not configured. We recommend adding this setting. Falling back to ozone.metadata.dirs instead.
2024-11-05 06:16:09,596 [main] INFO  utils.LeakDetector (LeakDetector.java:start(74)) - Starting leak detector thread ManagedRocksObject0.
2024-11-05 06:16:09,761 [main] INFO  net.NodeSchemaLoader (NodeSchemaLoader.java:loadSchemaFromFile(129)) - Loading schema from [jar:file:/home/runner/work/ozone/ozone/hadoop-hdds/common/target/hdds-common-2.0.0-SNAPSHOT.jar!/network-topology-default.xml]
2024-11-05 06:16:09,763 [main] INFO  net.NodeSchemaLoader (NodeSchemaLoader.java:loadSchema(176)) - Loading network topology layer schema file
2024-11-05 06:16:09,802 [main] INFO  metrics.MetricRegistries (MetricRegistriesLoader.java:load(64)) - Loaded MetricRegistries class org.apache.ratis.metrics.dropwizard3.Dm3MetricRegistriesImpl
2024-11-05 06:16:09,812 [main] INFO  upgrade.AbstractLayoutVersionManager (AbstractLayoutVersionManager.java:init(83)) - Initializing Layout version manager with metadata layout = HBASE_SUPPORT (version = 8), software layout = HBASE_SUPPORT (version = 8)
2024-11-05 06:16:09,939 [main] INFO  ha.SequenceIdGenerator (SequenceIdGenerator.java:upgradeToSequenceId(369)) - upgrade localId to 113750153625600000
2024-11-05 06:16:09,941 [main] INFO  ha.SequenceIdGenerator (SequenceIdGenerator.java:upgradeToSequenceId(379)) - upgrade delTxnId to 0
2024-11-05 06:16:09,947 [main] INFO  ha.SequenceIdGenerator (SequenceIdGenerator.java:upgradeToSequenceId(396)) - upgrade containerId to 0
2024-11-05 06:16:09,950 [main] INFO  ha.SequenceIdGenerator (SequenceIdGenerator.java:upgradeToCertificateSequenceId(433)) - upgrade CertificateId to 2
2024-11-05 06:16:09,952 [main] INFO  ha.SequenceIdGenerator (SequenceIdGenerator.java:<init>(240)) - Init the HA SequenceIdGenerator.
2024-11-05 06:16:09,983 [main] WARN  server.ServerUtils (ServerUtils.java:sanitizeUserArgs(73)) - ozone.scm.dead.node.interval value = 8000 is smaller than min = 12000 based on the key value of ozone.scm.stale.node.interval, reset to the min value 12000.
2024-11-05 06:16:09,988 [main] INFO  node.SCMNodeManager (SCMNodeManager.java:<init>(180)) - Entering startup safe mode.
2024-11-05 06:16:10,000 [main] INFO  algorithms.ContainerPlacementPolicyFactory (ContainerPlacementPolicyFactory.java:getPolicyInternal(86)) - Create container placement policy of type org.apache.hadoop.hdds.scm.container.placement.algorithms.SCMContainerPlacementRackAware
2024-11-05 06:16:10,003 [main] INFO  algorithms.ContainerPlacementPolicyFactory (ContainerPlacementPolicyFactory.java:getPolicyInternal(86)) - Create container placement policy of type org.apache.hadoop.hdds.scm.container.placement.algorithms.SCMContainerPlacementRackScatter
2024-11-05 06:16:10,010 [main] INFO  pipeline.PipelineStateManagerImpl (PipelineStateManagerImpl.java:initialize(78)) - No pipeline exists in current db
2024-11-05 06:16:10,024 [main] INFO  algorithms.LeaderChoosePolicyFactory (LeaderChoosePolicyFactory.java:getPolicy(57)) - Create leader choose policy of type org.apache.hadoop.hdds.scm.pipeline.leader.choose.algorithms.MinLeaderCountChoosePolicy
2024-11-05 06:16:10,026 [main] INFO  algorithms.ContainerPlacementPolicyFactory (ContainerPlacementPolicyFactory.java:getPolicyInternal(86)) - Create container placement policy of type org.apache.hadoop.hdds.scm.container.placement.algorithms.SCMContainerPlacementRackScatter
2024-11-05 06:16:10,035 [main] INFO  ha.SCMServiceManager (SCMServiceManager.java:register(42)) - Registering service BackgroundPipelineCreator.
2024-11-05 06:16:10,035 [main] INFO  pipeline.BackgroundPipelineCreator (BackgroundPipelineCreator.java:start(127)) - Starting RatisPipelineUtilsThread.
2024-11-05 06:16:10,038 [main] INFO  BackgroundPipelineScrubber (BackgroundSCMService.java:start(65)) - Starting BackgroundPipelineScrubber Service.
2024-11-05 06:16:10,039 [main] INFO  ha.SCMServiceManager (SCMServiceManager.java:register(42)) - Registering service BackgroundPipelineScrubber.
2024-11-05 06:16:10,045 [main] INFO  ExpiredContainerReplicaOpScrubber (BackgroundSCMService.java:start(65)) - Starting ExpiredContainerReplicaOpScrubber Service.
2024-11-05 06:16:10,046 [main] INFO  ha.SCMServiceManager (SCMServiceManager.java:register(42)) - Registering service ExpiredContainerReplicaOpScrubber.
2024-11-05 06:16:10,066 [main] INFO  algorithms.PipelineChoosePolicyFactory (PipelineChoosePolicyFactory.java:createPipelineChoosePolicyFromClass(80)) - Create pipeline choose policy of type org.apache.hadoop.hdds.scm.pipeline.choose.algorithms.RandomPipelineChoosePolicy
2024-11-05 06:16:10,066 [main] INFO  algorithms.PipelineChoosePolicyFactory (PipelineChoosePolicyFactory.java:createPipelineChoosePolicyFromClass(80)) - Create pipeline choose policy of type org.apache.hadoop.hdds.scm.pipeline.choose.algorithms.RandomPipelineChoosePolicy
2024-11-05 06:16:10,092 [main] INFO  ha.SCMServiceManager (SCMServiceManager.java:register(42)) - Registering service SCMBlockDeletingService.
2024-11-05 06:16:10,144 [main] INFO  replication.ReplicationManager (ReplicationManager.java:start(296)) - Starting Replication Monitor Thread.
2024-11-05 06:16:10,146 [main] INFO  ha.SCMServiceManager (SCMServiceManager.java:register(42)) - Registering service ReplicationManager.
2024-11-05 06:16:10,146 [ReplicationMonitor] INFO  replication.ReplicationManager (ReplicationManager.java:processAll(373)) - Replication Manager is not ready to run until 3000ms after safemode exit
2024-11-05 06:16:10,153 [main] INFO  safemode.ContainerSafeModeRule (ContainerSafeModeRule.java:<init>(91)) - containers with one replica threshold count 0
2024-11-05 06:16:10,157 [main] INFO  safemode.HealthyPipelineSafeModeRule (HealthyPipelineSafeModeRule.java:initializeRule(176)) - Total pipeline count is 0, healthy pipeline threshold count is 1
2024-11-05 06:16:10,159 [main] INFO  safemode.OneReplicaPipelineSafeModeRule (OneReplicaPipelineSafeModeRule.java:initializeRule(193)) - Total pipeline count is 0, pipeline's with at least one datanode reported threshold count is 0
2024-11-05 06:16:10,217 [main] INFO  server.StorageContainerManager (StorageContainerManager.java:<init>(443)) - SCM start with adminUsers: [runner]
2024-11-05 06:16:10,411 [main] INFO  audit.AuditLogger (AuditLogger.java:refreshDebugCmdSet(135)) - Refresh DebugCmdSet for SCMAudit to [].
2024-11-05 06:16:10,428 [main] INFO  ipc.CallQueueManager (CallQueueManager.java:<init>(90)) - Using callQueue: class java.util.concurrent.LinkedBlockingQueue, queueCapacity: 10000, scheduler: class org.apache.hadoop.ipc.DefaultRpcScheduler, ipcBackoff: false.
2024-11-05 06:16:10,447 [main] INFO  ipc.Server (Server.java:<init>(1287)) - Listener at 0.0.0.0:15002
2024-11-05 06:16:10,449 [Socket Reader #1 for port 15002] INFO  ipc.Server (Server.java:run(1323)) - Starting Socket Reader #1 for port 15002
2024-11-05 06:16:10,449 [Socket Reader #2 for port 15002] INFO  ipc.Server (Server.java:run(1323)) - Starting Socket Reader #2 for port 15002
2024-11-05 06:16:10,450 [Socket Reader #3 for port 15002] INFO  ipc.Server (Server.java:run(1323)) - Starting Socket Reader #3 for port 15002
2024-11-05 06:16:10,451 [Socket Reader #4 for port 15002] INFO  ipc.Server (Server.java:run(1323)) - Starting Socket Reader #4 for port 15002
2024-11-05 06:16:10,452 [Socket Reader #5 for port 15002] INFO  ipc.Server (Server.java:run(1323)) - Starting Socket Reader #5 for port 15002
2024-11-05 06:16:10,456 [Socket Reader #6 for port 15002] INFO  ipc.Server (Server.java:run(1323)) - Starting Socket Reader #6 for port 15002
2024-11-05 06:16:10,458 [Socket Reader #7 for port 15002] INFO  ipc.Server (Server.java:run(1323)) - Starting Socket Reader #7 for port 15002
2024-11-05 06:16:10,458 [Socket Reader #8 for port 15002] INFO  ipc.Server (Server.java:run(1323)) - Starting Socket Reader #8 for port 15002
2024-11-05 06:16:10,463 [Socket Reader #9 for port 15002] INFO  ipc.Server (Server.java:run(1323)) - Starting Socket Reader #9 for port 15002
2024-11-05 06:16:10,465 [Socket Reader #10 for port 15002] INFO  ipc.Server (Server.java:run(1323)) - Starting Socket Reader #10 for port 15002
2024-11-05 06:16:10,531 [main] INFO  audit.AuditLogger (AuditLogger.java:refreshDebugCmdSet(135)) - Refresh DebugCmdSet for SCMAudit to [].
2024-11-05 06:16:10,537 [main] INFO  ipc.CallQueueManager (CallQueueManager.java:<init>(90)) - Using callQueue: class java.util.concurrent.LinkedBlockingQueue, queueCapacity: 10000, scheduler: class org.apache.hadoop.ipc.DefaultRpcScheduler, ipcBackoff: false.
2024-11-05 06:16:10,537 [main] INFO  ipc.Server (Server.java:<init>(1287)) - Listener at 0.0.0.0:15001
2024-11-05 06:16:10,538 [Socket Reader #1 for port 15001] INFO  ipc.Server (Server.java:run(1323)) - Starting Socket Reader #1 for port 15001
2024-11-05 06:16:10,539 [Socket Reader #2 for port 15001] INFO  ipc.Server (Server.java:run(1323)) - Starting Socket Reader #2 for port 15001
2024-11-05 06:16:10,540 [Socket Reader #6 for port 15001] INFO  ipc.Server (Server.java:run(1323)) - Starting Socket Reader #6 for port 15001
2024-11-05 06:16:10,540 [Socket Reader #5 for port 15001] INFO  ipc.Server (Server.java:run(1323)) - Starting Socket Reader #5 for port 15001
2024-11-05 06:16:10,540 [Socket Reader #4 for port 15001] INFO  ipc.Server (Server.java:run(1323)) - Starting Socket Reader #4 for port 15001
2024-11-05 06:16:10,540 [Socket Reader #3 for port 15001] INFO  ipc.Server (Server.java:run(1323)) - Starting Socket Reader #3 for port 15001
2024-11-05 06:16:10,543 [Socket Reader #8 for port 15001] INFO  ipc.Server (Server.java:run(1323)) - Starting Socket Reader #8 for port 15001
2024-11-05 06:16:10,543 [Socket Reader #9 for port 15001] INFO  ipc.Server (Server.java:run(1323)) - Starting Socket Reader #9 for port 15001
2024-11-05 06:16:10,544 [Socket Reader #10 for port 15001] INFO  ipc.Server (Server.java:run(1323)) - Starting Socket Reader #10 for port 15001
2024-11-05 06:16:10,544 [Socket Reader #7 for port 15001] INFO  ipc.Server (Server.java:run(1323)) - Starting Socket Reader #7 for port 15001
2024-11-05 06:16:10,577 [main] INFO  audit.AuditLogger (AuditLogger.java:refreshDebugCmdSet(135)) - Refresh DebugCmdSet for SCMAudit to [].
2024-11-05 06:16:10,588 [main] INFO  ipc.CallQueueManager (CallQueueManager.java:<init>(90)) - Using callQueue: class java.util.concurrent.LinkedBlockingQueue, queueCapacity: 10000, scheduler: class org.apache.hadoop.ipc.DefaultRpcScheduler, ipcBackoff: false.
2024-11-05 06:16:10,589 [main] INFO  ipc.Server (Server.java:<init>(1287)) - Listener at 0.0.0.0:15000
2024-11-05 06:16:10,590 [Socket Reader #1 for port 15000] INFO  ipc.Server (Server.java:run(1323)) - Starting Socket Reader #1 for port 15000
2024-11-05 06:16:10,591 [Socket Reader #2 for port 15000] INFO  ipc.Server (Server.java:run(1323)) - Starting Socket Reader #2 for port 15000
2024-11-05 06:16:10,592 [Socket Reader #3 for port 15000] INFO  ipc.Server (Server.java:run(1323)) - Starting Socket Reader #3 for port 15000
2024-11-05 06:16:10,592 [Socket Reader #4 for port 15000] INFO  ipc.Server (Server.java:run(1323)) - Starting Socket Reader #4 for port 15000
2024-11-05 06:16:10,601 [Socket Reader #5 for port 15000] INFO  ipc.Server (Server.java:run(1323)) - Starting Socket Reader #5 for port 15000
2024-11-05 06:16:10,607 [Socket Reader #6 for port 15000] INFO  ipc.Server (Server.java:run(1323)) - Starting Socket Reader #6 for port 15000
2024-11-05 06:16:10,608 [Socket Reader #7 for port 15000] INFO  ipc.Server (Server.java:run(1323)) - Starting Socket Reader #7 for port 15000
2024-11-05 06:16:10,609 [Socket Reader #8 for port 15000] INFO  ipc.Server (Server.java:run(1323)) - Starting Socket Reader #8 for port 15000
2024-11-05 06:16:10,609 [Socket Reader #9 for port 15000] INFO  ipc.Server (Server.java:run(1323)) - Starting Socket Reader #9 for port 15000
2024-11-05 06:16:10,610 [Socket Reader #10 for port 15000] INFO  ipc.Server (Server.java:run(1323)) - Starting Socket Reader #10 for port 15000
2024-11-05 06:16:10,649 [main] INFO  ha.SCMServiceManager (SCMServiceManager.java:register(42)) - Registering service ContainerBalancer.
2024-11-05 06:16:10,649 [main] INFO  ha.SCMContext (SCMContext.java:updateSafeModeStatus(225)) - Update SafeModeStatus from SafeModeStatus{safeModeStatus=true, preCheckPassed=false} to SafeModeStatus{safeModeStatus=true, preCheckPassed=false}.
2024-11-05 06:16:10,652 [main] INFO  server.StorageContainerManager (StorageContainerManager.java:start(1546)) - StorageContainerLocationProtocol RPC server is listening at /0.0.0.0:15000
2024-11-05 06:16:10,700 [main] WARN  impl.MetricsConfig (MetricsConfig.java:loadFirst(136)) - Cannot locate configuration: tried hadoop-metrics2-storagecontainermanager.properties,hadoop-metrics2.properties
2024-11-05 06:16:10,708 [main] INFO  impl.MetricsSystemImpl (MetricsSystemImpl.java:startTimer(378)) - Scheduled Metric snapshot period at 10 second(s).
2024-11-05 06:16:10,708 [main] INFO  impl.MetricsSystemImpl (MetricsSystemImpl.java:start(191)) - StorageContainerManager metrics system started
2024-11-05 06:16:10,832 [main] INFO  server.SCMClientProtocolServer (SCMClientProtocolServer.java:start(215)) - RPC server for Client  is listening at /0.0.0.0:15000
2024-11-05 06:16:10,833 [IPC Server Responder] INFO  ipc.Server (Server.java:run(1562)) - IPC Server Responder: starting
2024-11-05 06:16:10,833 [IPC Server listener on 15000] INFO  ipc.Server (Server.java:run(1402)) - IPC Server listener on 15000: starting
2024-11-05 06:16:10,930 [main] INFO  server.StorageContainerManager (StorageContainerManager.java:start(1559)) - ScmBlockLocationProtocol RPC server is listening at /0.0.0.0:15001
2024-11-05 06:16:10,931 [main] INFO  server.SCMBlockProtocolServer (SCMBlockProtocolServer.java:start(172)) - RPC server for Block Protocol is listening at /0.0.0.0:15001
2024-11-05 06:16:10,932 [IPC Server listener on 15001] INFO  ipc.Server (Server.java:run(1402)) - IPC Server listener on 15001: starting
2024-11-05 06:16:10,932 [IPC Server Responder] INFO  ipc.Server (Server.java:run(1562)) - IPC Server Responder: starting
2024-11-05 06:16:10,968 [main] INFO  server.SCMDatanodeProtocolServer (SCMDatanodeProtocolServer.java:start(199)) - ScmDatanodeProtocol RPC server for DataNodes is listening at /0.0.0.0:15002
2024-11-05 06:16:10,969 [IPC Server Responder] INFO  ipc.Server (Server.java:run(1562)) - IPC Server Responder: starting
2024-11-05 06:16:10,969 [IPC Server listener on 15002] INFO  ipc.Server (Server.java:run(1402)) - IPC Server listener on 15002: starting
2024-11-05 06:16:10,995 [JvmPauseMonitor0] INFO  util.JvmPauseMonitor (JvmPauseMonitor.java:run(146)) - JvmPauseMonitor-cec7c283-8ab3-4006-9cb0-fd72ff32d9f3: Started
2024-11-05 06:16:11,005 [main] INFO  http.BaseHttpServer (BaseHttpServer.java:newHttpServer2BuilderForOzone(223)) - Starting Web-server for scm at: http://0.0.0.0:15003
2024-11-05 06:16:11,006 [main] INFO  http.BaseHttpServer (BaseHttpServer.java:<init>(110)) - Hadoop Security Enabled: false Ozone Security Enabled: false Ozone HTTP Security Enabled: false 
2024-11-05 06:16:11,033 [main] INFO  util.log (Log.java:initialized(170)) - Logging initialized @3477ms to org.eclipse.jetty.util.log.Slf4jLog
2024-11-05 06:16:11,113 [main] WARN  server.AuthenticationFilter (AuthenticationFilter.java:constructSecretProvider(240)) - Unable to initialize FileSignerSecretProvider, falling back to use random secrets. Reason: Could not read signature secret file: /home/runner/hadoop-http-auth-signature-secret
2024-11-05 06:16:11,118 [main] INFO  http.HttpRequestLog (HttpRequestLog.java:getRequestLog(86)) - Http request log for http.requests.scm is not defined
2024-11-05 06:16:11,123 [main] INFO  http.HttpServer2 (HttpServer2.java:addGlobalFilter(1035)) - Added global filter 'safety' (class=org.apache.hadoop.hdds.server.http.HttpServer2$QuotingInputFilter)
2024-11-05 06:16:11,125 [main] INFO  http.HttpServer2 (HttpServer2.java:addFilter(1011)) - Added filter static_user_filter (class=org.apache.hadoop.http.lib.StaticUserWebFilter$StaticUserFilter) to context scm
2024-11-05 06:16:11,125 [main] INFO  http.HttpServer2 (HttpServer2.java:addFilter(1019)) - Added filter static_user_filter (class=org.apache.hadoop.http.lib.StaticUserWebFilter$StaticUserFilter) to context logs
2024-11-05 06:16:11,125 [main] INFO  http.HttpServer2 (HttpServer2.java:addFilter(1019)) - Added filter static_user_filter (class=org.apache.hadoop.http.lib.StaticUserWebFilter$StaticUserFilter) to context static
2024-11-05 06:16:11,151 [main] INFO  http.BaseHttpServer (BaseHttpServer.java:<init>(189)) - HTTP server of scm uses base directory /home/runner/work/ozone/ozone/hadoop-ozone/integration-test/target/test-dir/MiniOzoneClusterImpl-58399722-4c39-4f0d-a4d6-8a89216b262d/ozone-meta/webserver
2024-11-05 06:16:11,152 [main] INFO  http.HttpServer2 (HttpServer2.java:bindListener(1235)) - Jetty bound to port 15003
2024-11-05 06:16:11,153 [main] INFO  server.Server (Server.java:doStart(375)) - jetty-9.4.56.v20240826; built: 2024-08-26T17:15:05.868Z; git: ec6782ff5ead824dabdcf47fa98f90a4aedff401; jvm 17.0.12+7
2024-11-05 06:16:11,182 [main] INFO  server.session (DefaultSessionIdManager.java:doStart(334)) - DefaultSessionIdManager workerName=node0
2024-11-05 06:16:11,182 [main] INFO  server.session (DefaultSessionIdManager.java:doStart(339)) - No SessionScavenger set, using defaults
2024-11-05 06:16:11,183 [main] INFO  server.session (HouseKeeper.java:startScavenging(132)) - node0 Scavenging every 600000ms
2024-11-05 06:16:11,192 [main] INFO  handler.ContextHandler (ContextHandler.java:doStart(921)) - Started o.e.j.s.ServletContextHandler@792eeae6{logs,/logs,file:///home/runner/work/ozone/ozone/hadoop-ozone/integration-test/target/log,AVAILABLE}
2024-11-05 06:16:11,192 [main] INFO  handler.ContextHandler (ContextHandler.java:doStart(921)) - Started o.e.j.s.ServletContextHandler@7a92827f{static,/static,file:///home/runner/work/ozone/ozone/hadoop-ozone/integration-test/target/test-classes/webapps/static,AVAILABLE}
2024-11-05 06:16:11,229 [main] INFO  handler.ContextHandler (ContextHandler.java:doStart(921)) - Started o.e.j.w.WebAppContext@634d3439{scm,/,file:///home/runner/work/ozone/ozone/hadoop-ozone/integration-test/target/test-classes/webapps/scm/,AVAILABLE}{file:/home/runner/work/ozone/ozone/hadoop-ozone/integration-test/target/test-classes/webapps/scm}
2024-11-05 06:16:11,234 [main] INFO  server.AbstractConnector (AbstractConnector.java:doStart(333)) - Started ServerConnector@74cff17c{HTTP/1.1, (http/1.1)}{0.0.0.0:15003}
2024-11-05 06:16:11,234 [main] INFO  server.Server (Server.java:doStart(415)) - Started @3678ms
2024-11-05 06:16:11,236 [main] INFO  impl.MetricsSinkAdapter (MetricsSinkAdapter.java:start(204)) - Sink prometheus started
2024-11-05 06:16:11,236 [main] INFO  impl.MetricsSystemImpl (MetricsSystemImpl.java:registerSink(305)) - Registered sink prometheus
2024-11-05 06:16:11,237 [main] INFO  http.BaseHttpServer (BaseHttpServer.java:updateConnectorAddress(354)) - HTTP server of scm listening at http://0.0.0.0:15003
2024-11-05 06:16:11,240 [main] WARN  server.ServerUtils (ServerUtils.java:getDBPath(299)) - ozone.om.db.dirs is not configured. We recommend adding this setting. Falling back to ozone.metadata.dirs instead.
2024-11-05 06:16:11,290 [main] INFO  audit.AuditLogger (AuditLogger.java:refreshDebugCmdSet(135)) - Refresh DebugCmdSet for OMAudit to [].
2024-11-05 06:16:11,306 [main] INFO  audit.AuditLogger (AuditLogger.java:refreshDebugCmdSet(135)) - Refresh DebugCmdSet for OMSystemAudit to [].
2024-11-05 06:16:11,342 [main] INFO  ha.OMHANodeDetails (OMHANodeDetails.java:loadOMHAConfig(115)) - ozone.om.internal.service.id is not defined, falling back to ozone.om.service.ids to find serviceID for OzoneManager if it is HA enabled cluster
2024-11-05 06:16:11,345 [main] INFO  ha.OMHANodeDetails (OMHANodeDetails.java:loadOMHAConfig(226)) - Configuration does not have ozone.om.address set. Falling back to the default OM address /127.0.0.1:15004
2024-11-05 06:16:11,345 [main] INFO  ha.OMHANodeDetails (OMHANodeDetails.java:getOMNodeDetailsForNonHA(254)) - OM Service ID is not set. Setting it to the default ID: omServiceIdDefault
2024-11-05 06:16:11,346 [main] INFO  ha.OMHANodeDetails (OMHANodeDetails.java:getOMNodeDetailsForNonHA(261)) - OM Node ID is not set. Setting it to the default ID: om1
2024-11-05 06:16:11,350 [main] WARN  server.ServerUtils (ServerUtils.java:getDBPath(299)) - ozone.om.db.dirs is not configured. We recommend adding this setting. Falling back to ozone.metadata.dirs instead.
2024-11-05 06:16:11,355 [main] INFO  upgrade.AbstractLayoutVersionManager (AbstractLayoutVersionManager.java:init(83)) - Initializing Layout version manager with metadata layout = HBASE_SUPPORT (version = 7), software layout = HBASE_SUPPORT (version = 7)
2024-11-05 06:16:11,421 [main] INFO  reflections.Reflections (Reflections.java:scan(219)) - Reflections took 65 ms to scan 2 urls, producing 190 keys and 567 values
2024-11-05 06:16:11,425 [main] INFO  upgrade.OMLayoutVersionManager (OMLayoutVersionManager.java:lambda$0(113)) - Skipping Upgrade Action QuotaRepairUpgradeAction since it has been finalized.
2024-11-05 06:16:11,426 [main] INFO  upgrade.OMLayoutVersionManager (OMLayoutVersionManager.java:lambda$0(113)) - Skipping Upgrade Action MockOmUpgradeAction since it has been finalized.
2024-11-05 06:16:11,427 [main] WARN  server.ServerUtils (ServerUtils.java:getDBPath(299)) - ozone.om.db.dirs is not configured. We recommend adding this setting. Falling back to ozone.metadata.dirs instead.
2024-11-05 06:16:11,536 [main] INFO  proxy.SCMBlockLocationFailoverProxyProvider (SCMBlockLocationFailoverProxyProvider.java:<init>(115)) - Created block location fail-over proxy with 1 nodes: [nodeId=scmNodeId,nodeAddress=/0.0.0.0:15001]
2024-11-05 06:16:11,561 [main] INFO  proxy.SCMBlockLocationFailoverProxyProvider (SCMBlockLocationFailoverProxyProvider.java:<init>(115)) - Created block location fail-over proxy with 1 nodes: [nodeId=scmNodeId,nodeAddress=/0.0.0.0:15001]
2024-11-05 06:16:11,725 [main] INFO  om.OzoneManager (OzoneManager.java:<init>(693)) - OM start with adminUsers: [runner]
2024-11-05 06:16:11,741 [main] WARN  server.ServerUtils (ServerUtils.java:getDBPath(299)) - ozone.om.db.dirs is not configured. We recommend adding this setting. Falling back to ozone.metadata.dirs instead.
2024-11-05 06:16:11,768 [main] INFO  helpers.OmKeyInfo (OmKeyInfo.java:getCodec(73)) - OmKeyInfo.getCodec ignorePipeline = true
2024-11-05 06:16:12,046 [main] INFO  om.OzoneManager (OzoneManager.java:instantiateServices(824)) - S3 Multi-Tenancy is disabled
2024-11-05 06:16:12,068 [main] INFO  om.OmSnapshotManager (OmSnapshotManager.java:<init>(182)) - Ozone filesystem snapshot feature is enabled.
2024-11-05 06:16:12,073 [main] WARN  server.ServerUtils (ServerUtils.java:getDBPath(299)) - ozone.om.snapshot.diff.db.dir is not configured. We recommend adding this setting. Falling back to ozone.metadata.dirs instead.
2024-11-05 06:16:12,107 [main] INFO  utils.NativeLibraryLoader (NativeLibraryLoader.java:loadLibrary(120)) - Loading Library: ozone_rocksdb_tools
2024-11-05 06:16:12,108 [main] WARN  snapshot.SnapshotDiffManager (SnapshotDiffManager.java:initNativeLibraryForEfficientDiff(287)) - Native Library for raw sst file reading loading failed. Fallback to performing a full diff instead. Unable to load library ozone_rocksdb_tools from both java.library.path & resource file libozone_rocksdb_tools.so from jar.
2024-11-05 06:16:12,148 [main] INFO  om.OzoneManager (OzoneManager.java:addS3GVolumeToDB(4560)) - Created Volume s3v With Owner runner required for S3Gateway operations.
2024-11-05 06:16:12,191 [main] WARN  server.ServerUtils (ServerUtils.java:getDefaultRatisDirectory(311)) - Storage directory for Ratis is not configured. It is a good idea to map this to an SSD disk. Falling back to ozone.metadata.dirs
2024-11-05 06:16:12,192 [main] WARN  utils.OzoneManagerRatisUtils (OzoneManagerRatisUtils.java:getOMRatisSnapshotDirectory(483)) - ozone.om.ratis.snapshot.dir is not configured. Falling back to ozone.metadata.dirs config
2024-11-05 06:16:12,202 [main] WARN  server.ServerUtils (ServerUtils.java:getDefaultRatisDirectory(311)) - Storage directory for Ratis is not configured. It is a good idea to map this to an SSD disk. Falling back to ozone.metadata.dirs
2024-11-05 06:16:12,211 [main] INFO  server.RaftServerConfigKeys (ConfUtils.java:logGet(46)) - raft.server.log.appender.buffer.byte-limit = 4194304 (custom)
2024-11-05 06:16:12,218 [main] INFO  ratis.OzoneManagerRatisServer (OzoneManagerRatisServer.java:<init>(171)) - Instantiating OM Ratis server with groupID: omServiceIdDefault and peers: localhost:15007
2024-11-05 06:16:12,224 [main] INFO  ratis.OzoneManagerStateMachine (OzoneManagerStateMachine.java:loadSnapshotInfoFromDB(601)) - TransactionInfo not found in OM DB.
2024-11-05 06:16:12,266 [main] INFO  server.RaftServer (ConfUtils.java:logGet(46)) - raft.rpc.type = GRPC (default)
2024-11-05 06:16:12,271 [main] INFO  grpc.GrpcConfigKeys (ConfUtils.java:logFallback(53)) - raft.grpc.admin.host = null (fallback to raft.grpc.server.host)
2024-11-05 06:16:12,271 [main] INFO  grpc.GrpcConfigKeys (ConfUtils.java:logFallback(53)) - raft.grpc.admin.port = 15007 (fallback to raft.grpc.server.port)
2024-11-05 06:16:12,272 [main] INFO  grpc.GrpcConfigKeys (ConfUtils.java:logFallback(53)) - raft.grpc.client.host = null (fallback to raft.grpc.server.host)
2024-11-05 06:16:12,272 [main] INFO  grpc.GrpcConfigKeys (ConfUtils.java:logFallback(53)) - raft.grpc.client.port = 15007 (fallback to raft.grpc.server.port)
2024-11-05 06:16:12,272 [main] INFO  grpc.GrpcConfigKeys (ConfUtils.java:logGet(46)) - raft.grpc.server.host = null (default)
2024-11-05 06:16:12,273 [main] INFO  grpc.GrpcConfigKeys (ConfUtils.java:logGet(46)) - raft.grpc.server.port = 15007 (custom)
2024-11-05 06:16:12,273 [main] INFO  server.GrpcService (ConfUtils.java:logGet(46)) - raft.grpc.message.size.max = 5242880 (custom)
2024-11-05 06:16:12,273 [main] INFO  server.GrpcService (ConfUtils.java:logGet(46)) - raft.grpc.flow.control.window = 1MB (=1048576) (default)
2024-11-05 06:16:12,274 [main] INFO  server.RaftServerConfigKeys (ConfUtils.java:logGet(46)) - raft.server.rpc.request.timeout = 3000ms (default)
2024-11-05 06:16:12,279 [main] INFO  grpc.GrpcConfigKeys (ConfUtils.java:logGet(46)) - raft.grpc.server.heartbeat.channel = true (default)
2024-11-05 06:16:12,279 [main] INFO  server.RaftServerConfigKeys (ConfUtils.java:logGet(46)) - raft.server.log.appender.buffer.byte-limit = 4194304 (custom)
2024-11-05 06:16:12,280 [main] INFO  grpc.GrpcConfigKeys (ConfUtils.java:logGet(46)) - raft.grpc.server.async.request.thread.pool.cached = true (default)
2024-11-05 06:16:12,281 [main] INFO  grpc.GrpcConfigKeys (ConfUtils.java:logGet(46)) - raft.grpc.server.async.request.thread.pool.size = 32 (default)
2024-11-05 06:16:12,387 [main] INFO  impl.DataStreamServerImpl (ConfUtils.java:logGet(46)) - raft.datastream.type = DISABLED (default)
2024-11-05 06:16:12,388 [main] INFO  server.RaftServerConfigKeys (ConfUtils.java:logGet(46)) - raft.server.sleep.deviation.threshold = 300ms (default)
2024-11-05 06:16:12,389 [main] INFO  server.RaftServerConfigKeys (ConfUtils.java:logGet(46)) - raft.server.close.threshold = 60s (default)
2024-11-05 06:16:12,389 [main] INFO  server.RaftServerConfigKeys (ConfUtils.java:logGet(46)) - raft.server.leaderelection.leader.step-down.wait-time = 10s (default)
2024-11-05 06:16:12,390 [main] INFO  server.RaftServerConfigKeys (ConfUtils.java:logGet(46)) - raft.server.storage.dir = [/home/runner/work/ozone/ozone/hadoop-ozone/integration-test/target/test-dir/MiniOzoneClusterImpl-58399722-4c39-4f0d-a4d6-8a89216b262d/ozone-meta/ratis] (custom)
2024-11-05 06:16:12,391 [main] INFO  server.RaftServerConfigKeys (ConfUtils.java:logGet(46)) - raft.server.threadpool.proxy.cached = true (default)
2024-11-05 06:16:12,391 [main] INFO  server.RaftServerConfigKeys (ConfUtils.java:logGet(46)) - raft.server.threadpool.proxy.size = 0 (default)
2024-11-05 06:16:12,396 [main] INFO  server.RaftServer (RaftServerProxy.java:addNew(100)) - om1: addNew group-C5BA1605619E:[om1|localhost:15007] returns group-C5BA1605619E:java.util.concurrent.CompletableFuture@378d38cd[Not completed]
2024-11-05 06:16:12,396 [main] INFO  om.OzoneManager (OzoneManager.java:initializeRatisServer(2199)) - OzoneManager Ratis server initialized at port 15007
2024-11-05 06:16:12,399 [main] INFO  om.OzoneManager (OzoneManager.java:getRpcServer(1246)) - Creating RPC Server
2024-11-05 06:16:12,405 [om1-groupManagement] INFO  server.RaftServer$Division (RaftServerImpl.java:<init>(254)) - om1: new RaftServerImpl for group-C5BA1605619E:[om1|localhost:15007] with OzoneManagerStateMachine:uninitialized
2024-11-05 06:16:12,406 [om1-groupManagement] INFO  server.RaftServerConfigKeys (ConfUtils.java:logGet(46)) - raft.server.rpc.timeout.min = 1s (custom)
2024-11-05 06:16:12,406 [om1-groupManagement] INFO  server.RaftServerConfigKeys (ConfUtils.java:logGet(46)) - raft.server.rpc.timeout.max = 1200ms (custom)
2024-11-05 06:16:12,407 [om1-groupManagement] INFO  server.RaftServerConfigKeys (ConfUtils.java:logGet(46)) - raft.server.rpc.sleep.time = 25ms (default)
2024-11-05 06:16:12,407 [om1-groupManagement] INFO  server.RaftServerConfigKeys (ConfUtils.java:logGet(46)) - raft.server.rpc.slowness.timeout = 120s (custom)
2024-11-05 06:16:12,407 [om1-groupManagement] INFO  server.RaftServerConfigKeys (ConfUtils.java:logGet(46)) - raft.server.leaderelection.leader.step-down.wait-time = 10s (default)
2024-11-05 06:16:12,407 [om1-groupManagement] INFO  server.RaftServerConfigKeys (ConfUtils.java:logGet(46)) - raft.server.leaderelection.member.majority-add = false (default)
2024-11-05 06:16:12,407 [om1-groupManagement] INFO  server.RaftServerConfigKeys (ConfUtils.java:logGet(46)) - raft.server.sleep.deviation.threshold = 300ms (default)
2024-11-05 06:16:12,415 [om1-groupManagement] INFO  server.RaftServer$Division (ServerState.java:<init>(114)) - om1@group-C5BA1605619E: ConfigurationManager, init=conf: {index: -1, cur=peers:[om1|localhost:15007]|listeners:[], old=null}, confs=<EMPTY_MAP>
2024-11-05 06:16:12,420 [om1-groupManagement] INFO  server.RaftServerConfigKeys (ConfUtils.java:logGet(46)) - raft.server.notification.no-leader.timeout = 120s (custom)
2024-11-05 06:16:12,423 [om1-groupManagement] INFO  server.RaftServerConfigKeys (ConfUtils.java:logGet(46)) - raft.server.read.timeout = 10s (default)
2024-11-05 06:16:12,427 [om1-groupManagement] INFO  server.RaftServerConfigKeys (ConfUtils.java:logGet(46)) - raft.server.retrycache.expirytime = 300s (custom)
2024-11-05 06:16:12,427 [om1-groupManagement] INFO  server.RaftServerConfigKeys (ConfUtils.java:logGet(46)) - raft.server.retrycache.statistics.expirytime = 100ms (default)
2024-11-05 06:16:12,431 [om1-groupManagement] INFO  server.RaftServerConfigKeys (ConfUtils.java:logGet(46)) - raft.server.read.option = DEFAULT (default)
2024-11-05 06:16:12,433 [om1-groupManagement] INFO  server.RaftServerConfigKeys (ConfUtils.java:logGet(46)) - raft.server.read.read-after-write-consistent.write-index-cache.expiry-time = 60s (default)
2024-11-05 06:16:12,540 [om1-groupManagement] INFO  server.RaftServerConfigKeys (ConfUtils.java:logGet(46)) - raft.server.rpc.request.timeout = 3000ms (default)
2024-11-05 06:16:12,551 [om1-groupManagement] INFO  server.RaftServerConfigKeys (ConfUtils.java:logGet(46)) - raft.server.log.appender.install.snapshot.enabled = false (custom)
2024-11-05 06:16:12,551 [om1-groupManagement] INFO  server.RaftServerConfigKeys (ConfUtils.java:logGet(46)) - raft.server.threadpool.server.cached = true (default)
2024-11-05 06:16:12,552 [om1-groupManagement] INFO  server.RaftServerConfigKeys (ConfUtils.java:logGet(46)) - raft.server.threadpool.server.size = 0 (default)
2024-11-05 06:16:12,552 [om1-groupManagement] INFO  server.RaftServerConfigKeys (ConfUtils.java:logGet(46)) - raft.server.threadpool.client.cached = true (default)
2024-11-05 06:16:12,552 [om1-groupManagement] INFO  server.RaftServerConfigKeys (ConfUtils.java:logGet(46)) - raft.server.threadpool.client.size = 0 (default)
2024-11-05 06:16:13,129 [main] INFO  reflections.Reflections (Reflections.java:scan(219)) - Reflections took 691 ms to scan 20 urls, producing 60 keys and 7234 values
2024-11-05 06:16:13,307 [main] INFO  ipc.CallQueueManager (CallQueueManager.java:<init>(90)) - Using callQueue: class java.util.concurrent.LinkedBlockingQueue, queueCapacity: 2000, scheduler: class org.apache.hadoop.ipc.DefaultRpcScheduler, ipcBackoff: false.
2024-11-05 06:16:13,307 [main] INFO  ipc.Server (Server.java:<init>(1287)) - Listener at 127.0.0.1:15004
2024-11-05 06:16:13,308 [Socket Reader #1 for port 15004] INFO  ipc.Server (Server.java:run(1323)) - Starting Socket Reader #1 for port 15004
2024-11-05 06:16:13,308 [Socket Reader #3 for port 15004] INFO  ipc.Server (Server.java:run(1323)) - Starting Socket Reader #3 for port 15004
2024-11-05 06:16:13,308 [Socket Reader #2 for port 15004] INFO  ipc.Server (Server.java:run(1323)) - Starting Socket Reader #2 for port 15004
2024-11-05 06:16:13,309 [Socket Reader #4 for port 15004] INFO  ipc.Server (Server.java:run(1323)) - Starting Socket Reader #4 for port 15004
2024-11-05 06:16:13,310 [Socket Reader #5 for port 15004] INFO  ipc.Server (Server.java:run(1323)) - Starting Socket Reader #5 for port 15004
2024-11-05 06:16:13,310 [Socket Reader #6 for port 15004] INFO  ipc.Server (Server.java:run(1323)) - Starting Socket Reader #6 for port 15004
2024-11-05 06:16:13,310 [Socket Reader #7 for port 15004] INFO  ipc.Server (Server.java:run(1323)) - Starting Socket Reader #7 for port 15004
2024-11-05 06:16:13,311 [Socket Reader #8 for port 15004] INFO  ipc.Server (Server.java:run(1323)) - Starting Socket Reader #8 for port 15004
2024-11-05 06:16:13,311 [Socket Reader #9 for port 15004] INFO  ipc.Server (Server.java:run(1323)) - Starting Socket Reader #9 for port 15004
2024-11-05 06:16:13,311 [Socket Reader #10 for port 15004] INFO  ipc.Server (Server.java:run(1323)) - Starting Socket Reader #10 for port 15004
2024-11-05 06:16:13,341 [main] INFO  impl.MetricsSystemImpl (MetricsSystemImpl.java:init(158)) - OzoneManager metrics system started (again)
2024-11-05 06:16:13,350 [main] INFO  om.OzoneManager (OzoneManager.java:start(1674)) - OzoneManager RPC server is listening at localhost/127.0.0.1:15004
2024-11-05 06:16:13,351 [main] INFO  ratis.OzoneManagerRatisServer (OzoneManagerRatisServer.java:start(634)) - Starting OzoneManagerRatisServer om1 at port 15007
2024-11-05 06:16:13,353 [om1-impl-thread1] INFO  server.RaftServerConfigKeys (ConfUtils.java:logGet(46)) - raft.server.storage.free-space.min = 0MB (=0) (default)
2024-11-05 06:16:13,354 [om1-impl-thread1] INFO  server.RaftServerConfigKeys (ConfUtils.java:logGet(46)) - raft.server.log.corruption.policy = EXCEPTION (default)
2024-11-05 06:16:13,354 [om1-impl-thread1] INFO  server.RaftServerConfigKeys (ConfUtils.java:logGet(46)) - raft.server.storage.dir = [/home/runner/work/ozone/ozone/hadoop-ozone/integration-test/target/test-dir/MiniOzoneClusterImpl-58399722-4c39-4f0d-a4d6-8a89216b262d/ozone-meta/ratis] (custom)
2024-11-05 06:16:13,359 [om1-impl-thread1] INFO  storage.RaftStorageDirectory (RaftStorageDirectoryImpl.java:analyzeStorage(138)) - The storage directory /home/runner/work/ozone/ozone/hadoop-ozone/integration-test/target/test-dir/MiniOzoneClusterImpl-58399722-4c39-4f0d-a4d6-8a89216b262d/ozone-meta/ratis/bf265839-605b-3f16-9796-c5ba1605619e does not exist. Creating ...
2024-11-05 06:16:13,362 [om1-impl-thread1] INFO  storage.RaftStorageDirectory (RaftStorageDirectoryImpl.java:tryLock(229)) - Lock on /home/runner/work/ozone/ozone/hadoop-ozone/integration-test/target/test-dir/MiniOzoneClusterImpl-58399722-4c39-4f0d-a4d6-8a89216b262d/ozone-meta/ratis/bf265839-605b-3f16-9796-c5ba1605619e/in_use.lock acquired by nodename 123098@fv-az1791-537
2024-11-05 06:16:13,367 [om1-impl-thread1] INFO  storage.RaftStorage (RaftStorageImpl.java:format(98)) - Storage directory /home/runner/work/ozone/ozone/hadoop-ozone/integration-test/target/test-dir/MiniOzoneClusterImpl-58399722-4c39-4f0d-a4d6-8a89216b262d/ozone-meta/ratis/bf265839-605b-3f16-9796-c5ba1605619e has been successfully formatted.
2024-11-05 06:16:13,368 [om1-impl-thread1] INFO  ratis.OzoneManagerStateMachine (OzoneManagerStateMachine.java:lambda$0(138)) - om1: initialize group-C5BA1605619E with (t:0, i:~)
2024-11-05 06:16:13,369 [om1-impl-thread1] INFO  server.RaftServerConfigKeys (ConfUtils.java:logGet(46)) - raft.server.log.use.memory = false (default)
2024-11-05 06:16:13,375 [om1-impl-thread1] INFO  server.RaftServerConfigKeys (ConfUtils.java:logGet(46)) - raft.server.log.purge.gap = 1000000 (custom)
2024-11-05 06:16:13,375 [om1-impl-thread1] INFO  server.RaftServerConfigKeys (ConfUtils.java:logGet(46)) - raft.server.log.appender.buffer.byte-limit = 4194304 (custom)
2024-11-05 06:16:13,376 [om1-impl-thread1] INFO  server.RaftServerConfigKeys (ConfUtils.java:logGet(46)) - raft.server.log.statemachine.data.read.timeout = 1000ms (default)
2024-11-05 06:16:13,377 [om1-impl-thread1] INFO  server.RaftServerConfigKeys (ConfUtils.java:logGet(46)) - raft.server.log.purge.preservation.log.num = 0 (default)
2024-11-05 06:16:13,381 [om1-impl-thread1] INFO  server.RaftServerConfigKeys (ConfUtils.java:logGet(46)) - raft.server.log.segment.size.max = 4194304 (custom)
2024-11-05 06:16:13,384 [om1-impl-thread1] INFO  server.RaftServerConfigKeys (ConfUtils.java:logGet(46)) - raft.server.log.segment.cache.num.max = 2 (custom)
2024-11-05 06:16:13,384 [om1-impl-thread1] INFO  server.RaftServerConfigKeys (ConfUtils.java:logGet(46)) - raft.server.log.segment.cache.size.max = 200MB (=209715200) (default)
2024-11-05 06:16:13,384 [om1-impl-thread1] INFO  server.RaftServerConfigKeys (ConfUtils.java:logGet(46)) - raft.server.log.appender.buffer.byte-limit = 4194304 (custom)
2024-11-05 06:16:13,386 [om1-impl-thread1] INFO  util.AwaitToRun (AwaitToRun.java:start(81)) - Thread[om1@group-C5BA1605619E-cacheEviction-AwaitToRun,5,main] started
2024-11-05 06:16:13,389 [om1-impl-thread1] INFO  segmented.SegmentedRaftLogWorker (SegmentedRaftLogWorker.java:<init>(187)) - new om1@group-C5BA1605619E-SegmentedRaftLogWorker for RaftStorageImpl:Storage Directory /home/runner/work/ozone/ozone/hadoop-ozone/integration-test/target/test-dir/MiniOzoneClusterImpl-58399722-4c39-4f0d-a4d6-8a89216b262d/ozone-meta/ratis/bf265839-605b-3f16-9796-c5ba1605619e
2024-11-05 06:16:13,389 [om1-impl-thread1] INFO  server.RaftServerConfigKeys (ConfUtils.java:logGet(46)) - raft.server.log.queue.byte-limit = 64MB (=67108864) (default)
2024-11-05 06:16:13,389 [om1-impl-thread1] INFO  server.RaftServerConfigKeys (ConfUtils.java:logGet(46)) - raft.server.log.queue.element-limit = 4096 (default)
2024-11-05 06:16:13,390 [om1-impl-thread1] INFO  server.RaftServerConfigKeys (ConfUtils.java:logGet(46)) - raft.server.log.segment.size.max = 4194304 (custom)
2024-11-05 06:16:13,391 [om1-impl-thread1] INFO  server.RaftServerConfigKeys (ConfUtils.java:logGet(46)) - raft.server.log.preallocated.size = 4194304 (custom)
2024-11-05 06:16:13,391 [om1-impl-thread1] INFO  server.RaftServerConfigKeys (ConfUtils.java:logGet(46)) - raft.server.log.force.sync.num = 128 (default)
2024-11-05 06:16:13,391 [om1-impl-thread1] INFO  server.RaftServerConfigKeys (ConfUtils.java:logGet(46)) - raft.server.log.statemachine.data.sync = true (default)
2024-11-05 06:16:13,392 [om1-impl-thread1] INFO  server.RaftServerConfigKeys (ConfUtils.java:logGet(46)) - raft.server.log.statemachine.data.sync.timeout = 10s (default)
2024-11-05 06:16:13,392 [om1-impl-thread1] INFO  server.RaftServerConfigKeys (ConfUtils.java:logGet(46)) - raft.server.log.statemachine.data.sync.timeout.retry = -1 (default)
2024-11-05 06:16:13,393 [om1-impl-thread1] INFO  server.RaftServerConfigKeys (ConfUtils.java:logGet(46)) - raft.server.log.write.buffer.size = 4194312 (custom)
2024-11-05 06:16:13,395 [om1-impl-thread1] INFO  server.RaftServerConfigKeys (ConfUtils.java:logGet(46)) - raft.server.log.appender.buffer.byte-limit = 4194304 (custom)
2024-11-05 06:16:13,395 [om1-impl-thread1] INFO  server.RaftServerConfigKeys (ConfUtils.java:logGet(46)) - raft.server.log.unsafe-flush.enabled = false (default)
2024-11-05 06:16:13,395 [om1-impl-thread1] INFO  server.RaftServerConfigKeys (ConfUtils.java:logGet(46)) - raft.server.log.async-flush.enabled = false (default)
2024-11-05 06:16:13,395 [om1-impl-thread1] INFO  server.RaftServerConfigKeys (ConfUtils.java:logGet(46)) - raft.server.log.statemachine.data.caching.enabled = false (default)
2024-11-05 06:16:13,400 [om1-impl-thread1] INFO  segmented.SegmentedRaftLogWorker (SegmentedRaftLogWorker.java:lambda$new$0(138)) - om1@group-C5BA1605619E-SegmentedRaftLogWorker: flushIndex: setUnconditionally 0 -> -1
2024-11-05 06:16:13,400 [om1-impl-thread1] INFO  segmented.SegmentedRaftLogWorker (SegmentedRaftLogWorker.java:lambda$new$0(138)) - om1@group-C5BA1605619E-SegmentedRaftLogWorker: safeCacheEvictIndex: setUnconditionally 0 -> -1
2024-11-05 06:16:13,402 [om1-impl-thread1] INFO  server.RaftServer$Division (RaftServerImpl.java:start(390)) - om1@group-C5BA1605619E: start as a follower, conf=conf: {index: -1, cur=peers:[om1|localhost:15007]|listeners:[], old=null}
2024-11-05 06:16:13,402 [om1-impl-thread1] INFO  server.RaftServer$Division (RaftServerImpl.java:setRole(377)) - om1@group-C5BA1605619E: changes role from      null to FOLLOWER at term 0 for startAsFollower
2024-11-05 06:16:13,404 [om1-impl-thread1] INFO  impl.RoleInfo (RoleInfo.java:updateAndGet(148)) - om1: start om1@group-C5BA1605619E-FollowerState
2024-11-05 06:16:13,405 [om1-impl-thread1] INFO  util.JmxRegister (JmxRegister.java:tryRegister(44)) - Successfully registered JMX Bean with object name Ratis:service=RaftServer,group=group-C5BA1605619E,id=om1
2024-11-05 06:16:13,405 [om1-impl-thread1] INFO  util.JmxRegister (JmxRegister.java:register(58)) - register mxBean class org.apache.ratis.server.impl.RaftServerJmxAdapter as Ratis:service=RaftServer,group=group-C5BA1605619E,id=om1
2024-11-05 06:16:13,407 [om1-impl-thread1] INFO  server.RaftServerConfigKeys (ConfUtils.java:logGet(46)) - raft.server.snapshot.trigger-when-stop.enabled = true (default)
2024-11-05 06:16:13,407 [om1-impl-thread1] INFO  server.RaftServerConfigKeys (ConfUtils.java:logGet(46)) - raft.server.snapshot.trigger-when-remove.enabled = true (default)
2024-11-05 06:16:13,407 [om1-impl-thread1] INFO  server.RaftServerConfigKeys (ConfUtils.java:logGet(46)) - raft.server.snapshot.auto.trigger.enabled = true (custom)
2024-11-05 06:16:13,408 [om1-impl-thread1] INFO  server.RaftServerConfigKeys (ConfUtils.java:logGet(46)) - raft.server.snapshot.auto.trigger.threshold = 400000 (default)
2024-11-05 06:16:13,408 [om1-impl-thread1] INFO  server.RaftServerConfigKeys (ConfUtils.java:logGet(46)) - raft.server.snapshot.retention.file.num = -1 (default)
2024-11-05 06:16:13,409 [om1-impl-thread1] INFO  server.RaftServerConfigKeys (ConfUtils.java:logGet(46)) - raft.server.log.purge.upto.snapshot.index = true (custom)
2024-11-05 06:16:13,411 [om1@group-C5BA1605619E-FollowerState] INFO  server.RaftServerConfigKeys (ConfUtils.java:logFallback(53)) - raft.server.rpc.first-election.timeout.min = 1s (fallback to raft.server.rpc.timeout.min)
2024-11-05 06:16:13,411 [om1@group-C5BA1605619E-FollowerState] INFO  server.RaftServerConfigKeys (ConfUtils.java:logFallback(53)) - raft.server.rpc.first-election.timeout.max = 1200ms (fallback to raft.server.rpc.timeout.max)
2024-11-05 06:16:13,413 [main] INFO  server.RaftServer (RaftServerProxy.java:startImpl(407)) - om1: start RPC server
2024-11-05 06:16:13,443 [main] INFO  server.GrpcService (GrpcService.java:startImpl(334)) - om1: GrpcService started, listening on 15007
2024-11-05 06:16:13,445 [main] INFO  om.OzoneManager (OzoneManager.java:start(1689)) - Version File has different layout version (7) than OM DB (null). That is expected if this OM has never been finalized to a newer layout version.
2024-11-05 06:16:13,446 [JvmPauseMonitor1] INFO  util.JvmPauseMonitor (JvmPauseMonitor.java:run(146)) - JvmPauseMonitor-om1: Started
2024-11-05 06:16:13,458 [main] INFO  client.ScmTopologyClient (ScmTopologyClient.java:start(72)) - Initial network topology fetched from SCM: /.
2024-11-05 06:16:13,459 [main] INFO  net.NodeSchemaLoader (NodeSchemaLoader.java:loadSchemaFromFile(129)) - Loading schema from [jar:file:/home/runner/work/ozone/ozone/hadoop-hdds/common/target/hdds-common-2.0.0-SNAPSHOT.jar!/network-topology-default.xml]
2024-11-05 06:16:13,459 [main] INFO  net.NodeSchemaLoader (NodeSchemaLoader.java:loadSchema(176)) - Loading network topology layer schema file
2024-11-05 06:16:13,481 [main] INFO  http.BaseHttpServer (BaseHttpServer.java:newHttpServer2BuilderForOzone(223)) - Starting Web-server for ozoneManager at: http://0.0.0.0:15005
2024-11-05 06:16:13,481 [main] INFO  http.BaseHttpServer (BaseHttpServer.java:<init>(110)) - Hadoop Security Enabled: false Ozone Security Enabled: false Ozone HTTP Security Enabled: false 
2024-11-05 06:16:13,483 [main] WARN  server.AuthenticationFilter (AuthenticationFilter.java:constructSecretProvider(240)) - Unable to initialize FileSignerSecretProvider, falling back to use random secrets. Reason: Could not read signature secret file: /home/runner/hadoop-http-auth-signature-secret
2024-11-05 06:16:13,488 [main] INFO  http.HttpRequestLog (HttpRequestLog.java:getRequestLog(86)) - Http request log for http.requests.ozoneManager is not defined
2024-11-05 06:16:13,490 [main] INFO  http.HttpServer2 (HttpServer2.java:addGlobalFilter(1035)) - Added global filter 'safety' (class=org.apache.hadoop.hdds.server.http.HttpServer2$QuotingInputFilter)
2024-11-05 06:16:13,491 [main] INFO  http.HttpServer2 (HttpServer2.java:addFilter(1011)) - Added filter static_user_filter (class=org.apache.hadoop.http.lib.StaticUserWebFilter$StaticUserFilter) to context ozoneManager
2024-11-05 06:16:13,491 [main] INFO  http.HttpServer2 (HttpServer2.java:addFilter(1019)) - Added filter static_user_filter (class=org.apache.hadoop.http.lib.StaticUserWebFilter$StaticUserFilter) to context logs
2024-11-05 06:16:13,491 [main] INFO  http.HttpServer2 (HttpServer2.java:addFilter(1019)) - Added filter static_user_filter (class=org.apache.hadoop.http.lib.StaticUserWebFilter$StaticUserFilter) to context static
2024-11-05 06:16:13,492 [main] INFO  http.BaseHttpServer (BaseHttpServer.java:<init>(189)) - HTTP server of ozoneManager uses base directory /home/runner/work/ozone/ozone/hadoop-ozone/integration-test/target/test-dir/MiniOzoneClusterImpl-58399722-4c39-4f0d-a4d6-8a89216b262d/ozone-meta/webserver
2024-11-05 06:16:13,495 [main] INFO  http.HttpServer2 (HttpServer2.java:bindListener(1235)) - Jetty bound to port 15005
2024-11-05 06:16:13,495 [main] INFO  server.Server (Server.java:doStart(375)) - jetty-9.4.56.v20240826; built: 2024-08-26T17:15:05.868Z; git: ec6782ff5ead824dabdcf47fa98f90a4aedff401; jvm 17.0.12+7
2024-11-05 06:16:13,504 [main] INFO  server.session (DefaultSessionIdManager.java:doStart(334)) - DefaultSessionIdManager workerName=node0
2024-11-05 06:16:13,504 [main] INFO  server.session (DefaultSessionIdManager.java:doStart(339)) - No SessionScavenger set, using defaults
2024-11-05 06:16:13,504 [main] INFO  server.session (HouseKeeper.java:startScavenging(132)) - node0 Scavenging every 660000ms
2024-11-05 06:16:13,505 [main] INFO  handler.ContextHandler (ContextHandler.java:doStart(921)) - Started o.e.j.s.ServletContextHandler@ef342c2{logs,/logs,file:///home/runner/work/ozone/ozone/hadoop-ozone/integration-test/target/log,AVAILABLE}
2024-11-05 06:16:13,506 [main] INFO  handler.ContextHandler (ContextHandler.java:doStart(921)) - Started o.e.j.s.ServletContextHandler@3316aded{static,/static,file:///home/runner/work/ozone/ozone/hadoop-ozone/integration-test/target/test-classes/webapps/static,AVAILABLE}
2024-11-05 06:16:13,516 [main] INFO  handler.ContextHandler (ContextHandler.java:doStart(921)) - Started o.e.j.w.WebAppContext@781ce680{ozoneManager,/,file:///home/runner/work/ozone/ozone/hadoop-ozone/integration-test/target/test-classes/webapps/ozoneManager/,AVAILABLE}{file:/home/runner/work/ozone/ozone/hadoop-ozone/integration-test/target/test-classes/webapps/ozoneManager}
2024-11-05 06:16:13,517 [main] INFO  server.AbstractConnector (AbstractConnector.java:doStart(333)) - Started ServerConnector@156542b7{HTTP/1.1, (http/1.1)}{0.0.0.0:15005}
2024-11-05 06:16:13,517 [main] INFO  server.Server (Server.java:doStart(415)) - Started @5960ms
2024-11-05 06:16:13,517 [main] WARN  impl.MetricsSystemImpl (MetricsSystemImpl.java:register(279)) - Sink prometheus already exists!
2024-11-05 06:16:13,518 [main] INFO  http.BaseHttpServer (BaseHttpServer.java:updateConnectorAddress(354)) - HTTP server of ozoneManager listening at http://0.0.0.0:15005
2024-11-05 06:16:13,518 [IPC Server Responder] INFO  ipc.Server (Server.java:run(1562)) - IPC Server Responder: starting
2024-11-05 06:16:13,518 [IPC Server listener on 15004] INFO  ipc.Server (Server.java:run(1402)) - IPC Server listener on 15004: starting
2024-11-05 06:16:13,525 [main] INFO  om.OzoneManager (OzoneManager.java:startTrashEmptier(2152)) - Trash Interval set to 0. Files deleted won't move to trash
2024-11-05 06:16:13,610 [main] INFO  db.CodecBuffer (CodecBuffer.java:set(63)) - Successfully set constructor to org.apache.hadoop.hdds.utils.db.CodecBuffer$$Lambda$1203/0x00007fa90876b878@7b362c16
2024-11-05 06:16:14,511 [om1@group-C5BA1605619E-FollowerState] INFO  impl.FollowerState (FollowerState.java:run(144)) - om1@group-C5BA1605619E-FollowerState: change to CANDIDATE, lastRpcElapsedTime:1107080583ns, electionTimeout:1098ms
2024-11-05 06:16:14,511 [om1@group-C5BA1605619E-FollowerState] INFO  impl.RoleInfo (RoleInfo.java:shutdownFollowerState(119)) - om1: shutdown om1@group-C5BA1605619E-FollowerState
2024-11-05 06:16:14,511 [om1@group-C5BA1605619E-FollowerState] INFO  server.RaftServer$Division (RaftServerImpl.java:setRole(377)) - om1@group-C5BA1605619E: changes role from  FOLLOWER to CANDIDATE at term 0 for changeToCandidate
2024-11-05 06:16:14,516 [om1@group-C5BA1605619E-FollowerState] INFO  server.RaftServerConfigKeys (ConfUtils.java:logGet(46)) - raft.server.leaderelection.pre-vote = true (default)
2024-11-05 06:16:14,516 [om1@group-C5BA1605619E-FollowerState] INFO  impl.RoleInfo (RoleInfo.java:updateAndGet(148)) - om1: start om1@group-C5BA1605619E-LeaderElection1
2024-11-05 06:16:14,531 [om1@group-C5BA1605619E-LeaderElection1] INFO  impl.LeaderElection (LeaderElection.java:askForVotes(325)) - om1@group-C5BA1605619E-LeaderElection1 PRE_VOTE round 0: submit vote requests at term 0 for conf: {index: -1, cur=peers:[om1|localhost:15007]|listeners:[], old=null}
2024-11-05 06:16:14,533 [om1@group-C5BA1605619E-LeaderElection1] INFO  impl.LeaderElection (LeaderElection.java:askForVotes(327)) - om1@group-C5BA1605619E-LeaderElection1 PRE_VOTE round 0: result PASSED (term=0)
2024-11-05 06:16:14,541 [om1@group-C5BA1605619E-LeaderElection1] INFO  impl.LeaderElection (LeaderElection.java:askForVotes(325)) - om1@group-C5BA1605619E-LeaderElection1 ELECTION round 0: submit vote requests at term 1 for conf: {index: -1, cur=peers:[om1|localhost:15007]|listeners:[], old=null}
2024-11-05 06:16:14,542 [om1@group-C5BA1605619E-LeaderElection1] INFO  impl.LeaderElection (LeaderElection.java:askForVotes(327)) - om1@group-C5BA1605619E-LeaderElection1 ELECTION round 0: result PASSED (term=1)
2024-11-05 06:16:14,542 [om1@group-C5BA1605619E-LeaderElection1] INFO  impl.RoleInfo (RoleInfo.java:shutdownLeaderElection(139)) - om1: shutdown om1@group-C5BA1605619E-LeaderElection1
2024-11-05 06:16:14,542 [om1@group-C5BA1605619E-LeaderElection1] INFO  server.RaftServer$Division (RaftServerImpl.java:setRole(377)) - om1@group-C5BA1605619E: changes role from CANDIDATE to LEADER at term 1 for changeToLeader
2024-11-05 06:16:14,556 [om1@group-C5BA1605619E-LeaderElection1] INFO  server.RaftServerConfigKeys (ConfUtils.java:logGet(46)) - raft.server.staging.catchup.gap = 1000 (default)
2024-11-05 06:16:14,564 [om1@group-C5BA1605619E-LeaderElection1] INFO  server.RaftServerConfigKeys (ConfUtils.java:logGet(46)) - raft.server.write.element-limit = 4096 (default)
2024-11-05 06:16:14,566 [om1@group-C5BA1605619E-LeaderElection1] INFO  server.RaftServerConfigKeys (ConfUtils.java:logGet(46)) - raft.server.write.byte-limit = 64MB (=67108864) (default)
2024-11-05 06:16:14,576 [om1@group-C5BA1605619E-LeaderElection1] INFO  server.RaftServerConfigKeys (ConfUtils.java:logGet(46)) - raft.server.watch.timeout = 10s (default)
2024-11-05 06:16:14,578 [om1@group-C5BA1605619E-LeaderElection1] INFO  server.RaftServerConfigKeys (ConfUtils.java:logGet(46)) - raft.server.watch.timeout.denomination = 1s (default)
2024-11-05 06:16:14,579 [om1@group-C5BA1605619E-LeaderElection1] INFO  server.RaftServerConfigKeys (ConfUtils.java:logGet(46)) - raft.server.watch.element-limit = 65536 (default)
2024-11-05 06:16:14,597 [om1@group-C5BA1605619E-LeaderElection1] INFO  server.RaftServerConfigKeys (ConfUtils.java:logGet(46)) - raft.server.read.leader.lease.enabled = false (default)
2024-11-05 06:16:14,602 [om1@group-C5BA1605619E-LeaderElection1] INFO  server.RaftServerConfigKeys (ConfUtils.java:logGet(46)) - raft.server.read.leader.lease.timeout.ratio = 0.9 (default)
2024-11-05 06:16:14,604 [om1@group-C5BA1605619E-LeaderElection1] INFO  server.RaftServerConfigKeys (ConfUtils.java:logGet(46)) - raft.server.rpc.timeout.min = 1s (custom)
2024-11-05 06:16:14,604 [om1@group-C5BA1605619E-LeaderElection1] INFO  server.RaftServerConfigKeys (ConfUtils.java:logGet(46)) - raft.server.log.log-metadata.enabled = true (default)
2024-11-05 06:16:14,604 [om1@group-C5BA1605619E-LeaderElection1] INFO  server.RaftServerConfigKeys (ConfUtils.java:logGet(46)) - raft.server.write.element-limit = 4096 (default)
2024-11-05 06:16:14,606 [om1@group-C5BA1605619E-LeaderElection1] INFO  server.RaftServerConfigKeys (ConfUtils.java:logGet(46)) - raft.server.write.follower.gap.ratio.max = -1.0 (default)
2024-11-05 06:16:14,609 [main] INFO  recon.ReconServer (HddsServerUtil.java:startupShutdownMessage(695)) - STARTUP_MSG: 
/************************************************************
STARTUP_MSG: Starting ReconServer
STARTUP_MSG:   host = fv-az1791-537/10.1.0.6
STARTUP_MSG:   args = []
STARTUP_MSG:   version = 2.0.0-SNAPSHOT
STARTUP_MSG:   classpath = /home/runner/work/ozone/ozone/hadoop-ozone/integration-test/target/test-classes:/home/runner/work/ozone/ozone/hadoop-ozone/integration-test/target/classes:/home/runner/work/ozone/ozone/hadoop-ozone/common/target/ozone-common-2.0.0-SNAPSHOT.jar:/home/runner/.m2/repository/io/grpc/grpc-netty/1.58.0/grpc-netty-1.58.0.jar:/home/runner/.m2/repository/io/grpc/grpc-core/1.58.0/grpc-core-1.58.0.jar:/home/runner/.m2/repository/com/google/android/annotations/4.1.1.4/annotations-4.1.1.4.jar:/home/runner/.m2/repository/org/codehaus/mojo/animal-sniffer-annotations/1.23/animal-sniffer-annotations-1.23.jar:/home/runner/.m2/repository/io/grpc/grpc-context/1.58.0/grpc-context-1.58.0.jar:/home/runner/.m2/repository/io/grpc/grpc-util/1.58.0/grpc-util-1.58.0.jar:/home/runner/.m2/repository/com/google/errorprone/error_prone_annotations/2.29.2/error_prone_annotations-2.29.2.jar:/home/runner/.m2/repository/io/perfmark/perfmark-api/0.26.0/perfmark-api-0.26.0.jar:/home/runner/.m2/repository/io/netty/netty-codec-http2/4.1.109.Final/netty-codec-http2-4.1.109.Final.jar:/home/runner/.m2/repository/io/netty/netty-codec-http/4.1.109.Final/netty-codec-http-4.1.109.Final.jar:/home/runner/.m2/repository/io/netty/netty-handler-proxy/4.1.109.Final/netty-handler-proxy-4.1.109.Final.jar:/home/runner/.m2/repository/io/netty/netty-codec-socks/4.1.109.Final/netty-codec-socks-4.1.109.Final.jar:/home/runner/.m2/repository/io/netty/netty-tcnative-boringssl-static/2.0.65.Final/netty-tcnative-boringssl-static-2.0.65.Final.jar:/home/runner/.m2/repository/io/netty/netty-tcnative-classes/2.0.65.Final/netty-tcnative-classes-2.0.65.Final.jar:/home/runner/.m2/repository/io/netty/netty-tcnative-boringssl-static/2.0.65.Final/netty-tcnative-boringssl-static-2.0.65.Final-linux-x86_64.jar:/home/runner/.m2/repository/io/netty/netty-tcnative-boringssl-static/2.0.65.Final/netty-tcnative-boringssl-static-2.0.65.Final-linux-aarch_64.jar:/home/runner/.m2/repository/io/netty/netty-tcnative-boringssl-static/2.0.65.Final/netty-tcnative-boringssl-static-2.0.65.Final-osx-x86_64.jar:/home/runner/.m2/repository/io/netty/netty-tcnative-boringssl-static/2.0.65.Final/netty-tcnative-boringssl-static-2.0.65.Final-osx-aarch_64.jar:/home/runner/.m2/repository/io/netty/netty-tcnative-boringssl-static/2.0.65.Final/netty-tcnative-boringssl-static-2.0.65.Final-windows-x86_64.jar:/home/runner/.m2/repository/org/apache/commons/commons-compress/1.27.1/commons-compress-1.27.1.jar:/home/runner/work/ozone/ozone/hadoop-hdds/common/target/hdds-common-2.0.0-SNAPSHOT.jar:/home/runner/work/ozone/ozone/hadoop-hdds/client/target/hdds-client-2.0.0-SNAPSHOT.jar:/home/runner/work/ozone/ozone/hadoop-hdds/config/target/hdds-config-2.0.0-SNAPSHOT.jar:/home/runner/work/ozone/ozone/hadoop-hdds/interface-client/target/hdds-interface-client-2.0.0-SNAPSHOT.jar:/home/runner/.m2/repository/org/apache/hadoop/thirdparty/hadoop-shaded-protobuf_3_7/1.1.1/hadoop-shaded-protobuf_3_7-1.1.1.jar:/home/runner/work/ozone/ozone/hadoop-ozone/interface-client/target/ozone-interface-client-2.0.0-SNAPSHOT.jar:/home/runner/.m2/repository/org/apache/hadoop/hadoop-hdfs-client/3.3.6/hadoop-hdfs-client-3.3.6.jar:/home/runner/.m2/repository/com/squareup/okhttp3/okhttp/4.12.0/okhttp-4.12.0.jar:/home/runner/.m2/repository/com/squareup/okio/okio/3.6.0/okio-3.6.0.jar:/home/runner/.m2/repository/com/squareup/okio/okio-jvm/3.6.0/okio-jvm-3.6.0.jar:/home/runner/.m2/repository/org/jetbrains/kotlin/kotlin-stdlib-jdk8/1.9.25/kotlin-stdlib-jdk8-1.9.25.jar:/home/runner/.m2/repository/org/jetbrains/kotlin/kotlin-stdlib-jdk7/1.9.25/kotlin-stdlib-jdk7-1.9.25.jar:/home/runner/.m2/repository/org/jetbrains/kotlin/kotlin-stdlib-common/1.9.25/kotlin-stdlib-common-1.9.25.jar:/home/runner/.m2/repository/org/apache/httpcomponents/httpclient/4.5.14/httpclient-4.5.14.jar:/home/runner/.m2/repository/org/apache/httpcomponents/httpcore/4.4.16/httpcore-4.4.16.jar:/home/runner/.m2/repository/org/apache/ratis/ratis-common/3.1.1/ratis-common-3.1.1.jar:/home/runner/.m2/repository/org/apache/ratis/ratis-proto/3.1.1/ratis-proto-3.1.1.jar:/home/runner/.m2/repository/org/apache/ratis/ratis-thirdparty-misc/1.0.6/ratis-thirdparty-misc-1.0.6.jar:/home/runner/.m2/repository/org/slf4j/slf4j-api/2.0.16/slf4j-api-2.0.16.jar:/home/runner/.m2/repository/com/fasterxml/jackson/core/jackson-annotations/2.16.2/jackson-annotations-2.16.2.jar:/home/runner/.m2/repository/com/fasterxml/jackson/core/jackson-databind/2.16.2/jackson-databind-2.16.2.jar:/home/runner/.m2/repository/com/github/stephenc/jcip/jcip-annotations/1.0-1/jcip-annotations-1.0-1.jar:/home/runner/.m2/repository/com/google/guava/guava/32.1.3-jre/guava-32.1.3-jre.jar:/home/runner/.m2/repository/com/google/guava/failureaccess/1.0.1/failureaccess-1.0.1.jar:/home/runner/.m2/repository/com/google/guava/listenablefuture/9999.0-empty-to-avoid-conflict-with-guava/listenablefuture-9999.0-empty-to-avoid-conflict-with-guava.jar:/home/runner/.m2/repository/org/checkerframework/checker-qual/3.37.0/checker-qual-3.37.0.jar:/home/runner/.m2/repository/com/google/j2objc/j2objc-annotations/2.8/j2objc-annotations-2.8.jar:/home/runner/.m2/repository/com/google/protobuf/protobuf-java/2.5.0/protobuf-java-2.5.0.jar:/home/runner/.m2/repository/io/grpc/grpc-api/1.58.0/grpc-api-1.58.0.jar:/home/runner/.m2/repository/io/grpc/grpc-stub/1.58.0/grpc-stub-1.58.0.jar:/home/runner/.m2/repository/io/netty/netty-common/4.1.109.Final/netty-common-4.1.109.Final.jar:/home/runner/.m2/repository/io/netty/netty-handler/4.1.109.Final/netty-handler-4.1.109.Final.jar:/home/runner/.m2/repository/io/netty/netty-resolver/4.1.109.Final/netty-resolver-4.1.109.Final.jar:/home/runner/.m2/repository/jakarta/annotation/jakarta.annotation-api/2.1.1/jakarta.annotation-api-2.1.1.jar:/home/runner/work/ozone/ozone/hadoop-hdds/test-utils/target/hdds-test-utils-2.0.0-SNAPSHOT.jar:/home/runner/.m2/repository/org/assertj/assertj-core/3.26.3/assertj-core-3.26.3.jar:/home/runner/.m2/repository/net/bytebuddy/byte-buddy/1.14.18/byte-buddy-1.14.18.jar:/home/runner/.m2/repository/commons-io/commons-io/2.17.0/commons-io-2.17.0.jar:/home/runner/.m2/repository/commons-logging/commons-logging/1.2/commons-logging-1.2.jar:/home/runner/.m2/repository/org/junit/jupiter/junit-jupiter-api/5.10.3/junit-jupiter-api-5.10.3.jar:/home/runner/.m2/repository/org/opentest4j/opentest4j/1.3.0/opentest4j-1.3.0.jar:/home/runner/.m2/repository/org/junit/platform/junit-platform-commons/1.10.3/junit-platform-commons-1.10.3.jar:/home/runner/.m2/repository/ch/qos/reload4j/reload4j/1.2.25/reload4j-1.2.25.jar:/home/runner/.m2/repository/org/apache/logging/log4j/log4j-api/2.24.1/log4j-api-2.24.1.jar:/home/runner/work/ozone/ozone/hadoop-hdds/server-scm/target/hdds-server-scm-2.0.0-SNAPSHOT.jar:/home/runner/work/ozone/ozone/hadoop-hdds/container-service/target/hdds-container-service-2.0.0-SNAPSHOT.jar:/home/runner/work/ozone/ozone/hadoop-hdds/hadoop-dependency-server/target/hdds-hadoop-dependency-server-2.0.0-SNAPSHOT.jar:/home/runner/.m2/repository/com/nimbusds/nimbus-jose-jwt/9.40/nimbus-jose-jwt-9.40.jar:/home/runner/.m2/repository/org/apache/hadoop/hadoop-hdfs/3.3.6/hadoop-hdfs-3.3.6.jar:/home/runner/.m2/repository/commons-daemon/commons-daemon/1.4.0/commons-daemon-1.4.0.jar:/home/runner/.m2/repository/org/apache/kerby/kerb-core/1.0.1/kerb-core-1.0.1.jar:/home/runner/.m2/repository/org/apache/kerby/kerby-pkix/1.0.1/kerby-pkix-1.0.1.jar:/home/runner/.m2/repository/org/apache/kerby/kerby-asn1/1.0.1/kerby-asn1-1.0.1.jar:/home/runner/.m2/repository/org/apache/kerby/kerb-util/1.0.1/kerb-util-1.0.1.jar:/home/runner/.m2/repository/org/apache/kerby/kerby-config/1.0.1/kerby-config-1.0.1.jar:/home/runner/.m2/repository/org/apache/kerby/kerb-crypto/1.0.1/kerb-crypto-1.0.1.jar:/home/runner/.m2/repository/org/xerial/snappy/snappy-java/1.1.10.7/snappy-java-1.1.10.7.jar:/home/runner/work/ozone/ozone/hadoop-hdds/interface-admin/target/hdds-interface-admin-2.0.0-SNAPSHOT.jar:/home/runner/work/ozone/ozone/hadoop-hdds/interface-server/target/hdds-interface-server-2.0.0-SNAPSHOT.jar:/home/runner/work/ozone/ozone/hadoop-hdds/framework/target/hdds-server-framework-2.0.0-SNAPSHOT.jar:/home/runner/.m2/repository/org/apache/ratis/ratis-client/3.1.1/ratis-client-3.1.1.jar:/home/runner/.m2/repository/org/apache/ratis/ratis-grpc/3.1.1/ratis-grpc-3.1.1.jar:/home/runner/.m2/repository/org/apache/ratis/ratis-netty/3.1.1/ratis-netty-3.1.1.jar:/home/runner/.m2/repository/org/apache/ratis/ratis-server-api/3.1.1/ratis-server-api-3.1.1.jar:/home/runner/.m2/repository/org/bouncycastle/bcpkix-jdk18on/1.78.1/bcpkix-jdk18on-1.78.1.jar:/home/runner/.m2/repository/org/bouncycastle/bcprov-jdk18on/1.78.1/bcprov-jdk18on-1.78.1.jar:/home/runner/.m2/repository/io/dropwizard/metrics/metrics-core/3.2.6/metrics-core-3.2.6.jar:/home/runner/.m2/repository/org/apache/commons/commons-text/1.12.0/commons-text-1.12.0.jar:/home/runner/.m2/repository/org/eclipse/jetty/jetty-webapp/9.4.56.v20240826/jetty-webapp-9.4.56.v20240826.jar:/home/runner/.m2/repository/org/eclipse/jetty/jetty-xml/9.4.56.v20240826/jetty-xml-9.4.56.v20240826.jar:/home/runner/.m2/repository/com/fasterxml/jackson/core/jackson-core/2.16.2/jackson-core-2.16.2.jar:/home/runner/.m2/repository/info/picocli/picocli/4.7.5/picocli-4.7.5.jar:/home/runner/.m2/repository/javax/servlet/javax.servlet-api/3.1.0/javax.servlet-api-3.1.0.jar:/home/runner/.m2/repository/commons-collections/commons-collections/3.2.2/commons-collections-3.2.2.jar:/home/runner/work/ozone/ozone/hadoop-hdds/framework/target/hdds-server-framework-2.0.0-SNAPSHOT-tests.jar:/home/runner/work/ozone/ozone/hadoop-hdds/managed-rocksdb/target/hdds-managed-rocksdb-2.0.0-SNAPSHOT.jar:/home/runner/.m2/repository/org/slf4j/slf4j-reload4j/2.0.16/slf4j-reload4j-2.0.16.jar:/home/runner/.m2/repository/org/apache/commons/commons-configuration2/2.11.0/commons-configuration2-2.11.0.jar:/home/runner/.m2/repository/commons-codec/commons-codec/1.17.1/commons-codec-1.17.1.jar:/home/runner/.m2/repository/commons-fileupload/commons-fileupload/1.5/commons-fileupload-1.5.jar:/home/runner/.m2/repository/commons-validator/commons-validator/1.6/commons-validator-1.6.jar:/home/runner/.m2/repository/commons-beanutils/commons-beanutils/1.9.4/commons-beanutils-1.9.4.jar:/home/runner/.m2/repository/commons-digester/commons-digester/1.8.1/commons-digester-1.8.1.jar:/home/runner/.m2/repository/org/apache/logging/log4j/log4j-core/2.24.1/log4j-core-2.24.1.jar:/home/runner/.m2/repository/com/lmax/disruptor/3.4.4/disruptor-3.4.4.jar:/home/runner/.m2/repository/org/eclipse/jetty/jetty-http/9.4.56.v20240826/jetty-http-9.4.56.v20240826.jar:/home/runner/.m2/repository/org/eclipse/jetty/jetty-io/9.4.56.v20240826/jetty-io-9.4.56.v20240826.jar:/home/runner/.m2/repository/org/eclipse/jetty/jetty-util/9.4.56.v20240826/jetty-util-9.4.56.v20240826.jar:/home/runner/.m2/repository/org/eclipse/jetty/jetty-server/9.4.56.v20240826/jetty-server-9.4.56.v20240826.jar:/home/runner/.m2/repository/org/eclipse/jetty/jetty-servlet/9.4.56.v20240826/jetty-servlet-9.4.56.v20240826.jar:/home/runner/.m2/repository/org/eclipse/jetty/jetty-security/9.4.56.v20240826/jetty-security-9.4.56.v20240826.jar:/home/runner/.m2/repository/org/eclipse/jetty/jetty-util-ajax/9.4.56.v20240826/jetty-util-ajax-9.4.56.v20240826.jar:/home/runner/.m2/repository/org/glassfish/jersey/core/jersey-server/2.45/jersey-server-2.45.jar:/home/runner/.m2/repository/org/glassfish/jersey/core/jersey-client/2.45/jersey-client-2.45.jar:/home/runner/.m2/repository/org/glassfish/jersey/containers/jersey-container-servlet-core/2.45/jersey-container-servlet-core-2.45.jar:/home/runner/.m2/repository/org/rocksdb/rocksdbjni/7.7.3/rocksdbjni-7.7.3.jar:/home/runner/.m2/repository/org/apache/ratis/ratis-metrics-api/3.1.1/ratis-metrics-api-3.1.1.jar:/home/runner/.m2/repository/org/apache/ratis/ratis-metrics-dropwizard3/3.1.1/ratis-metrics-dropwizard3-3.1.1.jar:/home/runner/.m2/repository/io/opentracing/opentracing-api/0.33.0/opentracing-api-0.33.0.jar:/home/runner/.m2/repository/io/prometheus/simpleclient/0.16.0/simpleclient-0.16.0.jar:/home/runner/.m2/repository/io/prometheus/simpleclient_dropwizard/0.16.0/simpleclient_dropwizard-0.16.0.jar:/home/runner/.m2/repository/io/prometheus/simpleclient_common/0.16.0/simpleclient_common-0.16.0.jar:/home/runner/.m2/repository/com/fasterxml/jackson/datatype/jackson-datatype-jsr310/2.16.2/jackson-datatype-jsr310-2.16.2.jar:/home/runner/.m2/repository/com/github/jnr/jnr-constants/0.10.4/jnr-constants-0.10.4.jar:/home/runner/.m2/repository/com/github/jnr/jnr-posix/3.1.20/jnr-posix-3.1.20.jar:/home/runner/.m2/repository/com/github/jnr/jnr-ffi/2.2.17/jnr-ffi-2.2.17.jar:/home/runner/.m2/repository/com/github/jnr/jffi/1.3.13/jffi-1.3.13.jar:/home/runner/.m2/repository/com/github/jnr/jffi/1.3.13/jffi-1.3.13-native.jar:/home/runner/.m2/repository/org/ow2/asm/asm/9.7.1/asm-9.7.1.jar:/home/runner/.m2/repository/org/ow2/asm/asm-commons/9.7.1/asm-commons-9.7.1.jar:/home/runner/.m2/repository/org/ow2/asm/asm-analysis/9.7.1/asm-analysis-9.7.1.jar:/home/runner/.m2/repository/org/ow2/asm/asm-tree/9.7.1/asm-tree-9.7.1.jar:/home/runner/.m2/repository/org/ow2/asm/asm-util/9.7.1/asm-util-9.7.1.jar:/home/runner/.m2/repository/com/github/jnr/jnr-a64asm/1.0.0/jnr-a64asm-1.0.0.jar:/home/runner/.m2/repository/com/github/jnr/jnr-x86asm/1.0.2/jnr-x86asm-1.0.2.jar:/home/runner/.m2/repository/com/google/code/gson/gson/2.10.1/gson-2.10.1.jar:/home/runner/work/ozone/ozone/hadoop-hdds/rocksdb-checkpoint-differ/target/rocksdb-checkpoint-differ-2.0.0-SNAPSHOT.jar:/home/runner/.m2/repository/org/jgrapht/jgrapht-core/1.4.0/jgrapht-core-1.4.0.jar:/home/runner/.m2/repository/org/jheaps/jheaps/0.11/jheaps-0.11.jar:/home/runner/.m2/repository/org/jgrapht/jgrapht-ext/1.4.0/jgrapht-ext-1.4.0.jar:/home/runner/.m2/repository/com/github/vlsi/mxgraph/jgraphx/3.9.12/jgraphx-3.9.12.jar:/home/runner/.m2/repository/jakarta/ws/rs/jakarta.ws.rs-api/2.1.6/jakarta.ws.rs-api-2.1.6.jar:/home/runner/work/ozone/ozone/hadoop-ozone/ozone-manager/target/ozone-manager-2.0.0-SNAPSHOT.jar:/home/runner/.m2/repository/org/aspectj/aspectjrt/1.9.7/aspectjrt-1.9.7.jar:/home/runner/.m2/repository/org/aspectj/aspectjweaver/1.9.7/aspectjweaver-1.9.7.jar:/home/runner/work/ozone/ozone/hadoop-ozone/interface-storage/target/ozone-interface-storage-2.0.0-SNAPSHOT.jar:/home/runner/.m2/repository/org/apache/kerby/kerby-util/1.0.1/kerby-util-1.0.1.jar:/home/runner/.m2/repository/io/netty/netty-transport/4.1.109.Final/netty-transport-4.1.109.Final.jar:/home/runner/.m2/repository/org/reflections/reflections/0.10.2/reflections-0.10.2.jar:/home/runner/.m2/repository/com/sun/jersey/jersey-client/1.19.4/jersey-client-1.19.4.jar:/home/runner/.m2/repository/jakarta/xml/bind/jakarta.xml.bind-api/2.3.3/jakarta.xml.bind-api-2.3.3.jar:/home/runner/.m2/repository/org/codehaus/jackson/jackson-core-asl/1.9.13/jackson-core-asl-1.9.13.jar:/home/runner/.m2/repository/org/codehaus/jackson/jackson-mapper-asl/1.9.13/jackson-mapper-asl-1.9.13.jar:/home/runner/.m2/repository/org/codehaus/jackson/jackson-jaxrs/1.9.13/jackson-jaxrs-1.9.13.jar:/home/runner/.m2/repository/org/apache/ranger/ranger-plugins-common/2.3.0/ranger-plugins-common-2.3.0.jar:/home/runner/.m2/repository/commons-lang/commons-lang/2.6/commons-lang-2.6.jar:/home/runner/.m2/repository/org/apache/ranger/ranger-plugins-cred/2.3.0/ranger-plugins-cred-2.3.0.jar:/home/runner/.m2/repository/org/apache/ranger/ranger-plugins-audit/2.3.0/ranger-plugins-audit-2.3.0.jar:/home/runner/.m2/repository/org/eclipse/jetty/jetty-client/9.4.56.v20240826/jetty-client-9.4.56.v20240826.jar:/home/runner/.m2/repository/org/apache/httpcomponents/httpmime/4.5.6/httpmime-4.5.6.jar:/home/runner/.m2/repository/org/apache/httpcomponents/httpcore-nio/4.4.16/httpcore-nio-4.4.16.jar:/home/runner/.m2/repository/org/apache/httpcomponents/httpasyncclient/4.1.3/httpasyncclient-4.1.3.jar:/home/runner/.m2/repository/com/carrotsearch/hppc/0.8.0/hppc-0.8.0.jar:/home/runner/.m2/repository/org/apache/orc/orc-core/1.5.8/orc-core-1.5.8.jar:/home/runner/.m2/repository/net/java/dev/jna/jna/5.2.0/jna-5.2.0.jar:/home/runner/.m2/repository/net/java/dev/jna/jna-platform/5.2.0/jna-platform-5.2.0.jar:/home/runner/.m2/repository/com/kstruct/gethostname4j/0.0.2/gethostname4j-0.0.2.jar:/home/runner/.m2/repository/org/apache/ranger/ranger-plugin-classloader/2.3.0/ranger-plugin-classloader-2.3.0.jar:/home/runner/.m2/repository/org/apache/ranger/ranger-intg/2.3.0/ranger-intg-2.3.0.jar:/home/runner/work/ozone/ozone/hadoop-hdds/rocks-native/target/hdds-rocks-native-2.0.0-SNAPSHOT.jar:/home/runner/.m2/repository/org/apache/hadoop/hadoop-minikdc/3.3.6/hadoop-minikdc-3.3.6.jar:/home/runner/.m2/repository/org/apache/kerby/kerb-simplekdc/1.0.1/kerb-simplekdc-1.0.1.jar:/home/runner/.m2/repository/org/apache/kerby/kerb-client/1.0.1/kerb-client-1.0.1.jar:/home/runner/.m2/repository/org/apache/kerby/kerb-common/1.0.1/kerb-common-1.0.1.jar:/home/runner/.m2/repository/org/apache/kerby/token-provider/1.0.1/token-provider-1.0.1.jar:/home/runner/.m2/repository/org/apache/kerby/kerb-admin/1.0.1/kerb-admin-1.0.1.jar:/home/runner/.m2/repository/org/apache/kerby/kerb-server/1.0.1/kerb-server-1.0.1.jar:/home/runner/.m2/repository/org/apache/kerby/kerb-identity/1.0.1/kerb-identity-1.0.1.jar:/home/runner/.m2/repository/org/apache/kerby/kerby-xdr/1.0.1/kerby-xdr-1.0.1.jar:/home/runner/.m2/repository/junit/junit/4.13.2/junit-4.13.2.jar:/home/runner/.m2/repository/org/hamcrest/hamcrest-core/1.3/hamcrest-core-1.3.jar:/home/runner/work/ozone/ozone/hadoop-ozone/s3gateway/target/ozone-s3gateway-2.0.0-SNAPSHOT.jar:/home/runner/.m2/repository/org/javassist/javassist/3.30.2-GA/javassist-3.30.2-GA.jar:/home/runner/.m2/repository/org/jboss/weld/servlet/weld-servlet-shaded/3.1.9.Final/weld-servlet-shaded-3.1.9.Final.jar:/home/runner/.m2/repository/org/glassfish/jersey/core/jersey-common/2.45/jersey-common-2.45.jar:/home/runner/.m2/repository/org/glassfish/hk2/osgi-resource-locator/1.0.3/osgi-resource-locator-1.0.3.jar:/home/runner/.m2/repository/org/glassfish/jersey/ext/cdi/jersey-cdi1x/2.45/jersey-cdi1x-2.45.jar:/home/runner/.m2/repository/org/glassfish/jersey/inject/jersey-hk2/2.45/jersey-hk2-2.45.jar:/home/runner/.m2/repository/org/glassfish/hk2/hk2-locator/2.6.1/hk2-locator-2.6.1.jar:/home/runner/.m2/repository/org/glassfish/jersey/media/jersey-media-jaxb/2.45/jersey-media-jaxb-2.45.jar:/home/runner/.m2/repository/org/glassfish/hk2/hk2-api/2.6.1/hk2-api-2.6.1.jar:/home/runner/.m2/repository/org/glassfish/hk2/hk2-utils/2.6.1/hk2-utils-2.6.1.jar:/home/runner/.m2/repository/org/glassfish/hk2/external/aopalliance-repackaged/2.6.1/aopalliance-repackaged-2.6.1.jar:/home/runner/.m2/repository/com/fasterxml/jackson/dataformat/jackson-dataformat-xml/2.16.2/jackson-dataformat-xml-2.16.2.jar:/home/runner/.m2/repository/org/codehaus/woodstox/stax2-api/4.2.2/stax2-api-4.2.2.jar:/home/runner/.m2/repository/com/fasterxml/woodstox/woodstox-core/5.4.0/woodstox-core-5.4.0.jar:/home/runner/.m2/repository/com/fasterxml/jackson/module/jackson-module-jaxb-annotations/2.16.2/jackson-module-jaxb-annotations-2.16.2.jar:/home/runner/.m2/repository/javax/annotation/javax.annotation-api/1.3.2/javax.annotation-api-1.3.2.jar:/home/runner/.m2/repository/javax/enterprise/cdi-api/2.0/cdi-api-2.0.jar:/home/runner/.m2/repository/javax/el/javax.el-api/3.0.0/javax.el-api-3.0.0.jar:/home/runner/.m2/repository/javax/interceptor/javax.interceptor-api/1.2/javax.interceptor-api-1.2.jar:/home/runner/.m2/repository/org/glassfish/jaxb/jaxb-runtime/2.3.9/jaxb-runtime-2.3.9.jar:/home/runner/.m2/repository/org/glassfish/jaxb/txw2/2.3.9/txw2-2.3.9.jar:/home/runner/.m2/repository/com/sun/istack/istack-commons-runtime/3.0.12/istack-commons-runtime-3.0.12.jar:/home/runner/.m2/repository/com/sun/activation/jakarta.activation/1.2.2/jakarta.activation-1.2.2.jar:/home/runner/.m2/repository/jakarta/activation/jakarta.activation-api/1.2.2/jakarta.activation-api-1.2.2.jar:/home/runner/.m2/repository/io/grpc/grpc-protobuf/1.58.0/grpc-protobuf-1.58.0.jar:/home/runner/.m2/repository/com/google/api/grpc/proto-google-common-protos/2.22.0/proto-google-common-protos-2.22.0.jar:/home/runner/.m2/repository/io/grpc/grpc-protobuf-lite/1.58.0/grpc-protobuf-lite-1.58.0.jar:/home/runner/.m2/repository/io/opentracing/opentracing-noop/0.33.0/opentracing-noop-0.33.0.jar:/home/runner/.m2/repository/io/opentracing/opentracing-util/0.33.0/opentracing-util-0.33.0.jar:/home/runner/work/ozone/ozone/hadoop-ozone/csi/target/ozone-csi-2.0.0-SNAPSHOT.jar:/home/runner/.m2/repository/com/google/protobuf/protobuf-java-util/3.19.6/protobuf-java-util-3.19.6.jar:/home/runner/.m2/repository/io/netty/netty-transport-classes-epoll/4.1.109.Final/netty-transport-classes-epoll-4.1.109.Final.jar:/home/runner/.m2/repository/io/netty/netty-transport-native-epoll/4.1.109.Final/netty-transport-native-epoll-4.1.109.Final-linux-x86_64.jar:/home/runner/.m2/repository/io/netty/netty-transport-native-unix-common/4.1.109.Final/netty-transport-native-unix-common-4.1.109.Final.jar:/home/runner/work/ozone/ozone/hadoop-ozone/recon/target/ozone-recon-2.0.0-SNAPSHOT.jar:/home/runner/work/ozone/ozone/hadoop-ozone/recon-codegen/target/ozone-reconcodegen-2.0.0-SNAPSHOT.jar:/home/runner/.m2/repository/aopalliance/aopalliance/1.0/aopalliance-1.0.jar:/home/runner/.m2/repository/com/google/inject/guice/6.0.0/guice-6.0.0.jar:/home/runner/.m2/repository/jakarta/inject/jakarta.inject-api/2.0.1/jakarta.inject-api-2.0.1.jar:/home/runner/.m2/repository/com/google/inject/extensions/guice-assistedinject/6.0.0/guice-assistedinject-6.0.0.jar:/home/runner/.m2/repository/com/google/inject/extensions/guice-servlet/6.0.0/guice-servlet-6.0.0.jar:/home/runner/.m2/repository/org/glassfish/jersey/containers/jersey-container-servlet/2.45/jersey-container-servlet-2.45.jar:/home/runner/.m2/repository/org/glassfish/hk2/guice-bridge/2.6.1/guice-bridge-2.6.1.jar:/home/runner/.m2/repository/org/glassfish/hk2/external/jakarta.inject/2.6.1/jakarta.inject-2.6.1.jar:/home/runner/.m2/repository/org/glassfish/jersey/media/jersey-media-json-jackson/2.45/jersey-media-json-jackson-2.45.jar:/home/runner/.m2/repository/org/glassfish/jersey/ext/jersey-entity-filtering/2.45/jersey-entity-filtering-2.45.jar:/home/runner/.m2/repository/org/jooq/jooq/3.11.10/jooq-3.11.10.jar:/home/runner/.m2/repository/org/jooq/jooq-meta/3.11.10/jooq-meta-3.11.10.jar:/home/runner/.m2/repository/org/jooq/jooq-codegen/3.11.10/jooq-codegen-3.11.10.jar:/home/runner/.m2/repository/com/jolbox/bonecp/0.8.0.RELEASE/bonecp-0.8.0.RELEASE.jar:/home/runner/.m2/repository/org/apache/derby/derby/10.14.2.0/derby-10.14.2.0.jar:/home/runner/.m2/repository/org/xerial/sqlite-jdbc/3.46.1.3/sqlite-jdbc-3.46.1.3.jar:/home/runner/.m2/repository/org/springframework/spring-core/5.3.39/spring-core-5.3.39.jar:/home/runner/.m2/repository/org/springframework/spring-jdbc/5.3.39/spring-jdbc-5.3.39.jar:/home/runner/.m2/repository/org/springframework/spring-beans/5.3.39/spring-beans-5.3.39.jar:/home/runner/.m2/repository/org/springframework/spring-tx/5.3.39/spring-tx-5.3.39.jar:/home/runner/.m2/repository/jakarta/validation/jakarta.validation-api/2.0.2/jakarta.validation-api-2.0.2.jar:/home/runner/.m2/repository/javax/inject/javax.inject/1/javax.inject-1.jar:/home/runner/work/ozone/ozone/hadoop-ozone/client/target/ozone-client-2.0.0-SNAPSHOT.jar:/home/runner/work/ozone/ozone/hadoop-hdds/erasurecode/target/hdds-erasurecode-2.0.0-SNAPSHOT.jar:/home/runner/work/ozone/ozone/hadoop-ozone/ozonefs/target/ozone-filesystem-2.0.0-SNAPSHOT.jar:/home/runner/work/ozone/ozone/hadoop-ozone/ozonefs-common/target/ozone-filesystem-common-2.0.0-SNAPSHOT.jar:/home/runner/work/ozone/ozone/hadoop-ozone/tools/target/ozone-tools-2.0.0-SNAPSHOT.jar:/home/runner/.m2/repository/org/apache/ratis/ratis-tools/3.1.1/ratis-tools-3.1.1.jar:/home/runner/.m2/repository/org/apache/ratis/ratis-shell/3.1.1/ratis-shell-3.1.1.jar:/home/runner/.m2/repository/com/amazonaws/aws-java-sdk-core/1.12.661/aws-java-sdk-core-1.12.661.jar:/home/runner/.m2/repository/com/fasterxml/jackson/dataformat/jackson-dataformat-cbor/2.16.2/jackson-dataformat-cbor-2.16.2.jar:/home/runner/.m2/repository/joda-time/joda-time/2.12.7/joda-time-2.12.7.jar:/home/runner/.m2/repository/com/amazonaws/aws-java-sdk-s3/1.12.661/aws-java-sdk-s3-1.12.661.jar:/home/runner/.m2/repository/com/amazonaws/aws-java-sdk-kms/1.12.661/aws-java-sdk-kms-1.12.661.jar:/home/runner/.m2/repository/com/amazonaws/jmespath-java/1.12.661/jmespath-java-1.12.661.jar:/home/runner/.m2/repository/org/kohsuke/metainf-services/metainf-services/1.11/metainf-services-1.11.jar:/home/runner/work/ozone/ozone/hadoop-hdds/tools/target/hdds-tools-2.0.0-SNAPSHOT.jar:/home/runner/.m2/repository/commons-cli/commons-cli/1.8.0/commons-cli-1.8.0.jar:/home/runner/.m2/repository/org/apache/commons/commons-lang3/3.14.0/commons-lang3-3.14.0.jar:/home/runner/work/ozone/ozone/hadoop-ozone/ozone-manager/target/ozone-manager-2.0.0-SNAPSHOT-tests.jar:/home/runner/work/ozone/ozone/hadoop-hdds/common/target/hdds-common-2.0.0-SNAPSHOT-tests.jar:/home/runner/work/ozone/ozone/hadoop-hdds/hadoop-dependency-client/target/hdds-hadoop-dependency-client-2.0.0-SNAPSHOT.jar:/home/runner/work/ozone/ozone/hadoop-hdds/annotations/target/hdds-annotation-processing-2.0.0-SNAPSHOT.jar:/home/runner/.m2/repository/org/bouncycastle/bcutil-jdk18on/1.78.1/bcutil-jdk18on-1.78.1.jar:/home/runner/.m2/repository/io/jaegertracing/jaeger-client/1.8.1/jaeger-client-1.8.1.jar:/home/runner/.m2/repository/io/jaegertracing/jaeger-thrift/1.8.1/jaeger-thrift-1.8.1.jar:/home/runner/.m2/repository/org/apache/thrift/libthrift/0.15.0/libthrift-0.15.0.jar:/home/runner/.m2/repository/io/jaegertracing/jaeger-tracerresolver/1.8.1/jaeger-tracerresolver-1.8.1.jar:/home/runner/.m2/repository/io/opentracing/contrib/opentracing-tracerresolver/0.1.8/opentracing-tracerresolver-0.1.8.jar:/home/runner/.m2/repository/io/jaegertracing/jaeger-core/1.8.1/jaeger-core-1.8.1.jar:/home/runner/.m2/repository/org/jetbrains/kotlin/kotlin-stdlib/1.9.25/kotlin-stdlib-1.9.25.jar:/home/runner/.m2/repository/org/jetbrains/annotations/13.0/annotations-13.0.jar:/home/runner/.m2/repository/org/yaml/snakeyaml/2.0/snakeyaml-2.0.jar:/home/runner/.m2/repository/org/junit/platform/junit-platform-launcher/1.10.3/junit-platform-launcher-1.10.3.jar:/home/runner/.m2/repository/org/junit/platform/junit-platform-engine/1.10.3/junit-platform-engine-1.10.3.jar:/home/runner/.m2/repository/org/apiguardian/apiguardian-api/1.1.2/apiguardian-api-1.1.2.jar:/home/runner/.m2/repository/org/apache/hadoop/hadoop-kms/3.3.6/hadoop-kms-3.3.6.jar:/home/runner/.m2/repository/org/apache/hadoop/hadoop-auth/3.3.6/hadoop-auth-3.3.6.jar:/home/runner/.m2/repository/org/apache/zookeeper/zookeeper/3.8.4/zookeeper-3.8.4.jar:/home/runner/.m2/repository/org/apache/zookeeper/zookeeper-jute/3.8.4/zookeeper-jute-3.8.4.jar:/home/runner/.m2/repository/org/apache/yetus/audience-annotations/0.12.0/audience-annotations-0.12.0.jar:/home/runner/.m2/repository/org/apache/curator/curator-framework/4.2.0/curator-framework-4.2.0.jar:/home/runner/.m2/repository/org/apache/hadoop/thirdparty/hadoop-shaded-guava/1.1.1/hadoop-shaded-guava-1.1.1.jar:/home/runner/.m2/repository/com/sun/jersey/jersey-core/1.19.4/jersey-core-1.19.4.jar:/home/runner/.m2/repository/javax/ws/rs/jsr311-api/1.1.1/jsr311-api-1.1.1.jar:/home/runner/.m2/repository/com/sun/jersey/jersey-server/1.19.4/jersey-server-1.19.4.jar:/home/runner/.m2/repository/org/apache/hadoop/hadoop-common/3.3.6/hadoop-common-3.3.6.jar:/home/runner/.m2/repository/org/apache/commons/commons-math3/3.6.1/commons-math3-3.6.1.jar:/home/runner/.m2/repository/commons-net/commons-net/3.11.1/commons-net-3.11.1.jar:/home/runner/.m2/repository/com/github/pjfanning/jersey-json/1.20/jersey-json-1.20.jar:/home/runner/.m2/repository/org/codehaus/jettison/jettison/1.1/jettison-1.1.jar:/home/runner/.m2/repository/com/sun/xml/bind/jaxb-impl/2.2.3-1/jaxb-impl-2.2.3-1.jar:/home/runner/.m2/repository/com/google/re2j/re2j/1.7/re2j-1.7.jar:/home/runner/.m2/repository/com/jcraft/jsch/0.1.55/jsch-0.1.55.jar:/home/runner/.m2/repository/org/apache/curator/curator-client/4.2.0/curator-client-4.2.0.jar:/home/runner/.m2/repository/org/apache/curator/curator-recipes/5.2.0/curator-recipes-5.2.0.jar:/home/runner/.m2/repository/com/google/code/findbugs/jsr305/3.0.2/jsr305-3.0.2.jar:/home/runner/.m2/repository/dnsjava/dnsjava/2.1.9/dnsjava-2.1.9.jar:/home/runner/.m2/repository/org/apache/hadoop/hadoop-kms/3.3.6/hadoop-kms-3.3.6-tests.jar:/home/runner/work/ozone/ozone/hadoop-hdds/server-scm/target/hdds-server-scm-2.0.0-SNAPSHOT-tests.jar:/home/runner/work/ozone/ozone/hadoop-hdds/container-service/target/hdds-container-service-2.0.0-SNAPSHOT-tests.jar:/home/runner/.m2/repository/com/github/luben/zstd-jni/1.5.6-4/zstd-jni-1.5.6-4.jar:/home/runner/.m2/repository/io/netty/netty-buffer/4.1.109.Final/netty-buffer-4.1.109.Final.jar:/home/runner/.m2/repository/io/netty/netty-codec/4.1.109.Final/netty-codec-4.1.109.Final.jar:/home/runner/work/ozone/ozone/hadoop-hdds/hadoop-dependency-test/target/hdds-hadoop-dependency-test-2.0.0-SNAPSHOT.jar:/home/runner/.m2/repository/org/apache/hadoop/hadoop-common/3.3.6/hadoop-common-3.3.6-tests.jar:/home/runner/.m2/repository/org/apache/hadoop/hadoop-hdfs/3.3.6/hadoop-hdfs-3.3.6-tests.jar:/home/runner/.m2/repository/org/junit/jupiter/junit-jupiter-engine/5.10.3/junit-jupiter-engine-5.10.3.jar:/home/runner/.m2/repository/org/junit/jupiter/junit-jupiter-params/5.10.3/junit-jupiter-params-5.10.3.jar:/home/runner/.m2/repository/org/mockito/mockito-core/4.11.0/mockito-core-4.11.0.jar:/home/runner/.m2/repository/net/bytebuddy/byte-buddy-agent/1.12.19/byte-buddy-agent-1.12.19.jar:/home/runner/.m2/repository/org/objenesis/objenesis/3.3/objenesis-3.3.jar:/home/runner/.m2/repository/org/mockito/mockito-inline/4.11.0/mockito-inline-4.11.0.jar:/home/runner/.m2/repository/org/mockito/mockito-junit-jupiter/4.11.0/mockito-junit-jupiter-4.11.0.jar:/home/runner/.m2/repository/org/apache/hadoop/hadoop-distcp/3.3.6/hadoop-distcp-3.3.6.jar:/home/runner/.m2/repository/org/apache/hadoop/hadoop-mapreduce-client-jobclient/3.3.6/hadoop-mapreduce-client-jobclient-3.3.6.jar:/home/runner/.m2/repository/org/apache/hadoop/hadoop-mapreduce-client-common/3.3.6/hadoop-mapreduce-client-common-3.3.6.jar:/home/runner/.m2/repository/org/apache/hadoop/hadoop-yarn-common/3.3.6/hadoop-yarn-common-3.3.6.jar:/home/runner/.m2/repository/org/apache/hadoop/hadoop-yarn-api/3.3.6/hadoop-yarn-api-3.3.6.jar:/home/runner/.m2/repository/javax/xml/bind/jaxb-api/2.2.11/jaxb-api-2.2.11.jar:/home/runner/.m2/repository/com/sun/jersey/contribs/jersey-guice/1.19.4/jersey-guice-1.19.4.jar:/home/runner/.m2/repository/com/fasterxml/jackson/jaxrs/jackson-jaxrs-json-provider/2.16.2/jackson-jaxrs-json-provider-2.16.2.jar:/home/runner/.m2/repository/com/fasterxml/jackson/jaxrs/jackson-jaxrs-base/2.16.2/jackson-jaxrs-base-2.16.2.jar:/home/runner/.m2/repository/org/apache/hadoop/hadoop-yarn-client/3.3.6/hadoop-yarn-client-3.3.6.jar:/home/runner/.m2/repository/org/eclipse/jetty/websocket/websocket-client/9.4.51.v20230217/websocket-client-9.4.51.v20230217.jar:/home/runner/.m2/repository/org/eclipse/jetty/websocket/websocket-common/9.4.51.v20230217/websocket-common-9.4.51.v20230217.jar:/home/runner/.m2/repository/org/eclipse/jetty/websocket/websocket-api/9.4.51.v20230217/websocket-api-9.4.51.v20230217.jar:/home/runner/.m2/repository/org/jline/jline/3.9.0/jline-3.9.0.jar:/home/runner/.m2/repository/org/apache/hadoop/hadoop-mapreduce-client-core/3.3.6/hadoop-mapreduce-client-core-3.3.6.jar:/home/runner/.m2/repository/org/apache/avro/avro/1.7.7/avro-1.7.7.jar:/home/runner/.m2/repository/com/thoughtworks/paranamer/paranamer/2.3/paranamer-2.3.jar:/home/runner/.m2/repository/org/apache/hadoop/hadoop-annotations/3.3.6/hadoop-annotations-3.3.6.jar:/home/runner/.m2/repository/io/netty/netty/3.10.6.Final/netty-3.10.6.Final.jar:/home/runner/.m2/repository/org/apache/hadoop/hadoop-distcp/3.3.6/hadoop-distcp-3.3.6-tests.jar:/home/runner/.m2/repository/org/apache/ratis/ratis-server/3.1.1/ratis-server-3.1.1.jar:/home/runner/.m2/repository/org/hamcrest/hamcrest/2.2/hamcrest-2.2.jar:/home/runner/.m2/repository/org/slf4j/jul-to-slf4j/2.0.16/jul-to-slf4j-2.0.16.jar:/home/runner/work/ozone/ozone/hadoop-ozone/integration-test/target/gradle-enterprise/test-listeners.jar:
STARTUP_MSG:   build = https://github.com/apache/ozone/76ec9b9d7194b51768b224937059c80de986a6b3
STARTUP_MSG:   java = 17.0.12
STARTUP_MSG:   conf = {hadoop.hdds.db.rocksdb.WAL_size_limit_MB=0MB, hadoop.hdds.db.rocksdb.WAL_ttl_seconds=1200, hadoop.hdds.db.rocksdb.keep.log.file.num=1000, hadoop.hdds.db.rocksdb.logging.enabled=false, hadoop.hdds.db.rocksdb.logging.level=INFO, hadoop.hdds.db.rocksdb.max.log.file.size=0MB, hadoop.hdds.db.rocksdb.writeoption.sync=false, hdds.block.token.enabled=false, hdds.block.token.expiry.time=1d, hdds.command.status.report.interval=30s, hdds.container.action.max.limit=20, hdds.container.balancer.balancing.iteration.interval=70m, hdds.container.balancer.datanodes.involved.max.percentage.per.iteration=20, hdds.container.balancer.iterations=10, hdds.container.balancer.move.networkTopology.enable=false, hdds.container.balancer.move.replication.timeout=50m, hdds.container.balancer.move.timeout=65m, hdds.container.balancer.size.entering.target.max=26GB, hdds.container.balancer.size.leaving.source.max=26GB, hdds.container.balancer.size.moved.max.per.iteration=500GB, hdds.container.balancer.trigger.du.before.move.enable=false, hdds.container.balancer.utilization.threshold=10, hdds.container.checksum.verification.enabled=true, hdds.container.chunk.write.sync=false, hdds.container.close.threshold=0.9f, hdds.container.ipc.port=9859, hdds.container.ipc.random.port=false, hdds.container.ratis.admin.port=9857, hdds.container.ratis.datastream.enabled=true, hdds.container.ratis.datastream.port=9855, hdds.container.ratis.datastream.random.port=false, hdds.container.ratis.enabled=false, hdds.container.ratis.ipc.port=9858, hdds.container.ratis.ipc.random.port=false, hdds.container.ratis.leader.pending.bytes.limit=1GB, hdds.container.ratis.log.appender.queue.byte-limit=32MB, hdds.container.ratis.log.appender.queue.num-elements=1024, hdds.container.ratis.log.purge.gap=1000000, hdds.container.ratis.log.queue.byte-limit=4GB, hdds.container.ratis.log.queue.num-elements=1024, hdds.container.ratis.num.container.op.executors=10, hdds.container.ratis.num.write.chunk.threads.per.volume=4, hdds.container.ratis.replication.level=MAJORITY, hdds.container.ratis.rpc.type=GRPC, hdds.container.ratis.segment.preallocated.size=4MB, hdds.container.ratis.segment.size=64MB, hdds.container.ratis.server.port=9856, hdds.container.ratis.statemachine.max.pending.apply-transactions=10000, hdds.container.ratis.statemachinedata.sync.timeout=10s, hdds.container.replication.compression=NO_COMPRESSION, hdds.container.report.interval=60m, hdds.container.scrub.data.scan.interval=7d, hdds.container.scrub.dev.data.scan.enabled=true, hdds.container.scrub.dev.metadata.scan.enabled=true, hdds.container.scrub.enabled=true, hdds.container.scrub.metadata.scan.interval=3h, hdds.container.scrub.min.gap=15m, hdds.container.scrub.on.demand.volume.bytes.per.second=5242880, hdds.container.scrub.volume.bytes.per.second=5242880, hdds.container.token.enabled=false, hdds.datanode.block.delete.command.worker.interval=2s, hdds.datanode.block.delete.max.lock.wait.timeout=100ms, hdds.datanode.block.delete.queue.limit=5, hdds.datanode.block.delete.threads.max=5, hdds.datanode.block.deleting.limit.per.interval=5000, hdds.datanode.block.deleting.max.lock.holding.time=1s, hdds.datanode.block.deleting.service.interval=60s, hdds.datanode.check.empty.container.dir.on.delete=false, hdds.datanode.chunk.data.validation.check=false, hdds.datanode.client.bind.host=0.0.0.0, hdds.datanode.client.port=19864, hdds.datanode.command.queue.limit=5000, hdds.datanode.container.close.threads.max=3, hdds.datanode.container.delete.threads.max=2, hdds.datanode.container.schema.v3.enabled=true, hdds.datanode.container.schema.v3.key.separator=|, hdds.datanode.df.refresh.period=5m, hdds.datanode.disk.check.io.failures.tolerated=1, hdds.datanode.disk.check.io.file.size=100B, hdds.datanode.disk.check.io.test.count=3, hdds.datanode.disk.check.min.gap=10m, hdds.datanode.disk.check.timeout=10m, hdds.datanode.du.factory.classname=org.apache.hadoop.hdds.fs.MockSpaceUsageCheckFactory$None, hdds.datanode.du.refresh.period=1h, hdds.datanode.failed.data.volumes.tolerated=-1, hdds.datanode.failed.db.volumes.tolerated=-1, hdds.datanode.failed.metadata.volumes.tolerated=-1, hdds.datanode.handler.count=10, hdds.datanode.http-address=0.0.0.0:9882, hdds.datanode.http-bind-host=0.0.0.0, hdds.datanode.http.auth.kerberos.keytab=/etc/security/keytabs/HTTP.keytab, hdds.datanode.http.auth.kerberos.principal=HTTP/_HOST@REALM, hdds.datanode.http.auth.type=simple, hdds.datanode.http.enabled=true, hdds.datanode.https-address=0.0.0.0:9883, hdds.datanode.https-bind-host=0.0.0.0, hdds.datanode.metadata.rocksdb.cache.size=1GB, hdds.datanode.periodic.disk.check.interval.minutes=60, hdds.datanode.ratis.server.request.timeout=2m, hdds.datanode.read.chunk.threads.per.volume=10, hdds.datanode.read.threadpool=10, hdds.datanode.recovering.container.scrubbing.service.interval=1m, hdds.datanode.replication.outofservice.limit.factor=2.0, hdds.datanode.replication.port=9886, hdds.datanode.replication.queue.limit=4096, hdds.datanode.replication.streams.limit=10, hdds.datanode.rocksdb.auto-compaction-small-sst-file=true, hdds.datanode.rocksdb.auto-compaction-small-sst-file-num-threshold=512, hdds.datanode.rocksdb.auto-compaction-small-sst-file-size-threshold=1MB, hdds.datanode.rocksdb.auto-compaction-small-sst-file.interval.minutes=120, hdds.datanode.rocksdb.auto-compaction-small-sst-file.threads=1, hdds.datanode.rocksdb.delete-obsolete-files-period=1h, hdds.datanode.rocksdb.log.level=INFO, hdds.datanode.rocksdb.log.max-file-num=64, hdds.datanode.rocksdb.log.max-file-size=32MB, hdds.datanode.rocksdb.max-open-files=1024, hdds.datanode.slow.op.warning.threshold=500ms, hdds.datanode.storage.utilization.critical.threshold=0.95, hdds.datanode.storage.utilization.warning.threshold=0.75, hdds.datanode.volume.min.free.space=5GB, hdds.datanode.wait.on.all.followers=false, hdds.db.profile=DISK, hdds.grpc.tls.enabled=false, hdds.grpc.tls.provider=OPENSSL, hdds.heartbeat.interval=1s, hdds.key.algo=RSA, hdds.key.dir.name=keys, hdds.key.len=2048, hdds.node.report.interval=60000ms, hdds.pipeline.action.max.limit=20, hdds.pipeline.report.interval=60000ms, hdds.priv.key.file.name=private.pem, hdds.profiler.endpoint.enabled=false, hdds.prometheus.endpoint.enabled=true, hdds.public.key.file.name=public.pem, hdds.ratis.client.exponential.backoff.base.sleep=4s, hdds.ratis.client.exponential.backoff.max.retries=2147483647, hdds.ratis.client.exponential.backoff.max.sleep=40s, hdds.ratis.client.multilinear.random.retry.policy=5s, 5, 10s, 5, 15s, 5, 20s, 5, 25s, 5, 60s, 10, hdds.ratis.client.request.watch.timeout=3m, hdds.ratis.client.request.watch.type=ALL_COMMITTED, hdds.ratis.client.request.write.timeout=5m, hdds.ratis.client.retry.policy=org.apache.hadoop.hdds.ratis.retrypolicy.RequestTypeDependentRetryPolicyCreator, hdds.ratis.client.retrylimited.max.retries=180, hdds.ratis.client.retrylimited.retry.interval=1s, hdds.ratis.leader.election.minimum.timeout.duration=5s, hdds.ratis.raft.client.async.outstanding-requests.max=32, hdds.ratis.raft.client.rpc.request.timeout=60s, hdds.ratis.raft.client.rpc.watch.request.timeout=180s, hdds.ratis.raft.grpc.flow.control.window=5MB, hdds.ratis.raft.server.datastream.client.pool.size=10, hdds.ratis.raft.server.datastream.request.threads=20, hdds.ratis.raft.server.delete.ratis.log.directory=true, hdds.ratis.raft.server.leaderelection.pre-vote=true, hdds.ratis.raft.server.log.appender.wait-time.min=0us, hdds.ratis.raft.server.notification.no-leader.timeout=300s, hdds.ratis.raft.server.rpc.request.timeout=60s, hdds.ratis.raft.server.rpc.slowness.timeout=300s, hdds.ratis.raft.server.watch.timeout=30s, hdds.ratis.raft.server.write.element-limit=1024, hdds.ratis.server.num.snapshots.retained=5, hdds.ratis.server.retry-cache.timeout.duration=600000ms, hdds.ratis.snapshot.threshold=10000, hdds.recon.heartbeat.interval=60s, hdds.rest.http-address=0.0.0.0:9880, hdds.scm.block.deleting.service.interval=60s, hdds.scm.block.deletion.per-interval.max=100000, hdds.scm.ec.pipeline.choose.policy.impl=org.apache.hadoop.hdds.scm.pipeline.choose.algorithms.RandomPipelineChoosePolicy, hdds.scm.http.auth.kerberos.keytab=/etc/security/keytabs/HTTP.keytab, hdds.scm.http.auth.kerberos.principal=HTTP/_HOST@REALM, hdds.scm.http.auth.type=simple, hdds.scm.init.default.layout.version=-1, hdds.scm.kerberos.keytab.file=/etc/security/keytabs/SCM.keytab, hdds.scm.kerberos.principal=SCM/_HOST@REALM, hdds.scm.pipeline.choose.policy.impl=org.apache.hadoop.hdds.scm.pipeline.choose.algorithms.RandomPipelineChoosePolicy, hdds.scm.replication.container.inflight.deletion.limit=0, hdds.scm.replication.container.inflight.replication.limit=0, hdds.scm.replication.datanode.delete.container.limit=40, hdds.scm.replication.datanode.reconstruction.weight=3, hdds.scm.replication.datanode.replication.limit=20, hdds.scm.replication.enable.legacy=false, hdds.scm.replication.event.timeout=10m, hdds.scm.replication.event.timeout.datanode.offset=30s, hdds.scm.replication.inflight.limit.factor=0.75, hdds.scm.replication.maintenance.remaining.redundancy=1, hdds.scm.replication.maintenance.replica.minimum=2, hdds.scm.replication.over.replicated.interval=30s, hdds.scm.replication.push=true, hdds.scm.replication.thread.interval=300s, hdds.scm.replication.under.replicated.interval=30s, hdds.scm.safemode.atleast.one.node.reported.pipeline.pct=0.90, hdds.scm.safemode.enabled=true, hdds.scm.safemode.healthy.pipeline.pct=0.10, hdds.scm.safemode.min.datanode=1, hdds.scm.safemode.pipeline-availability.check=true, hdds.scm.safemode.pipeline.creation=true, hdds.scm.safemode.threshold.pct=0.99, hdds.scm.unknown-container.action=WARN, hdds.scm.wait.time.after.safemode.exit=5m, hdds.scmclient.failover.max.retry=15, hdds.scmclient.failover.retry.interval=2s, hdds.scmclient.max.retry.timeout=10m, hdds.scmclient.rpc.timeout=15m, hdds.secret.key.algorithm=HmacSHA256, hdds.secret.key.expiry.duration=7d, hdds.secret.key.file.name=secret_keys.json, hdds.secret.key.rotate.check.duration=10m, hdds.secret.key.rotate.duration=1d, hdds.security.client.datanode.container.protocol.acl=*, hdds.security.client.scm.block.protocol.acl=*, hdds.security.client.scm.certificate.protocol.acl=*, hdds.security.client.scm.container.protocol.acl=*, hdds.security.client.scm.secretkey.datanode.protocol.acl=*, hdds.security.client.scm.secretkey.om.protocol.acl=*, hdds.security.client.scm.secretkey.scm.protocol.acl=*, hdds.security.provider=BC, hdds.tracing.enabled=false, hdds.x509.ca.rotation.ack.timeout=PT15M, hdds.x509.ca.rotation.check.interval=P1D, hdds.x509.ca.rotation.enabled=false, hdds.x509.ca.rotation.time-of-day=02:00:00, hdds.x509.default.duration=P365D, hdds.x509.dir.name=certs, hdds.x509.expired.certificate.check.interval=P1D, hdds.x509.file.name=certificate.crt, hdds.x509.max.duration=P1865D, hdds.x509.renew.grace.duration=P28D, hdds.x509.rootca.certificate.polling.interval=PT2h, hdds.x509.signature.algorithm=SHA256withRSA, ozone.UnsafeByteOperations.enabled=true, ozone.acl.authorizer.class=org.apache.hadoop.ozone.security.acl.OzoneAccessAuthorizer, ozone.acl.enabled=false, ozone.block.deleting.container.limit.per.interval=10, ozone.block.deleting.limit.per.task=1000, ozone.block.deleting.service.interval=1m, ozone.block.deleting.service.timeout=300000ms, ozone.block.deleting.service.workers=10, ozone.chunk.read.buffer.default.size=1MB, ozone.chunk.read.mapped.buffer.max.count=0, ozone.chunk.read.mapped.buffer.threshold=32KB, ozone.client.bucket.replication.config.refresh.time.ms=30000, ozone.client.bytes.per.checksum=16KB, ozone.client.checksum.combine.mode=COMPOSITE_CRC, ozone.client.checksum.type=CRC32, ozone.client.connection.timeout=5000ms, ozone.client.datastream.buffer.flush.size=4MB, ozone.client.datastream.min.packet.size=256KB, ozone.client.datastream.pipeline.mode=true, ozone.client.datastream.window.size=8MB, ozone.client.ec.grpc.retries.enabled=true, ozone.client.ec.grpc.retries.max=3, ozone.client.ec.grpc.write.timeout=30s, ozone.client.ec.reconstruct.stripe.read.pool.limit=30, ozone.client.ec.reconstruct.stripe.write.pool.limit=30, ozone.client.ec.stripe.queue.size=2, ozone.client.exclude.nodes.expiry.time=600000, ozone.client.failover.max.attempts=500, ozone.client.fs.default.bucket.layout=FILE_SYSTEM_OPTIMIZED, ozone.client.hbase.enhancements.allowed=false, ozone.client.incremental.chunk.list=false, ozone.client.key.latest.version.location=true, ozone.client.key.provider.cache.expiry=10d, ozone.client.key.write.concurrency=1, ozone.client.list.cache=1000, ozone.client.max.ec.stripe.write.retries=10, ozone.client.max.retries=5, ozone.client.read.max.retries=3, ozone.client.read.retry.interval=1, ozone.client.read.timeout=30s, ozone.client.retry.interval=0, ozone.client.server-defaults.validity.period.ms=3600000, ozone.client.socket.timeout=5000ms, ozone.client.stream.buffer.flush.delay=true, ozone.client.stream.buffer.flush.size=1MB, ozone.client.stream.buffer.increment=0B, ozone.client.stream.buffer.max.size=2MB, ozone.client.stream.buffer.size=1MB, ozone.client.stream.putblock.piggybacking=false, ozone.client.verify.checksum=true, ozone.client.wait.between.retries.millis=2000, ozone.container.cache.lock.stripes=1024, ozone.container.cache.size=1024, ozone.csi.default-volume-size=1000000000, ozone.csi.mount.command=goofys --endpoint %s %s %s, ozone.csi.s3g.address=http://localhost:9878, ozone.csi.socket=/var/lib/csi.sock, ozone.directory.deleting.service.interval=1m, ozone.filesystem.snapshot.enabled=true, ozone.freon.http-address=0.0.0.0:9884, ozone.freon.http-bind-host=0.0.0.0, ozone.freon.http.auth.kerberos.keytab=/etc/security/keytabs/HTTP.keytab, ozone.freon.http.auth.kerberos.principal=HTTP/_HOST@REALM, ozone.freon.http.auth.type=simple, ozone.freon.http.enabled=true, ozone.freon.https-address=0.0.0.0:9885, ozone.freon.https-bind-host=0.0.0.0, ozone.fs.datastream.auto.threshold=4MB, ozone.fs.datastream.enabled=false, ozone.fs.hsync.enabled=false, ozone.fs.iterate.batch-size=100, ozone.fs.listing.page.size=1024, ozone.fs.listing.page.size.max=5000, ozone.hbase.enhancements.allowed=false, ozone.http.policy=HTTP_ONLY, ozone.https.client.keystore.resource=ssl-client.xml, ozone.https.client.need-auth=false, ozone.https.server.keystore.resource=ssl-server.xml, ozone.key.deleting.limit.per.task=20000, ozone.key.preallocation.max.blocks=64, ozone.manager.db.checkpoint.transfer.bandwidthPerSec=0, ozone.manager.delegation.remover.scan.interval=3600000, ozone.manager.delegation.token.max-lifetime=7d, ozone.manager.delegation.token.renew-interval=1d, ozone.metadata.dirs.permissions=750, ozone.metastore.rocksdb.cf.write.buffer.size=128MB, ozone.metastore.rocksdb.statistics=OFF, ozone.network.flexible.fqdn.resolution.enabled=false, ozone.network.jvm.address.cache.enabled=true, ozone.network.topology.aware.read=true, ozone.om.address=0.0.0.0:9862, ozone.om.admin.protocol.max.retries=20, ozone.om.admin.protocol.wait.between.retries=1000, ozone.om.client.rpc.timeout=15m, ozone.om.client.trash.core.pool.size=5, ozone.om.container.location.cache.size=100000, ozone.om.container.location.cache.ttl=360m, ozone.om.db.dirs.permissions=750, ozone.om.db.max.open.files=-1, ozone.om.delta.update.data.size.max.limit=1024MB, ozone.om.enable.filesystem.paths=false, ozone.om.enable.ofs.shared.tmp.dir=false, ozone.om.fs.snapshot.max.limit=1000, ozone.om.group.rights=ALL, ozone.om.grpc.bossgroup.size=8, ozone.om.grpc.maximum.response.length=134217728, ozone.om.grpc.port=8981, ozone.om.grpc.read.thread.num=32, ozone.om.grpc.workergroup.size=32, ozone.om.ha.raft.server.log.appender.wait-time.min=0ms, ozone.om.ha.raft.server.retrycache.expirytime=300s, ozone.om.handler.count.key=20, ozone.om.http-address=0.0.0.0:9874, ozone.om.http-bind-host=0.0.0.0, ozone.om.http.auth.kerberos.keytab=/etc/security/keytabs/HTTP.keytab, ozone.om.http.auth.kerberos.principal=HTTP/_HOST@REALM, ozone.om.http.auth.type=simple, ozone.om.http.enabled=true, ozone.om.https-address=0.0.0.0:9875, ozone.om.https-bind-host=0.0.0.0, ozone.om.init.default.layout.version=-1, ozone.om.kerberos.keytab.file=/etc/security/keytabs/OM.keytab, ozone.om.kerberos.principal=OM/_HOST@REALM, ozone.om.kerberos.principal.pattern=*, ozone.om.key.path.lock.enabled=false, ozone.om.keyname.character.check.enabled=false, ozone.om.leader.election.minimum.timeout.duration=5s, ozone.om.lease.hard.limit=7d, ozone.om.lease.soft.limit=60s, ozone.om.lock.fair=false, ozone.om.max.buckets=100000, ozone.om.multitenancy.enabled=false, ozone.om.multitenancy.ranger.sync.interval=10m, ozone.om.multitenancy.ranger.sync.timeout=10s, ozone.om.namespace.s3.strict=true, ozone.om.network.topology.refresh.duration=1h, ozone.om.open.key.cleanup.limit.per.task=1000, ozone.om.open.key.cleanup.service.interval=24h, ozone.om.open.key.cleanup.service.timeout=300s, ozone.om.open.key.expire.threshold=7d, ozone.om.open.mpu.cleanup.service.interval=24h, ozone.om.open.mpu.cleanup.service.timeout=300s, ozone.om.open.mpu.expire.threshold=30d, ozone.om.open.mpu.parts.cleanup.limit.per.task=1000, ozone.om.ratis.enable=true, ozone.om.ratis.log.appender.queue.byte-limit=4MB, ozone.om.ratis.log.appender.queue.num-elements=1024, ozone.om.ratis.log.purge.gap=1000000, ozone.om.ratis.log.purge.preservation.log.num=0, ozone.om.ratis.log.purge.upto.snapshot.index=true, ozone.om.ratis.minimum.timeout=5s, ozone.om.ratis.port=9872, ozone.om.ratis.rpc.type=GRPC, ozone.om.ratis.segment.preallocated.size=4MB, ozone.om.ratis.segment.size=4MB, ozone.om.ratis.server.close.threshold=60s, ozone.om.ratis.server.failure.timeout.duration=120s, ozone.om.ratis.server.leaderelection.pre-vote=true, ozone.om.ratis.server.request.timeout=3s, ozone.om.ratis.server.retry.cache.timeout=600000ms, ozone.om.ratis.snapshot.max.total.sst.size=100000000, ozone.om.read.threadpool=10, ozone.om.s3.grpc.server_enabled=false, ozone.om.save.metrics.interval=5m, ozone.om.security.admin.protocol.acl=*, ozone.om.security.client.protocol.acl=*, ozone.om.snapshot.cache.cleanup.service.run.interval=1m, ozone.om.snapshot.cache.max.size=10, ozone.om.snapshot.checkpoint.dir.creation.poll.timeout=20s, ozone.om.snapshot.compaction.dag.max.time.allowed=30d, ozone.om.snapshot.compaction.dag.prune.daemon.run.interval=3600s, ozone.om.snapshot.db.max.open.files=100, ozone.om.snapshot.diff.cleanup.service.run.interval=1m, ozone.om.snapshot.diff.cleanup.service.timeout=5m, ozone.om.snapshot.diff.disable.native.libs=false, ozone.om.snapshot.diff.job.default.wait.time=1s, ozone.om.snapshot.diff.job.report.persistent.time=7d, ozone.om.snapshot.diff.max.allowed.keys.changed.per.job=10000000, ozone.om.snapshot.diff.max.jobs.purge.per.task=100, ozone.om.snapshot.diff.max.page.size=1000, ozone.om.snapshot.diff.thread.pool.size=10, ozone.om.snapshot.force.full.diff=false, ozone.om.snapshot.load.native.lib=true, ozone.om.snapshot.provider.connection.timeout=5000s, ozone.om.snapshot.provider.request.timeout=300000ms, ozone.om.snapshot.provider.socket.timeout=5000s, ozone.om.transport.class=org.apache.hadoop.ozone.om.protocolPB.Hadoop3OmTransportFactory, ozone.om.unflushed.transaction.max.count=10000, ozone.om.upgrade.finalization.ratis.based.timeout=30s, ozone.om.upgrade.quota.recalculate.enabled=true, ozone.om.user.max.volume=1024, ozone.om.user.rights=ALL, ozone.om.volume.listall.allowed=true, ozone.path.deleting.limit.per.task=6000, ozone.recon.containerkey.flush.db.max.threshold=150000, ozone.recon.db.dirs.permissions=750, ozone.recon.heatmap.enable=false, ozone.recon.http-address=0.0.0.0:9888, ozone.recon.http-bind-host=0.0.0.0, ozone.recon.http.auth.kerberos.keytab=/etc/security/keytabs/HTTP.keytab, ozone.recon.http.auth.kerberos.principal=HTTP/_HOST@REALM, ozone.recon.http.auth.type=simple, ozone.recon.http.enabled=true, ozone.recon.https-address=0.0.0.0:9889, ozone.recon.https-bind-host=0.0.0.0, ozone.recon.nssummary.flush.db.max.threshold=150000, ozone.recon.om.connection.request.timeout=5000, ozone.recon.om.connection.timeout=5s, ozone.recon.om.snapshot.task.flush.param=false, ozone.recon.om.snapshot.task.initial.delay=1m, ozone.recon.om.snapshot.task.interval.delay=10m, ozone.recon.om.socket.timeout=5s, ozone.recon.scm.connection.request.timeout=5s, ozone.recon.scm.connection.timeout=5s, ozone.recon.scm.container.threshold=100, ozone.recon.scm.snapshot.enabled=true, ozone.recon.scm.snapshot.task.initial.delay=1m, ozone.recon.scm.snapshot.task.interval.delay=24h, ozone.recon.scmclient.failover.max.retry=3, ozone.recon.scmclient.max.retry.timeout=6s, ozone.recon.scmclient.rpc.timeout=1m, ozone.recon.security.client.datanode.container.protocol.acl=*, ozone.recon.sql.db.auto.commit=true, ozone.recon.sql.db.conn.idle.max.age=3600s, ozone.recon.sql.db.conn.idle.test=SELECT 1, ozone.recon.sql.db.conn.idle.test.period=60s, ozone.recon.sql.db.conn.max.active=5, ozone.recon.sql.db.conn.max.age=1800s, ozone.recon.sql.db.conn.timeout=30000ms, ozone.recon.sql.db.driver=org.apache.derby.jdbc.EmbeddedDriver, ozone.recon.sql.db.jdbc.url=jdbc:derby:${ozone.recon.db.dir}/ozone_recon_derby.db, ozone.recon.sql.db.jooq.dialect=DERBY, ozone.recon.task.containercounttask.interval=60s, ozone.recon.task.missingcontainer.interval=300s, ozone.recon.task.pipelinesync.interval=300s, ozone.recon.task.safemode.wait.threshold=300s, ozone.recon.task.thread.count=1, ozone.replication.allowed-configs=^((STANDALONE|RATIS)/(ONE|THREE))|(EC/(3-2|6-3|10-4)-(512|1024|2048|4096)k)$, ozone.rest.client.http.connection.max=100, ozone.rest.client.http.connection.per-route.max=20, ozone.s3g.client.buffer.size=4MB, ozone.s3g.default.bucket.layout=OBJECT_STORE, ozone.s3g.http-address=0.0.0.0:9878, ozone.s3g.http-bind-host=0.0.0.0, ozone.s3g.http.auth.kerberos.keytab=/etc/security/keytabs/HTTP.keytab, ozone.s3g.http.auth.kerberos.principal=HTTP/_HOST@REALM, ozone.s3g.http.auth.type=simple, ozone.s3g.http.enabled=true, ozone.s3g.kerberos.keytab.file=/etc/security/keytabs/s3g.keytab, ozone.s3g.kerberos.principal=s3g/_HOST@REALM, ozone.s3g.list-keys.shallow.enabled=true, ozone.s3g.metrics.percentiles.intervals.seconds=60, ozone.s3g.secret.http.auth.type=kerberos, ozone.s3g.secret.http.enabled=false, ozone.s3g.volume.name=s3v, ozone.scm.block.client.bind.host=0.0.0.0, ozone.scm.block.client.port=9863, ozone.scm.block.deletion.max.retry=4096, ozone.scm.block.handler.count.key=100, ozone.scm.block.read.threadpool=10, ozone.scm.block.size=4MB, ozone.scm.ca.list.retry.interval=10s, ozone.scm.chunk.size=1MB, ozone.scm.client.bind.host=0.0.0.0, ozone.scm.client.handler.count.key=100, ozone.scm.client.port=9860, ozone.scm.client.read.threadpool=10, ozone.scm.close.container.wait.duration=1s, ozone.scm.container.layout=FILE_PER_BLOCK, ozone.scm.container.list.max.count=4096, ozone.scm.container.lock.stripes=512, ozone.scm.container.placement.ec.impl=org.apache.hadoop.hdds.scm.container.placement.algorithms.SCMContainerPlacementRackScatter, ozone.scm.container.placement.impl=org.apache.hadoop.hdds.scm.container.placement.algorithms.SCMContainerPlacementRackAware, ozone.scm.container.size=5GB, ozone.scm.datanode.admin.monitor.interval=30s, ozone.scm.datanode.admin.monitor.logging.limit=1000, ozone.scm.datanode.disallow.same.peers=false, ozone.scm.datanode.handler.count.key=100, ozone.scm.datanode.pipeline.limit=2, ozone.scm.datanode.port=9861, ozone.scm.datanode.ratis.volume.free-space.min=1GB, ozone.scm.datanode.read.threadpool=10, ozone.scm.db.dirs.permissions=750, ozone.scm.dead.node.interval=10m, ozone.scm.ec.pipeline.minimum=5, ozone.scm.ec.pipeline.per.volume.factor=1, ozone.scm.event.ContainerReport.thread.pool.size=10, ozone.scm.expired.container.replica.op.scrub.interval=5m, ozone.scm.grpc.port=9895, ozone.scm.ha.dbtransactionbuffer.flush.interval=600s, ozone.scm.ha.grpc.deadline.interval=30m, ozone.scm.ha.raft.server.log.appender.wait-time.min=0ms, ozone.scm.ha.ratis.leader.election.timeout=5s, ozone.scm.ha.ratis.leader.ready.check.interval=2s, ozone.scm.ha.ratis.leader.ready.wait.timeout=60s, ozone.scm.ha.ratis.log.appender.queue.byte-limit=4MB, ozone.scm.ha.ratis.log.appender.queue.num-elements=1024, ozone.scm.ha.ratis.log.purge.enabled=false, ozone.scm.ha.ratis.log.purge.gap=1000000, ozone.scm.ha.ratis.request.timeout=30s, ozone.scm.ha.ratis.rpc.type=GRPC, ozone.scm.ha.ratis.segment.preallocated.size=4MB, ozone.scm.ha.ratis.segment.size=4MB, ozone.scm.ha.ratis.server.failure.timeout.duration=120s, ozone.scm.ha.ratis.server.leaderelection.pre-vote=true, ozone.scm.ha.ratis.server.retry.cache.timeout=60s, ozone.scm.ha.ratis.server.snapshot.creation.gap=1024, ozone.scm.ha.ratis.snapshot.threshold=1000, ozone.scm.handler.count.key=20, ozone.scm.heartbeat.log.warn.interval.count=10, ozone.scm.heartbeat.rpc-retry-count=15, ozone.scm.heartbeat.rpc-retry-interval=1s, ozone.scm.heartbeat.rpc-timeout=5s, ozone.scm.heartbeat.thread.interval=100ms, ozone.scm.http-address=0.0.0.0:9876, ozone.scm.http-bind-host=0.0.0.0, ozone.scm.http.enabled=true, ozone.scm.https-address=0.0.0.0:9877, ozone.scm.https-bind-host=0.0.0.0, ozone.scm.info.wait.duration=10m, ozone.scm.keyvalue.container.deletion-choosing.policy=org.apache.hadoop.ozone.container.common.impl.TopNOrderedContainerDeletionChoosingPolicy, ozone.scm.network.topology.schema.file=network-topology-default.xml, ozone.scm.pipeline.allocated.timeout=5m, ozone.scm.pipeline.creation.auto.factor.one=true, ozone.scm.pipeline.creation.interval=120s, ozone.scm.pipeline.destroy.timeout=66s, ozone.scm.pipeline.leader-choose.policy=org.apache.hadoop.hdds.scm.pipeline.leader.choose.algorithms.MinLeaderCountChoosePolicy, ozone.scm.pipeline.owner.container.count=3, ozone.scm.pipeline.per.metadata.disk=2, ozone.scm.pipeline.scrub.interval=5m, ozone.scm.ratis.pipeline.limit=3, ozone.scm.ratis.port=9894, ozone.scm.security.handler.count.key=2, ozone.scm.security.read.threadpool=1, ozone.scm.security.service.bind.host=0.0.0.0, ozone.scm.security.service.port=9961, ozone.scm.sequence.id.batch.size=1000, ozone.scm.skip.bootstrap.validation=false, ozone.scm.stale.node.interval=5m, ozone.security.crypto.compliance.mode=unrestricted, ozone.security.enabled=false, ozone.security.http.kerberos.enabled=false, ozone.security.reconfigure.protocol.acl=*, ozone.server.default.replication=3, ozone.server.default.replication.type=RATIS, ozone.service.shutdown.timeout=60s, ozone.snapshot.deep.cleaning.enabled=false, ozone.snapshot.deleting.limit.per.task=10, ozone.snapshot.deleting.service.interval=30s, ozone.snapshot.deleting.service.timeout=300s, ozone.snapshot.directory.service.interval=24h, ozone.snapshot.directory.service.timeout=300s, ozone.snapshot.filtering.limit.per.task=2, ozone.snapshot.filtering.service.interval=1m, ozone.snapshot.key.deleting.limit.per.task=20000, ozone.sst.filtering.service.timeout=300000ms, ozone.test.test.key=value1, ozone.xceiver.client.metrics.percentiles.intervals.seconds=60, recon.om.delta.update.limit=2000, recon.om.delta.update.loop.limit=10, scm.container.client.idle.threshold=10s, scm.container.client.max.size=256, test.scm.client.address=localhost, test.scm.client.bind.host=0.0.0.0, test.scm.client.class=java.lang.Object, test.scm.client.compression.enabled=true, test.scm.client.duration=1h, test.scm.client.enabled=true, test.scm.client.port=9878, test.scm.client.threshold=10, test.scm.client.wait=30m, yarn.app.mapreduce.am.container.log.backups=0, yarn.app.mapreduce.am.container.log.limit.kb=0, yarn.app.mapreduce.task.container.log.backups=0, yarn.nodemanager.container.stderr.pattern={*stderr*,*STDERR*}, yarn.nodemanager.container.stderr.tail.bytes=4096, yarn.nodemanager.windows-container.cpu-limit.enabled=false, yarn.nodemanager.windows-container.memory-limit.enabled=false, yarn.resourcemanager.container.liveness-monitor.interval-ms=600000}
************************************************************/
2024-11-05 06:16:14,612 [om1@group-C5BA1605619E-LeaderElection1] INFO  impl.RoleInfo (RoleInfo.java:updateAndGet(148)) - om1: start om1@group-C5BA1605619E-LeaderStateImpl
2024-11-05 06:16:14,625 [om1@group-C5BA1605619E-LeaderElection1] INFO  server.RaftServer$Division (RaftServerImpl.java:setFirstElection(558)) - om1@group-C5BA1605619E: set firstElectionSinceStartup to false for becomeLeader
2024-11-05 06:16:14,631 [om1@group-C5BA1605619E-LeaderElection1] INFO  ratis.OzoneManagerStateMachine (OzoneManagerStateMachine.java:notifyLeaderChanged(164)) - om1@group-C5BA1605619E: leader changed to om1
2024-11-05 06:16:14,632 [om1@group-C5BA1605619E-LeaderElection1] INFO  server.RaftServer$Division (ServerState.java:setLeader(272)) - om1@group-C5BA1605619E: change Leader from null to om1 at term 1 for becomeLeader, leader elected after 2204ms
2024-11-05 06:16:14,663 [main] INFO  recon.ReconServer (SignalLogger.java:register(101)) - registered UNIX signal handlers for [SIGHUP, SIGINT, SIGTERM]
2024-11-05 06:16:14,679 [om1@group-C5BA1605619E-LeaderElection1] INFO  segmented.SegmentedRaftLogWorker (SegmentedRaftLogWorker.java:startLogSegment(437)) - om1@group-C5BA1605619E-SegmentedRaftLogWorker: Starting segment from index:0
2024-11-05 06:16:14,722 [om1@group-C5BA1605619E-LeaderElection1] INFO  server.RaftServer$Division (ServerState.java:setRaftConf(386)) - om1@group-C5BA1605619E: set configuration conf: {index: 0, cur=peers:[om1|localhost:15007]|listeners:[], old=null}
2024-11-05 06:16:14,854 [om1@group-C5BA1605619E-SegmentedRaftLogWorker] INFO  segmented.BufferedWriteChannel (BufferedWriteChannel.java:open(61)) - open log_inprogress_0 at position 0
2024-11-05 06:16:14,867 [om1@group-C5BA1605619E-SegmentedRaftLogWorker] INFO  segmented.SegmentedRaftLogWorker (SegmentedRaftLogWorker.java:execute(641)) - om1@group-C5BA1605619E-SegmentedRaftLogWorker: created new log segment /home/runner/work/ozone/ozone/hadoop-ozone/integration-test/target/test-dir/MiniOzoneClusterImpl-58399722-4c39-4f0d-a4d6-8a89216b262d/ozone-meta/ratis/bf265839-605b-3f16-9796-c5ba1605619e/current/log_inprogress_0
2024-11-05 06:16:14,984 [om1@group-C5BA1605619E-StateMachineUpdater] INFO  ratis.OzoneManagerStateMachine (OzoneManagerStateMachine.java:notifyConfigurationChanged(218)) - Received Configuration change notification from Ratis. New Peer list:
[id: "om1"
address: "localhost:15007"
startupRole: FOLLOWER
]
2024-11-05 06:16:14,986 [om1@group-C5BA1605619E-StateMachineUpdater] INFO  server.RaftServer$Division (LeaderStateImpl.java:checkStartIndex(316)) - Leader om1@group-C5BA1605619E-LeaderStateImpl is ready since appliedIndex == startIndex == 0
2024-11-05 06:16:15,254 [main] INFO  reflections.Reflections (Reflections.java:scan(219)) - Reflections took 63 ms to scan 1 urls, producing 20 keys and 86 values
2024-11-05 06:16:15,551 [main] INFO  recon.ReconServer (ReconServer.java:call(119)) - Initializing Recon server...
2024-11-05 06:16:15,629 [main] INFO  persistence.DefaultDataSourceProvider (DefaultDataSourceProvider.java:get(51)) - JDBC Url for Recon : jdbc:derby:/home/runner/work/ozone/ozone/hadoop-ozone/integration-test/target/test-dir/MiniOzoneClusterImpl-58399722-4c39-4f0d-a4d6-8a89216b262d/recon/ozone_recon_derby.db 
2024-11-05 06:16:16,307 [main] INFO  codegen.SqlDbUtils (SqlDbUtils.java:createNewDerbyDatabase(67)) - Created derby database at jdbc:derby:/home/runner/work/ozone/ozone/hadoop-ozone/integration-test/target/test-dir/MiniOzoneClusterImpl-58399722-4c39-4f0d-a4d6-8a89216b262d/recon/ozone_recon_derby.db.
2024-11-05 06:16:16,567 [main] INFO  impl.ReconContainerMetadataManagerImpl (ReconContainerMetadataManagerImpl.java:initializeTables(141)) - KEY_CONTAINER Table is empty, initializing from CONTAINER_KEY Table ...
2024-11-05 06:16:16,568 [main] INFO  impl.ReconContainerMetadataManagerImpl (ReconContainerMetadataManagerImpl.java:initializeKeyContainerTable(666)) - It took 0.0 seconds to initialized 0 records to KEY_CONTAINER table
2024-11-05 06:16:16,614 [main] INFO  persistence.DefaultDataSourceProvider (DefaultDataSourceProvider.java:get(51)) - JDBC Url for Recon : jdbc:derby:/home/runner/work/ozone/ozone/hadoop-ozone/integration-test/target/test-dir/MiniOzoneClusterImpl-58399722-4c39-4f0d-a4d6-8a89216b262d/recon/ozone_recon_derby.db 
2024-11-05 06:16:16,622 [main] INFO  codegen.SqlDbUtils (SqlDbUtils.java:createNewDerbyDatabase(67)) - Created derby database at jdbc:derby:/home/runner/work/ozone/ozone/hadoop-ozone/integration-test/target/test-dir/MiniOzoneClusterImpl-58399722-4c39-4f0d-a4d6-8a89216b262d/recon/ozone_recon_derby.db.
2024-11-05 06:16:16,623 [main] INFO  recon.ReconServer (ReconServer.java:call(146)) - Creating Recon Schema.
2024-11-05 06:16:16,978 [main] INFO  http.BaseHttpServer (BaseHttpServer.java:newHttpServer2BuilderForOzone(223)) - Starting Web-server for recon at: http://0.0.0.0:15008
2024-11-05 06:16:16,978 [main] INFO  http.BaseHttpServer (BaseHttpServer.java:<init>(110)) - Hadoop Security Enabled: false Ozone Security Enabled: false Ozone HTTP Security Enabled: false 
2024-11-05 06:16:16,981 [main] WARN  server.AuthenticationFilter (AuthenticationFilter.java:constructSecretProvider(240)) - Unable to initialize FileSignerSecretProvider, falling back to use random secrets. Reason: Could not read signature secret file: /home/runner/hadoop-http-auth-signature-secret
2024-11-05 06:16:16,983 [main] INFO  http.HttpRequestLog (HttpRequestLog.java:getRequestLog(86)) - Http request log for http.requests.recon is not defined
2024-11-05 06:16:16,986 [main] INFO  http.HttpServer2 (HttpServer2.java:addGlobalFilter(1035)) - Added global filter 'safety' (class=org.apache.hadoop.hdds.server.http.HttpServer2$QuotingInputFilter)
2024-11-05 06:16:16,988 [main] INFO  http.HttpServer2 (HttpServer2.java:addFilter(1011)) - Added filter static_user_filter (class=org.apache.hadoop.http.lib.StaticUserWebFilter$StaticUserFilter) to context recon
2024-11-05 06:16:16,988 [main] INFO  http.HttpServer2 (HttpServer2.java:addFilter(1019)) - Added filter static_user_filter (class=org.apache.hadoop.http.lib.StaticUserWebFilter$StaticUserFilter) to context static
2024-11-05 06:16:16,988 [main] INFO  http.HttpServer2 (HttpServer2.java:addFilter(1019)) - Added filter static_user_filter (class=org.apache.hadoop.http.lib.StaticUserWebFilter$StaticUserFilter) to context logs
2024-11-05 06:16:16,990 [main] INFO  http.BaseHttpServer (BaseHttpServer.java:<init>(189)) - HTTP server of recon uses base directory /home/runner/work/ozone/ozone/hadoop-ozone/integration-test/target/test-dir/MiniOzoneClusterImpl-58399722-4c39-4f0d-a4d6-8a89216b262d/ozone-meta/webserver
2024-11-05 06:16:16,999 [main] INFO  tasks.ReconTaskControllerImpl (ReconTaskControllerImpl.java:registerTask(80)) - Registered task ContainerKeyMapperTask with controller.
2024-11-05 06:16:17,125 [main] INFO  tasks.ReconTaskControllerImpl (ReconTaskControllerImpl.java:registerTask(80)) - Registered task FileSizeCountTask with controller.
2024-11-05 06:16:17,130 [main] INFO  tasks.ReconTaskControllerImpl (ReconTaskControllerImpl.java:registerTask(80)) - Registered task OmTableInsightTask with controller.
2024-11-05 06:16:17,134 [main] INFO  tasks.ReconTaskControllerImpl (ReconTaskControllerImpl.java:registerTask(80)) - Registered task NSSummaryTask with controller.
2024-11-05 06:16:17,138 [main] INFO  ozone.OmUtils (OmUtils.java:getOzoneManagerServiceId(722)) - ozone.om.internal.service.id is not defined, falling back to ozone.om.service.ids to find serviceID for OzoneManager if it is HA enabled cluster
2024-11-05 06:16:17,138 [main] INFO  ozone.OmUtils (OmUtils.java:getOzoneManagerServiceId(741)) - No OzoneManager ServiceID configured.
2024-11-05 06:16:17,504 [main] INFO  net.NodeSchemaLoader (NodeSchemaLoader.java:loadSchemaFromFile(129)) - Loading schema from [jar:file:/home/runner/work/ozone/ozone/hadoop-hdds/common/target/hdds-common-2.0.0-SNAPSHOT.jar!/network-topology-default.xml]
2024-11-05 06:16:17,505 [main] INFO  net.NodeSchemaLoader (NodeSchemaLoader.java:loadSchema(176)) - Loading network topology layer schema file
2024-11-05 06:16:17,613 [main] INFO  upgrade.AbstractLayoutVersionManager (AbstractLayoutVersionManager.java:init(83)) - Initializing Layout version manager with metadata layout = HBASE_SUPPORT (version = 8), software layout = HBASE_SUPPORT (version = 8)
2024-11-05 06:16:17,623 [main] INFO  ha.SequenceIdGenerator (SequenceIdGenerator.java:<init>(240)) - Init the HA SequenceIdGenerator.
2024-11-05 06:16:17,635 [main] WARN  server.ServerUtils (ServerUtils.java:sanitizeUserArgs(73)) - ozone.scm.dead.node.interval value = 8000 is smaller than min = 12000 based on the key value of ozone.scm.stale.node.interval, reset to the min value 12000.
2024-11-05 06:16:17,636 [main] INFO  node.SCMNodeManager (SCMNodeManager.java:<init>(180)) - Entering startup safe mode.
2024-11-05 06:16:17,639 [main] INFO  scm.ReconNodeManager (ReconNodeManager.java:loadExistingNodes(132)) - Loaded 0 nodes from node DB.
2024-11-05 06:16:17,640 [main] INFO  algorithms.ContainerPlacementPolicyFactory (ContainerPlacementPolicyFactory.java:getPolicyInternal(86)) - Create container placement policy of type org.apache.hadoop.hdds.scm.container.placement.algorithms.SCMContainerPlacementRackAware
2024-11-05 06:16:17,642 [main] INFO  ipc.CallQueueManager (CallQueueManager.java:<init>(90)) - Using callQueue: class java.util.concurrent.LinkedBlockingQueue, queueCapacity: 10000, scheduler: class org.apache.hadoop.ipc.DefaultRpcScheduler, ipcBackoff: false.
2024-11-05 06:16:17,643 [main] INFO  ipc.Server (Server.java:<init>(1287)) - Listener at 0.0.0.0:15009
2024-11-05 06:16:17,644 [Socket Reader #1 for port 15009] INFO  ipc.Server (Server.java:run(1323)) - Starting Socket Reader #1 for port 15009
2024-11-05 06:16:17,645 [Socket Reader #2 for port 15009] INFO  ipc.Server (Server.java:run(1323)) - Starting Socket Reader #2 for port 15009
2024-11-05 06:16:17,646 [Socket Reader #3 for port 15009] INFO  ipc.Server (Server.java:run(1323)) - Starting Socket Reader #3 for port 15009
2024-11-05 06:16:17,646 [Socket Reader #4 for port 15009] INFO  ipc.Server (Server.java:run(1323)) - Starting Socket Reader #4 for port 15009
2024-11-05 06:16:17,647 [Socket Reader #5 for port 15009] INFO  ipc.Server (Server.java:run(1323)) - Starting Socket Reader #5 for port 15009
2024-11-05 06:16:17,648 [Socket Reader #6 for port 15009] INFO  ipc.Server (Server.java:run(1323)) - Starting Socket Reader #6 for port 15009
2024-11-05 06:16:17,654 [Socket Reader #8 for port 15009] INFO  ipc.Server (Server.java:run(1323)) - Starting Socket Reader #8 for port 15009
2024-11-05 06:16:17,654 [Socket Reader #7 for port 15009] INFO  ipc.Server (Server.java:run(1323)) - Starting Socket Reader #7 for port 15009
2024-11-05 06:16:17,656 [Socket Reader #10 for port 15009] INFO  ipc.Server (Server.java:run(1323)) - Starting Socket Reader #10 for port 15009
2024-11-05 06:16:17,656 [Socket Reader #9 for port 15009] INFO  ipc.Server (Server.java:run(1323)) - Starting Socket Reader #9 for port 15009
2024-11-05 06:16:17,668 [main] INFO  pipeline.PipelineStateManagerImpl (PipelineStateManagerImpl.java:initialize(78)) - No pipeline exists in current db
2024-11-05 06:16:17,713 [main] INFO  reflections.Reflections (Reflections.java:scan(219)) - Reflections took 3 ms to scan 1 urls, producing 4 keys and 5 values
2024-11-05 06:16:17,715 [main] INFO  upgrade.ReconLayoutVersionManager (ReconLayoutVersionManager.java:getRegisteredFeatures(113)) - Current MLV: -1. SLV: 0. Checking features for registration...
2024-11-05 06:16:17,717 [main] INFO  recon.ReconServer (ReconServer.java:call(170)) - Initializing support of Recon Features...
2024-11-05 06:16:17,720 [main] INFO  recon.ReconServer (ReconServer.java:start(234)) - Starting Recon server
2024-11-05 06:16:17,721 [main] INFO  impl.MetricsSystemImpl (MetricsSystemImpl.java:init(158)) - Recon metrics system started (again)
2024-11-05 06:16:17,745 [main] INFO  http.HttpServer2 (HttpServer2.java:bindListener(1235)) - Jetty bound to port 15008
2024-11-05 06:16:17,745 [main] INFO  server.Server (Server.java:doStart(375)) - jetty-9.4.56.v20240826; built: 2024-08-26T17:15:05.868Z; git: ec6782ff5ead824dabdcf47fa98f90a4aedff401; jvm 17.0.12+7
2024-11-05 06:16:17,761 [main] INFO  server.session (DefaultSessionIdManager.java:doStart(334)) - DefaultSessionIdManager workerName=node0
2024-11-05 06:16:17,762 [main] INFO  server.session (DefaultSessionIdManager.java:doStart(339)) - No SessionScavenger set, using defaults
2024-11-05 06:16:17,762 [main] INFO  server.session (HouseKeeper.java:startScavenging(132)) - node0 Scavenging every 660000ms
2024-11-05 06:16:17,764 [main] INFO  handler.ContextHandler (ContextHandler.java:doStart(921)) - Started o.e.j.s.ServletContextHandler@7787cbcd{logs,/logs,file:///home/runner/work/ozone/ozone/hadoop-ozone/integration-test/target/log,AVAILABLE}
2024-11-05 06:16:17,765 [main] INFO  handler.ContextHandler (ContextHandler.java:doStart(921)) - Started o.e.j.s.ServletContextHandler@31102e84{static,/static,jar:file:/home/runner/work/ozone/ozone/hadoop-ozone/recon/target/ozone-recon-2.0.0-SNAPSHOT.jar!/webapps/static,AVAILABLE}
2024-11-05 06:16:18,705 [main] INFO  handler.ContextHandler (ContextHandler.java:doStart(921)) - Started o.e.j.w.WebAppContext@7d5fdd54{recon,/,file:///home/runner/work/ozone/ozone/hadoop-ozone/integration-test/target/test-dir/MiniOzoneClusterImpl-58399722-4c39-4f0d-a4d6-8a89216b262d/ozone-meta/webserver/jetty-0_0_0_0-15008-ozone-recon-2_0_0-SNAPSHOT_jar-_-any-6539972851611548188/webapp/,AVAILABLE}{jar:file:/home/runner/work/ozone/ozone/hadoop-ozone/recon/target/ozone-recon-2.0.0-SNAPSHOT.jar!/webapps/recon}
2024-11-05 06:16:18,706 [main] INFO  server.AbstractConnector (AbstractConnector.java:doStart(333)) - Started ServerConnector@2fd250ed{HTTP/1.1, (http/1.1)}{0.0.0.0:15008}
2024-11-05 06:16:18,706 [main] INFO  server.Server (Server.java:doStart(415)) - Started @11150ms
2024-11-05 06:16:18,707 [main] WARN  impl.MetricsSystemImpl (MetricsSystemImpl.java:register(279)) - Sink prometheus already exists!
2024-11-05 06:16:18,708 [main] INFO  http.BaseHttpServer (BaseHttpServer.java:updateConnectorAddress(354)) - HTTP server of recon listening at http://0.0.0.0:15008
2024-11-05 06:16:18,709 [main] INFO  impl.OzoneManagerServiceProviderImpl (OzoneManagerServiceProviderImpl.java:start(259)) - Starting Ozone Manager Service Provider.
2024-11-05 06:16:18,714 [main] INFO  impl.OzoneManagerServiceProviderImpl (OzoneManagerServiceProviderImpl.java:registerOMDBTasks(237)) - Registered OmDeltaRequest task 
2024-11-05 06:16:18,717 [main] INFO  impl.OzoneManagerServiceProviderImpl (OzoneManagerServiceProviderImpl.java:registerOMDBTasks(247)) - Registered OmSnapshotRequest task 
2024-11-05 06:16:18,718 [main] INFO  recovery.ReconOmMetadataManagerImpl (ReconOmMetadataManagerImpl.java:start(76)) - Starting ReconOMMetadataManagerImpl
2024-11-05 06:16:18,719 [main] INFO  tasks.ReconTaskControllerImpl (ReconTaskControllerImpl.java:start(222)) - Starting Recon Task Controller.
2024-11-05 06:16:18,720 [main] INFO  scm.ReconStorageContainerManagerFacade (ReconStorageContainerManagerFacade.java:start(395)) - Recon ScmDatanodeProtocol RPC server is listening at /0.0.0.0:15009
2024-11-05 06:16:18,915 [main] INFO  scm.ReconStorageContainerManagerFacade (ReconStorageContainerManagerFacade.java:initializePipelinesFromScm(495)) - Obtained 0 pipelines from SCM.
2024-11-05 06:16:18,916 [main] INFO  scm.ReconPipelineManager (ReconPipelineManager.java:initializePipelines(105)) - Recon has 0 pipelines in house.
2024-11-05 06:16:18,917 [main] INFO  scm.ReconStorageContainerManagerFacade (ReconStorageContainerManagerFacade.java:start(408)) - SCM DB initialized
2024-11-05 06:16:18,918 [main] INFO  server.SCMDatanodeProtocolServer (SCMDatanodeProtocolServer.java:start(199)) - ScmDatanodeProtocol RPC server for DataNodes is listening at /0.0.0.0:15009
2024-11-05 06:16:18,919 [IPC Server Responder] INFO  ipc.Server (Server.java:run(1562)) - IPC Server Responder: starting
2024-11-05 06:16:18,919 [IPC Server listener on 15009] INFO  ipc.Server (Server.java:run(1402)) - IPC Server listener on 15009: starting
2024-11-05 06:16:29,984 [main] INFO  scm.ReconScmTask (ReconScmTask.java:register(46)) - Registered ContainerHealthTask task 
2024-11-05 06:16:29,984 [main] INFO  scm.ReconScmTask (ReconScmTask.java:start(56)) - Starting ContainerHealthTask Thread.
2024-11-05 06:16:29,987 [main] INFO  scm.ReconScmTask (ReconScmTask.java:register(46)) - Registered PipelineSyncTask task 
2024-11-05 06:16:29,988 [main] INFO  scm.ReconScmTask (ReconScmTask.java:start(56)) - Starting PipelineSyncTask Thread.
2024-11-05 06:16:29,991 [main] INFO  scm.ReconScmTask (ReconScmTask.java:register(46)) - Registered ContainerSizeCountTask task 
2024-11-05 06:16:29,991 [main] INFO  scm.ReconScmTask (ReconScmTask.java:start(56)) - Starting ContainerSizeCountTask Thread.
2024-11-05 06:16:29,997 [main] INFO  recon.ReconServer (ReconServer.java:call(177)) - Recon server initialized successfully!
2024-11-05 06:16:29,998 [JvmPauseMonitor2] INFO  util.JvmPauseMonitor (JvmPauseMonitor.java:run(146)) - JvmPauseMonitor-Recon: Started
2024-11-05 06:16:30,000 [ContainerHealthTask] INFO  fsck.ContainerHealthTask (ContainerHealthTask.java:checkAndProcessContainers(182)) - Container Health task thread took 0 iterations to fetch all containers using batched approach with batch size of 1000
2024-11-05 06:16:30,002 [PipelineSyncTask] INFO  scm.ReconPipelineManager (ReconPipelineManager.java:initializePipelines(105)) - Recon has 0 pipelines in house.
2024-11-05 06:16:30,069 [main] WARN  dropwizard3.Dm3MetricRegistriesImpl (Dm3MetricRegistriesImpl.java:addReporterRegistration(114)) - New reporters are added after registries were created. Some metrics will be missing from the reporter. Please add reporter before adding any new registry.
2024-11-05 06:16:30,069 [main] WARN  dropwizard3.Dm3MetricRegistriesImpl (Dm3MetricRegistriesImpl.java:addReporterRegistration(114)) - New reporters are added after registries were created. Some metrics will be missing from the reporter. Please add reporter before adding any new registry.
2024-11-05 06:16:30,069 [main] INFO  impl.MetricsSystemImpl (MetricsSystemImpl.java:init(158)) - HddsDatanode metrics system started (again)
2024-11-05 06:16:30,090 [main] INFO  ozone.HddsDatanodeService (HddsDatanodeService.java:start(234)) - HddsDatanodeService host:fv-az1791-537 ip:10.1.0.6
2024-11-05 06:16:30,096 [main] INFO  upgrade.AbstractLayoutVersionManager (AbstractLayoutVersionManager.java:init(83)) - Initializing Layout version manager with metadata layout = HBASE_SUPPORT (version = 8), software layout = HBASE_SUPPORT (version = 8)
2024-11-05 06:16:30,098 [main] INFO  statemachine.DatanodeStateMachine (DatanodeStateMachine.java:getEndPointTaskThreadPoolSize(294)) - Datanode State Machine Task Thread Pool size 2
2024-11-05 06:16:30,160 [main] INFO  volume.HddsVolume (HddsVolume.java:<init>(127)) - Creating HddsVolume: /home/runner/work/ozone/ozone/hadoop-ozone/integration-test/target/test-dir/MiniOzoneClusterImpl-58399722-4c39-4f0d-a4d6-8a89216b262d/ozone-meta/datanode-1/data-0/hdds of storage type : DISK capacity : 9222449699674390527
2024-11-05 06:16:30,162 [main] INFO  volume.MutableVolumeSet (MutableVolumeSet.java:initializeVolumeSet(173)) - Added Volume : /home/runner/work/ozone/ozone/hadoop-ozone/integration-test/target/test-dir/MiniOzoneClusterImpl-58399722-4c39-4f0d-a4d6-8a89216b262d/ozone-meta/datanode-1/data-0/hdds to VolumeSet
2024-11-05 06:16:30,165 [main] INFO  volume.MutableVolumeSet (MutableVolumeSet.java:initializeVolumeSet(173)) - Added Volume : /home/runner/work/ozone/ozone/hadoop-ozone/integration-test/target/test-dir/MiniOzoneClusterImpl-58399722-4c39-4f0d-a4d6-8a89216b262d/ozone-meta/datanode-1/ratis to VolumeSet
2024-11-05 06:16:30,168 [main] INFO  ozoneimpl.OzoneContainer (HddsVolumeUtil.java:loadAllHddsVolumeDbStore(103)) - Load 1 volumes DbStore cost: 0ms
2024-11-05 06:16:30,190 [main] INFO  impl.FilePerChunkStrategy (FilePerChunkStrategy.java:<init>(84)) - ozone.chunk.read.mapped.buffer.max.count is load with 0
2024-11-05 06:16:30,192 [main] INFO  impl.FilePerBlockStrategy (FilePerBlockStrategy.java:<init>(91)) - ozone.chunk.read.mapped.buffer.max.count is load with 0
2024-11-05 06:16:30,222 [main] INFO  audit.AuditLogger (AuditLogger.java:refreshDebugCmdSet(135)) - Refresh DebugCmdSet for DNAudit to [].
2024-11-05 06:16:30,240 [main] INFO  server.RaftServerConfigKeys (ConfUtils.java:logGet(46)) - raft.server.log.appender.buffer.byte-limit = 33554432 (custom)
2024-11-05 06:16:30,250 [main] INFO  server.RaftServer (ConfUtils.java:logGet(46)) - raft.rpc.type = GRPC (default)
2024-11-05 06:16:30,250 [main] INFO  grpc.GrpcConfigKeys (ConfUtils.java:logFallback(53)) - raft.grpc.admin.host = null (fallback to raft.grpc.server.host)
2024-11-05 06:16:30,250 [main] INFO  grpc.GrpcConfigKeys (ConfUtils.java:logGet(46)) - raft.grpc.admin.port = 15014 (custom)
2024-11-05 06:16:30,250 [main] INFO  grpc.GrpcConfigKeys (ConfUtils.java:logFallback(53)) - raft.grpc.client.host = null (fallback to raft.grpc.server.host)
2024-11-05 06:16:30,251 [main] INFO  grpc.GrpcConfigKeys (ConfUtils.java:logGet(46)) - raft.grpc.client.port = 15014 (custom)
2024-11-05 06:16:30,251 [main] INFO  grpc.GrpcConfigKeys (ConfUtils.java:logGet(46)) - raft.grpc.server.host = null (default)
2024-11-05 06:16:30,251 [main] INFO  grpc.GrpcConfigKeys (ConfUtils.java:logGet(46)) - raft.grpc.server.port = 15014 (custom)
2024-11-05 06:16:30,251 [main] INFO  server.GrpcService (ConfUtils.java:logGet(46)) - raft.grpc.message.size.max = 34603008 (custom)
2024-11-05 06:16:30,251 [main] INFO  server.GrpcService (ConfUtils.java:logGet(46)) - raft.grpc.flow.control.window = 5MB (=5242880) (custom)
2024-11-05 06:16:30,251 [main] INFO  server.RaftServerConfigKeys (ConfUtils.java:logGet(46)) - raft.server.rpc.request.timeout = 60s (custom)
2024-11-05 06:16:30,252 [main] INFO  grpc.GrpcConfigKeys (ConfUtils.java:logGet(46)) - raft.grpc.server.heartbeat.channel = true (default)
2024-11-05 06:16:30,252 [main] INFO  server.RaftServerConfigKeys (ConfUtils.java:logGet(46)) - raft.server.log.appender.buffer.byte-limit = 33554432 (custom)
2024-11-05 06:16:30,252 [main] INFO  grpc.GrpcConfigKeys (ConfUtils.java:logGet(46)) - raft.grpc.server.async.request.thread.pool.cached = true (default)
2024-11-05 06:16:30,252 [main] INFO  grpc.GrpcConfigKeys (ConfUtils.java:logGet(46)) - raft.grpc.server.async.request.thread.pool.size = 32 (default)
2024-11-05 06:16:30,253 [main] INFO  impl.DataStreamServerImpl (ConfUtils.java:logGet(46)) - raft.datastream.type = NETTY (custom)
2024-11-05 06:16:30,263 [main] INFO  server.RaftServerConfigKeys (ConfUtils.java:logGet(46)) - raft.server.data-stream.async.request.thread.pool.cached = false (default)
2024-11-05 06:16:30,264 [main] INFO  server.RaftServerConfigKeys (ConfUtils.java:logGet(46)) - raft.server.data-stream.async.request.thread.pool.size = 20 (custom)
2024-11-05 06:16:30,264 [main] INFO  server.RaftServerConfigKeys (ConfUtils.java:logGet(46)) - raft.server.data-stream.async.write.thread.pool.size = 16 (default)
2024-11-05 06:16:30,265 [main] INFO  netty.NettyConfigKeys$DataStream (ConfUtils.java:logGet(46)) - raft.netty.dataStream.server.channel.inactive.grace-period = 10min (default)
2024-11-05 06:16:30,266 [main] INFO  server.RaftServerConfigKeys (ConfUtils.java:logGet(46)) - raft.server.data-stream.client.pool.size = 10 (default)
2024-11-05 06:16:30,267 [main] INFO  netty.NettyConfigKeys$DataStream (ConfUtils.java:logGet(46)) - raft.netty.dataStream.server.use-epoll = true (default)
2024-11-05 06:16:30,268 [main] INFO  netty.NettyConfigKeys$DataStream (ConfUtils.java:logGet(46)) - raft.netty.dataStream.server.boss-group.size = 0 (default)
2024-11-05 06:16:30,269 [main] INFO  netty.NettyUtils (NettyUtils.java:newEventLoopGroup(74)) - Create EpollEventLoopGroup for 731aafee-c06b-4662-9d20-472061f2d46e-NettyServerStreamRpc-bossGroup; Thread size is 0.
2024-11-05 06:16:30,269 [main] INFO  netty.NettyConfigKeys$DataStream (ConfUtils.java:logGet(46)) - raft.netty.dataStream.server.worker-group.size = 0 (default)
2024-11-05 06:16:30,270 [main] INFO  netty.NettyUtils (NettyUtils.java:newEventLoopGroup(74)) - Create EpollEventLoopGroup for 731aafee-c06b-4662-9d20-472061f2d46e-NettyServerStreamRpc-workerGroup; Thread size is 0.
2024-11-05 06:16:30,270 [main] INFO  netty.NettyConfigKeys$DataStream (ConfUtils.java:logGet(46)) - raft.netty.dataStream.server.tls.conf = null (default)
2024-11-05 06:16:30,271 [main] INFO  netty.NettyConfigKeys$DataStream (ConfUtils.java:logGet(46)) - raft.netty.dataStream.host = null (default)
2024-11-05 06:16:30,272 [main] INFO  netty.NettyConfigKeys$DataStream (ConfUtils.java:logGet(46)) - raft.netty.dataStream.port = 15017 (custom)
2024-11-05 06:16:30,275 [main] INFO  server.RaftServerConfigKeys (ConfUtils.java:logGet(46)) - raft.server.sleep.deviation.threshold = 300ms (default)
2024-11-05 06:16:30,275 [main] INFO  server.RaftServerConfigKeys (ConfUtils.java:logGet(46)) - raft.server.close.threshold = 60s (default)
2024-11-05 06:16:30,279 [main] INFO  server.RaftServerConfigKeys (ConfUtils.java:logGet(46)) - raft.server.leaderelection.leader.step-down.wait-time = 10s (default)
2024-11-05 06:16:30,279 [main] INFO  server.RaftServerConfigKeys (ConfUtils.java:logGet(46)) - raft.server.storage.dir = [/home/runner/work/ozone/ozone/hadoop-ozone/integration-test/target/test-dir/MiniOzoneClusterImpl-58399722-4c39-4f0d-a4d6-8a89216b262d/ozone-meta/datanode-1/ratis] (custom)
2024-11-05 06:16:30,280 [main] INFO  server.RaftServerConfigKeys (ConfUtils.java:logGet(46)) - raft.server.threadpool.proxy.cached = true (default)
2024-11-05 06:16:30,280 [main] INFO  server.RaftServerConfigKeys (ConfUtils.java:logGet(46)) - raft.server.threadpool.proxy.size = 0 (default)
2024-11-05 06:16:30,284 [731aafee-c06b-4662-9d20-472061f2d46e-impl-thread1] INFO  server.RaftServer (RaftServerProxy.java:initGroupDir(265)) - 731aafee-c06b-4662-9d20-472061f2d46e: found a subdirectory /home/runner/work/ozone/ozone/hadoop-ozone/integration-test/target/test-dir/MiniOzoneClusterImpl-58399722-4c39-4f0d-a4d6-8a89216b262d/ozone-meta/datanode-1/ratis/tmp
2024-11-05 06:16:30,286 [731aafee-c06b-4662-9d20-472061f2d46e-impl-thread1] INFO  server.RaftServer (RaftServerProxy.java:initGroupDir(270)) - 731aafee-c06b-4662-9d20-472061f2d46e: The directory /home/runner/work/ozone/ozone/hadoop-ozone/integration-test/target/test-dir/MiniOzoneClusterImpl-58399722-4c39-4f0d-a4d6-8a89216b262d/ozone-meta/datanode-1/ratis/tmp is not a group directory; ignoring it. 
2024-11-05 06:16:30,284 [731aafee-c06b-4662-9d20-472061f2d46e-NettyServerStreamRpc-bossGroup--thread1] INFO  logging.LoggingHandler (AbstractInternalLogger.java:log(148)) - [id: 0xf4a4fc21] REGISTERED
2024-11-05 06:16:30,287 [731aafee-c06b-4662-9d20-472061f2d46e-NettyServerStreamRpc-bossGroup--thread1] INFO  logging.LoggingHandler (AbstractInternalLogger.java:log(148)) - [id: 0xf4a4fc21] BIND: 0.0.0.0/0.0.0.0:15017
2024-11-05 06:16:30,288 [731aafee-c06b-4662-9d20-472061f2d46e-NettyServerStreamRpc-bossGroup--thread1] INFO  logging.LoggingHandler (AbstractInternalLogger.java:log(148)) - [id: 0xf4a4fc21, L:/0.0.0.0:15017] ACTIVE
2024-11-05 06:16:30,288 [main] INFO  replication.ReplicationServer (ReplicationServer.java:<init>(86)) - Initializing replication server with thread count = 10 queue length = 4096
2024-11-05 06:16:30,308 [main] INFO  server.XceiverServerGrpc (XceiverServerGrpc.java:<init>(136)) - GrpcServer channel type EpollServerSocketChannel
2024-11-05 06:16:30,340 [main] INFO  replication.ReplicationSupervisor (ReplicationSupervisor.java:build(171)) - Initializing replication supervisor with thread count = 10
2024-11-05 06:16:30,342 [main] INFO  replication.ReplicationSupervisor (ReplicationSupervisor.java:nodeStateUpdated(348)) - Node state updated to IN_SERVICE, scaling executor pool size to 10
2024-11-05 06:16:30,375 [main] INFO  lib.Interns (Interns.java:removeEldestEntry(50)) - Metrics intern cache overflow at 2011 for MetricsSystem={MetricsSystem=MetricsInfoImpl{name=MetricsSystem, description=MetricsSystem}, MetricsSystem record=MetricsInfoImpl{name=MetricsSystem, description=MetricsSystem record}}
2024-11-05 06:16:30,398 [main] INFO  http.BaseHttpServer (BaseHttpServer.java:newHttpServer2BuilderForOzone(223)) - Starting Web-server for hddsDatanode at: http://0.0.0.0:15011
2024-11-05 06:16:30,399 [main] INFO  http.BaseHttpServer (BaseHttpServer.java:<init>(110)) - Hadoop Security Enabled: false Ozone Security Enabled: false Ozone HTTP Security Enabled: false 
2024-11-05 06:16:30,401 [main] WARN  server.AuthenticationFilter (AuthenticationFilter.java:constructSecretProvider(240)) - Unable to initialize FileSignerSecretProvider, falling back to use random secrets. Reason: Could not read signature secret file: /home/runner/hadoop-http-auth-signature-secret
2024-11-05 06:16:30,404 [main] INFO  http.HttpRequestLog (HttpRequestLog.java:getRequestLog(86)) - Http request log for http.requests.hddsDatanode is not defined
2024-11-05 06:16:30,406 [main] INFO  http.HttpServer2 (HttpServer2.java:addGlobalFilter(1035)) - Added global filter 'safety' (class=org.apache.hadoop.hdds.server.http.HttpServer2$QuotingInputFilter)
2024-11-05 06:16:30,407 [main] INFO  http.HttpServer2 (HttpServer2.java:addFilter(1011)) - Added filter static_user_filter (class=org.apache.hadoop.http.lib.StaticUserWebFilter$StaticUserFilter) to context hddsDatanode
2024-11-05 06:16:30,407 [main] INFO  http.HttpServer2 (HttpServer2.java:addFilter(1019)) - Added filter static_user_filter (class=org.apache.hadoop.http.lib.StaticUserWebFilter$StaticUserFilter) to context logs
2024-11-05 06:16:30,408 [main] INFO  http.HttpServer2 (HttpServer2.java:addFilter(1019)) - Added filter static_user_filter (class=org.apache.hadoop.http.lib.StaticUserWebFilter$StaticUserFilter) to context static
2024-11-05 06:16:30,409 [main] INFO  http.BaseHttpServer (BaseHttpServer.java:<init>(189)) - HTTP server of hddsDatanode uses base directory /home/runner/work/ozone/ozone/hadoop-ozone/integration-test/target/test-dir/MiniOzoneClusterImpl-58399722-4c39-4f0d-a4d6-8a89216b262d/ozone-meta/datanode-1/meta/webserver
2024-11-05 06:16:30,409 [main] INFO  http.HttpServer2 (HttpServer2.java:bindListener(1235)) - Jetty bound to port 15011
2024-11-05 06:16:30,409 [main] INFO  server.Server (Server.java:doStart(375)) - jetty-9.4.56.v20240826; built: 2024-08-26T17:15:05.868Z; git: ec6782ff5ead824dabdcf47fa98f90a4aedff401; jvm 17.0.12+7
2024-11-05 06:16:30,420 [main] INFO  server.session (DefaultSessionIdManager.java:doStart(334)) - DefaultSessionIdManager workerName=node0
2024-11-05 06:16:30,420 [main] INFO  server.session (DefaultSessionIdManager.java:doStart(339)) - No SessionScavenger set, using defaults
2024-11-05 06:16:30,420 [main] INFO  server.session (HouseKeeper.java:startScavenging(132)) - node0 Scavenging every 660000ms
2024-11-05 06:16:30,421 [main] INFO  handler.ContextHandler (ContextHandler.java:doStart(921)) - Started o.e.j.s.ServletContextHandler@484b250b{logs,/logs,file:///home/runner/work/ozone/ozone/hadoop-ozone/integration-test/target/log,AVAILABLE}
2024-11-05 06:16:30,422 [main] INFO  handler.ContextHandler (ContextHandler.java:doStart(921)) - Started o.e.j.s.ServletContextHandler@1f94500f{static,/static,jar:file:/home/runner/work/ozone/ozone/hadoop-hdds/container-service/target/hdds-container-service-2.0.0-SNAPSHOT.jar!/webapps/static,AVAILABLE}
2024-11-05 06:16:30,667 [main] INFO  handler.ContextHandler (ContextHandler.java:doStart(921)) - Started o.e.j.w.WebAppContext@74be2d81{hddsDatanode,/,file:///home/runner/work/ozone/ozone/hadoop-ozone/integration-test/target/test-dir/MiniOzoneClusterImpl-58399722-4c39-4f0d-a4d6-8a89216b262d/ozone-meta/datanode-1/meta/webserver/jetty-0_0_0_0-15011-hdds-container-service-2_0_0-SNAPSHOT_jar-_-any-3637943990511133989/webapp/,AVAILABLE}{jar:file:/home/runner/work/ozone/ozone/hadoop-hdds/container-service/target/hdds-container-service-2.0.0-SNAPSHOT.jar!/webapps/hddsDatanode}
2024-11-05 06:16:30,668 [main] INFO  server.AbstractConnector (AbstractConnector.java:doStart(333)) - Started ServerConnector@2d18085f{HTTP/1.1, (http/1.1)}{0.0.0.0:15011}
2024-11-05 06:16:30,669 [main] INFO  server.Server (Server.java:doStart(415)) - Started @23112ms
2024-11-05 06:16:30,669 [main] WARN  impl.MetricsSystemImpl (MetricsSystemImpl.java:register(279)) - Sink prometheus already exists!
2024-11-05 06:16:30,669 [main] INFO  http.BaseHttpServer (BaseHttpServer.java:updateConnectorAddress(354)) - HTTP server of hddsDatanode listening at http://0.0.0.0:15011
2024-11-05 06:16:30,673 [main] INFO  ipc.CallQueueManager (CallQueueManager.java:<init>(90)) - Using callQueue: class java.util.concurrent.LinkedBlockingQueue, queueCapacity: 1000, scheduler: class org.apache.hadoop.ipc.DefaultRpcScheduler, ipcBackoff: false.
2024-11-05 06:16:30,673 [main] INFO  ipc.Server (Server.java:<init>(1287)) - Listener at 0.0.0.0:15012
2024-11-05 06:16:30,673 [Socket Reader #1 for port 15012] INFO  ipc.Server (Server.java:run(1323)) - Starting Socket Reader #1 for port 15012
2024-11-05 06:16:30,674 [Socket Reader #2 for port 15012] INFO  ipc.Server (Server.java:run(1323)) - Starting Socket Reader #2 for port 15012
2024-11-05 06:16:30,674 [Socket Reader #3 for port 15012] INFO  ipc.Server (Server.java:run(1323)) - Starting Socket Reader #3 for port 15012
2024-11-05 06:16:30,675 [Socket Reader #4 for port 15012] INFO  ipc.Server (Server.java:run(1323)) - Starting Socket Reader #4 for port 15012
2024-11-05 06:16:30,675 [Socket Reader #5 for port 15012] INFO  ipc.Server (Server.java:run(1323)) - Starting Socket Reader #5 for port 15012
2024-11-05 06:16:30,676 [Socket Reader #6 for port 15012] INFO  ipc.Server (Server.java:run(1323)) - Starting Socket Reader #6 for port 15012
2024-11-05 06:16:30,676 [Socket Reader #8 for port 15012] INFO  ipc.Server (Server.java:run(1323)) - Starting Socket Reader #8 for port 15012
2024-11-05 06:16:30,679 [Socket Reader #9 for port 15012] INFO  ipc.Server (Server.java:run(1323)) - Starting Socket Reader #9 for port 15012
2024-11-05 06:16:30,679 [Socket Reader #10 for port 15012] INFO  ipc.Server (Server.java:run(1323)) - Starting Socket Reader #10 for port 15012
2024-11-05 06:16:30,680 [Socket Reader #7 for port 15012] INFO  ipc.Server (Server.java:run(1323)) - Starting Socket Reader #7 for port 15012
2024-11-05 06:16:30,684 [main] INFO  ozone.HddsDatanodeService (HddsDatanodeService.java:start(318)) - Datanode start with admins: [runner]
2024-11-05 06:16:30,684 [main] INFO  ozone.HddsDatanodeClientProtocolServer (HddsDatanodeClientProtocolServer.java:start(79)) - RPC server for Client /0.0.0.0:15012
2024-11-05 06:16:30,684 [IPC Server Responder] INFO  ipc.Server (Server.java:run(1562)) - IPC Server Responder: starting
2024-11-05 06:16:30,685 [IPC Server listener on 15012] INFO  ipc.Server (Server.java:run(1402)) - IPC Server listener on 15012: starting
2024-11-05 06:16:30,688 [main] WARN  dropwizard3.Dm3MetricRegistriesImpl (Dm3MetricRegistriesImpl.java:addReporterRegistration(114)) - New reporters are added after registries were created. Some metrics will be missing from the reporter. Please add reporter before adding any new registry.
2024-11-05 06:16:30,688 [main] WARN  dropwizard3.Dm3MetricRegistriesImpl (Dm3MetricRegistriesImpl.java:addReporterRegistration(114)) - New reporters are added after registries were created. Some metrics will be missing from the reporter. Please add reporter before adding any new registry.
2024-11-05 06:16:30,688 [main] INFO  impl.MetricsSystemImpl (MetricsSystemImpl.java:init(158)) - HddsDatanode metrics system started (again)
2024-11-05 06:16:30,694 [731aafee-c06b-4662-9d20-472061f2d46e-DatanodeStateMachineDaemonThread] INFO  statemachine.DatanodeStateMachine (DatanodeStateMachine.java:startStateMachineThread(337)) - Ozone container server started.
2024-11-05 06:16:30,701 [main] INFO  ozone.HddsDatanodeService (HddsDatanodeService.java:start(234)) - HddsDatanodeService host:fv-az1791-537 ip:10.1.0.6
2024-11-05 06:16:30,704 [main] INFO  upgrade.AbstractLayoutVersionManager (AbstractLayoutVersionManager.java:init(83)) - Initializing Layout version manager with metadata layout = HBASE_SUPPORT (version = 8), software layout = HBASE_SUPPORT (version = 8)
2024-11-05 06:16:30,705 [main] INFO  statemachine.DatanodeStateMachine (DatanodeStateMachine.java:getEndPointTaskThreadPoolSize(294)) - Datanode State Machine Task Thread Pool size 2
2024-11-05 06:16:30,709 [main] INFO  volume.HddsVolume (HddsVolume.java:<init>(127)) - Creating HddsVolume: /home/runner/work/ozone/ozone/hadoop-ozone/integration-test/target/test-dir/MiniOzoneClusterImpl-58399722-4c39-4f0d-a4d6-8a89216b262d/ozone-meta/datanode-2/data-0/hdds of storage type : DISK capacity : 9222449699674390527
2024-11-05 06:16:30,709 [main] INFO  volume.MutableVolumeSet (MutableVolumeSet.java:initializeVolumeSet(173)) - Added Volume : /home/runner/work/ozone/ozone/hadoop-ozone/integration-test/target/test-dir/MiniOzoneClusterImpl-58399722-4c39-4f0d-a4d6-8a89216b262d/ozone-meta/datanode-2/data-0/hdds to VolumeSet
2024-11-05 06:16:30,710 [main] INFO  volume.MutableVolumeSet (MutableVolumeSet.java:initializeVolumeSet(173)) - Added Volume : /home/runner/work/ozone/ozone/hadoop-ozone/integration-test/target/test-dir/MiniOzoneClusterImpl-58399722-4c39-4f0d-a4d6-8a89216b262d/ozone-meta/datanode-2/ratis to VolumeSet
2024-11-05 06:16:30,712 [main] INFO  ozoneimpl.OzoneContainer (HddsVolumeUtil.java:loadAllHddsVolumeDbStore(103)) - Load 1 volumes DbStore cost: 1ms
2024-11-05 06:16:30,721 [731aafee-c06b-4662-9d20-472061f2d46e-DatanodeStateMachineTaskThread-0] INFO  statemachine.SCMConnectionManager (SCMConnectionManager.java:addReconServer(186)) - Adding Recon Server : /0.0.0.0:15009
2024-11-05 06:16:30,726 [main] INFO  impl.FilePerChunkStrategy (FilePerChunkStrategy.java:<init>(84)) - ozone.chunk.read.mapped.buffer.max.count is load with 0
2024-11-05 06:16:30,726 [main] INFO  impl.FilePerBlockStrategy (FilePerBlockStrategy.java:<init>(91)) - ozone.chunk.read.mapped.buffer.max.count is load with 0
2024-11-05 06:16:30,727 [main] INFO  server.RaftServerConfigKeys (ConfUtils.java:logGet(46)) - raft.server.log.appender.buffer.byte-limit = 33554432 (custom)
2024-11-05 06:16:30,729 [main] INFO  server.RaftServer (ConfUtils.java:logGet(46)) - raft.rpc.type = GRPC (default)
2024-11-05 06:16:30,729 [main] INFO  grpc.GrpcConfigKeys (ConfUtils.java:logFallback(53)) - raft.grpc.admin.host = null (fallback to raft.grpc.server.host)
2024-11-05 06:16:30,729 [main] INFO  grpc.GrpcConfigKeys (ConfUtils.java:logGet(46)) - raft.grpc.admin.port = 15023 (custom)
2024-11-05 06:16:30,730 [main] INFO  grpc.GrpcConfigKeys (ConfUtils.java:logFallback(53)) - raft.grpc.client.host = null (fallback to raft.grpc.server.host)
2024-11-05 06:16:30,730 [main] INFO  grpc.GrpcConfigKeys (ConfUtils.java:logGet(46)) - raft.grpc.client.port = 15023 (custom)
2024-11-05 06:16:30,730 [main] INFO  grpc.GrpcConfigKeys (ConfUtils.java:logGet(46)) - raft.grpc.server.host = null (default)
2024-11-05 06:16:30,730 [main] INFO  grpc.GrpcConfigKeys (ConfUtils.java:logGet(46)) - raft.grpc.server.port = 15023 (custom)
2024-11-05 06:16:30,730 [main] INFO  server.GrpcService (ConfUtils.java:logGet(46)) - raft.grpc.message.size.max = 34603008 (custom)
2024-11-05 06:16:30,730 [main] INFO  server.GrpcService (ConfUtils.java:logGet(46)) - raft.grpc.flow.control.window = 5MB (=5242880) (custom)
2024-11-05 06:16:30,731 [main] INFO  server.RaftServerConfigKeys (ConfUtils.java:logGet(46)) - raft.server.rpc.request.timeout = 60s (custom)
2024-11-05 06:16:30,731 [main] INFO  grpc.GrpcConfigKeys (ConfUtils.java:logGet(46)) - raft.grpc.server.heartbeat.channel = true (default)
2024-11-05 06:16:30,731 [main] INFO  server.RaftServerConfigKeys (ConfUtils.java:logGet(46)) - raft.server.log.appender.buffer.byte-limit = 33554432 (custom)
2024-11-05 06:16:30,731 [main] INFO  grpc.GrpcConfigKeys (ConfUtils.java:logGet(46)) - raft.grpc.server.async.request.thread.pool.cached = true (default)
2024-11-05 06:16:30,731 [main] INFO  grpc.GrpcConfigKeys (ConfUtils.java:logGet(46)) - raft.grpc.server.async.request.thread.pool.size = 32 (default)
2024-11-05 06:16:30,732 [main] INFO  impl.DataStreamServerImpl (ConfUtils.java:logGet(46)) - raft.datastream.type = NETTY (custom)
2024-11-05 06:16:30,732 [main] INFO  server.RaftServerConfigKeys (ConfUtils.java:logGet(46)) - raft.server.data-stream.async.request.thread.pool.cached = false (default)
2024-11-05 06:16:30,733 [main] INFO  server.RaftServerConfigKeys (ConfUtils.java:logGet(46)) - raft.server.data-stream.async.request.thread.pool.size = 20 (custom)
2024-11-05 06:16:30,733 [main] INFO  server.RaftServerConfigKeys (ConfUtils.java:logGet(46)) - raft.server.data-stream.async.write.thread.pool.size = 16 (default)
2024-11-05 06:16:30,733 [main] INFO  netty.NettyConfigKeys$DataStream (ConfUtils.java:logGet(46)) - raft.netty.dataStream.server.channel.inactive.grace-period = 10min (default)
2024-11-05 06:16:30,733 [main] INFO  server.RaftServerConfigKeys (ConfUtils.java:logGet(46)) - raft.server.data-stream.client.pool.size = 10 (default)
2024-11-05 06:16:30,733 [main] INFO  netty.NettyConfigKeys$DataStream (ConfUtils.java:logGet(46)) - raft.netty.dataStream.server.use-epoll = true (default)
2024-11-05 06:16:30,733 [main] INFO  netty.NettyConfigKeys$DataStream (ConfUtils.java:logGet(46)) - raft.netty.dataStream.server.boss-group.size = 0 (default)
2024-11-05 06:16:30,733 [main] INFO  netty.NettyUtils (NettyUtils.java:newEventLoopGroup(74)) - Create EpollEventLoopGroup for 43b7afd8-9e19-4b34-aad7-81b8e915bbb6-NettyServerStreamRpc-bossGroup; Thread size is 0.
2024-11-05 06:16:30,734 [main] INFO  netty.NettyConfigKeys$DataStream (ConfUtils.java:logGet(46)) - raft.netty.dataStream.server.worker-group.size = 0 (default)
2024-11-05 06:16:30,734 [main] INFO  netty.NettyUtils (NettyUtils.java:newEventLoopGroup(74)) - Create EpollEventLoopGroup for 43b7afd8-9e19-4b34-aad7-81b8e915bbb6-NettyServerStreamRpc-workerGroup; Thread size is 0.
2024-11-05 06:16:30,735 [main] INFO  netty.NettyConfigKeys$DataStream (ConfUtils.java:logGet(46)) - raft.netty.dataStream.server.tls.conf = null (default)
2024-11-05 06:16:30,735 [main] INFO  netty.NettyConfigKeys$DataStream (ConfUtils.java:logGet(46)) - raft.netty.dataStream.host = null (default)
2024-11-05 06:16:30,735 [main] INFO  netty.NettyConfigKeys$DataStream (ConfUtils.java:logGet(46)) - raft.netty.dataStream.port = 15026 (custom)
2024-11-05 06:16:30,736 [main] INFO  server.RaftServerConfigKeys (ConfUtils.java:logGet(46)) - raft.server.sleep.deviation.threshold = 300ms (default)
2024-11-05 06:16:30,736 [main] INFO  server.RaftServerConfigKeys (ConfUtils.java:logGet(46)) - raft.server.close.threshold = 60s (default)
2024-11-05 06:16:30,736 [main] INFO  server.RaftServerConfigKeys (ConfUtils.java:logGet(46)) - raft.server.leaderelection.leader.step-down.wait-time = 10s (default)
2024-11-05 06:16:30,736 [main] INFO  server.RaftServerConfigKeys (ConfUtils.java:logGet(46)) - raft.server.storage.dir = [/home/runner/work/ozone/ozone/hadoop-ozone/integration-test/target/test-dir/MiniOzoneClusterImpl-58399722-4c39-4f0d-a4d6-8a89216b262d/ozone-meta/datanode-2/ratis] (custom)
2024-11-05 06:16:30,736 [main] INFO  server.RaftServerConfigKeys (ConfUtils.java:logGet(46)) - raft.server.threadpool.proxy.cached = true (default)
2024-11-05 06:16:30,736 [main] INFO  server.RaftServerConfigKeys (ConfUtils.java:logGet(46)) - raft.server.threadpool.proxy.size = 0 (default)
2024-11-05 06:16:30,737 [43b7afd8-9e19-4b34-aad7-81b8e915bbb6-NettyServerStreamRpc-bossGroup--thread1] INFO  logging.LoggingHandler (AbstractInternalLogger.java:log(148)) - [id: 0x361deec9] REGISTERED
2024-11-05 06:16:30,737 [43b7afd8-9e19-4b34-aad7-81b8e915bbb6-NettyServerStreamRpc-bossGroup--thread1] INFO  logging.LoggingHandler (AbstractInternalLogger.java:log(148)) - [id: 0x361deec9] BIND: 0.0.0.0/0.0.0.0:15026
2024-11-05 06:16:30,737 [43b7afd8-9e19-4b34-aad7-81b8e915bbb6-NettyServerStreamRpc-bossGroup--thread1] INFO  logging.LoggingHandler (AbstractInternalLogger.java:log(148)) - [id: 0x361deec9, L:/0.0.0.0:15026] ACTIVE
2024-11-05 06:16:30,738 [43b7afd8-9e19-4b34-aad7-81b8e915bbb6-impl-thread1] INFO  server.RaftServer (RaftServerProxy.java:initGroupDir(265)) - 43b7afd8-9e19-4b34-aad7-81b8e915bbb6: found a subdirectory /home/runner/work/ozone/ozone/hadoop-ozone/integration-test/target/test-dir/MiniOzoneClusterImpl-58399722-4c39-4f0d-a4d6-8a89216b262d/ozone-meta/datanode-2/ratis/tmp
2024-11-05 06:16:30,738 [43b7afd8-9e19-4b34-aad7-81b8e915bbb6-impl-thread1] INFO  server.RaftServer (RaftServerProxy.java:initGroupDir(270)) - 43b7afd8-9e19-4b34-aad7-81b8e915bbb6: The directory /home/runner/work/ozone/ozone/hadoop-ozone/integration-test/target/test-dir/MiniOzoneClusterImpl-58399722-4c39-4f0d-a4d6-8a89216b262d/ozone-meta/datanode-2/ratis/tmp is not a group directory; ignoring it. 
2024-11-05 06:16:30,738 [main] INFO  replication.ReplicationServer (ReplicationServer.java:<init>(86)) - Initializing replication server with thread count = 10 queue length = 4096
2024-11-05 06:16:30,740 [main] INFO  server.XceiverServerGrpc (XceiverServerGrpc.java:<init>(136)) - GrpcServer channel type EpollServerSocketChannel
2024-11-05 06:16:30,742 [main] INFO  replication.ReplicationSupervisor (ReplicationSupervisor.java:build(171)) - Initializing replication supervisor with thread count = 10
2024-11-05 06:16:30,742 [main] INFO  replication.ReplicationSupervisor (ReplicationSupervisor.java:nodeStateUpdated(348)) - Node state updated to IN_SERVICE, scaling executor pool size to 10
2024-11-05 06:16:30,746 [main] INFO  http.BaseHttpServer (BaseHttpServer.java:newHttpServer2BuilderForOzone(223)) - Starting Web-server for hddsDatanode at: http://0.0.0.0:15020
2024-11-05 06:16:30,746 [main] INFO  http.BaseHttpServer (BaseHttpServer.java:<init>(110)) - Hadoop Security Enabled: false Ozone Security Enabled: false Ozone HTTP Security Enabled: false 
2024-11-05 06:16:30,748 [main] WARN  server.AuthenticationFilter (AuthenticationFilter.java:constructSecretProvider(240)) - Unable to initialize FileSignerSecretProvider, falling back to use random secrets. Reason: Could not read signature secret file: /home/runner/hadoop-http-auth-signature-secret
2024-11-05 06:16:30,749 [main] INFO  http.HttpRequestLog (HttpRequestLog.java:getRequestLog(86)) - Http request log for http.requests.hddsDatanode is not defined
2024-11-05 06:16:30,751 [main] INFO  http.HttpServer2 (HttpServer2.java:addGlobalFilter(1035)) - Added global filter 'safety' (class=org.apache.hadoop.hdds.server.http.HttpServer2$QuotingInputFilter)
2024-11-05 06:16:30,752 [main] INFO  http.HttpServer2 (HttpServer2.java:addFilter(1011)) - Added filter static_user_filter (class=org.apache.hadoop.http.lib.StaticUserWebFilter$StaticUserFilter) to context hddsDatanode
2024-11-05 06:16:30,752 [main] INFO  http.HttpServer2 (HttpServer2.java:addFilter(1019)) - Added filter static_user_filter (class=org.apache.hadoop.http.lib.StaticUserWebFilter$StaticUserFilter) to context static
2024-11-05 06:16:30,752 [main] INFO  http.HttpServer2 (HttpServer2.java:addFilter(1019)) - Added filter static_user_filter (class=org.apache.hadoop.http.lib.StaticUserWebFilter$StaticUserFilter) to context logs
2024-11-05 06:16:30,753 [main] INFO  http.BaseHttpServer (BaseHttpServer.java:<init>(189)) - HTTP server of hddsDatanode uses base directory /home/runner/work/ozone/ozone/hadoop-ozone/integration-test/target/test-dir/MiniOzoneClusterImpl-58399722-4c39-4f0d-a4d6-8a89216b262d/ozone-meta/datanode-2/meta/webserver
2024-11-05 06:16:30,753 [main] INFO  http.HttpServer2 (HttpServer2.java:bindListener(1235)) - Jetty bound to port 15020
2024-11-05 06:16:30,754 [main] INFO  server.Server (Server.java:doStart(375)) - jetty-9.4.56.v20240826; built: 2024-08-26T17:15:05.868Z; git: ec6782ff5ead824dabdcf47fa98f90a4aedff401; jvm 17.0.12+7
2024-11-05 06:16:30,782 [731aafee-c06b-4662-9d20-472061f2d46e-DatanodeStateMachineTaskThread-0] INFO  datanode.InitDatanodeState (InitDatanodeState.java:persistContainerDatanodeDetails(139)) - DatanodeDetails is persisted to /home/runner/work/ozone/ozone/hadoop-ozone/integration-test/target/test-dir/MiniOzoneClusterImpl-58399722-4c39-4f0d-a4d6-8a89216b262d/ozone-meta/datanode-1/meta/datanode.id
2024-11-05 06:16:30,786 [main] INFO  server.session (DefaultSessionIdManager.java:doStart(334)) - DefaultSessionIdManager workerName=node0
2024-11-05 06:16:30,786 [main] INFO  server.session (DefaultSessionIdManager.java:doStart(339)) - No SessionScavenger set, using defaults
2024-11-05 06:16:30,786 [main] INFO  server.session (HouseKeeper.java:startScavenging(132)) - node0 Scavenging every 660000ms
2024-11-05 06:16:30,795 [main] INFO  handler.ContextHandler (ContextHandler.java:doStart(921)) - Started o.e.j.s.ServletContextHandler@42c309e9{logs,/logs,file:///home/runner/work/ozone/ozone/hadoop-ozone/integration-test/target/log,AVAILABLE}
2024-11-05 06:16:30,796 [main] INFO  handler.ContextHandler (ContextHandler.java:doStart(921)) - Started o.e.j.s.ServletContextHandler@5e5ebb7c{static,/static,jar:file:/home/runner/work/ozone/ozone/hadoop-hdds/container-service/target/hdds-container-service-2.0.0-SNAPSHOT.jar!/webapps/static,AVAILABLE}
2024-11-05 06:16:31,006 [main] INFO  handler.ContextHandler (ContextHandler.java:doStart(921)) - Started o.e.j.w.WebAppContext@3dbb0cb4{hddsDatanode,/,file:///home/runner/work/ozone/ozone/hadoop-ozone/integration-test/target/test-dir/MiniOzoneClusterImpl-58399722-4c39-4f0d-a4d6-8a89216b262d/ozone-meta/datanode-2/meta/webserver/jetty-0_0_0_0-15020-hdds-container-service-2_0_0-SNAPSHOT_jar-_-any-2416844863176044979/webapp/,AVAILABLE}{jar:file:/home/runner/work/ozone/ozone/hadoop-hdds/container-service/target/hdds-container-service-2.0.0-SNAPSHOT.jar!/webapps/hddsDatanode}
2024-11-05 06:16:31,007 [main] INFO  server.AbstractConnector (AbstractConnector.java:doStart(333)) - Started ServerConnector@4f3a6be0{HTTP/1.1, (http/1.1)}{0.0.0.0:15020}
2024-11-05 06:16:31,007 [main] INFO  server.Server (Server.java:doStart(415)) - Started @23451ms
2024-11-05 06:16:31,007 [main] WARN  impl.MetricsSystemImpl (MetricsSystemImpl.java:register(279)) - Sink prometheus already exists!
2024-11-05 06:16:31,008 [main] INFO  http.BaseHttpServer (BaseHttpServer.java:updateConnectorAddress(354)) - HTTP server of hddsDatanode listening at http://0.0.0.0:15020
2024-11-05 06:16:31,009 [main] INFO  ipc.CallQueueManager (CallQueueManager.java:<init>(90)) - Using callQueue: class java.util.concurrent.LinkedBlockingQueue, queueCapacity: 1000, scheduler: class org.apache.hadoop.ipc.DefaultRpcScheduler, ipcBackoff: false.
2024-11-05 06:16:31,009 [main] INFO  ipc.Server (Server.java:<init>(1287)) - Listener at 0.0.0.0:15021
2024-11-05 06:16:31,009 [Socket Reader #1 for port 15021] INFO  ipc.Server (Server.java:run(1323)) - Starting Socket Reader #1 for port 15021
2024-11-05 06:16:31,010 [Socket Reader #2 for port 15021] INFO  ipc.Server (Server.java:run(1323)) - Starting Socket Reader #2 for port 15021
2024-11-05 06:16:31,010 [Socket Reader #3 for port 15021] INFO  ipc.Server (Server.java:run(1323)) - Starting Socket Reader #3 for port 15021
2024-11-05 06:16:31,010 [Socket Reader #4 for port 15021] INFO  ipc.Server (Server.java:run(1323)) - Starting Socket Reader #4 for port 15021
2024-11-05 06:16:31,013 [Socket Reader #7 for port 15021] INFO  ipc.Server (Server.java:run(1323)) - Starting Socket Reader #7 for port 15021
2024-11-05 06:16:31,013 [Socket Reader #6 for port 15021] INFO  ipc.Server (Server.java:run(1323)) - Starting Socket Reader #6 for port 15021
2024-11-05 06:16:31,013 [Socket Reader #5 for port 15021] INFO  ipc.Server (Server.java:run(1323)) - Starting Socket Reader #5 for port 15021
2024-11-05 06:16:31,013 [Socket Reader #9 for port 15021] INFO  ipc.Server (Server.java:run(1323)) - Starting Socket Reader #9 for port 15021
2024-11-05 06:16:31,014 [Socket Reader #10 for port 15021] INFO  ipc.Server (Server.java:run(1323)) - Starting Socket Reader #10 for port 15021
2024-11-05 06:16:31,014 [Socket Reader #8 for port 15021] INFO  ipc.Server (Server.java:run(1323)) - Starting Socket Reader #8 for port 15021
2024-11-05 06:16:31,016 [main] INFO  ozone.HddsDatanodeService (HddsDatanodeService.java:start(318)) - Datanode start with admins: [runner]
2024-11-05 06:16:31,016 [main] INFO  ozone.HddsDatanodeClientProtocolServer (HddsDatanodeClientProtocolServer.java:start(79)) - RPC server for Client /0.0.0.0:15021
2024-11-05 06:16:31,016 [IPC Server Responder] INFO  ipc.Server (Server.java:run(1562)) - IPC Server Responder: starting
2024-11-05 06:16:31,016 [IPC Server listener on 15021] INFO  ipc.Server (Server.java:run(1402)) - IPC Server listener on 15021: starting
2024-11-05 06:16:31,018 [main] WARN  dropwizard3.Dm3MetricRegistriesImpl (Dm3MetricRegistriesImpl.java:addReporterRegistration(114)) - New reporters are added after registries were created. Some metrics will be missing from the reporter. Please add reporter before adding any new registry.
2024-11-05 06:16:31,018 [main] WARN  dropwizard3.Dm3MetricRegistriesImpl (Dm3MetricRegistriesImpl.java:addReporterRegistration(114)) - New reporters are added after registries were created. Some metrics will be missing from the reporter. Please add reporter before adding any new registry.
2024-11-05 06:16:31,018 [main] INFO  impl.MetricsSystemImpl (MetricsSystemImpl.java:init(158)) - HddsDatanode metrics system started (again)
2024-11-05 06:16:31,019 [43b7afd8-9e19-4b34-aad7-81b8e915bbb6-DatanodeStateMachineDaemonThread] INFO  statemachine.DatanodeStateMachine (DatanodeStateMachine.java:startStateMachineThread(337)) - Ozone container server started.
2024-11-05 06:16:31,020 [43b7afd8-9e19-4b34-aad7-81b8e915bbb6-DatanodeStateMachineTaskThread-0] INFO  statemachine.SCMConnectionManager (SCMConnectionManager.java:addReconServer(186)) - Adding Recon Server : /0.0.0.0:15009
2024-11-05 06:16:31,023 [43b7afd8-9e19-4b34-aad7-81b8e915bbb6-DatanodeStateMachineTaskThread-0] INFO  datanode.InitDatanodeState (InitDatanodeState.java:persistContainerDatanodeDetails(139)) - DatanodeDetails is persisted to /home/runner/work/ozone/ozone/hadoop-ozone/integration-test/target/test-dir/MiniOzoneClusterImpl-58399722-4c39-4f0d-a4d6-8a89216b262d/ozone-meta/datanode-2/meta/datanode.id
2024-11-05 06:16:31,031 [main] INFO  ozone.HddsDatanodeService (HddsDatanodeService.java:start(234)) - HddsDatanodeService host:fv-az1791-537 ip:10.1.0.6
2024-11-05 06:16:31,033 [main] INFO  upgrade.AbstractLayoutVersionManager (AbstractLayoutVersionManager.java:init(83)) - Initializing Layout version manager with metadata layout = HBASE_SUPPORT (version = 8), software layout = HBASE_SUPPORT (version = 8)
2024-11-05 06:16:31,034 [main] INFO  statemachine.DatanodeStateMachine (DatanodeStateMachine.java:getEndPointTaskThreadPoolSize(294)) - Datanode State Machine Task Thread Pool size 2
2024-11-05 06:16:31,041 [main] INFO  volume.HddsVolume (HddsVolume.java:<init>(127)) - Creating HddsVolume: /home/runner/work/ozone/ozone/hadoop-ozone/integration-test/target/test-dir/MiniOzoneClusterImpl-58399722-4c39-4f0d-a4d6-8a89216b262d/ozone-meta/datanode-3/data-0/hdds of storage type : DISK capacity : 9222449699674390527
2024-11-05 06:16:31,041 [main] INFO  volume.MutableVolumeSet (MutableVolumeSet.java:initializeVolumeSet(173)) - Added Volume : /home/runner/work/ozone/ozone/hadoop-ozone/integration-test/target/test-dir/MiniOzoneClusterImpl-58399722-4c39-4f0d-a4d6-8a89216b262d/ozone-meta/datanode-3/data-0/hdds to VolumeSet
2024-11-05 06:16:31,046 [main] INFO  volume.MutableVolumeSet (MutableVolumeSet.java:initializeVolumeSet(173)) - Added Volume : /home/runner/work/ozone/ozone/hadoop-ozone/integration-test/target/test-dir/MiniOzoneClusterImpl-58399722-4c39-4f0d-a4d6-8a89216b262d/ozone-meta/datanode-3/ratis to VolumeSet
2024-11-05 06:16:31,047 [main] INFO  ozoneimpl.OzoneContainer (HddsVolumeUtil.java:loadAllHddsVolumeDbStore(103)) - Load 1 volumes DbStore cost: 0ms
2024-11-05 06:16:31,049 [main] INFO  impl.FilePerChunkStrategy (FilePerChunkStrategy.java:<init>(84)) - ozone.chunk.read.mapped.buffer.max.count is load with 0
2024-11-05 06:16:31,049 [main] INFO  impl.FilePerBlockStrategy (FilePerBlockStrategy.java:<init>(91)) - ozone.chunk.read.mapped.buffer.max.count is load with 0
2024-11-05 06:16:31,050 [main] INFO  server.RaftServerConfigKeys (ConfUtils.java:logGet(46)) - raft.server.log.appender.buffer.byte-limit = 33554432 (custom)
2024-11-05 06:16:31,053 [main] INFO  server.RaftServer (ConfUtils.java:logGet(46)) - raft.rpc.type = GRPC (default)
2024-11-05 06:16:31,053 [main] INFO  grpc.GrpcConfigKeys (ConfUtils.java:logFallback(53)) - raft.grpc.admin.host = null (fallback to raft.grpc.server.host)
2024-11-05 06:16:31,053 [main] INFO  grpc.GrpcConfigKeys (ConfUtils.java:logGet(46)) - raft.grpc.admin.port = 15032 (custom)
2024-11-05 06:16:31,054 [main] INFO  grpc.GrpcConfigKeys (ConfUtils.java:logFallback(53)) - raft.grpc.client.host = null (fallback to raft.grpc.server.host)
2024-11-05 06:16:31,054 [main] INFO  grpc.GrpcConfigKeys (ConfUtils.java:logGet(46)) - raft.grpc.client.port = 15032 (custom)
2024-11-05 06:16:31,054 [main] INFO  grpc.GrpcConfigKeys (ConfUtils.java:logGet(46)) - raft.grpc.server.host = null (default)
2024-11-05 06:16:31,056 [main] INFO  grpc.GrpcConfigKeys (ConfUtils.java:logGet(46)) - raft.grpc.server.port = 15032 (custom)
2024-11-05 06:16:31,056 [main] INFO  server.GrpcService (ConfUtils.java:logGet(46)) - raft.grpc.message.size.max = 34603008 (custom)
2024-11-05 06:16:31,056 [main] INFO  server.GrpcService (ConfUtils.java:logGet(46)) - raft.grpc.flow.control.window = 5MB (=5242880) (custom)
2024-11-05 06:16:31,056 [main] INFO  server.RaftServerConfigKeys (ConfUtils.java:logGet(46)) - raft.server.rpc.request.timeout = 60s (custom)
2024-11-05 06:16:31,056 [main] INFO  grpc.GrpcConfigKeys (ConfUtils.java:logGet(46)) - raft.grpc.server.heartbeat.channel = true (default)
2024-11-05 06:16:31,056 [main] INFO  server.RaftServerConfigKeys (ConfUtils.java:logGet(46)) - raft.server.log.appender.buffer.byte-limit = 33554432 (custom)
2024-11-05 06:16:31,056 [main] INFO  grpc.GrpcConfigKeys (ConfUtils.java:logGet(46)) - raft.grpc.server.async.request.thread.pool.cached = true (default)
2024-11-05 06:16:31,057 [main] INFO  grpc.GrpcConfigKeys (ConfUtils.java:logGet(46)) - raft.grpc.server.async.request.thread.pool.size = 32 (default)
2024-11-05 06:16:31,057 [main] INFO  impl.DataStreamServerImpl (ConfUtils.java:logGet(46)) - raft.datastream.type = NETTY (custom)
2024-11-05 06:16:31,058 [main] INFO  server.RaftServerConfigKeys (ConfUtils.java:logGet(46)) - raft.server.data-stream.async.request.thread.pool.cached = false (default)
2024-11-05 06:16:31,058 [main] INFO  server.RaftServerConfigKeys (ConfUtils.java:logGet(46)) - raft.server.data-stream.async.request.thread.pool.size = 20 (custom)
2024-11-05 06:16:31,058 [main] INFO  server.RaftServerConfigKeys (ConfUtils.java:logGet(46)) - raft.server.data-stream.async.write.thread.pool.size = 16 (default)
2024-11-05 06:16:31,058 [main] INFO  netty.NettyConfigKeys$DataStream (ConfUtils.java:logGet(46)) - raft.netty.dataStream.server.channel.inactive.grace-period = 10min (default)
2024-11-05 06:16:31,058 [main] INFO  server.RaftServerConfigKeys (ConfUtils.java:logGet(46)) - raft.server.data-stream.client.pool.size = 10 (default)
2024-11-05 06:16:31,058 [main] INFO  netty.NettyConfigKeys$DataStream (ConfUtils.java:logGet(46)) - raft.netty.dataStream.server.use-epoll = true (default)
2024-11-05 06:16:31,059 [main] INFO  netty.NettyConfigKeys$DataStream (ConfUtils.java:logGet(46)) - raft.netty.dataStream.server.boss-group.size = 0 (default)
2024-11-05 06:16:31,059 [main] INFO  netty.NettyUtils (NettyUtils.java:newEventLoopGroup(74)) - Create EpollEventLoopGroup for 44ff6b06-02d2-44ad-8aa1-4af94363565f-NettyServerStreamRpc-bossGroup; Thread size is 0.
2024-11-05 06:16:31,059 [main] INFO  netty.NettyConfigKeys$DataStream (ConfUtils.java:logGet(46)) - raft.netty.dataStream.server.worker-group.size = 0 (default)
2024-11-05 06:16:31,059 [main] INFO  netty.NettyUtils (NettyUtils.java:newEventLoopGroup(74)) - Create EpollEventLoopGroup for 44ff6b06-02d2-44ad-8aa1-4af94363565f-NettyServerStreamRpc-workerGroup; Thread size is 0.
2024-11-05 06:16:31,060 [main] INFO  netty.NettyConfigKeys$DataStream (ConfUtils.java:logGet(46)) - raft.netty.dataStream.server.tls.conf = null (default)
2024-11-05 06:16:31,060 [main] INFO  netty.NettyConfigKeys$DataStream (ConfUtils.java:logGet(46)) - raft.netty.dataStream.host = null (default)
2024-11-05 06:16:31,060 [main] INFO  netty.NettyConfigKeys$DataStream (ConfUtils.java:logGet(46)) - raft.netty.dataStream.port = 15035 (custom)
2024-11-05 06:16:31,061 [main] INFO  server.RaftServerConfigKeys (ConfUtils.java:logGet(46)) - raft.server.sleep.deviation.threshold = 300ms (default)
2024-11-05 06:16:31,061 [main] INFO  server.RaftServerConfigKeys (ConfUtils.java:logGet(46)) - raft.server.close.threshold = 60s (default)
2024-11-05 06:16:31,061 [main] INFO  server.RaftServerConfigKeys (ConfUtils.java:logGet(46)) - raft.server.leaderelection.leader.step-down.wait-time = 10s (default)
2024-11-05 06:16:31,062 [main] INFO  server.RaftServerConfigKeys (ConfUtils.java:logGet(46)) - raft.server.storage.dir = [/home/runner/work/ozone/ozone/hadoop-ozone/integration-test/target/test-dir/MiniOzoneClusterImpl-58399722-4c39-4f0d-a4d6-8a89216b262d/ozone-meta/datanode-3/ratis] (custom)
2024-11-05 06:16:31,062 [main] INFO  server.RaftServerConfigKeys (ConfUtils.java:logGet(46)) - raft.server.threadpool.proxy.cached = true (default)
2024-11-05 06:16:31,062 [main] INFO  server.RaftServerConfigKeys (ConfUtils.java:logGet(46)) - raft.server.threadpool.proxy.size = 0 (default)
2024-11-05 06:16:31,063 [44ff6b06-02d2-44ad-8aa1-4af94363565f-impl-thread1] INFO  server.RaftServer (RaftServerProxy.java:initGroupDir(265)) - 44ff6b06-02d2-44ad-8aa1-4af94363565f: found a subdirectory /home/runner/work/ozone/ozone/hadoop-ozone/integration-test/target/test-dir/MiniOzoneClusterImpl-58399722-4c39-4f0d-a4d6-8a89216b262d/ozone-meta/datanode-3/ratis/tmp
2024-11-05 06:16:31,064 [44ff6b06-02d2-44ad-8aa1-4af94363565f-impl-thread1] INFO  server.RaftServer (RaftServerProxy.java:initGroupDir(270)) - 44ff6b06-02d2-44ad-8aa1-4af94363565f: The directory /home/runner/work/ozone/ozone/hadoop-ozone/integration-test/target/test-dir/MiniOzoneClusterImpl-58399722-4c39-4f0d-a4d6-8a89216b262d/ozone-meta/datanode-3/ratis/tmp is not a group directory; ignoring it. 
2024-11-05 06:16:31,064 [main] INFO  replication.ReplicationServer (ReplicationServer.java:<init>(86)) - Initializing replication server with thread count = 10 queue length = 4096
2024-11-05 06:16:31,066 [main] INFO  server.XceiverServerGrpc (XceiverServerGrpc.java:<init>(136)) - GrpcServer channel type EpollServerSocketChannel
2024-11-05 06:16:31,066 [44ff6b06-02d2-44ad-8aa1-4af94363565f-NettyServerStreamRpc-bossGroup--thread1] INFO  logging.LoggingHandler (AbstractInternalLogger.java:log(148)) - [id: 0x7382c502] REGISTERED
2024-11-05 06:16:31,067 [44ff6b06-02d2-44ad-8aa1-4af94363565f-NettyServerStreamRpc-bossGroup--thread1] INFO  logging.LoggingHandler (AbstractInternalLogger.java:log(148)) - [id: 0x7382c502] BIND: 0.0.0.0/0.0.0.0:15035
2024-11-05 06:16:31,067 [44ff6b06-02d2-44ad-8aa1-4af94363565f-NettyServerStreamRpc-bossGroup--thread1] INFO  logging.LoggingHandler (AbstractInternalLogger.java:log(148)) - [id: 0x7382c502, L:/0.0.0.0:15035] ACTIVE
2024-11-05 06:16:31,068 [main] INFO  replication.ReplicationSupervisor (ReplicationSupervisor.java:build(171)) - Initializing replication supervisor with thread count = 10
2024-11-05 06:16:31,068 [main] INFO  replication.ReplicationSupervisor (ReplicationSupervisor.java:nodeStateUpdated(348)) - Node state updated to IN_SERVICE, scaling executor pool size to 10
2024-11-05 06:16:31,072 [main] INFO  http.BaseHttpServer (BaseHttpServer.java:newHttpServer2BuilderForOzone(223)) - Starting Web-server for hddsDatanode at: http://0.0.0.0:15029
2024-11-05 06:16:31,073 [main] INFO  http.BaseHttpServer (BaseHttpServer.java:<init>(110)) - Hadoop Security Enabled: false Ozone Security Enabled: false Ozone HTTP Security Enabled: false 
2024-11-05 06:16:31,075 [main] WARN  server.AuthenticationFilter (AuthenticationFilter.java:constructSecretProvider(240)) - Unable to initialize FileSignerSecretProvider, falling back to use random secrets. Reason: Could not read signature secret file: /home/runner/hadoop-http-auth-signature-secret
2024-11-05 06:16:31,076 [main] INFO  http.HttpRequestLog (HttpRequestLog.java:getRequestLog(86)) - Http request log for http.requests.hddsDatanode is not defined
2024-11-05 06:16:31,082 [main] INFO  http.HttpServer2 (HttpServer2.java:addGlobalFilter(1035)) - Added global filter 'safety' (class=org.apache.hadoop.hdds.server.http.HttpServer2$QuotingInputFilter)
2024-11-05 06:16:31,083 [main] INFO  http.HttpServer2 (HttpServer2.java:addFilter(1011)) - Added filter static_user_filter (class=org.apache.hadoop.http.lib.StaticUserWebFilter$StaticUserFilter) to context hddsDatanode
2024-11-05 06:16:31,083 [main] INFO  http.HttpServer2 (HttpServer2.java:addFilter(1019)) - Added filter static_user_filter (class=org.apache.hadoop.http.lib.StaticUserWebFilter$StaticUserFilter) to context logs
2024-11-05 06:16:31,083 [main] INFO  http.HttpServer2 (HttpServer2.java:addFilter(1019)) - Added filter static_user_filter (class=org.apache.hadoop.http.lib.StaticUserWebFilter$StaticUserFilter) to context static
2024-11-05 06:16:31,085 [main] INFO  http.BaseHttpServer (BaseHttpServer.java:<init>(189)) - HTTP server of hddsDatanode uses base directory /home/runner/work/ozone/ozone/hadoop-ozone/integration-test/target/test-dir/MiniOzoneClusterImpl-58399722-4c39-4f0d-a4d6-8a89216b262d/ozone-meta/datanode-3/meta/webserver
2024-11-05 06:16:31,085 [main] INFO  http.HttpServer2 (HttpServer2.java:bindListener(1235)) - Jetty bound to port 15029
2024-11-05 06:16:31,086 [main] INFO  server.Server (Server.java:doStart(375)) - jetty-9.4.56.v20240826; built: 2024-08-26T17:15:05.868Z; git: ec6782ff5ead824dabdcf47fa98f90a4aedff401; jvm 17.0.12+7
2024-11-05 06:16:31,096 [main] INFO  server.session (DefaultSessionIdManager.java:doStart(334)) - DefaultSessionIdManager workerName=node0
2024-11-05 06:16:31,096 [main] INFO  server.session (DefaultSessionIdManager.java:doStart(339)) - No SessionScavenger set, using defaults
2024-11-05 06:16:31,096 [main] INFO  server.session (HouseKeeper.java:startScavenging(132)) - node0 Scavenging every 660000ms
2024-11-05 06:16:31,097 [main] INFO  handler.ContextHandler (ContextHandler.java:doStart(921)) - Started o.e.j.s.ServletContextHandler@32cbf657{logs,/logs,file:///home/runner/work/ozone/ozone/hadoop-ozone/integration-test/target/log,AVAILABLE}
2024-11-05 06:16:31,097 [main] INFO  handler.ContextHandler (ContextHandler.java:doStart(921)) - Started o.e.j.s.ServletContextHandler@70b2ff6f{static,/static,jar:file:/home/runner/work/ozone/ozone/hadoop-hdds/container-service/target/hdds-container-service-2.0.0-SNAPSHOT.jar!/webapps/static,AVAILABLE}
2024-11-05 06:16:31,297 [main] INFO  handler.ContextHandler (ContextHandler.java:doStart(921)) - Started o.e.j.w.WebAppContext@4907d3e5{hddsDatanode,/,file:///home/runner/work/ozone/ozone/hadoop-ozone/integration-test/target/test-dir/MiniOzoneClusterImpl-58399722-4c39-4f0d-a4d6-8a89216b262d/ozone-meta/datanode-3/meta/webserver/jetty-0_0_0_0-15029-hdds-container-service-2_0_0-SNAPSHOT_jar-_-any-14366444247737820844/webapp/,AVAILABLE}{jar:file:/home/runner/work/ozone/ozone/hadoop-hdds/container-service/target/hdds-container-service-2.0.0-SNAPSHOT.jar!/webapps/hddsDatanode}
2024-11-05 06:16:31,298 [main] INFO  server.AbstractConnector (AbstractConnector.java:doStart(333)) - Started ServerConnector@3a1b07d{HTTP/1.1, (http/1.1)}{0.0.0.0:15029}
2024-11-05 06:16:31,298 [main] INFO  server.Server (Server.java:doStart(415)) - Started @23742ms
2024-11-05 06:16:31,299 [main] WARN  impl.MetricsSystemImpl (MetricsSystemImpl.java:register(279)) - Sink prometheus already exists!
2024-11-05 06:16:31,299 [main] INFO  http.BaseHttpServer (BaseHttpServer.java:updateConnectorAddress(354)) - HTTP server of hddsDatanode listening at http://0.0.0.0:15029
2024-11-05 06:16:31,300 [main] INFO  ipc.CallQueueManager (CallQueueManager.java:<init>(90)) - Using callQueue: class java.util.concurrent.LinkedBlockingQueue, queueCapacity: 1000, scheduler: class org.apache.hadoop.ipc.DefaultRpcScheduler, ipcBackoff: false.
2024-11-05 06:16:31,300 [main] INFO  ipc.Server (Server.java:<init>(1287)) - Listener at 0.0.0.0:15030
2024-11-05 06:16:31,301 [Socket Reader #1 for port 15030] INFO  ipc.Server (Server.java:run(1323)) - Starting Socket Reader #1 for port 15030
2024-11-05 06:16:31,301 [Socket Reader #2 for port 15030] INFO  ipc.Server (Server.java:run(1323)) - Starting Socket Reader #2 for port 15030
2024-11-05 06:16:31,304 [Socket Reader #3 for port 15030] INFO  ipc.Server (Server.java:run(1323)) - Starting Socket Reader #3 for port 15030
2024-11-05 06:16:31,312 [Socket Reader #4 for port 15030] INFO  ipc.Server (Server.java:run(1323)) - Starting Socket Reader #4 for port 15030
2024-11-05 06:16:31,324 [Socket Reader #5 for port 15030] INFO  ipc.Server (Server.java:run(1323)) - Starting Socket Reader #5 for port 15030
2024-11-05 06:16:31,332 [Socket Reader #6 for port 15030] INFO  ipc.Server (Server.java:run(1323)) - Starting Socket Reader #6 for port 15030
2024-11-05 06:16:31,336 [Socket Reader #7 for port 15030] INFO  ipc.Server (Server.java:run(1323)) - Starting Socket Reader #7 for port 15030
2024-11-05 06:16:31,340 [Socket Reader #9 for port 15030] INFO  ipc.Server (Server.java:run(1323)) - Starting Socket Reader #9 for port 15030
2024-11-05 06:16:31,340 [Socket Reader #8 for port 15030] INFO  ipc.Server (Server.java:run(1323)) - Starting Socket Reader #8 for port 15030
2024-11-05 06:16:31,344 [Socket Reader #10 for port 15030] INFO  ipc.Server (Server.java:run(1323)) - Starting Socket Reader #10 for port 15030
2024-11-05 06:16:31,354 [main] INFO  ozone.HddsDatanodeService (HddsDatanodeService.java:start(318)) - Datanode start with admins: [runner]
2024-11-05 06:16:31,354 [main] INFO  ozone.HddsDatanodeClientProtocolServer (HddsDatanodeClientProtocolServer.java:start(79)) - RPC server for Client /0.0.0.0:15030
2024-11-05 06:16:31,354 [IPC Server Responder] INFO  ipc.Server (Server.java:run(1562)) - IPC Server Responder: starting
2024-11-05 06:16:31,354 [IPC Server listener on 15030] INFO  ipc.Server (Server.java:run(1402)) - IPC Server listener on 15030: starting
2024-11-05 06:16:31,360 [main] WARN  dropwizard3.Dm3MetricRegistriesImpl (Dm3MetricRegistriesImpl.java:addReporterRegistration(114)) - New reporters are added after registries were created. Some metrics will be missing from the reporter. Please add reporter before adding any new registry.
2024-11-05 06:16:31,360 [main] WARN  dropwizard3.Dm3MetricRegistriesImpl (Dm3MetricRegistriesImpl.java:addReporterRegistration(114)) - New reporters are added after registries were created. Some metrics will be missing from the reporter. Please add reporter before adding any new registry.
2024-11-05 06:16:31,360 [main] INFO  impl.MetricsSystemImpl (MetricsSystemImpl.java:init(158)) - HddsDatanode metrics system started (again)
2024-11-05 06:16:31,370 [44ff6b06-02d2-44ad-8aa1-4af94363565f-DatanodeStateMachineDaemonThread] INFO  statemachine.DatanodeStateMachine (DatanodeStateMachine.java:startStateMachineThread(337)) - Ozone container server started.
2024-11-05 06:16:31,372 [44ff6b06-02d2-44ad-8aa1-4af94363565f-DatanodeStateMachineTaskThread-0] INFO  statemachine.SCMConnectionManager (SCMConnectionManager.java:addReconServer(186)) - Adding Recon Server : /0.0.0.0:15009
2024-11-05 06:16:31,374 [44ff6b06-02d2-44ad-8aa1-4af94363565f-DatanodeStateMachineTaskThread-0] INFO  datanode.InitDatanodeState (InitDatanodeState.java:persistContainerDatanodeDetails(139)) - DatanodeDetails is persisted to /home/runner/work/ozone/ozone/hadoop-ozone/integration-test/target/test-dir/MiniOzoneClusterImpl-58399722-4c39-4f0d-a4d6-8a89216b262d/ozone-meta/datanode-3/meta/datanode.id
2024-11-05 06:16:31,374 [main] INFO  ozone.HddsDatanodeService (HddsDatanodeService.java:start(234)) - HddsDatanodeService host:fv-az1791-537 ip:10.1.0.6
2024-11-05 06:16:31,377 [main] INFO  upgrade.AbstractLayoutVersionManager (AbstractLayoutVersionManager.java:init(83)) - Initializing Layout version manager with metadata layout = HBASE_SUPPORT (version = 8), software layout = HBASE_SUPPORT (version = 8)
2024-11-05 06:16:31,378 [main] INFO  statemachine.DatanodeStateMachine (DatanodeStateMachine.java:getEndPointTaskThreadPoolSize(294)) - Datanode State Machine Task Thread Pool size 2
2024-11-05 06:16:31,381 [main] INFO  volume.HddsVolume (HddsVolume.java:<init>(127)) - Creating HddsVolume: /home/runner/work/ozone/ozone/hadoop-ozone/integration-test/target/test-dir/MiniOzoneClusterImpl-58399722-4c39-4f0d-a4d6-8a89216b262d/ozone-meta/datanode-4/data-0/hdds of storage type : DISK capacity : 9222449699674390527
2024-11-05 06:16:31,381 [main] INFO  volume.MutableVolumeSet (MutableVolumeSet.java:initializeVolumeSet(173)) - Added Volume : /home/runner/work/ozone/ozone/hadoop-ozone/integration-test/target/test-dir/MiniOzoneClusterImpl-58399722-4c39-4f0d-a4d6-8a89216b262d/ozone-meta/datanode-4/data-0/hdds to VolumeSet
2024-11-05 06:16:31,382 [main] INFO  volume.MutableVolumeSet (MutableVolumeSet.java:initializeVolumeSet(173)) - Added Volume : /home/runner/work/ozone/ozone/hadoop-ozone/integration-test/target/test-dir/MiniOzoneClusterImpl-58399722-4c39-4f0d-a4d6-8a89216b262d/ozone-meta/datanode-4/ratis to VolumeSet
2024-11-05 06:16:31,383 [main] INFO  ozoneimpl.OzoneContainer (HddsVolumeUtil.java:loadAllHddsVolumeDbStore(103)) - Load 1 volumes DbStore cost: 0ms
2024-11-05 06:16:31,395 [main] INFO  impl.FilePerChunkStrategy (FilePerChunkStrategy.java:<init>(84)) - ozone.chunk.read.mapped.buffer.max.count is load with 0
2024-11-05 06:16:31,396 [main] INFO  impl.FilePerBlockStrategy (FilePerBlockStrategy.java:<init>(91)) - ozone.chunk.read.mapped.buffer.max.count is load with 0
2024-11-05 06:16:31,397 [main] INFO  server.RaftServerConfigKeys (ConfUtils.java:logGet(46)) - raft.server.log.appender.buffer.byte-limit = 33554432 (custom)
2024-11-05 06:16:31,401 [main] INFO  server.RaftServer (ConfUtils.java:logGet(46)) - raft.rpc.type = GRPC (default)
2024-11-05 06:16:31,401 [main] INFO  grpc.GrpcConfigKeys (ConfUtils.java:logFallback(53)) - raft.grpc.admin.host = null (fallback to raft.grpc.server.host)
2024-11-05 06:16:31,402 [main] INFO  grpc.GrpcConfigKeys (ConfUtils.java:logGet(46)) - raft.grpc.admin.port = 15041 (custom)
2024-11-05 06:16:31,402 [main] INFO  grpc.GrpcConfigKeys (ConfUtils.java:logFallback(53)) - raft.grpc.client.host = null (fallback to raft.grpc.server.host)
2024-11-05 06:16:31,402 [main] INFO  grpc.GrpcConfigKeys (ConfUtils.java:logGet(46)) - raft.grpc.client.port = 15041 (custom)
2024-11-05 06:16:31,402 [main] INFO  grpc.GrpcConfigKeys (ConfUtils.java:logGet(46)) - raft.grpc.server.host = null (default)
2024-11-05 06:16:31,402 [main] INFO  grpc.GrpcConfigKeys (ConfUtils.java:logGet(46)) - raft.grpc.server.port = 15041 (custom)
2024-11-05 06:16:31,402 [main] INFO  server.GrpcService (ConfUtils.java:logGet(46)) - raft.grpc.message.size.max = 34603008 (custom)
2024-11-05 06:16:31,402 [main] INFO  server.GrpcService (ConfUtils.java:logGet(46)) - raft.grpc.flow.control.window = 5MB (=5242880) (custom)
2024-11-05 06:16:31,403 [main] INFO  server.RaftServerConfigKeys (ConfUtils.java:logGet(46)) - raft.server.rpc.request.timeout = 60s (custom)
2024-11-05 06:16:31,403 [main] INFO  grpc.GrpcConfigKeys (ConfUtils.java:logGet(46)) - raft.grpc.server.heartbeat.channel = true (default)
2024-11-05 06:16:31,403 [main] INFO  server.RaftServerConfigKeys (ConfUtils.java:logGet(46)) - raft.server.log.appender.buffer.byte-limit = 33554432 (custom)
2024-11-05 06:16:31,403 [main] INFO  grpc.GrpcConfigKeys (ConfUtils.java:logGet(46)) - raft.grpc.server.async.request.thread.pool.cached = true (default)
2024-11-05 06:16:31,403 [main] INFO  grpc.GrpcConfigKeys (ConfUtils.java:logGet(46)) - raft.grpc.server.async.request.thread.pool.size = 32 (default)
2024-11-05 06:16:31,405 [main] INFO  impl.DataStreamServerImpl (ConfUtils.java:logGet(46)) - raft.datastream.type = NETTY (custom)
2024-11-05 06:16:31,405 [main] INFO  server.RaftServerConfigKeys (ConfUtils.java:logGet(46)) - raft.server.data-stream.async.request.thread.pool.cached = false (default)
2024-11-05 06:16:31,406 [main] INFO  server.RaftServerConfigKeys (ConfUtils.java:logGet(46)) - raft.server.data-stream.async.request.thread.pool.size = 20 (custom)
2024-11-05 06:16:31,406 [main] INFO  server.RaftServerConfigKeys (ConfUtils.java:logGet(46)) - raft.server.data-stream.async.write.thread.pool.size = 16 (default)
2024-11-05 06:16:31,406 [main] INFO  netty.NettyConfigKeys$DataStream (ConfUtils.java:logGet(46)) - raft.netty.dataStream.server.channel.inactive.grace-period = 10min (default)
2024-11-05 06:16:31,406 [main] INFO  server.RaftServerConfigKeys (ConfUtils.java:logGet(46)) - raft.server.data-stream.client.pool.size = 10 (default)
2024-11-05 06:16:31,406 [main] INFO  netty.NettyConfigKeys$DataStream (ConfUtils.java:logGet(46)) - raft.netty.dataStream.server.use-epoll = true (default)
2024-11-05 06:16:31,407 [main] INFO  netty.NettyConfigKeys$DataStream (ConfUtils.java:logGet(46)) - raft.netty.dataStream.server.boss-group.size = 0 (default)
2024-11-05 06:16:31,407 [main] INFO  netty.NettyUtils (NettyUtils.java:newEventLoopGroup(74)) - Create EpollEventLoopGroup for a9c169ad-2417-45be-a484-83a45557bcfc-NettyServerStreamRpc-bossGroup; Thread size is 0.
2024-11-05 06:16:31,408 [main] INFO  netty.NettyConfigKeys$DataStream (ConfUtils.java:logGet(46)) - raft.netty.dataStream.server.worker-group.size = 0 (default)
2024-11-05 06:16:31,408 [main] INFO  netty.NettyUtils (NettyUtils.java:newEventLoopGroup(74)) - Create EpollEventLoopGroup for a9c169ad-2417-45be-a484-83a45557bcfc-NettyServerStreamRpc-workerGroup; Thread size is 0.
2024-11-05 06:16:31,408 [main] INFO  netty.NettyConfigKeys$DataStream (ConfUtils.java:logGet(46)) - raft.netty.dataStream.server.tls.conf = null (default)
2024-11-05 06:16:31,409 [main] INFO  netty.NettyConfigKeys$DataStream (ConfUtils.java:logGet(46)) - raft.netty.dataStream.host = null (default)
2024-11-05 06:16:31,409 [main] INFO  netty.NettyConfigKeys$DataStream (ConfUtils.java:logGet(46)) - raft.netty.dataStream.port = 15044 (custom)
2024-11-05 06:16:31,410 [main] INFO  server.RaftServerConfigKeys (ConfUtils.java:logGet(46)) - raft.server.sleep.deviation.threshold = 300ms (default)
2024-11-05 06:16:31,410 [main] INFO  server.RaftServerConfigKeys (ConfUtils.java:logGet(46)) - raft.server.close.threshold = 60s (default)
2024-11-05 06:16:31,411 [main] INFO  server.RaftServerConfigKeys (ConfUtils.java:logGet(46)) - raft.server.leaderelection.leader.step-down.wait-time = 10s (default)
2024-11-05 06:16:31,411 [main] INFO  server.RaftServerConfigKeys (ConfUtils.java:logGet(46)) - raft.server.storage.dir = [/home/runner/work/ozone/ozone/hadoop-ozone/integration-test/target/test-dir/MiniOzoneClusterImpl-58399722-4c39-4f0d-a4d6-8a89216b262d/ozone-meta/datanode-4/ratis] (custom)
2024-11-05 06:16:31,411 [main] INFO  server.RaftServerConfigKeys (ConfUtils.java:logGet(46)) - raft.server.threadpool.proxy.cached = true (default)
2024-11-05 06:16:31,411 [main] INFO  server.RaftServerConfigKeys (ConfUtils.java:logGet(46)) - raft.server.threadpool.proxy.size = 0 (default)
2024-11-05 06:16:31,412 [a9c169ad-2417-45be-a484-83a45557bcfc-NettyServerStreamRpc-bossGroup--thread1] INFO  logging.LoggingHandler (AbstractInternalLogger.java:log(148)) - [id: 0xc8e527a5] REGISTERED
2024-11-05 06:16:31,412 [a9c169ad-2417-45be-a484-83a45557bcfc-NettyServerStreamRpc-bossGroup--thread1] INFO  logging.LoggingHandler (AbstractInternalLogger.java:log(148)) - [id: 0xc8e527a5] BIND: 0.0.0.0/0.0.0.0:15044
2024-11-05 06:16:31,413 [a9c169ad-2417-45be-a484-83a45557bcfc-NettyServerStreamRpc-bossGroup--thread1] INFO  logging.LoggingHandler (AbstractInternalLogger.java:log(148)) - [id: 0xc8e527a5, L:/0.0.0.0:15044] ACTIVE
2024-11-05 06:16:31,416 [a9c169ad-2417-45be-a484-83a45557bcfc-impl-thread1] INFO  server.RaftServer (RaftServerProxy.java:initGroupDir(265)) - a9c169ad-2417-45be-a484-83a45557bcfc: found a subdirectory /home/runner/work/ozone/ozone/hadoop-ozone/integration-test/target/test-dir/MiniOzoneClusterImpl-58399722-4c39-4f0d-a4d6-8a89216b262d/ozone-meta/datanode-4/ratis/tmp
2024-11-05 06:16:31,417 [a9c169ad-2417-45be-a484-83a45557bcfc-impl-thread1] INFO  server.RaftServer (RaftServerProxy.java:initGroupDir(270)) - a9c169ad-2417-45be-a484-83a45557bcfc: The directory /home/runner/work/ozone/ozone/hadoop-ozone/integration-test/target/test-dir/MiniOzoneClusterImpl-58399722-4c39-4f0d-a4d6-8a89216b262d/ozone-meta/datanode-4/ratis/tmp is not a group directory; ignoring it. 
2024-11-05 06:16:31,417 [main] INFO  replication.ReplicationServer (ReplicationServer.java:<init>(86)) - Initializing replication server with thread count = 10 queue length = 4096
2024-11-05 06:16:31,419 [main] INFO  server.XceiverServerGrpc (XceiverServerGrpc.java:<init>(136)) - GrpcServer channel type EpollServerSocketChannel
2024-11-05 06:16:31,421 [main] INFO  replication.ReplicationSupervisor (ReplicationSupervisor.java:build(171)) - Initializing replication supervisor with thread count = 10
2024-11-05 06:16:31,421 [main] INFO  replication.ReplicationSupervisor (ReplicationSupervisor.java:nodeStateUpdated(348)) - Node state updated to IN_SERVICE, scaling executor pool size to 10
2024-11-05 06:16:31,425 [main] INFO  http.BaseHttpServer (BaseHttpServer.java:newHttpServer2BuilderForOzone(223)) - Starting Web-server for hddsDatanode at: http://0.0.0.0:15038
2024-11-05 06:16:31,426 [main] INFO  http.BaseHttpServer (BaseHttpServer.java:<init>(110)) - Hadoop Security Enabled: false Ozone Security Enabled: false Ozone HTTP Security Enabled: false 
2024-11-05 06:16:31,428 [main] WARN  server.AuthenticationFilter (AuthenticationFilter.java:constructSecretProvider(240)) - Unable to initialize FileSignerSecretProvider, falling back to use random secrets. Reason: Could not read signature secret file: /home/runner/hadoop-http-auth-signature-secret
2024-11-05 06:16:31,433 [main] INFO  http.HttpRequestLog (HttpRequestLog.java:getRequestLog(86)) - Http request log for http.requests.hddsDatanode is not defined
2024-11-05 06:16:31,435 [main] INFO  http.HttpServer2 (HttpServer2.java:addGlobalFilter(1035)) - Added global filter 'safety' (class=org.apache.hadoop.hdds.server.http.HttpServer2$QuotingInputFilter)
2024-11-05 06:16:31,436 [main] INFO  http.HttpServer2 (HttpServer2.java:addFilter(1011)) - Added filter static_user_filter (class=org.apache.hadoop.http.lib.StaticUserWebFilter$StaticUserFilter) to context hddsDatanode
2024-11-05 06:16:31,436 [main] INFO  http.HttpServer2 (HttpServer2.java:addFilter(1019)) - Added filter static_user_filter (class=org.apache.hadoop.http.lib.StaticUserWebFilter$StaticUserFilter) to context static
2024-11-05 06:16:31,436 [main] INFO  http.HttpServer2 (HttpServer2.java:addFilter(1019)) - Added filter static_user_filter (class=org.apache.hadoop.http.lib.StaticUserWebFilter$StaticUserFilter) to context logs
2024-11-05 06:16:31,437 [main] INFO  http.BaseHttpServer (BaseHttpServer.java:<init>(189)) - HTTP server of hddsDatanode uses base directory /home/runner/work/ozone/ozone/hadoop-ozone/integration-test/target/test-dir/MiniOzoneClusterImpl-58399722-4c39-4f0d-a4d6-8a89216b262d/ozone-meta/datanode-4/meta/webserver
2024-11-05 06:16:31,437 [main] INFO  http.HttpServer2 (HttpServer2.java:bindListener(1235)) - Jetty bound to port 15038
2024-11-05 06:16:31,437 [main] INFO  server.Server (Server.java:doStart(375)) - jetty-9.4.56.v20240826; built: 2024-08-26T17:15:05.868Z; git: ec6782ff5ead824dabdcf47fa98f90a4aedff401; jvm 17.0.12+7
2024-11-05 06:16:31,448 [main] INFO  server.session (DefaultSessionIdManager.java:doStart(334)) - DefaultSessionIdManager workerName=node0
2024-11-05 06:16:31,448 [main] INFO  server.session (DefaultSessionIdManager.java:doStart(339)) - No SessionScavenger set, using defaults
2024-11-05 06:16:31,448 [main] INFO  server.session (HouseKeeper.java:startScavenging(132)) - node0 Scavenging every 660000ms
2024-11-05 06:16:31,452 [main] INFO  handler.ContextHandler (ContextHandler.java:doStart(921)) - Started o.e.j.s.ServletContextHandler@6e316c1d{logs,/logs,file:///home/runner/work/ozone/ozone/hadoop-ozone/integration-test/target/log,AVAILABLE}
2024-11-05 06:16:31,453 [main] INFO  handler.ContextHandler (ContextHandler.java:doStart(921)) - Started o.e.j.s.ServletContextHandler@4397f201{static,/static,jar:file:/home/runner/work/ozone/ozone/hadoop-hdds/container-service/target/hdds-container-service-2.0.0-SNAPSHOT.jar!/webapps/static,AVAILABLE}
2024-11-05 06:16:31,660 [main] INFO  handler.ContextHandler (ContextHandler.java:doStart(921)) - Started o.e.j.w.WebAppContext@227833cd{hddsDatanode,/,file:///home/runner/work/ozone/ozone/hadoop-ozone/integration-test/target/test-dir/MiniOzoneClusterImpl-58399722-4c39-4f0d-a4d6-8a89216b262d/ozone-meta/datanode-4/meta/webserver/jetty-0_0_0_0-15038-hdds-container-service-2_0_0-SNAPSHOT_jar-_-any-7561926240032083243/webapp/,AVAILABLE}{jar:file:/home/runner/work/ozone/ozone/hadoop-hdds/container-service/target/hdds-container-service-2.0.0-SNAPSHOT.jar!/webapps/hddsDatanode}
2024-11-05 06:16:31,661 [main] INFO  server.AbstractConnector (AbstractConnector.java:doStart(333)) - Started ServerConnector@20ec9d51{HTTP/1.1, (http/1.1)}{0.0.0.0:15038}
2024-11-05 06:16:31,661 [main] INFO  server.Server (Server.java:doStart(415)) - Started @24105ms
2024-11-05 06:16:31,662 [main] WARN  impl.MetricsSystemImpl (MetricsSystemImpl.java:register(279)) - Sink prometheus already exists!
2024-11-05 06:16:31,662 [main] INFO  http.BaseHttpServer (BaseHttpServer.java:updateConnectorAddress(354)) - HTTP server of hddsDatanode listening at http://0.0.0.0:15038
2024-11-05 06:16:31,663 [main] INFO  ipc.CallQueueManager (CallQueueManager.java:<init>(90)) - Using callQueue: class java.util.concurrent.LinkedBlockingQueue, queueCapacity: 1000, scheduler: class org.apache.hadoop.ipc.DefaultRpcScheduler, ipcBackoff: false.
2024-11-05 06:16:31,663 [main] INFO  ipc.Server (Server.java:<init>(1287)) - Listener at 0.0.0.0:15039
2024-11-05 06:16:31,664 [Socket Reader #1 for port 15039] INFO  ipc.Server (Server.java:run(1323)) - Starting Socket Reader #1 for port 15039
2024-11-05 06:16:31,664 [Socket Reader #2 for port 15039] INFO  ipc.Server (Server.java:run(1323)) - Starting Socket Reader #2 for port 15039
2024-11-05 06:16:31,664 [Socket Reader #3 for port 15039] INFO  ipc.Server (Server.java:run(1323)) - Starting Socket Reader #3 for port 15039
2024-11-05 06:16:31,665 [Socket Reader #4 for port 15039] INFO  ipc.Server (Server.java:run(1323)) - Starting Socket Reader #4 for port 15039
2024-11-05 06:16:31,665 [Socket Reader #5 for port 15039] INFO  ipc.Server (Server.java:run(1323)) - Starting Socket Reader #5 for port 15039
2024-11-05 06:16:31,668 [Socket Reader #6 for port 15039] INFO  ipc.Server (Server.java:run(1323)) - Starting Socket Reader #6 for port 15039
2024-11-05 06:16:31,668 [Socket Reader #7 for port 15039] INFO  ipc.Server (Server.java:run(1323)) - Starting Socket Reader #7 for port 15039
2024-11-05 06:16:31,669 [Socket Reader #8 for port 15039] INFO  ipc.Server (Server.java:run(1323)) - Starting Socket Reader #8 for port 15039
2024-11-05 06:16:31,669 [Socket Reader #10 for port 15039] INFO  ipc.Server (Server.java:run(1323)) - Starting Socket Reader #10 for port 15039
2024-11-05 06:16:31,670 [Socket Reader #9 for port 15039] INFO  ipc.Server (Server.java:run(1323)) - Starting Socket Reader #9 for port 15039
2024-11-05 06:16:31,672 [main] INFO  ozone.HddsDatanodeService (HddsDatanodeService.java:start(318)) - Datanode start with admins: [runner]
2024-11-05 06:16:31,672 [main] INFO  ozone.HddsDatanodeClientProtocolServer (HddsDatanodeClientProtocolServer.java:start(79)) - RPC server for Client /0.0.0.0:15039
2024-11-05 06:16:31,672 [IPC Server Responder] INFO  ipc.Server (Server.java:run(1562)) - IPC Server Responder: starting
2024-11-05 06:16:31,672 [IPC Server listener on 15039] INFO  ipc.Server (Server.java:run(1402)) - IPC Server listener on 15039: starting
2024-11-05 06:16:31,676 [a9c169ad-2417-45be-a484-83a45557bcfc-DatanodeStateMachineDaemonThread] INFO  statemachine.DatanodeStateMachine (DatanodeStateMachine.java:startStateMachineThread(337)) - Ozone container server started.
2024-11-05 06:16:31,677 [a9c169ad-2417-45be-a484-83a45557bcfc-DatanodeStateMachineTaskThread-0] INFO  statemachine.SCMConnectionManager (SCMConnectionManager.java:addReconServer(186)) - Adding Recon Server : /0.0.0.0:15009
2024-11-05 06:16:31,677 [main] INFO  ozone.MiniOzoneClusterImpl (MiniOzoneClusterImpl.java:lambda$waitForClusterToBeReady$0(219)) - Waiting for nodes to be ready. Got 0 of 4 DN Heartbeats.
2024-11-05 06:16:31,678 [main] INFO  ozone.MiniOzoneClusterImpl (MiniOzoneClusterImpl.java:lambda$waitForClusterToBeReady$0(222)) - Waiting for cluster to exit safe mode
2024-11-05 06:16:31,678 [main] INFO  ozone.MiniOzoneClusterImpl (MiniOzoneClusterImpl.java:lambda$waitForClusterToBeReady$0(224)) - SCM became leader
2024-11-05 06:16:31,679 [a9c169ad-2417-45be-a484-83a45557bcfc-DatanodeStateMachineTaskThread-0] INFO  datanode.InitDatanodeState (InitDatanodeState.java:persistContainerDatanodeDetails(139)) - DatanodeDetails is persisted to /home/runner/work/ozone/ozone/hadoop-ozone/integration-test/target/test-dir/MiniOzoneClusterImpl-58399722-4c39-4f0d-a4d6-8a89216b262d/ozone-meta/datanode-4/meta/datanode.id
2024-11-05 06:16:32,679 [main] INFO  ozone.MiniOzoneClusterImpl (MiniOzoneClusterImpl.java:lambda$waitForClusterToBeReady$0(219)) - Waiting for nodes to be ready. Got 0 of 4 DN Heartbeats.
2024-11-05 06:16:32,679 [main] INFO  ozone.MiniOzoneClusterImpl (MiniOzoneClusterImpl.java:lambda$waitForClusterToBeReady$0(222)) - Waiting for cluster to exit safe mode
2024-11-05 06:16:32,679 [main] INFO  ozone.MiniOzoneClusterImpl (MiniOzoneClusterImpl.java:lambda$waitForClusterToBeReady$0(224)) - SCM became leader
2024-11-05 06:16:32,771 [731aafee-c06b-4662-9d20-472061f2d46e-EndpointStateMachineTaskThread-/0.0.0.0:15002-0 ] INFO  utils.DatanodeStoreCache (DatanodeStoreCache.java:addDB(72)) - Added db /home/runner/work/ozone/ozone/hadoop-ozone/integration-test/target/test-dir/MiniOzoneClusterImpl-58399722-4c39-4f0d-a4d6-8a89216b262d/ozone-meta/datanode-1/data-0/hdds/58399722-4c39-4f0d-a4d6-8a89216b262d/DS-b7594af3-b520-4986-a536-6327141a9228/container.db to cache
2024-11-05 06:16:32,772 [731aafee-c06b-4662-9d20-472061f2d46e-EndpointStateMachineTaskThread-/0.0.0.0:15002-0 ] INFO  volume.HddsVolume (HddsVolume.java:createDbStore(429)) - SchemaV3 db is created and loaded at /home/runner/work/ozone/ozone/hadoop-ozone/integration-test/target/test-dir/MiniOzoneClusterImpl-58399722-4c39-4f0d-a4d6-8a89216b262d/ozone-meta/datanode-1/data-0/hdds/58399722-4c39-4f0d-a4d6-8a89216b262d/DS-b7594af3-b520-4986-a536-6327141a9228/container.db for volume DS-b7594af3-b520-4986-a536-6327141a9228
2024-11-05 06:16:32,789 [731aafee-c06b-4662-9d20-472061f2d46e-ContainerReader-0] INFO  ozoneimpl.ContainerReader (ContainerReader.java:readVolume(148)) - Start to verify containers on volume /home/runner/work/ozone/ozone/hadoop-ozone/integration-test/target/test-dir/MiniOzoneClusterImpl-58399722-4c39-4f0d-a4d6-8a89216b262d/ozone-meta/datanode-1/data-0/hdds
2024-11-05 06:16:32,789 [731aafee-c06b-4662-9d20-472061f2d46e-ContainerReader-0] INFO  ozoneimpl.ContainerReader (ContainerReader.java:readVolume(178)) - Finish verifying containers on volume /home/runner/work/ozone/ozone/hadoop-ozone/integration-test/target/test-dir/MiniOzoneClusterImpl-58399722-4c39-4f0d-a4d6-8a89216b262d/ozone-meta/datanode-1/data-0/hdds
2024-11-05 06:16:32,790 [731aafee-c06b-4662-9d20-472061f2d46e-EndpointStateMachineTaskThread-/0.0.0.0:15002-0 ] INFO  ozoneimpl.OzoneContainer (OzoneContainer.java:buildContainerSet(344)) - Build ContainerSet costs 0s
2024-11-05 06:16:32,790 [731aafee-c06b-4662-9d20-472061f2d46e-EndpointStateMachineTaskThread-/0.0.0.0:15002-0 ] INFO  volume.ThrottledAsyncChecker (ThrottledAsyncChecker.java:schedule(141)) - Scheduling a check for /home/runner/work/ozone/ozone/hadoop-ozone/integration-test/target/test-dir/MiniOzoneClusterImpl-58399722-4c39-4f0d-a4d6-8a89216b262d/ozone-meta/datanode-1/data-0/hdds
2024-11-05 06:16:32,795 [731aafee-c06b-4662-9d20-472061f2d46e-EndpointStateMachineTaskThread-/0.0.0.0:15002-0 ] INFO  volume.StorageVolumeChecker (StorageVolumeChecker.java:checkAllVolumes(218)) - Scheduled health check for volume /home/runner/work/ozone/ozone/hadoop-ozone/integration-test/target/test-dir/MiniOzoneClusterImpl-58399722-4c39-4f0d-a4d6-8a89216b262d/ozone-meta/datanode-1/data-0/hdds
2024-11-05 06:16:32,798 [731aafee-c06b-4662-9d20-472061f2d46e-EndpointStateMachineTaskThread-/0.0.0.0:15002-0 ] INFO  volume.ThrottledAsyncChecker (ThrottledAsyncChecker.java:schedule(141)) - Scheduling a check for /home/runner/work/ozone/ozone/hadoop-ozone/integration-test/target/test-dir/MiniOzoneClusterImpl-58399722-4c39-4f0d-a4d6-8a89216b262d/ozone-meta/datanode-1/ratis
2024-11-05 06:16:32,798 [731aafee-c06b-4662-9d20-472061f2d46e-EndpointStateMachineTaskThread-/0.0.0.0:15002-0 ] INFO  volume.StorageVolumeChecker (StorageVolumeChecker.java:checkAllVolumes(218)) - Scheduled health check for volume /home/runner/work/ozone/ozone/hadoop-ozone/integration-test/target/test-dir/MiniOzoneClusterImpl-58399722-4c39-4f0d-a4d6-8a89216b262d/ozone-meta/datanode-1/ratis
2024-11-05 06:16:32,800 [731aafee-c06b-4662-9d20-472061f2d46e-EndpointStateMachineTaskThread-/0.0.0.0:15002-0 ] INFO  ozoneimpl.OzoneContainer (OzoneContainer.java:start(475)) - Attempting to start container services.
2024-11-05 06:16:32,805 [ContainerMetadataScanner] INFO  ozoneimpl.AbstractBackgroundContainerScanner (AbstractBackgroundContainerScanner.java:runIteration(87)) - Completed an iteration in 0 minutes. Number of iterations (since the data-node restart) : 1, Number of containers scanned in this iteration : 0, Number of unhealthy containers found in this iteration : 0
2024-11-05 06:16:32,807 [731aafee-c06b-4662-9d20-472061f2d46e-EndpointStateMachineTaskThread-/0.0.0.0:15002-0 ] INFO  replication.ReplicationServer (ReplicationServer.java:start(139)) - ReplicationServer is started using port 15018
2024-11-05 06:16:32,808 [731aafee-c06b-4662-9d20-472061f2d46e-EndpointStateMachineTaskThread-/0.0.0.0:15002-0 ] INFO  ratis.XceiverServerRatis (XceiverServerRatis.java:start(561)) - Starting XceiverServerRatis(731aafee-c06b-4662-9d20-472061f2d46e)
2024-11-05 06:16:32,809 [ContainerDataScanner(/home/runner/work/ozone/ozone/hadoop-ozone/integration-test/target/test-dir/MiniOzoneClusterImpl-58399722-4c39-4f0d-a4d6-8a89216b262d/ozone-meta/datanode-1/data-0/hdds)] INFO  ozoneimpl.AbstractBackgroundContainerScanner (AbstractBackgroundContainerScanner.java:runIteration(87)) - Completed an iteration in 0 minutes. Number of iterations (since the data-node restart) : 1, Number of containers scanned in this iteration : 0, Number of unhealthy containers found in this iteration : 0
2024-11-05 06:16:32,812 [731aafee-c06b-4662-9d20-472061f2d46e-EndpointStateMachineTaskThread-/0.0.0.0:15002-0 ] INFO  server.RaftServer (RaftServerProxy.java:startImpl(407)) - 731aafee-c06b-4662-9d20-472061f2d46e: start RPC server
2024-11-05 06:16:32,812 [731aafee-c06b-4662-9d20-472061f2d46e-EndpointStateMachineTaskThread-/0.0.0.0:15002-0 ] INFO  server.GrpcService (GrpcService.java:startImpl(334)) - 731aafee-c06b-4662-9d20-472061f2d46e: GrpcService started, listening on 15014
2024-11-05 06:16:32,812 [731aafee-c06b-4662-9d20-472061f2d46e-EndpointStateMachineTaskThread-/0.0.0.0:15002-0 ] INFO  ratis.XceiverServerRatis (XceiverServerRatis.java:getRealPort(588)) - XceiverServerRatis(731aafee-c06b-4662-9d20-472061f2d46e) is started using port RATIS=15014
2024-11-05 06:16:32,812 [731aafee-c06b-4662-9d20-472061f2d46e-EndpointStateMachineTaskThread-/0.0.0.0:15002-0 ] INFO  ratis.XceiverServerRatis (XceiverServerRatis.java:getRealPort(588)) - XceiverServerRatis(731aafee-c06b-4662-9d20-472061f2d46e) is started using port RATIS_ADMIN=15014
2024-11-05 06:16:32,812 [731aafee-c06b-4662-9d20-472061f2d46e-EndpointStateMachineTaskThread-/0.0.0.0:15002-0 ] INFO  ratis.XceiverServerRatis (XceiverServerRatis.java:getRealPort(588)) - XceiverServerRatis(731aafee-c06b-4662-9d20-472061f2d46e) is started using port RATIS_SERVER=15014
2024-11-05 06:16:32,813 [731aafee-c06b-4662-9d20-472061f2d46e-EndpointStateMachineTaskThread-/0.0.0.0:15002-0 ] INFO  ratis.XceiverServerRatis (XceiverServerRatis.java:getRealPort(588)) - XceiverServerRatis(731aafee-c06b-4662-9d20-472061f2d46e) is started using port RATIS_DATASTREAM=15017
2024-11-05 06:16:32,812 [JvmPauseMonitor3] INFO  util.JvmPauseMonitor (JvmPauseMonitor.java:run(146)) - JvmPauseMonitor-731aafee-c06b-4662-9d20-472061f2d46e: Started
2024-11-05 06:16:32,818 [731aafee-c06b-4662-9d20-472061f2d46e-BlockDeletingService#0] INFO  interfaces.ContainerDeletionChoosingPolicyTemplate (ContainerDeletionChoosingPolicyTemplate.java:chooseContainerForBlockDeletion(85)) - Chosen 0/5000 blocks from 0 candidate containers.
2024-11-05 06:16:33,050 [43b7afd8-9e19-4b34-aad7-81b8e915bbb6-EndpointStateMachineTaskThread-/0.0.0.0:15002-0 ] INFO  utils.DatanodeStoreCache (DatanodeStoreCache.java:addDB(72)) - Added db /home/runner/work/ozone/ozone/hadoop-ozone/integration-test/target/test-dir/MiniOzoneClusterImpl-58399722-4c39-4f0d-a4d6-8a89216b262d/ozone-meta/datanode-2/data-0/hdds/58399722-4c39-4f0d-a4d6-8a89216b262d/DS-4a07d8cf-5b99-451b-b8ba-de022e39d5bb/container.db to cache
2024-11-05 06:16:33,050 [43b7afd8-9e19-4b34-aad7-81b8e915bbb6-EndpointStateMachineTaskThread-/0.0.0.0:15002-0 ] INFO  volume.HddsVolume (HddsVolume.java:createDbStore(429)) - SchemaV3 db is created and loaded at /home/runner/work/ozone/ozone/hadoop-ozone/integration-test/target/test-dir/MiniOzoneClusterImpl-58399722-4c39-4f0d-a4d6-8a89216b262d/ozone-meta/datanode-2/data-0/hdds/58399722-4c39-4f0d-a4d6-8a89216b262d/DS-4a07d8cf-5b99-451b-b8ba-de022e39d5bb/container.db for volume DS-4a07d8cf-5b99-451b-b8ba-de022e39d5bb
2024-11-05 06:16:33,053 [43b7afd8-9e19-4b34-aad7-81b8e915bbb6-ContainerReader-0] INFO  ozoneimpl.ContainerReader (ContainerReader.java:readVolume(148)) - Start to verify containers on volume /home/runner/work/ozone/ozone/hadoop-ozone/integration-test/target/test-dir/MiniOzoneClusterImpl-58399722-4c39-4f0d-a4d6-8a89216b262d/ozone-meta/datanode-2/data-0/hdds
2024-11-05 06:16:33,053 [43b7afd8-9e19-4b34-aad7-81b8e915bbb6-ContainerReader-0] INFO  ozoneimpl.ContainerReader (ContainerReader.java:readVolume(178)) - Finish verifying containers on volume /home/runner/work/ozone/ozone/hadoop-ozone/integration-test/target/test-dir/MiniOzoneClusterImpl-58399722-4c39-4f0d-a4d6-8a89216b262d/ozone-meta/datanode-2/data-0/hdds
2024-11-05 06:16:33,053 [43b7afd8-9e19-4b34-aad7-81b8e915bbb6-EndpointStateMachineTaskThread-/0.0.0.0:15002-0 ] INFO  ozoneimpl.OzoneContainer (OzoneContainer.java:buildContainerSet(344)) - Build ContainerSet costs 0s
2024-11-05 06:16:33,053 [43b7afd8-9e19-4b34-aad7-81b8e915bbb6-EndpointStateMachineTaskThread-/0.0.0.0:15002-0 ] INFO  volume.ThrottledAsyncChecker (ThrottledAsyncChecker.java:schedule(141)) - Scheduling a check for /home/runner/work/ozone/ozone/hadoop-ozone/integration-test/target/test-dir/MiniOzoneClusterImpl-58399722-4c39-4f0d-a4d6-8a89216b262d/ozone-meta/datanode-2/data-0/hdds
2024-11-05 06:16:33,054 [43b7afd8-9e19-4b34-aad7-81b8e915bbb6-EndpointStateMachineTaskThread-/0.0.0.0:15002-0 ] INFO  volume.StorageVolumeChecker (StorageVolumeChecker.java:checkAllVolumes(218)) - Scheduled health check for volume /home/runner/work/ozone/ozone/hadoop-ozone/integration-test/target/test-dir/MiniOzoneClusterImpl-58399722-4c39-4f0d-a4d6-8a89216b262d/ozone-meta/datanode-2/data-0/hdds
2024-11-05 06:16:33,055 [43b7afd8-9e19-4b34-aad7-81b8e915bbb6-EndpointStateMachineTaskThread-/0.0.0.0:15002-0 ] INFO  volume.ThrottledAsyncChecker (ThrottledAsyncChecker.java:schedule(141)) - Scheduling a check for /home/runner/work/ozone/ozone/hadoop-ozone/integration-test/target/test-dir/MiniOzoneClusterImpl-58399722-4c39-4f0d-a4d6-8a89216b262d/ozone-meta/datanode-2/ratis
2024-11-05 06:16:33,055 [43b7afd8-9e19-4b34-aad7-81b8e915bbb6-EndpointStateMachineTaskThread-/0.0.0.0:15002-0 ] INFO  volume.StorageVolumeChecker (StorageVolumeChecker.java:checkAllVolumes(218)) - Scheduled health check for volume /home/runner/work/ozone/ozone/hadoop-ozone/integration-test/target/test-dir/MiniOzoneClusterImpl-58399722-4c39-4f0d-a4d6-8a89216b262d/ozone-meta/datanode-2/ratis
2024-11-05 06:16:33,056 [43b7afd8-9e19-4b34-aad7-81b8e915bbb6-EndpointStateMachineTaskThread-/0.0.0.0:15002-0 ] INFO  ozoneimpl.OzoneContainer (OzoneContainer.java:start(475)) - Attempting to start container services.
2024-11-05 06:16:33,056 [43b7afd8-9e19-4b34-aad7-81b8e915bbb6-EndpointStateMachineTaskThread-/0.0.0.0:15002-0 ] WARN  ozoneimpl.OnDemandContainerDataScanner (OnDemandContainerDataScanner.java:init(75)) - Trying to initialize on demand scanner a second time on a datanode.
2024-11-05 06:16:33,056 [ContainerMetadataScanner] INFO  ozoneimpl.AbstractBackgroundContainerScanner (AbstractBackgroundContainerScanner.java:runIteration(87)) - Completed an iteration in 0 minutes. Number of iterations (since the data-node restart) : 1, Number of containers scanned in this iteration : 0, Number of unhealthy containers found in this iteration : 0
2024-11-05 06:16:33,057 [ContainerDataScanner(/home/runner/work/ozone/ozone/hadoop-ozone/integration-test/target/test-dir/MiniOzoneClusterImpl-58399722-4c39-4f0d-a4d6-8a89216b262d/ozone-meta/datanode-2/data-0/hdds)] INFO  ozoneimpl.AbstractBackgroundContainerScanner (AbstractBackgroundContainerScanner.java:runIteration(87)) - Completed an iteration in 0 minutes. Number of iterations (since the data-node restart) : 1, Number of containers scanned in this iteration : 0, Number of unhealthy containers found in this iteration : 0
2024-11-05 06:16:33,057 [43b7afd8-9e19-4b34-aad7-81b8e915bbb6-EndpointStateMachineTaskThread-/0.0.0.0:15002-0 ] INFO  replication.ReplicationServer (ReplicationServer.java:start(139)) - ReplicationServer is started using port 15027
2024-11-05 06:16:33,058 [43b7afd8-9e19-4b34-aad7-81b8e915bbb6-EndpointStateMachineTaskThread-/0.0.0.0:15002-0 ] INFO  ratis.XceiverServerRatis (XceiverServerRatis.java:start(561)) - Starting XceiverServerRatis(43b7afd8-9e19-4b34-aad7-81b8e915bbb6)
2024-11-05 06:16:33,058 [43b7afd8-9e19-4b34-aad7-81b8e915bbb6-EndpointStateMachineTaskThread-/0.0.0.0:15002-0 ] INFO  server.RaftServer (RaftServerProxy.java:startImpl(407)) - 43b7afd8-9e19-4b34-aad7-81b8e915bbb6: start RPC server
2024-11-05 06:16:33,059 [43b7afd8-9e19-4b34-aad7-81b8e915bbb6-EndpointStateMachineTaskThread-/0.0.0.0:15002-0 ] INFO  server.GrpcService (GrpcService.java:startImpl(334)) - 43b7afd8-9e19-4b34-aad7-81b8e915bbb6: GrpcService started, listening on 15023
2024-11-05 06:16:33,059 [43b7afd8-9e19-4b34-aad7-81b8e915bbb6-EndpointStateMachineTaskThread-/0.0.0.0:15002-0 ] INFO  ratis.XceiverServerRatis (XceiverServerRatis.java:getRealPort(588)) - XceiverServerRatis(43b7afd8-9e19-4b34-aad7-81b8e915bbb6) is started using port RATIS=15023
2024-11-05 06:16:33,059 [43b7afd8-9e19-4b34-aad7-81b8e915bbb6-EndpointStateMachineTaskThread-/0.0.0.0:15002-0 ] INFO  ratis.XceiverServerRatis (XceiverServerRatis.java:getRealPort(588)) - XceiverServerRatis(43b7afd8-9e19-4b34-aad7-81b8e915bbb6) is started using port RATIS_ADMIN=15023
2024-11-05 06:16:33,059 [43b7afd8-9e19-4b34-aad7-81b8e915bbb6-EndpointStateMachineTaskThread-/0.0.0.0:15002-0 ] INFO  ratis.XceiverServerRatis (XceiverServerRatis.java:getRealPort(588)) - XceiverServerRatis(43b7afd8-9e19-4b34-aad7-81b8e915bbb6) is started using port RATIS_SERVER=15023
2024-11-05 06:16:33,059 [43b7afd8-9e19-4b34-aad7-81b8e915bbb6-EndpointStateMachineTaskThread-/0.0.0.0:15002-0 ] INFO  ratis.XceiverServerRatis (XceiverServerRatis.java:getRealPort(588)) - XceiverServerRatis(43b7afd8-9e19-4b34-aad7-81b8e915bbb6) is started using port RATIS_DATASTREAM=15026
2024-11-05 06:16:33,059 [JvmPauseMonitor4] INFO  util.JvmPauseMonitor (JvmPauseMonitor.java:run(146)) - JvmPauseMonitor-43b7afd8-9e19-4b34-aad7-81b8e915bbb6: Started
2024-11-05 06:16:33,061 [43b7afd8-9e19-4b34-aad7-81b8e915bbb6-BlockDeletingService#0] INFO  interfaces.ContainerDeletionChoosingPolicyTemplate (ContainerDeletionChoosingPolicyTemplate.java:chooseContainerForBlockDeletion(85)) - Chosen 0/5000 blocks from 0 candidate containers.
2024-11-05 06:16:33,402 [44ff6b06-02d2-44ad-8aa1-4af94363565f-EndpointStateMachineTaskThread-/0.0.0.0:15002-0 ] INFO  utils.DatanodeStoreCache (DatanodeStoreCache.java:addDB(72)) - Added db /home/runner/work/ozone/ozone/hadoop-ozone/integration-test/target/test-dir/MiniOzoneClusterImpl-58399722-4c39-4f0d-a4d6-8a89216b262d/ozone-meta/datanode-3/data-0/hdds/58399722-4c39-4f0d-a4d6-8a89216b262d/DS-58268263-3ed2-494a-817e-72a64ed9c1c1/container.db to cache
2024-11-05 06:16:33,402 [44ff6b06-02d2-44ad-8aa1-4af94363565f-EndpointStateMachineTaskThread-/0.0.0.0:15002-0 ] INFO  volume.HddsVolume (HddsVolume.java:createDbStore(429)) - SchemaV3 db is created and loaded at /home/runner/work/ozone/ozone/hadoop-ozone/integration-test/target/test-dir/MiniOzoneClusterImpl-58399722-4c39-4f0d-a4d6-8a89216b262d/ozone-meta/datanode-3/data-0/hdds/58399722-4c39-4f0d-a4d6-8a89216b262d/DS-58268263-3ed2-494a-817e-72a64ed9c1c1/container.db for volume DS-58268263-3ed2-494a-817e-72a64ed9c1c1
2024-11-05 06:16:33,404 [44ff6b06-02d2-44ad-8aa1-4af94363565f-ContainerReader-0] INFO  ozoneimpl.ContainerReader (ContainerReader.java:readVolume(148)) - Start to verify containers on volume /home/runner/work/ozone/ozone/hadoop-ozone/integration-test/target/test-dir/MiniOzoneClusterImpl-58399722-4c39-4f0d-a4d6-8a89216b262d/ozone-meta/datanode-3/data-0/hdds
2024-11-05 06:16:33,404 [44ff6b06-02d2-44ad-8aa1-4af94363565f-ContainerReader-0] INFO  ozoneimpl.ContainerReader (ContainerReader.java:readVolume(178)) - Finish verifying containers on volume /home/runner/work/ozone/ozone/hadoop-ozone/integration-test/target/test-dir/MiniOzoneClusterImpl-58399722-4c39-4f0d-a4d6-8a89216b262d/ozone-meta/datanode-3/data-0/hdds
2024-11-05 06:16:33,404 [44ff6b06-02d2-44ad-8aa1-4af94363565f-EndpointStateMachineTaskThread-/0.0.0.0:15002-0 ] INFO  ozoneimpl.OzoneContainer (OzoneContainer.java:buildContainerSet(344)) - Build ContainerSet costs 0s
2024-11-05 06:16:33,404 [44ff6b06-02d2-44ad-8aa1-4af94363565f-EndpointStateMachineTaskThread-/0.0.0.0:15002-0 ] INFO  volume.ThrottledAsyncChecker (ThrottledAsyncChecker.java:schedule(141)) - Scheduling a check for /home/runner/work/ozone/ozone/hadoop-ozone/integration-test/target/test-dir/MiniOzoneClusterImpl-58399722-4c39-4f0d-a4d6-8a89216b262d/ozone-meta/datanode-3/data-0/hdds
2024-11-05 06:16:33,405 [44ff6b06-02d2-44ad-8aa1-4af94363565f-EndpointStateMachineTaskThread-/0.0.0.0:15002-0 ] INFO  volume.StorageVolumeChecker (StorageVolumeChecker.java:checkAllVolumes(218)) - Scheduled health check for volume /home/runner/work/ozone/ozone/hadoop-ozone/integration-test/target/test-dir/MiniOzoneClusterImpl-58399722-4c39-4f0d-a4d6-8a89216b262d/ozone-meta/datanode-3/data-0/hdds
2024-11-05 06:16:33,406 [44ff6b06-02d2-44ad-8aa1-4af94363565f-EndpointStateMachineTaskThread-/0.0.0.0:15002-0 ] INFO  volume.ThrottledAsyncChecker (ThrottledAsyncChecker.java:schedule(141)) - Scheduling a check for /home/runner/work/ozone/ozone/hadoop-ozone/integration-test/target/test-dir/MiniOzoneClusterImpl-58399722-4c39-4f0d-a4d6-8a89216b262d/ozone-meta/datanode-3/ratis
2024-11-05 06:16:33,406 [44ff6b06-02d2-44ad-8aa1-4af94363565f-EndpointStateMachineTaskThread-/0.0.0.0:15002-0 ] INFO  volume.StorageVolumeChecker (StorageVolumeChecker.java:checkAllVolumes(218)) - Scheduled health check for volume /home/runner/work/ozone/ozone/hadoop-ozone/integration-test/target/test-dir/MiniOzoneClusterImpl-58399722-4c39-4f0d-a4d6-8a89216b262d/ozone-meta/datanode-3/ratis
2024-11-05 06:16:33,408 [44ff6b06-02d2-44ad-8aa1-4af94363565f-EndpointStateMachineTaskThread-/0.0.0.0:15002-0 ] INFO  ozoneimpl.OzoneContainer (OzoneContainer.java:start(475)) - Attempting to start container services.
2024-11-05 06:16:33,408 [44ff6b06-02d2-44ad-8aa1-4af94363565f-EndpointStateMachineTaskThread-/0.0.0.0:15002-0 ] WARN  ozoneimpl.OnDemandContainerDataScanner (OnDemandContainerDataScanner.java:init(75)) - Trying to initialize on demand scanner a second time on a datanode.
2024-11-05 06:16:33,408 [ContainerMetadataScanner] INFO  ozoneimpl.AbstractBackgroundContainerScanner (AbstractBackgroundContainerScanner.java:runIteration(87)) - Completed an iteration in 0 minutes. Number of iterations (since the data-node restart) : 1, Number of containers scanned in this iteration : 0, Number of unhealthy containers found in this iteration : 0
2024-11-05 06:16:33,409 [ContainerDataScanner(/home/runner/work/ozone/ozone/hadoop-ozone/integration-test/target/test-dir/MiniOzoneClusterImpl-58399722-4c39-4f0d-a4d6-8a89216b262d/ozone-meta/datanode-3/data-0/hdds)] INFO  ozoneimpl.AbstractBackgroundContainerScanner (AbstractBackgroundContainerScanner.java:runIteration(87)) - Completed an iteration in 0 minutes. Number of iterations (since the data-node restart) : 1, Number of containers scanned in this iteration : 0, Number of unhealthy containers found in this iteration : 0
2024-11-05 06:16:33,409 [44ff6b06-02d2-44ad-8aa1-4af94363565f-EndpointStateMachineTaskThread-/0.0.0.0:15002-0 ] INFO  replication.ReplicationServer (ReplicationServer.java:start(139)) - ReplicationServer is started using port 15036
2024-11-05 06:16:33,410 [44ff6b06-02d2-44ad-8aa1-4af94363565f-EndpointStateMachineTaskThread-/0.0.0.0:15002-0 ] INFO  ratis.XceiverServerRatis (XceiverServerRatis.java:start(561)) - Starting XceiverServerRatis(44ff6b06-02d2-44ad-8aa1-4af94363565f)
2024-11-05 06:16:33,410 [44ff6b06-02d2-44ad-8aa1-4af94363565f-EndpointStateMachineTaskThread-/0.0.0.0:15002-0 ] INFO  server.RaftServer (RaftServerProxy.java:startImpl(407)) - 44ff6b06-02d2-44ad-8aa1-4af94363565f: start RPC server
2024-11-05 06:16:33,411 [44ff6b06-02d2-44ad-8aa1-4af94363565f-EndpointStateMachineTaskThread-/0.0.0.0:15002-0 ] INFO  server.GrpcService (GrpcService.java:startImpl(334)) - 44ff6b06-02d2-44ad-8aa1-4af94363565f: GrpcService started, listening on 15032
2024-11-05 06:16:33,411 [44ff6b06-02d2-44ad-8aa1-4af94363565f-EndpointStateMachineTaskThread-/0.0.0.0:15002-0 ] INFO  ratis.XceiverServerRatis (XceiverServerRatis.java:getRealPort(588)) - XceiverServerRatis(44ff6b06-02d2-44ad-8aa1-4af94363565f) is started using port RATIS=15032
2024-11-05 06:16:33,411 [44ff6b06-02d2-44ad-8aa1-4af94363565f-EndpointStateMachineTaskThread-/0.0.0.0:15002-0 ] INFO  ratis.XceiverServerRatis (XceiverServerRatis.java:getRealPort(588)) - XceiverServerRatis(44ff6b06-02d2-44ad-8aa1-4af94363565f) is started using port RATIS_ADMIN=15032
2024-11-05 06:16:33,411 [44ff6b06-02d2-44ad-8aa1-4af94363565f-EndpointStateMachineTaskThread-/0.0.0.0:15002-0 ] INFO  ratis.XceiverServerRatis (XceiverServerRatis.java:getRealPort(588)) - XceiverServerRatis(44ff6b06-02d2-44ad-8aa1-4af94363565f) is started using port RATIS_SERVER=15032
2024-11-05 06:16:33,411 [44ff6b06-02d2-44ad-8aa1-4af94363565f-EndpointStateMachineTaskThread-/0.0.0.0:15002-0 ] INFO  ratis.XceiverServerRatis (XceiverServerRatis.java:getRealPort(588)) - XceiverServerRatis(44ff6b06-02d2-44ad-8aa1-4af94363565f) is started using port RATIS_DATASTREAM=15035
2024-11-05 06:16:33,411 [JvmPauseMonitor5] INFO  util.JvmPauseMonitor (JvmPauseMonitor.java:run(146)) - JvmPauseMonitor-44ff6b06-02d2-44ad-8aa1-4af94363565f: Started
2024-11-05 06:16:33,416 [44ff6b06-02d2-44ad-8aa1-4af94363565f-BlockDeletingService#0] INFO  interfaces.ContainerDeletionChoosingPolicyTemplate (ContainerDeletionChoosingPolicyTemplate.java:chooseContainerForBlockDeletion(85)) - Chosen 0/5000 blocks from 0 candidate containers.
2024-11-05 06:16:33,679 [main] INFO  ozone.MiniOzoneClusterImpl (MiniOzoneClusterImpl.java:lambda$waitForClusterToBeReady$0(219)) - Waiting for nodes to be ready. Got 0 of 4 DN Heartbeats.
2024-11-05 06:16:33,680 [main] INFO  ozone.MiniOzoneClusterImpl (MiniOzoneClusterImpl.java:lambda$waitForClusterToBeReady$0(222)) - Waiting for cluster to exit safe mode
2024-11-05 06:16:33,680 [main] INFO  ozone.MiniOzoneClusterImpl (MiniOzoneClusterImpl.java:lambda$waitForClusterToBeReady$0(224)) - SCM became leader
2024-11-05 06:16:33,707 [a9c169ad-2417-45be-a484-83a45557bcfc-EndpointStateMachineTaskThread-/0.0.0.0:15002-0 ] INFO  utils.DatanodeStoreCache (DatanodeStoreCache.java:addDB(72)) - Added db /home/runner/work/ozone/ozone/hadoop-ozone/integration-test/target/test-dir/MiniOzoneClusterImpl-58399722-4c39-4f0d-a4d6-8a89216b262d/ozone-meta/datanode-4/data-0/hdds/58399722-4c39-4f0d-a4d6-8a89216b262d/DS-e16fac0c-3264-41f4-a0fe-802cc26accf7/container.db to cache
2024-11-05 06:16:33,707 [a9c169ad-2417-45be-a484-83a45557bcfc-EndpointStateMachineTaskThread-/0.0.0.0:15002-0 ] INFO  volume.HddsVolume (HddsVolume.java:createDbStore(429)) - SchemaV3 db is created and loaded at /home/runner/work/ozone/ozone/hadoop-ozone/integration-test/target/test-dir/MiniOzoneClusterImpl-58399722-4c39-4f0d-a4d6-8a89216b262d/ozone-meta/datanode-4/data-0/hdds/58399722-4c39-4f0d-a4d6-8a89216b262d/DS-e16fac0c-3264-41f4-a0fe-802cc26accf7/container.db for volume DS-e16fac0c-3264-41f4-a0fe-802cc26accf7
2024-11-05 06:16:33,709 [a9c169ad-2417-45be-a484-83a45557bcfc-ContainerReader-0] INFO  ozoneimpl.ContainerReader (ContainerReader.java:readVolume(148)) - Start to verify containers on volume /home/runner/work/ozone/ozone/hadoop-ozone/integration-test/target/test-dir/MiniOzoneClusterImpl-58399722-4c39-4f0d-a4d6-8a89216b262d/ozone-meta/datanode-4/data-0/hdds
2024-11-05 06:16:33,709 [a9c169ad-2417-45be-a484-83a45557bcfc-ContainerReader-0] INFO  ozoneimpl.ContainerReader (ContainerReader.java:readVolume(178)) - Finish verifying containers on volume /home/runner/work/ozone/ozone/hadoop-ozone/integration-test/target/test-dir/MiniOzoneClusterImpl-58399722-4c39-4f0d-a4d6-8a89216b262d/ozone-meta/datanode-4/data-0/hdds
2024-11-05 06:16:33,709 [a9c169ad-2417-45be-a484-83a45557bcfc-EndpointStateMachineTaskThread-/0.0.0.0:15002-0 ] INFO  ozoneimpl.OzoneContainer (OzoneContainer.java:buildContainerSet(344)) - Build ContainerSet costs 0s
2024-11-05 06:16:33,710 [a9c169ad-2417-45be-a484-83a45557bcfc-EndpointStateMachineTaskThread-/0.0.0.0:15002-0 ] INFO  volume.ThrottledAsyncChecker (ThrottledAsyncChecker.java:schedule(141)) - Scheduling a check for /home/runner/work/ozone/ozone/hadoop-ozone/integration-test/target/test-dir/MiniOzoneClusterImpl-58399722-4c39-4f0d-a4d6-8a89216b262d/ozone-meta/datanode-4/data-0/hdds
2024-11-05 06:16:33,710 [a9c169ad-2417-45be-a484-83a45557bcfc-EndpointStateMachineTaskThread-/0.0.0.0:15002-0 ] INFO  volume.StorageVolumeChecker (StorageVolumeChecker.java:checkAllVolumes(218)) - Scheduled health check for volume /home/runner/work/ozone/ozone/hadoop-ozone/integration-test/target/test-dir/MiniOzoneClusterImpl-58399722-4c39-4f0d-a4d6-8a89216b262d/ozone-meta/datanode-4/data-0/hdds
2024-11-05 06:16:33,711 [a9c169ad-2417-45be-a484-83a45557bcfc-EndpointStateMachineTaskThread-/0.0.0.0:15002-0 ] INFO  volume.ThrottledAsyncChecker (ThrottledAsyncChecker.java:schedule(141)) - Scheduling a check for /home/runner/work/ozone/ozone/hadoop-ozone/integration-test/target/test-dir/MiniOzoneClusterImpl-58399722-4c39-4f0d-a4d6-8a89216b262d/ozone-meta/datanode-4/ratis
2024-11-05 06:16:33,711 [a9c169ad-2417-45be-a484-83a45557bcfc-EndpointStateMachineTaskThread-/0.0.0.0:15002-0 ] INFO  volume.StorageVolumeChecker (StorageVolumeChecker.java:checkAllVolumes(218)) - Scheduled health check for volume /home/runner/work/ozone/ozone/hadoop-ozone/integration-test/target/test-dir/MiniOzoneClusterImpl-58399722-4c39-4f0d-a4d6-8a89216b262d/ozone-meta/datanode-4/ratis
2024-11-05 06:16:33,712 [a9c169ad-2417-45be-a484-83a45557bcfc-EndpointStateMachineTaskThread-/0.0.0.0:15002-0 ] INFO  ozoneimpl.OzoneContainer (OzoneContainer.java:start(475)) - Attempting to start container services.
2024-11-05 06:16:33,712 [a9c169ad-2417-45be-a484-83a45557bcfc-EndpointStateMachineTaskThread-/0.0.0.0:15002-0 ] WARN  ozoneimpl.OnDemandContainerDataScanner (OnDemandContainerDataScanner.java:init(75)) - Trying to initialize on demand scanner a second time on a datanode.
2024-11-05 06:16:33,713 [ContainerMetadataScanner] INFO  ozoneimpl.AbstractBackgroundContainerScanner (AbstractBackgroundContainerScanner.java:runIteration(87)) - Completed an iteration in 0 minutes. Number of iterations (since the data-node restart) : 1, Number of containers scanned in this iteration : 0, Number of unhealthy containers found in this iteration : 0
2024-11-05 06:16:33,714 [ContainerDataScanner(/home/runner/work/ozone/ozone/hadoop-ozone/integration-test/target/test-dir/MiniOzoneClusterImpl-58399722-4c39-4f0d-a4d6-8a89216b262d/ozone-meta/datanode-4/data-0/hdds)] INFO  ozoneimpl.AbstractBackgroundContainerScanner (AbstractBackgroundContainerScanner.java:runIteration(87)) - Completed an iteration in 0 minutes. Number of iterations (since the data-node restart) : 1, Number of containers scanned in this iteration : 0, Number of unhealthy containers found in this iteration : 0
2024-11-05 06:16:33,714 [a9c169ad-2417-45be-a484-83a45557bcfc-EndpointStateMachineTaskThread-/0.0.0.0:15002-0 ] INFO  replication.ReplicationServer (ReplicationServer.java:start(139)) - ReplicationServer is started using port 15045
2024-11-05 06:16:33,714 [a9c169ad-2417-45be-a484-83a45557bcfc-EndpointStateMachineTaskThread-/0.0.0.0:15002-0 ] INFO  ratis.XceiverServerRatis (XceiverServerRatis.java:start(561)) - Starting XceiverServerRatis(a9c169ad-2417-45be-a484-83a45557bcfc)
2024-11-05 06:16:33,715 [a9c169ad-2417-45be-a484-83a45557bcfc-EndpointStateMachineTaskThread-/0.0.0.0:15002-0 ] INFO  server.RaftServer (RaftServerProxy.java:startImpl(407)) - a9c169ad-2417-45be-a484-83a45557bcfc: start RPC server
2024-11-05 06:16:33,716 [a9c169ad-2417-45be-a484-83a45557bcfc-EndpointStateMachineTaskThread-/0.0.0.0:15002-0 ] INFO  server.GrpcService (GrpcService.java:startImpl(334)) - a9c169ad-2417-45be-a484-83a45557bcfc: GrpcService started, listening on 15041
2024-11-05 06:16:33,716 [a9c169ad-2417-45be-a484-83a45557bcfc-EndpointStateMachineTaskThread-/0.0.0.0:15002-0 ] INFO  ratis.XceiverServerRatis (XceiverServerRatis.java:getRealPort(588)) - XceiverServerRatis(a9c169ad-2417-45be-a484-83a45557bcfc) is started using port RATIS=15041
2024-11-05 06:16:33,716 [JvmPauseMonitor6] INFO  util.JvmPauseMonitor (JvmPauseMonitor.java:run(146)) - JvmPauseMonitor-a9c169ad-2417-45be-a484-83a45557bcfc: Started
2024-11-05 06:16:33,716 [a9c169ad-2417-45be-a484-83a45557bcfc-EndpointStateMachineTaskThread-/0.0.0.0:15002-0 ] INFO  ratis.XceiverServerRatis (XceiverServerRatis.java:getRealPort(588)) - XceiverServerRatis(a9c169ad-2417-45be-a484-83a45557bcfc) is started using port RATIS_ADMIN=15041
2024-11-05 06:16:33,716 [a9c169ad-2417-45be-a484-83a45557bcfc-EndpointStateMachineTaskThread-/0.0.0.0:15002-0 ] INFO  ratis.XceiverServerRatis (XceiverServerRatis.java:getRealPort(588)) - XceiverServerRatis(a9c169ad-2417-45be-a484-83a45557bcfc) is started using port RATIS_SERVER=15041
2024-11-05 06:16:33,716 [a9c169ad-2417-45be-a484-83a45557bcfc-EndpointStateMachineTaskThread-/0.0.0.0:15002-0 ] INFO  ratis.XceiverServerRatis (XceiverServerRatis.java:getRealPort(588)) - XceiverServerRatis(a9c169ad-2417-45be-a484-83a45557bcfc) is started using port RATIS_DATASTREAM=15044
2024-11-05 06:16:33,718 [a9c169ad-2417-45be-a484-83a45557bcfc-BlockDeletingService#0] INFO  interfaces.ContainerDeletionChoosingPolicyTemplate (ContainerDeletionChoosingPolicyTemplate.java:chooseContainerForBlockDeletion(85)) - Chosen 0/5000 blocks from 0 candidate containers.
2024-11-05 06:16:34,680 [main] INFO  ozone.MiniOzoneClusterImpl (MiniOzoneClusterImpl.java:lambda$waitForClusterToBeReady$0(219)) - Waiting for nodes to be ready. Got 0 of 4 DN Heartbeats.
2024-11-05 06:16:34,680 [main] INFO  ozone.MiniOzoneClusterImpl (MiniOzoneClusterImpl.java:lambda$waitForClusterToBeReady$0(222)) - Waiting for cluster to exit safe mode
2024-11-05 06:16:34,680 [main] INFO  ozone.MiniOzoneClusterImpl (MiniOzoneClusterImpl.java:lambda$waitForClusterToBeReady$0(224)) - SCM became leader
2024-11-05 06:16:34,725 [IPC Server handler 3 on default port 15009] INFO  net.NetworkTopologyImpl (NetworkTopologyImpl.java:add(134)) - Added a new node: /default-rack/731aafee-c06b-4662-9d20-472061f2d46e
2024-11-05 06:16:34,725 [IPC Server handler 4 on default port 15002] INFO  net.NetworkTopologyImpl (NetworkTopologyImpl.java:add(134)) - Added a new node: /default-rack/731aafee-c06b-4662-9d20-472061f2d46e
2024-11-05 06:16:34,728 [IPC Server handler 3 on default port 15009] INFO  node.SCMNodeManager (SCMNodeManager.java:register(424)) - Registered datanode: 731aafee-c06b-4662-9d20-472061f2d46e{ip: 127.0.0.1, host: localhost, ports: [HTTP=15011, CLIENT_RPC=15012, REPLICATION=15018, RATIS=15014, RATIS_ADMIN=15014, RATIS_SERVER=15014, RATIS_DATASTREAM=15017, STANDALONE=15013], networkLocation: /default-rack, certSerialId: null, persistedOpState: null, persistedOpStateExpiryEpochSec: 0}
2024-11-05 06:16:34,728 [IPC Server handler 4 on default port 15002] INFO  node.SCMNodeManager (SCMNodeManager.java:register(424)) - Registered datanode: 731aafee-c06b-4662-9d20-472061f2d46e{ip: 127.0.0.1, host: localhost, ports: [HTTP=15011, CLIENT_RPC=15012, REPLICATION=15018, RATIS=15014, RATIS_ADMIN=15014, RATIS_SERVER=15014, RATIS_DATASTREAM=15017, STANDALONE=15013], networkLocation: /default-rack, certSerialId: null, persistedOpState: null, persistedOpStateExpiryEpochSec: 0}
2024-11-05 06:16:34,730 [IPC Server handler 3 on default port 15009] INFO  recon.ReconContext (ReconContext.java:updateHealthStatus(77)) - Update healthStatus of Recon from true to true.
2024-11-05 06:16:34,730 [EventQueue-NewNodeForNewNodeHandler] INFO  pipeline.BackgroundPipelineCreator (BackgroundPipelineCreator.java:notifyEventTriggered(280)) - trigger a one-shot run on RatisPipelineUtilsThread.
2024-11-05 06:16:34,733 [Recon-EventQueue-NewNodeForReconNewNodeHandler] INFO  scm.ReconNodeManager (ReconNodeManager.java:addNodeToDB(151)) - Adding new node 731aafee-c06b-4662-9d20-472061f2d46e to Node DB.
2024-11-05 06:16:34,737 [RatisPipelineUtilsThread-0] INFO  pipeline.RatisPipelineProvider (RatisPipelineProvider.java:lambda$create$0(205)) - Sending CreatePipelineCommand for pipeline:PipelineID=446e92fa-72b8-40e6-84dc-ada0f752c078 to datanode:731aafee-c06b-4662-9d20-472061f2d46e
2024-11-05 06:16:34,738 [EventQueue-NodeRegistrationContainerReportForDataNodeSafeModeRule] INFO  safemode.SCMSafeModeManager (DataNodeSafeModeRule.java:process(71)) - SCM in safe mode. 1 DataNodes registered, 3 required.
2024-11-05 06:16:34,739 [EventQueue-NodeRegistrationContainerReportForContainerSafeModeRule] INFO  safemode.SCMSafeModeManager (SCMSafeModeManager.java:validateSafeModeExitRules(203)) - ContainerSafeModeRule rule is successfully validated
2024-11-05 06:16:34,739 [EventQueue-PipelineReportForOneReplicaPipelineSafeModeRule] INFO  safemode.SCMSafeModeManager (SCMSafeModeManager.java:validateSafeModeExitRules(203)) - AtleastOneDatanodeReportedRule rule is successfully validated
2024-11-05 06:16:34,753 [RatisPipelineUtilsThread-0] INFO  pipeline.BackgroundPipelineCreator (BackgroundPipelineCreator.java:createPipelines(236)) - Created new pipeline Pipeline[ Id: 446e92fa-72b8-40e6-84dc-ada0f752c078, Nodes: 731aafee-c06b-4662-9d20-472061f2d46e(localhost/127.0.0.1) ReplicaIndex: 0, ReplicationConfig: RATIS/ONE, State:ALLOCATED, leaderId:, CreationTimestamp2024-11-05T06:16:34.736588846Z[Etc/UTC]]
2024-11-05 06:16:35,020 [IPC Server handler 0 on default port 15002] INFO  net.NetworkTopologyImpl (NetworkTopologyImpl.java:add(134)) - Added a new node: /default-rack/43b7afd8-9e19-4b34-aad7-81b8e915bbb6
2024-11-05 06:16:35,021 [IPC Server handler 0 on default port 15009] INFO  net.NetworkTopologyImpl (NetworkTopologyImpl.java:add(134)) - Added a new node: /default-rack/43b7afd8-9e19-4b34-aad7-81b8e915bbb6
2024-11-05 06:16:35,021 [IPC Server handler 0 on default port 15002] INFO  node.SCMNodeManager (SCMNodeManager.java:register(424)) - Registered datanode: 43b7afd8-9e19-4b34-aad7-81b8e915bbb6{ip: 127.0.0.1, host: localhost, ports: [HTTP=15020, CLIENT_RPC=15021, REPLICATION=15027, RATIS=15023, RATIS_ADMIN=15023, RATIS_SERVER=15023, RATIS_DATASTREAM=15026, STANDALONE=15022], networkLocation: /default-rack, certSerialId: null, persistedOpState: null, persistedOpStateExpiryEpochSec: 0}
2024-11-05 06:16:35,021 [IPC Server handler 0 on default port 15009] INFO  node.SCMNodeManager (SCMNodeManager.java:register(424)) - Registered datanode: 43b7afd8-9e19-4b34-aad7-81b8e915bbb6{ip: 127.0.0.1, host: localhost, ports: [HTTP=15020, CLIENT_RPC=15021, REPLICATION=15027, RATIS=15023, RATIS_ADMIN=15023, RATIS_SERVER=15023, RATIS_DATASTREAM=15026, STANDALONE=15022], networkLocation: /default-rack, certSerialId: null, persistedOpState: null, persistedOpStateExpiryEpochSec: 0}
2024-11-05 06:16:35,021 [IPC Server handler 0 on default port 15009] INFO  recon.ReconContext (ReconContext.java:updateHealthStatus(77)) - Update healthStatus of Recon from true to true.
2024-11-05 06:16:35,023 [Recon-EventQueue-NewNodeForReconNewNodeHandler] INFO  scm.ReconNodeManager (ReconNodeManager.java:addNodeToDB(151)) - Adding new node 43b7afd8-9e19-4b34-aad7-81b8e915bbb6 to Node DB.
2024-11-05 06:16:35,023 [EventQueue-NewNodeForNewNodeHandler] INFO  pipeline.BackgroundPipelineCreator (BackgroundPipelineCreator.java:notifyEventTriggered(280)) - trigger a one-shot run on RatisPipelineUtilsThread.
2024-11-05 06:16:35,023 [EventQueue-NodeRegistrationContainerReportForDataNodeSafeModeRule] INFO  safemode.SCMSafeModeManager (DataNodeSafeModeRule.java:process(71)) - SCM in safe mode. 2 DataNodes registered, 3 required.
2024-11-05 06:16:35,024 [RatisPipelineUtilsThread-0] INFO  pipeline.RatisPipelineProvider (RatisPipelineProvider.java:lambda$create$0(205)) - Sending CreatePipelineCommand for pipeline:PipelineID=e09c32b0-fbbc-45b2-84e2-0615df56f7b4 to datanode:43b7afd8-9e19-4b34-aad7-81b8e915bbb6
2024-11-05 06:16:35,025 [RatisPipelineUtilsThread-0] INFO  pipeline.BackgroundPipelineCreator (BackgroundPipelineCreator.java:createPipelines(236)) - Created new pipeline Pipeline[ Id: e09c32b0-fbbc-45b2-84e2-0615df56f7b4, Nodes: 43b7afd8-9e19-4b34-aad7-81b8e915bbb6(localhost/127.0.0.1) ReplicaIndex: 0, ReplicationConfig: RATIS/ONE, State:ALLOCATED, leaderId:, CreationTimestamp2024-11-05T06:16:35.024328898Z[Etc/UTC]]
2024-11-05 06:16:35,372 [IPC Server handler 1 on default port 15009] INFO  net.NetworkTopologyImpl (NetworkTopologyImpl.java:add(134)) - Added a new node: /default-rack/44ff6b06-02d2-44ad-8aa1-4af94363565f
2024-11-05 06:16:35,372 [IPC Server handler 1 on default port 15009] INFO  node.SCMNodeManager (SCMNodeManager.java:register(424)) - Registered datanode: 44ff6b06-02d2-44ad-8aa1-4af94363565f{ip: 127.0.0.1, host: localhost, ports: [HTTP=15029, CLIENT_RPC=15030, REPLICATION=15036, RATIS=15032, RATIS_ADMIN=15032, RATIS_SERVER=15032, RATIS_DATASTREAM=15035, STANDALONE=15031], networkLocation: /default-rack, certSerialId: null, persistedOpState: null, persistedOpStateExpiryEpochSec: 0}
2024-11-05 06:16:35,372 [IPC Server handler 1 on default port 15009] INFO  recon.ReconContext (ReconContext.java:updateHealthStatus(77)) - Update healthStatus of Recon from true to true.
2024-11-05 06:16:35,372 [IPC Server handler 1 on default port 15002] INFO  net.NetworkTopologyImpl (NetworkTopologyImpl.java:add(134)) - Added a new node: /default-rack/44ff6b06-02d2-44ad-8aa1-4af94363565f
2024-11-05 06:16:35,373 [Recon-EventQueue-NewNodeForReconNewNodeHandler] INFO  scm.ReconNodeManager (ReconNodeManager.java:addNodeToDB(151)) - Adding new node 44ff6b06-02d2-44ad-8aa1-4af94363565f to Node DB.
2024-11-05 06:16:35,373 [IPC Server handler 1 on default port 15002] INFO  node.SCMNodeManager (SCMNodeManager.java:register(424)) - Registered datanode: 44ff6b06-02d2-44ad-8aa1-4af94363565f{ip: 127.0.0.1, host: localhost, ports: [HTTP=15029, CLIENT_RPC=15030, REPLICATION=15036, RATIS=15032, RATIS_ADMIN=15032, RATIS_SERVER=15032, RATIS_DATASTREAM=15035, STANDALONE=15031], networkLocation: /default-rack, certSerialId: null, persistedOpState: null, persistedOpStateExpiryEpochSec: 0}
2024-11-05 06:16:35,373 [EventQueue-NewNodeForNewNodeHandler] INFO  pipeline.BackgroundPipelineCreator (BackgroundPipelineCreator.java:notifyEventTriggered(280)) - trigger a one-shot run on RatisPipelineUtilsThread.
2024-11-05 06:16:35,373 [EventQueue-NodeRegistrationContainerReportForDataNodeSafeModeRule] INFO  safemode.SCMSafeModeManager (DataNodeSafeModeRule.java:process(71)) - SCM in safe mode. 3 DataNodes registered, 3 required.
2024-11-05 06:16:35,373 [EventQueue-NodeRegistrationContainerReportForDataNodeSafeModeRule] INFO  safemode.SCMSafeModeManager (SCMSafeModeManager.java:validateSafeModeExitRules(203)) - DataNodeSafeModeRule rule is successfully validated
2024-11-05 06:16:35,374 [EventQueue-NodeRegistrationContainerReportForDataNodeSafeModeRule] INFO  safemode.SCMSafeModeManager (SCMSafeModeManager.java:completePreCheck(232)) - All SCM safe mode pre check rules have passed
2024-11-05 06:16:35,374 [EventQueue-NodeRegistrationContainerReportForDataNodeSafeModeRule] INFO  ha.SCMContext (SCMContext.java:updateSafeModeStatus(225)) - Update SafeModeStatus from SafeModeStatus{safeModeStatus=true, preCheckPassed=false} to SafeModeStatus{safeModeStatus=true, preCheckPassed=true}.
2024-11-05 06:16:35,374 [EventQueue-NodeRegistrationContainerReportForDataNodeSafeModeRule] INFO  pipeline.BackgroundPipelineCreator (BackgroundPipelineCreator.java:notifyEventTriggered(280)) - trigger a one-shot run on RatisPipelineUtilsThread.
2024-11-05 06:16:35,374 [RatisPipelineUtilsThread-0] INFO  pipeline.RatisPipelineProvider (RatisPipelineProvider.java:lambda$create$0(205)) - Sending CreatePipelineCommand for pipeline:PipelineID=e610ab2e-92e0-44ea-a564-d91ac16046a8 to datanode:44ff6b06-02d2-44ad-8aa1-4af94363565f
2024-11-05 06:16:35,375 [RatisPipelineUtilsThread-0] INFO  pipeline.BackgroundPipelineCreator (BackgroundPipelineCreator.java:createPipelines(236)) - Created new pipeline Pipeline[ Id: e610ab2e-92e0-44ea-a564-d91ac16046a8, Nodes: 44ff6b06-02d2-44ad-8aa1-4af94363565f(localhost/127.0.0.1) ReplicaIndex: 0, ReplicationConfig: RATIS/ONE, State:ALLOCATED, leaderId:, CreationTimestamp2024-11-05T06:16:35.374708148Z[Etc/UTC]]
2024-11-05 06:16:35,378 [RatisPipelineUtilsThread-0] INFO  pipeline.RatisPipelineProvider (RatisPipelineProvider.java:lambda$create$0(205)) - Sending CreatePipelineCommand for pipeline:PipelineID=070fb56e-6c7a-4531-8d60-c41ef94b1934 to datanode:44ff6b06-02d2-44ad-8aa1-4af94363565f
2024-11-05 06:16:35,380 [RatisPipelineUtilsThread-0] INFO  pipeline.RatisPipelineProvider (RatisPipelineProvider.java:lambda$create$0(205)) - Sending CreatePipelineCommand for pipeline:PipelineID=070fb56e-6c7a-4531-8d60-c41ef94b1934 to datanode:731aafee-c06b-4662-9d20-472061f2d46e
2024-11-05 06:16:35,380 [RatisPipelineUtilsThread-0] INFO  pipeline.RatisPipelineProvider (RatisPipelineProvider.java:lambda$create$0(205)) - Sending CreatePipelineCommand for pipeline:PipelineID=070fb56e-6c7a-4531-8d60-c41ef94b1934 to datanode:43b7afd8-9e19-4b34-aad7-81b8e915bbb6
2024-11-05 06:16:35,382 [RatisPipelineUtilsThread-0] INFO  pipeline.BackgroundPipelineCreator (BackgroundPipelineCreator.java:createPipelines(236)) - Created new pipeline Pipeline[ Id: 070fb56e-6c7a-4531-8d60-c41ef94b1934, Nodes: 44ff6b06-02d2-44ad-8aa1-4af94363565f(localhost/127.0.0.1) ReplicaIndex: 0731aafee-c06b-4662-9d20-472061f2d46e(localhost/127.0.0.1) ReplicaIndex: 043b7afd8-9e19-4b34-aad7-81b8e915bbb6(localhost/127.0.0.1) ReplicaIndex: 0, ReplicationConfig: RATIS/THREE, State:ALLOCATED, leaderId:, CreationTimestamp2024-11-05T06:16:35.378707661Z[Etc/UTC]]
2024-11-05 06:16:35,383 [RatisPipelineUtilsThread-0] INFO  pipeline.RatisPipelineProvider (RatisPipelineProvider.java:lambda$create$0(205)) - Sending CreatePipelineCommand for pipeline:PipelineID=09e0977e-6386-430c-9c36-83d748725593 to datanode:731aafee-c06b-4662-9d20-472061f2d46e
2024-11-05 06:16:35,383 [RatisPipelineUtilsThread-0] INFO  pipeline.RatisPipelineProvider (RatisPipelineProvider.java:lambda$create$0(205)) - Sending CreatePipelineCommand for pipeline:PipelineID=09e0977e-6386-430c-9c36-83d748725593 to datanode:44ff6b06-02d2-44ad-8aa1-4af94363565f
2024-11-05 06:16:35,383 [RatisPipelineUtilsThread-0] INFO  pipeline.RatisPipelineProvider (RatisPipelineProvider.java:lambda$create$0(205)) - Sending CreatePipelineCommand for pipeline:PipelineID=09e0977e-6386-430c-9c36-83d748725593 to datanode:43b7afd8-9e19-4b34-aad7-81b8e915bbb6
2024-11-05 06:16:35,385 [RatisPipelineUtilsThread-0] INFO  pipeline.PipelineManagerImpl (PipelineManagerImpl.java:recordMetricsForPipeline(916)) - Pipeline: PipelineID=09e0977e-6386-430c-9c36-83d748725593 contains same datanodes as previous pipelines: PipelineID=070fb56e-6c7a-4531-8d60-c41ef94b1934 nodeIds: 731aafee-c06b-4662-9d20-472061f2d46e, 44ff6b06-02d2-44ad-8aa1-4af94363565f, 43b7afd8-9e19-4b34-aad7-81b8e915bbb6
2024-11-05 06:16:35,385 [RatisPipelineUtilsThread-0] INFO  pipeline.BackgroundPipelineCreator (BackgroundPipelineCreator.java:createPipelines(236)) - Created new pipeline Pipeline[ Id: 09e0977e-6386-430c-9c36-83d748725593, Nodes: 731aafee-c06b-4662-9d20-472061f2d46e(localhost/127.0.0.1) ReplicaIndex: 044ff6b06-02d2-44ad-8aa1-4af94363565f(localhost/127.0.0.1) ReplicaIndex: 043b7afd8-9e19-4b34-aad7-81b8e915bbb6(localhost/127.0.0.1) ReplicaIndex: 0, ReplicationConfig: RATIS/THREE, State:ALLOCATED, leaderId:, CreationTimestamp2024-11-05T06:16:35.383030715Z[Etc/UTC]]
2024-11-05 06:16:35,678 [IPC Server handler 3 on default port 15002] INFO  net.NetworkTopologyImpl (NetworkTopologyImpl.java:add(134)) - Added a new node: /default-rack/a9c169ad-2417-45be-a484-83a45557bcfc
2024-11-05 06:16:35,678 [IPC Server handler 2 on default port 15009] INFO  net.NetworkTopologyImpl (NetworkTopologyImpl.java:add(134)) - Added a new node: /default-rack/a9c169ad-2417-45be-a484-83a45557bcfc
2024-11-05 06:16:35,678 [IPC Server handler 3 on default port 15002] INFO  node.SCMNodeManager (SCMNodeManager.java:register(424)) - Registered datanode: a9c169ad-2417-45be-a484-83a45557bcfc{ip: 127.0.0.1, host: localhost, ports: [HTTP=15038, CLIENT_RPC=15039, REPLICATION=15045, RATIS=15041, RATIS_ADMIN=15041, RATIS_SERVER=15041, RATIS_DATASTREAM=15044, STANDALONE=15040], networkLocation: /default-rack, certSerialId: null, persistedOpState: null, persistedOpStateExpiryEpochSec: 0}
2024-11-05 06:16:35,679 [EventQueue-NewNodeForNewNodeHandler] INFO  pipeline.BackgroundPipelineCreator (BackgroundPipelineCreator.java:notifyEventTriggered(280)) - trigger a one-shot run on RatisPipelineUtilsThread.
2024-11-05 06:16:35,678 [IPC Server handler 2 on default port 15009] INFO  node.SCMNodeManager (SCMNodeManager.java:register(424)) - Registered datanode: a9c169ad-2417-45be-a484-83a45557bcfc{ip: 127.0.0.1, host: localhost, ports: [HTTP=15038, CLIENT_RPC=15039, REPLICATION=15045, RATIS=15041, RATIS_ADMIN=15041, RATIS_SERVER=15041, RATIS_DATASTREAM=15044, STANDALONE=15040], networkLocation: /default-rack, certSerialId: null, persistedOpState: null, persistedOpStateExpiryEpochSec: 0}
2024-11-05 06:16:35,679 [RatisPipelineUtilsThread-0] INFO  pipeline.RatisPipelineProvider (RatisPipelineProvider.java:lambda$create$0(205)) - Sending CreatePipelineCommand for pipeline:PipelineID=b4a3c996-3faf-47d1-887c-1e0de463ccee to datanode:a9c169ad-2417-45be-a484-83a45557bcfc
2024-11-05 06:16:35,680 [Recon-EventQueue-NewNodeForReconNewNodeHandler] INFO  scm.ReconNodeManager (ReconNodeManager.java:addNodeToDB(151)) - Adding new node a9c169ad-2417-45be-a484-83a45557bcfc to Node DB.
2024-11-05 06:16:35,679 [IPC Server handler 2 on default port 15009] INFO  recon.ReconContext (ReconContext.java:updateHealthStatus(77)) - Update healthStatus of Recon from true to true.
2024-11-05 06:16:35,681 [main] INFO  ozone.MiniOzoneClusterImpl (MiniOzoneClusterImpl.java:lambda$waitForClusterToBeReady$0(219)) - Nodes are ready. Got 4 of 4 DN Heartbeats.
2024-11-05 06:16:35,681 [main] INFO  ozone.MiniOzoneClusterImpl (MiniOzoneClusterImpl.java:lambda$waitForClusterToBeReady$0(222)) - Waiting for cluster to exit safe mode
2024-11-05 06:16:35,681 [main] INFO  ozone.MiniOzoneClusterImpl (MiniOzoneClusterImpl.java:lambda$waitForClusterToBeReady$0(224)) - SCM became leader
2024-11-05 06:16:35,681 [RatisPipelineUtilsThread-0] INFO  pipeline.BackgroundPipelineCreator (BackgroundPipelineCreator.java:createPipelines(236)) - Created new pipeline Pipeline[ Id: b4a3c996-3faf-47d1-887c-1e0de463ccee, Nodes: a9c169ad-2417-45be-a484-83a45557bcfc(localhost/127.0.0.1) ReplicaIndex: 0, ReplicationConfig: RATIS/ONE, State:ALLOCATED, leaderId:, CreationTimestamp2024-11-05T06:16:35.679817398Z[Etc/UTC]]
2024-11-05 06:16:36,681 [main] INFO  ozone.MiniOzoneClusterImpl (MiniOzoneClusterImpl.java:lambda$waitForClusterToBeReady$0(219)) - Nodes are ready. Got 4 of 4 DN Heartbeats.
2024-11-05 06:16:36,681 [main] INFO  ozone.MiniOzoneClusterImpl (MiniOzoneClusterImpl.java:lambda$waitForClusterToBeReady$0(222)) - Waiting for cluster to exit safe mode
2024-11-05 06:16:36,681 [main] INFO  ozone.MiniOzoneClusterImpl (MiniOzoneClusterImpl.java:lambda$waitForClusterToBeReady$0(224)) - SCM became leader
2024-11-05 06:16:36,705 [IPC Server handler 3 on default port 15009] INFO  scm.ReconNodeManager (ReconNodeManager.java:processHeartbeat(234)) - Sending ReregisterCommand() for localhost
2024-11-05 06:16:37,021 [IPC Server handler 0 on default port 15009] INFO  scm.ReconNodeManager (ReconNodeManager.java:processHeartbeat(234)) - Sending ReregisterCommand() for localhost
2024-11-05 06:16:37,371 [IPC Server handler 1 on default port 15009] INFO  scm.ReconNodeManager (ReconNodeManager.java:processHeartbeat(234)) - Sending ReregisterCommand() for localhost
2024-11-05 06:16:37,677 [IPC Server handler 2 on default port 15009] INFO  scm.ReconNodeManager (ReconNodeManager.java:processHeartbeat(234)) - Sending ReregisterCommand() for localhost
2024-11-05 06:16:37,682 [main] INFO  ozone.MiniOzoneClusterImpl (MiniOzoneClusterImpl.java:lambda$waitForClusterToBeReady$0(219)) - Nodes are ready. Got 4 of 4 DN Heartbeats.
2024-11-05 06:16:37,682 [main] INFO  ozone.MiniOzoneClusterImpl (MiniOzoneClusterImpl.java:lambda$waitForClusterToBeReady$0(222)) - Waiting for cluster to exit safe mode
2024-11-05 06:16:37,682 [main] INFO  ozone.MiniOzoneClusterImpl (MiniOzoneClusterImpl.java:lambda$waitForClusterToBeReady$0(224)) - SCM became leader
2024-11-05 06:16:37,720 [731aafee-c06b-4662-9d20-472061f2d46e-PipelineCommandHandlerThread-0] INFO  server.RaftServer (RaftServerProxy.java:addNew(100)) - 731aafee-c06b-4662-9d20-472061f2d46e: addNew group-ADA0F752C078:[731aafee-c06b-4662-9d20-472061f2d46e|127.0.0.1:15014] returns group-ADA0F752C078:java.util.concurrent.CompletableFuture@393220c5[Not completed]
2024-11-05 06:16:37,726 [731aafee-c06b-4662-9d20-472061f2d46e-groupManagement] INFO  server.RaftServer$Division (RaftServerImpl.java:<init>(254)) - 731aafee-c06b-4662-9d20-472061f2d46e: new RaftServerImpl for group-ADA0F752C078:[731aafee-c06b-4662-9d20-472061f2d46e|127.0.0.1:15014] with ContainerStateMachine:uninitialized
2024-11-05 06:16:37,726 [731aafee-c06b-4662-9d20-472061f2d46e-groupManagement] INFO  server.RaftServerConfigKeys (ConfUtils.java:logGet(46)) - raft.server.rpc.timeout.min = 5s (custom)
2024-11-05 06:16:37,726 [731aafee-c06b-4662-9d20-472061f2d46e-groupManagement] INFO  server.RaftServerConfigKeys (ConfUtils.java:logGet(46)) - raft.server.rpc.timeout.max = 5200ms (custom)
2024-11-05 06:16:37,726 [731aafee-c06b-4662-9d20-472061f2d46e-groupManagement] INFO  server.RaftServerConfigKeys (ConfUtils.java:logGet(46)) - raft.server.rpc.sleep.time = 25ms (default)
2024-11-05 06:16:37,727 [731aafee-c06b-4662-9d20-472061f2d46e-groupManagement] INFO  server.RaftServerConfigKeys (ConfUtils.java:logGet(46)) - raft.server.rpc.slowness.timeout = 300s (custom)
2024-11-05 06:16:37,727 [731aafee-c06b-4662-9d20-472061f2d46e-groupManagement] INFO  server.RaftServerConfigKeys (ConfUtils.java:logGet(46)) - raft.server.leaderelection.leader.step-down.wait-time = 10s (default)
2024-11-05 06:16:37,727 [731aafee-c06b-4662-9d20-472061f2d46e-groupManagement] INFO  server.RaftServerConfigKeys (ConfUtils.java:logGet(46)) - raft.server.leaderelection.member.majority-add = false (default)
2024-11-05 06:16:37,727 [731aafee-c06b-4662-9d20-472061f2d46e-groupManagement] INFO  server.RaftServerConfigKeys (ConfUtils.java:logGet(46)) - raft.server.sleep.deviation.threshold = 300ms (default)
2024-11-05 06:16:37,727 [731aafee-c06b-4662-9d20-472061f2d46e-groupManagement] INFO  server.RaftServer$Division (ServerState.java:<init>(114)) - 731aafee-c06b-4662-9d20-472061f2d46e@group-ADA0F752C078: ConfigurationManager, init=conf: {index: -1, cur=peers:[731aafee-c06b-4662-9d20-472061f2d46e|127.0.0.1:15014]|listeners:[], old=null}, confs=<EMPTY_MAP>
2024-11-05 06:16:37,727 [731aafee-c06b-4662-9d20-472061f2d46e-groupManagement] INFO  server.RaftServerConfigKeys (ConfUtils.java:logGet(46)) - raft.server.notification.no-leader.timeout = 300s (custom)
2024-11-05 06:16:37,727 [731aafee-c06b-4662-9d20-472061f2d46e-groupManagement] INFO  server.RaftServerConfigKeys (ConfUtils.java:logGet(46)) - raft.server.read.timeout = 10s (default)
2024-11-05 06:16:37,727 [731aafee-c06b-4662-9d20-472061f2d46e-groupManagement] INFO  server.RaftServerConfigKeys (ConfUtils.java:logGet(46)) - raft.server.retrycache.expirytime = 600000ms (custom)
2024-11-05 06:16:37,727 [731aafee-c06b-4662-9d20-472061f2d46e-groupManagement] INFO  server.RaftServerConfigKeys (ConfUtils.java:logGet(46)) - raft.server.retrycache.statistics.expirytime = 100ms (default)
2024-11-05 06:16:37,727 [731aafee-c06b-4662-9d20-472061f2d46e-groupManagement] INFO  server.RaftServerConfigKeys (ConfUtils.java:logGet(46)) - raft.server.read.option = DEFAULT (default)
2024-11-05 06:16:37,728 [731aafee-c06b-4662-9d20-472061f2d46e-groupManagement] INFO  server.RaftServerConfigKeys (ConfUtils.java:logGet(46)) - raft.server.read.read-after-write-consistent.write-index-cache.expiry-time = 60s (default)
2024-11-05 06:16:37,737 [731aafee-c06b-4662-9d20-472061f2d46e-groupManagement] INFO  server.RaftServerConfigKeys (ConfUtils.java:logGet(46)) - raft.server.rpc.request.timeout = 60s (custom)
2024-11-05 06:16:37,737 [731aafee-c06b-4662-9d20-472061f2d46e-groupManagement] INFO  server.RaftServerConfigKeys (ConfUtils.java:logGet(46)) - raft.server.log.appender.install.snapshot.enabled = false (custom)
2024-11-05 06:16:37,737 [731aafee-c06b-4662-9d20-472061f2d46e-groupManagement] INFO  server.RaftServerConfigKeys (ConfUtils.java:logGet(46)) - raft.server.threadpool.server.cached = true (default)
2024-11-05 06:16:37,737 [731aafee-c06b-4662-9d20-472061f2d46e-groupManagement] INFO  server.RaftServerConfigKeys (ConfUtils.java:logGet(46)) - raft.server.threadpool.server.size = 0 (default)
2024-11-05 06:16:37,737 [731aafee-c06b-4662-9d20-472061f2d46e-groupManagement] INFO  server.RaftServerConfigKeys (ConfUtils.java:logGet(46)) - raft.server.threadpool.client.cached = true (default)
2024-11-05 06:16:37,737 [731aafee-c06b-4662-9d20-472061f2d46e-groupManagement] INFO  server.RaftServerConfigKeys (ConfUtils.java:logGet(46)) - raft.server.threadpool.client.size = 0 (default)
2024-11-05 06:16:37,737 [731aafee-c06b-4662-9d20-472061f2d46e-groupManagement] INFO  server.RaftServerConfigKeys (ConfUtils.java:logGet(46)) - raft.server.storage.free-space.min = 0MB (=0) (default)
2024-11-05 06:16:37,738 [731aafee-c06b-4662-9d20-472061f2d46e-groupManagement] INFO  server.RaftServerConfigKeys (ConfUtils.java:logGet(46)) - raft.server.log.corruption.policy = EXCEPTION (default)
2024-11-05 06:16:37,738 [731aafee-c06b-4662-9d20-472061f2d46e-groupManagement] INFO  server.RaftServerConfigKeys (ConfUtils.java:logGet(46)) - raft.server.storage.dir = [/home/runner/work/ozone/ozone/hadoop-ozone/integration-test/target/test-dir/MiniOzoneClusterImpl-58399722-4c39-4f0d-a4d6-8a89216b262d/ozone-meta/datanode-1/ratis] (custom)
2024-11-05 06:16:37,738 [731aafee-c06b-4662-9d20-472061f2d46e-groupManagement] INFO  storage.RaftStorageDirectory (RaftStorageDirectoryImpl.java:analyzeStorage(138)) - The storage directory /home/runner/work/ozone/ozone/hadoop-ozone/integration-test/target/test-dir/MiniOzoneClusterImpl-58399722-4c39-4f0d-a4d6-8a89216b262d/ozone-meta/datanode-1/ratis/446e92fa-72b8-40e6-84dc-ada0f752c078 does not exist. Creating ...
2024-11-05 06:16:37,739 [731aafee-c06b-4662-9d20-472061f2d46e-groupManagement] INFO  storage.RaftStorageDirectory (RaftStorageDirectoryImpl.java:tryLock(229)) - Lock on /home/runner/work/ozone/ozone/hadoop-ozone/integration-test/target/test-dir/MiniOzoneClusterImpl-58399722-4c39-4f0d-a4d6-8a89216b262d/ozone-meta/datanode-1/ratis/446e92fa-72b8-40e6-84dc-ada0f752c078/in_use.lock acquired by nodename 123098@fv-az1791-537
2024-11-05 06:16:37,741 [731aafee-c06b-4662-9d20-472061f2d46e-groupManagement] INFO  storage.RaftStorage (RaftStorageImpl.java:format(98)) - Storage directory /home/runner/work/ozone/ozone/hadoop-ozone/integration-test/target/test-dir/MiniOzoneClusterImpl-58399722-4c39-4f0d-a4d6-8a89216b262d/ozone-meta/datanode-1/ratis/446e92fa-72b8-40e6-84dc-ada0f752c078 has been successfully formatted.
2024-11-05 06:16:37,744 [731aafee-c06b-4662-9d20-472061f2d46e-groupManagement] INFO  ratis.ContainerStateMachine (ContainerStateMachine.java:initialize(285)) - 731aafee-c06b-4662-9d20-472061f2d46e: initialize group-ADA0F752C078
2024-11-05 06:16:37,744 [731aafee-c06b-4662-9d20-472061f2d46e-groupManagement] INFO  ratis.ContainerStateMachine (ContainerStateMachine.java:loadSnapshot(293)) - group-ADA0F752C078: The snapshot info is null. Setting the last applied index to:(t:0, i:~)
2024-11-05 06:16:37,744 [731aafee-c06b-4662-9d20-472061f2d46e-groupManagement] INFO  server.RaftServerConfigKeys (ConfUtils.java:logGet(46)) - raft.server.log.use.memory = false (default)
2024-11-05 06:16:37,744 [731aafee-c06b-4662-9d20-472061f2d46e-groupManagement] INFO  server.RaftServerConfigKeys (ConfUtils.java:logGet(46)) - raft.server.log.purge.gap = 1000000 (custom)
2024-11-05 06:16:37,744 [731aafee-c06b-4662-9d20-472061f2d46e-groupManagement] INFO  server.RaftServerConfigKeys (ConfUtils.java:logGet(46)) - raft.server.log.appender.buffer.byte-limit = 33554432 (custom)
2024-11-05 06:16:37,744 [731aafee-c06b-4662-9d20-472061f2d46e-groupManagement] INFO  server.RaftServerConfigKeys (ConfUtils.java:logGet(46)) - raft.server.log.statemachine.data.read.timeout = 1000ms (default)
2024-11-05 06:16:37,744 [731aafee-c06b-4662-9d20-472061f2d46e-groupManagement] INFO  server.RaftServerConfigKeys (ConfUtils.java:logGet(46)) - raft.server.log.purge.preservation.log.num = 0 (default)
2024-11-05 06:16:37,748 [731aafee-c06b-4662-9d20-472061f2d46e-groupManagement] INFO  server.RaftServerConfigKeys (ConfUtils.java:logGet(46)) - raft.server.log.segment.size.max = 67108864 (custom)
2024-11-05 06:16:37,748 [731aafee-c06b-4662-9d20-472061f2d46e-groupManagement] INFO  server.RaftServerConfigKeys (ConfUtils.java:logGet(46)) - raft.server.log.segment.cache.num.max = 2 (custom)
2024-11-05 06:16:37,748 [731aafee-c06b-4662-9d20-472061f2d46e-groupManagement] INFO  server.RaftServerConfigKeys (ConfUtils.java:logGet(46)) - raft.server.log.segment.cache.size.max = 200MB (=209715200) (default)
2024-11-05 06:16:37,748 [731aafee-c06b-4662-9d20-472061f2d46e-groupManagement] INFO  server.RaftServerConfigKeys (ConfUtils.java:logGet(46)) - raft.server.log.appender.buffer.byte-limit = 33554432 (custom)
2024-11-05 06:16:37,749 [731aafee-c06b-4662-9d20-472061f2d46e-groupManagement] INFO  util.AwaitToRun (AwaitToRun.java:start(81)) - Thread[731aafee-c06b-4662-9d20-472061f2d46e@group-ADA0F752C078-cacheEviction-AwaitToRun,5,main] started
2024-11-05 06:16:37,749 [731aafee-c06b-4662-9d20-472061f2d46e-groupManagement] INFO  segmented.SegmentedRaftLogWorker (SegmentedRaftLogWorker.java:<init>(187)) - new 731aafee-c06b-4662-9d20-472061f2d46e@group-ADA0F752C078-SegmentedRaftLogWorker for RaftStorageImpl:Storage Directory /home/runner/work/ozone/ozone/hadoop-ozone/integration-test/target/test-dir/MiniOzoneClusterImpl-58399722-4c39-4f0d-a4d6-8a89216b262d/ozone-meta/datanode-1/ratis/446e92fa-72b8-40e6-84dc-ada0f752c078
2024-11-05 06:16:37,749 [731aafee-c06b-4662-9d20-472061f2d46e-groupManagement] INFO  server.RaftServerConfigKeys (ConfUtils.java:logGet(46)) - raft.server.log.queue.byte-limit = 4294967296 (custom)
2024-11-05 06:16:37,749 [731aafee-c06b-4662-9d20-472061f2d46e-groupManagement] INFO  server.RaftServerConfigKeys (ConfUtils.java:logGet(46)) - raft.server.log.queue.element-limit = 1024 (custom)
2024-11-05 06:16:37,749 [731aafee-c06b-4662-9d20-472061f2d46e-groupManagement] INFO  server.RaftServerConfigKeys (ConfUtils.java:logGet(46)) - raft.server.log.segment.size.max = 67108864 (custom)
2024-11-05 06:16:37,749 [731aafee-c06b-4662-9d20-472061f2d46e-groupManagement] INFO  server.RaftServerConfigKeys (ConfUtils.java:logGet(46)) - raft.server.log.preallocated.size = 4194304 (custom)
2024-11-05 06:16:37,749 [731aafee-c06b-4662-9d20-472061f2d46e-groupManagement] INFO  server.RaftServerConfigKeys (ConfUtils.java:logGet(46)) - raft.server.log.force.sync.num = 128 (default)
2024-11-05 06:16:37,749 [731aafee-c06b-4662-9d20-472061f2d46e-groupManagement] INFO  server.RaftServerConfigKeys (ConfUtils.java:logGet(46)) - raft.server.log.statemachine.data.sync = true (default)
2024-11-05 06:16:37,749 [731aafee-c06b-4662-9d20-472061f2d46e-groupManagement] INFO  server.RaftServerConfigKeys (ConfUtils.java:logGet(46)) - raft.server.log.statemachine.data.sync.timeout = 10s (default)
2024-11-05 06:16:37,749 [731aafee-c06b-4662-9d20-472061f2d46e-groupManagement] INFO  server.RaftServerConfigKeys (ConfUtils.java:logGet(46)) - raft.server.log.statemachine.data.sync.timeout.retry = 30 (custom)
2024-11-05 06:16:37,750 [731aafee-c06b-4662-9d20-472061f2d46e-groupManagement] INFO  server.RaftServerConfigKeys (ConfUtils.java:logGet(46)) - raft.server.log.write.buffer.size = 33554440 (custom)
2024-11-05 06:16:37,750 [IPC Server handler 4 on default port 15009] INFO  scm.ReconNodeManager (ReconNodeManager.java:register(275)) - Updating nodeDB for localhost
2024-11-05 06:16:37,751 [IPC Server handler 4 on default port 15009] INFO  recon.ReconContext (ReconContext.java:updateHealthStatus(77)) - Update healthStatus of Recon from true to true.
2024-11-05 06:16:37,755 [731aafee-c06b-4662-9d20-472061f2d46e-groupManagement] INFO  server.RaftServerConfigKeys (ConfUtils.java:logGet(46)) - raft.server.log.appender.buffer.byte-limit = 33554432 (custom)
2024-11-05 06:16:37,755 [731aafee-c06b-4662-9d20-472061f2d46e-groupManagement] INFO  server.RaftServerConfigKeys (ConfUtils.java:logGet(46)) - raft.server.log.unsafe-flush.enabled = false (default)
2024-11-05 06:16:37,755 [731aafee-c06b-4662-9d20-472061f2d46e-groupManagement] INFO  server.RaftServerConfigKeys (ConfUtils.java:logGet(46)) - raft.server.log.async-flush.enabled = false (default)
2024-11-05 06:16:37,755 [731aafee-c06b-4662-9d20-472061f2d46e-groupManagement] INFO  server.RaftServerConfigKeys (ConfUtils.java:logGet(46)) - raft.server.log.statemachine.data.caching.enabled = true (custom)
2024-11-05 06:16:37,755 [731aafee-c06b-4662-9d20-472061f2d46e-groupManagement] INFO  segmented.SegmentedRaftLogWorker (SegmentedRaftLogWorker.java:lambda$new$0(138)) - 731aafee-c06b-4662-9d20-472061f2d46e@group-ADA0F752C078-SegmentedRaftLogWorker: flushIndex: setUnconditionally 0 -> -1
2024-11-05 06:16:37,755 [731aafee-c06b-4662-9d20-472061f2d46e-groupManagement] INFO  segmented.SegmentedRaftLogWorker (SegmentedRaftLogWorker.java:lambda$new$0(138)) - 731aafee-c06b-4662-9d20-472061f2d46e@group-ADA0F752C078-SegmentedRaftLogWorker: safeCacheEvictIndex: setUnconditionally 0 -> -1
2024-11-05 06:16:37,756 [Recon-EventQueue-PipelineReportForReconPipelineReportHandler] INFO  scm.ReconPipelineReportHandler (ReconPipelineReportHandler.java:processPipelineReport(68)) - Unknown pipeline PipelineID=446e92fa-72b8-40e6-84dc-ada0f752c078. Trying to get from SCM.
2024-11-05 06:16:37,759 [731aafee-c06b-4662-9d20-472061f2d46e-groupManagement] INFO  server.RaftServer$Division (RaftServerImpl.java:start(390)) - 731aafee-c06b-4662-9d20-472061f2d46e@group-ADA0F752C078: start as a follower, conf=conf: {index: -1, cur=peers:[731aafee-c06b-4662-9d20-472061f2d46e|127.0.0.1:15014]|listeners:[], old=null}
2024-11-05 06:16:37,759 [731aafee-c06b-4662-9d20-472061f2d46e-groupManagement] INFO  server.RaftServer$Division (RaftServerImpl.java:setRole(377)) - 731aafee-c06b-4662-9d20-472061f2d46e@group-ADA0F752C078: changes role from      null to FOLLOWER at term 0 for startAsFollower
2024-11-05 06:16:37,760 [731aafee-c06b-4662-9d20-472061f2d46e-groupManagement] INFO  impl.RoleInfo (RoleInfo.java:updateAndGet(148)) - 731aafee-c06b-4662-9d20-472061f2d46e: start 731aafee-c06b-4662-9d20-472061f2d46e@group-ADA0F752C078-FollowerState
2024-11-05 06:16:37,764 [EventQueue-PipelineReportForPipelineReportHandler] INFO  pipeline.PipelineReportHandler (PipelineReportHandler.java:processPipelineReport(136)) - Opened pipeline PipelineID=446e92fa-72b8-40e6-84dc-ada0f752c078
2024-11-05 06:16:37,772 [Recon-EventQueue-PipelineReportForReconPipelineReportHandler] INFO  scm.ReconPipelineReportHandler (ReconPipelineReportHandler.java:processPipelineReport(87)) - Pipeline Pipeline[ Id: 446e92fa-72b8-40e6-84dc-ada0f752c078, Nodes: 731aafee-c06b-4662-9d20-472061f2d46e(localhost/127.0.0.1) ReplicaIndex: 0, ReplicationConfig: RATIS/ONE, State:OPEN, leaderId:731aafee-c06b-4662-9d20-472061f2d46e, CreationTimestamp2024-11-05T06:16:34.736Z[Etc/UTC]] verified from SCM and added to Recon pipeline metadata.
2024-11-05 06:16:37,773 [EventQueue-OpenPipelineForHealthyPipelineSafeModeRule] INFO  safemode.SCMSafeModeManager (HealthyPipelineSafeModeRule.java:process(140)) - SCM in safe mode. Healthy pipelines reported count is 0, required healthy pipeline reported count is 1
2024-11-05 06:16:37,772 [731aafee-c06b-4662-9d20-472061f2d46e-groupManagement] INFO  util.JmxRegister (JmxRegister.java:tryRegister(44)) - Successfully registered JMX Bean with object name Ratis:service=RaftServer,group=group-ADA0F752C078,id=731aafee-c06b-4662-9d20-472061f2d46e
2024-11-05 06:16:37,774 [731aafee-c06b-4662-9d20-472061f2d46e-groupManagement] INFO  util.JmxRegister (JmxRegister.java:register(58)) - register mxBean class org.apache.ratis.server.impl.RaftServerJmxAdapter as Ratis:service=RaftServer,group=group-ADA0F752C078,id=731aafee-c06b-4662-9d20-472061f2d46e
2024-11-05 06:16:37,774 [731aafee-c06b-4662-9d20-472061f2d46e-groupManagement] INFO  server.RaftServerConfigKeys (ConfUtils.java:logGet(46)) - raft.server.snapshot.trigger-when-stop.enabled = true (default)
2024-11-05 06:16:37,775 [731aafee-c06b-4662-9d20-472061f2d46e@group-ADA0F752C078-FollowerState] INFO  server.RaftServerConfigKeys (ConfUtils.java:logFallback(53)) - raft.server.rpc.first-election.timeout.min = 5s (fallback to raft.server.rpc.timeout.min)
2024-11-05 06:16:37,775 [731aafee-c06b-4662-9d20-472061f2d46e@group-ADA0F752C078-FollowerState] INFO  server.RaftServerConfigKeys (ConfUtils.java:logFallback(53)) - raft.server.rpc.first-election.timeout.max = 5200ms (fallback to raft.server.rpc.timeout.max)
2024-11-05 06:16:37,775 [731aafee-c06b-4662-9d20-472061f2d46e-groupManagement] INFO  server.RaftServerConfigKeys (ConfUtils.java:logGet(46)) - raft.server.snapshot.trigger-when-remove.enabled = true (default)
2024-11-05 06:16:37,776 [731aafee-c06b-4662-9d20-472061f2d46e-groupManagement] INFO  server.RaftServerConfigKeys (ConfUtils.java:logGet(46)) - raft.server.snapshot.auto.trigger.enabled = true (custom)
2024-11-05 06:16:37,776 [731aafee-c06b-4662-9d20-472061f2d46e-groupManagement] INFO  server.RaftServerConfigKeys (ConfUtils.java:logGet(46)) - raft.server.snapshot.auto.trigger.threshold = 10000 (custom)
2024-11-05 06:16:37,776 [731aafee-c06b-4662-9d20-472061f2d46e-groupManagement] INFO  server.RaftServerConfigKeys (ConfUtils.java:logGet(46)) - raft.server.snapshot.retention.file.num = 5 (custom)
2024-11-05 06:16:37,777 [731aafee-c06b-4662-9d20-472061f2d46e-groupManagement] INFO  server.RaftServerConfigKeys (ConfUtils.java:logGet(46)) - raft.server.log.purge.upto.snapshot.index = false (default)
2024-11-05 06:16:37,783 [731aafee-c06b-4662-9d20-472061f2d46e-PipelineCommandHandlerThread-0] INFO  ratis.XceiverServerRatis (XceiverServerRatis.java:addGroup(844)) - Created group PipelineID=446e92fa-72b8-40e6-84dc-ada0f752c078
2024-11-05 06:16:37,784 [731aafee-c06b-4662-9d20-472061f2d46e-PipelineCommandHandlerThread-0] INFO  commandhandler.CreatePipelineCommandHandler (CreatePipelineCommandHandler.java:lambda$handle$2(129)) - Created Pipeline RATIS ONE PipelineID=446e92fa-72b8-40e6-84dc-ada0f752c078.
2024-11-05 06:16:37,784 [731aafee-c06b-4662-9d20-472061f2d46e-PipelineCommandHandlerThread-0] INFO  server.RaftServer (RaftServerProxy.java:addNew(100)) - 731aafee-c06b-4662-9d20-472061f2d46e: addNew group-C41EF94B1934:[44ff6b06-02d2-44ad-8aa1-4af94363565f|127.0.0.1:15032, 731aafee-c06b-4662-9d20-472061f2d46e|127.0.0.1:15014, 43b7afd8-9e19-4b34-aad7-81b8e915bbb6|127.0.0.1:15023] returns group-C41EF94B1934:java.util.concurrent.CompletableFuture@27cdaab2[Not completed]
2024-11-05 06:16:37,789 [731aafee-c06b-4662-9d20-472061f2d46e-groupManagement] INFO  server.RaftServer$Division (RaftServerImpl.java:<init>(254)) - 731aafee-c06b-4662-9d20-472061f2d46e: new RaftServerImpl for group-C41EF94B1934:[44ff6b06-02d2-44ad-8aa1-4af94363565f|127.0.0.1:15032, 731aafee-c06b-4662-9d20-472061f2d46e|127.0.0.1:15014, 43b7afd8-9e19-4b34-aad7-81b8e915bbb6|127.0.0.1:15023] with ContainerStateMachine:uninitialized
2024-11-05 06:16:37,789 [731aafee-c06b-4662-9d20-472061f2d46e-groupManagement] INFO  server.RaftServerConfigKeys (ConfUtils.java:logGet(46)) - raft.server.rpc.timeout.min = 5s (custom)
2024-11-05 06:16:37,789 [731aafee-c06b-4662-9d20-472061f2d46e-groupManagement] INFO  server.RaftServerConfigKeys (ConfUtils.java:logGet(46)) - raft.server.rpc.timeout.max = 5200ms (custom)
2024-11-05 06:16:37,789 [731aafee-c06b-4662-9d20-472061f2d46e-groupManagement] INFO  server.RaftServerConfigKeys (ConfUtils.java:logGet(46)) - raft.server.rpc.sleep.time = 25ms (default)
2024-11-05 06:16:37,789 [731aafee-c06b-4662-9d20-472061f2d46e-groupManagement] INFO  server.RaftServerConfigKeys (ConfUtils.java:logGet(46)) - raft.server.rpc.slowness.timeout = 300s (custom)
2024-11-05 06:16:37,789 [731aafee-c06b-4662-9d20-472061f2d46e-groupManagement] INFO  server.RaftServerConfigKeys (ConfUtils.java:logGet(46)) - raft.server.leaderelection.leader.step-down.wait-time = 10s (default)
2024-11-05 06:16:37,789 [731aafee-c06b-4662-9d20-472061f2d46e-groupManagement] INFO  server.RaftServerConfigKeys (ConfUtils.java:logGet(46)) - raft.server.leaderelection.member.majority-add = false (default)
2024-11-05 06:16:37,789 [731aafee-c06b-4662-9d20-472061f2d46e-groupManagement] INFO  server.RaftServerConfigKeys (ConfUtils.java:logGet(46)) - raft.server.sleep.deviation.threshold = 300ms (default)
2024-11-05 06:16:37,789 [731aafee-c06b-4662-9d20-472061f2d46e-groupManagement] INFO  server.RaftServer$Division (ServerState.java:<init>(114)) - 731aafee-c06b-4662-9d20-472061f2d46e@group-C41EF94B1934: ConfigurationManager, init=conf: {index: -1, cur=peers:[44ff6b06-02d2-44ad-8aa1-4af94363565f|127.0.0.1:15032, 731aafee-c06b-4662-9d20-472061f2d46e|127.0.0.1:15014, 43b7afd8-9e19-4b34-aad7-81b8e915bbb6|127.0.0.1:15023]|listeners:[], old=null}, confs=<EMPTY_MAP>
2024-11-05 06:16:37,789 [731aafee-c06b-4662-9d20-472061f2d46e-groupManagement] INFO  server.RaftServerConfigKeys (ConfUtils.java:logGet(46)) - raft.server.notification.no-leader.timeout = 300s (custom)
2024-11-05 06:16:37,789 [731aafee-c06b-4662-9d20-472061f2d46e-groupManagement] INFO  server.RaftServerConfigKeys (ConfUtils.java:logGet(46)) - raft.server.read.timeout = 10s (default)
2024-11-05 06:16:37,789 [731aafee-c06b-4662-9d20-472061f2d46e-groupManagement] INFO  server.RaftServerConfigKeys (ConfUtils.java:logGet(46)) - raft.server.retrycache.expirytime = 600000ms (custom)
2024-11-05 06:16:37,789 [731aafee-c06b-4662-9d20-472061f2d46e-groupManagement] INFO  server.RaftServerConfigKeys (ConfUtils.java:logGet(46)) - raft.server.retrycache.statistics.expirytime = 100ms (default)
2024-11-05 06:16:37,790 [731aafee-c06b-4662-9d20-472061f2d46e-groupManagement] INFO  server.RaftServerConfigKeys (ConfUtils.java:logGet(46)) - raft.server.read.option = DEFAULT (default)
2024-11-05 06:16:37,790 [731aafee-c06b-4662-9d20-472061f2d46e-groupManagement] INFO  server.RaftServerConfigKeys (ConfUtils.java:logGet(46)) - raft.server.read.read-after-write-consistent.write-index-cache.expiry-time = 60s (default)
2024-11-05 06:16:37,802 [731aafee-c06b-4662-9d20-472061f2d46e-groupManagement] INFO  server.RaftServerConfigKeys (ConfUtils.java:logGet(46)) - raft.server.rpc.request.timeout = 60s (custom)
2024-11-05 06:16:37,803 [731aafee-c06b-4662-9d20-472061f2d46e-groupManagement] INFO  server.RaftServerConfigKeys (ConfUtils.java:logGet(46)) - raft.server.log.appender.install.snapshot.enabled = false (custom)
2024-11-05 06:16:37,803 [731aafee-c06b-4662-9d20-472061f2d46e-groupManagement] INFO  server.RaftServerConfigKeys (ConfUtils.java:logGet(46)) - raft.server.threadpool.server.cached = true (default)
2024-11-05 06:16:37,804 [731aafee-c06b-4662-9d20-472061f2d46e-groupManagement] INFO  server.RaftServerConfigKeys (ConfUtils.java:logGet(46)) - raft.server.threadpool.server.size = 0 (default)
2024-11-05 06:16:37,804 [731aafee-c06b-4662-9d20-472061f2d46e-groupManagement] INFO  server.RaftServerConfigKeys (ConfUtils.java:logGet(46)) - raft.server.threadpool.client.cached = true (default)
2024-11-05 06:16:37,805 [731aafee-c06b-4662-9d20-472061f2d46e-groupManagement] INFO  server.RaftServerConfigKeys (ConfUtils.java:logGet(46)) - raft.server.threadpool.client.size = 0 (default)
2024-11-05 06:16:37,805 [731aafee-c06b-4662-9d20-472061f2d46e-groupManagement] INFO  server.RaftServerConfigKeys (ConfUtils.java:logGet(46)) - raft.server.storage.free-space.min = 0MB (=0) (default)
2024-11-05 06:16:37,806 [731aafee-c06b-4662-9d20-472061f2d46e-groupManagement] INFO  server.RaftServerConfigKeys (ConfUtils.java:logGet(46)) - raft.server.log.corruption.policy = EXCEPTION (default)
2024-11-05 06:16:37,806 [731aafee-c06b-4662-9d20-472061f2d46e-groupManagement] INFO  server.RaftServerConfigKeys (ConfUtils.java:logGet(46)) - raft.server.storage.dir = [/home/runner/work/ozone/ozone/hadoop-ozone/integration-test/target/test-dir/MiniOzoneClusterImpl-58399722-4c39-4f0d-a4d6-8a89216b262d/ozone-meta/datanode-1/ratis] (custom)
2024-11-05 06:16:37,807 [731aafee-c06b-4662-9d20-472061f2d46e-groupManagement] INFO  storage.RaftStorageDirectory (RaftStorageDirectoryImpl.java:analyzeStorage(138)) - The storage directory /home/runner/work/ozone/ozone/hadoop-ozone/integration-test/target/test-dir/MiniOzoneClusterImpl-58399722-4c39-4f0d-a4d6-8a89216b262d/ozone-meta/datanode-1/ratis/070fb56e-6c7a-4531-8d60-c41ef94b1934 does not exist. Creating ...
2024-11-05 06:16:37,808 [731aafee-c06b-4662-9d20-472061f2d46e-groupManagement] INFO  storage.RaftStorageDirectory (RaftStorageDirectoryImpl.java:tryLock(229)) - Lock on /home/runner/work/ozone/ozone/hadoop-ozone/integration-test/target/test-dir/MiniOzoneClusterImpl-58399722-4c39-4f0d-a4d6-8a89216b262d/ozone-meta/datanode-1/ratis/070fb56e-6c7a-4531-8d60-c41ef94b1934/in_use.lock acquired by nodename 123098@fv-az1791-537
2024-11-05 06:16:37,810 [731aafee-c06b-4662-9d20-472061f2d46e-groupManagement] INFO  storage.RaftStorage (RaftStorageImpl.java:format(98)) - Storage directory /home/runner/work/ozone/ozone/hadoop-ozone/integration-test/target/test-dir/MiniOzoneClusterImpl-58399722-4c39-4f0d-a4d6-8a89216b262d/ozone-meta/datanode-1/ratis/070fb56e-6c7a-4531-8d60-c41ef94b1934 has been successfully formatted.
2024-11-05 06:16:37,810 [731aafee-c06b-4662-9d20-472061f2d46e-groupManagement] INFO  ratis.ContainerStateMachine (ContainerStateMachine.java:initialize(285)) - 731aafee-c06b-4662-9d20-472061f2d46e: initialize group-C41EF94B1934
2024-11-05 06:16:37,811 [731aafee-c06b-4662-9d20-472061f2d46e-groupManagement] INFO  ratis.ContainerStateMachine (ContainerStateMachine.java:loadSnapshot(293)) - group-C41EF94B1934: The snapshot info is null. Setting the last applied index to:(t:0, i:~)
2024-11-05 06:16:37,811 [731aafee-c06b-4662-9d20-472061f2d46e-groupManagement] INFO  server.RaftServerConfigKeys (ConfUtils.java:logGet(46)) - raft.server.log.use.memory = false (default)
2024-11-05 06:16:37,812 [731aafee-c06b-4662-9d20-472061f2d46e-groupManagement] INFO  server.RaftServerConfigKeys (ConfUtils.java:logGet(46)) - raft.server.log.purge.gap = 1000000 (custom)
2024-11-05 06:16:37,813 [731aafee-c06b-4662-9d20-472061f2d46e-groupManagement] INFO  server.RaftServerConfigKeys (ConfUtils.java:logGet(46)) - raft.server.log.appender.buffer.byte-limit = 33554432 (custom)
2024-11-05 06:16:37,812 [Recon-EventQueue-PipelineReportForReconPipelineReportHandler] INFO  scm.ReconPipelineReportHandler (ReconPipelineReportHandler.java:processPipelineReport(68)) - Unknown pipeline PipelineID=070fb56e-6c7a-4531-8d60-c41ef94b1934. Trying to get from SCM.
2024-11-05 06:16:37,813 [731aafee-c06b-4662-9d20-472061f2d46e-groupManagement] INFO  server.RaftServerConfigKeys (ConfUtils.java:logGet(46)) - raft.server.log.statemachine.data.read.timeout = 1000ms (default)
2024-11-05 06:16:37,813 [EventQueue-OpenPipelineForHealthyPipelineSafeModeRule] INFO  safemode.SCMSafeModeManager (HealthyPipelineSafeModeRule.java:process(140)) - SCM in safe mode. Healthy pipelines reported count is 0, required healthy pipeline reported count is 1
2024-11-05 06:16:37,814 [731aafee-c06b-4662-9d20-472061f2d46e-groupManagement] INFO  server.RaftServerConfigKeys (ConfUtils.java:logGet(46)) - raft.server.log.purge.preservation.log.num = 0 (default)
2024-11-05 06:16:37,816 [731aafee-c06b-4662-9d20-472061f2d46e-groupManagement] INFO  server.RaftServerConfigKeys (ConfUtils.java:logGet(46)) - raft.server.log.segment.size.max = 67108864 (custom)
2024-11-05 06:16:37,816 [731aafee-c06b-4662-9d20-472061f2d46e-groupManagement] INFO  server.RaftServerConfigKeys (ConfUtils.java:logGet(46)) - raft.server.log.segment.cache.num.max = 2 (custom)
2024-11-05 06:16:37,817 [Recon-EventQueue-PipelineReportForReconPipelineReportHandler] INFO  scm.ReconPipelineReportHandler (ReconPipelineReportHandler.java:processPipelineReport(87)) - Pipeline Pipeline[ Id: 070fb56e-6c7a-4531-8d60-c41ef94b1934, Nodes: 44ff6b06-02d2-44ad-8aa1-4af94363565f(localhost/127.0.0.1) ReplicaIndex: 0731aafee-c06b-4662-9d20-472061f2d46e(localhost/127.0.0.1) ReplicaIndex: 043b7afd8-9e19-4b34-aad7-81b8e915bbb6(localhost/127.0.0.1) ReplicaIndex: 0, ReplicationConfig: RATIS/THREE, State:ALLOCATED, leaderId:, CreationTimestamp2024-11-05T06:16:35.378Z[Etc/UTC]] verified from SCM and added to Recon pipeline metadata.
2024-11-05 06:16:37,817 [731aafee-c06b-4662-9d20-472061f2d46e-groupManagement] INFO  server.RaftServerConfigKeys (ConfUtils.java:logGet(46)) - raft.server.log.segment.cache.size.max = 200MB (=209715200) (default)
2024-11-05 06:16:37,817 [Recon-EventQueue-PipelineReportForReconPipelineReportHandler] INFO  scm.ReconPipelineReportHandler (ReconPipelineReportHandler.java:processPipelineReport(104)) - Pipeline RATIS/THREE PipelineID=070fb56e-6c7a-4531-8d60-c41ef94b1934 reported by 731aafee-c06b-4662-9d20-472061f2d46e(localhost/127.0.0.1)
2024-11-05 06:16:37,817 [731aafee-c06b-4662-9d20-472061f2d46e-groupManagement] INFO  server.RaftServerConfigKeys (ConfUtils.java:logGet(46)) - raft.server.log.appender.buffer.byte-limit = 33554432 (custom)
2024-11-05 06:16:37,820 [731aafee-c06b-4662-9d20-472061f2d46e-groupManagement] INFO  util.AwaitToRun (AwaitToRun.java:start(81)) - Thread[731aafee-c06b-4662-9d20-472061f2d46e@group-C41EF94B1934-cacheEviction-AwaitToRun,5,main] started
2024-11-05 06:16:37,820 [731aafee-c06b-4662-9d20-472061f2d46e-groupManagement] INFO  segmented.SegmentedRaftLogWorker (SegmentedRaftLogWorker.java:<init>(187)) - new 731aafee-c06b-4662-9d20-472061f2d46e@group-C41EF94B1934-SegmentedRaftLogWorker for RaftStorageImpl:Storage Directory /home/runner/work/ozone/ozone/hadoop-ozone/integration-test/target/test-dir/MiniOzoneClusterImpl-58399722-4c39-4f0d-a4d6-8a89216b262d/ozone-meta/datanode-1/ratis/070fb56e-6c7a-4531-8d60-c41ef94b1934
2024-11-05 06:16:37,821 [731aafee-c06b-4662-9d20-472061f2d46e-groupManagement] INFO  server.RaftServerConfigKeys (ConfUtils.java:logGet(46)) - raft.server.log.queue.byte-limit = 4294967296 (custom)
2024-11-05 06:16:37,821 [731aafee-c06b-4662-9d20-472061f2d46e-groupManagement] INFO  server.RaftServerConfigKeys (ConfUtils.java:logGet(46)) - raft.server.log.queue.element-limit = 1024 (custom)
2024-11-05 06:16:37,822 [731aafee-c06b-4662-9d20-472061f2d46e-groupManagement] INFO  server.RaftServerConfigKeys (ConfUtils.java:logGet(46)) - raft.server.log.segment.size.max = 67108864 (custom)
2024-11-05 06:16:37,822 [731aafee-c06b-4662-9d20-472061f2d46e-groupManagement] INFO  server.RaftServerConfigKeys (ConfUtils.java:logGet(46)) - raft.server.log.preallocated.size = 4194304 (custom)
2024-11-05 06:16:37,823 [731aafee-c06b-4662-9d20-472061f2d46e-groupManagement] INFO  server.RaftServerConfigKeys (ConfUtils.java:logGet(46)) - raft.server.log.force.sync.num = 128 (default)
2024-11-05 06:16:37,823 [731aafee-c06b-4662-9d20-472061f2d46e-groupManagement] INFO  server.RaftServerConfigKeys (ConfUtils.java:logGet(46)) - raft.server.log.statemachine.data.sync = true (default)
2024-11-05 06:16:37,824 [731aafee-c06b-4662-9d20-472061f2d46e-groupManagement] INFO  server.RaftServerConfigKeys (ConfUtils.java:logGet(46)) - raft.server.log.statemachine.data.sync.timeout = 10s (default)
2024-11-05 06:16:37,824 [731aafee-c06b-4662-9d20-472061f2d46e-groupManagement] INFO  server.RaftServerConfigKeys (ConfUtils.java:logGet(46)) - raft.server.log.statemachine.data.sync.timeout.retry = 30 (custom)
2024-11-05 06:16:37,825 [731aafee-c06b-4662-9d20-472061f2d46e-groupManagement] INFO  server.RaftServerConfigKeys (ConfUtils.java:logGet(46)) - raft.server.log.write.buffer.size = 33554440 (custom)
2024-11-05 06:16:37,829 [731aafee-c06b-4662-9d20-472061f2d46e-groupManagement] INFO  server.RaftServerConfigKeys (ConfUtils.java:logGet(46)) - raft.server.log.appender.buffer.byte-limit = 33554432 (custom)
2024-11-05 06:16:37,829 [731aafee-c06b-4662-9d20-472061f2d46e-groupManagement] INFO  server.RaftServerConfigKeys (ConfUtils.java:logGet(46)) - raft.server.log.unsafe-flush.enabled = false (default)
2024-11-05 06:16:37,829 [731aafee-c06b-4662-9d20-472061f2d46e-groupManagement] INFO  server.RaftServerConfigKeys (ConfUtils.java:logGet(46)) - raft.server.log.async-flush.enabled = false (default)
2024-11-05 06:16:37,830 [731aafee-c06b-4662-9d20-472061f2d46e-groupManagement] INFO  server.RaftServerConfigKeys (ConfUtils.java:logGet(46)) - raft.server.log.statemachine.data.caching.enabled = true (custom)
2024-11-05 06:16:37,830 [731aafee-c06b-4662-9d20-472061f2d46e-groupManagement] INFO  segmented.SegmentedRaftLogWorker (SegmentedRaftLogWorker.java:lambda$new$0(138)) - 731aafee-c06b-4662-9d20-472061f2d46e@group-C41EF94B1934-SegmentedRaftLogWorker: flushIndex: setUnconditionally 0 -> -1
2024-11-05 06:16:37,830 [731aafee-c06b-4662-9d20-472061f2d46e-groupManagement] INFO  segmented.SegmentedRaftLogWorker (SegmentedRaftLogWorker.java:lambda$new$0(138)) - 731aafee-c06b-4662-9d20-472061f2d46e@group-C41EF94B1934-SegmentedRaftLogWorker: safeCacheEvictIndex: setUnconditionally 0 -> -1
2024-11-05 06:16:37,830 [731aafee-c06b-4662-9d20-472061f2d46e-groupManagement] INFO  server.RaftServer$Division (RaftServerImpl.java:start(390)) - 731aafee-c06b-4662-9d20-472061f2d46e@group-C41EF94B1934: start as a follower, conf=conf: {index: -1, cur=peers:[44ff6b06-02d2-44ad-8aa1-4af94363565f|127.0.0.1:15032, 731aafee-c06b-4662-9d20-472061f2d46e|127.0.0.1:15014, 43b7afd8-9e19-4b34-aad7-81b8e915bbb6|127.0.0.1:15023]|listeners:[], old=null}
2024-11-05 06:16:37,831 [731aafee-c06b-4662-9d20-472061f2d46e-groupManagement] INFO  server.RaftServer$Division (RaftServerImpl.java:setRole(377)) - 731aafee-c06b-4662-9d20-472061f2d46e@group-C41EF94B1934: changes role from      null to FOLLOWER at term 0 for startAsFollower
2024-11-05 06:16:37,831 [731aafee-c06b-4662-9d20-472061f2d46e-groupManagement] INFO  impl.RoleInfo (RoleInfo.java:updateAndGet(148)) - 731aafee-c06b-4662-9d20-472061f2d46e: start 731aafee-c06b-4662-9d20-472061f2d46e@group-C41EF94B1934-FollowerState
2024-11-05 06:16:37,831 [731aafee-c06b-4662-9d20-472061f2d46e@group-C41EF94B1934-FollowerState] INFO  server.RaftServerConfigKeys (ConfUtils.java:logFallback(53)) - raft.server.rpc.first-election.timeout.min = 5s (fallback to raft.server.rpc.timeout.min)
2024-11-05 06:16:37,831 [731aafee-c06b-4662-9d20-472061f2d46e-groupManagement] INFO  util.JmxRegister (JmxRegister.java:tryRegister(44)) - Successfully registered JMX Bean with object name Ratis:service=RaftServer,group=group-C41EF94B1934,id=731aafee-c06b-4662-9d20-472061f2d46e
2024-11-05 06:16:37,831 [731aafee-c06b-4662-9d20-472061f2d46e-groupManagement] INFO  util.JmxRegister (JmxRegister.java:register(58)) - register mxBean class org.apache.ratis.server.impl.RaftServerJmxAdapter as Ratis:service=RaftServer,group=group-C41EF94B1934,id=731aafee-c06b-4662-9d20-472061f2d46e
2024-11-05 06:16:37,831 [731aafee-c06b-4662-9d20-472061f2d46e@group-C41EF94B1934-FollowerState] INFO  server.RaftServerConfigKeys (ConfUtils.java:logFallback(53)) - raft.server.rpc.first-election.timeout.max = 5200ms (fallback to raft.server.rpc.timeout.max)
2024-11-05 06:16:37,831 [731aafee-c06b-4662-9d20-472061f2d46e-groupManagement] INFO  server.RaftServerConfigKeys (ConfUtils.java:logGet(46)) - raft.server.snapshot.trigger-when-stop.enabled = true (default)
2024-11-05 06:16:37,832 [731aafee-c06b-4662-9d20-472061f2d46e-groupManagement] INFO  server.RaftServerConfigKeys (ConfUtils.java:logGet(46)) - raft.server.snapshot.trigger-when-remove.enabled = true (default)
2024-11-05 06:16:37,832 [731aafee-c06b-4662-9d20-472061f2d46e-groupManagement] INFO  server.RaftServerConfigKeys (ConfUtils.java:logGet(46)) - raft.server.snapshot.auto.trigger.enabled = true (custom)
2024-11-05 06:16:37,832 [731aafee-c06b-4662-9d20-472061f2d46e-groupManagement] INFO  server.RaftServerConfigKeys (ConfUtils.java:logGet(46)) - raft.server.snapshot.auto.trigger.threshold = 10000 (custom)
2024-11-05 06:16:37,832 [731aafee-c06b-4662-9d20-472061f2d46e-groupManagement] INFO  server.RaftServerConfigKeys (ConfUtils.java:logGet(46)) - raft.server.snapshot.retention.file.num = 5 (custom)
2024-11-05 06:16:37,832 [731aafee-c06b-4662-9d20-472061f2d46e-groupManagement] INFO  server.RaftServerConfigKeys (ConfUtils.java:logGet(46)) - raft.server.log.purge.upto.snapshot.index = false (default)
2024-11-05 06:16:37,836 [731aafee-c06b-4662-9d20-472061f2d46e-PipelineCommandHandlerThread-0] INFO  ratis.XceiverServerRatis (XceiverServerRatis.java:addGroup(844)) - Created group PipelineID=070fb56e-6c7a-4531-8d60-c41ef94b1934
2024-11-05 06:16:38,024 [43b7afd8-9e19-4b34-aad7-81b8e915bbb6-PipelineCommandHandlerThread-0] INFO  server.RaftServer (RaftServerProxy.java:addNew(100)) - 43b7afd8-9e19-4b34-aad7-81b8e915bbb6: addNew group-0615DF56F7B4:[43b7afd8-9e19-4b34-aad7-81b8e915bbb6|127.0.0.1:15023] returns group-0615DF56F7B4:java.util.concurrent.CompletableFuture@6c9111d7[Not completed]
2024-11-05 06:16:38,034 [43b7afd8-9e19-4b34-aad7-81b8e915bbb6-groupManagement] INFO  server.RaftServer$Division (RaftServerImpl.java:<init>(254)) - 43b7afd8-9e19-4b34-aad7-81b8e915bbb6: new RaftServerImpl for group-0615DF56F7B4:[43b7afd8-9e19-4b34-aad7-81b8e915bbb6|127.0.0.1:15023] with ContainerStateMachine:uninitialized
2024-11-05 06:16:38,034 [43b7afd8-9e19-4b34-aad7-81b8e915bbb6-groupManagement] INFO  server.RaftServerConfigKeys (ConfUtils.java:logGet(46)) - raft.server.rpc.timeout.min = 5s (custom)
2024-11-05 06:16:38,034 [43b7afd8-9e19-4b34-aad7-81b8e915bbb6-groupManagement] INFO  server.RaftServerConfigKeys (ConfUtils.java:logGet(46)) - raft.server.rpc.timeout.max = 5200ms (custom)
2024-11-05 06:16:38,034 [43b7afd8-9e19-4b34-aad7-81b8e915bbb6-groupManagement] INFO  server.RaftServerConfigKeys (ConfUtils.java:logGet(46)) - raft.server.rpc.sleep.time = 25ms (default)
2024-11-05 06:16:38,034 [43b7afd8-9e19-4b34-aad7-81b8e915bbb6-groupManagement] INFO  server.RaftServerConfigKeys (ConfUtils.java:logGet(46)) - raft.server.rpc.slowness.timeout = 300s (custom)
2024-11-05 06:16:38,034 [43b7afd8-9e19-4b34-aad7-81b8e915bbb6-groupManagement] INFO  server.RaftServerConfigKeys (ConfUtils.java:logGet(46)) - raft.server.leaderelection.leader.step-down.wait-time = 10s (default)
2024-11-05 06:16:38,034 [43b7afd8-9e19-4b34-aad7-81b8e915bbb6-groupManagement] INFO  server.RaftServerConfigKeys (ConfUtils.java:logGet(46)) - raft.server.leaderelection.member.majority-add = false (default)
2024-11-05 06:16:38,035 [43b7afd8-9e19-4b34-aad7-81b8e915bbb6-groupManagement] INFO  server.RaftServerConfigKeys (ConfUtils.java:logGet(46)) - raft.server.sleep.deviation.threshold = 300ms (default)
2024-11-05 06:16:38,035 [43b7afd8-9e19-4b34-aad7-81b8e915bbb6-groupManagement] INFO  server.RaftServer$Division (ServerState.java:<init>(114)) - 43b7afd8-9e19-4b34-aad7-81b8e915bbb6@group-0615DF56F7B4: ConfigurationManager, init=conf: {index: -1, cur=peers:[43b7afd8-9e19-4b34-aad7-81b8e915bbb6|127.0.0.1:15023]|listeners:[], old=null}, confs=<EMPTY_MAP>
2024-11-05 06:16:38,035 [43b7afd8-9e19-4b34-aad7-81b8e915bbb6-groupManagement] INFO  server.RaftServerConfigKeys (ConfUtils.java:logGet(46)) - raft.server.notification.no-leader.timeout = 300s (custom)
2024-11-05 06:16:38,035 [43b7afd8-9e19-4b34-aad7-81b8e915bbb6-groupManagement] INFO  server.RaftServerConfigKeys (ConfUtils.java:logGet(46)) - raft.server.read.timeout = 10s (default)
2024-11-05 06:16:38,035 [43b7afd8-9e19-4b34-aad7-81b8e915bbb6-groupManagement] INFO  server.RaftServerConfigKeys (ConfUtils.java:logGet(46)) - raft.server.retrycache.expirytime = 600000ms (custom)
2024-11-05 06:16:38,035 [43b7afd8-9e19-4b34-aad7-81b8e915bbb6-groupManagement] INFO  server.RaftServerConfigKeys (ConfUtils.java:logGet(46)) - raft.server.retrycache.statistics.expirytime = 100ms (default)
2024-11-05 06:16:38,035 [43b7afd8-9e19-4b34-aad7-81b8e915bbb6-groupManagement] INFO  server.RaftServerConfigKeys (ConfUtils.java:logGet(46)) - raft.server.read.option = DEFAULT (default)
2024-11-05 06:16:38,035 [43b7afd8-9e19-4b34-aad7-81b8e915bbb6-groupManagement] INFO  server.RaftServerConfigKeys (ConfUtils.java:logGet(46)) - raft.server.read.read-after-write-consistent.write-index-cache.expiry-time = 60s (default)
2024-11-05 06:16:38,041 [43b7afd8-9e19-4b34-aad7-81b8e915bbb6-groupManagement] INFO  server.RaftServerConfigKeys (ConfUtils.java:logGet(46)) - raft.server.rpc.request.timeout = 60s (custom)
2024-11-05 06:16:38,041 [43b7afd8-9e19-4b34-aad7-81b8e915bbb6-groupManagement] INFO  server.RaftServerConfigKeys (ConfUtils.java:logGet(46)) - raft.server.log.appender.install.snapshot.enabled = false (custom)
2024-11-05 06:16:38,041 [43b7afd8-9e19-4b34-aad7-81b8e915bbb6-groupManagement] INFO  server.RaftServerConfigKeys (ConfUtils.java:logGet(46)) - raft.server.threadpool.server.cached = true (default)
2024-11-05 06:16:38,042 [43b7afd8-9e19-4b34-aad7-81b8e915bbb6-groupManagement] INFO  server.RaftServerConfigKeys (ConfUtils.java:logGet(46)) - raft.server.threadpool.server.size = 0 (default)
2024-11-05 06:16:38,042 [43b7afd8-9e19-4b34-aad7-81b8e915bbb6-groupManagement] INFO  server.RaftServerConfigKeys (ConfUtils.java:logGet(46)) - raft.server.threadpool.client.cached = true (default)
2024-11-05 06:16:38,042 [43b7afd8-9e19-4b34-aad7-81b8e915bbb6-groupManagement] INFO  server.RaftServerConfigKeys (ConfUtils.java:logGet(46)) - raft.server.threadpool.client.size = 0 (default)
2024-11-05 06:16:38,042 [43b7afd8-9e19-4b34-aad7-81b8e915bbb6-groupManagement] INFO  server.RaftServerConfigKeys (ConfUtils.java:logGet(46)) - raft.server.storage.free-space.min = 0MB (=0) (default)
2024-11-05 06:16:38,042 [43b7afd8-9e19-4b34-aad7-81b8e915bbb6-groupManagement] INFO  server.RaftServerConfigKeys (ConfUtils.java:logGet(46)) - raft.server.log.corruption.policy = EXCEPTION (default)
2024-11-05 06:16:38,042 [43b7afd8-9e19-4b34-aad7-81b8e915bbb6-groupManagement] INFO  server.RaftServerConfigKeys (ConfUtils.java:logGet(46)) - raft.server.storage.dir = [/home/runner/work/ozone/ozone/hadoop-ozone/integration-test/target/test-dir/MiniOzoneClusterImpl-58399722-4c39-4f0d-a4d6-8a89216b262d/ozone-meta/datanode-2/ratis] (custom)
2024-11-05 06:16:38,042 [43b7afd8-9e19-4b34-aad7-81b8e915bbb6-groupManagement] INFO  storage.RaftStorageDirectory (RaftStorageDirectoryImpl.java:analyzeStorage(138)) - The storage directory /home/runner/work/ozone/ozone/hadoop-ozone/integration-test/target/test-dir/MiniOzoneClusterImpl-58399722-4c39-4f0d-a4d6-8a89216b262d/ozone-meta/datanode-2/ratis/e09c32b0-fbbc-45b2-84e2-0615df56f7b4 does not exist. Creating ...
2024-11-05 06:16:38,043 [43b7afd8-9e19-4b34-aad7-81b8e915bbb6-groupManagement] INFO  storage.RaftStorageDirectory (RaftStorageDirectoryImpl.java:tryLock(229)) - Lock on /home/runner/work/ozone/ozone/hadoop-ozone/integration-test/target/test-dir/MiniOzoneClusterImpl-58399722-4c39-4f0d-a4d6-8a89216b262d/ozone-meta/datanode-2/ratis/e09c32b0-fbbc-45b2-84e2-0615df56f7b4/in_use.lock acquired by nodename 123098@fv-az1791-537
2024-11-05 06:16:38,044 [43b7afd8-9e19-4b34-aad7-81b8e915bbb6-groupManagement] INFO  storage.RaftStorage (RaftStorageImpl.java:format(98)) - Storage directory /home/runner/work/ozone/ozone/hadoop-ozone/integration-test/target/test-dir/MiniOzoneClusterImpl-58399722-4c39-4f0d-a4d6-8a89216b262d/ozone-meta/datanode-2/ratis/e09c32b0-fbbc-45b2-84e2-0615df56f7b4 has been successfully formatted.
2024-11-05 06:16:38,045 [43b7afd8-9e19-4b34-aad7-81b8e915bbb6-groupManagement] INFO  ratis.ContainerStateMachine (ContainerStateMachine.java:initialize(285)) - 43b7afd8-9e19-4b34-aad7-81b8e915bbb6: initialize group-0615DF56F7B4
2024-11-05 06:16:38,045 [43b7afd8-9e19-4b34-aad7-81b8e915bbb6-groupManagement] INFO  ratis.ContainerStateMachine (ContainerStateMachine.java:loadSnapshot(293)) - group-0615DF56F7B4: The snapshot info is null. Setting the last applied index to:(t:0, i:~)
2024-11-05 06:16:38,045 [43b7afd8-9e19-4b34-aad7-81b8e915bbb6-groupManagement] INFO  server.RaftServerConfigKeys (ConfUtils.java:logGet(46)) - raft.server.log.use.memory = false (default)
2024-11-05 06:16:38,048 [EventQueue-PipelineReportForPipelineReportHandler] INFO  pipeline.PipelineReportHandler (PipelineReportHandler.java:processPipelineReport(136)) - Opened pipeline PipelineID=e09c32b0-fbbc-45b2-84e2-0615df56f7b4
2024-11-05 06:16:38,048 [EventQueue-OpenPipelineForHealthyPipelineSafeModeRule] INFO  safemode.SCMSafeModeManager (HealthyPipelineSafeModeRule.java:process(140)) - SCM in safe mode. Healthy pipelines reported count is 0, required healthy pipeline reported count is 1
2024-11-05 06:16:38,049 [IPC Server handler 1 on default port 15009] INFO  scm.ReconNodeManager (ReconNodeManager.java:register(275)) - Updating nodeDB for localhost
2024-11-05 06:16:38,049 [43b7afd8-9e19-4b34-aad7-81b8e915bbb6-groupManagement] INFO  server.RaftServerConfigKeys (ConfUtils.java:logGet(46)) - raft.server.log.purge.gap = 1000000 (custom)
2024-11-05 06:16:38,049 [43b7afd8-9e19-4b34-aad7-81b8e915bbb6-groupManagement] INFO  server.RaftServerConfigKeys (ConfUtils.java:logGet(46)) - raft.server.log.appender.buffer.byte-limit = 33554432 (custom)
2024-11-05 06:16:38,049 [43b7afd8-9e19-4b34-aad7-81b8e915bbb6-groupManagement] INFO  server.RaftServerConfigKeys (ConfUtils.java:logGet(46)) - raft.server.log.statemachine.data.read.timeout = 1000ms (default)
2024-11-05 06:16:38,049 [43b7afd8-9e19-4b34-aad7-81b8e915bbb6-groupManagement] INFO  server.RaftServerConfigKeys (ConfUtils.java:logGet(46)) - raft.server.log.purge.preservation.log.num = 0 (default)
2024-11-05 06:16:38,049 [IPC Server handler 1 on default port 15009] INFO  recon.ReconContext (ReconContext.java:updateHealthStatus(77)) - Update healthStatus of Recon from true to true.
2024-11-05 06:16:38,049 [Recon-EventQueue-PipelineReportForReconPipelineReportHandler] INFO  scm.ReconPipelineReportHandler (ReconPipelineReportHandler.java:processPipelineReport(68)) - Unknown pipeline PipelineID=e09c32b0-fbbc-45b2-84e2-0615df56f7b4. Trying to get from SCM.
2024-11-05 06:16:38,052 [Recon-EventQueue-PipelineReportForReconPipelineReportHandler] INFO  scm.ReconPipelineReportHandler (ReconPipelineReportHandler.java:processPipelineReport(87)) - Pipeline Pipeline[ Id: e09c32b0-fbbc-45b2-84e2-0615df56f7b4, Nodes: 43b7afd8-9e19-4b34-aad7-81b8e915bbb6(localhost/127.0.0.1) ReplicaIndex: 0, ReplicationConfig: RATIS/ONE, State:OPEN, leaderId:43b7afd8-9e19-4b34-aad7-81b8e915bbb6, CreationTimestamp2024-11-05T06:16:35.024Z[Etc/UTC]] verified from SCM and added to Recon pipeline metadata.
2024-11-05 06:16:38,052 [43b7afd8-9e19-4b34-aad7-81b8e915bbb6-groupManagement] INFO  server.RaftServerConfigKeys (ConfUtils.java:logGet(46)) - raft.server.log.segment.size.max = 67108864 (custom)
2024-11-05 06:16:38,053 [43b7afd8-9e19-4b34-aad7-81b8e915bbb6-groupManagement] INFO  server.RaftServerConfigKeys (ConfUtils.java:logGet(46)) - raft.server.log.segment.cache.num.max = 2 (custom)
2024-11-05 06:16:38,053 [43b7afd8-9e19-4b34-aad7-81b8e915bbb6-groupManagement] INFO  server.RaftServerConfigKeys (ConfUtils.java:logGet(46)) - raft.server.log.segment.cache.size.max = 200MB (=209715200) (default)
2024-11-05 06:16:38,053 [43b7afd8-9e19-4b34-aad7-81b8e915bbb6-groupManagement] INFO  server.RaftServerConfigKeys (ConfUtils.java:logGet(46)) - raft.server.log.appender.buffer.byte-limit = 33554432 (custom)
2024-11-05 06:16:38,053 [43b7afd8-9e19-4b34-aad7-81b8e915bbb6-groupManagement] INFO  util.AwaitToRun (AwaitToRun.java:start(81)) - Thread[43b7afd8-9e19-4b34-aad7-81b8e915bbb6@group-0615DF56F7B4-cacheEviction-AwaitToRun,5,main] started
2024-11-05 06:16:38,053 [43b7afd8-9e19-4b34-aad7-81b8e915bbb6-groupManagement] INFO  segmented.SegmentedRaftLogWorker (SegmentedRaftLogWorker.java:<init>(187)) - new 43b7afd8-9e19-4b34-aad7-81b8e915bbb6@group-0615DF56F7B4-SegmentedRaftLogWorker for RaftStorageImpl:Storage Directory /home/runner/work/ozone/ozone/hadoop-ozone/integration-test/target/test-dir/MiniOzoneClusterImpl-58399722-4c39-4f0d-a4d6-8a89216b262d/ozone-meta/datanode-2/ratis/e09c32b0-fbbc-45b2-84e2-0615df56f7b4
2024-11-05 06:16:38,054 [43b7afd8-9e19-4b34-aad7-81b8e915bbb6-groupManagement] INFO  server.RaftServerConfigKeys (ConfUtils.java:logGet(46)) - raft.server.log.queue.byte-limit = 4294967296 (custom)
2024-11-05 06:16:38,054 [43b7afd8-9e19-4b34-aad7-81b8e915bbb6-groupManagement] INFO  server.RaftServerConfigKeys (ConfUtils.java:logGet(46)) - raft.server.log.queue.element-limit = 1024 (custom)
2024-11-05 06:16:38,054 [43b7afd8-9e19-4b34-aad7-81b8e915bbb6-groupManagement] INFO  server.RaftServerConfigKeys (ConfUtils.java:logGet(46)) - raft.server.log.segment.size.max = 67108864 (custom)
2024-11-05 06:16:38,054 [43b7afd8-9e19-4b34-aad7-81b8e915bbb6-groupManagement] INFO  server.RaftServerConfigKeys (ConfUtils.java:logGet(46)) - raft.server.log.preallocated.size = 4194304 (custom)
2024-11-05 06:16:38,054 [43b7afd8-9e19-4b34-aad7-81b8e915bbb6-groupManagement] INFO  server.RaftServerConfigKeys (ConfUtils.java:logGet(46)) - raft.server.log.force.sync.num = 128 (default)
2024-11-05 06:16:38,054 [43b7afd8-9e19-4b34-aad7-81b8e915bbb6-groupManagement] INFO  server.RaftServerConfigKeys (ConfUtils.java:logGet(46)) - raft.server.log.statemachine.data.sync = true (default)
2024-11-05 06:16:38,054 [43b7afd8-9e19-4b34-aad7-81b8e915bbb6-groupManagement] INFO  server.RaftServerConfigKeys (ConfUtils.java:logGet(46)) - raft.server.log.statemachine.data.sync.timeout = 10s (default)
2024-11-05 06:16:38,054 [43b7afd8-9e19-4b34-aad7-81b8e915bbb6-groupManagement] INFO  server.RaftServerConfigKeys (ConfUtils.java:logGet(46)) - raft.server.log.statemachine.data.sync.timeout.retry = 30 (custom)
2024-11-05 06:16:38,055 [43b7afd8-9e19-4b34-aad7-81b8e915bbb6-groupManagement] INFO  server.RaftServerConfigKeys (ConfUtils.java:logGet(46)) - raft.server.log.write.buffer.size = 33554440 (custom)
2024-11-05 06:16:38,059 [43b7afd8-9e19-4b34-aad7-81b8e915bbb6-groupManagement] INFO  server.RaftServerConfigKeys (ConfUtils.java:logGet(46)) - raft.server.log.appender.buffer.byte-limit = 33554432 (custom)
2024-11-05 06:16:38,060 [43b7afd8-9e19-4b34-aad7-81b8e915bbb6-groupManagement] INFO  server.RaftServerConfigKeys (ConfUtils.java:logGet(46)) - raft.server.log.unsafe-flush.enabled = false (default)
2024-11-05 06:16:38,060 [43b7afd8-9e19-4b34-aad7-81b8e915bbb6-groupManagement] INFO  server.RaftServerConfigKeys (ConfUtils.java:logGet(46)) - raft.server.log.async-flush.enabled = false (default)
2024-11-05 06:16:38,060 [43b7afd8-9e19-4b34-aad7-81b8e915bbb6-groupManagement] INFO  server.RaftServerConfigKeys (ConfUtils.java:logGet(46)) - raft.server.log.statemachine.data.caching.enabled = true (custom)
2024-11-05 06:16:38,060 [43b7afd8-9e19-4b34-aad7-81b8e915bbb6-groupManagement] INFO  segmented.SegmentedRaftLogWorker (SegmentedRaftLogWorker.java:lambda$new$0(138)) - 43b7afd8-9e19-4b34-aad7-81b8e915bbb6@group-0615DF56F7B4-SegmentedRaftLogWorker: flushIndex: setUnconditionally 0 -> -1
2024-11-05 06:16:38,060 [43b7afd8-9e19-4b34-aad7-81b8e915bbb6-groupManagement] INFO  segmented.SegmentedRaftLogWorker (SegmentedRaftLogWorker.java:lambda$new$0(138)) - 43b7afd8-9e19-4b34-aad7-81b8e915bbb6@group-0615DF56F7B4-SegmentedRaftLogWorker: safeCacheEvictIndex: setUnconditionally 0 -> -1
2024-11-05 06:16:38,060 [43b7afd8-9e19-4b34-aad7-81b8e915bbb6-groupManagement] INFO  server.RaftServer$Division (RaftServerImpl.java:start(390)) - 43b7afd8-9e19-4b34-aad7-81b8e915bbb6@group-0615DF56F7B4: start as a follower, conf=conf: {index: -1, cur=peers:[43b7afd8-9e19-4b34-aad7-81b8e915bbb6|127.0.0.1:15023]|listeners:[], old=null}
2024-11-05 06:16:38,060 [43b7afd8-9e19-4b34-aad7-81b8e915bbb6-groupManagement] INFO  server.RaftServer$Division (RaftServerImpl.java:setRole(377)) - 43b7afd8-9e19-4b34-aad7-81b8e915bbb6@group-0615DF56F7B4: changes role from      null to FOLLOWER at term 0 for startAsFollower
2024-11-05 06:16:38,060 [43b7afd8-9e19-4b34-aad7-81b8e915bbb6-groupManagement] INFO  impl.RoleInfo (RoleInfo.java:updateAndGet(148)) - 43b7afd8-9e19-4b34-aad7-81b8e915bbb6: start 43b7afd8-9e19-4b34-aad7-81b8e915bbb6@group-0615DF56F7B4-FollowerState
2024-11-05 06:16:38,063 [43b7afd8-9e19-4b34-aad7-81b8e915bbb6@group-0615DF56F7B4-FollowerState] INFO  server.RaftServerConfigKeys (ConfUtils.java:logFallback(53)) - raft.server.rpc.first-election.timeout.min = 5s (fallback to raft.server.rpc.timeout.min)
2024-11-05 06:16:38,063 [43b7afd8-9e19-4b34-aad7-81b8e915bbb6-groupManagement] INFO  util.JmxRegister (JmxRegister.java:tryRegister(44)) - Successfully registered JMX Bean with object name Ratis:service=RaftServer,group=group-0615DF56F7B4,id=43b7afd8-9e19-4b34-aad7-81b8e915bbb6
2024-11-05 06:16:38,063 [43b7afd8-9e19-4b34-aad7-81b8e915bbb6-groupManagement] INFO  util.JmxRegister (JmxRegister.java:register(58)) - register mxBean class org.apache.ratis.server.impl.RaftServerJmxAdapter as Ratis:service=RaftServer,group=group-0615DF56F7B4,id=43b7afd8-9e19-4b34-aad7-81b8e915bbb6
2024-11-05 06:16:38,063 [43b7afd8-9e19-4b34-aad7-81b8e915bbb6@group-0615DF56F7B4-FollowerState] INFO  server.RaftServerConfigKeys (ConfUtils.java:logFallback(53)) - raft.server.rpc.first-election.timeout.max = 5200ms (fallback to raft.server.rpc.timeout.max)
2024-11-05 06:16:38,063 [43b7afd8-9e19-4b34-aad7-81b8e915bbb6-groupManagement] INFO  server.RaftServerConfigKeys (ConfUtils.java:logGet(46)) - raft.server.snapshot.trigger-when-stop.enabled = true (default)
2024-11-05 06:16:38,063 [43b7afd8-9e19-4b34-aad7-81b8e915bbb6-groupManagement] INFO  server.RaftServerConfigKeys (ConfUtils.java:logGet(46)) - raft.server.snapshot.trigger-when-remove.enabled = true (default)
2024-11-05 06:16:38,063 [43b7afd8-9e19-4b34-aad7-81b8e915bbb6-groupManagement] INFO  server.RaftServerConfigKeys (ConfUtils.java:logGet(46)) - raft.server.snapshot.auto.trigger.enabled = true (custom)
2024-11-05 06:16:38,063 [43b7afd8-9e19-4b34-aad7-81b8e915bbb6-groupManagement] INFO  server.RaftServerConfigKeys (ConfUtils.java:logGet(46)) - raft.server.snapshot.auto.trigger.threshold = 10000 (custom)
2024-11-05 06:16:38,063 [43b7afd8-9e19-4b34-aad7-81b8e915bbb6-groupManagement] INFO  server.RaftServerConfigKeys (ConfUtils.java:logGet(46)) - raft.server.snapshot.retention.file.num = 5 (custom)
2024-11-05 06:16:38,063 [43b7afd8-9e19-4b34-aad7-81b8e915bbb6-groupManagement] INFO  server.RaftServerConfigKeys (ConfUtils.java:logGet(46)) - raft.server.log.purge.upto.snapshot.index = false (default)
2024-11-05 06:16:38,068 [grpc-default-executor-0] INFO  server.RaftServer (RaftServerProxy.java:addNew(100)) - 44ff6b06-02d2-44ad-8aa1-4af94363565f: addNew group-C41EF94B1934:[44ff6b06-02d2-44ad-8aa1-4af94363565f|127.0.0.1:15032, 731aafee-c06b-4662-9d20-472061f2d46e|127.0.0.1:15014, 43b7afd8-9e19-4b34-aad7-81b8e915bbb6|127.0.0.1:15023] returns group-C41EF94B1934:java.util.concurrent.CompletableFuture@233017b9[Not completed]
2024-11-05 06:16:38,068 [43b7afd8-9e19-4b34-aad7-81b8e915bbb6-PipelineCommandHandlerThread-0] INFO  ratis.XceiverServerRatis (XceiverServerRatis.java:addGroup(844)) - Created group PipelineID=e09c32b0-fbbc-45b2-84e2-0615df56f7b4
2024-11-05 06:16:38,068 [43b7afd8-9e19-4b34-aad7-81b8e915bbb6-PipelineCommandHandlerThread-0] INFO  commandhandler.CreatePipelineCommandHandler (CreatePipelineCommandHandler.java:lambda$handle$2(129)) - Created Pipeline RATIS ONE PipelineID=e09c32b0-fbbc-45b2-84e2-0615df56f7b4.
2024-11-05 06:16:38,069 [43b7afd8-9e19-4b34-aad7-81b8e915bbb6-PipelineCommandHandlerThread-0] INFO  server.RaftServer (RaftServerProxy.java:addNew(100)) - 43b7afd8-9e19-4b34-aad7-81b8e915bbb6: addNew group-C41EF94B1934:[44ff6b06-02d2-44ad-8aa1-4af94363565f|127.0.0.1:15032, 731aafee-c06b-4662-9d20-472061f2d46e|127.0.0.1:15014, 43b7afd8-9e19-4b34-aad7-81b8e915bbb6|127.0.0.1:15023] returns group-C41EF94B1934:java.util.concurrent.CompletableFuture@68ae989d[Not completed]
2024-11-05 06:16:38,073 [44ff6b06-02d2-44ad-8aa1-4af94363565f-groupManagement] INFO  server.RaftServer$Division (RaftServerImpl.java:<init>(254)) - 44ff6b06-02d2-44ad-8aa1-4af94363565f: new RaftServerImpl for group-C41EF94B1934:[44ff6b06-02d2-44ad-8aa1-4af94363565f|127.0.0.1:15032, 731aafee-c06b-4662-9d20-472061f2d46e|127.0.0.1:15014, 43b7afd8-9e19-4b34-aad7-81b8e915bbb6|127.0.0.1:15023] with ContainerStateMachine:uninitialized
2024-11-05 06:16:38,073 [44ff6b06-02d2-44ad-8aa1-4af94363565f-groupManagement] INFO  server.RaftServerConfigKeys (ConfUtils.java:logGet(46)) - raft.server.rpc.timeout.min = 5s (custom)
2024-11-05 06:16:38,074 [44ff6b06-02d2-44ad-8aa1-4af94363565f-groupManagement] INFO  server.RaftServerConfigKeys (ConfUtils.java:logGet(46)) - raft.server.rpc.timeout.max = 5200ms (custom)
2024-11-05 06:16:38,074 [44ff6b06-02d2-44ad-8aa1-4af94363565f-groupManagement] INFO  server.RaftServerConfigKeys (ConfUtils.java:logGet(46)) - raft.server.rpc.sleep.time = 25ms (default)
2024-11-05 06:16:38,074 [44ff6b06-02d2-44ad-8aa1-4af94363565f-groupManagement] INFO  server.RaftServerConfigKeys (ConfUtils.java:logGet(46)) - raft.server.rpc.slowness.timeout = 300s (custom)
2024-11-05 06:16:38,075 [44ff6b06-02d2-44ad-8aa1-4af94363565f-groupManagement] INFO  server.RaftServerConfigKeys (ConfUtils.java:logGet(46)) - raft.server.leaderelection.leader.step-down.wait-time = 10s (default)
2024-11-05 06:16:38,075 [44ff6b06-02d2-44ad-8aa1-4af94363565f-groupManagement] INFO  server.RaftServerConfigKeys (ConfUtils.java:logGet(46)) - raft.server.leaderelection.member.majority-add = false (default)
2024-11-05 06:16:38,075 [44ff6b06-02d2-44ad-8aa1-4af94363565f-groupManagement] INFO  server.RaftServerConfigKeys (ConfUtils.java:logGet(46)) - raft.server.sleep.deviation.threshold = 300ms (default)
2024-11-05 06:16:38,073 [43b7afd8-9e19-4b34-aad7-81b8e915bbb6-groupManagement] INFO  server.RaftServer$Division (RaftServerImpl.java:<init>(254)) - 43b7afd8-9e19-4b34-aad7-81b8e915bbb6: new RaftServerImpl for group-C41EF94B1934:[44ff6b06-02d2-44ad-8aa1-4af94363565f|127.0.0.1:15032, 731aafee-c06b-4662-9d20-472061f2d46e|127.0.0.1:15014, 43b7afd8-9e19-4b34-aad7-81b8e915bbb6|127.0.0.1:15023] with ContainerStateMachine:uninitialized
2024-11-05 06:16:38,075 [43b7afd8-9e19-4b34-aad7-81b8e915bbb6-groupManagement] INFO  server.RaftServerConfigKeys (ConfUtils.java:logGet(46)) - raft.server.rpc.timeout.min = 5s (custom)
2024-11-05 06:16:38,075 [43b7afd8-9e19-4b34-aad7-81b8e915bbb6-groupManagement] INFO  server.RaftServerConfigKeys (ConfUtils.java:logGet(46)) - raft.server.rpc.timeout.max = 5200ms (custom)
2024-11-05 06:16:38,075 [43b7afd8-9e19-4b34-aad7-81b8e915bbb6-groupManagement] INFO  server.RaftServerConfigKeys (ConfUtils.java:logGet(46)) - raft.server.rpc.sleep.time = 25ms (default)
2024-11-05 06:16:38,076 [43b7afd8-9e19-4b34-aad7-81b8e915bbb6-groupManagement] INFO  server.RaftServerConfigKeys (ConfUtils.java:logGet(46)) - raft.server.rpc.slowness.timeout = 300s (custom)
2024-11-05 06:16:38,076 [43b7afd8-9e19-4b34-aad7-81b8e915bbb6-groupManagement] INFO  server.RaftServerConfigKeys (ConfUtils.java:logGet(46)) - raft.server.leaderelection.leader.step-down.wait-time = 10s (default)
2024-11-05 06:16:38,076 [43b7afd8-9e19-4b34-aad7-81b8e915bbb6-groupManagement] INFO  server.RaftServerConfigKeys (ConfUtils.java:logGet(46)) - raft.server.leaderelection.member.majority-add = false (default)
2024-11-05 06:16:38,076 [43b7afd8-9e19-4b34-aad7-81b8e915bbb6-groupManagement] INFO  server.RaftServerConfigKeys (ConfUtils.java:logGet(46)) - raft.server.sleep.deviation.threshold = 300ms (default)
2024-11-05 06:16:38,075 [44ff6b06-02d2-44ad-8aa1-4af94363565f-groupManagement] INFO  server.RaftServer$Division (ServerState.java:<init>(114)) - 44ff6b06-02d2-44ad-8aa1-4af94363565f@group-C41EF94B1934: ConfigurationManager, init=conf: {index: -1, cur=peers:[44ff6b06-02d2-44ad-8aa1-4af94363565f|127.0.0.1:15032, 731aafee-c06b-4662-9d20-472061f2d46e|127.0.0.1:15014, 43b7afd8-9e19-4b34-aad7-81b8e915bbb6|127.0.0.1:15023]|listeners:[], old=null}, confs=<EMPTY_MAP>
2024-11-05 06:16:38,076 [44ff6b06-02d2-44ad-8aa1-4af94363565f-groupManagement] INFO  server.RaftServerConfigKeys (ConfUtils.java:logGet(46)) - raft.server.notification.no-leader.timeout = 300s (custom)
2024-11-05 06:16:38,076 [44ff6b06-02d2-44ad-8aa1-4af94363565f-groupManagement] INFO  server.RaftServerConfigKeys (ConfUtils.java:logGet(46)) - raft.server.read.timeout = 10s (default)
2024-11-05 06:16:38,076 [44ff6b06-02d2-44ad-8aa1-4af94363565f-groupManagement] INFO  server.RaftServerConfigKeys (ConfUtils.java:logGet(46)) - raft.server.retrycache.expirytime = 600000ms (custom)
2024-11-05 06:16:38,077 [44ff6b06-02d2-44ad-8aa1-4af94363565f-groupManagement] INFO  server.RaftServerConfigKeys (ConfUtils.java:logGet(46)) - raft.server.retrycache.statistics.expirytime = 100ms (default)
2024-11-05 06:16:38,077 [44ff6b06-02d2-44ad-8aa1-4af94363565f-groupManagement] INFO  server.RaftServerConfigKeys (ConfUtils.java:logGet(46)) - raft.server.read.option = DEFAULT (default)
2024-11-05 06:16:38,077 [44ff6b06-02d2-44ad-8aa1-4af94363565f-groupManagement] INFO  server.RaftServerConfigKeys (ConfUtils.java:logGet(46)) - raft.server.read.read-after-write-consistent.write-index-cache.expiry-time = 60s (default)
2024-11-05 06:16:38,076 [43b7afd8-9e19-4b34-aad7-81b8e915bbb6-groupManagement] INFO  server.RaftServer$Division (ServerState.java:<init>(114)) - 43b7afd8-9e19-4b34-aad7-81b8e915bbb6@group-C41EF94B1934: ConfigurationManager, init=conf: {index: -1, cur=peers:[44ff6b06-02d2-44ad-8aa1-4af94363565f|127.0.0.1:15032, 731aafee-c06b-4662-9d20-472061f2d46e|127.0.0.1:15014, 43b7afd8-9e19-4b34-aad7-81b8e915bbb6|127.0.0.1:15023]|listeners:[], old=null}, confs=<EMPTY_MAP>
2024-11-05 06:16:38,078 [43b7afd8-9e19-4b34-aad7-81b8e915bbb6-groupManagement] INFO  server.RaftServerConfigKeys (ConfUtils.java:logGet(46)) - raft.server.notification.no-leader.timeout = 300s (custom)
2024-11-05 06:16:38,078 [43b7afd8-9e19-4b34-aad7-81b8e915bbb6-groupManagement] INFO  server.RaftServerConfigKeys (ConfUtils.java:logGet(46)) - raft.server.read.timeout = 10s (default)
2024-11-05 06:16:38,079 [43b7afd8-9e19-4b34-aad7-81b8e915bbb6-groupManagement] INFO  server.RaftServerConfigKeys (ConfUtils.java:logGet(46)) - raft.server.retrycache.expirytime = 600000ms (custom)
2024-11-05 06:16:38,079 [43b7afd8-9e19-4b34-aad7-81b8e915bbb6-groupManagement] INFO  server.RaftServerConfigKeys (ConfUtils.java:logGet(46)) - raft.server.retrycache.statistics.expirytime = 100ms (default)
2024-11-05 06:16:38,079 [43b7afd8-9e19-4b34-aad7-81b8e915bbb6-groupManagement] INFO  server.RaftServerConfigKeys (ConfUtils.java:logGet(46)) - raft.server.read.option = DEFAULT (default)
2024-11-05 06:16:38,079 [43b7afd8-9e19-4b34-aad7-81b8e915bbb6-groupManagement] INFO  server.RaftServerConfigKeys (ConfUtils.java:logGet(46)) - raft.server.read.read-after-write-consistent.write-index-cache.expiry-time = 60s (default)
2024-11-05 06:16:38,087 [43b7afd8-9e19-4b34-aad7-81b8e915bbb6-groupManagement] INFO  server.RaftServerConfigKeys (ConfUtils.java:logGet(46)) - raft.server.rpc.request.timeout = 60s (custom)
2024-11-05 06:16:38,088 [43b7afd8-9e19-4b34-aad7-81b8e915bbb6-groupManagement] INFO  server.RaftServerConfigKeys (ConfUtils.java:logGet(46)) - raft.server.log.appender.install.snapshot.enabled = false (custom)
2024-11-05 06:16:38,089 [44ff6b06-02d2-44ad-8aa1-4af94363565f-groupManagement] INFO  server.RaftServerConfigKeys (ConfUtils.java:logGet(46)) - raft.server.rpc.request.timeout = 60s (custom)
2024-11-05 06:16:38,090 [44ff6b06-02d2-44ad-8aa1-4af94363565f-groupManagement] INFO  server.RaftServerConfigKeys (ConfUtils.java:logGet(46)) - raft.server.log.appender.install.snapshot.enabled = false (custom)
2024-11-05 06:16:38,090 [43b7afd8-9e19-4b34-aad7-81b8e915bbb6-groupManagement] INFO  server.RaftServerConfigKeys (ConfUtils.java:logGet(46)) - raft.server.threadpool.server.cached = true (default)
2024-11-05 06:16:38,090 [44ff6b06-02d2-44ad-8aa1-4af94363565f-groupManagement] INFO  server.RaftServerConfigKeys (ConfUtils.java:logGet(46)) - raft.server.threadpool.server.cached = true (default)
2024-11-05 06:16:38,090 [44ff6b06-02d2-44ad-8aa1-4af94363565f-groupManagement] INFO  server.RaftServerConfigKeys (ConfUtils.java:logGet(46)) - raft.server.threadpool.server.size = 0 (default)
2024-11-05 06:16:38,090 [44ff6b06-02d2-44ad-8aa1-4af94363565f-groupManagement] INFO  server.RaftServerConfigKeys (ConfUtils.java:logGet(46)) - raft.server.threadpool.client.cached = true (default)
2024-11-05 06:16:38,090 [44ff6b06-02d2-44ad-8aa1-4af94363565f-groupManagement] INFO  server.RaftServerConfigKeys (ConfUtils.java:logGet(46)) - raft.server.threadpool.client.size = 0 (default)
2024-11-05 06:16:38,090 [44ff6b06-02d2-44ad-8aa1-4af94363565f-groupManagement] INFO  server.RaftServerConfigKeys (ConfUtils.java:logGet(46)) - raft.server.storage.free-space.min = 0MB (=0) (default)
2024-11-05 06:16:38,090 [44ff6b06-02d2-44ad-8aa1-4af94363565f-groupManagement] INFO  server.RaftServerConfigKeys (ConfUtils.java:logGet(46)) - raft.server.log.corruption.policy = EXCEPTION (default)
2024-11-05 06:16:38,090 [44ff6b06-02d2-44ad-8aa1-4af94363565f-groupManagement] INFO  server.RaftServerConfigKeys (ConfUtils.java:logGet(46)) - raft.server.storage.dir = [/home/runner/work/ozone/ozone/hadoop-ozone/integration-test/target/test-dir/MiniOzoneClusterImpl-58399722-4c39-4f0d-a4d6-8a89216b262d/ozone-meta/datanode-3/ratis] (custom)
2024-11-05 06:16:38,090 [43b7afd8-9e19-4b34-aad7-81b8e915bbb6-groupManagement] INFO  server.RaftServerConfigKeys (ConfUtils.java:logGet(46)) - raft.server.threadpool.server.size = 0 (default)
2024-11-05 06:16:38,091 [44ff6b06-02d2-44ad-8aa1-4af94363565f-groupManagement] INFO  storage.RaftStorageDirectory (RaftStorageDirectoryImpl.java:analyzeStorage(138)) - The storage directory /home/runner/work/ozone/ozone/hadoop-ozone/integration-test/target/test-dir/MiniOzoneClusterImpl-58399722-4c39-4f0d-a4d6-8a89216b262d/ozone-meta/datanode-3/ratis/070fb56e-6c7a-4531-8d60-c41ef94b1934 does not exist. Creating ...
2024-11-05 06:16:38,091 [43b7afd8-9e19-4b34-aad7-81b8e915bbb6-groupManagement] INFO  server.RaftServerConfigKeys (ConfUtils.java:logGet(46)) - raft.server.threadpool.client.cached = true (default)
2024-11-05 06:16:38,091 [43b7afd8-9e19-4b34-aad7-81b8e915bbb6-groupManagement] INFO  server.RaftServerConfigKeys (ConfUtils.java:logGet(46)) - raft.server.threadpool.client.size = 0 (default)
2024-11-05 06:16:38,092 [43b7afd8-9e19-4b34-aad7-81b8e915bbb6-groupManagement] INFO  server.RaftServerConfigKeys (ConfUtils.java:logGet(46)) - raft.server.storage.free-space.min = 0MB (=0) (default)
2024-11-05 06:16:38,092 [43b7afd8-9e19-4b34-aad7-81b8e915bbb6-groupManagement] INFO  server.RaftServerConfigKeys (ConfUtils.java:logGet(46)) - raft.server.log.corruption.policy = EXCEPTION (default)
2024-11-05 06:16:38,092 [43b7afd8-9e19-4b34-aad7-81b8e915bbb6-groupManagement] INFO  server.RaftServerConfigKeys (ConfUtils.java:logGet(46)) - raft.server.storage.dir = [/home/runner/work/ozone/ozone/hadoop-ozone/integration-test/target/test-dir/MiniOzoneClusterImpl-58399722-4c39-4f0d-a4d6-8a89216b262d/ozone-meta/datanode-2/ratis] (custom)
2024-11-05 06:16:38,092 [43b7afd8-9e19-4b34-aad7-81b8e915bbb6-groupManagement] INFO  storage.RaftStorageDirectory (RaftStorageDirectoryImpl.java:analyzeStorage(138)) - The storage directory /home/runner/work/ozone/ozone/hadoop-ozone/integration-test/target/test-dir/MiniOzoneClusterImpl-58399722-4c39-4f0d-a4d6-8a89216b262d/ozone-meta/datanode-2/ratis/070fb56e-6c7a-4531-8d60-c41ef94b1934 does not exist. Creating ...
2024-11-05 06:16:38,092 [44ff6b06-02d2-44ad-8aa1-4af94363565f-groupManagement] INFO  storage.RaftStorageDirectory (RaftStorageDirectoryImpl.java:tryLock(229)) - Lock on /home/runner/work/ozone/ozone/hadoop-ozone/integration-test/target/test-dir/MiniOzoneClusterImpl-58399722-4c39-4f0d-a4d6-8a89216b262d/ozone-meta/datanode-3/ratis/070fb56e-6c7a-4531-8d60-c41ef94b1934/in_use.lock acquired by nodename 123098@fv-az1791-537
2024-11-05 06:16:38,093 [43b7afd8-9e19-4b34-aad7-81b8e915bbb6-groupManagement] INFO  storage.RaftStorageDirectory (RaftStorageDirectoryImpl.java:tryLock(229)) - Lock on /home/runner/work/ozone/ozone/hadoop-ozone/integration-test/target/test-dir/MiniOzoneClusterImpl-58399722-4c39-4f0d-a4d6-8a89216b262d/ozone-meta/datanode-2/ratis/070fb56e-6c7a-4531-8d60-c41ef94b1934/in_use.lock acquired by nodename 123098@fv-az1791-537
2024-11-05 06:16:38,094 [43b7afd8-9e19-4b34-aad7-81b8e915bbb6-groupManagement] INFO  storage.RaftStorage (RaftStorageImpl.java:format(98)) - Storage directory /home/runner/work/ozone/ozone/hadoop-ozone/integration-test/target/test-dir/MiniOzoneClusterImpl-58399722-4c39-4f0d-a4d6-8a89216b262d/ozone-meta/datanode-2/ratis/070fb56e-6c7a-4531-8d60-c41ef94b1934 has been successfully formatted.
2024-11-05 06:16:38,094 [44ff6b06-02d2-44ad-8aa1-4af94363565f-groupManagement] INFO  storage.RaftStorage (RaftStorageImpl.java:format(98)) - Storage directory /home/runner/work/ozone/ozone/hadoop-ozone/integration-test/target/test-dir/MiniOzoneClusterImpl-58399722-4c39-4f0d-a4d6-8a89216b262d/ozone-meta/datanode-3/ratis/070fb56e-6c7a-4531-8d60-c41ef94b1934 has been successfully formatted.
2024-11-05 06:16:38,097 [Recon-EventQueue-PipelineReportForReconPipelineReportHandler] INFO  scm.ReconPipelineReportHandler (ReconPipelineReportHandler.java:processPipelineReport(104)) - Pipeline RATIS/THREE PipelineID=070fb56e-6c7a-4531-8d60-c41ef94b1934 reported by 43b7afd8-9e19-4b34-aad7-81b8e915bbb6(localhost/127.0.0.1)
2024-11-05 06:16:38,097 [EventQueue-OpenPipelineForHealthyPipelineSafeModeRule] INFO  safemode.SCMSafeModeManager (HealthyPipelineSafeModeRule.java:process(140)) - SCM in safe mode. Healthy pipelines reported count is 0, required healthy pipeline reported count is 1
2024-11-05 06:16:38,096 [43b7afd8-9e19-4b34-aad7-81b8e915bbb6-groupManagement] INFO  ratis.ContainerStateMachine (ContainerStateMachine.java:initialize(285)) - 43b7afd8-9e19-4b34-aad7-81b8e915bbb6: initialize group-C41EF94B1934
2024-11-05 06:16:38,097 [43b7afd8-9e19-4b34-aad7-81b8e915bbb6-groupManagement] INFO  ratis.ContainerStateMachine (ContainerStateMachine.java:loadSnapshot(293)) - group-C41EF94B1934: The snapshot info is null. Setting the last applied index to:(t:0, i:~)
2024-11-05 06:16:38,097 [44ff6b06-02d2-44ad-8aa1-4af94363565f-groupManagement] INFO  ratis.ContainerStateMachine (ContainerStateMachine.java:initialize(285)) - 44ff6b06-02d2-44ad-8aa1-4af94363565f: initialize group-C41EF94B1934
2024-11-05 06:16:38,098 [44ff6b06-02d2-44ad-8aa1-4af94363565f-groupManagement] INFO  ratis.ContainerStateMachine (ContainerStateMachine.java:loadSnapshot(293)) - group-C41EF94B1934: The snapshot info is null. Setting the last applied index to:(t:0, i:~)
2024-11-05 06:16:38,099 [44ff6b06-02d2-44ad-8aa1-4af94363565f-groupManagement] INFO  server.RaftServerConfigKeys (ConfUtils.java:logGet(46)) - raft.server.log.use.memory = false (default)
2024-11-05 06:16:38,099 [44ff6b06-02d2-44ad-8aa1-4af94363565f-groupManagement] INFO  server.RaftServerConfigKeys (ConfUtils.java:logGet(46)) - raft.server.log.purge.gap = 1000000 (custom)
2024-11-05 06:16:38,099 [44ff6b06-02d2-44ad-8aa1-4af94363565f-groupManagement] INFO  server.RaftServerConfigKeys (ConfUtils.java:logGet(46)) - raft.server.log.appender.buffer.byte-limit = 33554432 (custom)
2024-11-05 06:16:38,099 [44ff6b06-02d2-44ad-8aa1-4af94363565f-groupManagement] INFO  server.RaftServerConfigKeys (ConfUtils.java:logGet(46)) - raft.server.log.statemachine.data.read.timeout = 1000ms (default)
2024-11-05 06:16:38,099 [44ff6b06-02d2-44ad-8aa1-4af94363565f-groupManagement] INFO  server.RaftServerConfigKeys (ConfUtils.java:logGet(46)) - raft.server.log.purge.preservation.log.num = 0 (default)
2024-11-05 06:16:38,098 [43b7afd8-9e19-4b34-aad7-81b8e915bbb6-groupManagement] INFO  server.RaftServerConfigKeys (ConfUtils.java:logGet(46)) - raft.server.log.use.memory = false (default)
2024-11-05 06:16:38,099 [43b7afd8-9e19-4b34-aad7-81b8e915bbb6-groupManagement] INFO  server.RaftServerConfigKeys (ConfUtils.java:logGet(46)) - raft.server.log.purge.gap = 1000000 (custom)
2024-11-05 06:16:38,100 [43b7afd8-9e19-4b34-aad7-81b8e915bbb6-groupManagement] INFO  server.RaftServerConfigKeys (ConfUtils.java:logGet(46)) - raft.server.log.appender.buffer.byte-limit = 33554432 (custom)
2024-11-05 06:16:38,100 [43b7afd8-9e19-4b34-aad7-81b8e915bbb6-groupManagement] INFO  server.RaftServerConfigKeys (ConfUtils.java:logGet(46)) - raft.server.log.statemachine.data.read.timeout = 1000ms (default)
2024-11-05 06:16:38,100 [43b7afd8-9e19-4b34-aad7-81b8e915bbb6-groupManagement] INFO  server.RaftServerConfigKeys (ConfUtils.java:logGet(46)) - raft.server.log.purge.preservation.log.num = 0 (default)
2024-11-05 06:16:38,102 [44ff6b06-02d2-44ad-8aa1-4af94363565f-groupManagement] INFO  server.RaftServerConfigKeys (ConfUtils.java:logGet(46)) - raft.server.log.segment.size.max = 67108864 (custom)
2024-11-05 06:16:38,104 [44ff6b06-02d2-44ad-8aa1-4af94363565f-groupManagement] INFO  server.RaftServerConfigKeys (ConfUtils.java:logGet(46)) - raft.server.log.segment.cache.num.max = 2 (custom)
2024-11-05 06:16:38,104 [44ff6b06-02d2-44ad-8aa1-4af94363565f-groupManagement] INFO  server.RaftServerConfigKeys (ConfUtils.java:logGet(46)) - raft.server.log.segment.cache.size.max = 200MB (=209715200) (default)
2024-11-05 06:16:38,104 [44ff6b06-02d2-44ad-8aa1-4af94363565f-groupManagement] INFO  server.RaftServerConfigKeys (ConfUtils.java:logGet(46)) - raft.server.log.appender.buffer.byte-limit = 33554432 (custom)
2024-11-05 06:16:38,105 [43b7afd8-9e19-4b34-aad7-81b8e915bbb6-groupManagement] INFO  server.RaftServerConfigKeys (ConfUtils.java:logGet(46)) - raft.server.log.segment.size.max = 67108864 (custom)
2024-11-05 06:16:38,105 [43b7afd8-9e19-4b34-aad7-81b8e915bbb6-groupManagement] INFO  server.RaftServerConfigKeys (ConfUtils.java:logGet(46)) - raft.server.log.segment.cache.num.max = 2 (custom)
2024-11-05 06:16:38,106 [43b7afd8-9e19-4b34-aad7-81b8e915bbb6-groupManagement] INFO  server.RaftServerConfigKeys (ConfUtils.java:logGet(46)) - raft.server.log.segment.cache.size.max = 200MB (=209715200) (default)
2024-11-05 06:16:38,106 [43b7afd8-9e19-4b34-aad7-81b8e915bbb6-groupManagement] INFO  server.RaftServerConfigKeys (ConfUtils.java:logGet(46)) - raft.server.log.appender.buffer.byte-limit = 33554432 (custom)
2024-11-05 06:16:38,108 [44ff6b06-02d2-44ad-8aa1-4af94363565f-groupManagement] INFO  util.AwaitToRun (AwaitToRun.java:start(81)) - Thread[44ff6b06-02d2-44ad-8aa1-4af94363565f@group-C41EF94B1934-cacheEviction-AwaitToRun,5,main] started
2024-11-05 06:16:38,108 [44ff6b06-02d2-44ad-8aa1-4af94363565f-groupManagement] INFO  segmented.SegmentedRaftLogWorker (SegmentedRaftLogWorker.java:<init>(187)) - new 44ff6b06-02d2-44ad-8aa1-4af94363565f@group-C41EF94B1934-SegmentedRaftLogWorker for RaftStorageImpl:Storage Directory /home/runner/work/ozone/ozone/hadoop-ozone/integration-test/target/test-dir/MiniOzoneClusterImpl-58399722-4c39-4f0d-a4d6-8a89216b262d/ozone-meta/datanode-3/ratis/070fb56e-6c7a-4531-8d60-c41ef94b1934
2024-11-05 06:16:38,108 [44ff6b06-02d2-44ad-8aa1-4af94363565f-groupManagement] INFO  server.RaftServerConfigKeys (ConfUtils.java:logGet(46)) - raft.server.log.queue.byte-limit = 4294967296 (custom)
2024-11-05 06:16:38,108 [44ff6b06-02d2-44ad-8aa1-4af94363565f-groupManagement] INFO  server.RaftServerConfigKeys (ConfUtils.java:logGet(46)) - raft.server.log.queue.element-limit = 1024 (custom)
2024-11-05 06:16:38,108 [44ff6b06-02d2-44ad-8aa1-4af94363565f-groupManagement] INFO  server.RaftServerConfigKeys (ConfUtils.java:logGet(46)) - raft.server.log.segment.size.max = 67108864 (custom)
2024-11-05 06:16:38,108 [44ff6b06-02d2-44ad-8aa1-4af94363565f-groupManagement] INFO  server.RaftServerConfigKeys (ConfUtils.java:logGet(46)) - raft.server.log.preallocated.size = 4194304 (custom)
2024-11-05 06:16:38,108 [44ff6b06-02d2-44ad-8aa1-4af94363565f-groupManagement] INFO  server.RaftServerConfigKeys (ConfUtils.java:logGet(46)) - raft.server.log.force.sync.num = 128 (default)
2024-11-05 06:16:38,108 [44ff6b06-02d2-44ad-8aa1-4af94363565f-groupManagement] INFO  server.RaftServerConfigKeys (ConfUtils.java:logGet(46)) - raft.server.log.statemachine.data.sync = true (default)
2024-11-05 06:16:38,108 [44ff6b06-02d2-44ad-8aa1-4af94363565f-groupManagement] INFO  server.RaftServerConfigKeys (ConfUtils.java:logGet(46)) - raft.server.log.statemachine.data.sync.timeout = 10s (default)
2024-11-05 06:16:38,109 [44ff6b06-02d2-44ad-8aa1-4af94363565f-groupManagement] INFO  server.RaftServerConfigKeys (ConfUtils.java:logGet(46)) - raft.server.log.statemachine.data.sync.timeout.retry = 30 (custom)
2024-11-05 06:16:38,109 [44ff6b06-02d2-44ad-8aa1-4af94363565f-groupManagement] INFO  server.RaftServerConfigKeys (ConfUtils.java:logGet(46)) - raft.server.log.write.buffer.size = 33554440 (custom)
2024-11-05 06:16:38,109 [43b7afd8-9e19-4b34-aad7-81b8e915bbb6-groupManagement] INFO  util.AwaitToRun (AwaitToRun.java:start(81)) - Thread[43b7afd8-9e19-4b34-aad7-81b8e915bbb6@group-C41EF94B1934-cacheEviction-AwaitToRun,5,main] started
2024-11-05 06:16:38,111 [43b7afd8-9e19-4b34-aad7-81b8e915bbb6-groupManagement] INFO  segmented.SegmentedRaftLogWorker (SegmentedRaftLogWorker.java:<init>(187)) - new 43b7afd8-9e19-4b34-aad7-81b8e915bbb6@group-C41EF94B1934-SegmentedRaftLogWorker for RaftStorageImpl:Storage Directory /home/runner/work/ozone/ozone/hadoop-ozone/integration-test/target/test-dir/MiniOzoneClusterImpl-58399722-4c39-4f0d-a4d6-8a89216b262d/ozone-meta/datanode-2/ratis/070fb56e-6c7a-4531-8d60-c41ef94b1934
2024-11-05 06:16:38,111 [43b7afd8-9e19-4b34-aad7-81b8e915bbb6-groupManagement] INFO  server.RaftServerConfigKeys (ConfUtils.java:logGet(46)) - raft.server.log.queue.byte-limit = 4294967296 (custom)
2024-11-05 06:16:38,111 [43b7afd8-9e19-4b34-aad7-81b8e915bbb6-groupManagement] INFO  server.RaftServerConfigKeys (ConfUtils.java:logGet(46)) - raft.server.log.queue.element-limit = 1024 (custom)
2024-11-05 06:16:38,111 [43b7afd8-9e19-4b34-aad7-81b8e915bbb6-groupManagement] INFO  server.RaftServerConfigKeys (ConfUtils.java:logGet(46)) - raft.server.log.segment.size.max = 67108864 (custom)
2024-11-05 06:16:38,111 [43b7afd8-9e19-4b34-aad7-81b8e915bbb6-groupManagement] INFO  server.RaftServerConfigKeys (ConfUtils.java:logGet(46)) - raft.server.log.preallocated.size = 4194304 (custom)
2024-11-05 06:16:38,111 [43b7afd8-9e19-4b34-aad7-81b8e915bbb6-groupManagement] INFO  server.RaftServerConfigKeys (ConfUtils.java:logGet(46)) - raft.server.log.force.sync.num = 128 (default)
2024-11-05 06:16:38,111 [43b7afd8-9e19-4b34-aad7-81b8e915bbb6-groupManagement] INFO  server.RaftServerConfigKeys (ConfUtils.java:logGet(46)) - raft.server.log.statemachine.data.sync = true (default)
2024-11-05 06:16:38,111 [43b7afd8-9e19-4b34-aad7-81b8e915bbb6-groupManagement] INFO  server.RaftServerConfigKeys (ConfUtils.java:logGet(46)) - raft.server.log.statemachine.data.sync.timeout = 10s (default)
2024-11-05 06:16:38,111 [43b7afd8-9e19-4b34-aad7-81b8e915bbb6-groupManagement] INFO  server.RaftServerConfigKeys (ConfUtils.java:logGet(46)) - raft.server.log.statemachine.data.sync.timeout.retry = 30 (custom)
2024-11-05 06:16:38,112 [43b7afd8-9e19-4b34-aad7-81b8e915bbb6-groupManagement] INFO  server.RaftServerConfigKeys (ConfUtils.java:logGet(46)) - raft.server.log.write.buffer.size = 33554440 (custom)
2024-11-05 06:16:38,116 [44ff6b06-02d2-44ad-8aa1-4af94363565f-groupManagement] INFO  server.RaftServerConfigKeys (ConfUtils.java:logGet(46)) - raft.server.log.appender.buffer.byte-limit = 33554432 (custom)
2024-11-05 06:16:38,116 [44ff6b06-02d2-44ad-8aa1-4af94363565f-groupManagement] INFO  server.RaftServerConfigKeys (ConfUtils.java:logGet(46)) - raft.server.log.unsafe-flush.enabled = false (default)
2024-11-05 06:16:38,116 [44ff6b06-02d2-44ad-8aa1-4af94363565f-groupManagement] INFO  server.RaftServerConfigKeys (ConfUtils.java:logGet(46)) - raft.server.log.async-flush.enabled = false (default)
2024-11-05 06:16:38,116 [44ff6b06-02d2-44ad-8aa1-4af94363565f-groupManagement] INFO  server.RaftServerConfigKeys (ConfUtils.java:logGet(46)) - raft.server.log.statemachine.data.caching.enabled = true (custom)
2024-11-05 06:16:38,116 [44ff6b06-02d2-44ad-8aa1-4af94363565f-groupManagement] INFO  segmented.SegmentedRaftLogWorker (SegmentedRaftLogWorker.java:lambda$new$0(138)) - 44ff6b06-02d2-44ad-8aa1-4af94363565f@group-C41EF94B1934-SegmentedRaftLogWorker: flushIndex: setUnconditionally 0 -> -1
2024-11-05 06:16:38,116 [44ff6b06-02d2-44ad-8aa1-4af94363565f-groupManagement] INFO  segmented.SegmentedRaftLogWorker (SegmentedRaftLogWorker.java:lambda$new$0(138)) - 44ff6b06-02d2-44ad-8aa1-4af94363565f@group-C41EF94B1934-SegmentedRaftLogWorker: safeCacheEvictIndex: setUnconditionally 0 -> -1
2024-11-05 06:16:38,117 [44ff6b06-02d2-44ad-8aa1-4af94363565f-groupManagement] INFO  server.RaftServer$Division (RaftServerImpl.java:start(390)) - 44ff6b06-02d2-44ad-8aa1-4af94363565f@group-C41EF94B1934: start as a follower, conf=conf: {index: -1, cur=peers:[44ff6b06-02d2-44ad-8aa1-4af94363565f|127.0.0.1:15032, 731aafee-c06b-4662-9d20-472061f2d46e|127.0.0.1:15014, 43b7afd8-9e19-4b34-aad7-81b8e915bbb6|127.0.0.1:15023]|listeners:[], old=null}
2024-11-05 06:16:38,117 [44ff6b06-02d2-44ad-8aa1-4af94363565f-groupManagement] INFO  server.RaftServer$Division (RaftServerImpl.java:setRole(377)) - 44ff6b06-02d2-44ad-8aa1-4af94363565f@group-C41EF94B1934: changes role from      null to FOLLOWER at term 0 for startAsFollower
2024-11-05 06:16:38,117 [44ff6b06-02d2-44ad-8aa1-4af94363565f-groupManagement] INFO  impl.RoleInfo (RoleInfo.java:updateAndGet(148)) - 44ff6b06-02d2-44ad-8aa1-4af94363565f: start 44ff6b06-02d2-44ad-8aa1-4af94363565f@group-C41EF94B1934-FollowerState
2024-11-05 06:16:38,118 [43b7afd8-9e19-4b34-aad7-81b8e915bbb6-groupManagement] INFO  server.RaftServerConfigKeys (ConfUtils.java:logGet(46)) - raft.server.log.appender.buffer.byte-limit = 33554432 (custom)
2024-11-05 06:16:38,118 [43b7afd8-9e19-4b34-aad7-81b8e915bbb6-groupManagement] INFO  server.RaftServerConfigKeys (ConfUtils.java:logGet(46)) - raft.server.log.unsafe-flush.enabled = false (default)
2024-11-05 06:16:38,118 [43b7afd8-9e19-4b34-aad7-81b8e915bbb6-groupManagement] INFO  server.RaftServerConfigKeys (ConfUtils.java:logGet(46)) - raft.server.log.async-flush.enabled = false (default)
2024-11-05 06:16:38,119 [43b7afd8-9e19-4b34-aad7-81b8e915bbb6-groupManagement] INFO  server.RaftServerConfigKeys (ConfUtils.java:logGet(46)) - raft.server.log.statemachine.data.caching.enabled = true (custom)
2024-11-05 06:16:38,119 [43b7afd8-9e19-4b34-aad7-81b8e915bbb6-groupManagement] INFO  segmented.SegmentedRaftLogWorker (SegmentedRaftLogWorker.java:lambda$new$0(138)) - 43b7afd8-9e19-4b34-aad7-81b8e915bbb6@group-C41EF94B1934-SegmentedRaftLogWorker: flushIndex: setUnconditionally 0 -> -1
2024-11-05 06:16:38,119 [43b7afd8-9e19-4b34-aad7-81b8e915bbb6-groupManagement] INFO  segmented.SegmentedRaftLogWorker (SegmentedRaftLogWorker.java:lambda$new$0(138)) - 43b7afd8-9e19-4b34-aad7-81b8e915bbb6@group-C41EF94B1934-SegmentedRaftLogWorker: safeCacheEvictIndex: setUnconditionally 0 -> -1
2024-11-05 06:16:38,120 [44ff6b06-02d2-44ad-8aa1-4af94363565f-groupManagement] INFO  util.JmxRegister (JmxRegister.java:tryRegister(44)) - Successfully registered JMX Bean with object name Ratis:service=RaftServer,group=group-C41EF94B1934,id=44ff6b06-02d2-44ad-8aa1-4af94363565f
2024-11-05 06:16:38,120 [44ff6b06-02d2-44ad-8aa1-4af94363565f-groupManagement] INFO  util.JmxRegister (JmxRegister.java:register(58)) - register mxBean class org.apache.ratis.server.impl.RaftServerJmxAdapter as Ratis:service=RaftServer,group=group-C41EF94B1934,id=44ff6b06-02d2-44ad-8aa1-4af94363565f
2024-11-05 06:16:38,120 [44ff6b06-02d2-44ad-8aa1-4af94363565f-groupManagement] INFO  server.RaftServerConfigKeys (ConfUtils.java:logGet(46)) - raft.server.snapshot.trigger-when-stop.enabled = true (default)
2024-11-05 06:16:38,120 [44ff6b06-02d2-44ad-8aa1-4af94363565f-groupManagement] INFO  server.RaftServerConfigKeys (ConfUtils.java:logGet(46)) - raft.server.snapshot.trigger-when-remove.enabled = true (default)
2024-11-05 06:16:38,120 [44ff6b06-02d2-44ad-8aa1-4af94363565f-groupManagement] INFO  server.RaftServerConfigKeys (ConfUtils.java:logGet(46)) - raft.server.snapshot.auto.trigger.enabled = true (custom)
2024-11-05 06:16:38,120 [44ff6b06-02d2-44ad-8aa1-4af94363565f-groupManagement] INFO  server.RaftServerConfigKeys (ConfUtils.java:logGet(46)) - raft.server.snapshot.auto.trigger.threshold = 10000 (custom)
2024-11-05 06:16:38,120 [44ff6b06-02d2-44ad-8aa1-4af94363565f-groupManagement] INFO  server.RaftServerConfigKeys (ConfUtils.java:logGet(46)) - raft.server.snapshot.retention.file.num = 5 (custom)
2024-11-05 06:16:38,120 [44ff6b06-02d2-44ad-8aa1-4af94363565f-groupManagement] INFO  server.RaftServerConfigKeys (ConfUtils.java:logGet(46)) - raft.server.log.purge.upto.snapshot.index = false (default)
2024-11-05 06:16:38,121 [44ff6b06-02d2-44ad-8aa1-4af94363565f@group-C41EF94B1934-FollowerState] INFO  server.RaftServerConfigKeys (ConfUtils.java:logFallback(53)) - raft.server.rpc.first-election.timeout.min = 5s (fallback to raft.server.rpc.timeout.min)
2024-11-05 06:16:38,121 [44ff6b06-02d2-44ad-8aa1-4af94363565f@group-C41EF94B1934-FollowerState] INFO  server.RaftServerConfigKeys (ConfUtils.java:logFallback(53)) - raft.server.rpc.first-election.timeout.max = 5200ms (fallback to raft.server.rpc.timeout.max)
2024-11-05 06:16:38,128 [43b7afd8-9e19-4b34-aad7-81b8e915bbb6-groupManagement] INFO  server.RaftServer$Division (RaftServerImpl.java:start(390)) - 43b7afd8-9e19-4b34-aad7-81b8e915bbb6@group-C41EF94B1934: start as a follower, conf=conf: {index: -1, cur=peers:[44ff6b06-02d2-44ad-8aa1-4af94363565f|127.0.0.1:15032, 731aafee-c06b-4662-9d20-472061f2d46e|127.0.0.1:15014, 43b7afd8-9e19-4b34-aad7-81b8e915bbb6|127.0.0.1:15023]|listeners:[], old=null}
2024-11-05 06:16:38,128 [43b7afd8-9e19-4b34-aad7-81b8e915bbb6-groupManagement] INFO  server.RaftServer$Division (RaftServerImpl.java:setRole(377)) - 43b7afd8-9e19-4b34-aad7-81b8e915bbb6@group-C41EF94B1934: changes role from      null to FOLLOWER at term 0 for startAsFollower
2024-11-05 06:16:38,128 [43b7afd8-9e19-4b34-aad7-81b8e915bbb6-groupManagement] INFO  impl.RoleInfo (RoleInfo.java:updateAndGet(148)) - 43b7afd8-9e19-4b34-aad7-81b8e915bbb6: start 43b7afd8-9e19-4b34-aad7-81b8e915bbb6@group-C41EF94B1934-FollowerState
2024-11-05 06:16:38,129 [43b7afd8-9e19-4b34-aad7-81b8e915bbb6-groupManagement] INFO  util.JmxRegister (JmxRegister.java:tryRegister(44)) - Successfully registered JMX Bean with object name Ratis:service=RaftServer,group=group-C41EF94B1934,id=43b7afd8-9e19-4b34-aad7-81b8e915bbb6
2024-11-05 06:16:38,129 [43b7afd8-9e19-4b34-aad7-81b8e915bbb6-groupManagement] INFO  util.JmxRegister (JmxRegister.java:register(58)) - register mxBean class org.apache.ratis.server.impl.RaftServerJmxAdapter as Ratis:service=RaftServer,group=group-C41EF94B1934,id=43b7afd8-9e19-4b34-aad7-81b8e915bbb6
2024-11-05 06:16:38,129 [43b7afd8-9e19-4b34-aad7-81b8e915bbb6-groupManagement] INFO  server.RaftServerConfigKeys (ConfUtils.java:logGet(46)) - raft.server.snapshot.trigger-when-stop.enabled = true (default)
2024-11-05 06:16:38,129 [43b7afd8-9e19-4b34-aad7-81b8e915bbb6-groupManagement] INFO  server.RaftServerConfigKeys (ConfUtils.java:logGet(46)) - raft.server.snapshot.trigger-when-remove.enabled = true (default)
2024-11-05 06:16:38,130 [43b7afd8-9e19-4b34-aad7-81b8e915bbb6-groupManagement] INFO  server.RaftServerConfigKeys (ConfUtils.java:logGet(46)) - raft.server.snapshot.auto.trigger.enabled = true (custom)
2024-11-05 06:16:38,130 [43b7afd8-9e19-4b34-aad7-81b8e915bbb6-groupManagement] INFO  server.RaftServerConfigKeys (ConfUtils.java:logGet(46)) - raft.server.snapshot.auto.trigger.threshold = 10000 (custom)
2024-11-05 06:16:38,130 [43b7afd8-9e19-4b34-aad7-81b8e915bbb6-groupManagement] INFO  server.RaftServerConfigKeys (ConfUtils.java:logGet(46)) - raft.server.snapshot.retention.file.num = 5 (custom)
2024-11-05 06:16:38,130 [43b7afd8-9e19-4b34-aad7-81b8e915bbb6-groupManagement] INFO  server.RaftServerConfigKeys (ConfUtils.java:logGet(46)) - raft.server.log.purge.upto.snapshot.index = false (default)
2024-11-05 06:16:38,131 [43b7afd8-9e19-4b34-aad7-81b8e915bbb6-PipelineCommandHandlerThread-0] INFO  ratis.XceiverServerRatis (XceiverServerRatis.java:addGroup(844)) - Created group PipelineID=070fb56e-6c7a-4531-8d60-c41ef94b1934
2024-11-05 06:16:38,134 [43b7afd8-9e19-4b34-aad7-81b8e915bbb6@group-C41EF94B1934-FollowerState] INFO  server.RaftServerConfigKeys (ConfUtils.java:logFallback(53)) - raft.server.rpc.first-election.timeout.min = 5s (fallback to raft.server.rpc.timeout.min)
2024-11-05 06:16:38,134 [43b7afd8-9e19-4b34-aad7-81b8e915bbb6@group-C41EF94B1934-FollowerState] INFO  server.RaftServerConfigKeys (ConfUtils.java:logFallback(53)) - raft.server.rpc.first-election.timeout.max = 5200ms (fallback to raft.server.rpc.timeout.max)
2024-11-05 06:16:38,184 [731aafee-c06b-4662-9d20-472061f2d46e-PipelineCommandHandlerThread-0] INFO  commandhandler.CreatePipelineCommandHandler (CreatePipelineCommandHandler.java:lambda$handle$2(129)) - Created Pipeline RATIS THREE PipelineID=070fb56e-6c7a-4531-8d60-c41ef94b1934.
2024-11-05 06:16:38,184 [731aafee-c06b-4662-9d20-472061f2d46e-PipelineCommandHandlerThread-0] INFO  server.RaftServer (RaftServerProxy.java:addNew(100)) - 731aafee-c06b-4662-9d20-472061f2d46e: addNew group-83D748725593:[44ff6b06-02d2-44ad-8aa1-4af94363565f|127.0.0.1:15032, 731aafee-c06b-4662-9d20-472061f2d46e|127.0.0.1:15014, 43b7afd8-9e19-4b34-aad7-81b8e915bbb6|127.0.0.1:15023] returns group-83D748725593:java.util.concurrent.CompletableFuture@6604cec0[Not completed]
2024-11-05 06:16:38,185 [731aafee-c06b-4662-9d20-472061f2d46e-groupManagement] INFO  server.RaftServer$Division (RaftServerImpl.java:<init>(254)) - 731aafee-c06b-4662-9d20-472061f2d46e: new RaftServerImpl for group-83D748725593:[44ff6b06-02d2-44ad-8aa1-4af94363565f|127.0.0.1:15032, 731aafee-c06b-4662-9d20-472061f2d46e|127.0.0.1:15014, 43b7afd8-9e19-4b34-aad7-81b8e915bbb6|127.0.0.1:15023] with ContainerStateMachine:uninitialized
2024-11-05 06:16:38,185 [731aafee-c06b-4662-9d20-472061f2d46e-groupManagement] INFO  server.RaftServerConfigKeys (ConfUtils.java:logGet(46)) - raft.server.rpc.timeout.min = 5s (custom)
2024-11-05 06:16:38,186 [731aafee-c06b-4662-9d20-472061f2d46e-groupManagement] INFO  server.RaftServerConfigKeys (ConfUtils.java:logGet(46)) - raft.server.rpc.timeout.max = 5200ms (custom)
2024-11-05 06:16:38,186 [731aafee-c06b-4662-9d20-472061f2d46e-groupManagement] INFO  server.RaftServerConfigKeys (ConfUtils.java:logGet(46)) - raft.server.rpc.sleep.time = 25ms (default)
2024-11-05 06:16:38,186 [731aafee-c06b-4662-9d20-472061f2d46e-groupManagement] INFO  server.RaftServerConfigKeys (ConfUtils.java:logGet(46)) - raft.server.rpc.slowness.timeout = 300s (custom)
2024-11-05 06:16:38,186 [731aafee-c06b-4662-9d20-472061f2d46e-groupManagement] INFO  server.RaftServerConfigKeys (ConfUtils.java:logGet(46)) - raft.server.leaderelection.leader.step-down.wait-time = 10s (default)
2024-11-05 06:16:38,186 [731aafee-c06b-4662-9d20-472061f2d46e-groupManagement] INFO  server.RaftServerConfigKeys (ConfUtils.java:logGet(46)) - raft.server.leaderelection.member.majority-add = false (default)
2024-11-05 06:16:38,186 [731aafee-c06b-4662-9d20-472061f2d46e-groupManagement] INFO  server.RaftServerConfigKeys (ConfUtils.java:logGet(46)) - raft.server.sleep.deviation.threshold = 300ms (default)
2024-11-05 06:16:38,186 [731aafee-c06b-4662-9d20-472061f2d46e-groupManagement] INFO  server.RaftServer$Division (ServerState.java:<init>(114)) - 731aafee-c06b-4662-9d20-472061f2d46e@group-83D748725593: ConfigurationManager, init=conf: {index: -1, cur=peers:[44ff6b06-02d2-44ad-8aa1-4af94363565f|127.0.0.1:15032, 731aafee-c06b-4662-9d20-472061f2d46e|127.0.0.1:15014, 43b7afd8-9e19-4b34-aad7-81b8e915bbb6|127.0.0.1:15023]|listeners:[], old=null}, confs=<EMPTY_MAP>
2024-11-05 06:16:38,186 [731aafee-c06b-4662-9d20-472061f2d46e-groupManagement] INFO  server.RaftServerConfigKeys (ConfUtils.java:logGet(46)) - raft.server.notification.no-leader.timeout = 300s (custom)
2024-11-05 06:16:38,186 [731aafee-c06b-4662-9d20-472061f2d46e-groupManagement] INFO  server.RaftServerConfigKeys (ConfUtils.java:logGet(46)) - raft.server.read.timeout = 10s (default)
2024-11-05 06:16:38,186 [731aafee-c06b-4662-9d20-472061f2d46e-groupManagement] INFO  server.RaftServerConfigKeys (ConfUtils.java:logGet(46)) - raft.server.retrycache.expirytime = 600000ms (custom)
2024-11-05 06:16:38,186 [731aafee-c06b-4662-9d20-472061f2d46e-groupManagement] INFO  server.RaftServerConfigKeys (ConfUtils.java:logGet(46)) - raft.server.retrycache.statistics.expirytime = 100ms (default)
2024-11-05 06:16:38,186 [731aafee-c06b-4662-9d20-472061f2d46e-groupManagement] INFO  server.RaftServerConfigKeys (ConfUtils.java:logGet(46)) - raft.server.read.option = DEFAULT (default)
2024-11-05 06:16:38,186 [731aafee-c06b-4662-9d20-472061f2d46e-groupManagement] INFO  server.RaftServerConfigKeys (ConfUtils.java:logGet(46)) - raft.server.read.read-after-write-consistent.write-index-cache.expiry-time = 60s (default)
2024-11-05 06:16:38,190 [731aafee-c06b-4662-9d20-472061f2d46e-groupManagement] INFO  server.RaftServerConfigKeys (ConfUtils.java:logGet(46)) - raft.server.rpc.request.timeout = 60s (custom)
2024-11-05 06:16:38,191 [731aafee-c06b-4662-9d20-472061f2d46e-groupManagement] INFO  server.RaftServerConfigKeys (ConfUtils.java:logGet(46)) - raft.server.log.appender.install.snapshot.enabled = false (custom)
2024-11-05 06:16:38,191 [731aafee-c06b-4662-9d20-472061f2d46e-groupManagement] INFO  server.RaftServerConfigKeys (ConfUtils.java:logGet(46)) - raft.server.threadpool.server.cached = true (default)
2024-11-05 06:16:38,191 [731aafee-c06b-4662-9d20-472061f2d46e-groupManagement] INFO  server.RaftServerConfigKeys (ConfUtils.java:logGet(46)) - raft.server.threadpool.server.size = 0 (default)
2024-11-05 06:16:38,191 [731aafee-c06b-4662-9d20-472061f2d46e-groupManagement] INFO  server.RaftServerConfigKeys (ConfUtils.java:logGet(46)) - raft.server.threadpool.client.cached = true (default)
2024-11-05 06:16:38,192 [731aafee-c06b-4662-9d20-472061f2d46e-groupManagement] INFO  server.RaftServerConfigKeys (ConfUtils.java:logGet(46)) - raft.server.threadpool.client.size = 0 (default)
2024-11-05 06:16:38,192 [731aafee-c06b-4662-9d20-472061f2d46e-groupManagement] INFO  server.RaftServerConfigKeys (ConfUtils.java:logGet(46)) - raft.server.storage.free-space.min = 0MB (=0) (default)
2024-11-05 06:16:38,192 [731aafee-c06b-4662-9d20-472061f2d46e-groupManagement] INFO  server.RaftServerConfigKeys (ConfUtils.java:logGet(46)) - raft.server.log.corruption.policy = EXCEPTION (default)
2024-11-05 06:16:38,192 [731aafee-c06b-4662-9d20-472061f2d46e-groupManagement] INFO  server.RaftServerConfigKeys (ConfUtils.java:logGet(46)) - raft.server.storage.dir = [/home/runner/work/ozone/ozone/hadoop-ozone/integration-test/target/test-dir/MiniOzoneClusterImpl-58399722-4c39-4f0d-a4d6-8a89216b262d/ozone-meta/datanode-1/ratis] (custom)
2024-11-05 06:16:38,192 [731aafee-c06b-4662-9d20-472061f2d46e-groupManagement] INFO  storage.RaftStorageDirectory (RaftStorageDirectoryImpl.java:analyzeStorage(138)) - The storage directory /home/runner/work/ozone/ozone/hadoop-ozone/integration-test/target/test-dir/MiniOzoneClusterImpl-58399722-4c39-4f0d-a4d6-8a89216b262d/ozone-meta/datanode-1/ratis/09e0977e-6386-430c-9c36-83d748725593 does not exist. Creating ...
2024-11-05 06:16:38,194 [731aafee-c06b-4662-9d20-472061f2d46e-groupManagement] INFO  storage.RaftStorageDirectory (RaftStorageDirectoryImpl.java:tryLock(229)) - Lock on /home/runner/work/ozone/ozone/hadoop-ozone/integration-test/target/test-dir/MiniOzoneClusterImpl-58399722-4c39-4f0d-a4d6-8a89216b262d/ozone-meta/datanode-1/ratis/09e0977e-6386-430c-9c36-83d748725593/in_use.lock acquired by nodename 123098@fv-az1791-537
2024-11-05 06:16:38,197 [731aafee-c06b-4662-9d20-472061f2d46e-groupManagement] INFO  storage.RaftStorage (RaftStorageImpl.java:format(98)) - Storage directory /home/runner/work/ozone/ozone/hadoop-ozone/integration-test/target/test-dir/MiniOzoneClusterImpl-58399722-4c39-4f0d-a4d6-8a89216b262d/ozone-meta/datanode-1/ratis/09e0977e-6386-430c-9c36-83d748725593 has been successfully formatted.
2024-11-05 06:16:38,198 [731aafee-c06b-4662-9d20-472061f2d46e-groupManagement] INFO  ratis.ContainerStateMachine (ContainerStateMachine.java:initialize(285)) - 731aafee-c06b-4662-9d20-472061f2d46e: initialize group-83D748725593
2024-11-05 06:16:38,198 [731aafee-c06b-4662-9d20-472061f2d46e-groupManagement] INFO  ratis.ContainerStateMachine (ContainerStateMachine.java:loadSnapshot(293)) - group-83D748725593: The snapshot info is null. Setting the last applied index to:(t:0, i:~)
2024-11-05 06:16:38,198 [731aafee-c06b-4662-9d20-472061f2d46e-groupManagement] INFO  server.RaftServerConfigKeys (ConfUtils.java:logGet(46)) - raft.server.log.use.memory = false (default)
2024-11-05 06:16:38,199 [731aafee-c06b-4662-9d20-472061f2d46e-groupManagement] INFO  server.RaftServerConfigKeys (ConfUtils.java:logGet(46)) - raft.server.log.purge.gap = 1000000 (custom)
2024-11-05 06:16:38,199 [731aafee-c06b-4662-9d20-472061f2d46e-groupManagement] INFO  server.RaftServerConfigKeys (ConfUtils.java:logGet(46)) - raft.server.log.appender.buffer.byte-limit = 33554432 (custom)
2024-11-05 06:16:38,199 [731aafee-c06b-4662-9d20-472061f2d46e-groupManagement] INFO  server.RaftServerConfigKeys (ConfUtils.java:logGet(46)) - raft.server.log.statemachine.data.read.timeout = 1000ms (default)
2024-11-05 06:16:38,199 [731aafee-c06b-4662-9d20-472061f2d46e-groupManagement] INFO  server.RaftServerConfigKeys (ConfUtils.java:logGet(46)) - raft.server.log.purge.preservation.log.num = 0 (default)
2024-11-05 06:16:38,201 [Recon-EventQueue-PipelineReportForReconPipelineReportHandler] INFO  scm.ReconPipelineReportHandler (ReconPipelineReportHandler.java:processPipelineReport(68)) - Unknown pipeline PipelineID=09e0977e-6386-430c-9c36-83d748725593. Trying to get from SCM.
2024-11-05 06:16:38,201 [EventQueue-OpenPipelineForHealthyPipelineSafeModeRule] INFO  safemode.SCMSafeModeManager (HealthyPipelineSafeModeRule.java:process(140)) - SCM in safe mode. Healthy pipelines reported count is 0, required healthy pipeline reported count is 1
2024-11-05 06:16:38,204 [Recon-EventQueue-PipelineReportForReconPipelineReportHandler] INFO  scm.ReconPipelineReportHandler (ReconPipelineReportHandler.java:processPipelineReport(87)) - Pipeline Pipeline[ Id: 09e0977e-6386-430c-9c36-83d748725593, Nodes: 731aafee-c06b-4662-9d20-472061f2d46e(localhost/127.0.0.1) ReplicaIndex: 044ff6b06-02d2-44ad-8aa1-4af94363565f(localhost/127.0.0.1) ReplicaIndex: 043b7afd8-9e19-4b34-aad7-81b8e915bbb6(localhost/127.0.0.1) ReplicaIndex: 0, ReplicationConfig: RATIS/THREE, State:ALLOCATED, leaderId:, CreationTimestamp2024-11-05T06:16:35.383Z[Etc/UTC]] verified from SCM and added to Recon pipeline metadata.
2024-11-05 06:16:38,204 [Recon-EventQueue-PipelineReportForReconPipelineReportHandler] INFO  scm.ReconPipelineReportHandler (ReconPipelineReportHandler.java:processPipelineReport(104)) - Pipeline RATIS/THREE PipelineID=09e0977e-6386-430c-9c36-83d748725593 reported by 731aafee-c06b-4662-9d20-472061f2d46e(localhost/127.0.0.1)
2024-11-05 06:16:38,204 [Recon-EventQueue-PipelineReportForReconPipelineReportHandler] INFO  scm.ReconPipelineReportHandler (ReconPipelineReportHandler.java:processPipelineReport(104)) - Pipeline RATIS/THREE PipelineID=070fb56e-6c7a-4531-8d60-c41ef94b1934 reported by 731aafee-c06b-4662-9d20-472061f2d46e(localhost/127.0.0.1)
2024-11-05 06:16:38,205 [731aafee-c06b-4662-9d20-472061f2d46e-groupManagement] INFO  server.RaftServerConfigKeys (ConfUtils.java:logGet(46)) - raft.server.log.segment.size.max = 67108864 (custom)
2024-11-05 06:16:38,206 [731aafee-c06b-4662-9d20-472061f2d46e-groupManagement] INFO  server.RaftServerConfigKeys (ConfUtils.java:logGet(46)) - raft.server.log.segment.cache.num.max = 2 (custom)
2024-11-05 06:16:38,206 [731aafee-c06b-4662-9d20-472061f2d46e-groupManagement] INFO  server.RaftServerConfigKeys (ConfUtils.java:logGet(46)) - raft.server.log.segment.cache.size.max = 200MB (=209715200) (default)
2024-11-05 06:16:38,206 [731aafee-c06b-4662-9d20-472061f2d46e-groupManagement] INFO  server.RaftServerConfigKeys (ConfUtils.java:logGet(46)) - raft.server.log.appender.buffer.byte-limit = 33554432 (custom)
2024-11-05 06:16:38,206 [731aafee-c06b-4662-9d20-472061f2d46e-groupManagement] INFO  util.AwaitToRun (AwaitToRun.java:start(81)) - Thread[731aafee-c06b-4662-9d20-472061f2d46e@group-83D748725593-cacheEviction-AwaitToRun,5,main] started
2024-11-05 06:16:38,206 [731aafee-c06b-4662-9d20-472061f2d46e-groupManagement] INFO  segmented.SegmentedRaftLogWorker (SegmentedRaftLogWorker.java:<init>(187)) - new 731aafee-c06b-4662-9d20-472061f2d46e@group-83D748725593-SegmentedRaftLogWorker for RaftStorageImpl:Storage Directory /home/runner/work/ozone/ozone/hadoop-ozone/integration-test/target/test-dir/MiniOzoneClusterImpl-58399722-4c39-4f0d-a4d6-8a89216b262d/ozone-meta/datanode-1/ratis/09e0977e-6386-430c-9c36-83d748725593
2024-11-05 06:16:38,206 [731aafee-c06b-4662-9d20-472061f2d46e-groupManagement] INFO  server.RaftServerConfigKeys (ConfUtils.java:logGet(46)) - raft.server.log.queue.byte-limit = 4294967296 (custom)
2024-11-05 06:16:38,206 [731aafee-c06b-4662-9d20-472061f2d46e-groupManagement] INFO  server.RaftServerConfigKeys (ConfUtils.java:logGet(46)) - raft.server.log.queue.element-limit = 1024 (custom)
2024-11-05 06:16:38,206 [731aafee-c06b-4662-9d20-472061f2d46e-groupManagement] INFO  server.RaftServerConfigKeys (ConfUtils.java:logGet(46)) - raft.server.log.segment.size.max = 67108864 (custom)
2024-11-05 06:16:38,208 [731aafee-c06b-4662-9d20-472061f2d46e-groupManagement] INFO  server.RaftServerConfigKeys (ConfUtils.java:logGet(46)) - raft.server.log.preallocated.size = 4194304 (custom)
2024-11-05 06:16:38,208 [731aafee-c06b-4662-9d20-472061f2d46e-groupManagement] INFO  server.RaftServerConfigKeys (ConfUtils.java:logGet(46)) - raft.server.log.force.sync.num = 128 (default)
2024-11-05 06:16:38,208 [731aafee-c06b-4662-9d20-472061f2d46e-groupManagement] INFO  server.RaftServerConfigKeys (ConfUtils.java:logGet(46)) - raft.server.log.statemachine.data.sync = true (default)
2024-11-05 06:16:38,208 [731aafee-c06b-4662-9d20-472061f2d46e-groupManagement] INFO  server.RaftServerConfigKeys (ConfUtils.java:logGet(46)) - raft.server.log.statemachine.data.sync.timeout = 10s (default)
2024-11-05 06:16:38,208 [731aafee-c06b-4662-9d20-472061f2d46e-groupManagement] INFO  server.RaftServerConfigKeys (ConfUtils.java:logGet(46)) - raft.server.log.statemachine.data.sync.timeout.retry = 30 (custom)
2024-11-05 06:16:38,208 [731aafee-c06b-4662-9d20-472061f2d46e-groupManagement] INFO  server.RaftServerConfigKeys (ConfUtils.java:logGet(46)) - raft.server.log.write.buffer.size = 33554440 (custom)
2024-11-05 06:16:38,218 [43b7afd8-9e19-4b34-aad7-81b8e915bbb6-PipelineCommandHandlerThread-0] INFO  commandhandler.CreatePipelineCommandHandler (CreatePipelineCommandHandler.java:lambda$handle$2(129)) - Created Pipeline RATIS THREE PipelineID=070fb56e-6c7a-4531-8d60-c41ef94b1934.
2024-11-05 06:16:38,218 [43b7afd8-9e19-4b34-aad7-81b8e915bbb6-PipelineCommandHandlerThread-0] INFO  server.RaftServer (RaftServerProxy.java:addNew(100)) - 43b7afd8-9e19-4b34-aad7-81b8e915bbb6: addNew group-83D748725593:[44ff6b06-02d2-44ad-8aa1-4af94363565f|127.0.0.1:15032, 731aafee-c06b-4662-9d20-472061f2d46e|127.0.0.1:15014, 43b7afd8-9e19-4b34-aad7-81b8e915bbb6|127.0.0.1:15023] returns group-83D748725593:java.util.concurrent.CompletableFuture@346aab9b[Not completed]
2024-11-05 06:16:38,220 [43b7afd8-9e19-4b34-aad7-81b8e915bbb6-groupManagement] INFO  server.RaftServer$Division (RaftServerImpl.java:<init>(254)) - 43b7afd8-9e19-4b34-aad7-81b8e915bbb6: new RaftServerImpl for group-83D748725593:[44ff6b06-02d2-44ad-8aa1-4af94363565f|127.0.0.1:15032, 731aafee-c06b-4662-9d20-472061f2d46e|127.0.0.1:15014, 43b7afd8-9e19-4b34-aad7-81b8e915bbb6|127.0.0.1:15023] with ContainerStateMachine:uninitialized
2024-11-05 06:16:38,220 [43b7afd8-9e19-4b34-aad7-81b8e915bbb6-groupManagement] INFO  server.RaftServerConfigKeys (ConfUtils.java:logGet(46)) - raft.server.rpc.timeout.min = 5s (custom)
2024-11-05 06:16:38,220 [43b7afd8-9e19-4b34-aad7-81b8e915bbb6-groupManagement] INFO  server.RaftServerConfigKeys (ConfUtils.java:logGet(46)) - raft.server.rpc.timeout.max = 5200ms (custom)
2024-11-05 06:16:38,220 [43b7afd8-9e19-4b34-aad7-81b8e915bbb6-groupManagement] INFO  server.RaftServerConfigKeys (ConfUtils.java:logGet(46)) - raft.server.rpc.sleep.time = 25ms (default)
2024-11-05 06:16:38,220 [43b7afd8-9e19-4b34-aad7-81b8e915bbb6-groupManagement] INFO  server.RaftServerConfigKeys (ConfUtils.java:logGet(46)) - raft.server.rpc.slowness.timeout = 300s (custom)
2024-11-05 06:16:38,220 [43b7afd8-9e19-4b34-aad7-81b8e915bbb6-groupManagement] INFO  server.RaftServerConfigKeys (ConfUtils.java:logGet(46)) - raft.server.leaderelection.leader.step-down.wait-time = 10s (default)
2024-11-05 06:16:38,220 [43b7afd8-9e19-4b34-aad7-81b8e915bbb6-groupManagement] INFO  server.RaftServerConfigKeys (ConfUtils.java:logGet(46)) - raft.server.leaderelection.member.majority-add = false (default)
2024-11-05 06:16:38,220 [43b7afd8-9e19-4b34-aad7-81b8e915bbb6-groupManagement] INFO  server.RaftServerConfigKeys (ConfUtils.java:logGet(46)) - raft.server.sleep.deviation.threshold = 300ms (default)
2024-11-05 06:16:38,220 [43b7afd8-9e19-4b34-aad7-81b8e915bbb6-groupManagement] INFO  server.RaftServer$Division (ServerState.java:<init>(114)) - 43b7afd8-9e19-4b34-aad7-81b8e915bbb6@group-83D748725593: ConfigurationManager, init=conf: {index: -1, cur=peers:[44ff6b06-02d2-44ad-8aa1-4af94363565f|127.0.0.1:15032, 731aafee-c06b-4662-9d20-472061f2d46e|127.0.0.1:15014, 43b7afd8-9e19-4b34-aad7-81b8e915bbb6|127.0.0.1:15023]|listeners:[], old=null}, confs=<EMPTY_MAP>
2024-11-05 06:16:38,220 [43b7afd8-9e19-4b34-aad7-81b8e915bbb6-groupManagement] INFO  server.RaftServerConfigKeys (ConfUtils.java:logGet(46)) - raft.server.notification.no-leader.timeout = 300s (custom)
2024-11-05 06:16:38,220 [43b7afd8-9e19-4b34-aad7-81b8e915bbb6-groupManagement] INFO  server.RaftServerConfigKeys (ConfUtils.java:logGet(46)) - raft.server.read.timeout = 10s (default)
2024-11-05 06:16:38,221 [43b7afd8-9e19-4b34-aad7-81b8e915bbb6-groupManagement] INFO  server.RaftServerConfigKeys (ConfUtils.java:logGet(46)) - raft.server.retrycache.expirytime = 600000ms (custom)
2024-11-05 06:16:38,221 [43b7afd8-9e19-4b34-aad7-81b8e915bbb6-groupManagement] INFO  server.RaftServerConfigKeys (ConfUtils.java:logGet(46)) - raft.server.retrycache.statistics.expirytime = 100ms (default)
2024-11-05 06:16:38,221 [43b7afd8-9e19-4b34-aad7-81b8e915bbb6-groupManagement] INFO  server.RaftServerConfigKeys (ConfUtils.java:logGet(46)) - raft.server.read.option = DEFAULT (default)
2024-11-05 06:16:38,221 [43b7afd8-9e19-4b34-aad7-81b8e915bbb6-groupManagement] INFO  server.RaftServerConfigKeys (ConfUtils.java:logGet(46)) - raft.server.read.read-after-write-consistent.write-index-cache.expiry-time = 60s (default)
2024-11-05 06:16:38,223 [731aafee-c06b-4662-9d20-472061f2d46e-groupManagement] INFO  server.RaftServerConfigKeys (ConfUtils.java:logGet(46)) - raft.server.log.appender.buffer.byte-limit = 33554432 (custom)
2024-11-05 06:16:38,224 [731aafee-c06b-4662-9d20-472061f2d46e-groupManagement] INFO  server.RaftServerConfigKeys (ConfUtils.java:logGet(46)) - raft.server.log.unsafe-flush.enabled = false (default)
2024-11-05 06:16:38,224 [731aafee-c06b-4662-9d20-472061f2d46e-groupManagement] INFO  server.RaftServerConfigKeys (ConfUtils.java:logGet(46)) - raft.server.log.async-flush.enabled = false (default)
2024-11-05 06:16:38,224 [731aafee-c06b-4662-9d20-472061f2d46e-groupManagement] INFO  server.RaftServerConfigKeys (ConfUtils.java:logGet(46)) - raft.server.log.statemachine.data.caching.enabled = true (custom)
2024-11-05 06:16:38,224 [731aafee-c06b-4662-9d20-472061f2d46e-groupManagement] INFO  segmented.SegmentedRaftLogWorker (SegmentedRaftLogWorker.java:lambda$new$0(138)) - 731aafee-c06b-4662-9d20-472061f2d46e@group-83D748725593-SegmentedRaftLogWorker: flushIndex: setUnconditionally 0 -> -1
2024-11-05 06:16:38,224 [731aafee-c06b-4662-9d20-472061f2d46e-groupManagement] INFO  segmented.SegmentedRaftLogWorker (SegmentedRaftLogWorker.java:lambda$new$0(138)) - 731aafee-c06b-4662-9d20-472061f2d46e@group-83D748725593-SegmentedRaftLogWorker: safeCacheEvictIndex: setUnconditionally 0 -> -1
2024-11-05 06:16:38,225 [731aafee-c06b-4662-9d20-472061f2d46e-groupManagement] INFO  server.RaftServer$Division (RaftServerImpl.java:start(390)) - 731aafee-c06b-4662-9d20-472061f2d46e@group-83D748725593: start as a follower, conf=conf: {index: -1, cur=peers:[44ff6b06-02d2-44ad-8aa1-4af94363565f|127.0.0.1:15032, 731aafee-c06b-4662-9d20-472061f2d46e|127.0.0.1:15014, 43b7afd8-9e19-4b34-aad7-81b8e915bbb6|127.0.0.1:15023]|listeners:[], old=null}
2024-11-05 06:16:38,225 [731aafee-c06b-4662-9d20-472061f2d46e-groupManagement] INFO  server.RaftServer$Division (RaftServerImpl.java:setRole(377)) - 731aafee-c06b-4662-9d20-472061f2d46e@group-83D748725593: changes role from      null to FOLLOWER at term 0 for startAsFollower
2024-11-05 06:16:38,225 [731aafee-c06b-4662-9d20-472061f2d46e-groupManagement] INFO  impl.RoleInfo (RoleInfo.java:updateAndGet(148)) - 731aafee-c06b-4662-9d20-472061f2d46e: start 731aafee-c06b-4662-9d20-472061f2d46e@group-83D748725593-FollowerState
2024-11-05 06:16:38,226 [43b7afd8-9e19-4b34-aad7-81b8e915bbb6-groupManagement] INFO  server.RaftServerConfigKeys (ConfUtils.java:logGet(46)) - raft.server.rpc.request.timeout = 60s (custom)
2024-11-05 06:16:38,226 [43b7afd8-9e19-4b34-aad7-81b8e915bbb6-groupManagement] INFO  server.RaftServerConfigKeys (ConfUtils.java:logGet(46)) - raft.server.log.appender.install.snapshot.enabled = false (custom)
2024-11-05 06:16:38,226 [43b7afd8-9e19-4b34-aad7-81b8e915bbb6-groupManagement] INFO  server.RaftServerConfigKeys (ConfUtils.java:logGet(46)) - raft.server.threadpool.server.cached = true (default)
2024-11-05 06:16:38,226 [731aafee-c06b-4662-9d20-472061f2d46e-groupManagement] INFO  util.JmxRegister (JmxRegister.java:tryRegister(44)) - Successfully registered JMX Bean with object name Ratis:service=RaftServer,group=group-83D748725593,id=731aafee-c06b-4662-9d20-472061f2d46e
2024-11-05 06:16:38,226 [731aafee-c06b-4662-9d20-472061f2d46e-groupManagement] INFO  util.JmxRegister (JmxRegister.java:register(58)) - register mxBean class org.apache.ratis.server.impl.RaftServerJmxAdapter as Ratis:service=RaftServer,group=group-83D748725593,id=731aafee-c06b-4662-9d20-472061f2d46e
2024-11-05 06:16:38,226 [731aafee-c06b-4662-9d20-472061f2d46e-groupManagement] INFO  server.RaftServerConfigKeys (ConfUtils.java:logGet(46)) - raft.server.snapshot.trigger-when-stop.enabled = true (default)
2024-11-05 06:16:38,226 [731aafee-c06b-4662-9d20-472061f2d46e-groupManagement] INFO  server.RaftServerConfigKeys (ConfUtils.java:logGet(46)) - raft.server.snapshot.trigger-when-remove.enabled = true (default)
2024-11-05 06:16:38,226 [731aafee-c06b-4662-9d20-472061f2d46e-groupManagement] INFO  server.RaftServerConfigKeys (ConfUtils.java:logGet(46)) - raft.server.snapshot.auto.trigger.enabled = true (custom)
2024-11-05 06:16:38,226 [731aafee-c06b-4662-9d20-472061f2d46e-groupManagement] INFO  server.RaftServerConfigKeys (ConfUtils.java:logGet(46)) - raft.server.snapshot.auto.trigger.threshold = 10000 (custom)
2024-11-05 06:16:38,226 [731aafee-c06b-4662-9d20-472061f2d46e-groupManagement] INFO  server.RaftServerConfigKeys (ConfUtils.java:logGet(46)) - raft.server.snapshot.retention.file.num = 5 (custom)
2024-11-05 06:16:38,226 [731aafee-c06b-4662-9d20-472061f2d46e-groupManagement] INFO  server.RaftServerConfigKeys (ConfUtils.java:logGet(46)) - raft.server.log.purge.upto.snapshot.index = false (default)
2024-11-05 06:16:38,226 [43b7afd8-9e19-4b34-aad7-81b8e915bbb6-groupManagement] INFO  server.RaftServerConfigKeys (ConfUtils.java:logGet(46)) - raft.server.threadpool.server.size = 0 (default)
2024-11-05 06:16:38,227 [43b7afd8-9e19-4b34-aad7-81b8e915bbb6-groupManagement] INFO  server.RaftServerConfigKeys (ConfUtils.java:logGet(46)) - raft.server.threadpool.client.cached = true (default)
2024-11-05 06:16:38,227 [43b7afd8-9e19-4b34-aad7-81b8e915bbb6-groupManagement] INFO  server.RaftServerConfigKeys (ConfUtils.java:logGet(46)) - raft.server.threadpool.client.size = 0 (default)
2024-11-05 06:16:38,227 [43b7afd8-9e19-4b34-aad7-81b8e915bbb6-groupManagement] INFO  server.RaftServerConfigKeys (ConfUtils.java:logGet(46)) - raft.server.storage.free-space.min = 0MB (=0) (default)
2024-11-05 06:16:38,227 [43b7afd8-9e19-4b34-aad7-81b8e915bbb6-groupManagement] INFO  server.RaftServerConfigKeys (ConfUtils.java:logGet(46)) - raft.server.log.corruption.policy = EXCEPTION (default)
2024-11-05 06:16:38,227 [43b7afd8-9e19-4b34-aad7-81b8e915bbb6-groupManagement] INFO  server.RaftServerConfigKeys (ConfUtils.java:logGet(46)) - raft.server.storage.dir = [/home/runner/work/ozone/ozone/hadoop-ozone/integration-test/target/test-dir/MiniOzoneClusterImpl-58399722-4c39-4f0d-a4d6-8a89216b262d/ozone-meta/datanode-2/ratis] (custom)
2024-11-05 06:16:38,227 [43b7afd8-9e19-4b34-aad7-81b8e915bbb6-groupManagement] INFO  storage.RaftStorageDirectory (RaftStorageDirectoryImpl.java:analyzeStorage(138)) - The storage directory /home/runner/work/ozone/ozone/hadoop-ozone/integration-test/target/test-dir/MiniOzoneClusterImpl-58399722-4c39-4f0d-a4d6-8a89216b262d/ozone-meta/datanode-2/ratis/09e0977e-6386-430c-9c36-83d748725593 does not exist. Creating ...
2024-11-05 06:16:38,227 [731aafee-c06b-4662-9d20-472061f2d46e@group-83D748725593-FollowerState] INFO  server.RaftServerConfigKeys (ConfUtils.java:logFallback(53)) - raft.server.rpc.first-election.timeout.min = 5s (fallback to raft.server.rpc.timeout.min)
2024-11-05 06:16:38,228 [731aafee-c06b-4662-9d20-472061f2d46e@group-83D748725593-FollowerState] INFO  server.RaftServerConfigKeys (ConfUtils.java:logFallback(53)) - raft.server.rpc.first-election.timeout.max = 5200ms (fallback to raft.server.rpc.timeout.max)
2024-11-05 06:16:38,228 [731aafee-c06b-4662-9d20-472061f2d46e-PipelineCommandHandlerThread-0] INFO  ratis.XceiverServerRatis (XceiverServerRatis.java:addGroup(844)) - Created group PipelineID=09e0977e-6386-430c-9c36-83d748725593
2024-11-05 06:16:38,230 [43b7afd8-9e19-4b34-aad7-81b8e915bbb6-groupManagement] INFO  storage.RaftStorageDirectory (RaftStorageDirectoryImpl.java:tryLock(229)) - Lock on /home/runner/work/ozone/ozone/hadoop-ozone/integration-test/target/test-dir/MiniOzoneClusterImpl-58399722-4c39-4f0d-a4d6-8a89216b262d/ozone-meta/datanode-2/ratis/09e0977e-6386-430c-9c36-83d748725593/in_use.lock acquired by nodename 123098@fv-az1791-537
2024-11-05 06:16:38,234 [43b7afd8-9e19-4b34-aad7-81b8e915bbb6-groupManagement] INFO  storage.RaftStorage (RaftStorageImpl.java:format(98)) - Storage directory /home/runner/work/ozone/ozone/hadoop-ozone/integration-test/target/test-dir/MiniOzoneClusterImpl-58399722-4c39-4f0d-a4d6-8a89216b262d/ozone-meta/datanode-2/ratis/09e0977e-6386-430c-9c36-83d748725593 has been successfully formatted.
2024-11-05 06:16:38,234 [43b7afd8-9e19-4b34-aad7-81b8e915bbb6-groupManagement] INFO  ratis.ContainerStateMachine (ContainerStateMachine.java:initialize(285)) - 43b7afd8-9e19-4b34-aad7-81b8e915bbb6: initialize group-83D748725593
2024-11-05 06:16:38,234 [43b7afd8-9e19-4b34-aad7-81b8e915bbb6-groupManagement] INFO  ratis.ContainerStateMachine (ContainerStateMachine.java:loadSnapshot(293)) - group-83D748725593: The snapshot info is null. Setting the last applied index to:(t:0, i:~)
2024-11-05 06:16:38,235 [43b7afd8-9e19-4b34-aad7-81b8e915bbb6-groupManagement] INFO  server.RaftServerConfigKeys (ConfUtils.java:logGet(46)) - raft.server.log.use.memory = false (default)
2024-11-05 06:16:38,235 [43b7afd8-9e19-4b34-aad7-81b8e915bbb6-groupManagement] INFO  server.RaftServerConfigKeys (ConfUtils.java:logGet(46)) - raft.server.log.purge.gap = 1000000 (custom)
2024-11-05 06:16:38,235 [43b7afd8-9e19-4b34-aad7-81b8e915bbb6-groupManagement] INFO  server.RaftServerConfigKeys (ConfUtils.java:logGet(46)) - raft.server.log.appender.buffer.byte-limit = 33554432 (custom)
2024-11-05 06:16:38,235 [43b7afd8-9e19-4b34-aad7-81b8e915bbb6-groupManagement] INFO  server.RaftServerConfigKeys (ConfUtils.java:logGet(46)) - raft.server.log.statemachine.data.read.timeout = 1000ms (default)
2024-11-05 06:16:38,235 [43b7afd8-9e19-4b34-aad7-81b8e915bbb6-groupManagement] INFO  server.RaftServerConfigKeys (ConfUtils.java:logGet(46)) - raft.server.log.purge.preservation.log.num = 0 (default)
2024-11-05 06:16:38,238 [EventQueue-OpenPipelineForHealthyPipelineSafeModeRule] INFO  safemode.SCMSafeModeManager (HealthyPipelineSafeModeRule.java:process(140)) - SCM in safe mode. Healthy pipelines reported count is 0, required healthy pipeline reported count is 1
2024-11-05 06:16:38,239 [Recon-EventQueue-PipelineReportForReconPipelineReportHandler] INFO  scm.ReconPipelineReportHandler (ReconPipelineReportHandler.java:processPipelineReport(104)) - Pipeline RATIS/THREE PipelineID=09e0977e-6386-430c-9c36-83d748725593 reported by 43b7afd8-9e19-4b34-aad7-81b8e915bbb6(localhost/127.0.0.1)
2024-11-05 06:16:38,239 [Recon-EventQueue-PipelineReportForReconPipelineReportHandler] INFO  scm.ReconPipelineReportHandler (ReconPipelineReportHandler.java:processPipelineReport(104)) - Pipeline RATIS/THREE PipelineID=070fb56e-6c7a-4531-8d60-c41ef94b1934 reported by 43b7afd8-9e19-4b34-aad7-81b8e915bbb6(localhost/127.0.0.1)
2024-11-05 06:16:38,239 [43b7afd8-9e19-4b34-aad7-81b8e915bbb6-groupManagement] INFO  server.RaftServerConfigKeys (ConfUtils.java:logGet(46)) - raft.server.log.segment.size.max = 67108864 (custom)
2024-11-05 06:16:38,240 [43b7afd8-9e19-4b34-aad7-81b8e915bbb6-groupManagement] INFO  server.RaftServerConfigKeys (ConfUtils.java:logGet(46)) - raft.server.log.segment.cache.num.max = 2 (custom)
2024-11-05 06:16:38,240 [43b7afd8-9e19-4b34-aad7-81b8e915bbb6-groupManagement] INFO  server.RaftServerConfigKeys (ConfUtils.java:logGet(46)) - raft.server.log.segment.cache.size.max = 200MB (=209715200) (default)
2024-11-05 06:16:38,240 [43b7afd8-9e19-4b34-aad7-81b8e915bbb6-groupManagement] INFO  server.RaftServerConfigKeys (ConfUtils.java:logGet(46)) - raft.server.log.appender.buffer.byte-limit = 33554432 (custom)
2024-11-05 06:16:38,240 [grpc-default-executor-1] INFO  server.RaftServer (RaftServerProxy.java:addNew(100)) - 44ff6b06-02d2-44ad-8aa1-4af94363565f: addNew group-83D748725593:[44ff6b06-02d2-44ad-8aa1-4af94363565f|127.0.0.1:15032, 731aafee-c06b-4662-9d20-472061f2d46e|127.0.0.1:15014, 43b7afd8-9e19-4b34-aad7-81b8e915bbb6|127.0.0.1:15023] returns group-83D748725593:java.util.concurrent.CompletableFuture@5f8450db[Not completed]
2024-11-05 06:16:38,242 [44ff6b06-02d2-44ad-8aa1-4af94363565f-groupManagement] INFO  server.RaftServer$Division (RaftServerImpl.java:<init>(254)) - 44ff6b06-02d2-44ad-8aa1-4af94363565f: new RaftServerImpl for group-83D748725593:[44ff6b06-02d2-44ad-8aa1-4af94363565f|127.0.0.1:15032, 731aafee-c06b-4662-9d20-472061f2d46e|127.0.0.1:15014, 43b7afd8-9e19-4b34-aad7-81b8e915bbb6|127.0.0.1:15023] with ContainerStateMachine:uninitialized
2024-11-05 06:16:38,242 [44ff6b06-02d2-44ad-8aa1-4af94363565f-groupManagement] INFO  server.RaftServerConfigKeys (ConfUtils.java:logGet(46)) - raft.server.rpc.timeout.min = 5s (custom)
2024-11-05 06:16:38,242 [44ff6b06-02d2-44ad-8aa1-4af94363565f-groupManagement] INFO  server.RaftServerConfigKeys (ConfUtils.java:logGet(46)) - raft.server.rpc.timeout.max = 5200ms (custom)
2024-11-05 06:16:38,242 [44ff6b06-02d2-44ad-8aa1-4af94363565f-groupManagement] INFO  server.RaftServerConfigKeys (ConfUtils.java:logGet(46)) - raft.server.rpc.sleep.time = 25ms (default)
2024-11-05 06:16:38,242 [44ff6b06-02d2-44ad-8aa1-4af94363565f-groupManagement] INFO  server.RaftServerConfigKeys (ConfUtils.java:logGet(46)) - raft.server.rpc.slowness.timeout = 300s (custom)
2024-11-05 06:16:38,242 [44ff6b06-02d2-44ad-8aa1-4af94363565f-groupManagement] INFO  server.RaftServerConfigKeys (ConfUtils.java:logGet(46)) - raft.server.leaderelection.leader.step-down.wait-time = 10s (default)
2024-11-05 06:16:38,242 [44ff6b06-02d2-44ad-8aa1-4af94363565f-groupManagement] INFO  server.RaftServerConfigKeys (ConfUtils.java:logGet(46)) - raft.server.leaderelection.member.majority-add = false (default)
2024-11-05 06:16:38,242 [44ff6b06-02d2-44ad-8aa1-4af94363565f-groupManagement] INFO  server.RaftServerConfigKeys (ConfUtils.java:logGet(46)) - raft.server.sleep.deviation.threshold = 300ms (default)
2024-11-05 06:16:38,242 [44ff6b06-02d2-44ad-8aa1-4af94363565f-groupManagement] INFO  server.RaftServer$Division (ServerState.java:<init>(114)) - 44ff6b06-02d2-44ad-8aa1-4af94363565f@group-83D748725593: ConfigurationManager, init=conf: {index: -1, cur=peers:[44ff6b06-02d2-44ad-8aa1-4af94363565f|127.0.0.1:15032, 731aafee-c06b-4662-9d20-472061f2d46e|127.0.0.1:15014, 43b7afd8-9e19-4b34-aad7-81b8e915bbb6|127.0.0.1:15023]|listeners:[], old=null}, confs=<EMPTY_MAP>
2024-11-05 06:16:38,242 [44ff6b06-02d2-44ad-8aa1-4af94363565f-groupManagement] INFO  server.RaftServerConfigKeys (ConfUtils.java:logGet(46)) - raft.server.notification.no-leader.timeout = 300s (custom)
2024-11-05 06:16:38,243 [44ff6b06-02d2-44ad-8aa1-4af94363565f-groupManagement] INFO  server.RaftServerConfigKeys (ConfUtils.java:logGet(46)) - raft.server.read.timeout = 10s (default)
2024-11-05 06:16:38,243 [44ff6b06-02d2-44ad-8aa1-4af94363565f-groupManagement] INFO  server.RaftServerConfigKeys (ConfUtils.java:logGet(46)) - raft.server.retrycache.expirytime = 600000ms (custom)
2024-11-05 06:16:38,243 [44ff6b06-02d2-44ad-8aa1-4af94363565f-groupManagement] INFO  server.RaftServerConfigKeys (ConfUtils.java:logGet(46)) - raft.server.retrycache.statistics.expirytime = 100ms (default)
2024-11-05 06:16:38,243 [44ff6b06-02d2-44ad-8aa1-4af94363565f-groupManagement] INFO  server.RaftServerConfigKeys (ConfUtils.java:logGet(46)) - raft.server.read.option = DEFAULT (default)
2024-11-05 06:16:38,243 [44ff6b06-02d2-44ad-8aa1-4af94363565f-groupManagement] INFO  server.RaftServerConfigKeys (ConfUtils.java:logGet(46)) - raft.server.read.read-after-write-consistent.write-index-cache.expiry-time = 60s (default)
2024-11-05 06:16:38,244 [43b7afd8-9e19-4b34-aad7-81b8e915bbb6-groupManagement] INFO  util.AwaitToRun (AwaitToRun.java:start(81)) - Thread[43b7afd8-9e19-4b34-aad7-81b8e915bbb6@group-83D748725593-cacheEviction-AwaitToRun,5,main] started
2024-11-05 06:16:38,244 [43b7afd8-9e19-4b34-aad7-81b8e915bbb6-groupManagement] INFO  segmented.SegmentedRaftLogWorker (SegmentedRaftLogWorker.java:<init>(187)) - new 43b7afd8-9e19-4b34-aad7-81b8e915bbb6@group-83D748725593-SegmentedRaftLogWorker for RaftStorageImpl:Storage Directory /home/runner/work/ozone/ozone/hadoop-ozone/integration-test/target/test-dir/MiniOzoneClusterImpl-58399722-4c39-4f0d-a4d6-8a89216b262d/ozone-meta/datanode-2/ratis/09e0977e-6386-430c-9c36-83d748725593
2024-11-05 06:16:38,244 [43b7afd8-9e19-4b34-aad7-81b8e915bbb6-groupManagement] INFO  server.RaftServerConfigKeys (ConfUtils.java:logGet(46)) - raft.server.log.queue.byte-limit = 4294967296 (custom)
2024-11-05 06:16:38,245 [43b7afd8-9e19-4b34-aad7-81b8e915bbb6-groupManagement] INFO  server.RaftServerConfigKeys (ConfUtils.java:logGet(46)) - raft.server.log.queue.element-limit = 1024 (custom)
2024-11-05 06:16:38,245 [43b7afd8-9e19-4b34-aad7-81b8e915bbb6-groupManagement] INFO  server.RaftServerConfigKeys (ConfUtils.java:logGet(46)) - raft.server.log.segment.size.max = 67108864 (custom)
2024-11-05 06:16:38,245 [43b7afd8-9e19-4b34-aad7-81b8e915bbb6-groupManagement] INFO  server.RaftServerConfigKeys (ConfUtils.java:logGet(46)) - raft.server.log.preallocated.size = 4194304 (custom)
2024-11-05 06:16:38,245 [43b7afd8-9e19-4b34-aad7-81b8e915bbb6-groupManagement] INFO  server.RaftServerConfigKeys (ConfUtils.java:logGet(46)) - raft.server.log.force.sync.num = 128 (default)
2024-11-05 06:16:38,245 [43b7afd8-9e19-4b34-aad7-81b8e915bbb6-groupManagement] INFO  server.RaftServerConfigKeys (ConfUtils.java:logGet(46)) - raft.server.log.statemachine.data.sync = true (default)
2024-11-05 06:16:38,246 [43b7afd8-9e19-4b34-aad7-81b8e915bbb6-groupManagement] INFO  server.RaftServerConfigKeys (ConfUtils.java:logGet(46)) - raft.server.log.statemachine.data.sync.timeout = 10s (default)
2024-11-05 06:16:38,246 [43b7afd8-9e19-4b34-aad7-81b8e915bbb6-groupManagement] INFO  server.RaftServerConfigKeys (ConfUtils.java:logGet(46)) - raft.server.log.statemachine.data.sync.timeout.retry = 30 (custom)
2024-11-05 06:16:38,247 [43b7afd8-9e19-4b34-aad7-81b8e915bbb6-groupManagement] INFO  server.RaftServerConfigKeys (ConfUtils.java:logGet(46)) - raft.server.log.write.buffer.size = 33554440 (custom)
2024-11-05 06:16:38,249 [44ff6b06-02d2-44ad-8aa1-4af94363565f-groupManagement] INFO  server.RaftServerConfigKeys (ConfUtils.java:logGet(46)) - raft.server.rpc.request.timeout = 60s (custom)
2024-11-05 06:16:38,249 [44ff6b06-02d2-44ad-8aa1-4af94363565f-groupManagement] INFO  server.RaftServerConfigKeys (ConfUtils.java:logGet(46)) - raft.server.log.appender.install.snapshot.enabled = false (custom)
2024-11-05 06:16:38,249 [44ff6b06-02d2-44ad-8aa1-4af94363565f-groupManagement] INFO  server.RaftServerConfigKeys (ConfUtils.java:logGet(46)) - raft.server.threadpool.server.cached = true (default)
2024-11-05 06:16:38,250 [44ff6b06-02d2-44ad-8aa1-4af94363565f-groupManagement] INFO  server.RaftServerConfigKeys (ConfUtils.java:logGet(46)) - raft.server.threadpool.server.size = 0 (default)
2024-11-05 06:16:38,250 [44ff6b06-02d2-44ad-8aa1-4af94363565f-groupManagement] INFO  server.RaftServerConfigKeys (ConfUtils.java:logGet(46)) - raft.server.threadpool.client.cached = true (default)
2024-11-05 06:16:38,251 [44ff6b06-02d2-44ad-8aa1-4af94363565f-groupManagement] INFO  server.RaftServerConfigKeys (ConfUtils.java:logGet(46)) - raft.server.threadpool.client.size = 0 (default)
2024-11-05 06:16:38,251 [44ff6b06-02d2-44ad-8aa1-4af94363565f-groupManagement] INFO  server.RaftServerConfigKeys (ConfUtils.java:logGet(46)) - raft.server.storage.free-space.min = 0MB (=0) (default)
2024-11-05 06:16:38,251 [44ff6b06-02d2-44ad-8aa1-4af94363565f-groupManagement] INFO  server.RaftServerConfigKeys (ConfUtils.java:logGet(46)) - raft.server.log.corruption.policy = EXCEPTION (default)
2024-11-05 06:16:38,252 [44ff6b06-02d2-44ad-8aa1-4af94363565f-groupManagement] INFO  server.RaftServerConfigKeys (ConfUtils.java:logGet(46)) - raft.server.storage.dir = [/home/runner/work/ozone/ozone/hadoop-ozone/integration-test/target/test-dir/MiniOzoneClusterImpl-58399722-4c39-4f0d-a4d6-8a89216b262d/ozone-meta/datanode-3/ratis] (custom)
2024-11-05 06:16:38,252 [44ff6b06-02d2-44ad-8aa1-4af94363565f-groupManagement] INFO  storage.RaftStorageDirectory (RaftStorageDirectoryImpl.java:analyzeStorage(138)) - The storage directory /home/runner/work/ozone/ozone/hadoop-ozone/integration-test/target/test-dir/MiniOzoneClusterImpl-58399722-4c39-4f0d-a4d6-8a89216b262d/ozone-meta/datanode-3/ratis/09e0977e-6386-430c-9c36-83d748725593 does not exist. Creating ...
2024-11-05 06:16:38,255 [44ff6b06-02d2-44ad-8aa1-4af94363565f-groupManagement] INFO  storage.RaftStorageDirectory (RaftStorageDirectoryImpl.java:tryLock(229)) - Lock on /home/runner/work/ozone/ozone/hadoop-ozone/integration-test/target/test-dir/MiniOzoneClusterImpl-58399722-4c39-4f0d-a4d6-8a89216b262d/ozone-meta/datanode-3/ratis/09e0977e-6386-430c-9c36-83d748725593/in_use.lock acquired by nodename 123098@fv-az1791-537
2024-11-05 06:16:38,258 [44ff6b06-02d2-44ad-8aa1-4af94363565f-groupManagement] INFO  storage.RaftStorage (RaftStorageImpl.java:format(98)) - Storage directory /home/runner/work/ozone/ozone/hadoop-ozone/integration-test/target/test-dir/MiniOzoneClusterImpl-58399722-4c39-4f0d-a4d6-8a89216b262d/ozone-meta/datanode-3/ratis/09e0977e-6386-430c-9c36-83d748725593 has been successfully formatted.
2024-11-05 06:16:38,258 [44ff6b06-02d2-44ad-8aa1-4af94363565f-groupManagement] INFO  ratis.ContainerStateMachine (ContainerStateMachine.java:initialize(285)) - 44ff6b06-02d2-44ad-8aa1-4af94363565f: initialize group-83D748725593
2024-11-05 06:16:38,260 [44ff6b06-02d2-44ad-8aa1-4af94363565f-groupManagement] INFO  ratis.ContainerStateMachine (ContainerStateMachine.java:loadSnapshot(293)) - group-83D748725593: The snapshot info is null. Setting the last applied index to:(t:0, i:~)
2024-11-05 06:16:38,260 [44ff6b06-02d2-44ad-8aa1-4af94363565f-groupManagement] INFO  server.RaftServerConfigKeys (ConfUtils.java:logGet(46)) - raft.server.log.use.memory = false (default)
2024-11-05 06:16:38,261 [44ff6b06-02d2-44ad-8aa1-4af94363565f-groupManagement] INFO  server.RaftServerConfigKeys (ConfUtils.java:logGet(46)) - raft.server.log.purge.gap = 1000000 (custom)
2024-11-05 06:16:38,261 [44ff6b06-02d2-44ad-8aa1-4af94363565f-groupManagement] INFO  server.RaftServerConfigKeys (ConfUtils.java:logGet(46)) - raft.server.log.appender.buffer.byte-limit = 33554432 (custom)
2024-11-05 06:16:38,264 [44ff6b06-02d2-44ad-8aa1-4af94363565f-groupManagement] INFO  server.RaftServerConfigKeys (ConfUtils.java:logGet(46)) - raft.server.log.statemachine.data.read.timeout = 1000ms (default)
2024-11-05 06:16:38,264 [44ff6b06-02d2-44ad-8aa1-4af94363565f-groupManagement] INFO  server.RaftServerConfigKeys (ConfUtils.java:logGet(46)) - raft.server.log.purge.preservation.log.num = 0 (default)
2024-11-05 06:16:38,264 [IPC Server handler 6 on default port 15009] INFO  scm.ReconNodeManager (ReconNodeManager.java:register(275)) - Updating nodeDB for localhost
2024-11-05 06:16:38,264 [IPC Server handler 6 on default port 15009] INFO  recon.ReconContext (ReconContext.java:updateHealthStatus(77)) - Update healthStatus of Recon from true to true.
2024-11-05 06:16:38,265 [Recon-EventQueue-PipelineReportForReconPipelineReportHandler] INFO  scm.ReconPipelineReportHandler (ReconPipelineReportHandler.java:processPipelineReport(104)) - Pipeline RATIS/THREE PipelineID=09e0977e-6386-430c-9c36-83d748725593 reported by 44ff6b06-02d2-44ad-8aa1-4af94363565f(localhost/127.0.0.1)
2024-11-05 06:16:38,265 [Recon-EventQueue-PipelineReportForReconPipelineReportHandler] INFO  scm.ReconPipelineReportHandler (ReconPipelineReportHandler.java:processPipelineReport(104)) - Pipeline RATIS/THREE PipelineID=070fb56e-6c7a-4531-8d60-c41ef94b1934 reported by 44ff6b06-02d2-44ad-8aa1-4af94363565f(localhost/127.0.0.1)
2024-11-05 06:16:38,267 [44ff6b06-02d2-44ad-8aa1-4af94363565f-groupManagement] INFO  server.RaftServerConfigKeys (ConfUtils.java:logGet(46)) - raft.server.log.segment.size.max = 67108864 (custom)
2024-11-05 06:16:38,268 [44ff6b06-02d2-44ad-8aa1-4af94363565f-groupManagement] INFO  server.RaftServerConfigKeys (ConfUtils.java:logGet(46)) - raft.server.log.segment.cache.num.max = 2 (custom)
2024-11-05 06:16:38,268 [44ff6b06-02d2-44ad-8aa1-4af94363565f-groupManagement] INFO  server.RaftServerConfigKeys (ConfUtils.java:logGet(46)) - raft.server.log.segment.cache.size.max = 200MB (=209715200) (default)
2024-11-05 06:16:38,268 [44ff6b06-02d2-44ad-8aa1-4af94363565f-groupManagement] INFO  server.RaftServerConfigKeys (ConfUtils.java:logGet(46)) - raft.server.log.appender.buffer.byte-limit = 33554432 (custom)
2024-11-05 06:16:38,269 [43b7afd8-9e19-4b34-aad7-81b8e915bbb6-groupManagement] INFO  server.RaftServerConfigKeys (ConfUtils.java:logGet(46)) - raft.server.log.appender.buffer.byte-limit = 33554432 (custom)
2024-11-05 06:16:38,269 [43b7afd8-9e19-4b34-aad7-81b8e915bbb6-groupManagement] INFO  server.RaftServerConfigKeys (ConfUtils.java:logGet(46)) - raft.server.log.unsafe-flush.enabled = false (default)
2024-11-05 06:16:38,270 [43b7afd8-9e19-4b34-aad7-81b8e915bbb6-groupManagement] INFO  server.RaftServerConfigKeys (ConfUtils.java:logGet(46)) - raft.server.log.async-flush.enabled = false (default)
2024-11-05 06:16:38,270 [43b7afd8-9e19-4b34-aad7-81b8e915bbb6-groupManagement] INFO  server.RaftServerConfigKeys (ConfUtils.java:logGet(46)) - raft.server.log.statemachine.data.caching.enabled = true (custom)
2024-11-05 06:16:38,271 [43b7afd8-9e19-4b34-aad7-81b8e915bbb6-groupManagement] INFO  segmented.SegmentedRaftLogWorker (SegmentedRaftLogWorker.java:lambda$new$0(138)) - 43b7afd8-9e19-4b34-aad7-81b8e915bbb6@group-83D748725593-SegmentedRaftLogWorker: flushIndex: setUnconditionally 0 -> -1
2024-11-05 06:16:38,271 [43b7afd8-9e19-4b34-aad7-81b8e915bbb6-groupManagement] INFO  segmented.SegmentedRaftLogWorker (SegmentedRaftLogWorker.java:lambda$new$0(138)) - 43b7afd8-9e19-4b34-aad7-81b8e915bbb6@group-83D748725593-SegmentedRaftLogWorker: safeCacheEvictIndex: setUnconditionally 0 -> -1
2024-11-05 06:16:38,271 [44ff6b06-02d2-44ad-8aa1-4af94363565f-groupManagement] INFO  util.AwaitToRun (AwaitToRun.java:start(81)) - Thread[44ff6b06-02d2-44ad-8aa1-4af94363565f@group-83D748725593-cacheEviction-AwaitToRun,5,main] started
2024-11-05 06:16:38,272 [44ff6b06-02d2-44ad-8aa1-4af94363565f-groupManagement] INFO  segmented.SegmentedRaftLogWorker (SegmentedRaftLogWorker.java:<init>(187)) - new 44ff6b06-02d2-44ad-8aa1-4af94363565f@group-83D748725593-SegmentedRaftLogWorker for RaftStorageImpl:Storage Directory /home/runner/work/ozone/ozone/hadoop-ozone/integration-test/target/test-dir/MiniOzoneClusterImpl-58399722-4c39-4f0d-a4d6-8a89216b262d/ozone-meta/datanode-3/ratis/09e0977e-6386-430c-9c36-83d748725593
2024-11-05 06:16:38,272 [44ff6b06-02d2-44ad-8aa1-4af94363565f-groupManagement] INFO  server.RaftServerConfigKeys (ConfUtils.java:logGet(46)) - raft.server.log.queue.byte-limit = 4294967296 (custom)
2024-11-05 06:16:38,272 [44ff6b06-02d2-44ad-8aa1-4af94363565f-groupManagement] INFO  server.RaftServerConfigKeys (ConfUtils.java:logGet(46)) - raft.server.log.queue.element-limit = 1024 (custom)
2024-11-05 06:16:38,272 [44ff6b06-02d2-44ad-8aa1-4af94363565f-groupManagement] INFO  server.RaftServerConfigKeys (ConfUtils.java:logGet(46)) - raft.server.log.segment.size.max = 67108864 (custom)
2024-11-05 06:16:38,272 [44ff6b06-02d2-44ad-8aa1-4af94363565f-groupManagement] INFO  server.RaftServerConfigKeys (ConfUtils.java:logGet(46)) - raft.server.log.preallocated.size = 4194304 (custom)
2024-11-05 06:16:38,272 [44ff6b06-02d2-44ad-8aa1-4af94363565f-groupManagement] INFO  server.RaftServerConfigKeys (ConfUtils.java:logGet(46)) - raft.server.log.force.sync.num = 128 (default)
2024-11-05 06:16:38,272 [44ff6b06-02d2-44ad-8aa1-4af94363565f-groupManagement] INFO  server.RaftServerConfigKeys (ConfUtils.java:logGet(46)) - raft.server.log.statemachine.data.sync = true (default)
2024-11-05 06:16:38,272 [44ff6b06-02d2-44ad-8aa1-4af94363565f-groupManagement] INFO  server.RaftServerConfigKeys (ConfUtils.java:logGet(46)) - raft.server.log.statemachine.data.sync.timeout = 10s (default)
2024-11-05 06:16:38,272 [44ff6b06-02d2-44ad-8aa1-4af94363565f-groupManagement] INFO  server.RaftServerConfigKeys (ConfUtils.java:logGet(46)) - raft.server.log.statemachine.data.sync.timeout.retry = 30 (custom)
2024-11-05 06:16:38,273 [44ff6b06-02d2-44ad-8aa1-4af94363565f-groupManagement] INFO  server.RaftServerConfigKeys (ConfUtils.java:logGet(46)) - raft.server.log.write.buffer.size = 33554440 (custom)
2024-11-05 06:16:38,276 [43b7afd8-9e19-4b34-aad7-81b8e915bbb6-groupManagement] INFO  server.RaftServer$Division (RaftServerImpl.java:start(390)) - 43b7afd8-9e19-4b34-aad7-81b8e915bbb6@group-83D748725593: start as a follower, conf=conf: {index: -1, cur=peers:[44ff6b06-02d2-44ad-8aa1-4af94363565f|127.0.0.1:15032, 731aafee-c06b-4662-9d20-472061f2d46e|127.0.0.1:15014, 43b7afd8-9e19-4b34-aad7-81b8e915bbb6|127.0.0.1:15023]|listeners:[], old=null}
2024-11-05 06:16:38,276 [43b7afd8-9e19-4b34-aad7-81b8e915bbb6-groupManagement] INFO  server.RaftServer$Division (RaftServerImpl.java:setRole(377)) - 43b7afd8-9e19-4b34-aad7-81b8e915bbb6@group-83D748725593: changes role from      null to FOLLOWER at term 0 for startAsFollower
2024-11-05 06:16:38,277 [43b7afd8-9e19-4b34-aad7-81b8e915bbb6-groupManagement] INFO  impl.RoleInfo (RoleInfo.java:updateAndGet(148)) - 43b7afd8-9e19-4b34-aad7-81b8e915bbb6: start 43b7afd8-9e19-4b34-aad7-81b8e915bbb6@group-83D748725593-FollowerState
2024-11-05 06:16:38,277 [44ff6b06-02d2-44ad-8aa1-4af94363565f-groupManagement] INFO  server.RaftServerConfigKeys (ConfUtils.java:logGet(46)) - raft.server.log.appender.buffer.byte-limit = 33554432 (custom)
2024-11-05 06:16:38,278 [44ff6b06-02d2-44ad-8aa1-4af94363565f-groupManagement] INFO  server.RaftServerConfigKeys (ConfUtils.java:logGet(46)) - raft.server.log.unsafe-flush.enabled = false (default)
2024-11-05 06:16:38,278 [44ff6b06-02d2-44ad-8aa1-4af94363565f-groupManagement] INFO  server.RaftServerConfigKeys (ConfUtils.java:logGet(46)) - raft.server.log.async-flush.enabled = false (default)
2024-11-05 06:16:38,278 [44ff6b06-02d2-44ad-8aa1-4af94363565f-groupManagement] INFO  server.RaftServerConfigKeys (ConfUtils.java:logGet(46)) - raft.server.log.statemachine.data.caching.enabled = true (custom)
2024-11-05 06:16:38,278 [44ff6b06-02d2-44ad-8aa1-4af94363565f-groupManagement] INFO  segmented.SegmentedRaftLogWorker (SegmentedRaftLogWorker.java:lambda$new$0(138)) - 44ff6b06-02d2-44ad-8aa1-4af94363565f@group-83D748725593-SegmentedRaftLogWorker: flushIndex: setUnconditionally 0 -> -1
2024-11-05 06:16:38,278 [44ff6b06-02d2-44ad-8aa1-4af94363565f-groupManagement] INFO  segmented.SegmentedRaftLogWorker (SegmentedRaftLogWorker.java:lambda$new$0(138)) - 44ff6b06-02d2-44ad-8aa1-4af94363565f@group-83D748725593-SegmentedRaftLogWorker: safeCacheEvictIndex: setUnconditionally 0 -> -1
2024-11-05 06:16:38,278 [43b7afd8-9e19-4b34-aad7-81b8e915bbb6@group-83D748725593-FollowerState] INFO  server.RaftServerConfigKeys (ConfUtils.java:logFallback(53)) - raft.server.rpc.first-election.timeout.min = 5s (fallback to raft.server.rpc.timeout.min)
2024-11-05 06:16:38,278 [43b7afd8-9e19-4b34-aad7-81b8e915bbb6-groupManagement] INFO  util.JmxRegister (JmxRegister.java:tryRegister(44)) - Successfully registered JMX Bean with object name Ratis:service=RaftServer,group=group-83D748725593,id=43b7afd8-9e19-4b34-aad7-81b8e915bbb6
2024-11-05 06:16:38,279 [43b7afd8-9e19-4b34-aad7-81b8e915bbb6-groupManagement] INFO  util.JmxRegister (JmxRegister.java:register(58)) - register mxBean class org.apache.ratis.server.impl.RaftServerJmxAdapter as Ratis:service=RaftServer,group=group-83D748725593,id=43b7afd8-9e19-4b34-aad7-81b8e915bbb6
2024-11-05 06:16:38,279 [43b7afd8-9e19-4b34-aad7-81b8e915bbb6-groupManagement] INFO  server.RaftServerConfigKeys (ConfUtils.java:logGet(46)) - raft.server.snapshot.trigger-when-stop.enabled = true (default)
2024-11-05 06:16:38,279 [43b7afd8-9e19-4b34-aad7-81b8e915bbb6-groupManagement] INFO  server.RaftServerConfigKeys (ConfUtils.java:logGet(46)) - raft.server.snapshot.trigger-when-remove.enabled = true (default)
2024-11-05 06:16:38,279 [43b7afd8-9e19-4b34-aad7-81b8e915bbb6-groupManagement] INFO  server.RaftServerConfigKeys (ConfUtils.java:logGet(46)) - raft.server.snapshot.auto.trigger.enabled = true (custom)
2024-11-05 06:16:38,279 [43b7afd8-9e19-4b34-aad7-81b8e915bbb6-groupManagement] INFO  server.RaftServerConfigKeys (ConfUtils.java:logGet(46)) - raft.server.snapshot.auto.trigger.threshold = 10000 (custom)
2024-11-05 06:16:38,279 [43b7afd8-9e19-4b34-aad7-81b8e915bbb6-groupManagement] INFO  server.RaftServerConfigKeys (ConfUtils.java:logGet(46)) - raft.server.snapshot.retention.file.num = 5 (custom)
2024-11-05 06:16:38,279 [43b7afd8-9e19-4b34-aad7-81b8e915bbb6-groupManagement] INFO  server.RaftServerConfigKeys (ConfUtils.java:logGet(46)) - raft.server.log.purge.upto.snapshot.index = false (default)
2024-11-05 06:16:38,280 [43b7afd8-9e19-4b34-aad7-81b8e915bbb6@group-83D748725593-FollowerState] INFO  server.RaftServerConfigKeys (ConfUtils.java:logFallback(53)) - raft.server.rpc.first-election.timeout.max = 5200ms (fallback to raft.server.rpc.timeout.max)
2024-11-05 06:16:38,280 [44ff6b06-02d2-44ad-8aa1-4af94363565f-groupManagement] INFO  server.RaftServer$Division (RaftServerImpl.java:start(390)) - 44ff6b06-02d2-44ad-8aa1-4af94363565f@group-83D748725593: start as a follower, conf=conf: {index: -1, cur=peers:[44ff6b06-02d2-44ad-8aa1-4af94363565f|127.0.0.1:15032, 731aafee-c06b-4662-9d20-472061f2d46e|127.0.0.1:15014, 43b7afd8-9e19-4b34-aad7-81b8e915bbb6|127.0.0.1:15023]|listeners:[], old=null}
2024-11-05 06:16:38,280 [44ff6b06-02d2-44ad-8aa1-4af94363565f-groupManagement] INFO  server.RaftServer$Division (RaftServerImpl.java:setRole(377)) - 44ff6b06-02d2-44ad-8aa1-4af94363565f@group-83D748725593: changes role from      null to FOLLOWER at term 0 for startAsFollower
2024-11-05 06:16:38,280 [44ff6b06-02d2-44ad-8aa1-4af94363565f-groupManagement] INFO  impl.RoleInfo (RoleInfo.java:updateAndGet(148)) - 44ff6b06-02d2-44ad-8aa1-4af94363565f: start 44ff6b06-02d2-44ad-8aa1-4af94363565f@group-83D748725593-FollowerState
2024-11-05 06:16:38,281 [43b7afd8-9e19-4b34-aad7-81b8e915bbb6-PipelineCommandHandlerThread-0] INFO  ratis.XceiverServerRatis (XceiverServerRatis.java:addGroup(844)) - Created group PipelineID=09e0977e-6386-430c-9c36-83d748725593
2024-11-05 06:16:38,282 [44ff6b06-02d2-44ad-8aa1-4af94363565f-groupManagement] INFO  util.JmxRegister (JmxRegister.java:tryRegister(44)) - Successfully registered JMX Bean with object name Ratis:service=RaftServer,group=group-83D748725593,id=44ff6b06-02d2-44ad-8aa1-4af94363565f
2024-11-05 06:16:38,282 [44ff6b06-02d2-44ad-8aa1-4af94363565f-groupManagement] INFO  util.JmxRegister (JmxRegister.java:register(58)) - register mxBean class org.apache.ratis.server.impl.RaftServerJmxAdapter as Ratis:service=RaftServer,group=group-83D748725593,id=44ff6b06-02d2-44ad-8aa1-4af94363565f
2024-11-05 06:16:38,282 [44ff6b06-02d2-44ad-8aa1-4af94363565f-groupManagement] INFO  server.RaftServerConfigKeys (ConfUtils.java:logGet(46)) - raft.server.snapshot.trigger-when-stop.enabled = true (default)
2024-11-05 06:16:38,282 [44ff6b06-02d2-44ad-8aa1-4af94363565f-groupManagement] INFO  server.RaftServerConfigKeys (ConfUtils.java:logGet(46)) - raft.server.snapshot.trigger-when-remove.enabled = true (default)
2024-11-05 06:16:38,283 [44ff6b06-02d2-44ad-8aa1-4af94363565f-groupManagement] INFO  server.RaftServerConfigKeys (ConfUtils.java:logGet(46)) - raft.server.snapshot.auto.trigger.enabled = true (custom)
2024-11-05 06:16:38,283 [44ff6b06-02d2-44ad-8aa1-4af94363565f-groupManagement] INFO  server.RaftServerConfigKeys (ConfUtils.java:logGet(46)) - raft.server.snapshot.auto.trigger.threshold = 10000 (custom)
2024-11-05 06:16:38,283 [44ff6b06-02d2-44ad-8aa1-4af94363565f-groupManagement] INFO  server.RaftServerConfigKeys (ConfUtils.java:logGet(46)) - raft.server.snapshot.retention.file.num = 5 (custom)
2024-11-05 06:16:38,283 [44ff6b06-02d2-44ad-8aa1-4af94363565f-groupManagement] INFO  server.RaftServerConfigKeys (ConfUtils.java:logGet(46)) - raft.server.log.purge.upto.snapshot.index = false (default)
2024-11-05 06:16:38,284 [44ff6b06-02d2-44ad-8aa1-4af94363565f@group-83D748725593-FollowerState] INFO  server.RaftServerConfigKeys (ConfUtils.java:logFallback(53)) - raft.server.rpc.first-election.timeout.min = 5s (fallback to raft.server.rpc.timeout.min)
2024-11-05 06:16:38,284 [44ff6b06-02d2-44ad-8aa1-4af94363565f@group-83D748725593-FollowerState] INFO  server.RaftServerConfigKeys (ConfUtils.java:logFallback(53)) - raft.server.rpc.first-election.timeout.max = 5200ms (fallback to raft.server.rpc.timeout.max)
2024-11-05 06:16:38,301 [731aafee-c06b-4662-9d20-472061f2d46e-PipelineCommandHandlerThread-0] INFO  commandhandler.CreatePipelineCommandHandler (CreatePipelineCommandHandler.java:lambda$handle$2(129)) - Created Pipeline RATIS THREE PipelineID=09e0977e-6386-430c-9c36-83d748725593.
2024-11-05 06:16:38,316 [43b7afd8-9e19-4b34-aad7-81b8e915bbb6-PipelineCommandHandlerThread-0] INFO  commandhandler.CreatePipelineCommandHandler (CreatePipelineCommandHandler.java:lambda$handle$2(129)) - Created Pipeline RATIS THREE PipelineID=09e0977e-6386-430c-9c36-83d748725593.
2024-11-05 06:16:38,370 [44ff6b06-02d2-44ad-8aa1-4af94363565f-PipelineCommandHandlerThread-0] INFO  server.RaftServer (RaftServerProxy.java:addNew(100)) - 44ff6b06-02d2-44ad-8aa1-4af94363565f: addNew group-D91AC16046A8:[44ff6b06-02d2-44ad-8aa1-4af94363565f|127.0.0.1:15032] returns group-D91AC16046A8:java.util.concurrent.CompletableFuture@362a845a[Not completed]
2024-11-05 06:16:38,372 [44ff6b06-02d2-44ad-8aa1-4af94363565f-groupManagement] INFO  server.RaftServer$Division (RaftServerImpl.java:<init>(254)) - 44ff6b06-02d2-44ad-8aa1-4af94363565f: new RaftServerImpl for group-D91AC16046A8:[44ff6b06-02d2-44ad-8aa1-4af94363565f|127.0.0.1:15032] with ContainerStateMachine:uninitialized
2024-11-05 06:16:38,372 [44ff6b06-02d2-44ad-8aa1-4af94363565f-groupManagement] INFO  server.RaftServerConfigKeys (ConfUtils.java:logGet(46)) - raft.server.rpc.timeout.min = 5s (custom)
2024-11-05 06:16:38,372 [44ff6b06-02d2-44ad-8aa1-4af94363565f-groupManagement] INFO  server.RaftServerConfigKeys (ConfUtils.java:logGet(46)) - raft.server.rpc.timeout.max = 5200ms (custom)
2024-11-05 06:16:38,372 [44ff6b06-02d2-44ad-8aa1-4af94363565f-groupManagement] INFO  server.RaftServerConfigKeys (ConfUtils.java:logGet(46)) - raft.server.rpc.sleep.time = 25ms (default)
2024-11-05 06:16:38,372 [44ff6b06-02d2-44ad-8aa1-4af94363565f-groupManagement] INFO  server.RaftServerConfigKeys (ConfUtils.java:logGet(46)) - raft.server.rpc.slowness.timeout = 300s (custom)
2024-11-05 06:16:38,372 [44ff6b06-02d2-44ad-8aa1-4af94363565f-groupManagement] INFO  server.RaftServerConfigKeys (ConfUtils.java:logGet(46)) - raft.server.leaderelection.leader.step-down.wait-time = 10s (default)
2024-11-05 06:16:38,372 [44ff6b06-02d2-44ad-8aa1-4af94363565f-groupManagement] INFO  server.RaftServerConfigKeys (ConfUtils.java:logGet(46)) - raft.server.leaderelection.member.majority-add = false (default)
2024-11-05 06:16:38,372 [44ff6b06-02d2-44ad-8aa1-4af94363565f-groupManagement] INFO  server.RaftServerConfigKeys (ConfUtils.java:logGet(46)) - raft.server.sleep.deviation.threshold = 300ms (default)
2024-11-05 06:16:38,372 [44ff6b06-02d2-44ad-8aa1-4af94363565f-groupManagement] INFO  server.RaftServer$Division (ServerState.java:<init>(114)) - 44ff6b06-02d2-44ad-8aa1-4af94363565f@group-D91AC16046A8: ConfigurationManager, init=conf: {index: -1, cur=peers:[44ff6b06-02d2-44ad-8aa1-4af94363565f|127.0.0.1:15032]|listeners:[], old=null}, confs=<EMPTY_MAP>
2024-11-05 06:16:38,372 [44ff6b06-02d2-44ad-8aa1-4af94363565f-groupManagement] INFO  server.RaftServerConfigKeys (ConfUtils.java:logGet(46)) - raft.server.notification.no-leader.timeout = 300s (custom)
2024-11-05 06:16:38,372 [44ff6b06-02d2-44ad-8aa1-4af94363565f-groupManagement] INFO  server.RaftServerConfigKeys (ConfUtils.java:logGet(46)) - raft.server.read.timeout = 10s (default)
2024-11-05 06:16:38,372 [44ff6b06-02d2-44ad-8aa1-4af94363565f-groupManagement] INFO  server.RaftServerConfigKeys (ConfUtils.java:logGet(46)) - raft.server.retrycache.expirytime = 600000ms (custom)
2024-11-05 06:16:38,372 [44ff6b06-02d2-44ad-8aa1-4af94363565f-groupManagement] INFO  server.RaftServerConfigKeys (ConfUtils.java:logGet(46)) - raft.server.retrycache.statistics.expirytime = 100ms (default)
2024-11-05 06:16:38,373 [44ff6b06-02d2-44ad-8aa1-4af94363565f-groupManagement] INFO  server.RaftServerConfigKeys (ConfUtils.java:logGet(46)) - raft.server.read.option = DEFAULT (default)
2024-11-05 06:16:38,373 [44ff6b06-02d2-44ad-8aa1-4af94363565f-groupManagement] INFO  server.RaftServerConfigKeys (ConfUtils.java:logGet(46)) - raft.server.read.read-after-write-consistent.write-index-cache.expiry-time = 60s (default)
2024-11-05 06:16:38,378 [44ff6b06-02d2-44ad-8aa1-4af94363565f-groupManagement] INFO  server.RaftServerConfigKeys (ConfUtils.java:logGet(46)) - raft.server.rpc.request.timeout = 60s (custom)
2024-11-05 06:16:38,378 [44ff6b06-02d2-44ad-8aa1-4af94363565f-groupManagement] INFO  server.RaftServerConfigKeys (ConfUtils.java:logGet(46)) - raft.server.log.appender.install.snapshot.enabled = false (custom)
2024-11-05 06:16:38,378 [44ff6b06-02d2-44ad-8aa1-4af94363565f-groupManagement] INFO  server.RaftServerConfigKeys (ConfUtils.java:logGet(46)) - raft.server.threadpool.server.cached = true (default)
2024-11-05 06:16:38,378 [44ff6b06-02d2-44ad-8aa1-4af94363565f-groupManagement] INFO  server.RaftServerConfigKeys (ConfUtils.java:logGet(46)) - raft.server.threadpool.server.size = 0 (default)
2024-11-05 06:16:38,378 [44ff6b06-02d2-44ad-8aa1-4af94363565f-groupManagement] INFO  server.RaftServerConfigKeys (ConfUtils.java:logGet(46)) - raft.server.threadpool.client.cached = true (default)
2024-11-05 06:16:38,378 [44ff6b06-02d2-44ad-8aa1-4af94363565f-groupManagement] INFO  server.RaftServerConfigKeys (ConfUtils.java:logGet(46)) - raft.server.threadpool.client.size = 0 (default)
2024-11-05 06:16:38,379 [44ff6b06-02d2-44ad-8aa1-4af94363565f-groupManagement] INFO  server.RaftServerConfigKeys (ConfUtils.java:logGet(46)) - raft.server.storage.free-space.min = 0MB (=0) (default)
2024-11-05 06:16:38,379 [44ff6b06-02d2-44ad-8aa1-4af94363565f-groupManagement] INFO  server.RaftServerConfigKeys (ConfUtils.java:logGet(46)) - raft.server.log.corruption.policy = EXCEPTION (default)
2024-11-05 06:16:38,379 [44ff6b06-02d2-44ad-8aa1-4af94363565f-groupManagement] INFO  server.RaftServerConfigKeys (ConfUtils.java:logGet(46)) - raft.server.storage.dir = [/home/runner/work/ozone/ozone/hadoop-ozone/integration-test/target/test-dir/MiniOzoneClusterImpl-58399722-4c39-4f0d-a4d6-8a89216b262d/ozone-meta/datanode-3/ratis] (custom)
2024-11-05 06:16:38,379 [44ff6b06-02d2-44ad-8aa1-4af94363565f-groupManagement] INFO  storage.RaftStorageDirectory (RaftStorageDirectoryImpl.java:analyzeStorage(138)) - The storage directory /home/runner/work/ozone/ozone/hadoop-ozone/integration-test/target/test-dir/MiniOzoneClusterImpl-58399722-4c39-4f0d-a4d6-8a89216b262d/ozone-meta/datanode-3/ratis/e610ab2e-92e0-44ea-a564-d91ac16046a8 does not exist. Creating ...
2024-11-05 06:16:38,380 [44ff6b06-02d2-44ad-8aa1-4af94363565f-groupManagement] INFO  storage.RaftStorageDirectory (RaftStorageDirectoryImpl.java:tryLock(229)) - Lock on /home/runner/work/ozone/ozone/hadoop-ozone/integration-test/target/test-dir/MiniOzoneClusterImpl-58399722-4c39-4f0d-a4d6-8a89216b262d/ozone-meta/datanode-3/ratis/e610ab2e-92e0-44ea-a564-d91ac16046a8/in_use.lock acquired by nodename 123098@fv-az1791-537
2024-11-05 06:16:38,382 [44ff6b06-02d2-44ad-8aa1-4af94363565f-groupManagement] INFO  storage.RaftStorage (RaftStorageImpl.java:format(98)) - Storage directory /home/runner/work/ozone/ozone/hadoop-ozone/integration-test/target/test-dir/MiniOzoneClusterImpl-58399722-4c39-4f0d-a4d6-8a89216b262d/ozone-meta/datanode-3/ratis/e610ab2e-92e0-44ea-a564-d91ac16046a8 has been successfully formatted.
2024-11-05 06:16:38,382 [44ff6b06-02d2-44ad-8aa1-4af94363565f-groupManagement] INFO  ratis.ContainerStateMachine (ContainerStateMachine.java:initialize(285)) - 44ff6b06-02d2-44ad-8aa1-4af94363565f: initialize group-D91AC16046A8
2024-11-05 06:16:38,382 [44ff6b06-02d2-44ad-8aa1-4af94363565f-groupManagement] INFO  ratis.ContainerStateMachine (ContainerStateMachine.java:loadSnapshot(293)) - group-D91AC16046A8: The snapshot info is null. Setting the last applied index to:(t:0, i:~)
2024-11-05 06:16:38,382 [44ff6b06-02d2-44ad-8aa1-4af94363565f-groupManagement] INFO  server.RaftServerConfigKeys (ConfUtils.java:logGet(46)) - raft.server.log.use.memory = false (default)
2024-11-05 06:16:38,383 [44ff6b06-02d2-44ad-8aa1-4af94363565f-groupManagement] INFO  server.RaftServerConfigKeys (ConfUtils.java:logGet(46)) - raft.server.log.purge.gap = 1000000 (custom)
2024-11-05 06:16:38,383 [44ff6b06-02d2-44ad-8aa1-4af94363565f-groupManagement] INFO  server.RaftServerConfigKeys (ConfUtils.java:logGet(46)) - raft.server.log.appender.buffer.byte-limit = 33554432 (custom)
2024-11-05 06:16:38,383 [44ff6b06-02d2-44ad-8aa1-4af94363565f-groupManagement] INFO  server.RaftServerConfigKeys (ConfUtils.java:logGet(46)) - raft.server.log.statemachine.data.read.timeout = 1000ms (default)
2024-11-05 06:16:38,383 [44ff6b06-02d2-44ad-8aa1-4af94363565f-groupManagement] INFO  server.RaftServerConfigKeys (ConfUtils.java:logGet(46)) - raft.server.log.purge.preservation.log.num = 0 (default)
2024-11-05 06:16:38,385 [Recon-EventQueue-PipelineReportForReconPipelineReportHandler] INFO  scm.ReconPipelineReportHandler (ReconPipelineReportHandler.java:processPipelineReport(68)) - Unknown pipeline PipelineID=e610ab2e-92e0-44ea-a564-d91ac16046a8. Trying to get from SCM.
2024-11-05 06:16:38,386 [EventQueue-PipelineReportForPipelineReportHandler] INFO  pipeline.PipelineReportHandler (PipelineReportHandler.java:processPipelineReport(136)) - Opened pipeline PipelineID=e610ab2e-92e0-44ea-a564-d91ac16046a8
2024-11-05 06:16:38,386 [EventQueue-OpenPipelineForHealthyPipelineSafeModeRule] INFO  safemode.SCMSafeModeManager (HealthyPipelineSafeModeRule.java:process(140)) - SCM in safe mode. Healthy pipelines reported count is 0, required healthy pipeline reported count is 1
2024-11-05 06:16:38,387 [Recon-EventQueue-PipelineReportForReconPipelineReportHandler] INFO  scm.ReconPipelineReportHandler (ReconPipelineReportHandler.java:processPipelineReport(87)) - Pipeline Pipeline[ Id: e610ab2e-92e0-44ea-a564-d91ac16046a8, Nodes: 44ff6b06-02d2-44ad-8aa1-4af94363565f(localhost/127.0.0.1) ReplicaIndex: 0, ReplicationConfig: RATIS/ONE, State:OPEN, leaderId:44ff6b06-02d2-44ad-8aa1-4af94363565f, CreationTimestamp2024-11-05T06:16:35.374Z[Etc/UTC]] verified from SCM and added to Recon pipeline metadata.
2024-11-05 06:16:38,388 [Recon-EventQueue-PipelineReportForReconPipelineReportHandler] INFO  scm.ReconPipelineReportHandler (ReconPipelineReportHandler.java:processPipelineReport(104)) - Pipeline RATIS/THREE PipelineID=09e0977e-6386-430c-9c36-83d748725593 reported by 44ff6b06-02d2-44ad-8aa1-4af94363565f(localhost/127.0.0.1)
2024-11-05 06:16:38,388 [Recon-EventQueue-PipelineReportForReconPipelineReportHandler] INFO  scm.ReconPipelineReportHandler (ReconPipelineReportHandler.java:processPipelineReport(104)) - Pipeline RATIS/THREE PipelineID=070fb56e-6c7a-4531-8d60-c41ef94b1934 reported by 44ff6b06-02d2-44ad-8aa1-4af94363565f(localhost/127.0.0.1)
2024-11-05 06:16:38,390 [44ff6b06-02d2-44ad-8aa1-4af94363565f-groupManagement] INFO  server.RaftServerConfigKeys (ConfUtils.java:logGet(46)) - raft.server.log.segment.size.max = 67108864 (custom)
2024-11-05 06:16:38,390 [44ff6b06-02d2-44ad-8aa1-4af94363565f-groupManagement] INFO  server.RaftServerConfigKeys (ConfUtils.java:logGet(46)) - raft.server.log.segment.cache.num.max = 2 (custom)
2024-11-05 06:16:38,390 [44ff6b06-02d2-44ad-8aa1-4af94363565f-groupManagement] INFO  server.RaftServerConfigKeys (ConfUtils.java:logGet(46)) - raft.server.log.segment.cache.size.max = 200MB (=209715200) (default)
2024-11-05 06:16:38,391 [44ff6b06-02d2-44ad-8aa1-4af94363565f-groupManagement] INFO  server.RaftServerConfigKeys (ConfUtils.java:logGet(46)) - raft.server.log.appender.buffer.byte-limit = 33554432 (custom)
2024-11-05 06:16:38,396 [44ff6b06-02d2-44ad-8aa1-4af94363565f-groupManagement] INFO  util.AwaitToRun (AwaitToRun.java:start(81)) - Thread[44ff6b06-02d2-44ad-8aa1-4af94363565f@group-D91AC16046A8-cacheEviction-AwaitToRun,5,main] started
2024-11-05 06:16:38,396 [44ff6b06-02d2-44ad-8aa1-4af94363565f-groupManagement] INFO  segmented.SegmentedRaftLogWorker (SegmentedRaftLogWorker.java:<init>(187)) - new 44ff6b06-02d2-44ad-8aa1-4af94363565f@group-D91AC16046A8-SegmentedRaftLogWorker for RaftStorageImpl:Storage Directory /home/runner/work/ozone/ozone/hadoop-ozone/integration-test/target/test-dir/MiniOzoneClusterImpl-58399722-4c39-4f0d-a4d6-8a89216b262d/ozone-meta/datanode-3/ratis/e610ab2e-92e0-44ea-a564-d91ac16046a8
2024-11-05 06:16:38,396 [44ff6b06-02d2-44ad-8aa1-4af94363565f-groupManagement] INFO  server.RaftServerConfigKeys (ConfUtils.java:logGet(46)) - raft.server.log.queue.byte-limit = 4294967296 (custom)
2024-11-05 06:16:38,396 [44ff6b06-02d2-44ad-8aa1-4af94363565f-groupManagement] INFO  server.RaftServerConfigKeys (ConfUtils.java:logGet(46)) - raft.server.log.queue.element-limit = 1024 (custom)
2024-11-05 06:16:38,396 [44ff6b06-02d2-44ad-8aa1-4af94363565f-groupManagement] INFO  server.RaftServerConfigKeys (ConfUtils.java:logGet(46)) - raft.server.log.segment.size.max = 67108864 (custom)
2024-11-05 06:16:38,397 [44ff6b06-02d2-44ad-8aa1-4af94363565f-groupManagement] INFO  server.RaftServerConfigKeys (ConfUtils.java:logGet(46)) - raft.server.log.preallocated.size = 4194304 (custom)
2024-11-05 06:16:38,397 [44ff6b06-02d2-44ad-8aa1-4af94363565f-groupManagement] INFO  server.RaftServerConfigKeys (ConfUtils.java:logGet(46)) - raft.server.log.force.sync.num = 128 (default)
2024-11-05 06:16:38,397 [44ff6b06-02d2-44ad-8aa1-4af94363565f-groupManagement] INFO  server.RaftServerConfigKeys (ConfUtils.java:logGet(46)) - raft.server.log.statemachine.data.sync = true (default)
2024-11-05 06:16:38,397 [44ff6b06-02d2-44ad-8aa1-4af94363565f-groupManagement] INFO  server.RaftServerConfigKeys (ConfUtils.java:logGet(46)) - raft.server.log.statemachine.data.sync.timeout = 10s (default)
2024-11-05 06:16:38,397 [44ff6b06-02d2-44ad-8aa1-4af94363565f-groupManagement] INFO  server.RaftServerConfigKeys (ConfUtils.java:logGet(46)) - raft.server.log.statemachine.data.sync.timeout.retry = 30 (custom)
2024-11-05 06:16:38,398 [44ff6b06-02d2-44ad-8aa1-4af94363565f-groupManagement] INFO  server.RaftServerConfigKeys (ConfUtils.java:logGet(46)) - raft.server.log.write.buffer.size = 33554440 (custom)
2024-11-05 06:16:38,404 [44ff6b06-02d2-44ad-8aa1-4af94363565f-groupManagement] INFO  server.RaftServerConfigKeys (ConfUtils.java:logGet(46)) - raft.server.log.appender.buffer.byte-limit = 33554432 (custom)
2024-11-05 06:16:38,404 [44ff6b06-02d2-44ad-8aa1-4af94363565f-groupManagement] INFO  server.RaftServerConfigKeys (ConfUtils.java:logGet(46)) - raft.server.log.unsafe-flush.enabled = false (default)
2024-11-05 06:16:38,404 [44ff6b06-02d2-44ad-8aa1-4af94363565f-groupManagement] INFO  server.RaftServerConfigKeys (ConfUtils.java:logGet(46)) - raft.server.log.async-flush.enabled = false (default)
2024-11-05 06:16:38,405 [44ff6b06-02d2-44ad-8aa1-4af94363565f-groupManagement] INFO  server.RaftServerConfigKeys (ConfUtils.java:logGet(46)) - raft.server.log.statemachine.data.caching.enabled = true (custom)
2024-11-05 06:16:38,405 [44ff6b06-02d2-44ad-8aa1-4af94363565f-groupManagement] INFO  segmented.SegmentedRaftLogWorker (SegmentedRaftLogWorker.java:lambda$new$0(138)) - 44ff6b06-02d2-44ad-8aa1-4af94363565f@group-D91AC16046A8-SegmentedRaftLogWorker: flushIndex: setUnconditionally 0 -> -1
2024-11-05 06:16:38,405 [44ff6b06-02d2-44ad-8aa1-4af94363565f-groupManagement] INFO  segmented.SegmentedRaftLogWorker (SegmentedRaftLogWorker.java:lambda$new$0(138)) - 44ff6b06-02d2-44ad-8aa1-4af94363565f@group-D91AC16046A8-SegmentedRaftLogWorker: safeCacheEvictIndex: setUnconditionally 0 -> -1
2024-11-05 06:16:38,408 [44ff6b06-02d2-44ad-8aa1-4af94363565f-groupManagement] INFO  server.RaftServer$Division (RaftServerImpl.java:start(390)) - 44ff6b06-02d2-44ad-8aa1-4af94363565f@group-D91AC16046A8: start as a follower, conf=conf: {index: -1, cur=peers:[44ff6b06-02d2-44ad-8aa1-4af94363565f|127.0.0.1:15032]|listeners:[], old=null}
2024-11-05 06:16:38,408 [44ff6b06-02d2-44ad-8aa1-4af94363565f-groupManagement] INFO  server.RaftServer$Division (RaftServerImpl.java:setRole(377)) - 44ff6b06-02d2-44ad-8aa1-4af94363565f@group-D91AC16046A8: changes role from      null to FOLLOWER at term 0 for startAsFollower
2024-11-05 06:16:38,408 [44ff6b06-02d2-44ad-8aa1-4af94363565f-groupManagement] INFO  impl.RoleInfo (RoleInfo.java:updateAndGet(148)) - 44ff6b06-02d2-44ad-8aa1-4af94363565f: start 44ff6b06-02d2-44ad-8aa1-4af94363565f@group-D91AC16046A8-FollowerState
2024-11-05 06:16:38,412 [44ff6b06-02d2-44ad-8aa1-4af94363565f@group-D91AC16046A8-FollowerState] INFO  server.RaftServerConfigKeys (ConfUtils.java:logFallback(53)) - raft.server.rpc.first-election.timeout.min = 5s (fallback to raft.server.rpc.timeout.min)
2024-11-05 06:16:38,412 [44ff6b06-02d2-44ad-8aa1-4af94363565f@group-D91AC16046A8-FollowerState] INFO  server.RaftServerConfigKeys (ConfUtils.java:logFallback(53)) - raft.server.rpc.first-election.timeout.max = 5200ms (fallback to raft.server.rpc.timeout.max)
2024-11-05 06:16:38,412 [44ff6b06-02d2-44ad-8aa1-4af94363565f-groupManagement] INFO  util.JmxRegister (JmxRegister.java:tryRegister(44)) - Successfully registered JMX Bean with object name Ratis:service=RaftServer,group=group-D91AC16046A8,id=44ff6b06-02d2-44ad-8aa1-4af94363565f
2024-11-05 06:16:38,412 [44ff6b06-02d2-44ad-8aa1-4af94363565f-groupManagement] INFO  util.JmxRegister (JmxRegister.java:register(58)) - register mxBean class org.apache.ratis.server.impl.RaftServerJmxAdapter as Ratis:service=RaftServer,group=group-D91AC16046A8,id=44ff6b06-02d2-44ad-8aa1-4af94363565f
2024-11-05 06:16:38,412 [44ff6b06-02d2-44ad-8aa1-4af94363565f-groupManagement] INFO  server.RaftServerConfigKeys (ConfUtils.java:logGet(46)) - raft.server.snapshot.trigger-when-stop.enabled = true (default)
2024-11-05 06:16:38,412 [44ff6b06-02d2-44ad-8aa1-4af94363565f-groupManagement] INFO  server.RaftServerConfigKeys (ConfUtils.java:logGet(46)) - raft.server.snapshot.trigger-when-remove.enabled = true (default)
2024-11-05 06:16:38,412 [44ff6b06-02d2-44ad-8aa1-4af94363565f-groupManagement] INFO  server.RaftServerConfigKeys (ConfUtils.java:logGet(46)) - raft.server.snapshot.auto.trigger.enabled = true (custom)
2024-11-05 06:16:38,412 [44ff6b06-02d2-44ad-8aa1-4af94363565f-groupManagement] INFO  server.RaftServerConfigKeys (ConfUtils.java:logGet(46)) - raft.server.snapshot.auto.trigger.threshold = 10000 (custom)
2024-11-05 06:16:38,412 [44ff6b06-02d2-44ad-8aa1-4af94363565f-groupManagement] INFO  server.RaftServerConfigKeys (ConfUtils.java:logGet(46)) - raft.server.snapshot.retention.file.num = 5 (custom)
2024-11-05 06:16:38,412 [44ff6b06-02d2-44ad-8aa1-4af94363565f-groupManagement] INFO  server.RaftServerConfigKeys (ConfUtils.java:logGet(46)) - raft.server.log.purge.upto.snapshot.index = false (default)
2024-11-05 06:16:38,424 [44ff6b06-02d2-44ad-8aa1-4af94363565f-PipelineCommandHandlerThread-0] INFO  ratis.XceiverServerRatis (XceiverServerRatis.java:addGroup(844)) - Created group PipelineID=e610ab2e-92e0-44ea-a564-d91ac16046a8
2024-11-05 06:16:38,424 [44ff6b06-02d2-44ad-8aa1-4af94363565f-PipelineCommandHandlerThread-0] INFO  commandhandler.CreatePipelineCommandHandler (CreatePipelineCommandHandler.java:lambda$handle$2(129)) - Created Pipeline RATIS ONE PipelineID=e610ab2e-92e0-44ea-a564-d91ac16046a8.
2024-11-05 06:16:38,678 [a9c169ad-2417-45be-a484-83a45557bcfc-PipelineCommandHandlerThread-0] INFO  server.RaftServer (RaftServerProxy.java:addNew(100)) - a9c169ad-2417-45be-a484-83a45557bcfc: addNew group-1E0DE463CCEE:[a9c169ad-2417-45be-a484-83a45557bcfc|127.0.0.1:15041] returns group-1E0DE463CCEE:java.util.concurrent.CompletableFuture@69183b3f[Not completed]
2024-11-05 06:16:38,679 [a9c169ad-2417-45be-a484-83a45557bcfc-groupManagement] INFO  server.RaftServer$Division (RaftServerImpl.java:<init>(254)) - a9c169ad-2417-45be-a484-83a45557bcfc: new RaftServerImpl for group-1E0DE463CCEE:[a9c169ad-2417-45be-a484-83a45557bcfc|127.0.0.1:15041] with ContainerStateMachine:uninitialized
2024-11-05 06:16:38,680 [a9c169ad-2417-45be-a484-83a45557bcfc-groupManagement] INFO  server.RaftServerConfigKeys (ConfUtils.java:logGet(46)) - raft.server.rpc.timeout.min = 5s (custom)
2024-11-05 06:16:38,680 [a9c169ad-2417-45be-a484-83a45557bcfc-groupManagement] INFO  server.RaftServerConfigKeys (ConfUtils.java:logGet(46)) - raft.server.rpc.timeout.max = 5200ms (custom)
2024-11-05 06:16:38,680 [a9c169ad-2417-45be-a484-83a45557bcfc-groupManagement] INFO  server.RaftServerConfigKeys (ConfUtils.java:logGet(46)) - raft.server.rpc.sleep.time = 25ms (default)
2024-11-05 06:16:38,680 [a9c169ad-2417-45be-a484-83a45557bcfc-groupManagement] INFO  server.RaftServerConfigKeys (ConfUtils.java:logGet(46)) - raft.server.rpc.slowness.timeout = 300s (custom)
2024-11-05 06:16:38,680 [a9c169ad-2417-45be-a484-83a45557bcfc-groupManagement] INFO  server.RaftServerConfigKeys (ConfUtils.java:logGet(46)) - raft.server.leaderelection.leader.step-down.wait-time = 10s (default)
2024-11-05 06:16:38,680 [a9c169ad-2417-45be-a484-83a45557bcfc-groupManagement] INFO  server.RaftServerConfigKeys (ConfUtils.java:logGet(46)) - raft.server.leaderelection.member.majority-add = false (default)
2024-11-05 06:16:38,680 [a9c169ad-2417-45be-a484-83a45557bcfc-groupManagement] INFO  server.RaftServerConfigKeys (ConfUtils.java:logGet(46)) - raft.server.sleep.deviation.threshold = 300ms (default)
2024-11-05 06:16:38,680 [a9c169ad-2417-45be-a484-83a45557bcfc-groupManagement] INFO  server.RaftServer$Division (ServerState.java:<init>(114)) - a9c169ad-2417-45be-a484-83a45557bcfc@group-1E0DE463CCEE: ConfigurationManager, init=conf: {index: -1, cur=peers:[a9c169ad-2417-45be-a484-83a45557bcfc|127.0.0.1:15041]|listeners:[], old=null}, confs=<EMPTY_MAP>
2024-11-05 06:16:38,680 [a9c169ad-2417-45be-a484-83a45557bcfc-groupManagement] INFO  server.RaftServerConfigKeys (ConfUtils.java:logGet(46)) - raft.server.notification.no-leader.timeout = 300s (custom)
2024-11-05 06:16:38,680 [a9c169ad-2417-45be-a484-83a45557bcfc-groupManagement] INFO  server.RaftServerConfigKeys (ConfUtils.java:logGet(46)) - raft.server.read.timeout = 10s (default)
2024-11-05 06:16:38,680 [a9c169ad-2417-45be-a484-83a45557bcfc-groupManagement] INFO  server.RaftServerConfigKeys (ConfUtils.java:logGet(46)) - raft.server.retrycache.expirytime = 600000ms (custom)
2024-11-05 06:16:38,680 [a9c169ad-2417-45be-a484-83a45557bcfc-groupManagement] INFO  server.RaftServerConfigKeys (ConfUtils.java:logGet(46)) - raft.server.retrycache.statistics.expirytime = 100ms (default)
2024-11-05 06:16:38,680 [a9c169ad-2417-45be-a484-83a45557bcfc-groupManagement] INFO  server.RaftServerConfigKeys (ConfUtils.java:logGet(46)) - raft.server.read.option = DEFAULT (default)
2024-11-05 06:16:38,681 [a9c169ad-2417-45be-a484-83a45557bcfc-groupManagement] INFO  server.RaftServerConfigKeys (ConfUtils.java:logGet(46)) - raft.server.read.read-after-write-consistent.write-index-cache.expiry-time = 60s (default)
2024-11-05 06:16:38,682 [main] INFO  ozone.MiniOzoneClusterImpl (MiniOzoneClusterImpl.java:lambda$waitForClusterToBeReady$0(219)) - Nodes are ready. Got 4 of 4 DN Heartbeats.
2024-11-05 06:16:38,682 [main] INFO  ozone.MiniOzoneClusterImpl (MiniOzoneClusterImpl.java:lambda$waitForClusterToBeReady$0(222)) - Waiting for cluster to exit safe mode
2024-11-05 06:16:38,682 [main] INFO  ozone.MiniOzoneClusterImpl (MiniOzoneClusterImpl.java:lambda$waitForClusterToBeReady$0(224)) - SCM became leader
2024-11-05 06:16:38,686 [a9c169ad-2417-45be-a484-83a45557bcfc-groupManagement] INFO  server.RaftServerConfigKeys (ConfUtils.java:logGet(46)) - raft.server.rpc.request.timeout = 60s (custom)
2024-11-05 06:16:38,686 [a9c169ad-2417-45be-a484-83a45557bcfc-groupManagement] INFO  server.RaftServerConfigKeys (ConfUtils.java:logGet(46)) - raft.server.log.appender.install.snapshot.enabled = false (custom)
2024-11-05 06:16:38,686 [a9c169ad-2417-45be-a484-83a45557bcfc-groupManagement] INFO  server.RaftServerConfigKeys (ConfUtils.java:logGet(46)) - raft.server.threadpool.server.cached = true (default)
2024-11-05 06:16:38,686 [a9c169ad-2417-45be-a484-83a45557bcfc-groupManagement] INFO  server.RaftServerConfigKeys (ConfUtils.java:logGet(46)) - raft.server.threadpool.server.size = 0 (default)
2024-11-05 06:16:38,686 [a9c169ad-2417-45be-a484-83a45557bcfc-groupManagement] INFO  server.RaftServerConfigKeys (ConfUtils.java:logGet(46)) - raft.server.threadpool.client.cached = true (default)
2024-11-05 06:16:38,686 [a9c169ad-2417-45be-a484-83a45557bcfc-groupManagement] INFO  server.RaftServerConfigKeys (ConfUtils.java:logGet(46)) - raft.server.threadpool.client.size = 0 (default)
2024-11-05 06:16:38,686 [a9c169ad-2417-45be-a484-83a45557bcfc-groupManagement] INFO  server.RaftServerConfigKeys (ConfUtils.java:logGet(46)) - raft.server.storage.free-space.min = 0MB (=0) (default)
2024-11-05 06:16:38,687 [a9c169ad-2417-45be-a484-83a45557bcfc-groupManagement] INFO  server.RaftServerConfigKeys (ConfUtils.java:logGet(46)) - raft.server.log.corruption.policy = EXCEPTION (default)
2024-11-05 06:16:38,687 [a9c169ad-2417-45be-a484-83a45557bcfc-groupManagement] INFO  server.RaftServerConfigKeys (ConfUtils.java:logGet(46)) - raft.server.storage.dir = [/home/runner/work/ozone/ozone/hadoop-ozone/integration-test/target/test-dir/MiniOzoneClusterImpl-58399722-4c39-4f0d-a4d6-8a89216b262d/ozone-meta/datanode-4/ratis] (custom)
2024-11-05 06:16:38,687 [a9c169ad-2417-45be-a484-83a45557bcfc-groupManagement] INFO  storage.RaftStorageDirectory (RaftStorageDirectoryImpl.java:analyzeStorage(138)) - The storage directory /home/runner/work/ozone/ozone/hadoop-ozone/integration-test/target/test-dir/MiniOzoneClusterImpl-58399722-4c39-4f0d-a4d6-8a89216b262d/ozone-meta/datanode-4/ratis/b4a3c996-3faf-47d1-887c-1e0de463ccee does not exist. Creating ...
2024-11-05 06:16:38,689 [a9c169ad-2417-45be-a484-83a45557bcfc-groupManagement] INFO  storage.RaftStorageDirectory (RaftStorageDirectoryImpl.java:tryLock(229)) - Lock on /home/runner/work/ozone/ozone/hadoop-ozone/integration-test/target/test-dir/MiniOzoneClusterImpl-58399722-4c39-4f0d-a4d6-8a89216b262d/ozone-meta/datanode-4/ratis/b4a3c996-3faf-47d1-887c-1e0de463ccee/in_use.lock acquired by nodename 123098@fv-az1791-537
2024-11-05 06:16:38,690 [a9c169ad-2417-45be-a484-83a45557bcfc-groupManagement] INFO  storage.RaftStorage (RaftStorageImpl.java:format(98)) - Storage directory /home/runner/work/ozone/ozone/hadoop-ozone/integration-test/target/test-dir/MiniOzoneClusterImpl-58399722-4c39-4f0d-a4d6-8a89216b262d/ozone-meta/datanode-4/ratis/b4a3c996-3faf-47d1-887c-1e0de463ccee has been successfully formatted.
2024-11-05 06:16:38,690 [a9c169ad-2417-45be-a484-83a45557bcfc-groupManagement] INFO  ratis.ContainerStateMachine (ContainerStateMachine.java:initialize(285)) - a9c169ad-2417-45be-a484-83a45557bcfc: initialize group-1E0DE463CCEE
2024-11-05 06:16:38,691 [a9c169ad-2417-45be-a484-83a45557bcfc-groupManagement] INFO  ratis.ContainerStateMachine (ContainerStateMachine.java:loadSnapshot(293)) - group-1E0DE463CCEE: The snapshot info is null. Setting the last applied index to:(t:0, i:~)
2024-11-05 06:16:38,691 [a9c169ad-2417-45be-a484-83a45557bcfc-groupManagement] INFO  server.RaftServerConfigKeys (ConfUtils.java:logGet(46)) - raft.server.log.use.memory = false (default)
2024-11-05 06:16:38,691 [a9c169ad-2417-45be-a484-83a45557bcfc-groupManagement] INFO  server.RaftServerConfigKeys (ConfUtils.java:logGet(46)) - raft.server.log.purge.gap = 1000000 (custom)
2024-11-05 06:16:38,691 [a9c169ad-2417-45be-a484-83a45557bcfc-groupManagement] INFO  server.RaftServerConfigKeys (ConfUtils.java:logGet(46)) - raft.server.log.appender.buffer.byte-limit = 33554432 (custom)
2024-11-05 06:16:38,691 [a9c169ad-2417-45be-a484-83a45557bcfc-groupManagement] INFO  server.RaftServerConfigKeys (ConfUtils.java:logGet(46)) - raft.server.log.statemachine.data.read.timeout = 1000ms (default)
2024-11-05 06:16:38,692 [a9c169ad-2417-45be-a484-83a45557bcfc-groupManagement] INFO  server.RaftServerConfigKeys (ConfUtils.java:logGet(46)) - raft.server.log.purge.preservation.log.num = 0 (default)
2024-11-05 06:16:38,693 [IPC Server handler 9 on default port 15009] INFO  scm.ReconNodeManager (ReconNodeManager.java:register(275)) - Updating nodeDB for localhost
2024-11-05 06:16:38,693 [IPC Server handler 9 on default port 15009] INFO  recon.ReconContext (ReconContext.java:updateHealthStatus(77)) - Update healthStatus of Recon from true to true.
2024-11-05 06:16:38,693 [Recon-EventQueue-PipelineReportForReconPipelineReportHandler] INFO  scm.ReconPipelineReportHandler (ReconPipelineReportHandler.java:processPipelineReport(68)) - Unknown pipeline PipelineID=b4a3c996-3faf-47d1-887c-1e0de463ccee. Trying to get from SCM.
2024-11-05 06:16:38,694 [EventQueue-PipelineReportForPipelineReportHandler] INFO  pipeline.PipelineReportHandler (PipelineReportHandler.java:processPipelineReport(136)) - Opened pipeline PipelineID=b4a3c996-3faf-47d1-887c-1e0de463ccee
2024-11-05 06:16:38,694 [EventQueue-OpenPipelineForHealthyPipelineSafeModeRule] INFO  safemode.SCMSafeModeManager (HealthyPipelineSafeModeRule.java:process(140)) - SCM in safe mode. Healthy pipelines reported count is 0, required healthy pipeline reported count is 1
2024-11-05 06:16:38,695 [a9c169ad-2417-45be-a484-83a45557bcfc-groupManagement] INFO  server.RaftServerConfigKeys (ConfUtils.java:logGet(46)) - raft.server.log.segment.size.max = 67108864 (custom)
2024-11-05 06:16:38,696 [Recon-EventQueue-PipelineReportForReconPipelineReportHandler] INFO  scm.ReconPipelineReportHandler (ReconPipelineReportHandler.java:processPipelineReport(87)) - Pipeline Pipeline[ Id: b4a3c996-3faf-47d1-887c-1e0de463ccee, Nodes: a9c169ad-2417-45be-a484-83a45557bcfc(localhost/127.0.0.1) ReplicaIndex: 0, ReplicationConfig: RATIS/ONE, State:OPEN, leaderId:a9c169ad-2417-45be-a484-83a45557bcfc, CreationTimestamp2024-11-05T06:16:35.679Z[Etc/UTC]] verified from SCM and added to Recon pipeline metadata.
2024-11-05 06:16:38,696 [a9c169ad-2417-45be-a484-83a45557bcfc-groupManagement] INFO  server.RaftServerConfigKeys (ConfUtils.java:logGet(46)) - raft.server.log.segment.cache.num.max = 2 (custom)
2024-11-05 06:16:38,696 [a9c169ad-2417-45be-a484-83a45557bcfc-groupManagement] INFO  server.RaftServerConfigKeys (ConfUtils.java:logGet(46)) - raft.server.log.segment.cache.size.max = 200MB (=209715200) (default)
2024-11-05 06:16:38,696 [a9c169ad-2417-45be-a484-83a45557bcfc-groupManagement] INFO  server.RaftServerConfigKeys (ConfUtils.java:logGet(46)) - raft.server.log.appender.buffer.byte-limit = 33554432 (custom)
2024-11-05 06:16:38,697 [a9c169ad-2417-45be-a484-83a45557bcfc-groupManagement] INFO  util.AwaitToRun (AwaitToRun.java:start(81)) - Thread[a9c169ad-2417-45be-a484-83a45557bcfc@group-1E0DE463CCEE-cacheEviction-AwaitToRun,5,main] started
2024-11-05 06:16:38,697 [a9c169ad-2417-45be-a484-83a45557bcfc-groupManagement] INFO  segmented.SegmentedRaftLogWorker (SegmentedRaftLogWorker.java:<init>(187)) - new a9c169ad-2417-45be-a484-83a45557bcfc@group-1E0DE463CCEE-SegmentedRaftLogWorker for RaftStorageImpl:Storage Directory /home/runner/work/ozone/ozone/hadoop-ozone/integration-test/target/test-dir/MiniOzoneClusterImpl-58399722-4c39-4f0d-a4d6-8a89216b262d/ozone-meta/datanode-4/ratis/b4a3c996-3faf-47d1-887c-1e0de463ccee
2024-11-05 06:16:38,697 [a9c169ad-2417-45be-a484-83a45557bcfc-groupManagement] INFO  server.RaftServerConfigKeys (ConfUtils.java:logGet(46)) - raft.server.log.queue.byte-limit = 4294967296 (custom)
2024-11-05 06:16:38,698 [a9c169ad-2417-45be-a484-83a45557bcfc-groupManagement] INFO  server.RaftServerConfigKeys (ConfUtils.java:logGet(46)) - raft.server.log.queue.element-limit = 1024 (custom)
2024-11-05 06:16:38,698 [a9c169ad-2417-45be-a484-83a45557bcfc-groupManagement] INFO  server.RaftServerConfigKeys (ConfUtils.java:logGet(46)) - raft.server.log.segment.size.max = 67108864 (custom)
2024-11-05 06:16:38,698 [a9c169ad-2417-45be-a484-83a45557bcfc-groupManagement] INFO  server.RaftServerConfigKeys (ConfUtils.java:logGet(46)) - raft.server.log.preallocated.size = 4194304 (custom)
2024-11-05 06:16:38,698 [a9c169ad-2417-45be-a484-83a45557bcfc-groupManagement] INFO  server.RaftServerConfigKeys (ConfUtils.java:logGet(46)) - raft.server.log.force.sync.num = 128 (default)
2024-11-05 06:16:38,698 [a9c169ad-2417-45be-a484-83a45557bcfc-groupManagement] INFO  server.RaftServerConfigKeys (ConfUtils.java:logGet(46)) - raft.server.log.statemachine.data.sync = true (default)
2024-11-05 06:16:38,698 [a9c169ad-2417-45be-a484-83a45557bcfc-groupManagement] INFO  server.RaftServerConfigKeys (ConfUtils.java:logGet(46)) - raft.server.log.statemachine.data.sync.timeout = 10s (default)
2024-11-05 06:16:38,698 [a9c169ad-2417-45be-a484-83a45557bcfc-groupManagement] INFO  server.RaftServerConfigKeys (ConfUtils.java:logGet(46)) - raft.server.log.statemachine.data.sync.timeout.retry = 30 (custom)
2024-11-05 06:16:38,699 [a9c169ad-2417-45be-a484-83a45557bcfc-groupManagement] INFO  server.RaftServerConfigKeys (ConfUtils.java:logGet(46)) - raft.server.log.write.buffer.size = 33554440 (custom)
2024-11-05 06:16:38,704 [a9c169ad-2417-45be-a484-83a45557bcfc-groupManagement] INFO  server.RaftServerConfigKeys (ConfUtils.java:logGet(46)) - raft.server.log.appender.buffer.byte-limit = 33554432 (custom)
2024-11-05 06:16:38,705 [a9c169ad-2417-45be-a484-83a45557bcfc-groupManagement] INFO  server.RaftServerConfigKeys (ConfUtils.java:logGet(46)) - raft.server.log.unsafe-flush.enabled = false (default)
2024-11-05 06:16:38,705 [a9c169ad-2417-45be-a484-83a45557bcfc-groupManagement] INFO  server.RaftServerConfigKeys (ConfUtils.java:logGet(46)) - raft.server.log.async-flush.enabled = false (default)
2024-11-05 06:16:38,705 [a9c169ad-2417-45be-a484-83a45557bcfc-groupManagement] INFO  server.RaftServerConfigKeys (ConfUtils.java:logGet(46)) - raft.server.log.statemachine.data.caching.enabled = true (custom)
2024-11-05 06:16:38,706 [a9c169ad-2417-45be-a484-83a45557bcfc-groupManagement] INFO  segmented.SegmentedRaftLogWorker (SegmentedRaftLogWorker.java:lambda$new$0(138)) - a9c169ad-2417-45be-a484-83a45557bcfc@group-1E0DE463CCEE-SegmentedRaftLogWorker: flushIndex: setUnconditionally 0 -> -1
2024-11-05 06:16:38,706 [a9c169ad-2417-45be-a484-83a45557bcfc-groupManagement] INFO  segmented.SegmentedRaftLogWorker (SegmentedRaftLogWorker.java:lambda$new$0(138)) - a9c169ad-2417-45be-a484-83a45557bcfc@group-1E0DE463CCEE-SegmentedRaftLogWorker: safeCacheEvictIndex: setUnconditionally 0 -> -1
2024-11-05 06:16:38,712 [a9c169ad-2417-45be-a484-83a45557bcfc-groupManagement] INFO  server.RaftServer$Division (RaftServerImpl.java:start(390)) - a9c169ad-2417-45be-a484-83a45557bcfc@group-1E0DE463CCEE: start as a follower, conf=conf: {index: -1, cur=peers:[a9c169ad-2417-45be-a484-83a45557bcfc|127.0.0.1:15041]|listeners:[], old=null}
2024-11-05 06:16:38,712 [a9c169ad-2417-45be-a484-83a45557bcfc-groupManagement] INFO  server.RaftServer$Division (RaftServerImpl.java:setRole(377)) - a9c169ad-2417-45be-a484-83a45557bcfc@group-1E0DE463CCEE: changes role from      null to FOLLOWER at term 0 for startAsFollower
2024-11-05 06:16:38,712 [a9c169ad-2417-45be-a484-83a45557bcfc-groupManagement] INFO  impl.RoleInfo (RoleInfo.java:updateAndGet(148)) - a9c169ad-2417-45be-a484-83a45557bcfc: start a9c169ad-2417-45be-a484-83a45557bcfc@group-1E0DE463CCEE-FollowerState
2024-11-05 06:16:38,715 [a9c169ad-2417-45be-a484-83a45557bcfc@group-1E0DE463CCEE-FollowerState] INFO  server.RaftServerConfigKeys (ConfUtils.java:logFallback(53)) - raft.server.rpc.first-election.timeout.min = 5s (fallback to raft.server.rpc.timeout.min)
2024-11-05 06:16:38,715 [a9c169ad-2417-45be-a484-83a45557bcfc-groupManagement] INFO  util.JmxRegister (JmxRegister.java:tryRegister(44)) - Successfully registered JMX Bean with object name Ratis:service=RaftServer,group=group-1E0DE463CCEE,id=a9c169ad-2417-45be-a484-83a45557bcfc
2024-11-05 06:16:38,716 [a9c169ad-2417-45be-a484-83a45557bcfc-groupManagement] INFO  util.JmxRegister (JmxRegister.java:register(58)) - register mxBean class org.apache.ratis.server.impl.RaftServerJmxAdapter as Ratis:service=RaftServer,group=group-1E0DE463CCEE,id=a9c169ad-2417-45be-a484-83a45557bcfc
2024-11-05 06:16:38,716 [a9c169ad-2417-45be-a484-83a45557bcfc-groupManagement] INFO  server.RaftServerConfigKeys (ConfUtils.java:logGet(46)) - raft.server.snapshot.trigger-when-stop.enabled = true (default)
2024-11-05 06:16:38,716 [a9c169ad-2417-45be-a484-83a45557bcfc-groupManagement] INFO  server.RaftServerConfigKeys (ConfUtils.java:logGet(46)) - raft.server.snapshot.trigger-when-remove.enabled = true (default)
2024-11-05 06:16:38,716 [a9c169ad-2417-45be-a484-83a45557bcfc-groupManagement] INFO  server.RaftServerConfigKeys (ConfUtils.java:logGet(46)) - raft.server.snapshot.auto.trigger.enabled = true (custom)
2024-11-05 06:16:38,717 [a9c169ad-2417-45be-a484-83a45557bcfc-groupManagement] INFO  server.RaftServerConfigKeys (ConfUtils.java:logGet(46)) - raft.server.snapshot.auto.trigger.threshold = 10000 (custom)
2024-11-05 06:16:38,717 [a9c169ad-2417-45be-a484-83a45557bcfc-groupManagement] INFO  server.RaftServerConfigKeys (ConfUtils.java:logGet(46)) - raft.server.snapshot.retention.file.num = 5 (custom)
2024-11-05 06:16:38,717 [a9c169ad-2417-45be-a484-83a45557bcfc-groupManagement] INFO  server.RaftServerConfigKeys (ConfUtils.java:logGet(46)) - raft.server.log.purge.upto.snapshot.index = false (default)
2024-11-05 06:16:38,716 [a9c169ad-2417-45be-a484-83a45557bcfc@group-1E0DE463CCEE-FollowerState] INFO  server.RaftServerConfigKeys (ConfUtils.java:logFallback(53)) - raft.server.rpc.first-election.timeout.max = 5200ms (fallback to raft.server.rpc.timeout.max)
2024-11-05 06:16:38,722 [a9c169ad-2417-45be-a484-83a45557bcfc-PipelineCommandHandlerThread-0] INFO  ratis.XceiverServerRatis (XceiverServerRatis.java:addGroup(844)) - Created group PipelineID=b4a3c996-3faf-47d1-887c-1e0de463ccee
2024-11-05 06:16:38,722 [a9c169ad-2417-45be-a484-83a45557bcfc-PipelineCommandHandlerThread-0] INFO  commandhandler.CreatePipelineCommandHandler (CreatePipelineCommandHandler.java:lambda$handle$2(129)) - Created Pipeline RATIS ONE PipelineID=b4a3c996-3faf-47d1-887c-1e0de463ccee.
2024-11-05 06:16:39,682 [main] INFO  ozone.MiniOzoneClusterImpl (MiniOzoneClusterImpl.java:lambda$waitForClusterToBeReady$0(219)) - Nodes are ready. Got 4 of 4 DN Heartbeats.
2024-11-05 06:16:39,683 [main] INFO  ozone.MiniOzoneClusterImpl (MiniOzoneClusterImpl.java:lambda$waitForClusterToBeReady$0(222)) - Waiting for cluster to exit safe mode
2024-11-05 06:16:39,683 [main] INFO  ozone.MiniOzoneClusterImpl (MiniOzoneClusterImpl.java:lambda$waitForClusterToBeReady$0(224)) - SCM became leader
2024-11-05 06:16:40,683 [main] INFO  ozone.MiniOzoneClusterImpl (MiniOzoneClusterImpl.java:lambda$waitForClusterToBeReady$0(219)) - Nodes are ready. Got 4 of 4 DN Heartbeats.
2024-11-05 06:16:40,683 [main] INFO  ozone.MiniOzoneClusterImpl (MiniOzoneClusterImpl.java:lambda$waitForClusterToBeReady$0(222)) - Waiting for cluster to exit safe mode
2024-11-05 06:16:40,683 [main] INFO  ozone.MiniOzoneClusterImpl (MiniOzoneClusterImpl.java:lambda$waitForClusterToBeReady$0(224)) - SCM became leader
2024-11-05 06:16:41,683 [main] INFO  ozone.MiniOzoneClusterImpl (MiniOzoneClusterImpl.java:lambda$waitForClusterToBeReady$0(219)) - Nodes are ready. Got 4 of 4 DN Heartbeats.
2024-11-05 06:16:41,684 [main] INFO  ozone.MiniOzoneClusterImpl (MiniOzoneClusterImpl.java:lambda$waitForClusterToBeReady$0(222)) - Waiting for cluster to exit safe mode
2024-11-05 06:16:41,684 [main] INFO  ozone.MiniOzoneClusterImpl (MiniOzoneClusterImpl.java:lambda$waitForClusterToBeReady$0(224)) - SCM became leader
2024-11-05 06:16:42,684 [main] INFO  ozone.MiniOzoneClusterImpl (MiniOzoneClusterImpl.java:lambda$waitForClusterToBeReady$0(219)) - Nodes are ready. Got 4 of 4 DN Heartbeats.
2024-11-05 06:16:42,684 [main] INFO  ozone.MiniOzoneClusterImpl (MiniOzoneClusterImpl.java:lambda$waitForClusterToBeReady$0(222)) - Waiting for cluster to exit safe mode
2024-11-05 06:16:42,684 [main] INFO  ozone.MiniOzoneClusterImpl (MiniOzoneClusterImpl.java:lambda$waitForClusterToBeReady$0(224)) - SCM became leader
2024-11-05 06:16:42,815 [731aafee-c06b-4662-9d20-472061f2d46e@group-ADA0F752C078-FollowerState] INFO  impl.FollowerState (FollowerState.java:run(144)) - 731aafee-c06b-4662-9d20-472061f2d46e@group-ADA0F752C078-FollowerState: change to CANDIDATE, lastRpcElapsedTime:5055454733ns, electionTimeout:5040ms
2024-11-05 06:16:42,815 [731aafee-c06b-4662-9d20-472061f2d46e@group-ADA0F752C078-FollowerState] INFO  impl.RoleInfo (RoleInfo.java:shutdownFollowerState(119)) - 731aafee-c06b-4662-9d20-472061f2d46e: shutdown 731aafee-c06b-4662-9d20-472061f2d46e@group-ADA0F752C078-FollowerState
2024-11-05 06:16:42,816 [731aafee-c06b-4662-9d20-472061f2d46e@group-ADA0F752C078-FollowerState] INFO  server.RaftServer$Division (RaftServerImpl.java:setRole(377)) - 731aafee-c06b-4662-9d20-472061f2d46e@group-ADA0F752C078: changes role from  FOLLOWER to CANDIDATE at term 0 for changeToCandidate
2024-11-05 06:16:42,816 [731aafee-c06b-4662-9d20-472061f2d46e@group-ADA0F752C078-FollowerState] INFO  server.RaftServerConfigKeys (ConfUtils.java:logGet(46)) - raft.server.leaderelection.pre-vote = true (default)
2024-11-05 06:16:42,816 [731aafee-c06b-4662-9d20-472061f2d46e@group-ADA0F752C078-FollowerState] INFO  impl.RoleInfo (RoleInfo.java:updateAndGet(148)) - 731aafee-c06b-4662-9d20-472061f2d46e: start 731aafee-c06b-4662-9d20-472061f2d46e@group-ADA0F752C078-LeaderElection2
2024-11-05 06:16:42,816 [731aafee-c06b-4662-9d20-472061f2d46e@group-ADA0F752C078-LeaderElection2] INFO  impl.LeaderElection (LeaderElection.java:askForVotes(325)) - 731aafee-c06b-4662-9d20-472061f2d46e@group-ADA0F752C078-LeaderElection2 PRE_VOTE round 0: submit vote requests at term 0 for conf: {index: -1, cur=peers:[731aafee-c06b-4662-9d20-472061f2d46e|127.0.0.1:15014]|listeners:[], old=null}
2024-11-05 06:16:42,816 [731aafee-c06b-4662-9d20-472061f2d46e@group-ADA0F752C078-LeaderElection2] INFO  impl.LeaderElection (LeaderElection.java:askForVotes(327)) - 731aafee-c06b-4662-9d20-472061f2d46e@group-ADA0F752C078-LeaderElection2 PRE_VOTE round 0: result PASSED (term=0)
2024-11-05 06:16:42,818 [731aafee-c06b-4662-9d20-472061f2d46e@group-ADA0F752C078-LeaderElection2] INFO  impl.LeaderElection (LeaderElection.java:askForVotes(325)) - 731aafee-c06b-4662-9d20-472061f2d46e@group-ADA0F752C078-LeaderElection2 ELECTION round 0: submit vote requests at term 1 for conf: {index: -1, cur=peers:[731aafee-c06b-4662-9d20-472061f2d46e|127.0.0.1:15014]|listeners:[], old=null}
2024-11-05 06:16:42,818 [731aafee-c06b-4662-9d20-472061f2d46e@group-ADA0F752C078-LeaderElection2] INFO  impl.LeaderElection (LeaderElection.java:askForVotes(327)) - 731aafee-c06b-4662-9d20-472061f2d46e@group-ADA0F752C078-LeaderElection2 ELECTION round 0: result PASSED (term=1)
2024-11-05 06:16:42,818 [731aafee-c06b-4662-9d20-472061f2d46e@group-ADA0F752C078-LeaderElection2] INFO  impl.RoleInfo (RoleInfo.java:shutdownLeaderElection(139)) - 731aafee-c06b-4662-9d20-472061f2d46e: shutdown 731aafee-c06b-4662-9d20-472061f2d46e@group-ADA0F752C078-LeaderElection2
2024-11-05 06:16:42,818 [731aafee-c06b-4662-9d20-472061f2d46e@group-ADA0F752C078-LeaderElection2] INFO  server.RaftServer$Division (RaftServerImpl.java:setRole(377)) - 731aafee-c06b-4662-9d20-472061f2d46e@group-ADA0F752C078: changes role from CANDIDATE to LEADER at term 1 for changeToLeader
2024-11-05 06:16:42,818 [731aafee-c06b-4662-9d20-472061f2d46e@group-ADA0F752C078-LeaderElection2] INFO  server.RaftServerConfigKeys (ConfUtils.java:logGet(46)) - raft.server.staging.catchup.gap = 1000 (default)
2024-11-05 06:16:42,819 [731aafee-c06b-4662-9d20-472061f2d46e@group-ADA0F752C078-LeaderElection2] INFO  server.RaftServerConfigKeys (ConfUtils.java:logGet(46)) - raft.server.write.element-limit = 1024 (custom)
2024-11-05 06:16:42,819 [731aafee-c06b-4662-9d20-472061f2d46e@group-ADA0F752C078-LeaderElection2] INFO  server.RaftServerConfigKeys (ConfUtils.java:logGet(46)) - raft.server.write.byte-limit = 1024 M (=1073741824) (custom)
2024-11-05 06:16:42,819 [731aafee-c06b-4662-9d20-472061f2d46e@group-ADA0F752C078-LeaderElection2] INFO  server.RaftServerConfigKeys (ConfUtils.java:logGet(46)) - raft.server.watch.timeout = 30s (custom)
2024-11-05 06:16:42,819 [731aafee-c06b-4662-9d20-472061f2d46e@group-ADA0F752C078-LeaderElection2] INFO  server.RaftServerConfigKeys (ConfUtils.java:logGet(46)) - raft.server.watch.timeout.denomination = 1s (default)
2024-11-05 06:16:42,819 [731aafee-c06b-4662-9d20-472061f2d46e@group-ADA0F752C078-LeaderElection2] INFO  server.RaftServerConfigKeys (ConfUtils.java:logGet(46)) - raft.server.watch.element-limit = 65536 (default)
2024-11-05 06:16:42,820 [731aafee-c06b-4662-9d20-472061f2d46e@group-ADA0F752C078-LeaderElection2] INFO  server.RaftServerConfigKeys (ConfUtils.java:logGet(46)) - raft.server.read.leader.lease.enabled = false (default)
2024-11-05 06:16:42,820 [731aafee-c06b-4662-9d20-472061f2d46e@group-ADA0F752C078-LeaderElection2] INFO  server.RaftServerConfigKeys (ConfUtils.java:logGet(46)) - raft.server.read.leader.lease.timeout.ratio = 0.9 (default)
2024-11-05 06:16:42,820 [731aafee-c06b-4662-9d20-472061f2d46e@group-ADA0F752C078-LeaderElection2] INFO  server.RaftServerConfigKeys (ConfUtils.java:logGet(46)) - raft.server.rpc.timeout.min = 5s (custom)
2024-11-05 06:16:42,820 [731aafee-c06b-4662-9d20-472061f2d46e@group-ADA0F752C078-LeaderElection2] INFO  server.RaftServerConfigKeys (ConfUtils.java:logGet(46)) - raft.server.log.log-metadata.enabled = true (default)
2024-11-05 06:16:42,820 [731aafee-c06b-4662-9d20-472061f2d46e@group-ADA0F752C078-LeaderElection2] INFO  server.RaftServerConfigKeys (ConfUtils.java:logGet(46)) - raft.server.write.element-limit = 1024 (custom)
2024-11-05 06:16:42,820 [731aafee-c06b-4662-9d20-472061f2d46e@group-ADA0F752C078-LeaderElection2] INFO  server.RaftServerConfigKeys (ConfUtils.java:logGet(46)) - raft.server.write.follower.gap.ratio.max = -1.0 (default)
2024-11-05 06:16:42,820 [731aafee-c06b-4662-9d20-472061f2d46e@group-ADA0F752C078-LeaderElection2] INFO  impl.RoleInfo (RoleInfo.java:updateAndGet(148)) - 731aafee-c06b-4662-9d20-472061f2d46e: start 731aafee-c06b-4662-9d20-472061f2d46e@group-ADA0F752C078-LeaderStateImpl
2024-11-05 06:16:42,820 [731aafee-c06b-4662-9d20-472061f2d46e@group-ADA0F752C078-LeaderElection2] INFO  server.RaftServer$Division (RaftServerImpl.java:setFirstElection(558)) - 731aafee-c06b-4662-9d20-472061f2d46e@group-ADA0F752C078: set firstElectionSinceStartup to false for becomeLeader
2024-11-05 06:16:42,820 [731aafee-c06b-4662-9d20-472061f2d46e@group-ADA0F752C078-LeaderElection2] INFO  ratis.XceiverServerRatis (XceiverServerRatis.java:handleLeaderChangedNotification(944)) - Leader change notification received for group: group-ADA0F752C078 with new leaderId: 731aafee-c06b-4662-9d20-472061f2d46e
2024-11-05 06:16:42,821 [731aafee-c06b-4662-9d20-472061f2d46e@group-ADA0F752C078-LeaderElection2] INFO  server.RaftServer$Division (ServerState.java:setLeader(272)) - 731aafee-c06b-4662-9d20-472061f2d46e@group-ADA0F752C078: change Leader from null to 731aafee-c06b-4662-9d20-472061f2d46e at term 1 for becomeLeader, leader elected after 5093ms
2024-11-05 06:16:42,821 [731aafee-c06b-4662-9d20-472061f2d46e@group-ADA0F752C078-LeaderElection2] INFO  segmented.SegmentedRaftLogWorker (SegmentedRaftLogWorker.java:startLogSegment(437)) - 731aafee-c06b-4662-9d20-472061f2d46e@group-ADA0F752C078-SegmentedRaftLogWorker: Starting segment from index:0
2024-11-05 06:16:42,822 [731aafee-c06b-4662-9d20-472061f2d46e@group-ADA0F752C078-SegmentedRaftLogWorker] INFO  segmented.BufferedWriteChannel (BufferedWriteChannel.java:open(61)) - open log_inprogress_0 at position 0
2024-11-05 06:16:42,822 [Recon-EventQueue-PipelineReportForReconPipelineReportHandler] INFO  scm.ReconPipelineReportHandler (ReconPipelineReportHandler.java:processPipelineReport(104)) - Pipeline RATIS/THREE PipelineID=09e0977e-6386-430c-9c36-83d748725593 reported by 731aafee-c06b-4662-9d20-472061f2d46e(localhost/127.0.0.1)
2024-11-05 06:16:42,823 [Recon-EventQueue-PipelineReportForReconPipelineReportHandler] INFO  scm.ReconPipelineReportHandler (ReconPipelineReportHandler.java:processPipelineReport(104)) - Pipeline RATIS/THREE PipelineID=070fb56e-6c7a-4531-8d60-c41ef94b1934 reported by 731aafee-c06b-4662-9d20-472061f2d46e(localhost/127.0.0.1)
2024-11-05 06:16:42,823 [731aafee-c06b-4662-9d20-472061f2d46e@group-ADA0F752C078-LeaderElection2] INFO  server.RaftServer$Division (ServerState.java:setRaftConf(386)) - 731aafee-c06b-4662-9d20-472061f2d46e@group-ADA0F752C078: set configuration conf: {index: 0, cur=peers:[731aafee-c06b-4662-9d20-472061f2d46e|127.0.0.1:15014]|listeners:[], old=null}
2024-11-05 06:16:42,827 [EventQueue-OpenPipelineForHealthyPipelineSafeModeRule] INFO  safemode.SCMSafeModeManager (HealthyPipelineSafeModeRule.java:process(140)) - SCM in safe mode. Healthy pipelines reported count is 0, required healthy pipeline reported count is 1
2024-11-05 06:16:42,831 [731aafee-c06b-4662-9d20-472061f2d46e@group-ADA0F752C078-SegmentedRaftLogWorker] INFO  segmented.SegmentedRaftLogWorker (SegmentedRaftLogWorker.java:execute(641)) - 731aafee-c06b-4662-9d20-472061f2d46e@group-ADA0F752C078-SegmentedRaftLogWorker: created new log segment /home/runner/work/ozone/ozone/hadoop-ozone/integration-test/target/test-dir/MiniOzoneClusterImpl-58399722-4c39-4f0d-a4d6-8a89216b262d/ozone-meta/datanode-1/ratis/446e92fa-72b8-40e6-84dc-ada0f752c078/current/log_inprogress_0
2024-11-05 06:16:42,834 [731aafee-c06b-4662-9d20-472061f2d46e@group-ADA0F752C078-StateMachineUpdater] INFO  server.RaftServer$Division (LeaderStateImpl.java:checkStartIndex(316)) - Leader 731aafee-c06b-4662-9d20-472061f2d46e@group-ADA0F752C078-LeaderStateImpl is ready since appliedIndex == startIndex == 0
2024-11-05 06:16:42,878 [731aafee-c06b-4662-9d20-472061f2d46e@group-C41EF94B1934-FollowerState] INFO  impl.FollowerState (FollowerState.java:run(144)) - 731aafee-c06b-4662-9d20-472061f2d46e@group-C41EF94B1934-FollowerState: change to CANDIDATE, lastRpcElapsedTime:5047248896ns, electionTimeout:5046ms
2024-11-05 06:16:42,878 [731aafee-c06b-4662-9d20-472061f2d46e@group-C41EF94B1934-FollowerState] INFO  impl.RoleInfo (RoleInfo.java:shutdownFollowerState(119)) - 731aafee-c06b-4662-9d20-472061f2d46e: shutdown 731aafee-c06b-4662-9d20-472061f2d46e@group-C41EF94B1934-FollowerState
2024-11-05 06:16:42,878 [731aafee-c06b-4662-9d20-472061f2d46e@group-C41EF94B1934-FollowerState] INFO  server.RaftServer$Division (RaftServerImpl.java:setRole(377)) - 731aafee-c06b-4662-9d20-472061f2d46e@group-C41EF94B1934: changes role from  FOLLOWER to CANDIDATE at term 0 for changeToCandidate
2024-11-05 06:16:42,878 [731aafee-c06b-4662-9d20-472061f2d46e@group-C41EF94B1934-FollowerState] INFO  server.RaftServerConfigKeys (ConfUtils.java:logGet(46)) - raft.server.leaderelection.pre-vote = true (default)
2024-11-05 06:16:42,878 [731aafee-c06b-4662-9d20-472061f2d46e@group-C41EF94B1934-FollowerState] INFO  impl.RoleInfo (RoleInfo.java:updateAndGet(148)) - 731aafee-c06b-4662-9d20-472061f2d46e: start 731aafee-c06b-4662-9d20-472061f2d46e@group-C41EF94B1934-LeaderElection3
2024-11-05 06:16:42,879 [731aafee-c06b-4662-9d20-472061f2d46e@group-C41EF94B1934-LeaderElection3] INFO  impl.LeaderElection (LeaderElection.java:askForVotes(325)) - 731aafee-c06b-4662-9d20-472061f2d46e@group-C41EF94B1934-LeaderElection3 PRE_VOTE round 0: submit vote requests at term 0 for conf: {index: -1, cur=peers:[44ff6b06-02d2-44ad-8aa1-4af94363565f|127.0.0.1:15032, 731aafee-c06b-4662-9d20-472061f2d46e|127.0.0.1:15014, 43b7afd8-9e19-4b34-aad7-81b8e915bbb6|127.0.0.1:15023]|listeners:[], old=null}
2024-11-05 06:16:42,882 [731aafee-c06b-4662-9d20-472061f2d46e@group-C41EF94B1934-LeaderElection3] INFO  server.RaftServerConfigKeys (ConfUtils.java:logFallback(53)) - raft.server.rpc.first-election.timeout.min = 5s (fallback to raft.server.rpc.timeout.min)
2024-11-05 06:16:42,883 [731aafee-c06b-4662-9d20-472061f2d46e@group-C41EF94B1934-LeaderElection3] INFO  server.RaftServerConfigKeys (ConfUtils.java:logFallback(53)) - raft.server.rpc.first-election.timeout.max = 5200ms (fallback to raft.server.rpc.timeout.max)
2024-11-05 06:16:42,883 [731aafee-c06b-4662-9d20-472061f2d46e@group-C41EF94B1934-LeaderElection3-1] INFO  server.GrpcServerProtocolClient (GrpcServerProtocolClient.java:<init>(65)) - Build channel for 44ff6b06-02d2-44ad-8aa1-4af94363565f|127.0.0.1:15032
2024-11-05 06:16:42,884 [731aafee-c06b-4662-9d20-472061f2d46e@group-C41EF94B1934-LeaderElection3-2] INFO  server.GrpcServerProtocolClient (GrpcServerProtocolClient.java:<init>(65)) - Build channel for 43b7afd8-9e19-4b34-aad7-81b8e915bbb6|127.0.0.1:15023
2024-11-05 06:16:42,891 [grpc-default-executor-1] INFO  server.RaftServer$Division (RaftServerImpl.java:requestVote(1394)) - 44ff6b06-02d2-44ad-8aa1-4af94363565f@group-C41EF94B1934: receive requestVote(PRE_VOTE, 731aafee-c06b-4662-9d20-472061f2d46e, group-C41EF94B1934, 0, (t:0, i:0))
2024-11-05 06:16:42,893 [grpc-default-executor-1] INFO  impl.VoteContext (VoteContext.java:log(49)) - 44ff6b06-02d2-44ad-8aa1-4af94363565f@group-C41EF94B1934-FOLLOWER: accept PRE_VOTE from 731aafee-c06b-4662-9d20-472061f2d46e: our priority 0 <= candidate's priority 1
2024-11-05 06:16:42,896 [grpc-default-executor-0] INFO  server.RaftServer$Division (RaftServerImpl.java:requestVote(1394)) - 43b7afd8-9e19-4b34-aad7-81b8e915bbb6@group-C41EF94B1934: receive requestVote(PRE_VOTE, 731aafee-c06b-4662-9d20-472061f2d46e, group-C41EF94B1934, 0, (t:0, i:0))
2024-11-05 06:16:42,897 [grpc-default-executor-0] INFO  impl.VoteContext (VoteContext.java:log(49)) - 43b7afd8-9e19-4b34-aad7-81b8e915bbb6@group-C41EF94B1934-FOLLOWER: accept PRE_VOTE from 731aafee-c06b-4662-9d20-472061f2d46e: our priority 0 <= candidate's priority 1
2024-11-05 06:16:42,897 [grpc-default-executor-0] INFO  server.RaftServer$Division (RaftServerImpl.java:requestVote(1427)) - 43b7afd8-9e19-4b34-aad7-81b8e915bbb6@group-C41EF94B1934 replies to PRE_VOTE vote request: 731aafee-c06b-4662-9d20-472061f2d46e<-43b7afd8-9e19-4b34-aad7-81b8e915bbb6#0:OK-t0. Peer's state: 43b7afd8-9e19-4b34-aad7-81b8e915bbb6@group-C41EF94B1934:t0, leader=null, voted=, raftlog=Memoized:43b7afd8-9e19-4b34-aad7-81b8e915bbb6@group-C41EF94B1934-SegmentedRaftLog:OPENED:c-1:lastnull, conf=conf: {index: -1, cur=peers:[44ff6b06-02d2-44ad-8aa1-4af94363565f|127.0.0.1:15032, 731aafee-c06b-4662-9d20-472061f2d46e|127.0.0.1:15014, 43b7afd8-9e19-4b34-aad7-81b8e915bbb6|127.0.0.1:15023]|listeners:[], old=null}
2024-11-05 06:16:42,897 [grpc-default-executor-1] INFO  server.RaftServer$Division (RaftServerImpl.java:requestVote(1427)) - 44ff6b06-02d2-44ad-8aa1-4af94363565f@group-C41EF94B1934 replies to PRE_VOTE vote request: 731aafee-c06b-4662-9d20-472061f2d46e<-44ff6b06-02d2-44ad-8aa1-4af94363565f#0:OK-t0. Peer's state: 44ff6b06-02d2-44ad-8aa1-4af94363565f@group-C41EF94B1934:t0, leader=null, voted=, raftlog=Memoized:44ff6b06-02d2-44ad-8aa1-4af94363565f@group-C41EF94B1934-SegmentedRaftLog:OPENED:c-1:lastnull, conf=conf: {index: -1, cur=peers:[44ff6b06-02d2-44ad-8aa1-4af94363565f|127.0.0.1:15032, 731aafee-c06b-4662-9d20-472061f2d46e|127.0.0.1:15014, 43b7afd8-9e19-4b34-aad7-81b8e915bbb6|127.0.0.1:15023]|listeners:[], old=null}
2024-11-05 06:16:42,901 [731aafee-c06b-4662-9d20-472061f2d46e@group-C41EF94B1934-LeaderElection3] INFO  impl.LeaderElection (LeaderElection.java:logAndReturn(89)) - 731aafee-c06b-4662-9d20-472061f2d46e@group-C41EF94B1934-LeaderElection3: PRE_VOTE PASSED received 1 response(s) and 0 exception(s):
2024-11-05 06:16:42,901 [731aafee-c06b-4662-9d20-472061f2d46e@group-C41EF94B1934-LeaderElection3] INFO  impl.LeaderElection (LeaderElection.java:logAndReturn(93)) -   Response 0: 731aafee-c06b-4662-9d20-472061f2d46e<-43b7afd8-9e19-4b34-aad7-81b8e915bbb6#0:OK-t0
2024-11-05 06:16:42,901 [731aafee-c06b-4662-9d20-472061f2d46e@group-C41EF94B1934-LeaderElection3] INFO  impl.LeaderElection (LeaderElection.java:askForVotes(327)) - 731aafee-c06b-4662-9d20-472061f2d46e@group-C41EF94B1934-LeaderElection3 PRE_VOTE round 0: result PASSED
2024-11-05 06:16:42,903 [731aafee-c06b-4662-9d20-472061f2d46e@group-C41EF94B1934-LeaderElection3] INFO  impl.LeaderElection (LeaderElection.java:askForVotes(325)) - 731aafee-c06b-4662-9d20-472061f2d46e@group-C41EF94B1934-LeaderElection3 ELECTION round 0: submit vote requests at term 1 for conf: {index: -1, cur=peers:[44ff6b06-02d2-44ad-8aa1-4af94363565f|127.0.0.1:15032, 731aafee-c06b-4662-9d20-472061f2d46e|127.0.0.1:15014, 43b7afd8-9e19-4b34-aad7-81b8e915bbb6|127.0.0.1:15023]|listeners:[], old=null}
2024-11-05 06:16:42,906 [grpc-default-executor-1] INFO  server.RaftServer$Division (RaftServerImpl.java:requestVote(1394)) - 44ff6b06-02d2-44ad-8aa1-4af94363565f@group-C41EF94B1934: receive requestVote(ELECTION, 731aafee-c06b-4662-9d20-472061f2d46e, group-C41EF94B1934, 1, (t:0, i:0))
2024-11-05 06:16:42,906 [grpc-default-executor-1] INFO  impl.VoteContext (VoteContext.java:log(49)) - 44ff6b06-02d2-44ad-8aa1-4af94363565f@group-C41EF94B1934-FOLLOWER: accept ELECTION from 731aafee-c06b-4662-9d20-472061f2d46e: our priority 0 <= candidate's priority 1
2024-11-05 06:16:42,906 [grpc-default-executor-1] INFO  server.RaftServer$Division (RaftServerImpl.java:setRole(377)) - 44ff6b06-02d2-44ad-8aa1-4af94363565f@group-C41EF94B1934: changes role from  FOLLOWER to FOLLOWER at term 0 for candidate:731aafee-c06b-4662-9d20-472061f2d46e
2024-11-05 06:16:42,907 [grpc-default-executor-1] INFO  impl.RoleInfo (RoleInfo.java:shutdownFollowerState(119)) - 44ff6b06-02d2-44ad-8aa1-4af94363565f: shutdown 44ff6b06-02d2-44ad-8aa1-4af94363565f@group-C41EF94B1934-FollowerState
2024-11-05 06:16:42,907 [44ff6b06-02d2-44ad-8aa1-4af94363565f@group-C41EF94B1934-FollowerState] INFO  impl.FollowerState (FollowerState.java:run(153)) - 44ff6b06-02d2-44ad-8aa1-4af94363565f@group-C41EF94B1934-FollowerState was interrupted
2024-11-05 06:16:42,907 [grpc-default-executor-1] INFO  impl.RoleInfo (RoleInfo.java:updateAndGet(148)) - 44ff6b06-02d2-44ad-8aa1-4af94363565f: start 44ff6b06-02d2-44ad-8aa1-4af94363565f@group-C41EF94B1934-FollowerState
2024-11-05 06:16:42,908 [731aafee-c06b-4662-9d20-472061f2d46e@group-C41EF94B1934-LeaderElection3] INFO  server.RaftServerConfigKeys (ConfUtils.java:logFallback(53)) - raft.server.rpc.first-election.timeout.min = 5s (fallback to raft.server.rpc.timeout.min)
2024-11-05 06:16:42,908 [731aafee-c06b-4662-9d20-472061f2d46e@group-C41EF94B1934-LeaderElection3] INFO  server.RaftServerConfigKeys (ConfUtils.java:logFallback(53)) - raft.server.rpc.first-election.timeout.max = 5200ms (fallback to raft.server.rpc.timeout.max)
2024-11-05 06:16:42,910 [grpc-default-executor-0] INFO  server.RaftServer$Division (RaftServerImpl.java:requestVote(1394)) - 43b7afd8-9e19-4b34-aad7-81b8e915bbb6@group-C41EF94B1934: receive requestVote(ELECTION, 731aafee-c06b-4662-9d20-472061f2d46e, group-C41EF94B1934, 1, (t:0, i:0))
2024-11-05 06:16:42,910 [grpc-default-executor-0] INFO  impl.VoteContext (VoteContext.java:log(49)) - 43b7afd8-9e19-4b34-aad7-81b8e915bbb6@group-C41EF94B1934-FOLLOWER: accept ELECTION from 731aafee-c06b-4662-9d20-472061f2d46e: our priority 0 <= candidate's priority 1
2024-11-05 06:16:42,910 [grpc-default-executor-0] INFO  server.RaftServer$Division (RaftServerImpl.java:setRole(377)) - 43b7afd8-9e19-4b34-aad7-81b8e915bbb6@group-C41EF94B1934: changes role from  FOLLOWER to FOLLOWER at term 0 for candidate:731aafee-c06b-4662-9d20-472061f2d46e
2024-11-05 06:16:42,910 [grpc-default-executor-0] INFO  impl.RoleInfo (RoleInfo.java:shutdownFollowerState(119)) - 43b7afd8-9e19-4b34-aad7-81b8e915bbb6: shutdown 43b7afd8-9e19-4b34-aad7-81b8e915bbb6@group-C41EF94B1934-FollowerState
2024-11-05 06:16:42,910 [grpc-default-executor-0] INFO  impl.RoleInfo (RoleInfo.java:updateAndGet(148)) - 43b7afd8-9e19-4b34-aad7-81b8e915bbb6: start 43b7afd8-9e19-4b34-aad7-81b8e915bbb6@group-C41EF94B1934-FollowerState
2024-11-05 06:16:42,910 [43b7afd8-9e19-4b34-aad7-81b8e915bbb6@group-C41EF94B1934-FollowerState] INFO  impl.FollowerState (FollowerState.java:run(153)) - 43b7afd8-9e19-4b34-aad7-81b8e915bbb6@group-C41EF94B1934-FollowerState was interrupted
2024-11-05 06:16:42,916 [grpc-default-executor-0] INFO  server.RaftServer$Division (RaftServerImpl.java:setFirstElection(558)) - 43b7afd8-9e19-4b34-aad7-81b8e915bbb6@group-C41EF94B1934: set firstElectionSinceStartup to false for candidate:731aafee-c06b-4662-9d20-472061f2d46e
2024-11-05 06:16:42,917 [grpc-default-executor-0] INFO  server.RaftServer$Division (RaftServerImpl.java:requestVote(1427)) - 43b7afd8-9e19-4b34-aad7-81b8e915bbb6@group-C41EF94B1934 replies to ELECTION vote request: 731aafee-c06b-4662-9d20-472061f2d46e<-43b7afd8-9e19-4b34-aad7-81b8e915bbb6#0:OK-t1. Peer's state: 43b7afd8-9e19-4b34-aad7-81b8e915bbb6@group-C41EF94B1934:t1, leader=null, voted=731aafee-c06b-4662-9d20-472061f2d46e, raftlog=Memoized:43b7afd8-9e19-4b34-aad7-81b8e915bbb6@group-C41EF94B1934-SegmentedRaftLog:OPENED:c-1:lastnull, conf=conf: {index: -1, cur=peers:[44ff6b06-02d2-44ad-8aa1-4af94363565f|127.0.0.1:15032, 731aafee-c06b-4662-9d20-472061f2d46e|127.0.0.1:15014, 43b7afd8-9e19-4b34-aad7-81b8e915bbb6|127.0.0.1:15023]|listeners:[], old=null}
2024-11-05 06:16:42,919 [731aafee-c06b-4662-9d20-472061f2d46e@group-C41EF94B1934-LeaderElection3] INFO  impl.LeaderElection (LeaderElection.java:logAndReturn(89)) - 731aafee-c06b-4662-9d20-472061f2d46e@group-C41EF94B1934-LeaderElection3: ELECTION PASSED received 1 response(s) and 0 exception(s):
2024-11-05 06:16:42,919 [731aafee-c06b-4662-9d20-472061f2d46e@group-C41EF94B1934-LeaderElection3] INFO  impl.LeaderElection (LeaderElection.java:logAndReturn(93)) -   Response 0: 731aafee-c06b-4662-9d20-472061f2d46e<-43b7afd8-9e19-4b34-aad7-81b8e915bbb6#0:OK-t1
2024-11-05 06:16:42,919 [731aafee-c06b-4662-9d20-472061f2d46e@group-C41EF94B1934-LeaderElection3] INFO  impl.LeaderElection (LeaderElection.java:askForVotes(327)) - 731aafee-c06b-4662-9d20-472061f2d46e@group-C41EF94B1934-LeaderElection3 ELECTION round 0: result PASSED
2024-11-05 06:16:42,919 [731aafee-c06b-4662-9d20-472061f2d46e@group-C41EF94B1934-LeaderElection3] INFO  impl.RoleInfo (RoleInfo.java:shutdownLeaderElection(139)) - 731aafee-c06b-4662-9d20-472061f2d46e: shutdown 731aafee-c06b-4662-9d20-472061f2d46e@group-C41EF94B1934-LeaderElection3
2024-11-05 06:16:42,919 [731aafee-c06b-4662-9d20-472061f2d46e@group-C41EF94B1934-LeaderElection3] INFO  server.RaftServer$Division (RaftServerImpl.java:setRole(377)) - 731aafee-c06b-4662-9d20-472061f2d46e@group-C41EF94B1934: changes role from CANDIDATE to LEADER at term 1 for changeToLeader
2024-11-05 06:16:42,919 [731aafee-c06b-4662-9d20-472061f2d46e@group-C41EF94B1934-LeaderElection3] INFO  server.RaftServerConfigKeys (ConfUtils.java:logGet(46)) - raft.server.staging.catchup.gap = 1000 (default)
2024-11-05 06:16:42,920 [731aafee-c06b-4662-9d20-472061f2d46e@group-C41EF94B1934-LeaderElection3] INFO  server.RaftServerConfigKeys (ConfUtils.java:logGet(46)) - raft.server.write.element-limit = 1024 (custom)
2024-11-05 06:16:42,920 [731aafee-c06b-4662-9d20-472061f2d46e@group-C41EF94B1934-LeaderElection3] INFO  server.RaftServerConfigKeys (ConfUtils.java:logGet(46)) - raft.server.write.byte-limit = 1024 M (=1073741824) (custom)
2024-11-05 06:16:42,920 [731aafee-c06b-4662-9d20-472061f2d46e@group-C41EF94B1934-LeaderElection3] INFO  server.RaftServerConfigKeys (ConfUtils.java:logGet(46)) - raft.server.watch.timeout = 30s (custom)
2024-11-05 06:16:42,920 [731aafee-c06b-4662-9d20-472061f2d46e@group-C41EF94B1934-LeaderElection3] INFO  server.RaftServerConfigKeys (ConfUtils.java:logGet(46)) - raft.server.watch.timeout.denomination = 1s (default)
2024-11-05 06:16:42,920 [731aafee-c06b-4662-9d20-472061f2d46e@group-C41EF94B1934-LeaderElection3] INFO  server.RaftServerConfigKeys (ConfUtils.java:logGet(46)) - raft.server.watch.element-limit = 65536 (default)
2024-11-05 06:16:42,921 [731aafee-c06b-4662-9d20-472061f2d46e@group-C41EF94B1934-LeaderElection3] INFO  server.RaftServerConfigKeys (ConfUtils.java:logGet(46)) - raft.server.read.leader.lease.enabled = false (default)
2024-11-05 06:16:42,921 [731aafee-c06b-4662-9d20-472061f2d46e@group-C41EF94B1934-LeaderElection3] INFO  server.RaftServerConfigKeys (ConfUtils.java:logGet(46)) - raft.server.read.leader.lease.timeout.ratio = 0.9 (default)
2024-11-05 06:16:42,921 [731aafee-c06b-4662-9d20-472061f2d46e@group-C41EF94B1934-LeaderElection3] INFO  server.RaftServerConfigKeys (ConfUtils.java:logGet(46)) - raft.server.rpc.timeout.min = 5s (custom)
2024-11-05 06:16:42,921 [731aafee-c06b-4662-9d20-472061f2d46e@group-C41EF94B1934-LeaderElection3] INFO  server.RaftServerConfigKeys (ConfUtils.java:logGet(46)) - raft.server.log.log-metadata.enabled = true (default)
2024-11-05 06:16:42,921 [731aafee-c06b-4662-9d20-472061f2d46e@group-C41EF94B1934-LeaderElection3] INFO  server.RaftServerConfigKeys (ConfUtils.java:logGet(46)) - raft.server.write.element-limit = 1024 (custom)
2024-11-05 06:16:42,921 [731aafee-c06b-4662-9d20-472061f2d46e@group-C41EF94B1934-LeaderElection3] INFO  server.RaftServerConfigKeys (ConfUtils.java:logGet(46)) - raft.server.write.follower.gap.ratio.max = -1.0 (default)
2024-11-05 06:16:42,928 [grpc-default-executor-1] INFO  server.RaftServer$Division (RaftServerImpl.java:setFirstElection(558)) - 44ff6b06-02d2-44ad-8aa1-4af94363565f@group-C41EF94B1934: set firstElectionSinceStartup to false for candidate:731aafee-c06b-4662-9d20-472061f2d46e
2024-11-05 06:16:42,928 [731aafee-c06b-4662-9d20-472061f2d46e@group-C41EF94B1934-LeaderElection3] INFO  server.RaftServerConfigKeys (ConfUtils.java:logGet(46)) - raft.server.log.appender.snapshot.chunk.size.max = 16MB (=16777216) (default)
2024-11-05 06:16:42,928 [731aafee-c06b-4662-9d20-472061f2d46e@group-C41EF94B1934-LeaderElection3] INFO  server.RaftServerConfigKeys (ConfUtils.java:logGet(46)) - raft.server.log.appender.buffer.byte-limit = 33554432 (custom)
2024-11-05 06:16:42,928 [731aafee-c06b-4662-9d20-472061f2d46e@group-C41EF94B1934-LeaderElection3] INFO  server.RaftServerConfigKeys (ConfUtils.java:logGet(46)) - raft.server.log.appender.buffer.element-limit = 1024 (custom)
2024-11-05 06:16:42,930 [grpc-default-executor-1] INFO  server.RaftServer$Division (RaftServerImpl.java:requestVote(1427)) - 44ff6b06-02d2-44ad-8aa1-4af94363565f@group-C41EF94B1934 replies to ELECTION vote request: 731aafee-c06b-4662-9d20-472061f2d46e<-44ff6b06-02d2-44ad-8aa1-4af94363565f#0:OK-t1. Peer's state: 44ff6b06-02d2-44ad-8aa1-4af94363565f@group-C41EF94B1934:t1, leader=null, voted=731aafee-c06b-4662-9d20-472061f2d46e, raftlog=Memoized:44ff6b06-02d2-44ad-8aa1-4af94363565f@group-C41EF94B1934-SegmentedRaftLog:OPENED:c-1:lastnull, conf=conf: {index: -1, cur=peers:[44ff6b06-02d2-44ad-8aa1-4af94363565f|127.0.0.1:15032, 731aafee-c06b-4662-9d20-472061f2d46e|127.0.0.1:15014, 43b7afd8-9e19-4b34-aad7-81b8e915bbb6|127.0.0.1:15023]|listeners:[], old=null}
2024-11-05 06:16:42,932 [731aafee-c06b-4662-9d20-472061f2d46e@group-C41EF94B1934-LeaderElection3] INFO  server.RaftServerConfigKeys (ConfUtils.java:logGet(46)) - raft.server.log.appender.wait-time.min = 0μs (custom)
2024-11-05 06:16:42,933 [731aafee-c06b-4662-9d20-472061f2d46e@group-C41EF94B1934-LeaderElection3] INFO  grpc.GrpcConfigKeys (ConfUtils.java:logGet(46)) - raft.grpc.server.leader.outstanding.appends.max = 8 (default)
2024-11-05 06:16:42,933 [731aafee-c06b-4662-9d20-472061f2d46e@group-C41EF94B1934-LeaderElection3] INFO  server.RaftServerConfigKeys (ConfUtils.java:logGet(46)) - raft.server.rpc.request.timeout = 60s (custom)
2024-11-05 06:16:42,933 [731aafee-c06b-4662-9d20-472061f2d46e@group-C41EF94B1934-LeaderElection3] INFO  grpc.GrpcConfigKeys (ConfUtils.java:logGet(46)) - raft.grpc.server.install_snapshot.request.element-limit = 8 (default)
2024-11-05 06:16:42,933 [731aafee-c06b-4662-9d20-472061f2d46e@group-C41EF94B1934-LeaderElection3] INFO  grpc.GrpcConfigKeys (ConfUtils.java:logGet(46)) - raft.grpc.server.install_snapshot.request.timeout = 3000ms (default)
2024-11-05 06:16:42,933 [731aafee-c06b-4662-9d20-472061f2d46e@group-C41EF94B1934-LeaderElection3] INFO  grpc.GrpcConfigKeys (ConfUtils.java:logGet(46)) - raft.grpc.server.log-message.batch.duration = 5s (default)
2024-11-05 06:16:42,933 [731aafee-c06b-4662-9d20-472061f2d46e@group-C41EF94B1934-LeaderElection3] INFO  server.RaftServerConfigKeys (ConfUtils.java:logGet(46)) - raft.server.log.appender.install.snapshot.enabled = false (custom)
2024-11-05 06:16:42,934 [731aafee-c06b-4662-9d20-472061f2d46e@group-C41EF94B1934-LeaderElection3] INFO  grpc.GrpcConfigKeys (ConfUtils.java:logGet(46)) - raft.grpc.server.heartbeat.channel = true (default)
2024-11-05 06:16:42,941 [731aafee-c06b-4662-9d20-472061f2d46e@group-C41EF94B1934-LeaderElection3] INFO  server.RaftServerConfigKeys (ConfUtils.java:logGet(46)) - raft.server.log.appender.snapshot.chunk.size.max = 16MB (=16777216) (default)
2024-11-05 06:16:42,942 [731aafee-c06b-4662-9d20-472061f2d46e@group-C41EF94B1934-LeaderElection3] INFO  server.RaftServerConfigKeys (ConfUtils.java:logGet(46)) - raft.server.log.appender.buffer.byte-limit = 33554432 (custom)
2024-11-05 06:16:42,942 [731aafee-c06b-4662-9d20-472061f2d46e@group-C41EF94B1934-LeaderElection3] INFO  server.RaftServerConfigKeys (ConfUtils.java:logGet(46)) - raft.server.log.appender.buffer.element-limit = 1024 (custom)
2024-11-05 06:16:42,942 [731aafee-c06b-4662-9d20-472061f2d46e@group-C41EF94B1934-LeaderElection3] INFO  server.RaftServerConfigKeys (ConfUtils.java:logGet(46)) - raft.server.log.appender.wait-time.min = 0μs (custom)
2024-11-05 06:16:42,942 [731aafee-c06b-4662-9d20-472061f2d46e@group-C41EF94B1934-LeaderElection3] INFO  grpc.GrpcConfigKeys (ConfUtils.java:logGet(46)) - raft.grpc.server.leader.outstanding.appends.max = 8 (default)
2024-11-05 06:16:42,942 [731aafee-c06b-4662-9d20-472061f2d46e@group-C41EF94B1934-LeaderElection3] INFO  server.RaftServerConfigKeys (ConfUtils.java:logGet(46)) - raft.server.rpc.request.timeout = 60s (custom)
2024-11-05 06:16:42,942 [731aafee-c06b-4662-9d20-472061f2d46e@group-C41EF94B1934-LeaderElection3] INFO  grpc.GrpcConfigKeys (ConfUtils.java:logGet(46)) - raft.grpc.server.install_snapshot.request.element-limit = 8 (default)
2024-11-05 06:16:42,942 [731aafee-c06b-4662-9d20-472061f2d46e@group-C41EF94B1934-LeaderElection3] INFO  grpc.GrpcConfigKeys (ConfUtils.java:logGet(46)) - raft.grpc.server.install_snapshot.request.timeout = 3000ms (default)
2024-11-05 06:16:42,942 [731aafee-c06b-4662-9d20-472061f2d46e@group-C41EF94B1934-LeaderElection3] INFO  grpc.GrpcConfigKeys (ConfUtils.java:logGet(46)) - raft.grpc.server.log-message.batch.duration = 5s (default)
2024-11-05 06:16:42,942 [731aafee-c06b-4662-9d20-472061f2d46e@group-C41EF94B1934-LeaderElection3] INFO  server.RaftServerConfigKeys (ConfUtils.java:logGet(46)) - raft.server.log.appender.install.snapshot.enabled = false (custom)
2024-11-05 06:16:42,942 [731aafee-c06b-4662-9d20-472061f2d46e@group-C41EF94B1934-LeaderElection3] INFO  grpc.GrpcConfigKeys (ConfUtils.java:logGet(46)) - raft.grpc.server.heartbeat.channel = true (default)
2024-11-05 06:16:42,946 [731aafee-c06b-4662-9d20-472061f2d46e@group-C41EF94B1934-LeaderElection3] INFO  impl.RoleInfo (RoleInfo.java:updateAndGet(148)) - 731aafee-c06b-4662-9d20-472061f2d46e: start 731aafee-c06b-4662-9d20-472061f2d46e@group-C41EF94B1934-LeaderStateImpl
2024-11-05 06:16:42,946 [731aafee-c06b-4662-9d20-472061f2d46e@group-C41EF94B1934-LeaderElection3] INFO  server.RaftServer$Division (RaftServerImpl.java:setFirstElection(558)) - 731aafee-c06b-4662-9d20-472061f2d46e@group-C41EF94B1934: set firstElectionSinceStartup to false for becomeLeader
2024-11-05 06:16:42,946 [731aafee-c06b-4662-9d20-472061f2d46e@group-C41EF94B1934-LeaderElection3] INFO  ratis.XceiverServerRatis (XceiverServerRatis.java:handleLeaderChangedNotification(944)) - Leader change notification received for group: group-C41EF94B1934 with new leaderId: 731aafee-c06b-4662-9d20-472061f2d46e
2024-11-05 06:16:42,946 [731aafee-c06b-4662-9d20-472061f2d46e@group-C41EF94B1934-LeaderElection3] INFO  server.RaftServer$Division (ServerState.java:setLeader(272)) - 731aafee-c06b-4662-9d20-472061f2d46e@group-C41EF94B1934: change Leader from null to 731aafee-c06b-4662-9d20-472061f2d46e at term 1 for becomeLeader, leader elected after 5156ms
2024-11-05 06:16:42,946 [731aafee-c06b-4662-9d20-472061f2d46e@group-C41EF94B1934-LeaderElection3] INFO  segmented.SegmentedRaftLogWorker (SegmentedRaftLogWorker.java:startLogSegment(437)) - 731aafee-c06b-4662-9d20-472061f2d46e@group-C41EF94B1934-SegmentedRaftLogWorker: Starting segment from index:0
2024-11-05 06:16:42,947 [731aafee-c06b-4662-9d20-472061f2d46e@group-C41EF94B1934-LeaderElection3] INFO  server.RaftServer$Division (ServerState.java:setRaftConf(386)) - 731aafee-c06b-4662-9d20-472061f2d46e@group-C41EF94B1934: set configuration conf: {index: 0, cur=peers:[44ff6b06-02d2-44ad-8aa1-4af94363565f|127.0.0.1:15032, 731aafee-c06b-4662-9d20-472061f2d46e|127.0.0.1:15014, 43b7afd8-9e19-4b34-aad7-81b8e915bbb6|127.0.0.1:15023]|listeners:[], old=null}
2024-11-05 06:16:42,948 [731aafee-c06b-4662-9d20-472061f2d46e@group-C41EF94B1934-SegmentedRaftLogWorker] INFO  segmented.BufferedWriteChannel (BufferedWriteChannel.java:open(61)) - open log_inprogress_0 at position 0
2024-11-05 06:16:42,953 [EventQueue-PipelineReportForPipelineReportHandler] INFO  pipeline.PipelineReportHandler (PipelineReportHandler.java:processPipelineReport(136)) - Opened pipeline PipelineID=070fb56e-6c7a-4531-8d60-c41ef94b1934
2024-11-05 06:16:42,953 [EventQueue-OpenPipelineForHealthyPipelineSafeModeRule] INFO  safemode.SCMSafeModeManager (HealthyPipelineSafeModeRule.java:process(140)) - SCM in safe mode. Healthy pipelines reported count is 1, required healthy pipeline reported count is 1
2024-11-05 06:16:42,953 [EventQueue-OpenPipelineForHealthyPipelineSafeModeRule] INFO  safemode.SCMSafeModeManager (SCMSafeModeManager.java:validateSafeModeExitRules(203)) - HealthyPipelineSafeModeRule rule is successfully validated
2024-11-05 06:16:42,953 [EventQueue-OpenPipelineForHealthyPipelineSafeModeRule] INFO  safemode.SCMSafeModeManager (SCMSafeModeManager.java:validateSafeModeExitRules(218)) - ScmSafeModeManager, all rules are successfully validated
2024-11-05 06:16:42,953 [EventQueue-OpenPipelineForHealthyPipelineSafeModeRule] INFO  safemode.SCMSafeModeManager (SCMSafeModeManager.java:exitSafeMode(248)) - SCM exiting safe mode.
2024-11-05 06:16:42,954 [EventQueue-OpenPipelineForHealthyPipelineSafeModeRule] INFO  ha.SCMContext (SCMContext.java:updateSafeModeStatus(225)) - Update SafeModeStatus from SafeModeStatus{safeModeStatus=true, preCheckPassed=true} to SafeModeStatus{safeModeStatus=false, preCheckPassed=true}.
2024-11-05 06:16:42,954 [Recon-EventQueue-PipelineReportForReconPipelineReportHandler] INFO  scm.ReconPipelineReportHandler (ReconPipelineReportHandler.java:processPipelineReport(104)) - Pipeline RATIS/THREE PipelineID=09e0977e-6386-430c-9c36-83d748725593 reported by 731aafee-c06b-4662-9d20-472061f2d46e(localhost/127.0.0.1)
2024-11-05 06:16:42,954 [EventQueue-OpenPipelineForHealthyPipelineSafeModeRule] INFO  pipeline.BackgroundPipelineCreator (BackgroundPipelineCreator.java:notifyStatusChanged(258)) - Service BackgroundPipelineCreator transitions to RUNNING.
2024-11-05 06:16:42,954 [Recon-EventQueue-PipelineReportForReconPipelineReportHandler] INFO  scm.ReconPipelineReportHandler (ReconPipelineReportHandler.java:processPipelineReport(104)) - Pipeline RATIS/THREE PipelineID=070fb56e-6c7a-4531-8d60-c41ef94b1934 reported by 731aafee-c06b-4662-9d20-472061f2d46e(localhost/127.0.0.1)
2024-11-05 06:16:42,954 [EventQueue-OpenPipelineForHealthyPipelineSafeModeRule] INFO  BackgroundPipelineScrubber (BackgroundSCMService.java:notifyStatusChanged(79)) - Service BackgroundPipelineScrubber transitions to RUNNING.
2024-11-05 06:16:42,954 [EventQueue-OpenPipelineForHealthyPipelineSafeModeRule] INFO  ExpiredContainerReplicaOpScrubber (BackgroundSCMService.java:notifyStatusChanged(79)) - Service ExpiredContainerReplicaOpScrubber transitions to RUNNING.
2024-11-05 06:16:42,954 [EventQueue-OpenPipelineForHealthyPipelineSafeModeRule] INFO  block.SCMBlockDeletingService (SCMBlockDeletingService.java:notifyStatusChanged(248)) - notifyStatusChanged:RUNNING
2024-11-05 06:16:42,954 [EventQueue-OpenPipelineForHealthyPipelineSafeModeRule] INFO  replication.ReplicationManager (ReplicationManager.java:notifyStatusChanged(1406)) - Service ReplicationManager transitions to RUNNING.
2024-11-05 06:16:42,955 [EventQueue-OpenPipelineForHealthyPipelineSafeModeRule] WARN  balancer.ContainerBalancer (ContainerBalancer.java:shouldRun(136)) - Could not find persisted configuration for ContainerBalancer when checking if ContainerBalancer should run. ContainerBalancer should not run now.
2024-11-05 06:16:42,961 [731aafee-c06b-4662-9d20-472061f2d46e@group-C41EF94B1934-SegmentedRaftLogWorker] INFO  segmented.SegmentedRaftLogWorker (SegmentedRaftLogWorker.java:execute(641)) - 731aafee-c06b-4662-9d20-472061f2d46e@group-C41EF94B1934-SegmentedRaftLogWorker: created new log segment /home/runner/work/ozone/ozone/hadoop-ozone/integration-test/target/test-dir/MiniOzoneClusterImpl-58399722-4c39-4f0d-a4d6-8a89216b262d/ozone-meta/datanode-1/ratis/070fb56e-6c7a-4531-8d60-c41ef94b1934/current/log_inprogress_0
2024-11-05 06:16:42,992 [44ff6b06-02d2-44ad-8aa1-4af94363565f-server-thread1] INFO  ratis.XceiverServerRatis (XceiverServerRatis.java:handleLeaderChangedNotification(944)) - Leader change notification received for group: group-C41EF94B1934 with new leaderId: 731aafee-c06b-4662-9d20-472061f2d46e
2024-11-05 06:16:42,993 [44ff6b06-02d2-44ad-8aa1-4af94363565f-server-thread1] INFO  server.RaftServer$Division (ServerState.java:setLeader(272)) - 44ff6b06-02d2-44ad-8aa1-4af94363565f@group-C41EF94B1934: change Leader from null to 731aafee-c06b-4662-9d20-472061f2d46e at term 1 for appendEntries, leader elected after 4916ms
2024-11-05 06:16:43,000 [43b7afd8-9e19-4b34-aad7-81b8e915bbb6-server-thread1] INFO  ratis.XceiverServerRatis (XceiverServerRatis.java:handleLeaderChangedNotification(944)) - Leader change notification received for group: group-C41EF94B1934 with new leaderId: 731aafee-c06b-4662-9d20-472061f2d46e
2024-11-05 06:16:43,000 [43b7afd8-9e19-4b34-aad7-81b8e915bbb6-server-thread1] INFO  server.RaftServer$Division (ServerState.java:setLeader(272)) - 43b7afd8-9e19-4b34-aad7-81b8e915bbb6@group-C41EF94B1934: change Leader from null to 731aafee-c06b-4662-9d20-472061f2d46e at term 1 for appendEntries, leader elected after 4921ms
2024-11-05 06:16:43,003 [44ff6b06-02d2-44ad-8aa1-4af94363565f-server-thread3] INFO  server.RaftServer$Division (ServerState.java:setRaftConf(386)) - 44ff6b06-02d2-44ad-8aa1-4af94363565f@group-C41EF94B1934: set configuration conf: {index: 0, cur=peers:[44ff6b06-02d2-44ad-8aa1-4af94363565f|127.0.0.1:15032, 731aafee-c06b-4662-9d20-472061f2d46e|127.0.0.1:15014, 43b7afd8-9e19-4b34-aad7-81b8e915bbb6|127.0.0.1:15023]|listeners:[], old=null}
2024-11-05 06:16:43,004 [44ff6b06-02d2-44ad-8aa1-4af94363565f-server-thread3] INFO  segmented.SegmentedRaftLogWorker (SegmentedRaftLogWorker.java:startLogSegment(437)) - 44ff6b06-02d2-44ad-8aa1-4af94363565f@group-C41EF94B1934-SegmentedRaftLogWorker: Starting segment from index:0
2024-11-05 06:16:43,005 [44ff6b06-02d2-44ad-8aa1-4af94363565f@group-C41EF94B1934-SegmentedRaftLogWorker] INFO  segmented.BufferedWriteChannel (BufferedWriteChannel.java:open(61)) - open log_inprogress_0 at position 0
2024-11-05 06:16:43,005 [43b7afd8-9e19-4b34-aad7-81b8e915bbb6-server-thread2] INFO  server.RaftServer$Division (ServerState.java:setRaftConf(386)) - 43b7afd8-9e19-4b34-aad7-81b8e915bbb6@group-C41EF94B1934: set configuration conf: {index: 0, cur=peers:[44ff6b06-02d2-44ad-8aa1-4af94363565f|127.0.0.1:15032, 731aafee-c06b-4662-9d20-472061f2d46e|127.0.0.1:15014, 43b7afd8-9e19-4b34-aad7-81b8e915bbb6|127.0.0.1:15023]|listeners:[], old=null}
2024-11-05 06:16:43,005 [43b7afd8-9e19-4b34-aad7-81b8e915bbb6-server-thread2] INFO  segmented.SegmentedRaftLogWorker (SegmentedRaftLogWorker.java:startLogSegment(437)) - 43b7afd8-9e19-4b34-aad7-81b8e915bbb6@group-C41EF94B1934-SegmentedRaftLogWorker: Starting segment from index:0
2024-11-05 06:16:43,006 [43b7afd8-9e19-4b34-aad7-81b8e915bbb6@group-C41EF94B1934-SegmentedRaftLogWorker] INFO  segmented.BufferedWriteChannel (BufferedWriteChannel.java:open(61)) - open log_inprogress_0 at position 0
2024-11-05 06:16:43,018 [44ff6b06-02d2-44ad-8aa1-4af94363565f@group-C41EF94B1934-SegmentedRaftLogWorker] INFO  segmented.SegmentedRaftLogWorker (SegmentedRaftLogWorker.java:execute(641)) - 44ff6b06-02d2-44ad-8aa1-4af94363565f@group-C41EF94B1934-SegmentedRaftLogWorker: created new log segment /home/runner/work/ozone/ozone/hadoop-ozone/integration-test/target/test-dir/MiniOzoneClusterImpl-58399722-4c39-4f0d-a4d6-8a89216b262d/ozone-meta/datanode-3/ratis/070fb56e-6c7a-4531-8d60-c41ef94b1934/current/log_inprogress_0
2024-11-05 06:16:43,022 [43b7afd8-9e19-4b34-aad7-81b8e915bbb6@group-C41EF94B1934-SegmentedRaftLogWorker] INFO  segmented.SegmentedRaftLogWorker (SegmentedRaftLogWorker.java:execute(641)) - 43b7afd8-9e19-4b34-aad7-81b8e915bbb6@group-C41EF94B1934-SegmentedRaftLogWorker: created new log segment /home/runner/work/ozone/ozone/hadoop-ozone/integration-test/target/test-dir/MiniOzoneClusterImpl-58399722-4c39-4f0d-a4d6-8a89216b262d/ozone-meta/datanode-2/ratis/070fb56e-6c7a-4531-8d60-c41ef94b1934/current/log_inprogress_0
2024-11-05 06:16:43,026 [731aafee-c06b-4662-9d20-472061f2d46e@group-C41EF94B1934-StateMachineUpdater] INFO  server.RaftServer$Division (LeaderStateImpl.java:checkStartIndex(316)) - Leader 731aafee-c06b-4662-9d20-472061f2d46e@group-C41EF94B1934-LeaderStateImpl is ready since appliedIndex == startIndex == 0
2024-11-05 06:16:43,185 [43b7afd8-9e19-4b34-aad7-81b8e915bbb6@group-0615DF56F7B4-FollowerState] INFO  impl.FollowerState (FollowerState.java:run(144)) - 43b7afd8-9e19-4b34-aad7-81b8e915bbb6@group-0615DF56F7B4-FollowerState: change to CANDIDATE, lastRpcElapsedTime:5124323327ns, electionTimeout:5121ms
2024-11-05 06:16:43,185 [43b7afd8-9e19-4b34-aad7-81b8e915bbb6@group-0615DF56F7B4-FollowerState] INFO  impl.RoleInfo (RoleInfo.java:shutdownFollowerState(119)) - 43b7afd8-9e19-4b34-aad7-81b8e915bbb6: shutdown 43b7afd8-9e19-4b34-aad7-81b8e915bbb6@group-0615DF56F7B4-FollowerState
2024-11-05 06:16:43,185 [43b7afd8-9e19-4b34-aad7-81b8e915bbb6@group-0615DF56F7B4-FollowerState] INFO  server.RaftServer$Division (RaftServerImpl.java:setRole(377)) - 43b7afd8-9e19-4b34-aad7-81b8e915bbb6@group-0615DF56F7B4: changes role from  FOLLOWER to CANDIDATE at term 0 for changeToCandidate
2024-11-05 06:16:43,185 [43b7afd8-9e19-4b34-aad7-81b8e915bbb6@group-0615DF56F7B4-FollowerState] INFO  server.RaftServerConfigKeys (ConfUtils.java:logGet(46)) - raft.server.leaderelection.pre-vote = true (default)
2024-11-05 06:16:43,185 [43b7afd8-9e19-4b34-aad7-81b8e915bbb6@group-0615DF56F7B4-FollowerState] INFO  impl.RoleInfo (RoleInfo.java:updateAndGet(148)) - 43b7afd8-9e19-4b34-aad7-81b8e915bbb6: start 43b7afd8-9e19-4b34-aad7-81b8e915bbb6@group-0615DF56F7B4-LeaderElection4
2024-11-05 06:16:43,186 [43b7afd8-9e19-4b34-aad7-81b8e915bbb6@group-0615DF56F7B4-LeaderElection4] INFO  impl.LeaderElection (LeaderElection.java:askForVotes(325)) - 43b7afd8-9e19-4b34-aad7-81b8e915bbb6@group-0615DF56F7B4-LeaderElection4 PRE_VOTE round 0: submit vote requests at term 0 for conf: {index: -1, cur=peers:[43b7afd8-9e19-4b34-aad7-81b8e915bbb6|127.0.0.1:15023]|listeners:[], old=null}
2024-11-05 06:16:43,186 [43b7afd8-9e19-4b34-aad7-81b8e915bbb6@group-0615DF56F7B4-LeaderElection4] INFO  impl.LeaderElection (LeaderElection.java:askForVotes(327)) - 43b7afd8-9e19-4b34-aad7-81b8e915bbb6@group-0615DF56F7B4-LeaderElection4 PRE_VOTE round 0: result PASSED (term=0)
2024-11-05 06:16:43,187 [43b7afd8-9e19-4b34-aad7-81b8e915bbb6@group-0615DF56F7B4-LeaderElection4] INFO  impl.LeaderElection (LeaderElection.java:askForVotes(325)) - 43b7afd8-9e19-4b34-aad7-81b8e915bbb6@group-0615DF56F7B4-LeaderElection4 ELECTION round 0: submit vote requests at term 1 for conf: {index: -1, cur=peers:[43b7afd8-9e19-4b34-aad7-81b8e915bbb6|127.0.0.1:15023]|listeners:[], old=null}
2024-11-05 06:16:43,187 [43b7afd8-9e19-4b34-aad7-81b8e915bbb6@group-0615DF56F7B4-LeaderElection4] INFO  impl.LeaderElection (LeaderElection.java:askForVotes(327)) - 43b7afd8-9e19-4b34-aad7-81b8e915bbb6@group-0615DF56F7B4-LeaderElection4 ELECTION round 0: result PASSED (term=1)
2024-11-05 06:16:43,187 [43b7afd8-9e19-4b34-aad7-81b8e915bbb6@group-0615DF56F7B4-LeaderElection4] INFO  impl.RoleInfo (RoleInfo.java:shutdownLeaderElection(139)) - 43b7afd8-9e19-4b34-aad7-81b8e915bbb6: shutdown 43b7afd8-9e19-4b34-aad7-81b8e915bbb6@group-0615DF56F7B4-LeaderElection4
2024-11-05 06:16:43,187 [43b7afd8-9e19-4b34-aad7-81b8e915bbb6@group-0615DF56F7B4-LeaderElection4] INFO  server.RaftServer$Division (RaftServerImpl.java:setRole(377)) - 43b7afd8-9e19-4b34-aad7-81b8e915bbb6@group-0615DF56F7B4: changes role from CANDIDATE to LEADER at term 1 for changeToLeader
2024-11-05 06:16:43,187 [43b7afd8-9e19-4b34-aad7-81b8e915bbb6@group-0615DF56F7B4-LeaderElection4] INFO  server.RaftServerConfigKeys (ConfUtils.java:logGet(46)) - raft.server.staging.catchup.gap = 1000 (default)
2024-11-05 06:16:43,188 [43b7afd8-9e19-4b34-aad7-81b8e915bbb6@group-0615DF56F7B4-LeaderElection4] INFO  server.RaftServerConfigKeys (ConfUtils.java:logGet(46)) - raft.server.write.element-limit = 1024 (custom)
2024-11-05 06:16:43,188 [43b7afd8-9e19-4b34-aad7-81b8e915bbb6@group-0615DF56F7B4-LeaderElection4] INFO  server.RaftServerConfigKeys (ConfUtils.java:logGet(46)) - raft.server.write.byte-limit = 1024 M (=1073741824) (custom)
2024-11-05 06:16:43,188 [43b7afd8-9e19-4b34-aad7-81b8e915bbb6@group-0615DF56F7B4-LeaderElection4] INFO  server.RaftServerConfigKeys (ConfUtils.java:logGet(46)) - raft.server.watch.timeout = 30s (custom)
2024-11-05 06:16:43,188 [43b7afd8-9e19-4b34-aad7-81b8e915bbb6@group-0615DF56F7B4-LeaderElection4] INFO  server.RaftServerConfigKeys (ConfUtils.java:logGet(46)) - raft.server.watch.timeout.denomination = 1s (default)
2024-11-05 06:16:43,188 [43b7afd8-9e19-4b34-aad7-81b8e915bbb6@group-0615DF56F7B4-LeaderElection4] INFO  server.RaftServerConfigKeys (ConfUtils.java:logGet(46)) - raft.server.watch.element-limit = 65536 (default)
2024-11-05 06:16:43,189 [43b7afd8-9e19-4b34-aad7-81b8e915bbb6@group-0615DF56F7B4-LeaderElection4] INFO  server.RaftServerConfigKeys (ConfUtils.java:logGet(46)) - raft.server.read.leader.lease.enabled = false (default)
2024-11-05 06:16:43,189 [43b7afd8-9e19-4b34-aad7-81b8e915bbb6@group-0615DF56F7B4-LeaderElection4] INFO  server.RaftServerConfigKeys (ConfUtils.java:logGet(46)) - raft.server.read.leader.lease.timeout.ratio = 0.9 (default)
2024-11-05 06:16:43,189 [43b7afd8-9e19-4b34-aad7-81b8e915bbb6@group-0615DF56F7B4-LeaderElection4] INFO  server.RaftServerConfigKeys (ConfUtils.java:logGet(46)) - raft.server.rpc.timeout.min = 5s (custom)
2024-11-05 06:16:43,189 [43b7afd8-9e19-4b34-aad7-81b8e915bbb6@group-0615DF56F7B4-LeaderElection4] INFO  server.RaftServerConfigKeys (ConfUtils.java:logGet(46)) - raft.server.log.log-metadata.enabled = true (default)
2024-11-05 06:16:43,189 [43b7afd8-9e19-4b34-aad7-81b8e915bbb6@group-0615DF56F7B4-LeaderElection4] INFO  server.RaftServerConfigKeys (ConfUtils.java:logGet(46)) - raft.server.write.element-limit = 1024 (custom)
2024-11-05 06:16:43,189 [43b7afd8-9e19-4b34-aad7-81b8e915bbb6@group-0615DF56F7B4-LeaderElection4] INFO  server.RaftServerConfigKeys (ConfUtils.java:logGet(46)) - raft.server.write.follower.gap.ratio.max = -1.0 (default)
2024-11-05 06:16:43,189 [43b7afd8-9e19-4b34-aad7-81b8e915bbb6@group-0615DF56F7B4-LeaderElection4] INFO  impl.RoleInfo (RoleInfo.java:updateAndGet(148)) - 43b7afd8-9e19-4b34-aad7-81b8e915bbb6: start 43b7afd8-9e19-4b34-aad7-81b8e915bbb6@group-0615DF56F7B4-LeaderStateImpl
2024-11-05 06:16:43,190 [43b7afd8-9e19-4b34-aad7-81b8e915bbb6@group-0615DF56F7B4-LeaderElection4] INFO  server.RaftServer$Division (RaftServerImpl.java:setFirstElection(558)) - 43b7afd8-9e19-4b34-aad7-81b8e915bbb6@group-0615DF56F7B4: set firstElectionSinceStartup to false for becomeLeader
2024-11-05 06:16:43,190 [43b7afd8-9e19-4b34-aad7-81b8e915bbb6@group-0615DF56F7B4-LeaderElection4] INFO  ratis.XceiverServerRatis (XceiverServerRatis.java:handleLeaderChangedNotification(944)) - Leader change notification received for group: group-0615DF56F7B4 with new leaderId: 43b7afd8-9e19-4b34-aad7-81b8e915bbb6
2024-11-05 06:16:43,190 [43b7afd8-9e19-4b34-aad7-81b8e915bbb6@group-0615DF56F7B4-LeaderElection4] INFO  server.RaftServer$Division (ServerState.java:setLeader(272)) - 43b7afd8-9e19-4b34-aad7-81b8e915bbb6@group-0615DF56F7B4: change Leader from null to 43b7afd8-9e19-4b34-aad7-81b8e915bbb6 at term 1 for becomeLeader, leader elected after 5154ms
2024-11-05 06:16:43,190 [43b7afd8-9e19-4b34-aad7-81b8e915bbb6@group-0615DF56F7B4-LeaderElection4] INFO  segmented.SegmentedRaftLogWorker (SegmentedRaftLogWorker.java:startLogSegment(437)) - 43b7afd8-9e19-4b34-aad7-81b8e915bbb6@group-0615DF56F7B4-SegmentedRaftLogWorker: Starting segment from index:0
2024-11-05 06:16:43,190 [43b7afd8-9e19-4b34-aad7-81b8e915bbb6@group-0615DF56F7B4-LeaderElection4] INFO  server.RaftServer$Division (ServerState.java:setRaftConf(386)) - 43b7afd8-9e19-4b34-aad7-81b8e915bbb6@group-0615DF56F7B4: set configuration conf: {index: 0, cur=peers:[43b7afd8-9e19-4b34-aad7-81b8e915bbb6|127.0.0.1:15023]|listeners:[], old=null}
2024-11-05 06:16:43,190 [43b7afd8-9e19-4b34-aad7-81b8e915bbb6@group-0615DF56F7B4-SegmentedRaftLogWorker] INFO  segmented.BufferedWriteChannel (BufferedWriteChannel.java:open(61)) - open log_inprogress_0 at position 0
2024-11-05 06:16:43,197 [Recon-EventQueue-PipelineReportForReconPipelineReportHandler] INFO  scm.ReconPipelineReportHandler (ReconPipelineReportHandler.java:processPipelineReport(104)) - Pipeline RATIS/THREE PipelineID=09e0977e-6386-430c-9c36-83d748725593 reported by 43b7afd8-9e19-4b34-aad7-81b8e915bbb6(localhost/127.0.0.1)
2024-11-05 06:16:43,200 [43b7afd8-9e19-4b34-aad7-81b8e915bbb6@group-0615DF56F7B4-SegmentedRaftLogWorker] INFO  segmented.SegmentedRaftLogWorker (SegmentedRaftLogWorker.java:execute(641)) - 43b7afd8-9e19-4b34-aad7-81b8e915bbb6@group-0615DF56F7B4-SegmentedRaftLogWorker: created new log segment /home/runner/work/ozone/ozone/hadoop-ozone/integration-test/target/test-dir/MiniOzoneClusterImpl-58399722-4c39-4f0d-a4d6-8a89216b262d/ozone-meta/datanode-2/ratis/e09c32b0-fbbc-45b2-84e2-0615df56f7b4/current/log_inprogress_0
2024-11-05 06:16:43,202 [43b7afd8-9e19-4b34-aad7-81b8e915bbb6@group-0615DF56F7B4-StateMachineUpdater] INFO  server.RaftServer$Division (LeaderStateImpl.java:checkStartIndex(316)) - Leader 43b7afd8-9e19-4b34-aad7-81b8e915bbb6@group-0615DF56F7B4-LeaderStateImpl is ready since appliedIndex == startIndex == 0
2024-11-05 06:16:43,311 [44ff6b06-02d2-44ad-8aa1-4af94363565f@group-83D748725593-FollowerState] INFO  impl.FollowerState (FollowerState.java:run(144)) - 44ff6b06-02d2-44ad-8aa1-4af94363565f@group-83D748725593-FollowerState: change to CANDIDATE, lastRpcElapsedTime:5030548137ns, electionTimeout:5026ms
2024-11-05 06:16:43,311 [44ff6b06-02d2-44ad-8aa1-4af94363565f@group-83D748725593-FollowerState] INFO  impl.RoleInfo (RoleInfo.java:shutdownFollowerState(119)) - 44ff6b06-02d2-44ad-8aa1-4af94363565f: shutdown 44ff6b06-02d2-44ad-8aa1-4af94363565f@group-83D748725593-FollowerState
2024-11-05 06:16:43,311 [44ff6b06-02d2-44ad-8aa1-4af94363565f@group-83D748725593-FollowerState] INFO  server.RaftServer$Division (RaftServerImpl.java:setRole(377)) - 44ff6b06-02d2-44ad-8aa1-4af94363565f@group-83D748725593: changes role from  FOLLOWER to CANDIDATE at term 0 for changeToCandidate
2024-11-05 06:16:43,311 [44ff6b06-02d2-44ad-8aa1-4af94363565f@group-83D748725593-FollowerState] INFO  server.RaftServerConfigKeys (ConfUtils.java:logGet(46)) - raft.server.leaderelection.pre-vote = true (default)
2024-11-05 06:16:43,311 [44ff6b06-02d2-44ad-8aa1-4af94363565f@group-83D748725593-FollowerState] INFO  impl.RoleInfo (RoleInfo.java:updateAndGet(148)) - 44ff6b06-02d2-44ad-8aa1-4af94363565f: start 44ff6b06-02d2-44ad-8aa1-4af94363565f@group-83D748725593-LeaderElection5
2024-11-05 06:16:43,312 [44ff6b06-02d2-44ad-8aa1-4af94363565f@group-83D748725593-LeaderElection5] INFO  impl.LeaderElection (LeaderElection.java:askForVotes(325)) - 44ff6b06-02d2-44ad-8aa1-4af94363565f@group-83D748725593-LeaderElection5 PRE_VOTE round 0: submit vote requests at term 0 for conf: {index: -1, cur=peers:[44ff6b06-02d2-44ad-8aa1-4af94363565f|127.0.0.1:15032, 731aafee-c06b-4662-9d20-472061f2d46e|127.0.0.1:15014, 43b7afd8-9e19-4b34-aad7-81b8e915bbb6|127.0.0.1:15023]|listeners:[], old=null}
2024-11-05 06:16:43,312 [44ff6b06-02d2-44ad-8aa1-4af94363565f@group-83D748725593-LeaderElection5-1] INFO  server.GrpcServerProtocolClient (GrpcServerProtocolClient.java:<init>(65)) - Build channel for 731aafee-c06b-4662-9d20-472061f2d46e|127.0.0.1:15014
2024-11-05 06:16:43,312 [44ff6b06-02d2-44ad-8aa1-4af94363565f@group-83D748725593-LeaderElection5-2] INFO  server.GrpcServerProtocolClient (GrpcServerProtocolClient.java:<init>(65)) - Build channel for 43b7afd8-9e19-4b34-aad7-81b8e915bbb6|127.0.0.1:15023
2024-11-05 06:16:43,312 [44ff6b06-02d2-44ad-8aa1-4af94363565f@group-83D748725593-LeaderElection5] INFO  server.RaftServerConfigKeys (ConfUtils.java:logFallback(53)) - raft.server.rpc.first-election.timeout.min = 5s (fallback to raft.server.rpc.timeout.min)
2024-11-05 06:16:43,313 [44ff6b06-02d2-44ad-8aa1-4af94363565f@group-83D748725593-LeaderElection5] INFO  server.RaftServerConfigKeys (ConfUtils.java:logFallback(53)) - raft.server.rpc.first-election.timeout.max = 5200ms (fallback to raft.server.rpc.timeout.max)
2024-11-05 06:16:43,313 [43b7afd8-9e19-4b34-aad7-81b8e915bbb6@group-83D748725593-FollowerState] INFO  impl.FollowerState (FollowerState.java:run(144)) - 43b7afd8-9e19-4b34-aad7-81b8e915bbb6@group-83D748725593-FollowerState: change to CANDIDATE, lastRpcElapsedTime:5036191956ns, electionTimeout:5033ms
2024-11-05 06:16:43,313 [43b7afd8-9e19-4b34-aad7-81b8e915bbb6@group-83D748725593-FollowerState] INFO  impl.RoleInfo (RoleInfo.java:shutdownFollowerState(119)) - 43b7afd8-9e19-4b34-aad7-81b8e915bbb6: shutdown 43b7afd8-9e19-4b34-aad7-81b8e915bbb6@group-83D748725593-FollowerState
2024-11-05 06:16:43,314 [43b7afd8-9e19-4b34-aad7-81b8e915bbb6@group-83D748725593-FollowerState] INFO  server.RaftServer$Division (RaftServerImpl.java:setRole(377)) - 43b7afd8-9e19-4b34-aad7-81b8e915bbb6@group-83D748725593: changes role from  FOLLOWER to CANDIDATE at term 0 for changeToCandidate
2024-11-05 06:16:43,314 [43b7afd8-9e19-4b34-aad7-81b8e915bbb6@group-83D748725593-FollowerState] INFO  server.RaftServerConfigKeys (ConfUtils.java:logGet(46)) - raft.server.leaderelection.pre-vote = true (default)
2024-11-05 06:16:43,314 [43b7afd8-9e19-4b34-aad7-81b8e915bbb6@group-83D748725593-FollowerState] INFO  impl.RoleInfo (RoleInfo.java:updateAndGet(148)) - 43b7afd8-9e19-4b34-aad7-81b8e915bbb6: start 43b7afd8-9e19-4b34-aad7-81b8e915bbb6@group-83D748725593-LeaderElection6
2024-11-05 06:16:43,315 [43b7afd8-9e19-4b34-aad7-81b8e915bbb6@group-83D748725593-LeaderElection6] INFO  impl.LeaderElection (LeaderElection.java:askForVotes(325)) - 43b7afd8-9e19-4b34-aad7-81b8e915bbb6@group-83D748725593-LeaderElection6 PRE_VOTE round 0: submit vote requests at term 0 for conf: {index: -1, cur=peers:[44ff6b06-02d2-44ad-8aa1-4af94363565f|127.0.0.1:15032, 731aafee-c06b-4662-9d20-472061f2d46e|127.0.0.1:15014, 43b7afd8-9e19-4b34-aad7-81b8e915bbb6|127.0.0.1:15023]|listeners:[], old=null}
2024-11-05 06:16:43,315 [43b7afd8-9e19-4b34-aad7-81b8e915bbb6@group-83D748725593-LeaderElection6-1] INFO  server.GrpcServerProtocolClient (GrpcServerProtocolClient.java:<init>(65)) - Build channel for 44ff6b06-02d2-44ad-8aa1-4af94363565f|127.0.0.1:15032
2024-11-05 06:16:43,316 [43b7afd8-9e19-4b34-aad7-81b8e915bbb6@group-83D748725593-LeaderElection6] INFO  server.RaftServerConfigKeys (ConfUtils.java:logFallback(53)) - raft.server.rpc.first-election.timeout.min = 5s (fallback to raft.server.rpc.timeout.min)
2024-11-05 06:16:43,316 [43b7afd8-9e19-4b34-aad7-81b8e915bbb6@group-83D748725593-LeaderElection6] INFO  server.RaftServerConfigKeys (ConfUtils.java:logFallback(53)) - raft.server.rpc.first-election.timeout.max = 5200ms (fallback to raft.server.rpc.timeout.max)
2024-11-05 06:16:43,316 [43b7afd8-9e19-4b34-aad7-81b8e915bbb6@group-83D748725593-LeaderElection6-2] INFO  server.GrpcServerProtocolClient (GrpcServerProtocolClient.java:<init>(65)) - Build channel for 731aafee-c06b-4662-9d20-472061f2d46e|127.0.0.1:15014
2024-11-05 06:16:43,320 [grpc-default-executor-1] INFO  server.RaftServer$Division (RaftServerImpl.java:requestVote(1394)) - 731aafee-c06b-4662-9d20-472061f2d46e@group-83D748725593: receive requestVote(PRE_VOTE, 44ff6b06-02d2-44ad-8aa1-4af94363565f, group-83D748725593, 0, (t:0, i:0))
2024-11-05 06:16:43,320 [grpc-default-executor-1] INFO  impl.VoteContext (VoteContext.java:log(49)) - 731aafee-c06b-4662-9d20-472061f2d46e@group-83D748725593-FOLLOWER: accept PRE_VOTE from 44ff6b06-02d2-44ad-8aa1-4af94363565f: our priority 0 <= candidate's priority 1
2024-11-05 06:16:43,320 [grpc-default-executor-1] INFO  server.RaftServer$Division (RaftServerImpl.java:requestVote(1427)) - 731aafee-c06b-4662-9d20-472061f2d46e@group-83D748725593 replies to PRE_VOTE vote request: 44ff6b06-02d2-44ad-8aa1-4af94363565f<-731aafee-c06b-4662-9d20-472061f2d46e#0:OK-t0. Peer's state: 731aafee-c06b-4662-9d20-472061f2d46e@group-83D748725593:t0, leader=null, voted=, raftlog=Memoized:731aafee-c06b-4662-9d20-472061f2d46e@group-83D748725593-SegmentedRaftLog:OPENED:c-1:lastnull, conf=conf: {index: -1, cur=peers:[44ff6b06-02d2-44ad-8aa1-4af94363565f|127.0.0.1:15032, 731aafee-c06b-4662-9d20-472061f2d46e|127.0.0.1:15014, 43b7afd8-9e19-4b34-aad7-81b8e915bbb6|127.0.0.1:15023]|listeners:[], old=null}
2024-11-05 06:16:43,321 [grpc-default-executor-3] INFO  server.RaftServer$Division (RaftServerImpl.java:requestVote(1394)) - 731aafee-c06b-4662-9d20-472061f2d46e@group-83D748725593: receive requestVote(PRE_VOTE, 43b7afd8-9e19-4b34-aad7-81b8e915bbb6, group-83D748725593, 0, (t:0, i:0))
2024-11-05 06:16:43,321 [grpc-default-executor-3] INFO  impl.VoteContext (VoteContext.java:log(49)) - 731aafee-c06b-4662-9d20-472061f2d46e@group-83D748725593-FOLLOWER: accept PRE_VOTE from 43b7afd8-9e19-4b34-aad7-81b8e915bbb6: our priority 0 <= candidate's priority 0
2024-11-05 06:16:43,321 [grpc-default-executor-3] INFO  server.RaftServer$Division (RaftServerImpl.java:requestVote(1427)) - 731aafee-c06b-4662-9d20-472061f2d46e@group-83D748725593 replies to PRE_VOTE vote request: 43b7afd8-9e19-4b34-aad7-81b8e915bbb6<-731aafee-c06b-4662-9d20-472061f2d46e#0:OK-t0. Peer's state: 731aafee-c06b-4662-9d20-472061f2d46e@group-83D748725593:t0, leader=null, voted=, raftlog=Memoized:731aafee-c06b-4662-9d20-472061f2d46e@group-83D748725593-SegmentedRaftLog:OPENED:c-1:lastnull, conf=conf: {index: -1, cur=peers:[44ff6b06-02d2-44ad-8aa1-4af94363565f|127.0.0.1:15032, 731aafee-c06b-4662-9d20-472061f2d46e|127.0.0.1:15014, 43b7afd8-9e19-4b34-aad7-81b8e915bbb6|127.0.0.1:15023]|listeners:[], old=null}
2024-11-05 06:16:43,322 [grpc-default-executor-3] INFO  server.RaftServer$Division (RaftServerImpl.java:requestVote(1394)) - 43b7afd8-9e19-4b34-aad7-81b8e915bbb6@group-83D748725593: receive requestVote(PRE_VOTE, 44ff6b06-02d2-44ad-8aa1-4af94363565f, group-83D748725593, 0, (t:0, i:0))
2024-11-05 06:16:43,322 [grpc-default-executor-3] INFO  impl.VoteContext (VoteContext.java:log(49)) - 43b7afd8-9e19-4b34-aad7-81b8e915bbb6@group-83D748725593-CANDIDATE: accept PRE_VOTE from 44ff6b06-02d2-44ad-8aa1-4af94363565f: our priority 0 <= candidate's priority 1
2024-11-05 06:16:43,322 [grpc-default-executor-3] INFO  server.RaftServer$Division (RaftServerImpl.java:requestVote(1427)) - 43b7afd8-9e19-4b34-aad7-81b8e915bbb6@group-83D748725593 replies to PRE_VOTE vote request: 44ff6b06-02d2-44ad-8aa1-4af94363565f<-43b7afd8-9e19-4b34-aad7-81b8e915bbb6#0:OK-t0. Peer's state: 43b7afd8-9e19-4b34-aad7-81b8e915bbb6@group-83D748725593:t0, leader=null, voted=, raftlog=Memoized:43b7afd8-9e19-4b34-aad7-81b8e915bbb6@group-83D748725593-SegmentedRaftLog:OPENED:c-1:lastnull, conf=conf: {index: -1, cur=peers:[44ff6b06-02d2-44ad-8aa1-4af94363565f|127.0.0.1:15032, 731aafee-c06b-4662-9d20-472061f2d46e|127.0.0.1:15014, 43b7afd8-9e19-4b34-aad7-81b8e915bbb6|127.0.0.1:15023]|listeners:[], old=null}
2024-11-05 06:16:43,323 [44ff6b06-02d2-44ad-8aa1-4af94363565f@group-83D748725593-LeaderElection5] INFO  impl.LeaderElection (LeaderElection.java:logAndReturn(89)) - 44ff6b06-02d2-44ad-8aa1-4af94363565f@group-83D748725593-LeaderElection5: PRE_VOTE PASSED received 1 response(s) and 0 exception(s):
2024-11-05 06:16:43,323 [44ff6b06-02d2-44ad-8aa1-4af94363565f@group-83D748725593-LeaderElection5] INFO  impl.LeaderElection (LeaderElection.java:logAndReturn(93)) -   Response 0: 44ff6b06-02d2-44ad-8aa1-4af94363565f<-731aafee-c06b-4662-9d20-472061f2d46e#0:OK-t0
2024-11-05 06:16:43,324 [44ff6b06-02d2-44ad-8aa1-4af94363565f@group-83D748725593-LeaderElection5] INFO  impl.LeaderElection (LeaderElection.java:askForVotes(327)) - 44ff6b06-02d2-44ad-8aa1-4af94363565f@group-83D748725593-LeaderElection5 PRE_VOTE round 0: result PASSED
2024-11-05 06:16:43,325 [44ff6b06-02d2-44ad-8aa1-4af94363565f@group-83D748725593-LeaderElection5] INFO  impl.LeaderElection (LeaderElection.java:askForVotes(325)) - 44ff6b06-02d2-44ad-8aa1-4af94363565f@group-83D748725593-LeaderElection5 ELECTION round 0: submit vote requests at term 1 for conf: {index: -1, cur=peers:[44ff6b06-02d2-44ad-8aa1-4af94363565f|127.0.0.1:15032, 731aafee-c06b-4662-9d20-472061f2d46e|127.0.0.1:15014, 43b7afd8-9e19-4b34-aad7-81b8e915bbb6|127.0.0.1:15023]|listeners:[], old=null}
2024-11-05 06:16:43,328 [grpc-default-executor-3] INFO  server.RaftServer$Division (RaftServerImpl.java:requestVote(1394)) - 44ff6b06-02d2-44ad-8aa1-4af94363565f@group-83D748725593: receive requestVote(PRE_VOTE, 43b7afd8-9e19-4b34-aad7-81b8e915bbb6, group-83D748725593, 0, (t:0, i:0))
2024-11-05 06:16:43,328 [grpc-default-executor-3] INFO  impl.VoteContext (VoteContext.java:log(49)) - 44ff6b06-02d2-44ad-8aa1-4af94363565f@group-83D748725593-CANDIDATE: reject PRE_VOTE from 43b7afd8-9e19-4b34-aad7-81b8e915bbb6: our priority 1 > candidate's priority 0
2024-11-05 06:16:43,329 [grpc-default-executor-3] INFO  server.RaftServer$Division (RaftServerImpl.java:requestVote(1427)) - 44ff6b06-02d2-44ad-8aa1-4af94363565f@group-83D748725593 replies to PRE_VOTE vote request: 43b7afd8-9e19-4b34-aad7-81b8e915bbb6<-44ff6b06-02d2-44ad-8aa1-4af94363565f#0:FAIL-t1. Peer's state: 44ff6b06-02d2-44ad-8aa1-4af94363565f@group-83D748725593:t1, leader=null, voted=44ff6b06-02d2-44ad-8aa1-4af94363565f, raftlog=Memoized:44ff6b06-02d2-44ad-8aa1-4af94363565f@group-83D748725593-SegmentedRaftLog:OPENED:c-1:lastnull, conf=conf: {index: -1, cur=peers:[44ff6b06-02d2-44ad-8aa1-4af94363565f|127.0.0.1:15032, 731aafee-c06b-4662-9d20-472061f2d46e|127.0.0.1:15014, 43b7afd8-9e19-4b34-aad7-81b8e915bbb6|127.0.0.1:15023]|listeners:[], old=null}
2024-11-05 06:16:43,330 [43b7afd8-9e19-4b34-aad7-81b8e915bbb6@group-83D748725593-LeaderElection6] INFO  impl.LeaderElection (LeaderElection.java:logAndReturn(89)) - 43b7afd8-9e19-4b34-aad7-81b8e915bbb6@group-83D748725593-LeaderElection6: PRE_VOTE DISCOVERED_A_NEW_TERM (term=1) received 2 response(s) and 0 exception(s):
2024-11-05 06:16:43,330 [43b7afd8-9e19-4b34-aad7-81b8e915bbb6@group-83D748725593-LeaderElection6] INFO  impl.LeaderElection (LeaderElection.java:logAndReturn(93)) -   Response 0: 43b7afd8-9e19-4b34-aad7-81b8e915bbb6<-44ff6b06-02d2-44ad-8aa1-4af94363565f#0:FAIL-t1
2024-11-05 06:16:43,330 [43b7afd8-9e19-4b34-aad7-81b8e915bbb6@group-83D748725593-LeaderElection6] INFO  impl.LeaderElection (LeaderElection.java:logAndReturn(93)) -   Response 1: 43b7afd8-9e19-4b34-aad7-81b8e915bbb6<-731aafee-c06b-4662-9d20-472061f2d46e#0:OK-t0
2024-11-05 06:16:43,330 [43b7afd8-9e19-4b34-aad7-81b8e915bbb6@group-83D748725593-LeaderElection6] INFO  impl.LeaderElection (LeaderElection.java:askForVotes(327)) - 43b7afd8-9e19-4b34-aad7-81b8e915bbb6@group-83D748725593-LeaderElection6 PRE_VOTE round 0: result DISCOVERED_A_NEW_TERM (term=1)
2024-11-05 06:16:43,330 [43b7afd8-9e19-4b34-aad7-81b8e915bbb6@group-83D748725593-LeaderElection6] INFO  server.RaftServer$Division (RaftServerImpl.java:setRole(377)) - 43b7afd8-9e19-4b34-aad7-81b8e915bbb6@group-83D748725593: changes role from CANDIDATE to FOLLOWER at term 0 for DISCOVERED_A_NEW_TERM (term=1)
2024-11-05 06:16:43,330 [43b7afd8-9e19-4b34-aad7-81b8e915bbb6@group-83D748725593-LeaderElection6] INFO  impl.RoleInfo (RoleInfo.java:shutdownLeaderElection(139)) - 43b7afd8-9e19-4b34-aad7-81b8e915bbb6: shutdown 43b7afd8-9e19-4b34-aad7-81b8e915bbb6@group-83D748725593-LeaderElection6
2024-11-05 06:16:43,330 [43b7afd8-9e19-4b34-aad7-81b8e915bbb6@group-83D748725593-LeaderElection6] INFO  impl.RoleInfo (RoleInfo.java:updateAndGet(148)) - 43b7afd8-9e19-4b34-aad7-81b8e915bbb6: start 43b7afd8-9e19-4b34-aad7-81b8e915bbb6@group-83D748725593-FollowerState
2024-11-05 06:16:43,333 [grpc-default-executor-3] INFO  server.RaftServer$Division (RaftServerImpl.java:requestVote(1394)) - 731aafee-c06b-4662-9d20-472061f2d46e@group-83D748725593: receive requestVote(ELECTION, 44ff6b06-02d2-44ad-8aa1-4af94363565f, group-83D748725593, 1, (t:0, i:0))
2024-11-05 06:16:43,333 [grpc-default-executor-3] INFO  impl.VoteContext (VoteContext.java:log(49)) - 731aafee-c06b-4662-9d20-472061f2d46e@group-83D748725593-FOLLOWER: accept ELECTION from 44ff6b06-02d2-44ad-8aa1-4af94363565f: our priority 0 <= candidate's priority 1
2024-11-05 06:16:43,333 [grpc-default-executor-3] INFO  server.RaftServer$Division (RaftServerImpl.java:setRole(377)) - 731aafee-c06b-4662-9d20-472061f2d46e@group-83D748725593: changes role from  FOLLOWER to FOLLOWER at term 0 for candidate:44ff6b06-02d2-44ad-8aa1-4af94363565f
2024-11-05 06:16:43,333 [grpc-default-executor-3] INFO  impl.RoleInfo (RoleInfo.java:shutdownFollowerState(119)) - 731aafee-c06b-4662-9d20-472061f2d46e: shutdown 731aafee-c06b-4662-9d20-472061f2d46e@group-83D748725593-FollowerState
2024-11-05 06:16:43,334 [grpc-default-executor-3] INFO  impl.RoleInfo (RoleInfo.java:updateAndGet(148)) - 731aafee-c06b-4662-9d20-472061f2d46e: start 731aafee-c06b-4662-9d20-472061f2d46e@group-83D748725593-FollowerState
2024-11-05 06:16:43,334 [731aafee-c06b-4662-9d20-472061f2d46e@group-83D748725593-FollowerState] INFO  impl.FollowerState (FollowerState.java:run(153)) - 731aafee-c06b-4662-9d20-472061f2d46e@group-83D748725593-FollowerState was interrupted
2024-11-05 06:16:43,336 [44ff6b06-02d2-44ad-8aa1-4af94363565f@group-83D748725593-LeaderElection5] INFO  server.RaftServerConfigKeys (ConfUtils.java:logFallback(53)) - raft.server.rpc.first-election.timeout.min = 5s (fallback to raft.server.rpc.timeout.min)
2024-11-05 06:16:43,336 [44ff6b06-02d2-44ad-8aa1-4af94363565f@group-83D748725593-LeaderElection5] INFO  server.RaftServerConfigKeys (ConfUtils.java:logFallback(53)) - raft.server.rpc.first-election.timeout.max = 5200ms (fallback to raft.server.rpc.timeout.max)
2024-11-05 06:16:43,337 [grpc-default-executor-2] INFO  server.RaftServer$Division (RaftServerImpl.java:requestVote(1394)) - 43b7afd8-9e19-4b34-aad7-81b8e915bbb6@group-83D748725593: receive requestVote(ELECTION, 44ff6b06-02d2-44ad-8aa1-4af94363565f, group-83D748725593, 1, (t:0, i:0))
2024-11-05 06:16:43,345 [43b7afd8-9e19-4b34-aad7-81b8e915bbb6@group-83D748725593-LeaderElection6] INFO  server.RaftServer$Division (RaftServerImpl.java:setFirstElection(558)) - 43b7afd8-9e19-4b34-aad7-81b8e915bbb6@group-83D748725593: set firstElectionSinceStartup to false for DISCOVERED_A_NEW_TERM (term=1)
2024-11-05 06:16:43,346 [grpc-default-executor-3] INFO  server.RaftServer$Division (RaftServerImpl.java:setFirstElection(558)) - 731aafee-c06b-4662-9d20-472061f2d46e@group-83D748725593: set firstElectionSinceStartup to false for candidate:44ff6b06-02d2-44ad-8aa1-4af94363565f
2024-11-05 06:16:43,347 [grpc-default-executor-3] INFO  server.RaftServer$Division (RaftServerImpl.java:requestVote(1427)) - 731aafee-c06b-4662-9d20-472061f2d46e@group-83D748725593 replies to ELECTION vote request: 44ff6b06-02d2-44ad-8aa1-4af94363565f<-731aafee-c06b-4662-9d20-472061f2d46e#0:OK-t1. Peer's state: 731aafee-c06b-4662-9d20-472061f2d46e@group-83D748725593:t1, leader=null, voted=44ff6b06-02d2-44ad-8aa1-4af94363565f, raftlog=Memoized:731aafee-c06b-4662-9d20-472061f2d46e@group-83D748725593-SegmentedRaftLog:OPENED:c-1:lastnull, conf=conf: {index: -1, cur=peers:[44ff6b06-02d2-44ad-8aa1-4af94363565f|127.0.0.1:15032, 731aafee-c06b-4662-9d20-472061f2d46e|127.0.0.1:15014, 43b7afd8-9e19-4b34-aad7-81b8e915bbb6|127.0.0.1:15023]|listeners:[], old=null}
2024-11-05 06:16:43,347 [grpc-default-executor-2] INFO  impl.VoteContext (VoteContext.java:log(49)) - 43b7afd8-9e19-4b34-aad7-81b8e915bbb6@group-83D748725593-FOLLOWER: accept ELECTION from 44ff6b06-02d2-44ad-8aa1-4af94363565f: our priority 0 <= candidate's priority 1
2024-11-05 06:16:43,347 [grpc-default-executor-2] INFO  server.RaftServer$Division (RaftServerImpl.java:setRole(377)) - 43b7afd8-9e19-4b34-aad7-81b8e915bbb6@group-83D748725593: changes role from  FOLLOWER to FOLLOWER at term 1 for candidate:44ff6b06-02d2-44ad-8aa1-4af94363565f
2024-11-05 06:16:43,347 [grpc-default-executor-2] INFO  impl.RoleInfo (RoleInfo.java:shutdownFollowerState(119)) - 43b7afd8-9e19-4b34-aad7-81b8e915bbb6: shutdown 43b7afd8-9e19-4b34-aad7-81b8e915bbb6@group-83D748725593-FollowerState
2024-11-05 06:16:43,347 [grpc-default-executor-2] INFO  impl.RoleInfo (RoleInfo.java:updateAndGet(148)) - 43b7afd8-9e19-4b34-aad7-81b8e915bbb6: start 43b7afd8-9e19-4b34-aad7-81b8e915bbb6@group-83D748725593-FollowerState
2024-11-05 06:16:43,347 [43b7afd8-9e19-4b34-aad7-81b8e915bbb6@group-83D748725593-FollowerState] INFO  impl.FollowerState (FollowerState.java:run(153)) - 43b7afd8-9e19-4b34-aad7-81b8e915bbb6@group-83D748725593-FollowerState was interrupted
2024-11-05 06:16:43,349 [44ff6b06-02d2-44ad-8aa1-4af94363565f@group-83D748725593-LeaderElection5] INFO  impl.LeaderElection (LeaderElection.java:logAndReturn(89)) - 44ff6b06-02d2-44ad-8aa1-4af94363565f@group-83D748725593-LeaderElection5: ELECTION PASSED received 1 response(s) and 0 exception(s):
2024-11-05 06:16:43,349 [44ff6b06-02d2-44ad-8aa1-4af94363565f@group-83D748725593-LeaderElection5] INFO  impl.LeaderElection (LeaderElection.java:logAndReturn(93)) -   Response 0: 44ff6b06-02d2-44ad-8aa1-4af94363565f<-731aafee-c06b-4662-9d20-472061f2d46e#0:OK-t1
2024-11-05 06:16:43,349 [44ff6b06-02d2-44ad-8aa1-4af94363565f@group-83D748725593-LeaderElection5] INFO  impl.LeaderElection (LeaderElection.java:askForVotes(327)) - 44ff6b06-02d2-44ad-8aa1-4af94363565f@group-83D748725593-LeaderElection5 ELECTION round 0: result PASSED
2024-11-05 06:16:43,349 [44ff6b06-02d2-44ad-8aa1-4af94363565f@group-83D748725593-LeaderElection5] INFO  impl.RoleInfo (RoleInfo.java:shutdownLeaderElection(139)) - 44ff6b06-02d2-44ad-8aa1-4af94363565f: shutdown 44ff6b06-02d2-44ad-8aa1-4af94363565f@group-83D748725593-LeaderElection5
2024-11-05 06:16:43,349 [44ff6b06-02d2-44ad-8aa1-4af94363565f@group-83D748725593-LeaderElection5] INFO  server.RaftServer$Division (RaftServerImpl.java:setRole(377)) - 44ff6b06-02d2-44ad-8aa1-4af94363565f@group-83D748725593: changes role from CANDIDATE to LEADER at term 1 for changeToLeader
2024-11-05 06:16:43,349 [grpc-default-executor-2] INFO  server.RaftServer$Division (RaftServerImpl.java:requestVote(1427)) - 43b7afd8-9e19-4b34-aad7-81b8e915bbb6@group-83D748725593 replies to ELECTION vote request: 44ff6b06-02d2-44ad-8aa1-4af94363565f<-43b7afd8-9e19-4b34-aad7-81b8e915bbb6#0:OK-t1. Peer's state: 43b7afd8-9e19-4b34-aad7-81b8e915bbb6@group-83D748725593:t1, leader=null, voted=44ff6b06-02d2-44ad-8aa1-4af94363565f, raftlog=Memoized:43b7afd8-9e19-4b34-aad7-81b8e915bbb6@group-83D748725593-SegmentedRaftLog:OPENED:c-1:lastnull, conf=conf: {index: -1, cur=peers:[44ff6b06-02d2-44ad-8aa1-4af94363565f|127.0.0.1:15032, 731aafee-c06b-4662-9d20-472061f2d46e|127.0.0.1:15014, 43b7afd8-9e19-4b34-aad7-81b8e915bbb6|127.0.0.1:15023]|listeners:[], old=null}
2024-11-05 06:16:43,349 [44ff6b06-02d2-44ad-8aa1-4af94363565f@group-83D748725593-LeaderElection5] INFO  server.RaftServerConfigKeys (ConfUtils.java:logGet(46)) - raft.server.staging.catchup.gap = 1000 (default)
2024-11-05 06:16:43,350 [44ff6b06-02d2-44ad-8aa1-4af94363565f@group-83D748725593-LeaderElection5] INFO  server.RaftServerConfigKeys (ConfUtils.java:logGet(46)) - raft.server.write.element-limit = 1024 (custom)
2024-11-05 06:16:43,350 [44ff6b06-02d2-44ad-8aa1-4af94363565f@group-83D748725593-LeaderElection5] INFO  server.RaftServerConfigKeys (ConfUtils.java:logGet(46)) - raft.server.write.byte-limit = 1024 M (=1073741824) (custom)
2024-11-05 06:16:43,350 [44ff6b06-02d2-44ad-8aa1-4af94363565f@group-83D748725593-LeaderElection5] INFO  server.RaftServerConfigKeys (ConfUtils.java:logGet(46)) - raft.server.watch.timeout = 30s (custom)
2024-11-05 06:16:43,350 [44ff6b06-02d2-44ad-8aa1-4af94363565f@group-83D748725593-LeaderElection5] INFO  server.RaftServerConfigKeys (ConfUtils.java:logGet(46)) - raft.server.watch.timeout.denomination = 1s (default)
2024-11-05 06:16:43,350 [44ff6b06-02d2-44ad-8aa1-4af94363565f@group-83D748725593-LeaderElection5] INFO  server.RaftServerConfigKeys (ConfUtils.java:logGet(46)) - raft.server.watch.element-limit = 65536 (default)
2024-11-05 06:16:43,351 [44ff6b06-02d2-44ad-8aa1-4af94363565f@group-83D748725593-LeaderElection5] INFO  server.RaftServerConfigKeys (ConfUtils.java:logGet(46)) - raft.server.read.leader.lease.enabled = false (default)
2024-11-05 06:16:43,351 [44ff6b06-02d2-44ad-8aa1-4af94363565f@group-83D748725593-LeaderElection5] INFO  server.RaftServerConfigKeys (ConfUtils.java:logGet(46)) - raft.server.read.leader.lease.timeout.ratio = 0.9 (default)
2024-11-05 06:16:43,351 [44ff6b06-02d2-44ad-8aa1-4af94363565f@group-83D748725593-LeaderElection5] INFO  server.RaftServerConfigKeys (ConfUtils.java:logGet(46)) - raft.server.rpc.timeout.min = 5s (custom)
2024-11-05 06:16:43,351 [44ff6b06-02d2-44ad-8aa1-4af94363565f@group-83D748725593-LeaderElection5] INFO  server.RaftServerConfigKeys (ConfUtils.java:logGet(46)) - raft.server.log.log-metadata.enabled = true (default)
2024-11-05 06:16:43,351 [44ff6b06-02d2-44ad-8aa1-4af94363565f@group-83D748725593-LeaderElection5] INFO  server.RaftServerConfigKeys (ConfUtils.java:logGet(46)) - raft.server.write.element-limit = 1024 (custom)
2024-11-05 06:16:43,351 [44ff6b06-02d2-44ad-8aa1-4af94363565f@group-83D748725593-LeaderElection5] INFO  server.RaftServerConfigKeys (ConfUtils.java:logGet(46)) - raft.server.write.follower.gap.ratio.max = -1.0 (default)
2024-11-05 06:16:43,352 [44ff6b06-02d2-44ad-8aa1-4af94363565f@group-83D748725593-LeaderElection5] INFO  server.RaftServerConfigKeys (ConfUtils.java:logGet(46)) - raft.server.log.appender.snapshot.chunk.size.max = 16MB (=16777216) (default)
2024-11-05 06:16:43,352 [44ff6b06-02d2-44ad-8aa1-4af94363565f@group-83D748725593-LeaderElection5] INFO  server.RaftServerConfigKeys (ConfUtils.java:logGet(46)) - raft.server.log.appender.buffer.byte-limit = 33554432 (custom)
2024-11-05 06:16:43,352 [44ff6b06-02d2-44ad-8aa1-4af94363565f@group-83D748725593-LeaderElection5] INFO  server.RaftServerConfigKeys (ConfUtils.java:logGet(46)) - raft.server.log.appender.buffer.element-limit = 1024 (custom)
2024-11-05 06:16:43,352 [44ff6b06-02d2-44ad-8aa1-4af94363565f@group-83D748725593-LeaderElection5] INFO  server.RaftServerConfigKeys (ConfUtils.java:logGet(46)) - raft.server.log.appender.wait-time.min = 0μs (custom)
2024-11-05 06:16:43,352 [44ff6b06-02d2-44ad-8aa1-4af94363565f@group-83D748725593-LeaderElection5] INFO  grpc.GrpcConfigKeys (ConfUtils.java:logGet(46)) - raft.grpc.server.leader.outstanding.appends.max = 8 (default)
2024-11-05 06:16:43,352 [44ff6b06-02d2-44ad-8aa1-4af94363565f@group-83D748725593-LeaderElection5] INFO  server.RaftServerConfigKeys (ConfUtils.java:logGet(46)) - raft.server.rpc.request.timeout = 60s (custom)
2024-11-05 06:16:43,352 [44ff6b06-02d2-44ad-8aa1-4af94363565f@group-83D748725593-LeaderElection5] INFO  grpc.GrpcConfigKeys (ConfUtils.java:logGet(46)) - raft.grpc.server.install_snapshot.request.element-limit = 8 (default)
2024-11-05 06:16:43,352 [44ff6b06-02d2-44ad-8aa1-4af94363565f@group-83D748725593-LeaderElection5] INFO  grpc.GrpcConfigKeys (ConfUtils.java:logGet(46)) - raft.grpc.server.install_snapshot.request.timeout = 3000ms (default)
2024-11-05 06:16:43,353 [44ff6b06-02d2-44ad-8aa1-4af94363565f@group-83D748725593-LeaderElection5] INFO  grpc.GrpcConfigKeys (ConfUtils.java:logGet(46)) - raft.grpc.server.log-message.batch.duration = 5s (default)
2024-11-05 06:16:43,353 [44ff6b06-02d2-44ad-8aa1-4af94363565f@group-83D748725593-LeaderElection5] INFO  server.RaftServerConfigKeys (ConfUtils.java:logGet(46)) - raft.server.log.appender.install.snapshot.enabled = false (custom)
2024-11-05 06:16:43,353 [44ff6b06-02d2-44ad-8aa1-4af94363565f@group-83D748725593-LeaderElection5] INFO  grpc.GrpcConfigKeys (ConfUtils.java:logGet(46)) - raft.grpc.server.heartbeat.channel = true (default)
2024-11-05 06:16:43,354 [44ff6b06-02d2-44ad-8aa1-4af94363565f@group-83D748725593-LeaderElection5] INFO  server.RaftServerConfigKeys (ConfUtils.java:logGet(46)) - raft.server.log.appender.snapshot.chunk.size.max = 16MB (=16777216) (default)
2024-11-05 06:16:43,354 [44ff6b06-02d2-44ad-8aa1-4af94363565f@group-83D748725593-LeaderElection5] INFO  server.RaftServerConfigKeys (ConfUtils.java:logGet(46)) - raft.server.log.appender.buffer.byte-limit = 33554432 (custom)
2024-11-05 06:16:43,354 [44ff6b06-02d2-44ad-8aa1-4af94363565f@group-83D748725593-LeaderElection5] INFO  server.RaftServerConfigKeys (ConfUtils.java:logGet(46)) - raft.server.log.appender.buffer.element-limit = 1024 (custom)
2024-11-05 06:16:43,354 [44ff6b06-02d2-44ad-8aa1-4af94363565f@group-83D748725593-LeaderElection5] INFO  server.RaftServerConfigKeys (ConfUtils.java:logGet(46)) - raft.server.log.appender.wait-time.min = 0μs (custom)
2024-11-05 06:16:43,354 [44ff6b06-02d2-44ad-8aa1-4af94363565f@group-83D748725593-LeaderElection5] INFO  grpc.GrpcConfigKeys (ConfUtils.java:logGet(46)) - raft.grpc.server.leader.outstanding.appends.max = 8 (default)
2024-11-05 06:16:43,354 [44ff6b06-02d2-44ad-8aa1-4af94363565f@group-83D748725593-LeaderElection5] INFO  server.RaftServerConfigKeys (ConfUtils.java:logGet(46)) - raft.server.rpc.request.timeout = 60s (custom)
2024-11-05 06:16:43,354 [44ff6b06-02d2-44ad-8aa1-4af94363565f@group-83D748725593-LeaderElection5] INFO  grpc.GrpcConfigKeys (ConfUtils.java:logGet(46)) - raft.grpc.server.install_snapshot.request.element-limit = 8 (default)
2024-11-05 06:16:43,355 [44ff6b06-02d2-44ad-8aa1-4af94363565f@group-83D748725593-LeaderElection5] INFO  grpc.GrpcConfigKeys (ConfUtils.java:logGet(46)) - raft.grpc.server.install_snapshot.request.timeout = 3000ms (default)
2024-11-05 06:16:43,355 [44ff6b06-02d2-44ad-8aa1-4af94363565f@group-83D748725593-LeaderElection5] INFO  grpc.GrpcConfigKeys (ConfUtils.java:logGet(46)) - raft.grpc.server.log-message.batch.duration = 5s (default)
2024-11-05 06:16:43,355 [44ff6b06-02d2-44ad-8aa1-4af94363565f@group-83D748725593-LeaderElection5] INFO  server.RaftServerConfigKeys (ConfUtils.java:logGet(46)) - raft.server.log.appender.install.snapshot.enabled = false (custom)
2024-11-05 06:16:43,355 [44ff6b06-02d2-44ad-8aa1-4af94363565f@group-83D748725593-LeaderElection5] INFO  grpc.GrpcConfigKeys (ConfUtils.java:logGet(46)) - raft.grpc.server.heartbeat.channel = true (default)
2024-11-05 06:16:43,355 [44ff6b06-02d2-44ad-8aa1-4af94363565f@group-83D748725593-LeaderElection5] INFO  impl.RoleInfo (RoleInfo.java:updateAndGet(148)) - 44ff6b06-02d2-44ad-8aa1-4af94363565f: start 44ff6b06-02d2-44ad-8aa1-4af94363565f@group-83D748725593-LeaderStateImpl
2024-11-05 06:16:43,355 [44ff6b06-02d2-44ad-8aa1-4af94363565f@group-83D748725593-LeaderElection5] INFO  server.RaftServer$Division (RaftServerImpl.java:setFirstElection(558)) - 44ff6b06-02d2-44ad-8aa1-4af94363565f@group-83D748725593: set firstElectionSinceStartup to false for becomeLeader
2024-11-05 06:16:43,355 [44ff6b06-02d2-44ad-8aa1-4af94363565f@group-83D748725593-LeaderElection5] INFO  ratis.XceiverServerRatis (XceiverServerRatis.java:handleLeaderChangedNotification(944)) - Leader change notification received for group: group-83D748725593 with new leaderId: 44ff6b06-02d2-44ad-8aa1-4af94363565f
2024-11-05 06:16:43,355 [44ff6b06-02d2-44ad-8aa1-4af94363565f@group-83D748725593-LeaderElection5] INFO  server.RaftServer$Division (ServerState.java:setLeader(272)) - 44ff6b06-02d2-44ad-8aa1-4af94363565f@group-83D748725593: change Leader from null to 44ff6b06-02d2-44ad-8aa1-4af94363565f at term 1 for becomeLeader, leader elected after 5112ms
2024-11-05 06:16:43,355 [44ff6b06-02d2-44ad-8aa1-4af94363565f@group-83D748725593-LeaderElection5] INFO  segmented.SegmentedRaftLogWorker (SegmentedRaftLogWorker.java:startLogSegment(437)) - 44ff6b06-02d2-44ad-8aa1-4af94363565f@group-83D748725593-SegmentedRaftLogWorker: Starting segment from index:0
2024-11-05 06:16:43,356 [44ff6b06-02d2-44ad-8aa1-4af94363565f@group-83D748725593-SegmentedRaftLogWorker] INFO  segmented.BufferedWriteChannel (BufferedWriteChannel.java:open(61)) - open log_inprogress_0 at position 0
2024-11-05 06:16:43,356 [44ff6b06-02d2-44ad-8aa1-4af94363565f@group-83D748725593-LeaderElection5] INFO  server.RaftServer$Division (ServerState.java:setRaftConf(386)) - 44ff6b06-02d2-44ad-8aa1-4af94363565f@group-83D748725593: set configuration conf: {index: 0, cur=peers:[44ff6b06-02d2-44ad-8aa1-4af94363565f|127.0.0.1:15032, 731aafee-c06b-4662-9d20-472061f2d46e|127.0.0.1:15014, 43b7afd8-9e19-4b34-aad7-81b8e915bbb6|127.0.0.1:15023]|listeners:[], old=null}
2024-11-05 06:16:43,357 [EventQueue-PipelineReportForPipelineReportHandler] INFO  pipeline.PipelineReportHandler (PipelineReportHandler.java:processPipelineReport(136)) - Opened pipeline PipelineID=09e0977e-6386-430c-9c36-83d748725593
2024-11-05 06:16:43,358 [Recon-EventQueue-PipelineReportForReconPipelineReportHandler] INFO  scm.ReconPipelineReportHandler (ReconPipelineReportHandler.java:processPipelineReport(104)) - Pipeline RATIS/THREE PipelineID=09e0977e-6386-430c-9c36-83d748725593 reported by 44ff6b06-02d2-44ad-8aa1-4af94363565f(localhost/127.0.0.1)
2024-11-05 06:16:43,366 [731aafee-c06b-4662-9d20-472061f2d46e-server-thread1] INFO  ratis.XceiverServerRatis (XceiverServerRatis.java:handleLeaderChangedNotification(944)) - Leader change notification received for group: group-83D748725593 with new leaderId: 44ff6b06-02d2-44ad-8aa1-4af94363565f
2024-11-05 06:16:43,366 [731aafee-c06b-4662-9d20-472061f2d46e-server-thread1] INFO  server.RaftServer$Division (ServerState.java:setLeader(272)) - 731aafee-c06b-4662-9d20-472061f2d46e@group-83D748725593: change Leader from null to 44ff6b06-02d2-44ad-8aa1-4af94363565f at term 1 for appendEntries, leader elected after 5180ms
2024-11-05 06:16:43,367 [44ff6b06-02d2-44ad-8aa1-4af94363565f@group-83D748725593-SegmentedRaftLogWorker] INFO  segmented.SegmentedRaftLogWorker (SegmentedRaftLogWorker.java:execute(641)) - 44ff6b06-02d2-44ad-8aa1-4af94363565f@group-83D748725593-SegmentedRaftLogWorker: created new log segment /home/runner/work/ozone/ozone/hadoop-ozone/integration-test/target/test-dir/MiniOzoneClusterImpl-58399722-4c39-4f0d-a4d6-8a89216b262d/ozone-meta/datanode-3/ratis/09e0977e-6386-430c-9c36-83d748725593/current/log_inprogress_0
2024-11-05 06:16:43,372 [731aafee-c06b-4662-9d20-472061f2d46e-server-thread3] INFO  server.RaftServer$Division (ServerState.java:setRaftConf(386)) - 731aafee-c06b-4662-9d20-472061f2d46e@group-83D748725593: set configuration conf: {index: 0, cur=peers:[44ff6b06-02d2-44ad-8aa1-4af94363565f|127.0.0.1:15032, 731aafee-c06b-4662-9d20-472061f2d46e|127.0.0.1:15014, 43b7afd8-9e19-4b34-aad7-81b8e915bbb6|127.0.0.1:15023]|listeners:[], old=null}
2024-11-05 06:16:43,372 [731aafee-c06b-4662-9d20-472061f2d46e-server-thread3] INFO  segmented.SegmentedRaftLogWorker (SegmentedRaftLogWorker.java:startLogSegment(437)) - 731aafee-c06b-4662-9d20-472061f2d46e@group-83D748725593-SegmentedRaftLogWorker: Starting segment from index:0
2024-11-05 06:16:43,373 [731aafee-c06b-4662-9d20-472061f2d46e@group-83D748725593-SegmentedRaftLogWorker] INFO  segmented.BufferedWriteChannel (BufferedWriteChannel.java:open(61)) - open log_inprogress_0 at position 0
2024-11-05 06:16:43,384 [43b7afd8-9e19-4b34-aad7-81b8e915bbb6-server-thread1] INFO  ratis.XceiverServerRatis (XceiverServerRatis.java:handleLeaderChangedNotification(944)) - Leader change notification received for group: group-83D748725593 with new leaderId: 44ff6b06-02d2-44ad-8aa1-4af94363565f
2024-11-05 06:16:43,384 [43b7afd8-9e19-4b34-aad7-81b8e915bbb6-server-thread1] INFO  server.RaftServer$Division (ServerState.java:setLeader(272)) - 43b7afd8-9e19-4b34-aad7-81b8e915bbb6@group-83D748725593: change Leader from null to 44ff6b06-02d2-44ad-8aa1-4af94363565f at term 1 for appendEntries, leader elected after 5163ms
2024-11-05 06:16:43,384 [731aafee-c06b-4662-9d20-472061f2d46e@group-83D748725593-SegmentedRaftLogWorker] INFO  segmented.SegmentedRaftLogWorker (SegmentedRaftLogWorker.java:execute(641)) - 731aafee-c06b-4662-9d20-472061f2d46e@group-83D748725593-SegmentedRaftLogWorker: created new log segment /home/runner/work/ozone/ozone/hadoop-ozone/integration-test/target/test-dir/MiniOzoneClusterImpl-58399722-4c39-4f0d-a4d6-8a89216b262d/ozone-meta/datanode-1/ratis/09e0977e-6386-430c-9c36-83d748725593/current/log_inprogress_0
2024-11-05 06:16:43,386 [43b7afd8-9e19-4b34-aad7-81b8e915bbb6-server-thread2] INFO  server.RaftServer$Division (ServerState.java:setRaftConf(386)) - 43b7afd8-9e19-4b34-aad7-81b8e915bbb6@group-83D748725593: set configuration conf: {index: 0, cur=peers:[44ff6b06-02d2-44ad-8aa1-4af94363565f|127.0.0.1:15032, 731aafee-c06b-4662-9d20-472061f2d46e|127.0.0.1:15014, 43b7afd8-9e19-4b34-aad7-81b8e915bbb6|127.0.0.1:15023]|listeners:[], old=null}
2024-11-05 06:16:43,386 [43b7afd8-9e19-4b34-aad7-81b8e915bbb6-server-thread2] INFO  segmented.SegmentedRaftLogWorker (SegmentedRaftLogWorker.java:startLogSegment(437)) - 43b7afd8-9e19-4b34-aad7-81b8e915bbb6@group-83D748725593-SegmentedRaftLogWorker: Starting segment from index:0
2024-11-05 06:16:43,386 [43b7afd8-9e19-4b34-aad7-81b8e915bbb6@group-83D748725593-SegmentedRaftLogWorker] INFO  segmented.BufferedWriteChannel (BufferedWriteChannel.java:open(61)) - open log_inprogress_0 at position 0
2024-11-05 06:16:43,397 [44ff6b06-02d2-44ad-8aa1-4af94363565f@group-83D748725593-StateMachineUpdater] INFO  server.RaftServer$Division (LeaderStateImpl.java:checkStartIndex(316)) - Leader 44ff6b06-02d2-44ad-8aa1-4af94363565f@group-83D748725593-LeaderStateImpl is ready since appliedIndex == startIndex == 0
2024-11-05 06:16:43,397 [43b7afd8-9e19-4b34-aad7-81b8e915bbb6@group-83D748725593-SegmentedRaftLogWorker] INFO  segmented.SegmentedRaftLogWorker (SegmentedRaftLogWorker.java:execute(641)) - 43b7afd8-9e19-4b34-aad7-81b8e915bbb6@group-83D748725593-SegmentedRaftLogWorker: created new log segment /home/runner/work/ozone/ozone/hadoop-ozone/integration-test/target/test-dir/MiniOzoneClusterImpl-58399722-4c39-4f0d-a4d6-8a89216b262d/ozone-meta/datanode-2/ratis/09e0977e-6386-430c-9c36-83d748725593/current/log_inprogress_0
2024-11-05 06:16:43,467 [44ff6b06-02d2-44ad-8aa1-4af94363565f@group-D91AC16046A8-FollowerState] INFO  impl.FollowerState (FollowerState.java:run(144)) - 44ff6b06-02d2-44ad-8aa1-4af94363565f@group-D91AC16046A8-FollowerState: change to CANDIDATE, lastRpcElapsedTime:5058965279ns, electionTimeout:5055ms
2024-11-05 06:16:43,467 [44ff6b06-02d2-44ad-8aa1-4af94363565f@group-D91AC16046A8-FollowerState] INFO  impl.RoleInfo (RoleInfo.java:shutdownFollowerState(119)) - 44ff6b06-02d2-44ad-8aa1-4af94363565f: shutdown 44ff6b06-02d2-44ad-8aa1-4af94363565f@group-D91AC16046A8-FollowerState
2024-11-05 06:16:43,467 [44ff6b06-02d2-44ad-8aa1-4af94363565f@group-D91AC16046A8-FollowerState] INFO  server.RaftServer$Division (RaftServerImpl.java:setRole(377)) - 44ff6b06-02d2-44ad-8aa1-4af94363565f@group-D91AC16046A8: changes role from  FOLLOWER to CANDIDATE at term 0 for changeToCandidate
2024-11-05 06:16:43,467 [44ff6b06-02d2-44ad-8aa1-4af94363565f@group-D91AC16046A8-FollowerState] INFO  server.RaftServerConfigKeys (ConfUtils.java:logGet(46)) - raft.server.leaderelection.pre-vote = true (default)
2024-11-05 06:16:43,467 [44ff6b06-02d2-44ad-8aa1-4af94363565f@group-D91AC16046A8-FollowerState] INFO  impl.RoleInfo (RoleInfo.java:updateAndGet(148)) - 44ff6b06-02d2-44ad-8aa1-4af94363565f: start 44ff6b06-02d2-44ad-8aa1-4af94363565f@group-D91AC16046A8-LeaderElection7
2024-11-05 06:16:43,468 [44ff6b06-02d2-44ad-8aa1-4af94363565f@group-D91AC16046A8-LeaderElection7] INFO  impl.LeaderElection (LeaderElection.java:askForVotes(325)) - 44ff6b06-02d2-44ad-8aa1-4af94363565f@group-D91AC16046A8-LeaderElection7 PRE_VOTE round 0: submit vote requests at term 0 for conf: {index: -1, cur=peers:[44ff6b06-02d2-44ad-8aa1-4af94363565f|127.0.0.1:15032]|listeners:[], old=null}
2024-11-05 06:16:43,468 [44ff6b06-02d2-44ad-8aa1-4af94363565f@group-D91AC16046A8-LeaderElection7] INFO  impl.LeaderElection (LeaderElection.java:askForVotes(327)) - 44ff6b06-02d2-44ad-8aa1-4af94363565f@group-D91AC16046A8-LeaderElection7 PRE_VOTE round 0: result PASSED (term=0)
2024-11-05 06:16:43,469 [44ff6b06-02d2-44ad-8aa1-4af94363565f@group-D91AC16046A8-LeaderElection7] INFO  impl.LeaderElection (LeaderElection.java:askForVotes(325)) - 44ff6b06-02d2-44ad-8aa1-4af94363565f@group-D91AC16046A8-LeaderElection7 ELECTION round 0: submit vote requests at term 1 for conf: {index: -1, cur=peers:[44ff6b06-02d2-44ad-8aa1-4af94363565f|127.0.0.1:15032]|listeners:[], old=null}
2024-11-05 06:16:43,469 [44ff6b06-02d2-44ad-8aa1-4af94363565f@group-D91AC16046A8-LeaderElection7] INFO  impl.LeaderElection (LeaderElection.java:askForVotes(327)) - 44ff6b06-02d2-44ad-8aa1-4af94363565f@group-D91AC16046A8-LeaderElection7 ELECTION round 0: result PASSED (term=1)
2024-11-05 06:16:43,470 [44ff6b06-02d2-44ad-8aa1-4af94363565f@group-D91AC16046A8-LeaderElection7] INFO  impl.RoleInfo (RoleInfo.java:shutdownLeaderElection(139)) - 44ff6b06-02d2-44ad-8aa1-4af94363565f: shutdown 44ff6b06-02d2-44ad-8aa1-4af94363565f@group-D91AC16046A8-LeaderElection7
2024-11-05 06:16:43,470 [44ff6b06-02d2-44ad-8aa1-4af94363565f@group-D91AC16046A8-LeaderElection7] INFO  server.RaftServer$Division (RaftServerImpl.java:setRole(377)) - 44ff6b06-02d2-44ad-8aa1-4af94363565f@group-D91AC16046A8: changes role from CANDIDATE to LEADER at term 1 for changeToLeader
2024-11-05 06:16:43,470 [44ff6b06-02d2-44ad-8aa1-4af94363565f@group-D91AC16046A8-LeaderElection7] INFO  server.RaftServerConfigKeys (ConfUtils.java:logGet(46)) - raft.server.staging.catchup.gap = 1000 (default)
2024-11-05 06:16:43,471 [44ff6b06-02d2-44ad-8aa1-4af94363565f@group-D91AC16046A8-LeaderElection7] INFO  server.RaftServerConfigKeys (ConfUtils.java:logGet(46)) - raft.server.write.element-limit = 1024 (custom)
2024-11-05 06:16:43,471 [44ff6b06-02d2-44ad-8aa1-4af94363565f@group-D91AC16046A8-LeaderElection7] INFO  server.RaftServerConfigKeys (ConfUtils.java:logGet(46)) - raft.server.write.byte-limit = 1024 M (=1073741824) (custom)
2024-11-05 06:16:43,471 [44ff6b06-02d2-44ad-8aa1-4af94363565f@group-D91AC16046A8-LeaderElection7] INFO  server.RaftServerConfigKeys (ConfUtils.java:logGet(46)) - raft.server.watch.timeout = 30s (custom)
2024-11-05 06:16:43,471 [44ff6b06-02d2-44ad-8aa1-4af94363565f@group-D91AC16046A8-LeaderElection7] INFO  server.RaftServerConfigKeys (ConfUtils.java:logGet(46)) - raft.server.watch.timeout.denomination = 1s (default)
2024-11-05 06:16:43,472 [44ff6b06-02d2-44ad-8aa1-4af94363565f@group-D91AC16046A8-LeaderElection7] INFO  server.RaftServerConfigKeys (ConfUtils.java:logGet(46)) - raft.server.watch.element-limit = 65536 (default)
2024-11-05 06:16:43,472 [44ff6b06-02d2-44ad-8aa1-4af94363565f@group-D91AC16046A8-LeaderElection7] INFO  server.RaftServerConfigKeys (ConfUtils.java:logGet(46)) - raft.server.read.leader.lease.enabled = false (default)
2024-11-05 06:16:43,472 [44ff6b06-02d2-44ad-8aa1-4af94363565f@group-D91AC16046A8-LeaderElection7] INFO  server.RaftServerConfigKeys (ConfUtils.java:logGet(46)) - raft.server.read.leader.lease.timeout.ratio = 0.9 (default)
2024-11-05 06:16:43,472 [44ff6b06-02d2-44ad-8aa1-4af94363565f@group-D91AC16046A8-LeaderElection7] INFO  server.RaftServerConfigKeys (ConfUtils.java:logGet(46)) - raft.server.rpc.timeout.min = 5s (custom)
2024-11-05 06:16:43,472 [44ff6b06-02d2-44ad-8aa1-4af94363565f@group-D91AC16046A8-LeaderElection7] INFO  server.RaftServerConfigKeys (ConfUtils.java:logGet(46)) - raft.server.log.log-metadata.enabled = true (default)
2024-11-05 06:16:43,473 [44ff6b06-02d2-44ad-8aa1-4af94363565f@group-D91AC16046A8-LeaderElection7] INFO  server.RaftServerConfigKeys (ConfUtils.java:logGet(46)) - raft.server.write.element-limit = 1024 (custom)
2024-11-05 06:16:43,473 [44ff6b06-02d2-44ad-8aa1-4af94363565f@group-D91AC16046A8-LeaderElection7] INFO  server.RaftServerConfigKeys (ConfUtils.java:logGet(46)) - raft.server.write.follower.gap.ratio.max = -1.0 (default)
2024-11-05 06:16:43,473 [44ff6b06-02d2-44ad-8aa1-4af94363565f@group-D91AC16046A8-LeaderElection7] INFO  impl.RoleInfo (RoleInfo.java:updateAndGet(148)) - 44ff6b06-02d2-44ad-8aa1-4af94363565f: start 44ff6b06-02d2-44ad-8aa1-4af94363565f@group-D91AC16046A8-LeaderStateImpl
2024-11-05 06:16:43,473 [44ff6b06-02d2-44ad-8aa1-4af94363565f@group-D91AC16046A8-LeaderElection7] INFO  server.RaftServer$Division (RaftServerImpl.java:setFirstElection(558)) - 44ff6b06-02d2-44ad-8aa1-4af94363565f@group-D91AC16046A8: set firstElectionSinceStartup to false for becomeLeader
2024-11-05 06:16:43,473 [44ff6b06-02d2-44ad-8aa1-4af94363565f@group-D91AC16046A8-LeaderElection7] INFO  ratis.XceiverServerRatis (XceiverServerRatis.java:handleLeaderChangedNotification(944)) - Leader change notification received for group: group-D91AC16046A8 with new leaderId: 44ff6b06-02d2-44ad-8aa1-4af94363565f
2024-11-05 06:16:43,473 [44ff6b06-02d2-44ad-8aa1-4af94363565f@group-D91AC16046A8-LeaderElection7] INFO  server.RaftServer$Division (ServerState.java:setLeader(272)) - 44ff6b06-02d2-44ad-8aa1-4af94363565f@group-D91AC16046A8: change Leader from null to 44ff6b06-02d2-44ad-8aa1-4af94363565f at term 1 for becomeLeader, leader elected after 5100ms
2024-11-05 06:16:43,473 [44ff6b06-02d2-44ad-8aa1-4af94363565f@group-D91AC16046A8-LeaderElection7] INFO  segmented.SegmentedRaftLogWorker (SegmentedRaftLogWorker.java:startLogSegment(437)) - 44ff6b06-02d2-44ad-8aa1-4af94363565f@group-D91AC16046A8-SegmentedRaftLogWorker: Starting segment from index:0
2024-11-05 06:16:43,474 [44ff6b06-02d2-44ad-8aa1-4af94363565f@group-D91AC16046A8-LeaderElection7] INFO  server.RaftServer$Division (ServerState.java:setRaftConf(386)) - 44ff6b06-02d2-44ad-8aa1-4af94363565f@group-D91AC16046A8: set configuration conf: {index: 0, cur=peers:[44ff6b06-02d2-44ad-8aa1-4af94363565f|127.0.0.1:15032]|listeners:[], old=null}
2024-11-05 06:16:43,474 [44ff6b06-02d2-44ad-8aa1-4af94363565f@group-D91AC16046A8-SegmentedRaftLogWorker] INFO  segmented.BufferedWriteChannel (BufferedWriteChannel.java:open(61)) - open log_inprogress_0 at position 0
2024-11-05 06:16:43,484 [44ff6b06-02d2-44ad-8aa1-4af94363565f@group-D91AC16046A8-SegmentedRaftLogWorker] INFO  segmented.SegmentedRaftLogWorker (SegmentedRaftLogWorker.java:execute(641)) - 44ff6b06-02d2-44ad-8aa1-4af94363565f@group-D91AC16046A8-SegmentedRaftLogWorker: created new log segment /home/runner/work/ozone/ozone/hadoop-ozone/integration-test/target/test-dir/MiniOzoneClusterImpl-58399722-4c39-4f0d-a4d6-8a89216b262d/ozone-meta/datanode-3/ratis/e610ab2e-92e0-44ea-a564-d91ac16046a8/current/log_inprogress_0
2024-11-05 06:16:43,486 [44ff6b06-02d2-44ad-8aa1-4af94363565f@group-D91AC16046A8-StateMachineUpdater] INFO  server.RaftServer$Division (LeaderStateImpl.java:checkStartIndex(316)) - Leader 44ff6b06-02d2-44ad-8aa1-4af94363565f@group-D91AC16046A8-LeaderStateImpl is ready since appliedIndex == startIndex == 0
2024-11-05 06:16:43,684 [main] INFO  ozone.MiniOzoneClusterImpl (MiniOzoneClusterImpl.java:lambda$waitForClusterToBeReady$0(219)) - Nodes are ready. Got 4 of 4 DN Heartbeats.
2024-11-05 06:16:43,685 [main] INFO  ozone.MiniOzoneClusterImpl (MiniOzoneClusterImpl.java:lambda$waitForClusterToBeReady$0(222)) - Cluster exits safe mode
2024-11-05 06:16:43,685 [main] INFO  ozone.MiniOzoneClusterImpl (MiniOzoneClusterImpl.java:lambda$waitForClusterToBeReady$0(224)) - SCM became leader
2024-11-05 06:16:43,695 [main] INFO  ozoneimpl.OzoneContainer (OzoneContainer.java:stop(497)) - Attempting to stop container services.
2024-11-05 06:16:43,696 [ContainerMetadataScanner] WARN  ozoneimpl.AbstractBackgroundContainerScanner (AbstractBackgroundContainerScanner.java:handleRemainingSleep(134)) - Background container scan was interrupted.
2024-11-05 06:16:43,696 [ContainerMetadataScanner] INFO  ozoneimpl.AbstractBackgroundContainerScanner (AbstractBackgroundContainerScanner.java:run(61)) - Thread[ContainerMetadataScanner,5,main] exiting.
2024-11-05 06:16:43,696 [main] INFO  ozoneimpl.BackgroundContainerDataScanner (BackgroundContainerDataScanner.java:shutdown(141)) - ContainerDataScanner(/home/runner/work/ozone/ozone/hadoop-ozone/integration-test/target/test-dir/MiniOzoneClusterImpl-58399722-4c39-4f0d-a4d6-8a89216b262d/ozone-meta/datanode-4/data-0/hdds) is shutting down. 
2024-11-05 06:16:43,696 [ContainerDataScanner(/home/runner/work/ozone/ozone/hadoop-ozone/integration-test/target/test-dir/MiniOzoneClusterImpl-58399722-4c39-4f0d-a4d6-8a89216b262d/ozone-meta/datanode-4/data-0/hdds)] WARN  ozoneimpl.AbstractBackgroundContainerScanner (AbstractBackgroundContainerScanner.java:handleRemainingSleep(134)) - Background container scan was interrupted.
2024-11-05 06:16:43,696 [ContainerDataScanner(/home/runner/work/ozone/ozone/hadoop-ozone/integration-test/target/test-dir/MiniOzoneClusterImpl-58399722-4c39-4f0d-a4d6-8a89216b262d/ozone-meta/datanode-4/data-0/hdds)] INFO  ozoneimpl.AbstractBackgroundContainerScanner (AbstractBackgroundContainerScanner.java:run(61)) - ContainerDataScanner(/home/runner/work/ozone/ozone/hadoop-ozone/integration-test/target/test-dir/MiniOzoneClusterImpl-58399722-4c39-4f0d-a4d6-8a89216b262d/ozone-meta/datanode-4/data-0/hdds, DS-e16fac0c-3264-41f4-a0fe-802cc26accf7) exiting.
2024-11-05 06:16:43,696 [main] INFO  ozoneimpl.OnDemandContainerDataScanner (OnDemandContainerDataScanner.java:shutdownScanner(206)) - On-demand container scanner is shutting down.
2024-11-05 06:16:43,699 [main] INFO  ratis.XceiverServerRatis (XceiverServerRatis.java:stop(596)) - Closing XceiverServerRatis(a9c169ad-2417-45be-a484-83a45557bcfc)
2024-11-05 06:16:43,699 [main] INFO  server.RaftServer (RaftServerProxy.java:lambda$close$9(417)) - a9c169ad-2417-45be-a484-83a45557bcfc: close
2024-11-05 06:16:43,700 [main] INFO  server.GrpcService (GrpcService.java:closeImpl(343)) - a9c169ad-2417-45be-a484-83a45557bcfc: shutdown server GrpcServerProtocolService now
2024-11-05 06:16:43,700 [a9c169ad-2417-45be-a484-83a45557bcfc-impl-thread1] INFO  server.RaftServer$Division (RaftServerImpl.java:lambda$close$1(509)) - a9c169ad-2417-45be-a484-83a45557bcfc@group-1E0DE463CCEE: shutdown
2024-11-05 06:16:43,700 [a9c169ad-2417-45be-a484-83a45557bcfc-impl-thread1] INFO  util.JmxRegister (JmxRegister.java:unregister(74)) - Successfully un-registered JMX Bean with object name Ratis:service=RaftServer,group=group-1E0DE463CCEE,id=a9c169ad-2417-45be-a484-83a45557bcfc
2024-11-05 06:16:43,700 [a9c169ad-2417-45be-a484-83a45557bcfc-impl-thread1] INFO  impl.RoleInfo (RoleInfo.java:shutdownFollowerState(119)) - a9c169ad-2417-45be-a484-83a45557bcfc: shutdown a9c169ad-2417-45be-a484-83a45557bcfc@group-1E0DE463CCEE-FollowerState
2024-11-05 06:16:43,700 [a9c169ad-2417-45be-a484-83a45557bcfc-impl-thread1] INFO  impl.StateMachineUpdater (StateMachineUpdater.java:stopAndJoin(164)) - a9c169ad-2417-45be-a484-83a45557bcfc@group-1E0DE463CCEE-StateMachineUpdater: set stopIndex = -1
2024-11-05 06:16:43,700 [a9c169ad-2417-45be-a484-83a45557bcfc@group-1E0DE463CCEE-FollowerState] INFO  impl.FollowerState (FollowerState.java:run(153)) - a9c169ad-2417-45be-a484-83a45557bcfc@group-1E0DE463CCEE-FollowerState was interrupted
2024-11-05 06:16:43,700 [a9c169ad-2417-45be-a484-83a45557bcfc@group-1E0DE463CCEE-StateMachineUpdater] INFO  impl.StateMachineUpdater (StateMachineUpdater.java:stop(141)) - a9c169ad-2417-45be-a484-83a45557bcfc@group-1E0DE463CCEE-StateMachineUpdater: closing ContainerStateMachine, lastApplied=(t:0, i:~)
2024-11-05 06:16:43,701 [a9c169ad-2417-45be-a484-83a45557bcfc@group-1E0DE463CCEE-cacheEviction-AwaitToRun] INFO  util.AwaitToRun (AwaitToRun.java:run(49)) - a9c169ad-2417-45be-a484-83a45557bcfc@group-1E0DE463CCEE-cacheEviction-AwaitToRun-AwaitForSignal is interrupted
2024-11-05 06:16:43,706 [main] INFO  server.GrpcService (GrpcService.java:closeImpl(352)) - a9c169ad-2417-45be-a484-83a45557bcfc: shutdown server GrpcServerProtocolService successfully
2024-11-05 06:16:43,707 [a9c169ad-2417-45be-a484-83a45557bcfc-NettyServerStreamRpc-bossGroup--thread1] INFO  logging.LoggingHandler (AbstractInternalLogger.java:log(148)) - [id: 0xc8e527a5, L:/0.0.0.0:15044] CLOSE
2024-11-05 06:16:43,707 [a9c169ad-2417-45be-a484-83a45557bcfc-NettyServerStreamRpc-bossGroup--thread1] INFO  logging.LoggingHandler (AbstractInternalLogger.java:log(148)) - [id: 0xc8e527a5, L:/0.0.0.0:15044] INACTIVE
2024-11-05 06:16:43,707 [a9c169ad-2417-45be-a484-83a45557bcfc-NettyServerStreamRpc-bossGroup--thread1] INFO  logging.LoggingHandler (AbstractInternalLogger.java:log(148)) - [id: 0xc8e527a5, L:/0.0.0.0:15044] UNREGISTERED
2024-11-05 06:16:43,713 [a9c169ad-2417-45be-a484-83a45557bcfc-impl-thread1] INFO  segmented.SegmentedRaftLogWorker (SegmentedRaftLogWorker.java:close(251)) - a9c169ad-2417-45be-a484-83a45557bcfc@group-1E0DE463CCEE-SegmentedRaftLogWorker close()
2024-11-05 06:16:43,719 [a9c169ad-2417-45be-a484-83a45557bcfc-impl-thread1] INFO  ratis.ContainerStateMachine (ContainerStateMachine.java:notifyServerShutdown(953)) - group-1E0DE463CCEE is closed by HddsDatanodeService
2024-11-05 06:16:43,729 [JvmPauseMonitor6] INFO  util.JvmPauseMonitor (JvmPauseMonitor.java:run(152)) - JvmPauseMonitor-a9c169ad-2417-45be-a484-83a45557bcfc: Stopped
2024-11-05 06:16:45,737 [main] INFO  utils.DatanodeStoreCache (DatanodeStoreCache.java:shutdownCache(116)) - Skip clearing cache in mini cluster mode. Entries left: [/home/runner/work/ozone/ozone/hadoop-ozone/integration-test/target/test-dir/MiniOzoneClusterImpl-58399722-4c39-4f0d-a4d6-8a89216b262d/ozone-meta/datanode-1/data-0/hdds/58399722-4c39-4f0d-a4d6-8a89216b262d/DS-b7594af3-b520-4986-a536-6327141a9228/container.db, /home/runner/work/ozone/ozone/hadoop-ozone/integration-test/target/test-dir/MiniOzoneClusterImpl-58399722-4c39-4f0d-a4d6-8a89216b262d/ozone-meta/datanode-2/data-0/hdds/58399722-4c39-4f0d-a4d6-8a89216b262d/DS-4a07d8cf-5b99-451b-b8ba-de022e39d5bb/container.db, /home/runner/work/ozone/ozone/hadoop-ozone/integration-test/target/test-dir/MiniOzoneClusterImpl-58399722-4c39-4f0d-a4d6-8a89216b262d/ozone-meta/datanode-3/data-0/hdds/58399722-4c39-4f0d-a4d6-8a89216b262d/DS-58268263-3ed2-494a-817e-72a64ed9c1c1/container.db, /home/runner/work/ozone/ozone/hadoop-ozone/integration-test/target/test-dir/MiniOzoneClusterImpl-58399722-4c39-4f0d-a4d6-8a89216b262d/ozone-meta/datanode-4/data-0/hdds/58399722-4c39-4f0d-a4d6-8a89216b262d/DS-e16fac0c-3264-41f4-a0fe-802cc26accf7/container.db]
2024-11-05 06:16:45,740 [main] INFO  utils.DatanodeStoreCache (DatanodeStoreCache.java:removeDB(110)) - Removed db /home/runner/work/ozone/ozone/hadoop-ozone/integration-test/target/test-dir/MiniOzoneClusterImpl-58399722-4c39-4f0d-a4d6-8a89216b262d/ozone-meta/datanode-4/data-0/hdds/58399722-4c39-4f0d-a4d6-8a89216b262d/DS-e16fac0c-3264-41f4-a0fe-802cc26accf7/container.db from cache
2024-11-05 06:16:45,740 [main] INFO  volume.HddsVolume (HddsVolume.java:closeDbStore(462)) - SchemaV3 db is stopped at /home/runner/work/ozone/ozone/hadoop-ozone/integration-test/target/test-dir/MiniOzoneClusterImpl-58399722-4c39-4f0d-a4d6-8a89216b262d/ozone-meta/datanode-4/data-0/hdds/58399722-4c39-4f0d-a4d6-8a89216b262d/DS-e16fac0c-3264-41f4-a0fe-802cc26accf7/container.db for volume DS-e16fac0c-3264-41f4-a0fe-802cc26accf7
2024-11-05 06:16:45,740 [main] INFO  utils.BackgroundService (BackgroundService.java:shutdown(163)) - Shutting down service BlockDeletingService
2024-11-05 06:16:45,740 [main] INFO  utils.BackgroundService (BackgroundService.java:shutdown(163)) - Shutting down service StaleRecoveringContainerScrubbingService
2024-11-05 06:16:45,741 [main] INFO  statemachine.DatanodeStateMachine (DatanodeStateMachine.java:stopDaemon(626)) - Ozone container server stopped.
2024-11-05 06:16:45,755 [main] INFO  handler.ContextHandler (ContextHandler.java:doStop(1159)) - Stopped o.e.j.w.WebAppContext@227833cd{hddsDatanode,/,null,STOPPED}{jar:file:/home/runner/work/ozone/ozone/hadoop-hdds/container-service/target/hdds-container-service-2.0.0-SNAPSHOT.jar!/webapps/hddsDatanode}
2024-11-05 06:16:45,757 [main] INFO  server.AbstractConnector (AbstractConnector.java:doStop(383)) - Stopped ServerConnector@20ec9d51{HTTP/1.1, (http/1.1)}{0.0.0.0:15038}
2024-11-05 06:16:45,758 [main] INFO  server.session (HouseKeeper.java:stopScavenging(149)) - node0 Stopped scavenging
2024-11-05 06:16:45,758 [main] INFO  handler.ContextHandler (ContextHandler.java:doStop(1159)) - Stopped o.e.j.s.ServletContextHandler@4397f201{static,/static,jar:file:/home/runner/work/ozone/ozone/hadoop-hdds/container-service/target/hdds-container-service-2.0.0-SNAPSHOT.jar!/webapps/static,STOPPED}
2024-11-05 06:16:45,758 [main] INFO  handler.ContextHandler (ContextHandler.java:doStop(1159)) - Stopped o.e.j.s.ServletContextHandler@6e316c1d{logs,/logs,file:///home/runner/work/ozone/ozone/hadoop-ozone/integration-test/target/log,STOPPED}
2024-11-05 06:16:45,760 [main] INFO  ozone.HddsDatanodeClientProtocolServer (HddsDatanodeClientProtocolServer.java:stop(85)) - Stopping the RPC server for Client Protocol
2024-11-05 06:16:45,760 [main] INFO  ipc.Server (Server.java:stop(3523)) - Stopping server on 15039
2024-11-05 06:16:45,761 [IPC Server Responder] INFO  ipc.Server (Server.java:run(1567)) - Stopping IPC Server Responder
2024-11-05 06:16:45,762 [IPC Server listener on 15039] INFO  ipc.Server (Server.java:run(1434)) - Stopping IPC Server listener on 15039
2024-11-05 06:16:49,759 [EventQueue-StaleNodeForStaleNodeHandler] INFO  node.StaleNodeHandler (StaleNodeHandler.java:onMessage(57)) - Datanode a9c169ad-2417-45be-a484-83a45557bcfc(localhost/127.0.0.1) moved to stale state. Finalizing its pipelines [PipelineID=b4a3c996-3faf-47d1-887c-1e0de463ccee]
2024-11-05 06:16:49,761 [EventQueue-StaleNodeForStaleNodeHandler] INFO  pipeline.PipelineManagerImpl (PipelineManagerImpl.java:closePipeline(518)) - Pipeline PipelineID=b4a3c996-3faf-47d1-887c-1e0de463ccee moved to CLOSED state
2024-11-05 06:16:49,765 [Recon-EventQueue-StaleNodeForReconStaleNodeHandler] INFO  node.StaleNodeHandler (StaleNodeHandler.java:onMessage(57)) - Datanode a9c169ad-2417-45be-a484-83a45557bcfc(localhost/127.0.0.1) moved to stale state. Finalizing its pipelines [PipelineID=b4a3c996-3faf-47d1-887c-1e0de463ccee]
2024-11-05 06:16:49,765 [Recon-EventQueue-StaleNodeForReconStaleNodeHandler] INFO  pipeline.PipelineManagerImpl (PipelineManagerImpl.java:closePipeline(518)) - Pipeline PipelineID=b4a3c996-3faf-47d1-887c-1e0de463ccee moved to CLOSED state
2024-11-05 06:16:49,769 [Recon-EventQueue-StaleNodeForReconStaleNodeHandler] INFO  scm.ReconPipelineManager (ReconPipelineManager.java:initializePipelines(105)) - Recon has 6 pipelines in house.
2024-11-05 06:16:49,769 [Recon-EventQueue-StaleNodeForReconStaleNodeHandler] WARN  scm.ReconPipelineManager (ReconPipelineManager.java:initializePipelines(111)) - Pipeline PipelineID=e610ab2e-92e0-44ea-a564-d91ac16046a8 already exists in Recon pipeline metadata.
2024-11-05 06:16:49,770 [Recon-EventQueue-StaleNodeForReconStaleNodeHandler] WARN  scm.ReconPipelineManager (ReconPipelineManager.java:initializePipelines(111)) - Pipeline PipelineID=09e0977e-6386-430c-9c36-83d748725593 already exists in Recon pipeline metadata.
2024-11-05 06:16:49,770 [Recon-EventQueue-StaleNodeForReconStaleNodeHandler] WARN  scm.ReconPipelineManager (ReconPipelineManager.java:initializePipelines(111)) - Pipeline PipelineID=e09c32b0-fbbc-45b2-84e2-0615df56f7b4 already exists in Recon pipeline metadata.
2024-11-05 06:16:49,771 [Recon-EventQueue-StaleNodeForReconStaleNodeHandler] WARN  scm.ReconPipelineManager (ReconPipelineManager.java:initializePipelines(111)) - Pipeline PipelineID=b4a3c996-3faf-47d1-887c-1e0de463ccee already exists in Recon pipeline metadata.
2024-11-05 06:16:49,771 [Recon-EventQueue-StaleNodeForReconStaleNodeHandler] WARN  scm.ReconPipelineManager (ReconPipelineManager.java:initializePipelines(111)) - Pipeline PipelineID=070fb56e-6c7a-4531-8d60-c41ef94b1934 already exists in Recon pipeline metadata.
2024-11-05 06:16:49,772 [Recon-EventQueue-StaleNodeForReconStaleNodeHandler] WARN  scm.ReconPipelineManager (ReconPipelineManager.java:initializePipelines(111)) - Pipeline PipelineID=446e92fa-72b8-40e6-84dc-ada0f752c078 already exists in Recon pipeline metadata.
2024-11-05 06:16:55,777 [EventQueue-DeadNodeForDeadNodeHandler] INFO  node.DeadNodeHandler (DeadNodeHandler.java:onMessage(95)) - A dead datanode is detected. a9c169ad-2417-45be-a484-83a45557bcfc(localhost/127.0.0.1)
2024-11-05 06:16:55,777 [Recon-EventQueue-DeadNodeForReconDeadNodeHandler] INFO  node.DeadNodeHandler (DeadNodeHandler.java:onMessage(95)) - A dead datanode is detected. a9c169ad-2417-45be-a484-83a45557bcfc(localhost/127.0.0.1)
2024-11-05 06:16:55,779 [EventQueue-DeadNodeForDeadNodeHandler] INFO  pipeline.RatisPipelineProvider (RatisPipelineProvider.java:lambda$close$4(270)) - Send pipeline:PipelineID=b4a3c996-3faf-47d1-887c-1e0de463ccee close command to datanode a9c169ad-2417-45be-a484-83a45557bcfc
2024-11-05 06:16:55,780 [Recon-EventQueue-DeadNodeForReconDeadNodeHandler] INFO  pipeline.PipelineManagerImpl (PipelineManagerImpl.java:removePipeline(459)) - Pipeline Pipeline[ Id: b4a3c996-3faf-47d1-887c-1e0de463ccee, Nodes: a9c169ad-2417-45be-a484-83a45557bcfc(localhost/127.0.0.1) ReplicaIndex: 0, ReplicationConfig: RATIS/ONE, State:CLOSED, leaderId:a9c169ad-2417-45be-a484-83a45557bcfc, CreationTimestamp2024-11-05T06:16:35.679Z[Etc/UTC]] removed.
2024-11-05 06:16:55,781 [Recon-EventQueue-DeadNodeForReconDeadNodeHandler] INFO  node.DeadNodeHandler (DeadNodeHandler.java:onMessage(108)) - Clearing command queue of size 0 for DN a9c169ad-2417-45be-a484-83a45557bcfc(localhost/127.0.0.1)
2024-11-05 06:16:55,781 [Recon-EventQueue-DeadNodeForReconDeadNodeHandler] INFO  net.NetworkTopologyImpl (NetworkTopologyImpl.java:remove(212)) - Removed a node: /default-rack/a9c169ad-2417-45be-a484-83a45557bcfc
2024-11-05 06:16:55,780 [EventQueue-DeadNodeForDeadNodeHandler] INFO  pipeline.PipelineManagerImpl (PipelineManagerImpl.java:removePipeline(459)) - Pipeline Pipeline[ Id: b4a3c996-3faf-47d1-887c-1e0de463ccee, Nodes: a9c169ad-2417-45be-a484-83a45557bcfc(localhost/127.0.0.1) ReplicaIndex: 0, ReplicationConfig: RATIS/ONE, State:CLOSED, leaderId:a9c169ad-2417-45be-a484-83a45557bcfc, CreationTimestamp2024-11-05T06:16:35.679Z[Etc/UTC]] removed.
2024-11-05 06:16:55,782 [EventQueue-DeadNodeForDeadNodeHandler] INFO  node.DeadNodeHandler (DeadNodeHandler.java:onMessage(108)) - Clearing command queue of size 1 for DN a9c169ad-2417-45be-a484-83a45557bcfc(localhost/127.0.0.1)
2024-11-05 06:16:55,782 [EventQueue-DeadNodeForDeadNodeHandler] INFO  net.NetworkTopologyImpl (NetworkTopologyImpl.java:remove(212)) - Removed a node: /default-rack/a9c169ad-2417-45be-a484-83a45557bcfc
2024-11-05 06:16:55,792 [Recon-EventQueue-DeadNodeForReconDeadNodeHandler] INFO  fsck.ContainerHealthTask (ContainerHealthTask.java:checkAndProcessContainers(182)) - Container Health task thread took 0 iterations to fetch all containers using batched approach with batch size of 1000
2024-11-05 06:16:55,794 [Recon-EventQueue-DeadNodeForReconDeadNodeHandler] INFO  scm.ReconPipelineManager (ReconPipelineManager.java:initializePipelines(105)) - Recon has 5 pipelines in house.
2024-11-05 06:16:55,795 [Recon-EventQueue-DeadNodeForReconDeadNodeHandler] WARN  scm.ReconPipelineManager (ReconPipelineManager.java:initializePipelines(111)) - Pipeline PipelineID=e610ab2e-92e0-44ea-a564-d91ac16046a8 already exists in Recon pipeline metadata.
2024-11-05 06:16:55,796 [Recon-EventQueue-DeadNodeForReconDeadNodeHandler] WARN  scm.ReconPipelineManager (ReconPipelineManager.java:initializePipelines(111)) - Pipeline PipelineID=09e0977e-6386-430c-9c36-83d748725593 already exists in Recon pipeline metadata.
2024-11-05 06:16:55,797 [Recon-EventQueue-DeadNodeForReconDeadNodeHandler] WARN  scm.ReconPipelineManager (ReconPipelineManager.java:initializePipelines(111)) - Pipeline PipelineID=e09c32b0-fbbc-45b2-84e2-0615df56f7b4 already exists in Recon pipeline metadata.
2024-11-05 06:16:55,797 [Recon-EventQueue-DeadNodeForReconDeadNodeHandler] WARN  scm.ReconPipelineManager (ReconPipelineManager.java:initializePipelines(111)) - Pipeline PipelineID=070fb56e-6c7a-4531-8d60-c41ef94b1934 already exists in Recon pipeline metadata.
2024-11-05 06:16:55,798 [Recon-EventQueue-DeadNodeForReconDeadNodeHandler] WARN  scm.ReconPipelineManager (ReconPipelineManager.java:initializePipelines(111)) - Pipeline PipelineID=446e92fa-72b8-40e6-84dc-ada0f752c078 already exists in Recon pipeline metadata.
2024-11-05 06:16:55,806 [main] INFO  ozone.MiniOzoneClusterImpl (MiniOzoneClusterImpl.java:shutdown(484)) - Shutting down the Mini Ozone Cluster
2024-11-05 06:16:55,807 [main] INFO  db.CodecTestUtil (CodecTestUtil.java:gc(50)) - gc 0
2024-11-05 06:16:55,972 [main] INFO  ozone.MiniOzoneClusterImpl (MiniOzoneClusterImpl.java:stop(500)) - Stopping the Mini Ozone Cluster
2024-11-05 06:16:55,972 [main] INFO  om.OzoneManager (OzoneManager.java:stop(2263)) - om1[localhost:15004]: Stopping Ozone Manager
2024-11-05 06:16:55,972 [main] INFO  ipc.Server (Server.java:stop(3523)) - Stopping server on 15004
2024-11-05 06:16:55,975 [IPC Server listener on 15004] INFO  ipc.Server (Server.java:run(1434)) - Stopping IPC Server listener on 15004
2024-11-05 06:16:55,975 [IPC Server Responder] INFO  ipc.Server (Server.java:run(1567)) - Stopping IPC Server Responder
2024-11-05 06:16:55,975 [main] INFO  ratis.OzoneManagerRatisServer (OzoneManagerRatisServer.java:stop(640)) - Stopping org.apache.hadoop.ozone.om.ratis.OzoneManagerRatisServer@c8a5e67 at port 15007
2024-11-05 06:16:55,975 [main] INFO  server.RaftServer (RaftServerProxy.java:lambda$close$9(417)) - om1: close
2024-11-05 06:16:55,976 [main] INFO  server.GrpcService (GrpcService.java:closeImpl(343)) - om1: shutdown server GrpcServerProtocolService now
2024-11-05 06:16:55,976 [om1-impl-thread1] INFO  server.RaftServer$Division (RaftServerImpl.java:lambda$close$1(509)) - om1@group-C5BA1605619E: shutdown
2024-11-05 06:16:55,976 [om1-impl-thread1] INFO  util.JmxRegister (JmxRegister.java:unregister(74)) - Successfully un-registered JMX Bean with object name Ratis:service=RaftServer,group=group-C5BA1605619E,id=om1
2024-11-05 06:16:55,976 [om1-impl-thread1] INFO  impl.RoleInfo (RoleInfo.java:shutdownLeaderState(103)) - om1: shutdown om1@group-C5BA1605619E-LeaderStateImpl
2024-11-05 06:16:55,976 [om1-impl-thread1] INFO  impl.PendingRequests (PendingRequests.java:sendNotLeaderResponses(287)) - om1@group-C5BA1605619E-PendingRequests: sendNotLeaderResponses
2024-11-05 06:16:55,978 [main] INFO  server.GrpcService (GrpcService.java:closeImpl(352)) - om1: shutdown server GrpcServerProtocolService successfully
2024-11-05 06:16:55,978 [om1-impl-thread1] INFO  impl.StateMachineUpdater (StateMachineUpdater.java:stopAndJoin(164)) - om1@group-C5BA1605619E-StateMachineUpdater: set stopIndex = 0
2024-11-05 06:16:55,992 [om1@group-C5BA1605619E-StateMachineUpdater] INFO  ratis.OzoneManagerStateMachine (OzoneManagerStateMachine.java:takeSnapshotImpl(499)) - om1: taking snapshot. applied = (t:1, i:0), skipped = -1, notified = (t:1, i:0), current snapshot index = (t:1, i:0), took 13 ms
2024-11-05 06:16:55,992 [om1@group-C5BA1605619E-StateMachineUpdater] INFO  impl.StateMachineUpdater (StateMachineUpdater.java:takeSnapshot(303)) - om1@group-C5BA1605619E-StateMachineUpdater: Took a snapshot at index 0
2024-11-05 06:16:55,992 [om1@group-C5BA1605619E-StateMachineUpdater] INFO  impl.StateMachineUpdater (StateMachineUpdater.java:lambda$new$0(102)) - om1@group-C5BA1605619E-StateMachineUpdater: snapshotIndex: updateIncreasingly -1 -> 0
2024-11-05 06:16:55,992 [om1@group-C5BA1605619E-StateMachineUpdater] INFO  impl.StateMachineUpdater (StateMachineUpdater.java:stop(141)) - om1@group-C5BA1605619E-StateMachineUpdater: closing OzoneManagerStateMachine, lastApplied=(t:1, i:0)
2024-11-05 06:16:55,993 [om1@group-C5BA1605619E-StateMachineUpdater] INFO  ratis.OzoneManagerStateMachine (OzoneManagerStateMachine.java:close(539)) - Stopping OzoneManagerStateMachine:om1:group-C5BA1605619E.
2024-11-05 06:16:55,993 [om1@group-C5BA1605619E-StateMachineUpdater] INFO  ratis.OzoneManagerDoubleBuffer (OzoneManagerDoubleBuffer.java:stopDaemon(525)) - Stopping OMDoubleBuffer flush thread
2024-11-05 06:16:55,993 [om1-OMDoubleBufferFlushThread] INFO  ratis.OzoneManagerDoubleBuffer (OzoneManagerDoubleBuffer.java:canFlush(589)) - OMDoubleBuffer flush thread om1-OMDoubleBufferFlushThread is interrupted and will exit.
2024-11-05 06:16:55,993 [om1@group-C5BA1605619E-cacheEviction-AwaitToRun] INFO  util.AwaitToRun (AwaitToRun.java:run(49)) - om1@group-C5BA1605619E-cacheEviction-AwaitToRun-AwaitForSignal is interrupted
2024-11-05 06:16:56,884 [om1-impl-thread1] INFO  segmented.SegmentedRaftLogWorker (SegmentedRaftLogWorker.java:close(251)) - om1@group-C5BA1605619E-SegmentedRaftLogWorker close()
2024-11-05 06:16:56,885 [JvmPauseMonitor1] INFO  util.JvmPauseMonitor (JvmPauseMonitor.java:run(152)) - JvmPauseMonitor-om1: Stopped
2024-11-05 06:16:56,885 [main] INFO  utils.BackgroundService (BackgroundService.java:shutdown(163)) - Shutting down service KeyDeletingService
2024-11-05 06:16:56,885 [main] INFO  utils.BackgroundService (BackgroundService.java:shutdown(163)) - Shutting down service DirectoryDeletingService
2024-11-05 06:16:56,885 [main] INFO  utils.BackgroundService (BackgroundService.java:shutdown(163)) - Shutting down service OpenKeyCleanupService
2024-11-05 06:16:56,886 [main] INFO  utils.BackgroundService (BackgroundService.java:shutdown(163)) - Shutting down service SstFilteringService
2024-11-05 06:16:56,886 [main] INFO  utils.BackgroundService (BackgroundService.java:shutdown(163)) - Shutting down service SnapshotDeletingService
2024-11-05 06:16:56,886 [main] INFO  utils.BackgroundService (BackgroundService.java:shutdown(163)) - Shutting down service MultipartUploadCleanupService
2024-11-05 06:16:56,887 [main] INFO  handler.ContextHandler (ContextHandler.java:doStop(1159)) - Stopped o.e.j.w.WebAppContext@781ce680{ozoneManager,/,null,STOPPED}{file:/home/runner/work/ozone/ozone/hadoop-ozone/integration-test/target/test-classes/webapps/ozoneManager}
2024-11-05 06:16:56,887 [main] INFO  server.AbstractConnector (AbstractConnector.java:doStop(383)) - Stopped ServerConnector@156542b7{HTTP/1.1, (http/1.1)}{0.0.0.0:15005}
2024-11-05 06:16:56,888 [main] INFO  server.session (HouseKeeper.java:stopScavenging(149)) - node0 Stopped scavenging
2024-11-05 06:16:56,888 [main] INFO  handler.ContextHandler (ContextHandler.java:doStop(1159)) - Stopped o.e.j.s.ServletContextHandler@3316aded{static,/static,file:///home/runner/work/ozone/ozone/hadoop-ozone/integration-test/target/test-classes/webapps/static,STOPPED}
2024-11-05 06:16:56,888 [main] INFO  handler.ContextHandler (ContextHandler.java:doStop(1159)) - Stopped o.e.j.s.ServletContextHandler@ef342c2{logs,/logs,file:///home/runner/work/ozone/ozone/hadoop-ozone/integration-test/target/log,STOPPED}
2024-11-05 06:16:56,889 [main] INFO  rocksdiff.RocksDBCheckpointDiffer (RocksDBCheckpointDiffer.java:close(306)) - Shutting down CompactionDagPruningService.
2024-11-05 06:16:56,891 [main] INFO  snapshot.SnapshotDiffManager (SnapshotDiffManager.java:closeExecutorService(1658)) - Shutting down executorService: 'SnapDiffExecutor'
2024-11-05 06:16:56,891 [main] INFO  utils.BackgroundService (BackgroundService.java:shutdown(163)) - Shutting down service SnapshotDiffCleanupService
2024-11-05 06:16:56,893 [main] INFO  ozone.MiniOzoneClusterImpl (MiniOzoneClusterImpl.java:stopDatanodes(577)) - Stopping the HddsDatanodes
2024-11-05 06:16:56,894 [main] INFO  ozoneimpl.OzoneContainer (OzoneContainer.java:stop(497)) - Attempting to stop container services.
2024-11-05 06:16:56,895 [ForkJoinPool.commonPool-worker-1] INFO  ozoneimpl.OzoneContainer (OzoneContainer.java:stop(497)) - Attempting to stop container services.
2024-11-05 06:16:56,894 [ForkJoinPool.commonPool-worker-2] INFO  ozoneimpl.OzoneContainer (OzoneContainer.java:stop(497)) - Attempting to stop container services.
2024-11-05 06:16:56,895 [ContainerMetadataScanner] WARN  ozoneimpl.AbstractBackgroundContainerScanner (AbstractBackgroundContainerScanner.java:handleRemainingSleep(134)) - Background container scan was interrupted.
2024-11-05 06:16:56,895 [ContainerMetadataScanner] INFO  ozoneimpl.AbstractBackgroundContainerScanner (AbstractBackgroundContainerScanner.java:run(61)) - Thread[ContainerMetadataScanner,5,main] exiting.
2024-11-05 06:16:56,895 [ContainerMetadataScanner] WARN  ozoneimpl.AbstractBackgroundContainerScanner (AbstractBackgroundContainerScanner.java:handleRemainingSleep(134)) - Background container scan was interrupted.
2024-11-05 06:16:56,895 [ContainerMetadataScanner] INFO  ozoneimpl.AbstractBackgroundContainerScanner (AbstractBackgroundContainerScanner.java:run(61)) - Thread[ContainerMetadataScanner,5,main] exiting.
2024-11-05 06:16:56,895 [ContainerMetadataScanner] WARN  ozoneimpl.AbstractBackgroundContainerScanner (AbstractBackgroundContainerScanner.java:handleRemainingSleep(134)) - Background container scan was interrupted.
2024-11-05 06:16:56,896 [ContainerMetadataScanner] INFO  ozoneimpl.AbstractBackgroundContainerScanner (AbstractBackgroundContainerScanner.java:run(61)) - Thread[ContainerMetadataScanner,5,main] exiting.
2024-11-05 06:16:56,896 [ForkJoinPool.commonPool-worker-2] INFO  ozoneimpl.BackgroundContainerDataScanner (BackgroundContainerDataScanner.java:shutdown(141)) - ContainerDataScanner(/home/runner/work/ozone/ozone/hadoop-ozone/integration-test/target/test-dir/MiniOzoneClusterImpl-58399722-4c39-4f0d-a4d6-8a89216b262d/ozone-meta/datanode-2/data-0/hdds) is shutting down. 
2024-11-05 06:16:56,896 [ForkJoinPool.commonPool-worker-1] INFO  ozoneimpl.BackgroundContainerDataScanner (BackgroundContainerDataScanner.java:shutdown(141)) - ContainerDataScanner(/home/runner/work/ozone/ozone/hadoop-ozone/integration-test/target/test-dir/MiniOzoneClusterImpl-58399722-4c39-4f0d-a4d6-8a89216b262d/ozone-meta/datanode-1/data-0/hdds) is shutting down. 
2024-11-05 06:16:56,896 [ContainerDataScanner(/home/runner/work/ozone/ozone/hadoop-ozone/integration-test/target/test-dir/MiniOzoneClusterImpl-58399722-4c39-4f0d-a4d6-8a89216b262d/ozone-meta/datanode-1/data-0/hdds)] WARN  ozoneimpl.AbstractBackgroundContainerScanner (AbstractBackgroundContainerScanner.java:handleRemainingSleep(134)) - Background container scan was interrupted.
2024-11-05 06:16:56,897 [ContainerDataScanner(/home/runner/work/ozone/ozone/hadoop-ozone/integration-test/target/test-dir/MiniOzoneClusterImpl-58399722-4c39-4f0d-a4d6-8a89216b262d/ozone-meta/datanode-1/data-0/hdds)] INFO  ozoneimpl.AbstractBackgroundContainerScanner (AbstractBackgroundContainerScanner.java:run(61)) - ContainerDataScanner(/home/runner/work/ozone/ozone/hadoop-ozone/integration-test/target/test-dir/MiniOzoneClusterImpl-58399722-4c39-4f0d-a4d6-8a89216b262d/ozone-meta/datanode-1/data-0/hdds, DS-b7594af3-b520-4986-a536-6327141a9228) exiting.
2024-11-05 06:16:56,896 [ContainerDataScanner(/home/runner/work/ozone/ozone/hadoop-ozone/integration-test/target/test-dir/MiniOzoneClusterImpl-58399722-4c39-4f0d-a4d6-8a89216b262d/ozone-meta/datanode-2/data-0/hdds)] WARN  ozoneimpl.AbstractBackgroundContainerScanner (AbstractBackgroundContainerScanner.java:handleRemainingSleep(134)) - Background container scan was interrupted.
2024-11-05 06:16:56,897 [ContainerDataScanner(/home/runner/work/ozone/ozone/hadoop-ozone/integration-test/target/test-dir/MiniOzoneClusterImpl-58399722-4c39-4f0d-a4d6-8a89216b262d/ozone-meta/datanode-2/data-0/hdds)] INFO  ozoneimpl.AbstractBackgroundContainerScanner (AbstractBackgroundContainerScanner.java:run(61)) - ContainerDataScanner(/home/runner/work/ozone/ozone/hadoop-ozone/integration-test/target/test-dir/MiniOzoneClusterImpl-58399722-4c39-4f0d-a4d6-8a89216b262d/ozone-meta/datanode-2/data-0/hdds, DS-4a07d8cf-5b99-451b-b8ba-de022e39d5bb) exiting.
2024-11-05 06:16:56,897 [main] INFO  ozoneimpl.BackgroundContainerDataScanner (BackgroundContainerDataScanner.java:shutdown(141)) - ContainerDataScanner(/home/runner/work/ozone/ozone/hadoop-ozone/integration-test/target/test-dir/MiniOzoneClusterImpl-58399722-4c39-4f0d-a4d6-8a89216b262d/ozone-meta/datanode-3/data-0/hdds) is shutting down. 
2024-11-05 06:16:56,898 [ForkJoinPool.commonPool-worker-1] INFO  ratis.XceiverServerRatis (XceiverServerRatis.java:stop(596)) - Closing XceiverServerRatis(731aafee-c06b-4662-9d20-472061f2d46e)
2024-11-05 06:16:56,898 [ContainerDataScanner(/home/runner/work/ozone/ozone/hadoop-ozone/integration-test/target/test-dir/MiniOzoneClusterImpl-58399722-4c39-4f0d-a4d6-8a89216b262d/ozone-meta/datanode-3/data-0/hdds)] WARN  ozoneimpl.AbstractBackgroundContainerScanner (AbstractBackgroundContainerScanner.java:handleRemainingSleep(134)) - Background container scan was interrupted.
2024-11-05 06:16:56,898 [ForkJoinPool.commonPool-worker-2] INFO  ratis.XceiverServerRatis (XceiverServerRatis.java:stop(596)) - Closing XceiverServerRatis(43b7afd8-9e19-4b34-aad7-81b8e915bbb6)
2024-11-05 06:16:56,898 [ForkJoinPool.commonPool-worker-1] INFO  server.RaftServer (RaftServerProxy.java:lambda$close$9(417)) - 731aafee-c06b-4662-9d20-472061f2d46e: close
2024-11-05 06:16:56,898 [ForkJoinPool.commonPool-worker-2] INFO  server.RaftServer (RaftServerProxy.java:lambda$close$9(417)) - 43b7afd8-9e19-4b34-aad7-81b8e915bbb6: close
2024-11-05 06:16:56,898 [ContainerDataScanner(/home/runner/work/ozone/ozone/hadoop-ozone/integration-test/target/test-dir/MiniOzoneClusterImpl-58399722-4c39-4f0d-a4d6-8a89216b262d/ozone-meta/datanode-3/data-0/hdds)] INFO  ozoneimpl.AbstractBackgroundContainerScanner (AbstractBackgroundContainerScanner.java:run(61)) - ContainerDataScanner(/home/runner/work/ozone/ozone/hadoop-ozone/integration-test/target/test-dir/MiniOzoneClusterImpl-58399722-4c39-4f0d-a4d6-8a89216b262d/ozone-meta/datanode-3/data-0/hdds, DS-58268263-3ed2-494a-817e-72a64ed9c1c1) exiting.
2024-11-05 06:16:56,898 [43b7afd8-9e19-4b34-aad7-81b8e915bbb6-impl-thread1] INFO  server.RaftServer$Division (RaftServerImpl.java:lambda$close$1(509)) - 43b7afd8-9e19-4b34-aad7-81b8e915bbb6@group-83D748725593: shutdown
2024-11-05 06:16:56,898 [43b7afd8-9e19-4b34-aad7-81b8e915bbb6-impl-thread1] INFO  util.JmxRegister (JmxRegister.java:unregister(74)) - Successfully un-registered JMX Bean with object name Ratis:service=RaftServer,group=group-83D748725593,id=43b7afd8-9e19-4b34-aad7-81b8e915bbb6
2024-11-05 06:16:56,898 [43b7afd8-9e19-4b34-aad7-81b8e915bbb6-impl-thread1] INFO  impl.RoleInfo (RoleInfo.java:shutdownFollowerState(119)) - 43b7afd8-9e19-4b34-aad7-81b8e915bbb6: shutdown 43b7afd8-9e19-4b34-aad7-81b8e915bbb6@group-83D748725593-FollowerState
2024-11-05 06:16:56,898 [43b7afd8-9e19-4b34-aad7-81b8e915bbb6-impl-thread1] INFO  impl.StateMachineUpdater (StateMachineUpdater.java:stopAndJoin(164)) - 43b7afd8-9e19-4b34-aad7-81b8e915bbb6@group-83D748725593-StateMachineUpdater: set stopIndex = 0
2024-11-05 06:16:56,898 [43b7afd8-9e19-4b34-aad7-81b8e915bbb6@group-83D748725593-FollowerState] INFO  impl.FollowerState (FollowerState.java:run(153)) - 43b7afd8-9e19-4b34-aad7-81b8e915bbb6@group-83D748725593-FollowerState was interrupted
2024-11-05 06:16:56,899 [ForkJoinPool.commonPool-worker-1] INFO  server.GrpcService (GrpcService.java:closeImpl(343)) - 731aafee-c06b-4662-9d20-472061f2d46e: shutdown server GrpcServerProtocolService now
2024-11-05 06:16:56,899 [43b7afd8-9e19-4b34-aad7-81b8e915bbb6@group-83D748725593-StateMachineUpdater] INFO  ratis.ContainerStateMachine (ContainerStateMachine.java:takeSnapshot(361)) - group-83D748725593: Taking a snapshot at:(t:1, i:0) file /home/runner/work/ozone/ozone/hadoop-ozone/integration-test/target/test-dir/MiniOzoneClusterImpl-58399722-4c39-4f0d-a4d6-8a89216b262d/ozone-meta/datanode-2/ratis/09e0977e-6386-430c-9c36-83d748725593/sm/snapshot.1_0
2024-11-05 06:16:56,900 [731aafee-c06b-4662-9d20-472061f2d46e-impl-thread3] INFO  server.RaftServer$Division (RaftServerImpl.java:lambda$close$1(509)) - 731aafee-c06b-4662-9d20-472061f2d46e@group-ADA0F752C078: shutdown
2024-11-05 06:16:56,900 [731aafee-c06b-4662-9d20-472061f2d46e-impl-thread3] INFO  util.JmxRegister (JmxRegister.java:unregister(74)) - Successfully un-registered JMX Bean with object name Ratis:service=RaftServer,group=group-ADA0F752C078,id=731aafee-c06b-4662-9d20-472061f2d46e
2024-11-05 06:16:56,900 [731aafee-c06b-4662-9d20-472061f2d46e-impl-thread3] INFO  impl.RoleInfo (RoleInfo.java:shutdownLeaderState(103)) - 731aafee-c06b-4662-9d20-472061f2d46e: shutdown 731aafee-c06b-4662-9d20-472061f2d46e@group-ADA0F752C078-LeaderStateImpl
2024-11-05 06:16:56,900 [731aafee-c06b-4662-9d20-472061f2d46e-impl-thread3] INFO  impl.PendingRequests (PendingRequests.java:sendNotLeaderResponses(287)) - 731aafee-c06b-4662-9d20-472061f2d46e@group-ADA0F752C078-PendingRequests: sendNotLeaderResponses
2024-11-05 06:16:56,901 [ForkJoinPool.commonPool-worker-2] INFO  server.GrpcService (GrpcService.java:closeImpl(343)) - 43b7afd8-9e19-4b34-aad7-81b8e915bbb6: shutdown server GrpcServerProtocolService now
2024-11-05 06:16:56,901 [43b7afd8-9e19-4b34-aad7-81b8e915bbb6-impl-thread3] INFO  server.RaftServer$Division (RaftServerImpl.java:lambda$close$1(509)) - 43b7afd8-9e19-4b34-aad7-81b8e915bbb6@group-C41EF94B1934: shutdown
2024-11-05 06:16:56,901 [43b7afd8-9e19-4b34-aad7-81b8e915bbb6-impl-thread3] INFO  util.JmxRegister (JmxRegister.java:unregister(74)) - Successfully un-registered JMX Bean with object name Ratis:service=RaftServer,group=group-C41EF94B1934,id=43b7afd8-9e19-4b34-aad7-81b8e915bbb6
2024-11-05 06:16:56,903 [43b7afd8-9e19-4b34-aad7-81b8e915bbb6-impl-thread3] INFO  impl.RoleInfo (RoleInfo.java:shutdownFollowerState(119)) - 43b7afd8-9e19-4b34-aad7-81b8e915bbb6: shutdown 43b7afd8-9e19-4b34-aad7-81b8e915bbb6@group-C41EF94B1934-FollowerState
2024-11-05 06:16:56,898 [731aafee-c06b-4662-9d20-472061f2d46e-impl-thread1] INFO  server.RaftServer$Division (RaftServerImpl.java:lambda$close$1(509)) - 731aafee-c06b-4662-9d20-472061f2d46e@group-83D748725593: shutdown
2024-11-05 06:16:56,903 [43b7afd8-9e19-4b34-aad7-81b8e915bbb6-impl-thread3] INFO  impl.StateMachineUpdater (StateMachineUpdater.java:stopAndJoin(164)) - 43b7afd8-9e19-4b34-aad7-81b8e915bbb6@group-C41EF94B1934-StateMachineUpdater: set stopIndex = 0
2024-11-05 06:16:56,903 [43b7afd8-9e19-4b34-aad7-81b8e915bbb6@group-C41EF94B1934-FollowerState] INFO  impl.FollowerState (FollowerState.java:run(153)) - 43b7afd8-9e19-4b34-aad7-81b8e915bbb6@group-C41EF94B1934-FollowerState was interrupted
2024-11-05 06:16:56,903 [grpc-default-executor-2] WARN  server.GrpcServerProtocolService (LogUtils.java:warn(121)) - 43b7afd8-9e19-4b34-aad7-81b8e915bbb6: APPEND_ENTRIES onError, lastRequest: null: org.apache.ratis.thirdparty.io.grpc.StatusRuntimeException: CANCELLED: client cancelled
2024-11-05 06:16:56,903 [Thread-824] INFO  server.GrpcServerProtocolClient (GrpcServerProtocolClient.java:close(105)) - 44ff6b06-02d2-44ad-8aa1-4af94363565f Close channels
2024-11-05 06:16:56,902 [731aafee-c06b-4662-9d20-472061f2d46e-impl-thread3] INFO  impl.StateMachineUpdater (StateMachineUpdater.java:stopAndJoin(164)) - 731aafee-c06b-4662-9d20-472061f2d46e@group-ADA0F752C078-StateMachineUpdater: set stopIndex = 0
2024-11-05 06:16:56,901 [731aafee-c06b-4662-9d20-472061f2d46e@group-ADA0F752C078-StateMachineUpdater] INFO  ratis.ContainerStateMachine (ContainerStateMachine.java:takeSnapshot(361)) - group-ADA0F752C078: Taking a snapshot at:(t:1, i:0) file /home/runner/work/ozone/ozone/hadoop-ozone/integration-test/target/test-dir/MiniOzoneClusterImpl-58399722-4c39-4f0d-a4d6-8a89216b262d/ozone-meta/datanode-1/ratis/446e92fa-72b8-40e6-84dc-ada0f752c078/sm/snapshot.1_0
2024-11-05 06:16:56,899 [43b7afd8-9e19-4b34-aad7-81b8e915bbb6-impl-thread2] INFO  server.RaftServer$Division (RaftServerImpl.java:lambda$close$1(509)) - 43b7afd8-9e19-4b34-aad7-81b8e915bbb6@group-0615DF56F7B4: shutdown
2024-11-05 06:16:56,898 [main] INFO  ratis.XceiverServerRatis (XceiverServerRatis.java:stop(596)) - Closing XceiverServerRatis(44ff6b06-02d2-44ad-8aa1-4af94363565f)
2024-11-05 06:16:56,904 [main] INFO  server.RaftServer (RaftServerProxy.java:lambda$close$9(417)) - 44ff6b06-02d2-44ad-8aa1-4af94363565f: close
2024-11-05 06:16:56,905 [44ff6b06-02d2-44ad-8aa1-4af94363565f-impl-thread1] INFO  server.RaftServer$Division (RaftServerImpl.java:lambda$close$1(509)) - 44ff6b06-02d2-44ad-8aa1-4af94363565f@group-D91AC16046A8: shutdown
2024-11-05 06:16:56,898 [731aafee-c06b-4662-9d20-472061f2d46e-impl-thread2] INFO  server.RaftServer$Division (RaftServerImpl.java:lambda$close$1(509)) - 731aafee-c06b-4662-9d20-472061f2d46e@group-C41EF94B1934: shutdown
2024-11-05 06:16:56,905 [44ff6b06-02d2-44ad-8aa1-4af94363565f-impl-thread1] INFO  util.JmxRegister (JmxRegister.java:unregister(74)) - Successfully un-registered JMX Bean with object name Ratis:service=RaftServer,group=group-D91AC16046A8,id=44ff6b06-02d2-44ad-8aa1-4af94363565f
2024-11-05 06:16:56,905 [grpc-default-executor-1] WARN  server.GrpcServerProtocolService (LogUtils.java:warn(121)) - 731aafee-c06b-4662-9d20-472061f2d46e: APPEND_ENTRIES onError, lastRequest: null: org.apache.ratis.thirdparty.io.grpc.StatusRuntimeException: CANCELLED: client cancelled
2024-11-05 06:16:56,906 [grpc-default-executor-3] WARN  server.GrpcServerProtocolService (LogUtils.java:warn(121)) - 43b7afd8-9e19-4b34-aad7-81b8e915bbb6: APPEND_ENTRIES onError, lastRequest: 44ff6b06-02d2-44ad-8aa1-4af94363565f->43b7afd8-9e19-4b34-aad7-81b8e915bbb6#1-t1,previous=(t:0, i:0),leaderCommit=-1,initializing? false,entries: size=1, first=(t:1, i:0), CONFIGURATIONENTRY(current:id:"44ff6b06-02d2-44ad-8aa1-4af94363565f"address:"127.0.0.1:15032"priority:1dataStreamAddress:"127.0.0.1:15035"clientAddress:"127.0.0.1:15032"adminAddress:"127.0.0.1:15032"startupRole:FOLLOWER, id:"731aafee-c06b-4662-9d20-472061f2d46e"address:"127.0.0.1:15014"dataStreamAddress:"127.0.0.1:15017"clientAddress:"127.0.0.1:15014"adminAddress:"127.0.0.1:15014"startupRole:FOLLOWER, id:"43b7afd8-9e19-4b34-aad7-81b8e915bbb6"address:"127.0.0.1:15023"dataStreamAddress:"127.0.0.1:15026"clientAddress:"127.0.0.1:15023"adminAddress:"127.0.0.1:15023"startupRole:FOLLOWER, old:): org.apache.ratis.thirdparty.io.grpc.StatusRuntimeException: CANCELLED: client cancelled
2024-11-05 06:16:56,904 [43b7afd8-9e19-4b34-aad7-81b8e915bbb6-impl-thread2] INFO  util.JmxRegister (JmxRegister.java:unregister(74)) - Successfully un-registered JMX Bean with object name Ratis:service=RaftServer,group=group-0615DF56F7B4,id=43b7afd8-9e19-4b34-aad7-81b8e915bbb6
2024-11-05 06:16:56,903 [731aafee-c06b-4662-9d20-472061f2d46e-impl-thread1] INFO  util.JmxRegister (JmxRegister.java:unregister(74)) - Successfully un-registered JMX Bean with object name Ratis:service=RaftServer,group=group-83D748725593,id=731aafee-c06b-4662-9d20-472061f2d46e
2024-11-05 06:16:56,906 [731aafee-c06b-4662-9d20-472061f2d46e-impl-thread1] INFO  impl.RoleInfo (RoleInfo.java:shutdownFollowerState(119)) - 731aafee-c06b-4662-9d20-472061f2d46e: shutdown 731aafee-c06b-4662-9d20-472061f2d46e@group-83D748725593-FollowerState
2024-11-05 06:16:56,906 [731aafee-c06b-4662-9d20-472061f2d46e-impl-thread1] INFO  impl.StateMachineUpdater (StateMachineUpdater.java:stopAndJoin(164)) - 731aafee-c06b-4662-9d20-472061f2d46e@group-83D748725593-StateMachineUpdater: set stopIndex = 0
2024-11-05 06:16:56,906 [731aafee-c06b-4662-9d20-472061f2d46e@group-83D748725593-StateMachineUpdater] INFO  ratis.ContainerStateMachine (ContainerStateMachine.java:takeSnapshot(361)) - group-83D748725593: Taking a snapshot at:(t:1, i:0) file /home/runner/work/ozone/ozone/hadoop-ozone/integration-test/target/test-dir/MiniOzoneClusterImpl-58399722-4c39-4f0d-a4d6-8a89216b262d/ozone-meta/datanode-1/ratis/09e0977e-6386-430c-9c36-83d748725593/sm/snapshot.1_0
2024-11-05 06:16:56,909 [grpc-default-executor-3] WARN  server.GrpcServerProtocolService (LogUtils.java:warn(121)) - 43b7afd8-9e19-4b34-aad7-81b8e915bbb6: APPEND_ENTRIES onError, lastRequest: null: org.apache.ratis.thirdparty.io.grpc.StatusRuntimeException: CANCELLED: client cancelled
2024-11-05 06:16:56,903 [43b7afd8-9e19-4b34-aad7-81b8e915bbb6@group-C41EF94B1934-StateMachineUpdater] INFO  ratis.ContainerStateMachine (ContainerStateMachine.java:takeSnapshot(361)) - group-C41EF94B1934: Taking a snapshot at:(t:1, i:0) file /home/runner/work/ozone/ozone/hadoop-ozone/integration-test/target/test-dir/MiniOzoneClusterImpl-58399722-4c39-4f0d-a4d6-8a89216b262d/ozone-meta/datanode-2/ratis/070fb56e-6c7a-4531-8d60-c41ef94b1934/sm/snapshot.1_0
2024-11-05 06:16:56,906 [731aafee-c06b-4662-9d20-472061f2d46e@group-83D748725593-FollowerState] INFO  impl.FollowerState (FollowerState.java:run(153)) - 731aafee-c06b-4662-9d20-472061f2d46e@group-83D748725593-FollowerState was interrupted
2024-11-05 06:16:56,911 [Thread-825] INFO  server.GrpcServerProtocolClient (GrpcServerProtocolClient.java:close(105)) - 731aafee-c06b-4662-9d20-472061f2d46e Close channels
2024-11-05 06:16:56,911 [grpc-default-executor-2] WARN  server.GrpcLogAppender (LogUtils.java:warn(121)) - 44ff6b06-02d2-44ad-8aa1-4af94363565f@group-83D748725593->43b7afd8-9e19-4b34-aad7-81b8e915bbb6-AppendLogResponseHandler: Failed appendEntries: org.apache.ratis.thirdparty.io.grpc.StatusRuntimeException: CANCELLED: RST_STREAM closed stream. HTTP/2 error code: CANCEL
2024-11-05 06:16:56,906 [43b7afd8-9e19-4b34-aad7-81b8e915bbb6-impl-thread2] INFO  impl.RoleInfo (RoleInfo.java:shutdownLeaderState(103)) - 43b7afd8-9e19-4b34-aad7-81b8e915bbb6: shutdown 43b7afd8-9e19-4b34-aad7-81b8e915bbb6@group-0615DF56F7B4-LeaderStateImpl
2024-11-05 06:16:56,906 [grpc-default-executor-0] WARN  server.GrpcServerProtocolService (LogUtils.java:warn(121)) - 731aafee-c06b-4662-9d20-472061f2d46e: APPEND_ENTRIES onError, lastRequest: 44ff6b06-02d2-44ad-8aa1-4af94363565f->731aafee-c06b-4662-9d20-472061f2d46e#1-t1,previous=(t:0, i:0),leaderCommit=-1,initializing? false,entries: size=1, first=(t:1, i:0), CONFIGURATIONENTRY(current:id:"44ff6b06-02d2-44ad-8aa1-4af94363565f"address:"127.0.0.1:15032"priority:1dataStreamAddress:"127.0.0.1:15035"clientAddress:"127.0.0.1:15032"adminAddress:"127.0.0.1:15032"startupRole:FOLLOWER, id:"731aafee-c06b-4662-9d20-472061f2d46e"address:"127.0.0.1:15014"dataStreamAddress:"127.0.0.1:15017"clientAddress:"127.0.0.1:15014"adminAddress:"127.0.0.1:15014"startupRole:FOLLOWER, id:"43b7afd8-9e19-4b34-aad7-81b8e915bbb6"address:"127.0.0.1:15023"dataStreamAddress:"127.0.0.1:15026"clientAddress:"127.0.0.1:15023"adminAddress:"127.0.0.1:15023"startupRole:FOLLOWER, old:): org.apache.ratis.thirdparty.io.grpc.StatusRuntimeException: CANCELLED: client cancelled
2024-11-05 06:16:56,905 [44ff6b06-02d2-44ad-8aa1-4af94363565f-impl-thread1] INFO  impl.RoleInfo (RoleInfo.java:shutdownLeaderState(103)) - 44ff6b06-02d2-44ad-8aa1-4af94363565f: shutdown 44ff6b06-02d2-44ad-8aa1-4af94363565f@group-D91AC16046A8-LeaderStateImpl
2024-11-05 06:16:56,912 [44ff6b06-02d2-44ad-8aa1-4af94363565f-impl-thread1] INFO  impl.PendingRequests (PendingRequests.java:sendNotLeaderResponses(287)) - 44ff6b06-02d2-44ad-8aa1-4af94363565f@group-D91AC16046A8-PendingRequests: sendNotLeaderResponses
2024-11-05 06:16:56,912 [grpc-default-executor-3] WARN  server.GrpcLogAppender (LogUtils.java:warn(121)) - 44ff6b06-02d2-44ad-8aa1-4af94363565f@group-83D748725593->731aafee-c06b-4662-9d20-472061f2d46e-AppendLogResponseHandler: Failed appendEntries: org.apache.ratis.thirdparty.io.grpc.StatusRuntimeException: CANCELLED: RST_STREAM closed stream. HTTP/2 error code: CANCEL
2024-11-05 06:16:56,905 [731aafee-c06b-4662-9d20-472061f2d46e-impl-thread2] INFO  util.JmxRegister (JmxRegister.java:unregister(74)) - Successfully un-registered JMX Bean with object name Ratis:service=RaftServer,group=group-C41EF94B1934,id=731aafee-c06b-4662-9d20-472061f2d46e
2024-11-05 06:16:56,912 [731aafee-c06b-4662-9d20-472061f2d46e-impl-thread2] INFO  impl.RoleInfo (RoleInfo.java:shutdownLeaderState(103)) - 731aafee-c06b-4662-9d20-472061f2d46e: shutdown 731aafee-c06b-4662-9d20-472061f2d46e@group-C41EF94B1934-LeaderStateImpl
2024-11-05 06:16:56,912 [44ff6b06-02d2-44ad-8aa1-4af94363565f-impl-thread1] INFO  impl.StateMachineUpdater (StateMachineUpdater.java:stopAndJoin(164)) - 44ff6b06-02d2-44ad-8aa1-4af94363565f@group-D91AC16046A8-StateMachineUpdater: set stopIndex = 0
2024-11-05 06:16:56,912 [44ff6b06-02d2-44ad-8aa1-4af94363565f@group-D91AC16046A8-StateMachineUpdater] INFO  ratis.ContainerStateMachine (ContainerStateMachine.java:takeSnapshot(361)) - group-D91AC16046A8: Taking a snapshot at:(t:1, i:0) file /home/runner/work/ozone/ozone/hadoop-ozone/integration-test/target/test-dir/MiniOzoneClusterImpl-58399722-4c39-4f0d-a4d6-8a89216b262d/ozone-meta/datanode-3/ratis/e610ab2e-92e0-44ea-a564-d91ac16046a8/sm/snapshot.1_0
2024-11-05 06:16:56,913 [731aafee-c06b-4662-9d20-472061f2d46e@group-C41EF94B1934->44ff6b06-02d2-44ad-8aa1-4af94363565f-GrpcLogAppender-LogAppenderDaemon] WARN  server.GrpcLogAppender (GrpcLogAppender.java:mayWait(293)) - 731aafee-c06b-4662-9d20-472061f2d46e@group-C41EF94B1934->44ff6b06-02d2-44ad-8aa1-4af94363565f-GrpcLogAppender: Wait interrupted by java.lang.InterruptedException
2024-11-05 06:16:56,912 [731aafee-c06b-4662-9d20-472061f2d46e-impl-thread2] INFO  impl.PendingRequests (PendingRequests.java:sendNotLeaderResponses(287)) - 731aafee-c06b-4662-9d20-472061f2d46e@group-C41EF94B1934-PendingRequests: sendNotLeaderResponses
2024-11-05 06:16:56,913 [731aafee-c06b-4662-9d20-472061f2d46e@group-C41EF94B1934->43b7afd8-9e19-4b34-aad7-81b8e915bbb6-GrpcLogAppender-LogAppenderDaemon] WARN  server.GrpcLogAppender (GrpcLogAppender.java:mayWait(293)) - 731aafee-c06b-4662-9d20-472061f2d46e@group-C41EF94B1934->43b7afd8-9e19-4b34-aad7-81b8e915bbb6-GrpcLogAppender: Wait interrupted by java.lang.InterruptedException
2024-11-05 06:16:56,913 [grpc-default-executor-3] WARN  server.GrpcLogAppender (GrpcLogAppender.java:lambda$resetClient$1(221)) - 44ff6b06-02d2-44ad-8aa1-4af94363565f@group-83D748725593->731aafee-c06b-4662-9d20-472061f2d46e-GrpcLogAppender: Follower failed (request=null, errorCount=1); keep nextIndex (1) unchanged and retry.
2024-11-05 06:16:56,914 [731aafee-c06b-4662-9d20-472061f2d46e-impl-thread2] INFO  impl.StateMachineUpdater (StateMachineUpdater.java:stopAndJoin(164)) - 731aafee-c06b-4662-9d20-472061f2d46e@group-C41EF94B1934-StateMachineUpdater: set stopIndex = 0
2024-11-05 06:16:56,914 [731aafee-c06b-4662-9d20-472061f2d46e@group-C41EF94B1934-StateMachineUpdater] INFO  ratis.ContainerStateMachine (ContainerStateMachine.java:takeSnapshot(361)) - group-C41EF94B1934: Taking a snapshot at:(t:1, i:0) file /home/runner/work/ozone/ozone/hadoop-ozone/integration-test/target/test-dir/MiniOzoneClusterImpl-58399722-4c39-4f0d-a4d6-8a89216b262d/ozone-meta/datanode-1/ratis/070fb56e-6c7a-4531-8d60-c41ef94b1934/sm/snapshot.1_0
2024-11-05 06:16:56,914 [grpc-default-executor-1] WARN  server.GrpcLogAppender (GrpcLogAppender.java:lambda$resetClient$1(221)) - 44ff6b06-02d2-44ad-8aa1-4af94363565f@group-83D748725593->43b7afd8-9e19-4b34-aad7-81b8e915bbb6-GrpcLogAppender: Follower failed (request=null, errorCount=1); keep nextIndex (1) unchanged and retry.
2024-11-05 06:16:56,914 [grpc-default-executor-2] INFO  server.GrpcServerProtocolService (GrpcServerProtocolService.java:onCompleted(157)) - 44ff6b06-02d2-44ad-8aa1-4af94363565f: Completed APPEND_ENTRIES, lastRequest: null
2024-11-05 06:16:56,916 [grpc-default-executor-2] INFO  server.GrpcServerProtocolService (GrpcServerProtocolService.java:lambda$onCompleted$5(159)) - 44ff6b06-02d2-44ad-8aa1-4af94363565f: Completed APPEND_ENTRIES, lastReply: serverReply {
  requestorId: "731aafee-c06b-4662-9d20-472061f2d46e"
  replyId: "44ff6b06-02d2-44ad-8aa1-4af94363565f"
  raftGroupId {
    id: "\a\017\265nlzE1\215`\304\036\371K\0314"
  }
  callId: 8
  success: true
}
term: 1
nextIndex: 1
matchIndex: 18446744073709551615
isHearbeat: true

2024-11-05 06:16:56,918 [43b7afd8-9e19-4b34-aad7-81b8e915bbb6-impl-thread2] INFO  impl.PendingRequests (PendingRequests.java:sendNotLeaderResponses(287)) - 43b7afd8-9e19-4b34-aad7-81b8e915bbb6@group-0615DF56F7B4-PendingRequests: sendNotLeaderResponses
2024-11-05 06:16:56,918 [grpc-default-executor-3] INFO  server.GrpcLogAppender (GrpcLogAppender.java:onCompleted(550)) - 731aafee-c06b-4662-9d20-472061f2d46e@group-C41EF94B1934->44ff6b06-02d2-44ad-8aa1-4af94363565f-AppendLogResponseHandler: follower responses appendEntries COMPLETED
2024-11-05 06:16:56,919 [43b7afd8-9e19-4b34-aad7-81b8e915bbb6@group-0615DF56F7B4-StateMachineUpdater] INFO  ratis.ContainerStateMachine (ContainerStateMachine.java:takeSnapshot(361)) - group-0615DF56F7B4: Taking a snapshot at:(t:1, i:0) file /home/runner/work/ozone/ozone/hadoop-ozone/integration-test/target/test-dir/MiniOzoneClusterImpl-58399722-4c39-4f0d-a4d6-8a89216b262d/ozone-meta/datanode-2/ratis/e09c32b0-fbbc-45b2-84e2-0615df56f7b4/sm/snapshot.1_0
2024-11-05 06:16:56,919 [43b7afd8-9e19-4b34-aad7-81b8e915bbb6-impl-thread2] INFO  impl.StateMachineUpdater (StateMachineUpdater.java:stopAndJoin(164)) - 43b7afd8-9e19-4b34-aad7-81b8e915bbb6@group-0615DF56F7B4-StateMachineUpdater: set stopIndex = 0
2024-11-05 06:16:56,919 [grpc-default-executor-2] INFO  server.GrpcServerProtocolService (GrpcServerProtocolService.java:onCompleted(157)) - 44ff6b06-02d2-44ad-8aa1-4af94363565f: Completed APPEND_ENTRIES, lastRequest: 731aafee-c06b-4662-9d20-472061f2d46e->44ff6b06-02d2-44ad-8aa1-4af94363565f#1-t1,previous=(t:0, i:0),leaderCommit=-1,initializing? false,entries: size=1, first=(t:1, i:0), CONFIGURATIONENTRY(current:id:"44ff6b06-02d2-44ad-8aa1-4af94363565f"address:"127.0.0.1:15032"dataStreamAddress:"127.0.0.1:15035"clientAddress:"127.0.0.1:15032"adminAddress:"127.0.0.1:15032"startupRole:FOLLOWER, id:"731aafee-c06b-4662-9d20-472061f2d46e"address:"127.0.0.1:15014"priority:1dataStreamAddress:"127.0.0.1:15017"clientAddress:"127.0.0.1:15014"adminAddress:"127.0.0.1:15014"startupRole:FOLLOWER, id:"43b7afd8-9e19-4b34-aad7-81b8e915bbb6"address:"127.0.0.1:15023"dataStreamAddress:"127.0.0.1:15026"clientAddress:"127.0.0.1:15023"adminAddress:"127.0.0.1:15023"startupRole:FOLLOWER, old:)
2024-11-05 06:16:56,919 [grpc-default-executor-2] INFO  server.GrpcServerProtocolService (GrpcServerProtocolService.java:lambda$onCompleted$5(159)) - 44ff6b06-02d2-44ad-8aa1-4af94363565f: Completed APPEND_ENTRIES, lastReply: null
2024-11-05 06:16:56,920 [grpc-default-executor-2] INFO  server.GrpcLogAppender (GrpcLogAppender.java:onCompleted(550)) - 731aafee-c06b-4662-9d20-472061f2d46e@group-C41EF94B1934->44ff6b06-02d2-44ad-8aa1-4af94363565f-AppendLogResponseHandler: follower responses appendEntries COMPLETED
2024-11-05 06:16:56,925 [grpc-default-executor-1] INFO  server.GrpcLogAppender (GrpcLogAppender.java:onError(537)) - 731aafee-c06b-4662-9d20-472061f2d46e@group-C41EF94B1934->43b7afd8-9e19-4b34-aad7-81b8e915bbb6-GrpcLogAppender is already stopped
2024-11-05 06:16:56,925 [ForkJoinPool.commonPool-worker-2] INFO  server.GrpcService (GrpcService.java:closeImpl(352)) - 43b7afd8-9e19-4b34-aad7-81b8e915bbb6: shutdown server GrpcServerProtocolService successfully
2024-11-05 06:16:56,925 [grpc-default-executor-1] INFO  server.GrpcLogAppender (GrpcLogAppender.java:onError(537)) - 731aafee-c06b-4662-9d20-472061f2d46e@group-C41EF94B1934->43b7afd8-9e19-4b34-aad7-81b8e915bbb6-GrpcLogAppender is already stopped
2024-11-05 06:16:56,926 [Thread-823] INFO  server.GrpcServerProtocolClient (GrpcServerProtocolClient.java:close(105)) - 44ff6b06-02d2-44ad-8aa1-4af94363565f Close channels
2024-11-05 06:16:56,926 [Thread-830] INFO  server.GrpcServerProtocolClient (GrpcServerProtocolClient.java:close(105)) - 43b7afd8-9e19-4b34-aad7-81b8e915bbb6 Close channels
2024-11-05 06:16:56,928 [ForkJoinPool.commonPool-worker-1] INFO  server.GrpcService (GrpcService.java:closeImpl(352)) - 731aafee-c06b-4662-9d20-472061f2d46e: shutdown server GrpcServerProtocolService successfully
2024-11-05 06:16:56,929 [grpc-default-executor-4] WARN  server.GrpcServerProtocolService (LogUtils.java:warn(121)) - 43b7afd8-9e19-4b34-aad7-81b8e915bbb6: APPEND_ENTRIES onError, lastRequest: 731aafee-c06b-4662-9d20-472061f2d46e->43b7afd8-9e19-4b34-aad7-81b8e915bbb6#1-t1,previous=(t:0, i:0),leaderCommit=-1,initializing? false,entries: size=1, first=(t:1, i:0), CONFIGURATIONENTRY(current:id:"44ff6b06-02d2-44ad-8aa1-4af94363565f"address:"127.0.0.1:15032"dataStreamAddress:"127.0.0.1:15035"clientAddress:"127.0.0.1:15032"adminAddress:"127.0.0.1:15032"startupRole:FOLLOWER, id:"731aafee-c06b-4662-9d20-472061f2d46e"address:"127.0.0.1:15014"priority:1dataStreamAddress:"127.0.0.1:15017"clientAddress:"127.0.0.1:15014"adminAddress:"127.0.0.1:15014"startupRole:FOLLOWER, id:"43b7afd8-9e19-4b34-aad7-81b8e915bbb6"address:"127.0.0.1:15023"dataStreamAddress:"127.0.0.1:15026"clientAddress:"127.0.0.1:15023"adminAddress:"127.0.0.1:15023"startupRole:FOLLOWER, old:): org.apache.ratis.thirdparty.io.grpc.StatusRuntimeException: CANCELLED: client cancelled
2024-11-05 06:16:56,930 [44ff6b06-02d2-44ad-8aa1-4af94363565f-impl-thread2] INFO  server.RaftServer$Division (RaftServerImpl.java:lambda$close$1(509)) - 44ff6b06-02d2-44ad-8aa1-4af94363565f@group-83D748725593: shutdown
2024-11-05 06:16:56,930 [44ff6b06-02d2-44ad-8aa1-4af94363565f-impl-thread2] INFO  util.JmxRegister (JmxRegister.java:unregister(74)) - Successfully un-registered JMX Bean with object name Ratis:service=RaftServer,group=group-83D748725593,id=44ff6b06-02d2-44ad-8aa1-4af94363565f
2024-11-05 06:16:56,931 [44ff6b06-02d2-44ad-8aa1-4af94363565f-impl-thread2] INFO  impl.RoleInfo (RoleInfo.java:shutdownLeaderState(103)) - 44ff6b06-02d2-44ad-8aa1-4af94363565f: shutdown 44ff6b06-02d2-44ad-8aa1-4af94363565f@group-83D748725593-LeaderStateImpl
2024-11-05 06:16:56,931 [44ff6b06-02d2-44ad-8aa1-4af94363565f@group-83D748725593->731aafee-c06b-4662-9d20-472061f2d46e-GrpcLogAppender-LogAppenderDaemon] WARN  server.GrpcLogAppender (GrpcLogAppender.java:mayWait(293)) - 44ff6b06-02d2-44ad-8aa1-4af94363565f@group-83D748725593->731aafee-c06b-4662-9d20-472061f2d46e-GrpcLogAppender: Wait interrupted by java.lang.InterruptedException
2024-11-05 06:16:56,931 [44ff6b06-02d2-44ad-8aa1-4af94363565f-impl-thread2] INFO  impl.PendingRequests (PendingRequests.java:sendNotLeaderResponses(287)) - 44ff6b06-02d2-44ad-8aa1-4af94363565f@group-83D748725593-PendingRequests: sendNotLeaderResponses
2024-11-05 06:16:56,931 [44ff6b06-02d2-44ad-8aa1-4af94363565f@group-83D748725593->43b7afd8-9e19-4b34-aad7-81b8e915bbb6-GrpcLogAppender-LogAppenderDaemon] WARN  server.GrpcLogAppender (GrpcLogAppender.java:mayWait(293)) - 44ff6b06-02d2-44ad-8aa1-4af94363565f@group-83D748725593->43b7afd8-9e19-4b34-aad7-81b8e915bbb6-GrpcLogAppender: Wait interrupted by java.lang.InterruptedException
2024-11-05 06:16:56,932 [44ff6b06-02d2-44ad-8aa1-4af94363565f-impl-thread3] INFO  server.RaftServer$Division (RaftServerImpl.java:lambda$close$1(509)) - 44ff6b06-02d2-44ad-8aa1-4af94363565f@group-C41EF94B1934: shutdown
2024-11-05 06:16:56,932 [main] INFO  server.GrpcService (GrpcService.java:closeImpl(343)) - 44ff6b06-02d2-44ad-8aa1-4af94363565f: shutdown server GrpcServerProtocolService now
2024-11-05 06:16:56,934 [44ff6b06-02d2-44ad-8aa1-4af94363565f-impl-thread3] INFO  util.JmxRegister (JmxRegister.java:unregister(74)) - Successfully un-registered JMX Bean with object name Ratis:service=RaftServer,group=group-C41EF94B1934,id=44ff6b06-02d2-44ad-8aa1-4af94363565f
2024-11-05 06:16:56,934 [44ff6b06-02d2-44ad-8aa1-4af94363565f-impl-thread3] INFO  impl.RoleInfo (RoleInfo.java:shutdownFollowerState(119)) - 44ff6b06-02d2-44ad-8aa1-4af94363565f: shutdown 44ff6b06-02d2-44ad-8aa1-4af94363565f@group-C41EF94B1934-FollowerState
2024-11-05 06:16:56,934 [44ff6b06-02d2-44ad-8aa1-4af94363565f@group-83D748725593-StateMachineUpdater] INFO  ratis.ContainerStateMachine (ContainerStateMachine.java:takeSnapshot(361)) - group-83D748725593: Taking a snapshot at:(t:1, i:0) file /home/runner/work/ozone/ozone/hadoop-ozone/integration-test/target/test-dir/MiniOzoneClusterImpl-58399722-4c39-4f0d-a4d6-8a89216b262d/ozone-meta/datanode-3/ratis/09e0977e-6386-430c-9c36-83d748725593/sm/snapshot.1_0
2024-11-05 06:16:56,934 [44ff6b06-02d2-44ad-8aa1-4af94363565f-impl-thread2] INFO  impl.StateMachineUpdater (StateMachineUpdater.java:stopAndJoin(164)) - 44ff6b06-02d2-44ad-8aa1-4af94363565f@group-83D748725593-StateMachineUpdater: set stopIndex = 0
2024-11-05 06:16:56,935 [44ff6b06-02d2-44ad-8aa1-4af94363565f@group-C41EF94B1934-FollowerState] INFO  impl.FollowerState (FollowerState.java:run(153)) - 44ff6b06-02d2-44ad-8aa1-4af94363565f@group-C41EF94B1934-FollowerState was interrupted
2024-11-05 06:16:56,935 [Thread-838] INFO  server.GrpcServerProtocolClient (GrpcServerProtocolClient.java:close(105)) - 731aafee-c06b-4662-9d20-472061f2d46e Close channels
2024-11-05 06:16:56,936 [44ff6b06-02d2-44ad-8aa1-4af94363565f-impl-thread3] INFO  impl.StateMachineUpdater (StateMachineUpdater.java:stopAndJoin(164)) - 44ff6b06-02d2-44ad-8aa1-4af94363565f@group-C41EF94B1934-StateMachineUpdater: set stopIndex = 0
2024-11-05 06:16:56,935 [Thread-839] INFO  server.GrpcServerProtocolClient (GrpcServerProtocolClient.java:close(105)) - 43b7afd8-9e19-4b34-aad7-81b8e915bbb6 Close channels
2024-11-05 06:16:56,936 [44ff6b06-02d2-44ad-8aa1-4af94363565f@group-C41EF94B1934-StateMachineUpdater] INFO  ratis.ContainerStateMachine (ContainerStateMachine.java:takeSnapshot(361)) - group-C41EF94B1934: Taking a snapshot at:(t:1, i:0) file /home/runner/work/ozone/ozone/hadoop-ozone/integration-test/target/test-dir/MiniOzoneClusterImpl-58399722-4c39-4f0d-a4d6-8a89216b262d/ozone-meta/datanode-3/ratis/070fb56e-6c7a-4531-8d60-c41ef94b1934/sm/snapshot.1_0
2024-11-05 06:16:56,938 [main] INFO  server.GrpcService (GrpcService.java:closeImpl(352)) - 44ff6b06-02d2-44ad-8aa1-4af94363565f: shutdown server GrpcServerProtocolService successfully
2024-11-05 06:16:56,942 [43b7afd8-9e19-4b34-aad7-81b8e915bbb6@group-C41EF94B1934-StateMachineUpdater] INFO  ratis.ContainerStateMachine (ContainerStateMachine.java:takeSnapshot(372)) - group-C41EF94B1934: Finished taking a snapshot at:(t:1, i:0) file:/home/runner/work/ozone/ozone/hadoop-ozone/integration-test/target/test-dir/MiniOzoneClusterImpl-58399722-4c39-4f0d-a4d6-8a89216b262d/ozone-meta/datanode-2/ratis/070fb56e-6c7a-4531-8d60-c41ef94b1934/sm/snapshot.1_0 took: 39 ms
2024-11-05 06:16:56,942 [43b7afd8-9e19-4b34-aad7-81b8e915bbb6@group-0615DF56F7B4-StateMachineUpdater] INFO  ratis.ContainerStateMachine (ContainerStateMachine.java:takeSnapshot(372)) - group-0615DF56F7B4: Finished taking a snapshot at:(t:1, i:0) file:/home/runner/work/ozone/ozone/hadoop-ozone/integration-test/target/test-dir/MiniOzoneClusterImpl-58399722-4c39-4f0d-a4d6-8a89216b262d/ozone-meta/datanode-2/ratis/e09c32b0-fbbc-45b2-84e2-0615df56f7b4/sm/snapshot.1_0 took: 23 ms
2024-11-05 06:16:56,943 [44ff6b06-02d2-44ad-8aa1-4af94363565f@group-C41EF94B1934-StateMachineUpdater] INFO  ratis.ContainerStateMachine (ContainerStateMachine.java:takeSnapshot(372)) - group-C41EF94B1934: Finished taking a snapshot at:(t:1, i:0) file:/home/runner/work/ozone/ozone/hadoop-ozone/integration-test/target/test-dir/MiniOzoneClusterImpl-58399722-4c39-4f0d-a4d6-8a89216b262d/ozone-meta/datanode-3/ratis/070fb56e-6c7a-4531-8d60-c41ef94b1934/sm/snapshot.1_0 took: 6 ms
2024-11-05 06:16:56,943 [731aafee-c06b-4662-9d20-472061f2d46e@group-83D748725593-StateMachineUpdater] INFO  ratis.ContainerStateMachine (ContainerStateMachine.java:takeSnapshot(372)) - group-83D748725593: Finished taking a snapshot at:(t:1, i:0) file:/home/runner/work/ozone/ozone/hadoop-ozone/integration-test/target/test-dir/MiniOzoneClusterImpl-58399722-4c39-4f0d-a4d6-8a89216b262d/ozone-meta/datanode-1/ratis/09e0977e-6386-430c-9c36-83d748725593/sm/snapshot.1_0 took: 37 ms
2024-11-05 06:16:56,943 [43b7afd8-9e19-4b34-aad7-81b8e915bbb6@group-C41EF94B1934-StateMachineUpdater] INFO  impl.StateMachineUpdater (StateMachineUpdater.java:takeSnapshot(303)) - 43b7afd8-9e19-4b34-aad7-81b8e915bbb6@group-C41EF94B1934-StateMachineUpdater: Took a snapshot at index 0
2024-11-05 06:16:56,943 [43b7afd8-9e19-4b34-aad7-81b8e915bbb6@group-C41EF94B1934-StateMachineUpdater] INFO  impl.StateMachineUpdater (StateMachineUpdater.java:lambda$new$0(102)) - 43b7afd8-9e19-4b34-aad7-81b8e915bbb6@group-C41EF94B1934-StateMachineUpdater: snapshotIndex: updateIncreasingly -1 -> 0
2024-11-05 06:16:56,942 [731aafee-c06b-4662-9d20-472061f2d46e@group-ADA0F752C078-StateMachineUpdater] INFO  ratis.ContainerStateMachine (ContainerStateMachine.java:takeSnapshot(372)) - group-ADA0F752C078: Finished taking a snapshot at:(t:1, i:0) file:/home/runner/work/ozone/ozone/hadoop-ozone/integration-test/target/test-dir/MiniOzoneClusterImpl-58399722-4c39-4f0d-a4d6-8a89216b262d/ozone-meta/datanode-1/ratis/446e92fa-72b8-40e6-84dc-ada0f752c078/sm/snapshot.1_0 took: 41 ms
2024-11-05 06:16:56,943 [731aafee-c06b-4662-9d20-472061f2d46e@group-ADA0F752C078-StateMachineUpdater] INFO  impl.StateMachineUpdater (StateMachineUpdater.java:takeSnapshot(303)) - 731aafee-c06b-4662-9d20-472061f2d46e@group-ADA0F752C078-StateMachineUpdater: Took a snapshot at index 0
2024-11-05 06:16:56,943 [731aafee-c06b-4662-9d20-472061f2d46e@group-ADA0F752C078-StateMachineUpdater] INFO  impl.StateMachineUpdater (StateMachineUpdater.java:lambda$new$0(102)) - 731aafee-c06b-4662-9d20-472061f2d46e@group-ADA0F752C078-StateMachineUpdater: snapshotIndex: updateIncreasingly -1 -> 0
2024-11-05 06:16:56,942 [731aafee-c06b-4662-9d20-472061f2d46e@group-C41EF94B1934-StateMachineUpdater] INFO  ratis.ContainerStateMachine (ContainerStateMachine.java:takeSnapshot(372)) - group-C41EF94B1934: Finished taking a snapshot at:(t:1, i:0) file:/home/runner/work/ozone/ozone/hadoop-ozone/integration-test/target/test-dir/MiniOzoneClusterImpl-58399722-4c39-4f0d-a4d6-8a89216b262d/ozone-meta/datanode-1/ratis/070fb56e-6c7a-4531-8d60-c41ef94b1934/sm/snapshot.1_0 took: 28 ms
2024-11-05 06:16:56,944 [731aafee-c06b-4662-9d20-472061f2d46e@group-C41EF94B1934-StateMachineUpdater] INFO  impl.StateMachineUpdater (StateMachineUpdater.java:takeSnapshot(303)) - 731aafee-c06b-4662-9d20-472061f2d46e@group-C41EF94B1934-StateMachineUpdater: Took a snapshot at index 0
2024-11-05 06:16:56,944 [731aafee-c06b-4662-9d20-472061f2d46e@group-C41EF94B1934-StateMachineUpdater] INFO  impl.StateMachineUpdater (StateMachineUpdater.java:lambda$new$0(102)) - 731aafee-c06b-4662-9d20-472061f2d46e@group-C41EF94B1934-StateMachineUpdater: snapshotIndex: updateIncreasingly -1 -> 0
2024-11-05 06:16:56,942 [44ff6b06-02d2-44ad-8aa1-4af94363565f@group-D91AC16046A8-StateMachineUpdater] INFO  ratis.ContainerStateMachine (ContainerStateMachine.java:takeSnapshot(372)) - group-D91AC16046A8: Finished taking a snapshot at:(t:1, i:0) file:/home/runner/work/ozone/ozone/hadoop-ozone/integration-test/target/test-dir/MiniOzoneClusterImpl-58399722-4c39-4f0d-a4d6-8a89216b262d/ozone-meta/datanode-3/ratis/e610ab2e-92e0-44ea-a564-d91ac16046a8/sm/snapshot.1_0 took: 30 ms
2024-11-05 06:16:56,944 [44ff6b06-02d2-44ad-8aa1-4af94363565f@group-D91AC16046A8-StateMachineUpdater] INFO  impl.StateMachineUpdater (StateMachineUpdater.java:takeSnapshot(303)) - 44ff6b06-02d2-44ad-8aa1-4af94363565f@group-D91AC16046A8-StateMachineUpdater: Took a snapshot at index 0
2024-11-05 06:16:56,944 [44ff6b06-02d2-44ad-8aa1-4af94363565f@group-D91AC16046A8-StateMachineUpdater] INFO  impl.StateMachineUpdater (StateMachineUpdater.java:lambda$new$0(102)) - 44ff6b06-02d2-44ad-8aa1-4af94363565f@group-D91AC16046A8-StateMachineUpdater: snapshotIndex: updateIncreasingly -1 -> 0
2024-11-05 06:16:56,942 [43b7afd8-9e19-4b34-aad7-81b8e915bbb6@group-83D748725593-StateMachineUpdater] INFO  ratis.ContainerStateMachine (ContainerStateMachine.java:takeSnapshot(372)) - group-83D748725593: Finished taking a snapshot at:(t:1, i:0) file:/home/runner/work/ozone/ozone/hadoop-ozone/integration-test/target/test-dir/MiniOzoneClusterImpl-58399722-4c39-4f0d-a4d6-8a89216b262d/ozone-meta/datanode-2/ratis/09e0977e-6386-430c-9c36-83d748725593/sm/snapshot.1_0 took: 43 ms
2024-11-05 06:16:56,944 [43b7afd8-9e19-4b34-aad7-81b8e915bbb6@group-83D748725593-StateMachineUpdater] INFO  impl.StateMachineUpdater (StateMachineUpdater.java:takeSnapshot(303)) - 43b7afd8-9e19-4b34-aad7-81b8e915bbb6@group-83D748725593-StateMachineUpdater: Took a snapshot at index 0
2024-11-05 06:16:56,944 [43b7afd8-9e19-4b34-aad7-81b8e915bbb6@group-83D748725593-StateMachineUpdater] INFO  impl.StateMachineUpdater (StateMachineUpdater.java:lambda$new$0(102)) - 43b7afd8-9e19-4b34-aad7-81b8e915bbb6@group-83D748725593-StateMachineUpdater: snapshotIndex: updateIncreasingly -1 -> 0
2024-11-05 06:16:56,945 [44ff6b06-02d2-44ad-8aa1-4af94363565f@group-C41EF94B1934-StateMachineUpdater] INFO  impl.StateMachineUpdater (StateMachineUpdater.java:takeSnapshot(303)) - 44ff6b06-02d2-44ad-8aa1-4af94363565f@group-C41EF94B1934-StateMachineUpdater: Took a snapshot at index 0
2024-11-05 06:16:56,945 [44ff6b06-02d2-44ad-8aa1-4af94363565f@group-C41EF94B1934-StateMachineUpdater] INFO  impl.StateMachineUpdater (StateMachineUpdater.java:lambda$new$0(102)) - 44ff6b06-02d2-44ad-8aa1-4af94363565f@group-C41EF94B1934-StateMachineUpdater: snapshotIndex: updateIncreasingly -1 -> 0
2024-11-05 06:16:56,945 [43b7afd8-9e19-4b34-aad7-81b8e915bbb6@group-0615DF56F7B4-StateMachineUpdater] INFO  impl.StateMachineUpdater (StateMachineUpdater.java:takeSnapshot(303)) - 43b7afd8-9e19-4b34-aad7-81b8e915bbb6@group-0615DF56F7B4-StateMachineUpdater: Took a snapshot at index 0
2024-11-05 06:16:56,947 [43b7afd8-9e19-4b34-aad7-81b8e915bbb6@group-0615DF56F7B4-StateMachineUpdater] INFO  impl.StateMachineUpdater (StateMachineUpdater.java:lambda$new$0(102)) - 43b7afd8-9e19-4b34-aad7-81b8e915bbb6@group-0615DF56F7B4-StateMachineUpdater: snapshotIndex: updateIncreasingly -1 -> 0
2024-11-05 06:16:56,943 [731aafee-c06b-4662-9d20-472061f2d46e@group-83D748725593-StateMachineUpdater] INFO  impl.StateMachineUpdater (StateMachineUpdater.java:takeSnapshot(303)) - 731aafee-c06b-4662-9d20-472061f2d46e@group-83D748725593-StateMachineUpdater: Took a snapshot at index 0
2024-11-05 06:16:56,947 [731aafee-c06b-4662-9d20-472061f2d46e@group-83D748725593-StateMachineUpdater] INFO  impl.StateMachineUpdater (StateMachineUpdater.java:lambda$new$0(102)) - 731aafee-c06b-4662-9d20-472061f2d46e@group-83D748725593-StateMachineUpdater: snapshotIndex: updateIncreasingly -1 -> 0
2024-11-05 06:16:56,946 [43b7afd8-9e19-4b34-aad7-81b8e915bbb6-NettyServerStreamRpc-bossGroup--thread1] INFO  logging.LoggingHandler (AbstractInternalLogger.java:log(148)) - [id: 0x361deec9, L:/0.0.0.0:15026] CLOSE
2024-11-05 06:16:56,947 [43b7afd8-9e19-4b34-aad7-81b8e915bbb6-NettyServerStreamRpc-bossGroup--thread1] INFO  logging.LoggingHandler (AbstractInternalLogger.java:log(148)) - [id: 0x361deec9, L:/0.0.0.0:15026] INACTIVE
2024-11-05 06:16:56,947 [43b7afd8-9e19-4b34-aad7-81b8e915bbb6-NettyServerStreamRpc-bossGroup--thread1] INFO  logging.LoggingHandler (AbstractInternalLogger.java:log(148)) - [id: 0x361deec9, L:/0.0.0.0:15026] UNREGISTERED
2024-11-05 06:16:56,945 [44ff6b06-02d2-44ad-8aa1-4af94363565f@group-83D748725593-StateMachineUpdater] INFO  ratis.ContainerStateMachine (ContainerStateMachine.java:takeSnapshot(372)) - group-83D748725593: Finished taking a snapshot at:(t:1, i:0) file:/home/runner/work/ozone/ozone/hadoop-ozone/integration-test/target/test-dir/MiniOzoneClusterImpl-58399722-4c39-4f0d-a4d6-8a89216b262d/ozone-meta/datanode-3/ratis/09e0977e-6386-430c-9c36-83d748725593/sm/snapshot.1_0 took: 11 ms
2024-11-05 06:16:56,948 [44ff6b06-02d2-44ad-8aa1-4af94363565f@group-83D748725593-StateMachineUpdater] INFO  impl.StateMachineUpdater (StateMachineUpdater.java:takeSnapshot(303)) - 44ff6b06-02d2-44ad-8aa1-4af94363565f@group-83D748725593-StateMachineUpdater: Took a snapshot at index 0
2024-11-05 06:16:56,948 [44ff6b06-02d2-44ad-8aa1-4af94363565f@group-83D748725593-StateMachineUpdater] INFO  impl.StateMachineUpdater (StateMachineUpdater.java:lambda$new$0(102)) - 44ff6b06-02d2-44ad-8aa1-4af94363565f@group-83D748725593-StateMachineUpdater: snapshotIndex: updateIncreasingly -1 -> 0
2024-11-05 06:16:56,949 [43b7afd8-9e19-4b34-aad7-81b8e915bbb6@group-C41EF94B1934-StateMachineUpdater] INFO  impl.StateMachineUpdater (StateMachineUpdater.java:stop(141)) - 43b7afd8-9e19-4b34-aad7-81b8e915bbb6@group-C41EF94B1934-StateMachineUpdater: closing ContainerStateMachine, lastApplied=(t:1, i:0)
2024-11-05 06:16:56,950 [43b7afd8-9e19-4b34-aad7-81b8e915bbb6@group-C41EF94B1934-cacheEviction-AwaitToRun] INFO  util.AwaitToRun (AwaitToRun.java:run(49)) - 43b7afd8-9e19-4b34-aad7-81b8e915bbb6@group-C41EF94B1934-cacheEviction-AwaitToRun-AwaitForSignal is interrupted
2024-11-05 06:16:56,950 [43b7afd8-9e19-4b34-aad7-81b8e915bbb6@group-83D748725593-StateMachineUpdater] INFO  impl.StateMachineUpdater (StateMachineUpdater.java:stop(141)) - 43b7afd8-9e19-4b34-aad7-81b8e915bbb6@group-83D748725593-StateMachineUpdater: closing ContainerStateMachine, lastApplied=(t:1, i:0)
2024-11-05 06:16:56,950 [731aafee-c06b-4662-9d20-472061f2d46e@group-ADA0F752C078-StateMachineUpdater] INFO  impl.StateMachineUpdater (StateMachineUpdater.java:stop(141)) - 731aafee-c06b-4662-9d20-472061f2d46e@group-ADA0F752C078-StateMachineUpdater: closing ContainerStateMachine, lastApplied=(t:1, i:0)
2024-11-05 06:16:56,950 [44ff6b06-02d2-44ad-8aa1-4af94363565f@group-D91AC16046A8-StateMachineUpdater] INFO  impl.StateMachineUpdater (StateMachineUpdater.java:stop(141)) - 44ff6b06-02d2-44ad-8aa1-4af94363565f@group-D91AC16046A8-StateMachineUpdater: closing ContainerStateMachine, lastApplied=(t:1, i:0)
2024-11-05 06:16:56,950 [43b7afd8-9e19-4b34-aad7-81b8e915bbb6@group-0615DF56F7B4-StateMachineUpdater] INFO  impl.StateMachineUpdater (StateMachineUpdater.java:stop(141)) - 43b7afd8-9e19-4b34-aad7-81b8e915bbb6@group-0615DF56F7B4-StateMachineUpdater: closing ContainerStateMachine, lastApplied=(t:1, i:0)
2024-11-05 06:16:56,951 [44ff6b06-02d2-44ad-8aa1-4af94363565f@group-C41EF94B1934-StateMachineUpdater] INFO  impl.StateMachineUpdater (StateMachineUpdater.java:stop(141)) - 44ff6b06-02d2-44ad-8aa1-4af94363565f@group-C41EF94B1934-StateMachineUpdater: closing ContainerStateMachine, lastApplied=(t:1, i:0)
2024-11-05 06:16:56,951 [44ff6b06-02d2-44ad-8aa1-4af94363565f@group-C41EF94B1934-cacheEviction-AwaitToRun] INFO  util.AwaitToRun (AwaitToRun.java:run(49)) - 44ff6b06-02d2-44ad-8aa1-4af94363565f@group-C41EF94B1934-cacheEviction-AwaitToRun-AwaitForSignal is interrupted
2024-11-05 06:16:56,950 [731aafee-c06b-4662-9d20-472061f2d46e@group-C41EF94B1934-StateMachineUpdater] INFO  impl.StateMachineUpdater (StateMachineUpdater.java:stop(141)) - 731aafee-c06b-4662-9d20-472061f2d46e@group-C41EF94B1934-StateMachineUpdater: closing ContainerStateMachine, lastApplied=(t:1, i:0)
2024-11-05 06:16:56,950 [44ff6b06-02d2-44ad-8aa1-4af94363565f@group-D91AC16046A8-cacheEviction-AwaitToRun] INFO  util.AwaitToRun (AwaitToRun.java:run(49)) - 44ff6b06-02d2-44ad-8aa1-4af94363565f@group-D91AC16046A8-cacheEviction-AwaitToRun-AwaitForSignal is interrupted
2024-11-05 06:16:56,951 [731aafee-c06b-4662-9d20-472061f2d46e@group-C41EF94B1934-cacheEviction-AwaitToRun] INFO  util.AwaitToRun (AwaitToRun.java:run(49)) - 731aafee-c06b-4662-9d20-472061f2d46e@group-C41EF94B1934-cacheEviction-AwaitToRun-AwaitForSignal is interrupted
2024-11-05 06:16:56,950 [731aafee-c06b-4662-9d20-472061f2d46e@group-ADA0F752C078-cacheEviction-AwaitToRun] INFO  util.AwaitToRun (AwaitToRun.java:run(49)) - 731aafee-c06b-4662-9d20-472061f2d46e@group-ADA0F752C078-cacheEviction-AwaitToRun-AwaitForSignal is interrupted
2024-11-05 06:16:56,950 [43b7afd8-9e19-4b34-aad7-81b8e915bbb6@group-83D748725593-cacheEviction-AwaitToRun] INFO  util.AwaitToRun (AwaitToRun.java:run(49)) - 43b7afd8-9e19-4b34-aad7-81b8e915bbb6@group-83D748725593-cacheEviction-AwaitToRun-AwaitForSignal is interrupted
2024-11-05 06:16:56,952 [43b7afd8-9e19-4b34-aad7-81b8e915bbb6@group-0615DF56F7B4-cacheEviction-AwaitToRun] INFO  util.AwaitToRun (AwaitToRun.java:run(49)) - 43b7afd8-9e19-4b34-aad7-81b8e915bbb6@group-0615DF56F7B4-cacheEviction-AwaitToRun-AwaitForSignal is interrupted
2024-11-05 06:16:56,952 [731aafee-c06b-4662-9d20-472061f2d46e@group-83D748725593-StateMachineUpdater] INFO  impl.StateMachineUpdater (StateMachineUpdater.java:stop(141)) - 731aafee-c06b-4662-9d20-472061f2d46e@group-83D748725593-StateMachineUpdater: closing ContainerStateMachine, lastApplied=(t:1, i:0)
2024-11-05 06:16:56,952 [44ff6b06-02d2-44ad-8aa1-4af94363565f@group-83D748725593-StateMachineUpdater] INFO  impl.StateMachineUpdater (StateMachineUpdater.java:stop(141)) - 44ff6b06-02d2-44ad-8aa1-4af94363565f@group-83D748725593-StateMachineUpdater: closing ContainerStateMachine, lastApplied=(t:1, i:0)
2024-11-05 06:16:56,955 [731aafee-c06b-4662-9d20-472061f2d46e@group-83D748725593-cacheEviction-AwaitToRun] INFO  util.AwaitToRun (AwaitToRun.java:run(49)) - 731aafee-c06b-4662-9d20-472061f2d46e@group-83D748725593-cacheEviction-AwaitToRun-AwaitForSignal is interrupted
2024-11-05 06:16:56,955 [44ff6b06-02d2-44ad-8aa1-4af94363565f@group-83D748725593-cacheEviction-AwaitToRun] INFO  util.AwaitToRun (AwaitToRun.java:run(49)) - 44ff6b06-02d2-44ad-8aa1-4af94363565f@group-83D748725593-cacheEviction-AwaitToRun-AwaitForSignal is interrupted
2024-11-05 06:16:56,960 [731aafee-c06b-4662-9d20-472061f2d46e-NettyServerStreamRpc-bossGroup--thread1] INFO  logging.LoggingHandler (AbstractInternalLogger.java:log(148)) - [id: 0xf4a4fc21, L:/0.0.0.0:15017] CLOSE
2024-11-05 06:16:56,960 [731aafee-c06b-4662-9d20-472061f2d46e-NettyServerStreamRpc-bossGroup--thread1] INFO  logging.LoggingHandler (AbstractInternalLogger.java:log(148)) - [id: 0xf4a4fc21, L:/0.0.0.0:15017] INACTIVE
2024-11-05 06:16:56,960 [731aafee-c06b-4662-9d20-472061f2d46e-NettyServerStreamRpc-bossGroup--thread1] INFO  logging.LoggingHandler (AbstractInternalLogger.java:log(148)) - [id: 0xf4a4fc21, L:/0.0.0.0:15017] UNREGISTERED
2024-11-05 06:16:56,962 [44ff6b06-02d2-44ad-8aa1-4af94363565f-NettyServerStreamRpc-bossGroup--thread1] INFO  logging.LoggingHandler (AbstractInternalLogger.java:log(148)) - [id: 0x7382c502, L:/0.0.0.0:15035] CLOSE
2024-11-05 06:16:56,962 [44ff6b06-02d2-44ad-8aa1-4af94363565f-NettyServerStreamRpc-bossGroup--thread1] INFO  logging.LoggingHandler (AbstractInternalLogger.java:log(148)) - [id: 0x7382c502, L:/0.0.0.0:15035] INACTIVE
2024-11-05 06:16:56,962 [44ff6b06-02d2-44ad-8aa1-4af94363565f-NettyServerStreamRpc-bossGroup--thread1] INFO  logging.LoggingHandler (AbstractInternalLogger.java:log(148)) - [id: 0x7382c502, L:/0.0.0.0:15035] UNREGISTERED
2024-11-05 06:16:56,965 [731aafee-c06b-4662-9d20-472061f2d46e-impl-thread2] INFO  segmented.SegmentedRaftLogWorker (SegmentedRaftLogWorker.java:close(251)) - 731aafee-c06b-4662-9d20-472061f2d46e@group-C41EF94B1934-SegmentedRaftLogWorker close()
2024-11-05 06:16:56,965 [731aafee-c06b-4662-9d20-472061f2d46e-impl-thread2] INFO  ratis.ContainerStateMachine (ContainerStateMachine.java:notifyServerShutdown(953)) - group-C41EF94B1934 is closed by HddsDatanodeService
2024-11-05 06:16:57,021 [44ff6b06-02d2-44ad-8aa1-4af94363565f-impl-thread3] INFO  segmented.SegmentedRaftLogWorker (SegmentedRaftLogWorker.java:close(251)) - 44ff6b06-02d2-44ad-8aa1-4af94363565f@group-C41EF94B1934-SegmentedRaftLogWorker close()
2024-11-05 06:16:57,023 [44ff6b06-02d2-44ad-8aa1-4af94363565f-impl-thread3] INFO  ratis.ContainerStateMachine (ContainerStateMachine.java:notifyServerShutdown(953)) - group-C41EF94B1934 is closed by HddsDatanodeService
2024-11-05 06:16:57,025 [43b7afd8-9e19-4b34-aad7-81b8e915bbb6-impl-thread3] INFO  segmented.SegmentedRaftLogWorker (SegmentedRaftLogWorker.java:close(251)) - 43b7afd8-9e19-4b34-aad7-81b8e915bbb6@group-C41EF94B1934-SegmentedRaftLogWorker close()
2024-11-05 06:16:57,025 [43b7afd8-9e19-4b34-aad7-81b8e915bbb6-impl-thread3] INFO  ratis.ContainerStateMachine (ContainerStateMachine.java:notifyServerShutdown(953)) - group-C41EF94B1934 is closed by HddsDatanodeService
2024-11-05 06:16:57,203 [43b7afd8-9e19-4b34-aad7-81b8e915bbb6-impl-thread2] INFO  segmented.SegmentedRaftLogWorker (SegmentedRaftLogWorker.java:close(251)) - 43b7afd8-9e19-4b34-aad7-81b8e915bbb6@group-0615DF56F7B4-SegmentedRaftLogWorker close()
2024-11-05 06:16:57,203 [43b7afd8-9e19-4b34-aad7-81b8e915bbb6-impl-thread2] INFO  ratis.ContainerStateMachine (ContainerStateMachine.java:notifyServerShutdown(953)) - group-0615DF56F7B4 is closed by HddsDatanodeService
2024-11-05 06:16:57,370 [44ff6b06-02d2-44ad-8aa1-4af94363565f-impl-thread2] INFO  segmented.SegmentedRaftLogWorker (SegmentedRaftLogWorker.java:close(251)) - 44ff6b06-02d2-44ad-8aa1-4af94363565f@group-83D748725593-SegmentedRaftLogWorker close()
2024-11-05 06:16:57,370 [44ff6b06-02d2-44ad-8aa1-4af94363565f-impl-thread2] INFO  ratis.ContainerStateMachine (ContainerStateMachine.java:notifyServerShutdown(953)) - group-83D748725593 is closed by HddsDatanodeService
2024-11-05 06:16:57,388 [731aafee-c06b-4662-9d20-472061f2d46e-impl-thread1] INFO  segmented.SegmentedRaftLogWorker (SegmentedRaftLogWorker.java:close(251)) - 731aafee-c06b-4662-9d20-472061f2d46e@group-83D748725593-SegmentedRaftLogWorker close()
2024-11-05 06:16:57,388 [731aafee-c06b-4662-9d20-472061f2d46e-impl-thread1] INFO  ratis.ContainerStateMachine (ContainerStateMachine.java:notifyServerShutdown(953)) - group-83D748725593 is closed by HddsDatanodeService
2024-11-05 06:16:57,400 [43b7afd8-9e19-4b34-aad7-81b8e915bbb6-impl-thread1] INFO  segmented.SegmentedRaftLogWorker (SegmentedRaftLogWorker.java:close(251)) - 43b7afd8-9e19-4b34-aad7-81b8e915bbb6@group-83D748725593-SegmentedRaftLogWorker close()
2024-11-05 06:16:57,401 [43b7afd8-9e19-4b34-aad7-81b8e915bbb6-impl-thread1] INFO  ratis.ContainerStateMachine (ContainerStateMachine.java:notifyServerShutdown(953)) - group-83D748725593 is closed by HddsDatanodeService
2024-11-05 06:16:57,401 [JvmPauseMonitor4] INFO  util.JvmPauseMonitor (JvmPauseMonitor.java:run(152)) - JvmPauseMonitor-43b7afd8-9e19-4b34-aad7-81b8e915bbb6: Stopped
2024-11-05 06:16:57,487 [44ff6b06-02d2-44ad-8aa1-4af94363565f-impl-thread1] INFO  segmented.SegmentedRaftLogWorker (SegmentedRaftLogWorker.java:close(251)) - 44ff6b06-02d2-44ad-8aa1-4af94363565f@group-D91AC16046A8-SegmentedRaftLogWorker close()
2024-11-05 06:16:57,487 [44ff6b06-02d2-44ad-8aa1-4af94363565f-impl-thread1] INFO  ratis.ContainerStateMachine (ContainerStateMachine.java:notifyServerShutdown(953)) - group-D91AC16046A8 is closed by HddsDatanodeService
2024-11-05 06:16:57,487 [JvmPauseMonitor5] INFO  util.JvmPauseMonitor (JvmPauseMonitor.java:run(152)) - JvmPauseMonitor-44ff6b06-02d2-44ad-8aa1-4af94363565f: Stopped
2024-11-05 06:16:57,875 [731aafee-c06b-4662-9d20-472061f2d46e-impl-thread3] INFO  segmented.SegmentedRaftLogWorker (SegmentedRaftLogWorker.java:close(251)) - 731aafee-c06b-4662-9d20-472061f2d46e@group-ADA0F752C078-SegmentedRaftLogWorker close()
2024-11-05 06:16:57,875 [731aafee-c06b-4662-9d20-472061f2d46e-impl-thread3] INFO  ratis.ContainerStateMachine (ContainerStateMachine.java:notifyServerShutdown(953)) - group-ADA0F752C078 is closed by HddsDatanodeService
2024-11-05 06:16:57,875 [JvmPauseMonitor3] INFO  util.JvmPauseMonitor (JvmPauseMonitor.java:run(152)) - JvmPauseMonitor-731aafee-c06b-4662-9d20-472061f2d46e: Stopped
2024-11-05 06:16:59,404 [ForkJoinPool.commonPool-worker-2] INFO  utils.DatanodeStoreCache (DatanodeStoreCache.java:shutdownCache(116)) - Skip clearing cache in mini cluster mode. Entries left: [/home/runner/work/ozone/ozone/hadoop-ozone/integration-test/target/test-dir/MiniOzoneClusterImpl-58399722-4c39-4f0d-a4d6-8a89216b262d/ozone-meta/datanode-1/data-0/hdds/58399722-4c39-4f0d-a4d6-8a89216b262d/DS-b7594af3-b520-4986-a536-6327141a9228/container.db, /home/runner/work/ozone/ozone/hadoop-ozone/integration-test/target/test-dir/MiniOzoneClusterImpl-58399722-4c39-4f0d-a4d6-8a89216b262d/ozone-meta/datanode-2/data-0/hdds/58399722-4c39-4f0d-a4d6-8a89216b262d/DS-4a07d8cf-5b99-451b-b8ba-de022e39d5bb/container.db, /home/runner/work/ozone/ozone/hadoop-ozone/integration-test/target/test-dir/MiniOzoneClusterImpl-58399722-4c39-4f0d-a4d6-8a89216b262d/ozone-meta/datanode-3/data-0/hdds/58399722-4c39-4f0d-a4d6-8a89216b262d/DS-58268263-3ed2-494a-817e-72a64ed9c1c1/container.db]
2024-11-05 06:16:59,405 [ForkJoinPool.commonPool-worker-2] INFO  utils.DatanodeStoreCache (DatanodeStoreCache.java:removeDB(110)) - Removed db /home/runner/work/ozone/ozone/hadoop-ozone/integration-test/target/test-dir/MiniOzoneClusterImpl-58399722-4c39-4f0d-a4d6-8a89216b262d/ozone-meta/datanode-2/data-0/hdds/58399722-4c39-4f0d-a4d6-8a89216b262d/DS-4a07d8cf-5b99-451b-b8ba-de022e39d5bb/container.db from cache
2024-11-05 06:16:59,405 [ForkJoinPool.commonPool-worker-2] INFO  volume.HddsVolume (HddsVolume.java:closeDbStore(462)) - SchemaV3 db is stopped at /home/runner/work/ozone/ozone/hadoop-ozone/integration-test/target/test-dir/MiniOzoneClusterImpl-58399722-4c39-4f0d-a4d6-8a89216b262d/ozone-meta/datanode-2/data-0/hdds/58399722-4c39-4f0d-a4d6-8a89216b262d/DS-4a07d8cf-5b99-451b-b8ba-de022e39d5bb/container.db for volume DS-4a07d8cf-5b99-451b-b8ba-de022e39d5bb
2024-11-05 06:16:59,405 [ForkJoinPool.commonPool-worker-2] INFO  utils.BackgroundService (BackgroundService.java:shutdown(163)) - Shutting down service BlockDeletingService
2024-11-05 06:16:59,405 [ForkJoinPool.commonPool-worker-2] INFO  utils.BackgroundService (BackgroundService.java:shutdown(163)) - Shutting down service StaleRecoveringContainerScrubbingService
2024-11-05 06:16:59,406 [ForkJoinPool.commonPool-worker-2] INFO  statemachine.DatanodeStateMachine (DatanodeStateMachine.java:stopDaemon(626)) - Ozone container server stopped.
2024-11-05 06:16:59,419 [ForkJoinPool.commonPool-worker-2] INFO  handler.ContextHandler (ContextHandler.java:doStop(1159)) - Stopped o.e.j.w.WebAppContext@3dbb0cb4{hddsDatanode,/,null,STOPPED}{jar:file:/home/runner/work/ozone/ozone/hadoop-hdds/container-service/target/hdds-container-service-2.0.0-SNAPSHOT.jar!/webapps/hddsDatanode}
2024-11-05 06:16:59,419 [ForkJoinPool.commonPool-worker-2] INFO  server.AbstractConnector (AbstractConnector.java:doStop(383)) - Stopped ServerConnector@4f3a6be0{HTTP/1.1, (http/1.1)}{0.0.0.0:15020}
2024-11-05 06:16:59,419 [ForkJoinPool.commonPool-worker-2] INFO  server.session (HouseKeeper.java:stopScavenging(149)) - node0 Stopped scavenging
2024-11-05 06:16:59,420 [ForkJoinPool.commonPool-worker-2] INFO  handler.ContextHandler (ContextHandler.java:doStop(1159)) - Stopped o.e.j.s.ServletContextHandler@5e5ebb7c{static,/static,jar:file:/home/runner/work/ozone/ozone/hadoop-hdds/container-service/target/hdds-container-service-2.0.0-SNAPSHOT.jar!/webapps/static,STOPPED}
2024-11-05 06:16:59,420 [ForkJoinPool.commonPool-worker-2] INFO  handler.ContextHandler (ContextHandler.java:doStop(1159)) - Stopped o.e.j.s.ServletContextHandler@42c309e9{logs,/logs,file:///home/runner/work/ozone/ozone/hadoop-ozone/integration-test/target/log,STOPPED}
2024-11-05 06:16:59,420 [ForkJoinPool.commonPool-worker-2] INFO  ozone.HddsDatanodeClientProtocolServer (HddsDatanodeClientProtocolServer.java:stop(85)) - Stopping the RPC server for Client Protocol
2024-11-05 06:16:59,420 [ForkJoinPool.commonPool-worker-2] INFO  ipc.Server (Server.java:stop(3523)) - Stopping server on 15021
2024-11-05 06:16:59,422 [IPC Server listener on 15021] INFO  ipc.Server (Server.java:run(1434)) - Stopping IPC Server listener on 15021
2024-11-05 06:16:59,422 [IPC Server Responder] INFO  ipc.Server (Server.java:run(1567)) - Stopping IPC Server Responder
2024-11-05 06:16:59,490 [main] INFO  utils.DatanodeStoreCache (DatanodeStoreCache.java:shutdownCache(116)) - Skip clearing cache in mini cluster mode. Entries left: [/home/runner/work/ozone/ozone/hadoop-ozone/integration-test/target/test-dir/MiniOzoneClusterImpl-58399722-4c39-4f0d-a4d6-8a89216b262d/ozone-meta/datanode-1/data-0/hdds/58399722-4c39-4f0d-a4d6-8a89216b262d/DS-b7594af3-b520-4986-a536-6327141a9228/container.db, /home/runner/work/ozone/ozone/hadoop-ozone/integration-test/target/test-dir/MiniOzoneClusterImpl-58399722-4c39-4f0d-a4d6-8a89216b262d/ozone-meta/datanode-3/data-0/hdds/58399722-4c39-4f0d-a4d6-8a89216b262d/DS-58268263-3ed2-494a-817e-72a64ed9c1c1/container.db]
2024-11-05 06:16:59,491 [main] INFO  utils.DatanodeStoreCache (DatanodeStoreCache.java:removeDB(110)) - Removed db /home/runner/work/ozone/ozone/hadoop-ozone/integration-test/target/test-dir/MiniOzoneClusterImpl-58399722-4c39-4f0d-a4d6-8a89216b262d/ozone-meta/datanode-3/data-0/hdds/58399722-4c39-4f0d-a4d6-8a89216b262d/DS-58268263-3ed2-494a-817e-72a64ed9c1c1/container.db from cache
2024-11-05 06:16:59,491 [main] INFO  volume.HddsVolume (HddsVolume.java:closeDbStore(462)) - SchemaV3 db is stopped at /home/runner/work/ozone/ozone/hadoop-ozone/integration-test/target/test-dir/MiniOzoneClusterImpl-58399722-4c39-4f0d-a4d6-8a89216b262d/ozone-meta/datanode-3/data-0/hdds/58399722-4c39-4f0d-a4d6-8a89216b262d/DS-58268263-3ed2-494a-817e-72a64ed9c1c1/container.db for volume DS-58268263-3ed2-494a-817e-72a64ed9c1c1
2024-11-05 06:16:59,491 [main] INFO  utils.BackgroundService (BackgroundService.java:shutdown(163)) - Shutting down service BlockDeletingService
2024-11-05 06:16:59,491 [main] INFO  utils.BackgroundService (BackgroundService.java:shutdown(163)) - Shutting down service StaleRecoveringContainerScrubbingService
2024-11-05 06:16:59,492 [main] INFO  statemachine.DatanodeStateMachine (DatanodeStateMachine.java:stopDaemon(626)) - Ozone container server stopped.
2024-11-05 06:16:59,505 [main] INFO  handler.ContextHandler (ContextHandler.java:doStop(1159)) - Stopped o.e.j.w.WebAppContext@4907d3e5{hddsDatanode,/,null,STOPPED}{jar:file:/home/runner/work/ozone/ozone/hadoop-hdds/container-service/target/hdds-container-service-2.0.0-SNAPSHOT.jar!/webapps/hddsDatanode}
2024-11-05 06:16:59,506 [main] INFO  server.AbstractConnector (AbstractConnector.java:doStop(383)) - Stopped ServerConnector@3a1b07d{HTTP/1.1, (http/1.1)}{0.0.0.0:15029}
2024-11-05 06:16:59,506 [main] INFO  server.session (HouseKeeper.java:stopScavenging(149)) - node0 Stopped scavenging
2024-11-05 06:16:59,506 [main] INFO  handler.ContextHandler (ContextHandler.java:doStop(1159)) - Stopped o.e.j.s.ServletContextHandler@70b2ff6f{static,/static,jar:file:/home/runner/work/ozone/ozone/hadoop-hdds/container-service/target/hdds-container-service-2.0.0-SNAPSHOT.jar!/webapps/static,STOPPED}
2024-11-05 06:16:59,506 [main] INFO  handler.ContextHandler (ContextHandler.java:doStop(1159)) - Stopped o.e.j.s.ServletContextHandler@32cbf657{logs,/logs,file:///home/runner/work/ozone/ozone/hadoop-ozone/integration-test/target/log,STOPPED}
2024-11-05 06:16:59,507 [main] INFO  ozone.HddsDatanodeClientProtocolServer (HddsDatanodeClientProtocolServer.java:stop(85)) - Stopping the RPC server for Client Protocol
2024-11-05 06:16:59,507 [main] INFO  ipc.Server (Server.java:stop(3523)) - Stopping server on 15030
2024-11-05 06:16:59,511 [IPC Server listener on 15030] INFO  ipc.Server (Server.java:run(1434)) - Stopping IPC Server listener on 15030
2024-11-05 06:16:59,511 [IPC Server Responder] INFO  ipc.Server (Server.java:run(1567)) - Stopping IPC Server Responder
2024-11-05 06:16:59,878 [ForkJoinPool.commonPool-worker-1] INFO  utils.DatanodeStoreCache (DatanodeStoreCache.java:shutdownCache(116)) - Skip clearing cache in mini cluster mode. Entries left: [/home/runner/work/ozone/ozone/hadoop-ozone/integration-test/target/test-dir/MiniOzoneClusterImpl-58399722-4c39-4f0d-a4d6-8a89216b262d/ozone-meta/datanode-1/data-0/hdds/58399722-4c39-4f0d-a4d6-8a89216b262d/DS-b7594af3-b520-4986-a536-6327141a9228/container.db]
2024-11-05 06:16:59,879 [ForkJoinPool.commonPool-worker-1] INFO  utils.DatanodeStoreCache (DatanodeStoreCache.java:removeDB(110)) - Removed db /home/runner/work/ozone/ozone/hadoop-ozone/integration-test/target/test-dir/MiniOzoneClusterImpl-58399722-4c39-4f0d-a4d6-8a89216b262d/ozone-meta/datanode-1/data-0/hdds/58399722-4c39-4f0d-a4d6-8a89216b262d/DS-b7594af3-b520-4986-a536-6327141a9228/container.db from cache
2024-11-05 06:16:59,879 [ForkJoinPool.commonPool-worker-1] INFO  volume.HddsVolume (HddsVolume.java:closeDbStore(462)) - SchemaV3 db is stopped at /home/runner/work/ozone/ozone/hadoop-ozone/integration-test/target/test-dir/MiniOzoneClusterImpl-58399722-4c39-4f0d-a4d6-8a89216b262d/ozone-meta/datanode-1/data-0/hdds/58399722-4c39-4f0d-a4d6-8a89216b262d/DS-b7594af3-b520-4986-a536-6327141a9228/container.db for volume DS-b7594af3-b520-4986-a536-6327141a9228
2024-11-05 06:16:59,879 [ForkJoinPool.commonPool-worker-1] INFO  utils.BackgroundService (BackgroundService.java:shutdown(163)) - Shutting down service BlockDeletingService
2024-11-05 06:16:59,879 [ForkJoinPool.commonPool-worker-1] INFO  utils.BackgroundService (BackgroundService.java:shutdown(163)) - Shutting down service StaleRecoveringContainerScrubbingService
2024-11-05 06:16:59,880 [ForkJoinPool.commonPool-worker-1] INFO  statemachine.DatanodeStateMachine (DatanodeStateMachine.java:stopDaemon(626)) - Ozone container server stopped.
2024-11-05 06:16:59,893 [ForkJoinPool.commonPool-worker-1] INFO  handler.ContextHandler (ContextHandler.java:doStop(1159)) - Stopped o.e.j.w.WebAppContext@74be2d81{hddsDatanode,/,null,STOPPED}{jar:file:/home/runner/work/ozone/ozone/hadoop-hdds/container-service/target/hdds-container-service-2.0.0-SNAPSHOT.jar!/webapps/hddsDatanode}
2024-11-05 06:16:59,894 [ForkJoinPool.commonPool-worker-1] INFO  server.AbstractConnector (AbstractConnector.java:doStop(383)) - Stopped ServerConnector@2d18085f{HTTP/1.1, (http/1.1)}{0.0.0.0:15011}
2024-11-05 06:16:59,894 [ForkJoinPool.commonPool-worker-1] INFO  server.session (HouseKeeper.java:stopScavenging(149)) - node0 Stopped scavenging
2024-11-05 06:16:59,894 [ForkJoinPool.commonPool-worker-1] INFO  handler.ContextHandler (ContextHandler.java:doStop(1159)) - Stopped o.e.j.s.ServletContextHandler@1f94500f{static,/static,jar:file:/home/runner/work/ozone/ozone/hadoop-hdds/container-service/target/hdds-container-service-2.0.0-SNAPSHOT.jar!/webapps/static,STOPPED}
2024-11-05 06:16:59,894 [ForkJoinPool.commonPool-worker-1] INFO  handler.ContextHandler (ContextHandler.java:doStop(1159)) - Stopped o.e.j.s.ServletContextHandler@484b250b{logs,/logs,file:///home/runner/work/ozone/ozone/hadoop-ozone/integration-test/target/log,STOPPED}
2024-11-05 06:16:59,895 [ForkJoinPool.commonPool-worker-1] INFO  ozone.HddsDatanodeClientProtocolServer (HddsDatanodeClientProtocolServer.java:stop(85)) - Stopping the RPC server for Client Protocol
2024-11-05 06:16:59,895 [ForkJoinPool.commonPool-worker-1] INFO  ipc.Server (Server.java:stop(3523)) - Stopping server on 15012
2024-11-05 06:16:59,896 [IPC Server listener on 15012] INFO  ipc.Server (Server.java:run(1434)) - Stopping IPC Server listener on 15012
2024-11-05 06:16:59,897 [main] INFO  ozone.MiniOzoneClusterImpl (MiniOzoneClusterImpl.java:stopSCM(592)) - Stopping the StorageContainerManager
2024-11-05 06:16:59,897 [main] INFO  server.StorageContainerManager (StorageContainerManager.java:stop(1652)) - Container Balancer is not running.
2024-11-05 06:16:59,897 [main] INFO  server.StorageContainerManager (StorageContainerManager.java:stopReplicationManager(1790)) - Stopping Replication Manager Service.
2024-11-05 06:16:59,897 [main] INFO  replication.ReplicationManager (ReplicationManager.java:stop(329)) - Stopping Replication Monitor Thread.
2024-11-05 06:16:59,898 [main] INFO  server.StorageContainerManager (StorageContainerManager.java:stop(1661)) - Stopping the Datanode Admin Monitor.
2024-11-05 06:16:59,898 [main] INFO  server.StorageContainerManager (StorageContainerManager.java:stop(1668)) - Stopping datanode service RPC server
2024-11-05 06:16:59,898 [main] INFO  server.SCMDatanodeProtocolServer (SCMDatanodeProtocolServer.java:stop(430)) - Stopping the RPC server for DataNodes
2024-11-05 06:16:59,898 [main] INFO  ipc.Server (Server.java:stop(3523)) - Stopping server on 15002
2024-11-05 06:16:59,898 [UnderReplicatedProcessor] WARN  replication.UnhealthyReplicationProcessor (UnhealthyReplicationProcessor.java:run(180)) - UnderReplicatedProcessor interrupted. Exiting...
2024-11-05 06:16:59,898 [OverReplicatedProcessor] WARN  replication.UnhealthyReplicationProcessor (UnhealthyReplicationProcessor.java:run(180)) - OverReplicatedProcessor interrupted. Exiting...
2024-11-05 06:16:59,897 [IPC Server Responder] INFO  ipc.Server (Server.java:run(1567)) - Stopping IPC Server Responder
2024-11-05 06:16:59,898 [ReplicationMonitor] INFO  replication.ReplicationManager (ReplicationManager.java:run(938)) - Replication Monitor Thread is stopped
2024-11-05 06:16:59,903 [IPC Server listener on 15002] INFO  ipc.Server (Server.java:run(1434)) - Stopping IPC Server listener on 15002
2024-11-05 06:16:59,903 [IPC Server Responder] INFO  ipc.Server (Server.java:run(1567)) - Stopping IPC Server Responder
2024-11-05 06:16:59,981 [SCMHeartbeatProcessor-0] WARN  node.NodeStateManager (NodeStateManager.java:scheduleNextHealthCheck(935)) - Current Thread is interrupted, shutting down HB processing thread for Node Manager.
2024-11-05 06:16:59,981 [main] INFO  server.StorageContainerManager (StorageContainerManager.java:stop(1676)) - Stopping block service RPC server
2024-11-05 06:16:59,981 [main] INFO  server.SCMBlockProtocolServer (SCMBlockProtocolServer.java:stop(181)) - Stopping the RPC server for Block Protocol
2024-11-05 06:16:59,981 [main] INFO  ipc.Server (Server.java:stop(3523)) - Stopping server on 15001
2024-11-05 06:16:59,984 [IPC Server listener on 15001] INFO  ipc.Server (Server.java:run(1434)) - Stopping IPC Server listener on 15001
2024-11-05 06:16:59,984 [IPC Server Responder] INFO  ipc.Server (Server.java:run(1567)) - Stopping IPC Server Responder
2024-11-05 06:16:59,984 [main] INFO  server.StorageContainerManager (StorageContainerManager.java:stop(1683)) - Stopping the StorageContainerLocationProtocol RPC server
2024-11-05 06:16:59,984 [main] INFO  server.SCMClientProtocolServer (SCMClientProtocolServer.java:stop(224)) - Stopping the RPC server for Client Protocol
2024-11-05 06:16:59,984 [main] INFO  ipc.Server (Server.java:stop(3523)) - Stopping server on 15000
2024-11-05 06:16:59,989 [IPC Server Responder] INFO  ipc.Server (Server.java:run(1567)) - Stopping IPC Server Responder
2024-11-05 06:16:59,989 [IPC Server listener on 15000] INFO  ipc.Server (Server.java:run(1434)) - Stopping IPC Server listener on 15000
2024-11-05 06:16:59,989 [main] INFO  server.StorageContainerManager (StorageContainerManager.java:stop(1690)) - Stopping Storage Container Manager HTTP server.
2024-11-05 06:16:59,990 [main] INFO  handler.ContextHandler (ContextHandler.java:doStop(1159)) - Stopped o.e.j.w.WebAppContext@634d3439{scm,/,null,STOPPED}{file:/home/runner/work/ozone/ozone/hadoop-ozone/integration-test/target/test-classes/webapps/scm}
2024-11-05 06:16:59,992 [main] INFO  server.AbstractConnector (AbstractConnector.java:doStop(383)) - Stopped ServerConnector@74cff17c{HTTP/1.1, (http/1.1)}{0.0.0.0:15003}
2024-11-05 06:16:59,992 [main] INFO  server.session (HouseKeeper.java:stopScavenging(149)) - node0 Stopped scavenging
2024-11-05 06:16:59,992 [main] INFO  handler.ContextHandler (ContextHandler.java:doStop(1159)) - Stopped o.e.j.s.ServletContextHandler@7a92827f{static,/static,file:///home/runner/work/ozone/ozone/hadoop-ozone/integration-test/target/test-classes/webapps/static,STOPPED}
2024-11-05 06:16:59,993 [main] INFO  handler.ContextHandler (ContextHandler.java:doStop(1159)) - Stopped o.e.j.s.ServletContextHandler@792eeae6{logs,/logs,file:///home/runner/work/ozone/ozone/hadoop-ozone/integration-test/target/log,STOPPED}
2024-11-05 06:16:59,994 [main] INFO  server.StorageContainerManager (StorageContainerManager.java:stop(1698)) - Stopping SCM LayoutVersionManager Service.
2024-11-05 06:16:59,994 [main] INFO  server.StorageContainerManager (StorageContainerManager.java:stop(1710)) - Stopping Block Manager Service.
2024-11-05 06:16:59,994 [main] INFO  utils.BackgroundService (BackgroundService.java:shutdown(163)) - Shutting down service SCMBlockDeletingService
2024-11-05 06:16:59,995 [main] INFO  utils.BackgroundService (BackgroundService.java:shutdown(163)) - Shutting down service SCMBlockDeletingService
2024-11-05 06:16:59,995 [main] INFO  server.StorageContainerManager (StorageContainerManager.java:stop(1735)) - Stopping SCM Event Queue.
2024-11-05 06:16:59,997 [JvmPauseMonitor0] INFO  util.JvmPauseMonitor (JvmPauseMonitor.java:run(152)) - JvmPauseMonitor-cec7c283-8ab3-4006-9cb0-fd72ff32d9f3: Stopped
2024-11-05 06:16:59,997 [main] INFO  server.StorageContainerManager (StorageContainerManager.java:stop(1746)) - Stopping SCM HA services.
2024-11-05 06:16:59,997 [main] INFO  pipeline.BackgroundPipelineCreator (BackgroundPipelineCreator.java:stop(152)) - Stopping RatisPipelineUtilsThread.
2024-11-05 06:16:59,997 [RatisPipelineUtilsThread-0] WARN  pipeline.BackgroundPipelineCreator (BackgroundPipelineCreator.java:run(183)) - RatisPipelineUtilsThread is interrupted.
2024-11-05 06:16:59,999 [main] INFO  BackgroundPipelineScrubber (BackgroundSCMService.java:stop(128)) - Stopping BackgroundPipelineScrubber Service.
2024-11-05 06:16:59,999 [BackgroundPipelineScrubber] WARN  BackgroundPipelineScrubber (BackgroundSCMService.java:run(112)) - BackgroundPipelineScrubber is interrupted, exit
2024-11-05 06:17:00,000 [main] INFO  impl.MetricsSystemImpl (MetricsSystemImpl.java:stop(210)) - Stopping HddsDatanode metrics system...
2024-11-05 06:17:00,004 [prometheus] INFO  impl.MetricsSinkAdapter (MetricsSinkAdapter.java:publishMetricsFromQueue(141)) - prometheus thread interrupted.
2024-11-05 06:17:00,005 [main] INFO  impl.MetricsSystemImpl (MetricsSystemImpl.java:stop(216)) - HddsDatanode metrics system stopped.
2024-11-05 06:17:00,005 [main] WARN  pipeline.BackgroundPipelineCreator (BackgroundPipelineCreator.java:stop(148)) - RatisPipelineUtilsThread is not running, just ignore.
2024-11-05 06:17:00,006 [main] INFO  BackgroundPipelineScrubber (BackgroundSCMService.java:stop(123)) - BackgroundPipelineScrubber Service is not running, skip stop.
2024-11-05 06:17:00,006 [main] INFO  ExpiredContainerReplicaOpScrubber (BackgroundSCMService.java:stop(128)) - Stopping ExpiredContainerReplicaOpScrubber Service.
2024-11-05 06:17:00,006 [ExpiredContainerReplicaOpScrubber] WARN  ExpiredContainerReplicaOpScrubber (BackgroundSCMService.java:run(112)) - ExpiredContainerReplicaOpScrubber is interrupted, exit
2024-11-05 06:17:00,006 [main] INFO  utils.BackgroundService (BackgroundService.java:shutdown(163)) - Shutting down service SCMBlockDeletingService
2024-11-05 06:17:00,006 [main] INFO  replication.ReplicationManager (ReplicationManager.java:stop(339)) - Replication Monitor Thread is not running.
2024-11-05 06:17:00,007 [main] WARN  balancer.ContainerBalancer (ContainerBalancer.java:stop(351)) - Cannot stop Container Balancer because it's not running or stopping
2024-11-05 06:17:00,007 [main] INFO  server.StorageContainerManager (StorageContainerManager.java:stop(1781)) - Stopping SCM MetadataStore.
2024-11-05 06:17:00,008 [main] INFO  ozone.MiniOzoneClusterImpl (MiniOzoneClusterImpl.java:stopRecon(607)) - Stopping Recon
2024-11-05 06:17:00,008 [main] INFO  recon.ReconServer (ReconServer.java:stop(258)) - Stopping Recon server
2024-11-05 06:17:00,013 [main] INFO  handler.ContextHandler (ContextHandler.java:doStop(1159)) - Stopped o.e.j.w.WebAppContext@7d5fdd54{recon,/,null,STOPPED}{jar:file:/home/runner/work/ozone/ozone/hadoop-ozone/recon/target/ozone-recon-2.0.0-SNAPSHOT.jar!/webapps/recon}
2024-11-05 06:17:00,013 [main] INFO  server.AbstractConnector (AbstractConnector.java:doStop(383)) - Stopped ServerConnector@2fd250ed{HTTP/1.1, (http/1.1)}{0.0.0.0:15008}
2024-11-05 06:17:00,013 [main] INFO  server.session (HouseKeeper.java:stopScavenging(149)) - node0 Stopped scavenging
2024-11-05 06:17:00,014 [main] INFO  handler.ContextHandler (ContextHandler.java:doStop(1159)) - Stopped o.e.j.s.ServletContextHandler@31102e84{static,/static,jar:file:/home/runner/work/ozone/ozone/hadoop-ozone/recon/target/ozone-recon-2.0.0-SNAPSHOT.jar!/webapps/static,STOPPED}
2024-11-05 06:17:00,014 [main] INFO  handler.ContextHandler (ContextHandler.java:doStop(1159)) - Stopped o.e.j.s.ServletContextHandler@7787cbcd{logs,/logs,file:///home/runner/work/ozone/ozone/hadoop-ozone/integration-test/target/log,STOPPED}
2024-11-05 06:17:00,015 [main] INFO  server.SCMDatanodeProtocolServer (SCMDatanodeProtocolServer.java:stop(430)) - Stopping the RPC server for DataNodes
2024-11-05 06:17:00,015 [main] INFO  ipc.Server (Server.java:stop(3523)) - Stopping server on 15009
2024-11-05 06:17:00,021 [IPC Server listener on 15009] INFO  ipc.Server (Server.java:run(1434)) - Stopping IPC Server listener on 15009
2024-11-05 06:17:00,021 [IPC Server Responder] INFO  ipc.Server (Server.java:run(1567)) - Stopping IPC Server Responder
2024-11-05 06:17:00,081 [SCMHeartbeatProcessor-0] WARN  node.NodeStateManager (NodeStateManager.java:scheduleNextHealthCheck(935)) - Current Thread is interrupted, shutting down HB processing thread for Node Manager.
2024-11-05 06:17:00,081 [main] INFO  scm.ReconScmTask (ReconScmTask.java:stop(72)) - Stopping ContainerHealthTask Thread.
2024-11-05 06:17:00,081 [main] INFO  scm.ReconScmTask (ReconScmTask.java:stop(72)) - Stopping PipelineSyncTask Thread.
2024-11-05 06:17:00,081 [main] INFO  scm.ReconScmTask (ReconScmTask.java:stop(72)) - Stopping ContainerSizeCountTask Thread.
2024-11-05 06:17:00,082 [main] INFO  scm.ReconStorageContainerManagerFacade (ReconStorageContainerManagerFacade.java:stop(469)) - Stopping SCM Event Queue.
2024-11-05 06:17:00,082 [main] INFO  scm.ReconStorageContainerManagerFacade (ReconStorageContainerManagerFacade.java:stop(477)) - Flushing container replica history to DB.
2024-11-05 06:17:00,083 [main] INFO  impl.OzoneManagerServiceProviderImpl (OzoneManagerServiceProviderImpl.java:stop(342)) - Stopping Ozone Manager Service Provider.
2024-11-05 06:17:00,084 [main] INFO  tasks.ReconTaskControllerImpl (ReconTaskControllerImpl.java:stop(230)) - Stopping Recon Task Controller.
2024-11-05 06:17:00,084 [main] INFO  recon.ReconServer (ReconServer.java:stop(283)) - Closing Recon Container Key DB.
2024-11-05 06:17:00,085 [JvmPauseMonitor2] INFO  util.JvmPauseMonitor (JvmPauseMonitor.java:run(152)) - JvmPauseMonitor-Recon: Stopped
2024-11-05 06:17:00,135 [main] ERROR ozone.MiniOzoneClusterImpl (MiniOzoneClusterImpl.java:shutdown(494)) - Exception while shutting down the cluster.
org.apache.commons.io.IOExceptionList: 1 exception(s): [org.apache.commons.io.IOIndexedException: IOException #0: Cannot delete file: /home/runner/work/ozone/ozone/hadoop-ozone/integration-test/target/test-dir/MiniOzoneClusterImpl-58399722-4c39-4f0d-a4d6-8a89216b262d/recon]
	at org.apache.commons.io.IOExceptionList.checkEmpty(IOExceptionList.java:50)
	at org.apache.commons.io.function.IOStream.forAll(IOStream.java:357)
	at org.apache.commons.io.function.IOStreams.forAll(IOStreams.java:42)
	at org.apache.commons.io.function.IOStreams.forAll(IOStreams.java:36)
	at org.apache.commons.io.function.IOConsumer.forAll(IOConsumer.java:80)
	at org.apache.commons.io.FileUtils.cleanDirectory(FileUtils.java:367)
	at org.apache.commons.io.FileUtils.deleteDirectory(FileUtils.java:1242)
	at org.apache.hadoop.ozone.MiniOzoneClusterImpl.shutdown(MiniOzoneClusterImpl.java:489)
	at org.apache.hadoop.ozone.recon.TestReconScmSnapshot.shutdown(TestReconScmSnapshot.java:175)
	at java.base/jdk.internal.reflect.NativeMethodAccessorImpl.invoke0(Native Method)
	at java.base/jdk.internal.reflect.NativeMethodAccessorImpl.invoke(NativeMethodAccessorImpl.java:77)
	at java.base/jdk.internal.reflect.DelegatingMethodAccessorImpl.invoke(DelegatingMethodAccessorImpl.java:43)
	at java.base/java.lang.reflect.Method.invoke(Method.java:569)
	at org.junit.platform.commons.util.ReflectionUtils.invokeMethod(ReflectionUtils.java:728)
	at org.junit.jupiter.engine.execution.MethodInvocation.proceed(MethodInvocation.java:60)
	at org.junit.jupiter.engine.execution.InvocationInterceptorChain$ValidatingInvocation.proceed(InvocationInterceptorChain.java:131)
	at org.junit.jupiter.engine.extension.TimeoutExtension.intercept(TimeoutExtension.java:156)
	at org.junit.jupiter.engine.extension.TimeoutExtension.interceptLifecycleMethod(TimeoutExtension.java:128)
	at org.junit.jupiter.engine.extension.TimeoutExtension.interceptAfterEachMethod(TimeoutExtension.java:110)
	at org.junit.jupiter.engine.execution.InterceptingExecutableInvoker$ReflectiveInterceptorCall.lambda$ofVoidMethod$0(InterceptingExecutableInvoker.java:103)
	at org.junit.jupiter.engine.execution.InterceptingExecutableInvoker.lambda$invoke$0(InterceptingExecutableInvoker.java:93)
	at org.junit.jupiter.engine.execution.InvocationInterceptorChain$InterceptedInvocation.proceed(InvocationInterceptorChain.java:106)
	at org.junit.jupiter.engine.execution.InvocationInterceptorChain.proceed(InvocationInterceptorChain.java:64)
	at org.junit.jupiter.engine.execution.InvocationInterceptorChain.chainAndInvoke(InvocationInterceptorChain.java:45)
	at org.junit.jupiter.engine.execution.InvocationInterceptorChain.invoke(InvocationInterceptorChain.java:37)
	at org.junit.jupiter.engine.execution.InterceptingExecutableInvoker.invoke(InterceptingExecutableInvoker.java:92)
	at org.junit.jupiter.engine.execution.InterceptingExecutableInvoker.invoke(InterceptingExecutableInvoker.java:86)
	at org.junit.jupiter.engine.descriptor.ClassBasedTestDescriptor.invokeMethodInExtensionContext(ClassBasedTestDescriptor.java:521)
	at org.junit.jupiter.engine.descriptor.ClassBasedTestDescriptor.lambda$synthesizeAfterEachMethodAdapter$24(ClassBasedTestDescriptor.java:511)
	at org.junit.jupiter.engine.descriptor.TestMethodTestDescriptor.lambda$invokeAfterEachMethods$10(TestMethodTestDescriptor.java:244)
	at org.junit.jupiter.engine.descriptor.TestMethodTestDescriptor.lambda$invokeAllAfterMethodsOrCallbacks$13(TestMethodTestDescriptor.java:277)
	at org.junit.platform.engine.support.hierarchical.ThrowableCollector.execute(ThrowableCollector.java:73)
	at org.junit.jupiter.engine.descriptor.TestMethodTestDescriptor.lambda$invokeAllAfterMethodsOrCallbacks$14(TestMethodTestDescriptor.java:277)
	at org.junit.platform.commons.util.CollectionUtils.forEachInReverseOrder(CollectionUtils.java:217)
	at org.junit.jupiter.engine.descriptor.TestMethodTestDescriptor.invokeAllAfterMethodsOrCallbacks(TestMethodTestDescriptor.java:276)
	at org.junit.jupiter.engine.descriptor.TestMethodTestDescriptor.invokeAfterEachMethods(TestMethodTestDescriptor.java:242)
	at org.junit.jupiter.engine.descriptor.TestMethodTestDescriptor.execute(TestMethodTestDescriptor.java:143)
	at org.junit.jupiter.engine.descriptor.TestMethodTestDescriptor.execute(TestMethodTestDescriptor.java:69)
	at org.junit.platform.engine.support.hierarchical.NodeTestTask.lambda$executeRecursively$6(NodeTestTask.java:151)
	at org.junit.platform.engine.support.hierarchical.ThrowableCollector.execute(ThrowableCollector.java:73)
	at org.junit.platform.engine.support.hierarchical.NodeTestTask.lambda$executeRecursively$8(NodeTestTask.java:141)
	at org.junit.platform.engine.support.hierarchical.Node.around(Node.java:137)
	at org.junit.platform.engine.support.hierarchical.NodeTestTask.lambda$executeRecursively$9(NodeTestTask.java:139)
	at org.junit.platform.engine.support.hierarchical.ThrowableCollector.execute(ThrowableCollector.java:73)
	at org.junit.platform.engine.support.hierarchical.NodeTestTask.executeRecursively(NodeTestTask.java:138)
	at org.junit.platform.engine.support.hierarchical.NodeTestTask.execute(NodeTestTask.java:95)
	at java.base/java.util.ArrayList.forEach(ArrayList.java:1511)
	at org.junit.platform.engine.support.hierarchical.SameThreadHierarchicalTestExecutorService.invokeAll(SameThreadHierarchicalTestExecutorService.java:41)
	at org.junit.platform.engine.support.hierarchical.NodeTestTask.lambda$executeRecursively$6(NodeTestTask.java:155)
	at org.junit.platform.engine.support.hierarchical.ThrowableCollector.execute(ThrowableCollector.java:73)
	at org.junit.platform.engine.support.hierarchical.NodeTestTask.lambda$executeRecursively$8(NodeTestTask.java:141)
	at org.junit.platform.engine.support.hierarchical.Node.around(Node.java:137)
	at org.junit.platform.engine.support.hierarchical.NodeTestTask.lambda$executeRecursively$9(NodeTestTask.java:139)
	at org.junit.platform.engine.support.hierarchical.ThrowableCollector.execute(ThrowableCollector.java:73)
	at org.junit.platform.engine.support.hierarchical.NodeTestTask.executeRecursively(NodeTestTask.java:138)
	at org.junit.platform.engine.support.hierarchical.NodeTestTask.execute(NodeTestTask.java:95)
	at java.base/java.util.ArrayList.forEach(ArrayList.java:1511)
	at org.junit.platform.engine.support.hierarchical.SameThreadHierarchicalTestExecutorService.invokeAll(SameThreadHierarchicalTestExecutorService.java:41)
	at org.junit.platform.engine.support.hierarchical.NodeTestTask.lambda$executeRecursively$6(NodeTestTask.java:155)
	at org.junit.platform.engine.support.hierarchical.ThrowableCollector.execute(ThrowableCollector.java:73)
	at org.junit.platform.engine.support.hierarchical.NodeTestTask.lambda$executeRecursively$8(NodeTestTask.java:141)
	at org.junit.platform.engine.support.hierarchical.Node.around(Node.java:137)
	at org.junit.platform.engine.support.hierarchical.NodeTestTask.lambda$executeRecursively$9(NodeTestTask.java:139)
	at org.junit.platform.engine.support.hierarchical.ThrowableCollector.execute(ThrowableCollector.java:73)
	at org.junit.platform.engine.support.hierarchical.NodeTestTask.executeRecursively(NodeTestTask.java:138)
	at org.junit.platform.engine.support.hierarchical.NodeTestTask.execute(NodeTestTask.java:95)
	at org.junit.platform.engine.support.hierarchical.SameThreadHierarchicalTestExecutorService.submit(SameThreadHierarchicalTestExecutorService.java:35)
	at org.junit.platform.engine.support.hierarchical.HierarchicalTestExecutor.execute(HierarchicalTestExecutor.java:57)
	at org.junit.platform.engine.support.hierarchical.HierarchicalTestEngine.execute(HierarchicalTestEngine.java:54)
	at org.junit.platform.launcher.core.EngineExecutionOrchestrator.execute(EngineExecutionOrchestrator.java:198)
	at org.junit.platform.launcher.core.EngineExecutionOrchestrator.execute(EngineExecutionOrchestrator.java:169)
	at org.junit.platform.launcher.core.EngineExecutionOrchestrator.execute(EngineExecutionOrchestrator.java:93)
	at org.junit.platform.launcher.core.EngineExecutionOrchestrator.lambda$execute$0(EngineExecutionOrchestrator.java:58)
	at org.junit.platform.launcher.core.EngineExecutionOrchestrator.withInterceptedStreams(EngineExecutionOrchestrator.java:141)
	at org.junit.platform.launcher.core.EngineExecutionOrchestrator.execute(EngineExecutionOrchestrator.java:57)
	at org.junit.platform.launcher.core.DefaultLauncher.execute(DefaultLauncher.java:103)
	at org.junit.platform.launcher.core.DefaultLauncher.execute(DefaultLauncher.java:85)
	at org.junit.platform.launcher.core.DelegatingLauncher.execute(DelegatingLauncher.java:47)
	at org.junit.platform.launcher.core.SessionPerRequestLauncher.execute(SessionPerRequestLauncher.java:63)
	at org.apache.maven.surefire.junitplatform.JUnitPlatformProvider.invokeAllTests(JUnitPlatformProvider.java:154)
	at org.apache.maven.surefire.junitplatform.JUnitPlatformProvider.invoke(JUnitPlatformProvider.java:123)
	at org.apache.maven.surefire.booter.ForkedBooter.runSuitesInProcess(ForkedBooter.java:377)
	at org.apache.maven.surefire.booter.ForkedBooter.execute(ForkedBooter.java:138)
	at org.apache.maven.surefire.booter.ForkedBooter.run(ForkedBooter.java:465)
	at org.apache.maven.surefire.booter.ForkedBooter.main(ForkedBooter.java:451)
Caused by: org.apache.commons.io.IOIndexedException: IOException #0: Cannot delete file: /home/runner/work/ozone/ozone/hadoop-ozone/integration-test/target/test-dir/MiniOzoneClusterImpl-58399722-4c39-4f0d-a4d6-8a89216b262d/recon
	at org.apache.commons.io.function.IOStream.lambda$forAll$11(IOStream.java:352)
	at java.base/java.util.Spliterators$ArraySpliterator.forEachRemaining(Spliterators.java:992)
	at java.base/java.util.stream.ReferencePipeline$Head.forEach(ReferencePipeline.java:762)
	at org.apache.commons.io.function.IOStream.forAll(IOStream.java:343)
	... 83 more
Caused by: java.io.IOException: Cannot delete file: /home/runner/work/ozone/ozone/hadoop-ozone/integration-test/target/test-dir/MiniOzoneClusterImpl-58399722-4c39-4f0d-a4d6-8a89216b262d/recon
	at org.apache.commons.io.FileUtils.forceDelete(FileUtils.java:1392)
	at org.apache.commons.io.function.IOStream.lambda$forAll$11(IOStream.java:345)
	... 86 more
Caused by: java.nio.file.NoSuchFileException: /home/runner/work/ozone/ozone/hadoop-ozone/integration-test/target/test-dir/MiniOzoneClusterImpl-58399722-4c39-4f0d-a4d6-8a89216b262d/recon/ozone_recon_derby.db/seg0/c531.dat
	at java.base/sun.nio.fs.UnixException.translateToIOException(UnixException.java:92)
	at java.base/sun.nio.fs.UnixException.rethrowAsIOException(UnixException.java:106)
	at java.base/sun.nio.fs.UnixException.rethrowAsIOException(UnixException.java:111)
	at java.base/sun.nio.fs.UnixFileAttributeViews$Basic.readAttributes(UnixFileAttributeViews.java:55)
	at java.base/sun.nio.fs.UnixFileSystemProvider.readAttributes(UnixFileSystemProvider.java:148)
	at java.base/sun.nio.fs.LinuxFileSystemProvider.readAttributes(LinuxFileSystemProvider.java:99)
	at java.base/java.nio.file.Files.readAttributes(Files.java:1851)
	at java.base/java.nio.file.FileTreeWalker.getAttributes(FileTreeWalker.java:220)
	at java.base/java.nio.file.FileTreeWalker.visit(FileTreeWalker.java:277)
	at java.base/java.nio.file.FileTreeWalker.next(FileTreeWalker.java:374)
	at java.base/java.nio.file.Files.walkFileTree(Files.java:2845)
	at java.base/java.nio.file.Files.walkFileTree(Files.java:2882)
	at org.apache.commons.io.file.PathUtils.visitFileTree(PathUtils.java:1730)
	at org.apache.commons.io.file.PathUtils.deleteDirectory(PathUtils.java:518)
	at org.apache.commons.io.file.PathUtils.delete(PathUtils.java:477)
	at org.apache.commons.io.FileUtils.forceDelete(FileUtils.java:1388)
	... 87 more
]]></system-out>
  </testcase>
  <testcase name="testScmSnapshot" classname="org.apache.hadoop.ozone.recon.TestReconScmSnapshot" time="41.598"/>
</testsuite>