<?xml version="1.0" encoding="UTF-8"?>
<testsuite xmlns:xsi="http://www.w3.org/2001/XMLSchema-instance" xsi:noNamespaceSchemaLocation="https://maven.apache.org/surefire/maven-surefire-plugin/xsd/surefire-test-report.xsd" name="org.apache.hadoop.ozone.client.rpc.TestOzoneClientRetriesOnException" time="85.514" tests="2" errors="0" skipped="0" failures="1">
  <properties>
    <property name="awt.toolkit" value="sun.awt.X11.XToolkit"/>
    <property name="file.encoding.pkg" value="sun.io"/>
    <property name="java.specification.version" value="1.8"/>
    <property name="sun.cpu.isalist" value=""/>
    <property name="sun.jnu.encoding" value="ANSI_X3.4-1968"/>
    <property name="java.class.path" value="/github/workspace/mnt/ozone/hadoop-ozone/integration-test/target/test-classes:/github/workspace/mnt/ozone/hadoop-ozone/integration-test/target/classes:/home/user/.m2/repository/org/apache/hadoop/hadoop-ozone-common/1.1.0-SNAPSHOT/hadoop-ozone-common-1.1.0-SNAPSHOT.jar:/home/user/.m2/repository/org/apache/commons/commons-compress/1.4.1/commons-compress-1.4.1.jar:/home/user/.m2/repository/org/tukaani/xz/1.0/xz-1.0.jar:/home/user/.m2/repository/org/apache/hadoop/hadoop-hdds-common/1.1.0-SNAPSHOT/hadoop-hdds-common-1.1.0-SNAPSHOT.jar:/home/user/.m2/repository/org/apache/hadoop/hadoop-hdds-hadoop-dependency-client/1.1.0-SNAPSHOT/hadoop-hdds-hadoop-dependency-client-1.1.0-SNAPSHOT.jar:/home/user/.m2/repository/info/picocli/picocli/4.4.0/picocli-4.4.0.jar:/home/user/.m2/repository/com/fasterxml/jackson/core/jackson-annotations/2.10.3/jackson-annotations-2.10.3.jar:/home/user/.m2/repository/javax/annotation/javax.annotation-api/1.2/javax.annotation-api-1.2.jar:/home/user/.m2/repository/org/apache/ratis/ratis-server/1.1.0-913f5a4-SNAPSHOT/ratis-server-1.1.0-913f5a4-SNAPSHOT.jar:/home/user/.m2/repository/org/apache/ratis/ratis-client/1.1.0-913f5a4-SNAPSHOT/ratis-client-1.1.0-913f5a4-SNAPSHOT.jar:/home/user/.m2/repository/org/apache/ratis/ratis-metrics/1.1.0-913f5a4-SNAPSHOT/ratis-metrics-1.1.0-913f5a4-SNAPSHOT.jar:/home/user/.m2/repository/org/apache/ratis/ratis-netty/1.1.0-913f5a4-SNAPSHOT/ratis-netty-1.1.0-913f5a4-SNAPSHOT.jar:/home/user/.m2/repository/org/apache/ratis/ratis-grpc/1.1.0-913f5a4-SNAPSHOT/ratis-grpc-1.1.0-913f5a4-SNAPSHOT.jar:/home/user/.m2/repository/org/apache/logging/log4j/log4j-api/2.13.3/log4j-api-2.13.3.jar:/home/user/.m2/repository/org/apache/logging/log4j/log4j-core/2.13.3/log4j-core-2.13.3.jar:/home/user/.m2/repository/com/lmax/disruptor/3.4.2/disruptor-3.4.2.jar:/home/user/.m2/repository/org/apache/commons/commons-pool2/2.6.0/commons-pool2-2.6.0.jar:/home/user/.m2/repository/org/bouncycastle/bcpkix-jdk15on/1.60/bcpkix-jdk15on-1.60.jar:/home/user/.m2/repository/commons-validator/commons-validator/1.6/commons-validator-1.6.jar:/home/user/.m2/repository/commons-digester/commons-digester/1.8.1/commons-digester-1.8.1.jar:/home/user/.m2/repository/io/jaegertracing/jaeger-client/1.2.0/jaeger-client-1.2.0.jar:/home/user/.m2/repository/io/jaegertracing/jaeger-thrift/1.2.0/jaeger-thrift-1.2.0.jar:/home/user/.m2/repository/org/apache/thrift/libthrift/0.13.0/libthrift-0.13.0.jar:/home/user/.m2/repository/com/squareup/okhttp3/okhttp/4.2.2/okhttp-4.2.2.jar:/home/user/.m2/repository/com/squareup/okio/okio/2.2.2/okio-2.2.2.jar:/home/user/.m2/repository/org/jetbrains/kotlin/kotlin-stdlib/1.3.50/kotlin-stdlib-1.3.50.jar:/home/user/.m2/repository/org/jetbrains/kotlin/kotlin-stdlib-common/1.3.50/kotlin-stdlib-common-1.3.50.jar:/home/user/.m2/repository/org/jetbrains/annotations/13.0/annotations-13.0.jar:/home/user/.m2/repository/io/jaegertracing/jaeger-core/1.2.0/jaeger-core-1.2.0.jar:/home/user/.m2/repository/io/jaegertracing/jaeger-tracerresolver/1.2.0/jaeger-tracerresolver-1.2.0.jar:/home/user/.m2/repository/io/opentracing/contrib/opentracing-tracerresolver/0.1.8/opentracing-tracerresolver-0.1.8.jar:/home/user/.m2/repository/io/opentracing/opentracing-util/0.33.0/opentracing-util-0.33.0.jar:/home/user/.m2/repository/io/opentracing/opentracing-api/0.33.0/opentracing-api-0.33.0.jar:/home/user/.m2/repository/io/opentracing/opentracing-noop/0.33.0/opentracing-noop-0.33.0.jar:/home/user/.m2/repository/org/apache/hadoop/hadoop-hdds-client/1.1.0-SNAPSHOT/hadoop-hdds-client-1.1.0-SNAPSHOT.jar:/home/user/.m2/repository/org/apache/hadoop/hadoop-ozone-interface-client/1.1.0-SNAPSHOT/hadoop-ozone-interface-client-1.1.0-SNAPSHOT.jar:/home/user/.m2/repository/org/apache/hadoop/hadoop-hdds-test-utils/1.1.0-SNAPSHOT/hadoop-hdds-test-utils-1.1.0-SNAPSHOT.jar:/home/user/.m2/repository/com/google/guava/guava/28.2-jre/guava-28.2-jre.jar:/home/user/.m2/repository/com/google/guava/failureaccess/1.0.1/failureaccess-1.0.1.jar:/home/user/.m2/repository/com/google/guava/listenablefuture/9999.0-empty-to-avoid-conflict-with-guava/listenablefuture-9999.0-empty-to-avoid-conflict-with-guava.jar:/home/user/.m2/repository/com/google/code/findbugs/jsr305/3.0.0/jsr305-3.0.0.jar:/home/user/.m2/repository/org/checkerframework/checker-qual/2.10.0/checker-qual-2.10.0.jar:/home/user/.m2/repository/com/google/errorprone/error_prone_annotations/2.2.0/error_prone_annotations-2.2.0.jar:/home/user/.m2/repository/com/google/j2objc/j2objc-annotations/1.3/j2objc-annotations-1.3.jar:/home/user/.m2/repository/commons-io/commons-io/2.5/commons-io-2.5.jar:/home/user/.m2/repository/commons-logging/commons-logging/1.2/commons-logging-1.2.jar:/home/user/.m2/repository/log4j/log4j/1.2.17/log4j-1.2.17.jar:/home/user/.m2/repository/org/slf4j/slf4j-api/1.7.25/slf4j-api-1.7.25.jar:/home/user/.m2/repository/org/apache/hadoop/hadoop-hdds-server-scm/1.1.0-SNAPSHOT/hadoop-hdds-server-scm-1.1.0-SNAPSHOT.jar:/home/user/.m2/repository/org/apache/hadoop/hadoop-hdds-container-service/1.1.0-SNAPSHOT/hadoop-hdds-container-service-1.1.0-SNAPSHOT.jar:/home/user/.m2/repository/org/apache/hadoop/hadoop-hdds-hadoop-dependency-server/1.1.0-SNAPSHOT/hadoop-hdds-hadoop-dependency-server-1.1.0-SNAPSHOT.jar:/home/user/.m2/repository/org/apache/hadoop/hadoop-hdds-server-framework/1.1.0-SNAPSHOT/hadoop-hdds-server-framework-1.1.0-SNAPSHOT.jar:/home/user/.m2/repository/org/apache/hadoop/hadoop-hdds-interface-server/1.1.0-SNAPSHOT/hadoop-hdds-interface-server-1.1.0-SNAPSHOT.jar:/home/user/.m2/repository/org/apache/hadoop/hadoop-hdds-interface-admin/1.1.0-SNAPSHOT/hadoop-hdds-interface-admin-1.1.0-SNAPSHOT.jar:/home/user/.m2/repository/org/rocksdb/rocksdbjni/6.8.1/rocksdbjni-6.8.1.jar:/home/user/.m2/repository/io/prometheus/simpleclient_dropwizard/0.7.0/simpleclient_dropwizard-0.7.0.jar:/home/user/.m2/repository/io/prometheus/simpleclient/0.7.0/simpleclient-0.7.0.jar:/home/user/.m2/repository/io/prometheus/simpleclient_common/0.7.0/simpleclient_common-0.7.0.jar:/home/user/.m2/repository/com/fasterxml/jackson/datatype/jackson-datatype-jsr310/2.10.3/jackson-datatype-jsr310-2.10.3.jar:/home/user/.m2/repository/io/dropwizard/metrics/metrics-core/3.2.4/metrics-core-3.2.4.jar:/home/user/.m2/repository/org/apache/hadoop/hadoop-hdfs-client/3.2.1/hadoop-hdfs-client-3.2.1.jar:/home/user/.m2/repository/org/bouncycastle/bcprov-jdk15on/1.60/bcprov-jdk15on-1.60.jar:/home/user/.m2/repository/org/apache/hadoop/hadoop-ozone-ozone-manager/1.1.0-SNAPSHOT/hadoop-ozone-ozone-manager-1.1.0-SNAPSHOT.jar:/home/user/.m2/repository/org/apache/hadoop/hadoop-hdds-interface-client/1.1.0-SNAPSHOT/hadoop-hdds-interface-client-1.1.0-SNAPSHOT.jar:/home/user/.m2/repository/org/apache/ratis/ratis-thirdparty-misc/0.6.0-SNAPSHOT/ratis-thirdparty-misc-0.6.0-SNAPSHOT.jar:/home/user/.m2/repository/org/apache/hadoop/hadoop-ozone-interface-storage/1.1.0-SNAPSHOT/hadoop-ozone-interface-storage-1.1.0-SNAPSHOT.jar:/home/user/.m2/repository/org/apache/hadoop/hadoop-minikdc/3.2.1/hadoop-minikdc-3.2.1.jar:/home/user/.m2/repository/org/apache/kerby/kerb-simplekdc/1.0.1/kerb-simplekdc-1.0.1.jar:/home/user/.m2/repository/org/apache/kerby/kerb-client/1.0.1/kerb-client-1.0.1.jar:/home/user/.m2/repository/org/apache/kerby/kerby-config/1.0.1/kerby-config-1.0.1.jar:/home/user/.m2/repository/org/apache/kerby/kerb-core/1.0.1/kerb-core-1.0.1.jar:/home/user/.m2/repository/org/apache/kerby/kerby-pkix/1.0.1/kerby-pkix-1.0.1.jar:/home/user/.m2/repository/org/apache/kerby/kerby-asn1/1.0.1/kerby-asn1-1.0.1.jar:/home/user/.m2/repository/org/apache/kerby/kerby-util/1.0.1/kerby-util-1.0.1.jar:/home/user/.m2/repository/org/apache/kerby/kerb-common/1.0.1/kerb-common-1.0.1.jar:/home/user/.m2/repository/org/apache/kerby/kerb-crypto/1.0.1/kerb-crypto-1.0.1.jar:/home/user/.m2/repository/org/apache/kerby/kerb-util/1.0.1/kerb-util-1.0.1.jar:/home/user/.m2/repository/org/apache/kerby/token-provider/1.0.1/token-provider-1.0.1.jar:/home/user/.m2/repository/org/apache/kerby/kerb-admin/1.0.1/kerb-admin-1.0.1.jar:/home/user/.m2/repository/org/apache/kerby/kerb-server/1.0.1/kerb-server-1.0.1.jar:/home/user/.m2/repository/org/apache/kerby/kerb-identity/1.0.1/kerb-identity-1.0.1.jar:/home/user/.m2/repository/org/apache/kerby/kerby-xdr/1.0.1/kerby-xdr-1.0.1.jar:/home/user/.m2/repository/org/slf4j/slf4j-log4j12/1.7.25/slf4j-log4j12-1.7.25.jar:/home/user/.m2/repository/org/apache/hadoop/hadoop-ozone-s3gateway/1.1.0-SNAPSHOT/hadoop-ozone-s3gateway-1.1.0-SNAPSHOT.jar:/home/user/.m2/repository/org/jboss/weld/servlet/weld-servlet/2.4.7.Final/weld-servlet-2.4.7.Final.jar:/home/user/.m2/repository/org/glassfish/jersey/containers/jersey-container-servlet-core/2.27/jersey-container-servlet-core-2.27.jar:/home/user/.m2/repository/org/glassfish/hk2/external/javax.inject/2.5.0-b42/javax.inject-2.5.0-b42.jar:/home/user/.m2/repository/org/glassfish/jersey/core/jersey-common/2.27/jersey-common-2.27.jar:/home/user/.m2/repository/org/glassfish/hk2/osgi-resource-locator/1.0.1/osgi-resource-locator-1.0.1.jar:/home/user/.m2/repository/javax/ws/rs/javax.ws.rs-api/2.1/javax.ws.rs-api-2.1.jar:/home/user/.m2/repository/org/glassfish/jersey/ext/cdi/jersey-cdi1x/2.27/jersey-cdi1x-2.27.jar:/home/user/.m2/repository/org/glassfish/jersey/inject/jersey-hk2/2.27/jersey-hk2-2.27.jar:/home/user/.m2/repository/org/glassfish/hk2/hk2-locator/2.5.0-b42/hk2-locator-2.5.0-b42.jar:/home/user/.m2/repository/org/javassist/javassist/3.22.0-CR2/javassist-3.22.0-CR2.jar:/home/user/.m2/repository/org/glassfish/hk2/hk2-api/2.5.0/hk2-api-2.5.0.jar:/home/user/.m2/repository/org/glassfish/hk2/external/jakarta.inject/2.5.0/jakarta.inject-2.5.0.jar:/home/user/.m2/repository/org/glassfish/hk2/hk2-utils/2.5.0/hk2-utils-2.5.0.jar:/home/user/.m2/repository/jakarta/annotation/jakarta.annotation-api/1.3.4/jakarta.annotation-api-1.3.4.jar:/home/user/.m2/repository/org/glassfish/hk2/external/aopalliance-repackaged/2.5.0/aopalliance-repackaged-2.5.0.jar:/home/user/.m2/repository/com/fasterxml/jackson/dataformat/jackson-dataformat-xml/2.10.3/jackson-dataformat-xml-2.10.3.jar:/home/user/.m2/repository/com/fasterxml/jackson/core/jackson-core/2.10.3/jackson-core-2.10.3.jar:/home/user/.m2/repository/com/fasterxml/jackson/module/jackson-module-jaxb-annotations/2.10.3/jackson-module-jaxb-annotations-2.10.3.jar:/home/user/.m2/repository/jakarta/xml/bind/jakarta.xml.bind-api/2.3.2/jakarta.xml.bind-api-2.3.2.jar:/home/user/.m2/repository/jakarta/activation/jakarta.activation-api/1.2.1/jakarta.activation-api-1.2.1.jar:/home/user/.m2/repository/org/codehaus/woodstox/stax2-api/3.1.4/stax2-api-3.1.4.jar:/home/user/.m2/repository/com/fasterxml/woodstox/woodstox-core/5.0.3/woodstox-core-5.0.3.jar:/home/user/.m2/repository/javax/enterprise/cdi-api/1.2/cdi-api-1.2.jar:/home/user/.m2/repository/javax/el/javax.el-api/3.0.0/javax.el-api-3.0.0.jar:/home/user/.m2/repository/javax/interceptor/javax.interceptor-api/1.2/javax.interceptor-api-1.2.jar:/home/user/.m2/repository/javax/inject/javax.inject/1/javax.inject-1.jar:/home/user/.m2/repository/com/sun/xml/bind/jaxb-impl/2.3.0.1/jaxb-impl-2.3.0.1.jar:/home/user/.m2/repository/com/sun/xml/bind/jaxb-core/2.3.0.1/jaxb-core-2.3.0.1.jar:/home/user/.m2/repository/javax/xml/bind/jaxb-api/2.3.0/jaxb-api-2.3.0.jar:/home/user/.m2/repository/javax/activation/activation/1.1.1/activation-1.1.1.jar:/home/user/.m2/repository/org/apache/hadoop/hadoop-ozone-csi/1.1.0-SNAPSHOT/hadoop-ozone-csi-1.1.0-SNAPSHOT.jar:/home/user/.m2/repository/com/google/protobuf/protobuf-java-util/3.11.0/protobuf-java-util-3.11.0.jar:/home/user/.m2/repository/com/google/code/gson/gson/2.2.4/gson-2.2.4.jar:/home/user/.m2/repository/org/apache/hadoop/hadoop-hdds-config/1.1.0-SNAPSHOT/hadoop-hdds-config-1.1.0-SNAPSHOT.jar:/home/user/.m2/repository/com/google/protobuf/protobuf-java/2.5.0/protobuf-java-2.5.0.jar:/home/user/.m2/repository/io/grpc/grpc-netty/1.29.0/grpc-netty-1.29.0.jar:/home/user/.m2/repository/io/grpc/grpc-core/1.29.0/grpc-core-1.29.0.jar:/home/user/.m2/repository/com/google/android/annotations/4.1.1.4/annotations-4.1.1.4.jar:/home/user/.m2/repository/io/perfmark/perfmark-api/0.19.0/perfmark-api-0.19.0.jar:/home/user/.m2/repository/io/netty/netty-codec-http2/4.1.48.Final/netty-codec-http2-4.1.48.Final.jar:/home/user/.m2/repository/io/netty/netty-codec/4.1.48.Final/netty-codec-4.1.48.Final.jar:/home/user/.m2/repository/io/netty/netty-handler/4.1.48.Final/netty-handler-4.1.48.Final.jar:/home/user/.m2/repository/io/netty/netty-codec-http/4.1.48.Final/netty-codec-http-4.1.48.Final.jar:/home/user/.m2/repository/io/netty/netty-handler-proxy/4.1.48.Final/netty-handler-proxy-4.1.48.Final.jar:/home/user/.m2/repository/io/netty/netty-codec-socks/4.1.48.Final/netty-codec-socks-4.1.48.Final.jar:/home/user/.m2/repository/io/netty/netty-transport-native-epoll/4.1.48.Final/netty-transport-native-epoll-4.1.48.Final.jar:/home/user/.m2/repository/io/netty/netty-common/4.1.48.Final/netty-common-4.1.48.Final.jar:/home/user/.m2/repository/io/netty/netty-buffer/4.1.48.Final/netty-buffer-4.1.48.Final.jar:/home/user/.m2/repository/io/netty/netty-transport/4.1.48.Final/netty-transport-4.1.48.Final.jar:/home/user/.m2/repository/io/netty/netty-resolver/4.1.48.Final/netty-resolver-4.1.48.Final.jar:/home/user/.m2/repository/io/netty/netty-transport-native-unix-common/4.1.48.Final/netty-transport-native-unix-common-4.1.48.Final.jar:/home/user/.m2/repository/io/grpc/grpc-protobuf/1.29.0/grpc-protobuf-1.29.0.jar:/home/user/.m2/repository/io/grpc/grpc-api/1.29.0/grpc-api-1.29.0.jar:/home/user/.m2/repository/io/grpc/grpc-context/1.29.0/grpc-context-1.29.0.jar:/home/user/.m2/repository/org/codehaus/mojo/animal-sniffer-annotations/1.18/animal-sniffer-annotations-1.18.jar:/home/user/.m2/repository/com/google/api/grpc/proto-google-common-protos/1.17.0/proto-google-common-protos-1.17.0.jar:/home/user/.m2/repository/io/grpc/grpc-protobuf-lite/1.29.0/grpc-protobuf-lite-1.29.0.jar:/home/user/.m2/repository/io/grpc/grpc-stub/1.29.0/grpc-stub-1.29.0.jar:/home/user/.m2/repository/org/apache/hadoop/hadoop-ozone-recon/1.1.0-SNAPSHOT/hadoop-ozone-recon-1.1.0-SNAPSHOT.jar:/home/user/.m2/repository/org/apache/hadoop/hadoop-ozone-reconcodegen/1.1.0-SNAPSHOT/hadoop-ozone-reconcodegen-1.1.0-SNAPSHOT.jar:/home/user/.m2/repository/com/google/inject/extensions/guice-multibindings/4.0/guice-multibindings-4.0.jar:/home/user/.m2/repository/com/google/inject/guice/4.0/guice-4.0.jar:/home/user/.m2/repository/aopalliance/aopalliance/1.0/aopalliance-1.0.jar:/home/user/.m2/repository/com/google/inject/extensions/guice-assistedinject/4.0/guice-assistedinject-4.0.jar:/home/user/.m2/repository/com/google/inject/extensions/guice-servlet/4.0/guice-servlet-4.0.jar:/home/user/.m2/repository/org/glassfish/jersey/containers/jersey-container-servlet/2.27/jersey-container-servlet-2.27.jar:/home/user/.m2/repository/org/glassfish/hk2/guice-bridge/2.5.0/guice-bridge-2.5.0.jar:/home/user/.m2/repository/org/glassfish/jersey/core/jersey-server/2.27/jersey-server-2.27.jar:/home/user/.m2/repository/org/glassfish/jersey/core/jersey-client/2.27/jersey-client-2.27.jar:/home/user/.m2/repository/org/glassfish/jersey/media/jersey-media-jaxb/2.27/jersey-media-jaxb-2.27.jar:/home/user/.m2/repository/javax/validation/validation-api/1.1.0.Final/validation-api-1.1.0.Final.jar:/home/user/.m2/repository/org/glassfish/jersey/media/jersey-media-json-jackson/2.27/jersey-media-json-jackson-2.27.jar:/home/user/.m2/repository/org/glassfish/jersey/ext/jersey-entity-filtering/2.27/jersey-entity-filtering-2.27.jar:/home/user/.m2/repository/org/jooq/jooq/3.11.10/jooq-3.11.10.jar:/home/user/.m2/repository/org/jooq/jooq-meta/3.11.10/jooq-meta-3.11.10.jar:/home/user/.m2/repository/org/jooq/jooq-codegen/3.11.10/jooq-codegen-3.11.10.jar:/home/user/.m2/repository/com/jolbox/bonecp/0.8.0.RELEASE/bonecp-0.8.0.RELEASE.jar:/home/user/.m2/repository/org/apache/derby/derby/10.14.2.0/derby-10.14.2.0.jar:/home/user/.m2/repository/org/xerial/sqlite-jdbc/3.25.2/sqlite-jdbc-3.25.2.jar:/home/user/.m2/repository/org/springframework/spring-jdbc/5.2.5.RELEASE/spring-jdbc-5.2.5.RELEASE.jar:/home/user/.m2/repository/org/springframework/spring-beans/5.2.5.RELEASE/spring-beans-5.2.5.RELEASE.jar:/home/user/.m2/repository/org/springframework/spring-core/5.2.5.RELEASE/spring-core-5.2.5.RELEASE.jar:/home/user/.m2/repository/org/springframework/spring-jcl/5.2.5.RELEASE/spring-jcl-5.2.5.RELEASE.jar:/home/user/.m2/repository/org/springframework/spring-tx/5.2.5.RELEASE/spring-tx-5.2.5.RELEASE.jar:/home/user/.m2/repository/org/apache/hadoop/hadoop-ozone-client/1.1.0-SNAPSHOT/hadoop-ozone-client-1.1.0-SNAPSHOT.jar:/home/user/.m2/repository/org/apache/hadoop/hadoop-ozone-filesystem/1.1.0-SNAPSHOT/hadoop-ozone-filesystem-1.1.0-SNAPSHOT.jar:/home/user/.m2/repository/org/apache/hadoop/hadoop-ozone-filesystem-common/1.1.0-SNAPSHOT/hadoop-ozone-filesystem-common-1.1.0-SNAPSHOT.jar:/home/user/.m2/repository/org/apache/hadoop/hadoop-ozone-tools/1.1.0-SNAPSHOT/hadoop-ozone-tools-1.1.0-SNAPSHOT.jar:/home/user/.m2/repository/org/apache/hadoop/hadoop-hdfs/3.2.1/hadoop-hdfs-3.2.1.jar:/home/user/.m2/repository/org/apache/ratis/ratis-tools/1.1.0-913f5a4-SNAPSHOT/ratis-tools-1.1.0-913f5a4-SNAPSHOT.jar:/home/user/.m2/repository/org/apache/ratis/ratis-proto/1.1.0-913f5a4-SNAPSHOT/ratis-proto-1.1.0-913f5a4-SNAPSHOT.jar:/home/user/.m2/repository/org/apache/ratis/ratis-common/1.1.0-913f5a4-SNAPSHOT/ratis-common-1.1.0-913f5a4-SNAPSHOT.jar:/home/user/.m2/repository/com/amazonaws/aws-java-sdk-core/1.11.615/aws-java-sdk-core-1.11.615.jar:/home/user/.m2/repository/org/apache/httpcomponents/httpclient/4.5.13/httpclient-4.5.13.jar:/home/user/.m2/repository/org/apache/httpcomponents/httpcore/4.4.13/httpcore-4.4.13.jar:/home/user/.m2/repository/software/amazon/ion/ion-java/1.0.2/ion-java-1.0.2.jar:/home/user/.m2/repository/com/fasterxml/jackson/dataformat/jackson-dataformat-cbor/2.10.3/jackson-dataformat-cbor-2.10.3.jar:/home/user/.m2/repository/joda-time/joda-time/2.8.1/joda-time-2.8.1.jar:/home/user/.m2/repository/com/amazonaws/aws-java-sdk-s3/1.11.615/aws-java-sdk-s3-1.11.615.jar:/home/user/.m2/repository/com/amazonaws/aws-java-sdk-kms/1.11.615/aws-java-sdk-kms-1.11.615.jar:/home/user/.m2/repository/com/amazonaws/jmespath-java/1.11.615/jmespath-java-1.11.615.jar:/home/user/.m2/repository/org/kohsuke/metainf-services/metainf-services/1.8/metainf-services-1.8.jar:/home/user/.m2/repository/org/apache/hadoop/hadoop-hdds-tools/1.1.0-SNAPSHOT/hadoop-hdds-tools-1.1.0-SNAPSHOT.jar:/home/user/.m2/repository/commons-cli/commons-cli/1.2/commons-cli-1.2.jar:/home/user/.m2/repository/org/apache/commons/commons-lang3/3.7/commons-lang3-3.7.jar:/home/user/.m2/repository/org/apache/hadoop/hadoop-ozone-ozone-manager/1.1.0-SNAPSHOT/hadoop-ozone-ozone-manager-1.1.0-SNAPSHOT-tests.jar:/home/user/.m2/repository/junit/junit/4.11/junit-4.11.jar:/home/user/.m2/repository/org/hamcrest/hamcrest-core/1.3/hamcrest-core-1.3.jar:/home/user/.m2/repository/org/openjdk/jmh/jmh-core/1.19/jmh-core-1.19.jar:/home/user/.m2/repository/net/sf/jopt-simple/jopt-simple/4.6/jopt-simple-4.6.jar:/home/user/.m2/repository/org/apache/commons/commons-math3/3.1.1/commons-math3-3.1.1.jar:/home/user/.m2/repository/org/openjdk/jmh/jmh-generator-annprocess/1.19/jmh-generator-annprocess-1.19.jar:/home/user/.m2/repository/org/mockito/mockito-all/1.8.5/mockito-all-1.8.5.jar:/home/user/.m2/repository/org/apache/hadoop/hadoop-kms/3.2.1/hadoop-kms-3.2.1.jar:/home/user/.m2/repository/org/apache/hadoop/hadoop-auth/3.2.1/hadoop-auth-3.2.1.jar:/home/user/.m2/repository/com/nimbusds/nimbus-jose-jwt/7.9/nimbus-jose-jwt-7.9.jar:/home/user/.m2/repository/com/github/stephenc/jcip/jcip-annotations/1.0-1/jcip-annotations-1.0-1.jar:/home/user/.m2/repository/net/minidev/json-smart/2.3/json-smart-2.3.jar:/home/user/.m2/repository/net/minidev/accessors-smart/1.2/accessors-smart-1.2.jar:/home/user/.m2/repository/org/ow2/asm/asm/5.0.4/asm-5.0.4.jar:/home/user/.m2/repository/org/apache/zookeeper/zookeeper/3.4.13/zookeeper-3.4.13.jar:/home/user/.m2/repository/org/apache/yetus/audience-annotations/0.5.0/audience-annotations-0.5.0.jar:/home/user/.m2/repository/org/apache/curator/curator-framework/2.13.0/curator-framework-2.13.0.jar:/home/user/.m2/repository/com/sun/jersey/jersey-core/1.19/jersey-core-1.19.jar:/home/user/.m2/repository/javax/ws/rs/jsr311-api/1.1.1/jsr311-api-1.1.1.jar:/home/user/.m2/repository/com/sun/jersey/jersey-server/1.19/jersey-server-1.19.jar:/home/user/.m2/repository/javax/servlet/javax.servlet-api/3.1.0/javax.servlet-api-3.1.0.jar:/home/user/.m2/repository/org/eclipse/jetty/jetty-server/9.4.34.v20201102/jetty-server-9.4.34.v20201102.jar:/home/user/.m2/repository/org/eclipse/jetty/jetty-http/9.4.34.v20201102/jetty-http-9.4.34.v20201102.jar:/home/user/.m2/repository/org/eclipse/jetty/jetty-io/9.4.34.v20201102/jetty-io-9.4.34.v20201102.jar:/home/user/.m2/repository/org/eclipse/jetty/jetty-webapp/9.4.34.v20201102/jetty-webapp-9.4.34.v20201102.jar:/home/user/.m2/repository/org/eclipse/jetty/jetty-xml/9.4.34.v20201102/jetty-xml-9.4.34.v20201102.jar:/home/user/.m2/repository/org/eclipse/jetty/jetty-servlet/9.4.34.v20201102/jetty-servlet-9.4.34.v20201102.jar:/home/user/.m2/repository/org/eclipse/jetty/jetty-security/9.4.34.v20201102/jetty-security-9.4.34.v20201102.jar:/home/user/.m2/repository/org/apache/hadoop/hadoop-common/3.2.1/hadoop-common-3.2.1.jar:/home/user/.m2/repository/commons-net/commons-net/3.6/commons-net-3.6.jar:/home/user/.m2/repository/commons-collections/commons-collections/3.2.2/commons-collections-3.2.2.jar:/home/user/.m2/repository/com/sun/jersey/jersey-servlet/1.19/jersey-servlet-1.19.jar:/home/user/.m2/repository/com/sun/jersey/jersey-json/1.19/jersey-json-1.19.jar:/home/user/.m2/repository/org/codehaus/jettison/jettison/1.1/jettison-1.1.jar:/home/user/.m2/repository/org/codehaus/jackson/jackson-jaxrs/1.9.2/jackson-jaxrs-1.9.2.jar:/home/user/.m2/repository/org/codehaus/jackson/jackson-xc/1.9.2/jackson-xc-1.9.2.jar:/home/user/.m2/repository/commons-beanutils/commons-beanutils/1.9.4/commons-beanutils-1.9.4.jar:/home/user/.m2/repository/org/apache/commons/commons-configuration2/2.1.1/commons-configuration2-2.1.1.jar:/home/user/.m2/repository/org/apache/commons/commons-text/1.4/commons-text-1.4.jar:/home/user/.m2/repository/com/google/re2j/re2j/1.1/re2j-1.1.jar:/home/user/.m2/repository/com/jcraft/jsch/0.1.54/jsch-0.1.54.jar:/home/user/.m2/repository/org/apache/curator/curator-client/2.13.0/curator-client-2.13.0.jar:/home/user/.m2/repository/org/apache/curator/curator-recipes/2.13.0/curator-recipes-2.13.0.jar:/home/user/.m2/repository/dnsjava/dnsjava/2.1.7/dnsjava-2.1.7.jar:/home/user/.m2/repository/org/slf4j/jul-to-slf4j/1.7.25/jul-to-slf4j-1.7.25.jar:/home/user/.m2/repository/org/eclipse/jetty/jetty-util/9.4.34.v20201102/jetty-util-9.4.34.v20201102.jar:/home/user/.m2/repository/com/fasterxml/jackson/core/jackson-databind/2.10.3/jackson-databind-2.10.3.jar:/home/user/.m2/repository/org/apache/hadoop/hadoop-kms/3.2.1/hadoop-kms-3.2.1-tests.jar:/home/user/.m2/repository/org/apache/hadoop/hadoop-hdds-server-scm/1.1.0-SNAPSHOT/hadoop-hdds-server-scm-1.1.0-SNAPSHOT-tests.jar:/home/user/.m2/repository/org/apache/hadoop/hadoop-hdds-container-service/1.1.0-SNAPSHOT/hadoop-hdds-container-service-1.1.0-SNAPSHOT-tests.jar:/home/user/.m2/repository/org/apache/hadoop/hadoop-hdds-common/1.1.0-SNAPSHOT/hadoop-hdds-common-1.1.0-SNAPSHOT-tests.jar:/home/user/.m2/repository/org/yaml/snakeyaml/1.16/snakeyaml-1.16.jar:/home/user/.m2/repository/org/apache/hadoop/hadoop-hdds-hadoop-dependency-test/1.1.0-SNAPSHOT/hadoop-hdds-hadoop-dependency-test-1.1.0-SNAPSHOT.jar:/home/user/.m2/repository/org/apache/hadoop/hadoop-common/3.2.1/hadoop-common-3.2.1-tests.jar:/home/user/.m2/repository/javax/servlet/jsp/jsp-api/2.1/jsp-api-2.1.jar:/home/user/.m2/repository/org/apache/hadoop/hadoop-hdfs/3.2.1/hadoop-hdfs-3.2.1-tests.jar:/home/user/.m2/repository/org/eclipse/jetty/jetty-util-ajax/9.4.34.v20201102/jetty-util-ajax-9.4.34.v20201102.jar:/home/user/.m2/repository/commons-codec/commons-codec/1.11/commons-codec-1.11.jar:/home/user/.m2/repository/commons-daemon/commons-daemon/1.0.13/commons-daemon-1.0.13.jar:/home/user/.m2/repository/io/netty/netty/3.10.5.Final/netty-3.10.5.Final.jar:/home/user/.m2/repository/io/netty/netty-all/4.1.48.Final/netty-all-4.1.48.Final.jar:/home/user/.m2/repository/org/apache/htrace/htrace-core4/4.1.0-incubating/htrace-core4-4.1.0-incubating.jar:/home/user/.m2/repository/org/fusesource/leveldbjni/leveldbjni-all/1.8/leveldbjni-all-1.8.jar:/home/user/.m2/repository/org/apache/hadoop/hadoop-distcp/3.2.1/hadoop-distcp-3.2.1.jar:/home/user/.m2/repository/org/apache/hadoop/hadoop-mapreduce-client-jobclient/3.2.1/hadoop-mapreduce-client-jobclient-3.2.1.jar:/home/user/.m2/repository/org/apache/hadoop/hadoop-mapreduce-client-common/3.2.1/hadoop-mapreduce-client-common-3.2.1.jar:/home/user/.m2/repository/org/apache/hadoop/hadoop-yarn-common/3.2.1/hadoop-yarn-common-3.2.1.jar:/home/user/.m2/repository/org/apache/hadoop/hadoop-yarn-api/3.2.1/hadoop-yarn-api-3.2.1.jar:/home/user/.m2/repository/com/sun/jersey/jersey-client/1.19/jersey-client-1.19.jar:/home/user/.m2/repository/com/sun/jersey/contribs/jersey-guice/1.19/jersey-guice-1.19.jar:/home/user/.m2/repository/com/fasterxml/jackson/jaxrs/jackson-jaxrs-json-provider/2.10.3/jackson-jaxrs-json-provider-2.10.3.jar:/home/user/.m2/repository/com/fasterxml/jackson/jaxrs/jackson-jaxrs-base/2.10.3/jackson-jaxrs-base-2.10.3.jar:/home/user/.m2/repository/org/apache/hadoop/hadoop-yarn-client/3.2.1/hadoop-yarn-client-3.2.1.jar:/home/user/.m2/repository/org/apache/hadoop/hadoop-mapreduce-client-core/3.2.1/hadoop-mapreduce-client-core-3.2.1.jar:/home/user/.m2/repository/org/apache/avro/avro/1.7.7/avro-1.7.7.jar:/home/user/.m2/repository/org/codehaus/jackson/jackson-core-asl/1.9.13/jackson-core-asl-1.9.13.jar:/home/user/.m2/repository/org/codehaus/jackson/jackson-mapper-asl/1.9.13/jackson-mapper-asl-1.9.13.jar:/home/user/.m2/repository/com/thoughtworks/paranamer/paranamer/2.3/paranamer-2.3.jar:/home/user/.m2/repository/org/xerial/snappy/snappy-java/1.0.5/snappy-java-1.0.5.jar:/home/user/.m2/repository/org/apache/hadoop/hadoop-annotations/3.2.1/hadoop-annotations-3.2.1.jar:/usr/lib/jvm/java-1.8.0-openjdk-1.8.0.232.b09-0.el7_7.x86_64/jre/../lib/tools.jar:/home/user/.m2/repository/org/apache/hadoop/hadoop-distcp/3.2.1/hadoop-distcp-3.2.1-tests.jar:"/>
    <property name="java.vm.vendor" value="Oracle Corporation"/>
    <property name="sun.arch.data.model" value="64"/>
    <property name="test.build.dir" value="/github/workspace/mnt/ozone/hadoop-ozone/integration-test/target/test-dir"/>
    <property name="test.cache.data" value=""/>
    <property name="java.vendor.url" value="http://java.oracle.com/"/>
    <property name="user.timezone" value=""/>
    <property name="java.vm.specification.version" value="1.8"/>
    <property name="os.name" value="Linux"/>
    <property name="test.build.data" value="/github/workspace/mnt/ozone/hadoop-ozone/integration-test/target/test-dir"/>
    <property name="user.country" value="US"/>
    <property name="sun.java.launcher" value="SUN_STANDARD"/>
    <property name="sun.boot.library.path" value="/usr/lib/jvm/java-1.8.0-openjdk-1.8.0.232.b09-0.el7_7.x86_64/jre/lib/amd64"/>
    <property name="sun.java.command" value="/github/workspace/mnt/ozone/hadoop-ozone/integration-test/target/surefire/surefirebooter1256204560398023907.jar /github/workspace/mnt/ozone/hadoop-ozone/integration-test/target/surefire 2020-11-25T02-21-22_127-jvmRun1 surefire8665790689683084939tmp surefire_57594190874694143808tmp"/>
    <property name="surefire.test.class.path" value="/github/workspace/mnt/ozone/hadoop-ozone/integration-test/target/test-classes:/github/workspace/mnt/ozone/hadoop-ozone/integration-test/target/classes:/home/user/.m2/repository/org/apache/hadoop/hadoop-ozone-common/1.1.0-SNAPSHOT/hadoop-ozone-common-1.1.0-SNAPSHOT.jar:/home/user/.m2/repository/org/apache/commons/commons-compress/1.4.1/commons-compress-1.4.1.jar:/home/user/.m2/repository/org/tukaani/xz/1.0/xz-1.0.jar:/home/user/.m2/repository/org/apache/hadoop/hadoop-hdds-common/1.1.0-SNAPSHOT/hadoop-hdds-common-1.1.0-SNAPSHOT.jar:/home/user/.m2/repository/org/apache/hadoop/hadoop-hdds-hadoop-dependency-client/1.1.0-SNAPSHOT/hadoop-hdds-hadoop-dependency-client-1.1.0-SNAPSHOT.jar:/home/user/.m2/repository/info/picocli/picocli/4.4.0/picocli-4.4.0.jar:/home/user/.m2/repository/com/fasterxml/jackson/core/jackson-annotations/2.10.3/jackson-annotations-2.10.3.jar:/home/user/.m2/repository/javax/annotation/javax.annotation-api/1.2/javax.annotation-api-1.2.jar:/home/user/.m2/repository/org/apache/ratis/ratis-server/1.1.0-913f5a4-SNAPSHOT/ratis-server-1.1.0-913f5a4-SNAPSHOT.jar:/home/user/.m2/repository/org/apache/ratis/ratis-client/1.1.0-913f5a4-SNAPSHOT/ratis-client-1.1.0-913f5a4-SNAPSHOT.jar:/home/user/.m2/repository/org/apache/ratis/ratis-metrics/1.1.0-913f5a4-SNAPSHOT/ratis-metrics-1.1.0-913f5a4-SNAPSHOT.jar:/home/user/.m2/repository/org/apache/ratis/ratis-netty/1.1.0-913f5a4-SNAPSHOT/ratis-netty-1.1.0-913f5a4-SNAPSHOT.jar:/home/user/.m2/repository/org/apache/ratis/ratis-grpc/1.1.0-913f5a4-SNAPSHOT/ratis-grpc-1.1.0-913f5a4-SNAPSHOT.jar:/home/user/.m2/repository/org/apache/logging/log4j/log4j-api/2.13.3/log4j-api-2.13.3.jar:/home/user/.m2/repository/org/apache/logging/log4j/log4j-core/2.13.3/log4j-core-2.13.3.jar:/home/user/.m2/repository/com/lmax/disruptor/3.4.2/disruptor-3.4.2.jar:/home/user/.m2/repository/org/apache/commons/commons-pool2/2.6.0/commons-pool2-2.6.0.jar:/home/user/.m2/repository/org/bouncycastle/bcpkix-jdk15on/1.60/bcpkix-jdk15on-1.60.jar:/home/user/.m2/repository/commons-validator/commons-validator/1.6/commons-validator-1.6.jar:/home/user/.m2/repository/commons-digester/commons-digester/1.8.1/commons-digester-1.8.1.jar:/home/user/.m2/repository/io/jaegertracing/jaeger-client/1.2.0/jaeger-client-1.2.0.jar:/home/user/.m2/repository/io/jaegertracing/jaeger-thrift/1.2.0/jaeger-thrift-1.2.0.jar:/home/user/.m2/repository/org/apache/thrift/libthrift/0.13.0/libthrift-0.13.0.jar:/home/user/.m2/repository/com/squareup/okhttp3/okhttp/4.2.2/okhttp-4.2.2.jar:/home/user/.m2/repository/com/squareup/okio/okio/2.2.2/okio-2.2.2.jar:/home/user/.m2/repository/org/jetbrains/kotlin/kotlin-stdlib/1.3.50/kotlin-stdlib-1.3.50.jar:/home/user/.m2/repository/org/jetbrains/kotlin/kotlin-stdlib-common/1.3.50/kotlin-stdlib-common-1.3.50.jar:/home/user/.m2/repository/org/jetbrains/annotations/13.0/annotations-13.0.jar:/home/user/.m2/repository/io/jaegertracing/jaeger-core/1.2.0/jaeger-core-1.2.0.jar:/home/user/.m2/repository/io/jaegertracing/jaeger-tracerresolver/1.2.0/jaeger-tracerresolver-1.2.0.jar:/home/user/.m2/repository/io/opentracing/contrib/opentracing-tracerresolver/0.1.8/opentracing-tracerresolver-0.1.8.jar:/home/user/.m2/repository/io/opentracing/opentracing-util/0.33.0/opentracing-util-0.33.0.jar:/home/user/.m2/repository/io/opentracing/opentracing-api/0.33.0/opentracing-api-0.33.0.jar:/home/user/.m2/repository/io/opentracing/opentracing-noop/0.33.0/opentracing-noop-0.33.0.jar:/home/user/.m2/repository/org/apache/hadoop/hadoop-hdds-client/1.1.0-SNAPSHOT/hadoop-hdds-client-1.1.0-SNAPSHOT.jar:/home/user/.m2/repository/org/apache/hadoop/hadoop-ozone-interface-client/1.1.0-SNAPSHOT/hadoop-ozone-interface-client-1.1.0-SNAPSHOT.jar:/home/user/.m2/repository/org/apache/hadoop/hadoop-hdds-test-utils/1.1.0-SNAPSHOT/hadoop-hdds-test-utils-1.1.0-SNAPSHOT.jar:/home/user/.m2/repository/com/google/guava/guava/28.2-jre/guava-28.2-jre.jar:/home/user/.m2/repository/com/google/guava/failureaccess/1.0.1/failureaccess-1.0.1.jar:/home/user/.m2/repository/com/google/guava/listenablefuture/9999.0-empty-to-avoid-conflict-with-guava/listenablefuture-9999.0-empty-to-avoid-conflict-with-guava.jar:/home/user/.m2/repository/com/google/code/findbugs/jsr305/3.0.0/jsr305-3.0.0.jar:/home/user/.m2/repository/org/checkerframework/checker-qual/2.10.0/checker-qual-2.10.0.jar:/home/user/.m2/repository/com/google/errorprone/error_prone_annotations/2.2.0/error_prone_annotations-2.2.0.jar:/home/user/.m2/repository/com/google/j2objc/j2objc-annotations/1.3/j2objc-annotations-1.3.jar:/home/user/.m2/repository/commons-io/commons-io/2.5/commons-io-2.5.jar:/home/user/.m2/repository/commons-logging/commons-logging/1.2/commons-logging-1.2.jar:/home/user/.m2/repository/log4j/log4j/1.2.17/log4j-1.2.17.jar:/home/user/.m2/repository/org/slf4j/slf4j-api/1.7.25/slf4j-api-1.7.25.jar:/home/user/.m2/repository/org/apache/hadoop/hadoop-hdds-server-scm/1.1.0-SNAPSHOT/hadoop-hdds-server-scm-1.1.0-SNAPSHOT.jar:/home/user/.m2/repository/org/apache/hadoop/hadoop-hdds-container-service/1.1.0-SNAPSHOT/hadoop-hdds-container-service-1.1.0-SNAPSHOT.jar:/home/user/.m2/repository/org/apache/hadoop/hadoop-hdds-hadoop-dependency-server/1.1.0-SNAPSHOT/hadoop-hdds-hadoop-dependency-server-1.1.0-SNAPSHOT.jar:/home/user/.m2/repository/org/apache/hadoop/hadoop-hdds-server-framework/1.1.0-SNAPSHOT/hadoop-hdds-server-framework-1.1.0-SNAPSHOT.jar:/home/user/.m2/repository/org/apache/hadoop/hadoop-hdds-interface-server/1.1.0-SNAPSHOT/hadoop-hdds-interface-server-1.1.0-SNAPSHOT.jar:/home/user/.m2/repository/org/apache/hadoop/hadoop-hdds-interface-admin/1.1.0-SNAPSHOT/hadoop-hdds-interface-admin-1.1.0-SNAPSHOT.jar:/home/user/.m2/repository/org/rocksdb/rocksdbjni/6.8.1/rocksdbjni-6.8.1.jar:/home/user/.m2/repository/io/prometheus/simpleclient_dropwizard/0.7.0/simpleclient_dropwizard-0.7.0.jar:/home/user/.m2/repository/io/prometheus/simpleclient/0.7.0/simpleclient-0.7.0.jar:/home/user/.m2/repository/io/prometheus/simpleclient_common/0.7.0/simpleclient_common-0.7.0.jar:/home/user/.m2/repository/com/fasterxml/jackson/datatype/jackson-datatype-jsr310/2.10.3/jackson-datatype-jsr310-2.10.3.jar:/home/user/.m2/repository/io/dropwizard/metrics/metrics-core/3.2.4/metrics-core-3.2.4.jar:/home/user/.m2/repository/org/apache/hadoop/hadoop-hdfs-client/3.2.1/hadoop-hdfs-client-3.2.1.jar:/home/user/.m2/repository/org/bouncycastle/bcprov-jdk15on/1.60/bcprov-jdk15on-1.60.jar:/home/user/.m2/repository/org/apache/hadoop/hadoop-ozone-ozone-manager/1.1.0-SNAPSHOT/hadoop-ozone-ozone-manager-1.1.0-SNAPSHOT.jar:/home/user/.m2/repository/org/apache/hadoop/hadoop-hdds-interface-client/1.1.0-SNAPSHOT/hadoop-hdds-interface-client-1.1.0-SNAPSHOT.jar:/home/user/.m2/repository/org/apache/ratis/ratis-thirdparty-misc/0.6.0-SNAPSHOT/ratis-thirdparty-misc-0.6.0-SNAPSHOT.jar:/home/user/.m2/repository/org/apache/hadoop/hadoop-ozone-interface-storage/1.1.0-SNAPSHOT/hadoop-ozone-interface-storage-1.1.0-SNAPSHOT.jar:/home/user/.m2/repository/org/apache/hadoop/hadoop-minikdc/3.2.1/hadoop-minikdc-3.2.1.jar:/home/user/.m2/repository/org/apache/kerby/kerb-simplekdc/1.0.1/kerb-simplekdc-1.0.1.jar:/home/user/.m2/repository/org/apache/kerby/kerb-client/1.0.1/kerb-client-1.0.1.jar:/home/user/.m2/repository/org/apache/kerby/kerby-config/1.0.1/kerby-config-1.0.1.jar:/home/user/.m2/repository/org/apache/kerby/kerb-core/1.0.1/kerb-core-1.0.1.jar:/home/user/.m2/repository/org/apache/kerby/kerby-pkix/1.0.1/kerby-pkix-1.0.1.jar:/home/user/.m2/repository/org/apache/kerby/kerby-asn1/1.0.1/kerby-asn1-1.0.1.jar:/home/user/.m2/repository/org/apache/kerby/kerby-util/1.0.1/kerby-util-1.0.1.jar:/home/user/.m2/repository/org/apache/kerby/kerb-common/1.0.1/kerb-common-1.0.1.jar:/home/user/.m2/repository/org/apache/kerby/kerb-crypto/1.0.1/kerb-crypto-1.0.1.jar:/home/user/.m2/repository/org/apache/kerby/kerb-util/1.0.1/kerb-util-1.0.1.jar:/home/user/.m2/repository/org/apache/kerby/token-provider/1.0.1/token-provider-1.0.1.jar:/home/user/.m2/repository/org/apache/kerby/kerb-admin/1.0.1/kerb-admin-1.0.1.jar:/home/user/.m2/repository/org/apache/kerby/kerb-server/1.0.1/kerb-server-1.0.1.jar:/home/user/.m2/repository/org/apache/kerby/kerb-identity/1.0.1/kerb-identity-1.0.1.jar:/home/user/.m2/repository/org/apache/kerby/kerby-xdr/1.0.1/kerby-xdr-1.0.1.jar:/home/user/.m2/repository/org/slf4j/slf4j-log4j12/1.7.25/slf4j-log4j12-1.7.25.jar:/home/user/.m2/repository/org/apache/hadoop/hadoop-ozone-s3gateway/1.1.0-SNAPSHOT/hadoop-ozone-s3gateway-1.1.0-SNAPSHOT.jar:/home/user/.m2/repository/org/jboss/weld/servlet/weld-servlet/2.4.7.Final/weld-servlet-2.4.7.Final.jar:/home/user/.m2/repository/org/glassfish/jersey/containers/jersey-container-servlet-core/2.27/jersey-container-servlet-core-2.27.jar:/home/user/.m2/repository/org/glassfish/hk2/external/javax.inject/2.5.0-b42/javax.inject-2.5.0-b42.jar:/home/user/.m2/repository/org/glassfish/jersey/core/jersey-common/2.27/jersey-common-2.27.jar:/home/user/.m2/repository/org/glassfish/hk2/osgi-resource-locator/1.0.1/osgi-resource-locator-1.0.1.jar:/home/user/.m2/repository/javax/ws/rs/javax.ws.rs-api/2.1/javax.ws.rs-api-2.1.jar:/home/user/.m2/repository/org/glassfish/jersey/ext/cdi/jersey-cdi1x/2.27/jersey-cdi1x-2.27.jar:/home/user/.m2/repository/org/glassfish/jersey/inject/jersey-hk2/2.27/jersey-hk2-2.27.jar:/home/user/.m2/repository/org/glassfish/hk2/hk2-locator/2.5.0-b42/hk2-locator-2.5.0-b42.jar:/home/user/.m2/repository/org/javassist/javassist/3.22.0-CR2/javassist-3.22.0-CR2.jar:/home/user/.m2/repository/org/glassfish/hk2/hk2-api/2.5.0/hk2-api-2.5.0.jar:/home/user/.m2/repository/org/glassfish/hk2/external/jakarta.inject/2.5.0/jakarta.inject-2.5.0.jar:/home/user/.m2/repository/org/glassfish/hk2/hk2-utils/2.5.0/hk2-utils-2.5.0.jar:/home/user/.m2/repository/jakarta/annotation/jakarta.annotation-api/1.3.4/jakarta.annotation-api-1.3.4.jar:/home/user/.m2/repository/org/glassfish/hk2/external/aopalliance-repackaged/2.5.0/aopalliance-repackaged-2.5.0.jar:/home/user/.m2/repository/com/fasterxml/jackson/dataformat/jackson-dataformat-xml/2.10.3/jackson-dataformat-xml-2.10.3.jar:/home/user/.m2/repository/com/fasterxml/jackson/core/jackson-core/2.10.3/jackson-core-2.10.3.jar:/home/user/.m2/repository/com/fasterxml/jackson/module/jackson-module-jaxb-annotations/2.10.3/jackson-module-jaxb-annotations-2.10.3.jar:/home/user/.m2/repository/jakarta/xml/bind/jakarta.xml.bind-api/2.3.2/jakarta.xml.bind-api-2.3.2.jar:/home/user/.m2/repository/jakarta/activation/jakarta.activation-api/1.2.1/jakarta.activation-api-1.2.1.jar:/home/user/.m2/repository/org/codehaus/woodstox/stax2-api/3.1.4/stax2-api-3.1.4.jar:/home/user/.m2/repository/com/fasterxml/woodstox/woodstox-core/5.0.3/woodstox-core-5.0.3.jar:/home/user/.m2/repository/javax/enterprise/cdi-api/1.2/cdi-api-1.2.jar:/home/user/.m2/repository/javax/el/javax.el-api/3.0.0/javax.el-api-3.0.0.jar:/home/user/.m2/repository/javax/interceptor/javax.interceptor-api/1.2/javax.interceptor-api-1.2.jar:/home/user/.m2/repository/javax/inject/javax.inject/1/javax.inject-1.jar:/home/user/.m2/repository/com/sun/xml/bind/jaxb-impl/2.3.0.1/jaxb-impl-2.3.0.1.jar:/home/user/.m2/repository/com/sun/xml/bind/jaxb-core/2.3.0.1/jaxb-core-2.3.0.1.jar:/home/user/.m2/repository/javax/xml/bind/jaxb-api/2.3.0/jaxb-api-2.3.0.jar:/home/user/.m2/repository/javax/activation/activation/1.1.1/activation-1.1.1.jar:/home/user/.m2/repository/org/apache/hadoop/hadoop-ozone-csi/1.1.0-SNAPSHOT/hadoop-ozone-csi-1.1.0-SNAPSHOT.jar:/home/user/.m2/repository/com/google/protobuf/protobuf-java-util/3.11.0/protobuf-java-util-3.11.0.jar:/home/user/.m2/repository/com/google/code/gson/gson/2.2.4/gson-2.2.4.jar:/home/user/.m2/repository/org/apache/hadoop/hadoop-hdds-config/1.1.0-SNAPSHOT/hadoop-hdds-config-1.1.0-SNAPSHOT.jar:/home/user/.m2/repository/com/google/protobuf/protobuf-java/2.5.0/protobuf-java-2.5.0.jar:/home/user/.m2/repository/io/grpc/grpc-netty/1.29.0/grpc-netty-1.29.0.jar:/home/user/.m2/repository/io/grpc/grpc-core/1.29.0/grpc-core-1.29.0.jar:/home/user/.m2/repository/com/google/android/annotations/4.1.1.4/annotations-4.1.1.4.jar:/home/user/.m2/repository/io/perfmark/perfmark-api/0.19.0/perfmark-api-0.19.0.jar:/home/user/.m2/repository/io/netty/netty-codec-http2/4.1.48.Final/netty-codec-http2-4.1.48.Final.jar:/home/user/.m2/repository/io/netty/netty-codec/4.1.48.Final/netty-codec-4.1.48.Final.jar:/home/user/.m2/repository/io/netty/netty-handler/4.1.48.Final/netty-handler-4.1.48.Final.jar:/home/user/.m2/repository/io/netty/netty-codec-http/4.1.48.Final/netty-codec-http-4.1.48.Final.jar:/home/user/.m2/repository/io/netty/netty-handler-proxy/4.1.48.Final/netty-handler-proxy-4.1.48.Final.jar:/home/user/.m2/repository/io/netty/netty-codec-socks/4.1.48.Final/netty-codec-socks-4.1.48.Final.jar:/home/user/.m2/repository/io/netty/netty-transport-native-epoll/4.1.48.Final/netty-transport-native-epoll-4.1.48.Final.jar:/home/user/.m2/repository/io/netty/netty-common/4.1.48.Final/netty-common-4.1.48.Final.jar:/home/user/.m2/repository/io/netty/netty-buffer/4.1.48.Final/netty-buffer-4.1.48.Final.jar:/home/user/.m2/repository/io/netty/netty-transport/4.1.48.Final/netty-transport-4.1.48.Final.jar:/home/user/.m2/repository/io/netty/netty-resolver/4.1.48.Final/netty-resolver-4.1.48.Final.jar:/home/user/.m2/repository/io/netty/netty-transport-native-unix-common/4.1.48.Final/netty-transport-native-unix-common-4.1.48.Final.jar:/home/user/.m2/repository/io/grpc/grpc-protobuf/1.29.0/grpc-protobuf-1.29.0.jar:/home/user/.m2/repository/io/grpc/grpc-api/1.29.0/grpc-api-1.29.0.jar:/home/user/.m2/repository/io/grpc/grpc-context/1.29.0/grpc-context-1.29.0.jar:/home/user/.m2/repository/org/codehaus/mojo/animal-sniffer-annotations/1.18/animal-sniffer-annotations-1.18.jar:/home/user/.m2/repository/com/google/api/grpc/proto-google-common-protos/1.17.0/proto-google-common-protos-1.17.0.jar:/home/user/.m2/repository/io/grpc/grpc-protobuf-lite/1.29.0/grpc-protobuf-lite-1.29.0.jar:/home/user/.m2/repository/io/grpc/grpc-stub/1.29.0/grpc-stub-1.29.0.jar:/home/user/.m2/repository/org/apache/hadoop/hadoop-ozone-recon/1.1.0-SNAPSHOT/hadoop-ozone-recon-1.1.0-SNAPSHOT.jar:/home/user/.m2/repository/org/apache/hadoop/hadoop-ozone-reconcodegen/1.1.0-SNAPSHOT/hadoop-ozone-reconcodegen-1.1.0-SNAPSHOT.jar:/home/user/.m2/repository/com/google/inject/extensions/guice-multibindings/4.0/guice-multibindings-4.0.jar:/home/user/.m2/repository/com/google/inject/guice/4.0/guice-4.0.jar:/home/user/.m2/repository/aopalliance/aopalliance/1.0/aopalliance-1.0.jar:/home/user/.m2/repository/com/google/inject/extensions/guice-assistedinject/4.0/guice-assistedinject-4.0.jar:/home/user/.m2/repository/com/google/inject/extensions/guice-servlet/4.0/guice-servlet-4.0.jar:/home/user/.m2/repository/org/glassfish/jersey/containers/jersey-container-servlet/2.27/jersey-container-servlet-2.27.jar:/home/user/.m2/repository/org/glassfish/hk2/guice-bridge/2.5.0/guice-bridge-2.5.0.jar:/home/user/.m2/repository/org/glassfish/jersey/core/jersey-server/2.27/jersey-server-2.27.jar:/home/user/.m2/repository/org/glassfish/jersey/core/jersey-client/2.27/jersey-client-2.27.jar:/home/user/.m2/repository/org/glassfish/jersey/media/jersey-media-jaxb/2.27/jersey-media-jaxb-2.27.jar:/home/user/.m2/repository/javax/validation/validation-api/1.1.0.Final/validation-api-1.1.0.Final.jar:/home/user/.m2/repository/org/glassfish/jersey/media/jersey-media-json-jackson/2.27/jersey-media-json-jackson-2.27.jar:/home/user/.m2/repository/org/glassfish/jersey/ext/jersey-entity-filtering/2.27/jersey-entity-filtering-2.27.jar:/home/user/.m2/repository/org/jooq/jooq/3.11.10/jooq-3.11.10.jar:/home/user/.m2/repository/org/jooq/jooq-meta/3.11.10/jooq-meta-3.11.10.jar:/home/user/.m2/repository/org/jooq/jooq-codegen/3.11.10/jooq-codegen-3.11.10.jar:/home/user/.m2/repository/com/jolbox/bonecp/0.8.0.RELEASE/bonecp-0.8.0.RELEASE.jar:/home/user/.m2/repository/org/apache/derby/derby/10.14.2.0/derby-10.14.2.0.jar:/home/user/.m2/repository/org/xerial/sqlite-jdbc/3.25.2/sqlite-jdbc-3.25.2.jar:/home/user/.m2/repository/org/springframework/spring-jdbc/5.2.5.RELEASE/spring-jdbc-5.2.5.RELEASE.jar:/home/user/.m2/repository/org/springframework/spring-beans/5.2.5.RELEASE/spring-beans-5.2.5.RELEASE.jar:/home/user/.m2/repository/org/springframework/spring-core/5.2.5.RELEASE/spring-core-5.2.5.RELEASE.jar:/home/user/.m2/repository/org/springframework/spring-jcl/5.2.5.RELEASE/spring-jcl-5.2.5.RELEASE.jar:/home/user/.m2/repository/org/springframework/spring-tx/5.2.5.RELEASE/spring-tx-5.2.5.RELEASE.jar:/home/user/.m2/repository/org/apache/hadoop/hadoop-ozone-client/1.1.0-SNAPSHOT/hadoop-ozone-client-1.1.0-SNAPSHOT.jar:/home/user/.m2/repository/org/apache/hadoop/hadoop-ozone-filesystem/1.1.0-SNAPSHOT/hadoop-ozone-filesystem-1.1.0-SNAPSHOT.jar:/home/user/.m2/repository/org/apache/hadoop/hadoop-ozone-filesystem-common/1.1.0-SNAPSHOT/hadoop-ozone-filesystem-common-1.1.0-SNAPSHOT.jar:/home/user/.m2/repository/org/apache/hadoop/hadoop-ozone-tools/1.1.0-SNAPSHOT/hadoop-ozone-tools-1.1.0-SNAPSHOT.jar:/home/user/.m2/repository/org/apache/hadoop/hadoop-hdfs/3.2.1/hadoop-hdfs-3.2.1.jar:/home/user/.m2/repository/org/apache/ratis/ratis-tools/1.1.0-913f5a4-SNAPSHOT/ratis-tools-1.1.0-913f5a4-SNAPSHOT.jar:/home/user/.m2/repository/org/apache/ratis/ratis-proto/1.1.0-913f5a4-SNAPSHOT/ratis-proto-1.1.0-913f5a4-SNAPSHOT.jar:/home/user/.m2/repository/org/apache/ratis/ratis-common/1.1.0-913f5a4-SNAPSHOT/ratis-common-1.1.0-913f5a4-SNAPSHOT.jar:/home/user/.m2/repository/com/amazonaws/aws-java-sdk-core/1.11.615/aws-java-sdk-core-1.11.615.jar:/home/user/.m2/repository/org/apache/httpcomponents/httpclient/4.5.13/httpclient-4.5.13.jar:/home/user/.m2/repository/org/apache/httpcomponents/httpcore/4.4.13/httpcore-4.4.13.jar:/home/user/.m2/repository/software/amazon/ion/ion-java/1.0.2/ion-java-1.0.2.jar:/home/user/.m2/repository/com/fasterxml/jackson/dataformat/jackson-dataformat-cbor/2.10.3/jackson-dataformat-cbor-2.10.3.jar:/home/user/.m2/repository/joda-time/joda-time/2.8.1/joda-time-2.8.1.jar:/home/user/.m2/repository/com/amazonaws/aws-java-sdk-s3/1.11.615/aws-java-sdk-s3-1.11.615.jar:/home/user/.m2/repository/com/amazonaws/aws-java-sdk-kms/1.11.615/aws-java-sdk-kms-1.11.615.jar:/home/user/.m2/repository/com/amazonaws/jmespath-java/1.11.615/jmespath-java-1.11.615.jar:/home/user/.m2/repository/org/kohsuke/metainf-services/metainf-services/1.8/metainf-services-1.8.jar:/home/user/.m2/repository/org/apache/hadoop/hadoop-hdds-tools/1.1.0-SNAPSHOT/hadoop-hdds-tools-1.1.0-SNAPSHOT.jar:/home/user/.m2/repository/commons-cli/commons-cli/1.2/commons-cli-1.2.jar:/home/user/.m2/repository/org/apache/commons/commons-lang3/3.7/commons-lang3-3.7.jar:/home/user/.m2/repository/org/apache/hadoop/hadoop-ozone-ozone-manager/1.1.0-SNAPSHOT/hadoop-ozone-ozone-manager-1.1.0-SNAPSHOT-tests.jar:/home/user/.m2/repository/junit/junit/4.11/junit-4.11.jar:/home/user/.m2/repository/org/hamcrest/hamcrest-core/1.3/hamcrest-core-1.3.jar:/home/user/.m2/repository/org/openjdk/jmh/jmh-core/1.19/jmh-core-1.19.jar:/home/user/.m2/repository/net/sf/jopt-simple/jopt-simple/4.6/jopt-simple-4.6.jar:/home/user/.m2/repository/org/apache/commons/commons-math3/3.1.1/commons-math3-3.1.1.jar:/home/user/.m2/repository/org/openjdk/jmh/jmh-generator-annprocess/1.19/jmh-generator-annprocess-1.19.jar:/home/user/.m2/repository/org/mockito/mockito-all/1.8.5/mockito-all-1.8.5.jar:/home/user/.m2/repository/org/apache/hadoop/hadoop-kms/3.2.1/hadoop-kms-3.2.1.jar:/home/user/.m2/repository/org/apache/hadoop/hadoop-auth/3.2.1/hadoop-auth-3.2.1.jar:/home/user/.m2/repository/com/nimbusds/nimbus-jose-jwt/7.9/nimbus-jose-jwt-7.9.jar:/home/user/.m2/repository/com/github/stephenc/jcip/jcip-annotations/1.0-1/jcip-annotations-1.0-1.jar:/home/user/.m2/repository/net/minidev/json-smart/2.3/json-smart-2.3.jar:/home/user/.m2/repository/net/minidev/accessors-smart/1.2/accessors-smart-1.2.jar:/home/user/.m2/repository/org/ow2/asm/asm/5.0.4/asm-5.0.4.jar:/home/user/.m2/repository/org/apache/zookeeper/zookeeper/3.4.13/zookeeper-3.4.13.jar:/home/user/.m2/repository/org/apache/yetus/audience-annotations/0.5.0/audience-annotations-0.5.0.jar:/home/user/.m2/repository/org/apache/curator/curator-framework/2.13.0/curator-framework-2.13.0.jar:/home/user/.m2/repository/com/sun/jersey/jersey-core/1.19/jersey-core-1.19.jar:/home/user/.m2/repository/javax/ws/rs/jsr311-api/1.1.1/jsr311-api-1.1.1.jar:/home/user/.m2/repository/com/sun/jersey/jersey-server/1.19/jersey-server-1.19.jar:/home/user/.m2/repository/javax/servlet/javax.servlet-api/3.1.0/javax.servlet-api-3.1.0.jar:/home/user/.m2/repository/org/eclipse/jetty/jetty-server/9.4.34.v20201102/jetty-server-9.4.34.v20201102.jar:/home/user/.m2/repository/org/eclipse/jetty/jetty-http/9.4.34.v20201102/jetty-http-9.4.34.v20201102.jar:/home/user/.m2/repository/org/eclipse/jetty/jetty-io/9.4.34.v20201102/jetty-io-9.4.34.v20201102.jar:/home/user/.m2/repository/org/eclipse/jetty/jetty-webapp/9.4.34.v20201102/jetty-webapp-9.4.34.v20201102.jar:/home/user/.m2/repository/org/eclipse/jetty/jetty-xml/9.4.34.v20201102/jetty-xml-9.4.34.v20201102.jar:/home/user/.m2/repository/org/eclipse/jetty/jetty-servlet/9.4.34.v20201102/jetty-servlet-9.4.34.v20201102.jar:/home/user/.m2/repository/org/eclipse/jetty/jetty-security/9.4.34.v20201102/jetty-security-9.4.34.v20201102.jar:/home/user/.m2/repository/org/apache/hadoop/hadoop-common/3.2.1/hadoop-common-3.2.1.jar:/home/user/.m2/repository/commons-net/commons-net/3.6/commons-net-3.6.jar:/home/user/.m2/repository/commons-collections/commons-collections/3.2.2/commons-collections-3.2.2.jar:/home/user/.m2/repository/com/sun/jersey/jersey-servlet/1.19/jersey-servlet-1.19.jar:/home/user/.m2/repository/com/sun/jersey/jersey-json/1.19/jersey-json-1.19.jar:/home/user/.m2/repository/org/codehaus/jettison/jettison/1.1/jettison-1.1.jar:/home/user/.m2/repository/org/codehaus/jackson/jackson-jaxrs/1.9.2/jackson-jaxrs-1.9.2.jar:/home/user/.m2/repository/org/codehaus/jackson/jackson-xc/1.9.2/jackson-xc-1.9.2.jar:/home/user/.m2/repository/commons-beanutils/commons-beanutils/1.9.4/commons-beanutils-1.9.4.jar:/home/user/.m2/repository/org/apache/commons/commons-configuration2/2.1.1/commons-configuration2-2.1.1.jar:/home/user/.m2/repository/org/apache/commons/commons-text/1.4/commons-text-1.4.jar:/home/user/.m2/repository/com/google/re2j/re2j/1.1/re2j-1.1.jar:/home/user/.m2/repository/com/jcraft/jsch/0.1.54/jsch-0.1.54.jar:/home/user/.m2/repository/org/apache/curator/curator-client/2.13.0/curator-client-2.13.0.jar:/home/user/.m2/repository/org/apache/curator/curator-recipes/2.13.0/curator-recipes-2.13.0.jar:/home/user/.m2/repository/dnsjava/dnsjava/2.1.7/dnsjava-2.1.7.jar:/home/user/.m2/repository/org/slf4j/jul-to-slf4j/1.7.25/jul-to-slf4j-1.7.25.jar:/home/user/.m2/repository/org/eclipse/jetty/jetty-util/9.4.34.v20201102/jetty-util-9.4.34.v20201102.jar:/home/user/.m2/repository/com/fasterxml/jackson/core/jackson-databind/2.10.3/jackson-databind-2.10.3.jar:/home/user/.m2/repository/org/apache/hadoop/hadoop-kms/3.2.1/hadoop-kms-3.2.1-tests.jar:/home/user/.m2/repository/org/apache/hadoop/hadoop-hdds-server-scm/1.1.0-SNAPSHOT/hadoop-hdds-server-scm-1.1.0-SNAPSHOT-tests.jar:/home/user/.m2/repository/org/apache/hadoop/hadoop-hdds-container-service/1.1.0-SNAPSHOT/hadoop-hdds-container-service-1.1.0-SNAPSHOT-tests.jar:/home/user/.m2/repository/org/apache/hadoop/hadoop-hdds-common/1.1.0-SNAPSHOT/hadoop-hdds-common-1.1.0-SNAPSHOT-tests.jar:/home/user/.m2/repository/org/yaml/snakeyaml/1.16/snakeyaml-1.16.jar:/home/user/.m2/repository/org/apache/hadoop/hadoop-hdds-hadoop-dependency-test/1.1.0-SNAPSHOT/hadoop-hdds-hadoop-dependency-test-1.1.0-SNAPSHOT.jar:/home/user/.m2/repository/org/apache/hadoop/hadoop-common/3.2.1/hadoop-common-3.2.1-tests.jar:/home/user/.m2/repository/javax/servlet/jsp/jsp-api/2.1/jsp-api-2.1.jar:/home/user/.m2/repository/org/apache/hadoop/hadoop-hdfs/3.2.1/hadoop-hdfs-3.2.1-tests.jar:/home/user/.m2/repository/org/eclipse/jetty/jetty-util-ajax/9.4.34.v20201102/jetty-util-ajax-9.4.34.v20201102.jar:/home/user/.m2/repository/commons-codec/commons-codec/1.11/commons-codec-1.11.jar:/home/user/.m2/repository/commons-daemon/commons-daemon/1.0.13/commons-daemon-1.0.13.jar:/home/user/.m2/repository/io/netty/netty/3.10.5.Final/netty-3.10.5.Final.jar:/home/user/.m2/repository/io/netty/netty-all/4.1.48.Final/netty-all-4.1.48.Final.jar:/home/user/.m2/repository/org/apache/htrace/htrace-core4/4.1.0-incubating/htrace-core4-4.1.0-incubating.jar:/home/user/.m2/repository/org/fusesource/leveldbjni/leveldbjni-all/1.8/leveldbjni-all-1.8.jar:/home/user/.m2/repository/org/apache/hadoop/hadoop-distcp/3.2.1/hadoop-distcp-3.2.1.jar:/home/user/.m2/repository/org/apache/hadoop/hadoop-mapreduce-client-jobclient/3.2.1/hadoop-mapreduce-client-jobclient-3.2.1.jar:/home/user/.m2/repository/org/apache/hadoop/hadoop-mapreduce-client-common/3.2.1/hadoop-mapreduce-client-common-3.2.1.jar:/home/user/.m2/repository/org/apache/hadoop/hadoop-yarn-common/3.2.1/hadoop-yarn-common-3.2.1.jar:/home/user/.m2/repository/org/apache/hadoop/hadoop-yarn-api/3.2.1/hadoop-yarn-api-3.2.1.jar:/home/user/.m2/repository/com/sun/jersey/jersey-client/1.19/jersey-client-1.19.jar:/home/user/.m2/repository/com/sun/jersey/contribs/jersey-guice/1.19/jersey-guice-1.19.jar:/home/user/.m2/repository/com/fasterxml/jackson/jaxrs/jackson-jaxrs-json-provider/2.10.3/jackson-jaxrs-json-provider-2.10.3.jar:/home/user/.m2/repository/com/fasterxml/jackson/jaxrs/jackson-jaxrs-base/2.10.3/jackson-jaxrs-base-2.10.3.jar:/home/user/.m2/repository/org/apache/hadoop/hadoop-yarn-client/3.2.1/hadoop-yarn-client-3.2.1.jar:/home/user/.m2/repository/org/apache/hadoop/hadoop-mapreduce-client-core/3.2.1/hadoop-mapreduce-client-core-3.2.1.jar:/home/user/.m2/repository/org/apache/avro/avro/1.7.7/avro-1.7.7.jar:/home/user/.m2/repository/org/codehaus/jackson/jackson-core-asl/1.9.13/jackson-core-asl-1.9.13.jar:/home/user/.m2/repository/org/codehaus/jackson/jackson-mapper-asl/1.9.13/jackson-mapper-asl-1.9.13.jar:/home/user/.m2/repository/com/thoughtworks/paranamer/paranamer/2.3/paranamer-2.3.jar:/home/user/.m2/repository/org/xerial/snappy/snappy-java/1.0.5/snappy-java-1.0.5.jar:/home/user/.m2/repository/org/apache/hadoop/hadoop-annotations/3.2.1/hadoop-annotations-3.2.1.jar:/usr/lib/jvm/java-1.8.0-openjdk-1.8.0.232.b09-0.el7_7.x86_64/jre/../lib/tools.jar:/home/user/.m2/repository/org/apache/hadoop/hadoop-distcp/3.2.1/hadoop-distcp-3.2.1-tests.jar:"/>
    <property name="sun.cpu.endian" value="little"/>
    <property name="user.home" value="/home/user"/>
    <property name="user.language" value="en"/>
    <property name="java.specification.vendor" value="Oracle Corporation"/>
    <property name="java.home" value="/usr/lib/jvm/java-1.8.0-openjdk-1.8.0.232.b09-0.el7_7.x86_64/jre"/>
    <property name="java.security.krb5.conf" value="/github/workspace/mnt/ozone/hadoop-ozone/integration-test/target/test-classes/krb5.conf"/>
    <property name="basedir" value="/github/workspace/mnt/ozone/hadoop-ozone/integration-test"/>
    <property name="file.separator" value="/"/>
    <property name="line.separator" value="&#10;"/>
    <property name="java.vm.specification.vendor" value="Oracle Corporation"/>
    <property name="java.specification.name" value="Java Platform API Specification"/>
    <property name="java.awt.graphicsenv" value="sun.awt.X11GraphicsEnvironment"/>
    <property name="skip.installnpx" value="true"/>
    <property name="surefire.real.class.path" value="/github/workspace/mnt/ozone/hadoop-ozone/integration-test/target/surefire/surefirebooter1256204560398023907.jar:/home/user/.m2/repository/org/jacoco/org.jacoco.agent/0.8.5/org.jacoco.agent-0.8.5-runtime.jar"/>
    <property name="hadoop.log.dir" value="/github/workspace/mnt/ozone/hadoop-ozone/integration-test/target/log"/>
    <property name="sun.boot.class.path" value="/usr/lib/jvm/java-1.8.0-openjdk-1.8.0.232.b09-0.el7_7.x86_64/jre/lib/resources.jar:/usr/lib/jvm/java-1.8.0-openjdk-1.8.0.232.b09-0.el7_7.x86_64/jre/lib/rt.jar:/usr/lib/jvm/java-1.8.0-openjdk-1.8.0.232.b09-0.el7_7.x86_64/jre/lib/sunrsasign.jar:/usr/lib/jvm/java-1.8.0-openjdk-1.8.0.232.b09-0.el7_7.x86_64/jre/lib/jsse.jar:/usr/lib/jvm/java-1.8.0-openjdk-1.8.0.232.b09-0.el7_7.x86_64/jre/lib/jce.jar:/usr/lib/jvm/java-1.8.0-openjdk-1.8.0.232.b09-0.el7_7.x86_64/jre/lib/charsets.jar:/usr/lib/jvm/java-1.8.0-openjdk-1.8.0.232.b09-0.el7_7.x86_64/jre/lib/jfr.jar:/usr/lib/jvm/java-1.8.0-openjdk-1.8.0.232.b09-0.el7_7.x86_64/jre/classes"/>
    <property name="sun.management.compiler" value="HotSpot 64-Bit Tiered Compilers"/>
    <property name="skip.npx" value="true"/>
    <property name="java.runtime.version" value="1.8.0_232-b09"/>
    <property name="java.net.preferIPv4Stack" value="true"/>
    <property name="user.name" value="jenkins1001"/>
    <property name="path.separator" value=":"/>
    <property name="java.security.egd" value="file:///dev/urandom"/>
    <property name="os.version" value="5.4.0-1031-azure"/>
    <property name="java.endorsed.dirs" value="/usr/lib/jvm/java-1.8.0-openjdk-1.8.0.232.b09-0.el7_7.x86_64/jre/lib/endorsed"/>
    <property name="java.runtime.name" value="OpenJDK Runtime Environment"/>
    <property name="file.encoding" value="ANSI_X3.4-1968"/>
    <property name="java.vm.name" value="OpenJDK 64-Bit Server VM"/>
    <property name="test.build.webapps" value=""/>
    <property name="localRepository" value="/home/user/.m2/repository"/>
    <property name="java.vendor.url.bug" value="http://bugreport.sun.com/bugreport/"/>
    <property name="java.io.tmpdir" value="/tmp"/>
    <property name="require.test.libhadoop" value=""/>
    <property name="java.version" value="1.8.0_232"/>
    <property name="user.dir" value="/github/workspace/mnt/ozone/hadoop-ozone/integration-test"/>
    <property name="os.arch" value="amd64"/>
    <property name="java.vm.specification.name" value="Java Virtual Machine Specification"/>
    <property name="test.build.classes" value="/github/workspace/mnt/ozone/hadoop-ozone/integration-test/target/test-classes"/>
    <property name="java.awt.printerjob" value="sun.print.PSPrinterJob"/>
    <property name="sun.os.patch.level" value="unknown"/>
    <property name="hadoop.tmp.dir" value="/github/workspace/mnt/ozone/hadoop-ozone/integration-test/target/tmp"/>
    <property name="java.library.path" value="/usr/lib:/usr/java/packages/lib/amd64:/usr/lib64:/lib64:/lib:/usr/lib"/>
    <property name="java.vm.info" value="mixed mode"/>
    <property name="java.vendor" value="Oracle Corporation"/>
    <property name="java.vm.version" value="25.232-b09"/>
    <property name="java.ext.dirs" value="/usr/lib/jvm/java-1.8.0-openjdk-1.8.0.232.b09-0.el7_7.x86_64/jre/lib/ext:/usr/java/packages/lib/ext"/>
    <property name="sun.io.unicode.encoding" value="UnicodeLittle"/>
    <property name="java.class.version" value="52.0"/>
  </properties>
  <testcase name="testGroupMismatchExceptionHandling" classname="org.apache.hadoop.ozone.client.rpc.TestOzoneClientRetriesOnException" time="42.802"/>
  <testcase name="testMaxRetriesByOzoneClient" classname="org.apache.hadoop.ozone.client.rpc.TestOzoneClientRetriesOnException" time="42.493">
    <failure message="Expected exception not thrown" type="java.lang.AssertionError">java.lang.AssertionError: Expected exception not thrown
	at org.junit.Assert.fail(Assert.java:88)
	at org.apache.hadoop.ozone.client.rpc.TestOzoneClientRetriesOnException.testMaxRetriesByOzoneClient(TestOzoneClientRetriesOnException.java:235)
	at sun.reflect.NativeMethodAccessorImpl.invoke0(Native Method)
	at sun.reflect.NativeMethodAccessorImpl.invoke(NativeMethodAccessorImpl.java:62)
	at sun.reflect.DelegatingMethodAccessorImpl.invoke(DelegatingMethodAccessorImpl.java:43)
	at java.lang.reflect.Method.invoke(Method.java:498)
	at org.junit.runners.model.FrameworkMethod$1.runReflectiveCall(FrameworkMethod.java:47)
	at org.junit.internal.runners.model.ReflectiveCallable.run(ReflectiveCallable.java:12)
	at org.junit.runners.model.FrameworkMethod.invokeExplosively(FrameworkMethod.java:44)
	at org.junit.internal.runners.statements.InvokeMethod.evaluate(InvokeMethod.java:17)
	at org.junit.internal.runners.statements.RunBefores.evaluate(RunBefores.java:26)
	at org.junit.internal.runners.statements.RunAfters.evaluate(RunAfters.java:27)
	at org.junit.internal.runners.statements.FailOnTimeout$StatementThread.run(FailOnTimeout.java:74)
</failure>
    <system-out><![CDATA[2020-11-25 02:33:39,792 [Thread-368] WARN  server.ServerUtils (ServerUtils.java:getScmDbDir(148)) - ozone.scm.db.dirs is not configured. We recommend adding this setting. Falling back to ozone.metadata.dirs instead.
2020-11-25 02:33:39,794 [Thread-368] WARN  server.ServerUtils (ServerUtils.java:getScmDbDir(148)) - ozone.scm.db.dirs is not configured. We recommend adding this setting. Falling back to ozone.metadata.dirs instead.
2020-11-25 02:33:39,795 [Thread-368] WARN  db.DBStoreBuilder (DBStoreBuilder.java:applyDBDefinition(145)) - ozone.scm.db.dirs is not configured. We recommend adding this setting. Falling back to ozone.metadata.dirs instead.
2020-11-25 02:33:39,819 [Thread-368] INFO  net.NodeSchemaLoader (NodeSchemaLoader.java:loadSchemaFromFile(126)) - Loading file from sun.misc.CompoundEnumeration@117078a4
2020-11-25 02:33:39,819 [Thread-368] INFO  net.NodeSchemaLoader (NodeSchemaLoader.java:loadSchema(172)) - Loading network topology layer schema file
2020-11-25 02:33:39,824 [Thread-368] WARN  server.ServerUtils (ServerUtils.java:sanitizeUserArgs(73)) - ozone.scm.stale.node.interval value = 300000 is larger than max = 100000 based on the key value of ozone.scm.heartbeat.thread.interval, reset to the max value 100000.
2020-11-25 02:33:39,824 [Thread-368] WARN  server.ServerUtils (ServerUtils.java:sanitizeUserArgs(73)) - ozone.scm.stale.node.interval value = 300000 is larger than max = 100000 based on the key value of ozone.scm.heartbeat.thread.interval, reset to the max value 100000.
2020-11-25 02:33:39,825 [Thread-368] INFO  node.SCMNodeManager (SCMNodeManager.java:<init>(120)) - Entering startup safe mode.
2020-11-25 02:33:39,826 [Thread-368] INFO  algorithms.ContainerPlacementPolicyFactory (ContainerPlacementPolicyFactory.java:getPolicy(60)) - Create container placement policy of type org.apache.hadoop.hdds.scm.container.placement.algorithms.SCMContainerPlacementRandom
2020-11-25 02:33:39,827 [Thread-368] INFO  algorithms.LeaderChoosePolicyFactory (LeaderChoosePolicyFactory.java:getPolicy(57)) - Create leader choose policy of type org.apache.hadoop.hdds.scm.pipeline.leader.choose.algorithms.DefaultLeaderChoosePolicy
2020-11-25 02:33:39,827 [Thread-368] INFO  pipeline.SCMPipelineManager (SCMPipelineManager.java:initializePipelineState(161)) - No pipeline exists in current db
2020-11-25 02:33:39,828 [Thread-368] INFO  algorithms.PipelineChoosePolicyFactory (PipelineChoosePolicyFactory.java:createPipelineChoosePolicyFromClass(75)) - Create pipeline choose policy of type org.apache.hadoop.hdds.scm.pipeline.choose.algorithms.RandomPipelineChoosePolicy
2020-11-25 02:33:39,831 [Thread-368] INFO  safemode.HealthyPipelineSafeModeRule (HealthyPipelineSafeModeRule.java:<init>(89)) - Total pipeline count is 0, healthy pipeline threshold count is 0
2020-11-25 02:33:39,831 [Thread-368] INFO  safemode.OneReplicaPipelineSafeModeRule (OneReplicaPipelineSafeModeRule.java:<init>(84)) - Total pipeline count is 0, pipeline's with at least one datanode reported threshold count is 0
2020-11-25 02:33:39,833 [Thread-368] INFO  ipc.CallQueueManager (CallQueueManager.java:<init>(84)) - Using callQueue: class java.util.concurrent.LinkedBlockingQueue, queueCapacity: 2000, scheduler: class org.apache.hadoop.ipc.DefaultRpcScheduler, ipcBackoff: false.
2020-11-25 02:33:39,836 [Socket Reader #1 for port 0] INFO  ipc.Server (Server.java:run(1219)) - Starting Socket Reader #1 for port 0
2020-11-25 02:33:39,841 [Listener at 0.0.0.0/37173] INFO  ipc.CallQueueManager (CallQueueManager.java:<init>(84)) - Using callQueue: class java.util.concurrent.LinkedBlockingQueue, queueCapacity: 2000, scheduler: class org.apache.hadoop.ipc.DefaultRpcScheduler, ipcBackoff: false.
2020-11-25 02:33:39,841 [Socket Reader #1 for port 0] INFO  ipc.Server (Server.java:run(1219)) - Starting Socket Reader #1 for port 0
2020-11-25 02:33:39,845 [Listener at 0.0.0.0/36827] INFO  ipc.CallQueueManager (CallQueueManager.java:<init>(84)) - Using callQueue: class java.util.concurrent.LinkedBlockingQueue, queueCapacity: 2000, scheduler: class org.apache.hadoop.ipc.DefaultRpcScheduler, ipcBackoff: false.
2020-11-25 02:33:39,845 [Socket Reader #1 for port 0] INFO  ipc.Server (Server.java:run(1219)) - Starting Socket Reader #1 for port 0
2020-11-25 02:33:39,850 [Listener at 0.0.0.0/39625] INFO  http.BaseHttpServer (BaseHttpServer.java:newHttpServer2BuilderForOzone(207)) - Starting Web-server for scm at: http://0.0.0.0:0
2020-11-25 02:33:39,850 [Listener at 0.0.0.0/39625] INFO  http.BaseHttpServer (BaseHttpServer.java:<init>(106)) - Hadoop Security Enabled: false Ozone Security Enabled: false Ozone HTTP Security Enabled: false 
2020-11-25 02:33:39,851 [Listener at 0.0.0.0/39625] INFO  server.AuthenticationFilter (AuthenticationFilter.java:constructSecretProvider(240)) - Unable to initialize FileSignerSecretProvider, falling back to use random secrets.
2020-11-25 02:33:39,852 [Listener at 0.0.0.0/39625] WARN  http.HttpRequestLog (HttpRequestLog.java:getRequestLog(103)) - Jetty request log can only be enabled using Log4j
2020-11-25 02:33:39,852 [Listener at 0.0.0.0/39625] INFO  http.HttpServer2 (HttpServer2.java:addGlobalFilter(1019)) - Added global filter 'safety' (class=org.apache.hadoop.hdds.server.http.HttpServer2$QuotingInputFilter)
2020-11-25 02:33:39,853 [Listener at 0.0.0.0/39625] INFO  http.HttpServer2 (HttpServer2.java:addFilter(995)) - Added filter static_user_filter (class=org.apache.hadoop.http.lib.StaticUserWebFilter$StaticUserFilter) to context scm
2020-11-25 02:33:39,853 [Listener at 0.0.0.0/39625] INFO  http.HttpServer2 (HttpServer2.java:addFilter(1003)) - Added filter static_user_filter (class=org.apache.hadoop.http.lib.StaticUserWebFilter$StaticUserFilter) to context logs
2020-11-25 02:33:39,853 [Listener at 0.0.0.0/39625] INFO  http.HttpServer2 (HttpServer2.java:addFilter(1003)) - Added filter static_user_filter (class=org.apache.hadoop.http.lib.StaticUserWebFilter$StaticUserFilter) to context static
2020-11-25 02:33:39,857 [Listener at 0.0.0.0/39625] INFO  server.StorageContainerManager (StorageContainerManager.java:start(789)) - StorageContainerLocationProtocol RPC server is listening at /0.0.0.0:39625
2020-11-25 02:33:39,858 [Listener at 0.0.0.0/39625] WARN  impl.MetricsConfig (MetricsConfig.java:loadFirst(134)) - Cannot locate configuration: tried hadoop-metrics2-storagecontainermanager.properties,hadoop-metrics2.properties
2020-11-25 02:33:39,860 [Listener at 0.0.0.0/39625] INFO  impl.MetricsSystemImpl (MetricsSystemImpl.java:startTimer(374)) - Scheduled Metric snapshot period at 10 second(s).
2020-11-25 02:33:39,860 [Listener at 0.0.0.0/39625] INFO  impl.MetricsSystemImpl (MetricsSystemImpl.java:start(191)) - StorageContainerManager metrics system started
2020-11-25 02:33:39,882 [Listener at 0.0.0.0/39625] WARN  impl.MetricsSystemImpl (MetricsSystemImpl.java:register(276)) - Sink prometheus already exists!
2020-11-25 02:33:39,888 [Listener at 0.0.0.0/39625] INFO  server.SCMClientProtocolServer (SCMClientProtocolServer.java:start(156)) - RPC server for Client  is listening at /0.0.0.0:39625
2020-11-25 02:33:39,892 [IPC Server Responder] INFO  ipc.Server (Server.java:run(1460)) - IPC Server Responder: starting
2020-11-25 02:33:39,893 [IPC Server listener on 0] INFO  ipc.Server (Server.java:run(1298)) - IPC Server listener on 0: starting
2020-11-25 02:33:39,898 [Listener at 0.0.0.0/39625] INFO  server.StorageContainerManager (StorageContainerManager.java:start(801)) - ScmBlockLocationProtocol RPC server is listening at /0.0.0.0:36827
2020-11-25 02:33:39,898 [Listener at 0.0.0.0/39625] INFO  server.SCMBlockProtocolServer (SCMBlockProtocolServer.java:start(150)) - RPC server for Block Protocol is listening at /0.0.0.0:36827
2020-11-25 02:33:39,900 [IPC Server Responder] INFO  ipc.Server (Server.java:run(1460)) - IPC Server Responder: starting
2020-11-25 02:33:39,900 [IPC Server listener on 0] INFO  ipc.Server (Server.java:run(1298)) - IPC Server listener on 0: starting
2020-11-25 02:33:39,903 [Listener at 0.0.0.0/39625] INFO  server.StorageContainerManager (StorageContainerManager.java:start(807)) - ScmDatanodeProtocl RPC server is listening at /0.0.0.0:37173
2020-11-25 02:33:39,903 [Listener at 0.0.0.0/39625] INFO  server.SCMDatanodeProtocolServer (SCMDatanodeProtocolServer.java:start(172)) - RPC server for DataNodes is listening at /0.0.0.0:37173
2020-11-25 02:33:39,904 [IPC Server Responder] INFO  ipc.Server (Server.java:run(1460)) - IPC Server Responder: starting
2020-11-25 02:33:39,905 [IPC Server listener on 0] INFO  ipc.Server (Server.java:run(1298)) - IPC Server listener on 0: starting
2020-11-25 02:33:39,909 [Listener at 0.0.0.0/39625] INFO  http.HttpServer2 (HttpServer2.java:bindListener(1237)) - Jetty bound to port 40067
2020-11-25 02:33:39,909 [Listener at 0.0.0.0/39625] INFO  server.Server (Server.java:doStart(375)) - jetty-9.4.34.v20201102; built: 2020-11-02T14:15:39.302Z; git: e46af88704a893fc12cb0e3bf46e2c7b48a009e7; jvm 1.8.0_232-b09
2020-11-25 02:33:39,911 [Listener at 0.0.0.0/39625] INFO  server.session (DefaultSessionIdManager.java:doStart(334)) - DefaultSessionIdManager workerName=node0
2020-11-25 02:33:39,911 [Listener at 0.0.0.0/39625] INFO  server.session (DefaultSessionIdManager.java:doStart(339)) - No SessionScavenger set, using defaults
2020-11-25 02:33:39,911 [Listener at 0.0.0.0/39625] INFO  server.session (HouseKeeper.java:startScavenging(132)) - node0 Scavenging every 600000ms
2020-11-25 02:33:39,913 [Listener at 0.0.0.0/39625] INFO  handler.ContextHandler (ContextHandler.java:doStart(916)) - Started o.e.j.s.ServletContextHandler@1456d7f7{logs,/logs,file:///github/workspace/mnt/ozone/hadoop-ozone/integration-test/target/log,AVAILABLE}
2020-11-25 02:33:39,913 [Listener at 0.0.0.0/39625] INFO  handler.ContextHandler (ContextHandler.java:doStart(916)) - Started o.e.j.s.ServletContextHandler@331c9717{static,/static,file:///github/workspace/mnt/ozone/hadoop-ozone/integration-test/target/test-classes/webapps/static,AVAILABLE}
2020-11-25 02:33:39,916 [Listener at 0.0.0.0/39625] INFO  handler.ContextHandler (ContextHandler.java:doStart(916)) - Started o.e.j.w.WebAppContext@5606910f{scm,/,file:///github/workspace/mnt/ozone/hadoop-ozone/integration-test/target/test-classes/webapps/scm/,AVAILABLE}{file:/github/workspace/mnt/ozone/hadoop-ozone/integration-test/target/test-classes/webapps/scm}
2020-11-25 02:33:39,919 [Listener at 0.0.0.0/39625] INFO  server.AbstractConnector (AbstractConnector.java:doStart(331)) - Started ServerConnector@2c415188{HTTP/1.1, (http/1.1)}{0.0.0.0:40067}
2020-11-25 02:33:39,919 [Listener at 0.0.0.0/39625] INFO  server.Server (Server.java:doStart(415)) - Started @43712ms
2020-11-25 02:33:39,919 [Listener at 0.0.0.0/39625] WARN  impl.MetricsSystemImpl (MetricsSystemImpl.java:register(276)) - Sink prometheus already exists!
2020-11-25 02:33:39,922 [Listener at 0.0.0.0/39625] INFO  http.BaseHttpServer (BaseHttpServer.java:updateConnectorAddress(327)) - HTTP server of scm listening at http://0.0.0.0:40067
2020-11-25 02:33:39,923 [Listener at 0.0.0.0/39625] WARN  server.ServerUtils (ServerUtils.java:getDBPath(225)) - ozone.om.db.dirs is not configured. We recommend adding this setting. Falling back to ozone.metadata.dirs instead.
2020-11-25 02:33:39,923 [org.apache.hadoop.util.JvmPauseMonitor$Monitor@7524eb2b] INFO  util.JvmPauseMonitor (JvmPauseMonitor.java:run(188)) - Starting JVM pause monitor
2020-11-25 02:33:39,924 [Listener at 0.0.0.0/39625] INFO  ha.OMHANodeDetails (OMHANodeDetails.java:loadOMHAConfig(104)) - ozone.om.internal.service.id is not defined, falling back to ozone.om.service.ids to find serviceID for OzoneManager if it is HA enabled cluster
2020-11-25 02:33:39,924 [Listener at 0.0.0.0/39625] INFO  ha.OMHANodeDetails (OMHANodeDetails.java:loadOMHAConfig(213)) - Configuration either no ozone.om.address set. Falling back to the default OM address /127.0.0.1:0
2020-11-25 02:33:39,924 [Listener at 0.0.0.0/39625] INFO  ha.OMHANodeDetails (OMHANodeDetails.java:getOMNodeDetails(241)) - OM Service ID is not set. Setting it to the default ID: omServiceIdDefault
2020-11-25 02:33:39,924 [Listener at 0.0.0.0/39625] WARN  server.ServerUtils (ServerUtils.java:getDBPath(225)) - ozone.om.db.dirs is not configured. We recommend adding this setting. Falling back to ozone.metadata.dirs instead.
2020-11-25 02:33:39,925 [Listener at 0.0.0.0/39625] WARN  server.ServerUtils (ServerUtils.java:getDBPath(225)) - ozone.om.db.dirs is not configured. We recommend adding this setting. Falling back to ozone.metadata.dirs instead.
2020-11-25 02:33:39,930 [Listener at 0.0.0.0/39625] WARN  server.ServerUtils (ServerUtils.java:getDBPath(225)) - ozone.om.db.dirs is not configured. We recommend adding this setting. Falling back to ozone.metadata.dirs instead.
2020-11-25 02:33:39,931 [Listener at 0.0.0.0/39625] INFO  codec.OmKeyInfoCodec (OmKeyInfoCodec.java:<init>(41)) - OmKeyInfoCodec ignorePipeline = true
2020-11-25 02:33:39,931 [Listener at 0.0.0.0/39625] INFO  codec.RepeatedOmKeyInfoCodec (RepeatedOmKeyInfoCodec.java:<init>(40)) - RepeatedOmKeyInfoCodec ignorePipeline = true
2020-11-25 02:33:39,975 [Listener at 0.0.0.0/39625] INFO  om.OzoneManager (OzoneManager.java:addS3GVolumeToDB(3741)) - Created Volume s3v With Owner jenkins1001 required for S3Gateway operations.
2020-11-25 02:33:39,977 [Listener at 0.0.0.0/39625] INFO  ipc.CallQueueManager (CallQueueManager.java:<init>(84)) - Using callQueue: class java.util.concurrent.LinkedBlockingQueue, queueCapacity: 2000, scheduler: class org.apache.hadoop.ipc.DefaultRpcScheduler, ipcBackoff: false.
2020-11-25 02:33:39,977 [Socket Reader #1 for port 0] INFO  ipc.Server (Server.java:run(1219)) - Starting Socket Reader #1 for port 0
2020-11-25 02:33:39,991 [Listener at 127.0.0.1/34527] INFO  impl.MetricsSystemImpl (MetricsSystemImpl.java:init(158)) - OzoneManager metrics system started (again)
2020-11-25 02:33:39,992 [Listener at 127.0.0.1/34527] INFO  om.OzoneManager (OzoneManager.java:start(1144)) - OzoneManager RPC server is listening at localhost/127.0.0.1:34527
2020-11-25 02:33:39,997 [Listener at 127.0.0.1/34527] INFO  http.BaseHttpServer (BaseHttpServer.java:newHttpServer2BuilderForOzone(207)) - Starting Web-server for ozoneManager at: http://0.0.0.0:0
2020-11-25 02:33:39,997 [Listener at 127.0.0.1/34527] INFO  http.BaseHttpServer (BaseHttpServer.java:<init>(106)) - Hadoop Security Enabled: false Ozone Security Enabled: false Ozone HTTP Security Enabled: false 
2020-11-25 02:33:39,998 [Listener at 127.0.0.1/34527] INFO  server.AuthenticationFilter (AuthenticationFilter.java:constructSecretProvider(240)) - Unable to initialize FileSignerSecretProvider, falling back to use random secrets.
2020-11-25 02:33:39,999 [Listener at 127.0.0.1/34527] WARN  http.HttpRequestLog (HttpRequestLog.java:getRequestLog(103)) - Jetty request log can only be enabled using Log4j
2020-11-25 02:33:39,999 [Listener at 127.0.0.1/34527] INFO  http.HttpServer2 (HttpServer2.java:addGlobalFilter(1019)) - Added global filter 'safety' (class=org.apache.hadoop.hdds.server.http.HttpServer2$QuotingInputFilter)
2020-11-25 02:33:40,000 [Listener at 127.0.0.1/34527] INFO  http.HttpServer2 (HttpServer2.java:addFilter(995)) - Added filter static_user_filter (class=org.apache.hadoop.http.lib.StaticUserWebFilter$StaticUserFilter) to context ozoneManager
2020-11-25 02:33:40,000 [Listener at 127.0.0.1/34527] INFO  http.HttpServer2 (HttpServer2.java:addFilter(1003)) - Added filter static_user_filter (class=org.apache.hadoop.http.lib.StaticUserWebFilter$StaticUserFilter) to context logs
2020-11-25 02:33:40,000 [Listener at 127.0.0.1/34527] INFO  http.HttpServer2 (HttpServer2.java:addFilter(1003)) - Added filter static_user_filter (class=org.apache.hadoop.http.lib.StaticUserWebFilter$StaticUserFilter) to context static
2020-11-25 02:33:40,001 [Listener at 127.0.0.1/34527] INFO  http.HttpServer2 (HttpServer2.java:bindListener(1237)) - Jetty bound to port 45921
2020-11-25 02:33:40,001 [Listener at 127.0.0.1/34527] INFO  server.Server (Server.java:doStart(375)) - jetty-9.4.34.v20201102; built: 2020-11-02T14:15:39.302Z; git: e46af88704a893fc12cb0e3bf46e2c7b48a009e7; jvm 1.8.0_232-b09
2020-11-25 02:33:40,002 [Listener at 127.0.0.1/34527] INFO  server.session (DefaultSessionIdManager.java:doStart(334)) - DefaultSessionIdManager workerName=node0
2020-11-25 02:33:40,002 [Listener at 127.0.0.1/34527] INFO  server.session (DefaultSessionIdManager.java:doStart(339)) - No SessionScavenger set, using defaults
2020-11-25 02:33:40,003 [Listener at 127.0.0.1/34527] INFO  server.session (HouseKeeper.java:startScavenging(132)) - node0 Scavenging every 660000ms
2020-11-25 02:33:40,003 [Listener at 127.0.0.1/34527] INFO  handler.ContextHandler (ContextHandler.java:doStart(916)) - Started o.e.j.s.ServletContextHandler@6267f2d6{logs,/logs,file:///github/workspace/mnt/ozone/hadoop-ozone/integration-test/target/log,AVAILABLE}
2020-11-25 02:33:40,003 [Listener at 127.0.0.1/34527] INFO  handler.ContextHandler (ContextHandler.java:doStart(916)) - Started o.e.j.s.ServletContextHandler@40ee9f76{static,/static,file:///github/workspace/mnt/ozone/hadoop-ozone/integration-test/target/test-classes/webapps/static,AVAILABLE}
2020-11-25 02:33:40,006 [Listener at 127.0.0.1/34527] INFO  handler.ContextHandler (ContextHandler.java:doStart(916)) - Started o.e.j.w.WebAppContext@1dd42fee{ozoneManager,/,file:///github/workspace/mnt/ozone/hadoop-ozone/integration-test/target/test-classes/webapps/ozoneManager/,AVAILABLE}{file:/github/workspace/mnt/ozone/hadoop-ozone/integration-test/target/test-classes/webapps/ozoneManager}
2020-11-25 02:33:40,007 [Listener at 127.0.0.1/34527] INFO  server.AbstractConnector (AbstractConnector.java:doStart(331)) - Started ServerConnector@78304b1c{HTTP/1.1, (http/1.1)}{0.0.0.0:45921}
2020-11-25 02:33:40,007 [Listener at 127.0.0.1/34527] INFO  server.Server (Server.java:doStart(415)) - Started @43800ms
2020-11-25 02:33:40,007 [Listener at 127.0.0.1/34527] WARN  impl.MetricsSystemImpl (MetricsSystemImpl.java:register(276)) - Sink prometheus already exists!
2020-11-25 02:33:40,010 [Listener at 127.0.0.1/34527] INFO  http.BaseHttpServer (BaseHttpServer.java:updateConnectorAddress(327)) - HTTP server of ozoneManager listening at http://0.0.0.0:45921
2020-11-25 02:33:40,010 [IPC Server Responder] INFO  ipc.Server (Server.java:run(1460)) - IPC Server Responder: starting
2020-11-25 02:33:40,011 [IPC Server listener on 0] INFO  ipc.Server (Server.java:run(1298)) - IPC Server listener on 0: starting
2020-11-25 02:33:40,014 [Listener at 127.0.0.1/34527] INFO  om.OzoneManager (OzoneManager.java:startTrashEmptier(1269)) - Trash Interval set to 0. Files deleted will not move to trash
2020-11-25 02:33:40,015 [org.apache.hadoop.util.JvmPauseMonitor$Monitor@60513708] INFO  util.JvmPauseMonitor (JvmPauseMonitor.java:run(188)) - Starting JVM pause monitor
2020-11-25 02:33:40,028 [Listener at 127.0.0.1/34527] INFO  impl.MetricsSystemImpl (MetricsSystemImpl.java:init(158)) - HddsDatanode metrics system started (again)
2020-11-25 02:33:40,029 [Listener at 127.0.0.1/34527] INFO  ozone.HddsDatanodeService (HddsDatanodeService.java:start(217)) - HddsDatanodeService host:3d7159965374 ip:172.17.0.2
2020-11-25 02:33:40,033 [Listener at 127.0.0.1/34527] INFO  volume.HddsVolume (HddsVolume.java:<init>(176)) - Creating Volume: /github/workspace/mnt/ozone/hadoop-ozone/integration-test/target/test-dir/MiniOzoneClusterImpl-d0d42c39-6fc7-42e8-b6c5-559d28f27a21/datanode-0/data-0/containers/hdds of storage type : DISK and capacity : 9223372036854775807
2020-11-25 02:33:40,033 [Listener at 127.0.0.1/34527] INFO  volume.MutableVolumeSet (MutableVolumeSet.java:initializeVolumeSet(179)) - Added Volume : /github/workspace/mnt/ozone/hadoop-ozone/integration-test/target/test-dir/MiniOzoneClusterImpl-d0d42c39-6fc7-42e8-b6c5-559d28f27a21/datanode-0/data-0/containers/hdds to VolumeSet
2020-11-25 02:33:40,033 [Listener at 127.0.0.1/34527] INFO  volume.ThrottledAsyncChecker (ThrottledAsyncChecker.java:schedule(141)) - Scheduling a check for /github/workspace/mnt/ozone/hadoop-ozone/integration-test/target/test-dir/MiniOzoneClusterImpl-d0d42c39-6fc7-42e8-b6c5-559d28f27a21/datanode-0/data-0/containers/hdds
2020-11-25 02:33:40,036 [Listener at 127.0.0.1/34527] INFO  volume.HddsVolumeChecker (HddsVolumeChecker.java:checkAllVolumes(200)) - Scheduled health check for volume /github/workspace/mnt/ozone/hadoop-ozone/integration-test/target/test-dir/MiniOzoneClusterImpl-d0d42c39-6fc7-42e8-b6c5-559d28f27a21/datanode-0/data-0/containers/hdds
2020-11-25 02:33:40,047 [Thread-491] INFO  ozoneimpl.ContainerReader (ContainerReader.java:readVolume(123)) - Start to verify containers on volume /github/workspace/mnt/ozone/hadoop-ozone/integration-test/target/test-dir/MiniOzoneClusterImpl-d0d42c39-6fc7-42e8-b6c5-559d28f27a21/datanode-0/data-0/containers/hdds
2020-11-25 02:33:40,048 [Thread-491] INFO  ozoneimpl.ContainerReader (ContainerReader.java:readVolume(148)) - Finish verifying containers on volume /github/workspace/mnt/ozone/hadoop-ozone/integration-test/target/test-dir/MiniOzoneClusterImpl-d0d42c39-6fc7-42e8-b6c5-559d28f27a21/datanode-0/data-0/containers/hdds
2020-11-25 02:33:40,048 [Listener at 127.0.0.1/34527] INFO  ozoneimpl.OzoneContainer (OzoneContainer.java:buildContainerSet(194)) - Build ContainerSet costs 0s
2020-11-25 02:33:40,049 [Listener at 127.0.0.1/34527] INFO  impl.RaftServerProxy (ConfUtils.java:logGet(44)) - raft.rpc.type = GRPC (default)
2020-11-25 02:33:40,050 [Listener at 127.0.0.1/34527] INFO  grpc.GrpcFactory (GrpcFactory.java:checkPooledByteBufAllocatorUseCacheForAllThreads(45)) - PERFORMANCE WARNING: useCacheForAllThreads is true that may cause Netty to create a lot garbage objects and, as a result, trigger GC.
	It is recommended to disable useCacheForAllThreads by setting -Dorg.apache.ratis.thirdparty.io.netty.allocator.useCacheForAllThreads=false in command line.
2020-11-25 02:33:40,050 [Listener at 127.0.0.1/34527] INFO  grpc.GrpcConfigKeys (ConfUtils.java:logGet(44)) - raft.grpc.server.port = 0 (default)
2020-11-25 02:33:40,050 [Listener at 127.0.0.1/34527] INFO  server.GrpcService (ConfUtils.java:logGet(44)) - raft.grpc.message.size.max = 32MB (=33554432) (custom)
2020-11-25 02:33:40,050 [Listener at 127.0.0.1/34527] INFO  server.RaftServerConfigKeys (ConfUtils.java:logGet(44)) - raft.server.log.appender.buffer.byte-limit = 33554432 (custom)
2020-11-25 02:33:40,050 [Listener at 127.0.0.1/34527] INFO  server.GrpcService (ConfUtils.java:logGet(44)) - raft.grpc.flow.control.window = 5MB (=5242880) (custom)
2020-11-25 02:33:40,050 [Listener at 127.0.0.1/34527] INFO  server.RaftServerConfigKeys (ConfUtils.java:logGet(44)) - raft.server.rpc.request.timeout = 60s (custom)
2020-11-25 02:33:40,051 [Listener at 127.0.0.1/34527] INFO  impl.DataStreamServerImpl (ConfUtils.java:logGet(44)) - raft.datastream.type = DISABLED (default)
2020-11-25 02:33:40,051 [Listener at 127.0.0.1/34527] INFO  server.RaftServerConfigKeys (ConfUtils.java:logGet(44)) - raft.server.storage.dir = [/github/workspace/mnt/ozone/hadoop-ozone/integration-test/target/test-dir/MiniOzoneClusterImpl-d0d42c39-6fc7-42e8-b6c5-559d28f27a21/datanode-0/data/ratis] (custom)
2020-11-25 02:33:40,055 [Listener at 127.0.0.1/34527] INFO  http.BaseHttpServer (BaseHttpServer.java:newHttpServer2BuilderForOzone(207)) - Starting Web-server for hddsDatanode at: http://0.0.0.0:0
2020-11-25 02:33:40,056 [Listener at 127.0.0.1/34527] INFO  http.BaseHttpServer (BaseHttpServer.java:<init>(106)) - Hadoop Security Enabled: false Ozone Security Enabled: false Ozone HTTP Security Enabled: false 
2020-11-25 02:33:40,057 [Listener at 127.0.0.1/34527] INFO  server.AuthenticationFilter (AuthenticationFilter.java:constructSecretProvider(240)) - Unable to initialize FileSignerSecretProvider, falling back to use random secrets.
2020-11-25 02:33:40,057 [Listener at 127.0.0.1/34527] WARN  http.HttpRequestLog (HttpRequestLog.java:getRequestLog(103)) - Jetty request log can only be enabled using Log4j
2020-11-25 02:33:40,058 [Listener at 127.0.0.1/34527] INFO  http.HttpServer2 (HttpServer2.java:addGlobalFilter(1019)) - Added global filter 'safety' (class=org.apache.hadoop.hdds.server.http.HttpServer2$QuotingInputFilter)
2020-11-25 02:33:40,058 [Listener at 127.0.0.1/34527] INFO  http.HttpServer2 (HttpServer2.java:addFilter(995)) - Added filter static_user_filter (class=org.apache.hadoop.http.lib.StaticUserWebFilter$StaticUserFilter) to context hddsDatanode
2020-11-25 02:33:40,059 [Listener at 127.0.0.1/34527] INFO  http.HttpServer2 (HttpServer2.java:addFilter(1003)) - Added filter static_user_filter (class=org.apache.hadoop.http.lib.StaticUserWebFilter$StaticUserFilter) to context static
2020-11-25 02:33:40,059 [Listener at 127.0.0.1/34527] INFO  http.HttpServer2 (HttpServer2.java:addFilter(1003)) - Added filter static_user_filter (class=org.apache.hadoop.http.lib.StaticUserWebFilter$StaticUserFilter) to context logs
2020-11-25 02:33:40,059 [Listener at 127.0.0.1/34527] INFO  http.HttpServer2 (HttpServer2.java:bindListener(1237)) - Jetty bound to port 37287
2020-11-25 02:33:40,059 [Listener at 127.0.0.1/34527] INFO  server.Server (Server.java:doStart(375)) - jetty-9.4.34.v20201102; built: 2020-11-02T14:15:39.302Z; git: e46af88704a893fc12cb0e3bf46e2c7b48a009e7; jvm 1.8.0_232-b09
2020-11-25 02:33:40,060 [Listener at 127.0.0.1/34527] INFO  server.session (DefaultSessionIdManager.java:doStart(334)) - DefaultSessionIdManager workerName=node0
2020-11-25 02:33:40,060 [Listener at 127.0.0.1/34527] INFO  server.session (DefaultSessionIdManager.java:doStart(339)) - No SessionScavenger set, using defaults
2020-11-25 02:33:40,060 [Listener at 127.0.0.1/34527] INFO  server.session (HouseKeeper.java:startScavenging(132)) - node0 Scavenging every 660000ms
2020-11-25 02:33:40,061 [Listener at 127.0.0.1/34527] INFO  handler.ContextHandler (ContextHandler.java:doStart(916)) - Started o.e.j.s.ServletContextHandler@28463651{logs,/logs,file:///github/workspace/mnt/ozone/hadoop-ozone/integration-test/target/log,AVAILABLE}
2020-11-25 02:33:40,061 [Listener at 127.0.0.1/34527] INFO  handler.ContextHandler (ContextHandler.java:doStart(916)) - Started o.e.j.s.ServletContextHandler@6518934a{static,/static,jar:file:/home/user/.m2/repository/org/apache/hadoop/hadoop-hdds-container-service/1.1.0-SNAPSHOT/hadoop-hdds-container-service-1.1.0-SNAPSHOT.jar!/webapps/static,AVAILABLE}
2020-11-25 02:33:40,197 [Listener at 127.0.0.1/34527] INFO  handler.ContextHandler (ContextHandler.java:doStart(916)) - Started o.e.j.w.WebAppContext@18bcd78c{hddsDatanode,/,file:///tmp/jetty-0_0_0_0-37287-hadoop-hdds-container-service-1_1_0-SNAPSHOT_jar-_-any-7966563846819471054/webapp/,AVAILABLE}{jar:file:/home/user/.m2/repository/org/apache/hadoop/hadoop-hdds-container-service/1.1.0-SNAPSHOT/hadoop-hdds-container-service-1.1.0-SNAPSHOT.jar!/webapps/hddsDatanode}
2020-11-25 02:33:40,198 [Listener at 127.0.0.1/34527] INFO  server.AbstractConnector (AbstractConnector.java:doStart(331)) - Started ServerConnector@cfbd50b{HTTP/1.1, (http/1.1)}{0.0.0.0:37287}
2020-11-25 02:33:40,198 [Listener at 127.0.0.1/34527] INFO  server.Server (Server.java:doStart(415)) - Started @43991ms
2020-11-25 02:33:40,198 [Listener at 127.0.0.1/34527] WARN  impl.MetricsSystemImpl (MetricsSystemImpl.java:register(276)) - Sink prometheus already exists!
2020-11-25 02:33:40,202 [Listener at 127.0.0.1/34527] INFO  http.BaseHttpServer (BaseHttpServer.java:updateConnectorAddress(327)) - HTTP server of hddsDatanode listening at http://0.0.0.0:37287
2020-11-25 02:33:40,205 [Listener at 127.0.0.1/34527] INFO  impl.MetricsSystemImpl (MetricsSystemImpl.java:init(158)) - HddsDatanode metrics system started (again)
2020-11-25 02:33:40,206 [Listener at 127.0.0.1/34527] INFO  ozone.HddsDatanodeService (HddsDatanodeService.java:start(217)) - HddsDatanodeService host:3d7159965374 ip:172.17.0.2
2020-11-25 02:33:40,208 [org.apache.hadoop.util.JvmPauseMonitor$Monitor@43ab0f50] INFO  util.JvmPauseMonitor (JvmPauseMonitor.java:run(188)) - Starting JVM pause monitor
2020-11-25 02:33:40,209 [Datanode State Machine Task Thread - 0] INFO  datanode.InitDatanodeState (InitDatanodeState.java:persistContainerDatanodeDetails(145)) - DatanodeDetails is persisted to /github/workspace/mnt/ozone/hadoop-ozone/integration-test/target/test-dir/MiniOzoneClusterImpl-d0d42c39-6fc7-42e8-b6c5-559d28f27a21/datanode-0/meta/datanode.id
2020-11-25 02:33:40,211 [Listener at 127.0.0.1/34527] INFO  volume.HddsVolume (HddsVolume.java:<init>(176)) - Creating Volume: /github/workspace/mnt/ozone/hadoop-ozone/integration-test/target/test-dir/MiniOzoneClusterImpl-d0d42c39-6fc7-42e8-b6c5-559d28f27a21/datanode-1/data-0/containers/hdds of storage type : DISK and capacity : 9223372036854775807
2020-11-25 02:33:40,212 [Listener at 127.0.0.1/34527] INFO  volume.MutableVolumeSet (MutableVolumeSet.java:initializeVolumeSet(179)) - Added Volume : /github/workspace/mnt/ozone/hadoop-ozone/integration-test/target/test-dir/MiniOzoneClusterImpl-d0d42c39-6fc7-42e8-b6c5-559d28f27a21/datanode-1/data-0/containers/hdds to VolumeSet
2020-11-25 02:33:40,212 [Listener at 127.0.0.1/34527] INFO  volume.ThrottledAsyncChecker (ThrottledAsyncChecker.java:schedule(141)) - Scheduling a check for /github/workspace/mnt/ozone/hadoop-ozone/integration-test/target/test-dir/MiniOzoneClusterImpl-d0d42c39-6fc7-42e8-b6c5-559d28f27a21/datanode-1/data-0/containers/hdds
2020-11-25 02:33:40,212 [Listener at 127.0.0.1/34527] INFO  volume.HddsVolumeChecker (HddsVolumeChecker.java:checkAllVolumes(200)) - Scheduled health check for volume /github/workspace/mnt/ozone/hadoop-ozone/integration-test/target/test-dir/MiniOzoneClusterImpl-d0d42c39-6fc7-42e8-b6c5-559d28f27a21/datanode-1/data-0/containers/hdds
2020-11-25 02:33:40,224 [Thread-502] INFO  ozoneimpl.ContainerReader (ContainerReader.java:readVolume(123)) - Start to verify containers on volume /github/workspace/mnt/ozone/hadoop-ozone/integration-test/target/test-dir/MiniOzoneClusterImpl-d0d42c39-6fc7-42e8-b6c5-559d28f27a21/datanode-1/data-0/containers/hdds
2020-11-25 02:33:40,224 [Thread-502] INFO  ozoneimpl.ContainerReader (ContainerReader.java:readVolume(148)) - Finish verifying containers on volume /github/workspace/mnt/ozone/hadoop-ozone/integration-test/target/test-dir/MiniOzoneClusterImpl-d0d42c39-6fc7-42e8-b6c5-559d28f27a21/datanode-1/data-0/containers/hdds
2020-11-25 02:33:40,224 [Listener at 127.0.0.1/34527] INFO  ozoneimpl.OzoneContainer (OzoneContainer.java:buildContainerSet(194)) - Build ContainerSet costs 0s
2020-11-25 02:33:40,225 [Listener at 127.0.0.1/34527] INFO  impl.RaftServerProxy (ConfUtils.java:logGet(44)) - raft.rpc.type = GRPC (default)
2020-11-25 02:33:40,226 [Listener at 127.0.0.1/34527] INFO  grpc.GrpcFactory (GrpcFactory.java:checkPooledByteBufAllocatorUseCacheForAllThreads(45)) - PERFORMANCE WARNING: useCacheForAllThreads is true that may cause Netty to create a lot garbage objects and, as a result, trigger GC.
	It is recommended to disable useCacheForAllThreads by setting -Dorg.apache.ratis.thirdparty.io.netty.allocator.useCacheForAllThreads=false in command line.
2020-11-25 02:33:40,226 [Listener at 127.0.0.1/34527] INFO  grpc.GrpcConfigKeys (ConfUtils.java:logGet(44)) - raft.grpc.server.port = 0 (default)
2020-11-25 02:33:40,226 [Listener at 127.0.0.1/34527] INFO  server.GrpcService (ConfUtils.java:logGet(44)) - raft.grpc.message.size.max = 32MB (=33554432) (custom)
2020-11-25 02:33:40,226 [Listener at 127.0.0.1/34527] INFO  server.RaftServerConfigKeys (ConfUtils.java:logGet(44)) - raft.server.log.appender.buffer.byte-limit = 33554432 (custom)
2020-11-25 02:33:40,226 [Listener at 127.0.0.1/34527] INFO  server.GrpcService (ConfUtils.java:logGet(44)) - raft.grpc.flow.control.window = 5MB (=5242880) (custom)
2020-11-25 02:33:40,226 [Listener at 127.0.0.1/34527] INFO  server.RaftServerConfigKeys (ConfUtils.java:logGet(44)) - raft.server.rpc.request.timeout = 60s (custom)
2020-11-25 02:33:40,227 [Listener at 127.0.0.1/34527] INFO  impl.DataStreamServerImpl (ConfUtils.java:logGet(44)) - raft.datastream.type = DISABLED (default)
2020-11-25 02:33:40,227 [Listener at 127.0.0.1/34527] INFO  server.RaftServerConfigKeys (ConfUtils.java:logGet(44)) - raft.server.storage.dir = [/github/workspace/mnt/ozone/hadoop-ozone/integration-test/target/test-dir/MiniOzoneClusterImpl-d0d42c39-6fc7-42e8-b6c5-559d28f27a21/datanode-1/data/ratis] (custom)
2020-11-25 02:33:40,231 [Listener at 127.0.0.1/34527] INFO  http.BaseHttpServer (BaseHttpServer.java:newHttpServer2BuilderForOzone(207)) - Starting Web-server for hddsDatanode at: http://0.0.0.0:0
2020-11-25 02:33:40,231 [Listener at 127.0.0.1/34527] INFO  http.BaseHttpServer (BaseHttpServer.java:<init>(106)) - Hadoop Security Enabled: false Ozone Security Enabled: false Ozone HTTP Security Enabled: false 
2020-11-25 02:33:40,232 [Listener at 127.0.0.1/34527] INFO  server.AuthenticationFilter (AuthenticationFilter.java:constructSecretProvider(240)) - Unable to initialize FileSignerSecretProvider, falling back to use random secrets.
2020-11-25 02:33:40,232 [Listener at 127.0.0.1/34527] WARN  http.HttpRequestLog (HttpRequestLog.java:getRequestLog(103)) - Jetty request log can only be enabled using Log4j
2020-11-25 02:33:40,233 [Listener at 127.0.0.1/34527] INFO  http.HttpServer2 (HttpServer2.java:addGlobalFilter(1019)) - Added global filter 'safety' (class=org.apache.hadoop.hdds.server.http.HttpServer2$QuotingInputFilter)
2020-11-25 02:33:40,233 [Listener at 127.0.0.1/34527] INFO  http.HttpServer2 (HttpServer2.java:addFilter(995)) - Added filter static_user_filter (class=org.apache.hadoop.http.lib.StaticUserWebFilter$StaticUserFilter) to context hddsDatanode
2020-11-25 02:33:40,233 [Listener at 127.0.0.1/34527] INFO  http.HttpServer2 (HttpServer2.java:addFilter(1003)) - Added filter static_user_filter (class=org.apache.hadoop.http.lib.StaticUserWebFilter$StaticUserFilter) to context static
2020-11-25 02:33:40,233 [Listener at 127.0.0.1/34527] INFO  http.HttpServer2 (HttpServer2.java:addFilter(1003)) - Added filter static_user_filter (class=org.apache.hadoop.http.lib.StaticUserWebFilter$StaticUserFilter) to context logs
2020-11-25 02:33:40,234 [Listener at 127.0.0.1/34527] INFO  http.HttpServer2 (HttpServer2.java:bindListener(1237)) - Jetty bound to port 42893
2020-11-25 02:33:40,234 [Listener at 127.0.0.1/34527] INFO  server.Server (Server.java:doStart(375)) - jetty-9.4.34.v20201102; built: 2020-11-02T14:15:39.302Z; git: e46af88704a893fc12cb0e3bf46e2c7b48a009e7; jvm 1.8.0_232-b09
2020-11-25 02:33:40,236 [Listener at 127.0.0.1/34527] INFO  server.session (DefaultSessionIdManager.java:doStart(334)) - DefaultSessionIdManager workerName=node0
2020-11-25 02:33:40,237 [Listener at 127.0.0.1/34527] INFO  server.session (DefaultSessionIdManager.java:doStart(339)) - No SessionScavenger set, using defaults
2020-11-25 02:33:40,237 [Listener at 127.0.0.1/34527] INFO  server.session (HouseKeeper.java:startScavenging(132)) - node0 Scavenging every 600000ms
2020-11-25 02:33:40,237 [Listener at 127.0.0.1/34527] INFO  handler.ContextHandler (ContextHandler.java:doStart(916)) - Started o.e.j.s.ServletContextHandler@77a15aae{logs,/logs,file:///github/workspace/mnt/ozone/hadoop-ozone/integration-test/target/log,AVAILABLE}
2020-11-25 02:33:40,238 [Listener at 127.0.0.1/34527] INFO  handler.ContextHandler (ContextHandler.java:doStart(916)) - Started o.e.j.s.ServletContextHandler@446b04ba{static,/static,jar:file:/home/user/.m2/repository/org/apache/hadoop/hadoop-hdds-container-service/1.1.0-SNAPSHOT/hadoop-hdds-container-service-1.1.0-SNAPSHOT.jar!/webapps/static,AVAILABLE}
2020-11-25 02:33:40,379 [Listener at 127.0.0.1/34527] INFO  handler.ContextHandler (ContextHandler.java:doStart(916)) - Started o.e.j.w.WebAppContext@2bdefd3a{hddsDatanode,/,file:///tmp/jetty-0_0_0_0-42893-hadoop-hdds-container-service-1_1_0-SNAPSHOT_jar-_-any-5882528561958819566/webapp/,AVAILABLE}{jar:file:/home/user/.m2/repository/org/apache/hadoop/hadoop-hdds-container-service/1.1.0-SNAPSHOT/hadoop-hdds-container-service-1.1.0-SNAPSHOT.jar!/webapps/hddsDatanode}
2020-11-25 02:33:40,380 [Listener at 127.0.0.1/34527] INFO  server.AbstractConnector (AbstractConnector.java:doStart(331)) - Started ServerConnector@3c683643{HTTP/1.1, (http/1.1)}{0.0.0.0:42893}
2020-11-25 02:33:40,381 [Listener at 127.0.0.1/34527] INFO  server.Server (Server.java:doStart(415)) - Started @44173ms
2020-11-25 02:33:40,381 [Listener at 127.0.0.1/34527] WARN  impl.MetricsSystemImpl (MetricsSystemImpl.java:register(276)) - Sink prometheus already exists!
2020-11-25 02:33:40,384 [Listener at 127.0.0.1/34527] INFO  http.BaseHttpServer (BaseHttpServer.java:updateConnectorAddress(327)) - HTTP server of hddsDatanode listening at http://0.0.0.0:42893
2020-11-25 02:33:40,385 [Listener at 127.0.0.1/34527] INFO  impl.MetricsSystemImpl (MetricsSystemImpl.java:init(158)) - HddsDatanode metrics system started (again)
2020-11-25 02:33:40,390 [Listener at 127.0.0.1/34527] INFO  ozone.HddsDatanodeService (HddsDatanodeService.java:start(217)) - HddsDatanodeService host:3d7159965374 ip:172.17.0.2
2020-11-25 02:33:40,392 [Listener at 127.0.0.1/34527] INFO  volume.HddsVolume (HddsVolume.java:<init>(176)) - Creating Volume: /github/workspace/mnt/ozone/hadoop-ozone/integration-test/target/test-dir/MiniOzoneClusterImpl-d0d42c39-6fc7-42e8-b6c5-559d28f27a21/datanode-2/data-0/containers/hdds of storage type : DISK and capacity : 9223372036854775807
2020-11-25 02:33:40,392 [Listener at 127.0.0.1/34527] INFO  volume.MutableVolumeSet (MutableVolumeSet.java:initializeVolumeSet(179)) - Added Volume : /github/workspace/mnt/ozone/hadoop-ozone/integration-test/target/test-dir/MiniOzoneClusterImpl-d0d42c39-6fc7-42e8-b6c5-559d28f27a21/datanode-2/data-0/containers/hdds to VolumeSet
2020-11-25 02:33:40,392 [org.apache.hadoop.util.JvmPauseMonitor$Monitor@29f65c83] INFO  util.JvmPauseMonitor (JvmPauseMonitor.java:run(188)) - Starting JVM pause monitor
2020-11-25 02:33:40,392 [Listener at 127.0.0.1/34527] INFO  volume.ThrottledAsyncChecker (ThrottledAsyncChecker.java:schedule(141)) - Scheduling a check for /github/workspace/mnt/ozone/hadoop-ozone/integration-test/target/test-dir/MiniOzoneClusterImpl-d0d42c39-6fc7-42e8-b6c5-559d28f27a21/datanode-2/data-0/containers/hdds
2020-11-25 02:33:40,393 [Listener at 127.0.0.1/34527] INFO  volume.HddsVolumeChecker (HddsVolumeChecker.java:checkAllVolumes(200)) - Scheduled health check for volume /github/workspace/mnt/ozone/hadoop-ozone/integration-test/target/test-dir/MiniOzoneClusterImpl-d0d42c39-6fc7-42e8-b6c5-559d28f27a21/datanode-2/data-0/containers/hdds
2020-11-25 02:33:40,393 [Datanode State Machine Task Thread - 0] INFO  datanode.InitDatanodeState (InitDatanodeState.java:persistContainerDatanodeDetails(145)) - DatanodeDetails is persisted to /github/workspace/mnt/ozone/hadoop-ozone/integration-test/target/test-dir/MiniOzoneClusterImpl-d0d42c39-6fc7-42e8-b6c5-559d28f27a21/datanode-1/meta/datanode.id
2020-11-25 02:33:40,405 [Thread-513] INFO  ozoneimpl.ContainerReader (ContainerReader.java:readVolume(123)) - Start to verify containers on volume /github/workspace/mnt/ozone/hadoop-ozone/integration-test/target/test-dir/MiniOzoneClusterImpl-d0d42c39-6fc7-42e8-b6c5-559d28f27a21/datanode-2/data-0/containers/hdds
2020-11-25 02:33:40,405 [Thread-513] INFO  ozoneimpl.ContainerReader (ContainerReader.java:readVolume(148)) - Finish verifying containers on volume /github/workspace/mnt/ozone/hadoop-ozone/integration-test/target/test-dir/MiniOzoneClusterImpl-d0d42c39-6fc7-42e8-b6c5-559d28f27a21/datanode-2/data-0/containers/hdds
2020-11-25 02:33:40,405 [Listener at 127.0.0.1/34527] INFO  ozoneimpl.OzoneContainer (OzoneContainer.java:buildContainerSet(194)) - Build ContainerSet costs 0s
2020-11-25 02:33:40,407 [Listener at 127.0.0.1/34527] INFO  impl.RaftServerProxy (ConfUtils.java:logGet(44)) - raft.rpc.type = GRPC (default)
2020-11-25 02:33:40,407 [Listener at 127.0.0.1/34527] INFO  grpc.GrpcFactory (GrpcFactory.java:checkPooledByteBufAllocatorUseCacheForAllThreads(45)) - PERFORMANCE WARNING: useCacheForAllThreads is true that may cause Netty to create a lot garbage objects and, as a result, trigger GC.
	It is recommended to disable useCacheForAllThreads by setting -Dorg.apache.ratis.thirdparty.io.netty.allocator.useCacheForAllThreads=false in command line.
2020-11-25 02:33:40,407 [Listener at 127.0.0.1/34527] INFO  grpc.GrpcConfigKeys (ConfUtils.java:logGet(44)) - raft.grpc.server.port = 0 (default)
2020-11-25 02:33:40,407 [Listener at 127.0.0.1/34527] INFO  server.GrpcService (ConfUtils.java:logGet(44)) - raft.grpc.message.size.max = 32MB (=33554432) (custom)
2020-11-25 02:33:40,407 [Listener at 127.0.0.1/34527] INFO  server.RaftServerConfigKeys (ConfUtils.java:logGet(44)) - raft.server.log.appender.buffer.byte-limit = 33554432 (custom)
2020-11-25 02:33:40,408 [Listener at 127.0.0.1/34527] INFO  server.GrpcService (ConfUtils.java:logGet(44)) - raft.grpc.flow.control.window = 5MB (=5242880) (custom)
2020-11-25 02:33:40,408 [Listener at 127.0.0.1/34527] INFO  server.RaftServerConfigKeys (ConfUtils.java:logGet(44)) - raft.server.rpc.request.timeout = 60s (custom)
2020-11-25 02:33:40,409 [Listener at 127.0.0.1/34527] INFO  impl.DataStreamServerImpl (ConfUtils.java:logGet(44)) - raft.datastream.type = DISABLED (default)
2020-11-25 02:33:40,409 [Listener at 127.0.0.1/34527] INFO  server.RaftServerConfigKeys (ConfUtils.java:logGet(44)) - raft.server.storage.dir = [/github/workspace/mnt/ozone/hadoop-ozone/integration-test/target/test-dir/MiniOzoneClusterImpl-d0d42c39-6fc7-42e8-b6c5-559d28f27a21/datanode-2/data/ratis] (custom)
2020-11-25 02:33:40,412 [Listener at 127.0.0.1/34527] INFO  http.BaseHttpServer (BaseHttpServer.java:newHttpServer2BuilderForOzone(207)) - Starting Web-server for hddsDatanode at: http://0.0.0.0:0
2020-11-25 02:33:40,413 [Listener at 127.0.0.1/34527] INFO  http.BaseHttpServer (BaseHttpServer.java:<init>(106)) - Hadoop Security Enabled: false Ozone Security Enabled: false Ozone HTTP Security Enabled: false 
2020-11-25 02:33:40,413 [Listener at 127.0.0.1/34527] INFO  server.AuthenticationFilter (AuthenticationFilter.java:constructSecretProvider(240)) - Unable to initialize FileSignerSecretProvider, falling back to use random secrets.
2020-11-25 02:33:40,414 [Listener at 127.0.0.1/34527] WARN  http.HttpRequestLog (HttpRequestLog.java:getRequestLog(103)) - Jetty request log can only be enabled using Log4j
2020-11-25 02:33:40,414 [Listener at 127.0.0.1/34527] INFO  http.HttpServer2 (HttpServer2.java:addGlobalFilter(1019)) - Added global filter 'safety' (class=org.apache.hadoop.hdds.server.http.HttpServer2$QuotingInputFilter)
2020-11-25 02:33:40,415 [Listener at 127.0.0.1/34527] INFO  http.HttpServer2 (HttpServer2.java:addFilter(995)) - Added filter static_user_filter (class=org.apache.hadoop.http.lib.StaticUserWebFilter$StaticUserFilter) to context hddsDatanode
2020-11-25 02:33:40,415 [Listener at 127.0.0.1/34527] INFO  http.HttpServer2 (HttpServer2.java:addFilter(1003)) - Added filter static_user_filter (class=org.apache.hadoop.http.lib.StaticUserWebFilter$StaticUserFilter) to context logs
2020-11-25 02:33:40,415 [Listener at 127.0.0.1/34527] INFO  http.HttpServer2 (HttpServer2.java:addFilter(1003)) - Added filter static_user_filter (class=org.apache.hadoop.http.lib.StaticUserWebFilter$StaticUserFilter) to context static
2020-11-25 02:33:40,416 [Listener at 127.0.0.1/34527] INFO  http.HttpServer2 (HttpServer2.java:bindListener(1237)) - Jetty bound to port 43561
2020-11-25 02:33:40,416 [Listener at 127.0.0.1/34527] INFO  server.Server (Server.java:doStart(375)) - jetty-9.4.34.v20201102; built: 2020-11-02T14:15:39.302Z; git: e46af88704a893fc12cb0e3bf46e2c7b48a009e7; jvm 1.8.0_232-b09
2020-11-25 02:33:40,417 [Listener at 127.0.0.1/34527] INFO  server.session (DefaultSessionIdManager.java:doStart(334)) - DefaultSessionIdManager workerName=node0
2020-11-25 02:33:40,417 [Listener at 127.0.0.1/34527] INFO  server.session (DefaultSessionIdManager.java:doStart(339)) - No SessionScavenger set, using defaults
2020-11-25 02:33:40,417 [Listener at 127.0.0.1/34527] INFO  server.session (HouseKeeper.java:startScavenging(132)) - node0 Scavenging every 600000ms
2020-11-25 02:33:40,418 [Listener at 127.0.0.1/34527] INFO  handler.ContextHandler (ContextHandler.java:doStart(916)) - Started o.e.j.s.ServletContextHandler@267775c6{logs,/logs,file:///github/workspace/mnt/ozone/hadoop-ozone/integration-test/target/log,AVAILABLE}
2020-11-25 02:33:40,418 [Listener at 127.0.0.1/34527] INFO  handler.ContextHandler (ContextHandler.java:doStart(916)) - Started o.e.j.s.ServletContextHandler@5adc1ee5{static,/static,jar:file:/home/user/.m2/repository/org/apache/hadoop/hadoop-hdds-container-service/1.1.0-SNAPSHOT/hadoop-hdds-container-service-1.1.0-SNAPSHOT.jar!/webapps/static,AVAILABLE}
2020-11-25 02:33:40,557 [Listener at 127.0.0.1/34527] INFO  handler.ContextHandler (ContextHandler.java:doStart(916)) - Started o.e.j.w.WebAppContext@4ebc7412{hddsDatanode,/,file:///tmp/jetty-0_0_0_0-43561-hadoop-hdds-container-service-1_1_0-SNAPSHOT_jar-_-any-3749642342565967077/webapp/,AVAILABLE}{jar:file:/home/user/.m2/repository/org/apache/hadoop/hadoop-hdds-container-service/1.1.0-SNAPSHOT/hadoop-hdds-container-service-1.1.0-SNAPSHOT.jar!/webapps/hddsDatanode}
2020-11-25 02:33:40,558 [Listener at 127.0.0.1/34527] INFO  server.AbstractConnector (AbstractConnector.java:doStart(331)) - Started ServerConnector@4b81d4ff{HTTP/1.1, (http/1.1)}{0.0.0.0:43561}
2020-11-25 02:33:40,558 [Listener at 127.0.0.1/34527] INFO  server.Server (Server.java:doStart(415)) - Started @44350ms
2020-11-25 02:33:40,558 [Listener at 127.0.0.1/34527] WARN  impl.MetricsSystemImpl (MetricsSystemImpl.java:register(276)) - Sink prometheus already exists!
2020-11-25 02:33:40,561 [Listener at 127.0.0.1/34527] INFO  http.BaseHttpServer (BaseHttpServer.java:updateConnectorAddress(327)) - HTTP server of hddsDatanode listening at http://0.0.0.0:43561
2020-11-25 02:33:40,562 [Listener at 127.0.0.1/34527] INFO  impl.MetricsSystemImpl (MetricsSystemImpl.java:init(158)) - HddsDatanode metrics system started (again)
2020-11-25 02:33:40,564 [Listener at 127.0.0.1/34527] INFO  ozone.HddsDatanodeService (HddsDatanodeService.java:start(217)) - HddsDatanodeService host:3d7159965374 ip:172.17.0.2
2020-11-25 02:33:40,572 [org.apache.hadoop.util.JvmPauseMonitor$Monitor@5486ec58] INFO  util.JvmPauseMonitor (JvmPauseMonitor.java:run(188)) - Starting JVM pause monitor
2020-11-25 02:33:40,577 [Listener at 127.0.0.1/34527] INFO  volume.HddsVolume (HddsVolume.java:<init>(176)) - Creating Volume: /github/workspace/mnt/ozone/hadoop-ozone/integration-test/target/test-dir/MiniOzoneClusterImpl-d0d42c39-6fc7-42e8-b6c5-559d28f27a21/datanode-3/data-0/containers/hdds of storage type : DISK and capacity : 9223372036854775807
2020-11-25 02:33:40,577 [Listener at 127.0.0.1/34527] INFO  volume.MutableVolumeSet (MutableVolumeSet.java:initializeVolumeSet(179)) - Added Volume : /github/workspace/mnt/ozone/hadoop-ozone/integration-test/target/test-dir/MiniOzoneClusterImpl-d0d42c39-6fc7-42e8-b6c5-559d28f27a21/datanode-3/data-0/containers/hdds to VolumeSet
2020-11-25 02:33:40,577 [Listener at 127.0.0.1/34527] INFO  volume.ThrottledAsyncChecker (ThrottledAsyncChecker.java:schedule(141)) - Scheduling a check for /github/workspace/mnt/ozone/hadoop-ozone/integration-test/target/test-dir/MiniOzoneClusterImpl-d0d42c39-6fc7-42e8-b6c5-559d28f27a21/datanode-3/data-0/containers/hdds
2020-11-25 02:33:40,578 [Datanode State Machine Task Thread - 0] INFO  datanode.InitDatanodeState (InitDatanodeState.java:persistContainerDatanodeDetails(145)) - DatanodeDetails is persisted to /github/workspace/mnt/ozone/hadoop-ozone/integration-test/target/test-dir/MiniOzoneClusterImpl-d0d42c39-6fc7-42e8-b6c5-559d28f27a21/datanode-2/meta/datanode.id
2020-11-25 02:33:40,579 [Listener at 127.0.0.1/34527] INFO  volume.HddsVolumeChecker (HddsVolumeChecker.java:checkAllVolumes(200)) - Scheduled health check for volume /github/workspace/mnt/ozone/hadoop-ozone/integration-test/target/test-dir/MiniOzoneClusterImpl-d0d42c39-6fc7-42e8-b6c5-559d28f27a21/datanode-3/data-0/containers/hdds
2020-11-25 02:33:40,592 [Thread-524] INFO  ozoneimpl.ContainerReader (ContainerReader.java:readVolume(123)) - Start to verify containers on volume /github/workspace/mnt/ozone/hadoop-ozone/integration-test/target/test-dir/MiniOzoneClusterImpl-d0d42c39-6fc7-42e8-b6c5-559d28f27a21/datanode-3/data-0/containers/hdds
2020-11-25 02:33:40,592 [Thread-524] INFO  ozoneimpl.ContainerReader (ContainerReader.java:readVolume(148)) - Finish verifying containers on volume /github/workspace/mnt/ozone/hadoop-ozone/integration-test/target/test-dir/MiniOzoneClusterImpl-d0d42c39-6fc7-42e8-b6c5-559d28f27a21/datanode-3/data-0/containers/hdds
2020-11-25 02:33:40,592 [Listener at 127.0.0.1/34527] INFO  ozoneimpl.OzoneContainer (OzoneContainer.java:buildContainerSet(194)) - Build ContainerSet costs 0s
2020-11-25 02:33:40,594 [Listener at 127.0.0.1/34527] INFO  impl.RaftServerProxy (ConfUtils.java:logGet(44)) - raft.rpc.type = GRPC (default)
2020-11-25 02:33:40,594 [Listener at 127.0.0.1/34527] INFO  grpc.GrpcFactory (GrpcFactory.java:checkPooledByteBufAllocatorUseCacheForAllThreads(45)) - PERFORMANCE WARNING: useCacheForAllThreads is true that may cause Netty to create a lot garbage objects and, as a result, trigger GC.
	It is recommended to disable useCacheForAllThreads by setting -Dorg.apache.ratis.thirdparty.io.netty.allocator.useCacheForAllThreads=false in command line.
2020-11-25 02:33:40,595 [Listener at 127.0.0.1/34527] INFO  grpc.GrpcConfigKeys (ConfUtils.java:logGet(44)) - raft.grpc.server.port = 0 (default)
2020-11-25 02:33:40,595 [Listener at 127.0.0.1/34527] INFO  server.GrpcService (ConfUtils.java:logGet(44)) - raft.grpc.message.size.max = 32MB (=33554432) (custom)
2020-11-25 02:33:40,595 [Listener at 127.0.0.1/34527] INFO  server.RaftServerConfigKeys (ConfUtils.java:logGet(44)) - raft.server.log.appender.buffer.byte-limit = 33554432 (custom)
2020-11-25 02:33:40,595 [Listener at 127.0.0.1/34527] INFO  server.GrpcService (ConfUtils.java:logGet(44)) - raft.grpc.flow.control.window = 5MB (=5242880) (custom)
2020-11-25 02:33:40,595 [Listener at 127.0.0.1/34527] INFO  server.RaftServerConfigKeys (ConfUtils.java:logGet(44)) - raft.server.rpc.request.timeout = 60s (custom)
2020-11-25 02:33:40,596 [Listener at 127.0.0.1/34527] INFO  impl.DataStreamServerImpl (ConfUtils.java:logGet(44)) - raft.datastream.type = DISABLED (default)
2020-11-25 02:33:40,596 [Listener at 127.0.0.1/34527] INFO  server.RaftServerConfigKeys (ConfUtils.java:logGet(44)) - raft.server.storage.dir = [/github/workspace/mnt/ozone/hadoop-ozone/integration-test/target/test-dir/MiniOzoneClusterImpl-d0d42c39-6fc7-42e8-b6c5-559d28f27a21/datanode-3/data/ratis] (custom)
2020-11-25 02:33:40,601 [Listener at 127.0.0.1/34527] INFO  http.BaseHttpServer (BaseHttpServer.java:newHttpServer2BuilderForOzone(207)) - Starting Web-server for hddsDatanode at: http://0.0.0.0:0
2020-11-25 02:33:40,601 [Listener at 127.0.0.1/34527] INFO  http.BaseHttpServer (BaseHttpServer.java:<init>(106)) - Hadoop Security Enabled: false Ozone Security Enabled: false Ozone HTTP Security Enabled: false 
2020-11-25 02:33:40,602 [Listener at 127.0.0.1/34527] INFO  server.AuthenticationFilter (AuthenticationFilter.java:constructSecretProvider(240)) - Unable to initialize FileSignerSecretProvider, falling back to use random secrets.
2020-11-25 02:33:40,602 [Listener at 127.0.0.1/34527] WARN  http.HttpRequestLog (HttpRequestLog.java:getRequestLog(103)) - Jetty request log can only be enabled using Log4j
2020-11-25 02:33:40,603 [Listener at 127.0.0.1/34527] INFO  http.HttpServer2 (HttpServer2.java:addGlobalFilter(1019)) - Added global filter 'safety' (class=org.apache.hadoop.hdds.server.http.HttpServer2$QuotingInputFilter)
2020-11-25 02:33:40,603 [Listener at 127.0.0.1/34527] INFO  http.HttpServer2 (HttpServer2.java:addFilter(995)) - Added filter static_user_filter (class=org.apache.hadoop.http.lib.StaticUserWebFilter$StaticUserFilter) to context hddsDatanode
2020-11-25 02:33:40,603 [Listener at 127.0.0.1/34527] INFO  http.HttpServer2 (HttpServer2.java:addFilter(1003)) - Added filter static_user_filter (class=org.apache.hadoop.http.lib.StaticUserWebFilter$StaticUserFilter) to context logs
2020-11-25 02:33:40,603 [Listener at 127.0.0.1/34527] INFO  http.HttpServer2 (HttpServer2.java:addFilter(1003)) - Added filter static_user_filter (class=org.apache.hadoop.http.lib.StaticUserWebFilter$StaticUserFilter) to context static
2020-11-25 02:33:40,604 [Listener at 127.0.0.1/34527] INFO  http.HttpServer2 (HttpServer2.java:bindListener(1237)) - Jetty bound to port 34571
2020-11-25 02:33:40,604 [Listener at 127.0.0.1/34527] INFO  server.Server (Server.java:doStart(375)) - jetty-9.4.34.v20201102; built: 2020-11-02T14:15:39.302Z; git: e46af88704a893fc12cb0e3bf46e2c7b48a009e7; jvm 1.8.0_232-b09
2020-11-25 02:33:40,605 [Listener at 127.0.0.1/34527] INFO  server.session (DefaultSessionIdManager.java:doStart(334)) - DefaultSessionIdManager workerName=node0
2020-11-25 02:33:40,606 [Listener at 127.0.0.1/34527] INFO  server.session (DefaultSessionIdManager.java:doStart(339)) - No SessionScavenger set, using defaults
2020-11-25 02:33:40,606 [Listener at 127.0.0.1/34527] INFO  server.session (HouseKeeper.java:startScavenging(132)) - node0 Scavenging every 660000ms
2020-11-25 02:33:40,606 [Listener at 127.0.0.1/34527] INFO  handler.ContextHandler (ContextHandler.java:doStart(916)) - Started o.e.j.s.ServletContextHandler@670c8408{logs,/logs,file:///github/workspace/mnt/ozone/hadoop-ozone/integration-test/target/log,AVAILABLE}
2020-11-25 02:33:40,607 [Listener at 127.0.0.1/34527] INFO  handler.ContextHandler (ContextHandler.java:doStart(916)) - Started o.e.j.s.ServletContextHandler@67c03259{static,/static,jar:file:/home/user/.m2/repository/org/apache/hadoop/hadoop-hdds-container-service/1.1.0-SNAPSHOT/hadoop-hdds-container-service-1.1.0-SNAPSHOT.jar!/webapps/static,AVAILABLE}
2020-11-25 02:33:40,776 [Listener at 127.0.0.1/34527] INFO  handler.ContextHandler (ContextHandler.java:doStart(916)) - Started o.e.j.w.WebAppContext@e0b8461{hddsDatanode,/,file:///tmp/jetty-0_0_0_0-34571-hadoop-hdds-container-service-1_1_0-SNAPSHOT_jar-_-any-6454225260949324785/webapp/,AVAILABLE}{jar:file:/home/user/.m2/repository/org/apache/hadoop/hadoop-hdds-container-service/1.1.0-SNAPSHOT/hadoop-hdds-container-service-1.1.0-SNAPSHOT.jar!/webapps/hddsDatanode}
2020-11-25 02:33:40,781 [Listener at 127.0.0.1/34527] INFO  server.AbstractConnector (AbstractConnector.java:doStart(331)) - Started ServerConnector@6d7924e2{HTTP/1.1, (http/1.1)}{0.0.0.0:34571}
2020-11-25 02:33:40,781 [Listener at 127.0.0.1/34527] INFO  server.Server (Server.java:doStart(415)) - Started @44574ms
2020-11-25 02:33:40,781 [Listener at 127.0.0.1/34527] WARN  impl.MetricsSystemImpl (MetricsSystemImpl.java:register(276)) - Sink prometheus already exists!
2020-11-25 02:33:40,786 [Listener at 127.0.0.1/34527] INFO  http.BaseHttpServer (BaseHttpServer.java:updateConnectorAddress(327)) - HTTP server of hddsDatanode listening at http://0.0.0.0:34571
2020-11-25 02:33:40,786 [Listener at 127.0.0.1/34527] INFO  impl.MetricsSystemImpl (MetricsSystemImpl.java:init(158)) - HddsDatanode metrics system started (again)
2020-11-25 02:33:40,787 [Listener at 127.0.0.1/34527] INFO  ozone.HddsDatanodeService (HddsDatanodeService.java:start(217)) - HddsDatanodeService host:3d7159965374 ip:172.17.0.2
2020-11-25 02:33:40,789 [Listener at 127.0.0.1/34527] INFO  volume.HddsVolume (HddsVolume.java:<init>(176)) - Creating Volume: /github/workspace/mnt/ozone/hadoop-ozone/integration-test/target/test-dir/MiniOzoneClusterImpl-d0d42c39-6fc7-42e8-b6c5-559d28f27a21/datanode-4/data-0/containers/hdds of storage type : DISK and capacity : 9223372036854775807
2020-11-25 02:33:40,789 [Listener at 127.0.0.1/34527] INFO  volume.MutableVolumeSet (MutableVolumeSet.java:initializeVolumeSet(179)) - Added Volume : /github/workspace/mnt/ozone/hadoop-ozone/integration-test/target/test-dir/MiniOzoneClusterImpl-d0d42c39-6fc7-42e8-b6c5-559d28f27a21/datanode-4/data-0/containers/hdds to VolumeSet
2020-11-25 02:33:40,789 [Listener at 127.0.0.1/34527] INFO  volume.ThrottledAsyncChecker (ThrottledAsyncChecker.java:schedule(141)) - Scheduling a check for /github/workspace/mnt/ozone/hadoop-ozone/integration-test/target/test-dir/MiniOzoneClusterImpl-d0d42c39-6fc7-42e8-b6c5-559d28f27a21/datanode-4/data-0/containers/hdds
2020-11-25 02:33:40,790 [Listener at 127.0.0.1/34527] INFO  volume.HddsVolumeChecker (HddsVolumeChecker.java:checkAllVolumes(200)) - Scheduled health check for volume /github/workspace/mnt/ozone/hadoop-ozone/integration-test/target/test-dir/MiniOzoneClusterImpl-d0d42c39-6fc7-42e8-b6c5-559d28f27a21/datanode-4/data-0/containers/hdds
2020-11-25 02:33:40,804 [org.apache.hadoop.util.JvmPauseMonitor$Monitor@7766ab1f] INFO  util.JvmPauseMonitor (JvmPauseMonitor.java:run(188)) - Starting JVM pause monitor
2020-11-25 02:33:40,804 [Thread-535] INFO  ozoneimpl.ContainerReader (ContainerReader.java:readVolume(123)) - Start to verify containers on volume /github/workspace/mnt/ozone/hadoop-ozone/integration-test/target/test-dir/MiniOzoneClusterImpl-d0d42c39-6fc7-42e8-b6c5-559d28f27a21/datanode-4/data-0/containers/hdds
2020-11-25 02:33:40,805 [Thread-535] INFO  ozoneimpl.ContainerReader (ContainerReader.java:readVolume(148)) - Finish verifying containers on volume /github/workspace/mnt/ozone/hadoop-ozone/integration-test/target/test-dir/MiniOzoneClusterImpl-d0d42c39-6fc7-42e8-b6c5-559d28f27a21/datanode-4/data-0/containers/hdds
2020-11-25 02:33:40,805 [Listener at 127.0.0.1/34527] INFO  ozoneimpl.OzoneContainer (OzoneContainer.java:buildContainerSet(194)) - Build ContainerSet costs 0s
2020-11-25 02:33:40,806 [Listener at 127.0.0.1/34527] INFO  impl.RaftServerProxy (ConfUtils.java:logGet(44)) - raft.rpc.type = GRPC (default)
2020-11-25 02:33:40,806 [Listener at 127.0.0.1/34527] INFO  grpc.GrpcFactory (GrpcFactory.java:checkPooledByteBufAllocatorUseCacheForAllThreads(45)) - PERFORMANCE WARNING: useCacheForAllThreads is true that may cause Netty to create a lot garbage objects and, as a result, trigger GC.
	It is recommended to disable useCacheForAllThreads by setting -Dorg.apache.ratis.thirdparty.io.netty.allocator.useCacheForAllThreads=false in command line.
2020-11-25 02:33:40,806 [Listener at 127.0.0.1/34527] INFO  grpc.GrpcConfigKeys (ConfUtils.java:logGet(44)) - raft.grpc.server.port = 0 (default)
2020-11-25 02:33:40,807 [Listener at 127.0.0.1/34527] INFO  server.GrpcService (ConfUtils.java:logGet(44)) - raft.grpc.message.size.max = 32MB (=33554432) (custom)
2020-11-25 02:33:40,807 [Listener at 127.0.0.1/34527] INFO  server.RaftServerConfigKeys (ConfUtils.java:logGet(44)) - raft.server.log.appender.buffer.byte-limit = 33554432 (custom)
2020-11-25 02:33:40,807 [Listener at 127.0.0.1/34527] INFO  server.GrpcService (ConfUtils.java:logGet(44)) - raft.grpc.flow.control.window = 5MB (=5242880) (custom)
2020-11-25 02:33:40,807 [Listener at 127.0.0.1/34527] INFO  server.RaftServerConfigKeys (ConfUtils.java:logGet(44)) - raft.server.rpc.request.timeout = 60s (custom)
2020-11-25 02:33:40,808 [Listener at 127.0.0.1/34527] INFO  impl.DataStreamServerImpl (ConfUtils.java:logGet(44)) - raft.datastream.type = DISABLED (default)
2020-11-25 02:33:40,808 [Listener at 127.0.0.1/34527] INFO  server.RaftServerConfigKeys (ConfUtils.java:logGet(44)) - raft.server.storage.dir = [/github/workspace/mnt/ozone/hadoop-ozone/integration-test/target/test-dir/MiniOzoneClusterImpl-d0d42c39-6fc7-42e8-b6c5-559d28f27a21/datanode-4/data/ratis] (custom)
2020-11-25 02:33:40,810 [Datanode State Machine Task Thread - 0] INFO  datanode.InitDatanodeState (InitDatanodeState.java:persistContainerDatanodeDetails(145)) - DatanodeDetails is persisted to /github/workspace/mnt/ozone/hadoop-ozone/integration-test/target/test-dir/MiniOzoneClusterImpl-d0d42c39-6fc7-42e8-b6c5-559d28f27a21/datanode-3/meta/datanode.id
2020-11-25 02:33:40,817 [Listener at 127.0.0.1/34527] INFO  http.BaseHttpServer (BaseHttpServer.java:newHttpServer2BuilderForOzone(207)) - Starting Web-server for hddsDatanode at: http://0.0.0.0:0
2020-11-25 02:33:40,817 [Listener at 127.0.0.1/34527] INFO  http.BaseHttpServer (BaseHttpServer.java:<init>(106)) - Hadoop Security Enabled: false Ozone Security Enabled: false Ozone HTTP Security Enabled: false 
2020-11-25 02:33:40,818 [Listener at 127.0.0.1/34527] INFO  server.AuthenticationFilter (AuthenticationFilter.java:constructSecretProvider(240)) - Unable to initialize FileSignerSecretProvider, falling back to use random secrets.
2020-11-25 02:33:40,819 [Listener at 127.0.0.1/34527] WARN  http.HttpRequestLog (HttpRequestLog.java:getRequestLog(103)) - Jetty request log can only be enabled using Log4j
2020-11-25 02:33:40,819 [Listener at 127.0.0.1/34527] INFO  http.HttpServer2 (HttpServer2.java:addGlobalFilter(1019)) - Added global filter 'safety' (class=org.apache.hadoop.hdds.server.http.HttpServer2$QuotingInputFilter)
2020-11-25 02:33:40,820 [Listener at 127.0.0.1/34527] INFO  http.HttpServer2 (HttpServer2.java:addFilter(995)) - Added filter static_user_filter (class=org.apache.hadoop.http.lib.StaticUserWebFilter$StaticUserFilter) to context hddsDatanode
2020-11-25 02:33:40,820 [Listener at 127.0.0.1/34527] INFO  http.HttpServer2 (HttpServer2.java:addFilter(1003)) - Added filter static_user_filter (class=org.apache.hadoop.http.lib.StaticUserWebFilter$StaticUserFilter) to context logs
2020-11-25 02:33:40,820 [Listener at 127.0.0.1/34527] INFO  http.HttpServer2 (HttpServer2.java:addFilter(1003)) - Added filter static_user_filter (class=org.apache.hadoop.http.lib.StaticUserWebFilter$StaticUserFilter) to context static
2020-11-25 02:33:40,821 [Listener at 127.0.0.1/34527] INFO  http.HttpServer2 (HttpServer2.java:bindListener(1237)) - Jetty bound to port 34413
2020-11-25 02:33:40,821 [Listener at 127.0.0.1/34527] INFO  server.Server (Server.java:doStart(375)) - jetty-9.4.34.v20201102; built: 2020-11-02T14:15:39.302Z; git: e46af88704a893fc12cb0e3bf46e2c7b48a009e7; jvm 1.8.0_232-b09
2020-11-25 02:33:40,822 [Listener at 127.0.0.1/34527] INFO  server.session (DefaultSessionIdManager.java:doStart(334)) - DefaultSessionIdManager workerName=node0
2020-11-25 02:33:40,823 [Listener at 127.0.0.1/34527] INFO  server.session (DefaultSessionIdManager.java:doStart(339)) - No SessionScavenger set, using defaults
2020-11-25 02:33:40,823 [Listener at 127.0.0.1/34527] INFO  server.session (HouseKeeper.java:startScavenging(132)) - node0 Scavenging every 600000ms
2020-11-25 02:33:40,824 [Listener at 127.0.0.1/34527] INFO  handler.ContextHandler (ContextHandler.java:doStart(916)) - Started o.e.j.s.ServletContextHandler@243822d0{logs,/logs,file:///github/workspace/mnt/ozone/hadoop-ozone/integration-test/target/log,AVAILABLE}
2020-11-25 02:33:40,824 [Listener at 127.0.0.1/34527] INFO  handler.ContextHandler (ContextHandler.java:doStart(916)) - Started o.e.j.s.ServletContextHandler@7d81dcdb{static,/static,jar:file:/home/user/.m2/repository/org/apache/hadoop/hadoop-hdds-container-service/1.1.0-SNAPSHOT/hadoop-hdds-container-service-1.1.0-SNAPSHOT.jar!/webapps/static,AVAILABLE}
2020-11-25 02:33:40,964 [Listener at 127.0.0.1/34527] INFO  handler.ContextHandler (ContextHandler.java:doStart(916)) - Started o.e.j.w.WebAppContext@15f83435{hddsDatanode,/,file:///tmp/jetty-0_0_0_0-34413-hadoop-hdds-container-service-1_1_0-SNAPSHOT_jar-_-any-8981410502184001163/webapp/,AVAILABLE}{jar:file:/home/user/.m2/repository/org/apache/hadoop/hadoop-hdds-container-service/1.1.0-SNAPSHOT/hadoop-hdds-container-service-1.1.0-SNAPSHOT.jar!/webapps/hddsDatanode}
2020-11-25 02:33:40,966 [Listener at 127.0.0.1/34527] INFO  server.AbstractConnector (AbstractConnector.java:doStart(331)) - Started ServerConnector@9abfbef{HTTP/1.1, (http/1.1)}{0.0.0.0:34413}
2020-11-25 02:33:40,966 [Listener at 127.0.0.1/34527] INFO  server.Server (Server.java:doStart(415)) - Started @44758ms
2020-11-25 02:33:40,966 [Listener at 127.0.0.1/34527] WARN  impl.MetricsSystemImpl (MetricsSystemImpl.java:register(276)) - Sink prometheus already exists!
2020-11-25 02:33:40,970 [Listener at 127.0.0.1/34527] INFO  http.BaseHttpServer (BaseHttpServer.java:updateConnectorAddress(327)) - HTTP server of hddsDatanode listening at http://0.0.0.0:34413
2020-11-25 02:33:40,972 [Listener at 127.0.0.1/34527] INFO  impl.MetricsSystemImpl (MetricsSystemImpl.java:init(158)) - HddsDatanode metrics system started (again)
2020-11-25 02:33:40,973 [Listener at 127.0.0.1/34527] INFO  ozone.HddsDatanodeService (HddsDatanodeService.java:start(217)) - HddsDatanodeService host:3d7159965374 ip:172.17.0.2
2020-11-25 02:33:40,976 [org.apache.hadoop.util.JvmPauseMonitor$Monitor@49f66ab7] INFO  util.JvmPauseMonitor (JvmPauseMonitor.java:run(188)) - Starting JVM pause monitor
2020-11-25 02:33:40,976 [Listener at 127.0.0.1/34527] INFO  volume.HddsVolume (HddsVolume.java:<init>(176)) - Creating Volume: /github/workspace/mnt/ozone/hadoop-ozone/integration-test/target/test-dir/MiniOzoneClusterImpl-d0d42c39-6fc7-42e8-b6c5-559d28f27a21/datanode-5/data-0/containers/hdds of storage type : DISK and capacity : 9223372036854775807
2020-11-25 02:33:40,977 [Listener at 127.0.0.1/34527] INFO  volume.MutableVolumeSet (MutableVolumeSet.java:initializeVolumeSet(179)) - Added Volume : /github/workspace/mnt/ozone/hadoop-ozone/integration-test/target/test-dir/MiniOzoneClusterImpl-d0d42c39-6fc7-42e8-b6c5-559d28f27a21/datanode-5/data-0/containers/hdds to VolumeSet
2020-11-25 02:33:40,977 [Listener at 127.0.0.1/34527] INFO  volume.ThrottledAsyncChecker (ThrottledAsyncChecker.java:schedule(141)) - Scheduling a check for /github/workspace/mnt/ozone/hadoop-ozone/integration-test/target/test-dir/MiniOzoneClusterImpl-d0d42c39-6fc7-42e8-b6c5-559d28f27a21/datanode-5/data-0/containers/hdds
2020-11-25 02:33:40,981 [Datanode State Machine Task Thread - 0] INFO  datanode.InitDatanodeState (InitDatanodeState.java:persistContainerDatanodeDetails(145)) - DatanodeDetails is persisted to /github/workspace/mnt/ozone/hadoop-ozone/integration-test/target/test-dir/MiniOzoneClusterImpl-d0d42c39-6fc7-42e8-b6c5-559d28f27a21/datanode-4/meta/datanode.id
2020-11-25 02:33:40,981 [Listener at 127.0.0.1/34527] INFO  volume.HddsVolumeChecker (HddsVolumeChecker.java:checkAllVolumes(200)) - Scheduled health check for volume /github/workspace/mnt/ozone/hadoop-ozone/integration-test/target/test-dir/MiniOzoneClusterImpl-d0d42c39-6fc7-42e8-b6c5-559d28f27a21/datanode-5/data-0/containers/hdds
2020-11-25 02:33:40,993 [Thread-546] INFO  ozoneimpl.ContainerReader (ContainerReader.java:readVolume(123)) - Start to verify containers on volume /github/workspace/mnt/ozone/hadoop-ozone/integration-test/target/test-dir/MiniOzoneClusterImpl-d0d42c39-6fc7-42e8-b6c5-559d28f27a21/datanode-5/data-0/containers/hdds
2020-11-25 02:33:40,993 [Thread-546] INFO  ozoneimpl.ContainerReader (ContainerReader.java:readVolume(148)) - Finish verifying containers on volume /github/workspace/mnt/ozone/hadoop-ozone/integration-test/target/test-dir/MiniOzoneClusterImpl-d0d42c39-6fc7-42e8-b6c5-559d28f27a21/datanode-5/data-0/containers/hdds
2020-11-25 02:33:40,993 [Listener at 127.0.0.1/34527] INFO  ozoneimpl.OzoneContainer (OzoneContainer.java:buildContainerSet(194)) - Build ContainerSet costs 0s
2020-11-25 02:33:40,994 [Listener at 127.0.0.1/34527] INFO  impl.RaftServerProxy (ConfUtils.java:logGet(44)) - raft.rpc.type = GRPC (default)
2020-11-25 02:33:40,994 [Listener at 127.0.0.1/34527] INFO  grpc.GrpcFactory (GrpcFactory.java:checkPooledByteBufAllocatorUseCacheForAllThreads(45)) - PERFORMANCE WARNING: useCacheForAllThreads is true that may cause Netty to create a lot garbage objects and, as a result, trigger GC.
	It is recommended to disable useCacheForAllThreads by setting -Dorg.apache.ratis.thirdparty.io.netty.allocator.useCacheForAllThreads=false in command line.
2020-11-25 02:33:40,995 [Listener at 127.0.0.1/34527] INFO  grpc.GrpcConfigKeys (ConfUtils.java:logGet(44)) - raft.grpc.server.port = 0 (default)
2020-11-25 02:33:40,995 [Listener at 127.0.0.1/34527] INFO  server.GrpcService (ConfUtils.java:logGet(44)) - raft.grpc.message.size.max = 32MB (=33554432) (custom)
2020-11-25 02:33:40,995 [Listener at 127.0.0.1/34527] INFO  server.RaftServerConfigKeys (ConfUtils.java:logGet(44)) - raft.server.log.appender.buffer.byte-limit = 33554432 (custom)
2020-11-25 02:33:40,995 [Listener at 127.0.0.1/34527] INFO  server.GrpcService (ConfUtils.java:logGet(44)) - raft.grpc.flow.control.window = 5MB (=5242880) (custom)
2020-11-25 02:33:40,995 [Listener at 127.0.0.1/34527] INFO  server.RaftServerConfigKeys (ConfUtils.java:logGet(44)) - raft.server.rpc.request.timeout = 60s (custom)
2020-11-25 02:33:40,996 [Listener at 127.0.0.1/34527] INFO  impl.DataStreamServerImpl (ConfUtils.java:logGet(44)) - raft.datastream.type = DISABLED (default)
2020-11-25 02:33:40,996 [Listener at 127.0.0.1/34527] INFO  server.RaftServerConfigKeys (ConfUtils.java:logGet(44)) - raft.server.storage.dir = [/github/workspace/mnt/ozone/hadoop-ozone/integration-test/target/test-dir/MiniOzoneClusterImpl-d0d42c39-6fc7-42e8-b6c5-559d28f27a21/datanode-5/data/ratis] (custom)
2020-11-25 02:33:41,001 [Listener at 127.0.0.1/34527] INFO  http.BaseHttpServer (BaseHttpServer.java:newHttpServer2BuilderForOzone(207)) - Starting Web-server for hddsDatanode at: http://0.0.0.0:0
2020-11-25 02:33:41,001 [Listener at 127.0.0.1/34527] INFO  http.BaseHttpServer (BaseHttpServer.java:<init>(106)) - Hadoop Security Enabled: false Ozone Security Enabled: false Ozone HTTP Security Enabled: false 
2020-11-25 02:33:41,002 [Listener at 127.0.0.1/34527] INFO  server.AuthenticationFilter (AuthenticationFilter.java:constructSecretProvider(240)) - Unable to initialize FileSignerSecretProvider, falling back to use random secrets.
2020-11-25 02:33:41,003 [Listener at 127.0.0.1/34527] WARN  http.HttpRequestLog (HttpRequestLog.java:getRequestLog(103)) - Jetty request log can only be enabled using Log4j
2020-11-25 02:33:41,003 [Listener at 127.0.0.1/34527] INFO  http.HttpServer2 (HttpServer2.java:addGlobalFilter(1019)) - Added global filter 'safety' (class=org.apache.hadoop.hdds.server.http.HttpServer2$QuotingInputFilter)
2020-11-25 02:33:41,004 [Listener at 127.0.0.1/34527] INFO  http.HttpServer2 (HttpServer2.java:addFilter(995)) - Added filter static_user_filter (class=org.apache.hadoop.http.lib.StaticUserWebFilter$StaticUserFilter) to context hddsDatanode
2020-11-25 02:33:41,004 [Listener at 127.0.0.1/34527] INFO  http.HttpServer2 (HttpServer2.java:addFilter(1003)) - Added filter static_user_filter (class=org.apache.hadoop.http.lib.StaticUserWebFilter$StaticUserFilter) to context logs
2020-11-25 02:33:41,004 [Listener at 127.0.0.1/34527] INFO  http.HttpServer2 (HttpServer2.java:addFilter(1003)) - Added filter static_user_filter (class=org.apache.hadoop.http.lib.StaticUserWebFilter$StaticUserFilter) to context static
2020-11-25 02:33:41,004 [Listener at 127.0.0.1/34527] INFO  http.HttpServer2 (HttpServer2.java:bindListener(1237)) - Jetty bound to port 37399
2020-11-25 02:33:41,004 [Listener at 127.0.0.1/34527] INFO  server.Server (Server.java:doStart(375)) - jetty-9.4.34.v20201102; built: 2020-11-02T14:15:39.302Z; git: e46af88704a893fc12cb0e3bf46e2c7b48a009e7; jvm 1.8.0_232-b09
2020-11-25 02:33:41,006 [Listener at 127.0.0.1/34527] INFO  server.session (DefaultSessionIdManager.java:doStart(334)) - DefaultSessionIdManager workerName=node0
2020-11-25 02:33:41,006 [Listener at 127.0.0.1/34527] INFO  server.session (DefaultSessionIdManager.java:doStart(339)) - No SessionScavenger set, using defaults
2020-11-25 02:33:41,006 [Listener at 127.0.0.1/34527] INFO  server.session (HouseKeeper.java:startScavenging(132)) - node0 Scavenging every 660000ms
2020-11-25 02:33:41,006 [Listener at 127.0.0.1/34527] INFO  handler.ContextHandler (ContextHandler.java:doStart(916)) - Started o.e.j.s.ServletContextHandler@757a6386{logs,/logs,file:///github/workspace/mnt/ozone/hadoop-ozone/integration-test/target/log,AVAILABLE}
2020-11-25 02:33:41,007 [Listener at 127.0.0.1/34527] INFO  handler.ContextHandler (ContextHandler.java:doStart(916)) - Started o.e.j.s.ServletContextHandler@7498ee17{static,/static,jar:file:/home/user/.m2/repository/org/apache/hadoop/hadoop-hdds-container-service/1.1.0-SNAPSHOT/hadoop-hdds-container-service-1.1.0-SNAPSHOT.jar!/webapps/static,AVAILABLE}
2020-11-25 02:33:41,142 [Listener at 127.0.0.1/34527] INFO  handler.ContextHandler (ContextHandler.java:doStart(916)) - Started o.e.j.w.WebAppContext@51904c4b{hddsDatanode,/,file:///tmp/jetty-0_0_0_0-37399-hadoop-hdds-container-service-1_1_0-SNAPSHOT_jar-_-any-804620223387067928/webapp/,AVAILABLE}{jar:file:/home/user/.m2/repository/org/apache/hadoop/hadoop-hdds-container-service/1.1.0-SNAPSHOT/hadoop-hdds-container-service-1.1.0-SNAPSHOT.jar!/webapps/hddsDatanode}
2020-11-25 02:33:41,144 [Listener at 127.0.0.1/34527] INFO  server.AbstractConnector (AbstractConnector.java:doStart(331)) - Started ServerConnector@248ad229{HTTP/1.1, (http/1.1)}{0.0.0.0:37399}
2020-11-25 02:33:41,144 [Listener at 127.0.0.1/34527] INFO  server.Server (Server.java:doStart(415)) - Started @44936ms
2020-11-25 02:33:41,144 [Listener at 127.0.0.1/34527] WARN  impl.MetricsSystemImpl (MetricsSystemImpl.java:register(276)) - Sink prometheus already exists!
2020-11-25 02:33:41,148 [Listener at 127.0.0.1/34527] INFO  http.BaseHttpServer (BaseHttpServer.java:updateConnectorAddress(327)) - HTTP server of hddsDatanode listening at http://0.0.0.0:37399
2020-11-25 02:33:41,150 [Listener at 127.0.0.1/34527] INFO  impl.MetricsSystemImpl (MetricsSystemImpl.java:init(158)) - HddsDatanode metrics system started (again)
2020-11-25 02:33:41,153 [Listener at 127.0.0.1/34527] INFO  ozone.HddsDatanodeService (HddsDatanodeService.java:start(217)) - HddsDatanodeService host:3d7159965374 ip:172.17.0.2
2020-11-25 02:33:41,157 [Datanode State Machine Task Thread - 0] INFO  datanode.InitDatanodeState (InitDatanodeState.java:persistContainerDatanodeDetails(145)) - DatanodeDetails is persisted to /github/workspace/mnt/ozone/hadoop-ozone/integration-test/target/test-dir/MiniOzoneClusterImpl-d0d42c39-6fc7-42e8-b6c5-559d28f27a21/datanode-5/meta/datanode.id
2020-11-25 02:33:41,159 [Listener at 127.0.0.1/34527] INFO  volume.HddsVolume (HddsVolume.java:<init>(176)) - Creating Volume: /github/workspace/mnt/ozone/hadoop-ozone/integration-test/target/test-dir/MiniOzoneClusterImpl-d0d42c39-6fc7-42e8-b6c5-559d28f27a21/datanode-6/data-0/containers/hdds of storage type : DISK and capacity : 9223372036854775807
2020-11-25 02:33:41,159 [Listener at 127.0.0.1/34527] INFO  volume.MutableVolumeSet (MutableVolumeSet.java:initializeVolumeSet(179)) - Added Volume : /github/workspace/mnt/ozone/hadoop-ozone/integration-test/target/test-dir/MiniOzoneClusterImpl-d0d42c39-6fc7-42e8-b6c5-559d28f27a21/datanode-6/data-0/containers/hdds to VolumeSet
2020-11-25 02:33:41,159 [Listener at 127.0.0.1/34527] INFO  volume.ThrottledAsyncChecker (ThrottledAsyncChecker.java:schedule(141)) - Scheduling a check for /github/workspace/mnt/ozone/hadoop-ozone/integration-test/target/test-dir/MiniOzoneClusterImpl-d0d42c39-6fc7-42e8-b6c5-559d28f27a21/datanode-6/data-0/containers/hdds
2020-11-25 02:33:41,159 [org.apache.hadoop.util.JvmPauseMonitor$Monitor@68296b11] INFO  util.JvmPauseMonitor (JvmPauseMonitor.java:run(188)) - Starting JVM pause monitor
2020-11-25 02:33:41,160 [Listener at 127.0.0.1/34527] INFO  volume.HddsVolumeChecker (HddsVolumeChecker.java:checkAllVolumes(200)) - Scheduled health check for volume /github/workspace/mnt/ozone/hadoop-ozone/integration-test/target/test-dir/MiniOzoneClusterImpl-d0d42c39-6fc7-42e8-b6c5-559d28f27a21/datanode-6/data-0/containers/hdds
2020-11-25 02:33:41,172 [Thread-557] INFO  ozoneimpl.ContainerReader (ContainerReader.java:readVolume(123)) - Start to verify containers on volume /github/workspace/mnt/ozone/hadoop-ozone/integration-test/target/test-dir/MiniOzoneClusterImpl-d0d42c39-6fc7-42e8-b6c5-559d28f27a21/datanode-6/data-0/containers/hdds
2020-11-25 02:33:41,172 [Thread-557] INFO  ozoneimpl.ContainerReader (ContainerReader.java:readVolume(148)) - Finish verifying containers on volume /github/workspace/mnt/ozone/hadoop-ozone/integration-test/target/test-dir/MiniOzoneClusterImpl-d0d42c39-6fc7-42e8-b6c5-559d28f27a21/datanode-6/data-0/containers/hdds
2020-11-25 02:33:41,172 [Listener at 127.0.0.1/34527] INFO  ozoneimpl.OzoneContainer (OzoneContainer.java:buildContainerSet(194)) - Build ContainerSet costs 0s
2020-11-25 02:33:41,174 [Listener at 127.0.0.1/34527] INFO  impl.RaftServerProxy (ConfUtils.java:logGet(44)) - raft.rpc.type = GRPC (default)
2020-11-25 02:33:41,174 [Listener at 127.0.0.1/34527] INFO  grpc.GrpcFactory (GrpcFactory.java:checkPooledByteBufAllocatorUseCacheForAllThreads(45)) - PERFORMANCE WARNING: useCacheForAllThreads is true that may cause Netty to create a lot garbage objects and, as a result, trigger GC.
	It is recommended to disable useCacheForAllThreads by setting -Dorg.apache.ratis.thirdparty.io.netty.allocator.useCacheForAllThreads=false in command line.
2020-11-25 02:33:41,174 [Listener at 127.0.0.1/34527] INFO  grpc.GrpcConfigKeys (ConfUtils.java:logGet(44)) - raft.grpc.server.port = 0 (default)
2020-11-25 02:33:41,174 [Listener at 127.0.0.1/34527] INFO  server.GrpcService (ConfUtils.java:logGet(44)) - raft.grpc.message.size.max = 32MB (=33554432) (custom)
2020-11-25 02:33:41,174 [Listener at 127.0.0.1/34527] INFO  server.RaftServerConfigKeys (ConfUtils.java:logGet(44)) - raft.server.log.appender.buffer.byte-limit = 33554432 (custom)
2020-11-25 02:33:41,175 [Listener at 127.0.0.1/34527] INFO  server.GrpcService (ConfUtils.java:logGet(44)) - raft.grpc.flow.control.window = 5MB (=5242880) (custom)
2020-11-25 02:33:41,175 [Listener at 127.0.0.1/34527] INFO  server.RaftServerConfigKeys (ConfUtils.java:logGet(44)) - raft.server.rpc.request.timeout = 60s (custom)
2020-11-25 02:33:41,176 [Listener at 127.0.0.1/34527] INFO  impl.DataStreamServerImpl (ConfUtils.java:logGet(44)) - raft.datastream.type = DISABLED (default)
2020-11-25 02:33:41,176 [Listener at 127.0.0.1/34527] INFO  server.RaftServerConfigKeys (ConfUtils.java:logGet(44)) - raft.server.storage.dir = [/github/workspace/mnt/ozone/hadoop-ozone/integration-test/target/test-dir/MiniOzoneClusterImpl-d0d42c39-6fc7-42e8-b6c5-559d28f27a21/datanode-6/data/ratis] (custom)
2020-11-25 02:33:41,180 [Listener at 127.0.0.1/34527] INFO  http.BaseHttpServer (BaseHttpServer.java:newHttpServer2BuilderForOzone(207)) - Starting Web-server for hddsDatanode at: http://0.0.0.0:0
2020-11-25 02:33:41,180 [Listener at 127.0.0.1/34527] INFO  http.BaseHttpServer (BaseHttpServer.java:<init>(106)) - Hadoop Security Enabled: false Ozone Security Enabled: false Ozone HTTP Security Enabled: false 
2020-11-25 02:33:41,181 [Listener at 127.0.0.1/34527] INFO  server.AuthenticationFilter (AuthenticationFilter.java:constructSecretProvider(240)) - Unable to initialize FileSignerSecretProvider, falling back to use random secrets.
2020-11-25 02:33:41,184 [Listener at 127.0.0.1/34527] WARN  http.HttpRequestLog (HttpRequestLog.java:getRequestLog(103)) - Jetty request log can only be enabled using Log4j
2020-11-25 02:33:41,185 [Listener at 127.0.0.1/34527] INFO  http.HttpServer2 (HttpServer2.java:addGlobalFilter(1019)) - Added global filter 'safety' (class=org.apache.hadoop.hdds.server.http.HttpServer2$QuotingInputFilter)
2020-11-25 02:33:41,185 [Listener at 127.0.0.1/34527] INFO  http.HttpServer2 (HttpServer2.java:addFilter(995)) - Added filter static_user_filter (class=org.apache.hadoop.http.lib.StaticUserWebFilter$StaticUserFilter) to context hddsDatanode
2020-11-25 02:33:41,185 [Listener at 127.0.0.1/34527] INFO  http.HttpServer2 (HttpServer2.java:addFilter(1003)) - Added filter static_user_filter (class=org.apache.hadoop.http.lib.StaticUserWebFilter$StaticUserFilter) to context logs
2020-11-25 02:33:41,185 [Listener at 127.0.0.1/34527] INFO  http.HttpServer2 (HttpServer2.java:addFilter(1003)) - Added filter static_user_filter (class=org.apache.hadoop.http.lib.StaticUserWebFilter$StaticUserFilter) to context static
2020-11-25 02:33:41,186 [Listener at 127.0.0.1/34527] INFO  http.HttpServer2 (HttpServer2.java:bindListener(1237)) - Jetty bound to port 44869
2020-11-25 02:33:41,186 [Listener at 127.0.0.1/34527] INFO  server.Server (Server.java:doStart(375)) - jetty-9.4.34.v20201102; built: 2020-11-02T14:15:39.302Z; git: e46af88704a893fc12cb0e3bf46e2c7b48a009e7; jvm 1.8.0_232-b09
2020-11-25 02:33:41,188 [Listener at 127.0.0.1/34527] INFO  server.session (DefaultSessionIdManager.java:doStart(334)) - DefaultSessionIdManager workerName=node0
2020-11-25 02:33:41,188 [Listener at 127.0.0.1/34527] INFO  server.session (DefaultSessionIdManager.java:doStart(339)) - No SessionScavenger set, using defaults
2020-11-25 02:33:41,188 [Listener at 127.0.0.1/34527] INFO  server.session (HouseKeeper.java:startScavenging(132)) - node0 Scavenging every 660000ms
2020-11-25 02:33:41,189 [Listener at 127.0.0.1/34527] INFO  handler.ContextHandler (ContextHandler.java:doStart(916)) - Started o.e.j.s.ServletContextHandler@d3331ab{logs,/logs,file:///github/workspace/mnt/ozone/hadoop-ozone/integration-test/target/log,AVAILABLE}
2020-11-25 02:33:41,189 [Listener at 127.0.0.1/34527] INFO  handler.ContextHandler (ContextHandler.java:doStart(916)) - Started o.e.j.s.ServletContextHandler@44c8e211{static,/static,jar:file:/home/user/.m2/repository/org/apache/hadoop/hadoop-hdds-container-service/1.1.0-SNAPSHOT/hadoop-hdds-container-service-1.1.0-SNAPSHOT.jar!/webapps/static,AVAILABLE}
2020-11-25 02:33:41,324 [Listener at 127.0.0.1/34527] INFO  handler.ContextHandler (ContextHandler.java:doStart(916)) - Started o.e.j.w.WebAppContext@47573e3c{hddsDatanode,/,file:///tmp/jetty-0_0_0_0-44869-hadoop-hdds-container-service-1_1_0-SNAPSHOT_jar-_-any-3506946794008521827/webapp/,AVAILABLE}{jar:file:/home/user/.m2/repository/org/apache/hadoop/hadoop-hdds-container-service/1.1.0-SNAPSHOT/hadoop-hdds-container-service-1.1.0-SNAPSHOT.jar!/webapps/hddsDatanode}
2020-11-25 02:33:41,325 [Listener at 127.0.0.1/34527] INFO  server.AbstractConnector (AbstractConnector.java:doStart(331)) - Started ServerConnector@5ab4565e{HTTP/1.1, (http/1.1)}{0.0.0.0:44869}
2020-11-25 02:33:41,325 [Listener at 127.0.0.1/34527] INFO  server.Server (Server.java:doStart(415)) - Started @45118ms
2020-11-25 02:33:41,325 [Listener at 127.0.0.1/34527] WARN  impl.MetricsSystemImpl (MetricsSystemImpl.java:register(276)) - Sink prometheus already exists!
2020-11-25 02:33:41,328 [Listener at 127.0.0.1/34527] INFO  http.BaseHttpServer (BaseHttpServer.java:updateConnectorAddress(327)) - HTTP server of hddsDatanode listening at http://0.0.0.0:44869
2020-11-25 02:33:41,329 [Listener at 127.0.0.1/34527] INFO  ozone.MiniOzoneClusterImpl (MiniOzoneClusterImpl.java:lambda$waitForClusterToBeReady$0(178)) - Waiting for nodes to be ready. Got 0 of 7 DN Heartbeats.
2020-11-25 02:33:41,329 [Listener at 127.0.0.1/34527] INFO  ozone.MiniOzoneClusterImpl (MiniOzoneClusterImpl.java:lambda$waitForClusterToBeReady$0(181)) - Waiting for cluster to exit safe mode
2020-11-25 02:33:41,336 [org.apache.hadoop.util.JvmPauseMonitor$Monitor@25cb83ee] INFO  util.JvmPauseMonitor (JvmPauseMonitor.java:run(188)) - Starting JVM pause monitor
2020-11-25 02:33:41,338 [Datanode State Machine Task Thread - 0] INFO  datanode.InitDatanodeState (InitDatanodeState.java:persistContainerDatanodeDetails(145)) - DatanodeDetails is persisted to /github/workspace/mnt/ozone/hadoop-ozone/integration-test/target/test-dir/MiniOzoneClusterImpl-d0d42c39-6fc7-42e8-b6c5-559d28f27a21/datanode-6/meta/datanode.id
2020-11-25 02:33:42,215 [EndpointStateMachine task thread for /0.0.0.0:37173 - 0 ] INFO  ozoneimpl.OzoneContainer (OzoneContainer.java:start(243)) - Attempting to start container services.
2020-11-25 02:33:42,215 [EndpointStateMachine task thread for /0.0.0.0:37173 - 0 ] INFO  ozoneimpl.OzoneContainer (OzoneContainer.java:startContainerScrub(207)) - Background container scanner has been disabled.
2020-11-25 02:33:42,215 [EndpointStateMachine task thread for /0.0.0.0:37173 - 0 ] INFO  ratis.XceiverServerRatis (XceiverServerRatis.java:start(456)) - Starting XceiverServerRatis e43fd066-151b-4ea1-913f-b553867c15bd at port 0
2020-11-25 02:33:42,219 [EndpointStateMachine task thread for /0.0.0.0:37173 - 0 ] INFO  impl.RaftServerProxy (RaftServerProxy.java:lambda$start$3(321)) - e43fd066-151b-4ea1-913f-b553867c15bd: start RPC server
2020-11-25 02:33:42,220 [EndpointStateMachine task thread for /0.0.0.0:37173 - 0 ] INFO  server.GrpcService (GrpcService.java:startImpl(177)) - e43fd066-151b-4ea1-913f-b553867c15bd: GrpcService started, listening on 0.0.0.0/0.0.0.0:36745
2020-11-25 02:33:42,220 [EndpointStateMachine task thread for /0.0.0.0:37173 - 0 ] INFO  ratis.XceiverServerRatis (XceiverServerRatis.java:start(468)) - XceiverServerRatis e43fd066-151b-4ea1-913f-b553867c15bd is started using port 36745
2020-11-25 02:33:42,220 [EndpointStateMachine task thread for /0.0.0.0:37173 - 0 ] INFO  server.XceiverServerGrpc (XceiverServerGrpc.java:start(145)) - XceiverServerGrpc e43fd066-151b-4ea1-913f-b553867c15bd is started using port 33541
2020-11-25 02:33:42,221 [org.apache.ratis.server.JvmPauseMonitor@93e3bba-Monitor] INFO  server.RaftServerConfigKeys (ConfUtils.java:logGet(44)) - raft.server.leaderelection.leader.step-down.wait-time = 10s (default)
2020-11-25 02:33:42,221 [org.apache.ratis.server.JvmPauseMonitor@93e3bba-Monitor] INFO  server.RaftServerConfigKeys (ConfUtils.java:logGet(44)) - raft.server.rpc.slowness.timeout = 300s (custom)
2020-11-25 02:33:42,221 [org.apache.ratis.server.JvmPauseMonitor@93e3bba-Monitor] INFO  server.JvmPauseMonitor (JvmPauseMonitor.java:run(129)) - Starting Ratis JVM pause monitor
2020-11-25 02:33:42,330 [Listener at 127.0.0.1/34527] INFO  ozone.MiniOzoneClusterImpl (MiniOzoneClusterImpl.java:lambda$waitForClusterToBeReady$0(178)) - Waiting for nodes to be ready. Got 0 of 7 DN Heartbeats.
2020-11-25 02:33:42,330 [Listener at 127.0.0.1/34527] INFO  ozone.MiniOzoneClusterImpl (MiniOzoneClusterImpl.java:lambda$waitForClusterToBeReady$0(181)) - Waiting for cluster to exit safe mode
2020-11-25 02:33:42,395 [EndpointStateMachine task thread for /0.0.0.0:37173 - 0 ] INFO  ozoneimpl.OzoneContainer (OzoneContainer.java:start(243)) - Attempting to start container services.
2020-11-25 02:33:42,395 [EndpointStateMachine task thread for /0.0.0.0:37173 - 0 ] INFO  ozoneimpl.OzoneContainer (OzoneContainer.java:startContainerScrub(207)) - Background container scanner has been disabled.
2020-11-25 02:33:42,396 [EndpointStateMachine task thread for /0.0.0.0:37173 - 0 ] INFO  ratis.XceiverServerRatis (XceiverServerRatis.java:start(456)) - Starting XceiverServerRatis 1e088f42-7967-4bed-bfe8-98dc90046f57 at port 0
2020-11-25 02:33:42,397 [EndpointStateMachine task thread for /0.0.0.0:37173 - 0 ] INFO  impl.RaftServerProxy (RaftServerProxy.java:lambda$start$3(321)) - 1e088f42-7967-4bed-bfe8-98dc90046f57: start RPC server
2020-11-25 02:33:42,398 [EndpointStateMachine task thread for /0.0.0.0:37173 - 0 ] INFO  server.GrpcService (GrpcService.java:startImpl(177)) - 1e088f42-7967-4bed-bfe8-98dc90046f57: GrpcService started, listening on 0.0.0.0/0.0.0.0:33037
2020-11-25 02:33:42,398 [EndpointStateMachine task thread for /0.0.0.0:37173 - 0 ] INFO  ratis.XceiverServerRatis (XceiverServerRatis.java:start(468)) - XceiverServerRatis 1e088f42-7967-4bed-bfe8-98dc90046f57 is started using port 33037
2020-11-25 02:33:42,398 [org.apache.ratis.server.JvmPauseMonitor@60b0f480-Monitor] INFO  server.RaftServerConfigKeys (ConfUtils.java:logGet(44)) - raft.server.leaderelection.leader.step-down.wait-time = 10s (default)
2020-11-25 02:33:42,399 [org.apache.ratis.server.JvmPauseMonitor@60b0f480-Monitor] INFO  server.RaftServerConfigKeys (ConfUtils.java:logGet(44)) - raft.server.rpc.slowness.timeout = 300s (custom)
2020-11-25 02:33:42,399 [org.apache.ratis.server.JvmPauseMonitor@60b0f480-Monitor] INFO  server.JvmPauseMonitor (JvmPauseMonitor.java:run(129)) - Starting Ratis JVM pause monitor
2020-11-25 02:33:42,399 [EndpointStateMachine task thread for /0.0.0.0:37173 - 0 ] INFO  server.XceiverServerGrpc (XceiverServerGrpc.java:start(145)) - XceiverServerGrpc 1e088f42-7967-4bed-bfe8-98dc90046f57 is started using port 43277
2020-11-25 02:33:42,578 [EndpointStateMachine task thread for /0.0.0.0:37173 - 0 ] INFO  ozoneimpl.OzoneContainer (OzoneContainer.java:start(243)) - Attempting to start container services.
2020-11-25 02:33:42,578 [EndpointStateMachine task thread for /0.0.0.0:37173 - 0 ] INFO  ozoneimpl.OzoneContainer (OzoneContainer.java:startContainerScrub(207)) - Background container scanner has been disabled.
2020-11-25 02:33:42,578 [EndpointStateMachine task thread for /0.0.0.0:37173 - 0 ] INFO  ratis.XceiverServerRatis (XceiverServerRatis.java:start(456)) - Starting XceiverServerRatis b6d97d53-aa91-4e57-a6a4-520098ede0e0 at port 0
2020-11-25 02:33:42,579 [EndpointStateMachine task thread for /0.0.0.0:37173 - 0 ] INFO  impl.RaftServerProxy (RaftServerProxy.java:lambda$start$3(321)) - b6d97d53-aa91-4e57-a6a4-520098ede0e0: start RPC server
2020-11-25 02:33:42,580 [EndpointStateMachine task thread for /0.0.0.0:37173 - 0 ] INFO  server.GrpcService (GrpcService.java:startImpl(177)) - b6d97d53-aa91-4e57-a6a4-520098ede0e0: GrpcService started, listening on 0.0.0.0/0.0.0.0:36527
2020-11-25 02:33:42,580 [EndpointStateMachine task thread for /0.0.0.0:37173 - 0 ] INFO  ratis.XceiverServerRatis (XceiverServerRatis.java:start(468)) - XceiverServerRatis b6d97d53-aa91-4e57-a6a4-520098ede0e0 is started using port 36527
2020-11-25 02:33:42,580 [org.apache.ratis.server.JvmPauseMonitor@1b643258-Monitor] INFO  server.RaftServerConfigKeys (ConfUtils.java:logGet(44)) - raft.server.leaderelection.leader.step-down.wait-time = 10s (default)
2020-11-25 02:33:42,580 [org.apache.ratis.server.JvmPauseMonitor@1b643258-Monitor] INFO  server.RaftServerConfigKeys (ConfUtils.java:logGet(44)) - raft.server.rpc.slowness.timeout = 300s (custom)
2020-11-25 02:33:42,588 [org.apache.ratis.server.JvmPauseMonitor@1b643258-Monitor] INFO  server.JvmPauseMonitor (JvmPauseMonitor.java:run(129)) - Starting Ratis JVM pause monitor
2020-11-25 02:33:42,588 [EndpointStateMachine task thread for /0.0.0.0:37173 - 0 ] INFO  server.XceiverServerGrpc (XceiverServerGrpc.java:start(145)) - XceiverServerGrpc b6d97d53-aa91-4e57-a6a4-520098ede0e0 is started using port 34667
2020-11-25 02:33:42,807 [EndpointStateMachine task thread for /0.0.0.0:37173 - 0 ] INFO  ozoneimpl.OzoneContainer (OzoneContainer.java:start(243)) - Attempting to start container services.
2020-11-25 02:33:42,807 [EndpointStateMachine task thread for /0.0.0.0:37173 - 0 ] INFO  ozoneimpl.OzoneContainer (OzoneContainer.java:startContainerScrub(207)) - Background container scanner has been disabled.
2020-11-25 02:33:42,808 [EndpointStateMachine task thread for /0.0.0.0:37173 - 0 ] INFO  ratis.XceiverServerRatis (XceiverServerRatis.java:start(456)) - Starting XceiverServerRatis cb5b50a0-f55f-4fdb-9d24-2575d150ae34 at port 0
2020-11-25 02:33:42,808 [EndpointStateMachine task thread for /0.0.0.0:37173 - 0 ] INFO  impl.RaftServerProxy (RaftServerProxy.java:lambda$start$3(321)) - cb5b50a0-f55f-4fdb-9d24-2575d150ae34: start RPC server
2020-11-25 02:33:42,809 [EndpointStateMachine task thread for /0.0.0.0:37173 - 0 ] INFO  server.GrpcService (GrpcService.java:startImpl(177)) - cb5b50a0-f55f-4fdb-9d24-2575d150ae34: GrpcService started, listening on 0.0.0.0/0.0.0.0:39075
2020-11-25 02:33:42,809 [EndpointStateMachine task thread for /0.0.0.0:37173 - 0 ] INFO  ratis.XceiverServerRatis (XceiverServerRatis.java:start(468)) - XceiverServerRatis cb5b50a0-f55f-4fdb-9d24-2575d150ae34 is started using port 39075
2020-11-25 02:33:42,810 [EndpointStateMachine task thread for /0.0.0.0:37173 - 0 ] INFO  server.XceiverServerGrpc (XceiverServerGrpc.java:start(145)) - XceiverServerGrpc cb5b50a0-f55f-4fdb-9d24-2575d150ae34 is started using port 44341
2020-11-25 02:33:42,810 [org.apache.ratis.server.JvmPauseMonitor@8a8790a-Monitor] INFO  server.RaftServerConfigKeys (ConfUtils.java:logGet(44)) - raft.server.leaderelection.leader.step-down.wait-time = 10s (default)
2020-11-25 02:33:42,810 [org.apache.ratis.server.JvmPauseMonitor@8a8790a-Monitor] INFO  server.RaftServerConfigKeys (ConfUtils.java:logGet(44)) - raft.server.rpc.slowness.timeout = 300s (custom)
2020-11-25 02:33:42,810 [org.apache.ratis.server.JvmPauseMonitor@8a8790a-Monitor] INFO  server.JvmPauseMonitor (JvmPauseMonitor.java:run(129)) - Starting Ratis JVM pause monitor
2020-11-25 02:33:42,978 [EndpointStateMachine task thread for /0.0.0.0:37173 - 0 ] INFO  ozoneimpl.OzoneContainer (OzoneContainer.java:start(243)) - Attempting to start container services.
2020-11-25 02:33:42,978 [EndpointStateMachine task thread for /0.0.0.0:37173 - 0 ] INFO  ozoneimpl.OzoneContainer (OzoneContainer.java:startContainerScrub(207)) - Background container scanner has been disabled.
2020-11-25 02:33:42,978 [EndpointStateMachine task thread for /0.0.0.0:37173 - 0 ] INFO  ratis.XceiverServerRatis (XceiverServerRatis.java:start(456)) - Starting XceiverServerRatis 74fe976e-ba5c-47a6-8181-a40142644b6d at port 0
2020-11-25 02:33:42,978 [EndpointStateMachine task thread for /0.0.0.0:37173 - 0 ] INFO  impl.RaftServerProxy (RaftServerProxy.java:lambda$start$3(321)) - 74fe976e-ba5c-47a6-8181-a40142644b6d: start RPC server
2020-11-25 02:33:42,979 [EndpointStateMachine task thread for /0.0.0.0:37173 - 0 ] INFO  server.GrpcService (GrpcService.java:startImpl(177)) - 74fe976e-ba5c-47a6-8181-a40142644b6d: GrpcService started, listening on 0.0.0.0/0.0.0.0:37871
2020-11-25 02:33:42,980 [EndpointStateMachine task thread for /0.0.0.0:37173 - 0 ] INFO  ratis.XceiverServerRatis (XceiverServerRatis.java:start(468)) - XceiverServerRatis 74fe976e-ba5c-47a6-8181-a40142644b6d is started using port 37871
2020-11-25 02:33:42,980 [org.apache.ratis.server.JvmPauseMonitor@70131751-Monitor] INFO  server.RaftServerConfigKeys (ConfUtils.java:logGet(44)) - raft.server.leaderelection.leader.step-down.wait-time = 10s (default)
2020-11-25 02:33:42,981 [org.apache.ratis.server.JvmPauseMonitor@70131751-Monitor] INFO  server.RaftServerConfigKeys (ConfUtils.java:logGet(44)) - raft.server.rpc.slowness.timeout = 300s (custom)
2020-11-25 02:33:42,981 [org.apache.ratis.server.JvmPauseMonitor@70131751-Monitor] INFO  server.JvmPauseMonitor (JvmPauseMonitor.java:run(129)) - Starting Ratis JVM pause monitor
2020-11-25 02:33:42,981 [EndpointStateMachine task thread for /0.0.0.0:37173 - 0 ] INFO  server.XceiverServerGrpc (XceiverServerGrpc.java:start(145)) - XceiverServerGrpc 74fe976e-ba5c-47a6-8181-a40142644b6d is started using port 36083
2020-11-25 02:33:43,160 [EndpointStateMachine task thread for /0.0.0.0:37173 - 0 ] INFO  ozoneimpl.OzoneContainer (OzoneContainer.java:start(243)) - Attempting to start container services.
2020-11-25 02:33:43,160 [EndpointStateMachine task thread for /0.0.0.0:37173 - 0 ] INFO  ozoneimpl.OzoneContainer (OzoneContainer.java:startContainerScrub(207)) - Background container scanner has been disabled.
2020-11-25 02:33:43,161 [EndpointStateMachine task thread for /0.0.0.0:37173 - 0 ] INFO  ratis.XceiverServerRatis (XceiverServerRatis.java:start(456)) - Starting XceiverServerRatis 11f4bacd-ce3e-419e-997b-c311db6228e0 at port 0
2020-11-25 02:33:43,161 [EndpointStateMachine task thread for /0.0.0.0:37173 - 0 ] INFO  impl.RaftServerProxy (RaftServerProxy.java:lambda$start$3(321)) - 11f4bacd-ce3e-419e-997b-c311db6228e0: start RPC server
2020-11-25 02:33:43,162 [EndpointStateMachine task thread for /0.0.0.0:37173 - 0 ] INFO  server.GrpcService (GrpcService.java:startImpl(177)) - 11f4bacd-ce3e-419e-997b-c311db6228e0: GrpcService started, listening on 0.0.0.0/0.0.0.0:36255
2020-11-25 02:33:43,162 [EndpointStateMachine task thread for /0.0.0.0:37173 - 0 ] INFO  ratis.XceiverServerRatis (XceiverServerRatis.java:start(468)) - XceiverServerRatis 11f4bacd-ce3e-419e-997b-c311db6228e0 is started using port 36255
2020-11-25 02:33:43,162 [EndpointStateMachine task thread for /0.0.0.0:37173 - 0 ] INFO  server.XceiverServerGrpc (XceiverServerGrpc.java:start(145)) - XceiverServerGrpc 11f4bacd-ce3e-419e-997b-c311db6228e0 is started using port 32955
2020-11-25 02:33:43,165 [org.apache.ratis.server.JvmPauseMonitor@5b2d5ffc-Monitor] INFO  server.RaftServerConfigKeys (ConfUtils.java:logGet(44)) - raft.server.leaderelection.leader.step-down.wait-time = 10s (default)
2020-11-25 02:33:43,165 [org.apache.ratis.server.JvmPauseMonitor@5b2d5ffc-Monitor] INFO  server.RaftServerConfigKeys (ConfUtils.java:logGet(44)) - raft.server.rpc.slowness.timeout = 300s (custom)
2020-11-25 02:33:43,165 [org.apache.ratis.server.JvmPauseMonitor@5b2d5ffc-Monitor] INFO  server.JvmPauseMonitor (JvmPauseMonitor.java:run(129)) - Starting Ratis JVM pause monitor
2020-11-25 02:33:43,330 [Listener at 127.0.0.1/34527] INFO  ozone.MiniOzoneClusterImpl (MiniOzoneClusterImpl.java:lambda$waitForClusterToBeReady$0(178)) - Waiting for nodes to be ready. Got 0 of 7 DN Heartbeats.
2020-11-25 02:33:43,330 [Listener at 127.0.0.1/34527] INFO  ozone.MiniOzoneClusterImpl (MiniOzoneClusterImpl.java:lambda$waitForClusterToBeReady$0(181)) - Waiting for cluster to exit safe mode
2020-11-25 02:33:43,339 [EndpointStateMachine task thread for /0.0.0.0:37173 - 0 ] INFO  ozoneimpl.OzoneContainer (OzoneContainer.java:start(243)) - Attempting to start container services.
2020-11-25 02:33:43,339 [EndpointStateMachine task thread for /0.0.0.0:37173 - 0 ] INFO  ozoneimpl.OzoneContainer (OzoneContainer.java:startContainerScrub(207)) - Background container scanner has been disabled.
2020-11-25 02:33:43,339 [EndpointStateMachine task thread for /0.0.0.0:37173 - 0 ] INFO  ratis.XceiverServerRatis (XceiverServerRatis.java:start(456)) - Starting XceiverServerRatis 57b917c9-e56d-4891-b77d-d7ae8505e2a5 at port 0
2020-11-25 02:33:43,339 [EndpointStateMachine task thread for /0.0.0.0:37173 - 0 ] INFO  impl.RaftServerProxy (RaftServerProxy.java:lambda$start$3(321)) - 57b917c9-e56d-4891-b77d-d7ae8505e2a5: start RPC server
2020-11-25 02:33:43,340 [EndpointStateMachine task thread for /0.0.0.0:37173 - 0 ] INFO  server.GrpcService (GrpcService.java:startImpl(177)) - 57b917c9-e56d-4891-b77d-d7ae8505e2a5: GrpcService started, listening on 0.0.0.0/0.0.0.0:36967
2020-11-25 02:33:43,340 [EndpointStateMachine task thread for /0.0.0.0:37173 - 0 ] INFO  ratis.XceiverServerRatis (XceiverServerRatis.java:start(468)) - XceiverServerRatis 57b917c9-e56d-4891-b77d-d7ae8505e2a5 is started using port 36967
2020-11-25 02:33:43,341 [org.apache.ratis.server.JvmPauseMonitor@741d3c23-Monitor] INFO  server.RaftServerConfigKeys (ConfUtils.java:logGet(44)) - raft.server.leaderelection.leader.step-down.wait-time = 10s (default)
2020-11-25 02:33:43,341 [EndpointStateMachine task thread for /0.0.0.0:37173 - 0 ] INFO  server.XceiverServerGrpc (XceiverServerGrpc.java:start(145)) - XceiverServerGrpc 57b917c9-e56d-4891-b77d-d7ae8505e2a5 is started using port 43651
2020-11-25 02:33:43,341 [org.apache.ratis.server.JvmPauseMonitor@741d3c23-Monitor] INFO  server.RaftServerConfigKeys (ConfUtils.java:logGet(44)) - raft.server.rpc.slowness.timeout = 300s (custom)
2020-11-25 02:33:43,341 [org.apache.ratis.server.JvmPauseMonitor@741d3c23-Monitor] INFO  server.JvmPauseMonitor (JvmPauseMonitor.java:run(129)) - Starting Ratis JVM pause monitor
2020-11-25 02:33:44,210 [IPC Server handler 2 on default port 37173] INFO  net.NetworkTopologyImpl (NetworkTopologyImpl.java:add(111)) - Added a new node: /default-rack/e43fd066-151b-4ea1-913f-b553867c15bd
2020-11-25 02:33:44,211 [IPC Server handler 2 on default port 37173] INFO  node.SCMNodeManager (SCMNodeManager.java:register(282)) - Registered Data node : e43fd066-151b-4ea1-913f-b553867c15bd{ip: 172.17.0.2, host: 3d7159965374, networkLocation: /default-rack, certSerialId: null}
2020-11-25 02:33:44,212 [RatisPipelineUtilsThread] INFO  pipeline.RatisPipelineProvider (RatisPipelineProvider.java:lambda$create$0(161)) - Sending CreatePipelineCommand for pipeline:PipelineID=48981fdd-8b62-419c-b82a-11890950a593 to datanode:e43fd066-151b-4ea1-913f-b553867c15bd
2020-11-25 02:33:44,212 [EventQueue-NodeRegistrationContainerReportForContainerSafeModeRule] INFO  safemode.SCMSafeModeManager (SCMSafeModeManager.java:validateSafeModeExitRules(214)) - ContainerSafeModeRule rule is successfully validated
2020-11-25 02:33:44,213 [EventQueue-NodeRegistrationContainerReportForDataNodeSafeModeRule] INFO  safemode.SCMSafeModeManager (DataNodeSafeModeRule.java:process(71)) - SCM in safe mode. 1 DataNodes registered, 1 required.
2020-11-25 02:33:44,213 [RatisPipelineUtilsThread] INFO  pipeline.PipelineStateManager (PipelineStateManager.java:addPipeline(54)) - Created pipeline Pipeline[ Id: 48981fdd-8b62-419c-b82a-11890950a593, Nodes: e43fd066-151b-4ea1-913f-b553867c15bd{ip: 172.17.0.2, host: 3d7159965374, networkLocation: /default-rack, certSerialId: null}, Type:RATIS, Factor:ONE, State:ALLOCATED, leaderId:, CreationTimestamp2020-11-25T02:33:44.212Z]
2020-11-25 02:33:44,214 [EventQueue-NodeRegistrationContainerReportForDataNodeSafeModeRule] INFO  safemode.SCMSafeModeManager (SCMSafeModeManager.java:validateSafeModeExitRules(214)) - DataNodeSafeModeRule rule is successfully validated
2020-11-25 02:33:44,215 [EventQueue-NodeRegistrationContainerReportForDataNodeSafeModeRule] INFO  safemode.SCMSafeModeManager (SCMSafeModeManager.java:completePreCheck(242)) - All SCM safe mode pre check rules have passed
2020-11-25 02:33:44,215 [RatisPipelineUtilsThread] WARN  pipeline.PipelinePlacementPolicy (PipelinePlacementPolicy.java:filterViableNodes(138)) - Pipeline creation failed due to no sufficient healthy datanodes. Required 3. Found 1.
2020-11-25 02:33:44,215 [EventQueue-PipelineReportForOneReplicaPipelineSafeModeRule] INFO  safemode.SCMSafeModeManager (SCMSafeModeManager.java:validateSafeModeExitRules(214)) - AtleastOneDatanodeReportedRule rule is successfully validated
2020-11-25 02:33:44,331 [Listener at 127.0.0.1/34527] INFO  ozone.MiniOzoneClusterImpl (MiniOzoneClusterImpl.java:lambda$waitForClusterToBeReady$0(178)) - Waiting for nodes to be ready. Got 1 of 7 DN Heartbeats.
2020-11-25 02:33:44,331 [Listener at 127.0.0.1/34527] INFO  ozone.MiniOzoneClusterImpl (MiniOzoneClusterImpl.java:lambda$waitForClusterToBeReady$0(181)) - Waiting for cluster to exit safe mode
2020-11-25 02:33:44,393 [IPC Server handler 3 on default port 37173] INFO  net.NetworkTopologyImpl (NetworkTopologyImpl.java:add(111)) - Added a new node: /default-rack/1e088f42-7967-4bed-bfe8-98dc90046f57
2020-11-25 02:33:44,393 [IPC Server handler 3 on default port 37173] INFO  node.SCMNodeManager (SCMNodeManager.java:register(282)) - Registered Data node : 1e088f42-7967-4bed-bfe8-98dc90046f57{ip: 172.17.0.2, host: 3d7159965374, networkLocation: /default-rack, certSerialId: null}
2020-11-25 02:33:44,394 [EventQueue-NodeRegistrationContainerReportForDataNodeSafeModeRule] INFO  safemode.SCMSafeModeManager (SCMSafeModeManager.java:validateSafeModeExitRules(214)) - DataNodeSafeModeRule rule is successfully validated
2020-11-25 02:33:44,394 [EventQueue-PipelineReportForOneReplicaPipelineSafeModeRule] INFO  safemode.SCMSafeModeManager (SCMSafeModeManager.java:validateSafeModeExitRules(214)) - AtleastOneDatanodeReportedRule rule is successfully validated
2020-11-25 02:33:44,394 [RatisPipelineUtilsThread] INFO  pipeline.RatisPipelineProvider (RatisPipelineProvider.java:lambda$create$0(161)) - Sending CreatePipelineCommand for pipeline:PipelineID=529596ef-2325-4a83-b9d0-2605d3f5949c to datanode:1e088f42-7967-4bed-bfe8-98dc90046f57
2020-11-25 02:33:44,395 [RatisPipelineUtilsThread] INFO  pipeline.PipelineStateManager (PipelineStateManager.java:addPipeline(54)) - Created pipeline Pipeline[ Id: 529596ef-2325-4a83-b9d0-2605d3f5949c, Nodes: 1e088f42-7967-4bed-bfe8-98dc90046f57{ip: 172.17.0.2, host: 3d7159965374, networkLocation: /default-rack, certSerialId: null}, Type:RATIS, Factor:ONE, State:ALLOCATED, leaderId:, CreationTimestamp2020-11-25T02:33:44.394Z]
2020-11-25 02:33:44,395 [RatisPipelineUtilsThread] WARN  pipeline.PipelinePlacementPolicy (PipelinePlacementPolicy.java:filterViableNodes(138)) - Pipeline creation failed due to no sufficient healthy datanodes. Required 3. Found 2.
2020-11-25 02:33:44,395 [EventQueue-NodeRegistrationContainerReportForContainerSafeModeRule] INFO  safemode.SCMSafeModeManager (SCMSafeModeManager.java:validateSafeModeExitRules(214)) - ContainerSafeModeRule rule is successfully validated
2020-11-25 02:33:44,574 [IPC Server handler 4 on default port 37173] INFO  net.NetworkTopologyImpl (NetworkTopologyImpl.java:add(111)) - Added a new node: /default-rack/b6d97d53-aa91-4e57-a6a4-520098ede0e0
2020-11-25 02:33:44,574 [IPC Server handler 4 on default port 37173] INFO  node.SCMNodeManager (SCMNodeManager.java:register(282)) - Registered Data node : b6d97d53-aa91-4e57-a6a4-520098ede0e0{ip: 172.17.0.2, host: 3d7159965374, networkLocation: /default-rack, certSerialId: null}
2020-11-25 02:33:44,574 [RatisPipelineUtilsThread] INFO  pipeline.RatisPipelineProvider (RatisPipelineProvider.java:lambda$create$0(161)) - Sending CreatePipelineCommand for pipeline:PipelineID=ec9e71af-db77-430e-8e33-45a55ef751b1 to datanode:b6d97d53-aa91-4e57-a6a4-520098ede0e0
2020-11-25 02:33:44,575 [RatisPipelineUtilsThread] INFO  pipeline.PipelineStateManager (PipelineStateManager.java:addPipeline(54)) - Created pipeline Pipeline[ Id: ec9e71af-db77-430e-8e33-45a55ef751b1, Nodes: b6d97d53-aa91-4e57-a6a4-520098ede0e0{ip: 172.17.0.2, host: 3d7159965374, networkLocation: /default-rack, certSerialId: null}, Type:RATIS, Factor:ONE, State:ALLOCATED, leaderId:, CreationTimestamp2020-11-25T02:33:44.574Z]
2020-11-25 02:33:44,575 [RatisPipelineUtilsThread] INFO  pipeline.RatisPipelineProvider (RatisPipelineProvider.java:lambda$create$0(161)) - Sending CreatePipelineCommand for pipeline:PipelineID=7f279ace-28f5-42a0-8910-df9db24d4d4f to datanode:b6d97d53-aa91-4e57-a6a4-520098ede0e0
2020-11-25 02:33:44,575 [RatisPipelineUtilsThread] INFO  pipeline.RatisPipelineProvider (RatisPipelineProvider.java:lambda$create$0(161)) - Sending CreatePipelineCommand for pipeline:PipelineID=7f279ace-28f5-42a0-8910-df9db24d4d4f to datanode:1e088f42-7967-4bed-bfe8-98dc90046f57
2020-11-25 02:33:44,575 [RatisPipelineUtilsThread] INFO  pipeline.RatisPipelineProvider (RatisPipelineProvider.java:lambda$create$0(161)) - Sending CreatePipelineCommand for pipeline:PipelineID=7f279ace-28f5-42a0-8910-df9db24d4d4f to datanode:e43fd066-151b-4ea1-913f-b553867c15bd
2020-11-25 02:33:44,575 [EventQueue-PipelineReportForOneReplicaPipelineSafeModeRule] INFO  safemode.SCMSafeModeManager (SCMSafeModeManager.java:validateSafeModeExitRules(214)) - AtleastOneDatanodeReportedRule rule is successfully validated
2020-11-25 02:33:44,575 [RatisPipelineUtilsThread] INFO  pipeline.PipelineStateManager (PipelineStateManager.java:addPipeline(54)) - Created pipeline Pipeline[ Id: 7f279ace-28f5-42a0-8910-df9db24d4d4f, Nodes: b6d97d53-aa91-4e57-a6a4-520098ede0e0{ip: 172.17.0.2, host: 3d7159965374, networkLocation: /default-rack, certSerialId: null}1e088f42-7967-4bed-bfe8-98dc90046f57{ip: 172.17.0.2, host: 3d7159965374, networkLocation: /default-rack, certSerialId: null}e43fd066-151b-4ea1-913f-b553867c15bd{ip: 172.17.0.2, host: 3d7159965374, networkLocation: /default-rack, certSerialId: null}, Type:RATIS, Factor:THREE, State:ALLOCATED, leaderId:, CreationTimestamp2020-11-25T02:33:44.575Z]
2020-11-25 02:33:44,575 [EventQueue-NodeRegistrationContainerReportForDataNodeSafeModeRule] INFO  safemode.SCMSafeModeManager (SCMSafeModeManager.java:validateSafeModeExitRules(214)) - DataNodeSafeModeRule rule is successfully validated
2020-11-25 02:33:44,576 [EventQueue-NodeRegistrationContainerReportForContainerSafeModeRule] INFO  safemode.SCMSafeModeManager (SCMSafeModeManager.java:validateSafeModeExitRules(214)) - ContainerSafeModeRule rule is successfully validated
2020-11-25 02:33:44,807 [IPC Server handler 5 on default port 37173] INFO  net.NetworkTopologyImpl (NetworkTopologyImpl.java:add(111)) - Added a new node: /default-rack/cb5b50a0-f55f-4fdb-9d24-2575d150ae34
2020-11-25 02:33:44,807 [IPC Server handler 5 on default port 37173] INFO  node.SCMNodeManager (SCMNodeManager.java:register(282)) - Registered Data node : cb5b50a0-f55f-4fdb-9d24-2575d150ae34{ip: 172.17.0.2, host: 3d7159965374, networkLocation: /default-rack, certSerialId: null}
2020-11-25 02:33:44,807 [EventQueue-PipelineReportForOneReplicaPipelineSafeModeRule] INFO  safemode.SCMSafeModeManager (SCMSafeModeManager.java:validateSafeModeExitRules(214)) - AtleastOneDatanodeReportedRule rule is successfully validated
2020-11-25 02:33:44,807 [EventQueue-NodeRegistrationContainerReportForDataNodeSafeModeRule] INFO  safemode.SCMSafeModeManager (SCMSafeModeManager.java:validateSafeModeExitRules(214)) - DataNodeSafeModeRule rule is successfully validated
2020-11-25 02:33:44,808 [EventQueue-NodeRegistrationContainerReportForContainerSafeModeRule] INFO  safemode.SCMSafeModeManager (SCMSafeModeManager.java:validateSafeModeExitRules(214)) - ContainerSafeModeRule rule is successfully validated
2020-11-25 02:33:44,808 [RatisPipelineUtilsThread] INFO  pipeline.RatisPipelineProvider (RatisPipelineProvider.java:lambda$create$0(161)) - Sending CreatePipelineCommand for pipeline:PipelineID=5c55f74b-3319-4c7e-b52b-eee74dbd23d6 to datanode:cb5b50a0-f55f-4fdb-9d24-2575d150ae34
2020-11-25 02:33:44,808 [RatisPipelineUtilsThread] INFO  pipeline.PipelineStateManager (PipelineStateManager.java:addPipeline(54)) - Created pipeline Pipeline[ Id: 5c55f74b-3319-4c7e-b52b-eee74dbd23d6, Nodes: cb5b50a0-f55f-4fdb-9d24-2575d150ae34{ip: 172.17.0.2, host: 3d7159965374, networkLocation: /default-rack, certSerialId: null}, Type:RATIS, Factor:ONE, State:ALLOCATED, leaderId:, CreationTimestamp2020-11-25T02:33:44.808Z]
2020-11-25 02:33:44,977 [IPC Server handler 0 on default port 37173] INFO  net.NetworkTopologyImpl (NetworkTopologyImpl.java:add(111)) - Added a new node: /default-rack/74fe976e-ba5c-47a6-8181-a40142644b6d
2020-11-25 02:33:44,977 [IPC Server handler 0 on default port 37173] INFO  node.SCMNodeManager (SCMNodeManager.java:register(282)) - Registered Data node : 74fe976e-ba5c-47a6-8181-a40142644b6d{ip: 172.17.0.2, host: 3d7159965374, networkLocation: /default-rack, certSerialId: null}
2020-11-25 02:33:44,977 [EventQueue-PipelineReportForOneReplicaPipelineSafeModeRule] INFO  safemode.SCMSafeModeManager (SCMSafeModeManager.java:validateSafeModeExitRules(214)) - AtleastOneDatanodeReportedRule rule is successfully validated
2020-11-25 02:33:44,977 [RatisPipelineUtilsThread] INFO  pipeline.RatisPipelineProvider (RatisPipelineProvider.java:lambda$create$0(161)) - Sending CreatePipelineCommand for pipeline:PipelineID=23dac198-40f8-41f6-9960-2b5461a4d1a9 to datanode:74fe976e-ba5c-47a6-8181-a40142644b6d
2020-11-25 02:33:44,978 [EventQueue-NodeRegistrationContainerReportForDataNodeSafeModeRule] INFO  safemode.SCMSafeModeManager (SCMSafeModeManager.java:validateSafeModeExitRules(214)) - DataNodeSafeModeRule rule is successfully validated
2020-11-25 02:33:44,978 [EventQueue-NodeRegistrationContainerReportForContainerSafeModeRule] INFO  safemode.SCMSafeModeManager (SCMSafeModeManager.java:validateSafeModeExitRules(214)) - ContainerSafeModeRule rule is successfully validated
2020-11-25 02:33:44,978 [RatisPipelineUtilsThread] INFO  pipeline.PipelineStateManager (PipelineStateManager.java:addPipeline(54)) - Created pipeline Pipeline[ Id: 23dac198-40f8-41f6-9960-2b5461a4d1a9, Nodes: 74fe976e-ba5c-47a6-8181-a40142644b6d{ip: 172.17.0.2, host: 3d7159965374, networkLocation: /default-rack, certSerialId: null}, Type:RATIS, Factor:ONE, State:ALLOCATED, leaderId:, CreationTimestamp2020-11-25T02:33:44.977Z]
2020-11-25 02:33:45,158 [IPC Server handler 1 on default port 37173] INFO  net.NetworkTopologyImpl (NetworkTopologyImpl.java:add(111)) - Added a new node: /default-rack/11f4bacd-ce3e-419e-997b-c311db6228e0
2020-11-25 02:33:45,159 [IPC Server handler 1 on default port 37173] INFO  node.SCMNodeManager (SCMNodeManager.java:register(282)) - Registered Data node : 11f4bacd-ce3e-419e-997b-c311db6228e0{ip: 172.17.0.2, host: 3d7159965374, networkLocation: /default-rack, certSerialId: null}
2020-11-25 02:33:45,159 [RatisPipelineUtilsThread] INFO  pipeline.RatisPipelineProvider (RatisPipelineProvider.java:lambda$create$0(161)) - Sending CreatePipelineCommand for pipeline:PipelineID=41a1f711-6daa-4647-b6b7-fee2b9f80cab to datanode:11f4bacd-ce3e-419e-997b-c311db6228e0
2020-11-25 02:33:45,159 [EventQueue-NodeRegistrationContainerReportForContainerSafeModeRule] INFO  safemode.SCMSafeModeManager (SCMSafeModeManager.java:validateSafeModeExitRules(214)) - ContainerSafeModeRule rule is successfully validated
2020-11-25 02:33:45,159 [EventQueue-PipelineReportForOneReplicaPipelineSafeModeRule] INFO  safemode.SCMSafeModeManager (SCMSafeModeManager.java:validateSafeModeExitRules(214)) - AtleastOneDatanodeReportedRule rule is successfully validated
2020-11-25 02:33:45,159 [EventQueue-NodeRegistrationContainerReportForDataNodeSafeModeRule] INFO  safemode.SCMSafeModeManager (SCMSafeModeManager.java:validateSafeModeExitRules(214)) - DataNodeSafeModeRule rule is successfully validated
2020-11-25 02:33:45,159 [RatisPipelineUtilsThread] INFO  pipeline.PipelineStateManager (PipelineStateManager.java:addPipeline(54)) - Created pipeline Pipeline[ Id: 41a1f711-6daa-4647-b6b7-fee2b9f80cab, Nodes: 11f4bacd-ce3e-419e-997b-c311db6228e0{ip: 172.17.0.2, host: 3d7159965374, networkLocation: /default-rack, certSerialId: null}, Type:RATIS, Factor:ONE, State:ALLOCATED, leaderId:, CreationTimestamp2020-11-25T02:33:45.159Z]
2020-11-25 02:33:45,160 [RatisPipelineUtilsThread] INFO  pipeline.RatisPipelineProvider (RatisPipelineProvider.java:lambda$create$0(161)) - Sending CreatePipelineCommand for pipeline:PipelineID=17df147c-491d-4836-abac-1eb6a76b5eac to datanode:11f4bacd-ce3e-419e-997b-c311db6228e0
2020-11-25 02:33:45,160 [RatisPipelineUtilsThread] INFO  pipeline.RatisPipelineProvider (RatisPipelineProvider.java:lambda$create$0(161)) - Sending CreatePipelineCommand for pipeline:PipelineID=17df147c-491d-4836-abac-1eb6a76b5eac to datanode:74fe976e-ba5c-47a6-8181-a40142644b6d
2020-11-25 02:33:45,160 [RatisPipelineUtilsThread] INFO  pipeline.RatisPipelineProvider (RatisPipelineProvider.java:lambda$create$0(161)) - Sending CreatePipelineCommand for pipeline:PipelineID=17df147c-491d-4836-abac-1eb6a76b5eac to datanode:cb5b50a0-f55f-4fdb-9d24-2575d150ae34
2020-11-25 02:33:45,160 [RatisPipelineUtilsThread] INFO  pipeline.PipelineStateManager (PipelineStateManager.java:addPipeline(54)) - Created pipeline Pipeline[ Id: 17df147c-491d-4836-abac-1eb6a76b5eac, Nodes: 11f4bacd-ce3e-419e-997b-c311db6228e0{ip: 172.17.0.2, host: 3d7159965374, networkLocation: /default-rack, certSerialId: null}74fe976e-ba5c-47a6-8181-a40142644b6d{ip: 172.17.0.2, host: 3d7159965374, networkLocation: /default-rack, certSerialId: null}cb5b50a0-f55f-4fdb-9d24-2575d150ae34{ip: 172.17.0.2, host: 3d7159965374, networkLocation: /default-rack, certSerialId: null}, Type:RATIS, Factor:THREE, State:ALLOCATED, leaderId:, CreationTimestamp2020-11-25T02:33:45.160Z]
2020-11-25 02:33:45,331 [Listener at 127.0.0.1/34527] INFO  ozone.MiniOzoneClusterImpl (MiniOzoneClusterImpl.java:lambda$waitForClusterToBeReady$0(178)) - Waiting for nodes to be ready. Got 6 of 7 DN Heartbeats.
2020-11-25 02:33:45,332 [Listener at 127.0.0.1/34527] INFO  ozone.MiniOzoneClusterImpl (MiniOzoneClusterImpl.java:lambda$waitForClusterToBeReady$0(181)) - Waiting for cluster to exit safe mode
2020-11-25 02:33:45,338 [IPC Server handler 3 on default port 37173] INFO  net.NetworkTopologyImpl (NetworkTopologyImpl.java:add(111)) - Added a new node: /default-rack/57b917c9-e56d-4891-b77d-d7ae8505e2a5
2020-11-25 02:33:45,339 [IPC Server handler 3 on default port 37173] INFO  node.SCMNodeManager (SCMNodeManager.java:register(282)) - Registered Data node : 57b917c9-e56d-4891-b77d-d7ae8505e2a5{ip: 172.17.0.2, host: 3d7159965374, networkLocation: /default-rack, certSerialId: null}
2020-11-25 02:33:45,340 [EventQueue-NodeRegistrationContainerReportForContainerSafeModeRule] INFO  safemode.SCMSafeModeManager (SCMSafeModeManager.java:validateSafeModeExitRules(214)) - ContainerSafeModeRule rule is successfully validated
2020-11-25 02:33:45,340 [EventQueue-NodeRegistrationContainerReportForDataNodeSafeModeRule] INFO  safemode.SCMSafeModeManager (SCMSafeModeManager.java:validateSafeModeExitRules(214)) - DataNodeSafeModeRule rule is successfully validated
2020-11-25 02:33:45,340 [EventQueue-PipelineReportForOneReplicaPipelineSafeModeRule] INFO  safemode.SCMSafeModeManager (SCMSafeModeManager.java:validateSafeModeExitRules(214)) - AtleastOneDatanodeReportedRule rule is successfully validated
2020-11-25 02:33:45,340 [RatisPipelineUtilsThread] INFO  pipeline.RatisPipelineProvider (RatisPipelineProvider.java:lambda$create$0(161)) - Sending CreatePipelineCommand for pipeline:PipelineID=f3c87e3a-bc71-4398-818a-b5f515bb86f2 to datanode:57b917c9-e56d-4891-b77d-d7ae8505e2a5
2020-11-25 02:33:45,341 [RatisPipelineUtilsThread] INFO  pipeline.PipelineStateManager (PipelineStateManager.java:addPipeline(54)) - Created pipeline Pipeline[ Id: f3c87e3a-bc71-4398-818a-b5f515bb86f2, Nodes: 57b917c9-e56d-4891-b77d-d7ae8505e2a5{ip: 172.17.0.2, host: 3d7159965374, networkLocation: /default-rack, certSerialId: null}, Type:RATIS, Factor:ONE, State:ALLOCATED, leaderId:, CreationTimestamp2020-11-25T02:33:45.340Z]
2020-11-25 02:33:46,332 [Listener at 127.0.0.1/34527] INFO  ozone.MiniOzoneClusterImpl (MiniOzoneClusterImpl.java:lambda$waitForClusterToBeReady$0(178)) - Nodes are ready. Got 7 of 7 DN Heartbeats.
2020-11-25 02:33:46,332 [Listener at 127.0.0.1/34527] INFO  ozone.MiniOzoneClusterImpl (MiniOzoneClusterImpl.java:lambda$waitForClusterToBeReady$0(181)) - Waiting for cluster to exit safe mode
2020-11-25 02:33:47,210 [Command processor thread] INFO  impl.RaftServerProxy (RaftServerProxy.java:addNew(93)) - e43fd066-151b-4ea1-913f-b553867c15bd: addNew group-11890950A593:[e43fd066-151b-4ea1-913f-b553867c15bd|rpc:172.17.0.2:36745] returns group-11890950A593:java.util.concurrent.CompletableFuture@62d73be7[Not completed]
2020-11-25 02:33:47,211 [pool-175-thread-1] INFO  impl.RaftServerImpl (RaftServerImpl.java:<init>(121)) - e43fd066-151b-4ea1-913f-b553867c15bd: new RaftServerImpl for group-11890950A593:[e43fd066-151b-4ea1-913f-b553867c15bd|rpc:172.17.0.2:36745] with ContainerStateMachine:uninitialized
2020-11-25 02:33:47,212 [pool-175-thread-1] INFO  server.RaftServerConfigKeys (ConfUtils.java:logGet(44)) - raft.server.rpc.timeout.min = 5s (custom)
2020-11-25 02:33:47,212 [pool-175-thread-1] INFO  server.RaftServerConfigKeys (ConfUtils.java:logGet(44)) - raft.server.rpc.timeout.max = 5200ms (custom)
2020-11-25 02:33:47,212 [pool-175-thread-1] INFO  server.RaftServerConfigKeys (ConfUtils.java:logGet(44)) - raft.server.rpc.slowness.timeout = 300s (custom)
2020-11-25 02:33:47,213 [pool-175-thread-1] INFO  server.RaftServerConfigKeys (ConfUtils.java:logGet(44)) - raft.server.leaderelection.leader.step-down.wait-time = 10s (default)
2020-11-25 02:33:47,213 [pool-175-thread-1] INFO  server.RaftServerConfigKeys (ConfUtils.java:logGet(44)) - raft.server.sleep.deviation.threshold = 300 (default)
2020-11-25 02:33:47,213 [pool-175-thread-1] INFO  server.RaftServerConfigKeys (ConfUtils.java:logGet(44)) - raft.server.log.appender.install.snapshot.enabled = false (custom)
2020-11-25 02:33:47,213 [pool-175-thread-1] INFO  impl.RaftServerImpl (ServerState.java:<init>(104)) - e43fd066-151b-4ea1-913f-b553867c15bd@group-11890950A593: ConfigurationManager, init=-1: [e43fd066-151b-4ea1-913f-b553867c15bd|rpc:172.17.0.2:36745], old=null, confs=<EMPTY_MAP>
2020-11-25 02:33:47,213 [pool-175-thread-1] INFO  server.RaftServerConfigKeys (ConfUtils.java:logGet(44)) - raft.server.storage.dir = [/github/workspace/mnt/ozone/hadoop-ozone/integration-test/target/test-dir/MiniOzoneClusterImpl-d0d42c39-6fc7-42e8-b6c5-559d28f27a21/datanode-0/data/ratis] (custom)
2020-11-25 02:33:47,213 [pool-175-thread-1] INFO  server.RaftServerConfigKeys (ConfUtils.java:logGet(44)) - raft.server.log.corruption.policy = EXCEPTION (default)
2020-11-25 02:33:47,213 [pool-175-thread-1] INFO  storage.RaftStorageDirectory (RaftStorageDirectory.java:analyzeStorage(261)) - The storage directory /github/workspace/mnt/ozone/hadoop-ozone/integration-test/target/test-dir/MiniOzoneClusterImpl-d0d42c39-6fc7-42e8-b6c5-559d28f27a21/datanode-0/data/ratis/48981fdd-8b62-419c-b82a-11890950a593 does not exist. Creating ...
2020-11-25 02:33:47,214 [pool-175-thread-1] INFO  storage.RaftStorageDirectory (RaftStorageDirectory.java:tryLock(343)) - Lock on /github/workspace/mnt/ozone/hadoop-ozone/integration-test/target/test-dir/MiniOzoneClusterImpl-d0d42c39-6fc7-42e8-b6c5-559d28f27a21/datanode-0/data/ratis/48981fdd-8b62-419c-b82a-11890950a593/in_use.lock acquired by nodename 12892@3d7159965374
2020-11-25 02:33:47,215 [pool-175-thread-1] INFO  storage.RaftStorage (RaftStorage.java:format(85)) - Storage directory /github/workspace/mnt/ozone/hadoop-ozone/integration-test/target/test-dir/MiniOzoneClusterImpl-d0d42c39-6fc7-42e8-b6c5-559d28f27a21/datanode-0/data/ratis/48981fdd-8b62-419c-b82a-11890950a593 has been successfully formatted.
2020-11-25 02:33:47,216 [pool-175-thread-1] INFO  ratis.ContainerStateMachine (ContainerStateMachine.java:loadSnapshot(225)) - group-11890950A593: The snapshot info is null. Setting the last applied indexto:(t:0, i:~)
2020-11-25 02:33:47,217 [pool-175-thread-1] INFO  server.RaftServerConfigKeys (ConfUtils.java:logGet(44)) - raft.server.notification.no-leader.timeout = 300s (custom)
2020-11-25 02:33:47,217 [pool-175-thread-1] INFO  server.RaftServerConfigKeys (ConfUtils.java:logGet(44)) - raft.server.log.use.memory = false (default)
2020-11-25 02:33:47,217 [pool-175-thread-1] INFO  server.RaftServerConfigKeys (ConfUtils.java:logGet(44)) - raft.server.log.purge.gap = 1000000 (custom)
2020-11-25 02:33:47,217 [pool-175-thread-1] INFO  metrics.RatisMetrics (RatisMetrics.java:lambda$create$0(36)) - Creating Metrics Registry : ratis.log_worker.e43fd066-151b-4ea1-913f-b553867c15bd@group-11890950A593
2020-11-25 02:33:47,217 [pool-175-thread-1] INFO  server.RaftServerConfigKeys (ConfUtils.java:logGet(44)) - raft.server.log.appender.buffer.byte-limit = 33554432 (custom)
2020-11-25 02:33:47,217 [pool-175-thread-1] INFO  server.RaftServerConfigKeys (ConfUtils.java:logGet(44)) - raft.server.log.segment.size.max = 1048576 (custom)
2020-11-25 02:33:47,217 [EventQueue-PipelineReportForPipelineReportHandler] INFO  pipeline.PipelineStateManager (PipelineStateManager.java:openPipeline(132)) - Pipeline Pipeline[ Id: 48981fdd-8b62-419c-b82a-11890950a593, Nodes: e43fd066-151b-4ea1-913f-b553867c15bd{ip: 172.17.0.2, host: 3d7159965374, networkLocation: /default-rack, certSerialId: null}, Type:RATIS, Factor:ONE, State:ALLOCATED, leaderId:e43fd066-151b-4ea1-913f-b553867c15bd, CreationTimestamp2020-11-25T02:33:44.212Z] moved to OPEN state
2020-11-25 02:33:47,218 [EventQueue-OpenPipelineForHealthyPipelineSafeModeRule] INFO  safemode.SCMSafeModeManager (HealthyPipelineSafeModeRule.java:process(128)) - SCM in safe mode. Healthy pipelines reported count is 0, required healthy pipeline reported count is 1
2020-11-25 02:33:47,219 [pool-175-thread-1] INFO  server.RaftServerConfigKeys (ConfUtils.java:logGet(44)) - raft.server.log.segment.cache.num.max = 2 (custom)
2020-11-25 02:33:47,219 [pool-175-thread-1] INFO  segmented.SegmentedRaftLogWorker (SegmentedRaftLogWorker.java:<init>(180)) - new e43fd066-151b-4ea1-913f-b553867c15bd@group-11890950A593-SegmentedRaftLogWorker for RaftStorage:Storage Directory /github/workspace/mnt/ozone/hadoop-ozone/integration-test/target/test-dir/MiniOzoneClusterImpl-d0d42c39-6fc7-42e8-b6c5-559d28f27a21/datanode-0/data/ratis/48981fdd-8b62-419c-b82a-11890950a593
2020-11-25 02:33:47,219 [pool-175-thread-1] INFO  server.RaftServerConfigKeys (ConfUtils.java:logGet(44)) - raft.server.log.queue.byte-limit = 2147483647 (custom)
2020-11-25 02:33:47,219 [pool-175-thread-1] INFO  server.RaftServerConfigKeys (ConfUtils.java:logGet(44)) - raft.server.log.queue.element-limit = 1024 (custom)
2020-11-25 02:33:47,219 [pool-175-thread-1] INFO  server.RaftServerConfigKeys (ConfUtils.java:logGet(44)) - raft.server.log.segment.size.max = 1048576 (custom)
2020-11-25 02:33:47,219 [pool-175-thread-1] INFO  server.RaftServerConfigKeys (ConfUtils.java:logGet(44)) - raft.server.log.preallocated.size = 16384 (custom)
2020-11-25 02:33:47,219 [pool-175-thread-1] INFO  server.RaftServerConfigKeys (ConfUtils.java:logGet(44)) - raft.server.log.write.buffer.size = 1048576 (custom)
2020-11-25 02:33:47,219 [pool-175-thread-1] INFO  server.RaftServerConfigKeys (ConfUtils.java:logGet(44)) - raft.server.log.force.sync.num = 128 (default)
2020-11-25 02:33:47,219 [pool-175-thread-1] INFO  server.RaftServerConfigKeys (ConfUtils.java:logGet(44)) - raft.server.log.statemachine.data.sync = true (default)
2020-11-25 02:33:47,219 [pool-175-thread-1] INFO  server.RaftServerConfigKeys (ConfUtils.java:logGet(44)) - raft.server.log.statemachine.data.sync.timeout = 10s (default)
2020-11-25 02:33:47,219 [pool-175-thread-1] INFO  server.RaftServerConfigKeys (ConfUtils.java:logGet(44)) - raft.server.log.statemachine.data.sync.timeout.retry = -1 (default)
2020-11-25 02:33:47,219 [EventQueue-PipelineReportForOneReplicaPipelineSafeModeRule] INFO  safemode.SCMSafeModeManager (SCMSafeModeManager.java:validateSafeModeExitRules(214)) - AtleastOneDatanodeReportedRule rule is successfully validated
2020-11-25 02:33:47,220 [pool-175-thread-1] INFO  server.RaftServerConfigKeys (ConfUtils.java:logGet(44)) - raft.server.log.statemachine.data.caching.enabled = true (custom)
2020-11-25 02:33:47,221 [pool-175-thread-1] INFO  segmented.SegmentedRaftLogWorker (SegmentedRaftLogWorker.java:lambda$new$0(129)) - e43fd066-151b-4ea1-913f-b553867c15bd@group-11890950A593-SegmentedRaftLogWorker: flushIndex: setUnconditionally 0 -> -1
2020-11-25 02:33:47,221 [pool-175-thread-1] INFO  segmented.SegmentedRaftLogWorker (SegmentedRaftLogWorker.java:lambda$new$0(129)) - e43fd066-151b-4ea1-913f-b553867c15bd@group-11890950A593-SegmentedRaftLogWorker: safeCacheEvictIndex: setUnconditionally 0 -> -1
2020-11-25 02:33:47,223 [pool-175-thread-1] INFO  server.RaftServerConfigKeys (ConfUtils.java:logGet(44)) - raft.server.snapshot.auto.trigger.enabled = true (custom)
2020-11-25 02:33:47,223 [pool-175-thread-1] INFO  server.RaftServerConfigKeys (ConfUtils.java:logGet(44)) - raft.server.snapshot.auto.trigger.threshold = 10000 (custom)
2020-11-25 02:33:47,223 [pool-175-thread-1] INFO  server.RaftServerConfigKeys (ConfUtils.java:logGet(44)) - raft.server.snapshot.retention.file.num = 5 (custom)
2020-11-25 02:33:47,223 [pool-175-thread-1] INFO  server.RaftServerConfigKeys (ConfUtils.java:logGet(44)) - raft.server.log.purge.upto.snapshot.index = false (default)
2020-11-25 02:33:47,223 [pool-175-thread-1] INFO  server.RaftServerConfigKeys (ConfUtils.java:logGet(44)) - raft.server.retrycache.expirytime = 600000ms (custom)
2020-11-25 02:33:47,223 [pool-175-thread-1] INFO  metrics.RatisMetrics (RatisMetrics.java:lambda$create$0(36)) - Creating Metrics Registry : ratis.leader_election.e43fd066-151b-4ea1-913f-b553867c15bd@group-11890950A593
2020-11-25 02:33:47,224 [pool-175-thread-1] INFO  metrics.RatisMetrics (RatisMetrics.java:lambda$create$0(36)) - Creating Metrics Registry : ratis.server.e43fd066-151b-4ea1-913f-b553867c15bd@group-11890950A593
2020-11-25 02:33:47,225 [pool-175-thread-1] INFO  impl.RaftServerImpl (RaftServerImpl.java:start(215)) - e43fd066-151b-4ea1-913f-b553867c15bd@group-11890950A593: start as a follower, conf=-1: [e43fd066-151b-4ea1-913f-b553867c15bd|rpc:172.17.0.2:36745], old=null
2020-11-25 02:33:47,225 [pool-175-thread-1] INFO  impl.RaftServerImpl (RaftServerImpl.java:setRole(204)) - e43fd066-151b-4ea1-913f-b553867c15bd@group-11890950A593: changes role from      null to FOLLOWER at term 0 for startAsFollower
2020-11-25 02:33:47,225 [pool-175-thread-1] INFO  impl.RoleInfo (RoleInfo.java:updateAndGet(143)) - e43fd066-151b-4ea1-913f-b553867c15bd: start e43fd066-151b-4ea1-913f-b553867c15bd@group-11890950A593-FollowerState
2020-11-25 02:33:47,230 [pool-175-thread-1] INFO  util.JmxRegister (JmxRegister.java:tryRegister(44)) - Successfully registered JMX Bean with object name Ratis:service=RaftServer,group=group-11890950A593,id=e43fd066-151b-4ea1-913f-b553867c15bd
2020-11-25 02:33:47,230 [pool-175-thread-1] INFO  metrics.RatisMetrics (RatisMetrics.java:lambda$create$0(36)) - Creating Metrics Registry : ratis.state_machine.e43fd066-151b-4ea1-913f-b553867c15bd@group-11890950A593
2020-11-25 02:33:47,231 [Command processor thread] INFO  commandhandler.CreatePipelineCommandHandler (CreatePipelineCommandHandler.java:handle(106)) - Created Pipeline RATIS ONE PipelineID=48981fdd-8b62-419c-b82a-11890950a593.
2020-11-25 02:33:47,231 [Command processor thread] INFO  impl.RaftServerProxy (RaftServerProxy.java:addNew(93)) - e43fd066-151b-4ea1-913f-b553867c15bd: addNew group-DF9DB24D4D4F:[b6d97d53-aa91-4e57-a6a4-520098ede0e0|rpc:172.17.0.2:36527, 1e088f42-7967-4bed-bfe8-98dc90046f57|rpc:172.17.0.2:33037, e43fd066-151b-4ea1-913f-b553867c15bd|rpc:172.17.0.2:36745] returns group-DF9DB24D4D4F:java.util.concurrent.CompletableFuture@66e8a365[Not completed]
2020-11-25 02:33:47,232 [pool-175-thread-1] INFO  impl.RaftServerImpl (RaftServerImpl.java:<init>(121)) - e43fd066-151b-4ea1-913f-b553867c15bd: new RaftServerImpl for group-DF9DB24D4D4F:[b6d97d53-aa91-4e57-a6a4-520098ede0e0|rpc:172.17.0.2:36527, 1e088f42-7967-4bed-bfe8-98dc90046f57|rpc:172.17.0.2:33037, e43fd066-151b-4ea1-913f-b553867c15bd|rpc:172.17.0.2:36745] with ContainerStateMachine:uninitialized
2020-11-25 02:33:47,232 [pool-175-thread-1] INFO  server.RaftServerConfigKeys (ConfUtils.java:logGet(44)) - raft.server.rpc.timeout.min = 5s (custom)
2020-11-25 02:33:47,232 [pool-175-thread-1] INFO  server.RaftServerConfigKeys (ConfUtils.java:logGet(44)) - raft.server.rpc.timeout.max = 5200ms (custom)
2020-11-25 02:33:47,232 [pool-175-thread-1] INFO  server.RaftServerConfigKeys (ConfUtils.java:logGet(44)) - raft.server.rpc.slowness.timeout = 300s (custom)
2020-11-25 02:33:47,232 [pool-175-thread-1] INFO  server.RaftServerConfigKeys (ConfUtils.java:logGet(44)) - raft.server.leaderelection.leader.step-down.wait-time = 10s (default)
2020-11-25 02:33:47,232 [pool-175-thread-1] INFO  server.RaftServerConfigKeys (ConfUtils.java:logGet(44)) - raft.server.sleep.deviation.threshold = 300 (default)
2020-11-25 02:33:47,233 [pool-175-thread-1] INFO  server.RaftServerConfigKeys (ConfUtils.java:logGet(44)) - raft.server.log.appender.install.snapshot.enabled = false (custom)
2020-11-25 02:33:47,233 [pool-175-thread-1] INFO  impl.RaftServerImpl (ServerState.java:<init>(104)) - e43fd066-151b-4ea1-913f-b553867c15bd@group-DF9DB24D4D4F: ConfigurationManager, init=-1: [b6d97d53-aa91-4e57-a6a4-520098ede0e0|rpc:172.17.0.2:36527, 1e088f42-7967-4bed-bfe8-98dc90046f57|rpc:172.17.0.2:33037, e43fd066-151b-4ea1-913f-b553867c15bd|rpc:172.17.0.2:36745], old=null, confs=<EMPTY_MAP>
2020-11-25 02:33:47,233 [pool-175-thread-1] INFO  server.RaftServerConfigKeys (ConfUtils.java:logGet(44)) - raft.server.storage.dir = [/github/workspace/mnt/ozone/hadoop-ozone/integration-test/target/test-dir/MiniOzoneClusterImpl-d0d42c39-6fc7-42e8-b6c5-559d28f27a21/datanode-0/data/ratis] (custom)
2020-11-25 02:33:47,233 [pool-175-thread-1] INFO  server.RaftServerConfigKeys (ConfUtils.java:logGet(44)) - raft.server.log.corruption.policy = EXCEPTION (default)
2020-11-25 02:33:47,233 [pool-175-thread-1] INFO  storage.RaftStorageDirectory (RaftStorageDirectory.java:analyzeStorage(261)) - The storage directory /github/workspace/mnt/ozone/hadoop-ozone/integration-test/target/test-dir/MiniOzoneClusterImpl-d0d42c39-6fc7-42e8-b6c5-559d28f27a21/datanode-0/data/ratis/7f279ace-28f5-42a0-8910-df9db24d4d4f does not exist. Creating ...
2020-11-25 02:33:47,234 [pool-175-thread-1] INFO  storage.RaftStorageDirectory (RaftStorageDirectory.java:tryLock(343)) - Lock on /github/workspace/mnt/ozone/hadoop-ozone/integration-test/target/test-dir/MiniOzoneClusterImpl-d0d42c39-6fc7-42e8-b6c5-559d28f27a21/datanode-0/data/ratis/7f279ace-28f5-42a0-8910-df9db24d4d4f/in_use.lock acquired by nodename 12892@3d7159965374
2020-11-25 02:33:47,235 [pool-175-thread-1] INFO  storage.RaftStorage (RaftStorage.java:format(85)) - Storage directory /github/workspace/mnt/ozone/hadoop-ozone/integration-test/target/test-dir/MiniOzoneClusterImpl-d0d42c39-6fc7-42e8-b6c5-559d28f27a21/datanode-0/data/ratis/7f279ace-28f5-42a0-8910-df9db24d4d4f has been successfully formatted.
2020-11-25 02:33:47,238 [pool-175-thread-1] INFO  ratis.ContainerStateMachine (ContainerStateMachine.java:loadSnapshot(225)) - group-DF9DB24D4D4F: The snapshot info is null. Setting the last applied indexto:(t:0, i:~)
2020-11-25 02:33:47,238 [pool-175-thread-1] INFO  server.RaftServerConfigKeys (ConfUtils.java:logGet(44)) - raft.server.notification.no-leader.timeout = 300s (custom)
2020-11-25 02:33:47,238 [pool-175-thread-1] INFO  server.RaftServerConfigKeys (ConfUtils.java:logGet(44)) - raft.server.log.use.memory = false (default)
2020-11-25 02:33:47,239 [EventQueue-OpenPipelineForHealthyPipelineSafeModeRule] INFO  safemode.SCMSafeModeManager (HealthyPipelineSafeModeRule.java:process(128)) - SCM in safe mode. Healthy pipelines reported count is 0, required healthy pipeline reported count is 1
2020-11-25 02:33:47,239 [EventQueue-PipelineReportForOneReplicaPipelineSafeModeRule] INFO  safemode.SCMSafeModeManager (SCMSafeModeManager.java:validateSafeModeExitRules(214)) - AtleastOneDatanodeReportedRule rule is successfully validated
2020-11-25 02:33:47,239 [pool-175-thread-1] INFO  server.RaftServerConfigKeys (ConfUtils.java:logGet(44)) - raft.server.log.purge.gap = 1000000 (custom)
2020-11-25 02:33:47,239 [pool-175-thread-1] INFO  metrics.RatisMetrics (RatisMetrics.java:lambda$create$0(36)) - Creating Metrics Registry : ratis.log_worker.e43fd066-151b-4ea1-913f-b553867c15bd@group-DF9DB24D4D4F
2020-11-25 02:33:47,240 [pool-175-thread-1] INFO  server.RaftServerConfigKeys (ConfUtils.java:logGet(44)) - raft.server.log.appender.buffer.byte-limit = 33554432 (custom)
2020-11-25 02:33:47,240 [pool-175-thread-1] INFO  server.RaftServerConfigKeys (ConfUtils.java:logGet(44)) - raft.server.log.segment.size.max = 1048576 (custom)
2020-11-25 02:33:47,240 [pool-175-thread-1] INFO  server.RaftServerConfigKeys (ConfUtils.java:logGet(44)) - raft.server.log.segment.cache.num.max = 2 (custom)
2020-11-25 02:33:47,240 [pool-175-thread-1] INFO  segmented.SegmentedRaftLogWorker (SegmentedRaftLogWorker.java:<init>(180)) - new e43fd066-151b-4ea1-913f-b553867c15bd@group-DF9DB24D4D4F-SegmentedRaftLogWorker for RaftStorage:Storage Directory /github/workspace/mnt/ozone/hadoop-ozone/integration-test/target/test-dir/MiniOzoneClusterImpl-d0d42c39-6fc7-42e8-b6c5-559d28f27a21/datanode-0/data/ratis/7f279ace-28f5-42a0-8910-df9db24d4d4f
2020-11-25 02:33:47,240 [pool-175-thread-1] INFO  server.RaftServerConfigKeys (ConfUtils.java:logGet(44)) - raft.server.log.queue.byte-limit = 2147483647 (custom)
2020-11-25 02:33:47,240 [pool-175-thread-1] INFO  server.RaftServerConfigKeys (ConfUtils.java:logGet(44)) - raft.server.log.queue.element-limit = 1024 (custom)
2020-11-25 02:33:47,241 [pool-175-thread-1] INFO  server.RaftServerConfigKeys (ConfUtils.java:logGet(44)) - raft.server.log.segment.size.max = 1048576 (custom)
2020-11-25 02:33:47,241 [pool-175-thread-1] INFO  server.RaftServerConfigKeys (ConfUtils.java:logGet(44)) - raft.server.log.preallocated.size = 16384 (custom)
2020-11-25 02:33:47,241 [pool-175-thread-1] INFO  server.RaftServerConfigKeys (ConfUtils.java:logGet(44)) - raft.server.log.write.buffer.size = 1048576 (custom)
2020-11-25 02:33:47,241 [pool-175-thread-1] INFO  server.RaftServerConfigKeys (ConfUtils.java:logGet(44)) - raft.server.log.force.sync.num = 128 (default)
2020-11-25 02:33:47,241 [pool-175-thread-1] INFO  server.RaftServerConfigKeys (ConfUtils.java:logGet(44)) - raft.server.log.statemachine.data.sync = true (default)
2020-11-25 02:33:47,241 [pool-175-thread-1] INFO  server.RaftServerConfigKeys (ConfUtils.java:logGet(44)) - raft.server.log.statemachine.data.sync.timeout = 10s (default)
2020-11-25 02:33:47,241 [pool-175-thread-1] INFO  server.RaftServerConfigKeys (ConfUtils.java:logGet(44)) - raft.server.log.statemachine.data.sync.timeout.retry = -1 (default)
2020-11-25 02:33:47,242 [pool-175-thread-1] INFO  server.RaftServerConfigKeys (ConfUtils.java:logGet(44)) - raft.server.log.statemachine.data.caching.enabled = true (custom)
2020-11-25 02:33:47,242 [pool-175-thread-1] INFO  segmented.SegmentedRaftLogWorker (SegmentedRaftLogWorker.java:lambda$new$0(129)) - e43fd066-151b-4ea1-913f-b553867c15bd@group-DF9DB24D4D4F-SegmentedRaftLogWorker: flushIndex: setUnconditionally 0 -> -1
2020-11-25 02:33:47,242 [pool-175-thread-1] INFO  segmented.SegmentedRaftLogWorker (SegmentedRaftLogWorker.java:lambda$new$0(129)) - e43fd066-151b-4ea1-913f-b553867c15bd@group-DF9DB24D4D4F-SegmentedRaftLogWorker: safeCacheEvictIndex: setUnconditionally 0 -> -1
2020-11-25 02:33:47,243 [pool-175-thread-1] INFO  server.RaftServerConfigKeys (ConfUtils.java:logGet(44)) - raft.server.snapshot.auto.trigger.enabled = true (custom)
2020-11-25 02:33:47,243 [pool-175-thread-1] INFO  server.RaftServerConfigKeys (ConfUtils.java:logGet(44)) - raft.server.snapshot.auto.trigger.threshold = 10000 (custom)
2020-11-25 02:33:47,243 [pool-175-thread-1] INFO  server.RaftServerConfigKeys (ConfUtils.java:logGet(44)) - raft.server.snapshot.retention.file.num = 5 (custom)
2020-11-25 02:33:47,243 [pool-175-thread-1] INFO  server.RaftServerConfigKeys (ConfUtils.java:logGet(44)) - raft.server.log.purge.upto.snapshot.index = false (default)
2020-11-25 02:33:47,243 [pool-175-thread-1] INFO  server.RaftServerConfigKeys (ConfUtils.java:logGet(44)) - raft.server.retrycache.expirytime = 600000ms (custom)
2020-11-25 02:33:47,243 [pool-175-thread-1] INFO  metrics.RatisMetrics (RatisMetrics.java:lambda$create$0(36)) - Creating Metrics Registry : ratis.leader_election.e43fd066-151b-4ea1-913f-b553867c15bd@group-DF9DB24D4D4F
2020-11-25 02:33:47,243 [pool-175-thread-1] INFO  metrics.RatisMetrics (RatisMetrics.java:lambda$create$0(36)) - Creating Metrics Registry : ratis.server.e43fd066-151b-4ea1-913f-b553867c15bd@group-DF9DB24D4D4F
2020-11-25 02:33:47,244 [pool-175-thread-1] INFO  impl.RaftServerImpl (RaftServerImpl.java:start(215)) - e43fd066-151b-4ea1-913f-b553867c15bd@group-DF9DB24D4D4F: start as a follower, conf=-1: [b6d97d53-aa91-4e57-a6a4-520098ede0e0|rpc:172.17.0.2:36527, 1e088f42-7967-4bed-bfe8-98dc90046f57|rpc:172.17.0.2:33037, e43fd066-151b-4ea1-913f-b553867c15bd|rpc:172.17.0.2:36745], old=null
2020-11-25 02:33:47,244 [pool-175-thread-1] INFO  impl.RaftServerImpl (RaftServerImpl.java:setRole(204)) - e43fd066-151b-4ea1-913f-b553867c15bd@group-DF9DB24D4D4F: changes role from      null to FOLLOWER at term 0 for startAsFollower
2020-11-25 02:33:47,244 [pool-175-thread-1] INFO  impl.RoleInfo (RoleInfo.java:updateAndGet(143)) - e43fd066-151b-4ea1-913f-b553867c15bd: start e43fd066-151b-4ea1-913f-b553867c15bd@group-DF9DB24D4D4F-FollowerState
2020-11-25 02:33:47,245 [pool-175-thread-1] INFO  util.JmxRegister (JmxRegister.java:tryRegister(44)) - Successfully registered JMX Bean with object name Ratis:service=RaftServer,group=group-DF9DB24D4D4F,id=e43fd066-151b-4ea1-913f-b553867c15bd
2020-11-25 02:33:47,245 [pool-175-thread-1] INFO  metrics.RatisMetrics (RatisMetrics.java:lambda$create$0(36)) - Creating Metrics Registry : ratis.state_machine.e43fd066-151b-4ea1-913f-b553867c15bd@group-DF9DB24D4D4F
2020-11-25 02:33:47,249 [Command processor thread] INFO  metrics.RatisMetrics (RatisMetrics.java:lambda$create$0(36)) - Creating Metrics Registry : ratis.client_message_metrics.client-1E55B75B6DB5->b6d97d53-aa91-4e57-a6a4-520098ede0e0
2020-11-25 02:33:47,255 [grpc-default-executor-0] INFO  metrics.RatisMetrics (RatisMetrics.java:lambda$create$0(36)) - Creating Metrics Registry : ratis.server_message_metrics.b6d97d53-aa91-4e57-a6a4-520098ede0e0
2020-11-25 02:33:47,262 [grpc-default-executor-0] INFO  impl.RaftServerProxy (RaftServerProxy.java:addNew(93)) - b6d97d53-aa91-4e57-a6a4-520098ede0e0: addNew group-DF9DB24D4D4F:[b6d97d53-aa91-4e57-a6a4-520098ede0e0|rpc:172.17.0.2:36527|dataStream:, 1e088f42-7967-4bed-bfe8-98dc90046f57|rpc:172.17.0.2:33037|dataStream:, e43fd066-151b-4ea1-913f-b553867c15bd|rpc:172.17.0.2:36745|dataStream:] returns group-DF9DB24D4D4F:java.util.concurrent.CompletableFuture@55db6a1a[Not completed]
2020-11-25 02:33:47,263 [pool-207-thread-1] INFO  impl.RaftServerImpl (RaftServerImpl.java:<init>(121)) - b6d97d53-aa91-4e57-a6a4-520098ede0e0: new RaftServerImpl for group-DF9DB24D4D4F:[b6d97d53-aa91-4e57-a6a4-520098ede0e0|rpc:172.17.0.2:36527|dataStream:, 1e088f42-7967-4bed-bfe8-98dc90046f57|rpc:172.17.0.2:33037|dataStream:, e43fd066-151b-4ea1-913f-b553867c15bd|rpc:172.17.0.2:36745|dataStream:] with ContainerStateMachine:uninitialized
2020-11-25 02:33:47,264 [pool-207-thread-1] INFO  server.RaftServerConfigKeys (ConfUtils.java:logGet(44)) - raft.server.rpc.timeout.min = 5s (custom)
2020-11-25 02:33:47,264 [pool-207-thread-1] INFO  server.RaftServerConfigKeys (ConfUtils.java:logGet(44)) - raft.server.rpc.timeout.max = 5200ms (custom)
2020-11-25 02:33:47,264 [pool-207-thread-1] INFO  server.RaftServerConfigKeys (ConfUtils.java:logGet(44)) - raft.server.rpc.slowness.timeout = 300s (custom)
2020-11-25 02:33:47,264 [pool-207-thread-1] INFO  server.RaftServerConfigKeys (ConfUtils.java:logGet(44)) - raft.server.leaderelection.leader.step-down.wait-time = 10s (default)
2020-11-25 02:33:47,264 [pool-207-thread-1] INFO  server.RaftServerConfigKeys (ConfUtils.java:logGet(44)) - raft.server.sleep.deviation.threshold = 300 (default)
2020-11-25 02:33:47,264 [pool-207-thread-1] INFO  server.RaftServerConfigKeys (ConfUtils.java:logGet(44)) - raft.server.log.appender.install.snapshot.enabled = false (custom)
2020-11-25 02:33:47,264 [pool-207-thread-1] INFO  impl.RaftServerImpl (ServerState.java:<init>(104)) - b6d97d53-aa91-4e57-a6a4-520098ede0e0@group-DF9DB24D4D4F: ConfigurationManager, init=-1: [b6d97d53-aa91-4e57-a6a4-520098ede0e0|rpc:172.17.0.2:36527|dataStream:, 1e088f42-7967-4bed-bfe8-98dc90046f57|rpc:172.17.0.2:33037|dataStream:, e43fd066-151b-4ea1-913f-b553867c15bd|rpc:172.17.0.2:36745|dataStream:], old=null, confs=<EMPTY_MAP>
2020-11-25 02:33:47,264 [pool-207-thread-1] INFO  server.RaftServerConfigKeys (ConfUtils.java:logGet(44)) - raft.server.storage.dir = [/github/workspace/mnt/ozone/hadoop-ozone/integration-test/target/test-dir/MiniOzoneClusterImpl-d0d42c39-6fc7-42e8-b6c5-559d28f27a21/datanode-2/data/ratis] (custom)
2020-11-25 02:33:47,265 [pool-207-thread-1] INFO  server.RaftServerConfigKeys (ConfUtils.java:logGet(44)) - raft.server.log.corruption.policy = EXCEPTION (default)
2020-11-25 02:33:47,265 [pool-207-thread-1] INFO  storage.RaftStorageDirectory (RaftStorageDirectory.java:analyzeStorage(261)) - The storage directory /github/workspace/mnt/ozone/hadoop-ozone/integration-test/target/test-dir/MiniOzoneClusterImpl-d0d42c39-6fc7-42e8-b6c5-559d28f27a21/datanode-2/data/ratis/7f279ace-28f5-42a0-8910-df9db24d4d4f does not exist. Creating ...
2020-11-25 02:33:47,266 [pool-207-thread-1] INFO  storage.RaftStorageDirectory (RaftStorageDirectory.java:tryLock(343)) - Lock on /github/workspace/mnt/ozone/hadoop-ozone/integration-test/target/test-dir/MiniOzoneClusterImpl-d0d42c39-6fc7-42e8-b6c5-559d28f27a21/datanode-2/data/ratis/7f279ace-28f5-42a0-8910-df9db24d4d4f/in_use.lock acquired by nodename 12892@3d7159965374
2020-11-25 02:33:47,267 [pool-207-thread-1] INFO  storage.RaftStorage (RaftStorage.java:format(85)) - Storage directory /github/workspace/mnt/ozone/hadoop-ozone/integration-test/target/test-dir/MiniOzoneClusterImpl-d0d42c39-6fc7-42e8-b6c5-559d28f27a21/datanode-2/data/ratis/7f279ace-28f5-42a0-8910-df9db24d4d4f has been successfully formatted.
2020-11-25 02:33:47,268 [pool-207-thread-1] INFO  ratis.ContainerStateMachine (ContainerStateMachine.java:loadSnapshot(225)) - group-DF9DB24D4D4F: The snapshot info is null. Setting the last applied indexto:(t:0, i:~)
2020-11-25 02:33:47,268 [pool-207-thread-1] INFO  server.RaftServerConfigKeys (ConfUtils.java:logGet(44)) - raft.server.notification.no-leader.timeout = 300s (custom)
2020-11-25 02:33:47,268 [pool-207-thread-1] INFO  server.RaftServerConfigKeys (ConfUtils.java:logGet(44)) - raft.server.log.use.memory = false (default)
2020-11-25 02:33:47,268 [EventQueue-PipelineReportForOneReplicaPipelineSafeModeRule] INFO  safemode.SCMSafeModeManager (SCMSafeModeManager.java:validateSafeModeExitRules(214)) - AtleastOneDatanodeReportedRule rule is successfully validated
2020-11-25 02:33:47,268 [pool-207-thread-1] INFO  server.RaftServerConfigKeys (ConfUtils.java:logGet(44)) - raft.server.log.purge.gap = 1000000 (custom)
2020-11-25 02:33:47,268 [pool-207-thread-1] INFO  metrics.RatisMetrics (RatisMetrics.java:lambda$create$0(36)) - Creating Metrics Registry : ratis.log_worker.b6d97d53-aa91-4e57-a6a4-520098ede0e0@group-DF9DB24D4D4F
2020-11-25 02:33:47,269 [pool-207-thread-1] INFO  server.RaftServerConfigKeys (ConfUtils.java:logGet(44)) - raft.server.log.appender.buffer.byte-limit = 33554432 (custom)
2020-11-25 02:33:47,269 [pool-207-thread-1] INFO  server.RaftServerConfigKeys (ConfUtils.java:logGet(44)) - raft.server.log.segment.size.max = 1048576 (custom)
2020-11-25 02:33:47,269 [pool-207-thread-1] INFO  server.RaftServerConfigKeys (ConfUtils.java:logGet(44)) - raft.server.log.segment.cache.num.max = 2 (custom)
2020-11-25 02:33:47,269 [pool-207-thread-1] INFO  segmented.SegmentedRaftLogWorker (SegmentedRaftLogWorker.java:<init>(180)) - new b6d97d53-aa91-4e57-a6a4-520098ede0e0@group-DF9DB24D4D4F-SegmentedRaftLogWorker for RaftStorage:Storage Directory /github/workspace/mnt/ozone/hadoop-ozone/integration-test/target/test-dir/MiniOzoneClusterImpl-d0d42c39-6fc7-42e8-b6c5-559d28f27a21/datanode-2/data/ratis/7f279ace-28f5-42a0-8910-df9db24d4d4f
2020-11-25 02:33:47,269 [pool-207-thread-1] INFO  server.RaftServerConfigKeys (ConfUtils.java:logGet(44)) - raft.server.log.queue.byte-limit = 2147483647 (custom)
2020-11-25 02:33:47,269 [pool-207-thread-1] INFO  server.RaftServerConfigKeys (ConfUtils.java:logGet(44)) - raft.server.log.queue.element-limit = 1024 (custom)
2020-11-25 02:33:47,269 [pool-207-thread-1] INFO  server.RaftServerConfigKeys (ConfUtils.java:logGet(44)) - raft.server.log.segment.size.max = 1048576 (custom)
2020-11-25 02:33:47,270 [pool-207-thread-1] INFO  server.RaftServerConfigKeys (ConfUtils.java:logGet(44)) - raft.server.log.preallocated.size = 16384 (custom)
2020-11-25 02:33:47,270 [pool-207-thread-1] INFO  server.RaftServerConfigKeys (ConfUtils.java:logGet(44)) - raft.server.log.write.buffer.size = 1048576 (custom)
2020-11-25 02:33:47,270 [pool-207-thread-1] INFO  server.RaftServerConfigKeys (ConfUtils.java:logGet(44)) - raft.server.log.force.sync.num = 128 (default)
2020-11-25 02:33:47,270 [pool-207-thread-1] INFO  server.RaftServerConfigKeys (ConfUtils.java:logGet(44)) - raft.server.log.statemachine.data.sync = true (default)
2020-11-25 02:33:47,270 [pool-207-thread-1] INFO  server.RaftServerConfigKeys (ConfUtils.java:logGet(44)) - raft.server.log.statemachine.data.sync.timeout = 10s (default)
2020-11-25 02:33:47,270 [pool-207-thread-1] INFO  server.RaftServerConfigKeys (ConfUtils.java:logGet(44)) - raft.server.log.statemachine.data.sync.timeout.retry = -1 (default)
2020-11-25 02:33:47,271 [pool-207-thread-1] INFO  server.RaftServerConfigKeys (ConfUtils.java:logGet(44)) - raft.server.log.statemachine.data.caching.enabled = true (custom)
2020-11-25 02:33:47,271 [pool-207-thread-1] INFO  segmented.SegmentedRaftLogWorker (SegmentedRaftLogWorker.java:lambda$new$0(129)) - b6d97d53-aa91-4e57-a6a4-520098ede0e0@group-DF9DB24D4D4F-SegmentedRaftLogWorker: flushIndex: setUnconditionally 0 -> -1
2020-11-25 02:33:47,271 [pool-207-thread-1] INFO  segmented.SegmentedRaftLogWorker (SegmentedRaftLogWorker.java:lambda$new$0(129)) - b6d97d53-aa91-4e57-a6a4-520098ede0e0@group-DF9DB24D4D4F-SegmentedRaftLogWorker: safeCacheEvictIndex: setUnconditionally 0 -> -1
2020-11-25 02:33:47,272 [pool-207-thread-1] INFO  server.RaftServerConfigKeys (ConfUtils.java:logGet(44)) - raft.server.snapshot.auto.trigger.enabled = true (custom)
2020-11-25 02:33:47,272 [pool-207-thread-1] INFO  server.RaftServerConfigKeys (ConfUtils.java:logGet(44)) - raft.server.snapshot.auto.trigger.threshold = 10000 (custom)
2020-11-25 02:33:47,272 [pool-207-thread-1] INFO  server.RaftServerConfigKeys (ConfUtils.java:logGet(44)) - raft.server.snapshot.retention.file.num = 5 (custom)
2020-11-25 02:33:47,272 [pool-207-thread-1] INFO  server.RaftServerConfigKeys (ConfUtils.java:logGet(44)) - raft.server.log.purge.upto.snapshot.index = false (default)
2020-11-25 02:33:47,272 [pool-207-thread-1] INFO  server.RaftServerConfigKeys (ConfUtils.java:logGet(44)) - raft.server.retrycache.expirytime = 600000ms (custom)
2020-11-25 02:33:47,272 [pool-207-thread-1] INFO  metrics.RatisMetrics (RatisMetrics.java:lambda$create$0(36)) - Creating Metrics Registry : ratis.leader_election.b6d97d53-aa91-4e57-a6a4-520098ede0e0@group-DF9DB24D4D4F
2020-11-25 02:33:47,272 [pool-207-thread-1] INFO  metrics.RatisMetrics (RatisMetrics.java:lambda$create$0(36)) - Creating Metrics Registry : ratis.server.b6d97d53-aa91-4e57-a6a4-520098ede0e0@group-DF9DB24D4D4F
2020-11-25 02:33:47,273 [pool-207-thread-1] INFO  impl.RaftServerImpl (RaftServerImpl.java:start(215)) - b6d97d53-aa91-4e57-a6a4-520098ede0e0@group-DF9DB24D4D4F: start as a follower, conf=-1: [b6d97d53-aa91-4e57-a6a4-520098ede0e0|rpc:172.17.0.2:36527|dataStream:, 1e088f42-7967-4bed-bfe8-98dc90046f57|rpc:172.17.0.2:33037|dataStream:, e43fd066-151b-4ea1-913f-b553867c15bd|rpc:172.17.0.2:36745|dataStream:], old=null
2020-11-25 02:33:47,273 [pool-207-thread-1] INFO  impl.RaftServerImpl (RaftServerImpl.java:setRole(204)) - b6d97d53-aa91-4e57-a6a4-520098ede0e0@group-DF9DB24D4D4F: changes role from      null to FOLLOWER at term 0 for startAsFollower
2020-11-25 02:33:47,273 [pool-207-thread-1] INFO  impl.RoleInfo (RoleInfo.java:updateAndGet(143)) - b6d97d53-aa91-4e57-a6a4-520098ede0e0: start b6d97d53-aa91-4e57-a6a4-520098ede0e0@group-DF9DB24D4D4F-FollowerState
2020-11-25 02:33:47,274 [pool-207-thread-1] INFO  util.JmxRegister (JmxRegister.java:tryRegister(44)) - Successfully registered JMX Bean with object name Ratis:service=RaftServer,group=group-DF9DB24D4D4F,id=b6d97d53-aa91-4e57-a6a4-520098ede0e0
2020-11-25 02:33:47,274 [pool-207-thread-1] INFO  metrics.RatisMetrics (RatisMetrics.java:lambda$create$0(36)) - Creating Metrics Registry : ratis.state_machine.b6d97d53-aa91-4e57-a6a4-520098ede0e0@group-DF9DB24D4D4F
2020-11-25 02:33:47,293 [Command processor thread] INFO  metrics.RatisMetrics (RatisMetrics.java:lambda$create$0(36)) - Creating Metrics Registry : ratis.client_message_metrics.client-6F58E0B35AE7->1e088f42-7967-4bed-bfe8-98dc90046f57
2020-11-25 02:33:47,298 [grpc-default-executor-0] INFO  metrics.RatisMetrics (RatisMetrics.java:lambda$create$0(36)) - Creating Metrics Registry : ratis.server_message_metrics.1e088f42-7967-4bed-bfe8-98dc90046f57
2020-11-25 02:33:47,300 [grpc-default-executor-0] INFO  impl.RaftServerProxy (RaftServerProxy.java:addNew(93)) - 1e088f42-7967-4bed-bfe8-98dc90046f57: addNew group-DF9DB24D4D4F:[b6d97d53-aa91-4e57-a6a4-520098ede0e0|rpc:172.17.0.2:36527|dataStream:, 1e088f42-7967-4bed-bfe8-98dc90046f57|rpc:172.17.0.2:33037|dataStream:, e43fd066-151b-4ea1-913f-b553867c15bd|rpc:172.17.0.2:36745|dataStream:] returns group-DF9DB24D4D4F:java.util.concurrent.CompletableFuture@4c17c143[Not completed]
2020-11-25 02:33:47,301 [pool-191-thread-1] INFO  impl.RaftServerImpl (RaftServerImpl.java:<init>(121)) - 1e088f42-7967-4bed-bfe8-98dc90046f57: new RaftServerImpl for group-DF9DB24D4D4F:[b6d97d53-aa91-4e57-a6a4-520098ede0e0|rpc:172.17.0.2:36527|dataStream:, 1e088f42-7967-4bed-bfe8-98dc90046f57|rpc:172.17.0.2:33037|dataStream:, e43fd066-151b-4ea1-913f-b553867c15bd|rpc:172.17.0.2:36745|dataStream:] with ContainerStateMachine:uninitialized
2020-11-25 02:33:47,301 [pool-191-thread-1] INFO  server.RaftServerConfigKeys (ConfUtils.java:logGet(44)) - raft.server.rpc.timeout.min = 5s (custom)
2020-11-25 02:33:47,301 [pool-191-thread-1] INFO  server.RaftServerConfigKeys (ConfUtils.java:logGet(44)) - raft.server.rpc.timeout.max = 5200ms (custom)
2020-11-25 02:33:47,301 [pool-191-thread-1] INFO  server.RaftServerConfigKeys (ConfUtils.java:logGet(44)) - raft.server.rpc.slowness.timeout = 300s (custom)
2020-11-25 02:33:47,301 [pool-191-thread-1] INFO  server.RaftServerConfigKeys (ConfUtils.java:logGet(44)) - raft.server.leaderelection.leader.step-down.wait-time = 10s (default)
2020-11-25 02:33:47,301 [pool-191-thread-1] INFO  server.RaftServerConfigKeys (ConfUtils.java:logGet(44)) - raft.server.sleep.deviation.threshold = 300 (default)
2020-11-25 02:33:47,302 [pool-191-thread-1] INFO  server.RaftServerConfigKeys (ConfUtils.java:logGet(44)) - raft.server.log.appender.install.snapshot.enabled = false (custom)
2020-11-25 02:33:47,302 [pool-191-thread-1] INFO  impl.RaftServerImpl (ServerState.java:<init>(104)) - 1e088f42-7967-4bed-bfe8-98dc90046f57@group-DF9DB24D4D4F: ConfigurationManager, init=-1: [b6d97d53-aa91-4e57-a6a4-520098ede0e0|rpc:172.17.0.2:36527|dataStream:, 1e088f42-7967-4bed-bfe8-98dc90046f57|rpc:172.17.0.2:33037|dataStream:, e43fd066-151b-4ea1-913f-b553867c15bd|rpc:172.17.0.2:36745|dataStream:], old=null, confs=<EMPTY_MAP>
2020-11-25 02:33:47,302 [pool-191-thread-1] INFO  server.RaftServerConfigKeys (ConfUtils.java:logGet(44)) - raft.server.storage.dir = [/github/workspace/mnt/ozone/hadoop-ozone/integration-test/target/test-dir/MiniOzoneClusterImpl-d0d42c39-6fc7-42e8-b6c5-559d28f27a21/datanode-1/data/ratis] (custom)
2020-11-25 02:33:47,302 [pool-191-thread-1] INFO  server.RaftServerConfigKeys (ConfUtils.java:logGet(44)) - raft.server.log.corruption.policy = EXCEPTION (default)
2020-11-25 02:33:47,302 [pool-191-thread-1] INFO  storage.RaftStorageDirectory (RaftStorageDirectory.java:analyzeStorage(261)) - The storage directory /github/workspace/mnt/ozone/hadoop-ozone/integration-test/target/test-dir/MiniOzoneClusterImpl-d0d42c39-6fc7-42e8-b6c5-559d28f27a21/datanode-1/data/ratis/7f279ace-28f5-42a0-8910-df9db24d4d4f does not exist. Creating ...
2020-11-25 02:33:47,303 [pool-191-thread-1] INFO  storage.RaftStorageDirectory (RaftStorageDirectory.java:tryLock(343)) - Lock on /github/workspace/mnt/ozone/hadoop-ozone/integration-test/target/test-dir/MiniOzoneClusterImpl-d0d42c39-6fc7-42e8-b6c5-559d28f27a21/datanode-1/data/ratis/7f279ace-28f5-42a0-8910-df9db24d4d4f/in_use.lock acquired by nodename 12892@3d7159965374
2020-11-25 02:33:47,304 [pool-191-thread-1] INFO  storage.RaftStorage (RaftStorage.java:format(85)) - Storage directory /github/workspace/mnt/ozone/hadoop-ozone/integration-test/target/test-dir/MiniOzoneClusterImpl-d0d42c39-6fc7-42e8-b6c5-559d28f27a21/datanode-1/data/ratis/7f279ace-28f5-42a0-8910-df9db24d4d4f has been successfully formatted.
2020-11-25 02:33:47,304 [pool-191-thread-1] INFO  ratis.ContainerStateMachine (ContainerStateMachine.java:loadSnapshot(225)) - group-DF9DB24D4D4F: The snapshot info is null. Setting the last applied indexto:(t:0, i:~)
2020-11-25 02:33:47,305 [pool-191-thread-1] INFO  server.RaftServerConfigKeys (ConfUtils.java:logGet(44)) - raft.server.notification.no-leader.timeout = 300s (custom)
2020-11-25 02:33:47,305 [pool-191-thread-1] INFO  server.RaftServerConfigKeys (ConfUtils.java:logGet(44)) - raft.server.log.use.memory = false (default)
2020-11-25 02:33:47,305 [EventQueue-PipelineReportForOneReplicaPipelineSafeModeRule] INFO  safemode.SCMSafeModeManager (SCMSafeModeManager.java:validateSafeModeExitRules(214)) - AtleastOneDatanodeReportedRule rule is successfully validated
2020-11-25 02:33:47,305 [pool-191-thread-1] INFO  server.RaftServerConfigKeys (ConfUtils.java:logGet(44)) - raft.server.log.purge.gap = 1000000 (custom)
2020-11-25 02:33:47,305 [pool-191-thread-1] INFO  metrics.RatisMetrics (RatisMetrics.java:lambda$create$0(36)) - Creating Metrics Registry : ratis.log_worker.1e088f42-7967-4bed-bfe8-98dc90046f57@group-DF9DB24D4D4F
2020-11-25 02:33:47,306 [pool-191-thread-1] INFO  server.RaftServerConfigKeys (ConfUtils.java:logGet(44)) - raft.server.log.appender.buffer.byte-limit = 33554432 (custom)
2020-11-25 02:33:47,306 [pool-191-thread-1] INFO  server.RaftServerConfigKeys (ConfUtils.java:logGet(44)) - raft.server.log.segment.size.max = 1048576 (custom)
2020-11-25 02:33:47,306 [pool-191-thread-1] INFO  server.RaftServerConfigKeys (ConfUtils.java:logGet(44)) - raft.server.log.segment.cache.num.max = 2 (custom)
2020-11-25 02:33:47,306 [pool-191-thread-1] INFO  segmented.SegmentedRaftLogWorker (SegmentedRaftLogWorker.java:<init>(180)) - new 1e088f42-7967-4bed-bfe8-98dc90046f57@group-DF9DB24D4D4F-SegmentedRaftLogWorker for RaftStorage:Storage Directory /github/workspace/mnt/ozone/hadoop-ozone/integration-test/target/test-dir/MiniOzoneClusterImpl-d0d42c39-6fc7-42e8-b6c5-559d28f27a21/datanode-1/data/ratis/7f279ace-28f5-42a0-8910-df9db24d4d4f
2020-11-25 02:33:47,306 [pool-191-thread-1] INFO  server.RaftServerConfigKeys (ConfUtils.java:logGet(44)) - raft.server.log.queue.byte-limit = 2147483647 (custom)
2020-11-25 02:33:47,306 [pool-191-thread-1] INFO  server.RaftServerConfigKeys (ConfUtils.java:logGet(44)) - raft.server.log.queue.element-limit = 1024 (custom)
2020-11-25 02:33:47,306 [pool-191-thread-1] INFO  server.RaftServerConfigKeys (ConfUtils.java:logGet(44)) - raft.server.log.segment.size.max = 1048576 (custom)
2020-11-25 02:33:47,307 [pool-191-thread-1] INFO  server.RaftServerConfigKeys (ConfUtils.java:logGet(44)) - raft.server.log.preallocated.size = 16384 (custom)
2020-11-25 02:33:47,307 [pool-191-thread-1] INFO  server.RaftServerConfigKeys (ConfUtils.java:logGet(44)) - raft.server.log.write.buffer.size = 1048576 (custom)
2020-11-25 02:33:47,307 [pool-191-thread-1] INFO  server.RaftServerConfigKeys (ConfUtils.java:logGet(44)) - raft.server.log.force.sync.num = 128 (default)
2020-11-25 02:33:47,307 [pool-191-thread-1] INFO  server.RaftServerConfigKeys (ConfUtils.java:logGet(44)) - raft.server.log.statemachine.data.sync = true (default)
2020-11-25 02:33:47,307 [pool-191-thread-1] INFO  server.RaftServerConfigKeys (ConfUtils.java:logGet(44)) - raft.server.log.statemachine.data.sync.timeout = 10s (default)
2020-11-25 02:33:47,307 [pool-191-thread-1] INFO  server.RaftServerConfigKeys (ConfUtils.java:logGet(44)) - raft.server.log.statemachine.data.sync.timeout.retry = -1 (default)
2020-11-25 02:33:47,309 [pool-191-thread-1] INFO  server.RaftServerConfigKeys (ConfUtils.java:logGet(44)) - raft.server.log.statemachine.data.caching.enabled = true (custom)
2020-11-25 02:33:47,309 [pool-191-thread-1] INFO  segmented.SegmentedRaftLogWorker (SegmentedRaftLogWorker.java:lambda$new$0(129)) - 1e088f42-7967-4bed-bfe8-98dc90046f57@group-DF9DB24D4D4F-SegmentedRaftLogWorker: flushIndex: setUnconditionally 0 -> -1
2020-11-25 02:33:47,309 [pool-191-thread-1] INFO  segmented.SegmentedRaftLogWorker (SegmentedRaftLogWorker.java:lambda$new$0(129)) - 1e088f42-7967-4bed-bfe8-98dc90046f57@group-DF9DB24D4D4F-SegmentedRaftLogWorker: safeCacheEvictIndex: setUnconditionally 0 -> -1
2020-11-25 02:33:47,312 [pool-191-thread-1] INFO  server.RaftServerConfigKeys (ConfUtils.java:logGet(44)) - raft.server.snapshot.auto.trigger.enabled = true (custom)
2020-11-25 02:33:47,312 [pool-191-thread-1] INFO  server.RaftServerConfigKeys (ConfUtils.java:logGet(44)) - raft.server.snapshot.auto.trigger.threshold = 10000 (custom)
2020-11-25 02:33:47,312 [pool-191-thread-1] INFO  server.RaftServerConfigKeys (ConfUtils.java:logGet(44)) - raft.server.snapshot.retention.file.num = 5 (custom)
2020-11-25 02:33:47,312 [pool-191-thread-1] INFO  server.RaftServerConfigKeys (ConfUtils.java:logGet(44)) - raft.server.log.purge.upto.snapshot.index = false (default)
2020-11-25 02:33:47,312 [pool-191-thread-1] INFO  server.RaftServerConfigKeys (ConfUtils.java:logGet(44)) - raft.server.retrycache.expirytime = 600000ms (custom)
2020-11-25 02:33:47,313 [pool-191-thread-1] INFO  metrics.RatisMetrics (RatisMetrics.java:lambda$create$0(36)) - Creating Metrics Registry : ratis.leader_election.1e088f42-7967-4bed-bfe8-98dc90046f57@group-DF9DB24D4D4F
2020-11-25 02:33:47,313 [pool-191-thread-1] INFO  metrics.RatisMetrics (RatisMetrics.java:lambda$create$0(36)) - Creating Metrics Registry : ratis.server.1e088f42-7967-4bed-bfe8-98dc90046f57@group-DF9DB24D4D4F
2020-11-25 02:33:47,314 [pool-191-thread-1] INFO  impl.RaftServerImpl (RaftServerImpl.java:start(215)) - 1e088f42-7967-4bed-bfe8-98dc90046f57@group-DF9DB24D4D4F: start as a follower, conf=-1: [b6d97d53-aa91-4e57-a6a4-520098ede0e0|rpc:172.17.0.2:36527|dataStream:, 1e088f42-7967-4bed-bfe8-98dc90046f57|rpc:172.17.0.2:33037|dataStream:, e43fd066-151b-4ea1-913f-b553867c15bd|rpc:172.17.0.2:36745|dataStream:], old=null
2020-11-25 02:33:47,314 [pool-191-thread-1] INFO  impl.RaftServerImpl (RaftServerImpl.java:setRole(204)) - 1e088f42-7967-4bed-bfe8-98dc90046f57@group-DF9DB24D4D4F: changes role from      null to FOLLOWER at term 0 for startAsFollower
2020-11-25 02:33:47,314 [pool-191-thread-1] INFO  impl.RoleInfo (RoleInfo.java:updateAndGet(143)) - 1e088f42-7967-4bed-bfe8-98dc90046f57: start 1e088f42-7967-4bed-bfe8-98dc90046f57@group-DF9DB24D4D4F-FollowerState
2020-11-25 02:33:47,316 [pool-191-thread-1] INFO  util.JmxRegister (JmxRegister.java:tryRegister(44)) - Successfully registered JMX Bean with object name Ratis:service=RaftServer,group=group-DF9DB24D4D4F,id=1e088f42-7967-4bed-bfe8-98dc90046f57
2020-11-25 02:33:47,316 [pool-191-thread-1] INFO  metrics.RatisMetrics (RatisMetrics.java:lambda$create$0(36)) - Creating Metrics Registry : ratis.state_machine.1e088f42-7967-4bed-bfe8-98dc90046f57@group-DF9DB24D4D4F
2020-11-25 02:33:47,323 [Command processor thread] INFO  commandhandler.CreatePipelineCommandHandler (CreatePipelineCommandHandler.java:handle(106)) - Created Pipeline RATIS THREE PipelineID=7f279ace-28f5-42a0-8910-df9db24d4d4f.
2020-11-25 02:33:47,326 [grpc-nio-worker-ELG-3-1] WARN  nio.NioEventLoop (NioEventLoop.java:unexpectedSelectorWakeup(554)) - Selector.select() returned prematurely 512 times in a row; rebuilding Selector org.apache.ratis.thirdparty.io.netty.channel.nio.SelectedSelectionKeySetSelector@17fd1631.
2020-11-25 02:33:47,326 [grpc-nio-worker-ELG-3-1] INFO  nio.NioEventLoop (NioEventLoop.java:rebuildSelector0(430)) - Migrated 0 channel(s) to the new Selector.
2020-11-25 02:33:47,333 [Listener at 127.0.0.1/34527] INFO  ozone.MiniOzoneClusterImpl (MiniOzoneClusterImpl.java:lambda$waitForClusterToBeReady$0(178)) - Nodes are ready. Got 7 of 7 DN Heartbeats.
2020-11-25 02:33:47,333 [Listener at 127.0.0.1/34527] INFO  ozone.MiniOzoneClusterImpl (MiniOzoneClusterImpl.java:lambda$waitForClusterToBeReady$0(181)) - Waiting for cluster to exit safe mode
2020-11-25 02:33:47,393 [Command processor thread] INFO  impl.RaftServerProxy (RaftServerProxy.java:addNew(93)) - 1e088f42-7967-4bed-bfe8-98dc90046f57: addNew group-2605D3F5949C:[1e088f42-7967-4bed-bfe8-98dc90046f57|rpc:172.17.0.2:33037] returns group-2605D3F5949C:java.util.concurrent.CompletableFuture@108d548[Not completed]
2020-11-25 02:33:47,394 [pool-191-thread-1] INFO  impl.RaftServerImpl (RaftServerImpl.java:<init>(121)) - 1e088f42-7967-4bed-bfe8-98dc90046f57: new RaftServerImpl for group-2605D3F5949C:[1e088f42-7967-4bed-bfe8-98dc90046f57|rpc:172.17.0.2:33037] with ContainerStateMachine:uninitialized
2020-11-25 02:33:47,394 [pool-191-thread-1] INFO  server.RaftServerConfigKeys (ConfUtils.java:logGet(44)) - raft.server.rpc.timeout.min = 5s (custom)
2020-11-25 02:33:47,394 [pool-191-thread-1] INFO  server.RaftServerConfigKeys (ConfUtils.java:logGet(44)) - raft.server.rpc.timeout.max = 5200ms (custom)
2020-11-25 02:33:47,394 [pool-191-thread-1] INFO  server.RaftServerConfigKeys (ConfUtils.java:logGet(44)) - raft.server.rpc.slowness.timeout = 300s (custom)
2020-11-25 02:33:47,394 [pool-191-thread-1] INFO  server.RaftServerConfigKeys (ConfUtils.java:logGet(44)) - raft.server.leaderelection.leader.step-down.wait-time = 10s (default)
2020-11-25 02:33:47,394 [pool-191-thread-1] INFO  server.RaftServerConfigKeys (ConfUtils.java:logGet(44)) - raft.server.sleep.deviation.threshold = 300 (default)
2020-11-25 02:33:47,394 [pool-191-thread-1] INFO  server.RaftServerConfigKeys (ConfUtils.java:logGet(44)) - raft.server.log.appender.install.snapshot.enabled = false (custom)
2020-11-25 02:33:47,394 [pool-191-thread-1] INFO  impl.RaftServerImpl (ServerState.java:<init>(104)) - 1e088f42-7967-4bed-bfe8-98dc90046f57@group-2605D3F5949C: ConfigurationManager, init=-1: [1e088f42-7967-4bed-bfe8-98dc90046f57|rpc:172.17.0.2:33037], old=null, confs=<EMPTY_MAP>
2020-11-25 02:33:47,394 [pool-191-thread-1] INFO  server.RaftServerConfigKeys (ConfUtils.java:logGet(44)) - raft.server.storage.dir = [/github/workspace/mnt/ozone/hadoop-ozone/integration-test/target/test-dir/MiniOzoneClusterImpl-d0d42c39-6fc7-42e8-b6c5-559d28f27a21/datanode-1/data/ratis] (custom)
2020-11-25 02:33:47,394 [pool-191-thread-1] INFO  server.RaftServerConfigKeys (ConfUtils.java:logGet(44)) - raft.server.log.corruption.policy = EXCEPTION (default)
2020-11-25 02:33:47,395 [pool-191-thread-1] INFO  storage.RaftStorageDirectory (RaftStorageDirectory.java:analyzeStorage(261)) - The storage directory /github/workspace/mnt/ozone/hadoop-ozone/integration-test/target/test-dir/MiniOzoneClusterImpl-d0d42c39-6fc7-42e8-b6c5-559d28f27a21/datanode-1/data/ratis/529596ef-2325-4a83-b9d0-2605d3f5949c does not exist. Creating ...
2020-11-25 02:33:47,396 [pool-191-thread-1] INFO  storage.RaftStorageDirectory (RaftStorageDirectory.java:tryLock(343)) - Lock on /github/workspace/mnt/ozone/hadoop-ozone/integration-test/target/test-dir/MiniOzoneClusterImpl-d0d42c39-6fc7-42e8-b6c5-559d28f27a21/datanode-1/data/ratis/529596ef-2325-4a83-b9d0-2605d3f5949c/in_use.lock acquired by nodename 12892@3d7159965374
2020-11-25 02:33:47,397 [pool-191-thread-1] INFO  storage.RaftStorage (RaftStorage.java:format(85)) - Storage directory /github/workspace/mnt/ozone/hadoop-ozone/integration-test/target/test-dir/MiniOzoneClusterImpl-d0d42c39-6fc7-42e8-b6c5-559d28f27a21/datanode-1/data/ratis/529596ef-2325-4a83-b9d0-2605d3f5949c has been successfully formatted.
2020-11-25 02:33:47,398 [pool-191-thread-1] INFO  ratis.ContainerStateMachine (ContainerStateMachine.java:loadSnapshot(225)) - group-2605D3F5949C: The snapshot info is null. Setting the last applied indexto:(t:0, i:~)
2020-11-25 02:33:47,398 [EventQueue-PipelineReportForOneReplicaPipelineSafeModeRule] INFO  safemode.SCMSafeModeManager (SCMSafeModeManager.java:validateSafeModeExitRules(214)) - AtleastOneDatanodeReportedRule rule is successfully validated
2020-11-25 02:33:47,399 [pool-191-thread-1] INFO  server.RaftServerConfigKeys (ConfUtils.java:logGet(44)) - raft.server.notification.no-leader.timeout = 300s (custom)
2020-11-25 02:33:47,398 [EventQueue-PipelineReportForPipelineReportHandler] INFO  pipeline.PipelineStateManager (PipelineStateManager.java:openPipeline(132)) - Pipeline Pipeline[ Id: 529596ef-2325-4a83-b9d0-2605d3f5949c, Nodes: 1e088f42-7967-4bed-bfe8-98dc90046f57{ip: 172.17.0.2, host: 3d7159965374, networkLocation: /default-rack, certSerialId: null}, Type:RATIS, Factor:ONE, State:ALLOCATED, leaderId:1e088f42-7967-4bed-bfe8-98dc90046f57, CreationTimestamp2020-11-25T02:33:44.394Z] moved to OPEN state
2020-11-25 02:33:47,400 [EventQueue-OpenPipelineForHealthyPipelineSafeModeRule] INFO  safemode.SCMSafeModeManager (HealthyPipelineSafeModeRule.java:process(128)) - SCM in safe mode. Healthy pipelines reported count is 0, required healthy pipeline reported count is 1
2020-11-25 02:33:47,400 [pool-191-thread-1] INFO  server.RaftServerConfigKeys (ConfUtils.java:logGet(44)) - raft.server.log.use.memory = false (default)
2020-11-25 02:33:47,400 [pool-191-thread-1] INFO  server.RaftServerConfigKeys (ConfUtils.java:logGet(44)) - raft.server.log.purge.gap = 1000000 (custom)
2020-11-25 02:33:47,400 [pool-191-thread-1] INFO  metrics.RatisMetrics (RatisMetrics.java:lambda$create$0(36)) - Creating Metrics Registry : ratis.log_worker.1e088f42-7967-4bed-bfe8-98dc90046f57@group-2605D3F5949C
2020-11-25 02:33:47,401 [pool-191-thread-1] INFO  server.RaftServerConfigKeys (ConfUtils.java:logGet(44)) - raft.server.log.appender.buffer.byte-limit = 33554432 (custom)
2020-11-25 02:33:47,401 [pool-191-thread-1] INFO  server.RaftServerConfigKeys (ConfUtils.java:logGet(44)) - raft.server.log.segment.size.max = 1048576 (custom)
2020-11-25 02:33:47,401 [pool-191-thread-1] INFO  server.RaftServerConfigKeys (ConfUtils.java:logGet(44)) - raft.server.log.segment.cache.num.max = 2 (custom)
2020-11-25 02:33:47,401 [pool-191-thread-1] INFO  segmented.SegmentedRaftLogWorker (SegmentedRaftLogWorker.java:<init>(180)) - new 1e088f42-7967-4bed-bfe8-98dc90046f57@group-2605D3F5949C-SegmentedRaftLogWorker for RaftStorage:Storage Directory /github/workspace/mnt/ozone/hadoop-ozone/integration-test/target/test-dir/MiniOzoneClusterImpl-d0d42c39-6fc7-42e8-b6c5-559d28f27a21/datanode-1/data/ratis/529596ef-2325-4a83-b9d0-2605d3f5949c
2020-11-25 02:33:47,401 [pool-191-thread-1] INFO  server.RaftServerConfigKeys (ConfUtils.java:logGet(44)) - raft.server.log.queue.byte-limit = 2147483647 (custom)
2020-11-25 02:33:47,401 [pool-191-thread-1] INFO  server.RaftServerConfigKeys (ConfUtils.java:logGet(44)) - raft.server.log.queue.element-limit = 1024 (custom)
2020-11-25 02:33:47,402 [pool-191-thread-1] INFO  server.RaftServerConfigKeys (ConfUtils.java:logGet(44)) - raft.server.log.segment.size.max = 1048576 (custom)
2020-11-25 02:33:47,402 [pool-191-thread-1] INFO  server.RaftServerConfigKeys (ConfUtils.java:logGet(44)) - raft.server.log.preallocated.size = 16384 (custom)
2020-11-25 02:33:47,402 [pool-191-thread-1] INFO  server.RaftServerConfigKeys (ConfUtils.java:logGet(44)) - raft.server.log.write.buffer.size = 1048576 (custom)
2020-11-25 02:33:47,402 [pool-191-thread-1] INFO  server.RaftServerConfigKeys (ConfUtils.java:logGet(44)) - raft.server.log.force.sync.num = 128 (default)
2020-11-25 02:33:47,402 [pool-191-thread-1] INFO  server.RaftServerConfigKeys (ConfUtils.java:logGet(44)) - raft.server.log.statemachine.data.sync = true (default)
2020-11-25 02:33:47,402 [pool-191-thread-1] INFO  server.RaftServerConfigKeys (ConfUtils.java:logGet(44)) - raft.server.log.statemachine.data.sync.timeout = 10s (default)
2020-11-25 02:33:47,402 [pool-191-thread-1] INFO  server.RaftServerConfigKeys (ConfUtils.java:logGet(44)) - raft.server.log.statemachine.data.sync.timeout.retry = -1 (default)
2020-11-25 02:33:47,404 [pool-191-thread-1] INFO  server.RaftServerConfigKeys (ConfUtils.java:logGet(44)) - raft.server.log.statemachine.data.caching.enabled = true (custom)
2020-11-25 02:33:47,404 [pool-191-thread-1] INFO  segmented.SegmentedRaftLogWorker (SegmentedRaftLogWorker.java:lambda$new$0(129)) - 1e088f42-7967-4bed-bfe8-98dc90046f57@group-2605D3F5949C-SegmentedRaftLogWorker: flushIndex: setUnconditionally 0 -> -1
2020-11-25 02:33:47,404 [pool-191-thread-1] INFO  segmented.SegmentedRaftLogWorker (SegmentedRaftLogWorker.java:lambda$new$0(129)) - 1e088f42-7967-4bed-bfe8-98dc90046f57@group-2605D3F5949C-SegmentedRaftLogWorker: safeCacheEvictIndex: setUnconditionally 0 -> -1
2020-11-25 02:33:47,404 [pool-191-thread-1] INFO  server.RaftServerConfigKeys (ConfUtils.java:logGet(44)) - raft.server.snapshot.auto.trigger.enabled = true (custom)
2020-11-25 02:33:47,404 [pool-191-thread-1] INFO  server.RaftServerConfigKeys (ConfUtils.java:logGet(44)) - raft.server.snapshot.auto.trigger.threshold = 10000 (custom)
2020-11-25 02:33:47,404 [pool-191-thread-1] INFO  server.RaftServerConfigKeys (ConfUtils.java:logGet(44)) - raft.server.snapshot.retention.file.num = 5 (custom)
2020-11-25 02:33:47,404 [pool-191-thread-1] INFO  server.RaftServerConfigKeys (ConfUtils.java:logGet(44)) - raft.server.log.purge.upto.snapshot.index = false (default)
2020-11-25 02:33:47,404 [pool-191-thread-1] INFO  server.RaftServerConfigKeys (ConfUtils.java:logGet(44)) - raft.server.retrycache.expirytime = 600000ms (custom)
2020-11-25 02:33:47,405 [pool-191-thread-1] INFO  metrics.RatisMetrics (RatisMetrics.java:lambda$create$0(36)) - Creating Metrics Registry : ratis.leader_election.1e088f42-7967-4bed-bfe8-98dc90046f57@group-2605D3F5949C
2020-11-25 02:33:47,405 [pool-191-thread-1] INFO  metrics.RatisMetrics (RatisMetrics.java:lambda$create$0(36)) - Creating Metrics Registry : ratis.server.1e088f42-7967-4bed-bfe8-98dc90046f57@group-2605D3F5949C
2020-11-25 02:33:47,406 [pool-191-thread-1] INFO  impl.RaftServerImpl (RaftServerImpl.java:start(215)) - 1e088f42-7967-4bed-bfe8-98dc90046f57@group-2605D3F5949C: start as a follower, conf=-1: [1e088f42-7967-4bed-bfe8-98dc90046f57|rpc:172.17.0.2:33037], old=null
2020-11-25 02:33:47,406 [pool-191-thread-1] INFO  impl.RaftServerImpl (RaftServerImpl.java:setRole(204)) - 1e088f42-7967-4bed-bfe8-98dc90046f57@group-2605D3F5949C: changes role from      null to FOLLOWER at term 0 for startAsFollower
2020-11-25 02:33:47,406 [pool-191-thread-1] INFO  impl.RoleInfo (RoleInfo.java:updateAndGet(143)) - 1e088f42-7967-4bed-bfe8-98dc90046f57: start 1e088f42-7967-4bed-bfe8-98dc90046f57@group-2605D3F5949C-FollowerState
2020-11-25 02:33:47,406 [pool-191-thread-1] INFO  util.JmxRegister (JmxRegister.java:tryRegister(44)) - Successfully registered JMX Bean with object name Ratis:service=RaftServer,group=group-2605D3F5949C,id=1e088f42-7967-4bed-bfe8-98dc90046f57
2020-11-25 02:33:47,406 [pool-191-thread-1] INFO  metrics.RatisMetrics (RatisMetrics.java:lambda$create$0(36)) - Creating Metrics Registry : ratis.state_machine.1e088f42-7967-4bed-bfe8-98dc90046f57@group-2605D3F5949C
2020-11-25 02:33:47,407 [Command processor thread] INFO  commandhandler.CreatePipelineCommandHandler (CreatePipelineCommandHandler.java:handle(106)) - Created Pipeline RATIS ONE PipelineID=529596ef-2325-4a83-b9d0-2605d3f5949c.
2020-11-25 02:33:47,573 [Command processor thread] INFO  impl.RaftServerProxy (RaftServerProxy.java:addNew(93)) - b6d97d53-aa91-4e57-a6a4-520098ede0e0: addNew group-45A55EF751B1:[b6d97d53-aa91-4e57-a6a4-520098ede0e0|rpc:172.17.0.2:36527] returns group-45A55EF751B1:java.util.concurrent.CompletableFuture@6c3d942c[Not completed]
2020-11-25 02:33:47,574 [pool-207-thread-1] INFO  impl.RaftServerImpl (RaftServerImpl.java:<init>(121)) - b6d97d53-aa91-4e57-a6a4-520098ede0e0: new RaftServerImpl for group-45A55EF751B1:[b6d97d53-aa91-4e57-a6a4-520098ede0e0|rpc:172.17.0.2:36527] with ContainerStateMachine:uninitialized
2020-11-25 02:33:47,574 [pool-207-thread-1] INFO  server.RaftServerConfigKeys (ConfUtils.java:logGet(44)) - raft.server.rpc.timeout.min = 5s (custom)
2020-11-25 02:33:47,574 [pool-207-thread-1] INFO  server.RaftServerConfigKeys (ConfUtils.java:logGet(44)) - raft.server.rpc.timeout.max = 5200ms (custom)
2020-11-25 02:33:47,574 [pool-207-thread-1] INFO  server.RaftServerConfigKeys (ConfUtils.java:logGet(44)) - raft.server.rpc.slowness.timeout = 300s (custom)
2020-11-25 02:33:47,574 [pool-207-thread-1] INFO  server.RaftServerConfigKeys (ConfUtils.java:logGet(44)) - raft.server.leaderelection.leader.step-down.wait-time = 10s (default)
2020-11-25 02:33:47,574 [pool-207-thread-1] INFO  server.RaftServerConfigKeys (ConfUtils.java:logGet(44)) - raft.server.sleep.deviation.threshold = 300 (default)
2020-11-25 02:33:47,574 [pool-207-thread-1] INFO  server.RaftServerConfigKeys (ConfUtils.java:logGet(44)) - raft.server.log.appender.install.snapshot.enabled = false (custom)
2020-11-25 02:33:47,574 [pool-207-thread-1] INFO  impl.RaftServerImpl (ServerState.java:<init>(104)) - b6d97d53-aa91-4e57-a6a4-520098ede0e0@group-45A55EF751B1: ConfigurationManager, init=-1: [b6d97d53-aa91-4e57-a6a4-520098ede0e0|rpc:172.17.0.2:36527], old=null, confs=<EMPTY_MAP>
2020-11-25 02:33:47,574 [pool-207-thread-1] INFO  server.RaftServerConfigKeys (ConfUtils.java:logGet(44)) - raft.server.storage.dir = [/github/workspace/mnt/ozone/hadoop-ozone/integration-test/target/test-dir/MiniOzoneClusterImpl-d0d42c39-6fc7-42e8-b6c5-559d28f27a21/datanode-2/data/ratis] (custom)
2020-11-25 02:33:47,574 [pool-207-thread-1] INFO  server.RaftServerConfigKeys (ConfUtils.java:logGet(44)) - raft.server.log.corruption.policy = EXCEPTION (default)
2020-11-25 02:33:47,574 [pool-207-thread-1] INFO  storage.RaftStorageDirectory (RaftStorageDirectory.java:analyzeStorage(261)) - The storage directory /github/workspace/mnt/ozone/hadoop-ozone/integration-test/target/test-dir/MiniOzoneClusterImpl-d0d42c39-6fc7-42e8-b6c5-559d28f27a21/datanode-2/data/ratis/ec9e71af-db77-430e-8e33-45a55ef751b1 does not exist. Creating ...
2020-11-25 02:33:47,575 [pool-207-thread-1] INFO  storage.RaftStorageDirectory (RaftStorageDirectory.java:tryLock(343)) - Lock on /github/workspace/mnt/ozone/hadoop-ozone/integration-test/target/test-dir/MiniOzoneClusterImpl-d0d42c39-6fc7-42e8-b6c5-559d28f27a21/datanode-2/data/ratis/ec9e71af-db77-430e-8e33-45a55ef751b1/in_use.lock acquired by nodename 12892@3d7159965374
2020-11-25 02:33:47,576 [pool-207-thread-1] INFO  storage.RaftStorage (RaftStorage.java:format(85)) - Storage directory /github/workspace/mnt/ozone/hadoop-ozone/integration-test/target/test-dir/MiniOzoneClusterImpl-d0d42c39-6fc7-42e8-b6c5-559d28f27a21/datanode-2/data/ratis/ec9e71af-db77-430e-8e33-45a55ef751b1 has been successfully formatted.
2020-11-25 02:33:47,576 [pool-207-thread-1] INFO  ratis.ContainerStateMachine (ContainerStateMachine.java:loadSnapshot(225)) - group-45A55EF751B1: The snapshot info is null. Setting the last applied indexto:(t:0, i:~)
2020-11-25 02:33:47,577 [pool-207-thread-1] INFO  server.RaftServerConfigKeys (ConfUtils.java:logGet(44)) - raft.server.notification.no-leader.timeout = 300s (custom)
2020-11-25 02:33:47,577 [EventQueue-PipelineReportForPipelineReportHandler] INFO  pipeline.PipelineStateManager (PipelineStateManager.java:openPipeline(132)) - Pipeline Pipeline[ Id: ec9e71af-db77-430e-8e33-45a55ef751b1, Nodes: b6d97d53-aa91-4e57-a6a4-520098ede0e0{ip: 172.17.0.2, host: 3d7159965374, networkLocation: /default-rack, certSerialId: null}, Type:RATIS, Factor:ONE, State:ALLOCATED, leaderId:b6d97d53-aa91-4e57-a6a4-520098ede0e0, CreationTimestamp2020-11-25T02:33:44.574Z] moved to OPEN state
2020-11-25 02:33:47,577 [EventQueue-PipelineReportForOneReplicaPipelineSafeModeRule] INFO  safemode.SCMSafeModeManager (SCMSafeModeManager.java:validateSafeModeExitRules(214)) - AtleastOneDatanodeReportedRule rule is successfully validated
2020-11-25 02:33:47,578 [EventQueue-OpenPipelineForHealthyPipelineSafeModeRule] INFO  safemode.SCMSafeModeManager (HealthyPipelineSafeModeRule.java:process(128)) - SCM in safe mode. Healthy pipelines reported count is 0, required healthy pipeline reported count is 1
2020-11-25 02:33:47,578 [pool-207-thread-1] INFO  server.RaftServerConfigKeys (ConfUtils.java:logGet(44)) - raft.server.log.use.memory = false (default)
2020-11-25 02:33:47,578 [pool-207-thread-1] INFO  server.RaftServerConfigKeys (ConfUtils.java:logGet(44)) - raft.server.log.purge.gap = 1000000 (custom)
2020-11-25 02:33:47,578 [pool-207-thread-1] INFO  metrics.RatisMetrics (RatisMetrics.java:lambda$create$0(36)) - Creating Metrics Registry : ratis.log_worker.b6d97d53-aa91-4e57-a6a4-520098ede0e0@group-45A55EF751B1
2020-11-25 02:33:47,578 [pool-207-thread-1] INFO  server.RaftServerConfigKeys (ConfUtils.java:logGet(44)) - raft.server.log.appender.buffer.byte-limit = 33554432 (custom)
2020-11-25 02:33:47,578 [pool-207-thread-1] INFO  server.RaftServerConfigKeys (ConfUtils.java:logGet(44)) - raft.server.log.segment.size.max = 1048576 (custom)
2020-11-25 02:33:47,579 [pool-207-thread-1] INFO  server.RaftServerConfigKeys (ConfUtils.java:logGet(44)) - raft.server.log.segment.cache.num.max = 2 (custom)
2020-11-25 02:33:47,579 [pool-207-thread-1] INFO  segmented.SegmentedRaftLogWorker (SegmentedRaftLogWorker.java:<init>(180)) - new b6d97d53-aa91-4e57-a6a4-520098ede0e0@group-45A55EF751B1-SegmentedRaftLogWorker for RaftStorage:Storage Directory /github/workspace/mnt/ozone/hadoop-ozone/integration-test/target/test-dir/MiniOzoneClusterImpl-d0d42c39-6fc7-42e8-b6c5-559d28f27a21/datanode-2/data/ratis/ec9e71af-db77-430e-8e33-45a55ef751b1
2020-11-25 02:33:47,579 [pool-207-thread-1] INFO  server.RaftServerConfigKeys (ConfUtils.java:logGet(44)) - raft.server.log.queue.byte-limit = 2147483647 (custom)
2020-11-25 02:33:47,579 [pool-207-thread-1] INFO  server.RaftServerConfigKeys (ConfUtils.java:logGet(44)) - raft.server.log.queue.element-limit = 1024 (custom)
2020-11-25 02:33:47,579 [pool-207-thread-1] INFO  server.RaftServerConfigKeys (ConfUtils.java:logGet(44)) - raft.server.log.segment.size.max = 1048576 (custom)
2020-11-25 02:33:47,579 [pool-207-thread-1] INFO  server.RaftServerConfigKeys (ConfUtils.java:logGet(44)) - raft.server.log.preallocated.size = 16384 (custom)
2020-11-25 02:33:47,579 [pool-207-thread-1] INFO  server.RaftServerConfigKeys (ConfUtils.java:logGet(44)) - raft.server.log.write.buffer.size = 1048576 (custom)
2020-11-25 02:33:47,579 [pool-207-thread-1] INFO  server.RaftServerConfigKeys (ConfUtils.java:logGet(44)) - raft.server.log.force.sync.num = 128 (default)
2020-11-25 02:33:47,579 [pool-207-thread-1] INFO  server.RaftServerConfigKeys (ConfUtils.java:logGet(44)) - raft.server.log.statemachine.data.sync = true (default)
2020-11-25 02:33:47,579 [pool-207-thread-1] INFO  server.RaftServerConfigKeys (ConfUtils.java:logGet(44)) - raft.server.log.statemachine.data.sync.timeout = 10s (default)
2020-11-25 02:33:47,580 [pool-207-thread-1] INFO  server.RaftServerConfigKeys (ConfUtils.java:logGet(44)) - raft.server.log.statemachine.data.sync.timeout.retry = -1 (default)
2020-11-25 02:33:47,581 [pool-207-thread-1] INFO  server.RaftServerConfigKeys (ConfUtils.java:logGet(44)) - raft.server.log.statemachine.data.caching.enabled = true (custom)
2020-11-25 02:33:47,581 [pool-207-thread-1] INFO  segmented.SegmentedRaftLogWorker (SegmentedRaftLogWorker.java:lambda$new$0(129)) - b6d97d53-aa91-4e57-a6a4-520098ede0e0@group-45A55EF751B1-SegmentedRaftLogWorker: flushIndex: setUnconditionally 0 -> -1
2020-11-25 02:33:47,581 [pool-207-thread-1] INFO  segmented.SegmentedRaftLogWorker (SegmentedRaftLogWorker.java:lambda$new$0(129)) - b6d97d53-aa91-4e57-a6a4-520098ede0e0@group-45A55EF751B1-SegmentedRaftLogWorker: safeCacheEvictIndex: setUnconditionally 0 -> -1
2020-11-25 02:33:47,583 [pool-207-thread-1] INFO  server.RaftServerConfigKeys (ConfUtils.java:logGet(44)) - raft.server.snapshot.auto.trigger.enabled = true (custom)
2020-11-25 02:33:47,583 [pool-207-thread-1] INFO  server.RaftServerConfigKeys (ConfUtils.java:logGet(44)) - raft.server.snapshot.auto.trigger.threshold = 10000 (custom)
2020-11-25 02:33:47,583 [pool-207-thread-1] INFO  server.RaftServerConfigKeys (ConfUtils.java:logGet(44)) - raft.server.snapshot.retention.file.num = 5 (custom)
2020-11-25 02:33:47,583 [pool-207-thread-1] INFO  server.RaftServerConfigKeys (ConfUtils.java:logGet(44)) - raft.server.log.purge.upto.snapshot.index = false (default)
2020-11-25 02:33:47,583 [pool-207-thread-1] INFO  server.RaftServerConfigKeys (ConfUtils.java:logGet(44)) - raft.server.retrycache.expirytime = 600000ms (custom)
2020-11-25 02:33:47,583 [pool-207-thread-1] INFO  metrics.RatisMetrics (RatisMetrics.java:lambda$create$0(36)) - Creating Metrics Registry : ratis.leader_election.b6d97d53-aa91-4e57-a6a4-520098ede0e0@group-45A55EF751B1
2020-11-25 02:33:47,584 [pool-207-thread-1] INFO  metrics.RatisMetrics (RatisMetrics.java:lambda$create$0(36)) - Creating Metrics Registry : ratis.server.b6d97d53-aa91-4e57-a6a4-520098ede0e0@group-45A55EF751B1
2020-11-25 02:33:47,584 [pool-207-thread-1] INFO  impl.RaftServerImpl (RaftServerImpl.java:start(215)) - b6d97d53-aa91-4e57-a6a4-520098ede0e0@group-45A55EF751B1: start as a follower, conf=-1: [b6d97d53-aa91-4e57-a6a4-520098ede0e0|rpc:172.17.0.2:36527], old=null
2020-11-25 02:33:47,585 [pool-207-thread-1] INFO  impl.RaftServerImpl (RaftServerImpl.java:setRole(204)) - b6d97d53-aa91-4e57-a6a4-520098ede0e0@group-45A55EF751B1: changes role from      null to FOLLOWER at term 0 for startAsFollower
2020-11-25 02:33:47,585 [pool-207-thread-1] INFO  impl.RoleInfo (RoleInfo.java:updateAndGet(143)) - b6d97d53-aa91-4e57-a6a4-520098ede0e0: start b6d97d53-aa91-4e57-a6a4-520098ede0e0@group-45A55EF751B1-FollowerState
2020-11-25 02:33:47,588 [pool-207-thread-1] INFO  util.JmxRegister (JmxRegister.java:tryRegister(44)) - Successfully registered JMX Bean with object name Ratis:service=RaftServer,group=group-45A55EF751B1,id=b6d97d53-aa91-4e57-a6a4-520098ede0e0
2020-11-25 02:33:47,588 [pool-207-thread-1] INFO  metrics.RatisMetrics (RatisMetrics.java:lambda$create$0(36)) - Creating Metrics Registry : ratis.state_machine.b6d97d53-aa91-4e57-a6a4-520098ede0e0@group-45A55EF751B1
2020-11-25 02:33:47,589 [Command processor thread] INFO  commandhandler.CreatePipelineCommandHandler (CreatePipelineCommandHandler.java:handle(106)) - Created Pipeline RATIS ONE PipelineID=ec9e71af-db77-430e-8e33-45a55ef751b1.
2020-11-25 02:33:47,592 [org.apache.ratis.server.JvmPauseMonitor@1b643258-Monitor] WARN  server.JvmPauseMonitor (JvmPauseMonitor.java:run(141)) - Detected pause in JVM or host machine (eg GC): pause of approximately 1ms
No GCs detected
2020-11-25 02:33:47,807 [Command processor thread] INFO  impl.RaftServerProxy (RaftServerProxy.java:addNew(93)) - cb5b50a0-f55f-4fdb-9d24-2575d150ae34: addNew group-EEE74DBD23D6:[cb5b50a0-f55f-4fdb-9d24-2575d150ae34|rpc:172.17.0.2:39075] returns group-EEE74DBD23D6:java.util.concurrent.CompletableFuture@5e4f5bd7[Not completed]
2020-11-25 02:33:47,808 [pool-223-thread-1] INFO  impl.RaftServerImpl (RaftServerImpl.java:<init>(121)) - cb5b50a0-f55f-4fdb-9d24-2575d150ae34: new RaftServerImpl for group-EEE74DBD23D6:[cb5b50a0-f55f-4fdb-9d24-2575d150ae34|rpc:172.17.0.2:39075] with ContainerStateMachine:uninitialized
2020-11-25 02:33:47,808 [pool-223-thread-1] INFO  server.RaftServerConfigKeys (ConfUtils.java:logGet(44)) - raft.server.rpc.timeout.min = 5s (custom)
2020-11-25 02:33:47,809 [pool-223-thread-1] INFO  server.RaftServerConfigKeys (ConfUtils.java:logGet(44)) - raft.server.rpc.timeout.max = 5200ms (custom)
2020-11-25 02:33:47,809 [pool-223-thread-1] INFO  server.RaftServerConfigKeys (ConfUtils.java:logGet(44)) - raft.server.rpc.slowness.timeout = 300s (custom)
2020-11-25 02:33:47,809 [pool-223-thread-1] INFO  server.RaftServerConfigKeys (ConfUtils.java:logGet(44)) - raft.server.leaderelection.leader.step-down.wait-time = 10s (default)
2020-11-25 02:33:47,809 [pool-223-thread-1] INFO  server.RaftServerConfigKeys (ConfUtils.java:logGet(44)) - raft.server.sleep.deviation.threshold = 300 (default)
2020-11-25 02:33:47,809 [pool-223-thread-1] INFO  server.RaftServerConfigKeys (ConfUtils.java:logGet(44)) - raft.server.log.appender.install.snapshot.enabled = false (custom)
2020-11-25 02:33:47,809 [pool-223-thread-1] INFO  impl.RaftServerImpl (ServerState.java:<init>(104)) - cb5b50a0-f55f-4fdb-9d24-2575d150ae34@group-EEE74DBD23D6: ConfigurationManager, init=-1: [cb5b50a0-f55f-4fdb-9d24-2575d150ae34|rpc:172.17.0.2:39075], old=null, confs=<EMPTY_MAP>
2020-11-25 02:33:47,809 [pool-223-thread-1] INFO  server.RaftServerConfigKeys (ConfUtils.java:logGet(44)) - raft.server.storage.dir = [/github/workspace/mnt/ozone/hadoop-ozone/integration-test/target/test-dir/MiniOzoneClusterImpl-d0d42c39-6fc7-42e8-b6c5-559d28f27a21/datanode-3/data/ratis] (custom)
2020-11-25 02:33:47,809 [pool-223-thread-1] INFO  server.RaftServerConfigKeys (ConfUtils.java:logGet(44)) - raft.server.log.corruption.policy = EXCEPTION (default)
2020-11-25 02:33:47,809 [pool-223-thread-1] INFO  storage.RaftStorageDirectory (RaftStorageDirectory.java:analyzeStorage(261)) - The storage directory /github/workspace/mnt/ozone/hadoop-ozone/integration-test/target/test-dir/MiniOzoneClusterImpl-d0d42c39-6fc7-42e8-b6c5-559d28f27a21/datanode-3/data/ratis/5c55f74b-3319-4c7e-b52b-eee74dbd23d6 does not exist. Creating ...
2020-11-25 02:33:47,812 [pool-223-thread-1] INFO  storage.RaftStorageDirectory (RaftStorageDirectory.java:tryLock(343)) - Lock on /github/workspace/mnt/ozone/hadoop-ozone/integration-test/target/test-dir/MiniOzoneClusterImpl-d0d42c39-6fc7-42e8-b6c5-559d28f27a21/datanode-3/data/ratis/5c55f74b-3319-4c7e-b52b-eee74dbd23d6/in_use.lock acquired by nodename 12892@3d7159965374
2020-11-25 02:33:47,813 [pool-223-thread-1] INFO  storage.RaftStorage (RaftStorage.java:format(85)) - Storage directory /github/workspace/mnt/ozone/hadoop-ozone/integration-test/target/test-dir/MiniOzoneClusterImpl-d0d42c39-6fc7-42e8-b6c5-559d28f27a21/datanode-3/data/ratis/5c55f74b-3319-4c7e-b52b-eee74dbd23d6 has been successfully formatted.
2020-11-25 02:33:47,813 [pool-223-thread-1] INFO  ratis.ContainerStateMachine (ContainerStateMachine.java:loadSnapshot(225)) - group-EEE74DBD23D6: The snapshot info is null. Setting the last applied indexto:(t:0, i:~)
2020-11-25 02:33:47,814 [pool-223-thread-1] INFO  server.RaftServerConfigKeys (ConfUtils.java:logGet(44)) - raft.server.notification.no-leader.timeout = 300s (custom)
2020-11-25 02:33:47,814 [pool-223-thread-1] INFO  server.RaftServerConfigKeys (ConfUtils.java:logGet(44)) - raft.server.log.use.memory = false (default)
2020-11-25 02:33:47,814 [pool-223-thread-1] INFO  server.RaftServerConfigKeys (ConfUtils.java:logGet(44)) - raft.server.log.purge.gap = 1000000 (custom)
2020-11-25 02:33:47,814 [pool-223-thread-1] INFO  metrics.RatisMetrics (RatisMetrics.java:lambda$create$0(36)) - Creating Metrics Registry : ratis.log_worker.cb5b50a0-f55f-4fdb-9d24-2575d150ae34@group-EEE74DBD23D6
2020-11-25 02:33:47,814 [pool-223-thread-1] INFO  server.RaftServerConfigKeys (ConfUtils.java:logGet(44)) - raft.server.log.appender.buffer.byte-limit = 33554432 (custom)
2020-11-25 02:33:47,814 [EventQueue-PipelineReportForOneReplicaPipelineSafeModeRule] INFO  safemode.SCMSafeModeManager (SCMSafeModeManager.java:validateSafeModeExitRules(214)) - AtleastOneDatanodeReportedRule rule is successfully validated
2020-11-25 02:33:47,814 [pool-223-thread-1] INFO  server.RaftServerConfigKeys (ConfUtils.java:logGet(44)) - raft.server.log.segment.size.max = 1048576 (custom)
2020-11-25 02:33:47,814 [EventQueue-PipelineReportForPipelineReportHandler] INFO  pipeline.PipelineStateManager (PipelineStateManager.java:openPipeline(132)) - Pipeline Pipeline[ Id: 5c55f74b-3319-4c7e-b52b-eee74dbd23d6, Nodes: cb5b50a0-f55f-4fdb-9d24-2575d150ae34{ip: 172.17.0.2, host: 3d7159965374, networkLocation: /default-rack, certSerialId: null}, Type:RATIS, Factor:ONE, State:ALLOCATED, leaderId:cb5b50a0-f55f-4fdb-9d24-2575d150ae34, CreationTimestamp2020-11-25T02:33:44.808Z] moved to OPEN state
2020-11-25 02:33:47,815 [EventQueue-OpenPipelineForHealthyPipelineSafeModeRule] INFO  safemode.SCMSafeModeManager (HealthyPipelineSafeModeRule.java:process(128)) - SCM in safe mode. Healthy pipelines reported count is 0, required healthy pipeline reported count is 1
2020-11-25 02:33:47,815 [pool-223-thread-1] INFO  server.RaftServerConfigKeys (ConfUtils.java:logGet(44)) - raft.server.log.segment.cache.num.max = 2 (custom)
2020-11-25 02:33:47,815 [pool-223-thread-1] INFO  segmented.SegmentedRaftLogWorker (SegmentedRaftLogWorker.java:<init>(180)) - new cb5b50a0-f55f-4fdb-9d24-2575d150ae34@group-EEE74DBD23D6-SegmentedRaftLogWorker for RaftStorage:Storage Directory /github/workspace/mnt/ozone/hadoop-ozone/integration-test/target/test-dir/MiniOzoneClusterImpl-d0d42c39-6fc7-42e8-b6c5-559d28f27a21/datanode-3/data/ratis/5c55f74b-3319-4c7e-b52b-eee74dbd23d6
2020-11-25 02:33:47,815 [pool-223-thread-1] INFO  server.RaftServerConfigKeys (ConfUtils.java:logGet(44)) - raft.server.log.queue.byte-limit = 2147483647 (custom)
2020-11-25 02:33:47,815 [pool-223-thread-1] INFO  server.RaftServerConfigKeys (ConfUtils.java:logGet(44)) - raft.server.log.queue.element-limit = 1024 (custom)
2020-11-25 02:33:47,815 [pool-223-thread-1] INFO  server.RaftServerConfigKeys (ConfUtils.java:logGet(44)) - raft.server.log.segment.size.max = 1048576 (custom)
2020-11-25 02:33:47,815 [pool-223-thread-1] INFO  server.RaftServerConfigKeys (ConfUtils.java:logGet(44)) - raft.server.log.preallocated.size = 16384 (custom)
2020-11-25 02:33:47,815 [pool-223-thread-1] INFO  server.RaftServerConfigKeys (ConfUtils.java:logGet(44)) - raft.server.log.write.buffer.size = 1048576 (custom)
2020-11-25 02:33:47,815 [pool-223-thread-1] INFO  server.RaftServerConfigKeys (ConfUtils.java:logGet(44)) - raft.server.log.force.sync.num = 128 (default)
2020-11-25 02:33:47,815 [pool-223-thread-1] INFO  server.RaftServerConfigKeys (ConfUtils.java:logGet(44)) - raft.server.log.statemachine.data.sync = true (default)
2020-11-25 02:33:47,815 [pool-223-thread-1] INFO  server.RaftServerConfigKeys (ConfUtils.java:logGet(44)) - raft.server.log.statemachine.data.sync.timeout = 10s (default)
2020-11-25 02:33:47,815 [pool-223-thread-1] INFO  server.RaftServerConfigKeys (ConfUtils.java:logGet(44)) - raft.server.log.statemachine.data.sync.timeout.retry = -1 (default)
2020-11-25 02:33:47,817 [pool-223-thread-1] INFO  server.RaftServerConfigKeys (ConfUtils.java:logGet(44)) - raft.server.log.statemachine.data.caching.enabled = true (custom)
2020-11-25 02:33:47,817 [pool-223-thread-1] INFO  segmented.SegmentedRaftLogWorker (SegmentedRaftLogWorker.java:lambda$new$0(129)) - cb5b50a0-f55f-4fdb-9d24-2575d150ae34@group-EEE74DBD23D6-SegmentedRaftLogWorker: flushIndex: setUnconditionally 0 -> -1
2020-11-25 02:33:47,817 [pool-223-thread-1] INFO  segmented.SegmentedRaftLogWorker (SegmentedRaftLogWorker.java:lambda$new$0(129)) - cb5b50a0-f55f-4fdb-9d24-2575d150ae34@group-EEE74DBD23D6-SegmentedRaftLogWorker: safeCacheEvictIndex: setUnconditionally 0 -> -1
2020-11-25 02:33:47,824 [pool-223-thread-1] INFO  server.RaftServerConfigKeys (ConfUtils.java:logGet(44)) - raft.server.snapshot.auto.trigger.enabled = true (custom)
2020-11-25 02:33:47,824 [pool-223-thread-1] INFO  server.RaftServerConfigKeys (ConfUtils.java:logGet(44)) - raft.server.snapshot.auto.trigger.threshold = 10000 (custom)
2020-11-25 02:33:47,824 [pool-223-thread-1] INFO  server.RaftServerConfigKeys (ConfUtils.java:logGet(44)) - raft.server.snapshot.retention.file.num = 5 (custom)
2020-11-25 02:33:47,824 [pool-223-thread-1] INFO  server.RaftServerConfigKeys (ConfUtils.java:logGet(44)) - raft.server.log.purge.upto.snapshot.index = false (default)
2020-11-25 02:33:47,824 [pool-223-thread-1] INFO  server.RaftServerConfigKeys (ConfUtils.java:logGet(44)) - raft.server.retrycache.expirytime = 600000ms (custom)
2020-11-25 02:33:47,825 [pool-223-thread-1] INFO  metrics.RatisMetrics (RatisMetrics.java:lambda$create$0(36)) - Creating Metrics Registry : ratis.leader_election.cb5b50a0-f55f-4fdb-9d24-2575d150ae34@group-EEE74DBD23D6
2020-11-25 02:33:47,825 [pool-223-thread-1] INFO  metrics.RatisMetrics (RatisMetrics.java:lambda$create$0(36)) - Creating Metrics Registry : ratis.server.cb5b50a0-f55f-4fdb-9d24-2575d150ae34@group-EEE74DBD23D6
2020-11-25 02:33:47,826 [pool-223-thread-1] INFO  impl.RaftServerImpl (RaftServerImpl.java:start(215)) - cb5b50a0-f55f-4fdb-9d24-2575d150ae34@group-EEE74DBD23D6: start as a follower, conf=-1: [cb5b50a0-f55f-4fdb-9d24-2575d150ae34|rpc:172.17.0.2:39075], old=null
2020-11-25 02:33:47,826 [pool-223-thread-1] INFO  impl.RaftServerImpl (RaftServerImpl.java:setRole(204)) - cb5b50a0-f55f-4fdb-9d24-2575d150ae34@group-EEE74DBD23D6: changes role from      null to FOLLOWER at term 0 for startAsFollower
2020-11-25 02:33:47,826 [pool-223-thread-1] INFO  impl.RoleInfo (RoleInfo.java:updateAndGet(143)) - cb5b50a0-f55f-4fdb-9d24-2575d150ae34: start cb5b50a0-f55f-4fdb-9d24-2575d150ae34@group-EEE74DBD23D6-FollowerState
2020-11-25 02:33:47,826 [pool-223-thread-1] INFO  util.JmxRegister (JmxRegister.java:tryRegister(44)) - Successfully registered JMX Bean with object name Ratis:service=RaftServer,group=group-EEE74DBD23D6,id=cb5b50a0-f55f-4fdb-9d24-2575d150ae34
2020-11-25 02:33:47,826 [pool-223-thread-1] INFO  metrics.RatisMetrics (RatisMetrics.java:lambda$create$0(36)) - Creating Metrics Registry : ratis.state_machine.cb5b50a0-f55f-4fdb-9d24-2575d150ae34@group-EEE74DBD23D6
2020-11-25 02:33:47,827 [Command processor thread] INFO  commandhandler.CreatePipelineCommandHandler (CreatePipelineCommandHandler.java:handle(106)) - Created Pipeline RATIS ONE PipelineID=5c55f74b-3319-4c7e-b52b-eee74dbd23d6.
2020-11-25 02:33:47,827 [Command processor thread] INFO  impl.RaftServerProxy (RaftServerProxy.java:addNew(93)) - cb5b50a0-f55f-4fdb-9d24-2575d150ae34: addNew group-1EB6A76B5EAC:[cb5b50a0-f55f-4fdb-9d24-2575d150ae34|rpc:172.17.0.2:39075, 11f4bacd-ce3e-419e-997b-c311db6228e0|rpc:172.17.0.2:36255, 74fe976e-ba5c-47a6-8181-a40142644b6d|rpc:172.17.0.2:37871] returns group-1EB6A76B5EAC:java.util.concurrent.CompletableFuture@5a70d4c6[Not completed]
2020-11-25 02:33:47,830 [pool-223-thread-1] INFO  impl.RaftServerImpl (RaftServerImpl.java:<init>(121)) - cb5b50a0-f55f-4fdb-9d24-2575d150ae34: new RaftServerImpl for group-1EB6A76B5EAC:[cb5b50a0-f55f-4fdb-9d24-2575d150ae34|rpc:172.17.0.2:39075, 11f4bacd-ce3e-419e-997b-c311db6228e0|rpc:172.17.0.2:36255, 74fe976e-ba5c-47a6-8181-a40142644b6d|rpc:172.17.0.2:37871] with ContainerStateMachine:uninitialized
2020-11-25 02:33:47,830 [pool-223-thread-1] INFO  server.RaftServerConfigKeys (ConfUtils.java:logGet(44)) - raft.server.rpc.timeout.min = 5s (custom)
2020-11-25 02:33:47,830 [pool-223-thread-1] INFO  server.RaftServerConfigKeys (ConfUtils.java:logGet(44)) - raft.server.rpc.timeout.max = 5200ms (custom)
2020-11-25 02:33:47,830 [pool-223-thread-1] INFO  server.RaftServerConfigKeys (ConfUtils.java:logGet(44)) - raft.server.rpc.slowness.timeout = 300s (custom)
2020-11-25 02:33:47,831 [pool-223-thread-1] INFO  server.RaftServerConfigKeys (ConfUtils.java:logGet(44)) - raft.server.leaderelection.leader.step-down.wait-time = 10s (default)
2020-11-25 02:33:47,831 [pool-223-thread-1] INFO  server.RaftServerConfigKeys (ConfUtils.java:logGet(44)) - raft.server.sleep.deviation.threshold = 300 (default)
2020-11-25 02:33:47,831 [pool-223-thread-1] INFO  server.RaftServerConfigKeys (ConfUtils.java:logGet(44)) - raft.server.log.appender.install.snapshot.enabled = false (custom)
2020-11-25 02:33:47,831 [pool-223-thread-1] INFO  impl.RaftServerImpl (ServerState.java:<init>(104)) - cb5b50a0-f55f-4fdb-9d24-2575d150ae34@group-1EB6A76B5EAC: ConfigurationManager, init=-1: [cb5b50a0-f55f-4fdb-9d24-2575d150ae34|rpc:172.17.0.2:39075, 11f4bacd-ce3e-419e-997b-c311db6228e0|rpc:172.17.0.2:36255, 74fe976e-ba5c-47a6-8181-a40142644b6d|rpc:172.17.0.2:37871], old=null, confs=<EMPTY_MAP>
2020-11-25 02:33:47,831 [pool-223-thread-1] INFO  server.RaftServerConfigKeys (ConfUtils.java:logGet(44)) - raft.server.storage.dir = [/github/workspace/mnt/ozone/hadoop-ozone/integration-test/target/test-dir/MiniOzoneClusterImpl-d0d42c39-6fc7-42e8-b6c5-559d28f27a21/datanode-3/data/ratis] (custom)
2020-11-25 02:33:47,831 [pool-223-thread-1] INFO  server.RaftServerConfigKeys (ConfUtils.java:logGet(44)) - raft.server.log.corruption.policy = EXCEPTION (default)
2020-11-25 02:33:47,831 [pool-223-thread-1] INFO  storage.RaftStorageDirectory (RaftStorageDirectory.java:analyzeStorage(261)) - The storage directory /github/workspace/mnt/ozone/hadoop-ozone/integration-test/target/test-dir/MiniOzoneClusterImpl-d0d42c39-6fc7-42e8-b6c5-559d28f27a21/datanode-3/data/ratis/17df147c-491d-4836-abac-1eb6a76b5eac does not exist. Creating ...
2020-11-25 02:33:47,834 [pool-223-thread-1] INFO  storage.RaftStorageDirectory (RaftStorageDirectory.java:tryLock(343)) - Lock on /github/workspace/mnt/ozone/hadoop-ozone/integration-test/target/test-dir/MiniOzoneClusterImpl-d0d42c39-6fc7-42e8-b6c5-559d28f27a21/datanode-3/data/ratis/17df147c-491d-4836-abac-1eb6a76b5eac/in_use.lock acquired by nodename 12892@3d7159965374
2020-11-25 02:33:47,836 [pool-223-thread-1] INFO  storage.RaftStorage (RaftStorage.java:format(85)) - Storage directory /github/workspace/mnt/ozone/hadoop-ozone/integration-test/target/test-dir/MiniOzoneClusterImpl-d0d42c39-6fc7-42e8-b6c5-559d28f27a21/datanode-3/data/ratis/17df147c-491d-4836-abac-1eb6a76b5eac has been successfully formatted.
2020-11-25 02:33:47,836 [pool-223-thread-1] INFO  ratis.ContainerStateMachine (ContainerStateMachine.java:loadSnapshot(225)) - group-1EB6A76B5EAC: The snapshot info is null. Setting the last applied indexto:(t:0, i:~)
2020-11-25 02:33:47,836 [pool-223-thread-1] INFO  server.RaftServerConfigKeys (ConfUtils.java:logGet(44)) - raft.server.notification.no-leader.timeout = 300s (custom)
2020-11-25 02:33:47,836 [pool-223-thread-1] INFO  server.RaftServerConfigKeys (ConfUtils.java:logGet(44)) - raft.server.log.use.memory = false (default)
2020-11-25 02:33:47,837 [pool-223-thread-1] INFO  server.RaftServerConfigKeys (ConfUtils.java:logGet(44)) - raft.server.log.purge.gap = 1000000 (custom)
2020-11-25 02:33:47,837 [pool-223-thread-1] INFO  metrics.RatisMetrics (RatisMetrics.java:lambda$create$0(36)) - Creating Metrics Registry : ratis.log_worker.cb5b50a0-f55f-4fdb-9d24-2575d150ae34@group-1EB6A76B5EAC
2020-11-25 02:33:47,837 [pool-223-thread-1] INFO  server.RaftServerConfigKeys (ConfUtils.java:logGet(44)) - raft.server.log.appender.buffer.byte-limit = 33554432 (custom)
2020-11-25 02:33:47,837 [EventQueue-PipelineReportForOneReplicaPipelineSafeModeRule] INFO  safemode.SCMSafeModeManager (SCMSafeModeManager.java:validateSafeModeExitRules(214)) - AtleastOneDatanodeReportedRule rule is successfully validated
2020-11-25 02:33:47,837 [pool-223-thread-1] INFO  server.RaftServerConfigKeys (ConfUtils.java:logGet(44)) - raft.server.log.segment.size.max = 1048576 (custom)
2020-11-25 02:33:47,837 [EventQueue-OpenPipelineForHealthyPipelineSafeModeRule] INFO  safemode.SCMSafeModeManager (HealthyPipelineSafeModeRule.java:process(128)) - SCM in safe mode. Healthy pipelines reported count is 0, required healthy pipeline reported count is 1
2020-11-25 02:33:47,837 [pool-223-thread-1] INFO  server.RaftServerConfigKeys (ConfUtils.java:logGet(44)) - raft.server.log.segment.cache.num.max = 2 (custom)
2020-11-25 02:33:47,838 [pool-223-thread-1] INFO  segmented.SegmentedRaftLogWorker (SegmentedRaftLogWorker.java:<init>(180)) - new cb5b50a0-f55f-4fdb-9d24-2575d150ae34@group-1EB6A76B5EAC-SegmentedRaftLogWorker for RaftStorage:Storage Directory /github/workspace/mnt/ozone/hadoop-ozone/integration-test/target/test-dir/MiniOzoneClusterImpl-d0d42c39-6fc7-42e8-b6c5-559d28f27a21/datanode-3/data/ratis/17df147c-491d-4836-abac-1eb6a76b5eac
2020-11-25 02:33:47,838 [pool-223-thread-1] INFO  server.RaftServerConfigKeys (ConfUtils.java:logGet(44)) - raft.server.log.queue.byte-limit = 2147483647 (custom)
2020-11-25 02:33:47,838 [pool-223-thread-1] INFO  server.RaftServerConfigKeys (ConfUtils.java:logGet(44)) - raft.server.log.queue.element-limit = 1024 (custom)
2020-11-25 02:33:47,838 [pool-223-thread-1] INFO  server.RaftServerConfigKeys (ConfUtils.java:logGet(44)) - raft.server.log.segment.size.max = 1048576 (custom)
2020-11-25 02:33:47,838 [pool-223-thread-1] INFO  server.RaftServerConfigKeys (ConfUtils.java:logGet(44)) - raft.server.log.preallocated.size = 16384 (custom)
2020-11-25 02:33:47,838 [pool-223-thread-1] INFO  server.RaftServerConfigKeys (ConfUtils.java:logGet(44)) - raft.server.log.write.buffer.size = 1048576 (custom)
2020-11-25 02:33:47,838 [pool-223-thread-1] INFO  server.RaftServerConfigKeys (ConfUtils.java:logGet(44)) - raft.server.log.force.sync.num = 128 (default)
2020-11-25 02:33:47,838 [pool-223-thread-1] INFO  server.RaftServerConfigKeys (ConfUtils.java:logGet(44)) - raft.server.log.statemachine.data.sync = true (default)
2020-11-25 02:33:47,838 [pool-223-thread-1] INFO  server.RaftServerConfigKeys (ConfUtils.java:logGet(44)) - raft.server.log.statemachine.data.sync.timeout = 10s (default)
2020-11-25 02:33:47,838 [pool-223-thread-1] INFO  server.RaftServerConfigKeys (ConfUtils.java:logGet(44)) - raft.server.log.statemachine.data.sync.timeout.retry = -1 (default)
2020-11-25 02:33:47,840 [pool-223-thread-1] INFO  server.RaftServerConfigKeys (ConfUtils.java:logGet(44)) - raft.server.log.statemachine.data.caching.enabled = true (custom)
2020-11-25 02:33:47,840 [pool-223-thread-1] INFO  segmented.SegmentedRaftLogWorker (SegmentedRaftLogWorker.java:lambda$new$0(129)) - cb5b50a0-f55f-4fdb-9d24-2575d150ae34@group-1EB6A76B5EAC-SegmentedRaftLogWorker: flushIndex: setUnconditionally 0 -> -1
2020-11-25 02:33:47,840 [pool-223-thread-1] INFO  segmented.SegmentedRaftLogWorker (SegmentedRaftLogWorker.java:lambda$new$0(129)) - cb5b50a0-f55f-4fdb-9d24-2575d150ae34@group-1EB6A76B5EAC-SegmentedRaftLogWorker: safeCacheEvictIndex: setUnconditionally 0 -> -1
2020-11-25 02:33:47,843 [pool-223-thread-1] INFO  server.RaftServerConfigKeys (ConfUtils.java:logGet(44)) - raft.server.snapshot.auto.trigger.enabled = true (custom)
2020-11-25 02:33:47,843 [pool-223-thread-1] INFO  server.RaftServerConfigKeys (ConfUtils.java:logGet(44)) - raft.server.snapshot.auto.trigger.threshold = 10000 (custom)
2020-11-25 02:33:47,843 [pool-223-thread-1] INFO  server.RaftServerConfigKeys (ConfUtils.java:logGet(44)) - raft.server.snapshot.retention.file.num = 5 (custom)
2020-11-25 02:33:47,843 [pool-223-thread-1] INFO  server.RaftServerConfigKeys (ConfUtils.java:logGet(44)) - raft.server.log.purge.upto.snapshot.index = false (default)
2020-11-25 02:33:47,843 [pool-223-thread-1] INFO  server.RaftServerConfigKeys (ConfUtils.java:logGet(44)) - raft.server.retrycache.expirytime = 600000ms (custom)
2020-11-25 02:33:47,843 [pool-223-thread-1] INFO  metrics.RatisMetrics (RatisMetrics.java:lambda$create$0(36)) - Creating Metrics Registry : ratis.leader_election.cb5b50a0-f55f-4fdb-9d24-2575d150ae34@group-1EB6A76B5EAC
2020-11-25 02:33:47,844 [pool-223-thread-1] INFO  metrics.RatisMetrics (RatisMetrics.java:lambda$create$0(36)) - Creating Metrics Registry : ratis.server.cb5b50a0-f55f-4fdb-9d24-2575d150ae34@group-1EB6A76B5EAC
2020-11-25 02:33:47,845 [pool-223-thread-1] INFO  impl.RaftServerImpl (RaftServerImpl.java:start(215)) - cb5b50a0-f55f-4fdb-9d24-2575d150ae34@group-1EB6A76B5EAC: start as a follower, conf=-1: [cb5b50a0-f55f-4fdb-9d24-2575d150ae34|rpc:172.17.0.2:39075, 11f4bacd-ce3e-419e-997b-c311db6228e0|rpc:172.17.0.2:36255, 74fe976e-ba5c-47a6-8181-a40142644b6d|rpc:172.17.0.2:37871], old=null
2020-11-25 02:33:47,845 [pool-223-thread-1] INFO  impl.RaftServerImpl (RaftServerImpl.java:setRole(204)) - cb5b50a0-f55f-4fdb-9d24-2575d150ae34@group-1EB6A76B5EAC: changes role from      null to FOLLOWER at term 0 for startAsFollower
2020-11-25 02:33:47,845 [pool-223-thread-1] INFO  impl.RoleInfo (RoleInfo.java:updateAndGet(143)) - cb5b50a0-f55f-4fdb-9d24-2575d150ae34: start cb5b50a0-f55f-4fdb-9d24-2575d150ae34@group-1EB6A76B5EAC-FollowerState
2020-11-25 02:33:47,845 [pool-223-thread-1] INFO  util.JmxRegister (JmxRegister.java:tryRegister(44)) - Successfully registered JMX Bean with object name Ratis:service=RaftServer,group=group-1EB6A76B5EAC,id=cb5b50a0-f55f-4fdb-9d24-2575d150ae34
2020-11-25 02:33:47,845 [pool-223-thread-1] INFO  metrics.RatisMetrics (RatisMetrics.java:lambda$create$0(36)) - Creating Metrics Registry : ratis.state_machine.cb5b50a0-f55f-4fdb-9d24-2575d150ae34@group-1EB6A76B5EAC
2020-11-25 02:33:47,847 [Command processor thread] INFO  metrics.RatisMetrics (RatisMetrics.java:lambda$create$0(36)) - Creating Metrics Registry : ratis.client_message_metrics.client-A8EC1F9B5800->11f4bacd-ce3e-419e-997b-c311db6228e0
2020-11-25 02:33:47,856 [grpc-default-executor-0] INFO  metrics.RatisMetrics (RatisMetrics.java:lambda$create$0(36)) - Creating Metrics Registry : ratis.server_message_metrics.11f4bacd-ce3e-419e-997b-c311db6228e0
2020-11-25 02:33:47,865 [grpc-default-executor-0] INFO  impl.RaftServerProxy (RaftServerProxy.java:addNew(93)) - 11f4bacd-ce3e-419e-997b-c311db6228e0: addNew group-1EB6A76B5EAC:[cb5b50a0-f55f-4fdb-9d24-2575d150ae34|rpc:172.17.0.2:39075|dataStream:, 11f4bacd-ce3e-419e-997b-c311db6228e0|rpc:172.17.0.2:36255|dataStream:, 74fe976e-ba5c-47a6-8181-a40142644b6d|rpc:172.17.0.2:37871|dataStream:] returns group-1EB6A76B5EAC:java.util.concurrent.CompletableFuture@55ba2b23[Not completed]
2020-11-25 02:33:47,873 [pool-255-thread-1] INFO  impl.RaftServerImpl (RaftServerImpl.java:<init>(121)) - 11f4bacd-ce3e-419e-997b-c311db6228e0: new RaftServerImpl for group-1EB6A76B5EAC:[cb5b50a0-f55f-4fdb-9d24-2575d150ae34|rpc:172.17.0.2:39075|dataStream:, 11f4bacd-ce3e-419e-997b-c311db6228e0|rpc:172.17.0.2:36255|dataStream:, 74fe976e-ba5c-47a6-8181-a40142644b6d|rpc:172.17.0.2:37871|dataStream:] with ContainerStateMachine:uninitialized
2020-11-25 02:33:47,873 [pool-255-thread-1] INFO  server.RaftServerConfigKeys (ConfUtils.java:logGet(44)) - raft.server.rpc.timeout.min = 5s (custom)
2020-11-25 02:33:47,873 [pool-255-thread-1] INFO  server.RaftServerConfigKeys (ConfUtils.java:logGet(44)) - raft.server.rpc.timeout.max = 5200ms (custom)
2020-11-25 02:33:47,873 [pool-255-thread-1] INFO  server.RaftServerConfigKeys (ConfUtils.java:logGet(44)) - raft.server.rpc.slowness.timeout = 300s (custom)
2020-11-25 02:33:47,873 [pool-255-thread-1] INFO  server.RaftServerConfigKeys (ConfUtils.java:logGet(44)) - raft.server.leaderelection.leader.step-down.wait-time = 10s (default)
2020-11-25 02:33:47,874 [pool-255-thread-1] INFO  server.RaftServerConfigKeys (ConfUtils.java:logGet(44)) - raft.server.sleep.deviation.threshold = 300 (default)
2020-11-25 02:33:47,874 [pool-255-thread-1] INFO  server.RaftServerConfigKeys (ConfUtils.java:logGet(44)) - raft.server.log.appender.install.snapshot.enabled = false (custom)
2020-11-25 02:33:47,874 [pool-255-thread-1] INFO  impl.RaftServerImpl (ServerState.java:<init>(104)) - 11f4bacd-ce3e-419e-997b-c311db6228e0@group-1EB6A76B5EAC: ConfigurationManager, init=-1: [cb5b50a0-f55f-4fdb-9d24-2575d150ae34|rpc:172.17.0.2:39075|dataStream:, 11f4bacd-ce3e-419e-997b-c311db6228e0|rpc:172.17.0.2:36255|dataStream:, 74fe976e-ba5c-47a6-8181-a40142644b6d|rpc:172.17.0.2:37871|dataStream:], old=null, confs=<EMPTY_MAP>
2020-11-25 02:33:47,874 [pool-255-thread-1] INFO  server.RaftServerConfigKeys (ConfUtils.java:logGet(44)) - raft.server.storage.dir = [/github/workspace/mnt/ozone/hadoop-ozone/integration-test/target/test-dir/MiniOzoneClusterImpl-d0d42c39-6fc7-42e8-b6c5-559d28f27a21/datanode-5/data/ratis] (custom)
2020-11-25 02:33:47,874 [pool-255-thread-1] INFO  server.RaftServerConfigKeys (ConfUtils.java:logGet(44)) - raft.server.log.corruption.policy = EXCEPTION (default)
2020-11-25 02:33:47,874 [pool-255-thread-1] INFO  storage.RaftStorageDirectory (RaftStorageDirectory.java:analyzeStorage(261)) - The storage directory /github/workspace/mnt/ozone/hadoop-ozone/integration-test/target/test-dir/MiniOzoneClusterImpl-d0d42c39-6fc7-42e8-b6c5-559d28f27a21/datanode-5/data/ratis/17df147c-491d-4836-abac-1eb6a76b5eac does not exist. Creating ...
2020-11-25 02:33:47,876 [pool-255-thread-1] INFO  storage.RaftStorageDirectory (RaftStorageDirectory.java:tryLock(343)) - Lock on /github/workspace/mnt/ozone/hadoop-ozone/integration-test/target/test-dir/MiniOzoneClusterImpl-d0d42c39-6fc7-42e8-b6c5-559d28f27a21/datanode-5/data/ratis/17df147c-491d-4836-abac-1eb6a76b5eac/in_use.lock acquired by nodename 12892@3d7159965374
2020-11-25 02:33:47,877 [pool-255-thread-1] INFO  storage.RaftStorage (RaftStorage.java:format(85)) - Storage directory /github/workspace/mnt/ozone/hadoop-ozone/integration-test/target/test-dir/MiniOzoneClusterImpl-d0d42c39-6fc7-42e8-b6c5-559d28f27a21/datanode-5/data/ratis/17df147c-491d-4836-abac-1eb6a76b5eac has been successfully formatted.
2020-11-25 02:33:47,878 [pool-255-thread-1] INFO  ratis.ContainerStateMachine (ContainerStateMachine.java:loadSnapshot(225)) - group-1EB6A76B5EAC: The snapshot info is null. Setting the last applied indexto:(t:0, i:~)
2020-11-25 02:33:47,878 [pool-255-thread-1] INFO  server.RaftServerConfigKeys (ConfUtils.java:logGet(44)) - raft.server.notification.no-leader.timeout = 300s (custom)
2020-11-25 02:33:47,878 [pool-255-thread-1] INFO  server.RaftServerConfigKeys (ConfUtils.java:logGet(44)) - raft.server.log.use.memory = false (default)
2020-11-25 02:33:47,879 [EventQueue-PipelineReportForOneReplicaPipelineSafeModeRule] INFO  safemode.SCMSafeModeManager (SCMSafeModeManager.java:validateSafeModeExitRules(214)) - AtleastOneDatanodeReportedRule rule is successfully validated
2020-11-25 02:33:47,879 [pool-255-thread-1] INFO  server.RaftServerConfigKeys (ConfUtils.java:logGet(44)) - raft.server.log.purge.gap = 1000000 (custom)
2020-11-25 02:33:47,879 [pool-255-thread-1] INFO  metrics.RatisMetrics (RatisMetrics.java:lambda$create$0(36)) - Creating Metrics Registry : ratis.log_worker.11f4bacd-ce3e-419e-997b-c311db6228e0@group-1EB6A76B5EAC
2020-11-25 02:33:47,879 [pool-255-thread-1] INFO  server.RaftServerConfigKeys (ConfUtils.java:logGet(44)) - raft.server.log.appender.buffer.byte-limit = 33554432 (custom)
2020-11-25 02:33:47,880 [pool-255-thread-1] INFO  server.RaftServerConfigKeys (ConfUtils.java:logGet(44)) - raft.server.log.segment.size.max = 1048576 (custom)
2020-11-25 02:33:47,880 [pool-255-thread-1] INFO  server.RaftServerConfigKeys (ConfUtils.java:logGet(44)) - raft.server.log.segment.cache.num.max = 2 (custom)
2020-11-25 02:33:47,880 [pool-255-thread-1] INFO  segmented.SegmentedRaftLogWorker (SegmentedRaftLogWorker.java:<init>(180)) - new 11f4bacd-ce3e-419e-997b-c311db6228e0@group-1EB6A76B5EAC-SegmentedRaftLogWorker for RaftStorage:Storage Directory /github/workspace/mnt/ozone/hadoop-ozone/integration-test/target/test-dir/MiniOzoneClusterImpl-d0d42c39-6fc7-42e8-b6c5-559d28f27a21/datanode-5/data/ratis/17df147c-491d-4836-abac-1eb6a76b5eac
2020-11-25 02:33:47,880 [pool-255-thread-1] INFO  server.RaftServerConfigKeys (ConfUtils.java:logGet(44)) - raft.server.log.queue.byte-limit = 2147483647 (custom)
2020-11-25 02:33:47,880 [pool-255-thread-1] INFO  server.RaftServerConfigKeys (ConfUtils.java:logGet(44)) - raft.server.log.queue.element-limit = 1024 (custom)
2020-11-25 02:33:47,880 [pool-255-thread-1] INFO  server.RaftServerConfigKeys (ConfUtils.java:logGet(44)) - raft.server.log.segment.size.max = 1048576 (custom)
2020-11-25 02:33:47,880 [pool-255-thread-1] INFO  server.RaftServerConfigKeys (ConfUtils.java:logGet(44)) - raft.server.log.preallocated.size = 16384 (custom)
2020-11-25 02:33:47,880 [pool-255-thread-1] INFO  server.RaftServerConfigKeys (ConfUtils.java:logGet(44)) - raft.server.log.write.buffer.size = 1048576 (custom)
2020-11-25 02:33:47,881 [pool-255-thread-1] INFO  server.RaftServerConfigKeys (ConfUtils.java:logGet(44)) - raft.server.log.force.sync.num = 128 (default)
2020-11-25 02:33:47,881 [pool-255-thread-1] INFO  server.RaftServerConfigKeys (ConfUtils.java:logGet(44)) - raft.server.log.statemachine.data.sync = true (default)
2020-11-25 02:33:47,881 [pool-255-thread-1] INFO  server.RaftServerConfigKeys (ConfUtils.java:logGet(44)) - raft.server.log.statemachine.data.sync.timeout = 10s (default)
2020-11-25 02:33:47,881 [pool-255-thread-1] INFO  server.RaftServerConfigKeys (ConfUtils.java:logGet(44)) - raft.server.log.statemachine.data.sync.timeout.retry = -1 (default)
2020-11-25 02:33:47,882 [pool-255-thread-1] INFO  server.RaftServerConfigKeys (ConfUtils.java:logGet(44)) - raft.server.log.statemachine.data.caching.enabled = true (custom)
2020-11-25 02:33:47,882 [pool-255-thread-1] INFO  segmented.SegmentedRaftLogWorker (SegmentedRaftLogWorker.java:lambda$new$0(129)) - 11f4bacd-ce3e-419e-997b-c311db6228e0@group-1EB6A76B5EAC-SegmentedRaftLogWorker: flushIndex: setUnconditionally 0 -> -1
2020-11-25 02:33:47,882 [pool-255-thread-1] INFO  segmented.SegmentedRaftLogWorker (SegmentedRaftLogWorker.java:lambda$new$0(129)) - 11f4bacd-ce3e-419e-997b-c311db6228e0@group-1EB6A76B5EAC-SegmentedRaftLogWorker: safeCacheEvictIndex: setUnconditionally 0 -> -1
2020-11-25 02:33:47,883 [pool-255-thread-1] INFO  server.RaftServerConfigKeys (ConfUtils.java:logGet(44)) - raft.server.snapshot.auto.trigger.enabled = true (custom)
2020-11-25 02:33:47,883 [pool-255-thread-1] INFO  server.RaftServerConfigKeys (ConfUtils.java:logGet(44)) - raft.server.snapshot.auto.trigger.threshold = 10000 (custom)
2020-11-25 02:33:47,883 [pool-255-thread-1] INFO  server.RaftServerConfigKeys (ConfUtils.java:logGet(44)) - raft.server.snapshot.retention.file.num = 5 (custom)
2020-11-25 02:33:47,883 [pool-255-thread-1] INFO  server.RaftServerConfigKeys (ConfUtils.java:logGet(44)) - raft.server.log.purge.upto.snapshot.index = false (default)
2020-11-25 02:33:47,883 [pool-255-thread-1] INFO  server.RaftServerConfigKeys (ConfUtils.java:logGet(44)) - raft.server.retrycache.expirytime = 600000ms (custom)
2020-11-25 02:33:47,883 [pool-255-thread-1] INFO  metrics.RatisMetrics (RatisMetrics.java:lambda$create$0(36)) - Creating Metrics Registry : ratis.leader_election.11f4bacd-ce3e-419e-997b-c311db6228e0@group-1EB6A76B5EAC
2020-11-25 02:33:47,883 [pool-255-thread-1] INFO  metrics.RatisMetrics (RatisMetrics.java:lambda$create$0(36)) - Creating Metrics Registry : ratis.server.11f4bacd-ce3e-419e-997b-c311db6228e0@group-1EB6A76B5EAC
2020-11-25 02:33:47,885 [pool-255-thread-1] INFO  impl.RaftServerImpl (RaftServerImpl.java:start(215)) - 11f4bacd-ce3e-419e-997b-c311db6228e0@group-1EB6A76B5EAC: start as a follower, conf=-1: [cb5b50a0-f55f-4fdb-9d24-2575d150ae34|rpc:172.17.0.2:39075|dataStream:, 11f4bacd-ce3e-419e-997b-c311db6228e0|rpc:172.17.0.2:36255|dataStream:, 74fe976e-ba5c-47a6-8181-a40142644b6d|rpc:172.17.0.2:37871|dataStream:], old=null
2020-11-25 02:33:47,885 [pool-255-thread-1] INFO  impl.RaftServerImpl (RaftServerImpl.java:setRole(204)) - 11f4bacd-ce3e-419e-997b-c311db6228e0@group-1EB6A76B5EAC: changes role from      null to FOLLOWER at term 0 for startAsFollower
2020-11-25 02:33:47,885 [pool-255-thread-1] INFO  impl.RoleInfo (RoleInfo.java:updateAndGet(143)) - 11f4bacd-ce3e-419e-997b-c311db6228e0: start 11f4bacd-ce3e-419e-997b-c311db6228e0@group-1EB6A76B5EAC-FollowerState
2020-11-25 02:33:47,885 [pool-255-thread-1] INFO  util.JmxRegister (JmxRegister.java:tryRegister(44)) - Successfully registered JMX Bean with object name Ratis:service=RaftServer,group=group-1EB6A76B5EAC,id=11f4bacd-ce3e-419e-997b-c311db6228e0
2020-11-25 02:33:47,885 [pool-255-thread-1] INFO  metrics.RatisMetrics (RatisMetrics.java:lambda$create$0(36)) - Creating Metrics Registry : ratis.state_machine.11f4bacd-ce3e-419e-997b-c311db6228e0@group-1EB6A76B5EAC
2020-11-25 02:33:47,892 [Command processor thread] INFO  metrics.RatisMetrics (RatisMetrics.java:lambda$create$0(36)) - Creating Metrics Registry : ratis.client_message_metrics.client-61B39787D689->74fe976e-ba5c-47a6-8181-a40142644b6d
2020-11-25 02:33:47,900 [grpc-default-executor-0] INFO  metrics.RatisMetrics (RatisMetrics.java:lambda$create$0(36)) - Creating Metrics Registry : ratis.server_message_metrics.74fe976e-ba5c-47a6-8181-a40142644b6d
2020-11-25 02:33:47,908 [grpc-default-executor-0] INFO  impl.RaftServerProxy (RaftServerProxy.java:addNew(93)) - 74fe976e-ba5c-47a6-8181-a40142644b6d: addNew group-1EB6A76B5EAC:[cb5b50a0-f55f-4fdb-9d24-2575d150ae34|rpc:172.17.0.2:39075|dataStream:, 11f4bacd-ce3e-419e-997b-c311db6228e0|rpc:172.17.0.2:36255|dataStream:, 74fe976e-ba5c-47a6-8181-a40142644b6d|rpc:172.17.0.2:37871|dataStream:] returns group-1EB6A76B5EAC:java.util.concurrent.CompletableFuture@10823b75[Not completed]
2020-11-25 02:33:47,909 [pool-239-thread-1] INFO  impl.RaftServerImpl (RaftServerImpl.java:<init>(121)) - 74fe976e-ba5c-47a6-8181-a40142644b6d: new RaftServerImpl for group-1EB6A76B5EAC:[cb5b50a0-f55f-4fdb-9d24-2575d150ae34|rpc:172.17.0.2:39075|dataStream:, 11f4bacd-ce3e-419e-997b-c311db6228e0|rpc:172.17.0.2:36255|dataStream:, 74fe976e-ba5c-47a6-8181-a40142644b6d|rpc:172.17.0.2:37871|dataStream:] with ContainerStateMachine:uninitialized
2020-11-25 02:33:47,909 [pool-239-thread-1] INFO  server.RaftServerConfigKeys (ConfUtils.java:logGet(44)) - raft.server.rpc.timeout.min = 5s (custom)
2020-11-25 02:33:47,910 [pool-239-thread-1] INFO  server.RaftServerConfigKeys (ConfUtils.java:logGet(44)) - raft.server.rpc.timeout.max = 5200ms (custom)
2020-11-25 02:33:47,910 [pool-239-thread-1] INFO  server.RaftServerConfigKeys (ConfUtils.java:logGet(44)) - raft.server.rpc.slowness.timeout = 300s (custom)
2020-11-25 02:33:47,910 [pool-239-thread-1] INFO  server.RaftServerConfigKeys (ConfUtils.java:logGet(44)) - raft.server.leaderelection.leader.step-down.wait-time = 10s (default)
2020-11-25 02:33:47,910 [pool-239-thread-1] INFO  server.RaftServerConfigKeys (ConfUtils.java:logGet(44)) - raft.server.sleep.deviation.threshold = 300 (default)
2020-11-25 02:33:47,910 [pool-239-thread-1] INFO  server.RaftServerConfigKeys (ConfUtils.java:logGet(44)) - raft.server.log.appender.install.snapshot.enabled = false (custom)
2020-11-25 02:33:47,910 [pool-239-thread-1] INFO  impl.RaftServerImpl (ServerState.java:<init>(104)) - 74fe976e-ba5c-47a6-8181-a40142644b6d@group-1EB6A76B5EAC: ConfigurationManager, init=-1: [cb5b50a0-f55f-4fdb-9d24-2575d150ae34|rpc:172.17.0.2:39075|dataStream:, 11f4bacd-ce3e-419e-997b-c311db6228e0|rpc:172.17.0.2:36255|dataStream:, 74fe976e-ba5c-47a6-8181-a40142644b6d|rpc:172.17.0.2:37871|dataStream:], old=null, confs=<EMPTY_MAP>
2020-11-25 02:33:47,910 [pool-239-thread-1] INFO  server.RaftServerConfigKeys (ConfUtils.java:logGet(44)) - raft.server.storage.dir = [/github/workspace/mnt/ozone/hadoop-ozone/integration-test/target/test-dir/MiniOzoneClusterImpl-d0d42c39-6fc7-42e8-b6c5-559d28f27a21/datanode-4/data/ratis] (custom)
2020-11-25 02:33:47,910 [pool-239-thread-1] INFO  server.RaftServerConfigKeys (ConfUtils.java:logGet(44)) - raft.server.log.corruption.policy = EXCEPTION (default)
2020-11-25 02:33:47,910 [pool-239-thread-1] INFO  storage.RaftStorageDirectory (RaftStorageDirectory.java:analyzeStorage(261)) - The storage directory /github/workspace/mnt/ozone/hadoop-ozone/integration-test/target/test-dir/MiniOzoneClusterImpl-d0d42c39-6fc7-42e8-b6c5-559d28f27a21/datanode-4/data/ratis/17df147c-491d-4836-abac-1eb6a76b5eac does not exist. Creating ...
2020-11-25 02:33:47,912 [pool-239-thread-1] INFO  storage.RaftStorageDirectory (RaftStorageDirectory.java:tryLock(343)) - Lock on /github/workspace/mnt/ozone/hadoop-ozone/integration-test/target/test-dir/MiniOzoneClusterImpl-d0d42c39-6fc7-42e8-b6c5-559d28f27a21/datanode-4/data/ratis/17df147c-491d-4836-abac-1eb6a76b5eac/in_use.lock acquired by nodename 12892@3d7159965374
2020-11-25 02:33:47,913 [pool-239-thread-1] INFO  storage.RaftStorage (RaftStorage.java:format(85)) - Storage directory /github/workspace/mnt/ozone/hadoop-ozone/integration-test/target/test-dir/MiniOzoneClusterImpl-d0d42c39-6fc7-42e8-b6c5-559d28f27a21/datanode-4/data/ratis/17df147c-491d-4836-abac-1eb6a76b5eac has been successfully formatted.
2020-11-25 02:33:47,913 [pool-239-thread-1] INFO  ratis.ContainerStateMachine (ContainerStateMachine.java:loadSnapshot(225)) - group-1EB6A76B5EAC: The snapshot info is null. Setting the last applied indexto:(t:0, i:~)
2020-11-25 02:33:47,913 [pool-239-thread-1] INFO  server.RaftServerConfigKeys (ConfUtils.java:logGet(44)) - raft.server.notification.no-leader.timeout = 300s (custom)
2020-11-25 02:33:47,913 [pool-239-thread-1] INFO  server.RaftServerConfigKeys (ConfUtils.java:logGet(44)) - raft.server.log.use.memory = false (default)
2020-11-25 02:33:47,914 [pool-239-thread-1] INFO  server.RaftServerConfigKeys (ConfUtils.java:logGet(44)) - raft.server.log.purge.gap = 1000000 (custom)
2020-11-25 02:33:47,914 [pool-239-thread-1] INFO  metrics.RatisMetrics (RatisMetrics.java:lambda$create$0(36)) - Creating Metrics Registry : ratis.log_worker.74fe976e-ba5c-47a6-8181-a40142644b6d@group-1EB6A76B5EAC
2020-11-25 02:33:47,914 [pool-239-thread-1] INFO  server.RaftServerConfigKeys (ConfUtils.java:logGet(44)) - raft.server.log.appender.buffer.byte-limit = 33554432 (custom)
2020-11-25 02:33:47,914 [EventQueue-PipelineReportForOneReplicaPipelineSafeModeRule] INFO  safemode.SCMSafeModeManager (SCMSafeModeManager.java:validateSafeModeExitRules(214)) - AtleastOneDatanodeReportedRule rule is successfully validated
2020-11-25 02:33:47,914 [pool-239-thread-1] INFO  server.RaftServerConfigKeys (ConfUtils.java:logGet(44)) - raft.server.log.segment.size.max = 1048576 (custom)
2020-11-25 02:33:47,915 [pool-239-thread-1] INFO  server.RaftServerConfigKeys (ConfUtils.java:logGet(44)) - raft.server.log.segment.cache.num.max = 2 (custom)
2020-11-25 02:33:47,915 [pool-239-thread-1] INFO  segmented.SegmentedRaftLogWorker (SegmentedRaftLogWorker.java:<init>(180)) - new 74fe976e-ba5c-47a6-8181-a40142644b6d@group-1EB6A76B5EAC-SegmentedRaftLogWorker for RaftStorage:Storage Directory /github/workspace/mnt/ozone/hadoop-ozone/integration-test/target/test-dir/MiniOzoneClusterImpl-d0d42c39-6fc7-42e8-b6c5-559d28f27a21/datanode-4/data/ratis/17df147c-491d-4836-abac-1eb6a76b5eac
2020-11-25 02:33:47,915 [pool-239-thread-1] INFO  server.RaftServerConfigKeys (ConfUtils.java:logGet(44)) - raft.server.log.queue.byte-limit = 2147483647 (custom)
2020-11-25 02:33:47,915 [pool-239-thread-1] INFO  server.RaftServerConfigKeys (ConfUtils.java:logGet(44)) - raft.server.log.queue.element-limit = 1024 (custom)
2020-11-25 02:33:47,915 [pool-239-thread-1] INFO  server.RaftServerConfigKeys (ConfUtils.java:logGet(44)) - raft.server.log.segment.size.max = 1048576 (custom)
2020-11-25 02:33:47,915 [pool-239-thread-1] INFO  server.RaftServerConfigKeys (ConfUtils.java:logGet(44)) - raft.server.log.preallocated.size = 16384 (custom)
2020-11-25 02:33:47,915 [pool-239-thread-1] INFO  server.RaftServerConfigKeys (ConfUtils.java:logGet(44)) - raft.server.log.write.buffer.size = 1048576 (custom)
2020-11-25 02:33:47,915 [pool-239-thread-1] INFO  server.RaftServerConfigKeys (ConfUtils.java:logGet(44)) - raft.server.log.force.sync.num = 128 (default)
2020-11-25 02:33:47,915 [pool-239-thread-1] INFO  server.RaftServerConfigKeys (ConfUtils.java:logGet(44)) - raft.server.log.statemachine.data.sync = true (default)
2020-11-25 02:33:47,915 [pool-239-thread-1] INFO  server.RaftServerConfigKeys (ConfUtils.java:logGet(44)) - raft.server.log.statemachine.data.sync.timeout = 10s (default)
2020-11-25 02:33:47,915 [pool-239-thread-1] INFO  server.RaftServerConfigKeys (ConfUtils.java:logGet(44)) - raft.server.log.statemachine.data.sync.timeout.retry = -1 (default)
2020-11-25 02:33:47,917 [pool-239-thread-1] INFO  server.RaftServerConfigKeys (ConfUtils.java:logGet(44)) - raft.server.log.statemachine.data.caching.enabled = true (custom)
2020-11-25 02:33:47,917 [pool-239-thread-1] INFO  segmented.SegmentedRaftLogWorker (SegmentedRaftLogWorker.java:lambda$new$0(129)) - 74fe976e-ba5c-47a6-8181-a40142644b6d@group-1EB6A76B5EAC-SegmentedRaftLogWorker: flushIndex: setUnconditionally 0 -> -1
2020-11-25 02:33:47,917 [pool-239-thread-1] INFO  segmented.SegmentedRaftLogWorker (SegmentedRaftLogWorker.java:lambda$new$0(129)) - 74fe976e-ba5c-47a6-8181-a40142644b6d@group-1EB6A76B5EAC-SegmentedRaftLogWorker: safeCacheEvictIndex: setUnconditionally 0 -> -1
2020-11-25 02:33:47,917 [pool-239-thread-1] INFO  server.RaftServerConfigKeys (ConfUtils.java:logGet(44)) - raft.server.snapshot.auto.trigger.enabled = true (custom)
2020-11-25 02:33:47,917 [pool-239-thread-1] INFO  server.RaftServerConfigKeys (ConfUtils.java:logGet(44)) - raft.server.snapshot.auto.trigger.threshold = 10000 (custom)
2020-11-25 02:33:47,917 [pool-239-thread-1] INFO  server.RaftServerConfigKeys (ConfUtils.java:logGet(44)) - raft.server.snapshot.retention.file.num = 5 (custom)
2020-11-25 02:33:47,917 [pool-239-thread-1] INFO  server.RaftServerConfigKeys (ConfUtils.java:logGet(44)) - raft.server.log.purge.upto.snapshot.index = false (default)
2020-11-25 02:33:47,918 [pool-239-thread-1] INFO  server.RaftServerConfigKeys (ConfUtils.java:logGet(44)) - raft.server.retrycache.expirytime = 600000ms (custom)
2020-11-25 02:33:47,918 [pool-239-thread-1] INFO  metrics.RatisMetrics (RatisMetrics.java:lambda$create$0(36)) - Creating Metrics Registry : ratis.leader_election.74fe976e-ba5c-47a6-8181-a40142644b6d@group-1EB6A76B5EAC
2020-11-25 02:33:47,918 [pool-239-thread-1] INFO  metrics.RatisMetrics (RatisMetrics.java:lambda$create$0(36)) - Creating Metrics Registry : ratis.server.74fe976e-ba5c-47a6-8181-a40142644b6d@group-1EB6A76B5EAC
2020-11-25 02:33:47,919 [pool-239-thread-1] INFO  impl.RaftServerImpl (RaftServerImpl.java:start(215)) - 74fe976e-ba5c-47a6-8181-a40142644b6d@group-1EB6A76B5EAC: start as a follower, conf=-1: [cb5b50a0-f55f-4fdb-9d24-2575d150ae34|rpc:172.17.0.2:39075|dataStream:, 11f4bacd-ce3e-419e-997b-c311db6228e0|rpc:172.17.0.2:36255|dataStream:, 74fe976e-ba5c-47a6-8181-a40142644b6d|rpc:172.17.0.2:37871|dataStream:], old=null
2020-11-25 02:33:47,919 [pool-239-thread-1] INFO  impl.RaftServerImpl (RaftServerImpl.java:setRole(204)) - 74fe976e-ba5c-47a6-8181-a40142644b6d@group-1EB6A76B5EAC: changes role from      null to FOLLOWER at term 0 for startAsFollower
2020-11-25 02:33:47,919 [pool-239-thread-1] INFO  impl.RoleInfo (RoleInfo.java:updateAndGet(143)) - 74fe976e-ba5c-47a6-8181-a40142644b6d: start 74fe976e-ba5c-47a6-8181-a40142644b6d@group-1EB6A76B5EAC-FollowerState
2020-11-25 02:33:47,919 [pool-239-thread-1] INFO  util.JmxRegister (JmxRegister.java:tryRegister(44)) - Successfully registered JMX Bean with object name Ratis:service=RaftServer,group=group-1EB6A76B5EAC,id=74fe976e-ba5c-47a6-8181-a40142644b6d
2020-11-25 02:33:47,919 [pool-239-thread-1] INFO  metrics.RatisMetrics (RatisMetrics.java:lambda$create$0(36)) - Creating Metrics Registry : ratis.state_machine.74fe976e-ba5c-47a6-8181-a40142644b6d@group-1EB6A76B5EAC
2020-11-25 02:33:47,926 [Command processor thread] INFO  commandhandler.CreatePipelineCommandHandler (CreatePipelineCommandHandler.java:handle(106)) - Created Pipeline RATIS THREE PipelineID=17df147c-491d-4836-abac-1eb6a76b5eac.
2020-11-25 02:33:47,976 [Command processor thread] INFO  impl.RaftServerProxy (RaftServerProxy.java:addNew(93)) - 74fe976e-ba5c-47a6-8181-a40142644b6d: addNew group-2B5461A4D1A9:[74fe976e-ba5c-47a6-8181-a40142644b6d|rpc:172.17.0.2:37871] returns group-2B5461A4D1A9:java.util.concurrent.CompletableFuture@296386cb[Not completed]
2020-11-25 02:33:47,977 [pool-239-thread-1] INFO  impl.RaftServerImpl (RaftServerImpl.java:<init>(121)) - 74fe976e-ba5c-47a6-8181-a40142644b6d: new RaftServerImpl for group-2B5461A4D1A9:[74fe976e-ba5c-47a6-8181-a40142644b6d|rpc:172.17.0.2:37871] with ContainerStateMachine:uninitialized
2020-11-25 02:33:47,977 [pool-239-thread-1] INFO  server.RaftServerConfigKeys (ConfUtils.java:logGet(44)) - raft.server.rpc.timeout.min = 5s (custom)
2020-11-25 02:33:47,977 [pool-239-thread-1] INFO  server.RaftServerConfigKeys (ConfUtils.java:logGet(44)) - raft.server.rpc.timeout.max = 5200ms (custom)
2020-11-25 02:33:47,977 [pool-239-thread-1] INFO  server.RaftServerConfigKeys (ConfUtils.java:logGet(44)) - raft.server.rpc.slowness.timeout = 300s (custom)
2020-11-25 02:33:47,977 [pool-239-thread-1] INFO  server.RaftServerConfigKeys (ConfUtils.java:logGet(44)) - raft.server.leaderelection.leader.step-down.wait-time = 10s (default)
2020-11-25 02:33:47,977 [pool-239-thread-1] INFO  server.RaftServerConfigKeys (ConfUtils.java:logGet(44)) - raft.server.sleep.deviation.threshold = 300 (default)
2020-11-25 02:33:47,977 [pool-239-thread-1] INFO  server.RaftServerConfigKeys (ConfUtils.java:logGet(44)) - raft.server.log.appender.install.snapshot.enabled = false (custom)
2020-11-25 02:33:47,977 [pool-239-thread-1] INFO  impl.RaftServerImpl (ServerState.java:<init>(104)) - 74fe976e-ba5c-47a6-8181-a40142644b6d@group-2B5461A4D1A9: ConfigurationManager, init=-1: [74fe976e-ba5c-47a6-8181-a40142644b6d|rpc:172.17.0.2:37871], old=null, confs=<EMPTY_MAP>
2020-11-25 02:33:47,977 [pool-239-thread-1] INFO  server.RaftServerConfigKeys (ConfUtils.java:logGet(44)) - raft.server.storage.dir = [/github/workspace/mnt/ozone/hadoop-ozone/integration-test/target/test-dir/MiniOzoneClusterImpl-d0d42c39-6fc7-42e8-b6c5-559d28f27a21/datanode-4/data/ratis] (custom)
2020-11-25 02:33:47,978 [pool-239-thread-1] INFO  server.RaftServerConfigKeys (ConfUtils.java:logGet(44)) - raft.server.log.corruption.policy = EXCEPTION (default)
2020-11-25 02:33:47,978 [pool-239-thread-1] INFO  storage.RaftStorageDirectory (RaftStorageDirectory.java:analyzeStorage(261)) - The storage directory /github/workspace/mnt/ozone/hadoop-ozone/integration-test/target/test-dir/MiniOzoneClusterImpl-d0d42c39-6fc7-42e8-b6c5-559d28f27a21/datanode-4/data/ratis/23dac198-40f8-41f6-9960-2b5461a4d1a9 does not exist. Creating ...
2020-11-25 02:33:47,979 [pool-239-thread-1] INFO  storage.RaftStorageDirectory (RaftStorageDirectory.java:tryLock(343)) - Lock on /github/workspace/mnt/ozone/hadoop-ozone/integration-test/target/test-dir/MiniOzoneClusterImpl-d0d42c39-6fc7-42e8-b6c5-559d28f27a21/datanode-4/data/ratis/23dac198-40f8-41f6-9960-2b5461a4d1a9/in_use.lock acquired by nodename 12892@3d7159965374
2020-11-25 02:33:47,980 [pool-239-thread-1] INFO  storage.RaftStorage (RaftStorage.java:format(85)) - Storage directory /github/workspace/mnt/ozone/hadoop-ozone/integration-test/target/test-dir/MiniOzoneClusterImpl-d0d42c39-6fc7-42e8-b6c5-559d28f27a21/datanode-4/data/ratis/23dac198-40f8-41f6-9960-2b5461a4d1a9 has been successfully formatted.
2020-11-25 02:33:47,980 [pool-239-thread-1] INFO  ratis.ContainerStateMachine (ContainerStateMachine.java:loadSnapshot(225)) - group-2B5461A4D1A9: The snapshot info is null. Setting the last applied indexto:(t:0, i:~)
2020-11-25 02:33:47,980 [pool-239-thread-1] INFO  server.RaftServerConfigKeys (ConfUtils.java:logGet(44)) - raft.server.notification.no-leader.timeout = 300s (custom)
2020-11-25 02:33:47,980 [pool-239-thread-1] INFO  server.RaftServerConfigKeys (ConfUtils.java:logGet(44)) - raft.server.log.use.memory = false (default)
2020-11-25 02:33:47,980 [pool-239-thread-1] INFO  server.RaftServerConfigKeys (ConfUtils.java:logGet(44)) - raft.server.log.purge.gap = 1000000 (custom)
2020-11-25 02:33:47,981 [pool-239-thread-1] INFO  metrics.RatisMetrics (RatisMetrics.java:lambda$create$0(36)) - Creating Metrics Registry : ratis.log_worker.74fe976e-ba5c-47a6-8181-a40142644b6d@group-2B5461A4D1A9
2020-11-25 02:33:47,981 [EventQueue-PipelineReportForPipelineReportHandler] INFO  pipeline.PipelineStateManager (PipelineStateManager.java:openPipeline(132)) - Pipeline Pipeline[ Id: 23dac198-40f8-41f6-9960-2b5461a4d1a9, Nodes: 74fe976e-ba5c-47a6-8181-a40142644b6d{ip: 172.17.0.2, host: 3d7159965374, networkLocation: /default-rack, certSerialId: null}, Type:RATIS, Factor:ONE, State:ALLOCATED, leaderId:74fe976e-ba5c-47a6-8181-a40142644b6d, CreationTimestamp2020-11-25T02:33:44.977Z] moved to OPEN state
2020-11-25 02:33:47,981 [EventQueue-PipelineReportForOneReplicaPipelineSafeModeRule] INFO  safemode.SCMSafeModeManager (SCMSafeModeManager.java:validateSafeModeExitRules(214)) - AtleastOneDatanodeReportedRule rule is successfully validated
2020-11-25 02:33:47,981 [pool-239-thread-1] INFO  server.RaftServerConfigKeys (ConfUtils.java:logGet(44)) - raft.server.log.appender.buffer.byte-limit = 33554432 (custom)
2020-11-25 02:33:47,982 [pool-239-thread-1] INFO  server.RaftServerConfigKeys (ConfUtils.java:logGet(44)) - raft.server.log.segment.size.max = 1048576 (custom)
2020-11-25 02:33:47,982 [pool-239-thread-1] INFO  server.RaftServerConfigKeys (ConfUtils.java:logGet(44)) - raft.server.log.segment.cache.num.max = 2 (custom)
2020-11-25 02:33:47,982 [pool-239-thread-1] INFO  segmented.SegmentedRaftLogWorker (SegmentedRaftLogWorker.java:<init>(180)) - new 74fe976e-ba5c-47a6-8181-a40142644b6d@group-2B5461A4D1A9-SegmentedRaftLogWorker for RaftStorage:Storage Directory /github/workspace/mnt/ozone/hadoop-ozone/integration-test/target/test-dir/MiniOzoneClusterImpl-d0d42c39-6fc7-42e8-b6c5-559d28f27a21/datanode-4/data/ratis/23dac198-40f8-41f6-9960-2b5461a4d1a9
2020-11-25 02:33:47,982 [pool-239-thread-1] INFO  server.RaftServerConfigKeys (ConfUtils.java:logGet(44)) - raft.server.log.queue.byte-limit = 2147483647 (custom)
2020-11-25 02:33:47,982 [pool-239-thread-1] INFO  server.RaftServerConfigKeys (ConfUtils.java:logGet(44)) - raft.server.log.queue.element-limit = 1024 (custom)
2020-11-25 02:33:47,982 [pool-239-thread-1] INFO  server.RaftServerConfigKeys (ConfUtils.java:logGet(44)) - raft.server.log.segment.size.max = 1048576 (custom)
2020-11-25 02:33:47,982 [pool-239-thread-1] INFO  server.RaftServerConfigKeys (ConfUtils.java:logGet(44)) - raft.server.log.preallocated.size = 16384 (custom)
2020-11-25 02:33:47,982 [pool-239-thread-1] INFO  server.RaftServerConfigKeys (ConfUtils.java:logGet(44)) - raft.server.log.write.buffer.size = 1048576 (custom)
2020-11-25 02:33:47,982 [pool-239-thread-1] INFO  server.RaftServerConfigKeys (ConfUtils.java:logGet(44)) - raft.server.log.force.sync.num = 128 (default)
2020-11-25 02:33:47,982 [pool-239-thread-1] INFO  server.RaftServerConfigKeys (ConfUtils.java:logGet(44)) - raft.server.log.statemachine.data.sync = true (default)
2020-11-25 02:33:47,983 [pool-239-thread-1] INFO  server.RaftServerConfigKeys (ConfUtils.java:logGet(44)) - raft.server.log.statemachine.data.sync.timeout = 10s (default)
2020-11-25 02:33:47,983 [pool-239-thread-1] INFO  server.RaftServerConfigKeys (ConfUtils.java:logGet(44)) - raft.server.log.statemachine.data.sync.timeout.retry = -1 (default)
2020-11-25 02:33:47,983 [EventQueue-OpenPipelineForHealthyPipelineSafeModeRule] INFO  safemode.SCMSafeModeManager (HealthyPipelineSafeModeRule.java:process(128)) - SCM in safe mode. Healthy pipelines reported count is 0, required healthy pipeline reported count is 1
2020-11-25 02:33:47,984 [pool-239-thread-1] INFO  server.RaftServerConfigKeys (ConfUtils.java:logGet(44)) - raft.server.log.statemachine.data.caching.enabled = true (custom)
2020-11-25 02:33:47,984 [pool-239-thread-1] INFO  segmented.SegmentedRaftLogWorker (SegmentedRaftLogWorker.java:lambda$new$0(129)) - 74fe976e-ba5c-47a6-8181-a40142644b6d@group-2B5461A4D1A9-SegmentedRaftLogWorker: flushIndex: setUnconditionally 0 -> -1
2020-11-25 02:33:47,984 [pool-239-thread-1] INFO  segmented.SegmentedRaftLogWorker (SegmentedRaftLogWorker.java:lambda$new$0(129)) - 74fe976e-ba5c-47a6-8181-a40142644b6d@group-2B5461A4D1A9-SegmentedRaftLogWorker: safeCacheEvictIndex: setUnconditionally 0 -> -1
2020-11-25 02:33:47,985 [pool-239-thread-1] INFO  server.RaftServerConfigKeys (ConfUtils.java:logGet(44)) - raft.server.snapshot.auto.trigger.enabled = true (custom)
2020-11-25 02:33:47,985 [pool-239-thread-1] INFO  server.RaftServerConfigKeys (ConfUtils.java:logGet(44)) - raft.server.snapshot.auto.trigger.threshold = 10000 (custom)
2020-11-25 02:33:47,985 [pool-239-thread-1] INFO  server.RaftServerConfigKeys (ConfUtils.java:logGet(44)) - raft.server.snapshot.retention.file.num = 5 (custom)
2020-11-25 02:33:47,985 [pool-239-thread-1] INFO  server.RaftServerConfigKeys (ConfUtils.java:logGet(44)) - raft.server.log.purge.upto.snapshot.index = false (default)
2020-11-25 02:33:47,985 [pool-239-thread-1] INFO  server.RaftServerConfigKeys (ConfUtils.java:logGet(44)) - raft.server.retrycache.expirytime = 600000ms (custom)
2020-11-25 02:33:47,985 [pool-239-thread-1] INFO  metrics.RatisMetrics (RatisMetrics.java:lambda$create$0(36)) - Creating Metrics Registry : ratis.leader_election.74fe976e-ba5c-47a6-8181-a40142644b6d@group-2B5461A4D1A9
2020-11-25 02:33:47,985 [pool-239-thread-1] INFO  metrics.RatisMetrics (RatisMetrics.java:lambda$create$0(36)) - Creating Metrics Registry : ratis.server.74fe976e-ba5c-47a6-8181-a40142644b6d@group-2B5461A4D1A9
2020-11-25 02:33:47,986 [pool-239-thread-1] INFO  impl.RaftServerImpl (RaftServerImpl.java:start(215)) - 74fe976e-ba5c-47a6-8181-a40142644b6d@group-2B5461A4D1A9: start as a follower, conf=-1: [74fe976e-ba5c-47a6-8181-a40142644b6d|rpc:172.17.0.2:37871], old=null
2020-11-25 02:33:47,986 [pool-239-thread-1] INFO  impl.RaftServerImpl (RaftServerImpl.java:setRole(204)) - 74fe976e-ba5c-47a6-8181-a40142644b6d@group-2B5461A4D1A9: changes role from      null to FOLLOWER at term 0 for startAsFollower
2020-11-25 02:33:47,986 [pool-239-thread-1] INFO  impl.RoleInfo (RoleInfo.java:updateAndGet(143)) - 74fe976e-ba5c-47a6-8181-a40142644b6d: start 74fe976e-ba5c-47a6-8181-a40142644b6d@group-2B5461A4D1A9-FollowerState
2020-11-25 02:33:47,988 [pool-239-thread-1] INFO  util.JmxRegister (JmxRegister.java:tryRegister(44)) - Successfully registered JMX Bean with object name Ratis:service=RaftServer,group=group-2B5461A4D1A9,id=74fe976e-ba5c-47a6-8181-a40142644b6d
2020-11-25 02:33:47,988 [pool-239-thread-1] INFO  metrics.RatisMetrics (RatisMetrics.java:lambda$create$0(36)) - Creating Metrics Registry : ratis.state_machine.74fe976e-ba5c-47a6-8181-a40142644b6d@group-2B5461A4D1A9
2020-11-25 02:33:47,992 [Command processor thread] INFO  commandhandler.CreatePipelineCommandHandler (CreatePipelineCommandHandler.java:handle(106)) - Created Pipeline RATIS ONE PipelineID=23dac198-40f8-41f6-9960-2b5461a4d1a9.
2020-11-25 02:33:48,158 [Command processor thread] INFO  impl.RaftServerProxy (RaftServerProxy.java:addNew(93)) - 11f4bacd-ce3e-419e-997b-c311db6228e0: addNew group-FEE2B9F80CAB:[11f4bacd-ce3e-419e-997b-c311db6228e0|rpc:172.17.0.2:36255] returns group-FEE2B9F80CAB:java.util.concurrent.CompletableFuture@12699a90[Not completed]
2020-11-25 02:33:48,159 [pool-255-thread-1] INFO  impl.RaftServerImpl (RaftServerImpl.java:<init>(121)) - 11f4bacd-ce3e-419e-997b-c311db6228e0: new RaftServerImpl for group-FEE2B9F80CAB:[11f4bacd-ce3e-419e-997b-c311db6228e0|rpc:172.17.0.2:36255] with ContainerStateMachine:uninitialized
2020-11-25 02:33:48,159 [pool-255-thread-1] INFO  server.RaftServerConfigKeys (ConfUtils.java:logGet(44)) - raft.server.rpc.timeout.min = 5s (custom)
2020-11-25 02:33:48,159 [pool-255-thread-1] INFO  server.RaftServerConfigKeys (ConfUtils.java:logGet(44)) - raft.server.rpc.timeout.max = 5200ms (custom)
2020-11-25 02:33:48,159 [pool-255-thread-1] INFO  server.RaftServerConfigKeys (ConfUtils.java:logGet(44)) - raft.server.rpc.slowness.timeout = 300s (custom)
2020-11-25 02:33:48,159 [pool-255-thread-1] INFO  server.RaftServerConfigKeys (ConfUtils.java:logGet(44)) - raft.server.leaderelection.leader.step-down.wait-time = 10s (default)
2020-11-25 02:33:48,159 [pool-255-thread-1] INFO  server.RaftServerConfigKeys (ConfUtils.java:logGet(44)) - raft.server.sleep.deviation.threshold = 300 (default)
2020-11-25 02:33:48,159 [pool-255-thread-1] INFO  server.RaftServerConfigKeys (ConfUtils.java:logGet(44)) - raft.server.log.appender.install.snapshot.enabled = false (custom)
2020-11-25 02:33:48,159 [pool-255-thread-1] INFO  impl.RaftServerImpl (ServerState.java:<init>(104)) - 11f4bacd-ce3e-419e-997b-c311db6228e0@group-FEE2B9F80CAB: ConfigurationManager, init=-1: [11f4bacd-ce3e-419e-997b-c311db6228e0|rpc:172.17.0.2:36255], old=null, confs=<EMPTY_MAP>
2020-11-25 02:33:48,160 [pool-255-thread-1] INFO  server.RaftServerConfigKeys (ConfUtils.java:logGet(44)) - raft.server.storage.dir = [/github/workspace/mnt/ozone/hadoop-ozone/integration-test/target/test-dir/MiniOzoneClusterImpl-d0d42c39-6fc7-42e8-b6c5-559d28f27a21/datanode-5/data/ratis] (custom)
2020-11-25 02:33:48,160 [pool-255-thread-1] INFO  server.RaftServerConfigKeys (ConfUtils.java:logGet(44)) - raft.server.log.corruption.policy = EXCEPTION (default)
2020-11-25 02:33:48,160 [pool-255-thread-1] INFO  storage.RaftStorageDirectory (RaftStorageDirectory.java:analyzeStorage(261)) - The storage directory /github/workspace/mnt/ozone/hadoop-ozone/integration-test/target/test-dir/MiniOzoneClusterImpl-d0d42c39-6fc7-42e8-b6c5-559d28f27a21/datanode-5/data/ratis/41a1f711-6daa-4647-b6b7-fee2b9f80cab does not exist. Creating ...
2020-11-25 02:33:48,161 [pool-255-thread-1] INFO  storage.RaftStorageDirectory (RaftStorageDirectory.java:tryLock(343)) - Lock on /github/workspace/mnt/ozone/hadoop-ozone/integration-test/target/test-dir/MiniOzoneClusterImpl-d0d42c39-6fc7-42e8-b6c5-559d28f27a21/datanode-5/data/ratis/41a1f711-6daa-4647-b6b7-fee2b9f80cab/in_use.lock acquired by nodename 12892@3d7159965374
2020-11-25 02:33:48,162 [pool-255-thread-1] INFO  storage.RaftStorage (RaftStorage.java:format(85)) - Storage directory /github/workspace/mnt/ozone/hadoop-ozone/integration-test/target/test-dir/MiniOzoneClusterImpl-d0d42c39-6fc7-42e8-b6c5-559d28f27a21/datanode-5/data/ratis/41a1f711-6daa-4647-b6b7-fee2b9f80cab has been successfully formatted.
2020-11-25 02:33:48,162 [pool-255-thread-1] INFO  ratis.ContainerStateMachine (ContainerStateMachine.java:loadSnapshot(225)) - group-FEE2B9F80CAB: The snapshot info is null. Setting the last applied indexto:(t:0, i:~)
2020-11-25 02:33:48,162 [pool-255-thread-1] INFO  server.RaftServerConfigKeys (ConfUtils.java:logGet(44)) - raft.server.notification.no-leader.timeout = 300s (custom)
2020-11-25 02:33:48,163 [pool-255-thread-1] INFO  server.RaftServerConfigKeys (ConfUtils.java:logGet(44)) - raft.server.log.use.memory = false (default)
2020-11-25 02:33:48,163 [pool-255-thread-1] INFO  server.RaftServerConfigKeys (ConfUtils.java:logGet(44)) - raft.server.log.purge.gap = 1000000 (custom)
2020-11-25 02:33:48,163 [pool-255-thread-1] INFO  metrics.RatisMetrics (RatisMetrics.java:lambda$create$0(36)) - Creating Metrics Registry : ratis.log_worker.11f4bacd-ce3e-419e-997b-c311db6228e0@group-FEE2B9F80CAB
2020-11-25 02:33:48,163 [EventQueue-PipelineReportForPipelineReportHandler] INFO  pipeline.PipelineStateManager (PipelineStateManager.java:openPipeline(132)) - Pipeline Pipeline[ Id: 41a1f711-6daa-4647-b6b7-fee2b9f80cab, Nodes: 11f4bacd-ce3e-419e-997b-c311db6228e0{ip: 172.17.0.2, host: 3d7159965374, networkLocation: /default-rack, certSerialId: null}, Type:RATIS, Factor:ONE, State:ALLOCATED, leaderId:11f4bacd-ce3e-419e-997b-c311db6228e0, CreationTimestamp2020-11-25T02:33:45.159Z] moved to OPEN state
2020-11-25 02:33:48,163 [EventQueue-PipelineReportForOneReplicaPipelineSafeModeRule] INFO  safemode.SCMSafeModeManager (SCMSafeModeManager.java:validateSafeModeExitRules(214)) - AtleastOneDatanodeReportedRule rule is successfully validated
2020-11-25 02:33:48,163 [EventQueue-OpenPipelineForHealthyPipelineSafeModeRule] INFO  safemode.SCMSafeModeManager (HealthyPipelineSafeModeRule.java:process(128)) - SCM in safe mode. Healthy pipelines reported count is 0, required healthy pipeline reported count is 1
2020-11-25 02:33:48,166 [pool-255-thread-1] INFO  server.RaftServerConfigKeys (ConfUtils.java:logGet(44)) - raft.server.log.appender.buffer.byte-limit = 33554432 (custom)
2020-11-25 02:33:48,166 [pool-255-thread-1] INFO  server.RaftServerConfigKeys (ConfUtils.java:logGet(44)) - raft.server.log.segment.size.max = 1048576 (custom)
2020-11-25 02:33:48,166 [pool-255-thread-1] INFO  server.RaftServerConfigKeys (ConfUtils.java:logGet(44)) - raft.server.log.segment.cache.num.max = 2 (custom)
2020-11-25 02:33:48,167 [pool-255-thread-1] INFO  segmented.SegmentedRaftLogWorker (SegmentedRaftLogWorker.java:<init>(180)) - new 11f4bacd-ce3e-419e-997b-c311db6228e0@group-FEE2B9F80CAB-SegmentedRaftLogWorker for RaftStorage:Storage Directory /github/workspace/mnt/ozone/hadoop-ozone/integration-test/target/test-dir/MiniOzoneClusterImpl-d0d42c39-6fc7-42e8-b6c5-559d28f27a21/datanode-5/data/ratis/41a1f711-6daa-4647-b6b7-fee2b9f80cab
2020-11-25 02:33:48,167 [pool-255-thread-1] INFO  server.RaftServerConfigKeys (ConfUtils.java:logGet(44)) - raft.server.log.queue.byte-limit = 2147483647 (custom)
2020-11-25 02:33:48,167 [pool-255-thread-1] INFO  server.RaftServerConfigKeys (ConfUtils.java:logGet(44)) - raft.server.log.queue.element-limit = 1024 (custom)
2020-11-25 02:33:48,167 [pool-255-thread-1] INFO  server.RaftServerConfigKeys (ConfUtils.java:logGet(44)) - raft.server.log.segment.size.max = 1048576 (custom)
2020-11-25 02:33:48,167 [pool-255-thread-1] INFO  server.RaftServerConfigKeys (ConfUtils.java:logGet(44)) - raft.server.log.preallocated.size = 16384 (custom)
2020-11-25 02:33:48,167 [pool-255-thread-1] INFO  server.RaftServerConfigKeys (ConfUtils.java:logGet(44)) - raft.server.log.write.buffer.size = 1048576 (custom)
2020-11-25 02:33:48,167 [pool-255-thread-1] INFO  server.RaftServerConfigKeys (ConfUtils.java:logGet(44)) - raft.server.log.force.sync.num = 128 (default)
2020-11-25 02:33:48,167 [pool-255-thread-1] INFO  server.RaftServerConfigKeys (ConfUtils.java:logGet(44)) - raft.server.log.statemachine.data.sync = true (default)
2020-11-25 02:33:48,167 [pool-255-thread-1] INFO  server.RaftServerConfigKeys (ConfUtils.java:logGet(44)) - raft.server.log.statemachine.data.sync.timeout = 10s (default)
2020-11-25 02:33:48,167 [pool-255-thread-1] INFO  server.RaftServerConfigKeys (ConfUtils.java:logGet(44)) - raft.server.log.statemachine.data.sync.timeout.retry = -1 (default)
2020-11-25 02:33:48,168 [pool-255-thread-1] INFO  server.RaftServerConfigKeys (ConfUtils.java:logGet(44)) - raft.server.log.statemachine.data.caching.enabled = true (custom)
2020-11-25 02:33:48,169 [pool-255-thread-1] INFO  segmented.SegmentedRaftLogWorker (SegmentedRaftLogWorker.java:lambda$new$0(129)) - 11f4bacd-ce3e-419e-997b-c311db6228e0@group-FEE2B9F80CAB-SegmentedRaftLogWorker: flushIndex: setUnconditionally 0 -> -1
2020-11-25 02:33:48,169 [pool-255-thread-1] INFO  segmented.SegmentedRaftLogWorker (SegmentedRaftLogWorker.java:lambda$new$0(129)) - 11f4bacd-ce3e-419e-997b-c311db6228e0@group-FEE2B9F80CAB-SegmentedRaftLogWorker: safeCacheEvictIndex: setUnconditionally 0 -> -1
2020-11-25 02:33:48,173 [pool-255-thread-1] INFO  server.RaftServerConfigKeys (ConfUtils.java:logGet(44)) - raft.server.snapshot.auto.trigger.enabled = true (custom)
2020-11-25 02:33:48,173 [pool-255-thread-1] INFO  server.RaftServerConfigKeys (ConfUtils.java:logGet(44)) - raft.server.snapshot.auto.trigger.threshold = 10000 (custom)
2020-11-25 02:33:48,173 [pool-255-thread-1] INFO  server.RaftServerConfigKeys (ConfUtils.java:logGet(44)) - raft.server.snapshot.retention.file.num = 5 (custom)
2020-11-25 02:33:48,173 [pool-255-thread-1] INFO  server.RaftServerConfigKeys (ConfUtils.java:logGet(44)) - raft.server.log.purge.upto.snapshot.index = false (default)
2020-11-25 02:33:48,173 [pool-255-thread-1] INFO  server.RaftServerConfigKeys (ConfUtils.java:logGet(44)) - raft.server.retrycache.expirytime = 600000ms (custom)
2020-11-25 02:33:48,173 [pool-255-thread-1] INFO  metrics.RatisMetrics (RatisMetrics.java:lambda$create$0(36)) - Creating Metrics Registry : ratis.leader_election.11f4bacd-ce3e-419e-997b-c311db6228e0@group-FEE2B9F80CAB
2020-11-25 02:33:48,173 [pool-255-thread-1] INFO  metrics.RatisMetrics (RatisMetrics.java:lambda$create$0(36)) - Creating Metrics Registry : ratis.server.11f4bacd-ce3e-419e-997b-c311db6228e0@group-FEE2B9F80CAB
2020-11-25 02:33:48,174 [pool-255-thread-1] INFO  impl.RaftServerImpl (RaftServerImpl.java:start(215)) - 11f4bacd-ce3e-419e-997b-c311db6228e0@group-FEE2B9F80CAB: start as a follower, conf=-1: [11f4bacd-ce3e-419e-997b-c311db6228e0|rpc:172.17.0.2:36255], old=null
2020-11-25 02:33:48,174 [pool-255-thread-1] INFO  impl.RaftServerImpl (RaftServerImpl.java:setRole(204)) - 11f4bacd-ce3e-419e-997b-c311db6228e0@group-FEE2B9F80CAB: changes role from      null to FOLLOWER at term 0 for startAsFollower
2020-11-25 02:33:48,174 [pool-255-thread-1] INFO  impl.RoleInfo (RoleInfo.java:updateAndGet(143)) - 11f4bacd-ce3e-419e-997b-c311db6228e0: start 11f4bacd-ce3e-419e-997b-c311db6228e0@group-FEE2B9F80CAB-FollowerState
2020-11-25 02:33:48,175 [pool-255-thread-1] INFO  util.JmxRegister (JmxRegister.java:tryRegister(44)) - Successfully registered JMX Bean with object name Ratis:service=RaftServer,group=group-FEE2B9F80CAB,id=11f4bacd-ce3e-419e-997b-c311db6228e0
2020-11-25 02:33:48,175 [pool-255-thread-1] INFO  metrics.RatisMetrics (RatisMetrics.java:lambda$create$0(36)) - Creating Metrics Registry : ratis.state_machine.11f4bacd-ce3e-419e-997b-c311db6228e0@group-FEE2B9F80CAB
2020-11-25 02:33:48,176 [Command processor thread] INFO  commandhandler.CreatePipelineCommandHandler (CreatePipelineCommandHandler.java:handle(106)) - Created Pipeline RATIS ONE PipelineID=41a1f711-6daa-4647-b6b7-fee2b9f80cab.
2020-11-25 02:33:48,333 [Listener at 127.0.0.1/34527] INFO  ozone.MiniOzoneClusterImpl (MiniOzoneClusterImpl.java:lambda$waitForClusterToBeReady$0(178)) - Nodes are ready. Got 7 of 7 DN Heartbeats.
2020-11-25 02:33:48,333 [Listener at 127.0.0.1/34527] INFO  ozone.MiniOzoneClusterImpl (MiniOzoneClusterImpl.java:lambda$waitForClusterToBeReady$0(181)) - Waiting for cluster to exit safe mode
2020-11-25 02:33:48,338 [Command processor thread] INFO  impl.RaftServerProxy (RaftServerProxy.java:addNew(93)) - 57b917c9-e56d-4891-b77d-d7ae8505e2a5: addNew group-B5F515BB86F2:[57b917c9-e56d-4891-b77d-d7ae8505e2a5|rpc:172.17.0.2:36967] returns group-B5F515BB86F2:java.util.concurrent.CompletableFuture@3475d0a7[Not completed]
2020-11-25 02:33:48,339 [pool-271-thread-1] INFO  impl.RaftServerImpl (RaftServerImpl.java:<init>(121)) - 57b917c9-e56d-4891-b77d-d7ae8505e2a5: new RaftServerImpl for group-B5F515BB86F2:[57b917c9-e56d-4891-b77d-d7ae8505e2a5|rpc:172.17.0.2:36967] with ContainerStateMachine:uninitialized
2020-11-25 02:33:48,339 [pool-271-thread-1] INFO  server.RaftServerConfigKeys (ConfUtils.java:logGet(44)) - raft.server.rpc.timeout.min = 5s (custom)
2020-11-25 02:33:48,339 [pool-271-thread-1] INFO  server.RaftServerConfigKeys (ConfUtils.java:logGet(44)) - raft.server.rpc.timeout.max = 5200ms (custom)
2020-11-25 02:33:48,339 [pool-271-thread-1] INFO  server.RaftServerConfigKeys (ConfUtils.java:logGet(44)) - raft.server.rpc.slowness.timeout = 300s (custom)
2020-11-25 02:33:48,340 [pool-271-thread-1] INFO  server.RaftServerConfigKeys (ConfUtils.java:logGet(44)) - raft.server.leaderelection.leader.step-down.wait-time = 10s (default)
2020-11-25 02:33:48,340 [pool-271-thread-1] INFO  server.RaftServerConfigKeys (ConfUtils.java:logGet(44)) - raft.server.sleep.deviation.threshold = 300 (default)
2020-11-25 02:33:48,340 [pool-271-thread-1] INFO  server.RaftServerConfigKeys (ConfUtils.java:logGet(44)) - raft.server.log.appender.install.snapshot.enabled = false (custom)
2020-11-25 02:33:48,340 [pool-271-thread-1] INFO  impl.RaftServerImpl (ServerState.java:<init>(104)) - 57b917c9-e56d-4891-b77d-d7ae8505e2a5@group-B5F515BB86F2: ConfigurationManager, init=-1: [57b917c9-e56d-4891-b77d-d7ae8505e2a5|rpc:172.17.0.2:36967], old=null, confs=<EMPTY_MAP>
2020-11-25 02:33:48,340 [pool-271-thread-1] INFO  server.RaftServerConfigKeys (ConfUtils.java:logGet(44)) - raft.server.storage.dir = [/github/workspace/mnt/ozone/hadoop-ozone/integration-test/target/test-dir/MiniOzoneClusterImpl-d0d42c39-6fc7-42e8-b6c5-559d28f27a21/datanode-6/data/ratis] (custom)
2020-11-25 02:33:48,340 [pool-271-thread-1] INFO  server.RaftServerConfigKeys (ConfUtils.java:logGet(44)) - raft.server.log.corruption.policy = EXCEPTION (default)
2020-11-25 02:33:48,340 [pool-271-thread-1] INFO  storage.RaftStorageDirectory (RaftStorageDirectory.java:analyzeStorage(261)) - The storage directory /github/workspace/mnt/ozone/hadoop-ozone/integration-test/target/test-dir/MiniOzoneClusterImpl-d0d42c39-6fc7-42e8-b6c5-559d28f27a21/datanode-6/data/ratis/f3c87e3a-bc71-4398-818a-b5f515bb86f2 does not exist. Creating ...
2020-11-25 02:33:48,342 [pool-271-thread-1] INFO  storage.RaftStorageDirectory (RaftStorageDirectory.java:tryLock(343)) - Lock on /github/workspace/mnt/ozone/hadoop-ozone/integration-test/target/test-dir/MiniOzoneClusterImpl-d0d42c39-6fc7-42e8-b6c5-559d28f27a21/datanode-6/data/ratis/f3c87e3a-bc71-4398-818a-b5f515bb86f2/in_use.lock acquired by nodename 12892@3d7159965374
2020-11-25 02:33:48,342 [pool-271-thread-1] INFO  storage.RaftStorage (RaftStorage.java:format(85)) - Storage directory /github/workspace/mnt/ozone/hadoop-ozone/integration-test/target/test-dir/MiniOzoneClusterImpl-d0d42c39-6fc7-42e8-b6c5-559d28f27a21/datanode-6/data/ratis/f3c87e3a-bc71-4398-818a-b5f515bb86f2 has been successfully formatted.
2020-11-25 02:33:48,344 [org.apache.ratis.server.JvmPauseMonitor@741d3c23-Monitor] WARN  server.JvmPauseMonitor (JvmPauseMonitor.java:run(141)) - Detected pause in JVM or host machine (eg GC): pause of approximately 1ms
No GCs detected
2020-11-25 02:33:48,344 [pool-271-thread-1] INFO  ratis.ContainerStateMachine (ContainerStateMachine.java:loadSnapshot(225)) - group-B5F515BB86F2: The snapshot info is null. Setting the last applied indexto:(t:0, i:~)
2020-11-25 02:33:48,344 [pool-271-thread-1] INFO  server.RaftServerConfigKeys (ConfUtils.java:logGet(44)) - raft.server.notification.no-leader.timeout = 300s (custom)
2020-11-25 02:33:48,344 [pool-271-thread-1] INFO  server.RaftServerConfigKeys (ConfUtils.java:logGet(44)) - raft.server.log.use.memory = false (default)
2020-11-25 02:33:48,344 [pool-271-thread-1] INFO  server.RaftServerConfigKeys (ConfUtils.java:logGet(44)) - raft.server.log.purge.gap = 1000000 (custom)
2020-11-25 02:33:48,344 [pool-271-thread-1] INFO  metrics.RatisMetrics (RatisMetrics.java:lambda$create$0(36)) - Creating Metrics Registry : ratis.log_worker.57b917c9-e56d-4891-b77d-d7ae8505e2a5@group-B5F515BB86F2
2020-11-25 02:33:48,345 [EventQueue-PipelineReportForPipelineReportHandler] INFO  pipeline.PipelineStateManager (PipelineStateManager.java:openPipeline(132)) - Pipeline Pipeline[ Id: f3c87e3a-bc71-4398-818a-b5f515bb86f2, Nodes: 57b917c9-e56d-4891-b77d-d7ae8505e2a5{ip: 172.17.0.2, host: 3d7159965374, networkLocation: /default-rack, certSerialId: null}, Type:RATIS, Factor:ONE, State:ALLOCATED, leaderId:57b917c9-e56d-4891-b77d-d7ae8505e2a5, CreationTimestamp2020-11-25T02:33:45.340Z] moved to OPEN state
2020-11-25 02:33:48,345 [pool-271-thread-1] INFO  server.RaftServerConfigKeys (ConfUtils.java:logGet(44)) - raft.server.log.appender.buffer.byte-limit = 33554432 (custom)
2020-11-25 02:33:48,345 [pool-271-thread-1] INFO  server.RaftServerConfigKeys (ConfUtils.java:logGet(44)) - raft.server.log.segment.size.max = 1048576 (custom)
2020-11-25 02:33:48,346 [pool-271-thread-1] INFO  server.RaftServerConfigKeys (ConfUtils.java:logGet(44)) - raft.server.log.segment.cache.num.max = 2 (custom)
2020-11-25 02:33:48,346 [pool-271-thread-1] INFO  segmented.SegmentedRaftLogWorker (SegmentedRaftLogWorker.java:<init>(180)) - new 57b917c9-e56d-4891-b77d-d7ae8505e2a5@group-B5F515BB86F2-SegmentedRaftLogWorker for RaftStorage:Storage Directory /github/workspace/mnt/ozone/hadoop-ozone/integration-test/target/test-dir/MiniOzoneClusterImpl-d0d42c39-6fc7-42e8-b6c5-559d28f27a21/datanode-6/data/ratis/f3c87e3a-bc71-4398-818a-b5f515bb86f2
2020-11-25 02:33:48,346 [pool-271-thread-1] INFO  server.RaftServerConfigKeys (ConfUtils.java:logGet(44)) - raft.server.log.queue.byte-limit = 2147483647 (custom)
2020-11-25 02:33:48,346 [pool-271-thread-1] INFO  server.RaftServerConfigKeys (ConfUtils.java:logGet(44)) - raft.server.log.queue.element-limit = 1024 (custom)
2020-11-25 02:33:48,346 [pool-271-thread-1] INFO  server.RaftServerConfigKeys (ConfUtils.java:logGet(44)) - raft.server.log.segment.size.max = 1048576 (custom)
2020-11-25 02:33:48,346 [pool-271-thread-1] INFO  server.RaftServerConfigKeys (ConfUtils.java:logGet(44)) - raft.server.log.preallocated.size = 16384 (custom)
2020-11-25 02:33:48,346 [pool-271-thread-1] INFO  server.RaftServerConfigKeys (ConfUtils.java:logGet(44)) - raft.server.log.write.buffer.size = 1048576 (custom)
2020-11-25 02:33:48,346 [pool-271-thread-1] INFO  server.RaftServerConfigKeys (ConfUtils.java:logGet(44)) - raft.server.log.force.sync.num = 128 (default)
2020-11-25 02:33:48,346 [pool-271-thread-1] INFO  server.RaftServerConfigKeys (ConfUtils.java:logGet(44)) - raft.server.log.statemachine.data.sync = true (default)
2020-11-25 02:33:48,346 [pool-271-thread-1] INFO  server.RaftServerConfigKeys (ConfUtils.java:logGet(44)) - raft.server.log.statemachine.data.sync.timeout = 10s (default)
2020-11-25 02:33:48,346 [pool-271-thread-1] INFO  server.RaftServerConfigKeys (ConfUtils.java:logGet(44)) - raft.server.log.statemachine.data.sync.timeout.retry = -1 (default)
2020-11-25 02:33:48,348 [pool-271-thread-1] INFO  server.RaftServerConfigKeys (ConfUtils.java:logGet(44)) - raft.server.log.statemachine.data.caching.enabled = true (custom)
2020-11-25 02:33:48,348 [pool-271-thread-1] INFO  segmented.SegmentedRaftLogWorker (SegmentedRaftLogWorker.java:lambda$new$0(129)) - 57b917c9-e56d-4891-b77d-d7ae8505e2a5@group-B5F515BB86F2-SegmentedRaftLogWorker: flushIndex: setUnconditionally 0 -> -1
2020-11-25 02:33:48,348 [pool-271-thread-1] INFO  segmented.SegmentedRaftLogWorker (SegmentedRaftLogWorker.java:lambda$new$0(129)) - 57b917c9-e56d-4891-b77d-d7ae8505e2a5@group-B5F515BB86F2-SegmentedRaftLogWorker: safeCacheEvictIndex: setUnconditionally 0 -> -1
2020-11-25 02:33:48,348 [EventQueue-PipelineReportForOneReplicaPipelineSafeModeRule] INFO  safemode.SCMSafeModeManager (SCMSafeModeManager.java:validateSafeModeExitRules(214)) - AtleastOneDatanodeReportedRule rule is successfully validated
2020-11-25 02:33:48,348 [EventQueue-OpenPipelineForHealthyPipelineSafeModeRule] INFO  safemode.SCMSafeModeManager (HealthyPipelineSafeModeRule.java:process(128)) - SCM in safe mode. Healthy pipelines reported count is 0, required healthy pipeline reported count is 1
2020-11-25 02:33:48,350 [pool-271-thread-1] INFO  server.RaftServerConfigKeys (ConfUtils.java:logGet(44)) - raft.server.snapshot.auto.trigger.enabled = true (custom)
2020-11-25 02:33:48,350 [pool-271-thread-1] INFO  server.RaftServerConfigKeys (ConfUtils.java:logGet(44)) - raft.server.snapshot.auto.trigger.threshold = 10000 (custom)
2020-11-25 02:33:48,350 [pool-271-thread-1] INFO  server.RaftServerConfigKeys (ConfUtils.java:logGet(44)) - raft.server.snapshot.retention.file.num = 5 (custom)
2020-11-25 02:33:48,350 [pool-271-thread-1] INFO  server.RaftServerConfigKeys (ConfUtils.java:logGet(44)) - raft.server.log.purge.upto.snapshot.index = false (default)
2020-11-25 02:33:48,350 [pool-271-thread-1] INFO  server.RaftServerConfigKeys (ConfUtils.java:logGet(44)) - raft.server.retrycache.expirytime = 600000ms (custom)
2020-11-25 02:33:48,350 [pool-271-thread-1] INFO  metrics.RatisMetrics (RatisMetrics.java:lambda$create$0(36)) - Creating Metrics Registry : ratis.leader_election.57b917c9-e56d-4891-b77d-d7ae8505e2a5@group-B5F515BB86F2
2020-11-25 02:33:48,351 [pool-271-thread-1] INFO  metrics.RatisMetrics (RatisMetrics.java:lambda$create$0(36)) - Creating Metrics Registry : ratis.server.57b917c9-e56d-4891-b77d-d7ae8505e2a5@group-B5F515BB86F2
2020-11-25 02:33:48,351 [pool-271-thread-1] INFO  impl.RaftServerImpl (RaftServerImpl.java:start(215)) - 57b917c9-e56d-4891-b77d-d7ae8505e2a5@group-B5F515BB86F2: start as a follower, conf=-1: [57b917c9-e56d-4891-b77d-d7ae8505e2a5|rpc:172.17.0.2:36967], old=null
2020-11-25 02:33:48,351 [pool-271-thread-1] INFO  impl.RaftServerImpl (RaftServerImpl.java:setRole(204)) - 57b917c9-e56d-4891-b77d-d7ae8505e2a5@group-B5F515BB86F2: changes role from      null to FOLLOWER at term 0 for startAsFollower
2020-11-25 02:33:48,351 [pool-271-thread-1] INFO  impl.RoleInfo (RoleInfo.java:updateAndGet(143)) - 57b917c9-e56d-4891-b77d-d7ae8505e2a5: start 57b917c9-e56d-4891-b77d-d7ae8505e2a5@group-B5F515BB86F2-FollowerState
2020-11-25 02:33:48,352 [pool-271-thread-1] INFO  util.JmxRegister (JmxRegister.java:tryRegister(44)) - Successfully registered JMX Bean with object name Ratis:service=RaftServer,group=group-B5F515BB86F2,id=57b917c9-e56d-4891-b77d-d7ae8505e2a5
2020-11-25 02:33:48,352 [pool-271-thread-1] INFO  metrics.RatisMetrics (RatisMetrics.java:lambda$create$0(36)) - Creating Metrics Registry : ratis.state_machine.57b917c9-e56d-4891-b77d-d7ae8505e2a5@group-B5F515BB86F2
2020-11-25 02:33:48,352 [Command processor thread] INFO  commandhandler.CreatePipelineCommandHandler (CreatePipelineCommandHandler.java:handle(106)) - Created Pipeline RATIS ONE PipelineID=f3c87e3a-bc71-4398-818a-b5f515bb86f2.
2020-11-25 02:33:49,333 [Listener at 127.0.0.1/34527] INFO  ozone.MiniOzoneClusterImpl (MiniOzoneClusterImpl.java:lambda$waitForClusterToBeReady$0(178)) - Nodes are ready. Got 7 of 7 DN Heartbeats.
2020-11-25 02:33:49,334 [Listener at 127.0.0.1/34527] INFO  ozone.MiniOzoneClusterImpl (MiniOzoneClusterImpl.java:lambda$waitForClusterToBeReady$0(181)) - Waiting for cluster to exit safe mode
2020-11-25 02:33:49,345 [org.apache.ratis.server.JvmPauseMonitor@741d3c23-Monitor] WARN  server.JvmPauseMonitor (JvmPauseMonitor.java:run(141)) - Detected pause in JVM or host machine (eg GC): pause of approximately 1ms
No GCs detected
2020-11-25 02:33:50,334 [Listener at 127.0.0.1/34527] INFO  ozone.MiniOzoneClusterImpl (MiniOzoneClusterImpl.java:lambda$waitForClusterToBeReady$0(178)) - Nodes are ready. Got 7 of 7 DN Heartbeats.
2020-11-25 02:33:50,334 [Listener at 127.0.0.1/34527] INFO  ozone.MiniOzoneClusterImpl (MiniOzoneClusterImpl.java:lambda$waitForClusterToBeReady$0(181)) - Waiting for cluster to exit safe mode
2020-11-25 02:33:51,335 [Listener at 127.0.0.1/34527] INFO  ozone.MiniOzoneClusterImpl (MiniOzoneClusterImpl.java:lambda$waitForClusterToBeReady$0(178)) - Nodes are ready. Got 7 of 7 DN Heartbeats.
2020-11-25 02:33:51,335 [Listener at 127.0.0.1/34527] INFO  ozone.MiniOzoneClusterImpl (MiniOzoneClusterImpl.java:lambda$waitForClusterToBeReady$0(181)) - Waiting for cluster to exit safe mode
2020-11-25 02:33:52,283 [Thread-601] INFO  impl.FollowerState (FollowerState.java:run(128)) - e43fd066-151b-4ea1-913f-b553867c15bd@group-DF9DB24D4D4F-FollowerState: change to CANDIDATE, lastRpcTime:5038ms, electionTimeout:5037ms
2020-11-25 02:33:52,283 [Thread-601] INFO  impl.RoleInfo (RoleInfo.java:shutdownFollowerState(121)) - e43fd066-151b-4ea1-913f-b553867c15bd: shutdown e43fd066-151b-4ea1-913f-b553867c15bd@group-DF9DB24D4D4F-FollowerState
2020-11-25 02:33:52,283 [Thread-601] INFO  impl.RaftServerImpl (RaftServerImpl.java:setRole(204)) - e43fd066-151b-4ea1-913f-b553867c15bd@group-DF9DB24D4D4F: changes role from  FOLLOWER to CANDIDATE at term 0 for changeToCandidate
2020-11-25 02:33:52,284 [Thread-601] INFO  impl.RoleInfo (RoleInfo.java:updateAndGet(143)) - e43fd066-151b-4ea1-913f-b553867c15bd: start e43fd066-151b-4ea1-913f-b553867c15bd@group-DF9DB24D4D4F-LeaderElection13
2020-11-25 02:33:52,288 [e43fd066-151b-4ea1-913f-b553867c15bd@group-DF9DB24D4D4F-LeaderElection13] INFO  impl.LeaderElection (LeaderElection.java:askForVotes(215)) - e43fd066-151b-4ea1-913f-b553867c15bd@group-DF9DB24D4D4F-LeaderElection13: begin an election at term 1 for -1: [b6d97d53-aa91-4e57-a6a4-520098ede0e0|rpc:172.17.0.2:36527, 1e088f42-7967-4bed-bfe8-98dc90046f57|rpc:172.17.0.2:33037, e43fd066-151b-4ea1-913f-b553867c15bd|rpc:172.17.0.2:36745], old=null
2020-11-25 02:33:52,306 [grpc-default-executor-0] INFO  impl.RaftServerImpl (RaftServerImpl.java:setRole(204)) - 1e088f42-7967-4bed-bfe8-98dc90046f57@group-DF9DB24D4D4F: changes role from  FOLLOWER to FOLLOWER at term 1 for recognizeCandidate:e43fd066-151b-4ea1-913f-b553867c15bd
2020-11-25 02:33:52,306 [grpc-default-executor-0] INFO  impl.RoleInfo (RoleInfo.java:shutdownFollowerState(121)) - 1e088f42-7967-4bed-bfe8-98dc90046f57: shutdown 1e088f42-7967-4bed-bfe8-98dc90046f57@group-DF9DB24D4D4F-FollowerState
2020-11-25 02:33:52,307 [grpc-default-executor-0] INFO  impl.RoleInfo (RoleInfo.java:updateAndGet(143)) - 1e088f42-7967-4bed-bfe8-98dc90046f57: start 1e088f42-7967-4bed-bfe8-98dc90046f57@group-DF9DB24D4D4F-FollowerState
2020-11-25 02:33:52,307 [Thread-606] INFO  impl.FollowerState (FollowerState.java:run(137)) - 1e088f42-7967-4bed-bfe8-98dc90046f57@group-DF9DB24D4D4F-FollowerState was interrupted: {}
java.lang.InterruptedException: sleep interrupted
	at java.lang.Thread.sleep(Native Method)
	at org.apache.ratis.util.JavaUtils.sleep(JavaUtils.java:250)
	at org.apache.ratis.server.impl.FollowerState.run(FollowerState.java:116)
2020-11-25 02:33:52,307 [grpc-default-executor-0] INFO  impl.RaftServerImpl (RaftServerImpl.java:requestVote(963)) -  FOLLOWER 1e088f42-7967-4bed-bfe8-98dc90046f57@group-DF9DB24D4D4F:t1, leader=null, voted=null, raftlog=1e088f42-7967-4bed-bfe8-98dc90046f57@group-DF9DB24D4D4F-SegmentedRaftLog:OPENED:c-1,f-1,i0, conf=-1: [b6d97d53-aa91-4e57-a6a4-520098ede0e0|rpc:172.17.0.2:36527|dataStream:, 1e088f42-7967-4bed-bfe8-98dc90046f57|rpc:172.17.0.2:33037|dataStream:, e43fd066-151b-4ea1-913f-b553867c15bd|rpc:172.17.0.2:36745|dataStream:], old=null RUNNING priority:0 candidate:e43fd066-151b-4ea1-913f-b553867c15bd|rpc:172.17.0.2:36745|dataStream: candidatePriority:0 compare:0
2020-11-25 02:33:52,309 [grpc-default-executor-1] INFO  impl.RaftServerImpl (RaftServerImpl.java:setRole(204)) - b6d97d53-aa91-4e57-a6a4-520098ede0e0@group-DF9DB24D4D4F: changes role from  FOLLOWER to FOLLOWER at term 1 for recognizeCandidate:e43fd066-151b-4ea1-913f-b553867c15bd
2020-11-25 02:33:52,309 [grpc-default-executor-1] INFO  impl.RoleInfo (RoleInfo.java:shutdownFollowerState(121)) - b6d97d53-aa91-4e57-a6a4-520098ede0e0: shutdown b6d97d53-aa91-4e57-a6a4-520098ede0e0@group-DF9DB24D4D4F-FollowerState
2020-11-25 02:33:52,309 [grpc-default-executor-1] INFO  impl.RoleInfo (RoleInfo.java:updateAndGet(143)) - b6d97d53-aa91-4e57-a6a4-520098ede0e0: start b6d97d53-aa91-4e57-a6a4-520098ede0e0@group-DF9DB24D4D4F-FollowerState
2020-11-25 02:33:52,309 [Thread-603] INFO  impl.FollowerState (FollowerState.java:run(137)) - b6d97d53-aa91-4e57-a6a4-520098ede0e0@group-DF9DB24D4D4F-FollowerState was interrupted: {}
java.lang.InterruptedException: sleep interrupted
	at java.lang.Thread.sleep(Native Method)
	at org.apache.ratis.util.JavaUtils.sleep(JavaUtils.java:250)
	at org.apache.ratis.server.impl.FollowerState.run(FollowerState.java:116)
2020-11-25 02:33:52,309 [grpc-default-executor-1] INFO  impl.RaftServerImpl (RaftServerImpl.java:requestVote(963)) -  FOLLOWER b6d97d53-aa91-4e57-a6a4-520098ede0e0@group-DF9DB24D4D4F:t1, leader=null, voted=null, raftlog=b6d97d53-aa91-4e57-a6a4-520098ede0e0@group-DF9DB24D4D4F-SegmentedRaftLog:OPENED:c-1,f-1,i0, conf=-1: [b6d97d53-aa91-4e57-a6a4-520098ede0e0|rpc:172.17.0.2:36527|dataStream:, 1e088f42-7967-4bed-bfe8-98dc90046f57|rpc:172.17.0.2:33037|dataStream:, e43fd066-151b-4ea1-913f-b553867c15bd|rpc:172.17.0.2:36745|dataStream:], old=null RUNNING priority:0 candidate:e43fd066-151b-4ea1-913f-b553867c15bd|rpc:172.17.0.2:36745|dataStream: candidatePriority:0 compare:0
2020-11-25 02:33:52,315 [e43fd066-151b-4ea1-913f-b553867c15bd@group-DF9DB24D4D4F-LeaderElection13] INFO  impl.LeaderElection (LeaderElection.java:logAndReturn(65)) - e43fd066-151b-4ea1-913f-b553867c15bd@group-DF9DB24D4D4F-LeaderElection13: Election PASSED; received 1 response(s) [e43fd066-151b-4ea1-913f-b553867c15bd<-1e088f42-7967-4bed-bfe8-98dc90046f57#0:OK-t1] and 0 exception(s); e43fd066-151b-4ea1-913f-b553867c15bd@group-DF9DB24D4D4F:t1, leader=null, voted=e43fd066-151b-4ea1-913f-b553867c15bd, raftlog=e43fd066-151b-4ea1-913f-b553867c15bd@group-DF9DB24D4D4F-SegmentedRaftLog:OPENED:c-1,f-1,i0, conf=-1: [b6d97d53-aa91-4e57-a6a4-520098ede0e0|rpc:172.17.0.2:36527, 1e088f42-7967-4bed-bfe8-98dc90046f57|rpc:172.17.0.2:33037, e43fd066-151b-4ea1-913f-b553867c15bd|rpc:172.17.0.2:36745], old=null
2020-11-25 02:33:52,315 [e43fd066-151b-4ea1-913f-b553867c15bd@group-DF9DB24D4D4F-LeaderElection13] INFO  impl.RoleInfo (RoleInfo.java:shutdownLeaderElection(134)) - e43fd066-151b-4ea1-913f-b553867c15bd: shutdown e43fd066-151b-4ea1-913f-b553867c15bd@group-DF9DB24D4D4F-LeaderElection13
2020-11-25 02:33:52,315 [e43fd066-151b-4ea1-913f-b553867c15bd@group-DF9DB24D4D4F-LeaderElection13] INFO  impl.RaftServerImpl (RaftServerImpl.java:setRole(204)) - e43fd066-151b-4ea1-913f-b553867c15bd@group-DF9DB24D4D4F: changes role from CANDIDATE to LEADER at term 1 for changeToLeader
2020-11-25 02:33:52,315 [e43fd066-151b-4ea1-913f-b553867c15bd@group-DF9DB24D4D4F-LeaderElection13] INFO  ratis.XceiverServerRatis (XceiverServerRatis.java:handleLeaderChangedNotification(854)) - Leader change notification received for group: group-DF9DB24D4D4F with new leaderId: e43fd066-151b-4ea1-913f-b553867c15bd
2020-11-25 02:33:52,316 [e43fd066-151b-4ea1-913f-b553867c15bd@group-DF9DB24D4D4F-LeaderElection13] INFO  impl.RaftServerImpl (ServerState.java:setLeader(256)) - e43fd066-151b-4ea1-913f-b553867c15bd@group-DF9DB24D4D4F: change Leader from null to e43fd066-151b-4ea1-913f-b553867c15bd at term 1 for becomeLeader, leader elected after 5077ms
2020-11-25 02:33:52,316 [e43fd066-151b-4ea1-913f-b553867c15bd@group-DF9DB24D4D4F-LeaderElection13] INFO  server.RaftServerConfigKeys (ConfUtils.java:logGet(44)) - raft.server.staging.catchup.gap = 1000 (default)
2020-11-25 02:33:52,316 [e43fd066-151b-4ea1-913f-b553867c15bd@group-DF9DB24D4D4F-LeaderElection13] INFO  server.RaftServerConfigKeys (ConfUtils.java:logGet(44)) - raft.server.rpc.sleep.time = 25ms (default)
2020-11-25 02:33:52,316 [e43fd066-151b-4ea1-913f-b553867c15bd@group-DF9DB24D4D4F-LeaderElection13] INFO  metrics.RatisMetrics (RatisMetrics.java:lambda$create$0(36)) - Creating Metrics Registry : ratis.log_appender.e43fd066-151b-4ea1-913f-b553867c15bd@group-DF9DB24D4D4F
2020-11-25 02:33:52,316 [e43fd066-151b-4ea1-913f-b553867c15bd@group-DF9DB24D4D4F-LeaderElection13] INFO  server.RaftServerConfigKeys (ConfUtils.java:logGet(44)) - raft.server.write.element-limit = 1024 (custom)
2020-11-25 02:33:52,316 [e43fd066-151b-4ea1-913f-b553867c15bd@group-DF9DB24D4D4F-LeaderElection13] INFO  server.RaftServerConfigKeys (ConfUtils.java:logGet(44)) - raft.server.write.byte-limit = 1073741824 (custom)
2020-11-25 02:33:52,316 [e43fd066-151b-4ea1-913f-b553867c15bd@group-DF9DB24D4D4F-LeaderElection13] INFO  server.RaftServerConfigKeys (ConfUtils.java:logGet(44)) - raft.server.watch.timeout = 180s (custom)
2020-11-25 02:33:52,316 [e43fd066-151b-4ea1-913f-b553867c15bd@group-DF9DB24D4D4F-LeaderElection13] INFO  server.RaftServerConfigKeys (ConfUtils.java:logGet(44)) - raft.server.watch.timeout.denomination = 1s (default)
2020-11-25 02:33:52,316 [e43fd066-151b-4ea1-913f-b553867c15bd@group-DF9DB24D4D4F-LeaderElection13] INFO  server.RaftServerConfigKeys (ConfUtils.java:logGet(44)) - raft.server.watch.element-limit = 65536 (default)
2020-11-25 02:33:52,317 [e43fd066-151b-4ea1-913f-b553867c15bd@group-DF9DB24D4D4F-LeaderElection13] INFO  server.RaftServerConfigKeys (ConfUtils.java:logGet(44)) - raft.server.log.appender.snapshot.chunk.size.max = 16MB (=16777216) (default)
2020-11-25 02:33:52,317 [e43fd066-151b-4ea1-913f-b553867c15bd@group-DF9DB24D4D4F-LeaderElection13] INFO  server.RaftServerConfigKeys (ConfUtils.java:logGet(44)) - raft.server.log.appender.buffer.byte-limit = 33554432 (custom)
2020-11-25 02:33:52,317 [e43fd066-151b-4ea1-913f-b553867c15bd@group-DF9DB24D4D4F-LeaderElection13] INFO  server.RaftServerConfigKeys (ConfUtils.java:logGet(44)) - raft.server.log.appender.buffer.element-limit = 1 (custom)
2020-11-25 02:33:52,317 [e43fd066-151b-4ea1-913f-b553867c15bd@group-DF9DB24D4D4F-LeaderElection13] INFO  grpc.GrpcConfigKeys (ConfUtils.java:logGet(44)) - raft.grpc.server.leader.outstanding.appends.max = 128 (default)
2020-11-25 02:33:52,317 [e43fd066-151b-4ea1-913f-b553867c15bd@group-DF9DB24D4D4F-LeaderElection13] INFO  server.RaftServerConfigKeys (ConfUtils.java:logGet(44)) - raft.server.rpc.request.timeout = 60s (custom)
2020-11-25 02:33:52,317 [e43fd066-151b-4ea1-913f-b553867c15bd@group-DF9DB24D4D4F-LeaderElection13] INFO  server.RaftServerConfigKeys (ConfUtils.java:logGet(44)) - raft.server.log.appender.install.snapshot.enabled = false (custom)
2020-11-25 02:33:52,317 [e43fd066-151b-4ea1-913f-b553867c15bd@group-DF9DB24D4D4F-LeaderElection13] INFO  metrics.RatisMetrics (RatisMetrics.java:lambda$create$0(36)) - Creating Metrics Registry : ratis_grpc.log_appender.e43fd066-151b-4ea1-913f-b553867c15bd@group-DF9DB24D4D4F
2020-11-25 02:33:52,318 [e43fd066-151b-4ea1-913f-b553867c15bd@group-DF9DB24D4D4F-LeaderElection13] INFO  server.RaftServerConfigKeys (ConfUtils.java:logGet(44)) - raft.server.log.appender.snapshot.chunk.size.max = 16MB (=16777216) (default)
2020-11-25 02:33:52,318 [e43fd066-151b-4ea1-913f-b553867c15bd@group-DF9DB24D4D4F-LeaderElection13] INFO  server.RaftServerConfigKeys (ConfUtils.java:logGet(44)) - raft.server.log.appender.buffer.byte-limit = 33554432 (custom)
2020-11-25 02:33:52,318 [e43fd066-151b-4ea1-913f-b553867c15bd@group-DF9DB24D4D4F-LeaderElection13] INFO  server.RaftServerConfigKeys (ConfUtils.java:logGet(44)) - raft.server.log.appender.buffer.element-limit = 1 (custom)
2020-11-25 02:33:52,318 [e43fd066-151b-4ea1-913f-b553867c15bd@group-DF9DB24D4D4F-LeaderElection13] INFO  grpc.GrpcConfigKeys (ConfUtils.java:logGet(44)) - raft.grpc.server.leader.outstanding.appends.max = 128 (default)
2020-11-25 02:33:52,318 [e43fd066-151b-4ea1-913f-b553867c15bd@group-DF9DB24D4D4F-LeaderElection13] INFO  server.RaftServerConfigKeys (ConfUtils.java:logGet(44)) - raft.server.rpc.request.timeout = 60s (custom)
2020-11-25 02:33:52,318 [e43fd066-151b-4ea1-913f-b553867c15bd@group-DF9DB24D4D4F-LeaderElection13] INFO  server.RaftServerConfigKeys (ConfUtils.java:logGet(44)) - raft.server.log.appender.install.snapshot.enabled = false (custom)
2020-11-25 02:33:52,319 [e43fd066-151b-4ea1-913f-b553867c15bd@group-DF9DB24D4D4F-LeaderElection13] INFO  impl.RoleInfo (RoleInfo.java:updateAndGet(143)) - e43fd066-151b-4ea1-913f-b553867c15bd: start e43fd066-151b-4ea1-913f-b553867c15bd@group-DF9DB24D4D4F-LeaderState
2020-11-25 02:33:52,319 [e43fd066-151b-4ea1-913f-b553867c15bd@group-DF9DB24D4D4F-LeaderElection13] INFO  segmented.SegmentedRaftLogWorker (SegmentedRaftLogWorker.java:startLogSegment(398)) - e43fd066-151b-4ea1-913f-b553867c15bd@group-DF9DB24D4D4F-SegmentedRaftLogWorker: Starting segment from index:0
2020-11-25 02:33:52,320 [EventQueue-PipelineReportForOneReplicaPipelineSafeModeRule] INFO  safemode.SCMSafeModeManager (SCMSafeModeManager.java:validateSafeModeExitRules(214)) - AtleastOneDatanodeReportedRule rule is successfully validated
2020-11-25 02:33:52,322 [e43fd066-151b-4ea1-913f-b553867c15bd@group-DF9DB24D4D4F-SegmentedRaftLogWorker] INFO  segmented.SegmentedRaftLogWorker (SegmentedRaftLogWorker.java:execute(597)) - e43fd066-151b-4ea1-913f-b553867c15bd@group-DF9DB24D4D4F-SegmentedRaftLogWorker: created new log segment /github/workspace/mnt/ozone/hadoop-ozone/integration-test/target/test-dir/MiniOzoneClusterImpl-d0d42c39-6fc7-42e8-b6c5-559d28f27a21/datanode-0/data/ratis/7f279ace-28f5-42a0-8910-df9db24d4d4f/current/log_inprogress_0
2020-11-25 02:33:52,320 [EventQueue-PipelineReportForPipelineReportHandler] INFO  pipeline.PipelineStateManager (PipelineStateManager.java:openPipeline(132)) - Pipeline Pipeline[ Id: 7f279ace-28f5-42a0-8910-df9db24d4d4f, Nodes: b6d97d53-aa91-4e57-a6a4-520098ede0e0{ip: 172.17.0.2, host: 3d7159965374, networkLocation: /default-rack, certSerialId: null}1e088f42-7967-4bed-bfe8-98dc90046f57{ip: 172.17.0.2, host: 3d7159965374, networkLocation: /default-rack, certSerialId: null}e43fd066-151b-4ea1-913f-b553867c15bd{ip: 172.17.0.2, host: 3d7159965374, networkLocation: /default-rack, certSerialId: null}, Type:RATIS, Factor:THREE, State:ALLOCATED, leaderId:e43fd066-151b-4ea1-913f-b553867c15bd, CreationTimestamp2020-11-25T02:33:44.575Z] moved to OPEN state
2020-11-25 02:33:52,324 [EventQueue-OpenPipelineForHealthyPipelineSafeModeRule] INFO  safemode.SCMSafeModeManager (HealthyPipelineSafeModeRule.java:process(128)) - SCM in safe mode. Healthy pipelines reported count is 1, required healthy pipeline reported count is 1
2020-11-25 02:33:52,324 [EventQueue-OpenPipelineForHealthyPipelineSafeModeRule] INFO  safemode.SCMSafeModeManager (SCMSafeModeManager.java:validateSafeModeExitRules(214)) - HealthyPipelineSafeModeRule rule is successfully validated
2020-11-25 02:33:52,324 [EventQueue-OpenPipelineForHealthyPipelineSafeModeRule] INFO  safemode.SCMSafeModeManager (SCMSafeModeManager.java:validateSafeModeExitRules(228)) - ScmSafeModeManager, all rules are successfully validated
2020-11-25 02:33:52,324 [EventQueue-OpenPipelineForHealthyPipelineSafeModeRule] INFO  safemode.SCMSafeModeManager (SCMSafeModeManager.java:exitSafeMode(257)) - SCM exiting safe mode.
2020-11-25 02:33:52,333 [e43fd066-151b-4ea1-913f-b553867c15bd@group-DF9DB24D4D4F-LeaderElection13] INFO  impl.RaftServerImpl (ServerState.java:setRaftConf(374)) - e43fd066-151b-4ea1-913f-b553867c15bd@group-DF9DB24D4D4F: set configuration 0: [b6d97d53-aa91-4e57-a6a4-520098ede0e0|rpc:172.17.0.2:36527|dataStream:, 1e088f42-7967-4bed-bfe8-98dc90046f57|rpc:172.17.0.2:33037|dataStream:, e43fd066-151b-4ea1-913f-b553867c15bd|rpc:172.17.0.2:36745|dataStream:], old=null at 0
2020-11-25 02:33:52,335 [Listener at 127.0.0.1/34527] INFO  ozone.MiniOzoneClusterImpl (MiniOzoneClusterImpl.java:lambda$waitForClusterToBeReady$0(178)) - Nodes are ready. Got 7 of 7 DN Heartbeats.
2020-11-25 02:33:52,335 [Listener at 127.0.0.1/34527] INFO  ozone.MiniOzoneClusterImpl (MiniOzoneClusterImpl.java:lambda$waitForClusterToBeReady$0(181)) - Cluster exits safe mode
2020-11-25 02:33:52,336 [grpc-default-executor-1] INFO  ratis.XceiverServerRatis (XceiverServerRatis.java:handleLeaderChangedNotification(854)) - Leader change notification received for group: group-DF9DB24D4D4F with new leaderId: e43fd066-151b-4ea1-913f-b553867c15bd
2020-11-25 02:33:52,336 [grpc-default-executor-1] INFO  impl.RaftServerImpl (ServerState.java:setLeader(256)) - b6d97d53-aa91-4e57-a6a4-520098ede0e0@group-DF9DB24D4D4F: change Leader from null to e43fd066-151b-4ea1-913f-b553867c15bd at term 1 for appendEntries, leader elected after 5068ms
2020-11-25 02:33:52,339 [grpc-default-executor-0] INFO  ratis.XceiverServerRatis (XceiverServerRatis.java:handleLeaderChangedNotification(854)) - Leader change notification received for group: group-DF9DB24D4D4F with new leaderId: e43fd066-151b-4ea1-913f-b553867c15bd
2020-11-25 02:33:52,340 [grpc-default-executor-0] INFO  impl.RaftServerImpl (ServerState.java:setLeader(256)) - 1e088f42-7967-4bed-bfe8-98dc90046f57@group-DF9DB24D4D4F: change Leader from null to e43fd066-151b-4ea1-913f-b553867c15bd at term 1 for appendEntries, leader elected after 5034ms
2020-11-25 02:33:52,345 [grpc-default-executor-0] INFO  impl.RaftServerImpl (ServerState.java:setRaftConf(374)) - 1e088f42-7967-4bed-bfe8-98dc90046f57@group-DF9DB24D4D4F: set configuration 0: [b6d97d53-aa91-4e57-a6a4-520098ede0e0|rpc:172.17.0.2:36527|dataStream:, 1e088f42-7967-4bed-bfe8-98dc90046f57|rpc:172.17.0.2:33037|dataStream:, e43fd066-151b-4ea1-913f-b553867c15bd|rpc:172.17.0.2:36745|dataStream:], old=null at 0
2020-11-25 02:33:52,346 [grpc-default-executor-0] INFO  segmented.SegmentedRaftLogWorker (SegmentedRaftLogWorker.java:startLogSegment(398)) - 1e088f42-7967-4bed-bfe8-98dc90046f57@group-DF9DB24D4D4F-SegmentedRaftLogWorker: Starting segment from index:0
2020-11-25 02:33:52,350 [grpc-default-executor-0] INFO  impl.RaftServerImpl (ServerState.java:setRaftConf(374)) - b6d97d53-aa91-4e57-a6a4-520098ede0e0@group-DF9DB24D4D4F: set configuration 0: [b6d97d53-aa91-4e57-a6a4-520098ede0e0|rpc:172.17.0.2:36527|dataStream:, 1e088f42-7967-4bed-bfe8-98dc90046f57|rpc:172.17.0.2:33037|dataStream:, e43fd066-151b-4ea1-913f-b553867c15bd|rpc:172.17.0.2:36745|dataStream:], old=null at 0
2020-11-25 02:33:52,350 [grpc-default-executor-0] INFO  segmented.SegmentedRaftLogWorker (SegmentedRaftLogWorker.java:startLogSegment(398)) - b6d97d53-aa91-4e57-a6a4-520098ede0e0@group-DF9DB24D4D4F-SegmentedRaftLogWorker: Starting segment from index:0
2020-11-25 02:33:52,354 [1e088f42-7967-4bed-bfe8-98dc90046f57@group-DF9DB24D4D4F-SegmentedRaftLogWorker] INFO  segmented.SegmentedRaftLogWorker (SegmentedRaftLogWorker.java:execute(597)) - 1e088f42-7967-4bed-bfe8-98dc90046f57@group-DF9DB24D4D4F-SegmentedRaftLogWorker: created new log segment /github/workspace/mnt/ozone/hadoop-ozone/integration-test/target/test-dir/MiniOzoneClusterImpl-d0d42c39-6fc7-42e8-b6c5-559d28f27a21/datanode-1/data/ratis/7f279ace-28f5-42a0-8910-df9db24d4d4f/current/log_inprogress_0
2020-11-25 02:33:52,357 [b6d97d53-aa91-4e57-a6a4-520098ede0e0@group-DF9DB24D4D4F-SegmentedRaftLogWorker] INFO  segmented.SegmentedRaftLogWorker (SegmentedRaftLogWorker.java:execute(597)) - b6d97d53-aa91-4e57-a6a4-520098ede0e0@group-DF9DB24D4D4F-SegmentedRaftLogWorker: created new log segment /github/workspace/mnt/ozone/hadoop-ozone/integration-test/target/test-dir/MiniOzoneClusterImpl-d0d42c39-6fc7-42e8-b6c5-559d28f27a21/datanode-2/data/ratis/7f279ace-28f5-42a0-8910-df9db24d4d4f/current/log_inprogress_0
2020-11-25 02:33:52,362 [Thread-599] INFO  impl.FollowerState (FollowerState.java:run(128)) - e43fd066-151b-4ea1-913f-b553867c15bd@group-11890950A593-FollowerState: change to CANDIDATE, lastRpcTime:5137ms, electionTimeout:5132ms
2020-11-25 02:33:52,362 [Thread-599] INFO  impl.RoleInfo (RoleInfo.java:shutdownFollowerState(121)) - e43fd066-151b-4ea1-913f-b553867c15bd: shutdown e43fd066-151b-4ea1-913f-b553867c15bd@group-11890950A593-FollowerState
2020-11-25 02:33:52,363 [Thread-599] INFO  impl.RaftServerImpl (RaftServerImpl.java:setRole(204)) - e43fd066-151b-4ea1-913f-b553867c15bd@group-11890950A593: changes role from  FOLLOWER to CANDIDATE at term 0 for changeToCandidate
2020-11-25 02:33:52,363 [Thread-599] INFO  impl.RoleInfo (RoleInfo.java:updateAndGet(143)) - e43fd066-151b-4ea1-913f-b553867c15bd: start e43fd066-151b-4ea1-913f-b553867c15bd@group-11890950A593-LeaderElection14
2020-11-25 02:33:52,364 [Listener at 127.0.0.1/34527] INFO  rpc.RpcClient (RpcClient.java:createVolume(272)) - Creating Volume: testblockoutputstreamwithretries, with jenkins1001 as owner.
2020-11-25 02:33:52,365 [IPC Server handler 4 on default port 34527] INFO  volume.OMVolumeCreateRequest (OMVolumeCreateRequest.java:validateAndUpdateCache(196)) - created volume:testblockoutputstreamwithretries for user:jenkins1001
2020-11-25 02:33:52,372 [Listener at 127.0.0.1/34527] INFO  rpc.RpcClient (RpcClient.java:createBucket(425)) - Creating Bucket: testblockoutputstreamwithretries/testblockoutputstreamwithretries, with Versioning false and Storage Type set to DISK and Encryption set to false 
2020-11-25 02:33:52,374 [e43fd066-151b-4ea1-913f-b553867c15bd@group-11890950A593-LeaderElection14] INFO  impl.LeaderElection (LeaderElection.java:askForVotes(215)) - e43fd066-151b-4ea1-913f-b553867c15bd@group-11890950A593-LeaderElection14: begin an election at term 1 for -1: [e43fd066-151b-4ea1-913f-b553867c15bd|rpc:172.17.0.2:36745], old=null
2020-11-25 02:33:52,375 [e43fd066-151b-4ea1-913f-b553867c15bd@group-11890950A593-LeaderElection14] INFO  impl.RoleInfo (RoleInfo.java:shutdownLeaderElection(134)) - e43fd066-151b-4ea1-913f-b553867c15bd: shutdown e43fd066-151b-4ea1-913f-b553867c15bd@group-11890950A593-LeaderElection14
2020-11-25 02:33:52,375 [e43fd066-151b-4ea1-913f-b553867c15bd@group-11890950A593-LeaderElection14] INFO  impl.RaftServerImpl (RaftServerImpl.java:setRole(204)) - e43fd066-151b-4ea1-913f-b553867c15bd@group-11890950A593: changes role from CANDIDATE to LEADER at term 1 for changeToLeader
2020-11-25 02:33:52,375 [e43fd066-151b-4ea1-913f-b553867c15bd@group-11890950A593-LeaderElection14] INFO  ratis.XceiverServerRatis (XceiverServerRatis.java:handleLeaderChangedNotification(854)) - Leader change notification received for group: group-11890950A593 with new leaderId: e43fd066-151b-4ea1-913f-b553867c15bd
2020-11-25 02:33:52,376 [e43fd066-151b-4ea1-913f-b553867c15bd@group-11890950A593-LeaderElection14] INFO  impl.RaftServerImpl (ServerState.java:setLeader(256)) - e43fd066-151b-4ea1-913f-b553867c15bd@group-11890950A593: change Leader from null to e43fd066-151b-4ea1-913f-b553867c15bd at term 1 for becomeLeader, leader elected after 5158ms
2020-11-25 02:33:52,376 [e43fd066-151b-4ea1-913f-b553867c15bd@group-11890950A593-LeaderElection14] INFO  server.RaftServerConfigKeys (ConfUtils.java:logGet(44)) - raft.server.staging.catchup.gap = 1000 (default)
2020-11-25 02:33:52,376 [e43fd066-151b-4ea1-913f-b553867c15bd@group-11890950A593-LeaderElection14] INFO  server.RaftServerConfigKeys (ConfUtils.java:logGet(44)) - raft.server.rpc.sleep.time = 25ms (default)
2020-11-25 02:33:52,376 [e43fd066-151b-4ea1-913f-b553867c15bd@group-11890950A593-LeaderElection14] INFO  metrics.RatisMetrics (RatisMetrics.java:lambda$create$0(36)) - Creating Metrics Registry : ratis.log_appender.e43fd066-151b-4ea1-913f-b553867c15bd@group-11890950A593
2020-11-25 02:33:52,377 [e43fd066-151b-4ea1-913f-b553867c15bd@group-11890950A593-LeaderElection14] INFO  server.RaftServerConfigKeys (ConfUtils.java:logGet(44)) - raft.server.write.element-limit = 1024 (custom)
2020-11-25 02:33:52,378 [e43fd066-151b-4ea1-913f-b553867c15bd@group-11890950A593-LeaderElection14] INFO  server.RaftServerConfigKeys (ConfUtils.java:logGet(44)) - raft.server.write.byte-limit = 1073741824 (custom)
2020-11-25 02:33:52,386 [e43fd066-151b-4ea1-913f-b553867c15bd@group-11890950A593-LeaderElection14] INFO  server.RaftServerConfigKeys (ConfUtils.java:logGet(44)) - raft.server.watch.timeout = 180s (custom)
2020-11-25 02:33:52,386 [e43fd066-151b-4ea1-913f-b553867c15bd@group-11890950A593-LeaderElection14] INFO  server.RaftServerConfigKeys (ConfUtils.java:logGet(44)) - raft.server.watch.timeout.denomination = 1s (default)
2020-11-25 02:33:52,386 [e43fd066-151b-4ea1-913f-b553867c15bd@group-11890950A593-LeaderElection14] INFO  server.RaftServerConfigKeys (ConfUtils.java:logGet(44)) - raft.server.watch.element-limit = 65536 (default)
2020-11-25 02:33:52,386 [e43fd066-151b-4ea1-913f-b553867c15bd@group-11890950A593-LeaderElection14] INFO  impl.RoleInfo (RoleInfo.java:updateAndGet(143)) - e43fd066-151b-4ea1-913f-b553867c15bd: start e43fd066-151b-4ea1-913f-b553867c15bd@group-11890950A593-LeaderState
2020-11-25 02:33:52,386 [e43fd066-151b-4ea1-913f-b553867c15bd@group-11890950A593-LeaderElection14] INFO  segmented.SegmentedRaftLogWorker (SegmentedRaftLogWorker.java:startLogSegment(398)) - e43fd066-151b-4ea1-913f-b553867c15bd@group-11890950A593-SegmentedRaftLogWorker: Starting segment from index:0
2020-11-25 02:33:52,388 [e43fd066-151b-4ea1-913f-b553867c15bd@group-11890950A593-SegmentedRaftLogWorker] INFO  segmented.SegmentedRaftLogWorker (SegmentedRaftLogWorker.java:execute(597)) - e43fd066-151b-4ea1-913f-b553867c15bd@group-11890950A593-SegmentedRaftLogWorker: created new log segment /github/workspace/mnt/ozone/hadoop-ozone/integration-test/target/test-dir/MiniOzoneClusterImpl-d0d42c39-6fc7-42e8-b6c5-559d28f27a21/datanode-0/data/ratis/48981fdd-8b62-419c-b82a-11890950a593/current/log_inprogress_0
2020-11-25 02:33:52,392 [e43fd066-151b-4ea1-913f-b553867c15bd@group-11890950A593-LeaderElection14] INFO  impl.RaftServerImpl (ServerState.java:setRaftConf(374)) - e43fd066-151b-4ea1-913f-b553867c15bd@group-11890950A593: set configuration 0: [e43fd066-151b-4ea1-913f-b553867c15bd|rpc:172.17.0.2:36745|dataStream:], old=null at 0
2020-11-25 02:33:52,397 [Listener at 127.0.0.1/34527] INFO  metrics.RatisMetrics (RatisMetrics.java:lambda$create$0(36)) - Creating Metrics Registry : ratis.client_message_metrics.client-DA851F0D9245->57b917c9-e56d-4891-b77d-d7ae8505e2a5
2020-11-25 02:33:52,402 [grpc-default-executor-0] INFO  metrics.RatisMetrics (RatisMetrics.java:lambda$create$0(36)) - Creating Metrics Registry : ratis.server_message_metrics.57b917c9-e56d-4891-b77d-d7ae8505e2a5
2020-11-25 02:33:52,535 [Thread-609] INFO  impl.FollowerState (FollowerState.java:run(128)) - 1e088f42-7967-4bed-bfe8-98dc90046f57@group-2605D3F5949C-FollowerState: change to CANDIDATE, lastRpcTime:5129ms, electionTimeout:5129ms
2020-11-25 02:33:52,536 [Thread-609] INFO  impl.RoleInfo (RoleInfo.java:shutdownFollowerState(121)) - 1e088f42-7967-4bed-bfe8-98dc90046f57: shutdown 1e088f42-7967-4bed-bfe8-98dc90046f57@group-2605D3F5949C-FollowerState
2020-11-25 02:33:52,536 [Thread-609] INFO  impl.RaftServerImpl (RaftServerImpl.java:setRole(204)) - 1e088f42-7967-4bed-bfe8-98dc90046f57@group-2605D3F5949C: changes role from  FOLLOWER to CANDIDATE at term 0 for changeToCandidate
2020-11-25 02:33:52,536 [Thread-609] INFO  impl.RoleInfo (RoleInfo.java:updateAndGet(143)) - 1e088f42-7967-4bed-bfe8-98dc90046f57: start 1e088f42-7967-4bed-bfe8-98dc90046f57@group-2605D3F5949C-LeaderElection15
2020-11-25 02:33:52,540 [1e088f42-7967-4bed-bfe8-98dc90046f57@group-2605D3F5949C-LeaderElection15] INFO  impl.LeaderElection (LeaderElection.java:askForVotes(215)) - 1e088f42-7967-4bed-bfe8-98dc90046f57@group-2605D3F5949C-LeaderElection15: begin an election at term 1 for -1: [1e088f42-7967-4bed-bfe8-98dc90046f57|rpc:172.17.0.2:33037], old=null
2020-11-25 02:33:52,541 [1e088f42-7967-4bed-bfe8-98dc90046f57@group-2605D3F5949C-LeaderElection15] INFO  impl.RoleInfo (RoleInfo.java:shutdownLeaderElection(134)) - 1e088f42-7967-4bed-bfe8-98dc90046f57: shutdown 1e088f42-7967-4bed-bfe8-98dc90046f57@group-2605D3F5949C-LeaderElection15
2020-11-25 02:33:52,541 [1e088f42-7967-4bed-bfe8-98dc90046f57@group-2605D3F5949C-LeaderElection15] INFO  impl.RaftServerImpl (RaftServerImpl.java:setRole(204)) - 1e088f42-7967-4bed-bfe8-98dc90046f57@group-2605D3F5949C: changes role from CANDIDATE to LEADER at term 1 for changeToLeader
2020-11-25 02:33:52,541 [1e088f42-7967-4bed-bfe8-98dc90046f57@group-2605D3F5949C-LeaderElection15] INFO  ratis.XceiverServerRatis (XceiverServerRatis.java:handleLeaderChangedNotification(854)) - Leader change notification received for group: group-2605D3F5949C with new leaderId: 1e088f42-7967-4bed-bfe8-98dc90046f57
2020-11-25 02:33:52,541 [1e088f42-7967-4bed-bfe8-98dc90046f57@group-2605D3F5949C-LeaderElection15] INFO  impl.RaftServerImpl (ServerState.java:setLeader(256)) - 1e088f42-7967-4bed-bfe8-98dc90046f57@group-2605D3F5949C: change Leader from null to 1e088f42-7967-4bed-bfe8-98dc90046f57 at term 1 for becomeLeader, leader elected after 5141ms
2020-11-25 02:33:52,545 [1e088f42-7967-4bed-bfe8-98dc90046f57@group-2605D3F5949C-LeaderElection15] INFO  server.RaftServerConfigKeys (ConfUtils.java:logGet(44)) - raft.server.staging.catchup.gap = 1000 (default)
2020-11-25 02:33:52,546 [1e088f42-7967-4bed-bfe8-98dc90046f57@group-2605D3F5949C-LeaderElection15] INFO  server.RaftServerConfigKeys (ConfUtils.java:logGet(44)) - raft.server.rpc.sleep.time = 25ms (default)
2020-11-25 02:33:52,546 [1e088f42-7967-4bed-bfe8-98dc90046f57@group-2605D3F5949C-LeaderElection15] INFO  metrics.RatisMetrics (RatisMetrics.java:lambda$create$0(36)) - Creating Metrics Registry : ratis.log_appender.1e088f42-7967-4bed-bfe8-98dc90046f57@group-2605D3F5949C
2020-11-25 02:33:52,546 [1e088f42-7967-4bed-bfe8-98dc90046f57@group-2605D3F5949C-LeaderElection15] INFO  server.RaftServerConfigKeys (ConfUtils.java:logGet(44)) - raft.server.write.element-limit = 1024 (custom)
2020-11-25 02:33:52,546 [1e088f42-7967-4bed-bfe8-98dc90046f57@group-2605D3F5949C-LeaderElection15] INFO  server.RaftServerConfigKeys (ConfUtils.java:logGet(44)) - raft.server.write.byte-limit = 1073741824 (custom)
2020-11-25 02:33:52,546 [1e088f42-7967-4bed-bfe8-98dc90046f57@group-2605D3F5949C-LeaderElection15] INFO  server.RaftServerConfigKeys (ConfUtils.java:logGet(44)) - raft.server.watch.timeout = 180s (custom)
2020-11-25 02:33:52,547 [1e088f42-7967-4bed-bfe8-98dc90046f57@group-2605D3F5949C-LeaderElection15] INFO  server.RaftServerConfigKeys (ConfUtils.java:logGet(44)) - raft.server.watch.timeout.denomination = 1s (default)
2020-11-25 02:33:52,547 [1e088f42-7967-4bed-bfe8-98dc90046f57@group-2605D3F5949C-LeaderElection15] INFO  server.RaftServerConfigKeys (ConfUtils.java:logGet(44)) - raft.server.watch.element-limit = 65536 (default)
2020-11-25 02:33:52,547 [1e088f42-7967-4bed-bfe8-98dc90046f57@group-2605D3F5949C-LeaderElection15] INFO  impl.RoleInfo (RoleInfo.java:updateAndGet(143)) - 1e088f42-7967-4bed-bfe8-98dc90046f57: start 1e088f42-7967-4bed-bfe8-98dc90046f57@group-2605D3F5949C-LeaderState
2020-11-25 02:33:52,547 [1e088f42-7967-4bed-bfe8-98dc90046f57@group-2605D3F5949C-LeaderElection15] INFO  segmented.SegmentedRaftLogWorker (SegmentedRaftLogWorker.java:startLogSegment(398)) - 1e088f42-7967-4bed-bfe8-98dc90046f57@group-2605D3F5949C-SegmentedRaftLogWorker: Starting segment from index:0
2020-11-25 02:33:52,548 [1e088f42-7967-4bed-bfe8-98dc90046f57@group-2605D3F5949C-SegmentedRaftLogWorker] INFO  segmented.SegmentedRaftLogWorker (SegmentedRaftLogWorker.java:execute(597)) - 1e088f42-7967-4bed-bfe8-98dc90046f57@group-2605D3F5949C-SegmentedRaftLogWorker: created new log segment /github/workspace/mnt/ozone/hadoop-ozone/integration-test/target/test-dir/MiniOzoneClusterImpl-d0d42c39-6fc7-42e8-b6c5-559d28f27a21/datanode-1/data/ratis/529596ef-2325-4a83-b9d0-2605d3f5949c/current/log_inprogress_0
2020-11-25 02:33:52,552 [1e088f42-7967-4bed-bfe8-98dc90046f57@group-2605D3F5949C-LeaderElection15] INFO  impl.RaftServerImpl (ServerState.java:setRaftConf(374)) - 1e088f42-7967-4bed-bfe8-98dc90046f57@group-2605D3F5949C: set configuration 0: [1e088f42-7967-4bed-bfe8-98dc90046f57|rpc:172.17.0.2:33037|dataStream:], old=null at 0
2020-11-25 02:33:52,693 [Thread-611] INFO  impl.FollowerState (FollowerState.java:run(128)) - b6d97d53-aa91-4e57-a6a4-520098ede0e0@group-45A55EF751B1-FollowerState: change to CANDIDATE, lastRpcTime:5108ms, electionTimeout:5103ms
2020-11-25 02:33:52,693 [Thread-611] INFO  impl.RoleInfo (RoleInfo.java:shutdownFollowerState(121)) - b6d97d53-aa91-4e57-a6a4-520098ede0e0: shutdown b6d97d53-aa91-4e57-a6a4-520098ede0e0@group-45A55EF751B1-FollowerState
2020-11-25 02:33:52,693 [Thread-611] INFO  impl.RaftServerImpl (RaftServerImpl.java:setRole(204)) - b6d97d53-aa91-4e57-a6a4-520098ede0e0@group-45A55EF751B1: changes role from  FOLLOWER to CANDIDATE at term 0 for changeToCandidate
2020-11-25 02:33:52,693 [Thread-611] INFO  impl.RoleInfo (RoleInfo.java:updateAndGet(143)) - b6d97d53-aa91-4e57-a6a4-520098ede0e0: start b6d97d53-aa91-4e57-a6a4-520098ede0e0@group-45A55EF751B1-LeaderElection16
2020-11-25 02:33:52,697 [b6d97d53-aa91-4e57-a6a4-520098ede0e0@group-45A55EF751B1-LeaderElection16] INFO  impl.LeaderElection (LeaderElection.java:askForVotes(215)) - b6d97d53-aa91-4e57-a6a4-520098ede0e0@group-45A55EF751B1-LeaderElection16: begin an election at term 1 for -1: [b6d97d53-aa91-4e57-a6a4-520098ede0e0|rpc:172.17.0.2:36527], old=null
2020-11-25 02:33:52,697 [b6d97d53-aa91-4e57-a6a4-520098ede0e0@group-45A55EF751B1-LeaderElection16] INFO  impl.RoleInfo (RoleInfo.java:shutdownLeaderElection(134)) - b6d97d53-aa91-4e57-a6a4-520098ede0e0: shutdown b6d97d53-aa91-4e57-a6a4-520098ede0e0@group-45A55EF751B1-LeaderElection16
2020-11-25 02:33:52,697 [b6d97d53-aa91-4e57-a6a4-520098ede0e0@group-45A55EF751B1-LeaderElection16] INFO  impl.RaftServerImpl (RaftServerImpl.java:setRole(204)) - b6d97d53-aa91-4e57-a6a4-520098ede0e0@group-45A55EF751B1: changes role from CANDIDATE to LEADER at term 1 for changeToLeader
2020-11-25 02:33:52,697 [b6d97d53-aa91-4e57-a6a4-520098ede0e0@group-45A55EF751B1-LeaderElection16] INFO  ratis.XceiverServerRatis (XceiverServerRatis.java:handleLeaderChangedNotification(854)) - Leader change notification received for group: group-45A55EF751B1 with new leaderId: b6d97d53-aa91-4e57-a6a4-520098ede0e0
2020-11-25 02:33:52,697 [b6d97d53-aa91-4e57-a6a4-520098ede0e0@group-45A55EF751B1-LeaderElection16] INFO  impl.RaftServerImpl (ServerState.java:setLeader(256)) - b6d97d53-aa91-4e57-a6a4-520098ede0e0@group-45A55EF751B1: change Leader from null to b6d97d53-aa91-4e57-a6a4-520098ede0e0 at term 1 for becomeLeader, leader elected after 5120ms
2020-11-25 02:33:52,700 [b6d97d53-aa91-4e57-a6a4-520098ede0e0@group-45A55EF751B1-LeaderElection16] INFO  server.RaftServerConfigKeys (ConfUtils.java:logGet(44)) - raft.server.staging.catchup.gap = 1000 (default)
2020-11-25 02:33:52,700 [b6d97d53-aa91-4e57-a6a4-520098ede0e0@group-45A55EF751B1-LeaderElection16] INFO  server.RaftServerConfigKeys (ConfUtils.java:logGet(44)) - raft.server.rpc.sleep.time = 25ms (default)
2020-11-25 02:33:52,700 [b6d97d53-aa91-4e57-a6a4-520098ede0e0@group-45A55EF751B1-LeaderElection16] INFO  metrics.RatisMetrics (RatisMetrics.java:lambda$create$0(36)) - Creating Metrics Registry : ratis.log_appender.b6d97d53-aa91-4e57-a6a4-520098ede0e0@group-45A55EF751B1
2020-11-25 02:33:52,701 [b6d97d53-aa91-4e57-a6a4-520098ede0e0@group-45A55EF751B1-LeaderElection16] INFO  server.RaftServerConfigKeys (ConfUtils.java:logGet(44)) - raft.server.write.element-limit = 1024 (custom)
2020-11-25 02:33:52,701 [b6d97d53-aa91-4e57-a6a4-520098ede0e0@group-45A55EF751B1-LeaderElection16] INFO  server.RaftServerConfigKeys (ConfUtils.java:logGet(44)) - raft.server.write.byte-limit = 1073741824 (custom)
2020-11-25 02:33:52,701 [b6d97d53-aa91-4e57-a6a4-520098ede0e0@group-45A55EF751B1-LeaderElection16] INFO  server.RaftServerConfigKeys (ConfUtils.java:logGet(44)) - raft.server.watch.timeout = 180s (custom)
2020-11-25 02:33:52,701 [b6d97d53-aa91-4e57-a6a4-520098ede0e0@group-45A55EF751B1-LeaderElection16] INFO  server.RaftServerConfigKeys (ConfUtils.java:logGet(44)) - raft.server.watch.timeout.denomination = 1s (default)
2020-11-25 02:33:52,701 [b6d97d53-aa91-4e57-a6a4-520098ede0e0@group-45A55EF751B1-LeaderElection16] INFO  server.RaftServerConfigKeys (ConfUtils.java:logGet(44)) - raft.server.watch.element-limit = 65536 (default)
2020-11-25 02:33:52,701 [b6d97d53-aa91-4e57-a6a4-520098ede0e0@group-45A55EF751B1-LeaderElection16] INFO  impl.RoleInfo (RoleInfo.java:updateAndGet(143)) - b6d97d53-aa91-4e57-a6a4-520098ede0e0: start b6d97d53-aa91-4e57-a6a4-520098ede0e0@group-45A55EF751B1-LeaderState
2020-11-25 02:33:52,702 [b6d97d53-aa91-4e57-a6a4-520098ede0e0@group-45A55EF751B1-LeaderElection16] INFO  segmented.SegmentedRaftLogWorker (SegmentedRaftLogWorker.java:startLogSegment(398)) - b6d97d53-aa91-4e57-a6a4-520098ede0e0@group-45A55EF751B1-SegmentedRaftLogWorker: Starting segment from index:0
2020-11-25 02:33:52,702 [b6d97d53-aa91-4e57-a6a4-520098ede0e0@group-45A55EF751B1-LeaderElection16] INFO  impl.RaftServerImpl (ServerState.java:setRaftConf(374)) - b6d97d53-aa91-4e57-a6a4-520098ede0e0@group-45A55EF751B1: set configuration 0: [b6d97d53-aa91-4e57-a6a4-520098ede0e0|rpc:172.17.0.2:36527|dataStream:], old=null at 0
2020-11-25 02:33:52,704 [b6d97d53-aa91-4e57-a6a4-520098ede0e0@group-45A55EF751B1-SegmentedRaftLogWorker] INFO  segmented.SegmentedRaftLogWorker (SegmentedRaftLogWorker.java:execute(597)) - b6d97d53-aa91-4e57-a6a4-520098ede0e0@group-45A55EF751B1-SegmentedRaftLogWorker: created new log segment /github/workspace/mnt/ozone/hadoop-ozone/integration-test/target/test-dir/MiniOzoneClusterImpl-d0d42c39-6fc7-42e8-b6c5-559d28f27a21/datanode-2/data/ratis/ec9e71af-db77-430e-8e33-45a55ef751b1/current/log_inprogress_0
2020-11-25 02:33:52,868 [Thread-613] INFO  impl.FollowerState (FollowerState.java:run(128)) - cb5b50a0-f55f-4fdb-9d24-2575d150ae34@group-EEE74DBD23D6-FollowerState: change to CANDIDATE, lastRpcTime:5042ms, electionTimeout:5041ms
2020-11-25 02:33:52,869 [Thread-613] INFO  impl.RoleInfo (RoleInfo.java:shutdownFollowerState(121)) - cb5b50a0-f55f-4fdb-9d24-2575d150ae34: shutdown cb5b50a0-f55f-4fdb-9d24-2575d150ae34@group-EEE74DBD23D6-FollowerState
2020-11-25 02:33:52,869 [Thread-613] INFO  impl.RaftServerImpl (RaftServerImpl.java:setRole(204)) - cb5b50a0-f55f-4fdb-9d24-2575d150ae34@group-EEE74DBD23D6: changes role from  FOLLOWER to CANDIDATE at term 0 for changeToCandidate
2020-11-25 02:33:52,869 [Thread-613] INFO  impl.RoleInfo (RoleInfo.java:updateAndGet(143)) - cb5b50a0-f55f-4fdb-9d24-2575d150ae34: start cb5b50a0-f55f-4fdb-9d24-2575d150ae34@group-EEE74DBD23D6-LeaderElection17
2020-11-25 02:33:52,871 [cb5b50a0-f55f-4fdb-9d24-2575d150ae34@group-EEE74DBD23D6-LeaderElection17] INFO  impl.LeaderElection (LeaderElection.java:askForVotes(215)) - cb5b50a0-f55f-4fdb-9d24-2575d150ae34@group-EEE74DBD23D6-LeaderElection17: begin an election at term 1 for -1: [cb5b50a0-f55f-4fdb-9d24-2575d150ae34|rpc:172.17.0.2:39075], old=null
2020-11-25 02:33:52,872 [cb5b50a0-f55f-4fdb-9d24-2575d150ae34@group-EEE74DBD23D6-LeaderElection17] INFO  impl.RoleInfo (RoleInfo.java:shutdownLeaderElection(134)) - cb5b50a0-f55f-4fdb-9d24-2575d150ae34: shutdown cb5b50a0-f55f-4fdb-9d24-2575d150ae34@group-EEE74DBD23D6-LeaderElection17
2020-11-25 02:33:52,872 [cb5b50a0-f55f-4fdb-9d24-2575d150ae34@group-EEE74DBD23D6-LeaderElection17] INFO  impl.RaftServerImpl (RaftServerImpl.java:setRole(204)) - cb5b50a0-f55f-4fdb-9d24-2575d150ae34@group-EEE74DBD23D6: changes role from CANDIDATE to LEADER at term 1 for changeToLeader
2020-11-25 02:33:52,872 [cb5b50a0-f55f-4fdb-9d24-2575d150ae34@group-EEE74DBD23D6-LeaderElection17] INFO  ratis.XceiverServerRatis (XceiverServerRatis.java:handleLeaderChangedNotification(854)) - Leader change notification received for group: group-EEE74DBD23D6 with new leaderId: cb5b50a0-f55f-4fdb-9d24-2575d150ae34
2020-11-25 02:33:52,872 [cb5b50a0-f55f-4fdb-9d24-2575d150ae34@group-EEE74DBD23D6-LeaderElection17] INFO  impl.RaftServerImpl (ServerState.java:setLeader(256)) - cb5b50a0-f55f-4fdb-9d24-2575d150ae34@group-EEE74DBD23D6: change Leader from null to cb5b50a0-f55f-4fdb-9d24-2575d150ae34 at term 1 for becomeLeader, leader elected after 5058ms
2020-11-25 02:33:52,872 [cb5b50a0-f55f-4fdb-9d24-2575d150ae34@group-EEE74DBD23D6-LeaderElection17] INFO  server.RaftServerConfigKeys (ConfUtils.java:logGet(44)) - raft.server.staging.catchup.gap = 1000 (default)
2020-11-25 02:33:52,872 [cb5b50a0-f55f-4fdb-9d24-2575d150ae34@group-EEE74DBD23D6-LeaderElection17] INFO  server.RaftServerConfigKeys (ConfUtils.java:logGet(44)) - raft.server.rpc.sleep.time = 25ms (default)
2020-11-25 02:33:52,872 [cb5b50a0-f55f-4fdb-9d24-2575d150ae34@group-EEE74DBD23D6-LeaderElection17] INFO  metrics.RatisMetrics (RatisMetrics.java:lambda$create$0(36)) - Creating Metrics Registry : ratis.log_appender.cb5b50a0-f55f-4fdb-9d24-2575d150ae34@group-EEE74DBD23D6
2020-11-25 02:33:52,873 [cb5b50a0-f55f-4fdb-9d24-2575d150ae34@group-EEE74DBD23D6-LeaderElection17] INFO  server.RaftServerConfigKeys (ConfUtils.java:logGet(44)) - raft.server.write.element-limit = 1024 (custom)
2020-11-25 02:33:52,873 [cb5b50a0-f55f-4fdb-9d24-2575d150ae34@group-EEE74DBD23D6-LeaderElection17] INFO  server.RaftServerConfigKeys (ConfUtils.java:logGet(44)) - raft.server.write.byte-limit = 1073741824 (custom)
2020-11-25 02:33:52,873 [cb5b50a0-f55f-4fdb-9d24-2575d150ae34@group-EEE74DBD23D6-LeaderElection17] INFO  server.RaftServerConfigKeys (ConfUtils.java:logGet(44)) - raft.server.watch.timeout = 180s (custom)
2020-11-25 02:33:52,873 [cb5b50a0-f55f-4fdb-9d24-2575d150ae34@group-EEE74DBD23D6-LeaderElection17] INFO  server.RaftServerConfigKeys (ConfUtils.java:logGet(44)) - raft.server.watch.timeout.denomination = 1s (default)
2020-11-25 02:33:52,873 [cb5b50a0-f55f-4fdb-9d24-2575d150ae34@group-EEE74DBD23D6-LeaderElection17] INFO  server.RaftServerConfigKeys (ConfUtils.java:logGet(44)) - raft.server.watch.element-limit = 65536 (default)
2020-11-25 02:33:52,873 [cb5b50a0-f55f-4fdb-9d24-2575d150ae34@group-EEE74DBD23D6-LeaderElection17] INFO  impl.RoleInfo (RoleInfo.java:updateAndGet(143)) - cb5b50a0-f55f-4fdb-9d24-2575d150ae34: start cb5b50a0-f55f-4fdb-9d24-2575d150ae34@group-EEE74DBD23D6-LeaderState
2020-11-25 02:33:52,874 [cb5b50a0-f55f-4fdb-9d24-2575d150ae34@group-EEE74DBD23D6-LeaderElection17] INFO  segmented.SegmentedRaftLogWorker (SegmentedRaftLogWorker.java:startLogSegment(398)) - cb5b50a0-f55f-4fdb-9d24-2575d150ae34@group-EEE74DBD23D6-SegmentedRaftLogWorker: Starting segment from index:0
2020-11-25 02:33:52,876 [cb5b50a0-f55f-4fdb-9d24-2575d150ae34@group-EEE74DBD23D6-LeaderElection17] INFO  impl.RaftServerImpl (ServerState.java:setRaftConf(374)) - cb5b50a0-f55f-4fdb-9d24-2575d150ae34@group-EEE74DBD23D6: set configuration 0: [cb5b50a0-f55f-4fdb-9d24-2575d150ae34|rpc:172.17.0.2:39075|dataStream:], old=null at 0
2020-11-25 02:33:52,877 [cb5b50a0-f55f-4fdb-9d24-2575d150ae34@group-EEE74DBD23D6-SegmentedRaftLogWorker] INFO  segmented.SegmentedRaftLogWorker (SegmentedRaftLogWorker.java:execute(597)) - cb5b50a0-f55f-4fdb-9d24-2575d150ae34@group-EEE74DBD23D6-SegmentedRaftLogWorker: created new log segment /github/workspace/mnt/ozone/hadoop-ozone/integration-test/target/test-dir/MiniOzoneClusterImpl-d0d42c39-6fc7-42e8-b6c5-559d28f27a21/datanode-3/data/ratis/5c55f74b-3319-4c7e-b52b-eee74dbd23d6/current/log_inprogress_0
2020-11-25 02:33:52,902 [Thread-617] INFO  impl.FollowerState (FollowerState.java:run(128)) - 11f4bacd-ce3e-419e-997b-c311db6228e0@group-1EB6A76B5EAC-FollowerState: change to CANDIDATE, lastRpcTime:5017ms, electionTimeout:5016ms
2020-11-25 02:33:52,902 [Thread-617] INFO  impl.RoleInfo (RoleInfo.java:shutdownFollowerState(121)) - 11f4bacd-ce3e-419e-997b-c311db6228e0: shutdown 11f4bacd-ce3e-419e-997b-c311db6228e0@group-1EB6A76B5EAC-FollowerState
2020-11-25 02:33:52,902 [Thread-617] INFO  impl.RaftServerImpl (RaftServerImpl.java:setRole(204)) - 11f4bacd-ce3e-419e-997b-c311db6228e0@group-1EB6A76B5EAC: changes role from  FOLLOWER to CANDIDATE at term 0 for changeToCandidate
2020-11-25 02:33:52,902 [Thread-617] INFO  impl.RoleInfo (RoleInfo.java:updateAndGet(143)) - 11f4bacd-ce3e-419e-997b-c311db6228e0: start 11f4bacd-ce3e-419e-997b-c311db6228e0@group-1EB6A76B5EAC-LeaderElection18
2020-11-25 02:33:52,905 [11f4bacd-ce3e-419e-997b-c311db6228e0@group-1EB6A76B5EAC-LeaderElection18] INFO  impl.LeaderElection (LeaderElection.java:askForVotes(215)) - 11f4bacd-ce3e-419e-997b-c311db6228e0@group-1EB6A76B5EAC-LeaderElection18: begin an election at term 1 for -1: [cb5b50a0-f55f-4fdb-9d24-2575d150ae34|rpc:172.17.0.2:39075|dataStream:, 11f4bacd-ce3e-419e-997b-c311db6228e0|rpc:172.17.0.2:36255|dataStream:, 74fe976e-ba5c-47a6-8181-a40142644b6d|rpc:172.17.0.2:37871|dataStream:], old=null
2020-11-25 02:33:52,913 [Thread-615] INFO  impl.FollowerState (FollowerState.java:run(128)) - cb5b50a0-f55f-4fdb-9d24-2575d150ae34@group-1EB6A76B5EAC-FollowerState: change to CANDIDATE, lastRpcTime:5068ms, electionTimeout:5067ms
2020-11-25 02:33:52,913 [Thread-615] INFO  impl.RoleInfo (RoleInfo.java:shutdownFollowerState(121)) - cb5b50a0-f55f-4fdb-9d24-2575d150ae34: shutdown cb5b50a0-f55f-4fdb-9d24-2575d150ae34@group-1EB6A76B5EAC-FollowerState
2020-11-25 02:33:52,913 [Thread-615] INFO  impl.RaftServerImpl (RaftServerImpl.java:setRole(204)) - cb5b50a0-f55f-4fdb-9d24-2575d150ae34@group-1EB6A76B5EAC: changes role from  FOLLOWER to CANDIDATE at term 0 for changeToCandidate
2020-11-25 02:33:52,913 [Thread-615] INFO  impl.RoleInfo (RoleInfo.java:updateAndGet(143)) - cb5b50a0-f55f-4fdb-9d24-2575d150ae34: start cb5b50a0-f55f-4fdb-9d24-2575d150ae34@group-1EB6A76B5EAC-LeaderElection19
2020-11-25 02:33:52,913 [grpc-default-executor-0] INFO  impl.RaftServerImpl (RaftServerImpl.java:setRole(204)) - 74fe976e-ba5c-47a6-8181-a40142644b6d@group-1EB6A76B5EAC: changes role from  FOLLOWER to FOLLOWER at term 1 for recognizeCandidate:11f4bacd-ce3e-419e-997b-c311db6228e0
2020-11-25 02:33:52,913 [grpc-default-executor-0] INFO  impl.RoleInfo (RoleInfo.java:shutdownFollowerState(121)) - 74fe976e-ba5c-47a6-8181-a40142644b6d: shutdown 74fe976e-ba5c-47a6-8181-a40142644b6d@group-1EB6A76B5EAC-FollowerState
2020-11-25 02:33:52,914 [grpc-default-executor-2] INFO  metrics.RatisMetrics (RatisMetrics.java:lambda$create$0(36)) - Creating Metrics Registry : ratis.server_message_metrics.cb5b50a0-f55f-4fdb-9d24-2575d150ae34
2020-11-25 02:33:52,915 [grpc-default-executor-0] INFO  impl.RoleInfo (RoleInfo.java:updateAndGet(143)) - 74fe976e-ba5c-47a6-8181-a40142644b6d: start 74fe976e-ba5c-47a6-8181-a40142644b6d@group-1EB6A76B5EAC-FollowerState
2020-11-25 02:33:52,916 [Thread-620] INFO  impl.FollowerState (FollowerState.java:run(137)) - 74fe976e-ba5c-47a6-8181-a40142644b6d@group-1EB6A76B5EAC-FollowerState was interrupted: {}
java.lang.InterruptedException: sleep interrupted
	at java.lang.Thread.sleep(Native Method)
	at org.apache.ratis.util.JavaUtils.sleep(JavaUtils.java:250)
	at org.apache.ratis.server.impl.FollowerState.run(FollowerState.java:116)
2020-11-25 02:33:52,916 [grpc-default-executor-0] INFO  impl.RaftServerImpl (RaftServerImpl.java:requestVote(963)) -  FOLLOWER 74fe976e-ba5c-47a6-8181-a40142644b6d@group-1EB6A76B5EAC:t1, leader=null, voted=null, raftlog=74fe976e-ba5c-47a6-8181-a40142644b6d@group-1EB6A76B5EAC-SegmentedRaftLog:OPENED:c-1,f-1,i0, conf=-1: [cb5b50a0-f55f-4fdb-9d24-2575d150ae34|rpc:172.17.0.2:39075|dataStream:, 11f4bacd-ce3e-419e-997b-c311db6228e0|rpc:172.17.0.2:36255|dataStream:, 74fe976e-ba5c-47a6-8181-a40142644b6d|rpc:172.17.0.2:37871|dataStream:], old=null RUNNING priority:0 candidate:11f4bacd-ce3e-419e-997b-c311db6228e0|rpc:172.17.0.2:36255|dataStream: candidatePriority:0 compare:0
2020-11-25 02:33:52,917 [grpc-default-executor-2] INFO  impl.RaftServerImpl (RaftServerImpl.java:setRole(204)) - cb5b50a0-f55f-4fdb-9d24-2575d150ae34@group-1EB6A76B5EAC: changes role from CANDIDATE to FOLLOWER at term 1 for recognizeCandidate:11f4bacd-ce3e-419e-997b-c311db6228e0
2020-11-25 02:33:52,917 [grpc-default-executor-2] INFO  impl.RoleInfo (RoleInfo.java:shutdownLeaderElection(134)) - cb5b50a0-f55f-4fdb-9d24-2575d150ae34: shutdown cb5b50a0-f55f-4fdb-9d24-2575d150ae34@group-1EB6A76B5EAC-LeaderElection19
2020-11-25 02:33:52,918 [grpc-default-executor-2] INFO  impl.RoleInfo (RoleInfo.java:updateAndGet(143)) - cb5b50a0-f55f-4fdb-9d24-2575d150ae34: start cb5b50a0-f55f-4fdb-9d24-2575d150ae34@group-1EB6A76B5EAC-FollowerState
2020-11-25 02:33:52,929 [11f4bacd-ce3e-419e-997b-c311db6228e0@group-1EB6A76B5EAC-LeaderElection18] INFO  impl.LeaderElection (LeaderElection.java:logAndReturn(65)) - 11f4bacd-ce3e-419e-997b-c311db6228e0@group-1EB6A76B5EAC-LeaderElection18: Election PASSED; received 2 response(s) [11f4bacd-ce3e-419e-997b-c311db6228e0<-cb5b50a0-f55f-4fdb-9d24-2575d150ae34#0:FAIL-t1, 11f4bacd-ce3e-419e-997b-c311db6228e0<-74fe976e-ba5c-47a6-8181-a40142644b6d#0:OK-t1] and 0 exception(s); 11f4bacd-ce3e-419e-997b-c311db6228e0@group-1EB6A76B5EAC:t1, leader=null, voted=11f4bacd-ce3e-419e-997b-c311db6228e0, raftlog=11f4bacd-ce3e-419e-997b-c311db6228e0@group-1EB6A76B5EAC-SegmentedRaftLog:OPENED:c-1,f-1,i0, conf=-1: [cb5b50a0-f55f-4fdb-9d24-2575d150ae34|rpc:172.17.0.2:39075|dataStream:, 11f4bacd-ce3e-419e-997b-c311db6228e0|rpc:172.17.0.2:36255|dataStream:, 74fe976e-ba5c-47a6-8181-a40142644b6d|rpc:172.17.0.2:37871|dataStream:], old=null
2020-11-25 02:33:52,929 [11f4bacd-ce3e-419e-997b-c311db6228e0@group-1EB6A76B5EAC-LeaderElection18] INFO  impl.RoleInfo (RoleInfo.java:shutdownLeaderElection(134)) - 11f4bacd-ce3e-419e-997b-c311db6228e0: shutdown 11f4bacd-ce3e-419e-997b-c311db6228e0@group-1EB6A76B5EAC-LeaderElection18
2020-11-25 02:33:52,929 [11f4bacd-ce3e-419e-997b-c311db6228e0@group-1EB6A76B5EAC-LeaderElection18] INFO  impl.RaftServerImpl (RaftServerImpl.java:setRole(204)) - 11f4bacd-ce3e-419e-997b-c311db6228e0@group-1EB6A76B5EAC: changes role from CANDIDATE to LEADER at term 1 for changeToLeader
2020-11-25 02:33:52,930 [11f4bacd-ce3e-419e-997b-c311db6228e0@group-1EB6A76B5EAC-LeaderElection18] INFO  ratis.XceiverServerRatis (XceiverServerRatis.java:handleLeaderChangedNotification(854)) - Leader change notification received for group: group-1EB6A76B5EAC with new leaderId: 11f4bacd-ce3e-419e-997b-c311db6228e0
2020-11-25 02:33:52,930 [11f4bacd-ce3e-419e-997b-c311db6228e0@group-1EB6A76B5EAC-LeaderElection18] INFO  impl.RaftServerImpl (ServerState.java:setLeader(256)) - 11f4bacd-ce3e-419e-997b-c311db6228e0@group-1EB6A76B5EAC: change Leader from null to 11f4bacd-ce3e-419e-997b-c311db6228e0 at term 1 for becomeLeader, leader elected after 5052ms
2020-11-25 02:33:52,930 [11f4bacd-ce3e-419e-997b-c311db6228e0@group-1EB6A76B5EAC-LeaderElection18] INFO  server.RaftServerConfigKeys (ConfUtils.java:logGet(44)) - raft.server.staging.catchup.gap = 1000 (default)
2020-11-25 02:33:52,930 [11f4bacd-ce3e-419e-997b-c311db6228e0@group-1EB6A76B5EAC-LeaderElection18] INFO  server.RaftServerConfigKeys (ConfUtils.java:logGet(44)) - raft.server.rpc.sleep.time = 25ms (default)
2020-11-25 02:33:52,931 [11f4bacd-ce3e-419e-997b-c311db6228e0@group-1EB6A76B5EAC-LeaderElection18] INFO  metrics.RatisMetrics (RatisMetrics.java:lambda$create$0(36)) - Creating Metrics Registry : ratis.log_appender.11f4bacd-ce3e-419e-997b-c311db6228e0@group-1EB6A76B5EAC
2020-11-25 02:33:52,931 [11f4bacd-ce3e-419e-997b-c311db6228e0@group-1EB6A76B5EAC-LeaderElection18] INFO  server.RaftServerConfigKeys (ConfUtils.java:logGet(44)) - raft.server.write.element-limit = 1024 (custom)
2020-11-25 02:33:52,931 [11f4bacd-ce3e-419e-997b-c311db6228e0@group-1EB6A76B5EAC-LeaderElection18] INFO  server.RaftServerConfigKeys (ConfUtils.java:logGet(44)) - raft.server.write.byte-limit = 1073741824 (custom)
2020-11-25 02:33:52,931 [11f4bacd-ce3e-419e-997b-c311db6228e0@group-1EB6A76B5EAC-LeaderElection18] INFO  server.RaftServerConfigKeys (ConfUtils.java:logGet(44)) - raft.server.watch.timeout = 180s (custom)
2020-11-25 02:33:52,931 [11f4bacd-ce3e-419e-997b-c311db6228e0@group-1EB6A76B5EAC-LeaderElection18] INFO  server.RaftServerConfigKeys (ConfUtils.java:logGet(44)) - raft.server.watch.timeout.denomination = 1s (default)
2020-11-25 02:33:52,931 [11f4bacd-ce3e-419e-997b-c311db6228e0@group-1EB6A76B5EAC-LeaderElection18] INFO  server.RaftServerConfigKeys (ConfUtils.java:logGet(44)) - raft.server.watch.element-limit = 65536 (default)
2020-11-25 02:33:52,931 [11f4bacd-ce3e-419e-997b-c311db6228e0@group-1EB6A76B5EAC-LeaderElection18] INFO  server.RaftServerConfigKeys (ConfUtils.java:logGet(44)) - raft.server.log.appender.snapshot.chunk.size.max = 16MB (=16777216) (default)
2020-11-25 02:33:52,931 [11f4bacd-ce3e-419e-997b-c311db6228e0@group-1EB6A76B5EAC-LeaderElection18] INFO  server.RaftServerConfigKeys (ConfUtils.java:logGet(44)) - raft.server.log.appender.buffer.byte-limit = 33554432 (custom)
2020-11-25 02:33:52,931 [11f4bacd-ce3e-419e-997b-c311db6228e0@group-1EB6A76B5EAC-LeaderElection18] INFO  server.RaftServerConfigKeys (ConfUtils.java:logGet(44)) - raft.server.log.appender.buffer.element-limit = 1 (custom)
2020-11-25 02:33:52,932 [11f4bacd-ce3e-419e-997b-c311db6228e0@group-1EB6A76B5EAC-LeaderElection18] INFO  grpc.GrpcConfigKeys (ConfUtils.java:logGet(44)) - raft.grpc.server.leader.outstanding.appends.max = 128 (default)
2020-11-25 02:33:52,932 [11f4bacd-ce3e-419e-997b-c311db6228e0@group-1EB6A76B5EAC-LeaderElection18] INFO  server.RaftServerConfigKeys (ConfUtils.java:logGet(44)) - raft.server.rpc.request.timeout = 60s (custom)
2020-11-25 02:33:52,932 [11f4bacd-ce3e-419e-997b-c311db6228e0@group-1EB6A76B5EAC-LeaderElection18] INFO  server.RaftServerConfigKeys (ConfUtils.java:logGet(44)) - raft.server.log.appender.install.snapshot.enabled = false (custom)
2020-11-25 02:33:52,932 [11f4bacd-ce3e-419e-997b-c311db6228e0@group-1EB6A76B5EAC-LeaderElection18] INFO  metrics.RatisMetrics (RatisMetrics.java:lambda$create$0(36)) - Creating Metrics Registry : ratis_grpc.log_appender.11f4bacd-ce3e-419e-997b-c311db6228e0@group-1EB6A76B5EAC
2020-11-25 02:33:52,933 [11f4bacd-ce3e-419e-997b-c311db6228e0@group-1EB6A76B5EAC-LeaderElection18] INFO  server.RaftServerConfigKeys (ConfUtils.java:logGet(44)) - raft.server.log.appender.snapshot.chunk.size.max = 16MB (=16777216) (default)
2020-11-25 02:33:52,933 [11f4bacd-ce3e-419e-997b-c311db6228e0@group-1EB6A76B5EAC-LeaderElection18] INFO  server.RaftServerConfigKeys (ConfUtils.java:logGet(44)) - raft.server.log.appender.buffer.byte-limit = 33554432 (custom)
2020-11-25 02:33:52,933 [11f4bacd-ce3e-419e-997b-c311db6228e0@group-1EB6A76B5EAC-LeaderElection18] INFO  server.RaftServerConfigKeys (ConfUtils.java:logGet(44)) - raft.server.log.appender.buffer.element-limit = 1 (custom)
2020-11-25 02:33:52,933 [11f4bacd-ce3e-419e-997b-c311db6228e0@group-1EB6A76B5EAC-LeaderElection18] INFO  grpc.GrpcConfigKeys (ConfUtils.java:logGet(44)) - raft.grpc.server.leader.outstanding.appends.max = 128 (default)
2020-11-25 02:33:52,933 [11f4bacd-ce3e-419e-997b-c311db6228e0@group-1EB6A76B5EAC-LeaderElection18] INFO  server.RaftServerConfigKeys (ConfUtils.java:logGet(44)) - raft.server.rpc.request.timeout = 60s (custom)
2020-11-25 02:33:52,933 [11f4bacd-ce3e-419e-997b-c311db6228e0@group-1EB6A76B5EAC-LeaderElection18] INFO  server.RaftServerConfigKeys (ConfUtils.java:logGet(44)) - raft.server.log.appender.install.snapshot.enabled = false (custom)
2020-11-25 02:33:52,934 [11f4bacd-ce3e-419e-997b-c311db6228e0@group-1EB6A76B5EAC-LeaderElection18] INFO  impl.RoleInfo (RoleInfo.java:updateAndGet(143)) - 11f4bacd-ce3e-419e-997b-c311db6228e0: start 11f4bacd-ce3e-419e-997b-c311db6228e0@group-1EB6A76B5EAC-LeaderState
2020-11-25 02:33:52,934 [11f4bacd-ce3e-419e-997b-c311db6228e0@group-1EB6A76B5EAC-LeaderElection18] INFO  segmented.SegmentedRaftLogWorker (SegmentedRaftLogWorker.java:startLogSegment(398)) - 11f4bacd-ce3e-419e-997b-c311db6228e0@group-1EB6A76B5EAC-SegmentedRaftLogWorker: Starting segment from index:0
2020-11-25 02:33:52,935 [EventQueue-PipelineReportForPipelineReportHandler] INFO  pipeline.PipelineStateManager (PipelineStateManager.java:openPipeline(132)) - Pipeline Pipeline[ Id: 17df147c-491d-4836-abac-1eb6a76b5eac, Nodes: 11f4bacd-ce3e-419e-997b-c311db6228e0{ip: 172.17.0.2, host: 3d7159965374, networkLocation: /default-rack, certSerialId: null}74fe976e-ba5c-47a6-8181-a40142644b6d{ip: 172.17.0.2, host: 3d7159965374, networkLocation: /default-rack, certSerialId: null}cb5b50a0-f55f-4fdb-9d24-2575d150ae34{ip: 172.17.0.2, host: 3d7159965374, networkLocation: /default-rack, certSerialId: null}, Type:RATIS, Factor:THREE, State:ALLOCATED, leaderId:11f4bacd-ce3e-419e-997b-c311db6228e0, CreationTimestamp2020-11-25T02:33:45.160Z] moved to OPEN state
2020-11-25 02:33:52,937 [11f4bacd-ce3e-419e-997b-c311db6228e0@group-1EB6A76B5EAC-SegmentedRaftLogWorker] INFO  segmented.SegmentedRaftLogWorker (SegmentedRaftLogWorker.java:execute(597)) - 11f4bacd-ce3e-419e-997b-c311db6228e0@group-1EB6A76B5EAC-SegmentedRaftLogWorker: created new log segment /github/workspace/mnt/ozone/hadoop-ozone/integration-test/target/test-dir/MiniOzoneClusterImpl-d0d42c39-6fc7-42e8-b6c5-559d28f27a21/datanode-5/data/ratis/17df147c-491d-4836-abac-1eb6a76b5eac/current/log_inprogress_0
2020-11-25 02:33:52,940 [11f4bacd-ce3e-419e-997b-c311db6228e0@group-1EB6A76B5EAC-LeaderElection18] INFO  impl.RaftServerImpl (ServerState.java:setRaftConf(374)) - 11f4bacd-ce3e-419e-997b-c311db6228e0@group-1EB6A76B5EAC: set configuration 0: [cb5b50a0-f55f-4fdb-9d24-2575d150ae34|rpc:172.17.0.2:39075|dataStream:, 11f4bacd-ce3e-419e-997b-c311db6228e0|rpc:172.17.0.2:36255|dataStream:, 74fe976e-ba5c-47a6-8181-a40142644b6d|rpc:172.17.0.2:37871|dataStream:], old=null at 0
2020-11-25 02:33:52,948 [grpc-default-executor-0] INFO  ratis.XceiverServerRatis (XceiverServerRatis.java:handleLeaderChangedNotification(854)) - Leader change notification received for group: group-1EB6A76B5EAC with new leaderId: 11f4bacd-ce3e-419e-997b-c311db6228e0
2020-11-25 02:33:52,948 [grpc-default-executor-0] INFO  impl.RaftServerImpl (ServerState.java:setLeader(256)) - cb5b50a0-f55f-4fdb-9d24-2575d150ae34@group-1EB6A76B5EAC: change Leader from null to 11f4bacd-ce3e-419e-997b-c311db6228e0 at term 1 for appendEntries, leader elected after 5111ms
2020-11-25 02:33:52,952 [grpc-default-executor-1] INFO  ratis.XceiverServerRatis (XceiverServerRatis.java:handleLeaderChangedNotification(854)) - Leader change notification received for group: group-1EB6A76B5EAC with new leaderId: 11f4bacd-ce3e-419e-997b-c311db6228e0
2020-11-25 02:33:52,952 [grpc-default-executor-1] INFO  impl.RaftServerImpl (ServerState.java:setLeader(256)) - 74fe976e-ba5c-47a6-8181-a40142644b6d@group-1EB6A76B5EAC: change Leader from null to 11f4bacd-ce3e-419e-997b-c311db6228e0 at term 1 for appendEntries, leader elected after 5038ms
2020-11-25 02:33:52,953 [grpc-default-executor-0] INFO  impl.RaftServerImpl (ServerState.java:setRaftConf(374)) - cb5b50a0-f55f-4fdb-9d24-2575d150ae34@group-1EB6A76B5EAC: set configuration 0: [cb5b50a0-f55f-4fdb-9d24-2575d150ae34|rpc:172.17.0.2:39075|dataStream:, 11f4bacd-ce3e-419e-997b-c311db6228e0|rpc:172.17.0.2:36255|dataStream:, 74fe976e-ba5c-47a6-8181-a40142644b6d|rpc:172.17.0.2:37871|dataStream:], old=null at 0
2020-11-25 02:33:52,953 [grpc-default-executor-0] INFO  segmented.SegmentedRaftLogWorker (SegmentedRaftLogWorker.java:startLogSegment(398)) - cb5b50a0-f55f-4fdb-9d24-2575d150ae34@group-1EB6A76B5EAC-SegmentedRaftLogWorker: Starting segment from index:0
2020-11-25 02:33:52,955 [grpc-default-executor-0] INFO  impl.RaftServerImpl (ServerState.java:setRaftConf(374)) - 74fe976e-ba5c-47a6-8181-a40142644b6d@group-1EB6A76B5EAC: set configuration 0: [cb5b50a0-f55f-4fdb-9d24-2575d150ae34|rpc:172.17.0.2:39075|dataStream:, 11f4bacd-ce3e-419e-997b-c311db6228e0|rpc:172.17.0.2:36255|dataStream:, 74fe976e-ba5c-47a6-8181-a40142644b6d|rpc:172.17.0.2:37871|dataStream:], old=null at 0
2020-11-25 02:33:52,956 [grpc-default-executor-0] INFO  segmented.SegmentedRaftLogWorker (SegmentedRaftLogWorker.java:startLogSegment(398)) - 74fe976e-ba5c-47a6-8181-a40142644b6d@group-1EB6A76B5EAC-SegmentedRaftLogWorker: Starting segment from index:0
2020-11-25 02:33:52,958 [cb5b50a0-f55f-4fdb-9d24-2575d150ae34@group-1EB6A76B5EAC-SegmentedRaftLogWorker] INFO  segmented.SegmentedRaftLogWorker (SegmentedRaftLogWorker.java:execute(597)) - cb5b50a0-f55f-4fdb-9d24-2575d150ae34@group-1EB6A76B5EAC-SegmentedRaftLogWorker: created new log segment /github/workspace/mnt/ozone/hadoop-ozone/integration-test/target/test-dir/MiniOzoneClusterImpl-d0d42c39-6fc7-42e8-b6c5-559d28f27a21/datanode-3/data/ratis/17df147c-491d-4836-abac-1eb6a76b5eac/current/log_inprogress_0
2020-11-25 02:33:52,958 [74fe976e-ba5c-47a6-8181-a40142644b6d@group-1EB6A76B5EAC-SegmentedRaftLogWorker] INFO  segmented.SegmentedRaftLogWorker (SegmentedRaftLogWorker.java:execute(597)) - 74fe976e-ba5c-47a6-8181-a40142644b6d@group-1EB6A76B5EAC-SegmentedRaftLogWorker: created new log segment /github/workspace/mnt/ozone/hadoop-ozone/integration-test/target/test-dir/MiniOzoneClusterImpl-d0d42c39-6fc7-42e8-b6c5-559d28f27a21/datanode-4/data/ratis/17df147c-491d-4836-abac-1eb6a76b5eac/current/log_inprogress_0
2020-11-25 02:33:53,004 [Thread-623] INFO  impl.FollowerState (FollowerState.java:run(128)) - 74fe976e-ba5c-47a6-8181-a40142644b6d@group-2B5461A4D1A9-FollowerState: change to CANDIDATE, lastRpcTime:5017ms, electionTimeout:5015ms
2020-11-25 02:33:53,004 [Thread-623] INFO  impl.RoleInfo (RoleInfo.java:shutdownFollowerState(121)) - 74fe976e-ba5c-47a6-8181-a40142644b6d: shutdown 74fe976e-ba5c-47a6-8181-a40142644b6d@group-2B5461A4D1A9-FollowerState
2020-11-25 02:33:53,004 [Thread-623] INFO  impl.RaftServerImpl (RaftServerImpl.java:setRole(204)) - 74fe976e-ba5c-47a6-8181-a40142644b6d@group-2B5461A4D1A9: changes role from  FOLLOWER to CANDIDATE at term 0 for changeToCandidate
2020-11-25 02:33:53,004 [Thread-623] INFO  impl.RoleInfo (RoleInfo.java:updateAndGet(143)) - 74fe976e-ba5c-47a6-8181-a40142644b6d: start 74fe976e-ba5c-47a6-8181-a40142644b6d@group-2B5461A4D1A9-LeaderElection20
2020-11-25 02:33:53,006 [74fe976e-ba5c-47a6-8181-a40142644b6d@group-2B5461A4D1A9-LeaderElection20] INFO  impl.LeaderElection (LeaderElection.java:askForVotes(215)) - 74fe976e-ba5c-47a6-8181-a40142644b6d@group-2B5461A4D1A9-LeaderElection20: begin an election at term 1 for -1: [74fe976e-ba5c-47a6-8181-a40142644b6d|rpc:172.17.0.2:37871], old=null
2020-11-25 02:33:53,006 [74fe976e-ba5c-47a6-8181-a40142644b6d@group-2B5461A4D1A9-LeaderElection20] INFO  impl.RoleInfo (RoleInfo.java:shutdownLeaderElection(134)) - 74fe976e-ba5c-47a6-8181-a40142644b6d: shutdown 74fe976e-ba5c-47a6-8181-a40142644b6d@group-2B5461A4D1A9-LeaderElection20
2020-11-25 02:33:53,006 [74fe976e-ba5c-47a6-8181-a40142644b6d@group-2B5461A4D1A9-LeaderElection20] INFO  impl.RaftServerImpl (RaftServerImpl.java:setRole(204)) - 74fe976e-ba5c-47a6-8181-a40142644b6d@group-2B5461A4D1A9: changes role from CANDIDATE to LEADER at term 1 for changeToLeader
2020-11-25 02:33:53,006 [74fe976e-ba5c-47a6-8181-a40142644b6d@group-2B5461A4D1A9-LeaderElection20] INFO  ratis.XceiverServerRatis (XceiverServerRatis.java:handleLeaderChangedNotification(854)) - Leader change notification received for group: group-2B5461A4D1A9 with new leaderId: 74fe976e-ba5c-47a6-8181-a40142644b6d
2020-11-25 02:33:53,007 [74fe976e-ba5c-47a6-8181-a40142644b6d@group-2B5461A4D1A9-LeaderElection20] INFO  impl.RaftServerImpl (ServerState.java:setLeader(256)) - 74fe976e-ba5c-47a6-8181-a40142644b6d@group-2B5461A4D1A9: change Leader from null to 74fe976e-ba5c-47a6-8181-a40142644b6d at term 1 for becomeLeader, leader elected after 5026ms
2020-11-25 02:33:53,007 [74fe976e-ba5c-47a6-8181-a40142644b6d@group-2B5461A4D1A9-LeaderElection20] INFO  server.RaftServerConfigKeys (ConfUtils.java:logGet(44)) - raft.server.staging.catchup.gap = 1000 (default)
2020-11-25 02:33:53,008 [74fe976e-ba5c-47a6-8181-a40142644b6d@group-2B5461A4D1A9-LeaderElection20] INFO  server.RaftServerConfigKeys (ConfUtils.java:logGet(44)) - raft.server.rpc.sleep.time = 25ms (default)
2020-11-25 02:33:53,008 [74fe976e-ba5c-47a6-8181-a40142644b6d@group-2B5461A4D1A9-LeaderElection20] INFO  metrics.RatisMetrics (RatisMetrics.java:lambda$create$0(36)) - Creating Metrics Registry : ratis.log_appender.74fe976e-ba5c-47a6-8181-a40142644b6d@group-2B5461A4D1A9
2020-11-25 02:33:53,013 [74fe976e-ba5c-47a6-8181-a40142644b6d@group-2B5461A4D1A9-LeaderElection20] INFO  server.RaftServerConfigKeys (ConfUtils.java:logGet(44)) - raft.server.write.element-limit = 1024 (custom)
2020-11-25 02:33:53,014 [74fe976e-ba5c-47a6-8181-a40142644b6d@group-2B5461A4D1A9-LeaderElection20] INFO  server.RaftServerConfigKeys (ConfUtils.java:logGet(44)) - raft.server.write.byte-limit = 1073741824 (custom)
2020-11-25 02:33:53,014 [74fe976e-ba5c-47a6-8181-a40142644b6d@group-2B5461A4D1A9-LeaderElection20] INFO  server.RaftServerConfigKeys (ConfUtils.java:logGet(44)) - raft.server.watch.timeout = 180s (custom)
2020-11-25 02:33:53,014 [74fe976e-ba5c-47a6-8181-a40142644b6d@group-2B5461A4D1A9-LeaderElection20] INFO  server.RaftServerConfigKeys (ConfUtils.java:logGet(44)) - raft.server.watch.timeout.denomination = 1s (default)
2020-11-25 02:33:53,014 [74fe976e-ba5c-47a6-8181-a40142644b6d@group-2B5461A4D1A9-LeaderElection20] INFO  server.RaftServerConfigKeys (ConfUtils.java:logGet(44)) - raft.server.watch.element-limit = 65536 (default)
2020-11-25 02:33:53,014 [74fe976e-ba5c-47a6-8181-a40142644b6d@group-2B5461A4D1A9-LeaderElection20] INFO  impl.RoleInfo (RoleInfo.java:updateAndGet(143)) - 74fe976e-ba5c-47a6-8181-a40142644b6d: start 74fe976e-ba5c-47a6-8181-a40142644b6d@group-2B5461A4D1A9-LeaderState
2020-11-25 02:33:53,014 [74fe976e-ba5c-47a6-8181-a40142644b6d@group-2B5461A4D1A9-LeaderElection20] INFO  segmented.SegmentedRaftLogWorker (SegmentedRaftLogWorker.java:startLogSegment(398)) - 74fe976e-ba5c-47a6-8181-a40142644b6d@group-2B5461A4D1A9-SegmentedRaftLogWorker: Starting segment from index:0
2020-11-25 02:33:53,016 [74fe976e-ba5c-47a6-8181-a40142644b6d@group-2B5461A4D1A9-SegmentedRaftLogWorker] INFO  segmented.SegmentedRaftLogWorker (SegmentedRaftLogWorker.java:execute(597)) - 74fe976e-ba5c-47a6-8181-a40142644b6d@group-2B5461A4D1A9-SegmentedRaftLogWorker: created new log segment /github/workspace/mnt/ozone/hadoop-ozone/integration-test/target/test-dir/MiniOzoneClusterImpl-d0d42c39-6fc7-42e8-b6c5-559d28f27a21/datanode-4/data/ratis/23dac198-40f8-41f6-9960-2b5461a4d1a9/current/log_inprogress_0
2020-11-25 02:33:53,017 [74fe976e-ba5c-47a6-8181-a40142644b6d@group-2B5461A4D1A9-LeaderElection20] INFO  impl.RaftServerImpl (ServerState.java:setRaftConf(374)) - 74fe976e-ba5c-47a6-8181-a40142644b6d@group-2B5461A4D1A9: set configuration 0: [74fe976e-ba5c-47a6-8181-a40142644b6d|rpc:172.17.0.2:37871|dataStream:], old=null at 0
2020-11-25 02:33:53,236 [Thread-625] INFO  impl.FollowerState (FollowerState.java:run(128)) - 11f4bacd-ce3e-419e-997b-c311db6228e0@group-FEE2B9F80CAB-FollowerState: change to CANDIDATE, lastRpcTime:5062ms, electionTimeout:5061ms
2020-11-25 02:33:53,237 [Thread-625] INFO  impl.RoleInfo (RoleInfo.java:shutdownFollowerState(121)) - 11f4bacd-ce3e-419e-997b-c311db6228e0: shutdown 11f4bacd-ce3e-419e-997b-c311db6228e0@group-FEE2B9F80CAB-FollowerState
2020-11-25 02:33:53,237 [Thread-625] INFO  impl.RaftServerImpl (RaftServerImpl.java:setRole(204)) - 11f4bacd-ce3e-419e-997b-c311db6228e0@group-FEE2B9F80CAB: changes role from  FOLLOWER to CANDIDATE at term 0 for changeToCandidate
2020-11-25 02:33:53,237 [Thread-625] INFO  impl.RoleInfo (RoleInfo.java:updateAndGet(143)) - 11f4bacd-ce3e-419e-997b-c311db6228e0: start 11f4bacd-ce3e-419e-997b-c311db6228e0@group-FEE2B9F80CAB-LeaderElection21
2020-11-25 02:33:53,240 [11f4bacd-ce3e-419e-997b-c311db6228e0@group-FEE2B9F80CAB-LeaderElection21] INFO  impl.LeaderElection (LeaderElection.java:askForVotes(215)) - 11f4bacd-ce3e-419e-997b-c311db6228e0@group-FEE2B9F80CAB-LeaderElection21: begin an election at term 1 for -1: [11f4bacd-ce3e-419e-997b-c311db6228e0|rpc:172.17.0.2:36255], old=null
2020-11-25 02:33:53,240 [11f4bacd-ce3e-419e-997b-c311db6228e0@group-FEE2B9F80CAB-LeaderElection21] INFO  impl.RoleInfo (RoleInfo.java:shutdownLeaderElection(134)) - 11f4bacd-ce3e-419e-997b-c311db6228e0: shutdown 11f4bacd-ce3e-419e-997b-c311db6228e0@group-FEE2B9F80CAB-LeaderElection21
2020-11-25 02:33:53,240 [11f4bacd-ce3e-419e-997b-c311db6228e0@group-FEE2B9F80CAB-LeaderElection21] INFO  impl.RaftServerImpl (RaftServerImpl.java:setRole(204)) - 11f4bacd-ce3e-419e-997b-c311db6228e0@group-FEE2B9F80CAB: changes role from CANDIDATE to LEADER at term 1 for changeToLeader
2020-11-25 02:33:53,240 [11f4bacd-ce3e-419e-997b-c311db6228e0@group-FEE2B9F80CAB-LeaderElection21] INFO  ratis.XceiverServerRatis (XceiverServerRatis.java:handleLeaderChangedNotification(854)) - Leader change notification received for group: group-FEE2B9F80CAB with new leaderId: 11f4bacd-ce3e-419e-997b-c311db6228e0
2020-11-25 02:33:53,240 [11f4bacd-ce3e-419e-997b-c311db6228e0@group-FEE2B9F80CAB-LeaderElection21] INFO  impl.RaftServerImpl (ServerState.java:setLeader(256)) - 11f4bacd-ce3e-419e-997b-c311db6228e0@group-FEE2B9F80CAB: change Leader from null to 11f4bacd-ce3e-419e-997b-c311db6228e0 at term 1 for becomeLeader, leader elected after 5077ms
2020-11-25 02:33:53,240 [11f4bacd-ce3e-419e-997b-c311db6228e0@group-FEE2B9F80CAB-LeaderElection21] INFO  server.RaftServerConfigKeys (ConfUtils.java:logGet(44)) - raft.server.staging.catchup.gap = 1000 (default)
2020-11-25 02:33:53,241 [11f4bacd-ce3e-419e-997b-c311db6228e0@group-FEE2B9F80CAB-LeaderElection21] INFO  server.RaftServerConfigKeys (ConfUtils.java:logGet(44)) - raft.server.rpc.sleep.time = 25ms (default)
2020-11-25 02:33:53,241 [11f4bacd-ce3e-419e-997b-c311db6228e0@group-FEE2B9F80CAB-LeaderElection21] INFO  metrics.RatisMetrics (RatisMetrics.java:lambda$create$0(36)) - Creating Metrics Registry : ratis.log_appender.11f4bacd-ce3e-419e-997b-c311db6228e0@group-FEE2B9F80CAB
2020-11-25 02:33:53,241 [11f4bacd-ce3e-419e-997b-c311db6228e0@group-FEE2B9F80CAB-LeaderElection21] INFO  server.RaftServerConfigKeys (ConfUtils.java:logGet(44)) - raft.server.write.element-limit = 1024 (custom)
2020-11-25 02:33:53,241 [11f4bacd-ce3e-419e-997b-c311db6228e0@group-FEE2B9F80CAB-LeaderElection21] INFO  server.RaftServerConfigKeys (ConfUtils.java:logGet(44)) - raft.server.write.byte-limit = 1073741824 (custom)
2020-11-25 02:33:53,242 [11f4bacd-ce3e-419e-997b-c311db6228e0@group-FEE2B9F80CAB-LeaderElection21] INFO  server.RaftServerConfigKeys (ConfUtils.java:logGet(44)) - raft.server.watch.timeout = 180s (custom)
2020-11-25 02:33:53,242 [11f4bacd-ce3e-419e-997b-c311db6228e0@group-FEE2B9F80CAB-LeaderElection21] INFO  server.RaftServerConfigKeys (ConfUtils.java:logGet(44)) - raft.server.watch.timeout.denomination = 1s (default)
2020-11-25 02:33:53,242 [11f4bacd-ce3e-419e-997b-c311db6228e0@group-FEE2B9F80CAB-LeaderElection21] INFO  server.RaftServerConfigKeys (ConfUtils.java:logGet(44)) - raft.server.watch.element-limit = 65536 (default)
2020-11-25 02:33:53,242 [11f4bacd-ce3e-419e-997b-c311db6228e0@group-FEE2B9F80CAB-LeaderElection21] INFO  impl.RoleInfo (RoleInfo.java:updateAndGet(143)) - 11f4bacd-ce3e-419e-997b-c311db6228e0: start 11f4bacd-ce3e-419e-997b-c311db6228e0@group-FEE2B9F80CAB-LeaderState
2020-11-25 02:33:53,242 [11f4bacd-ce3e-419e-997b-c311db6228e0@group-FEE2B9F80CAB-LeaderElection21] INFO  segmented.SegmentedRaftLogWorker (SegmentedRaftLogWorker.java:startLogSegment(398)) - 11f4bacd-ce3e-419e-997b-c311db6228e0@group-FEE2B9F80CAB-SegmentedRaftLogWorker: Starting segment from index:0
2020-11-25 02:33:53,243 [11f4bacd-ce3e-419e-997b-c311db6228e0@group-FEE2B9F80CAB-LeaderElection21] INFO  impl.RaftServerImpl (ServerState.java:setRaftConf(374)) - 11f4bacd-ce3e-419e-997b-c311db6228e0@group-FEE2B9F80CAB: set configuration 0: [11f4bacd-ce3e-419e-997b-c311db6228e0|rpc:172.17.0.2:36255|dataStream:], old=null at 0
2020-11-25 02:33:53,244 [11f4bacd-ce3e-419e-997b-c311db6228e0@group-FEE2B9F80CAB-SegmentedRaftLogWorker] INFO  segmented.SegmentedRaftLogWorker (SegmentedRaftLogWorker.java:execute(597)) - 11f4bacd-ce3e-419e-997b-c311db6228e0@group-FEE2B9F80CAB-SegmentedRaftLogWorker: created new log segment /github/workspace/mnt/ozone/hadoop-ozone/integration-test/target/test-dir/MiniOzoneClusterImpl-d0d42c39-6fc7-42e8-b6c5-559d28f27a21/datanode-5/data/ratis/41a1f711-6daa-4647-b6b7-fee2b9f80cab/current/log_inprogress_0
2020-11-25 02:33:53,526 [Thread-627] INFO  impl.FollowerState (FollowerState.java:run(128)) - 57b917c9-e56d-4891-b77d-d7ae8505e2a5@group-B5F515BB86F2-FollowerState: change to CANDIDATE, lastRpcTime:5175ms, electionTimeout:5174ms
2020-11-25 02:33:53,527 [Thread-627] INFO  impl.RoleInfo (RoleInfo.java:shutdownFollowerState(121)) - 57b917c9-e56d-4891-b77d-d7ae8505e2a5: shutdown 57b917c9-e56d-4891-b77d-d7ae8505e2a5@group-B5F515BB86F2-FollowerState
2020-11-25 02:33:53,527 [Thread-627] INFO  impl.RaftServerImpl (RaftServerImpl.java:setRole(204)) - 57b917c9-e56d-4891-b77d-d7ae8505e2a5@group-B5F515BB86F2: changes role from  FOLLOWER to CANDIDATE at term 0 for changeToCandidate
2020-11-25 02:33:53,527 [Thread-627] INFO  impl.RoleInfo (RoleInfo.java:updateAndGet(143)) - 57b917c9-e56d-4891-b77d-d7ae8505e2a5: start 57b917c9-e56d-4891-b77d-d7ae8505e2a5@group-B5F515BB86F2-LeaderElection22
2020-11-25 02:33:53,530 [57b917c9-e56d-4891-b77d-d7ae8505e2a5@group-B5F515BB86F2-LeaderElection22] INFO  impl.LeaderElection (LeaderElection.java:askForVotes(215)) - 57b917c9-e56d-4891-b77d-d7ae8505e2a5@group-B5F515BB86F2-LeaderElection22: begin an election at term 1 for -1: [57b917c9-e56d-4891-b77d-d7ae8505e2a5|rpc:172.17.0.2:36967], old=null
2020-11-25 02:33:53,530 [57b917c9-e56d-4891-b77d-d7ae8505e2a5@group-B5F515BB86F2-LeaderElection22] INFO  impl.RoleInfo (RoleInfo.java:shutdownLeaderElection(134)) - 57b917c9-e56d-4891-b77d-d7ae8505e2a5: shutdown 57b917c9-e56d-4891-b77d-d7ae8505e2a5@group-B5F515BB86F2-LeaderElection22
2020-11-25 02:33:53,530 [57b917c9-e56d-4891-b77d-d7ae8505e2a5@group-B5F515BB86F2-LeaderElection22] INFO  impl.RaftServerImpl (RaftServerImpl.java:setRole(204)) - 57b917c9-e56d-4891-b77d-d7ae8505e2a5@group-B5F515BB86F2: changes role from CANDIDATE to LEADER at term 1 for changeToLeader
2020-11-25 02:33:53,530 [57b917c9-e56d-4891-b77d-d7ae8505e2a5@group-B5F515BB86F2-LeaderElection22] INFO  ratis.XceiverServerRatis (XceiverServerRatis.java:handleLeaderChangedNotification(854)) - Leader change notification received for group: group-B5F515BB86F2 with new leaderId: 57b917c9-e56d-4891-b77d-d7ae8505e2a5
2020-11-25 02:33:53,531 [57b917c9-e56d-4891-b77d-d7ae8505e2a5@group-B5F515BB86F2-LeaderElection22] INFO  impl.RaftServerImpl (ServerState.java:setLeader(256)) - 57b917c9-e56d-4891-b77d-d7ae8505e2a5@group-B5F515BB86F2: change Leader from null to 57b917c9-e56d-4891-b77d-d7ae8505e2a5 at term 1 for becomeLeader, leader elected after 5186ms
2020-11-25 02:33:53,531 [57b917c9-e56d-4891-b77d-d7ae8505e2a5@group-B5F515BB86F2-LeaderElection22] INFO  server.RaftServerConfigKeys (ConfUtils.java:logGet(44)) - raft.server.staging.catchup.gap = 1000 (default)
2020-11-25 02:33:53,531 [57b917c9-e56d-4891-b77d-d7ae8505e2a5@group-B5F515BB86F2-LeaderElection22] INFO  server.RaftServerConfigKeys (ConfUtils.java:logGet(44)) - raft.server.rpc.sleep.time = 25ms (default)
2020-11-25 02:33:53,531 [57b917c9-e56d-4891-b77d-d7ae8505e2a5@group-B5F515BB86F2-LeaderElection22] INFO  metrics.RatisMetrics (RatisMetrics.java:lambda$create$0(36)) - Creating Metrics Registry : ratis.log_appender.57b917c9-e56d-4891-b77d-d7ae8505e2a5@group-B5F515BB86F2
2020-11-25 02:33:53,531 [57b917c9-e56d-4891-b77d-d7ae8505e2a5@group-B5F515BB86F2-LeaderElection22] INFO  server.RaftServerConfigKeys (ConfUtils.java:logGet(44)) - raft.server.write.element-limit = 1024 (custom)
2020-11-25 02:33:53,531 [57b917c9-e56d-4891-b77d-d7ae8505e2a5@group-B5F515BB86F2-LeaderElection22] INFO  server.RaftServerConfigKeys (ConfUtils.java:logGet(44)) - raft.server.write.byte-limit = 1073741824 (custom)
2020-11-25 02:33:53,532 [57b917c9-e56d-4891-b77d-d7ae8505e2a5@group-B5F515BB86F2-LeaderElection22] INFO  server.RaftServerConfigKeys (ConfUtils.java:logGet(44)) - raft.server.watch.timeout = 180s (custom)
2020-11-25 02:33:53,532 [57b917c9-e56d-4891-b77d-d7ae8505e2a5@group-B5F515BB86F2-LeaderElection22] INFO  server.RaftServerConfigKeys (ConfUtils.java:logGet(44)) - raft.server.watch.timeout.denomination = 1s (default)
2020-11-25 02:33:53,532 [57b917c9-e56d-4891-b77d-d7ae8505e2a5@group-B5F515BB86F2-LeaderElection22] INFO  server.RaftServerConfigKeys (ConfUtils.java:logGet(44)) - raft.server.watch.element-limit = 65536 (default)
2020-11-25 02:33:53,532 [57b917c9-e56d-4891-b77d-d7ae8505e2a5@group-B5F515BB86F2-LeaderElection22] INFO  impl.RoleInfo (RoleInfo.java:updateAndGet(143)) - 57b917c9-e56d-4891-b77d-d7ae8505e2a5: start 57b917c9-e56d-4891-b77d-d7ae8505e2a5@group-B5F515BB86F2-LeaderState
2020-11-25 02:33:53,532 [57b917c9-e56d-4891-b77d-d7ae8505e2a5@group-B5F515BB86F2-LeaderElection22] INFO  segmented.SegmentedRaftLogWorker (SegmentedRaftLogWorker.java:startLogSegment(398)) - 57b917c9-e56d-4891-b77d-d7ae8505e2a5@group-B5F515BB86F2-SegmentedRaftLogWorker: Starting segment from index:0
2020-11-25 02:33:53,532 [57b917c9-e56d-4891-b77d-d7ae8505e2a5@group-B5F515BB86F2-LeaderElection22] INFO  impl.RaftServerImpl (ServerState.java:setRaftConf(374)) - 57b917c9-e56d-4891-b77d-d7ae8505e2a5@group-B5F515BB86F2: set configuration 0: [57b917c9-e56d-4891-b77d-d7ae8505e2a5|rpc:172.17.0.2:36967|dataStream:], old=null at 0
2020-11-25 02:33:53,533 [57b917c9-e56d-4891-b77d-d7ae8505e2a5@group-B5F515BB86F2-SegmentedRaftLogWorker] INFO  segmented.SegmentedRaftLogWorker (SegmentedRaftLogWorker.java:execute(597)) - 57b917c9-e56d-4891-b77d-d7ae8505e2a5@group-B5F515BB86F2-SegmentedRaftLogWorker: created new log segment /github/workspace/mnt/ozone/hadoop-ozone/integration-test/target/test-dir/MiniOzoneClusterImpl-d0d42c39-6fc7-42e8-b6c5-559d28f27a21/datanode-6/data/ratis/f3c87e3a-bc71-4398-818a-b5f515bb86f2/current/log_inprogress_0
2020-11-25 02:33:55,340 [EventQueue-Delayed safe mode statusForReplicationManager] INFO  container.ReplicationManager (ReplicationManager.java:start(178)) - Starting Replication Monitor Thread.
2020-11-25 02:33:55,342 [ReplicationMonitor] INFO  container.ReplicationManager (ReplicationManager.java:run(242)) - Replication Monitor Thread took 1 milliseconds for processing 3 containers.
2020-11-25 02:33:59,537 [Listener at 127.0.0.1/34527] INFO  metrics.RatisMetrics (RatisMetrics.java:lambda$create$0(36)) - Creating Metrics Registry : ratis.client_message_metrics.client-E152CD519AC9->74fe976e-ba5c-47a6-8181-a40142644b6d
2020-11-25 02:33:59,579 [Listener at 127.0.0.1/34527] INFO  metrics.RatisMetrics (RatisMetrics.java:lambda$create$0(36)) - Creating Metrics Registry : ratis.client_message_metrics.client-1ADB9107EEF1->57b917c9-e56d-4891-b77d-d7ae8505e2a5
2020-11-25 02:33:59,596 [org.apache.ratis.server.JvmPauseMonitor@1b643258-Monitor] WARN  server.JvmPauseMonitor (JvmPauseMonitor.java:run(141)) - Detected pause in JVM or host machine (eg GC): pause of approximately 1ms
No GCs detected
2020-11-25 02:33:59,614 [EventQueue-CloseContainerForCloseContainerEventHandler] INFO  container.CloseContainerEventHandler (CloseContainerEventHandler.java:onMessage(61)) - Close container Event triggered for container : #1
2020-11-25 02:33:59,615 [EventQueue-CloseContainerForCloseContainerEventHandler] INFO  container.CloseContainerEventHandler (CloseContainerEventHandler.java:onMessage(61)) - Close container Event triggered for container : #2
2020-11-25 02:33:59,615 [EventQueue-CloseContainerForCloseContainerEventHandler] INFO  container.CloseContainerEventHandler (CloseContainerEventHandler.java:onMessage(61)) - Close container Event triggered for container : #3
2020-11-25 02:34:01,017 [RatisApplyTransactionExecutor 3] INFO  keyvalue.KeyValueContainer (KeyValueContainer.java:flushAndSyncDB(388)) - Container 3 is synced with bcsId 0.
2020-11-25 02:34:01,017 [RatisApplyTransactionExecutor 3] INFO  keyvalue.KeyValueContainer (KeyValueContainer.java:flushAndSyncDB(388)) - Container 3 is synced with bcsId 0.
2020-11-25 02:34:01,019 [RatisApplyTransactionExecutor 3] INFO  keyvalue.KeyValueContainer (KeyValueContainer.java:close(326)) - Container 3 is closed with bcsId 0.
2020-11-25 02:34:01,020 [EventQueue-IncrementalContainerReportForIncrementalContainerReportHandler] INFO  container.IncrementalContainerReportHandler (AbstractContainerReportHandler.java:updateContainerState(215)) - Moving container #3 to CLOSED state, datanode 74fe976e-ba5c-47a6-8181-a40142644b6d{ip: 172.17.0.2, host: 3d7159965374, networkLocation: /default-rack, certSerialId: null} reported CLOSED replica.
2020-11-25 02:34:01,517 [RatisApplyTransactionExecutor 1] INFO  keyvalue.KeyValueContainer (KeyValueContainer.java:flushAndSyncDB(388)) - Container 1 is synced with bcsId 12.
2020-11-25 02:34:01,517 [RatisApplyTransactionExecutor 1] INFO  keyvalue.KeyValueContainer (KeyValueContainer.java:flushAndSyncDB(388)) - Container 1 is synced with bcsId 12.
2020-11-25 02:34:01,519 [RatisApplyTransactionExecutor 1] INFO  keyvalue.KeyValueContainer (KeyValueContainer.java:close(326)) - Container 1 is closed with bcsId 12.
2020-11-25 02:34:01,522 [EventQueue-IncrementalContainerReportForIncrementalContainerReportHandler] INFO  container.IncrementalContainerReportHandler (AbstractContainerReportHandler.java:updateContainerState(215)) - Moving container #1 to CLOSED state, datanode 57b917c9-e56d-4891-b77d-d7ae8505e2a5{ip: 172.17.0.2, host: 3d7159965374, networkLocation: /default-rack, certSerialId: null} reported CLOSED replica.
2020-11-25 02:34:01,523 [RatisApplyTransactionExecutor 2] INFO  keyvalue.KeyValueContainer (KeyValueContainer.java:flushAndSyncDB(388)) - Container 2 is synced with bcsId 0.
2020-11-25 02:34:01,524 [RatisApplyTransactionExecutor 2] INFO  keyvalue.KeyValueContainer (KeyValueContainer.java:flushAndSyncDB(388)) - Container 2 is synced with bcsId 0.
2020-11-25 02:34:01,526 [RatisApplyTransactionExecutor 2] INFO  keyvalue.KeyValueContainer (KeyValueContainer.java:close(326)) - Container 2 is closed with bcsId 0.
2020-11-25 02:34:01,527 [EventQueue-IncrementalContainerReportForIncrementalContainerReportHandler] INFO  container.IncrementalContainerReportHandler (AbstractContainerReportHandler.java:updateContainerState(215)) - Moving container #2 to CLOSED state, datanode 57b917c9-e56d-4891-b77d-d7ae8505e2a5{ip: 172.17.0.2, host: 3d7159965374, networkLocation: /default-rack, certSerialId: null} reported CLOSED replica.
02:34:01.618 [grpc-default-executor-0] ERROR DNAudit - user=null | ip=null | op=WRITE_CHUNK {blockData=conID: 1 locID: 105268617699983363 bcsId: 12} | ret=FAILURE
org.apache.hadoop.hdds.scm.container.common.helpers.ContainerNotOpenException: Container 1 in CLOSED state
	at org.apache.hadoop.ozone.container.common.impl.HddsDispatcher.validateContainerCommand(HddsDispatcher.java:484) ~[hadoop-hdds-container-service-1.1.0-SNAPSHOT.jar:?]
	at org.apache.hadoop.ozone.container.common.transport.server.ratis.ContainerStateMachine.startTransaction(ContainerStateMachine.java:319) ~[hadoop-hdds-container-service-1.1.0-SNAPSHOT.jar:?]
	at org.apache.ratis.server.impl.RaftServerImpl.submitClientRequestAsync(RaftServerImpl.java:723) ~[ratis-server-1.1.0-913f5a4-SNAPSHOT.jar:1.1.0-913f5a4-SNAPSHOT]
	at org.apache.ratis.server.impl.RaftServerProxy.lambda$submitClientRequestAsync$7(RaftServerProxy.java:364) ~[ratis-server-1.1.0-913f5a4-SNAPSHOT.jar:1.1.0-913f5a4-SNAPSHOT]
	at org.apache.ratis.server.impl.RaftServerProxy.lambda$null$5(RaftServerProxy.java:359) ~[ratis-server-1.1.0-913f5a4-SNAPSHOT.jar:1.1.0-913f5a4-SNAPSHOT]
	at org.apache.ratis.util.JavaUtils.callAsUnchecked(JavaUtils.java:116) ~[ratis-common-1.1.0-913f5a4-SNAPSHOT.jar:1.1.0-913f5a4-SNAPSHOT]
	at org.apache.ratis.server.impl.RaftServerProxy.lambda$submitRequest$6(RaftServerProxy.java:359) ~[ratis-server-1.1.0-913f5a4-SNAPSHOT.jar:1.1.0-913f5a4-SNAPSHOT]
	at java.util.concurrent.CompletableFuture.uniComposeStage(CompletableFuture.java:995) ~[?:1.8.0_232]
	at java.util.concurrent.CompletableFuture.thenCompose(CompletableFuture.java:2137) ~[?:1.8.0_232]
	at org.apache.ratis.server.impl.RaftServerProxy.submitRequest(RaftServerProxy.java:358) ~[ratis-server-1.1.0-913f5a4-SNAPSHOT.jar:1.1.0-913f5a4-SNAPSHOT]
	at org.apache.ratis.server.impl.RaftServerProxy.submitClientRequestAsync(RaftServerProxy.java:364) ~[ratis-server-1.1.0-913f5a4-SNAPSHOT.jar:1.1.0-913f5a4-SNAPSHOT]
	at org.apache.ratis.grpc.client.GrpcClientProtocolService$RequestStreamObserver.processClientRequest(GrpcClientProtocolService.java:231) ~[ratis-grpc-1.1.0-913f5a4-SNAPSHOT.jar:1.1.0-913f5a4-SNAPSHOT]
	at org.apache.ratis.grpc.client.GrpcClientProtocolService$OrderedRequestStreamObserver.processClientRequest(GrpcClientProtocolService.java:337) ~[ratis-grpc-1.1.0-913f5a4-SNAPSHOT.jar:1.1.0-913f5a4-SNAPSHOT]
	at org.apache.ratis.util.SlidingWindow$Server.processRequestsFromHead(SlidingWindow.java:429) [ratis-common-1.1.0-913f5a4-SNAPSHOT.jar:1.1.0-913f5a4-SNAPSHOT]
	at org.apache.ratis.util.SlidingWindow$Server.receivedRequest(SlidingWindow.java:421) [ratis-common-1.1.0-913f5a4-SNAPSHOT.jar:1.1.0-913f5a4-SNAPSHOT]
	at org.apache.ratis.grpc.client.GrpcClientProtocolService$OrderedRequestStreamObserver.processClientRequest(GrpcClientProtocolService.java:361) [ratis-grpc-1.1.0-913f5a4-SNAPSHOT.jar:1.1.0-913f5a4-SNAPSHOT]
	at org.apache.ratis.grpc.client.GrpcClientProtocolService$RequestStreamObserver.onNext(GrpcClientProtocolService.java:251) [ratis-grpc-1.1.0-913f5a4-SNAPSHOT.jar:1.1.0-913f5a4-SNAPSHOT]
	at org.apache.ratis.grpc.client.GrpcClientProtocolService$RequestStreamObserver.onNext(GrpcClientProtocolService.java:174) [ratis-grpc-1.1.0-913f5a4-SNAPSHOT.jar:1.1.0-913f5a4-SNAPSHOT]
	at org.apache.ratis.thirdparty.io.grpc.stub.ServerCalls$StreamingServerCallHandler$StreamingServerCallListener.onMessage(ServerCalls.java:251) [ratis-thirdparty-misc-0.6.0-SNAPSHOT.jar:0.6.0-SNAPSHOT]
	at org.apache.ratis.thirdparty.io.grpc.ForwardingServerCallListener.onMessage(ForwardingServerCallListener.java:33) [ratis-thirdparty-misc-0.6.0-SNAPSHOT.jar:0.6.0-SNAPSHOT]
	at org.apache.ratis.thirdparty.io.grpc.internal.ServerCallImpl$ServerStreamListenerImpl.messagesAvailableInternal(ServerCallImpl.java:309) [ratis-thirdparty-misc-0.6.0-SNAPSHOT.jar:0.6.0-SNAPSHOT]
	at org.apache.ratis.thirdparty.io.grpc.internal.ServerCallImpl$ServerStreamListenerImpl.messagesAvailable(ServerCallImpl.java:292) [ratis-thirdparty-misc-0.6.0-SNAPSHOT.jar:0.6.0-SNAPSHOT]
	at org.apache.ratis.thirdparty.io.grpc.internal.ServerImpl$JumpToApplicationThreadServerStreamListener$1MessagesAvailable.runInContext(ServerImpl.java:783) [ratis-thirdparty-misc-0.6.0-SNAPSHOT.jar:0.6.0-SNAPSHOT]
	at org.apache.ratis.thirdparty.io.grpc.internal.ContextRunnable.run(ContextRunnable.java:37) [ratis-thirdparty-misc-0.6.0-SNAPSHOT.jar:0.6.0-SNAPSHOT]
	at org.apache.ratis.thirdparty.io.grpc.internal.SerializingExecutor.run(SerializingExecutor.java:123) [ratis-thirdparty-misc-0.6.0-SNAPSHOT.jar:0.6.0-SNAPSHOT]
	at java.util.concurrent.ThreadPoolExecutor.runWorker(ThreadPoolExecutor.java:1149) [?:1.8.0_232]
	at java.util.concurrent.ThreadPoolExecutor$Worker.run(ThreadPoolExecutor.java:624) [?:1.8.0_232]
	at java.lang.Thread.run(Thread.java:748) [?:1.8.0_232]
02:34:01.642 [grpc-default-executor-0] ERROR DNAudit - user=null | ip=null | op=WRITE_CHUNK {blockData=conID: 1 locID: 105268617699983363 bcsId: 12} | ret=FAILURE
org.apache.hadoop.hdds.scm.container.common.helpers.ContainerNotOpenException: Container 1 in CLOSED state
	at org.apache.hadoop.ozone.container.common.impl.HddsDispatcher.validateContainerCommand(HddsDispatcher.java:484) ~[hadoop-hdds-container-service-1.1.0-SNAPSHOT.jar:?]
	at org.apache.hadoop.ozone.container.common.transport.server.ratis.ContainerStateMachine.startTransaction(ContainerStateMachine.java:319) ~[hadoop-hdds-container-service-1.1.0-SNAPSHOT.jar:?]
	at org.apache.ratis.server.impl.RaftServerImpl.submitClientRequestAsync(RaftServerImpl.java:723) ~[ratis-server-1.1.0-913f5a4-SNAPSHOT.jar:1.1.0-913f5a4-SNAPSHOT]
	at org.apache.ratis.server.impl.RaftServerProxy.lambda$submitClientRequestAsync$7(RaftServerProxy.java:364) ~[ratis-server-1.1.0-913f5a4-SNAPSHOT.jar:1.1.0-913f5a4-SNAPSHOT]
	at org.apache.ratis.server.impl.RaftServerProxy.lambda$null$5(RaftServerProxy.java:359) ~[ratis-server-1.1.0-913f5a4-SNAPSHOT.jar:1.1.0-913f5a4-SNAPSHOT]
	at org.apache.ratis.util.JavaUtils.callAsUnchecked(JavaUtils.java:116) ~[ratis-common-1.1.0-913f5a4-SNAPSHOT.jar:1.1.0-913f5a4-SNAPSHOT]
	at org.apache.ratis.server.impl.RaftServerProxy.lambda$submitRequest$6(RaftServerProxy.java:359) ~[ratis-server-1.1.0-913f5a4-SNAPSHOT.jar:1.1.0-913f5a4-SNAPSHOT]
	at java.util.concurrent.CompletableFuture.uniComposeStage(CompletableFuture.java:995) ~[?:1.8.0_232]
	at java.util.concurrent.CompletableFuture.thenCompose(CompletableFuture.java:2137) ~[?:1.8.0_232]
	at org.apache.ratis.server.impl.RaftServerProxy.submitRequest(RaftServerProxy.java:358) ~[ratis-server-1.1.0-913f5a4-SNAPSHOT.jar:1.1.0-913f5a4-SNAPSHOT]
	at org.apache.ratis.server.impl.RaftServerProxy.submitClientRequestAsync(RaftServerProxy.java:364) ~[ratis-server-1.1.0-913f5a4-SNAPSHOT.jar:1.1.0-913f5a4-SNAPSHOT]
	at org.apache.ratis.grpc.client.GrpcClientProtocolService$RequestStreamObserver.processClientRequest(GrpcClientProtocolService.java:231) ~[ratis-grpc-1.1.0-913f5a4-SNAPSHOT.jar:1.1.0-913f5a4-SNAPSHOT]
	at org.apache.ratis.grpc.client.GrpcClientProtocolService$OrderedRequestStreamObserver.processClientRequest(GrpcClientProtocolService.java:337) ~[ratis-grpc-1.1.0-913f5a4-SNAPSHOT.jar:1.1.0-913f5a4-SNAPSHOT]
	at org.apache.ratis.util.SlidingWindow$Server.processRequestsFromHead(SlidingWindow.java:429) [ratis-common-1.1.0-913f5a4-SNAPSHOT.jar:1.1.0-913f5a4-SNAPSHOT]
	at org.apache.ratis.util.SlidingWindow$Server.receivedRequest(SlidingWindow.java:421) [ratis-common-1.1.0-913f5a4-SNAPSHOT.jar:1.1.0-913f5a4-SNAPSHOT]
	at org.apache.ratis.grpc.client.GrpcClientProtocolService$OrderedRequestStreamObserver.processClientRequest(GrpcClientProtocolService.java:361) [ratis-grpc-1.1.0-913f5a4-SNAPSHOT.jar:1.1.0-913f5a4-SNAPSHOT]
	at org.apache.ratis.grpc.client.GrpcClientProtocolService$RequestStreamObserver.onNext(GrpcClientProtocolService.java:251) [ratis-grpc-1.1.0-913f5a4-SNAPSHOT.jar:1.1.0-913f5a4-SNAPSHOT]
	at org.apache.ratis.grpc.client.GrpcClientProtocolService$RequestStreamObserver.onNext(GrpcClientProtocolService.java:174) [ratis-grpc-1.1.0-913f5a4-SNAPSHOT.jar:1.1.0-913f5a4-SNAPSHOT]
	at org.apache.ratis.thirdparty.io.grpc.stub.ServerCalls$StreamingServerCallHandler$StreamingServerCallListener.onMessage(ServerCalls.java:251) [ratis-thirdparty-misc-0.6.0-SNAPSHOT.jar:0.6.0-SNAPSHOT]
	at org.apache.ratis.thirdparty.io.grpc.ForwardingServerCallListener.onMessage(ForwardingServerCallListener.java:33) [ratis-thirdparty-misc-0.6.0-SNAPSHOT.jar:0.6.0-SNAPSHOT]
	at org.apache.ratis.thirdparty.io.grpc.internal.ServerCallImpl$ServerStreamListenerImpl.messagesAvailableInternal(ServerCallImpl.java:309) [ratis-thirdparty-misc-0.6.0-SNAPSHOT.jar:0.6.0-SNAPSHOT]
	at org.apache.ratis.thirdparty.io.grpc.internal.ServerCallImpl$ServerStreamListenerImpl.messagesAvailable(ServerCallImpl.java:292) [ratis-thirdparty-misc-0.6.0-SNAPSHOT.jar:0.6.0-SNAPSHOT]
	at org.apache.ratis.thirdparty.io.grpc.internal.ServerImpl$JumpToApplicationThreadServerStreamListener$1MessagesAvailable.runInContext(ServerImpl.java:783) [ratis-thirdparty-misc-0.6.0-SNAPSHOT.jar:0.6.0-SNAPSHOT]
	at org.apache.ratis.thirdparty.io.grpc.internal.ContextRunnable.run(ContextRunnable.java:37) [ratis-thirdparty-misc-0.6.0-SNAPSHOT.jar:0.6.0-SNAPSHOT]
	at org.apache.ratis.thirdparty.io.grpc.internal.SerializingExecutor.run(SerializingExecutor.java:123) [ratis-thirdparty-misc-0.6.0-SNAPSHOT.jar:0.6.0-SNAPSHOT]
	at java.util.concurrent.ThreadPoolExecutor.runWorker(ThreadPoolExecutor.java:1149) [?:1.8.0_232]
	at java.util.concurrent.ThreadPoolExecutor$Worker.run(ThreadPoolExecutor.java:624) [?:1.8.0_232]
	at java.lang.Thread.run(Thread.java:748) [?:1.8.0_232]
2020-11-25 02:34:01,647 [grpc-default-executor-2] ERROR storage.BlockOutputStream (BlockOutputStream.java:lambda$writeChunkToContainer$3(677)) - writing chunk failed 105268617699983363_chunk_5 blockID conID: 1 locID: 105268617699983363 bcsId: 12 with exception org.apache.ratis.protocol.exceptions.StateMachineException: org.apache.hadoop.hdds.scm.container.common.helpers.ContainerNotOpenException from Server 57b917c9-e56d-4891-b77d-d7ae8505e2a5@group-B5F515BB86F2: Container 1 in CLOSED state
2020-11-25 02:34:01,656 [grpc-default-executor-2] ERROR storage.BlockOutputStream (BlockOutputStream.java:lambda$writeChunkToContainer$3(677)) - writing chunk failed 105268617699983363_chunk_6 blockID conID: 1 locID: 105268617699983363 bcsId: 12 with exception org.apache.ratis.protocol.exceptions.StateMachineException: org.apache.hadoop.hdds.scm.container.common.helpers.ContainerNotOpenException from Server 57b917c9-e56d-4891-b77d-d7ae8505e2a5@group-B5F515BB86F2: Container 1 in CLOSED state
02:34:01.659 [grpc-default-executor-0] ERROR DNAudit - user=null | ip=null | op=PUT_BLOCK {blockData=[blockId=conID: 1 locID: 105268617699983363 bcsId: 0,size=600]} | ret=FAILURE
org.apache.hadoop.hdds.scm.container.common.helpers.ContainerNotOpenException: Container 1 in CLOSED state
	at org.apache.hadoop.ozone.container.common.impl.HddsDispatcher.validateContainerCommand(HddsDispatcher.java:484) ~[hadoop-hdds-container-service-1.1.0-SNAPSHOT.jar:?]
	at org.apache.hadoop.ozone.container.common.transport.server.ratis.ContainerStateMachine.startTransaction(ContainerStateMachine.java:319) ~[hadoop-hdds-container-service-1.1.0-SNAPSHOT.jar:?]
	at org.apache.ratis.server.impl.RaftServerImpl.submitClientRequestAsync(RaftServerImpl.java:723) ~[ratis-server-1.1.0-913f5a4-SNAPSHOT.jar:1.1.0-913f5a4-SNAPSHOT]
	at org.apache.ratis.server.impl.RaftServerProxy.lambda$submitClientRequestAsync$7(RaftServerProxy.java:364) ~[ratis-server-1.1.0-913f5a4-SNAPSHOT.jar:1.1.0-913f5a4-SNAPSHOT]
	at org.apache.ratis.server.impl.RaftServerProxy.lambda$null$5(RaftServerProxy.java:359) ~[ratis-server-1.1.0-913f5a4-SNAPSHOT.jar:1.1.0-913f5a4-SNAPSHOT]
	at org.apache.ratis.util.JavaUtils.callAsUnchecked(JavaUtils.java:116) ~[ratis-common-1.1.0-913f5a4-SNAPSHOT.jar:1.1.0-913f5a4-SNAPSHOT]
	at org.apache.ratis.server.impl.RaftServerProxy.lambda$submitRequest$6(RaftServerProxy.java:359) ~[ratis-server-1.1.0-913f5a4-SNAPSHOT.jar:1.1.0-913f5a4-SNAPSHOT]
	at java.util.concurrent.CompletableFuture.uniComposeStage(CompletableFuture.java:995) ~[?:1.8.0_232]
	at java.util.concurrent.CompletableFuture.thenCompose(CompletableFuture.java:2137) ~[?:1.8.0_232]
	at org.apache.ratis.server.impl.RaftServerProxy.submitRequest(RaftServerProxy.java:358) ~[ratis-server-1.1.0-913f5a4-SNAPSHOT.jar:1.1.0-913f5a4-SNAPSHOT]
	at org.apache.ratis.server.impl.RaftServerProxy.submitClientRequestAsync(RaftServerProxy.java:364) ~[ratis-server-1.1.0-913f5a4-SNAPSHOT.jar:1.1.0-913f5a4-SNAPSHOT]
	at org.apache.ratis.grpc.client.GrpcClientProtocolService$RequestStreamObserver.processClientRequest(GrpcClientProtocolService.java:231) ~[ratis-grpc-1.1.0-913f5a4-SNAPSHOT.jar:1.1.0-913f5a4-SNAPSHOT]
	at org.apache.ratis.grpc.client.GrpcClientProtocolService$OrderedRequestStreamObserver.processClientRequest(GrpcClientProtocolService.java:337) ~[ratis-grpc-1.1.0-913f5a4-SNAPSHOT.jar:1.1.0-913f5a4-SNAPSHOT]
	at org.apache.ratis.util.SlidingWindow$Server.processRequestsFromHead(SlidingWindow.java:429) [ratis-common-1.1.0-913f5a4-SNAPSHOT.jar:1.1.0-913f5a4-SNAPSHOT]
	at org.apache.ratis.util.SlidingWindow$Server.receivedRequest(SlidingWindow.java:421) [ratis-common-1.1.0-913f5a4-SNAPSHOT.jar:1.1.0-913f5a4-SNAPSHOT]
	at org.apache.ratis.grpc.client.GrpcClientProtocolService$OrderedRequestStreamObserver.processClientRequest(GrpcClientProtocolService.java:361) [ratis-grpc-1.1.0-913f5a4-SNAPSHOT.jar:1.1.0-913f5a4-SNAPSHOT]
	at org.apache.ratis.grpc.client.GrpcClientProtocolService$RequestStreamObserver.onNext(GrpcClientProtocolService.java:251) [ratis-grpc-1.1.0-913f5a4-SNAPSHOT.jar:1.1.0-913f5a4-SNAPSHOT]
	at org.apache.ratis.grpc.client.GrpcClientProtocolService$RequestStreamObserver.onNext(GrpcClientProtocolService.java:174) [ratis-grpc-1.1.0-913f5a4-SNAPSHOT.jar:1.1.0-913f5a4-SNAPSHOT]
	at org.apache.ratis.thirdparty.io.grpc.stub.ServerCalls$StreamingServerCallHandler$StreamingServerCallListener.onMessage(ServerCalls.java:251) [ratis-thirdparty-misc-0.6.0-SNAPSHOT.jar:0.6.0-SNAPSHOT]
	at org.apache.ratis.thirdparty.io.grpc.ForwardingServerCallListener.onMessage(ForwardingServerCallListener.java:33) [ratis-thirdparty-misc-0.6.0-SNAPSHOT.jar:0.6.0-SNAPSHOT]
	at org.apache.ratis.thirdparty.io.grpc.internal.ServerCallImpl$ServerStreamListenerImpl.messagesAvailableInternal(ServerCallImpl.java:309) [ratis-thirdparty-misc-0.6.0-SNAPSHOT.jar:0.6.0-SNAPSHOT]
	at org.apache.ratis.thirdparty.io.grpc.internal.ServerCallImpl$ServerStreamListenerImpl.messagesAvailable(ServerCallImpl.java:292) [ratis-thirdparty-misc-0.6.0-SNAPSHOT.jar:0.6.0-SNAPSHOT]
	at org.apache.ratis.thirdparty.io.grpc.internal.ServerImpl$JumpToApplicationThreadServerStreamListener$1MessagesAvailable.runInContext(ServerImpl.java:783) [ratis-thirdparty-misc-0.6.0-SNAPSHOT.jar:0.6.0-SNAPSHOT]
	at org.apache.ratis.thirdparty.io.grpc.internal.ContextRunnable.run(ContextRunnable.java:37) [ratis-thirdparty-misc-0.6.0-SNAPSHOT.jar:0.6.0-SNAPSHOT]
	at org.apache.ratis.thirdparty.io.grpc.internal.SerializingExecutor.run(SerializingExecutor.java:123) [ratis-thirdparty-misc-0.6.0-SNAPSHOT.jar:0.6.0-SNAPSHOT]
	at java.util.concurrent.ThreadPoolExecutor.runWorker(ThreadPoolExecutor.java:1149) [?:1.8.0_232]
	at java.util.concurrent.ThreadPoolExecutor$Worker.run(ThreadPoolExecutor.java:624) [?:1.8.0_232]
	at java.lang.Thread.run(Thread.java:748) [?:1.8.0_232]
02:34:01.667 [grpc-default-executor-0] ERROR DNAudit - user=null | ip=null | op=WRITE_CHUNK {blockData=conID: 1 locID: 105268617699983363 bcsId: 12} | ret=FAILURE
org.apache.hadoop.hdds.scm.container.common.helpers.ContainerNotOpenException: Container 1 in CLOSED state
	at org.apache.hadoop.ozone.container.common.impl.HddsDispatcher.validateContainerCommand(HddsDispatcher.java:484) ~[hadoop-hdds-container-service-1.1.0-SNAPSHOT.jar:?]
	at org.apache.hadoop.ozone.container.common.transport.server.ratis.ContainerStateMachine.startTransaction(ContainerStateMachine.java:319) ~[hadoop-hdds-container-service-1.1.0-SNAPSHOT.jar:?]
	at org.apache.ratis.server.impl.RaftServerImpl.submitClientRequestAsync(RaftServerImpl.java:723) ~[ratis-server-1.1.0-913f5a4-SNAPSHOT.jar:1.1.0-913f5a4-SNAPSHOT]
	at org.apache.ratis.server.impl.RaftServerProxy.lambda$submitClientRequestAsync$7(RaftServerProxy.java:364) ~[ratis-server-1.1.0-913f5a4-SNAPSHOT.jar:1.1.0-913f5a4-SNAPSHOT]
	at org.apache.ratis.server.impl.RaftServerProxy.lambda$null$5(RaftServerProxy.java:359) ~[ratis-server-1.1.0-913f5a4-SNAPSHOT.jar:1.1.0-913f5a4-SNAPSHOT]
	at org.apache.ratis.util.JavaUtils.callAsUnchecked(JavaUtils.java:116) ~[ratis-common-1.1.0-913f5a4-SNAPSHOT.jar:1.1.0-913f5a4-SNAPSHOT]
	at org.apache.ratis.server.impl.RaftServerProxy.lambda$submitRequest$6(RaftServerProxy.java:359) ~[ratis-server-1.1.0-913f5a4-SNAPSHOT.jar:1.1.0-913f5a4-SNAPSHOT]
	at java.util.concurrent.CompletableFuture.uniComposeStage(CompletableFuture.java:995) ~[?:1.8.0_232]
	at java.util.concurrent.CompletableFuture.thenCompose(CompletableFuture.java:2137) ~[?:1.8.0_232]
	at org.apache.ratis.server.impl.RaftServerProxy.submitRequest(RaftServerProxy.java:358) ~[ratis-server-1.1.0-913f5a4-SNAPSHOT.jar:1.1.0-913f5a4-SNAPSHOT]
	at org.apache.ratis.server.impl.RaftServerProxy.submitClientRequestAsync(RaftServerProxy.java:364) ~[ratis-server-1.1.0-913f5a4-SNAPSHOT.jar:1.1.0-913f5a4-SNAPSHOT]
	at org.apache.ratis.grpc.client.GrpcClientProtocolService$RequestStreamObserver.processClientRequest(GrpcClientProtocolService.java:231) ~[ratis-grpc-1.1.0-913f5a4-SNAPSHOT.jar:1.1.0-913f5a4-SNAPSHOT]
	at org.apache.ratis.grpc.client.GrpcClientProtocolService$OrderedRequestStreamObserver.processClientRequest(GrpcClientProtocolService.java:337) ~[ratis-grpc-1.1.0-913f5a4-SNAPSHOT.jar:1.1.0-913f5a4-SNAPSHOT]
	at org.apache.ratis.util.SlidingWindow$Server.processRequestsFromHead(SlidingWindow.java:429) [ratis-common-1.1.0-913f5a4-SNAPSHOT.jar:1.1.0-913f5a4-SNAPSHOT]
	at org.apache.ratis.util.SlidingWindow$Server.receivedRequest(SlidingWindow.java:421) [ratis-common-1.1.0-913f5a4-SNAPSHOT.jar:1.1.0-913f5a4-SNAPSHOT]
	at org.apache.ratis.grpc.client.GrpcClientProtocolService$OrderedRequestStreamObserver.processClientRequest(GrpcClientProtocolService.java:361) [ratis-grpc-1.1.0-913f5a4-SNAPSHOT.jar:1.1.0-913f5a4-SNAPSHOT]
	at org.apache.ratis.grpc.client.GrpcClientProtocolService$RequestStreamObserver.onNext(GrpcClientProtocolService.java:251) [ratis-grpc-1.1.0-913f5a4-SNAPSHOT.jar:1.1.0-913f5a4-SNAPSHOT]
	at org.apache.ratis.grpc.client.GrpcClientProtocolService$RequestStreamObserver.onNext(GrpcClientProtocolService.java:174) [ratis-grpc-1.1.0-913f5a4-SNAPSHOT.jar:1.1.0-913f5a4-SNAPSHOT]
	at org.apache.ratis.thirdparty.io.grpc.stub.ServerCalls$StreamingServerCallHandler$StreamingServerCallListener.onMessage(ServerCalls.java:251) [ratis-thirdparty-misc-0.6.0-SNAPSHOT.jar:0.6.0-SNAPSHOT]
	at org.apache.ratis.thirdparty.io.grpc.ForwardingServerCallListener.onMessage(ForwardingServerCallListener.java:33) [ratis-thirdparty-misc-0.6.0-SNAPSHOT.jar:0.6.0-SNAPSHOT]
	at org.apache.ratis.thirdparty.io.grpc.internal.ServerCallImpl$ServerStreamListenerImpl.messagesAvailableInternal(ServerCallImpl.java:309) [ratis-thirdparty-misc-0.6.0-SNAPSHOT.jar:0.6.0-SNAPSHOT]
	at org.apache.ratis.thirdparty.io.grpc.internal.ServerCallImpl$ServerStreamListenerImpl.messagesAvailable(ServerCallImpl.java:292) [ratis-thirdparty-misc-0.6.0-SNAPSHOT.jar:0.6.0-SNAPSHOT]
	at org.apache.ratis.thirdparty.io.grpc.internal.ServerImpl$JumpToApplicationThreadServerStreamListener$1MessagesAvailable.runInContext(ServerImpl.java:783) [ratis-thirdparty-misc-0.6.0-SNAPSHOT.jar:0.6.0-SNAPSHOT]
	at org.apache.ratis.thirdparty.io.grpc.internal.ContextRunnable.run(ContextRunnable.java:37) [ratis-thirdparty-misc-0.6.0-SNAPSHOT.jar:0.6.0-SNAPSHOT]
	at org.apache.ratis.thirdparty.io.grpc.internal.SerializingExecutor.run(SerializingExecutor.java:123) [ratis-thirdparty-misc-0.6.0-SNAPSHOT.jar:0.6.0-SNAPSHOT]
	at java.util.concurrent.ThreadPoolExecutor.runWorker(ThreadPoolExecutor.java:1149) [?:1.8.0_232]
	at java.util.concurrent.ThreadPoolExecutor$Worker.run(ThreadPoolExecutor.java:624) [?:1.8.0_232]
	at java.lang.Thread.run(Thread.java:748) [?:1.8.0_232]
2020-11-25 02:34:01,679 [grpc-default-executor-2] ERROR storage.BlockOutputStream (BlockOutputStream.java:lambda$writeChunkToContainer$3(677)) - writing chunk failed 105268617699983363_chunk_7 blockID conID: 1 locID: 105268617699983363 bcsId: 12 with exception org.apache.ratis.protocol.exceptions.StateMachineException: org.apache.hadoop.hdds.scm.container.common.helpers.ContainerNotOpenException from Server 57b917c9-e56d-4891-b77d-d7ae8505e2a5@group-B5F515BB86F2: Container 1 in CLOSED state
02:34:01.679 [grpc-default-executor-0] ERROR DNAudit - user=null | ip=null | op=WRITE_CHUNK {blockData=conID: 1 locID: 105268617699983363 bcsId: 12} | ret=FAILURE
org.apache.hadoop.hdds.scm.container.common.helpers.ContainerNotOpenException: Container 1 in CLOSED state
	at org.apache.hadoop.ozone.container.common.impl.HddsDispatcher.validateContainerCommand(HddsDispatcher.java:484) ~[hadoop-hdds-container-service-1.1.0-SNAPSHOT.jar:?]
	at org.apache.hadoop.ozone.container.common.transport.server.ratis.ContainerStateMachine.startTransaction(ContainerStateMachine.java:319) ~[hadoop-hdds-container-service-1.1.0-SNAPSHOT.jar:?]
	at org.apache.ratis.server.impl.RaftServerImpl.submitClientRequestAsync(RaftServerImpl.java:723) ~[ratis-server-1.1.0-913f5a4-SNAPSHOT.jar:1.1.0-913f5a4-SNAPSHOT]
	at org.apache.ratis.server.impl.RaftServerProxy.lambda$submitClientRequestAsync$7(RaftServerProxy.java:364) ~[ratis-server-1.1.0-913f5a4-SNAPSHOT.jar:1.1.0-913f5a4-SNAPSHOT]
	at org.apache.ratis.server.impl.RaftServerProxy.lambda$null$5(RaftServerProxy.java:359) ~[ratis-server-1.1.0-913f5a4-SNAPSHOT.jar:1.1.0-913f5a4-SNAPSHOT]
	at org.apache.ratis.util.JavaUtils.callAsUnchecked(JavaUtils.java:116) ~[ratis-common-1.1.0-913f5a4-SNAPSHOT.jar:1.1.0-913f5a4-SNAPSHOT]
	at org.apache.ratis.server.impl.RaftServerProxy.lambda$submitRequest$6(RaftServerProxy.java:359) ~[ratis-server-1.1.0-913f5a4-SNAPSHOT.jar:1.1.0-913f5a4-SNAPSHOT]
	at java.util.concurrent.CompletableFuture.uniComposeStage(CompletableFuture.java:995) ~[?:1.8.0_232]
	at java.util.concurrent.CompletableFuture.thenCompose(CompletableFuture.java:2137) ~[?:1.8.0_232]
	at org.apache.ratis.server.impl.RaftServerProxy.submitRequest(RaftServerProxy.java:358) ~[ratis-server-1.1.0-913f5a4-SNAPSHOT.jar:1.1.0-913f5a4-SNAPSHOT]
	at org.apache.ratis.server.impl.RaftServerProxy.submitClientRequestAsync(RaftServerProxy.java:364) ~[ratis-server-1.1.0-913f5a4-SNAPSHOT.jar:1.1.0-913f5a4-SNAPSHOT]
	at org.apache.ratis.grpc.client.GrpcClientProtocolService$RequestStreamObserver.processClientRequest(GrpcClientProtocolService.java:231) ~[ratis-grpc-1.1.0-913f5a4-SNAPSHOT.jar:1.1.0-913f5a4-SNAPSHOT]
	at org.apache.ratis.grpc.client.GrpcClientProtocolService$OrderedRequestStreamObserver.processClientRequest(GrpcClientProtocolService.java:337) ~[ratis-grpc-1.1.0-913f5a4-SNAPSHOT.jar:1.1.0-913f5a4-SNAPSHOT]
	at org.apache.ratis.util.SlidingWindow$Server.processRequestsFromHead(SlidingWindow.java:429) [ratis-common-1.1.0-913f5a4-SNAPSHOT.jar:1.1.0-913f5a4-SNAPSHOT]
	at org.apache.ratis.util.SlidingWindow$Server.receivedRequest(SlidingWindow.java:421) [ratis-common-1.1.0-913f5a4-SNAPSHOT.jar:1.1.0-913f5a4-SNAPSHOT]
	at org.apache.ratis.grpc.client.GrpcClientProtocolService$OrderedRequestStreamObserver.processClientRequest(GrpcClientProtocolService.java:361) [ratis-grpc-1.1.0-913f5a4-SNAPSHOT.jar:1.1.0-913f5a4-SNAPSHOT]
	at org.apache.ratis.grpc.client.GrpcClientProtocolService$RequestStreamObserver.onNext(GrpcClientProtocolService.java:251) [ratis-grpc-1.1.0-913f5a4-SNAPSHOT.jar:1.1.0-913f5a4-SNAPSHOT]
	at org.apache.ratis.grpc.client.GrpcClientProtocolService$RequestStreamObserver.onNext(GrpcClientProtocolService.java:174) [ratis-grpc-1.1.0-913f5a4-SNAPSHOT.jar:1.1.0-913f5a4-SNAPSHOT]
	at org.apache.ratis.thirdparty.io.grpc.stub.ServerCalls$StreamingServerCallHandler$StreamingServerCallListener.onMessage(ServerCalls.java:251) [ratis-thirdparty-misc-0.6.0-SNAPSHOT.jar:0.6.0-SNAPSHOT]
	at org.apache.ratis.thirdparty.io.grpc.ForwardingServerCallListener.onMessage(ForwardingServerCallListener.java:33) [ratis-thirdparty-misc-0.6.0-SNAPSHOT.jar:0.6.0-SNAPSHOT]
	at org.apache.ratis.thirdparty.io.grpc.internal.ServerCallImpl$ServerStreamListenerImpl.messagesAvailableInternal(ServerCallImpl.java:309) [ratis-thirdparty-misc-0.6.0-SNAPSHOT.jar:0.6.0-SNAPSHOT]
	at org.apache.ratis.thirdparty.io.grpc.internal.ServerCallImpl$ServerStreamListenerImpl.messagesAvailable(ServerCallImpl.java:292) [ratis-thirdparty-misc-0.6.0-SNAPSHOT.jar:0.6.0-SNAPSHOT]
	at org.apache.ratis.thirdparty.io.grpc.internal.ServerImpl$JumpToApplicationThreadServerStreamListener$1MessagesAvailable.runInContext(ServerImpl.java:783) [ratis-thirdparty-misc-0.6.0-SNAPSHOT.jar:0.6.0-SNAPSHOT]
	at org.apache.ratis.thirdparty.io.grpc.internal.ContextRunnable.run(ContextRunnable.java:37) [ratis-thirdparty-misc-0.6.0-SNAPSHOT.jar:0.6.0-SNAPSHOT]
	at org.apache.ratis.thirdparty.io.grpc.internal.SerializingExecutor.run(SerializingExecutor.java:123) [ratis-thirdparty-misc-0.6.0-SNAPSHOT.jar:0.6.0-SNAPSHOT]
	at java.util.concurrent.ThreadPoolExecutor.runWorker(ThreadPoolExecutor.java:1149) [?:1.8.0_232]
	at java.util.concurrent.ThreadPoolExecutor$Worker.run(ThreadPoolExecutor.java:624) [?:1.8.0_232]
	at java.lang.Thread.run(Thread.java:748) [?:1.8.0_232]
02:34:01.683 [grpc-default-executor-0] ERROR DNAudit - user=null | ip=null | op=PUT_BLOCK {blockData=[blockId=conID: 1 locID: 105268617699983363 bcsId: 0,size=800]} | ret=FAILURE
org.apache.hadoop.hdds.scm.container.common.helpers.ContainerNotOpenException: Container 1 in CLOSED state
	at org.apache.hadoop.ozone.container.common.impl.HddsDispatcher.validateContainerCommand(HddsDispatcher.java:484) ~[hadoop-hdds-container-service-1.1.0-SNAPSHOT.jar:?]
	at org.apache.hadoop.ozone.container.common.transport.server.ratis.ContainerStateMachine.startTransaction(ContainerStateMachine.java:319) ~[hadoop-hdds-container-service-1.1.0-SNAPSHOT.jar:?]
	at org.apache.ratis.server.impl.RaftServerImpl.submitClientRequestAsync(RaftServerImpl.java:723) ~[ratis-server-1.1.0-913f5a4-SNAPSHOT.jar:1.1.0-913f5a4-SNAPSHOT]
	at org.apache.ratis.server.impl.RaftServerProxy.lambda$submitClientRequestAsync$7(RaftServerProxy.java:364) ~[ratis-server-1.1.0-913f5a4-SNAPSHOT.jar:1.1.0-913f5a4-SNAPSHOT]
	at org.apache.ratis.server.impl.RaftServerProxy.lambda$null$5(RaftServerProxy.java:359) ~[ratis-server-1.1.0-913f5a4-SNAPSHOT.jar:1.1.0-913f5a4-SNAPSHOT]
	at org.apache.ratis.util.JavaUtils.callAsUnchecked(JavaUtils.java:116) ~[ratis-common-1.1.0-913f5a4-SNAPSHOT.jar:1.1.0-913f5a4-SNAPSHOT]
	at org.apache.ratis.server.impl.RaftServerProxy.lambda$submitRequest$6(RaftServerProxy.java:359) ~[ratis-server-1.1.0-913f5a4-SNAPSHOT.jar:1.1.0-913f5a4-SNAPSHOT]
	at java.util.concurrent.CompletableFuture.uniComposeStage(CompletableFuture.java:995) ~[?:1.8.0_232]
	at java.util.concurrent.CompletableFuture.thenCompose(CompletableFuture.java:2137) ~[?:1.8.0_232]
	at org.apache.ratis.server.impl.RaftServerProxy.submitRequest(RaftServerProxy.java:358) ~[ratis-server-1.1.0-913f5a4-SNAPSHOT.jar:1.1.0-913f5a4-SNAPSHOT]
	at org.apache.ratis.server.impl.RaftServerProxy.submitClientRequestAsync(RaftServerProxy.java:364) ~[ratis-server-1.1.0-913f5a4-SNAPSHOT.jar:1.1.0-913f5a4-SNAPSHOT]
	at org.apache.ratis.grpc.client.GrpcClientProtocolService$RequestStreamObserver.processClientRequest(GrpcClientProtocolService.java:231) ~[ratis-grpc-1.1.0-913f5a4-SNAPSHOT.jar:1.1.0-913f5a4-SNAPSHOT]
	at org.apache.ratis.grpc.client.GrpcClientProtocolService$OrderedRequestStreamObserver.processClientRequest(GrpcClientProtocolService.java:337) ~[ratis-grpc-1.1.0-913f5a4-SNAPSHOT.jar:1.1.0-913f5a4-SNAPSHOT]
	at org.apache.ratis.util.SlidingWindow$Server.processRequestsFromHead(SlidingWindow.java:429) [ratis-common-1.1.0-913f5a4-SNAPSHOT.jar:1.1.0-913f5a4-SNAPSHOT]
	at org.apache.ratis.util.SlidingWindow$Server.receivedRequest(SlidingWindow.java:421) [ratis-common-1.1.0-913f5a4-SNAPSHOT.jar:1.1.0-913f5a4-SNAPSHOT]
	at org.apache.ratis.grpc.client.GrpcClientProtocolService$OrderedRequestStreamObserver.processClientRequest(GrpcClientProtocolService.java:361) [ratis-grpc-1.1.0-913f5a4-SNAPSHOT.jar:1.1.0-913f5a4-SNAPSHOT]
	at org.apache.ratis.grpc.client.GrpcClientProtocolService$RequestStreamObserver.onNext(GrpcClientProtocolService.java:251) [ratis-grpc-1.1.0-913f5a4-SNAPSHOT.jar:1.1.0-913f5a4-SNAPSHOT]
	at org.apache.ratis.grpc.client.GrpcClientProtocolService$RequestStreamObserver.onNext(GrpcClientProtocolService.java:174) [ratis-grpc-1.1.0-913f5a4-SNAPSHOT.jar:1.1.0-913f5a4-SNAPSHOT]
	at org.apache.ratis.thirdparty.io.grpc.stub.ServerCalls$StreamingServerCallHandler$StreamingServerCallListener.onMessage(ServerCalls.java:251) [ratis-thirdparty-misc-0.6.0-SNAPSHOT.jar:0.6.0-SNAPSHOT]
	at org.apache.ratis.thirdparty.io.grpc.ForwardingServerCallListener.onMessage(ForwardingServerCallListener.java:33) [ratis-thirdparty-misc-0.6.0-SNAPSHOT.jar:0.6.0-SNAPSHOT]
	at org.apache.ratis.thirdparty.io.grpc.internal.ServerCallImpl$ServerStreamListenerImpl.messagesAvailableInternal(ServerCallImpl.java:309) [ratis-thirdparty-misc-0.6.0-SNAPSHOT.jar:0.6.0-SNAPSHOT]
	at org.apache.ratis.thirdparty.io.grpc.internal.ServerCallImpl$ServerStreamListenerImpl.messagesAvailable(ServerCallImpl.java:292) [ratis-thirdparty-misc-0.6.0-SNAPSHOT.jar:0.6.0-SNAPSHOT]
	at org.apache.ratis.thirdparty.io.grpc.internal.ServerImpl$JumpToApplicationThreadServerStreamListener$1MessagesAvailable.runInContext(ServerImpl.java:783) [ratis-thirdparty-misc-0.6.0-SNAPSHOT.jar:0.6.0-SNAPSHOT]
	at org.apache.ratis.thirdparty.io.grpc.internal.ContextRunnable.run(ContextRunnable.java:37) [ratis-thirdparty-misc-0.6.0-SNAPSHOT.jar:0.6.0-SNAPSHOT]
	at org.apache.ratis.thirdparty.io.grpc.internal.SerializingExecutor.run(SerializingExecutor.java:123) [ratis-thirdparty-misc-0.6.0-SNAPSHOT.jar:0.6.0-SNAPSHOT]
	at java.util.concurrent.ThreadPoolExecutor.runWorker(ThreadPoolExecutor.java:1149) [?:1.8.0_232]
	at java.util.concurrent.ThreadPoolExecutor$Worker.run(ThreadPoolExecutor.java:624) [?:1.8.0_232]
	at java.lang.Thread.run(Thread.java:748) [?:1.8.0_232]
2020-11-25 02:34:01,692 [grpc-default-executor-0] ERROR storage.BlockOutputStream (BlockOutputStream.java:lambda$writeChunkToContainer$3(677)) - writing chunk failed 105268617699983363_chunk_8 blockID conID: 1 locID: 105268617699983363 bcsId: 12 with exception org.apache.ratis.protocol.exceptions.StateMachineException: org.apache.hadoop.hdds.scm.container.common.helpers.ContainerNotOpenException from Server 57b917c9-e56d-4891-b77d-d7ae8505e2a5@group-B5F515BB86F2: Container 1 in CLOSED state
02:34:01.701 [grpc-default-executor-0] ERROR DNAudit - user=null | ip=null | op=WRITE_CHUNK {blockData=conID: 2 locID: 105268617700048900 bcsId: 0} | ret=FAILURE
org.apache.hadoop.hdds.scm.container.common.helpers.ContainerNotOpenException: Container 2 in CLOSED state
	at org.apache.hadoop.ozone.container.common.impl.HddsDispatcher.validateContainerCommand(HddsDispatcher.java:484) ~[hadoop-hdds-container-service-1.1.0-SNAPSHOT.jar:?]
	at org.apache.hadoop.ozone.container.common.transport.server.ratis.ContainerStateMachine.startTransaction(ContainerStateMachine.java:319) ~[hadoop-hdds-container-service-1.1.0-SNAPSHOT.jar:?]
	at org.apache.ratis.server.impl.RaftServerImpl.submitClientRequestAsync(RaftServerImpl.java:723) ~[ratis-server-1.1.0-913f5a4-SNAPSHOT.jar:1.1.0-913f5a4-SNAPSHOT]
	at org.apache.ratis.server.impl.RaftServerProxy.lambda$submitClientRequestAsync$7(RaftServerProxy.java:364) ~[ratis-server-1.1.0-913f5a4-SNAPSHOT.jar:1.1.0-913f5a4-SNAPSHOT]
	at org.apache.ratis.server.impl.RaftServerProxy.lambda$null$5(RaftServerProxy.java:359) ~[ratis-server-1.1.0-913f5a4-SNAPSHOT.jar:1.1.0-913f5a4-SNAPSHOT]
	at org.apache.ratis.util.JavaUtils.callAsUnchecked(JavaUtils.java:116) ~[ratis-common-1.1.0-913f5a4-SNAPSHOT.jar:1.1.0-913f5a4-SNAPSHOT]
	at org.apache.ratis.server.impl.RaftServerProxy.lambda$submitRequest$6(RaftServerProxy.java:359) ~[ratis-server-1.1.0-913f5a4-SNAPSHOT.jar:1.1.0-913f5a4-SNAPSHOT]
	at java.util.concurrent.CompletableFuture.uniComposeStage(CompletableFuture.java:995) ~[?:1.8.0_232]
	at java.util.concurrent.CompletableFuture.thenCompose(CompletableFuture.java:2137) ~[?:1.8.0_232]
	at org.apache.ratis.server.impl.RaftServerProxy.submitRequest(RaftServerProxy.java:358) ~[ratis-server-1.1.0-913f5a4-SNAPSHOT.jar:1.1.0-913f5a4-SNAPSHOT]
	at org.apache.ratis.server.impl.RaftServerProxy.submitClientRequestAsync(RaftServerProxy.java:364) ~[ratis-server-1.1.0-913f5a4-SNAPSHOT.jar:1.1.0-913f5a4-SNAPSHOT]
	at org.apache.ratis.grpc.client.GrpcClientProtocolService$RequestStreamObserver.processClientRequest(GrpcClientProtocolService.java:231) ~[ratis-grpc-1.1.0-913f5a4-SNAPSHOT.jar:1.1.0-913f5a4-SNAPSHOT]
	at org.apache.ratis.grpc.client.GrpcClientProtocolService$OrderedRequestStreamObserver.processClientRequest(GrpcClientProtocolService.java:337) ~[ratis-grpc-1.1.0-913f5a4-SNAPSHOT.jar:1.1.0-913f5a4-SNAPSHOT]
	at org.apache.ratis.util.SlidingWindow$Server.processRequestsFromHead(SlidingWindow.java:429) [ratis-common-1.1.0-913f5a4-SNAPSHOT.jar:1.1.0-913f5a4-SNAPSHOT]
	at org.apache.ratis.util.SlidingWindow$Server.receivedRequest(SlidingWindow.java:421) [ratis-common-1.1.0-913f5a4-SNAPSHOT.jar:1.1.0-913f5a4-SNAPSHOT]
	at org.apache.ratis.grpc.client.GrpcClientProtocolService$OrderedRequestStreamObserver.processClientRequest(GrpcClientProtocolService.java:361) [ratis-grpc-1.1.0-913f5a4-SNAPSHOT.jar:1.1.0-913f5a4-SNAPSHOT]
	at org.apache.ratis.grpc.client.GrpcClientProtocolService$RequestStreamObserver.onNext(GrpcClientProtocolService.java:251) [ratis-grpc-1.1.0-913f5a4-SNAPSHOT.jar:1.1.0-913f5a4-SNAPSHOT]
	at org.apache.ratis.grpc.client.GrpcClientProtocolService$RequestStreamObserver.onNext(GrpcClientProtocolService.java:174) [ratis-grpc-1.1.0-913f5a4-SNAPSHOT.jar:1.1.0-913f5a4-SNAPSHOT]
	at org.apache.ratis.thirdparty.io.grpc.stub.ServerCalls$StreamingServerCallHandler$StreamingServerCallListener.onMessage(ServerCalls.java:251) [ratis-thirdparty-misc-0.6.0-SNAPSHOT.jar:0.6.0-SNAPSHOT]
	at org.apache.ratis.thirdparty.io.grpc.ForwardingServerCallListener.onMessage(ForwardingServerCallListener.java:33) [ratis-thirdparty-misc-0.6.0-SNAPSHOT.jar:0.6.0-SNAPSHOT]
	at org.apache.ratis.thirdparty.io.grpc.internal.ServerCallImpl$ServerStreamListenerImpl.messagesAvailableInternal(ServerCallImpl.java:309) [ratis-thirdparty-misc-0.6.0-SNAPSHOT.jar:0.6.0-SNAPSHOT]
	at org.apache.ratis.thirdparty.io.grpc.internal.ServerCallImpl$ServerStreamListenerImpl.messagesAvailable(ServerCallImpl.java:292) [ratis-thirdparty-misc-0.6.0-SNAPSHOT.jar:0.6.0-SNAPSHOT]
	at org.apache.ratis.thirdparty.io.grpc.internal.ServerImpl$JumpToApplicationThreadServerStreamListener$1MessagesAvailable.runInContext(ServerImpl.java:783) [ratis-thirdparty-misc-0.6.0-SNAPSHOT.jar:0.6.0-SNAPSHOT]
	at org.apache.ratis.thirdparty.io.grpc.internal.ContextRunnable.run(ContextRunnable.java:37) [ratis-thirdparty-misc-0.6.0-SNAPSHOT.jar:0.6.0-SNAPSHOT]
	at org.apache.ratis.thirdparty.io.grpc.internal.SerializingExecutor.run(SerializingExecutor.java:123) [ratis-thirdparty-misc-0.6.0-SNAPSHOT.jar:0.6.0-SNAPSHOT]
	at java.util.concurrent.ThreadPoolExecutor.runWorker(ThreadPoolExecutor.java:1149) [?:1.8.0_232]
	at java.util.concurrent.ThreadPoolExecutor$Worker.run(ThreadPoolExecutor.java:624) [?:1.8.0_232]
	at java.lang.Thread.run(Thread.java:748) [?:1.8.0_232]
02:34:01.711 [grpc-default-executor-0] ERROR DNAudit - user=null | ip=null | op=WRITE_CHUNK {blockData=conID: 2 locID: 105268617700048900 bcsId: 0} | ret=FAILURE
org.apache.hadoop.hdds.scm.container.common.helpers.ContainerNotOpenException: Container 2 in CLOSED state
	at org.apache.hadoop.ozone.container.common.impl.HddsDispatcher.validateContainerCommand(HddsDispatcher.java:484) ~[hadoop-hdds-container-service-1.1.0-SNAPSHOT.jar:?]
	at org.apache.hadoop.ozone.container.common.transport.server.ratis.ContainerStateMachine.startTransaction(ContainerStateMachine.java:319) ~[hadoop-hdds-container-service-1.1.0-SNAPSHOT.jar:?]
	at org.apache.ratis.server.impl.RaftServerImpl.submitClientRequestAsync(RaftServerImpl.java:723) ~[ratis-server-1.1.0-913f5a4-SNAPSHOT.jar:1.1.0-913f5a4-SNAPSHOT]
	at org.apache.ratis.server.impl.RaftServerProxy.lambda$submitClientRequestAsync$7(RaftServerProxy.java:364) ~[ratis-server-1.1.0-913f5a4-SNAPSHOT.jar:1.1.0-913f5a4-SNAPSHOT]
	at org.apache.ratis.server.impl.RaftServerProxy.lambda$null$5(RaftServerProxy.java:359) ~[ratis-server-1.1.0-913f5a4-SNAPSHOT.jar:1.1.0-913f5a4-SNAPSHOT]
	at org.apache.ratis.util.JavaUtils.callAsUnchecked(JavaUtils.java:116) ~[ratis-common-1.1.0-913f5a4-SNAPSHOT.jar:1.1.0-913f5a4-SNAPSHOT]
	at org.apache.ratis.server.impl.RaftServerProxy.lambda$submitRequest$6(RaftServerProxy.java:359) ~[ratis-server-1.1.0-913f5a4-SNAPSHOT.jar:1.1.0-913f5a4-SNAPSHOT]
	at java.util.concurrent.CompletableFuture.uniComposeStage(CompletableFuture.java:995) ~[?:1.8.0_232]
	at java.util.concurrent.CompletableFuture.thenCompose(CompletableFuture.java:2137) ~[?:1.8.0_232]
	at org.apache.ratis.server.impl.RaftServerProxy.submitRequest(RaftServerProxy.java:358) ~[ratis-server-1.1.0-913f5a4-SNAPSHOT.jar:1.1.0-913f5a4-SNAPSHOT]
	at org.apache.ratis.server.impl.RaftServerProxy.submitClientRequestAsync(RaftServerProxy.java:364) ~[ratis-server-1.1.0-913f5a4-SNAPSHOT.jar:1.1.0-913f5a4-SNAPSHOT]
	at org.apache.ratis.grpc.client.GrpcClientProtocolService$RequestStreamObserver.processClientRequest(GrpcClientProtocolService.java:231) ~[ratis-grpc-1.1.0-913f5a4-SNAPSHOT.jar:1.1.0-913f5a4-SNAPSHOT]
	at org.apache.ratis.grpc.client.GrpcClientProtocolService$OrderedRequestStreamObserver.processClientRequest(GrpcClientProtocolService.java:337) ~[ratis-grpc-1.1.0-913f5a4-SNAPSHOT.jar:1.1.0-913f5a4-SNAPSHOT]
	at org.apache.ratis.util.SlidingWindow$Server.processRequestsFromHead(SlidingWindow.java:429) [ratis-common-1.1.0-913f5a4-SNAPSHOT.jar:1.1.0-913f5a4-SNAPSHOT]
	at org.apache.ratis.util.SlidingWindow$Server.receivedRequest(SlidingWindow.java:421) [ratis-common-1.1.0-913f5a4-SNAPSHOT.jar:1.1.0-913f5a4-SNAPSHOT]
	at org.apache.ratis.grpc.client.GrpcClientProtocolService$OrderedRequestStreamObserver.processClientRequest(GrpcClientProtocolService.java:361) [ratis-grpc-1.1.0-913f5a4-SNAPSHOT.jar:1.1.0-913f5a4-SNAPSHOT]
	at org.apache.ratis.grpc.client.GrpcClientProtocolService$RequestStreamObserver.onNext(GrpcClientProtocolService.java:251) [ratis-grpc-1.1.0-913f5a4-SNAPSHOT.jar:1.1.0-913f5a4-SNAPSHOT]
	at org.apache.ratis.grpc.client.GrpcClientProtocolService$RequestStreamObserver.onNext(GrpcClientProtocolService.java:174) [ratis-grpc-1.1.0-913f5a4-SNAPSHOT.jar:1.1.0-913f5a4-SNAPSHOT]
	at org.apache.ratis.thirdparty.io.grpc.stub.ServerCalls$StreamingServerCallHandler$StreamingServerCallListener.onMessage(ServerCalls.java:251) [ratis-thirdparty-misc-0.6.0-SNAPSHOT.jar:0.6.0-SNAPSHOT]
	at org.apache.ratis.thirdparty.io.grpc.ForwardingServerCallListener.onMessage(ForwardingServerCallListener.java:33) [ratis-thirdparty-misc-0.6.0-SNAPSHOT.jar:0.6.0-SNAPSHOT]
	at org.apache.ratis.thirdparty.io.grpc.internal.ServerCallImpl$ServerStreamListenerImpl.messagesAvailableInternal(ServerCallImpl.java:309) [ratis-thirdparty-misc-0.6.0-SNAPSHOT.jar:0.6.0-SNAPSHOT]
	at org.apache.ratis.thirdparty.io.grpc.internal.ServerCallImpl$ServerStreamListenerImpl.messagesAvailable(ServerCallImpl.java:292) [ratis-thirdparty-misc-0.6.0-SNAPSHOT.jar:0.6.0-SNAPSHOT]
	at org.apache.ratis.thirdparty.io.grpc.internal.ServerImpl$JumpToApplicationThreadServerStreamListener$1MessagesAvailable.runInContext(ServerImpl.java:783) [ratis-thirdparty-misc-0.6.0-SNAPSHOT.jar:0.6.0-SNAPSHOT]
	at org.apache.ratis.thirdparty.io.grpc.internal.ContextRunnable.run(ContextRunnable.java:37) [ratis-thirdparty-misc-0.6.0-SNAPSHOT.jar:0.6.0-SNAPSHOT]
	at org.apache.ratis.thirdparty.io.grpc.internal.SerializingExecutor.run(SerializingExecutor.java:123) [ratis-thirdparty-misc-0.6.0-SNAPSHOT.jar:0.6.0-SNAPSHOT]
	at java.util.concurrent.ThreadPoolExecutor.runWorker(ThreadPoolExecutor.java:1149) [?:1.8.0_232]
	at java.util.concurrent.ThreadPoolExecutor$Worker.run(ThreadPoolExecutor.java:624) [?:1.8.0_232]
	at java.lang.Thread.run(Thread.java:748) [?:1.8.0_232]
2020-11-25 02:34:01,712 [grpc-default-executor-2] ERROR storage.BlockOutputStream (BlockOutputStream.java:lambda$writeChunkToContainer$3(677)) - writing chunk failed 105268617700048900_chunk_1 blockID conID: 2 locID: 105268617700048900 bcsId: 0 with exception org.apache.ratis.protocol.exceptions.StateMachineException: org.apache.hadoop.hdds.scm.container.common.helpers.ContainerNotOpenException from Server 57b917c9-e56d-4891-b77d-d7ae8505e2a5@group-B5F515BB86F2: Container 2 in CLOSED state
02:34:01.716 [grpc-default-executor-0] ERROR DNAudit - user=null | ip=null | op=PUT_BLOCK {blockData=[blockId=conID: 2 locID: 105268617700048900 bcsId: 0,size=200]} | ret=FAILURE
org.apache.hadoop.hdds.scm.container.common.helpers.ContainerNotOpenException: Container 2 in CLOSED state
	at org.apache.hadoop.ozone.container.common.impl.HddsDispatcher.validateContainerCommand(HddsDispatcher.java:484) ~[hadoop-hdds-container-service-1.1.0-SNAPSHOT.jar:?]
	at org.apache.hadoop.ozone.container.common.transport.server.ratis.ContainerStateMachine.startTransaction(ContainerStateMachine.java:319) ~[hadoop-hdds-container-service-1.1.0-SNAPSHOT.jar:?]
	at org.apache.ratis.server.impl.RaftServerImpl.submitClientRequestAsync(RaftServerImpl.java:723) ~[ratis-server-1.1.0-913f5a4-SNAPSHOT.jar:1.1.0-913f5a4-SNAPSHOT]
	at org.apache.ratis.server.impl.RaftServerProxy.lambda$submitClientRequestAsync$7(RaftServerProxy.java:364) ~[ratis-server-1.1.0-913f5a4-SNAPSHOT.jar:1.1.0-913f5a4-SNAPSHOT]
	at org.apache.ratis.server.impl.RaftServerProxy.lambda$null$5(RaftServerProxy.java:359) ~[ratis-server-1.1.0-913f5a4-SNAPSHOT.jar:1.1.0-913f5a4-SNAPSHOT]
	at org.apache.ratis.util.JavaUtils.callAsUnchecked(JavaUtils.java:116) ~[ratis-common-1.1.0-913f5a4-SNAPSHOT.jar:1.1.0-913f5a4-SNAPSHOT]
	at org.apache.ratis.server.impl.RaftServerProxy.lambda$submitRequest$6(RaftServerProxy.java:359) ~[ratis-server-1.1.0-913f5a4-SNAPSHOT.jar:1.1.0-913f5a4-SNAPSHOT]
	at java.util.concurrent.CompletableFuture.uniComposeStage(CompletableFuture.java:995) ~[?:1.8.0_232]
	at java.util.concurrent.CompletableFuture.thenCompose(CompletableFuture.java:2137) ~[?:1.8.0_232]
	at org.apache.ratis.server.impl.RaftServerProxy.submitRequest(RaftServerProxy.java:358) ~[ratis-server-1.1.0-913f5a4-SNAPSHOT.jar:1.1.0-913f5a4-SNAPSHOT]
	at org.apache.ratis.server.impl.RaftServerProxy.submitClientRequestAsync(RaftServerProxy.java:364) ~[ratis-server-1.1.0-913f5a4-SNAPSHOT.jar:1.1.0-913f5a4-SNAPSHOT]
	at org.apache.ratis.grpc.client.GrpcClientProtocolService$RequestStreamObserver.processClientRequest(GrpcClientProtocolService.java:231) ~[ratis-grpc-1.1.0-913f5a4-SNAPSHOT.jar:1.1.0-913f5a4-SNAPSHOT]
	at org.apache.ratis.grpc.client.GrpcClientProtocolService$OrderedRequestStreamObserver.processClientRequest(GrpcClientProtocolService.java:337) ~[ratis-grpc-1.1.0-913f5a4-SNAPSHOT.jar:1.1.0-913f5a4-SNAPSHOT]
	at org.apache.ratis.util.SlidingWindow$Server.processRequestsFromHead(SlidingWindow.java:429) [ratis-common-1.1.0-913f5a4-SNAPSHOT.jar:1.1.0-913f5a4-SNAPSHOT]
	at org.apache.ratis.util.SlidingWindow$Server.receivedRequest(SlidingWindow.java:421) [ratis-common-1.1.0-913f5a4-SNAPSHOT.jar:1.1.0-913f5a4-SNAPSHOT]
	at org.apache.ratis.grpc.client.GrpcClientProtocolService$OrderedRequestStreamObserver.processClientRequest(GrpcClientProtocolService.java:361) [ratis-grpc-1.1.0-913f5a4-SNAPSHOT.jar:1.1.0-913f5a4-SNAPSHOT]
	at org.apache.ratis.grpc.client.GrpcClientProtocolService$RequestStreamObserver.onNext(GrpcClientProtocolService.java:251) [ratis-grpc-1.1.0-913f5a4-SNAPSHOT.jar:1.1.0-913f5a4-SNAPSHOT]
	at org.apache.ratis.grpc.client.GrpcClientProtocolService$RequestStreamObserver.onNext(GrpcClientProtocolService.java:174) [ratis-grpc-1.1.0-913f5a4-SNAPSHOT.jar:1.1.0-913f5a4-SNAPSHOT]
	at org.apache.ratis.thirdparty.io.grpc.stub.ServerCalls$StreamingServerCallHandler$StreamingServerCallListener.onMessage(ServerCalls.java:251) [ratis-thirdparty-misc-0.6.0-SNAPSHOT.jar:0.6.0-SNAPSHOT]
	at org.apache.ratis.thirdparty.io.grpc.ForwardingServerCallListener.onMessage(ForwardingServerCallListener.java:33) [ratis-thirdparty-misc-0.6.0-SNAPSHOT.jar:0.6.0-SNAPSHOT]
	at org.apache.ratis.thirdparty.io.grpc.internal.ServerCallImpl$ServerStreamListenerImpl.messagesAvailableInternal(ServerCallImpl.java:309) [ratis-thirdparty-misc-0.6.0-SNAPSHOT.jar:0.6.0-SNAPSHOT]
	at org.apache.ratis.thirdparty.io.grpc.internal.ServerCallImpl$ServerStreamListenerImpl.messagesAvailable(ServerCallImpl.java:292) [ratis-thirdparty-misc-0.6.0-SNAPSHOT.jar:0.6.0-SNAPSHOT]
	at org.apache.ratis.thirdparty.io.grpc.internal.ServerImpl$JumpToApplicationThreadServerStreamListener$1MessagesAvailable.runInContext(ServerImpl.java:783) [ratis-thirdparty-misc-0.6.0-SNAPSHOT.jar:0.6.0-SNAPSHOT]
	at org.apache.ratis.thirdparty.io.grpc.internal.ContextRunnable.run(ContextRunnable.java:37) [ratis-thirdparty-misc-0.6.0-SNAPSHOT.jar:0.6.0-SNAPSHOT]
	at org.apache.ratis.thirdparty.io.grpc.internal.SerializingExecutor.run(SerializingExecutor.java:123) [ratis-thirdparty-misc-0.6.0-SNAPSHOT.jar:0.6.0-SNAPSHOT]
	at java.util.concurrent.ThreadPoolExecutor.runWorker(ThreadPoolExecutor.java:1149) [?:1.8.0_232]
	at java.util.concurrent.ThreadPoolExecutor$Worker.run(ThreadPoolExecutor.java:624) [?:1.8.0_232]
	at java.lang.Thread.run(Thread.java:748) [?:1.8.0_232]
02:34:01.718 [grpc-default-executor-0] ERROR DNAudit - user=null | ip=null | op=WRITE_CHUNK {blockData=conID: 2 locID: 105268617700048900 bcsId: 0} | ret=FAILURE
org.apache.hadoop.hdds.scm.container.common.helpers.ContainerNotOpenException: Container 2 in CLOSED state
	at org.apache.hadoop.ozone.container.common.impl.HddsDispatcher.validateContainerCommand(HddsDispatcher.java:484) ~[hadoop-hdds-container-service-1.1.0-SNAPSHOT.jar:?]
	at org.apache.hadoop.ozone.container.common.transport.server.ratis.ContainerStateMachine.startTransaction(ContainerStateMachine.java:319) ~[hadoop-hdds-container-service-1.1.0-SNAPSHOT.jar:?]
	at org.apache.ratis.server.impl.RaftServerImpl.submitClientRequestAsync(RaftServerImpl.java:723) ~[ratis-server-1.1.0-913f5a4-SNAPSHOT.jar:1.1.0-913f5a4-SNAPSHOT]
	at org.apache.ratis.server.impl.RaftServerProxy.lambda$submitClientRequestAsync$7(RaftServerProxy.java:364) ~[ratis-server-1.1.0-913f5a4-SNAPSHOT.jar:1.1.0-913f5a4-SNAPSHOT]
	at org.apache.ratis.server.impl.RaftServerProxy.lambda$null$5(RaftServerProxy.java:359) ~[ratis-server-1.1.0-913f5a4-SNAPSHOT.jar:1.1.0-913f5a4-SNAPSHOT]
	at org.apache.ratis.util.JavaUtils.callAsUnchecked(JavaUtils.java:116) ~[ratis-common-1.1.0-913f5a4-SNAPSHOT.jar:1.1.0-913f5a4-SNAPSHOT]
	at org.apache.ratis.server.impl.RaftServerProxy.lambda$submitRequest$6(RaftServerProxy.java:359) ~[ratis-server-1.1.0-913f5a4-SNAPSHOT.jar:1.1.0-913f5a4-SNAPSHOT]
	at java.util.concurrent.CompletableFuture.uniComposeStage(CompletableFuture.java:995) ~[?:1.8.0_232]
	at java.util.concurrent.CompletableFuture.thenCompose(CompletableFuture.java:2137) ~[?:1.8.0_232]
	at org.apache.ratis.server.impl.RaftServerProxy.submitRequest(RaftServerProxy.java:358) ~[ratis-server-1.1.0-913f5a4-SNAPSHOT.jar:1.1.0-913f5a4-SNAPSHOT]
	at org.apache.ratis.server.impl.RaftServerProxy.submitClientRequestAsync(RaftServerProxy.java:364) ~[ratis-server-1.1.0-913f5a4-SNAPSHOT.jar:1.1.0-913f5a4-SNAPSHOT]
	at org.apache.ratis.grpc.client.GrpcClientProtocolService$RequestStreamObserver.processClientRequest(GrpcClientProtocolService.java:231) ~[ratis-grpc-1.1.0-913f5a4-SNAPSHOT.jar:1.1.0-913f5a4-SNAPSHOT]
	at org.apache.ratis.grpc.client.GrpcClientProtocolService$OrderedRequestStreamObserver.processClientRequest(GrpcClientProtocolService.java:337) ~[ratis-grpc-1.1.0-913f5a4-SNAPSHOT.jar:1.1.0-913f5a4-SNAPSHOT]
	at org.apache.ratis.util.SlidingWindow$Server.processRequestsFromHead(SlidingWindow.java:429) [ratis-common-1.1.0-913f5a4-SNAPSHOT.jar:1.1.0-913f5a4-SNAPSHOT]
	at org.apache.ratis.util.SlidingWindow$Server.receivedRequest(SlidingWindow.java:421) [ratis-common-1.1.0-913f5a4-SNAPSHOT.jar:1.1.0-913f5a4-SNAPSHOT]
	at org.apache.ratis.grpc.client.GrpcClientProtocolService$OrderedRequestStreamObserver.processClientRequest(GrpcClientProtocolService.java:361) [ratis-grpc-1.1.0-913f5a4-SNAPSHOT.jar:1.1.0-913f5a4-SNAPSHOT]
	at org.apache.ratis.grpc.client.GrpcClientProtocolService$RequestStreamObserver.onNext(GrpcClientProtocolService.java:251) [ratis-grpc-1.1.0-913f5a4-SNAPSHOT.jar:1.1.0-913f5a4-SNAPSHOT]
	at org.apache.ratis.grpc.client.GrpcClientProtocolService$RequestStreamObserver.onNext(GrpcClientProtocolService.java:174) [ratis-grpc-1.1.0-913f5a4-SNAPSHOT.jar:1.1.0-913f5a4-SNAPSHOT]
	at org.apache.ratis.thirdparty.io.grpc.stub.ServerCalls$StreamingServerCallHandler$StreamingServerCallListener.onMessage(ServerCalls.java:251) [ratis-thirdparty-misc-0.6.0-SNAPSHOT.jar:0.6.0-SNAPSHOT]
	at org.apache.ratis.thirdparty.io.grpc.ForwardingServerCallListener.onMessage(ForwardingServerCallListener.java:33) [ratis-thirdparty-misc-0.6.0-SNAPSHOT.jar:0.6.0-SNAPSHOT]
	at org.apache.ratis.thirdparty.io.grpc.internal.ServerCallImpl$ServerStreamListenerImpl.messagesAvailableInternal(ServerCallImpl.java:309) [ratis-thirdparty-misc-0.6.0-SNAPSHOT.jar:0.6.0-SNAPSHOT]
	at org.apache.ratis.thirdparty.io.grpc.internal.ServerCallImpl$ServerStreamListenerImpl.messagesAvailable(ServerCallImpl.java:292) [ratis-thirdparty-misc-0.6.0-SNAPSHOT.jar:0.6.0-SNAPSHOT]
	at org.apache.ratis.thirdparty.io.grpc.internal.ServerImpl$JumpToApplicationThreadServerStreamListener$1MessagesAvailable.runInContext(ServerImpl.java:783) [ratis-thirdparty-misc-0.6.0-SNAPSHOT.jar:0.6.0-SNAPSHOT]
	at org.apache.ratis.thirdparty.io.grpc.internal.ContextRunnable.run(ContextRunnable.java:37) [ratis-thirdparty-misc-0.6.0-SNAPSHOT.jar:0.6.0-SNAPSHOT]
	at org.apache.ratis.thirdparty.io.grpc.internal.SerializingExecutor.run(SerializingExecutor.java:123) [ratis-thirdparty-misc-0.6.0-SNAPSHOT.jar:0.6.0-SNAPSHOT]
	at java.util.concurrent.ThreadPoolExecutor.runWorker(ThreadPoolExecutor.java:1149) [?:1.8.0_232]
	at java.util.concurrent.ThreadPoolExecutor$Worker.run(ThreadPoolExecutor.java:624) [?:1.8.0_232]
	at java.lang.Thread.run(Thread.java:748) [?:1.8.0_232]
02:34:01.719 [grpc-default-executor-0] ERROR DNAudit - user=null | ip=null | op=WRITE_CHUNK {blockData=conID: 2 locID: 105268617700048900 bcsId: 0} | ret=FAILURE
org.apache.hadoop.hdds.scm.container.common.helpers.ContainerNotOpenException: Container 2 in CLOSED state
	at org.apache.hadoop.ozone.container.common.impl.HddsDispatcher.validateContainerCommand(HddsDispatcher.java:484) ~[hadoop-hdds-container-service-1.1.0-SNAPSHOT.jar:?]
	at org.apache.hadoop.ozone.container.common.transport.server.ratis.ContainerStateMachine.startTransaction(ContainerStateMachine.java:319) ~[hadoop-hdds-container-service-1.1.0-SNAPSHOT.jar:?]
	at org.apache.ratis.server.impl.RaftServerImpl.submitClientRequestAsync(RaftServerImpl.java:723) ~[ratis-server-1.1.0-913f5a4-SNAPSHOT.jar:1.1.0-913f5a4-SNAPSHOT]
	at org.apache.ratis.server.impl.RaftServerProxy.lambda$submitClientRequestAsync$7(RaftServerProxy.java:364) ~[ratis-server-1.1.0-913f5a4-SNAPSHOT.jar:1.1.0-913f5a4-SNAPSHOT]
	at org.apache.ratis.server.impl.RaftServerProxy.lambda$null$5(RaftServerProxy.java:359) ~[ratis-server-1.1.0-913f5a4-SNAPSHOT.jar:1.1.0-913f5a4-SNAPSHOT]
	at org.apache.ratis.util.JavaUtils.callAsUnchecked(JavaUtils.java:116) ~[ratis-common-1.1.0-913f5a4-SNAPSHOT.jar:1.1.0-913f5a4-SNAPSHOT]
	at org.apache.ratis.server.impl.RaftServerProxy.lambda$submitRequest$6(RaftServerProxy.java:359) ~[ratis-server-1.1.0-913f5a4-SNAPSHOT.jar:1.1.0-913f5a4-SNAPSHOT]
	at java.util.concurrent.CompletableFuture.uniComposeStage(CompletableFuture.java:995) ~[?:1.8.0_232]
	at java.util.concurrent.CompletableFuture.thenCompose(CompletableFuture.java:2137) ~[?:1.8.0_232]
	at org.apache.ratis.server.impl.RaftServerProxy.submitRequest(RaftServerProxy.java:358) ~[ratis-server-1.1.0-913f5a4-SNAPSHOT.jar:1.1.0-913f5a4-SNAPSHOT]
	at org.apache.ratis.server.impl.RaftServerProxy.submitClientRequestAsync(RaftServerProxy.java:364) ~[ratis-server-1.1.0-913f5a4-SNAPSHOT.jar:1.1.0-913f5a4-SNAPSHOT]
	at org.apache.ratis.grpc.client.GrpcClientProtocolService$RequestStreamObserver.processClientRequest(GrpcClientProtocolService.java:231) ~[ratis-grpc-1.1.0-913f5a4-SNAPSHOT.jar:1.1.0-913f5a4-SNAPSHOT]
	at org.apache.ratis.grpc.client.GrpcClientProtocolService$OrderedRequestStreamObserver.processClientRequest(GrpcClientProtocolService.java:337) ~[ratis-grpc-1.1.0-913f5a4-SNAPSHOT.jar:1.1.0-913f5a4-SNAPSHOT]
	at org.apache.ratis.util.SlidingWindow$Server.processRequestsFromHead(SlidingWindow.java:429) [ratis-common-1.1.0-913f5a4-SNAPSHOT.jar:1.1.0-913f5a4-SNAPSHOT]
	at org.apache.ratis.util.SlidingWindow$Server.receivedRequest(SlidingWindow.java:421) [ratis-common-1.1.0-913f5a4-SNAPSHOT.jar:1.1.0-913f5a4-SNAPSHOT]
	at org.apache.ratis.grpc.client.GrpcClientProtocolService$OrderedRequestStreamObserver.processClientRequest(GrpcClientProtocolService.java:361) [ratis-grpc-1.1.0-913f5a4-SNAPSHOT.jar:1.1.0-913f5a4-SNAPSHOT]
	at org.apache.ratis.grpc.client.GrpcClientProtocolService$RequestStreamObserver.onNext(GrpcClientProtocolService.java:251) [ratis-grpc-1.1.0-913f5a4-SNAPSHOT.jar:1.1.0-913f5a4-SNAPSHOT]
	at org.apache.ratis.grpc.client.GrpcClientProtocolService$RequestStreamObserver.onNext(GrpcClientProtocolService.java:174) [ratis-grpc-1.1.0-913f5a4-SNAPSHOT.jar:1.1.0-913f5a4-SNAPSHOT]
	at org.apache.ratis.thirdparty.io.grpc.stub.ServerCalls$StreamingServerCallHandler$StreamingServerCallListener.onMessage(ServerCalls.java:251) [ratis-thirdparty-misc-0.6.0-SNAPSHOT.jar:0.6.0-SNAPSHOT]
	at org.apache.ratis.thirdparty.io.grpc.ForwardingServerCallListener.onMessage(ForwardingServerCallListener.java:33) [ratis-thirdparty-misc-0.6.0-SNAPSHOT.jar:0.6.0-SNAPSHOT]
	at org.apache.ratis.thirdparty.io.grpc.internal.ServerCallImpl$ServerStreamListenerImpl.messagesAvailableInternal(ServerCallImpl.java:309) [ratis-thirdparty-misc-0.6.0-SNAPSHOT.jar:0.6.0-SNAPSHOT]
	at org.apache.ratis.thirdparty.io.grpc.internal.ServerCallImpl$ServerStreamListenerImpl.messagesAvailable(ServerCallImpl.java:292) [ratis-thirdparty-misc-0.6.0-SNAPSHOT.jar:0.6.0-SNAPSHOT]
	at org.apache.ratis.thirdparty.io.grpc.internal.ServerImpl$JumpToApplicationThreadServerStreamListener$1MessagesAvailable.runInContext(ServerImpl.java:783) [ratis-thirdparty-misc-0.6.0-SNAPSHOT.jar:0.6.0-SNAPSHOT]
	at org.apache.ratis.thirdparty.io.grpc.internal.ContextRunnable.run(ContextRunnable.java:37) [ratis-thirdparty-misc-0.6.0-SNAPSHOT.jar:0.6.0-SNAPSHOT]
	at org.apache.ratis.thirdparty.io.grpc.internal.SerializingExecutor.run(SerializingExecutor.java:123) [ratis-thirdparty-misc-0.6.0-SNAPSHOT.jar:0.6.0-SNAPSHOT]
	at java.util.concurrent.ThreadPoolExecutor.runWorker(ThreadPoolExecutor.java:1149) [?:1.8.0_232]
	at java.util.concurrent.ThreadPoolExecutor$Worker.run(ThreadPoolExecutor.java:624) [?:1.8.0_232]
	at java.lang.Thread.run(Thread.java:748) [?:1.8.0_232]
2020-11-25 02:34:01,726 [grpc-default-executor-2] ERROR storage.BlockOutputStream (BlockOutputStream.java:lambda$writeChunkToContainer$3(677)) - writing chunk failed 105268617700048900_chunk_2 blockID conID: 2 locID: 105268617700048900 bcsId: 0 with exception org.apache.ratis.protocol.exceptions.StateMachineException: org.apache.hadoop.hdds.scm.container.common.helpers.ContainerNotOpenException from Server 57b917c9-e56d-4891-b77d-d7ae8505e2a5@group-B5F515BB86F2: Container 2 in CLOSED state
02:34:01.730 [grpc-default-executor-0] ERROR DNAudit - user=null | ip=null | op=PUT_BLOCK {blockData=[blockId=conID: 2 locID: 105268617700048900 bcsId: 0,size=400]} | ret=FAILURE
org.apache.hadoop.hdds.scm.container.common.helpers.ContainerNotOpenException: Container 2 in CLOSED state
	at org.apache.hadoop.ozone.container.common.impl.HddsDispatcher.validateContainerCommand(HddsDispatcher.java:484) ~[hadoop-hdds-container-service-1.1.0-SNAPSHOT.jar:?]
	at org.apache.hadoop.ozone.container.common.transport.server.ratis.ContainerStateMachine.startTransaction(ContainerStateMachine.java:319) ~[hadoop-hdds-container-service-1.1.0-SNAPSHOT.jar:?]
	at org.apache.ratis.server.impl.RaftServerImpl.submitClientRequestAsync(RaftServerImpl.java:723) ~[ratis-server-1.1.0-913f5a4-SNAPSHOT.jar:1.1.0-913f5a4-SNAPSHOT]
	at org.apache.ratis.server.impl.RaftServerProxy.lambda$submitClientRequestAsync$7(RaftServerProxy.java:364) ~[ratis-server-1.1.0-913f5a4-SNAPSHOT.jar:1.1.0-913f5a4-SNAPSHOT]
	at org.apache.ratis.server.impl.RaftServerProxy.lambda$null$5(RaftServerProxy.java:359) ~[ratis-server-1.1.0-913f5a4-SNAPSHOT.jar:1.1.0-913f5a4-SNAPSHOT]
	at org.apache.ratis.util.JavaUtils.callAsUnchecked(JavaUtils.java:116) ~[ratis-common-1.1.0-913f5a4-SNAPSHOT.jar:1.1.0-913f5a4-SNAPSHOT]
	at org.apache.ratis.server.impl.RaftServerProxy.lambda$submitRequest$6(RaftServerProxy.java:359) ~[ratis-server-1.1.0-913f5a4-SNAPSHOT.jar:1.1.0-913f5a4-SNAPSHOT]
	at java.util.concurrent.CompletableFuture.uniComposeStage(CompletableFuture.java:995) ~[?:1.8.0_232]
	at java.util.concurrent.CompletableFuture.thenCompose(CompletableFuture.java:2137) ~[?:1.8.0_232]
	at org.apache.ratis.server.impl.RaftServerProxy.submitRequest(RaftServerProxy.java:358) ~[ratis-server-1.1.0-913f5a4-SNAPSHOT.jar:1.1.0-913f5a4-SNAPSHOT]
	at org.apache.ratis.server.impl.RaftServerProxy.submitClientRequestAsync(RaftServerProxy.java:364) ~[ratis-server-1.1.0-913f5a4-SNAPSHOT.jar:1.1.0-913f5a4-SNAPSHOT]
	at org.apache.ratis.grpc.client.GrpcClientProtocolService$RequestStreamObserver.processClientRequest(GrpcClientProtocolService.java:231) ~[ratis-grpc-1.1.0-913f5a4-SNAPSHOT.jar:1.1.0-913f5a4-SNAPSHOT]
	at org.apache.ratis.grpc.client.GrpcClientProtocolService$OrderedRequestStreamObserver.processClientRequest(GrpcClientProtocolService.java:337) ~[ratis-grpc-1.1.0-913f5a4-SNAPSHOT.jar:1.1.0-913f5a4-SNAPSHOT]
	at org.apache.ratis.util.SlidingWindow$Server.processRequestsFromHead(SlidingWindow.java:429) [ratis-common-1.1.0-913f5a4-SNAPSHOT.jar:1.1.0-913f5a4-SNAPSHOT]
	at org.apache.ratis.util.SlidingWindow$Server.receivedRequest(SlidingWindow.java:421) [ratis-common-1.1.0-913f5a4-SNAPSHOT.jar:1.1.0-913f5a4-SNAPSHOT]
	at org.apache.ratis.grpc.client.GrpcClientProtocolService$OrderedRequestStreamObserver.processClientRequest(GrpcClientProtocolService.java:361) [ratis-grpc-1.1.0-913f5a4-SNAPSHOT.jar:1.1.0-913f5a4-SNAPSHOT]
	at org.apache.ratis.grpc.client.GrpcClientProtocolService$RequestStreamObserver.onNext(GrpcClientProtocolService.java:251) [ratis-grpc-1.1.0-913f5a4-SNAPSHOT.jar:1.1.0-913f5a4-SNAPSHOT]
	at org.apache.ratis.grpc.client.GrpcClientProtocolService$RequestStreamObserver.onNext(GrpcClientProtocolService.java:174) [ratis-grpc-1.1.0-913f5a4-SNAPSHOT.jar:1.1.0-913f5a4-SNAPSHOT]
	at org.apache.ratis.thirdparty.io.grpc.stub.ServerCalls$StreamingServerCallHandler$StreamingServerCallListener.onMessage(ServerCalls.java:251) [ratis-thirdparty-misc-0.6.0-SNAPSHOT.jar:0.6.0-SNAPSHOT]
	at org.apache.ratis.thirdparty.io.grpc.ForwardingServerCallListener.onMessage(ForwardingServerCallListener.java:33) [ratis-thirdparty-misc-0.6.0-SNAPSHOT.jar:0.6.0-SNAPSHOT]
	at org.apache.ratis.thirdparty.io.grpc.internal.ServerCallImpl$ServerStreamListenerImpl.messagesAvailableInternal(ServerCallImpl.java:309) [ratis-thirdparty-misc-0.6.0-SNAPSHOT.jar:0.6.0-SNAPSHOT]
	at org.apache.ratis.thirdparty.io.grpc.internal.ServerCallImpl$ServerStreamListenerImpl.messagesAvailable(ServerCallImpl.java:292) [ratis-thirdparty-misc-0.6.0-SNAPSHOT.jar:0.6.0-SNAPSHOT]
	at org.apache.ratis.thirdparty.io.grpc.internal.ServerImpl$JumpToApplicationThreadServerStreamListener$1MessagesAvailable.runInContext(ServerImpl.java:783) [ratis-thirdparty-misc-0.6.0-SNAPSHOT.jar:0.6.0-SNAPSHOT]
	at org.apache.ratis.thirdparty.io.grpc.internal.ContextRunnable.run(ContextRunnable.java:37) [ratis-thirdparty-misc-0.6.0-SNAPSHOT.jar:0.6.0-SNAPSHOT]
	at org.apache.ratis.thirdparty.io.grpc.internal.SerializingExecutor.run(SerializingExecutor.java:123) [ratis-thirdparty-misc-0.6.0-SNAPSHOT.jar:0.6.0-SNAPSHOT]
	at java.util.concurrent.ThreadPoolExecutor.runWorker(ThreadPoolExecutor.java:1149) [?:1.8.0_232]
	at java.util.concurrent.ThreadPoolExecutor$Worker.run(ThreadPoolExecutor.java:624) [?:1.8.0_232]
	at java.lang.Thread.run(Thread.java:748) [?:1.8.0_232]
2020-11-25 02:34:01,737 [grpc-default-executor-0] ERROR storage.BlockOutputStream (BlockOutputStream.java:lambda$writeChunkToContainer$3(677)) - writing chunk failed 105268617700048900_chunk_3 blockID conID: 2 locID: 105268617700048900 bcsId: 0 with exception org.apache.ratis.protocol.exceptions.StateMachineException: org.apache.hadoop.hdds.scm.container.common.helpers.ContainerNotOpenException from Server 57b917c9-e56d-4891-b77d-d7ae8505e2a5@group-B5F515BB86F2: Container 2 in CLOSED state
2020-11-25 02:34:01,741 [grpc-default-executor-0] ERROR storage.BlockOutputStream (BlockOutputStream.java:lambda$writeChunkToContainer$3(677)) - writing chunk failed 105268617700048900_chunk_4 blockID conID: 2 locID: 105268617700048900 bcsId: 0 with exception org.apache.ratis.protocol.exceptions.StateMachineException: org.apache.hadoop.hdds.scm.container.common.helpers.ContainerNotOpenException from Server 57b917c9-e56d-4891-b77d-d7ae8505e2a5@group-B5F515BB86F2: Container 2 in CLOSED state
2020-11-25 02:34:01,746 [Listener at 127.0.0.1/34527] INFO  metrics.RatisMetrics (RatisMetrics.java:lambda$create$0(36)) - Creating Metrics Registry : ratis.client_message_metrics.client-B16E463C7FDC->74fe976e-ba5c-47a6-8181-a40142644b6d
02:34:01.764 [grpc-default-executor-0] ERROR DNAudit - user=null | ip=null | op=WRITE_CHUNK {blockData=conID: 3 locID: 105268617700048901 bcsId: 0} | ret=FAILURE
org.apache.hadoop.hdds.scm.container.common.helpers.ContainerNotOpenException: Container 3 in CLOSED state
	at org.apache.hadoop.ozone.container.common.impl.HddsDispatcher.validateContainerCommand(HddsDispatcher.java:484) ~[hadoop-hdds-container-service-1.1.0-SNAPSHOT.jar:?]
	at org.apache.hadoop.ozone.container.common.transport.server.ratis.ContainerStateMachine.startTransaction(ContainerStateMachine.java:319) ~[hadoop-hdds-container-service-1.1.0-SNAPSHOT.jar:?]
	at org.apache.ratis.server.impl.RaftServerImpl.submitClientRequestAsync(RaftServerImpl.java:723) ~[ratis-server-1.1.0-913f5a4-SNAPSHOT.jar:1.1.0-913f5a4-SNAPSHOT]
	at org.apache.ratis.server.impl.RaftServerProxy.lambda$submitClientRequestAsync$7(RaftServerProxy.java:364) ~[ratis-server-1.1.0-913f5a4-SNAPSHOT.jar:1.1.0-913f5a4-SNAPSHOT]
	at org.apache.ratis.server.impl.RaftServerProxy.lambda$null$5(RaftServerProxy.java:359) ~[ratis-server-1.1.0-913f5a4-SNAPSHOT.jar:1.1.0-913f5a4-SNAPSHOT]
	at org.apache.ratis.util.JavaUtils.callAsUnchecked(JavaUtils.java:116) ~[ratis-common-1.1.0-913f5a4-SNAPSHOT.jar:1.1.0-913f5a4-SNAPSHOT]
	at org.apache.ratis.server.impl.RaftServerProxy.lambda$submitRequest$6(RaftServerProxy.java:359) ~[ratis-server-1.1.0-913f5a4-SNAPSHOT.jar:1.1.0-913f5a4-SNAPSHOT]
	at java.util.concurrent.CompletableFuture.uniComposeStage(CompletableFuture.java:995) ~[?:1.8.0_232]
	at java.util.concurrent.CompletableFuture.thenCompose(CompletableFuture.java:2137) ~[?:1.8.0_232]
	at org.apache.ratis.server.impl.RaftServerProxy.submitRequest(RaftServerProxy.java:358) ~[ratis-server-1.1.0-913f5a4-SNAPSHOT.jar:1.1.0-913f5a4-SNAPSHOT]
	at org.apache.ratis.server.impl.RaftServerProxy.submitClientRequestAsync(RaftServerProxy.java:364) ~[ratis-server-1.1.0-913f5a4-SNAPSHOT.jar:1.1.0-913f5a4-SNAPSHOT]
	at org.apache.ratis.grpc.client.GrpcClientProtocolService$RequestStreamObserver.processClientRequest(GrpcClientProtocolService.java:231) ~[ratis-grpc-1.1.0-913f5a4-SNAPSHOT.jar:1.1.0-913f5a4-SNAPSHOT]
	at org.apache.ratis.grpc.client.GrpcClientProtocolService$OrderedRequestStreamObserver.processClientRequest(GrpcClientProtocolService.java:337) ~[ratis-grpc-1.1.0-913f5a4-SNAPSHOT.jar:1.1.0-913f5a4-SNAPSHOT]
	at org.apache.ratis.util.SlidingWindow$Server.processRequestsFromHead(SlidingWindow.java:429) [ratis-common-1.1.0-913f5a4-SNAPSHOT.jar:1.1.0-913f5a4-SNAPSHOT]
	at org.apache.ratis.util.SlidingWindow$Server.receivedRequest(SlidingWindow.java:421) [ratis-common-1.1.0-913f5a4-SNAPSHOT.jar:1.1.0-913f5a4-SNAPSHOT]
	at org.apache.ratis.grpc.client.GrpcClientProtocolService$OrderedRequestStreamObserver.processClientRequest(GrpcClientProtocolService.java:361) [ratis-grpc-1.1.0-913f5a4-SNAPSHOT.jar:1.1.0-913f5a4-SNAPSHOT]
	at org.apache.ratis.grpc.client.GrpcClientProtocolService$RequestStreamObserver.onNext(GrpcClientProtocolService.java:251) [ratis-grpc-1.1.0-913f5a4-SNAPSHOT.jar:1.1.0-913f5a4-SNAPSHOT]
	at org.apache.ratis.grpc.client.GrpcClientProtocolService$RequestStreamObserver.onNext(GrpcClientProtocolService.java:174) [ratis-grpc-1.1.0-913f5a4-SNAPSHOT.jar:1.1.0-913f5a4-SNAPSHOT]
	at org.apache.ratis.thirdparty.io.grpc.stub.ServerCalls$StreamingServerCallHandler$StreamingServerCallListener.onMessage(ServerCalls.java:251) [ratis-thirdparty-misc-0.6.0-SNAPSHOT.jar:0.6.0-SNAPSHOT]
	at org.apache.ratis.thirdparty.io.grpc.ForwardingServerCallListener.onMessage(ForwardingServerCallListener.java:33) [ratis-thirdparty-misc-0.6.0-SNAPSHOT.jar:0.6.0-SNAPSHOT]
	at org.apache.ratis.thirdparty.io.grpc.internal.ServerCallImpl$ServerStreamListenerImpl.messagesAvailableInternal(ServerCallImpl.java:309) [ratis-thirdparty-misc-0.6.0-SNAPSHOT.jar:0.6.0-SNAPSHOT]
	at org.apache.ratis.thirdparty.io.grpc.internal.ServerCallImpl$ServerStreamListenerImpl.messagesAvailable(ServerCallImpl.java:292) [ratis-thirdparty-misc-0.6.0-SNAPSHOT.jar:0.6.0-SNAPSHOT]
	at org.apache.ratis.thirdparty.io.grpc.internal.ServerImpl$JumpToApplicationThreadServerStreamListener$1MessagesAvailable.runInContext(ServerImpl.java:783) [ratis-thirdparty-misc-0.6.0-SNAPSHOT.jar:0.6.0-SNAPSHOT]
	at org.apache.ratis.thirdparty.io.grpc.internal.ContextRunnable.run(ContextRunnable.java:37) [ratis-thirdparty-misc-0.6.0-SNAPSHOT.jar:0.6.0-SNAPSHOT]
	at org.apache.ratis.thirdparty.io.grpc.internal.SerializingExecutor.run(SerializingExecutor.java:123) [ratis-thirdparty-misc-0.6.0-SNAPSHOT.jar:0.6.0-SNAPSHOT]
	at java.util.concurrent.ThreadPoolExecutor.runWorker(ThreadPoolExecutor.java:1149) [?:1.8.0_232]
	at java.util.concurrent.ThreadPoolExecutor$Worker.run(ThreadPoolExecutor.java:624) [?:1.8.0_232]
	at java.lang.Thread.run(Thread.java:748) [?:1.8.0_232]
02:34:01.765 [grpc-default-executor-0] ERROR DNAudit - user=null | ip=null | op=WRITE_CHUNK {blockData=conID: 3 locID: 105268617700048901 bcsId: 0} | ret=FAILURE
org.apache.hadoop.hdds.scm.container.common.helpers.ContainerNotOpenException: Container 3 in CLOSED state
	at org.apache.hadoop.ozone.container.common.impl.HddsDispatcher.validateContainerCommand(HddsDispatcher.java:484) ~[hadoop-hdds-container-service-1.1.0-SNAPSHOT.jar:?]
	at org.apache.hadoop.ozone.container.common.transport.server.ratis.ContainerStateMachine.startTransaction(ContainerStateMachine.java:319) ~[hadoop-hdds-container-service-1.1.0-SNAPSHOT.jar:?]
	at org.apache.ratis.server.impl.RaftServerImpl.submitClientRequestAsync(RaftServerImpl.java:723) ~[ratis-server-1.1.0-913f5a4-SNAPSHOT.jar:1.1.0-913f5a4-SNAPSHOT]
	at org.apache.ratis.server.impl.RaftServerProxy.lambda$submitClientRequestAsync$7(RaftServerProxy.java:364) ~[ratis-server-1.1.0-913f5a4-SNAPSHOT.jar:1.1.0-913f5a4-SNAPSHOT]
	at org.apache.ratis.server.impl.RaftServerProxy.lambda$null$5(RaftServerProxy.java:359) ~[ratis-server-1.1.0-913f5a4-SNAPSHOT.jar:1.1.0-913f5a4-SNAPSHOT]
	at org.apache.ratis.util.JavaUtils.callAsUnchecked(JavaUtils.java:116) ~[ratis-common-1.1.0-913f5a4-SNAPSHOT.jar:1.1.0-913f5a4-SNAPSHOT]
	at org.apache.ratis.server.impl.RaftServerProxy.lambda$submitRequest$6(RaftServerProxy.java:359) ~[ratis-server-1.1.0-913f5a4-SNAPSHOT.jar:1.1.0-913f5a4-SNAPSHOT]
	at java.util.concurrent.CompletableFuture.uniComposeStage(CompletableFuture.java:995) ~[?:1.8.0_232]
	at java.util.concurrent.CompletableFuture.thenCompose(CompletableFuture.java:2137) ~[?:1.8.0_232]
	at org.apache.ratis.server.impl.RaftServerProxy.submitRequest(RaftServerProxy.java:358) ~[ratis-server-1.1.0-913f5a4-SNAPSHOT.jar:1.1.0-913f5a4-SNAPSHOT]
	at org.apache.ratis.server.impl.RaftServerProxy.submitClientRequestAsync(RaftServerProxy.java:364) ~[ratis-server-1.1.0-913f5a4-SNAPSHOT.jar:1.1.0-913f5a4-SNAPSHOT]
	at org.apache.ratis.grpc.client.GrpcClientProtocolService$RequestStreamObserver.processClientRequest(GrpcClientProtocolService.java:231) ~[ratis-grpc-1.1.0-913f5a4-SNAPSHOT.jar:1.1.0-913f5a4-SNAPSHOT]
	at org.apache.ratis.grpc.client.GrpcClientProtocolService$OrderedRequestStreamObserver.processClientRequest(GrpcClientProtocolService.java:337) ~[ratis-grpc-1.1.0-913f5a4-SNAPSHOT.jar:1.1.0-913f5a4-SNAPSHOT]
	at org.apache.ratis.util.SlidingWindow$Server.processRequestsFromHead(SlidingWindow.java:429) [ratis-common-1.1.0-913f5a4-SNAPSHOT.jar:1.1.0-913f5a4-SNAPSHOT]
	at org.apache.ratis.util.SlidingWindow$Server.receivedRequest(SlidingWindow.java:421) [ratis-common-1.1.0-913f5a4-SNAPSHOT.jar:1.1.0-913f5a4-SNAPSHOT]
	at org.apache.ratis.grpc.client.GrpcClientProtocolService$OrderedRequestStreamObserver.processClientRequest(GrpcClientProtocolService.java:361) [ratis-grpc-1.1.0-913f5a4-SNAPSHOT.jar:1.1.0-913f5a4-SNAPSHOT]
	at org.apache.ratis.grpc.client.GrpcClientProtocolService$RequestStreamObserver.onNext(GrpcClientProtocolService.java:251) [ratis-grpc-1.1.0-913f5a4-SNAPSHOT.jar:1.1.0-913f5a4-SNAPSHOT]
	at org.apache.ratis.grpc.client.GrpcClientProtocolService$RequestStreamObserver.onNext(GrpcClientProtocolService.java:174) [ratis-grpc-1.1.0-913f5a4-SNAPSHOT.jar:1.1.0-913f5a4-SNAPSHOT]
	at org.apache.ratis.thirdparty.io.grpc.stub.ServerCalls$StreamingServerCallHandler$StreamingServerCallListener.onMessage(ServerCalls.java:251) [ratis-thirdparty-misc-0.6.0-SNAPSHOT.jar:0.6.0-SNAPSHOT]
	at org.apache.ratis.thirdparty.io.grpc.ForwardingServerCallListener.onMessage(ForwardingServerCallListener.java:33) [ratis-thirdparty-misc-0.6.0-SNAPSHOT.jar:0.6.0-SNAPSHOT]
	at org.apache.ratis.thirdparty.io.grpc.internal.ServerCallImpl$ServerStreamListenerImpl.messagesAvailableInternal(ServerCallImpl.java:309) [ratis-thirdparty-misc-0.6.0-SNAPSHOT.jar:0.6.0-SNAPSHOT]
	at org.apache.ratis.thirdparty.io.grpc.internal.ServerCallImpl$ServerStreamListenerImpl.messagesAvailable(ServerCallImpl.java:292) [ratis-thirdparty-misc-0.6.0-SNAPSHOT.jar:0.6.0-SNAPSHOT]
	at org.apache.ratis.thirdparty.io.grpc.internal.ServerImpl$JumpToApplicationThreadServerStreamListener$1MessagesAvailable.runInContext(ServerImpl.java:783) [ratis-thirdparty-misc-0.6.0-SNAPSHOT.jar:0.6.0-SNAPSHOT]
	at org.apache.ratis.thirdparty.io.grpc.internal.ContextRunnable.run(ContextRunnable.java:37) [ratis-thirdparty-misc-0.6.0-SNAPSHOT.jar:0.6.0-SNAPSHOT]
	at org.apache.ratis.thirdparty.io.grpc.internal.SerializingExecutor.run(SerializingExecutor.java:123) [ratis-thirdparty-misc-0.6.0-SNAPSHOT.jar:0.6.0-SNAPSHOT]
	at java.util.concurrent.ThreadPoolExecutor.runWorker(ThreadPoolExecutor.java:1149) [?:1.8.0_232]
	at java.util.concurrent.ThreadPoolExecutor$Worker.run(ThreadPoolExecutor.java:624) [?:1.8.0_232]
	at java.lang.Thread.run(Thread.java:748) [?:1.8.0_232]
2020-11-25 02:34:01,777 [grpc-default-executor-2] ERROR storage.BlockOutputStream (BlockOutputStream.java:lambda$writeChunkToContainer$3(677)) - writing chunk failed 105268617700048901_chunk_1 blockID conID: 3 locID: 105268617700048901 bcsId: 0 with exception org.apache.ratis.protocol.exceptions.StateMachineException: org.apache.hadoop.hdds.scm.container.common.helpers.ContainerNotOpenException from Server 74fe976e-ba5c-47a6-8181-a40142644b6d@group-2B5461A4D1A9: Container 3 in CLOSED state
2020-11-25 02:34:01,780 [grpc-default-executor-2] ERROR storage.BlockOutputStream (BlockOutputStream.java:lambda$writeChunkToContainer$3(677)) - writing chunk failed 105268617700048901_chunk_2 blockID conID: 3 locID: 105268617700048901 bcsId: 0 with exception org.apache.ratis.protocol.exceptions.StateMachineException: org.apache.hadoop.hdds.scm.container.common.helpers.ContainerNotOpenException from Server 74fe976e-ba5c-47a6-8181-a40142644b6d@group-2B5461A4D1A9: Container 3 in CLOSED state
02:34:01.780 [grpc-default-executor-0] ERROR DNAudit - user=null | ip=null | op=PUT_BLOCK {blockData=[blockId=conID: 3 locID: 105268617700048901 bcsId: 0,size=200]} | ret=FAILURE
org.apache.hadoop.hdds.scm.container.common.helpers.ContainerNotOpenException: Container 3 in CLOSED state
	at org.apache.hadoop.ozone.container.common.impl.HddsDispatcher.validateContainerCommand(HddsDispatcher.java:484) ~[hadoop-hdds-container-service-1.1.0-SNAPSHOT.jar:?]
	at org.apache.hadoop.ozone.container.common.transport.server.ratis.ContainerStateMachine.startTransaction(ContainerStateMachine.java:319) ~[hadoop-hdds-container-service-1.1.0-SNAPSHOT.jar:?]
	at org.apache.ratis.server.impl.RaftServerImpl.submitClientRequestAsync(RaftServerImpl.java:723) ~[ratis-server-1.1.0-913f5a4-SNAPSHOT.jar:1.1.0-913f5a4-SNAPSHOT]
	at org.apache.ratis.server.impl.RaftServerProxy.lambda$submitClientRequestAsync$7(RaftServerProxy.java:364) ~[ratis-server-1.1.0-913f5a4-SNAPSHOT.jar:1.1.0-913f5a4-SNAPSHOT]
	at org.apache.ratis.server.impl.RaftServerProxy.lambda$null$5(RaftServerProxy.java:359) ~[ratis-server-1.1.0-913f5a4-SNAPSHOT.jar:1.1.0-913f5a4-SNAPSHOT]
	at org.apache.ratis.util.JavaUtils.callAsUnchecked(JavaUtils.java:116) ~[ratis-common-1.1.0-913f5a4-SNAPSHOT.jar:1.1.0-913f5a4-SNAPSHOT]
	at org.apache.ratis.server.impl.RaftServerProxy.lambda$submitRequest$6(RaftServerProxy.java:359) ~[ratis-server-1.1.0-913f5a4-SNAPSHOT.jar:1.1.0-913f5a4-SNAPSHOT]
	at java.util.concurrent.CompletableFuture.uniComposeStage(CompletableFuture.java:995) ~[?:1.8.0_232]
	at java.util.concurrent.CompletableFuture.thenCompose(CompletableFuture.java:2137) ~[?:1.8.0_232]
	at org.apache.ratis.server.impl.RaftServerProxy.submitRequest(RaftServerProxy.java:358) ~[ratis-server-1.1.0-913f5a4-SNAPSHOT.jar:1.1.0-913f5a4-SNAPSHOT]
	at org.apache.ratis.server.impl.RaftServerProxy.submitClientRequestAsync(RaftServerProxy.java:364) ~[ratis-server-1.1.0-913f5a4-SNAPSHOT.jar:1.1.0-913f5a4-SNAPSHOT]
	at org.apache.ratis.grpc.client.GrpcClientProtocolService$RequestStreamObserver.processClientRequest(GrpcClientProtocolService.java:231) ~[ratis-grpc-1.1.0-913f5a4-SNAPSHOT.jar:1.1.0-913f5a4-SNAPSHOT]
	at org.apache.ratis.grpc.client.GrpcClientProtocolService$OrderedRequestStreamObserver.processClientRequest(GrpcClientProtocolService.java:337) ~[ratis-grpc-1.1.0-913f5a4-SNAPSHOT.jar:1.1.0-913f5a4-SNAPSHOT]
	at org.apache.ratis.util.SlidingWindow$Server.processRequestsFromHead(SlidingWindow.java:429) [ratis-common-1.1.0-913f5a4-SNAPSHOT.jar:1.1.0-913f5a4-SNAPSHOT]
	at org.apache.ratis.util.SlidingWindow$Server.receivedRequest(SlidingWindow.java:421) [ratis-common-1.1.0-913f5a4-SNAPSHOT.jar:1.1.0-913f5a4-SNAPSHOT]
	at org.apache.ratis.grpc.client.GrpcClientProtocolService$OrderedRequestStreamObserver.processClientRequest(GrpcClientProtocolService.java:361) [ratis-grpc-1.1.0-913f5a4-SNAPSHOT.jar:1.1.0-913f5a4-SNAPSHOT]
	at org.apache.ratis.grpc.client.GrpcClientProtocolService$RequestStreamObserver.onNext(GrpcClientProtocolService.java:251) [ratis-grpc-1.1.0-913f5a4-SNAPSHOT.jar:1.1.0-913f5a4-SNAPSHOT]
	at org.apache.ratis.grpc.client.GrpcClientProtocolService$RequestStreamObserver.onNext(GrpcClientProtocolService.java:174) [ratis-grpc-1.1.0-913f5a4-SNAPSHOT.jar:1.1.0-913f5a4-SNAPSHOT]
	at org.apache.ratis.thirdparty.io.grpc.stub.ServerCalls$StreamingServerCallHandler$StreamingServerCallListener.onMessage(ServerCalls.java:251) [ratis-thirdparty-misc-0.6.0-SNAPSHOT.jar:0.6.0-SNAPSHOT]
	at org.apache.ratis.thirdparty.io.grpc.ForwardingServerCallListener.onMessage(ForwardingServerCallListener.java:33) [ratis-thirdparty-misc-0.6.0-SNAPSHOT.jar:0.6.0-SNAPSHOT]
	at org.apache.ratis.thirdparty.io.grpc.internal.ServerCallImpl$ServerStreamListenerImpl.messagesAvailableInternal(ServerCallImpl.java:309) [ratis-thirdparty-misc-0.6.0-SNAPSHOT.jar:0.6.0-SNAPSHOT]
	at org.apache.ratis.thirdparty.io.grpc.internal.ServerCallImpl$ServerStreamListenerImpl.messagesAvailable(ServerCallImpl.java:292) [ratis-thirdparty-misc-0.6.0-SNAPSHOT.jar:0.6.0-SNAPSHOT]
	at org.apache.ratis.thirdparty.io.grpc.internal.ServerImpl$JumpToApplicationThreadServerStreamListener$1MessagesAvailable.runInContext(ServerImpl.java:783) [ratis-thirdparty-misc-0.6.0-SNAPSHOT.jar:0.6.0-SNAPSHOT]
	at org.apache.ratis.thirdparty.io.grpc.internal.ContextRunnable.run(ContextRunnable.java:37) [ratis-thirdparty-misc-0.6.0-SNAPSHOT.jar:0.6.0-SNAPSHOT]
	at org.apache.ratis.thirdparty.io.grpc.internal.SerializingExecutor.run(SerializingExecutor.java:123) [ratis-thirdparty-misc-0.6.0-SNAPSHOT.jar:0.6.0-SNAPSHOT]
	at java.util.concurrent.ThreadPoolExecutor.runWorker(ThreadPoolExecutor.java:1149) [?:1.8.0_232]
	at java.util.concurrent.ThreadPoolExecutor$Worker.run(ThreadPoolExecutor.java:624) [?:1.8.0_232]
	at java.lang.Thread.run(Thread.java:748) [?:1.8.0_232]
02:34:01.783 [grpc-default-executor-0] ERROR DNAudit - user=null | ip=null | op=WRITE_CHUNK {blockData=conID: 3 locID: 105268617700048901 bcsId: 0} | ret=FAILURE
org.apache.hadoop.hdds.scm.container.common.helpers.ContainerNotOpenException: Container 3 in CLOSED state
	at org.apache.hadoop.ozone.container.common.impl.HddsDispatcher.validateContainerCommand(HddsDispatcher.java:484) ~[hadoop-hdds-container-service-1.1.0-SNAPSHOT.jar:?]
	at org.apache.hadoop.ozone.container.common.transport.server.ratis.ContainerStateMachine.startTransaction(ContainerStateMachine.java:319) ~[hadoop-hdds-container-service-1.1.0-SNAPSHOT.jar:?]
	at org.apache.ratis.server.impl.RaftServerImpl.submitClientRequestAsync(RaftServerImpl.java:723) ~[ratis-server-1.1.0-913f5a4-SNAPSHOT.jar:1.1.0-913f5a4-SNAPSHOT]
	at org.apache.ratis.server.impl.RaftServerProxy.lambda$submitClientRequestAsync$7(RaftServerProxy.java:364) ~[ratis-server-1.1.0-913f5a4-SNAPSHOT.jar:1.1.0-913f5a4-SNAPSHOT]
	at org.apache.ratis.server.impl.RaftServerProxy.lambda$null$5(RaftServerProxy.java:359) ~[ratis-server-1.1.0-913f5a4-SNAPSHOT.jar:1.1.0-913f5a4-SNAPSHOT]
	at org.apache.ratis.util.JavaUtils.callAsUnchecked(JavaUtils.java:116) ~[ratis-common-1.1.0-913f5a4-SNAPSHOT.jar:1.1.0-913f5a4-SNAPSHOT]
	at org.apache.ratis.server.impl.RaftServerProxy.lambda$submitRequest$6(RaftServerProxy.java:359) ~[ratis-server-1.1.0-913f5a4-SNAPSHOT.jar:1.1.0-913f5a4-SNAPSHOT]
	at java.util.concurrent.CompletableFuture.uniComposeStage(CompletableFuture.java:995) ~[?:1.8.0_232]
	at java.util.concurrent.CompletableFuture.thenCompose(CompletableFuture.java:2137) ~[?:1.8.0_232]
	at org.apache.ratis.server.impl.RaftServerProxy.submitRequest(RaftServerProxy.java:358) ~[ratis-server-1.1.0-913f5a4-SNAPSHOT.jar:1.1.0-913f5a4-SNAPSHOT]
	at org.apache.ratis.server.impl.RaftServerProxy.submitClientRequestAsync(RaftServerProxy.java:364) ~[ratis-server-1.1.0-913f5a4-SNAPSHOT.jar:1.1.0-913f5a4-SNAPSHOT]
	at org.apache.ratis.grpc.client.GrpcClientProtocolService$RequestStreamObserver.processClientRequest(GrpcClientProtocolService.java:231) ~[ratis-grpc-1.1.0-913f5a4-SNAPSHOT.jar:1.1.0-913f5a4-SNAPSHOT]
	at org.apache.ratis.grpc.client.GrpcClientProtocolService$OrderedRequestStreamObserver.processClientRequest(GrpcClientProtocolService.java:337) ~[ratis-grpc-1.1.0-913f5a4-SNAPSHOT.jar:1.1.0-913f5a4-SNAPSHOT]
	at org.apache.ratis.util.SlidingWindow$Server.processRequestsFromHead(SlidingWindow.java:429) [ratis-common-1.1.0-913f5a4-SNAPSHOT.jar:1.1.0-913f5a4-SNAPSHOT]
	at org.apache.ratis.util.SlidingWindow$Server.receivedRequest(SlidingWindow.java:421) [ratis-common-1.1.0-913f5a4-SNAPSHOT.jar:1.1.0-913f5a4-SNAPSHOT]
	at org.apache.ratis.grpc.client.GrpcClientProtocolService$OrderedRequestStreamObserver.processClientRequest(GrpcClientProtocolService.java:361) [ratis-grpc-1.1.0-913f5a4-SNAPSHOT.jar:1.1.0-913f5a4-SNAPSHOT]
	at org.apache.ratis.grpc.client.GrpcClientProtocolService$RequestStreamObserver.onNext(GrpcClientProtocolService.java:251) [ratis-grpc-1.1.0-913f5a4-SNAPSHOT.jar:1.1.0-913f5a4-SNAPSHOT]
	at org.apache.ratis.grpc.client.GrpcClientProtocolService$RequestStreamObserver.onNext(GrpcClientProtocolService.java:174) [ratis-grpc-1.1.0-913f5a4-SNAPSHOT.jar:1.1.0-913f5a4-SNAPSHOT]
	at org.apache.ratis.thirdparty.io.grpc.stub.ServerCalls$StreamingServerCallHandler$StreamingServerCallListener.onMessage(ServerCalls.java:251) [ratis-thirdparty-misc-0.6.0-SNAPSHOT.jar:0.6.0-SNAPSHOT]
	at org.apache.ratis.thirdparty.io.grpc.ForwardingServerCallListener.onMessage(ForwardingServerCallListener.java:33) [ratis-thirdparty-misc-0.6.0-SNAPSHOT.jar:0.6.0-SNAPSHOT]
	at org.apache.ratis.thirdparty.io.grpc.internal.ServerCallImpl$ServerStreamListenerImpl.messagesAvailableInternal(ServerCallImpl.java:309) [ratis-thirdparty-misc-0.6.0-SNAPSHOT.jar:0.6.0-SNAPSHOT]
	at org.apache.ratis.thirdparty.io.grpc.internal.ServerCallImpl$ServerStreamListenerImpl.messagesAvailable(ServerCallImpl.java:292) [ratis-thirdparty-misc-0.6.0-SNAPSHOT.jar:0.6.0-SNAPSHOT]
	at org.apache.ratis.thirdparty.io.grpc.internal.ServerImpl$JumpToApplicationThreadServerStreamListener$1MessagesAvailable.runInContext(ServerImpl.java:783) [ratis-thirdparty-misc-0.6.0-SNAPSHOT.jar:0.6.0-SNAPSHOT]
	at org.apache.ratis.thirdparty.io.grpc.internal.ContextRunnable.run(ContextRunnable.java:37) [ratis-thirdparty-misc-0.6.0-SNAPSHOT.jar:0.6.0-SNAPSHOT]
	at org.apache.ratis.thirdparty.io.grpc.internal.SerializingExecutor.run(SerializingExecutor.java:123) [ratis-thirdparty-misc-0.6.0-SNAPSHOT.jar:0.6.0-SNAPSHOT]
	at java.util.concurrent.ThreadPoolExecutor.runWorker(ThreadPoolExecutor.java:1149) [?:1.8.0_232]
	at java.util.concurrent.ThreadPoolExecutor$Worker.run(ThreadPoolExecutor.java:624) [?:1.8.0_232]
	at java.lang.Thread.run(Thread.java:748) [?:1.8.0_232]
02:34:01.795 [grpc-default-executor-0] ERROR DNAudit - user=null | ip=null | op=WRITE_CHUNK {blockData=conID: 3 locID: 105268617700048901 bcsId: 0} | ret=FAILURE
org.apache.hadoop.hdds.scm.container.common.helpers.ContainerNotOpenException: Container 3 in CLOSED state
	at org.apache.hadoop.ozone.container.common.impl.HddsDispatcher.validateContainerCommand(HddsDispatcher.java:484) ~[hadoop-hdds-container-service-1.1.0-SNAPSHOT.jar:?]
	at org.apache.hadoop.ozone.container.common.transport.server.ratis.ContainerStateMachine.startTransaction(ContainerStateMachine.java:319) ~[hadoop-hdds-container-service-1.1.0-SNAPSHOT.jar:?]
	at org.apache.ratis.server.impl.RaftServerImpl.submitClientRequestAsync(RaftServerImpl.java:723) ~[ratis-server-1.1.0-913f5a4-SNAPSHOT.jar:1.1.0-913f5a4-SNAPSHOT]
	at org.apache.ratis.server.impl.RaftServerProxy.lambda$submitClientRequestAsync$7(RaftServerProxy.java:364) ~[ratis-server-1.1.0-913f5a4-SNAPSHOT.jar:1.1.0-913f5a4-SNAPSHOT]
	at org.apache.ratis.server.impl.RaftServerProxy.lambda$null$5(RaftServerProxy.java:359) ~[ratis-server-1.1.0-913f5a4-SNAPSHOT.jar:1.1.0-913f5a4-SNAPSHOT]
	at org.apache.ratis.util.JavaUtils.callAsUnchecked(JavaUtils.java:116) ~[ratis-common-1.1.0-913f5a4-SNAPSHOT.jar:1.1.0-913f5a4-SNAPSHOT]
	at org.apache.ratis.server.impl.RaftServerProxy.lambda$submitRequest$6(RaftServerProxy.java:359) ~[ratis-server-1.1.0-913f5a4-SNAPSHOT.jar:1.1.0-913f5a4-SNAPSHOT]
	at java.util.concurrent.CompletableFuture.uniComposeStage(CompletableFuture.java:995) ~[?:1.8.0_232]
	at java.util.concurrent.CompletableFuture.thenCompose(CompletableFuture.java:2137) ~[?:1.8.0_232]
	at org.apache.ratis.server.impl.RaftServerProxy.submitRequest(RaftServerProxy.java:358) ~[ratis-server-1.1.0-913f5a4-SNAPSHOT.jar:1.1.0-913f5a4-SNAPSHOT]
	at org.apache.ratis.server.impl.RaftServerProxy.submitClientRequestAsync(RaftServerProxy.java:364) ~[ratis-server-1.1.0-913f5a4-SNAPSHOT.jar:1.1.0-913f5a4-SNAPSHOT]
	at org.apache.ratis.grpc.client.GrpcClientProtocolService$RequestStreamObserver.processClientRequest(GrpcClientProtocolService.java:231) ~[ratis-grpc-1.1.0-913f5a4-SNAPSHOT.jar:1.1.0-913f5a4-SNAPSHOT]
	at org.apache.ratis.grpc.client.GrpcClientProtocolService$OrderedRequestStreamObserver.processClientRequest(GrpcClientProtocolService.java:337) ~[ratis-grpc-1.1.0-913f5a4-SNAPSHOT.jar:1.1.0-913f5a4-SNAPSHOT]
	at org.apache.ratis.util.SlidingWindow$Server.processRequestsFromHead(SlidingWindow.java:429) [ratis-common-1.1.0-913f5a4-SNAPSHOT.jar:1.1.0-913f5a4-SNAPSHOT]
	at org.apache.ratis.util.SlidingWindow$Server.receivedRequest(SlidingWindow.java:421) [ratis-common-1.1.0-913f5a4-SNAPSHOT.jar:1.1.0-913f5a4-SNAPSHOT]
	at org.apache.ratis.grpc.client.GrpcClientProtocolService$OrderedRequestStreamObserver.processClientRequest(GrpcClientProtocolService.java:361) [ratis-grpc-1.1.0-913f5a4-SNAPSHOT.jar:1.1.0-913f5a4-SNAPSHOT]
	at org.apache.ratis.grpc.client.GrpcClientProtocolService$RequestStreamObserver.onNext(GrpcClientProtocolService.java:251) [ratis-grpc-1.1.0-913f5a4-SNAPSHOT.jar:1.1.0-913f5a4-SNAPSHOT]
	at org.apache.ratis.grpc.client.GrpcClientProtocolService$RequestStreamObserver.onNext(GrpcClientProtocolService.java:174) [ratis-grpc-1.1.0-913f5a4-SNAPSHOT.jar:1.1.0-913f5a4-SNAPSHOT]
	at org.apache.ratis.thirdparty.io.grpc.stub.ServerCalls$StreamingServerCallHandler$StreamingServerCallListener.onMessage(ServerCalls.java:251) [ratis-thirdparty-misc-0.6.0-SNAPSHOT.jar:0.6.0-SNAPSHOT]
	at org.apache.ratis.thirdparty.io.grpc.ForwardingServerCallListener.onMessage(ForwardingServerCallListener.java:33) [ratis-thirdparty-misc-0.6.0-SNAPSHOT.jar:0.6.0-SNAPSHOT]
	at org.apache.ratis.thirdparty.io.grpc.internal.ServerCallImpl$ServerStreamListenerImpl.messagesAvailableInternal(ServerCallImpl.java:309) [ratis-thirdparty-misc-0.6.0-SNAPSHOT.jar:0.6.0-SNAPSHOT]
	at org.apache.ratis.thirdparty.io.grpc.internal.ServerCallImpl$ServerStreamListenerImpl.messagesAvailable(ServerCallImpl.java:292) [ratis-thirdparty-misc-0.6.0-SNAPSHOT.jar:0.6.0-SNAPSHOT]
	at org.apache.ratis.thirdparty.io.grpc.internal.ServerImpl$JumpToApplicationThreadServerStreamListener$1MessagesAvailable.runInContext(ServerImpl.java:783) [ratis-thirdparty-misc-0.6.0-SNAPSHOT.jar:0.6.0-SNAPSHOT]
	at org.apache.ratis.thirdparty.io.grpc.internal.ContextRunnable.run(ContextRunnable.java:37) [ratis-thirdparty-misc-0.6.0-SNAPSHOT.jar:0.6.0-SNAPSHOT]
	at org.apache.ratis.thirdparty.io.grpc.internal.SerializingExecutor.run(SerializingExecutor.java:123) [ratis-thirdparty-misc-0.6.0-SNAPSHOT.jar:0.6.0-SNAPSHOT]
	at java.util.concurrent.ThreadPoolExecutor.runWorker(ThreadPoolExecutor.java:1149) [?:1.8.0_232]
	at java.util.concurrent.ThreadPoolExecutor$Worker.run(ThreadPoolExecutor.java:624) [?:1.8.0_232]
	at java.lang.Thread.run(Thread.java:748) [?:1.8.0_232]
2020-11-25 02:34:01,795 [grpc-default-executor-2] ERROR storage.BlockOutputStream (BlockOutputStream.java:lambda$writeChunkToContainer$3(677)) - writing chunk failed 105268617700048901_chunk_3 blockID conID: 3 locID: 105268617700048901 bcsId: 0 with exception org.apache.ratis.protocol.exceptions.StateMachineException: org.apache.hadoop.hdds.scm.container.common.helpers.ContainerNotOpenException from Server 74fe976e-ba5c-47a6-8181-a40142644b6d@group-2B5461A4D1A9: Container 3 in CLOSED state
02:34:01.796 [grpc-default-executor-0] ERROR DNAudit - user=null | ip=null | op=PUT_BLOCK {blockData=[blockId=conID: 3 locID: 105268617700048901 bcsId: 0,size=400]} | ret=FAILURE
org.apache.hadoop.hdds.scm.container.common.helpers.ContainerNotOpenException: Container 3 in CLOSED state
	at org.apache.hadoop.ozone.container.common.impl.HddsDispatcher.validateContainerCommand(HddsDispatcher.java:484) ~[hadoop-hdds-container-service-1.1.0-SNAPSHOT.jar:?]
	at org.apache.hadoop.ozone.container.common.transport.server.ratis.ContainerStateMachine.startTransaction(ContainerStateMachine.java:319) ~[hadoop-hdds-container-service-1.1.0-SNAPSHOT.jar:?]
	at org.apache.ratis.server.impl.RaftServerImpl.submitClientRequestAsync(RaftServerImpl.java:723) ~[ratis-server-1.1.0-913f5a4-SNAPSHOT.jar:1.1.0-913f5a4-SNAPSHOT]
	at org.apache.ratis.server.impl.RaftServerProxy.lambda$submitClientRequestAsync$7(RaftServerProxy.java:364) ~[ratis-server-1.1.0-913f5a4-SNAPSHOT.jar:1.1.0-913f5a4-SNAPSHOT]
	at org.apache.ratis.server.impl.RaftServerProxy.lambda$null$5(RaftServerProxy.java:359) ~[ratis-server-1.1.0-913f5a4-SNAPSHOT.jar:1.1.0-913f5a4-SNAPSHOT]
	at org.apache.ratis.util.JavaUtils.callAsUnchecked(JavaUtils.java:116) ~[ratis-common-1.1.0-913f5a4-SNAPSHOT.jar:1.1.0-913f5a4-SNAPSHOT]
	at org.apache.ratis.server.impl.RaftServerProxy.lambda$submitRequest$6(RaftServerProxy.java:359) ~[ratis-server-1.1.0-913f5a4-SNAPSHOT.jar:1.1.0-913f5a4-SNAPSHOT]
	at java.util.concurrent.CompletableFuture.uniComposeStage(CompletableFuture.java:995) ~[?:1.8.0_232]
	at java.util.concurrent.CompletableFuture.thenCompose(CompletableFuture.java:2137) ~[?:1.8.0_232]
	at org.apache.ratis.server.impl.RaftServerProxy.submitRequest(RaftServerProxy.java:358) ~[ratis-server-1.1.0-913f5a4-SNAPSHOT.jar:1.1.0-913f5a4-SNAPSHOT]
	at org.apache.ratis.server.impl.RaftServerProxy.submitClientRequestAsync(RaftServerProxy.java:364) ~[ratis-server-1.1.0-913f5a4-SNAPSHOT.jar:1.1.0-913f5a4-SNAPSHOT]
	at org.apache.ratis.grpc.client.GrpcClientProtocolService$RequestStreamObserver.processClientRequest(GrpcClientProtocolService.java:231) ~[ratis-grpc-1.1.0-913f5a4-SNAPSHOT.jar:1.1.0-913f5a4-SNAPSHOT]
	at org.apache.ratis.grpc.client.GrpcClientProtocolService$OrderedRequestStreamObserver.processClientRequest(GrpcClientProtocolService.java:337) ~[ratis-grpc-1.1.0-913f5a4-SNAPSHOT.jar:1.1.0-913f5a4-SNAPSHOT]
	at org.apache.ratis.util.SlidingWindow$Server.processRequestsFromHead(SlidingWindow.java:429) [ratis-common-1.1.0-913f5a4-SNAPSHOT.jar:1.1.0-913f5a4-SNAPSHOT]
	at org.apache.ratis.util.SlidingWindow$Server.receivedRequest(SlidingWindow.java:421) [ratis-common-1.1.0-913f5a4-SNAPSHOT.jar:1.1.0-913f5a4-SNAPSHOT]
	at org.apache.ratis.grpc.client.GrpcClientProtocolService$OrderedRequestStreamObserver.processClientRequest(GrpcClientProtocolService.java:361) [ratis-grpc-1.1.0-913f5a4-SNAPSHOT.jar:1.1.0-913f5a4-SNAPSHOT]
	at org.apache.ratis.grpc.client.GrpcClientProtocolService$RequestStreamObserver.onNext(GrpcClientProtocolService.java:251) [ratis-grpc-1.1.0-913f5a4-SNAPSHOT.jar:1.1.0-913f5a4-SNAPSHOT]
	at org.apache.ratis.grpc.client.GrpcClientProtocolService$RequestStreamObserver.onNext(GrpcClientProtocolService.java:174) [ratis-grpc-1.1.0-913f5a4-SNAPSHOT.jar:1.1.0-913f5a4-SNAPSHOT]
	at org.apache.ratis.thirdparty.io.grpc.stub.ServerCalls$StreamingServerCallHandler$StreamingServerCallListener.onMessage(ServerCalls.java:251) [ratis-thirdparty-misc-0.6.0-SNAPSHOT.jar:0.6.0-SNAPSHOT]
	at org.apache.ratis.thirdparty.io.grpc.ForwardingServerCallListener.onMessage(ForwardingServerCallListener.java:33) [ratis-thirdparty-misc-0.6.0-SNAPSHOT.jar:0.6.0-SNAPSHOT]
	at org.apache.ratis.thirdparty.io.grpc.internal.ServerCallImpl$ServerStreamListenerImpl.messagesAvailableInternal(ServerCallImpl.java:309) [ratis-thirdparty-misc-0.6.0-SNAPSHOT.jar:0.6.0-SNAPSHOT]
	at org.apache.ratis.thirdparty.io.grpc.internal.ServerCallImpl$ServerStreamListenerImpl.messagesAvailable(ServerCallImpl.java:292) [ratis-thirdparty-misc-0.6.0-SNAPSHOT.jar:0.6.0-SNAPSHOT]
	at org.apache.ratis.thirdparty.io.grpc.internal.ServerImpl$JumpToApplicationThreadServerStreamListener$1MessagesAvailable.runInContext(ServerImpl.java:783) [ratis-thirdparty-misc-0.6.0-SNAPSHOT.jar:0.6.0-SNAPSHOT]
	at org.apache.ratis.thirdparty.io.grpc.internal.ContextRunnable.run(ContextRunnable.java:37) [ratis-thirdparty-misc-0.6.0-SNAPSHOT.jar:0.6.0-SNAPSHOT]
	at org.apache.ratis.thirdparty.io.grpc.internal.SerializingExecutor.run(SerializingExecutor.java:123) [ratis-thirdparty-misc-0.6.0-SNAPSHOT.jar:0.6.0-SNAPSHOT]
	at java.util.concurrent.ThreadPoolExecutor.runWorker(ThreadPoolExecutor.java:1149) [?:1.8.0_232]
	at java.util.concurrent.ThreadPoolExecutor$Worker.run(ThreadPoolExecutor.java:624) [?:1.8.0_232]
	at java.lang.Thread.run(Thread.java:748) [?:1.8.0_232]
2020-11-25 02:34:01,807 [grpc-default-executor-0] ERROR storage.BlockOutputStream (BlockOutputStream.java:lambda$writeChunkToContainer$3(677)) - writing chunk failed 105268617700048901_chunk_4 blockID conID: 3 locID: 105268617700048901 bcsId: 0 with exception org.apache.ratis.protocol.exceptions.StateMachineException: org.apache.hadoop.hdds.scm.container.common.helpers.ContainerNotOpenException from Server 74fe976e-ba5c-47a6-8181-a40142644b6d@group-2B5461A4D1A9: Container 3 in CLOSED state
2020-11-25 02:34:01,812 [Listener at 127.0.0.1/34527] INFO  io.BlockOutputStreamEntryPool (BlockOutputStreamEntryPool.java:allocateNewBlock(241)) - Allocating block with ExcludeList {datanodes = [], containerIds = [#1, #2, #3], pipelineIds = []}
2020-11-25 02:34:01,818 [Listener at 127.0.0.1/34527] INFO  metrics.RatisMetrics (RatisMetrics.java:lambda$create$0(36)) - Creating Metrics Registry : ratis.client_message_metrics.client-3E0F6D5BF1E2->b6d97d53-aa91-4e57-a6a4-520098ede0e0
2020-11-25 02:34:01,819 [org.apache.ratis.server.JvmPauseMonitor@8a8790a-Monitor] WARN  server.JvmPauseMonitor (JvmPauseMonitor.java:run(141)) - Detected pause in JVM or host machine (eg GC): pause of approximately 1ms
No GCs detected
2020-11-25 02:34:01,918 [Listener at 127.0.0.1/34527] INFO  ozone.MiniOzoneClusterImpl (MiniOzoneClusterImpl.java:shutdown(388)) - Shutting down the Mini Ozone Cluster
2020-11-25 02:34:01,918 [Listener at 127.0.0.1/34527] INFO  ozone.MiniOzoneClusterImpl (MiniOzoneClusterImpl.java:stop(403)) - Stopping the Mini Ozone Cluster
2020-11-25 02:34:01,918 [Listener at 127.0.0.1/34527] INFO  ozone.MiniOzoneClusterImpl (MiniOzoneClusterImpl.java:stopOM(485)) - Stopping the OzoneManager
2020-11-25 02:34:01,918 [Listener at 127.0.0.1/34527] INFO  ipc.Server (Server.java:stop(3359)) - Stopping server on 34527
2020-11-25 02:34:01,924 [IPC Server listener on 0] INFO  ipc.Server (Server.java:run(1330)) - Stopping IPC Server listener on 0
2020-11-25 02:34:01,924 [IPC Server Responder] INFO  ipc.Server (Server.java:run(1465)) - Stopping IPC Server Responder
2020-11-25 02:34:01,924 [Listener at 127.0.0.1/34527] INFO  ratis.OzoneManagerDoubleBuffer (OzoneManagerDoubleBuffer.java:stop(457)) - Stopping OMDoubleBuffer flush thread
2020-11-25 02:34:01,924 [OMDoubleBufferFlushThread] INFO  ratis.OzoneManagerDoubleBuffer (OzoneManagerDoubleBuffer.java:flushTransactions(356)) - OMDoubleBuffer flush thread OMDoubleBufferFlushThread is interrupted and will exit. OMDoubleBufferFlushThread
2020-11-25 02:34:01,925 [Listener at 127.0.0.1/34527] INFO  utils.BackgroundService (BackgroundService.java:shutdown(132)) - Shutting down service KeyDeletingService
2020-11-25 02:34:01,925 [Listener at 127.0.0.1/34527] INFO  handler.ContextHandler (ContextHandler.java:doStop(1154)) - Stopped o.e.j.w.WebAppContext@1dd42fee{ozoneManager,/,null,STOPPED}{file:/github/workspace/mnt/ozone/hadoop-ozone/integration-test/target/test-classes/webapps/ozoneManager}
2020-11-25 02:34:01,926 [Listener at 127.0.0.1/34527] INFO  server.AbstractConnector (AbstractConnector.java:doStop(381)) - Stopped ServerConnector@78304b1c{HTTP/1.1, (http/1.1)}{0.0.0.0:0}
2020-11-25 02:34:01,926 [Listener at 127.0.0.1/34527] INFO  server.session (HouseKeeper.java:stopScavenging(149)) - node0 Stopped scavenging
2020-11-25 02:34:01,927 [Listener at 127.0.0.1/34527] INFO  handler.ContextHandler (ContextHandler.java:doStop(1154)) - Stopped o.e.j.s.ServletContextHandler@40ee9f76{static,/static,file:///github/workspace/mnt/ozone/hadoop-ozone/integration-test/target/test-classes/webapps/static,STOPPED}
2020-11-25 02:34:01,927 [Listener at 127.0.0.1/34527] INFO  handler.ContextHandler (ContextHandler.java:doStop(1154)) - Stopped o.e.j.s.ServletContextHandler@6267f2d6{logs,/logs,file:///github/workspace/mnt/ozone/hadoop-ozone/integration-test/target/log,STOPPED}
2020-11-25 02:34:01,930 [Listener at 127.0.0.1/34527] INFO  ozone.MiniOzoneClusterImpl (MiniOzoneClusterImpl.java:stopDatanodes(462)) - Stopping the HddsDatanodes
2020-11-25 02:34:02,019 [Datanode State Machine Thread - 0] INFO  statemachine.DatanodeStateMachine (DatanodeStateMachine.java:lambda$startDaemon$0(406)) - Ozone container server started.
2020-11-25 02:34:02,542 [Datanode State Machine Thread - 0] INFO  statemachine.DatanodeStateMachine (DatanodeStateMachine.java:lambda$startDaemon$0(406)) - Ozone container server started.
2020-11-25 02:34:06,931 [ForkJoinPool.commonPool-worker-0] INFO  ozoneimpl.OzoneContainer (OzoneContainer.java:stop(257)) - Attempting to stop container services.
2020-11-25 02:34:06,931 [Listener at 127.0.0.1/34527] INFO  ozoneimpl.OzoneContainer (OzoneContainer.java:stop(257)) - Attempting to stop container services.
2020-11-25 02:34:06,932 [ForkJoinPool.commonPool-worker-0] INFO  impl.RaftServerProxy (RaftServerProxy.java:lambda$close$4(338)) - 1e088f42-7967-4bed-bfe8-98dc90046f57: close
2020-11-25 02:34:06,932 [ForkJoinPool.commonPool-worker-0] INFO  impl.RaftServerImpl (RaftServerImpl.java:lambda$shutdown$3(328)) - 1e088f42-7967-4bed-bfe8-98dc90046f57@group-2605D3F5949C: shutdown
2020-11-25 02:34:06,932 [ForkJoinPool.commonPool-worker-0] INFO  util.JmxRegister (JmxRegister.java:unregister(73)) - Successfully un-registered JMX Bean with object name Ratis:service=RaftServer,group=group-2605D3F5949C,id=1e088f42-7967-4bed-bfe8-98dc90046f57
2020-11-25 02:34:06,932 [ForkJoinPool.commonPool-worker-0] INFO  impl.RoleInfo (RoleInfo.java:shutdownLeaderState(104)) - 1e088f42-7967-4bed-bfe8-98dc90046f57: shutdown 1e088f42-7967-4bed-bfe8-98dc90046f57@group-2605D3F5949C-LeaderState
2020-11-25 02:34:06,932 [ForkJoinPool.commonPool-worker-0] INFO  impl.PendingRequests (PendingRequests.java:sendNotLeaderResponses(250)) - 1e088f42-7967-4bed-bfe8-98dc90046f57@group-2605D3F5949C-PendingRequests: sendNotLeaderResponses
2020-11-25 02:34:06,933 [ForkJoinPool.commonPool-worker-0] INFO  metrics.RatisMetrics (RatisMetrics.java:unregister(43)) - Unregistering Metrics Registry : ratis.log_appender.1e088f42-7967-4bed-bfe8-98dc90046f57@group-2605D3F5949C
2020-11-25 02:34:06,933 [ForkJoinPool.commonPool-worker-0] INFO  metrics.RatisMetrics (RatisMetrics.java:unregister(43)) - Unregistering Metrics Registry : ratis.server.1e088f42-7967-4bed-bfe8-98dc90046f57@group-2605D3F5949C
2020-11-25 02:34:06,933 [ForkJoinPool.commonPool-worker-0] INFO  impl.StateMachineUpdater (StateMachineUpdater.java:stopAndJoin(147)) - 1e088f42-7967-4bed-bfe8-98dc90046f57@group-2605D3F5949C-StateMachineUpdater: set stopIndex = 0
2020-11-25 02:34:06,934 [1e088f42-7967-4bed-bfe8-98dc90046f57@group-2605D3F5949C-StateMachineUpdater] INFO  ratis.ContainerStateMachine (ContainerStateMachine.java:takeSnapshot(293)) - group-2605D3F5949C: Taking a snapshot at:(t:1, i:0) file /github/workspace/mnt/ozone/hadoop-ozone/integration-test/target/test-dir/MiniOzoneClusterImpl-d0d42c39-6fc7-42e8-b6c5-559d28f27a21/datanode-1/data/ratis/529596ef-2325-4a83-b9d0-2605d3f5949c/sm/snapshot.1_0
2020-11-25 02:34:06,932 [Listener at 127.0.0.1/34527] INFO  impl.RaftServerProxy (RaftServerProxy.java:lambda$close$4(338)) - 74fe976e-ba5c-47a6-8181-a40142644b6d: close
2020-11-25 02:34:06,934 [Listener at 127.0.0.1/34527] INFO  impl.RaftServerImpl (RaftServerImpl.java:lambda$shutdown$3(328)) - 74fe976e-ba5c-47a6-8181-a40142644b6d@group-1EB6A76B5EAC: shutdown
2020-11-25 02:34:06,934 [Listener at 127.0.0.1/34527] INFO  util.JmxRegister (JmxRegister.java:unregister(73)) - Successfully un-registered JMX Bean with object name Ratis:service=RaftServer,group=group-1EB6A76B5EAC,id=74fe976e-ba5c-47a6-8181-a40142644b6d
2020-11-25 02:34:06,934 [Listener at 127.0.0.1/34527] INFO  impl.RoleInfo (RoleInfo.java:shutdownFollowerState(121)) - 74fe976e-ba5c-47a6-8181-a40142644b6d: shutdown 74fe976e-ba5c-47a6-8181-a40142644b6d@group-1EB6A76B5EAC-FollowerState
2020-11-25 02:34:06,934 [Listener at 127.0.0.1/34527] INFO  impl.StateMachineUpdater (StateMachineUpdater.java:stopAndJoin(147)) - 74fe976e-ba5c-47a6-8181-a40142644b6d@group-1EB6A76B5EAC-StateMachineUpdater: set stopIndex = 0
2020-11-25 02:34:06,935 [Thread-657] INFO  impl.FollowerState (FollowerState.java:run(137)) - 74fe976e-ba5c-47a6-8181-a40142644b6d@group-1EB6A76B5EAC-FollowerState was interrupted: {}
java.lang.InterruptedException: sleep interrupted
	at java.lang.Thread.sleep(Native Method)
	at org.apache.ratis.util.JavaUtils.sleep(JavaUtils.java:250)
	at org.apache.ratis.server.impl.FollowerState.run(FollowerState.java:116)
2020-11-25 02:34:06,935 [74fe976e-ba5c-47a6-8181-a40142644b6d@group-1EB6A76B5EAC-StateMachineUpdater] INFO  ratis.ContainerStateMachine (ContainerStateMachine.java:takeSnapshot(293)) - group-1EB6A76B5EAC: Taking a snapshot at:(t:1, i:0) file /github/workspace/mnt/ozone/hadoop-ozone/integration-test/target/test-dir/MiniOzoneClusterImpl-d0d42c39-6fc7-42e8-b6c5-559d28f27a21/datanode-4/data/ratis/17df147c-491d-4836-abac-1eb6a76b5eac/sm/snapshot.1_0
2020-11-25 02:34:06,936 [74fe976e-ba5c-47a6-8181-a40142644b6d@group-1EB6A76B5EAC-StateMachineUpdater] INFO  ratis.ContainerStateMachine (ContainerStateMachine.java:takeSnapshot(304)) - group-1EB6A76B5EAC: Finished taking a snapshot at:(t:1, i:0) file:/github/workspace/mnt/ozone/hadoop-ozone/integration-test/target/test-dir/MiniOzoneClusterImpl-d0d42c39-6fc7-42e8-b6c5-559d28f27a21/datanode-4/data/ratis/17df147c-491d-4836-abac-1eb6a76b5eac/sm/snapshot.1_0 time:2
2020-11-25 02:34:06,936 [74fe976e-ba5c-47a6-8181-a40142644b6d@group-1EB6A76B5EAC-StateMachineUpdater] INFO  impl.StateMachineUpdater (StateMachineUpdater.java:takeSnapshot(278)) - 74fe976e-ba5c-47a6-8181-a40142644b6d@group-1EB6A76B5EAC-StateMachineUpdater: Took a snapshot at index 0
2020-11-25 02:34:06,936 [74fe976e-ba5c-47a6-8181-a40142644b6d@group-1EB6A76B5EAC-StateMachineUpdater] INFO  impl.StateMachineUpdater (StateMachineUpdater.java:lambda$new$0(87)) - 74fe976e-ba5c-47a6-8181-a40142644b6d@group-1EB6A76B5EAC-StateMachineUpdater: snapshotIndex: updateIncreasingly -1 -> 0
2020-11-25 02:34:06,937 [1e088f42-7967-4bed-bfe8-98dc90046f57@group-2605D3F5949C-StateMachineUpdater] INFO  ratis.ContainerStateMachine (ContainerStateMachine.java:takeSnapshot(304)) - group-2605D3F5949C: Finished taking a snapshot at:(t:1, i:0) file:/github/workspace/mnt/ozone/hadoop-ozone/integration-test/target/test-dir/MiniOzoneClusterImpl-d0d42c39-6fc7-42e8-b6c5-559d28f27a21/datanode-1/data/ratis/529596ef-2325-4a83-b9d0-2605d3f5949c/sm/snapshot.1_0 time:3
2020-11-25 02:34:06,937 [1e088f42-7967-4bed-bfe8-98dc90046f57@group-2605D3F5949C-StateMachineUpdater] INFO  impl.StateMachineUpdater (StateMachineUpdater.java:takeSnapshot(278)) - 1e088f42-7967-4bed-bfe8-98dc90046f57@group-2605D3F5949C-StateMachineUpdater: Took a snapshot at index 0
2020-11-25 02:34:06,937 [1e088f42-7967-4bed-bfe8-98dc90046f57@group-2605D3F5949C-StateMachineUpdater] INFO  impl.StateMachineUpdater (StateMachineUpdater.java:lambda$new$0(87)) - 1e088f42-7967-4bed-bfe8-98dc90046f57@group-2605D3F5949C-StateMachineUpdater: snapshotIndex: updateIncreasingly -1 -> 0
2020-11-25 02:34:06,937 [1e088f42-7967-4bed-bfe8-98dc90046f57@group-2605D3F5949C-StateMachineUpdater] INFO  metrics.RatisMetrics (RatisMetrics.java:unregister(43)) - Unregistering Metrics Registry : ratis.state_machine.1e088f42-7967-4bed-bfe8-98dc90046f57@group-2605D3F5949C
2020-11-25 02:34:06,938 [ForkJoinPool.commonPool-worker-0] INFO  impl.RaftServerImpl (ServerState.java:close(406)) - 1e088f42-7967-4bed-bfe8-98dc90046f57@group-2605D3F5949C: closes. applyIndex: 0
2020-11-25 02:34:06,938 [1e088f42-7967-4bed-bfe8-98dc90046f57@group-2605D3F5949C-SegmentedRaftLogWorker] INFO  segmented.SegmentedRaftLogWorker (SegmentedRaftLogWorker.java:run(329)) - 1e088f42-7967-4bed-bfe8-98dc90046f57@group-2605D3F5949C-SegmentedRaftLogWorker was interrupted, exiting. There are 0 tasks remaining in the queue.
2020-11-25 02:34:06,938 [74fe976e-ba5c-47a6-8181-a40142644b6d@group-1EB6A76B5EAC-StateMachineUpdater] INFO  metrics.RatisMetrics (RatisMetrics.java:unregister(43)) - Unregistering Metrics Registry : ratis.state_machine.74fe976e-ba5c-47a6-8181-a40142644b6d@group-1EB6A76B5EAC
2020-11-25 02:34:06,939 [Listener at 127.0.0.1/34527] INFO  impl.RaftServerImpl (ServerState.java:close(406)) - 74fe976e-ba5c-47a6-8181-a40142644b6d@group-1EB6A76B5EAC: closes. applyIndex: 0
2020-11-25 02:34:06,939 [ForkJoinPool.commonPool-worker-0] INFO  segmented.SegmentedRaftLogWorker (SegmentedRaftLogWorker.java:close(235)) - 1e088f42-7967-4bed-bfe8-98dc90046f57@group-2605D3F5949C-SegmentedRaftLogWorker close()
2020-11-25 02:34:06,939 [74fe976e-ba5c-47a6-8181-a40142644b6d@group-1EB6A76B5EAC-SegmentedRaftLogWorker] INFO  segmented.SegmentedRaftLogWorker (SegmentedRaftLogWorker.java:run(329)) - 74fe976e-ba5c-47a6-8181-a40142644b6d@group-1EB6A76B5EAC-SegmentedRaftLogWorker was interrupted, exiting. There are 0 tasks remaining in the queue.
2020-11-25 02:34:06,940 [ForkJoinPool.commonPool-worker-0] INFO  metrics.RatisMetrics (RatisMetrics.java:unregister(43)) - Unregistering Metrics Registry : ratis.log_worker.1e088f42-7967-4bed-bfe8-98dc90046f57@group-2605D3F5949C
2020-11-25 02:34:06,940 [ForkJoinPool.commonPool-worker-0] INFO  metrics.RatisMetrics (RatisMetrics.java:unregister(43)) - Unregistering Metrics Registry : ratis.leader_election.1e088f42-7967-4bed-bfe8-98dc90046f57@group-2605D3F5949C
2020-11-25 02:34:06,941 [ForkJoinPool.commonPool-worker-0] INFO  metrics.RatisMetrics (RatisMetrics.java:unregister(43)) - Unregistering Metrics Registry : ratis.server.1e088f42-7967-4bed-bfe8-98dc90046f57@group-2605D3F5949C
2020-11-25 02:34:06,941 [ForkJoinPool.commonPool-worker-0] INFO  impl.RaftServerImpl (RaftServerImpl.java:lambda$shutdown$3(328)) - 1e088f42-7967-4bed-bfe8-98dc90046f57@group-DF9DB24D4D4F: shutdown
2020-11-25 02:34:06,941 [ForkJoinPool.commonPool-worker-0] INFO  util.JmxRegister (JmxRegister.java:unregister(73)) - Successfully un-registered JMX Bean with object name Ratis:service=RaftServer,group=group-DF9DB24D4D4F,id=1e088f42-7967-4bed-bfe8-98dc90046f57
2020-11-25 02:34:06,941 [ForkJoinPool.commonPool-worker-0] INFO  impl.RoleInfo (RoleInfo.java:shutdownFollowerState(121)) - 1e088f42-7967-4bed-bfe8-98dc90046f57: shutdown 1e088f42-7967-4bed-bfe8-98dc90046f57@group-DF9DB24D4D4F-FollowerState
2020-11-25 02:34:06,940 [Listener at 127.0.0.1/34527] INFO  segmented.SegmentedRaftLogWorker (SegmentedRaftLogWorker.java:close(235)) - 74fe976e-ba5c-47a6-8181-a40142644b6d@group-1EB6A76B5EAC-SegmentedRaftLogWorker close()
2020-11-25 02:34:06,948 [Thread-631] INFO  impl.FollowerState (FollowerState.java:run(137)) - 1e088f42-7967-4bed-bfe8-98dc90046f57@group-DF9DB24D4D4F-FollowerState was interrupted: {}
java.lang.InterruptedException: sleep interrupted
	at java.lang.Thread.sleep(Native Method)
	at org.apache.ratis.util.JavaUtils.sleep(JavaUtils.java:250)
	at org.apache.ratis.server.impl.FollowerState.run(FollowerState.java:116)
2020-11-25 02:34:06,949 [ForkJoinPool.commonPool-worker-0] INFO  impl.StateMachineUpdater (StateMachineUpdater.java:stopAndJoin(147)) - 1e088f42-7967-4bed-bfe8-98dc90046f57@group-DF9DB24D4D4F-StateMachineUpdater: set stopIndex = 0
2020-11-25 02:34:06,949 [Listener at 127.0.0.1/34527] INFO  metrics.RatisMetrics (RatisMetrics.java:unregister(43)) - Unregistering Metrics Registry : ratis.log_worker.74fe976e-ba5c-47a6-8181-a40142644b6d@group-1EB6A76B5EAC
2020-11-25 02:34:06,949 [Listener at 127.0.0.1/34527] INFO  metrics.RatisMetrics (RatisMetrics.java:unregister(43)) - Unregistering Metrics Registry : ratis.leader_election.74fe976e-ba5c-47a6-8181-a40142644b6d@group-1EB6A76B5EAC
2020-11-25 02:34:06,949 [Listener at 127.0.0.1/34527] INFO  metrics.RatisMetrics (RatisMetrics.java:unregister(43)) - Unregistering Metrics Registry : ratis.server.74fe976e-ba5c-47a6-8181-a40142644b6d@group-1EB6A76B5EAC
2020-11-25 02:34:06,950 [Listener at 127.0.0.1/34527] INFO  impl.RaftServerImpl (RaftServerImpl.java:lambda$shutdown$3(328)) - 74fe976e-ba5c-47a6-8181-a40142644b6d@group-2B5461A4D1A9: shutdown
2020-11-25 02:34:06,950 [Listener at 127.0.0.1/34527] INFO  util.JmxRegister (JmxRegister.java:unregister(73)) - Successfully un-registered JMX Bean with object name Ratis:service=RaftServer,group=group-2B5461A4D1A9,id=74fe976e-ba5c-47a6-8181-a40142644b6d
2020-11-25 02:34:06,950 [Listener at 127.0.0.1/34527] INFO  impl.RoleInfo (RoleInfo.java:shutdownLeaderState(104)) - 74fe976e-ba5c-47a6-8181-a40142644b6d: shutdown 74fe976e-ba5c-47a6-8181-a40142644b6d@group-2B5461A4D1A9-LeaderState
2020-11-25 02:34:06,950 [Listener at 127.0.0.1/34527] INFO  impl.PendingRequests (PendingRequests.java:sendNotLeaderResponses(250)) - 74fe976e-ba5c-47a6-8181-a40142644b6d@group-2B5461A4D1A9-PendingRequests: sendNotLeaderResponses
2020-11-25 02:34:06,951 [1e088f42-7967-4bed-bfe8-98dc90046f57@group-DF9DB24D4D4F-StateMachineUpdater] INFO  ratis.ContainerStateMachine (ContainerStateMachine.java:takeSnapshot(293)) - group-DF9DB24D4D4F: Taking a snapshot at:(t:1, i:0) file /github/workspace/mnt/ozone/hadoop-ozone/integration-test/target/test-dir/MiniOzoneClusterImpl-d0d42c39-6fc7-42e8-b6c5-559d28f27a21/datanode-1/data/ratis/7f279ace-28f5-42a0-8910-df9db24d4d4f/sm/snapshot.1_0
2020-11-25 02:34:06,952 [Listener at 127.0.0.1/34527] INFO  metrics.RatisMetrics (RatisMetrics.java:unregister(43)) - Unregistering Metrics Registry : ratis.log_appender.74fe976e-ba5c-47a6-8181-a40142644b6d@group-2B5461A4D1A9
2020-11-25 02:34:06,952 [Listener at 127.0.0.1/34527] INFO  metrics.RatisMetrics (RatisMetrics.java:unregister(43)) - Unregistering Metrics Registry : ratis.server.74fe976e-ba5c-47a6-8181-a40142644b6d@group-2B5461A4D1A9
2020-11-25 02:34:06,953 [Listener at 127.0.0.1/34527] INFO  impl.StateMachineUpdater (StateMachineUpdater.java:stopAndJoin(147)) - 74fe976e-ba5c-47a6-8181-a40142644b6d@group-2B5461A4D1A9-StateMachineUpdater: set stopIndex = 4
2020-11-25 02:34:06,953 [74fe976e-ba5c-47a6-8181-a40142644b6d@group-2B5461A4D1A9-StateMachineUpdater] INFO  ratis.ContainerStateMachine (ContainerStateMachine.java:takeSnapshot(293)) - group-2B5461A4D1A9: Taking a snapshot at:(t:1, i:4) file /github/workspace/mnt/ozone/hadoop-ozone/integration-test/target/test-dir/MiniOzoneClusterImpl-d0d42c39-6fc7-42e8-b6c5-559d28f27a21/datanode-4/data/ratis/23dac198-40f8-41f6-9960-2b5461a4d1a9/sm/snapshot.1_4
2020-11-25 02:34:06,954 [1e088f42-7967-4bed-bfe8-98dc90046f57@group-DF9DB24D4D4F-StateMachineUpdater] INFO  ratis.ContainerStateMachine (ContainerStateMachine.java:takeSnapshot(304)) - group-DF9DB24D4D4F: Finished taking a snapshot at:(t:1, i:0) file:/github/workspace/mnt/ozone/hadoop-ozone/integration-test/target/test-dir/MiniOzoneClusterImpl-d0d42c39-6fc7-42e8-b6c5-559d28f27a21/datanode-1/data/ratis/7f279ace-28f5-42a0-8910-df9db24d4d4f/sm/snapshot.1_0 time:6
2020-11-25 02:34:06,954 [1e088f42-7967-4bed-bfe8-98dc90046f57@group-DF9DB24D4D4F-StateMachineUpdater] INFO  impl.StateMachineUpdater (StateMachineUpdater.java:takeSnapshot(278)) - 1e088f42-7967-4bed-bfe8-98dc90046f57@group-DF9DB24D4D4F-StateMachineUpdater: Took a snapshot at index 0
2020-11-25 02:34:06,955 [1e088f42-7967-4bed-bfe8-98dc90046f57@group-DF9DB24D4D4F-StateMachineUpdater] INFO  impl.StateMachineUpdater (StateMachineUpdater.java:lambda$new$0(87)) - 1e088f42-7967-4bed-bfe8-98dc90046f57@group-DF9DB24D4D4F-StateMachineUpdater: snapshotIndex: updateIncreasingly -1 -> 0
2020-11-25 02:34:06,955 [1e088f42-7967-4bed-bfe8-98dc90046f57@group-DF9DB24D4D4F-StateMachineUpdater] INFO  metrics.RatisMetrics (RatisMetrics.java:unregister(43)) - Unregistering Metrics Registry : ratis.state_machine.1e088f42-7967-4bed-bfe8-98dc90046f57@group-DF9DB24D4D4F
2020-11-25 02:34:06,955 [ForkJoinPool.commonPool-worker-0] INFO  impl.RaftServerImpl (ServerState.java:close(406)) - 1e088f42-7967-4bed-bfe8-98dc90046f57@group-DF9DB24D4D4F: closes. applyIndex: 0
2020-11-25 02:34:06,955 [1e088f42-7967-4bed-bfe8-98dc90046f57@group-DF9DB24D4D4F-SegmentedRaftLogWorker] INFO  segmented.SegmentedRaftLogWorker (SegmentedRaftLogWorker.java:run(329)) - 1e088f42-7967-4bed-bfe8-98dc90046f57@group-DF9DB24D4D4F-SegmentedRaftLogWorker was interrupted, exiting. There are 0 tasks remaining in the queue.
2020-11-25 02:34:06,956 [ForkJoinPool.commonPool-worker-0] INFO  segmented.SegmentedRaftLogWorker (SegmentedRaftLogWorker.java:close(235)) - 1e088f42-7967-4bed-bfe8-98dc90046f57@group-DF9DB24D4D4F-SegmentedRaftLogWorker close()
2020-11-25 02:34:06,957 [ForkJoinPool.commonPool-worker-0] INFO  metrics.RatisMetrics (RatisMetrics.java:unregister(43)) - Unregistering Metrics Registry : ratis.log_worker.1e088f42-7967-4bed-bfe8-98dc90046f57@group-DF9DB24D4D4F
2020-11-25 02:34:06,957 [74fe976e-ba5c-47a6-8181-a40142644b6d@group-2B5461A4D1A9-StateMachineUpdater] INFO  ratis.ContainerStateMachine (ContainerStateMachine.java:takeSnapshot(304)) - group-2B5461A4D1A9: Finished taking a snapshot at:(t:1, i:4) file:/github/workspace/mnt/ozone/hadoop-ozone/integration-test/target/test-dir/MiniOzoneClusterImpl-d0d42c39-6fc7-42e8-b6c5-559d28f27a21/datanode-4/data/ratis/23dac198-40f8-41f6-9960-2b5461a4d1a9/sm/snapshot.1_4 time:4
2020-11-25 02:34:06,958 [ForkJoinPool.commonPool-worker-0] INFO  metrics.RatisMetrics (RatisMetrics.java:unregister(43)) - Unregistering Metrics Registry : ratis.leader_election.1e088f42-7967-4bed-bfe8-98dc90046f57@group-DF9DB24D4D4F
2020-11-25 02:34:06,958 [74fe976e-ba5c-47a6-8181-a40142644b6d@group-2B5461A4D1A9-StateMachineUpdater] INFO  impl.StateMachineUpdater (StateMachineUpdater.java:takeSnapshot(278)) - 74fe976e-ba5c-47a6-8181-a40142644b6d@group-2B5461A4D1A9-StateMachineUpdater: Took a snapshot at index 4
2020-11-25 02:34:06,958 [74fe976e-ba5c-47a6-8181-a40142644b6d@group-2B5461A4D1A9-StateMachineUpdater] INFO  impl.StateMachineUpdater (StateMachineUpdater.java:lambda$new$0(87)) - 74fe976e-ba5c-47a6-8181-a40142644b6d@group-2B5461A4D1A9-StateMachineUpdater: snapshotIndex: updateIncreasingly -1 -> 4
2020-11-25 02:34:06,958 [ForkJoinPool.commonPool-worker-0] INFO  metrics.RatisMetrics (RatisMetrics.java:unregister(43)) - Unregistering Metrics Registry : ratis.server.1e088f42-7967-4bed-bfe8-98dc90046f57@group-DF9DB24D4D4F
2020-11-25 02:34:06,958 [ForkJoinPool.commonPool-worker-0] INFO  server.GrpcService (GrpcService.java:closeImpl(184)) - 1e088f42-7967-4bed-bfe8-98dc90046f57: shutdown server with port 33037 now
2020-11-25 02:34:06,958 [74fe976e-ba5c-47a6-8181-a40142644b6d@group-2B5461A4D1A9-StateMachineUpdater] INFO  metrics.RatisMetrics (RatisMetrics.java:unregister(43)) - Unregistering Metrics Registry : ratis.state_machine.74fe976e-ba5c-47a6-8181-a40142644b6d@group-2B5461A4D1A9
2020-11-25 02:34:06,958 [Listener at 127.0.0.1/34527] INFO  impl.RaftServerImpl (ServerState.java:close(406)) - 74fe976e-ba5c-47a6-8181-a40142644b6d@group-2B5461A4D1A9: closes. applyIndex: 4
2020-11-25 02:34:06,958 [74fe976e-ba5c-47a6-8181-a40142644b6d@group-2B5461A4D1A9-SegmentedRaftLogWorker] INFO  segmented.SegmentedRaftLogWorker (SegmentedRaftLogWorker.java:run(329)) - 74fe976e-ba5c-47a6-8181-a40142644b6d@group-2B5461A4D1A9-SegmentedRaftLogWorker was interrupted, exiting. There are 0 tasks remaining in the queue.
2020-11-25 02:34:06,960 [Listener at 127.0.0.1/34527] INFO  segmented.SegmentedRaftLogWorker (SegmentedRaftLogWorker.java:close(235)) - 74fe976e-ba5c-47a6-8181-a40142644b6d@group-2B5461A4D1A9-SegmentedRaftLogWorker close()
2020-11-25 02:34:06,961 [grpc-default-executor-2] WARN  server.GrpcServerProtocolService (LogUtils.java:warn(122)) - 1e088f42-7967-4bed-bfe8-98dc90046f57: installSnapshot onError, lastRequest: e43fd066-151b-4ea1-913f-b553867c15bd->1e088f42-7967-4bed-bfe8-98dc90046f57#1-t1, previous=(t:0, i:0), leaderCommit=0, initializing? false, entries: size=1, first=(t:1, i:0), CONFIGURATIONENTRY: org.apache.ratis.thirdparty.io.grpc.StatusRuntimeException: CANCELLED: cancelled before receiving half close
2020-11-25 02:34:06,961 [grpc-default-executor-0] WARN  server.GrpcLogAppender (LogUtils.java:warn(122)) - e43fd066-151b-4ea1-913f-b553867c15bd@group-DF9DB24D4D4F->1e088f42-7967-4bed-bfe8-98dc90046f57-AppendLogResponseHandler: Failed appendEntries: org.apache.ratis.thirdparty.io.grpc.StatusRuntimeException: CANCELLED: HTTP/2 error code: CANCEL
Received Rst Stream
2020-11-25 02:34:06,961 [ForkJoinPool.commonPool-worker-0] INFO  server.GrpcService (GrpcService.java:closeImpl(193)) - 1e088f42-7967-4bed-bfe8-98dc90046f57: shutdown server with port 33037 successfully
2020-11-25 02:34:06,962 [grpc-default-executor-0] WARN  server.GrpcLogAppender (GrpcLogAppender.java:resetClient(107)) - e43fd066-151b-4ea1-913f-b553867c15bd@group-DF9DB24D4D4F->1e088f42-7967-4bed-bfe8-98dc90046f57-GrpcLogAppender: Leader has not got in touch with Follower e43fd066-151b-4ea1-913f-b553867c15bd@group-DF9DB24D4D4F->1e088f42-7967-4bed-bfe8-98dc90046f57(c0,m0,n1, attendVote=true, lastRpcSendTime=2087, lastRpcResponseTime=2085) yet, just keep nextIndex unchanged and retry.
2020-11-25 02:34:06,964 [Listener at 127.0.0.1/34527] INFO  metrics.RatisMetrics (RatisMetrics.java:unregister(43)) - Unregistering Metrics Registry : ratis.log_worker.74fe976e-ba5c-47a6-8181-a40142644b6d@group-2B5461A4D1A9
2020-11-25 02:34:06,964 [Listener at 127.0.0.1/34527] INFO  metrics.RatisMetrics (RatisMetrics.java:unregister(43)) - Unregistering Metrics Registry : ratis.leader_election.74fe976e-ba5c-47a6-8181-a40142644b6d@group-2B5461A4D1A9
2020-11-25 02:34:06,964 [Listener at 127.0.0.1/34527] INFO  metrics.RatisMetrics (RatisMetrics.java:unregister(43)) - Unregistering Metrics Registry : ratis.server.74fe976e-ba5c-47a6-8181-a40142644b6d@group-2B5461A4D1A9
2020-11-25 02:34:06,964 [Listener at 127.0.0.1/34527] INFO  server.GrpcService (GrpcService.java:closeImpl(184)) - 74fe976e-ba5c-47a6-8181-a40142644b6d: shutdown server with port 37871 now
2020-11-25 02:34:06,966 [grpc-default-executor-1] WARN  server.GrpcServerProtocolService (LogUtils.java:warn(122)) - 74fe976e-ba5c-47a6-8181-a40142644b6d: installSnapshot onError, lastRequest: 11f4bacd-ce3e-419e-997b-c311db6228e0->74fe976e-ba5c-47a6-8181-a40142644b6d#1-t1, previous=(t:0, i:0), leaderCommit=0, initializing? false, entries: size=1, first=(t:1, i:0), CONFIGURATIONENTRY: org.apache.ratis.thirdparty.io.grpc.StatusRuntimeException: CANCELLED: cancelled before receiving half close
2020-11-25 02:34:06,967 [grpc-default-executor-0] WARN  server.GrpcLogAppender (LogUtils.java:warn(122)) - 11f4bacd-ce3e-419e-997b-c311db6228e0@group-1EB6A76B5EAC->74fe976e-ba5c-47a6-8181-a40142644b6d-AppendLogResponseHandler: Failed appendEntries: org.apache.ratis.thirdparty.io.grpc.StatusRuntimeException: CANCELLED: HTTP/2 error code: CANCEL
Received Rst Stream
2020-11-25 02:34:06,967 [grpc-default-executor-0] WARN  server.GrpcLogAppender (GrpcLogAppender.java:resetClient(107)) - 11f4bacd-ce3e-419e-997b-c311db6228e0@group-1EB6A76B5EAC->74fe976e-ba5c-47a6-8181-a40142644b6d-GrpcLogAppender: Leader has not got in touch with Follower 11f4bacd-ce3e-419e-997b-c311db6228e0@group-1EB6A76B5EAC->74fe976e-ba5c-47a6-8181-a40142644b6d(c0,m0,n1, attendVote=true, lastRpcSendTime=1478, lastRpcResponseTime=1470) yet, just keep nextIndex unchanged and retry.
2020-11-25 02:34:06,967 [Listener at 127.0.0.1/34527] INFO  server.GrpcService (GrpcService.java:closeImpl(193)) - 74fe976e-ba5c-47a6-8181-a40142644b6d: shutdown server with port 37871 successfully
2020-11-25 02:34:06,969 [ForkJoinPool.commonPool-worker-0] INFO  utils.BackgroundService (BackgroundService.java:shutdown(132)) - Shutting down service BlockDeletingService
2020-11-25 02:34:06,970 [Listener at 127.0.0.1/34527] INFO  utils.BackgroundService (BackgroundService.java:shutdown(132)) - Shutting down service BlockDeletingService
2020-11-25 02:34:06,972 [ForkJoinPool.commonPool-worker-0] INFO  statemachine.DatanodeStateMachine (DatanodeStateMachine.java:stopDaemon(459)) - Ozone container server stopped.
2020-11-25 02:34:06,973 [Listener at 127.0.0.1/34527] INFO  statemachine.DatanodeStateMachine (DatanodeStateMachine.java:stopDaemon(459)) - Ozone container server stopped.
2020-11-25 02:34:06,982 [Listener at 127.0.0.1/34527] INFO  handler.ContextHandler (ContextHandler.java:doStop(1154)) - Stopped o.e.j.w.WebAppContext@15f83435{hddsDatanode,/,null,STOPPED}{jar:file:/home/user/.m2/repository/org/apache/hadoop/hadoop-hdds-container-service/1.1.0-SNAPSHOT/hadoop-hdds-container-service-1.1.0-SNAPSHOT.jar!/webapps/hddsDatanode}
2020-11-25 02:34:06,991 [Listener at 127.0.0.1/34527] INFO  server.AbstractConnector (AbstractConnector.java:doStop(381)) - Stopped ServerConnector@9abfbef{HTTP/1.1, (http/1.1)}{0.0.0.0:0}
2020-11-25 02:34:06,991 [ForkJoinPool.commonPool-worker-0] INFO  handler.ContextHandler (ContextHandler.java:doStop(1154)) - Stopped o.e.j.w.WebAppContext@2bdefd3a{hddsDatanode,/,null,STOPPED}{jar:file:/home/user/.m2/repository/org/apache/hadoop/hadoop-hdds-container-service/1.1.0-SNAPSHOT/hadoop-hdds-container-service-1.1.0-SNAPSHOT.jar!/webapps/hddsDatanode}
2020-11-25 02:34:06,991 [Listener at 127.0.0.1/34527] INFO  server.session (HouseKeeper.java:stopScavenging(149)) - node0 Stopped scavenging
2020-11-25 02:34:06,992 [ForkJoinPool.commonPool-worker-0] INFO  server.AbstractConnector (AbstractConnector.java:doStop(381)) - Stopped ServerConnector@3c683643{HTTP/1.1, (http/1.1)}{0.0.0.0:0}
2020-11-25 02:34:06,993 [ForkJoinPool.commonPool-worker-0] INFO  server.session (HouseKeeper.java:stopScavenging(149)) - node0 Stopped scavenging
2020-11-25 02:34:06,993 [Listener at 127.0.0.1/34527] INFO  handler.ContextHandler (ContextHandler.java:doStop(1154)) - Stopped o.e.j.s.ServletContextHandler@7d81dcdb{static,/static,jar:file:/home/user/.m2/repository/org/apache/hadoop/hadoop-hdds-container-service/1.1.0-SNAPSHOT/hadoop-hdds-container-service-1.1.0-SNAPSHOT.jar!/webapps/static,STOPPED}
2020-11-25 02:34:06,993 [Listener at 127.0.0.1/34527] INFO  handler.ContextHandler (ContextHandler.java:doStop(1154)) - Stopped o.e.j.s.ServletContextHandler@243822d0{logs,/logs,file:///github/workspace/mnt/ozone/hadoop-ozone/integration-test/target/log,STOPPED}
2020-11-25 02:34:06,993 [ForkJoinPool.commonPool-worker-0] INFO  handler.ContextHandler (ContextHandler.java:doStop(1154)) - Stopped o.e.j.s.ServletContextHandler@446b04ba{static,/static,jar:file:/home/user/.m2/repository/org/apache/hadoop/hadoop-hdds-container-service/1.1.0-SNAPSHOT/hadoop-hdds-container-service-1.1.0-SNAPSHOT.jar!/webapps/static,STOPPED}
2020-11-25 02:34:06,994 [ForkJoinPool.commonPool-worker-0] INFO  handler.ContextHandler (ContextHandler.java:doStop(1154)) - Stopped o.e.j.s.ServletContextHandler@77a15aae{logs,/logs,file:///github/workspace/mnt/ozone/hadoop-ozone/integration-test/target/log,STOPPED}
2020-11-25 02:34:07,379 [grpc-default-executor-0] WARN  server.GrpcLogAppender (LogUtils.java:warn(122)) - e43fd066-151b-4ea1-913f-b553867c15bd@group-DF9DB24D4D4F->1e088f42-7967-4bed-bfe8-98dc90046f57-AppendLogResponseHandler: Failed appendEntries: org.apache.ratis.thirdparty.io.grpc.StatusRuntimeException: UNAVAILABLE: io exception
2020-11-25 02:34:07,380 [grpc-default-executor-0] WARN  server.GrpcLogAppender (GrpcLogAppender.java:resetClient(107)) - e43fd066-151b-4ea1-913f-b553867c15bd@group-DF9DB24D4D4F->1e088f42-7967-4bed-bfe8-98dc90046f57-GrpcLogAppender: Leader has not got in touch with Follower e43fd066-151b-4ea1-913f-b553867c15bd@group-DF9DB24D4D4F->1e088f42-7967-4bed-bfe8-98dc90046f57(c0,m0,n1, attendVote=true, lastRpcSendTime=1, lastRpcResponseTime=2504) yet, just keep nextIndex unchanged and retry.
2020-11-25 02:34:07,871 [Datanode State Machine Thread - 0] INFO  statemachine.DatanodeStateMachine (DatanodeStateMachine.java:lambda$startDaemon$0(406)) - Ozone container server started.
2020-11-25 02:34:07,873 [Datanode State Machine Thread - 0] INFO  statemachine.DatanodeStateMachine (DatanodeStateMachine.java:lambda$startDaemon$0(406)) - Ozone container server started.
2020-11-25 02:34:07,998 [grpc-default-executor-2] WARN  server.GrpcLogAppender (LogUtils.java:warn(122)) - 11f4bacd-ce3e-419e-997b-c311db6228e0@group-1EB6A76B5EAC->74fe976e-ba5c-47a6-8181-a40142644b6d-AppendLogResponseHandler: Failed appendEntries: org.apache.ratis.thirdparty.io.grpc.StatusRuntimeException: UNAVAILABLE: io exception
2020-11-25 02:34:07,999 [grpc-default-executor-2] WARN  server.GrpcLogAppender (GrpcLogAppender.java:resetClient(107)) - 11f4bacd-ce3e-419e-997b-c311db6228e0@group-1EB6A76B5EAC->74fe976e-ba5c-47a6-8181-a40142644b6d-GrpcLogAppender: Leader has not got in touch with Follower 11f4bacd-ce3e-419e-997b-c311db6228e0@group-1EB6A76B5EAC->74fe976e-ba5c-47a6-8181-a40142644b6d(c0,m0,n1, attendVote=true, lastRpcSendTime=0, lastRpcResponseTime=2502) yet, just keep nextIndex unchanged and retry.
2020-11-25 02:34:09,880 [grpc-default-executor-2] WARN  server.GrpcLogAppender (LogUtils.java:warn(122)) - e43fd066-151b-4ea1-913f-b553867c15bd@group-DF9DB24D4D4F->1e088f42-7967-4bed-bfe8-98dc90046f57-AppendLogResponseHandler: Failed appendEntries: org.apache.ratis.thirdparty.io.grpc.StatusRuntimeException: UNAVAILABLE: io exception
2020-11-25 02:34:09,881 [grpc-default-executor-2] WARN  server.GrpcLogAppender (GrpcLogAppender.java:resetClient(107)) - e43fd066-151b-4ea1-913f-b553867c15bd@group-DF9DB24D4D4F->1e088f42-7967-4bed-bfe8-98dc90046f57-GrpcLogAppender: Leader has not got in touch with Follower e43fd066-151b-4ea1-913f-b553867c15bd@group-DF9DB24D4D4F->1e088f42-7967-4bed-bfe8-98dc90046f57(c0,m0,n1, attendVote=true, lastRpcSendTime=0, lastRpcResponseTime=5004) yet, just keep nextIndex unchanged and retry.
2020-11-25 02:34:10,499 [grpc-default-executor-2] WARN  server.GrpcLogAppender (LogUtils.java:warn(122)) - 11f4bacd-ce3e-419e-997b-c311db6228e0@group-1EB6A76B5EAC->74fe976e-ba5c-47a6-8181-a40142644b6d-AppendLogResponseHandler: Failed appendEntries: org.apache.ratis.thirdparty.io.grpc.StatusRuntimeException: UNAVAILABLE: io exception
2020-11-25 02:34:10,499 [grpc-default-executor-2] WARN  server.GrpcLogAppender (GrpcLogAppender.java:resetClient(107)) - 11f4bacd-ce3e-419e-997b-c311db6228e0@group-1EB6A76B5EAC->74fe976e-ba5c-47a6-8181-a40142644b6d-GrpcLogAppender: Leader has not got in touch with Follower 11f4bacd-ce3e-419e-997b-c311db6228e0@group-1EB6A76B5EAC->74fe976e-ba5c-47a6-8181-a40142644b6d(c0,m0,n1, attendVote=true, lastRpcSendTime=0, lastRpcResponseTime=5003) yet, just keep nextIndex unchanged and retry.
2020-11-25 02:34:11,997 [ForkJoinPool.commonPool-worker-0] INFO  ozoneimpl.OzoneContainer (OzoneContainer.java:stop(257)) - Attempting to stop container services.
2020-11-25 02:34:11,997 [ForkJoinPool.commonPool-worker-0] INFO  impl.RaftServerProxy (RaftServerProxy.java:lambda$close$4(338)) - b6d97d53-aa91-4e57-a6a4-520098ede0e0: close
2020-11-25 02:34:11,997 [ForkJoinPool.commonPool-worker-0] INFO  impl.RaftServerImpl (RaftServerImpl.java:lambda$shutdown$3(328)) - b6d97d53-aa91-4e57-a6a4-520098ede0e0@group-DF9DB24D4D4F: shutdown
2020-11-25 02:34:11,997 [Listener at 127.0.0.1/34527] INFO  ozoneimpl.OzoneContainer (OzoneContainer.java:stop(257)) - Attempting to stop container services.
2020-11-25 02:34:11,997 [ForkJoinPool.commonPool-worker-0] INFO  util.JmxRegister (JmxRegister.java:unregister(73)) - Successfully un-registered JMX Bean with object name Ratis:service=RaftServer,group=group-DF9DB24D4D4F,id=b6d97d53-aa91-4e57-a6a4-520098ede0e0
2020-11-25 02:34:11,998 [Listener at 127.0.0.1/34527] INFO  impl.RaftServerProxy (RaftServerProxy.java:lambda$close$4(338)) - cb5b50a0-f55f-4fdb-9d24-2575d150ae34: close
2020-11-25 02:34:11,998 [ForkJoinPool.commonPool-worker-0] INFO  impl.RoleInfo (RoleInfo.java:shutdownFollowerState(121)) - b6d97d53-aa91-4e57-a6a4-520098ede0e0: shutdown b6d97d53-aa91-4e57-a6a4-520098ede0e0@group-DF9DB24D4D4F-FollowerState
2020-11-25 02:34:11,998 [Listener at 127.0.0.1/34527] INFO  impl.RaftServerImpl (RaftServerImpl.java:lambda$shutdown$3(328)) - cb5b50a0-f55f-4fdb-9d24-2575d150ae34@group-1EB6A76B5EAC: shutdown
2020-11-25 02:34:11,998 [Thread-632] INFO  impl.FollowerState (FollowerState.java:run(137)) - b6d97d53-aa91-4e57-a6a4-520098ede0e0@group-DF9DB24D4D4F-FollowerState was interrupted: {}
java.lang.InterruptedException: sleep interrupted
	at java.lang.Thread.sleep(Native Method)
	at org.apache.ratis.util.JavaUtils.sleep(JavaUtils.java:250)
	at org.apache.ratis.server.impl.FollowerState.run(FollowerState.java:116)
2020-11-25 02:34:11,998 [b6d97d53-aa91-4e57-a6a4-520098ede0e0@group-DF9DB24D4D4F-StateMachineUpdater] INFO  ratis.ContainerStateMachine (ContainerStateMachine.java:takeSnapshot(293)) - group-DF9DB24D4D4F: Taking a snapshot at:(t:1, i:0) file /github/workspace/mnt/ozone/hadoop-ozone/integration-test/target/test-dir/MiniOzoneClusterImpl-d0d42c39-6fc7-42e8-b6c5-559d28f27a21/datanode-2/data/ratis/7f279ace-28f5-42a0-8910-df9db24d4d4f/sm/snapshot.1_0
2020-11-25 02:34:11,998 [ForkJoinPool.commonPool-worker-0] INFO  impl.StateMachineUpdater (StateMachineUpdater.java:stopAndJoin(147)) - b6d97d53-aa91-4e57-a6a4-520098ede0e0@group-DF9DB24D4D4F-StateMachineUpdater: set stopIndex = 0
2020-11-25 02:34:11,998 [Listener at 127.0.0.1/34527] INFO  util.JmxRegister (JmxRegister.java:unregister(73)) - Successfully un-registered JMX Bean with object name Ratis:service=RaftServer,group=group-1EB6A76B5EAC,id=cb5b50a0-f55f-4fdb-9d24-2575d150ae34
2020-11-25 02:34:12,000 [Listener at 127.0.0.1/34527] INFO  impl.RoleInfo (RoleInfo.java:shutdownFollowerState(121)) - cb5b50a0-f55f-4fdb-9d24-2575d150ae34: shutdown cb5b50a0-f55f-4fdb-9d24-2575d150ae34@group-1EB6A76B5EAC-FollowerState
2020-11-25 02:34:12,000 [Listener at 127.0.0.1/34527] INFO  impl.StateMachineUpdater (StateMachineUpdater.java:stopAndJoin(147)) - cb5b50a0-f55f-4fdb-9d24-2575d150ae34@group-1EB6A76B5EAC-StateMachineUpdater: set stopIndex = 0
2020-11-25 02:34:12,000 [Thread-658] INFO  impl.FollowerState (FollowerState.java:run(137)) - cb5b50a0-f55f-4fdb-9d24-2575d150ae34@group-1EB6A76B5EAC-FollowerState was interrupted: {}
java.lang.InterruptedException: sleep interrupted
	at java.lang.Thread.sleep(Native Method)
	at org.apache.ratis.util.JavaUtils.sleep(JavaUtils.java:250)
	at org.apache.ratis.server.impl.FollowerState.run(FollowerState.java:116)
2020-11-25 02:34:12,000 [cb5b50a0-f55f-4fdb-9d24-2575d150ae34@group-1EB6A76B5EAC-StateMachineUpdater] INFO  ratis.ContainerStateMachine (ContainerStateMachine.java:takeSnapshot(293)) - group-1EB6A76B5EAC: Taking a snapshot at:(t:1, i:0) file /github/workspace/mnt/ozone/hadoop-ozone/integration-test/target/test-dir/MiniOzoneClusterImpl-d0d42c39-6fc7-42e8-b6c5-559d28f27a21/datanode-3/data/ratis/17df147c-491d-4836-abac-1eb6a76b5eac/sm/snapshot.1_0
2020-11-25 02:34:12,003 [b6d97d53-aa91-4e57-a6a4-520098ede0e0@group-DF9DB24D4D4F-StateMachineUpdater] INFO  ratis.ContainerStateMachine (ContainerStateMachine.java:takeSnapshot(304)) - group-DF9DB24D4D4F: Finished taking a snapshot at:(t:1, i:0) file:/github/workspace/mnt/ozone/hadoop-ozone/integration-test/target/test-dir/MiniOzoneClusterImpl-d0d42c39-6fc7-42e8-b6c5-559d28f27a21/datanode-2/data/ratis/7f279ace-28f5-42a0-8910-df9db24d4d4f/sm/snapshot.1_0 time:4
2020-11-25 02:34:12,003 [cb5b50a0-f55f-4fdb-9d24-2575d150ae34@group-1EB6A76B5EAC-StateMachineUpdater] INFO  ratis.ContainerStateMachine (ContainerStateMachine.java:takeSnapshot(304)) - group-1EB6A76B5EAC: Finished taking a snapshot at:(t:1, i:0) file:/github/workspace/mnt/ozone/hadoop-ozone/integration-test/target/test-dir/MiniOzoneClusterImpl-d0d42c39-6fc7-42e8-b6c5-559d28f27a21/datanode-3/data/ratis/17df147c-491d-4836-abac-1eb6a76b5eac/sm/snapshot.1_0 time:3
2020-11-25 02:34:12,003 [b6d97d53-aa91-4e57-a6a4-520098ede0e0@group-DF9DB24D4D4F-StateMachineUpdater] INFO  impl.StateMachineUpdater (StateMachineUpdater.java:takeSnapshot(278)) - b6d97d53-aa91-4e57-a6a4-520098ede0e0@group-DF9DB24D4D4F-StateMachineUpdater: Took a snapshot at index 0
2020-11-25 02:34:12,003 [b6d97d53-aa91-4e57-a6a4-520098ede0e0@group-DF9DB24D4D4F-StateMachineUpdater] INFO  impl.StateMachineUpdater (StateMachineUpdater.java:lambda$new$0(87)) - b6d97d53-aa91-4e57-a6a4-520098ede0e0@group-DF9DB24D4D4F-StateMachineUpdater: snapshotIndex: updateIncreasingly -1 -> 0
2020-11-25 02:34:12,003 [cb5b50a0-f55f-4fdb-9d24-2575d150ae34@group-1EB6A76B5EAC-StateMachineUpdater] INFO  impl.StateMachineUpdater (StateMachineUpdater.java:takeSnapshot(278)) - cb5b50a0-f55f-4fdb-9d24-2575d150ae34@group-1EB6A76B5EAC-StateMachineUpdater: Took a snapshot at index 0
2020-11-25 02:34:12,003 [cb5b50a0-f55f-4fdb-9d24-2575d150ae34@group-1EB6A76B5EAC-StateMachineUpdater] INFO  impl.StateMachineUpdater (StateMachineUpdater.java:lambda$new$0(87)) - cb5b50a0-f55f-4fdb-9d24-2575d150ae34@group-1EB6A76B5EAC-StateMachineUpdater: snapshotIndex: updateIncreasingly -1 -> 0
2020-11-25 02:34:12,003 [b6d97d53-aa91-4e57-a6a4-520098ede0e0@group-DF9DB24D4D4F-StateMachineUpdater] INFO  metrics.RatisMetrics (RatisMetrics.java:unregister(43)) - Unregistering Metrics Registry : ratis.state_machine.b6d97d53-aa91-4e57-a6a4-520098ede0e0@group-DF9DB24D4D4F
2020-11-25 02:34:12,003 [cb5b50a0-f55f-4fdb-9d24-2575d150ae34@group-1EB6A76B5EAC-StateMachineUpdater] INFO  metrics.RatisMetrics (RatisMetrics.java:unregister(43)) - Unregistering Metrics Registry : ratis.state_machine.cb5b50a0-f55f-4fdb-9d24-2575d150ae34@group-1EB6A76B5EAC
2020-11-25 02:34:12,004 [Listener at 127.0.0.1/34527] INFO  impl.RaftServerImpl (ServerState.java:close(406)) - cb5b50a0-f55f-4fdb-9d24-2575d150ae34@group-1EB6A76B5EAC: closes. applyIndex: 0
2020-11-25 02:34:12,004 [ForkJoinPool.commonPool-worker-0] INFO  impl.RaftServerImpl (ServerState.java:close(406)) - b6d97d53-aa91-4e57-a6a4-520098ede0e0@group-DF9DB24D4D4F: closes. applyIndex: 0
2020-11-25 02:34:12,004 [cb5b50a0-f55f-4fdb-9d24-2575d150ae34@group-1EB6A76B5EAC-SegmentedRaftLogWorker] INFO  segmented.SegmentedRaftLogWorker (SegmentedRaftLogWorker.java:run(329)) - cb5b50a0-f55f-4fdb-9d24-2575d150ae34@group-1EB6A76B5EAC-SegmentedRaftLogWorker was interrupted, exiting. There are 0 tasks remaining in the queue.
2020-11-25 02:34:12,004 [b6d97d53-aa91-4e57-a6a4-520098ede0e0@group-DF9DB24D4D4F-SegmentedRaftLogWorker] INFO  segmented.SegmentedRaftLogWorker (SegmentedRaftLogWorker.java:run(329)) - b6d97d53-aa91-4e57-a6a4-520098ede0e0@group-DF9DB24D4D4F-SegmentedRaftLogWorker was interrupted, exiting. There are 0 tasks remaining in the queue.
2020-11-25 02:34:12,005 [ForkJoinPool.commonPool-worker-0] INFO  segmented.SegmentedRaftLogWorker (SegmentedRaftLogWorker.java:close(235)) - b6d97d53-aa91-4e57-a6a4-520098ede0e0@group-DF9DB24D4D4F-SegmentedRaftLogWorker close()
2020-11-25 02:34:12,005 [Listener at 127.0.0.1/34527] INFO  segmented.SegmentedRaftLogWorker (SegmentedRaftLogWorker.java:close(235)) - cb5b50a0-f55f-4fdb-9d24-2575d150ae34@group-1EB6A76B5EAC-SegmentedRaftLogWorker close()
2020-11-25 02:34:12,006 [ForkJoinPool.commonPool-worker-0] INFO  metrics.RatisMetrics (RatisMetrics.java:unregister(43)) - Unregistering Metrics Registry : ratis.log_worker.b6d97d53-aa91-4e57-a6a4-520098ede0e0@group-DF9DB24D4D4F
2020-11-25 02:34:12,006 [ForkJoinPool.commonPool-worker-0] INFO  metrics.RatisMetrics (RatisMetrics.java:unregister(43)) - Unregistering Metrics Registry : ratis.leader_election.b6d97d53-aa91-4e57-a6a4-520098ede0e0@group-DF9DB24D4D4F
2020-11-25 02:34:12,008 [Listener at 127.0.0.1/34527] INFO  metrics.RatisMetrics (RatisMetrics.java:unregister(43)) - Unregistering Metrics Registry : ratis.log_worker.cb5b50a0-f55f-4fdb-9d24-2575d150ae34@group-1EB6A76B5EAC
2020-11-25 02:34:12,008 [Listener at 127.0.0.1/34527] INFO  metrics.RatisMetrics (RatisMetrics.java:unregister(43)) - Unregistering Metrics Registry : ratis.leader_election.cb5b50a0-f55f-4fdb-9d24-2575d150ae34@group-1EB6A76B5EAC
2020-11-25 02:34:12,008 [Listener at 127.0.0.1/34527] INFO  metrics.RatisMetrics (RatisMetrics.java:unregister(43)) - Unregistering Metrics Registry : ratis.server.cb5b50a0-f55f-4fdb-9d24-2575d150ae34@group-1EB6A76B5EAC
2020-11-25 02:34:12,009 [Listener at 127.0.0.1/34527] INFO  impl.RaftServerImpl (RaftServerImpl.java:lambda$shutdown$3(328)) - cb5b50a0-f55f-4fdb-9d24-2575d150ae34@group-EEE74DBD23D6: shutdown
2020-11-25 02:34:12,009 [Listener at 127.0.0.1/34527] INFO  util.JmxRegister (JmxRegister.java:unregister(73)) - Successfully un-registered JMX Bean with object name Ratis:service=RaftServer,group=group-EEE74DBD23D6,id=cb5b50a0-f55f-4fdb-9d24-2575d150ae34
2020-11-25 02:34:12,009 [Listener at 127.0.0.1/34527] INFO  impl.RoleInfo (RoleInfo.java:shutdownLeaderState(104)) - cb5b50a0-f55f-4fdb-9d24-2575d150ae34: shutdown cb5b50a0-f55f-4fdb-9d24-2575d150ae34@group-EEE74DBD23D6-LeaderState
2020-11-25 02:34:12,009 [Listener at 127.0.0.1/34527] INFO  impl.PendingRequests (PendingRequests.java:sendNotLeaderResponses(250)) - cb5b50a0-f55f-4fdb-9d24-2575d150ae34@group-EEE74DBD23D6-PendingRequests: sendNotLeaderResponses
2020-11-25 02:34:12,009 [Listener at 127.0.0.1/34527] INFO  metrics.RatisMetrics (RatisMetrics.java:unregister(43)) - Unregistering Metrics Registry : ratis.log_appender.cb5b50a0-f55f-4fdb-9d24-2575d150ae34@group-EEE74DBD23D6
2020-11-25 02:34:12,009 [Listener at 127.0.0.1/34527] INFO  metrics.RatisMetrics (RatisMetrics.java:unregister(43)) - Unregistering Metrics Registry : ratis.server.cb5b50a0-f55f-4fdb-9d24-2575d150ae34@group-EEE74DBD23D6
2020-11-25 02:34:12,010 [Listener at 127.0.0.1/34527] INFO  impl.StateMachineUpdater (StateMachineUpdater.java:stopAndJoin(147)) - cb5b50a0-f55f-4fdb-9d24-2575d150ae34@group-EEE74DBD23D6-StateMachineUpdater: set stopIndex = 0
2020-11-25 02:34:12,010 [cb5b50a0-f55f-4fdb-9d24-2575d150ae34@group-EEE74DBD23D6-StateMachineUpdater] INFO  ratis.ContainerStateMachine (ContainerStateMachine.java:takeSnapshot(293)) - group-EEE74DBD23D6: Taking a snapshot at:(t:1, i:0) file /github/workspace/mnt/ozone/hadoop-ozone/integration-test/target/test-dir/MiniOzoneClusterImpl-d0d42c39-6fc7-42e8-b6c5-559d28f27a21/datanode-3/data/ratis/5c55f74b-3319-4c7e-b52b-eee74dbd23d6/sm/snapshot.1_0
2020-11-25 02:34:12,009 [ForkJoinPool.commonPool-worker-0] INFO  metrics.RatisMetrics (RatisMetrics.java:unregister(43)) - Unregistering Metrics Registry : ratis.server.b6d97d53-aa91-4e57-a6a4-520098ede0e0@group-DF9DB24D4D4F
2020-11-25 02:34:12,010 [ForkJoinPool.commonPool-worker-0] INFO  impl.RaftServerImpl (RaftServerImpl.java:lambda$shutdown$3(328)) - b6d97d53-aa91-4e57-a6a4-520098ede0e0@group-45A55EF751B1: shutdown
2020-11-25 02:34:12,011 [ForkJoinPool.commonPool-worker-0] INFO  util.JmxRegister (JmxRegister.java:unregister(73)) - Successfully un-registered JMX Bean with object name Ratis:service=RaftServer,group=group-45A55EF751B1,id=b6d97d53-aa91-4e57-a6a4-520098ede0e0
2020-11-25 02:34:12,011 [cb5b50a0-f55f-4fdb-9d24-2575d150ae34@group-EEE74DBD23D6-StateMachineUpdater] INFO  ratis.ContainerStateMachine (ContainerStateMachine.java:takeSnapshot(304)) - group-EEE74DBD23D6: Finished taking a snapshot at:(t:1, i:0) file:/github/workspace/mnt/ozone/hadoop-ozone/integration-test/target/test-dir/MiniOzoneClusterImpl-d0d42c39-6fc7-42e8-b6c5-559d28f27a21/datanode-3/data/ratis/5c55f74b-3319-4c7e-b52b-eee74dbd23d6/sm/snapshot.1_0 time:0
2020-11-25 02:34:12,011 [cb5b50a0-f55f-4fdb-9d24-2575d150ae34@group-EEE74DBD23D6-StateMachineUpdater] INFO  impl.StateMachineUpdater (StateMachineUpdater.java:takeSnapshot(278)) - cb5b50a0-f55f-4fdb-9d24-2575d150ae34@group-EEE74DBD23D6-StateMachineUpdater: Took a snapshot at index 0
2020-11-25 02:34:12,011 [cb5b50a0-f55f-4fdb-9d24-2575d150ae34@group-EEE74DBD23D6-StateMachineUpdater] INFO  impl.StateMachineUpdater (StateMachineUpdater.java:lambda$new$0(87)) - cb5b50a0-f55f-4fdb-9d24-2575d150ae34@group-EEE74DBD23D6-StateMachineUpdater: snapshotIndex: updateIncreasingly -1 -> 0
2020-11-25 02:34:12,011 [cb5b50a0-f55f-4fdb-9d24-2575d150ae34@group-EEE74DBD23D6-StateMachineUpdater] INFO  metrics.RatisMetrics (RatisMetrics.java:unregister(43)) - Unregistering Metrics Registry : ratis.state_machine.cb5b50a0-f55f-4fdb-9d24-2575d150ae34@group-EEE74DBD23D6
2020-11-25 02:34:12,011 [ForkJoinPool.commonPool-worker-0] INFO  impl.RoleInfo (RoleInfo.java:shutdownLeaderState(104)) - b6d97d53-aa91-4e57-a6a4-520098ede0e0: shutdown b6d97d53-aa91-4e57-a6a4-520098ede0e0@group-45A55EF751B1-LeaderState
2020-11-25 02:34:12,011 [ForkJoinPool.commonPool-worker-0] INFO  impl.PendingRequests (PendingRequests.java:sendNotLeaderResponses(250)) - b6d97d53-aa91-4e57-a6a4-520098ede0e0@group-45A55EF751B1-PendingRequests: sendNotLeaderResponses
2020-11-25 02:34:12,012 [Listener at 127.0.0.1/34527] INFO  impl.RaftServerImpl (ServerState.java:close(406)) - cb5b50a0-f55f-4fdb-9d24-2575d150ae34@group-EEE74DBD23D6: closes. applyIndex: 0
2020-11-25 02:34:12,012 [cb5b50a0-f55f-4fdb-9d24-2575d150ae34@group-EEE74DBD23D6-SegmentedRaftLogWorker] INFO  segmented.SegmentedRaftLogWorker (SegmentedRaftLogWorker.java:run(329)) - cb5b50a0-f55f-4fdb-9d24-2575d150ae34@group-EEE74DBD23D6-SegmentedRaftLogWorker was interrupted, exiting. There are 0 tasks remaining in the queue.
2020-11-25 02:34:12,013 [Listener at 127.0.0.1/34527] INFO  segmented.SegmentedRaftLogWorker (SegmentedRaftLogWorker.java:close(235)) - cb5b50a0-f55f-4fdb-9d24-2575d150ae34@group-EEE74DBD23D6-SegmentedRaftLogWorker close()
2020-11-25 02:34:12,014 [Listener at 127.0.0.1/34527] INFO  metrics.RatisMetrics (RatisMetrics.java:unregister(43)) - Unregistering Metrics Registry : ratis.log_worker.cb5b50a0-f55f-4fdb-9d24-2575d150ae34@group-EEE74DBD23D6
2020-11-25 02:34:12,014 [Listener at 127.0.0.1/34527] INFO  metrics.RatisMetrics (RatisMetrics.java:unregister(43)) - Unregistering Metrics Registry : ratis.leader_election.cb5b50a0-f55f-4fdb-9d24-2575d150ae34@group-EEE74DBD23D6
2020-11-25 02:34:12,014 [Listener at 127.0.0.1/34527] INFO  metrics.RatisMetrics (RatisMetrics.java:unregister(43)) - Unregistering Metrics Registry : ratis.server.cb5b50a0-f55f-4fdb-9d24-2575d150ae34@group-EEE74DBD23D6
2020-11-25 02:34:12,014 [Listener at 127.0.0.1/34527] INFO  server.GrpcService (GrpcService.java:closeImpl(184)) - cb5b50a0-f55f-4fdb-9d24-2575d150ae34: shutdown server with port 39075 now
2020-11-25 02:34:12,016 [ForkJoinPool.commonPool-worker-0] INFO  metrics.RatisMetrics (RatisMetrics.java:unregister(43)) - Unregistering Metrics Registry : ratis.log_appender.b6d97d53-aa91-4e57-a6a4-520098ede0e0@group-45A55EF751B1
2020-11-25 02:34:12,016 [ForkJoinPool.commonPool-worker-0] INFO  metrics.RatisMetrics (RatisMetrics.java:unregister(43)) - Unregistering Metrics Registry : ratis.server.b6d97d53-aa91-4e57-a6a4-520098ede0e0@group-45A55EF751B1
2020-11-25 02:34:12,017 [b6d97d53-aa91-4e57-a6a4-520098ede0e0@group-45A55EF751B1-StateMachineUpdater] INFO  ratis.ContainerStateMachine (ContainerStateMachine.java:takeSnapshot(293)) - group-45A55EF751B1: Taking a snapshot at:(t:1, i:10) file /github/workspace/mnt/ozone/hadoop-ozone/integration-test/target/test-dir/MiniOzoneClusterImpl-d0d42c39-6fc7-42e8-b6c5-559d28f27a21/datanode-2/data/ratis/ec9e71af-db77-430e-8e33-45a55ef751b1/sm/snapshot.1_10
2020-11-25 02:34:12,017 [grpc-default-executor-0] WARN  server.GrpcServerProtocolService (LogUtils.java:warn(122)) - cb5b50a0-f55f-4fdb-9d24-2575d150ae34: installSnapshot onError, lastRequest: 11f4bacd-ce3e-419e-997b-c311db6228e0->cb5b50a0-f55f-4fdb-9d24-2575d150ae34#1-t1, previous=(t:0, i:0), leaderCommit=-1, initializing? false, entries: size=1, first=(t:1, i:0), CONFIGURATIONENTRY: org.apache.ratis.thirdparty.io.grpc.StatusRuntimeException: CANCELLED: cancelled before receiving half close
2020-11-25 02:34:12,017 [ForkJoinPool.commonPool-worker-0] INFO  impl.StateMachineUpdater (StateMachineUpdater.java:stopAndJoin(147)) - b6d97d53-aa91-4e57-a6a4-520098ede0e0@group-45A55EF751B1-StateMachineUpdater: set stopIndex = 10
2020-11-25 02:34:12,018 [Listener at 127.0.0.1/34527] INFO  server.GrpcService (GrpcService.java:closeImpl(193)) - cb5b50a0-f55f-4fdb-9d24-2575d150ae34: shutdown server with port 39075 successfully
2020-11-25 02:34:12,017 [grpc-default-executor-1] WARN  server.GrpcLogAppender (LogUtils.java:warn(122)) - 11f4bacd-ce3e-419e-997b-c311db6228e0@group-1EB6A76B5EAC->cb5b50a0-f55f-4fdb-9d24-2575d150ae34-AppendLogResponseHandler: Failed appendEntries: org.apache.ratis.thirdparty.io.grpc.StatusRuntimeException: CANCELLED: HTTP/2 error code: CANCEL
Received Rst Stream
2020-11-25 02:34:12,018 [grpc-default-executor-1] WARN  server.GrpcLogAppender (GrpcLogAppender.java:resetClient(107)) - 11f4bacd-ce3e-419e-997b-c311db6228e0@group-1EB6A76B5EAC->cb5b50a0-f55f-4fdb-9d24-2575d150ae34-GrpcLogAppender: Leader has not got in touch with Follower 11f4bacd-ce3e-419e-997b-c311db6228e0@group-1EB6A76B5EAC->cb5b50a0-f55f-4fdb-9d24-2575d150ae34(c0,m0,n1, attendVote=true, lastRpcSendTime=1524, lastRpcResponseTime=1522) yet, just keep nextIndex unchanged and retry.
2020-11-25 02:34:12,018 [b6d97d53-aa91-4e57-a6a4-520098ede0e0@group-45A55EF751B1-StateMachineUpdater] INFO  ratis.ContainerStateMachine (ContainerStateMachine.java:takeSnapshot(304)) - group-45A55EF751B1: Finished taking a snapshot at:(t:1, i:10) file:/github/workspace/mnt/ozone/hadoop-ozone/integration-test/target/test-dir/MiniOzoneClusterImpl-d0d42c39-6fc7-42e8-b6c5-559d28f27a21/datanode-2/data/ratis/ec9e71af-db77-430e-8e33-45a55ef751b1/sm/snapshot.1_10 time:0
2020-11-25 02:34:12,018 [b6d97d53-aa91-4e57-a6a4-520098ede0e0@group-45A55EF751B1-StateMachineUpdater] INFO  impl.StateMachineUpdater (StateMachineUpdater.java:takeSnapshot(278)) - b6d97d53-aa91-4e57-a6a4-520098ede0e0@group-45A55EF751B1-StateMachineUpdater: Took a snapshot at index 10
2020-11-25 02:34:12,018 [b6d97d53-aa91-4e57-a6a4-520098ede0e0@group-45A55EF751B1-StateMachineUpdater] INFO  impl.StateMachineUpdater (StateMachineUpdater.java:lambda$new$0(87)) - b6d97d53-aa91-4e57-a6a4-520098ede0e0@group-45A55EF751B1-StateMachineUpdater: snapshotIndex: updateIncreasingly -1 -> 10
2020-11-25 02:34:12,021 [b6d97d53-aa91-4e57-a6a4-520098ede0e0@group-45A55EF751B1-StateMachineUpdater] INFO  metrics.RatisMetrics (RatisMetrics.java:unregister(43)) - Unregistering Metrics Registry : ratis.state_machine.b6d97d53-aa91-4e57-a6a4-520098ede0e0@group-45A55EF751B1
2020-11-25 02:34:12,021 [ForkJoinPool.commonPool-worker-0] INFO  impl.RaftServerImpl (ServerState.java:close(406)) - b6d97d53-aa91-4e57-a6a4-520098ede0e0@group-45A55EF751B1: closes. applyIndex: 10
2020-11-25 02:34:12,022 [b6d97d53-aa91-4e57-a6a4-520098ede0e0@group-45A55EF751B1-SegmentedRaftLogWorker] INFO  segmented.SegmentedRaftLogWorker (SegmentedRaftLogWorker.java:run(329)) - b6d97d53-aa91-4e57-a6a4-520098ede0e0@group-45A55EF751B1-SegmentedRaftLogWorker was interrupted, exiting. There are 0 tasks remaining in the queue.
2020-11-25 02:34:12,023 [ForkJoinPool.commonPool-worker-0] INFO  segmented.SegmentedRaftLogWorker (SegmentedRaftLogWorker.java:close(235)) - b6d97d53-aa91-4e57-a6a4-520098ede0e0@group-45A55EF751B1-SegmentedRaftLogWorker close()
2020-11-25 02:34:12,023 [Listener at 127.0.0.1/34527] INFO  utils.BackgroundService (BackgroundService.java:shutdown(132)) - Shutting down service BlockDeletingService
2020-11-25 02:34:12,024 [ForkJoinPool.commonPool-worker-0] INFO  metrics.RatisMetrics (RatisMetrics.java:unregister(43)) - Unregistering Metrics Registry : ratis.log_worker.b6d97d53-aa91-4e57-a6a4-520098ede0e0@group-45A55EF751B1
2020-11-25 02:34:12,024 [ForkJoinPool.commonPool-worker-0] INFO  metrics.RatisMetrics (RatisMetrics.java:unregister(43)) - Unregistering Metrics Registry : ratis.leader_election.b6d97d53-aa91-4e57-a6a4-520098ede0e0@group-45A55EF751B1
2020-11-25 02:34:12,024 [ForkJoinPool.commonPool-worker-0] INFO  metrics.RatisMetrics (RatisMetrics.java:unregister(43)) - Unregistering Metrics Registry : ratis.server.b6d97d53-aa91-4e57-a6a4-520098ede0e0@group-45A55EF751B1
2020-11-25 02:34:12,025 [ForkJoinPool.commonPool-worker-0] INFO  server.GrpcService (GrpcService.java:closeImpl(184)) - b6d97d53-aa91-4e57-a6a4-520098ede0e0: shutdown server with port 36527 now
2020-11-25 02:34:12,026 [grpc-default-executor-2] WARN  server.GrpcServerProtocolService (LogUtils.java:warn(122)) - b6d97d53-aa91-4e57-a6a4-520098ede0e0: installSnapshot onError, lastRequest: e43fd066-151b-4ea1-913f-b553867c15bd->b6d97d53-aa91-4e57-a6a4-520098ede0e0#1-t1, previous=(t:0, i:0), leaderCommit=0, initializing? false, entries: size=1, first=(t:1, i:0), CONFIGURATIONENTRY: org.apache.ratis.thirdparty.io.grpc.StatusRuntimeException: CANCELLED: cancelled before receiving half close
2020-11-25 02:34:12,026 [grpc-default-executor-1] WARN  server.GrpcLogAppender (LogUtils.java:warn(122)) - e43fd066-151b-4ea1-913f-b553867c15bd@group-DF9DB24D4D4F->b6d97d53-aa91-4e57-a6a4-520098ede0e0-AppendLogResponseHandler: Failed appendEntries: org.apache.ratis.thirdparty.io.grpc.StatusRuntimeException: CANCELLED: HTTP/2 error code: CANCEL
Received Rst Stream
2020-11-25 02:34:12,026 [grpc-default-executor-1] WARN  server.GrpcLogAppender (GrpcLogAppender.java:resetClient(107)) - e43fd066-151b-4ea1-913f-b553867c15bd@group-DF9DB24D4D4F->b6d97d53-aa91-4e57-a6a4-520098ede0e0-GrpcLogAppender: Leader has not got in touch with Follower e43fd066-151b-4ea1-913f-b553867c15bd@group-DF9DB24D4D4F->b6d97d53-aa91-4e57-a6a4-520098ede0e0(c0,m0,n1, attendVote=true, lastRpcSendTime=2141, lastRpcResponseTime=2139) yet, just keep nextIndex unchanged and retry.
2020-11-25 02:34:12,027 [ForkJoinPool.commonPool-worker-0] INFO  server.GrpcService (GrpcService.java:closeImpl(193)) - b6d97d53-aa91-4e57-a6a4-520098ede0e0: shutdown server with port 36527 successfully
2020-11-25 02:34:12,030 [Listener at 127.0.0.1/34527] INFO  statemachine.DatanodeStateMachine (DatanodeStateMachine.java:stopDaemon(459)) - Ozone container server stopped.
2020-11-25 02:34:12,030 [ForkJoinPool.commonPool-worker-0] INFO  utils.BackgroundService (BackgroundService.java:shutdown(132)) - Shutting down service BlockDeletingService
2020-11-25 02:34:12,033 [ForkJoinPool.commonPool-worker-0] INFO  statemachine.DatanodeStateMachine (DatanodeStateMachine.java:stopDaemon(459)) - Ozone container server stopped.
2020-11-25 02:34:12,043 [Listener at 127.0.0.1/34527] INFO  handler.ContextHandler (ContextHandler.java:doStop(1154)) - Stopped o.e.j.w.WebAppContext@e0b8461{hddsDatanode,/,null,STOPPED}{jar:file:/home/user/.m2/repository/org/apache/hadoop/hadoop-hdds-container-service/1.1.0-SNAPSHOT/hadoop-hdds-container-service-1.1.0-SNAPSHOT.jar!/webapps/hddsDatanode}
2020-11-25 02:34:12,045 [Listener at 127.0.0.1/34527] INFO  server.AbstractConnector (AbstractConnector.java:doStop(381)) - Stopped ServerConnector@6d7924e2{HTTP/1.1, (http/1.1)}{0.0.0.0:0}
2020-11-25 02:34:12,045 [Listener at 127.0.0.1/34527] INFO  server.session (HouseKeeper.java:stopScavenging(149)) - node0 Stopped scavenging
2020-11-25 02:34:12,045 [Listener at 127.0.0.1/34527] INFO  handler.ContextHandler (ContextHandler.java:doStop(1154)) - Stopped o.e.j.s.ServletContextHandler@67c03259{static,/static,jar:file:/home/user/.m2/repository/org/apache/hadoop/hadoop-hdds-container-service/1.1.0-SNAPSHOT/hadoop-hdds-container-service-1.1.0-SNAPSHOT.jar!/webapps/static,STOPPED}
2020-11-25 02:34:12,045 [Listener at 127.0.0.1/34527] INFO  handler.ContextHandler (ContextHandler.java:doStop(1154)) - Stopped o.e.j.s.ServletContextHandler@670c8408{logs,/logs,file:///github/workspace/mnt/ozone/hadoop-ozone/integration-test/target/log,STOPPED}
2020-11-25 02:34:12,046 [ForkJoinPool.commonPool-worker-0] INFO  handler.ContextHandler (ContextHandler.java:doStop(1154)) - Stopped o.e.j.w.WebAppContext@4ebc7412{hddsDatanode,/,null,STOPPED}{jar:file:/home/user/.m2/repository/org/apache/hadoop/hadoop-hdds-container-service/1.1.0-SNAPSHOT/hadoop-hdds-container-service-1.1.0-SNAPSHOT.jar!/webapps/hddsDatanode}
2020-11-25 02:34:12,047 [ForkJoinPool.commonPool-worker-0] INFO  server.AbstractConnector (AbstractConnector.java:doStop(381)) - Stopped ServerConnector@4b81d4ff{HTTP/1.1, (http/1.1)}{0.0.0.0:0}
2020-11-25 02:34:12,047 [ForkJoinPool.commonPool-worker-0] INFO  server.session (HouseKeeper.java:stopScavenging(149)) - node0 Stopped scavenging
2020-11-25 02:34:12,047 [ForkJoinPool.commonPool-worker-0] INFO  handler.ContextHandler (ContextHandler.java:doStop(1154)) - Stopped o.e.j.s.ServletContextHandler@5adc1ee5{static,/static,jar:file:/home/user/.m2/repository/org/apache/hadoop/hadoop-hdds-container-service/1.1.0-SNAPSHOT/hadoop-hdds-container-service-1.1.0-SNAPSHOT.jar!/webapps/static,STOPPED}
2020-11-25 02:34:12,048 [ForkJoinPool.commonPool-worker-0] INFO  handler.ContextHandler (ContextHandler.java:doStop(1154)) - Stopped o.e.j.s.ServletContextHandler@267775c6{logs,/logs,file:///github/workspace/mnt/ozone/hadoop-ozone/integration-test/target/log,STOPPED}
2020-11-25 02:34:12,379 [Datanode State Machine Thread - 0] INFO  statemachine.DatanodeStateMachine (DatanodeStateMachine.java:lambda$startDaemon$0(406)) - Ozone container server started.
2020-11-25 02:34:12,381 [grpc-default-executor-3] WARN  server.GrpcLogAppender (LogUtils.java:warn(122)) - e43fd066-151b-4ea1-913f-b553867c15bd@group-DF9DB24D4D4F->1e088f42-7967-4bed-bfe8-98dc90046f57-AppendLogResponseHandler: Failed appendEntries: org.apache.ratis.thirdparty.io.grpc.StatusRuntimeException: UNAVAILABLE: io exception
2020-11-25 02:34:12,382 [grpc-default-executor-3] WARN  server.GrpcLogAppender (GrpcLogAppender.java:resetClient(107)) - e43fd066-151b-4ea1-913f-b553867c15bd@group-DF9DB24D4D4F->1e088f42-7967-4bed-bfe8-98dc90046f57-GrpcLogAppender: Leader has not got in touch with Follower e43fd066-151b-4ea1-913f-b553867c15bd@group-DF9DB24D4D4F->1e088f42-7967-4bed-bfe8-98dc90046f57(c0,m0,n1, attendVote=true, lastRpcSendTime=1, lastRpcResponseTime=7506) yet, just keep nextIndex unchanged and retry.
2020-11-25 02:34:12,388 [grpc-default-executor-2] WARN  server.GrpcLogAppender (LogUtils.java:warn(122)) - e43fd066-151b-4ea1-913f-b553867c15bd@group-DF9DB24D4D4F->b6d97d53-aa91-4e57-a6a4-520098ede0e0-AppendLogResponseHandler: Failed appendEntries: org.apache.ratis.thirdparty.io.grpc.StatusRuntimeException: UNAVAILABLE: io exception
2020-11-25 02:34:12,388 [grpc-default-executor-2] WARN  server.GrpcLogAppender (GrpcLogAppender.java:resetClient(107)) - e43fd066-151b-4ea1-913f-b553867c15bd@group-DF9DB24D4D4F->b6d97d53-aa91-4e57-a6a4-520098ede0e0-GrpcLogAppender: Leader has not got in touch with Follower e43fd066-151b-4ea1-913f-b553867c15bd@group-DF9DB24D4D4F->b6d97d53-aa91-4e57-a6a4-520098ede0e0(c0,m0,n1, attendVote=true, lastRpcSendTime=0, lastRpcResponseTime=2501) yet, just keep nextIndex unchanged and retry.
2020-11-25 02:34:12,528 [Datanode State Machine Thread - 0] INFO  statemachine.DatanodeStateMachine (DatanodeStateMachine.java:lambda$startDaemon$0(406)) - Ozone container server started.
2020-11-25 02:34:12,998 [grpc-default-executor-3] WARN  server.GrpcLogAppender (LogUtils.java:warn(122)) - 11f4bacd-ce3e-419e-997b-c311db6228e0@group-1EB6A76B5EAC->cb5b50a0-f55f-4fdb-9d24-2575d150ae34-AppendLogResponseHandler: Failed appendEntries: org.apache.ratis.thirdparty.io.grpc.StatusRuntimeException: UNAVAILABLE: io exception
2020-11-25 02:34:12,998 [grpc-default-executor-3] WARN  server.GrpcLogAppender (GrpcLogAppender.java:resetClient(107)) - 11f4bacd-ce3e-419e-997b-c311db6228e0@group-1EB6A76B5EAC->cb5b50a0-f55f-4fdb-9d24-2575d150ae34-GrpcLogAppender: Leader has not got in touch with Follower 11f4bacd-ce3e-419e-997b-c311db6228e0@group-1EB6A76B5EAC->cb5b50a0-f55f-4fdb-9d24-2575d150ae34(c0,m0,n1, attendVote=true, lastRpcSendTime=1, lastRpcResponseTime=2502) yet, just keep nextIndex unchanged and retry.
2020-11-25 02:34:13,000 [grpc-default-executor-3] WARN  server.GrpcLogAppender (LogUtils.java:warn(122)) - 11f4bacd-ce3e-419e-997b-c311db6228e0@group-1EB6A76B5EAC->74fe976e-ba5c-47a6-8181-a40142644b6d-AppendLogResponseHandler: Failed appendEntries: org.apache.ratis.thirdparty.io.grpc.StatusRuntimeException: UNAVAILABLE: io exception
2020-11-25 02:34:13,000 [grpc-default-executor-3] WARN  server.GrpcLogAppender (GrpcLogAppender.java:resetClient(107)) - 11f4bacd-ce3e-419e-997b-c311db6228e0@group-1EB6A76B5EAC->74fe976e-ba5c-47a6-8181-a40142644b6d-GrpcLogAppender: Leader has not got in touch with Follower 11f4bacd-ce3e-419e-997b-c311db6228e0@group-1EB6A76B5EAC->74fe976e-ba5c-47a6-8181-a40142644b6d(c0,m0,n1, attendVote=true, lastRpcSendTime=0, lastRpcResponseTime=7503) yet, just keep nextIndex unchanged and retry.
2020-11-25 02:34:14,882 [grpc-default-executor-3] WARN  server.GrpcLogAppender (LogUtils.java:warn(122)) - e43fd066-151b-4ea1-913f-b553867c15bd@group-DF9DB24D4D4F->1e088f42-7967-4bed-bfe8-98dc90046f57-AppendLogResponseHandler: Failed appendEntries: org.apache.ratis.thirdparty.io.grpc.StatusRuntimeException: UNAVAILABLE: io exception
2020-11-25 02:34:14,883 [grpc-default-executor-3] WARN  server.GrpcLogAppender (GrpcLogAppender.java:resetClient(107)) - e43fd066-151b-4ea1-913f-b553867c15bd@group-DF9DB24D4D4F->1e088f42-7967-4bed-bfe8-98dc90046f57-GrpcLogAppender: Leader has not got in touch with Follower e43fd066-151b-4ea1-913f-b553867c15bd@group-DF9DB24D4D4F->1e088f42-7967-4bed-bfe8-98dc90046f57(c0,m0,n1, attendVote=true, lastRpcSendTime=0, lastRpcResponseTime=10006) yet, just keep nextIndex unchanged and retry.
2020-11-25 02:34:14,889 [grpc-default-executor-3] WARN  server.GrpcLogAppender (LogUtils.java:warn(122)) - e43fd066-151b-4ea1-913f-b553867c15bd@group-DF9DB24D4D4F->b6d97d53-aa91-4e57-a6a4-520098ede0e0-AppendLogResponseHandler: Failed appendEntries: org.apache.ratis.thirdparty.io.grpc.StatusRuntimeException: UNAVAILABLE: io exception
2020-11-25 02:34:14,889 [grpc-default-executor-3] WARN  server.GrpcLogAppender (GrpcLogAppender.java:resetClient(107)) - e43fd066-151b-4ea1-913f-b553867c15bd@group-DF9DB24D4D4F->b6d97d53-aa91-4e57-a6a4-520098ede0e0-GrpcLogAppender: Leader has not got in touch with Follower e43fd066-151b-4ea1-913f-b553867c15bd@group-DF9DB24D4D4F->b6d97d53-aa91-4e57-a6a4-520098ede0e0(c0,m0,n1, attendVote=true, lastRpcSendTime=0, lastRpcResponseTime=5002) yet, just keep nextIndex unchanged and retry.
2020-11-25 02:34:15,498 [grpc-default-executor-3] WARN  server.GrpcLogAppender (LogUtils.java:warn(122)) - 11f4bacd-ce3e-419e-997b-c311db6228e0@group-1EB6A76B5EAC->cb5b50a0-f55f-4fdb-9d24-2575d150ae34-AppendLogResponseHandler: Failed appendEntries: org.apache.ratis.thirdparty.io.grpc.StatusRuntimeException: UNAVAILABLE: io exception
2020-11-25 02:34:15,499 [grpc-default-executor-3] WARN  server.GrpcLogAppender (GrpcLogAppender.java:resetClient(107)) - 11f4bacd-ce3e-419e-997b-c311db6228e0@group-1EB6A76B5EAC->cb5b50a0-f55f-4fdb-9d24-2575d150ae34-GrpcLogAppender: Leader has not got in touch with Follower 11f4bacd-ce3e-419e-997b-c311db6228e0@group-1EB6A76B5EAC->cb5b50a0-f55f-4fdb-9d24-2575d150ae34(c0,m0,n1, attendVote=true, lastRpcSendTime=0, lastRpcResponseTime=5003) yet, just keep nextIndex unchanged and retry.
2020-11-25 02:34:15,500 [grpc-default-executor-3] WARN  server.GrpcLogAppender (LogUtils.java:warn(122)) - 11f4bacd-ce3e-419e-997b-c311db6228e0@group-1EB6A76B5EAC->74fe976e-ba5c-47a6-8181-a40142644b6d-AppendLogResponseHandler: Failed appendEntries: org.apache.ratis.thirdparty.io.grpc.StatusRuntimeException: UNAVAILABLE: io exception
2020-11-25 02:34:15,501 [grpc-default-executor-3] WARN  server.GrpcLogAppender (GrpcLogAppender.java:resetClient(107)) - 11f4bacd-ce3e-419e-997b-c311db6228e0@group-1EB6A76B5EAC->74fe976e-ba5c-47a6-8181-a40142644b6d-GrpcLogAppender: Leader has not got in touch with Follower 11f4bacd-ce3e-419e-997b-c311db6228e0@group-1EB6A76B5EAC->74fe976e-ba5c-47a6-8181-a40142644b6d(c0,m0,n1, attendVote=true, lastRpcSendTime=0, lastRpcResponseTime=10004) yet, just keep nextIndex unchanged and retry.
2020-11-25 02:34:17,047 [Listener at 127.0.0.1/34527] INFO  ozoneimpl.OzoneContainer (OzoneContainer.java:stop(257)) - Attempting to stop container services.
2020-11-25 02:34:17,047 [Listener at 127.0.0.1/34527] INFO  impl.RaftServerProxy (RaftServerProxy.java:lambda$close$4(338)) - 57b917c9-e56d-4891-b77d-d7ae8505e2a5: close
2020-11-25 02:34:17,048 [Listener at 127.0.0.1/34527] INFO  impl.RaftServerImpl (RaftServerImpl.java:lambda$shutdown$3(328)) - 57b917c9-e56d-4891-b77d-d7ae8505e2a5@group-B5F515BB86F2: shutdown
2020-11-25 02:34:17,048 [Listener at 127.0.0.1/34527] INFO  util.JmxRegister (JmxRegister.java:unregister(73)) - Successfully un-registered JMX Bean with object name Ratis:service=RaftServer,group=group-B5F515BB86F2,id=57b917c9-e56d-4891-b77d-d7ae8505e2a5
2020-11-25 02:34:17,048 [Listener at 127.0.0.1/34527] INFO  impl.RoleInfo (RoleInfo.java:shutdownLeaderState(104)) - 57b917c9-e56d-4891-b77d-d7ae8505e2a5: shutdown 57b917c9-e56d-4891-b77d-d7ae8505e2a5@group-B5F515BB86F2-LeaderState
2020-11-25 02:34:17,048 [Listener at 127.0.0.1/34527] INFO  impl.PendingRequests (PendingRequests.java:sendNotLeaderResponses(250)) - 57b917c9-e56d-4891-b77d-d7ae8505e2a5@group-B5F515BB86F2-PendingRequests: sendNotLeaderResponses
2020-11-25 02:34:17,052 [Listener at 127.0.0.1/34527] INFO  metrics.RatisMetrics (RatisMetrics.java:unregister(43)) - Unregistering Metrics Registry : ratis.log_appender.57b917c9-e56d-4891-b77d-d7ae8505e2a5@group-B5F515BB86F2
2020-11-25 02:34:17,052 [ForkJoinPool.commonPool-worker-0] INFO  ozoneimpl.OzoneContainer (OzoneContainer.java:stop(257)) - Attempting to stop container services.
2020-11-25 02:34:17,054 [ForkJoinPool.commonPool-worker-0] INFO  impl.RaftServerProxy (RaftServerProxy.java:lambda$close$4(338)) - e43fd066-151b-4ea1-913f-b553867c15bd: close
2020-11-25 02:34:17,054 [ForkJoinPool.commonPool-worker-0] INFO  impl.RaftServerImpl (RaftServerImpl.java:lambda$shutdown$3(328)) - e43fd066-151b-4ea1-913f-b553867c15bd@group-DF9DB24D4D4F: shutdown
2020-11-25 02:34:17,054 [ForkJoinPool.commonPool-worker-0] INFO  util.JmxRegister (JmxRegister.java:unregister(73)) - Successfully un-registered JMX Bean with object name Ratis:service=RaftServer,group=group-DF9DB24D4D4F,id=e43fd066-151b-4ea1-913f-b553867c15bd
2020-11-25 02:34:17,054 [ForkJoinPool.commonPool-worker-0] INFO  impl.RoleInfo (RoleInfo.java:shutdownLeaderState(104)) - e43fd066-151b-4ea1-913f-b553867c15bd: shutdown e43fd066-151b-4ea1-913f-b553867c15bd@group-DF9DB24D4D4F-LeaderState
2020-11-25 02:34:17,054 [ForkJoinPool.commonPool-worker-0] INFO  metrics.RatisMetrics (RatisMetrics.java:unregister(43)) - Unregistering Metrics Registry : ratis_grpc.log_appender.e43fd066-151b-4ea1-913f-b553867c15bd@group-DF9DB24D4D4F
2020-11-25 02:34:17,055 [ForkJoinPool.commonPool-worker-0] INFO  metrics.RatisMetrics (RatisMetrics.java:unregister(43)) - Unregistering Metrics Registry : ratis_grpc.log_appender.e43fd066-151b-4ea1-913f-b553867c15bd@group-DF9DB24D4D4F
2020-11-25 02:34:17,055 [ForkJoinPool.commonPool-worker-0] INFO  impl.PendingRequests (PendingRequests.java:sendNotLeaderResponses(250)) - e43fd066-151b-4ea1-913f-b553867c15bd@group-DF9DB24D4D4F-PendingRequests: sendNotLeaderResponses
2020-11-25 02:34:17,055 [org.apache.ratis.server.impl.LogAppender$AppenderDaemon$$Lambda$474/587826959@4441ddec] WARN  server.GrpcLogAppender (GrpcLogAppender.java:mayWait(168)) - e43fd066-151b-4ea1-913f-b553867c15bd@group-DF9DB24D4D4F->b6d97d53-aa91-4e57-a6a4-520098ede0e0-GrpcLogAppender: Wait interrupted by java.lang.InterruptedException
2020-11-25 02:34:17,053 [Listener at 127.0.0.1/34527] INFO  metrics.RatisMetrics (RatisMetrics.java:unregister(43)) - Unregistering Metrics Registry : ratis.server.57b917c9-e56d-4891-b77d-d7ae8505e2a5@group-B5F515BB86F2
2020-11-25 02:34:17,055 [ForkJoinPool.commonPool-worker-0] INFO  metrics.RatisMetrics (RatisMetrics.java:unregister(43)) - Unregistering Metrics Registry : ratis.log_appender.e43fd066-151b-4ea1-913f-b553867c15bd@group-DF9DB24D4D4F
2020-11-25 02:34:17,059 [ForkJoinPool.commonPool-worker-0] INFO  metrics.RatisMetrics (RatisMetrics.java:unregister(43)) - Unregistering Metrics Registry : ratis.server.e43fd066-151b-4ea1-913f-b553867c15bd@group-DF9DB24D4D4F
2020-11-25 02:34:17,055 [org.apache.ratis.server.impl.LogAppender$AppenderDaemon$$Lambda$474/587826959@12d419a1] WARN  server.GrpcLogAppender (GrpcLogAppender.java:mayWait(168)) - e43fd066-151b-4ea1-913f-b553867c15bd@group-DF9DB24D4D4F->1e088f42-7967-4bed-bfe8-98dc90046f57-GrpcLogAppender: Wait interrupted by java.lang.InterruptedException
2020-11-25 02:34:17,060 [57b917c9-e56d-4891-b77d-d7ae8505e2a5@group-B5F515BB86F2-StateMachineUpdater] INFO  ratis.ContainerStateMachine (ContainerStateMachine.java:takeSnapshot(293)) - group-B5F515BB86F2: Taking a snapshot at:(t:1, i:17) file /github/workspace/mnt/ozone/hadoop-ozone/integration-test/target/test-dir/MiniOzoneClusterImpl-d0d42c39-6fc7-42e8-b6c5-559d28f27a21/datanode-6/data/ratis/f3c87e3a-bc71-4398-818a-b5f515bb86f2/sm/snapshot.1_17
2020-11-25 02:34:17,060 [ForkJoinPool.commonPool-worker-0] INFO  impl.StateMachineUpdater (StateMachineUpdater.java:stopAndJoin(147)) - e43fd066-151b-4ea1-913f-b553867c15bd@group-DF9DB24D4D4F-StateMachineUpdater: set stopIndex = 0
2020-11-25 02:34:17,060 [Listener at 127.0.0.1/34527] INFO  impl.StateMachineUpdater (StateMachineUpdater.java:stopAndJoin(147)) - 57b917c9-e56d-4891-b77d-d7ae8505e2a5@group-B5F515BB86F2-StateMachineUpdater: set stopIndex = 17
2020-11-25 02:34:17,060 [e43fd066-151b-4ea1-913f-b553867c15bd@group-DF9DB24D4D4F-StateMachineUpdater] INFO  ratis.ContainerStateMachine (ContainerStateMachine.java:takeSnapshot(293)) - group-DF9DB24D4D4F: Taking a snapshot at:(t:1, i:0) file /github/workspace/mnt/ozone/hadoop-ozone/integration-test/target/test-dir/MiniOzoneClusterImpl-d0d42c39-6fc7-42e8-b6c5-559d28f27a21/datanode-0/data/ratis/7f279ace-28f5-42a0-8910-df9db24d4d4f/sm/snapshot.1_0
2020-11-25 02:34:17,061 [e43fd066-151b-4ea1-913f-b553867c15bd@group-DF9DB24D4D4F-StateMachineUpdater] INFO  ratis.ContainerStateMachine (ContainerStateMachine.java:takeSnapshot(304)) - group-DF9DB24D4D4F: Finished taking a snapshot at:(t:1, i:0) file:/github/workspace/mnt/ozone/hadoop-ozone/integration-test/target/test-dir/MiniOzoneClusterImpl-d0d42c39-6fc7-42e8-b6c5-559d28f27a21/datanode-0/data/ratis/7f279ace-28f5-42a0-8910-df9db24d4d4f/sm/snapshot.1_0 time:1
2020-11-25 02:34:17,061 [57b917c9-e56d-4891-b77d-d7ae8505e2a5@group-B5F515BB86F2-StateMachineUpdater] INFO  ratis.ContainerStateMachine (ContainerStateMachine.java:takeSnapshot(304)) - group-B5F515BB86F2: Finished taking a snapshot at:(t:1, i:17) file:/github/workspace/mnt/ozone/hadoop-ozone/integration-test/target/test-dir/MiniOzoneClusterImpl-d0d42c39-6fc7-42e8-b6c5-559d28f27a21/datanode-6/data/ratis/f3c87e3a-bc71-4398-818a-b5f515bb86f2/sm/snapshot.1_17 time:2
2020-11-25 02:34:17,062 [e43fd066-151b-4ea1-913f-b553867c15bd@group-DF9DB24D4D4F-StateMachineUpdater] INFO  impl.StateMachineUpdater (StateMachineUpdater.java:takeSnapshot(278)) - e43fd066-151b-4ea1-913f-b553867c15bd@group-DF9DB24D4D4F-StateMachineUpdater: Took a snapshot at index 0
2020-11-25 02:34:17,062 [e43fd066-151b-4ea1-913f-b553867c15bd@group-DF9DB24D4D4F-StateMachineUpdater] INFO  impl.StateMachineUpdater (StateMachineUpdater.java:lambda$new$0(87)) - e43fd066-151b-4ea1-913f-b553867c15bd@group-DF9DB24D4D4F-StateMachineUpdater: snapshotIndex: updateIncreasingly -1 -> 0
2020-11-25 02:34:17,062 [57b917c9-e56d-4891-b77d-d7ae8505e2a5@group-B5F515BB86F2-StateMachineUpdater] INFO  impl.StateMachineUpdater (StateMachineUpdater.java:takeSnapshot(278)) - 57b917c9-e56d-4891-b77d-d7ae8505e2a5@group-B5F515BB86F2-StateMachineUpdater: Took a snapshot at index 17
2020-11-25 02:34:17,062 [57b917c9-e56d-4891-b77d-d7ae8505e2a5@group-B5F515BB86F2-StateMachineUpdater] INFO  impl.StateMachineUpdater (StateMachineUpdater.java:lambda$new$0(87)) - 57b917c9-e56d-4891-b77d-d7ae8505e2a5@group-B5F515BB86F2-StateMachineUpdater: snapshotIndex: updateIncreasingly -1 -> 17
2020-11-25 02:34:17,062 [e43fd066-151b-4ea1-913f-b553867c15bd@group-DF9DB24D4D4F-StateMachineUpdater] INFO  metrics.RatisMetrics (RatisMetrics.java:unregister(43)) - Unregistering Metrics Registry : ratis.state_machine.e43fd066-151b-4ea1-913f-b553867c15bd@group-DF9DB24D4D4F
2020-11-25 02:34:17,062 [57b917c9-e56d-4891-b77d-d7ae8505e2a5@group-B5F515BB86F2-StateMachineUpdater] INFO  metrics.RatisMetrics (RatisMetrics.java:unregister(43)) - Unregistering Metrics Registry : ratis.state_machine.57b917c9-e56d-4891-b77d-d7ae8505e2a5@group-B5F515BB86F2
2020-11-25 02:34:17,062 [ForkJoinPool.commonPool-worker-0] INFO  impl.RaftServerImpl (ServerState.java:close(406)) - e43fd066-151b-4ea1-913f-b553867c15bd@group-DF9DB24D4D4F: closes. applyIndex: 0
2020-11-25 02:34:17,062 [e43fd066-151b-4ea1-913f-b553867c15bd@group-DF9DB24D4D4F-SegmentedRaftLogWorker] INFO  segmented.SegmentedRaftLogWorker (SegmentedRaftLogWorker.java:run(329)) - e43fd066-151b-4ea1-913f-b553867c15bd@group-DF9DB24D4D4F-SegmentedRaftLogWorker was interrupted, exiting. There are 0 tasks remaining in the queue.
2020-11-25 02:34:17,063 [Listener at 127.0.0.1/34527] INFO  impl.RaftServerImpl (ServerState.java:close(406)) - 57b917c9-e56d-4891-b77d-d7ae8505e2a5@group-B5F515BB86F2: closes. applyIndex: 17
2020-11-25 02:34:17,063 [ForkJoinPool.commonPool-worker-0] INFO  segmented.SegmentedRaftLogWorker (SegmentedRaftLogWorker.java:close(235)) - e43fd066-151b-4ea1-913f-b553867c15bd@group-DF9DB24D4D4F-SegmentedRaftLogWorker close()
2020-11-25 02:34:17,063 [ForkJoinPool.commonPool-worker-0] INFO  metrics.RatisMetrics (RatisMetrics.java:unregister(43)) - Unregistering Metrics Registry : ratis.log_worker.e43fd066-151b-4ea1-913f-b553867c15bd@group-DF9DB24D4D4F
2020-11-25 02:34:17,063 [ForkJoinPool.commonPool-worker-0] INFO  metrics.RatisMetrics (RatisMetrics.java:unregister(43)) - Unregistering Metrics Registry : ratis.leader_election.e43fd066-151b-4ea1-913f-b553867c15bd@group-DF9DB24D4D4F
2020-11-25 02:34:17,064 [ForkJoinPool.commonPool-worker-0] INFO  metrics.RatisMetrics (RatisMetrics.java:unregister(43)) - Unregistering Metrics Registry : ratis.server.e43fd066-151b-4ea1-913f-b553867c15bd@group-DF9DB24D4D4F
2020-11-25 02:34:17,064 [ForkJoinPool.commonPool-worker-0] INFO  impl.RaftServerImpl (RaftServerImpl.java:lambda$shutdown$3(328)) - e43fd066-151b-4ea1-913f-b553867c15bd@group-11890950A593: shutdown
2020-11-25 02:34:17,064 [57b917c9-e56d-4891-b77d-d7ae8505e2a5@group-B5F515BB86F2-SegmentedRaftLogWorker] INFO  segmented.SegmentedRaftLogWorker (SegmentedRaftLogWorker.java:run(329)) - 57b917c9-e56d-4891-b77d-d7ae8505e2a5@group-B5F515BB86F2-SegmentedRaftLogWorker was interrupted, exiting. There are 0 tasks remaining in the queue.
2020-11-25 02:34:17,066 [Listener at 127.0.0.1/34527] INFO  segmented.SegmentedRaftLogWorker (SegmentedRaftLogWorker.java:close(235)) - 57b917c9-e56d-4891-b77d-d7ae8505e2a5@group-B5F515BB86F2-SegmentedRaftLogWorker close()
2020-11-25 02:34:17,066 [ForkJoinPool.commonPool-worker-0] INFO  util.JmxRegister (JmxRegister.java:unregister(73)) - Successfully un-registered JMX Bean with object name Ratis:service=RaftServer,group=group-11890950A593,id=e43fd066-151b-4ea1-913f-b553867c15bd
2020-11-25 02:34:17,066 [ForkJoinPool.commonPool-worker-0] INFO  impl.RoleInfo (RoleInfo.java:shutdownLeaderState(104)) - e43fd066-151b-4ea1-913f-b553867c15bd: shutdown e43fd066-151b-4ea1-913f-b553867c15bd@group-11890950A593-LeaderState
2020-11-25 02:34:17,066 [ForkJoinPool.commonPool-worker-0] INFO  impl.PendingRequests (PendingRequests.java:sendNotLeaderResponses(250)) - e43fd066-151b-4ea1-913f-b553867c15bd@group-11890950A593-PendingRequests: sendNotLeaderResponses
2020-11-25 02:34:17,066 [ForkJoinPool.commonPool-worker-0] INFO  metrics.RatisMetrics (RatisMetrics.java:unregister(43)) - Unregistering Metrics Registry : ratis.log_appender.e43fd066-151b-4ea1-913f-b553867c15bd@group-11890950A593
2020-11-25 02:34:17,067 [ForkJoinPool.commonPool-worker-0] INFO  metrics.RatisMetrics (RatisMetrics.java:unregister(43)) - Unregistering Metrics Registry : ratis.server.e43fd066-151b-4ea1-913f-b553867c15bd@group-11890950A593
2020-11-25 02:34:17,066 [Listener at 127.0.0.1/34527] INFO  metrics.RatisMetrics (RatisMetrics.java:unregister(43)) - Unregistering Metrics Registry : ratis.log_worker.57b917c9-e56d-4891-b77d-d7ae8505e2a5@group-B5F515BB86F2
2020-11-25 02:34:17,067 [Listener at 127.0.0.1/34527] INFO  metrics.RatisMetrics (RatisMetrics.java:unregister(43)) - Unregistering Metrics Registry : ratis.leader_election.57b917c9-e56d-4891-b77d-d7ae8505e2a5@group-B5F515BB86F2
2020-11-25 02:34:17,067 [Listener at 127.0.0.1/34527] INFO  metrics.RatisMetrics (RatisMetrics.java:unregister(43)) - Unregistering Metrics Registry : ratis.server.57b917c9-e56d-4891-b77d-d7ae8505e2a5@group-B5F515BB86F2
2020-11-25 02:34:17,067 [Listener at 127.0.0.1/34527] INFO  server.GrpcService (GrpcService.java:closeImpl(184)) - 57b917c9-e56d-4891-b77d-d7ae8505e2a5: shutdown server with port 36967 now
2020-11-25 02:34:17,068 [e43fd066-151b-4ea1-913f-b553867c15bd@group-11890950A593-StateMachineUpdater] INFO  ratis.ContainerStateMachine (ContainerStateMachine.java:takeSnapshot(293)) - group-11890950A593: Taking a snapshot at:(t:1, i:0) file /github/workspace/mnt/ozone/hadoop-ozone/integration-test/target/test-dir/MiniOzoneClusterImpl-d0d42c39-6fc7-42e8-b6c5-559d28f27a21/datanode-0/data/ratis/48981fdd-8b62-419c-b82a-11890950a593/sm/snapshot.1_0
2020-11-25 02:34:17,069 [Listener at 127.0.0.1/34527] INFO  server.GrpcService (GrpcService.java:closeImpl(193)) - 57b917c9-e56d-4891-b77d-d7ae8505e2a5: shutdown server with port 36967 successfully
2020-11-25 02:34:17,070 [ForkJoinPool.commonPool-worker-0] INFO  impl.StateMachineUpdater (StateMachineUpdater.java:stopAndJoin(147)) - e43fd066-151b-4ea1-913f-b553867c15bd@group-11890950A593-StateMachineUpdater: set stopIndex = 0
2020-11-25 02:34:17,070 [e43fd066-151b-4ea1-913f-b553867c15bd@group-11890950A593-StateMachineUpdater] INFO  ratis.ContainerStateMachine (ContainerStateMachine.java:takeSnapshot(304)) - group-11890950A593: Finished taking a snapshot at:(t:1, i:0) file:/github/workspace/mnt/ozone/hadoop-ozone/integration-test/target/test-dir/MiniOzoneClusterImpl-d0d42c39-6fc7-42e8-b6c5-559d28f27a21/datanode-0/data/ratis/48981fdd-8b62-419c-b82a-11890950a593/sm/snapshot.1_0 time:3
2020-11-25 02:34:17,070 [e43fd066-151b-4ea1-913f-b553867c15bd@group-11890950A593-StateMachineUpdater] INFO  impl.StateMachineUpdater (StateMachineUpdater.java:takeSnapshot(278)) - e43fd066-151b-4ea1-913f-b553867c15bd@group-11890950A593-StateMachineUpdater: Took a snapshot at index 0
2020-11-25 02:34:17,070 [e43fd066-151b-4ea1-913f-b553867c15bd@group-11890950A593-StateMachineUpdater] INFO  impl.StateMachineUpdater (StateMachineUpdater.java:lambda$new$0(87)) - e43fd066-151b-4ea1-913f-b553867c15bd@group-11890950A593-StateMachineUpdater: snapshotIndex: updateIncreasingly -1 -> 0
2020-11-25 02:34:17,070 [e43fd066-151b-4ea1-913f-b553867c15bd@group-11890950A593-StateMachineUpdater] INFO  metrics.RatisMetrics (RatisMetrics.java:unregister(43)) - Unregistering Metrics Registry : ratis.state_machine.e43fd066-151b-4ea1-913f-b553867c15bd@group-11890950A593
2020-11-25 02:34:17,071 [ForkJoinPool.commonPool-worker-0] INFO  impl.RaftServerImpl (ServerState.java:close(406)) - e43fd066-151b-4ea1-913f-b553867c15bd@group-11890950A593: closes. applyIndex: 0
2020-11-25 02:34:17,071 [e43fd066-151b-4ea1-913f-b553867c15bd@group-11890950A593-SegmentedRaftLogWorker] INFO  segmented.SegmentedRaftLogWorker (SegmentedRaftLogWorker.java:run(329)) - e43fd066-151b-4ea1-913f-b553867c15bd@group-11890950A593-SegmentedRaftLogWorker was interrupted, exiting. There are 0 tasks remaining in the queue.
2020-11-25 02:34:17,072 [ForkJoinPool.commonPool-worker-0] INFO  segmented.SegmentedRaftLogWorker (SegmentedRaftLogWorker.java:close(235)) - e43fd066-151b-4ea1-913f-b553867c15bd@group-11890950A593-SegmentedRaftLogWorker close()
2020-11-25 02:34:17,072 [ForkJoinPool.commonPool-worker-0] INFO  metrics.RatisMetrics (RatisMetrics.java:unregister(43)) - Unregistering Metrics Registry : ratis.log_worker.e43fd066-151b-4ea1-913f-b553867c15bd@group-11890950A593
2020-11-25 02:34:17,073 [ForkJoinPool.commonPool-worker-0] INFO  metrics.RatisMetrics (RatisMetrics.java:unregister(43)) - Unregistering Metrics Registry : ratis.leader_election.e43fd066-151b-4ea1-913f-b553867c15bd@group-11890950A593
2020-11-25 02:34:17,074 [ForkJoinPool.commonPool-worker-0] INFO  metrics.RatisMetrics (RatisMetrics.java:unregister(43)) - Unregistering Metrics Registry : ratis.server.e43fd066-151b-4ea1-913f-b553867c15bd@group-11890950A593
2020-11-25 02:34:17,074 [ForkJoinPool.commonPool-worker-0] INFO  server.GrpcService (GrpcService.java:closeImpl(184)) - e43fd066-151b-4ea1-913f-b553867c15bd: shutdown server with port 36745 now
2020-11-25 02:34:17,073 [Listener at 127.0.0.1/34527] INFO  utils.BackgroundService (BackgroundService.java:shutdown(132)) - Shutting down service BlockDeletingService
2020-11-25 02:34:17,083 [Listener at 127.0.0.1/34527] INFO  statemachine.DatanodeStateMachine (DatanodeStateMachine.java:stopDaemon(459)) - Ozone container server stopped.
2020-11-25 02:34:17,084 [ForkJoinPool.commonPool-worker-0] INFO  server.GrpcService (GrpcService.java:closeImpl(193)) - e43fd066-151b-4ea1-913f-b553867c15bd: shutdown server with port 36745 successfully
2020-11-25 02:34:17,086 [ForkJoinPool.commonPool-worker-0] INFO  utils.BackgroundService (BackgroundService.java:shutdown(132)) - Shutting down service BlockDeletingService
2020-11-25 02:34:17,087 [ForkJoinPool.commonPool-worker-0] INFO  statemachine.DatanodeStateMachine (DatanodeStateMachine.java:stopDaemon(459)) - Ozone container server stopped.
2020-11-25 02:34:17,096 [Listener at 127.0.0.1/34527] INFO  handler.ContextHandler (ContextHandler.java:doStop(1154)) - Stopped o.e.j.w.WebAppContext@47573e3c{hddsDatanode,/,null,STOPPED}{jar:file:/home/user/.m2/repository/org/apache/hadoop/hadoop-hdds-container-service/1.1.0-SNAPSHOT/hadoop-hdds-container-service-1.1.0-SNAPSHOT.jar!/webapps/hddsDatanode}
2020-11-25 02:34:17,096 [Listener at 127.0.0.1/34527] INFO  server.AbstractConnector (AbstractConnector.java:doStop(381)) - Stopped ServerConnector@5ab4565e{HTTP/1.1, (http/1.1)}{0.0.0.0:0}
2020-11-25 02:34:17,096 [Listener at 127.0.0.1/34527] INFO  server.session (HouseKeeper.java:stopScavenging(149)) - node0 Stopped scavenging
2020-11-25 02:34:17,097 [Listener at 127.0.0.1/34527] INFO  handler.ContextHandler (ContextHandler.java:doStop(1154)) - Stopped o.e.j.s.ServletContextHandler@44c8e211{static,/static,jar:file:/home/user/.m2/repository/org/apache/hadoop/hadoop-hdds-container-service/1.1.0-SNAPSHOT/hadoop-hdds-container-service-1.1.0-SNAPSHOT.jar!/webapps/static,STOPPED}
2020-11-25 02:34:17,097 [Listener at 127.0.0.1/34527] INFO  handler.ContextHandler (ContextHandler.java:doStop(1154)) - Stopped o.e.j.s.ServletContextHandler@d3331ab{logs,/logs,file:///github/workspace/mnt/ozone/hadoop-ozone/integration-test/target/log,STOPPED}
2020-11-25 02:34:17,100 [ForkJoinPool.commonPool-worker-0] INFO  handler.ContextHandler (ContextHandler.java:doStop(1154)) - Stopped o.e.j.w.WebAppContext@18bcd78c{hddsDatanode,/,null,STOPPED}{jar:file:/home/user/.m2/repository/org/apache/hadoop/hadoop-hdds-container-service/1.1.0-SNAPSHOT/hadoop-hdds-container-service-1.1.0-SNAPSHOT.jar!/webapps/hddsDatanode}
2020-11-25 02:34:17,101 [ForkJoinPool.commonPool-worker-0] INFO  server.AbstractConnector (AbstractConnector.java:doStop(381)) - Stopped ServerConnector@cfbd50b{HTTP/1.1, (http/1.1)}{0.0.0.0:0}
2020-11-25 02:34:17,101 [ForkJoinPool.commonPool-worker-0] INFO  server.session (HouseKeeper.java:stopScavenging(149)) - node0 Stopped scavenging
2020-11-25 02:34:17,101 [ForkJoinPool.commonPool-worker-0] INFO  handler.ContextHandler (ContextHandler.java:doStop(1154)) - Stopped o.e.j.s.ServletContextHandler@6518934a{static,/static,jar:file:/home/user/.m2/repository/org/apache/hadoop/hadoop-hdds-container-service/1.1.0-SNAPSHOT/hadoop-hdds-container-service-1.1.0-SNAPSHOT.jar!/webapps/static,STOPPED}
2020-11-25 02:34:17,102 [ForkJoinPool.commonPool-worker-0] INFO  handler.ContextHandler (ContextHandler.java:doStop(1154)) - Stopped o.e.j.s.ServletContextHandler@28463651{logs,/logs,file:///github/workspace/mnt/ozone/hadoop-ozone/integration-test/target/log,STOPPED}
2020-11-25 02:34:17,244 [Datanode State Machine Thread - 0] INFO  statemachine.DatanodeStateMachine (DatanodeStateMachine.java:lambda$startDaemon$0(406)) - Ozone container server started.
2020-11-25 02:34:17,999 [grpc-default-executor-3] WARN  server.GrpcLogAppender (LogUtils.java:warn(122)) - 11f4bacd-ce3e-419e-997b-c311db6228e0@group-1EB6A76B5EAC->cb5b50a0-f55f-4fdb-9d24-2575d150ae34-AppendLogResponseHandler: Failed appendEntries: org.apache.ratis.thirdparty.io.grpc.StatusRuntimeException: UNAVAILABLE: io exception
2020-11-25 02:34:18,000 [grpc-default-executor-3] WARN  server.GrpcLogAppender (GrpcLogAppender.java:resetClient(107)) - 11f4bacd-ce3e-419e-997b-c311db6228e0@group-1EB6A76B5EAC->cb5b50a0-f55f-4fdb-9d24-2575d150ae34-GrpcLogAppender: Leader has not got in touch with Follower 11f4bacd-ce3e-419e-997b-c311db6228e0@group-1EB6A76B5EAC->cb5b50a0-f55f-4fdb-9d24-2575d150ae34(c0,m0,n1, attendVote=true, lastRpcSendTime=0, lastRpcResponseTime=7504) yet, just keep nextIndex unchanged and retry.
2020-11-25 02:34:18,001 [grpc-default-executor-3] WARN  server.GrpcLogAppender (LogUtils.java:warn(122)) - 11f4bacd-ce3e-419e-997b-c311db6228e0@group-1EB6A76B5EAC->74fe976e-ba5c-47a6-8181-a40142644b6d-AppendLogResponseHandler: Failed appendEntries: org.apache.ratis.thirdparty.io.grpc.StatusRuntimeException: UNAVAILABLE: io exception
2020-11-25 02:34:18,002 [grpc-default-executor-3] WARN  server.GrpcLogAppender (GrpcLogAppender.java:resetClient(107)) - 11f4bacd-ce3e-419e-997b-c311db6228e0@group-1EB6A76B5EAC->74fe976e-ba5c-47a6-8181-a40142644b6d-GrpcLogAppender: Leader has not got in touch with Follower 11f4bacd-ce3e-419e-997b-c311db6228e0@group-1EB6A76B5EAC->74fe976e-ba5c-47a6-8181-a40142644b6d(c0,m0,n1, attendVote=true, lastRpcSendTime=0, lastRpcResponseTime=12505) yet, just keep nextIndex unchanged and retry.
2020-11-25 02:34:18,955 [Thread-659] WARN  impl.RaftServerImpl (LeaderState.java:checkLeadership(905)) - 11f4bacd-ce3e-419e-997b-c311db6228e0@group-1EB6A76B5EAC-LeaderState: Lost leadership on term: 1. Election timeout: 5200ms. In charge for: 26024ms. Conf: 0: [cb5b50a0-f55f-4fdb-9d24-2575d150ae34|rpc:172.17.0.2:39075|dataStream:, 11f4bacd-ce3e-419e-997b-c311db6228e0|rpc:172.17.0.2:36255|dataStream:, 74fe976e-ba5c-47a6-8181-a40142644b6d|rpc:172.17.0.2:37871|dataStream:], old=null
2020-11-25 02:34:18,955 [Thread-659] WARN  impl.RaftServerImpl (LeaderState.java:lambda$checkLeadership$20(909)) - Follower 11f4bacd-ce3e-419e-997b-c311db6228e0@group-1EB6A76B5EAC->cb5b50a0-f55f-4fdb-9d24-2575d150ae34(c0,m0,n1, attendVote=true, lastRpcSendTime=955, lastRpcResponseTime=8459)
2020-11-25 02:34:18,955 [Thread-659] WARN  impl.RaftServerImpl (LeaderState.java:lambda$checkLeadership$20(909)) - Follower 11f4bacd-ce3e-419e-997b-c311db6228e0@group-1EB6A76B5EAC->74fe976e-ba5c-47a6-8181-a40142644b6d(c0,m0,n1, attendVote=true, lastRpcSendTime=953, lastRpcResponseTime=13458)
2020-11-25 02:34:18,955 [Thread-659] INFO  impl.RaftServerImpl (RaftServerImpl.java:setRole(204)) - 11f4bacd-ce3e-419e-997b-c311db6228e0@group-1EB6A76B5EAC: changes role from    LEADER to FOLLOWER at term 1 for StepDownReason:LOST_MAJORITY_HEARTBEATS
2020-11-25 02:34:18,955 [Thread-659] INFO  impl.RoleInfo (RoleInfo.java:shutdownLeaderState(104)) - 11f4bacd-ce3e-419e-997b-c311db6228e0: shutdown 11f4bacd-ce3e-419e-997b-c311db6228e0@group-1EB6A76B5EAC-LeaderState
2020-11-25 02:34:18,955 [Thread-659] INFO  metrics.RatisMetrics (RatisMetrics.java:unregister(43)) - Unregistering Metrics Registry : ratis_grpc.log_appender.11f4bacd-ce3e-419e-997b-c311db6228e0@group-1EB6A76B5EAC
2020-11-25 02:34:18,955 [Thread-659] INFO  metrics.RatisMetrics (RatisMetrics.java:unregister(43)) - Unregistering Metrics Registry : ratis_grpc.log_appender.11f4bacd-ce3e-419e-997b-c311db6228e0@group-1EB6A76B5EAC
2020-11-25 02:34:18,955 [org.apache.ratis.server.impl.LogAppender$AppenderDaemon$$Lambda$474/587826959@3266e442] WARN  server.GrpcLogAppender (GrpcLogAppender.java:mayWait(168)) - 11f4bacd-ce3e-419e-997b-c311db6228e0@group-1EB6A76B5EAC->cb5b50a0-f55f-4fdb-9d24-2575d150ae34-GrpcLogAppender: Wait interrupted by java.lang.InterruptedException
2020-11-25 02:34:18,955 [Thread-659] INFO  impl.PendingRequests (PendingRequests.java:sendNotLeaderResponses(250)) - 11f4bacd-ce3e-419e-997b-c311db6228e0@group-1EB6A76B5EAC-PendingRequests: sendNotLeaderResponses
2020-11-25 02:34:18,955 [Thread-659] INFO  metrics.RatisMetrics (RatisMetrics.java:unregister(43)) - Unregistering Metrics Registry : ratis.log_appender.11f4bacd-ce3e-419e-997b-c311db6228e0@group-1EB6A76B5EAC
2020-11-25 02:34:18,956 [org.apache.ratis.server.impl.LogAppender$AppenderDaemon$$Lambda$474/587826959@626e30f2] WARN  server.GrpcLogAppender (GrpcLogAppender.java:mayWait(168)) - 11f4bacd-ce3e-419e-997b-c311db6228e0@group-1EB6A76B5EAC->74fe976e-ba5c-47a6-8181-a40142644b6d-GrpcLogAppender: Wait interrupted by java.lang.InterruptedException
2020-11-25 02:34:18,956 [Thread-659] INFO  metrics.RatisMetrics (RatisMetrics.java:unregister(43)) - Unregistering Metrics Registry : ratis.server.11f4bacd-ce3e-419e-997b-c311db6228e0@group-1EB6A76B5EAC
2020-11-25 02:34:18,956 [Thread-659] INFO  impl.RoleInfo (RoleInfo.java:updateAndGet(143)) - 11f4bacd-ce3e-419e-997b-c311db6228e0: start 11f4bacd-ce3e-419e-997b-c311db6228e0@group-1EB6A76B5EAC-FollowerState
2020-11-25 02:34:22,099 [Listener at 127.0.0.1/34527] INFO  ozoneimpl.OzoneContainer (OzoneContainer.java:stop(257)) - Attempting to stop container services.
2020-11-25 02:34:22,100 [Listener at 127.0.0.1/34527] INFO  impl.RaftServerProxy (RaftServerProxy.java:lambda$close$4(338)) - 11f4bacd-ce3e-419e-997b-c311db6228e0: close
2020-11-25 02:34:22,100 [Listener at 127.0.0.1/34527] INFO  impl.RaftServerImpl (RaftServerImpl.java:lambda$shutdown$3(328)) - 11f4bacd-ce3e-419e-997b-c311db6228e0@group-1EB6A76B5EAC: shutdown
2020-11-25 02:34:22,101 [ForkJoinPool.commonPool-worker-1] INFO  impl.RaftServerImpl (RaftServerImpl.java:lambda$shutdown$3(328)) - 11f4bacd-ce3e-419e-997b-c311db6228e0@group-FEE2B9F80CAB: shutdown
2020-11-25 02:34:22,101 [Listener at 127.0.0.1/34527] INFO  util.JmxRegister (JmxRegister.java:unregister(73)) - Successfully un-registered JMX Bean with object name Ratis:service=RaftServer,group=group-1EB6A76B5EAC,id=11f4bacd-ce3e-419e-997b-c311db6228e0
2020-11-25 02:34:22,101 [Listener at 127.0.0.1/34527] INFO  impl.RoleInfo (RoleInfo.java:shutdownFollowerState(121)) - 11f4bacd-ce3e-419e-997b-c311db6228e0: shutdown 11f4bacd-ce3e-419e-997b-c311db6228e0@group-1EB6A76B5EAC-FollowerState
2020-11-25 02:34:22,101 [Listener at 127.0.0.1/34527] INFO  impl.StateMachineUpdater (StateMachineUpdater.java:stopAndJoin(147)) - 11f4bacd-ce3e-419e-997b-c311db6228e0@group-1EB6A76B5EAC-StateMachineUpdater: set stopIndex = 0
2020-11-25 02:34:22,101 [11f4bacd-ce3e-419e-997b-c311db6228e0@group-1EB6A76B5EAC-StateMachineUpdater] INFO  ratis.ContainerStateMachine (ContainerStateMachine.java:takeSnapshot(293)) - group-1EB6A76B5EAC: Taking a snapshot at:(t:1, i:0) file /github/workspace/mnt/ozone/hadoop-ozone/integration-test/target/test-dir/MiniOzoneClusterImpl-d0d42c39-6fc7-42e8-b6c5-559d28f27a21/datanode-5/data/ratis/17df147c-491d-4836-abac-1eb6a76b5eac/sm/snapshot.1_0
2020-11-25 02:34:22,101 [ForkJoinPool.commonPool-worker-1] INFO  util.JmxRegister (JmxRegister.java:unregister(73)) - Successfully un-registered JMX Bean with object name Ratis:service=RaftServer,group=group-FEE2B9F80CAB,id=11f4bacd-ce3e-419e-997b-c311db6228e0
2020-11-25 02:34:22,101 [Thread-747] INFO  impl.FollowerState (FollowerState.java:run(137)) - 11f4bacd-ce3e-419e-997b-c311db6228e0@group-1EB6A76B5EAC-FollowerState was interrupted: {}
java.lang.InterruptedException: sleep interrupted
	at java.lang.Thread.sleep(Native Method)
	at org.apache.ratis.util.JavaUtils.sleep(JavaUtils.java:250)
	at org.apache.ratis.server.impl.FollowerState.run(FollowerState.java:116)
2020-11-25 02:34:22,102 [ForkJoinPool.commonPool-worker-1] INFO  impl.RoleInfo (RoleInfo.java:shutdownLeaderState(104)) - 11f4bacd-ce3e-419e-997b-c311db6228e0: shutdown 11f4bacd-ce3e-419e-997b-c311db6228e0@group-FEE2B9F80CAB-LeaderState
2020-11-25 02:34:22,103 [11f4bacd-ce3e-419e-997b-c311db6228e0@group-1EB6A76B5EAC-StateMachineUpdater] INFO  ratis.ContainerStateMachine (ContainerStateMachine.java:takeSnapshot(304)) - group-1EB6A76B5EAC: Finished taking a snapshot at:(t:1, i:0) file:/github/workspace/mnt/ozone/hadoop-ozone/integration-test/target/test-dir/MiniOzoneClusterImpl-d0d42c39-6fc7-42e8-b6c5-559d28f27a21/datanode-5/data/ratis/17df147c-491d-4836-abac-1eb6a76b5eac/sm/snapshot.1_0 time:1
2020-11-25 02:34:22,103 [11f4bacd-ce3e-419e-997b-c311db6228e0@group-1EB6A76B5EAC-StateMachineUpdater] INFO  impl.StateMachineUpdater (StateMachineUpdater.java:takeSnapshot(278)) - 11f4bacd-ce3e-419e-997b-c311db6228e0@group-1EB6A76B5EAC-StateMachineUpdater: Took a snapshot at index 0
2020-11-25 02:34:22,103 [11f4bacd-ce3e-419e-997b-c311db6228e0@group-1EB6A76B5EAC-StateMachineUpdater] INFO  impl.StateMachineUpdater (StateMachineUpdater.java:lambda$new$0(87)) - 11f4bacd-ce3e-419e-997b-c311db6228e0@group-1EB6A76B5EAC-StateMachineUpdater: snapshotIndex: updateIncreasingly -1 -> 0
2020-11-25 02:34:22,103 [11f4bacd-ce3e-419e-997b-c311db6228e0@group-1EB6A76B5EAC-StateMachineUpdater] INFO  metrics.RatisMetrics (RatisMetrics.java:unregister(43)) - Unregistering Metrics Registry : ratis.state_machine.11f4bacd-ce3e-419e-997b-c311db6228e0@group-1EB6A76B5EAC
2020-11-25 02:34:22,103 [Listener at 127.0.0.1/34527] INFO  impl.RaftServerImpl (ServerState.java:close(406)) - 11f4bacd-ce3e-419e-997b-c311db6228e0@group-1EB6A76B5EAC: closes. applyIndex: 0
2020-11-25 02:34:22,103 [ForkJoinPool.commonPool-worker-1] INFO  impl.PendingRequests (PendingRequests.java:sendNotLeaderResponses(250)) - 11f4bacd-ce3e-419e-997b-c311db6228e0@group-FEE2B9F80CAB-PendingRequests: sendNotLeaderResponses
2020-11-25 02:34:22,104 [11f4bacd-ce3e-419e-997b-c311db6228e0@group-1EB6A76B5EAC-SegmentedRaftLogWorker] INFO  segmented.SegmentedRaftLogWorker (SegmentedRaftLogWorker.java:run(329)) - 11f4bacd-ce3e-419e-997b-c311db6228e0@group-1EB6A76B5EAC-SegmentedRaftLogWorker was interrupted, exiting. There are 0 tasks remaining in the queue.
2020-11-25 02:34:22,104 [Listener at 127.0.0.1/34527] INFO  segmented.SegmentedRaftLogWorker (SegmentedRaftLogWorker.java:close(235)) - 11f4bacd-ce3e-419e-997b-c311db6228e0@group-1EB6A76B5EAC-SegmentedRaftLogWorker close()
2020-11-25 02:34:22,104 [ForkJoinPool.commonPool-worker-1] INFO  metrics.RatisMetrics (RatisMetrics.java:unregister(43)) - Unregistering Metrics Registry : ratis.log_appender.11f4bacd-ce3e-419e-997b-c311db6228e0@group-FEE2B9F80CAB
2020-11-25 02:34:22,104 [Listener at 127.0.0.1/34527] INFO  metrics.RatisMetrics (RatisMetrics.java:unregister(43)) - Unregistering Metrics Registry : ratis.log_worker.11f4bacd-ce3e-419e-997b-c311db6228e0@group-1EB6A76B5EAC
2020-11-25 02:34:22,104 [ForkJoinPool.commonPool-worker-1] INFO  metrics.RatisMetrics (RatisMetrics.java:unregister(43)) - Unregistering Metrics Registry : ratis.server.11f4bacd-ce3e-419e-997b-c311db6228e0@group-FEE2B9F80CAB
2020-11-25 02:34:22,104 [Listener at 127.0.0.1/34527] INFO  metrics.RatisMetrics (RatisMetrics.java:unregister(43)) - Unregistering Metrics Registry : ratis.leader_election.11f4bacd-ce3e-419e-997b-c311db6228e0@group-1EB6A76B5EAC
2020-11-25 02:34:22,105 [Listener at 127.0.0.1/34527] INFO  metrics.RatisMetrics (RatisMetrics.java:unregister(43)) - Unregistering Metrics Registry : ratis.server.11f4bacd-ce3e-419e-997b-c311db6228e0@group-1EB6A76B5EAC
2020-11-25 02:34:22,105 [11f4bacd-ce3e-419e-997b-c311db6228e0@group-FEE2B9F80CAB-StateMachineUpdater] INFO  ratis.ContainerStateMachine (ContainerStateMachine.java:takeSnapshot(293)) - group-FEE2B9F80CAB: Taking a snapshot at:(t:1, i:0) file /github/workspace/mnt/ozone/hadoop-ozone/integration-test/target/test-dir/MiniOzoneClusterImpl-d0d42c39-6fc7-42e8-b6c5-559d28f27a21/datanode-5/data/ratis/41a1f711-6daa-4647-b6b7-fee2b9f80cab/sm/snapshot.1_0
2020-11-25 02:34:22,105 [ForkJoinPool.commonPool-worker-1] INFO  impl.StateMachineUpdater (StateMachineUpdater.java:stopAndJoin(147)) - 11f4bacd-ce3e-419e-997b-c311db6228e0@group-FEE2B9F80CAB-StateMachineUpdater: set stopIndex = 0
2020-11-25 02:34:22,106 [11f4bacd-ce3e-419e-997b-c311db6228e0@group-FEE2B9F80CAB-StateMachineUpdater] INFO  ratis.ContainerStateMachine (ContainerStateMachine.java:takeSnapshot(304)) - group-FEE2B9F80CAB: Finished taking a snapshot at:(t:1, i:0) file:/github/workspace/mnt/ozone/hadoop-ozone/integration-test/target/test-dir/MiniOzoneClusterImpl-d0d42c39-6fc7-42e8-b6c5-559d28f27a21/datanode-5/data/ratis/41a1f711-6daa-4647-b6b7-fee2b9f80cab/sm/snapshot.1_0 time:1
2020-11-25 02:34:22,106 [11f4bacd-ce3e-419e-997b-c311db6228e0@group-FEE2B9F80CAB-StateMachineUpdater] INFO  impl.StateMachineUpdater (StateMachineUpdater.java:takeSnapshot(278)) - 11f4bacd-ce3e-419e-997b-c311db6228e0@group-FEE2B9F80CAB-StateMachineUpdater: Took a snapshot at index 0
2020-11-25 02:34:22,106 [11f4bacd-ce3e-419e-997b-c311db6228e0@group-FEE2B9F80CAB-StateMachineUpdater] INFO  impl.StateMachineUpdater (StateMachineUpdater.java:lambda$new$0(87)) - 11f4bacd-ce3e-419e-997b-c311db6228e0@group-FEE2B9F80CAB-StateMachineUpdater: snapshotIndex: updateIncreasingly -1 -> 0
2020-11-25 02:34:22,106 [11f4bacd-ce3e-419e-997b-c311db6228e0@group-FEE2B9F80CAB-StateMachineUpdater] INFO  metrics.RatisMetrics (RatisMetrics.java:unregister(43)) - Unregistering Metrics Registry : ratis.state_machine.11f4bacd-ce3e-419e-997b-c311db6228e0@group-FEE2B9F80CAB
2020-11-25 02:34:22,106 [ForkJoinPool.commonPool-worker-1] INFO  impl.RaftServerImpl (ServerState.java:close(406)) - 11f4bacd-ce3e-419e-997b-c311db6228e0@group-FEE2B9F80CAB: closes. applyIndex: 0
2020-11-25 02:34:22,106 [11f4bacd-ce3e-419e-997b-c311db6228e0@group-FEE2B9F80CAB-SegmentedRaftLogWorker] INFO  segmented.SegmentedRaftLogWorker (SegmentedRaftLogWorker.java:run(329)) - 11f4bacd-ce3e-419e-997b-c311db6228e0@group-FEE2B9F80CAB-SegmentedRaftLogWorker was interrupted, exiting. There are 0 tasks remaining in the queue.
2020-11-25 02:34:22,107 [ForkJoinPool.commonPool-worker-1] INFO  segmented.SegmentedRaftLogWorker (SegmentedRaftLogWorker.java:close(235)) - 11f4bacd-ce3e-419e-997b-c311db6228e0@group-FEE2B9F80CAB-SegmentedRaftLogWorker close()
2020-11-25 02:34:22,107 [ForkJoinPool.commonPool-worker-1] INFO  metrics.RatisMetrics (RatisMetrics.java:unregister(43)) - Unregistering Metrics Registry : ratis.log_worker.11f4bacd-ce3e-419e-997b-c311db6228e0@group-FEE2B9F80CAB
2020-11-25 02:34:22,107 [ForkJoinPool.commonPool-worker-1] INFO  metrics.RatisMetrics (RatisMetrics.java:unregister(43)) - Unregistering Metrics Registry : ratis.leader_election.11f4bacd-ce3e-419e-997b-c311db6228e0@group-FEE2B9F80CAB
2020-11-25 02:34:22,107 [ForkJoinPool.commonPool-worker-1] INFO  metrics.RatisMetrics (RatisMetrics.java:unregister(43)) - Unregistering Metrics Registry : ratis.server.11f4bacd-ce3e-419e-997b-c311db6228e0@group-FEE2B9F80CAB
2020-11-25 02:34:22,107 [Listener at 127.0.0.1/34527] INFO  server.GrpcService (GrpcService.java:closeImpl(184)) - 11f4bacd-ce3e-419e-997b-c311db6228e0: shutdown server with port 36255 now
2020-11-25 02:34:22,109 [Listener at 127.0.0.1/34527] INFO  server.GrpcService (GrpcService.java:closeImpl(193)) - 11f4bacd-ce3e-419e-997b-c311db6228e0: shutdown server with port 36255 successfully
2020-11-25 02:34:22,110 [Listener at 127.0.0.1/34527] INFO  utils.BackgroundService (BackgroundService.java:shutdown(132)) - Shutting down service BlockDeletingService
2020-11-25 02:34:22,111 [Listener at 127.0.0.1/34527] INFO  statemachine.DatanodeStateMachine (DatanodeStateMachine.java:stopDaemon(459)) - Ozone container server stopped.
2020-11-25 02:34:22,119 [Listener at 127.0.0.1/34527] INFO  handler.ContextHandler (ContextHandler.java:doStop(1154)) - Stopped o.e.j.w.WebAppContext@51904c4b{hddsDatanode,/,null,STOPPED}{jar:file:/home/user/.m2/repository/org/apache/hadoop/hadoop-hdds-container-service/1.1.0-SNAPSHOT/hadoop-hdds-container-service-1.1.0-SNAPSHOT.jar!/webapps/hddsDatanode}
2020-11-25 02:34:22,120 [Listener at 127.0.0.1/34527] INFO  server.AbstractConnector (AbstractConnector.java:doStop(381)) - Stopped ServerConnector@248ad229{HTTP/1.1, (http/1.1)}{0.0.0.0:0}
2020-11-25 02:34:22,120 [Listener at 127.0.0.1/34527] INFO  server.session (HouseKeeper.java:stopScavenging(149)) - node0 Stopped scavenging
2020-11-25 02:34:22,120 [Listener at 127.0.0.1/34527] INFO  handler.ContextHandler (ContextHandler.java:doStop(1154)) - Stopped o.e.j.s.ServletContextHandler@7498ee17{static,/static,jar:file:/home/user/.m2/repository/org/apache/hadoop/hadoop-hdds-container-service/1.1.0-SNAPSHOT/hadoop-hdds-container-service-1.1.0-SNAPSHOT.jar!/webapps/static,STOPPED}
2020-11-25 02:34:22,120 [Listener at 127.0.0.1/34527] INFO  handler.ContextHandler (ContextHandler.java:doStop(1154)) - Stopped o.e.j.s.ServletContextHandler@757a6386{logs,/logs,file:///github/workspace/mnt/ozone/hadoop-ozone/integration-test/target/log,STOPPED}
2020-11-25 02:34:22,121 [Listener at 127.0.0.1/34527] INFO  ozone.MiniOzoneClusterImpl (MiniOzoneClusterImpl.java:stopSCM(477)) - Stopping the StorageContainerManager
2020-11-25 02:34:22,121 [Listener at 127.0.0.1/34527] INFO  server.StorageContainerManager (StorageContainerManager.java:stop(832)) - Stopping Replication Manager Service.
2020-11-25 02:34:22,121 [Listener at 127.0.0.1/34527] INFO  container.ReplicationManager (ReplicationManager.java:stop(219)) - Stopping Replication Monitor Thread.
2020-11-25 02:34:22,121 [Listener at 127.0.0.1/34527] INFO  server.StorageContainerManager (StorageContainerManager.java:stop(839)) - Stopping Lease Manager of the command watchers
2020-11-25 02:34:22,122 [CommandWatcher-LeaseManager#LeaseMonitor] ERROR lease.LeaseManager (LeaseManager.java:run(238)) - Execution was interrupted 
java.lang.InterruptedException: sleep interrupted
	at java.lang.Thread.sleep(Native Method)
	at org.apache.hadoop.ozone.lease.LeaseManager$LeaseMonitor.run(LeaseManager.java:234)
	at java.lang.Thread.run(Thread.java:748)
2020-11-25 02:34:22,122 [Listener at 127.0.0.1/34527] INFO  server.StorageContainerManager (StorageContainerManager.java:stop(846)) - Stopping datanode service RPC server
2020-11-25 02:34:22,122 [Listener at 127.0.0.1/34527] INFO  server.SCMDatanodeProtocolServer (SCMDatanodeProtocolServer.java:stop(361)) - Stopping the RPC server for DataNodes
2020-11-25 02:34:22,122 [Listener at 127.0.0.1/34527] INFO  ipc.Server (Server.java:stop(3359)) - Stopping server on 37173
2020-11-25 02:34:22,123 [IPC Server listener on 0] INFO  ipc.Server (Server.java:run(1330)) - Stopping IPC Server listener on 0
2020-11-25 02:34:22,125 [IPC Server Responder] INFO  ipc.Server (Server.java:run(1465)) - Stopping IPC Server Responder
2020-11-25 02:34:22,209 [SCM Heartbeat Processing Thread - 0] WARN  node.NodeStateManager (NodeStateManager.java:scheduleNextHealthCheck(661)) - Current Thread is interrupted, shutting down HB processing thread for Node Manager.
2020-11-25 02:34:22,210 [Listener at 127.0.0.1/34527] INFO  server.StorageContainerManager (StorageContainerManager.java:stop(854)) - Stopping block service RPC server
2020-11-25 02:34:22,210 [Listener at 127.0.0.1/34527] INFO  server.SCMBlockProtocolServer (SCMBlockProtocolServer.java:stop(159)) - Stopping the RPC server for Block Protocol
2020-11-25 02:34:22,210 [Listener at 127.0.0.1/34527] INFO  ipc.Server (Server.java:stop(3359)) - Stopping server on 36827
2020-11-25 02:34:22,212 [IPC Server listener on 0] INFO  ipc.Server (Server.java:run(1330)) - Stopping IPC Server listener on 0
2020-11-25 02:34:22,220 [IPC Server Responder] INFO  ipc.Server (Server.java:run(1465)) - Stopping IPC Server Responder
2020-11-25 02:34:22,220 [Listener at 127.0.0.1/34527] INFO  server.StorageContainerManager (StorageContainerManager.java:stop(861)) - Stopping the StorageContainerLocationProtocol RPC server
2020-11-25 02:34:22,220 [Listener at 127.0.0.1/34527] INFO  server.SCMClientProtocolServer (SCMClientProtocolServer.java:stop(165)) - Stopping the RPC server for Client Protocol
2020-11-25 02:34:22,220 [Listener at 127.0.0.1/34527] INFO  ipc.Server (Server.java:stop(3359)) - Stopping server on 39625
2020-11-25 02:34:22,223 [IPC Server Responder] INFO  ipc.Server (Server.java:run(1465)) - Stopping IPC Server Responder
2020-11-25 02:34:22,223 [Listener at 127.0.0.1/34527] INFO  server.StorageContainerManager (StorageContainerManager.java:stop(868)) - Stopping Storage Container Manager HTTP server.
2020-11-25 02:34:22,223 [IPC Server listener on 0] INFO  ipc.Server (Server.java:run(1330)) - Stopping IPC Server listener on 0
2020-11-25 02:34:22,225 [Listener at 127.0.0.1/34527] INFO  handler.ContextHandler (ContextHandler.java:doStop(1154)) - Stopped o.e.j.w.WebAppContext@5606910f{scm,/,null,STOPPED}{file:/github/workspace/mnt/ozone/hadoop-ozone/integration-test/target/test-classes/webapps/scm}
2020-11-25 02:34:22,226 [Listener at 127.0.0.1/34527] INFO  server.AbstractConnector (AbstractConnector.java:doStop(381)) - Stopped ServerConnector@2c415188{HTTP/1.1, (http/1.1)}{0.0.0.0:0}
2020-11-25 02:34:22,226 [Listener at 127.0.0.1/34527] INFO  server.session (HouseKeeper.java:stopScavenging(149)) - node0 Stopped scavenging
2020-11-25 02:34:22,226 [Listener at 127.0.0.1/34527] INFO  handler.ContextHandler (ContextHandler.java:doStop(1154)) - Stopped o.e.j.s.ServletContextHandler@331c9717{static,/static,file:///github/workspace/mnt/ozone/hadoop-ozone/integration-test/target/test-classes/webapps/static,STOPPED}
2020-11-25 02:34:22,226 [Listener at 127.0.0.1/34527] INFO  handler.ContextHandler (ContextHandler.java:doStop(1154)) - Stopped o.e.j.s.ServletContextHandler@1456d7f7{logs,/logs,file:///github/workspace/mnt/ozone/hadoop-ozone/integration-test/target/log,STOPPED}
2020-11-25 02:34:22,227 [Listener at 127.0.0.1/34527] INFO  server.StorageContainerManager (StorageContainerManager.java:stop(879)) - Stopping Block Manager Service.
2020-11-25 02:34:22,227 [Listener at 127.0.0.1/34527] INFO  utils.BackgroundService (BackgroundService.java:shutdown(132)) - Shutting down service SCMBlockDeletingService
2020-11-25 02:34:22,227 [Listener at 127.0.0.1/34527] INFO  utils.BackgroundService (BackgroundService.java:shutdown(132)) - Shutting down service SCMBlockDeletingService
2020-11-25 02:34:22,232 [Listener at 127.0.0.1/34527] INFO  server.StorageContainerManager (StorageContainerManager.java:stop(904)) - Stopping SCM Event Queue.
2020-11-25 02:34:22,235 [Listener at 127.0.0.1/34527] INFO  impl.MetricsSystemImpl (MetricsSystemImpl.java:stop(210)) - Stopping HddsDatanode metrics system...
2020-11-25 02:34:22,246 [Listener at 127.0.0.1/34527] INFO  impl.MetricsSystemImpl (MetricsSystemImpl.java:stop(216)) - HddsDatanode metrics system stopped.
]]></system-out>
  </testcase>
</testsuite>