<?xml version="1.0" encoding="UTF-8"?>
<testsuite xmlns:xsi="http://www.w3.org/2001/XMLSchema-instance" xsi:noNamespaceSchemaLocation="https://maven.apache.org/surefire/maven-surefire-plugin/xsd/surefire-test-report.xsd" name="org.apache.hadoop.ozone.om.parser.TestOMRatisLogParser" time="251.666" tests="1" errors="0" skipped="0" failures="1">
  <properties>
    <property name="awt.toolkit" value="sun.awt.X11.XToolkit"/>
    <property name="file.encoding.pkg" value="sun.io"/>
    <property name="java.specification.version" value="1.8"/>
    <property name="sun.cpu.isalist" value=""/>
    <property name="sun.jnu.encoding" value="ANSI_X3.4-1968"/>
    <property name="java.class.path" value="/github/workspace/hadoop-ozone/integration-test/target/test-classes:/github/workspace/hadoop-ozone/integration-test/target/classes:/home/user/.m2/repository/org/apache/hadoop/hadoop-ozone-common/0.6.0-SNAPSHOT/hadoop-ozone-common-0.6.0-SNAPSHOT.jar:/home/user/.m2/repository/org/apache/commons/commons-compress/1.4.1/commons-compress-1.4.1.jar:/home/user/.m2/repository/org/tukaani/xz/1.0/xz-1.0.jar:/home/user/.m2/repository/org/apache/hadoop/hadoop-hdds-common/0.6.0-SNAPSHOT/hadoop-hdds-common-0.6.0-SNAPSHOT.jar:/home/user/.m2/repository/info/picocli/picocli/3.9.6/picocli-3.9.6.jar:/home/user/.m2/repository/com/fasterxml/jackson/core/jackson-annotations/2.10.3/jackson-annotations-2.10.3.jar:/home/user/.m2/repository/javax/annotation/javax.annotation-api/1.2/javax.annotation-api-1.2.jar:/home/user/.m2/repository/org/apache/ratis/ratis-server/0.6.0-7c5b30d-SNAPSHOT/ratis-server-0.6.0-7c5b30d-SNAPSHOT.jar:/home/user/.m2/repository/org/apache/ratis/ratis-thirdparty-misc/0.3.0/ratis-thirdparty-misc-0.3.0.jar:/home/user/.m2/repository/org/apache/ratis/ratis-client/0.6.0-7c5b30d-SNAPSHOT/ratis-client-0.6.0-7c5b30d-SNAPSHOT.jar:/home/user/.m2/repository/org/apache/ratis/ratis-metrics/0.6.0-7c5b30d-SNAPSHOT/ratis-metrics-0.6.0-7c5b30d-SNAPSHOT.jar:/home/user/.m2/repository/org/apache/ratis/ratis-netty/0.6.0-7c5b30d-SNAPSHOT/ratis-netty-0.6.0-7c5b30d-SNAPSHOT.jar:/home/user/.m2/repository/org/apache/ratis/ratis-grpc/0.6.0-7c5b30d-SNAPSHOT/ratis-grpc-0.6.0-7c5b30d-SNAPSHOT.jar:/home/user/.m2/repository/org/apache/logging/log4j/log4j-api/2.11.0/log4j-api-2.11.0.jar:/home/user/.m2/repository/org/apache/logging/log4j/log4j-core/2.11.0/log4j-core-2.11.0.jar:/home/user/.m2/repository/com/lmax/disruptor/3.4.2/disruptor-3.4.2.jar:/home/user/.m2/repository/org/apache/commons/commons-pool2/2.6.0/commons-pool2-2.6.0.jar:/home/user/.m2/repository/org/bouncycastle/bcpkix-jdk15on/1.60/bcpkix-jdk15on-1.60.jar:/home/user/.m2/repository/commons-validator/commons-validator/1.6/commons-validator-1.6.jar:/home/user/.m2/repository/commons-digester/commons-digester/1.8.1/commons-digester-1.8.1.jar:/home/user/.m2/repository/io/jaegertracing/jaeger-client/0.34.0/jaeger-client-0.34.0.jar:/home/user/.m2/repository/io/jaegertracing/jaeger-thrift/0.34.0/jaeger-thrift-0.34.0.jar:/home/user/.m2/repository/org/apache/thrift/libthrift/0.12.0/libthrift-0.12.0.jar:/home/user/.m2/repository/com/squareup/okhttp3/okhttp/3.9.0/okhttp-3.9.0.jar:/home/user/.m2/repository/com/squareup/okio/okio/1.13.0/okio-1.13.0.jar:/home/user/.m2/repository/io/jaegertracing/jaeger-core/0.34.0/jaeger-core-0.34.0.jar:/home/user/.m2/repository/io/jaegertracing/jaeger-tracerresolver/0.34.0/jaeger-tracerresolver-0.34.0.jar:/home/user/.m2/repository/io/opentracing/contrib/opentracing-tracerresolver/0.1.5/opentracing-tracerresolver-0.1.5.jar:/home/user/.m2/repository/io/opentracing/opentracing-util/0.31.0/opentracing-util-0.31.0.jar:/home/user/.m2/repository/io/opentracing/opentracing-api/0.31.0/opentracing-api-0.31.0.jar:/home/user/.m2/repository/io/opentracing/opentracing-noop/0.31.0/opentracing-noop-0.31.0.jar:/home/user/.m2/repository/org/apache/hadoop/hadoop-hdds-client/0.6.0-SNAPSHOT/hadoop-hdds-client-0.6.0-SNAPSHOT.jar:/home/user/.m2/repository/org/apache/hadoop/hadoop-hdds-server-scm/0.6.0-SNAPSHOT/hadoop-hdds-server-scm-0.6.0-SNAPSHOT.jar:/home/user/.m2/repository/org/apache/hadoop/hadoop-hdds-container-service/0.6.0-SNAPSHOT/hadoop-hdds-container-service-0.6.0-SNAPSHOT.jar:/home/user/.m2/repository/org/apache/hadoop/hadoop-hdds-hadoop-dependency-server/0.6.0-SNAPSHOT/hadoop-hdds-hadoop-dependency-server-0.6.0-SNAPSHOT.jar:/home/user/.m2/repository/org/apache/hadoop/hadoop-hdds-server-framework/0.6.0-SNAPSHOT/hadoop-hdds-server-framework-0.6.0-SNAPSHOT.jar:/home/user/.m2/repository/org/rocksdb/rocksdbjni/6.6.4/rocksdbjni-6.6.4.jar:/home/user/.m2/repository/io/prometheus/simpleclient_dropwizard/0.7.0/simpleclient_dropwizard-0.7.0.jar:/home/user/.m2/repository/io/prometheus/simpleclient/0.7.0/simpleclient-0.7.0.jar:/home/user/.m2/repository/io/prometheus/simpleclient_common/0.7.0/simpleclient_common-0.7.0.jar:/home/user/.m2/repository/com/fasterxml/jackson/datatype/jackson-datatype-jsr310/2.10.3/jackson-datatype-jsr310-2.10.3.jar:/home/user/.m2/repository/org/apache/hadoop/hadoop-hdds-docs/0.6.0-SNAPSHOT/hadoop-hdds-docs-0.6.0-SNAPSHOT.jar:/home/user/.m2/repository/io/dropwizard/metrics/metrics-core/3.2.4/metrics-core-3.2.4.jar:/home/user/.m2/repository/org/apache/hadoop/hadoop-hdfs-client/3.2.0/hadoop-hdfs-client-3.2.0.jar:/home/user/.m2/repository/org/bouncycastle/bcprov-jdk15on/1.60/bcprov-jdk15on-1.60.jar:/home/user/.m2/repository/org/apache/hadoop/hadoop-ozone-ozone-manager/0.6.0-SNAPSHOT/hadoop-ozone-ozone-manager-0.6.0-SNAPSHOT.jar:/home/user/.m2/repository/org/apache/hadoop/hadoop-minikdc/3.2.0/hadoop-minikdc-3.2.0.jar:/home/user/.m2/repository/commons-io/commons-io/2.5/commons-io-2.5.jar:/home/user/.m2/repository/org/apache/kerby/kerb-simplekdc/1.0.1/kerb-simplekdc-1.0.1.jar:/home/user/.m2/repository/org/apache/kerby/kerb-client/1.0.1/kerb-client-1.0.1.jar:/home/user/.m2/repository/org/apache/kerby/kerby-config/1.0.1/kerby-config-1.0.1.jar:/home/user/.m2/repository/org/apache/kerby/kerb-core/1.0.1/kerb-core-1.0.1.jar:/home/user/.m2/repository/org/apache/kerby/kerby-pkix/1.0.1/kerby-pkix-1.0.1.jar:/home/user/.m2/repository/org/apache/kerby/kerby-asn1/1.0.1/kerby-asn1-1.0.1.jar:/home/user/.m2/repository/org/apache/kerby/kerby-util/1.0.1/kerby-util-1.0.1.jar:/home/user/.m2/repository/org/apache/kerby/kerb-common/1.0.1/kerb-common-1.0.1.jar:/home/user/.m2/repository/org/apache/kerby/kerb-crypto/1.0.1/kerb-crypto-1.0.1.jar:/home/user/.m2/repository/org/apache/kerby/kerb-util/1.0.1/kerb-util-1.0.1.jar:/home/user/.m2/repository/org/apache/kerby/token-provider/1.0.1/token-provider-1.0.1.jar:/home/user/.m2/repository/org/apache/kerby/kerb-admin/1.0.1/kerb-admin-1.0.1.jar:/home/user/.m2/repository/org/apache/kerby/kerb-server/1.0.1/kerb-server-1.0.1.jar:/home/user/.m2/repository/org/apache/kerby/kerb-identity/1.0.1/kerb-identity-1.0.1.jar:/home/user/.m2/repository/org/apache/kerby/kerby-xdr/1.0.1/kerby-xdr-1.0.1.jar:/home/user/.m2/repository/org/slf4j/slf4j-log4j12/1.7.25/slf4j-log4j12-1.7.25.jar:/home/user/.m2/repository/org/apache/hadoop/hadoop-ozone-s3gateway/0.6.0-SNAPSHOT/hadoop-ozone-s3gateway-0.6.0-SNAPSHOT.jar:/home/user/.m2/repository/org/jboss/weld/servlet/weld-servlet/2.4.7.Final/weld-servlet-2.4.7.Final.jar:/home/user/.m2/repository/org/glassfish/jersey/containers/jersey-container-servlet-core/2.27/jersey-container-servlet-core-2.27.jar:/home/user/.m2/repository/org/glassfish/hk2/external/javax.inject/2.5.0-b42/javax.inject-2.5.0-b42.jar:/home/user/.m2/repository/org/glassfish/jersey/core/jersey-common/2.27/jersey-common-2.27.jar:/home/user/.m2/repository/org/glassfish/hk2/osgi-resource-locator/1.0.1/osgi-resource-locator-1.0.1.jar:/home/user/.m2/repository/javax/ws/rs/javax.ws.rs-api/2.1/javax.ws.rs-api-2.1.jar:/home/user/.m2/repository/org/glassfish/jersey/ext/cdi/jersey-cdi1x/2.27/jersey-cdi1x-2.27.jar:/home/user/.m2/repository/org/glassfish/jersey/inject/jersey-hk2/2.27/jersey-hk2-2.27.jar:/home/user/.m2/repository/org/glassfish/hk2/hk2-locator/2.5.0-b42/hk2-locator-2.5.0-b42.jar:/home/user/.m2/repository/org/javassist/javassist/3.22.0-CR2/javassist-3.22.0-CR2.jar:/home/user/.m2/repository/org/glassfish/hk2/hk2-api/2.5.0/hk2-api-2.5.0.jar:/home/user/.m2/repository/org/glassfish/hk2/external/jakarta.inject/2.5.0/jakarta.inject-2.5.0.jar:/home/user/.m2/repository/org/glassfish/hk2/hk2-utils/2.5.0/hk2-utils-2.5.0.jar:/home/user/.m2/repository/jakarta/annotation/jakarta.annotation-api/1.3.4/jakarta.annotation-api-1.3.4.jar:/home/user/.m2/repository/org/glassfish/hk2/external/aopalliance-repackaged/2.5.0/aopalliance-repackaged-2.5.0.jar:/home/user/.m2/repository/com/fasterxml/jackson/dataformat/jackson-dataformat-xml/2.9.0/jackson-dataformat-xml-2.9.0.jar:/home/user/.m2/repository/com/fasterxml/jackson/core/jackson-core/2.10.3/jackson-core-2.10.3.jar:/home/user/.m2/repository/com/fasterxml/jackson/module/jackson-module-jaxb-annotations/2.10.3/jackson-module-jaxb-annotations-2.10.3.jar:/home/user/.m2/repository/jakarta/xml/bind/jakarta.xml.bind-api/2.3.2/jakarta.xml.bind-api-2.3.2.jar:/home/user/.m2/repository/jakarta/activation/jakarta.activation-api/1.2.1/jakarta.activation-api-1.2.1.jar:/home/user/.m2/repository/javax/enterprise/cdi-api/1.2/cdi-api-1.2.jar:/home/user/.m2/repository/javax/el/javax.el-api/3.0.0/javax.el-api-3.0.0.jar:/home/user/.m2/repository/javax/interceptor/javax.interceptor-api/1.2/javax.interceptor-api-1.2.jar:/home/user/.m2/repository/javax/inject/javax.inject/1/javax.inject-1.jar:/home/user/.m2/repository/com/sun/xml/bind/jaxb-impl/2.3.0.1/jaxb-impl-2.3.0.1.jar:/home/user/.m2/repository/com/sun/xml/bind/jaxb-core/2.3.0.1/jaxb-core-2.3.0.1.jar:/home/user/.m2/repository/javax/xml/bind/jaxb-api/2.3.0/jaxb-api-2.3.0.jar:/home/user/.m2/repository/javax/activation/activation/1.1.1/activation-1.1.1.jar:/home/user/.m2/repository/org/apache/hadoop/hadoop-ozone-csi/0.6.0-SNAPSHOT/hadoop-ozone-csi-0.6.0-SNAPSHOT.jar:/home/user/.m2/repository/com/google/protobuf/protobuf-java-util/3.5.1/protobuf-java-util-3.5.1.jar:/home/user/.m2/repository/org/apache/hadoop/hadoop-hdds-config/0.6.0-SNAPSHOT/hadoop-hdds-config-0.6.0-SNAPSHOT.jar:/home/user/.m2/repository/com/google/guava/guava/28.2-jre/guava-28.2-jre.jar:/home/user/.m2/repository/com/google/guava/failureaccess/1.0.1/failureaccess-1.0.1.jar:/home/user/.m2/repository/com/google/guava/listenablefuture/9999.0-empty-to-avoid-conflict-with-guava/listenablefuture-9999.0-empty-to-avoid-conflict-with-guava.jar:/home/user/.m2/repository/org/checkerframework/checker-qual/2.10.0/checker-qual-2.10.0.jar:/home/user/.m2/repository/com/google/errorprone/error_prone_annotations/2.3.4/error_prone_annotations-2.3.4.jar:/home/user/.m2/repository/com/google/j2objc/j2objc-annotations/1.3/j2objc-annotations-1.3.jar:/home/user/.m2/repository/com/google/protobuf/protobuf-java/2.5.0/protobuf-java-2.5.0.jar:/home/user/.m2/repository/io/grpc/grpc-netty/1.17.1/grpc-netty-1.17.1.jar:/home/user/.m2/repository/io/grpc/grpc-core/1.17.1/grpc-core-1.17.1.jar:/home/user/.m2/repository/io/grpc/grpc-context/1.17.1/grpc-context-1.17.1.jar:/home/user/.m2/repository/org/codehaus/mojo/animal-sniffer-annotations/1.17/animal-sniffer-annotations-1.17.jar:/home/user/.m2/repository/io/opencensus/opencensus-api/0.17.0/opencensus-api-0.17.0.jar:/home/user/.m2/repository/io/opencensus/opencensus-contrib-grpc-metrics/0.17.0/opencensus-contrib-grpc-metrics-0.17.0.jar:/home/user/.m2/repository/io/netty/netty-codec-http2/4.1.30.Final/netty-codec-http2-4.1.30.Final.jar:/home/user/.m2/repository/io/netty/netty-codec-http/4.1.30.Final/netty-codec-http-4.1.30.Final.jar:/home/user/.m2/repository/io/netty/netty-codec/4.1.30.Final/netty-codec-4.1.30.Final.jar:/home/user/.m2/repository/io/netty/netty-handler/4.1.30.Final/netty-handler-4.1.30.Final.jar:/home/user/.m2/repository/io/netty/netty-handler-proxy/4.1.30.Final/netty-handler-proxy-4.1.30.Final.jar:/home/user/.m2/repository/io/netty/netty-codec-socks/4.1.30.Final/netty-codec-socks-4.1.30.Final.jar:/home/user/.m2/repository/io/netty/netty-transport-native-epoll/4.1.30.Final/netty-transport-native-epoll-4.1.30.Final.jar:/home/user/.m2/repository/io/netty/netty-common/4.1.30.Final/netty-common-4.1.30.Final.jar:/home/user/.m2/repository/io/netty/netty-buffer/4.1.30.Final/netty-buffer-4.1.30.Final.jar:/home/user/.m2/repository/io/netty/netty-transport/4.1.30.Final/netty-transport-4.1.30.Final.jar:/home/user/.m2/repository/io/netty/netty-resolver/4.1.30.Final/netty-resolver-4.1.30.Final.jar:/home/user/.m2/repository/io/netty/netty-transport-native-unix-common/4.1.30.Final/netty-transport-native-unix-common-4.1.30.Final.jar:/home/user/.m2/repository/io/grpc/grpc-protobuf/1.17.1/grpc-protobuf-1.17.1.jar:/home/user/.m2/repository/com/google/api/grpc/proto-google-common-protos/1.0.0/proto-google-common-protos-1.0.0.jar:/home/user/.m2/repository/io/grpc/grpc-protobuf-lite/1.17.1/grpc-protobuf-lite-1.17.1.jar:/home/user/.m2/repository/io/grpc/grpc-stub/1.17.1/grpc-stub-1.17.1.jar:/home/user/.m2/repository/org/apache/hadoop/hadoop-ozone-recon/0.6.0-SNAPSHOT/hadoop-ozone-recon-0.6.0-SNAPSHOT.jar:/home/user/.m2/repository/org/apache/hadoop/hadoop-ozone-reconcodegen/0.6.0-SNAPSHOT/hadoop-ozone-reconcodegen-0.6.0-SNAPSHOT.jar:/home/user/.m2/repository/com/google/inject/extensions/guice-multibindings/4.0/guice-multibindings-4.0.jar:/home/user/.m2/repository/com/google/inject/guice/4.0/guice-4.0.jar:/home/user/.m2/repository/aopalliance/aopalliance/1.0/aopalliance-1.0.jar:/home/user/.m2/repository/com/google/inject/extensions/guice-servlet/4.0/guice-servlet-4.0.jar:/home/user/.m2/repository/org/glassfish/jersey/containers/jersey-container-servlet/2.27/jersey-container-servlet-2.27.jar:/home/user/.m2/repository/org/glassfish/hk2/guice-bridge/2.5.0/guice-bridge-2.5.0.jar:/home/user/.m2/repository/org/glassfish/jersey/core/jersey-server/2.27/jersey-server-2.27.jar:/home/user/.m2/repository/org/glassfish/jersey/core/jersey-client/2.27/jersey-client-2.27.jar:/home/user/.m2/repository/org/glassfish/jersey/media/jersey-media-jaxb/2.27/jersey-media-jaxb-2.27.jar:/home/user/.m2/repository/javax/validation/validation-api/1.1.0.Final/validation-api-1.1.0.Final.jar:/home/user/.m2/repository/org/glassfish/jersey/media/jersey-media-json-jackson/2.27/jersey-media-json-jackson-2.27.jar:/home/user/.m2/repository/org/glassfish/jersey/ext/jersey-entity-filtering/2.27/jersey-entity-filtering-2.27.jar:/home/user/.m2/repository/com/google/inject/extensions/guice-assistedinject/4.0/guice-assistedinject-4.0.jar:/home/user/.m2/repository/org/jooq/jooq/3.11.10/jooq-3.11.10.jar:/home/user/.m2/repository/org/jooq/jooq-meta/3.11.10/jooq-meta-3.11.10.jar:/home/user/.m2/repository/org/jooq/jooq-codegen/3.11.10/jooq-codegen-3.11.10.jar:/home/user/.m2/repository/com/jolbox/bonecp/0.8.0.RELEASE/bonecp-0.8.0.RELEASE.jar:/home/user/.m2/repository/org/xerial/sqlite-jdbc/3.25.2/sqlite-jdbc-3.25.2.jar:/home/user/.m2/repository/org/springframework/spring-jdbc/5.1.3.RELEASE/spring-jdbc-5.1.3.RELEASE.jar:/home/user/.m2/repository/org/springframework/spring-beans/5.1.3.RELEASE/spring-beans-5.1.3.RELEASE.jar:/home/user/.m2/repository/org/springframework/spring-core/5.1.3.RELEASE/spring-core-5.1.3.RELEASE.jar:/home/user/.m2/repository/org/springframework/spring-jcl/5.1.3.RELEASE/spring-jcl-5.1.3.RELEASE.jar:/home/user/.m2/repository/org/springframework/spring-tx/5.1.3.RELEASE/spring-tx-5.1.3.RELEASE.jar:/home/user/.m2/repository/org/apache/hadoop/hadoop-ozone-client/0.6.0-SNAPSHOT/hadoop-ozone-client-0.6.0-SNAPSHOT.jar:/home/user/.m2/repository/org/apache/hadoop/hadoop-ozone-filesystem/0.6.0-SNAPSHOT/hadoop-ozone-filesystem-0.6.0-SNAPSHOT.jar:/home/user/.m2/repository/org/apache/hadoop/hadoop-hdds-hadoop-dependency-client/0.6.0-SNAPSHOT/hadoop-hdds-hadoop-dependency-client-0.6.0-SNAPSHOT.jar:/home/user/.m2/repository/org/apache/hadoop/hadoop-ozone-tools/0.6.0-SNAPSHOT/hadoop-ozone-tools-0.6.0-SNAPSHOT.jar:/home/user/.m2/repository/org/apache/hadoop/hadoop-hdfs/3.2.0/hadoop-hdfs-3.2.0.jar:/home/user/.m2/repository/org/apache/ratis/ratis-tools/0.6.0-7c5b30d-SNAPSHOT/ratis-tools-0.6.0-7c5b30d-SNAPSHOT.jar:/home/user/.m2/repository/org/apache/ratis/ratis-proto/0.6.0-7c5b30d-SNAPSHOT/ratis-proto-0.6.0-7c5b30d-SNAPSHOT.jar:/home/user/.m2/repository/org/apache/ratis/ratis-common/0.6.0-7c5b30d-SNAPSHOT/ratis-common-0.6.0-7c5b30d-SNAPSHOT.jar:/home/user/.m2/repository/com/amazonaws/aws-java-sdk-core/1.11.615/aws-java-sdk-core-1.11.615.jar:/home/user/.m2/repository/software/amazon/ion/ion-java/1.0.2/ion-java-1.0.2.jar:/home/user/.m2/repository/com/fasterxml/jackson/dataformat/jackson-dataformat-cbor/2.10.3/jackson-dataformat-cbor-2.10.3.jar:/home/user/.m2/repository/joda-time/joda-time/2.9.9/joda-time-2.9.9.jar:/home/user/.m2/repository/com/amazonaws/aws-java-sdk-s3/1.11.615/aws-java-sdk-s3-1.11.615.jar:/home/user/.m2/repository/com/amazonaws/aws-java-sdk-kms/1.11.615/aws-java-sdk-kms-1.11.615.jar:/home/user/.m2/repository/com/amazonaws/jmespath-java/1.11.615/jmespath-java-1.11.615.jar:/home/user/.m2/repository/org/apache/hadoop/hadoop-hdds-tools/0.6.0-SNAPSHOT/hadoop-hdds-tools-0.6.0-SNAPSHOT.jar:/home/user/.m2/repository/commons-cli/commons-cli/1.2/commons-cli-1.2.jar:/home/user/.m2/repository/commons-lang/commons-lang/2.6/commons-lang-2.6.jar:/home/user/.m2/repository/org/apache/hadoop/hadoop-ozone-ozone-manager/0.6.0-SNAPSHOT/hadoop-ozone-ozone-manager-0.6.0-SNAPSHOT-tests.jar:/home/user/.m2/repository/junit/junit/4.11/junit-4.11.jar:/home/user/.m2/repository/org/hamcrest/hamcrest-core/1.3/hamcrest-core-1.3.jar:/home/user/.m2/repository/org/openjdk/jmh/jmh-core/1.19/jmh-core-1.19.jar:/home/user/.m2/repository/net/sf/jopt-simple/jopt-simple/4.6/jopt-simple-4.6.jar:/home/user/.m2/repository/org/apache/commons/commons-math3/3.1.1/commons-math3-3.1.1.jar:/home/user/.m2/repository/org/openjdk/jmh/jmh-generator-annprocess/1.19/jmh-generator-annprocess-1.19.jar:/home/user/.m2/repository/org/mockito/mockito-all/1.8.5/mockito-all-1.8.5.jar:/home/user/.m2/repository/org/apache/hadoop/hadoop-kms/3.2.0/hadoop-kms-3.2.0.jar:/home/user/.m2/repository/org/apache/hadoop/hadoop-auth/3.2.0/hadoop-auth-3.2.0.jar:/home/user/.m2/repository/com/nimbusds/nimbus-jose-jwt/7.9/nimbus-jose-jwt-7.9.jar:/home/user/.m2/repository/com/github/stephenc/jcip/jcip-annotations/1.0-1/jcip-annotations-1.0-1.jar:/home/user/.m2/repository/net/minidev/json-smart/2.3/json-smart-2.3.jar:/home/user/.m2/repository/net/minidev/accessors-smart/1.2/accessors-smart-1.2.jar:/home/user/.m2/repository/org/ow2/asm/asm/5.0.4/asm-5.0.4.jar:/home/user/.m2/repository/org/apache/curator/curator-framework/2.12.0/curator-framework-2.12.0.jar:/home/user/.m2/repository/com/sun/jersey/jersey-core/1.19/jersey-core-1.19.jar:/home/user/.m2/repository/javax/ws/rs/jsr311-api/1.1.1/jsr311-api-1.1.1.jar:/home/user/.m2/repository/com/sun/jersey/jersey-server/1.19/jersey-server-1.19.jar:/home/user/.m2/repository/javax/servlet/javax.servlet-api/3.1.0/javax.servlet-api-3.1.0.jar:/home/user/.m2/repository/org/eclipse/jetty/jetty-server/9.4.26.v20200117/jetty-server-9.4.26.v20200117.jar:/home/user/.m2/repository/org/eclipse/jetty/jetty-http/9.4.26.v20200117/jetty-http-9.4.26.v20200117.jar:/home/user/.m2/repository/org/eclipse/jetty/jetty-io/9.4.26.v20200117/jetty-io-9.4.26.v20200117.jar:/home/user/.m2/repository/org/eclipse/jetty/jetty-webapp/9.4.26.v20200117/jetty-webapp-9.4.26.v20200117.jar:/home/user/.m2/repository/org/eclipse/jetty/jetty-xml/9.4.26.v20200117/jetty-xml-9.4.26.v20200117.jar:/home/user/.m2/repository/org/apache/hadoop/hadoop-common/3.2.0/hadoop-common-3.2.0.jar:/home/user/.m2/repository/log4j/log4j/1.2.17/log4j-1.2.17.jar:/home/user/.m2/repository/org/slf4j/slf4j-api/1.7.25/slf4j-api-1.7.25.jar:/home/user/.m2/repository/org/slf4j/jul-to-slf4j/1.7.25/jul-to-slf4j-1.7.25.jar:/home/user/.m2/repository/org/eclipse/jetty/jetty-util/9.4.26.v20200117/jetty-util-9.4.26.v20200117.jar:/home/user/.m2/repository/com/fasterxml/jackson/core/jackson-databind/2.10.3/jackson-databind-2.10.3.jar:/home/user/.m2/repository/org/apache/hadoop/hadoop-kms/3.2.0/hadoop-kms-3.2.0-tests.jar:/home/user/.m2/repository/org/apache/hadoop/hadoop-hdds-server-scm/0.6.0-SNAPSHOT/hadoop-hdds-server-scm-0.6.0-SNAPSHOT-tests.jar:/home/user/.m2/repository/org/apache/hadoop/hadoop-hdds-container-service/0.6.0-SNAPSHOT/hadoop-hdds-container-service-0.6.0-SNAPSHOT-tests.jar:/home/user/.m2/repository/org/apache/hadoop/hadoop-hdds-common/0.6.0-SNAPSHOT/hadoop-hdds-common-0.6.0-SNAPSHOT-tests.jar:/home/user/.m2/repository/org/yaml/snakeyaml/1.16/snakeyaml-1.16.jar:/home/user/.m2/repository/org/apache/hadoop/hadoop-common/3.2.0/hadoop-common-3.2.0-tests.jar:/home/user/.m2/repository/org/apache/hadoop/hadoop-annotations/3.2.0/hadoop-annotations-3.2.0.jar:/usr/lib/jvm/java-1.8.0-openjdk-1.8.0.232.b09-0.el7_7.x86_64/jre/../lib/tools.jar:/home/user/.m2/repository/org/apache/httpcomponents/httpclient/4.5.2/httpclient-4.5.2.jar:/home/user/.m2/repository/org/apache/httpcomponents/httpcore/4.4.4/httpcore-4.4.4.jar:/home/user/.m2/repository/commons-codec/commons-codec/1.11/commons-codec-1.11.jar:/home/user/.m2/repository/commons-net/commons-net/3.6/commons-net-3.6.jar:/home/user/.m2/repository/commons-collections/commons-collections/3.2.2/commons-collections-3.2.2.jar:/home/user/.m2/repository/org/eclipse/jetty/jetty-servlet/9.4.26.v20200117/jetty-servlet-9.4.26.v20200117.jar:/home/user/.m2/repository/org/eclipse/jetty/jetty-security/9.4.26.v20200117/jetty-security-9.4.26.v20200117.jar:/home/user/.m2/repository/javax/servlet/jsp/jsp-api/2.1/jsp-api-2.1.jar:/home/user/.m2/repository/com/sun/jersey/jersey-servlet/1.19/jersey-servlet-1.19.jar:/home/user/.m2/repository/com/sun/jersey/jersey-json/1.19/jersey-json-1.19.jar:/home/user/.m2/repository/org/codehaus/jettison/jettison/1.1/jettison-1.1.jar:/home/user/.m2/repository/org/codehaus/jackson/jackson-core-asl/1.9.13/jackson-core-asl-1.9.13.jar:/home/user/.m2/repository/org/codehaus/jackson/jackson-mapper-asl/1.9.13/jackson-mapper-asl-1.9.13.jar:/home/user/.m2/repository/org/codehaus/jackson/jackson-jaxrs/1.9.13/jackson-jaxrs-1.9.13.jar:/home/user/.m2/repository/org/codehaus/jackson/jackson-xc/1.9.13/jackson-xc-1.9.13.jar:/home/user/.m2/repository/commons-logging/commons-logging/1.1.3/commons-logging-1.1.3.jar:/home/user/.m2/repository/commons-beanutils/commons-beanutils/1.9.4/commons-beanutils-1.9.4.jar:/home/user/.m2/repository/org/apache/commons/commons-configuration2/2.1.1/commons-configuration2-2.1.1.jar:/home/user/.m2/repository/org/apache/commons/commons-lang3/3.7/commons-lang3-3.7.jar:/home/user/.m2/repository/org/apache/commons/commons-text/1.4/commons-text-1.4.jar:/home/user/.m2/repository/org/apache/avro/avro/1.7.7/avro-1.7.7.jar:/home/user/.m2/repository/com/thoughtworks/paranamer/paranamer/2.3/paranamer-2.3.jar:/home/user/.m2/repository/org/xerial/snappy/snappy-java/1.0.5/snappy-java-1.0.5.jar:/home/user/.m2/repository/com/google/re2j/re2j/1.1/re2j-1.1.jar:/home/user/.m2/repository/com/google/code/gson/gson/2.2.4/gson-2.2.4.jar:/home/user/.m2/repository/com/jcraft/jsch/0.1.54/jsch-0.1.54.jar:/home/user/.m2/repository/org/apache/curator/curator-client/2.12.0/curator-client-2.12.0.jar:/home/user/.m2/repository/org/apache/curator/curator-recipes/2.12.0/curator-recipes-2.12.0.jar:/home/user/.m2/repository/com/google/code/findbugs/jsr305/3.0.0/jsr305-3.0.0.jar:/home/user/.m2/repository/org/apache/htrace/htrace-core4/4.1.0-incubating/htrace-core4-4.1.0-incubating.jar:/home/user/.m2/repository/org/apache/zookeeper/zookeeper/3.4.13/zookeeper-3.4.13.jar:/home/user/.m2/repository/jline/jline/0.9.94/jline-0.9.94.jar:/home/user/.m2/repository/org/apache/yetus/audience-annotations/0.5.0/audience-annotations-0.5.0.jar:/home/user/.m2/repository/org/codehaus/woodstox/stax2-api/3.1.4/stax2-api-3.1.4.jar:/home/user/.m2/repository/com/fasterxml/woodstox/woodstox-core/5.0.3/woodstox-core-5.0.3.jar:/home/user/.m2/repository/dnsjava/dnsjava/2.1.7/dnsjava-2.1.7.jar:/home/user/.m2/repository/org/apache/hadoop/hadoop-hdfs/3.2.0/hadoop-hdfs-3.2.0-tests.jar:/home/user/.m2/repository/org/eclipse/jetty/jetty-util-ajax/9.4.26.v20200117/jetty-util-ajax-9.4.26.v20200117.jar:/home/user/.m2/repository/commons-daemon/commons-daemon/1.0.13/commons-daemon-1.0.13.jar:/home/user/.m2/repository/io/netty/netty/3.10.5.Final/netty-3.10.5.Final.jar:/home/user/.m2/repository/io/netty/netty-all/4.1.47.Final/netty-all-4.1.47.Final.jar:/home/user/.m2/repository/org/fusesource/leveldbjni/leveldbjni-all/1.8/leveldbjni-all-1.8.jar:/home/user/.m2/repository/org/apache/hadoop/hadoop-distcp/3.2.0/hadoop-distcp-3.2.0.jar:/home/user/.m2/repository/org/apache/hadoop/hadoop-mapreduce-client-jobclient/3.2.0/hadoop-mapreduce-client-jobclient-3.2.0.jar:/home/user/.m2/repository/org/apache/hadoop/hadoop-mapreduce-client-common/3.2.0/hadoop-mapreduce-client-common-3.2.0.jar:/home/user/.m2/repository/org/apache/hadoop/hadoop-yarn-common/3.2.0/hadoop-yarn-common-3.2.0.jar:/home/user/.m2/repository/org/apache/hadoop/hadoop-yarn-api/3.2.0/hadoop-yarn-api-3.2.0.jar:/home/user/.m2/repository/com/sun/jersey/jersey-client/1.19/jersey-client-1.19.jar:/home/user/.m2/repository/com/sun/jersey/contribs/jersey-guice/1.19/jersey-guice-1.19.jar:/home/user/.m2/repository/com/fasterxml/jackson/jaxrs/jackson-jaxrs-json-provider/2.10.3/jackson-jaxrs-json-provider-2.10.3.jar:/home/user/.m2/repository/com/fasterxml/jackson/jaxrs/jackson-jaxrs-base/2.10.3/jackson-jaxrs-base-2.10.3.jar:/home/user/.m2/repository/org/apache/hadoop/hadoop-yarn-client/3.2.0/hadoop-yarn-client-3.2.0.jar:/home/user/.m2/repository/org/apache/hadoop/hadoop-mapreduce-client-core/3.2.0/hadoop-mapreduce-client-core-3.2.0.jar:/home/user/.m2/repository/org/apache/hadoop/hadoop-distcp/3.2.0/hadoop-distcp-3.2.0-tests.jar:"/>
    <property name="java.vm.vendor" value="Oracle Corporation"/>
    <property name="sun.arch.data.model" value="64"/>
    <property name="test.build.dir" value="/github/workspace/hadoop-ozone/integration-test/target/test-dir"/>
    <property name="test.cache.data" value=""/>
    <property name="java.vendor.url" value="http://java.oracle.com/"/>
    <property name="user.timezone" value=""/>
    <property name="java.vm.specification.version" value="1.8"/>
    <property name="os.name" value="Linux"/>
    <property name="test.build.data" value="/github/workspace/hadoop-ozone/integration-test/target/test-dir"/>
    <property name="user.country" value="US"/>
    <property name="sun.java.launcher" value="SUN_STANDARD"/>
    <property name="sun.boot.library.path" value="/usr/lib/jvm/java-1.8.0-openjdk-1.8.0.232.b09-0.el7_7.x86_64/jre/lib/amd64"/>
    <property name="sun.java.command" value="/github/workspace/hadoop-ozone/integration-test/target/surefire/surefirebooter1238125187675946155.jar /github/workspace/hadoop-ozone/integration-test/target/surefire 2020-04-15T03-37-32_582-jvmRun1 surefire3163682015083462830tmp surefire_144136596031015259948tmp"/>
    <property name="surefire.test.class.path" value="/github/workspace/hadoop-ozone/integration-test/target/test-classes:/github/workspace/hadoop-ozone/integration-test/target/classes:/home/user/.m2/repository/org/apache/hadoop/hadoop-ozone-common/0.6.0-SNAPSHOT/hadoop-ozone-common-0.6.0-SNAPSHOT.jar:/home/user/.m2/repository/org/apache/commons/commons-compress/1.4.1/commons-compress-1.4.1.jar:/home/user/.m2/repository/org/tukaani/xz/1.0/xz-1.0.jar:/home/user/.m2/repository/org/apache/hadoop/hadoop-hdds-common/0.6.0-SNAPSHOT/hadoop-hdds-common-0.6.0-SNAPSHOT.jar:/home/user/.m2/repository/info/picocli/picocli/3.9.6/picocli-3.9.6.jar:/home/user/.m2/repository/com/fasterxml/jackson/core/jackson-annotations/2.10.3/jackson-annotations-2.10.3.jar:/home/user/.m2/repository/javax/annotation/javax.annotation-api/1.2/javax.annotation-api-1.2.jar:/home/user/.m2/repository/org/apache/ratis/ratis-server/0.6.0-7c5b30d-SNAPSHOT/ratis-server-0.6.0-7c5b30d-SNAPSHOT.jar:/home/user/.m2/repository/org/apache/ratis/ratis-thirdparty-misc/0.3.0/ratis-thirdparty-misc-0.3.0.jar:/home/user/.m2/repository/org/apache/ratis/ratis-client/0.6.0-7c5b30d-SNAPSHOT/ratis-client-0.6.0-7c5b30d-SNAPSHOT.jar:/home/user/.m2/repository/org/apache/ratis/ratis-metrics/0.6.0-7c5b30d-SNAPSHOT/ratis-metrics-0.6.0-7c5b30d-SNAPSHOT.jar:/home/user/.m2/repository/org/apache/ratis/ratis-netty/0.6.0-7c5b30d-SNAPSHOT/ratis-netty-0.6.0-7c5b30d-SNAPSHOT.jar:/home/user/.m2/repository/org/apache/ratis/ratis-grpc/0.6.0-7c5b30d-SNAPSHOT/ratis-grpc-0.6.0-7c5b30d-SNAPSHOT.jar:/home/user/.m2/repository/org/apache/logging/log4j/log4j-api/2.11.0/log4j-api-2.11.0.jar:/home/user/.m2/repository/org/apache/logging/log4j/log4j-core/2.11.0/log4j-core-2.11.0.jar:/home/user/.m2/repository/com/lmax/disruptor/3.4.2/disruptor-3.4.2.jar:/home/user/.m2/repository/org/apache/commons/commons-pool2/2.6.0/commons-pool2-2.6.0.jar:/home/user/.m2/repository/org/bouncycastle/bcpkix-jdk15on/1.60/bcpkix-jdk15on-1.60.jar:/home/user/.m2/repository/commons-validator/commons-validator/1.6/commons-validator-1.6.jar:/home/user/.m2/repository/commons-digester/commons-digester/1.8.1/commons-digester-1.8.1.jar:/home/user/.m2/repository/io/jaegertracing/jaeger-client/0.34.0/jaeger-client-0.34.0.jar:/home/user/.m2/repository/io/jaegertracing/jaeger-thrift/0.34.0/jaeger-thrift-0.34.0.jar:/home/user/.m2/repository/org/apache/thrift/libthrift/0.12.0/libthrift-0.12.0.jar:/home/user/.m2/repository/com/squareup/okhttp3/okhttp/3.9.0/okhttp-3.9.0.jar:/home/user/.m2/repository/com/squareup/okio/okio/1.13.0/okio-1.13.0.jar:/home/user/.m2/repository/io/jaegertracing/jaeger-core/0.34.0/jaeger-core-0.34.0.jar:/home/user/.m2/repository/io/jaegertracing/jaeger-tracerresolver/0.34.0/jaeger-tracerresolver-0.34.0.jar:/home/user/.m2/repository/io/opentracing/contrib/opentracing-tracerresolver/0.1.5/opentracing-tracerresolver-0.1.5.jar:/home/user/.m2/repository/io/opentracing/opentracing-util/0.31.0/opentracing-util-0.31.0.jar:/home/user/.m2/repository/io/opentracing/opentracing-api/0.31.0/opentracing-api-0.31.0.jar:/home/user/.m2/repository/io/opentracing/opentracing-noop/0.31.0/opentracing-noop-0.31.0.jar:/home/user/.m2/repository/org/apache/hadoop/hadoop-hdds-client/0.6.0-SNAPSHOT/hadoop-hdds-client-0.6.0-SNAPSHOT.jar:/home/user/.m2/repository/org/apache/hadoop/hadoop-hdds-server-scm/0.6.0-SNAPSHOT/hadoop-hdds-server-scm-0.6.0-SNAPSHOT.jar:/home/user/.m2/repository/org/apache/hadoop/hadoop-hdds-container-service/0.6.0-SNAPSHOT/hadoop-hdds-container-service-0.6.0-SNAPSHOT.jar:/home/user/.m2/repository/org/apache/hadoop/hadoop-hdds-hadoop-dependency-server/0.6.0-SNAPSHOT/hadoop-hdds-hadoop-dependency-server-0.6.0-SNAPSHOT.jar:/home/user/.m2/repository/org/apache/hadoop/hadoop-hdds-server-framework/0.6.0-SNAPSHOT/hadoop-hdds-server-framework-0.6.0-SNAPSHOT.jar:/home/user/.m2/repository/org/rocksdb/rocksdbjni/6.6.4/rocksdbjni-6.6.4.jar:/home/user/.m2/repository/io/prometheus/simpleclient_dropwizard/0.7.0/simpleclient_dropwizard-0.7.0.jar:/home/user/.m2/repository/io/prometheus/simpleclient/0.7.0/simpleclient-0.7.0.jar:/home/user/.m2/repository/io/prometheus/simpleclient_common/0.7.0/simpleclient_common-0.7.0.jar:/home/user/.m2/repository/com/fasterxml/jackson/datatype/jackson-datatype-jsr310/2.10.3/jackson-datatype-jsr310-2.10.3.jar:/home/user/.m2/repository/org/apache/hadoop/hadoop-hdds-docs/0.6.0-SNAPSHOT/hadoop-hdds-docs-0.6.0-SNAPSHOT.jar:/home/user/.m2/repository/io/dropwizard/metrics/metrics-core/3.2.4/metrics-core-3.2.4.jar:/home/user/.m2/repository/org/apache/hadoop/hadoop-hdfs-client/3.2.0/hadoop-hdfs-client-3.2.0.jar:/home/user/.m2/repository/org/bouncycastle/bcprov-jdk15on/1.60/bcprov-jdk15on-1.60.jar:/home/user/.m2/repository/org/apache/hadoop/hadoop-ozone-ozone-manager/0.6.0-SNAPSHOT/hadoop-ozone-ozone-manager-0.6.0-SNAPSHOT.jar:/home/user/.m2/repository/org/apache/hadoop/hadoop-minikdc/3.2.0/hadoop-minikdc-3.2.0.jar:/home/user/.m2/repository/commons-io/commons-io/2.5/commons-io-2.5.jar:/home/user/.m2/repository/org/apache/kerby/kerb-simplekdc/1.0.1/kerb-simplekdc-1.0.1.jar:/home/user/.m2/repository/org/apache/kerby/kerb-client/1.0.1/kerb-client-1.0.1.jar:/home/user/.m2/repository/org/apache/kerby/kerby-config/1.0.1/kerby-config-1.0.1.jar:/home/user/.m2/repository/org/apache/kerby/kerb-core/1.0.1/kerb-core-1.0.1.jar:/home/user/.m2/repository/org/apache/kerby/kerby-pkix/1.0.1/kerby-pkix-1.0.1.jar:/home/user/.m2/repository/org/apache/kerby/kerby-asn1/1.0.1/kerby-asn1-1.0.1.jar:/home/user/.m2/repository/org/apache/kerby/kerby-util/1.0.1/kerby-util-1.0.1.jar:/home/user/.m2/repository/org/apache/kerby/kerb-common/1.0.1/kerb-common-1.0.1.jar:/home/user/.m2/repository/org/apache/kerby/kerb-crypto/1.0.1/kerb-crypto-1.0.1.jar:/home/user/.m2/repository/org/apache/kerby/kerb-util/1.0.1/kerb-util-1.0.1.jar:/home/user/.m2/repository/org/apache/kerby/token-provider/1.0.1/token-provider-1.0.1.jar:/home/user/.m2/repository/org/apache/kerby/kerb-admin/1.0.1/kerb-admin-1.0.1.jar:/home/user/.m2/repository/org/apache/kerby/kerb-server/1.0.1/kerb-server-1.0.1.jar:/home/user/.m2/repository/org/apache/kerby/kerb-identity/1.0.1/kerb-identity-1.0.1.jar:/home/user/.m2/repository/org/apache/kerby/kerby-xdr/1.0.1/kerby-xdr-1.0.1.jar:/home/user/.m2/repository/org/slf4j/slf4j-log4j12/1.7.25/slf4j-log4j12-1.7.25.jar:/home/user/.m2/repository/org/apache/hadoop/hadoop-ozone-s3gateway/0.6.0-SNAPSHOT/hadoop-ozone-s3gateway-0.6.0-SNAPSHOT.jar:/home/user/.m2/repository/org/jboss/weld/servlet/weld-servlet/2.4.7.Final/weld-servlet-2.4.7.Final.jar:/home/user/.m2/repository/org/glassfish/jersey/containers/jersey-container-servlet-core/2.27/jersey-container-servlet-core-2.27.jar:/home/user/.m2/repository/org/glassfish/hk2/external/javax.inject/2.5.0-b42/javax.inject-2.5.0-b42.jar:/home/user/.m2/repository/org/glassfish/jersey/core/jersey-common/2.27/jersey-common-2.27.jar:/home/user/.m2/repository/org/glassfish/hk2/osgi-resource-locator/1.0.1/osgi-resource-locator-1.0.1.jar:/home/user/.m2/repository/javax/ws/rs/javax.ws.rs-api/2.1/javax.ws.rs-api-2.1.jar:/home/user/.m2/repository/org/glassfish/jersey/ext/cdi/jersey-cdi1x/2.27/jersey-cdi1x-2.27.jar:/home/user/.m2/repository/org/glassfish/jersey/inject/jersey-hk2/2.27/jersey-hk2-2.27.jar:/home/user/.m2/repository/org/glassfish/hk2/hk2-locator/2.5.0-b42/hk2-locator-2.5.0-b42.jar:/home/user/.m2/repository/org/javassist/javassist/3.22.0-CR2/javassist-3.22.0-CR2.jar:/home/user/.m2/repository/org/glassfish/hk2/hk2-api/2.5.0/hk2-api-2.5.0.jar:/home/user/.m2/repository/org/glassfish/hk2/external/jakarta.inject/2.5.0/jakarta.inject-2.5.0.jar:/home/user/.m2/repository/org/glassfish/hk2/hk2-utils/2.5.0/hk2-utils-2.5.0.jar:/home/user/.m2/repository/jakarta/annotation/jakarta.annotation-api/1.3.4/jakarta.annotation-api-1.3.4.jar:/home/user/.m2/repository/org/glassfish/hk2/external/aopalliance-repackaged/2.5.0/aopalliance-repackaged-2.5.0.jar:/home/user/.m2/repository/com/fasterxml/jackson/dataformat/jackson-dataformat-xml/2.9.0/jackson-dataformat-xml-2.9.0.jar:/home/user/.m2/repository/com/fasterxml/jackson/core/jackson-core/2.10.3/jackson-core-2.10.3.jar:/home/user/.m2/repository/com/fasterxml/jackson/module/jackson-module-jaxb-annotations/2.10.3/jackson-module-jaxb-annotations-2.10.3.jar:/home/user/.m2/repository/jakarta/xml/bind/jakarta.xml.bind-api/2.3.2/jakarta.xml.bind-api-2.3.2.jar:/home/user/.m2/repository/jakarta/activation/jakarta.activation-api/1.2.1/jakarta.activation-api-1.2.1.jar:/home/user/.m2/repository/javax/enterprise/cdi-api/1.2/cdi-api-1.2.jar:/home/user/.m2/repository/javax/el/javax.el-api/3.0.0/javax.el-api-3.0.0.jar:/home/user/.m2/repository/javax/interceptor/javax.interceptor-api/1.2/javax.interceptor-api-1.2.jar:/home/user/.m2/repository/javax/inject/javax.inject/1/javax.inject-1.jar:/home/user/.m2/repository/com/sun/xml/bind/jaxb-impl/2.3.0.1/jaxb-impl-2.3.0.1.jar:/home/user/.m2/repository/com/sun/xml/bind/jaxb-core/2.3.0.1/jaxb-core-2.3.0.1.jar:/home/user/.m2/repository/javax/xml/bind/jaxb-api/2.3.0/jaxb-api-2.3.0.jar:/home/user/.m2/repository/javax/activation/activation/1.1.1/activation-1.1.1.jar:/home/user/.m2/repository/org/apache/hadoop/hadoop-ozone-csi/0.6.0-SNAPSHOT/hadoop-ozone-csi-0.6.0-SNAPSHOT.jar:/home/user/.m2/repository/com/google/protobuf/protobuf-java-util/3.5.1/protobuf-java-util-3.5.1.jar:/home/user/.m2/repository/org/apache/hadoop/hadoop-hdds-config/0.6.0-SNAPSHOT/hadoop-hdds-config-0.6.0-SNAPSHOT.jar:/home/user/.m2/repository/com/google/guava/guava/28.2-jre/guava-28.2-jre.jar:/home/user/.m2/repository/com/google/guava/failureaccess/1.0.1/failureaccess-1.0.1.jar:/home/user/.m2/repository/com/google/guava/listenablefuture/9999.0-empty-to-avoid-conflict-with-guava/listenablefuture-9999.0-empty-to-avoid-conflict-with-guava.jar:/home/user/.m2/repository/org/checkerframework/checker-qual/2.10.0/checker-qual-2.10.0.jar:/home/user/.m2/repository/com/google/errorprone/error_prone_annotations/2.3.4/error_prone_annotations-2.3.4.jar:/home/user/.m2/repository/com/google/j2objc/j2objc-annotations/1.3/j2objc-annotations-1.3.jar:/home/user/.m2/repository/com/google/protobuf/protobuf-java/2.5.0/protobuf-java-2.5.0.jar:/home/user/.m2/repository/io/grpc/grpc-netty/1.17.1/grpc-netty-1.17.1.jar:/home/user/.m2/repository/io/grpc/grpc-core/1.17.1/grpc-core-1.17.1.jar:/home/user/.m2/repository/io/grpc/grpc-context/1.17.1/grpc-context-1.17.1.jar:/home/user/.m2/repository/org/codehaus/mojo/animal-sniffer-annotations/1.17/animal-sniffer-annotations-1.17.jar:/home/user/.m2/repository/io/opencensus/opencensus-api/0.17.0/opencensus-api-0.17.0.jar:/home/user/.m2/repository/io/opencensus/opencensus-contrib-grpc-metrics/0.17.0/opencensus-contrib-grpc-metrics-0.17.0.jar:/home/user/.m2/repository/io/netty/netty-codec-http2/4.1.30.Final/netty-codec-http2-4.1.30.Final.jar:/home/user/.m2/repository/io/netty/netty-codec-http/4.1.30.Final/netty-codec-http-4.1.30.Final.jar:/home/user/.m2/repository/io/netty/netty-codec/4.1.30.Final/netty-codec-4.1.30.Final.jar:/home/user/.m2/repository/io/netty/netty-handler/4.1.30.Final/netty-handler-4.1.30.Final.jar:/home/user/.m2/repository/io/netty/netty-handler-proxy/4.1.30.Final/netty-handler-proxy-4.1.30.Final.jar:/home/user/.m2/repository/io/netty/netty-codec-socks/4.1.30.Final/netty-codec-socks-4.1.30.Final.jar:/home/user/.m2/repository/io/netty/netty-transport-native-epoll/4.1.30.Final/netty-transport-native-epoll-4.1.30.Final.jar:/home/user/.m2/repository/io/netty/netty-common/4.1.30.Final/netty-common-4.1.30.Final.jar:/home/user/.m2/repository/io/netty/netty-buffer/4.1.30.Final/netty-buffer-4.1.30.Final.jar:/home/user/.m2/repository/io/netty/netty-transport/4.1.30.Final/netty-transport-4.1.30.Final.jar:/home/user/.m2/repository/io/netty/netty-resolver/4.1.30.Final/netty-resolver-4.1.30.Final.jar:/home/user/.m2/repository/io/netty/netty-transport-native-unix-common/4.1.30.Final/netty-transport-native-unix-common-4.1.30.Final.jar:/home/user/.m2/repository/io/grpc/grpc-protobuf/1.17.1/grpc-protobuf-1.17.1.jar:/home/user/.m2/repository/com/google/api/grpc/proto-google-common-protos/1.0.0/proto-google-common-protos-1.0.0.jar:/home/user/.m2/repository/io/grpc/grpc-protobuf-lite/1.17.1/grpc-protobuf-lite-1.17.1.jar:/home/user/.m2/repository/io/grpc/grpc-stub/1.17.1/grpc-stub-1.17.1.jar:/home/user/.m2/repository/org/apache/hadoop/hadoop-ozone-recon/0.6.0-SNAPSHOT/hadoop-ozone-recon-0.6.0-SNAPSHOT.jar:/home/user/.m2/repository/org/apache/hadoop/hadoop-ozone-reconcodegen/0.6.0-SNAPSHOT/hadoop-ozone-reconcodegen-0.6.0-SNAPSHOT.jar:/home/user/.m2/repository/com/google/inject/extensions/guice-multibindings/4.0/guice-multibindings-4.0.jar:/home/user/.m2/repository/com/google/inject/guice/4.0/guice-4.0.jar:/home/user/.m2/repository/aopalliance/aopalliance/1.0/aopalliance-1.0.jar:/home/user/.m2/repository/com/google/inject/extensions/guice-servlet/4.0/guice-servlet-4.0.jar:/home/user/.m2/repository/org/glassfish/jersey/containers/jersey-container-servlet/2.27/jersey-container-servlet-2.27.jar:/home/user/.m2/repository/org/glassfish/hk2/guice-bridge/2.5.0/guice-bridge-2.5.0.jar:/home/user/.m2/repository/org/glassfish/jersey/core/jersey-server/2.27/jersey-server-2.27.jar:/home/user/.m2/repository/org/glassfish/jersey/core/jersey-client/2.27/jersey-client-2.27.jar:/home/user/.m2/repository/org/glassfish/jersey/media/jersey-media-jaxb/2.27/jersey-media-jaxb-2.27.jar:/home/user/.m2/repository/javax/validation/validation-api/1.1.0.Final/validation-api-1.1.0.Final.jar:/home/user/.m2/repository/org/glassfish/jersey/media/jersey-media-json-jackson/2.27/jersey-media-json-jackson-2.27.jar:/home/user/.m2/repository/org/glassfish/jersey/ext/jersey-entity-filtering/2.27/jersey-entity-filtering-2.27.jar:/home/user/.m2/repository/com/google/inject/extensions/guice-assistedinject/4.0/guice-assistedinject-4.0.jar:/home/user/.m2/repository/org/jooq/jooq/3.11.10/jooq-3.11.10.jar:/home/user/.m2/repository/org/jooq/jooq-meta/3.11.10/jooq-meta-3.11.10.jar:/home/user/.m2/repository/org/jooq/jooq-codegen/3.11.10/jooq-codegen-3.11.10.jar:/home/user/.m2/repository/com/jolbox/bonecp/0.8.0.RELEASE/bonecp-0.8.0.RELEASE.jar:/home/user/.m2/repository/org/xerial/sqlite-jdbc/3.25.2/sqlite-jdbc-3.25.2.jar:/home/user/.m2/repository/org/springframework/spring-jdbc/5.1.3.RELEASE/spring-jdbc-5.1.3.RELEASE.jar:/home/user/.m2/repository/org/springframework/spring-beans/5.1.3.RELEASE/spring-beans-5.1.3.RELEASE.jar:/home/user/.m2/repository/org/springframework/spring-core/5.1.3.RELEASE/spring-core-5.1.3.RELEASE.jar:/home/user/.m2/repository/org/springframework/spring-jcl/5.1.3.RELEASE/spring-jcl-5.1.3.RELEASE.jar:/home/user/.m2/repository/org/springframework/spring-tx/5.1.3.RELEASE/spring-tx-5.1.3.RELEASE.jar:/home/user/.m2/repository/org/apache/hadoop/hadoop-ozone-client/0.6.0-SNAPSHOT/hadoop-ozone-client-0.6.0-SNAPSHOT.jar:/home/user/.m2/repository/org/apache/hadoop/hadoop-ozone-filesystem/0.6.0-SNAPSHOT/hadoop-ozone-filesystem-0.6.0-SNAPSHOT.jar:/home/user/.m2/repository/org/apache/hadoop/hadoop-hdds-hadoop-dependency-client/0.6.0-SNAPSHOT/hadoop-hdds-hadoop-dependency-client-0.6.0-SNAPSHOT.jar:/home/user/.m2/repository/org/apache/hadoop/hadoop-ozone-tools/0.6.0-SNAPSHOT/hadoop-ozone-tools-0.6.0-SNAPSHOT.jar:/home/user/.m2/repository/org/apache/hadoop/hadoop-hdfs/3.2.0/hadoop-hdfs-3.2.0.jar:/home/user/.m2/repository/org/apache/ratis/ratis-tools/0.6.0-7c5b30d-SNAPSHOT/ratis-tools-0.6.0-7c5b30d-SNAPSHOT.jar:/home/user/.m2/repository/org/apache/ratis/ratis-proto/0.6.0-7c5b30d-SNAPSHOT/ratis-proto-0.6.0-7c5b30d-SNAPSHOT.jar:/home/user/.m2/repository/org/apache/ratis/ratis-common/0.6.0-7c5b30d-SNAPSHOT/ratis-common-0.6.0-7c5b30d-SNAPSHOT.jar:/home/user/.m2/repository/com/amazonaws/aws-java-sdk-core/1.11.615/aws-java-sdk-core-1.11.615.jar:/home/user/.m2/repository/software/amazon/ion/ion-java/1.0.2/ion-java-1.0.2.jar:/home/user/.m2/repository/com/fasterxml/jackson/dataformat/jackson-dataformat-cbor/2.10.3/jackson-dataformat-cbor-2.10.3.jar:/home/user/.m2/repository/joda-time/joda-time/2.9.9/joda-time-2.9.9.jar:/home/user/.m2/repository/com/amazonaws/aws-java-sdk-s3/1.11.615/aws-java-sdk-s3-1.11.615.jar:/home/user/.m2/repository/com/amazonaws/aws-java-sdk-kms/1.11.615/aws-java-sdk-kms-1.11.615.jar:/home/user/.m2/repository/com/amazonaws/jmespath-java/1.11.615/jmespath-java-1.11.615.jar:/home/user/.m2/repository/org/apache/hadoop/hadoop-hdds-tools/0.6.0-SNAPSHOT/hadoop-hdds-tools-0.6.0-SNAPSHOT.jar:/home/user/.m2/repository/commons-cli/commons-cli/1.2/commons-cli-1.2.jar:/home/user/.m2/repository/commons-lang/commons-lang/2.6/commons-lang-2.6.jar:/home/user/.m2/repository/org/apache/hadoop/hadoop-ozone-ozone-manager/0.6.0-SNAPSHOT/hadoop-ozone-ozone-manager-0.6.0-SNAPSHOT-tests.jar:/home/user/.m2/repository/junit/junit/4.11/junit-4.11.jar:/home/user/.m2/repository/org/hamcrest/hamcrest-core/1.3/hamcrest-core-1.3.jar:/home/user/.m2/repository/org/openjdk/jmh/jmh-core/1.19/jmh-core-1.19.jar:/home/user/.m2/repository/net/sf/jopt-simple/jopt-simple/4.6/jopt-simple-4.6.jar:/home/user/.m2/repository/org/apache/commons/commons-math3/3.1.1/commons-math3-3.1.1.jar:/home/user/.m2/repository/org/openjdk/jmh/jmh-generator-annprocess/1.19/jmh-generator-annprocess-1.19.jar:/home/user/.m2/repository/org/mockito/mockito-all/1.8.5/mockito-all-1.8.5.jar:/home/user/.m2/repository/org/apache/hadoop/hadoop-kms/3.2.0/hadoop-kms-3.2.0.jar:/home/user/.m2/repository/org/apache/hadoop/hadoop-auth/3.2.0/hadoop-auth-3.2.0.jar:/home/user/.m2/repository/com/nimbusds/nimbus-jose-jwt/7.9/nimbus-jose-jwt-7.9.jar:/home/user/.m2/repository/com/github/stephenc/jcip/jcip-annotations/1.0-1/jcip-annotations-1.0-1.jar:/home/user/.m2/repository/net/minidev/json-smart/2.3/json-smart-2.3.jar:/home/user/.m2/repository/net/minidev/accessors-smart/1.2/accessors-smart-1.2.jar:/home/user/.m2/repository/org/ow2/asm/asm/5.0.4/asm-5.0.4.jar:/home/user/.m2/repository/org/apache/curator/curator-framework/2.12.0/curator-framework-2.12.0.jar:/home/user/.m2/repository/com/sun/jersey/jersey-core/1.19/jersey-core-1.19.jar:/home/user/.m2/repository/javax/ws/rs/jsr311-api/1.1.1/jsr311-api-1.1.1.jar:/home/user/.m2/repository/com/sun/jersey/jersey-server/1.19/jersey-server-1.19.jar:/home/user/.m2/repository/javax/servlet/javax.servlet-api/3.1.0/javax.servlet-api-3.1.0.jar:/home/user/.m2/repository/org/eclipse/jetty/jetty-server/9.4.26.v20200117/jetty-server-9.4.26.v20200117.jar:/home/user/.m2/repository/org/eclipse/jetty/jetty-http/9.4.26.v20200117/jetty-http-9.4.26.v20200117.jar:/home/user/.m2/repository/org/eclipse/jetty/jetty-io/9.4.26.v20200117/jetty-io-9.4.26.v20200117.jar:/home/user/.m2/repository/org/eclipse/jetty/jetty-webapp/9.4.26.v20200117/jetty-webapp-9.4.26.v20200117.jar:/home/user/.m2/repository/org/eclipse/jetty/jetty-xml/9.4.26.v20200117/jetty-xml-9.4.26.v20200117.jar:/home/user/.m2/repository/org/apache/hadoop/hadoop-common/3.2.0/hadoop-common-3.2.0.jar:/home/user/.m2/repository/log4j/log4j/1.2.17/log4j-1.2.17.jar:/home/user/.m2/repository/org/slf4j/slf4j-api/1.7.25/slf4j-api-1.7.25.jar:/home/user/.m2/repository/org/slf4j/jul-to-slf4j/1.7.25/jul-to-slf4j-1.7.25.jar:/home/user/.m2/repository/org/eclipse/jetty/jetty-util/9.4.26.v20200117/jetty-util-9.4.26.v20200117.jar:/home/user/.m2/repository/com/fasterxml/jackson/core/jackson-databind/2.10.3/jackson-databind-2.10.3.jar:/home/user/.m2/repository/org/apache/hadoop/hadoop-kms/3.2.0/hadoop-kms-3.2.0-tests.jar:/home/user/.m2/repository/org/apache/hadoop/hadoop-hdds-server-scm/0.6.0-SNAPSHOT/hadoop-hdds-server-scm-0.6.0-SNAPSHOT-tests.jar:/home/user/.m2/repository/org/apache/hadoop/hadoop-hdds-container-service/0.6.0-SNAPSHOT/hadoop-hdds-container-service-0.6.0-SNAPSHOT-tests.jar:/home/user/.m2/repository/org/apache/hadoop/hadoop-hdds-common/0.6.0-SNAPSHOT/hadoop-hdds-common-0.6.0-SNAPSHOT-tests.jar:/home/user/.m2/repository/org/yaml/snakeyaml/1.16/snakeyaml-1.16.jar:/home/user/.m2/repository/org/apache/hadoop/hadoop-common/3.2.0/hadoop-common-3.2.0-tests.jar:/home/user/.m2/repository/org/apache/hadoop/hadoop-annotations/3.2.0/hadoop-annotations-3.2.0.jar:/usr/lib/jvm/java-1.8.0-openjdk-1.8.0.232.b09-0.el7_7.x86_64/jre/../lib/tools.jar:/home/user/.m2/repository/org/apache/httpcomponents/httpclient/4.5.2/httpclient-4.5.2.jar:/home/user/.m2/repository/org/apache/httpcomponents/httpcore/4.4.4/httpcore-4.4.4.jar:/home/user/.m2/repository/commons-codec/commons-codec/1.11/commons-codec-1.11.jar:/home/user/.m2/repository/commons-net/commons-net/3.6/commons-net-3.6.jar:/home/user/.m2/repository/commons-collections/commons-collections/3.2.2/commons-collections-3.2.2.jar:/home/user/.m2/repository/org/eclipse/jetty/jetty-servlet/9.4.26.v20200117/jetty-servlet-9.4.26.v20200117.jar:/home/user/.m2/repository/org/eclipse/jetty/jetty-security/9.4.26.v20200117/jetty-security-9.4.26.v20200117.jar:/home/user/.m2/repository/javax/servlet/jsp/jsp-api/2.1/jsp-api-2.1.jar:/home/user/.m2/repository/com/sun/jersey/jersey-servlet/1.19/jersey-servlet-1.19.jar:/home/user/.m2/repository/com/sun/jersey/jersey-json/1.19/jersey-json-1.19.jar:/home/user/.m2/repository/org/codehaus/jettison/jettison/1.1/jettison-1.1.jar:/home/user/.m2/repository/org/codehaus/jackson/jackson-core-asl/1.9.13/jackson-core-asl-1.9.13.jar:/home/user/.m2/repository/org/codehaus/jackson/jackson-mapper-asl/1.9.13/jackson-mapper-asl-1.9.13.jar:/home/user/.m2/repository/org/codehaus/jackson/jackson-jaxrs/1.9.13/jackson-jaxrs-1.9.13.jar:/home/user/.m2/repository/org/codehaus/jackson/jackson-xc/1.9.13/jackson-xc-1.9.13.jar:/home/user/.m2/repository/commons-logging/commons-logging/1.1.3/commons-logging-1.1.3.jar:/home/user/.m2/repository/commons-beanutils/commons-beanutils/1.9.4/commons-beanutils-1.9.4.jar:/home/user/.m2/repository/org/apache/commons/commons-configuration2/2.1.1/commons-configuration2-2.1.1.jar:/home/user/.m2/repository/org/apache/commons/commons-lang3/3.7/commons-lang3-3.7.jar:/home/user/.m2/repository/org/apache/commons/commons-text/1.4/commons-text-1.4.jar:/home/user/.m2/repository/org/apache/avro/avro/1.7.7/avro-1.7.7.jar:/home/user/.m2/repository/com/thoughtworks/paranamer/paranamer/2.3/paranamer-2.3.jar:/home/user/.m2/repository/org/xerial/snappy/snappy-java/1.0.5/snappy-java-1.0.5.jar:/home/user/.m2/repository/com/google/re2j/re2j/1.1/re2j-1.1.jar:/home/user/.m2/repository/com/google/code/gson/gson/2.2.4/gson-2.2.4.jar:/home/user/.m2/repository/com/jcraft/jsch/0.1.54/jsch-0.1.54.jar:/home/user/.m2/repository/org/apache/curator/curator-client/2.12.0/curator-client-2.12.0.jar:/home/user/.m2/repository/org/apache/curator/curator-recipes/2.12.0/curator-recipes-2.12.0.jar:/home/user/.m2/repository/com/google/code/findbugs/jsr305/3.0.0/jsr305-3.0.0.jar:/home/user/.m2/repository/org/apache/htrace/htrace-core4/4.1.0-incubating/htrace-core4-4.1.0-incubating.jar:/home/user/.m2/repository/org/apache/zookeeper/zookeeper/3.4.13/zookeeper-3.4.13.jar:/home/user/.m2/repository/jline/jline/0.9.94/jline-0.9.94.jar:/home/user/.m2/repository/org/apache/yetus/audience-annotations/0.5.0/audience-annotations-0.5.0.jar:/home/user/.m2/repository/org/codehaus/woodstox/stax2-api/3.1.4/stax2-api-3.1.4.jar:/home/user/.m2/repository/com/fasterxml/woodstox/woodstox-core/5.0.3/woodstox-core-5.0.3.jar:/home/user/.m2/repository/dnsjava/dnsjava/2.1.7/dnsjava-2.1.7.jar:/home/user/.m2/repository/org/apache/hadoop/hadoop-hdfs/3.2.0/hadoop-hdfs-3.2.0-tests.jar:/home/user/.m2/repository/org/eclipse/jetty/jetty-util-ajax/9.4.26.v20200117/jetty-util-ajax-9.4.26.v20200117.jar:/home/user/.m2/repository/commons-daemon/commons-daemon/1.0.13/commons-daemon-1.0.13.jar:/home/user/.m2/repository/io/netty/netty/3.10.5.Final/netty-3.10.5.Final.jar:/home/user/.m2/repository/io/netty/netty-all/4.1.47.Final/netty-all-4.1.47.Final.jar:/home/user/.m2/repository/org/fusesource/leveldbjni/leveldbjni-all/1.8/leveldbjni-all-1.8.jar:/home/user/.m2/repository/org/apache/hadoop/hadoop-distcp/3.2.0/hadoop-distcp-3.2.0.jar:/home/user/.m2/repository/org/apache/hadoop/hadoop-mapreduce-client-jobclient/3.2.0/hadoop-mapreduce-client-jobclient-3.2.0.jar:/home/user/.m2/repository/org/apache/hadoop/hadoop-mapreduce-client-common/3.2.0/hadoop-mapreduce-client-common-3.2.0.jar:/home/user/.m2/repository/org/apache/hadoop/hadoop-yarn-common/3.2.0/hadoop-yarn-common-3.2.0.jar:/home/user/.m2/repository/org/apache/hadoop/hadoop-yarn-api/3.2.0/hadoop-yarn-api-3.2.0.jar:/home/user/.m2/repository/com/sun/jersey/jersey-client/1.19/jersey-client-1.19.jar:/home/user/.m2/repository/com/sun/jersey/contribs/jersey-guice/1.19/jersey-guice-1.19.jar:/home/user/.m2/repository/com/fasterxml/jackson/jaxrs/jackson-jaxrs-json-provider/2.10.3/jackson-jaxrs-json-provider-2.10.3.jar:/home/user/.m2/repository/com/fasterxml/jackson/jaxrs/jackson-jaxrs-base/2.10.3/jackson-jaxrs-base-2.10.3.jar:/home/user/.m2/repository/org/apache/hadoop/hadoop-yarn-client/3.2.0/hadoop-yarn-client-3.2.0.jar:/home/user/.m2/repository/org/apache/hadoop/hadoop-mapreduce-client-core/3.2.0/hadoop-mapreduce-client-core-3.2.0.jar:/home/user/.m2/repository/org/apache/hadoop/hadoop-distcp/3.2.0/hadoop-distcp-3.2.0-tests.jar:"/>
    <property name="sun.cpu.endian" value="little"/>
    <property name="user.home" value="/home/user"/>
    <property name="user.language" value="en"/>
    <property name="java.specification.vendor" value="Oracle Corporation"/>
    <property name="java.home" value="/usr/lib/jvm/java-1.8.0-openjdk-1.8.0.232.b09-0.el7_7.x86_64/jre"/>
    <property name="java.security.krb5.conf" value="/github/workspace/hadoop-ozone/integration-test/target/test-classes/krb5.conf"/>
    <property name="basedir" value="/github/workspace/hadoop-ozone/integration-test"/>
    <property name="file.separator" value="/"/>
    <property name="line.separator" value="&#10;"/>
    <property name="java.vm.specification.vendor" value="Oracle Corporation"/>
    <property name="java.specification.name" value="Java Platform API Specification"/>
    <property name="java.awt.graphicsenv" value="sun.awt.X11GraphicsEnvironment"/>
    <property name="surefire.real.class.path" value="/github/workspace/hadoop-ozone/integration-test/target/surefire/surefirebooter1238125187675946155.jar:/home/user/.m2/repository/org/jacoco/org.jacoco.agent/0.8.3/org.jacoco.agent-0.8.3-runtime.jar"/>
    <property name="hadoop.log.dir" value="/github/workspace/hadoop-ozone/integration-test/target/log"/>
    <property name="sun.boot.class.path" value="/usr/lib/jvm/java-1.8.0-openjdk-1.8.0.232.b09-0.el7_7.x86_64/jre/lib/resources.jar:/usr/lib/jvm/java-1.8.0-openjdk-1.8.0.232.b09-0.el7_7.x86_64/jre/lib/rt.jar:/usr/lib/jvm/java-1.8.0-openjdk-1.8.0.232.b09-0.el7_7.x86_64/jre/lib/sunrsasign.jar:/usr/lib/jvm/java-1.8.0-openjdk-1.8.0.232.b09-0.el7_7.x86_64/jre/lib/jsse.jar:/usr/lib/jvm/java-1.8.0-openjdk-1.8.0.232.b09-0.el7_7.x86_64/jre/lib/jce.jar:/usr/lib/jvm/java-1.8.0-openjdk-1.8.0.232.b09-0.el7_7.x86_64/jre/lib/charsets.jar:/usr/lib/jvm/java-1.8.0-openjdk-1.8.0.232.b09-0.el7_7.x86_64/jre/lib/jfr.jar:/usr/lib/jvm/java-1.8.0-openjdk-1.8.0.232.b09-0.el7_7.x86_64/jre/classes"/>
    <property name="sun.management.compiler" value="HotSpot 64-Bit Tiered Compilers"/>
    <property name="java.runtime.version" value="1.8.0_232-b09"/>
    <property name="java.net.preferIPv4Stack" value="true"/>
    <property name="user.name" value="jenkins1001"/>
    <property name="path.separator" value=":"/>
    <property name="java.security.egd" value="file:///dev/urandom"/>
    <property name="os.version" value="5.0.0-1035-azure"/>
    <property name="java.endorsed.dirs" value="/usr/lib/jvm/java-1.8.0-openjdk-1.8.0.232.b09-0.el7_7.x86_64/jre/lib/endorsed"/>
    <property name="java.runtime.name" value="OpenJDK Runtime Environment"/>
    <property name="file.encoding" value="ANSI_X3.4-1968"/>
    <property name="java.vm.name" value="OpenJDK 64-Bit Server VM"/>
    <property name="test.build.webapps" value=""/>
    <property name="localRepository" value="/home/user/.m2/repository"/>
    <property name="java.vendor.url.bug" value="http://bugreport.sun.com/bugreport/"/>
    <property name="java.io.tmpdir" value="/tmp"/>
    <property name="require.test.libhadoop" value=""/>
    <property name="java.version" value="1.8.0_232"/>
    <property name="user.dir" value="/github/workspace/hadoop-ozone/integration-test"/>
    <property name="os.arch" value="amd64"/>
    <property name="java.vm.specification.name" value="Java Virtual Machine Specification"/>
    <property name="test.build.classes" value="/github/workspace/hadoop-ozone/integration-test/target/test-classes"/>
    <property name="java.awt.printerjob" value="sun.print.PSPrinterJob"/>
    <property name="sun.os.patch.level" value="unknown"/>
    <property name="hadoop.tmp.dir" value="/github/workspace/hadoop-ozone/integration-test/target/tmp"/>
    <property name="java.library.path" value="/usr/lib:/usr/java/packages/lib/amd64:/usr/lib64:/lib64:/lib:/usr/lib"/>
    <property name="java.vm.info" value="mixed mode"/>
    <property name="java.vendor" value="Oracle Corporation"/>
    <property name="java.vm.version" value="25.232-b09"/>
    <property name="java.ext.dirs" value="/usr/lib/jvm/java-1.8.0-openjdk-1.8.0.232.b09-0.el7_7.x86_64/jre/lib/ext:/usr/java/packages/lib/ext"/>
    <property name="sun.io.unicode.encoding" value="UnicodeLittle"/>
    <property name="java.class.version" value="52.0"/>
  </properties>
  <testcase name="testRatisLogParsing" classname="org.apache.hadoop.ozone.om.parser.TestOMRatisLogParser" time="250.063">
    <failure type="java.lang.AssertionError">java.lang.AssertionError
	at org.junit.Assert.fail(Assert.java:86)
	at org.junit.Assert.assertTrue(Assert.java:41)
	at org.junit.Assert.assertTrue(Assert.java:52)
	at org.apache.hadoop.ozone.om.parser.TestOMRatisLogParser.testRatisLogParsing(TestOMRatisLogParser.java:112)
	at sun.reflect.NativeMethodAccessorImpl.invoke0(Native Method)
	at sun.reflect.NativeMethodAccessorImpl.invoke(NativeMethodAccessorImpl.java:62)
	at sun.reflect.DelegatingMethodAccessorImpl.invoke(DelegatingMethodAccessorImpl.java:43)
	at java.lang.reflect.Method.invoke(Method.java:498)
	at org.junit.runners.model.FrameworkMethod$1.runReflectiveCall(FrameworkMethod.java:47)
	at org.junit.internal.runners.model.ReflectiveCallable.run(ReflectiveCallable.java:12)
	at org.junit.runners.model.FrameworkMethod.invokeExplosively(FrameworkMethod.java:44)
	at org.junit.internal.runners.statements.InvokeMethod.evaluate(InvokeMethod.java:17)
	at org.junit.internal.runners.statements.RunBefores.evaluate(RunBefores.java:26)
	at org.junit.internal.runners.statements.RunAfters.evaluate(RunAfters.java:27)
	at org.junit.runners.ParentRunner.runLeaf(ParentRunner.java:271)
	at org.junit.runners.BlockJUnit4ClassRunner.runChild(BlockJUnit4ClassRunner.java:70)
	at org.junit.runners.BlockJUnit4ClassRunner.runChild(BlockJUnit4ClassRunner.java:50)
	at org.junit.runners.ParentRunner$3.run(ParentRunner.java:238)
	at org.junit.runners.ParentRunner$1.schedule(ParentRunner.java:63)
	at org.junit.runners.ParentRunner.runChildren(ParentRunner.java:236)
	at org.junit.runners.ParentRunner.access$000(ParentRunner.java:53)
	at org.junit.runners.ParentRunner$2.evaluate(ParentRunner.java:229)
	at org.junit.runners.ParentRunner.run(ParentRunner.java:309)
	at org.apache.maven.surefire.junit4.JUnit4Provider.execute(JUnit4Provider.java:365)
	at org.apache.maven.surefire.junit4.JUnit4Provider.executeWithRerun(JUnit4Provider.java:273)
	at org.apache.maven.surefire.junit4.JUnit4Provider.executeTestSet(JUnit4Provider.java:238)
	at org.apache.maven.surefire.junit4.JUnit4Provider.invoke(JUnit4Provider.java:159)
	at org.apache.maven.surefire.booter.ForkedBooter.invokeProviderInSameClassLoader(ForkedBooter.java:384)
	at org.apache.maven.surefire.booter.ForkedBooter.runSuitesInProcess(ForkedBooter.java:345)
	at org.apache.maven.surefire.booter.ForkedBooter.execute(ForkedBooter.java:126)
	at org.apache.maven.surefire.booter.ForkedBooter.main(ForkedBooter.java:418)
</failure>
    <system-out><![CDATA[2020-04-15 04:06:39,728 [main] WARN  server.ServerUtils (ServerUtils.java:getScmDbDir(148)) - ozone.scm.db.dirs is not configured. We recommend adding this setting. Falling back to ozone.metadata.dirs instead.
2020-04-15 04:06:43,654 [main] WARN  server.ServerUtils (ServerUtils.java:getScmDbDir(148)) - ozone.scm.db.dirs is not configured. We recommend adding this setting. Falling back to ozone.metadata.dirs instead.
2020-04-15 04:06:43,778 [main] WARN  server.ServerUtils (ServerUtils.java:getScmDbDir(148)) - ozone.scm.db.dirs is not configured. We recommend adding this setting. Falling back to ozone.metadata.dirs instead.
2020-04-15 04:06:46,128 [main] INFO  net.NodeSchemaLoader (NodeSchemaLoader.java:loadSchemaFromFile(126)) - Loading file from sun.misc.CompoundEnumeration@4e756867
2020-04-15 04:06:46,224 [main] INFO  net.NodeSchemaLoader (NodeSchemaLoader.java:loadSchema(172)) - Loading network topology layer schema file
2020-04-15 04:06:47,435 [main] WARN  server.ServerUtils (ServerUtils.java:sanitizeUserArgs(73)) - ozone.scm.stale.node.interval value = 300000 is larger than max = 100000 based on the key value of ozone.scm.heartbeat.thread.interval, reset to the max value 100000.
2020-04-15 04:06:47,500 [main] WARN  server.ServerUtils (ServerUtils.java:sanitizeUserArgs(73)) - ozone.scm.stale.node.interval value = 300000 is larger than max = 100000 based on the key value of ozone.scm.heartbeat.thread.interval, reset to the max value 100000.
2020-04-15 04:06:47,524 [main] INFO  node.SCMNodeManager (SCMNodeManager.java:<init>(116)) - Entering startup safe mode.
2020-04-15 04:06:47,983 [SCM Heartbeat Processing Thread - 0] ERROR node.NodeStateManager (NodeStateManager.java:checkNodesHealth(636)) - Total time spend processing datanode HB's is greater than configured values for datanode heartbeats. Please adjust the heartbeat configs. Time Spend on HB processing: 0 seconds Datanode heartbeat Interval: 100 seconds.
2020-04-15 04:06:48,814 [main] INFO  algorithms.ContainerPlacementPolicyFactory (ContainerPlacementPolicyFactory.java:getPolicy(59)) - Create container placement policy of type org.apache.hadoop.hdds.scm.container.placement.algorithms.SCMContainerPlacementRandom
2020-04-15 04:06:48,884 [main] WARN  server.ServerUtils (ServerUtils.java:getScmDbDir(148)) - ozone.scm.db.dirs is not configured. We recommend adding this setting. Falling back to ozone.metadata.dirs instead.
2020-04-15 04:06:49,124 [main] INFO  pipeline.SCMPipelineManager (SCMPipelineManager.java:initializePipelineState(167)) - No pipeline exists in current db
2020-04-15 04:06:49,205 [main] WARN  server.ServerUtils (ServerUtils.java:getScmDbDir(148)) - ozone.scm.db.dirs is not configured. We recommend adding this setting. Falling back to ozone.metadata.dirs instead.
2020-04-15 04:06:49,523 [main] INFO  safemode.HealthyPipelineSafeModeRule (HealthyPipelineSafeModeRule.java:<init>(88)) - Total pipeline count is 0, healthy pipeline threshold count is 0
2020-04-15 04:06:49,551 [main] INFO  safemode.OneReplicaPipelineSafeModeRule (OneReplicaPipelineSafeModeRule.java:<init>(79)) - Total pipeline count is 0, pipeline's with at least one datanode reported threshold count is 0
2020-04-15 04:06:55,573 [main] INFO  ipc.CallQueueManager (CallQueueManager.java:<init>(84)) - Using callQueue: class java.util.concurrent.LinkedBlockingQueue, queueCapacity: 2000, scheduler: class org.apache.hadoop.ipc.DefaultRpcScheduler, ipcBackoff: false.
2020-04-15 04:06:55,721 [Socket Reader #1 for port 40289] INFO  ipc.Server (Server.java:run(1074)) - Starting Socket Reader #1 for port 40289
2020-04-15 04:06:56,415 [main] INFO  ipc.CallQueueManager (CallQueueManager.java:<init>(84)) - Using callQueue: class java.util.concurrent.LinkedBlockingQueue, queueCapacity: 2000, scheduler: class org.apache.hadoop.ipc.DefaultRpcScheduler, ipcBackoff: false.
2020-04-15 04:06:56,449 [Socket Reader #1 for port 42203] INFO  ipc.Server (Server.java:run(1074)) - Starting Socket Reader #1 for port 42203
2020-04-15 04:06:56,510 [main] INFO  ipc.CallQueueManager (CallQueueManager.java:<init>(84)) - Using callQueue: class java.util.concurrent.LinkedBlockingQueue, queueCapacity: 2000, scheduler: class org.apache.hadoop.ipc.DefaultRpcScheduler, ipcBackoff: false.
2020-04-15 04:06:56,536 [Socket Reader #1 for port 45541] INFO  ipc.Server (Server.java:run(1074)) - Starting Socket Reader #1 for port 45541
2020-04-15 04:06:56,869 [main] INFO  http.BaseHttpServer (BaseHttpServer.java:newHttpServer2BuilderForOzone(171)) - Starting Web-server for scm at: http://0.0.0.0:0
2020-04-15 04:06:57,138 [main] INFO  util.log (Log.java:initialized(169)) - Logging initialized @31916ms to org.eclipse.jetty.util.log.Slf4jLog
2020-04-15 04:06:58,826 [main] INFO  server.AuthenticationFilter (AuthenticationFilter.java:constructSecretProvider(240)) - Unable to initialize FileSignerSecretProvider, falling back to use random secrets.
2020-04-15 04:06:59,070 [main] WARN  http.HttpRequestLog (HttpRequestLog.java:getRequestLog(103)) - Jetty request log can only be enabled using Log4j
2020-04-15 04:06:59,482 [main] INFO  http.HttpServer2 (HttpServer2.java:addGlobalFilter(970)) - Added global filter 'safety' (class=org.apache.hadoop.hdds.server.http.HttpServer2$QuotingInputFilter)
2020-04-15 04:06:59,563 [main] INFO  http.HttpServer2 (HttpServer2.java:addFilter(946)) - Added filter static_user_filter (class=org.apache.hadoop.hdds.server.http.StaticUserWebFilter$StaticUserFilter) to context scm
2020-04-15 04:06:59,574 [main] INFO  http.HttpServer2 (HttpServer2.java:addFilter(954)) - Added filter static_user_filter (class=org.apache.hadoop.hdds.server.http.StaticUserWebFilter$StaticUserFilter) to context logs
2020-04-15 04:06:59,574 [main] INFO  http.HttpServer2 (HttpServer2.java:addFilter(954)) - Added filter static_user_filter (class=org.apache.hadoop.hdds.server.http.StaticUserWebFilter$StaticUserFilter) to context static
2020-04-15 04:06:59,842 [main] INFO  server.StorageContainerManager (StorageContainerManager.java:start(773)) - StorageContainerLocationProtocol RPC server is listening at /0.0.0.0:45541
2020-04-15 04:07:00,143 [main] WARN  impl.MetricsConfig (MetricsConfig.java:loadFirst(134)) - Cannot locate configuration: tried hadoop-metrics2-storagecontainermanager.properties,hadoop-metrics2.properties
2020-04-15 04:07:00,283 [main] INFO  impl.MetricsSystemImpl (MetricsSystemImpl.java:startTimer(374)) - Scheduled Metric snapshot period at 10 second(s).
2020-04-15 04:07:00,317 [main] INFO  impl.MetricsSystemImpl (MetricsSystemImpl.java:start(191)) - StorageContainerManager metrics system started
2020-04-15 04:07:03,257 [main] INFO  server.SCMClientProtocolServer (SCMClientProtocolServer.java:start(155)) - RPC server for Client  is listening at /0.0.0.0:45541
2020-04-15 04:07:03,312 [IPC Server Responder] INFO  ipc.Server (Server.java:run(1314)) - IPC Server Responder: starting
2020-04-15 04:07:03,336 [IPC Server listener on 45541] INFO  ipc.Server (Server.java:run(1153)) - IPC Server listener on 45541: starting
2020-04-15 04:07:03,341 [main] INFO  server.StorageContainerManager (StorageContainerManager.java:start(785)) - ScmBlockLocationProtocol RPC server is listening at /0.0.0.0:42203
2020-04-15 04:07:03,342 [main] INFO  server.SCMBlockProtocolServer (SCMBlockProtocolServer.java:start(149)) - RPC server for Block Protocol is listening at /0.0.0.0:42203
2020-04-15 04:07:03,461 [IPC Server Responder] INFO  ipc.Server (Server.java:run(1314)) - IPC Server Responder: starting
2020-04-15 04:07:03,472 [IPC Server listener on 42203] INFO  ipc.Server (Server.java:run(1153)) - IPC Server listener on 42203: starting
2020-04-15 04:07:03,681 [main] INFO  server.StorageContainerManager (StorageContainerManager.java:start(791)) - ScmDatanodeProtocl RPC server is listening at /0.0.0.0:40289
2020-04-15 04:07:03,762 [main] INFO  server.SCMDatanodeProtocolServer (SCMDatanodeProtocolServer.java:start(172)) - RPC server for DataNodes is listening at /0.0.0.0:40289
2020-04-15 04:07:03,795 [IPC Server Responder] INFO  ipc.Server (Server.java:run(1314)) - IPC Server Responder: starting
2020-04-15 04:07:03,833 [IPC Server listener on 40289] INFO  ipc.Server (Server.java:run(1153)) - IPC Server listener on 40289: starting
2020-04-15 04:07:03,894 [main] INFO  http.HttpServer2 (HttpServer2.java:bindListener(1188)) - Jetty bound to port 39191
2020-04-15 04:07:03,931 [main] INFO  server.Server (Server.java:doStart(359)) - jetty-9.4.26.v20200117; built: 2020-01-17T12:35:33.676Z; git: 7b38981d25d14afb4a12ff1f2596756144edf695; jvm 1.8.0_232-b09
2020-04-15 04:07:04,367 [main] INFO  server.session (DefaultSessionIdManager.java:doStart(333)) - DefaultSessionIdManager workerName=node0
2020-04-15 04:07:04,411 [main] INFO  server.session (DefaultSessionIdManager.java:doStart(338)) - No SessionScavenger set, using defaults
2020-04-15 04:07:04,492 [main] INFO  server.session (HouseKeeper.java:startScavenging(140)) - node0 Scavenging every 660000ms
2020-04-15 04:07:04,595 [main] INFO  handler.ContextHandler (ContextHandler.java:doStart(825)) - Started o.e.j.s.ServletContextHandler@4ccda6a9{logs,/logs,file:///github/workspace/hadoop-ozone/integration-test/target/log,AVAILABLE}
2020-04-15 04:07:04,682 [main] INFO  handler.ContextHandler (ContextHandler.java:doStart(825)) - Started o.e.j.s.ServletContextHandler@d7b38cf{static,/static,file:///github/workspace/hadoop-ozone/integration-test/target/test-classes/webapps/static,AVAILABLE}
2020-04-15 04:07:05,281 [main] INFO  handler.ContextHandler (ContextHandler.java:doStart(825)) - Started o.e.j.w.WebAppContext@49b99{scm,/,file:///github/workspace/hadoop-ozone/integration-test/target/test-classes/webapps/scm/,AVAILABLE}{file:/github/workspace/hadoop-ozone/integration-test/target/test-classes/webapps/scm}
2020-04-15 04:07:05,427 [main] INFO  server.AbstractConnector (AbstractConnector.java:doStart(330)) - Started ServerConnector@bb51961{HTTP/1.1,[http/1.1]}{0.0.0.0:39191}
2020-04-15 04:07:05,428 [main] INFO  server.Server (Server.java:doStart(399)) - Started @40207ms
2020-04-15 04:07:05,457 [main] INFO  impl.MetricsSinkAdapter (MetricsSinkAdapter.java:start(204)) - Sink prometheus started
2020-04-15 04:07:05,464 [main] INFO  impl.MetricsSystemImpl (MetricsSystemImpl.java:registerSink(301)) - Registered sink prometheus
2020-04-15 04:07:05,467 [main] INFO  http.BaseHttpServer (BaseHttpServer.java:updateConnectorAddress(285)) - HTTP server of scm listening at http://0.0.0.0:39191
2020-04-15 04:07:05,495 [org.apache.hadoop.util.JvmPauseMonitor$Monitor@22437e69] INFO  util.JvmPauseMonitor (JvmPauseMonitor.java:run(188)) - Starting JVM pause monitor
2020-04-15 04:07:05,543 [main] WARN  server.ServerUtils (ServerUtils.java:getDBPath(225)) - ozone.om.db.dirs is not configured. We recommend adding this setting. Falling back to ozone.metadata.dirs instead.
2020-04-15 04:07:06,056 [main] INFO  ha.OMHANodeDetails (OMHANodeDetails.java:loadOMHAConfig(110)) - ServiceID for OzoneManager is omServiceId1
2020-04-15 04:07:06,125 [main] INFO  ha.OMHANodeDetails (OMHANodeDetails.java:loadOMHAConfig(182)) - Found matching OM address with OMServiceId: omServiceId1, OMNodeId: omNode-1, RPC Address: localhost:11628 and Ratis port: 11632
2020-04-15 04:07:06,125 [main] INFO  ha.OMHANodeDetails (OMHANodeDetails.java:setOMNodeSpecificConfigs(315)) - Setting configuration key ozone.om.http-address with value of key ozone.om.http-address.omNode-1: 127.0.0.1:11630
2020-04-15 04:07:06,126 [main] INFO  ha.OMHANodeDetails (OMHANodeDetails.java:setOMNodeSpecificConfigs(315)) - Setting configuration key ozone.om.https-address with value of key ozone.om.https-address.omNode-1: 127.0.0.1:11631
2020-04-15 04:07:06,133 [main] INFO  ha.OMHANodeDetails (OMHANodeDetails.java:setOMNodeSpecificConfigs(315)) - Setting configuration key ozone.om.address with value of key ozone.om.address.omNode-1: 127.0.0.1:11628
2020-04-15 04:07:06,133 [main] WARN  server.ServerUtils (ServerUtils.java:getDBPath(225)) - ozone.om.db.dirs is not configured. We recommend adding this setting. Falling back to ozone.metadata.dirs instead.
2020-04-15 04:07:06,160 [main] WARN  server.ServerUtils (ServerUtils.java:getDBPath(225)) - ozone.om.db.dirs is not configured. We recommend adding this setting. Falling back to ozone.metadata.dirs instead.
2020-04-15 04:07:09,910 [main] WARN  server.ServerUtils (ServerUtils.java:getDBPath(225)) - ozone.om.db.dirs is not configured. We recommend adding this setting. Falling back to ozone.metadata.dirs instead.
2020-04-15 04:07:10,281 [main] INFO  metrics.MetricRegistries (MetricRegistriesLoader.java:load(64)) - Loaded MetricRegistries class org.apache.ratis.metrics.impl.MetricRegistriesImpl
2020-04-15 04:07:10,945 [main] WARN  server.ServerUtils (ServerUtils.java:getDefaultRatisDirectory(237)) - Storage directory for Ratis is not configured. It is a good idea to map this to an SSD disk. Falling back to ozone.metadata.dirs
2020-04-15 04:07:11,288 [main] INFO  ratis.OzoneManagerRatisServer (OzoneManagerRatisServer.java:<init>(267)) - Instantiating OM Ratis server with GroupID: omServiceId1 and Raft Peers: localhost:11632, localhost:11638, localhost:11644
2020-04-15 04:07:11,356 [main] INFO  ratis.OzoneManagerStateMachine (OzoneManagerStateMachine.java:updateLastAppliedIndexWithSnaphsotIndex(513)) - LastAppliedIndex set from SnapShotInfo (t:0, i:~)
2020-04-15 04:07:11,600 [main] INFO  impl.RaftServerProxy (ConfUtils.java:logGet(44)) - raft.rpc.type = GRPC (default)
2020-04-15 04:07:12,698 [main] INFO  grpc.GrpcFactory (GrpcFactory.java:checkPooledByteBufAllocatorUseCacheForAllThreads(45)) - PERFORMANCE WARNING: useCacheForAllThreads is true that may cause Netty to create a lot garbage objects and, as a result, trigger GC.
	It is recommended to disable useCacheForAllThreads by setting -Dorg.apache.ratis.thirdparty.io.netty.allocator.useCacheForAllThreads=false in command line.
2020-04-15 04:07:12,791 [main] INFO  grpc.GrpcConfigKeys (ConfUtils.java:logGet(44)) - raft.grpc.server.port = 11632 (custom)
2020-04-15 04:07:12,803 [main] INFO  server.GrpcService (ConfUtils.java:logGet(44)) - raft.grpc.message.size.max = 33554432 (custom)
2020-04-15 04:07:12,805 [main] INFO  server.RaftServerConfigKeys (ConfUtils.java:logGet(44)) - raft.server.log.appender.buffer.byte-limit = 33554432 (custom)
2020-04-15 04:07:12,807 [main] INFO  server.GrpcService (ConfUtils.java:logGet(44)) - raft.grpc.flow.control.window = 1MB (=1048576) (default)
2020-04-15 04:07:12,818 [main] INFO  server.RaftServerConfigKeys (ConfUtils.java:logGet(44)) - raft.server.rpc.request.timeout = 3000ms (default)
2020-04-15 04:07:13,470 [main] INFO  server.RaftServerConfigKeys (ConfUtils.java:logGet(44)) - raft.server.storage.dir = [/github/workspace/hadoop-ozone/integration-test/target/test-dir/MiniOzoneClusterImpl-0135e7b1-1d2a-4fbb-b7c0-5297c589a039/omNode-1/ratis] (custom)
2020-04-15 04:07:13,517 [main] INFO  impl.RaftServerProxy (RaftServerProxy.java:addNew(89)) - omNode-1: addNew group-6C22E66A003A:[omNode-3:localhost:11644, omNode-1:localhost:11632, omNode-2:localhost:11638] returns group-6C22E66A003A:java.util.concurrent.CompletableFuture@1e408b46[Not completed]
2020-04-15 04:07:13,560 [main] INFO  om.OzoneManager (OzoneManager.java:initializeRatisServer(1252)) - OzoneManager Ratis server initialized at port 11632
2020-04-15 04:07:13,560 [main] WARN  server.ServerUtils (ServerUtils.java:getDefaultRatisDirectory(237)) - Storage directory for Ratis is not configured. It is a good idea to map this to an SSD disk. Falling back to ozone.metadata.dirs
2020-04-15 04:07:13,560 [main] WARN  server.ServerUtils (ServerUtils.java:getDefaultRatisDirectory(237)) - Storage directory for Ratis is not configured. It is a good idea to map this to an SSD disk. Falling back to ozone.metadata.dirs
2020-04-15 04:07:13,624 [pool-22-thread-1] INFO  impl.RaftServerImpl (RaftServerImpl.java:<init>(97)) - omNode-1: new RaftServerImpl for group-6C22E66A003A:[omNode-3:localhost:11644, omNode-1:localhost:11632, omNode-2:localhost:11638] with OzoneManagerStateMachine:uninitialized
2020-04-15 04:07:13,624 [main] INFO  snapshot.OzoneManagerSnapshotProvider (OzoneManagerSnapshotProvider.java:<init>(81)) - Initializing OM Snapshot Provider
2020-04-15 04:07:13,709 [pool-22-thread-1] INFO  server.RaftServerConfigKeys (ConfUtils.java:logGet(44)) - raft.server.rpc.timeout.min = 1s (custom)
2020-04-15 04:07:13,709 [pool-22-thread-1] INFO  server.RaftServerConfigKeys (ConfUtils.java:logGet(44)) - raft.server.rpc.timeout.max = 1200ms (custom)
2020-04-15 04:07:13,709 [pool-22-thread-1] INFO  server.RaftServerConfigKeys (ConfUtils.java:logGet(44)) - raft.server.rpcslowness.timeout = 2s (custom)
2020-04-15 04:07:13,766 [pool-22-thread-1] INFO  server.RaftServerConfigKeys (ConfUtils.java:logGet(44)) - raft.server.sleep.deviation.threshold = 300 (default)
2020-04-15 04:07:13,789 [pool-22-thread-1] INFO  server.RaftServerConfigKeys (ConfUtils.java:logGet(44)) - raft.server.log.appender.install.snapshot.enabled = false (custom)
2020-04-15 04:07:14,284 [pool-22-thread-1] INFO  impl.RaftServerImpl (ServerState.java:<init>(103)) - omNode-1@group-6C22E66A003A: ConfigurationManager, init=-1: [omNode-3:localhost:11644, omNode-1:localhost:11632, omNode-2:localhost:11638], old=null, confs=<EMPTY_MAP>
2020-04-15 04:07:14,346 [pool-22-thread-1] INFO  server.RaftServerConfigKeys (ConfUtils.java:logGet(44)) - raft.server.storage.dir = [/github/workspace/hadoop-ozone/integration-test/target/test-dir/MiniOzoneClusterImpl-0135e7b1-1d2a-4fbb-b7c0-5297c589a039/omNode-1/ratis] (custom)
2020-04-15 04:07:14,357 [main] INFO  ipc.CallQueueManager (CallQueueManager.java:<init>(84)) - Using callQueue: class java.util.concurrent.LinkedBlockingQueue, queueCapacity: 2000, scheduler: class org.apache.hadoop.ipc.DefaultRpcScheduler, ipcBackoff: false.
2020-04-15 04:07:14,383 [Socket Reader #1 for port 11628] INFO  ipc.Server (Server.java:run(1074)) - Starting Socket Reader #1 for port 11628
2020-04-15 04:07:14,503 [pool-22-thread-1] INFO  server.RaftServerConfigKeys (ConfUtils.java:logGet(44)) - raft.server.log.corruption.policy = EXCEPTION (default)
2020-04-15 04:07:14,571 [pool-22-thread-1] INFO  storage.RaftStorageDirectory (RaftStorageDirectory.java:analyzeStorage(253)) - The storage directory /github/workspace/hadoop-ozone/integration-test/target/test-dir/MiniOzoneClusterImpl-0135e7b1-1d2a-4fbb-b7c0-5297c589a039/omNode-1/ratis/9c9825ce-8ba7-3ee6-a7c3-6c22e66a003a does not exist. Creating ...
2020-04-15 04:07:14,770 [pool-22-thread-1] INFO  storage.RaftStorageDirectory (RaftStorageDirectory.java:tryLock(335)) - Lock on /github/workspace/hadoop-ozone/integration-test/target/test-dir/MiniOzoneClusterImpl-0135e7b1-1d2a-4fbb-b7c0-5297c589a039/omNode-1/ratis/9c9825ce-8ba7-3ee6-a7c3-6c22e66a003a/in_use.lock acquired by nodename 8286@edabee8e3155
2020-04-15 04:07:14,953 [pool-22-thread-1] INFO  storage.RaftStorage (RaftStorage.java:format(84)) - Storage directory /github/workspace/hadoop-ozone/integration-test/target/test-dir/MiniOzoneClusterImpl-0135e7b1-1d2a-4fbb-b7c0-5297c589a039/omNode-1/ratis/9c9825ce-8ba7-3ee6-a7c3-6c22e66a003a has been successfully formatted.
2020-04-15 04:07:15,150 [pool-22-thread-1] INFO  server.RaftServerConfigKeys (ConfUtils.java:logGet(44)) - raft.server.notification.no-leader.timeout = 2s (custom)
2020-04-15 04:07:15,310 [pool-22-thread-1] INFO  server.RaftServerConfigKeys (ConfUtils.java:logGet(44)) - raft.server.log.use.memory = false (default)
2020-04-15 04:07:15,359 [main] INFO  impl.MetricsSystemImpl (MetricsSystemImpl.java:init(158)) - OzoneManager metrics system started (again)
2020-04-15 04:07:15,399 [pool-22-thread-1] INFO  server.RaftServerConfigKeys (ConfUtils.java:logGet(44)) - raft.server.log.purge.gap = 200 (custom)
2020-04-15 04:07:15,399 [pool-22-thread-1] INFO  server.RaftServerConfigKeys (ConfUtils.java:logGet(44)) - raft.server.log.appender.buffer.byte-limit = 33554432 (custom)
2020-04-15 04:07:15,411 [main] INFO  om.OzoneManager (OzoneManager.java:start(1111)) - OzoneManager RPC server is listening at localhost/127.0.0.1:11628
2020-04-15 04:07:15,412 [main] INFO  ratis.OzoneManagerRatisServer (OzoneManagerRatisServer.java:start(357)) - Starting OzoneManagerRatisServer omNode-1 at port 11632
2020-04-15 04:07:15,424 [pool-22-thread-1] INFO  server.RaftServerConfigKeys (ConfUtils.java:logGet(44)) - raft.server.log.segment.size.max = 16384 (custom)
2020-04-15 04:07:15,544 [pool-22-thread-1] INFO  metrics.RatisMetrics (RatisMetrics.java:lambda$create$0(39)) - Creating Metrics Registry : ratis.log_worker.omNode-1
2020-04-15 04:07:15,865 [pool-22-thread-1] INFO  server.RaftServerConfigKeys (ConfUtils.java:logGet(44)) - raft.server.log.segment.cache.num.max = 2 (custom)
2020-04-15 04:07:16,242 [pool-22-thread-1] INFO  segmented.SegmentedRaftLogWorker (SegmentedRaftLogWorker.java:<init>(176)) - new omNode-1@group-6C22E66A003A-SegmentedRaftLogWorker for RaftStorage:Storage Directory /github/workspace/hadoop-ozone/integration-test/target/test-dir/MiniOzoneClusterImpl-0135e7b1-1d2a-4fbb-b7c0-5297c589a039/omNode-1/ratis/9c9825ce-8ba7-3ee6-a7c3-6c22e66a003a
2020-04-15 04:07:16,363 [pool-22-thread-1] INFO  server.RaftServerConfigKeys (ConfUtils.java:logGet(44)) - raft.server.log.queue.byte-limit = 64MB (=67108864) (default)
2020-04-15 04:07:16,363 [pool-22-thread-1] INFO  server.RaftServerConfigKeys (ConfUtils.java:logGet(44)) - raft.server.log.queue.element-limit = 4096 (default)
2020-04-15 04:07:16,419 [pool-22-thread-1] INFO  server.RaftServerConfigKeys (ConfUtils.java:logGet(44)) - raft.server.log.segment.size.max = 16384 (custom)
2020-04-15 04:07:16,420 [pool-22-thread-1] INFO  server.RaftServerConfigKeys (ConfUtils.java:logGet(44)) - raft.server.log.preallocated.size = 16384 (custom)
2020-04-15 04:07:16,445 [pool-22-thread-1] INFO  server.RaftServerConfigKeys (ConfUtils.java:logGet(44)) - raft.server.log.write.buffer.size = 64KB (=65536) (default)
2020-04-15 04:07:16,468 [pool-22-thread-1] INFO  server.RaftServerConfigKeys (ConfUtils.java:logGet(44)) - raft.server.log.force.sync.num = 128 (default)
2020-04-15 04:07:16,528 [pool-22-thread-1] INFO  server.RaftServerConfigKeys (ConfUtils.java:logGet(44)) - raft.server.log.statemachine.data.sync = true (default)
2020-04-15 04:07:16,551 [pool-22-thread-1] INFO  server.RaftServerConfigKeys (ConfUtils.java:logGet(44)) - raft.server.log.statemachine.data.sync.timeout = 10s (default)
2020-04-15 04:07:16,552 [pool-22-thread-1] INFO  server.RaftServerConfigKeys (ConfUtils.java:logGet(44)) - raft.server.log.statemachine.data.sync.timeout.retry = -1 (default)
2020-04-15 04:07:16,617 [pool-22-thread-1] INFO  server.RaftServerConfigKeys (ConfUtils.java:logGet(44)) - raft.server.log.statemachine.data.caching.enabled = false (default)
2020-04-15 04:07:16,666 [pool-22-thread-1] INFO  segmented.SegmentedRaftLogWorker (SegmentedRaftLogWorker.java:lambda$new$0(129)) - omNode-1@group-6C22E66A003A-SegmentedRaftLogWorker: flushIndex: setUnconditionally 0 -> -1
2020-04-15 04:07:16,683 [pool-22-thread-1] INFO  server.RaftServerConfigKeys (ConfUtils.java:logGet(44)) - raft.server.snapshot.auto.trigger.enabled = true (custom)
2020-04-15 04:07:16,684 [pool-22-thread-1] INFO  server.RaftServerConfigKeys (ConfUtils.java:logGet(44)) - raft.server.snapshot.auto.trigger.threshold = 100 (custom)
2020-04-15 04:07:16,685 [pool-22-thread-1] INFO  server.RaftServerConfigKeys (ConfUtils.java:logGet(44)) - raft.server.snapshot.retention.file.num = -1 (default)
2020-04-15 04:07:16,685 [pool-22-thread-1] INFO  server.RaftServerConfigKeys (ConfUtils.java:logGet(44)) - raft.server.retrycache.expirytime = 600000ms (custom)
2020-04-15 04:07:16,748 [pool-22-thread-1] INFO  metrics.RatisMetrics (RatisMetrics.java:lambda$create$0(39)) - Creating Metrics Registry : ratis.leader_election.omNode-1@group-6C22E66A003A
2020-04-15 04:07:16,815 [pool-22-thread-1] INFO  metrics.RatisMetrics (RatisMetrics.java:lambda$create$0(39)) - Creating Metrics Registry : ratis.server.omNode-1@group-6C22E66A003A
2020-04-15 04:07:16,817 [main] INFO  impl.RaftServerImpl (RaftServerImpl.java:start(183)) - omNode-1@group-6C22E66A003A: start as a follower, conf=-1: [omNode-3:localhost:11644, omNode-1:localhost:11632, omNode-2:localhost:11638], old=null
2020-04-15 04:07:16,837 [main] INFO  impl.RaftServerImpl (RaftServerImpl.java:setRole(172)) - omNode-1@group-6C22E66A003A: changes role from      null to FOLLOWER at term 0 for startAsFollower
2020-04-15 04:07:16,853 [main] INFO  impl.RoleInfo (RoleInfo.java:updateAndGet(143)) - omNode-1: start FollowerState
2020-04-15 04:07:16,855 [main] INFO  util.JmxRegister (JmxRegister.java:tryRegister(44)) - Successfully registered JMX Bean with object name Ratis:service=RaftServer,group=group-6C22E66A003A,id=omNode-1
2020-04-15 04:07:16,868 [main] INFO  metrics.RatisMetrics (RatisMetrics.java:lambda$create$0(39)) - Creating Metrics Registry : ratis.state_machine.omNode-1@group-6C22E66A003A
2020-04-15 04:07:16,893 [main] INFO  impl.RaftServerProxy (RaftServerProxy.java:lambda$start$3(299)) - omNode-1: start RPC server
2020-04-15 04:07:17,237 [main] INFO  server.GrpcService (GrpcService.java:startImpl(158)) - omNode-1: GrpcService started, listening on 0.0.0.0/0.0.0.0:11632
2020-04-15 04:07:17,342 [IPC Server Responder] INFO  ipc.Server (Server.java:run(1314)) - IPC Server Responder: starting
2020-04-15 04:07:17,353 [IPC Server listener on 11628] INFO  ipc.Server (Server.java:run(1153)) - IPC Server listener on 11628: starting
2020-04-15 04:07:17,433 [main] INFO  http.BaseHttpServer (BaseHttpServer.java:newHttpServer2BuilderForOzone(171)) - Starting Web-server for ozoneManager at: http://0.0.0.0:11630
2020-04-15 04:07:17,460 [main] INFO  server.AuthenticationFilter (AuthenticationFilter.java:constructSecretProvider(240)) - Unable to initialize FileSignerSecretProvider, falling back to use random secrets.
2020-04-15 04:07:17,574 [main] WARN  http.HttpRequestLog (HttpRequestLog.java:getRequestLog(103)) - Jetty request log can only be enabled using Log4j
2020-04-15 04:07:17,677 [main] INFO  http.HttpServer2 (HttpServer2.java:addGlobalFilter(970)) - Added global filter 'safety' (class=org.apache.hadoop.hdds.server.http.HttpServer2$QuotingInputFilter)
2020-04-15 04:07:17,794 [main] INFO  http.HttpServer2 (HttpServer2.java:addFilter(946)) - Added filter static_user_filter (class=org.apache.hadoop.hdds.server.http.StaticUserWebFilter$StaticUserFilter) to context ozoneManager
2020-04-15 04:07:17,827 [main] INFO  http.HttpServer2 (HttpServer2.java:addFilter(954)) - Added filter static_user_filter (class=org.apache.hadoop.hdds.server.http.StaticUserWebFilter$StaticUserFilter) to context logs
2020-04-15 04:07:17,827 [main] INFO  http.HttpServer2 (HttpServer2.java:addFilter(954)) - Added filter static_user_filter (class=org.apache.hadoop.hdds.server.http.StaticUserWebFilter$StaticUserFilter) to context static
2020-04-15 04:07:17,862 [Thread-96] INFO  impl.FollowerState (FollowerState.java:run(108)) - omNode-1@group-6C22E66A003A-FollowerState: change to CANDIDATE, lastRpcTime:1009ms, electionTimeout:1006ms
2020-04-15 04:07:17,909 [main] INFO  http.HttpServer2 (HttpServer2.java:bindListener(1188)) - Jetty bound to port 11630
2020-04-15 04:07:17,948 [main] INFO  server.Server (Server.java:doStart(359)) - jetty-9.4.26.v20200117; built: 2020-01-17T12:35:33.676Z; git: 7b38981d25d14afb4a12ff1f2596756144edf695; jvm 1.8.0_232-b09
2020-04-15 04:07:17,911 [Thread-96] INFO  impl.RoleInfo (RoleInfo.java:shutdownFollowerState(121)) - omNode-1: shutdown FollowerState
2020-04-15 04:07:17,972 [Thread-96] INFO  impl.RaftServerImpl (RaftServerImpl.java:setRole(172)) - omNode-1@group-6C22E66A003A: changes role from  FOLLOWER to CANDIDATE at term 0 for changeToCandidate
2020-04-15 04:07:17,979 [Thread-96] INFO  impl.RoleInfo (RoleInfo.java:updateAndGet(143)) - omNode-1: start LeaderElection
2020-04-15 04:07:17,988 [main] INFO  server.session (DefaultSessionIdManager.java:doStart(333)) - DefaultSessionIdManager workerName=node0
2020-04-15 04:07:17,988 [main] INFO  server.session (DefaultSessionIdManager.java:doStart(338)) - No SessionScavenger set, using defaults
2020-04-15 04:07:17,988 [main] INFO  server.session (HouseKeeper.java:startScavenging(140)) - node0 Scavenging every 660000ms
2020-04-15 04:07:18,033 [main] INFO  handler.ContextHandler (ContextHandler.java:doStart(825)) - Started o.e.j.s.ServletContextHandler@50d3925c{logs,/logs,file:///github/workspace/hadoop-ozone/integration-test/target/log,AVAILABLE}
2020-04-15 04:07:18,034 [main] INFO  handler.ContextHandler (ContextHandler.java:doStart(825)) - Started o.e.j.s.ServletContextHandler@677464bb{static,/static,file:///github/workspace/hadoop-ozone/integration-test/target/test-classes/webapps/static,AVAILABLE}
2020-04-15 04:07:18,039 [main] INFO  handler.ContextHandler (ContextHandler.java:doStart(825)) - Started o.e.j.w.WebAppContext@484adeaa{ozoneManager,/,file:///github/workspace/hadoop-ozone/integration-test/target/test-classes/webapps/ozoneManager/,AVAILABLE}{file:/github/workspace/hadoop-ozone/integration-test/target/test-classes/webapps/ozoneManager}
2020-04-15 04:07:18,065 [main] INFO  server.AbstractConnector (AbstractConnector.java:doStart(330)) - Started ServerConnector@6f896bd4{HTTP/1.1,[http/1.1]}{0.0.0.0:11630}
2020-04-15 04:07:18,065 [main] INFO  server.Server (Server.java:doStart(399)) - Started @52844ms
2020-04-15 04:07:18,087 [main] WARN  impl.MetricsSystemImpl (MetricsSystemImpl.java:register(276)) - Sink prometheus already exists!
2020-04-15 04:07:18,108 [omNode-1@group-6C22E66A003A-LeaderElection1] INFO  impl.LeaderElection (LeaderElection.java:askForVotes(206)) - omNode-1@group-6C22E66A003A-LeaderElection1: begin an election at term 1 for -1: [omNode-3:localhost:11644, omNode-1:localhost:11632, omNode-2:localhost:11638], old=null
2020-04-15 04:07:18,156 [main] INFO  http.BaseHttpServer (BaseHttpServer.java:updateConnectorAddress(285)) - HTTP server of ozoneManager listening at http://0.0.0.0:11630
2020-04-15 04:07:18,168 [main] INFO  ozone.MiniOzoneHAClusterImpl (MiniOzoneHAClusterImpl.java:createOMService(370)) - Started OzoneManager RPC server at localhost/127.0.0.1:11628
2020-04-15 04:07:18,180 [main] WARN  server.ServerUtils (ServerUtils.java:getDBPath(225)) - ozone.om.db.dirs is not configured. We recommend adding this setting. Falling back to ozone.metadata.dirs instead.
2020-04-15 04:07:18,293 [main] INFO  ha.OMHANodeDetails (OMHANodeDetails.java:loadOMHAConfig(110)) - ServiceID for OzoneManager is omServiceId1
2020-04-15 04:07:18,388 [main] INFO  ha.OMHANodeDetails (OMHANodeDetails.java:loadOMHAConfig(182)) - Found matching OM address with OMServiceId: omServiceId1, OMNodeId: omNode-2, RPC Address: localhost:11634 and Ratis port: 11638
2020-04-15 04:07:18,388 [main] INFO  ha.OMHANodeDetails (OMHANodeDetails.java:setOMNodeSpecificConfigs(315)) - Setting configuration key ozone.om.http-address with value of key ozone.om.http-address.omNode-2: 127.0.0.1:11636
2020-04-15 04:07:18,388 [main] INFO  ha.OMHANodeDetails (OMHANodeDetails.java:setOMNodeSpecificConfigs(315)) - Setting configuration key ozone.om.https-address with value of key ozone.om.https-address.omNode-2: 127.0.0.1:11637
2020-04-15 04:07:18,432 [main] INFO  ha.OMHANodeDetails (OMHANodeDetails.java:setOMNodeSpecificConfigs(315)) - Setting configuration key ozone.om.address with value of key ozone.om.address.omNode-2: 127.0.0.1:11634
2020-04-15 04:07:18,432 [main] WARN  server.ServerUtils (ServerUtils.java:getDBPath(225)) - ozone.om.db.dirs is not configured. We recommend adding this setting. Falling back to ozone.metadata.dirs instead.
2020-04-15 04:07:18,433 [main] WARN  server.ServerUtils (ServerUtils.java:getDBPath(225)) - ozone.om.db.dirs is not configured. We recommend adding this setting. Falling back to ozone.metadata.dirs instead.
2020-04-15 04:07:18,800 [main] WARN  server.ServerUtils (ServerUtils.java:getDBPath(225)) - ozone.om.db.dirs is not configured. We recommend adding this setting. Falling back to ozone.metadata.dirs instead.
2020-04-15 04:07:19,276 [main] WARN  server.ServerUtils (ServerUtils.java:getDefaultRatisDirectory(237)) - Storage directory for Ratis is not configured. It is a good idea to map this to an SSD disk. Falling back to ozone.metadata.dirs
2020-04-15 04:07:19,309 [main] INFO  ratis.OzoneManagerRatisServer (OzoneManagerRatisServer.java:<init>(267)) - Instantiating OM Ratis server with GroupID: omServiceId1 and Raft Peers: localhost:11638, localhost:11632, localhost:11644
2020-04-15 04:07:19,320 [main] INFO  ratis.OzoneManagerStateMachine (OzoneManagerStateMachine.java:updateLastAppliedIndexWithSnaphsotIndex(513)) - LastAppliedIndex set from SnapShotInfo (t:0, i:~)
2020-04-15 04:07:19,344 [main] INFO  impl.RaftServerProxy (ConfUtils.java:logGet(44)) - raft.rpc.type = GRPC (default)
2020-04-15 04:07:19,344 [main] INFO  grpc.GrpcFactory (GrpcFactory.java:checkPooledByteBufAllocatorUseCacheForAllThreads(45)) - PERFORMANCE WARNING: useCacheForAllThreads is true that may cause Netty to create a lot garbage objects and, as a result, trigger GC.
	It is recommended to disable useCacheForAllThreads by setting -Dorg.apache.ratis.thirdparty.io.netty.allocator.useCacheForAllThreads=false in command line.
2020-04-15 04:07:19,345 [main] INFO  grpc.GrpcConfigKeys (ConfUtils.java:logGet(44)) - raft.grpc.server.port = 11638 (custom)
2020-04-15 04:07:19,345 [main] INFO  server.GrpcService (ConfUtils.java:logGet(44)) - raft.grpc.message.size.max = 33554432 (custom)
2020-04-15 04:07:19,345 [main] INFO  server.RaftServerConfigKeys (ConfUtils.java:logGet(44)) - raft.server.log.appender.buffer.byte-limit = 33554432 (custom)
2020-04-15 04:07:19,356 [main] INFO  server.GrpcService (ConfUtils.java:logGet(44)) - raft.grpc.flow.control.window = 1MB (=1048576) (default)
2020-04-15 04:07:19,357 [main] INFO  server.RaftServerConfigKeys (ConfUtils.java:logGet(44)) - raft.server.rpc.request.timeout = 3000ms (default)
2020-04-15 04:07:19,379 [main] INFO  server.RaftServerConfigKeys (ConfUtils.java:logGet(44)) - raft.server.storage.dir = [/github/workspace/hadoop-ozone/integration-test/target/test-dir/MiniOzoneClusterImpl-0135e7b1-1d2a-4fbb-b7c0-5297c589a039/omNode-2/ratis] (custom)
2020-04-15 04:07:19,385 [main] INFO  impl.RaftServerProxy (RaftServerProxy.java:addNew(89)) - omNode-2: addNew group-6C22E66A003A:[omNode-3:localhost:11644, omNode-1:localhost:11632, omNode-2:localhost:11638] returns group-6C22E66A003A:java.util.concurrent.CompletableFuture@153c53fd[Not completed]
2020-04-15 04:07:19,385 [pool-40-thread-1] INFO  impl.RaftServerImpl (RaftServerImpl.java:<init>(97)) - omNode-2: new RaftServerImpl for group-6C22E66A003A:[omNode-3:localhost:11644, omNode-1:localhost:11632, omNode-2:localhost:11638] with OzoneManagerStateMachine:uninitialized
2020-04-15 04:07:19,397 [pool-40-thread-1] INFO  server.RaftServerConfigKeys (ConfUtils.java:logGet(44)) - raft.server.rpc.timeout.min = 1s (custom)
2020-04-15 04:07:19,398 [main] INFO  om.OzoneManager (OzoneManager.java:initializeRatisServer(1252)) - OzoneManager Ratis server initialized at port 11638
2020-04-15 04:07:19,398 [main] WARN  server.ServerUtils (ServerUtils.java:getDefaultRatisDirectory(237)) - Storage directory for Ratis is not configured. It is a good idea to map this to an SSD disk. Falling back to ozone.metadata.dirs
2020-04-15 04:07:19,398 [main] WARN  server.ServerUtils (ServerUtils.java:getDefaultRatisDirectory(237)) - Storage directory for Ratis is not configured. It is a good idea to map this to an SSD disk. Falling back to ozone.metadata.dirs
2020-04-15 04:07:19,398 [main] INFO  snapshot.OzoneManagerSnapshotProvider (OzoneManagerSnapshotProvider.java:<init>(81)) - Initializing OM Snapshot Provider
2020-04-15 04:07:19,409 [pool-40-thread-1] INFO  server.RaftServerConfigKeys (ConfUtils.java:logGet(44)) - raft.server.rpc.timeout.max = 1200ms (custom)
2020-04-15 04:07:19,410 [pool-40-thread-1] INFO  server.RaftServerConfigKeys (ConfUtils.java:logGet(44)) - raft.server.rpcslowness.timeout = 2s (custom)
2020-04-15 04:07:19,423 [pool-40-thread-1] INFO  server.RaftServerConfigKeys (ConfUtils.java:logGet(44)) - raft.server.sleep.deviation.threshold = 300 (default)
2020-04-15 04:07:19,423 [pool-40-thread-1] INFO  server.RaftServerConfigKeys (ConfUtils.java:logGet(44)) - raft.server.log.appender.install.snapshot.enabled = false (custom)
2020-04-15 04:07:19,423 [pool-40-thread-1] INFO  impl.RaftServerImpl (ServerState.java:<init>(103)) - omNode-2@group-6C22E66A003A: ConfigurationManager, init=-1: [omNode-3:localhost:11644, omNode-1:localhost:11632, omNode-2:localhost:11638], old=null, confs=<EMPTY_MAP>
2020-04-15 04:07:19,423 [pool-40-thread-1] INFO  server.RaftServerConfigKeys (ConfUtils.java:logGet(44)) - raft.server.storage.dir = [/github/workspace/hadoop-ozone/integration-test/target/test-dir/MiniOzoneClusterImpl-0135e7b1-1d2a-4fbb-b7c0-5297c589a039/omNode-2/ratis] (custom)
2020-04-15 04:07:19,424 [pool-40-thread-1] INFO  server.RaftServerConfigKeys (ConfUtils.java:logGet(44)) - raft.server.log.corruption.policy = EXCEPTION (default)
2020-04-15 04:07:19,435 [main] INFO  ipc.CallQueueManager (CallQueueManager.java:<init>(84)) - Using callQueue: class java.util.concurrent.LinkedBlockingQueue, queueCapacity: 2000, scheduler: class org.apache.hadoop.ipc.DefaultRpcScheduler, ipcBackoff: false.
2020-04-15 04:07:19,435 [pool-40-thread-1] INFO  storage.RaftStorageDirectory (RaftStorageDirectory.java:analyzeStorage(253)) - The storage directory /github/workspace/hadoop-ozone/integration-test/target/test-dir/MiniOzoneClusterImpl-0135e7b1-1d2a-4fbb-b7c0-5297c589a039/omNode-2/ratis/9c9825ce-8ba7-3ee6-a7c3-6c22e66a003a does not exist. Creating ...
2020-04-15 04:07:19,462 [pool-40-thread-1] INFO  storage.RaftStorageDirectory (RaftStorageDirectory.java:tryLock(335)) - Lock on /github/workspace/hadoop-ozone/integration-test/target/test-dir/MiniOzoneClusterImpl-0135e7b1-1d2a-4fbb-b7c0-5297c589a039/omNode-2/ratis/9c9825ce-8ba7-3ee6-a7c3-6c22e66a003a/in_use.lock acquired by nodename 8286@edabee8e3155
2020-04-15 04:07:19,474 [Socket Reader #1 for port 11634] INFO  ipc.Server (Server.java:run(1074)) - Starting Socket Reader #1 for port 11634
2020-04-15 04:07:19,551 [omNode-1@group-6C22E66A003A-LeaderElection1] INFO  impl.LeaderElection (LeaderElection.java:logAndReturn(61)) - omNode-1@group-6C22E66A003A-LeaderElection1: Election TIMEOUT; received 0 response(s) [] and 0 exception(s); omNode-1@group-6C22E66A003A:t1, leader=null, voted=omNode-1, raftlog=omNode-1@group-6C22E66A003A-SegmentedRaftLog:OPENED:c-1,f-1,i0, conf=-1: [omNode-3:localhost:11644, omNode-1:localhost:11632, omNode-2:localhost:11638], old=null
2020-04-15 04:07:19,576 [pool-40-thread-1] INFO  storage.RaftStorage (RaftStorage.java:format(84)) - Storage directory /github/workspace/hadoop-ozone/integration-test/target/test-dir/MiniOzoneClusterImpl-0135e7b1-1d2a-4fbb-b7c0-5297c589a039/omNode-2/ratis/9c9825ce-8ba7-3ee6-a7c3-6c22e66a003a has been successfully formatted.
2020-04-15 04:07:19,585 [pool-40-thread-1] INFO  server.RaftServerConfigKeys (ConfUtils.java:logGet(44)) - raft.server.notification.no-leader.timeout = 2s (custom)
2020-04-15 04:07:19,585 [pool-40-thread-1] INFO  server.RaftServerConfigKeys (ConfUtils.java:logGet(44)) - raft.server.log.use.memory = false (default)
2020-04-15 04:07:19,647 [pool-40-thread-1] INFO  server.RaftServerConfigKeys (ConfUtils.java:logGet(44)) - raft.server.log.purge.gap = 200 (custom)
2020-04-15 04:07:19,674 [pool-40-thread-1] INFO  server.RaftServerConfigKeys (ConfUtils.java:logGet(44)) - raft.server.log.appender.buffer.byte-limit = 33554432 (custom)
2020-04-15 04:07:19,675 [pool-40-thread-1] INFO  server.RaftServerConfigKeys (ConfUtils.java:logGet(44)) - raft.server.log.segment.size.max = 16384 (custom)
2020-04-15 04:07:19,675 [pool-40-thread-1] INFO  metrics.RatisMetrics (RatisMetrics.java:lambda$create$0(39)) - Creating Metrics Registry : ratis.log_worker.omNode-2
2020-04-15 04:07:19,675 [pool-40-thread-1] INFO  server.RaftServerConfigKeys (ConfUtils.java:logGet(44)) - raft.server.log.segment.cache.num.max = 2 (custom)
2020-04-15 04:07:19,675 [pool-40-thread-1] INFO  segmented.SegmentedRaftLogWorker (SegmentedRaftLogWorker.java:<init>(176)) - new omNode-2@group-6C22E66A003A-SegmentedRaftLogWorker for RaftStorage:Storage Directory /github/workspace/hadoop-ozone/integration-test/target/test-dir/MiniOzoneClusterImpl-0135e7b1-1d2a-4fbb-b7c0-5297c589a039/omNode-2/ratis/9c9825ce-8ba7-3ee6-a7c3-6c22e66a003a
2020-04-15 04:07:19,683 [pool-40-thread-1] INFO  server.RaftServerConfigKeys (ConfUtils.java:logGet(44)) - raft.server.log.queue.byte-limit = 64MB (=67108864) (default)
2020-04-15 04:07:19,683 [pool-40-thread-1] INFO  server.RaftServerConfigKeys (ConfUtils.java:logGet(44)) - raft.server.log.queue.element-limit = 4096 (default)
2020-04-15 04:07:19,684 [pool-40-thread-1] INFO  server.RaftServerConfigKeys (ConfUtils.java:logGet(44)) - raft.server.log.segment.size.max = 16384 (custom)
2020-04-15 04:07:19,684 [pool-40-thread-1] INFO  server.RaftServerConfigKeys (ConfUtils.java:logGet(44)) - raft.server.log.preallocated.size = 16384 (custom)
2020-04-15 04:07:19,695 [pool-40-thread-1] INFO  server.RaftServerConfigKeys (ConfUtils.java:logGet(44)) - raft.server.log.write.buffer.size = 64KB (=65536) (default)
2020-04-15 04:07:19,695 [pool-40-thread-1] INFO  server.RaftServerConfigKeys (ConfUtils.java:logGet(44)) - raft.server.log.force.sync.num = 128 (default)
2020-04-15 04:07:19,695 [pool-40-thread-1] INFO  server.RaftServerConfigKeys (ConfUtils.java:logGet(44)) - raft.server.log.statemachine.data.sync = true (default)
2020-04-15 04:07:19,695 [pool-40-thread-1] INFO  server.RaftServerConfigKeys (ConfUtils.java:logGet(44)) - raft.server.log.statemachine.data.sync.timeout = 10s (default)
2020-04-15 04:07:19,696 [pool-40-thread-1] INFO  server.RaftServerConfigKeys (ConfUtils.java:logGet(44)) - raft.server.log.statemachine.data.sync.timeout.retry = -1 (default)
2020-04-15 04:07:19,707 [omNode-1@group-6C22E66A003A-LeaderElection1] INFO  impl.LeaderElection (LeaderElection.java:askForVotes(206)) - omNode-1@group-6C22E66A003A-LeaderElection1: begin an election at term 2 for -1: [omNode-3:localhost:11644, omNode-1:localhost:11632, omNode-2:localhost:11638], old=null
2020-04-15 04:07:19,720 [pool-40-thread-1] INFO  server.RaftServerConfigKeys (ConfUtils.java:logGet(44)) - raft.server.log.statemachine.data.caching.enabled = false (default)
2020-04-15 04:07:19,732 [pool-40-thread-1] INFO  segmented.SegmentedRaftLogWorker (SegmentedRaftLogWorker.java:lambda$new$0(129)) - omNode-2@group-6C22E66A003A-SegmentedRaftLogWorker: flushIndex: setUnconditionally 0 -> -1
2020-04-15 04:07:19,749 [pool-40-thread-1] INFO  server.RaftServerConfigKeys (ConfUtils.java:logGet(44)) - raft.server.snapshot.auto.trigger.enabled = true (custom)
2020-04-15 04:07:19,750 [pool-40-thread-1] INFO  server.RaftServerConfigKeys (ConfUtils.java:logGet(44)) - raft.server.snapshot.auto.trigger.threshold = 100 (custom)
2020-04-15 04:07:19,750 [pool-40-thread-1] INFO  server.RaftServerConfigKeys (ConfUtils.java:logGet(44)) - raft.server.snapshot.retention.file.num = -1 (default)
2020-04-15 04:07:19,750 [pool-40-thread-1] INFO  server.RaftServerConfigKeys (ConfUtils.java:logGet(44)) - raft.server.retrycache.expirytime = 600000ms (custom)
2020-04-15 04:07:19,750 [pool-40-thread-1] INFO  metrics.RatisMetrics (RatisMetrics.java:lambda$create$0(39)) - Creating Metrics Registry : ratis.leader_election.omNode-2@group-6C22E66A003A
2020-04-15 04:07:19,751 [pool-40-thread-1] INFO  metrics.RatisMetrics (RatisMetrics.java:lambda$create$0(39)) - Creating Metrics Registry : ratis.server.omNode-2@group-6C22E66A003A
2020-04-15 04:07:19,831 [main] INFO  impl.MetricsSystemImpl (MetricsSystemImpl.java:init(158)) - OzoneManager metrics system started (again)
2020-04-15 04:07:19,874 [main] INFO  om.OzoneManager (OzoneManager.java:start(1111)) - OzoneManager RPC server is listening at localhost/127.0.0.1:11634
2020-04-15 04:07:19,875 [main] INFO  ratis.OzoneManagerRatisServer (OzoneManagerRatisServer.java:start(357)) - Starting OzoneManagerRatisServer omNode-2 at port 11638
2020-04-15 04:07:19,875 [main] INFO  impl.RaftServerImpl (RaftServerImpl.java:start(183)) - omNode-2@group-6C22E66A003A: start as a follower, conf=-1: [omNode-3:localhost:11644, omNode-1:localhost:11632, omNode-2:localhost:11638], old=null
2020-04-15 04:07:19,875 [main] INFO  impl.RaftServerImpl (RaftServerImpl.java:setRole(172)) - omNode-2@group-6C22E66A003A: changes role from      null to FOLLOWER at term 0 for startAsFollower
2020-04-15 04:07:19,876 [main] INFO  impl.RoleInfo (RoleInfo.java:updateAndGet(143)) - omNode-2: start FollowerState
2020-04-15 04:07:19,877 [main] INFO  util.JmxRegister (JmxRegister.java:tryRegister(44)) - Successfully registered JMX Bean with object name Ratis:service=RaftServer,group=group-6C22E66A003A,id=omNode-2
2020-04-15 04:07:19,877 [main] INFO  metrics.RatisMetrics (RatisMetrics.java:lambda$create$0(39)) - Creating Metrics Registry : ratis.state_machine.omNode-2@group-6C22E66A003A
2020-04-15 04:07:19,897 [main] INFO  impl.RaftServerProxy (RaftServerProxy.java:lambda$start$3(299)) - omNode-2: start RPC server
2020-04-15 04:07:19,913 [main] INFO  server.GrpcService (GrpcService.java:startImpl(158)) - omNode-2: GrpcService started, listening on 0.0.0.0/0.0.0.0:11638
2020-04-15 04:07:19,941 [IPC Server Responder] INFO  ipc.Server (Server.java:run(1314)) - IPC Server Responder: starting
2020-04-15 04:07:20,029 [IPC Server listener on 11634] INFO  ipc.Server (Server.java:run(1153)) - IPC Server listener on 11634: starting
2020-04-15 04:07:20,113 [main] INFO  http.BaseHttpServer (BaseHttpServer.java:newHttpServer2BuilderForOzone(171)) - Starting Web-server for ozoneManager at: http://0.0.0.0:11636
2020-04-15 04:07:20,241 [main] INFO  server.AuthenticationFilter (AuthenticationFilter.java:constructSecretProvider(240)) - Unable to initialize FileSignerSecretProvider, falling back to use random secrets.
2020-04-15 04:07:20,289 [main] WARN  http.HttpRequestLog (HttpRequestLog.java:getRequestLog(103)) - Jetty request log can only be enabled using Log4j
2020-04-15 04:07:20,371 [main] INFO  http.HttpServer2 (HttpServer2.java:addGlobalFilter(970)) - Added global filter 'safety' (class=org.apache.hadoop.hdds.server.http.HttpServer2$QuotingInputFilter)
2020-04-15 04:07:20,372 [main] INFO  http.HttpServer2 (HttpServer2.java:addFilter(946)) - Added filter static_user_filter (class=org.apache.hadoop.hdds.server.http.StaticUserWebFilter$StaticUserFilter) to context ozoneManager
2020-04-15 04:07:20,372 [main] INFO  http.HttpServer2 (HttpServer2.java:addFilter(954)) - Added filter static_user_filter (class=org.apache.hadoop.hdds.server.http.StaticUserWebFilter$StaticUserFilter) to context static
2020-04-15 04:07:20,373 [main] INFO  http.HttpServer2 (HttpServer2.java:addFilter(954)) - Added filter static_user_filter (class=org.apache.hadoop.hdds.server.http.StaticUserWebFilter$StaticUserFilter) to context logs
2020-04-15 04:07:20,373 [main] INFO  http.HttpServer2 (HttpServer2.java:bindListener(1188)) - Jetty bound to port 11636
2020-04-15 04:07:20,374 [main] INFO  server.Server (Server.java:doStart(359)) - jetty-9.4.26.v20200117; built: 2020-01-17T12:35:33.676Z; git: 7b38981d25d14afb4a12ff1f2596756144edf695; jvm 1.8.0_232-b09
2020-04-15 04:07:20,408 [main] INFO  server.session (DefaultSessionIdManager.java:doStart(333)) - DefaultSessionIdManager workerName=node0
2020-04-15 04:07:20,408 [main] INFO  server.session (DefaultSessionIdManager.java:doStart(338)) - No SessionScavenger set, using defaults
2020-04-15 04:07:20,408 [main] INFO  server.session (HouseKeeper.java:startScavenging(140)) - node0 Scavenging every 660000ms
2020-04-15 04:07:20,439 [main] INFO  handler.ContextHandler (ContextHandler.java:doStart(825)) - Started o.e.j.s.ServletContextHandler@d90b9cb{logs,/logs,file:///github/workspace/hadoop-ozone/integration-test/target/log,AVAILABLE}
2020-04-15 04:07:20,439 [main] INFO  handler.ContextHandler (ContextHandler.java:doStart(825)) - Started o.e.j.s.ServletContextHandler@307254f5{static,/static,file:///github/workspace/hadoop-ozone/integration-test/target/test-classes/webapps/static,AVAILABLE}
2020-04-15 04:07:20,481 [main] INFO  handler.ContextHandler (ContextHandler.java:doStart(825)) - Started o.e.j.w.WebAppContext@7cb486a2{ozoneManager,/,file:///github/workspace/hadoop-ozone/integration-test/target/test-classes/webapps/ozoneManager/,AVAILABLE}{file:/github/workspace/hadoop-ozone/integration-test/target/test-classes/webapps/ozoneManager}
2020-04-15 04:07:20,500 [main] INFO  server.AbstractConnector (AbstractConnector.java:doStart(330)) - Started ServerConnector@25a55890{HTTP/1.1,[http/1.1]}{0.0.0.0:11636}
2020-04-15 04:07:20,500 [main] INFO  server.Server (Server.java:doStart(399)) - Started @55279ms
2020-04-15 04:07:20,509 [main] WARN  impl.MetricsSystemImpl (MetricsSystemImpl.java:register(276)) - Sink prometheus already exists!
2020-04-15 04:07:20,512 [main] INFO  http.BaseHttpServer (BaseHttpServer.java:updateConnectorAddress(285)) - HTTP server of ozoneManager listening at http://0.0.0.0:11636
2020-04-15 04:07:20,512 [main] INFO  ozone.MiniOzoneHAClusterImpl (MiniOzoneHAClusterImpl.java:createOMService(370)) - Started OzoneManager RPC server at localhost/127.0.0.1:11634
2020-04-15 04:07:20,513 [main] WARN  server.ServerUtils (ServerUtils.java:getDBPath(225)) - ozone.om.db.dirs is not configured. We recommend adding this setting. Falling back to ozone.metadata.dirs instead.
2020-04-15 04:07:20,644 [main] INFO  ha.OMHANodeDetails (OMHANodeDetails.java:loadOMHAConfig(110)) - ServiceID for OzoneManager is omServiceId1
2020-04-15 04:07:20,645 [main] INFO  ha.OMHANodeDetails (OMHANodeDetails.java:loadOMHAConfig(182)) - Found matching OM address with OMServiceId: omServiceId1, OMNodeId: omNode-3, RPC Address: localhost:11640 and Ratis port: 11644
2020-04-15 04:07:20,646 [main] INFO  ha.OMHANodeDetails (OMHANodeDetails.java:setOMNodeSpecificConfigs(315)) - Setting configuration key ozone.om.http-address with value of key ozone.om.http-address.omNode-3: 127.0.0.1:11642
2020-04-15 04:07:20,646 [main] INFO  ha.OMHANodeDetails (OMHANodeDetails.java:setOMNodeSpecificConfigs(315)) - Setting configuration key ozone.om.https-address with value of key ozone.om.https-address.omNode-3: 127.0.0.1:11643
2020-04-15 04:07:20,646 [main] INFO  ha.OMHANodeDetails (OMHANodeDetails.java:setOMNodeSpecificConfigs(315)) - Setting configuration key ozone.om.address with value of key ozone.om.address.omNode-3: 127.0.0.1:11640
2020-04-15 04:07:20,646 [main] WARN  server.ServerUtils (ServerUtils.java:getDBPath(225)) - ozone.om.db.dirs is not configured. We recommend adding this setting. Falling back to ozone.metadata.dirs instead.
2020-04-15 04:07:20,647 [main] WARN  server.ServerUtils (ServerUtils.java:getDBPath(225)) - ozone.om.db.dirs is not configured. We recommend adding this setting. Falling back to ozone.metadata.dirs instead.
2020-04-15 04:07:20,785 [omNode-1@group-6C22E66A003A-LeaderElection1] INFO  impl.LeaderElection (LeaderElection.java:logAndReturn(61)) - omNode-1@group-6C22E66A003A-LeaderElection1: Election TIMEOUT; received 0 response(s) [] and 0 exception(s); omNode-1@group-6C22E66A003A:t2, leader=null, voted=omNode-1, raftlog=omNode-1@group-6C22E66A003A-SegmentedRaftLog:OPENED:c-1,f-1,i0, conf=-1: [omNode-3:localhost:11644, omNode-1:localhost:11632, omNode-2:localhost:11638], old=null
2020-04-15 04:07:20,917 [omNode-1@group-6C22E66A003A-LeaderElection1] INFO  impl.LeaderElection (LeaderElection.java:askForVotes(206)) - omNode-1@group-6C22E66A003A-LeaderElection1: begin an election at term 3 for -1: [omNode-3:localhost:11644, omNode-1:localhost:11632, omNode-2:localhost:11638], old=null
2020-04-15 04:07:21,026 [main] WARN  server.ServerUtils (ServerUtils.java:getDBPath(225)) - ozone.om.db.dirs is not configured. We recommend adding this setting. Falling back to ozone.metadata.dirs instead.
2020-04-15 04:07:21,092 [Thread-141] INFO  impl.FollowerState (FollowerState.java:run(108)) - omNode-2@group-6C22E66A003A-FollowerState: change to CANDIDATE, lastRpcTime:1216ms, electionTimeout:1198ms
2020-04-15 04:07:21,104 [Thread-141] INFO  impl.RoleInfo (RoleInfo.java:shutdownFollowerState(121)) - omNode-2: shutdown FollowerState
2020-04-15 04:07:21,104 [Thread-141] INFO  impl.RaftServerImpl (RaftServerImpl.java:setRole(172)) - omNode-2@group-6C22E66A003A: changes role from  FOLLOWER to CANDIDATE at term 0 for changeToCandidate
2020-04-15 04:07:21,104 [Thread-141] INFO  impl.RoleInfo (RoleInfo.java:updateAndGet(143)) - omNode-2: start LeaderElection
2020-04-15 04:07:21,234 [omNode-2@group-6C22E66A003A-LeaderElection2] INFO  impl.LeaderElection (LeaderElection.java:askForVotes(206)) - omNode-2@group-6C22E66A003A-LeaderElection2: begin an election at term 1 for -1: [omNode-3:localhost:11644, omNode-1:localhost:11632, omNode-2:localhost:11638], old=null
2020-04-15 04:07:22,088 [main] WARN  server.ServerUtils (ServerUtils.java:getDefaultRatisDirectory(237)) - Storage directory for Ratis is not configured. It is a good idea to map this to an SSD disk. Falling back to ozone.metadata.dirs
2020-04-15 04:07:22,112 [main] INFO  ratis.OzoneManagerRatisServer (OzoneManagerRatisServer.java:<init>(267)) - Instantiating OM Ratis server with GroupID: omServiceId1 and Raft Peers: localhost:11644, localhost:11632, localhost:11638
2020-04-15 04:07:22,112 [main] INFO  ratis.OzoneManagerStateMachine (OzoneManagerStateMachine.java:updateLastAppliedIndexWithSnaphsotIndex(513)) - LastAppliedIndex set from SnapShotInfo (t:0, i:~)
2020-04-15 04:07:22,126 [omNode-1@group-6C22E66A003A-LeaderElection1] INFO  impl.LeaderElection (LeaderElection.java:logAndReturn(61)) - omNode-1@group-6C22E66A003A-LeaderElection1: Election TIMEOUT; received 0 response(s) [] and 0 exception(s); omNode-1@group-6C22E66A003A:t3, leader=null, voted=omNode-1, raftlog=omNode-1@group-6C22E66A003A-SegmentedRaftLog:OPENED:c-1,f-1,i0, conf=-1: [omNode-3:localhost:11644, omNode-1:localhost:11632, omNode-2:localhost:11638], old=null
2020-04-15 04:07:22,247 [main] INFO  impl.RaftServerProxy (ConfUtils.java:logGet(44)) - raft.rpc.type = GRPC (default)
2020-04-15 04:07:22,248 [main] INFO  grpc.GrpcFactory (GrpcFactory.java:checkPooledByteBufAllocatorUseCacheForAllThreads(45)) - PERFORMANCE WARNING: useCacheForAllThreads is true that may cause Netty to create a lot garbage objects and, as a result, trigger GC.
	It is recommended to disable useCacheForAllThreads by setting -Dorg.apache.ratis.thirdparty.io.netty.allocator.useCacheForAllThreads=false in command line.
2020-04-15 04:07:22,248 [main] INFO  grpc.GrpcConfigKeys (ConfUtils.java:logGet(44)) - raft.grpc.server.port = 11644 (custom)
2020-04-15 04:07:22,248 [main] INFO  server.GrpcService (ConfUtils.java:logGet(44)) - raft.grpc.message.size.max = 33554432 (custom)
2020-04-15 04:07:22,248 [main] INFO  server.RaftServerConfigKeys (ConfUtils.java:logGet(44)) - raft.server.log.appender.buffer.byte-limit = 33554432 (custom)
2020-04-15 04:07:22,249 [main] INFO  server.GrpcService (ConfUtils.java:logGet(44)) - raft.grpc.flow.control.window = 1MB (=1048576) (default)
2020-04-15 04:07:22,249 [main] INFO  server.RaftServerConfigKeys (ConfUtils.java:logGet(44)) - raft.server.rpc.request.timeout = 3000ms (default)
2020-04-15 04:07:22,250 [main] INFO  server.RaftServerConfigKeys (ConfUtils.java:logGet(44)) - raft.server.storage.dir = [/github/workspace/hadoop-ozone/integration-test/target/test-dir/MiniOzoneClusterImpl-0135e7b1-1d2a-4fbb-b7c0-5297c589a039/omNode-3/ratis] (custom)
2020-04-15 04:07:22,262 [omNode-1@group-6C22E66A003A-LeaderElection1] INFO  impl.LeaderElection (LeaderElection.java:askForVotes(206)) - omNode-1@group-6C22E66A003A-LeaderElection1: begin an election at term 4 for -1: [omNode-3:localhost:11644, omNode-1:localhost:11632, omNode-2:localhost:11638], old=null
2020-04-15 04:07:22,319 [main] INFO  impl.RaftServerProxy (RaftServerProxy.java:addNew(89)) - omNode-3: addNew group-6C22E66A003A:[omNode-3:localhost:11644, omNode-1:localhost:11632, omNode-2:localhost:11638] returns group-6C22E66A003A:java.util.concurrent.CompletableFuture@1a28691c[Not completed]
2020-04-15 04:07:22,320 [pool-56-thread-1] INFO  impl.RaftServerImpl (RaftServerImpl.java:<init>(97)) - omNode-3: new RaftServerImpl for group-6C22E66A003A:[omNode-3:localhost:11644, omNode-1:localhost:11632, omNode-2:localhost:11638] with OzoneManagerStateMachine:uninitialized
2020-04-15 04:07:22,331 [main] INFO  om.OzoneManager (OzoneManager.java:initializeRatisServer(1252)) - OzoneManager Ratis server initialized at port 11644
2020-04-15 04:07:22,342 [main] WARN  server.ServerUtils (ServerUtils.java:getDefaultRatisDirectory(237)) - Storage directory for Ratis is not configured. It is a good idea to map this to an SSD disk. Falling back to ozone.metadata.dirs
2020-04-15 04:07:22,343 [main] WARN  server.ServerUtils (ServerUtils.java:getDefaultRatisDirectory(237)) - Storage directory for Ratis is not configured. It is a good idea to map this to an SSD disk. Falling back to ozone.metadata.dirs
2020-04-15 04:07:22,343 [main] INFO  snapshot.OzoneManagerSnapshotProvider (OzoneManagerSnapshotProvider.java:<init>(81)) - Initializing OM Snapshot Provider
2020-04-15 04:07:22,373 [pool-56-thread-1] INFO  server.RaftServerConfigKeys (ConfUtils.java:logGet(44)) - raft.server.rpc.timeout.min = 1s (custom)
2020-04-15 04:07:22,373 [pool-56-thread-1] INFO  server.RaftServerConfigKeys (ConfUtils.java:logGet(44)) - raft.server.rpc.timeout.max = 1200ms (custom)
2020-04-15 04:07:22,374 [pool-56-thread-1] INFO  server.RaftServerConfigKeys (ConfUtils.java:logGet(44)) - raft.server.rpcslowness.timeout = 2s (custom)
2020-04-15 04:07:22,374 [pool-56-thread-1] INFO  server.RaftServerConfigKeys (ConfUtils.java:logGet(44)) - raft.server.sleep.deviation.threshold = 300 (default)
2020-04-15 04:07:22,374 [pool-56-thread-1] INFO  server.RaftServerConfigKeys (ConfUtils.java:logGet(44)) - raft.server.log.appender.install.snapshot.enabled = false (custom)
2020-04-15 04:07:22,374 [pool-56-thread-1] INFO  impl.RaftServerImpl (ServerState.java:<init>(103)) - omNode-3@group-6C22E66A003A: ConfigurationManager, init=-1: [omNode-3:localhost:11644, omNode-1:localhost:11632, omNode-2:localhost:11638], old=null, confs=<EMPTY_MAP>
2020-04-15 04:07:22,374 [pool-56-thread-1] INFO  server.RaftServerConfigKeys (ConfUtils.java:logGet(44)) - raft.server.storage.dir = [/github/workspace/hadoop-ozone/integration-test/target/test-dir/MiniOzoneClusterImpl-0135e7b1-1d2a-4fbb-b7c0-5297c589a039/omNode-3/ratis] (custom)
2020-04-15 04:07:22,375 [pool-56-thread-1] INFO  server.RaftServerConfigKeys (ConfUtils.java:logGet(44)) - raft.server.log.corruption.policy = EXCEPTION (default)
2020-04-15 04:07:22,375 [pool-56-thread-1] INFO  storage.RaftStorageDirectory (RaftStorageDirectory.java:analyzeStorage(253)) - The storage directory /github/workspace/hadoop-ozone/integration-test/target/test-dir/MiniOzoneClusterImpl-0135e7b1-1d2a-4fbb-b7c0-5297c589a039/omNode-3/ratis/9c9825ce-8ba7-3ee6-a7c3-6c22e66a003a does not exist. Creating ...
2020-04-15 04:07:22,376 [pool-56-thread-1] INFO  storage.RaftStorageDirectory (RaftStorageDirectory.java:tryLock(335)) - Lock on /github/workspace/hadoop-ozone/integration-test/target/test-dir/MiniOzoneClusterImpl-0135e7b1-1d2a-4fbb-b7c0-5297c589a039/omNode-3/ratis/9c9825ce-8ba7-3ee6-a7c3-6c22e66a003a/in_use.lock acquired by nodename 8286@edabee8e3155
2020-04-15 04:07:22,399 [main] INFO  ipc.CallQueueManager (CallQueueManager.java:<init>(84)) - Using callQueue: class java.util.concurrent.LinkedBlockingQueue, queueCapacity: 2000, scheduler: class org.apache.hadoop.ipc.DefaultRpcScheduler, ipcBackoff: false.
2020-04-15 04:07:22,433 [Socket Reader #1 for port 11640] INFO  ipc.Server (Server.java:run(1074)) - Starting Socket Reader #1 for port 11640
2020-04-15 04:07:22,433 [pool-56-thread-1] INFO  storage.RaftStorage (RaftStorage.java:format(84)) - Storage directory /github/workspace/hadoop-ozone/integration-test/target/test-dir/MiniOzoneClusterImpl-0135e7b1-1d2a-4fbb-b7c0-5297c589a039/omNode-3/ratis/9c9825ce-8ba7-3ee6-a7c3-6c22e66a003a has been successfully formatted.
2020-04-15 04:07:22,434 [pool-56-thread-1] INFO  server.RaftServerConfigKeys (ConfUtils.java:logGet(44)) - raft.server.notification.no-leader.timeout = 2s (custom)
2020-04-15 04:07:22,434 [pool-56-thread-1] INFO  server.RaftServerConfigKeys (ConfUtils.java:logGet(44)) - raft.server.log.use.memory = false (default)
2020-04-15 04:07:22,434 [pool-56-thread-1] INFO  server.RaftServerConfigKeys (ConfUtils.java:logGet(44)) - raft.server.log.purge.gap = 200 (custom)
2020-04-15 04:07:22,434 [pool-56-thread-1] INFO  server.RaftServerConfigKeys (ConfUtils.java:logGet(44)) - raft.server.log.appender.buffer.byte-limit = 33554432 (custom)
2020-04-15 04:07:22,502 [pool-56-thread-1] INFO  server.RaftServerConfigKeys (ConfUtils.java:logGet(44)) - raft.server.log.segment.size.max = 16384 (custom)
2020-04-15 04:07:22,502 [pool-56-thread-1] INFO  metrics.RatisMetrics (RatisMetrics.java:lambda$create$0(39)) - Creating Metrics Registry : ratis.log_worker.omNode-3
2020-04-15 04:07:22,503 [pool-56-thread-1] INFO  server.RaftServerConfigKeys (ConfUtils.java:logGet(44)) - raft.server.log.segment.cache.num.max = 2 (custom)
2020-04-15 04:07:22,503 [pool-56-thread-1] INFO  segmented.SegmentedRaftLogWorker (SegmentedRaftLogWorker.java:<init>(176)) - new omNode-3@group-6C22E66A003A-SegmentedRaftLogWorker for RaftStorage:Storage Directory /github/workspace/hadoop-ozone/integration-test/target/test-dir/MiniOzoneClusterImpl-0135e7b1-1d2a-4fbb-b7c0-5297c589a039/omNode-3/ratis/9c9825ce-8ba7-3ee6-a7c3-6c22e66a003a
2020-04-15 04:07:22,503 [pool-56-thread-1] INFO  server.RaftServerConfigKeys (ConfUtils.java:logGet(44)) - raft.server.log.queue.byte-limit = 64MB (=67108864) (default)
2020-04-15 04:07:22,503 [pool-56-thread-1] INFO  server.RaftServerConfigKeys (ConfUtils.java:logGet(44)) - raft.server.log.queue.element-limit = 4096 (default)
2020-04-15 04:07:22,503 [pool-56-thread-1] INFO  server.RaftServerConfigKeys (ConfUtils.java:logGet(44)) - raft.server.log.segment.size.max = 16384 (custom)
2020-04-15 04:07:22,504 [pool-56-thread-1] INFO  server.RaftServerConfigKeys (ConfUtils.java:logGet(44)) - raft.server.log.preallocated.size = 16384 (custom)
2020-04-15 04:07:22,504 [pool-56-thread-1] INFO  server.RaftServerConfigKeys (ConfUtils.java:logGet(44)) - raft.server.log.write.buffer.size = 64KB (=65536) (default)
2020-04-15 04:07:22,569 [pool-56-thread-1] INFO  server.RaftServerConfigKeys (ConfUtils.java:logGet(44)) - raft.server.log.force.sync.num = 128 (default)
2020-04-15 04:07:22,569 [pool-56-thread-1] INFO  server.RaftServerConfigKeys (ConfUtils.java:logGet(44)) - raft.server.log.statemachine.data.sync = true (default)
2020-04-15 04:07:22,601 [omNode-2@group-6C22E66A003A-LeaderElection2] INFO  impl.LeaderElection (LeaderElection.java:logAndReturn(61)) - omNode-2@group-6C22E66A003A-LeaderElection2: Election TIMEOUT; received 0 response(s) [] and 0 exception(s); omNode-2@group-6C22E66A003A:t1, leader=null, voted=omNode-2, raftlog=omNode-2@group-6C22E66A003A-SegmentedRaftLog:OPENED:c-1,f-1,i0, conf=-1: [omNode-3:localhost:11644, omNode-1:localhost:11632, omNode-2:localhost:11638], old=null
2020-04-15 04:07:22,645 [pool-56-thread-1] INFO  server.RaftServerConfigKeys (ConfUtils.java:logGet(44)) - raft.server.log.statemachine.data.sync.timeout = 10s (default)
2020-04-15 04:07:22,646 [pool-56-thread-1] INFO  server.RaftServerConfigKeys (ConfUtils.java:logGet(44)) - raft.server.log.statemachine.data.sync.timeout.retry = -1 (default)
2020-04-15 04:07:22,783 [omNode-2@group-6C22E66A003A-LeaderElection2] INFO  impl.LeaderElection (LeaderElection.java:askForVotes(206)) - omNode-2@group-6C22E66A003A-LeaderElection2: begin an election at term 2 for -1: [omNode-3:localhost:11644, omNode-1:localhost:11632, omNode-2:localhost:11638], old=null
2020-04-15 04:07:22,834 [pool-56-thread-1] INFO  server.RaftServerConfigKeys (ConfUtils.java:logGet(44)) - raft.server.log.statemachine.data.caching.enabled = false (default)
2020-04-15 04:07:22,834 [pool-56-thread-1] INFO  segmented.SegmentedRaftLogWorker (SegmentedRaftLogWorker.java:lambda$new$0(129)) - omNode-3@group-6C22E66A003A-SegmentedRaftLogWorker: flushIndex: setUnconditionally 0 -> -1
2020-04-15 04:07:22,835 [pool-56-thread-1] INFO  server.RaftServerConfigKeys (ConfUtils.java:logGet(44)) - raft.server.snapshot.auto.trigger.enabled = true (custom)
2020-04-15 04:07:22,835 [pool-56-thread-1] INFO  server.RaftServerConfigKeys (ConfUtils.java:logGet(44)) - raft.server.snapshot.auto.trigger.threshold = 100 (custom)
2020-04-15 04:07:22,835 [pool-56-thread-1] INFO  server.RaftServerConfigKeys (ConfUtils.java:logGet(44)) - raft.server.snapshot.retention.file.num = -1 (default)
2020-04-15 04:07:22,883 [pool-56-thread-1] INFO  server.RaftServerConfigKeys (ConfUtils.java:logGet(44)) - raft.server.retrycache.expirytime = 600000ms (custom)
2020-04-15 04:07:22,884 [pool-56-thread-1] INFO  metrics.RatisMetrics (RatisMetrics.java:lambda$create$0(39)) - Creating Metrics Registry : ratis.leader_election.omNode-3@group-6C22E66A003A
2020-04-15 04:07:22,916 [omNode-2@group-6C22E66A003A-LeaderElection2] INFO  impl.LeaderElection (LogUtils.java:infoOrTrace(137)) - omNode-2@group-6C22E66A003A-LeaderElection2 got exception when requesting votes: java.util.concurrent.ExecutionException: org.apache.ratis.thirdparty.io.grpc.StatusRuntimeException: UNAVAILABLE: io exception
2020-04-15 04:07:22,929 [pool-56-thread-1] INFO  metrics.RatisMetrics (RatisMetrics.java:lambda$create$0(39)) - Creating Metrics Registry : ratis.server.omNode-3@group-6C22E66A003A
2020-04-15 04:07:23,057 [main] INFO  impl.MetricsSystemImpl (MetricsSystemImpl.java:init(158)) - OzoneManager metrics system started (again)
2020-04-15 04:07:23,099 [omNode-1@group-6C22E66A003A-LeaderElection1] INFO  impl.LeaderElection (LogUtils.java:infoOrTrace(137)) - omNode-1@group-6C22E66A003A-LeaderElection1 got exception when requesting votes: java.util.concurrent.ExecutionException: org.apache.ratis.thirdparty.io.grpc.StatusRuntimeException: UNAVAILABLE: io exception
2020-04-15 04:07:23,158 [main] INFO  om.OzoneManager (OzoneManager.java:start(1111)) - OzoneManager RPC server is listening at localhost/127.0.0.1:11640
2020-04-15 04:07:23,159 [main] INFO  ratis.OzoneManagerRatisServer (OzoneManagerRatisServer.java:start(357)) - Starting OzoneManagerRatisServer omNode-3 at port 11644
2020-04-15 04:07:23,163 [main] INFO  impl.RaftServerImpl (RaftServerImpl.java:start(183)) - omNode-3@group-6C22E66A003A: start as a follower, conf=-1: [omNode-3:localhost:11644, omNode-1:localhost:11632, omNode-2:localhost:11638], old=null
2020-04-15 04:07:23,167 [main] INFO  impl.RaftServerImpl (RaftServerImpl.java:setRole(172)) - omNode-3@group-6C22E66A003A: changes role from      null to FOLLOWER at term 0 for startAsFollower
2020-04-15 04:07:23,168 [main] INFO  impl.RoleInfo (RoleInfo.java:updateAndGet(143)) - omNode-3: start FollowerState
2020-04-15 04:07:23,169 [main] INFO  util.JmxRegister (JmxRegister.java:tryRegister(44)) - Successfully registered JMX Bean with object name Ratis:service=RaftServer,group=group-6C22E66A003A,id=omNode-3
2020-04-15 04:07:23,169 [main] INFO  metrics.RatisMetrics (RatisMetrics.java:lambda$create$0(39)) - Creating Metrics Registry : ratis.state_machine.omNode-3@group-6C22E66A003A
2020-04-15 04:07:23,185 [main] INFO  impl.RaftServerProxy (RaftServerProxy.java:lambda$start$3(299)) - omNode-3: start RPC server
2020-04-15 04:07:23,189 [main] INFO  server.GrpcService (GrpcService.java:startImpl(158)) - omNode-3: GrpcService started, listening on 0.0.0.0/0.0.0.0:11644
2020-04-15 04:07:23,241 [IPC Server Responder] INFO  ipc.Server (Server.java:run(1314)) - IPC Server Responder: starting
2020-04-15 04:07:23,243 [IPC Server listener on 11640] INFO  ipc.Server (Server.java:run(1153)) - IPC Server listener on 11640: starting
2020-04-15 04:07:23,339 [main] INFO  http.BaseHttpServer (BaseHttpServer.java:newHttpServer2BuilderForOzone(171)) - Starting Web-server for ozoneManager at: http://0.0.0.0:11642
2020-04-15 04:07:23,401 [main] INFO  server.AuthenticationFilter (AuthenticationFilter.java:constructSecretProvider(240)) - Unable to initialize FileSignerSecretProvider, falling back to use random secrets.
2020-04-15 04:07:23,402 [main] WARN  http.HttpRequestLog (HttpRequestLog.java:getRequestLog(103)) - Jetty request log can only be enabled using Log4j
2020-04-15 04:07:23,404 [main] INFO  http.HttpServer2 (HttpServer2.java:addGlobalFilter(970)) - Added global filter 'safety' (class=org.apache.hadoop.hdds.server.http.HttpServer2$QuotingInputFilter)
2020-04-15 04:07:23,432 [main] INFO  http.HttpServer2 (HttpServer2.java:addFilter(946)) - Added filter static_user_filter (class=org.apache.hadoop.hdds.server.http.StaticUserWebFilter$StaticUserFilter) to context ozoneManager
2020-04-15 04:07:23,432 [main] INFO  http.HttpServer2 (HttpServer2.java:addFilter(954)) - Added filter static_user_filter (class=org.apache.hadoop.hdds.server.http.StaticUserWebFilter$StaticUserFilter) to context static
2020-04-15 04:07:23,432 [main] INFO  http.HttpServer2 (HttpServer2.java:addFilter(954)) - Added filter static_user_filter (class=org.apache.hadoop.hdds.server.http.StaticUserWebFilter$StaticUserFilter) to context logs
2020-04-15 04:07:23,434 [main] INFO  http.HttpServer2 (HttpServer2.java:bindListener(1188)) - Jetty bound to port 11642
2020-04-15 04:07:23,434 [main] INFO  server.Server (Server.java:doStart(359)) - jetty-9.4.26.v20200117; built: 2020-01-17T12:35:33.676Z; git: 7b38981d25d14afb4a12ff1f2596756144edf695; jvm 1.8.0_232-b09
2020-04-15 04:07:23,668 [omNode-1@group-6C22E66A003A-LeaderElection1] INFO  impl.LeaderElection (LeaderElection.java:logAndReturn(61)) - omNode-1@group-6C22E66A003A-LeaderElection1: Election TIMEOUT; received 0 response(s) [] and 1 exception(s); omNode-1@group-6C22E66A003A:t4, leader=null, voted=omNode-1, raftlog=omNode-1@group-6C22E66A003A-SegmentedRaftLog:OPENED:c-1,f-1,i0, conf=-1: [omNode-3:localhost:11644, omNode-1:localhost:11632, omNode-2:localhost:11638], old=null
2020-04-15 04:07:23,690 [main] INFO  server.session (DefaultSessionIdManager.java:doStart(333)) - DefaultSessionIdManager workerName=node0
2020-04-15 04:07:23,690 [main] INFO  server.session (DefaultSessionIdManager.java:doStart(338)) - No SessionScavenger set, using defaults
2020-04-15 04:07:23,690 [main] INFO  server.session (HouseKeeper.java:startScavenging(140)) - node0 Scavenging every 660000ms
2020-04-15 04:07:23,724 [main] INFO  handler.ContextHandler (ContextHandler.java:doStart(825)) - Started o.e.j.s.ServletContextHandler@62962670{logs,/logs,file:///github/workspace/hadoop-ozone/integration-test/target/log,AVAILABLE}
2020-04-15 04:07:23,724 [main] INFO  handler.ContextHandler (ContextHandler.java:doStart(825)) - Started o.e.j.s.ServletContextHandler@1ca04c51{static,/static,file:///github/workspace/hadoop-ozone/integration-test/target/test-classes/webapps/static,AVAILABLE}
2020-04-15 04:07:23,737 [omNode-1@group-6C22E66A003A-LeaderElection1] INFO  impl.LeaderElection (LogUtils.java:infoOrTrace(137)) -   Exception 0: java.util.concurrent.ExecutionException: org.apache.ratis.thirdparty.io.grpc.StatusRuntimeException: UNAVAILABLE: io exception
2020-04-15 04:07:23,829 [omNode-1@group-6C22E66A003A-LeaderElection1] INFO  impl.LeaderElection (LeaderElection.java:askForVotes(206)) - omNode-1@group-6C22E66A003A-LeaderElection1: begin an election at term 5 for -1: [omNode-3:localhost:11644, omNode-1:localhost:11632, omNode-2:localhost:11638], old=null
2020-04-15 04:07:23,833 [main] INFO  handler.ContextHandler (ContextHandler.java:doStart(825)) - Started o.e.j.w.WebAppContext@58eed8cc{ozoneManager,/,file:///github/workspace/hadoop-ozone/integration-test/target/test-classes/webapps/ozoneManager/,AVAILABLE}{file:/github/workspace/hadoop-ozone/integration-test/target/test-classes/webapps/ozoneManager}
2020-04-15 04:07:23,843 [omNode-1@group-6C22E66A003A-LeaderElection1] INFO  impl.LeaderElection (LogUtils.java:infoOrTrace(137)) - omNode-1@group-6C22E66A003A-LeaderElection1 got exception when requesting votes: java.util.concurrent.ExecutionException: org.apache.ratis.thirdparty.io.grpc.StatusRuntimeException: UNAVAILABLE: io exception
2020-04-15 04:07:23,858 [main] INFO  server.AbstractConnector (AbstractConnector.java:doStart(330)) - Started ServerConnector@6fc3a2a4{HTTP/1.1,[http/1.1]}{0.0.0.0:11642}
2020-04-15 04:07:23,858 [main] INFO  server.Server (Server.java:doStart(399)) - Started @58637ms
2020-04-15 04:07:23,858 [main] WARN  impl.MetricsSystemImpl (MetricsSystemImpl.java:register(276)) - Sink prometheus already exists!
2020-04-15 04:07:23,866 [main] INFO  http.BaseHttpServer (BaseHttpServer.java:updateConnectorAddress(285)) - HTTP server of ozoneManager listening at http://0.0.0.0:11642
2020-04-15 04:07:23,867 [main] INFO  ozone.MiniOzoneHAClusterImpl (MiniOzoneHAClusterImpl.java:createOMService(370)) - Started OzoneManager RPC server at localhost/127.0.0.1:11640
2020-04-15 04:07:24,039 [omNode-2@group-6C22E66A003A-LeaderElection2] INFO  impl.LeaderElection (LeaderElection.java:logAndReturn(61)) - omNode-2@group-6C22E66A003A-LeaderElection2: Election TIMEOUT; received 0 response(s) [] and 1 exception(s); omNode-2@group-6C22E66A003A:t2, leader=null, voted=omNode-2, raftlog=omNode-2@group-6C22E66A003A-SegmentedRaftLog:OPENED:c-1,f-1,i0, conf=-1: [omNode-3:localhost:11644, omNode-1:localhost:11632, omNode-2:localhost:11638], old=null
2020-04-15 04:07:24,216 [omNode-2@group-6C22E66A003A-LeaderElection2] INFO  impl.LeaderElection (LogUtils.java:infoOrTrace(137)) -   Exception 0: java.util.concurrent.ExecutionException: org.apache.ratis.thirdparty.io.grpc.StatusRuntimeException: UNAVAILABLE: io exception
2020-04-15 04:07:24,238 [Thread-189] INFO  impl.FollowerState (FollowerState.java:run(108)) - omNode-3@group-6C22E66A003A-FollowerState: change to CANDIDATE, lastRpcTime:1070ms, electionTimeout:1061ms
2020-04-15 04:07:24,361 [Thread-189] INFO  impl.RoleInfo (RoleInfo.java:shutdownFollowerState(121)) - omNode-3: shutdown FollowerState
2020-04-15 04:07:24,448 [Thread-189] INFO  impl.RaftServerImpl (RaftServerImpl.java:setRole(172)) - omNode-3@group-6C22E66A003A: changes role from  FOLLOWER to CANDIDATE at term 0 for changeToCandidate
2020-04-15 04:07:24,470 [Thread-189] INFO  impl.RoleInfo (RoleInfo.java:updateAndGet(143)) - omNode-3: start LeaderElection
2020-04-15 04:07:24,775 [omNode-2@group-6C22E66A003A-LeaderElection2] INFO  impl.LeaderElection (LeaderElection.java:askForVotes(206)) - omNode-2@group-6C22E66A003A-LeaderElection2: begin an election at term 3 for -1: [omNode-3:localhost:11644, omNode-1:localhost:11632, omNode-2:localhost:11638], old=null
2020-04-15 04:07:24,873 [omNode-2@group-6C22E66A003A-LeaderElection2] INFO  impl.LeaderElection (LogUtils.java:infoOrTrace(137)) - omNode-2@group-6C22E66A003A-LeaderElection2 got exception when requesting votes: java.util.concurrent.ExecutionException: org.apache.ratis.thirdparty.io.grpc.StatusRuntimeException: UNAVAILABLE: io exception
2020-04-15 04:07:24,927 [omNode-3@group-6C22E66A003A-LeaderElection3] INFO  impl.LeaderElection (LeaderElection.java:askForVotes(206)) - omNode-3@group-6C22E66A003A-LeaderElection3: begin an election at term 1 for -1: [omNode-3:localhost:11644, omNode-1:localhost:11632, omNode-2:localhost:11638], old=null
2020-04-15 04:07:24,996 [omNode-1@group-6C22E66A003A-LeaderElection1] INFO  impl.LeaderElection (LeaderElection.java:logAndReturn(61)) - omNode-1@group-6C22E66A003A-LeaderElection1: Election TIMEOUT; received 0 response(s) [] and 1 exception(s); omNode-1@group-6C22E66A003A:t5, leader=null, voted=omNode-1, raftlog=omNode-1@group-6C22E66A003A-SegmentedRaftLog:OPENED:c-1,f-1,i0, conf=-1: [omNode-3:localhost:11644, omNode-1:localhost:11632, omNode-2:localhost:11638], old=null
2020-04-15 04:07:24,996 [omNode-1@group-6C22E66A003A-LeaderElection1] INFO  impl.LeaderElection (LogUtils.java:infoOrTrace(137)) -   Exception 0: java.util.concurrent.ExecutionException: org.apache.ratis.thirdparty.io.grpc.StatusRuntimeException: UNAVAILABLE: io exception
2020-04-15 04:07:25,360 [omNode-1@group-6C22E66A003A-LeaderElection1] INFO  impl.LeaderElection (LeaderElection.java:askForVotes(206)) - omNode-1@group-6C22E66A003A-LeaderElection1: begin an election at term 6 for -1: [omNode-3:localhost:11644, omNode-1:localhost:11632, omNode-2:localhost:11638], old=null
2020-04-15 04:07:25,821 [omNode-1@group-6C22E66A003A-LeaderElection1] INFO  impl.LeaderElection (LogUtils.java:infoOrTrace(137)) - omNode-1@group-6C22E66A003A-LeaderElection1 got exception when requesting votes: java.util.concurrent.ExecutionException: org.apache.ratis.thirdparty.io.grpc.StatusRuntimeException: UNAVAILABLE: io exception
2020-04-15 04:07:26,052 [omNode-2@group-6C22E66A003A-LeaderElection2] INFO  impl.LeaderElection (LeaderElection.java:logAndReturn(61)) - omNode-2@group-6C22E66A003A-LeaderElection2: Election TIMEOUT; received 0 response(s) [] and 1 exception(s); omNode-2@group-6C22E66A003A:t3, leader=null, voted=omNode-2, raftlog=omNode-2@group-6C22E66A003A-SegmentedRaftLog:OPENED:c-1,f-1,i0, conf=-1: [omNode-3:localhost:11644, omNode-1:localhost:11632, omNode-2:localhost:11638], old=null
2020-04-15 04:07:26,288 [omNode-2@group-6C22E66A003A-LeaderElection2] INFO  impl.LeaderElection (LogUtils.java:infoOrTrace(137)) -   Exception 0: java.util.concurrent.ExecutionException: org.apache.ratis.thirdparty.io.grpc.StatusRuntimeException: UNAVAILABLE: io exception
2020-04-15 04:07:26,486 [omNode-3@group-6C22E66A003A-LeaderElection3] INFO  impl.LeaderElection (LeaderElection.java:logAndReturn(61)) - omNode-3@group-6C22E66A003A-LeaderElection3: Election TIMEOUT; received 0 response(s) [] and 0 exception(s); omNode-3@group-6C22E66A003A:t1, leader=null, voted=omNode-3, raftlog=omNode-3@group-6C22E66A003A-SegmentedRaftLog:OPENED:c-1,f-1,i0, conf=-1: [omNode-3:localhost:11644, omNode-1:localhost:11632, omNode-2:localhost:11638], old=null
2020-04-15 04:07:26,579 [omNode-3@group-6C22E66A003A-LeaderElection3] INFO  impl.LeaderElection (LeaderElection.java:askForVotes(206)) - omNode-3@group-6C22E66A003A-LeaderElection3: begin an election at term 2 for -1: [omNode-3:localhost:11644, omNode-1:localhost:11632, omNode-2:localhost:11638], old=null
2020-04-15 04:07:26,842 [omNode-2@group-6C22E66A003A-LeaderElection2] INFO  impl.LeaderElection (LeaderElection.java:askForVotes(206)) - omNode-2@group-6C22E66A003A-LeaderElection2: begin an election at term 4 for -1: [omNode-3:localhost:11644, omNode-1:localhost:11632, omNode-2:localhost:11638], old=null
2020-04-15 04:07:26,877 [grpc-default-executor-3] INFO  impl.RaftServerImpl (RaftServerImpl.java:setRole(172)) - omNode-2@group-6C22E66A003A: changes role from CANDIDATE to FOLLOWER at term 5 for recognizeCandidate:omNode-1
2020-04-15 04:07:26,877 [grpc-default-executor-3] INFO  impl.RoleInfo (RoleInfo.java:shutdownLeaderElection(134)) - omNode-2: shutdown LeaderElection
2020-04-15 04:07:26,878 [grpc-default-executor-3] INFO  impl.RoleInfo (RoleInfo.java:updateAndGet(143)) - omNode-2: start FollowerState
2020-04-15 04:07:26,935 [omNode-1@group-6C22E66A003A-LeaderElection1] INFO  impl.LeaderElection (LeaderElection.java:logAndReturn(61)) - omNode-1@group-6C22E66A003A-LeaderElection1: Election TIMEOUT; received 0 response(s) [] and 1 exception(s); omNode-1@group-6C22E66A003A:t6, leader=null, voted=omNode-1, raftlog=omNode-1@group-6C22E66A003A-SegmentedRaftLog:OPENED:c-1,f-1,i0, conf=-1: [omNode-3:localhost:11644, omNode-1:localhost:11632, omNode-2:localhost:11638], old=null
2020-04-15 04:07:26,935 [omNode-1@group-6C22E66A003A-LeaderElection1] INFO  impl.LeaderElection (LogUtils.java:infoOrTrace(137)) -   Exception 0: java.util.concurrent.ExecutionException: org.apache.ratis.thirdparty.io.grpc.StatusRuntimeException: UNAVAILABLE: io exception
2020-04-15 04:07:27,242 [omNode-1@group-6C22E66A003A-LeaderElection1] INFO  impl.LeaderElection (LeaderElection.java:askForVotes(206)) - omNode-1@group-6C22E66A003A-LeaderElection1: begin an election at term 7 for -1: [omNode-3:localhost:11644, omNode-1:localhost:11632, omNode-2:localhost:11638], old=null
2020-04-15 04:07:27,387 [omNode-2@group-6C22E66A003A-LeaderElection2] INFO  impl.LeaderElection (LeaderElection.java:logAndReturn(61)) - omNode-2@group-6C22E66A003A-LeaderElection2: Election REJECTED; received 0 response(s) [] and 0 exception(s); omNode-2@group-6C22E66A003A:t5, leader=null, voted=null, raftlog=omNode-2@group-6C22E66A003A-SegmentedRaftLog:OPENED:c-1,f-1,i0, conf=-1: [omNode-3:localhost:11644, omNode-1:localhost:11632, omNode-2:localhost:11638], old=null
2020-04-15 04:07:27,745 [omNode-3@group-6C22E66A003A-LeaderElection3] INFO  impl.LeaderElection (LeaderElection.java:logAndReturn(61)) - omNode-3@group-6C22E66A003A-LeaderElection3: Election TIMEOUT; received 0 response(s) [] and 0 exception(s); omNode-3@group-6C22E66A003A:t2, leader=null, voted=omNode-3, raftlog=omNode-3@group-6C22E66A003A-SegmentedRaftLog:OPENED:c-1,f-1,i0, conf=-1: [omNode-3:localhost:11644, omNode-1:localhost:11632, omNode-2:localhost:11638], old=null
2020-04-15 04:07:28,268 [Thread-233] INFO  impl.FollowerState (FollowerState.java:run(108)) - omNode-2@group-6C22E66A003A-FollowerState: change to CANDIDATE, lastRpcTime:1390ms, electionTimeout:1145ms
2020-04-15 04:07:28,322 [Thread-233] INFO  impl.RoleInfo (RoleInfo.java:shutdownFollowerState(121)) - omNode-2: shutdown FollowerState
2020-04-15 04:07:28,323 [Thread-233] INFO  impl.RaftServerImpl (RaftServerImpl.java:setRole(172)) - omNode-2@group-6C22E66A003A: changes role from  FOLLOWER to CANDIDATE at term 5 for changeToCandidate
2020-04-15 04:07:28,333 [Thread-233] INFO  impl.RoleInfo (RoleInfo.java:updateAndGet(143)) - omNode-2: start LeaderElection
2020-04-15 04:07:28,423 [omNode-1@group-6C22E66A003A-LeaderElection1] INFO  impl.LeaderElection (LeaderElection.java:logAndReturn(61)) - omNode-1@group-6C22E66A003A-LeaderElection1: Election TIMEOUT; received 0 response(s) [] and 0 exception(s); omNode-1@group-6C22E66A003A:t7, leader=null, voted=omNode-1, raftlog=omNode-1@group-6C22E66A003A-SegmentedRaftLog:OPENED:c-1,f-1,i0, conf=-1: [omNode-3:localhost:11644, omNode-1:localhost:11632, omNode-2:localhost:11638], old=null
2020-04-15 04:07:28,486 [omNode-3@group-6C22E66A003A-LeaderElection3] INFO  impl.LeaderElection (LeaderElection.java:askForVotes(206)) - omNode-3@group-6C22E66A003A-LeaderElection3: begin an election at term 3 for -1: [omNode-3:localhost:11644, omNode-1:localhost:11632, omNode-2:localhost:11638], old=null
2020-04-15 04:07:28,509 [omNode-2@group-6C22E66A003A-LeaderElection4] INFO  impl.LeaderElection (LeaderElection.java:askForVotes(206)) - omNode-2@group-6C22E66A003A-LeaderElection4: begin an election at term 6 for -1: [omNode-3:localhost:11644, omNode-1:localhost:11632, omNode-2:localhost:11638], old=null
2020-04-15 04:07:28,533 [main] INFO  impl.MetricsSystemImpl (MetricsSystemImpl.java:init(158)) - HddsDatanode metrics system started (again)
2020-04-15 04:07:28,921 [omNode-1@group-6C22E66A003A-LeaderElection1] INFO  impl.LeaderElection (LeaderElection.java:askForVotes(206)) - omNode-1@group-6C22E66A003A-LeaderElection1: begin an election at term 8 for -1: [omNode-3:localhost:11644, omNode-1:localhost:11632, omNode-2:localhost:11638], old=null
2020-04-15 04:07:29,142 [grpc-default-executor-0] INFO  impl.RaftServerImpl (RaftServerImpl.java:setRole(172)) - omNode-2@group-6C22E66A003A: changes role from CANDIDATE to FOLLOWER at term 7 for recognizeCandidate:omNode-1
2020-04-15 04:07:29,142 [grpc-default-executor-0] INFO  impl.RoleInfo (RoleInfo.java:shutdownLeaderElection(134)) - omNode-2: shutdown LeaderElection
2020-04-15 04:07:29,142 [grpc-default-executor-0] INFO  impl.RoleInfo (RoleInfo.java:updateAndGet(143)) - omNode-2: start FollowerState
2020-04-15 04:07:29,712 [grpc-default-executor-4] INFO  impl.RaftServerImpl (RaftServerImpl.java:setRole(172)) - omNode-3@group-6C22E66A003A: changes role from CANDIDATE to FOLLOWER at term 4 for recognizeCandidate:omNode-2
2020-04-15 04:07:29,766 [grpc-default-executor-4] INFO  impl.RoleInfo (RoleInfo.java:shutdownLeaderElection(134)) - omNode-3: shutdown LeaderElection
2020-04-15 04:07:29,790 [grpc-default-executor-4] INFO  impl.RoleInfo (RoleInfo.java:updateAndGet(143)) - omNode-3: start FollowerState
2020-04-15 04:07:29,789 [omNode-3@group-6C22E66A003A-LeaderElection3] INFO  impl.LeaderElection (LeaderElection.java:logAndReturn(61)) - omNode-3@group-6C22E66A003A-LeaderElection3: Election REJECTED; received 0 response(s) [] and 0 exception(s); omNode-3@group-6C22E66A003A:t4, leader=null, voted=null, raftlog=omNode-3@group-6C22E66A003A-SegmentedRaftLog:OPENED:c-1,f-1,i0, conf=-1: [omNode-3:localhost:11644, omNode-1:localhost:11632, omNode-2:localhost:11638], old=null
2020-04-15 04:07:29,801 [omNode-2@group-6C22E66A003A-LeaderElection4] INFO  impl.LeaderElection (LeaderElection.java:logAndReturn(61)) - omNode-2@group-6C22E66A003A-LeaderElection4: Election REJECTED; received 0 response(s) [] and 0 exception(s); omNode-2@group-6C22E66A003A:t7, leader=null, voted=null, raftlog=omNode-2@group-6C22E66A003A-SegmentedRaftLog:OPENED:c-1,f-1,i0, conf=-1: [omNode-3:localhost:11644, omNode-1:localhost:11632, omNode-2:localhost:11638], old=null
2020-04-15 04:07:30,017 [grpc-default-executor-2] INFO  impl.RaftServerImpl (RaftServerImpl.java:setRole(172)) - omNode-2@group-6C22E66A003A: changes role from  FOLLOWER to FOLLOWER at term 8 for recognizeCandidate:omNode-1
2020-04-15 04:07:30,017 [grpc-default-executor-2] INFO  impl.RoleInfo (RoleInfo.java:shutdownFollowerState(121)) - omNode-2: shutdown FollowerState
2020-04-15 04:07:30,018 [grpc-default-executor-2] INFO  impl.RoleInfo (RoleInfo.java:updateAndGet(143)) - omNode-2: start FollowerState
2020-04-15 04:07:30,029 [Thread-245] INFO  impl.FollowerState (FollowerState.java:run(117)) - omNode-2@group-6C22E66A003A-FollowerState was interrupted: java.lang.InterruptedException: sleep interrupted
2020-04-15 04:07:30,085 [grpc-default-executor-0] INFO  impl.RaftServerImpl (RaftServerImpl.java:setRole(172)) - omNode-3@group-6C22E66A003A: changes role from  FOLLOWER to FOLLOWER at term 6 for recognizeCandidate:omNode-2
2020-04-15 04:07:30,465 [grpc-default-executor-0] INFO  impl.RoleInfo (RoleInfo.java:shutdownFollowerState(121)) - omNode-3: shutdown FollowerState
2020-04-15 04:07:30,557 [grpc-default-executor-0] INFO  impl.RoleInfo (RoleInfo.java:updateAndGet(143)) - omNode-3: start FollowerState
2020-04-15 04:07:30,166 [omNode-1@group-6C22E66A003A-LeaderElection1] INFO  impl.LeaderElection (LeaderElection.java:logAndReturn(61)) - omNode-1@group-6C22E66A003A-LeaderElection1: Election TIMEOUT; received 0 response(s) [] and 0 exception(s); omNode-1@group-6C22E66A003A:t8, leader=null, voted=omNode-1, raftlog=omNode-1@group-6C22E66A003A-SegmentedRaftLog:OPENED:c-1,f-1,i0, conf=-1: [omNode-3:localhost:11644, omNode-1:localhost:11632, omNode-2:localhost:11638], old=null
2020-04-15 04:07:30,557 [Thread-246] INFO  impl.FollowerState (FollowerState.java:run(117)) - omNode-3@group-6C22E66A003A-FollowerState was interrupted: java.lang.InterruptedException: sleep interrupted
2020-04-15 04:07:30,866 [grpc-default-executor-6] INFO  impl.RaftServerImpl (RaftServerImpl.java:setRole(172)) - omNode-3@group-6C22E66A003A: changes role from  FOLLOWER to FOLLOWER at term 7 for recognizeCandidate:omNode-1
2020-04-15 04:07:30,866 [grpc-default-executor-6] INFO  impl.RoleInfo (RoleInfo.java:shutdownFollowerState(121)) - omNode-3: shutdown FollowerState
2020-04-15 04:07:30,867 [grpc-default-executor-6] INFO  impl.RoleInfo (RoleInfo.java:updateAndGet(143)) - omNode-3: start FollowerState
2020-04-15 04:07:30,879 [Thread-248] INFO  impl.FollowerState (FollowerState.java:run(117)) - omNode-3@group-6C22E66A003A-FollowerState was interrupted: java.lang.InterruptedException: sleep interrupted
2020-04-15 04:07:30,934 [omNode-1@group-6C22E66A003A-LeaderElection1] INFO  impl.LeaderElection (LeaderElection.java:askForVotes(206)) - omNode-1@group-6C22E66A003A-LeaderElection1: begin an election at term 9 for -1: [omNode-3:localhost:11644, omNode-1:localhost:11632, omNode-2:localhost:11638], old=null
2020-04-15 04:07:31,004 [grpc-default-executor-5] INFO  impl.RaftServerImpl (RaftServerImpl.java:setRole(172)) - omNode-3@group-6C22E66A003A: changes role from  FOLLOWER to FOLLOWER at term 8 for recognizeCandidate:omNode-1
2020-04-15 04:07:31,004 [grpc-default-executor-5] INFO  impl.RoleInfo (RoleInfo.java:shutdownFollowerState(121)) - omNode-3: shutdown FollowerState
2020-04-15 04:07:31,004 [grpc-default-executor-5] INFO  impl.RoleInfo (RoleInfo.java:updateAndGet(143)) - omNode-3: start FollowerState
2020-04-15 04:07:31,005 [Thread-249] INFO  impl.FollowerState (FollowerState.java:run(117)) - omNode-3@group-6C22E66A003A-FollowerState was interrupted: java.lang.InterruptedException: sleep interrupted
2020-04-15 04:07:31,230 [grpc-default-executor-6] INFO  impl.RaftServerImpl (RaftServerImpl.java:setRole(172)) - omNode-3@group-6C22E66A003A: changes role from  FOLLOWER to FOLLOWER at term 9 for recognizeCandidate:omNode-1
2020-04-15 04:07:31,274 [grpc-default-executor-6] INFO  impl.RoleInfo (RoleInfo.java:shutdownFollowerState(121)) - omNode-3: shutdown FollowerState
2020-04-15 04:07:31,274 [Thread-252] INFO  impl.FollowerState (FollowerState.java:run(117)) - omNode-3@group-6C22E66A003A-FollowerState was interrupted: java.lang.InterruptedException: sleep interrupted
2020-04-15 04:07:31,274 [grpc-default-executor-6] INFO  impl.RoleInfo (RoleInfo.java:updateAndGet(143)) - omNode-3: start FollowerState
2020-04-15 04:07:31,284 [Thread-247] INFO  impl.FollowerState (FollowerState.java:run(108)) - omNode-2@group-6C22E66A003A-FollowerState: change to CANDIDATE, lastRpcTime:1266ms, electionTimeout:1195ms
2020-04-15 04:07:31,285 [Thread-247] INFO  impl.RoleInfo (RoleInfo.java:shutdownFollowerState(121)) - omNode-2: shutdown FollowerState
2020-04-15 04:07:31,285 [Thread-247] INFO  impl.RaftServerImpl (RaftServerImpl.java:setRole(172)) - omNode-2@group-6C22E66A003A: changes role from  FOLLOWER to CANDIDATE at term 8 for changeToCandidate
2020-04-15 04:07:31,414 [Thread-247] INFO  impl.RoleInfo (RoleInfo.java:updateAndGet(143)) - omNode-2: start LeaderElection
2020-04-15 04:07:31,470 [grpc-default-executor-5] INFO  impl.RaftServerImpl (RaftServerImpl.java:setRole(172)) - omNode-2@group-6C22E66A003A: changes role from CANDIDATE to FOLLOWER at term 9 for recognizeCandidate:omNode-1
2020-04-15 04:07:31,517 [grpc-default-executor-5] INFO  impl.RoleInfo (RoleInfo.java:shutdownLeaderElection(134)) - omNode-2: shutdown LeaderElection
2020-04-15 04:07:31,595 [grpc-default-executor-5] INFO  impl.RoleInfo (RoleInfo.java:updateAndGet(143)) - omNode-2: start FollowerState
2020-04-15 04:07:31,675 [omNode-1@group-6C22E66A003A-LeaderElection1] INFO  impl.LeaderElection (LeaderElection.java:logAndReturn(61)) - omNode-1@group-6C22E66A003A-LeaderElection1: Election PASSED; received 1 response(s) [omNode-1<-omNode-3#0:OK-t9] and 0 exception(s); omNode-1@group-6C22E66A003A:t9, leader=null, voted=omNode-1, raftlog=omNode-1@group-6C22E66A003A-SegmentedRaftLog:OPENED:c-1,f-1,i0, conf=-1: [omNode-3:localhost:11644, omNode-1:localhost:11632, omNode-2:localhost:11638], old=null
2020-04-15 04:07:31,675 [omNode-1@group-6C22E66A003A-LeaderElection1] INFO  impl.RoleInfo (RoleInfo.java:shutdownLeaderElection(134)) - omNode-1: shutdown LeaderElection
2020-04-15 04:07:31,675 [omNode-1@group-6C22E66A003A-LeaderElection1] INFO  impl.RaftServerImpl (RaftServerImpl.java:setRole(172)) - omNode-1@group-6C22E66A003A: changes role from CANDIDATE to LEADER at term 9 for changeToLeader
2020-04-15 04:07:31,675 [omNode-1@group-6C22E66A003A-LeaderElection1] INFO  impl.RaftServerImpl (ServerState.java:setLeader(255)) - omNode-1@group-6C22E66A003A: change Leader from null to omNode-1 at term 9 for becomeLeader, leader elected after 16525ms
2020-04-15 04:07:32,106 [omNode-2@group-6C22E66A003A-LeaderElection5] INFO  impl.LeaderElection (LeaderElection.java:askForVotes(206)) - omNode-2@group-6C22E66A003A-LeaderElection5: begin an election at term 10 for -1: [omNode-3:localhost:11644, omNode-1:localhost:11632, omNode-2:localhost:11638], old=null
2020-04-15 04:07:32,128 [omNode-2@group-6C22E66A003A-LeaderElection5] INFO  impl.LeaderElection (LeaderElection.java:logAndReturn(61)) - omNode-2@group-6C22E66A003A-LeaderElection5: Election REJECTED; received 0 response(s) [] and 0 exception(s); omNode-2@group-6C22E66A003A:t10, leader=null, voted=omNode-2, raftlog=omNode-2@group-6C22E66A003A-SegmentedRaftLog:OPENED:c-1,f-1,i0, conf=-1: [omNode-3:localhost:11644, omNode-1:localhost:11632, omNode-2:localhost:11638], old=null
2020-04-15 04:07:32,388 [Thread-253] INFO  impl.FollowerState (FollowerState.java:run(108)) - omNode-3@group-6C22E66A003A-FollowerState: change to CANDIDATE, lastRpcTime:1113ms, electionTimeout:1073ms
2020-04-15 04:07:32,636 [Thread-253] INFO  impl.RoleInfo (RoleInfo.java:shutdownFollowerState(121)) - omNode-3: shutdown FollowerState
2020-04-15 04:07:32,895 [Thread-253] INFO  impl.RaftServerImpl (RaftServerImpl.java:setRole(172)) - omNode-3@group-6C22E66A003A: changes role from  FOLLOWER to CANDIDATE at term 9 for changeToCandidate
2020-04-15 04:07:32,896 [Thread-253] INFO  impl.RoleInfo (RoleInfo.java:updateAndGet(143)) - omNode-3: start LeaderElection
2020-04-15 04:07:32,679 [Thread-255] INFO  impl.FollowerState (FollowerState.java:run(108)) - omNode-2@group-6C22E66A003A-FollowerState: change to CANDIDATE, lastRpcTime:1084ms, electionTimeout:1007ms
2020-04-15 04:07:32,896 [Thread-255] INFO  impl.RoleInfo (RoleInfo.java:shutdownFollowerState(121)) - omNode-2: shutdown FollowerState
2020-04-15 04:07:32,896 [Thread-255] INFO  impl.RaftServerImpl (RaftServerImpl.java:setRole(172)) - omNode-2@group-6C22E66A003A: changes role from  FOLLOWER to CANDIDATE at term 10 for changeToCandidate
2020-04-15 04:07:32,669 [omNode-1@group-6C22E66A003A-LeaderElection1] INFO  server.RaftServerConfigKeys (ConfUtils.java:logGet(44)) - raft.server.staging.catchup.gap = 1000 (default)
2020-04-15 04:07:32,897 [omNode-1@group-6C22E66A003A-LeaderElection1] INFO  server.RaftServerConfigKeys (ConfUtils.java:logGet(44)) - raft.server.rpc.sleep.time = 25ms (default)
2020-04-15 04:07:32,960 [omNode-1@group-6C22E66A003A-LeaderElection1] INFO  metrics.RatisMetrics (RatisMetrics.java:lambda$create$0(39)) - Creating Metrics Registry : ratis.log_appender.omNode-1@group-6C22E66A003A
2020-04-15 04:07:32,971 [Thread-255] INFO  impl.RoleInfo (RoleInfo.java:updateAndGet(143)) - omNode-2: start LeaderElection
2020-04-15 04:07:33,140 [omNode-1@group-6C22E66A003A-LeaderElection1] INFO  server.RaftServerConfigKeys (ConfUtils.java:logGet(44)) - raft.server.write.element-limit = 4096 (default)
2020-04-15 04:07:33,183 [omNode-1@group-6C22E66A003A-LeaderElection1] INFO  server.RaftServerConfigKeys (ConfUtils.java:logGet(44)) - raft.server.write.byte-limit = 64MB (=67108864) (default)
2020-04-15 04:07:33,255 [omNode-3@group-6C22E66A003A-LeaderElection6] INFO  impl.LeaderElection (LeaderElection.java:askForVotes(206)) - omNode-3@group-6C22E66A003A-LeaderElection6: begin an election at term 10 for -1: [omNode-3:localhost:11644, omNode-1:localhost:11632, omNode-2:localhost:11638], old=null
2020-04-15 04:07:33,281 [main] INFO  ozone.HddsDatanodeService (HddsDatanodeService.java:start(204)) - HddsDatanodeService host:edabee8e3155 ip:172.17.0.2
2020-04-15 04:07:34,149 [omNode-2@group-6C22E66A003A-LeaderElection7] INFO  impl.LeaderElection (LeaderElection.java:askForVotes(206)) - omNode-2@group-6C22E66A003A-LeaderElection7: begin an election at term 11 for -1: [omNode-3:localhost:11644, omNode-1:localhost:11632, omNode-2:localhost:11638], old=null
2020-04-15 04:07:34,352 [omNode-1@group-6C22E66A003A-LeaderElection1] INFO  server.RaftServerConfigKeys (ConfUtils.java:logGet(44)) - raft.server.watch.timeout = 10s (default)
2020-04-15 04:07:34,353 [omNode-1@group-6C22E66A003A-LeaderElection1] INFO  server.RaftServerConfigKeys (ConfUtils.java:logGet(44)) - raft.server.watch.timeout.denomination = 1s (default)
2020-04-15 04:07:34,354 [omNode-1@group-6C22E66A003A-LeaderElection1] INFO  server.RaftServerConfigKeys (ConfUtils.java:logGet(44)) - raft.server.watch.element-limit = 65536 (default)
2020-04-15 04:07:34,389 [omNode-3@group-6C22E66A003A-LeaderElection6] INFO  impl.LeaderElection (LeaderElection.java:logAndReturn(61)) - omNode-3@group-6C22E66A003A-LeaderElection6: Election TIMEOUT; received 0 response(s) [] and 0 exception(s); omNode-3@group-6C22E66A003A:t10, leader=null, voted=omNode-3, raftlog=omNode-3@group-6C22E66A003A-SegmentedRaftLog:OPENED:c-1,f-1,i0, conf=-1: [omNode-3:localhost:11644, omNode-1:localhost:11632, omNode-2:localhost:11638], old=null
2020-04-15 04:07:34,468 [omNode-3@group-6C22E66A003A-LeaderElection6] INFO  impl.LeaderElection (LeaderElection.java:askForVotes(206)) - omNode-3@group-6C22E66A003A-LeaderElection6: begin an election at term 11 for -1: [omNode-3:localhost:11644, omNode-1:localhost:11632, omNode-2:localhost:11638], old=null
2020-04-15 04:07:34,717 [omNode-1@group-6C22E66A003A-LeaderElection1] INFO  server.RaftServerConfigKeys (ConfUtils.java:logGet(44)) - raft.server.log.appender.snapshot.chunk.size.max = 16MB (=16777216) (default)
2020-04-15 04:07:34,841 [omNode-1@group-6C22E66A003A-LeaderElection1] INFO  server.RaftServerConfigKeys (ConfUtils.java:logGet(44)) - raft.server.log.appender.buffer.byte-limit = 33554432 (custom)
2020-04-15 04:07:35,051 [omNode-1@group-6C22E66A003A-LeaderElection1] INFO  server.RaftServerConfigKeys (ConfUtils.java:logGet(44)) - raft.server.log.appender.buffer.element-limit = 1024 (custom)
2020-04-15 04:07:35,275 [omNode-2@group-6C22E66A003A-LeaderElection7] INFO  impl.LeaderElection (LeaderElection.java:logAndReturn(61)) - omNode-2@group-6C22E66A003A-LeaderElection7: Election TIMEOUT; received 0 response(s) [] and 0 exception(s); omNode-2@group-6C22E66A003A:t11, leader=null, voted=omNode-2, raftlog=omNode-2@group-6C22E66A003A-SegmentedRaftLog:OPENED:c-1,f-1,i0, conf=-1: [omNode-3:localhost:11644, omNode-1:localhost:11632, omNode-2:localhost:11638], old=null
2020-04-15 04:07:35,439 [omNode-2@group-6C22E66A003A-LeaderElection7] INFO  impl.LeaderElection (LeaderElection.java:askForVotes(206)) - omNode-2@group-6C22E66A003A-LeaderElection7: begin an election at term 12 for -1: [omNode-3:localhost:11644, omNode-1:localhost:11632, omNode-2:localhost:11638], old=null
2020-04-15 04:07:35,439 [omNode-1@group-6C22E66A003A-LeaderElection1] INFO  grpc.GrpcConfigKeys (ConfUtils.java:logGet(44)) - raft.grpc.server.leader.outstanding.appends.max = 128 (default)
2020-04-15 04:07:35,453 [omNode-1@group-6C22E66A003A-LeaderElection1] INFO  server.RaftServerConfigKeys (ConfUtils.java:logGet(44)) - raft.server.rpc.request.timeout = 3000ms (default)
2020-04-15 04:07:35,454 [omNode-1@group-6C22E66A003A-LeaderElection1] INFO  server.RaftServerConfigKeys (ConfUtils.java:logGet(44)) - raft.server.log.appender.install.snapshot.enabled = false (custom)
2020-04-15 04:07:35,611 [omNode-3@group-6C22E66A003A-LeaderElection6] INFO  impl.LeaderElection (LeaderElection.java:logAndReturn(61)) - omNode-3@group-6C22E66A003A-LeaderElection6: Election TIMEOUT; received 0 response(s) [] and 0 exception(s); omNode-3@group-6C22E66A003A:t11, leader=null, voted=omNode-3, raftlog=omNode-3@group-6C22E66A003A-SegmentedRaftLog:OPENED:c-1,f-1,i0, conf=-1: [omNode-3:localhost:11644, omNode-1:localhost:11632, omNode-2:localhost:11638], old=null
2020-04-15 04:07:35,798 [omNode-3@group-6C22E66A003A-LeaderElection6] INFO  impl.LeaderElection (LeaderElection.java:askForVotes(206)) - omNode-3@group-6C22E66A003A-LeaderElection6: begin an election at term 12 for -1: [omNode-3:localhost:11644, omNode-1:localhost:11632, omNode-2:localhost:11638], old=null
2020-04-15 04:07:35,810 [omNode-1@group-6C22E66A003A-LeaderElection1] INFO  server.RaftServerConfigKeys (ConfUtils.java:logGet(44)) - raft.server.log.appender.snapshot.chunk.size.max = 16MB (=16777216) (default)
2020-04-15 04:07:35,811 [omNode-1@group-6C22E66A003A-LeaderElection1] INFO  server.RaftServerConfigKeys (ConfUtils.java:logGet(44)) - raft.server.log.appender.buffer.byte-limit = 33554432 (custom)
2020-04-15 04:07:35,812 [omNode-1@group-6C22E66A003A-LeaderElection1] INFO  server.RaftServerConfigKeys (ConfUtils.java:logGet(44)) - raft.server.log.appender.buffer.element-limit = 1024 (custom)
2020-04-15 04:07:35,812 [omNode-1@group-6C22E66A003A-LeaderElection1] INFO  grpc.GrpcConfigKeys (ConfUtils.java:logGet(44)) - raft.grpc.server.leader.outstanding.appends.max = 128 (default)
2020-04-15 04:07:35,812 [omNode-1@group-6C22E66A003A-LeaderElection1] INFO  server.RaftServerConfigKeys (ConfUtils.java:logGet(44)) - raft.server.rpc.request.timeout = 3000ms (default)
2020-04-15 04:07:35,812 [omNode-1@group-6C22E66A003A-LeaderElection1] INFO  server.RaftServerConfigKeys (ConfUtils.java:logGet(44)) - raft.server.log.appender.install.snapshot.enabled = false (custom)
2020-04-15 04:07:35,851 [omNode-1@group-6C22E66A003A-LeaderElection1] INFO  impl.RoleInfo (RoleInfo.java:updateAndGet(143)) - omNode-1: start LeaderState
2020-04-15 04:07:35,890 [main] INFO  volume.HddsVolume (HddsVolume.java:<init>(177)) - Creating Volume: /github/workspace/hadoop-ozone/integration-test/target/test-dir/MiniOzoneClusterImpl-0135e7b1-1d2a-4fbb-b7c0-5297c589a039/datanode-0/data-0/containers/hdds of storage type : DISK and capacity : 9223372036854775807
2020-04-15 04:07:35,892 [main] INFO  volume.MutableVolumeSet (MutableVolumeSet.java:initializeVolumeSet(188)) - Added Volume : /github/workspace/hadoop-ozone/integration-test/target/test-dir/MiniOzoneClusterImpl-0135e7b1-1d2a-4fbb-b7c0-5297c589a039/datanode-0/data-0/containers/hdds to VolumeSet
2020-04-15 04:07:35,896 [main] INFO  volume.ThrottledAsyncChecker (ThrottledAsyncChecker.java:schedule(141)) - Scheduling a check for /github/workspace/hadoop-ozone/integration-test/target/test-dir/MiniOzoneClusterImpl-0135e7b1-1d2a-4fbb-b7c0-5297c589a039/datanode-0/data-0/containers/hdds
2020-04-15 04:07:36,425 [omNode-1@group-6C22E66A003A-LeaderElection1] INFO  segmented.SegmentedRaftLogWorker (SegmentedRaftLogWorker.java:startLogSegment(391)) - omNode-1@group-6C22E66A003A-SegmentedRaftLogWorker: Starting segment from index:0
2020-04-15 04:07:36,593 [main] INFO  volume.HddsVolumeChecker (HddsVolumeChecker.java:checkAllVolumes(200)) - Scheduled health check for volume /github/workspace/hadoop-ozone/integration-test/target/test-dir/MiniOzoneClusterImpl-0135e7b1-1d2a-4fbb-b7c0-5297c589a039/datanode-0/data-0/containers/hdds
2020-04-15 04:07:36,674 [omNode-2@group-6C22E66A003A-LeaderElection7] INFO  impl.LeaderElection (LeaderElection.java:logAndReturn(61)) - omNode-2@group-6C22E66A003A-LeaderElection7: Election TIMEOUT; received 1 response(s) [omNode-2<-omNode-3#0:FAIL-t12] and 0 exception(s); omNode-2@group-6C22E66A003A:t12, leader=null, voted=omNode-2, raftlog=omNode-2@group-6C22E66A003A-SegmentedRaftLog:OPENED:c-1,f-1,i0, conf=-1: [omNode-3:localhost:11644, omNode-1:localhost:11632, omNode-2:localhost:11638], old=null
2020-04-15 04:07:36,830 [omNode-1@group-6C22E66A003A-LeaderElection1] INFO  impl.RaftServerImpl (ServerState.java:setRaftConf(356)) - omNode-1@group-6C22E66A003A: set configuration 0: [omNode-3:localhost:11644, omNode-1:localhost:11632, omNode-2:localhost:11638], old=null at 0
2020-04-15 04:07:36,863 [grpc-default-executor-3] INFO  impl.RaftServerImpl (ServerState.java:setLeader(255)) - omNode-1@group-6C22E66A003A: change Leader from omNode-1 to null at term 12 for updateCurrentTerm
2020-04-15 04:07:36,874 [omNode-2@group-6C22E66A003A-LeaderElection7] INFO  impl.LeaderElection (LeaderElection.java:askForVotes(206)) - omNode-2@group-6C22E66A003A-LeaderElection7: begin an election at term 13 for -1: [omNode-3:localhost:11644, omNode-1:localhost:11632, omNode-2:localhost:11638], old=null
2020-04-15 04:07:36,899 [grpc-default-executor-3] INFO  impl.RaftServerImpl (RaftServerImpl.java:setRole(172)) - omNode-1@group-6C22E66A003A: changes role from    LEADER to FOLLOWER at term 12 for recognizeCandidate:omNode-3
2020-04-15 04:07:36,900 [grpc-default-executor-3] INFO  impl.RoleInfo (RoleInfo.java:shutdownLeaderState(104)) - omNode-1: shutdown LeaderState
2020-04-15 04:07:36,909 [omNode-3@group-6C22E66A003A-LeaderElection6] INFO  impl.LeaderElection (LeaderElection.java:logAndReturn(61)) - omNode-3@group-6C22E66A003A-LeaderElection6: Election TIMEOUT; received 1 response(s) [omNode-3<-omNode-2#0:FAIL-t12] and 0 exception(s); omNode-3@group-6C22E66A003A:t12, leader=null, voted=omNode-3, raftlog=omNode-3@group-6C22E66A003A-SegmentedRaftLog:OPENED:c-1,f-1,i0, conf=-1: [omNode-3:localhost:11644, omNode-1:localhost:11632, omNode-2:localhost:11638], old=null
2020-04-15 04:07:37,027 [grpc-default-executor-3] INFO  impl.PendingRequests (PendingRequests.java:sendNotLeaderResponses(240)) - omNode-1@group-6C22E66A003A-PendingRequests: sendNotLeaderResponses
2020-04-15 04:07:37,275 [omNode-3@group-6C22E66A003A-LeaderElection6] INFO  impl.LeaderElection (LeaderElection.java:askForVotes(206)) - omNode-3@group-6C22E66A003A-LeaderElection6: begin an election at term 13 for -1: [omNode-3:localhost:11644, omNode-1:localhost:11632, omNode-2:localhost:11638], old=null
2020-04-15 04:07:37,564 [grpc-default-executor-3] INFO  metrics.RatisMetrics (RatisMetrics.java:unregister(46)) - Unregistering Metrics Registry : ratis.log_appender.omNode-1@group-6C22E66A003A
2020-04-15 04:07:37,838 [grpc-default-executor-3] INFO  impl.RoleInfo (RoleInfo.java:updateAndGet(143)) - omNode-1: start FollowerState
2020-04-15 04:07:37,992 [omNode-2@group-6C22E66A003A-LeaderElection7] INFO  impl.LeaderElection (LeaderElection.java:logAndReturn(61)) - omNode-2@group-6C22E66A003A-LeaderElection7: Election TIMEOUT; received 0 response(s) [] and 0 exception(s); omNode-2@group-6C22E66A003A:t13, leader=null, voted=omNode-2, raftlog=omNode-2@group-6C22E66A003A-SegmentedRaftLog:OPENED:c-1,f-1,i0, conf=-1: [omNode-3:localhost:11644, omNode-1:localhost:11632, omNode-2:localhost:11638], old=null
2020-04-15 04:07:37,898 [grpc-default-executor-4] INFO  server.GrpcServerProtocolService (GrpcServerProtocolService.java:onCompleted(137)) - omNode-3: Completed APPEND_ENTRIES, lastRequest: null
2020-04-15 04:07:38,401 [grpc-default-executor-2] INFO  impl.RaftServerImpl (RaftServerImpl.java:setRole(172)) - omNode-1@group-6C22E66A003A: changes role from  FOLLOWER to FOLLOWER at term 12 for recognizeCandidate:omNode-2
2020-04-15 04:07:38,025 [grpc-default-executor-9] INFO  server.GrpcServerProtocolService (GrpcServerProtocolService.java:onCompleted(137)) - omNode-2: Completed APPEND_ENTRIES, lastRequest: null
2020-04-15 04:07:38,402 [grpc-default-executor-2] INFO  impl.RoleInfo (RoleInfo.java:shutdownFollowerState(121)) - omNode-1: shutdown FollowerState
2020-04-15 04:07:38,525 [grpc-default-executor-2] INFO  impl.RoleInfo (RoleInfo.java:updateAndGet(143)) - omNode-1: start FollowerState
2020-04-15 04:07:38,764 [omNode-2@group-6C22E66A003A-LeaderElection7] INFO  impl.LeaderElection (LeaderElection.java:askForVotes(206)) - omNode-2@group-6C22E66A003A-LeaderElection7: begin an election at term 14 for -1: [omNode-3:localhost:11644, omNode-1:localhost:11632, omNode-2:localhost:11638], old=null
2020-04-15 04:07:39,037 [grpc-default-executor-5] INFO  server.GrpcLogAppender (GrpcLogAppender.java:onCompleted(308)) - omNode-1@group-6C22E66A003A->omNode-2-AppendLogResponseHandler: follower responses appendEntries COMPLETED
2020-04-15 04:07:39,036 [grpc-default-executor-1] INFO  impl.RaftServerImpl (RaftServerImpl.java:setRole(172)) - omNode-1@group-6C22E66A003A: changes role from  FOLLOWER to FOLLOWER at term 13 for recognizeCandidate:omNode-2
2020-04-15 04:07:39,080 [grpc-default-executor-1] INFO  impl.RoleInfo (RoleInfo.java:shutdownFollowerState(121)) - omNode-1: shutdown FollowerState
2020-04-15 04:07:39,080 [grpc-default-executor-1] INFO  impl.RoleInfo (RoleInfo.java:updateAndGet(143)) - omNode-1: start FollowerState
2020-04-15 04:07:38,968 [grpc-default-executor-2] INFO  server.GrpcLogAppender (GrpcLogAppender.java:onCompleted(308)) - omNode-1@group-6C22E66A003A->omNode-3-AppendLogResponseHandler: follower responses appendEntries COMPLETED
2020-04-15 04:07:38,946 [omNode-3@group-6C22E66A003A-LeaderElection6] INFO  impl.LeaderElection (LeaderElection.java:logAndReturn(61)) - omNode-3@group-6C22E66A003A-LeaderElection6: Election TIMEOUT; received 0 response(s) [] and 0 exception(s); omNode-3@group-6C22E66A003A:t13, leader=null, voted=omNode-3, raftlog=omNode-3@group-6C22E66A003A-SegmentedRaftLog:OPENED:c-1,f-1,i0, conf=-1: [omNode-3:localhost:11644, omNode-1:localhost:11632, omNode-2:localhost:11638], old=null
2020-04-15 04:07:38,891 [Thread-282] INFO  impl.FollowerState (FollowerState.java:run(117)) - omNode-1@group-6C22E66A003A-FollowerState was interrupted: java.lang.InterruptedException: sleep interrupted
2020-04-15 04:07:39,081 [Thread-283] INFO  impl.FollowerState (FollowerState.java:run(117)) - omNode-1@group-6C22E66A003A-FollowerState was interrupted: java.lang.InterruptedException: sleep interrupted
2020-04-15 04:07:39,206 [omNode-3@group-6C22E66A003A-LeaderElection6] INFO  impl.LeaderElection (LeaderElection.java:askForVotes(206)) - omNode-3@group-6C22E66A003A-LeaderElection6: begin an election at term 14 for -1: [omNode-3:localhost:11644, omNode-1:localhost:11632, omNode-2:localhost:11638], old=null
2020-04-15 04:07:39,289 [grpc-default-executor-8] INFO  impl.RaftServerImpl (RaftServerImpl.java:setRole(172)) - omNode-1@group-6C22E66A003A: changes role from  FOLLOWER to FOLLOWER at term 13 for recognizeCandidate:omNode-3
2020-04-15 04:07:39,320 [grpc-default-executor-8] INFO  impl.RoleInfo (RoleInfo.java:shutdownFollowerState(121)) - omNode-1: shutdown FollowerState
2020-04-15 04:07:39,402 [grpc-default-executor-8] INFO  impl.RoleInfo (RoleInfo.java:updateAndGet(143)) - omNode-1: start FollowerState
2020-04-15 04:07:39,413 [Thread-284] INFO  impl.FollowerState (FollowerState.java:run(117)) - omNode-1@group-6C22E66A003A-FollowerState was interrupted: java.lang.InterruptedException: sleep interrupted
2020-04-15 04:07:39,705 [grpc-default-executor-2] INFO  impl.FollowerInfo (FollowerInfo.java:lambda$new$0(50)) - omNode-1@group-6C22E66A003A->omNode-3: nextIndex: updateUnconditionally 0 -> 0
2020-04-15 04:07:39,738 [grpc-default-executor-5] INFO  impl.FollowerInfo (FollowerInfo.java:lambda$new$0(50)) - omNode-1@group-6C22E66A003A->omNode-2: nextIndex: updateUnconditionally 0 -> 0
2020-04-15 04:07:39,739 [grpc-default-executor-0] INFO  impl.RaftServerImpl (RaftServerImpl.java:setRole(172)) - omNode-1@group-6C22E66A003A: changes role from  FOLLOWER to FOLLOWER at term 14 for recognizeCandidate:omNode-3
2020-04-15 04:07:41,500 [grpc-default-executor-0] INFO  impl.RoleInfo (RoleInfo.java:shutdownFollowerState(121)) - omNode-1: shutdown FollowerState
2020-04-15 04:07:41,755 [grpc-default-executor-0] INFO  impl.RoleInfo (RoleInfo.java:updateAndGet(143)) - omNode-1: start FollowerState
2020-04-15 04:07:41,431 [org.apache.hadoop.util.JvmPauseMonitor$Monitor@22437e69] INFO  util.JvmPauseMonitor (JvmPauseMonitor.java:run(205)) - Detected pause in JVM or host machine (eg GC): pause of approximately 1197ms
GC pool 'PS MarkSweep' had collection(s): count=1 time=852ms
GC pool 'PS Scavenge' had collection(s): count=1 time=134ms
2020-04-15 04:07:40,993 [omNode-3@group-6C22E66A003A-LeaderElection6] INFO  impl.LeaderElection (LeaderElection.java:logAndReturn(61)) - omNode-3@group-6C22E66A003A-LeaderElection6: Election TIMEOUT; received 0 response(s) [] and 0 exception(s); omNode-3@group-6C22E66A003A:t14, leader=null, voted=omNode-3, raftlog=omNode-3@group-6C22E66A003A-SegmentedRaftLog:OPENED:c-1,f-1,i0, conf=-1: [omNode-3:localhost:11644, omNode-1:localhost:11632, omNode-2:localhost:11638], old=null
2020-04-15 04:07:40,992 [omNode-2@group-6C22E66A003A-LeaderElection7] INFO  impl.LeaderElection (LeaderElection.java:logAndReturn(61)) - omNode-2@group-6C22E66A003A-LeaderElection7: Election TIMEOUT; received 0 response(s) [] and 0 exception(s); omNode-2@group-6C22E66A003A:t14, leader=null, voted=omNode-2, raftlog=omNode-2@group-6C22E66A003A-SegmentedRaftLog:OPENED:c-1,f-1,i0, conf=-1: [omNode-3:localhost:11644, omNode-1:localhost:11632, omNode-2:localhost:11638], old=null
2020-04-15 04:07:40,980 [Thread-289] WARN  util.JavaUtils (JavaUtils.java:sleep(246)) - Unexpected long sleep: sleep(1082ms) actually took 1566ms which is over the threshold 300ms
2020-04-15 04:07:42,045 [grpc-default-executor-1] INFO  impl.RaftServerImpl (RaftServerImpl.java:setRole(172)) - omNode-1@group-6C22E66A003A: changes role from  FOLLOWER to FOLLOWER at term 14 for recognizeCandidate:omNode-2
2020-04-15 04:07:42,045 [grpc-default-executor-1] INFO  impl.RoleInfo (RoleInfo.java:shutdownFollowerState(121)) - omNode-1: shutdown FollowerState
2020-04-15 04:07:42,045 [grpc-default-executor-1] INFO  impl.RoleInfo (RoleInfo.java:updateAndGet(143)) - omNode-1: start FollowerState
2020-04-15 04:07:42,046 [Thread-290] INFO  impl.FollowerState (FollowerState.java:run(117)) - omNode-1@group-6C22E66A003A-FollowerState was interrupted: java.lang.InterruptedException: sleep interrupted
2020-04-15 04:07:42,117 [omNode-3@group-6C22E66A003A-LeaderElection6] INFO  impl.LeaderElection (LeaderElection.java:askForVotes(206)) - omNode-3@group-6C22E66A003A-LeaderElection6: begin an election at term 15 for -1: [omNode-3:localhost:11644, omNode-1:localhost:11632, omNode-2:localhost:11638], old=null
2020-04-15 04:07:42,117 [omNode-2@group-6C22E66A003A-LeaderElection7] INFO  impl.LeaderElection (LeaderElection.java:askForVotes(206)) - omNode-2@group-6C22E66A003A-LeaderElection7: begin an election at term 15 for -1: [omNode-3:localhost:11644, omNode-1:localhost:11632, omNode-2:localhost:11638], old=null
2020-04-15 04:07:42,854 [main] INFO  impl.RaftServerProxy (ConfUtils.java:logGet(44)) - raft.rpc.type = GRPC (default)
2020-04-15 04:07:42,865 [grpc-default-executor-1] INFO  impl.RaftServerImpl (RaftServerImpl.java:setRole(172)) - omNode-1@group-6C22E66A003A: changes role from  FOLLOWER to FOLLOWER at term 15 for recognizeCandidate:omNode-3
2020-04-15 04:07:42,931 [main] INFO  grpc.GrpcFactory (GrpcFactory.java:checkPooledByteBufAllocatorUseCacheForAllThreads(45)) - PERFORMANCE WARNING: useCacheForAllThreads is true that may cause Netty to create a lot garbage objects and, as a result, trigger GC.
	It is recommended to disable useCacheForAllThreads by setting -Dorg.apache.ratis.thirdparty.io.netty.allocator.useCacheForAllThreads=false in command line.
2020-04-15 04:07:42,932 [main] INFO  grpc.GrpcConfigKeys (ConfUtils.java:logGet(44)) - raft.grpc.server.port = 0 (default)
2020-04-15 04:07:42,932 [main] INFO  server.GrpcService (ConfUtils.java:logGet(44)) - raft.grpc.message.size.max = 32MB (=33554432) (custom)
2020-04-15 04:07:42,932 [main] INFO  server.RaftServerConfigKeys (ConfUtils.java:logGet(44)) - raft.server.log.appender.buffer.byte-limit = 33554432 (custom)
2020-04-15 04:07:42,933 [main] INFO  server.GrpcService (ConfUtils.java:logGet(44)) - raft.grpc.flow.control.window = 5MB (=5242880) (custom)
2020-04-15 04:07:42,935 [main] INFO  server.RaftServerConfigKeys (ConfUtils.java:logGet(44)) - raft.server.rpc.request.timeout = 60s (custom)
2020-04-15 04:07:42,946 [grpc-default-executor-1] INFO  impl.RoleInfo (RoleInfo.java:shutdownFollowerState(121)) - omNode-1: shutdown FollowerState
2020-04-15 04:07:42,947 [Thread-291] INFO  impl.FollowerState (FollowerState.java:run(117)) - omNode-1@group-6C22E66A003A-FollowerState was interrupted: java.lang.InterruptedException: sleep interrupted
2020-04-15 04:07:42,947 [grpc-default-executor-1] INFO  impl.RoleInfo (RoleInfo.java:updateAndGet(143)) - omNode-1: start FollowerState
2020-04-15 04:07:42,962 [main] INFO  server.RaftServerConfigKeys (ConfUtils.java:logGet(44)) - raft.server.storage.dir = [/github/workspace/hadoop-ozone/integration-test/target/test-dir/MiniOzoneClusterImpl-0135e7b1-1d2a-4fbb-b7c0-5297c589a039/datanode-0/data/ratis] (custom)
2020-04-15 04:07:43,095 [grpc-default-executor-0] INFO  impl.RaftServerImpl (RaftServerImpl.java:setRole(172)) - omNode-1@group-6C22E66A003A: changes role from  FOLLOWER to FOLLOWER at term 15 for recognizeCandidate:omNode-2
2020-04-15 04:07:43,188 [grpc-default-executor-0] INFO  impl.RoleInfo (RoleInfo.java:shutdownFollowerState(121)) - omNode-1: shutdown FollowerState
2020-04-15 04:07:43,525 [Thread-296] INFO  impl.FollowerState (FollowerState.java:run(117)) - omNode-1@group-6C22E66A003A-FollowerState was interrupted: java.lang.InterruptedException: sleep interrupted
2020-04-15 04:07:43,503 [omNode-2@group-6C22E66A003A-LeaderElection7] INFO  impl.LeaderElection (LeaderElection.java:logAndReturn(61)) - omNode-2@group-6C22E66A003A-LeaderElection7: Election TIMEOUT; received 1 response(s) [omNode-2<-omNode-3#0:FAIL-t15] and 0 exception(s); omNode-2@group-6C22E66A003A:t15, leader=null, voted=omNode-2, raftlog=omNode-2@group-6C22E66A003A-SegmentedRaftLog:OPENED:c-1,f-1,i0, conf=-1: [omNode-3:localhost:11644, omNode-1:localhost:11632, omNode-2:localhost:11638], old=null
2020-04-15 04:07:43,386 [omNode-3@group-6C22E66A003A-LeaderElection6] INFO  impl.LeaderElection (LeaderElection.java:logAndReturn(61)) - omNode-3@group-6C22E66A003A-LeaderElection6: Election TIMEOUT; received 1 response(s) [omNode-3<-omNode-2#0:FAIL-t15] and 0 exception(s); omNode-3@group-6C22E66A003A:t15, leader=null, voted=omNode-3, raftlog=omNode-3@group-6C22E66A003A-SegmentedRaftLog:OPENED:c-1,f-1,i0, conf=-1: [omNode-3:localhost:11644, omNode-1:localhost:11632, omNode-2:localhost:11638], old=null
2020-04-15 04:07:43,617 [omNode-1@group-6C22E66A003A-SegmentedRaftLogWorker] INFO  segmented.SegmentedRaftLogWorker (SegmentedRaftLogWorker.java:execute(583)) - omNode-1@group-6C22E66A003A-SegmentedRaftLogWorker: created new log segment /github/workspace/hadoop-ozone/integration-test/target/test-dir/MiniOzoneClusterImpl-0135e7b1-1d2a-4fbb-b7c0-5297c589a039/omNode-1/ratis/9c9825ce-8ba7-3ee6-a7c3-6c22e66a003a/current/log_inprogress_0
2020-04-15 04:07:43,536 [grpc-default-executor-0] INFO  impl.RoleInfo (RoleInfo.java:updateAndGet(143)) - omNode-1: start FollowerState
2020-04-15 04:07:43,847 [omNode-3@group-6C22E66A003A-LeaderElection6] INFO  impl.LeaderElection (LeaderElection.java:askForVotes(206)) - omNode-3@group-6C22E66A003A-LeaderElection6: begin an election at term 16 for -1: [omNode-3:localhost:11644, omNode-1:localhost:11632, omNode-2:localhost:11638], old=null
2020-04-15 04:07:43,880 [omNode-2@group-6C22E66A003A-LeaderElection7] INFO  impl.LeaderElection (LeaderElection.java:askForVotes(206)) - omNode-2@group-6C22E66A003A-LeaderElection7: begin an election at term 16 for -1: [omNode-3:localhost:11644, omNode-1:localhost:11632, omNode-2:localhost:11638], old=null
2020-04-15 04:07:44,053 [grpc-default-executor-1] INFO  impl.RaftServerImpl (RaftServerImpl.java:setRole(172)) - omNode-1@group-6C22E66A003A: changes role from  FOLLOWER to FOLLOWER at term 16 for recognizeCandidate:omNode-3
2020-04-15 04:07:44,175 [grpc-default-executor-1] INFO  impl.RoleInfo (RoleInfo.java:shutdownFollowerState(121)) - omNode-1: shutdown FollowerState
2020-04-15 04:07:44,207 [Thread-297] INFO  impl.FollowerState (FollowerState.java:run(117)) - omNode-1@group-6C22E66A003A-FollowerState was interrupted: java.lang.InterruptedException: sleep interrupted
2020-04-15 04:07:44,241 [grpc-default-executor-1] INFO  impl.RoleInfo (RoleInfo.java:updateAndGet(143)) - omNode-1: start FollowerState
2020-04-15 04:07:44,462 [grpc-default-executor-5] INFO  impl.RaftServerImpl (RaftServerImpl.java:setRole(172)) - omNode-1@group-6C22E66A003A: changes role from  FOLLOWER to FOLLOWER at term 16 for recognizeCandidate:omNode-2
2020-04-15 04:07:44,784 [grpc-default-executor-5] INFO  impl.RoleInfo (RoleInfo.java:shutdownFollowerState(121)) - omNode-1: shutdown FollowerState
2020-04-15 04:07:44,850 [omNode-3@group-6C22E66A003A-LeaderElection6] INFO  impl.LeaderElection (LeaderElection.java:logAndReturn(61)) - omNode-3@group-6C22E66A003A-LeaderElection6: Election REJECTED; received 2 response(s) [omNode-3<-omNode-1#0:FAIL-t16, omNode-3<-omNode-2#0:FAIL-t16] and 0 exception(s); omNode-3@group-6C22E66A003A:t16, leader=null, voted=omNode-3, raftlog=omNode-3@group-6C22E66A003A-SegmentedRaftLog:OPENED:c-1,f-1,i0, conf=-1: [omNode-3:localhost:11644, omNode-1:localhost:11632, omNode-2:localhost:11638], old=null
2020-04-15 04:07:44,863 [grpc-default-executor-5] INFO  impl.RoleInfo (RoleInfo.java:updateAndGet(143)) - omNode-1: start FollowerState
2020-04-15 04:07:44,863 [Thread-302] INFO  impl.FollowerState (FollowerState.java:run(117)) - omNode-1@group-6C22E66A003A-FollowerState was interrupted: java.lang.InterruptedException: sleep interrupted
2020-04-15 04:07:45,021 [omNode-3@group-6C22E66A003A-LeaderElection6] INFO  impl.RaftServerImpl (RaftServerImpl.java:setRole(172)) - omNode-3@group-6C22E66A003A: changes role from CANDIDATE to FOLLOWER at term 16 for DISCOVERED_A_NEW_TERM
2020-04-15 04:07:45,164 [omNode-3@group-6C22E66A003A-LeaderElection6] INFO  impl.RoleInfo (RoleInfo.java:shutdownLeaderElection(134)) - omNode-3: shutdown LeaderElection
2020-04-15 04:07:45,165 [omNode-3@group-6C22E66A003A-LeaderElection6] INFO  impl.RoleInfo (RoleInfo.java:updateAndGet(143)) - omNode-3: start FollowerState
2020-04-15 04:07:45,164 [omNode-2@group-6C22E66A003A-LeaderElection7] INFO  impl.LeaderElection (LeaderElection.java:logAndReturn(61)) - omNode-2@group-6C22E66A003A-LeaderElection7: Election TIMEOUT; received 1 response(s) [omNode-2<-omNode-3#0:FAIL-t16] and 0 exception(s); omNode-2@group-6C22E66A003A:t16, leader=null, voted=omNode-2, raftlog=omNode-2@group-6C22E66A003A-SegmentedRaftLog:OPENED:c-1,f-1,i0, conf=-1: [omNode-3:localhost:11644, omNode-1:localhost:11632, omNode-2:localhost:11638], old=null
2020-04-15 04:07:45,387 [omNode-2@group-6C22E66A003A-LeaderElection7] INFO  impl.LeaderElection (LeaderElection.java:askForVotes(206)) - omNode-2@group-6C22E66A003A-LeaderElection7: begin an election at term 17 for -1: [omNode-3:localhost:11644, omNode-1:localhost:11632, omNode-2:localhost:11638], old=null
2020-04-15 04:07:45,706 [grpc-default-executor-5] INFO  impl.RaftServerImpl (RaftServerImpl.java:setRole(172)) - omNode-3@group-6C22E66A003A: changes role from  FOLLOWER to FOLLOWER at term 17 for recognizeCandidate:omNode-2
2020-04-15 04:07:45,749 [grpc-default-executor-5] INFO  impl.RoleInfo (RoleInfo.java:shutdownFollowerState(121)) - omNode-3: shutdown FollowerState
2020-04-15 04:07:45,750 [grpc-default-executor-5] INFO  impl.RoleInfo (RoleInfo.java:updateAndGet(143)) - omNode-3: start FollowerState
2020-04-15 04:07:45,717 [main] INFO  http.BaseHttpServer (BaseHttpServer.java:newHttpServer2BuilderForOzone(171)) - Starting Web-server for hddsDatanode at: http://0.0.0.0:0
2020-04-15 04:07:45,750 [Thread-304] INFO  impl.FollowerState (FollowerState.java:run(117)) - omNode-3@group-6C22E66A003A-FollowerState was interrupted: java.lang.InterruptedException: sleep interrupted
2020-04-15 04:07:45,796 [grpc-default-executor-1] INFO  impl.RaftServerImpl (RaftServerImpl.java:setRole(172)) - omNode-1@group-6C22E66A003A: changes role from  FOLLOWER to FOLLOWER at term 17 for recognizeCandidate:omNode-2
2020-04-15 04:07:45,807 [main] INFO  server.AuthenticationFilter (AuthenticationFilter.java:constructSecretProvider(240)) - Unable to initialize FileSignerSecretProvider, falling back to use random secrets.
2020-04-15 04:07:45,808 [main] WARN  http.HttpRequestLog (HttpRequestLog.java:getRequestLog(103)) - Jetty request log can only be enabled using Log4j
2020-04-15 04:07:45,819 [grpc-default-executor-1] INFO  impl.RoleInfo (RoleInfo.java:shutdownFollowerState(121)) - omNode-1: shutdown FollowerState
2020-04-15 04:07:45,819 [Thread-303] INFO  impl.FollowerState (FollowerState.java:run(117)) - omNode-1@group-6C22E66A003A-FollowerState was interrupted: java.lang.InterruptedException: sleep interrupted
2020-04-15 04:07:45,832 [grpc-default-executor-1] INFO  impl.RoleInfo (RoleInfo.java:updateAndGet(143)) - omNode-1: start FollowerState
2020-04-15 04:07:45,884 [main] INFO  http.HttpServer2 (HttpServer2.java:addGlobalFilter(970)) - Added global filter 'safety' (class=org.apache.hadoop.hdds.server.http.HttpServer2$QuotingInputFilter)
2020-04-15 04:07:45,884 [main] INFO  http.HttpServer2 (HttpServer2.java:addFilter(946)) - Added filter static_user_filter (class=org.apache.hadoop.hdds.server.http.StaticUserWebFilter$StaticUserFilter) to context hddsDatanode
2020-04-15 04:07:45,885 [main] INFO  http.HttpServer2 (HttpServer2.java:addFilter(954)) - Added filter static_user_filter (class=org.apache.hadoop.hdds.server.http.StaticUserWebFilter$StaticUserFilter) to context static
2020-04-15 04:07:45,885 [main] INFO  http.HttpServer2 (HttpServer2.java:addFilter(954)) - Added filter static_user_filter (class=org.apache.hadoop.hdds.server.http.StaticUserWebFilter$StaticUserFilter) to context logs
2020-04-15 04:07:45,885 [main] INFO  http.HttpServer2 (HttpServer2.java:bindListener(1188)) - Jetty bound to port 32971
2020-04-15 04:07:45,886 [main] INFO  server.Server (Server.java:doStart(359)) - jetty-9.4.26.v20200117; built: 2020-01-17T12:35:33.676Z; git: 7b38981d25d14afb4a12ff1f2596756144edf695; jvm 1.8.0_232-b09
2020-04-15 04:07:45,919 [main] INFO  server.session (DefaultSessionIdManager.java:doStart(333)) - DefaultSessionIdManager workerName=node0
2020-04-15 04:07:45,920 [main] INFO  server.session (DefaultSessionIdManager.java:doStart(338)) - No SessionScavenger set, using defaults
2020-04-15 04:07:45,920 [main] INFO  server.session (HouseKeeper.java:startScavenging(140)) - node0 Scavenging every 660000ms
2020-04-15 04:07:45,921 [main] INFO  handler.ContextHandler (ContextHandler.java:doStart(825)) - Started o.e.j.s.ServletContextHandler@519c8a6f{logs,/logs,file:///github/workspace/hadoop-ozone/integration-test/target/log,AVAILABLE}
2020-04-15 04:07:45,921 [main] INFO  handler.ContextHandler (ContextHandler.java:doStart(825)) - Started o.e.j.s.ServletContextHandler@1ab7b195{static,/static,jar:file:/home/user/.m2/repository/org/apache/hadoop/hadoop-hdds-container-service/0.6.0-SNAPSHOT/hadoop-hdds-container-service-0.6.0-SNAPSHOT.jar!/webapps/static,AVAILABLE}
2020-04-15 04:07:46,367 [omNode-2@group-6C22E66A003A-LeaderElection7] INFO  impl.LeaderElection (LeaderElection.java:logAndReturn(61)) - omNode-2@group-6C22E66A003A-LeaderElection7: Election PASSED; received 1 response(s) [omNode-2<-omNode-3#0:OK-t17] and 0 exception(s); omNode-2@group-6C22E66A003A:t17, leader=null, voted=omNode-2, raftlog=omNode-2@group-6C22E66A003A-SegmentedRaftLog:OPENED:c-1,f-1,i0, conf=-1: [omNode-3:localhost:11644, omNode-1:localhost:11632, omNode-2:localhost:11638], old=null
2020-04-15 04:07:46,460 [omNode-2@group-6C22E66A003A-LeaderElection7] INFO  impl.RoleInfo (RoleInfo.java:shutdownLeaderElection(134)) - omNode-2: shutdown LeaderElection
2020-04-15 04:07:46,460 [omNode-2@group-6C22E66A003A-LeaderElection7] INFO  impl.RaftServerImpl (RaftServerImpl.java:setRole(172)) - omNode-2@group-6C22E66A003A: changes role from CANDIDATE to LEADER at term 17 for changeToLeader
2020-04-15 04:07:46,460 [omNode-2@group-6C22E66A003A-LeaderElection7] INFO  impl.RaftServerImpl (ServerState.java:setLeader(255)) - omNode-2@group-6C22E66A003A: change Leader from null to omNode-2 at term 17 for becomeLeader, leader elected after 26876ms
2020-04-15 04:07:46,461 [omNode-2@group-6C22E66A003A-LeaderElection7] INFO  server.RaftServerConfigKeys (ConfUtils.java:logGet(44)) - raft.server.staging.catchup.gap = 1000 (default)
2020-04-15 04:07:46,461 [omNode-2@group-6C22E66A003A-LeaderElection7] INFO  server.RaftServerConfigKeys (ConfUtils.java:logGet(44)) - raft.server.rpc.sleep.time = 25ms (default)
2020-04-15 04:07:46,461 [omNode-2@group-6C22E66A003A-LeaderElection7] INFO  metrics.RatisMetrics (RatisMetrics.java:lambda$create$0(39)) - Creating Metrics Registry : ratis.log_appender.omNode-2@group-6C22E66A003A
2020-04-15 04:07:46,461 [omNode-2@group-6C22E66A003A-LeaderElection7] INFO  server.RaftServerConfigKeys (ConfUtils.java:logGet(44)) - raft.server.write.element-limit = 4096 (default)
2020-04-15 04:07:46,462 [omNode-2@group-6C22E66A003A-LeaderElection7] INFO  server.RaftServerConfigKeys (ConfUtils.java:logGet(44)) - raft.server.write.byte-limit = 64MB (=67108864) (default)
2020-04-15 04:07:46,462 [omNode-2@group-6C22E66A003A-LeaderElection7] INFO  server.RaftServerConfigKeys (ConfUtils.java:logGet(44)) - raft.server.watch.timeout = 10s (default)
2020-04-15 04:07:46,462 [omNode-2@group-6C22E66A003A-LeaderElection7] INFO  server.RaftServerConfigKeys (ConfUtils.java:logGet(44)) - raft.server.watch.timeout.denomination = 1s (default)
2020-04-15 04:07:46,462 [omNode-2@group-6C22E66A003A-LeaderElection7] INFO  server.RaftServerConfigKeys (ConfUtils.java:logGet(44)) - raft.server.watch.element-limit = 65536 (default)
2020-04-15 04:07:46,463 [omNode-2@group-6C22E66A003A-LeaderElection7] INFO  server.RaftServerConfigKeys (ConfUtils.java:logGet(44)) - raft.server.log.appender.snapshot.chunk.size.max = 16MB (=16777216) (default)
2020-04-15 04:07:46,463 [omNode-2@group-6C22E66A003A-LeaderElection7] INFO  server.RaftServerConfigKeys (ConfUtils.java:logGet(44)) - raft.server.log.appender.buffer.byte-limit = 33554432 (custom)
2020-04-15 04:07:46,519 [omNode-2@group-6C22E66A003A-LeaderElection7] INFO  server.RaftServerConfigKeys (ConfUtils.java:logGet(44)) - raft.server.log.appender.buffer.element-limit = 1024 (custom)
2020-04-15 04:07:46,522 [omNode-2@group-6C22E66A003A-LeaderElection7] INFO  grpc.GrpcConfigKeys (ConfUtils.java:logGet(44)) - raft.grpc.server.leader.outstanding.appends.max = 128 (default)
2020-04-15 04:07:46,522 [omNode-2@group-6C22E66A003A-LeaderElection7] INFO  server.RaftServerConfigKeys (ConfUtils.java:logGet(44)) - raft.server.rpc.request.timeout = 3000ms (default)
2020-04-15 04:07:46,522 [main] INFO  handler.ContextHandler (ContextHandler.java:doStart(825)) - Started o.e.j.w.WebAppContext@4555e3a{hddsDatanode,/,file:///tmp/jetty-0_0_0_0-32971-hadoop-hdds-container-service-0_6_0-SNAPSHOT_jar-_-any-1021537456096751794.dir/webapp/,AVAILABLE}{jar:file:/home/user/.m2/repository/org/apache/hadoop/hadoop-hdds-container-service/0.6.0-SNAPSHOT/hadoop-hdds-container-service-0.6.0-SNAPSHOT.jar!/webapps/hddsDatanode}
2020-04-15 04:07:46,546 [omNode-2@group-6C22E66A003A-LeaderElection7] INFO  server.RaftServerConfigKeys (ConfUtils.java:logGet(44)) - raft.server.log.appender.install.snapshot.enabled = false (custom)
2020-04-15 04:07:46,558 [main] INFO  server.AbstractConnector (AbstractConnector.java:doStart(330)) - Started ServerConnector@35aadef8{HTTP/1.1,[http/1.1]}{0.0.0.0:32971}
2020-04-15 04:07:46,558 [main] INFO  server.Server (Server.java:doStart(399)) - Started @81337ms
2020-04-15 04:07:46,591 [main] WARN  impl.MetricsSystemImpl (MetricsSystemImpl.java:register(276)) - Sink prometheus already exists!
2020-04-15 04:07:46,625 [omNode-2@group-6C22E66A003A-LeaderElection7] INFO  server.RaftServerConfigKeys (ConfUtils.java:logGet(44)) - raft.server.log.appender.snapshot.chunk.size.max = 16MB (=16777216) (default)
2020-04-15 04:07:46,661 [omNode-2@group-6C22E66A003A-LeaderElection7] INFO  server.RaftServerConfigKeys (ConfUtils.java:logGet(44)) - raft.server.log.appender.buffer.byte-limit = 33554432 (custom)
2020-04-15 04:07:46,661 [omNode-2@group-6C22E66A003A-LeaderElection7] INFO  server.RaftServerConfigKeys (ConfUtils.java:logGet(44)) - raft.server.log.appender.buffer.element-limit = 1024 (custom)
2020-04-15 04:07:46,661 [omNode-2@group-6C22E66A003A-LeaderElection7] INFO  grpc.GrpcConfigKeys (ConfUtils.java:logGet(44)) - raft.grpc.server.leader.outstanding.appends.max = 128 (default)
2020-04-15 04:07:46,661 [omNode-2@group-6C22E66A003A-LeaderElection7] INFO  server.RaftServerConfigKeys (ConfUtils.java:logGet(44)) - raft.server.rpc.request.timeout = 3000ms (default)
2020-04-15 04:07:46,662 [omNode-2@group-6C22E66A003A-LeaderElection7] INFO  server.RaftServerConfigKeys (ConfUtils.java:logGet(44)) - raft.server.log.appender.install.snapshot.enabled = false (custom)
2020-04-15 04:07:46,663 [omNode-2@group-6C22E66A003A-LeaderElection7] INFO  impl.RoleInfo (RoleInfo.java:updateAndGet(143)) - omNode-2: start LeaderState
2020-04-15 04:07:46,664 [omNode-2@group-6C22E66A003A-LeaderElection7] INFO  segmented.SegmentedRaftLogWorker (SegmentedRaftLogWorker.java:startLogSegment(391)) - omNode-2@group-6C22E66A003A-SegmentedRaftLogWorker: Starting segment from index:0
2020-04-15 04:07:46,742 [main] INFO  http.BaseHttpServer (BaseHttpServer.java:updateConnectorAddress(285)) - HTTP server of hddsDatanode listening at http://0.0.0.0:32971
2020-04-15 04:07:46,753 [omNode-2@group-6C22E66A003A-LeaderElection7] INFO  impl.RaftServerImpl (ServerState.java:setRaftConf(356)) - omNode-2@group-6C22E66A003A: set configuration 0: [omNode-3:localhost:11644, omNode-1:localhost:11632, omNode-2:localhost:11638], old=null at 0
2020-04-15 04:07:46,765 [omNode-2@group-6C22E66A003A-SegmentedRaftLogWorker] INFO  segmented.SegmentedRaftLogWorker (SegmentedRaftLogWorker.java:execute(583)) - omNode-2@group-6C22E66A003A-SegmentedRaftLogWorker: created new log segment /github/workspace/hadoop-ozone/integration-test/target/test-dir/MiniOzoneClusterImpl-0135e7b1-1d2a-4fbb-b7c0-5297c589a039/omNode-2/ratis/9c9825ce-8ba7-3ee6-a7c3-6c22e66a003a/current/log_inprogress_0
2020-04-15 04:07:46,853 [Thread-308] INFO  impl.FollowerState (FollowerState.java:run(108)) - omNode-1@group-6C22E66A003A-FollowerState: change to CANDIDATE, lastRpcTime:1020ms, electionTimeout:1008ms
2020-04-15 04:07:46,877 [Thread-308] INFO  impl.RoleInfo (RoleInfo.java:shutdownFollowerState(121)) - omNode-1: shutdown FollowerState
2020-04-15 04:07:46,877 [main] INFO  impl.MetricsSystemImpl (MetricsSystemImpl.java:init(158)) - HddsDatanode metrics system started (again)
2020-04-15 04:07:46,926 [Thread-307] INFO  impl.FollowerState (FollowerState.java:run(108)) - omNode-3@group-6C22E66A003A-FollowerState: change to CANDIDATE, lastRpcTime:1176ms, electionTimeout:1154ms
2020-04-15 04:07:46,926 [Thread-307] INFO  impl.RoleInfo (RoleInfo.java:shutdownFollowerState(121)) - omNode-3: shutdown FollowerState
2020-04-15 04:07:46,926 [Thread-307] INFO  impl.RaftServerImpl (RaftServerImpl.java:setRole(172)) - omNode-3@group-6C22E66A003A: changes role from  FOLLOWER to CANDIDATE at term 17 for changeToCandidate
2020-04-15 04:07:46,926 [Thread-307] INFO  impl.RoleInfo (RoleInfo.java:updateAndGet(143)) - omNode-3: start LeaderElection
2020-04-15 04:07:46,877 [Thread-308] INFO  impl.RaftServerImpl (RaftServerImpl.java:setRole(172)) - omNode-1@group-6C22E66A003A: changes role from  FOLLOWER to CANDIDATE at term 17 for changeToCandidate
2020-04-15 04:07:46,932 [Thread-308] INFO  impl.RoleInfo (RoleInfo.java:updateAndGet(143)) - omNode-1: start LeaderElection
2020-04-15 04:07:46,969 [omNode-3@group-6C22E66A003A-LeaderElection8] INFO  impl.LeaderElection (LeaderElection.java:askForVotes(206)) - omNode-3@group-6C22E66A003A-LeaderElection8: begin an election at term 18 for -1: [omNode-3:localhost:11644, omNode-1:localhost:11632, omNode-2:localhost:11638], old=null
2020-04-15 04:07:47,105 [main] INFO  ozone.HddsDatanodeService (HddsDatanodeService.java:start(204)) - HddsDatanodeService host:edabee8e3155 ip:172.17.0.2
2020-04-15 04:07:47,334 [main] INFO  volume.HddsVolume (HddsVolume.java:<init>(177)) - Creating Volume: /github/workspace/hadoop-ozone/integration-test/target/test-dir/MiniOzoneClusterImpl-0135e7b1-1d2a-4fbb-b7c0-5297c589a039/datanode-1/data-0/containers/hdds of storage type : DISK and capacity : 9223372036854775807
2020-04-15 04:07:47,455 [main] INFO  volume.MutableVolumeSet (MutableVolumeSet.java:initializeVolumeSet(188)) - Added Volume : /github/workspace/hadoop-ozone/integration-test/target/test-dir/MiniOzoneClusterImpl-0135e7b1-1d2a-4fbb-b7c0-5297c589a039/datanode-1/data-0/containers/hdds to VolumeSet
2020-04-15 04:07:47,652 [main] INFO  volume.ThrottledAsyncChecker (ThrottledAsyncChecker.java:schedule(141)) - Scheduling a check for /github/workspace/hadoop-ozone/integration-test/target/test-dir/MiniOzoneClusterImpl-0135e7b1-1d2a-4fbb-b7c0-5297c589a039/datanode-1/data-0/containers/hdds
2020-04-15 04:07:47,356 [omNode-1@group-6C22E66A003A-LeaderElection9] INFO  impl.LeaderElection (LeaderElection.java:askForVotes(206)) - omNode-1@group-6C22E66A003A-LeaderElection9: begin an election at term 18 for 0: [omNode-3:localhost:11644, omNode-1:localhost:11632, omNode-2:localhost:11638], old=null
2020-04-15 04:07:47,714 [main] INFO  volume.HddsVolumeChecker (HddsVolumeChecker.java:checkAllVolumes(200)) - Scheduled health check for volume /github/workspace/hadoop-ozone/integration-test/target/test-dir/MiniOzoneClusterImpl-0135e7b1-1d2a-4fbb-b7c0-5297c589a039/datanode-1/data-0/containers/hdds
2020-04-15 04:07:47,563 [org.apache.hadoop.util.JvmPauseMonitor$Monitor@7202a3c] INFO  util.JvmPauseMonitor (JvmPauseMonitor.java:run(188)) - Starting JVM pause monitor
2020-04-15 04:07:47,836 [grpc-default-executor-7] INFO  impl.RaftServerImpl (ServerState.java:setLeader(255)) - omNode-2@group-6C22E66A003A: change Leader from omNode-2 to null at term 18 for updateCurrentTerm
2020-04-15 04:07:47,993 [grpc-default-executor-7] INFO  impl.RaftServerImpl (RaftServerImpl.java:setRole(172)) - omNode-2@group-6C22E66A003A: changes role from    LEADER to FOLLOWER at term 18 for recognizeCandidate:omNode-3
2020-04-15 04:07:47,993 [grpc-default-executor-7] INFO  impl.RoleInfo (RoleInfo.java:shutdownLeaderState(104)) - omNode-2: shutdown LeaderState
2020-04-15 04:07:48,021 [org.apache.ratis.server.impl.LogAppender$AppenderDaemon$$Lambda$301/1038880212@3b541e5] WARN  server.GrpcLogAppender (GrpcLogAppender.java:mayWait(153)) - omNode-2@group-6C22E66A003A->omNode-3-GrpcLogAppender: Wait interrupted by java.lang.InterruptedException
2020-04-15 04:07:48,061 [org.apache.ratis.server.impl.LogAppender$AppenderDaemon$$Lambda$301/1038880212@58a03727] WARN  server.GrpcLogAppender (GrpcLogAppender.java:mayWait(153)) - omNode-2@group-6C22E66A003A->omNode-1-GrpcLogAppender: Wait interrupted by java.lang.InterruptedException
2020-04-15 04:07:48,061 [grpc-default-executor-7] INFO  impl.PendingRequests (PendingRequests.java:sendNotLeaderResponses(240)) - omNode-2@group-6C22E66A003A-PendingRequests: sendNotLeaderResponses
2020-04-15 04:07:48,154 [grpc-default-executor-7] INFO  metrics.RatisMetrics (RatisMetrics.java:unregister(46)) - Unregistering Metrics Registry : ratis.log_appender.omNode-2@group-6C22E66A003A
2020-04-15 04:07:48,188 [omNode-3@group-6C22E66A003A-LeaderElection8] INFO  impl.LeaderElection (LeaderElection.java:logAndReturn(61)) - omNode-3@group-6C22E66A003A-LeaderElection8: Election TIMEOUT; received 0 response(s) [] and 0 exception(s); omNode-3@group-6C22E66A003A:t18, leader=null, voted=omNode-3, raftlog=omNode-3@group-6C22E66A003A-SegmentedRaftLog:OPENED:c-1,f-1,i0, conf=-1: [omNode-3:localhost:11644, omNode-1:localhost:11632, omNode-2:localhost:11638], old=null
2020-04-15 04:07:48,420 [grpc-default-executor-7] INFO  impl.RoleInfo (RoleInfo.java:updateAndGet(143)) - omNode-2: start FollowerState
2020-04-15 04:07:48,596 [omNode-3@group-6C22E66A003A-LeaderElection8] INFO  impl.LeaderElection (LeaderElection.java:askForVotes(206)) - omNode-3@group-6C22E66A003A-LeaderElection8: begin an election at term 19 for -1: [omNode-3:localhost:11644, omNode-1:localhost:11632, omNode-2:localhost:11638], old=null
2020-04-15 04:07:49,006 [grpc-default-executor-1] INFO  server.GrpcServerProtocolService (GrpcServerProtocolService.java:onCompleted(137)) - omNode-3: Completed APPEND_ENTRIES, lastRequest: omNode-2->omNode-3#1-t17, previous=(t:0, i:0), leaderCommit=0, initializing? false, entries: size=1, first=(t:17, i:0), CONFIGURATIONENTRY
2020-04-15 04:07:49,207 [main] INFO  impl.RaftServerProxy (ConfUtils.java:logGet(44)) - raft.rpc.type = GRPC (default)
2020-04-15 04:07:49,207 [omNode-1@group-6C22E66A003A-LeaderElection9] INFO  impl.LeaderElection (LeaderElection.java:logAndReturn(61)) - omNode-1@group-6C22E66A003A-LeaderElection9: Election TIMEOUT; received 0 response(s) [] and 0 exception(s); omNode-1@group-6C22E66A003A:t18, leader=null, voted=omNode-1, raftlog=omNode-1@group-6C22E66A003A-SegmentedRaftLog:OPENED:c-1,f0,i0, conf=0: [omNode-3:localhost:11644, omNode-1:localhost:11632, omNode-2:localhost:11638], old=null
2020-04-15 04:07:49,208 [main] INFO  grpc.GrpcFactory (GrpcFactory.java:checkPooledByteBufAllocatorUseCacheForAllThreads(45)) - PERFORMANCE WARNING: useCacheForAllThreads is true that may cause Netty to create a lot garbage objects and, as a result, trigger GC.
	It is recommended to disable useCacheForAllThreads by setting -Dorg.apache.ratis.thirdparty.io.netty.allocator.useCacheForAllThreads=false in command line.
2020-04-15 04:07:49,208 [main] INFO  grpc.GrpcConfigKeys (ConfUtils.java:logGet(44)) - raft.grpc.server.port = 0 (default)
2020-04-15 04:07:49,208 [main] INFO  server.GrpcService (ConfUtils.java:logGet(44)) - raft.grpc.message.size.max = 32MB (=33554432) (custom)
2020-04-15 04:07:49,209 [main] INFO  server.RaftServerConfigKeys (ConfUtils.java:logGet(44)) - raft.server.log.appender.buffer.byte-limit = 33554432 (custom)
2020-04-15 04:07:49,209 [main] INFO  server.GrpcService (ConfUtils.java:logGet(44)) - raft.grpc.flow.control.window = 5MB (=5242880) (custom)
2020-04-15 04:07:49,209 [main] INFO  server.RaftServerConfigKeys (ConfUtils.java:logGet(44)) - raft.server.rpc.request.timeout = 60s (custom)
2020-04-15 04:07:49,299 [main] INFO  server.RaftServerConfigKeys (ConfUtils.java:logGet(44)) - raft.server.storage.dir = [/github/workspace/hadoop-ozone/integration-test/target/test-dir/MiniOzoneClusterImpl-0135e7b1-1d2a-4fbb-b7c0-5297c589a039/datanode-1/data/ratis] (custom)
2020-04-15 04:07:49,444 [main] INFO  http.BaseHttpServer (BaseHttpServer.java:newHttpServer2BuilderForOzone(171)) - Starting Web-server for hddsDatanode at: http://0.0.0.0:0
2020-04-15 04:07:49,851 [omNode-3@group-6C22E66A003A-LeaderElection8] INFO  impl.LeaderElection (LeaderElection.java:logAndReturn(61)) - omNode-3@group-6C22E66A003A-LeaderElection8: Election TIMEOUT; received 0 response(s) [] and 0 exception(s); omNode-3@group-6C22E66A003A:t19, leader=null, voted=omNode-3, raftlog=omNode-3@group-6C22E66A003A-SegmentedRaftLog:OPENED:c-1,f-1,i0, conf=-1: [omNode-3:localhost:11644, omNode-1:localhost:11632, omNode-2:localhost:11638], old=null
2020-04-15 04:07:49,971 [omNode-1@group-6C22E66A003A-LeaderElection9] INFO  impl.LeaderElection (LeaderElection.java:askForVotes(206)) - omNode-1@group-6C22E66A003A-LeaderElection9: begin an election at term 19 for 0: [omNode-3:localhost:11644, omNode-1:localhost:11632, omNode-2:localhost:11638], old=null
2020-04-15 04:07:50,088 [main] INFO  server.AuthenticationFilter (AuthenticationFilter.java:constructSecretProvider(240)) - Unable to initialize FileSignerSecretProvider, falling back to use random secrets.
2020-04-15 04:07:50,086 [Datanode State Machine Thread - 0] ERROR statemachine.DatanodeStateMachine (DatanodeStateMachine.java:start(232)) - Unable to finish the execution.
java.util.concurrent.TimeoutException
	at java.util.concurrent.FutureTask.get(FutureTask.java:205)
	at org.apache.hadoop.ozone.container.common.states.datanode.InitDatanodeState.await(InitDatanodeState.java:187)
	at org.apache.hadoop.ozone.container.common.states.datanode.InitDatanodeState.await(InitDatanodeState.java:51)
	at org.apache.hadoop.ozone.container.common.statemachine.StateContext.execute(StateContext.java:420)
	at org.apache.hadoop.ozone.container.common.statemachine.DatanodeStateMachine.start(DatanodeStateMachine.java:219)
	at org.apache.hadoop.ozone.container.common.statemachine.DatanodeStateMachine.lambda$startDaemon$0(DatanodeStateMachine.java:386)
	at java.lang.Thread.run(Thread.java:748)
2020-04-15 04:07:50,265 [Datanode State Machine Thread - 1] WARN  statemachine.SCMConnectionManager (SCMConnectionManager.java:addSCMServer(137)) - Trying to add an existing SCM Machine to Machines group. Ignoring the request.
2020-04-15 04:07:50,038 [grpc-default-executor-5] INFO  server.GrpcServerProtocolService (GrpcServerProtocolService.java:onCompleted(137)) - omNode-1: Completed APPEND_ENTRIES, lastRequest: omNode-2->omNode-1#1-t17, previous=(t:0, i:0), leaderCommit=0, initializing? false, entries: size=1, first=(t:17, i:0), CONFIGURATIONENTRY
2020-04-15 04:07:49,861 [Thread-330] INFO  impl.FollowerState (FollowerState.java:run(108)) - omNode-2@group-6C22E66A003A-FollowerState: change to CANDIDATE, lastRpcTime:1441ms, electionTimeout:1162ms
2020-04-15 04:07:50,427 [Thread-330] INFO  impl.RoleInfo (RoleInfo.java:shutdownFollowerState(121)) - omNode-2: shutdown FollowerState
2020-04-15 04:07:50,428 [Thread-330] INFO  impl.RaftServerImpl (RaftServerImpl.java:setRole(172)) - omNode-2@group-6C22E66A003A: changes role from  FOLLOWER to CANDIDATE at term 18 for changeToCandidate
2020-04-15 04:07:50,428 [Thread-330] INFO  impl.RoleInfo (RoleInfo.java:updateAndGet(143)) - omNode-2: start LeaderElection
2020-04-15 04:07:50,362 [omNode-3@group-6C22E66A003A-LeaderElection8] INFO  impl.LeaderElection (LeaderElection.java:askForVotes(206)) - omNode-3@group-6C22E66A003A-LeaderElection8: begin an election at term 20 for -1: [omNode-3:localhost:11644, omNode-1:localhost:11632, omNode-2:localhost:11638], old=null
2020-04-15 04:07:50,198 [main] WARN  http.HttpRequestLog (HttpRequestLog.java:getRequestLog(103)) - Jetty request log can only be enabled using Log4j
2020-04-15 04:07:50,440 [grpc-default-executor-2] INFO  impl.RaftServerImpl (RaftServerImpl.java:setRole(172)) - omNode-2@group-6C22E66A003A: changes role from CANDIDATE to FOLLOWER at term 19 for recognizeCandidate:omNode-3
2020-04-15 04:07:51,323 [grpc-default-executor-2] INFO  impl.RoleInfo (RoleInfo.java:shutdownLeaderElection(134)) - omNode-2: shutdown LeaderElection
2020-04-15 04:07:51,309 [grpc-default-executor-5] INFO  impl.RaftServerImpl (RaftServerImpl.java:setRole(172)) - omNode-1@group-6C22E66A003A: changes role from CANDIDATE to FOLLOWER at term 20 for recognizeCandidate:omNode-3
2020-04-15 04:07:51,212 [omNode-1@group-6C22E66A003A-LeaderElection9] INFO  impl.LeaderElection (LeaderElection.java:logAndReturn(61)) - omNode-1@group-6C22E66A003A-LeaderElection9: Election DISCOVERED_A_NEW_TERM; received 1 response(s) [omNode-1<-omNode-3#0:FAIL-t20] and 0 exception(s); omNode-1@group-6C22E66A003A:t19, leader=null, voted=omNode-1, raftlog=omNode-1@group-6C22E66A003A-SegmentedRaftLog:OPENED:c-1,f0,i0, conf=0: [omNode-3:localhost:11644, omNode-1:localhost:11632, omNode-2:localhost:11638], old=null
2020-04-15 04:07:50,938 [java.util.concurrent.ThreadPoolExecutor$Worker@4ed265c7[State = -1, empty queue]] WARN  server.GrpcLogAppender (GrpcLogAppender.java:timeoutAppendRequest(212)) - omNode-2@group-6C22E66A003A->omNode-3-GrpcLogAppender: HEARTBEAT appendEntries Timeout, request=AppendEntriesRequest:cid=2,entriesCount=0,lastEntry=null
2020-04-15 04:07:50,762 [main] INFO  http.HttpServer2 (HttpServer2.java:addGlobalFilter(970)) - Added global filter 'safety' (class=org.apache.hadoop.hdds.server.http.HttpServer2$QuotingInputFilter)
2020-04-15 04:07:51,510 [grpc-default-executor-2] INFO  impl.RoleInfo (RoleInfo.java:updateAndGet(143)) - omNode-2: start FollowerState
2020-04-15 04:07:51,510 [grpc-default-executor-5] INFO  impl.RoleInfo (RoleInfo.java:shutdownLeaderElection(134)) - omNode-1: shutdown LeaderElection
2020-04-15 04:07:51,523 [main] INFO  http.HttpServer2 (HttpServer2.java:addFilter(946)) - Added filter static_user_filter (class=org.apache.hadoop.hdds.server.http.StaticUserWebFilter$StaticUserFilter) to context hddsDatanode
2020-04-15 04:07:51,523 [main] INFO  http.HttpServer2 (HttpServer2.java:addFilter(954)) - Added filter static_user_filter (class=org.apache.hadoop.hdds.server.http.StaticUserWebFilter$StaticUserFilter) to context static
2020-04-15 04:07:51,523 [main] INFO  http.HttpServer2 (HttpServer2.java:addFilter(954)) - Added filter static_user_filter (class=org.apache.hadoop.hdds.server.http.StaticUserWebFilter$StaticUserFilter) to context logs
2020-04-15 04:07:51,524 [main] INFO  http.HttpServer2 (HttpServer2.java:bindListener(1188)) - Jetty bound to port 46279
2020-04-15 04:07:51,524 [main] INFO  server.Server (Server.java:doStart(359)) - jetty-9.4.26.v20200117; built: 2020-01-17T12:35:33.676Z; git: 7b38981d25d14afb4a12ff1f2596756144edf695; jvm 1.8.0_232-b09
2020-04-15 04:07:51,561 [java.util.concurrent.ThreadPoolExecutor$Worker@4ed265c7[State = -1, empty queue]] WARN  server.GrpcLogAppender (GrpcLogAppender.java:timeoutAppendRequest(212)) - omNode-2@group-6C22E66A003A->omNode-1-GrpcLogAppender: HEARTBEAT appendEntries Timeout, request=AppendEntriesRequest:cid=2,entriesCount=0,lastEntry=null
2020-04-15 04:07:51,563 [grpc-default-executor-5] INFO  impl.RoleInfo (RoleInfo.java:updateAndGet(143)) - omNode-1: start FollowerState
2020-04-15 04:07:51,650 [omNode-3@group-6C22E66A003A-LeaderElection8] INFO  impl.LeaderElection (LeaderElection.java:logAndReturn(61)) - omNode-3@group-6C22E66A003A-LeaderElection8: Election TIMEOUT; received 0 response(s) [] and 0 exception(s); omNode-3@group-6C22E66A003A:t20, leader=null, voted=omNode-3, raftlog=omNode-3@group-6C22E66A003A-SegmentedRaftLog:OPENED:c-1,f-1,i0, conf=-1: [omNode-3:localhost:11644, omNode-1:localhost:11632, omNode-2:localhost:11638], old=null
2020-04-15 04:07:51,686 [grpc-default-executor-0] INFO  impl.RaftServerImpl (RaftServerImpl.java:setRole(172)) - omNode-2@group-6C22E66A003A: changes role from  FOLLOWER to FOLLOWER at term 19 for recognizeCandidate:omNode-1
2020-04-15 04:07:51,725 [grpc-default-executor-0] INFO  impl.RoleInfo (RoleInfo.java:shutdownFollowerState(121)) - omNode-2: shutdown FollowerState
2020-04-15 04:07:51,725 [omNode-3@group-6C22E66A003A-LeaderElection8] INFO  impl.LeaderElection (LeaderElection.java:askForVotes(206)) - omNode-3@group-6C22E66A003A-LeaderElection8: begin an election at term 21 for -1: [omNode-3:localhost:11644, omNode-1:localhost:11632, omNode-2:localhost:11638], old=null
2020-04-15 04:07:51,835 [main] INFO  server.session (DefaultSessionIdManager.java:doStart(333)) - DefaultSessionIdManager workerName=node0
2020-04-15 04:07:51,835 [main] INFO  server.session (DefaultSessionIdManager.java:doStart(338)) - No SessionScavenger set, using defaults
2020-04-15 04:07:51,836 [main] INFO  server.session (HouseKeeper.java:startScavenging(140)) - node0 Scavenging every 660000ms
2020-04-15 04:07:51,837 [main] INFO  handler.ContextHandler (ContextHandler.java:doStart(825)) - Started o.e.j.s.ServletContextHandler@58b36cce{logs,/logs,file:///github/workspace/hadoop-ozone/integration-test/target/log,AVAILABLE}
2020-04-15 04:07:51,837 [main] INFO  handler.ContextHandler (ContextHandler.java:doStart(825)) - Started o.e.j.s.ServletContextHandler@5f549033{static,/static,jar:file:/home/user/.m2/repository/org/apache/hadoop/hadoop-hdds-container-service/0.6.0-SNAPSHOT/hadoop-hdds-container-service-0.6.0-SNAPSHOT.jar!/webapps/static,AVAILABLE}
2020-04-15 04:07:51,926 [grpc-default-executor-0] INFO  impl.RoleInfo (RoleInfo.java:updateAndGet(143)) - omNode-2: start FollowerState
2020-04-15 04:07:51,927 [Thread-339] INFO  impl.FollowerState (FollowerState.java:run(117)) - omNode-2@group-6C22E66A003A-FollowerState was interrupted: java.lang.InterruptedException: sleep interrupted
2020-04-15 04:07:52,075 [grpc-default-executor-8] INFO  impl.RaftServerImpl (RaftServerImpl.java:setRole(172)) - omNode-2@group-6C22E66A003A: changes role from  FOLLOWER to FOLLOWER at term 20 for recognizeCandidate:omNode-3
2020-04-15 04:07:52,086 [grpc-default-executor-8] INFO  impl.RoleInfo (RoleInfo.java:shutdownFollowerState(121)) - omNode-2: shutdown FollowerState
2020-04-15 04:07:52,087 [grpc-default-executor-8] INFO  impl.RoleInfo (RoleInfo.java:updateAndGet(143)) - omNode-2: start FollowerState
2020-04-15 04:07:52,343 [Datanode State Machine Thread - 0] ERROR statemachine.DatanodeStateMachine (DatanodeStateMachine.java:start(232)) - Unable to finish the execution.
java.util.concurrent.TimeoutException
	at java.util.concurrent.FutureTask.get(FutureTask.java:205)
	at org.apache.hadoop.ozone.container.common.states.datanode.InitDatanodeState.await(InitDatanodeState.java:187)
	at org.apache.hadoop.ozone.container.common.states.datanode.InitDatanodeState.await(InitDatanodeState.java:51)
	at org.apache.hadoop.ozone.container.common.statemachine.StateContext.execute(StateContext.java:420)
	at org.apache.hadoop.ozone.container.common.statemachine.DatanodeStateMachine.start(DatanodeStateMachine.java:219)
	at org.apache.hadoop.ozone.container.common.statemachine.DatanodeStateMachine.lambda$startDaemon$0(DatanodeStateMachine.java:386)
	at java.lang.Thread.run(Thread.java:748)
2020-04-15 04:07:52,453 [Datanode State Machine Thread - 2] WARN  statemachine.SCMConnectionManager (SCMConnectionManager.java:addSCMServer(137)) - Trying to add an existing SCM Machine to Machines group. Ignoring the request.
2020-04-15 04:07:52,612 [grpc-default-executor-8] INFO  impl.RaftServerImpl (RaftServerImpl.java:setRole(172)) - omNode-1@group-6C22E66A003A: changes role from  FOLLOWER to FOLLOWER at term 21 for recognizeCandidate:omNode-3
2020-04-15 04:07:52,612 [grpc-default-executor-8] INFO  impl.RoleInfo (RoleInfo.java:shutdownFollowerState(121)) - omNode-1: shutdown FollowerState
2020-04-15 04:07:52,612 [grpc-default-executor-8] INFO  impl.RoleInfo (RoleInfo.java:updateAndGet(143)) - omNode-1: start FollowerState
2020-04-15 04:07:52,612 [Thread-340] INFO  impl.FollowerState (FollowerState.java:run(117)) - omNode-1@group-6C22E66A003A-FollowerState was interrupted: java.lang.InterruptedException: sleep interrupted
2020-04-15 04:07:52,745 [omNode-2@group-6C22E66A003A-LeaderElection10] INFO  impl.LeaderElection (LeaderElection.java:askForVotes(206)) - omNode-2@group-6C22E66A003A-LeaderElection10: begin an election at term 21 for 0: [omNode-3:localhost:11644, omNode-1:localhost:11632, omNode-2:localhost:11638], old=null
2020-04-15 04:07:52,756 [grpc-default-executor-7] INFO  server.GrpcLogAppender (GrpcLogAppender.java:onCompleted(308)) - omNode-2@group-6C22E66A003A->omNode-3-AppendLogResponseHandler: follower responses appendEntries COMPLETED
2020-04-15 04:07:52,899 [grpc-default-executor-11] INFO  server.GrpcLogAppender (GrpcLogAppender.java:onCompleted(308)) - omNode-2@group-6C22E66A003A->omNode-1-AppendLogResponseHandler: follower responses appendEntries COMPLETED
2020-04-15 04:07:52,957 [grpc-default-executor-7] INFO  impl.FollowerInfo (FollowerInfo.java:lambda$new$0(50)) - omNode-2@group-6C22E66A003A->omNode-3: nextIndex: updateUnconditionally 1 -> 0
2020-04-15 04:07:53,063 [omNode-2@group-6C22E66A003A-LeaderElection10] INFO  impl.LeaderElection (LeaderElection.java:logAndReturn(61)) - omNode-2@group-6C22E66A003A-LeaderElection10: Election REJECTED; received 0 response(s) [] and 0 exception(s); omNode-2@group-6C22E66A003A:t21, leader=null, voted=omNode-2, raftlog=omNode-2@group-6C22E66A003A-SegmentedRaftLog:OPENED:c0,f0,i0, conf=0: [omNode-3:localhost:11644, omNode-1:localhost:11632, omNode-2:localhost:11638], old=null
2020-04-15 04:07:53,002 [grpc-default-executor-11] INFO  impl.FollowerInfo (FollowerInfo.java:lambda$new$0(50)) - omNode-2@group-6C22E66A003A->omNode-1: nextIndex: updateUnconditionally 1 -> 0
2020-04-15 04:07:54,003 [Thread-353] INFO  impl.FollowerState (FollowerState.java:run(108)) - omNode-1@group-6C22E66A003A-FollowerState: change to CANDIDATE, lastRpcTime:1390ms, electionTimeout:1174ms
2020-04-15 04:07:54,191 [Thread-353] INFO  impl.RoleInfo (RoleInfo.java:shutdownFollowerState(121)) - omNode-1: shutdown FollowerState
2020-04-15 04:07:54,191 [Thread-353] INFO  impl.RaftServerImpl (RaftServerImpl.java:setRole(172)) - omNode-1@group-6C22E66A003A: changes role from  FOLLOWER to CANDIDATE at term 21 for changeToCandidate
2020-04-15 04:07:54,192 [Thread-353] INFO  impl.RoleInfo (RoleInfo.java:updateAndGet(143)) - omNode-1: start LeaderElection
2020-04-15 04:07:53,593 [omNode-3@group-6C22E66A003A-LeaderElection8] INFO  impl.LeaderElection (LeaderElection.java:logAndReturn(61)) - omNode-3@group-6C22E66A003A-LeaderElection8: Election TIMEOUT; received 1 response(s) [omNode-3<-omNode-2#0:FAIL-t21] and 0 exception(s); omNode-3@group-6C22E66A003A:t21, leader=null, voted=omNode-3, raftlog=omNode-3@group-6C22E66A003A-SegmentedRaftLog:OPENED:c-1,f-1,i0, conf=-1: [omNode-3:localhost:11644, omNode-1:localhost:11632, omNode-2:localhost:11638], old=null
2020-04-15 04:07:53,497 [Thread-352] WARN  util.JavaUtils (JavaUtils.java:sleep(246)) - Unexpected long sleep: sleep(1082ms) actually took 1398ms which is over the threshold 300ms
2020-04-15 04:07:54,601 [omNode-3@group-6C22E66A003A-LeaderElection8] INFO  impl.LeaderElection (LeaderElection.java:askForVotes(206)) - omNode-3@group-6C22E66A003A-LeaderElection8: begin an election at term 22 for -1: [omNode-3:localhost:11644, omNode-1:localhost:11632, omNode-2:localhost:11638], old=null
2020-04-15 04:07:54,623 [omNode-1@group-6C22E66A003A-LeaderElection11] INFO  impl.LeaderElection (LeaderElection.java:askForVotes(206)) - omNode-1@group-6C22E66A003A-LeaderElection11: begin an election at term 22 for 0: [omNode-3:localhost:11644, omNode-1:localhost:11632, omNode-2:localhost:11638], old=null
2020-04-15 04:07:55,121 [main] INFO  handler.ContextHandler (ContextHandler.java:doStart(825)) - Started o.e.j.w.WebAppContext@6212f34f{hddsDatanode,/,file:///tmp/jetty-0_0_0_0-46279-hadoop-hdds-container-service-0_6_0-SNAPSHOT_jar-_-any-3188882448373796191.dir/webapp/,AVAILABLE}{jar:file:/home/user/.m2/repository/org/apache/hadoop/hadoop-hdds-container-service/0.6.0-SNAPSHOT/hadoop-hdds-container-service-0.6.0-SNAPSHOT.jar!/webapps/hddsDatanode}
2020-04-15 04:07:55,331 [Thread-352] INFO  impl.FollowerState (FollowerState.java:run(108)) - omNode-2@group-6C22E66A003A-FollowerState: change to CANDIDATE, lastRpcTime:3244ms, electionTimeout:1132ms
2020-04-15 04:07:55,469 [Thread-352] INFO  impl.RoleInfo (RoleInfo.java:shutdownFollowerState(121)) - omNode-2: shutdown FollowerState
2020-04-15 04:07:55,469 [Thread-352] INFO  impl.RaftServerImpl (RaftServerImpl.java:setRole(172)) - omNode-2@group-6C22E66A003A: changes role from  FOLLOWER to CANDIDATE at term 21 for changeToCandidate
2020-04-15 04:07:55,599 [main] INFO  server.AbstractConnector (AbstractConnector.java:doStart(330)) - Started ServerConnector@c5cb3e0{HTTP/1.1,[http/1.1]}{0.0.0.0:46279}
2020-04-15 04:07:55,698 [main] INFO  server.Server (Server.java:doStart(399)) - Started @90477ms
2020-04-15 04:07:56,041 [main] WARN  impl.MetricsSystemImpl (MetricsSystemImpl.java:register(276)) - Sink prometheus already exists!
2020-04-15 04:07:55,698 [Thread-352] INFO  impl.RoleInfo (RoleInfo.java:updateAndGet(143)) - omNode-2: start LeaderElection
2020-04-15 04:07:56,473 [main] INFO  http.BaseHttpServer (BaseHttpServer.java:updateConnectorAddress(285)) - HTTP server of hddsDatanode listening at http://0.0.0.0:46279
2020-04-15 04:07:56,473 [omNode-1@group-6C22E66A003A-LeaderElection11] INFO  impl.LeaderElection (LeaderElection.java:logAndReturn(61)) - omNode-1@group-6C22E66A003A-LeaderElection11: Election TIMEOUT; received 0 response(s) [] and 0 exception(s); omNode-1@group-6C22E66A003A:t22, leader=null, voted=omNode-1, raftlog=omNode-1@group-6C22E66A003A-SegmentedRaftLog:OPENED:c-1,f0,i0, conf=0: [omNode-3:localhost:11644, omNode-1:localhost:11632, omNode-2:localhost:11638], old=null
2020-04-15 04:07:56,039 [omNode-3@group-6C22E66A003A-LeaderElection8] INFO  impl.LeaderElection (LeaderElection.java:logAndReturn(61)) - omNode-3@group-6C22E66A003A-LeaderElection8: Election TIMEOUT; received 0 response(s) [] and 0 exception(s); omNode-3@group-6C22E66A003A:t22, leader=null, voted=omNode-3, raftlog=omNode-3@group-6C22E66A003A-SegmentedRaftLog:OPENED:c-1,f-1,i0, conf=-1: [omNode-3:localhost:11644, omNode-1:localhost:11632, omNode-2:localhost:11638], old=null
2020-04-15 04:07:56,616 [grpc-default-executor-8] INFO  impl.RaftServerImpl (RaftServerImpl.java:setRole(172)) - omNode-2@group-6C22E66A003A: changes role from CANDIDATE to FOLLOWER at term 22 for recognizeCandidate:omNode-1
2020-04-15 04:07:56,874 [grpc-default-executor-8] INFO  impl.RoleInfo (RoleInfo.java:shutdownLeaderElection(134)) - omNode-2: shutdown LeaderElection
2020-04-15 04:07:56,874 [grpc-default-executor-8] INFO  impl.RoleInfo (RoleInfo.java:updateAndGet(143)) - omNode-2: start FollowerState
2020-04-15 04:07:57,104 [omNode-1@group-6C22E66A003A-LeaderElection11] INFO  impl.LeaderElection (LeaderElection.java:askForVotes(206)) - omNode-1@group-6C22E66A003A-LeaderElection11: begin an election at term 23 for 0: [omNode-3:localhost:11644, omNode-1:localhost:11632, omNode-2:localhost:11638], old=null
2020-04-15 04:07:57,231 [Datanode State Machine Thread - 0] INFO  datanode.InitDatanodeState (InitDatanodeState.java:persistContainerDatanodeDetails(147)) - DatanodeDetails is persisted to /github/workspace/hadoop-ozone/integration-test/target/test-dir/MiniOzoneClusterImpl-0135e7b1-1d2a-4fbb-b7c0-5297c589a039/datanode-0/meta/datanode.id
2020-04-15 04:07:57,188 [omNode-3@group-6C22E66A003A-LeaderElection8] INFO  impl.LeaderElection (LeaderElection.java:askForVotes(206)) - omNode-3@group-6C22E66A003A-LeaderElection8: begin an election at term 23 for -1: [omNode-3:localhost:11644, omNode-1:localhost:11632, omNode-2:localhost:11638], old=null
2020-04-15 04:07:57,162 [main] INFO  impl.MetricsSystemImpl (MetricsSystemImpl.java:init(158)) - HddsDatanode metrics system started (again)
2020-04-15 04:07:57,650 [grpc-default-executor-11] INFO  impl.RaftServerImpl (RaftServerImpl.java:setRole(172)) - omNode-2@group-6C22E66A003A: changes role from  FOLLOWER to FOLLOWER at term 22 for recognizeCandidate:omNode-3
2020-04-15 04:07:57,459 [org.apache.hadoop.util.JvmPauseMonitor$Monitor@4ef3ffb3] INFO  util.JvmPauseMonitor (JvmPauseMonitor.java:run(188)) - Starting JVM pause monitor
2020-04-15 04:07:57,968 [grpc-default-executor-11] INFO  impl.RoleInfo (RoleInfo.java:shutdownFollowerState(121)) - omNode-2: shutdown FollowerState
2020-04-15 04:07:57,738 [Datanode State Machine Thread - 1] INFO  datanode.InitDatanodeState (InitDatanodeState.java:persistContainerDatanodeDetails(147)) - DatanodeDetails is persisted to /github/workspace/hadoop-ozone/integration-test/target/test-dir/MiniOzoneClusterImpl-0135e7b1-1d2a-4fbb-b7c0-5297c589a039/datanode-0/meta/datanode.id
2020-04-15 04:07:58,068 [Thread-363] INFO  impl.FollowerState (FollowerState.java:run(117)) - omNode-2@group-6C22E66A003A-FollowerState was interrupted: java.lang.InterruptedException: sleep interrupted
2020-04-15 04:07:58,179 [grpc-default-executor-11] INFO  impl.RoleInfo (RoleInfo.java:updateAndGet(143)) - omNode-2: start FollowerState
2020-04-15 04:07:58,135 [Datanode State Machine Thread - 0] INFO  datanode.InitDatanodeState (InitDatanodeState.java:persistContainerDatanodeDetails(147)) - DatanodeDetails is persisted to /github/workspace/hadoop-ozone/integration-test/target/test-dir/MiniOzoneClusterImpl-0135e7b1-1d2a-4fbb-b7c0-5297c589a039/datanode-1/meta/datanode.id
2020-04-15 04:07:58,570 [omNode-1@group-6C22E66A003A-LeaderElection11] INFO  impl.LeaderElection (LeaderElection.java:logAndReturn(61)) - omNode-1@group-6C22E66A003A-LeaderElection11: Election TIMEOUT; received 0 response(s) [] and 0 exception(s); omNode-1@group-6C22E66A003A:t23, leader=null, voted=omNode-1, raftlog=omNode-1@group-6C22E66A003A-SegmentedRaftLog:OPENED:c-1,f0,i0, conf=0: [omNode-3:localhost:11644, omNode-1:localhost:11632, omNode-2:localhost:11638], old=null
2020-04-15 04:07:58,749 [Datanode State Machine Thread - 2] WARN  statemachine.EndpointStateMachine (EndpointStateMachine.java:logIfNeeded(217)) - Unable to communicate to SCM server at 0.0.0.0:40289 for past 0 seconds.
java.net.SocketTimeoutException: Call From edabee8e3155/172.17.0.2 to 0.0.0.0:40289 failed on socket timeout exception: java.net.SocketTimeoutException: 1000 millis timeout while waiting for channel to be ready for read. ch : java.nio.channels.SocketChannel[connected local=/172.17.0.2:46844 remote=/0.0.0.0:40289]; For more details see:  http://wiki.apache.org/hadoop/SocketTimeout
	at sun.reflect.NativeConstructorAccessorImpl.newInstance0(Native Method)
	at sun.reflect.NativeConstructorAccessorImpl.newInstance(NativeConstructorAccessorImpl.java:62)
	at sun.reflect.DelegatingConstructorAccessorImpl.newInstance(DelegatingConstructorAccessorImpl.java:45)
	at java.lang.reflect.Constructor.newInstance(Constructor.java:423)
	at org.apache.hadoop.net.NetUtils.wrapWithMessage(NetUtils.java:831)
	at org.apache.hadoop.net.NetUtils.wrapException(NetUtils.java:775)
	at org.apache.hadoop.ipc.Client.getRpcResponse(Client.java:1515)
	at org.apache.hadoop.ipc.Client.call(Client.java:1457)
	at org.apache.hadoop.ipc.Client.call(Client.java:1367)
	at org.apache.hadoop.ipc.ProtobufRpcEngine$Invoker.invoke(ProtobufRpcEngine.java:228)
	at org.apache.hadoop.ipc.ProtobufRpcEngine$Invoker.invoke(ProtobufRpcEngine.java:116)
	at com.sun.proxy.$Proxy40.submitRequest(Unknown Source)
	at org.apache.hadoop.ozone.protocolPB.StorageContainerDatanodeProtocolClientSideTranslatorPB.submitRequest(StorageContainerDatanodeProtocolClientSideTranslatorPB.java:116)
	at org.apache.hadoop.ozone.protocolPB.StorageContainerDatanodeProtocolClientSideTranslatorPB.getVersion(StorageContainerDatanodeProtocolClientSideTranslatorPB.java:132)
	at org.apache.hadoop.ozone.container.common.states.endpoint.VersionEndpointTask.call(VersionEndpointTask.java:71)
	at org.apache.hadoop.ozone.container.common.states.endpoint.VersionEndpointTask.call(VersionEndpointTask.java:42)
	at java.util.concurrent.FutureTask.run(FutureTask.java:266)
	at java.util.concurrent.Executors$RunnableAdapter.call(Executors.java:511)
	at java.util.concurrent.FutureTask.run(FutureTask.java:266)
	at java.util.concurrent.ThreadPoolExecutor.runWorker(ThreadPoolExecutor.java:1149)
	at java.util.concurrent.ThreadPoolExecutor$Worker.run(ThreadPoolExecutor.java:624)
	at java.lang.Thread.run(Thread.java:748)
Caused by: java.net.SocketTimeoutException: 1000 millis timeout while waiting for channel to be ready for read. ch : java.nio.channels.SocketChannel[connected local=/172.17.0.2:46844 remote=/0.0.0.0:40289]
	at org.apache.hadoop.net.SocketIOWithTimeout.doIO(SocketIOWithTimeout.java:164)
	at org.apache.hadoop.net.SocketInputStream.read(SocketInputStream.java:161)
	at org.apache.hadoop.net.SocketInputStream.read(SocketInputStream.java:131)
	at java.io.FilterInputStream.read(FilterInputStream.java:133)
	at java.io.BufferedInputStream.fill(BufferedInputStream.java:246)
	at java.io.BufferedInputStream.read(BufferedInputStream.java:265)
	at java.io.FilterInputStream.read(FilterInputStream.java:83)
	at java.io.FilterInputStream.read(FilterInputStream.java:83)
	at org.apache.hadoop.ipc.Client$Connection$PingInputStream.read(Client.java:557)
	at java.io.DataInputStream.readInt(DataInputStream.java:387)
	at org.apache.hadoop.ipc.Client$IpcStreams.readResponse(Client.java:1816)
	at org.apache.hadoop.ipc.Client$Connection.receiveRpcResponse(Client.java:1173)
	at org.apache.hadoop.ipc.Client$Connection.run(Client.java:1069)
2020-04-15 04:07:58,694 [main] INFO  ozone.HddsDatanodeService (HddsDatanodeService.java:start(204)) - HddsDatanodeService host:edabee8e3155 ip:172.17.0.2
2020-04-15 04:07:59,496 [omNode-1@group-6C22E66A003A-LeaderElection11] INFO  impl.LeaderElection (LeaderElection.java:askForVotes(206)) - omNode-1@group-6C22E66A003A-LeaderElection11: begin an election at term 24 for 0: [omNode-3:localhost:11644, omNode-1:localhost:11632, omNode-2:localhost:11638], old=null
2020-04-15 04:07:59,485 [Thread-370] INFO  impl.FollowerState (FollowerState.java:run(108)) - omNode-2@group-6C22E66A003A-FollowerState: change to CANDIDATE, lastRpcTime:1461ms, electionTimeout:1150ms
2020-04-15 04:08:00,388 [Thread-370] INFO  impl.RoleInfo (RoleInfo.java:shutdownFollowerState(121)) - omNode-2: shutdown FollowerState
2020-04-15 04:07:59,043 [omNode-2@group-6C22E66A003A-LeaderElection12] INFO  impl.LeaderElection (LeaderElection.java:askForVotes(206)) - omNode-2@group-6C22E66A003A-LeaderElection12: begin an election at term 23 for 0: [omNode-3:localhost:11644, omNode-1:localhost:11632, omNode-2:localhost:11638], old=null
2020-04-15 04:07:59,032 [omNode-3@group-6C22E66A003A-LeaderElection8] INFO  impl.LeaderElection (LeaderElection.java:logAndReturn(61)) - omNode-3@group-6C22E66A003A-LeaderElection8: Election TIMEOUT; received 0 response(s) [] and 0 exception(s); omNode-3@group-6C22E66A003A:t23, leader=null, voted=omNode-3, raftlog=omNode-3@group-6C22E66A003A-SegmentedRaftLog:OPENED:c-1,f-1,i0, conf=-1: [omNode-3:localhost:11644, omNode-1:localhost:11632, omNode-2:localhost:11638], old=null
2020-04-15 04:08:00,605 [Thread-370] INFO  impl.RaftServerImpl (RaftServerImpl.java:setRole(172)) - omNode-2@group-6C22E66A003A: changes role from  FOLLOWER to CANDIDATE at term 23 for changeToCandidate
2020-04-15 04:08:00,212 [main] INFO  volume.HddsVolume (HddsVolume.java:<init>(177)) - Creating Volume: /github/workspace/hadoop-ozone/integration-test/target/test-dir/MiniOzoneClusterImpl-0135e7b1-1d2a-4fbb-b7c0-5297c589a039/datanode-2/data-0/containers/hdds of storage type : DISK and capacity : 9223372036854775807
2020-04-15 04:08:00,605 [main] INFO  volume.MutableVolumeSet (MutableVolumeSet.java:initializeVolumeSet(188)) - Added Volume : /github/workspace/hadoop-ozone/integration-test/target/test-dir/MiniOzoneClusterImpl-0135e7b1-1d2a-4fbb-b7c0-5297c589a039/datanode-2/data-0/containers/hdds to VolumeSet
2020-04-15 04:08:00,605 [main] INFO  volume.ThrottledAsyncChecker (ThrottledAsyncChecker.java:schedule(141)) - Scheduling a check for /github/workspace/hadoop-ozone/integration-test/target/test-dir/MiniOzoneClusterImpl-0135e7b1-1d2a-4fbb-b7c0-5297c589a039/datanode-2/data-0/containers/hdds
2020-04-15 04:08:00,606 [Thread-370] INFO  impl.RoleInfo (RoleInfo.java:updateAndGet(143)) - omNode-2: start LeaderElection
2020-04-15 04:08:00,944 [omNode-3@group-6C22E66A003A-LeaderElection8] INFO  impl.LeaderElection (LeaderElection.java:askForVotes(206)) - omNode-3@group-6C22E66A003A-LeaderElection8: begin an election at term 24 for -1: [omNode-3:localhost:11644, omNode-1:localhost:11632, omNode-2:localhost:11638], old=null
2020-04-15 04:08:01,076 [Datanode State Machine Thread - 0] WARN  statemachine.EndpointStateMachine (EndpointStateMachine.java:logIfNeeded(217)) - Unable to communicate to SCM server at 0.0.0.0:40289 for past 0 seconds.
java.net.SocketTimeoutException: Call From edabee8e3155/172.17.0.2 to 0.0.0.0:40289 failed on socket timeout exception: java.net.SocketTimeoutException: 1000 millis timeout while waiting for channel to be ready for read. ch : java.nio.channels.SocketChannel[connected local=/172.17.0.2:46858 remote=0.0.0.0/0.0.0.0:40289]; For more details see:  http://wiki.apache.org/hadoop/SocketTimeout
	at sun.reflect.NativeConstructorAccessorImpl.newInstance0(Native Method)
	at sun.reflect.NativeConstructorAccessorImpl.newInstance(NativeConstructorAccessorImpl.java:62)
	at sun.reflect.DelegatingConstructorAccessorImpl.newInstance(DelegatingConstructorAccessorImpl.java:45)
	at java.lang.reflect.Constructor.newInstance(Constructor.java:423)
	at org.apache.hadoop.net.NetUtils.wrapWithMessage(NetUtils.java:831)
	at org.apache.hadoop.net.NetUtils.wrapException(NetUtils.java:775)
	at org.apache.hadoop.ipc.Client.getRpcResponse(Client.java:1515)
	at org.apache.hadoop.ipc.Client.call(Client.java:1457)
	at org.apache.hadoop.ipc.Client.call(Client.java:1367)
	at org.apache.hadoop.ipc.ProtobufRpcEngine$Invoker.invoke(ProtobufRpcEngine.java:228)
	at org.apache.hadoop.ipc.ProtobufRpcEngine$Invoker.invoke(ProtobufRpcEngine.java:116)
	at com.sun.proxy.$Proxy40.submitRequest(Unknown Source)
	at org.apache.hadoop.ozone.protocolPB.StorageContainerDatanodeProtocolClientSideTranslatorPB.submitRequest(StorageContainerDatanodeProtocolClientSideTranslatorPB.java:116)
	at org.apache.hadoop.ozone.protocolPB.StorageContainerDatanodeProtocolClientSideTranslatorPB.getVersion(StorageContainerDatanodeProtocolClientSideTranslatorPB.java:132)
	at org.apache.hadoop.ozone.container.common.states.endpoint.VersionEndpointTask.call(VersionEndpointTask.java:71)
	at org.apache.hadoop.ozone.container.common.states.endpoint.VersionEndpointTask.call(VersionEndpointTask.java:42)
	at java.util.concurrent.FutureTask.run(FutureTask.java:266)
	at java.util.concurrent.Executors$RunnableAdapter.call(Executors.java:511)
	at java.util.concurrent.FutureTask.run(FutureTask.java:266)
	at java.util.concurrent.ThreadPoolExecutor.runWorker(ThreadPoolExecutor.java:1149)
	at java.util.concurrent.ThreadPoolExecutor$Worker.run(ThreadPoolExecutor.java:624)
	at java.lang.Thread.run(Thread.java:748)
Caused by: java.net.SocketTimeoutException: 1000 millis timeout while waiting for channel to be ready for read. ch : java.nio.channels.SocketChannel[connected local=/172.17.0.2:46858 remote=0.0.0.0/0.0.0.0:40289]
	at org.apache.hadoop.net.SocketIOWithTimeout.doIO(SocketIOWithTimeout.java:164)
	at org.apache.hadoop.net.SocketInputStream.read(SocketInputStream.java:161)
	at org.apache.hadoop.net.SocketInputStream.read(SocketInputStream.java:131)
	at java.io.FilterInputStream.read(FilterInputStream.java:133)
	at java.io.BufferedInputStream.fill(BufferedInputStream.java:246)
	at java.io.BufferedInputStream.read(BufferedInputStream.java:265)
	at java.io.FilterInputStream.read(FilterInputStream.java:83)
	at java.io.FilterInputStream.read(FilterInputStream.java:83)
	at org.apache.hadoop.ipc.Client$Connection$PingInputStream.read(Client.java:557)
	at java.io.DataInputStream.readInt(DataInputStream.java:387)
	at org.apache.hadoop.ipc.Client$IpcStreams.readResponse(Client.java:1816)
	at org.apache.hadoop.ipc.Client$Connection.receiveRpcResponse(Client.java:1173)
	at org.apache.hadoop.ipc.Client$Connection.run(Client.java:1069)
2020-04-15 04:08:01,134 [main] INFO  volume.HddsVolumeChecker (HddsVolumeChecker.java:checkAllVolumes(200)) - Scheduled health check for volume /github/workspace/hadoop-ozone/integration-test/target/test-dir/MiniOzoneClusterImpl-0135e7b1-1d2a-4fbb-b7c0-5297c589a039/datanode-2/data-0/containers/hdds
2020-04-15 04:08:01,739 [omNode-2@group-6C22E66A003A-LeaderElection13] INFO  impl.LeaderElection (LeaderElection.java:askForVotes(206)) - omNode-2@group-6C22E66A003A-LeaderElection13: begin an election at term 24 for 0: [omNode-3:localhost:11644, omNode-1:localhost:11632, omNode-2:localhost:11638], old=null
2020-04-15 04:08:01,717 [omNode-2@group-6C22E66A003A-LeaderElection12] INFO  impl.LeaderElection (LeaderElection.java:logAndReturn(61)) - omNode-2@group-6C22E66A003A-LeaderElection12: Election REJECTED; received 0 response(s) [] and 0 exception(s); omNode-2@group-6C22E66A003A:t24, leader=null, voted=omNode-2, raftlog=omNode-2@group-6C22E66A003A-SegmentedRaftLog:OPENED:c0,f0,i0, conf=0: [omNode-3:localhost:11644, omNode-1:localhost:11632, omNode-2:localhost:11638], old=null
2020-04-15 04:08:01,648 [omNode-1@group-6C22E66A003A-LeaderElection11] INFO  impl.LeaderElection (LeaderElection.java:logAndReturn(61)) - omNode-1@group-6C22E66A003A-LeaderElection11: Election TIMEOUT; received 0 response(s) [] and 0 exception(s); omNode-1@group-6C22E66A003A:t24, leader=null, voted=omNode-1, raftlog=omNode-1@group-6C22E66A003A-SegmentedRaftLog:OPENED:c-1,f0,i0, conf=0: [omNode-3:localhost:11644, omNode-1:localhost:11632, omNode-2:localhost:11638], old=null
2020-04-15 04:08:04,432 [Socket Reader #1 for port 40289] INFO  ipc.Server (Server.java:doRead(1256)) - Socket Reader #1 for port 40289: readAndProcess from client 172.17.0.2:46868 threw exception [java.io.IOException: Connection reset by peer]
java.io.IOException: Connection reset by peer
	at sun.nio.ch.FileDispatcherImpl.read0(Native Method)
	at sun.nio.ch.SocketDispatcher.read(SocketDispatcher.java:39)
	at sun.nio.ch.IOUtil.readIntoNativeBuffer(IOUtil.java:223)
	at sun.nio.ch.IOUtil.read(IOUtil.java:197)
	at sun.nio.ch.SocketChannelImpl.read(SocketChannelImpl.java:380)
	at org.apache.hadoop.ipc.Server.channelRead(Server.java:3270)
	at org.apache.hadoop.ipc.Server.access$2600(Server.java:137)
	at org.apache.hadoop.ipc.Server$Connection.readAndProcess(Server.java:2044)
	at org.apache.hadoop.ipc.Server$Listener.doRead(Server.java:1249)
	at org.apache.hadoop.ipc.Server$Listener$Reader.doRunLoop(Server.java:1105)
	at org.apache.hadoop.ipc.Server$Listener$Reader.run(Server.java:1076)
2020-04-15 04:08:04,334 [SCM Heartbeat Processing Thread - 0] ERROR node.NodeStateManager (NodeStateManager.java:checkNodesHealth(636)) - Total time spend processing datanode HB's is greater than configured values for datanode heartbeats. Please adjust the heartbeat configs. Time Spend on HB processing: 0 seconds Datanode heartbeat Interval: 100 seconds.
2020-04-15 04:08:03,635 [IPC Server handler 13 on 40289] INFO  ipc.Server (Server.java:run(869)) - IPC Server handler 13 on 40289: skipped Call#5 Retry#0 org.apache.hadoop.ozone.protocol.StorageContainerDatanodeProtocol.submitRequest from 172.17.0.2:46858
2020-04-15 04:08:03,435 [IPC Server handler 19 on 40289] INFO  ipc.Server (Server.java:run(869)) - IPC Server handler 19 on 40289: skipped Call#7 Retry#0 org.apache.hadoop.ozone.protocol.StorageContainerDatanodeProtocol.submitRequest from 172.17.0.2:46860
2020-04-15 04:08:03,125 [IPC Server handler 17 on 40289] WARN  ipc.Server (Server.java:processResponse(1523)) - IPC Server handler 17 on 40289, call Call#4 Retry#0 org.apache.hadoop.ozone.protocol.StorageContainerDatanodeProtocol.submitRequest from 172.17.0.2:46858: output error
2020-04-15 04:08:03,125 [IPC Server handler 4 on 40289] INFO  ipc.Server (Server.java:run(869)) - IPC Server handler 4 on 40289: skipped Call#6 Retry#0 org.apache.hadoop.ozone.protocol.StorageContainerDatanodeProtocol.submitRequest from 172.17.0.2:46860
2020-04-15 04:08:03,080 [IPC Server handler 15 on 40289] WARN  ipc.Server (Server.java:processResponse(1523)) - IPC Server handler 15 on 40289, call Call#3 Retry#0 org.apache.hadoop.ozone.protocol.StorageContainerDatanodeProtocol.submitRequest from 172.17.0.2:46844: output error
2020-04-15 04:08:05,686 [IPC Server handler 15 on 40289] INFO  ipc.Server (Server.java:run(2695)) - IPC Server handler 15 on 40289 caught an exception
java.nio.channels.ClosedChannelException
	at sun.nio.ch.SocketChannelImpl.ensureWriteOpen(SocketChannelImpl.java:270)
	at sun.nio.ch.SocketChannelImpl.write(SocketChannelImpl.java:461)
	at org.apache.hadoop.ipc.Server.channelWrite(Server.java:3250)
	at org.apache.hadoop.ipc.Server.access$1700(Server.java:137)
	at org.apache.hadoop.ipc.Server$Responder.processResponse(Server.java:1473)
	at org.apache.hadoop.ipc.Server$Responder.doRespond(Server.java:1543)
	at org.apache.hadoop.ipc.Server$Connection.sendResponse(Server.java:2593)
	at org.apache.hadoop.ipc.Server$Connection.access$300(Server.java:1615)
	at org.apache.hadoop.ipc.Server$RpcCall.doResponse(Server.java:940)
	at org.apache.hadoop.ipc.Server$Call.sendResponse(Server.java:774)
	at org.apache.hadoop.ipc.Server$RpcCall.run(Server.java:885)
	at org.apache.hadoop.ipc.Server$RpcCall.run(Server.java:822)
	at java.security.AccessController.doPrivileged(Native Method)
	at javax.security.auth.Subject.doAs(Subject.java:422)
	at org.apache.hadoop.security.UserGroupInformation.doAs(UserGroupInformation.java:1730)
	at org.apache.hadoop.ipc.Server$Handler.run(Server.java:2682)
2020-04-15 04:08:05,686 [IPC Server handler 17 on 40289] INFO  ipc.Server (Server.java:run(2695)) - IPC Server handler 17 on 40289 caught an exception
java.nio.channels.ClosedChannelException
	at sun.nio.ch.SocketChannelImpl.ensureWriteOpen(SocketChannelImpl.java:270)
	at sun.nio.ch.SocketChannelImpl.write(SocketChannelImpl.java:461)
	at org.apache.hadoop.ipc.Server.channelWrite(Server.java:3250)
	at org.apache.hadoop.ipc.Server.access$1700(Server.java:137)
	at org.apache.hadoop.ipc.Server$Responder.processResponse(Server.java:1473)
	at org.apache.hadoop.ipc.Server$Responder.doRespond(Server.java:1543)
	at org.apache.hadoop.ipc.Server$Connection.sendResponse(Server.java:2593)
	at org.apache.hadoop.ipc.Server$Connection.access$300(Server.java:1615)
	at org.apache.hadoop.ipc.Server$RpcCall.doResponse(Server.java:940)
	at org.apache.hadoop.ipc.Server$Call.sendResponse(Server.java:774)
	at org.apache.hadoop.ipc.Server$RpcCall.run(Server.java:885)
	at org.apache.hadoop.ipc.Server$RpcCall.run(Server.java:822)
	at java.security.AccessController.doPrivileged(Native Method)
	at javax.security.auth.Subject.doAs(Subject.java:422)
	at org.apache.hadoop.security.UserGroupInformation.doAs(UserGroupInformation.java:1730)
	at org.apache.hadoop.ipc.Server$Handler.run(Server.java:2682)
2020-04-15 04:08:02,532 [omNode-3@group-6C22E66A003A-LeaderElection8] INFO  impl.LeaderElection (LeaderElection.java:logAndReturn(61)) - omNode-3@group-6C22E66A003A-LeaderElection8: Election TIMEOUT; received 0 response(s) [] and 0 exception(s); omNode-3@group-6C22E66A003A:t24, leader=null, voted=omNode-3, raftlog=omNode-3@group-6C22E66A003A-SegmentedRaftLog:OPENED:c-1,f-1,i0, conf=-1: [omNode-3:localhost:11644, omNode-1:localhost:11632, omNode-2:localhost:11638], old=null
2020-04-15 04:08:05,374 [omNode-2@group-6C22E66A003A-LeaderElection13] INFO  impl.LeaderElection (LeaderElection.java:logAndReturn(61)) - omNode-2@group-6C22E66A003A-LeaderElection13: Election TIMEOUT; received 0 response(s) [] and 0 exception(s); omNode-2@group-6C22E66A003A:t24, leader=null, voted=omNode-2, raftlog=omNode-2@group-6C22E66A003A-SegmentedRaftLog:OPENED:c0,f0,i0, conf=0: [omNode-3:localhost:11644, omNode-1:localhost:11632, omNode-2:localhost:11638], old=null
2020-04-15 04:08:06,035 [omNode-1@group-6C22E66A003A-LeaderElection11] INFO  impl.LeaderElection (LeaderElection.java:askForVotes(206)) - omNode-1@group-6C22E66A003A-LeaderElection11: begin an election at term 25 for 0: [omNode-3:localhost:11644, omNode-1:localhost:11632, omNode-2:localhost:11638], old=null
2020-04-15 04:08:06,035 [omNode-3@group-6C22E66A003A-LeaderElection8] INFO  impl.LeaderElection (LeaderElection.java:askForVotes(206)) - omNode-3@group-6C22E66A003A-LeaderElection8: begin an election at term 25 for -1: [omNode-3:localhost:11644, omNode-1:localhost:11632, omNode-2:localhost:11638], old=null
2020-04-15 04:08:06,980 [main] INFO  impl.RaftServerProxy (ConfUtils.java:logGet(44)) - raft.rpc.type = GRPC (default)
2020-04-15 04:08:06,420 [omNode-2@group-6C22E66A003A-LeaderElection13] INFO  impl.LeaderElection (LeaderElection.java:askForVotes(206)) - omNode-2@group-6C22E66A003A-LeaderElection13: begin an election at term 25 for 0: [omNode-3:localhost:11644, omNode-1:localhost:11632, omNode-2:localhost:11638], old=null
2020-04-15 04:08:07,709 [omNode-3@group-6C22E66A003A-LeaderElection8] INFO  impl.LeaderElection (LeaderElection.java:logAndReturn(61)) - omNode-3@group-6C22E66A003A-LeaderElection8: Election REJECTED; received 2 response(s) [omNode-3<-omNode-1#0:FAIL-t25, omNode-3<-omNode-2#0:FAIL-t25] and 0 exception(s); omNode-3@group-6C22E66A003A:t25, leader=null, voted=omNode-3, raftlog=omNode-3@group-6C22E66A003A-SegmentedRaftLog:OPENED:c-1,f-1,i0, conf=-1: [omNode-3:localhost:11644, omNode-1:localhost:11632, omNode-2:localhost:11638], old=null
2020-04-15 04:08:07,799 [omNode-3@group-6C22E66A003A-LeaderElection8] INFO  impl.RaftServerImpl (RaftServerImpl.java:setRole(172)) - omNode-3@group-6C22E66A003A: changes role from CANDIDATE to FOLLOWER at term 25 for DISCOVERED_A_NEW_TERM
2020-04-15 04:08:07,799 [omNode-3@group-6C22E66A003A-LeaderElection8] INFO  impl.RoleInfo (RoleInfo.java:shutdownLeaderElection(134)) - omNode-3: shutdown LeaderElection
2020-04-15 04:08:07,800 [omNode-3@group-6C22E66A003A-LeaderElection8] INFO  impl.RoleInfo (RoleInfo.java:updateAndGet(143)) - omNode-3: start FollowerState
2020-04-15 04:08:07,667 [omNode-1@group-6C22E66A003A-LeaderElection11] INFO  impl.LeaderElection (LeaderElection.java:logAndReturn(61)) - omNode-1@group-6C22E66A003A-LeaderElection11: Election REJECTED; received 2 response(s) [omNode-1<-omNode-3#0:FAIL-t25, omNode-1<-omNode-2#0:FAIL-t25] and 0 exception(s); omNode-1@group-6C22E66A003A:t25, leader=null, voted=omNode-1, raftlog=omNode-1@group-6C22E66A003A-SegmentedRaftLog:OPENED:c-1,f0,i0, conf=0: [omNode-3:localhost:11644, omNode-1:localhost:11632, omNode-2:localhost:11638], old=null
2020-04-15 04:08:07,646 [main] INFO  grpc.GrpcFactory (GrpcFactory.java:checkPooledByteBufAllocatorUseCacheForAllThreads(45)) - PERFORMANCE WARNING: useCacheForAllThreads is true that may cause Netty to create a lot garbage objects and, as a result, trigger GC.
	It is recommended to disable useCacheForAllThreads by setting -Dorg.apache.ratis.thirdparty.io.netty.allocator.useCacheForAllThreads=false in command line.
2020-04-15 04:08:08,038 [omNode-1@group-6C22E66A003A-LeaderElection11] INFO  impl.RaftServerImpl (RaftServerImpl.java:setRole(172)) - omNode-1@group-6C22E66A003A: changes role from CANDIDATE to FOLLOWER at term 25 for DISCOVERED_A_NEW_TERM
2020-04-15 04:08:08,038 [IPC Server handler 17 on 40289] INFO  ipc.Server (Server.java:run(869)) - IPC Server handler 17 on 40289: skipped Call#11 Retry#0 org.apache.hadoop.ozone.protocol.StorageContainerDatanodeProtocol.submitRequest from 172.17.0.2:46876
2020-04-15 04:08:07,865 [Datanode State Machine Thread - 2] INFO  ozoneimpl.OzoneContainer (OzoneContainer.java:start(232)) - Attempting to start container services.
2020-04-15 04:08:08,117 [omNode-1@group-6C22E66A003A-LeaderElection11] INFO  impl.RoleInfo (RoleInfo.java:shutdownLeaderElection(134)) - omNode-1: shutdown LeaderElection
2020-04-15 04:08:08,129 [omNode-1@group-6C22E66A003A-LeaderElection11] INFO  impl.RoleInfo (RoleInfo.java:updateAndGet(143)) - omNode-1: start FollowerState
2020-04-15 04:08:08,083 [main] INFO  grpc.GrpcConfigKeys (ConfUtils.java:logGet(44)) - raft.grpc.server.port = 0 (default)
2020-04-15 04:08:08,151 [main] INFO  server.GrpcService (ConfUtils.java:logGet(44)) - raft.grpc.message.size.max = 32MB (=33554432) (custom)
2020-04-15 04:08:08,162 [main] INFO  server.RaftServerConfigKeys (ConfUtils.java:logGet(44)) - raft.server.log.appender.buffer.byte-limit = 33554432 (custom)
2020-04-15 04:08:08,195 [main] INFO  server.GrpcService (ConfUtils.java:logGet(44)) - raft.grpc.flow.control.window = 5MB (=5242880) (custom)
2020-04-15 04:08:08,195 [main] INFO  server.RaftServerConfigKeys (ConfUtils.java:logGet(44)) - raft.server.rpc.request.timeout = 60s (custom)
2020-04-15 04:08:08,196 [main] INFO  server.RaftServerConfigKeys (ConfUtils.java:logGet(44)) - raft.server.storage.dir = [/github/workspace/hadoop-ozone/integration-test/target/test-dir/MiniOzoneClusterImpl-0135e7b1-1d2a-4fbb-b7c0-5297c589a039/datanode-2/data/ratis] (custom)
2020-04-15 04:08:08,465 [main] INFO  http.BaseHttpServer (BaseHttpServer.java:newHttpServer2BuilderForOzone(171)) - Starting Web-server for hddsDatanode at: http://0.0.0.0:0
2020-04-15 04:08:08,650 [Datanode State Machine Thread - 1] INFO  ozoneimpl.OzoneContainer (OzoneContainer.java:start(232)) - Attempting to start container services.
2020-04-15 04:08:08,843 [Datanode State Machine Thread - 1] INFO  ozoneimpl.OzoneContainer (OzoneContainer.java:startContainerScrub(196)) - Background container scanner has been disabled.
2020-04-15 04:08:09,241 [Datanode State Machine Thread - 1] INFO  ratis.XceiverServerRatis (XceiverServerRatis.java:start(406)) - Starting XceiverServerRatis 45a63c2d-5a1c-471d-92ad-27f15c6268a3 at port 0
2020-04-15 04:08:09,051 [main] INFO  server.AuthenticationFilter (AuthenticationFilter.java:constructSecretProvider(240)) - Unable to initialize FileSignerSecretProvider, falling back to use random secrets.
2020-04-15 04:08:08,918 [Datanode State Machine Thread - 2] INFO  ozoneimpl.OzoneContainer (OzoneContainer.java:startContainerScrub(196)) - Background container scanner has been disabled.
2020-04-15 04:08:08,901 [Thread-390] INFO  impl.FollowerState (FollowerState.java:run(108)) - omNode-3@group-6C22E66A003A-FollowerState: change to CANDIDATE, lastRpcTime:1101ms, electionTimeout:1054ms
2020-04-15 04:08:09,289 [Thread-390] INFO  impl.RoleInfo (RoleInfo.java:shutdownFollowerState(121)) - omNode-3: shutdown FollowerState
2020-04-15 04:08:09,289 [Thread-390] INFO  impl.RaftServerImpl (RaftServerImpl.java:setRole(172)) - omNode-3@group-6C22E66A003A: changes role from  FOLLOWER to CANDIDATE at term 25 for changeToCandidate
2020-04-15 04:08:09,300 [main] WARN  http.HttpRequestLog (HttpRequestLog.java:getRequestLog(103)) - Jetty request log can only be enabled using Log4j
2020-04-15 04:08:09,311 [Thread-390] INFO  impl.RoleInfo (RoleInfo.java:updateAndGet(143)) - omNode-3: start LeaderElection
2020-04-15 04:08:09,336 [main] INFO  http.HttpServer2 (HttpServer2.java:addGlobalFilter(970)) - Added global filter 'safety' (class=org.apache.hadoop.hdds.server.http.HttpServer2$QuotingInputFilter)
2020-04-15 04:08:09,337 [main] INFO  http.HttpServer2 (HttpServer2.java:addFilter(946)) - Added filter static_user_filter (class=org.apache.hadoop.hdds.server.http.StaticUserWebFilter$StaticUserFilter) to context hddsDatanode
2020-04-15 04:08:09,337 [main] INFO  http.HttpServer2 (HttpServer2.java:addFilter(954)) - Added filter static_user_filter (class=org.apache.hadoop.hdds.server.http.StaticUserWebFilter$StaticUserFilter) to context logs
2020-04-15 04:08:09,337 [main] INFO  http.HttpServer2 (HttpServer2.java:addFilter(954)) - Added filter static_user_filter (class=org.apache.hadoop.hdds.server.http.StaticUserWebFilter$StaticUserFilter) to context static
2020-04-15 04:08:09,338 [main] INFO  http.HttpServer2 (HttpServer2.java:bindListener(1188)) - Jetty bound to port 39805
2020-04-15 04:08:09,338 [main] INFO  server.Server (Server.java:doStart(359)) - jetty-9.4.26.v20200117; built: 2020-01-17T12:35:33.676Z; git: 7b38981d25d14afb4a12ff1f2596756144edf695; jvm 1.8.0_232-b09
2020-04-15 04:08:09,278 [Datanode State Machine Thread - 2] INFO  ratis.XceiverServerRatis (XceiverServerRatis.java:start(406)) - Starting XceiverServerRatis e7d22208-90f1-4c2d-8da4-8182bc2fedbb at port 0
2020-04-15 04:08:09,289 [Datanode State Machine Thread - 1] INFO  impl.RaftServerProxy (RaftServerProxy.java:lambda$start$3(299)) - 45a63c2d-5a1c-471d-92ad-27f15c6268a3: start RPC server
2020-04-15 04:08:09,428 [omNode-3@group-6C22E66A003A-LeaderElection14] INFO  impl.LeaderElection (LeaderElection.java:askForVotes(206)) - omNode-3@group-6C22E66A003A-LeaderElection14: begin an election at term 26 for -1: [omNode-3:localhost:11644, omNode-1:localhost:11632, omNode-2:localhost:11638], old=null
2020-04-15 04:08:09,461 [Thread-393] INFO  impl.FollowerState (FollowerState.java:run(108)) - omNode-1@group-6C22E66A003A-FollowerState: change to CANDIDATE, lastRpcTime:1332ms, electionTimeout:1079ms
2020-04-15 04:08:09,472 [Thread-393] INFO  impl.RoleInfo (RoleInfo.java:shutdownFollowerState(121)) - omNode-1: shutdown FollowerState
2020-04-15 04:08:09,483 [Thread-393] INFO  impl.RaftServerImpl (RaftServerImpl.java:setRole(172)) - omNode-1@group-6C22E66A003A: changes role from  FOLLOWER to CANDIDATE at term 25 for changeToCandidate
2020-04-15 04:08:09,496 [Datanode State Machine Thread - 2] INFO  impl.RaftServerProxy (RaftServerProxy.java:lambda$start$3(299)) - e7d22208-90f1-4c2d-8da4-8182bc2fedbb: start RPC server
2020-04-15 04:08:09,509 [omNode-2@group-6C22E66A003A-LeaderElection13] INFO  impl.LeaderElection (LeaderElection.java:logAndReturn(61)) - omNode-2@group-6C22E66A003A-LeaderElection13: Election TIMEOUT; received 0 response(s) [] and 0 exception(s); omNode-2@group-6C22E66A003A:t25, leader=null, voted=omNode-2, raftlog=omNode-2@group-6C22E66A003A-SegmentedRaftLog:OPENED:c0,f0,i0, conf=0: [omNode-3:localhost:11644, omNode-1:localhost:11632, omNode-2:localhost:11638], old=null
2020-04-15 04:08:09,578 [Thread-393] INFO  impl.RoleInfo (RoleInfo.java:updateAndGet(143)) - omNode-1: start LeaderElection
2020-04-15 04:08:09,589 [Datanode State Machine Thread - 1] INFO  server.GrpcService (GrpcService.java:startImpl(158)) - 45a63c2d-5a1c-471d-92ad-27f15c6268a3: GrpcService started, listening on 0.0.0.0/0.0.0.0:46295
2020-04-15 04:08:09,753 [Datanode State Machine Thread - 1] INFO  ratis.XceiverServerRatis (XceiverServerRatis.java:start(418)) - XceiverServerRatis 45a63c2d-5a1c-471d-92ad-27f15c6268a3 is started using port 46295
2020-04-15 04:08:09,589 [Datanode State Machine Thread - 2] INFO  server.GrpcService (GrpcService.java:startImpl(158)) - e7d22208-90f1-4c2d-8da4-8182bc2fedbb: GrpcService started, listening on 0.0.0.0/0.0.0.0:37613
2020-04-15 04:08:09,765 [Datanode State Machine Thread - 2] INFO  ratis.XceiverServerRatis (XceiverServerRatis.java:start(418)) - XceiverServerRatis e7d22208-90f1-4c2d-8da4-8182bc2fedbb is started using port 37613
2020-04-15 04:08:09,820 [main] INFO  server.session (DefaultSessionIdManager.java:doStart(333)) - DefaultSessionIdManager workerName=node0
2020-04-15 04:08:09,820 [main] INFO  server.session (DefaultSessionIdManager.java:doStart(338)) - No SessionScavenger set, using defaults
2020-04-15 04:08:09,821 [main] INFO  server.session (HouseKeeper.java:startScavenging(140)) - node0 Scavenging every 600000ms
2020-04-15 04:08:09,887 [main] INFO  handler.ContextHandler (ContextHandler.java:doStart(825)) - Started o.e.j.s.ServletContextHandler@3cff7199{logs,/logs,file:///github/workspace/hadoop-ozone/integration-test/target/log,AVAILABLE}
2020-04-15 04:08:09,888 [main] INFO  handler.ContextHandler (ContextHandler.java:doStart(825)) - Started o.e.j.s.ServletContextHandler@2a226e89{static,/static,jar:file:/home/user/.m2/repository/org/apache/hadoop/hadoop-hdds-container-service/0.6.0-SNAPSHOT/hadoop-hdds-container-service-0.6.0-SNAPSHOT.jar!/webapps/static,AVAILABLE}
2020-04-15 04:08:09,888 [omNode-2@group-6C22E66A003A-LeaderElection13] INFO  impl.LeaderElection (LeaderElection.java:askForVotes(206)) - omNode-2@group-6C22E66A003A-LeaderElection13: begin an election at term 26 for 0: [omNode-3:localhost:11644, omNode-1:localhost:11632, omNode-2:localhost:11638], old=null
2020-04-15 04:08:10,285 [omNode-1@group-6C22E66A003A-LeaderElection15] INFO  impl.LeaderElection (LeaderElection.java:askForVotes(206)) - omNode-1@group-6C22E66A003A-LeaderElection15: begin an election at term 26 for 0: [omNode-3:localhost:11644, omNode-1:localhost:11632, omNode-2:localhost:11638], old=null
2020-04-15 04:08:10,410 [Datanode State Machine Thread - 2] INFO  server.XceiverServerGrpc (XceiverServerGrpc.java:start(145)) - XceiverServerGrpc e7d22208-90f1-4c2d-8da4-8182bc2fedbb is started using port 40961
2020-04-15 04:08:11,069 [omNode-2@group-6C22E66A003A-LeaderElection13] INFO  impl.LeaderElection (LeaderElection.java:logAndReturn(61)) - omNode-2@group-6C22E66A003A-LeaderElection13: Election REJECTED; received 2 response(s) [omNode-2<-omNode-3#0:FAIL-t26, omNode-2<-omNode-1#0:FAIL-t26] and 0 exception(s); omNode-2@group-6C22E66A003A:t26, leader=null, voted=omNode-2, raftlog=omNode-2@group-6C22E66A003A-SegmentedRaftLog:OPENED:c0,f0,i0, conf=0: [omNode-3:localhost:11644, omNode-1:localhost:11632, omNode-2:localhost:11638], old=null
2020-04-15 04:08:11,045 [omNode-1@group-6C22E66A003A-LeaderElection15] INFO  impl.LeaderElection (LeaderElection.java:logAndReturn(61)) - omNode-1@group-6C22E66A003A-LeaderElection15: Election REJECTED; received 2 response(s) [omNode-1<-omNode-3#0:FAIL-t26, omNode-1<-omNode-2#0:FAIL-t26] and 0 exception(s); omNode-1@group-6C22E66A003A:t26, leader=null, voted=omNode-1, raftlog=omNode-1@group-6C22E66A003A-SegmentedRaftLog:OPENED:c-1,f0,i0, conf=0: [omNode-3:localhost:11644, omNode-1:localhost:11632, omNode-2:localhost:11638], old=null
2020-04-15 04:08:11,499 [omNode-1@group-6C22E66A003A-LeaderElection15] INFO  impl.RaftServerImpl (RaftServerImpl.java:setRole(172)) - omNode-1@group-6C22E66A003A: changes role from CANDIDATE to FOLLOWER at term 26 for DISCOVERED_A_NEW_TERM
2020-04-15 04:08:10,761 [omNode-3@group-6C22E66A003A-LeaderElection14] INFO  impl.LeaderElection (LeaderElection.java:logAndReturn(61)) - omNode-3@group-6C22E66A003A-LeaderElection14: Election TIMEOUT; received 1 response(s) [omNode-3<-omNode-1#0:FAIL-t26] and 0 exception(s); omNode-3@group-6C22E66A003A:t26, leader=null, voted=omNode-3, raftlog=omNode-3@group-6C22E66A003A-SegmentedRaftLog:OPENED:c-1,f-1,i0, conf=-1: [omNode-3:localhost:11644, omNode-1:localhost:11632, omNode-2:localhost:11638], old=null
2020-04-15 04:08:10,435 [Datanode State Machine Thread - 1] INFO  server.XceiverServerGrpc (XceiverServerGrpc.java:start(145)) - XceiverServerGrpc 45a63c2d-5a1c-471d-92ad-27f15c6268a3 is started using port 36635
2020-04-15 04:08:11,553 [omNode-1@group-6C22E66A003A-LeaderElection15] INFO  impl.RoleInfo (RoleInfo.java:shutdownLeaderElection(134)) - omNode-1: shutdown LeaderElection
2020-04-15 04:08:11,499 [omNode-2@group-6C22E66A003A-LeaderElection13] INFO  impl.RaftServerImpl (RaftServerImpl.java:setRole(172)) - omNode-2@group-6C22E66A003A: changes role from CANDIDATE to FOLLOWER at term 26 for DISCOVERED_A_NEW_TERM
2020-04-15 04:08:11,623 [omNode-3@group-6C22E66A003A-LeaderElection14] INFO  impl.LeaderElection (LeaderElection.java:askForVotes(206)) - omNode-3@group-6C22E66A003A-LeaderElection14: begin an election at term 27 for -1: [omNode-3:localhost:11644, omNode-1:localhost:11632, omNode-2:localhost:11638], old=null
2020-04-15 04:08:11,589 [omNode-1@group-6C22E66A003A-LeaderElection15] INFO  impl.RoleInfo (RoleInfo.java:updateAndGet(143)) - omNode-1: start FollowerState
2020-04-15 04:08:11,660 [omNode-2@group-6C22E66A003A-LeaderElection13] INFO  impl.RoleInfo (RoleInfo.java:shutdownLeaderElection(134)) - omNode-2: shutdown LeaderElection
2020-04-15 04:08:11,795 [omNode-2@group-6C22E66A003A-LeaderElection13] INFO  impl.RoleInfo (RoleInfo.java:updateAndGet(143)) - omNode-2: start FollowerState
2020-04-15 04:08:11,903 [main] INFO  handler.ContextHandler (ContextHandler.java:doStart(825)) - Started o.e.j.w.WebAppContext@5d855451{hddsDatanode,/,file:///tmp/jetty-0_0_0_0-39805-hadoop-hdds-container-service-0_6_0-SNAPSHOT_jar-_-any-8405692747872656910.dir/webapp/,AVAILABLE}{jar:file:/home/user/.m2/repository/org/apache/hadoop/hadoop-hdds-container-service/0.6.0-SNAPSHOT/hadoop-hdds-container-service-0.6.0-SNAPSHOT.jar!/webapps/hddsDatanode}
2020-04-15 04:08:12,548 [grpc-default-executor-8] INFO  impl.RaftServerImpl (RaftServerImpl.java:setRole(172)) - omNode-2@group-6C22E66A003A: changes role from  FOLLOWER to FOLLOWER at term 27 for recognizeCandidate:omNode-3
2020-04-15 04:08:12,549 [grpc-default-executor-8] INFO  impl.RoleInfo (RoleInfo.java:shutdownFollowerState(121)) - omNode-2: shutdown FollowerState
2020-04-15 04:08:12,549 [Thread-417] INFO  impl.FollowerState (FollowerState.java:run(117)) - omNode-2@group-6C22E66A003A-FollowerState was interrupted: java.lang.InterruptedException: sleep interrupted
2020-04-15 04:08:12,549 [grpc-default-executor-8] INFO  impl.RoleInfo (RoleInfo.java:updateAndGet(143)) - omNode-2: start FollowerState
2020-04-15 04:08:12,662 [grpc-default-executor-7] INFO  impl.RaftServerImpl (RaftServerImpl.java:setRole(172)) - omNode-1@group-6C22E66A003A: changes role from  FOLLOWER to FOLLOWER at term 27 for recognizeCandidate:omNode-3
2020-04-15 04:08:12,662 [grpc-default-executor-7] INFO  impl.RoleInfo (RoleInfo.java:shutdownFollowerState(121)) - omNode-1: shutdown FollowerState
2020-04-15 04:08:12,662 [grpc-default-executor-7] INFO  impl.RoleInfo (RoleInfo.java:updateAndGet(143)) - omNode-1: start FollowerState
2020-04-15 04:08:12,684 [Thread-412] INFO  impl.FollowerState (FollowerState.java:run(117)) - omNode-1@group-6C22E66A003A-FollowerState was interrupted: java.lang.InterruptedException: sleep interrupted
2020-04-15 04:08:12,814 [main] INFO  server.AbstractConnector (AbstractConnector.java:doStart(330)) - Started ServerConnector@1051d062{HTTP/1.1,[http/1.1]}{0.0.0.0:39805}
2020-04-15 04:08:12,814 [main] INFO  server.Server (Server.java:doStart(399)) - Started @107593ms
2020-04-15 04:08:12,934 [IPC Server handler 8 on 40289] INFO  net.NetworkTopology (NetworkTopologyImpl.java:add(111)) - Added a new node: /default-rack/e7d22208-90f1-4c2d-8da4-8182bc2fedbb
2020-04-15 04:08:12,975 [omNode-3@group-6C22E66A003A-LeaderElection14] INFO  impl.LeaderElection (LeaderElection.java:logAndReturn(61)) - omNode-3@group-6C22E66A003A-LeaderElection14: Election TIMEOUT; received 0 response(s) [] and 0 exception(s); omNode-3@group-6C22E66A003A:t27, leader=null, voted=omNode-3, raftlog=omNode-3@group-6C22E66A003A-SegmentedRaftLog:OPENED:c-1,f-1,i0, conf=-1: [omNode-3:localhost:11644, omNode-1:localhost:11632, omNode-2:localhost:11638], old=null
2020-04-15 04:08:12,923 [IPC Server handler 13 on 40289] INFO  net.NetworkTopology (NetworkTopologyImpl.java:add(111)) - Added a new node: /default-rack/45a63c2d-5a1c-471d-92ad-27f15c6268a3
2020-04-15 04:08:13,106 [IPC Server handler 8 on 40289] INFO  node.SCMNodeManager (SCMNodeManager.java:register(268)) - Registered Data node : e7d22208-90f1-4c2d-8da4-8182bc2fedbb{ip: 172.17.0.2, host: edabee8e3155, networkLocation: /default-rack, certSerialId: null}
2020-04-15 04:08:13,029 [SCM Heartbeat Processing Thread - 0] ERROR node.NodeStateManager (NodeStateManager.java:checkNodesHealth(636)) - Total time spend processing datanode HB's is greater than configured values for datanode heartbeats. Please adjust the heartbeat configs. Time Spend on HB processing: 0 seconds Datanode heartbeat Interval: 100 seconds.
2020-04-15 04:08:13,029 [main] WARN  impl.MetricsSystemImpl (MetricsSystemImpl.java:register(276)) - Sink prometheus already exists!
2020-04-15 04:08:13,150 [IPC Server handler 13 on 40289] INFO  node.SCMNodeManager (SCMNodeManager.java:register(268)) - Registered Data node : 45a63c2d-5a1c-471d-92ad-27f15c6268a3{ip: 172.17.0.2, host: edabee8e3155, networkLocation: /default-rack, certSerialId: null}
2020-04-15 04:08:13,219 [main] INFO  http.BaseHttpServer (BaseHttpServer.java:updateConnectorAddress(285)) - HTTP server of hddsDatanode listening at http://0.0.0.0:39805
2020-04-15 04:08:13,267 [Datanode State Machine Thread - 3] WARN  statemachine.EndpointStateMachine (EndpointStateMachine.java:logIfNeeded(217)) - Unable to communicate to SCM server at 0.0.0.0:40289 for past 0 seconds.
java.net.SocketTimeoutException: Call From edabee8e3155/172.17.0.2 to 0.0.0.0:40289 failed on socket timeout exception: java.net.SocketTimeoutException: 1000 millis timeout while waiting for channel to be ready for read. ch : java.nio.channels.SocketChannel[connected local=/172.17.0.2:46884 remote=/0.0.0.0:40289]; For more details see:  http://wiki.apache.org/hadoop/SocketTimeout
	at sun.reflect.NativeConstructorAccessorImpl.newInstance0(Native Method)
	at sun.reflect.NativeConstructorAccessorImpl.newInstance(NativeConstructorAccessorImpl.java:62)
	at sun.reflect.DelegatingConstructorAccessorImpl.newInstance(DelegatingConstructorAccessorImpl.java:45)
	at java.lang.reflect.Constructor.newInstance(Constructor.java:423)
	at org.apache.hadoop.net.NetUtils.wrapWithMessage(NetUtils.java:831)
	at org.apache.hadoop.net.NetUtils.wrapException(NetUtils.java:775)
	at org.apache.hadoop.ipc.Client.getRpcResponse(Client.java:1515)
	at org.apache.hadoop.ipc.Client.call(Client.java:1457)
	at org.apache.hadoop.ipc.Client.call(Client.java:1367)
	at org.apache.hadoop.ipc.ProtobufRpcEngine$Invoker.invoke(ProtobufRpcEngine.java:228)
	at org.apache.hadoop.ipc.ProtobufRpcEngine$Invoker.invoke(ProtobufRpcEngine.java:116)
	at com.sun.proxy.$Proxy40.submitRequest(Unknown Source)
	at org.apache.hadoop.ozone.protocolPB.StorageContainerDatanodeProtocolClientSideTranslatorPB.submitRequest(StorageContainerDatanodeProtocolClientSideTranslatorPB.java:116)
	at org.apache.hadoop.ozone.protocolPB.StorageContainerDatanodeProtocolClientSideTranslatorPB.register(StorageContainerDatanodeProtocolClientSideTranslatorPB.java:173)
	at org.apache.hadoop.ozone.container.common.states.endpoint.RegisterEndpointTask.call(RegisterEndpointTask.java:122)
	at org.apache.hadoop.ozone.container.common.states.endpoint.RegisterEndpointTask.call(RegisterEndpointTask.java:47)
	at java.util.concurrent.FutureTask.run(FutureTask.java:266)
	at java.util.concurrent.Executors$RunnableAdapter.call(Executors.java:511)
	at java.util.concurrent.FutureTask.run(FutureTask.java:266)
	at java.util.concurrent.ThreadPoolExecutor.runWorker(ThreadPoolExecutor.java:1149)
	at java.util.concurrent.ThreadPoolExecutor$Worker.run(ThreadPoolExecutor.java:624)
	at java.lang.Thread.run(Thread.java:748)
Caused by: java.net.SocketTimeoutException: 1000 millis timeout while waiting for channel to be ready for read. ch : java.nio.channels.SocketChannel[connected local=/172.17.0.2:46884 remote=/0.0.0.0:40289]
	at org.apache.hadoop.net.SocketIOWithTimeout.doIO(SocketIOWithTimeout.java:164)
	at org.apache.hadoop.net.SocketInputStream.read(SocketInputStream.java:161)
	at org.apache.hadoop.net.SocketInputStream.read(SocketInputStream.java:131)
	at java.io.FilterInputStream.read(FilterInputStream.java:133)
	at java.io.BufferedInputStream.fill(BufferedInputStream.java:246)
	at java.io.BufferedInputStream.read(BufferedInputStream.java:265)
	at java.io.FilterInputStream.read(FilterInputStream.java:83)
	at java.io.FilterInputStream.read(FilterInputStream.java:83)
	at org.apache.hadoop.ipc.Client$Connection$PingInputStream.read(Client.java:557)
	at java.io.DataInputStream.readInt(DataInputStream.java:387)
	at org.apache.hadoop.ipc.Client$IpcStreams.readResponse(Client.java:1816)
	at org.apache.hadoop.ipc.Client$Connection.receiveRpcResponse(Client.java:1173)
	at org.apache.hadoop.ipc.Client$Connection.run(Client.java:1069)
2020-04-15 04:08:13,383 [IPC Server handler 13 on 40289] WARN  ipc.Server (Server.java:processResponse(1523)) - IPC Server handler 13 on 40289, call Call#13 Retry#0 org.apache.hadoop.ozone.protocol.StorageContainerDatanodeProtocol.submitRequest from 172.17.0.2:46884: output error
2020-04-15 04:08:13,550 [IPC Server handler 13 on 40289] INFO  ipc.Server (Server.java:run(2695)) - IPC Server handler 13 on 40289 caught an exception
java.nio.channels.ClosedChannelException
	at sun.nio.ch.SocketChannelImpl.ensureWriteOpen(SocketChannelImpl.java:270)
	at sun.nio.ch.SocketChannelImpl.write(SocketChannelImpl.java:461)
	at org.apache.hadoop.ipc.Server.channelWrite(Server.java:3250)
	at org.apache.hadoop.ipc.Server.access$1700(Server.java:137)
	at org.apache.hadoop.ipc.Server$Responder.processResponse(Server.java:1473)
	at org.apache.hadoop.ipc.Server$Responder.doRespond(Server.java:1543)
	at org.apache.hadoop.ipc.Server$Connection.sendResponse(Server.java:2593)
	at org.apache.hadoop.ipc.Server$Connection.access$300(Server.java:1615)
	at org.apache.hadoop.ipc.Server$RpcCall.doResponse(Server.java:940)
	at org.apache.hadoop.ipc.Server$Call.sendResponse(Server.java:774)
	at org.apache.hadoop.ipc.Server$RpcCall.run(Server.java:885)
	at org.apache.hadoop.ipc.Server$RpcCall.run(Server.java:822)
	at java.security.AccessController.doPrivileged(Native Method)
	at javax.security.auth.Subject.doAs(Subject.java:422)
	at org.apache.hadoop.security.UserGroupInformation.doAs(UserGroupInformation.java:1730)
	at org.apache.hadoop.ipc.Server$Handler.run(Server.java:2682)
2020-04-15 04:08:13,356 [omNode-3@group-6C22E66A003A-LeaderElection14] INFO  impl.LeaderElection (LeaderElection.java:askForVotes(206)) - omNode-3@group-6C22E66A003A-LeaderElection14: begin an election at term 28 for -1: [omNode-3:localhost:11644, omNode-1:localhost:11632, omNode-2:localhost:11638], old=null
2020-04-15 04:08:13,344 [main] INFO  ozone.MiniOzoneClusterImpl (MiniOzoneClusterImpl.java:lambda$waitForClusterToBeReady$0(177)) - Waiting for nodes to be ready. Got 2 of 3 DN Heartbeats.
2020-04-15 04:08:13,608 [main] INFO  ozone.MiniOzoneClusterImpl (MiniOzoneClusterImpl.java:lambda$waitForClusterToBeReady$0(180)) - Waiting for cluster to exit safe mode
2020-04-15 04:08:13,317 [RatisPipelineUtilsThread] INFO  pipeline.RatisPipelineProvider (RatisPipelineProvider.java:lambda$create$3(170)) - Sending CreatePipelineCommand for pipeline:PipelineID=9c11080f-2fc9-4805-b4cf-5ff7f5b63eef to datanode:e7d22208-90f1-4c2d-8da4-8182bc2fedbb
2020-04-15 04:08:13,315 [Datanode State Machine Thread - 1] WARN  statemachine.EndpointStateMachine (EndpointStateMachine.java:logIfNeeded(217)) - Unable to communicate to SCM server at 0.0.0.0:40289 for past 0 seconds.
java.net.SocketTimeoutException: Call From edabee8e3155/172.17.0.2 to 0.0.0.0:40289 failed on socket timeout exception: java.net.SocketTimeoutException: 1000 millis timeout while waiting for channel to be ready for read. ch : java.nio.channels.SocketChannel[connected local=/172.17.0.2:46884 remote=/0.0.0.0:40289]; For more details see:  http://wiki.apache.org/hadoop/SocketTimeout
	at sun.reflect.NativeConstructorAccessorImpl.newInstance0(Native Method)
	at sun.reflect.NativeConstructorAccessorImpl.newInstance(NativeConstructorAccessorImpl.java:62)
	at sun.reflect.DelegatingConstructorAccessorImpl.newInstance(DelegatingConstructorAccessorImpl.java:45)
	at java.lang.reflect.Constructor.newInstance(Constructor.java:423)
	at org.apache.hadoop.net.NetUtils.wrapWithMessage(NetUtils.java:831)
	at org.apache.hadoop.net.NetUtils.wrapException(NetUtils.java:775)
	at org.apache.hadoop.ipc.Client.getRpcResponse(Client.java:1515)
	at org.apache.hadoop.ipc.Client.call(Client.java:1457)
	at org.apache.hadoop.ipc.Client.call(Client.java:1367)
	at org.apache.hadoop.ipc.ProtobufRpcEngine$Invoker.invoke(ProtobufRpcEngine.java:228)
	at org.apache.hadoop.ipc.ProtobufRpcEngine$Invoker.invoke(ProtobufRpcEngine.java:116)
	at com.sun.proxy.$Proxy40.submitRequest(Unknown Source)
	at org.apache.hadoop.ozone.protocolPB.StorageContainerDatanodeProtocolClientSideTranslatorPB.submitRequest(StorageContainerDatanodeProtocolClientSideTranslatorPB.java:116)
	at org.apache.hadoop.ozone.protocolPB.StorageContainerDatanodeProtocolClientSideTranslatorPB.register(StorageContainerDatanodeProtocolClientSideTranslatorPB.java:173)
	at org.apache.hadoop.ozone.container.common.states.endpoint.RegisterEndpointTask.call(RegisterEndpointTask.java:122)
	at org.apache.hadoop.ozone.container.common.states.endpoint.RegisterEndpointTask.call(RegisterEndpointTask.java:47)
	at java.util.concurrent.FutureTask.run(FutureTask.java:266)
	at java.util.concurrent.Executors$RunnableAdapter.call(Executors.java:511)
	at java.util.concurrent.FutureTask.run(FutureTask.java:266)
	at java.util.concurrent.ThreadPoolExecutor.runWorker(ThreadPoolExecutor.java:1149)
	at java.util.concurrent.ThreadPoolExecutor$Worker.run(ThreadPoolExecutor.java:624)
	at java.lang.Thread.run(Thread.java:748)
Caused by: java.net.SocketTimeoutException: 1000 millis timeout while waiting for channel to be ready for read. ch : java.nio.channels.SocketChannel[connected local=/172.17.0.2:46884 remote=/0.0.0.0:40289]
	at org.apache.hadoop.net.SocketIOWithTimeout.doIO(SocketIOWithTimeout.java:164)
	at org.apache.hadoop.net.SocketInputStream.read(SocketInputStream.java:161)
	at org.apache.hadoop.net.SocketInputStream.read(SocketInputStream.java:131)
	at java.io.FilterInputStream.read(FilterInputStream.java:133)
	at java.io.BufferedInputStream.fill(BufferedInputStream.java:246)
	at java.io.BufferedInputStream.read(BufferedInputStream.java:265)
	at java.io.FilterInputStream.read(FilterInputStream.java:83)
	at java.io.FilterInputStream.read(FilterInputStream.java:83)
	at org.apache.hadoop.ipc.Client$Connection$PingInputStream.read(Client.java:557)
	at java.io.DataInputStream.readInt(DataInputStream.java:387)
	at org.apache.hadoop.ipc.Client$IpcStreams.readResponse(Client.java:1816)
	at org.apache.hadoop.ipc.Client$Connection.receiveRpcResponse(Client.java:1173)
	at org.apache.hadoop.ipc.Client$Connection.run(Client.java:1069)
2020-04-15 04:08:13,280 [EventQueue-NodeRegistrationContainerReportForContainerSafeModeRule] INFO  safemode.SCMSafeModeManager (SCMSafeModeManager.java:validateSafeModeExitRules(182)) - ContainerSafeModeRule rule is successfully validated
2020-04-15 04:08:13,607 [org.apache.hadoop.util.JvmPauseMonitor$Monitor@61666366] INFO  util.JvmPauseMonitor (JvmPauseMonitor.java:run(188)) - Starting JVM pause monitor
2020-04-15 04:08:13,561 [IPC Server handler 8 on 40289] WARN  ipc.Server (Server.java:processResponse(1523)) - IPC Server handler 8 on 40289, call Call#14 Retry#0 org.apache.hadoop.ozone.protocol.StorageContainerDatanodeProtocol.submitRequest from 172.17.0.2:46884: output error
2020-04-15 04:08:13,394 [EventQueue-NodeRegistrationContainerReportForDataNodeSafeModeRule] INFO  safemode.SCMSafeModeManager (DataNodeSafeModeRule.java:process(71)) - SCM in safe mode. 1 DataNodes registered, 1 required.
2020-04-15 04:08:13,609 [IPC Server handler 8 on 40289] INFO  ipc.Server (Server.java:run(2695)) - IPC Server handler 8 on 40289 caught an exception
java.nio.channels.ClosedChannelException
	at sun.nio.ch.SocketChannelImpl.ensureWriteOpen(SocketChannelImpl.java:270)
	at sun.nio.ch.SocketChannelImpl.write(SocketChannelImpl.java:461)
	at org.apache.hadoop.ipc.Server.channelWrite(Server.java:3250)
	at org.apache.hadoop.ipc.Server.access$1700(Server.java:137)
	at org.apache.hadoop.ipc.Server$Responder.processResponse(Server.java:1473)
	at org.apache.hadoop.ipc.Server$Responder.doRespond(Server.java:1543)
	at org.apache.hadoop.ipc.Server$Connection.sendResponse(Server.java:2593)
	at org.apache.hadoop.ipc.Server$Connection.access$300(Server.java:1615)
	at org.apache.hadoop.ipc.Server$RpcCall.doResponse(Server.java:940)
	at org.apache.hadoop.ipc.Server$Call.sendResponse(Server.java:774)
	at org.apache.hadoop.ipc.Server$RpcCall.run(Server.java:885)
	at org.apache.hadoop.ipc.Server$RpcCall.run(Server.java:822)
	at java.security.AccessController.doPrivileged(Native Method)
	at javax.security.auth.Subject.doAs(Subject.java:422)
	at org.apache.hadoop.security.UserGroupInformation.doAs(UserGroupInformation.java:1730)
	at org.apache.hadoop.ipc.Server$Handler.run(Server.java:2682)
2020-04-15 04:08:13,609 [EventQueue-NodeRegistrationContainerReportForContainerSafeModeRule] INFO  safemode.SCMSafeModeManager (SCMSafeModeManager.java:validateSafeModeExitRules(182)) - ContainerSafeModeRule rule is successfully validated
2020-04-15 04:08:13,632 [EventQueue-NodeRegistrationContainerReportForDataNodeSafeModeRule] INFO  safemode.SCMSafeModeManager (SCMSafeModeManager.java:validateSafeModeExitRules(182)) - DataNodeSafeModeRule rule is successfully validated
2020-04-15 04:08:13,633 [EventQueue-NodeRegistrationContainerReportForDataNodeSafeModeRule] INFO  safemode.SCMSafeModeManager (SCMSafeModeManager.java:completePreCheck(210)) - All SCM safe mode pre check rules have passed
2020-04-15 04:08:13,644 [EventQueue-NodeRegistrationContainerReportForDataNodeSafeModeRule] INFO  safemode.SCMSafeModeManager (SCMSafeModeManager.java:validateSafeModeExitRules(182)) - DataNodeSafeModeRule rule is successfully validated
2020-04-15 04:08:13,798 [RatisPipelineUtilsThread] INFO  pipeline.PipelineStateManager (PipelineStateManager.java:addPipeline(54)) - Created pipeline Pipeline[ Id: 9c11080f-2fc9-4805-b4cf-5ff7f5b63eef, Nodes: e7d22208-90f1-4c2d-8da4-8182bc2fedbb{ip: 172.17.0.2, host: edabee8e3155, networkLocation: /default-rack, certSerialId: null}, Type:RATIS, Factor:ONE, State:ALLOCATED, leaderId:null, CreationTimestamp2020-04-15T04:08:13.265Z]
2020-04-15 04:08:13,805 [RatisPipelineUtilsThread] INFO  pipeline.RatisPipelineProvider (RatisPipelineProvider.java:lambda$create$3(170)) - Sending CreatePipelineCommand for pipeline:PipelineID=06d07451-9163-4e7d-a587-5459c0487c28 to datanode:45a63c2d-5a1c-471d-92ad-27f15c6268a3
2020-04-15 04:08:13,984 [Thread-419] INFO  impl.FollowerState (FollowerState.java:run(108)) - omNode-1@group-6C22E66A003A-FollowerState: change to CANDIDATE, lastRpcTime:1322ms, electionTimeout:1134ms
2020-04-15 04:08:13,828 [Thread-418] INFO  impl.FollowerState (FollowerState.java:run(108)) - omNode-2@group-6C22E66A003A-FollowerState: change to CANDIDATE, lastRpcTime:1278ms, electionTimeout:1012ms
2020-04-15 04:08:14,790 [omNode-3@group-6C22E66A003A-LeaderElection14] INFO  impl.LeaderElection (LeaderElection.java:logAndReturn(61)) - omNode-3@group-6C22E66A003A-LeaderElection14: Election TIMEOUT; received 0 response(s) [] and 0 exception(s); omNode-3@group-6C22E66A003A:t28, leader=null, voted=omNode-3, raftlog=omNode-3@group-6C22E66A003A-SegmentedRaftLog:OPENED:c-1,f-1,i0, conf=-1: [omNode-3:localhost:11644, omNode-1:localhost:11632, omNode-2:localhost:11638], old=null
2020-04-15 04:08:14,616 [main] INFO  ozone.MiniOzoneClusterImpl (MiniOzoneClusterImpl.java:lambda$waitForClusterToBeReady$0(177)) - Waiting for nodes to be ready. Got 2 of 3 DN Heartbeats.
2020-04-15 04:08:14,847 [main] INFO  ozone.MiniOzoneClusterImpl (MiniOzoneClusterImpl.java:lambda$waitForClusterToBeReady$0(180)) - Waiting for cluster to exit safe mode
2020-04-15 04:08:14,594 [Thread-419] INFO  impl.RoleInfo (RoleInfo.java:shutdownFollowerState(121)) - omNode-1: shutdown FollowerState
2020-04-15 04:08:14,352 [RatisPipelineUtilsThread] INFO  pipeline.PipelineStateManager (PipelineStateManager.java:addPipeline(54)) - Created pipeline Pipeline[ Id: 06d07451-9163-4e7d-a587-5459c0487c28, Nodes: 45a63c2d-5a1c-471d-92ad-27f15c6268a3{ip: 172.17.0.2, host: edabee8e3155, networkLocation: /default-rack, certSerialId: null}, Type:RATIS, Factor:ONE, State:ALLOCATED, leaderId:null, CreationTimestamp2020-04-15T04:08:13.805Z]
2020-04-15 04:08:14,916 [RatisPipelineUtilsThread] WARN  pipeline.PipelinePlacementPolicy (PipelinePlacementPolicy.java:filterViableNodes(150)) - Pipeline creation failed due to no sufficient healthy datanodes. Required 3. Found 2.
2020-04-15 04:08:14,892 [EventQueue-NodeRegistrationContainerReportForContainerSafeModeRule] INFO  safemode.SCMSafeModeManager (SCMSafeModeManager.java:validateSafeModeExitRules(182)) - ContainerSafeModeRule rule is successfully validated
2020-04-15 04:08:14,870 [Datanode State Machine Thread - 0] INFO  datanode.InitDatanodeState (InitDatanodeState.java:persistContainerDatanodeDetails(147)) - DatanodeDetails is persisted to /github/workspace/hadoop-ozone/integration-test/target/test-dir/MiniOzoneClusterImpl-0135e7b1-1d2a-4fbb-b7c0-5297c589a039/datanode-2/meta/datanode.id
2020-04-15 04:08:14,801 [Thread-418] INFO  impl.RoleInfo (RoleInfo.java:shutdownFollowerState(121)) - omNode-2: shutdown FollowerState
2020-04-15 04:08:14,916 [EventQueue-NodeRegistrationContainerReportForDataNodeSafeModeRule] INFO  safemode.SCMSafeModeManager (SCMSafeModeManager.java:validateSafeModeExitRules(182)) - DataNodeSafeModeRule rule is successfully validated
2020-04-15 04:08:14,916 [Thread-418] INFO  impl.RaftServerImpl (RaftServerImpl.java:setRole(172)) - omNode-2@group-6C22E66A003A: changes role from  FOLLOWER to CANDIDATE at term 27 for changeToCandidate
2020-04-15 04:08:14,916 [Thread-419] INFO  impl.RaftServerImpl (RaftServerImpl.java:setRole(172)) - omNode-1@group-6C22E66A003A: changes role from  FOLLOWER to CANDIDATE at term 27 for changeToCandidate
2020-04-15 04:08:14,917 [Thread-418] INFO  impl.RoleInfo (RoleInfo.java:updateAndGet(143)) - omNode-2: start LeaderElection
2020-04-15 04:08:14,939 [grpc-default-executor-8] INFO  impl.RaftServerImpl (RaftServerImpl.java:setRole(172)) - omNode-2@group-6C22E66A003A: changes role from CANDIDATE to FOLLOWER at term 28 for recognizeCandidate:omNode-3
2020-04-15 04:08:15,033 [grpc-default-executor-8] INFO  impl.RoleInfo (RoleInfo.java:shutdownLeaderElection(134)) - omNode-2: shutdown LeaderElection
2020-04-15 04:08:14,939 [Thread-419] INFO  impl.RoleInfo (RoleInfo.java:updateAndGet(143)) - omNode-1: start LeaderElection
2020-04-15 04:08:15,087 [EventQueue-NodeRegistrationContainerReportForContainerSafeModeRule] INFO  safemode.SCMSafeModeManager (SCMSafeModeManager.java:validateSafeModeExitRules(182)) - ContainerSafeModeRule rule is successfully validated
2020-04-15 04:08:15,099 [EventQueue-NodeRegistrationContainerReportForDataNodeSafeModeRule] INFO  safemode.SCMSafeModeManager (SCMSafeModeManager.java:validateSafeModeExitRules(182)) - DataNodeSafeModeRule rule is successfully validated
2020-04-15 04:08:15,101 [grpc-default-executor-8] INFO  impl.RoleInfo (RoleInfo.java:updateAndGet(143)) - omNode-2: start FollowerState
2020-04-15 04:08:15,112 [omNode-3@group-6C22E66A003A-LeaderElection14] INFO  impl.LeaderElection (LeaderElection.java:askForVotes(206)) - omNode-3@group-6C22E66A003A-LeaderElection14: begin an election at term 29 for -1: [omNode-3:localhost:11644, omNode-1:localhost:11632, omNode-2:localhost:11638], old=null
2020-04-15 04:08:15,126 [grpc-default-executor-7] INFO  impl.RaftServerImpl (RaftServerImpl.java:setRole(172)) - omNode-1@group-6C22E66A003A: changes role from CANDIDATE to FOLLOWER at term 28 for recognizeCandidate:omNode-3
2020-04-15 04:08:15,186 [grpc-default-executor-7] INFO  impl.RoleInfo (RoleInfo.java:shutdownLeaderElection(134)) - omNode-1: shutdown LeaderElection
2020-04-15 04:08:15,219 [grpc-default-executor-7] INFO  impl.RoleInfo (RoleInfo.java:updateAndGet(143)) - omNode-1: start FollowerState
2020-04-15 04:08:15,850 [main] INFO  ozone.MiniOzoneClusterImpl (MiniOzoneClusterImpl.java:lambda$waitForClusterToBeReady$0(177)) - Waiting for nodes to be ready. Got 2 of 3 DN Heartbeats.
2020-04-15 04:08:16,438 [main] INFO  ozone.MiniOzoneClusterImpl (MiniOzoneClusterImpl.java:lambda$waitForClusterToBeReady$0(180)) - Waiting for cluster to exit safe mode
2020-04-15 04:08:15,861 [omNode-1@group-6C22E66A003A-LeaderElection17] INFO  impl.LeaderElection (LeaderElection.java:askForVotes(206)) - omNode-1@group-6C22E66A003A-LeaderElection17: begin an election at term 29 for 0: [omNode-3:localhost:11644, omNode-1:localhost:11632, omNode-2:localhost:11638], old=null
2020-04-15 04:08:16,384 [Thread-435] INFO  impl.FollowerState (FollowerState.java:run(108)) - omNode-1@group-6C22E66A003A-FollowerState: change to CANDIDATE, lastRpcTime:1164ms, electionTimeout:1144ms
2020-04-15 04:08:16,536 [Thread-435] INFO  impl.RoleInfo (RoleInfo.java:shutdownFollowerState(121)) - omNode-1: shutdown FollowerState
2020-04-15 04:08:16,536 [Thread-435] INFO  impl.RaftServerImpl (RaftServerImpl.java:setRole(172)) - omNode-1@group-6C22E66A003A: changes role from  FOLLOWER to CANDIDATE at term 29 for changeToCandidate
2020-04-15 04:08:16,330 [omNode-3@group-6C22E66A003A-LeaderElection14] INFO  impl.LeaderElection (LeaderElection.java:logAndReturn(61)) - omNode-3@group-6C22E66A003A-LeaderElection14: Election TIMEOUT; received 0 response(s) [] and 0 exception(s); omNode-3@group-6C22E66A003A:t29, leader=null, voted=omNode-3, raftlog=omNode-3@group-6C22E66A003A-SegmentedRaftLog:OPENED:c-1,f-1,i0, conf=-1: [omNode-3:localhost:11644, omNode-1:localhost:11632, omNode-2:localhost:11638], old=null
2020-04-15 04:08:16,209 [Thread-433] INFO  impl.FollowerState (FollowerState.java:run(108)) - omNode-2@group-6C22E66A003A-FollowerState: change to CANDIDATE, lastRpcTime:1107ms, electionTimeout:1055ms
2020-04-15 04:08:16,558 [Thread-433] INFO  impl.RoleInfo (RoleInfo.java:shutdownFollowerState(121)) - omNode-2: shutdown FollowerState
2020-04-15 04:08:16,558 [Thread-433] INFO  impl.RaftServerImpl (RaftServerImpl.java:setRole(172)) - omNode-2@group-6C22E66A003A: changes role from  FOLLOWER to CANDIDATE at term 29 for changeToCandidate
2020-04-15 04:08:16,078 [omNode-2@group-6C22E66A003A-LeaderElection16] INFO  impl.LeaderElection (LeaderElection.java:askForVotes(206)) - omNode-2@group-6C22E66A003A-LeaderElection16: begin an election at term 29 for 0: [omNode-3:localhost:11644, omNode-1:localhost:11632, omNode-2:localhost:11638], old=null
2020-04-15 04:08:16,585 [Thread-435] INFO  impl.RoleInfo (RoleInfo.java:updateAndGet(143)) - omNode-1: start LeaderElection
2020-04-15 04:08:16,635 [Thread-433] INFO  impl.RoleInfo (RoleInfo.java:updateAndGet(143)) - omNode-2: start LeaderElection
2020-04-15 04:08:17,011 [omNode-1@group-6C22E66A003A-LeaderElection18] INFO  impl.LeaderElection (LeaderElection.java:askForVotes(206)) - omNode-1@group-6C22E66A003A-LeaderElection18: begin an election at term 30 for 0: [omNode-3:localhost:11644, omNode-1:localhost:11632, omNode-2:localhost:11638], old=null
2020-04-15 04:08:17,189 [omNode-3@group-6C22E66A003A-LeaderElection14] INFO  impl.LeaderElection (LeaderElection.java:askForVotes(206)) - omNode-3@group-6C22E66A003A-LeaderElection14: begin an election at term 30 for -1: [omNode-3:localhost:11644, omNode-1:localhost:11632, omNode-2:localhost:11638], old=null
2020-04-15 04:08:17,045 [omNode-1@group-6C22E66A003A-LeaderElection17] INFO  impl.LeaderElection (LeaderElection.java:logAndReturn(61)) - omNode-1@group-6C22E66A003A-LeaderElection17: Election REJECTED; received 0 response(s) [] and 0 exception(s); omNode-1@group-6C22E66A003A:t30, leader=null, voted=omNode-1, raftlog=omNode-1@group-6C22E66A003A-SegmentedRaftLog:OPENED:c-1,f0,i0, conf=0: [omNode-3:localhost:11644, omNode-1:localhost:11632, omNode-2:localhost:11638], old=null
2020-04-15 04:08:17,045 [Datanode State Machine Thread - 0] WARN  statemachine.EndpointStateMachine (EndpointStateMachine.java:logIfNeeded(217)) - Unable to communicate to SCM server at 0.0.0.0:40289 for past 0 seconds.
java.net.SocketTimeoutException: Call From edabee8e3155/172.17.0.2 to 0.0.0.0:40289 failed on socket timeout exception: java.net.SocketTimeoutException: 1000 millis timeout while waiting for channel to be ready for read. ch : java.nio.channels.SocketChannel[connected local=/172.17.0.2:46904 remote=0.0.0.0/0.0.0.0:40289]; For more details see:  http://wiki.apache.org/hadoop/SocketTimeout
	at sun.reflect.NativeConstructorAccessorImpl.newInstance0(Native Method)
	at sun.reflect.NativeConstructorAccessorImpl.newInstance(NativeConstructorAccessorImpl.java:62)
	at sun.reflect.DelegatingConstructorAccessorImpl.newInstance(DelegatingConstructorAccessorImpl.java:45)
	at java.lang.reflect.Constructor.newInstance(Constructor.java:423)
	at org.apache.hadoop.net.NetUtils.wrapWithMessage(NetUtils.java:831)
	at org.apache.hadoop.net.NetUtils.wrapException(NetUtils.java:775)
	at org.apache.hadoop.ipc.Client.getRpcResponse(Client.java:1515)
	at org.apache.hadoop.ipc.Client.call(Client.java:1457)
	at org.apache.hadoop.ipc.Client.call(Client.java:1367)
	at org.apache.hadoop.ipc.ProtobufRpcEngine$Invoker.invoke(ProtobufRpcEngine.java:228)
	at org.apache.hadoop.ipc.ProtobufRpcEngine$Invoker.invoke(ProtobufRpcEngine.java:116)
	at com.sun.proxy.$Proxy40.submitRequest(Unknown Source)
	at org.apache.hadoop.ozone.protocolPB.StorageContainerDatanodeProtocolClientSideTranslatorPB.submitRequest(StorageContainerDatanodeProtocolClientSideTranslatorPB.java:116)
	at org.apache.hadoop.ozone.protocolPB.StorageContainerDatanodeProtocolClientSideTranslatorPB.getVersion(StorageContainerDatanodeProtocolClientSideTranslatorPB.java:132)
	at org.apache.hadoop.ozone.container.common.states.endpoint.VersionEndpointTask.call(VersionEndpointTask.java:71)
	at org.apache.hadoop.ozone.container.common.states.endpoint.VersionEndpointTask.call(VersionEndpointTask.java:42)
	at java.util.concurrent.FutureTask.run(FutureTask.java:266)
	at java.util.concurrent.Executors$RunnableAdapter.call(Executors.java:511)
	at java.util.concurrent.FutureTask.run(FutureTask.java:266)
	at java.util.concurrent.ThreadPoolExecutor.runWorker(ThreadPoolExecutor.java:1149)
	at java.util.concurrent.ThreadPoolExecutor$Worker.run(ThreadPoolExecutor.java:624)
	at java.lang.Thread.run(Thread.java:748)
Caused by: java.net.SocketTimeoutException: 1000 millis timeout while waiting for channel to be ready for read. ch : java.nio.channels.SocketChannel[connected local=/172.17.0.2:46904 remote=0.0.0.0/0.0.0.0:40289]
	at org.apache.hadoop.net.SocketIOWithTimeout.doIO(SocketIOWithTimeout.java:164)
	at org.apache.hadoop.net.SocketInputStream.read(SocketInputStream.java:161)
	at org.apache.hadoop.net.SocketInputStream.read(SocketInputStream.java:131)
	at java.io.FilterInputStream.read(FilterInputStream.java:133)
	at java.io.BufferedInputStream.fill(BufferedInputStream.java:246)
	at java.io.BufferedInputStream.read(BufferedInputStream.java:265)
	at java.io.FilterInputStream.read(FilterInputStream.java:83)
	at java.io.FilterInputStream.read(FilterInputStream.java:83)
	at org.apache.hadoop.ipc.Client$Connection$PingInputStream.read(Client.java:557)
	at java.io.DataInputStream.readInt(DataInputStream.java:387)
	at org.apache.hadoop.ipc.Client$IpcStreams.readResponse(Client.java:1816)
	at org.apache.hadoop.ipc.Client$Connection.receiveRpcResponse(Client.java:1173)
	at org.apache.hadoop.ipc.Client$Connection.run(Client.java:1069)
2020-04-15 04:08:17,045 [Datanode State Machine Thread - 1] WARN  statemachine.EndpointStateMachine (EndpointStateMachine.java:logIfNeeded(217)) - Unable to communicate to SCM server at 0.0.0.0:40289 for past 0 seconds.
java.net.SocketTimeoutException: Call From edabee8e3155/172.17.0.2 to 0.0.0.0:40289 failed on socket timeout exception: java.net.SocketTimeoutException: 1000 millis timeout while waiting for channel to be ready for read. ch : java.nio.channels.SocketChannel[connected local=/172.17.0.2:46904 remote=0.0.0.0/0.0.0.0:40289]; For more details see:  http://wiki.apache.org/hadoop/SocketTimeout
	at sun.reflect.NativeConstructorAccessorImpl.newInstance0(Native Method)
	at sun.reflect.NativeConstructorAccessorImpl.newInstance(NativeConstructorAccessorImpl.java:62)
	at sun.reflect.DelegatingConstructorAccessorImpl.newInstance(DelegatingConstructorAccessorImpl.java:45)
	at java.lang.reflect.Constructor.newInstance(Constructor.java:423)
	at org.apache.hadoop.net.NetUtils.wrapWithMessage(NetUtils.java:831)
	at org.apache.hadoop.net.NetUtils.wrapException(NetUtils.java:775)
	at org.apache.hadoop.ipc.Client.getRpcResponse(Client.java:1515)
	at org.apache.hadoop.ipc.Client.call(Client.java:1457)
	at org.apache.hadoop.ipc.Client.call(Client.java:1367)
	at org.apache.hadoop.ipc.ProtobufRpcEngine$Invoker.invoke(ProtobufRpcEngine.java:228)
	at org.apache.hadoop.ipc.ProtobufRpcEngine$Invoker.invoke(ProtobufRpcEngine.java:116)
	at com.sun.proxy.$Proxy40.submitRequest(Unknown Source)
	at org.apache.hadoop.ozone.protocolPB.StorageContainerDatanodeProtocolClientSideTranslatorPB.submitRequest(StorageContainerDatanodeProtocolClientSideTranslatorPB.java:116)
	at org.apache.hadoop.ozone.protocolPB.StorageContainerDatanodeProtocolClientSideTranslatorPB.sendHeartbeat(StorageContainerDatanodeProtocolClientSideTranslatorPB.java:148)
	at org.apache.hadoop.ozone.container.common.states.endpoint.HeartbeatEndpointTask.call(HeartbeatEndpointTask.java:145)
	at org.apache.hadoop.ozone.container.common.states.endpoint.HeartbeatEndpointTask.call(HeartbeatEndpointTask.java:76)
	at java.util.concurrent.FutureTask.run(FutureTask.java:266)
	at java.util.concurrent.Executors$RunnableAdapter.call(Executors.java:511)
	at java.util.concurrent.FutureTask.run(FutureTask.java:266)
	at java.util.concurrent.ThreadPoolExecutor.runWorker(ThreadPoolExecutor.java:1149)
	at java.util.concurrent.ThreadPoolExecutor$Worker.run(ThreadPoolExecutor.java:624)
	at java.lang.Thread.run(Thread.java:748)
Caused by: java.net.SocketTimeoutException: 1000 millis timeout while waiting for channel to be ready for read. ch : java.nio.channels.SocketChannel[connected local=/172.17.0.2:46904 remote=0.0.0.0/0.0.0.0:40289]
	at org.apache.hadoop.net.SocketIOWithTimeout.doIO(SocketIOWithTimeout.java:164)
	at org.apache.hadoop.net.SocketInputStream.read(SocketInputStream.java:161)
	at org.apache.hadoop.net.SocketInputStream.read(SocketInputStream.java:131)
	at java.io.FilterInputStream.read(FilterInputStream.java:133)
	at java.io.BufferedInputStream.fill(BufferedInputStream.java:246)
	at java.io.BufferedInputStream.read(BufferedInputStream.java:265)
	at java.io.FilterInputStream.read(FilterInputStream.java:83)
	at java.io.FilterInputStream.read(FilterInputStream.java:83)
	at org.apache.hadoop.ipc.Client$Connection$PingInputStream.read(Client.java:557)
	at java.io.DataInputStream.readInt(DataInputStream.java:387)
	at org.apache.hadoop.ipc.Client$IpcStreams.readResponse(Client.java:1816)
	at org.apache.hadoop.ipc.Client$Connection.receiveRpcResponse(Client.java:1173)
	at org.apache.hadoop.ipc.Client$Connection.run(Client.java:1069)
2020-04-15 04:08:17,022 [Datanode State Machine Thread - 3] WARN  statemachine.EndpointStateMachine (EndpointStateMachine.java:logIfNeeded(217)) - Unable to communicate to SCM server at 0.0.0.0:40289 for past 0 seconds.
java.net.SocketTimeoutException: Call From edabee8e3155/172.17.0.2 to 0.0.0.0:40289 failed on socket timeout exception: java.net.SocketTimeoutException: 1000 millis timeout while waiting for channel to be ready for read. ch : java.nio.channels.SocketChannel[connected local=/172.17.0.2:46904 remote=0.0.0.0/0.0.0.0:40289]; For more details see:  http://wiki.apache.org/hadoop/SocketTimeout
	at sun.reflect.NativeConstructorAccessorImpl.newInstance0(Native Method)
	at sun.reflect.NativeConstructorAccessorImpl.newInstance(NativeConstructorAccessorImpl.java:62)
	at sun.reflect.DelegatingConstructorAccessorImpl.newInstance(DelegatingConstructorAccessorImpl.java:45)
	at java.lang.reflect.Constructor.newInstance(Constructor.java:423)
	at org.apache.hadoop.net.NetUtils.wrapWithMessage(NetUtils.java:831)
	at org.apache.hadoop.net.NetUtils.wrapException(NetUtils.java:775)
	at org.apache.hadoop.ipc.Client.getRpcResponse(Client.java:1515)
	at org.apache.hadoop.ipc.Client.call(Client.java:1457)
	at org.apache.hadoop.ipc.Client.call(Client.java:1367)
	at org.apache.hadoop.ipc.ProtobufRpcEngine$Invoker.invoke(ProtobufRpcEngine.java:228)
	at org.apache.hadoop.ipc.ProtobufRpcEngine$Invoker.invoke(ProtobufRpcEngine.java:116)
	at com.sun.proxy.$Proxy40.submitRequest(Unknown Source)
	at org.apache.hadoop.ozone.protocolPB.StorageContainerDatanodeProtocolClientSideTranslatorPB.submitRequest(StorageContainerDatanodeProtocolClientSideTranslatorPB.java:116)
	at org.apache.hadoop.ozone.protocolPB.StorageContainerDatanodeProtocolClientSideTranslatorPB.sendHeartbeat(StorageContainerDatanodeProtocolClientSideTranslatorPB.java:148)
	at org.apache.hadoop.ozone.container.common.states.endpoint.HeartbeatEndpointTask.call(HeartbeatEndpointTask.java:145)
	at org.apache.hadoop.ozone.container.common.states.endpoint.HeartbeatEndpointTask.call(HeartbeatEndpointTask.java:76)
	at java.util.concurrent.FutureTask.run(FutureTask.java:266)
	at java.util.concurrent.Executors$RunnableAdapter.call(Executors.java:511)
	at java.util.concurrent.FutureTask.run(FutureTask.java:266)
	at java.util.concurrent.ThreadPoolExecutor.runWorker(ThreadPoolExecutor.java:1149)
	at java.util.concurrent.ThreadPoolExecutor$Worker.run(ThreadPoolExecutor.java:624)
	at java.lang.Thread.run(Thread.java:748)
Caused by: java.net.SocketTimeoutException: 1000 millis timeout while waiting for channel to be ready for read. ch : java.nio.channels.SocketChannel[connected local=/172.17.0.2:46904 remote=0.0.0.0/0.0.0.0:40289]
	at org.apache.hadoop.net.SocketIOWithTimeout.doIO(SocketIOWithTimeout.java:164)
	at org.apache.hadoop.net.SocketInputStream.read(SocketInputStream.java:161)
	at org.apache.hadoop.net.SocketInputStream.read(SocketInputStream.java:131)
	at java.io.FilterInputStream.read(FilterInputStream.java:133)
	at java.io.BufferedInputStream.fill(BufferedInputStream.java:246)
	at java.io.BufferedInputStream.read(BufferedInputStream.java:265)
	at java.io.FilterInputStream.read(FilterInputStream.java:83)
	at java.io.FilterInputStream.read(FilterInputStream.java:83)
	at org.apache.hadoop.ipc.Client$Connection$PingInputStream.read(Client.java:557)
	at java.io.DataInputStream.readInt(DataInputStream.java:387)
	at org.apache.hadoop.ipc.Client$IpcStreams.readResponse(Client.java:1816)
	at org.apache.hadoop.ipc.Client$Connection.receiveRpcResponse(Client.java:1173)
	at org.apache.hadoop.ipc.Client$Connection.run(Client.java:1069)
2020-04-15 04:08:17,638 [main] INFO  ozone.MiniOzoneClusterImpl (MiniOzoneClusterImpl.java:lambda$waitForClusterToBeReady$0(177)) - Waiting for nodes to be ready. Got 2 of 3 DN Heartbeats.
2020-04-15 04:08:18,411 [main] INFO  ozone.MiniOzoneClusterImpl (MiniOzoneClusterImpl.java:lambda$waitForClusterToBeReady$0(180)) - Waiting for cluster to exit safe mode
2020-04-15 04:08:17,458 [omNode-2@group-6C22E66A003A-LeaderElection16] INFO  impl.LeaderElection (LeaderElection.java:logAndReturn(61)) - omNode-2@group-6C22E66A003A-LeaderElection16: Election REJECTED; received 0 response(s) [] and 0 exception(s); omNode-2@group-6C22E66A003A:t30, leader=null, voted=omNode-2, raftlog=omNode-2@group-6C22E66A003A-SegmentedRaftLog:OPENED:c0,f0,i0, conf=0: [omNode-3:localhost:11644, omNode-1:localhost:11632, omNode-2:localhost:11638], old=null
2020-04-15 04:08:17,393 [omNode-2@group-6C22E66A003A-LeaderElection19] INFO  impl.LeaderElection (LeaderElection.java:askForVotes(206)) - omNode-2@group-6C22E66A003A-LeaderElection19: begin an election at term 30 for 0: [omNode-3:localhost:11644, omNode-1:localhost:11632, omNode-2:localhost:11638], old=null
2020-04-15 04:08:18,531 [omNode-1@group-6C22E66A003A-LeaderElection18] INFO  impl.LeaderElection (LeaderElection.java:logAndReturn(61)) - omNode-1@group-6C22E66A003A-LeaderElection18: Election TIMEOUT; received 0 response(s) [] and 0 exception(s); omNode-1@group-6C22E66A003A:t30, leader=null, voted=omNode-1, raftlog=omNode-1@group-6C22E66A003A-SegmentedRaftLog:OPENED:c-1,f0,i0, conf=0: [omNode-3:localhost:11644, omNode-1:localhost:11632, omNode-2:localhost:11638], old=null
2020-04-15 04:08:18,993 [IPC Server handler 8 on 40289] INFO  ipc.Server (Server.java:run(869)) - IPC Server handler 8 on 40289: skipped Call#19 Retry#0 org.apache.hadoop.ozone.protocol.StorageContainerDatanodeProtocol.submitRequest from 172.17.0.2:46904
2020-04-15 04:08:18,958 [IPC Server handler 13 on 40289] WARN  ipc.Server (Server.java:processResponse(1523)) - IPC Server handler 13 on 40289, call Call#18 Retry#0 org.apache.hadoop.ozone.protocol.StorageContainerDatanodeProtocol.submitRequest from 172.17.0.2:46904: output error
2020-04-15 04:08:18,553 [omNode-3@group-6C22E66A003A-LeaderElection14] INFO  impl.LeaderElection (LeaderElection.java:logAndReturn(61)) - omNode-3@group-6C22E66A003A-LeaderElection14: Election TIMEOUT; received 0 response(s) [] and 0 exception(s); omNode-3@group-6C22E66A003A:t30, leader=null, voted=omNode-3, raftlog=omNode-3@group-6C22E66A003A-SegmentedRaftLog:OPENED:c-1,f-1,i0, conf=-1: [omNode-3:localhost:11644, omNode-1:localhost:11632, omNode-2:localhost:11638], old=null
2020-04-15 04:08:19,658 [IPC Server handler 13 on 40289] INFO  ipc.Server (Server.java:run(2695)) - IPC Server handler 13 on 40289 caught an exception
java.nio.channels.ClosedChannelException
	at sun.nio.ch.SocketChannelImpl.ensureWriteOpen(SocketChannelImpl.java:270)
	at sun.nio.ch.SocketChannelImpl.write(SocketChannelImpl.java:461)
	at org.apache.hadoop.ipc.Server.channelWrite(Server.java:3250)
	at org.apache.hadoop.ipc.Server.access$1700(Server.java:137)
	at org.apache.hadoop.ipc.Server$Responder.processResponse(Server.java:1473)
	at org.apache.hadoop.ipc.Server$Responder.doRespond(Server.java:1543)
	at org.apache.hadoop.ipc.Server$Connection.sendResponse(Server.java:2593)
	at org.apache.hadoop.ipc.Server$Connection.access$300(Server.java:1615)
	at org.apache.hadoop.ipc.Server$RpcCall.doResponse(Server.java:940)
	at org.apache.hadoop.ipc.Server$Call.sendResponse(Server.java:774)
	at org.apache.hadoop.ipc.Server$RpcCall.run(Server.java:885)
	at org.apache.hadoop.ipc.Server$RpcCall.run(Server.java:822)
	at java.security.AccessController.doPrivileged(Native Method)
	at javax.security.auth.Subject.doAs(Subject.java:422)
	at org.apache.hadoop.security.UserGroupInformation.doAs(UserGroupInformation.java:1730)
	at org.apache.hadoop.ipc.Server$Handler.run(Server.java:2682)
2020-04-15 04:08:19,647 [omNode-2@group-6C22E66A003A-LeaderElection19] INFO  impl.LeaderElection (LeaderElection.java:logAndReturn(61)) - omNode-2@group-6C22E66A003A-LeaderElection19: Election TIMEOUT; received 0 response(s) [] and 0 exception(s); omNode-2@group-6C22E66A003A:t30, leader=null, voted=omNode-2, raftlog=omNode-2@group-6C22E66A003A-SegmentedRaftLog:OPENED:c0,f0,i0, conf=0: [omNode-3:localhost:11644, omNode-1:localhost:11632, omNode-2:localhost:11638], old=null
2020-04-15 04:08:19,413 [main] INFO  ozone.MiniOzoneClusterImpl (MiniOzoneClusterImpl.java:lambda$waitForClusterToBeReady$0(177)) - Waiting for nodes to be ready. Got 2 of 3 DN Heartbeats.
2020-04-15 04:08:20,310 [main] INFO  ozone.MiniOzoneClusterImpl (MiniOzoneClusterImpl.java:lambda$waitForClusterToBeReady$0(180)) - Waiting for cluster to exit safe mode
2020-04-15 04:08:19,658 [omNode-1@group-6C22E66A003A-LeaderElection18] INFO  impl.LeaderElection (LeaderElection.java:askForVotes(206)) - omNode-1@group-6C22E66A003A-LeaderElection18: begin an election at term 31 for 0: [omNode-3:localhost:11644, omNode-1:localhost:11632, omNode-2:localhost:11638], old=null
2020-04-15 04:08:20,380 [omNode-3@group-6C22E66A003A-LeaderElection14] INFO  impl.LeaderElection (LeaderElection.java:askForVotes(206)) - omNode-3@group-6C22E66A003A-LeaderElection14: begin an election at term 31 for -1: [omNode-3:localhost:11644, omNode-1:localhost:11632, omNode-2:localhost:11638], old=null
2020-04-15 04:08:20,727 [omNode-2@group-6C22E66A003A-LeaderElection19] INFO  impl.LeaderElection (LeaderElection.java:askForVotes(206)) - omNode-2@group-6C22E66A003A-LeaderElection19: begin an election at term 31 for 0: [omNode-3:localhost:11644, omNode-1:localhost:11632, omNode-2:localhost:11638], old=null
2020-04-15 04:08:21,697 [omNode-3@group-6C22E66A003A-LeaderElection14] INFO  impl.LeaderElection (LeaderElection.java:logAndReturn(61)) - omNode-3@group-6C22E66A003A-LeaderElection14: Election TIMEOUT; received 0 response(s) [] and 0 exception(s); omNode-3@group-6C22E66A003A:t31, leader=null, voted=omNode-3, raftlog=omNode-3@group-6C22E66A003A-SegmentedRaftLog:OPENED:c-1,f-1,i0, conf=-1: [omNode-3:localhost:11644, omNode-1:localhost:11632, omNode-2:localhost:11638], old=null
2020-04-15 04:08:21,323 [main] INFO  ozone.MiniOzoneClusterImpl (MiniOzoneClusterImpl.java:lambda$waitForClusterToBeReady$0(177)) - Waiting for nodes to be ready. Got 2 of 3 DN Heartbeats.
2020-04-15 04:08:22,114 [main] INFO  ozone.MiniOzoneClusterImpl (MiniOzoneClusterImpl.java:lambda$waitForClusterToBeReady$0(180)) - Waiting for cluster to exit safe mode
2020-04-15 04:08:21,516 [omNode-1@group-6C22E66A003A-LeaderElection18] INFO  impl.LeaderElection (LeaderElection.java:logAndReturn(61)) - omNode-1@group-6C22E66A003A-LeaderElection18: Election TIMEOUT; received 0 response(s) [] and 0 exception(s); omNode-1@group-6C22E66A003A:t31, leader=null, voted=omNode-1, raftlog=omNode-1@group-6C22E66A003A-SegmentedRaftLog:OPENED:c-1,f0,i0, conf=0: [omNode-3:localhost:11644, omNode-1:localhost:11632, omNode-2:localhost:11638], old=null
2020-04-15 04:08:22,185 [omNode-3@group-6C22E66A003A-LeaderElection14] INFO  impl.LeaderElection (LeaderElection.java:askForVotes(206)) - omNode-3@group-6C22E66A003A-LeaderElection14: begin an election at term 32 for -1: [omNode-3:localhost:11644, omNode-1:localhost:11632, omNode-2:localhost:11638], old=null
2020-04-15 04:08:23,547 [IPC Server handler 13 on 40289] WARN  ipc.Server (Server.java:processResponse(1523)) - IPC Server handler 13 on 40289, call Call#21 Retry#0 org.apache.hadoop.ozone.protocol.StorageContainerDatanodeProtocol.submitRequest from 172.17.0.2:46918: output error
2020-04-15 04:08:23,814 [omNode-1@group-6C22E66A003A-LeaderElection18] INFO  impl.LeaderElection (LeaderElection.java:askForVotes(206)) - omNode-1@group-6C22E66A003A-LeaderElection18: begin an election at term 32 for 0: [omNode-3:localhost:11644, omNode-1:localhost:11632, omNode-2:localhost:11638], old=null
2020-04-15 04:08:23,599 [main] INFO  ozone.MiniOzoneClusterImpl (MiniOzoneClusterImpl.java:lambda$waitForClusterToBeReady$0(177)) - Waiting for nodes to be ready. Got 2 of 3 DN Heartbeats.
2020-04-15 04:08:23,570 [omNode-2@group-6C22E66A003A-LeaderElection19] INFO  impl.LeaderElection (LeaderElection.java:logAndReturn(61)) - omNode-2@group-6C22E66A003A-LeaderElection19: Election TIMEOUT; received 0 response(s) [] and 0 exception(s); omNode-2@group-6C22E66A003A:t31, leader=null, voted=omNode-2, raftlog=omNode-2@group-6C22E66A003A-SegmentedRaftLog:OPENED:c0,f0,i0, conf=0: [omNode-3:localhost:11644, omNode-1:localhost:11632, omNode-2:localhost:11638], old=null
2020-04-15 04:08:25,142 [Socket Reader #1 for port 40289] INFO  ipc.Server (Server.java:doRunLoop(1111)) - Socket Reader #1 for port 40289: connection aborted from 172.17.0.2:46918
2020-04-15 04:08:25,141 [IPC Server handler 1 on 40289] WARN  ipc.Server (Server.java:processResponse(1523)) - IPC Server handler 1 on 40289, call Call#25 Retry#0 org.apache.hadoop.ozone.protocol.StorageContainerDatanodeProtocol.submitRequest from 172.17.0.2:46920: output error
2020-04-15 04:08:25,088 [main] INFO  ozone.MiniOzoneClusterImpl (MiniOzoneClusterImpl.java:lambda$waitForClusterToBeReady$0(180)) - Waiting for cluster to exit safe mode
2020-04-15 04:08:24,652 [omNode-3@group-6C22E66A003A-LeaderElection14] INFO  impl.LeaderElection (LeaderElection.java:logAndReturn(61)) - omNode-3@group-6C22E66A003A-LeaderElection14: Election TIMEOUT; received 0 response(s) [] and 0 exception(s); omNode-3@group-6C22E66A003A:t32, leader=null, voted=omNode-3, raftlog=omNode-3@group-6C22E66A003A-SegmentedRaftLog:OPENED:c-1,f-1,i0, conf=-1: [omNode-3:localhost:11644, omNode-1:localhost:11632, omNode-2:localhost:11638], old=null
2020-04-15 04:08:23,901 [IPC Server handler 13 on 40289] INFO  ipc.Server (Server.java:run(2695)) - IPC Server handler 13 on 40289 caught an exception
java.io.IOException: Broken pipe
	at sun.nio.ch.FileDispatcherImpl.write0(Native Method)
	at sun.nio.ch.SocketDispatcher.write(SocketDispatcher.java:47)
	at sun.nio.ch.IOUtil.writeFromNativeBuffer(IOUtil.java:93)
	at sun.nio.ch.IOUtil.write(IOUtil.java:65)
	at sun.nio.ch.SocketChannelImpl.write(SocketChannelImpl.java:471)
	at org.apache.hadoop.ipc.Server.channelWrite(Server.java:3250)
	at org.apache.hadoop.ipc.Server.access$1700(Server.java:137)
	at org.apache.hadoop.ipc.Server$Responder.processResponse(Server.java:1473)
	at org.apache.hadoop.ipc.Server$Responder.doRespond(Server.java:1543)
	at org.apache.hadoop.ipc.Server$Connection.sendResponse(Server.java:2593)
	at org.apache.hadoop.ipc.Server$Connection.access$300(Server.java:1615)
	at org.apache.hadoop.ipc.Server$RpcCall.doResponse(Server.java:940)
	at org.apache.hadoop.ipc.Server$Call.sendResponse(Server.java:774)
	at org.apache.hadoop.ipc.Server$RpcCall.run(Server.java:885)
	at org.apache.hadoop.ipc.Server$RpcCall.run(Server.java:822)
	at java.security.AccessController.doPrivileged(Native Method)
	at javax.security.auth.Subject.doAs(Subject.java:422)
	at org.apache.hadoop.security.UserGroupInformation.doAs(UserGroupInformation.java:1730)
	at org.apache.hadoop.ipc.Server$Handler.run(Server.java:2682)
2020-04-15 04:08:25,521 [IPC Server handler 1 on 40289] INFO  ipc.Server (Server.java:run(2695)) - IPC Server handler 1 on 40289 caught an exception
java.io.IOException: Broken pipe
	at sun.nio.ch.FileDispatcherImpl.write0(Native Method)
	at sun.nio.ch.SocketDispatcher.write(SocketDispatcher.java:47)
	at sun.nio.ch.IOUtil.writeFromNativeBuffer(IOUtil.java:93)
	at sun.nio.ch.IOUtil.write(IOUtil.java:65)
	at sun.nio.ch.SocketChannelImpl.write(SocketChannelImpl.java:471)
	at org.apache.hadoop.ipc.Server.channelWrite(Server.java:3250)
	at org.apache.hadoop.ipc.Server.access$1700(Server.java:137)
	at org.apache.hadoop.ipc.Server$Responder.processResponse(Server.java:1473)
	at org.apache.hadoop.ipc.Server$Responder.doRespond(Server.java:1543)
	at org.apache.hadoop.ipc.Server$Connection.sendResponse(Server.java:2593)
	at org.apache.hadoop.ipc.Server$Connection.access$300(Server.java:1615)
	at org.apache.hadoop.ipc.Server$RpcCall.doResponse(Server.java:940)
	at org.apache.hadoop.ipc.Server$Call.sendResponse(Server.java:774)
	at org.apache.hadoop.ipc.Server$RpcCall.run(Server.java:885)
	at org.apache.hadoop.ipc.Server$RpcCall.run(Server.java:822)
	at java.security.AccessController.doPrivileged(Native Method)
	at javax.security.auth.Subject.doAs(Subject.java:422)
	at org.apache.hadoop.security.UserGroupInformation.doAs(UserGroupInformation.java:1730)
	at org.apache.hadoop.ipc.Server$Handler.run(Server.java:2682)
2020-04-15 04:08:25,579 [omNode-2@group-6C22E66A003A-LeaderElection19] INFO  impl.LeaderElection (LeaderElection.java:askForVotes(206)) - omNode-2@group-6C22E66A003A-LeaderElection19: begin an election at term 32 for 0: [omNode-3:localhost:11644, omNode-1:localhost:11632, omNode-2:localhost:11638], old=null
2020-04-15 04:08:25,725 [omNode-3@group-6C22E66A003A-LeaderElection14] INFO  impl.LeaderElection (LeaderElection.java:askForVotes(206)) - omNode-3@group-6C22E66A003A-LeaderElection14: begin an election at term 33 for -1: [omNode-3:localhost:11644, omNode-1:localhost:11632, omNode-2:localhost:11638], old=null
2020-04-15 04:08:26,037 [omNode-1@group-6C22E66A003A-LeaderElection18] INFO  impl.LeaderElection (LeaderElection.java:logAndReturn(61)) - omNode-1@group-6C22E66A003A-LeaderElection18: Election TIMEOUT; received 0 response(s) [] and 0 exception(s); omNode-1@group-6C22E66A003A:t32, leader=null, voted=omNode-1, raftlog=omNode-1@group-6C22E66A003A-SegmentedRaftLog:OPENED:c-1,f0,i0, conf=0: [omNode-3:localhost:11644, omNode-1:localhost:11632, omNode-2:localhost:11638], old=null
2020-04-15 04:08:26,551 [main] INFO  ozone.MiniOzoneClusterImpl (MiniOzoneClusterImpl.java:lambda$waitForClusterToBeReady$0(177)) - Waiting for nodes to be ready. Got 2 of 3 DN Heartbeats.
2020-04-15 04:08:26,942 [main] INFO  ozone.MiniOzoneClusterImpl (MiniOzoneClusterImpl.java:lambda$waitForClusterToBeReady$0(180)) - Waiting for cluster to exit safe mode
2020-04-15 04:08:27,019 [omNode-1@group-6C22E66A003A-LeaderElection18] INFO  impl.LeaderElection (LeaderElection.java:askForVotes(206)) - omNode-1@group-6C22E66A003A-LeaderElection18: begin an election at term 33 for 0: [omNode-3:localhost:11644, omNode-1:localhost:11632, omNode-2:localhost:11638], old=null
2020-04-15 04:08:27,007 [omNode-2@group-6C22E66A003A-LeaderElection19] INFO  impl.LeaderElection (LeaderElection.java:logAndReturn(61)) - omNode-2@group-6C22E66A003A-LeaderElection19: Election TIMEOUT; received 0 response(s) [] and 0 exception(s); omNode-2@group-6C22E66A003A:t32, leader=null, voted=omNode-2, raftlog=omNode-2@group-6C22E66A003A-SegmentedRaftLog:OPENED:c0,f0,i0, conf=0: [omNode-3:localhost:11644, omNode-1:localhost:11632, omNode-2:localhost:11638], old=null
2020-04-15 04:08:27,695 [omNode-3@group-6C22E66A003A-LeaderElection14] INFO  impl.LeaderElection (LeaderElection.java:logAndReturn(61)) - omNode-3@group-6C22E66A003A-LeaderElection14: Election TIMEOUT; received 0 response(s) [] and 0 exception(s); omNode-3@group-6C22E66A003A:t33, leader=null, voted=omNode-3, raftlog=omNode-3@group-6C22E66A003A-SegmentedRaftLog:OPENED:c-1,f-1,i0, conf=-1: [omNode-3:localhost:11644, omNode-1:localhost:11632, omNode-2:localhost:11638], old=null
2020-04-15 04:08:28,242 [omNode-1@group-6C22E66A003A-LeaderElection18] INFO  impl.LeaderElection (LeaderElection.java:logAndReturn(61)) - omNode-1@group-6C22E66A003A-LeaderElection18: Election TIMEOUT; received 0 response(s) [] and 0 exception(s); omNode-1@group-6C22E66A003A:t33, leader=null, voted=omNode-1, raftlog=omNode-1@group-6C22E66A003A-SegmentedRaftLog:OPENED:c-1,f0,i0, conf=0: [omNode-3:localhost:11644, omNode-1:localhost:11632, omNode-2:localhost:11638], old=null
2020-04-15 04:08:28,141 [omNode-2@group-6C22E66A003A-LeaderElection19] INFO  impl.LeaderElection (LeaderElection.java:askForVotes(206)) - omNode-2@group-6C22E66A003A-LeaderElection19: begin an election at term 33 for 0: [omNode-3:localhost:11644, omNode-1:localhost:11632, omNode-2:localhost:11638], old=null
2020-04-15 04:08:28,130 [main] INFO  ozone.MiniOzoneClusterImpl (MiniOzoneClusterImpl.java:lambda$waitForClusterToBeReady$0(177)) - Waiting for nodes to be ready. Got 2 of 3 DN Heartbeats.
2020-04-15 04:08:28,476 [main] INFO  ozone.MiniOzoneClusterImpl (MiniOzoneClusterImpl.java:lambda$waitForClusterToBeReady$0(180)) - Waiting for cluster to exit safe mode
2020-04-15 04:08:28,463 [Socket Reader #1 for port 40289] INFO  ipc.Server (Server.java:doRunLoop(1111)) - Socket Reader #1 for port 40289: connection aborted from 172.17.0.2:46920
2020-04-15 04:08:28,510 [omNode-3@group-6C22E66A003A-LeaderElection14] INFO  impl.LeaderElection (LeaderElection.java:askForVotes(206)) - omNode-3@group-6C22E66A003A-LeaderElection14: begin an election at term 34 for -1: [omNode-3:localhost:11644, omNode-1:localhost:11632, omNode-2:localhost:11638], old=null
2020-04-15 04:08:28,522 [omNode-1@group-6C22E66A003A-LeaderElection18] INFO  impl.LeaderElection (LeaderElection.java:askForVotes(206)) - omNode-1@group-6C22E66A003A-LeaderElection18: begin an election at term 34 for 0: [omNode-3:localhost:11644, omNode-1:localhost:11632, omNode-2:localhost:11638], old=null
2020-04-15 04:08:28,610 [IPC Server handler 12 on 40289] WARN  ipc.Server (Server.java:processResponse(1523)) - IPC Server handler 12 on 40289, call Call#27 Retry#0 org.apache.hadoop.ozone.protocol.StorageContainerDatanodeProtocol.submitRequest from 172.17.0.2:46934: output error
2020-04-15 04:08:28,610 [IPC Server handler 12 on 40289] INFO  ipc.Server (Server.java:run(2695)) - IPC Server handler 12 on 40289 caught an exception
java.io.IOException: Broken pipe
	at sun.nio.ch.FileDispatcherImpl.write0(Native Method)
	at sun.nio.ch.SocketDispatcher.write(SocketDispatcher.java:47)
	at sun.nio.ch.IOUtil.writeFromNativeBuffer(IOUtil.java:93)
	at sun.nio.ch.IOUtil.write(IOUtil.java:65)
	at sun.nio.ch.SocketChannelImpl.write(SocketChannelImpl.java:471)
	at org.apache.hadoop.ipc.Server.channelWrite(Server.java:3250)
	at org.apache.hadoop.ipc.Server.access$1700(Server.java:137)
	at org.apache.hadoop.ipc.Server$Responder.processResponse(Server.java:1473)
	at org.apache.hadoop.ipc.Server$Responder.doRespond(Server.java:1543)
	at org.apache.hadoop.ipc.Server$Connection.sendResponse(Server.java:2593)
	at org.apache.hadoop.ipc.Server$Connection.access$300(Server.java:1615)
	at org.apache.hadoop.ipc.Server$RpcCall.doResponse(Server.java:940)
	at org.apache.hadoop.ipc.Server$Call.sendResponse(Server.java:774)
	at org.apache.hadoop.ipc.Server$RpcCall.run(Server.java:885)
	at org.apache.hadoop.ipc.Server$RpcCall.run(Server.java:822)
	at java.security.AccessController.doPrivileged(Native Method)
	at javax.security.auth.Subject.doAs(Subject.java:422)
	at org.apache.hadoop.security.UserGroupInformation.doAs(UserGroupInformation.java:1730)
	at org.apache.hadoop.ipc.Server$Handler.run(Server.java:2682)
2020-04-15 04:08:28,949 [IPC Server handler 7 on 40289] WARN  ipc.Server (Server.java:processResponse(1523)) - IPC Server handler 7 on 40289, call Call#32 Retry#0 org.apache.hadoop.ozone.protocol.StorageContainerDatanodeProtocol.submitRequest from 172.17.0.2:46944: output error
2020-04-15 04:08:29,477 [main] INFO  ozone.MiniOzoneClusterImpl (MiniOzoneClusterImpl.java:lambda$waitForClusterToBeReady$0(177)) - Waiting for nodes to be ready. Got 2 of 3 DN Heartbeats.
2020-04-15 04:08:29,647 [omNode-1@group-6C22E66A003A-LeaderElection18] INFO  impl.LeaderElection (LeaderElection.java:logAndReturn(61)) - omNode-1@group-6C22E66A003A-LeaderElection18: Election TIMEOUT; received 0 response(s) [] and 0 exception(s); omNode-1@group-6C22E66A003A:t34, leader=null, voted=omNode-1, raftlog=omNode-1@group-6C22E66A003A-SegmentedRaftLog:OPENED:c-1,f0,i0, conf=0: [omNode-3:localhost:11644, omNode-1:localhost:11632, omNode-2:localhost:11638], old=null
2020-04-15 04:08:29,553 [IPC Server handler 7 on 40289] INFO  ipc.Server (Server.java:run(2695)) - IPC Server handler 7 on 40289 caught an exception
java.io.IOException: Broken pipe
	at sun.nio.ch.FileDispatcherImpl.write0(Native Method)
	at sun.nio.ch.SocketDispatcher.write(SocketDispatcher.java:47)
	at sun.nio.ch.IOUtil.writeFromNativeBuffer(IOUtil.java:93)
	at sun.nio.ch.IOUtil.write(IOUtil.java:65)
	at sun.nio.ch.SocketChannelImpl.write(SocketChannelImpl.java:471)
	at org.apache.hadoop.ipc.Server.channelWrite(Server.java:3250)
	at org.apache.hadoop.ipc.Server.access$1700(Server.java:137)
	at org.apache.hadoop.ipc.Server$Responder.processResponse(Server.java:1473)
	at org.apache.hadoop.ipc.Server$Responder.doRespond(Server.java:1543)
	at org.apache.hadoop.ipc.Server$Connection.sendResponse(Server.java:2593)
	at org.apache.hadoop.ipc.Server$Connection.access$300(Server.java:1615)
	at org.apache.hadoop.ipc.Server$RpcCall.doResponse(Server.java:940)
	at org.apache.hadoop.ipc.Server$Call.sendResponse(Server.java:774)
	at org.apache.hadoop.ipc.Server$RpcCall.run(Server.java:885)
	at org.apache.hadoop.ipc.Server$RpcCall.run(Server.java:822)
	at java.security.AccessController.doPrivileged(Native Method)
	at javax.security.auth.Subject.doAs(Subject.java:422)
	at org.apache.hadoop.security.UserGroupInformation.doAs(UserGroupInformation.java:1730)
	at org.apache.hadoop.ipc.Server$Handler.run(Server.java:2682)
2020-04-15 04:08:29,276 [grpc-default-executor-7] INFO  impl.RaftServerImpl (RaftServerImpl.java:setRole(172)) - omNode-2@group-6C22E66A003A: changes role from CANDIDATE to FOLLOWER at term 34 for recognizeCandidate:omNode-3
2020-04-15 04:08:29,703 [grpc-default-executor-7] INFO  impl.RoleInfo (RoleInfo.java:shutdownLeaderElection(134)) - omNode-2: shutdown LeaderElection
2020-04-15 04:08:29,703 [grpc-default-executor-7] INFO  impl.RoleInfo (RoleInfo.java:updateAndGet(143)) - omNode-2: start FollowerState
2020-04-15 04:08:29,703 [main] INFO  ozone.MiniOzoneClusterImpl (MiniOzoneClusterImpl.java:lambda$waitForClusterToBeReady$0(180)) - Waiting for cluster to exit safe mode
2020-04-15 04:08:29,790 [omNode-2@group-6C22E66A003A-LeaderElection19] INFO  impl.LeaderElection (LeaderElection.java:logAndReturn(61)) - omNode-2@group-6C22E66A003A-LeaderElection19: Election DISCOVERED_A_NEW_TERM; received 1 response(s) [omNode-2<-omNode-1#0:FAIL-t34] and 0 exception(s); omNode-2@group-6C22E66A003A:t34, leader=null, voted=null, raftlog=omNode-2@group-6C22E66A003A-SegmentedRaftLog:OPENED:c0,f0,i0, conf=0: [omNode-3:localhost:11644, omNode-1:localhost:11632, omNode-2:localhost:11638], old=null
2020-04-15 04:08:29,831 [Socket Reader #1 for port 40289] INFO  ipc.Server (Server.java:doRunLoop(1111)) - Socket Reader #1 for port 40289: connection aborted from 172.17.0.2:46934
2020-04-15 04:08:29,087 [IPC Server handler 2 on 40289] WARN  ipc.Server (Server.java:processResponse(1523)) - IPC Server handler 2 on 40289, call Call#30 Retry#0 org.apache.hadoop.ozone.protocol.StorageContainerDatanodeProtocol.submitRequest from 172.17.0.2:46936: output error
2020-04-15 04:08:30,055 [IPC Server handler 2 on 40289] INFO  ipc.Server (Server.java:run(2695)) - IPC Server handler 2 on 40289 caught an exception
java.io.IOException: Broken pipe
	at sun.nio.ch.FileDispatcherImpl.write0(Native Method)
	at sun.nio.ch.SocketDispatcher.write(SocketDispatcher.java:47)
	at sun.nio.ch.IOUtil.writeFromNativeBuffer(IOUtil.java:93)
	at sun.nio.ch.IOUtil.write(IOUtil.java:65)
	at sun.nio.ch.SocketChannelImpl.write(SocketChannelImpl.java:471)
	at org.apache.hadoop.ipc.Server.channelWrite(Server.java:3250)
	at org.apache.hadoop.ipc.Server.access$1700(Server.java:137)
	at org.apache.hadoop.ipc.Server$Responder.processResponse(Server.java:1473)
	at org.apache.hadoop.ipc.Server$Responder.doRespond(Server.java:1543)
	at org.apache.hadoop.ipc.Server$Connection.sendResponse(Server.java:2593)
	at org.apache.hadoop.ipc.Server$Connection.access$300(Server.java:1615)
	at org.apache.hadoop.ipc.Server$RpcCall.doResponse(Server.java:940)
	at org.apache.hadoop.ipc.Server$Call.sendResponse(Server.java:774)
	at org.apache.hadoop.ipc.Server$RpcCall.run(Server.java:885)
	at org.apache.hadoop.ipc.Server$RpcCall.run(Server.java:822)
	at java.security.AccessController.doPrivileged(Native Method)
	at javax.security.auth.Subject.doAs(Subject.java:422)
	at org.apache.hadoop.security.UserGroupInformation.doAs(UserGroupInformation.java:1730)
	at org.apache.hadoop.ipc.Server$Handler.run(Server.java:2682)
2020-04-15 04:08:29,903 [IPC Server handler 18 on 40289] INFO  ipc.Server (Server.java:run(869)) - IPC Server handler 18 on 40289: skipped Call#36 Retry#0 org.apache.hadoop.ozone.protocol.StorageContainerDatanodeProtocol.submitRequest from 172.17.0.2:46952
2020-04-15 04:08:29,937 [IPC Server handler 8 on 40289] INFO  ipc.Server (Server.java:run(869)) - IPC Server handler 8 on 40289: skipped Call#35 Retry#0 org.apache.hadoop.ozone.protocol.StorageContainerDatanodeProtocol.submitRequest from 172.17.0.2:46952
2020-04-15 04:08:29,915 [IPC Server handler 6 on 40289] INFO  ipc.Server (Server.java:run(869)) - IPC Server handler 6 on 40289: skipped Call#37 Retry#0 org.apache.hadoop.ozone.protocol.StorageContainerDatanodeProtocol.submitRequest from 172.17.0.2:46954
2020-04-15 04:08:29,903 [IPC Server handler 19 on 40289] INFO  ipc.Server (Server.java:run(869)) - IPC Server handler 19 on 40289: skipped Call#39 Retry#0 org.apache.hadoop.ozone.protocol.StorageContainerDatanodeProtocol.submitRequest from 172.17.0.2:46954
2020-04-15 04:08:29,903 [omNode-3@group-6C22E66A003A-LeaderElection14] INFO  impl.LeaderElection (LeaderElection.java:logAndReturn(61)) - omNode-3@group-6C22E66A003A-LeaderElection14: Election TIMEOUT; received 1 response(s) [omNode-3<-omNode-1#0:FAIL-t34] and 0 exception(s); omNode-3@group-6C22E66A003A:t34, leader=null, voted=omNode-3, raftlog=omNode-3@group-6C22E66A003A-SegmentedRaftLog:OPENED:c-1,f-1,i0, conf=-1: [omNode-3:localhost:11644, omNode-1:localhost:11632, omNode-2:localhost:11638], old=null
2020-04-15 04:08:29,903 [IPC Server handler 15 on 40289] INFO  ipc.Server (Server.java:run(869)) - IPC Server handler 15 on 40289: skipped Call#31 Retry#0 org.apache.hadoop.ozone.protocol.StorageContainerDatanodeProtocol.submitRequest from 172.17.0.2:46936
2020-04-15 04:08:29,879 [grpc-default-executor-8] INFO  impl.RaftServerImpl (RaftServerImpl.java:setRole(172)) - omNode-2@group-6C22E66A003A: changes role from  FOLLOWER to FOLLOWER at term 34 for recognizeCandidate:omNode-1
2020-04-15 04:08:30,552 [grpc-default-executor-8] INFO  impl.RoleInfo (RoleInfo.java:shutdownFollowerState(121)) - omNode-2: shutdown FollowerState
2020-04-15 04:08:30,564 [grpc-default-executor-8] INFO  impl.RoleInfo (RoleInfo.java:updateAndGet(143)) - omNode-2: start FollowerState
2020-04-15 04:08:30,564 [Thread-484] INFO  impl.FollowerState (FollowerState.java:run(117)) - omNode-2@group-6C22E66A003A-FollowerState was interrupted: java.lang.InterruptedException: sleep interrupted
2020-04-15 04:08:29,856 [omNode-1@group-6C22E66A003A-LeaderElection18] INFO  impl.LeaderElection (LeaderElection.java:askForVotes(206)) - omNode-1@group-6C22E66A003A-LeaderElection18: begin an election at term 35 for 0: [omNode-3:localhost:11644, omNode-1:localhost:11632, omNode-2:localhost:11638], old=null
2020-04-15 04:08:29,853 [IPC Server handler 13 on 40289] INFO  ipc.Server (Server.java:run(869)) - IPC Server handler 13 on 40289: skipped Call#34 Retry#0 org.apache.hadoop.ozone.protocol.StorageContainerDatanodeProtocol.submitRequest from 172.17.0.2:46952
2020-04-15 04:08:29,845 [IPC Server handler 0 on 40289] INFO  ipc.Server (Server.java:run(869)) - IPC Server handler 0 on 40289: skipped Call#38 Retry#0 org.apache.hadoop.ozone.protocol.StorageContainerDatanodeProtocol.submitRequest from 172.17.0.2:46954
2020-04-15 04:08:30,718 [main] INFO  ozone.MiniOzoneClusterImpl (MiniOzoneClusterImpl.java:lambda$waitForClusterToBeReady$0(177)) - Waiting for nodes to be ready. Got 2 of 3 DN Heartbeats.
2020-04-15 04:08:30,740 [omNode-3@group-6C22E66A003A-LeaderElection14] INFO  impl.LeaderElection (LeaderElection.java:askForVotes(206)) - omNode-3@group-6C22E66A003A-LeaderElection14: begin an election at term 35 for -1: [omNode-3:localhost:11644, omNode-1:localhost:11632, omNode-2:localhost:11638], old=null
2020-04-15 04:08:30,786 [main] INFO  ozone.MiniOzoneClusterImpl (MiniOzoneClusterImpl.java:lambda$waitForClusterToBeReady$0(180)) - Waiting for cluster to exit safe mode
2020-04-15 04:08:30,869 [Datanode State Machine Thread - 1] INFO  ozoneimpl.OzoneContainer (OzoneContainer.java:start(232)) - Attempting to start container services.
2020-04-15 04:08:31,058 [Datanode State Machine Thread - 1] INFO  ozoneimpl.OzoneContainer (OzoneContainer.java:startContainerScrub(196)) - Background container scanner has been disabled.
2020-04-15 04:08:31,334 [Datanode State Machine Thread - 1] INFO  ratis.XceiverServerRatis (XceiverServerRatis.java:start(406)) - Starting XceiverServerRatis e9b38915-e851-41b1-8884-0e332c6a8248 at port 0
2020-04-15 04:08:31,572 [Datanode State Machine Thread - 1] INFO  impl.RaftServerProxy (RaftServerProxy.java:lambda$start$3(299)) - e9b38915-e851-41b1-8884-0e332c6a8248: start RPC server
2020-04-15 04:08:32,191 [omNode-1@group-6C22E66A003A-LeaderElection18] INFO  impl.LeaderElection (LeaderElection.java:logAndReturn(61)) - omNode-1@group-6C22E66A003A-LeaderElection18: Election TIMEOUT; received 0 response(s) [] and 0 exception(s); omNode-1@group-6C22E66A003A:t35, leader=null, voted=omNode-1, raftlog=omNode-1@group-6C22E66A003A-SegmentedRaftLog:OPENED:c-1,f0,i0, conf=0: [omNode-3:localhost:11644, omNode-1:localhost:11632, omNode-2:localhost:11638], old=null
2020-04-15 04:08:32,138 [omNode-3@group-6C22E66A003A-LeaderElection14] INFO  impl.LeaderElection (LeaderElection.java:logAndReturn(61)) - omNode-3@group-6C22E66A003A-LeaderElection14: Election TIMEOUT; received 0 response(s) [] and 0 exception(s); omNode-3@group-6C22E66A003A:t35, leader=null, voted=omNode-3, raftlog=omNode-3@group-6C22E66A003A-SegmentedRaftLog:OPENED:c-1,f-1,i0, conf=-1: [omNode-3:localhost:11644, omNode-1:localhost:11632, omNode-2:localhost:11638], old=null
2020-04-15 04:08:31,786 [main] INFO  ozone.MiniOzoneClusterImpl (MiniOzoneClusterImpl.java:lambda$waitForClusterToBeReady$0(177)) - Waiting for nodes to be ready. Got 2 of 3 DN Heartbeats.
2020-04-15 04:08:32,892 [main] INFO  ozone.MiniOzoneClusterImpl (MiniOzoneClusterImpl.java:lambda$waitForClusterToBeReady$0(180)) - Waiting for cluster to exit safe mode
2020-04-15 04:08:31,685 [grpc-default-executor-2] INFO  impl.RaftServerImpl (RaftServerImpl.java:setRole(172)) - omNode-2@group-6C22E66A003A: changes role from  FOLLOWER to FOLLOWER at term 35 for recognizeCandidate:omNode-3
2020-04-15 04:08:32,849 [Datanode State Machine Thread - 4] WARN  statemachine.EndpointStateMachine (EndpointStateMachine.java:logIfNeeded(217)) - Unable to communicate to SCM server at 0.0.0.0:40289 for past 0 seconds.
java.net.SocketTimeoutException: Call From edabee8e3155/172.17.0.2 to 0.0.0.0:40289 failed on socket timeout exception: java.net.SocketTimeoutException: 1000 millis timeout while waiting for channel to be ready for read. ch : java.nio.channels.SocketChannel[connected local=/172.17.0.2:46968 remote=0.0.0.0/0.0.0.0:40289]; For more details see:  http://wiki.apache.org/hadoop/SocketTimeout
	at sun.reflect.GeneratedConstructorAccessor17.newInstance(Unknown Source)
	at sun.reflect.DelegatingConstructorAccessorImpl.newInstance(DelegatingConstructorAccessorImpl.java:45)
	at java.lang.reflect.Constructor.newInstance(Constructor.java:423)
	at org.apache.hadoop.net.NetUtils.wrapWithMessage(NetUtils.java:831)
	at org.apache.hadoop.net.NetUtils.wrapException(NetUtils.java:775)
	at org.apache.hadoop.ipc.Client.getRpcResponse(Client.java:1515)
	at org.apache.hadoop.ipc.Client.call(Client.java:1457)
	at org.apache.hadoop.ipc.Client.call(Client.java:1367)
	at org.apache.hadoop.ipc.ProtobufRpcEngine$Invoker.invoke(ProtobufRpcEngine.java:228)
	at org.apache.hadoop.ipc.ProtobufRpcEngine$Invoker.invoke(ProtobufRpcEngine.java:116)
	at com.sun.proxy.$Proxy40.submitRequest(Unknown Source)
	at org.apache.hadoop.ozone.protocolPB.StorageContainerDatanodeProtocolClientSideTranslatorPB.submitRequest(StorageContainerDatanodeProtocolClientSideTranslatorPB.java:116)
	at org.apache.hadoop.ozone.protocolPB.StorageContainerDatanodeProtocolClientSideTranslatorPB.sendHeartbeat(StorageContainerDatanodeProtocolClientSideTranslatorPB.java:148)
	at org.apache.hadoop.ozone.container.common.states.endpoint.HeartbeatEndpointTask.call(HeartbeatEndpointTask.java:145)
	at org.apache.hadoop.ozone.container.common.states.endpoint.HeartbeatEndpointTask.call(HeartbeatEndpointTask.java:76)
	at java.util.concurrent.FutureTask.run(FutureTask.java:266)
	at java.util.concurrent.Executors$RunnableAdapter.call(Executors.java:511)
	at java.util.concurrent.FutureTask.run(FutureTask.java:266)
	at java.util.concurrent.ThreadPoolExecutor.runWorker(ThreadPoolExecutor.java:1149)
	at java.util.concurrent.ThreadPoolExecutor$Worker.run(ThreadPoolExecutor.java:624)
	at java.lang.Thread.run(Thread.java:748)
Caused by: java.net.SocketTimeoutException: 1000 millis timeout while waiting for channel to be ready for read. ch : java.nio.channels.SocketChannel[connected local=/172.17.0.2:46968 remote=0.0.0.0/0.0.0.0:40289]
	at org.apache.hadoop.net.SocketIOWithTimeout.doIO(SocketIOWithTimeout.java:164)
	at org.apache.hadoop.net.SocketInputStream.read(SocketInputStream.java:161)
	at org.apache.hadoop.net.SocketInputStream.read(SocketInputStream.java:131)
	at java.io.FilterInputStream.read(FilterInputStream.java:133)
	at java.io.BufferedInputStream.fill(BufferedInputStream.java:246)
	at java.io.BufferedInputStream.read(BufferedInputStream.java:265)
	at java.io.FilterInputStream.read(FilterInputStream.java:83)
	at java.io.FilterInputStream.read(FilterInputStream.java:83)
	at org.apache.hadoop.ipc.Client$Connection$PingInputStream.read(Client.java:557)
	at java.io.DataInputStream.readInt(DataInputStream.java:387)
	at org.apache.hadoop.ipc.Client$IpcStreams.readResponse(Client.java:1816)
	at org.apache.hadoop.ipc.Client$Connection.receiveRpcResponse(Client.java:1173)
	at org.apache.hadoop.ipc.Client$Connection.run(Client.java:1069)
2020-04-15 04:08:32,849 [Datanode State Machine Thread - 1] WARN  statemachine.EndpointStateMachine (EndpointStateMachine.java:logIfNeeded(217)) - Unable to communicate to SCM server at 0.0.0.0:40289 for past 0 seconds.
java.net.SocketTimeoutException: Call From edabee8e3155/172.17.0.2 to 0.0.0.0:40289 failed on socket timeout exception: java.net.SocketTimeoutException: 1000 millis timeout while waiting for channel to be ready for read. ch : java.nio.channels.SocketChannel[connected local=/172.17.0.2:46968 remote=0.0.0.0/0.0.0.0:40289]; For more details see:  http://wiki.apache.org/hadoop/SocketTimeout
	at sun.reflect.GeneratedConstructorAccessor17.newInstance(Unknown Source)
	at sun.reflect.DelegatingConstructorAccessorImpl.newInstance(DelegatingConstructorAccessorImpl.java:45)
	at java.lang.reflect.Constructor.newInstance(Constructor.java:423)
	at org.apache.hadoop.net.NetUtils.wrapWithMessage(NetUtils.java:831)
	at org.apache.hadoop.net.NetUtils.wrapException(NetUtils.java:775)
	at org.apache.hadoop.ipc.Client.getRpcResponse(Client.java:1515)
	at org.apache.hadoop.ipc.Client.call(Client.java:1457)
	at org.apache.hadoop.ipc.Client.call(Client.java:1367)
	at org.apache.hadoop.ipc.ProtobufRpcEngine$Invoker.invoke(ProtobufRpcEngine.java:228)
	at org.apache.hadoop.ipc.ProtobufRpcEngine$Invoker.invoke(ProtobufRpcEngine.java:116)
	at com.sun.proxy.$Proxy40.submitRequest(Unknown Source)
	at org.apache.hadoop.ozone.protocolPB.StorageContainerDatanodeProtocolClientSideTranslatorPB.submitRequest(StorageContainerDatanodeProtocolClientSideTranslatorPB.java:116)
	at org.apache.hadoop.ozone.protocolPB.StorageContainerDatanodeProtocolClientSideTranslatorPB.sendHeartbeat(StorageContainerDatanodeProtocolClientSideTranslatorPB.java:148)
	at org.apache.hadoop.ozone.container.common.states.endpoint.HeartbeatEndpointTask.call(HeartbeatEndpointTask.java:145)
	at org.apache.hadoop.ozone.container.common.states.endpoint.HeartbeatEndpointTask.call(HeartbeatEndpointTask.java:76)
	at java.util.concurrent.FutureTask.run(FutureTask.java:266)
	at java.util.concurrent.Executors$RunnableAdapter.call(Executors.java:511)
	at java.util.concurrent.FutureTask.run(FutureTask.java:266)
	at java.util.concurrent.ThreadPoolExecutor.runWorker(ThreadPoolExecutor.java:1149)
	at java.util.concurrent.ThreadPoolExecutor$Worker.run(ThreadPoolExecutor.java:624)
	at java.lang.Thread.run(Thread.java:748)
Caused by: java.net.SocketTimeoutException: 1000 millis timeout while waiting for channel to be ready for read. ch : java.nio.channels.SocketChannel[connected local=/172.17.0.2:46968 remote=0.0.0.0/0.0.0.0:40289]
	at org.apache.hadoop.net.SocketIOWithTimeout.doIO(SocketIOWithTimeout.java:164)
	at org.apache.hadoop.net.SocketInputStream.read(SocketInputStream.java:161)
	at org.apache.hadoop.net.SocketInputStream.read(SocketInputStream.java:131)
	at java.io.FilterInputStream.read(FilterInputStream.java:133)
	at java.io.BufferedInputStream.fill(BufferedInputStream.java:246)
	at java.io.BufferedInputStream.read(BufferedInputStream.java:265)
	at java.io.FilterInputStream.read(FilterInputStream.java:83)
	at java.io.FilterInputStream.read(FilterInputStream.java:83)
	at org.apache.hadoop.ipc.Client$Connection$PingInputStream.read(Client.java:557)
	at java.io.DataInputStream.readInt(DataInputStream.java:387)
	at org.apache.hadoop.ipc.Client$IpcStreams.readResponse(Client.java:1816)
	at org.apache.hadoop.ipc.Client$Connection.receiveRpcResponse(Client.java:1173)
	at org.apache.hadoop.ipc.Client$Connection.run(Client.java:1069)
2020-04-15 04:08:32,761 [Datanode State Machine Thread - 1] INFO  server.GrpcService (GrpcService.java:startImpl(158)) - e9b38915-e851-41b1-8884-0e332c6a8248: GrpcService started, listening on 0.0.0.0/0.0.0.0:46057
2020-04-15 04:08:32,760 [SCM Heartbeat Processing Thread - 0] ERROR node.NodeStateManager (NodeStateManager.java:checkNodesHealth(636)) - Total time spend processing datanode HB's is greater than configured values for datanode heartbeats. Please adjust the heartbeat configs. Time Spend on HB processing: 0 seconds Datanode heartbeat Interval: 100 seconds.
2020-04-15 04:08:32,955 [omNode-3@group-6C22E66A003A-LeaderElection14] INFO  impl.LeaderElection (LeaderElection.java:askForVotes(206)) - omNode-3@group-6C22E66A003A-LeaderElection14: begin an election at term 36 for -1: [omNode-3:localhost:11644, omNode-1:localhost:11632, omNode-2:localhost:11638], old=null
2020-04-15 04:08:32,904 [grpc-default-executor-2] INFO  impl.RoleInfo (RoleInfo.java:shutdownFollowerState(121)) - omNode-2: shutdown FollowerState
2020-04-15 04:08:33,058 [grpc-default-executor-2] INFO  impl.RoleInfo (RoleInfo.java:updateAndGet(143)) - omNode-2: start FollowerState
2020-04-15 04:08:33,058 [omNode-1@group-6C22E66A003A-LeaderElection18] INFO  impl.LeaderElection (LeaderElection.java:askForVotes(206)) - omNode-1@group-6C22E66A003A-LeaderElection18: begin an election at term 36 for 0: [omNode-3:localhost:11644, omNode-1:localhost:11632, omNode-2:localhost:11638], old=null
2020-04-15 04:08:33,046 [Datanode State Machine Thread - 1] INFO  ratis.XceiverServerRatis (XceiverServerRatis.java:start(418)) - XceiverServerRatis e9b38915-e851-41b1-8884-0e332c6a8248 is started using port 46057
2020-04-15 04:08:33,101 [Datanode State Machine Thread - 1] INFO  server.XceiverServerGrpc (XceiverServerGrpc.java:start(145)) - XceiverServerGrpc e9b38915-e851-41b1-8884-0e332c6a8248 is started using port 33245
2020-04-15 04:08:33,810 [grpc-default-executor-0] INFO  impl.RaftServerImpl (RaftServerImpl.java:setRole(172)) - omNode-2@group-6C22E66A003A: changes role from  FOLLOWER to FOLLOWER at term 35 for recognizeCandidate:omNode-1
2020-04-15 04:08:34,426 [omNode-3@group-6C22E66A003A-LeaderElection14] INFO  impl.LeaderElection (LeaderElection.java:logAndReturn(61)) - omNode-3@group-6C22E66A003A-LeaderElection14: Election TIMEOUT; received 0 response(s) [] and 0 exception(s); omNode-3@group-6C22E66A003A:t36, leader=null, voted=omNode-3, raftlog=omNode-3@group-6C22E66A003A-SegmentedRaftLog:OPENED:c-1,f-1,i0, conf=-1: [omNode-3:localhost:11644, omNode-1:localhost:11632, omNode-2:localhost:11638], old=null
2020-04-15 04:08:34,202 [omNode-1@group-6C22E66A003A-LeaderElection18] INFO  impl.LeaderElection (LeaderElection.java:logAndReturn(61)) - omNode-1@group-6C22E66A003A-LeaderElection18: Election TIMEOUT; received 0 response(s) [] and 0 exception(s); omNode-1@group-6C22E66A003A:t36, leader=null, voted=omNode-1, raftlog=omNode-1@group-6C22E66A003A-SegmentedRaftLog:OPENED:c-1,f0,i0, conf=0: [omNode-3:localhost:11644, omNode-1:localhost:11632, omNode-2:localhost:11638], old=null
2020-04-15 04:08:34,069 [IPC Server handler 10 on 40289] WARN  ipc.Server (Server.java:processResponse(1523)) - IPC Server handler 10 on 40289, call Call#54 Retry#0 org.apache.hadoop.ozone.protocol.StorageContainerDatanodeProtocol.submitRequest from 172.17.0.2:46968: output error
2020-04-15 04:08:33,909 [main] INFO  ozone.MiniOzoneClusterImpl (MiniOzoneClusterImpl.java:lambda$waitForClusterToBeReady$0(177)) - Waiting for nodes to be ready. Got 2 of 3 DN Heartbeats.
2020-04-15 04:08:34,635 [main] INFO  ozone.MiniOzoneClusterImpl (MiniOzoneClusterImpl.java:lambda$waitForClusterToBeReady$0(180)) - Waiting for cluster to exit safe mode
2020-04-15 04:08:34,576 [grpc-default-executor-0] INFO  impl.RoleInfo (RoleInfo.java:shutdownFollowerState(121)) - omNode-2: shutdown FollowerState
2020-04-15 04:08:34,636 [grpc-default-executor-0] INFO  impl.RoleInfo (RoleInfo.java:updateAndGet(143)) - omNode-2: start FollowerState
2020-04-15 04:08:34,636 [IPC Server handler 10 on 40289] INFO  ipc.Server (Server.java:run(2695)) - IPC Server handler 10 on 40289 caught an exception
java.io.IOException: Connection reset by peer
	at sun.nio.ch.FileDispatcherImpl.write0(Native Method)
	at sun.nio.ch.SocketDispatcher.write(SocketDispatcher.java:47)
	at sun.nio.ch.IOUtil.writeFromNativeBuffer(IOUtil.java:93)
	at sun.nio.ch.IOUtil.write(IOUtil.java:65)
	at sun.nio.ch.SocketChannelImpl.write(SocketChannelImpl.java:471)
	at org.apache.hadoop.ipc.Server.channelWrite(Server.java:3250)
	at org.apache.hadoop.ipc.Server.access$1700(Server.java:137)
	at org.apache.hadoop.ipc.Server$Responder.processResponse(Server.java:1473)
	at org.apache.hadoop.ipc.Server$Responder.doRespond(Server.java:1543)
	at org.apache.hadoop.ipc.Server$Connection.sendResponse(Server.java:2593)
	at org.apache.hadoop.ipc.Server$Connection.access$300(Server.java:1615)
	at org.apache.hadoop.ipc.Server$RpcCall.doResponse(Server.java:940)
	at org.apache.hadoop.ipc.Server$Call.sendResponse(Server.java:774)
	at org.apache.hadoop.ipc.Server$RpcCall.run(Server.java:885)
	at org.apache.hadoop.ipc.Server$RpcCall.run(Server.java:822)
	at java.security.AccessController.doPrivileged(Native Method)
	at javax.security.auth.Subject.doAs(Subject.java:422)
	at org.apache.hadoop.security.UserGroupInformation.doAs(UserGroupInformation.java:1730)
	at org.apache.hadoop.ipc.Server$Handler.run(Server.java:2682)
2020-04-15 04:08:34,636 [Thread-485] INFO  impl.FollowerState (FollowerState.java:run(108)) - omNode-2@group-6C22E66A003A-FollowerState: change to CANDIDATE, lastRpcTime:4072ms, electionTimeout:1197ms
2020-04-15 04:08:34,647 [omNode-1@group-6C22E66A003A-LeaderElection18] INFO  impl.LeaderElection (LeaderElection.java:askForVotes(206)) - omNode-1@group-6C22E66A003A-LeaderElection18: begin an election at term 37 for 0: [omNode-3:localhost:11644, omNode-1:localhost:11632, omNode-2:localhost:11638], old=null
2020-04-15 04:08:34,648 [Thread-485] INFO  impl.RoleInfo (RoleInfo.java:shutdownFollowerState(121)) - omNode-2: shutdown FollowerState
2020-04-15 04:08:34,755 [Thread-485] INFO  impl.RaftServerImpl (RaftServerImpl.java:setRole(172)) - omNode-2@group-6C22E66A003A: changes role from  FOLLOWER to CANDIDATE at term 35 for changeToCandidate
2020-04-15 04:08:34,756 [Thread-500] INFO  impl.FollowerState (FollowerState.java:run(117)) - omNode-2@group-6C22E66A003A-FollowerState was interrupted: java.lang.InterruptedException: sleep interrupted
2020-04-15 04:08:34,798 [Thread-485] INFO  impl.RoleInfo (RoleInfo.java:updateAndGet(143)) - omNode-2: start LeaderElection
2020-04-15 04:08:34,876 [Socket Reader #1 for port 40289] INFO  ipc.Server (Server.java:doRunLoop(1111)) - Socket Reader #1 for port 40289: connection aborted from 172.17.0.2:46968
2020-04-15 04:08:34,875 [omNode-3@group-6C22E66A003A-LeaderElection14] INFO  impl.LeaderElection (LeaderElection.java:askForVotes(206)) - omNode-3@group-6C22E66A003A-LeaderElection14: begin an election at term 37 for -1: [omNode-3:localhost:11644, omNode-1:localhost:11632, omNode-2:localhost:11638], old=null
2020-04-15 04:08:35,041 [Thread-491] INFO  impl.FollowerState (FollowerState.java:run(108)) - omNode-2@group-6C22E66A003A-FollowerState: change to CANDIDATE, lastRpcTime:1983ms, electionTimeout:1198ms
2020-04-15 04:08:35,245 [Thread-491] WARN  impl.FollowerState (FollowerState.java:run(121)) - omNode-2@group-6C22E66A003A-FollowerState caught an exception
java.lang.IllegalStateException
	at org.apache.ratis.util.Preconditions.assertTrue(Preconditions.java:36)
	at org.apache.ratis.server.impl.RaftServerImpl.changeToCandidate(RaftServerImpl.java:418)
	at org.apache.ratis.server.impl.FollowerState.run(FollowerState.java:112)
2020-04-15 04:08:35,382 [grpc-default-executor-2] INFO  impl.RaftServerImpl (RaftServerImpl.java:setRole(172)) - omNode-2@group-6C22E66A003A: changes role from CANDIDATE to FOLLOWER at term 36 for recognizeCandidate:omNode-1
2020-04-15 04:08:36,010 [grpc-default-executor-2] INFO  impl.RoleInfo (RoleInfo.java:shutdownLeaderElection(134)) - omNode-2: shutdown LeaderElection
2020-04-15 04:08:36,068 [grpc-default-executor-2] INFO  impl.RoleInfo (RoleInfo.java:updateAndGet(143)) - omNode-2: start FollowerState
2020-04-15 04:08:35,656 [main] INFO  ozone.MiniOzoneClusterImpl (MiniOzoneClusterImpl.java:lambda$waitForClusterToBeReady$0(177)) - Waiting for nodes to be ready. Got 2 of 3 DN Heartbeats.
2020-04-15 04:08:36,102 [main] INFO  ozone.MiniOzoneClusterImpl (MiniOzoneClusterImpl.java:lambda$waitForClusterToBeReady$0(180)) - Waiting for cluster to exit safe mode
2020-04-15 04:08:35,492 [Datanode State Machine Thread - 0] WARN  statemachine.EndpointStateMachine (EndpointStateMachine.java:logIfNeeded(217)) - Unable to communicate to SCM server at 0.0.0.0:40289 for past 0 seconds.
java.net.SocketTimeoutException: Call From edabee8e3155/172.17.0.2 to 0.0.0.0:40289 failed on socket timeout exception: java.net.SocketTimeoutException: 1000 millis timeout while waiting for channel to be ready for read. ch : java.nio.channels.SocketChannel[connected local=/172.17.0.2:46986 remote=0.0.0.0/0.0.0.0:40289]; For more details see:  http://wiki.apache.org/hadoop/SocketTimeout
	at sun.reflect.GeneratedConstructorAccessor17.newInstance(Unknown Source)
	at sun.reflect.DelegatingConstructorAccessorImpl.newInstance(DelegatingConstructorAccessorImpl.java:45)
	at java.lang.reflect.Constructor.newInstance(Constructor.java:423)
	at org.apache.hadoop.net.NetUtils.wrapWithMessage(NetUtils.java:831)
	at org.apache.hadoop.net.NetUtils.wrapException(NetUtils.java:775)
	at org.apache.hadoop.ipc.Client.getRpcResponse(Client.java:1515)
	at org.apache.hadoop.ipc.Client.call(Client.java:1457)
	at org.apache.hadoop.ipc.Client.call(Client.java:1367)
	at org.apache.hadoop.ipc.ProtobufRpcEngine$Invoker.invoke(ProtobufRpcEngine.java:228)
	at org.apache.hadoop.ipc.ProtobufRpcEngine$Invoker.invoke(ProtobufRpcEngine.java:116)
	at com.sun.proxy.$Proxy40.submitRequest(Unknown Source)
	at org.apache.hadoop.ozone.protocolPB.StorageContainerDatanodeProtocolClientSideTranslatorPB.submitRequest(StorageContainerDatanodeProtocolClientSideTranslatorPB.java:116)
	at org.apache.hadoop.ozone.protocolPB.StorageContainerDatanodeProtocolClientSideTranslatorPB.register(StorageContainerDatanodeProtocolClientSideTranslatorPB.java:173)
	at org.apache.hadoop.ozone.container.common.states.endpoint.RegisterEndpointTask.call(RegisterEndpointTask.java:122)
	at org.apache.hadoop.ozone.container.common.states.endpoint.RegisterEndpointTask.call(RegisterEndpointTask.java:47)
	at java.util.concurrent.FutureTask.run(FutureTask.java:266)
	at java.util.concurrent.Executors$RunnableAdapter.call(Executors.java:511)
	at java.util.concurrent.FutureTask.run(FutureTask.java:266)
	at java.util.concurrent.ThreadPoolExecutor.runWorker(ThreadPoolExecutor.java:1149)
	at java.util.concurrent.ThreadPoolExecutor$Worker.run(ThreadPoolExecutor.java:624)
	at java.lang.Thread.run(Thread.java:748)
Caused by: java.net.SocketTimeoutException: 1000 millis timeout while waiting for channel to be ready for read. ch : java.nio.channels.SocketChannel[connected local=/172.17.0.2:46986 remote=0.0.0.0/0.0.0.0:40289]
	at org.apache.hadoop.net.SocketIOWithTimeout.doIO(SocketIOWithTimeout.java:164)
	at org.apache.hadoop.net.SocketInputStream.read(SocketInputStream.java:161)
	at org.apache.hadoop.net.SocketInputStream.read(SocketInputStream.java:131)
	at java.io.FilterInputStream.read(FilterInputStream.java:133)
	at java.io.BufferedInputStream.fill(BufferedInputStream.java:246)
	at java.io.BufferedInputStream.read(BufferedInputStream.java:265)
	at java.io.FilterInputStream.read(FilterInputStream.java:83)
	at java.io.FilterInputStream.read(FilterInputStream.java:83)
	at org.apache.hadoop.ipc.Client$Connection$PingInputStream.read(Client.java:557)
	at java.io.DataInputStream.readInt(DataInputStream.java:387)
	at org.apache.hadoop.ipc.Client$IpcStreams.readResponse(Client.java:1816)
	at org.apache.hadoop.ipc.Client$Connection.receiveRpcResponse(Client.java:1173)
	at org.apache.hadoop.ipc.Client$Connection.run(Client.java:1069)
2020-04-15 04:08:36,646 [omNode-3@group-6C22E66A003A-LeaderElection14] INFO  impl.LeaderElection (LeaderElection.java:logAndReturn(61)) - omNode-3@group-6C22E66A003A-LeaderElection14: Election TIMEOUT; received 0 response(s) [] and 0 exception(s); omNode-3@group-6C22E66A003A:t37, leader=null, voted=omNode-3, raftlog=omNode-3@group-6C22E66A003A-SegmentedRaftLog:OPENED:c-1,f-1,i0, conf=-1: [omNode-3:localhost:11644, omNode-1:localhost:11632, omNode-2:localhost:11638], old=null
2020-04-15 04:08:36,529 [grpc-default-executor-7] INFO  impl.RaftServerImpl (RaftServerImpl.java:setRole(172)) - omNode-2@group-6C22E66A003A: changes role from  FOLLOWER to FOLLOWER at term 36 for recognizeCandidate:omNode-3
2020-04-15 04:08:36,712 [grpc-default-executor-7] INFO  impl.RoleInfo (RoleInfo.java:shutdownFollowerState(121)) - omNode-2: shutdown FollowerState
2020-04-15 04:08:36,713 [grpc-default-executor-7] INFO  impl.RoleInfo (RoleInfo.java:updateAndGet(143)) - omNode-2: start FollowerState
2020-04-15 04:08:36,101 [omNode-1@group-6C22E66A003A-LeaderElection18] INFO  impl.LeaderElection (LeaderElection.java:logAndReturn(61)) - omNode-1@group-6C22E66A003A-LeaderElection18: Election TIMEOUT; received 1 response(s) [omNode-1<-omNode-3#0:FAIL-t37] and 0 exception(s); omNode-1@group-6C22E66A003A:t37, leader=null, voted=omNode-1, raftlog=omNode-1@group-6C22E66A003A-SegmentedRaftLog:OPENED:c-1,f0,i0, conf=0: [omNode-3:localhost:11644, omNode-1:localhost:11632, omNode-2:localhost:11638], old=null
2020-04-15 04:08:36,713 [Thread-508] INFO  impl.FollowerState (FollowerState.java:run(117)) - omNode-2@group-6C22E66A003A-FollowerState was interrupted: java.lang.InterruptedException: sleep interrupted
2020-04-15 04:08:36,769 [grpc-default-executor-0] INFO  impl.RaftServerImpl (RaftServerImpl.java:setRole(172)) - omNode-2@group-6C22E66A003A: changes role from  FOLLOWER to FOLLOWER at term 37 for recognizeCandidate:omNode-1
2020-04-15 04:08:36,769 [grpc-default-executor-0] INFO  impl.RoleInfo (RoleInfo.java:shutdownFollowerState(121)) - omNode-2: shutdown FollowerState
2020-04-15 04:08:36,769 [grpc-default-executor-0] INFO  impl.RoleInfo (RoleInfo.java:updateAndGet(143)) - omNode-2: start FollowerState
2020-04-15 04:08:36,911 [SCM Heartbeat Processing Thread - 0] ERROR node.NodeStateManager (NodeStateManager.java:checkNodesHealth(636)) - Total time spend processing datanode HB's is greater than configured values for datanode heartbeats. Please adjust the heartbeat configs. Time Spend on HB processing: 0 seconds Datanode heartbeat Interval: 100 seconds.
2020-04-15 04:08:37,068 [omNode-3@group-6C22E66A003A-LeaderElection14] INFO  impl.LeaderElection (LeaderElection.java:askForVotes(206)) - omNode-3@group-6C22E66A003A-LeaderElection14: begin an election at term 38 for -1: [omNode-3:localhost:11644, omNode-1:localhost:11632, omNode-2:localhost:11638], old=null
2020-04-15 04:08:37,184 [omNode-1@group-6C22E66A003A-LeaderElection18] INFO  impl.LeaderElection (LeaderElection.java:askForVotes(206)) - omNode-1@group-6C22E66A003A-LeaderElection18: begin an election at term 38 for 0: [omNode-3:localhost:11644, omNode-1:localhost:11632, omNode-2:localhost:11638], old=null
2020-04-15 04:08:37,833 [main] INFO  ozone.MiniOzoneClusterImpl (MiniOzoneClusterImpl.java:lambda$waitForClusterToBeReady$0(177)) - Waiting for nodes to be ready. Got 2 of 3 DN Heartbeats.
2020-04-15 04:08:38,146 [main] INFO  ozone.MiniOzoneClusterImpl (MiniOzoneClusterImpl.java:lambda$waitForClusterToBeReady$0(180)) - Waiting for cluster to exit safe mode
2020-04-15 04:08:38,190 [omNode-2@group-6C22E66A003A-LeaderElection20] INFO  impl.LeaderElection (LeaderElection.java:askForVotes(206)) - omNode-2@group-6C22E66A003A-LeaderElection20: begin an election at term 38 for 0: [omNode-3:localhost:11644, omNode-1:localhost:11632, omNode-2:localhost:11638], old=null
2020-04-15 04:08:38,212 [omNode-1@group-6C22E66A003A-LeaderElection18] INFO  impl.LeaderElection (LeaderElection.java:logAndReturn(61)) - omNode-1@group-6C22E66A003A-LeaderElection18: Election TIMEOUT; received 0 response(s) [] and 0 exception(s); omNode-1@group-6C22E66A003A:t38, leader=null, voted=omNode-1, raftlog=omNode-1@group-6C22E66A003A-SegmentedRaftLog:OPENED:c-1,f0,i0, conf=0: [omNode-3:localhost:11644, omNode-1:localhost:11632, omNode-2:localhost:11638], old=null
2020-04-15 04:08:38,212 [Thread-510] INFO  impl.FollowerState (FollowerState.java:run(108)) - omNode-2@group-6C22E66A003A-FollowerState: change to CANDIDATE, lastRpcTime:1442ms, electionTimeout:1004ms
2020-04-15 04:08:38,255 [Thread-510] INFO  impl.RoleInfo (RoleInfo.java:shutdownFollowerState(121)) - omNode-2: shutdown FollowerState
2020-04-15 04:08:38,333 [Thread-510] INFO  impl.RaftServerImpl (RaftServerImpl.java:setRole(172)) - omNode-2@group-6C22E66A003A: changes role from  FOLLOWER to CANDIDATE at term 38 for changeToCandidate
2020-04-15 04:08:38,266 [omNode-3@group-6C22E66A003A-LeaderElection14] INFO  impl.LeaderElection (LeaderElection.java:logAndReturn(61)) - omNode-3@group-6C22E66A003A-LeaderElection14: Election TIMEOUT; received 0 response(s) [] and 0 exception(s); omNode-3@group-6C22E66A003A:t38, leader=null, voted=omNode-3, raftlog=omNode-3@group-6C22E66A003A-SegmentedRaftLog:OPENED:c-1,f-1,i0, conf=-1: [omNode-3:localhost:11644, omNode-1:localhost:11632, omNode-2:localhost:11638], old=null
2020-04-15 04:08:38,468 [omNode-1@group-6C22E66A003A-LeaderElection18] INFO  impl.LeaderElection (LeaderElection.java:askForVotes(206)) - omNode-1@group-6C22E66A003A-LeaderElection18: begin an election at term 39 for 0: [omNode-3:localhost:11644, omNode-1:localhost:11632, omNode-2:localhost:11638], old=null
2020-04-15 04:08:38,494 [Thread-510] INFO  impl.RoleInfo (RoleInfo.java:updateAndGet(143)) - omNode-2: start LeaderElection
2020-04-15 04:08:39,312 [main] INFO  ozone.MiniOzoneClusterImpl (MiniOzoneClusterImpl.java:lambda$waitForClusterToBeReady$0(177)) - Waiting for nodes to be ready. Got 2 of 3 DN Heartbeats.
2020-04-15 04:08:39,434 [SCM Heartbeat Processing Thread - 0] ERROR node.NodeStateManager (NodeStateManager.java:checkNodesHealth(636)) - Total time spend processing datanode HB's is greater than configured values for datanode heartbeats. Please adjust the heartbeat configs. Time Spend on HB processing: 0 seconds Datanode heartbeat Interval: 100 seconds.
2020-04-15 04:08:39,367 [IPC Server handler 3 on 40289] WARN  ipc.Server (Server.java:processResponse(1523)) - IPC Server handler 3 on 40289, call Call#56 Retry#0 org.apache.hadoop.ozone.protocol.StorageContainerDatanodeProtocol.submitRequest from 172.17.0.2:46984: output error
2020-04-15 04:08:39,623 [IPC Server handler 3 on 40289] INFO  ipc.Server (Server.java:run(2695)) - IPC Server handler 3 on 40289 caught an exception
java.io.IOException: Broken pipe
	at sun.nio.ch.FileDispatcherImpl.write0(Native Method)
	at sun.nio.ch.SocketDispatcher.write(SocketDispatcher.java:47)
	at sun.nio.ch.IOUtil.writeFromNativeBuffer(IOUtil.java:93)
	at sun.nio.ch.IOUtil.write(IOUtil.java:65)
	at sun.nio.ch.SocketChannelImpl.write(SocketChannelImpl.java:471)
	at org.apache.hadoop.ipc.Server.channelWrite(Server.java:3250)
	at org.apache.hadoop.ipc.Server.access$1700(Server.java:137)
	at org.apache.hadoop.ipc.Server$Responder.processResponse(Server.java:1473)
	at org.apache.hadoop.ipc.Server$Responder.doRespond(Server.java:1543)
	at org.apache.hadoop.ipc.Server$Connection.sendResponse(Server.java:2593)
	at org.apache.hadoop.ipc.Server$Connection.access$300(Server.java:1615)
	at org.apache.hadoop.ipc.Server$RpcCall.doResponse(Server.java:940)
	at org.apache.hadoop.ipc.Server$Call.sendResponse(Server.java:774)
	at org.apache.hadoop.ipc.Server$RpcCall.run(Server.java:885)
	at org.apache.hadoop.ipc.Server$RpcCall.run(Server.java:822)
	at java.security.AccessController.doPrivileged(Native Method)
	at javax.security.auth.Subject.doAs(Subject.java:422)
	at org.apache.hadoop.security.UserGroupInformation.doAs(UserGroupInformation.java:1730)
	at org.apache.hadoop.ipc.Server$Handler.run(Server.java:2682)
2020-04-15 04:08:39,323 [omNode-3@group-6C22E66A003A-LeaderElection14] INFO  impl.LeaderElection (LeaderElection.java:askForVotes(206)) - omNode-3@group-6C22E66A003A-LeaderElection14: begin an election at term 39 for -1: [omNode-3:localhost:11644, omNode-1:localhost:11632, omNode-2:localhost:11638], old=null
2020-04-15 04:08:39,488 [main] INFO  ozone.MiniOzoneClusterImpl (MiniOzoneClusterImpl.java:lambda$waitForClusterToBeReady$0(180)) - Waiting for cluster to exit safe mode
2020-04-15 04:08:39,803 [omNode-1@group-6C22E66A003A-LeaderElection18] INFO  impl.LeaderElection (LeaderElection.java:logAndReturn(61)) - omNode-1@group-6C22E66A003A-LeaderElection18: Election TIMEOUT; received 0 response(s) [] and 0 exception(s); omNode-1@group-6C22E66A003A:t39, leader=null, voted=omNode-1, raftlog=omNode-1@group-6C22E66A003A-SegmentedRaftLog:OPENED:c-1,f0,i0, conf=0: [omNode-3:localhost:11644, omNode-1:localhost:11632, omNode-2:localhost:11638], old=null
2020-04-15 04:08:39,804 [Socket Reader #1 for port 40289] INFO  ipc.Server (Server.java:doRunLoop(1111)) - Socket Reader #1 for port 40289: connection aborted from 172.17.0.2:46984
2020-04-15 04:08:39,815 [IPC Server handler 0 on 40289] INFO  net.NetworkTopology (NetworkTopologyImpl.java:add(111)) - Added a new node: /default-rack/e9b38915-e851-41b1-8884-0e332c6a8248
2020-04-15 04:08:39,815 [IPC Server handler 0 on 40289] INFO  node.SCMNodeManager (SCMNodeManager.java:register(268)) - Registered Data node : e9b38915-e851-41b1-8884-0e332c6a8248{ip: 172.17.0.2, host: edabee8e3155, networkLocation: /default-rack, certSerialId: null}
2020-04-15 04:08:39,838 [EventQueue-NodeRegistrationContainerReportForContainerSafeModeRule] INFO  safemode.SCMSafeModeManager (SCMSafeModeManager.java:validateSafeModeExitRules(182)) - ContainerSafeModeRule rule is successfully validated
2020-04-15 04:08:39,838 [RatisPipelineUtilsThread] INFO  pipeline.RatisPipelineProvider (RatisPipelineProvider.java:lambda$create$3(170)) - Sending CreatePipelineCommand for pipeline:PipelineID=cea8e7e7-864a-4db1-906b-7a799813b13e to datanode:e9b38915-e851-41b1-8884-0e332c6a8248
2020-04-15 04:08:39,838 [EventQueue-NodeRegistrationContainerReportForDataNodeSafeModeRule] INFO  safemode.SCMSafeModeManager (SCMSafeModeManager.java:validateSafeModeExitRules(182)) - DataNodeSafeModeRule rule is successfully validated
2020-04-15 04:08:39,873 [IPC Server handler 0 on 40289] WARN  ipc.Server (Server.java:processResponse(1523)) - IPC Server handler 0 on 40289, call Call#59 Retry#0 org.apache.hadoop.ozone.protocol.StorageContainerDatanodeProtocol.submitRequest from 172.17.0.2:46986: output error
2020-04-15 04:08:39,873 [IPC Server handler 0 on 40289] INFO  ipc.Server (Server.java:run(2695)) - IPC Server handler 0 on 40289 caught an exception
java.io.IOException: Broken pipe
	at sun.nio.ch.FileDispatcherImpl.write0(Native Method)
	at sun.nio.ch.SocketDispatcher.write(SocketDispatcher.java:47)
	at sun.nio.ch.IOUtil.writeFromNativeBuffer(IOUtil.java:93)
	at sun.nio.ch.IOUtil.write(IOUtil.java:65)
	at sun.nio.ch.SocketChannelImpl.write(SocketChannelImpl.java:471)
	at org.apache.hadoop.ipc.Server.channelWrite(Server.java:3250)
	at org.apache.hadoop.ipc.Server.access$1700(Server.java:137)
	at org.apache.hadoop.ipc.Server$Responder.processResponse(Server.java:1473)
	at org.apache.hadoop.ipc.Server$Responder.doRespond(Server.java:1543)
	at org.apache.hadoop.ipc.Server$Connection.sendResponse(Server.java:2593)
	at org.apache.hadoop.ipc.Server$Connection.access$300(Server.java:1615)
	at org.apache.hadoop.ipc.Server$RpcCall.doResponse(Server.java:940)
	at org.apache.hadoop.ipc.Server$Call.sendResponse(Server.java:774)
	at org.apache.hadoop.ipc.Server$RpcCall.run(Server.java:885)
	at org.apache.hadoop.ipc.Server$RpcCall.run(Server.java:822)
	at java.security.AccessController.doPrivileged(Native Method)
	at javax.security.auth.Subject.doAs(Subject.java:422)
	at org.apache.hadoop.security.UserGroupInformation.doAs(UserGroupInformation.java:1730)
	at org.apache.hadoop.ipc.Server$Handler.run(Server.java:2682)
2020-04-15 04:08:39,896 [IPC Server handler 13 on 40289] INFO  ipc.Server (Server.java:run(869)) - IPC Server handler 13 on 40289: skipped Call#57 Retry#0 org.apache.hadoop.ozone.protocol.StorageContainerDatanodeProtocol.submitRequest from 172.17.0.2:46986
2020-04-15 04:08:40,033 [RatisPipelineUtilsThread] INFO  pipeline.PipelineStateManager (PipelineStateManager.java:addPipeline(54)) - Created pipeline Pipeline[ Id: cea8e7e7-864a-4db1-906b-7a799813b13e, Nodes: e9b38915-e851-41b1-8884-0e332c6a8248{ip: 172.17.0.2, host: edabee8e3155, networkLocation: /default-rack, certSerialId: null}, Type:RATIS, Factor:ONE, State:ALLOCATED, leaderId:null, CreationTimestamp2020-04-15T04:08:39.838Z]
2020-04-15 04:08:40,008 [omNode-2@group-6C22E66A003A-LeaderElection20] INFO  impl.LeaderElection (LeaderElection.java:logAndReturn(61)) - omNode-2@group-6C22E66A003A-LeaderElection20: Election REJECTED; received 0 response(s) [] and 0 exception(s); omNode-2@group-6C22E66A003A:t39, leader=null, voted=omNode-2, raftlog=omNode-2@group-6C22E66A003A-SegmentedRaftLog:OPENED:c0,f0,i0, conf=0: [omNode-3:localhost:11644, omNode-1:localhost:11632, omNode-2:localhost:11638], old=null
2020-04-15 04:08:39,975 [omNode-2@group-6C22E66A003A-LeaderElection21] INFO  impl.LeaderElection (LeaderElection.java:askForVotes(206)) - omNode-2@group-6C22E66A003A-LeaderElection21: begin an election at term 39 for 0: [omNode-3:localhost:11644, omNode-1:localhost:11632, omNode-2:localhost:11638], old=null
2020-04-15 04:08:39,962 [omNode-1@group-6C22E66A003A-LeaderElection18] INFO  impl.LeaderElection (LeaderElection.java:askForVotes(206)) - omNode-1@group-6C22E66A003A-LeaderElection18: begin an election at term 40 for 0: [omNode-3:localhost:11644, omNode-1:localhost:11632, omNode-2:localhost:11638], old=null
2020-04-15 04:08:41,301 [RatisPipelineUtilsThread] INFO  pipeline.RatisPipelineProvider (RatisPipelineProvider.java:lambda$create$3(170)) - Sending CreatePipelineCommand for pipeline:PipelineID=a9f0531e-c35a-494a-b307-3a19e40c7583 to datanode:e9b38915-e851-41b1-8884-0e332c6a8248
2020-04-15 04:08:41,314 [RatisPipelineUtilsThread] INFO  pipeline.RatisPipelineProvider (RatisPipelineProvider.java:lambda$create$3(170)) - Sending CreatePipelineCommand for pipeline:PipelineID=a9f0531e-c35a-494a-b307-3a19e40c7583 to datanode:45a63c2d-5a1c-471d-92ad-27f15c6268a3
2020-04-15 04:08:41,047 [main] INFO  ozone.MiniOzoneClusterImpl (MiniOzoneClusterImpl.java:lambda$waitForClusterToBeReady$0(177)) - Nodes are ready. Got 3 of 3 DN Heartbeats.
2020-04-15 04:08:41,337 [main] INFO  ozone.MiniOzoneClusterImpl (MiniOzoneClusterImpl.java:lambda$waitForClusterToBeReady$0(180)) - Waiting for cluster to exit safe mode
2020-04-15 04:08:40,847 [omNode-3@group-6C22E66A003A-LeaderElection14] INFO  impl.LeaderElection (LeaderElection.java:logAndReturn(61)) - omNode-3@group-6C22E66A003A-LeaderElection14: Election TIMEOUT; received 0 response(s) [] and 0 exception(s); omNode-3@group-6C22E66A003A:t39, leader=null, voted=omNode-3, raftlog=omNode-3@group-6C22E66A003A-SegmentedRaftLog:OPENED:c-1,f-1,i0, conf=-1: [omNode-3:localhost:11644, omNode-1:localhost:11632, omNode-2:localhost:11638], old=null
2020-04-15 04:08:41,348 [RatisPipelineUtilsThread] INFO  pipeline.RatisPipelineProvider (RatisPipelineProvider.java:lambda$create$3(170)) - Sending CreatePipelineCommand for pipeline:PipelineID=a9f0531e-c35a-494a-b307-3a19e40c7583 to datanode:e7d22208-90f1-4c2d-8da4-8182bc2fedbb
2020-04-15 04:08:41,397 [RatisPipelineUtilsThread] INFO  pipeline.PipelineStateManager (PipelineStateManager.java:addPipeline(54)) - Created pipeline Pipeline[ Id: a9f0531e-c35a-494a-b307-3a19e40c7583, Nodes: e9b38915-e851-41b1-8884-0e332c6a8248{ip: 172.17.0.2, host: edabee8e3155, networkLocation: /default-rack, certSerialId: null}45a63c2d-5a1c-471d-92ad-27f15c6268a3{ip: 172.17.0.2, host: edabee8e3155, networkLocation: /default-rack, certSerialId: null}e7d22208-90f1-4c2d-8da4-8182bc2fedbb{ip: 172.17.0.2, host: edabee8e3155, networkLocation: /default-rack, certSerialId: null}, Type:RATIS, Factor:THREE, State:ALLOCATED, leaderId:null, CreationTimestamp2020-04-15T04:08:41.301Z]
2020-04-15 04:08:41,553 [omNode-3@group-6C22E66A003A-LeaderElection14] INFO  impl.LeaderElection (LeaderElection.java:askForVotes(206)) - omNode-3@group-6C22E66A003A-LeaderElection14: begin an election at term 40 for -1: [omNode-3:localhost:11644, omNode-1:localhost:11632, omNode-2:localhost:11638], old=null
2020-04-15 04:08:41,837 [grpc-default-executor-11] INFO  impl.RaftServerImpl (RaftServerImpl.java:setRole(172)) - omNode-2@group-6C22E66A003A: changes role from CANDIDATE to FOLLOWER at term 40 for recognizeCandidate:omNode-3
2020-04-15 04:08:42,013 [IPC Server handler 5 on 40289] WARN  ipc.Server (Server.java:processResponse(1523)) - IPC Server handler 5 on 40289, call Call#60 Retry#0 org.apache.hadoop.ozone.protocol.StorageContainerDatanodeProtocol.submitRequest from 172.17.0.2:47000: output error
2020-04-15 04:08:41,860 [omNode-2@group-6C22E66A003A-LeaderElection21] INFO  impl.LeaderElection (LeaderElection.java:logAndReturn(61)) - omNode-2@group-6C22E66A003A-LeaderElection21: Election DISCOVERED_A_NEW_TERM; received 1 response(s) [omNode-2<-omNode-1#0:FAIL-t40] and 0 exception(s); omNode-2@group-6C22E66A003A:t40, leader=null, voted=null, raftlog=omNode-2@group-6C22E66A003A-SegmentedRaftLog:OPENED:c0,f0,i0, conf=0: [omNode-3:localhost:11644, omNode-1:localhost:11632, omNode-2:localhost:11638], old=null
2020-04-15 04:08:42,506 [IPC Server handler 5 on 40289] INFO  ipc.Server (Server.java:run(2695)) - IPC Server handler 5 on 40289 caught an exception
java.io.IOException: Broken pipe
	at sun.nio.ch.FileDispatcherImpl.write0(Native Method)
	at sun.nio.ch.SocketDispatcher.write(SocketDispatcher.java:47)
	at sun.nio.ch.IOUtil.writeFromNativeBuffer(IOUtil.java:93)
	at sun.nio.ch.IOUtil.write(IOUtil.java:65)
	at sun.nio.ch.SocketChannelImpl.write(SocketChannelImpl.java:471)
	at org.apache.hadoop.ipc.Server.channelWrite(Server.java:3250)
	at org.apache.hadoop.ipc.Server.access$1700(Server.java:137)
	at org.apache.hadoop.ipc.Server$Responder.processResponse(Server.java:1473)
	at org.apache.hadoop.ipc.Server$Responder.doRespond(Server.java:1543)
	at org.apache.hadoop.ipc.Server$Connection.sendResponse(Server.java:2593)
	at org.apache.hadoop.ipc.Server$Connection.access$300(Server.java:1615)
	at org.apache.hadoop.ipc.Server$RpcCall.doResponse(Server.java:940)
	at org.apache.hadoop.ipc.Server$Call.sendResponse(Server.java:774)
	at org.apache.hadoop.ipc.Server$RpcCall.run(Server.java:885)
	at org.apache.hadoop.ipc.Server$RpcCall.run(Server.java:822)
	at java.security.AccessController.doPrivileged(Native Method)
	at javax.security.auth.Subject.doAs(Subject.java:422)
	at org.apache.hadoop.security.UserGroupInformation.doAs(UserGroupInformation.java:1730)
	at org.apache.hadoop.ipc.Server$Handler.run(Server.java:2682)
2020-04-15 04:08:42,495 [IPC Server handler 18 on 40289] WARN  ipc.Server (Server.java:processResponse(1523)) - IPC Server handler 18 on 40289, call Call#69 Retry#0 org.apache.hadoop.ozone.protocol.StorageContainerDatanodeProtocol.submitRequest from 172.17.0.2:47018: output error
2020-04-15 04:08:42,521 [IPC Server handler 18 on 40289] INFO  ipc.Server (Server.java:run(2695)) - IPC Server handler 18 on 40289 caught an exception
java.io.IOException: Broken pipe
	at sun.nio.ch.FileDispatcherImpl.write0(Native Method)
	at sun.nio.ch.SocketDispatcher.write(SocketDispatcher.java:47)
	at sun.nio.ch.IOUtil.writeFromNativeBuffer(IOUtil.java:93)
	at sun.nio.ch.IOUtil.write(IOUtil.java:65)
	at sun.nio.ch.SocketChannelImpl.write(SocketChannelImpl.java:471)
	at org.apache.hadoop.ipc.Server.channelWrite(Server.java:3250)
	at org.apache.hadoop.ipc.Server.access$1700(Server.java:137)
	at org.apache.hadoop.ipc.Server$Responder.processResponse(Server.java:1473)
	at org.apache.hadoop.ipc.Server$Responder.doRespond(Server.java:1543)
	at org.apache.hadoop.ipc.Server$Connection.sendResponse(Server.java:2593)
	at org.apache.hadoop.ipc.Server$Connection.access$300(Server.java:1615)
	at org.apache.hadoop.ipc.Server$RpcCall.doResponse(Server.java:940)
	at org.apache.hadoop.ipc.Server$Call.sendResponse(Server.java:774)
	at org.apache.hadoop.ipc.Server$RpcCall.run(Server.java:885)
	at org.apache.hadoop.ipc.Server$RpcCall.run(Server.java:822)
	at java.security.AccessController.doPrivileged(Native Method)
	at javax.security.auth.Subject.doAs(Subject.java:422)
	at org.apache.hadoop.security.UserGroupInformation.doAs(UserGroupInformation.java:1730)
	at org.apache.hadoop.ipc.Server$Handler.run(Server.java:2682)
2020-04-15 04:08:42,416 [main] INFO  ozone.MiniOzoneClusterImpl (MiniOzoneClusterImpl.java:lambda$waitForClusterToBeReady$0(177)) - Nodes are ready. Got 3 of 3 DN Heartbeats.
2020-04-15 04:08:42,522 [main] INFO  ozone.MiniOzoneClusterImpl (MiniOzoneClusterImpl.java:lambda$waitForClusterToBeReady$0(180)) - Waiting for cluster to exit safe mode
2020-04-15 04:08:42,230 [IPC Server handler 4 on 40289] WARN  ipc.Server (Server.java:processResponse(1523)) - IPC Server handler 4 on 40289, call Call#67 Retry#0 org.apache.hadoop.ozone.protocol.StorageContainerDatanodeProtocol.submitRequest from 172.17.0.2:47012: output error
2020-04-15 04:08:42,224 [EventQueue-NodeRegistrationContainerReportForContainerSafeModeRule] INFO  safemode.SCMSafeModeManager (SCMSafeModeManager.java:validateSafeModeExitRules(182)) - ContainerSafeModeRule rule is successfully validated
2020-04-15 04:08:42,577 [EventQueue-NodeRegistrationContainerReportForDataNodeSafeModeRule] INFO  safemode.SCMSafeModeManager (SCMSafeModeManager.java:validateSafeModeExitRules(182)) - DataNodeSafeModeRule rule is successfully validated
2020-04-15 04:08:42,577 [IPC Server handler 17 on 40289] WARN  ipc.Server (Server.java:processResponse(1523)) - IPC Server handler 17 on 40289, call Call#66 Retry#0 org.apache.hadoop.ozone.protocol.StorageContainerDatanodeProtocol.submitRequest from 172.17.0.2:47012: output error
2020-04-15 04:08:42,577 [IPC Server handler 17 on 40289] INFO  ipc.Server (Server.java:run(2695)) - IPC Server handler 17 on 40289 caught an exception
java.nio.channels.ClosedChannelException
	at sun.nio.ch.SocketChannelImpl.ensureWriteOpen(SocketChannelImpl.java:270)
	at sun.nio.ch.SocketChannelImpl.write(SocketChannelImpl.java:461)
	at org.apache.hadoop.ipc.Server.channelWrite(Server.java:3250)
	at org.apache.hadoop.ipc.Server.access$1700(Server.java:137)
	at org.apache.hadoop.ipc.Server$Responder.processResponse(Server.java:1473)
	at org.apache.hadoop.ipc.Server$Responder.doRespond(Server.java:1543)
	at org.apache.hadoop.ipc.Server$Connection.sendResponse(Server.java:2593)
	at org.apache.hadoop.ipc.Server$Connection.access$300(Server.java:1615)
	at org.apache.hadoop.ipc.Server$RpcCall.doResponse(Server.java:940)
	at org.apache.hadoop.ipc.Server$Call.sendResponse(Server.java:774)
	at org.apache.hadoop.ipc.Server$RpcCall.run(Server.java:885)
	at org.apache.hadoop.ipc.Server$RpcCall.run(Server.java:822)
	at java.security.AccessController.doPrivileged(Native Method)
	at javax.security.auth.Subject.doAs(Subject.java:422)
	at org.apache.hadoop.security.UserGroupInformation.doAs(UserGroupInformation.java:1730)
	at org.apache.hadoop.ipc.Server$Handler.run(Server.java:2682)
2020-04-15 04:08:42,224 [grpc-default-executor-11] INFO  impl.RoleInfo (RoleInfo.java:shutdownLeaderElection(134)) - omNode-2: shutdown LeaderElection
2020-04-15 04:08:42,578 [IPC Server handler 4 on 40289] INFO  ipc.Server (Server.java:run(2695)) - IPC Server handler 4 on 40289 caught an exception
java.io.IOException: Broken pipe
	at sun.nio.ch.FileDispatcherImpl.write0(Native Method)
	at sun.nio.ch.SocketDispatcher.write(SocketDispatcher.java:47)
	at sun.nio.ch.IOUtil.writeFromNativeBuffer(IOUtil.java:93)
	at sun.nio.ch.IOUtil.write(IOUtil.java:65)
	at sun.nio.ch.SocketChannelImpl.write(SocketChannelImpl.java:471)
	at org.apache.hadoop.ipc.Server.channelWrite(Server.java:3250)
	at org.apache.hadoop.ipc.Server.access$1700(Server.java:137)
	at org.apache.hadoop.ipc.Server$Responder.processResponse(Server.java:1473)
	at org.apache.hadoop.ipc.Server$Responder.doRespond(Server.java:1543)
	at org.apache.hadoop.ipc.Server$Connection.sendResponse(Server.java:2593)
	at org.apache.hadoop.ipc.Server$Connection.access$300(Server.java:1615)
	at org.apache.hadoop.ipc.Server$RpcCall.doResponse(Server.java:940)
	at org.apache.hadoop.ipc.Server$Call.sendResponse(Server.java:774)
	at org.apache.hadoop.ipc.Server$RpcCall.run(Server.java:885)
	at org.apache.hadoop.ipc.Server$RpcCall.run(Server.java:822)
	at java.security.AccessController.doPrivileged(Native Method)
	at javax.security.auth.Subject.doAs(Subject.java:422)
	at org.apache.hadoop.security.UserGroupInformation.doAs(UserGroupInformation.java:1730)
	at org.apache.hadoop.ipc.Server$Handler.run(Server.java:2682)
2020-04-15 04:08:42,522 [IPC Server handler 6 on 40289] WARN  ipc.Server (Server.java:processResponse(1523)) - IPC Server handler 6 on 40289, call Call#64 Retry#0 org.apache.hadoop.ozone.protocol.StorageContainerDatanodeProtocol.submitRequest from 172.17.0.2:47010: output error
2020-04-15 04:08:42,651 [IPC Server handler 6 on 40289] INFO  ipc.Server (Server.java:run(2695)) - IPC Server handler 6 on 40289 caught an exception
java.nio.channels.ClosedChannelException
	at sun.nio.ch.SocketChannelImpl.ensureWriteOpen(SocketChannelImpl.java:270)
	at sun.nio.ch.SocketChannelImpl.write(SocketChannelImpl.java:461)
	at org.apache.hadoop.ipc.Server.channelWrite(Server.java:3250)
	at org.apache.hadoop.ipc.Server.access$1700(Server.java:137)
	at org.apache.hadoop.ipc.Server$Responder.processResponse(Server.java:1473)
	at org.apache.hadoop.ipc.Server$Responder.doRespond(Server.java:1543)
	at org.apache.hadoop.ipc.Server$Connection.sendResponse(Server.java:2593)
	at org.apache.hadoop.ipc.Server$Connection.access$300(Server.java:1615)
	at org.apache.hadoop.ipc.Server$RpcCall.doResponse(Server.java:940)
	at org.apache.hadoop.ipc.Server$Call.sendResponse(Server.java:774)
	at org.apache.hadoop.ipc.Server$RpcCall.run(Server.java:885)
	at org.apache.hadoop.ipc.Server$RpcCall.run(Server.java:822)
	at java.security.AccessController.doPrivileged(Native Method)
	at javax.security.auth.Subject.doAs(Subject.java:422)
	at org.apache.hadoop.security.UserGroupInformation.doAs(UserGroupInformation.java:1730)
	at org.apache.hadoop.ipc.Server$Handler.run(Server.java:2682)
2020-04-15 04:08:42,517 [IPC Server handler 19 on 40289] INFO  ipc.Server (Server.java:run(869)) - IPC Server handler 19 on 40289: skipped Call#62 Retry#0 org.apache.hadoop.ozone.protocol.StorageContainerDatanodeProtocol.submitRequest from 172.17.0.2:47000
2020-04-15 04:08:42,662 [omNode-3@group-6C22E66A003A-LeaderElection14] INFO  impl.LeaderElection (LeaderElection.java:logAndReturn(61)) - omNode-3@group-6C22E66A003A-LeaderElection14: Election TIMEOUT; received 1 response(s) [omNode-3<-omNode-1#0:FAIL-t40] and 0 exception(s); omNode-3@group-6C22E66A003A:t40, leader=null, voted=omNode-3, raftlog=omNode-3@group-6C22E66A003A-SegmentedRaftLog:OPENED:c-1,f-1,i0, conf=-1: [omNode-3:localhost:11644, omNode-1:localhost:11632, omNode-2:localhost:11638], old=null
2020-04-15 04:08:42,581 [omNode-1@group-6C22E66A003A-LeaderElection18] INFO  impl.LeaderElection (LeaderElection.java:logAndReturn(61)) - omNode-1@group-6C22E66A003A-LeaderElection18: Election TIMEOUT; received 1 response(s) [omNode-1<-omNode-3#0:FAIL-t40] and 0 exception(s); omNode-1@group-6C22E66A003A:t40, leader=null, voted=omNode-1, raftlog=omNode-1@group-6C22E66A003A-SegmentedRaftLog:OPENED:c-1,f0,i0, conf=0: [omNode-3:localhost:11644, omNode-1:localhost:11632, omNode-2:localhost:11638], old=null
2020-04-15 04:08:42,578 [grpc-default-executor-11] INFO  impl.RoleInfo (RoleInfo.java:updateAndGet(143)) - omNode-2: start FollowerState
2020-04-15 04:08:42,897 [omNode-3@group-6C22E66A003A-LeaderElection14] INFO  impl.LeaderElection (LeaderElection.java:askForVotes(206)) - omNode-3@group-6C22E66A003A-LeaderElection14: begin an election at term 41 for -1: [omNode-3:localhost:11644, omNode-1:localhost:11632, omNode-2:localhost:11638], old=null
2020-04-15 04:08:42,956 [grpc-default-executor-2] INFO  impl.RaftServerImpl (RaftServerImpl.java:setRole(172)) - omNode-2@group-6C22E66A003A: changes role from  FOLLOWER to FOLLOWER at term 40 for recognizeCandidate:omNode-1
2020-04-15 04:08:42,968 [EventQueue-NodeRegistrationContainerReportForContainerSafeModeRule] INFO  safemode.SCMSafeModeManager (SCMSafeModeManager.java:validateSafeModeExitRules(182)) - ContainerSafeModeRule rule is successfully validated
2020-04-15 04:08:43,001 [grpc-default-executor-2] INFO  impl.RoleInfo (RoleInfo.java:shutdownFollowerState(121)) - omNode-2: shutdown FollowerState
2020-04-15 04:08:43,001 [omNode-1@group-6C22E66A003A-LeaderElection18] INFO  impl.LeaderElection (LeaderElection.java:askForVotes(206)) - omNode-1@group-6C22E66A003A-LeaderElection18: begin an election at term 41 for 0: [omNode-3:localhost:11644, omNode-1:localhost:11632, omNode-2:localhost:11638], old=null
2020-04-15 04:08:43,035 [Thread-532] INFO  impl.FollowerState (FollowerState.java:run(117)) - omNode-2@group-6C22E66A003A-FollowerState was interrupted: java.lang.InterruptedException: sleep interrupted
2020-04-15 04:08:43,166 [EventQueue-NodeRegistrationContainerReportForDataNodeSafeModeRule] INFO  safemode.SCMSafeModeManager (SCMSafeModeManager.java:validateSafeModeExitRules(182)) - DataNodeSafeModeRule rule is successfully validated
2020-04-15 04:08:43,046 [grpc-default-executor-2] INFO  impl.RoleInfo (RoleInfo.java:updateAndGet(143)) - omNode-2: start FollowerState
2020-04-15 04:08:43,527 [main] INFO  ozone.MiniOzoneClusterImpl (MiniOzoneClusterImpl.java:lambda$waitForClusterToBeReady$0(177)) - Nodes are ready. Got 3 of 3 DN Heartbeats.
2020-04-15 04:08:43,581 [main] INFO  ozone.MiniOzoneClusterImpl (MiniOzoneClusterImpl.java:lambda$waitForClusterToBeReady$0(180)) - Waiting for cluster to exit safe mode
2020-04-15 04:08:43,718 [grpc-default-executor-11] INFO  impl.RaftServerImpl (RaftServerImpl.java:setRole(172)) - omNode-2@group-6C22E66A003A: changes role from  FOLLOWER to FOLLOWER at term 41 for recognizeCandidate:omNode-3
2020-04-15 04:08:43,763 [grpc-default-executor-11] INFO  impl.RoleInfo (RoleInfo.java:shutdownFollowerState(121)) - omNode-2: shutdown FollowerState
2020-04-15 04:08:43,764 [Thread-536] INFO  impl.FollowerState (FollowerState.java:run(117)) - omNode-2@group-6C22E66A003A-FollowerState was interrupted: java.lang.InterruptedException: sleep interrupted
2020-04-15 04:08:43,764 [grpc-default-executor-11] INFO  impl.RoleInfo (RoleInfo.java:updateAndGet(143)) - omNode-2: start FollowerState
2020-04-15 04:08:43,876 [grpc-default-executor-7] INFO  impl.RaftServerImpl (RaftServerImpl.java:setRole(172)) - omNode-2@group-6C22E66A003A: changes role from  FOLLOWER to FOLLOWER at term 41 for recognizeCandidate:omNode-1
2020-04-15 04:08:43,898 [grpc-default-executor-7] INFO  impl.RoleInfo (RoleInfo.java:shutdownFollowerState(121)) - omNode-2: shutdown FollowerState
2020-04-15 04:08:43,898 [grpc-default-executor-7] INFO  impl.RoleInfo (RoleInfo.java:updateAndGet(143)) - omNode-2: start FollowerState
2020-04-15 04:08:43,909 [Thread-538] INFO  impl.FollowerState (FollowerState.java:run(117)) - omNode-2@group-6C22E66A003A-FollowerState was interrupted: java.lang.InterruptedException: sleep interrupted
2020-04-15 04:08:44,049 [omNode-3@group-6C22E66A003A-LeaderElection14] INFO  impl.LeaderElection (LeaderElection.java:logAndReturn(61)) - omNode-3@group-6C22E66A003A-LeaderElection14: Election TIMEOUT; received 1 response(s) [omNode-3<-omNode-1#0:FAIL-t41] and 0 exception(s); omNode-3@group-6C22E66A003A:t41, leader=null, voted=omNode-3, raftlog=omNode-3@group-6C22E66A003A-SegmentedRaftLog:OPENED:c-1,f-1,i0, conf=-1: [omNode-3:localhost:11644, omNode-1:localhost:11632, omNode-2:localhost:11638], old=null
2020-04-15 04:08:44,499 [omNode-1@group-6C22E66A003A-LeaderElection18] INFO  impl.LeaderElection (LeaderElection.java:logAndReturn(61)) - omNode-1@group-6C22E66A003A-LeaderElection18: Election TIMEOUT; received 1 response(s) [omNode-1<-omNode-3#0:FAIL-t41] and 0 exception(s); omNode-1@group-6C22E66A003A:t41, leader=null, voted=omNode-1, raftlog=omNode-1@group-6C22E66A003A-SegmentedRaftLog:OPENED:c-1,f0,i0, conf=0: [omNode-3:localhost:11644, omNode-1:localhost:11632, omNode-2:localhost:11638], old=null
2020-04-15 04:08:44,654 [main] INFO  ozone.MiniOzoneClusterImpl (MiniOzoneClusterImpl.java:lambda$waitForClusterToBeReady$0(177)) - Nodes are ready. Got 3 of 3 DN Heartbeats.
2020-04-15 04:08:44,709 [main] INFO  ozone.MiniOzoneClusterImpl (MiniOzoneClusterImpl.java:lambda$waitForClusterToBeReady$0(180)) - Waiting for cluster to exit safe mode
2020-04-15 04:08:44,763 [omNode-3@group-6C22E66A003A-LeaderElection14] INFO  impl.LeaderElection (LeaderElection.java:askForVotes(206)) - omNode-3@group-6C22E66A003A-LeaderElection14: begin an election at term 42 for -1: [omNode-3:localhost:11644, omNode-1:localhost:11632, omNode-2:localhost:11638], old=null
2020-04-15 04:08:44,764 [omNode-1@group-6C22E66A003A-LeaderElection18] INFO  impl.LeaderElection (LeaderElection.java:askForVotes(206)) - omNode-1@group-6C22E66A003A-LeaderElection18: begin an election at term 42 for 0: [omNode-3:localhost:11644, omNode-1:localhost:11632, omNode-2:localhost:11638], old=null
2020-04-15 04:08:45,089 [Thread-539] INFO  impl.FollowerState (FollowerState.java:run(108)) - omNode-2@group-6C22E66A003A-FollowerState: change to CANDIDATE, lastRpcTime:1190ms, electionTimeout:1062ms
2020-04-15 04:08:45,734 [Thread-539] INFO  impl.RoleInfo (RoleInfo.java:shutdownFollowerState(121)) - omNode-2: shutdown FollowerState
2020-04-15 04:08:45,968 [Thread-539] INFO  impl.RaftServerImpl (RaftServerImpl.java:setRole(172)) - omNode-2@group-6C22E66A003A: changes role from  FOLLOWER to CANDIDATE at term 41 for changeToCandidate
2020-04-15 04:08:45,955 [omNode-3@group-6C22E66A003A-LeaderElection14] INFO  impl.LeaderElection (LeaderElection.java:logAndReturn(61)) - omNode-3@group-6C22E66A003A-LeaderElection14: Election TIMEOUT; received 0 response(s) [] and 0 exception(s); omNode-3@group-6C22E66A003A:t42, leader=null, voted=omNode-3, raftlog=omNode-3@group-6C22E66A003A-SegmentedRaftLog:OPENED:c-1,f-1,i0, conf=-1: [omNode-3:localhost:11644, omNode-1:localhost:11632, omNode-2:localhost:11638], old=null
2020-04-15 04:08:46,048 [omNode-1@group-6C22E66A003A-LeaderElection18] INFO  impl.LeaderElection (LeaderElection.java:logAndReturn(61)) - omNode-1@group-6C22E66A003A-LeaderElection18: Election TIMEOUT; received 1 response(s) [omNode-1<-omNode-3#0:FAIL-t42] and 0 exception(s); omNode-1@group-6C22E66A003A:t42, leader=null, voted=omNode-1, raftlog=omNode-1@group-6C22E66A003A-SegmentedRaftLog:OPENED:c-1,f0,i0, conf=0: [omNode-3:localhost:11644, omNode-1:localhost:11632, omNode-2:localhost:11638], old=null
2020-04-15 04:08:45,768 [main] INFO  ozone.MiniOzoneClusterImpl (MiniOzoneClusterImpl.java:lambda$waitForClusterToBeReady$0(177)) - Nodes are ready. Got 3 of 3 DN Heartbeats.
2020-04-15 04:08:46,059 [main] INFO  ozone.MiniOzoneClusterImpl (MiniOzoneClusterImpl.java:lambda$waitForClusterToBeReady$0(180)) - Waiting for cluster to exit safe mode
2020-04-15 04:08:46,129 [Thread-539] INFO  impl.RoleInfo (RoleInfo.java:updateAndGet(143)) - omNode-2: start LeaderElection
2020-04-15 04:08:46,311 [omNode-1@group-6C22E66A003A-LeaderElection18] INFO  impl.LeaderElection (LeaderElection.java:askForVotes(206)) - omNode-1@group-6C22E66A003A-LeaderElection18: begin an election at term 43 for 0: [omNode-3:localhost:11644, omNode-1:localhost:11632, omNode-2:localhost:11638], old=null
2020-04-15 04:08:46,505 [omNode-3@group-6C22E66A003A-LeaderElection14] INFO  impl.LeaderElection (LeaderElection.java:askForVotes(206)) - omNode-3@group-6C22E66A003A-LeaderElection14: begin an election at term 43 for -1: [omNode-3:localhost:11644, omNode-1:localhost:11632, omNode-2:localhost:11638], old=null
2020-04-15 04:08:46,377 [grpc-default-executor-1] INFO  impl.RaftServerImpl (RaftServerImpl.java:setRole(172)) - omNode-2@group-6C22E66A003A: changes role from CANDIDATE to FOLLOWER at term 42 for recognizeCandidate:omNode-1
2020-04-15 04:08:47,065 [main] INFO  ozone.MiniOzoneClusterImpl (MiniOzoneClusterImpl.java:lambda$waitForClusterToBeReady$0(177)) - Nodes are ready. Got 3 of 3 DN Heartbeats.
2020-04-15 04:08:47,065 [Command processor thread] INFO  impl.RaftServerProxy (RaftServerProxy.java:addNew(89)) - e9b38915-e851-41b1-8884-0e332c6a8248: addNew group-7A799813B13E:[e9b38915-e851-41b1-8884-0e332c6a8248:172.17.0.2:46057] returns group-7A799813B13E:java.util.concurrent.CompletableFuture@930d969[Not completed]
2020-04-15 04:08:48,853 [main] INFO  ozone.MiniOzoneClusterImpl (MiniOzoneClusterImpl.java:lambda$waitForClusterToBeReady$0(180)) - Waiting for cluster to exit safe mode
2020-04-15 04:08:48,082 [omNode-3@group-6C22E66A003A-LeaderElection14] INFO  impl.LeaderElection (LeaderElection.java:logAndReturn(61)) - omNode-3@group-6C22E66A003A-LeaderElection14: Election TIMEOUT; received 0 response(s) [] and 0 exception(s); omNode-3@group-6C22E66A003A:t43, leader=null, voted=omNode-3, raftlog=omNode-3@group-6C22E66A003A-SegmentedRaftLog:OPENED:c-1,f-1,i0, conf=-1: [omNode-3:localhost:11644, omNode-1:localhost:11632, omNode-2:localhost:11638], old=null
2020-04-15 04:08:47,840 [omNode-1@group-6C22E66A003A-LeaderElection18] INFO  impl.LeaderElection (LeaderElection.java:logAndReturn(61)) - omNode-1@group-6C22E66A003A-LeaderElection18: Election TIMEOUT; received 0 response(s) [] and 0 exception(s); omNode-1@group-6C22E66A003A:t43, leader=null, voted=omNode-1, raftlog=omNode-1@group-6C22E66A003A-SegmentedRaftLog:OPENED:c-1,f0,i0, conf=0: [omNode-3:localhost:11644, omNode-1:localhost:11632, omNode-2:localhost:11638], old=null
2020-04-15 04:08:47,673 [grpc-default-executor-1] INFO  impl.RoleInfo (RoleInfo.java:shutdownLeaderElection(134)) - omNode-2: shutdown LeaderElection
2020-04-15 04:08:48,987 [grpc-default-executor-1] INFO  impl.RoleInfo (RoleInfo.java:updateAndGet(143)) - omNode-2: start FollowerState
2020-04-15 04:08:49,381 [omNode-1@group-6C22E66A003A-LeaderElection18] INFO  impl.LeaderElection (LeaderElection.java:askForVotes(206)) - omNode-1@group-6C22E66A003A-LeaderElection18: begin an election at term 44 for 0: [omNode-3:localhost:11644, omNode-1:localhost:11632, omNode-2:localhost:11638], old=null
2020-04-15 04:08:49,494 [omNode-3@group-6C22E66A003A-LeaderElection14] INFO  impl.LeaderElection (LeaderElection.java:askForVotes(206)) - omNode-3@group-6C22E66A003A-LeaderElection14: begin an election at term 44 for -1: [omNode-3:localhost:11644, omNode-1:localhost:11632, omNode-2:localhost:11638], old=null
2020-04-15 04:08:49,495 [Socket Reader #1 for port 40289] INFO  ipc.Server (Server.java:doRead(1256)) - Socket Reader #1 for port 40289: readAndProcess from client 172.17.0.2:47028 threw exception [java.io.IOException: Connection reset by peer]
java.io.IOException: Connection reset by peer
	at sun.nio.ch.FileDispatcherImpl.read0(Native Method)
	at sun.nio.ch.SocketDispatcher.read(SocketDispatcher.java:39)
	at sun.nio.ch.IOUtil.readIntoNativeBuffer(IOUtil.java:223)
	at sun.nio.ch.IOUtil.read(IOUtil.java:197)
	at sun.nio.ch.SocketChannelImpl.read(SocketChannelImpl.java:380)
	at org.apache.hadoop.ipc.Server.channelRead(Server.java:3270)
	at org.apache.hadoop.ipc.Server.access$2600(Server.java:137)
	at org.apache.hadoop.ipc.Server$Connection.readAndProcess(Server.java:2044)
	at org.apache.hadoop.ipc.Server$Listener.doRead(Server.java:1249)
	at org.apache.hadoop.ipc.Server$Listener$Reader.doRunLoop(Server.java:1105)
	at org.apache.hadoop.ipc.Server$Listener$Reader.run(Server.java:1076)
2020-04-15 04:08:49,563 [grpc-default-executor-7] INFO  impl.RaftServerImpl (RaftServerImpl.java:setRole(172)) - omNode-2@group-6C22E66A003A: changes role from  FOLLOWER to FOLLOWER at term 42 for recognizeCandidate:omNode-3
2020-04-15 04:08:49,629 [pool-98-thread-1] INFO  impl.RaftServerImpl (RaftServerImpl.java:<init>(97)) - e9b38915-e851-41b1-8884-0e332c6a8248: new RaftServerImpl for group-7A799813B13E:[e9b38915-e851-41b1-8884-0e332c6a8248:172.17.0.2:46057] with ContainerStateMachine:uninitialized
2020-04-15 04:08:49,640 [pool-98-thread-1] INFO  server.RaftServerConfigKeys (ConfUtils.java:logGet(44)) - raft.server.rpc.timeout.min = 5s (custom)
2020-04-15 04:08:49,640 [pool-98-thread-1] INFO  server.RaftServerConfigKeys (ConfUtils.java:logGet(44)) - raft.server.rpc.timeout.max = 5200ms (custom)
2020-04-15 04:08:49,640 [pool-98-thread-1] INFO  server.RaftServerConfigKeys (ConfUtils.java:logGet(44)) - raft.server.rpcslowness.timeout = 300s (custom)
2020-04-15 04:08:49,640 [pool-98-thread-1] INFO  server.RaftServerConfigKeys (ConfUtils.java:logGet(44)) - raft.server.sleep.deviation.threshold = 300 (default)
2020-04-15 04:08:49,640 [pool-98-thread-1] INFO  server.RaftServerConfigKeys (ConfUtils.java:logGet(44)) - raft.server.log.appender.install.snapshot.enabled = false (custom)
2020-04-15 04:08:49,651 [grpc-default-executor-7] INFO  impl.RoleInfo (RoleInfo.java:shutdownFollowerState(121)) - omNode-2: shutdown FollowerState
2020-04-15 04:08:49,652 [Datanode State Machine Thread - 1] WARN  statemachine.EndpointStateMachine (EndpointStateMachine.java:logIfNeeded(217)) - Unable to communicate to SCM server at 0.0.0.0:40289 for past 0 seconds.
java.net.SocketTimeoutException: Call From edabee8e3155/172.17.0.2 to 0.0.0.0:40289 failed on socket timeout exception: java.net.SocketTimeoutException: 1000 millis timeout while waiting for channel to be ready for read. ch : java.nio.channels.SocketChannel[connected local=/172.17.0.2:47028 remote=0.0.0.0/0.0.0.0:40289]; For more details see:  http://wiki.apache.org/hadoop/SocketTimeout
	at sun.reflect.GeneratedConstructorAccessor17.newInstance(Unknown Source)
	at sun.reflect.DelegatingConstructorAccessorImpl.newInstance(DelegatingConstructorAccessorImpl.java:45)
	at java.lang.reflect.Constructor.newInstance(Constructor.java:423)
	at org.apache.hadoop.net.NetUtils.wrapWithMessage(NetUtils.java:831)
	at org.apache.hadoop.net.NetUtils.wrapException(NetUtils.java:775)
	at org.apache.hadoop.ipc.Client.getRpcResponse(Client.java:1515)
	at org.apache.hadoop.ipc.Client.call(Client.java:1457)
	at org.apache.hadoop.ipc.Client.call(Client.java:1367)
	at org.apache.hadoop.ipc.ProtobufRpcEngine$Invoker.invoke(ProtobufRpcEngine.java:228)
	at org.apache.hadoop.ipc.ProtobufRpcEngine$Invoker.invoke(ProtobufRpcEngine.java:116)
	at com.sun.proxy.$Proxy40.submitRequest(Unknown Source)
	at org.apache.hadoop.ozone.protocolPB.StorageContainerDatanodeProtocolClientSideTranslatorPB.submitRequest(StorageContainerDatanodeProtocolClientSideTranslatorPB.java:116)
	at org.apache.hadoop.ozone.protocolPB.StorageContainerDatanodeProtocolClientSideTranslatorPB.sendHeartbeat(StorageContainerDatanodeProtocolClientSideTranslatorPB.java:148)
	at org.apache.hadoop.ozone.container.common.states.endpoint.HeartbeatEndpointTask.call(HeartbeatEndpointTask.java:145)
	at org.apache.hadoop.ozone.container.common.states.endpoint.HeartbeatEndpointTask.call(HeartbeatEndpointTask.java:76)
	at java.util.concurrent.FutureTask.run(FutureTask.java:266)
	at java.util.concurrent.Executors$RunnableAdapter.call(Executors.java:511)
	at java.util.concurrent.FutureTask.run(FutureTask.java:266)
	at java.util.concurrent.ThreadPoolExecutor.runWorker(ThreadPoolExecutor.java:1149)
	at java.util.concurrent.ThreadPoolExecutor$Worker.run(ThreadPoolExecutor.java:624)
	at java.lang.Thread.run(Thread.java:748)
Caused by: java.net.SocketTimeoutException: 1000 millis timeout while waiting for channel to be ready for read. ch : java.nio.channels.SocketChannel[connected local=/172.17.0.2:47028 remote=0.0.0.0/0.0.0.0:40289]
	at org.apache.hadoop.net.SocketIOWithTimeout.doIO(SocketIOWithTimeout.java:164)
	at org.apache.hadoop.net.SocketInputStream.read(SocketInputStream.java:161)
	at org.apache.hadoop.net.SocketInputStream.read(SocketInputStream.java:131)
	at java.io.FilterInputStream.read(FilterInputStream.java:133)
	at java.io.BufferedInputStream.fill(BufferedInputStream.java:246)
	at java.io.BufferedInputStream.read(BufferedInputStream.java:265)
	at java.io.FilterInputStream.read(FilterInputStream.java:83)
	at java.io.FilterInputStream.read(FilterInputStream.java:83)
	at org.apache.hadoop.ipc.Client$Connection$PingInputStream.read(Client.java:557)
	at java.io.DataInputStream.readInt(DataInputStream.java:387)
	at org.apache.hadoop.ipc.Client$IpcStreams.readResponse(Client.java:1816)
	at org.apache.hadoop.ipc.Client$Connection.receiveRpcResponse(Client.java:1173)
	at org.apache.hadoop.ipc.Client$Connection.run(Client.java:1069)
2020-04-15 04:08:49,892 [IPC Server handler 1 on 40289] WARN  ipc.Server (Server.java:processResponse(1523)) - IPC Server handler 1 on 40289, call Call#85 Retry#0 org.apache.hadoop.ozone.protocol.StorageContainerDatanodeProtocol.submitRequest from 172.17.0.2:47028: output error
2020-04-15 04:08:49,673 [pool-98-thread-1] INFO  impl.RaftServerImpl (ServerState.java:<init>(103)) - e9b38915-e851-41b1-8884-0e332c6a8248@group-7A799813B13E: ConfigurationManager, init=-1: [e9b38915-e851-41b1-8884-0e332c6a8248:172.17.0.2:46057], old=null, confs=<EMPTY_MAP>
2020-04-15 04:08:49,652 [Datanode State Machine Thread - 2] WARN  statemachine.EndpointStateMachine (EndpointStateMachine.java:logIfNeeded(217)) - Unable to communicate to SCM server at 0.0.0.0:40289 for past 0 seconds.
java.net.SocketTimeoutException: Call From edabee8e3155/172.17.0.2 to 0.0.0.0:40289 failed on socket timeout exception: java.net.SocketTimeoutException: 1000 millis timeout while waiting for channel to be ready for read. ch : java.nio.channels.SocketChannel[connected local=/172.17.0.2:47028 remote=0.0.0.0/0.0.0.0:40289]; For more details see:  http://wiki.apache.org/hadoop/SocketTimeout
	at sun.reflect.GeneratedConstructorAccessor17.newInstance(Unknown Source)
	at sun.reflect.DelegatingConstructorAccessorImpl.newInstance(DelegatingConstructorAccessorImpl.java:45)
	at java.lang.reflect.Constructor.newInstance(Constructor.java:423)
	at org.apache.hadoop.net.NetUtils.wrapWithMessage(NetUtils.java:831)
	at org.apache.hadoop.net.NetUtils.wrapException(NetUtils.java:775)
	at org.apache.hadoop.ipc.Client.getRpcResponse(Client.java:1515)
	at org.apache.hadoop.ipc.Client.call(Client.java:1457)
	at org.apache.hadoop.ipc.Client.call(Client.java:1367)
	at org.apache.hadoop.ipc.ProtobufRpcEngine$Invoker.invoke(ProtobufRpcEngine.java:228)
	at org.apache.hadoop.ipc.ProtobufRpcEngine$Invoker.invoke(ProtobufRpcEngine.java:116)
	at com.sun.proxy.$Proxy40.submitRequest(Unknown Source)
	at org.apache.hadoop.ozone.protocolPB.StorageContainerDatanodeProtocolClientSideTranslatorPB.submitRequest(StorageContainerDatanodeProtocolClientSideTranslatorPB.java:116)
	at org.apache.hadoop.ozone.protocolPB.StorageContainerDatanodeProtocolClientSideTranslatorPB.sendHeartbeat(StorageContainerDatanodeProtocolClientSideTranslatorPB.java:148)
	at org.apache.hadoop.ozone.container.common.states.endpoint.HeartbeatEndpointTask.call(HeartbeatEndpointTask.java:145)
	at org.apache.hadoop.ozone.container.common.states.endpoint.HeartbeatEndpointTask.call(HeartbeatEndpointTask.java:76)
	at java.util.concurrent.FutureTask.run(FutureTask.java:266)
	at java.util.concurrent.Executors$RunnableAdapter.call(Executors.java:511)
	at java.util.concurrent.FutureTask.run(FutureTask.java:266)
	at java.util.concurrent.ThreadPoolExecutor.runWorker(ThreadPoolExecutor.java:1149)
	at java.util.concurrent.ThreadPoolExecutor$Worker.run(ThreadPoolExecutor.java:624)
	at java.lang.Thread.run(Thread.java:748)
Caused by: java.net.SocketTimeoutException: 1000 millis timeout while waiting for channel to be ready for read. ch : java.nio.channels.SocketChannel[connected local=/172.17.0.2:47028 remote=0.0.0.0/0.0.0.0:40289]
	at org.apache.hadoop.net.SocketIOWithTimeout.doIO(SocketIOWithTimeout.java:164)
	at org.apache.hadoop.net.SocketInputStream.read(SocketInputStream.java:161)
	at org.apache.hadoop.net.SocketInputStream.read(SocketInputStream.java:131)
	at java.io.FilterInputStream.read(FilterInputStream.java:133)
	at java.io.BufferedInputStream.fill(BufferedInputStream.java:246)
	at java.io.BufferedInputStream.read(BufferedInputStream.java:265)
	at java.io.FilterInputStream.read(FilterInputStream.java:83)
	at java.io.FilterInputStream.read(FilterInputStream.java:83)
	at org.apache.hadoop.ipc.Client$Connection$PingInputStream.read(Client.java:557)
	at java.io.DataInputStream.readInt(DataInputStream.java:387)
	at org.apache.hadoop.ipc.Client$IpcStreams.readResponse(Client.java:1816)
	at org.apache.hadoop.ipc.Client$Connection.receiveRpcResponse(Client.java:1173)
	at org.apache.hadoop.ipc.Client$Connection.run(Client.java:1069)
2020-04-15 04:08:49,652 [Datanode State Machine Thread - 4] WARN  statemachine.EndpointStateMachine (EndpointStateMachine.java:logIfNeeded(217)) - Unable to communicate to SCM server at 0.0.0.0:40289 for past 0 seconds.
java.net.SocketTimeoutException: Call From edabee8e3155/172.17.0.2 to 0.0.0.0:40289 failed on socket timeout exception: java.net.SocketTimeoutException: 1000 millis timeout while waiting for channel to be ready for read. ch : java.nio.channels.SocketChannel[connected local=/172.17.0.2:47028 remote=0.0.0.0/0.0.0.0:40289]; For more details see:  http://wiki.apache.org/hadoop/SocketTimeout
	at sun.reflect.GeneratedConstructorAccessor17.newInstance(Unknown Source)
	at sun.reflect.DelegatingConstructorAccessorImpl.newInstance(DelegatingConstructorAccessorImpl.java:45)
	at java.lang.reflect.Constructor.newInstance(Constructor.java:423)
	at org.apache.hadoop.net.NetUtils.wrapWithMessage(NetUtils.java:831)
	at org.apache.hadoop.net.NetUtils.wrapException(NetUtils.java:775)
	at org.apache.hadoop.ipc.Client.getRpcResponse(Client.java:1515)
	at org.apache.hadoop.ipc.Client.call(Client.java:1457)
	at org.apache.hadoop.ipc.Client.call(Client.java:1367)
	at org.apache.hadoop.ipc.ProtobufRpcEngine$Invoker.invoke(ProtobufRpcEngine.java:228)
	at org.apache.hadoop.ipc.ProtobufRpcEngine$Invoker.invoke(ProtobufRpcEngine.java:116)
	at com.sun.proxy.$Proxy40.submitRequest(Unknown Source)
	at org.apache.hadoop.ozone.protocolPB.StorageContainerDatanodeProtocolClientSideTranslatorPB.submitRequest(StorageContainerDatanodeProtocolClientSideTranslatorPB.java:116)
	at org.apache.hadoop.ozone.protocolPB.StorageContainerDatanodeProtocolClientSideTranslatorPB.sendHeartbeat(StorageContainerDatanodeProtocolClientSideTranslatorPB.java:148)
	at org.apache.hadoop.ozone.container.common.states.endpoint.HeartbeatEndpointTask.call(HeartbeatEndpointTask.java:145)
	at org.apache.hadoop.ozone.container.common.states.endpoint.HeartbeatEndpointTask.call(HeartbeatEndpointTask.java:76)
	at java.util.concurrent.FutureTask.run(FutureTask.java:266)
	at java.util.concurrent.Executors$RunnableAdapter.call(Executors.java:511)
	at java.util.concurrent.FutureTask.run(FutureTask.java:266)
	at java.util.concurrent.ThreadPoolExecutor.runWorker(ThreadPoolExecutor.java:1149)
	at java.util.concurrent.ThreadPoolExecutor$Worker.run(ThreadPoolExecutor.java:624)
	at java.lang.Thread.run(Thread.java:748)
Caused by: java.net.SocketTimeoutException: 1000 millis timeout while waiting for channel to be ready for read. ch : java.nio.channels.SocketChannel[connected local=/172.17.0.2:47028 remote=0.0.0.0/0.0.0.0:40289]
	at org.apache.hadoop.net.SocketIOWithTimeout.doIO(SocketIOWithTimeout.java:164)
	at org.apache.hadoop.net.SocketInputStream.read(SocketInputStream.java:161)
	at org.apache.hadoop.net.SocketInputStream.read(SocketInputStream.java:131)
	at java.io.FilterInputStream.read(FilterInputStream.java:133)
	at java.io.BufferedInputStream.fill(BufferedInputStream.java:246)
	at java.io.BufferedInputStream.read(BufferedInputStream.java:265)
	at java.io.FilterInputStream.read(FilterInputStream.java:83)
	at java.io.FilterInputStream.read(FilterInputStream.java:83)
	at org.apache.hadoop.ipc.Client$Connection$PingInputStream.read(Client.java:557)
	at java.io.DataInputStream.readInt(DataInputStream.java:387)
	at org.apache.hadoop.ipc.Client$IpcStreams.readResponse(Client.java:1816)
	at org.apache.hadoop.ipc.Client$Connection.receiveRpcResponse(Client.java:1173)
	at org.apache.hadoop.ipc.Client$Connection.run(Client.java:1069)
2020-04-15 04:08:50,141 [IPC Server handler 1 on 40289] INFO  ipc.Server (Server.java:run(2695)) - IPC Server handler 1 on 40289 caught an exception
java.nio.channels.ClosedChannelException
	at sun.nio.ch.SocketChannelImpl.ensureWriteOpen(SocketChannelImpl.java:270)
	at sun.nio.ch.SocketChannelImpl.write(SocketChannelImpl.java:461)
	at org.apache.hadoop.ipc.Server.channelWrite(Server.java:3250)
	at org.apache.hadoop.ipc.Server.access$1700(Server.java:137)
	at org.apache.hadoop.ipc.Server$Responder.processResponse(Server.java:1473)
	at org.apache.hadoop.ipc.Server$Responder.doRespond(Server.java:1543)
	at org.apache.hadoop.ipc.Server$Connection.sendResponse(Server.java:2593)
	at org.apache.hadoop.ipc.Server$Connection.access$300(Server.java:1615)
	at org.apache.hadoop.ipc.Server$RpcCall.doResponse(Server.java:940)
	at org.apache.hadoop.ipc.Server$Call.sendResponse(Server.java:774)
	at org.apache.hadoop.ipc.Server$RpcCall.run(Server.java:885)
	at org.apache.hadoop.ipc.Server$RpcCall.run(Server.java:822)
	at java.security.AccessController.doPrivileged(Native Method)
	at javax.security.auth.Subject.doAs(Subject.java:422)
	at org.apache.hadoop.security.UserGroupInformation.doAs(UserGroupInformation.java:1730)
	at org.apache.hadoop.ipc.Server$Handler.run(Server.java:2682)
2020-04-15 04:08:50,091 [pool-98-thread-1] INFO  server.RaftServerConfigKeys (ConfUtils.java:logGet(44)) - raft.server.storage.dir = [/github/workspace/hadoop-ozone/integration-test/target/test-dir/MiniOzoneClusterImpl-0135e7b1-1d2a-4fbb-b7c0-5297c589a039/datanode-2/data/ratis] (custom)
2020-04-15 04:08:50,398 [pool-98-thread-1] INFO  server.RaftServerConfigKeys (ConfUtils.java:logGet(44)) - raft.server.log.corruption.policy = EXCEPTION (default)
2020-04-15 04:08:50,398 [pool-98-thread-1] INFO  storage.RaftStorageDirectory (RaftStorageDirectory.java:analyzeStorage(253)) - The storage directory /github/workspace/hadoop-ozone/integration-test/target/test-dir/MiniOzoneClusterImpl-0135e7b1-1d2a-4fbb-b7c0-5297c589a039/datanode-2/data/ratis/cea8e7e7-864a-4db1-906b-7a799813b13e does not exist. Creating ...
2020-04-15 04:08:49,970 [grpc-default-executor-7] INFO  impl.RoleInfo (RoleInfo.java:updateAndGet(143)) - omNode-2: start FollowerState
2020-04-15 04:08:49,970 [main] INFO  ozone.MiniOzoneClusterImpl (MiniOzoneClusterImpl.java:lambda$waitForClusterToBeReady$0(177)) - Nodes are ready. Got 3 of 3 DN Heartbeats.
2020-04-15 04:08:50,669 [main] INFO  ozone.MiniOzoneClusterImpl (MiniOzoneClusterImpl.java:lambda$waitForClusterToBeReady$0(180)) - Waiting for cluster to exit safe mode
2020-04-15 04:08:49,970 [Thread-549] INFO  impl.FollowerState (FollowerState.java:run(117)) - omNode-2@group-6C22E66A003A-FollowerState was interrupted: java.lang.InterruptedException: sleep interrupted
2020-04-15 04:08:50,494 [omNode-1@group-6C22E66A003A-LeaderElection18] INFO  impl.LeaderElection (LeaderElection.java:logAndReturn(61)) - omNode-1@group-6C22E66A003A-LeaderElection18: Election TIMEOUT; received 0 response(s) [] and 0 exception(s); omNode-1@group-6C22E66A003A:t44, leader=null, voted=omNode-1, raftlog=omNode-1@group-6C22E66A003A-SegmentedRaftLog:OPENED:c-1,f0,i0, conf=0: [omNode-3:localhost:11644, omNode-1:localhost:11632, omNode-2:localhost:11638], old=null
2020-04-15 04:08:51,064 [pool-98-thread-1] INFO  storage.RaftStorageDirectory (RaftStorageDirectory.java:tryLock(335)) - Lock on /github/workspace/hadoop-ozone/integration-test/target/test-dir/MiniOzoneClusterImpl-0135e7b1-1d2a-4fbb-b7c0-5297c589a039/datanode-2/data/ratis/cea8e7e7-864a-4db1-906b-7a799813b13e/in_use.lock acquired by nodename 8286@edabee8e3155
2020-04-15 04:08:51,120 [omNode-3@group-6C22E66A003A-LeaderElection14] INFO  impl.LeaderElection (LeaderElection.java:logAndReturn(61)) - omNode-3@group-6C22E66A003A-LeaderElection14: Election TIMEOUT; received 0 response(s) [] and 0 exception(s); omNode-3@group-6C22E66A003A:t44, leader=null, voted=omNode-3, raftlog=omNode-3@group-6C22E66A003A-SegmentedRaftLog:OPENED:c-1,f-1,i0, conf=-1: [omNode-3:localhost:11644, omNode-1:localhost:11632, omNode-2:localhost:11638], old=null
2020-04-15 04:08:51,492 [grpc-default-executor-1] INFO  impl.RaftServerImpl (RaftServerImpl.java:setRole(172)) - omNode-2@group-6C22E66A003A: changes role from  FOLLOWER to FOLLOWER at term 44 for recognizeCandidate:omNode-1
2020-04-15 04:08:51,730 [grpc-default-executor-1] INFO  impl.RoleInfo (RoleInfo.java:shutdownFollowerState(121)) - omNode-2: shutdown FollowerState
2020-04-15 04:08:51,676 [main] INFO  ozone.MiniOzoneClusterImpl (MiniOzoneClusterImpl.java:lambda$waitForClusterToBeReady$0(177)) - Nodes are ready. Got 3 of 3 DN Heartbeats.
2020-04-15 04:08:51,503 [omNode-1@group-6C22E66A003A-LeaderElection18] INFO  impl.LeaderElection (LeaderElection.java:askForVotes(206)) - omNode-1@group-6C22E66A003A-LeaderElection18: begin an election at term 45 for 0: [omNode-3:localhost:11644, omNode-1:localhost:11632, omNode-2:localhost:11638], old=null
2020-04-15 04:08:51,730 [grpc-default-executor-1] INFO  impl.RoleInfo (RoleInfo.java:updateAndGet(143)) - omNode-2: start FollowerState
2020-04-15 04:08:51,730 [Thread-555] INFO  impl.FollowerState (FollowerState.java:run(117)) - omNode-2@group-6C22E66A003A-FollowerState was interrupted: java.lang.InterruptedException: sleep interrupted
2020-04-15 04:08:51,752 [main] INFO  ozone.MiniOzoneClusterImpl (MiniOzoneClusterImpl.java:lambda$waitForClusterToBeReady$0(180)) - Waiting for cluster to exit safe mode
2020-04-15 04:08:51,930 [pool-98-thread-1] INFO  storage.RaftStorage (RaftStorage.java:format(84)) - Storage directory /github/workspace/hadoop-ozone/integration-test/target/test-dir/MiniOzoneClusterImpl-0135e7b1-1d2a-4fbb-b7c0-5297c589a039/datanode-2/data/ratis/cea8e7e7-864a-4db1-906b-7a799813b13e has been successfully formatted.
2020-04-15 04:08:52,363 [omNode-2@group-6C22E66A003A-LeaderElection22] INFO  impl.LeaderElection (LeaderElection.java:askForVotes(206)) - omNode-2@group-6C22E66A003A-LeaderElection22: begin an election at term 45 for 0: [omNode-3:localhost:11644, omNode-1:localhost:11632, omNode-2:localhost:11638], old=null
2020-04-15 04:08:51,963 [omNode-3@group-6C22E66A003A-LeaderElection14] INFO  impl.LeaderElection (LeaderElection.java:askForVotes(206)) - omNode-3@group-6C22E66A003A-LeaderElection14: begin an election at term 45 for -1: [omNode-3:localhost:11644, omNode-1:localhost:11632, omNode-2:localhost:11638], old=null
2020-04-15 04:08:52,875 [omNode-1@group-6C22E66A003A-LeaderElection18] INFO  impl.LeaderElection (LeaderElection.java:logAndReturn(61)) - omNode-1@group-6C22E66A003A-LeaderElection18: Election TIMEOUT; received 1 response(s) [omNode-1<-omNode-3#0:FAIL-t45] and 0 exception(s); omNode-1@group-6C22E66A003A:t45, leader=null, voted=omNode-1, raftlog=omNode-1@group-6C22E66A003A-SegmentedRaftLog:OPENED:c-1,f0,i0, conf=0: [omNode-3:localhost:11644, omNode-1:localhost:11632, omNode-2:localhost:11638], old=null
2020-04-15 04:08:52,875 [Thread-557] INFO  impl.FollowerState (FollowerState.java:run(108)) - omNode-2@group-6C22E66A003A-FollowerState: change to CANDIDATE, lastRpcTime:1144ms, electionTimeout:1085ms
2020-04-15 04:08:52,763 [main] INFO  ozone.MiniOzoneClusterImpl (MiniOzoneClusterImpl.java:lambda$waitForClusterToBeReady$0(177)) - Nodes are ready. Got 3 of 3 DN Heartbeats.
2020-04-15 04:08:52,908 [main] INFO  ozone.MiniOzoneClusterImpl (MiniOzoneClusterImpl.java:lambda$waitForClusterToBeReady$0(180)) - Waiting for cluster to exit safe mode
2020-04-15 04:08:52,634 [pool-98-thread-1] INFO  ratis.ContainerStateMachine (ContainerStateMachine.java:loadSnapshot(233)) - group-7A799813B13E: The snapshot info is null. Setting the last applied indexto:(t:0, i:~)
2020-04-15 04:08:52,908 [pool-98-thread-1] INFO  server.RaftServerConfigKeys (ConfUtils.java:logGet(44)) - raft.server.notification.no-leader.timeout = 60s (default)
2020-04-15 04:08:52,908 [pool-98-thread-1] INFO  server.RaftServerConfigKeys (ConfUtils.java:logGet(44)) - raft.server.log.use.memory = false (default)
2020-04-15 04:08:52,908 [pool-98-thread-1] INFO  server.RaftServerConfigKeys (ConfUtils.java:logGet(44)) - raft.server.log.purge.gap = 1000000 (custom)
2020-04-15 04:08:52,908 [pool-98-thread-1] INFO  server.RaftServerConfigKeys (ConfUtils.java:logGet(44)) - raft.server.log.appender.buffer.byte-limit = 33554432 (custom)
2020-04-15 04:08:52,907 [Thread-557] INFO  impl.RoleInfo (RoleInfo.java:shutdownFollowerState(121)) - omNode-2: shutdown FollowerState
2020-04-15 04:08:53,005 [Thread-557] INFO  impl.RaftServerImpl (RaftServerImpl.java:setRole(172)) - omNode-2@group-6C22E66A003A: changes role from  FOLLOWER to CANDIDATE at term 45 for changeToCandidate
2020-04-15 04:08:53,016 [pool-98-thread-1] INFO  server.RaftServerConfigKeys (ConfUtils.java:logGet(44)) - raft.server.log.segment.size.max = 1048576 (custom)
2020-04-15 04:08:53,028 [pool-98-thread-1] INFO  metrics.RatisMetrics (RatisMetrics.java:lambda$create$0(39)) - Creating Metrics Registry : ratis.log_worker.e9b38915-e851-41b1-8884-0e332c6a8248
2020-04-15 04:08:53,039 [Thread-557] INFO  impl.RoleInfo (RoleInfo.java:updateAndGet(143)) - omNode-2: start LeaderElection
2020-04-15 04:08:53,223 [pool-98-thread-1] INFO  server.RaftServerConfigKeys (ConfUtils.java:logGet(44)) - raft.server.log.segment.cache.num.max = 2 (custom)
2020-04-15 04:08:53,278 [pool-98-thread-1] INFO  segmented.SegmentedRaftLogWorker (SegmentedRaftLogWorker.java:<init>(176)) - new e9b38915-e851-41b1-8884-0e332c6a8248@group-7A799813B13E-SegmentedRaftLogWorker for RaftStorage:Storage Directory /github/workspace/hadoop-ozone/integration-test/target/test-dir/MiniOzoneClusterImpl-0135e7b1-1d2a-4fbb-b7c0-5297c589a039/datanode-2/data/ratis/cea8e7e7-864a-4db1-906b-7a799813b13e
2020-04-15 04:08:53,278 [pool-98-thread-1] INFO  server.RaftServerConfigKeys (ConfUtils.java:logGet(44)) - raft.server.log.queue.byte-limit = 2147483647 (custom)
2020-04-15 04:08:53,278 [pool-98-thread-1] INFO  server.RaftServerConfigKeys (ConfUtils.java:logGet(44)) - raft.server.log.queue.element-limit = 1024 (custom)
2020-04-15 04:08:53,289 [pool-98-thread-1] INFO  server.RaftServerConfigKeys (ConfUtils.java:logGet(44)) - raft.server.log.segment.size.max = 1048576 (custom)
2020-04-15 04:08:53,771 [EventQueue-PipelineReportForPipelineReportHandler] INFO  pipeline.PipelineStateManager (PipelineStateManager.java:openPipeline(131)) - Pipeline Pipeline[ Id: cea8e7e7-864a-4db1-906b-7a799813b13e, Nodes: e9b38915-e851-41b1-8884-0e332c6a8248{ip: 172.17.0.2, host: edabee8e3155, networkLocation: /default-rack, certSerialId: null}, Type:RATIS, Factor:ONE, State:ALLOCATED, leaderId:e9b38915-e851-41b1-8884-0e332c6a8248, CreationTimestamp2020-04-15T04:08:39.838Z] moved to OPEN state
2020-04-15 04:08:53,767 [omNode-2@group-6C22E66A003A-LeaderElection23] INFO  impl.LeaderElection (LeaderElection.java:askForVotes(206)) - omNode-2@group-6C22E66A003A-LeaderElection23: begin an election at term 46 for 0: [omNode-3:localhost:11644, omNode-1:localhost:11632, omNode-2:localhost:11638], old=null
2020-04-15 04:08:53,697 [SCM Heartbeat Processing Thread - 0] ERROR node.NodeStateManager (NodeStateManager.java:checkNodesHealth(636)) - Total time spend processing datanode HB's is greater than configured values for datanode heartbeats. Please adjust the heartbeat configs. Time Spend on HB processing: 0 seconds Datanode heartbeat Interval: 100 seconds.
2020-04-15 04:08:53,471 [omNode-2@group-6C22E66A003A-LeaderElection22] INFO  impl.LeaderElection (LeaderElection.java:logAndReturn(61)) - omNode-2@group-6C22E66A003A-LeaderElection22: Election REJECTED; received 0 response(s) [] and 0 exception(s); omNode-2@group-6C22E66A003A:t46, leader=null, voted=omNode-2, raftlog=omNode-2@group-6C22E66A003A-SegmentedRaftLog:OPENED:c0,f0,i0, conf=0: [omNode-3:localhost:11644, omNode-1:localhost:11632, omNode-2:localhost:11638], old=null
2020-04-15 04:08:53,471 [omNode-1@group-6C22E66A003A-LeaderElection18] INFO  impl.LeaderElection (LeaderElection.java:askForVotes(206)) - omNode-1@group-6C22E66A003A-LeaderElection18: begin an election at term 46 for 0: [omNode-3:localhost:11644, omNode-1:localhost:11632, omNode-2:localhost:11638], old=null
2020-04-15 04:08:54,009 [omNode-3@group-6C22E66A003A-LeaderElection14] INFO  impl.LeaderElection (LeaderElection.java:logAndReturn(61)) - omNode-3@group-6C22E66A003A-LeaderElection14: Election DISCOVERED_A_NEW_TERM; received 1 response(s) [omNode-3<-omNode-2#0:FAIL-t46] and 0 exception(s); omNode-3@group-6C22E66A003A:t45, leader=null, voted=omNode-3, raftlog=omNode-3@group-6C22E66A003A-SegmentedRaftLog:OPENED:c-1,f-1,i0, conf=-1: [omNode-3:localhost:11644, omNode-1:localhost:11632, omNode-2:localhost:11638], old=null
2020-04-15 04:08:54,064 [omNode-3@group-6C22E66A003A-LeaderElection14] INFO  impl.RaftServerImpl (RaftServerImpl.java:setRole(172)) - omNode-3@group-6C22E66A003A: changes role from CANDIDATE to FOLLOWER at term 46 for DISCOVERED_A_NEW_TERM
2020-04-15 04:08:54,065 [omNode-3@group-6C22E66A003A-LeaderElection14] INFO  impl.RoleInfo (RoleInfo.java:shutdownLeaderElection(134)) - omNode-3: shutdown LeaderElection
2020-04-15 04:08:54,065 [omNode-3@group-6C22E66A003A-LeaderElection14] INFO  impl.RoleInfo (RoleInfo.java:updateAndGet(143)) - omNode-3: start FollowerState
2020-04-15 04:08:54,065 [main] INFO  ozone.MiniOzoneClusterImpl (MiniOzoneClusterImpl.java:lambda$waitForClusterToBeReady$0(177)) - Nodes are ready. Got 3 of 3 DN Heartbeats.
2020-04-15 04:08:54,138 [main] INFO  ozone.MiniOzoneClusterImpl (MiniOzoneClusterImpl.java:lambda$waitForClusterToBeReady$0(180)) - Waiting for cluster to exit safe mode
2020-04-15 04:08:54,183 [EventQueue-OpenPipelineForOneReplicaPipelineSafeModeRule] INFO  safemode.SCMSafeModeManager (SCMSafeModeManager.java:validateSafeModeExitRules(182)) - AtleastOneDatanodeReportedRule rule is successfully validated
2020-04-15 04:08:54,240 [pool-98-thread-1] INFO  server.RaftServerConfigKeys (ConfUtils.java:logGet(44)) - raft.server.log.preallocated.size = 16384 (custom)
2020-04-15 04:08:54,240 [pool-98-thread-1] INFO  server.RaftServerConfigKeys (ConfUtils.java:logGet(44)) - raft.server.log.write.buffer.size = 1048576 (custom)
2020-04-15 04:08:54,240 [pool-98-thread-1] INFO  server.RaftServerConfigKeys (ConfUtils.java:logGet(44)) - raft.server.log.force.sync.num = 128 (default)
2020-04-15 04:08:54,240 [pool-98-thread-1] INFO  server.RaftServerConfigKeys (ConfUtils.java:logGet(44)) - raft.server.log.statemachine.data.sync = true (default)
2020-04-15 04:08:54,240 [pool-98-thread-1] INFO  server.RaftServerConfigKeys (ConfUtils.java:logGet(44)) - raft.server.log.statemachine.data.sync.timeout = 10s (default)
2020-04-15 04:08:54,240 [pool-98-thread-1] INFO  server.RaftServerConfigKeys (ConfUtils.java:logGet(44)) - raft.server.log.statemachine.data.sync.timeout.retry = -1 (default)
2020-04-15 04:08:54,273 [EventQueue-OpenPipelineForHealthyPipelineSafeModeRule] INFO  safemode.SCMSafeModeManager (HealthyPipelineSafeModeRule.java:process(131)) - SCM in safe mode. Healthy pipelines reported count is 0, required healthy pipeline reported count is 1
2020-04-15 04:08:54,455 [pool-98-thread-1] INFO  server.RaftServerConfigKeys (ConfUtils.java:logGet(44)) - raft.server.log.statemachine.data.caching.enabled = true (custom)
2020-04-15 04:08:54,510 [grpc-default-executor-8] INFO  impl.RaftServerImpl (RaftServerImpl.java:setRole(172)) - omNode-3@group-6C22E66A003A: changes role from  FOLLOWER to FOLLOWER at term 46 for recognizeCandidate:omNode-2
2020-04-15 04:08:54,618 [grpc-default-executor-8] INFO  impl.RoleInfo (RoleInfo.java:shutdownFollowerState(121)) - omNode-3: shutdown FollowerState
2020-04-15 04:08:54,629 [pool-98-thread-1] INFO  segmented.SegmentedRaftLogWorker (SegmentedRaftLogWorker.java:lambda$new$0(129)) - e9b38915-e851-41b1-8884-0e332c6a8248@group-7A799813B13E-SegmentedRaftLogWorker: flushIndex: setUnconditionally 0 -> -1
2020-04-15 04:08:54,629 [pool-98-thread-1] INFO  server.RaftServerConfigKeys (ConfUtils.java:logGet(44)) - raft.server.snapshot.auto.trigger.enabled = true (custom)
2020-04-15 04:08:54,629 [pool-98-thread-1] INFO  server.RaftServerConfigKeys (ConfUtils.java:logGet(44)) - raft.server.snapshot.auto.trigger.threshold = 10000 (custom)
2020-04-15 04:08:54,630 [pool-98-thread-1] INFO  server.RaftServerConfigKeys (ConfUtils.java:logGet(44)) - raft.server.snapshot.retention.file.num = 5 (custom)
2020-04-15 04:08:54,630 [pool-98-thread-1] INFO  server.RaftServerConfigKeys (ConfUtils.java:logGet(44)) - raft.server.retrycache.expirytime = 600000ms (custom)
2020-04-15 04:08:54,630 [pool-98-thread-1] INFO  metrics.RatisMetrics (RatisMetrics.java:lambda$create$0(39)) - Creating Metrics Registry : ratis.leader_election.e9b38915-e851-41b1-8884-0e332c6a8248@group-7A799813B13E
2020-04-15 04:08:54,631 [pool-98-thread-1] INFO  metrics.RatisMetrics (RatisMetrics.java:lambda$create$0(39)) - Creating Metrics Registry : ratis.server.e9b38915-e851-41b1-8884-0e332c6a8248@group-7A799813B13E
2020-04-15 04:08:54,632 [pool-98-thread-1] INFO  impl.RaftServerImpl (RaftServerImpl.java:start(183)) - e9b38915-e851-41b1-8884-0e332c6a8248@group-7A799813B13E: start as a follower, conf=-1: [e9b38915-e851-41b1-8884-0e332c6a8248:172.17.0.2:46057], old=null
2020-04-15 04:08:54,632 [pool-98-thread-1] INFO  impl.RaftServerImpl (RaftServerImpl.java:setRole(172)) - e9b38915-e851-41b1-8884-0e332c6a8248@group-7A799813B13E: changes role from      null to FOLLOWER at term 0 for startAsFollower
2020-04-15 04:08:54,632 [pool-98-thread-1] INFO  impl.RoleInfo (RoleInfo.java:updateAndGet(143)) - e9b38915-e851-41b1-8884-0e332c6a8248: start FollowerState
2020-04-15 04:08:54,753 [grpc-default-executor-8] INFO  impl.RoleInfo (RoleInfo.java:updateAndGet(143)) - omNode-3: start FollowerState
2020-04-15 04:08:54,753 [Thread-568] INFO  impl.FollowerState (FollowerState.java:run(117)) - omNode-3@group-6C22E66A003A-FollowerState was interrupted: java.lang.InterruptedException: sleep interrupted
2020-04-15 04:08:55,139 [main] INFO  ozone.MiniOzoneClusterImpl (MiniOzoneClusterImpl.java:lambda$waitForClusterToBeReady$0(177)) - Nodes are ready. Got 3 of 3 DN Heartbeats.
2020-04-15 04:08:55,311 [pool-98-thread-1] INFO  util.JmxRegister (JmxRegister.java:tryRegister(44)) - Successfully registered JMX Bean with object name Ratis:service=RaftServer,group=group-7A799813B13E,id=e9b38915-e851-41b1-8884-0e332c6a8248
2020-04-15 04:08:55,182 [omNode-1@group-6C22E66A003A-LeaderElection18] INFO  impl.LeaderElection (LeaderElection.java:logAndReturn(61)) - omNode-1@group-6C22E66A003A-LeaderElection18: Election TIMEOUT; received 0 response(s) [] and 0 exception(s); omNode-1@group-6C22E66A003A:t46, leader=null, voted=omNode-1, raftlog=omNode-1@group-6C22E66A003A-SegmentedRaftLog:OPENED:c-1,f0,i0, conf=0: [omNode-3:localhost:11644, omNode-1:localhost:11632, omNode-2:localhost:11638], old=null
2020-04-15 04:08:55,453 [pool-98-thread-1] INFO  metrics.RatisMetrics (RatisMetrics.java:lambda$create$0(39)) - Creating Metrics Registry : ratis.state_machine.e9b38915-e851-41b1-8884-0e332c6a8248@group-7A799813B13E
2020-04-15 04:08:55,399 [main] INFO  ozone.MiniOzoneClusterImpl (MiniOzoneClusterImpl.java:lambda$waitForClusterToBeReady$0(180)) - Waiting for cluster to exit safe mode
2020-04-15 04:08:55,497 [omNode-2@group-6C22E66A003A-LeaderElection23] INFO  impl.LeaderElection (LeaderElection.java:logAndReturn(61)) - omNode-2@group-6C22E66A003A-LeaderElection23: Election TIMEOUT; received 0 response(s) [] and 0 exception(s); omNode-2@group-6C22E66A003A:t46, leader=null, voted=omNode-2, raftlog=omNode-2@group-6C22E66A003A-SegmentedRaftLog:OPENED:c0,f0,i0, conf=0: [omNode-3:localhost:11644, omNode-1:localhost:11632, omNode-2:localhost:11638], old=null
2020-04-15 04:08:55,746 [omNode-2@group-6C22E66A003A-LeaderElection23] INFO  impl.LeaderElection (LeaderElection.java:askForVotes(206)) - omNode-2@group-6C22E66A003A-LeaderElection23: begin an election at term 47 for 0: [omNode-3:localhost:11644, omNode-1:localhost:11632, omNode-2:localhost:11638], old=null
2020-04-15 04:08:55,943 [Thread-574] INFO  impl.FollowerState (FollowerState.java:run(108)) - omNode-3@group-6C22E66A003A-FollowerState: change to CANDIDATE, lastRpcTime:1189ms, electionTimeout:1016ms
2020-04-15 04:08:56,510 [main] INFO  ozone.MiniOzoneClusterImpl (MiniOzoneClusterImpl.java:lambda$waitForClusterToBeReady$0(177)) - Nodes are ready. Got 3 of 3 DN Heartbeats.
2020-04-15 04:08:56,458 [Command processor thread] INFO  commandhandler.CreatePipelineCommandHandler (CreatePipelineCommandHandler.java:handle(112)) - Created Pipeline RATIS ONE #id: "cea8e7e7-864a-4db1-906b-7a799813b13e"
.
2020-04-15 04:08:56,583 [Command processor thread] INFO  impl.RaftServerProxy (RaftServerProxy.java:addNew(89)) - e9b38915-e851-41b1-8884-0e332c6a8248: addNew group-3A19E40C7583:[e9b38915-e851-41b1-8884-0e332c6a8248:172.17.0.2:46057, 45a63c2d-5a1c-471d-92ad-27f15c6268a3:172.17.0.2:46295, e7d22208-90f1-4c2d-8da4-8182bc2fedbb:172.17.0.2:37613] returns group-3A19E40C7583:java.util.concurrent.CompletableFuture@2ad74870[Not completed]
2020-04-15 04:08:56,585 [pool-98-thread-1] INFO  impl.RaftServerImpl (RaftServerImpl.java:<init>(97)) - e9b38915-e851-41b1-8884-0e332c6a8248: new RaftServerImpl for group-3A19E40C7583:[e9b38915-e851-41b1-8884-0e332c6a8248:172.17.0.2:46057, 45a63c2d-5a1c-471d-92ad-27f15c6268a3:172.17.0.2:46295, e7d22208-90f1-4c2d-8da4-8182bc2fedbb:172.17.0.2:37613] with ContainerStateMachine:uninitialized
2020-04-15 04:08:56,585 [pool-98-thread-1] INFO  server.RaftServerConfigKeys (ConfUtils.java:logGet(44)) - raft.server.rpc.timeout.min = 5s (custom)
2020-04-15 04:08:56,585 [pool-98-thread-1] INFO  server.RaftServerConfigKeys (ConfUtils.java:logGet(44)) - raft.server.rpc.timeout.max = 5200ms (custom)
2020-04-15 04:08:56,585 [pool-98-thread-1] INFO  server.RaftServerConfigKeys (ConfUtils.java:logGet(44)) - raft.server.rpcslowness.timeout = 300s (custom)
2020-04-15 04:08:56,585 [pool-98-thread-1] INFO  server.RaftServerConfigKeys (ConfUtils.java:logGet(44)) - raft.server.sleep.deviation.threshold = 300 (default)
2020-04-15 04:08:56,585 [pool-98-thread-1] INFO  server.RaftServerConfigKeys (ConfUtils.java:logGet(44)) - raft.server.log.appender.install.snapshot.enabled = false (custom)
2020-04-15 04:08:56,586 [pool-98-thread-1] INFO  impl.RaftServerImpl (ServerState.java:<init>(103)) - e9b38915-e851-41b1-8884-0e332c6a8248@group-3A19E40C7583: ConfigurationManager, init=-1: [e9b38915-e851-41b1-8884-0e332c6a8248:172.17.0.2:46057, 45a63c2d-5a1c-471d-92ad-27f15c6268a3:172.17.0.2:46295, e7d22208-90f1-4c2d-8da4-8182bc2fedbb:172.17.0.2:37613], old=null, confs=<EMPTY_MAP>
2020-04-15 04:08:56,586 [pool-98-thread-1] INFO  server.RaftServerConfigKeys (ConfUtils.java:logGet(44)) - raft.server.storage.dir = [/github/workspace/hadoop-ozone/integration-test/target/test-dir/MiniOzoneClusterImpl-0135e7b1-1d2a-4fbb-b7c0-5297c589a039/datanode-2/data/ratis] (custom)
2020-04-15 04:08:56,586 [pool-98-thread-1] INFO  server.RaftServerConfigKeys (ConfUtils.java:logGet(44)) - raft.server.log.corruption.policy = EXCEPTION (default)
2020-04-15 04:08:56,586 [pool-98-thread-1] INFO  storage.RaftStorageDirectory (RaftStorageDirectory.java:analyzeStorage(253)) - The storage directory /github/workspace/hadoop-ozone/integration-test/target/test-dir/MiniOzoneClusterImpl-0135e7b1-1d2a-4fbb-b7c0-5297c589a039/datanode-2/data/ratis/a9f0531e-c35a-494a-b307-3a19e40c7583 does not exist. Creating ...
2020-04-15 04:08:56,594 [main] INFO  ozone.MiniOzoneClusterImpl (MiniOzoneClusterImpl.java:lambda$waitForClusterToBeReady$0(180)) - Waiting for cluster to exit safe mode
2020-04-15 04:08:55,956 [omNode-1@group-6C22E66A003A-LeaderElection18] INFO  impl.LeaderElection (LeaderElection.java:askForVotes(206)) - omNode-1@group-6C22E66A003A-LeaderElection18: begin an election at term 47 for 0: [omNode-3:localhost:11644, omNode-1:localhost:11632, omNode-2:localhost:11638], old=null
2020-04-15 04:08:56,583 [Thread-574] INFO  impl.RoleInfo (RoleInfo.java:shutdownFollowerState(121)) - omNode-3: shutdown FollowerState
2020-04-15 04:08:56,616 [Thread-574] INFO  impl.RaftServerImpl (RaftServerImpl.java:setRole(172)) - omNode-3@group-6C22E66A003A: changes role from  FOLLOWER to CANDIDATE at term 46 for changeToCandidate
2020-04-15 04:08:57,042 [omNode-2@group-6C22E66A003A-LeaderElection23] INFO  impl.LeaderElection (LeaderElection.java:logAndReturn(61)) - omNode-2@group-6C22E66A003A-LeaderElection23: Election TIMEOUT; received 0 response(s) [] and 0 exception(s); omNode-2@group-6C22E66A003A:t47, leader=null, voted=omNode-2, raftlog=omNode-2@group-6C22E66A003A-SegmentedRaftLog:OPENED:c0,f0,i0, conf=0: [omNode-3:localhost:11644, omNode-1:localhost:11632, omNode-2:localhost:11638], old=null
2020-04-15 04:08:56,803 [pool-98-thread-1] INFO  storage.RaftStorageDirectory (RaftStorageDirectory.java:tryLock(335)) - Lock on /github/workspace/hadoop-ozone/integration-test/target/test-dir/MiniOzoneClusterImpl-0135e7b1-1d2a-4fbb-b7c0-5297c589a039/datanode-2/data/ratis/a9f0531e-c35a-494a-b307-3a19e40c7583/in_use.lock acquired by nodename 8286@edabee8e3155
2020-04-15 04:08:57,301 [Thread-574] INFO  impl.RoleInfo (RoleInfo.java:updateAndGet(143)) - omNode-3: start LeaderElection
2020-04-15 04:08:57,393 [grpc-default-executor-2] INFO  impl.RaftServerImpl (RaftServerImpl.java:setRole(172)) - omNode-3@group-6C22E66A003A: changes role from CANDIDATE to FOLLOWER at term 47 for recognizeCandidate:omNode-1
2020-04-15 04:08:57,394 [grpc-default-executor-2] INFO  impl.RoleInfo (RoleInfo.java:shutdownLeaderElection(134)) - omNode-3: shutdown LeaderElection
2020-04-15 04:08:57,394 [grpc-default-executor-2] INFO  impl.RoleInfo (RoleInfo.java:updateAndGet(143)) - omNode-3: start FollowerState
2020-04-15 04:08:57,417 [pool-98-thread-1] INFO  storage.RaftStorage (RaftStorage.java:format(84)) - Storage directory /github/workspace/hadoop-ozone/integration-test/target/test-dir/MiniOzoneClusterImpl-0135e7b1-1d2a-4fbb-b7c0-5297c589a039/datanode-2/data/ratis/a9f0531e-c35a-494a-b307-3a19e40c7583 has been successfully formatted.
2020-04-15 04:08:57,418 [pool-98-thread-1] INFO  ratis.ContainerStateMachine (ContainerStateMachine.java:loadSnapshot(233)) - group-3A19E40C7583: The snapshot info is null. Setting the last applied indexto:(t:0, i:~)
2020-04-15 04:08:57,418 [pool-98-thread-1] INFO  server.RaftServerConfigKeys (ConfUtils.java:logGet(44)) - raft.server.notification.no-leader.timeout = 60s (default)
2020-04-15 04:08:57,430 [omNode-3@group-6C22E66A003A-LeaderElection24] INFO  impl.LeaderElection (LeaderElection.java:run(155)) - omNode-3@group-6C22E66A003A-LeaderElection24: skip running since this is already CLOSING
2020-04-15 04:08:57,430 [pool-98-thread-1] INFO  server.RaftServerConfigKeys (ConfUtils.java:logGet(44)) - raft.server.log.use.memory = false (default)
2020-04-15 04:08:57,430 [pool-98-thread-1] INFO  server.RaftServerConfigKeys (ConfUtils.java:logGet(44)) - raft.server.log.purge.gap = 1000000 (custom)
2020-04-15 04:08:57,431 [pool-98-thread-1] INFO  server.RaftServerConfigKeys (ConfUtils.java:logGet(44)) - raft.server.log.appender.buffer.byte-limit = 33554432 (custom)
2020-04-15 04:08:57,431 [pool-98-thread-1] INFO  server.RaftServerConfigKeys (ConfUtils.java:logGet(44)) - raft.server.log.segment.size.max = 1048576 (custom)
2020-04-15 04:08:57,431 [pool-98-thread-1] INFO  server.RaftServerConfigKeys (ConfUtils.java:logGet(44)) - raft.server.log.segment.cache.num.max = 2 (custom)
2020-04-15 04:08:57,431 [pool-98-thread-1] INFO  segmented.SegmentedRaftLogWorker (SegmentedRaftLogWorker.java:<init>(176)) - new e9b38915-e851-41b1-8884-0e332c6a8248@group-3A19E40C7583-SegmentedRaftLogWorker for RaftStorage:Storage Directory /github/workspace/hadoop-ozone/integration-test/target/test-dir/MiniOzoneClusterImpl-0135e7b1-1d2a-4fbb-b7c0-5297c589a039/datanode-2/data/ratis/a9f0531e-c35a-494a-b307-3a19e40c7583
2020-04-15 04:08:57,431 [pool-98-thread-1] INFO  server.RaftServerConfigKeys (ConfUtils.java:logGet(44)) - raft.server.log.queue.byte-limit = 2147483647 (custom)
2020-04-15 04:08:57,431 [pool-98-thread-1] INFO  server.RaftServerConfigKeys (ConfUtils.java:logGet(44)) - raft.server.log.queue.element-limit = 1024 (custom)
2020-04-15 04:08:57,431 [pool-98-thread-1] INFO  server.RaftServerConfigKeys (ConfUtils.java:logGet(44)) - raft.server.log.segment.size.max = 1048576 (custom)
2020-04-15 04:08:57,431 [pool-98-thread-1] INFO  server.RaftServerConfigKeys (ConfUtils.java:logGet(44)) - raft.server.log.preallocated.size = 16384 (custom)
2020-04-15 04:08:57,432 [pool-98-thread-1] INFO  server.RaftServerConfigKeys (ConfUtils.java:logGet(44)) - raft.server.log.write.buffer.size = 1048576 (custom)
2020-04-15 04:08:57,432 [pool-98-thread-1] INFO  server.RaftServerConfigKeys (ConfUtils.java:logGet(44)) - raft.server.log.force.sync.num = 128 (default)
2020-04-15 04:08:57,432 [pool-98-thread-1] INFO  server.RaftServerConfigKeys (ConfUtils.java:logGet(44)) - raft.server.log.statemachine.data.sync = true (default)
2020-04-15 04:08:57,432 [pool-98-thread-1] INFO  server.RaftServerConfigKeys (ConfUtils.java:logGet(44)) - raft.server.log.statemachine.data.sync.timeout = 10s (default)
2020-04-15 04:08:57,432 [pool-98-thread-1] INFO  server.RaftServerConfigKeys (ConfUtils.java:logGet(44)) - raft.server.log.statemachine.data.sync.timeout.retry = -1 (default)
2020-04-15 04:08:57,498 [omNode-2@group-6C22E66A003A-LeaderElection23] INFO  impl.LeaderElection (LeaderElection.java:askForVotes(206)) - omNode-2@group-6C22E66A003A-LeaderElection23: begin an election at term 48 for 0: [omNode-3:localhost:11644, omNode-1:localhost:11632, omNode-2:localhost:11638], old=null
2020-04-15 04:08:57,532 [pool-98-thread-1] INFO  server.RaftServerConfigKeys (ConfUtils.java:logGet(44)) - raft.server.log.statemachine.data.caching.enabled = true (custom)
2020-04-15 04:08:57,532 [pool-98-thread-1] INFO  segmented.SegmentedRaftLogWorker (SegmentedRaftLogWorker.java:lambda$new$0(129)) - e9b38915-e851-41b1-8884-0e332c6a8248@group-3A19E40C7583-SegmentedRaftLogWorker: flushIndex: setUnconditionally 0 -> -1
2020-04-15 04:08:57,555 [pool-98-thread-1] INFO  server.RaftServerConfigKeys (ConfUtils.java:logGet(44)) - raft.server.snapshot.auto.trigger.enabled = true (custom)
2020-04-15 04:08:57,598 [main] INFO  ozone.MiniOzoneClusterImpl (MiniOzoneClusterImpl.java:lambda$waitForClusterToBeReady$0(177)) - Nodes are ready. Got 3 of 3 DN Heartbeats.
2020-04-15 04:08:57,696 [main] INFO  ozone.MiniOzoneClusterImpl (MiniOzoneClusterImpl.java:lambda$waitForClusterToBeReady$0(180)) - Waiting for cluster to exit safe mode
2020-04-15 04:08:57,695 [pool-98-thread-1] INFO  server.RaftServerConfigKeys (ConfUtils.java:logGet(44)) - raft.server.snapshot.auto.trigger.threshold = 10000 (custom)
2020-04-15 04:08:58,041 [grpc-default-executor-8] INFO  impl.RaftServerImpl (RaftServerImpl.java:setRole(172)) - omNode-3@group-6C22E66A003A: changes role from  FOLLOWER to FOLLOWER at term 47 for recognizeCandidate:omNode-2
2020-04-15 04:08:58,642 [grpc-default-executor-8] INFO  impl.RoleInfo (RoleInfo.java:shutdownFollowerState(121)) - omNode-3: shutdown FollowerState
2020-04-15 04:08:57,782 [omNode-1@group-6C22E66A003A-LeaderElection18] INFO  impl.LeaderElection (LeaderElection.java:logAndReturn(61)) - omNode-1@group-6C22E66A003A-LeaderElection18: Election TIMEOUT; received 1 response(s) [omNode-1<-omNode-2#0:FAIL-t47] and 0 exception(s); omNode-1@group-6C22E66A003A:t47, leader=null, voted=omNode-1, raftlog=omNode-1@group-6C22E66A003A-SegmentedRaftLog:OPENED:c-1,f0,i0, conf=0: [omNode-3:localhost:11644, omNode-1:localhost:11632, omNode-2:localhost:11638], old=null
2020-04-15 04:08:58,686 [omNode-2@group-6C22E66A003A-LeaderElection23] INFO  impl.LeaderElection (LeaderElection.java:logAndReturn(61)) - omNode-2@group-6C22E66A003A-LeaderElection23: Election TIMEOUT; received 0 response(s) [] and 0 exception(s); omNode-2@group-6C22E66A003A:t48, leader=null, voted=omNode-2, raftlog=omNode-2@group-6C22E66A003A-SegmentedRaftLog:OPENED:c0,f0,i0, conf=0: [omNode-3:localhost:11644, omNode-1:localhost:11632, omNode-2:localhost:11638], old=null
2020-04-15 04:08:58,235 [pool-98-thread-1] INFO  server.RaftServerConfigKeys (ConfUtils.java:logGet(44)) - raft.server.snapshot.retention.file.num = 5 (custom)
2020-04-15 04:08:58,696 [main] INFO  ozone.MiniOzoneClusterImpl (MiniOzoneClusterImpl.java:lambda$waitForClusterToBeReady$0(177)) - Nodes are ready. Got 3 of 3 DN Heartbeats.
2020-04-15 04:08:58,697 [pool-98-thread-1] INFO  server.RaftServerConfigKeys (ConfUtils.java:logGet(44)) - raft.server.retrycache.expirytime = 600000ms (custom)
2020-04-15 04:08:58,697 [main] INFO  ozone.MiniOzoneClusterImpl (MiniOzoneClusterImpl.java:lambda$waitForClusterToBeReady$0(180)) - Waiting for cluster to exit safe mode
2020-04-15 04:08:58,697 [pool-98-thread-1] INFO  metrics.RatisMetrics (RatisMetrics.java:lambda$create$0(39)) - Creating Metrics Registry : ratis.leader_election.e9b38915-e851-41b1-8884-0e332c6a8248@group-3A19E40C7583
2020-04-15 04:08:58,752 [grpc-default-executor-8] INFO  impl.RoleInfo (RoleInfo.java:updateAndGet(143)) - omNode-3: start FollowerState
2020-04-15 04:08:58,777 [omNode-2@group-6C22E66A003A-LeaderElection23] INFO  impl.LeaderElection (LeaderElection.java:askForVotes(206)) - omNode-2@group-6C22E66A003A-LeaderElection23: begin an election at term 49 for 0: [omNode-3:localhost:11644, omNode-1:localhost:11632, omNode-2:localhost:11638], old=null
2020-04-15 04:08:58,799 [omNode-1@group-6C22E66A003A-LeaderElection18] INFO  impl.LeaderElection (LeaderElection.java:askForVotes(206)) - omNode-1@group-6C22E66A003A-LeaderElection18: begin an election at term 48 for 0: [omNode-3:localhost:11644, omNode-1:localhost:11632, omNode-2:localhost:11638], old=null
2020-04-15 04:08:58,800 [pool-98-thread-1] INFO  metrics.RatisMetrics (RatisMetrics.java:lambda$create$0(39)) - Creating Metrics Registry : ratis.server.e9b38915-e851-41b1-8884-0e332c6a8248@group-3A19E40C7583
2020-04-15 04:08:59,196 [pool-98-thread-1] INFO  impl.RaftServerImpl (RaftServerImpl.java:start(183)) - e9b38915-e851-41b1-8884-0e332c6a8248@group-3A19E40C7583: start as a follower, conf=-1: [e9b38915-e851-41b1-8884-0e332c6a8248:172.17.0.2:46057, 45a63c2d-5a1c-471d-92ad-27f15c6268a3:172.17.0.2:46295, e7d22208-90f1-4c2d-8da4-8182bc2fedbb:172.17.0.2:37613], old=null
2020-04-15 04:08:59,354 [pool-98-thread-1] INFO  impl.RaftServerImpl (RaftServerImpl.java:setRole(172)) - e9b38915-e851-41b1-8884-0e332c6a8248@group-3A19E40C7583: changes role from      null to FOLLOWER at term 0 for startAsFollower
2020-04-15 04:08:59,354 [pool-98-thread-1] INFO  impl.RoleInfo (RoleInfo.java:updateAndGet(143)) - e9b38915-e851-41b1-8884-0e332c6a8248: start FollowerState
2020-04-15 04:08:59,367 [pool-98-thread-1] INFO  util.JmxRegister (JmxRegister.java:tryRegister(44)) - Successfully registered JMX Bean with object name Ratis:service=RaftServer,group=group-3A19E40C7583,id=e9b38915-e851-41b1-8884-0e332c6a8248
2020-04-15 04:08:59,367 [pool-98-thread-1] INFO  metrics.RatisMetrics (RatisMetrics.java:lambda$create$0(39)) - Creating Metrics Registry : ratis.state_machine.e9b38915-e851-41b1-8884-0e332c6a8248@group-3A19E40C7583
2020-04-15 04:08:59,704 [main] INFO  ozone.MiniOzoneClusterImpl (MiniOzoneClusterImpl.java:lambda$waitForClusterToBeReady$0(177)) - Nodes are ready. Got 3 of 3 DN Heartbeats.
2020-04-15 04:09:00,028 [Thread-573] INFO  impl.FollowerState (FollowerState.java:run(108)) - e9b38915-e851-41b1-8884-0e332c6a8248@group-7A799813B13E-FollowerState: change to CANDIDATE, lastRpcTime:5396ms, electionTimeout:5144ms
2020-04-15 04:08:59,975 [omNode-1@group-6C22E66A003A-LeaderElection18] INFO  impl.LeaderElection (LeaderElection.java:logAndReturn(61)) - omNode-1@group-6C22E66A003A-LeaderElection18: Election TIMEOUT; received 0 response(s) [] and 0 exception(s); omNode-1@group-6C22E66A003A:t48, leader=null, voted=omNode-1, raftlog=omNode-1@group-6C22E66A003A-SegmentedRaftLog:OPENED:c-1,f0,i0, conf=0: [omNode-3:localhost:11644, omNode-1:localhost:11632, omNode-2:localhost:11638], old=null
2020-04-15 04:08:59,953 [SCM Heartbeat Processing Thread - 0] ERROR node.NodeStateManager (NodeStateManager.java:checkNodesHealth(636)) - Total time spend processing datanode HB's is greater than configured values for datanode heartbeats. Please adjust the heartbeat configs. Time Spend on HB processing: 0 seconds Datanode heartbeat Interval: 100 seconds.
2020-04-15 04:08:59,924 [grpc-default-executor-2] INFO  impl.RaftServerImpl (RaftServerImpl.java:setRole(172)) - omNode-3@group-6C22E66A003A: changes role from  FOLLOWER to FOLLOWER at term 49 for recognizeCandidate:omNode-2
2020-04-15 04:09:00,276 [Thread-573] INFO  impl.RoleInfo (RoleInfo.java:shutdownFollowerState(121)) - e9b38915-e851-41b1-8884-0e332c6a8248: shutdown FollowerState
2020-04-15 04:09:00,275 [grpc-default-executor-8] INFO  impl.RaftServerImpl (RaftServerImpl.java:setRole(172)) - omNode-1@group-6C22E66A003A: changes role from CANDIDATE to FOLLOWER at term 49 for recognizeCandidate:omNode-2
2020-04-15 04:09:00,275 [omNode-2@group-6C22E66A003A-LeaderElection23] INFO  impl.LeaderElection (LeaderElection.java:logAndReturn(61)) - omNode-2@group-6C22E66A003A-LeaderElection23: Election TIMEOUT; received 0 response(s) [] and 0 exception(s); omNode-2@group-6C22E66A003A:t49, leader=null, voted=omNode-2, raftlog=omNode-2@group-6C22E66A003A-SegmentedRaftLog:OPENED:c0,f0,i0, conf=0: [omNode-3:localhost:11644, omNode-1:localhost:11632, omNode-2:localhost:11638], old=null
2020-04-15 04:09:00,197 [main] INFO  ozone.MiniOzoneClusterImpl (MiniOzoneClusterImpl.java:lambda$waitForClusterToBeReady$0(180)) - Waiting for cluster to exit safe mode
2020-04-15 04:09:00,606 [grpc-default-executor-8] INFO  impl.RoleInfo (RoleInfo.java:shutdownLeaderElection(134)) - omNode-1: shutdown LeaderElection
2020-04-15 04:09:00,533 [grpc-default-executor-2] INFO  impl.RoleInfo (RoleInfo.java:shutdownFollowerState(121)) - omNode-3: shutdown FollowerState
2020-04-15 04:09:00,606 [grpc-default-executor-2] INFO  impl.RoleInfo (RoleInfo.java:updateAndGet(143)) - omNode-3: start FollowerState
2020-04-15 04:09:00,533 [Thread-573] INFO  impl.RaftServerImpl (RaftServerImpl.java:setRole(172)) - e9b38915-e851-41b1-8884-0e332c6a8248@group-7A799813B13E: changes role from  FOLLOWER to CANDIDATE at term 0 for changeToCandidate
2020-04-15 04:09:00,606 [grpc-default-executor-8] INFO  impl.RoleInfo (RoleInfo.java:updateAndGet(143)) - omNode-1: start FollowerState
2020-04-15 04:09:00,686 [Thread-573] INFO  impl.RoleInfo (RoleInfo.java:updateAndGet(143)) - e9b38915-e851-41b1-8884-0e332c6a8248: start LeaderElection
2020-04-15 04:09:00,936 [omNode-2@group-6C22E66A003A-LeaderElection23] INFO  impl.LeaderElection (LeaderElection.java:askForVotes(206)) - omNode-2@group-6C22E66A003A-LeaderElection23: begin an election at term 50 for 0: [omNode-3:localhost:11644, omNode-1:localhost:11632, omNode-2:localhost:11638], old=null
2020-04-15 04:09:01,392 [Datanode State Machine Thread - 1] WARN  statemachine.EndpointStateMachine (EndpointStateMachine.java:logIfNeeded(217)) - Unable to communicate to SCM server at 0.0.0.0:40289 for past 0 seconds.
java.net.SocketTimeoutException: Call From edabee8e3155/172.17.0.2 to 0.0.0.0:40289 failed on socket timeout exception: java.net.SocketTimeoutException: 1000 millis timeout while waiting for channel to be ready for read. ch : java.nio.channels.SocketChannel[connected local=/172.17.0.2:47054 remote=0.0.0.0/0.0.0.0:40289]; For more details see:  http://wiki.apache.org/hadoop/SocketTimeout
	at sun.reflect.GeneratedConstructorAccessor17.newInstance(Unknown Source)
	at sun.reflect.DelegatingConstructorAccessorImpl.newInstance(DelegatingConstructorAccessorImpl.java:45)
	at java.lang.reflect.Constructor.newInstance(Constructor.java:423)
	at org.apache.hadoop.net.NetUtils.wrapWithMessage(NetUtils.java:831)
	at org.apache.hadoop.net.NetUtils.wrapException(NetUtils.java:775)
	at org.apache.hadoop.ipc.Client.getRpcResponse(Client.java:1515)
	at org.apache.hadoop.ipc.Client.call(Client.java:1457)
	at org.apache.hadoop.ipc.Client.call(Client.java:1367)
	at org.apache.hadoop.ipc.ProtobufRpcEngine$Invoker.invoke(ProtobufRpcEngine.java:228)
	at org.apache.hadoop.ipc.ProtobufRpcEngine$Invoker.invoke(ProtobufRpcEngine.java:116)
	at com.sun.proxy.$Proxy40.submitRequest(Unknown Source)
	at org.apache.hadoop.ozone.protocolPB.StorageContainerDatanodeProtocolClientSideTranslatorPB.submitRequest(StorageContainerDatanodeProtocolClientSideTranslatorPB.java:116)
	at org.apache.hadoop.ozone.protocolPB.StorageContainerDatanodeProtocolClientSideTranslatorPB.sendHeartbeat(StorageContainerDatanodeProtocolClientSideTranslatorPB.java:148)
	at org.apache.hadoop.ozone.container.common.states.endpoint.HeartbeatEndpointTask.call(HeartbeatEndpointTask.java:145)
	at org.apache.hadoop.ozone.container.common.states.endpoint.HeartbeatEndpointTask.call(HeartbeatEndpointTask.java:76)
	at java.util.concurrent.FutureTask.run(FutureTask.java:266)
	at java.util.concurrent.Executors$RunnableAdapter.call(Executors.java:511)
	at java.util.concurrent.FutureTask.run(FutureTask.java:266)
	at java.util.concurrent.ThreadPoolExecutor.runWorker(ThreadPoolExecutor.java:1149)
	at java.util.concurrent.ThreadPoolExecutor$Worker.run(ThreadPoolExecutor.java:624)
	at java.lang.Thread.run(Thread.java:748)
Caused by: java.net.SocketTimeoutException: 1000 millis timeout while waiting for channel to be ready for read. ch : java.nio.channels.SocketChannel[connected local=/172.17.0.2:47054 remote=0.0.0.0/0.0.0.0:40289]
	at org.apache.hadoop.net.SocketIOWithTimeout.doIO(SocketIOWithTimeout.java:164)
	at org.apache.hadoop.net.SocketInputStream.read(SocketInputStream.java:161)
	at org.apache.hadoop.net.SocketInputStream.read(SocketInputStream.java:131)
	at java.io.FilterInputStream.read(FilterInputStream.java:133)
	at java.io.BufferedInputStream.fill(BufferedInputStream.java:246)
	at java.io.BufferedInputStream.read(BufferedInputStream.java:265)
	at java.io.FilterInputStream.read(FilterInputStream.java:83)
	at java.io.FilterInputStream.read(FilterInputStream.java:83)
	at org.apache.hadoop.ipc.Client$Connection$PingInputStream.read(Client.java:557)
	at java.io.DataInputStream.readInt(DataInputStream.java:387)
	at org.apache.hadoop.ipc.Client$IpcStreams.readResponse(Client.java:1816)
	at org.apache.hadoop.ipc.Client$Connection.receiveRpcResponse(Client.java:1173)
	at org.apache.hadoop.ipc.Client$Connection.run(Client.java:1069)
2020-04-15 04:09:02,489 [omNode-2@group-6C22E66A003A-LeaderElection23] INFO  impl.LeaderElection (LeaderElection.java:logAndReturn(61)) - omNode-2@group-6C22E66A003A-LeaderElection23: Election TIMEOUT; received 0 response(s) [] and 0 exception(s); omNode-2@group-6C22E66A003A:t50, leader=null, voted=omNode-2, raftlog=omNode-2@group-6C22E66A003A-SegmentedRaftLog:OPENED:c0,f0,i0, conf=0: [omNode-3:localhost:11644, omNode-1:localhost:11632, omNode-2:localhost:11638], old=null
2020-04-15 04:09:02,264 [e9b38915-e851-41b1-8884-0e332c6a8248@group-7A799813B13E-LeaderElection25] INFO  impl.LeaderElection (LeaderElection.java:askForVotes(206)) - e9b38915-e851-41b1-8884-0e332c6a8248@group-7A799813B13E-LeaderElection25: begin an election at term 1 for -1: [e9b38915-e851-41b1-8884-0e332c6a8248:172.17.0.2:46057], old=null
2020-04-15 04:09:02,242 [Thread-591] WARN  util.JavaUtils (JavaUtils.java:sleep(246)) - Unexpected long sleep: sleep(1149ms) actually took 1491ms which is over the threshold 300ms
2020-04-15 04:09:02,079 [Thread-590] INFO  impl.FollowerState (FollowerState.java:run(108)) - omNode-1@group-6C22E66A003A-FollowerState: change to CANDIDATE, lastRpcTime:1473ms, electionTimeout:1158ms
2020-04-15 04:09:01,645 [main] INFO  ozone.MiniOzoneClusterImpl (MiniOzoneClusterImpl.java:lambda$waitForClusterToBeReady$0(177)) - Nodes are ready. Got 3 of 3 DN Heartbeats.
2020-04-15 04:09:01,393 [Datanode State Machine Thread - 0] WARN  statemachine.EndpointStateMachine (EndpointStateMachine.java:logIfNeeded(217)) - Unable to communicate to SCM server at 0.0.0.0:40289 for past 0 seconds.
java.net.SocketTimeoutException: Call From edabee8e3155/172.17.0.2 to 0.0.0.0:40289 failed on socket timeout exception: java.net.SocketTimeoutException: 1000 millis timeout while waiting for channel to be ready for read. ch : java.nio.channels.SocketChannel[connected local=/172.17.0.2:47054 remote=0.0.0.0/0.0.0.0:40289]; For more details see:  http://wiki.apache.org/hadoop/SocketTimeout
	at sun.reflect.GeneratedConstructorAccessor17.newInstance(Unknown Source)
	at sun.reflect.DelegatingConstructorAccessorImpl.newInstance(DelegatingConstructorAccessorImpl.java:45)
	at java.lang.reflect.Constructor.newInstance(Constructor.java:423)
	at org.apache.hadoop.net.NetUtils.wrapWithMessage(NetUtils.java:831)
	at org.apache.hadoop.net.NetUtils.wrapException(NetUtils.java:775)
	at org.apache.hadoop.ipc.Client.getRpcResponse(Client.java:1515)
	at org.apache.hadoop.ipc.Client.call(Client.java:1457)
	at org.apache.hadoop.ipc.Client.call(Client.java:1367)
	at org.apache.hadoop.ipc.ProtobufRpcEngine$Invoker.invoke(ProtobufRpcEngine.java:228)
	at org.apache.hadoop.ipc.ProtobufRpcEngine$Invoker.invoke(ProtobufRpcEngine.java:116)
	at com.sun.proxy.$Proxy40.submitRequest(Unknown Source)
	at org.apache.hadoop.ozone.protocolPB.StorageContainerDatanodeProtocolClientSideTranslatorPB.submitRequest(StorageContainerDatanodeProtocolClientSideTranslatorPB.java:116)
	at org.apache.hadoop.ozone.protocolPB.StorageContainerDatanodeProtocolClientSideTranslatorPB.sendHeartbeat(StorageContainerDatanodeProtocolClientSideTranslatorPB.java:148)
	at org.apache.hadoop.ozone.container.common.states.endpoint.HeartbeatEndpointTask.call(HeartbeatEndpointTask.java:145)
	at org.apache.hadoop.ozone.container.common.states.endpoint.HeartbeatEndpointTask.call(HeartbeatEndpointTask.java:76)
	at java.util.concurrent.FutureTask.run(FutureTask.java:266)
	at java.util.concurrent.Executors$RunnableAdapter.call(Executors.java:511)
	at java.util.concurrent.FutureTask.run(FutureTask.java:266)
	at java.util.concurrent.ThreadPoolExecutor.runWorker(ThreadPoolExecutor.java:1149)
	at java.util.concurrent.ThreadPoolExecutor$Worker.run(ThreadPoolExecutor.java:624)
	at java.lang.Thread.run(Thread.java:748)
Caused by: java.net.SocketTimeoutException: 1000 millis timeout while waiting for channel to be ready for read. ch : java.nio.channels.SocketChannel[connected local=/172.17.0.2:47054 remote=0.0.0.0/0.0.0.0:40289]
	at org.apache.hadoop.net.SocketIOWithTimeout.doIO(SocketIOWithTimeout.java:164)
	at org.apache.hadoop.net.SocketInputStream.read(SocketInputStream.java:161)
	at org.apache.hadoop.net.SocketInputStream.read(SocketInputStream.java:131)
	at java.io.FilterInputStream.read(FilterInputStream.java:133)
	at java.io.BufferedInputStream.fill(BufferedInputStream.java:246)
	at java.io.BufferedInputStream.read(BufferedInputStream.java:265)
	at java.io.FilterInputStream.read(FilterInputStream.java:83)
	at java.io.FilterInputStream.read(FilterInputStream.java:83)
	at org.apache.hadoop.ipc.Client$Connection$PingInputStream.read(Client.java:557)
	at java.io.DataInputStream.readInt(DataInputStream.java:387)
	at org.apache.hadoop.ipc.Client$IpcStreams.readResponse(Client.java:1816)
	at org.apache.hadoop.ipc.Client$Connection.receiveRpcResponse(Client.java:1173)
	at org.apache.hadoop.ipc.Client$Connection.run(Client.java:1069)
2020-04-15 04:09:01,392 [Datanode State Machine Thread - 7] WARN  statemachine.EndpointStateMachine (EndpointStateMachine.java:logIfNeeded(217)) - Unable to communicate to SCM server at 0.0.0.0:40289 for past 0 seconds.
java.net.SocketTimeoutException: Call From edabee8e3155/172.17.0.2 to 0.0.0.0:40289 failed on socket timeout exception: java.net.SocketTimeoutException: 1000 millis timeout while waiting for channel to be ready for read. ch : java.nio.channels.SocketChannel[connected local=/172.17.0.2:47054 remote=0.0.0.0/0.0.0.0:40289]; For more details see:  http://wiki.apache.org/hadoop/SocketTimeout
	at sun.reflect.GeneratedConstructorAccessor17.newInstance(Unknown Source)
	at sun.reflect.DelegatingConstructorAccessorImpl.newInstance(DelegatingConstructorAccessorImpl.java:45)
	at java.lang.reflect.Constructor.newInstance(Constructor.java:423)
	at org.apache.hadoop.net.NetUtils.wrapWithMessage(NetUtils.java:831)
	at org.apache.hadoop.net.NetUtils.wrapException(NetUtils.java:775)
	at org.apache.hadoop.ipc.Client.getRpcResponse(Client.java:1515)
	at org.apache.hadoop.ipc.Client.call(Client.java:1457)
	at org.apache.hadoop.ipc.Client.call(Client.java:1367)
	at org.apache.hadoop.ipc.ProtobufRpcEngine$Invoker.invoke(ProtobufRpcEngine.java:228)
	at org.apache.hadoop.ipc.ProtobufRpcEngine$Invoker.invoke(ProtobufRpcEngine.java:116)
	at com.sun.proxy.$Proxy40.submitRequest(Unknown Source)
	at org.apache.hadoop.ozone.protocolPB.StorageContainerDatanodeProtocolClientSideTranslatorPB.submitRequest(StorageContainerDatanodeProtocolClientSideTranslatorPB.java:116)
	at org.apache.hadoop.ozone.protocolPB.StorageContainerDatanodeProtocolClientSideTranslatorPB.sendHeartbeat(StorageContainerDatanodeProtocolClientSideTranslatorPB.java:148)
	at org.apache.hadoop.ozone.container.common.states.endpoint.HeartbeatEndpointTask.call(HeartbeatEndpointTask.java:145)
	at org.apache.hadoop.ozone.container.common.states.endpoint.HeartbeatEndpointTask.call(HeartbeatEndpointTask.java:76)
	at java.util.concurrent.FutureTask.run(FutureTask.java:266)
	at java.util.concurrent.Executors$RunnableAdapter.call(Executors.java:511)
	at java.util.concurrent.FutureTask.run(FutureTask.java:266)
	at java.util.concurrent.ThreadPoolExecutor.runWorker(ThreadPoolExecutor.java:1149)
	at java.util.concurrent.ThreadPoolExecutor$Worker.run(ThreadPoolExecutor.java:624)
	at java.lang.Thread.run(Thread.java:748)
Caused by: java.net.SocketTimeoutException: 1000 millis timeout while waiting for channel to be ready for read. ch : java.nio.channels.SocketChannel[connected local=/172.17.0.2:47054 remote=0.0.0.0/0.0.0.0:40289]
	at org.apache.hadoop.net.SocketIOWithTimeout.doIO(SocketIOWithTimeout.java:164)
	at org.apache.hadoop.net.SocketInputStream.read(SocketInputStream.java:161)
	at org.apache.hadoop.net.SocketInputStream.read(SocketInputStream.java:131)
	at java.io.FilterInputStream.read(FilterInputStream.java:133)
	at java.io.BufferedInputStream.fill(BufferedInputStream.java:246)
	at java.io.BufferedInputStream.read(BufferedInputStream.java:265)
	at java.io.FilterInputStream.read(FilterInputStream.java:83)
	at java.io.FilterInputStream.read(FilterInputStream.java:83)
	at org.apache.hadoop.ipc.Client$Connection$PingInputStream.read(Client.java:557)
	at java.io.DataInputStream.readInt(DataInputStream.java:387)
	at org.apache.hadoop.ipc.Client$IpcStreams.readResponse(Client.java:1816)
	at org.apache.hadoop.ipc.Client$Connection.receiveRpcResponse(Client.java:1173)
	at org.apache.hadoop.ipc.Client$Connection.run(Client.java:1069)
2020-04-15 04:09:03,984 [main] INFO  ozone.MiniOzoneClusterImpl (MiniOzoneClusterImpl.java:lambda$waitForClusterToBeReady$0(180)) - Waiting for cluster to exit safe mode
2020-04-15 04:09:03,973 [IPC Server handler 10 on 40289] WARN  ipc.Server (Server.java:processResponse(1523)) - IPC Server handler 10 on 40289, call Call#127 Retry#0 org.apache.hadoop.ozone.protocol.StorageContainerDatanodeProtocol.submitRequest from 172.17.0.2:47054: output error
2020-04-15 04:09:03,928 [Thread-590] INFO  impl.RoleInfo (RoleInfo.java:shutdownFollowerState(121)) - omNode-1: shutdown FollowerState
2020-04-15 04:09:03,415 [omNode-2@group-6C22E66A003A-LeaderElection23] INFO  impl.LeaderElection (LeaderElection.java:askForVotes(206)) - omNode-2@group-6C22E66A003A-LeaderElection23: begin an election at term 51 for 0: [omNode-3:localhost:11644, omNode-1:localhost:11632, omNode-2:localhost:11638], old=null
2020-04-15 04:09:03,375 [grpc-default-executor-8] INFO  impl.RaftServerImpl (RaftServerImpl.java:setRole(172)) - omNode-3@group-6C22E66A003A: changes role from  FOLLOWER to FOLLOWER at term 50 for recognizeCandidate:omNode-2
2020-04-15 04:09:04,438 [grpc-default-executor-8] INFO  impl.RoleInfo (RoleInfo.java:shutdownFollowerState(121)) - omNode-3: shutdown FollowerState
2020-04-15 04:09:03,364 [e9b38915-e851-41b1-8884-0e332c6a8248@group-7A799813B13E-LeaderElection25] INFO  impl.RoleInfo (RoleInfo.java:shutdownLeaderElection(134)) - e9b38915-e851-41b1-8884-0e332c6a8248: shutdown LeaderElection
2020-04-15 04:09:04,438 [e9b38915-e851-41b1-8884-0e332c6a8248@group-7A799813B13E-LeaderElection25] INFO  impl.RaftServerImpl (RaftServerImpl.java:setRole(172)) - e9b38915-e851-41b1-8884-0e332c6a8248@group-7A799813B13E: changes role from CANDIDATE to LEADER at term 1 for changeToLeader
2020-04-15 04:09:04,438 [e9b38915-e851-41b1-8884-0e332c6a8248@group-7A799813B13E-LeaderElection25] INFO  ratis.XceiverServerRatis (XceiverServerRatis.java:handleLeaderChangedNotification(739)) - Leader change notification received for group: group-7A799813B13E with new leaderId: e9b38915-e851-41b1-8884-0e332c6a8248
2020-04-15 04:09:04,404 [IPC Server handler 12 on 40289] WARN  ipc.Server (Server.java:processResponse(1523)) - IPC Server handler 12 on 40289, call Call#128 Retry#0 org.apache.hadoop.ozone.protocol.StorageContainerDatanodeProtocol.submitRequest from 172.17.0.2:47054: output error
2020-04-15 04:09:04,393 [IPC Server handler 10 on 40289] INFO  ipc.Server (Server.java:run(2695)) - IPC Server handler 10 on 40289 caught an exception
java.io.IOException: Broken pipe
	at sun.nio.ch.FileDispatcherImpl.write0(Native Method)
	at sun.nio.ch.SocketDispatcher.write(SocketDispatcher.java:47)
	at sun.nio.ch.IOUtil.writeFromNativeBuffer(IOUtil.java:93)
	at sun.nio.ch.IOUtil.write(IOUtil.java:65)
	at sun.nio.ch.SocketChannelImpl.write(SocketChannelImpl.java:471)
	at org.apache.hadoop.ipc.Server.channelWrite(Server.java:3250)
	at org.apache.hadoop.ipc.Server.access$1700(Server.java:137)
	at org.apache.hadoop.ipc.Server$Responder.processResponse(Server.java:1473)
	at org.apache.hadoop.ipc.Server$Responder.doRespond(Server.java:1543)
	at org.apache.hadoop.ipc.Server$Connection.sendResponse(Server.java:2593)
	at org.apache.hadoop.ipc.Server$Connection.access$300(Server.java:1615)
	at org.apache.hadoop.ipc.Server$RpcCall.doResponse(Server.java:940)
	at org.apache.hadoop.ipc.Server$Call.sendResponse(Server.java:774)
	at org.apache.hadoop.ipc.Server$RpcCall.run(Server.java:885)
	at org.apache.hadoop.ipc.Server$RpcCall.run(Server.java:822)
	at java.security.AccessController.doPrivileged(Native Method)
	at javax.security.auth.Subject.doAs(Subject.java:422)
	at org.apache.hadoop.security.UserGroupInformation.doAs(UserGroupInformation.java:1730)
	at org.apache.hadoop.ipc.Server$Handler.run(Server.java:2682)
2020-04-15 04:09:04,438 [Thread-590] INFO  impl.RaftServerImpl (RaftServerImpl.java:setRole(172)) - omNode-1@group-6C22E66A003A: changes role from  FOLLOWER to CANDIDATE at term 49 for changeToCandidate
2020-04-15 04:09:04,438 [IPC Server handler 12 on 40289] INFO  ipc.Server (Server.java:run(2695)) - IPC Server handler 12 on 40289 caught an exception
java.nio.channels.ClosedChannelException
	at sun.nio.ch.SocketChannelImpl.ensureWriteOpen(SocketChannelImpl.java:270)
	at sun.nio.ch.SocketChannelImpl.write(SocketChannelImpl.java:461)
	at org.apache.hadoop.ipc.Server.channelWrite(Server.java:3250)
	at org.apache.hadoop.ipc.Server.access$1700(Server.java:137)
	at org.apache.hadoop.ipc.Server$Responder.processResponse(Server.java:1473)
	at org.apache.hadoop.ipc.Server$Responder.doRespond(Server.java:1543)
	at org.apache.hadoop.ipc.Server$Connection.sendResponse(Server.java:2593)
	at org.apache.hadoop.ipc.Server$Connection.access$300(Server.java:1615)
	at org.apache.hadoop.ipc.Server$RpcCall.doResponse(Server.java:940)
	at org.apache.hadoop.ipc.Server$Call.sendResponse(Server.java:774)
	at org.apache.hadoop.ipc.Server$RpcCall.run(Server.java:885)
	at org.apache.hadoop.ipc.Server$RpcCall.run(Server.java:822)
	at java.security.AccessController.doPrivileged(Native Method)
	at javax.security.auth.Subject.doAs(Subject.java:422)
	at org.apache.hadoop.security.UserGroupInformation.doAs(UserGroupInformation.java:1730)
	at org.apache.hadoop.ipc.Server$Handler.run(Server.java:2682)
2020-04-15 04:09:04,451 [e9b38915-e851-41b1-8884-0e332c6a8248@group-7A799813B13E-LeaderElection25] INFO  impl.RaftServerImpl (ServerState.java:setLeader(255)) - e9b38915-e851-41b1-8884-0e332c6a8248@group-7A799813B13E: change Leader from null to e9b38915-e851-41b1-8884-0e332c6a8248 at term 1 for becomeLeader, leader elected after 11529ms
2020-04-15 04:09:04,463 [grpc-default-executor-8] INFO  impl.RoleInfo (RoleInfo.java:updateAndGet(143)) - omNode-3: start FollowerState
2020-04-15 04:09:04,474 [Thread-590] INFO  impl.RoleInfo (RoleInfo.java:updateAndGet(143)) - omNode-1: start LeaderElection
2020-04-15 04:09:04,548 [e9b38915-e851-41b1-8884-0e332c6a8248@group-7A799813B13E-LeaderElection25] INFO  server.RaftServerConfigKeys (ConfUtils.java:logGet(44)) - raft.server.staging.catchup.gap = 1000 (default)
2020-04-15 04:09:05,178 [e9b38915-e851-41b1-8884-0e332c6a8248@group-7A799813B13E-LeaderElection25] INFO  server.RaftServerConfigKeys (ConfUtils.java:logGet(44)) - raft.server.rpc.sleep.time = 25ms (default)
2020-04-15 04:09:05,324 [e9b38915-e851-41b1-8884-0e332c6a8248@group-7A799813B13E-LeaderElection25] INFO  metrics.RatisMetrics (RatisMetrics.java:lambda$create$0(39)) - Creating Metrics Registry : ratis.log_appender.e9b38915-e851-41b1-8884-0e332c6a8248@group-7A799813B13E
2020-04-15 04:09:05,335 [e9b38915-e851-41b1-8884-0e332c6a8248@group-7A799813B13E-LeaderElection25] INFO  server.RaftServerConfigKeys (ConfUtils.java:logGet(44)) - raft.server.write.element-limit = 1024 (custom)
2020-04-15 04:09:05,335 [e9b38915-e851-41b1-8884-0e332c6a8248@group-7A799813B13E-LeaderElection25] INFO  server.RaftServerConfigKeys (ConfUtils.java:logGet(44)) - raft.server.write.byte-limit = 1073741824 (custom)
2020-04-15 04:09:05,336 [e9b38915-e851-41b1-8884-0e332c6a8248@group-7A799813B13E-LeaderElection25] INFO  server.RaftServerConfigKeys (ConfUtils.java:logGet(44)) - raft.server.watch.timeout = 180s (custom)
2020-04-15 04:09:05,336 [e9b38915-e851-41b1-8884-0e332c6a8248@group-7A799813B13E-LeaderElection25] INFO  server.RaftServerConfigKeys (ConfUtils.java:logGet(44)) - raft.server.watch.timeout.denomination = 1s (default)
2020-04-15 04:09:05,336 [e9b38915-e851-41b1-8884-0e332c6a8248@group-7A799813B13E-LeaderElection25] INFO  server.RaftServerConfigKeys (ConfUtils.java:logGet(44)) - raft.server.watch.element-limit = 65536 (default)
2020-04-15 04:09:05,337 [e9b38915-e851-41b1-8884-0e332c6a8248@group-7A799813B13E-LeaderElection25] INFO  impl.RoleInfo (RoleInfo.java:updateAndGet(143)) - e9b38915-e851-41b1-8884-0e332c6a8248: start LeaderState
2020-04-15 04:09:05,370 [e9b38915-e851-41b1-8884-0e332c6a8248@group-7A799813B13E-LeaderElection25] INFO  segmented.SegmentedRaftLogWorker (SegmentedRaftLogWorker.java:startLogSegment(391)) - e9b38915-e851-41b1-8884-0e332c6a8248@group-7A799813B13E-SegmentedRaftLogWorker: Starting segment from index:0
2020-04-15 04:09:05,370 [e9b38915-e851-41b1-8884-0e332c6a8248@group-7A799813B13E-LeaderElection25] INFO  impl.RaftServerImpl (ServerState.java:setRaftConf(356)) - e9b38915-e851-41b1-8884-0e332c6a8248@group-7A799813B13E: set configuration 0: [e9b38915-e851-41b1-8884-0e332c6a8248:172.17.0.2:46057], old=null at 0
2020-04-15 04:09:04,686 [grpc-default-executor-11] INFO  impl.RaftServerImpl (RaftServerImpl.java:setRole(172)) - omNode-1@group-6C22E66A003A: changes role from CANDIDATE to FOLLOWER at term 50 for recognizeCandidate:omNode-2
2020-04-15 04:09:05,429 [grpc-default-executor-11] INFO  impl.RoleInfo (RoleInfo.java:shutdownLeaderElection(134)) - omNode-1: shutdown LeaderElection
2020-04-15 04:09:05,429 [grpc-default-executor-11] INFO  impl.RoleInfo (RoleInfo.java:updateAndGet(143)) - omNode-1: start FollowerState
2020-04-15 04:09:04,651 [Thread-589] INFO  impl.FollowerState (FollowerState.java:run(108)) - e9b38915-e851-41b1-8884-0e332c6a8248@group-3A19E40C7583-FollowerState: change to CANDIDATE, lastRpcTime:5297ms, electionTimeout:5178ms
2020-04-15 04:09:05,724 [Thread-589] INFO  impl.RoleInfo (RoleInfo.java:shutdownFollowerState(121)) - e9b38915-e851-41b1-8884-0e332c6a8248: shutdown FollowerState
2020-04-15 04:09:05,724 [Thread-589] INFO  impl.RaftServerImpl (RaftServerImpl.java:setRole(172)) - e9b38915-e851-41b1-8884-0e332c6a8248@group-3A19E40C7583: changes role from  FOLLOWER to CANDIDATE at term 0 for changeToCandidate
2020-04-15 04:09:05,656 [omNode-2@group-6C22E66A003A-LeaderElection23] INFO  impl.LeaderElection (LeaderElection.java:logAndReturn(61)) - omNode-2@group-6C22E66A003A-LeaderElection23: Election TIMEOUT; received 0 response(s) [] and 0 exception(s); omNode-2@group-6C22E66A003A:t51, leader=null, voted=omNode-2, raftlog=omNode-2@group-6C22E66A003A-SegmentedRaftLog:OPENED:c0,f0,i0, conf=0: [omNode-3:localhost:11644, omNode-1:localhost:11632, omNode-2:localhost:11638], old=null
2020-04-15 04:09:05,656 [e9b38915-e851-41b1-8884-0e332c6a8248@group-7A799813B13E-SegmentedRaftLogWorker] INFO  segmented.SegmentedRaftLogWorker (SegmentedRaftLogWorker.java:execute(583)) - e9b38915-e851-41b1-8884-0e332c6a8248@group-7A799813B13E-SegmentedRaftLogWorker: created new log segment /github/workspace/hadoop-ozone/integration-test/target/test-dir/MiniOzoneClusterImpl-0135e7b1-1d2a-4fbb-b7c0-5297c589a039/datanode-2/data/ratis/cea8e7e7-864a-4db1-906b-7a799813b13e/current/log_inprogress_0
2020-04-15 04:09:05,578 [Datanode State Machine Thread - 1] WARN  statemachine.EndpointStateMachine (EndpointStateMachine.java:logIfNeeded(217)) - Unable to communicate to SCM server at 0.0.0.0:40289 for past 0 seconds.
java.net.SocketTimeoutException: Call From edabee8e3155/172.17.0.2 to 0.0.0.0:40289 failed on socket timeout exception: java.net.SocketTimeoutException: 1000 millis timeout while waiting for channel to be ready for read. ch : java.nio.channels.SocketChannel[connected local=/172.17.0.2:47096 remote=0.0.0.0/0.0.0.0:40289]; For more details see:  http://wiki.apache.org/hadoop/SocketTimeout
	at sun.reflect.GeneratedConstructorAccessor17.newInstance(Unknown Source)
	at sun.reflect.DelegatingConstructorAccessorImpl.newInstance(DelegatingConstructorAccessorImpl.java:45)
	at java.lang.reflect.Constructor.newInstance(Constructor.java:423)
	at org.apache.hadoop.net.NetUtils.wrapWithMessage(NetUtils.java:831)
	at org.apache.hadoop.net.NetUtils.wrapException(NetUtils.java:775)
	at org.apache.hadoop.ipc.Client.getRpcResponse(Client.java:1515)
	at org.apache.hadoop.ipc.Client.call(Client.java:1457)
	at org.apache.hadoop.ipc.Client.call(Client.java:1367)
	at org.apache.hadoop.ipc.ProtobufRpcEngine$Invoker.invoke(ProtobufRpcEngine.java:228)
	at org.apache.hadoop.ipc.ProtobufRpcEngine$Invoker.invoke(ProtobufRpcEngine.java:116)
	at com.sun.proxy.$Proxy40.submitRequest(Unknown Source)
	at org.apache.hadoop.ozone.protocolPB.StorageContainerDatanodeProtocolClientSideTranslatorPB.submitRequest(StorageContainerDatanodeProtocolClientSideTranslatorPB.java:116)
	at org.apache.hadoop.ozone.protocolPB.StorageContainerDatanodeProtocolClientSideTranslatorPB.sendHeartbeat(StorageContainerDatanodeProtocolClientSideTranslatorPB.java:148)
	at org.apache.hadoop.ozone.container.common.states.endpoint.HeartbeatEndpointTask.call(HeartbeatEndpointTask.java:145)
	at org.apache.hadoop.ozone.container.common.states.endpoint.HeartbeatEndpointTask.call(HeartbeatEndpointTask.java:76)
	at java.util.concurrent.FutureTask.run(FutureTask.java:266)
	at java.util.concurrent.Executors$RunnableAdapter.call(Executors.java:511)
	at java.util.concurrent.FutureTask.run(FutureTask.java:266)
	at java.util.concurrent.ThreadPoolExecutor.runWorker(ThreadPoolExecutor.java:1149)
	at java.util.concurrent.ThreadPoolExecutor$Worker.run(ThreadPoolExecutor.java:624)
	at java.lang.Thread.run(Thread.java:748)
Caused by: java.net.SocketTimeoutException: 1000 millis timeout while waiting for channel to be ready for read. ch : java.nio.channels.SocketChannel[connected local=/172.17.0.2:47096 remote=0.0.0.0/0.0.0.0:40289]
	at org.apache.hadoop.net.SocketIOWithTimeout.doIO(SocketIOWithTimeout.java:164)
	at org.apache.hadoop.net.SocketInputStream.read(SocketInputStream.java:161)
	at org.apache.hadoop.net.SocketInputStream.read(SocketInputStream.java:131)
	at java.io.FilterInputStream.read(FilterInputStream.java:133)
	at java.io.BufferedInputStream.fill(BufferedInputStream.java:246)
	at java.io.BufferedInputStream.read(BufferedInputStream.java:265)
	at java.io.FilterInputStream.read(FilterInputStream.java:83)
	at java.io.FilterInputStream.read(FilterInputStream.java:83)
	at org.apache.hadoop.ipc.Client$Connection$PingInputStream.read(Client.java:557)
	at java.io.DataInputStream.readInt(DataInputStream.java:387)
	at org.apache.hadoop.ipc.Client$IpcStreams.readResponse(Client.java:1816)
	at org.apache.hadoop.ipc.Client$Connection.receiveRpcResponse(Client.java:1173)
	at org.apache.hadoop.ipc.Client$Connection.run(Client.java:1069)
2020-04-15 04:09:05,510 [main] INFO  ozone.MiniOzoneClusterImpl (MiniOzoneClusterImpl.java:lambda$waitForClusterToBeReady$0(177)) - Nodes are ready. Got 3 of 3 DN Heartbeats.
2020-04-15 04:09:06,086 [main] INFO  ozone.MiniOzoneClusterImpl (MiniOzoneClusterImpl.java:lambda$waitForClusterToBeReady$0(180)) - Waiting for cluster to exit safe mode
2020-04-15 04:09:05,310 [grpc-default-executor-2] INFO  impl.RaftServerImpl (RaftServerImpl.java:setRole(172)) - omNode-3@group-6C22E66A003A: changes role from  FOLLOWER to FOLLOWER at term 51 for recognizeCandidate:omNode-2
2020-04-15 04:09:06,086 [grpc-default-executor-2] INFO  impl.RoleInfo (RoleInfo.java:shutdownFollowerState(121)) - omNode-3: shutdown FollowerState
2020-04-15 04:09:06,086 [grpc-default-executor-2] INFO  impl.RoleInfo (RoleInfo.java:updateAndGet(143)) - omNode-3: start FollowerState
2020-04-15 04:09:06,032 [IPC Server handler 17 on 40289] WARN  ipc.Server (Server.java:processResponse(1523)) - IPC Server handler 17 on 40289, call Call#132 Retry#0 org.apache.hadoop.ozone.protocol.StorageContainerDatanodeProtocol.submitRequest from 172.17.0.2:47096: output error
2020-04-15 04:09:06,087 [IPC Server handler 17 on 40289] INFO  ipc.Server (Server.java:run(2695)) - IPC Server handler 17 on 40289 caught an exception
java.io.IOException: Broken pipe
	at sun.nio.ch.FileDispatcherImpl.write0(Native Method)
	at sun.nio.ch.SocketDispatcher.write(SocketDispatcher.java:47)
	at sun.nio.ch.IOUtil.writeFromNativeBuffer(IOUtil.java:93)
	at sun.nio.ch.IOUtil.write(IOUtil.java:65)
	at sun.nio.ch.SocketChannelImpl.write(SocketChannelImpl.java:471)
	at org.apache.hadoop.ipc.Server.channelWrite(Server.java:3250)
	at org.apache.hadoop.ipc.Server.access$1700(Server.java:137)
	at org.apache.hadoop.ipc.Server$Responder.processResponse(Server.java:1473)
	at org.apache.hadoop.ipc.Server$Responder.doRespond(Server.java:1543)
	at org.apache.hadoop.ipc.Server$Connection.sendResponse(Server.java:2593)
	at org.apache.hadoop.ipc.Server$Connection.access$300(Server.java:1615)
	at org.apache.hadoop.ipc.Server$RpcCall.doResponse(Server.java:940)
	at org.apache.hadoop.ipc.Server$Call.sendResponse(Server.java:774)
	at org.apache.hadoop.ipc.Server$RpcCall.run(Server.java:885)
	at org.apache.hadoop.ipc.Server$RpcCall.run(Server.java:822)
	at java.security.AccessController.doPrivileged(Native Method)
	at javax.security.auth.Subject.doAs(Subject.java:422)
	at org.apache.hadoop.security.UserGroupInformation.doAs(UserGroupInformation.java:1730)
	at org.apache.hadoop.ipc.Server$Handler.run(Server.java:2682)
2020-04-15 04:09:05,927 [grpc-default-executor-8] INFO  impl.RaftServerImpl (RaftServerImpl.java:setRole(172)) - omNode-1@group-6C22E66A003A: changes role from  FOLLOWER to FOLLOWER at term 51 for recognizeCandidate:omNode-2
2020-04-15 04:09:06,174 [grpc-default-executor-8] INFO  impl.RoleInfo (RoleInfo.java:shutdownFollowerState(121)) - omNode-1: shutdown FollowerState
2020-04-15 04:09:06,175 [grpc-default-executor-8] INFO  impl.RoleInfo (RoleInfo.java:updateAndGet(143)) - omNode-1: start FollowerState
2020-04-15 04:09:05,839 [Thread-589] INFO  impl.RoleInfo (RoleInfo.java:updateAndGet(143)) - e9b38915-e851-41b1-8884-0e332c6a8248: start LeaderElection
2020-04-15 04:09:06,175 [Thread-602] INFO  impl.FollowerState (FollowerState.java:run(117)) - omNode-1@group-6C22E66A003A-FollowerState was interrupted: java.lang.InterruptedException: sleep interrupted
2020-04-15 04:09:06,175 [omNode-2@group-6C22E66A003A-LeaderElection23] INFO  impl.LeaderElection (LeaderElection.java:askForVotes(206)) - omNode-2@group-6C22E66A003A-LeaderElection23: begin an election at term 52 for 0: [omNode-3:localhost:11644, omNode-1:localhost:11632, omNode-2:localhost:11638], old=null
2020-04-15 04:09:07,092 [main] INFO  ozone.MiniOzoneClusterImpl (MiniOzoneClusterImpl.java:lambda$waitForClusterToBeReady$0(177)) - Nodes are ready. Got 3 of 3 DN Heartbeats.
2020-04-15 04:09:08,759 [main] INFO  ozone.MiniOzoneClusterImpl (MiniOzoneClusterImpl.java:lambda$waitForClusterToBeReady$0(180)) - Waiting for cluster to exit safe mode
2020-04-15 04:09:08,748 [grpc-default-executor-7] INFO  impl.RaftServerProxy (RaftServerProxy.java:addNew(89)) - 45a63c2d-5a1c-471d-92ad-27f15c6268a3: addNew group-3A19E40C7583:[e9b38915-e851-41b1-8884-0e332c6a8248:172.17.0.2:46057, 45a63c2d-5a1c-471d-92ad-27f15c6268a3:172.17.0.2:46295, e7d22208-90f1-4c2d-8da4-8182bc2fedbb:172.17.0.2:37613] returns group-3A19E40C7583:java.util.concurrent.CompletableFuture@680b8ba2[Not completed]
2020-04-15 04:09:08,462 [SCM Heartbeat Processing Thread - 0] ERROR node.NodeStateManager (NodeStateManager.java:checkNodesHealth(636)) - Total time spend processing datanode HB's is greater than configured values for datanode heartbeats. Please adjust the heartbeat configs. Time Spend on HB processing: 0 seconds Datanode heartbeat Interval: 100 seconds.
2020-04-15 04:09:08,407 [omNode-2@group-6C22E66A003A-LeaderElection23] INFO  impl.LeaderElection (LeaderElection.java:logAndReturn(61)) - omNode-2@group-6C22E66A003A-LeaderElection23: Election TIMEOUT; received 0 response(s) [] and 0 exception(s); omNode-2@group-6C22E66A003A:t52, leader=null, voted=omNode-2, raftlog=omNode-2@group-6C22E66A003A-SegmentedRaftLog:OPENED:c0,f0,i0, conf=0: [omNode-3:localhost:11644, omNode-1:localhost:11632, omNode-2:localhost:11638], old=null
2020-04-15 04:09:08,374 [Thread-605] WARN  util.JavaUtils (JavaUtils.java:sleep(246)) - Unexpected long sleep: sleep(1166ms) actually took 2186ms which is over the threshold 300ms
2020-04-15 04:09:07,765 [Socket Reader #1 for port 40289] INFO  ipc.Server (Server.java:doRead(1256)) - Socket Reader #1 for port 40289: readAndProcess from client 172.17.0.2:47096 threw exception [java.nio.channels.ClosedChannelException]
java.nio.channels.ClosedChannelException
	at sun.nio.ch.SocketChannelImpl.ensureReadOpen(SocketChannelImpl.java:257)
	at sun.nio.ch.SocketChannelImpl.read(SocketChannelImpl.java:300)
	at org.apache.hadoop.ipc.Server.channelRead(Server.java:3270)
	at org.apache.hadoop.ipc.Server.access$2600(Server.java:137)
	at org.apache.hadoop.ipc.Server$Connection.readAndProcess(Server.java:2101)
	at org.apache.hadoop.ipc.Server$Listener.doRead(Server.java:1249)
	at org.apache.hadoop.ipc.Server$Listener$Reader.doRunLoop(Server.java:1105)
	at org.apache.hadoop.ipc.Server$Listener$Reader.run(Server.java:1076)
2020-04-15 04:09:07,764 [Thread-604] INFO  impl.FollowerState (FollowerState.java:run(108)) - omNode-3@group-6C22E66A003A-FollowerState: change to CANDIDATE, lastRpcTime:1678ms, electionTimeout:1130ms
2020-04-15 04:09:10,753 [Thread-604] INFO  impl.RoleInfo (RoleInfo.java:shutdownFollowerState(121)) - omNode-3: shutdown FollowerState
2020-04-15 04:09:10,753 [Thread-604] INFO  impl.RaftServerImpl (RaftServerImpl.java:setRole(172)) - omNode-3@group-6C22E66A003A: changes role from  FOLLOWER to CANDIDATE at term 51 for changeToCandidate
2020-04-15 04:09:07,676 [e9b38915-e851-41b1-8884-0e332c6a8248@group-3A19E40C7583-LeaderElection27] INFO  impl.LeaderElection (LeaderElection.java:askForVotes(206)) - e9b38915-e851-41b1-8884-0e332c6a8248@group-3A19E40C7583-LeaderElection27: begin an election at term 1 for -1: [e9b38915-e851-41b1-8884-0e332c6a8248:172.17.0.2:46057, 45a63c2d-5a1c-471d-92ad-27f15c6268a3:172.17.0.2:46295, e7d22208-90f1-4c2d-8da4-8182bc2fedbb:172.17.0.2:37613], old=null
2020-04-15 04:09:10,677 [omNode-2@group-6C22E66A003A-LeaderElection23] INFO  impl.LeaderElection (LeaderElection.java:askForVotes(206)) - omNode-2@group-6C22E66A003A-LeaderElection23: begin an election at term 53 for 0: [omNode-3:localhost:11644, omNode-1:localhost:11632, omNode-2:localhost:11638], old=null
2020-04-15 04:09:10,098 [main] INFO  ozone.MiniOzoneClusterImpl (MiniOzoneClusterImpl.java:lambda$waitForClusterToBeReady$0(177)) - Nodes are ready. Got 3 of 3 DN Heartbeats.
2020-04-15 04:09:10,776 [main] INFO  ozone.MiniOzoneClusterImpl (MiniOzoneClusterImpl.java:lambda$waitForClusterToBeReady$0(180)) - Waiting for cluster to exit safe mode
2020-04-15 04:09:09,539 [pool-83-thread-1] INFO  impl.RaftServerImpl (RaftServerImpl.java:<init>(97)) - 45a63c2d-5a1c-471d-92ad-27f15c6268a3: new RaftServerImpl for group-3A19E40C7583:[e9b38915-e851-41b1-8884-0e332c6a8248:172.17.0.2:46057, 45a63c2d-5a1c-471d-92ad-27f15c6268a3:172.17.0.2:46295, e7d22208-90f1-4c2d-8da4-8182bc2fedbb:172.17.0.2:37613] with ContainerStateMachine:uninitialized
2020-04-15 04:09:10,776 [pool-83-thread-1] INFO  server.RaftServerConfigKeys (ConfUtils.java:logGet(44)) - raft.server.rpc.timeout.min = 5s (custom)
2020-04-15 04:09:10,776 [pool-83-thread-1] INFO  server.RaftServerConfigKeys (ConfUtils.java:logGet(44)) - raft.server.rpc.timeout.max = 5200ms (custom)
2020-04-15 04:09:10,776 [pool-83-thread-1] INFO  server.RaftServerConfigKeys (ConfUtils.java:logGet(44)) - raft.server.rpcslowness.timeout = 300s (custom)
2020-04-15 04:09:10,777 [pool-83-thread-1] INFO  server.RaftServerConfigKeys (ConfUtils.java:logGet(44)) - raft.server.sleep.deviation.threshold = 300 (default)
2020-04-15 04:09:10,777 [pool-83-thread-1] INFO  server.RaftServerConfigKeys (ConfUtils.java:logGet(44)) - raft.server.log.appender.install.snapshot.enabled = false (custom)
2020-04-15 04:09:10,777 [pool-83-thread-1] INFO  impl.RaftServerImpl (ServerState.java:<init>(103)) - 45a63c2d-5a1c-471d-92ad-27f15c6268a3@group-3A19E40C7583: ConfigurationManager, init=-1: [e9b38915-e851-41b1-8884-0e332c6a8248:172.17.0.2:46057, 45a63c2d-5a1c-471d-92ad-27f15c6268a3:172.17.0.2:46295, e7d22208-90f1-4c2d-8da4-8182bc2fedbb:172.17.0.2:37613], old=null, confs=<EMPTY_MAP>
2020-04-15 04:09:10,777 [pool-83-thread-1] INFO  server.RaftServerConfigKeys (ConfUtils.java:logGet(44)) - raft.server.storage.dir = [/github/workspace/hadoop-ozone/integration-test/target/test-dir/MiniOzoneClusterImpl-0135e7b1-1d2a-4fbb-b7c0-5297c589a039/datanode-1/data/ratis] (custom)
2020-04-15 04:09:10,777 [pool-83-thread-1] INFO  server.RaftServerConfigKeys (ConfUtils.java:logGet(44)) - raft.server.log.corruption.policy = EXCEPTION (default)
2020-04-15 04:09:10,778 [pool-83-thread-1] INFO  storage.RaftStorageDirectory (RaftStorageDirectory.java:analyzeStorage(253)) - The storage directory /github/workspace/hadoop-ozone/integration-test/target/test-dir/MiniOzoneClusterImpl-0135e7b1-1d2a-4fbb-b7c0-5297c589a039/datanode-1/data/ratis/a9f0531e-c35a-494a-b307-3a19e40c7583 does not exist. Creating ...
2020-04-15 04:09:08,771 [omNode-1@group-6C22E66A003A-LeaderElection26] INFO  impl.LeaderElection (LeaderElection.java:askForVotes(206)) - omNode-1@group-6C22E66A003A-LeaderElection26: begin an election at term 52 for 0: [omNode-3:localhost:11644, omNode-1:localhost:11632, omNode-2:localhost:11638], old=null
2020-04-15 04:09:10,801 [pool-83-thread-1] INFO  storage.RaftStorageDirectory (RaftStorageDirectory.java:tryLock(335)) - Lock on /github/workspace/hadoop-ozone/integration-test/target/test-dir/MiniOzoneClusterImpl-0135e7b1-1d2a-4fbb-b7c0-5297c589a039/datanode-1/data/ratis/a9f0531e-c35a-494a-b307-3a19e40c7583/in_use.lock acquired by nodename 8286@edabee8e3155
2020-04-15 04:09:10,845 [omNode-1@group-6C22E66A003A-LeaderElection26] INFO  impl.LeaderElection (LeaderElection.java:logAndReturn(61)) - omNode-1@group-6C22E66A003A-LeaderElection26: Election REJECTED; received 0 response(s) [] and 0 exception(s); omNode-1@group-6C22E66A003A:t52, leader=null, voted=omNode-1, raftlog=omNode-1@group-6C22E66A003A-SegmentedRaftLog:OPENED:c-1,f0,i0, conf=0: [omNode-3:localhost:11644, omNode-1:localhost:11632, omNode-2:localhost:11638], old=null
2020-04-15 04:09:10,868 [Thread-604] INFO  impl.RoleInfo (RoleInfo.java:updateAndGet(143)) - omNode-3: start LeaderElection
2020-04-15 04:09:10,868 [Thread-599] INFO  impl.FollowerState (FollowerState.java:run(108)) - omNode-3@group-6C22E66A003A-FollowerState: change to CANDIDATE, lastRpcTime:4781ms, electionTimeout:1169ms
2020-04-15 04:09:10,868 [Thread-599] WARN  impl.FollowerState (FollowerState.java:run(121)) - omNode-3@group-6C22E66A003A-FollowerState caught an exception
java.lang.IllegalStateException
	at org.apache.ratis.util.Preconditions.assertTrue(Preconditions.java:36)
	at org.apache.ratis.server.impl.RaftServerImpl.changeToCandidate(RaftServerImpl.java:418)
	at org.apache.ratis.server.impl.FollowerState.run(FollowerState.java:112)
2020-04-15 04:09:11,178 [omNode-3@group-6C22E66A003A-LeaderElection28] INFO  impl.LeaderElection (LeaderElection.java:askForVotes(206)) - omNode-3@group-6C22E66A003A-LeaderElection28: begin an election at term 52 for -1: [omNode-3:localhost:11644, omNode-1:localhost:11632, omNode-2:localhost:11638], old=null
2020-04-15 04:09:11,189 [pool-83-thread-1] INFO  storage.RaftStorage (RaftStorage.java:format(84)) - Storage directory /github/workspace/hadoop-ozone/integration-test/target/test-dir/MiniOzoneClusterImpl-0135e7b1-1d2a-4fbb-b7c0-5297c589a039/datanode-1/data/ratis/a9f0531e-c35a-494a-b307-3a19e40c7583 has been successfully formatted.
2020-04-15 04:09:11,786 [main] INFO  ozone.MiniOzoneClusterImpl (MiniOzoneClusterImpl.java:lambda$waitForClusterToBeReady$0(177)) - Nodes are ready. Got 3 of 3 DN Heartbeats.
2020-04-15 04:09:12,019 [main] INFO  ozone.MiniOzoneClusterImpl (MiniOzoneClusterImpl.java:lambda$waitForClusterToBeReady$0(180)) - Waiting for cluster to exit safe mode
2020-04-15 04:09:12,085 [Thread-605] INFO  impl.FollowerState (FollowerState.java:run(108)) - omNode-1@group-6C22E66A003A-FollowerState: change to CANDIDATE, lastRpcTime:5910ms, electionTimeout:1080ms
2020-04-15 04:09:12,085 [Thread-605] INFO  impl.RoleInfo (RoleInfo.java:shutdownFollowerState(121)) - omNode-1: shutdown FollowerState
2020-04-15 04:09:12,085 [Thread-605] INFO  impl.RaftServerImpl (RaftServerImpl.java:setRole(172)) - omNode-1@group-6C22E66A003A: changes role from  FOLLOWER to CANDIDATE at term 52 for changeToCandidate
2020-04-15 04:09:12,085 [Thread-605] INFO  impl.RoleInfo (RoleInfo.java:updateAndGet(143)) - omNode-1: start LeaderElection
2020-04-15 04:09:12,089 [omNode-2@group-6C22E66A003A-LeaderElection23] INFO  impl.LeaderElection (LeaderElection.java:logAndReturn(61)) - omNode-2@group-6C22E66A003A-LeaderElection23: Election TIMEOUT; received 0 response(s) [] and 0 exception(s); omNode-2@group-6C22E66A003A:t53, leader=null, voted=omNode-2, raftlog=omNode-2@group-6C22E66A003A-SegmentedRaftLog:OPENED:c0,f0,i0, conf=0: [omNode-3:localhost:11644, omNode-1:localhost:11632, omNode-2:localhost:11638], old=null
2020-04-15 04:09:12,018 [pool-83-thread-1] INFO  ratis.ContainerStateMachine (ContainerStateMachine.java:loadSnapshot(233)) - group-3A19E40C7583: The snapshot info is null. Setting the last applied indexto:(t:0, i:~)
2020-04-15 04:09:12,734 [pool-83-thread-1] INFO  server.RaftServerConfigKeys (ConfUtils.java:logGet(44)) - raft.server.notification.no-leader.timeout = 60s (default)
2020-04-15 04:09:12,620 [omNode-3@group-6C22E66A003A-LeaderElection28] INFO  impl.LeaderElection (LeaderElection.java:logAndReturn(61)) - omNode-3@group-6C22E66A003A-LeaderElection28: Election TIMEOUT; received 0 response(s) [] and 0 exception(s); omNode-3@group-6C22E66A003A:t52, leader=null, voted=omNode-3, raftlog=omNode-3@group-6C22E66A003A-SegmentedRaftLog:OPENED:c-1,f-1,i0, conf=-1: [omNode-3:localhost:11644, omNode-1:localhost:11632, omNode-2:localhost:11638], old=null
2020-04-15 04:09:13,207 [pool-83-thread-1] INFO  server.RaftServerConfigKeys (ConfUtils.java:logGet(44)) - raft.server.log.use.memory = false (default)
2020-04-15 04:09:14,021 [pool-83-thread-1] INFO  server.RaftServerConfigKeys (ConfUtils.java:logGet(44)) - raft.server.log.purge.gap = 1000000 (custom)
2020-04-15 04:09:13,117 [grpc-default-executor-1] INFO  impl.RaftServerImpl (RaftServerImpl.java:setRole(172)) - omNode-3@group-6C22E66A003A: changes role from CANDIDATE to FOLLOWER at term 53 for recognizeCandidate:omNode-2
2020-04-15 04:09:14,252 [grpc-default-executor-1] INFO  impl.RoleInfo (RoleInfo.java:shutdownLeaderElection(134)) - omNode-3: shutdown LeaderElection
2020-04-15 04:09:14,252 [grpc-default-executor-1] INFO  impl.RoleInfo (RoleInfo.java:updateAndGet(143)) - omNode-3: start FollowerState
2020-04-15 04:09:13,038 [main] INFO  ozone.MiniOzoneClusterImpl (MiniOzoneClusterImpl.java:lambda$waitForClusterToBeReady$0(177)) - Nodes are ready. Got 3 of 3 DN Heartbeats.
2020-04-15 04:09:12,813 [omNode-2@group-6C22E66A003A-LeaderElection23] INFO  impl.LeaderElection (LeaderElection.java:askForVotes(206)) - omNode-2@group-6C22E66A003A-LeaderElection23: begin an election at term 54 for 0: [omNode-3:localhost:11644, omNode-1:localhost:11632, omNode-2:localhost:11638], old=null
2020-04-15 04:09:12,801 [omNode-1@group-6C22E66A003A-LeaderElection29] INFO  impl.LeaderElection (LeaderElection.java:askForVotes(206)) - omNode-1@group-6C22E66A003A-LeaderElection29: begin an election at term 53 for 0: [omNode-3:localhost:11644, omNode-1:localhost:11632, omNode-2:localhost:11638], old=null
2020-04-15 04:09:14,541 [main] INFO  ozone.MiniOzoneClusterImpl (MiniOzoneClusterImpl.java:lambda$waitForClusterToBeReady$0(180)) - Waiting for cluster to exit safe mode
2020-04-15 04:09:14,241 [pool-83-thread-1] INFO  server.RaftServerConfigKeys (ConfUtils.java:logGet(44)) - raft.server.log.appender.buffer.byte-limit = 33554432 (custom)
2020-04-15 04:09:13,975 [IPC Server handler 16 on 40289] WARN  ipc.Server (Server.java:processResponse(1523)) - IPC Server handler 16 on 40289, call Call#138 Retry#0 org.apache.hadoop.ozone.protocol.StorageContainerDatanodeProtocol.submitRequest from 172.17.0.2:47118: output error
2020-04-15 04:09:14,980 [IPC Server handler 16 on 40289] INFO  ipc.Server (Server.java:run(2695)) - IPC Server handler 16 on 40289 caught an exception
java.io.IOException: Broken pipe
	at sun.nio.ch.FileDispatcherImpl.write0(Native Method)
	at sun.nio.ch.SocketDispatcher.write(SocketDispatcher.java:47)
	at sun.nio.ch.IOUtil.writeFromNativeBuffer(IOUtil.java:93)
	at sun.nio.ch.IOUtil.write(IOUtil.java:65)
	at sun.nio.ch.SocketChannelImpl.write(SocketChannelImpl.java:471)
	at org.apache.hadoop.ipc.Server.channelWrite(Server.java:3250)
	at org.apache.hadoop.ipc.Server.access$1700(Server.java:137)
	at org.apache.hadoop.ipc.Server$Responder.processResponse(Server.java:1473)
	at org.apache.hadoop.ipc.Server$Responder.doRespond(Server.java:1543)
	at org.apache.hadoop.ipc.Server$Connection.sendResponse(Server.java:2593)
	at org.apache.hadoop.ipc.Server$Connection.access$300(Server.java:1615)
	at org.apache.hadoop.ipc.Server$RpcCall.doResponse(Server.java:940)
	at org.apache.hadoop.ipc.Server$Call.sendResponse(Server.java:774)
	at org.apache.hadoop.ipc.Server$RpcCall.run(Server.java:885)
	at org.apache.hadoop.ipc.Server$RpcCall.run(Server.java:822)
	at java.security.AccessController.doPrivileged(Native Method)
	at javax.security.auth.Subject.doAs(Subject.java:422)
	at org.apache.hadoop.security.UserGroupInformation.doAs(UserGroupInformation.java:1730)
	at org.apache.hadoop.ipc.Server$Handler.run(Server.java:2682)
2020-04-15 04:09:13,971 [IPC Server handler 12 on 40289] WARN  ipc.Server (Server.java:processResponse(1523)) - IPC Server handler 12 on 40289, call Call#143 Retry#0 org.apache.hadoop.ozone.protocol.StorageContainerDatanodeProtocol.submitRequest from 172.17.0.2:47130: output error
2020-04-15 04:09:14,980 [IPC Server handler 12 on 40289] INFO  ipc.Server (Server.java:run(2695)) - IPC Server handler 12 on 40289 caught an exception
java.io.IOException: Broken pipe
	at sun.nio.ch.FileDispatcherImpl.write0(Native Method)
	at sun.nio.ch.SocketDispatcher.write(SocketDispatcher.java:47)
	at sun.nio.ch.IOUtil.writeFromNativeBuffer(IOUtil.java:93)
	at sun.nio.ch.IOUtil.write(IOUtil.java:65)
	at sun.nio.ch.SocketChannelImpl.write(SocketChannelImpl.java:471)
	at org.apache.hadoop.ipc.Server.channelWrite(Server.java:3250)
	at org.apache.hadoop.ipc.Server.access$1700(Server.java:137)
	at org.apache.hadoop.ipc.Server$Responder.processResponse(Server.java:1473)
	at org.apache.hadoop.ipc.Server$Responder.doRespond(Server.java:1543)
	at org.apache.hadoop.ipc.Server$Connection.sendResponse(Server.java:2593)
	at org.apache.hadoop.ipc.Server$Connection.access$300(Server.java:1615)
	at org.apache.hadoop.ipc.Server$RpcCall.doResponse(Server.java:940)
	at org.apache.hadoop.ipc.Server$Call.sendResponse(Server.java:774)
	at org.apache.hadoop.ipc.Server$RpcCall.run(Server.java:885)
	at org.apache.hadoop.ipc.Server$RpcCall.run(Server.java:822)
	at java.security.AccessController.doPrivileged(Native Method)
	at javax.security.auth.Subject.doAs(Subject.java:422)
	at org.apache.hadoop.security.UserGroupInformation.doAs(UserGroupInformation.java:1730)
	at org.apache.hadoop.ipc.Server$Handler.run(Server.java:2682)
2020-04-15 04:09:14,981 [IPC Server handler 13 on 40289] WARN  ipc.Server (Server.java:processResponse(1523)) - IPC Server handler 13 on 40289, call Call#145 Retry#0 org.apache.hadoop.ozone.protocol.StorageContainerDatanodeProtocol.submitRequest from 172.17.0.2:47130: output error
2020-04-15 04:09:14,981 [IPC Server handler 13 on 40289] INFO  ipc.Server (Server.java:run(2695)) - IPC Server handler 13 on 40289 caught an exception
java.nio.channels.ClosedChannelException
	at sun.nio.ch.SocketChannelImpl.ensureWriteOpen(SocketChannelImpl.java:270)
	at sun.nio.ch.SocketChannelImpl.write(SocketChannelImpl.java:461)
	at org.apache.hadoop.ipc.Server.channelWrite(Server.java:3250)
	at org.apache.hadoop.ipc.Server.access$1700(Server.java:137)
	at org.apache.hadoop.ipc.Server$Responder.processResponse(Server.java:1473)
	at org.apache.hadoop.ipc.Server$Responder.doRespond(Server.java:1543)
	at org.apache.hadoop.ipc.Server$Connection.sendResponse(Server.java:2593)
	at org.apache.hadoop.ipc.Server$Connection.access$300(Server.java:1615)
	at org.apache.hadoop.ipc.Server$RpcCall.doResponse(Server.java:940)
	at org.apache.hadoop.ipc.Server$Call.sendResponse(Server.java:774)
	at org.apache.hadoop.ipc.Server$RpcCall.run(Server.java:885)
	at org.apache.hadoop.ipc.Server$RpcCall.run(Server.java:822)
	at java.security.AccessController.doPrivileged(Native Method)
	at javax.security.auth.Subject.doAs(Subject.java:422)
	at org.apache.hadoop.security.UserGroupInformation.doAs(UserGroupInformation.java:1730)
	at org.apache.hadoop.ipc.Server$Handler.run(Server.java:2682)
2020-04-15 04:09:14,989 [pool-83-thread-1] INFO  server.RaftServerConfigKeys (ConfUtils.java:logGet(44)) - raft.server.log.segment.size.max = 1048576 (custom)
2020-04-15 04:09:14,989 [pool-83-thread-1] INFO  metrics.RatisMetrics (RatisMetrics.java:lambda$create$0(39)) - Creating Metrics Registry : ratis.log_worker.45a63c2d-5a1c-471d-92ad-27f15c6268a3
2020-04-15 04:09:14,989 [pool-83-thread-1] INFO  server.RaftServerConfigKeys (ConfUtils.java:logGet(44)) - raft.server.log.segment.cache.num.max = 2 (custom)
2020-04-15 04:09:15,675 [pool-83-thread-1] INFO  segmented.SegmentedRaftLogWorker (SegmentedRaftLogWorker.java:<init>(176)) - new 45a63c2d-5a1c-471d-92ad-27f15c6268a3@group-3A19E40C7583-SegmentedRaftLogWorker for RaftStorage:Storage Directory /github/workspace/hadoop-ozone/integration-test/target/test-dir/MiniOzoneClusterImpl-0135e7b1-1d2a-4fbb-b7c0-5297c589a039/datanode-1/data/ratis/a9f0531e-c35a-494a-b307-3a19e40c7583
2020-04-15 04:09:13,971 [IPC Server handler 17 on 40289] WARN  ipc.Server (Server.java:processResponse(1523)) - IPC Server handler 17 on 40289, call Call#142 Retry#0 org.apache.hadoop.ozone.protocol.StorageContainerDatanodeProtocol.submitRequest from 172.17.0.2:47126: output error
2020-04-15 04:09:15,826 [IPC Server handler 17 on 40289] INFO  ipc.Server (Server.java:run(2695)) - IPC Server handler 17 on 40289 caught an exception
java.io.IOException: Broken pipe
	at sun.nio.ch.FileDispatcherImpl.write0(Native Method)
	at sun.nio.ch.SocketDispatcher.write(SocketDispatcher.java:47)
	at sun.nio.ch.IOUtil.writeFromNativeBuffer(IOUtil.java:93)
	at sun.nio.ch.IOUtil.write(IOUtil.java:65)
	at sun.nio.ch.SocketChannelImpl.write(SocketChannelImpl.java:471)
	at org.apache.hadoop.ipc.Server.channelWrite(Server.java:3250)
	at org.apache.hadoop.ipc.Server.access$1700(Server.java:137)
	at org.apache.hadoop.ipc.Server$Responder.processResponse(Server.java:1473)
	at org.apache.hadoop.ipc.Server$Responder.doRespond(Server.java:1543)
	at org.apache.hadoop.ipc.Server$Connection.sendResponse(Server.java:2593)
	at org.apache.hadoop.ipc.Server$Connection.access$300(Server.java:1615)
	at org.apache.hadoop.ipc.Server$RpcCall.doResponse(Server.java:940)
	at org.apache.hadoop.ipc.Server$Call.sendResponse(Server.java:774)
	at org.apache.hadoop.ipc.Server$RpcCall.run(Server.java:885)
	at org.apache.hadoop.ipc.Server$RpcCall.run(Server.java:822)
	at java.security.AccessController.doPrivileged(Native Method)
	at javax.security.auth.Subject.doAs(Subject.java:422)
	at org.apache.hadoop.security.UserGroupInformation.doAs(UserGroupInformation.java:1730)
	at org.apache.hadoop.ipc.Server$Handler.run(Server.java:2682)
2020-04-15 04:09:13,971 [IPC Server handler 4 on 40289] WARN  ipc.Server (Server.java:processResponse(1523)) - IPC Server handler 4 on 40289, call Call#135 Retry#0 org.apache.hadoop.ozone.protocol.StorageContainerDatanodeProtocol.submitRequest from 172.17.0.2:47110: output error
2020-04-15 04:09:15,827 [IPC Server handler 4 on 40289] INFO  ipc.Server (Server.java:run(2695)) - IPC Server handler 4 on 40289 caught an exception
java.nio.channels.ClosedChannelException
	at sun.nio.ch.SocketChannelImpl.ensureWriteOpen(SocketChannelImpl.java:270)
	at sun.nio.ch.SocketChannelImpl.write(SocketChannelImpl.java:461)
	at org.apache.hadoop.ipc.Server.channelWrite(Server.java:3250)
	at org.apache.hadoop.ipc.Server.access$1700(Server.java:137)
	at org.apache.hadoop.ipc.Server$Responder.processResponse(Server.java:1473)
	at org.apache.hadoop.ipc.Server$Responder.doRespond(Server.java:1543)
	at org.apache.hadoop.ipc.Server$Connection.sendResponse(Server.java:2593)
	at org.apache.hadoop.ipc.Server$Connection.access$300(Server.java:1615)
	at org.apache.hadoop.ipc.Server$RpcCall.doResponse(Server.java:940)
	at org.apache.hadoop.ipc.Server$Call.sendResponse(Server.java:774)
	at org.apache.hadoop.ipc.Server$RpcCall.run(Server.java:885)
	at org.apache.hadoop.ipc.Server$RpcCall.run(Server.java:822)
	at java.security.AccessController.doPrivileged(Native Method)
	at javax.security.auth.Subject.doAs(Subject.java:422)
	at org.apache.hadoop.security.UserGroupInformation.doAs(UserGroupInformation.java:1730)
	at org.apache.hadoop.ipc.Server$Handler.run(Server.java:2682)
2020-04-15 04:09:15,827 [IPC Server handler 10 on 40289] WARN  ipc.Server (Server.java:processResponse(1523)) - IPC Server handler 10 on 40289, call Call#141 Retry#0 org.apache.hadoop.ozone.protocol.StorageContainerDatanodeProtocol.submitRequest from 172.17.0.2:47126: output error
2020-04-15 04:09:15,827 [IPC Server handler 10 on 40289] INFO  ipc.Server (Server.java:run(2695)) - IPC Server handler 10 on 40289 caught an exception
java.nio.channels.ClosedChannelException
	at sun.nio.ch.SocketChannelImpl.ensureWriteOpen(SocketChannelImpl.java:270)
	at sun.nio.ch.SocketChannelImpl.write(SocketChannelImpl.java:461)
	at org.apache.hadoop.ipc.Server.channelWrite(Server.java:3250)
	at org.apache.hadoop.ipc.Server.access$1700(Server.java:137)
	at org.apache.hadoop.ipc.Server$Responder.processResponse(Server.java:1473)
	at org.apache.hadoop.ipc.Server$Responder.doRespond(Server.java:1543)
	at org.apache.hadoop.ipc.Server$Connection.sendResponse(Server.java:2593)
	at org.apache.hadoop.ipc.Server$Connection.access$300(Server.java:1615)
	at org.apache.hadoop.ipc.Server$RpcCall.doResponse(Server.java:940)
	at org.apache.hadoop.ipc.Server$Call.sendResponse(Server.java:774)
	at org.apache.hadoop.ipc.Server$RpcCall.run(Server.java:885)
	at org.apache.hadoop.ipc.Server$RpcCall.run(Server.java:822)
	at java.security.AccessController.doPrivileged(Native Method)
	at javax.security.auth.Subject.doAs(Subject.java:422)
	at org.apache.hadoop.security.UserGroupInformation.doAs(UserGroupInformation.java:1730)
	at org.apache.hadoop.ipc.Server$Handler.run(Server.java:2682)
2020-04-15 04:09:13,823 [IPC Server handler 11 on 40289] INFO  ipc.Server (Server.java:run(869)) - IPC Server handler 11 on 40289: skipped Call#136 Retry#0 org.apache.hadoop.ozone.protocol.StorageContainerDatanodeProtocol.submitRequest from 172.17.0.2:47110
2020-04-15 04:09:15,827 [pool-83-thread-1] INFO  server.RaftServerConfigKeys (ConfUtils.java:logGet(44)) - raft.server.log.queue.byte-limit = 2147483647 (custom)
2020-04-15 04:09:15,782 [Thread-625] WARN  util.JavaUtils (JavaUtils.java:sleep(246)) - Unexpected long sleep: sleep(1177ms) actually took 1518ms which is over the threshold 300ms
2020-04-15 04:09:15,772 [omNode-2@group-6C22E66A003A-LeaderElection23] INFO  impl.LeaderElection (LeaderElection.java:logAndReturn(61)) - omNode-2@group-6C22E66A003A-LeaderElection23: Election TIMEOUT; received 0 response(s) [] and 0 exception(s); omNode-2@group-6C22E66A003A:t54, leader=null, voted=omNode-2, raftlog=omNode-2@group-6C22E66A003A-SegmentedRaftLog:OPENED:c0,f0,i0, conf=0: [omNode-3:localhost:11644, omNode-1:localhost:11632, omNode-2:localhost:11638], old=null
2020-04-15 04:09:15,772 [main] INFO  ozone.MiniOzoneClusterImpl (MiniOzoneClusterImpl.java:lambda$waitForClusterToBeReady$0(177)) - Nodes are ready. Got 3 of 3 DN Heartbeats.
2020-04-15 04:09:15,893 [main] INFO  ozone.MiniOzoneClusterImpl (MiniOzoneClusterImpl.java:lambda$waitForClusterToBeReady$0(180)) - Waiting for cluster to exit safe mode
2020-04-15 04:09:15,026 [IPC Server handler 19 on 40289] WARN  ipc.Server (Server.java:processResponse(1523)) - IPC Server handler 19 on 40289, call Call#139 Retry#0 org.apache.hadoop.ozone.protocol.StorageContainerDatanodeProtocol.submitRequest from 172.17.0.2:47118: output error
2020-04-15 04:09:15,893 [IPC Server handler 19 on 40289] INFO  ipc.Server (Server.java:run(2695)) - IPC Server handler 19 on 40289 caught an exception
java.nio.channels.ClosedChannelException
	at sun.nio.ch.SocketChannelImpl.ensureWriteOpen(SocketChannelImpl.java:270)
	at sun.nio.ch.SocketChannelImpl.write(SocketChannelImpl.java:461)
	at org.apache.hadoop.ipc.Server.channelWrite(Server.java:3250)
	at org.apache.hadoop.ipc.Server.access$1700(Server.java:137)
	at org.apache.hadoop.ipc.Server$Responder.processResponse(Server.java:1473)
	at org.apache.hadoop.ipc.Server$Responder.doRespond(Server.java:1543)
	at org.apache.hadoop.ipc.Server$Connection.sendResponse(Server.java:2593)
	at org.apache.hadoop.ipc.Server$Connection.access$300(Server.java:1615)
	at org.apache.hadoop.ipc.Server$RpcCall.doResponse(Server.java:940)
	at org.apache.hadoop.ipc.Server$Call.sendResponse(Server.java:774)
	at org.apache.hadoop.ipc.Server$RpcCall.run(Server.java:885)
	at org.apache.hadoop.ipc.Server$RpcCall.run(Server.java:822)
	at java.security.AccessController.doPrivileged(Native Method)
	at javax.security.auth.Subject.doAs(Subject.java:422)
	at org.apache.hadoop.security.UserGroupInformation.doAs(UserGroupInformation.java:1730)
	at org.apache.hadoop.ipc.Server$Handler.run(Server.java:2682)
2020-04-15 04:09:14,777 [grpc-default-executor-8] WARN  server.GrpcServerProtocolService (LogUtils.java:warn(124)) - e7d22208-90f1-4c2d-8da4-8182bc2fedbb: Failed requestVote e9b38915-e851-41b1-8884-0e332c6a8248->e7d22208-90f1-4c2d-8da4-8182bc2fedbb#0
org.apache.ratis.protocol.GroupMismatchException: e7d22208-90f1-4c2d-8da4-8182bc2fedbb: group-3A19E40C7583 not found.
	at org.apache.ratis.server.impl.RaftServerProxy$ImplMap.get(RaftServerProxy.java:122)
	at org.apache.ratis.server.impl.RaftServerProxy.getImplFuture(RaftServerProxy.java:269)
	at org.apache.ratis.server.impl.RaftServerProxy.getImpl(RaftServerProxy.java:278)
	at org.apache.ratis.server.impl.RaftServerProxy.getImpl(RaftServerProxy.java:273)
	at org.apache.ratis.server.impl.RaftServerProxy.requestVote(RaftServerProxy.java:445)
	at org.apache.ratis.grpc.server.GrpcServerProtocolService.requestVote(GrpcServerProtocolService.java:166)
	at org.apache.ratis.proto.grpc.RaftServerProtocolServiceGrpc$MethodHandlers.invoke(RaftServerProtocolServiceGrpc.java:316)
	at org.apache.ratis.thirdparty.io.grpc.stub.ServerCalls$UnaryServerCallHandler$UnaryServerCallListener.onHalfClose(ServerCalls.java:172)
	at org.apache.ratis.thirdparty.io.grpc.internal.ServerCallImpl$ServerStreamListenerImpl.halfClosed(ServerCallImpl.java:331)
	at org.apache.ratis.thirdparty.io.grpc.internal.ServerImpl$JumpToApplicationThreadServerStreamListener$1HalfClosed.runInContext(ServerImpl.java:814)
	at org.apache.ratis.thirdparty.io.grpc.internal.ContextRunnable.run(ContextRunnable.java:37)
	at org.apache.ratis.thirdparty.io.grpc.internal.SerializingExecutor.run(SerializingExecutor.java:123)
	at java.util.concurrent.ThreadPoolExecutor.runWorker(ThreadPoolExecutor.java:1149)
	at java.util.concurrent.ThreadPoolExecutor$Worker.run(ThreadPoolExecutor.java:624)
	at java.lang.Thread.run(Thread.java:748)
2020-04-15 04:09:16,397 [grpc-default-executor-2] INFO  impl.RaftServerImpl (RaftServerImpl.java:setRole(172)) - omNode-3@group-6C22E66A003A: changes role from  FOLLOWER to FOLLOWER at term 54 for recognizeCandidate:omNode-2
2020-04-15 04:09:16,179 [e9b38915-e851-41b1-8884-0e332c6a8248@group-3A19E40C7583-LeaderElection27] INFO  impl.LeaderElection (LeaderElection.java:logAndReturn(61)) - e9b38915-e851-41b1-8884-0e332c6a8248@group-3A19E40C7583-LeaderElection27: Election TIMEOUT; received 0 response(s) [] and 0 exception(s); e9b38915-e851-41b1-8884-0e332c6a8248@group-3A19E40C7583:t1, leader=null, voted=e9b38915-e851-41b1-8884-0e332c6a8248, raftlog=e9b38915-e851-41b1-8884-0e332c6a8248@group-3A19E40C7583-SegmentedRaftLog:OPENED:c-1,f-1,i0, conf=-1: [e9b38915-e851-41b1-8884-0e332c6a8248:172.17.0.2:46057, 45a63c2d-5a1c-471d-92ad-27f15c6268a3:172.17.0.2:46295, e7d22208-90f1-4c2d-8da4-8182bc2fedbb:172.17.0.2:37613], old=null
2020-04-15 04:09:16,113 [omNode-1@group-6C22E66A003A-LeaderElection29] INFO  impl.LeaderElection (LeaderElection.java:logAndReturn(61)) - omNode-1@group-6C22E66A003A-LeaderElection29: Election TIMEOUT; received 0 response(s) [] and 0 exception(s); omNode-1@group-6C22E66A003A:t53, leader=null, voted=omNode-1, raftlog=omNode-1@group-6C22E66A003A-SegmentedRaftLog:OPENED:c-1,f0,i0, conf=0: [omNode-3:localhost:11644, omNode-1:localhost:11632, omNode-2:localhost:11638], old=null
2020-04-15 04:09:15,839 [pool-83-thread-1] INFO  server.RaftServerConfigKeys (ConfUtils.java:logGet(44)) - raft.server.log.queue.element-limit = 1024 (custom)
2020-04-15 04:09:16,896 [e9b38915-e851-41b1-8884-0e332c6a8248@group-3A19E40C7583-LeaderElection27] INFO  impl.LeaderElection (LeaderElection.java:askForVotes(206)) - e9b38915-e851-41b1-8884-0e332c6a8248@group-3A19E40C7583-LeaderElection27: begin an election at term 2 for -1: [e9b38915-e851-41b1-8884-0e332c6a8248:172.17.0.2:46057, 45a63c2d-5a1c-471d-92ad-27f15c6268a3:172.17.0.2:46295, e7d22208-90f1-4c2d-8da4-8182bc2fedbb:172.17.0.2:37613], old=null
2020-04-15 04:09:16,884 [SCM Heartbeat Processing Thread - 0] ERROR node.NodeStateManager (NodeStateManager.java:checkNodesHealth(636)) - Total time spend processing datanode HB's is greater than configured values for datanode heartbeats. Please adjust the heartbeat configs. Time Spend on HB processing: 0 seconds Datanode heartbeat Interval: 100 seconds.
2020-04-15 04:09:16,874 [Datanode State Machine Thread - 1] WARN  statemachine.EndpointStateMachine (EndpointStateMachine.java:logIfNeeded(217)) - Unable to communicate to SCM server at 0.0.0.0:40289 for past 0 seconds.
java.net.SocketTimeoutException: Call From edabee8e3155/172.17.0.2 to 0.0.0.0:40289 failed on socket timeout exception: java.net.SocketTimeoutException: 1000 millis timeout while waiting for channel to be ready for read. ch : java.nio.channels.SocketChannel[connected local=/172.17.0.2:47146 remote=0.0.0.0/0.0.0.0:40289]; For more details see:  http://wiki.apache.org/hadoop/SocketTimeout
	at sun.reflect.GeneratedConstructorAccessor17.newInstance(Unknown Source)
	at sun.reflect.DelegatingConstructorAccessorImpl.newInstance(DelegatingConstructorAccessorImpl.java:45)
	at java.lang.reflect.Constructor.newInstance(Constructor.java:423)
	at org.apache.hadoop.net.NetUtils.wrapWithMessage(NetUtils.java:831)
	at org.apache.hadoop.net.NetUtils.wrapException(NetUtils.java:775)
	at org.apache.hadoop.ipc.Client.getRpcResponse(Client.java:1515)
	at org.apache.hadoop.ipc.Client.call(Client.java:1457)
	at org.apache.hadoop.ipc.Client.call(Client.java:1367)
	at org.apache.hadoop.ipc.ProtobufRpcEngine$Invoker.invoke(ProtobufRpcEngine.java:228)
	at org.apache.hadoop.ipc.ProtobufRpcEngine$Invoker.invoke(ProtobufRpcEngine.java:116)
	at com.sun.proxy.$Proxy40.submitRequest(Unknown Source)
	at org.apache.hadoop.ozone.protocolPB.StorageContainerDatanodeProtocolClientSideTranslatorPB.submitRequest(StorageContainerDatanodeProtocolClientSideTranslatorPB.java:116)
	at org.apache.hadoop.ozone.protocolPB.StorageContainerDatanodeProtocolClientSideTranslatorPB.sendHeartbeat(StorageContainerDatanodeProtocolClientSideTranslatorPB.java:148)
	at org.apache.hadoop.ozone.container.common.states.endpoint.HeartbeatEndpointTask.call(HeartbeatEndpointTask.java:145)
	at org.apache.hadoop.ozone.container.common.states.endpoint.HeartbeatEndpointTask.call(HeartbeatEndpointTask.java:76)
	at java.util.concurrent.FutureTask.run(FutureTask.java:266)
	at java.util.concurrent.Executors$RunnableAdapter.call(Executors.java:511)
	at java.util.concurrent.FutureTask.run(FutureTask.java:266)
	at java.util.concurrent.ThreadPoolExecutor.runWorker(ThreadPoolExecutor.java:1149)
	at java.util.concurrent.ThreadPoolExecutor$Worker.run(ThreadPoolExecutor.java:624)
	at java.lang.Thread.run(Thread.java:748)
Caused by: java.net.SocketTimeoutException: 1000 millis timeout while waiting for channel to be ready for read. ch : java.nio.channels.SocketChannel[connected local=/172.17.0.2:47146 remote=0.0.0.0/0.0.0.0:40289]
	at org.apache.hadoop.net.SocketIOWithTimeout.doIO(SocketIOWithTimeout.java:164)
	at org.apache.hadoop.net.SocketInputStream.read(SocketInputStream.java:161)
	at org.apache.hadoop.net.SocketInputStream.read(SocketInputStream.java:131)
	at java.io.FilterInputStream.read(FilterInputStream.java:133)
	at java.io.BufferedInputStream.fill(BufferedInputStream.java:246)
	at java.io.BufferedInputStream.read(BufferedInputStream.java:265)
	at java.io.FilterInputStream.read(FilterInputStream.java:83)
	at java.io.FilterInputStream.read(FilterInputStream.java:83)
	at org.apache.hadoop.ipc.Client$Connection$PingInputStream.read(Client.java:557)
	at java.io.DataInputStream.readInt(DataInputStream.java:387)
	at org.apache.hadoop.ipc.Client$IpcStreams.readResponse(Client.java:1816)
	at org.apache.hadoop.ipc.Client$Connection.receiveRpcResponse(Client.java:1173)
	at org.apache.hadoop.ipc.Client$Connection.run(Client.java:1069)
2020-04-15 04:09:16,873 [Datanode State Machine Thread - 5] WARN  statemachine.EndpointStateMachine (EndpointStateMachine.java:logIfNeeded(217)) - Unable to communicate to SCM server at 0.0.0.0:40289 for past 0 seconds.
java.net.SocketTimeoutException: Call From edabee8e3155/172.17.0.2 to 0.0.0.0:40289 failed on socket timeout exception: java.net.SocketTimeoutException: 1000 millis timeout while waiting for channel to be ready for read. ch : java.nio.channels.SocketChannel[connected local=/172.17.0.2:47146 remote=0.0.0.0/0.0.0.0:40289]; For more details see:  http://wiki.apache.org/hadoop/SocketTimeout
	at sun.reflect.GeneratedConstructorAccessor17.newInstance(Unknown Source)
	at sun.reflect.DelegatingConstructorAccessorImpl.newInstance(DelegatingConstructorAccessorImpl.java:45)
	at java.lang.reflect.Constructor.newInstance(Constructor.java:423)
	at org.apache.hadoop.net.NetUtils.wrapWithMessage(NetUtils.java:831)
	at org.apache.hadoop.net.NetUtils.wrapException(NetUtils.java:775)
	at org.apache.hadoop.ipc.Client.getRpcResponse(Client.java:1515)
	at org.apache.hadoop.ipc.Client.call(Client.java:1457)
	at org.apache.hadoop.ipc.Client.call(Client.java:1367)
	at org.apache.hadoop.ipc.ProtobufRpcEngine$Invoker.invoke(ProtobufRpcEngine.java:228)
	at org.apache.hadoop.ipc.ProtobufRpcEngine$Invoker.invoke(ProtobufRpcEngine.java:116)
	at com.sun.proxy.$Proxy40.submitRequest(Unknown Source)
	at org.apache.hadoop.ozone.protocolPB.StorageContainerDatanodeProtocolClientSideTranslatorPB.submitRequest(StorageContainerDatanodeProtocolClientSideTranslatorPB.java:116)
	at org.apache.hadoop.ozone.protocolPB.StorageContainerDatanodeProtocolClientSideTranslatorPB.sendHeartbeat(StorageContainerDatanodeProtocolClientSideTranslatorPB.java:148)
	at org.apache.hadoop.ozone.container.common.states.endpoint.HeartbeatEndpointTask.call(HeartbeatEndpointTask.java:145)
	at org.apache.hadoop.ozone.container.common.states.endpoint.HeartbeatEndpointTask.call(HeartbeatEndpointTask.java:76)
	at java.util.concurrent.FutureTask.run(FutureTask.java:266)
	at java.util.concurrent.Executors$RunnableAdapter.call(Executors.java:511)
	at java.util.concurrent.FutureTask.run(FutureTask.java:266)
	at java.util.concurrent.ThreadPoolExecutor.runWorker(ThreadPoolExecutor.java:1149)
	at java.util.concurrent.ThreadPoolExecutor$Worker.run(ThreadPoolExecutor.java:624)
	at java.lang.Thread.run(Thread.java:748)
Caused by: java.net.SocketTimeoutException: 1000 millis timeout while waiting for channel to be ready for read. ch : java.nio.channels.SocketChannel[connected local=/172.17.0.2:47146 remote=0.0.0.0/0.0.0.0:40289]
	at org.apache.hadoop.net.SocketIOWithTimeout.doIO(SocketIOWithTimeout.java:164)
	at org.apache.hadoop.net.SocketInputStream.read(SocketInputStream.java:161)
	at org.apache.hadoop.net.SocketInputStream.read(SocketInputStream.java:131)
	at java.io.FilterInputStream.read(FilterInputStream.java:133)
	at java.io.BufferedInputStream.fill(BufferedInputStream.java:246)
	at java.io.BufferedInputStream.read(BufferedInputStream.java:265)
	at java.io.FilterInputStream.read(FilterInputStream.java:83)
	at java.io.FilterInputStream.read(FilterInputStream.java:83)
	at org.apache.hadoop.ipc.Client$Connection$PingInputStream.read(Client.java:557)
	at java.io.DataInputStream.readInt(DataInputStream.java:387)
	at org.apache.hadoop.ipc.Client$IpcStreams.readResponse(Client.java:1816)
	at org.apache.hadoop.ipc.Client$Connection.receiveRpcResponse(Client.java:1173)
	at org.apache.hadoop.ipc.Client$Connection.run(Client.java:1069)
2020-04-15 04:09:16,838 [Datanode State Machine Thread - 0] WARN  statemachine.EndpointStateMachine (EndpointStateMachine.java:logIfNeeded(217)) - Unable to communicate to SCM server at 0.0.0.0:40289 for past 0 seconds.
java.net.SocketTimeoutException: Call From edabee8e3155/172.17.0.2 to 0.0.0.0:40289 failed on socket timeout exception: java.net.SocketTimeoutException: 1000 millis timeout while waiting for channel to be ready for read. ch : java.nio.channels.SocketChannel[connected local=/172.17.0.2:47146 remote=0.0.0.0/0.0.0.0:40289]; For more details see:  http://wiki.apache.org/hadoop/SocketTimeout
	at sun.reflect.GeneratedConstructorAccessor17.newInstance(Unknown Source)
	at sun.reflect.DelegatingConstructorAccessorImpl.newInstance(DelegatingConstructorAccessorImpl.java:45)
	at java.lang.reflect.Constructor.newInstance(Constructor.java:423)
	at org.apache.hadoop.net.NetUtils.wrapWithMessage(NetUtils.java:831)
	at org.apache.hadoop.net.NetUtils.wrapException(NetUtils.java:775)
	at org.apache.hadoop.ipc.Client.getRpcResponse(Client.java:1515)
	at org.apache.hadoop.ipc.Client.call(Client.java:1457)
	at org.apache.hadoop.ipc.Client.call(Client.java:1367)
	at org.apache.hadoop.ipc.ProtobufRpcEngine$Invoker.invoke(ProtobufRpcEngine.java:228)
	at org.apache.hadoop.ipc.ProtobufRpcEngine$Invoker.invoke(ProtobufRpcEngine.java:116)
	at com.sun.proxy.$Proxy40.submitRequest(Unknown Source)
	at org.apache.hadoop.ozone.protocolPB.StorageContainerDatanodeProtocolClientSideTranslatorPB.submitRequest(StorageContainerDatanodeProtocolClientSideTranslatorPB.java:116)
	at org.apache.hadoop.ozone.protocolPB.StorageContainerDatanodeProtocolClientSideTranslatorPB.sendHeartbeat(StorageContainerDatanodeProtocolClientSideTranslatorPB.java:148)
	at org.apache.hadoop.ozone.container.common.states.endpoint.HeartbeatEndpointTask.call(HeartbeatEndpointTask.java:145)
	at org.apache.hadoop.ozone.container.common.states.endpoint.HeartbeatEndpointTask.call(HeartbeatEndpointTask.java:76)
	at java.util.concurrent.FutureTask.run(FutureTask.java:266)
	at java.util.concurrent.Executors$RunnableAdapter.call(Executors.java:511)
	at java.util.concurrent.FutureTask.run(FutureTask.java:266)
	at java.util.concurrent.ThreadPoolExecutor.runWorker(ThreadPoolExecutor.java:1149)
	at java.util.concurrent.ThreadPoolExecutor$Worker.run(ThreadPoolExecutor.java:624)
	at java.lang.Thread.run(Thread.java:748)
Caused by: java.net.SocketTimeoutException: 1000 millis timeout while waiting for channel to be ready for read. ch : java.nio.channels.SocketChannel[connected local=/172.17.0.2:47146 remote=0.0.0.0/0.0.0.0:40289]
	at org.apache.hadoop.net.SocketIOWithTimeout.doIO(SocketIOWithTimeout.java:164)
	at org.apache.hadoop.net.SocketInputStream.read(SocketInputStream.java:161)
	at org.apache.hadoop.net.SocketInputStream.read(SocketInputStream.java:131)
	at java.io.FilterInputStream.read(FilterInputStream.java:133)
	at java.io.BufferedInputStream.fill(BufferedInputStream.java:246)
	at java.io.BufferedInputStream.read(BufferedInputStream.java:265)
	at java.io.FilterInputStream.read(FilterInputStream.java:83)
	at java.io.FilterInputStream.read(FilterInputStream.java:83)
	at org.apache.hadoop.ipc.Client$Connection$PingInputStream.read(Client.java:557)
	at java.io.DataInputStream.readInt(DataInputStream.java:387)
	at org.apache.hadoop.ipc.Client$IpcStreams.readResponse(Client.java:1816)
	at org.apache.hadoop.ipc.Client$Connection.receiveRpcResponse(Client.java:1173)
	at org.apache.hadoop.ipc.Client$Connection.run(Client.java:1069)
2020-04-15 04:09:16,816 [omNode-2@group-6C22E66A003A-LeaderElection23] INFO  impl.LeaderElection (LeaderElection.java:askForVotes(206)) - omNode-2@group-6C22E66A003A-LeaderElection23: begin an election at term 55 for 0: [omNode-3:localhost:11644, omNode-1:localhost:11632, omNode-2:localhost:11638], old=null
2020-04-15 04:09:16,761 [grpc-default-executor-2] INFO  impl.RoleInfo (RoleInfo.java:shutdownFollowerState(121)) - omNode-3: shutdown FollowerState
2020-04-15 04:09:16,932 [omNode-1@group-6C22E66A003A-LeaderElection29] INFO  impl.LeaderElection (LeaderElection.java:askForVotes(206)) - omNode-1@group-6C22E66A003A-LeaderElection29: begin an election at term 54 for 0: [omNode-3:localhost:11644, omNode-1:localhost:11632, omNode-2:localhost:11638], old=null
2020-04-15 04:09:16,921 [pool-83-thread-1] INFO  server.RaftServerConfigKeys (ConfUtils.java:logGet(44)) - raft.server.log.segment.size.max = 1048576 (custom)
2020-04-15 04:09:16,979 [pool-83-thread-1] INFO  server.RaftServerConfigKeys (ConfUtils.java:logGet(44)) - raft.server.log.preallocated.size = 16384 (custom)
2020-04-15 04:09:16,979 [pool-83-thread-1] INFO  server.RaftServerConfigKeys (ConfUtils.java:logGet(44)) - raft.server.log.write.buffer.size = 1048576 (custom)
2020-04-15 04:09:16,979 [pool-83-thread-1] INFO  server.RaftServerConfigKeys (ConfUtils.java:logGet(44)) - raft.server.log.force.sync.num = 128 (default)
2020-04-15 04:09:16,979 [pool-83-thread-1] INFO  server.RaftServerConfigKeys (ConfUtils.java:logGet(44)) - raft.server.log.statemachine.data.sync = true (default)
2020-04-15 04:09:16,979 [pool-83-thread-1] INFO  server.RaftServerConfigKeys (ConfUtils.java:logGet(44)) - raft.server.log.statemachine.data.sync.timeout = 10s (default)
2020-04-15 04:09:16,979 [pool-83-thread-1] INFO  server.RaftServerConfigKeys (ConfUtils.java:logGet(44)) - raft.server.log.statemachine.data.sync.timeout.retry = -1 (default)
2020-04-15 04:09:16,918 [main] INFO  ozone.MiniOzoneClusterImpl (MiniOzoneClusterImpl.java:lambda$waitForClusterToBeReady$0(177)) - Nodes are ready. Got 3 of 3 DN Heartbeats.
2020-04-15 04:09:17,405 [main] INFO  ozone.MiniOzoneClusterImpl (MiniOzoneClusterImpl.java:lambda$waitForClusterToBeReady$0(180)) - Waiting for cluster to exit safe mode
2020-04-15 04:09:17,060 [grpc-default-executor-2] INFO  impl.RoleInfo (RoleInfo.java:updateAndGet(143)) - omNode-3: start FollowerState
2020-04-15 04:09:17,428 [pool-83-thread-1] INFO  server.RaftServerConfigKeys (ConfUtils.java:logGet(44)) - raft.server.log.statemachine.data.caching.enabled = true (custom)
2020-04-15 04:09:17,648 [pool-83-thread-1] INFO  segmented.SegmentedRaftLogWorker (SegmentedRaftLogWorker.java:lambda$new$0(129)) - 45a63c2d-5a1c-471d-92ad-27f15c6268a3@group-3A19E40C7583-SegmentedRaftLogWorker: flushIndex: setUnconditionally 0 -> -1
2020-04-15 04:09:17,704 [pool-83-thread-1] INFO  server.RaftServerConfigKeys (ConfUtils.java:logGet(44)) - raft.server.snapshot.auto.trigger.enabled = true (custom)
2020-04-15 04:09:17,705 [pool-83-thread-1] INFO  server.RaftServerConfigKeys (ConfUtils.java:logGet(44)) - raft.server.snapshot.auto.trigger.threshold = 10000 (custom)
2020-04-15 04:09:17,705 [pool-83-thread-1] INFO  server.RaftServerConfigKeys (ConfUtils.java:logGet(44)) - raft.server.snapshot.retention.file.num = 5 (custom)
2020-04-15 04:09:17,705 [pool-83-thread-1] INFO  server.RaftServerConfigKeys (ConfUtils.java:logGet(44)) - raft.server.retrycache.expirytime = 600000ms (custom)
2020-04-15 04:09:17,705 [pool-83-thread-1] INFO  metrics.RatisMetrics (RatisMetrics.java:lambda$create$0(39)) - Creating Metrics Registry : ratis.leader_election.45a63c2d-5a1c-471d-92ad-27f15c6268a3@group-3A19E40C7583
2020-04-15 04:09:17,861 [grpc-default-executor-7] WARN  server.GrpcServerProtocolService (LogUtils.java:warn(124)) - e7d22208-90f1-4c2d-8da4-8182bc2fedbb: Failed requestVote e9b38915-e851-41b1-8884-0e332c6a8248->e7d22208-90f1-4c2d-8da4-8182bc2fedbb#0
org.apache.ratis.protocol.GroupMismatchException: e7d22208-90f1-4c2d-8da4-8182bc2fedbb: group-3A19E40C7583 not found.
	at org.apache.ratis.server.impl.RaftServerProxy$ImplMap.get(RaftServerProxy.java:122)
	at org.apache.ratis.server.impl.RaftServerProxy.getImplFuture(RaftServerProxy.java:269)
	at org.apache.ratis.server.impl.RaftServerProxy.getImpl(RaftServerProxy.java:278)
	at org.apache.ratis.server.impl.RaftServerProxy.getImpl(RaftServerProxy.java:273)
	at org.apache.ratis.server.impl.RaftServerProxy.requestVote(RaftServerProxy.java:445)
	at org.apache.ratis.grpc.server.GrpcServerProtocolService.requestVote(GrpcServerProtocolService.java:166)
	at org.apache.ratis.proto.grpc.RaftServerProtocolServiceGrpc$MethodHandlers.invoke(RaftServerProtocolServiceGrpc.java:316)
	at org.apache.ratis.thirdparty.io.grpc.stub.ServerCalls$UnaryServerCallHandler$UnaryServerCallListener.onHalfClose(ServerCalls.java:172)
	at org.apache.ratis.thirdparty.io.grpc.internal.ServerCallImpl$ServerStreamListenerImpl.halfClosed(ServerCallImpl.java:331)
	at org.apache.ratis.thirdparty.io.grpc.internal.ServerImpl$JumpToApplicationThreadServerStreamListener$1HalfClosed.runInContext(ServerImpl.java:814)
	at org.apache.ratis.thirdparty.io.grpc.internal.ContextRunnable.run(ContextRunnable.java:37)
	at org.apache.ratis.thirdparty.io.grpc.internal.SerializingExecutor.run(SerializingExecutor.java:123)
	at java.util.concurrent.ThreadPoolExecutor.runWorker(ThreadPoolExecutor.java:1149)
	at java.util.concurrent.ThreadPoolExecutor$Worker.run(ThreadPoolExecutor.java:624)
	at java.lang.Thread.run(Thread.java:748)
2020-04-15 04:09:17,940 [pool-83-thread-1] INFO  metrics.RatisMetrics (RatisMetrics.java:lambda$create$0(39)) - Creating Metrics Registry : ratis.server.45a63c2d-5a1c-471d-92ad-27f15c6268a3@group-3A19E40C7583
2020-04-15 04:09:17,952 [pool-83-thread-1] INFO  impl.RaftServerImpl (RaftServerImpl.java:start(183)) - 45a63c2d-5a1c-471d-92ad-27f15c6268a3@group-3A19E40C7583: start as a follower, conf=-1: [e9b38915-e851-41b1-8884-0e332c6a8248:172.17.0.2:46057, 45a63c2d-5a1c-471d-92ad-27f15c6268a3:172.17.0.2:46295, e7d22208-90f1-4c2d-8da4-8182bc2fedbb:172.17.0.2:37613], old=null
2020-04-15 04:09:17,952 [pool-83-thread-1] INFO  impl.RaftServerImpl (RaftServerImpl.java:setRole(172)) - 45a63c2d-5a1c-471d-92ad-27f15c6268a3@group-3A19E40C7583: changes role from      null to FOLLOWER at term 0 for startAsFollower
2020-04-15 04:09:17,952 [pool-83-thread-1] INFO  impl.RoleInfo (RoleInfo.java:updateAndGet(143)) - 45a63c2d-5a1c-471d-92ad-27f15c6268a3: start FollowerState
2020-04-15 04:09:17,952 [grpc-default-executor-0] WARN  server.GrpcServerProtocolService (LogUtils.java:warn(122)) - 45a63c2d-5a1c-471d-92ad-27f15c6268a3: Failed requestVote e9b38915-e851-41b1-8884-0e332c6a8248->45a63c2d-5a1c-471d-92ad-27f15c6268a3#0: org.apache.ratis.protocol.ServerNotReadyException: 45a63c2d-5a1c-471d-92ad-27f15c6268a3@group-3A19E40C7583 is not in [RUNNING]: current state is STARTING
2020-04-15 04:09:17,987 [pool-83-thread-1] INFO  util.JmxRegister (JmxRegister.java:tryRegister(44)) - Successfully registered JMX Bean with object name Ratis:service=RaftServer,group=group-3A19E40C7583,id=45a63c2d-5a1c-471d-92ad-27f15c6268a3
2020-04-15 04:09:18,269 [pool-83-thread-1] INFO  metrics.RatisMetrics (RatisMetrics.java:lambda$create$0(39)) - Creating Metrics Registry : ratis.state_machine.45a63c2d-5a1c-471d-92ad-27f15c6268a3@group-3A19E40C7583
2020-04-15 04:09:18,214 [omNode-1@group-6C22E66A003A-LeaderElection29] INFO  impl.LeaderElection (LeaderElection.java:logAndReturn(61)) - omNode-1@group-6C22E66A003A-LeaderElection29: Election TIMEOUT; received 0 response(s) [] and 0 exception(s); omNode-1@group-6C22E66A003A:t54, leader=null, voted=omNode-1, raftlog=omNode-1@group-6C22E66A003A-SegmentedRaftLog:OPENED:c-1,f0,i0, conf=0: [omNode-3:localhost:11644, omNode-1:localhost:11632, omNode-2:localhost:11638], old=null
2020-04-15 04:09:18,765 [Thread-636] INFO  impl.FollowerState (FollowerState.java:run(108)) - omNode-3@group-6C22E66A003A-FollowerState: change to CANDIDATE, lastRpcTime:1704ms, electionTimeout:1071ms
2020-04-15 04:09:18,765 [Thread-636] INFO  impl.RoleInfo (RoleInfo.java:shutdownFollowerState(121)) - omNode-3: shutdown FollowerState
2020-04-15 04:09:18,765 [Thread-636] INFO  impl.RaftServerImpl (RaftServerImpl.java:setRole(172)) - omNode-3@group-6C22E66A003A: changes role from  FOLLOWER to CANDIDATE at term 54 for changeToCandidate
2020-04-15 04:09:18,765 [Thread-636] INFO  impl.RoleInfo (RoleInfo.java:updateAndGet(143)) - omNode-3: start LeaderElection
2020-04-15 04:09:18,184 [omNode-2@group-6C22E66A003A-LeaderElection23] INFO  impl.LeaderElection (LeaderElection.java:logAndReturn(61)) - omNode-2@group-6C22E66A003A-LeaderElection23: Election TIMEOUT; received 0 response(s) [] and 0 exception(s); omNode-2@group-6C22E66A003A:t55, leader=null, voted=omNode-2, raftlog=omNode-2@group-6C22E66A003A-SegmentedRaftLog:OPENED:c0,f0,i0, conf=0: [omNode-3:localhost:11644, omNode-1:localhost:11632, omNode-2:localhost:11638], old=null
2020-04-15 04:09:18,699 [grpc-default-executor-8] INFO  impl.RaftServerImpl (RaftServerImpl.java:setRole(172)) - 45a63c2d-5a1c-471d-92ad-27f15c6268a3@group-3A19E40C7583: changes role from  FOLLOWER to FOLLOWER at term 2 for recognizeCandidate:e9b38915-e851-41b1-8884-0e332c6a8248
2020-04-15 04:09:18,788 [grpc-default-executor-8] INFO  impl.RoleInfo (RoleInfo.java:shutdownFollowerState(121)) - 45a63c2d-5a1c-471d-92ad-27f15c6268a3: shutdown FollowerState
2020-04-15 04:09:18,641 [IPC Server handler 16 on 40289] WARN  ipc.Server (Server.java:processResponse(1523)) - IPC Server handler 16 on 40289, call Call#151 Retry#0 org.apache.hadoop.ozone.protocol.StorageContainerDatanodeProtocol.submitRequest from 172.17.0.2:47146: output error
2020-04-15 04:09:18,790 [IPC Server handler 16 on 40289] INFO  ipc.Server (Server.java:run(2695)) - IPC Server handler 16 on 40289 caught an exception
java.io.IOException: Broken pipe
	at sun.nio.ch.FileDispatcherImpl.write0(Native Method)
	at sun.nio.ch.SocketDispatcher.write(SocketDispatcher.java:47)
	at sun.nio.ch.IOUtil.writeFromNativeBuffer(IOUtil.java:93)
	at sun.nio.ch.IOUtil.write(IOUtil.java:65)
	at sun.nio.ch.SocketChannelImpl.write(SocketChannelImpl.java:471)
	at org.apache.hadoop.ipc.Server.channelWrite(Server.java:3250)
	at org.apache.hadoop.ipc.Server.access$1700(Server.java:137)
	at org.apache.hadoop.ipc.Server$Responder.processResponse(Server.java:1473)
	at org.apache.hadoop.ipc.Server$Responder.doRespond(Server.java:1543)
	at org.apache.hadoop.ipc.Server$Connection.sendResponse(Server.java:2593)
	at org.apache.hadoop.ipc.Server$Connection.access$300(Server.java:1615)
	at org.apache.hadoop.ipc.Server$RpcCall.doResponse(Server.java:940)
	at org.apache.hadoop.ipc.Server$Call.sendResponse(Server.java:774)
	at org.apache.hadoop.ipc.Server$RpcCall.run(Server.java:885)
	at org.apache.hadoop.ipc.Server$RpcCall.run(Server.java:822)
	at java.security.AccessController.doPrivileged(Native Method)
	at javax.security.auth.Subject.doAs(Subject.java:422)
	at org.apache.hadoop.security.UserGroupInformation.doAs(UserGroupInformation.java:1730)
	at org.apache.hadoop.ipc.Server$Handler.run(Server.java:2682)
2020-04-15 04:09:18,640 [grpc-default-executor-2] INFO  impl.RaftServerImpl (RaftServerImpl.java:setRole(172)) - omNode-1@group-6C22E66A003A: changes role from CANDIDATE to FOLLOWER at term 55 for recognizeCandidate:omNode-2
2020-04-15 04:09:18,790 [grpc-default-executor-2] INFO  impl.RoleInfo (RoleInfo.java:shutdownLeaderElection(134)) - omNode-1: shutdown LeaderElection
2020-04-15 04:09:18,629 [main] INFO  ozone.MiniOzoneClusterImpl (MiniOzoneClusterImpl.java:lambda$waitForClusterToBeReady$0(177)) - Nodes are ready. Got 3 of 3 DN Heartbeats.
2020-04-15 04:09:18,790 [main] INFO  ozone.MiniOzoneClusterImpl (MiniOzoneClusterImpl.java:lambda$waitForClusterToBeReady$0(180)) - Waiting for cluster to exit safe mode
2020-04-15 04:09:18,802 [IPC Server handler 1 on 40289] WARN  ipc.Server (Server.java:processResponse(1523)) - IPC Server handler 1 on 40289, call Call#152 Retry#0 org.apache.hadoop.ozone.protocol.StorageContainerDatanodeProtocol.submitRequest from 172.17.0.2:47146: output error
2020-04-15 04:09:18,835 [IPC Server handler 1 on 40289] INFO  ipc.Server (Server.java:run(2695)) - IPC Server handler 1 on 40289 caught an exception
java.nio.channels.ClosedChannelException
	at sun.nio.ch.SocketChannelImpl.ensureWriteOpen(SocketChannelImpl.java:270)
	at sun.nio.ch.SocketChannelImpl.write(SocketChannelImpl.java:461)
	at org.apache.hadoop.ipc.Server.channelWrite(Server.java:3250)
	at org.apache.hadoop.ipc.Server.access$1700(Server.java:137)
	at org.apache.hadoop.ipc.Server$Responder.processResponse(Server.java:1473)
	at org.apache.hadoop.ipc.Server$Responder.doRespond(Server.java:1543)
	at org.apache.hadoop.ipc.Server$Connection.sendResponse(Server.java:2593)
	at org.apache.hadoop.ipc.Server$Connection.access$300(Server.java:1615)
	at org.apache.hadoop.ipc.Server$RpcCall.doResponse(Server.java:940)
	at org.apache.hadoop.ipc.Server$Call.sendResponse(Server.java:774)
	at org.apache.hadoop.ipc.Server$RpcCall.run(Server.java:885)
	at org.apache.hadoop.ipc.Server$RpcCall.run(Server.java:822)
	at java.security.AccessController.doPrivileged(Native Method)
	at javax.security.auth.Subject.doAs(Subject.java:422)
	at org.apache.hadoop.security.UserGroupInformation.doAs(UserGroupInformation.java:1730)
	at org.apache.hadoop.ipc.Server$Handler.run(Server.java:2682)
2020-04-15 04:09:18,874 [grpc-default-executor-2] INFO  impl.RoleInfo (RoleInfo.java:updateAndGet(143)) - omNode-1: start FollowerState
2020-04-15 04:09:18,896 [Thread-641] INFO  impl.FollowerState (FollowerState.java:run(117)) - 45a63c2d-5a1c-471d-92ad-27f15c6268a3@group-3A19E40C7583-FollowerState was interrupted: java.lang.InterruptedException: sleep interrupted
2020-04-15 04:09:18,929 [grpc-default-executor-8] INFO  impl.RoleInfo (RoleInfo.java:updateAndGet(143)) - 45a63c2d-5a1c-471d-92ad-27f15c6268a3: start FollowerState
2020-04-15 04:09:19,293 [omNode-3@group-6C22E66A003A-LeaderElection30] INFO  impl.LeaderElection (LeaderElection.java:askForVotes(206)) - omNode-3@group-6C22E66A003A-LeaderElection30: begin an election at term 55 for -1: [omNode-3:localhost:11644, omNode-1:localhost:11632, omNode-2:localhost:11638], old=null
2020-04-15 04:09:19,988 [Thread-647] INFO  impl.FollowerState (FollowerState.java:run(108)) - omNode-1@group-6C22E66A003A-FollowerState: change to CANDIDATE, lastRpcTime:1113ms, electionTimeout:1000ms
2020-04-15 04:09:20,184 [main] INFO  ozone.MiniOzoneClusterImpl (MiniOzoneClusterImpl.java:lambda$waitForClusterToBeReady$0(177)) - Nodes are ready. Got 3 of 3 DN Heartbeats.
2020-04-15 04:09:21,468 [omNode-2@group-6C22E66A003A-LeaderElection23] INFO  impl.LeaderElection (LeaderElection.java:askForVotes(206)) - omNode-2@group-6C22E66A003A-LeaderElection23: begin an election at term 56 for 0: [omNode-3:localhost:11644, omNode-1:localhost:11632, omNode-2:localhost:11638], old=null
2020-04-15 04:09:21,424 [omNode-3@group-6C22E66A003A-LeaderElection30] INFO  impl.LeaderElection (LeaderElection.java:logAndReturn(61)) - omNode-3@group-6C22E66A003A-LeaderElection30: Election TIMEOUT; received 0 response(s) [] and 0 exception(s); omNode-3@group-6C22E66A003A:t55, leader=null, voted=omNode-3, raftlog=omNode-3@group-6C22E66A003A-SegmentedRaftLog:OPENED:c-1,f-1,i0, conf=-1: [omNode-3:localhost:11644, omNode-1:localhost:11632, omNode-2:localhost:11638], old=null
2020-04-15 04:09:21,008 [org.apache.hadoop.util.JvmPauseMonitor$Monitor@4ef3ffb3] INFO  util.JvmPauseMonitor (JvmPauseMonitor.java:run(205)) - Detected pause in JVM or host machine (eg GC): pause of approximately 1239ms
No GCs detected
2020-04-15 04:09:20,390 [Thread-647] INFO  impl.RoleInfo (RoleInfo.java:shutdownFollowerState(121)) - omNode-1: shutdown FollowerState
2020-04-15 04:09:21,679 [Thread-647] INFO  impl.RaftServerImpl (RaftServerImpl.java:setRole(172)) - omNode-1@group-6C22E66A003A: changes role from  FOLLOWER to CANDIDATE at term 55 for changeToCandidate
2020-04-15 04:09:21,593 [main] INFO  ozone.MiniOzoneClusterImpl (MiniOzoneClusterImpl.java:lambda$waitForClusterToBeReady$0(180)) - Waiting for cluster to exit safe mode
2020-04-15 04:09:21,729 [SCM Heartbeat Processing Thread - 0] ERROR node.NodeStateManager (NodeStateManager.java:checkNodesHealth(636)) - Total time spend processing datanode HB's is greater than configured values for datanode heartbeats. Please adjust the heartbeat configs. Time Spend on HB processing: 0 seconds Datanode heartbeat Interval: 100 seconds.
2020-04-15 04:09:21,831 [IPC Server handler 14 on 40289] INFO  ipc.Server (Server.java:run(869)) - IPC Server handler 14 on 40289: skipped Call#155 Retry#0 org.apache.hadoop.ozone.protocol.StorageContainerDatanodeProtocol.submitRequest from 172.17.0.2:47160
2020-04-15 04:09:21,831 [IPC Server handler 14 on 40289] INFO  ipc.Server (Server.java:run(869)) - IPC Server handler 14 on 40289: skipped Call#156 Retry#0 org.apache.hadoop.ozone.protocol.StorageContainerDatanodeProtocol.submitRequest from 172.17.0.2:47164
2020-04-15 04:09:21,831 [IPC Server handler 14 on 40289] INFO  ipc.Server (Server.java:run(869)) - IPC Server handler 14 on 40289: skipped Call#153 Retry#0 org.apache.hadoop.ozone.protocol.StorageContainerDatanodeProtocol.submitRequest from 172.17.0.2:47160
2020-04-15 04:09:21,831 [IPC Server handler 14 on 40289] INFO  ipc.Server (Server.java:run(869)) - IPC Server handler 14 on 40289: skipped Call#157 Retry#0 org.apache.hadoop.ozone.protocol.StorageContainerDatanodeProtocol.submitRequest from 172.17.0.2:47164
2020-04-15 04:09:21,831 [IPC Server handler 14 on 40289] INFO  ipc.Server (Server.java:run(869)) - IPC Server handler 14 on 40289: skipped Call#154 Retry#0 org.apache.hadoop.ozone.protocol.StorageContainerDatanodeProtocol.submitRequest from 172.17.0.2:47160
2020-04-15 04:09:21,831 [IPC Server handler 14 on 40289] INFO  ipc.Server (Server.java:run(869)) - IPC Server handler 14 on 40289: skipped Call#158 Retry#0 org.apache.hadoop.ozone.protocol.StorageContainerDatanodeProtocol.submitRequest from 172.17.0.2:47164
2020-04-15 04:09:21,987 [Thread-647] INFO  impl.RoleInfo (RoleInfo.java:updateAndGet(143)) - omNode-1: start LeaderElection
2020-04-15 04:09:22,033 [grpc-default-executor-8] INFO  impl.RaftServerImpl (RaftServerImpl.java:setRole(172)) - omNode-1@group-6C22E66A003A: changes role from CANDIDATE to FOLLOWER at term 55 for recognizeCandidate:omNode-3
2020-04-15 04:09:22,033 [grpc-default-executor-8] INFO  impl.RoleInfo (RoleInfo.java:shutdownLeaderElection(134)) - omNode-1: shutdown LeaderElection
2020-04-15 04:09:22,033 [grpc-default-executor-8] INFO  impl.RoleInfo (RoleInfo.java:updateAndGet(143)) - omNode-1: start FollowerState
2020-04-15 04:09:22,034 [omNode-1@group-6C22E66A003A-LeaderElection31] INFO  impl.LeaderElection (LeaderElection.java:run(155)) - omNode-1@group-6C22E66A003A-LeaderElection31: skip running since this is already CLOSING
2020-04-15 04:09:22,078 [e9b38915-e851-41b1-8884-0e332c6a8248@group-3A19E40C7583-LeaderElection27] INFO  impl.LeaderElection (LeaderElection.java:logAndReturn(61)) - e9b38915-e851-41b1-8884-0e332c6a8248@group-3A19E40C7583-LeaderElection27: Election TIMEOUT; received 0 response(s) [] and 0 exception(s); e9b38915-e851-41b1-8884-0e332c6a8248@group-3A19E40C7583:t2, leader=null, voted=e9b38915-e851-41b1-8884-0e332c6a8248, raftlog=e9b38915-e851-41b1-8884-0e332c6a8248@group-3A19E40C7583-SegmentedRaftLog:OPENED:c-1,f-1,i0, conf=-1: [e9b38915-e851-41b1-8884-0e332c6a8248:172.17.0.2:46057, 45a63c2d-5a1c-471d-92ad-27f15c6268a3:172.17.0.2:46295, e7d22208-90f1-4c2d-8da4-8182bc2fedbb:172.17.0.2:37613], old=null
2020-04-15 04:09:22,145 [omNode-3@group-6C22E66A003A-LeaderElection30] INFO  impl.LeaderElection (LeaderElection.java:askForVotes(206)) - omNode-3@group-6C22E66A003A-LeaderElection30: begin an election at term 56 for -1: [omNode-3:localhost:11644, omNode-1:localhost:11632, omNode-2:localhost:11638], old=null
2020-04-15 04:09:22,698 [main] INFO  ozone.MiniOzoneClusterImpl (MiniOzoneClusterImpl.java:lambda$waitForClusterToBeReady$0(177)) - Nodes are ready. Got 3 of 3 DN Heartbeats.
2020-04-15 04:09:22,830 [e9b38915-e851-41b1-8884-0e332c6a8248@group-3A19E40C7583-LeaderElection27] INFO  impl.LeaderElection (LeaderElection.java:askForVotes(206)) - e9b38915-e851-41b1-8884-0e332c6a8248@group-3A19E40C7583-LeaderElection27: begin an election at term 3 for -1: [e9b38915-e851-41b1-8884-0e332c6a8248:172.17.0.2:46057, 45a63c2d-5a1c-471d-92ad-27f15c6268a3:172.17.0.2:46295, e7d22208-90f1-4c2d-8da4-8182bc2fedbb:172.17.0.2:37613], old=null
2020-04-15 04:09:22,786 [grpc-default-executor-8] INFO  impl.RaftServerImpl (RaftServerImpl.java:setRole(172)) - omNode-1@group-6C22E66A003A: changes role from  FOLLOWER to FOLLOWER at term 56 for recognizeCandidate:omNode-2
2020-04-15 04:09:23,052 [grpc-default-executor-8] INFO  impl.RoleInfo (RoleInfo.java:shutdownFollowerState(121)) - omNode-1: shutdown FollowerState
2020-04-15 04:09:23,052 [Thread-656] INFO  impl.FollowerState (FollowerState.java:run(117)) - omNode-1@group-6C22E66A003A-FollowerState was interrupted: java.lang.InterruptedException: sleep interrupted
2020-04-15 04:09:23,052 [grpc-default-executor-8] INFO  impl.RoleInfo (RoleInfo.java:updateAndGet(143)) - omNode-1: start FollowerState
2020-04-15 04:09:23,040 [main] INFO  ozone.MiniOzoneClusterImpl (MiniOzoneClusterImpl.java:lambda$waitForClusterToBeReady$0(180)) - Waiting for cluster to exit safe mode
2020-04-15 04:09:23,075 [omNode-2@group-6C22E66A003A-LeaderElection23] INFO  impl.LeaderElection (LeaderElection.java:logAndReturn(61)) - omNode-2@group-6C22E66A003A-LeaderElection23: Election TIMEOUT; received 0 response(s) [] and 0 exception(s); omNode-2@group-6C22E66A003A:t56, leader=null, voted=omNode-2, raftlog=omNode-2@group-6C22E66A003A-SegmentedRaftLog:OPENED:c0,f0,i0, conf=0: [omNode-3:localhost:11644, omNode-1:localhost:11632, omNode-2:localhost:11638], old=null
2020-04-15 04:09:23,386 [omNode-2@group-6C22E66A003A-LeaderElection23] INFO  impl.LeaderElection (LeaderElection.java:askForVotes(206)) - omNode-2@group-6C22E66A003A-LeaderElection23: begin an election at term 57 for 0: [omNode-3:localhost:11644, omNode-1:localhost:11632, omNode-2:localhost:11638], old=null
2020-04-15 04:09:23,659 [omNode-3@group-6C22E66A003A-LeaderElection30] INFO  impl.LeaderElection (LeaderElection.java:logAndReturn(61)) - omNode-3@group-6C22E66A003A-LeaderElection30: Election TIMEOUT; received 0 response(s) [] and 0 exception(s); omNode-3@group-6C22E66A003A:t56, leader=null, voted=omNode-3, raftlog=omNode-3@group-6C22E66A003A-SegmentedRaftLog:OPENED:c-1,f-1,i0, conf=-1: [omNode-3:localhost:11644, omNode-1:localhost:11632, omNode-2:localhost:11638], old=null
2020-04-15 04:09:24,214 [main] INFO  ozone.MiniOzoneClusterImpl (MiniOzoneClusterImpl.java:lambda$waitForClusterToBeReady$0(177)) - Nodes are ready. Got 3 of 3 DN Heartbeats.
2020-04-15 04:09:24,421 [main] INFO  ozone.MiniOzoneClusterImpl (MiniOzoneClusterImpl.java:lambda$waitForClusterToBeReady$0(180)) - Waiting for cluster to exit safe mode
2020-04-15 04:09:24,595 [omNode-3@group-6C22E66A003A-LeaderElection30] INFO  impl.LeaderElection (LeaderElection.java:askForVotes(206)) - omNode-3@group-6C22E66A003A-LeaderElection30: begin an election at term 57 for -1: [omNode-3:localhost:11644, omNode-1:localhost:11632, omNode-2:localhost:11638], old=null
2020-04-15 04:09:24,668 [Thread-648] INFO  impl.FollowerState (FollowerState.java:run(108)) - 45a63c2d-5a1c-471d-92ad-27f15c6268a3@group-3A19E40C7583-FollowerState: change to CANDIDATE, lastRpcTime:5738ms, electionTimeout:5039ms
2020-04-15 04:09:24,616 [Thread-659] INFO  impl.FollowerState (FollowerState.java:run(108)) - omNode-1@group-6C22E66A003A-FollowerState: change to CANDIDATE, lastRpcTime:1563ms, electionTimeout:1150ms
2020-04-15 04:09:25,028 [Thread-659] INFO  impl.RoleInfo (RoleInfo.java:shutdownFollowerState(121)) - omNode-1: shutdown FollowerState
2020-04-15 04:09:25,061 [grpc-default-executor-0] WARN  server.GrpcServerProtocolService (LogUtils.java:warn(124)) - e7d22208-90f1-4c2d-8da4-8182bc2fedbb: Failed requestVote e9b38915-e851-41b1-8884-0e332c6a8248->e7d22208-90f1-4c2d-8da4-8182bc2fedbb#0
org.apache.ratis.protocol.GroupMismatchException: e7d22208-90f1-4c2d-8da4-8182bc2fedbb: group-3A19E40C7583 not found.
	at org.apache.ratis.server.impl.RaftServerProxy$ImplMap.get(RaftServerProxy.java:122)
	at org.apache.ratis.server.impl.RaftServerProxy.getImplFuture(RaftServerProxy.java:269)
	at org.apache.ratis.server.impl.RaftServerProxy.getImpl(RaftServerProxy.java:278)
	at org.apache.ratis.server.impl.RaftServerProxy.getImpl(RaftServerProxy.java:273)
	at org.apache.ratis.server.impl.RaftServerProxy.requestVote(RaftServerProxy.java:445)
	at org.apache.ratis.grpc.server.GrpcServerProtocolService.requestVote(GrpcServerProtocolService.java:166)
	at org.apache.ratis.proto.grpc.RaftServerProtocolServiceGrpc$MethodHandlers.invoke(RaftServerProtocolServiceGrpc.java:316)
	at org.apache.ratis.thirdparty.io.grpc.stub.ServerCalls$UnaryServerCallHandler$UnaryServerCallListener.onHalfClose(ServerCalls.java:172)
	at org.apache.ratis.thirdparty.io.grpc.internal.ServerCallImpl$ServerStreamListenerImpl.halfClosed(ServerCallImpl.java:331)
	at org.apache.ratis.thirdparty.io.grpc.internal.ServerImpl$JumpToApplicationThreadServerStreamListener$1HalfClosed.runInContext(ServerImpl.java:814)
	at org.apache.ratis.thirdparty.io.grpc.internal.ContextRunnable.run(ContextRunnable.java:37)
	at org.apache.ratis.thirdparty.io.grpc.internal.SerializingExecutor.run(SerializingExecutor.java:123)
	at java.util.concurrent.ThreadPoolExecutor.runWorker(ThreadPoolExecutor.java:1149)
	at java.util.concurrent.ThreadPoolExecutor$Worker.run(ThreadPoolExecutor.java:624)
	at java.lang.Thread.run(Thread.java:748)
2020-04-15 04:09:25,139 [Thread-659] INFO  impl.RaftServerImpl (RaftServerImpl.java:setRole(172)) - omNode-1@group-6C22E66A003A: changes role from  FOLLOWER to CANDIDATE at term 56 for changeToCandidate
2020-04-15 04:09:25,281 [Thread-659] INFO  impl.RoleInfo (RoleInfo.java:updateAndGet(143)) - omNode-1: start LeaderElection
2020-04-15 04:09:25,282 [Thread-648] INFO  impl.RoleInfo (RoleInfo.java:shutdownFollowerState(121)) - 45a63c2d-5a1c-471d-92ad-27f15c6268a3: shutdown FollowerState
2020-04-15 04:09:25,282 [Thread-648] INFO  impl.RaftServerImpl (RaftServerImpl.java:setRole(172)) - 45a63c2d-5a1c-471d-92ad-27f15c6268a3@group-3A19E40C7583: changes role from  FOLLOWER to CANDIDATE at term 2 for changeToCandidate
2020-04-15 04:09:25,295 [Thread-648] INFO  impl.RoleInfo (RoleInfo.java:updateAndGet(143)) - 45a63c2d-5a1c-471d-92ad-27f15c6268a3: start LeaderElection
2020-04-15 04:09:25,751 [omNode-2@group-6C22E66A003A-LeaderElection23] INFO  impl.LeaderElection (LeaderElection.java:logAndReturn(61)) - omNode-2@group-6C22E66A003A-LeaderElection23: Election TIMEOUT; received 0 response(s) [] and 0 exception(s); omNode-2@group-6C22E66A003A:t57, leader=null, voted=omNode-2, raftlog=omNode-2@group-6C22E66A003A-SegmentedRaftLog:OPENED:c0,f0,i0, conf=0: [omNode-3:localhost:11644, omNode-1:localhost:11632, omNode-2:localhost:11638], old=null
2020-04-15 04:09:25,427 [main] INFO  ozone.MiniOzoneClusterImpl (MiniOzoneClusterImpl.java:lambda$waitForClusterToBeReady$0(177)) - Nodes are ready. Got 3 of 3 DN Heartbeats.
2020-04-15 04:09:25,751 [main] INFO  ozone.MiniOzoneClusterImpl (MiniOzoneClusterImpl.java:lambda$waitForClusterToBeReady$0(180)) - Waiting for cluster to exit safe mode
2020-04-15 04:09:25,805 [grpc-default-executor-1] INFO  impl.RaftServerImpl (RaftServerImpl.java:setRole(172)) - 45a63c2d-5a1c-471d-92ad-27f15c6268a3@group-3A19E40C7583: changes role from CANDIDATE to FOLLOWER at term 3 for recognizeCandidate:e9b38915-e851-41b1-8884-0e332c6a8248
2020-04-15 04:09:25,827 [grpc-default-executor-1] INFO  impl.RoleInfo (RoleInfo.java:shutdownLeaderElection(134)) - 45a63c2d-5a1c-471d-92ad-27f15c6268a3: shutdown LeaderElection
2020-04-15 04:09:25,827 [grpc-default-executor-1] INFO  impl.RoleInfo (RoleInfo.java:updateAndGet(143)) - 45a63c2d-5a1c-471d-92ad-27f15c6268a3: start FollowerState
2020-04-15 04:09:25,862 [45a63c2d-5a1c-471d-92ad-27f15c6268a3@group-3A19E40C7583-LeaderElection33] INFO  impl.LeaderElection (LeaderElection.java:run(155)) - 45a63c2d-5a1c-471d-92ad-27f15c6268a3@group-3A19E40C7583-LeaderElection33: skip running since this is already CLOSING
2020-04-15 04:09:25,885 [IPC Server handler 3 on 40289] WARN  ipc.Server (Server.java:processResponse(1523)) - IPC Server handler 3 on 40289, call Call#161 Retry#0 org.apache.hadoop.ozone.protocol.StorageContainerDatanodeProtocol.submitRequest from 172.17.0.2:47176: output error
2020-04-15 04:09:25,885 [IPC Server handler 3 on 40289] INFO  ipc.Server (Server.java:run(2695)) - IPC Server handler 3 on 40289 caught an exception
java.io.IOException: Broken pipe
	at sun.nio.ch.FileDispatcherImpl.write0(Native Method)
	at sun.nio.ch.SocketDispatcher.write(SocketDispatcher.java:47)
	at sun.nio.ch.IOUtil.writeFromNativeBuffer(IOUtil.java:93)
	at sun.nio.ch.IOUtil.write(IOUtil.java:65)
	at sun.nio.ch.SocketChannelImpl.write(SocketChannelImpl.java:471)
	at org.apache.hadoop.ipc.Server.channelWrite(Server.java:3250)
	at org.apache.hadoop.ipc.Server.access$1700(Server.java:137)
	at org.apache.hadoop.ipc.Server$Responder.processResponse(Server.java:1473)
	at org.apache.hadoop.ipc.Server$Responder.doRespond(Server.java:1543)
	at org.apache.hadoop.ipc.Server$Connection.sendResponse(Server.java:2593)
	at org.apache.hadoop.ipc.Server$Connection.access$300(Server.java:1615)
	at org.apache.hadoop.ipc.Server$RpcCall.doResponse(Server.java:940)
	at org.apache.hadoop.ipc.Server$Call.sendResponse(Server.java:774)
	at org.apache.hadoop.ipc.Server$RpcCall.run(Server.java:885)
	at org.apache.hadoop.ipc.Server$RpcCall.run(Server.java:822)
	at java.security.AccessController.doPrivileged(Native Method)
	at javax.security.auth.Subject.doAs(Subject.java:422)
	at org.apache.hadoop.security.UserGroupInformation.doAs(UserGroupInformation.java:1730)
	at org.apache.hadoop.ipc.Server$Handler.run(Server.java:2682)
2020-04-15 04:09:25,937 [e9b38915-e851-41b1-8884-0e332c6a8248@group-3A19E40C7583-LeaderElection27] INFO  impl.LeaderElection (LogUtils.java:infoOrTrace(137)) - e9b38915-e851-41b1-8884-0e332c6a8248@group-3A19E40C7583-LeaderElection27 got exception when requesting votes: java.util.concurrent.ExecutionException: org.apache.ratis.thirdparty.io.grpc.StatusRuntimeException: INTERNAL: e7d22208-90f1-4c2d-8da4-8182bc2fedbb: group-3A19E40C7583 not found.
2020-04-15 04:09:25,938 [IPC Server handler 4 on 40289] WARN  ipc.Server (Server.java:processResponse(1523)) - IPC Server handler 4 on 40289, call Call#163 Retry#0 org.apache.hadoop.ozone.protocol.StorageContainerDatanodeProtocol.submitRequest from 172.17.0.2:47190: output error
2020-04-15 04:09:25,938 [IPC Server handler 4 on 40289] INFO  ipc.Server (Server.java:run(2695)) - IPC Server handler 4 on 40289 caught an exception
java.io.IOException: Broken pipe
	at sun.nio.ch.FileDispatcherImpl.write0(Native Method)
	at sun.nio.ch.SocketDispatcher.write(SocketDispatcher.java:47)
	at sun.nio.ch.IOUtil.writeFromNativeBuffer(IOUtil.java:93)
	at sun.nio.ch.IOUtil.write(IOUtil.java:65)
	at sun.nio.ch.SocketChannelImpl.write(SocketChannelImpl.java:471)
	at org.apache.hadoop.ipc.Server.channelWrite(Server.java:3250)
	at org.apache.hadoop.ipc.Server.access$1700(Server.java:137)
	at org.apache.hadoop.ipc.Server$Responder.processResponse(Server.java:1473)
	at org.apache.hadoop.ipc.Server$Responder.doRespond(Server.java:1543)
	at org.apache.hadoop.ipc.Server$Connection.sendResponse(Server.java:2593)
	at org.apache.hadoop.ipc.Server$Connection.access$300(Server.java:1615)
	at org.apache.hadoop.ipc.Server$RpcCall.doResponse(Server.java:940)
	at org.apache.hadoop.ipc.Server$Call.sendResponse(Server.java:774)
	at org.apache.hadoop.ipc.Server$RpcCall.run(Server.java:885)
	at org.apache.hadoop.ipc.Server$RpcCall.run(Server.java:822)
	at java.security.AccessController.doPrivileged(Native Method)
	at javax.security.auth.Subject.doAs(Subject.java:422)
	at org.apache.hadoop.security.UserGroupInformation.doAs(UserGroupInformation.java:1730)
	at org.apache.hadoop.ipc.Server$Handler.run(Server.java:2682)
2020-04-15 04:09:26,155 [omNode-1@group-6C22E66A003A-LeaderElection32] INFO  impl.LeaderElection (LeaderElection.java:askForVotes(206)) - omNode-1@group-6C22E66A003A-LeaderElection32: begin an election at term 57 for 0: [omNode-3:localhost:11644, omNode-1:localhost:11632, omNode-2:localhost:11638], old=null
2020-04-15 04:09:26,221 [omNode-3@group-6C22E66A003A-LeaderElection30] INFO  impl.LeaderElection (LeaderElection.java:logAndReturn(61)) - omNode-3@group-6C22E66A003A-LeaderElection30: Election TIMEOUT; received 0 response(s) [] and 0 exception(s); omNode-3@group-6C22E66A003A:t57, leader=null, voted=omNode-3, raftlog=omNode-3@group-6C22E66A003A-SegmentedRaftLog:OPENED:c-1,f-1,i0, conf=-1: [omNode-3:localhost:11644, omNode-1:localhost:11632, omNode-2:localhost:11638], old=null
2020-04-15 04:09:26,210 [omNode-2@group-6C22E66A003A-LeaderElection23] INFO  impl.LeaderElection (LeaderElection.java:askForVotes(206)) - omNode-2@group-6C22E66A003A-LeaderElection23: begin an election at term 58 for 0: [omNode-3:localhost:11644, omNode-1:localhost:11632, omNode-2:localhost:11638], old=null
2020-04-15 04:09:26,556 [e9b38915-e851-41b1-8884-0e332c6a8248@group-3A19E40C7583-LeaderElection27] INFO  impl.LeaderElection (LeaderElection.java:logAndReturn(61)) - e9b38915-e851-41b1-8884-0e332c6a8248@group-3A19E40C7583-LeaderElection27: Election REJECTED; received 1 response(s) [e9b38915-e851-41b1-8884-0e332c6a8248<-45a63c2d-5a1c-471d-92ad-27f15c6268a3#0:FAIL-t3] and 1 exception(s); e9b38915-e851-41b1-8884-0e332c6a8248@group-3A19E40C7583:t3, leader=null, voted=e9b38915-e851-41b1-8884-0e332c6a8248, raftlog=e9b38915-e851-41b1-8884-0e332c6a8248@group-3A19E40C7583-SegmentedRaftLog:OPENED:c-1,f-1,i0, conf=-1: [e9b38915-e851-41b1-8884-0e332c6a8248:172.17.0.2:46057, 45a63c2d-5a1c-471d-92ad-27f15c6268a3:172.17.0.2:46295, e7d22208-90f1-4c2d-8da4-8182bc2fedbb:172.17.0.2:37613], old=null
2020-04-15 04:09:26,702 [e9b38915-e851-41b1-8884-0e332c6a8248@group-3A19E40C7583-LeaderElection27] INFO  impl.LeaderElection (LogUtils.java:infoOrTrace(137)) -   Exception 0: java.util.concurrent.ExecutionException: org.apache.ratis.thirdparty.io.grpc.StatusRuntimeException: INTERNAL: e7d22208-90f1-4c2d-8da4-8182bc2fedbb: group-3A19E40C7583 not found.
2020-04-15 04:09:26,856 [e9b38915-e851-41b1-8884-0e332c6a8248@group-3A19E40C7583-LeaderElection27] INFO  impl.RaftServerImpl (RaftServerImpl.java:setRole(172)) - e9b38915-e851-41b1-8884-0e332c6a8248@group-3A19E40C7583: changes role from CANDIDATE to FOLLOWER at term 3 for DISCOVERED_A_NEW_TERM
2020-04-15 04:09:26,857 [e9b38915-e851-41b1-8884-0e332c6a8248@group-3A19E40C7583-LeaderElection27] INFO  impl.RoleInfo (RoleInfo.java:shutdownLeaderElection(134)) - e9b38915-e851-41b1-8884-0e332c6a8248: shutdown LeaderElection
2020-04-15 04:09:26,857 [e9b38915-e851-41b1-8884-0e332c6a8248@group-3A19E40C7583-LeaderElection27] INFO  impl.RoleInfo (RoleInfo.java:updateAndGet(143)) - e9b38915-e851-41b1-8884-0e332c6a8248: start FollowerState
2020-04-15 04:09:26,926 [main] INFO  ozone.MiniOzoneClusterImpl (MiniOzoneClusterImpl.java:lambda$waitForClusterToBeReady$0(177)) - Nodes are ready. Got 3 of 3 DN Heartbeats.
2020-04-15 04:09:27,422 [main] INFO  ozone.MiniOzoneClusterImpl (MiniOzoneClusterImpl.java:lambda$waitForClusterToBeReady$0(180)) - Waiting for cluster to exit safe mode
2020-04-15 04:09:27,422 [omNode-3@group-6C22E66A003A-LeaderElection30] INFO  impl.LeaderElection (LeaderElection.java:askForVotes(206)) - omNode-3@group-6C22E66A003A-LeaderElection30: begin an election at term 58 for -1: [omNode-3:localhost:11644, omNode-1:localhost:11632, omNode-2:localhost:11638], old=null
2020-04-15 04:09:27,512 [grpc-default-executor-7] INFO  impl.RaftServerImpl (RaftServerImpl.java:setRole(172)) - omNode-1@group-6C22E66A003A: changes role from CANDIDATE to FOLLOWER at term 58 for recognizeCandidate:omNode-2
2020-04-15 04:09:27,512 [grpc-default-executor-7] INFO  impl.RoleInfo (RoleInfo.java:shutdownLeaderElection(134)) - omNode-1: shutdown LeaderElection
2020-04-15 04:09:27,456 [grpc-default-executor-1] INFO  impl.RaftServerProxy (RaftServerProxy.java:addNew(89)) - e7d22208-90f1-4c2d-8da4-8182bc2fedbb: addNew group-3A19E40C7583:[e9b38915-e851-41b1-8884-0e332c6a8248:172.17.0.2:46057, 45a63c2d-5a1c-471d-92ad-27f15c6268a3:172.17.0.2:46295, e7d22208-90f1-4c2d-8da4-8182bc2fedbb:172.17.0.2:37613] returns group-3A19E40C7583:java.util.concurrent.CompletableFuture@3e7fe766[Not completed]
2020-04-15 04:09:27,637 [omNode-1@group-6C22E66A003A-LeaderElection32] INFO  impl.LeaderElection (LeaderElection.java:logAndReturn(61)) - omNode-1@group-6C22E66A003A-LeaderElection32: Election REJECTED; received 0 response(s) [] and 0 exception(s); omNode-1@group-6C22E66A003A:t58, leader=null, voted=null, raftlog=omNode-1@group-6C22E66A003A-SegmentedRaftLog:OPENED:c-1,f0,i0, conf=0: [omNode-3:localhost:11644, omNode-1:localhost:11632, omNode-2:localhost:11638], old=null
2020-04-15 04:09:27,769 [grpc-default-executor-7] INFO  impl.RoleInfo (RoleInfo.java:updateAndGet(143)) - omNode-1: start FollowerState
2020-04-15 04:09:27,879 [omNode-2@group-6C22E66A003A-LeaderElection23] INFO  impl.LeaderElection (LeaderElection.java:logAndReturn(61)) - omNode-2@group-6C22E66A003A-LeaderElection23: Election TIMEOUT; received 0 response(s) [] and 0 exception(s); omNode-2@group-6C22E66A003A:t58, leader=null, voted=omNode-2, raftlog=omNode-2@group-6C22E66A003A-SegmentedRaftLog:OPENED:c0,f0,i0, conf=0: [omNode-3:localhost:11644, omNode-1:localhost:11632, omNode-2:localhost:11638], old=null
2020-04-15 04:09:28,086 [pool-68-thread-1] INFO  impl.RaftServerImpl (RaftServerImpl.java:<init>(97)) - e7d22208-90f1-4c2d-8da4-8182bc2fedbb: new RaftServerImpl for group-3A19E40C7583:[e9b38915-e851-41b1-8884-0e332c6a8248:172.17.0.2:46057, 45a63c2d-5a1c-471d-92ad-27f15c6268a3:172.17.0.2:46295, e7d22208-90f1-4c2d-8da4-8182bc2fedbb:172.17.0.2:37613] with ContainerStateMachine:uninitialized
2020-04-15 04:09:28,153 [omNode-2@group-6C22E66A003A-LeaderElection23] INFO  impl.LeaderElection (LeaderElection.java:askForVotes(206)) - omNode-2@group-6C22E66A003A-LeaderElection23: begin an election at term 59 for 0: [omNode-3:localhost:11644, omNode-1:localhost:11632, omNode-2:localhost:11638], old=null
2020-04-15 04:09:28,176 [pool-68-thread-1] INFO  server.RaftServerConfigKeys (ConfUtils.java:logGet(44)) - raft.server.rpc.timeout.min = 5s (custom)
2020-04-15 04:09:28,209 [pool-68-thread-1] INFO  server.RaftServerConfigKeys (ConfUtils.java:logGet(44)) - raft.server.rpc.timeout.max = 5200ms (custom)
2020-04-15 04:09:28,209 [pool-68-thread-1] INFO  server.RaftServerConfigKeys (ConfUtils.java:logGet(44)) - raft.server.rpcslowness.timeout = 300s (custom)
2020-04-15 04:09:28,209 [pool-68-thread-1] INFO  server.RaftServerConfigKeys (ConfUtils.java:logGet(44)) - raft.server.sleep.deviation.threshold = 300 (default)
2020-04-15 04:09:28,209 [pool-68-thread-1] INFO  server.RaftServerConfigKeys (ConfUtils.java:logGet(44)) - raft.server.log.appender.install.snapshot.enabled = false (custom)
2020-04-15 04:09:28,210 [pool-68-thread-1] INFO  impl.RaftServerImpl (ServerState.java:<init>(103)) - e7d22208-90f1-4c2d-8da4-8182bc2fedbb@group-3A19E40C7583: ConfigurationManager, init=-1: [e9b38915-e851-41b1-8884-0e332c6a8248:172.17.0.2:46057, 45a63c2d-5a1c-471d-92ad-27f15c6268a3:172.17.0.2:46295, e7d22208-90f1-4c2d-8da4-8182bc2fedbb:172.17.0.2:37613], old=null, confs=<EMPTY_MAP>
2020-04-15 04:09:28,210 [pool-68-thread-1] INFO  server.RaftServerConfigKeys (ConfUtils.java:logGet(44)) - raft.server.storage.dir = [/github/workspace/hadoop-ozone/integration-test/target/test-dir/MiniOzoneClusterImpl-0135e7b1-1d2a-4fbb-b7c0-5297c589a039/datanode-0/data/ratis] (custom)
2020-04-15 04:09:28,210 [pool-68-thread-1] INFO  server.RaftServerConfigKeys (ConfUtils.java:logGet(44)) - raft.server.log.corruption.policy = EXCEPTION (default)
2020-04-15 04:09:28,264 [grpc-default-executor-8] INFO  impl.RaftServerImpl (RaftServerImpl.java:setRole(172)) - omNode-1@group-6C22E66A003A: changes role from  FOLLOWER to FOLLOWER at term 58 for recognizeCandidate:omNode-3
2020-04-15 04:09:28,264 [grpc-default-executor-8] INFO  impl.RoleInfo (RoleInfo.java:shutdownFollowerState(121)) - omNode-1: shutdown FollowerState
2020-04-15 04:09:28,287 [pool-68-thread-1] INFO  storage.RaftStorageDirectory (RaftStorageDirectory.java:analyzeStorage(253)) - The storage directory /github/workspace/hadoop-ozone/integration-test/target/test-dir/MiniOzoneClusterImpl-0135e7b1-1d2a-4fbb-b7c0-5297c589a039/datanode-0/data/ratis/a9f0531e-c35a-494a-b307-3a19e40c7583 does not exist. Creating ...
2020-04-15 04:09:28,353 [grpc-default-executor-8] INFO  impl.RoleInfo (RoleInfo.java:updateAndGet(143)) - omNode-1: start FollowerState
2020-04-15 04:09:28,331 [Thread-678] INFO  impl.FollowerState (FollowerState.java:run(117)) - omNode-1@group-6C22E66A003A-FollowerState was interrupted: java.lang.InterruptedException: sleep interrupted
2020-04-15 04:09:28,466 [pool-68-thread-1] INFO  storage.RaftStorageDirectory (RaftStorageDirectory.java:tryLock(335)) - Lock on /github/workspace/hadoop-ozone/integration-test/target/test-dir/MiniOzoneClusterImpl-0135e7b1-1d2a-4fbb-b7c0-5297c589a039/datanode-0/data/ratis/a9f0531e-c35a-494a-b307-3a19e40c7583/in_use.lock acquired by nodename 8286@edabee8e3155
2020-04-15 04:09:28,492 [main] INFO  ozone.MiniOzoneClusterImpl (MiniOzoneClusterImpl.java:lambda$waitForClusterToBeReady$0(177)) - Nodes are ready. Got 3 of 3 DN Heartbeats.
2020-04-15 04:09:28,562 [main] INFO  ozone.MiniOzoneClusterImpl (MiniOzoneClusterImpl.java:lambda$waitForClusterToBeReady$0(180)) - Waiting for cluster to exit safe mode
2020-04-15 04:09:28,526 [pool-68-thread-1] INFO  storage.RaftStorage (RaftStorage.java:format(84)) - Storage directory /github/workspace/hadoop-ozone/integration-test/target/test-dir/MiniOzoneClusterImpl-0135e7b1-1d2a-4fbb-b7c0-5297c589a039/datanode-0/data/ratis/a9f0531e-c35a-494a-b307-3a19e40c7583 has been successfully formatted.
2020-04-15 04:09:28,562 [pool-68-thread-1] INFO  ratis.ContainerStateMachine (ContainerStateMachine.java:loadSnapshot(233)) - group-3A19E40C7583: The snapshot info is null. Setting the last applied indexto:(t:0, i:~)
2020-04-15 04:09:28,562 [pool-68-thread-1] INFO  server.RaftServerConfigKeys (ConfUtils.java:logGet(44)) - raft.server.notification.no-leader.timeout = 60s (default)
2020-04-15 04:09:28,562 [pool-68-thread-1] INFO  server.RaftServerConfigKeys (ConfUtils.java:logGet(44)) - raft.server.log.use.memory = false (default)
2020-04-15 04:09:28,562 [pool-68-thread-1] INFO  server.RaftServerConfigKeys (ConfUtils.java:logGet(44)) - raft.server.log.purge.gap = 1000000 (custom)
2020-04-15 04:09:28,584 [pool-68-thread-1] INFO  server.RaftServerConfigKeys (ConfUtils.java:logGet(44)) - raft.server.log.appender.buffer.byte-limit = 33554432 (custom)
2020-04-15 04:09:28,650 [pool-68-thread-1] INFO  server.RaftServerConfigKeys (ConfUtils.java:logGet(44)) - raft.server.log.segment.size.max = 1048576 (custom)
2020-04-15 04:09:28,638 [omNode-3@group-6C22E66A003A-LeaderElection30] INFO  impl.LeaderElection (LeaderElection.java:logAndReturn(61)) - omNode-3@group-6C22E66A003A-LeaderElection30: Election DISCOVERED_A_NEW_TERM; received 1 response(s) [omNode-3<-omNode-2#0:FAIL-t59] and 0 exception(s); omNode-3@group-6C22E66A003A:t58, leader=null, voted=omNode-3, raftlog=omNode-3@group-6C22E66A003A-SegmentedRaftLog:OPENED:c-1,f-1,i0, conf=-1: [omNode-3:localhost:11644, omNode-1:localhost:11632, omNode-2:localhost:11638], old=null
2020-04-15 04:09:28,694 [pool-68-thread-1] INFO  metrics.RatisMetrics (RatisMetrics.java:lambda$create$0(39)) - Creating Metrics Registry : ratis.log_worker.e7d22208-90f1-4c2d-8da4-8182bc2fedbb
2020-04-15 04:09:28,695 [omNode-3@group-6C22E66A003A-LeaderElection30] INFO  impl.RaftServerImpl (RaftServerImpl.java:setRole(172)) - omNode-3@group-6C22E66A003A: changes role from CANDIDATE to FOLLOWER at term 59 for DISCOVERED_A_NEW_TERM
2020-04-15 04:09:28,809 [omNode-3@group-6C22E66A003A-LeaderElection30] INFO  impl.RoleInfo (RoleInfo.java:shutdownLeaderElection(134)) - omNode-3: shutdown LeaderElection
2020-04-15 04:09:28,754 [pool-68-thread-1] INFO  server.RaftServerConfigKeys (ConfUtils.java:logGet(44)) - raft.server.log.segment.cache.num.max = 2 (custom)
2020-04-15 04:09:28,841 [omNode-3@group-6C22E66A003A-LeaderElection30] INFO  impl.RoleInfo (RoleInfo.java:updateAndGet(143)) - omNode-3: start FollowerState
2020-04-15 04:09:28,884 [pool-68-thread-1] INFO  segmented.SegmentedRaftLogWorker (SegmentedRaftLogWorker.java:<init>(176)) - new e7d22208-90f1-4c2d-8da4-8182bc2fedbb@group-3A19E40C7583-SegmentedRaftLogWorker for RaftStorage:Storage Directory /github/workspace/hadoop-ozone/integration-test/target/test-dir/MiniOzoneClusterImpl-0135e7b1-1d2a-4fbb-b7c0-5297c589a039/datanode-0/data/ratis/a9f0531e-c35a-494a-b307-3a19e40c7583
2020-04-15 04:09:28,928 [pool-68-thread-1] INFO  server.RaftServerConfigKeys (ConfUtils.java:logGet(44)) - raft.server.log.queue.byte-limit = 2147483647 (custom)
2020-04-15 04:09:28,928 [pool-68-thread-1] INFO  server.RaftServerConfigKeys (ConfUtils.java:logGet(44)) - raft.server.log.queue.element-limit = 1024 (custom)
2020-04-15 04:09:28,928 [pool-68-thread-1] INFO  server.RaftServerConfigKeys (ConfUtils.java:logGet(44)) - raft.server.log.segment.size.max = 1048576 (custom)
2020-04-15 04:09:28,928 [pool-68-thread-1] INFO  server.RaftServerConfigKeys (ConfUtils.java:logGet(44)) - raft.server.log.preallocated.size = 16384 (custom)
2020-04-15 04:09:28,928 [grpc-default-executor-8] INFO  impl.RaftServerImpl (RaftServerImpl.java:setRole(172)) - omNode-1@group-6C22E66A003A: changes role from  FOLLOWER to FOLLOWER at term 59 for recognizeCandidate:omNode-2
2020-04-15 04:09:28,940 [grpc-default-executor-8] INFO  impl.RoleInfo (RoleInfo.java:shutdownFollowerState(121)) - omNode-1: shutdown FollowerState
2020-04-15 04:09:28,929 [pool-68-thread-1] INFO  server.RaftServerConfigKeys (ConfUtils.java:logGet(44)) - raft.server.log.write.buffer.size = 1048576 (custom)
2020-04-15 04:09:28,940 [Thread-682] INFO  impl.FollowerState (FollowerState.java:run(117)) - omNode-1@group-6C22E66A003A-FollowerState was interrupted: java.lang.InterruptedException: sleep interrupted
2020-04-15 04:09:28,940 [pool-68-thread-1] INFO  server.RaftServerConfigKeys (ConfUtils.java:logGet(44)) - raft.server.log.force.sync.num = 128 (default)
2020-04-15 04:09:28,941 [pool-68-thread-1] INFO  server.RaftServerConfigKeys (ConfUtils.java:logGet(44)) - raft.server.log.statemachine.data.sync = true (default)
2020-04-15 04:09:28,942 [pool-68-thread-1] INFO  server.RaftServerConfigKeys (ConfUtils.java:logGet(44)) - raft.server.log.statemachine.data.sync.timeout = 10s (default)
2020-04-15 04:09:28,942 [pool-68-thread-1] INFO  server.RaftServerConfigKeys (ConfUtils.java:logGet(44)) - raft.server.log.statemachine.data.sync.timeout.retry = -1 (default)
2020-04-15 04:09:28,974 [grpc-default-executor-8] INFO  impl.RoleInfo (RoleInfo.java:updateAndGet(143)) - omNode-1: start FollowerState
2020-04-15 04:09:29,054 [grpc-default-executor-0] INFO  impl.RaftServerImpl (RaftServerImpl.java:setRole(172)) - omNode-3@group-6C22E66A003A: changes role from  FOLLOWER to FOLLOWER at term 59 for recognizeCandidate:omNode-2
2020-04-15 04:09:29,064 [grpc-default-executor-0] INFO  impl.RoleInfo (RoleInfo.java:shutdownFollowerState(121)) - omNode-3: shutdown FollowerState
2020-04-15 04:09:29,065 [grpc-default-executor-0] INFO  impl.RoleInfo (RoleInfo.java:updateAndGet(143)) - omNode-3: start FollowerState
2020-04-15 04:09:29,065 [Thread-683] INFO  impl.FollowerState (FollowerState.java:run(117)) - omNode-3@group-6C22E66A003A-FollowerState was interrupted: java.lang.InterruptedException: sleep interrupted
2020-04-15 04:09:29,066 [pool-68-thread-1] INFO  server.RaftServerConfigKeys (ConfUtils.java:logGet(44)) - raft.server.log.statemachine.data.caching.enabled = true (custom)
2020-04-15 04:09:29,230 [pool-68-thread-1] INFO  segmented.SegmentedRaftLogWorker (SegmentedRaftLogWorker.java:lambda$new$0(129)) - e7d22208-90f1-4c2d-8da4-8182bc2fedbb@group-3A19E40C7583-SegmentedRaftLogWorker: flushIndex: setUnconditionally 0 -> -1
2020-04-15 04:09:29,344 [omNode-2@group-6C22E66A003A-LeaderElection23] INFO  impl.LeaderElection (LeaderElection.java:logAndReturn(61)) - omNode-2@group-6C22E66A003A-LeaderElection23: Election TIMEOUT; received 0 response(s) [] and 0 exception(s); omNode-2@group-6C22E66A003A:t59, leader=null, voted=omNode-2, raftlog=omNode-2@group-6C22E66A003A-SegmentedRaftLog:OPENED:c0,f0,i0, conf=0: [omNode-3:localhost:11644, omNode-1:localhost:11632, omNode-2:localhost:11638], old=null
2020-04-15 04:09:29,366 [pool-68-thread-1] INFO  server.RaftServerConfigKeys (ConfUtils.java:logGet(44)) - raft.server.snapshot.auto.trigger.enabled = true (custom)
2020-04-15 04:09:29,366 [pool-68-thread-1] INFO  server.RaftServerConfigKeys (ConfUtils.java:logGet(44)) - raft.server.snapshot.auto.trigger.threshold = 10000 (custom)
2020-04-15 04:09:29,366 [pool-68-thread-1] INFO  server.RaftServerConfigKeys (ConfUtils.java:logGet(44)) - raft.server.snapshot.retention.file.num = 5 (custom)
2020-04-15 04:09:29,414 [pool-68-thread-1] INFO  server.RaftServerConfigKeys (ConfUtils.java:logGet(44)) - raft.server.retrycache.expirytime = 600000ms (custom)
2020-04-15 04:09:29,414 [pool-68-thread-1] INFO  metrics.RatisMetrics (RatisMetrics.java:lambda$create$0(39)) - Creating Metrics Registry : ratis.leader_election.e7d22208-90f1-4c2d-8da4-8182bc2fedbb@group-3A19E40C7583
2020-04-15 04:09:29,438 [omNode-2@group-6C22E66A003A-LeaderElection23] INFO  impl.LeaderElection (LeaderElection.java:askForVotes(206)) - omNode-2@group-6C22E66A003A-LeaderElection23: begin an election at term 60 for 0: [omNode-3:localhost:11644, omNode-1:localhost:11632, omNode-2:localhost:11638], old=null
2020-04-15 04:09:29,440 [pool-68-thread-1] INFO  metrics.RatisMetrics (RatisMetrics.java:lambda$create$0(39)) - Creating Metrics Registry : ratis.server.e7d22208-90f1-4c2d-8da4-8182bc2fedbb@group-3A19E40C7583
2020-04-15 04:09:29,453 [pool-68-thread-1] INFO  impl.RaftServerImpl (RaftServerImpl.java:start(183)) - e7d22208-90f1-4c2d-8da4-8182bc2fedbb@group-3A19E40C7583: start as a follower, conf=-1: [e9b38915-e851-41b1-8884-0e332c6a8248:172.17.0.2:46057, 45a63c2d-5a1c-471d-92ad-27f15c6268a3:172.17.0.2:46295, e7d22208-90f1-4c2d-8da4-8182bc2fedbb:172.17.0.2:37613], old=null
2020-04-15 04:09:29,464 [pool-68-thread-1] INFO  impl.RaftServerImpl (RaftServerImpl.java:setRole(172)) - e7d22208-90f1-4c2d-8da4-8182bc2fedbb@group-3A19E40C7583: changes role from      null to FOLLOWER at term 0 for startAsFollower
2020-04-15 04:09:29,513 [pool-68-thread-1] INFO  impl.RoleInfo (RoleInfo.java:updateAndGet(143)) - e7d22208-90f1-4c2d-8da4-8182bc2fedbb: start FollowerState
2020-04-15 04:09:29,568 [main] INFO  ozone.MiniOzoneClusterImpl (MiniOzoneClusterImpl.java:lambda$waitForClusterToBeReady$0(177)) - Nodes are ready. Got 3 of 3 DN Heartbeats.
2020-04-15 04:09:29,568 [main] INFO  ozone.MiniOzoneClusterImpl (MiniOzoneClusterImpl.java:lambda$waitForClusterToBeReady$0(180)) - Waiting for cluster to exit safe mode
2020-04-15 04:09:29,601 [pool-68-thread-1] INFO  util.JmxRegister (JmxRegister.java:tryRegister(44)) - Successfully registered JMX Bean with object name Ratis:service=RaftServer,group=group-3A19E40C7583,id=e7d22208-90f1-4c2d-8da4-8182bc2fedbb
2020-04-15 04:09:29,601 [pool-68-thread-1] INFO  metrics.RatisMetrics (RatisMetrics.java:lambda$create$0(39)) - Creating Metrics Registry : ratis.state_machine.e7d22208-90f1-4c2d-8da4-8182bc2fedbb@group-3A19E40C7583
2020-04-15 04:09:29,964 [grpc-default-executor-8] INFO  impl.RaftServerImpl (RaftServerImpl.java:setRole(172)) - omNode-3@group-6C22E66A003A: changes role from  FOLLOWER to FOLLOWER at term 60 for recognizeCandidate:omNode-2
2020-04-15 04:09:30,024 [Thread-684] INFO  impl.FollowerState (FollowerState.java:run(108)) - omNode-1@group-6C22E66A003A-FollowerState: change to CANDIDATE, lastRpcTime:1049ms, electionTimeout:1037ms
2020-04-15 04:09:30,024 [Thread-684] INFO  impl.RoleInfo (RoleInfo.java:shutdownFollowerState(121)) - omNode-1: shutdown FollowerState
2020-04-15 04:09:30,024 [Thread-684] INFO  impl.RaftServerImpl (RaftServerImpl.java:setRole(172)) - omNode-1@group-6C22E66A003A: changes role from  FOLLOWER to CANDIDATE at term 59 for changeToCandidate
2020-04-15 04:09:30,003 [Command processor thread] INFO  commandhandler.CreatePipelineCommandHandler (CreatePipelineCommandHandler.java:handle(112)) - Created Pipeline RATIS THREE #id: "a9f0531e-c35a-494a-b307-3a19e40c7583"
.
2020-04-15 04:09:30,036 [grpc-default-executor-8] INFO  impl.RoleInfo (RoleInfo.java:shutdownFollowerState(121)) - omNode-3: shutdown FollowerState
2020-04-15 04:09:30,036 [Thread-685] INFO  impl.FollowerState (FollowerState.java:run(117)) - omNode-3@group-6C22E66A003A-FollowerState was interrupted: java.lang.InterruptedException: sleep interrupted
2020-04-15 04:09:30,049 [grpc-default-executor-8] INFO  impl.RoleInfo (RoleInfo.java:updateAndGet(143)) - omNode-3: start FollowerState
2020-04-15 04:09:30,061 [Thread-684] INFO  impl.RoleInfo (RoleInfo.java:updateAndGet(143)) - omNode-1: start LeaderElection
2020-04-15 04:09:30,088 [grpc-default-executor-0] INFO  impl.RaftServerImpl (RaftServerImpl.java:setRole(172)) - omNode-1@group-6C22E66A003A: changes role from CANDIDATE to FOLLOWER at term 60 for recognizeCandidate:omNode-2
2020-04-15 04:09:30,088 [grpc-default-executor-0] INFO  impl.RoleInfo (RoleInfo.java:shutdownLeaderElection(134)) - omNode-1: shutdown LeaderElection
2020-04-15 04:09:30,088 [grpc-default-executor-0] INFO  impl.RoleInfo (RoleInfo.java:updateAndGet(143)) - omNode-1: start FollowerState
2020-04-15 04:09:30,144 [omNode-1@group-6C22E66A003A-LeaderElection34] INFO  impl.LeaderElection (LeaderElection.java:run(155)) - omNode-1@group-6C22E66A003A-LeaderElection34: skip running since this is already CLOSING
2020-04-15 04:09:30,440 [omNode-2@group-6C22E66A003A-LeaderElection23] INFO  impl.LeaderElection (LeaderElection.java:logAndReturn(61)) - omNode-2@group-6C22E66A003A-LeaderElection23: Election PASSED; received 2 response(s) [omNode-2<-omNode-3#0:OK-t60, omNode-2<-omNode-1#0:FAIL-t60] and 0 exception(s); omNode-2@group-6C22E66A003A:t60, leader=null, voted=omNode-2, raftlog=omNode-2@group-6C22E66A003A-SegmentedRaftLog:OPENED:c0,f0,i0, conf=0: [omNode-3:localhost:11644, omNode-1:localhost:11632, omNode-2:localhost:11638], old=null
2020-04-15 04:09:30,571 [main] INFO  ozone.MiniOzoneClusterImpl (MiniOzoneClusterImpl.java:lambda$waitForClusterToBeReady$0(177)) - Nodes are ready. Got 3 of 3 DN Heartbeats.
2020-04-15 04:09:30,612 [omNode-2@group-6C22E66A003A-LeaderElection23] INFO  impl.RoleInfo (RoleInfo.java:shutdownLeaderElection(134)) - omNode-2: shutdown LeaderElection
2020-04-15 04:09:30,882 [omNode-2@group-6C22E66A003A-LeaderElection23] INFO  impl.RaftServerImpl (RaftServerImpl.java:setRole(172)) - omNode-2@group-6C22E66A003A: changes role from CANDIDATE to LEADER at term 60 for changeToLeader
2020-04-15 04:09:30,893 [main] INFO  ozone.MiniOzoneClusterImpl (MiniOzoneClusterImpl.java:lambda$waitForClusterToBeReady$0(180)) - Waiting for cluster to exit safe mode
2020-04-15 04:09:30,948 [omNode-2@group-6C22E66A003A-LeaderElection23] INFO  impl.RaftServerImpl (ServerState.java:setLeader(255)) - omNode-2@group-6C22E66A003A: change Leader from null to omNode-2 at term 60 for becomeLeader, leader elected after 103090ms
2020-04-15 04:09:30,948 [Thread-671] INFO  impl.FollowerState (FollowerState.java:run(108)) - 45a63c2d-5a1c-471d-92ad-27f15c6268a3@group-3A19E40C7583-FollowerState: change to CANDIDATE, lastRpcTime:5120ms, electionTimeout:5115ms
2020-04-15 04:09:30,948 [Thread-671] INFO  impl.RoleInfo (RoleInfo.java:shutdownFollowerState(121)) - 45a63c2d-5a1c-471d-92ad-27f15c6268a3: shutdown FollowerState
2020-04-15 04:09:30,948 [Thread-671] INFO  impl.RaftServerImpl (RaftServerImpl.java:setRole(172)) - 45a63c2d-5a1c-471d-92ad-27f15c6268a3@group-3A19E40C7583: changes role from  FOLLOWER to CANDIDATE at term 3 for changeToCandidate
2020-04-15 04:09:30,948 [omNode-2@group-6C22E66A003A-LeaderElection23] INFO  server.RaftServerConfigKeys (ConfUtils.java:logGet(44)) - raft.server.staging.catchup.gap = 1000 (default)
2020-04-15 04:09:30,948 [Thread-671] INFO  impl.RoleInfo (RoleInfo.java:updateAndGet(143)) - 45a63c2d-5a1c-471d-92ad-27f15c6268a3: start LeaderElection
2020-04-15 04:09:30,948 [omNode-2@group-6C22E66A003A-LeaderElection23] INFO  server.RaftServerConfigKeys (ConfUtils.java:logGet(44)) - raft.server.rpc.sleep.time = 25ms (default)
2020-04-15 04:09:30,993 [omNode-2@group-6C22E66A003A-LeaderElection23] INFO  metrics.RatisMetrics (RatisMetrics.java:lambda$create$0(39)) - Creating Metrics Registry : ratis.log_appender.omNode-2@group-6C22E66A003A
2020-04-15 04:09:30,993 [omNode-2@group-6C22E66A003A-LeaderElection23] INFO  server.RaftServerConfigKeys (ConfUtils.java:logGet(44)) - raft.server.write.element-limit = 4096 (default)
2020-04-15 04:09:30,993 [omNode-2@group-6C22E66A003A-LeaderElection23] INFO  server.RaftServerConfigKeys (ConfUtils.java:logGet(44)) - raft.server.write.byte-limit = 64MB (=67108864) (default)
2020-04-15 04:09:30,994 [omNode-2@group-6C22E66A003A-LeaderElection23] INFO  server.RaftServerConfigKeys (ConfUtils.java:logGet(44)) - raft.server.watch.timeout = 10s (default)
2020-04-15 04:09:30,994 [omNode-2@group-6C22E66A003A-LeaderElection23] INFO  server.RaftServerConfigKeys (ConfUtils.java:logGet(44)) - raft.server.watch.timeout.denomination = 1s (default)
2020-04-15 04:09:30,994 [omNode-2@group-6C22E66A003A-LeaderElection23] INFO  server.RaftServerConfigKeys (ConfUtils.java:logGet(44)) - raft.server.watch.element-limit = 65536 (default)
2020-04-15 04:09:30,994 [omNode-2@group-6C22E66A003A-LeaderElection23] INFO  server.RaftServerConfigKeys (ConfUtils.java:logGet(44)) - raft.server.log.appender.snapshot.chunk.size.max = 16MB (=16777216) (default)
2020-04-15 04:09:30,994 [omNode-2@group-6C22E66A003A-LeaderElection23] INFO  server.RaftServerConfigKeys (ConfUtils.java:logGet(44)) - raft.server.log.appender.buffer.byte-limit = 33554432 (custom)
2020-04-15 04:09:30,994 [omNode-2@group-6C22E66A003A-LeaderElection23] INFO  server.RaftServerConfigKeys (ConfUtils.java:logGet(44)) - raft.server.log.appender.buffer.element-limit = 1024 (custom)
2020-04-15 04:09:30,994 [omNode-2@group-6C22E66A003A-LeaderElection23] INFO  grpc.GrpcConfigKeys (ConfUtils.java:logGet(44)) - raft.grpc.server.leader.outstanding.appends.max = 128 (default)
2020-04-15 04:09:31,005 [omNode-2@group-6C22E66A003A-LeaderElection23] INFO  server.RaftServerConfigKeys (ConfUtils.java:logGet(44)) - raft.server.rpc.request.timeout = 3000ms (default)
2020-04-15 04:09:31,006 [omNode-2@group-6C22E66A003A-LeaderElection23] INFO  server.RaftServerConfigKeys (ConfUtils.java:logGet(44)) - raft.server.log.appender.install.snapshot.enabled = false (custom)
2020-04-15 04:09:31,052 [omNode-2@group-6C22E66A003A-LeaderElection23] INFO  server.RaftServerConfigKeys (ConfUtils.java:logGet(44)) - raft.server.log.appender.snapshot.chunk.size.max = 16MB (=16777216) (default)
2020-04-15 04:09:31,052 [omNode-2@group-6C22E66A003A-LeaderElection23] INFO  server.RaftServerConfigKeys (ConfUtils.java:logGet(44)) - raft.server.log.appender.buffer.byte-limit = 33554432 (custom)
2020-04-15 04:09:31,052 [45a63c2d-5a1c-471d-92ad-27f15c6268a3@group-3A19E40C7583-LeaderElection35] INFO  impl.LeaderElection (LeaderElection.java:askForVotes(206)) - 45a63c2d-5a1c-471d-92ad-27f15c6268a3@group-3A19E40C7583-LeaderElection35: begin an election at term 4 for -1: [e9b38915-e851-41b1-8884-0e332c6a8248:172.17.0.2:46057, 45a63c2d-5a1c-471d-92ad-27f15c6268a3:172.17.0.2:46295, e7d22208-90f1-4c2d-8da4-8182bc2fedbb:172.17.0.2:37613], old=null
2020-04-15 04:09:31,052 [omNode-2@group-6C22E66A003A-LeaderElection23] INFO  server.RaftServerConfigKeys (ConfUtils.java:logGet(44)) - raft.server.log.appender.buffer.element-limit = 1024 (custom)
2020-04-15 04:09:31,052 [omNode-2@group-6C22E66A003A-LeaderElection23] INFO  grpc.GrpcConfigKeys (ConfUtils.java:logGet(44)) - raft.grpc.server.leader.outstanding.appends.max = 128 (default)
2020-04-15 04:09:31,053 [omNode-2@group-6C22E66A003A-LeaderElection23] INFO  server.RaftServerConfigKeys (ConfUtils.java:logGet(44)) - raft.server.rpc.request.timeout = 3000ms (default)
2020-04-15 04:09:31,085 [omNode-2@group-6C22E66A003A-LeaderElection23] INFO  server.RaftServerConfigKeys (ConfUtils.java:logGet(44)) - raft.server.log.appender.install.snapshot.enabled = false (custom)
2020-04-15 04:09:31,144 [omNode-2@group-6C22E66A003A-LeaderElection23] INFO  impl.RoleInfo (RoleInfo.java:updateAndGet(143)) - omNode-2: start LeaderState
2020-04-15 04:09:31,190 [Thread-693] INFO  impl.FollowerState (FollowerState.java:run(108)) - omNode-1@group-6C22E66A003A-FollowerState: change to CANDIDATE, lastRpcTime:1101ms, electionTimeout:1018ms
2020-04-15 04:09:31,190 [Thread-693] INFO  impl.RoleInfo (RoleInfo.java:shutdownFollowerState(121)) - omNode-1: shutdown FollowerState
2020-04-15 04:09:31,190 [Thread-693] INFO  impl.RaftServerImpl (RaftServerImpl.java:setRole(172)) - omNode-1@group-6C22E66A003A: changes role from  FOLLOWER to CANDIDATE at term 60 for changeToCandidate
2020-04-15 04:09:31,191 [Thread-693] INFO  impl.RoleInfo (RoleInfo.java:updateAndGet(143)) - omNode-1: start LeaderElection
2020-04-15 04:09:31,192 [omNode-2@group-6C22E66A003A-LeaderElection23] INFO  segmented.SegmentedRaftLogWorker (SegmentedRaftLogWorker.java:rollLogSegment(396)) - omNode-2@group-6C22E66A003A-SegmentedRaftLogWorker: Rolling segment log-0_0 to index:0
2020-04-15 04:09:31,243 [omNode-2@group-6C22E66A003A-SegmentedRaftLogWorker] INFO  segmented.SegmentedRaftLogWorker (SegmentedRaftLogWorker.java:execute(541)) - omNode-2@group-6C22E66A003A-SegmentedRaftLogWorker: Rolled log segment from /github/workspace/hadoop-ozone/integration-test/target/test-dir/MiniOzoneClusterImpl-0135e7b1-1d2a-4fbb-b7c0-5297c589a039/omNode-2/ratis/9c9825ce-8ba7-3ee6-a7c3-6c22e66a003a/current/log_inprogress_0 to /github/workspace/hadoop-ozone/integration-test/target/test-dir/MiniOzoneClusterImpl-0135e7b1-1d2a-4fbb-b7c0-5297c589a039/omNode-2/ratis/9c9825ce-8ba7-3ee6-a7c3-6c22e66a003a/current/log_0-0
2020-04-15 04:09:31,266 [Thread-691] INFO  impl.FollowerState (FollowerState.java:run(108)) - omNode-3@group-6C22E66A003A-FollowerState: change to CANDIDATE, lastRpcTime:1217ms, electionTimeout:1171ms
2020-04-15 04:09:31,382 [Thread-691] INFO  impl.RoleInfo (RoleInfo.java:shutdownFollowerState(121)) - omNode-3: shutdown FollowerState
2020-04-15 04:09:31,382 [Thread-691] INFO  impl.RaftServerImpl (RaftServerImpl.java:setRole(172)) - omNode-3@group-6C22E66A003A: changes role from  FOLLOWER to CANDIDATE at term 60 for changeToCandidate
2020-04-15 04:09:31,382 [Thread-691] INFO  impl.RoleInfo (RoleInfo.java:updateAndGet(143)) - omNode-3: start LeaderElection
2020-04-15 04:09:31,411 [omNode-2@group-6C22E66A003A-SegmentedRaftLogWorker] INFO  segmented.SegmentedRaftLogWorker (SegmentedRaftLogWorker.java:execute(583)) - omNode-2@group-6C22E66A003A-SegmentedRaftLogWorker: created new log segment /github/workspace/hadoop-ozone/integration-test/target/test-dir/MiniOzoneClusterImpl-0135e7b1-1d2a-4fbb-b7c0-5297c589a039/omNode-2/ratis/9c9825ce-8ba7-3ee6-a7c3-6c22e66a003a/current/log_inprogress_1
2020-04-15 04:09:31,479 [omNode-1@group-6C22E66A003A-LeaderElection36] INFO  impl.LeaderElection (LeaderElection.java:askForVotes(206)) - omNode-1@group-6C22E66A003A-LeaderElection36: begin an election at term 61 for 0: [omNode-3:localhost:11644, omNode-1:localhost:11632, omNode-2:localhost:11638], old=null
2020-04-15 04:09:31,963 [main] INFO  ozone.MiniOzoneClusterImpl (MiniOzoneClusterImpl.java:lambda$waitForClusterToBeReady$0(177)) - Nodes are ready. Got 3 of 3 DN Heartbeats.
2020-04-15 04:09:32,489 [main] INFO  ozone.MiniOzoneClusterImpl (MiniOzoneClusterImpl.java:lambda$waitForClusterToBeReady$0(180)) - Waiting for cluster to exit safe mode
2020-04-15 04:09:32,478 [Thread-676] WARN  util.JavaUtils (JavaUtils.java:sleep(246)) - Unexpected long sleep: sleep(5182ms) actually took 5494ms which is over the threshold 300ms
2020-04-15 04:09:32,478 [omNode-3@group-6C22E66A003A-LeaderElection37] INFO  impl.LeaderElection (LeaderElection.java:askForVotes(206)) - omNode-3@group-6C22E66A003A-LeaderElection37: begin an election at term 61 for -1: [omNode-3:localhost:11644, omNode-1:localhost:11632, omNode-2:localhost:11638], old=null
2020-04-15 04:09:32,008 [omNode-2@group-6C22E66A003A-LeaderElection23] INFO  impl.RaftServerImpl (ServerState.java:setRaftConf(356)) - omNode-2@group-6C22E66A003A: set configuration 1: [omNode-3:localhost:11644, omNode-1:localhost:11632, omNode-2:localhost:11638], old=null at 1
2020-04-15 04:09:34,918 [grpc-default-executor-1] INFO  impl.RaftServerImpl (ServerState.java:setLeader(255)) - omNode-2@group-6C22E66A003A: change Leader from omNode-2 to null at term 61 for updateCurrentTerm
2020-04-15 04:09:34,930 [grpc-default-executor-1] INFO  impl.RaftServerImpl (RaftServerImpl.java:setRole(172)) - omNode-2@group-6C22E66A003A: changes role from    LEADER to FOLLOWER at term 61 for recognizeCandidate:omNode-3
2020-04-15 04:09:34,930 [grpc-default-executor-1] INFO  impl.RoleInfo (RoleInfo.java:shutdownLeaderState(104)) - omNode-2: shutdown LeaderState
2020-04-15 04:09:34,235 [main] INFO  ozone.MiniOzoneClusterImpl (MiniOzoneClusterImpl.java:lambda$waitForClusterToBeReady$0(177)) - Nodes are ready. Got 3 of 3 DN Heartbeats.
2020-04-15 04:09:34,951 [grpc-default-executor-1] INFO  impl.PendingRequests (PendingRequests.java:sendNotLeaderResponses(240)) - omNode-2@group-6C22E66A003A-PendingRequests: sendNotLeaderResponses
2020-04-15 04:09:34,952 [org.apache.ratis.server.impl.LogAppender$AppenderDaemon$$Lambda$301/1038880212@4c31c411] WARN  server.GrpcLogAppender (GrpcLogAppender.java:mayWait(153)) - omNode-2@group-6C22E66A003A->omNode-1-GrpcLogAppender: Wait interrupted by java.lang.InterruptedException
2020-04-15 04:09:33,590 [omNode-1@group-6C22E66A003A-LeaderElection36] INFO  impl.LeaderElection (LeaderElection.java:logAndReturn(61)) - omNode-1@group-6C22E66A003A-LeaderElection36: Election TIMEOUT; received 0 response(s) [] and 0 exception(s); omNode-1@group-6C22E66A003A:t61, leader=null, voted=omNode-1, raftlog=omNode-1@group-6C22E66A003A-SegmentedRaftLog:OPENED:c-1,f0,i0, conf=0: [omNode-3:localhost:11644, omNode-1:localhost:11632, omNode-2:localhost:11638], old=null
2020-04-15 04:09:32,727 [grpc-default-executor-0] INFO  impl.RaftServerImpl (RaftServerImpl.java:setRole(172)) - e9b38915-e851-41b1-8884-0e332c6a8248@group-3A19E40C7583: changes role from  FOLLOWER to FOLLOWER at term 4 for recognizeCandidate:45a63c2d-5a1c-471d-92ad-27f15c6268a3
2020-04-15 04:09:35,372 [grpc-default-executor-0] INFO  impl.RoleInfo (RoleInfo.java:shutdownFollowerState(121)) - e9b38915-e851-41b1-8884-0e332c6a8248: shutdown FollowerState
2020-04-15 04:09:32,672 [grpc-default-executor-7] INFO  impl.RaftServerImpl (RaftServerImpl.java:setRole(172)) - e7d22208-90f1-4c2d-8da4-8182bc2fedbb@group-3A19E40C7583: changes role from  FOLLOWER to FOLLOWER at term 4 for recognizeCandidate:45a63c2d-5a1c-471d-92ad-27f15c6268a3
2020-04-15 04:09:35,427 [grpc-default-executor-7] INFO  impl.RoleInfo (RoleInfo.java:shutdownFollowerState(121)) - e7d22208-90f1-4c2d-8da4-8182bc2fedbb: shutdown FollowerState
2020-04-15 04:09:35,349 [grpc-default-executor-1] INFO  metrics.RatisMetrics (RatisMetrics.java:unregister(46)) - Unregistering Metrics Registry : ratis.log_appender.omNode-2@group-6C22E66A003A
2020-04-15 04:09:34,951 [main] INFO  ozone.MiniOzoneClusterImpl (MiniOzoneClusterImpl.java:lambda$waitForClusterToBeReady$0(180)) - Waiting for cluster to exit safe mode
2020-04-15 04:09:34,951 [org.apache.ratis.server.impl.LogAppender$AppenderDaemon$$Lambda$301/1038880212@32544d5d] WARN  server.GrpcLogAppender (GrpcLogAppender.java:mayWait(153)) - omNode-2@group-6C22E66A003A->omNode-3-GrpcLogAppender: Wait interrupted by java.lang.InterruptedException
2020-04-15 04:09:35,819 [omNode-3@group-6C22E66A003A-LeaderElection37] INFO  impl.LeaderElection (LeaderElection.java:logAndReturn(61)) - omNode-3@group-6C22E66A003A-LeaderElection37: Election TIMEOUT; received 1 response(s) [omNode-3<-omNode-1#0:FAIL-t61] and 0 exception(s); omNode-3@group-6C22E66A003A:t61, leader=null, voted=omNode-3, raftlog=omNode-3@group-6C22E66A003A-SegmentedRaftLog:OPENED:c-1,f-1,i0, conf=-1: [omNode-3:localhost:11644, omNode-1:localhost:11632, omNode-2:localhost:11638], old=null
2020-04-15 04:09:35,617 [grpc-default-executor-1] INFO  impl.RoleInfo (RoleInfo.java:updateAndGet(143)) - omNode-2: start FollowerState
2020-04-15 04:09:35,606 [java.util.concurrent.ThreadPoolExecutor$Worker@48b05076[State = -1, empty queue]] WARN  server.GrpcLogAppender (GrpcLogAppender.java:timeoutAppendRequest(212)) - omNode-2@group-6C22E66A003A->omNode-1-GrpcLogAppender:  appendEntries Timeout, request=AppendEntriesRequest:cid=1,entriesCount=1,lastEntry=(t:60, i:1)
2020-04-15 04:09:35,864 [java.util.concurrent.ThreadPoolExecutor$Worker@48b05076[State = -1, empty queue]] WARN  server.GrpcLogAppender (GrpcLogAppender.java:timeoutAppendRequest(212)) - omNode-2@group-6C22E66A003A->omNode-3-GrpcLogAppender:  appendEntries Timeout, request=AppendEntriesRequest:cid=1,entriesCount=1,lastEntry=(t:60, i:1)
2020-04-15 04:09:35,584 [omNode-1@group-6C22E66A003A-LeaderElection36] INFO  impl.LeaderElection (LeaderElection.java:askForVotes(206)) - omNode-1@group-6C22E66A003A-LeaderElection36: begin an election at term 62 for 0: [omNode-3:localhost:11644, omNode-1:localhost:11632, omNode-2:localhost:11638], old=null
2020-04-15 04:09:35,528 [Thread-676] INFO  impl.FollowerState (FollowerState.java:run(117)) - e9b38915-e851-41b1-8884-0e332c6a8248@group-3A19E40C7583-FollowerState was interrupted: java.lang.InterruptedException: sleep interrupted
2020-04-15 04:09:35,513 [grpc-default-executor-12] INFO  server.GrpcServerProtocolService (GrpcServerProtocolService.java:onCompleted(137)) - omNode-1: Completed APPEND_ENTRIES, lastRequest: omNode-2->omNode-1#1-t60, previous=(t:17, i:0), leaderCommit=0, initializing? false, entries: size=1, first=(t:60, i:1), CONFIGURATIONENTRY
2020-04-15 04:09:35,428 [grpc-default-executor-0] INFO  impl.RoleInfo (RoleInfo.java:updateAndGet(143)) - e9b38915-e851-41b1-8884-0e332c6a8248: start FollowerState
2020-04-15 04:09:35,428 [grpc-default-executor-7] INFO  impl.RoleInfo (RoleInfo.java:updateAndGet(143)) - e7d22208-90f1-4c2d-8da4-8182bc2fedbb: start FollowerState
2020-04-15 04:09:36,161 [45a63c2d-5a1c-471d-92ad-27f15c6268a3@group-3A19E40C7583-LeaderElection35] INFO  impl.LeaderElection (LeaderElection.java:logAndReturn(61)) - 45a63c2d-5a1c-471d-92ad-27f15c6268a3@group-3A19E40C7583-LeaderElection35: Election TIMEOUT; received 0 response(s) [] and 0 exception(s); 45a63c2d-5a1c-471d-92ad-27f15c6268a3@group-3A19E40C7583:t4, leader=null, voted=45a63c2d-5a1c-471d-92ad-27f15c6268a3, raftlog=45a63c2d-5a1c-471d-92ad-27f15c6268a3@group-3A19E40C7583-SegmentedRaftLog:OPENED:c-1,f-1,i0, conf=-1: [e9b38915-e851-41b1-8884-0e332c6a8248:172.17.0.2:46057, 45a63c2d-5a1c-471d-92ad-27f15c6268a3:172.17.0.2:46295, e7d22208-90f1-4c2d-8da4-8182bc2fedbb:172.17.0.2:37613], old=null
2020-04-15 04:09:36,226 [omNode-3@group-6C22E66A003A-LeaderElection37] INFO  impl.LeaderElection (LeaderElection.java:askForVotes(206)) - omNode-3@group-6C22E66A003A-LeaderElection37: begin an election at term 62 for -1: [omNode-3:localhost:11644, omNode-1:localhost:11632, omNode-2:localhost:11638], old=null
2020-04-15 04:09:36,438 [java.util.concurrent.ThreadPoolExecutor$Worker@48b05076[State = -1, empty queue]] WARN  server.GrpcLogAppender (GrpcLogAppender.java:timeoutAppendRequest(212)) - omNode-2@group-6C22E66A003A->omNode-1-GrpcLogAppender: HEARTBEAT appendEntries Timeout, request=AppendEntriesRequest:cid=2,entriesCount=0,lastEntry=null
2020-04-15 04:09:36,248 [45a63c2d-5a1c-471d-92ad-27f15c6268a3@group-3A19E40C7583-LeaderElection35] INFO  impl.LeaderElection (LeaderElection.java:askForVotes(206)) - 45a63c2d-5a1c-471d-92ad-27f15c6268a3@group-3A19E40C7583-LeaderElection35: begin an election at term 5 for -1: [e9b38915-e851-41b1-8884-0e332c6a8248:172.17.0.2:46057, 45a63c2d-5a1c-471d-92ad-27f15c6268a3:172.17.0.2:46295, e7d22208-90f1-4c2d-8da4-8182bc2fedbb:172.17.0.2:37613], old=null
2020-04-15 04:09:36,497 [grpc-default-executor-8] INFO  impl.RaftServerImpl (RaftServerImpl.java:setRole(172)) - omNode-2@group-6C22E66A003A: changes role from  FOLLOWER to FOLLOWER at term 61 for recognizeCandidate:omNode-1
2020-04-15 04:09:36,497 [grpc-default-executor-8] INFO  impl.RoleInfo (RoleInfo.java:shutdownFollowerState(121)) - omNode-2: shutdown FollowerState
2020-04-15 04:09:36,497 [grpc-default-executor-8] INFO  impl.RoleInfo (RoleInfo.java:updateAndGet(143)) - omNode-2: start FollowerState
2020-04-15 04:09:36,497 [Thread-711] INFO  impl.FollowerState (FollowerState.java:run(117)) - omNode-2@group-6C22E66A003A-FollowerState was interrupted: java.lang.InterruptedException: sleep interrupted
2020-04-15 04:09:36,564 [grpc-default-executor-11] INFO  server.GrpcServerProtocolService (GrpcServerProtocolService.java:onCompleted(137)) - omNode-3: Completed APPEND_ENTRIES, lastRequest: omNode-2->omNode-3#1-t60, previous=(t:17, i:0), leaderCommit=0, initializing? false, entries: size=1, first=(t:60, i:1), CONFIGURATIONENTRY
2020-04-15 04:09:36,851 [main] INFO  ozone.MiniOzoneClusterImpl (MiniOzoneClusterImpl.java:lambda$waitForClusterToBeReady$0(177)) - Nodes are ready. Got 3 of 3 DN Heartbeats.
2020-04-15 04:09:37,043 [grpc-default-executor-5] INFO  server.GrpcLogAppender (GrpcLogAppender.java:onCompleted(308)) - omNode-2@group-6C22E66A003A->omNode-1-AppendLogResponseHandler: follower responses appendEntries COMPLETED
2020-04-15 04:09:36,885 [java.util.concurrent.ThreadPoolExecutor$Worker@48b05076[State = -1, empty queue]] WARN  server.GrpcLogAppender (GrpcLogAppender.java:timeoutAppendRequest(212)) - omNode-2@group-6C22E66A003A->omNode-3-GrpcLogAppender: HEARTBEAT appendEntries Timeout, request=AppendEntriesRequest:cid=2,entriesCount=0,lastEntry=null
2020-04-15 04:09:37,314 [omNode-1@group-6C22E66A003A-LeaderElection36] INFO  impl.LeaderElection (LeaderElection.java:logAndReturn(61)) - omNode-1@group-6C22E66A003A-LeaderElection36: Election TIMEOUT; received 0 response(s) [] and 0 exception(s); omNode-1@group-6C22E66A003A:t62, leader=null, voted=omNode-1, raftlog=omNode-1@group-6C22E66A003A-SegmentedRaftLog:OPENED:c-1,f0,i0, conf=0: [omNode-3:localhost:11644, omNode-1:localhost:11632, omNode-2:localhost:11638], old=null
2020-04-15 04:09:37,521 [java.util.concurrent.ThreadPoolExecutor$Worker@48b05076[State = -1, empty queue]] WARN  server.GrpcLogAppender (GrpcLogAppender.java:timeoutAppendRequest(212)) - omNode-2@group-6C22E66A003A->omNode-3-GrpcLogAppender: HEARTBEAT appendEntries Timeout, request=AppendEntriesRequest:cid=3,entriesCount=0,lastEntry=null
2020-04-15 04:09:37,314 [grpc-default-executor-0] INFO  impl.RaftServerImpl (RaftServerImpl.java:setRole(172)) - omNode-2@group-6C22E66A003A: changes role from  FOLLOWER to FOLLOWER at term 62 for recognizeCandidate:omNode-1
2020-04-15 04:09:37,303 [main] INFO  ozone.MiniOzoneClusterImpl (MiniOzoneClusterImpl.java:lambda$waitForClusterToBeReady$0(180)) - Waiting for cluster to exit safe mode
2020-04-15 04:09:37,590 [grpc-default-executor-0] INFO  impl.RoleInfo (RoleInfo.java:shutdownFollowerState(121)) - omNode-2: shutdown FollowerState
2020-04-15 04:09:37,591 [grpc-default-executor-0] INFO  impl.RoleInfo (RoleInfo.java:updateAndGet(143)) - omNode-2: start FollowerState
2020-04-15 04:09:37,590 [grpc-default-executor-7] INFO  impl.RaftServerImpl (RaftServerImpl.java:setRole(172)) - e7d22208-90f1-4c2d-8da4-8182bc2fedbb@group-3A19E40C7583: changes role from  FOLLOWER to FOLLOWER at term 5 for recognizeCandidate:45a63c2d-5a1c-471d-92ad-27f15c6268a3
2020-04-15 04:09:37,591 [grpc-default-executor-7] INFO  impl.RoleInfo (RoleInfo.java:shutdownFollowerState(121)) - e7d22208-90f1-4c2d-8da4-8182bc2fedbb: shutdown FollowerState
2020-04-15 04:09:37,603 [omNode-1@group-6C22E66A003A-LeaderElection36] INFO  impl.LeaderElection (LeaderElection.java:askForVotes(206)) - omNode-1@group-6C22E66A003A-LeaderElection36: begin an election at term 63 for 0: [omNode-3:localhost:11644, omNode-1:localhost:11632, omNode-2:localhost:11638], old=null
2020-04-15 04:09:37,615 [grpc-default-executor-8] INFO  impl.RaftServerImpl (RaftServerImpl.java:setRole(172)) - e9b38915-e851-41b1-8884-0e332c6a8248@group-3A19E40C7583: changes role from  FOLLOWER to FOLLOWER at term 5 for recognizeCandidate:45a63c2d-5a1c-471d-92ad-27f15c6268a3
2020-04-15 04:09:37,615 [grpc-default-executor-8] INFO  impl.RoleInfo (RoleInfo.java:shutdownFollowerState(121)) - e9b38915-e851-41b1-8884-0e332c6a8248: shutdown FollowerState
2020-04-15 04:09:37,615 [grpc-default-executor-5] INFO  impl.FollowerInfo (FollowerInfo.java:lambda$new$0(50)) - omNode-2@group-6C22E66A003A->omNode-1: nextIndex: updateUnconditionally 2 -> 1
2020-04-15 04:09:37,627 [grpc-default-executor-8] INFO  impl.RoleInfo (RoleInfo.java:updateAndGet(143)) - e9b38915-e851-41b1-8884-0e332c6a8248: start FollowerState
2020-04-15 04:09:37,627 [Thread-710] INFO  impl.FollowerState (FollowerState.java:run(117)) - e9b38915-e851-41b1-8884-0e332c6a8248@group-3A19E40C7583-FollowerState was interrupted: java.lang.InterruptedException: sleep interrupted
2020-04-15 04:09:37,759 [Thread-709] INFO  impl.FollowerState (FollowerState.java:run(117)) - e7d22208-90f1-4c2d-8da4-8182bc2fedbb@group-3A19E40C7583-FollowerState was interrupted: java.lang.InterruptedException: sleep interrupted
2020-04-15 04:09:37,770 [grpc-default-executor-7] INFO  impl.RoleInfo (RoleInfo.java:updateAndGet(143)) - e7d22208-90f1-4c2d-8da4-8182bc2fedbb: start FollowerState
2020-04-15 04:09:37,770 [omNode-3@group-6C22E66A003A-LeaderElection37] INFO  impl.LeaderElection (LeaderElection.java:logAndReturn(61)) - omNode-3@group-6C22E66A003A-LeaderElection37: Election TIMEOUT; received 0 response(s) [] and 0 exception(s); omNode-3@group-6C22E66A003A:t62, leader=null, voted=omNode-3, raftlog=omNode-3@group-6C22E66A003A-SegmentedRaftLog:OPENED:c-1,f-1,i0, conf=-1: [omNode-3:localhost:11644, omNode-1:localhost:11632, omNode-2:localhost:11638], old=null
2020-04-15 04:09:38,040 [grpc-default-executor-5] INFO  server.GrpcLogAppender (GrpcLogAppender.java:onCompleted(308)) - omNode-2@group-6C22E66A003A->omNode-3-AppendLogResponseHandler: follower responses appendEntries COMPLETED
2020-04-15 04:09:38,041 [Thread-714] INFO  impl.FollowerState (FollowerState.java:run(108)) - omNode-2@group-6C22E66A003A-FollowerState: change to CANDIDATE, lastRpcTime:1543ms, electionTimeout:1036ms
2020-04-15 04:09:38,673 [Thread-714] INFO  impl.RoleInfo (RoleInfo.java:shutdownFollowerState(121)) - omNode-2: shutdown FollowerState
2020-04-15 04:09:38,630 [main] INFO  ozone.MiniOzoneClusterImpl (MiniOzoneClusterImpl.java:lambda$waitForClusterToBeReady$0(177)) - Nodes are ready. Got 3 of 3 DN Heartbeats.
2020-04-15 04:09:38,825 [main] INFO  ozone.MiniOzoneClusterImpl (MiniOzoneClusterImpl.java:lambda$waitForClusterToBeReady$0(180)) - Waiting for cluster to exit safe mode
2020-04-15 04:09:38,607 [omNode-3@group-6C22E66A003A-LeaderElection37] INFO  impl.LeaderElection (LeaderElection.java:askForVotes(206)) - omNode-3@group-6C22E66A003A-LeaderElection37: begin an election at term 63 for -1: [omNode-3:localhost:11644, omNode-1:localhost:11632, omNode-2:localhost:11638], old=null
2020-04-15 04:09:38,861 [Thread-714] INFO  impl.RaftServerImpl (RaftServerImpl.java:setRole(172)) - omNode-2@group-6C22E66A003A: changes role from  FOLLOWER to CANDIDATE at term 62 for changeToCandidate
2020-04-15 04:09:38,861 [Thread-714] INFO  impl.RoleInfo (RoleInfo.java:updateAndGet(143)) - omNode-2: start LeaderElection
2020-04-15 04:09:38,873 [grpc-default-executor-11] INFO  impl.RaftServerImpl (RaftServerImpl.java:setRole(172)) - omNode-2@group-6C22E66A003A: changes role from CANDIDATE to FOLLOWER at term 62 for recognizeCandidate:omNode-3
2020-04-15 04:09:38,873 [grpc-default-executor-11] INFO  impl.RoleInfo (RoleInfo.java:shutdownLeaderElection(134)) - omNode-2: shutdown LeaderElection
2020-04-15 04:09:38,873 [grpc-default-executor-11] INFO  impl.RoleInfo (RoleInfo.java:updateAndGet(143)) - omNode-2: start FollowerState
2020-04-15 04:09:38,873 [omNode-2@group-6C22E66A003A-LeaderElection38] INFO  impl.LeaderElection (LeaderElection.java:run(155)) - omNode-2@group-6C22E66A003A-LeaderElection38: skip running since this is already CLOSING
2020-04-15 04:09:38,884 [grpc-default-executor-1] INFO  impl.RaftServerImpl (RaftServerImpl.java:setRole(172)) - omNode-2@group-6C22E66A003A: changes role from  FOLLOWER to FOLLOWER at term 63 for recognizeCandidate:omNode-1
2020-04-15 04:09:38,885 [grpc-default-executor-1] INFO  impl.RoleInfo (RoleInfo.java:shutdownFollowerState(121)) - omNode-2: shutdown FollowerState
2020-04-15 04:09:38,899 [Thread-719] INFO  impl.FollowerState (FollowerState.java:run(103)) - omNode-2@group-6C22E66A003A-FollowerState: Stopping now (isRunning? false, isFollower? true)
2020-04-15 04:09:38,695 [omNode-1@group-6C22E66A003A-LeaderElection36] INFO  impl.LeaderElection (LeaderElection.java:logAndReturn(61)) - omNode-1@group-6C22E66A003A-LeaderElection36: Election TIMEOUT; received 0 response(s) [] and 0 exception(s); omNode-1@group-6C22E66A003A:t63, leader=null, voted=omNode-1, raftlog=omNode-1@group-6C22E66A003A-SegmentedRaftLog:OPENED:c-1,f0,i0, conf=0: [omNode-3:localhost:11644, omNode-1:localhost:11632, omNode-2:localhost:11638], old=null
2020-04-15 04:09:38,899 [grpc-default-executor-1] INFO  impl.RoleInfo (RoleInfo.java:updateAndGet(143)) - omNode-2: start FollowerState
2020-04-15 04:09:39,219 [Datanode State Machine Thread - 4] WARN  statemachine.EndpointStateMachine (EndpointStateMachine.java:logIfNeeded(217)) - Unable to communicate to SCM server at 0.0.0.0:40289 for past 0 seconds.
java.net.SocketTimeoutException: Call From edabee8e3155/172.17.0.2 to 0.0.0.0:40289 failed on socket timeout exception: java.net.SocketTimeoutException: 1000 millis timeout while waiting for channel to be ready for read. ch : java.nio.channels.SocketChannel[connected local=/172.17.0.2:47192 remote=0.0.0.0/0.0.0.0:40289]; For more details see:  http://wiki.apache.org/hadoop/SocketTimeout
	at sun.reflect.GeneratedConstructorAccessor17.newInstance(Unknown Source)
	at sun.reflect.DelegatingConstructorAccessorImpl.newInstance(DelegatingConstructorAccessorImpl.java:45)
	at java.lang.reflect.Constructor.newInstance(Constructor.java:423)
	at org.apache.hadoop.net.NetUtils.wrapWithMessage(NetUtils.java:831)
	at org.apache.hadoop.net.NetUtils.wrapException(NetUtils.java:775)
	at org.apache.hadoop.ipc.Client.getRpcResponse(Client.java:1515)
	at org.apache.hadoop.ipc.Client.call(Client.java:1457)
	at org.apache.hadoop.ipc.Client.call(Client.java:1367)
	at org.apache.hadoop.ipc.ProtobufRpcEngine$Invoker.invoke(ProtobufRpcEngine.java:228)
	at org.apache.hadoop.ipc.ProtobufRpcEngine$Invoker.invoke(ProtobufRpcEngine.java:116)
	at com.sun.proxy.$Proxy40.submitRequest(Unknown Source)
	at org.apache.hadoop.ozone.protocolPB.StorageContainerDatanodeProtocolClientSideTranslatorPB.submitRequest(StorageContainerDatanodeProtocolClientSideTranslatorPB.java:116)
	at org.apache.hadoop.ozone.protocolPB.StorageContainerDatanodeProtocolClientSideTranslatorPB.sendHeartbeat(StorageContainerDatanodeProtocolClientSideTranslatorPB.java:148)
	at org.apache.hadoop.ozone.container.common.states.endpoint.HeartbeatEndpointTask.call(HeartbeatEndpointTask.java:145)
	at org.apache.hadoop.ozone.container.common.states.endpoint.HeartbeatEndpointTask.call(HeartbeatEndpointTask.java:76)
	at java.util.concurrent.FutureTask.run(FutureTask.java:266)
	at java.util.concurrent.Executors$RunnableAdapter.call(Executors.java:511)
	at java.util.concurrent.FutureTask.run(FutureTask.java:266)
	at java.util.concurrent.ThreadPoolExecutor.runWorker(ThreadPoolExecutor.java:1149)
	at java.util.concurrent.ThreadPoolExecutor$Worker.run(ThreadPoolExecutor.java:624)
	at java.lang.Thread.run(Thread.java:748)
Caused by: java.net.SocketTimeoutException: 1000 millis timeout while waiting for channel to be ready for read. ch : java.nio.channels.SocketChannel[connected local=/172.17.0.2:47192 remote=0.0.0.0/0.0.0.0:40289]
	at org.apache.hadoop.net.SocketIOWithTimeout.doIO(SocketIOWithTimeout.java:164)
	at org.apache.hadoop.net.SocketInputStream.read(SocketInputStream.java:161)
	at org.apache.hadoop.net.SocketInputStream.read(SocketInputStream.java:131)
	at java.io.FilterInputStream.read(FilterInputStream.java:133)
	at java.io.BufferedInputStream.fill(BufferedInputStream.java:246)
	at java.io.BufferedInputStream.read(BufferedInputStream.java:265)
	at java.io.FilterInputStream.read(FilterInputStream.java:83)
	at java.io.FilterInputStream.read(FilterInputStream.java:83)
	at org.apache.hadoop.ipc.Client$Connection$PingInputStream.read(Client.java:557)
	at java.io.DataInputStream.readInt(DataInputStream.java:387)
	at org.apache.hadoop.ipc.Client$IpcStreams.readResponse(Client.java:1816)
	at org.apache.hadoop.ipc.Client$Connection.receiveRpcResponse(Client.java:1173)
	at org.apache.hadoop.ipc.Client$Connection.run(Client.java:1069)
2020-04-15 04:09:39,297 [omNode-1@group-6C22E66A003A-LeaderElection36] INFO  impl.LeaderElection (LeaderElection.java:askForVotes(206)) - omNode-1@group-6C22E66A003A-LeaderElection36: begin an election at term 64 for 0: [omNode-3:localhost:11644, omNode-1:localhost:11632, omNode-2:localhost:11638], old=null
2020-04-15 04:09:39,264 [Datanode State Machine Thread - 7] WARN  statemachine.EndpointStateMachine (EndpointStateMachine.java:logIfNeeded(217)) - Unable to communicate to SCM server at 0.0.0.0:40289 for past 0 seconds.
java.net.SocketTimeoutException: Call From edabee8e3155/172.17.0.2 to 0.0.0.0:40289 failed on socket timeout exception: java.net.SocketTimeoutException: 1000 millis timeout while waiting for channel to be ready for read. ch : java.nio.channels.SocketChannel[connected local=/172.17.0.2:47192 remote=0.0.0.0/0.0.0.0:40289]; For more details see:  http://wiki.apache.org/hadoop/SocketTimeout
	at sun.reflect.GeneratedConstructorAccessor17.newInstance(Unknown Source)
	at sun.reflect.DelegatingConstructorAccessorImpl.newInstance(DelegatingConstructorAccessorImpl.java:45)
	at java.lang.reflect.Constructor.newInstance(Constructor.java:423)
	at org.apache.hadoop.net.NetUtils.wrapWithMessage(NetUtils.java:831)
	at org.apache.hadoop.net.NetUtils.wrapException(NetUtils.java:775)
	at org.apache.hadoop.ipc.Client.getRpcResponse(Client.java:1515)
	at org.apache.hadoop.ipc.Client.call(Client.java:1457)
	at org.apache.hadoop.ipc.Client.call(Client.java:1367)
	at org.apache.hadoop.ipc.ProtobufRpcEngine$Invoker.invoke(ProtobufRpcEngine.java:228)
	at org.apache.hadoop.ipc.ProtobufRpcEngine$Invoker.invoke(ProtobufRpcEngine.java:116)
	at com.sun.proxy.$Proxy40.submitRequest(Unknown Source)
	at org.apache.hadoop.ozone.protocolPB.StorageContainerDatanodeProtocolClientSideTranslatorPB.submitRequest(StorageContainerDatanodeProtocolClientSideTranslatorPB.java:116)
	at org.apache.hadoop.ozone.protocolPB.StorageContainerDatanodeProtocolClientSideTranslatorPB.sendHeartbeat(StorageContainerDatanodeProtocolClientSideTranslatorPB.java:148)
	at org.apache.hadoop.ozone.container.common.states.endpoint.HeartbeatEndpointTask.call(HeartbeatEndpointTask.java:145)
	at org.apache.hadoop.ozone.container.common.states.endpoint.HeartbeatEndpointTask.call(HeartbeatEndpointTask.java:76)
	at java.util.concurrent.FutureTask.run(FutureTask.java:266)
	at java.util.concurrent.Executors$RunnableAdapter.call(Executors.java:511)
	at java.util.concurrent.FutureTask.run(FutureTask.java:266)
	at java.util.concurrent.ThreadPoolExecutor.runWorker(ThreadPoolExecutor.java:1149)
	at java.util.concurrent.ThreadPoolExecutor$Worker.run(ThreadPoolExecutor.java:624)
	at java.lang.Thread.run(Thread.java:748)
Caused by: java.net.SocketTimeoutException: 1000 millis timeout while waiting for channel to be ready for read. ch : java.nio.channels.SocketChannel[connected local=/172.17.0.2:47192 remote=0.0.0.0/0.0.0.0:40289]
	at org.apache.hadoop.net.SocketIOWithTimeout.doIO(SocketIOWithTimeout.java:164)
	at org.apache.hadoop.net.SocketInputStream.read(SocketInputStream.java:161)
	at org.apache.hadoop.net.SocketInputStream.read(SocketInputStream.java:131)
	at java.io.FilterInputStream.read(FilterInputStream.java:133)
	at java.io.BufferedInputStream.fill(BufferedInputStream.java:246)
	at java.io.BufferedInputStream.read(BufferedInputStream.java:265)
	at java.io.FilterInputStream.read(FilterInputStream.java:83)
	at java.io.FilterInputStream.read(FilterInputStream.java:83)
	at org.apache.hadoop.ipc.Client$Connection$PingInputStream.read(Client.java:557)
	at java.io.DataInputStream.readInt(DataInputStream.java:387)
	at org.apache.hadoop.ipc.Client$IpcStreams.readResponse(Client.java:1816)
	at org.apache.hadoop.ipc.Client$Connection.receiveRpcResponse(Client.java:1173)
	at org.apache.hadoop.ipc.Client$Connection.run(Client.java:1069)
2020-04-15 04:09:39,264 [Datanode State Machine Thread - 1] WARN  statemachine.EndpointStateMachine (EndpointStateMachine.java:logIfNeeded(217)) - Unable to communicate to SCM server at 0.0.0.0:40289 for past 0 seconds.
java.net.SocketTimeoutException: Call From edabee8e3155/172.17.0.2 to 0.0.0.0:40289 failed on socket timeout exception: java.net.SocketTimeoutException: 1000 millis timeout while waiting for channel to be ready for read. ch : java.nio.channels.SocketChannel[connected local=/172.17.0.2:47192 remote=0.0.0.0/0.0.0.0:40289]; For more details see:  http://wiki.apache.org/hadoop/SocketTimeout
	at sun.reflect.GeneratedConstructorAccessor17.newInstance(Unknown Source)
	at sun.reflect.DelegatingConstructorAccessorImpl.newInstance(DelegatingConstructorAccessorImpl.java:45)
	at java.lang.reflect.Constructor.newInstance(Constructor.java:423)
	at org.apache.hadoop.net.NetUtils.wrapWithMessage(NetUtils.java:831)
	at org.apache.hadoop.net.NetUtils.wrapException(NetUtils.java:775)
	at org.apache.hadoop.ipc.Client.getRpcResponse(Client.java:1515)
	at org.apache.hadoop.ipc.Client.call(Client.java:1457)
	at org.apache.hadoop.ipc.Client.call(Client.java:1367)
	at org.apache.hadoop.ipc.ProtobufRpcEngine$Invoker.invoke(ProtobufRpcEngine.java:228)
	at org.apache.hadoop.ipc.ProtobufRpcEngine$Invoker.invoke(ProtobufRpcEngine.java:116)
	at com.sun.proxy.$Proxy40.submitRequest(Unknown Source)
	at org.apache.hadoop.ozone.protocolPB.StorageContainerDatanodeProtocolClientSideTranslatorPB.submitRequest(StorageContainerDatanodeProtocolClientSideTranslatorPB.java:116)
	at org.apache.hadoop.ozone.protocolPB.StorageContainerDatanodeProtocolClientSideTranslatorPB.sendHeartbeat(StorageContainerDatanodeProtocolClientSideTranslatorPB.java:148)
	at org.apache.hadoop.ozone.container.common.states.endpoint.HeartbeatEndpointTask.call(HeartbeatEndpointTask.java:145)
	at org.apache.hadoop.ozone.container.common.states.endpoint.HeartbeatEndpointTask.call(HeartbeatEndpointTask.java:76)
	at java.util.concurrent.FutureTask.run(FutureTask.java:266)
	at java.util.concurrent.Executors$RunnableAdapter.call(Executors.java:511)
	at java.util.concurrent.FutureTask.run(FutureTask.java:266)
	at java.util.concurrent.ThreadPoolExecutor.runWorker(ThreadPoolExecutor.java:1149)
	at java.util.concurrent.ThreadPoolExecutor$Worker.run(ThreadPoolExecutor.java:624)
	at java.lang.Thread.run(Thread.java:748)
Caused by: java.net.SocketTimeoutException: 1000 millis timeout while waiting for channel to be ready for read. ch : java.nio.channels.SocketChannel[connected local=/172.17.0.2:47192 remote=0.0.0.0/0.0.0.0:40289]
	at org.apache.hadoop.net.SocketIOWithTimeout.doIO(SocketIOWithTimeout.java:164)
	at org.apache.hadoop.net.SocketInputStream.read(SocketInputStream.java:161)
	at org.apache.hadoop.net.SocketInputStream.read(SocketInputStream.java:131)
	at java.io.FilterInputStream.read(FilterInputStream.java:133)
	at java.io.BufferedInputStream.fill(BufferedInputStream.java:246)
	at java.io.BufferedInputStream.read(BufferedInputStream.java:265)
	at java.io.FilterInputStream.read(FilterInputStream.java:83)
	at java.io.FilterInputStream.read(FilterInputStream.java:83)
	at org.apache.hadoop.ipc.Client$Connection$PingInputStream.read(Client.java:557)
	at java.io.DataInputStream.readInt(DataInputStream.java:387)
	at org.apache.hadoop.ipc.Client$IpcStreams.readResponse(Client.java:1816)
	at org.apache.hadoop.ipc.Client$Connection.receiveRpcResponse(Client.java:1173)
	at org.apache.hadoop.ipc.Client$Connection.run(Client.java:1069)
2020-04-15 04:09:39,476 [SCM Heartbeat Processing Thread - 0] ERROR node.NodeStateManager (NodeStateManager.java:checkNodesHealth(636)) - Total time spend processing datanode HB's is greater than configured values for datanode heartbeats. Please adjust the heartbeat configs. Time Spend on HB processing: 0 seconds Datanode heartbeat Interval: 100 seconds.
2020-04-15 04:09:39,577 [IPC Server handler 4 on 40289] WARN  ipc.Server (Server.java:processResponse(1523)) - IPC Server handler 4 on 40289, call Call#231 Retry#0 org.apache.hadoop.ozone.protocol.StorageContainerDatanodeProtocol.submitRequest from 172.17.0.2:47192: output error
2020-04-15 04:09:39,578 [IPC Server handler 4 on 40289] INFO  ipc.Server (Server.java:run(2695)) - IPC Server handler 4 on 40289 caught an exception
java.nio.channels.ClosedChannelException
	at sun.nio.ch.SocketChannelImpl.ensureWriteOpen(SocketChannelImpl.java:270)
	at sun.nio.ch.SocketChannelImpl.write(SocketChannelImpl.java:461)
	at org.apache.hadoop.ipc.Server.channelWrite(Server.java:3250)
	at org.apache.hadoop.ipc.Server.access$1700(Server.java:137)
	at org.apache.hadoop.ipc.Server$Responder.processResponse(Server.java:1473)
	at org.apache.hadoop.ipc.Server$Responder.doRespond(Server.java:1543)
	at org.apache.hadoop.ipc.Server$Connection.sendResponse(Server.java:2593)
	at org.apache.hadoop.ipc.Server$Connection.access$300(Server.java:1615)
	at org.apache.hadoop.ipc.Server$RpcCall.doResponse(Server.java:940)
	at org.apache.hadoop.ipc.Server$Call.sendResponse(Server.java:774)
	at org.apache.hadoop.ipc.Server$RpcCall.run(Server.java:885)
	at org.apache.hadoop.ipc.Server$RpcCall.run(Server.java:822)
	at java.security.AccessController.doPrivileged(Native Method)
	at javax.security.auth.Subject.doAs(Subject.java:422)
	at org.apache.hadoop.security.UserGroupInformation.doAs(UserGroupInformation.java:1730)
	at org.apache.hadoop.ipc.Server$Handler.run(Server.java:2682)
2020-04-15 04:09:39,579 [IPC Server handler 17 on 40289] WARN  ipc.Server (Server.java:processResponse(1523)) - IPC Server handler 17 on 40289, call Call#229 Retry#0 org.apache.hadoop.ozone.protocol.StorageContainerDatanodeProtocol.submitRequest from 172.17.0.2:47192: output error
2020-04-15 04:09:39,579 [IPC Server handler 17 on 40289] INFO  ipc.Server (Server.java:run(2695)) - IPC Server handler 17 on 40289 caught an exception
java.nio.channels.ClosedChannelException
	at sun.nio.ch.SocketChannelImpl.ensureWriteOpen(SocketChannelImpl.java:270)
	at sun.nio.ch.SocketChannelImpl.write(SocketChannelImpl.java:461)
	at org.apache.hadoop.ipc.Server.channelWrite(Server.java:3250)
	at org.apache.hadoop.ipc.Server.access$1700(Server.java:137)
	at org.apache.hadoop.ipc.Server$Responder.processResponse(Server.java:1473)
	at org.apache.hadoop.ipc.Server$Responder.doRespond(Server.java:1543)
	at org.apache.hadoop.ipc.Server$Connection.sendResponse(Server.java:2593)
	at org.apache.hadoop.ipc.Server$Connection.access$300(Server.java:1615)
	at org.apache.hadoop.ipc.Server$RpcCall.doResponse(Server.java:940)
	at org.apache.hadoop.ipc.Server$Call.sendResponse(Server.java:774)
	at org.apache.hadoop.ipc.Server$RpcCall.run(Server.java:885)
	at org.apache.hadoop.ipc.Server$RpcCall.run(Server.java:822)
	at java.security.AccessController.doPrivileged(Native Method)
	at javax.security.auth.Subject.doAs(Subject.java:422)
	at org.apache.hadoop.security.UserGroupInformation.doAs(UserGroupInformation.java:1730)
	at org.apache.hadoop.ipc.Server$Handler.run(Server.java:2682)
2020-04-15 04:09:39,582 [grpc-default-executor-5] INFO  impl.FollowerInfo (FollowerInfo.java:lambda$new$0(50)) - omNode-2@group-6C22E66A003A->omNode-3: nextIndex: updateUnconditionally 2 -> 1
2020-04-15 04:09:39,583 [IPC Server handler 11 on 40289] WARN  ipc.Server (Server.java:processResponse(1523)) - IPC Server handler 11 on 40289, call Call#230 Retry#0 org.apache.hadoop.ozone.protocol.StorageContainerDatanodeProtocol.submitRequest from 172.17.0.2:47192: output error
2020-04-15 04:09:39,584 [IPC Server handler 11 on 40289] INFO  ipc.Server (Server.java:run(2695)) - IPC Server handler 11 on 40289 caught an exception
java.nio.channels.ClosedChannelException
	at sun.nio.ch.SocketChannelImpl.ensureWriteOpen(SocketChannelImpl.java:270)
	at sun.nio.ch.SocketChannelImpl.write(SocketChannelImpl.java:461)
	at org.apache.hadoop.ipc.Server.channelWrite(Server.java:3250)
	at org.apache.hadoop.ipc.Server.access$1700(Server.java:137)
	at org.apache.hadoop.ipc.Server$Responder.processResponse(Server.java:1473)
	at org.apache.hadoop.ipc.Server$Responder.doRespond(Server.java:1543)
	at org.apache.hadoop.ipc.Server$Connection.sendResponse(Server.java:2593)
	at org.apache.hadoop.ipc.Server$Connection.access$300(Server.java:1615)
	at org.apache.hadoop.ipc.Server$RpcCall.doResponse(Server.java:940)
	at org.apache.hadoop.ipc.Server$Call.sendResponse(Server.java:774)
	at org.apache.hadoop.ipc.Server$RpcCall.run(Server.java:885)
	at org.apache.hadoop.ipc.Server$RpcCall.run(Server.java:822)
	at java.security.AccessController.doPrivileged(Native Method)
	at javax.security.auth.Subject.doAs(Subject.java:422)
	at org.apache.hadoop.security.UserGroupInformation.doAs(UserGroupInformation.java:1730)
	at org.apache.hadoop.ipc.Server$Handler.run(Server.java:2682)
2020-04-15 04:09:39,599 [45a63c2d-5a1c-471d-92ad-27f15c6268a3@group-3A19E40C7583-LeaderElection35] INFO  impl.LeaderElection (LeaderElection.java:logAndReturn(61)) - 45a63c2d-5a1c-471d-92ad-27f15c6268a3@group-3A19E40C7583-LeaderElection35: Election PASSED; received 1 response(s) [45a63c2d-5a1c-471d-92ad-27f15c6268a3<-e9b38915-e851-41b1-8884-0e332c6a8248#0:OK-t5] and 0 exception(s); 45a63c2d-5a1c-471d-92ad-27f15c6268a3@group-3A19E40C7583:t5, leader=null, voted=45a63c2d-5a1c-471d-92ad-27f15c6268a3, raftlog=45a63c2d-5a1c-471d-92ad-27f15c6268a3@group-3A19E40C7583-SegmentedRaftLog:OPENED:c-1,f-1,i0, conf=-1: [e9b38915-e851-41b1-8884-0e332c6a8248:172.17.0.2:46057, 45a63c2d-5a1c-471d-92ad-27f15c6268a3:172.17.0.2:46295, e7d22208-90f1-4c2d-8da4-8182bc2fedbb:172.17.0.2:37613], old=null
2020-04-15 04:09:39,632 [45a63c2d-5a1c-471d-92ad-27f15c6268a3@group-3A19E40C7583-LeaderElection35] INFO  impl.RoleInfo (RoleInfo.java:shutdownLeaderElection(134)) - 45a63c2d-5a1c-471d-92ad-27f15c6268a3: shutdown LeaderElection
2020-04-15 04:09:39,633 [45a63c2d-5a1c-471d-92ad-27f15c6268a3@group-3A19E40C7583-LeaderElection35] INFO  impl.RaftServerImpl (RaftServerImpl.java:setRole(172)) - 45a63c2d-5a1c-471d-92ad-27f15c6268a3@group-3A19E40C7583: changes role from CANDIDATE to LEADER at term 5 for changeToLeader
2020-04-15 04:09:39,633 [45a63c2d-5a1c-471d-92ad-27f15c6268a3@group-3A19E40C7583-LeaderElection35] INFO  ratis.XceiverServerRatis (XceiverServerRatis.java:handleLeaderChangedNotification(739)) - Leader change notification received for group: group-3A19E40C7583 with new leaderId: 45a63c2d-5a1c-471d-92ad-27f15c6268a3
2020-04-15 04:09:39,671 [grpc-default-executor-11] INFO  impl.RaftServerImpl (RaftServerImpl.java:setRole(172)) - omNode-3@group-6C22E66A003A: changes role from CANDIDATE to FOLLOWER at term 64 for recognizeCandidate:omNode-1
2020-04-15 04:09:39,862 [omNode-3@group-6C22E66A003A-LeaderElection37] INFO  impl.LeaderElection (LeaderElection.java:logAndReturn(61)) - omNode-3@group-6C22E66A003A-LeaderElection37: Election REJECTED; received 0 response(s) [] and 0 exception(s); omNode-3@group-6C22E66A003A:t64, leader=null, voted=null, raftlog=omNode-3@group-6C22E66A003A-SegmentedRaftLog:OPENED:c-1,f-1,i0, conf=-1: [omNode-3:localhost:11644, omNode-1:localhost:11632, omNode-2:localhost:11638], old=null
2020-04-15 04:09:39,862 [main] INFO  ozone.MiniOzoneClusterImpl (MiniOzoneClusterImpl.java:lambda$waitForClusterToBeReady$0(177)) - Nodes are ready. Got 3 of 3 DN Heartbeats.
2020-04-15 04:09:40,049 [main] INFO  ozone.MiniOzoneClusterImpl (MiniOzoneClusterImpl.java:lambda$waitForClusterToBeReady$0(180)) - Waiting for cluster to exit safe mode
2020-04-15 04:09:39,764 [45a63c2d-5a1c-471d-92ad-27f15c6268a3@group-3A19E40C7583-LeaderElection35] INFO  impl.RaftServerImpl (ServerState.java:setLeader(255)) - 45a63c2d-5a1c-471d-92ad-27f15c6268a3@group-3A19E40C7583: change Leader from null to 45a63c2d-5a1c-471d-92ad-27f15c6268a3 at term 5 for becomeLeader, leader elected after 26899ms
2020-04-15 04:09:39,715 [grpc-default-executor-12] INFO  impl.RaftServerImpl (RaftServerImpl.java:setRole(172)) - omNode-2@group-6C22E66A003A: changes role from  FOLLOWER to FOLLOWER at term 63 for recognizeCandidate:omNode-3
2020-04-15 04:09:40,049 [grpc-default-executor-12] INFO  impl.RoleInfo (RoleInfo.java:shutdownFollowerState(121)) - omNode-2: shutdown FollowerState
2020-04-15 04:09:40,049 [grpc-default-executor-12] INFO  impl.RoleInfo (RoleInfo.java:updateAndGet(143)) - omNode-2: start FollowerState
2020-04-15 04:09:40,050 [Thread-728] INFO  impl.FollowerState (FollowerState.java:run(117)) - omNode-2@group-6C22E66A003A-FollowerState was interrupted: java.lang.InterruptedException: sleep interrupted
2020-04-15 04:09:40,048 [grpc-default-executor-11] INFO  impl.RoleInfo (RoleInfo.java:shutdownLeaderElection(134)) - omNode-3: shutdown LeaderElection
2020-04-15 04:09:40,085 [45a63c2d-5a1c-471d-92ad-27f15c6268a3@group-3A19E40C7583-LeaderElection35] INFO  server.RaftServerConfigKeys (ConfUtils.java:logGet(44)) - raft.server.staging.catchup.gap = 1000 (default)
2020-04-15 04:09:40,096 [45a63c2d-5a1c-471d-92ad-27f15c6268a3@group-3A19E40C7583-LeaderElection35] INFO  server.RaftServerConfigKeys (ConfUtils.java:logGet(44)) - raft.server.rpc.sleep.time = 25ms (default)
2020-04-15 04:09:40,107 [45a63c2d-5a1c-471d-92ad-27f15c6268a3@group-3A19E40C7583-LeaderElection35] INFO  metrics.RatisMetrics (RatisMetrics.java:lambda$create$0(39)) - Creating Metrics Registry : ratis.log_appender.45a63c2d-5a1c-471d-92ad-27f15c6268a3@group-3A19E40C7583
2020-04-15 04:09:40,108 [45a63c2d-5a1c-471d-92ad-27f15c6268a3@group-3A19E40C7583-LeaderElection35] INFO  server.RaftServerConfigKeys (ConfUtils.java:logGet(44)) - raft.server.write.element-limit = 1024 (custom)
2020-04-15 04:09:40,108 [45a63c2d-5a1c-471d-92ad-27f15c6268a3@group-3A19E40C7583-LeaderElection35] INFO  server.RaftServerConfigKeys (ConfUtils.java:logGet(44)) - raft.server.write.byte-limit = 1073741824 (custom)
2020-04-15 04:09:40,109 [45a63c2d-5a1c-471d-92ad-27f15c6268a3@group-3A19E40C7583-LeaderElection35] INFO  server.RaftServerConfigKeys (ConfUtils.java:logGet(44)) - raft.server.watch.timeout = 180s (custom)
2020-04-15 04:09:40,109 [45a63c2d-5a1c-471d-92ad-27f15c6268a3@group-3A19E40C7583-LeaderElection35] INFO  server.RaftServerConfigKeys (ConfUtils.java:logGet(44)) - raft.server.watch.timeout.denomination = 1s (default)
2020-04-15 04:09:40,109 [45a63c2d-5a1c-471d-92ad-27f15c6268a3@group-3A19E40C7583-LeaderElection35] INFO  server.RaftServerConfigKeys (ConfUtils.java:logGet(44)) - raft.server.watch.element-limit = 65536 (default)
2020-04-15 04:09:40,109 [45a63c2d-5a1c-471d-92ad-27f15c6268a3@group-3A19E40C7583-LeaderElection35] INFO  server.RaftServerConfigKeys (ConfUtils.java:logGet(44)) - raft.server.log.appender.snapshot.chunk.size.max = 16MB (=16777216) (default)
2020-04-15 04:09:40,109 [45a63c2d-5a1c-471d-92ad-27f15c6268a3@group-3A19E40C7583-LeaderElection35] INFO  server.RaftServerConfigKeys (ConfUtils.java:logGet(44)) - raft.server.log.appender.buffer.byte-limit = 33554432 (custom)
2020-04-15 04:09:40,110 [45a63c2d-5a1c-471d-92ad-27f15c6268a3@group-3A19E40C7583-LeaderElection35] INFO  server.RaftServerConfigKeys (ConfUtils.java:logGet(44)) - raft.server.log.appender.buffer.element-limit = 1 (custom)
2020-04-15 04:09:40,110 [45a63c2d-5a1c-471d-92ad-27f15c6268a3@group-3A19E40C7583-LeaderElection35] INFO  grpc.GrpcConfigKeys (ConfUtils.java:logGet(44)) - raft.grpc.server.leader.outstanding.appends.max = 128 (default)
2020-04-15 04:09:40,110 [45a63c2d-5a1c-471d-92ad-27f15c6268a3@group-3A19E40C7583-LeaderElection35] INFO  server.RaftServerConfigKeys (ConfUtils.java:logGet(44)) - raft.server.rpc.request.timeout = 60s (custom)
2020-04-15 04:09:40,110 [45a63c2d-5a1c-471d-92ad-27f15c6268a3@group-3A19E40C7583-LeaderElection35] INFO  server.RaftServerConfigKeys (ConfUtils.java:logGet(44)) - raft.server.log.appender.install.snapshot.enabled = false (custom)
2020-04-15 04:09:40,174 [grpc-default-executor-11] INFO  impl.RoleInfo (RoleInfo.java:updateAndGet(143)) - omNode-3: start FollowerState
2020-04-15 04:09:40,199 [45a63c2d-5a1c-471d-92ad-27f15c6268a3@group-3A19E40C7583-LeaderElection35] INFO  server.RaftServerConfigKeys (ConfUtils.java:logGet(44)) - raft.server.log.appender.snapshot.chunk.size.max = 16MB (=16777216) (default)
2020-04-15 04:09:40,199 [45a63c2d-5a1c-471d-92ad-27f15c6268a3@group-3A19E40C7583-LeaderElection35] INFO  server.RaftServerConfigKeys (ConfUtils.java:logGet(44)) - raft.server.log.appender.buffer.byte-limit = 33554432 (custom)
2020-04-15 04:09:40,199 [45a63c2d-5a1c-471d-92ad-27f15c6268a3@group-3A19E40C7583-LeaderElection35] INFO  server.RaftServerConfigKeys (ConfUtils.java:logGet(44)) - raft.server.log.appender.buffer.element-limit = 1 (custom)
2020-04-15 04:09:40,254 [45a63c2d-5a1c-471d-92ad-27f15c6268a3@group-3A19E40C7583-LeaderElection35] INFO  grpc.GrpcConfigKeys (ConfUtils.java:logGet(44)) - raft.grpc.server.leader.outstanding.appends.max = 128 (default)
2020-04-15 04:09:40,401 [45a63c2d-5a1c-471d-92ad-27f15c6268a3@group-3A19E40C7583-LeaderElection35] INFO  server.RaftServerConfigKeys (ConfUtils.java:logGet(44)) - raft.server.rpc.request.timeout = 60s (custom)
2020-04-15 04:09:40,402 [45a63c2d-5a1c-471d-92ad-27f15c6268a3@group-3A19E40C7583-LeaderElection35] INFO  server.RaftServerConfigKeys (ConfUtils.java:logGet(44)) - raft.server.log.appender.install.snapshot.enabled = false (custom)
2020-04-15 04:09:40,822 [omNode-1@group-6C22E66A003A-LeaderElection36] INFO  impl.LeaderElection (LeaderElection.java:logAndReturn(61)) - omNode-1@group-6C22E66A003A-LeaderElection36: Election TIMEOUT; received 0 response(s) [] and 0 exception(s); omNode-1@group-6C22E66A003A:t64, leader=null, voted=omNode-1, raftlog=omNode-1@group-6C22E66A003A-SegmentedRaftLog:OPENED:c-1,f0,i0, conf=0: [omNode-3:localhost:11644, omNode-1:localhost:11632, omNode-2:localhost:11638], old=null
2020-04-15 04:09:40,756 [grpc-default-executor-12] INFO  impl.RaftServerImpl (RaftServerImpl.java:setRole(172)) - omNode-2@group-6C22E66A003A: changes role from  FOLLOWER to FOLLOWER at term 64 for recognizeCandidate:omNode-1
2020-04-15 04:09:40,902 [grpc-default-executor-12] INFO  impl.RoleInfo (RoleInfo.java:shutdownFollowerState(121)) - omNode-2: shutdown FollowerState
2020-04-15 04:09:40,902 [grpc-default-executor-12] INFO  impl.RoleInfo (RoleInfo.java:updateAndGet(143)) - omNode-2: start FollowerState
2020-04-15 04:09:40,902 [Thread-732] INFO  impl.FollowerState (FollowerState.java:run(117)) - omNode-2@group-6C22E66A003A-FollowerState was interrupted: java.lang.InterruptedException: sleep interrupted
2020-04-15 04:09:41,030 [EventQueue-PipelineReportForPipelineReportHandler] INFO  pipeline.PipelineStateManager (PipelineStateManager.java:openPipeline(131)) - Pipeline Pipeline[ Id: a9f0531e-c35a-494a-b307-3a19e40c7583, Nodes: e9b38915-e851-41b1-8884-0e332c6a8248{ip: 172.17.0.2, host: edabee8e3155, networkLocation: /default-rack, certSerialId: null}45a63c2d-5a1c-471d-92ad-27f15c6268a3{ip: 172.17.0.2, host: edabee8e3155, networkLocation: /default-rack, certSerialId: null}e7d22208-90f1-4c2d-8da4-8182bc2fedbb{ip: 172.17.0.2, host: edabee8e3155, networkLocation: /default-rack, certSerialId: null}, Type:RATIS, Factor:THREE, State:ALLOCATED, leaderId:45a63c2d-5a1c-471d-92ad-27f15c6268a3, CreationTimestamp2020-04-15T04:08:41.301Z] moved to OPEN state
2020-04-15 04:09:41,301 [45a63c2d-5a1c-471d-92ad-27f15c6268a3@group-3A19E40C7583-LeaderElection35] INFO  impl.RoleInfo (RoleInfo.java:updateAndGet(143)) - 45a63c2d-5a1c-471d-92ad-27f15c6268a3: start LeaderState
2020-04-15 04:09:41,142 [omNode-1@group-6C22E66A003A-LeaderElection36] INFO  impl.LeaderElection (LeaderElection.java:askForVotes(206)) - omNode-1@group-6C22E66A003A-LeaderElection36: begin an election at term 65 for 0: [omNode-3:localhost:11644, omNode-1:localhost:11632, omNode-2:localhost:11638], old=null
2020-04-15 04:09:41,117 [main] INFO  ozone.MiniOzoneClusterImpl (MiniOzoneClusterImpl.java:lambda$waitForClusterToBeReady$0(177)) - Nodes are ready. Got 3 of 3 DN Heartbeats.
2020-04-15 04:09:41,896 [main] INFO  ozone.MiniOzoneClusterImpl (MiniOzoneClusterImpl.java:lambda$waitForClusterToBeReady$0(180)) - Waiting for cluster to exit safe mode
2020-04-15 04:09:41,635 [45a63c2d-5a1c-471d-92ad-27f15c6268a3@group-3A19E40C7583-LeaderElection35] INFO  segmented.SegmentedRaftLogWorker (SegmentedRaftLogWorker.java:startLogSegment(391)) - 45a63c2d-5a1c-471d-92ad-27f15c6268a3@group-3A19E40C7583-SegmentedRaftLogWorker: Starting segment from index:0
2020-04-15 04:09:41,448 [EventQueue-OpenPipelineForHealthyPipelineSafeModeRule] INFO  safemode.SCMSafeModeManager (HealthyPipelineSafeModeRule.java:process(131)) - SCM in safe mode. Healthy pipelines reported count is 1, required healthy pipeline reported count is 1
2020-04-15 04:09:41,448 [EventQueue-OpenPipelineForOneReplicaPipelineSafeModeRule] INFO  safemode.SCMSafeModeManager (SCMSafeModeManager.java:validateSafeModeExitRules(182)) - AtleastOneDatanodeReportedRule rule is successfully validated
2020-04-15 04:09:41,410 [Thread-733] INFO  impl.FollowerState (FollowerState.java:run(108)) - omNode-3@group-6C22E66A003A-FollowerState: change to CANDIDATE, lastRpcTime:1235ms, electionTimeout:1182ms
2020-04-15 04:09:41,972 [EventQueue-OpenPipelineForHealthyPipelineSafeModeRule] INFO  safemode.SCMSafeModeManager (SCMSafeModeManager.java:validateSafeModeExitRules(182)) - HealthyPipelineSafeModeRule rule is successfully validated
2020-04-15 04:09:41,994 [EventQueue-OpenPipelineForHealthyPipelineSafeModeRule] INFO  safemode.SCMSafeModeManager (SCMSafeModeManager.java:validateSafeModeExitRules(196)) - ScmSafeModeManager, all rules are successfully validated
2020-04-15 04:09:41,994 [EventQueue-OpenPipelineForHealthyPipelineSafeModeRule] INFO  safemode.SCMSafeModeManager (SCMSafeModeManager.java:exitSafeMode(225)) - SCM exiting safe mode.
2020-04-15 04:09:41,983 [Thread-737] INFO  impl.FollowerState (FollowerState.java:run(108)) - omNode-2@group-6C22E66A003A-FollowerState: change to CANDIDATE, lastRpcTime:1081ms, electionTimeout:1014ms
2020-04-15 04:09:41,995 [Thread-737] INFO  impl.RoleInfo (RoleInfo.java:shutdownFollowerState(121)) - omNode-2: shutdown FollowerState
2020-04-15 04:09:41,995 [Thread-737] INFO  impl.RaftServerImpl (RaftServerImpl.java:setRole(172)) - omNode-2@group-6C22E66A003A: changes role from  FOLLOWER to CANDIDATE at term 64 for changeToCandidate
2020-04-15 04:09:42,030 [45a63c2d-5a1c-471d-92ad-27f15c6268a3@group-3A19E40C7583-SegmentedRaftLogWorker] INFO  segmented.SegmentedRaftLogWorker (SegmentedRaftLogWorker.java:execute(583)) - 45a63c2d-5a1c-471d-92ad-27f15c6268a3@group-3A19E40C7583-SegmentedRaftLogWorker: created new log segment /github/workspace/hadoop-ozone/integration-test/target/test-dir/MiniOzoneClusterImpl-0135e7b1-1d2a-4fbb-b7c0-5297c589a039/datanode-1/data/ratis/a9f0531e-c35a-494a-b307-3a19e40c7583/current/log_inprogress_0
2020-04-15 04:09:42,078 [45a63c2d-5a1c-471d-92ad-27f15c6268a3@group-3A19E40C7583-LeaderElection35] INFO  impl.RaftServerImpl (ServerState.java:setRaftConf(356)) - 45a63c2d-5a1c-471d-92ad-27f15c6268a3@group-3A19E40C7583: set configuration 0: [e9b38915-e851-41b1-8884-0e332c6a8248:172.17.0.2:46057, 45a63c2d-5a1c-471d-92ad-27f15c6268a3:172.17.0.2:46295, e7d22208-90f1-4c2d-8da4-8182bc2fedbb:172.17.0.2:37613], old=null at 0
2020-04-15 04:09:42,073 [Thread-737] INFO  impl.RoleInfo (RoleInfo.java:updateAndGet(143)) - omNode-2: start LeaderElection
2020-04-15 04:09:42,041 [Thread-733] INFO  impl.RoleInfo (RoleInfo.java:shutdownFollowerState(121)) - omNode-3: shutdown FollowerState
2020-04-15 04:09:42,156 [Thread-733] INFO  impl.RaftServerImpl (RaftServerImpl.java:setRole(172)) - omNode-3@group-6C22E66A003A: changes role from  FOLLOWER to CANDIDATE at term 64 for changeToCandidate
2020-04-15 04:09:42,256 [Thread-733] INFO  impl.RoleInfo (RoleInfo.java:updateAndGet(143)) - omNode-3: start LeaderElection
2020-04-15 04:09:43,262 [Thread-723] INFO  impl.FollowerState (FollowerState.java:run(108)) - e7d22208-90f1-4c2d-8da4-8182bc2fedbb@group-3A19E40C7583-FollowerState: change to CANDIDATE, lastRpcTime:5535ms, electionTimeout:5162ms
2020-04-15 04:09:43,316 [grpc-default-executor-7] INFO  ratis.XceiverServerRatis (XceiverServerRatis.java:handleLeaderChangedNotification(739)) - Leader change notification received for group: group-3A19E40C7583 with new leaderId: 45a63c2d-5a1c-471d-92ad-27f15c6268a3
2020-04-15 04:09:43,483 [grpc-default-executor-7] INFO  impl.RaftServerImpl (ServerState.java:setLeader(255)) - e9b38915-e851-41b1-8884-0e332c6a8248@group-3A19E40C7583: change Leader from null to 45a63c2d-5a1c-471d-92ad-27f15c6268a3 at term 5 for appendEntries, leader elected after 45898ms
2020-04-15 04:09:43,483 [omNode-2@group-6C22E66A003A-LeaderElection39] INFO  impl.LeaderElection (LeaderElection.java:askForVotes(206)) - omNode-2@group-6C22E66A003A-LeaderElection39: begin an election at term 65 for 1: [omNode-3:localhost:11644, omNode-1:localhost:11632, omNode-2:localhost:11638], old=null
2020-04-15 04:09:43,632 [Thread-723] INFO  impl.RoleInfo (RoleInfo.java:shutdownFollowerState(121)) - e7d22208-90f1-4c2d-8da4-8182bc2fedbb: shutdown FollowerState
2020-04-15 04:09:44,599 [Thread-723] INFO  impl.RaftServerImpl (RaftServerImpl.java:setRole(172)) - e7d22208-90f1-4c2d-8da4-8182bc2fedbb@group-3A19E40C7583: changes role from  FOLLOWER to CANDIDATE at term 5 for changeToCandidate
2020-04-15 04:09:43,542 [grpc-default-executor-12] INFO  impl.RaftServerImpl (RaftServerImpl.java:setRole(172)) - omNode-3@group-6C22E66A003A: changes role from CANDIDATE to FOLLOWER at term 65 for recognizeCandidate:omNode-1
2020-04-15 04:09:43,542 [Thread-722] WARN  util.JavaUtils (JavaUtils.java:sleep(246)) - Unexpected long sleep: sleep(5051ms) actually took 5772ms which is over the threshold 300ms
2020-04-15 04:09:43,528 [main] INFO  ozone.MiniOzoneClusterImpl (MiniOzoneClusterImpl.java:lambda$waitForClusterToBeReady$0(177)) - Nodes are ready. Got 3 of 3 DN Heartbeats.
2020-04-15 04:09:45,247 [main] INFO  ozone.MiniOzoneClusterImpl (MiniOzoneClusterImpl.java:lambda$waitForClusterToBeReady$0(180)) - Cluster exits safe mode
2020-04-15 04:09:43,528 [omNode-1@group-6C22E66A003A-LeaderElection36] INFO  impl.LeaderElection (LeaderElection.java:logAndReturn(61)) - omNode-1@group-6C22E66A003A-LeaderElection36: Election TIMEOUT; received 0 response(s) [] and 0 exception(s); omNode-1@group-6C22E66A003A:t65, leader=null, voted=omNode-1, raftlog=omNode-1@group-6C22E66A003A-SegmentedRaftLog:OPENED:c-1,f0,i0, conf=0: [omNode-3:localhost:11644, omNode-1:localhost:11632, omNode-2:localhost:11638], old=null
2020-04-15 04:09:45,169 [omNode-2@group-6C22E66A003A-LeaderElection39] INFO  impl.LeaderElection (LeaderElection.java:logAndReturn(61)) - omNode-2@group-6C22E66A003A-LeaderElection39: Election TIMEOUT; received 0 response(s) [] and 0 exception(s); omNode-2@group-6C22E66A003A:t65, leader=null, voted=omNode-2, raftlog=omNode-2@group-6C22E66A003A-SegmentedRaftLog:OPENED:c0,f1,i1, conf=1: [omNode-3:localhost:11644, omNode-1:localhost:11632, omNode-2:localhost:11638], old=null
2020-04-15 04:09:44,755 [grpc-default-executor-12] INFO  impl.RoleInfo (RoleInfo.java:shutdownLeaderElection(134)) - omNode-3: shutdown LeaderElection
2020-04-15 04:09:45,494 [grpc-default-executor-12] INFO  impl.RoleInfo (RoleInfo.java:updateAndGet(143)) - omNode-3: start FollowerState
2020-04-15 04:09:44,721 [Thread-723] INFO  impl.RoleInfo (RoleInfo.java:updateAndGet(143)) - e7d22208-90f1-4c2d-8da4-8182bc2fedbb: start LeaderElection
2020-04-15 04:09:45,495 [omNode-1@group-6C22E66A003A-LeaderElection36] INFO  impl.LeaderElection (LeaderElection.java:askForVotes(206)) - omNode-1@group-6C22E66A003A-LeaderElection36: begin an election at term 66 for 0: [omNode-3:localhost:11644, omNode-1:localhost:11632, omNode-2:localhost:11638], old=null
2020-04-15 04:09:45,541 [omNode-2@group-6C22E66A003A-LeaderElection39] INFO  impl.LeaderElection (LeaderElection.java:askForVotes(206)) - omNode-2@group-6C22E66A003A-LeaderElection39: begin an election at term 66 for 1: [omNode-3:localhost:11644, omNode-1:localhost:11632, omNode-2:localhost:11638], old=null
2020-04-15 04:09:46,212 [omNode-3@group-6C22E66A003A-LeaderElection40] INFO  impl.LeaderElection (LeaderElection.java:askForVotes(206)) - omNode-3@group-6C22E66A003A-LeaderElection40: begin an election at term 66 for -1: [omNode-3:localhost:11644, omNode-1:localhost:11632, omNode-2:localhost:11638], old=null
2020-04-15 04:09:46,520 [Thread-741] INFO  container.ReplicationManager (ReplicationManager.java:start(165)) - Starting Replication Monitor Thread.
2020-04-15 04:09:46,368 [grpc-default-executor-11] INFO  impl.RaftServerImpl (ServerState.java:setRaftConf(356)) - e9b38915-e851-41b1-8884-0e332c6a8248@group-3A19E40C7583: set configuration 0: [e9b38915-e851-41b1-8884-0e332c6a8248:172.17.0.2:46057, 45a63c2d-5a1c-471d-92ad-27f15c6268a3:172.17.0.2:46295, e7d22208-90f1-4c2d-8da4-8182bc2fedbb:172.17.0.2:37613], old=null at 0
2020-04-15 04:09:46,786 [grpc-default-executor-11] INFO  segmented.SegmentedRaftLogWorker (SegmentedRaftLogWorker.java:startLogSegment(391)) - e9b38915-e851-41b1-8884-0e332c6a8248@group-3A19E40C7583-SegmentedRaftLogWorker: Starting segment from index:0
2020-04-15 04:09:46,256 [e7d22208-90f1-4c2d-8da4-8182bc2fedbb@group-3A19E40C7583-LeaderElection41] INFO  impl.LeaderElection (LeaderElection.java:askForVotes(206)) - e7d22208-90f1-4c2d-8da4-8182bc2fedbb@group-3A19E40C7583-LeaderElection41: begin an election at term 6 for -1: [e9b38915-e851-41b1-8884-0e332c6a8248:172.17.0.2:46057, 45a63c2d-5a1c-471d-92ad-27f15c6268a3:172.17.0.2:46295, e7d22208-90f1-4c2d-8da4-8182bc2fedbb:172.17.0.2:37613], old=null
2020-04-15 04:09:46,733 [omNode-1@group-6C22E66A003A-LeaderElection36] INFO  impl.LeaderElection (LeaderElection.java:logAndReturn(61)) - omNode-1@group-6C22E66A003A-LeaderElection36: Election TIMEOUT; received 0 response(s) [] and 0 exception(s); omNode-1@group-6C22E66A003A:t66, leader=null, voted=omNode-1, raftlog=omNode-1@group-6C22E66A003A-SegmentedRaftLog:OPENED:c-1,f0,i0, conf=0: [omNode-3:localhost:11644, omNode-1:localhost:11632, omNode-2:localhost:11638], old=null
2020-04-15 04:09:46,710 [omNode-3@group-6C22E66A003A-LeaderElection40] INFO  impl.LeaderElection (LeaderElection.java:logAndReturn(61)) - omNode-3@group-6C22E66A003A-LeaderElection40: Election REJECTED; received 0 response(s) [] and 0 exception(s); omNode-3@group-6C22E66A003A:t66, leader=null, voted=omNode-3, raftlog=omNode-3@group-6C22E66A003A-SegmentedRaftLog:OPENED:c-1,f-1,i0, conf=-1: [omNode-3:localhost:11644, omNode-1:localhost:11632, omNode-2:localhost:11638], old=null
2020-04-15 04:09:46,820 [omNode-2@group-6C22E66A003A-LeaderElection39] INFO  impl.LeaderElection (LeaderElection.java:logAndReturn(61)) - omNode-2@group-6C22E66A003A-LeaderElection39: Election TIMEOUT; received 0 response(s) [] and 0 exception(s); omNode-2@group-6C22E66A003A:t66, leader=null, voted=omNode-2, raftlog=omNode-2@group-6C22E66A003A-SegmentedRaftLog:OPENED:c0,f1,i1, conf=1: [omNode-3:localhost:11644, omNode-1:localhost:11632, omNode-2:localhost:11638], old=null
2020-04-15 04:09:46,822 [Thread-747] INFO  impl.FollowerState (FollowerState.java:run(108)) - omNode-3@group-6C22E66A003A-FollowerState: change to CANDIDATE, lastRpcTime:1327ms, electionTimeout:1158ms
2020-04-15 04:09:46,822 [Thread-747] INFO  impl.RoleInfo (RoleInfo.java:shutdownFollowerState(121)) - omNode-3: shutdown FollowerState
2020-04-15 04:09:46,822 [Thread-747] INFO  impl.RaftServerImpl (RaftServerImpl.java:setRole(172)) - omNode-3@group-6C22E66A003A: changes role from  FOLLOWER to CANDIDATE at term 66 for changeToCandidate
2020-04-15 04:09:46,823 [e9b38915-e851-41b1-8884-0e332c6a8248@group-3A19E40C7583-SegmentedRaftLogWorker] INFO  segmented.SegmentedRaftLogWorker (SegmentedRaftLogWorker.java:execute(583)) - e9b38915-e851-41b1-8884-0e332c6a8248@group-3A19E40C7583-SegmentedRaftLogWorker: created new log segment /github/workspace/hadoop-ozone/integration-test/target/test-dir/MiniOzoneClusterImpl-0135e7b1-1d2a-4fbb-b7c0-5297c589a039/datanode-2/data/ratis/a9f0531e-c35a-494a-b307-3a19e40c7583/current/log_inprogress_0
2020-04-15 04:09:46,823 [omNode-2@group-6C22E66A003A-LeaderElection39] INFO  impl.LeaderElection (LeaderElection.java:askForVotes(206)) - omNode-2@group-6C22E66A003A-LeaderElection39: begin an election at term 67 for 1: [omNode-3:localhost:11644, omNode-1:localhost:11632, omNode-2:localhost:11638], old=null
2020-04-15 04:09:46,901 [Thread-747] INFO  impl.RoleInfo (RoleInfo.java:updateAndGet(143)) - omNode-3: start LeaderElection
2020-04-15 04:09:46,975 [ReplicationMonitor] INFO  container.ReplicationManager (ReplicationManager.java:run(228)) - Replication Monitor Thread took 1 milliseconds for processing 0 containers.
2020-04-15 04:09:47,589 [omNode-1@group-6C22E66A003A-LeaderElection36] INFO  impl.LeaderElection (LeaderElection.java:askForVotes(206)) - omNode-1@group-6C22E66A003A-LeaderElection36: begin an election at term 67 for 0: [omNode-3:localhost:11644, omNode-1:localhost:11632, omNode-2:localhost:11638], old=null
2020-04-15 04:09:47,678 [Datanode State Machine Thread - 4] WARN  statemachine.EndpointStateMachine (EndpointStateMachine.java:logIfNeeded(217)) - Unable to communicate to SCM server at 0.0.0.0:40289 for past 0 seconds.
java.net.SocketTimeoutException: Call From edabee8e3155/172.17.0.2 to 0.0.0.0:40289 failed on socket timeout exception: java.net.SocketTimeoutException: 1000 millis timeout while waiting for channel to be ready for read. ch : java.nio.channels.SocketChannel[connected local=/172.17.0.2:47258 remote=0.0.0.0/0.0.0.0:40289]; For more details see:  http://wiki.apache.org/hadoop/SocketTimeout
	at sun.reflect.GeneratedConstructorAccessor17.newInstance(Unknown Source)
	at sun.reflect.DelegatingConstructorAccessorImpl.newInstance(DelegatingConstructorAccessorImpl.java:45)
	at java.lang.reflect.Constructor.newInstance(Constructor.java:423)
	at org.apache.hadoop.net.NetUtils.wrapWithMessage(NetUtils.java:831)
	at org.apache.hadoop.net.NetUtils.wrapException(NetUtils.java:775)
	at org.apache.hadoop.ipc.Client.getRpcResponse(Client.java:1515)
	at org.apache.hadoop.ipc.Client.call(Client.java:1457)
	at org.apache.hadoop.ipc.Client.call(Client.java:1367)
	at org.apache.hadoop.ipc.ProtobufRpcEngine$Invoker.invoke(ProtobufRpcEngine.java:228)
	at org.apache.hadoop.ipc.ProtobufRpcEngine$Invoker.invoke(ProtobufRpcEngine.java:116)
	at com.sun.proxy.$Proxy40.submitRequest(Unknown Source)
	at org.apache.hadoop.ozone.protocolPB.StorageContainerDatanodeProtocolClientSideTranslatorPB.submitRequest(StorageContainerDatanodeProtocolClientSideTranslatorPB.java:116)
	at org.apache.hadoop.ozone.protocolPB.StorageContainerDatanodeProtocolClientSideTranslatorPB.sendHeartbeat(StorageContainerDatanodeProtocolClientSideTranslatorPB.java:148)
	at org.apache.hadoop.ozone.container.common.states.endpoint.HeartbeatEndpointTask.call(HeartbeatEndpointTask.java:145)
	at org.apache.hadoop.ozone.container.common.states.endpoint.HeartbeatEndpointTask.call(HeartbeatEndpointTask.java:76)
	at java.util.concurrent.FutureTask.run(FutureTask.java:266)
	at java.util.concurrent.Executors$RunnableAdapter.call(Executors.java:511)
	at java.util.concurrent.FutureTask.run(FutureTask.java:266)
	at java.util.concurrent.ThreadPoolExecutor.runWorker(ThreadPoolExecutor.java:1149)
	at java.util.concurrent.ThreadPoolExecutor$Worker.run(ThreadPoolExecutor.java:624)
	at java.lang.Thread.run(Thread.java:748)
Caused by: java.net.SocketTimeoutException: 1000 millis timeout while waiting for channel to be ready for read. ch : java.nio.channels.SocketChannel[connected local=/172.17.0.2:47258 remote=0.0.0.0/0.0.0.0:40289]
	at org.apache.hadoop.net.SocketIOWithTimeout.doIO(SocketIOWithTimeout.java:164)
	at org.apache.hadoop.net.SocketInputStream.read(SocketInputStream.java:161)
	at org.apache.hadoop.net.SocketInputStream.read(SocketInputStream.java:131)
	at java.io.FilterInputStream.read(FilterInputStream.java:133)
	at java.io.BufferedInputStream.fill(BufferedInputStream.java:246)
	at java.io.BufferedInputStream.read(BufferedInputStream.java:265)
	at java.io.FilterInputStream.read(FilterInputStream.java:83)
	at java.io.FilterInputStream.read(FilterInputStream.java:83)
	at org.apache.hadoop.ipc.Client$Connection$PingInputStream.read(Client.java:557)
	at java.io.DataInputStream.readInt(DataInputStream.java:387)
	at org.apache.hadoop.ipc.Client$IpcStreams.readResponse(Client.java:1816)
	at org.apache.hadoop.ipc.Client$Connection.receiveRpcResponse(Client.java:1173)
	at org.apache.hadoop.ipc.Client$Connection.run(Client.java:1069)
2020-04-15 04:09:48,176 [omNode-2@group-6C22E66A003A-LeaderElection39] INFO  impl.LeaderElection (LeaderElection.java:logAndReturn(61)) - omNode-2@group-6C22E66A003A-LeaderElection39: Election TIMEOUT; received 0 response(s) [] and 0 exception(s); omNode-2@group-6C22E66A003A:t67, leader=null, voted=omNode-2, raftlog=omNode-2@group-6C22E66A003A-SegmentedRaftLog:OPENED:c0,f1,i1, conf=1: [omNode-3:localhost:11644, omNode-1:localhost:11632, omNode-2:localhost:11638], old=null
2020-04-15 04:09:47,657 [Datanode State Machine Thread - 1] WARN  statemachine.EndpointStateMachine (EndpointStateMachine.java:logIfNeeded(217)) - Unable to communicate to SCM server at 0.0.0.0:40289 for past 0 seconds.
java.net.SocketTimeoutException: Call From edabee8e3155/172.17.0.2 to 0.0.0.0:40289 failed on socket timeout exception: java.net.SocketTimeoutException: 1000 millis timeout while waiting for channel to be ready for read. ch : java.nio.channels.SocketChannel[connected local=/172.17.0.2:47258 remote=0.0.0.0/0.0.0.0:40289]; For more details see:  http://wiki.apache.org/hadoop/SocketTimeout
	at sun.reflect.GeneratedConstructorAccessor17.newInstance(Unknown Source)
	at sun.reflect.DelegatingConstructorAccessorImpl.newInstance(DelegatingConstructorAccessorImpl.java:45)
	at java.lang.reflect.Constructor.newInstance(Constructor.java:423)
	at org.apache.hadoop.net.NetUtils.wrapWithMessage(NetUtils.java:831)
	at org.apache.hadoop.net.NetUtils.wrapException(NetUtils.java:775)
	at org.apache.hadoop.ipc.Client.getRpcResponse(Client.java:1515)
	at org.apache.hadoop.ipc.Client.call(Client.java:1457)
	at org.apache.hadoop.ipc.Client.call(Client.java:1367)
	at org.apache.hadoop.ipc.ProtobufRpcEngine$Invoker.invoke(ProtobufRpcEngine.java:228)
	at org.apache.hadoop.ipc.ProtobufRpcEngine$Invoker.invoke(ProtobufRpcEngine.java:116)
	at com.sun.proxy.$Proxy40.submitRequest(Unknown Source)
	at org.apache.hadoop.ozone.protocolPB.StorageContainerDatanodeProtocolClientSideTranslatorPB.submitRequest(StorageContainerDatanodeProtocolClientSideTranslatorPB.java:116)
	at org.apache.hadoop.ozone.protocolPB.StorageContainerDatanodeProtocolClientSideTranslatorPB.sendHeartbeat(StorageContainerDatanodeProtocolClientSideTranslatorPB.java:148)
	at org.apache.hadoop.ozone.container.common.states.endpoint.HeartbeatEndpointTask.call(HeartbeatEndpointTask.java:145)
	at org.apache.hadoop.ozone.container.common.states.endpoint.HeartbeatEndpointTask.call(HeartbeatEndpointTask.java:76)
	at java.util.concurrent.FutureTask.run(FutureTask.java:266)
	at java.util.concurrent.Executors$RunnableAdapter.call(Executors.java:511)
	at java.util.concurrent.FutureTask.run(FutureTask.java:266)
	at java.util.concurrent.ThreadPoolExecutor.runWorker(ThreadPoolExecutor.java:1149)
	at java.util.concurrent.ThreadPoolExecutor$Worker.run(ThreadPoolExecutor.java:624)
	at java.lang.Thread.run(Thread.java:748)
Caused by: java.net.SocketTimeoutException: 1000 millis timeout while waiting for channel to be ready for read. ch : java.nio.channels.SocketChannel[connected local=/172.17.0.2:47258 remote=0.0.0.0/0.0.0.0:40289]
	at org.apache.hadoop.net.SocketIOWithTimeout.doIO(SocketIOWithTimeout.java:164)
	at org.apache.hadoop.net.SocketInputStream.read(SocketInputStream.java:161)
	at org.apache.hadoop.net.SocketInputStream.read(SocketInputStream.java:131)
	at java.io.FilterInputStream.read(FilterInputStream.java:133)
	at java.io.BufferedInputStream.fill(BufferedInputStream.java:246)
	at java.io.BufferedInputStream.read(BufferedInputStream.java:265)
	at java.io.FilterInputStream.read(FilterInputStream.java:83)
	at java.io.FilterInputStream.read(FilterInputStream.java:83)
	at org.apache.hadoop.ipc.Client$Connection$PingInputStream.read(Client.java:557)
	at java.io.DataInputStream.readInt(DataInputStream.java:387)
	at org.apache.hadoop.ipc.Client$IpcStreams.readResponse(Client.java:1816)
	at org.apache.hadoop.ipc.Client$Connection.receiveRpcResponse(Client.java:1173)
	at org.apache.hadoop.ipc.Client$Connection.run(Client.java:1069)
2020-04-15 04:09:47,657 [Datanode State Machine Thread - 1] WARN  statemachine.EndpointStateMachine (EndpointStateMachine.java:logIfNeeded(217)) - Unable to communicate to SCM server at 0.0.0.0:40289 for past 0 seconds.
java.net.SocketTimeoutException: Call From edabee8e3155/172.17.0.2 to 0.0.0.0:40289 failed on socket timeout exception: java.net.SocketTimeoutException: 1000 millis timeout while waiting for channel to be ready for read. ch : java.nio.channels.SocketChannel[connected local=/172.17.0.2:47258 remote=0.0.0.0/0.0.0.0:40289]; For more details see:  http://wiki.apache.org/hadoop/SocketTimeout
	at sun.reflect.GeneratedConstructorAccessor17.newInstance(Unknown Source)
	at sun.reflect.DelegatingConstructorAccessorImpl.newInstance(DelegatingConstructorAccessorImpl.java:45)
	at java.lang.reflect.Constructor.newInstance(Constructor.java:423)
	at org.apache.hadoop.net.NetUtils.wrapWithMessage(NetUtils.java:831)
	at org.apache.hadoop.net.NetUtils.wrapException(NetUtils.java:775)
	at org.apache.hadoop.ipc.Client.getRpcResponse(Client.java:1515)
	at org.apache.hadoop.ipc.Client.call(Client.java:1457)
	at org.apache.hadoop.ipc.Client.call(Client.java:1367)
	at org.apache.hadoop.ipc.ProtobufRpcEngine$Invoker.invoke(ProtobufRpcEngine.java:228)
	at org.apache.hadoop.ipc.ProtobufRpcEngine$Invoker.invoke(ProtobufRpcEngine.java:116)
	at com.sun.proxy.$Proxy40.submitRequest(Unknown Source)
	at org.apache.hadoop.ozone.protocolPB.StorageContainerDatanodeProtocolClientSideTranslatorPB.submitRequest(StorageContainerDatanodeProtocolClientSideTranslatorPB.java:116)
	at org.apache.hadoop.ozone.protocolPB.StorageContainerDatanodeProtocolClientSideTranslatorPB.sendHeartbeat(StorageContainerDatanodeProtocolClientSideTranslatorPB.java:148)
	at org.apache.hadoop.ozone.container.common.states.endpoint.HeartbeatEndpointTask.call(HeartbeatEndpointTask.java:145)
	at org.apache.hadoop.ozone.container.common.states.endpoint.HeartbeatEndpointTask.call(HeartbeatEndpointTask.java:76)
	at java.util.concurrent.FutureTask.run(FutureTask.java:266)
	at java.util.concurrent.Executors$RunnableAdapter.call(Executors.java:511)
	at java.util.concurrent.FutureTask.run(FutureTask.java:266)
	at java.util.concurrent.ThreadPoolExecutor.runWorker(ThreadPoolExecutor.java:1149)
	at java.util.concurrent.ThreadPoolExecutor$Worker.run(ThreadPoolExecutor.java:624)
	at java.lang.Thread.run(Thread.java:748)
Caused by: java.net.SocketTimeoutException: 1000 millis timeout while waiting for channel to be ready for read. ch : java.nio.channels.SocketChannel[connected local=/172.17.0.2:47258 remote=0.0.0.0/0.0.0.0:40289]
	at org.apache.hadoop.net.SocketIOWithTimeout.doIO(SocketIOWithTimeout.java:164)
	at org.apache.hadoop.net.SocketInputStream.read(SocketInputStream.java:161)
	at org.apache.hadoop.net.SocketInputStream.read(SocketInputStream.java:131)
	at java.io.FilterInputStream.read(FilterInputStream.java:133)
	at java.io.BufferedInputStream.fill(BufferedInputStream.java:246)
	at java.io.BufferedInputStream.read(BufferedInputStream.java:265)
	at java.io.FilterInputStream.read(FilterInputStream.java:83)
	at java.io.FilterInputStream.read(FilterInputStream.java:83)
	at org.apache.hadoop.ipc.Client$Connection$PingInputStream.read(Client.java:557)
	at java.io.DataInputStream.readInt(DataInputStream.java:387)
	at org.apache.hadoop.ipc.Client$IpcStreams.readResponse(Client.java:1816)
	at org.apache.hadoop.ipc.Client$Connection.receiveRpcResponse(Client.java:1173)
	at org.apache.hadoop.ipc.Client$Connection.run(Client.java:1069)
2020-04-15 04:09:48,635 [omNode-2@group-6C22E66A003A-LeaderElection39] INFO  impl.LeaderElection (LeaderElection.java:askForVotes(206)) - omNode-2@group-6C22E66A003A-LeaderElection39: begin an election at term 68 for 1: [omNode-3:localhost:11644, omNode-1:localhost:11632, omNode-2:localhost:11638], old=null
2020-04-15 04:09:48,030 [omNode-3@group-6C22E66A003A-LeaderElection42] INFO  impl.LeaderElection (LeaderElection.java:askForVotes(206)) - omNode-3@group-6C22E66A003A-LeaderElection42: begin an election at term 67 for -1: [omNode-3:localhost:11644, omNode-1:localhost:11632, omNode-2:localhost:11638], old=null
2020-04-15 04:09:48,030 [IPC Server handler 14 on 40289] WARN  ipc.Server (Server.java:processResponse(1523)) - IPC Server handler 14 on 40289, call Call#255 Retry#0 org.apache.hadoop.ozone.protocol.StorageContainerDatanodeProtocol.submitRequest from 172.17.0.2:47258: output error
2020-04-15 04:09:48,854 [IPC Server handler 14 on 40289] INFO  ipc.Server (Server.java:run(2695)) - IPC Server handler 14 on 40289 caught an exception
java.io.IOException: Broken pipe
	at sun.nio.ch.FileDispatcherImpl.write0(Native Method)
	at sun.nio.ch.SocketDispatcher.write(SocketDispatcher.java:47)
	at sun.nio.ch.IOUtil.writeFromNativeBuffer(IOUtil.java:93)
	at sun.nio.ch.IOUtil.write(IOUtil.java:65)
	at sun.nio.ch.SocketChannelImpl.write(SocketChannelImpl.java:471)
	at org.apache.hadoop.ipc.Server.channelWrite(Server.java:3250)
	at org.apache.hadoop.ipc.Server.access$1700(Server.java:137)
	at org.apache.hadoop.ipc.Server$Responder.processResponse(Server.java:1473)
	at org.apache.hadoop.ipc.Server$Responder.doRespond(Server.java:1543)
	at org.apache.hadoop.ipc.Server$Connection.sendResponse(Server.java:2593)
	at org.apache.hadoop.ipc.Server$Connection.access$300(Server.java:1615)
	at org.apache.hadoop.ipc.Server$RpcCall.doResponse(Server.java:940)
	at org.apache.hadoop.ipc.Server$Call.sendResponse(Server.java:774)
	at org.apache.hadoop.ipc.Server$RpcCall.run(Server.java:885)
	at org.apache.hadoop.ipc.Server$RpcCall.run(Server.java:822)
	at java.security.AccessController.doPrivileged(Native Method)
	at javax.security.auth.Subject.doAs(Subject.java:422)
	at org.apache.hadoop.security.UserGroupInformation.doAs(UserGroupInformation.java:1730)
	at org.apache.hadoop.ipc.Server$Handler.run(Server.java:2682)
2020-04-15 04:09:48,876 [IPC Server handler 2 on 40289] WARN  ipc.Server (Server.java:processResponse(1523)) - IPC Server handler 2 on 40289, call Call#254 Retry#0 org.apache.hadoop.ozone.protocol.StorageContainerDatanodeProtocol.submitRequest from 172.17.0.2:47258: output error
2020-04-15 04:09:48,876 [IPC Server handler 2 on 40289] INFO  ipc.Server (Server.java:run(2695)) - IPC Server handler 2 on 40289 caught an exception
java.nio.channels.ClosedChannelException
	at sun.nio.ch.SocketChannelImpl.ensureWriteOpen(SocketChannelImpl.java:270)
	at sun.nio.ch.SocketChannelImpl.write(SocketChannelImpl.java:461)
	at org.apache.hadoop.ipc.Server.channelWrite(Server.java:3250)
	at org.apache.hadoop.ipc.Server.access$1700(Server.java:137)
	at org.apache.hadoop.ipc.Server$Responder.processResponse(Server.java:1473)
	at org.apache.hadoop.ipc.Server$Responder.doRespond(Server.java:1543)
	at org.apache.hadoop.ipc.Server$Connection.sendResponse(Server.java:2593)
	at org.apache.hadoop.ipc.Server$Connection.access$300(Server.java:1615)
	at org.apache.hadoop.ipc.Server$RpcCall.doResponse(Server.java:940)
	at org.apache.hadoop.ipc.Server$Call.sendResponse(Server.java:774)
	at org.apache.hadoop.ipc.Server$RpcCall.run(Server.java:885)
	at org.apache.hadoop.ipc.Server$RpcCall.run(Server.java:822)
	at java.security.AccessController.doPrivileged(Native Method)
	at javax.security.auth.Subject.doAs(Subject.java:422)
	at org.apache.hadoop.security.UserGroupInformation.doAs(UserGroupInformation.java:1730)
	at org.apache.hadoop.ipc.Server$Handler.run(Server.java:2682)
2020-04-15 04:09:48,975 [omNode-1@group-6C22E66A003A-LeaderElection36] INFO  impl.LeaderElection (LeaderElection.java:logAndReturn(61)) - omNode-1@group-6C22E66A003A-LeaderElection36: Election TIMEOUT; received 0 response(s) [] and 0 exception(s); omNode-1@group-6C22E66A003A:t67, leader=null, voted=omNode-1, raftlog=omNode-1@group-6C22E66A003A-SegmentedRaftLog:OPENED:c-1,f0,i0, conf=0: [omNode-3:localhost:11644, omNode-1:localhost:11632, omNode-2:localhost:11638], old=null
2020-04-15 04:09:48,987 [Thread-734] INFO  impl.RaftServerImpl (ServerState.java:setLeader(255)) - 45a63c2d-5a1c-471d-92ad-27f15c6268a3@group-3A19E40C7583: change Leader from 45a63c2d-5a1c-471d-92ad-27f15c6268a3 to null at term 6 for updateCurrentTerm
2020-04-15 04:09:49,735 [Thread-734] INFO  impl.RaftServerImpl (RaftServerImpl.java:setRole(172)) - 45a63c2d-5a1c-471d-92ad-27f15c6268a3@group-3A19E40C7583: changes role from    LEADER to FOLLOWER at term 6 for stepDown
2020-04-15 04:09:49,677 [omNode-1@group-6C22E66A003A-LeaderElection36] INFO  impl.LeaderElection (LeaderElection.java:askForVotes(206)) - omNode-1@group-6C22E66A003A-LeaderElection36: begin an election at term 68 for 0: [omNode-3:localhost:11644, omNode-1:localhost:11632, omNode-2:localhost:11638], old=null
2020-04-15 04:09:49,858 [Socket Reader #1 for port 40289] INFO  ipc.Server (Server.java:doRunLoop(1111)) - Socket Reader #1 for port 40289: connection aborted from 172.17.0.2:47258
2020-04-15 04:09:49,749 [omNode-3@group-6C22E66A003A-LeaderElection42] INFO  impl.LeaderElection (LeaderElection.java:logAndReturn(61)) - omNode-3@group-6C22E66A003A-LeaderElection42: Election DISCOVERED_A_NEW_TERM; received 1 response(s) [omNode-3<-omNode-2#0:FAIL-t68] and 0 exception(s); omNode-3@group-6C22E66A003A:t67, leader=null, voted=omNode-3, raftlog=omNode-3@group-6C22E66A003A-SegmentedRaftLog:OPENED:c-1,f-1,i0, conf=-1: [omNode-3:localhost:11644, omNode-1:localhost:11632, omNode-2:localhost:11638], old=null
2020-04-15 04:09:50,011 [omNode-3@group-6C22E66A003A-LeaderElection42] INFO  impl.RaftServerImpl (RaftServerImpl.java:setRole(172)) - omNode-3@group-6C22E66A003A: changes role from CANDIDATE to FOLLOWER at term 68 for DISCOVERED_A_NEW_TERM
2020-04-15 04:09:50,011 [omNode-3@group-6C22E66A003A-LeaderElection42] INFO  impl.RoleInfo (RoleInfo.java:shutdownLeaderElection(134)) - omNode-3: shutdown LeaderElection
2020-04-15 04:09:50,022 [omNode-3@group-6C22E66A003A-LeaderElection42] INFO  impl.RoleInfo (RoleInfo.java:updateAndGet(143)) - omNode-3: start FollowerState
2020-04-15 04:09:49,886 [SCM Heartbeat Processing Thread - 0] ERROR node.NodeStateManager (NodeStateManager.java:checkNodesHealth(636)) - Total time spend processing datanode HB's is greater than configured values for datanode heartbeats. Please adjust the heartbeat configs. Time Spend on HB processing: 0 seconds Datanode heartbeat Interval: 100 seconds.
2020-04-15 04:09:49,886 [Thread-734] INFO  impl.RoleInfo (RoleInfo.java:shutdownLeaderState(104)) - 45a63c2d-5a1c-471d-92ad-27f15c6268a3: shutdown LeaderState
2020-04-15 04:09:50,215 [org.apache.ratis.server.impl.LogAppender$AppenderDaemon$$Lambda$301/1038880212@4b77f24a] WARN  server.GrpcLogAppender (GrpcLogAppender.java:mayWait(153)) - 45a63c2d-5a1c-471d-92ad-27f15c6268a3@group-3A19E40C7583->e9b38915-e851-41b1-8884-0e332c6a8248-GrpcLogAppender: Wait interrupted by java.lang.InterruptedException
2020-04-15 04:09:50,400 [omNode-2@group-6C22E66A003A-LeaderElection39] INFO  impl.LeaderElection (LeaderElection.java:logAndReturn(61)) - omNode-2@group-6C22E66A003A-LeaderElection39: Election TIMEOUT; received 0 response(s) [] and 0 exception(s); omNode-2@group-6C22E66A003A:t68, leader=null, voted=omNode-2, raftlog=omNode-2@group-6C22E66A003A-SegmentedRaftLog:OPENED:c0,f1,i1, conf=1: [omNode-3:localhost:11644, omNode-1:localhost:11632, omNode-2:localhost:11638], old=null
2020-04-15 04:09:50,321 [Thread-734] INFO  impl.PendingRequests (PendingRequests.java:sendNotLeaderResponses(240)) - 45a63c2d-5a1c-471d-92ad-27f15c6268a3@group-3A19E40C7583-PendingRequests: sendNotLeaderResponses
2020-04-15 04:09:51,289 [Thread-734] INFO  metrics.RatisMetrics (RatisMetrics.java:unregister(46)) - Unregistering Metrics Registry : ratis.log_appender.45a63c2d-5a1c-471d-92ad-27f15c6268a3@group-3A19E40C7583
2020-04-15 04:09:51,289 [Thread-734] INFO  impl.RoleInfo (RoleInfo.java:updateAndGet(143)) - 45a63c2d-5a1c-471d-92ad-27f15c6268a3: start FollowerState
2020-04-15 04:09:50,321 [org.apache.ratis.server.impl.LogAppender$AppenderDaemon$$Lambda$301/1038880212@1f191918] WARN  server.GrpcLogAppender (GrpcLogAppender.java:mayWait(153)) - 45a63c2d-5a1c-471d-92ad-27f15c6268a3@group-3A19E40C7583->e7d22208-90f1-4c2d-8da4-8182bc2fedbb-GrpcLogAppender: Wait interrupted by java.lang.InterruptedException
2020-04-15 04:09:51,540 [grpc-default-executor-1] INFO  server.GrpcServerProtocolService (GrpcServerProtocolService.java:onCompleted(137)) - e9b38915-e851-41b1-8884-0e332c6a8248: Completed APPEND_ENTRIES, lastRequest: 45a63c2d-5a1c-471d-92ad-27f15c6268a3->e9b38915-e851-41b1-8884-0e332c6a8248#1-t5, previous=(t:0, i:0), leaderCommit=0, initializing? false, entries: size=1, first=(t:5, i:0), CONFIGURATIONENTRY
2020-04-15 04:09:51,389 [Thread-773] INFO  impl.FollowerState (FollowerState.java:run(108)) - omNode-3@group-6C22E66A003A-FollowerState: change to CANDIDATE, lastRpcTime:1377ms, electionTimeout:1192ms
2020-04-15 04:09:51,698 [Thread-773] INFO  impl.RoleInfo (RoleInfo.java:shutdownFollowerState(121)) - omNode-3: shutdown FollowerState
2020-04-15 04:09:51,699 [Thread-773] INFO  impl.RaftServerImpl (RaftServerImpl.java:setRole(172)) - omNode-3@group-6C22E66A003A: changes role from  FOLLOWER to CANDIDATE at term 68 for changeToCandidate
2020-04-15 04:09:51,721 [grpc-default-executor-1] INFO  server.GrpcLogAppender (GrpcLogAppender.java:onCompleted(308)) - 45a63c2d-5a1c-471d-92ad-27f15c6268a3@group-3A19E40C7583->e9b38915-e851-41b1-8884-0e332c6a8248-AppendLogResponseHandler: follower responses appendEntries COMPLETED
2020-04-15 04:09:51,288 [omNode-1@group-6C22E66A003A-LeaderElection36] INFO  impl.LeaderElection (LeaderElection.java:logAndReturn(61)) - omNode-1@group-6C22E66A003A-LeaderElection36: Election TIMEOUT; received 0 response(s) [] and 0 exception(s); omNode-1@group-6C22E66A003A:t68, leader=null, voted=omNode-1, raftlog=omNode-1@group-6C22E66A003A-SegmentedRaftLog:OPENED:c-1,f0,i0, conf=0: [omNode-3:localhost:11644, omNode-1:localhost:11632, omNode-2:localhost:11638], old=null
2020-04-15 04:09:50,829 [IPC Server handler 6 on 40289] WARN  ipc.Server (Server.java:processResponse(1523)) - IPC Server handler 6 on 40289, call Call#257 Retry#0 org.apache.hadoop.ozone.protocol.StorageContainerDatanodeProtocol.submitRequest from 172.17.0.2:47292: output error
2020-04-15 04:09:51,744 [IPC Server handler 6 on 40289] INFO  ipc.Server (Server.java:run(2695)) - IPC Server handler 6 on 40289 caught an exception
java.io.IOException: Broken pipe
	at sun.nio.ch.FileDispatcherImpl.write0(Native Method)
	at sun.nio.ch.SocketDispatcher.write(SocketDispatcher.java:47)
	at sun.nio.ch.IOUtil.writeFromNativeBuffer(IOUtil.java:93)
	at sun.nio.ch.IOUtil.write(IOUtil.java:65)
	at sun.nio.ch.SocketChannelImpl.write(SocketChannelImpl.java:471)
	at org.apache.hadoop.ipc.Server.channelWrite(Server.java:3250)
	at org.apache.hadoop.ipc.Server.access$1700(Server.java:137)
	at org.apache.hadoop.ipc.Server$Responder.processResponse(Server.java:1473)
	at org.apache.hadoop.ipc.Server$Responder.doRespond(Server.java:1543)
	at org.apache.hadoop.ipc.Server$Connection.sendResponse(Server.java:2593)
	at org.apache.hadoop.ipc.Server$Connection.access$300(Server.java:1615)
	at org.apache.hadoop.ipc.Server$RpcCall.doResponse(Server.java:940)
	at org.apache.hadoop.ipc.Server$Call.sendResponse(Server.java:774)
	at org.apache.hadoop.ipc.Server$RpcCall.run(Server.java:885)
	at org.apache.hadoop.ipc.Server$RpcCall.run(Server.java:822)
	at java.security.AccessController.doPrivileged(Native Method)
	at javax.security.auth.Subject.doAs(Subject.java:422)
	at org.apache.hadoop.security.UserGroupInformation.doAs(UserGroupInformation.java:1730)
	at org.apache.hadoop.ipc.Server$Handler.run(Server.java:2682)
2020-04-15 04:09:51,744 [IPC Server handler 16 on 40289] WARN  ipc.Server (Server.java:processResponse(1523)) - IPC Server handler 16 on 40289, call Call#258 Retry#0 org.apache.hadoop.ozone.protocol.StorageContainerDatanodeProtocol.submitRequest from 172.17.0.2:47292: output error
2020-04-15 04:09:51,744 [IPC Server handler 16 on 40289] INFO  ipc.Server (Server.java:run(2695)) - IPC Server handler 16 on 40289 caught an exception
java.nio.channels.ClosedChannelException
	at sun.nio.ch.SocketChannelImpl.ensureWriteOpen(SocketChannelImpl.java:270)
	at sun.nio.ch.SocketChannelImpl.write(SocketChannelImpl.java:461)
	at org.apache.hadoop.ipc.Server.channelWrite(Server.java:3250)
	at org.apache.hadoop.ipc.Server.access$1700(Server.java:137)
	at org.apache.hadoop.ipc.Server$Responder.processResponse(Server.java:1473)
	at org.apache.hadoop.ipc.Server$Responder.doRespond(Server.java:1543)
	at org.apache.hadoop.ipc.Server$Connection.sendResponse(Server.java:2593)
	at org.apache.hadoop.ipc.Server$Connection.access$300(Server.java:1615)
	at org.apache.hadoop.ipc.Server$RpcCall.doResponse(Server.java:940)
	at org.apache.hadoop.ipc.Server$Call.sendResponse(Server.java:774)
	at org.apache.hadoop.ipc.Server$RpcCall.run(Server.java:885)
	at org.apache.hadoop.ipc.Server$RpcCall.run(Server.java:822)
	at java.security.AccessController.doPrivileged(Native Method)
	at javax.security.auth.Subject.doAs(Subject.java:422)
	at org.apache.hadoop.security.UserGroupInformation.doAs(UserGroupInformation.java:1730)
	at org.apache.hadoop.ipc.Server$Handler.run(Server.java:2682)
2020-04-15 04:09:51,864 [omNode-2@group-6C22E66A003A-LeaderElection39] INFO  impl.LeaderElection (LeaderElection.java:askForVotes(206)) - omNode-2@group-6C22E66A003A-LeaderElection39: begin an election at term 69 for 1: [omNode-3:localhost:11644, omNode-1:localhost:11632, omNode-2:localhost:11638], old=null
2020-04-15 04:09:51,863 [omNode-1@group-6C22E66A003A-LeaderElection36] INFO  impl.LeaderElection (LeaderElection.java:askForVotes(206)) - omNode-1@group-6C22E66A003A-LeaderElection36: begin an election at term 69 for 0: [omNode-3:localhost:11644, omNode-1:localhost:11632, omNode-2:localhost:11638], old=null
2020-04-15 04:09:51,777 [IPC Server handler 19 on 40289] WARN  ipc.Server (Server.java:processResponse(1523)) - IPC Server handler 19 on 40289, call Call#261 Retry#0 org.apache.hadoop.ozone.protocol.StorageContainerDatanodeProtocol.submitRequest from 172.17.0.2:47294: output error
2020-04-15 04:09:51,762 [Thread-773] INFO  impl.RoleInfo (RoleInfo.java:updateAndGet(143)) - omNode-3: start LeaderElection
2020-04-15 04:09:51,756 [grpc-default-executor-8] INFO  impl.RaftServerImpl (ServerState.java:setLeader(255)) - e9b38915-e851-41b1-8884-0e332c6a8248@group-3A19E40C7583: change Leader from 45a63c2d-5a1c-471d-92ad-27f15c6268a3 to null at term 6 for updateCurrentTerm
2020-04-15 04:09:51,755 [grpc-default-executor-2] INFO  server.GrpcServerProtocolService (GrpcServerProtocolService.java:onCompleted(137)) - e7d22208-90f1-4c2d-8da4-8182bc2fedbb: Completed APPEND_ENTRIES, lastRequest: 45a63c2d-5a1c-471d-92ad-27f15c6268a3->e7d22208-90f1-4c2d-8da4-8182bc2fedbb#1-t5, previous=(t:0, i:0), leaderCommit=0, initializing? false, entries: size=1, first=(t:5, i:0), CONFIGURATIONENTRY
2020-04-15 04:09:51,964 [IPC Server handler 7 on 40289] WARN  ipc.Server (Server.java:processResponse(1523)) - IPC Server handler 7 on 40289, call Call#259 Retry#0 org.apache.hadoop.ozone.protocol.StorageContainerDatanodeProtocol.submitRequest from 172.17.0.2:47294: output error
2020-04-15 04:09:51,965 [IPC Server handler 7 on 40289] INFO  ipc.Server (Server.java:run(2695)) - IPC Server handler 7 on 40289 caught an exception
java.nio.channels.ClosedChannelException
	at sun.nio.ch.SocketChannelImpl.ensureWriteOpen(SocketChannelImpl.java:270)
	at sun.nio.ch.SocketChannelImpl.write(SocketChannelImpl.java:461)
	at org.apache.hadoop.ipc.Server.channelWrite(Server.java:3250)
	at org.apache.hadoop.ipc.Server.access$1700(Server.java:137)
	at org.apache.hadoop.ipc.Server$Responder.processResponse(Server.java:1473)
	at org.apache.hadoop.ipc.Server$Responder.doRespond(Server.java:1543)
	at org.apache.hadoop.ipc.Server$Connection.sendResponse(Server.java:2593)
	at org.apache.hadoop.ipc.Server$Connection.access$300(Server.java:1615)
	at org.apache.hadoop.ipc.Server$RpcCall.doResponse(Server.java:940)
	at org.apache.hadoop.ipc.Server$Call.sendResponse(Server.java:774)
	at org.apache.hadoop.ipc.Server$RpcCall.run(Server.java:885)
	at org.apache.hadoop.ipc.Server$RpcCall.run(Server.java:822)
	at java.security.AccessController.doPrivileged(Native Method)
	at javax.security.auth.Subject.doAs(Subject.java:422)
	at org.apache.hadoop.security.UserGroupInformation.doAs(UserGroupInformation.java:1730)
	at org.apache.hadoop.ipc.Server$Handler.run(Server.java:2682)
2020-04-15 04:09:51,965 [grpc-default-executor-8] INFO  impl.RaftServerImpl (RaftServerImpl.java:setRole(172)) - e9b38915-e851-41b1-8884-0e332c6a8248@group-3A19E40C7583: changes role from  FOLLOWER to FOLLOWER at term 6 for recognizeCandidate:e7d22208-90f1-4c2d-8da4-8182bc2fedbb
2020-04-15 04:09:51,965 [grpc-default-executor-8] INFO  impl.RoleInfo (RoleInfo.java:shutdownFollowerState(121)) - e9b38915-e851-41b1-8884-0e332c6a8248: shutdown FollowerState
2020-04-15 04:09:51,953 [IPC Server handler 19 on 40289] INFO  ipc.Server (Server.java:run(2695)) - IPC Server handler 19 on 40289 caught an exception
java.io.IOException: Broken pipe
	at sun.nio.ch.FileDispatcherImpl.write0(Native Method)
	at sun.nio.ch.SocketDispatcher.write(SocketDispatcher.java:47)
	at sun.nio.ch.IOUtil.writeFromNativeBuffer(IOUtil.java:93)
	at sun.nio.ch.IOUtil.write(IOUtil.java:65)
	at sun.nio.ch.SocketChannelImpl.write(SocketChannelImpl.java:471)
	at org.apache.hadoop.ipc.Server.channelWrite(Server.java:3250)
	at org.apache.hadoop.ipc.Server.access$1700(Server.java:137)
	at org.apache.hadoop.ipc.Server$Responder.processResponse(Server.java:1473)
	at org.apache.hadoop.ipc.Server$Responder.doRespond(Server.java:1543)
	at org.apache.hadoop.ipc.Server$Connection.sendResponse(Server.java:2593)
	at org.apache.hadoop.ipc.Server$Connection.access$300(Server.java:1615)
	at org.apache.hadoop.ipc.Server$RpcCall.doResponse(Server.java:940)
	at org.apache.hadoop.ipc.Server$Call.sendResponse(Server.java:774)
	at org.apache.hadoop.ipc.Server$RpcCall.run(Server.java:885)
	at org.apache.hadoop.ipc.Server$RpcCall.run(Server.java:822)
	at java.security.AccessController.doPrivileged(Native Method)
	at javax.security.auth.Subject.doAs(Subject.java:422)
	at org.apache.hadoop.security.UserGroupInformation.doAs(UserGroupInformation.java:1730)
	at org.apache.hadoop.ipc.Server$Handler.run(Server.java:2682)
2020-04-15 04:09:51,928 [grpc-default-executor-1] INFO  impl.FollowerInfo (FollowerInfo.java:lambda$new$0(50)) - 45a63c2d-5a1c-471d-92ad-27f15c6268a3@group-3A19E40C7583->e9b38915-e851-41b1-8884-0e332c6a8248: nextIndex: updateUnconditionally 1 -> 0
2020-04-15 04:09:52,002 [e7d22208-90f1-4c2d-8da4-8182bc2fedbb@group-3A19E40C7583-LeaderElection41] INFO  impl.LeaderElection (LeaderElection.java:logAndReturn(61)) - e7d22208-90f1-4c2d-8da4-8182bc2fedbb@group-3A19E40C7583-LeaderElection41: Election TIMEOUT; received 0 response(s) [] and 0 exception(s); e7d22208-90f1-4c2d-8da4-8182bc2fedbb@group-3A19E40C7583:t6, leader=null, voted=e7d22208-90f1-4c2d-8da4-8182bc2fedbb, raftlog=e7d22208-90f1-4c2d-8da4-8182bc2fedbb@group-3A19E40C7583-SegmentedRaftLog:OPENED:c-1,f-1,i0, conf=-1: [e9b38915-e851-41b1-8884-0e332c6a8248:172.17.0.2:46057, 45a63c2d-5a1c-471d-92ad-27f15c6268a3:172.17.0.2:46295, e7d22208-90f1-4c2d-8da4-8182bc2fedbb:172.17.0.2:37613], old=null
2020-04-15 04:09:52,005 [Thread-722] INFO  impl.FollowerState (FollowerState.java:run(117)) - e9b38915-e851-41b1-8884-0e332c6a8248@group-3A19E40C7583-FollowerState was interrupted: java.lang.InterruptedException: sleep interrupted
2020-04-15 04:09:52,005 [grpc-default-executor-8] INFO  impl.RoleInfo (RoleInfo.java:updateAndGet(143)) - e9b38915-e851-41b1-8884-0e332c6a8248: start FollowerState
2020-04-15 04:09:52,147 [e7d22208-90f1-4c2d-8da4-8182bc2fedbb@group-3A19E40C7583-LeaderElection41] INFO  impl.LeaderElection (LeaderElection.java:askForVotes(206)) - e7d22208-90f1-4c2d-8da4-8182bc2fedbb@group-3A19E40C7583-LeaderElection41: begin an election at term 7 for -1: [e9b38915-e851-41b1-8884-0e332c6a8248:172.17.0.2:46057, 45a63c2d-5a1c-471d-92ad-27f15c6268a3:172.17.0.2:46295, e7d22208-90f1-4c2d-8da4-8182bc2fedbb:172.17.0.2:37613], old=null
2020-04-15 04:09:52,217 [omNode-3@group-6C22E66A003A-LeaderElection43] INFO  impl.LeaderElection (LeaderElection.java:askForVotes(206)) - omNode-3@group-6C22E66A003A-LeaderElection43: begin an election at term 69 for -1: [omNode-3:localhost:11644, omNode-1:localhost:11632, omNode-2:localhost:11638], old=null
2020-04-15 04:09:52,364 [grpc-default-executor-5] INFO  server.GrpcLogAppender (GrpcLogAppender.java:onCompleted(308)) - 45a63c2d-5a1c-471d-92ad-27f15c6268a3@group-3A19E40C7583->e7d22208-90f1-4c2d-8da4-8182bc2fedbb-AppendLogResponseHandler: follower responses appendEntries COMPLETED
2020-04-15 04:09:52,804 [omNode-3@group-6C22E66A003A-LeaderElection43] INFO  impl.LeaderElection (LeaderElection.java:logAndReturn(61)) - omNode-3@group-6C22E66A003A-LeaderElection43: Election REJECTED; received 2 response(s) [omNode-3<-omNode-1#0:FAIL-t69, omNode-3<-omNode-2#0:FAIL-t69] and 0 exception(s); omNode-3@group-6C22E66A003A:t69, leader=null, voted=omNode-3, raftlog=omNode-3@group-6C22E66A003A-SegmentedRaftLog:OPENED:c-1,f-1,i0, conf=-1: [omNode-3:localhost:11644, omNode-1:localhost:11632, omNode-2:localhost:11638], old=null
2020-04-15 04:09:53,380 [omNode-3@group-6C22E66A003A-LeaderElection43] INFO  impl.RaftServerImpl (RaftServerImpl.java:setRole(172)) - omNode-3@group-6C22E66A003A: changes role from CANDIDATE to FOLLOWER at term 69 for DISCOVERED_A_NEW_TERM
2020-04-15 04:09:53,380 [omNode-3@group-6C22E66A003A-LeaderElection43] INFO  impl.RoleInfo (RoleInfo.java:shutdownLeaderElection(134)) - omNode-3: shutdown LeaderElection
2020-04-15 04:09:52,709 [omNode-1@group-6C22E66A003A-LeaderElection36] INFO  impl.LeaderElection (LeaderElection.java:logAndReturn(61)) - omNode-1@group-6C22E66A003A-LeaderElection36: Election REJECTED; received 2 response(s) [omNode-1<-omNode-3#0:FAIL-t69, omNode-1<-omNode-2#0:FAIL-t69] and 0 exception(s); omNode-1@group-6C22E66A003A:t69, leader=null, voted=omNode-1, raftlog=omNode-1@group-6C22E66A003A-SegmentedRaftLog:OPENED:c-1,f0,i0, conf=0: [omNode-3:localhost:11644, omNode-1:localhost:11632, omNode-2:localhost:11638], old=null
2020-04-15 04:09:53,502 [omNode-1@group-6C22E66A003A-LeaderElection36] INFO  impl.RaftServerImpl (RaftServerImpl.java:setRole(172)) - omNode-1@group-6C22E66A003A: changes role from CANDIDATE to FOLLOWER at term 69 for DISCOVERED_A_NEW_TERM
2020-04-15 04:09:53,503 [omNode-1@group-6C22E66A003A-LeaderElection36] INFO  impl.RoleInfo (RoleInfo.java:shutdownLeaderElection(134)) - omNode-1: shutdown LeaderElection
2020-04-15 04:09:53,503 [omNode-1@group-6C22E66A003A-LeaderElection36] INFO  impl.RoleInfo (RoleInfo.java:updateAndGet(143)) - omNode-1: start FollowerState
2020-04-15 04:09:52,707 [omNode-2@group-6C22E66A003A-LeaderElection39] INFO  impl.LeaderElection (LeaderElection.java:logAndReturn(61)) - omNode-2@group-6C22E66A003A-LeaderElection39: Election REJECTED; received 2 response(s) [omNode-2<-omNode-3#0:FAIL-t69, omNode-2<-omNode-1#0:FAIL-t69] and 0 exception(s); omNode-2@group-6C22E66A003A:t69, leader=null, voted=omNode-2, raftlog=omNode-2@group-6C22E66A003A-SegmentedRaftLog:OPENED:c0,f1,i1, conf=1: [omNode-3:localhost:11644, omNode-1:localhost:11632, omNode-2:localhost:11638], old=null
2020-04-15 04:09:52,661 [grpc-default-executor-2] INFO  impl.RaftServerImpl (RaftServerImpl.java:setRole(172)) - e9b38915-e851-41b1-8884-0e332c6a8248@group-3A19E40C7583: changes role from  FOLLOWER to FOLLOWER at term 7 for recognizeCandidate:e7d22208-90f1-4c2d-8da4-8182bc2fedbb
2020-04-15 04:09:54,109 [grpc-default-executor-2] INFO  impl.RoleInfo (RoleInfo.java:shutdownFollowerState(121)) - e9b38915-e851-41b1-8884-0e332c6a8248: shutdown FollowerState
2020-04-15 04:09:54,109 [grpc-default-executor-2] INFO  impl.RoleInfo (RoleInfo.java:updateAndGet(143)) - e9b38915-e851-41b1-8884-0e332c6a8248: start FollowerState
2020-04-15 04:09:52,520 [grpc-default-executor-7] INFO  impl.RaftServerImpl (RaftServerImpl.java:setRole(172)) - 45a63c2d-5a1c-471d-92ad-27f15c6268a3@group-3A19E40C7583: changes role from  FOLLOWER to FOLLOWER at term 6 for recognizeCandidate:e7d22208-90f1-4c2d-8da4-8182bc2fedbb
2020-04-15 04:09:54,133 [grpc-default-executor-7] INFO  impl.RoleInfo (RoleInfo.java:shutdownFollowerState(121)) - 45a63c2d-5a1c-471d-92ad-27f15c6268a3: shutdown FollowerState
2020-04-15 04:09:54,134 [grpc-default-executor-7] INFO  impl.RoleInfo (RoleInfo.java:updateAndGet(143)) - 45a63c2d-5a1c-471d-92ad-27f15c6268a3: start FollowerState
2020-04-15 04:09:54,110 [Thread-780] INFO  impl.FollowerState (FollowerState.java:run(117)) - e9b38915-e851-41b1-8884-0e332c6a8248@group-3A19E40C7583-FollowerState was interrupted: java.lang.InterruptedException: sleep interrupted
2020-04-15 04:09:53,809 [grpc-default-executor-5] INFO  impl.FollowerInfo (FollowerInfo.java:lambda$new$0(50)) - 45a63c2d-5a1c-471d-92ad-27f15c6268a3@group-3A19E40C7583->e7d22208-90f1-4c2d-8da4-8182bc2fedbb: nextIndex: updateUnconditionally 1 -> 0
2020-04-15 04:09:53,502 [omNode-3@group-6C22E66A003A-LeaderElection43] INFO  impl.RoleInfo (RoleInfo.java:updateAndGet(143)) - omNode-3: start FollowerState
2020-04-15 04:09:54,145 [Thread-776] INFO  impl.FollowerState (FollowerState.java:run(117)) - 45a63c2d-5a1c-471d-92ad-27f15c6268a3@group-3A19E40C7583-FollowerState was interrupted: java.lang.InterruptedException: sleep interrupted
2020-04-15 04:09:54,168 [grpc-default-executor-12] INFO  impl.RaftServerImpl (RaftServerImpl.java:setRole(172)) - 45a63c2d-5a1c-471d-92ad-27f15c6268a3@group-3A19E40C7583: changes role from  FOLLOWER to FOLLOWER at term 7 for recognizeCandidate:e7d22208-90f1-4c2d-8da4-8182bc2fedbb
2020-04-15 04:09:54,212 [grpc-default-executor-12] INFO  impl.RoleInfo (RoleInfo.java:shutdownFollowerState(121)) - 45a63c2d-5a1c-471d-92ad-27f15c6268a3: shutdown FollowerState
2020-04-15 04:09:54,212 [grpc-default-executor-12] INFO  impl.RoleInfo (RoleInfo.java:updateAndGet(143)) - 45a63c2d-5a1c-471d-92ad-27f15c6268a3: start FollowerState
2020-04-15 04:09:54,304 [omNode-2@group-6C22E66A003A-LeaderElection39] INFO  impl.RaftServerImpl (RaftServerImpl.java:setRole(172)) - omNode-2@group-6C22E66A003A: changes role from CANDIDATE to FOLLOWER at term 69 for DISCOVERED_A_NEW_TERM
2020-04-15 04:09:54,925 [omNode-2@group-6C22E66A003A-LeaderElection39] INFO  impl.RoleInfo (RoleInfo.java:shutdownLeaderElection(134)) - omNode-2: shutdown LeaderElection
2020-04-15 04:09:55,023 [omNode-2@group-6C22E66A003A-LeaderElection39] INFO  impl.RoleInfo (RoleInfo.java:updateAndGet(143)) - omNode-2: start FollowerState
2020-04-15 04:09:54,801 [Thread-788] INFO  impl.FollowerState (FollowerState.java:run(108)) - omNode-1@group-6C22E66A003A-FollowerState: change to CANDIDATE, lastRpcTime:1297ms, electionTimeout:1173ms
2020-04-15 04:09:55,315 [Thread-788] INFO  impl.RoleInfo (RoleInfo.java:shutdownFollowerState(121)) - omNode-1: shutdown FollowerState
2020-04-15 04:09:55,315 [Thread-788] INFO  impl.RaftServerImpl (RaftServerImpl.java:setRole(172)) - omNode-1@group-6C22E66A003A: changes role from  FOLLOWER to CANDIDATE at term 69 for changeToCandidate
2020-04-15 04:09:55,351 [Thread-788] INFO  impl.RoleInfo (RoleInfo.java:updateAndGet(143)) - omNode-1: start LeaderElection
2020-04-15 04:09:55,363 [Socket Reader #1 for port 40289] INFO  ipc.Server (Server.java:doRead(1256)) - Socket Reader #1 for port 40289: readAndProcess from client 172.17.0.2:47308 threw exception [java.io.IOException: Connection reset by peer]
java.io.IOException: Connection reset by peer
	at sun.nio.ch.FileDispatcherImpl.read0(Native Method)
	at sun.nio.ch.SocketDispatcher.read(SocketDispatcher.java:39)
	at sun.nio.ch.IOUtil.readIntoNativeBuffer(IOUtil.java:223)
	at sun.nio.ch.IOUtil.read(IOUtil.java:197)
	at sun.nio.ch.SocketChannelImpl.read(SocketChannelImpl.java:380)
	at org.apache.hadoop.ipc.Server.channelRead(Server.java:3270)
	at org.apache.hadoop.ipc.Server.access$2600(Server.java:137)
	at org.apache.hadoop.ipc.Server$Connection.readAndProcess(Server.java:2044)
	at org.apache.hadoop.ipc.Server$Listener.doRead(Server.java:1249)
	at org.apache.hadoop.ipc.Server$Listener$Reader.doRunLoop(Server.java:1105)
	at org.apache.hadoop.ipc.Server$Listener$Reader.run(Server.java:1076)
2020-04-15 04:09:55,703 [omNode-1@group-6C22E66A003A-LeaderElection44] INFO  impl.LeaderElection (LeaderElection.java:askForVotes(206)) - omNode-1@group-6C22E66A003A-LeaderElection44: begin an election at term 70 for 0: [omNode-3:localhost:11644, omNode-1:localhost:11632, omNode-2:localhost:11638], old=null
2020-04-15 04:09:55,660 [Thread-787] INFO  impl.FollowerState (FollowerState.java:run(108)) - omNode-3@group-6C22E66A003A-FollowerState: change to CANDIDATE, lastRpcTime:2157ms, electionTimeout:1075ms
2020-04-15 04:09:55,714 [Thread-787] INFO  impl.RoleInfo (RoleInfo.java:shutdownFollowerState(121)) - omNode-3: shutdown FollowerState
2020-04-15 04:09:55,714 [Thread-787] INFO  impl.RaftServerImpl (RaftServerImpl.java:setRole(172)) - omNode-3@group-6C22E66A003A: changes role from  FOLLOWER to CANDIDATE at term 69 for changeToCandidate
2020-04-15 04:09:55,736 [Datanode State Machine Thread - 1] WARN  statemachine.EndpointStateMachine (EndpointStateMachine.java:logIfNeeded(217)) - Unable to communicate to SCM server at 0.0.0.0:40289 for past 0 seconds.
java.net.SocketTimeoutException: Call From edabee8e3155/172.17.0.2 to 0.0.0.0:40289 failed on socket timeout exception: java.net.SocketTimeoutException: 1000 millis timeout while waiting for channel to be ready for read. ch : java.nio.channels.SocketChannel[connected local=/172.17.0.2:47308 remote=0.0.0.0/0.0.0.0:40289]; For more details see:  http://wiki.apache.org/hadoop/SocketTimeout
	at sun.reflect.GeneratedConstructorAccessor17.newInstance(Unknown Source)
	at sun.reflect.DelegatingConstructorAccessorImpl.newInstance(DelegatingConstructorAccessorImpl.java:45)
	at java.lang.reflect.Constructor.newInstance(Constructor.java:423)
	at org.apache.hadoop.net.NetUtils.wrapWithMessage(NetUtils.java:831)
	at org.apache.hadoop.net.NetUtils.wrapException(NetUtils.java:775)
	at org.apache.hadoop.ipc.Client.getRpcResponse(Client.java:1515)
	at org.apache.hadoop.ipc.Client.call(Client.java:1457)
	at org.apache.hadoop.ipc.Client.call(Client.java:1367)
	at org.apache.hadoop.ipc.ProtobufRpcEngine$Invoker.invoke(ProtobufRpcEngine.java:228)
	at org.apache.hadoop.ipc.ProtobufRpcEngine$Invoker.invoke(ProtobufRpcEngine.java:116)
	at com.sun.proxy.$Proxy40.submitRequest(Unknown Source)
	at org.apache.hadoop.ozone.protocolPB.StorageContainerDatanodeProtocolClientSideTranslatorPB.submitRequest(StorageContainerDatanodeProtocolClientSideTranslatorPB.java:116)
	at org.apache.hadoop.ozone.protocolPB.StorageContainerDatanodeProtocolClientSideTranslatorPB.sendHeartbeat(StorageContainerDatanodeProtocolClientSideTranslatorPB.java:148)
	at org.apache.hadoop.ozone.container.common.states.endpoint.HeartbeatEndpointTask.call(HeartbeatEndpointTask.java:145)
	at org.apache.hadoop.ozone.container.common.states.endpoint.HeartbeatEndpointTask.call(HeartbeatEndpointTask.java:76)
	at java.util.concurrent.FutureTask.run(FutureTask.java:266)
	at java.util.concurrent.Executors$RunnableAdapter.call(Executors.java:511)
	at java.util.concurrent.FutureTask.run(FutureTask.java:266)
	at java.util.concurrent.ThreadPoolExecutor.runWorker(ThreadPoolExecutor.java:1149)
	at java.util.concurrent.ThreadPoolExecutor$Worker.run(ThreadPoolExecutor.java:624)
	at java.lang.Thread.run(Thread.java:748)
Caused by: java.net.SocketTimeoutException: 1000 millis timeout while waiting for channel to be ready for read. ch : java.nio.channels.SocketChannel[connected local=/172.17.0.2:47308 remote=0.0.0.0/0.0.0.0:40289]
	at org.apache.hadoop.net.SocketIOWithTimeout.doIO(SocketIOWithTimeout.java:164)
	at org.apache.hadoop.net.SocketInputStream.read(SocketInputStream.java:161)
	at org.apache.hadoop.net.SocketInputStream.read(SocketInputStream.java:131)
	at java.io.FilterInputStream.read(FilterInputStream.java:133)
	at java.io.BufferedInputStream.fill(BufferedInputStream.java:246)
	at java.io.BufferedInputStream.read(BufferedInputStream.java:265)
	at java.io.FilterInputStream.read(FilterInputStream.java:83)
	at java.io.FilterInputStream.read(FilterInputStream.java:83)
	at org.apache.hadoop.ipc.Client$Connection$PingInputStream.read(Client.java:557)
	at java.io.DataInputStream.readInt(DataInputStream.java:387)
	at org.apache.hadoop.ipc.Client$IpcStreams.readResponse(Client.java:1816)
	at org.apache.hadoop.ipc.Client$Connection.receiveRpcResponse(Client.java:1173)
	at org.apache.hadoop.ipc.Client$Connection.run(Client.java:1069)
2020-04-15 04:09:55,906 [Thread-787] INFO  impl.RoleInfo (RoleInfo.java:updateAndGet(143)) - omNode-3: start LeaderElection
2020-04-15 04:09:55,748 [SCM Heartbeat Processing Thread - 0] ERROR node.NodeStateManager (NodeStateManager.java:checkNodesHealth(636)) - Total time spend processing datanode HB's is greater than configured values for datanode heartbeats. Please adjust the heartbeat configs. Time Spend on HB processing: 0 seconds Datanode heartbeat Interval: 100 seconds.
2020-04-15 04:09:55,736 [Datanode State Machine Thread - 4] WARN  statemachine.EndpointStateMachine (EndpointStateMachine.java:logIfNeeded(217)) - Unable to communicate to SCM server at 0.0.0.0:40289 for past 0 seconds.
java.net.SocketTimeoutException: Call From edabee8e3155/172.17.0.2 to 0.0.0.0:40289 failed on socket timeout exception: java.net.SocketTimeoutException: 1000 millis timeout while waiting for channel to be ready for read. ch : java.nio.channels.SocketChannel[connected local=/172.17.0.2:47308 remote=0.0.0.0/0.0.0.0:40289]; For more details see:  http://wiki.apache.org/hadoop/SocketTimeout
	at sun.reflect.GeneratedConstructorAccessor17.newInstance(Unknown Source)
	at sun.reflect.DelegatingConstructorAccessorImpl.newInstance(DelegatingConstructorAccessorImpl.java:45)
	at java.lang.reflect.Constructor.newInstance(Constructor.java:423)
	at org.apache.hadoop.net.NetUtils.wrapWithMessage(NetUtils.java:831)
	at org.apache.hadoop.net.NetUtils.wrapException(NetUtils.java:775)
	at org.apache.hadoop.ipc.Client.getRpcResponse(Client.java:1515)
	at org.apache.hadoop.ipc.Client.call(Client.java:1457)
	at org.apache.hadoop.ipc.Client.call(Client.java:1367)
	at org.apache.hadoop.ipc.ProtobufRpcEngine$Invoker.invoke(ProtobufRpcEngine.java:228)
	at org.apache.hadoop.ipc.ProtobufRpcEngine$Invoker.invoke(ProtobufRpcEngine.java:116)
	at com.sun.proxy.$Proxy40.submitRequest(Unknown Source)
	at org.apache.hadoop.ozone.protocolPB.StorageContainerDatanodeProtocolClientSideTranslatorPB.submitRequest(StorageContainerDatanodeProtocolClientSideTranslatorPB.java:116)
	at org.apache.hadoop.ozone.protocolPB.StorageContainerDatanodeProtocolClientSideTranslatorPB.sendHeartbeat(StorageContainerDatanodeProtocolClientSideTranslatorPB.java:148)
	at org.apache.hadoop.ozone.container.common.states.endpoint.HeartbeatEndpointTask.call(HeartbeatEndpointTask.java:145)
	at org.apache.hadoop.ozone.container.common.states.endpoint.HeartbeatEndpointTask.call(HeartbeatEndpointTask.java:76)
	at java.util.concurrent.FutureTask.run(FutureTask.java:266)
	at java.util.concurrent.Executors$RunnableAdapter.call(Executors.java:511)
	at java.util.concurrent.FutureTask.run(FutureTask.java:266)
	at java.util.concurrent.ThreadPoolExecutor.runWorker(ThreadPoolExecutor.java:1149)
	at java.util.concurrent.ThreadPoolExecutor$Worker.run(ThreadPoolExecutor.java:624)
	at java.lang.Thread.run(Thread.java:748)
Caused by: java.net.SocketTimeoutException: 1000 millis timeout while waiting for channel to be ready for read. ch : java.nio.channels.SocketChannel[connected local=/172.17.0.2:47308 remote=0.0.0.0/0.0.0.0:40289]
	at org.apache.hadoop.net.SocketIOWithTimeout.doIO(SocketIOWithTimeout.java:164)
	at org.apache.hadoop.net.SocketInputStream.read(SocketInputStream.java:161)
	at org.apache.hadoop.net.SocketInputStream.read(SocketInputStream.java:131)
	at java.io.FilterInputStream.read(FilterInputStream.java:133)
	at java.io.BufferedInputStream.fill(BufferedInputStream.java:246)
	at java.io.BufferedInputStream.read(BufferedInputStream.java:265)
	at java.io.FilterInputStream.read(FilterInputStream.java:83)
	at java.io.FilterInputStream.read(FilterInputStream.java:83)
	at org.apache.hadoop.ipc.Client$Connection$PingInputStream.read(Client.java:557)
	at java.io.DataInputStream.readInt(DataInputStream.java:387)
	at org.apache.hadoop.ipc.Client$IpcStreams.readResponse(Client.java:1816)
	at org.apache.hadoop.ipc.Client$Connection.receiveRpcResponse(Client.java:1173)
	at org.apache.hadoop.ipc.Client$Connection.run(Client.java:1069)
2020-04-15 04:09:55,736 [Datanode State Machine Thread - 3] WARN  statemachine.EndpointStateMachine (EndpointStateMachine.java:logIfNeeded(217)) - Unable to communicate to SCM server at 0.0.0.0:40289 for past 0 seconds.
java.net.SocketTimeoutException: Call From edabee8e3155/172.17.0.2 to 0.0.0.0:40289 failed on socket timeout exception: java.net.SocketTimeoutException: 1000 millis timeout while waiting for channel to be ready for read. ch : java.nio.channels.SocketChannel[connected local=/172.17.0.2:47308 remote=0.0.0.0/0.0.0.0:40289]; For more details see:  http://wiki.apache.org/hadoop/SocketTimeout
	at sun.reflect.GeneratedConstructorAccessor17.newInstance(Unknown Source)
	at sun.reflect.DelegatingConstructorAccessorImpl.newInstance(DelegatingConstructorAccessorImpl.java:45)
	at java.lang.reflect.Constructor.newInstance(Constructor.java:423)
	at org.apache.hadoop.net.NetUtils.wrapWithMessage(NetUtils.java:831)
	at org.apache.hadoop.net.NetUtils.wrapException(NetUtils.java:775)
	at org.apache.hadoop.ipc.Client.getRpcResponse(Client.java:1515)
	at org.apache.hadoop.ipc.Client.call(Client.java:1457)
	at org.apache.hadoop.ipc.Client.call(Client.java:1367)
	at org.apache.hadoop.ipc.ProtobufRpcEngine$Invoker.invoke(ProtobufRpcEngine.java:228)
	at org.apache.hadoop.ipc.ProtobufRpcEngine$Invoker.invoke(ProtobufRpcEngine.java:116)
	at com.sun.proxy.$Proxy40.submitRequest(Unknown Source)
	at org.apache.hadoop.ozone.protocolPB.StorageContainerDatanodeProtocolClientSideTranslatorPB.submitRequest(StorageContainerDatanodeProtocolClientSideTranslatorPB.java:116)
	at org.apache.hadoop.ozone.protocolPB.StorageContainerDatanodeProtocolClientSideTranslatorPB.sendHeartbeat(StorageContainerDatanodeProtocolClientSideTranslatorPB.java:148)
	at org.apache.hadoop.ozone.container.common.states.endpoint.HeartbeatEndpointTask.call(HeartbeatEndpointTask.java:145)
	at org.apache.hadoop.ozone.container.common.states.endpoint.HeartbeatEndpointTask.call(HeartbeatEndpointTask.java:76)
	at java.util.concurrent.FutureTask.run(FutureTask.java:266)
	at java.util.concurrent.Executors$RunnableAdapter.call(Executors.java:511)
	at java.util.concurrent.FutureTask.run(FutureTask.java:266)
	at java.util.concurrent.ThreadPoolExecutor.runWorker(ThreadPoolExecutor.java:1149)
	at java.util.concurrent.ThreadPoolExecutor$Worker.run(ThreadPoolExecutor.java:624)
	at java.lang.Thread.run(Thread.java:748)
Caused by: java.net.SocketTimeoutException: 1000 millis timeout while waiting for channel to be ready for read. ch : java.nio.channels.SocketChannel[connected local=/172.17.0.2:47308 remote=0.0.0.0/0.0.0.0:40289]
	at org.apache.hadoop.net.SocketIOWithTimeout.doIO(SocketIOWithTimeout.java:164)
	at org.apache.hadoop.net.SocketInputStream.read(SocketInputStream.java:161)
	at org.apache.hadoop.net.SocketInputStream.read(SocketInputStream.java:131)
	at java.io.FilterInputStream.read(FilterInputStream.java:133)
	at java.io.BufferedInputStream.fill(BufferedInputStream.java:246)
	at java.io.BufferedInputStream.read(BufferedInputStream.java:265)
	at java.io.FilterInputStream.read(FilterInputStream.java:83)
	at java.io.FilterInputStream.read(FilterInputStream.java:83)
	at org.apache.hadoop.ipc.Client$Connection$PingInputStream.read(Client.java:557)
	at java.io.DataInputStream.readInt(DataInputStream.java:387)
	at org.apache.hadoop.ipc.Client$IpcStreams.readResponse(Client.java:1816)
	at org.apache.hadoop.ipc.Client$Connection.receiveRpcResponse(Client.java:1173)
	at org.apache.hadoop.ipc.Client$Connection.run(Client.java:1069)
2020-04-15 04:09:56,622 [Thread-792] WARN  util.JavaUtils (JavaUtils.java:sleep(246)) - Unexpected long sleep: sleep(1090ms) actually took 1564ms which is over the threshold 300ms
2020-04-15 04:09:56,981 [omNode-1@group-6C22E66A003A-LeaderElection44] INFO  impl.LeaderElection (LeaderElection.java:logAndReturn(61)) - omNode-1@group-6C22E66A003A-LeaderElection44: Election TIMEOUT; received 0 response(s) [] and 0 exception(s); omNode-1@group-6C22E66A003A:t70, leader=null, voted=omNode-1, raftlog=omNode-1@group-6C22E66A003A-SegmentedRaftLog:OPENED:c-1,f0,i0, conf=0: [omNode-3:localhost:11644, omNode-1:localhost:11632, omNode-2:localhost:11638], old=null
2020-04-15 04:09:57,059 [omNode-3@group-6C22E66A003A-LeaderElection45] INFO  impl.LeaderElection (LeaderElection.java:askForVotes(206)) - omNode-3@group-6C22E66A003A-LeaderElection45: begin an election at term 70 for -1: [omNode-3:localhost:11644, omNode-1:localhost:11632, omNode-2:localhost:11638], old=null
2020-04-15 04:09:57,014 [e7d22208-90f1-4c2d-8da4-8182bc2fedbb@group-3A19E40C7583-LeaderElection41] INFO  impl.LeaderElection (LeaderElection.java:logAndReturn(61)) - e7d22208-90f1-4c2d-8da4-8182bc2fedbb@group-3A19E40C7583-LeaderElection41: Election REJECTED; received 2 response(s) [e7d22208-90f1-4c2d-8da4-8182bc2fedbb<-e9b38915-e851-41b1-8884-0e332c6a8248#0:FAIL-t7, e7d22208-90f1-4c2d-8da4-8182bc2fedbb<-45a63c2d-5a1c-471d-92ad-27f15c6268a3#0:FAIL-t7] and 0 exception(s); e7d22208-90f1-4c2d-8da4-8182bc2fedbb@group-3A19E40C7583:t7, leader=null, voted=e7d22208-90f1-4c2d-8da4-8182bc2fedbb, raftlog=e7d22208-90f1-4c2d-8da4-8182bc2fedbb@group-3A19E40C7583-SegmentedRaftLog:OPENED:c-1,f-1,i0, conf=-1: [e9b38915-e851-41b1-8884-0e332c6a8248:172.17.0.2:46057, 45a63c2d-5a1c-471d-92ad-27f15c6268a3:172.17.0.2:46295, e7d22208-90f1-4c2d-8da4-8182bc2fedbb:172.17.0.2:37613], old=null
2020-04-15 04:09:57,082 [e7d22208-90f1-4c2d-8da4-8182bc2fedbb@group-3A19E40C7583-LeaderElection41] INFO  impl.RaftServerImpl (RaftServerImpl.java:setRole(172)) - e7d22208-90f1-4c2d-8da4-8182bc2fedbb@group-3A19E40C7583: changes role from CANDIDATE to FOLLOWER at term 7 for DISCOVERED_A_NEW_TERM
2020-04-15 04:09:57,082 [e7d22208-90f1-4c2d-8da4-8182bc2fedbb@group-3A19E40C7583-LeaderElection41] INFO  impl.RoleInfo (RoleInfo.java:shutdownLeaderElection(134)) - e7d22208-90f1-4c2d-8da4-8182bc2fedbb: shutdown LeaderElection
2020-04-15 04:09:57,082 [e7d22208-90f1-4c2d-8da4-8182bc2fedbb@group-3A19E40C7583-LeaderElection41] INFO  impl.RoleInfo (RoleInfo.java:updateAndGet(143)) - e7d22208-90f1-4c2d-8da4-8182bc2fedbb: start FollowerState
2020-04-15 04:09:57,235 [grpc-default-executor-12] INFO  impl.RaftServerImpl (RaftServerImpl.java:setRole(172)) - omNode-2@group-6C22E66A003A: changes role from  FOLLOWER to FOLLOWER at term 70 for recognizeCandidate:omNode-3
2020-04-15 04:09:57,514 [grpc-default-executor-12] INFO  impl.RoleInfo (RoleInfo.java:shutdownFollowerState(121)) - omNode-2: shutdown FollowerState
2020-04-15 04:09:57,537 [omNode-1@group-6C22E66A003A-LeaderElection44] INFO  impl.LeaderElection (LeaderElection.java:askForVotes(206)) - omNode-1@group-6C22E66A003A-LeaderElection44: begin an election at term 71 for 0: [omNode-3:localhost:11644, omNode-1:localhost:11632, omNode-2:localhost:11638], old=null
2020-04-15 04:09:57,894 [IPC Server handler 1 on 40289] WARN  ipc.Server (Server.java:processResponse(1523)) - IPC Server handler 1 on 40289, call Call#278 Retry#0 org.apache.hadoop.ozone.protocol.StorageContainerDatanodeProtocol.submitRequest from 172.17.0.2:47322: output error
2020-04-15 04:09:57,860 [IPC Server handler 7 on 40289] INFO  ipc.Server (Server.java:run(869)) - IPC Server handler 7 on 40289: skipped Call#280 Retry#0 org.apache.hadoop.ozone.protocol.StorageContainerDatanodeProtocol.submitRequest from 172.17.0.2:47322
2020-04-15 04:09:57,979 [IPC Server handler 16 on 40289] WARN  ipc.Server (Server.java:processResponse(1523)) - IPC Server handler 16 on 40289, call Call#279 Retry#0 org.apache.hadoop.ozone.protocol.StorageContainerDatanodeProtocol.submitRequest from 172.17.0.2:47322: output error
2020-04-15 04:09:57,979 [IPC Server handler 16 on 40289] INFO  ipc.Server (Server.java:run(2695)) - IPC Server handler 16 on 40289 caught an exception
java.nio.channels.ClosedChannelException
	at sun.nio.ch.SocketChannelImpl.ensureWriteOpen(SocketChannelImpl.java:270)
	at sun.nio.ch.SocketChannelImpl.write(SocketChannelImpl.java:461)
	at org.apache.hadoop.ipc.Server.channelWrite(Server.java:3250)
	at org.apache.hadoop.ipc.Server.access$1700(Server.java:137)
	at org.apache.hadoop.ipc.Server$Responder.processResponse(Server.java:1473)
	at org.apache.hadoop.ipc.Server$Responder.doRespond(Server.java:1543)
	at org.apache.hadoop.ipc.Server$Connection.sendResponse(Server.java:2593)
	at org.apache.hadoop.ipc.Server$Connection.access$300(Server.java:1615)
	at org.apache.hadoop.ipc.Server$RpcCall.doResponse(Server.java:940)
	at org.apache.hadoop.ipc.Server$Call.sendResponse(Server.java:774)
	at org.apache.hadoop.ipc.Server$RpcCall.run(Server.java:885)
	at org.apache.hadoop.ipc.Server$RpcCall.run(Server.java:822)
	at java.security.AccessController.doPrivileged(Native Method)
	at javax.security.auth.Subject.doAs(Subject.java:422)
	at org.apache.hadoop.security.UserGroupInformation.doAs(UserGroupInformation.java:1730)
	at org.apache.hadoop.ipc.Server$Handler.run(Server.java:2682)
2020-04-15 04:09:57,849 [grpc-default-executor-12] INFO  impl.RoleInfo (RoleInfo.java:updateAndGet(143)) - omNode-2: start FollowerState
2020-04-15 04:09:57,763 [Thread-792] INFO  impl.FollowerState (FollowerState.java:run(117)) - omNode-2@group-6C22E66A003A-FollowerState was interrupted: java.lang.InterruptedException: sleep interrupted
2020-04-15 04:09:58,146 [omNode-3@group-6C22E66A003A-LeaderElection45] INFO  impl.LeaderElection (LeaderElection.java:logAndReturn(61)) - omNode-3@group-6C22E66A003A-LeaderElection45: Election TIMEOUT; received 0 response(s) [] and 0 exception(s); omNode-3@group-6C22E66A003A:t70, leader=null, voted=omNode-3, raftlog=omNode-3@group-6C22E66A003A-SegmentedRaftLog:OPENED:c-1,f-1,i0, conf=-1: [omNode-3:localhost:11644, omNode-1:localhost:11632, omNode-2:localhost:11638], old=null
2020-04-15 04:09:58,013 [IPC Server handler 1 on 40289] INFO  ipc.Server (Server.java:run(2695)) - IPC Server handler 1 on 40289 caught an exception
java.nio.channels.ClosedChannelException
	at sun.nio.ch.SocketChannelImpl.ensureWriteOpen(SocketChannelImpl.java:270)
	at sun.nio.ch.SocketChannelImpl.write(SocketChannelImpl.java:461)
	at org.apache.hadoop.ipc.Server.channelWrite(Server.java:3250)
	at org.apache.hadoop.ipc.Server.access$1700(Server.java:137)
	at org.apache.hadoop.ipc.Server$Responder.processResponse(Server.java:1473)
	at org.apache.hadoop.ipc.Server$Responder.doRespond(Server.java:1543)
	at org.apache.hadoop.ipc.Server$Connection.sendResponse(Server.java:2593)
	at org.apache.hadoop.ipc.Server$Connection.access$300(Server.java:1615)
	at org.apache.hadoop.ipc.Server$RpcCall.doResponse(Server.java:940)
	at org.apache.hadoop.ipc.Server$Call.sendResponse(Server.java:774)
	at org.apache.hadoop.ipc.Server$RpcCall.run(Server.java:885)
	at org.apache.hadoop.ipc.Server$RpcCall.run(Server.java:822)
	at java.security.AccessController.doPrivileged(Native Method)
	at javax.security.auth.Subject.doAs(Subject.java:422)
	at org.apache.hadoop.security.UserGroupInformation.doAs(UserGroupInformation.java:1730)
	at org.apache.hadoop.ipc.Server$Handler.run(Server.java:2682)
2020-04-15 04:09:58,353 [grpc-default-executor-2] INFO  impl.RaftServerImpl (RaftServerImpl.java:setRole(172)) - omNode-2@group-6C22E66A003A: changes role from  FOLLOWER to FOLLOWER at term 70 for recognizeCandidate:omNode-1
2020-04-15 04:09:58,386 [grpc-default-executor-2] INFO  impl.RoleInfo (RoleInfo.java:shutdownFollowerState(121)) - omNode-2: shutdown FollowerState
2020-04-15 04:09:58,550 [Thread-804] INFO  impl.FollowerState (FollowerState.java:run(117)) - omNode-2@group-6C22E66A003A-FollowerState was interrupted: java.lang.InterruptedException: sleep interrupted
2020-04-15 04:09:58,572 [omNode-3@group-6C22E66A003A-LeaderElection45] INFO  impl.LeaderElection (LeaderElection.java:askForVotes(206)) - omNode-3@group-6C22E66A003A-LeaderElection45: begin an election at term 71 for -1: [omNode-3:localhost:11644, omNode-1:localhost:11632, omNode-2:localhost:11638], old=null
2020-04-15 04:09:58,550 [grpc-default-executor-2] INFO  impl.RoleInfo (RoleInfo.java:updateAndGet(143)) - omNode-2: start FollowerState
2020-04-15 04:09:59,110 [omNode-1@group-6C22E66A003A-LeaderElection44] INFO  impl.LeaderElection (LeaderElection.java:logAndReturn(61)) - omNode-1@group-6C22E66A003A-LeaderElection44: Election TIMEOUT; received 1 response(s) [omNode-1<-omNode-3#0:FAIL-t71] and 0 exception(s); omNode-1@group-6C22E66A003A:t71, leader=null, voted=omNode-1, raftlog=omNode-1@group-6C22E66A003A-SegmentedRaftLog:OPENED:c-1,f0,i0, conf=0: [omNode-3:localhost:11644, omNode-1:localhost:11632, omNode-2:localhost:11638], old=null
2020-04-15 04:09:59,411 [grpc-default-executor-5] INFO  impl.RaftServerImpl (RaftServerImpl.java:setRole(172)) - omNode-2@group-6C22E66A003A: changes role from  FOLLOWER to FOLLOWER at term 71 for recognizeCandidate:omNode-1
2020-04-15 04:09:59,481 [grpc-default-executor-5] INFO  impl.RoleInfo (RoleInfo.java:shutdownFollowerState(121)) - omNode-2: shutdown FollowerState
2020-04-15 04:09:59,570 [Thread-807] INFO  impl.FollowerState (FollowerState.java:run(117)) - omNode-2@group-6C22E66A003A-FollowerState was interrupted: java.lang.InterruptedException: sleep interrupted
2020-04-15 04:09:59,570 [grpc-default-executor-5] INFO  impl.RoleInfo (RoleInfo.java:updateAndGet(143)) - omNode-2: start FollowerState
2020-04-15 04:09:59,422 [Thread-791] INFO  impl.FollowerState (FollowerState.java:run(108)) - 45a63c2d-5a1c-471d-92ad-27f15c6268a3@group-3A19E40C7583-FollowerState: change to CANDIDATE, lastRpcTime:5210ms, electionTimeout:5188ms
2020-04-15 04:09:59,634 [omNode-1@group-6C22E66A003A-LeaderElection44] INFO  impl.LeaderElection (LeaderElection.java:askForVotes(206)) - omNode-1@group-6C22E66A003A-LeaderElection44: begin an election at term 72 for 0: [omNode-3:localhost:11644, omNode-1:localhost:11632, omNode-2:localhost:11638], old=null
2020-04-15 04:09:59,645 [Thread-791] INFO  impl.RoleInfo (RoleInfo.java:shutdownFollowerState(121)) - 45a63c2d-5a1c-471d-92ad-27f15c6268a3: shutdown FollowerState
2020-04-15 04:09:59,645 [Thread-791] INFO  impl.RaftServerImpl (RaftServerImpl.java:setRole(172)) - 45a63c2d-5a1c-471d-92ad-27f15c6268a3@group-3A19E40C7583: changes role from  FOLLOWER to CANDIDATE at term 7 for changeToCandidate
2020-04-15 04:09:59,492 [Thread-789] INFO  impl.FollowerState (FollowerState.java:run(108)) - e9b38915-e851-41b1-8884-0e332c6a8248@group-3A19E40C7583-FollowerState: change to CANDIDATE, lastRpcTime:5382ms, electionTimeout:5058ms
2020-04-15 04:09:59,657 [Thread-789] INFO  impl.RoleInfo (RoleInfo.java:shutdownFollowerState(121)) - e9b38915-e851-41b1-8884-0e332c6a8248: shutdown FollowerState
2020-04-15 04:09:59,657 [Thread-789] INFO  impl.RaftServerImpl (RaftServerImpl.java:setRole(172)) - e9b38915-e851-41b1-8884-0e332c6a8248@group-3A19E40C7583: changes role from  FOLLOWER to CANDIDATE at term 7 for changeToCandidate
2020-04-15 04:09:59,670 [Thread-791] INFO  impl.RoleInfo (RoleInfo.java:updateAndGet(143)) - 45a63c2d-5a1c-471d-92ad-27f15c6268a3: start LeaderElection
2020-04-15 04:09:59,732 [Thread-789] INFO  impl.RoleInfo (RoleInfo.java:updateAndGet(143)) - e9b38915-e851-41b1-8884-0e332c6a8248: start LeaderElection
2020-04-15 04:10:00,135 [grpc-default-executor-7] INFO  impl.RaftServerImpl (RaftServerImpl.java:setRole(172)) - omNode-2@group-6C22E66A003A: changes role from  FOLLOWER to FOLLOWER at term 71 for recognizeCandidate:omNode-3
2020-04-15 04:10:00,201 [grpc-default-executor-7] INFO  impl.RoleInfo (RoleInfo.java:shutdownFollowerState(121)) - omNode-2: shutdown FollowerState
2020-04-15 04:10:00,201 [grpc-default-executor-7] INFO  impl.RoleInfo (RoleInfo.java:updateAndGet(143)) - omNode-2: start FollowerState
2020-04-15 04:10:00,201 [Thread-811] INFO  impl.FollowerState (FollowerState.java:run(117)) - omNode-2@group-6C22E66A003A-FollowerState was interrupted: java.lang.InterruptedException: sleep interrupted
2020-04-15 04:10:00,212 [e9b38915-e851-41b1-8884-0e332c6a8248@group-3A19E40C7583-LeaderElection47] INFO  impl.LeaderElection (LeaderElection.java:askForVotes(206)) - e9b38915-e851-41b1-8884-0e332c6a8248@group-3A19E40C7583-LeaderElection47: begin an election at term 8 for 0: [e9b38915-e851-41b1-8884-0e332c6a8248:172.17.0.2:46057, 45a63c2d-5a1c-471d-92ad-27f15c6268a3:172.17.0.2:46295, e7d22208-90f1-4c2d-8da4-8182bc2fedbb:172.17.0.2:37613], old=null
2020-04-15 04:10:00,566 [omNode-3@group-6C22E66A003A-LeaderElection45] INFO  impl.LeaderElection (LeaderElection.java:logAndReturn(61)) - omNode-3@group-6C22E66A003A-LeaderElection45: Election TIMEOUT; received 0 response(s) [] and 0 exception(s); omNode-3@group-6C22E66A003A:t71, leader=null, voted=omNode-3, raftlog=omNode-3@group-6C22E66A003A-SegmentedRaftLog:OPENED:c-1,f-1,i0, conf=-1: [omNode-3:localhost:11644, omNode-1:localhost:11632, omNode-2:localhost:11638], old=null
2020-04-15 04:10:00,910 [grpc-default-executor-2] INFO  impl.RaftServerImpl (RaftServerImpl.java:setRole(172)) - omNode-3@group-6C22E66A003A: changes role from CANDIDATE to FOLLOWER at term 72 for recognizeCandidate:omNode-1
2020-04-15 04:10:01,081 [grpc-default-executor-2] INFO  impl.RoleInfo (RoleInfo.java:shutdownLeaderElection(134)) - omNode-3: shutdown LeaderElection
2020-04-15 04:10:00,823 [omNode-1@group-6C22E66A003A-LeaderElection44] INFO  impl.LeaderElection (LeaderElection.java:logAndReturn(61)) - omNode-1@group-6C22E66A003A-LeaderElection44: Election TIMEOUT; received 0 response(s) [] and 0 exception(s); omNode-1@group-6C22E66A003A:t72, leader=null, voted=omNode-1, raftlog=omNode-1@group-6C22E66A003A-SegmentedRaftLog:OPENED:c-1,f0,i0, conf=0: [omNode-3:localhost:11644, omNode-1:localhost:11632, omNode-2:localhost:11638], old=null
2020-04-15 04:10:00,822 [grpc-default-executor-5] INFO  impl.RaftServerImpl (RaftServerImpl.java:setRole(172)) - omNode-2@group-6C22E66A003A: changes role from  FOLLOWER to FOLLOWER at term 72 for recognizeCandidate:omNode-1
2020-04-15 04:10:01,168 [grpc-default-executor-5] INFO  impl.RoleInfo (RoleInfo.java:shutdownFollowerState(121)) - omNode-2: shutdown FollowerState
2020-04-15 04:10:00,657 [45a63c2d-5a1c-471d-92ad-27f15c6268a3@group-3A19E40C7583-LeaderElection46] INFO  impl.LeaderElection (LeaderElection.java:askForVotes(206)) - 45a63c2d-5a1c-471d-92ad-27f15c6268a3@group-3A19E40C7583-LeaderElection46: begin an election at term 8 for 0: [e9b38915-e851-41b1-8884-0e332c6a8248:172.17.0.2:46057, 45a63c2d-5a1c-471d-92ad-27f15c6268a3:172.17.0.2:46295, e7d22208-90f1-4c2d-8da4-8182bc2fedbb:172.17.0.2:37613], old=null
2020-04-15 04:10:00,944 [grpc-default-executor-12] INFO  impl.RaftServerImpl (RaftServerImpl.java:setRole(172)) - e7d22208-90f1-4c2d-8da4-8182bc2fedbb@group-3A19E40C7583: changes role from  FOLLOWER to FOLLOWER at term 8 for recognizeCandidate:e9b38915-e851-41b1-8884-0e332c6a8248
2020-04-15 04:10:01,169 [grpc-default-executor-12] INFO  impl.RoleInfo (RoleInfo.java:shutdownFollowerState(121)) - e7d22208-90f1-4c2d-8da4-8182bc2fedbb: shutdown FollowerState
2020-04-15 04:10:01,203 [grpc-default-executor-12] INFO  impl.RoleInfo (RoleInfo.java:updateAndGet(143)) - e7d22208-90f1-4c2d-8da4-8182bc2fedbb: start FollowerState
2020-04-15 04:10:01,203 [Thread-799] INFO  impl.FollowerState (FollowerState.java:run(117)) - e7d22208-90f1-4c2d-8da4-8182bc2fedbb@group-3A19E40C7583-FollowerState was interrupted: java.lang.InterruptedException: sleep interrupted
2020-04-15 04:10:01,261 [grpc-default-executor-2] INFO  impl.RoleInfo (RoleInfo.java:updateAndGet(143)) - omNode-3: start FollowerState
2020-04-15 04:10:01,330 [Thread-816] INFO  impl.FollowerState (FollowerState.java:run(103)) - omNode-2@group-6C22E66A003A-FollowerState: Stopping now (isRunning? false, isFollower? true)
2020-04-15 04:10:01,377 [grpc-default-executor-5] INFO  impl.RoleInfo (RoleInfo.java:updateAndGet(143)) - omNode-2: start FollowerState
2020-04-15 04:10:02,067 [e9b38915-e851-41b1-8884-0e332c6a8248@group-3A19E40C7583-LeaderElection47] INFO  impl.LeaderElection (LeaderElection.java:logAndReturn(61)) - e9b38915-e851-41b1-8884-0e332c6a8248@group-3A19E40C7583-LeaderElection47: Election PASSED; received 1 response(s) [e9b38915-e851-41b1-8884-0e332c6a8248<-e7d22208-90f1-4c2d-8da4-8182bc2fedbb#0:OK-t8] and 0 exception(s); e9b38915-e851-41b1-8884-0e332c6a8248@group-3A19E40C7583:t8, leader=null, voted=e9b38915-e851-41b1-8884-0e332c6a8248, raftlog=e9b38915-e851-41b1-8884-0e332c6a8248@group-3A19E40C7583-SegmentedRaftLog:OPENED:c0,f0,i0, conf=0: [e9b38915-e851-41b1-8884-0e332c6a8248:172.17.0.2:46057, 45a63c2d-5a1c-471d-92ad-27f15c6268a3:172.17.0.2:46295, e7d22208-90f1-4c2d-8da4-8182bc2fedbb:172.17.0.2:37613], old=null
2020-04-15 04:10:02,162 [e9b38915-e851-41b1-8884-0e332c6a8248@group-3A19E40C7583-LeaderElection47] INFO  impl.RoleInfo (RoleInfo.java:shutdownLeaderElection(134)) - e9b38915-e851-41b1-8884-0e332c6a8248: shutdown LeaderElection
2020-04-15 04:10:02,184 [e9b38915-e851-41b1-8884-0e332c6a8248@group-3A19E40C7583-LeaderElection47] INFO  impl.RaftServerImpl (RaftServerImpl.java:setRole(172)) - e9b38915-e851-41b1-8884-0e332c6a8248@group-3A19E40C7583: changes role from CANDIDATE to LEADER at term 8 for changeToLeader
2020-04-15 04:10:02,184 [omNode-1@group-6C22E66A003A-LeaderElection44] INFO  impl.LeaderElection (LeaderElection.java:askForVotes(206)) - omNode-1@group-6C22E66A003A-LeaderElection44: begin an election at term 73 for 0: [omNode-3:localhost:11644, omNode-1:localhost:11632, omNode-2:localhost:11638], old=null
2020-04-15 04:10:02,212 [e9b38915-e851-41b1-8884-0e332c6a8248@group-3A19E40C7583-LeaderElection47] INFO  ratis.XceiverServerRatis (XceiverServerRatis.java:handleLeaderChangedNotification(739)) - Leader change notification received for group: group-3A19E40C7583 with new leaderId: e9b38915-e851-41b1-8884-0e332c6a8248
2020-04-15 04:10:02,212 [e9b38915-e851-41b1-8884-0e332c6a8248@group-3A19E40C7583-LeaderElection47] INFO  impl.RaftServerImpl (ServerState.java:setLeader(255)) - e9b38915-e851-41b1-8884-0e332c6a8248@group-3A19E40C7583: change Leader from null to e9b38915-e851-41b1-8884-0e332c6a8248 at term 8 for becomeLeader, leader elected after 10456ms
2020-04-15 04:10:02,212 [e9b38915-e851-41b1-8884-0e332c6a8248@group-3A19E40C7583-LeaderElection47] INFO  server.RaftServerConfigKeys (ConfUtils.java:logGet(44)) - raft.server.staging.catchup.gap = 1000 (default)
2020-04-15 04:10:02,212 [e9b38915-e851-41b1-8884-0e332c6a8248@group-3A19E40C7583-LeaderElection47] INFO  server.RaftServerConfigKeys (ConfUtils.java:logGet(44)) - raft.server.rpc.sleep.time = 25ms (default)
2020-04-15 04:10:02,212 [e9b38915-e851-41b1-8884-0e332c6a8248@group-3A19E40C7583-LeaderElection47] INFO  metrics.RatisMetrics (RatisMetrics.java:lambda$create$0(39)) - Creating Metrics Registry : ratis.log_appender.e9b38915-e851-41b1-8884-0e332c6a8248@group-3A19E40C7583
2020-04-15 04:10:02,213 [e9b38915-e851-41b1-8884-0e332c6a8248@group-3A19E40C7583-LeaderElection47] INFO  server.RaftServerConfigKeys (ConfUtils.java:logGet(44)) - raft.server.write.element-limit = 1024 (custom)
2020-04-15 04:10:02,213 [e9b38915-e851-41b1-8884-0e332c6a8248@group-3A19E40C7583-LeaderElection47] INFO  server.RaftServerConfigKeys (ConfUtils.java:logGet(44)) - raft.server.write.byte-limit = 1073741824 (custom)
2020-04-15 04:10:02,415 [Thread-820] INFO  impl.FollowerState (FollowerState.java:run(108)) - omNode-3@group-6C22E66A003A-FollowerState: change to CANDIDATE, lastRpcTime:1154ms, electionTimeout:1153ms
2020-04-15 04:10:02,459 [Thread-820] INFO  impl.RoleInfo (RoleInfo.java:shutdownFollowerState(121)) - omNode-3: shutdown FollowerState
2020-04-15 04:10:02,460 [Thread-820] INFO  impl.RaftServerImpl (RaftServerImpl.java:setRole(172)) - omNode-3@group-6C22E66A003A: changes role from  FOLLOWER to CANDIDATE at term 72 for changeToCandidate
2020-04-15 04:10:02,635 [Thread-823] INFO  impl.FollowerState (FollowerState.java:run(108)) - omNode-2@group-6C22E66A003A-FollowerState: change to CANDIDATE, lastRpcTime:1258ms, electionTimeout:1183ms
2020-04-15 04:10:02,783 [Thread-820] INFO  impl.RoleInfo (RoleInfo.java:updateAndGet(143)) - omNode-3: start LeaderElection
2020-04-15 04:10:02,794 [Thread-823] INFO  impl.RoleInfo (RoleInfo.java:shutdownFollowerState(121)) - omNode-2: shutdown FollowerState
2020-04-15 04:10:02,795 [Thread-823] INFO  impl.RaftServerImpl (RaftServerImpl.java:setRole(172)) - omNode-2@group-6C22E66A003A: changes role from  FOLLOWER to CANDIDATE at term 72 for changeToCandidate
2020-04-15 04:10:02,795 [Thread-823] INFO  impl.RoleInfo (RoleInfo.java:updateAndGet(143)) - omNode-2: start LeaderElection
2020-04-15 04:10:02,795 [grpc-default-executor-5] INFO  impl.RaftServerImpl (RaftServerImpl.java:setRole(172)) - omNode-3@group-6C22E66A003A: changes role from CANDIDATE to FOLLOWER at term 73 for recognizeCandidate:omNode-1
2020-04-15 04:10:02,905 [grpc-default-executor-5] INFO  impl.RoleInfo (RoleInfo.java:shutdownLeaderElection(134)) - omNode-3: shutdown LeaderElection
2020-04-15 04:10:02,905 [grpc-default-executor-5] INFO  impl.RoleInfo (RoleInfo.java:updateAndGet(143)) - omNode-3: start FollowerState
2020-04-15 04:10:02,861 [IPC Server handler 11 on 11628] INFO  ipc.Server (Server.java:logException(2726)) - IPC Server handler 11 on 11628, call Call#291 Retry#0 org.apache.hadoop.ozone.om.protocol.OzoneManagerProtocol.submitRequest from 127.0.0.1:42758
org.apache.hadoop.ozone.om.exceptions.OMNotLeaderException: OM:omNode-1 is not the leader. Could not determine the leader node.
	at org.apache.hadoop.ozone.protocolPB.OzoneManagerProtocolServerSideTranslatorPB.createNotLeaderException(OzoneManagerProtocolServerSideTranslatorPB.java:187)
	at org.apache.hadoop.ozone.protocolPB.OzoneManagerProtocolServerSideTranslatorPB.submitReadRequestToOM(OzoneManagerProtocolServerSideTranslatorPB.java:173)
	at org.apache.hadoop.ozone.protocolPB.OzoneManagerProtocolServerSideTranslatorPB.processRequest(OzoneManagerProtocolServerSideTranslatorPB.java:109)
	at org.apache.hadoop.hdds.server.OzoneProtocolMessageDispatcher.processRequest(OzoneProtocolMessageDispatcher.java:75)
	at org.apache.hadoop.ozone.protocolPB.OzoneManagerProtocolServerSideTranslatorPB.submitRequest(OzoneManagerProtocolServerSideTranslatorPB.java:99)
	at org.apache.hadoop.ozone.protocol.proto.OzoneManagerProtocolProtos$OzoneManagerService$2.callBlockingMethod(OzoneManagerProtocolProtos.java)
	at org.apache.hadoop.ipc.ProtobufRpcEngine$Server$ProtoBufRpcInvoker.call(ProtobufRpcEngine.java:524)
	at org.apache.hadoop.ipc.RPC$Server.call(RPC.java:1025)
	at org.apache.hadoop.ipc.Server$RpcCall.run(Server.java:876)
	at org.apache.hadoop.ipc.Server$RpcCall.run(Server.java:822)
	at java.security.AccessController.doPrivileged(Native Method)
	at javax.security.auth.Subject.doAs(Subject.java:422)
	at org.apache.hadoop.security.UserGroupInformation.doAs(UserGroupInformation.java:1730)
	at org.apache.hadoop.ipc.Server$Handler.run(Server.java:2682)
2020-04-15 04:10:02,828 [e9b38915-e851-41b1-8884-0e332c6a8248@group-3A19E40C7583-LeaderElection47] INFO  server.RaftServerConfigKeys (ConfUtils.java:logGet(44)) - raft.server.watch.timeout = 180s (custom)
2020-04-15 04:10:03,097 [e9b38915-e851-41b1-8884-0e332c6a8248@group-3A19E40C7583-LeaderElection47] INFO  server.RaftServerConfigKeys (ConfUtils.java:logGet(44)) - raft.server.watch.timeout.denomination = 1s (default)
2020-04-15 04:10:03,098 [e9b38915-e851-41b1-8884-0e332c6a8248@group-3A19E40C7583-LeaderElection47] INFO  server.RaftServerConfigKeys (ConfUtils.java:logGet(44)) - raft.server.watch.element-limit = 65536 (default)
2020-04-15 04:10:03,098 [e9b38915-e851-41b1-8884-0e332c6a8248@group-3A19E40C7583-LeaderElection47] INFO  server.RaftServerConfigKeys (ConfUtils.java:logGet(44)) - raft.server.log.appender.snapshot.chunk.size.max = 16MB (=16777216) (default)
2020-04-15 04:10:03,098 [e9b38915-e851-41b1-8884-0e332c6a8248@group-3A19E40C7583-LeaderElection47] INFO  server.RaftServerConfigKeys (ConfUtils.java:logGet(44)) - raft.server.log.appender.buffer.byte-limit = 33554432 (custom)
2020-04-15 04:10:03,098 [e9b38915-e851-41b1-8884-0e332c6a8248@group-3A19E40C7583-LeaderElection47] INFO  server.RaftServerConfigKeys (ConfUtils.java:logGet(44)) - raft.server.log.appender.buffer.element-limit = 1 (custom)
2020-04-15 04:10:03,098 [e9b38915-e851-41b1-8884-0e332c6a8248@group-3A19E40C7583-LeaderElection47] INFO  grpc.GrpcConfigKeys (ConfUtils.java:logGet(44)) - raft.grpc.server.leader.outstanding.appends.max = 128 (default)
2020-04-15 04:10:03,099 [e9b38915-e851-41b1-8884-0e332c6a8248@group-3A19E40C7583-LeaderElection47] INFO  server.RaftServerConfigKeys (ConfUtils.java:logGet(44)) - raft.server.rpc.request.timeout = 60s (custom)
2020-04-15 04:10:03,099 [e9b38915-e851-41b1-8884-0e332c6a8248@group-3A19E40C7583-LeaderElection47] INFO  server.RaftServerConfigKeys (ConfUtils.java:logGet(44)) - raft.server.log.appender.install.snapshot.enabled = false (custom)
2020-04-15 04:10:03,140 [e9b38915-e851-41b1-8884-0e332c6a8248@group-3A19E40C7583-LeaderElection47] INFO  server.RaftServerConfigKeys (ConfUtils.java:logGet(44)) - raft.server.log.appender.snapshot.chunk.size.max = 16MB (=16777216) (default)
2020-04-15 04:10:03,141 [e9b38915-e851-41b1-8884-0e332c6a8248@group-3A19E40C7583-LeaderElection47] INFO  server.RaftServerConfigKeys (ConfUtils.java:logGet(44)) - raft.server.log.appender.buffer.byte-limit = 33554432 (custom)
2020-04-15 04:10:03,141 [e9b38915-e851-41b1-8884-0e332c6a8248@group-3A19E40C7583-LeaderElection47] INFO  server.RaftServerConfigKeys (ConfUtils.java:logGet(44)) - raft.server.log.appender.buffer.element-limit = 1 (custom)
2020-04-15 04:10:03,141 [e9b38915-e851-41b1-8884-0e332c6a8248@group-3A19E40C7583-LeaderElection47] INFO  grpc.GrpcConfigKeys (ConfUtils.java:logGet(44)) - raft.grpc.server.leader.outstanding.appends.max = 128 (default)
2020-04-15 04:10:03,141 [e9b38915-e851-41b1-8884-0e332c6a8248@group-3A19E40C7583-LeaderElection47] INFO  server.RaftServerConfigKeys (ConfUtils.java:logGet(44)) - raft.server.rpc.request.timeout = 60s (custom)
2020-04-15 04:10:03,141 [e9b38915-e851-41b1-8884-0e332c6a8248@group-3A19E40C7583-LeaderElection47] INFO  server.RaftServerConfigKeys (ConfUtils.java:logGet(44)) - raft.server.log.appender.install.snapshot.enabled = false (custom)
2020-04-15 04:10:03,157 [e9b38915-e851-41b1-8884-0e332c6a8248@group-3A19E40C7583-LeaderElection47] INFO  impl.RoleInfo (RoleInfo.java:updateAndGet(143)) - e9b38915-e851-41b1-8884-0e332c6a8248: start LeaderState
2020-04-15 04:10:03,157 [e9b38915-e851-41b1-8884-0e332c6a8248@group-3A19E40C7583-LeaderElection47] INFO  segmented.SegmentedRaftLogWorker (SegmentedRaftLogWorker.java:rollLogSegment(396)) - e9b38915-e851-41b1-8884-0e332c6a8248@group-3A19E40C7583-SegmentedRaftLogWorker: Rolling segment log-0_0 to index:0
2020-04-15 04:10:02,806 [grpc-default-executor-2] INFO  impl.RaftServerImpl (RaftServerImpl.java:setRole(172)) - omNode-2@group-6C22E66A003A: changes role from CANDIDATE to FOLLOWER at term 73 for recognizeCandidate:omNode-1
2020-04-15 04:10:03,240 [grpc-default-executor-2] INFO  impl.RoleInfo (RoleInfo.java:shutdownLeaderElection(134)) - omNode-2: shutdown LeaderElection
2020-04-15 04:10:03,251 [e9b38915-e851-41b1-8884-0e332c6a8248@group-3A19E40C7583-SegmentedRaftLogWorker] INFO  segmented.SegmentedRaftLogWorker (SegmentedRaftLogWorker.java:execute(541)) - e9b38915-e851-41b1-8884-0e332c6a8248@group-3A19E40C7583-SegmentedRaftLogWorker: Rolled log segment from /github/workspace/hadoop-ozone/integration-test/target/test-dir/MiniOzoneClusterImpl-0135e7b1-1d2a-4fbb-b7c0-5297c589a039/datanode-2/data/ratis/a9f0531e-c35a-494a-b307-3a19e40c7583/current/log_inprogress_0 to /github/workspace/hadoop-ozone/integration-test/target/test-dir/MiniOzoneClusterImpl-0135e7b1-1d2a-4fbb-b7c0-5297c589a039/datanode-2/data/ratis/a9f0531e-c35a-494a-b307-3a19e40c7583/current/log_0-0
2020-04-15 04:10:03,273 [omNode-1@group-6C22E66A003A-LeaderElection44] INFO  impl.LeaderElection (LeaderElection.java:logAndReturn(61)) - omNode-1@group-6C22E66A003A-LeaderElection44: Election TIMEOUT; received 0 response(s) [] and 0 exception(s); omNode-1@group-6C22E66A003A:t73, leader=null, voted=omNode-1, raftlog=omNode-1@group-6C22E66A003A-SegmentedRaftLog:OPENED:c-1,f0,i0, conf=0: [omNode-3:localhost:11644, omNode-1:localhost:11632, omNode-2:localhost:11638], old=null
2020-04-15 04:10:03,381 [e9b38915-e851-41b1-8884-0e332c6a8248@group-3A19E40C7583-SegmentedRaftLogWorker] INFO  segmented.SegmentedRaftLogWorker (SegmentedRaftLogWorker.java:execute(583)) - e9b38915-e851-41b1-8884-0e332c6a8248@group-3A19E40C7583-SegmentedRaftLogWorker: created new log segment /github/workspace/hadoop-ozone/integration-test/target/test-dir/MiniOzoneClusterImpl-0135e7b1-1d2a-4fbb-b7c0-5297c589a039/datanode-2/data/ratis/a9f0531e-c35a-494a-b307-3a19e40c7583/current/log_inprogress_1
2020-04-15 04:10:03,449 [grpc-default-executor-2] INFO  impl.RoleInfo (RoleInfo.java:updateAndGet(143)) - omNode-2: start FollowerState
2020-04-15 04:10:03,438 [e9b38915-e851-41b1-8884-0e332c6a8248@group-3A19E40C7583-LeaderElection47] INFO  impl.RaftServerImpl (ServerState.java:setRaftConf(356)) - e9b38915-e851-41b1-8884-0e332c6a8248@group-3A19E40C7583: set configuration 1: [e9b38915-e851-41b1-8884-0e332c6a8248:172.17.0.2:46057, 45a63c2d-5a1c-471d-92ad-27f15c6268a3:172.17.0.2:46295, e7d22208-90f1-4c2d-8da4-8182bc2fedbb:172.17.0.2:37613], old=null at 1
2020-04-15 04:10:04,258 [grpc-default-executor-12] INFO  impl.RaftServerImpl (RaftServerImpl.java:requestVote(806)) - e9b38915-e851-41b1-8884-0e332c6a8248@group-3A19E40C7583-   LEADER: Withhold vote from candidate 45a63c2d-5a1c-471d-92ad-27f15c6268a3 with term 8. State: leader=e9b38915-e851-41b1-8884-0e332c6a8248, term=8, lastRpcElapsed=null
2020-04-15 04:10:04,389 [Thread-830] INFO  impl.FollowerState (FollowerState.java:run(108)) - omNode-3@group-6C22E66A003A-FollowerState: change to CANDIDATE, lastRpcTime:1484ms, electionTimeout:1107ms
2020-04-15 04:10:04,445 [IPC Server handler 5 on 11634] INFO  ipc.Server (Server.java:logException(2726)) - IPC Server handler 5 on 11634, call Call#291 Retry#1 org.apache.hadoop.ozone.om.protocol.OzoneManagerProtocol.submitRequest from 127.0.0.1:48984
org.apache.hadoop.ozone.om.exceptions.OMNotLeaderException: OM:omNode-2 is not the leader. Could not determine the leader node.
	at org.apache.hadoop.ozone.protocolPB.OzoneManagerProtocolServerSideTranslatorPB.createNotLeaderException(OzoneManagerProtocolServerSideTranslatorPB.java:187)
	at org.apache.hadoop.ozone.protocolPB.OzoneManagerProtocolServerSideTranslatorPB.submitReadRequestToOM(OzoneManagerProtocolServerSideTranslatorPB.java:173)
	at org.apache.hadoop.ozone.protocolPB.OzoneManagerProtocolServerSideTranslatorPB.processRequest(OzoneManagerProtocolServerSideTranslatorPB.java:109)
	at org.apache.hadoop.hdds.server.OzoneProtocolMessageDispatcher.processRequest(OzoneProtocolMessageDispatcher.java:75)
	at org.apache.hadoop.ozone.protocolPB.OzoneManagerProtocolServerSideTranslatorPB.submitRequest(OzoneManagerProtocolServerSideTranslatorPB.java:99)
	at org.apache.hadoop.ozone.protocol.proto.OzoneManagerProtocolProtos$OzoneManagerService$2.callBlockingMethod(OzoneManagerProtocolProtos.java)
	at org.apache.hadoop.ipc.ProtobufRpcEngine$Server$ProtoBufRpcInvoker.call(ProtobufRpcEngine.java:524)
	at org.apache.hadoop.ipc.RPC$Server.call(RPC.java:1025)
	at org.apache.hadoop.ipc.Server$RpcCall.run(Server.java:876)
	at org.apache.hadoop.ipc.Server$RpcCall.run(Server.java:822)
	at java.security.AccessController.doPrivileged(Native Method)
	at javax.security.auth.Subject.doAs(Subject.java:422)
	at org.apache.hadoop.security.UserGroupInformation.doAs(UserGroupInformation.java:1730)
	at org.apache.hadoop.ipc.Server$Handler.run(Server.java:2682)
2020-04-15 04:10:04,434 [omNode-1@group-6C22E66A003A-LeaderElection44] INFO  impl.LeaderElection (LeaderElection.java:askForVotes(206)) - omNode-1@group-6C22E66A003A-LeaderElection44: begin an election at term 74 for 0: [omNode-3:localhost:11644, omNode-1:localhost:11632, omNode-2:localhost:11638], old=null
2020-04-15 04:10:04,389 [omNode-3@group-6C22E66A003A-LeaderElection48] INFO  impl.LeaderElection (LeaderElection.java:askForVotes(206)) - omNode-3@group-6C22E66A003A-LeaderElection48: begin an election at term 74 for -1: [omNode-3:localhost:11644, omNode-1:localhost:11632, omNode-2:localhost:11638], old=null
2020-04-15 04:10:04,697 [Thread-830] INFO  impl.RoleInfo (RoleInfo.java:shutdownFollowerState(121)) - omNode-3: shutdown FollowerState
2020-04-15 04:10:04,752 [Thread-830] INFO  impl.RaftServerImpl (RaftServerImpl.java:setRole(172)) - omNode-3@group-6C22E66A003A: changes role from  FOLLOWER to CANDIDATE at term 74 for changeToCandidate
2020-04-15 04:10:04,752 [Thread-830] INFO  impl.RoleInfo (RoleInfo.java:updateAndGet(143)) - omNode-3: start LeaderElection
2020-04-15 04:10:05,193 [main] INFO  retry.RetryInvocationHandler (RetryInvocationHandler.java:log(411)) - com.google.protobuf.ServiceException: org.apache.hadoop.ipc.RemoteException(org.apache.hadoop.ozone.om.exceptions.OMNotLeaderException): OM:omNode-2 is not the leader. Could not determine the leader node.
	at org.apache.hadoop.ozone.protocolPB.OzoneManagerProtocolServerSideTranslatorPB.createNotLeaderException(OzoneManagerProtocolServerSideTranslatorPB.java:187)
	at org.apache.hadoop.ozone.protocolPB.OzoneManagerProtocolServerSideTranslatorPB.submitReadRequestToOM(OzoneManagerProtocolServerSideTranslatorPB.java:173)
	at org.apache.hadoop.ozone.protocolPB.OzoneManagerProtocolServerSideTranslatorPB.processRequest(OzoneManagerProtocolServerSideTranslatorPB.java:109)
	at org.apache.hadoop.hdds.server.OzoneProtocolMessageDispatcher.processRequest(OzoneProtocolMessageDispatcher.java:75)
	at org.apache.hadoop.ozone.protocolPB.OzoneManagerProtocolServerSideTranslatorPB.submitRequest(OzoneManagerProtocolServerSideTranslatorPB.java:99)
	at org.apache.hadoop.ozone.protocol.proto.OzoneManagerProtocolProtos$OzoneManagerService$2.callBlockingMethod(OzoneManagerProtocolProtos.java)
	at org.apache.hadoop.ipc.ProtobufRpcEngine$Server$ProtoBufRpcInvoker.call(ProtobufRpcEngine.java:524)
	at org.apache.hadoop.ipc.RPC$Server.call(RPC.java:1025)
	at org.apache.hadoop.ipc.Server$RpcCall.run(Server.java:876)
	at org.apache.hadoop.ipc.Server$RpcCall.run(Server.java:822)
	at java.security.AccessController.doPrivileged(Native Method)
	at javax.security.auth.Subject.doAs(Subject.java:422)
	at org.apache.hadoop.security.UserGroupInformation.doAs(UserGroupInformation.java:1730)
	at org.apache.hadoop.ipc.Server$Handler.run(Server.java:2682)
, while invoking $Proxy41.submitRequest over nodeId=omNode-2,nodeAddress=127.0.0.1:11634 after 1 failover attempts. Trying to failover immediately.
2020-04-15 04:10:05,483 [45a63c2d-5a1c-471d-92ad-27f15c6268a3@group-3A19E40C7583-LeaderElection46] INFO  impl.LeaderElection (LeaderElection.java:logAndReturn(61)) - 45a63c2d-5a1c-471d-92ad-27f15c6268a3@group-3A19E40C7583-LeaderElection46: Election REJECTED; received 2 response(s) [45a63c2d-5a1c-471d-92ad-27f15c6268a3<-e9b38915-e851-41b1-8884-0e332c6a8248#0:FAIL-t8, 45a63c2d-5a1c-471d-92ad-27f15c6268a3<-e7d22208-90f1-4c2d-8da4-8182bc2fedbb#0:FAIL-t8] and 0 exception(s); 45a63c2d-5a1c-471d-92ad-27f15c6268a3@group-3A19E40C7583:t8, leader=null, voted=45a63c2d-5a1c-471d-92ad-27f15c6268a3, raftlog=45a63c2d-5a1c-471d-92ad-27f15c6268a3@group-3A19E40C7583-SegmentedRaftLog:OPENED:c0,f0,i0, conf=0: [e9b38915-e851-41b1-8884-0e332c6a8248:172.17.0.2:46057, 45a63c2d-5a1c-471d-92ad-27f15c6268a3:172.17.0.2:46295, e7d22208-90f1-4c2d-8da4-8182bc2fedbb:172.17.0.2:37613], old=null
2020-04-15 04:10:05,438 [Thread-833] INFO  impl.FollowerState (FollowerState.java:run(108)) - omNode-2@group-6C22E66A003A-FollowerState: change to CANDIDATE, lastRpcTime:1988ms, electionTimeout:1019ms
2020-04-15 04:10:05,438 [omNode-2@group-6C22E66A003A-LeaderElection49] INFO  impl.LeaderElection (LeaderElection.java:askForVotes(206)) - omNode-2@group-6C22E66A003A-LeaderElection49: begin an election at term 74 for 1: [omNode-3:localhost:11644, omNode-1:localhost:11632, omNode-2:localhost:11638], old=null
2020-04-15 04:10:05,425 [omNode-3@group-6C22E66A003A-LeaderElection48] INFO  impl.LeaderElection (LeaderElection.java:logAndReturn(61)) - omNode-3@group-6C22E66A003A-LeaderElection48: Election REJECTED; received 0 response(s) [] and 0 exception(s); omNode-3@group-6C22E66A003A:t75, leader=null, voted=omNode-3, raftlog=omNode-3@group-6C22E66A003A-SegmentedRaftLog:OPENED:c-1,f-1,i0, conf=-1: [omNode-3:localhost:11644, omNode-1:localhost:11632, omNode-2:localhost:11638], old=null
2020-04-15 04:10:05,414 [omNode-3@group-6C22E66A003A-LeaderElection50] INFO  impl.LeaderElection (LeaderElection.java:askForVotes(206)) - omNode-3@group-6C22E66A003A-LeaderElection50: begin an election at term 75 for -1: [omNode-3:localhost:11644, omNode-1:localhost:11632, omNode-2:localhost:11638], old=null
2020-04-15 04:10:06,228 [IPC Server handler 15 on 11640] INFO  ipc.Server (Server.java:logException(2726)) - IPC Server handler 15 on 11640, call Call#291 Retry#2 org.apache.hadoop.ozone.om.protocol.OzoneManagerProtocol.submitRequest from 127.0.0.1:33734
org.apache.hadoop.ozone.om.exceptions.OMNotLeaderException: OM:omNode-3 is not the leader. Could not determine the leader node.
	at org.apache.hadoop.ozone.protocolPB.OzoneManagerProtocolServerSideTranslatorPB.createNotLeaderException(OzoneManagerProtocolServerSideTranslatorPB.java:187)
	at org.apache.hadoop.ozone.protocolPB.OzoneManagerProtocolServerSideTranslatorPB.submitReadRequestToOM(OzoneManagerProtocolServerSideTranslatorPB.java:173)
	at org.apache.hadoop.ozone.protocolPB.OzoneManagerProtocolServerSideTranslatorPB.processRequest(OzoneManagerProtocolServerSideTranslatorPB.java:109)
	at org.apache.hadoop.hdds.server.OzoneProtocolMessageDispatcher.processRequest(OzoneProtocolMessageDispatcher.java:75)
	at org.apache.hadoop.ozone.protocolPB.OzoneManagerProtocolServerSideTranslatorPB.submitRequest(OzoneManagerProtocolServerSideTranslatorPB.java:99)
	at org.apache.hadoop.ozone.protocol.proto.OzoneManagerProtocolProtos$OzoneManagerService$2.callBlockingMethod(OzoneManagerProtocolProtos.java)
	at org.apache.hadoop.ipc.ProtobufRpcEngine$Server$ProtoBufRpcInvoker.call(ProtobufRpcEngine.java:524)
	at org.apache.hadoop.ipc.RPC$Server.call(RPC.java:1025)
	at org.apache.hadoop.ipc.Server$RpcCall.run(Server.java:876)
	at org.apache.hadoop.ipc.Server$RpcCall.run(Server.java:822)
	at java.security.AccessController.doPrivileged(Native Method)
	at javax.security.auth.Subject.doAs(Subject.java:422)
	at org.apache.hadoop.security.UserGroupInformation.doAs(UserGroupInformation.java:1730)
	at org.apache.hadoop.ipc.Server$Handler.run(Server.java:2682)
2020-04-15 04:10:06,226 [Thread-833] INFO  impl.RoleInfo (RoleInfo.java:shutdownFollowerState(121)) - omNode-2: shutdown FollowerState
2020-04-15 04:10:06,253 [Thread-833] INFO  impl.RaftServerImpl (RaftServerImpl.java:setRole(172)) - omNode-2@group-6C22E66A003A: changes role from  FOLLOWER to CANDIDATE at term 74 for changeToCandidate
2020-04-15 04:10:06,161 [omNode-1@group-6C22E66A003A-LeaderElection44] INFO  impl.LeaderElection (LeaderElection.java:logAndReturn(61)) - omNode-1@group-6C22E66A003A-LeaderElection44: Election DISCOVERED_A_NEW_TERM; received 1 response(s) [omNode-1<-omNode-3#0:FAIL-t75] and 0 exception(s); omNode-1@group-6C22E66A003A:t74, leader=null, voted=omNode-1, raftlog=omNode-1@group-6C22E66A003A-SegmentedRaftLog:OPENED:c-1,f0,i0, conf=0: [omNode-3:localhost:11644, omNode-1:localhost:11632, omNode-2:localhost:11638], old=null
2020-04-15 04:10:05,945 [45a63c2d-5a1c-471d-92ad-27f15c6268a3@group-3A19E40C7583-LeaderElection46] INFO  impl.RaftServerImpl (RaftServerImpl.java:setRole(172)) - 45a63c2d-5a1c-471d-92ad-27f15c6268a3@group-3A19E40C7583: changes role from CANDIDATE to FOLLOWER at term 8 for DISCOVERED_A_NEW_TERM
2020-04-15 04:10:06,253 [45a63c2d-5a1c-471d-92ad-27f15c6268a3@group-3A19E40C7583-LeaderElection46] INFO  impl.RoleInfo (RoleInfo.java:shutdownLeaderElection(134)) - 45a63c2d-5a1c-471d-92ad-27f15c6268a3: shutdown LeaderElection
2020-04-15 04:10:05,622 [grpc-default-executor-7] INFO  ratis.XceiverServerRatis (XceiverServerRatis.java:handleLeaderChangedNotification(739)) - Leader change notification received for group: group-3A19E40C7583 with new leaderId: e9b38915-e851-41b1-8884-0e332c6a8248
2020-04-15 04:10:06,276 [grpc-default-executor-7] INFO  impl.RaftServerImpl (ServerState.java:setLeader(255)) - e7d22208-90f1-4c2d-8da4-8182bc2fedbb@group-3A19E40C7583: change Leader from null to e9b38915-e851-41b1-8884-0e332c6a8248 at term 8 for appendEntries, leader elected after 37059ms
2020-04-15 04:10:06,276 [omNode-1@group-6C22E66A003A-LeaderElection44] INFO  impl.RaftServerImpl (RaftServerImpl.java:setRole(172)) - omNode-1@group-6C22E66A003A: changes role from CANDIDATE to FOLLOWER at term 75 for DISCOVERED_A_NEW_TERM
2020-04-15 04:10:06,276 [grpc-default-executor-7] INFO  impl.RaftServerImpl (RaftServerImpl.java:checkInconsistentAppendEntries(1065)) - e7d22208-90f1-4c2d-8da4-8182bc2fedbb@group-3A19E40C7583: Failed appendEntries as previous log entry ((t:5, i:0)) is not found
2020-04-15 04:10:06,276 [grpc-default-executor-7] INFO  impl.RaftServerImpl (RaftServerImpl.java:checkInconsistentAppendEntries(1031)) - e7d22208-90f1-4c2d-8da4-8182bc2fedbb@group-3A19E40C7583: inconsistency entries. Reply:e9b38915-e851-41b1-8884-0e332c6a8248<-e7d22208-90f1-4c2d-8da4-8182bc2fedbb#0:FAIL,INCONSISTENCY,nextIndex:0,term:8,followerCommit:-1
2020-04-15 04:10:06,288 [Thread-833] INFO  impl.RoleInfo (RoleInfo.java:updateAndGet(143)) - omNode-2: start LeaderElection
2020-04-15 04:10:06,276 [45a63c2d-5a1c-471d-92ad-27f15c6268a3@group-3A19E40C7583-LeaderElection46] INFO  impl.RoleInfo (RoleInfo.java:updateAndGet(143)) - 45a63c2d-5a1c-471d-92ad-27f15c6268a3: start FollowerState
2020-04-15 04:10:06,435 [grpc-default-executor-7] INFO  impl.RaftServerImpl (RaftServerImpl.java:checkInconsistentAppendEntries(1065)) - e7d22208-90f1-4c2d-8da4-8182bc2fedbb@group-3A19E40C7583: Failed appendEntries as previous log entry ((t:5, i:0)) is not found
2020-04-15 04:10:06,437 [grpc-default-executor-7] INFO  impl.RaftServerImpl (RaftServerImpl.java:checkInconsistentAppendEntries(1031)) - e7d22208-90f1-4c2d-8da4-8182bc2fedbb@group-3A19E40C7583: inconsistency entries. Reply:e9b38915-e851-41b1-8884-0e332c6a8248<-e7d22208-90f1-4c2d-8da4-8182bc2fedbb#1:FAIL,INCONSISTENCY,nextIndex:0,term:8,followerCommit:-1
2020-04-15 04:10:06,439 [main] INFO  retry.RetryInvocationHandler (RetryInvocationHandler.java:log(411)) - com.google.protobuf.ServiceException: org.apache.hadoop.ipc.RemoteException(org.apache.hadoop.ozone.om.exceptions.OMNotLeaderException): OM:omNode-3 is not the leader. Could not determine the leader node.
	at org.apache.hadoop.ozone.protocolPB.OzoneManagerProtocolServerSideTranslatorPB.createNotLeaderException(OzoneManagerProtocolServerSideTranslatorPB.java:187)
	at org.apache.hadoop.ozone.protocolPB.OzoneManagerProtocolServerSideTranslatorPB.submitReadRequestToOM(OzoneManagerProtocolServerSideTranslatorPB.java:173)
	at org.apache.hadoop.ozone.protocolPB.OzoneManagerProtocolServerSideTranslatorPB.processRequest(OzoneManagerProtocolServerSideTranslatorPB.java:109)
	at org.apache.hadoop.hdds.server.OzoneProtocolMessageDispatcher.processRequest(OzoneProtocolMessageDispatcher.java:75)
	at org.apache.hadoop.ozone.protocolPB.OzoneManagerProtocolServerSideTranslatorPB.submitRequest(OzoneManagerProtocolServerSideTranslatorPB.java:99)
	at org.apache.hadoop.ozone.protocol.proto.OzoneManagerProtocolProtos$OzoneManagerService$2.callBlockingMethod(OzoneManagerProtocolProtos.java)
	at org.apache.hadoop.ipc.ProtobufRpcEngine$Server$ProtoBufRpcInvoker.call(ProtobufRpcEngine.java:524)
	at org.apache.hadoop.ipc.RPC$Server.call(RPC.java:1025)
	at org.apache.hadoop.ipc.Server$RpcCall.run(Server.java:876)
	at org.apache.hadoop.ipc.Server$RpcCall.run(Server.java:822)
	at java.security.AccessController.doPrivileged(Native Method)
	at javax.security.auth.Subject.doAs(Subject.java:422)
	at org.apache.hadoop.security.UserGroupInformation.doAs(UserGroupInformation.java:1730)
	at org.apache.hadoop.ipc.Server$Handler.run(Server.java:2682)
, while invoking $Proxy41.submitRequest over nodeId=omNode-3,nodeAddress=127.0.0.1:11640 after 2 failover attempts. Trying to failover after sleeping for 2000ms.
2020-04-15 04:10:06,276 [omNode-1@group-6C22E66A003A-LeaderElection44] INFO  impl.RoleInfo (RoleInfo.java:shutdownLeaderElection(134)) - omNode-1: shutdown LeaderElection
2020-04-15 04:10:06,445 [grpc-default-executor-8] INFO  impl.FollowerInfo (FollowerInfo.java:lambda$new$0(50)) - e9b38915-e851-41b1-8884-0e332c6a8248@group-3A19E40C7583->e7d22208-90f1-4c2d-8da4-8182bc2fedbb: nextIndex: updateUnconditionally 2 -> 0
2020-04-15 04:10:06,569 [omNode-1@group-6C22E66A003A-LeaderElection44] INFO  impl.RoleInfo (RoleInfo.java:updateAndGet(143)) - omNode-1: start FollowerState
2020-04-15 04:10:06,670 [grpc-default-executor-5] INFO  ratis.XceiverServerRatis (XceiverServerRatis.java:handleLeaderChangedNotification(739)) - Leader change notification received for group: group-3A19E40C7583 with new leaderId: e9b38915-e851-41b1-8884-0e332c6a8248
2020-04-15 04:10:06,704 [grpc-default-executor-8] INFO  impl.FollowerInfo (FollowerInfo.java:lambda$new$0(50)) - e9b38915-e851-41b1-8884-0e332c6a8248@group-3A19E40C7583->e7d22208-90f1-4c2d-8da4-8182bc2fedbb: nextIndex: updateUnconditionally 1 -> 0
2020-04-15 04:10:06,681 [grpc-default-executor-12] INFO  impl.RaftServerImpl (RaftServerImpl.java:setRole(172)) - omNode-1@group-6C22E66A003A: changes role from  FOLLOWER to FOLLOWER at term 75 for recognizeCandidate:omNode-3
2020-04-15 04:10:06,845 [grpc-default-executor-5] INFO  impl.RaftServerImpl (ServerState.java:setLeader(255)) - 45a63c2d-5a1c-471d-92ad-27f15c6268a3@group-3A19E40C7583: change Leader from null to e9b38915-e851-41b1-8884-0e332c6a8248 at term 8 for appendEntries, leader elected after 17638ms
2020-04-15 04:10:06,821 [omNode-2@group-6C22E66A003A-LeaderElection51] INFO  impl.LeaderElection (LeaderElection.java:askForVotes(206)) - omNode-2@group-6C22E66A003A-LeaderElection51: begin an election at term 75 for 1: [omNode-3:localhost:11644, omNode-1:localhost:11632, omNode-2:localhost:11638], old=null
2020-04-15 04:10:06,845 [grpc-default-executor-12] INFO  impl.RoleInfo (RoleInfo.java:shutdownFollowerState(121)) - omNode-1: shutdown FollowerState
2020-04-15 04:10:06,859 [grpc-default-executor-12] INFO  impl.RoleInfo (RoleInfo.java:updateAndGet(143)) - omNode-1: start FollowerState
2020-04-15 04:10:06,859 [Thread-847] INFO  impl.FollowerState (FollowerState.java:run(117)) - omNode-1@group-6C22E66A003A-FollowerState was interrupted: java.lang.InterruptedException: sleep interrupted
2020-04-15 04:10:06,986 [grpc-default-executor-12] INFO  impl.RaftServerImpl (ServerState.java:setRaftConf(356)) - e7d22208-90f1-4c2d-8da4-8182bc2fedbb@group-3A19E40C7583: set configuration 0: [e9b38915-e851-41b1-8884-0e332c6a8248:172.17.0.2:46057, 45a63c2d-5a1c-471d-92ad-27f15c6268a3:172.17.0.2:46295, e7d22208-90f1-4c2d-8da4-8182bc2fedbb:172.17.0.2:37613], old=null at 0
2020-04-15 04:10:06,987 [grpc-default-executor-12] INFO  segmented.SegmentedRaftLogWorker (SegmentedRaftLogWorker.java:startLogSegment(391)) - e7d22208-90f1-4c2d-8da4-8182bc2fedbb@group-3A19E40C7583-SegmentedRaftLogWorker: Starting segment from index:0
2020-04-15 04:10:07,102 [omNode-2@group-6C22E66A003A-LeaderElection49] INFO  impl.LeaderElection (LeaderElection.java:logAndReturn(61)) - omNode-2@group-6C22E66A003A-LeaderElection49: Election REJECTED; received 0 response(s) [] and 0 exception(s); omNode-2@group-6C22E66A003A:t75, leader=null, voted=omNode-2, raftlog=omNode-2@group-6C22E66A003A-SegmentedRaftLog:OPENED:c0,f1,i1, conf=1: [omNode-3:localhost:11644, omNode-1:localhost:11632, omNode-2:localhost:11638], old=null
2020-04-15 04:10:07,115 [grpc-default-executor-2] INFO  impl.RaftServerImpl (RaftServerImpl.java:setRole(172)) - omNode-1@group-6C22E66A003A: changes role from  FOLLOWER to FOLLOWER at term 75 for recognizeCandidate:omNode-2
2020-04-15 04:10:07,471 [omNode-3@group-6C22E66A003A-LeaderElection50] INFO  impl.LeaderElection (LeaderElection.java:logAndReturn(61)) - omNode-3@group-6C22E66A003A-LeaderElection50: Election TIMEOUT; received 1 response(s) [omNode-3<-omNode-1#0:FAIL-t75] and 0 exception(s); omNode-3@group-6C22E66A003A:t75, leader=null, voted=omNode-3, raftlog=omNode-3@group-6C22E66A003A-SegmentedRaftLog:OPENED:c-1,f-1,i0, conf=-1: [omNode-3:localhost:11644, omNode-1:localhost:11632, omNode-2:localhost:11638], old=null
2020-04-15 04:10:07,438 [grpc-default-executor-12] INFO  impl.RaftServerImpl (ServerState.java:setRaftConf(356)) - e7d22208-90f1-4c2d-8da4-8182bc2fedbb@group-3A19E40C7583: set configuration 0: [e9b38915-e851-41b1-8884-0e332c6a8248:172.17.0.2:46057, 45a63c2d-5a1c-471d-92ad-27f15c6268a3:172.17.0.2:46295, e7d22208-90f1-4c2d-8da4-8182bc2fedbb:172.17.0.2:37613], old=null at 0
2020-04-15 04:10:07,137 [e7d22208-90f1-4c2d-8da4-8182bc2fedbb@group-3A19E40C7583-SegmentedRaftLogWorker] INFO  segmented.SegmentedRaftLogWorker (SegmentedRaftLogWorker.java:execute(583)) - e7d22208-90f1-4c2d-8da4-8182bc2fedbb@group-3A19E40C7583-SegmentedRaftLogWorker: created new log segment /github/workspace/hadoop-ozone/integration-test/target/test-dir/MiniOzoneClusterImpl-0135e7b1-1d2a-4fbb-b7c0-5297c589a039/datanode-0/data/ratis/a9f0531e-c35a-494a-b307-3a19e40c7583/current/log_inprogress_0
2020-04-15 04:10:07,527 [grpc-default-executor-5] INFO  impl.RaftServerImpl (ServerState.java:setRaftConf(356)) - 45a63c2d-5a1c-471d-92ad-27f15c6268a3@group-3A19E40C7583: set configuration 1: [e9b38915-e851-41b1-8884-0e332c6a8248:172.17.0.2:46057, 45a63c2d-5a1c-471d-92ad-27f15c6268a3:172.17.0.2:46295, e7d22208-90f1-4c2d-8da4-8182bc2fedbb:172.17.0.2:37613], old=null at 1
2020-04-15 04:10:07,629 [grpc-default-executor-5] INFO  segmented.SegmentedRaftLogWorker (SegmentedRaftLogWorker.java:rollLogSegment(396)) - 45a63c2d-5a1c-471d-92ad-27f15c6268a3@group-3A19E40C7583-SegmentedRaftLogWorker: Rolling segment log-0_0 to index:0
2020-04-15 04:10:07,515 [grpc-default-executor-2] INFO  impl.RoleInfo (RoleInfo.java:shutdownFollowerState(121)) - omNode-1: shutdown FollowerState
2020-04-15 04:10:07,674 [grpc-default-executor-2] INFO  impl.RoleInfo (RoleInfo.java:updateAndGet(143)) - omNode-1: start FollowerState
2020-04-15 04:10:07,674 [Thread-852] INFO  impl.FollowerState (FollowerState.java:run(117)) - omNode-1@group-6C22E66A003A-FollowerState was interrupted: java.lang.InterruptedException: sleep interrupted
2020-04-15 04:10:07,652 [45a63c2d-5a1c-471d-92ad-27f15c6268a3@group-3A19E40C7583-SegmentedRaftLogWorker] INFO  segmented.SegmentedRaftLogWorker (SegmentedRaftLogWorker.java:execute(541)) - 45a63c2d-5a1c-471d-92ad-27f15c6268a3@group-3A19E40C7583-SegmentedRaftLogWorker: Rolled log segment from /github/workspace/hadoop-ozone/integration-test/target/test-dir/MiniOzoneClusterImpl-0135e7b1-1d2a-4fbb-b7c0-5297c589a039/datanode-1/data/ratis/a9f0531e-c35a-494a-b307-3a19e40c7583/current/log_inprogress_0 to /github/workspace/hadoop-ozone/integration-test/target/test-dir/MiniOzoneClusterImpl-0135e7b1-1d2a-4fbb-b7c0-5297c589a039/datanode-1/data/ratis/a9f0531e-c35a-494a-b307-3a19e40c7583/current/log_0-0
2020-04-15 04:10:07,774 [45a63c2d-5a1c-471d-92ad-27f15c6268a3@group-3A19E40C7583-SegmentedRaftLogWorker] INFO  segmented.SegmentedRaftLogWorker (SegmentedRaftLogWorker.java:execute(583)) - 45a63c2d-5a1c-471d-92ad-27f15c6268a3@group-3A19E40C7583-SegmentedRaftLogWorker: created new log segment /github/workspace/hadoop-ozone/integration-test/target/test-dir/MiniOzoneClusterImpl-0135e7b1-1d2a-4fbb-b7c0-5297c589a039/datanode-1/data/ratis/a9f0531e-c35a-494a-b307-3a19e40c7583/current/log_inprogress_1
2020-04-15 04:10:07,841 [grpc-default-executor-5] INFO  impl.RaftServerImpl (ServerState.java:setRaftConf(356)) - e7d22208-90f1-4c2d-8da4-8182bc2fedbb@group-3A19E40C7583: set configuration 1: [e9b38915-e851-41b1-8884-0e332c6a8248:172.17.0.2:46057, 45a63c2d-5a1c-471d-92ad-27f15c6268a3:172.17.0.2:46295, e7d22208-90f1-4c2d-8da4-8182bc2fedbb:172.17.0.2:37613], old=null at 1
2020-04-15 04:10:07,863 [grpc-default-executor-5] INFO  segmented.SegmentedRaftLogWorker (SegmentedRaftLogWorker.java:rollLogSegment(396)) - e7d22208-90f1-4c2d-8da4-8182bc2fedbb@group-3A19E40C7583-SegmentedRaftLogWorker: Rolling segment log-0_0 to index:0
2020-04-15 04:10:07,919 [omNode-3@group-6C22E66A003A-LeaderElection50] INFO  impl.LeaderElection (LeaderElection.java:askForVotes(206)) - omNode-3@group-6C22E66A003A-LeaderElection50: begin an election at term 76 for -1: [omNode-3:localhost:11644, omNode-1:localhost:11632, omNode-2:localhost:11638], old=null
2020-04-15 04:10:08,470 [IPC Server handler 19 on 11628] INFO  ipc.Server (Server.java:logException(2726)) - IPC Server handler 19 on 11628, call Call#291 Retry#3 org.apache.hadoop.ozone.om.protocol.OzoneManagerProtocol.submitRequest from 127.0.0.1:42758
org.apache.hadoop.ozone.om.exceptions.OMNotLeaderException: OM:omNode-1 is not the leader. Could not determine the leader node.
	at org.apache.hadoop.ozone.protocolPB.OzoneManagerProtocolServerSideTranslatorPB.createNotLeaderException(OzoneManagerProtocolServerSideTranslatorPB.java:187)
	at org.apache.hadoop.ozone.protocolPB.OzoneManagerProtocolServerSideTranslatorPB.submitReadRequestToOM(OzoneManagerProtocolServerSideTranslatorPB.java:173)
	at org.apache.hadoop.ozone.protocolPB.OzoneManagerProtocolServerSideTranslatorPB.processRequest(OzoneManagerProtocolServerSideTranslatorPB.java:109)
	at org.apache.hadoop.hdds.server.OzoneProtocolMessageDispatcher.processRequest(OzoneProtocolMessageDispatcher.java:75)
	at org.apache.hadoop.ozone.protocolPB.OzoneManagerProtocolServerSideTranslatorPB.submitRequest(OzoneManagerProtocolServerSideTranslatorPB.java:99)
	at org.apache.hadoop.ozone.protocol.proto.OzoneManagerProtocolProtos$OzoneManagerService$2.callBlockingMethod(OzoneManagerProtocolProtos.java)
	at org.apache.hadoop.ipc.ProtobufRpcEngine$Server$ProtoBufRpcInvoker.call(ProtobufRpcEngine.java:524)
	at org.apache.hadoop.ipc.RPC$Server.call(RPC.java:1025)
	at org.apache.hadoop.ipc.Server$RpcCall.run(Server.java:876)
	at org.apache.hadoop.ipc.Server$RpcCall.run(Server.java:822)
	at java.security.AccessController.doPrivileged(Native Method)
	at javax.security.auth.Subject.doAs(Subject.java:422)
	at org.apache.hadoop.security.UserGroupInformation.doAs(UserGroupInformation.java:1730)
	at org.apache.hadoop.ipc.Server$Handler.run(Server.java:2682)
2020-04-15 04:10:08,005 [e7d22208-90f1-4c2d-8da4-8182bc2fedbb@group-3A19E40C7583-SegmentedRaftLogWorker] INFO  segmented.SegmentedRaftLogWorker (SegmentedRaftLogWorker.java:execute(541)) - e7d22208-90f1-4c2d-8da4-8182bc2fedbb@group-3A19E40C7583-SegmentedRaftLogWorker: Rolled log segment from /github/workspace/hadoop-ozone/integration-test/target/test-dir/MiniOzoneClusterImpl-0135e7b1-1d2a-4fbb-b7c0-5297c589a039/datanode-0/data/ratis/a9f0531e-c35a-494a-b307-3a19e40c7583/current/log_inprogress_0 to /github/workspace/hadoop-ozone/integration-test/target/test-dir/MiniOzoneClusterImpl-0135e7b1-1d2a-4fbb-b7c0-5297c589a039/datanode-0/data/ratis/a9f0531e-c35a-494a-b307-3a19e40c7583/current/log_0-0
2020-04-15 04:10:07,994 [omNode-2@group-6C22E66A003A-LeaderElection51] INFO  impl.LeaderElection (LeaderElection.java:logAndReturn(61)) - omNode-2@group-6C22E66A003A-LeaderElection51: Election TIMEOUT; received 1 response(s) [omNode-2<-omNode-3#0:FAIL-t75] and 0 exception(s); omNode-2@group-6C22E66A003A:t75, leader=null, voted=omNode-2, raftlog=omNode-2@group-6C22E66A003A-SegmentedRaftLog:OPENED:c0,f1,i1, conf=1: [omNode-3:localhost:11644, omNode-1:localhost:11632, omNode-2:localhost:11638], old=null
2020-04-15 04:10:09,072 [grpc-default-executor-2] INFO  impl.RaftServerImpl (RaftServerImpl.java:setRole(172)) - omNode-2@group-6C22E66A003A: changes role from CANDIDATE to FOLLOWER at term 76 for recognizeCandidate:omNode-3
2020-04-15 04:10:09,059 [Thread-855] INFO  impl.FollowerState (FollowerState.java:run(108)) - omNode-1@group-6C22E66A003A-FollowerState: change to CANDIDATE, lastRpcTime:1385ms, electionTimeout:1101ms
2020-04-15 04:10:09,470 [Thread-855] INFO  impl.RoleInfo (RoleInfo.java:shutdownFollowerState(121)) - omNode-1: shutdown FollowerState
2020-04-15 04:10:09,470 [Thread-855] INFO  impl.RaftServerImpl (RaftServerImpl.java:setRole(172)) - omNode-1@group-6C22E66A003A: changes role from  FOLLOWER to CANDIDATE at term 75 for changeToCandidate
2020-04-15 04:10:09,470 [Thread-855] INFO  impl.RoleInfo (RoleInfo.java:updateAndGet(143)) - omNode-1: start LeaderElection
2020-04-15 04:10:09,469 [e7d22208-90f1-4c2d-8da4-8182bc2fedbb@group-3A19E40C7583-SegmentedRaftLogWorker] INFO  segmented.SegmentedRaftLogWorker (SegmentedRaftLogWorker.java:execute(583)) - e7d22208-90f1-4c2d-8da4-8182bc2fedbb@group-3A19E40C7583-SegmentedRaftLogWorker: created new log segment /github/workspace/hadoop-ozone/integration-test/target/test-dir/MiniOzoneClusterImpl-0135e7b1-1d2a-4fbb-b7c0-5297c589a039/datanode-0/data/ratis/a9f0531e-c35a-494a-b307-3a19e40c7583/current/log_inprogress_1
2020-04-15 04:10:09,481 [grpc-default-executor-2] INFO  impl.RoleInfo (RoleInfo.java:shutdownLeaderElection(134)) - omNode-2: shutdown LeaderElection
2020-04-15 04:10:09,510 [main] INFO  retry.RetryInvocationHandler (RetryInvocationHandler.java:log(411)) - com.google.protobuf.ServiceException: org.apache.hadoop.ipc.RemoteException(org.apache.hadoop.ozone.om.exceptions.OMNotLeaderException): OM:omNode-1 is not the leader. Could not determine the leader node.
	at org.apache.hadoop.ozone.protocolPB.OzoneManagerProtocolServerSideTranslatorPB.createNotLeaderException(OzoneManagerProtocolServerSideTranslatorPB.java:187)
	at org.apache.hadoop.ozone.protocolPB.OzoneManagerProtocolServerSideTranslatorPB.submitReadRequestToOM(OzoneManagerProtocolServerSideTranslatorPB.java:173)
	at org.apache.hadoop.ozone.protocolPB.OzoneManagerProtocolServerSideTranslatorPB.processRequest(OzoneManagerProtocolServerSideTranslatorPB.java:109)
	at org.apache.hadoop.hdds.server.OzoneProtocolMessageDispatcher.processRequest(OzoneProtocolMessageDispatcher.java:75)
	at org.apache.hadoop.ozone.protocolPB.OzoneManagerProtocolServerSideTranslatorPB.submitRequest(OzoneManagerProtocolServerSideTranslatorPB.java:99)
	at org.apache.hadoop.ozone.protocol.proto.OzoneManagerProtocolProtos$OzoneManagerService$2.callBlockingMethod(OzoneManagerProtocolProtos.java)
	at org.apache.hadoop.ipc.ProtobufRpcEngine$Server$ProtoBufRpcInvoker.call(ProtobufRpcEngine.java:524)
	at org.apache.hadoop.ipc.RPC$Server.call(RPC.java:1025)
	at org.apache.hadoop.ipc.Server$RpcCall.run(Server.java:876)
	at org.apache.hadoop.ipc.Server$RpcCall.run(Server.java:822)
	at java.security.AccessController.doPrivileged(Native Method)
	at javax.security.auth.Subject.doAs(Subject.java:422)
	at org.apache.hadoop.security.UserGroupInformation.doAs(UserGroupInformation.java:1730)
	at org.apache.hadoop.ipc.Server$Handler.run(Server.java:2682)
, while invoking $Proxy41.submitRequest over nodeId=omNode-1,nodeAddress=127.0.0.1:11628 after 3 failover attempts. Trying to failover immediately.
2020-04-15 04:10:09,586 [grpc-default-executor-2] INFO  impl.RoleInfo (RoleInfo.java:updateAndGet(143)) - omNode-2: start FollowerState
2020-04-15 04:10:09,481 [grpc-default-executor-8] INFO  impl.RaftServerImpl (RaftServerImpl.java:setRole(172)) - omNode-1@group-6C22E66A003A: changes role from CANDIDATE to FOLLOWER at term 76 for recognizeCandidate:omNode-3
2020-04-15 04:10:09,686 [grpc-default-executor-8] INFO  impl.RoleInfo (RoleInfo.java:shutdownLeaderElection(134)) - omNode-1: shutdown LeaderElection
2020-04-15 04:10:09,752 [IPC Server handler 5 on 11634] INFO  ipc.Server (Server.java:logException(2726)) - IPC Server handler 5 on 11634, call Call#291 Retry#4 org.apache.hadoop.ozone.om.protocol.OzoneManagerProtocol.submitRequest from 127.0.0.1:48984
org.apache.hadoop.ozone.om.exceptions.OMNotLeaderException: OM:omNode-2 is not the leader. Could not determine the leader node.
	at org.apache.hadoop.ozone.protocolPB.OzoneManagerProtocolServerSideTranslatorPB.createNotLeaderException(OzoneManagerProtocolServerSideTranslatorPB.java:187)
	at org.apache.hadoop.ozone.protocolPB.OzoneManagerProtocolServerSideTranslatorPB.submitReadRequestToOM(OzoneManagerProtocolServerSideTranslatorPB.java:173)
	at org.apache.hadoop.ozone.protocolPB.OzoneManagerProtocolServerSideTranslatorPB.processRequest(OzoneManagerProtocolServerSideTranslatorPB.java:109)
	at org.apache.hadoop.hdds.server.OzoneProtocolMessageDispatcher.processRequest(OzoneProtocolMessageDispatcher.java:75)
	at org.apache.hadoop.ozone.protocolPB.OzoneManagerProtocolServerSideTranslatorPB.submitRequest(OzoneManagerProtocolServerSideTranslatorPB.java:99)
	at org.apache.hadoop.ozone.protocol.proto.OzoneManagerProtocolProtos$OzoneManagerService$2.callBlockingMethod(OzoneManagerProtocolProtos.java)
	at org.apache.hadoop.ipc.ProtobufRpcEngine$Server$ProtoBufRpcInvoker.call(ProtobufRpcEngine.java:524)
	at org.apache.hadoop.ipc.RPC$Server.call(RPC.java:1025)
	at org.apache.hadoop.ipc.Server$RpcCall.run(Server.java:876)
	at org.apache.hadoop.ipc.Server$RpcCall.run(Server.java:822)
	at java.security.AccessController.doPrivileged(Native Method)
	at javax.security.auth.Subject.doAs(Subject.java:422)
	at org.apache.hadoop.security.UserGroupInformation.doAs(UserGroupInformation.java:1730)
	at org.apache.hadoop.ipc.Server$Handler.run(Server.java:2682)
2020-04-15 04:10:09,763 [grpc-default-executor-8] INFO  impl.RoleInfo (RoleInfo.java:updateAndGet(143)) - omNode-1: start FollowerState
2020-04-15 04:10:09,853 [main] INFO  retry.RetryInvocationHandler (RetryInvocationHandler.java:log(411)) - com.google.protobuf.ServiceException: org.apache.hadoop.ipc.RemoteException(org.apache.hadoop.ozone.om.exceptions.OMNotLeaderException): OM:omNode-2 is not the leader. Could not determine the leader node.
	at org.apache.hadoop.ozone.protocolPB.OzoneManagerProtocolServerSideTranslatorPB.createNotLeaderException(OzoneManagerProtocolServerSideTranslatorPB.java:187)
	at org.apache.hadoop.ozone.protocolPB.OzoneManagerProtocolServerSideTranslatorPB.submitReadRequestToOM(OzoneManagerProtocolServerSideTranslatorPB.java:173)
	at org.apache.hadoop.ozone.protocolPB.OzoneManagerProtocolServerSideTranslatorPB.processRequest(OzoneManagerProtocolServerSideTranslatorPB.java:109)
	at org.apache.hadoop.hdds.server.OzoneProtocolMessageDispatcher.processRequest(OzoneProtocolMessageDispatcher.java:75)
	at org.apache.hadoop.ozone.protocolPB.OzoneManagerProtocolServerSideTranslatorPB.submitRequest(OzoneManagerProtocolServerSideTranslatorPB.java:99)
	at org.apache.hadoop.ozone.protocol.proto.OzoneManagerProtocolProtos$OzoneManagerService$2.callBlockingMethod(OzoneManagerProtocolProtos.java)
	at org.apache.hadoop.ipc.ProtobufRpcEngine$Server$ProtoBufRpcInvoker.call(ProtobufRpcEngine.java:524)
	at org.apache.hadoop.ipc.RPC$Server.call(RPC.java:1025)
	at org.apache.hadoop.ipc.Server$RpcCall.run(Server.java:876)
	at org.apache.hadoop.ipc.Server$RpcCall.run(Server.java:822)
	at java.security.AccessController.doPrivileged(Native Method)
	at javax.security.auth.Subject.doAs(Subject.java:422)
	at org.apache.hadoop.security.UserGroupInformation.doAs(UserGroupInformation.java:1730)
	at org.apache.hadoop.ipc.Server$Handler.run(Server.java:2682)
, while invoking $Proxy41.submitRequest over nodeId=omNode-2,nodeAddress=127.0.0.1:11634 after 4 failover attempts. Trying to failover immediately.
2020-04-15 04:10:09,997 [IPC Server handler 9 on 11640] INFO  ipc.Server (Server.java:logException(2726)) - IPC Server handler 9 on 11640, call Call#291 Retry#5 org.apache.hadoop.ozone.om.protocol.OzoneManagerProtocol.submitRequest from 127.0.0.1:33734
org.apache.hadoop.ozone.om.exceptions.OMNotLeaderException: OM:omNode-3 is not the leader. Could not determine the leader node.
	at org.apache.hadoop.ozone.protocolPB.OzoneManagerProtocolServerSideTranslatorPB.createNotLeaderException(OzoneManagerProtocolServerSideTranslatorPB.java:187)
	at org.apache.hadoop.ozone.protocolPB.OzoneManagerProtocolServerSideTranslatorPB.submitReadRequestToOM(OzoneManagerProtocolServerSideTranslatorPB.java:173)
	at org.apache.hadoop.ozone.protocolPB.OzoneManagerProtocolServerSideTranslatorPB.processRequest(OzoneManagerProtocolServerSideTranslatorPB.java:109)
	at org.apache.hadoop.hdds.server.OzoneProtocolMessageDispatcher.processRequest(OzoneProtocolMessageDispatcher.java:75)
	at org.apache.hadoop.ozone.protocolPB.OzoneManagerProtocolServerSideTranslatorPB.submitRequest(OzoneManagerProtocolServerSideTranslatorPB.java:99)
	at org.apache.hadoop.ozone.protocol.proto.OzoneManagerProtocolProtos$OzoneManagerService$2.callBlockingMethod(OzoneManagerProtocolProtos.java)
	at org.apache.hadoop.ipc.ProtobufRpcEngine$Server$ProtoBufRpcInvoker.call(ProtobufRpcEngine.java:524)
	at org.apache.hadoop.ipc.RPC$Server.call(RPC.java:1025)
	at org.apache.hadoop.ipc.Server$RpcCall.run(Server.java:876)
	at org.apache.hadoop.ipc.Server$RpcCall.run(Server.java:822)
	at java.security.AccessController.doPrivileged(Native Method)
	at javax.security.auth.Subject.doAs(Subject.java:422)
	at org.apache.hadoop.security.UserGroupInformation.doAs(UserGroupInformation.java:1730)
	at org.apache.hadoop.ipc.Server$Handler.run(Server.java:2682)
2020-04-15 04:10:10,019 [omNode-1@group-6C22E66A003A-LeaderElection52] INFO  impl.LeaderElection (LeaderElection.java:askForVotes(206)) - omNode-1@group-6C22E66A003A-LeaderElection52: begin an election at term 77 for 0: [omNode-3:localhost:11644, omNode-1:localhost:11632, omNode-2:localhost:11638], old=null
2020-04-15 04:10:10,092 [omNode-1@group-6C22E66A003A-LeaderElection52] INFO  impl.LeaderElection (LeaderElection.java:logAndReturn(61)) - omNode-1@group-6C22E66A003A-LeaderElection52: Election REJECTED; received 0 response(s) [] and 0 exception(s); omNode-1@group-6C22E66A003A:t77, leader=null, voted=omNode-1, raftlog=omNode-1@group-6C22E66A003A-SegmentedRaftLog:OPENED:c-1,f0,i0, conf=0: [omNode-3:localhost:11644, omNode-1:localhost:11632, omNode-2:localhost:11638], old=null
2020-04-15 04:10:10,104 [main] INFO  retry.RetryInvocationHandler (RetryInvocationHandler.java:log(411)) - com.google.protobuf.ServiceException: org.apache.hadoop.ipc.RemoteException(org.apache.hadoop.ozone.om.exceptions.OMNotLeaderException): OM:omNode-3 is not the leader. Could not determine the leader node.
	at org.apache.hadoop.ozone.protocolPB.OzoneManagerProtocolServerSideTranslatorPB.createNotLeaderException(OzoneManagerProtocolServerSideTranslatorPB.java:187)
	at org.apache.hadoop.ozone.protocolPB.OzoneManagerProtocolServerSideTranslatorPB.submitReadRequestToOM(OzoneManagerProtocolServerSideTranslatorPB.java:173)
	at org.apache.hadoop.ozone.protocolPB.OzoneManagerProtocolServerSideTranslatorPB.processRequest(OzoneManagerProtocolServerSideTranslatorPB.java:109)
	at org.apache.hadoop.hdds.server.OzoneProtocolMessageDispatcher.processRequest(OzoneProtocolMessageDispatcher.java:75)
	at org.apache.hadoop.ozone.protocolPB.OzoneManagerProtocolServerSideTranslatorPB.submitRequest(OzoneManagerProtocolServerSideTranslatorPB.java:99)
	at org.apache.hadoop.ozone.protocol.proto.OzoneManagerProtocolProtos$OzoneManagerService$2.callBlockingMethod(OzoneManagerProtocolProtos.java)
	at org.apache.hadoop.ipc.ProtobufRpcEngine$Server$ProtoBufRpcInvoker.call(ProtobufRpcEngine.java:524)
	at org.apache.hadoop.ipc.RPC$Server.call(RPC.java:1025)
	at org.apache.hadoop.ipc.Server$RpcCall.run(Server.java:876)
	at org.apache.hadoop.ipc.Server$RpcCall.run(Server.java:822)
	at java.security.AccessController.doPrivileged(Native Method)
	at javax.security.auth.Subject.doAs(Subject.java:422)
	at org.apache.hadoop.security.UserGroupInformation.doAs(UserGroupInformation.java:1730)
	at org.apache.hadoop.ipc.Server$Handler.run(Server.java:2682)
, while invoking $Proxy41.submitRequest over nodeId=omNode-3,nodeAddress=127.0.0.1:11640 after 5 failover attempts. Trying to failover after sleeping for 2000ms.
2020-04-15 04:10:10,228 [omNode-3@group-6C22E66A003A-LeaderElection50] INFO  impl.LeaderElection (LeaderElection.java:logAndReturn(61)) - omNode-3@group-6C22E66A003A-LeaderElection50: Election TIMEOUT; received 1 response(s) [omNode-3<-omNode-2#0:FAIL-t76] and 0 exception(s); omNode-3@group-6C22E66A003A:t76, leader=null, voted=omNode-3, raftlog=omNode-3@group-6C22E66A003A-SegmentedRaftLog:OPENED:c-1,f-1,i0, conf=-1: [omNode-3:localhost:11644, omNode-1:localhost:11632, omNode-2:localhost:11638], old=null
2020-04-15 04:10:10,469 [grpc-default-executor-2] INFO  impl.RaftServerImpl (RaftServerImpl.java:setRole(172)) - omNode-2@group-6C22E66A003A: changes role from  FOLLOWER to FOLLOWER at term 77 for recognizeCandidate:omNode-1
2020-04-15 04:10:10,893 [Thread-867] INFO  impl.FollowerState (FollowerState.java:run(108)) - omNode-1@group-6C22E66A003A-FollowerState: change to CANDIDATE, lastRpcTime:1130ms, electionTimeout:1052ms
2020-04-15 04:10:10,633 [omNode-3@group-6C22E66A003A-LeaderElection50] INFO  impl.LeaderElection (LeaderElection.java:askForVotes(206)) - omNode-3@group-6C22E66A003A-LeaderElection50: begin an election at term 77 for -1: [omNode-3:localhost:11644, omNode-1:localhost:11632, omNode-2:localhost:11638], old=null
2020-04-15 04:10:11,215 [Thread-867] INFO  impl.RoleInfo (RoleInfo.java:shutdownFollowerState(121)) - omNode-1: shutdown FollowerState
2020-04-15 04:10:11,280 [grpc-default-executor-2] INFO  impl.RoleInfo (RoleInfo.java:shutdownFollowerState(121)) - omNode-2: shutdown FollowerState
2020-04-15 04:10:11,325 [Thread-867] INFO  impl.RaftServerImpl (RaftServerImpl.java:setRole(172)) - omNode-1@group-6C22E66A003A: changes role from  FOLLOWER to CANDIDATE at term 77 for changeToCandidate
2020-04-15 04:10:11,372 [grpc-default-executor-2] INFO  impl.RoleInfo (RoleInfo.java:updateAndGet(143)) - omNode-2: start FollowerState
2020-04-15 04:10:11,484 [Thread-867] INFO  impl.RoleInfo (RoleInfo.java:updateAndGet(143)) - omNode-1: start LeaderElection
2020-04-15 04:10:11,835 [Thread-863] INFO  impl.FollowerState (FollowerState.java:run(108)) - omNode-2@group-6C22E66A003A-FollowerState: change to CANDIDATE, lastRpcTime:2248ms, electionTimeout:1034ms
2020-04-15 04:10:11,846 [Thread-863] INFO  impl.RoleInfo (RoleInfo.java:shutdownFollowerState(121)) - omNode-2: shutdown FollowerState
2020-04-15 04:10:11,983 [Thread-863] INFO  impl.RaftServerImpl (RaftServerImpl.java:setRole(172)) - omNode-2@group-6C22E66A003A: changes role from  FOLLOWER to CANDIDATE at term 77 for changeToCandidate
2020-04-15 04:10:11,983 [Thread-872] INFO  impl.FollowerState (FollowerState.java:run(117)) - omNode-2@group-6C22E66A003A-FollowerState was interrupted: java.lang.InterruptedException: sleep interrupted
2020-04-15 04:10:12,061 [Thread-863] INFO  impl.RoleInfo (RoleInfo.java:updateAndGet(143)) - omNode-2: start LeaderElection
2020-04-15 04:10:12,358 [grpc-default-executor-2] INFO  impl.RaftServerImpl (RaftServerImpl.java:setRole(172)) - omNode-2@group-6C22E66A003A: changes role from CANDIDATE to FOLLOWER at term 77 for recognizeCandidate:omNode-3
2020-04-15 04:10:12,538 [IPC Server handler 19 on 11628] INFO  ipc.Server (Server.java:logException(2726)) - IPC Server handler 19 on 11628, call Call#291 Retry#6 org.apache.hadoop.ozone.om.protocol.OzoneManagerProtocol.submitRequest from 127.0.0.1:42758
org.apache.hadoop.ozone.om.exceptions.OMNotLeaderException: OM:omNode-1 is not the leader. Could not determine the leader node.
	at org.apache.hadoop.ozone.protocolPB.OzoneManagerProtocolServerSideTranslatorPB.createNotLeaderException(OzoneManagerProtocolServerSideTranslatorPB.java:187)
	at org.apache.hadoop.ozone.protocolPB.OzoneManagerProtocolServerSideTranslatorPB.submitReadRequestToOM(OzoneManagerProtocolServerSideTranslatorPB.java:173)
	at org.apache.hadoop.ozone.protocolPB.OzoneManagerProtocolServerSideTranslatorPB.processRequest(OzoneManagerProtocolServerSideTranslatorPB.java:109)
	at org.apache.hadoop.hdds.server.OzoneProtocolMessageDispatcher.processRequest(OzoneProtocolMessageDispatcher.java:75)
	at org.apache.hadoop.ozone.protocolPB.OzoneManagerProtocolServerSideTranslatorPB.submitRequest(OzoneManagerProtocolServerSideTranslatorPB.java:99)
	at org.apache.hadoop.ozone.protocol.proto.OzoneManagerProtocolProtos$OzoneManagerService$2.callBlockingMethod(OzoneManagerProtocolProtos.java)
	at org.apache.hadoop.ipc.ProtobufRpcEngine$Server$ProtoBufRpcInvoker.call(ProtobufRpcEngine.java:524)
	at org.apache.hadoop.ipc.RPC$Server.call(RPC.java:1025)
	at org.apache.hadoop.ipc.Server$RpcCall.run(Server.java:876)
	at org.apache.hadoop.ipc.Server$RpcCall.run(Server.java:822)
	at java.security.AccessController.doPrivileged(Native Method)
	at javax.security.auth.Subject.doAs(Subject.java:422)
	at org.apache.hadoop.security.UserGroupInformation.doAs(UserGroupInformation.java:1730)
	at org.apache.hadoop.ipc.Server$Handler.run(Server.java:2682)
2020-04-15 04:10:12,741 [omNode-3@group-6C22E66A003A-LeaderElection50] INFO  impl.LeaderElection (LeaderElection.java:logAndReturn(61)) - omNode-3@group-6C22E66A003A-LeaderElection50: Election TIMEOUT; received 1 response(s) [omNode-3<-omNode-1#0:FAIL-t77] and 0 exception(s); omNode-3@group-6C22E66A003A:t77, leader=null, voted=omNode-3, raftlog=omNode-3@group-6C22E66A003A-SegmentedRaftLog:OPENED:c-1,f-1,i0, conf=-1: [omNode-3:localhost:11644, omNode-1:localhost:11632, omNode-2:localhost:11638], old=null
2020-04-15 04:10:12,456 [omNode-1@group-6C22E66A003A-LeaderElection53] INFO  impl.LeaderElection (LeaderElection.java:askForVotes(206)) - omNode-1@group-6C22E66A003A-LeaderElection53: begin an election at term 78 for 0: [omNode-3:localhost:11644, omNode-1:localhost:11632, omNode-2:localhost:11638], old=null
2020-04-15 04:10:13,032 [main] INFO  retry.RetryInvocationHandler (RetryInvocationHandler.java:log(411)) - com.google.protobuf.ServiceException: org.apache.hadoop.ipc.RemoteException(org.apache.hadoop.ozone.om.exceptions.OMNotLeaderException): OM:omNode-1 is not the leader. Could not determine the leader node.
	at org.apache.hadoop.ozone.protocolPB.OzoneManagerProtocolServerSideTranslatorPB.createNotLeaderException(OzoneManagerProtocolServerSideTranslatorPB.java:187)
	at org.apache.hadoop.ozone.protocolPB.OzoneManagerProtocolServerSideTranslatorPB.submitReadRequestToOM(OzoneManagerProtocolServerSideTranslatorPB.java:173)
	at org.apache.hadoop.ozone.protocolPB.OzoneManagerProtocolServerSideTranslatorPB.processRequest(OzoneManagerProtocolServerSideTranslatorPB.java:109)
	at org.apache.hadoop.hdds.server.OzoneProtocolMessageDispatcher.processRequest(OzoneProtocolMessageDispatcher.java:75)
	at org.apache.hadoop.ozone.protocolPB.OzoneManagerProtocolServerSideTranslatorPB.submitRequest(OzoneManagerProtocolServerSideTranslatorPB.java:99)
	at org.apache.hadoop.ozone.protocol.proto.OzoneManagerProtocolProtos$OzoneManagerService$2.callBlockingMethod(OzoneManagerProtocolProtos.java)
	at org.apache.hadoop.ipc.ProtobufRpcEngine$Server$ProtoBufRpcInvoker.call(ProtobufRpcEngine.java:524)
	at org.apache.hadoop.ipc.RPC$Server.call(RPC.java:1025)
	at org.apache.hadoop.ipc.Server$RpcCall.run(Server.java:876)
	at org.apache.hadoop.ipc.Server$RpcCall.run(Server.java:822)
	at java.security.AccessController.doPrivileged(Native Method)
	at javax.security.auth.Subject.doAs(Subject.java:422)
	at org.apache.hadoop.security.UserGroupInformation.doAs(UserGroupInformation.java:1730)
	at org.apache.hadoop.ipc.Server$Handler.run(Server.java:2682)
, while invoking $Proxy41.submitRequest over nodeId=omNode-1,nodeAddress=127.0.0.1:11628 after 6 failover attempts. Trying to failover immediately.
2020-04-15 04:10:12,578 [grpc-default-executor-2] INFO  impl.RoleInfo (RoleInfo.java:shutdownLeaderElection(134)) - omNode-2: shutdown LeaderElection
2020-04-15 04:10:13,145 [grpc-default-executor-2] INFO  impl.RoleInfo (RoleInfo.java:updateAndGet(143)) - omNode-2: start FollowerState
2020-04-15 04:10:13,550 [omNode-3@group-6C22E66A003A-LeaderElection50] INFO  impl.LeaderElection (LeaderElection.java:askForVotes(206)) - omNode-3@group-6C22E66A003A-LeaderElection50: begin an election at term 78 for -1: [omNode-3:localhost:11644, omNode-1:localhost:11632, omNode-2:localhost:11638], old=null
2020-04-15 04:10:13,762 [IPC Server handler 12 on 11634] INFO  ipc.Server (Server.java:logException(2726)) - IPC Server handler 12 on 11634, call Call#291 Retry#7 org.apache.hadoop.ozone.om.protocol.OzoneManagerProtocol.submitRequest from 127.0.0.1:48984
org.apache.hadoop.ozone.om.exceptions.OMNotLeaderException: OM:omNode-2 is not the leader. Could not determine the leader node.
	at org.apache.hadoop.ozone.protocolPB.OzoneManagerProtocolServerSideTranslatorPB.createNotLeaderException(OzoneManagerProtocolServerSideTranslatorPB.java:187)
	at org.apache.hadoop.ozone.protocolPB.OzoneManagerProtocolServerSideTranslatorPB.submitReadRequestToOM(OzoneManagerProtocolServerSideTranslatorPB.java:173)
	at org.apache.hadoop.ozone.protocolPB.OzoneManagerProtocolServerSideTranslatorPB.processRequest(OzoneManagerProtocolServerSideTranslatorPB.java:109)
	at org.apache.hadoop.hdds.server.OzoneProtocolMessageDispatcher.processRequest(OzoneProtocolMessageDispatcher.java:75)
	at org.apache.hadoop.ozone.protocolPB.OzoneManagerProtocolServerSideTranslatorPB.submitRequest(OzoneManagerProtocolServerSideTranslatorPB.java:99)
	at org.apache.hadoop.ozone.protocol.proto.OzoneManagerProtocolProtos$OzoneManagerService$2.callBlockingMethod(OzoneManagerProtocolProtos.java)
	at org.apache.hadoop.ipc.ProtobufRpcEngine$Server$ProtoBufRpcInvoker.call(ProtobufRpcEngine.java:524)
	at org.apache.hadoop.ipc.RPC$Server.call(RPC.java:1025)
	at org.apache.hadoop.ipc.Server$RpcCall.run(Server.java:876)
	at org.apache.hadoop.ipc.Server$RpcCall.run(Server.java:822)
	at java.security.AccessController.doPrivileged(Native Method)
	at javax.security.auth.Subject.doAs(Subject.java:422)
	at org.apache.hadoop.security.UserGroupInformation.doAs(UserGroupInformation.java:1730)
	at org.apache.hadoop.ipc.Server$Handler.run(Server.java:2682)
2020-04-15 04:10:13,856 [omNode-2@group-6C22E66A003A-LeaderElection54] INFO  impl.LeaderElection (LeaderElection.java:askForVotes(206)) - omNode-2@group-6C22E66A003A-LeaderElection54: begin an election at term 78 for 1: [omNode-3:localhost:11644, omNode-1:localhost:11632, omNode-2:localhost:11638], old=null
2020-04-15 04:10:14,340 [omNode-2@group-6C22E66A003A-LeaderElection54] INFO  impl.LeaderElection (LeaderElection.java:logAndReturn(61)) - omNode-2@group-6C22E66A003A-LeaderElection54: Election REJECTED; received 0 response(s) [] and 0 exception(s); omNode-2@group-6C22E66A003A:t78, leader=null, voted=omNode-2, raftlog=omNode-2@group-6C22E66A003A-SegmentedRaftLog:OPENED:c0,f1,i1, conf=1: [omNode-3:localhost:11644, omNode-1:localhost:11632, omNode-2:localhost:11638], old=null
2020-04-15 04:10:14,284 [main] INFO  retry.RetryInvocationHandler (RetryInvocationHandler.java:log(411)) - com.google.protobuf.ServiceException: org.apache.hadoop.ipc.RemoteException(org.apache.hadoop.ozone.om.exceptions.OMNotLeaderException): OM:omNode-2 is not the leader. Could not determine the leader node.
	at org.apache.hadoop.ozone.protocolPB.OzoneManagerProtocolServerSideTranslatorPB.createNotLeaderException(OzoneManagerProtocolServerSideTranslatorPB.java:187)
	at org.apache.hadoop.ozone.protocolPB.OzoneManagerProtocolServerSideTranslatorPB.submitReadRequestToOM(OzoneManagerProtocolServerSideTranslatorPB.java:173)
	at org.apache.hadoop.ozone.protocolPB.OzoneManagerProtocolServerSideTranslatorPB.processRequest(OzoneManagerProtocolServerSideTranslatorPB.java:109)
	at org.apache.hadoop.hdds.server.OzoneProtocolMessageDispatcher.processRequest(OzoneProtocolMessageDispatcher.java:75)
	at org.apache.hadoop.ozone.protocolPB.OzoneManagerProtocolServerSideTranslatorPB.submitRequest(OzoneManagerProtocolServerSideTranslatorPB.java:99)
	at org.apache.hadoop.ozone.protocol.proto.OzoneManagerProtocolProtos$OzoneManagerService$2.callBlockingMethod(OzoneManagerProtocolProtos.java)
	at org.apache.hadoop.ipc.ProtobufRpcEngine$Server$ProtoBufRpcInvoker.call(ProtobufRpcEngine.java:524)
	at org.apache.hadoop.ipc.RPC$Server.call(RPC.java:1025)
	at org.apache.hadoop.ipc.Server$RpcCall.run(Server.java:876)
	at org.apache.hadoop.ipc.Server$RpcCall.run(Server.java:822)
	at java.security.AccessController.doPrivileged(Native Method)
	at javax.security.auth.Subject.doAs(Subject.java:422)
	at org.apache.hadoop.security.UserGroupInformation.doAs(UserGroupInformation.java:1730)
	at org.apache.hadoop.ipc.Server$Handler.run(Server.java:2682)
, while invoking $Proxy41.submitRequest over nodeId=omNode-2,nodeAddress=127.0.0.1:11634 after 7 failover attempts. Trying to failover immediately.
2020-04-15 04:10:14,559 [Thread-882] INFO  impl.FollowerState (FollowerState.java:run(108)) - omNode-2@group-6C22E66A003A-FollowerState: change to CANDIDATE, lastRpcTime:1413ms, electionTimeout:1147ms
2020-04-15 04:10:14,570 [omNode-1@group-6C22E66A003A-LeaderElection53] INFO  impl.LeaderElection (LeaderElection.java:logAndReturn(61)) - omNode-1@group-6C22E66A003A-LeaderElection53: Election TIMEOUT; received 0 response(s) [] and 0 exception(s); omNode-1@group-6C22E66A003A:t78, leader=null, voted=omNode-1, raftlog=omNode-1@group-6C22E66A003A-SegmentedRaftLog:OPENED:c-1,f0,i0, conf=0: [omNode-3:localhost:11644, omNode-1:localhost:11632, omNode-2:localhost:11638], old=null
2020-04-15 04:10:14,729 [Thread-882] INFO  impl.RoleInfo (RoleInfo.java:shutdownFollowerState(121)) - omNode-2: shutdown FollowerState
2020-04-15 04:10:14,862 [Thread-882] INFO  impl.RaftServerImpl (RaftServerImpl.java:setRole(172)) - omNode-2@group-6C22E66A003A: changes role from  FOLLOWER to CANDIDATE at term 78 for changeToCandidate
2020-04-15 04:10:14,862 [Thread-882] INFO  impl.RoleInfo (RoleInfo.java:updateAndGet(143)) - omNode-2: start LeaderElection
2020-04-15 04:10:15,044 [omNode-2@group-6C22E66A003A-LeaderElection55] INFO  impl.LeaderElection (LeaderElection.java:askForVotes(206)) - omNode-2@group-6C22E66A003A-LeaderElection55: begin an election at term 79 for 1: [omNode-3:localhost:11644, omNode-1:localhost:11632, omNode-2:localhost:11638], old=null
2020-04-15 04:10:15,045 [omNode-1@group-6C22E66A003A-LeaderElection53] INFO  impl.LeaderElection (LeaderElection.java:askForVotes(206)) - omNode-1@group-6C22E66A003A-LeaderElection53: begin an election at term 79 for 0: [omNode-3:localhost:11644, omNode-1:localhost:11632, omNode-2:localhost:11638], old=null
2020-04-15 04:10:15,223 [omNode-3@group-6C22E66A003A-LeaderElection50] INFO  impl.LeaderElection (LeaderElection.java:logAndReturn(61)) - omNode-3@group-6C22E66A003A-LeaderElection50: Election TIMEOUT; received 0 response(s) [] and 0 exception(s); omNode-3@group-6C22E66A003A:t78, leader=null, voted=omNode-3, raftlog=omNode-3@group-6C22E66A003A-SegmentedRaftLog:OPENED:c-1,f-1,i0, conf=-1: [omNode-3:localhost:11644, omNode-1:localhost:11632, omNode-2:localhost:11638], old=null
2020-04-15 04:10:15,495 [IPC Server handler 16 on 11640] INFO  ipc.Server (Server.java:logException(2726)) - IPC Server handler 16 on 11640, call Call#291 Retry#8 org.apache.hadoop.ozone.om.protocol.OzoneManagerProtocol.submitRequest from 127.0.0.1:33734
org.apache.hadoop.ozone.om.exceptions.OMNotLeaderException: OM:omNode-3 is not the leader. Could not determine the leader node.
	at org.apache.hadoop.ozone.protocolPB.OzoneManagerProtocolServerSideTranslatorPB.createNotLeaderException(OzoneManagerProtocolServerSideTranslatorPB.java:187)
	at org.apache.hadoop.ozone.protocolPB.OzoneManagerProtocolServerSideTranslatorPB.submitReadRequestToOM(OzoneManagerProtocolServerSideTranslatorPB.java:173)
	at org.apache.hadoop.ozone.protocolPB.OzoneManagerProtocolServerSideTranslatorPB.processRequest(OzoneManagerProtocolServerSideTranslatorPB.java:109)
	at org.apache.hadoop.hdds.server.OzoneProtocolMessageDispatcher.processRequest(OzoneProtocolMessageDispatcher.java:75)
	at org.apache.hadoop.ozone.protocolPB.OzoneManagerProtocolServerSideTranslatorPB.submitRequest(OzoneManagerProtocolServerSideTranslatorPB.java:99)
	at org.apache.hadoop.ozone.protocol.proto.OzoneManagerProtocolProtos$OzoneManagerService$2.callBlockingMethod(OzoneManagerProtocolProtos.java)
	at org.apache.hadoop.ipc.ProtobufRpcEngine$Server$ProtoBufRpcInvoker.call(ProtobufRpcEngine.java:524)
	at org.apache.hadoop.ipc.RPC$Server.call(RPC.java:1025)
	at org.apache.hadoop.ipc.Server$RpcCall.run(Server.java:876)
	at org.apache.hadoop.ipc.Server$RpcCall.run(Server.java:822)
	at java.security.AccessController.doPrivileged(Native Method)
	at javax.security.auth.Subject.doAs(Subject.java:422)
	at org.apache.hadoop.security.UserGroupInformation.doAs(UserGroupInformation.java:1730)
	at org.apache.hadoop.ipc.Server$Handler.run(Server.java:2682)
2020-04-15 04:10:16,312 [Datanode State Machine Thread - 4] WARN  statemachine.EndpointStateMachine (EndpointStateMachine.java:logIfNeeded(217)) - Unable to communicate to SCM server at 0.0.0.0:40289 for past 0 seconds.
java.net.SocketTimeoutException: Call From edabee8e3155/172.17.0.2 to 0.0.0.0:40289 failed on socket timeout exception: java.net.SocketTimeoutException: 1000 millis timeout while waiting for channel to be ready for read. ch : java.nio.channels.SocketChannel[connected local=/172.17.0.2:47324 remote=0.0.0.0/0.0.0.0:40289]; For more details see:  http://wiki.apache.org/hadoop/SocketTimeout
	at sun.reflect.GeneratedConstructorAccessor17.newInstance(Unknown Source)
	at sun.reflect.DelegatingConstructorAccessorImpl.newInstance(DelegatingConstructorAccessorImpl.java:45)
	at java.lang.reflect.Constructor.newInstance(Constructor.java:423)
	at org.apache.hadoop.net.NetUtils.wrapWithMessage(NetUtils.java:831)
	at org.apache.hadoop.net.NetUtils.wrapException(NetUtils.java:775)
	at org.apache.hadoop.ipc.Client.getRpcResponse(Client.java:1515)
	at org.apache.hadoop.ipc.Client.call(Client.java:1457)
	at org.apache.hadoop.ipc.Client.call(Client.java:1367)
	at org.apache.hadoop.ipc.ProtobufRpcEngine$Invoker.invoke(ProtobufRpcEngine.java:228)
	at org.apache.hadoop.ipc.ProtobufRpcEngine$Invoker.invoke(ProtobufRpcEngine.java:116)
	at com.sun.proxy.$Proxy40.submitRequest(Unknown Source)
	at org.apache.hadoop.ozone.protocolPB.StorageContainerDatanodeProtocolClientSideTranslatorPB.submitRequest(StorageContainerDatanodeProtocolClientSideTranslatorPB.java:116)
	at org.apache.hadoop.ozone.protocolPB.StorageContainerDatanodeProtocolClientSideTranslatorPB.sendHeartbeat(StorageContainerDatanodeProtocolClientSideTranslatorPB.java:148)
	at org.apache.hadoop.ozone.container.common.states.endpoint.HeartbeatEndpointTask.call(HeartbeatEndpointTask.java:145)
	at org.apache.hadoop.ozone.container.common.states.endpoint.HeartbeatEndpointTask.call(HeartbeatEndpointTask.java:76)
	at java.util.concurrent.FutureTask.run(FutureTask.java:266)
	at java.util.concurrent.Executors$RunnableAdapter.call(Executors.java:511)
	at java.util.concurrent.FutureTask.run(FutureTask.java:266)
	at java.util.concurrent.ThreadPoolExecutor.runWorker(ThreadPoolExecutor.java:1149)
	at java.util.concurrent.ThreadPoolExecutor$Worker.run(ThreadPoolExecutor.java:624)
	at java.lang.Thread.run(Thread.java:748)
Caused by: java.net.SocketTimeoutException: 1000 millis timeout while waiting for channel to be ready for read. ch : java.nio.channels.SocketChannel[connected local=/172.17.0.2:47324 remote=0.0.0.0/0.0.0.0:40289]
	at org.apache.hadoop.net.SocketIOWithTimeout.doIO(SocketIOWithTimeout.java:164)
	at org.apache.hadoop.net.SocketInputStream.read(SocketInputStream.java:161)
	at org.apache.hadoop.net.SocketInputStream.read(SocketInputStream.java:131)
	at java.io.FilterInputStream.read(FilterInputStream.java:133)
	at java.io.BufferedInputStream.fill(BufferedInputStream.java:246)
	at java.io.BufferedInputStream.read(BufferedInputStream.java:265)
	at java.io.FilterInputStream.read(FilterInputStream.java:83)
	at java.io.FilterInputStream.read(FilterInputStream.java:83)
	at org.apache.hadoop.ipc.Client$Connection$PingInputStream.read(Client.java:557)
	at java.io.DataInputStream.readInt(DataInputStream.java:387)
	at org.apache.hadoop.ipc.Client$IpcStreams.readResponse(Client.java:1816)
	at org.apache.hadoop.ipc.Client$Connection.receiveRpcResponse(Client.java:1173)
	at org.apache.hadoop.ipc.Client$Connection.run(Client.java:1069)
2020-04-15 04:10:16,290 [Datanode State Machine Thread - 1] WARN  statemachine.EndpointStateMachine (EndpointStateMachine.java:logIfNeeded(217)) - Unable to communicate to SCM server at 0.0.0.0:40289 for past 0 seconds.
java.net.SocketTimeoutException: Call From edabee8e3155/172.17.0.2 to 0.0.0.0:40289 failed on socket timeout exception: java.net.SocketTimeoutException: 1000 millis timeout while waiting for channel to be ready for read. ch : java.nio.channels.SocketChannel[connected local=/172.17.0.2:47324 remote=0.0.0.0/0.0.0.0:40289]; For more details see:  http://wiki.apache.org/hadoop/SocketTimeout
	at sun.reflect.GeneratedConstructorAccessor17.newInstance(Unknown Source)
	at sun.reflect.DelegatingConstructorAccessorImpl.newInstance(DelegatingConstructorAccessorImpl.java:45)
	at java.lang.reflect.Constructor.newInstance(Constructor.java:423)
	at org.apache.hadoop.net.NetUtils.wrapWithMessage(NetUtils.java:831)
	at org.apache.hadoop.net.NetUtils.wrapException(NetUtils.java:775)
	at org.apache.hadoop.ipc.Client.getRpcResponse(Client.java:1515)
	at org.apache.hadoop.ipc.Client.call(Client.java:1457)
	at org.apache.hadoop.ipc.Client.call(Client.java:1367)
	at org.apache.hadoop.ipc.ProtobufRpcEngine$Invoker.invoke(ProtobufRpcEngine.java:228)
	at org.apache.hadoop.ipc.ProtobufRpcEngine$Invoker.invoke(ProtobufRpcEngine.java:116)
	at com.sun.proxy.$Proxy40.submitRequest(Unknown Source)
	at org.apache.hadoop.ozone.protocolPB.StorageContainerDatanodeProtocolClientSideTranslatorPB.submitRequest(StorageContainerDatanodeProtocolClientSideTranslatorPB.java:116)
	at org.apache.hadoop.ozone.protocolPB.StorageContainerDatanodeProtocolClientSideTranslatorPB.sendHeartbeat(StorageContainerDatanodeProtocolClientSideTranslatorPB.java:148)
	at org.apache.hadoop.ozone.container.common.states.endpoint.HeartbeatEndpointTask.call(HeartbeatEndpointTask.java:145)
	at org.apache.hadoop.ozone.container.common.states.endpoint.HeartbeatEndpointTask.call(HeartbeatEndpointTask.java:76)
	at java.util.concurrent.FutureTask.run(FutureTask.java:266)
	at java.util.concurrent.Executors$RunnableAdapter.call(Executors.java:511)
	at java.util.concurrent.FutureTask.run(FutureTask.java:266)
	at java.util.concurrent.ThreadPoolExecutor.runWorker(ThreadPoolExecutor.java:1149)
	at java.util.concurrent.ThreadPoolExecutor$Worker.run(ThreadPoolExecutor.java:624)
	at java.lang.Thread.run(Thread.java:748)
Caused by: java.net.SocketTimeoutException: 1000 millis timeout while waiting for channel to be ready for read. ch : java.nio.channels.SocketChannel[connected local=/172.17.0.2:47324 remote=0.0.0.0/0.0.0.0:40289]
	at org.apache.hadoop.net.SocketIOWithTimeout.doIO(SocketIOWithTimeout.java:164)
	at org.apache.hadoop.net.SocketInputStream.read(SocketInputStream.java:161)
	at org.apache.hadoop.net.SocketInputStream.read(SocketInputStream.java:131)
	at java.io.FilterInputStream.read(FilterInputStream.java:133)
	at java.io.BufferedInputStream.fill(BufferedInputStream.java:246)
	at java.io.BufferedInputStream.read(BufferedInputStream.java:265)
	at java.io.FilterInputStream.read(FilterInputStream.java:83)
	at java.io.FilterInputStream.read(FilterInputStream.java:83)
	at org.apache.hadoop.ipc.Client$Connection$PingInputStream.read(Client.java:557)
	at java.io.DataInputStream.readInt(DataInputStream.java:387)
	at org.apache.hadoop.ipc.Client$IpcStreams.readResponse(Client.java:1816)
	at org.apache.hadoop.ipc.Client$Connection.receiveRpcResponse(Client.java:1173)
	at org.apache.hadoop.ipc.Client$Connection.run(Client.java:1069)
2020-04-15 04:10:16,289 [Datanode State Machine Thread - 1] WARN  statemachine.EndpointStateMachine (EndpointStateMachine.java:logIfNeeded(217)) - Unable to communicate to SCM server at 0.0.0.0:40289 for past 0 seconds.
java.net.SocketTimeoutException: Call From edabee8e3155/172.17.0.2 to 0.0.0.0:40289 failed on socket timeout exception: java.net.SocketTimeoutException: 1000 millis timeout while waiting for channel to be ready for read. ch : java.nio.channels.SocketChannel[connected local=/172.17.0.2:47324 remote=0.0.0.0/0.0.0.0:40289]; For more details see:  http://wiki.apache.org/hadoop/SocketTimeout
	at sun.reflect.GeneratedConstructorAccessor17.newInstance(Unknown Source)
	at sun.reflect.DelegatingConstructorAccessorImpl.newInstance(DelegatingConstructorAccessorImpl.java:45)
	at java.lang.reflect.Constructor.newInstance(Constructor.java:423)
	at org.apache.hadoop.net.NetUtils.wrapWithMessage(NetUtils.java:831)
	at org.apache.hadoop.net.NetUtils.wrapException(NetUtils.java:775)
	at org.apache.hadoop.ipc.Client.getRpcResponse(Client.java:1515)
	at org.apache.hadoop.ipc.Client.call(Client.java:1457)
	at org.apache.hadoop.ipc.Client.call(Client.java:1367)
	at org.apache.hadoop.ipc.ProtobufRpcEngine$Invoker.invoke(ProtobufRpcEngine.java:228)
	at org.apache.hadoop.ipc.ProtobufRpcEngine$Invoker.invoke(ProtobufRpcEngine.java:116)
	at com.sun.proxy.$Proxy40.submitRequest(Unknown Source)
	at org.apache.hadoop.ozone.protocolPB.StorageContainerDatanodeProtocolClientSideTranslatorPB.submitRequest(StorageContainerDatanodeProtocolClientSideTranslatorPB.java:116)
	at org.apache.hadoop.ozone.protocolPB.StorageContainerDatanodeProtocolClientSideTranslatorPB.sendHeartbeat(StorageContainerDatanodeProtocolClientSideTranslatorPB.java:148)
	at org.apache.hadoop.ozone.container.common.states.endpoint.HeartbeatEndpointTask.call(HeartbeatEndpointTask.java:145)
	at org.apache.hadoop.ozone.container.common.states.endpoint.HeartbeatEndpointTask.call(HeartbeatEndpointTask.java:76)
	at java.util.concurrent.FutureTask.run(FutureTask.java:266)
	at java.util.concurrent.Executors$RunnableAdapter.call(Executors.java:511)
	at java.util.concurrent.FutureTask.run(FutureTask.java:266)
	at java.util.concurrent.ThreadPoolExecutor.runWorker(ThreadPoolExecutor.java:1149)
	at java.util.concurrent.ThreadPoolExecutor$Worker.run(ThreadPoolExecutor.java:624)
	at java.lang.Thread.run(Thread.java:748)
Caused by: java.net.SocketTimeoutException: 1000 millis timeout while waiting for channel to be ready for read. ch : java.nio.channels.SocketChannel[connected local=/172.17.0.2:47324 remote=0.0.0.0/0.0.0.0:40289]
	at org.apache.hadoop.net.SocketIOWithTimeout.doIO(SocketIOWithTimeout.java:164)
	at org.apache.hadoop.net.SocketInputStream.read(SocketInputStream.java:161)
	at org.apache.hadoop.net.SocketInputStream.read(SocketInputStream.java:131)
	at java.io.FilterInputStream.read(FilterInputStream.java:133)
	at java.io.BufferedInputStream.fill(BufferedInputStream.java:246)
	at java.io.BufferedInputStream.read(BufferedInputStream.java:265)
	at java.io.FilterInputStream.read(FilterInputStream.java:83)
	at java.io.FilterInputStream.read(FilterInputStream.java:83)
	at org.apache.hadoop.ipc.Client$Connection$PingInputStream.read(Client.java:557)
	at java.io.DataInputStream.readInt(DataInputStream.java:387)
	at org.apache.hadoop.ipc.Client$IpcStreams.readResponse(Client.java:1816)
	at org.apache.hadoop.ipc.Client$Connection.receiveRpcResponse(Client.java:1173)
	at org.apache.hadoop.ipc.Client$Connection.run(Client.java:1069)
2020-04-15 04:10:16,267 [omNode-2@group-6C22E66A003A-LeaderElection55] INFO  impl.LeaderElection (LeaderElection.java:logAndReturn(61)) - omNode-2@group-6C22E66A003A-LeaderElection55: Election TIMEOUT; received 0 response(s) [] and 0 exception(s); omNode-2@group-6C22E66A003A:t79, leader=null, voted=omNode-2, raftlog=omNode-2@group-6C22E66A003A-SegmentedRaftLog:OPENED:c0,f1,i1, conf=1: [omNode-3:localhost:11644, omNode-1:localhost:11632, omNode-2:localhost:11638], old=null
2020-04-15 04:10:16,234 [omNode-3@group-6C22E66A003A-LeaderElection50] INFO  impl.LeaderElection (LeaderElection.java:askForVotes(206)) - omNode-3@group-6C22E66A003A-LeaderElection50: begin an election at term 79 for -1: [omNode-3:localhost:11644, omNode-1:localhost:11632, omNode-2:localhost:11638], old=null
2020-04-15 04:10:17,157 [IPC Server handler 7 on 40289] WARN  ipc.Server (Server.java:processResponse(1523)) - IPC Server handler 7 on 40289, call Call#337 Retry#0 org.apache.hadoop.ozone.protocol.StorageContainerDatanodeProtocol.submitRequest from 172.17.0.2:47324: output error
2020-04-15 04:10:17,791 [IPC Server handler 7 on 40289] INFO  ipc.Server (Server.java:run(2695)) - IPC Server handler 7 on 40289 caught an exception
java.nio.channels.ClosedChannelException
	at sun.nio.ch.SocketChannelImpl.ensureWriteOpen(SocketChannelImpl.java:270)
	at sun.nio.ch.SocketChannelImpl.write(SocketChannelImpl.java:461)
	at org.apache.hadoop.ipc.Server.channelWrite(Server.java:3250)
	at org.apache.hadoop.ipc.Server.access$1700(Server.java:137)
	at org.apache.hadoop.ipc.Server$Responder.processResponse(Server.java:1473)
	at org.apache.hadoop.ipc.Server$Responder.doRespond(Server.java:1543)
	at org.apache.hadoop.ipc.Server$Connection.sendResponse(Server.java:2593)
	at org.apache.hadoop.ipc.Server$Connection.access$300(Server.java:1615)
	at org.apache.hadoop.ipc.Server$RpcCall.doResponse(Server.java:940)
	at org.apache.hadoop.ipc.Server$Call.sendResponse(Server.java:774)
	at org.apache.hadoop.ipc.Server$RpcCall.run(Server.java:885)
	at org.apache.hadoop.ipc.Server$RpcCall.run(Server.java:822)
	at java.security.AccessController.doPrivileged(Native Method)
	at javax.security.auth.Subject.doAs(Subject.java:422)
	at org.apache.hadoop.security.UserGroupInformation.doAs(UserGroupInformation.java:1730)
	at org.apache.hadoop.ipc.Server$Handler.run(Server.java:2682)
2020-04-15 04:10:16,948 [omNode-1@group-6C22E66A003A-LeaderElection53] INFO  impl.LeaderElection (LeaderElection.java:logAndReturn(61)) - omNode-1@group-6C22E66A003A-LeaderElection53: Election TIMEOUT; received 0 response(s) [] and 0 exception(s); omNode-1@group-6C22E66A003A:t79, leader=null, voted=omNode-1, raftlog=omNode-1@group-6C22E66A003A-SegmentedRaftLog:OPENED:c-1,f0,i0, conf=0: [omNode-3:localhost:11644, omNode-1:localhost:11632, omNode-2:localhost:11638], old=null
2020-04-15 04:10:17,880 [omNode-2@group-6C22E66A003A-LeaderElection55] INFO  impl.LeaderElection (LeaderElection.java:askForVotes(206)) - omNode-2@group-6C22E66A003A-LeaderElection55: begin an election at term 80 for 1: [omNode-3:localhost:11644, omNode-1:localhost:11632, omNode-2:localhost:11638], old=null
2020-04-15 04:10:16,795 [main] INFO  retry.RetryInvocationHandler (RetryInvocationHandler.java:log(411)) - com.google.protobuf.ServiceException: org.apache.hadoop.ipc.RemoteException(org.apache.hadoop.ozone.om.exceptions.OMNotLeaderException): OM:omNode-3 is not the leader. Could not determine the leader node.
	at org.apache.hadoop.ozone.protocolPB.OzoneManagerProtocolServerSideTranslatorPB.createNotLeaderException(OzoneManagerProtocolServerSideTranslatorPB.java:187)
	at org.apache.hadoop.ozone.protocolPB.OzoneManagerProtocolServerSideTranslatorPB.submitReadRequestToOM(OzoneManagerProtocolServerSideTranslatorPB.java:173)
	at org.apache.hadoop.ozone.protocolPB.OzoneManagerProtocolServerSideTranslatorPB.processRequest(OzoneManagerProtocolServerSideTranslatorPB.java:109)
	at org.apache.hadoop.hdds.server.OzoneProtocolMessageDispatcher.processRequest(OzoneProtocolMessageDispatcher.java:75)
	at org.apache.hadoop.ozone.protocolPB.OzoneManagerProtocolServerSideTranslatorPB.submitRequest(OzoneManagerProtocolServerSideTranslatorPB.java:99)
	at org.apache.hadoop.ozone.protocol.proto.OzoneManagerProtocolProtos$OzoneManagerService$2.callBlockingMethod(OzoneManagerProtocolProtos.java)
	at org.apache.hadoop.ipc.ProtobufRpcEngine$Server$ProtoBufRpcInvoker.call(ProtobufRpcEngine.java:524)
	at org.apache.hadoop.ipc.RPC$Server.call(RPC.java:1025)
	at org.apache.hadoop.ipc.Server$RpcCall.run(Server.java:876)
	at org.apache.hadoop.ipc.Server$RpcCall.run(Server.java:822)
	at java.security.AccessController.doPrivileged(Native Method)
	at javax.security.auth.Subject.doAs(Subject.java:422)
	at org.apache.hadoop.security.UserGroupInformation.doAs(UserGroupInformation.java:1730)
	at org.apache.hadoop.ipc.Server$Handler.run(Server.java:2682)
, while invoking $Proxy41.submitRequest over nodeId=omNode-3,nodeAddress=127.0.0.1:11640 after 8 failover attempts. Trying to failover after sleeping for 2000ms.
2020-04-15 04:10:18,153 [grpc-default-executor-8] INFO  impl.RaftServerImpl (RaftServerImpl.java:setRole(172)) - omNode-3@group-6C22E66A003A: changes role from CANDIDATE to FOLLOWER at term 80 for recognizeCandidate:omNode-2
2020-04-15 04:10:18,198 [grpc-default-executor-8] INFO  impl.RoleInfo (RoleInfo.java:shutdownLeaderElection(134)) - omNode-3: shutdown LeaderElection
2020-04-15 04:10:18,199 [grpc-default-executor-8] INFO  impl.RoleInfo (RoleInfo.java:updateAndGet(143)) - omNode-3: start FollowerState
2020-04-15 04:10:18,224 [omNode-1@group-6C22E66A003A-LeaderElection53] INFO  impl.LeaderElection (LeaderElection.java:askForVotes(206)) - omNode-1@group-6C22E66A003A-LeaderElection53: begin an election at term 80 for 0: [omNode-3:localhost:11644, omNode-1:localhost:11632, omNode-2:localhost:11638], old=null
2020-04-15 04:10:18,576 [omNode-3@group-6C22E66A003A-LeaderElection50] INFO  impl.LeaderElection (LeaderElection.java:logAndReturn(61)) - omNode-3@group-6C22E66A003A-LeaderElection50: Election DISCOVERED_A_NEW_TERM; received 1 response(s) [omNode-3<-omNode-2#0:FAIL-t80] and 0 exception(s); omNode-3@group-6C22E66A003A:t80, leader=null, voted=null, raftlog=omNode-3@group-6C22E66A003A-SegmentedRaftLog:OPENED:c-1,f-1,i0, conf=-1: [omNode-3:localhost:11644, omNode-1:localhost:11632, omNode-2:localhost:11638], old=null
2020-04-15 04:10:18,647 [omNode-2@group-6C22E66A003A-LeaderElection55] INFO  impl.LeaderElection (LeaderElection.java:logAndReturn(61)) - omNode-2@group-6C22E66A003A-LeaderElection55: Election REJECTED; received 2 response(s) [omNode-2<-omNode-3#0:FAIL-t80, omNode-2<-omNode-1#0:FAIL-t80] and 0 exception(s); omNode-2@group-6C22E66A003A:t80, leader=null, voted=omNode-2, raftlog=omNode-2@group-6C22E66A003A-SegmentedRaftLog:OPENED:c0,f1,i1, conf=1: [omNode-3:localhost:11644, omNode-1:localhost:11632, omNode-2:localhost:11638], old=null
2020-04-15 04:10:18,669 [omNode-2@group-6C22E66A003A-LeaderElection55] INFO  impl.RaftServerImpl (RaftServerImpl.java:setRole(172)) - omNode-2@group-6C22E66A003A: changes role from CANDIDATE to FOLLOWER at term 80 for DISCOVERED_A_NEW_TERM
2020-04-15 04:10:18,669 [omNode-2@group-6C22E66A003A-LeaderElection55] INFO  impl.RoleInfo (RoleInfo.java:shutdownLeaderElection(134)) - omNode-2: shutdown LeaderElection
2020-04-15 04:10:18,669 [omNode-2@group-6C22E66A003A-LeaderElection55] INFO  impl.RoleInfo (RoleInfo.java:updateAndGet(143)) - omNode-2: start FollowerState
2020-04-15 04:10:18,635 [grpc-default-executor-1] INFO  impl.RaftServerImpl (RaftServerImpl.java:setRole(172)) - omNode-3@group-6C22E66A003A: changes role from  FOLLOWER to FOLLOWER at term 80 for recognizeCandidate:omNode-1
2020-04-15 04:10:18,693 [grpc-default-executor-1] INFO  impl.RoleInfo (RoleInfo.java:shutdownFollowerState(121)) - omNode-3: shutdown FollowerState
2020-04-15 04:10:18,693 [grpc-default-executor-1] INFO  impl.RoleInfo (RoleInfo.java:updateAndGet(143)) - omNode-3: start FollowerState
2020-04-15 04:10:18,693 [Thread-902] INFO  impl.FollowerState (FollowerState.java:run(117)) - omNode-3@group-6C22E66A003A-FollowerState was interrupted: java.lang.InterruptedException: sleep interrupted
2020-04-15 04:10:18,740 [omNode-1@group-6C22E66A003A-LeaderElection53] INFO  impl.LeaderElection (LeaderElection.java:logAndReturn(61)) - omNode-1@group-6C22E66A003A-LeaderElection53: Election PASSED; received 2 response(s) [omNode-1<-omNode-3#0:OK-t80, omNode-1<-omNode-2#0:FAIL-t80] and 0 exception(s); omNode-1@group-6C22E66A003A:t80, leader=null, voted=omNode-1, raftlog=omNode-1@group-6C22E66A003A-SegmentedRaftLog:OPENED:c-1,f0,i0, conf=0: [omNode-3:localhost:11644, omNode-1:localhost:11632, omNode-2:localhost:11638], old=null
2020-04-15 04:10:18,740 [omNode-1@group-6C22E66A003A-LeaderElection53] INFO  impl.RoleInfo (RoleInfo.java:shutdownLeaderElection(134)) - omNode-1: shutdown LeaderElection
2020-04-15 04:10:18,740 [omNode-1@group-6C22E66A003A-LeaderElection53] INFO  impl.RaftServerImpl (RaftServerImpl.java:setRole(172)) - omNode-1@group-6C22E66A003A: changes role from CANDIDATE to LEADER at term 80 for changeToLeader
2020-04-15 04:10:18,740 [omNode-1@group-6C22E66A003A-LeaderElection53] INFO  impl.RaftServerImpl (ServerState.java:setLeader(255)) - omNode-1@group-6C22E66A003A: change Leader from null to omNode-1 at term 80 for becomeLeader, leader elected after 161877ms
2020-04-15 04:10:18,740 [omNode-1@group-6C22E66A003A-LeaderElection53] INFO  server.RaftServerConfigKeys (ConfUtils.java:logGet(44)) - raft.server.staging.catchup.gap = 1000 (default)
2020-04-15 04:10:18,740 [omNode-1@group-6C22E66A003A-LeaderElection53] INFO  server.RaftServerConfigKeys (ConfUtils.java:logGet(44)) - raft.server.rpc.sleep.time = 25ms (default)
2020-04-15 04:10:18,740 [omNode-1@group-6C22E66A003A-LeaderElection53] INFO  metrics.RatisMetrics (RatisMetrics.java:lambda$create$0(39)) - Creating Metrics Registry : ratis.log_appender.omNode-1@group-6C22E66A003A
2020-04-15 04:10:18,741 [omNode-1@group-6C22E66A003A-LeaderElection53] INFO  server.RaftServerConfigKeys (ConfUtils.java:logGet(44)) - raft.server.write.element-limit = 4096 (default)
2020-04-15 04:10:18,741 [omNode-1@group-6C22E66A003A-LeaderElection53] INFO  server.RaftServerConfigKeys (ConfUtils.java:logGet(44)) - raft.server.write.byte-limit = 64MB (=67108864) (default)
2020-04-15 04:10:18,741 [omNode-1@group-6C22E66A003A-LeaderElection53] INFO  server.RaftServerConfigKeys (ConfUtils.java:logGet(44)) - raft.server.watch.timeout = 10s (default)
2020-04-15 04:10:18,741 [omNode-1@group-6C22E66A003A-LeaderElection53] INFO  server.RaftServerConfigKeys (ConfUtils.java:logGet(44)) - raft.server.watch.timeout.denomination = 1s (default)
2020-04-15 04:10:18,741 [omNode-1@group-6C22E66A003A-LeaderElection53] INFO  server.RaftServerConfigKeys (ConfUtils.java:logGet(44)) - raft.server.watch.element-limit = 65536 (default)
2020-04-15 04:10:18,742 [omNode-1@group-6C22E66A003A-LeaderElection53] INFO  server.RaftServerConfigKeys (ConfUtils.java:logGet(44)) - raft.server.log.appender.snapshot.chunk.size.max = 16MB (=16777216) (default)
2020-04-15 04:10:18,742 [omNode-1@group-6C22E66A003A-LeaderElection53] INFO  server.RaftServerConfigKeys (ConfUtils.java:logGet(44)) - raft.server.log.appender.buffer.byte-limit = 33554432 (custom)
2020-04-15 04:10:18,742 [omNode-1@group-6C22E66A003A-LeaderElection53] INFO  server.RaftServerConfigKeys (ConfUtils.java:logGet(44)) - raft.server.log.appender.buffer.element-limit = 1024 (custom)
2020-04-15 04:10:18,742 [omNode-1@group-6C22E66A003A-LeaderElection53] INFO  grpc.GrpcConfigKeys (ConfUtils.java:logGet(44)) - raft.grpc.server.leader.outstanding.appends.max = 128 (default)
2020-04-15 04:10:18,742 [omNode-1@group-6C22E66A003A-LeaderElection53] INFO  server.RaftServerConfigKeys (ConfUtils.java:logGet(44)) - raft.server.rpc.request.timeout = 3000ms (default)
2020-04-15 04:10:18,742 [omNode-1@group-6C22E66A003A-LeaderElection53] INFO  server.RaftServerConfigKeys (ConfUtils.java:logGet(44)) - raft.server.log.appender.install.snapshot.enabled = false (custom)
2020-04-15 04:10:18,743 [omNode-1@group-6C22E66A003A-LeaderElection53] INFO  server.RaftServerConfigKeys (ConfUtils.java:logGet(44)) - raft.server.log.appender.snapshot.chunk.size.max = 16MB (=16777216) (default)
2020-04-15 04:10:18,743 [omNode-1@group-6C22E66A003A-LeaderElection53] INFO  server.RaftServerConfigKeys (ConfUtils.java:logGet(44)) - raft.server.log.appender.buffer.byte-limit = 33554432 (custom)
2020-04-15 04:10:18,743 [omNode-1@group-6C22E66A003A-LeaderElection53] INFO  server.RaftServerConfigKeys (ConfUtils.java:logGet(44)) - raft.server.log.appender.buffer.element-limit = 1024 (custom)
2020-04-15 04:10:18,743 [omNode-1@group-6C22E66A003A-LeaderElection53] INFO  grpc.GrpcConfigKeys (ConfUtils.java:logGet(44)) - raft.grpc.server.leader.outstanding.appends.max = 128 (default)
2020-04-15 04:10:18,743 [omNode-1@group-6C22E66A003A-LeaderElection53] INFO  server.RaftServerConfigKeys (ConfUtils.java:logGet(44)) - raft.server.rpc.request.timeout = 3000ms (default)
2020-04-15 04:10:18,744 [omNode-1@group-6C22E66A003A-LeaderElection53] INFO  server.RaftServerConfigKeys (ConfUtils.java:logGet(44)) - raft.server.log.appender.install.snapshot.enabled = false (custom)
2020-04-15 04:10:18,744 [omNode-1@group-6C22E66A003A-LeaderElection53] INFO  impl.RoleInfo (RoleInfo.java:updateAndGet(143)) - omNode-1: start LeaderState
2020-04-15 04:10:18,766 [omNode-1@group-6C22E66A003A-LeaderElection53] INFO  segmented.SegmentedRaftLogWorker (SegmentedRaftLogWorker.java:rollLogSegment(396)) - omNode-1@group-6C22E66A003A-SegmentedRaftLogWorker: Rolling segment log-0_0 to index:0
2020-04-15 04:10:18,767 [omNode-1@group-6C22E66A003A-SegmentedRaftLogWorker] INFO  segmented.SegmentedRaftLogWorker (SegmentedRaftLogWorker.java:execute(541)) - omNode-1@group-6C22E66A003A-SegmentedRaftLogWorker: Rolled log segment from /github/workspace/hadoop-ozone/integration-test/target/test-dir/MiniOzoneClusterImpl-0135e7b1-1d2a-4fbb-b7c0-5297c589a039/omNode-1/ratis/9c9825ce-8ba7-3ee6-a7c3-6c22e66a003a/current/log_inprogress_0 to /github/workspace/hadoop-ozone/integration-test/target/test-dir/MiniOzoneClusterImpl-0135e7b1-1d2a-4fbb-b7c0-5297c589a039/omNode-1/ratis/9c9825ce-8ba7-3ee6-a7c3-6c22e66a003a/current/log_0-0
2020-04-15 04:10:18,792 [omNode-1@group-6C22E66A003A-LeaderElection53] INFO  impl.RaftServerImpl (ServerState.java:setRaftConf(356)) - omNode-1@group-6C22E66A003A: set configuration 1: [omNode-3:localhost:11644, omNode-1:localhost:11632, omNode-2:localhost:11638], old=null at 1
2020-04-15 04:10:18,792 [omNode-1@group-6C22E66A003A-SegmentedRaftLogWorker] INFO  segmented.SegmentedRaftLogWorker (SegmentedRaftLogWorker.java:execute(583)) - omNode-1@group-6C22E66A003A-SegmentedRaftLogWorker: created new log segment /github/workspace/hadoop-ozone/integration-test/target/test-dir/MiniOzoneClusterImpl-0135e7b1-1d2a-4fbb-b7c0-5297c589a039/omNode-1/ratis/9c9825ce-8ba7-3ee6-a7c3-6c22e66a003a/current/log_inprogress_1
2020-04-15 04:10:18,806 [grpc-default-executor-1] INFO  impl.RaftServerImpl (ServerState.java:setLeader(255)) - omNode-3@group-6C22E66A003A: change Leader from null to omNode-1 at term 80 for appendEntries, leader elected after 176372ms
2020-04-15 04:10:18,807 [grpc-default-executor-1] INFO  impl.RaftServerImpl (RaftServerImpl.java:checkInconsistentAppendEntries(1065)) - omNode-3@group-6C22E66A003A: Failed appendEntries as previous log entry ((t:9, i:0)) is not found
2020-04-15 04:10:18,807 [grpc-default-executor-1] INFO  impl.RaftServerImpl (RaftServerImpl.java:checkInconsistentAppendEntries(1031)) - omNode-3@group-6C22E66A003A: inconsistency entries. Reply:omNode-1<-omNode-3#0:FAIL,INCONSISTENCY,nextIndex:0,term:80,followerCommit:-1
2020-04-15 04:10:18,898 [grpc-default-executor-12] INFO  impl.RaftServerImpl (ServerState.java:setLeader(255)) - omNode-2@group-6C22E66A003A: change Leader from null to omNode-1 at term 80 for appendEntries, leader elected after 43980ms
2020-04-15 04:10:18,898 [grpc-default-executor-8] INFO  impl.FollowerInfo (FollowerInfo.java:lambda$new$0(50)) - omNode-1@group-6C22E66A003A->omNode-3: nextIndex: updateUnconditionally 2 -> 0
2020-04-15 04:10:18,898 [grpc-default-executor-12] INFO  impl.RaftServerImpl (RaftServerImpl.java:checkInconsistentAppendEntries(1065)) - omNode-2@group-6C22E66A003A: Failed appendEntries as previous log entry ((t:9, i:0)) is not found
2020-04-15 04:10:18,911 [grpc-default-executor-12] INFO  impl.RaftServerImpl (RaftServerImpl.java:checkInconsistentAppendEntries(1031)) - omNode-2@group-6C22E66A003A: inconsistency entries. Reply:omNode-1<-omNode-2#0:FAIL,INCONSISTENCY,nextIndex:0,term:80,followerCommit:0
2020-04-15 04:10:18,911 [grpc-default-executor-8] INFO  impl.RaftServerImpl (RaftServerImpl.java:checkInconsistentAppendEntries(1065)) - omNode-3@group-6C22E66A003A: Failed appendEntries as previous log entry ((t:9, i:0)) is not found
2020-04-15 04:10:18,911 [grpc-default-executor-8] INFO  impl.RaftServerImpl (RaftServerImpl.java:checkInconsistentAppendEntries(1031)) - omNode-3@group-6C22E66A003A: inconsistency entries. Reply:omNode-1<-omNode-3#1:FAIL,INCONSISTENCY,nextIndex:0,term:80,followerCommit:-1
2020-04-15 04:10:18,923 [grpc-default-executor-12] INFO  impl.FollowerInfo (FollowerInfo.java:lambda$new$0(50)) - omNode-1@group-6C22E66A003A->omNode-2: nextIndex: updateUnconditionally 2 -> 0
2020-04-15 04:10:18,934 [grpc-default-executor-12] INFO  impl.FollowerInfo (FollowerInfo.java:lambda$new$0(50)) - omNode-1@group-6C22E66A003A->omNode-3: nextIndex: updateUnconditionally 2 -> 0
2020-04-15 04:10:18,934 [grpc-default-executor-8] INFO  impl.RaftServerImpl (RaftServerImpl.java:checkInconsistentAppendEntries(1065)) - omNode-2@group-6C22E66A003A: Failed appendEntries as previous log entry ((t:9, i:0)) is not found
2020-04-15 04:10:18,935 [grpc-default-executor-8] INFO  impl.RaftServerImpl (RaftServerImpl.java:checkInconsistentAppendEntries(1031)) - omNode-2@group-6C22E66A003A: inconsistency entries. Reply:omNode-1<-omNode-2#1:FAIL,INCONSISTENCY,nextIndex:0,term:80,followerCommit:0
2020-04-15 04:10:18,935 [grpc-default-executor-8] INFO  impl.FollowerInfo (FollowerInfo.java:lambda$new$0(50)) - omNode-1@group-6C22E66A003A->omNode-2: nextIndex: updateUnconditionally 2 -> 0
2020-04-15 04:10:18,936 [grpc-default-executor-12] INFO  impl.RaftServerImpl (ServerState.java:setRaftConf(356)) - omNode-3@group-6C22E66A003A: set configuration 0: [omNode-3:localhost:11644, omNode-1:localhost:11632, omNode-2:localhost:11638], old=null at 0
2020-04-15 04:10:18,936 [grpc-default-executor-12] INFO  impl.RaftServerImpl (ServerState.java:setRaftConf(356)) - omNode-3@group-6C22E66A003A: set configuration 1: [omNode-3:localhost:11644, omNode-1:localhost:11632, omNode-2:localhost:11638], old=null at 1
2020-04-15 04:10:18,936 [grpc-default-executor-12] INFO  segmented.SegmentedRaftLogWorker (SegmentedRaftLogWorker.java:startLogSegment(391)) - omNode-3@group-6C22E66A003A-SegmentedRaftLogWorker: Starting segment from index:0
2020-04-15 04:10:18,937 [grpc-default-executor-12] INFO  segmented.SegmentedRaftLogWorker (SegmentedRaftLogWorker.java:rollLogSegment(396)) - omNode-3@group-6C22E66A003A-SegmentedRaftLogWorker: Rolling segment log-0_0 to index:0
2020-04-15 04:10:18,938 [grpc-default-executor-12] INFO  impl.RaftServerImpl (ServerState.java:setRaftConf(356)) - omNode-2@group-6C22E66A003A: set configuration 0: [omNode-3:localhost:11644, omNode-1:localhost:11632, omNode-2:localhost:11638], old=null at 0
2020-04-15 04:10:18,938 [grpc-default-executor-12] INFO  impl.RaftServerImpl (ServerState.java:setRaftConf(356)) - omNode-2@group-6C22E66A003A: set configuration 1: [omNode-3:localhost:11644, omNode-1:localhost:11632, omNode-2:localhost:11638], old=null at 1
2020-04-15 04:10:18,951 [grpc-default-executor-12] INFO  segmented.SegmentedRaftLogWorker (SegmentedRaftLogWorker.java:truncate(407)) - omNode-2@group-6C22E66A003A-SegmentedRaftLogWorker: Truncating segments toTruncate: null
  toDelete: [(0, 0) isOpen? false, length=0, newEndIndex=-1, (1, 1) isOpen? true, length=0, newEndIndex=0], start index 0
2020-04-15 04:10:18,952 [omNode-3@group-6C22E66A003A-SegmentedRaftLogWorker] INFO  segmented.SegmentedRaftLogWorker (SegmentedRaftLogWorker.java:execute(583)) - omNode-3@group-6C22E66A003A-SegmentedRaftLogWorker: created new log segment /github/workspace/hadoop-ozone/integration-test/target/test-dir/MiniOzoneClusterImpl-0135e7b1-1d2a-4fbb-b7c0-5297c589a039/omNode-3/ratis/9c9825ce-8ba7-3ee6-a7c3-6c22e66a003a/current/log_inprogress_0
2020-04-15 04:10:18,953 [omNode-3@group-6C22E66A003A-SegmentedRaftLogWorker] INFO  segmented.SegmentedRaftLogWorker (SegmentedRaftLogWorker.java:execute(541)) - omNode-3@group-6C22E66A003A-SegmentedRaftLogWorker: Rolled log segment from /github/workspace/hadoop-ozone/integration-test/target/test-dir/MiniOzoneClusterImpl-0135e7b1-1d2a-4fbb-b7c0-5297c589a039/omNode-3/ratis/9c9825ce-8ba7-3ee6-a7c3-6c22e66a003a/current/log_inprogress_0 to /github/workspace/hadoop-ozone/integration-test/target/test-dir/MiniOzoneClusterImpl-0135e7b1-1d2a-4fbb-b7c0-5297c589a039/omNode-3/ratis/9c9825ce-8ba7-3ee6-a7c3-6c22e66a003a/current/log_0-0
2020-04-15 04:10:18,953 [omNode-2@group-6C22E66A003A-SegmentedRaftLogWorker] INFO  segmented.SegmentedRaftLogWorker (SegmentedRaftLogWorker.java:execute(650)) - omNode-2@group-6C22E66A003A-SegmentedRaftLogWorker: Deleted log file /github/workspace/hadoop-ozone/integration-test/target/test-dir/MiniOzoneClusterImpl-0135e7b1-1d2a-4fbb-b7c0-5297c589a039/omNode-2/ratis/9c9825ce-8ba7-3ee6-a7c3-6c22e66a003a/current/log_0-0
2020-04-15 04:10:18,953 [omNode-2@group-6C22E66A003A-SegmentedRaftLogWorker] INFO  segmented.SegmentedRaftLogWorker (SegmentedRaftLogWorker.java:execute(650)) - omNode-2@group-6C22E66A003A-SegmentedRaftLogWorker: Deleted log file /github/workspace/hadoop-ozone/integration-test/target/test-dir/MiniOzoneClusterImpl-0135e7b1-1d2a-4fbb-b7c0-5297c589a039/omNode-2/ratis/9c9825ce-8ba7-3ee6-a7c3-6c22e66a003a/current/log_inprogress_1
2020-04-15 04:10:18,953 [grpc-default-executor-8] INFO  impl.RaftServerImpl (ServerState.java:setRaftConf(356)) - omNode-3@group-6C22E66A003A: set configuration 0: [omNode-3:localhost:11644, omNode-1:localhost:11632, omNode-2:localhost:11638], old=null at 0
2020-04-15 04:10:18,954 [grpc-default-executor-12] INFO  segmented.SegmentedRaftLogWorker (SegmentedRaftLogWorker.java:startLogSegment(391)) - omNode-2@group-6C22E66A003A-SegmentedRaftLogWorker: Starting segment from index:0
2020-04-15 04:10:18,954 [omNode-2@group-6C22E66A003A-SegmentedRaftLogWorker] INFO  segmented.SegmentedRaftLogWorker (SegmentedRaftLogWorker.java:lambda$new$0(129)) - omNode-2@group-6C22E66A003A-SegmentedRaftLogWorker: flushIndex: setUnconditionally 1 -> -1
2020-04-15 04:10:18,955 [grpc-default-executor-12] INFO  segmented.SegmentedRaftLogWorker (SegmentedRaftLogWorker.java:rollLogSegment(396)) - omNode-2@group-6C22E66A003A-SegmentedRaftLogWorker: Rolling segment log-0_0 to index:0
2020-04-15 04:10:18,954 [omNode-3@group-6C22E66A003A-SegmentedRaftLogWorker] INFO  segmented.SegmentedRaftLogWorker (SegmentedRaftLogWorker.java:execute(583)) - omNode-3@group-6C22E66A003A-SegmentedRaftLogWorker: created new log segment /github/workspace/hadoop-ozone/integration-test/target/test-dir/MiniOzoneClusterImpl-0135e7b1-1d2a-4fbb-b7c0-5297c589a039/omNode-3/ratis/9c9825ce-8ba7-3ee6-a7c3-6c22e66a003a/current/log_inprogress_1
2020-04-15 04:10:18,987 [omNode-2@group-6C22E66A003A-SegmentedRaftLogWorker] INFO  segmented.SegmentedRaftLogWorker (SegmentedRaftLogWorker.java:execute(583)) - omNode-2@group-6C22E66A003A-SegmentedRaftLogWorker: created new log segment /github/workspace/hadoop-ozone/integration-test/target/test-dir/MiniOzoneClusterImpl-0135e7b1-1d2a-4fbb-b7c0-5297c589a039/omNode-2/ratis/9c9825ce-8ba7-3ee6-a7c3-6c22e66a003a/current/log_inprogress_0
2020-04-15 04:10:18,988 [grpc-default-executor-12] INFO  impl.RaftServerImpl (ServerState.java:setRaftConf(356)) - omNode-2@group-6C22E66A003A: set configuration 0: [omNode-3:localhost:11644, omNode-1:localhost:11632, omNode-2:localhost:11638], old=null at 0
2020-04-15 04:10:18,999 [grpc-default-executor-8] INFO  impl.RaftServerImpl (ServerState.java:setRaftConf(356)) - omNode-3@group-6C22E66A003A: set configuration 1: [omNode-3:localhost:11644, omNode-1:localhost:11632, omNode-2:localhost:11638], old=null at 1
2020-04-15 04:10:18,999 [grpc-default-executor-12] INFO  impl.RaftServerImpl (ServerState.java:setRaftConf(356)) - omNode-2@group-6C22E66A003A: set configuration 1: [omNode-3:localhost:11644, omNode-1:localhost:11632, omNode-2:localhost:11638], old=null at 1
2020-04-15 04:10:19,012 [omNode-2@group-6C22E66A003A-SegmentedRaftLogWorker] INFO  segmented.SegmentedRaftLogWorker (SegmentedRaftLogWorker.java:execute(541)) - omNode-2@group-6C22E66A003A-SegmentedRaftLogWorker: Rolled log segment from /github/workspace/hadoop-ozone/integration-test/target/test-dir/MiniOzoneClusterImpl-0135e7b1-1d2a-4fbb-b7c0-5297c589a039/omNode-2/ratis/9c9825ce-8ba7-3ee6-a7c3-6c22e66a003a/current/log_inprogress_0 to /github/workspace/hadoop-ozone/integration-test/target/test-dir/MiniOzoneClusterImpl-0135e7b1-1d2a-4fbb-b7c0-5297c589a039/omNode-2/ratis/9c9825ce-8ba7-3ee6-a7c3-6c22e66a003a/current/log_0-0
2020-04-15 04:10:19,013 [omNode-2@group-6C22E66A003A-SegmentedRaftLogWorker] INFO  segmented.SegmentedRaftLogWorker (SegmentedRaftLogWorker.java:execute(583)) - omNode-2@group-6C22E66A003A-SegmentedRaftLogWorker: created new log segment /github/workspace/hadoop-ozone/integration-test/target/test-dir/MiniOzoneClusterImpl-0135e7b1-1d2a-4fbb-b7c0-5297c589a039/omNode-2/ratis/9c9825ce-8ba7-3ee6-a7c3-6c22e66a003a/current/log_inprogress_1
2020-04-15 04:10:21,996 [Thread-907] INFO  impl.FollowerState (FollowerState.java:run(108)) - omNode-3@group-6C22E66A003A-FollowerState: change to CANDIDATE, lastRpcTime:1155ms, electionTimeout:1086ms
2020-04-15 04:10:22,119 [Thread-907] INFO  impl.RoleInfo (RoleInfo.java:shutdownFollowerState(121)) - omNode-3: shutdown FollowerState
2020-04-15 04:10:22,304 [Thread-907] INFO  impl.RaftServerImpl (RaftServerImpl.java:setRole(172)) - omNode-3@group-6C22E66A003A: changes role from  FOLLOWER to CANDIDATE at term 80 for changeToCandidate
2020-04-15 04:10:22,304 [Thread-907] INFO  impl.RoleInfo (RoleInfo.java:updateAndGet(143)) - omNode-3: start LeaderElection
2020-04-15 04:10:22,463 [omNode-3@group-6C22E66A003A-LeaderElection56] INFO  impl.RaftServerImpl (ServerState.java:setLeader(255)) - omNode-3@group-6C22E66A003A: change Leader from omNode-1 to null at term 80 for initElection
2020-04-15 04:10:23,161 [omNode-3@group-6C22E66A003A-LeaderElection56] INFO  impl.LeaderElection (LeaderElection.java:askForVotes(206)) - omNode-3@group-6C22E66A003A-LeaderElection56: begin an election at term 81 for 1: [omNode-3:localhost:11644, omNode-1:localhost:11632, omNode-2:localhost:11638], old=null
2020-04-15 04:10:23,315 [grpc-default-executor-1] INFO  impl.RaftServerImpl (ServerState.java:setLeader(255)) - omNode-2@group-6C22E66A003A: change Leader from omNode-1 to null at term 81 for updateCurrentTerm
2020-04-15 04:10:23,389 [grpc-default-executor-1] INFO  impl.RaftServerImpl (RaftServerImpl.java:setRole(172)) - omNode-2@group-6C22E66A003A: changes role from  FOLLOWER to FOLLOWER at term 81 for recognizeCandidate:omNode-3
2020-04-15 04:10:23,390 [grpc-default-executor-1] INFO  impl.RoleInfo (RoleInfo.java:shutdownFollowerState(121)) - omNode-2: shutdown FollowerState
2020-04-15 04:10:23,337 [grpc-default-executor-12] INFO  impl.RaftServerImpl (ServerState.java:setLeader(255)) - omNode-1@group-6C22E66A003A: change Leader from omNode-1 to null at term 81 for updateCurrentTerm
2020-04-15 04:10:23,390 [grpc-default-executor-12] INFO  impl.RaftServerImpl (RaftServerImpl.java:setRole(172)) - omNode-1@group-6C22E66A003A: changes role from    LEADER to FOLLOWER at term 81 for recognizeCandidate:omNode-3
2020-04-15 04:10:23,390 [grpc-default-executor-12] INFO  impl.RoleInfo (RoleInfo.java:shutdownLeaderState(104)) - omNode-1: shutdown LeaderState
2020-04-15 04:10:23,391 [org.apache.ratis.server.impl.LogAppender$AppenderDaemon$$Lambda$301/1038880212@7880198e] WARN  server.GrpcLogAppender (GrpcLogAppender.java:mayWait(153)) - omNode-1@group-6C22E66A003A->omNode-3-GrpcLogAppender: Wait interrupted by java.lang.InterruptedException
2020-04-15 04:10:23,392 [org.apache.ratis.server.impl.LogAppender$AppenderDaemon$$Lambda$301/1038880212@455c6858] WARN  server.GrpcLogAppender (GrpcLogAppender.java:mayWait(153)) - omNode-1@group-6C22E66A003A->omNode-2-GrpcLogAppender: Wait interrupted by java.lang.InterruptedException
2020-04-15 04:10:23,392 [grpc-default-executor-12] INFO  impl.PendingRequests (PendingRequests.java:sendNotLeaderResponses(240)) - omNode-1@group-6C22E66A003A-PendingRequests: sendNotLeaderResponses
2020-04-15 04:10:23,392 [grpc-default-executor-2] INFO  server.GrpcServerProtocolService (GrpcServerProtocolService.java:onCompleted(137)) - omNode-2: Completed APPEND_ENTRIES, lastRequest: omNode-1->omNode-2#4-t80, previous=(t:80, i:1), leaderCommit=1, initializing? false, entries: size=1, first=(t:80, i:2), METADATAENTRY(c:1)
2020-04-15 04:10:23,427 [grpc-default-executor-12] INFO  metrics.RatisMetrics (RatisMetrics.java:unregister(46)) - Unregistering Metrics Registry : ratis.log_appender.omNode-1@group-6C22E66A003A
2020-04-15 04:10:23,427 [grpc-default-executor-12] INFO  impl.RoleInfo (RoleInfo.java:updateAndGet(143)) - omNode-1: start FollowerState
2020-04-15 04:10:23,427 [grpc-default-executor-2] INFO  server.GrpcLogAppender (GrpcLogAppender.java:onCompleted(308)) - omNode-1@group-6C22E66A003A->omNode-2-AppendLogResponseHandler: follower responses appendEntries COMPLETED
2020-04-15 04:10:23,465 [grpc-default-executor-1] INFO  impl.RoleInfo (RoleInfo.java:updateAndGet(143)) - omNode-2: start FollowerState
2020-04-15 04:10:23,536 [grpc-default-executor-2] INFO  impl.FollowerInfo (FollowerInfo.java:lambda$new$0(50)) - omNode-1@group-6C22E66A003A->omNode-2: nextIndex: updateUnconditionally 3 -> 2
2020-04-15 04:10:23,625 [grpc-default-executor-12] INFO  server.GrpcServerProtocolService (GrpcServerProtocolService.java:onCompleted(137)) - omNode-3: Completed APPEND_ENTRIES, lastRequest: omNode-1->omNode-3#4-t80, previous=(t:80, i:1), leaderCommit=1, initializing? false, entries: size=1, first=(t:80, i:2), METADATAENTRY(c:1)
2020-04-15 04:10:23,625 [grpc-default-executor-8] INFO  server.GrpcLogAppender (GrpcLogAppender.java:onCompleted(308)) - omNode-1@group-6C22E66A003A->omNode-3-AppendLogResponseHandler: follower responses appendEntries COMPLETED
2020-04-15 04:10:23,670 [grpc-default-executor-8] INFO  impl.FollowerInfo (FollowerInfo.java:lambda$new$0(50)) - omNode-1@group-6C22E66A003A->omNode-3: nextIndex: updateUnconditionally 3 -> 2
2020-04-15 04:10:23,684 [omNode-3@group-6C22E66A003A-LeaderElection56] INFO  impl.LeaderElection (LeaderElection.java:logAndReturn(61)) - omNode-3@group-6C22E66A003A-LeaderElection56: Election PASSED; received 2 response(s) [omNode-3<-omNode-1#0:FAIL-t81, omNode-3<-omNode-2#0:OK-t81] and 0 exception(s); omNode-3@group-6C22E66A003A:t81, leader=null, voted=omNode-3, raftlog=omNode-3@group-6C22E66A003A-SegmentedRaftLog:OPENED:c2,f2,i2, conf=1: [omNode-3:localhost:11644, omNode-1:localhost:11632, omNode-2:localhost:11638], old=null
2020-04-15 04:10:23,685 [omNode-3@group-6C22E66A003A-LeaderElection56] INFO  impl.RoleInfo (RoleInfo.java:shutdownLeaderElection(134)) - omNode-3: shutdown LeaderElection
2020-04-15 04:10:23,685 [omNode-3@group-6C22E66A003A-LeaderElection56] INFO  impl.RaftServerImpl (RaftServerImpl.java:setRole(172)) - omNode-3@group-6C22E66A003A: changes role from CANDIDATE to LEADER at term 81 for changeToLeader
2020-04-15 04:10:23,685 [omNode-3@group-6C22E66A003A-LeaderElection56] INFO  impl.RaftServerImpl (ServerState.java:setLeader(255)) - omNode-3@group-6C22E66A003A: change Leader from null to omNode-3 at term 81 for becomeLeader, leader elected after 1251ms
2020-04-15 04:10:23,685 [omNode-3@group-6C22E66A003A-LeaderElection56] INFO  server.RaftServerConfigKeys (ConfUtils.java:logGet(44)) - raft.server.staging.catchup.gap = 1000 (default)
2020-04-15 04:10:23,685 [omNode-3@group-6C22E66A003A-LeaderElection56] INFO  server.RaftServerConfigKeys (ConfUtils.java:logGet(44)) - raft.server.rpc.sleep.time = 25ms (default)
2020-04-15 04:10:23,686 [omNode-3@group-6C22E66A003A-LeaderElection56] INFO  metrics.RatisMetrics (RatisMetrics.java:lambda$create$0(39)) - Creating Metrics Registry : ratis.log_appender.omNode-3@group-6C22E66A003A
2020-04-15 04:10:23,686 [omNode-3@group-6C22E66A003A-LeaderElection56] INFO  server.RaftServerConfigKeys (ConfUtils.java:logGet(44)) - raft.server.write.element-limit = 4096 (default)
2020-04-15 04:10:23,697 [omNode-3@group-6C22E66A003A-LeaderElection56] INFO  server.RaftServerConfigKeys (ConfUtils.java:logGet(44)) - raft.server.write.byte-limit = 64MB (=67108864) (default)
2020-04-15 04:10:23,708 [omNode-3@group-6C22E66A003A-LeaderElection56] INFO  server.RaftServerConfigKeys (ConfUtils.java:logGet(44)) - raft.server.watch.timeout = 10s (default)
2020-04-15 04:10:23,708 [omNode-3@group-6C22E66A003A-LeaderElection56] INFO  server.RaftServerConfigKeys (ConfUtils.java:logGet(44)) - raft.server.watch.timeout.denomination = 1s (default)
2020-04-15 04:10:23,708 [omNode-3@group-6C22E66A003A-LeaderElection56] INFO  server.RaftServerConfigKeys (ConfUtils.java:logGet(44)) - raft.server.watch.element-limit = 65536 (default)
2020-04-15 04:10:23,709 [omNode-3@group-6C22E66A003A-LeaderElection56] INFO  server.RaftServerConfigKeys (ConfUtils.java:logGet(44)) - raft.server.log.appender.snapshot.chunk.size.max = 16MB (=16777216) (default)
2020-04-15 04:10:23,709 [omNode-3@group-6C22E66A003A-LeaderElection56] INFO  server.RaftServerConfigKeys (ConfUtils.java:logGet(44)) - raft.server.log.appender.buffer.byte-limit = 33554432 (custom)
2020-04-15 04:10:23,709 [omNode-3@group-6C22E66A003A-LeaderElection56] INFO  server.RaftServerConfigKeys (ConfUtils.java:logGet(44)) - raft.server.log.appender.buffer.element-limit = 1024 (custom)
2020-04-15 04:10:23,709 [omNode-3@group-6C22E66A003A-LeaderElection56] INFO  grpc.GrpcConfigKeys (ConfUtils.java:logGet(44)) - raft.grpc.server.leader.outstanding.appends.max = 128 (default)
2020-04-15 04:10:23,709 [omNode-3@group-6C22E66A003A-LeaderElection56] INFO  server.RaftServerConfigKeys (ConfUtils.java:logGet(44)) - raft.server.rpc.request.timeout = 3000ms (default)
2020-04-15 04:10:23,709 [omNode-3@group-6C22E66A003A-LeaderElection56] INFO  server.RaftServerConfigKeys (ConfUtils.java:logGet(44)) - raft.server.log.appender.install.snapshot.enabled = false (custom)
2020-04-15 04:10:23,711 [omNode-3@group-6C22E66A003A-LeaderElection56] INFO  server.RaftServerConfigKeys (ConfUtils.java:logGet(44)) - raft.server.log.appender.snapshot.chunk.size.max = 16MB (=16777216) (default)
2020-04-15 04:10:23,711 [omNode-3@group-6C22E66A003A-LeaderElection56] INFO  server.RaftServerConfigKeys (ConfUtils.java:logGet(44)) - raft.server.log.appender.buffer.byte-limit = 33554432 (custom)
2020-04-15 04:10:23,711 [omNode-3@group-6C22E66A003A-LeaderElection56] INFO  server.RaftServerConfigKeys (ConfUtils.java:logGet(44)) - raft.server.log.appender.buffer.element-limit = 1024 (custom)
2020-04-15 04:10:23,711 [omNode-3@group-6C22E66A003A-LeaderElection56] INFO  grpc.GrpcConfigKeys (ConfUtils.java:logGet(44)) - raft.grpc.server.leader.outstanding.appends.max = 128 (default)
2020-04-15 04:10:23,711 [omNode-3@group-6C22E66A003A-LeaderElection56] INFO  server.RaftServerConfigKeys (ConfUtils.java:logGet(44)) - raft.server.rpc.request.timeout = 3000ms (default)
2020-04-15 04:10:23,712 [omNode-3@group-6C22E66A003A-LeaderElection56] INFO  server.RaftServerConfigKeys (ConfUtils.java:logGet(44)) - raft.server.log.appender.install.snapshot.enabled = false (custom)
2020-04-15 04:10:23,724 [omNode-3@group-6C22E66A003A-LeaderElection56] INFO  impl.RoleInfo (RoleInfo.java:updateAndGet(143)) - omNode-3: start LeaderState
2020-04-15 04:10:23,724 [omNode-3@group-6C22E66A003A-LeaderElection56] INFO  segmented.SegmentedRaftLogWorker (SegmentedRaftLogWorker.java:rollLogSegment(396)) - omNode-3@group-6C22E66A003A-SegmentedRaftLogWorker: Rolling segment log-1_2 to index:2
2020-04-15 04:10:23,724 [omNode-3@group-6C22E66A003A-SegmentedRaftLogWorker] INFO  segmented.SegmentedRaftLogWorker (SegmentedRaftLogWorker.java:execute(541)) - omNode-3@group-6C22E66A003A-SegmentedRaftLogWorker: Rolled log segment from /github/workspace/hadoop-ozone/integration-test/target/test-dir/MiniOzoneClusterImpl-0135e7b1-1d2a-4fbb-b7c0-5297c589a039/omNode-3/ratis/9c9825ce-8ba7-3ee6-a7c3-6c22e66a003a/current/log_inprogress_1 to /github/workspace/hadoop-ozone/integration-test/target/test-dir/MiniOzoneClusterImpl-0135e7b1-1d2a-4fbb-b7c0-5297c589a039/omNode-3/ratis/9c9825ce-8ba7-3ee6-a7c3-6c22e66a003a/current/log_1-2
2020-04-15 04:10:23,740 [omNode-3@group-6C22E66A003A-SegmentedRaftLogWorker] INFO  segmented.SegmentedRaftLogWorker (SegmentedRaftLogWorker.java:execute(583)) - omNode-3@group-6C22E66A003A-SegmentedRaftLogWorker: created new log segment /github/workspace/hadoop-ozone/integration-test/target/test-dir/MiniOzoneClusterImpl-0135e7b1-1d2a-4fbb-b7c0-5297c589a039/omNode-3/ratis/9c9825ce-8ba7-3ee6-a7c3-6c22e66a003a/current/log_inprogress_3
2020-04-15 04:10:23,776 [omNode-3@group-6C22E66A003A-LeaderElection56] INFO  impl.RaftServerImpl (ServerState.java:setRaftConf(356)) - omNode-3@group-6C22E66A003A: set configuration 3: [omNode-3:localhost:11644, omNode-1:localhost:11632, omNode-2:localhost:11638], old=null at 3
2020-04-15 04:10:23,896 [grpc-default-executor-1] INFO  impl.RaftServerImpl (ServerState.java:setLeader(255)) - omNode-2@group-6C22E66A003A: change Leader from null to omNode-3 at term 81 for appendEntries, leader elected after 581ms
2020-04-15 04:10:23,941 [grpc-default-executor-1] INFO  impl.RaftServerImpl (ServerState.java:setRaftConf(356)) - omNode-2@group-6C22E66A003A: set configuration 3: [omNode-3:localhost:11644, omNode-1:localhost:11632, omNode-2:localhost:11638], old=null at 3
2020-04-15 04:10:23,941 [grpc-default-executor-1] INFO  segmented.SegmentedRaftLogWorker (SegmentedRaftLogWorker.java:rollLogSegment(396)) - omNode-2@group-6C22E66A003A-SegmentedRaftLogWorker: Rolling segment log-1_2 to index:2
2020-04-15 04:10:23,942 [omNode-2@group-6C22E66A003A-SegmentedRaftLogWorker] INFO  segmented.SegmentedRaftLogWorker (SegmentedRaftLogWorker.java:execute(541)) - omNode-2@group-6C22E66A003A-SegmentedRaftLogWorker: Rolled log segment from /github/workspace/hadoop-ozone/integration-test/target/test-dir/MiniOzoneClusterImpl-0135e7b1-1d2a-4fbb-b7c0-5297c589a039/omNode-2/ratis/9c9825ce-8ba7-3ee6-a7c3-6c22e66a003a/current/log_inprogress_1 to /github/workspace/hadoop-ozone/integration-test/target/test-dir/MiniOzoneClusterImpl-0135e7b1-1d2a-4fbb-b7c0-5297c589a039/omNode-2/ratis/9c9825ce-8ba7-3ee6-a7c3-6c22e66a003a/current/log_1-2
2020-04-15 04:10:23,954 [omNode-2@group-6C22E66A003A-SegmentedRaftLogWorker] INFO  segmented.SegmentedRaftLogWorker (SegmentedRaftLogWorker.java:execute(583)) - omNode-2@group-6C22E66A003A-SegmentedRaftLogWorker: created new log segment /github/workspace/hadoop-ozone/integration-test/target/test-dir/MiniOzoneClusterImpl-0135e7b1-1d2a-4fbb-b7c0-5297c589a039/omNode-2/ratis/9c9825ce-8ba7-3ee6-a7c3-6c22e66a003a/current/log_inprogress_3
2020-04-15 04:10:23,954 [grpc-default-executor-1] INFO  impl.RaftServerImpl (ServerState.java:setLeader(255)) - omNode-1@group-6C22E66A003A: change Leader from null to omNode-3 at term 81 for appendEntries, leader elected after 617ms
2020-04-15 04:10:24,000 [grpc-default-executor-1] INFO  impl.RaftServerImpl (ServerState.java:setRaftConf(356)) - omNode-1@group-6C22E66A003A: set configuration 3: [omNode-3:localhost:11644, omNode-1:localhost:11632, omNode-2:localhost:11638], old=null at 3
2020-04-15 04:10:24,000 [grpc-default-executor-1] INFO  segmented.SegmentedRaftLogWorker (SegmentedRaftLogWorker.java:rollLogSegment(396)) - omNode-1@group-6C22E66A003A-SegmentedRaftLogWorker: Rolling segment log-1_2 to index:2
2020-04-15 04:10:24,001 [omNode-1@group-6C22E66A003A-SegmentedRaftLogWorker] INFO  segmented.SegmentedRaftLogWorker (SegmentedRaftLogWorker.java:execute(541)) - omNode-1@group-6C22E66A003A-SegmentedRaftLogWorker: Rolled log segment from /github/workspace/hadoop-ozone/integration-test/target/test-dir/MiniOzoneClusterImpl-0135e7b1-1d2a-4fbb-b7c0-5297c589a039/omNode-1/ratis/9c9825ce-8ba7-3ee6-a7c3-6c22e66a003a/current/log_inprogress_1 to /github/workspace/hadoop-ozone/integration-test/target/test-dir/MiniOzoneClusterImpl-0135e7b1-1d2a-4fbb-b7c0-5297c589a039/omNode-1/ratis/9c9825ce-8ba7-3ee6-a7c3-6c22e66a003a/current/log_1-2
2020-04-15 04:10:24,002 [omNode-1@group-6C22E66A003A-SegmentedRaftLogWorker] INFO  segmented.SegmentedRaftLogWorker (SegmentedRaftLogWorker.java:execute(583)) - omNode-1@group-6C22E66A003A-SegmentedRaftLogWorker: created new log segment /github/workspace/hadoop-ozone/integration-test/target/test-dir/MiniOzoneClusterImpl-0135e7b1-1d2a-4fbb-b7c0-5297c589a039/omNode-1/ratis/9c9825ce-8ba7-3ee6-a7c3-6c22e66a003a/current/log_inprogress_3
2020-04-15 04:10:25,237 [main] INFO  rpc.RpcClient (RpcClient.java:createVolume(293)) - Creating Volume: 2f381daa-1687-4fa3-bfd9-ea6b6f1c6848, with jenkins1001 as owner.
2020-04-15 04:10:25,345 [IPC Server handler 5 on 11628] INFO  ipc.Server (Server.java:logException(2726)) - IPC Server handler 5 on 11628, call Call#369 Retry#0 org.apache.hadoop.ozone.om.protocol.OzoneManagerProtocol.submitRequest from 127.0.0.1:42758
org.apache.hadoop.ozone.om.exceptions.OMNotLeaderException: OM:omNode-1 is not the leader. Suggested leader is OM:omNode-3.
	at org.apache.hadoop.ozone.protocolPB.OzoneManagerProtocolServerSideTranslatorPB.createNotLeaderException(OzoneManagerProtocolServerSideTranslatorPB.java:185)
	at org.apache.hadoop.ozone.protocolPB.OzoneManagerProtocolServerSideTranslatorPB.processRequest(OzoneManagerProtocolServerSideTranslatorPB.java:127)
	at org.apache.hadoop.hdds.server.OzoneProtocolMessageDispatcher.processRequest(OzoneProtocolMessageDispatcher.java:75)
	at org.apache.hadoop.ozone.protocolPB.OzoneManagerProtocolServerSideTranslatorPB.submitRequest(OzoneManagerProtocolServerSideTranslatorPB.java:99)
	at org.apache.hadoop.ozone.protocol.proto.OzoneManagerProtocolProtos$OzoneManagerService$2.callBlockingMethod(OzoneManagerProtocolProtos.java)
	at org.apache.hadoop.ipc.ProtobufRpcEngine$Server$ProtoBufRpcInvoker.call(ProtobufRpcEngine.java:524)
	at org.apache.hadoop.ipc.RPC$Server.call(RPC.java:1025)
	at org.apache.hadoop.ipc.Server$RpcCall.run(Server.java:876)
	at org.apache.hadoop.ipc.Server$RpcCall.run(Server.java:822)
	at java.security.AccessController.doPrivileged(Native Method)
	at javax.security.auth.Subject.doAs(Subject.java:422)
	at org.apache.hadoop.security.UserGroupInformation.doAs(UserGroupInformation.java:1730)
	at org.apache.hadoop.ipc.Server$Handler.run(Server.java:2682)
2020-04-15 04:10:25,379 [main] INFO  retry.RetryInvocationHandler (RetryInvocationHandler.java:log(411)) - com.google.protobuf.ServiceException: org.apache.hadoop.ipc.RemoteException(org.apache.hadoop.ozone.om.exceptions.OMNotLeaderException): OM:omNode-1 is not the leader. Suggested leader is OM:omNode-3.
	at org.apache.hadoop.ozone.protocolPB.OzoneManagerProtocolServerSideTranslatorPB.createNotLeaderException(OzoneManagerProtocolServerSideTranslatorPB.java:185)
	at org.apache.hadoop.ozone.protocolPB.OzoneManagerProtocolServerSideTranslatorPB.processRequest(OzoneManagerProtocolServerSideTranslatorPB.java:127)
	at org.apache.hadoop.hdds.server.OzoneProtocolMessageDispatcher.processRequest(OzoneProtocolMessageDispatcher.java:75)
	at org.apache.hadoop.ozone.protocolPB.OzoneManagerProtocolServerSideTranslatorPB.submitRequest(OzoneManagerProtocolServerSideTranslatorPB.java:99)
	at org.apache.hadoop.ozone.protocol.proto.OzoneManagerProtocolProtos$OzoneManagerService$2.callBlockingMethod(OzoneManagerProtocolProtos.java)
	at org.apache.hadoop.ipc.ProtobufRpcEngine$Server$ProtoBufRpcInvoker.call(ProtobufRpcEngine.java:524)
	at org.apache.hadoop.ipc.RPC$Server.call(RPC.java:1025)
	at org.apache.hadoop.ipc.Server$RpcCall.run(Server.java:876)
	at org.apache.hadoop.ipc.Server$RpcCall.run(Server.java:822)
	at java.security.AccessController.doPrivileged(Native Method)
	at javax.security.auth.Subject.doAs(Subject.java:422)
	at org.apache.hadoop.security.UserGroupInformation.doAs(UserGroupInformation.java:1730)
	at org.apache.hadoop.ipc.Server$Handler.run(Server.java:2682)
, while invoking $Proxy41.submitRequest over nodeId=omNode-1,nodeAddress=127.0.0.1:11628. Trying to failover immediately.
2020-04-15 04:10:25,477 [IPC Server handler 17 on 11634] INFO  ipc.Server (Server.java:logException(2726)) - IPC Server handler 17 on 11634, call Call#369 Retry#1 org.apache.hadoop.ozone.om.protocol.OzoneManagerProtocol.submitRequest from 127.0.0.1:49052
org.apache.hadoop.ozone.om.exceptions.OMNotLeaderException: OM:omNode-2 is not the leader. Suggested leader is OM:omNode-3.
	at org.apache.hadoop.ozone.protocolPB.OzoneManagerProtocolServerSideTranslatorPB.createNotLeaderException(OzoneManagerProtocolServerSideTranslatorPB.java:185)
	at org.apache.hadoop.ozone.protocolPB.OzoneManagerProtocolServerSideTranslatorPB.processRequest(OzoneManagerProtocolServerSideTranslatorPB.java:127)
	at org.apache.hadoop.hdds.server.OzoneProtocolMessageDispatcher.processRequest(OzoneProtocolMessageDispatcher.java:75)
	at org.apache.hadoop.ozone.protocolPB.OzoneManagerProtocolServerSideTranslatorPB.submitRequest(OzoneManagerProtocolServerSideTranslatorPB.java:99)
	at org.apache.hadoop.ozone.protocol.proto.OzoneManagerProtocolProtos$OzoneManagerService$2.callBlockingMethod(OzoneManagerProtocolProtos.java)
	at org.apache.hadoop.ipc.ProtobufRpcEngine$Server$ProtoBufRpcInvoker.call(ProtobufRpcEngine.java:524)
	at org.apache.hadoop.ipc.RPC$Server.call(RPC.java:1025)
	at org.apache.hadoop.ipc.Server$RpcCall.run(Server.java:876)
	at org.apache.hadoop.ipc.Server$RpcCall.run(Server.java:822)
	at java.security.AccessController.doPrivileged(Native Method)
	at javax.security.auth.Subject.doAs(Subject.java:422)
	at org.apache.hadoop.security.UserGroupInformation.doAs(UserGroupInformation.java:1730)
	at org.apache.hadoop.ipc.Server$Handler.run(Server.java:2682)
2020-04-15 04:10:25,530 [main] INFO  retry.RetryInvocationHandler (RetryInvocationHandler.java:log(411)) - com.google.protobuf.ServiceException: org.apache.hadoop.ipc.RemoteException(org.apache.hadoop.ozone.om.exceptions.OMNotLeaderException): OM:omNode-2 is not the leader. Suggested leader is OM:omNode-3.
	at org.apache.hadoop.ozone.protocolPB.OzoneManagerProtocolServerSideTranslatorPB.createNotLeaderException(OzoneManagerProtocolServerSideTranslatorPB.java:185)
	at org.apache.hadoop.ozone.protocolPB.OzoneManagerProtocolServerSideTranslatorPB.processRequest(OzoneManagerProtocolServerSideTranslatorPB.java:127)
	at org.apache.hadoop.hdds.server.OzoneProtocolMessageDispatcher.processRequest(OzoneProtocolMessageDispatcher.java:75)
	at org.apache.hadoop.ozone.protocolPB.OzoneManagerProtocolServerSideTranslatorPB.submitRequest(OzoneManagerProtocolServerSideTranslatorPB.java:99)
	at org.apache.hadoop.ozone.protocol.proto.OzoneManagerProtocolProtos$OzoneManagerService$2.callBlockingMethod(OzoneManagerProtocolProtos.java)
	at org.apache.hadoop.ipc.ProtobufRpcEngine$Server$ProtoBufRpcInvoker.call(ProtobufRpcEngine.java:524)
	at org.apache.hadoop.ipc.RPC$Server.call(RPC.java:1025)
	at org.apache.hadoop.ipc.Server$RpcCall.run(Server.java:876)
	at org.apache.hadoop.ipc.Server$RpcCall.run(Server.java:822)
	at java.security.AccessController.doPrivileged(Native Method)
	at javax.security.auth.Subject.doAs(Subject.java:422)
	at org.apache.hadoop.security.UserGroupInformation.doAs(UserGroupInformation.java:1730)
	at org.apache.hadoop.ipc.Server$Handler.run(Server.java:2682)
, while invoking $Proxy41.submitRequest over nodeId=omNode-2,nodeAddress=127.0.0.1:11634 after 1 failover attempts. Trying to failover immediately.
2020-04-15 04:10:27,478 [OM StateMachine ApplyTransaction Thread - 0] INFO  volume.OMVolumeCreateRequest (OMVolumeCreateRequest.java:validateAndUpdateCache(209)) - created volume:2f381daa-1687-4fa3-bfd9-ea6b6f1c6848 for user:jenkins1001
2020-04-15 04:10:27,510 [OM StateMachine ApplyTransaction Thread - 0] INFO  volume.OMVolumeCreateRequest (OMVolumeCreateRequest.java:validateAndUpdateCache(209)) - created volume:2f381daa-1687-4fa3-bfd9-ea6b6f1c6848 for user:jenkins1001
2020-04-15 04:10:27,510 [OM StateMachine ApplyTransaction Thread - 0] INFO  volume.OMVolumeCreateRequest (OMVolumeCreateRequest.java:validateAndUpdateCache(209)) - created volume:2f381daa-1687-4fa3-bfd9-ea6b6f1c6848 for user:jenkins1001
2020-04-15 04:10:28,275 [main] INFO  rpc.RpcClient (RpcClient.java:createBucket(432)) - Creating Bucket: 2f381daa-1687-4fa3-bfd9-ea6b6f1c6848/73b0b089-30dd-4176-b54b-ab372530756b, with Versioning false and Storage Type set to DISK and Encryption set to false 
2020-04-15 04:10:28,555 [main] INFO  ozone.MiniOzoneHAClusterImpl (MiniOzoneHAClusterImpl.java:stop(238)) - Stopping the OzoneManager omNode-3
2020-04-15 04:10:28,599 [main] INFO  ipc.Server (Server.java:stop(3082)) - Stopping server on 11640
2020-04-15 04:10:28,679 [IPC Server listener on 11640] INFO  ipc.Server (Server.java:run(1185)) - Stopping IPC Server listener on 11640
2020-04-15 04:10:28,736 [main] INFO  impl.RaftServerProxy (RaftServerProxy.java:lambda$close$4(314)) - omNode-3: close
2020-04-15 04:10:28,679 [IPC Server Responder] INFO  ipc.Server (Server.java:run(1319)) - Stopping IPC Server Responder
2020-04-15 04:10:28,919 [main] INFO  impl.RaftServerImpl (RaftServerImpl.java:lambda$shutdown$3(249)) - omNode-3@group-6C22E66A003A: shutdown
2020-04-15 04:10:28,965 [main] INFO  util.JmxRegister (JmxRegister.java:unregister(73)) - Successfully un-registered JMX Bean with object name Ratis:service=RaftServer,group=group-6C22E66A003A,id=omNode-3
2020-04-15 04:10:28,965 [main] INFO  impl.RoleInfo (RoleInfo.java:shutdownLeaderState(104)) - omNode-3: shutdown LeaderState
2020-04-15 04:10:29,009 [main] INFO  impl.PendingRequests (PendingRequests.java:sendNotLeaderResponses(240)) - omNode-3@group-6C22E66A003A-PendingRequests: sendNotLeaderResponses
2020-04-15 04:10:29,009 [org.apache.ratis.server.impl.LogAppender$AppenderDaemon$$Lambda$301/1038880212@11ae8fcc] WARN  server.GrpcLogAppender (GrpcLogAppender.java:mayWait(153)) - omNode-3@group-6C22E66A003A->omNode-2-GrpcLogAppender: Wait interrupted by java.lang.InterruptedException
2020-04-15 04:10:29,031 [org.apache.ratis.server.impl.LogAppender$AppenderDaemon$$Lambda$301/1038880212@2df9d1c0] WARN  server.GrpcLogAppender (GrpcLogAppender.java:mayWait(153)) - omNode-3@group-6C22E66A003A->omNode-1-GrpcLogAppender: Wait interrupted by java.lang.InterruptedException
2020-04-15 04:10:29,032 [grpc-default-executor-1] INFO  server.GrpcServerProtocolService (GrpcServerProtocolService.java:onCompleted(137)) - omNode-1: Completed APPEND_ENTRIES, lastRequest: omNode-3->omNode-1#10-t81, previous=(t:81, i:7), leaderCommit=7, initializing? false, entries: size=1, first=(t:81, i:8), METADATAENTRY(c:7)
2020-04-15 04:10:29,032 [grpc-default-executor-8] INFO  server.GrpcServerProtocolService (GrpcServerProtocolService.java:onCompleted(137)) - omNode-2: Completed APPEND_ENTRIES, lastRequest: omNode-3->omNode-2#10-t81, previous=(t:81, i:7), leaderCommit=7, initializing? false, entries: size=1, first=(t:81, i:8), METADATAENTRY(c:7)
2020-04-15 04:10:29,032 [grpc-default-executor-12] INFO  server.GrpcLogAppender (GrpcLogAppender.java:onCompleted(308)) - omNode-3@group-6C22E66A003A->omNode-1-AppendLogResponseHandler: follower responses appendEntries COMPLETED
2020-04-15 04:10:29,054 [grpc-default-executor-1] INFO  server.GrpcLogAppender (GrpcLogAppender.java:onCompleted(308)) - omNode-3@group-6C22E66A003A->omNode-2-AppendLogResponseHandler: follower responses appendEntries COMPLETED
2020-04-15 04:10:29,054 [main] INFO  metrics.RatisMetrics (RatisMetrics.java:unregister(46)) - Unregistering Metrics Registry : ratis.log_appender.omNode-3@group-6C22E66A003A
2020-04-15 04:10:29,055 [main] INFO  impl.StateMachineUpdater (StateMachineUpdater.java:stopAndJoin(139)) - omNode-3@group-6C22E66A003A-StateMachineUpdater: set stopIndex = 8
2020-04-15 04:10:29,055 [omNode-3@group-6C22E66A003A-StateMachineUpdater] INFO  ratis.OzoneManagerStateMachine (OzoneManagerStateMachine.java:takeSnapshot(339)) - Saving Ratis snapshot on the OM.
2020-04-15 04:10:29,068 [grpc-default-executor-1] INFO  impl.FollowerInfo (FollowerInfo.java:lambda$new$0(50)) - omNode-3@group-6C22E66A003A->omNode-2: nextIndex: updateUnconditionally 9 -> 8
2020-04-15 04:10:29,069 [grpc-default-executor-12] INFO  impl.FollowerInfo (FollowerInfo.java:lambda$new$0(50)) - omNode-3@group-6C22E66A003A->omNode-1: nextIndex: updateUnconditionally 9 -> 8
2020-04-15 04:10:29,217 [omNode-3@group-6C22E66A003A-StateMachineUpdater] INFO  ratis.OMRatisSnapshotInfo (OMRatisSnapshotInfo.java:saveRatisSnapshotToDisk(105)) - Saved Ratis Snapshot on the OM with snapshotIndex (t:81, i:8)
2020-04-15 04:10:29,229 [omNode-3@group-6C22E66A003A-StateMachineUpdater] INFO  impl.StateMachineUpdater (StateMachineUpdater.java:takeSnapshot(274)) - omNode-3@group-6C22E66A003A-StateMachineUpdater: Took a snapshot at index 8
2020-04-15 04:10:29,241 [omNode-3@group-6C22E66A003A-StateMachineUpdater] INFO  impl.StateMachineUpdater (StateMachineUpdater.java:lambda$new$0(86)) - omNode-3@group-6C22E66A003A-StateMachineUpdater: snapshotIndex: updateIncreasingly -1 -> 8
2020-04-15 04:10:29,266 [omNode-3@group-6C22E66A003A-StateMachineUpdater] INFO  metrics.RatisMetrics (RatisMetrics.java:unregister(46)) - Unregistering Metrics Registry : ratis.state_machine.omNode-3@group-6C22E66A003A
2020-04-15 04:10:29,266 [main] INFO  impl.RaftServerImpl (ServerState.java:close(387)) - omNode-3@group-6C22E66A003A: closes. applyIndex: 8
2020-04-15 04:10:29,267 [omNode-3@group-6C22E66A003A-SegmentedRaftLogWorker] INFO  segmented.SegmentedRaftLogWorker (SegmentedRaftLogWorker.java:run(321)) - omNode-3@group-6C22E66A003A-SegmentedRaftLogWorker was interrupted, exiting. There are 0 tasks remaining in the queue.
2020-04-15 04:10:29,268 [main] INFO  segmented.SegmentedRaftLogWorker (SegmentedRaftLogWorker.java:close(229)) - omNode-3@group-6C22E66A003A-SegmentedRaftLogWorker close()
2020-04-15 04:10:29,269 [main] INFO  metrics.RatisMetrics (RatisMetrics.java:unregister(46)) - Unregistering Metrics Registry : ratis.log_worker.omNode-3
2020-04-15 04:10:29,269 [main] INFO  metrics.RatisMetrics (RatisMetrics.java:unregister(46)) - Unregistering Metrics Registry : ratis.leader_election.omNode-3@group-6C22E66A003A
2020-04-15 04:10:29,269 [main] INFO  metrics.RatisMetrics (RatisMetrics.java:unregister(46)) - Unregistering Metrics Registry : ratis.server.omNode-3@group-6C22E66A003A
2020-04-15 04:10:29,270 [main] INFO  server.GrpcService (GrpcService.java:closeImpl(164)) - omNode-3: shutdown server with port 11644 now
2020-04-15 04:10:29,416 [main] INFO  server.GrpcService (GrpcService.java:closeImpl(172)) - omNode-3: shutdown server with port 11644 successfully
2020-04-15 04:10:29,550 [main] INFO  ratis.OzoneManagerDoubleBuffer (OzoneManagerDoubleBuffer.java:stop(272)) - Stopping OMDoubleBuffer flush thread
2020-04-15 04:10:29,867 [OMDoubleBufferFlushThread] INFO  ratis.OzoneManagerDoubleBuffer (OzoneManagerDoubleBuffer.java:flushTransactions(206)) - OMDoubleBuffer flush thread OMDoubleBufferFlushThread is interrupted and will exit. OMDoubleBufferFlushThread
2020-04-15 04:10:30,097 [main] INFO  utils.BackgroundService (BackgroundService.java:shutdown(157)) - Shutting down service KeyDeletingService
2020-04-15 04:10:30,157 [main] INFO  handler.ContextHandler (ContextHandler.java:doStop(1016)) - Stopped o.e.j.w.WebAppContext@58eed8cc{ozoneManager,/,null,UNAVAILABLE}{file:/github/workspace/hadoop-ozone/integration-test/target/test-classes/webapps/ozoneManager}
2020-04-15 04:10:30,162 [main] INFO  server.AbstractConnector (AbstractConnector.java:doStop(380)) - Stopped ServerConnector@6fc3a2a4{HTTP/1.1,[http/1.1]}{0.0.0.0:11642}
2020-04-15 04:10:30,163 [main] INFO  server.session (HouseKeeper.java:stopScavenging(158)) - node0 Stopped scavenging
2020-04-15 04:10:30,163 [main] INFO  handler.ContextHandler (ContextHandler.java:doStop(1016)) - Stopped o.e.j.s.ServletContextHandler@1ca04c51{static,/static,file:///github/workspace/hadoop-ozone/integration-test/target/test-classes/webapps/static,UNAVAILABLE}
2020-04-15 04:10:30,164 [main] INFO  handler.ContextHandler (ContextHandler.java:doStop(1016)) - Stopped o.e.j.s.ServletContextHandler@62962670{logs,/logs,file:///github/workspace/hadoop-ozone/integration-test/target/log,UNAVAILABLE}
2020-04-15 04:10:30,180 [main] INFO  ozone.MiniOzoneHAClusterImpl (MiniOzoneHAClusterImpl.java:stop(238)) - Stopping the OzoneManager omNode-1
2020-04-15 04:10:30,181 [main] INFO  ipc.Server (Server.java:stop(3082)) - Stopping server on 11628
2020-04-15 04:10:30,183 [IPC Server listener on 11628] INFO  ipc.Server (Server.java:run(1185)) - Stopping IPC Server listener on 11628
2020-04-15 04:10:30,214 [IPC Server Responder] INFO  ipc.Server (Server.java:run(1319)) - Stopping IPC Server Responder
2020-04-15 04:10:30,225 [main] INFO  impl.RaftServerProxy (RaftServerProxy.java:lambda$close$4(314)) - omNode-1: close
2020-04-15 04:10:30,233 [main] INFO  impl.RaftServerImpl (RaftServerImpl.java:lambda$shutdown$3(249)) - omNode-1@group-6C22E66A003A: shutdown
2020-04-15 04:10:30,233 [main] INFO  util.JmxRegister (JmxRegister.java:unregister(73)) - Successfully un-registered JMX Bean with object name Ratis:service=RaftServer,group=group-6C22E66A003A,id=omNode-1
2020-04-15 04:10:30,233 [main] INFO  impl.RoleInfo (RoleInfo.java:shutdownFollowerState(121)) - omNode-1: shutdown FollowerState
2020-04-15 04:10:30,244 [Thread-935] INFO  impl.FollowerState (FollowerState.java:run(117)) - omNode-1@group-6C22E66A003A-FollowerState was interrupted: java.lang.InterruptedException: sleep interrupted
2020-04-15 04:10:30,273 [main] INFO  impl.StateMachineUpdater (StateMachineUpdater.java:stopAndJoin(139)) - omNode-1@group-6C22E66A003A-StateMachineUpdater: set stopIndex = 7
2020-04-15 04:10:30,256 [omNode-1@group-6C22E66A003A-StateMachineUpdater] INFO  ratis.OzoneManagerStateMachine (OzoneManagerStateMachine.java:takeSnapshot(339)) - Saving Ratis snapshot on the OM.
2020-04-15 04:10:30,388 [Thread-933] INFO  impl.FollowerState (FollowerState.java:run(108)) - omNode-2@group-6C22E66A003A-FollowerState: change to CANDIDATE, lastRpcTime:1334ms, electionTimeout:1108ms
2020-04-15 04:10:30,388 [Thread-933] INFO  impl.RoleInfo (RoleInfo.java:shutdownFollowerState(121)) - omNode-2: shutdown FollowerState
2020-04-15 04:10:30,493 [Thread-933] INFO  impl.RaftServerImpl (RaftServerImpl.java:setRole(172)) - omNode-2@group-6C22E66A003A: changes role from  FOLLOWER to CANDIDATE at term 81 for changeToCandidate
2020-04-15 04:10:30,493 [Thread-933] INFO  impl.RoleInfo (RoleInfo.java:updateAndGet(143)) - omNode-2: start LeaderElection
2020-04-15 04:10:30,537 [omNode-2@group-6C22E66A003A-LeaderElection57] INFO  impl.RaftServerImpl (ServerState.java:setLeader(255)) - omNode-2@group-6C22E66A003A: change Leader from omNode-3 to null at term 81 for initElection
2020-04-15 04:10:30,585 [omNode-1@group-6C22E66A003A-StateMachineUpdater] INFO  ratis.OMRatisSnapshotInfo (OMRatisSnapshotInfo.java:saveRatisSnapshotToDisk(105)) - Saved Ratis Snapshot on the OM with snapshotIndex (t:81, i:7)
2020-04-15 04:10:30,603 [omNode-1@group-6C22E66A003A-StateMachineUpdater] INFO  impl.StateMachineUpdater (StateMachineUpdater.java:takeSnapshot(274)) - omNode-1@group-6C22E66A003A-StateMachineUpdater: Took a snapshot at index 7
2020-04-15 04:10:30,603 [omNode-1@group-6C22E66A003A-StateMachineUpdater] INFO  impl.StateMachineUpdater (StateMachineUpdater.java:lambda$new$0(86)) - omNode-1@group-6C22E66A003A-StateMachineUpdater: snapshotIndex: updateIncreasingly -1 -> 7
2020-04-15 04:10:30,603 [omNode-1@group-6C22E66A003A-StateMachineUpdater] INFO  metrics.RatisMetrics (RatisMetrics.java:unregister(46)) - Unregistering Metrics Registry : ratis.state_machine.omNode-1@group-6C22E66A003A
2020-04-15 04:10:30,603 [main] INFO  impl.RaftServerImpl (ServerState.java:close(387)) - omNode-1@group-6C22E66A003A: closes. applyIndex: 7
2020-04-15 04:10:30,625 [omNode-1@group-6C22E66A003A-SegmentedRaftLogWorker] INFO  segmented.SegmentedRaftLogWorker (SegmentedRaftLogWorker.java:run(321)) - omNode-1@group-6C22E66A003A-SegmentedRaftLogWorker was interrupted, exiting. There are 0 tasks remaining in the queue.
2020-04-15 04:10:30,652 [omNode-2@group-6C22E66A003A-LeaderElection57] INFO  impl.LeaderElection (LeaderElection.java:askForVotes(206)) - omNode-2@group-6C22E66A003A-LeaderElection57: begin an election at term 82 for 3: [omNode-3:localhost:11644, omNode-1:localhost:11632, omNode-2:localhost:11638], old=null
2020-04-15 04:10:30,797 [main] INFO  segmented.SegmentedRaftLogWorker (SegmentedRaftLogWorker.java:close(229)) - omNode-1@group-6C22E66A003A-SegmentedRaftLogWorker close()
2020-04-15 04:10:31,219 [omNode-2@group-6C22E66A003A-LeaderElection57] INFO  impl.LeaderElection (LogUtils.java:infoOrTrace(137)) - omNode-2@group-6C22E66A003A-LeaderElection57 got exception when requesting votes: java.util.concurrent.ExecutionException: org.apache.ratis.thirdparty.io.grpc.StatusRuntimeException: UNAVAILABLE: io exception
2020-04-15 04:10:30,980 [grpc-default-executor-12] WARN  server.GrpcServerProtocolService (LogUtils.java:warn(122)) - omNode-1: Failed requestVote omNode-2->omNode-1#0: org.apache.ratis.protocol.ServerNotReadyException: omNode-1@group-6C22E66A003A is not in [RUNNING]: current state is CLOSING
2020-04-15 04:10:31,616 [main] INFO  metrics.RatisMetrics (RatisMetrics.java:unregister(46)) - Unregistering Metrics Registry : ratis.log_worker.omNode-1
2020-04-15 04:10:31,616 [main] INFO  metrics.RatisMetrics (RatisMetrics.java:unregister(46)) - Unregistering Metrics Registry : ratis.leader_election.omNode-1@group-6C22E66A003A
2020-04-15 04:10:31,616 [main] INFO  metrics.RatisMetrics (RatisMetrics.java:unregister(46)) - Unregistering Metrics Registry : ratis.server.omNode-1@group-6C22E66A003A
2020-04-15 04:10:31,616 [main] INFO  server.GrpcService (GrpcService.java:closeImpl(164)) - omNode-1: shutdown server with port 11632 now
2020-04-15 04:10:31,765 [omNode-2@group-6C22E66A003A-LeaderElection57] INFO  impl.LeaderElection (LeaderElection.java:logAndReturn(61)) - omNode-2@group-6C22E66A003A-LeaderElection57: Election TIMEOUT; received 0 response(s) [] and 1 exception(s); omNode-2@group-6C22E66A003A:t82, leader=null, voted=omNode-2, raftlog=omNode-2@group-6C22E66A003A-SegmentedRaftLog:OPENED:c8,f8,i8, conf=3: [omNode-3:localhost:11644, omNode-1:localhost:11632, omNode-2:localhost:11638], old=null
2020-04-15 04:10:31,789 [omNode-2@group-6C22E66A003A-LeaderElection57] INFO  impl.LeaderElection (LogUtils.java:infoOrTrace(137)) -   Exception 0: java.util.concurrent.ExecutionException: org.apache.ratis.thirdparty.io.grpc.StatusRuntimeException: UNAVAILABLE: io exception
2020-04-15 04:10:31,900 [main] INFO  server.GrpcService (GrpcService.java:closeImpl(172)) - omNode-1: shutdown server with port 11632 successfully
2020-04-15 04:10:32,013 [main] INFO  ratis.OzoneManagerDoubleBuffer (OzoneManagerDoubleBuffer.java:stop(272)) - Stopping OMDoubleBuffer flush thread
2020-04-15 04:10:32,047 [OMDoubleBufferFlushThread] INFO  ratis.OzoneManagerDoubleBuffer (OzoneManagerDoubleBuffer.java:flushTransactions(206)) - OMDoubleBuffer flush thread OMDoubleBufferFlushThread is interrupted and will exit. OMDoubleBufferFlushThread
2020-04-15 04:10:32,093 [main] INFO  utils.BackgroundService (BackgroundService.java:shutdown(157)) - Shutting down service KeyDeletingService
2020-04-15 04:10:32,105 [omNode-2@group-6C22E66A003A-LeaderElection57] INFO  impl.LeaderElection (LeaderElection.java:askForVotes(206)) - omNode-2@group-6C22E66A003A-LeaderElection57: begin an election at term 83 for 3: [omNode-3:localhost:11644, omNode-1:localhost:11632, omNode-2:localhost:11638], old=null
2020-04-15 04:10:32,121 [main] INFO  handler.ContextHandler (ContextHandler.java:doStop(1016)) - Stopped o.e.j.w.WebAppContext@484adeaa{ozoneManager,/,null,UNAVAILABLE}{file:/github/workspace/hadoop-ozone/integration-test/target/test-classes/webapps/ozoneManager}
2020-04-15 04:10:32,155 [omNode-2@group-6C22E66A003A-LeaderElection57] INFO  impl.LeaderElection (LogUtils.java:infoOrTrace(137)) - omNode-2@group-6C22E66A003A-LeaderElection57 got exception when requesting votes: java.util.concurrent.ExecutionException: org.apache.ratis.thirdparty.io.grpc.StatusRuntimeException: UNAVAILABLE: io exception
2020-04-15 04:10:32,156 [main] INFO  server.AbstractConnector (AbstractConnector.java:doStop(380)) - Stopped ServerConnector@6f896bd4{HTTP/1.1,[http/1.1]}{0.0.0.0:11630}
2020-04-15 04:10:32,156 [main] INFO  server.session (HouseKeeper.java:stopScavenging(158)) - node0 Stopped scavenging
2020-04-15 04:10:32,190 [main] INFO  handler.ContextHandler (ContextHandler.java:doStop(1016)) - Stopped o.e.j.s.ServletContextHandler@677464bb{static,/static,file:///github/workspace/hadoop-ozone/integration-test/target/test-classes/webapps/static,UNAVAILABLE}
2020-04-15 04:10:32,190 [main] INFO  handler.ContextHandler (ContextHandler.java:doStop(1016)) - Stopped o.e.j.s.ServletContextHandler@50d3925c{logs,/logs,file:///github/workspace/hadoop-ozone/integration-test/target/log,UNAVAILABLE}
2020-04-15 04:10:32,193 [main] INFO  ozone.MiniOzoneHAClusterImpl (MiniOzoneHAClusterImpl.java:stop(238)) - Stopping the OzoneManager omNode-2
2020-04-15 04:10:32,226 [main] INFO  ipc.Server (Server.java:stop(3082)) - Stopping server on 11634
2020-04-15 04:10:32,255 [IPC Server Responder] INFO  ipc.Server (Server.java:run(1319)) - Stopping IPC Server Responder
2020-04-15 04:10:32,267 [omNode-2@group-6C22E66A003A-LeaderElection57] INFO  impl.LeaderElection (LogUtils.java:infoOrTrace(137)) - omNode-2@group-6C22E66A003A-LeaderElection57 got exception when requesting votes: java.util.concurrent.ExecutionException: org.apache.ratis.thirdparty.io.grpc.StatusRuntimeException: UNAVAILABLE: io exception
2020-04-15 04:10:32,266 [main] INFO  impl.RaftServerProxy (RaftServerProxy.java:lambda$close$4(314)) - omNode-2: close
2020-04-15 04:10:32,266 [IPC Server listener on 11634] INFO  ipc.Server (Server.java:run(1185)) - Stopping IPC Server listener on 11634
2020-04-15 04:10:32,290 [main] INFO  impl.RaftServerImpl (RaftServerImpl.java:lambda$shutdown$3(249)) - omNode-2@group-6C22E66A003A: shutdown
2020-04-15 04:10:32,291 [main] INFO  util.JmxRegister (JmxRegister.java:unregister(73)) - Successfully un-registered JMX Bean with object name Ratis:service=RaftServer,group=group-6C22E66A003A,id=omNode-2
2020-04-15 04:10:32,302 [main] INFO  impl.RoleInfo (RoleInfo.java:shutdownLeaderElection(134)) - omNode-2: shutdown LeaderElection
2020-04-15 04:10:32,303 [main] INFO  impl.StateMachineUpdater (StateMachineUpdater.java:stopAndJoin(139)) - omNode-2@group-6C22E66A003A-StateMachineUpdater: set stopIndex = 8
2020-04-15 04:10:32,290 [omNode-2@group-6C22E66A003A-LeaderElection57] INFO  impl.LeaderElection (LeaderElection.java:logAndReturn(61)) - omNode-2@group-6C22E66A003A-LeaderElection57: Election REJECTED; received 0 response(s) [] and 2 exception(s); omNode-2@group-6C22E66A003A:t83, leader=null, voted=omNode-2, raftlog=omNode-2@group-6C22E66A003A-SegmentedRaftLog:OPENED:c8,f8,i8, conf=3: [omNode-3:localhost:11644, omNode-1:localhost:11632, omNode-2:localhost:11638], old=null
2020-04-15 04:10:32,303 [omNode-2@group-6C22E66A003A-LeaderElection57] INFO  impl.LeaderElection (LogUtils.java:infoOrTrace(137)) -   Exception 0: java.util.concurrent.ExecutionException: org.apache.ratis.thirdparty.io.grpc.StatusRuntimeException: UNAVAILABLE: io exception
2020-04-15 04:10:32,303 [omNode-2@group-6C22E66A003A-LeaderElection57] INFO  impl.LeaderElection (LogUtils.java:infoOrTrace(137)) -   Exception 1: java.util.concurrent.ExecutionException: org.apache.ratis.thirdparty.io.grpc.StatusRuntimeException: UNAVAILABLE: io exception
2020-04-15 04:10:32,336 [omNode-2@group-6C22E66A003A-StateMachineUpdater] INFO  ratis.OzoneManagerStateMachine (OzoneManagerStateMachine.java:takeSnapshot(339)) - Saving Ratis snapshot on the OM.
2020-04-15 04:10:32,501 [omNode-2@group-6C22E66A003A-StateMachineUpdater] INFO  ratis.OMRatisSnapshotInfo (OMRatisSnapshotInfo.java:saveRatisSnapshotToDisk(105)) - Saved Ratis Snapshot on the OM with snapshotIndex (t:81, i:8)
2020-04-15 04:10:32,501 [omNode-2@group-6C22E66A003A-StateMachineUpdater] INFO  impl.StateMachineUpdater (StateMachineUpdater.java:takeSnapshot(274)) - omNode-2@group-6C22E66A003A-StateMachineUpdater: Took a snapshot at index 8
2020-04-15 04:10:32,501 [omNode-2@group-6C22E66A003A-StateMachineUpdater] INFO  impl.StateMachineUpdater (StateMachineUpdater.java:lambda$new$0(86)) - omNode-2@group-6C22E66A003A-StateMachineUpdater: snapshotIndex: updateIncreasingly -1 -> 8
2020-04-15 04:10:32,502 [omNode-2@group-6C22E66A003A-StateMachineUpdater] INFO  metrics.RatisMetrics (RatisMetrics.java:unregister(46)) - Unregistering Metrics Registry : ratis.state_machine.omNode-2@group-6C22E66A003A
2020-04-15 04:10:32,503 [main] INFO  impl.RaftServerImpl (ServerState.java:close(387)) - omNode-2@group-6C22E66A003A: closes. applyIndex: 8
2020-04-15 04:10:32,527 [omNode-2@group-6C22E66A003A-SegmentedRaftLogWorker] INFO  segmented.SegmentedRaftLogWorker (SegmentedRaftLogWorker.java:run(321)) - omNode-2@group-6C22E66A003A-SegmentedRaftLogWorker was interrupted, exiting. There are 0 tasks remaining in the queue.
2020-04-15 04:10:32,528 [main] INFO  segmented.SegmentedRaftLogWorker (SegmentedRaftLogWorker.java:close(229)) - omNode-2@group-6C22E66A003A-SegmentedRaftLogWorker close()
2020-04-15 04:10:32,551 [main] INFO  metrics.RatisMetrics (RatisMetrics.java:unregister(46)) - Unregistering Metrics Registry : ratis.log_worker.omNode-2
2020-04-15 04:10:32,551 [main] INFO  metrics.RatisMetrics (RatisMetrics.java:unregister(46)) - Unregistering Metrics Registry : ratis.leader_election.omNode-2@group-6C22E66A003A
2020-04-15 04:10:32,551 [main] INFO  metrics.RatisMetrics (RatisMetrics.java:unregister(46)) - Unregistering Metrics Registry : ratis.server.omNode-2@group-6C22E66A003A
2020-04-15 04:10:32,551 [main] INFO  server.GrpcService (GrpcService.java:closeImpl(164)) - omNode-2: shutdown server with port 11638 now
2020-04-15 04:10:32,575 [main] INFO  server.GrpcService (GrpcService.java:closeImpl(172)) - omNode-2: shutdown server with port 11638 successfully
2020-04-15 04:10:32,575 [main] INFO  ratis.OzoneManagerDoubleBuffer (OzoneManagerDoubleBuffer.java:stop(272)) - Stopping OMDoubleBuffer flush thread
2020-04-15 04:10:32,576 [OMDoubleBufferFlushThread] INFO  ratis.OzoneManagerDoubleBuffer (OzoneManagerDoubleBuffer.java:flushTransactions(206)) - OMDoubleBuffer flush thread OMDoubleBufferFlushThread is interrupted and will exit. OMDoubleBufferFlushThread
2020-04-15 04:10:32,576 [main] INFO  utils.BackgroundService (BackgroundService.java:shutdown(157)) - Shutting down service KeyDeletingService
2020-04-15 04:10:32,577 [main] INFO  handler.ContextHandler (ContextHandler.java:doStop(1016)) - Stopped o.e.j.w.WebAppContext@7cb486a2{ozoneManager,/,null,UNAVAILABLE}{file:/github/workspace/hadoop-ozone/integration-test/target/test-classes/webapps/ozoneManager}
2020-04-15 04:10:32,578 [main] INFO  server.AbstractConnector (AbstractConnector.java:doStop(380)) - Stopped ServerConnector@25a55890{HTTP/1.1,[http/1.1]}{0.0.0.0:11636}
2020-04-15 04:10:32,578 [main] INFO  server.session (HouseKeeper.java:stopScavenging(158)) - node0 Stopped scavenging
2020-04-15 04:10:32,578 [main] INFO  handler.ContextHandler (ContextHandler.java:doStop(1016)) - Stopped o.e.j.s.ServletContextHandler@307254f5{static,/static,file:///github/workspace/hadoop-ozone/integration-test/target/test-classes/webapps/static,UNAVAILABLE}
2020-04-15 04:10:32,578 [main] INFO  handler.ContextHandler (ContextHandler.java:doStop(1016)) - Stopped o.e.j.s.ServletContextHandler@d90b9cb{logs,/logs,file:///github/workspace/hadoop-ozone/integration-test/target/log,UNAVAILABLE}
2020-04-15 04:10:32,868 [main] INFO  ozone.MiniOzoneClusterImpl (MiniOzoneClusterImpl.java:stop(402)) - Stopping the Mini Ozone Cluster
2020-04-15 04:10:32,927 [main] INFO  ozone.MiniOzoneClusterImpl (MiniOzoneClusterImpl.java:stopDatanodes(461)) - Stopping the HddsDatanodes
2020-04-15 04:10:33,758 [Datanode State Machine Thread - 0] INFO  statemachine.DatanodeStateMachine (DatanodeStateMachine.java:lambda$startDaemon$0(387)) - Ozone container server started.
2020-04-15 04:10:33,803 [Datanode State Machine Thread - 0] INFO  statemachine.DatanodeStateMachine (DatanodeStateMachine.java:lambda$startDaemon$0(387)) - Ozone container server started.
2020-04-15 04:10:37,253 [SCM Heartbeat Processing Thread - 0] ERROR node.NodeStateManager (NodeStateManager.java:checkNodesHealth(636)) - Total time spend processing datanode HB's is greater than configured values for datanode heartbeats. Please adjust the heartbeat configs. Time Spend on HB processing: 0 seconds Datanode heartbeat Interval: 100 seconds.
2020-04-15 04:10:37,286 [Thread-821] WARN  util.JavaUtils (JavaUtils.java:sleep(246)) - Unexpected long sleep: sleep(5046ms) actually took 5410ms which is over the threshold 300ms
2020-04-15 04:10:38,016 [main] INFO  ozoneimpl.OzoneContainer (OzoneContainer.java:stop(246)) - Attempting to stop container services.
2020-04-15 04:10:38,016 [ForkJoinPool.commonPool-worker-1] INFO  ozoneimpl.OzoneContainer (OzoneContainer.java:stop(246)) - Attempting to stop container services.
2020-04-15 04:10:38,060 [main] INFO  impl.RaftServerProxy (RaftServerProxy.java:lambda$close$4(314)) - 45a63c2d-5a1c-471d-92ad-27f15c6268a3: close
2020-04-15 04:10:38,060 [ForkJoinPool.commonPool-worker-1] INFO  impl.RaftServerProxy (RaftServerProxy.java:lambda$close$4(314)) - e7d22208-90f1-4c2d-8da4-8182bc2fedbb: close
2020-04-15 04:10:38,060 [main] INFO  impl.RaftServerImpl (RaftServerImpl.java:lambda$shutdown$3(249)) - 45a63c2d-5a1c-471d-92ad-27f15c6268a3@group-3A19E40C7583: shutdown
2020-04-15 04:10:38,071 [main] INFO  util.JmxRegister (JmxRegister.java:unregister(73)) - Successfully un-registered JMX Bean with object name Ratis:service=RaftServer,group=group-3A19E40C7583,id=45a63c2d-5a1c-471d-92ad-27f15c6268a3
2020-04-15 04:10:38,071 [main] INFO  impl.RoleInfo (RoleInfo.java:shutdownFollowerState(121)) - 45a63c2d-5a1c-471d-92ad-27f15c6268a3: shutdown FollowerState
2020-04-15 04:10:38,071 [ForkJoinPool.commonPool-worker-1] INFO  impl.RaftServerImpl (RaftServerImpl.java:lambda$shutdown$3(249)) - e7d22208-90f1-4c2d-8da4-8182bc2fedbb@group-3A19E40C7583: shutdown
2020-04-15 04:10:38,072 [ForkJoinPool.commonPool-worker-1] INFO  util.JmxRegister (JmxRegister.java:unregister(73)) - Successfully un-registered JMX Bean with object name Ratis:service=RaftServer,group=group-3A19E40C7583,id=e7d22208-90f1-4c2d-8da4-8182bc2fedbb
2020-04-15 04:10:38,071 [Thread-845] INFO  impl.FollowerState (FollowerState.java:run(117)) - 45a63c2d-5a1c-471d-92ad-27f15c6268a3@group-3A19E40C7583-FollowerState was interrupted: java.lang.InterruptedException: sleep interrupted
2020-04-15 04:10:38,083 [main] INFO  impl.StateMachineUpdater (StateMachineUpdater.java:stopAndJoin(139)) - 45a63c2d-5a1c-471d-92ad-27f15c6268a3@group-3A19E40C7583-StateMachineUpdater: set stopIndex = 2
2020-04-15 04:10:38,083 [45a63c2d-5a1c-471d-92ad-27f15c6268a3@group-3A19E40C7583-StateMachineUpdater] INFO  ratis.ContainerStateMachine (ContainerStateMachine.java:takeSnapshot(295)) - group-3A19E40C7583: Taking a snapshot at:(t:8, i:2) file /github/workspace/hadoop-ozone/integration-test/target/test-dir/MiniOzoneClusterImpl-0135e7b1-1d2a-4fbb-b7c0-5297c589a039/datanode-1/data/ratis/a9f0531e-c35a-494a-b307-3a19e40c7583/sm/snapshot.8_2
2020-04-15 04:10:38,083 [ForkJoinPool.commonPool-worker-1] INFO  impl.RoleInfo (RoleInfo.java:shutdownFollowerState(121)) - e7d22208-90f1-4c2d-8da4-8182bc2fedbb: shutdown FollowerState
2020-04-15 04:10:38,095 [Thread-821] INFO  impl.FollowerState (FollowerState.java:run(117)) - e7d22208-90f1-4c2d-8da4-8182bc2fedbb@group-3A19E40C7583-FollowerState was interrupted: java.lang.InterruptedException: sleep interrupted
2020-04-15 04:10:38,096 [ForkJoinPool.commonPool-worker-1] INFO  impl.StateMachineUpdater (StateMachineUpdater.java:stopAndJoin(139)) - e7d22208-90f1-4c2d-8da4-8182bc2fedbb@group-3A19E40C7583-StateMachineUpdater: set stopIndex = 2
2020-04-15 04:10:38,096 [e7d22208-90f1-4c2d-8da4-8182bc2fedbb@group-3A19E40C7583-StateMachineUpdater] INFO  ratis.ContainerStateMachine (ContainerStateMachine.java:takeSnapshot(295)) - group-3A19E40C7583: Taking a snapshot at:(t:8, i:2) file /github/workspace/hadoop-ozone/integration-test/target/test-dir/MiniOzoneClusterImpl-0135e7b1-1d2a-4fbb-b7c0-5297c589a039/datanode-0/data/ratis/a9f0531e-c35a-494a-b307-3a19e40c7583/sm/snapshot.8_2
2020-04-15 04:10:38,622 [e7d22208-90f1-4c2d-8da4-8182bc2fedbb@group-3A19E40C7583-StateMachineUpdater] INFO  ratis.ContainerStateMachine (ContainerStateMachine.java:takeSnapshot(306)) - group-3A19E40C7583: Finished taking a snapshot at:(t:8, i:2) file:/github/workspace/hadoop-ozone/integration-test/target/test-dir/MiniOzoneClusterImpl-0135e7b1-1d2a-4fbb-b7c0-5297c589a039/datanode-0/data/ratis/a9f0531e-c35a-494a-b307-3a19e40c7583/sm/snapshot.8_2 time:526
2020-04-15 04:10:38,622 [45a63c2d-5a1c-471d-92ad-27f15c6268a3@group-3A19E40C7583-StateMachineUpdater] INFO  ratis.ContainerStateMachine (ContainerStateMachine.java:takeSnapshot(306)) - group-3A19E40C7583: Finished taking a snapshot at:(t:8, i:2) file:/github/workspace/hadoop-ozone/integration-test/target/test-dir/MiniOzoneClusterImpl-0135e7b1-1d2a-4fbb-b7c0-5297c589a039/datanode-1/data/ratis/a9f0531e-c35a-494a-b307-3a19e40c7583/sm/snapshot.8_2 time:539
2020-04-15 04:10:38,678 [45a63c2d-5a1c-471d-92ad-27f15c6268a3@group-3A19E40C7583-StateMachineUpdater] INFO  impl.StateMachineUpdater (StateMachineUpdater.java:takeSnapshot(274)) - 45a63c2d-5a1c-471d-92ad-27f15c6268a3@group-3A19E40C7583-StateMachineUpdater: Took a snapshot at index 2
2020-04-15 04:10:38,678 [45a63c2d-5a1c-471d-92ad-27f15c6268a3@group-3A19E40C7583-StateMachineUpdater] INFO  impl.StateMachineUpdater (StateMachineUpdater.java:lambda$new$0(86)) - 45a63c2d-5a1c-471d-92ad-27f15c6268a3@group-3A19E40C7583-StateMachineUpdater: snapshotIndex: updateIncreasingly -1 -> 2
2020-04-15 04:10:38,678 [e7d22208-90f1-4c2d-8da4-8182bc2fedbb@group-3A19E40C7583-StateMachineUpdater] INFO  impl.StateMachineUpdater (StateMachineUpdater.java:takeSnapshot(274)) - e7d22208-90f1-4c2d-8da4-8182bc2fedbb@group-3A19E40C7583-StateMachineUpdater: Took a snapshot at index 2
2020-04-15 04:10:38,678 [e7d22208-90f1-4c2d-8da4-8182bc2fedbb@group-3A19E40C7583-StateMachineUpdater] INFO  impl.StateMachineUpdater (StateMachineUpdater.java:lambda$new$0(86)) - e7d22208-90f1-4c2d-8da4-8182bc2fedbb@group-3A19E40C7583-StateMachineUpdater: snapshotIndex: updateIncreasingly -1 -> 2
2020-04-15 04:10:38,678 [e7d22208-90f1-4c2d-8da4-8182bc2fedbb@group-3A19E40C7583-StateMachineUpdater] INFO  metrics.RatisMetrics (RatisMetrics.java:unregister(46)) - Unregistering Metrics Registry : ratis.state_machine.e7d22208-90f1-4c2d-8da4-8182bc2fedbb@group-3A19E40C7583
2020-04-15 04:10:38,679 [ForkJoinPool.commonPool-worker-1] INFO  impl.RaftServerImpl (ServerState.java:close(387)) - e7d22208-90f1-4c2d-8da4-8182bc2fedbb@group-3A19E40C7583: closes. applyIndex: 2
2020-04-15 04:10:38,679 [e7d22208-90f1-4c2d-8da4-8182bc2fedbb@group-3A19E40C7583-SegmentedRaftLogWorker] INFO  segmented.SegmentedRaftLogWorker (SegmentedRaftLogWorker.java:run(321)) - e7d22208-90f1-4c2d-8da4-8182bc2fedbb@group-3A19E40C7583-SegmentedRaftLogWorker was interrupted, exiting. There are 0 tasks remaining in the queue.
2020-04-15 04:10:38,679 [45a63c2d-5a1c-471d-92ad-27f15c6268a3@group-3A19E40C7583-StateMachineUpdater] INFO  metrics.RatisMetrics (RatisMetrics.java:unregister(46)) - Unregistering Metrics Registry : ratis.state_machine.45a63c2d-5a1c-471d-92ad-27f15c6268a3@group-3A19E40C7583
2020-04-15 04:10:38,680 [ForkJoinPool.commonPool-worker-1] INFO  segmented.SegmentedRaftLogWorker (SegmentedRaftLogWorker.java:close(229)) - e7d22208-90f1-4c2d-8da4-8182bc2fedbb@group-3A19E40C7583-SegmentedRaftLogWorker close()
2020-04-15 04:10:38,680 [main] INFO  impl.RaftServerImpl (ServerState.java:close(387)) - 45a63c2d-5a1c-471d-92ad-27f15c6268a3@group-3A19E40C7583: closes. applyIndex: 2
2020-04-15 04:10:38,681 [45a63c2d-5a1c-471d-92ad-27f15c6268a3@group-3A19E40C7583-SegmentedRaftLogWorker] INFO  segmented.SegmentedRaftLogWorker (SegmentedRaftLogWorker.java:run(321)) - 45a63c2d-5a1c-471d-92ad-27f15c6268a3@group-3A19E40C7583-SegmentedRaftLogWorker was interrupted, exiting. There are 0 tasks remaining in the queue.
2020-04-15 04:10:38,681 [ForkJoinPool.commonPool-worker-1] INFO  metrics.RatisMetrics (RatisMetrics.java:unregister(46)) - Unregistering Metrics Registry : ratis.log_worker.e7d22208-90f1-4c2d-8da4-8182bc2fedbb
2020-04-15 04:10:38,681 [ForkJoinPool.commonPool-worker-1] INFO  metrics.RatisMetrics (RatisMetrics.java:unregister(46)) - Unregistering Metrics Registry : ratis.leader_election.e7d22208-90f1-4c2d-8da4-8182bc2fedbb@group-3A19E40C7583
2020-04-15 04:10:38,681 [ForkJoinPool.commonPool-worker-1] INFO  metrics.RatisMetrics (RatisMetrics.java:unregister(46)) - Unregistering Metrics Registry : ratis.server.e7d22208-90f1-4c2d-8da4-8182bc2fedbb@group-3A19E40C7583
2020-04-15 04:10:38,682 [ForkJoinPool.commonPool-worker-1] INFO  server.GrpcService (GrpcService.java:closeImpl(164)) - e7d22208-90f1-4c2d-8da4-8182bc2fedbb: shutdown server with port 37613 now
2020-04-15 04:10:38,681 [main] INFO  segmented.SegmentedRaftLogWorker (SegmentedRaftLogWorker.java:close(229)) - 45a63c2d-5a1c-471d-92ad-27f15c6268a3@group-3A19E40C7583-SegmentedRaftLogWorker close()
2020-04-15 04:10:38,739 [grpc-default-executor-1] WARN  server.GrpcServerProtocolService (LogUtils.java:warn(122)) - e7d22208-90f1-4c2d-8da4-8182bc2fedbb: installSnapshot onError, lastRequest: e9b38915-e851-41b1-8884-0e332c6a8248->e7d22208-90f1-4c2d-8da4-8182bc2fedbb#5-t8, previous=(t:8, i:1), leaderCommit=1, initializing? false, entries: size=1, first=(t:8, i:2), METADATAENTRY(c:1): org.apache.ratis.thirdparty.io.grpc.StatusRuntimeException: CANCELLED: cancelled before receiving half close
2020-04-15 04:10:38,741 [main] INFO  metrics.RatisMetrics (RatisMetrics.java:unregister(46)) - Unregistering Metrics Registry : ratis.log_worker.45a63c2d-5a1c-471d-92ad-27f15c6268a3
2020-04-15 04:10:38,741 [main] INFO  metrics.RatisMetrics (RatisMetrics.java:unregister(46)) - Unregistering Metrics Registry : ratis.leader_election.45a63c2d-5a1c-471d-92ad-27f15c6268a3@group-3A19E40C7583
2020-04-15 04:10:38,741 [main] INFO  metrics.RatisMetrics (RatisMetrics.java:unregister(46)) - Unregistering Metrics Registry : ratis.server.45a63c2d-5a1c-471d-92ad-27f15c6268a3@group-3A19E40C7583
2020-04-15 04:10:38,741 [main] INFO  server.GrpcService (GrpcService.java:closeImpl(164)) - 45a63c2d-5a1c-471d-92ad-27f15c6268a3: shutdown server with port 46295 now
2020-04-15 04:10:38,742 [grpc-default-executor-2] WARN  server.GrpcServerProtocolService (LogUtils.java:warn(122)) - 45a63c2d-5a1c-471d-92ad-27f15c6268a3: installSnapshot onError, lastRequest: e9b38915-e851-41b1-8884-0e332c6a8248->45a63c2d-5a1c-471d-92ad-27f15c6268a3#2-t8, previous=(t:8, i:1), leaderCommit=1, initializing? false, entries: size=1, first=(t:8, i:2), METADATAENTRY(c:1): org.apache.ratis.thirdparty.io.grpc.StatusRuntimeException: CANCELLED: cancelled before receiving half close
2020-04-15 04:10:38,743 [grpc-default-executor-5] WARN  server.GrpcLogAppender (LogUtils.java:warn(122)) - e9b38915-e851-41b1-8884-0e332c6a8248@group-3A19E40C7583->45a63c2d-5a1c-471d-92ad-27f15c6268a3-AppendLogResponseHandler: Failed appendEntries: org.apache.ratis.thirdparty.io.grpc.StatusRuntimeException: CANCELLED: HTTP/2 error code: CANCEL
Received Rst Stream
2020-04-15 04:10:38,777 [grpc-default-executor-8] WARN  server.GrpcLogAppender (LogUtils.java:warn(122)) - e9b38915-e851-41b1-8884-0e332c6a8248@group-3A19E40C7583->e7d22208-90f1-4c2d-8da4-8182bc2fedbb-AppendLogResponseHandler: Failed appendEntries: org.apache.ratis.thirdparty.io.grpc.StatusRuntimeException: CANCELLED: HTTP/2 error code: CANCEL
Received Rst Stream
2020-04-15 04:10:38,793 [grpc-default-executor-5] INFO  impl.FollowerInfo (FollowerInfo.java:lambda$new$0(50)) - e9b38915-e851-41b1-8884-0e332c6a8248@group-3A19E40C7583->45a63c2d-5a1c-471d-92ad-27f15c6268a3: nextIndex: updateUnconditionally 3 -> 2
2020-04-15 04:10:38,794 [ForkJoinPool.commonPool-worker-1] INFO  server.GrpcService (GrpcService.java:closeImpl(172)) - e7d22208-90f1-4c2d-8da4-8182bc2fedbb: shutdown server with port 37613 successfully
2020-04-15 04:10:38,836 [grpc-default-executor-8] INFO  impl.FollowerInfo (FollowerInfo.java:lambda$new$0(50)) - e9b38915-e851-41b1-8884-0e332c6a8248@group-3A19E40C7583->e7d22208-90f1-4c2d-8da4-8182bc2fedbb: nextIndex: updateUnconditionally 3 -> 2
2020-04-15 04:10:38,849 [main] INFO  server.GrpcService (GrpcService.java:closeImpl(172)) - 45a63c2d-5a1c-471d-92ad-27f15c6268a3: shutdown server with port 46295 successfully
2020-04-15 04:10:39,130 [grpc-default-executor-8] WARN  server.GrpcLogAppender (LogUtils.java:warn(122)) - e9b38915-e851-41b1-8884-0e332c6a8248@group-3A19E40C7583->45a63c2d-5a1c-471d-92ad-27f15c6268a3-AppendLogResponseHandler: Failed appendEntries: org.apache.ratis.thirdparty.io.grpc.StatusRuntimeException: UNAVAILABLE: io exception
2020-04-15 04:10:39,132 [grpc-default-executor-8] INFO  impl.FollowerInfo (FollowerInfo.java:lambda$new$0(50)) - e9b38915-e851-41b1-8884-0e332c6a8248@group-3A19E40C7583->45a63c2d-5a1c-471d-92ad-27f15c6268a3: nextIndex: updateUnconditionally 3 -> 2
2020-04-15 04:10:39,263 [main] INFO  utils.BackgroundService (BackgroundService.java:shutdown(157)) - Shutting down service BlockDeletingService
2020-04-15 04:10:39,558 [main] INFO  statemachine.DatanodeStateMachine (DatanodeStateMachine.java:stopDaemon(435)) - Ozone container server stopped.
2020-04-15 04:10:39,693 [ForkJoinPool.commonPool-worker-1] INFO  utils.BackgroundService (BackgroundService.java:shutdown(157)) - Shutting down service BlockDeletingService
2020-04-15 04:10:39,717 [main] INFO  handler.ContextHandler (ContextHandler.java:doStop(1016)) - Stopped o.e.j.w.WebAppContext@6212f34f{hddsDatanode,/,null,UNAVAILABLE}{jar:file:/home/user/.m2/repository/org/apache/hadoop/hadoop-hdds-container-service/0.6.0-SNAPSHOT/hadoop-hdds-container-service-0.6.0-SNAPSHOT.jar!/webapps/hddsDatanode}
2020-04-15 04:10:39,718 [main] INFO  server.AbstractConnector (AbstractConnector.java:doStop(380)) - Stopped ServerConnector@c5cb3e0{HTTP/1.1,[http/1.1]}{0.0.0.0:0}
2020-04-15 04:10:39,718 [main] INFO  server.session (HouseKeeper.java:stopScavenging(158)) - node0 Stopped scavenging
2020-04-15 04:10:39,718 [main] INFO  handler.ContextHandler (ContextHandler.java:doStop(1016)) - Stopped o.e.j.s.ServletContextHandler@5f549033{static,/static,jar:file:/home/user/.m2/repository/org/apache/hadoop/hadoop-hdds-container-service/0.6.0-SNAPSHOT/hadoop-hdds-container-service-0.6.0-SNAPSHOT.jar!/webapps/static,UNAVAILABLE}
2020-04-15 04:10:39,719 [main] INFO  handler.ContextHandler (ContextHandler.java:doStop(1016)) - Stopped o.e.j.s.ServletContextHandler@58b36cce{logs,/logs,file:///github/workspace/hadoop-ozone/integration-test/target/log,UNAVAILABLE}
2020-04-15 04:10:39,771 [ForkJoinPool.commonPool-worker-1] INFO  statemachine.DatanodeStateMachine (DatanodeStateMachine.java:stopDaemon(435)) - Ozone container server stopped.
2020-04-15 04:10:39,772 [ForkJoinPool.commonPool-worker-1] INFO  handler.ContextHandler (ContextHandler.java:doStop(1016)) - Stopped o.e.j.w.WebAppContext@4555e3a{hddsDatanode,/,null,UNAVAILABLE}{jar:file:/home/user/.m2/repository/org/apache/hadoop/hadoop-hdds-container-service/0.6.0-SNAPSHOT/hadoop-hdds-container-service-0.6.0-SNAPSHOT.jar!/webapps/hddsDatanode}
2020-04-15 04:10:39,796 [ForkJoinPool.commonPool-worker-1] INFO  server.AbstractConnector (AbstractConnector.java:doStop(380)) - Stopped ServerConnector@35aadef8{HTTP/1.1,[http/1.1]}{0.0.0.0:0}
2020-04-15 04:10:39,830 [ForkJoinPool.commonPool-worker-1] INFO  server.session (HouseKeeper.java:stopScavenging(158)) - node0 Stopped scavenging
2020-04-15 04:10:39,831 [ForkJoinPool.commonPool-worker-1] INFO  handler.ContextHandler (ContextHandler.java:doStop(1016)) - Stopped o.e.j.s.ServletContextHandler@1ab7b195{static,/static,jar:file:/home/user/.m2/repository/org/apache/hadoop/hadoop-hdds-container-service/0.6.0-SNAPSHOT/hadoop-hdds-container-service-0.6.0-SNAPSHOT.jar!/webapps/static,UNAVAILABLE}
2020-04-15 04:10:39,844 [ForkJoinPool.commonPool-worker-1] INFO  handler.ContextHandler (ContextHandler.java:doStop(1016)) - Stopped o.e.j.s.ServletContextHandler@519c8a6f{logs,/logs,file:///github/workspace/hadoop-ozone/integration-test/target/log,UNAVAILABLE}
2020-04-15 04:10:40,313 [grpc-default-executor-2] WARN  server.GrpcLogAppender (LogUtils.java:warn(122)) - e9b38915-e851-41b1-8884-0e332c6a8248@group-3A19E40C7583->e7d22208-90f1-4c2d-8da4-8182bc2fedbb-AppendLogResponseHandler: Failed appendEntries: org.apache.ratis.thirdparty.io.grpc.StatusRuntimeException: UNAVAILABLE: io exception
2020-04-15 04:10:40,367 [Datanode State Machine Thread - 0] INFO  statemachine.DatanodeStateMachine (DatanodeStateMachine.java:lambda$startDaemon$0(387)) - Ozone container server started.
2020-04-15 04:10:40,438 [grpc-default-executor-2] INFO  impl.FollowerInfo (FollowerInfo.java:lambda$new$0(50)) - e9b38915-e851-41b1-8884-0e332c6a8248@group-3A19E40C7583->e7d22208-90f1-4c2d-8da4-8182bc2fedbb: nextIndex: updateUnconditionally 3 -> 2
2020-04-15 04:10:41,713 [grpc-default-executor-8] WARN  server.GrpcLogAppender (LogUtils.java:warn(122)) - e9b38915-e851-41b1-8884-0e332c6a8248@group-3A19E40C7583->45a63c2d-5a1c-471d-92ad-27f15c6268a3-AppendLogResponseHandler: Failed appendEntries: org.apache.ratis.thirdparty.io.grpc.StatusRuntimeException: UNAVAILABLE: io exception
2020-04-15 04:10:41,746 [grpc-default-executor-8] INFO  impl.FollowerInfo (FollowerInfo.java:lambda$new$0(50)) - e9b38915-e851-41b1-8884-0e332c6a8248@group-3A19E40C7583->45a63c2d-5a1c-471d-92ad-27f15c6268a3: nextIndex: updateUnconditionally 3 -> 2
2020-04-15 04:10:42,778 [grpc-default-executor-2] WARN  server.GrpcLogAppender (LogUtils.java:warn(122)) - e9b38915-e851-41b1-8884-0e332c6a8248@group-3A19E40C7583->e7d22208-90f1-4c2d-8da4-8182bc2fedbb-AppendLogResponseHandler: Failed appendEntries: org.apache.ratis.thirdparty.io.grpc.StatusRuntimeException: UNAVAILABLE: io exception
2020-04-15 04:10:42,920 [grpc-default-executor-2] INFO  impl.FollowerInfo (FollowerInfo.java:lambda$new$0(50)) - e9b38915-e851-41b1-8884-0e332c6a8248@group-3A19E40C7583->e7d22208-90f1-4c2d-8da4-8182bc2fedbb: nextIndex: updateUnconditionally 3 -> 2
2020-04-15 04:10:44,261 [grpc-default-executor-8] WARN  server.GrpcLogAppender (LogUtils.java:warn(122)) - e9b38915-e851-41b1-8884-0e332c6a8248@group-3A19E40C7583->45a63c2d-5a1c-471d-92ad-27f15c6268a3-AppendLogResponseHandler: Failed appendEntries: org.apache.ratis.thirdparty.io.grpc.StatusRuntimeException: UNAVAILABLE: io exception
2020-04-15 04:10:44,316 [grpc-default-executor-8] INFO  impl.FollowerInfo (FollowerInfo.java:lambda$new$0(50)) - e9b38915-e851-41b1-8884-0e332c6a8248@group-3A19E40C7583->45a63c2d-5a1c-471d-92ad-27f15c6268a3: nextIndex: updateUnconditionally 3 -> 2
2020-04-15 04:10:44,770 [main] INFO  ozoneimpl.OzoneContainer (OzoneContainer.java:stop(246)) - Attempting to stop container services.
2020-04-15 04:10:44,803 [main] INFO  impl.RaftServerProxy (RaftServerProxy.java:lambda$close$4(314)) - e9b38915-e851-41b1-8884-0e332c6a8248: close
2020-04-15 04:10:44,804 [main] INFO  impl.RaftServerImpl (RaftServerImpl.java:lambda$shutdown$3(249)) - e9b38915-e851-41b1-8884-0e332c6a8248@group-7A799813B13E: shutdown
2020-04-15 04:10:44,815 [main] INFO  util.JmxRegister (JmxRegister.java:unregister(73)) - Successfully un-registered JMX Bean with object name Ratis:service=RaftServer,group=group-7A799813B13E,id=e9b38915-e851-41b1-8884-0e332c6a8248
2020-04-15 04:10:44,815 [main] INFO  impl.RoleInfo (RoleInfo.java:shutdownLeaderState(104)) - e9b38915-e851-41b1-8884-0e332c6a8248: shutdown LeaderState
2020-04-15 04:10:44,815 [main] INFO  impl.PendingRequests (PendingRequests.java:sendNotLeaderResponses(240)) - e9b38915-e851-41b1-8884-0e332c6a8248@group-7A799813B13E-PendingRequests: sendNotLeaderResponses
2020-04-15 04:10:44,826 [main] INFO  metrics.RatisMetrics (RatisMetrics.java:unregister(46)) - Unregistering Metrics Registry : ratis.log_appender.e9b38915-e851-41b1-8884-0e332c6a8248@group-7A799813B13E
2020-04-15 04:10:44,827 [e9b38915-e851-41b1-8884-0e332c6a8248@group-7A799813B13E-StateMachineUpdater] INFO  ratis.ContainerStateMachine (ContainerStateMachine.java:takeSnapshot(295)) - group-7A799813B13E: Taking a snapshot at:(t:1, i:0) file /github/workspace/hadoop-ozone/integration-test/target/test-dir/MiniOzoneClusterImpl-0135e7b1-1d2a-4fbb-b7c0-5297c589a039/datanode-2/data/ratis/cea8e7e7-864a-4db1-906b-7a799813b13e/sm/snapshot.1_0
2020-04-15 04:10:44,838 [main] INFO  impl.StateMachineUpdater (StateMachineUpdater.java:stopAndJoin(139)) - e9b38915-e851-41b1-8884-0e332c6a8248@group-7A799813B13E-StateMachineUpdater: set stopIndex = 0
2020-04-15 04:10:44,840 [e9b38915-e851-41b1-8884-0e332c6a8248@group-7A799813B13E-StateMachineUpdater] INFO  ratis.ContainerStateMachine (ContainerStateMachine.java:takeSnapshot(306)) - group-7A799813B13E: Finished taking a snapshot at:(t:1, i:0) file:/github/workspace/hadoop-ozone/integration-test/target/test-dir/MiniOzoneClusterImpl-0135e7b1-1d2a-4fbb-b7c0-5297c589a039/datanode-2/data/ratis/cea8e7e7-864a-4db1-906b-7a799813b13e/sm/snapshot.1_0 time:13
2020-04-15 04:10:44,840 [e9b38915-e851-41b1-8884-0e332c6a8248@group-7A799813B13E-StateMachineUpdater] INFO  impl.StateMachineUpdater (StateMachineUpdater.java:takeSnapshot(274)) - e9b38915-e851-41b1-8884-0e332c6a8248@group-7A799813B13E-StateMachineUpdater: Took a snapshot at index 0
2020-04-15 04:10:44,840 [e9b38915-e851-41b1-8884-0e332c6a8248@group-7A799813B13E-StateMachineUpdater] INFO  impl.StateMachineUpdater (StateMachineUpdater.java:lambda$new$0(86)) - e9b38915-e851-41b1-8884-0e332c6a8248@group-7A799813B13E-StateMachineUpdater: snapshotIndex: updateIncreasingly -1 -> 0
2020-04-15 04:10:44,840 [e9b38915-e851-41b1-8884-0e332c6a8248@group-7A799813B13E-StateMachineUpdater] INFO  metrics.RatisMetrics (RatisMetrics.java:unregister(46)) - Unregistering Metrics Registry : ratis.state_machine.e9b38915-e851-41b1-8884-0e332c6a8248@group-7A799813B13E
2020-04-15 04:10:44,840 [main] INFO  impl.RaftServerImpl (ServerState.java:close(387)) - e9b38915-e851-41b1-8884-0e332c6a8248@group-7A799813B13E: closes. applyIndex: 0
2020-04-15 04:10:44,841 [e9b38915-e851-41b1-8884-0e332c6a8248@group-7A799813B13E-SegmentedRaftLogWorker] INFO  segmented.SegmentedRaftLogWorker (SegmentedRaftLogWorker.java:run(321)) - e9b38915-e851-41b1-8884-0e332c6a8248@group-7A799813B13E-SegmentedRaftLogWorker was interrupted, exiting. There are 0 tasks remaining in the queue.
2020-04-15 04:10:44,842 [main] INFO  segmented.SegmentedRaftLogWorker (SegmentedRaftLogWorker.java:close(229)) - e9b38915-e851-41b1-8884-0e332c6a8248@group-7A799813B13E-SegmentedRaftLogWorker close()
2020-04-15 04:10:44,842 [main] INFO  metrics.RatisMetrics (RatisMetrics.java:unregister(46)) - Unregistering Metrics Registry : ratis.log_worker.e9b38915-e851-41b1-8884-0e332c6a8248
2020-04-15 04:10:44,843 [main] INFO  metrics.RatisMetrics (RatisMetrics.java:unregister(46)) - Unregistering Metrics Registry : ratis.leader_election.e9b38915-e851-41b1-8884-0e332c6a8248@group-7A799813B13E
2020-04-15 04:10:44,843 [main] INFO  metrics.RatisMetrics (RatisMetrics.java:unregister(46)) - Unregistering Metrics Registry : ratis.server.e9b38915-e851-41b1-8884-0e332c6a8248@group-7A799813B13E
2020-04-15 04:10:44,843 [main] INFO  impl.RaftServerImpl (RaftServerImpl.java:lambda$shutdown$3(249)) - e9b38915-e851-41b1-8884-0e332c6a8248@group-3A19E40C7583: shutdown
2020-04-15 04:10:44,843 [main] INFO  util.JmxRegister (JmxRegister.java:unregister(73)) - Successfully un-registered JMX Bean with object name Ratis:service=RaftServer,group=group-3A19E40C7583,id=e9b38915-e851-41b1-8884-0e332c6a8248
2020-04-15 04:10:44,843 [main] INFO  impl.RoleInfo (RoleInfo.java:shutdownLeaderState(104)) - e9b38915-e851-41b1-8884-0e332c6a8248: shutdown LeaderState
2020-04-15 04:10:44,845 [main] INFO  impl.PendingRequests (PendingRequests.java:sendNotLeaderResponses(240)) - e9b38915-e851-41b1-8884-0e332c6a8248@group-3A19E40C7583-PendingRequests: sendNotLeaderResponses
2020-04-15 04:10:44,845 [org.apache.ratis.server.impl.LogAppender$AppenderDaemon$$Lambda$301/1038880212@1cecaab] WARN  server.GrpcLogAppender (GrpcLogAppender.java:mayWait(153)) - e9b38915-e851-41b1-8884-0e332c6a8248@group-3A19E40C7583->45a63c2d-5a1c-471d-92ad-27f15c6268a3-GrpcLogAppender: Wait interrupted by java.lang.InterruptedException
2020-04-15 04:10:44,845 [org.apache.ratis.server.impl.LogAppender$AppenderDaemon$$Lambda$301/1038880212@31c50548] WARN  server.GrpcLogAppender (GrpcLogAppender.java:mayWait(153)) - e9b38915-e851-41b1-8884-0e332c6a8248@group-3A19E40C7583->e7d22208-90f1-4c2d-8da4-8182bc2fedbb-GrpcLogAppender: Wait interrupted by java.lang.InterruptedException
2020-04-15 04:10:44,857 [main] INFO  metrics.RatisMetrics (RatisMetrics.java:unregister(46)) - Unregistering Metrics Registry : ratis.log_appender.e9b38915-e851-41b1-8884-0e332c6a8248@group-3A19E40C7583
2020-04-15 04:10:44,857 [main] INFO  impl.StateMachineUpdater (StateMachineUpdater.java:stopAndJoin(139)) - e9b38915-e851-41b1-8884-0e332c6a8248@group-3A19E40C7583-StateMachineUpdater: set stopIndex = 2
2020-04-15 04:10:44,857 [e9b38915-e851-41b1-8884-0e332c6a8248@group-3A19E40C7583-StateMachineUpdater] INFO  ratis.ContainerStateMachine (ContainerStateMachine.java:takeSnapshot(295)) - group-3A19E40C7583: Taking a snapshot at:(t:8, i:2) file /github/workspace/hadoop-ozone/integration-test/target/test-dir/MiniOzoneClusterImpl-0135e7b1-1d2a-4fbb-b7c0-5297c589a039/datanode-2/data/ratis/a9f0531e-c35a-494a-b307-3a19e40c7583/sm/snapshot.8_2
2020-04-15 04:10:44,869 [e9b38915-e851-41b1-8884-0e332c6a8248@group-3A19E40C7583-StateMachineUpdater] INFO  ratis.ContainerStateMachine (ContainerStateMachine.java:takeSnapshot(306)) - group-3A19E40C7583: Finished taking a snapshot at:(t:8, i:2) file:/github/workspace/hadoop-ozone/integration-test/target/test-dir/MiniOzoneClusterImpl-0135e7b1-1d2a-4fbb-b7c0-5297c589a039/datanode-2/data/ratis/a9f0531e-c35a-494a-b307-3a19e40c7583/sm/snapshot.8_2 time:11
2020-04-15 04:10:44,870 [e9b38915-e851-41b1-8884-0e332c6a8248@group-3A19E40C7583-StateMachineUpdater] INFO  impl.StateMachineUpdater (StateMachineUpdater.java:takeSnapshot(274)) - e9b38915-e851-41b1-8884-0e332c6a8248@group-3A19E40C7583-StateMachineUpdater: Took a snapshot at index 2
2020-04-15 04:10:44,870 [e9b38915-e851-41b1-8884-0e332c6a8248@group-3A19E40C7583-StateMachineUpdater] INFO  impl.StateMachineUpdater (StateMachineUpdater.java:lambda$new$0(86)) - e9b38915-e851-41b1-8884-0e332c6a8248@group-3A19E40C7583-StateMachineUpdater: snapshotIndex: updateIncreasingly -1 -> 2
2020-04-15 04:10:44,870 [e9b38915-e851-41b1-8884-0e332c6a8248@group-3A19E40C7583-StateMachineUpdater] INFO  metrics.RatisMetrics (RatisMetrics.java:unregister(46)) - Unregistering Metrics Registry : ratis.state_machine.e9b38915-e851-41b1-8884-0e332c6a8248@group-3A19E40C7583
2020-04-15 04:10:44,870 [main] INFO  impl.RaftServerImpl (ServerState.java:close(387)) - e9b38915-e851-41b1-8884-0e332c6a8248@group-3A19E40C7583: closes. applyIndex: 2
2020-04-15 04:10:44,870 [e9b38915-e851-41b1-8884-0e332c6a8248@group-3A19E40C7583-SegmentedRaftLogWorker] INFO  segmented.SegmentedRaftLogWorker (SegmentedRaftLogWorker.java:run(321)) - e9b38915-e851-41b1-8884-0e332c6a8248@group-3A19E40C7583-SegmentedRaftLogWorker was interrupted, exiting. There are 0 tasks remaining in the queue.
2020-04-15 04:10:44,871 [main] INFO  segmented.SegmentedRaftLogWorker (SegmentedRaftLogWorker.java:close(229)) - e9b38915-e851-41b1-8884-0e332c6a8248@group-3A19E40C7583-SegmentedRaftLogWorker close()
2020-04-15 04:10:44,883 [main] INFO  metrics.RatisMetrics (RatisMetrics.java:unregister(46)) - Unregistering Metrics Registry : ratis.log_worker.e9b38915-e851-41b1-8884-0e332c6a8248
2020-04-15 04:10:44,883 [main] INFO  metrics.RatisMetrics (RatisMetrics.java:unregister(46)) - Unregistering Metrics Registry : ratis.leader_election.e9b38915-e851-41b1-8884-0e332c6a8248@group-3A19E40C7583
2020-04-15 04:10:44,883 [main] INFO  metrics.RatisMetrics (RatisMetrics.java:unregister(46)) - Unregistering Metrics Registry : ratis.server.e9b38915-e851-41b1-8884-0e332c6a8248@group-3A19E40C7583
2020-04-15 04:10:44,884 [main] INFO  server.GrpcService (GrpcService.java:closeImpl(164)) - e9b38915-e851-41b1-8884-0e332c6a8248: shutdown server with port 46057 now
2020-04-15 04:10:44,885 [main] INFO  server.GrpcService (GrpcService.java:closeImpl(172)) - e9b38915-e851-41b1-8884-0e332c6a8248: shutdown server with port 46057 successfully
2020-04-15 04:10:45,034 [main] INFO  utils.BackgroundService (BackgroundService.java:shutdown(157)) - Shutting down service BlockDeletingService
2020-04-15 04:10:45,127 [main] INFO  statemachine.DatanodeStateMachine (DatanodeStateMachine.java:stopDaemon(435)) - Ozone container server stopped.
2020-04-15 04:10:45,281 [main] INFO  handler.ContextHandler (ContextHandler.java:doStop(1016)) - Stopped o.e.j.w.WebAppContext@5d855451{hddsDatanode,/,null,UNAVAILABLE}{jar:file:/home/user/.m2/repository/org/apache/hadoop/hadoop-hdds-container-service/0.6.0-SNAPSHOT/hadoop-hdds-container-service-0.6.0-SNAPSHOT.jar!/webapps/hddsDatanode}
2020-04-15 04:10:45,303 [main] INFO  server.AbstractConnector (AbstractConnector.java:doStop(380)) - Stopped ServerConnector@1051d062{HTTP/1.1,[http/1.1]}{0.0.0.0:0}
2020-04-15 04:10:45,314 [main] INFO  server.session (HouseKeeper.java:stopScavenging(158)) - node0 Stopped scavenging
2020-04-15 04:10:45,316 [main] INFO  handler.ContextHandler (ContextHandler.java:doStop(1016)) - Stopped o.e.j.s.ServletContextHandler@2a226e89{static,/static,jar:file:/home/user/.m2/repository/org/apache/hadoop/hadoop-hdds-container-service/0.6.0-SNAPSHOT/hadoop-hdds-container-service-0.6.0-SNAPSHOT.jar!/webapps/static,UNAVAILABLE}
2020-04-15 04:10:45,316 [main] INFO  handler.ContextHandler (ContextHandler.java:doStop(1016)) - Stopped o.e.j.s.ServletContextHandler@3cff7199{logs,/logs,file:///github/workspace/hadoop-ozone/integration-test/target/log,UNAVAILABLE}
2020-04-15 04:10:45,328 [main] INFO  ozone.MiniOzoneClusterImpl (MiniOzoneClusterImpl.java:stopSCM(476)) - Stopping the StorageContainerManager
2020-04-15 04:10:45,328 [main] INFO  server.StorageContainerManager (StorageContainerManager.java:stop(816)) - Stopping Replication Manager Service.
2020-04-15 04:10:45,328 [main] INFO  container.ReplicationManager (ReplicationManager.java:stop(206)) - Stopping Replication Monitor Thread.
2020-04-15 04:10:45,328 [main] INFO  server.StorageContainerManager (StorageContainerManager.java:stop(823)) - Stopping Lease Manager of the command watchers
2020-04-15 04:10:45,328 [CommandWatcher-LeaseManager#LeaseMonitor] ERROR lease.LeaseManager (LeaseManager.java:run(238)) - Execution was interrupted 
java.lang.InterruptedException: sleep interrupted
	at java.lang.Thread.sleep(Native Method)
	at org.apache.hadoop.ozone.lease.LeaseManager$LeaseMonitor.run(LeaseManager.java:234)
	at java.lang.Thread.run(Thread.java:748)
2020-04-15 04:10:45,328 [main] INFO  server.StorageContainerManager (StorageContainerManager.java:stop(830)) - Stopping datanode service RPC server
2020-04-15 04:10:45,355 [main] INFO  server.SCMDatanodeProtocolServer (SCMDatanodeProtocolServer.java:stop(361)) - Stopping the RPC server for DataNodes
2020-04-15 04:10:45,355 [main] INFO  ipc.Server (Server.java:stop(3082)) - Stopping server on 40289
2020-04-15 04:10:45,356 [IPC Server listener on 40289] INFO  ipc.Server (Server.java:run(1185)) - Stopping IPC Server listener on 40289
2020-04-15 04:10:45,381 [IPC Server Responder] INFO  ipc.Server (Server.java:run(1319)) - Stopping IPC Server Responder
2020-04-15 04:10:45,479 [SCM Heartbeat Processing Thread - 0] WARN  node.NodeStateManager (NodeStateManager.java:scheduleNextHealthCheck(656)) - Current Thread is interrupted, shutting down HB processing thread for Node Manager.
2020-04-15 04:10:45,512 [main] INFO  server.StorageContainerManager (StorageContainerManager.java:stop(838)) - Stopping block service RPC server
2020-04-15 04:10:45,512 [main] INFO  server.SCMBlockProtocolServer (SCMBlockProtocolServer.java:stop(158)) - Stopping the RPC server for Block Protocol
2020-04-15 04:10:45,512 [main] INFO  ipc.Server (Server.java:stop(3082)) - Stopping server on 42203
2020-04-15 04:10:45,515 [IPC Server listener on 42203] INFO  ipc.Server (Server.java:run(1185)) - Stopping IPC Server listener on 42203
2020-04-15 04:10:45,515 [IPC Server Responder] INFO  ipc.Server (Server.java:run(1319)) - Stopping IPC Server Responder
2020-04-15 04:10:45,516 [main] INFO  server.StorageContainerManager (StorageContainerManager.java:stop(845)) - Stopping the StorageContainerLocationProtocol RPC server
2020-04-15 04:10:45,516 [main] INFO  server.SCMClientProtocolServer (SCMClientProtocolServer.java:stop(164)) - Stopping the RPC server for Client Protocol
2020-04-15 04:10:45,516 [main] INFO  ipc.Server (Server.java:stop(3082)) - Stopping server on 45541
2020-04-15 04:10:45,518 [IPC Server listener on 45541] INFO  ipc.Server (Server.java:run(1185)) - Stopping IPC Server listener on 45541
2020-04-15 04:10:45,519 [IPC Server Responder] INFO  ipc.Server (Server.java:run(1319)) - Stopping IPC Server Responder
2020-04-15 04:10:45,519 [main] INFO  server.StorageContainerManager (StorageContainerManager.java:stop(852)) - Stopping Storage Container Manager HTTP server.
2020-04-15 04:10:45,541 [main] INFO  handler.ContextHandler (ContextHandler.java:doStop(1016)) - Stopped o.e.j.w.WebAppContext@49b99{scm,/,null,UNAVAILABLE}{file:/github/workspace/hadoop-ozone/integration-test/target/test-classes/webapps/scm}
2020-04-15 04:10:45,542 [main] INFO  server.AbstractConnector (AbstractConnector.java:doStop(380)) - Stopped ServerConnector@bb51961{HTTP/1.1,[http/1.1]}{0.0.0.0:0}
2020-04-15 04:10:45,542 [main] INFO  server.session (HouseKeeper.java:stopScavenging(158)) - node0 Stopped scavenging
2020-04-15 04:10:45,543 [main] INFO  handler.ContextHandler (ContextHandler.java:doStop(1016)) - Stopped o.e.j.s.ServletContextHandler@d7b38cf{static,/static,file:///github/workspace/hadoop-ozone/integration-test/target/test-classes/webapps/static,UNAVAILABLE}
2020-04-15 04:10:45,555 [main] INFO  handler.ContextHandler (ContextHandler.java:doStop(1016)) - Stopped o.e.j.s.ServletContextHandler@4ccda6a9{logs,/logs,file:///github/workspace/hadoop-ozone/integration-test/target/log,UNAVAILABLE}
2020-04-15 04:10:45,556 [main] INFO  server.StorageContainerManager (StorageContainerManager.java:stop(863)) - Stopping Block Manager Service.
2020-04-15 04:10:45,556 [main] INFO  utils.BackgroundService (BackgroundService.java:shutdown(157)) - Shutting down service SCMBlockDeletingService
2020-04-15 04:10:45,557 [main] INFO  utils.BackgroundService (BackgroundService.java:shutdown(157)) - Shutting down service SCMBlockDeletingService
2020-04-15 04:10:45,557 [main] INFO  server.StorageContainerManager (StorageContainerManager.java:stop(888)) - Stopping SCM Event Queue.
2020-04-15 04:10:45,596 [main] INFO  impl.MetricsSystemImpl (MetricsSystemImpl.java:stop(210)) - Stopping HddsDatanode metrics system...
2020-04-15 04:10:45,622 [prometheus] INFO  impl.MetricsSinkAdapter (MetricsSinkAdapter.java:publishMetricsFromQueue(141)) - prometheus thread interrupted.
2020-04-15 04:10:45,622 [main] INFO  impl.MetricsSystemImpl (MetricsSystemImpl.java:stop(216)) - HddsDatanode metrics system stopped.
2020-04-15 04:10:45,623 [main] INFO  ozone.MiniOzoneClusterImpl (MiniOzoneClusterImpl.java:shutdown(387)) - Shutting down the Mini Ozone Cluster
2020-04-15 04:10:45,623 [main] INFO  ozone.MiniOzoneHAClusterImpl (MiniOzoneHAClusterImpl.java:stop(238)) - Stopping the OzoneManager omNode-3
2020-04-15 04:10:45,623 [main] INFO  ipc.Server (Server.java:stop(3082)) - Stopping server on 11640
2020-04-15 04:10:45,623 [main] INFO  ozone.MiniOzoneHAClusterImpl (MiniOzoneHAClusterImpl.java:stop(238)) - Stopping the OzoneManager omNode-1
2020-04-15 04:10:45,623 [main] INFO  ipc.Server (Server.java:stop(3082)) - Stopping server on 11628
2020-04-15 04:10:45,624 [main] INFO  ozone.MiniOzoneHAClusterImpl (MiniOzoneHAClusterImpl.java:stop(238)) - Stopping the OzoneManager omNode-2
2020-04-15 04:10:45,624 [main] INFO  ipc.Server (Server.java:stop(3082)) - Stopping server on 11634
2020-04-15 04:10:45,624 [main] INFO  ozone.MiniOzoneClusterImpl (MiniOzoneClusterImpl.java:stop(402)) - Stopping the Mini Ozone Cluster
2020-04-15 04:10:45,624 [main] INFO  ozone.MiniOzoneClusterImpl (MiniOzoneClusterImpl.java:stopDatanodes(461)) - Stopping the HddsDatanodes
2020-04-15 04:10:45,646 [main] INFO  ozone.MiniOzoneClusterImpl (MiniOzoneClusterImpl.java:stopSCM(476)) - Stopping the StorageContainerManager
2020-04-15 04:10:45,647 [main] INFO  server.StorageContainerManager (StorageContainerManager.java:stop(816)) - Stopping Replication Manager Service.
2020-04-15 04:10:45,647 [main] INFO  container.ReplicationManager (ReplicationManager.java:stop(212)) - Replication Monitor Thread is not running.
2020-04-15 04:10:45,647 [main] INFO  server.StorageContainerManager (StorageContainerManager.java:stop(823)) - Stopping Lease Manager of the command watchers
2020-04-15 04:10:45,648 [main] ERROR server.StorageContainerManager (StorageContainerManager.java:stop(826)) - Lease Manager of the command watchers stop failed
2020-04-15 04:10:45,649 [main] INFO  server.StorageContainerManager (StorageContainerManager.java:stop(830)) - Stopping datanode service RPC server
2020-04-15 04:10:45,649 [main] INFO  server.SCMDatanodeProtocolServer (SCMDatanodeProtocolServer.java:stop(361)) - Stopping the RPC server for DataNodes
2020-04-15 04:10:45,650 [main] INFO  ipc.Server (Server.java:stop(3082)) - Stopping server on 40289
2020-04-15 04:10:45,651 [main] INFO  server.StorageContainerManager (StorageContainerManager.java:stop(838)) - Stopping block service RPC server
2020-04-15 04:10:45,652 [main] INFO  server.SCMBlockProtocolServer (SCMBlockProtocolServer.java:stop(158)) - Stopping the RPC server for Block Protocol
2020-04-15 04:10:45,652 [main] INFO  ipc.Server (Server.java:stop(3082)) - Stopping server on 42203
2020-04-15 04:10:45,652 [main] INFO  server.StorageContainerManager (StorageContainerManager.java:stop(845)) - Stopping the StorageContainerLocationProtocol RPC server
2020-04-15 04:10:45,652 [main] INFO  server.SCMClientProtocolServer (SCMClientProtocolServer.java:stop(164)) - Stopping the RPC server for Client Protocol
2020-04-15 04:10:45,652 [main] INFO  ipc.Server (Server.java:stop(3082)) - Stopping server on 45541
2020-04-15 04:10:45,652 [main] INFO  server.StorageContainerManager (StorageContainerManager.java:stop(852)) - Stopping Storage Container Manager HTTP server.
2020-04-15 04:10:45,652 [main] INFO  server.StorageContainerManager (StorageContainerManager.java:stop(863)) - Stopping Block Manager Service.
2020-04-15 04:10:45,653 [main] INFO  utils.BackgroundService (BackgroundService.java:shutdown(157)) - Shutting down service SCMBlockDeletingService
2020-04-15 04:10:45,653 [main] INFO  utils.BackgroundService (BackgroundService.java:shutdown(157)) - Shutting down service SCMBlockDeletingService
2020-04-15 04:10:45,653 [main] INFO  server.StorageContainerManager (StorageContainerManager.java:stop(888)) - Stopping SCM Event Queue.
2020-04-15 04:10:45,653 [main] INFO  impl.MetricsSystemImpl (MetricsSystemImpl.java:stop(205)) - HddsDatanode metrics system stopped (again)
]]></system-out>
    <system-err><![CDATA[ERROR StatusLogger No Log4j 2 configuration file found. Using default configuration (logging only errors to the console), or user programmatically provided configurations. Set system property 'log4j2.debug' to show Log4j 2 internal initialization logging. See https://logging.apache.org/log4j/2.x/manual/configuration.html for instructions on how to configure Log4j 2
Apr 15, 2020 4:07:25 AM org.apache.ratis.thirdparty.io.grpc.netty.NettyServerHandler onStreamError
WARNING: Stream Error
org.apache.ratis.thirdparty.io.netty.handler.codec.http2.Http2Exception$StreamException: Received DATA frame for an unknown stream 5
	at org.apache.ratis.thirdparty.io.netty.handler.codec.http2.Http2Exception.streamError(Http2Exception.java:147)
	at org.apache.ratis.thirdparty.io.netty.handler.codec.http2.DefaultHttp2ConnectionDecoder$FrameReadListener.shouldIgnoreHeadersOrDataFrame(DefaultHttp2ConnectionDecoder.java:591)
	at org.apache.ratis.thirdparty.io.netty.handler.codec.http2.DefaultHttp2ConnectionDecoder$FrameReadListener.onDataRead(DefaultHttp2ConnectionDecoder.java:239)
	at org.apache.ratis.thirdparty.io.netty.handler.codec.http2.Http2InboundFrameLogger$1.onDataRead(Http2InboundFrameLogger.java:48)
	at org.apache.ratis.thirdparty.io.netty.handler.codec.http2.DefaultHttp2FrameReader.readDataFrame(DefaultHttp2FrameReader.java:422)
	at org.apache.ratis.thirdparty.io.netty.handler.codec.http2.DefaultHttp2FrameReader.processPayloadState(DefaultHttp2FrameReader.java:251)
	at org.apache.ratis.thirdparty.io.netty.handler.codec.http2.DefaultHttp2FrameReader.readFrame(DefaultHttp2FrameReader.java:160)
	at org.apache.ratis.thirdparty.io.netty.handler.codec.http2.Http2InboundFrameLogger.readFrame(Http2InboundFrameLogger.java:41)
	at org.apache.ratis.thirdparty.io.netty.handler.codec.http2.DefaultHttp2ConnectionDecoder.decodeFrame(DefaultHttp2ConnectionDecoder.java:174)
	at org.apache.ratis.thirdparty.io.netty.handler.codec.http2.Http2ConnectionHandler$FrameDecoder.decode(Http2ConnectionHandler.java:378)
	at org.apache.ratis.thirdparty.io.netty.handler.codec.http2.Http2ConnectionHandler.decode(Http2ConnectionHandler.java:438)
	at org.apache.ratis.thirdparty.io.netty.handler.codec.ByteToMessageDecoder.decodeRemovalReentryProtection(ByteToMessageDecoder.java:505)
	at org.apache.ratis.thirdparty.io.netty.handler.codec.ByteToMessageDecoder.callDecode(ByteToMessageDecoder.java:444)
	at org.apache.ratis.thirdparty.io.netty.handler.codec.ByteToMessageDecoder.channelRead(ByteToMessageDecoder.java:283)
	at org.apache.ratis.thirdparty.io.netty.channel.AbstractChannelHandlerContext.invokeChannelRead(AbstractChannelHandlerContext.java:374)
	at org.apache.ratis.thirdparty.io.netty.channel.AbstractChannelHandlerContext.invokeChannelRead(AbstractChannelHandlerContext.java:360)
	at org.apache.ratis.thirdparty.io.netty.channel.AbstractChannelHandlerContext.fireChannelRead(AbstractChannelHandlerContext.java:352)
	at org.apache.ratis.thirdparty.io.netty.channel.DefaultChannelPipeline$HeadContext.channelRead(DefaultChannelPipeline.java:1421)
	at org.apache.ratis.thirdparty.io.netty.channel.AbstractChannelHandlerContext.invokeChannelRead(AbstractChannelHandlerContext.java:374)
	at org.apache.ratis.thirdparty.io.netty.channel.AbstractChannelHandlerContext.invokeChannelRead(AbstractChannelHandlerContext.java:360)
	at org.apache.ratis.thirdparty.io.netty.channel.DefaultChannelPipeline.fireChannelRead(DefaultChannelPipeline.java:930)
	at org.apache.ratis.thirdparty.io.netty.channel.nio.AbstractNioByteChannel$NioByteUnsafe.read(AbstractNioByteChannel.java:163)
	at org.apache.ratis.thirdparty.io.netty.channel.nio.NioEventLoop.processSelectedKey(NioEventLoop.java:697)
	at org.apache.ratis.thirdparty.io.netty.channel.nio.NioEventLoop.processSelectedKeysOptimized(NioEventLoop.java:632)
	at org.apache.ratis.thirdparty.io.netty.channel.nio.NioEventLoop.processSelectedKeys(NioEventLoop.java:549)
	at org.apache.ratis.thirdparty.io.netty.channel.nio.NioEventLoop.run(NioEventLoop.java:511)
	at org.apache.ratis.thirdparty.io.netty.util.concurrent.SingleThreadEventExecutor$5.run(SingleThreadEventExecutor.java:918)
	at org.apache.ratis.thirdparty.io.netty.util.internal.ThreadExecutorMap$2.run(ThreadExecutorMap.java:74)
	at org.apache.ratis.thirdparty.io.netty.util.concurrent.FastThreadLocalRunnable.run(FastThreadLocalRunnable.java:30)
	at java.lang.Thread.run(Thread.java:748)

Apr 15, 2020 4:10:38 AM org.apache.ratis.thirdparty.io.grpc.internal.SerializingExecutor run
SEVERE: Exception while executing runnable org.apache.ratis.thirdparty.io.grpc.internal.ServerImpl$JumpToApplicationThreadServerStreamListener$1Closed@44cec5c0
org.apache.ratis.thirdparty.io.grpc.StatusRuntimeException: CANCELLED: call already cancelled
	at org.apache.ratis.thirdparty.io.grpc.Status.asRuntimeException(Status.java:524)
	at org.apache.ratis.thirdparty.io.grpc.stub.ServerCalls$ServerCallStreamObserverImpl.onCompleted(ServerCalls.java:368)
	at org.apache.ratis.grpc.server.GrpcServerProtocolService$ServerRequestStreamObserver.onError(GrpcServerProtocolService.java:145)
	at org.apache.ratis.thirdparty.io.grpc.stub.ServerCalls$StreamingServerCallHandler$StreamingServerCallListener.onCancel(ServerCalls.java:272)
	at org.apache.ratis.thirdparty.io.grpc.internal.ServerCallImpl$ServerStreamListenerImpl.closedInternal(ServerCallImpl.java:353)
	at org.apache.ratis.thirdparty.io.grpc.internal.ServerCallImpl$ServerStreamListenerImpl.closed(ServerCallImpl.java:341)
	at org.apache.ratis.thirdparty.io.grpc.internal.ServerImpl$JumpToApplicationThreadServerStreamListener$1Closed.runInContext(ServerImpl.java:864)
	at org.apache.ratis.thirdparty.io.grpc.internal.ContextRunnable.run(ContextRunnable.java:37)
	at org.apache.ratis.thirdparty.io.grpc.internal.SerializingExecutor.run(SerializingExecutor.java:123)
	at java.util.concurrent.ThreadPoolExecutor.runWorker(ThreadPoolExecutor.java:1149)
	at java.util.concurrent.ThreadPoolExecutor$Worker.run(ThreadPoolExecutor.java:624)
	at java.lang.Thread.run(Thread.java:748)

Apr 15, 2020 4:10:38 AM org.apache.ratis.thirdparty.io.grpc.internal.SerializingExecutor run
SEVERE: Exception while executing runnable org.apache.ratis.thirdparty.io.grpc.internal.ServerImpl$JumpToApplicationThreadServerStreamListener$1Closed@7dc55fea
org.apache.ratis.thirdparty.io.grpc.StatusRuntimeException: CANCELLED: call already cancelled
	at org.apache.ratis.thirdparty.io.grpc.Status.asRuntimeException(Status.java:524)
	at org.apache.ratis.thirdparty.io.grpc.stub.ServerCalls$ServerCallStreamObserverImpl.onCompleted(ServerCalls.java:368)
	at org.apache.ratis.grpc.server.GrpcServerProtocolService$ServerRequestStreamObserver.onError(GrpcServerProtocolService.java:145)
	at org.apache.ratis.thirdparty.io.grpc.stub.ServerCalls$StreamingServerCallHandler$StreamingServerCallListener.onCancel(ServerCalls.java:272)
	at org.apache.ratis.thirdparty.io.grpc.internal.ServerCallImpl$ServerStreamListenerImpl.closedInternal(ServerCallImpl.java:353)
	at org.apache.ratis.thirdparty.io.grpc.internal.ServerCallImpl$ServerStreamListenerImpl.closed(ServerCallImpl.java:341)
	at org.apache.ratis.thirdparty.io.grpc.internal.ServerImpl$JumpToApplicationThreadServerStreamListener$1Closed.runInContext(ServerImpl.java:864)
	at org.apache.ratis.thirdparty.io.grpc.internal.ContextRunnable.run(ContextRunnable.java:37)
	at org.apache.ratis.thirdparty.io.grpc.internal.SerializingExecutor.run(SerializingExecutor.java:123)
	at java.util.concurrent.ThreadPoolExecutor.runWorker(ThreadPoolExecutor.java:1149)
	at java.util.concurrent.ThreadPoolExecutor$Worker.run(ThreadPoolExecutor.java:624)
	at java.lang.Thread.run(Thread.java:748)

]]></system-err>
  </testcase>
</testsuite>